<?xml version="1.0" encoding="UTF-8"?>
<testsuite xmlns:xsi="http://www.w3.org/2001/XMLSchema-instance" xsi:noNamespaceSchemaLocation="https://maven.apache.org/surefire/maven-surefire-plugin/xsd/surefire-test-report-3.0.xsd" version="3.0" name="org.apache.hadoop.ozone.container.TestECContainerRecovery" time="180.63" tests="2" errors="1" skipped="0" failures="0">
  <properties>
    <property name="awt.toolkit" value="sun.awt.X11.XToolkit"/>
    <property name="file.encoding.pkg" value="sun.io"/>
    <property name="java.specification.version" value="1.8"/>
    <property name="sun.cpu.isalist" value=""/>
    <property name="sun.jnu.encoding" value="UTF-8"/>
    <property name="java.class.path" value="/home/runner/work/ozone/ozone/hadoop-ozone/integration-test/target/test-classes:/home/runner/work/ozone/ozone/hadoop-ozone/integration-test/target/classes:/home/runner/.m2/repository/org/apache/ozone/ozone-common/1.4.0-SNAPSHOT/ozone-common-1.4.0-SNAPSHOT.jar:/home/runner/.m2/repository/io/grpc/grpc-netty/1.51.1/grpc-netty-1.51.1.jar:/home/runner/.m2/repository/io/grpc/grpc-core/1.51.1/grpc-core-1.51.1.jar:/home/runner/.m2/repository/com/google/android/annotations/4.1.1.4/annotations-4.1.1.4.jar:/home/runner/.m2/repository/org/codehaus/mojo/animal-sniffer-annotations/1.21/animal-sniffer-annotations-1.21.jar:/home/runner/.m2/repository/com/google/errorprone/error_prone_annotations/2.2.0/error_prone_annotations-2.2.0.jar:/home/runner/.m2/repository/io/perfmark/perfmark-api/0.25.0/perfmark-api-0.25.0.jar:/home/runner/.m2/repository/io/netty/netty-codec-http2/4.1.86.Final/netty-codec-http2-4.1.86.Final.jar:/home/runner/.m2/repository/io/netty/netty-common/4.1.86.Final/netty-common-4.1.86.Final.jar:/home/runner/.m2/repository/io/netty/netty-buffer/4.1.86.Final/netty-buffer-4.1.86.Final.jar:/home/runner/.m2/repository/io/netty/netty-codec-http/4.1.86.Final/netty-codec-http-4.1.86.Final.jar:/home/runner/.m2/repository/io/netty/netty-handler-proxy/4.1.86.Final/netty-handler-proxy-4.1.86.Final.jar:/home/runner/.m2/repository/io/netty/netty-codec-socks/4.1.86.Final/netty-codec-socks-4.1.86.Final.jar:/home/runner/.m2/repository/io/netty/netty-tcnative-boringssl-static/2.0.54.Final/netty-tcnative-boringssl-static-2.0.54.Final.jar:/home/runner/.m2/repository/io/netty/netty-tcnative-classes/2.0.54.Final/netty-tcnative-classes-2.0.54.Final.jar:/home/runner/.m2/repository/io/netty/netty-tcnative-boringssl-static/2.0.54.Final/netty-tcnative-boringssl-static-2.0.54.Final-linux-x86_64.jar:/home/runner/.m2/repository/io/netty/netty-tcnative-boringssl-static/2.0.54.Final/netty-tcnative-boringssl-static-2.0.54.Final-linux-aarch_64.jar:/home/runner/.m2/repository/io/netty/netty-tcnative-boringssl-static/2.0.54.Final/netty-tcnative-boringssl-static-2.0.54.Final-osx-x86_64.jar:/home/runner/.m2/repository/io/netty/netty-tcnative-boringssl-static/2.0.54.Final/netty-tcnative-boringssl-static-2.0.54.Final-osx-aarch_64.jar:/home/runner/.m2/repository/io/netty/netty-tcnative-boringssl-static/2.0.54.Final/netty-tcnative-boringssl-static-2.0.54.Final-windows-x86_64.jar:/home/runner/.m2/repository/org/apache/commons/commons-compress/1.21/commons-compress-1.21.jar:/home/runner/.m2/repository/org/apache/ozone/hdds-common/1.4.0-SNAPSHOT/hdds-common-1.4.0-SNAPSHOT.jar:/home/runner/.m2/repository/org/apache/ozone/hdds-client/1.4.0-SNAPSHOT/hdds-client-1.4.0-SNAPSHOT.jar:/home/runner/.m2/repository/org/apache/ozone/ozone-interface-client/1.4.0-SNAPSHOT/ozone-interface-client-1.4.0-SNAPSHOT.jar:/home/runner/.m2/repository/org/apache/hadoop/hadoop-hdfs-client/3.3.5/hadoop-hdfs-client-3.3.5.jar:/home/runner/.m2/repository/com/squareup/okhttp3/okhttp/4.9.3/okhttp-4.9.3.jar:/home/runner/.m2/repository/com/squareup/okio/okio/2.8.0/okio-2.8.0.jar:/home/runner/.m2/repository/org/jetbrains/kotlin/kotlin-stdlib-common/1.6.21/kotlin-stdlib-common-1.6.21.jar:/home/runner/.m2/repository/org/apache/ozone/hdds-test-utils/1.4.0-SNAPSHOT/hdds-test-utils-1.4.0-SNAPSHOT.jar:/home/runner/.m2/repository/com/google/guava/guava/31.1-jre/guava-31.1-jre.jar:/home/runner/.m2/repository/com/google/guava/failureaccess/1.0.1/failureaccess-1.0.1.jar:/home/runner/.m2/repository/com/google/guava/listenablefuture/9999.0-empty-to-avoid-conflict-with-guava/listenablefuture-9999.0-empty-to-avoid-conflict-with-guava.jar:/home/runner/.m2/repository/com/google/code/findbugs/jsr305/3.0.0/jsr305-3.0.0.jar:/home/runner/.m2/repository/org/checkerframework/checker-qual/3.12.0/checker-qual-3.12.0.jar:/home/runner/.m2/repository/com/google/j2objc/j2objc-annotations/1.3/j2objc-annotations-1.3.jar:/home/runner/.m2/repository/commons-io/commons-io/2.11.0/commons-io-2.11.0.jar:/home/runner/.m2/repository/commons-logging/commons-logging/1.2/commons-logging-1.2.jar:/home/runner/.m2/repository/ch/qos/reload4j/reload4j/1.2.22/reload4j-1.2.22.jar:/home/runner/.m2/repository/org/slf4j/slf4j-api/1.7.36/slf4j-api-1.7.36.jar:/home/runner/.m2/repository/org/apache/ozone/hdds-server-scm/1.4.0-SNAPSHOT/hdds-server-scm-1.4.0-SNAPSHOT.jar:/home/runner/.m2/repository/org/apache/ozone/hdds-container-service/1.4.0-SNAPSHOT/hdds-container-service-1.4.0-SNAPSHOT.jar:/home/runner/.m2/repository/org/apache/ozone/hdds-hadoop-dependency-server/1.4.0-SNAPSHOT/hdds-hadoop-dependency-server-1.4.0-SNAPSHOT.jar:/home/runner/.m2/repository/org/apache/hadoop/hadoop-hdfs/3.3.5/hadoop-hdfs-3.3.5.jar:/home/runner/.m2/repository/commons-daemon/commons-daemon/1.0.13/commons-daemon-1.0.13.jar:/home/runner/.m2/repository/org/apache/ozone/hdds-server-framework/1.4.0-SNAPSHOT/hdds-server-framework-1.4.0-SNAPSHOT.jar:/home/runner/.m2/repository/io/dropwizard/metrics/metrics-core/3.2.4/metrics-core-3.2.4.jar:/home/runner/.m2/repository/org/apache/commons/commons-text/1.4/commons-text-1.4.jar:/home/runner/.m2/repository/org/bouncycastle/bcprov-jdk15on/1.67/bcprov-jdk15on-1.67.jar:/home/runner/.m2/repository/com/google/protobuf/protobuf-java/2.5.0/protobuf-java-2.5.0.jar:/home/runner/.m2/repository/org/apache/ozone/hdds-server-framework/1.4.0-SNAPSHOT/hdds-server-framework-1.4.0-SNAPSHOT-tests.jar:/home/runner/.m2/repository/org/apache/ozone/hdds-interface-server/1.4.0-SNAPSHOT/hdds-interface-server-1.4.0-SNAPSHOT.jar:/home/runner/.m2/repository/org/apache/ozone/hdds-interface-admin/1.4.0-SNAPSHOT/hdds-interface-admin-1.4.0-SNAPSHOT.jar:/home/runner/.m2/repository/org/apache/ozone/hdds-managed-rocksdb/1.4.0-SNAPSHOT/hdds-managed-rocksdb-1.4.0-SNAPSHOT.jar:/home/runner/.m2/repository/org/rocksdb/rocksdbjni/7.7.3/rocksdbjni-7.7.3.jar:/home/runner/.m2/repository/org/slf4j/slf4j-reload4j/1.7.36/slf4j-reload4j-1.7.36.jar:/home/runner/.m2/repository/org/apache/commons/commons-configuration2/2.1.1/commons-configuration2-2.1.1.jar:/home/runner/.m2/repository/org/apache/logging/log4j/log4j-core/2.17.1/log4j-core-2.17.1.jar:/home/runner/.m2/repository/com/lmax/disruptor/3.4.2/disruptor-3.4.2.jar:/home/runner/.m2/repository/org/eclipse/jetty/jetty-util/9.4.51.v20230217/jetty-util-9.4.51.v20230217.jar:/home/runner/.m2/repository/org/eclipse/jetty/jetty-server/9.4.51.v20230217/jetty-server-9.4.51.v20230217.jar:/home/runner/.m2/repository/org/eclipse/jetty/jetty-http/9.4.51.v20230217/jetty-http-9.4.51.v20230217.jar:/home/runner/.m2/repository/org/eclipse/jetty/jetty-io/9.4.51.v20230217/jetty-io-9.4.51.v20230217.jar:/home/runner/.m2/repository/org/eclipse/jetty/jetty-servlet/9.4.51.v20230217/jetty-servlet-9.4.51.v20230217.jar:/home/runner/.m2/repository/org/eclipse/jetty/jetty-security/9.4.51.v20230217/jetty-security-9.4.51.v20230217.jar:/home/runner/.m2/repository/org/eclipse/jetty/jetty-util-ajax/9.4.51.v20230217/jetty-util-ajax-9.4.51.v20230217.jar:/home/runner/.m2/repository/org/eclipse/jetty/jetty-webapp/9.4.51.v20230217/jetty-webapp-9.4.51.v20230217.jar:/home/runner/.m2/repository/org/eclipse/jetty/jetty-xml/9.4.51.v20230217/jetty-xml-9.4.51.v20230217.jar:/home/runner/.m2/repository/org/apache/ratis/ratis-server/2.5.1/ratis-server-2.5.1.jar:/home/runner/.m2/repository/org/apache/ratis/ratis-thirdparty-misc/1.0.4/ratis-thirdparty-misc-1.0.4.jar:/home/runner/.m2/repository/org/apache/ratis/ratis-proto/2.5.1/ratis-proto-2.5.1.jar:/home/runner/.m2/repository/org/apache/ratis/ratis-common/2.5.1/ratis-common-2.5.1.jar:/home/runner/.m2/repository/org/apache/ratis/ratis-client/2.5.1/ratis-client-2.5.1.jar:/home/runner/.m2/repository/org/apache/ratis/ratis-server-api/2.5.1/ratis-server-api-2.5.1.jar:/home/runner/.m2/repository/org/apache/ratis/ratis-metrics/2.5.1/ratis-metrics-2.5.1.jar:/home/runner/.m2/repository/io/prometheus/simpleclient_dropwizard/0.7.0/simpleclient_dropwizard-0.7.0.jar:/home/runner/.m2/repository/io/prometheus/simpleclient/0.7.0/simpleclient-0.7.0.jar:/home/runner/.m2/repository/io/prometheus/simpleclient_common/0.7.0/simpleclient_common-0.7.0.jar:/home/runner/.m2/repository/com/fasterxml/jackson/datatype/jackson-datatype-jsr310/2.13.4/jackson-datatype-jsr310-2.13.4.jar:/home/runner/.m2/repository/com/fasterxml/jackson/core/jackson-core/2.13.4/jackson-core-2.13.4.jar:/home/runner/.m2/repository/com/github/spotbugs/spotbugs-annotations/3.1.12/spotbugs-annotations-3.1.12.jar:/home/runner/.m2/repository/org/apache/ozone/rocksdb-checkpoint-differ/1.4.0-SNAPSHOT/rocksdb-checkpoint-differ-1.4.0-SNAPSHOT.jar:/home/runner/.m2/repository/org/awaitility/awaitility/4.2.0/awaitility-4.2.0.jar:/home/runner/.m2/repository/org/hamcrest/hamcrest/2.1/hamcrest-2.1.jar:/home/runner/.m2/repository/org/apache/ozone/ozone-manager/1.4.0-SNAPSHOT/ozone-manager-1.4.0-SNAPSHOT.jar:/home/runner/.m2/repository/org/aspectj/aspectjrt/1.9.7/aspectjrt-1.9.7.jar:/home/runner/.m2/repository/org/aspectj/aspectjweaver/1.9.7/aspectjweaver-1.9.7.jar:/home/runner/.m2/repository/org/apache/ozone/hdds-interface-client/1.4.0-SNAPSHOT/hdds-interface-client-1.4.0-SNAPSHOT.jar:/home/runner/.m2/repository/org/apache/hadoop/thirdparty/hadoop-shaded-protobuf_3_7/1.1.1/hadoop-shaded-protobuf_3_7-1.1.1.jar:/home/runner/.m2/repository/org/apache/ozone/ozone-interface-storage/1.4.0-SNAPSHOT/ozone-interface-storage-1.4.0-SNAPSHOT.jar:/home/runner/.m2/repository/org/reflections/reflections/0.9.11/reflections-0.9.11.jar:/home/runner/.m2/repository/com/sun/jersey/jersey-client/1.19/jersey-client-1.19.jar:/home/runner/.m2/repository/org/codehaus/jackson/jackson-core-asl/1.9.13/jackson-core-asl-1.9.13.jar:/home/runner/.m2/repository/org/codehaus/jackson/jackson-mapper-asl/1.9.13/jackson-mapper-asl-1.9.13.jar:/home/runner/.m2/repository/org/codehaus/jackson/jackson-jaxrs/1.9.13/jackson-jaxrs-1.9.13.jar:/home/runner/.m2/repository/org/apache/ranger/ranger-intg/2.3.0/ranger-intg-2.3.0.jar:/home/runner/.m2/repository/org/apache/ranger/ranger-plugins-common/2.3.0/ranger-plugins-common-2.3.0.jar:/home/runner/.m2/repository/commons-lang/commons-lang/2.6/commons-lang-2.6.jar:/home/runner/.m2/repository/org/apache/ranger/ranger-plugins-cred/2.3.0/ranger-plugins-cred-2.3.0.jar:/home/runner/.m2/repository/org/apache/ranger/ranger-plugins-audit/2.3.0/ranger-plugins-audit-2.3.0.jar:/home/runner/.m2/repository/org/eclipse/jetty/jetty-client/9.4.51.v20230217/jetty-client-9.4.51.v20230217.jar:/home/runner/.m2/repository/org/apache/httpcomponents/httpmime/4.5.6/httpmime-4.5.6.jar:/home/runner/.m2/repository/org/apache/httpcomponents/httpcore-nio/4.4.13/httpcore-nio-4.4.13.jar:/home/runner/.m2/repository/org/apache/httpcomponents/httpasyncclient/4.1.3/httpasyncclient-4.1.3.jar:/home/runner/.m2/repository/com/carrotsearch/hppc/0.8.0/hppc-0.8.0.jar:/home/runner/.m2/repository/org/apache/orc/orc-core/1.5.8/orc-core-1.5.8.jar:/home/runner/.m2/repository/net/java/dev/jna/jna/5.2.0/jna-5.2.0.jar:/home/runner/.m2/repository/net/java/dev/jna/jna-platform/5.2.0/jna-platform-5.2.0.jar:/home/runner/.m2/repository/com/kstruct/gethostname4j/0.0.2/gethostname4j-0.0.2.jar:/home/runner/.m2/repository/org/apache/ranger/ranger-plugin-classloader/2.3.0/ranger-plugin-classloader-2.3.0.jar:/home/runner/.m2/repository/org/apache/ozone/hdds-rocks-native/1.4.0-SNAPSHOT/hdds-rocks-native-1.4.0-SNAPSHOT.jar:/home/runner/.m2/repository/org/apache/hadoop/hadoop-minikdc/3.3.5/hadoop-minikdc-3.3.5.jar:/home/runner/.m2/repository/org/apache/kerby/kerb-simplekdc/1.0.1/kerb-simplekdc-1.0.1.jar:/home/runner/.m2/repository/org/apache/kerby/kerb-client/1.0.1/kerb-client-1.0.1.jar:/home/runner/.m2/repository/org/apache/kerby/kerby-config/1.0.1/kerby-config-1.0.1.jar:/home/runner/.m2/repository/org/apache/kerby/kerb-common/1.0.1/kerb-common-1.0.1.jar:/home/runner/.m2/repository/org/apache/kerby/kerb-crypto/1.0.1/kerb-crypto-1.0.1.jar:/home/runner/.m2/repository/org/apache/kerby/kerb-util/1.0.1/kerb-util-1.0.1.jar:/home/runner/.m2/repository/org/apache/kerby/token-provider/1.0.1/token-provider-1.0.1.jar:/home/runner/.m2/repository/org/apache/kerby/kerb-admin/1.0.1/kerb-admin-1.0.1.jar:/home/runner/.m2/repository/org/apache/kerby/kerb-server/1.0.1/kerb-server-1.0.1.jar:/home/runner/.m2/repository/org/apache/kerby/kerb-identity/1.0.1/kerb-identity-1.0.1.jar:/home/runner/.m2/repository/org/apache/kerby/kerby-xdr/1.0.1/kerby-xdr-1.0.1.jar:/home/runner/.m2/repository/org/apache/ozone/ozone-s3gateway/1.4.0-SNAPSHOT/ozone-s3gateway-1.4.0-SNAPSHOT.jar:/home/runner/.m2/repository/org/javassist/javassist/3.21.0-GA/javassist-3.21.0-GA.jar:/home/runner/.m2/repository/org/jboss/weld/servlet/weld-servlet-shaded/3.1.9.Final/weld-servlet-shaded-3.1.9.Final.jar:/home/runner/.m2/repository/org/glassfish/jersey/containers/jersey-container-servlet-core/2.34/jersey-container-servlet-core-2.34.jar:/home/runner/.m2/repository/org/glassfish/hk2/external/jakarta.inject/2.6.1/jakarta.inject-2.6.1.jar:/home/runner/.m2/repository/org/glassfish/jersey/core/jersey-common/2.34/jersey-common-2.34.jar:/home/runner/.m2/repository/jakarta/ws/rs/jakarta.ws.rs-api/2.1.6/jakarta.ws.rs-api-2.1.6.jar:/home/runner/.m2/repository/org/glassfish/jersey/ext/cdi/jersey-cdi1x/2.34/jersey-cdi1x-2.34.jar:/home/runner/.m2/repository/org/glassfish/jersey/inject/jersey-hk2/2.34/jersey-hk2-2.34.jar:/home/runner/.m2/repository/org/glassfish/hk2/hk2-locator/2.6.1/hk2-locator-2.6.1.jar:/home/runner/.m2/repository/org/glassfish/jersey/media/jersey-media-jaxb/2.34/jersey-media-jaxb-2.34.jar:/home/runner/.m2/repository/org/glassfish/hk2/osgi-resource-locator/1.0.3/osgi-resource-locator-1.0.3.jar:/home/runner/.m2/repository/org/glassfish/hk2/hk2-api/2.5.0/hk2-api-2.5.0.jar:/home/runner/.m2/repository/org/glassfish/hk2/hk2-utils/2.5.0/hk2-utils-2.5.0.jar:/home/runner/.m2/repository/org/glassfish/hk2/external/aopalliance-repackaged/2.5.0/aopalliance-repackaged-2.5.0.jar:/home/runner/.m2/repository/com/fasterxml/jackson/dataformat/jackson-dataformat-xml/2.13.4/jackson-dataformat-xml-2.13.4.jar:/home/runner/.m2/repository/org/codehaus/woodstox/stax2-api/4.2.1/stax2-api-4.2.1.jar:/home/runner/.m2/repository/com/fasterxml/woodstox/woodstox-core/5.4.0/woodstox-core-5.4.0.jar:/home/runner/.m2/repository/com/fasterxml/jackson/module/jackson-module-jaxb-annotations/2.13.4/jackson-module-jaxb-annotations-2.13.4.jar:/home/runner/.m2/repository/jakarta/xml/bind/jakarta.xml.bind-api/2.3.3/jakarta.xml.bind-api-2.3.3.jar:/home/runner/.m2/repository/jakarta/activation/jakarta.activation-api/1.2.2/jakarta.activation-api-1.2.2.jar:/home/runner/.m2/repository/javax/enterprise/cdi-api/2.0/cdi-api-2.0.jar:/home/runner/.m2/repository/javax/el/javax.el-api/3.0.0/javax.el-api-3.0.0.jar:/home/runner/.m2/repository/javax/interceptor/javax.interceptor-api/1.2/javax.interceptor-api-1.2.jar:/home/runner/.m2/repository/javax/inject/javax.inject/1/javax.inject-1.jar:/home/runner/.m2/repository/javax/xml/bind/jaxb-api/2.3.0/jaxb-api-2.3.0.jar:/home/runner/.m2/repository/org/glassfish/jaxb/jaxb-runtime/2.3.0.1/jaxb-runtime-2.3.0.1.jar:/home/runner/.m2/repository/org/glassfish/jaxb/jaxb-core/2.3.0.1/jaxb-core-2.3.0.1.jar:/home/runner/.m2/repository/org/glassfish/jaxb/txw2/2.3.0.1/txw2-2.3.0.1.jar:/home/runner/.m2/repository/com/sun/istack/istack-commons-runtime/3.0.5/istack-commons-runtime-3.0.5.jar:/home/runner/.m2/repository/org/jvnet/staxex/stax-ex/1.7.8/stax-ex-1.7.8.jar:/home/runner/.m2/repository/com/sun/xml/fastinfoset/FastInfoset/1.2.13/FastInfoset-1.2.13.jar:/home/runner/.m2/repository/javax/activation/activation/1.1.1/activation-1.1.1.jar:/home/runner/.m2/repository/io/grpc/grpc-protobuf/1.51.1/grpc-protobuf-1.51.1.jar:/home/runner/.m2/repository/com/google/api/grpc/proto-google-common-protos/2.9.0/proto-google-common-protos-2.9.0.jar:/home/runner/.m2/repository/io/grpc/grpc-protobuf-lite/1.51.1/grpc-protobuf-lite-1.51.1.jar:/home/runner/.m2/repository/io/grpc/grpc-stub/1.51.1/grpc-stub-1.51.1.jar:/home/runner/.m2/repository/io/netty/netty-transport/4.1.86.Final/netty-transport-4.1.86.Final.jar:/home/runner/.m2/repository/io/netty/netty-resolver/4.1.86.Final/netty-resolver-4.1.86.Final.jar:/home/runner/.m2/repository/org/apache/ozone/ozone-csi/1.4.0-SNAPSHOT/ozone-csi-1.4.0-SNAPSHOT.jar:/home/runner/.m2/repository/com/google/protobuf/protobuf-java-util/3.19.6/protobuf-java-util-3.19.6.jar:/home/runner/.m2/repository/com/google/code/gson/gson/2.9.0/gson-2.9.0.jar:/home/runner/.m2/repository/org/apache/ozone/hdds-config/1.4.0-SNAPSHOT/hdds-config-1.4.0-SNAPSHOT.jar:/home/runner/.m2/repository/io/netty/netty-transport-native-epoll/4.1.86.Final/netty-transport-native-epoll-4.1.86.Final-linux-x86_64.jar:/home/runner/.m2/repository/io/netty/netty-transport-classes-epoll/4.1.86.Final/netty-transport-classes-epoll-4.1.86.Final.jar:/home/runner/.m2/repository/io/netty/netty-transport-native-unix-common/4.1.86.Final/netty-transport-native-unix-common-4.1.86.Final.jar:/home/runner/.m2/repository/org/apache/ozone/ozone-recon/1.4.0-SNAPSHOT/ozone-recon-1.4.0-SNAPSHOT.jar:/home/runner/.m2/repository/org/apache/ozone/ozone-reconcodegen/1.4.0-SNAPSHOT/ozone-reconcodegen-1.4.0-SNAPSHOT.jar:/home/runner/.m2/repository/com/google/inject/guice/5.1.0/guice-5.1.0.jar:/home/runner/.m2/repository/aopalliance/aopalliance/1.0/aopalliance-1.0.jar:/home/runner/.m2/repository/com/google/inject/extensions/guice-assistedinject/5.1.0/guice-assistedinject-5.1.0.jar:/home/runner/.m2/repository/com/google/inject/extensions/guice-servlet/5.1.0/guice-servlet-5.1.0.jar:/home/runner/.m2/repository/org/glassfish/jersey/containers/jersey-container-servlet/2.34/jersey-container-servlet-2.34.jar:/home/runner/.m2/repository/org/glassfish/hk2/guice-bridge/2.5.0/guice-bridge-2.5.0.jar:/home/runner/.m2/repository/org/glassfish/jersey/core/jersey-server/2.34/jersey-server-2.34.jar:/home/runner/.m2/repository/org/glassfish/jersey/core/jersey-client/2.34/jersey-client-2.34.jar:/home/runner/.m2/repository/jakarta/annotation/jakarta.annotation-api/1.3.5/jakarta.annotation-api-1.3.5.jar:/home/runner/.m2/repository/jakarta/validation/jakarta.validation-api/2.0.2/jakarta.validation-api-2.0.2.jar:/home/runner/.m2/repository/org/glassfish/jersey/media/jersey-media-json-jackson/2.34/jersey-media-json-jackson-2.34.jar:/home/runner/.m2/repository/org/glassfish/jersey/ext/jersey-entity-filtering/2.34/jersey-entity-filtering-2.34.jar:/home/runner/.m2/repository/org/jooq/jooq/3.11.10/jooq-3.11.10.jar:/home/runner/.m2/repository/org/jooq/jooq-meta/3.11.10/jooq-meta-3.11.10.jar:/home/runner/.m2/repository/org/jooq/jooq-codegen/3.11.10/jooq-codegen-3.11.10.jar:/home/runner/.m2/repository/com/jolbox/bonecp/0.8.0.RELEASE/bonecp-0.8.0.RELEASE.jar:/home/runner/.m2/repository/org/apache/derby/derby/10.14.2.0/derby-10.14.2.0.jar:/home/runner/.m2/repository/org/xerial/sqlite-jdbc/3.41.2.2/sqlite-jdbc-3.41.2.2.jar:/home/runner/.m2/repository/org/springframework/spring-jdbc/5.3.27/spring-jdbc-5.3.27.jar:/home/runner/.m2/repository/org/springframework/spring-beans/5.3.27/spring-beans-5.3.27.jar:/home/runner/.m2/repository/org/springframework/spring-core/5.3.27/spring-core-5.3.27.jar:/home/runner/.m2/repository/org/springframework/spring-tx/5.3.27/spring-tx-5.3.27.jar:/home/runner/.m2/repository/org/apache/ozone/ozone-client/1.4.0-SNAPSHOT/ozone-client-1.4.0-SNAPSHOT.jar:/home/runner/.m2/repository/org/apache/ozone/hdds-erasurecode/1.4.0-SNAPSHOT/hdds-erasurecode-1.4.0-SNAPSHOT.jar:/home/runner/.m2/repository/org/apache/ozone/ozone-filesystem/1.4.0-SNAPSHOT/ozone-filesystem-1.4.0-SNAPSHOT.jar:/home/runner/.m2/repository/org/apache/ozone/ozone-filesystem-common/1.4.0-SNAPSHOT/ozone-filesystem-common-1.4.0-SNAPSHOT.jar:/home/runner/.m2/repository/org/apache/ozone/ozone-tools/1.4.0-SNAPSHOT/ozone-tools-1.4.0-SNAPSHOT.jar:/home/runner/.m2/repository/com/amazonaws/aws-java-sdk-core/1.12.261/aws-java-sdk-core-1.12.261.jar:/home/runner/.m2/repository/org/apache/httpcomponents/httpclient/4.5.13/httpclient-4.5.13.jar:/home/runner/.m2/repository/org/apache/httpcomponents/httpcore/4.4.13/httpcore-4.4.13.jar:/home/runner/.m2/repository/software/amazon/ion/ion-java/1.0.2/ion-java-1.0.2.jar:/home/runner/.m2/repository/com/fasterxml/jackson/dataformat/jackson-dataformat-cbor/2.13.4/jackson-dataformat-cbor-2.13.4.jar:/home/runner/.m2/repository/joda-time/joda-time/2.10.6/joda-time-2.10.6.jar:/home/runner/.m2/repository/com/amazonaws/aws-java-sdk-s3/1.12.261/aws-java-sdk-s3-1.12.261.jar:/home/runner/.m2/repository/com/amazonaws/aws-java-sdk-kms/1.12.261/aws-java-sdk-kms-1.12.261.jar:/home/runner/.m2/repository/com/amazonaws/jmespath-java/1.12.261/jmespath-java-1.12.261.jar:/home/runner/.m2/repository/org/kohsuke/metainf-services/metainf-services/1.8/metainf-services-1.8.jar:/home/runner/.m2/repository/org/apache/ozone/hdds-tools/1.4.0-SNAPSHOT/hdds-tools-1.4.0-SNAPSHOT.jar:/home/runner/.m2/repository/org/apache/ratis/ratis-tools/2.5.1/ratis-tools-2.5.1.jar:/home/runner/.m2/repository/commons-cli/commons-cli/1.2/commons-cli-1.2.jar:/home/runner/.m2/repository/org/apache/commons/commons-lang3/3.7/commons-lang3-3.7.jar:/home/runner/.m2/repository/org/apache/ozone/ozone-manager/1.4.0-SNAPSHOT/ozone-manager-1.4.0-SNAPSHOT-tests.jar:/home/runner/.m2/repository/org/apache/ozone/hdds-common/1.4.0-SNAPSHOT/hdds-common-1.4.0-SNAPSHOT-tests.jar:/home/runner/.m2/repository/org/apache/ozone/hdds-hadoop-dependency-client/1.4.0-SNAPSHOT/hdds-hadoop-dependency-client-1.4.0-SNAPSHOT.jar:/home/runner/.m2/repository/info/picocli/picocli/4.6.1/picocli-4.6.1.jar:/home/runner/.m2/repository/com/fasterxml/jackson/core/jackson-annotations/2.13.4/jackson-annotations-2.13.4.jar:/home/runner/.m2/repository/org/apache/ozone/hdds-annotation-processing/1.4.0-SNAPSHOT/hdds-annotation-processing-1.4.0-SNAPSHOT.jar:/home/runner/.m2/repository/javax/annotation/javax.annotation-api/1.2/javax.annotation-api-1.2.jar:/home/runner/.m2/repository/org/apache/ratis/ratis-netty/2.5.1/ratis-netty-2.5.1.jar:/home/runner/.m2/repository/org/apache/ratis/ratis-grpc/2.5.1/ratis-grpc-2.5.1.jar:/home/runner/.m2/repository/org/apache/logging/log4j/log4j-api/2.17.1/log4j-api-2.17.1.jar:/home/runner/.m2/repository/org/apache/commons/commons-pool2/2.6.0/commons-pool2-2.6.0.jar:/home/runner/.m2/repository/org/bouncycastle/bcpkix-jdk15on/1.67/bcpkix-jdk15on-1.67.jar:/home/runner/.m2/repository/commons-validator/commons-validator/1.6/commons-validator-1.6.jar:/home/runner/.m2/repository/commons-beanutils/commons-beanutils/1.9.4/commons-beanutils-1.9.4.jar:/home/runner/.m2/repository/commons-digester/commons-digester/1.8.1/commons-digester-1.8.1.jar:/home/runner/.m2/repository/commons-collections/commons-collections/3.2.2/commons-collections-3.2.2.jar:/home/runner/.m2/repository/io/jaegertracing/jaeger-client/1.6.0/jaeger-client-1.6.0.jar:/home/runner/.m2/repository/io/jaegertracing/jaeger-thrift/1.6.0/jaeger-thrift-1.6.0.jar:/home/runner/.m2/repository/org/apache/thrift/libthrift/0.14.1/libthrift-0.14.1.jar:/home/runner/.m2/repository/io/jaegertracing/jaeger-core/1.6.0/jaeger-core-1.6.0.jar:/home/runner/.m2/repository/io/jaegertracing/jaeger-tracerresolver/1.6.0/jaeger-tracerresolver-1.6.0.jar:/home/runner/.m2/repository/io/opentracing/contrib/opentracing-tracerresolver/0.1.8/opentracing-tracerresolver-0.1.8.jar:/home/runner/.m2/repository/org/jetbrains/kotlin/kotlin-stdlib/1.6.21/kotlin-stdlib-1.6.21.jar:/home/runner/.m2/repository/org/jetbrains/annotations/13.0/annotations-13.0.jar:/home/runner/.m2/repository/io/opentracing/opentracing-util/0.33.0/opentracing-util-0.33.0.jar:/home/runner/.m2/repository/io/opentracing/opentracing-api/0.33.0/opentracing-api-0.33.0.jar:/home/runner/.m2/repository/io/opentracing/opentracing-noop/0.33.0/opentracing-noop-0.33.0.jar:/home/runner/.m2/repository/org/yaml/snakeyaml/2.0/snakeyaml-2.0.jar:/home/runner/.m2/repository/io/grpc/grpc-api/1.51.1/grpc-api-1.51.1.jar:/home/runner/.m2/repository/io/grpc/grpc-context/1.51.1/grpc-context-1.51.1.jar:/home/runner/.m2/repository/junit/junit/4.13.1/junit-4.13.1.jar:/home/runner/.m2/repository/org/hamcrest/hamcrest-core/1.3/hamcrest-core-1.3.jar:/home/runner/.m2/repository/org/junit/jupiter/junit-jupiter-api/5.8.2/junit-jupiter-api-5.8.2.jar:/home/runner/.m2/repository/org/opentest4j/opentest4j/1.2.0/opentest4j-1.2.0.jar:/home/runner/.m2/repository/org/junit/platform/junit-platform-commons/1.8.2/junit-platform-commons-1.8.2.jar:/home/runner/.m2/repository/org/apiguardian/apiguardian-api/1.1.2/apiguardian-api-1.1.2.jar:/home/runner/.m2/repository/org/junit/jupiter/junit-jupiter-params/5.8.2/junit-jupiter-params-5.8.2.jar:/home/runner/.m2/repository/org/junit/jupiter/junit-jupiter-migrationsupport/5.8.2/junit-jupiter-migrationsupport-5.8.2.jar:/home/runner/.m2/repository/org/junit/jupiter/junit-jupiter-engine/5.8.2/junit-jupiter-engine-5.8.2.jar:/home/runner/.m2/repository/org/junit/platform/junit-platform-engine/1.8.2/junit-platform-engine-1.8.2.jar:/home/runner/.m2/repository/org/junit/vintage/junit-vintage-engine/5.8.2/junit-vintage-engine-5.8.2.jar:/home/runner/.m2/repository/org/junit/platform/junit-platform-launcher/1.8.2/junit-platform-launcher-1.8.2.jar:/home/runner/.m2/repository/org/mockito/mockito-core/2.28.2/mockito-core-2.28.2.jar:/home/runner/.m2/repository/net/bytebuddy/byte-buddy/1.9.10/byte-buddy-1.9.10.jar:/home/runner/.m2/repository/net/bytebuddy/byte-buddy-agent/1.9.10/byte-buddy-agent-1.9.10.jar:/home/runner/.m2/repository/org/objenesis/objenesis/1.0/objenesis-1.0.jar:/home/runner/.m2/repository/org/apache/hadoop/hadoop-kms/3.3.5/hadoop-kms-3.3.5.jar:/home/runner/.m2/repository/org/apache/hadoop/hadoop-auth/3.3.5/hadoop-auth-3.3.5.jar:/home/runner/.m2/repository/com/nimbusds/nimbus-jose-jwt/9.8.1/nimbus-jose-jwt-9.8.1.jar:/home/runner/.m2/repository/com/github/stephenc/jcip/jcip-annotations/1.0-1/jcip-annotations-1.0-1.jar:/home/runner/.m2/repository/net/minidev/json-smart/2.4.7/json-smart-2.4.7.jar:/home/runner/.m2/repository/net/minidev/accessors-smart/2.4.7/accessors-smart-2.4.7.jar:/home/runner/.m2/repository/org/ow2/asm/asm/5.0.4/asm-5.0.4.jar:/home/runner/.m2/repository/org/apache/zookeeper/zookeeper/3.5.6/zookeeper-3.5.6.jar:/home/runner/.m2/repository/org/apache/zookeeper/zookeeper-jute/3.5.6/zookeeper-jute-3.5.6.jar:/home/runner/.m2/repository/org/apache/yetus/audience-annotations/0.5.0/audience-annotations-0.5.0.jar:/home/runner/.m2/repository/org/apache/curator/curator-framework/4.2.0/curator-framework-4.2.0.jar:/home/runner/.m2/repository/org/apache/hadoop/thirdparty/hadoop-shaded-guava/1.1.1/hadoop-shaded-guava-1.1.1.jar:/home/runner/.m2/repository/com/sun/jersey/jersey-core/1.19/jersey-core-1.19.jar:/home/runner/.m2/repository/javax/ws/rs/jsr311-api/1.1.1/jsr311-api-1.1.1.jar:/home/runner/.m2/repository/com/sun/jersey/jersey-server/1.19/jersey-server-1.19.jar:/home/runner/.m2/repository/javax/servlet/javax.servlet-api/3.1.0/javax.servlet-api-3.1.0.jar:/home/runner/.m2/repository/org/apache/hadoop/hadoop-common/3.3.5/hadoop-common-3.3.5.jar:/home/runner/.m2/repository/org/apache/commons/commons-math3/3.1.1/commons-math3-3.1.1.jar:/home/runner/.m2/repository/commons-net/commons-net/3.9.0/commons-net-3.9.0.jar:/home/runner/.m2/repository/com/sun/jersey/jersey-servlet/1.19/jersey-servlet-1.19.jar:/home/runner/.m2/repository/com/github/pjfanning/jersey-json/1.20/jersey-json-1.20.jar:/home/runner/.m2/repository/org/codehaus/jettison/jettison/1.1/jettison-1.1.jar:/home/runner/.m2/repository/com/sun/xml/bind/jaxb-impl/2.2.3-1/jaxb-impl-2.2.3-1.jar:/home/runner/.m2/repository/com/google/re2j/re2j/1.1/re2j-1.1.jar:/home/runner/.m2/repository/com/jcraft/jsch/0.1.54/jsch-0.1.54.jar:/home/runner/.m2/repository/org/apache/curator/curator-client/4.2.0/curator-client-4.2.0.jar:/home/runner/.m2/repository/org/apache/curator/curator-recipes/4.2.0/curator-recipes-4.2.0.jar:/home/runner/.m2/repository/org/apache/kerby/kerb-core/1.0.1/kerb-core-1.0.1.jar:/home/runner/.m2/repository/org/apache/kerby/kerby-pkix/1.0.1/kerby-pkix-1.0.1.jar:/home/runner/.m2/repository/org/apache/kerby/kerby-asn1/1.0.1/kerby-asn1-1.0.1.jar:/home/runner/.m2/repository/org/apache/kerby/kerby-util/1.0.1/kerby-util-1.0.1.jar:/home/runner/.m2/repository/dnsjava/dnsjava/2.1.7/dnsjava-2.1.7.jar:/home/runner/.m2/repository/org/xerial/snappy/snappy-java/1.1.8.2/snappy-java-1.1.8.2.jar:/home/runner/.m2/repository/com/fasterxml/jackson/core/jackson-databind/2.13.4.2/jackson-databind-2.13.4.2.jar:/home/runner/.m2/repository/org/apache/hadoop/hadoop-kms/3.3.5/hadoop-kms-3.3.5-tests.jar:/home/runner/.m2/repository/org/apache/ozone/hdds-server-scm/1.4.0-SNAPSHOT/hdds-server-scm-1.4.0-SNAPSHOT-tests.jar:/home/runner/.m2/repository/org/apache/ozone/hdds-container-service/1.4.0-SNAPSHOT/hdds-container-service-1.4.0-SNAPSHOT-tests.jar:/home/runner/.m2/repository/com/github/luben/zstd-jni/1.5.2-5/zstd-jni-1.5.2-5.jar:/home/runner/.m2/repository/commons-codec/commons-codec/1.15/commons-codec-1.15.jar:/home/runner/.m2/repository/io/netty/netty-codec/4.1.86.Final/netty-codec-4.1.86.Final.jar:/home/runner/.m2/repository/io/netty/netty-handler/4.1.86.Final/netty-handler-4.1.86.Final.jar:/home/runner/.m2/repository/org/apache/ozone/hdds-hadoop-dependency-test/1.4.0-SNAPSHOT/hdds-hadoop-dependency-test-1.4.0-SNAPSHOT.jar:/home/runner/.m2/repository/org/apache/hadoop/hadoop-common/3.3.5/hadoop-common-3.3.5-tests.jar:/home/runner/.m2/repository/org/apache/hadoop/hadoop-hdfs/3.3.5/hadoop-hdfs-3.3.5-tests.jar:/home/runner/.m2/repository/org/assertj/assertj-core/3.12.2/assertj-core-3.12.2.jar:/home/runner/.m2/repository/org/apache/hadoop/hadoop-distcp/3.3.5/hadoop-distcp-3.3.5.jar:/home/runner/.m2/repository/org/apache/hadoop/hadoop-mapreduce-client-jobclient/3.3.5/hadoop-mapreduce-client-jobclient-3.3.5.jar:/home/runner/.m2/repository/org/apache/hadoop/hadoop-mapreduce-client-common/3.3.5/hadoop-mapreduce-client-common-3.3.5.jar:/home/runner/.m2/repository/org/apache/hadoop/hadoop-yarn-common/3.3.5/hadoop-yarn-common-3.3.5.jar:/home/runner/.m2/repository/org/apache/hadoop/hadoop-yarn-api/3.3.5/hadoop-yarn-api-3.3.5.jar:/home/runner/.m2/repository/com/sun/jersey/contribs/jersey-guice/1.19/jersey-guice-1.19.jar:/home/runner/.m2/repository/com/fasterxml/jackson/jaxrs/jackson-jaxrs-json-provider/2.13.4/jackson-jaxrs-json-provider-2.13.4.jar:/home/runner/.m2/repository/com/fasterxml/jackson/jaxrs/jackson-jaxrs-base/2.13.4/jackson-jaxrs-base-2.13.4.jar:/home/runner/.m2/repository/org/apache/hadoop/hadoop-yarn-client/3.3.5/hadoop-yarn-client-3.3.5.jar:/home/runner/.m2/repository/org/eclipse/jetty/websocket/websocket-client/9.4.48.v20220622/websocket-client-9.4.48.v20220622.jar:/home/runner/.m2/repository/org/eclipse/jetty/websocket/websocket-common/9.4.48.v20220622/websocket-common-9.4.48.v20220622.jar:/home/runner/.m2/repository/org/eclipse/jetty/websocket/websocket-api/9.4.48.v20220622/websocket-api-9.4.48.v20220622.jar:/home/runner/.m2/repository/org/jline/jline/3.9.0/jline-3.9.0.jar:/home/runner/.m2/repository/org/apache/hadoop/hadoop-mapreduce-client-core/3.3.5/hadoop-mapreduce-client-core-3.3.5.jar:/home/runner/.m2/repository/org/apache/avro/avro/1.7.7/avro-1.7.7.jar:/home/runner/.m2/repository/com/thoughtworks/paranamer/paranamer/2.3/paranamer-2.3.jar:/home/runner/.m2/repository/org/apache/hadoop/hadoop-annotations/3.3.5/hadoop-annotations-3.3.5.jar:/usr/lib/jvm/temurin-8-jdk-amd64/jre/../lib/tools.jar:/home/runner/.m2/repository/io/netty/netty/3.10.6.Final/netty-3.10.6.Final.jar:/home/runner/.m2/repository/org/apache/hadoop/hadoop-distcp/3.3.5/hadoop-distcp-3.3.5-tests.jar:/home/runner/.m2/repository/org/slf4j/jul-to-slf4j/1.7.36/jul-to-slf4j-1.7.36.jar:"/>
    <property name="java.vm.vendor" value="Temurin"/>
    <property name="sun.arch.data.model" value="64"/>
    <property name="test.build.dir" value="/home/runner/work/ozone/ozone/hadoop-ozone/integration-test/target/test-dir"/>
    <property name="test.cache.data" value=""/>
    <property name="java.vendor.url" value="https://adoptium.net/"/>
    <property name="user.timezone" value="Etc/UTC"/>
    <property name="java.vm.specification.version" value="1.8"/>
    <property name="os.name" value="Linux"/>
    <property name="test.build.data" value="/home/runner/work/ozone/ozone/hadoop-ozone/integration-test/target/test-dir"/>
    <property name="sun.java.launcher" value="SUN_STANDARD"/>
    <property name="sun.boot.library.path" value="/usr/lib/jvm/temurin-8-jdk-amd64/jre/lib/amd64"/>
    <property name="sun.java.command" value="/home/runner/work/ozone/ozone/hadoop-ozone/integration-test/target/surefire/surefirebooter2828864916390922220.jar /home/runner/work/ozone/ozone/hadoop-ozone/integration-test/target/surefire 2023-06-01T19-01-15_591-jvmRun1 surefire1891430152632576052tmp surefire_111572114012895087556tmp"/>
    <property name="surefire.test.class.path" value="/home/runner/work/ozone/ozone/hadoop-ozone/integration-test/target/test-classes:/home/runner/work/ozone/ozone/hadoop-ozone/integration-test/target/classes:/home/runner/.m2/repository/org/apache/ozone/ozone-common/1.4.0-SNAPSHOT/ozone-common-1.4.0-SNAPSHOT.jar:/home/runner/.m2/repository/io/grpc/grpc-netty/1.51.1/grpc-netty-1.51.1.jar:/home/runner/.m2/repository/io/grpc/grpc-core/1.51.1/grpc-core-1.51.1.jar:/home/runner/.m2/repository/com/google/android/annotations/4.1.1.4/annotations-4.1.1.4.jar:/home/runner/.m2/repository/org/codehaus/mojo/animal-sniffer-annotations/1.21/animal-sniffer-annotations-1.21.jar:/home/runner/.m2/repository/com/google/errorprone/error_prone_annotations/2.2.0/error_prone_annotations-2.2.0.jar:/home/runner/.m2/repository/io/perfmark/perfmark-api/0.25.0/perfmark-api-0.25.0.jar:/home/runner/.m2/repository/io/netty/netty-codec-http2/4.1.86.Final/netty-codec-http2-4.1.86.Final.jar:/home/runner/.m2/repository/io/netty/netty-common/4.1.86.Final/netty-common-4.1.86.Final.jar:/home/runner/.m2/repository/io/netty/netty-buffer/4.1.86.Final/netty-buffer-4.1.86.Final.jar:/home/runner/.m2/repository/io/netty/netty-codec-http/4.1.86.Final/netty-codec-http-4.1.86.Final.jar:/home/runner/.m2/repository/io/netty/netty-handler-proxy/4.1.86.Final/netty-handler-proxy-4.1.86.Final.jar:/home/runner/.m2/repository/io/netty/netty-codec-socks/4.1.86.Final/netty-codec-socks-4.1.86.Final.jar:/home/runner/.m2/repository/io/netty/netty-tcnative-boringssl-static/2.0.54.Final/netty-tcnative-boringssl-static-2.0.54.Final.jar:/home/runner/.m2/repository/io/netty/netty-tcnative-classes/2.0.54.Final/netty-tcnative-classes-2.0.54.Final.jar:/home/runner/.m2/repository/io/netty/netty-tcnative-boringssl-static/2.0.54.Final/netty-tcnative-boringssl-static-2.0.54.Final-linux-x86_64.jar:/home/runner/.m2/repository/io/netty/netty-tcnative-boringssl-static/2.0.54.Final/netty-tcnative-boringssl-static-2.0.54.Final-linux-aarch_64.jar:/home/runner/.m2/repository/io/netty/netty-tcnative-boringssl-static/2.0.54.Final/netty-tcnative-boringssl-static-2.0.54.Final-osx-x86_64.jar:/home/runner/.m2/repository/io/netty/netty-tcnative-boringssl-static/2.0.54.Final/netty-tcnative-boringssl-static-2.0.54.Final-osx-aarch_64.jar:/home/runner/.m2/repository/io/netty/netty-tcnative-boringssl-static/2.0.54.Final/netty-tcnative-boringssl-static-2.0.54.Final-windows-x86_64.jar:/home/runner/.m2/repository/org/apache/commons/commons-compress/1.21/commons-compress-1.21.jar:/home/runner/.m2/repository/org/apache/ozone/hdds-common/1.4.0-SNAPSHOT/hdds-common-1.4.0-SNAPSHOT.jar:/home/runner/.m2/repository/org/apache/ozone/hdds-client/1.4.0-SNAPSHOT/hdds-client-1.4.0-SNAPSHOT.jar:/home/runner/.m2/repository/org/apache/ozone/ozone-interface-client/1.4.0-SNAPSHOT/ozone-interface-client-1.4.0-SNAPSHOT.jar:/home/runner/.m2/repository/org/apache/hadoop/hadoop-hdfs-client/3.3.5/hadoop-hdfs-client-3.3.5.jar:/home/runner/.m2/repository/com/squareup/okhttp3/okhttp/4.9.3/okhttp-4.9.3.jar:/home/runner/.m2/repository/com/squareup/okio/okio/2.8.0/okio-2.8.0.jar:/home/runner/.m2/repository/org/jetbrains/kotlin/kotlin-stdlib-common/1.6.21/kotlin-stdlib-common-1.6.21.jar:/home/runner/.m2/repository/org/apache/ozone/hdds-test-utils/1.4.0-SNAPSHOT/hdds-test-utils-1.4.0-SNAPSHOT.jar:/home/runner/.m2/repository/com/google/guava/guava/31.1-jre/guava-31.1-jre.jar:/home/runner/.m2/repository/com/google/guava/failureaccess/1.0.1/failureaccess-1.0.1.jar:/home/runner/.m2/repository/com/google/guava/listenablefuture/9999.0-empty-to-avoid-conflict-with-guava/listenablefuture-9999.0-empty-to-avoid-conflict-with-guava.jar:/home/runner/.m2/repository/com/google/code/findbugs/jsr305/3.0.0/jsr305-3.0.0.jar:/home/runner/.m2/repository/org/checkerframework/checker-qual/3.12.0/checker-qual-3.12.0.jar:/home/runner/.m2/repository/com/google/j2objc/j2objc-annotations/1.3/j2objc-annotations-1.3.jar:/home/runner/.m2/repository/commons-io/commons-io/2.11.0/commons-io-2.11.0.jar:/home/runner/.m2/repository/commons-logging/commons-logging/1.2/commons-logging-1.2.jar:/home/runner/.m2/repository/ch/qos/reload4j/reload4j/1.2.22/reload4j-1.2.22.jar:/home/runner/.m2/repository/org/slf4j/slf4j-api/1.7.36/slf4j-api-1.7.36.jar:/home/runner/.m2/repository/org/apache/ozone/hdds-server-scm/1.4.0-SNAPSHOT/hdds-server-scm-1.4.0-SNAPSHOT.jar:/home/runner/.m2/repository/org/apache/ozone/hdds-container-service/1.4.0-SNAPSHOT/hdds-container-service-1.4.0-SNAPSHOT.jar:/home/runner/.m2/repository/org/apache/ozone/hdds-hadoop-dependency-server/1.4.0-SNAPSHOT/hdds-hadoop-dependency-server-1.4.0-SNAPSHOT.jar:/home/runner/.m2/repository/org/apache/hadoop/hadoop-hdfs/3.3.5/hadoop-hdfs-3.3.5.jar:/home/runner/.m2/repository/commons-daemon/commons-daemon/1.0.13/commons-daemon-1.0.13.jar:/home/runner/.m2/repository/org/apache/ozone/hdds-server-framework/1.4.0-SNAPSHOT/hdds-server-framework-1.4.0-SNAPSHOT.jar:/home/runner/.m2/repository/io/dropwizard/metrics/metrics-core/3.2.4/metrics-core-3.2.4.jar:/home/runner/.m2/repository/org/apache/commons/commons-text/1.4/commons-text-1.4.jar:/home/runner/.m2/repository/org/bouncycastle/bcprov-jdk15on/1.67/bcprov-jdk15on-1.67.jar:/home/runner/.m2/repository/com/google/protobuf/protobuf-java/2.5.0/protobuf-java-2.5.0.jar:/home/runner/.m2/repository/org/apache/ozone/hdds-server-framework/1.4.0-SNAPSHOT/hdds-server-framework-1.4.0-SNAPSHOT-tests.jar:/home/runner/.m2/repository/org/apache/ozone/hdds-interface-server/1.4.0-SNAPSHOT/hdds-interface-server-1.4.0-SNAPSHOT.jar:/home/runner/.m2/repository/org/apache/ozone/hdds-interface-admin/1.4.0-SNAPSHOT/hdds-interface-admin-1.4.0-SNAPSHOT.jar:/home/runner/.m2/repository/org/apache/ozone/hdds-managed-rocksdb/1.4.0-SNAPSHOT/hdds-managed-rocksdb-1.4.0-SNAPSHOT.jar:/home/runner/.m2/repository/org/rocksdb/rocksdbjni/7.7.3/rocksdbjni-7.7.3.jar:/home/runner/.m2/repository/org/slf4j/slf4j-reload4j/1.7.36/slf4j-reload4j-1.7.36.jar:/home/runner/.m2/repository/org/apache/commons/commons-configuration2/2.1.1/commons-configuration2-2.1.1.jar:/home/runner/.m2/repository/org/apache/logging/log4j/log4j-core/2.17.1/log4j-core-2.17.1.jar:/home/runner/.m2/repository/com/lmax/disruptor/3.4.2/disruptor-3.4.2.jar:/home/runner/.m2/repository/org/eclipse/jetty/jetty-util/9.4.51.v20230217/jetty-util-9.4.51.v20230217.jar:/home/runner/.m2/repository/org/eclipse/jetty/jetty-server/9.4.51.v20230217/jetty-server-9.4.51.v20230217.jar:/home/runner/.m2/repository/org/eclipse/jetty/jetty-http/9.4.51.v20230217/jetty-http-9.4.51.v20230217.jar:/home/runner/.m2/repository/org/eclipse/jetty/jetty-io/9.4.51.v20230217/jetty-io-9.4.51.v20230217.jar:/home/runner/.m2/repository/org/eclipse/jetty/jetty-servlet/9.4.51.v20230217/jetty-servlet-9.4.51.v20230217.jar:/home/runner/.m2/repository/org/eclipse/jetty/jetty-security/9.4.51.v20230217/jetty-security-9.4.51.v20230217.jar:/home/runner/.m2/repository/org/eclipse/jetty/jetty-util-ajax/9.4.51.v20230217/jetty-util-ajax-9.4.51.v20230217.jar:/home/runner/.m2/repository/org/eclipse/jetty/jetty-webapp/9.4.51.v20230217/jetty-webapp-9.4.51.v20230217.jar:/home/runner/.m2/repository/org/eclipse/jetty/jetty-xml/9.4.51.v20230217/jetty-xml-9.4.51.v20230217.jar:/home/runner/.m2/repository/org/apache/ratis/ratis-server/2.5.1/ratis-server-2.5.1.jar:/home/runner/.m2/repository/org/apache/ratis/ratis-thirdparty-misc/1.0.4/ratis-thirdparty-misc-1.0.4.jar:/home/runner/.m2/repository/org/apache/ratis/ratis-proto/2.5.1/ratis-proto-2.5.1.jar:/home/runner/.m2/repository/org/apache/ratis/ratis-common/2.5.1/ratis-common-2.5.1.jar:/home/runner/.m2/repository/org/apache/ratis/ratis-client/2.5.1/ratis-client-2.5.1.jar:/home/runner/.m2/repository/org/apache/ratis/ratis-server-api/2.5.1/ratis-server-api-2.5.1.jar:/home/runner/.m2/repository/org/apache/ratis/ratis-metrics/2.5.1/ratis-metrics-2.5.1.jar:/home/runner/.m2/repository/io/prometheus/simpleclient_dropwizard/0.7.0/simpleclient_dropwizard-0.7.0.jar:/home/runner/.m2/repository/io/prometheus/simpleclient/0.7.0/simpleclient-0.7.0.jar:/home/runner/.m2/repository/io/prometheus/simpleclient_common/0.7.0/simpleclient_common-0.7.0.jar:/home/runner/.m2/repository/com/fasterxml/jackson/datatype/jackson-datatype-jsr310/2.13.4/jackson-datatype-jsr310-2.13.4.jar:/home/runner/.m2/repository/com/fasterxml/jackson/core/jackson-core/2.13.4/jackson-core-2.13.4.jar:/home/runner/.m2/repository/com/github/spotbugs/spotbugs-annotations/3.1.12/spotbugs-annotations-3.1.12.jar:/home/runner/.m2/repository/org/apache/ozone/rocksdb-checkpoint-differ/1.4.0-SNAPSHOT/rocksdb-checkpoint-differ-1.4.0-SNAPSHOT.jar:/home/runner/.m2/repository/org/awaitility/awaitility/4.2.0/awaitility-4.2.0.jar:/home/runner/.m2/repository/org/hamcrest/hamcrest/2.1/hamcrest-2.1.jar:/home/runner/.m2/repository/org/apache/ozone/ozone-manager/1.4.0-SNAPSHOT/ozone-manager-1.4.0-SNAPSHOT.jar:/home/runner/.m2/repository/org/aspectj/aspectjrt/1.9.7/aspectjrt-1.9.7.jar:/home/runner/.m2/repository/org/aspectj/aspectjweaver/1.9.7/aspectjweaver-1.9.7.jar:/home/runner/.m2/repository/org/apache/ozone/hdds-interface-client/1.4.0-SNAPSHOT/hdds-interface-client-1.4.0-SNAPSHOT.jar:/home/runner/.m2/repository/org/apache/hadoop/thirdparty/hadoop-shaded-protobuf_3_7/1.1.1/hadoop-shaded-protobuf_3_7-1.1.1.jar:/home/runner/.m2/repository/org/apache/ozone/ozone-interface-storage/1.4.0-SNAPSHOT/ozone-interface-storage-1.4.0-SNAPSHOT.jar:/home/runner/.m2/repository/org/reflections/reflections/0.9.11/reflections-0.9.11.jar:/home/runner/.m2/repository/com/sun/jersey/jersey-client/1.19/jersey-client-1.19.jar:/home/runner/.m2/repository/org/codehaus/jackson/jackson-core-asl/1.9.13/jackson-core-asl-1.9.13.jar:/home/runner/.m2/repository/org/codehaus/jackson/jackson-mapper-asl/1.9.13/jackson-mapper-asl-1.9.13.jar:/home/runner/.m2/repository/org/codehaus/jackson/jackson-jaxrs/1.9.13/jackson-jaxrs-1.9.13.jar:/home/runner/.m2/repository/org/apache/ranger/ranger-intg/2.3.0/ranger-intg-2.3.0.jar:/home/runner/.m2/repository/org/apache/ranger/ranger-plugins-common/2.3.0/ranger-plugins-common-2.3.0.jar:/home/runner/.m2/repository/commons-lang/commons-lang/2.6/commons-lang-2.6.jar:/home/runner/.m2/repository/org/apache/ranger/ranger-plugins-cred/2.3.0/ranger-plugins-cred-2.3.0.jar:/home/runner/.m2/repository/org/apache/ranger/ranger-plugins-audit/2.3.0/ranger-plugins-audit-2.3.0.jar:/home/runner/.m2/repository/org/eclipse/jetty/jetty-client/9.4.51.v20230217/jetty-client-9.4.51.v20230217.jar:/home/runner/.m2/repository/org/apache/httpcomponents/httpmime/4.5.6/httpmime-4.5.6.jar:/home/runner/.m2/repository/org/apache/httpcomponents/httpcore-nio/4.4.13/httpcore-nio-4.4.13.jar:/home/runner/.m2/repository/org/apache/httpcomponents/httpasyncclient/4.1.3/httpasyncclient-4.1.3.jar:/home/runner/.m2/repository/com/carrotsearch/hppc/0.8.0/hppc-0.8.0.jar:/home/runner/.m2/repository/org/apache/orc/orc-core/1.5.8/orc-core-1.5.8.jar:/home/runner/.m2/repository/net/java/dev/jna/jna/5.2.0/jna-5.2.0.jar:/home/runner/.m2/repository/net/java/dev/jna/jna-platform/5.2.0/jna-platform-5.2.0.jar:/home/runner/.m2/repository/com/kstruct/gethostname4j/0.0.2/gethostname4j-0.0.2.jar:/home/runner/.m2/repository/org/apache/ranger/ranger-plugin-classloader/2.3.0/ranger-plugin-classloader-2.3.0.jar:/home/runner/.m2/repository/org/apache/ozone/hdds-rocks-native/1.4.0-SNAPSHOT/hdds-rocks-native-1.4.0-SNAPSHOT.jar:/home/runner/.m2/repository/org/apache/hadoop/hadoop-minikdc/3.3.5/hadoop-minikdc-3.3.5.jar:/home/runner/.m2/repository/org/apache/kerby/kerb-simplekdc/1.0.1/kerb-simplekdc-1.0.1.jar:/home/runner/.m2/repository/org/apache/kerby/kerb-client/1.0.1/kerb-client-1.0.1.jar:/home/runner/.m2/repository/org/apache/kerby/kerby-config/1.0.1/kerby-config-1.0.1.jar:/home/runner/.m2/repository/org/apache/kerby/kerb-common/1.0.1/kerb-common-1.0.1.jar:/home/runner/.m2/repository/org/apache/kerby/kerb-crypto/1.0.1/kerb-crypto-1.0.1.jar:/home/runner/.m2/repository/org/apache/kerby/kerb-util/1.0.1/kerb-util-1.0.1.jar:/home/runner/.m2/repository/org/apache/kerby/token-provider/1.0.1/token-provider-1.0.1.jar:/home/runner/.m2/repository/org/apache/kerby/kerb-admin/1.0.1/kerb-admin-1.0.1.jar:/home/runner/.m2/repository/org/apache/kerby/kerb-server/1.0.1/kerb-server-1.0.1.jar:/home/runner/.m2/repository/org/apache/kerby/kerb-identity/1.0.1/kerb-identity-1.0.1.jar:/home/runner/.m2/repository/org/apache/kerby/kerby-xdr/1.0.1/kerby-xdr-1.0.1.jar:/home/runner/.m2/repository/org/apache/ozone/ozone-s3gateway/1.4.0-SNAPSHOT/ozone-s3gateway-1.4.0-SNAPSHOT.jar:/home/runner/.m2/repository/org/javassist/javassist/3.21.0-GA/javassist-3.21.0-GA.jar:/home/runner/.m2/repository/org/jboss/weld/servlet/weld-servlet-shaded/3.1.9.Final/weld-servlet-shaded-3.1.9.Final.jar:/home/runner/.m2/repository/org/glassfish/jersey/containers/jersey-container-servlet-core/2.34/jersey-container-servlet-core-2.34.jar:/home/runner/.m2/repository/org/glassfish/hk2/external/jakarta.inject/2.6.1/jakarta.inject-2.6.1.jar:/home/runner/.m2/repository/org/glassfish/jersey/core/jersey-common/2.34/jersey-common-2.34.jar:/home/runner/.m2/repository/jakarta/ws/rs/jakarta.ws.rs-api/2.1.6/jakarta.ws.rs-api-2.1.6.jar:/home/runner/.m2/repository/org/glassfish/jersey/ext/cdi/jersey-cdi1x/2.34/jersey-cdi1x-2.34.jar:/home/runner/.m2/repository/org/glassfish/jersey/inject/jersey-hk2/2.34/jersey-hk2-2.34.jar:/home/runner/.m2/repository/org/glassfish/hk2/hk2-locator/2.6.1/hk2-locator-2.6.1.jar:/home/runner/.m2/repository/org/glassfish/jersey/media/jersey-media-jaxb/2.34/jersey-media-jaxb-2.34.jar:/home/runner/.m2/repository/org/glassfish/hk2/osgi-resource-locator/1.0.3/osgi-resource-locator-1.0.3.jar:/home/runner/.m2/repository/org/glassfish/hk2/hk2-api/2.5.0/hk2-api-2.5.0.jar:/home/runner/.m2/repository/org/glassfish/hk2/hk2-utils/2.5.0/hk2-utils-2.5.0.jar:/home/runner/.m2/repository/org/glassfish/hk2/external/aopalliance-repackaged/2.5.0/aopalliance-repackaged-2.5.0.jar:/home/runner/.m2/repository/com/fasterxml/jackson/dataformat/jackson-dataformat-xml/2.13.4/jackson-dataformat-xml-2.13.4.jar:/home/runner/.m2/repository/org/codehaus/woodstox/stax2-api/4.2.1/stax2-api-4.2.1.jar:/home/runner/.m2/repository/com/fasterxml/woodstox/woodstox-core/5.4.0/woodstox-core-5.4.0.jar:/home/runner/.m2/repository/com/fasterxml/jackson/module/jackson-module-jaxb-annotations/2.13.4/jackson-module-jaxb-annotations-2.13.4.jar:/home/runner/.m2/repository/jakarta/xml/bind/jakarta.xml.bind-api/2.3.3/jakarta.xml.bind-api-2.3.3.jar:/home/runner/.m2/repository/jakarta/activation/jakarta.activation-api/1.2.2/jakarta.activation-api-1.2.2.jar:/home/runner/.m2/repository/javax/enterprise/cdi-api/2.0/cdi-api-2.0.jar:/home/runner/.m2/repository/javax/el/javax.el-api/3.0.0/javax.el-api-3.0.0.jar:/home/runner/.m2/repository/javax/interceptor/javax.interceptor-api/1.2/javax.interceptor-api-1.2.jar:/home/runner/.m2/repository/javax/inject/javax.inject/1/javax.inject-1.jar:/home/runner/.m2/repository/javax/xml/bind/jaxb-api/2.3.0/jaxb-api-2.3.0.jar:/home/runner/.m2/repository/org/glassfish/jaxb/jaxb-runtime/2.3.0.1/jaxb-runtime-2.3.0.1.jar:/home/runner/.m2/repository/org/glassfish/jaxb/jaxb-core/2.3.0.1/jaxb-core-2.3.0.1.jar:/home/runner/.m2/repository/org/glassfish/jaxb/txw2/2.3.0.1/txw2-2.3.0.1.jar:/home/runner/.m2/repository/com/sun/istack/istack-commons-runtime/3.0.5/istack-commons-runtime-3.0.5.jar:/home/runner/.m2/repository/org/jvnet/staxex/stax-ex/1.7.8/stax-ex-1.7.8.jar:/home/runner/.m2/repository/com/sun/xml/fastinfoset/FastInfoset/1.2.13/FastInfoset-1.2.13.jar:/home/runner/.m2/repository/javax/activation/activation/1.1.1/activation-1.1.1.jar:/home/runner/.m2/repository/io/grpc/grpc-protobuf/1.51.1/grpc-protobuf-1.51.1.jar:/home/runner/.m2/repository/com/google/api/grpc/proto-google-common-protos/2.9.0/proto-google-common-protos-2.9.0.jar:/home/runner/.m2/repository/io/grpc/grpc-protobuf-lite/1.51.1/grpc-protobuf-lite-1.51.1.jar:/home/runner/.m2/repository/io/grpc/grpc-stub/1.51.1/grpc-stub-1.51.1.jar:/home/runner/.m2/repository/io/netty/netty-transport/4.1.86.Final/netty-transport-4.1.86.Final.jar:/home/runner/.m2/repository/io/netty/netty-resolver/4.1.86.Final/netty-resolver-4.1.86.Final.jar:/home/runner/.m2/repository/org/apache/ozone/ozone-csi/1.4.0-SNAPSHOT/ozone-csi-1.4.0-SNAPSHOT.jar:/home/runner/.m2/repository/com/google/protobuf/protobuf-java-util/3.19.6/protobuf-java-util-3.19.6.jar:/home/runner/.m2/repository/com/google/code/gson/gson/2.9.0/gson-2.9.0.jar:/home/runner/.m2/repository/org/apache/ozone/hdds-config/1.4.0-SNAPSHOT/hdds-config-1.4.0-SNAPSHOT.jar:/home/runner/.m2/repository/io/netty/netty-transport-native-epoll/4.1.86.Final/netty-transport-native-epoll-4.1.86.Final-linux-x86_64.jar:/home/runner/.m2/repository/io/netty/netty-transport-classes-epoll/4.1.86.Final/netty-transport-classes-epoll-4.1.86.Final.jar:/home/runner/.m2/repository/io/netty/netty-transport-native-unix-common/4.1.86.Final/netty-transport-native-unix-common-4.1.86.Final.jar:/home/runner/.m2/repository/org/apache/ozone/ozone-recon/1.4.0-SNAPSHOT/ozone-recon-1.4.0-SNAPSHOT.jar:/home/runner/.m2/repository/org/apache/ozone/ozone-reconcodegen/1.4.0-SNAPSHOT/ozone-reconcodegen-1.4.0-SNAPSHOT.jar:/home/runner/.m2/repository/com/google/inject/guice/5.1.0/guice-5.1.0.jar:/home/runner/.m2/repository/aopalliance/aopalliance/1.0/aopalliance-1.0.jar:/home/runner/.m2/repository/com/google/inject/extensions/guice-assistedinject/5.1.0/guice-assistedinject-5.1.0.jar:/home/runner/.m2/repository/com/google/inject/extensions/guice-servlet/5.1.0/guice-servlet-5.1.0.jar:/home/runner/.m2/repository/org/glassfish/jersey/containers/jersey-container-servlet/2.34/jersey-container-servlet-2.34.jar:/home/runner/.m2/repository/org/glassfish/hk2/guice-bridge/2.5.0/guice-bridge-2.5.0.jar:/home/runner/.m2/repository/org/glassfish/jersey/core/jersey-server/2.34/jersey-server-2.34.jar:/home/runner/.m2/repository/org/glassfish/jersey/core/jersey-client/2.34/jersey-client-2.34.jar:/home/runner/.m2/repository/jakarta/annotation/jakarta.annotation-api/1.3.5/jakarta.annotation-api-1.3.5.jar:/home/runner/.m2/repository/jakarta/validation/jakarta.validation-api/2.0.2/jakarta.validation-api-2.0.2.jar:/home/runner/.m2/repository/org/glassfish/jersey/media/jersey-media-json-jackson/2.34/jersey-media-json-jackson-2.34.jar:/home/runner/.m2/repository/org/glassfish/jersey/ext/jersey-entity-filtering/2.34/jersey-entity-filtering-2.34.jar:/home/runner/.m2/repository/org/jooq/jooq/3.11.10/jooq-3.11.10.jar:/home/runner/.m2/repository/org/jooq/jooq-meta/3.11.10/jooq-meta-3.11.10.jar:/home/runner/.m2/repository/org/jooq/jooq-codegen/3.11.10/jooq-codegen-3.11.10.jar:/home/runner/.m2/repository/com/jolbox/bonecp/0.8.0.RELEASE/bonecp-0.8.0.RELEASE.jar:/home/runner/.m2/repository/org/apache/derby/derby/10.14.2.0/derby-10.14.2.0.jar:/home/runner/.m2/repository/org/xerial/sqlite-jdbc/3.41.2.2/sqlite-jdbc-3.41.2.2.jar:/home/runner/.m2/repository/org/springframework/spring-jdbc/5.3.27/spring-jdbc-5.3.27.jar:/home/runner/.m2/repository/org/springframework/spring-beans/5.3.27/spring-beans-5.3.27.jar:/home/runner/.m2/repository/org/springframework/spring-core/5.3.27/spring-core-5.3.27.jar:/home/runner/.m2/repository/org/springframework/spring-tx/5.3.27/spring-tx-5.3.27.jar:/home/runner/.m2/repository/org/apache/ozone/ozone-client/1.4.0-SNAPSHOT/ozone-client-1.4.0-SNAPSHOT.jar:/home/runner/.m2/repository/org/apache/ozone/hdds-erasurecode/1.4.0-SNAPSHOT/hdds-erasurecode-1.4.0-SNAPSHOT.jar:/home/runner/.m2/repository/org/apache/ozone/ozone-filesystem/1.4.0-SNAPSHOT/ozone-filesystem-1.4.0-SNAPSHOT.jar:/home/runner/.m2/repository/org/apache/ozone/ozone-filesystem-common/1.4.0-SNAPSHOT/ozone-filesystem-common-1.4.0-SNAPSHOT.jar:/home/runner/.m2/repository/org/apache/ozone/ozone-tools/1.4.0-SNAPSHOT/ozone-tools-1.4.0-SNAPSHOT.jar:/home/runner/.m2/repository/com/amazonaws/aws-java-sdk-core/1.12.261/aws-java-sdk-core-1.12.261.jar:/home/runner/.m2/repository/org/apache/httpcomponents/httpclient/4.5.13/httpclient-4.5.13.jar:/home/runner/.m2/repository/org/apache/httpcomponents/httpcore/4.4.13/httpcore-4.4.13.jar:/home/runner/.m2/repository/software/amazon/ion/ion-java/1.0.2/ion-java-1.0.2.jar:/home/runner/.m2/repository/com/fasterxml/jackson/dataformat/jackson-dataformat-cbor/2.13.4/jackson-dataformat-cbor-2.13.4.jar:/home/runner/.m2/repository/joda-time/joda-time/2.10.6/joda-time-2.10.6.jar:/home/runner/.m2/repository/com/amazonaws/aws-java-sdk-s3/1.12.261/aws-java-sdk-s3-1.12.261.jar:/home/runner/.m2/repository/com/amazonaws/aws-java-sdk-kms/1.12.261/aws-java-sdk-kms-1.12.261.jar:/home/runner/.m2/repository/com/amazonaws/jmespath-java/1.12.261/jmespath-java-1.12.261.jar:/home/runner/.m2/repository/org/kohsuke/metainf-services/metainf-services/1.8/metainf-services-1.8.jar:/home/runner/.m2/repository/org/apache/ozone/hdds-tools/1.4.0-SNAPSHOT/hdds-tools-1.4.0-SNAPSHOT.jar:/home/runner/.m2/repository/org/apache/ratis/ratis-tools/2.5.1/ratis-tools-2.5.1.jar:/home/runner/.m2/repository/commons-cli/commons-cli/1.2/commons-cli-1.2.jar:/home/runner/.m2/repository/org/apache/commons/commons-lang3/3.7/commons-lang3-3.7.jar:/home/runner/.m2/repository/org/apache/ozone/ozone-manager/1.4.0-SNAPSHOT/ozone-manager-1.4.0-SNAPSHOT-tests.jar:/home/runner/.m2/repository/org/apache/ozone/hdds-common/1.4.0-SNAPSHOT/hdds-common-1.4.0-SNAPSHOT-tests.jar:/home/runner/.m2/repository/org/apache/ozone/hdds-hadoop-dependency-client/1.4.0-SNAPSHOT/hdds-hadoop-dependency-client-1.4.0-SNAPSHOT.jar:/home/runner/.m2/repository/info/picocli/picocli/4.6.1/picocli-4.6.1.jar:/home/runner/.m2/repository/com/fasterxml/jackson/core/jackson-annotations/2.13.4/jackson-annotations-2.13.4.jar:/home/runner/.m2/repository/org/apache/ozone/hdds-annotation-processing/1.4.0-SNAPSHOT/hdds-annotation-processing-1.4.0-SNAPSHOT.jar:/home/runner/.m2/repository/javax/annotation/javax.annotation-api/1.2/javax.annotation-api-1.2.jar:/home/runner/.m2/repository/org/apache/ratis/ratis-netty/2.5.1/ratis-netty-2.5.1.jar:/home/runner/.m2/repository/org/apache/ratis/ratis-grpc/2.5.1/ratis-grpc-2.5.1.jar:/home/runner/.m2/repository/org/apache/logging/log4j/log4j-api/2.17.1/log4j-api-2.17.1.jar:/home/runner/.m2/repository/org/apache/commons/commons-pool2/2.6.0/commons-pool2-2.6.0.jar:/home/runner/.m2/repository/org/bouncycastle/bcpkix-jdk15on/1.67/bcpkix-jdk15on-1.67.jar:/home/runner/.m2/repository/commons-validator/commons-validator/1.6/commons-validator-1.6.jar:/home/runner/.m2/repository/commons-beanutils/commons-beanutils/1.9.4/commons-beanutils-1.9.4.jar:/home/runner/.m2/repository/commons-digester/commons-digester/1.8.1/commons-digester-1.8.1.jar:/home/runner/.m2/repository/commons-collections/commons-collections/3.2.2/commons-collections-3.2.2.jar:/home/runner/.m2/repository/io/jaegertracing/jaeger-client/1.6.0/jaeger-client-1.6.0.jar:/home/runner/.m2/repository/io/jaegertracing/jaeger-thrift/1.6.0/jaeger-thrift-1.6.0.jar:/home/runner/.m2/repository/org/apache/thrift/libthrift/0.14.1/libthrift-0.14.1.jar:/home/runner/.m2/repository/io/jaegertracing/jaeger-core/1.6.0/jaeger-core-1.6.0.jar:/home/runner/.m2/repository/io/jaegertracing/jaeger-tracerresolver/1.6.0/jaeger-tracerresolver-1.6.0.jar:/home/runner/.m2/repository/io/opentracing/contrib/opentracing-tracerresolver/0.1.8/opentracing-tracerresolver-0.1.8.jar:/home/runner/.m2/repository/org/jetbrains/kotlin/kotlin-stdlib/1.6.21/kotlin-stdlib-1.6.21.jar:/home/runner/.m2/repository/org/jetbrains/annotations/13.0/annotations-13.0.jar:/home/runner/.m2/repository/io/opentracing/opentracing-util/0.33.0/opentracing-util-0.33.0.jar:/home/runner/.m2/repository/io/opentracing/opentracing-api/0.33.0/opentracing-api-0.33.0.jar:/home/runner/.m2/repository/io/opentracing/opentracing-noop/0.33.0/opentracing-noop-0.33.0.jar:/home/runner/.m2/repository/org/yaml/snakeyaml/2.0/snakeyaml-2.0.jar:/home/runner/.m2/repository/io/grpc/grpc-api/1.51.1/grpc-api-1.51.1.jar:/home/runner/.m2/repository/io/grpc/grpc-context/1.51.1/grpc-context-1.51.1.jar:/home/runner/.m2/repository/junit/junit/4.13.1/junit-4.13.1.jar:/home/runner/.m2/repository/org/hamcrest/hamcrest-core/1.3/hamcrest-core-1.3.jar:/home/runner/.m2/repository/org/junit/jupiter/junit-jupiter-api/5.8.2/junit-jupiter-api-5.8.2.jar:/home/runner/.m2/repository/org/opentest4j/opentest4j/1.2.0/opentest4j-1.2.0.jar:/home/runner/.m2/repository/org/junit/platform/junit-platform-commons/1.8.2/junit-platform-commons-1.8.2.jar:/home/runner/.m2/repository/org/apiguardian/apiguardian-api/1.1.2/apiguardian-api-1.1.2.jar:/home/runner/.m2/repository/org/junit/jupiter/junit-jupiter-params/5.8.2/junit-jupiter-params-5.8.2.jar:/home/runner/.m2/repository/org/junit/jupiter/junit-jupiter-migrationsupport/5.8.2/junit-jupiter-migrationsupport-5.8.2.jar:/home/runner/.m2/repository/org/junit/jupiter/junit-jupiter-engine/5.8.2/junit-jupiter-engine-5.8.2.jar:/home/runner/.m2/repository/org/junit/platform/junit-platform-engine/1.8.2/junit-platform-engine-1.8.2.jar:/home/runner/.m2/repository/org/junit/vintage/junit-vintage-engine/5.8.2/junit-vintage-engine-5.8.2.jar:/home/runner/.m2/repository/org/junit/platform/junit-platform-launcher/1.8.2/junit-platform-launcher-1.8.2.jar:/home/runner/.m2/repository/org/mockito/mockito-core/2.28.2/mockito-core-2.28.2.jar:/home/runner/.m2/repository/net/bytebuddy/byte-buddy/1.9.10/byte-buddy-1.9.10.jar:/home/runner/.m2/repository/net/bytebuddy/byte-buddy-agent/1.9.10/byte-buddy-agent-1.9.10.jar:/home/runner/.m2/repository/org/objenesis/objenesis/1.0/objenesis-1.0.jar:/home/runner/.m2/repository/org/apache/hadoop/hadoop-kms/3.3.5/hadoop-kms-3.3.5.jar:/home/runner/.m2/repository/org/apache/hadoop/hadoop-auth/3.3.5/hadoop-auth-3.3.5.jar:/home/runner/.m2/repository/com/nimbusds/nimbus-jose-jwt/9.8.1/nimbus-jose-jwt-9.8.1.jar:/home/runner/.m2/repository/com/github/stephenc/jcip/jcip-annotations/1.0-1/jcip-annotations-1.0-1.jar:/home/runner/.m2/repository/net/minidev/json-smart/2.4.7/json-smart-2.4.7.jar:/home/runner/.m2/repository/net/minidev/accessors-smart/2.4.7/accessors-smart-2.4.7.jar:/home/runner/.m2/repository/org/ow2/asm/asm/5.0.4/asm-5.0.4.jar:/home/runner/.m2/repository/org/apache/zookeeper/zookeeper/3.5.6/zookeeper-3.5.6.jar:/home/runner/.m2/repository/org/apache/zookeeper/zookeeper-jute/3.5.6/zookeeper-jute-3.5.6.jar:/home/runner/.m2/repository/org/apache/yetus/audience-annotations/0.5.0/audience-annotations-0.5.0.jar:/home/runner/.m2/repository/org/apache/curator/curator-framework/4.2.0/curator-framework-4.2.0.jar:/home/runner/.m2/repository/org/apache/hadoop/thirdparty/hadoop-shaded-guava/1.1.1/hadoop-shaded-guava-1.1.1.jar:/home/runner/.m2/repository/com/sun/jersey/jersey-core/1.19/jersey-core-1.19.jar:/home/runner/.m2/repository/javax/ws/rs/jsr311-api/1.1.1/jsr311-api-1.1.1.jar:/home/runner/.m2/repository/com/sun/jersey/jersey-server/1.19/jersey-server-1.19.jar:/home/runner/.m2/repository/javax/servlet/javax.servlet-api/3.1.0/javax.servlet-api-3.1.0.jar:/home/runner/.m2/repository/org/apache/hadoop/hadoop-common/3.3.5/hadoop-common-3.3.5.jar:/home/runner/.m2/repository/org/apache/commons/commons-math3/3.1.1/commons-math3-3.1.1.jar:/home/runner/.m2/repository/commons-net/commons-net/3.9.0/commons-net-3.9.0.jar:/home/runner/.m2/repository/com/sun/jersey/jersey-servlet/1.19/jersey-servlet-1.19.jar:/home/runner/.m2/repository/com/github/pjfanning/jersey-json/1.20/jersey-json-1.20.jar:/home/runner/.m2/repository/org/codehaus/jettison/jettison/1.1/jettison-1.1.jar:/home/runner/.m2/repository/com/sun/xml/bind/jaxb-impl/2.2.3-1/jaxb-impl-2.2.3-1.jar:/home/runner/.m2/repository/com/google/re2j/re2j/1.1/re2j-1.1.jar:/home/runner/.m2/repository/com/jcraft/jsch/0.1.54/jsch-0.1.54.jar:/home/runner/.m2/repository/org/apache/curator/curator-client/4.2.0/curator-client-4.2.0.jar:/home/runner/.m2/repository/org/apache/curator/curator-recipes/4.2.0/curator-recipes-4.2.0.jar:/home/runner/.m2/repository/org/apache/kerby/kerb-core/1.0.1/kerb-core-1.0.1.jar:/home/runner/.m2/repository/org/apache/kerby/kerby-pkix/1.0.1/kerby-pkix-1.0.1.jar:/home/runner/.m2/repository/org/apache/kerby/kerby-asn1/1.0.1/kerby-asn1-1.0.1.jar:/home/runner/.m2/repository/org/apache/kerby/kerby-util/1.0.1/kerby-util-1.0.1.jar:/home/runner/.m2/repository/dnsjava/dnsjava/2.1.7/dnsjava-2.1.7.jar:/home/runner/.m2/repository/org/xerial/snappy/snappy-java/1.1.8.2/snappy-java-1.1.8.2.jar:/home/runner/.m2/repository/com/fasterxml/jackson/core/jackson-databind/2.13.4.2/jackson-databind-2.13.4.2.jar:/home/runner/.m2/repository/org/apache/hadoop/hadoop-kms/3.3.5/hadoop-kms-3.3.5-tests.jar:/home/runner/.m2/repository/org/apache/ozone/hdds-server-scm/1.4.0-SNAPSHOT/hdds-server-scm-1.4.0-SNAPSHOT-tests.jar:/home/runner/.m2/repository/org/apache/ozone/hdds-container-service/1.4.0-SNAPSHOT/hdds-container-service-1.4.0-SNAPSHOT-tests.jar:/home/runner/.m2/repository/com/github/luben/zstd-jni/1.5.2-5/zstd-jni-1.5.2-5.jar:/home/runner/.m2/repository/commons-codec/commons-codec/1.15/commons-codec-1.15.jar:/home/runner/.m2/repository/io/netty/netty-codec/4.1.86.Final/netty-codec-4.1.86.Final.jar:/home/runner/.m2/repository/io/netty/netty-handler/4.1.86.Final/netty-handler-4.1.86.Final.jar:/home/runner/.m2/repository/org/apache/ozone/hdds-hadoop-dependency-test/1.4.0-SNAPSHOT/hdds-hadoop-dependency-test-1.4.0-SNAPSHOT.jar:/home/runner/.m2/repository/org/apache/hadoop/hadoop-common/3.3.5/hadoop-common-3.3.5-tests.jar:/home/runner/.m2/repository/org/apache/hadoop/hadoop-hdfs/3.3.5/hadoop-hdfs-3.3.5-tests.jar:/home/runner/.m2/repository/org/assertj/assertj-core/3.12.2/assertj-core-3.12.2.jar:/home/runner/.m2/repository/org/apache/hadoop/hadoop-distcp/3.3.5/hadoop-distcp-3.3.5.jar:/home/runner/.m2/repository/org/apache/hadoop/hadoop-mapreduce-client-jobclient/3.3.5/hadoop-mapreduce-client-jobclient-3.3.5.jar:/home/runner/.m2/repository/org/apache/hadoop/hadoop-mapreduce-client-common/3.3.5/hadoop-mapreduce-client-common-3.3.5.jar:/home/runner/.m2/repository/org/apache/hadoop/hadoop-yarn-common/3.3.5/hadoop-yarn-common-3.3.5.jar:/home/runner/.m2/repository/org/apache/hadoop/hadoop-yarn-api/3.3.5/hadoop-yarn-api-3.3.5.jar:/home/runner/.m2/repository/com/sun/jersey/contribs/jersey-guice/1.19/jersey-guice-1.19.jar:/home/runner/.m2/repository/com/fasterxml/jackson/jaxrs/jackson-jaxrs-json-provider/2.13.4/jackson-jaxrs-json-provider-2.13.4.jar:/home/runner/.m2/repository/com/fasterxml/jackson/jaxrs/jackson-jaxrs-base/2.13.4/jackson-jaxrs-base-2.13.4.jar:/home/runner/.m2/repository/org/apache/hadoop/hadoop-yarn-client/3.3.5/hadoop-yarn-client-3.3.5.jar:/home/runner/.m2/repository/org/eclipse/jetty/websocket/websocket-client/9.4.48.v20220622/websocket-client-9.4.48.v20220622.jar:/home/runner/.m2/repository/org/eclipse/jetty/websocket/websocket-common/9.4.48.v20220622/websocket-common-9.4.48.v20220622.jar:/home/runner/.m2/repository/org/eclipse/jetty/websocket/websocket-api/9.4.48.v20220622/websocket-api-9.4.48.v20220622.jar:/home/runner/.m2/repository/org/jline/jline/3.9.0/jline-3.9.0.jar:/home/runner/.m2/repository/org/apache/hadoop/hadoop-mapreduce-client-core/3.3.5/hadoop-mapreduce-client-core-3.3.5.jar:/home/runner/.m2/repository/org/apache/avro/avro/1.7.7/avro-1.7.7.jar:/home/runner/.m2/repository/com/thoughtworks/paranamer/paranamer/2.3/paranamer-2.3.jar:/home/runner/.m2/repository/org/apache/hadoop/hadoop-annotations/3.3.5/hadoop-annotations-3.3.5.jar:/usr/lib/jvm/temurin-8-jdk-amd64/jre/../lib/tools.jar:/home/runner/.m2/repository/io/netty/netty/3.10.6.Final/netty-3.10.6.Final.jar:/home/runner/.m2/repository/org/apache/hadoop/hadoop-distcp/3.3.5/hadoop-distcp-3.3.5-tests.jar:/home/runner/.m2/repository/org/slf4j/jul-to-slf4j/1.7.36/jul-to-slf4j-1.7.36.jar:"/>
    <property name="sun.cpu.endian" value="little"/>
    <property name="user.home" value="/home/runner"/>
    <property name="user.language" value="en"/>
    <property name="java.specification.vendor" value="Oracle Corporation"/>
    <property name="java.home" value="/usr/lib/jvm/temurin-8-jdk-amd64/jre"/>
    <property name="java.security.krb5.conf" value="/home/runner/work/ozone/ozone/hadoop-ozone/integration-test/target/test-classes/krb5.conf"/>
    <property name="basedir" value="/home/runner/work/ozone/ozone/hadoop-ozone/integration-test"/>
    <property name="file.separator" value="/"/>
    <property name="line.separator" value="&#10;"/>
    <property name="java.vm.specification.vendor" value="Oracle Corporation"/>
    <property name="java.specification.name" value="Java Platform API Specification"/>
    <property name="java.awt.graphicsenv" value="sun.awt.X11GraphicsEnvironment"/>
    <property name="skip.installnpx" value="true"/>
    <property name="surefire.real.class.path" value="/home/runner/work/ozone/ozone/hadoop-ozone/integration-test/target/surefire/surefirebooter2828864916390922220.jar:/home/runner/.m2/repository/org/jacoco/org.jacoco.agent/0.8.5/org.jacoco.agent-0.8.5-runtime.jar"/>
    <property name="hadoop.log.dir" value="/home/runner/work/ozone/ozone/hadoop-ozone/integration-test/target/log"/>
    <property name="sun.boot.class.path" value="/usr/lib/jvm/temurin-8-jdk-amd64/jre/lib/resources.jar:/usr/lib/jvm/temurin-8-jdk-amd64/jre/lib/rt.jar:/usr/lib/jvm/temurin-8-jdk-amd64/jre/lib/sunrsasign.jar:/usr/lib/jvm/temurin-8-jdk-amd64/jre/lib/jsse.jar:/usr/lib/jvm/temurin-8-jdk-amd64/jre/lib/jce.jar:/usr/lib/jvm/temurin-8-jdk-amd64/jre/lib/charsets.jar:/usr/lib/jvm/temurin-8-jdk-amd64/jre/lib/jfr.jar:/usr/lib/jvm/temurin-8-jdk-amd64/jre/classes"/>
    <property name="sun.management.compiler" value="HotSpot 64-Bit Tiered Compilers"/>
    <property name="skip.npx" value="true"/>
    <property name="java.runtime.version" value="1.8.0_362-b09"/>
    <property name="java.net.preferIPv4Stack" value="true"/>
    <property name="user.name" value="runner"/>
    <property name="path.separator" value=":"/>
    <property name="java.security.egd" value="file:///dev/urandom"/>
    <property name="os.version" value="5.15.0-1037-azure"/>
    <property name="java.endorsed.dirs" value="/usr/lib/jvm/temurin-8-jdk-amd64/jre/lib/endorsed"/>
    <property name="java.runtime.name" value="OpenJDK Runtime Environment"/>
    <property name="file.encoding" value="UTF-8"/>
    <property name="java.vm.name" value="OpenJDK 64-Bit Server VM"/>
    <property name="test.build.webapps" value=""/>
    <property name="localRepository" value="/home/runner/.m2/repository"/>
    <property name="jetty.git.hash" value="b45c405e4544384de066f814ed42ae3dceacdd49"/>
    <property name="java.vendor.url.bug" value="https://github.com/adoptium/adoptium-support/issues"/>
    <property name="java.io.tmpdir" value="/tmp"/>
    <property name="require.test.libhadoop" value=""/>
    <property name="java.version" value="1.8.0_362"/>
    <property name="user.dir" value="/home/runner/work/ozone/ozone/hadoop-ozone/integration-test"/>
    <property name="os.arch" value="amd64"/>
    <property name="java.vm.specification.name" value="Java Virtual Machine Specification"/>
    <property name="test.build.classes" value="/home/runner/work/ozone/ozone/hadoop-ozone/integration-test/target/test-classes"/>
    <property name="java.awt.printerjob" value="sun.print.PSPrinterJob"/>
    <property name="sun.os.patch.level" value="unknown"/>
    <property name="org.apache.ratis.thirdparty.io.netty.allocator.useCacheForAllThreads" value="false"/>
    <property name="hadoop.tmp.dir" value="/home/runner/work/ozone/ozone/hadoop-ozone/integration-test/target/tmp"/>
    <property name="java.library.path" value="/usr/java/packages/lib/amd64:/usr/lib64:/lib64:/lib:/usr/lib"/>
    <property name="java.vm.info" value="mixed mode"/>
    <property name="java.vendor" value="Temurin"/>
    <property name="java.vm.version" value="25.362-b09"/>
    <property name="java.specification.maintenance.version" value="4"/>
    <property name="java.ext.dirs" value="/usr/lib/jvm/temurin-8-jdk-amd64/jre/lib/ext:/usr/java/packages/lib/ext"/>
    <property name="sun.io.unicode.encoding" value="UnicodeLittle"/>
    <property name="java.class.version" value="52.0"/>
  </properties>
  <testcase name="testContainerRecoveryOverReplicationProcessing" classname="org.apache.hadoop.ozone.container.TestECContainerRecovery" time="38.959">
    <system-out><![CDATA[2023-06-01 19:10:54,281 [main] WARN  server.ServerUtils (ServerUtils.java:getScmDbDir(155)) - ozone.scm.db.dirs is not configured. We recommend adding this setting. Falling back to ozone.metadata.dirs instead.
2023-06-01 19:10:54,485 [main] INFO  reflections.Reflections (Reflections.java:scan(232)) - Reflections took 166 ms to scan 7 urls, producing 157 keys and 369 values 
2023-06-01 19:10:54,661 [main] WARN  server.ServerUtils (ServerUtils.java:getScmDbDir(155)) - ozone.scm.db.dirs is not configured. We recommend adding this setting. Falling back to ozone.metadata.dirs instead.
2023-06-01 19:10:54,665 [main] INFO  ha.SCMHANodeDetails (SCMHANodeDetails.java:loadSCMHAConfig(209)) - ServiceID for StorageContainerManager is null
2023-06-01 19:10:54,671 [main] WARN  ha.SCMHANodeDetails (SCMHANodeDetails.java:validateSCMHAConfig(182)) - Invalid config ozone.scm.ratis.enable. The config was not specified, but the default value true conflicts with the expected config value false. Falling back to the expected value. Current State of SCM: SCM is running in Non-HA without Ratis Ratis SCM -> Non Ratis SCM or Non HA SCM -> HA SCM is not supported
2023-06-01 19:10:54,671 [main] INFO  ha.SCMHANodeDetails (SCMHANodeDetails.java:loadSCMHAConfig(214)) - ozone.scm.default.service.id is not defined, falling back to ozone.scm.service.ids to find serviceID for StorageContainerManager if it is HA enabled cluster
2023-06-01 19:10:55,300 [main] WARN  utils.HAUtils (HAUtils.java:getMetaDir(350)) - ozone.scm.db.dirs is not configured. We recommend adding this setting. Falling back to ozone.metadata.dirs instead.
2023-06-01 19:10:55,437 [main] WARN  db.DBStoreBuilder (DBStoreBuilder.java:applyDBDefinition(165)) - ozone.scm.db.dirs is not configured. We recommend adding this setting. Falling back to ozone.metadata.dirs instead.
2023-06-01 19:10:55,614 [main] INFO  net.NodeSchemaLoader (NodeSchemaLoader.java:loadSchemaFromFile(129)) - Loading schema from [jar:file:/home/runner/.m2/repository/org/apache/ozone/hdds-common/1.4.0-SNAPSHOT/hdds-common-1.4.0-SNAPSHOT.jar!/network-topology-default.xml]
2023-06-01 19:10:55,615 [main] INFO  net.NodeSchemaLoader (NodeSchemaLoader.java:loadSchema(176)) - Loading network topology layer schema file
2023-06-01 19:10:55,653 [main] INFO  metrics.MetricRegistries (MetricRegistriesLoader.java:load(64)) - Loaded MetricRegistries class org.apache.ratis.metrics.impl.MetricRegistriesImpl
2023-06-01 19:10:55,667 [main] INFO  upgrade.AbstractLayoutVersionManager (AbstractLayoutVersionManager.java:init(83)) - Initializing Layout version manager with metadata layout = HADOOP_PRC_PORTS_IN_DATANODEDETAILS (version = 7), software layout = HADOOP_PRC_PORTS_IN_DATANODEDETAILS (version = 7)
2023-06-01 19:10:55,818 [main] INFO  ha.SequenceIdGenerator (SequenceIdGenerator.java:upgradeToSequenceId(349)) - upgrade localId to 111677748019200000
2023-06-01 19:10:55,819 [main] INFO  ha.SequenceIdGenerator (SequenceIdGenerator.java:upgradeToSequenceId(359)) - upgrade delTxnId to 0
2023-06-01 19:10:55,823 [main] INFO  ha.SequenceIdGenerator (SequenceIdGenerator.java:upgradeToSequenceId(376)) - upgrade containerId to 0
2023-06-01 19:10:55,825 [main] INFO  ha.SequenceIdGenerator (SequenceIdGenerator.java:<init>(220)) - Init the HA SequenceIdGenerator.
2023-06-01 19:10:55,886 [main] WARN  server.ServerUtils (ServerUtils.java:sanitizeUserArgs(74)) - ozone.scm.stale.node.interval value = 1000 is smaller than min = 3000 based on the key value of hdds.heartbeat.interval, reset to the min value 3000.
2023-06-01 19:10:55,887 [main] WARN  server.ServerUtils (ServerUtils.java:sanitizeUserArgs(74)) - ozone.scm.stale.node.interval value = 1000 is smaller than min = 3000 based on the key value of hdds.heartbeat.interval, reset to the min value 3000.
2023-06-01 19:10:55,887 [main] WARN  server.ServerUtils (ServerUtils.java:sanitizeUserArgs(74)) - ozone.scm.dead.node.interval value = 1000 is smaller than min = 6000 based on the key value of ozone.scm.stale.node.interval, reset to the min value 6000.
2023-06-01 19:10:55,892 [main] INFO  node.SCMNodeManager (SCMNodeManager.java:<init>(159)) - Entering startup safe mode.
2023-06-01 19:10:55,906 [main] INFO  algorithms.ContainerPlacementPolicyFactory (ContainerPlacementPolicyFactory.java:getPolicyInternal(86)) - Create container placement policy of type org.apache.hadoop.hdds.scm.container.placement.algorithms.SCMContainerPlacementRackAware
2023-06-01 19:10:55,909 [main] INFO  algorithms.ContainerPlacementPolicyFactory (ContainerPlacementPolicyFactory.java:getPolicyInternal(86)) - Create container placement policy of type org.apache.hadoop.hdds.scm.container.placement.algorithms.SCMContainerPlacementRackScatter
2023-06-01 19:10:55,917 [main] INFO  pipeline.PipelineStateManagerImpl (PipelineStateManagerImpl.java:initialize(78)) - No pipeline exists in current db
2023-06-01 19:10:55,928 [main] INFO  algorithms.LeaderChoosePolicyFactory (LeaderChoosePolicyFactory.java:getPolicy(57)) - Create leader choose policy of type org.apache.hadoop.hdds.scm.pipeline.leader.choose.algorithms.MinLeaderCountChoosePolicy
2023-06-01 19:10:55,929 [main] INFO  algorithms.ContainerPlacementPolicyFactory (ContainerPlacementPolicyFactory.java:getPolicyInternal(86)) - Create container placement policy of type org.apache.hadoop.hdds.scm.container.placement.algorithms.SCMContainerPlacementRackScatter
2023-06-01 19:10:55,934 [main] INFO  ha.SCMServiceManager (SCMServiceManager.java:register(42)) - Registering service BackgroundPipelineCreator.
2023-06-01 19:10:55,934 [main] INFO  pipeline.BackgroundPipelineCreator (BackgroundPipelineCreator.java:start(124)) - Starting RatisPipelineUtilsThread.
2023-06-01 19:10:55,937 [main] INFO  BackgroundPipelineScrubber (BackgroundSCMService.java:start(68)) - Starting BackgroundPipelineScrubber Service.
2023-06-01 19:10:55,938 [main] INFO  ha.SCMServiceManager (SCMServiceManager.java:register(42)) - Registering service BackgroundPipelineScrubber.
2023-06-01 19:10:55,944 [main] INFO  ExpiredContainerReplicaOpScrubber (BackgroundSCMService.java:start(68)) - Starting ExpiredContainerReplicaOpScrubber Service.
2023-06-01 19:10:55,950 [main] INFO  ha.SCMServiceManager (SCMServiceManager.java:register(42)) - Registering service ExpiredContainerReplicaOpScrubber.
2023-06-01 19:10:55,992 [main] INFO  algorithms.PipelineChoosePolicyFactory (PipelineChoosePolicyFactory.java:createPipelineChoosePolicyFromClass(73)) - Create pipeline choose policy of type org.apache.hadoop.hdds.scm.pipeline.choose.algorithms.RandomPipelineChoosePolicy
2023-06-01 19:10:56,011 [main] INFO  ha.SCMServiceManager (SCMServiceManager.java:register(42)) - Registering service SCMBlockDeletingService.
2023-06-01 19:10:56,068 [main] INFO  replication.ReplicationManager (ReplicationManager.java:start(299)) - Starting Replication Monitor Thread.
2023-06-01 19:10:56,079 [main] INFO  ha.SCMServiceManager (SCMServiceManager.java:register(42)) - Registering service ReplicationManager.
2023-06-01 19:10:56,082 [ReplicationMonitor] INFO  replication.ReplicationManager (ReplicationManager.java:processAll(374)) - Replication Manager is not ready to run until 3000ms after safemode exit
2023-06-01 19:10:56,087 [main] INFO  safemode.ContainerSafeModeRule (ContainerSafeModeRule.java:<init>(89)) - containers with one replica threshold count 0
2023-06-01 19:10:56,091 [main] INFO  safemode.HealthyPipelineSafeModeRule (HealthyPipelineSafeModeRule.java:initializeRule(169)) - Total pipeline count is 0, healthy pipeline threshold count is 1
2023-06-01 19:10:56,093 [main] INFO  safemode.OneReplicaPipelineSafeModeRule (OneReplicaPipelineSafeModeRule.java:initializeRule(180)) - Total pipeline count is 0, pipeline's with at least one datanode reported threshold count is 0
2023-06-01 19:10:56,131 [main] INFO  server.StorageContainerManager (StorageContainerManager.java:<init>(404)) - SCM start with adminUsers: [runner]
2023-06-01 19:10:56,425 [main] INFO  audit.AuditLogger (AuditLogger.java:refreshDebugCmdSet(126)) - Refresh DebugCmdSet for SCMAudit to [].
2023-06-01 19:10:56,454 [main] INFO  ipc.CallQueueManager (CallQueueManager.java:<init>(90)) - Using callQueue: class java.util.concurrent.LinkedBlockingQueue, queueCapacity: 2000, scheduler: class org.apache.hadoop.ipc.DefaultRpcScheduler, ipcBackoff: false.
2023-06-01 19:10:56,486 [Socket Reader #1 for port 15002] INFO  ipc.Server (Server.java:run(1319)) - Starting Socket Reader #1 for port 15002
2023-06-01 19:10:56,516 [Listener at 0.0.0.0/15002] INFO  hdds.HddsUtils (HddsUtils.java:preserveThreadName(843)) - Restoring thread name: main
2023-06-01 19:10:56,538 [main] INFO  audit.AuditLogger (AuditLogger.java:refreshDebugCmdSet(126)) - Refresh DebugCmdSet for SCMAudit to [].
2023-06-01 19:10:56,543 [main] INFO  ipc.CallQueueManager (CallQueueManager.java:<init>(90)) - Using callQueue: class java.util.concurrent.LinkedBlockingQueue, queueCapacity: 2000, scheduler: class org.apache.hadoop.ipc.DefaultRpcScheduler, ipcBackoff: false.
2023-06-01 19:10:56,544 [Socket Reader #1 for port 15001] INFO  ipc.Server (Server.java:run(1319)) - Starting Socket Reader #1 for port 15001
2023-06-01 19:10:56,546 [Listener at 0.0.0.0/15001] INFO  hdds.HddsUtils (HddsUtils.java:preserveThreadName(843)) - Restoring thread name: main
2023-06-01 19:10:56,572 [main] INFO  audit.AuditLogger (AuditLogger.java:refreshDebugCmdSet(126)) - Refresh DebugCmdSet for SCMAudit to [].
2023-06-01 19:10:56,582 [main] INFO  ipc.CallQueueManager (CallQueueManager.java:<init>(90)) - Using callQueue: class java.util.concurrent.LinkedBlockingQueue, queueCapacity: 2000, scheduler: class org.apache.hadoop.ipc.DefaultRpcScheduler, ipcBackoff: false.
2023-06-01 19:10:56,583 [Socket Reader #1 for port 15000] INFO  ipc.Server (Server.java:run(1319)) - Starting Socket Reader #1 for port 15000
2023-06-01 19:10:56,585 [Listener at 0.0.0.0/15000] INFO  hdds.HddsUtils (HddsUtils.java:preserveThreadName(843)) - Restoring thread name: main
2023-06-01 19:10:56,649 [main] INFO  ha.SCMServiceManager (SCMServiceManager.java:register(42)) - Registering service ContainerBalancer.
2023-06-01 19:10:56,650 [main] INFO  server.StorageContainerManager (StorageContainerManager.java:<init>(421)) - 
Container Balancer status:
Key                            Value
Running                        false
Container Balancer Configuration values:
Key                                                Value
Threshold                                          10
Max Datanodes to Involve per Iteration(percent)    20
Max Size to Move per Iteration                     500GB
Max Size Entering Target per Iteration             26GB
Max Size Leaving Source per Iteration              26GB

2023-06-01 19:10:56,651 [main] INFO  ha.SCMContext (SCMContext.java:updateSafeModeStatus(228)) - Update SafeModeStatus from SafeModeStatus{safeModeStatus=true, preCheckPassed=false} to SafeModeStatus{safeModeStatus=true, preCheckPassed=false}.
2023-06-01 19:10:56,659 [main] INFO  server.StorageContainerManager (StorageContainerManager.java:start(1478)) - StorageContainerLocationProtocol RPC server is listening at /0.0.0.0:15000
2023-06-01 19:10:56,719 [main] WARN  impl.MetricsConfig (MetricsConfig.java:loadFirst(136)) - Cannot locate configuration: tried hadoop-metrics2-storagecontainermanager.properties,hadoop-metrics2.properties
2023-06-01 19:10:56,731 [main] INFO  impl.MetricsSystemImpl (MetricsSystemImpl.java:startTimer(378)) - Scheduled Metric snapshot period at 10 second(s).
2023-06-01 19:10:56,732 [main] INFO  impl.MetricsSystemImpl (MetricsSystemImpl.java:start(191)) - StorageContainerManager metrics system started
2023-06-01 19:10:56,993 [main] INFO  server.SCMClientProtocolServer (SCMClientProtocolServer.java:start(199)) - RPC server for Client  is listening at /0.0.0.0:15000
2023-06-01 19:10:57,010 [IPC Server Responder] INFO  ipc.Server (Server.java:run(1558)) - IPC Server Responder: starting
2023-06-01 19:10:57,011 [IPC Server listener on 15000] INFO  ipc.Server (Server.java:run(1398)) - IPC Server listener on 15000: starting
2023-06-01 19:10:57,015 [main] INFO  server.StorageContainerManager (StorageContainerManager.java:start(1492)) - ScmBlockLocationProtocol RPC server is listening at /0.0.0.0:15001
2023-06-01 19:10:57,015 [main] INFO  server.SCMBlockProtocolServer (SCMBlockProtocolServer.java:start(152)) - RPC server for Block Protocol is listening at /0.0.0.0:15001
2023-06-01 19:10:57,016 [IPC Server Responder] INFO  ipc.Server (Server.java:run(1558)) - IPC Server Responder: starting
2023-06-01 19:10:57,016 [IPC Server listener on 15001] INFO  ipc.Server (Server.java:run(1398)) - IPC Server listener on 15001: starting
2023-06-01 19:10:57,035 [main] INFO  server.SCMDatanodeProtocolServer (SCMDatanodeProtocolServer.java:start(193)) - ScmDatanodeProtocol RPC server for DataNodes is listening at /0.0.0.0:15002
2023-06-01 19:10:57,037 [IPC Server Responder] INFO  ipc.Server (Server.java:run(1558)) - IPC Server Responder: starting
2023-06-01 19:10:57,042 [IPC Server listener on 15002] INFO  ipc.Server (Server.java:run(1398)) - IPC Server listener on 15002: starting
2023-06-01 19:10:57,078 [org.apache.hadoop.util.JvmPauseMonitor$Monitor@f5a680] INFO  util.JvmPauseMonitor (JvmPauseMonitor.java:run(188)) - Starting JVM pause monitor
2023-06-01 19:10:57,078 [main] INFO  http.BaseHttpServer (BaseHttpServer.java:newHttpServer2BuilderForOzone(224)) - Starting Web-server for scm at: http://0.0.0.0:15003
2023-06-01 19:10:57,078 [main] INFO  http.BaseHttpServer (BaseHttpServer.java:<init>(111)) - Hadoop Security Enabled: false Ozone Security Enabled: false Ozone HTTP Security Enabled: false 
2023-06-01 19:10:57,101 [main] INFO  util.log (Log.java:initialized(170)) - Logging initialized @4210ms to org.eclipse.jetty.util.log.Slf4jLog
2023-06-01 19:10:57,187 [main] WARN  server.AuthenticationFilter (AuthenticationFilter.java:constructSecretProvider(240)) - Unable to initialize FileSignerSecretProvider, falling back to use random secrets. Reason: Could not read signature secret file: /home/runner/hadoop-http-auth-signature-secret
2023-06-01 19:10:57,192 [main] INFO  http.HttpRequestLog (HttpRequestLog.java:getRequestLog(86)) - Http request log for http.requests.scm is not defined
2023-06-01 19:10:57,200 [main] INFO  http.HttpServer2 (HttpServer2.java:addGlobalFilter(1031)) - Added global filter 'safety' (class=org.apache.hadoop.hdds.server.http.HttpServer2$QuotingInputFilter)
2023-06-01 19:10:57,202 [main] INFO  http.HttpServer2 (HttpServer2.java:addFilter(1007)) - Added filter static_user_filter (class=org.apache.hadoop.http.lib.StaticUserWebFilter$StaticUserFilter) to context scm
2023-06-01 19:10:57,202 [main] INFO  http.HttpServer2 (HttpServer2.java:addFilter(1015)) - Added filter static_user_filter (class=org.apache.hadoop.http.lib.StaticUserWebFilter$StaticUserFilter) to context logs
2023-06-01 19:10:57,203 [main] INFO  http.HttpServer2 (HttpServer2.java:addFilter(1015)) - Added filter static_user_filter (class=org.apache.hadoop.http.lib.StaticUserWebFilter$StaticUserFilter) to context static
2023-06-01 19:10:57,238 [main] INFO  http.BaseHttpServer (BaseHttpServer.java:<init>(190)) - HTTP server of scm uses base directory /home/runner/work/ozone/ozone/hadoop-ozone/integration-test/target/test-dir/MiniOzoneClusterImpl-59aba430-7466-43cf-ac60-ffcd1bd17169/ozone-meta/webserver
2023-06-01 19:10:57,239 [main] INFO  http.HttpServer2 (HttpServer2.java:bindListener(1250)) - Jetty bound to port 15003
2023-06-01 19:10:57,241 [main] INFO  server.Server (Server.java:doStart(375)) - jetty-9.4.51.v20230217; built: 2023-02-17T08:19:37.309Z; git: b45c405e4544384de066f814ed42ae3dceacdd49; jvm 1.8.0_362-b09
2023-06-01 19:10:57,268 [main] INFO  server.session (DefaultSessionIdManager.java:doStart(334)) - DefaultSessionIdManager workerName=node0
2023-06-01 19:10:57,269 [main] INFO  server.session (DefaultSessionIdManager.java:doStart(339)) - No SessionScavenger set, using defaults
2023-06-01 19:10:57,270 [main] INFO  server.session (HouseKeeper.java:startScavenging(132)) - node0 Scavenging every 600000ms
2023-06-01 19:10:57,282 [main] INFO  handler.ContextHandler (ContextHandler.java:doStart(921)) - Started o.e.j.s.ServletContextHandler@765d67dd{logs,/logs,file:///home/runner/work/ozone/ozone/hadoop-ozone/integration-test/target/log,AVAILABLE}
2023-06-01 19:10:57,283 [main] INFO  handler.ContextHandler (ContextHandler.java:doStart(921)) - Started o.e.j.s.ServletContextHandler@5e783f78{static,/static,file:///home/runner/work/ozone/ozone/hadoop-ozone/integration-test/target/test-classes/webapps/static,AVAILABLE}
2023-06-01 19:10:57,319 [main] INFO  handler.ContextHandler (ContextHandler.java:doStart(921)) - Started o.e.j.w.WebAppContext@7c16cc25{scm,/,file:///home/runner/work/ozone/ozone/hadoop-ozone/integration-test/target/test-classes/webapps/scm/,AVAILABLE}{file:/home/runner/work/ozone/ozone/hadoop-ozone/integration-test/target/test-classes/webapps/scm}
2023-06-01 19:10:57,327 [main] INFO  server.AbstractConnector (AbstractConnector.java:doStart(333)) - Started ServerConnector@13f255ed{HTTP/1.1, (http/1.1)}{0.0.0.0:15003}
2023-06-01 19:10:57,327 [main] INFO  server.Server (Server.java:doStart(415)) - Started @4436ms
2023-06-01 19:10:57,330 [main] INFO  impl.MetricsSinkAdapter (MetricsSinkAdapter.java:start(204)) - Sink prometheus started
2023-06-01 19:10:57,331 [main] INFO  impl.MetricsSystemImpl (MetricsSystemImpl.java:registerSink(305)) - Registered sink prometheus
2023-06-01 19:10:57,332 [main] INFO  http.BaseHttpServer (BaseHttpServer.java:updateConnectorAddress(344)) - HTTP server of scm listening at http://0.0.0.0:15003
2023-06-01 19:10:57,335 [main] WARN  server.ServerUtils (ServerUtils.java:getDBPath(311)) - ozone.om.db.dirs is not configured. We recommend adding this setting. Falling back to ozone.metadata.dirs instead.
2023-06-01 19:10:57,390 [main] INFO  audit.AuditLogger (AuditLogger.java:refreshDebugCmdSet(126)) - Refresh DebugCmdSet for OMAudit to [].
2023-06-01 19:10:57,462 [main] INFO  ha.OMHANodeDetails (OMHANodeDetails.java:loadOMHAConfig(115)) - ozone.om.internal.service.id is not defined, falling back to ozone.om.service.ids to find serviceID for OzoneManager if it is HA enabled cluster
2023-06-01 19:10:57,466 [main] INFO  ha.OMHANodeDetails (OMHANodeDetails.java:loadOMHAConfig(226)) - Configuration does not have ozone.om.address set. Falling back to the default OM address /127.0.0.1:15004
2023-06-01 19:10:57,466 [main] INFO  ha.OMHANodeDetails (OMHANodeDetails.java:getOMNodeDetailsForNonHA(254)) - OM Service ID is not set. Setting it to the default ID: omServiceIdDefault
2023-06-01 19:10:57,466 [main] INFO  ha.OMHANodeDetails (OMHANodeDetails.java:getOMNodeDetailsForNonHA(261)) - OM Node ID is not set. Setting it to the default ID: om1
2023-06-01 19:10:57,470 [main] WARN  server.ServerUtils (ServerUtils.java:getDBPath(311)) - ozone.om.db.dirs is not configured. We recommend adding this setting. Falling back to ozone.metadata.dirs instead.
2023-06-01 19:10:57,473 [main] INFO  upgrade.AbstractLayoutVersionManager (AbstractLayoutVersionManager.java:init(83)) - Initializing Layout version manager with metadata layout = FILESYSTEM_SNAPSHOT (version = 5), software layout = FILESYSTEM_SNAPSHOT (version = 5)
2023-06-01 19:10:57,551 [main] INFO  reflections.Reflections (Reflections.java:scan(232)) - Reflections took 75 ms to scan 2 urls, producing 177 keys and 491 values [using 2 cores]
2023-06-01 19:10:57,556 [main] INFO  upgrade.OMLayoutVersionManager (OMLayoutVersionManager.java:lambda$0(115)) - Skipping Upgrade Action MockOmUpgradeAction since it has been finalized.
2023-06-01 19:10:57,558 [main] WARN  server.ServerUtils (ServerUtils.java:getDBPath(311)) - ozone.om.db.dirs is not configured. We recommend adding this setting. Falling back to ozone.metadata.dirs instead.
2023-06-01 19:10:57,736 [main] INFO  proxy.SCMBlockLocationFailoverProxyProvider (SCMBlockLocationFailoverProxyProvider.java:<init>(114)) - Created block location fail-over proxy with 1 nodes: [nodeId=scmNodeId,nodeAddress=/0.0.0.0:15001]
2023-06-01 19:10:57,768 [main] INFO  proxy.SCMBlockLocationFailoverProxyProvider (SCMBlockLocationFailoverProxyProvider.java:<init>(114)) - Created block location fail-over proxy with 1 nodes: [nodeId=scmNodeId,nodeAddress=/0.0.0.0:15001]
2023-06-01 19:10:57,961 [main] INFO  om.OzoneManager (OzoneManager.java:<init>(649)) - OM start with adminUsers: [runner]
2023-06-01 19:10:57,972 [main] WARN  server.ServerUtils (ServerUtils.java:getDBPath(311)) - ozone.om.db.dirs is not configured. We recommend adding this setting. Falling back to ozone.metadata.dirs instead.
2023-06-01 19:10:57,998 [main] INFO  helpers.OmKeyInfo (OmKeyInfo.java:getCodec(71)) - OmKeyInfo.getCodec ignorePipeline = true
2023-06-01 19:10:58,263 [main] INFO  om.OzoneManager (OzoneManager.java:instantiateServices(790)) - S3 Multi-Tenancy is disabled
2023-06-01 19:10:58,293 [main] INFO  om.OmSnapshotManager (OmSnapshotManager.java:<init>(170)) - Ozone filesystem snapshot feature is enabled.
2023-06-01 19:10:58,303 [main] WARN  server.ServerUtils (ServerUtils.java:getDBPath(311)) - ozone.om.snapshot.diff.db.dir is not configured. We recommend adding this setting. Falling back to ozone.metadata.dirs instead.
2023-06-01 19:10:58,335 [main] INFO  utils.NativeLibraryLoader (NativeLibraryLoader.java:loadLibrary(103)) - Loading Library: ozone_rocksdb_tools
2023-06-01 19:10:58,411 [main] INFO  om.OzoneManager (OzoneManager.java:addS3GVolumeToDB(4330)) - Created Volume s3v With Owner runner required for S3Gateway operations.
2023-06-01 19:10:58,472 [main] WARN  server.ServerUtils (ServerUtils.java:getDefaultRatisDirectory(323)) - Storage directory for Ratis is not configured. It is a good idea to map this to an SSD disk. Falling back to ozone.metadata.dirs
2023-06-01 19:10:58,474 [main] WARN  utils.OzoneManagerRatisUtils (OzoneManagerRatisUtils.java:getOMRatisSnapshotDirectory(461)) - ozone.om.ratis.snapshot.dir is not configured. Falling back to ozone.metadata.dirs config
2023-06-01 19:10:58,492 [main] WARN  server.ServerUtils (ServerUtils.java:getDefaultRatisDirectory(323)) - Storage directory for Ratis is not configured. It is a good idea to map this to an SSD disk. Falling back to ozone.metadata.dirs
2023-06-01 19:10:58,523 [main] INFO  ratis.OzoneManagerRatisServer (OzoneManagerRatisServer.java:<init>(163)) - Instantiating OM Ratis server with groupID: omServiceIdDefault and peers: localhost:15007
2023-06-01 19:10:58,532 [main] INFO  ratis.OzoneManagerStateMachine (OzoneManagerStateMachine.java:loadSnapshotInfoFromDB(670)) - LastAppliedIndex is set from TransactionInfo from OM DB as (t:0, i:~)
2023-06-01 19:10:58,604 [main] INFO  server.RaftServer (ConfUtils.java:logGet(46)) - raft.rpc.type = GRPC (default)
2023-06-01 19:10:58,612 [main] INFO  grpc.GrpcConfigKeys (ConfUtils.java:logFallback(53)) - raft.grpc.admin.host = null (fallback to raft.grpc.server.host)
2023-06-01 19:10:58,613 [main] INFO  grpc.GrpcConfigKeys (ConfUtils.java:logFallback(53)) - raft.grpc.admin.port = 15007 (fallback to raft.grpc.server.port)
2023-06-01 19:10:58,614 [main] INFO  grpc.GrpcConfigKeys (ConfUtils.java:logFallback(53)) - raft.grpc.client.host = null (fallback to raft.grpc.server.host)
2023-06-01 19:10:58,614 [main] INFO  grpc.GrpcConfigKeys (ConfUtils.java:logFallback(53)) - raft.grpc.client.port = 15007 (fallback to raft.grpc.server.port)
2023-06-01 19:10:58,615 [main] INFO  grpc.GrpcConfigKeys (ConfUtils.java:logGet(46)) - raft.grpc.server.host = null (default)
2023-06-01 19:10:58,615 [main] INFO  grpc.GrpcConfigKeys (ConfUtils.java:logGet(46)) - raft.grpc.server.port = 15007 (custom)
2023-06-01 19:10:58,615 [main] INFO  server.GrpcService (ConfUtils.java:logGet(46)) - raft.grpc.message.size.max = 33554432 (custom)
2023-06-01 19:10:58,616 [main] INFO  server.RaftServerConfigKeys (ConfUtils.java:logGet(46)) - raft.server.log.appender.buffer.byte-limit = 33554432 (custom)
2023-06-01 19:10:58,617 [main] INFO  server.GrpcService (ConfUtils.java:logGet(46)) - raft.grpc.flow.control.window = 1MB (=1048576) (default)
2023-06-01 19:10:58,618 [main] INFO  server.RaftServerConfigKeys (ConfUtils.java:logGet(46)) - raft.server.rpc.request.timeout = 3000ms (default)
2023-06-01 19:10:58,628 [main] INFO  grpc.GrpcConfigKeys (ConfUtils.java:logGet(46)) - raft.grpc.server.heartbeat.channel = true (default)
2023-06-01 19:10:58,632 [main] INFO  grpc.GrpcConfigKeys (ConfUtils.java:logGet(46)) - raft.grpc.server.async.request.thread.pool.cached = true (default)
2023-06-01 19:10:58,633 [main] INFO  grpc.GrpcConfigKeys (ConfUtils.java:logGet(46)) - raft.grpc.server.async.request.thread.pool.size = 32 (default)
2023-06-01 19:10:58,819 [main] INFO  impl.DataStreamServerImpl (ConfUtils.java:logGet(46)) - raft.datastream.type = DISABLED (default)
2023-06-01 19:10:58,821 [main] INFO  server.RaftServerConfigKeys (ConfUtils.java:logGet(46)) - raft.server.threadpool.proxy.cached = true (default)
2023-06-01 19:10:58,822 [main] INFO  server.RaftServerConfigKeys (ConfUtils.java:logGet(46)) - raft.server.threadpool.proxy.size = 0 (default)
2023-06-01 19:10:58,822 [main] INFO  server.RaftServerConfigKeys (ConfUtils.java:logGet(46)) - raft.server.rpc.slowness.timeout = 120s (custom)
2023-06-01 19:10:58,822 [main] INFO  server.RaftServerConfigKeys (ConfUtils.java:logGet(46)) - raft.server.leaderelection.leader.step-down.wait-time = 10s (default)
2023-06-01 19:10:58,825 [main] INFO  server.RaftServerConfigKeys (ConfUtils.java:logGet(46)) - raft.server.storage.dir = [/home/runner/work/ozone/ozone/hadoop-ozone/integration-test/target/test-dir/MiniOzoneClusterImpl-59aba430-7466-43cf-ac60-ffcd1bd17169/ozone-meta/ratis] (custom)
2023-06-01 19:10:58,831 [main] INFO  server.RaftServer (RaftServerProxy.java:addNew(98)) - om1: addNew group-C5BA1605619E:[om1|rpc:localhost:15007|priority:0|startupRole:FOLLOWER] returns group-C5BA1605619E:java.util.concurrent.CompletableFuture@704091b4[Not completed]
2023-06-01 19:10:58,831 [main] INFO  om.OzoneManager (OzoneManager.java:initializeRatisServer(2155)) - OzoneManager Ratis server initialized at port 15007
2023-06-01 19:10:58,842 [main] INFO  om.OzoneManager (OzoneManager.java:getRpcServer(1201)) - Creating RPC Server
2023-06-01 19:10:58,861 [om1-groupManagement] INFO  server.RaftServer$Division (RaftServerImpl.java:<init>(198)) - om1: new RaftServerImpl for group-C5BA1605619E:[om1|rpc:localhost:15007|priority:0|startupRole:FOLLOWER] with OzoneManagerStateMachine:uninitialized
2023-06-01 19:10:58,863 [om1-groupManagement] INFO  server.RaftServerConfigKeys (ConfUtils.java:logGet(46)) - raft.server.rpc.timeout.min = 1s (custom)
2023-06-01 19:10:58,863 [om1-groupManagement] INFO  server.RaftServerConfigKeys (ConfUtils.java:logGet(46)) - raft.server.rpc.timeout.max = 1200ms (custom)
2023-06-01 19:10:58,863 [om1-groupManagement] INFO  server.RaftServerConfigKeys (ConfUtils.java:logGet(46)) - raft.server.rpc.sleep.time = 25ms (default)
2023-06-01 19:10:58,864 [om1-groupManagement] INFO  server.RaftServerConfigKeys (ConfUtils.java:logGet(46)) - raft.server.rpc.slowness.timeout = 120s (custom)
2023-06-01 19:10:58,864 [om1-groupManagement] INFO  server.RaftServerConfigKeys (ConfUtils.java:logGet(46)) - raft.server.leaderelection.leader.step-down.wait-time = 10s (default)
2023-06-01 19:10:58,864 [om1-groupManagement] INFO  server.RaftServerConfigKeys (ConfUtils.java:logGet(46)) - raft.server.sleep.deviation.threshold = 300ms (default)
2023-06-01 19:10:58,870 [om1-groupManagement] INFO  server.RaftServer$Division (ServerState.java:<init>(120)) - om1@group-C5BA1605619E: ConfigurationManager, init=-1: peers:[om1|rpc:localhost:15007|priority:0|startupRole:FOLLOWER]|listeners:[], old=null, confs=<EMPTY_MAP>
2023-06-01 19:10:58,870 [om1-groupManagement] INFO  server.RaftServerConfigKeys (ConfUtils.java:logGet(46)) - raft.server.storage.dir = [/home/runner/work/ozone/ozone/hadoop-ozone/integration-test/target/test-dir/MiniOzoneClusterImpl-59aba430-7466-43cf-ac60-ffcd1bd17169/ozone-meta/ratis] (custom)
2023-06-01 19:10:58,875 [om1-groupManagement] INFO  server.RaftServerConfigKeys (ConfUtils.java:logGet(46)) - raft.server.log.corruption.policy = EXCEPTION (default)
2023-06-01 19:10:58,875 [om1-groupManagement] INFO  server.RaftServerConfigKeys (ConfUtils.java:logGet(46)) - raft.server.storage.free-space.min = 0MB (=0) (default)
2023-06-01 19:10:58,882 [om1-groupManagement] INFO  server.RaftServerConfigKeys (ConfUtils.java:logGet(46)) - raft.server.notification.no-leader.timeout = 120s (custom)
2023-06-01 19:10:58,885 [om1-groupManagement] INFO  server.RaftServerConfigKeys (ConfUtils.java:logGet(46)) - raft.server.read.timeout = 10s (default)
2023-06-01 19:10:58,888 [om1-groupManagement] INFO  server.RaftServerConfigKeys (ConfUtils.java:logGet(46)) - raft.server.retrycache.expirytime = 300s (custom)
2023-06-01 19:10:58,888 [om1-groupManagement] INFO  server.RaftServerConfigKeys (ConfUtils.java:logGet(46)) - raft.server.retrycache.statistics.expirytime = 100μs (default)
2023-06-01 19:10:59,045 [om1-groupManagement] INFO  server.RaftServerConfigKeys (ConfUtils.java:logGet(46)) - raft.server.read.option = DEFAULT (default)
2023-06-01 19:10:59,119 [om1-groupManagement] INFO  server.RaftServerConfigKeys (ConfUtils.java:logGet(46)) - raft.server.rpc.request.timeout = 3000ms (default)
2023-06-01 19:10:59,125 [om1-groupManagement] INFO  server.RaftServerConfigKeys (ConfUtils.java:logGet(46)) - raft.server.log.appender.install.snapshot.enabled = false (custom)
2023-06-01 19:10:59,125 [om1-groupManagement] INFO  server.RaftServerConfigKeys (ConfUtils.java:logGet(46)) - raft.server.threadpool.server.cached = true (default)
2023-06-01 19:10:59,127 [om1-groupManagement] INFO  server.RaftServerConfigKeys (ConfUtils.java:logGet(46)) - raft.server.threadpool.server.size = 0 (default)
2023-06-01 19:10:59,127 [om1-groupManagement] INFO  server.RaftServerConfigKeys (ConfUtils.java:logGet(46)) - raft.server.threadpool.client.cached = true (default)
2023-06-01 19:10:59,127 [om1-groupManagement] INFO  server.RaftServerConfigKeys (ConfUtils.java:logGet(46)) - raft.server.threadpool.client.size = 0 (default)
2023-06-01 19:10:59,724 [main] INFO  reflections.Reflections (Reflections.java:scan(232)) - Reflections took 669 ms to scan 19 urls, producing 69 keys and 5276 values [using 2 cores]
2023-06-01 19:10:59,881 [main] INFO  ipc.CallQueueManager (CallQueueManager.java:<init>(90)) - Using callQueue: class java.util.concurrent.LinkedBlockingQueue, queueCapacity: 2000, scheduler: class org.apache.hadoop.ipc.DefaultRpcScheduler, ipcBackoff: false.
2023-06-01 19:10:59,882 [Socket Reader #1 for port 15004] INFO  ipc.Server (Server.java:run(1319)) - Starting Socket Reader #1 for port 15004
2023-06-01 19:10:59,886 [Listener at 127.0.0.1/15004] INFO  hdds.HddsUtils (HddsUtils.java:preserveThreadName(843)) - Restoring thread name: main
2023-06-01 19:10:59,922 [main] INFO  impl.MetricsSystemImpl (MetricsSystemImpl.java:init(158)) - OzoneManager metrics system started (again)
2023-06-01 19:10:59,934 [main] INFO  om.OzoneManager (OzoneManager.java:start(1623)) - OzoneManager RPC server is listening at localhost/127.0.0.1:15004
2023-06-01 19:10:59,934 [main] INFO  ratis.OzoneManagerRatisServer (OzoneManagerRatisServer.java:start(558)) - Starting OzoneManagerRatisServer om1 at port 15007
2023-06-01 19:10:59,936 [om1-impl-thread1] INFO  storage.RaftStorageDirectory (RaftStorageDirectoryImpl.java:analyzeStorage(137)) - The storage directory /home/runner/work/ozone/ozone/hadoop-ozone/integration-test/target/test-dir/MiniOzoneClusterImpl-59aba430-7466-43cf-ac60-ffcd1bd17169/ozone-meta/ratis/bf265839-605b-3f16-9796-c5ba1605619e does not exist. Creating ...
2023-06-01 19:10:59,940 [om1-impl-thread1] INFO  storage.RaftStorageDirectory (RaftStorageDirectoryImpl.java:tryLock(231)) - Lock on /home/runner/work/ozone/ozone/hadoop-ozone/integration-test/target/test-dir/MiniOzoneClusterImpl-59aba430-7466-43cf-ac60-ffcd1bd17169/ozone-meta/ratis/bf265839-605b-3f16-9796-c5ba1605619e/in_use.lock acquired by nodename 16224@fv-az163-187
2023-06-01 19:10:59,944 [om1-impl-thread1] INFO  storage.RaftStorage (RaftStorageImpl.java:format(96)) - Storage directory /home/runner/work/ozone/ozone/hadoop-ozone/integration-test/target/test-dir/MiniOzoneClusterImpl-59aba430-7466-43cf-ac60-ffcd1bd17169/ozone-meta/ratis/bf265839-605b-3f16-9796-c5ba1605619e has been successfully formatted.
2023-06-01 19:10:59,947 [om1-impl-thread1] INFO  server.RaftServerConfigKeys (ConfUtils.java:logGet(46)) - raft.server.log.use.memory = false (default)
2023-06-01 19:10:59,956 [om1-impl-thread1] INFO  server.RaftServerConfigKeys (ConfUtils.java:logGet(46)) - raft.server.log.purge.gap = 1000000 (custom)
2023-06-01 19:10:59,956 [om1-impl-thread1] INFO  server.RaftServerConfigKeys (ConfUtils.java:logGet(46)) - raft.server.log.appender.buffer.byte-limit = 33554432 (custom)
2023-06-01 19:10:59,957 [om1-impl-thread1] INFO  server.RaftServerConfigKeys (ConfUtils.java:logGet(46)) - raft.server.log.statemachine.data.read.timeout = 1000ms (default)
2023-06-01 19:10:59,958 [om1-impl-thread1] INFO  server.RaftServerConfigKeys (ConfUtils.java:logGet(46)) - raft.server.log.purge.preservation.log.num = 0 (default)
2023-06-01 19:10:59,960 [om1-impl-thread1] INFO  server.RaftServerConfigKeys (ConfUtils.java:logGet(46)) - raft.server.log.segment.size.max = 4194304 (custom)
2023-06-01 19:10:59,965 [om1-impl-thread1] INFO  server.RaftServerConfigKeys (ConfUtils.java:logGet(46)) - raft.server.log.segment.cache.num.max = 2 (custom)
2023-06-01 19:10:59,965 [om1-impl-thread1] INFO  server.RaftServerConfigKeys (ConfUtils.java:logGet(46)) - raft.server.log.segment.cache.size.max = 200MB (=209715200) (default)
2023-06-01 19:10:59,965 [om1-impl-thread1] INFO  server.RaftServerConfigKeys (ConfUtils.java:logGet(46)) - raft.server.log.appender.buffer.byte-limit = 33554432 (custom)
2023-06-01 19:10:59,969 [om1-impl-thread1] INFO  segmented.SegmentedRaftLogWorker (SegmentedRaftLogWorker.java:<init>(188)) - new om1@group-C5BA1605619E-SegmentedRaftLogWorker for RaftStorageImpl:Storage Directory /home/runner/work/ozone/ozone/hadoop-ozone/integration-test/target/test-dir/MiniOzoneClusterImpl-59aba430-7466-43cf-ac60-ffcd1bd17169/ozone-meta/ratis/bf265839-605b-3f16-9796-c5ba1605619e
2023-06-01 19:10:59,970 [om1-impl-thread1] INFO  server.RaftServerConfigKeys (ConfUtils.java:logGet(46)) - raft.server.log.queue.byte-limit = 64MB (=67108864) (default)
2023-06-01 19:10:59,970 [om1-impl-thread1] INFO  server.RaftServerConfigKeys (ConfUtils.java:logGet(46)) - raft.server.log.queue.element-limit = 4096 (default)
2023-06-01 19:10:59,971 [om1-impl-thread1] INFO  server.RaftServerConfigKeys (ConfUtils.java:logGet(46)) - raft.server.log.segment.size.max = 4194304 (custom)
2023-06-01 19:10:59,971 [om1-impl-thread1] INFO  server.RaftServerConfigKeys (ConfUtils.java:logGet(46)) - raft.server.log.preallocated.size = 4194304 (custom)
2023-06-01 19:10:59,971 [om1-impl-thread1] INFO  server.RaftServerConfigKeys (ConfUtils.java:logGet(46)) - raft.server.log.force.sync.num = 128 (default)
2023-06-01 19:10:59,972 [om1-impl-thread1] INFO  server.RaftServerConfigKeys (ConfUtils.java:logGet(46)) - raft.server.log.statemachine.data.sync = true (default)
2023-06-01 19:10:59,972 [om1-impl-thread1] INFO  server.RaftServerConfigKeys (ConfUtils.java:logGet(46)) - raft.server.log.statemachine.data.sync.timeout = 10s (default)
2023-06-01 19:10:59,972 [om1-impl-thread1] INFO  server.RaftServerConfigKeys (ConfUtils.java:logGet(46)) - raft.server.log.statemachine.data.sync.timeout.retry = -1 (default)
2023-06-01 19:10:59,980 [om1-impl-thread1] INFO  server.RaftServerConfigKeys (ConfUtils.java:logGet(46)) - raft.server.log.write.buffer.size = 64KB (=65536) (default)
2023-06-01 19:10:59,980 [om1-impl-thread1] INFO  server.RaftServerConfigKeys (ConfUtils.java:logGet(46)) - raft.server.log.appender.buffer.byte-limit = 33554432 (custom)
2023-06-01 19:10:59,984 [om1-impl-thread1] INFO  server.RaftServerConfigKeys (ConfUtils.java:logGet(46)) - raft.server.log.unsafe-flush.enabled = false (default)
2023-06-01 19:10:59,984 [om1-impl-thread1] INFO  server.RaftServerConfigKeys (ConfUtils.java:logGet(46)) - raft.server.log.async-flush.enabled = false (default)
2023-06-01 19:10:59,984 [om1-impl-thread1] INFO  server.RaftServerConfigKeys (ConfUtils.java:logGet(46)) - raft.server.log.statemachine.data.caching.enabled = false (default)
2023-06-01 19:10:59,989 [om1-impl-thread1] INFO  segmented.SegmentedRaftLogWorker (SegmentedRaftLogWorker.java:lambda$new$0(135)) - om1@group-C5BA1605619E-SegmentedRaftLogWorker: flushIndex: setUnconditionally 0 -> -1
2023-06-01 19:10:59,989 [om1-impl-thread1] INFO  segmented.SegmentedRaftLogWorker (SegmentedRaftLogWorker.java:lambda$new$0(135)) - om1@group-C5BA1605619E-SegmentedRaftLogWorker: safeCacheEvictIndex: setUnconditionally 0 -> -1
2023-06-01 19:10:59,991 [om1-impl-thread1] INFO  server.RaftServer$Division (RaftServerImpl.java:start(342)) - om1@group-C5BA1605619E: start as a follower, conf=-1: peers:[om1|rpc:localhost:15007|priority:0|startupRole:FOLLOWER]|listeners:[], old=null
2023-06-01 19:10:59,996 [om1-impl-thread1] INFO  server.RaftServer$Division (RaftServerImpl.java:setRole(329)) - om1@group-C5BA1605619E: changes role from      null to FOLLOWER at term 0 for startAsFollower
2023-06-01 19:10:59,997 [om1-impl-thread1] INFO  impl.RoleInfo (RoleInfo.java:updateAndGet(139)) - om1: start om1@group-C5BA1605619E-FollowerState
2023-06-01 19:10:59,999 [om1-impl-thread1] INFO  util.JmxRegister (JmxRegister.java:tryRegister(44)) - Successfully registered JMX Bean with object name Ratis:service=RaftServer,group=group-C5BA1605619E,id=om1
2023-06-01 19:11:00,001 [om1-impl-thread1] INFO  server.RaftServerConfigKeys (ConfUtils.java:logGet(46)) - raft.server.snapshot.auto.trigger.enabled = true (custom)
2023-06-01 19:11:00,001 [om1-impl-thread1] INFO  server.RaftServerConfigKeys (ConfUtils.java:logGet(46)) - raft.server.snapshot.auto.trigger.threshold = 400000 (default)
2023-06-01 19:11:00,002 [om1-impl-thread1] INFO  server.RaftServerConfigKeys (ConfUtils.java:logGet(46)) - raft.server.snapshot.retention.file.num = -1 (default)
2023-06-01 19:11:00,002 [om1-impl-thread1] INFO  server.RaftServerConfigKeys (ConfUtils.java:logGet(46)) - raft.server.log.purge.upto.snapshot.index = true (custom)
2023-06-01 19:11:00,008 [om1@group-C5BA1605619E-FollowerState] INFO  server.RaftServerConfigKeys (ConfUtils.java:logFallback(53)) - raft.server.rpc.first-election.timeout.min = 1s (fallback to raft.server.rpc.timeout.min)
2023-06-01 19:11:00,009 [om1@group-C5BA1605619E-FollowerState] INFO  server.RaftServerConfigKeys (ConfUtils.java:logFallback(53)) - raft.server.rpc.first-election.timeout.max = 1200ms (fallback to raft.server.rpc.timeout.max)
2023-06-01 19:11:00,009 [main] INFO  server.RaftServer (RaftServerProxy.java:startImpl(400)) - om1: start RPC server
2023-06-01 19:11:00,049 [main] INFO  server.GrpcService (GrpcService.java:startImpl(302)) - om1: GrpcService started, listening on 15007
2023-06-01 19:11:00,051 [main] INFO  om.OzoneManager (OzoneManager.java:start(1639)) - Version File has different layout version (5) than OM DB (null). That is expected if this OM has never been finalized to a newer layout version.
2023-06-01 19:11:00,053 [JvmPauseMonitor0] INFO  util.JvmPauseMonitor (JvmPauseMonitor.java:run(103)) - JvmPauseMonitor-om1: Started
2023-06-01 19:11:00,076 [main] INFO  http.BaseHttpServer (BaseHttpServer.java:newHttpServer2BuilderForOzone(224)) - Starting Web-server for ozoneManager at: http://0.0.0.0:15005
2023-06-01 19:11:00,076 [main] INFO  http.BaseHttpServer (BaseHttpServer.java:<init>(111)) - Hadoop Security Enabled: false Ozone Security Enabled: false Ozone HTTP Security Enabled: false 
2023-06-01 19:11:00,077 [main] WARN  server.AuthenticationFilter (AuthenticationFilter.java:constructSecretProvider(240)) - Unable to initialize FileSignerSecretProvider, falling back to use random secrets. Reason: Could not read signature secret file: /home/runner/hadoop-http-auth-signature-secret
2023-06-01 19:11:00,084 [main] INFO  http.HttpRequestLog (HttpRequestLog.java:getRequestLog(86)) - Http request log for http.requests.ozoneManager is not defined
2023-06-01 19:11:00,085 [main] INFO  http.HttpServer2 (HttpServer2.java:addGlobalFilter(1031)) - Added global filter 'safety' (class=org.apache.hadoop.hdds.server.http.HttpServer2$QuotingInputFilter)
2023-06-01 19:11:00,086 [main] INFO  http.HttpServer2 (HttpServer2.java:addFilter(1007)) - Added filter static_user_filter (class=org.apache.hadoop.http.lib.StaticUserWebFilter$StaticUserFilter) to context ozoneManager
2023-06-01 19:11:00,087 [main] INFO  http.HttpServer2 (HttpServer2.java:addFilter(1015)) - Added filter static_user_filter (class=org.apache.hadoop.http.lib.StaticUserWebFilter$StaticUserFilter) to context static
2023-06-01 19:11:00,087 [main] INFO  http.HttpServer2 (HttpServer2.java:addFilter(1015)) - Added filter static_user_filter (class=org.apache.hadoop.http.lib.StaticUserWebFilter$StaticUserFilter) to context logs
2023-06-01 19:11:00,089 [main] INFO  http.BaseHttpServer (BaseHttpServer.java:<init>(190)) - HTTP server of ozoneManager uses base directory /home/runner/work/ozone/ozone/hadoop-ozone/integration-test/target/test-dir/MiniOzoneClusterImpl-59aba430-7466-43cf-ac60-ffcd1bd17169/ozone-meta/webserver
2023-06-01 19:11:00,092 [main] INFO  http.HttpServer2 (HttpServer2.java:bindListener(1250)) - Jetty bound to port 15005
2023-06-01 19:11:00,092 [main] INFO  server.Server (Server.java:doStart(375)) - jetty-9.4.51.v20230217; built: 2023-02-17T08:19:37.309Z; git: b45c405e4544384de066f814ed42ae3dceacdd49; jvm 1.8.0_362-b09
2023-06-01 19:11:00,094 [main] INFO  server.session (DefaultSessionIdManager.java:doStart(334)) - DefaultSessionIdManager workerName=node0
2023-06-01 19:11:00,094 [main] INFO  server.session (DefaultSessionIdManager.java:doStart(339)) - No SessionScavenger set, using defaults
2023-06-01 19:11:00,094 [main] INFO  server.session (HouseKeeper.java:startScavenging(132)) - node0 Scavenging every 660000ms
2023-06-01 19:11:00,095 [main] INFO  handler.ContextHandler (ContextHandler.java:doStart(921)) - Started o.e.j.s.ServletContextHandler@6471020c{logs,/logs,file:///home/runner/work/ozone/ozone/hadoop-ozone/integration-test/target/log,AVAILABLE}
2023-06-01 19:11:00,096 [main] INFO  handler.ContextHandler (ContextHandler.java:doStart(921)) - Started o.e.j.s.ServletContextHandler@20ae77c8{static,/static,file:///home/runner/work/ozone/ozone/hadoop-ozone/integration-test/target/test-classes/webapps/static,AVAILABLE}
2023-06-01 19:11:00,100 [main] INFO  handler.ContextHandler (ContextHandler.java:doStart(921)) - Started o.e.j.w.WebAppContext@6efd96c7{ozoneManager,/,file:///home/runner/work/ozone/ozone/hadoop-ozone/integration-test/target/test-classes/webapps/ozoneManager/,AVAILABLE}{file:/home/runner/work/ozone/ozone/hadoop-ozone/integration-test/target/test-classes/webapps/ozoneManager}
2023-06-01 19:11:00,106 [main] INFO  server.AbstractConnector (AbstractConnector.java:doStart(333)) - Started ServerConnector@1d8ec941{HTTP/1.1, (http/1.1)}{0.0.0.0:15005}
2023-06-01 19:11:00,106 [main] INFO  server.Server (Server.java:doStart(415)) - Started @7215ms
2023-06-01 19:11:00,106 [main] WARN  impl.MetricsSystemImpl (MetricsSystemImpl.java:register(279)) - Sink prometheus already exists!
2023-06-01 19:11:00,107 [main] INFO  http.BaseHttpServer (BaseHttpServer.java:updateConnectorAddress(344)) - HTTP server of ozoneManager listening at http://0.0.0.0:15005
2023-06-01 19:11:00,107 [IPC Server Responder] INFO  ipc.Server (Server.java:run(1558)) - IPC Server Responder: starting
2023-06-01 19:11:00,108 [IPC Server listener on 15004] INFO  ipc.Server (Server.java:run(1398)) - IPC Server listener on 15004: starting
2023-06-01 19:11:00,110 [main] INFO  om.OzoneManager (OzoneManager.java:startTrashEmptier(2099)) - Trash Interval set to 0. Files deleted won't move to trash
2023-06-01 19:11:00,125 [org.apache.hadoop.util.JvmPauseMonitor$Monitor@15764a15] INFO  util.JvmPauseMonitor (JvmPauseMonitor.java:run(188)) - Starting JVM pause monitor
2023-06-01 19:11:00,283 [main] WARN  impl.MetricRegistriesImpl (MetricRegistriesImpl.java:addReporterRegistration(111)) - New reporters are added after registries were created. Some metrics will be missing from the reporter. Please add reporter before adding any new registry.
2023-06-01 19:11:00,283 [main] WARN  impl.MetricRegistriesImpl (MetricRegistriesImpl.java:addReporterRegistration(111)) - New reporters are added after registries were created. Some metrics will be missing from the reporter. Please add reporter before adding any new registry.
2023-06-01 19:11:00,283 [main] INFO  impl.MetricsSystemImpl (MetricsSystemImpl.java:init(158)) - HddsDatanode metrics system started (again)
2023-06-01 19:11:00,306 [main] INFO  ozone.HddsDatanodeService (HddsDatanodeService.java:start(264)) - HddsDatanodeService host:fv-az163-187.kzyshwy3mise5klwsllqwzgzyb.cx.internal.cloudapp.net ip:10.1.0.196
2023-06-01 19:11:00,336 [main] INFO  upgrade.AbstractLayoutVersionManager (AbstractLayoutVersionManager.java:init(83)) - Initializing Layout version manager with metadata layout = HADOOP_PRC_PORTS_IN_DATANODEDETAILS (version = 7), software layout = HADOOP_PRC_PORTS_IN_DATANODEDETAILS (version = 7)
2023-06-01 19:11:00,339 [main] INFO  statemachine.DatanodeStateMachine (DatanodeStateMachine.java:getEndPointTaskThreadPoolSize(275)) - Datanode State Machine Task Thread Pool size 2
2023-06-01 19:11:00,407 [main] INFO  volume.HddsVolume (HddsVolume.java:<init>(130)) - Creating HddsVolume: /home/runner/work/ozone/ozone/hadoop-ozone/integration-test/target/test-dir/MiniOzoneClusterImpl-59aba430-7466-43cf-ac60-ffcd1bd17169/datanode-0/data-0/containers/hdds of storage type : DISK capacity : 9223372036854775807
2023-06-01 19:11:00,409 [main] INFO  volume.MutableVolumeSet (MutableVolumeSet.java:initializeVolumeSet(175)) - Added Volume : /home/runner/work/ozone/ozone/hadoop-ozone/integration-test/target/test-dir/MiniOzoneClusterImpl-59aba430-7466-43cf-ac60-ffcd1bd17169/datanode-0/data-0/containers/hdds to VolumeSet
2023-06-01 19:11:00,410 [main] INFO  volume.ThrottledAsyncChecker (ThrottledAsyncChecker.java:schedule(141)) - Scheduling a check for /home/runner/work/ozone/ozone/hadoop-ozone/integration-test/target/test-dir/MiniOzoneClusterImpl-59aba430-7466-43cf-ac60-ffcd1bd17169/datanode-0/data-0/containers/hdds
2023-06-01 19:11:00,424 [main] INFO  volume.StorageVolumeChecker (StorageVolumeChecker.java:checkAllVolumes(202)) - Scheduled health check for volume /home/runner/work/ozone/ozone/hadoop-ozone/integration-test/target/test-dir/MiniOzoneClusterImpl-59aba430-7466-43cf-ac60-ffcd1bd17169/datanode-0/data-0/containers/hdds
2023-06-01 19:11:00,446 [main] INFO  volume.MutableVolumeSet (MutableVolumeSet.java:initializeVolumeSet(175)) - Added Volume : /home/runner/work/ozone/ozone/hadoop-ozone/integration-test/target/test-dir/MiniOzoneClusterImpl-59aba430-7466-43cf-ac60-ffcd1bd17169/datanode-0/data/ratis to VolumeSet
2023-06-01 19:11:00,447 [main] INFO  volume.ThrottledAsyncChecker (ThrottledAsyncChecker.java:schedule(141)) - Scheduling a check for /home/runner/work/ozone/ozone/hadoop-ozone/integration-test/target/test-dir/MiniOzoneClusterImpl-59aba430-7466-43cf-ac60-ffcd1bd17169/datanode-0/data/ratis
2023-06-01 19:11:00,448 [main] INFO  volume.StorageVolumeChecker (StorageVolumeChecker.java:checkAllVolumes(202)) - Scheduled health check for volume /home/runner/work/ozone/ozone/hadoop-ozone/integration-test/target/test-dir/MiniOzoneClusterImpl-59aba430-7466-43cf-ac60-ffcd1bd17169/datanode-0/data/ratis
2023-06-01 19:11:00,475 [Thread-141] INFO  ozoneimpl.ContainerReader (ContainerReader.java:readVolume(175)) - Finish verifying containers on volume /home/runner/work/ozone/ozone/hadoop-ozone/integration-test/target/test-dir/MiniOzoneClusterImpl-59aba430-7466-43cf-ac60-ffcd1bd17169/datanode-0/data-0/containers/hdds
2023-06-01 19:11:00,476 [main] INFO  ozoneimpl.OzoneContainer (OzoneContainer.java:buildContainerSet(303)) - Build ContainerSet costs 0s
2023-06-01 19:11:00,642 [main] INFO  audit.AuditLogger (AuditLogger.java:refreshDebugCmdSet(126)) - Refresh DebugCmdSet for DNAudit to [].
2023-06-01 19:11:00,669 [main] INFO  server.RaftServer (ConfUtils.java:logGet(46)) - raft.rpc.type = GRPC (default)
2023-06-01 19:11:00,672 [main] INFO  grpc.GrpcConfigKeys (ConfUtils.java:logFallback(53)) - raft.grpc.admin.host = null (fallback to raft.grpc.server.host)
2023-06-01 19:11:00,676 [main] INFO  grpc.GrpcConfigKeys (ConfUtils.java:logGet(46)) - raft.grpc.admin.port = 15013 (custom)
2023-06-01 19:11:00,677 [main] INFO  grpc.GrpcConfigKeys (ConfUtils.java:logFallback(53)) - raft.grpc.client.host = null (fallback to raft.grpc.server.host)
2023-06-01 19:11:00,677 [main] INFO  grpc.GrpcConfigKeys (ConfUtils.java:logGet(46)) - raft.grpc.client.port = 15012 (custom)
2023-06-01 19:11:00,677 [main] INFO  grpc.GrpcConfigKeys (ConfUtils.java:logGet(46)) - raft.grpc.server.host = null (default)
2023-06-01 19:11:00,677 [main] INFO  grpc.GrpcConfigKeys (ConfUtils.java:logGet(46)) - raft.grpc.server.port = 15014 (custom)
2023-06-01 19:11:00,678 [main] INFO  server.GrpcService (ConfUtils.java:logGet(46)) - raft.grpc.message.size.max = 32MB (=33554432) (custom)
2023-06-01 19:11:00,679 [main] INFO  server.RaftServerConfigKeys (ConfUtils.java:logGet(46)) - raft.server.log.appender.buffer.byte-limit = 33554432 (custom)
2023-06-01 19:11:00,679 [main] INFO  server.GrpcService (ConfUtils.java:logGet(46)) - raft.grpc.flow.control.window = 5MB (=5242880) (custom)
2023-06-01 19:11:00,679 [main] INFO  server.RaftServerConfigKeys (ConfUtils.java:logGet(46)) - raft.server.rpc.request.timeout = 60s (custom)
2023-06-01 19:11:00,679 [main] INFO  grpc.GrpcConfigKeys (ConfUtils.java:logGet(46)) - raft.grpc.server.heartbeat.channel = true (default)
2023-06-01 19:11:00,679 [main] INFO  grpc.GrpcConfigKeys (ConfUtils.java:logGet(46)) - raft.grpc.server.async.request.thread.pool.cached = true (default)
2023-06-01 19:11:00,680 [main] INFO  grpc.GrpcConfigKeys (ConfUtils.java:logGet(46)) - raft.grpc.server.async.request.thread.pool.size = 32 (default)
2023-06-01 19:11:00,683 [main] INFO  impl.DataStreamServerImpl (ConfUtils.java:logGet(46)) - raft.datastream.type = NETTY (custom)
2023-06-01 19:11:00,692 [main] INFO  server.RaftServerConfigKeys (ConfUtils.java:logGet(46)) - raft.server.data-stream.async.request.thread.pool.cached = false (default)
2023-06-01 19:11:00,692 [main] INFO  server.RaftServerConfigKeys (ConfUtils.java:logGet(46)) - raft.server.data-stream.async.request.thread.pool.size = 20 (custom)
2023-06-01 19:11:00,693 [main] INFO  server.RaftServerConfigKeys (ConfUtils.java:logGet(46)) - raft.server.data-stream.async.write.thread.pool.size = 16 (default)
2023-06-01 19:11:00,694 [main] INFO  server.RaftServerConfigKeys (ConfUtils.java:logGet(46)) - raft.server.data-stream.client.pool.size = 10 (default)
2023-06-01 19:11:00,696 [main] INFO  netty.NettyConfigKeys$DataStream (ConfUtils.java:logGet(46)) - raft.netty.dataStream.server.use-epoll = false (default)
2023-06-01 19:11:00,697 [main] INFO  netty.NettyConfigKeys$DataStream (ConfUtils.java:logGet(46)) - raft.netty.dataStream.server.boss-group.size = 0 (default)
2023-06-01 19:11:00,703 [main] INFO  netty.NettyConfigKeys$DataStream (ConfUtils.java:logGet(46)) - raft.netty.dataStream.server.worker-group.size = 0 (default)
2023-06-01 19:11:00,704 [main] INFO  netty.NettyConfigKeys$DataStream (ConfUtils.java:logGet(46)) - raft.netty.dataStream.server.tls.conf = null (default)
2023-06-01 19:11:00,706 [main] INFO  netty.NettyConfigKeys$DataStream (ConfUtils.java:logGet(46)) - raft.netty.dataStream.host = null (default)
2023-06-01 19:11:00,708 [main] INFO  netty.NettyConfigKeys$DataStream (ConfUtils.java:logGet(46)) - raft.netty.dataStream.port = 15015 (custom)
2023-06-01 19:11:00,718 [main] INFO  server.RaftServerConfigKeys (ConfUtils.java:logGet(46)) - raft.server.threadpool.proxy.cached = true (default)
2023-06-01 19:11:00,719 [main] INFO  server.RaftServerConfigKeys (ConfUtils.java:logGet(46)) - raft.server.threadpool.proxy.size = 0 (default)
2023-06-01 19:11:00,719 [main] INFO  server.RaftServerConfigKeys (ConfUtils.java:logGet(46)) - raft.server.rpc.slowness.timeout = 300s (custom)
2023-06-01 19:11:00,726 [fac1c7af-03c1-44bd-b323-3796df9c2435-NettyServerStreamRpc-bossGroup--thread1] INFO  logging.LoggingHandler (AbstractInternalLogger.java:log(148)) - [id: 0x3bf5ec38] REGISTERED
2023-06-01 19:11:00,726 [fac1c7af-03c1-44bd-b323-3796df9c2435-NettyServerStreamRpc-bossGroup--thread1] INFO  logging.LoggingHandler (AbstractInternalLogger.java:log(148)) - [id: 0x3bf5ec38] BIND: 0.0.0.0/0.0.0.0:15015
2023-06-01 19:11:00,727 [fac1c7af-03c1-44bd-b323-3796df9c2435-NettyServerStreamRpc-bossGroup--thread1] INFO  logging.LoggingHandler (AbstractInternalLogger.java:log(148)) - [id: 0x3bf5ec38, L:/0:0:0:0:0:0:0:0:15015] ACTIVE
2023-06-01 19:11:00,726 [main] INFO  server.RaftServerConfigKeys (ConfUtils.java:logGet(46)) - raft.server.leaderelection.leader.step-down.wait-time = 10s (default)
2023-06-01 19:11:00,728 [main] INFO  server.RaftServerConfigKeys (ConfUtils.java:logGet(46)) - raft.server.storage.dir = [/home/runner/work/ozone/ozone/hadoop-ozone/integration-test/target/test-dir/MiniOzoneClusterImpl-59aba430-7466-43cf-ac60-ffcd1bd17169/datanode-0/data/ratis] (custom)
2023-06-01 19:11:00,749 [main] INFO  server.XceiverServerGrpc (XceiverServerGrpc.java:<init>(132)) - GrpcServer channel type EpollServerSocketChannel
2023-06-01 19:11:00,780 [main] INFO  replication.ReplicationSupervisor (ReplicationSupervisor.java:nodeStateUpdated(296)) - Node state updated to IN_SERVICE, scaling executor pool size to 10
2023-06-01 19:11:00,826 [main] INFO  http.BaseHttpServer (BaseHttpServer.java:newHttpServer2BuilderForOzone(224)) - Starting Web-server for hddsDatanode at: http://0.0.0.0:15009
2023-06-01 19:11:00,827 [main] INFO  http.BaseHttpServer (BaseHttpServer.java:<init>(111)) - Hadoop Security Enabled: false Ozone Security Enabled: false Ozone HTTP Security Enabled: false 
2023-06-01 19:11:00,828 [main] WARN  server.AuthenticationFilter (AuthenticationFilter.java:constructSecretProvider(240)) - Unable to initialize FileSignerSecretProvider, falling back to use random secrets. Reason: Could not read signature secret file: /home/runner/hadoop-http-auth-signature-secret
2023-06-01 19:11:00,829 [main] INFO  http.HttpRequestLog (HttpRequestLog.java:getRequestLog(86)) - Http request log for http.requests.hddsDatanode is not defined
2023-06-01 19:11:00,831 [main] INFO  http.HttpServer2 (HttpServer2.java:addGlobalFilter(1031)) - Added global filter 'safety' (class=org.apache.hadoop.hdds.server.http.HttpServer2$QuotingInputFilter)
2023-06-01 19:11:00,832 [main] INFO  http.HttpServer2 (HttpServer2.java:addFilter(1007)) - Added filter static_user_filter (class=org.apache.hadoop.http.lib.StaticUserWebFilter$StaticUserFilter) to context hddsDatanode
2023-06-01 19:11:00,832 [main] INFO  http.HttpServer2 (HttpServer2.java:addFilter(1015)) - Added filter static_user_filter (class=org.apache.hadoop.http.lib.StaticUserWebFilter$StaticUserFilter) to context logs
2023-06-01 19:11:00,832 [main] INFO  http.HttpServer2 (HttpServer2.java:addFilter(1015)) - Added filter static_user_filter (class=org.apache.hadoop.http.lib.StaticUserWebFilter$StaticUserFilter) to context static
2023-06-01 19:11:00,835 [main] INFO  http.BaseHttpServer (BaseHttpServer.java:<init>(190)) - HTTP server of hddsDatanode uses base directory /home/runner/work/ozone/ozone/hadoop-ozone/integration-test/target/test-dir/MiniOzoneClusterImpl-59aba430-7466-43cf-ac60-ffcd1bd17169/datanode-0/meta/webserver
2023-06-01 19:11:00,836 [main] INFO  http.HttpServer2 (HttpServer2.java:bindListener(1250)) - Jetty bound to port 15009
2023-06-01 19:11:00,836 [main] INFO  server.Server (Server.java:doStart(375)) - jetty-9.4.51.v20230217; built: 2023-02-17T08:19:37.309Z; git: b45c405e4544384de066f814ed42ae3dceacdd49; jvm 1.8.0_362-b09
2023-06-01 19:11:00,843 [main] INFO  server.session (DefaultSessionIdManager.java:doStart(334)) - DefaultSessionIdManager workerName=node0
2023-06-01 19:11:00,843 [main] INFO  server.session (DefaultSessionIdManager.java:doStart(339)) - No SessionScavenger set, using defaults
2023-06-01 19:11:00,843 [main] INFO  server.session (HouseKeeper.java:startScavenging(132)) - node0 Scavenging every 600000ms
2023-06-01 19:11:00,846 [main] INFO  handler.ContextHandler (ContextHandler.java:doStart(921)) - Started o.e.j.s.ServletContextHandler@56db546a{logs,/logs,file:///home/runner/work/ozone/ozone/hadoop-ozone/integration-test/target/log,AVAILABLE}
2023-06-01 19:11:00,847 [main] INFO  handler.ContextHandler (ContextHandler.java:doStart(921)) - Started o.e.j.s.ServletContextHandler@4167729a{static,/static,jar:file:/home/runner/.m2/repository/org/apache/ozone/hdds-container-service/1.4.0-SNAPSHOT/hdds-container-service-1.4.0-SNAPSHOT.jar!/webapps/static,AVAILABLE}
2023-06-01 19:11:01,100 [main] INFO  handler.ContextHandler (ContextHandler.java:doStart(921)) - Started o.e.j.w.WebAppContext@75b05370{hddsDatanode,/,file:///home/runner/work/ozone/ozone/hadoop-ozone/integration-test/target/test-dir/MiniOzoneClusterImpl-59aba430-7466-43cf-ac60-ffcd1bd17169/datanode-0/meta/webserver/jetty-0_0_0_0-15009-hdds-container-service-1_4_0-SNAPSHOT_jar-_-any-7594637601436524704/webapp/,AVAILABLE}{jar:file:/home/runner/.m2/repository/org/apache/ozone/hdds-container-service/1.4.0-SNAPSHOT/hdds-container-service-1.4.0-SNAPSHOT.jar!/webapps/hddsDatanode}
2023-06-01 19:11:01,102 [main] INFO  server.AbstractConnector (AbstractConnector.java:doStart(333)) - Started ServerConnector@25358a90{HTTP/1.1, (http/1.1)}{0.0.0.0:15009}
2023-06-01 19:11:01,103 [main] INFO  server.Server (Server.java:doStart(415)) - Started @8212ms
2023-06-01 19:11:01,103 [main] WARN  impl.MetricsSystemImpl (MetricsSystemImpl.java:register(279)) - Sink prometheus already exists!
2023-06-01 19:11:01,103 [main] INFO  http.BaseHttpServer (BaseHttpServer.java:updateConnectorAddress(344)) - HTTP server of hddsDatanode listening at http://0.0.0.0:15009
2023-06-01 19:11:01,107 [main] INFO  ipc.CallQueueManager (CallQueueManager.java:<init>(90)) - Using callQueue: class java.util.concurrent.LinkedBlockingQueue, queueCapacity: 100, scheduler: class org.apache.hadoop.ipc.DefaultRpcScheduler, ipcBackoff: false.
2023-06-01 19:11:01,110 [Socket Reader #1 for port 15010] INFO  ipc.Server (Server.java:run(1319)) - Starting Socket Reader #1 for port 15010
2023-06-01 19:11:01,117 [Listener at 0.0.0.0/15010] INFO  hdds.HddsUtils (HddsUtils.java:preserveThreadName(843)) - Restoring thread name: main
2023-06-01 19:11:01,118 [main] INFO  ozone.HddsDatanodeService (HddsDatanodeService.java:start(337)) - Datanode start with admins: [runner]
2023-06-01 19:11:01,118 [main] INFO  ozone.HddsDatanodeClientProtocolServer (HddsDatanodeClientProtocolServer.java:start(83)) - RPC server for Client /0.0.0.0:15010
2023-06-01 19:11:01,131 [IPC Server listener on 15010] INFO  ipc.Server (Server.java:run(1398)) - IPC Server listener on 15010: starting
2023-06-01 19:11:01,131 [IPC Server Responder] INFO  ipc.Server (Server.java:run(1558)) - IPC Server Responder: starting
2023-06-01 19:11:01,133 [main] WARN  impl.MetricRegistriesImpl (MetricRegistriesImpl.java:addReporterRegistration(111)) - New reporters are added after registries were created. Some metrics will be missing from the reporter. Please add reporter before adding any new registry.
2023-06-01 19:11:01,133 [main] WARN  impl.MetricRegistriesImpl (MetricRegistriesImpl.java:addReporterRegistration(111)) - New reporters are added after registries were created. Some metrics will be missing from the reporter. Please add reporter before adding any new registry.
2023-06-01 19:11:01,134 [main] INFO  impl.MetricsSystemImpl (MetricsSystemImpl.java:init(158)) - HddsDatanode metrics system started (again)
2023-06-01 19:11:01,133 [Datanode State Machine Daemon Thread] INFO  statemachine.DatanodeStateMachine (DatanodeStateMachine.java:lambda$startDaemon$0(537)) - Ozone container server started.
2023-06-01 19:11:01,157 [org.apache.hadoop.util.JvmPauseMonitor$Monitor@418f7e3] INFO  util.JvmPauseMonitor (JvmPauseMonitor.java:run(188)) - Starting JVM pause monitor
2023-06-01 19:11:01,157 [main] INFO  ozone.HddsDatanodeService (HddsDatanodeService.java:start(264)) - HddsDatanodeService host:fv-az163-187.kzyshwy3mise5klwsllqwzgzyb.cx.internal.cloudapp.net ip:10.1.0.196
2023-06-01 19:11:01,183 [main] INFO  upgrade.AbstractLayoutVersionManager (AbstractLayoutVersionManager.java:init(83)) - Initializing Layout version manager with metadata layout = HADOOP_PRC_PORTS_IN_DATANODEDETAILS (version = 7), software layout = HADOOP_PRC_PORTS_IN_DATANODEDETAILS (version = 7)
2023-06-01 19:11:01,184 [main] INFO  statemachine.DatanodeStateMachine (DatanodeStateMachine.java:getEndPointTaskThreadPoolSize(275)) - Datanode State Machine Task Thread Pool size 2
2023-06-01 19:11:01,192 [main] INFO  volume.HddsVolume (HddsVolume.java:<init>(130)) - Creating HddsVolume: /home/runner/work/ozone/ozone/hadoop-ozone/integration-test/target/test-dir/MiniOzoneClusterImpl-59aba430-7466-43cf-ac60-ffcd1bd17169/datanode-1/data-0/containers/hdds of storage type : DISK capacity : 9223372036854775807
2023-06-01 19:11:01,192 [main] INFO  volume.MutableVolumeSet (MutableVolumeSet.java:initializeVolumeSet(175)) - Added Volume : /home/runner/work/ozone/ozone/hadoop-ozone/integration-test/target/test-dir/MiniOzoneClusterImpl-59aba430-7466-43cf-ac60-ffcd1bd17169/datanode-1/data-0/containers/hdds to VolumeSet
2023-06-01 19:11:01,192 [main] INFO  volume.ThrottledAsyncChecker (ThrottledAsyncChecker.java:schedule(141)) - Scheduling a check for /home/runner/work/ozone/ozone/hadoop-ozone/integration-test/target/test-dir/MiniOzoneClusterImpl-59aba430-7466-43cf-ac60-ffcd1bd17169/datanode-1/data-0/containers/hdds
2023-06-01 19:11:01,193 [om1@group-C5BA1605619E-FollowerState] INFO  impl.FollowerState (FollowerState.java:run(143)) - om1@group-C5BA1605619E-FollowerState: change to CANDIDATE, lastRpcElapsedTime:1196471939ns, electionTimeout:1183ms
2023-06-01 19:11:01,194 [om1@group-C5BA1605619E-FollowerState] INFO  impl.RoleInfo (RoleInfo.java:shutdownFollowerState(110)) - om1: shutdown om1@group-C5BA1605619E-FollowerState
2023-06-01 19:11:01,195 [om1@group-C5BA1605619E-FollowerState] INFO  server.RaftServer$Division (RaftServerImpl.java:setRole(329)) - om1@group-C5BA1605619E: changes role from  FOLLOWER to CANDIDATE at term 0 for changeToCandidate
2023-06-01 19:11:01,200 [main] INFO  volume.StorageVolumeChecker (StorageVolumeChecker.java:checkAllVolumes(202)) - Scheduled health check for volume /home/runner/work/ozone/ozone/hadoop-ozone/integration-test/target/test-dir/MiniOzoneClusterImpl-59aba430-7466-43cf-ac60-ffcd1bd17169/datanode-1/data-0/containers/hdds
2023-06-01 19:11:01,200 [om1@group-C5BA1605619E-FollowerState] INFO  server.RaftServerConfigKeys (ConfUtils.java:logGet(46)) - raft.server.leaderelection.pre-vote = true (default)
2023-06-01 19:11:01,200 [om1@group-C5BA1605619E-FollowerState] INFO  impl.RoleInfo (RoleInfo.java:updateAndGet(139)) - om1: start om1@group-C5BA1605619E-LeaderElection1
2023-06-01 19:11:01,214 [om1@group-C5BA1605619E-LeaderElection1] INFO  impl.LeaderElection (LeaderElection.java:askForVotes(321)) - om1@group-C5BA1605619E-LeaderElection1 PRE_VOTE round 0: submit vote requests at term 0 for -1: peers:[om1|rpc:localhost:15007|priority:0|startupRole:FOLLOWER]|listeners:[], old=null
2023-06-01 19:11:01,216 [main] INFO  volume.MutableVolumeSet (MutableVolumeSet.java:initializeVolumeSet(175)) - Added Volume : /home/runner/work/ozone/ozone/hadoop-ozone/integration-test/target/test-dir/MiniOzoneClusterImpl-59aba430-7466-43cf-ac60-ffcd1bd17169/datanode-1/data/ratis to VolumeSet
2023-06-01 19:11:01,217 [main] INFO  volume.ThrottledAsyncChecker (ThrottledAsyncChecker.java:schedule(141)) - Scheduling a check for /home/runner/work/ozone/ozone/hadoop-ozone/integration-test/target/test-dir/MiniOzoneClusterImpl-59aba430-7466-43cf-ac60-ffcd1bd17169/datanode-1/data/ratis
2023-06-01 19:11:01,217 [main] INFO  volume.StorageVolumeChecker (StorageVolumeChecker.java:checkAllVolumes(202)) - Scheduled health check for volume /home/runner/work/ozone/ozone/hadoop-ozone/integration-test/target/test-dir/MiniOzoneClusterImpl-59aba430-7466-43cf-ac60-ffcd1bd17169/datanode-1/data/ratis
2023-06-01 19:11:01,218 [om1@group-C5BA1605619E-LeaderElection1] INFO  impl.LeaderElection (LeaderElection.java:askForVotes(323)) - om1@group-C5BA1605619E-LeaderElection1 PRE_VOTE round 0: result PASSED (term=0)
2023-06-01 19:11:01,224 [om1@group-C5BA1605619E-LeaderElection1] INFO  impl.LeaderElection (LeaderElection.java:askForVotes(321)) - om1@group-C5BA1605619E-LeaderElection1 ELECTION round 0: submit vote requests at term 1 for -1: peers:[om1|rpc:localhost:15007|priority:0|startupRole:FOLLOWER]|listeners:[], old=null
2023-06-01 19:11:01,224 [om1@group-C5BA1605619E-LeaderElection1] INFO  impl.LeaderElection (LeaderElection.java:askForVotes(323)) - om1@group-C5BA1605619E-LeaderElection1 ELECTION round 0: result PASSED (term=1)
2023-06-01 19:11:01,225 [om1@group-C5BA1605619E-LeaderElection1] INFO  impl.RoleInfo (RoleInfo.java:shutdownLeaderElection(130)) - om1: shutdown om1@group-C5BA1605619E-LeaderElection1
2023-06-01 19:11:01,227 [om1@group-C5BA1605619E-LeaderElection1] INFO  server.RaftServer$Division (RaftServerImpl.java:setRole(329)) - om1@group-C5BA1605619E: changes role from CANDIDATE to LEADER at term 1 for changeToLeader
2023-06-01 19:11:01,228 [Thread-160] INFO  ozoneimpl.ContainerReader (ContainerReader.java:readVolume(175)) - Finish verifying containers on volume /home/runner/work/ozone/ozone/hadoop-ozone/integration-test/target/test-dir/MiniOzoneClusterImpl-59aba430-7466-43cf-ac60-ffcd1bd17169/datanode-1/data-0/containers/hdds
2023-06-01 19:11:01,235 [main] INFO  ozoneimpl.OzoneContainer (OzoneContainer.java:buildContainerSet(303)) - Build ContainerSet costs 0s
2023-06-01 19:11:01,238 [main] INFO  server.RaftServer (ConfUtils.java:logGet(46)) - raft.rpc.type = GRPC (default)
2023-06-01 19:11:01,239 [main] INFO  grpc.GrpcConfigKeys (ConfUtils.java:logFallback(53)) - raft.grpc.admin.host = null (fallback to raft.grpc.server.host)
2023-06-01 19:11:01,239 [main] INFO  grpc.GrpcConfigKeys (ConfUtils.java:logGet(46)) - raft.grpc.admin.port = 15022 (custom)
2023-06-01 19:11:01,239 [main] INFO  grpc.GrpcConfigKeys (ConfUtils.java:logFallback(53)) - raft.grpc.client.host = null (fallback to raft.grpc.server.host)
2023-06-01 19:11:01,239 [main] INFO  grpc.GrpcConfigKeys (ConfUtils.java:logGet(46)) - raft.grpc.client.port = 15021 (custom)
2023-06-01 19:11:01,239 [main] INFO  grpc.GrpcConfigKeys (ConfUtils.java:logGet(46)) - raft.grpc.server.host = null (default)
2023-06-01 19:11:01,239 [main] INFO  grpc.GrpcConfigKeys (ConfUtils.java:logGet(46)) - raft.grpc.server.port = 15023 (custom)
2023-06-01 19:11:01,239 [main] INFO  server.GrpcService (ConfUtils.java:logGet(46)) - raft.grpc.message.size.max = 32MB (=33554432) (custom)
2023-06-01 19:11:01,239 [main] INFO  server.RaftServerConfigKeys (ConfUtils.java:logGet(46)) - raft.server.log.appender.buffer.byte-limit = 33554432 (custom)
2023-06-01 19:11:01,240 [main] INFO  server.GrpcService (ConfUtils.java:logGet(46)) - raft.grpc.flow.control.window = 5MB (=5242880) (custom)
2023-06-01 19:11:01,240 [main] INFO  server.RaftServerConfigKeys (ConfUtils.java:logGet(46)) - raft.server.rpc.request.timeout = 60s (custom)
2023-06-01 19:11:01,240 [main] INFO  grpc.GrpcConfigKeys (ConfUtils.java:logGet(46)) - raft.grpc.server.heartbeat.channel = true (default)
2023-06-01 19:11:01,240 [main] INFO  grpc.GrpcConfigKeys (ConfUtils.java:logGet(46)) - raft.grpc.server.async.request.thread.pool.cached = true (default)
2023-06-01 19:11:01,240 [main] INFO  grpc.GrpcConfigKeys (ConfUtils.java:logGet(46)) - raft.grpc.server.async.request.thread.pool.size = 32 (default)
2023-06-01 19:11:01,245 [main] INFO  impl.DataStreamServerImpl (ConfUtils.java:logGet(46)) - raft.datastream.type = NETTY (custom)
2023-06-01 19:11:01,245 [main] INFO  server.RaftServerConfigKeys (ConfUtils.java:logGet(46)) - raft.server.data-stream.async.request.thread.pool.cached = false (default)
2023-06-01 19:11:01,245 [main] INFO  server.RaftServerConfigKeys (ConfUtils.java:logGet(46)) - raft.server.data-stream.async.request.thread.pool.size = 20 (custom)
2023-06-01 19:11:01,246 [main] INFO  server.RaftServerConfigKeys (ConfUtils.java:logGet(46)) - raft.server.data-stream.async.write.thread.pool.size = 16 (default)
2023-06-01 19:11:01,247 [main] INFO  server.RaftServerConfigKeys (ConfUtils.java:logGet(46)) - raft.server.data-stream.client.pool.size = 10 (default)
2023-06-01 19:11:01,247 [main] INFO  netty.NettyConfigKeys$DataStream (ConfUtils.java:logGet(46)) - raft.netty.dataStream.server.use-epoll = false (default)
2023-06-01 19:11:01,247 [main] INFO  netty.NettyConfigKeys$DataStream (ConfUtils.java:logGet(46)) - raft.netty.dataStream.server.boss-group.size = 0 (default)
2023-06-01 19:11:01,247 [main] INFO  netty.NettyConfigKeys$DataStream (ConfUtils.java:logGet(46)) - raft.netty.dataStream.server.worker-group.size = 0 (default)
2023-06-01 19:11:01,248 [main] INFO  netty.NettyConfigKeys$DataStream (ConfUtils.java:logGet(46)) - raft.netty.dataStream.server.tls.conf = null (default)
2023-06-01 19:11:01,248 [main] INFO  netty.NettyConfigKeys$DataStream (ConfUtils.java:logGet(46)) - raft.netty.dataStream.host = null (default)
2023-06-01 19:11:01,250 [main] INFO  netty.NettyConfigKeys$DataStream (ConfUtils.java:logGet(46)) - raft.netty.dataStream.port = 15024 (custom)
2023-06-01 19:11:01,249 [om1@group-C5BA1605619E-LeaderElection1] INFO  server.RaftServer$Division (ServerState.java:setLeader(317)) - om1@group-C5BA1605619E: change Leader from null to om1 at term 1 for becomeLeader, leader elected after 2345ms
2023-06-01 19:11:01,258 [main] INFO  server.RaftServerConfigKeys (ConfUtils.java:logGet(46)) - raft.server.threadpool.proxy.cached = true (default)
2023-06-01 19:11:01,259 [main] INFO  server.RaftServerConfigKeys (ConfUtils.java:logGet(46)) - raft.server.threadpool.proxy.size = 0 (default)
2023-06-01 19:11:01,259 [main] INFO  server.RaftServerConfigKeys (ConfUtils.java:logGet(46)) - raft.server.rpc.slowness.timeout = 300s (custom)
2023-06-01 19:11:01,259 [main] INFO  server.RaftServerConfigKeys (ConfUtils.java:logGet(46)) - raft.server.leaderelection.leader.step-down.wait-time = 10s (default)
2023-06-01 19:11:01,259 [main] INFO  server.RaftServerConfigKeys (ConfUtils.java:logGet(46)) - raft.server.storage.dir = [/home/runner/work/ozone/ozone/hadoop-ozone/integration-test/target/test-dir/MiniOzoneClusterImpl-59aba430-7466-43cf-ac60-ffcd1bd17169/datanode-1/data/ratis] (custom)
2023-06-01 19:11:01,268 [om1@group-C5BA1605619E-LeaderElection1] INFO  server.RaftServerConfigKeys (ConfUtils.java:logGet(46)) - raft.server.staging.catchup.gap = 1000 (default)
2023-06-01 19:11:01,270 [main] INFO  server.XceiverServerGrpc (XceiverServerGrpc.java:<init>(132)) - GrpcServer channel type EpollServerSocketChannel
2023-06-01 19:11:01,272 [om1@group-C5BA1605619E-LeaderElection1] INFO  server.RaftServerConfigKeys (ConfUtils.java:logGet(46)) - raft.server.write.element-limit = 4096 (default)
2023-06-01 19:11:01,272 [main] INFO  replication.ReplicationSupervisor (ReplicationSupervisor.java:nodeStateUpdated(296)) - Node state updated to IN_SERVICE, scaling executor pool size to 10
2023-06-01 19:11:01,272 [om1@group-C5BA1605619E-LeaderElection1] INFO  server.RaftServerConfigKeys (ConfUtils.java:logGet(46)) - raft.server.write.byte-limit = 64MB (=67108864) (default)
2023-06-01 19:11:01,281 [om1@group-C5BA1605619E-LeaderElection1] INFO  server.RaftServerConfigKeys (ConfUtils.java:logGet(46)) - raft.server.watch.timeout = 10s (default)
2023-06-01 19:11:01,282 [om1@group-C5BA1605619E-LeaderElection1] INFO  server.RaftServerConfigKeys (ConfUtils.java:logGet(46)) - raft.server.watch.timeout.denomination = 1s (default)
2023-06-01 19:11:01,282 [om1@group-C5BA1605619E-LeaderElection1] INFO  server.RaftServerConfigKeys (ConfUtils.java:logGet(46)) - raft.server.watch.element-limit = 65536 (default)
2023-06-01 19:11:01,278 [c686f304-079c-4e24-9d21-fd4c36dc1242-NettyServerStreamRpc-bossGroup--thread1] INFO  logging.LoggingHandler (AbstractInternalLogger.java:log(148)) - [id: 0x8c2134ee] REGISTERED
2023-06-01 19:11:01,283 [c686f304-079c-4e24-9d21-fd4c36dc1242-NettyServerStreamRpc-bossGroup--thread1] INFO  logging.LoggingHandler (AbstractInternalLogger.java:log(148)) - [id: 0x8c2134ee] BIND: 0.0.0.0/0.0.0.0:15024
2023-06-01 19:11:01,283 [c686f304-079c-4e24-9d21-fd4c36dc1242-NettyServerStreamRpc-bossGroup--thread1] INFO  logging.LoggingHandler (AbstractInternalLogger.java:log(148)) - [id: 0x8c2134ee, L:/0:0:0:0:0:0:0:0:15024] ACTIVE
2023-06-01 19:11:01,282 [main] INFO  http.BaseHttpServer (BaseHttpServer.java:newHttpServer2BuilderForOzone(224)) - Starting Web-server for hddsDatanode at: http://0.0.0.0:15018
2023-06-01 19:11:01,288 [main] INFO  http.BaseHttpServer (BaseHttpServer.java:<init>(111)) - Hadoop Security Enabled: false Ozone Security Enabled: false Ozone HTTP Security Enabled: false 
2023-06-01 19:11:01,289 [main] WARN  server.AuthenticationFilter (AuthenticationFilter.java:constructSecretProvider(240)) - Unable to initialize FileSignerSecretProvider, falling back to use random secrets. Reason: Could not read signature secret file: /home/runner/hadoop-http-auth-signature-secret
2023-06-01 19:11:01,291 [om1@group-C5BA1605619E-LeaderElection1] INFO  server.RaftServerConfigKeys (ConfUtils.java:logGet(46)) - raft.server.write.element-limit = 4096 (default)
2023-06-01 19:11:01,292 [om1@group-C5BA1605619E-LeaderElection1] INFO  server.RaftServerConfigKeys (ConfUtils.java:logGet(46)) - raft.server.write.follower.gap.ratio.max = -1.0 (default)
2023-06-01 19:11:01,297 [main] INFO  http.HttpRequestLog (HttpRequestLog.java:getRequestLog(86)) - Http request log for http.requests.hddsDatanode is not defined
2023-06-01 19:11:01,298 [main] INFO  http.HttpServer2 (HttpServer2.java:addGlobalFilter(1031)) - Added global filter 'safety' (class=org.apache.hadoop.hdds.server.http.HttpServer2$QuotingInputFilter)
2023-06-01 19:11:01,299 [main] INFO  http.HttpServer2 (HttpServer2.java:addFilter(1007)) - Added filter static_user_filter (class=org.apache.hadoop.http.lib.StaticUserWebFilter$StaticUserFilter) to context hddsDatanode
2023-06-01 19:11:01,299 [main] INFO  http.HttpServer2 (HttpServer2.java:addFilter(1015)) - Added filter static_user_filter (class=org.apache.hadoop.http.lib.StaticUserWebFilter$StaticUserFilter) to context logs
2023-06-01 19:11:01,299 [main] INFO  http.HttpServer2 (HttpServer2.java:addFilter(1015)) - Added filter static_user_filter (class=org.apache.hadoop.http.lib.StaticUserWebFilter$StaticUserFilter) to context static
2023-06-01 19:11:01,300 [main] INFO  http.BaseHttpServer (BaseHttpServer.java:<init>(190)) - HTTP server of hddsDatanode uses base directory /home/runner/work/ozone/ozone/hadoop-ozone/integration-test/target/test-dir/MiniOzoneClusterImpl-59aba430-7466-43cf-ac60-ffcd1bd17169/datanode-1/meta/webserver
2023-06-01 19:11:01,300 [main] INFO  http.HttpServer2 (HttpServer2.java:bindListener(1250)) - Jetty bound to port 15018
2023-06-01 19:11:01,300 [main] INFO  server.Server (Server.java:doStart(375)) - jetty-9.4.51.v20230217; built: 2023-02-17T08:19:37.309Z; git: b45c405e4544384de066f814ed42ae3dceacdd49; jvm 1.8.0_362-b09
2023-06-01 19:11:01,301 [om1@group-C5BA1605619E-LeaderElection1] INFO  impl.RoleInfo (RoleInfo.java:updateAndGet(139)) - om1: start om1@group-C5BA1605619E-LeaderStateImpl
2023-06-01 19:11:01,345 [om1@group-C5BA1605619E-LeaderElection1] INFO  segmented.SegmentedRaftLogWorker (SegmentedRaftLogWorker.java:startLogSegment(447)) - om1@group-C5BA1605619E-SegmentedRaftLogWorker: Starting segment from index:0
2023-06-01 19:11:01,369 [main] INFO  server.session (DefaultSessionIdManager.java:doStart(334)) - DefaultSessionIdManager workerName=node0
2023-06-01 19:11:01,369 [main] INFO  server.session (DefaultSessionIdManager.java:doStart(339)) - No SessionScavenger set, using defaults
2023-06-01 19:11:01,369 [main] INFO  server.session (HouseKeeper.java:startScavenging(132)) - node0 Scavenging every 600000ms
2023-06-01 19:11:01,375 [main] INFO  handler.ContextHandler (ContextHandler.java:doStart(921)) - Started o.e.j.s.ServletContextHandler@4d697229{logs,/logs,file:///home/runner/work/ozone/ozone/hadoop-ozone/integration-test/target/log,AVAILABLE}
2023-06-01 19:11:01,375 [main] INFO  handler.ContextHandler (ContextHandler.java:doStart(921)) - Started o.e.j.s.ServletContextHandler@6e92b4af{static,/static,jar:file:/home/runner/.m2/repository/org/apache/ozone/hdds-container-service/1.4.0-SNAPSHOT/hdds-container-service-1.4.0-SNAPSHOT.jar!/webapps/static,AVAILABLE}
2023-06-01 19:11:01,405 [om1@group-C5BA1605619E-LeaderElection1] INFO  server.RaftServer$Division (ServerState.java:setRaftConf(434)) - om1@group-C5BA1605619E: set configuration 0: peers:[om1|rpc:localhost:15007|admin:|client:|dataStream:|priority:0|startupRole:FOLLOWER]|listeners:[], old=null
2023-06-01 19:11:01,426 [Datanode State Machine Task Thread - 0] INFO  datanode.InitDatanodeState (InitDatanodeState.java:persistContainerDatanodeDetails(138)) - DatanodeDetails is persisted to /home/runner/work/ozone/ozone/hadoop-ozone/integration-test/target/test-dir/MiniOzoneClusterImpl-59aba430-7466-43cf-ac60-ffcd1bd17169/datanode-0/meta/datanode.id
2023-06-01 19:11:01,490 [om1@group-C5BA1605619E-SegmentedRaftLogWorker] INFO  segmented.SegmentedRaftLogWorker (SegmentedRaftLogWorker.java:execute(651)) - om1@group-C5BA1605619E-SegmentedRaftLogWorker: created new log segment /home/runner/work/ozone/ozone/hadoop-ozone/integration-test/target/test-dir/MiniOzoneClusterImpl-59aba430-7466-43cf-ac60-ffcd1bd17169/ozone-meta/ratis/bf265839-605b-3f16-9796-c5ba1605619e/current/log_inprogress_0
2023-06-01 19:11:01,583 [om1@group-C5BA1605619E-StateMachineUpdater] INFO  ratis.OzoneManagerStateMachine (OzoneManagerStateMachine.java:notifyConfigurationChanged(201)) - Received Configuration change notification from Ratis. New Peer list:
[id: "om1"
address: "localhost:15007"
startupRole: FOLLOWER
]
2023-06-01 19:11:01,641 [main] INFO  handler.ContextHandler (ContextHandler.java:doStart(921)) - Started o.e.j.w.WebAppContext@2f273416{hddsDatanode,/,file:///home/runner/work/ozone/ozone/hadoop-ozone/integration-test/target/test-dir/MiniOzoneClusterImpl-59aba430-7466-43cf-ac60-ffcd1bd17169/datanode-1/meta/webserver/jetty-0_0_0_0-15018-hdds-container-service-1_4_0-SNAPSHOT_jar-_-any-9041643944773088960/webapp/,AVAILABLE}{jar:file:/home/runner/.m2/repository/org/apache/ozone/hdds-container-service/1.4.0-SNAPSHOT/hdds-container-service-1.4.0-SNAPSHOT.jar!/webapps/hddsDatanode}
2023-06-01 19:11:01,642 [main] INFO  server.AbstractConnector (AbstractConnector.java:doStart(333)) - Started ServerConnector@38be06b0{HTTP/1.1, (http/1.1)}{0.0.0.0:15018}
2023-06-01 19:11:01,642 [main] INFO  server.Server (Server.java:doStart(415)) - Started @8752ms
2023-06-01 19:11:01,643 [main] WARN  impl.MetricsSystemImpl (MetricsSystemImpl.java:register(279)) - Sink prometheus already exists!
2023-06-01 19:11:01,643 [main] INFO  http.BaseHttpServer (BaseHttpServer.java:updateConnectorAddress(344)) - HTTP server of hddsDatanode listening at http://0.0.0.0:15018
2023-06-01 19:11:01,644 [main] INFO  ipc.CallQueueManager (CallQueueManager.java:<init>(90)) - Using callQueue: class java.util.concurrent.LinkedBlockingQueue, queueCapacity: 100, scheduler: class org.apache.hadoop.ipc.DefaultRpcScheduler, ipcBackoff: false.
2023-06-01 19:11:01,644 [Socket Reader #1 for port 15019] INFO  ipc.Server (Server.java:run(1319)) - Starting Socket Reader #1 for port 15019
2023-06-01 19:11:01,647 [Listener at 0.0.0.0/15019] INFO  hdds.HddsUtils (HddsUtils.java:preserveThreadName(843)) - Restoring thread name: main
2023-06-01 19:11:01,652 [main] INFO  ozone.HddsDatanodeService (HddsDatanodeService.java:start(337)) - Datanode start with admins: [runner]
2023-06-01 19:11:01,652 [main] INFO  ozone.HddsDatanodeClientProtocolServer (HddsDatanodeClientProtocolServer.java:start(83)) - RPC server for Client /0.0.0.0:15019
2023-06-01 19:11:01,654 [IPC Server Responder] INFO  ipc.Server (Server.java:run(1558)) - IPC Server Responder: starting
2023-06-01 19:11:01,654 [IPC Server listener on 15019] INFO  ipc.Server (Server.java:run(1398)) - IPC Server listener on 15019: starting
2023-06-01 19:11:01,655 [main] WARN  impl.MetricRegistriesImpl (MetricRegistriesImpl.java:addReporterRegistration(111)) - New reporters are added after registries were created. Some metrics will be missing from the reporter. Please add reporter before adding any new registry.
2023-06-01 19:11:01,655 [main] WARN  impl.MetricRegistriesImpl (MetricRegistriesImpl.java:addReporterRegistration(111)) - New reporters are added after registries were created. Some metrics will be missing from the reporter. Please add reporter before adding any new registry.
2023-06-01 19:11:01,655 [main] INFO  impl.MetricsSystemImpl (MetricsSystemImpl.java:init(158)) - HddsDatanode metrics system started (again)
2023-06-01 19:11:01,661 [Datanode State Machine Daemon Thread] INFO  statemachine.DatanodeStateMachine (DatanodeStateMachine.java:lambda$startDaemon$0(537)) - Ozone container server started.
2023-06-01 19:11:01,672 [org.apache.hadoop.util.JvmPauseMonitor$Monitor@7e01e14b] INFO  util.JvmPauseMonitor (JvmPauseMonitor.java:run(188)) - Starting JVM pause monitor
2023-06-01 19:11:01,682 [main] INFO  ozone.HddsDatanodeService (HddsDatanodeService.java:start(264)) - HddsDatanodeService host:fv-az163-187.kzyshwy3mise5klwsllqwzgzyb.cx.internal.cloudapp.net ip:10.1.0.196
2023-06-01 19:11:01,691 [Datanode State Machine Task Thread - 0] INFO  datanode.InitDatanodeState (InitDatanodeState.java:persistContainerDatanodeDetails(138)) - DatanodeDetails is persisted to /home/runner/work/ozone/ozone/hadoop-ozone/integration-test/target/test-dir/MiniOzoneClusterImpl-59aba430-7466-43cf-ac60-ffcd1bd17169/datanode-1/meta/datanode.id
2023-06-01 19:11:01,707 [main] INFO  upgrade.AbstractLayoutVersionManager (AbstractLayoutVersionManager.java:init(83)) - Initializing Layout version manager with metadata layout = HADOOP_PRC_PORTS_IN_DATANODEDETAILS (version = 7), software layout = HADOOP_PRC_PORTS_IN_DATANODEDETAILS (version = 7)
2023-06-01 19:11:01,708 [main] INFO  statemachine.DatanodeStateMachine (DatanodeStateMachine.java:getEndPointTaskThreadPoolSize(275)) - Datanode State Machine Task Thread Pool size 2
2023-06-01 19:11:01,711 [main] INFO  volume.HddsVolume (HddsVolume.java:<init>(130)) - Creating HddsVolume: /home/runner/work/ozone/ozone/hadoop-ozone/integration-test/target/test-dir/MiniOzoneClusterImpl-59aba430-7466-43cf-ac60-ffcd1bd17169/datanode-2/data-0/containers/hdds of storage type : DISK capacity : 9223372036854775807
2023-06-01 19:11:01,712 [main] INFO  volume.MutableVolumeSet (MutableVolumeSet.java:initializeVolumeSet(175)) - Added Volume : /home/runner/work/ozone/ozone/hadoop-ozone/integration-test/target/test-dir/MiniOzoneClusterImpl-59aba430-7466-43cf-ac60-ffcd1bd17169/datanode-2/data-0/containers/hdds to VolumeSet
2023-06-01 19:11:01,712 [main] INFO  volume.ThrottledAsyncChecker (ThrottledAsyncChecker.java:schedule(141)) - Scheduling a check for /home/runner/work/ozone/ozone/hadoop-ozone/integration-test/target/test-dir/MiniOzoneClusterImpl-59aba430-7466-43cf-ac60-ffcd1bd17169/datanode-2/data-0/containers/hdds
2023-06-01 19:11:01,712 [main] INFO  volume.StorageVolumeChecker (StorageVolumeChecker.java:checkAllVolumes(202)) - Scheduled health check for volume /home/runner/work/ozone/ozone/hadoop-ozone/integration-test/target/test-dir/MiniOzoneClusterImpl-59aba430-7466-43cf-ac60-ffcd1bd17169/datanode-2/data-0/containers/hdds
2023-06-01 19:11:01,725 [main] INFO  volume.MutableVolumeSet (MutableVolumeSet.java:initializeVolumeSet(175)) - Added Volume : /home/runner/work/ozone/ozone/hadoop-ozone/integration-test/target/test-dir/MiniOzoneClusterImpl-59aba430-7466-43cf-ac60-ffcd1bd17169/datanode-2/data/ratis to VolumeSet
2023-06-01 19:11:01,726 [main] INFO  volume.ThrottledAsyncChecker (ThrottledAsyncChecker.java:schedule(141)) - Scheduling a check for /home/runner/work/ozone/ozone/hadoop-ozone/integration-test/target/test-dir/MiniOzoneClusterImpl-59aba430-7466-43cf-ac60-ffcd1bd17169/datanode-2/data/ratis
2023-06-01 19:11:01,726 [main] INFO  volume.StorageVolumeChecker (StorageVolumeChecker.java:checkAllVolumes(202)) - Scheduled health check for volume /home/runner/work/ozone/ozone/hadoop-ozone/integration-test/target/test-dir/MiniOzoneClusterImpl-59aba430-7466-43cf-ac60-ffcd1bd17169/datanode-2/data/ratis
2023-06-01 19:11:01,743 [Thread-179] INFO  ozoneimpl.ContainerReader (ContainerReader.java:readVolume(175)) - Finish verifying containers on volume /home/runner/work/ozone/ozone/hadoop-ozone/integration-test/target/test-dir/MiniOzoneClusterImpl-59aba430-7466-43cf-ac60-ffcd1bd17169/datanode-2/data-0/containers/hdds
2023-06-01 19:11:01,744 [main] INFO  ozoneimpl.OzoneContainer (OzoneContainer.java:buildContainerSet(303)) - Build ContainerSet costs 0s
2023-06-01 19:11:01,747 [main] INFO  server.RaftServer (ConfUtils.java:logGet(46)) - raft.rpc.type = GRPC (default)
2023-06-01 19:11:01,747 [main] INFO  grpc.GrpcConfigKeys (ConfUtils.java:logFallback(53)) - raft.grpc.admin.host = null (fallback to raft.grpc.server.host)
2023-06-01 19:11:01,747 [main] INFO  grpc.GrpcConfigKeys (ConfUtils.java:logGet(46)) - raft.grpc.admin.port = 15031 (custom)
2023-06-01 19:11:01,748 [main] INFO  grpc.GrpcConfigKeys (ConfUtils.java:logFallback(53)) - raft.grpc.client.host = null (fallback to raft.grpc.server.host)
2023-06-01 19:11:01,748 [main] INFO  grpc.GrpcConfigKeys (ConfUtils.java:logGet(46)) - raft.grpc.client.port = 15030 (custom)
2023-06-01 19:11:01,748 [main] INFO  grpc.GrpcConfigKeys (ConfUtils.java:logGet(46)) - raft.grpc.server.host = null (default)
2023-06-01 19:11:01,748 [main] INFO  grpc.GrpcConfigKeys (ConfUtils.java:logGet(46)) - raft.grpc.server.port = 15032 (custom)
2023-06-01 19:11:01,748 [main] INFO  server.GrpcService (ConfUtils.java:logGet(46)) - raft.grpc.message.size.max = 32MB (=33554432) (custom)
2023-06-01 19:11:01,748 [main] INFO  server.RaftServerConfigKeys (ConfUtils.java:logGet(46)) - raft.server.log.appender.buffer.byte-limit = 33554432 (custom)
2023-06-01 19:11:01,748 [main] INFO  server.GrpcService (ConfUtils.java:logGet(46)) - raft.grpc.flow.control.window = 5MB (=5242880) (custom)
2023-06-01 19:11:01,748 [main] INFO  server.RaftServerConfigKeys (ConfUtils.java:logGet(46)) - raft.server.rpc.request.timeout = 60s (custom)
2023-06-01 19:11:01,749 [main] INFO  grpc.GrpcConfigKeys (ConfUtils.java:logGet(46)) - raft.grpc.server.heartbeat.channel = true (default)
2023-06-01 19:11:01,749 [main] INFO  grpc.GrpcConfigKeys (ConfUtils.java:logGet(46)) - raft.grpc.server.async.request.thread.pool.cached = true (default)
2023-06-01 19:11:01,749 [main] INFO  grpc.GrpcConfigKeys (ConfUtils.java:logGet(46)) - raft.grpc.server.async.request.thread.pool.size = 32 (default)
2023-06-01 19:11:01,751 [main] INFO  impl.DataStreamServerImpl (ConfUtils.java:logGet(46)) - raft.datastream.type = NETTY (custom)
2023-06-01 19:11:01,751 [main] INFO  server.RaftServerConfigKeys (ConfUtils.java:logGet(46)) - raft.server.data-stream.async.request.thread.pool.cached = false (default)
2023-06-01 19:11:01,751 [main] INFO  server.RaftServerConfigKeys (ConfUtils.java:logGet(46)) - raft.server.data-stream.async.request.thread.pool.size = 20 (custom)
2023-06-01 19:11:01,752 [main] INFO  server.RaftServerConfigKeys (ConfUtils.java:logGet(46)) - raft.server.data-stream.async.write.thread.pool.size = 16 (default)
2023-06-01 19:11:01,752 [main] INFO  server.RaftServerConfigKeys (ConfUtils.java:logGet(46)) - raft.server.data-stream.client.pool.size = 10 (default)
2023-06-01 19:11:01,752 [main] INFO  netty.NettyConfigKeys$DataStream (ConfUtils.java:logGet(46)) - raft.netty.dataStream.server.use-epoll = false (default)
2023-06-01 19:11:01,752 [main] INFO  netty.NettyConfigKeys$DataStream (ConfUtils.java:logGet(46)) - raft.netty.dataStream.server.boss-group.size = 0 (default)
2023-06-01 19:11:01,752 [main] INFO  netty.NettyConfigKeys$DataStream (ConfUtils.java:logGet(46)) - raft.netty.dataStream.server.worker-group.size = 0 (default)
2023-06-01 19:11:01,753 [main] INFO  netty.NettyConfigKeys$DataStream (ConfUtils.java:logGet(46)) - raft.netty.dataStream.server.tls.conf = null (default)
2023-06-01 19:11:01,753 [main] INFO  netty.NettyConfigKeys$DataStream (ConfUtils.java:logGet(46)) - raft.netty.dataStream.host = null (default)
2023-06-01 19:11:01,753 [main] INFO  netty.NettyConfigKeys$DataStream (ConfUtils.java:logGet(46)) - raft.netty.dataStream.port = 15033 (custom)
2023-06-01 19:11:01,753 [main] INFO  server.RaftServerConfigKeys (ConfUtils.java:logGet(46)) - raft.server.threadpool.proxy.cached = true (default)
2023-06-01 19:11:01,753 [main] INFO  server.RaftServerConfigKeys (ConfUtils.java:logGet(46)) - raft.server.threadpool.proxy.size = 0 (default)
2023-06-01 19:11:01,754 [main] INFO  server.RaftServerConfigKeys (ConfUtils.java:logGet(46)) - raft.server.rpc.slowness.timeout = 300s (custom)
2023-06-01 19:11:01,754 [main] INFO  server.RaftServerConfigKeys (ConfUtils.java:logGet(46)) - raft.server.leaderelection.leader.step-down.wait-time = 10s (default)
2023-06-01 19:11:01,754 [main] INFO  server.RaftServerConfigKeys (ConfUtils.java:logGet(46)) - raft.server.storage.dir = [/home/runner/work/ozone/ozone/hadoop-ozone/integration-test/target/test-dir/MiniOzoneClusterImpl-59aba430-7466-43cf-ac60-ffcd1bd17169/datanode-2/data/ratis] (custom)
2023-06-01 19:11:01,755 [d78dd883-3e4c-45aa-98b2-e8ffdf2e22af-NettyServerStreamRpc-bossGroup--thread1] INFO  logging.LoggingHandler (AbstractInternalLogger.java:log(148)) - [id: 0xd236091d] REGISTERED
2023-06-01 19:11:01,756 [d78dd883-3e4c-45aa-98b2-e8ffdf2e22af-NettyServerStreamRpc-bossGroup--thread1] INFO  logging.LoggingHandler (AbstractInternalLogger.java:log(148)) - [id: 0xd236091d] BIND: 0.0.0.0/0.0.0.0:15033
2023-06-01 19:11:01,756 [d78dd883-3e4c-45aa-98b2-e8ffdf2e22af-NettyServerStreamRpc-bossGroup--thread1] INFO  logging.LoggingHandler (AbstractInternalLogger.java:log(148)) - [id: 0xd236091d, L:/0:0:0:0:0:0:0:0:15033] ACTIVE
2023-06-01 19:11:01,757 [main] INFO  server.XceiverServerGrpc (XceiverServerGrpc.java:<init>(132)) - GrpcServer channel type EpollServerSocketChannel
2023-06-01 19:11:01,759 [main] INFO  replication.ReplicationSupervisor (ReplicationSupervisor.java:nodeStateUpdated(296)) - Node state updated to IN_SERVICE, scaling executor pool size to 10
2023-06-01 19:11:01,761 [main] INFO  http.BaseHttpServer (BaseHttpServer.java:newHttpServer2BuilderForOzone(224)) - Starting Web-server for hddsDatanode at: http://0.0.0.0:15027
2023-06-01 19:11:01,761 [main] INFO  http.BaseHttpServer (BaseHttpServer.java:<init>(111)) - Hadoop Security Enabled: false Ozone Security Enabled: false Ozone HTTP Security Enabled: false 
2023-06-01 19:11:01,763 [main] WARN  server.AuthenticationFilter (AuthenticationFilter.java:constructSecretProvider(240)) - Unable to initialize FileSignerSecretProvider, falling back to use random secrets. Reason: Could not read signature secret file: /home/runner/hadoop-http-auth-signature-secret
2023-06-01 19:11:01,767 [main] INFO  http.HttpRequestLog (HttpRequestLog.java:getRequestLog(86)) - Http request log for http.requests.hddsDatanode is not defined
2023-06-01 19:11:01,769 [main] INFO  http.HttpServer2 (HttpServer2.java:addGlobalFilter(1031)) - Added global filter 'safety' (class=org.apache.hadoop.hdds.server.http.HttpServer2$QuotingInputFilter)
2023-06-01 19:11:01,769 [main] INFO  http.HttpServer2 (HttpServer2.java:addFilter(1007)) - Added filter static_user_filter (class=org.apache.hadoop.http.lib.StaticUserWebFilter$StaticUserFilter) to context hddsDatanode
2023-06-01 19:11:01,770 [main] INFO  http.HttpServer2 (HttpServer2.java:addFilter(1015)) - Added filter static_user_filter (class=org.apache.hadoop.http.lib.StaticUserWebFilter$StaticUserFilter) to context logs
2023-06-01 19:11:01,770 [main] INFO  http.HttpServer2 (HttpServer2.java:addFilter(1015)) - Added filter static_user_filter (class=org.apache.hadoop.http.lib.StaticUserWebFilter$StaticUserFilter) to context static
2023-06-01 19:11:01,770 [main] INFO  http.BaseHttpServer (BaseHttpServer.java:<init>(190)) - HTTP server of hddsDatanode uses base directory /home/runner/work/ozone/ozone/hadoop-ozone/integration-test/target/test-dir/MiniOzoneClusterImpl-59aba430-7466-43cf-ac60-ffcd1bd17169/datanode-2/meta/webserver
2023-06-01 19:11:01,771 [main] INFO  http.HttpServer2 (HttpServer2.java:bindListener(1250)) - Jetty bound to port 15027
2023-06-01 19:11:01,771 [main] INFO  server.Server (Server.java:doStart(375)) - jetty-9.4.51.v20230217; built: 2023-02-17T08:19:37.309Z; git: b45c405e4544384de066f814ed42ae3dceacdd49; jvm 1.8.0_362-b09
2023-06-01 19:11:01,776 [main] INFO  server.session (DefaultSessionIdManager.java:doStart(334)) - DefaultSessionIdManager workerName=node0
2023-06-01 19:11:01,776 [main] INFO  server.session (DefaultSessionIdManager.java:doStart(339)) - No SessionScavenger set, using defaults
2023-06-01 19:11:01,776 [main] INFO  server.session (HouseKeeper.java:startScavenging(132)) - node0 Scavenging every 660000ms
2023-06-01 19:11:01,777 [main] INFO  handler.ContextHandler (ContextHandler.java:doStart(921)) - Started o.e.j.s.ServletContextHandler@41eb9743{logs,/logs,file:///home/runner/work/ozone/ozone/hadoop-ozone/integration-test/target/log,AVAILABLE}
2023-06-01 19:11:01,778 [main] INFO  handler.ContextHandler (ContextHandler.java:doStart(921)) - Started o.e.j.s.ServletContextHandler@71865688{static,/static,jar:file:/home/runner/.m2/repository/org/apache/ozone/hdds-container-service/1.4.0-SNAPSHOT/hdds-container-service-1.4.0-SNAPSHOT.jar!/webapps/static,AVAILABLE}
2023-06-01 19:11:01,984 [main] INFO  handler.ContextHandler (ContextHandler.java:doStart(921)) - Started o.e.j.w.WebAppContext@70835eaf{hddsDatanode,/,file:///home/runner/work/ozone/ozone/hadoop-ozone/integration-test/target/test-dir/MiniOzoneClusterImpl-59aba430-7466-43cf-ac60-ffcd1bd17169/datanode-2/meta/webserver/jetty-0_0_0_0-15027-hdds-container-service-1_4_0-SNAPSHOT_jar-_-any-2909456947236310900/webapp/,AVAILABLE}{jar:file:/home/runner/.m2/repository/org/apache/ozone/hdds-container-service/1.4.0-SNAPSHOT/hdds-container-service-1.4.0-SNAPSHOT.jar!/webapps/hddsDatanode}
2023-06-01 19:11:01,987 [main] INFO  server.AbstractConnector (AbstractConnector.java:doStart(333)) - Started ServerConnector@1f7d202{HTTP/1.1, (http/1.1)}{0.0.0.0:15027}
2023-06-01 19:11:01,988 [main] INFO  server.Server (Server.java:doStart(415)) - Started @9097ms
2023-06-01 19:11:01,988 [main] WARN  impl.MetricsSystemImpl (MetricsSystemImpl.java:register(279)) - Sink prometheus already exists!
2023-06-01 19:11:01,989 [main] INFO  http.BaseHttpServer (BaseHttpServer.java:updateConnectorAddress(344)) - HTTP server of hddsDatanode listening at http://0.0.0.0:15027
2023-06-01 19:11:01,990 [main] INFO  ipc.CallQueueManager (CallQueueManager.java:<init>(90)) - Using callQueue: class java.util.concurrent.LinkedBlockingQueue, queueCapacity: 100, scheduler: class org.apache.hadoop.ipc.DefaultRpcScheduler, ipcBackoff: false.
2023-06-01 19:11:01,990 [Socket Reader #1 for port 15028] INFO  ipc.Server (Server.java:run(1319)) - Starting Socket Reader #1 for port 15028
2023-06-01 19:11:01,993 [Listener at 0.0.0.0/15028] INFO  hdds.HddsUtils (HddsUtils.java:preserveThreadName(843)) - Restoring thread name: main
2023-06-01 19:11:01,993 [main] INFO  ozone.HddsDatanodeService (HddsDatanodeService.java:start(337)) - Datanode start with admins: [runner]
2023-06-01 19:11:01,993 [main] INFO  ozone.HddsDatanodeClientProtocolServer (HddsDatanodeClientProtocolServer.java:start(83)) - RPC server for Client /0.0.0.0:15028
2023-06-01 19:11:01,999 [IPC Server Responder] INFO  ipc.Server (Server.java:run(1558)) - IPC Server Responder: starting
2023-06-01 19:11:01,999 [IPC Server listener on 15028] INFO  ipc.Server (Server.java:run(1398)) - IPC Server listener on 15028: starting
2023-06-01 19:11:02,000 [main] WARN  impl.MetricRegistriesImpl (MetricRegistriesImpl.java:addReporterRegistration(111)) - New reporters are added after registries were created. Some metrics will be missing from the reporter. Please add reporter before adding any new registry.
2023-06-01 19:11:02,000 [main] WARN  impl.MetricRegistriesImpl (MetricRegistriesImpl.java:addReporterRegistration(111)) - New reporters are added after registries were created. Some metrics will be missing from the reporter. Please add reporter before adding any new registry.
2023-06-01 19:11:02,000 [main] INFO  impl.MetricsSystemImpl (MetricsSystemImpl.java:init(158)) - HddsDatanode metrics system started (again)
2023-06-01 19:11:02,000 [Datanode State Machine Daemon Thread] INFO  statemachine.DatanodeStateMachine (DatanodeStateMachine.java:lambda$startDaemon$0(537)) - Ozone container server started.
2023-06-01 19:11:02,025 [org.apache.hadoop.util.JvmPauseMonitor$Monitor@450bc4dd] INFO  util.JvmPauseMonitor (JvmPauseMonitor.java:run(188)) - Starting JVM pause monitor
2023-06-01 19:11:02,025 [main] INFO  ozone.HddsDatanodeService (HddsDatanodeService.java:start(264)) - HddsDatanodeService host:fv-az163-187.kzyshwy3mise5klwsllqwzgzyb.cx.internal.cloudapp.net ip:10.1.0.196
2023-06-01 19:11:02,034 [Datanode State Machine Task Thread - 0] INFO  datanode.InitDatanodeState (InitDatanodeState.java:persistContainerDatanodeDetails(138)) - DatanodeDetails is persisted to /home/runner/work/ozone/ozone/hadoop-ozone/integration-test/target/test-dir/MiniOzoneClusterImpl-59aba430-7466-43cf-ac60-ffcd1bd17169/datanode-2/meta/datanode.id
2023-06-01 19:11:02,046 [main] INFO  upgrade.AbstractLayoutVersionManager (AbstractLayoutVersionManager.java:init(83)) - Initializing Layout version manager with metadata layout = HADOOP_PRC_PORTS_IN_DATANODEDETAILS (version = 7), software layout = HADOOP_PRC_PORTS_IN_DATANODEDETAILS (version = 7)
2023-06-01 19:11:02,047 [main] INFO  statemachine.DatanodeStateMachine (DatanodeStateMachine.java:getEndPointTaskThreadPoolSize(275)) - Datanode State Machine Task Thread Pool size 2
2023-06-01 19:11:02,049 [main] INFO  volume.HddsVolume (HddsVolume.java:<init>(130)) - Creating HddsVolume: /home/runner/work/ozone/ozone/hadoop-ozone/integration-test/target/test-dir/MiniOzoneClusterImpl-59aba430-7466-43cf-ac60-ffcd1bd17169/datanode-3/data-0/containers/hdds of storage type : DISK capacity : 9223372036854775807
2023-06-01 19:11:02,049 [main] INFO  volume.MutableVolumeSet (MutableVolumeSet.java:initializeVolumeSet(175)) - Added Volume : /home/runner/work/ozone/ozone/hadoop-ozone/integration-test/target/test-dir/MiniOzoneClusterImpl-59aba430-7466-43cf-ac60-ffcd1bd17169/datanode-3/data-0/containers/hdds to VolumeSet
2023-06-01 19:11:02,050 [main] INFO  volume.ThrottledAsyncChecker (ThrottledAsyncChecker.java:schedule(141)) - Scheduling a check for /home/runner/work/ozone/ozone/hadoop-ozone/integration-test/target/test-dir/MiniOzoneClusterImpl-59aba430-7466-43cf-ac60-ffcd1bd17169/datanode-3/data-0/containers/hdds
2023-06-01 19:11:02,052 [main] INFO  volume.StorageVolumeChecker (StorageVolumeChecker.java:checkAllVolumes(202)) - Scheduled health check for volume /home/runner/work/ozone/ozone/hadoop-ozone/integration-test/target/test-dir/MiniOzoneClusterImpl-59aba430-7466-43cf-ac60-ffcd1bd17169/datanode-3/data-0/containers/hdds
2023-06-01 19:11:02,064 [main] INFO  volume.MutableVolumeSet (MutableVolumeSet.java:initializeVolumeSet(175)) - Added Volume : /home/runner/work/ozone/ozone/hadoop-ozone/integration-test/target/test-dir/MiniOzoneClusterImpl-59aba430-7466-43cf-ac60-ffcd1bd17169/datanode-3/data/ratis to VolumeSet
2023-06-01 19:11:02,064 [main] INFO  volume.ThrottledAsyncChecker (ThrottledAsyncChecker.java:schedule(141)) - Scheduling a check for /home/runner/work/ozone/ozone/hadoop-ozone/integration-test/target/test-dir/MiniOzoneClusterImpl-59aba430-7466-43cf-ac60-ffcd1bd17169/datanode-3/data/ratis
2023-06-01 19:11:02,064 [main] INFO  volume.StorageVolumeChecker (StorageVolumeChecker.java:checkAllVolumes(202)) - Scheduled health check for volume /home/runner/work/ozone/ozone/hadoop-ozone/integration-test/target/test-dir/MiniOzoneClusterImpl-59aba430-7466-43cf-ac60-ffcd1bd17169/datanode-3/data/ratis
2023-06-01 19:11:02,075 [Thread-197] INFO  ozoneimpl.ContainerReader (ContainerReader.java:readVolume(175)) - Finish verifying containers on volume /home/runner/work/ozone/ozone/hadoop-ozone/integration-test/target/test-dir/MiniOzoneClusterImpl-59aba430-7466-43cf-ac60-ffcd1bd17169/datanode-3/data-0/containers/hdds
2023-06-01 19:11:02,075 [main] INFO  ozoneimpl.OzoneContainer (OzoneContainer.java:buildContainerSet(303)) - Build ContainerSet costs 0s
2023-06-01 19:11:02,078 [main] INFO  server.RaftServer (ConfUtils.java:logGet(46)) - raft.rpc.type = GRPC (default)
2023-06-01 19:11:02,079 [main] INFO  grpc.GrpcConfigKeys (ConfUtils.java:logFallback(53)) - raft.grpc.admin.host = null (fallback to raft.grpc.server.host)
2023-06-01 19:11:02,079 [main] INFO  grpc.GrpcConfigKeys (ConfUtils.java:logGet(46)) - raft.grpc.admin.port = 15040 (custom)
2023-06-01 19:11:02,079 [main] INFO  grpc.GrpcConfigKeys (ConfUtils.java:logFallback(53)) - raft.grpc.client.host = null (fallback to raft.grpc.server.host)
2023-06-01 19:11:02,079 [main] INFO  grpc.GrpcConfigKeys (ConfUtils.java:logGet(46)) - raft.grpc.client.port = 15039 (custom)
2023-06-01 19:11:02,079 [main] INFO  grpc.GrpcConfigKeys (ConfUtils.java:logGet(46)) - raft.grpc.server.host = null (default)
2023-06-01 19:11:02,079 [main] INFO  grpc.GrpcConfigKeys (ConfUtils.java:logGet(46)) - raft.grpc.server.port = 15041 (custom)
2023-06-01 19:11:02,079 [main] INFO  server.GrpcService (ConfUtils.java:logGet(46)) - raft.grpc.message.size.max = 32MB (=33554432) (custom)
2023-06-01 19:11:02,080 [main] INFO  server.RaftServerConfigKeys (ConfUtils.java:logGet(46)) - raft.server.log.appender.buffer.byte-limit = 33554432 (custom)
2023-06-01 19:11:02,080 [main] INFO  server.GrpcService (ConfUtils.java:logGet(46)) - raft.grpc.flow.control.window = 5MB (=5242880) (custom)
2023-06-01 19:11:02,080 [main] INFO  server.RaftServerConfigKeys (ConfUtils.java:logGet(46)) - raft.server.rpc.request.timeout = 60s (custom)
2023-06-01 19:11:02,080 [main] INFO  grpc.GrpcConfigKeys (ConfUtils.java:logGet(46)) - raft.grpc.server.heartbeat.channel = true (default)
2023-06-01 19:11:02,080 [main] INFO  grpc.GrpcConfigKeys (ConfUtils.java:logGet(46)) - raft.grpc.server.async.request.thread.pool.cached = true (default)
2023-06-01 19:11:02,080 [main] INFO  grpc.GrpcConfigKeys (ConfUtils.java:logGet(46)) - raft.grpc.server.async.request.thread.pool.size = 32 (default)
2023-06-01 19:11:02,082 [main] INFO  impl.DataStreamServerImpl (ConfUtils.java:logGet(46)) - raft.datastream.type = NETTY (custom)
2023-06-01 19:11:02,083 [main] INFO  server.RaftServerConfigKeys (ConfUtils.java:logGet(46)) - raft.server.data-stream.async.request.thread.pool.cached = false (default)
2023-06-01 19:11:02,083 [main] INFO  server.RaftServerConfigKeys (ConfUtils.java:logGet(46)) - raft.server.data-stream.async.request.thread.pool.size = 20 (custom)
2023-06-01 19:11:02,083 [main] INFO  server.RaftServerConfigKeys (ConfUtils.java:logGet(46)) - raft.server.data-stream.async.write.thread.pool.size = 16 (default)
2023-06-01 19:11:02,083 [main] INFO  server.RaftServerConfigKeys (ConfUtils.java:logGet(46)) - raft.server.data-stream.client.pool.size = 10 (default)
2023-06-01 19:11:02,083 [main] INFO  netty.NettyConfigKeys$DataStream (ConfUtils.java:logGet(46)) - raft.netty.dataStream.server.use-epoll = false (default)
2023-06-01 19:11:02,083 [main] INFO  netty.NettyConfigKeys$DataStream (ConfUtils.java:logGet(46)) - raft.netty.dataStream.server.boss-group.size = 0 (default)
2023-06-01 19:11:02,084 [main] INFO  netty.NettyConfigKeys$DataStream (ConfUtils.java:logGet(46)) - raft.netty.dataStream.server.worker-group.size = 0 (default)
2023-06-01 19:11:02,084 [main] INFO  netty.NettyConfigKeys$DataStream (ConfUtils.java:logGet(46)) - raft.netty.dataStream.server.tls.conf = null (default)
2023-06-01 19:11:02,084 [main] INFO  netty.NettyConfigKeys$DataStream (ConfUtils.java:logGet(46)) - raft.netty.dataStream.host = null (default)
2023-06-01 19:11:02,084 [main] INFO  netty.NettyConfigKeys$DataStream (ConfUtils.java:logGet(46)) - raft.netty.dataStream.port = 15042 (custom)
2023-06-01 19:11:02,085 [main] INFO  server.RaftServerConfigKeys (ConfUtils.java:logGet(46)) - raft.server.threadpool.proxy.cached = true (default)
2023-06-01 19:11:02,086 [main] INFO  server.RaftServerConfigKeys (ConfUtils.java:logGet(46)) - raft.server.threadpool.proxy.size = 0 (default)
2023-06-01 19:11:02,087 [main] INFO  server.RaftServerConfigKeys (ConfUtils.java:logGet(46)) - raft.server.rpc.slowness.timeout = 300s (custom)
2023-06-01 19:11:02,087 [main] INFO  server.RaftServerConfigKeys (ConfUtils.java:logGet(46)) - raft.server.leaderelection.leader.step-down.wait-time = 10s (default)
2023-06-01 19:11:02,087 [main] INFO  server.RaftServerConfigKeys (ConfUtils.java:logGet(46)) - raft.server.storage.dir = [/home/runner/work/ozone/ozone/hadoop-ozone/integration-test/target/test-dir/MiniOzoneClusterImpl-59aba430-7466-43cf-ac60-ffcd1bd17169/datanode-3/data/ratis] (custom)
2023-06-01 19:11:02,088 [9ff544a7-6c1c-4ca7-a5dc-e42e2710cacb-NettyServerStreamRpc-bossGroup--thread1] INFO  logging.LoggingHandler (AbstractInternalLogger.java:log(148)) - [id: 0x646045dd] REGISTERED
2023-06-01 19:11:02,088 [9ff544a7-6c1c-4ca7-a5dc-e42e2710cacb-NettyServerStreamRpc-bossGroup--thread1] INFO  logging.LoggingHandler (AbstractInternalLogger.java:log(148)) - [id: 0x646045dd] BIND: 0.0.0.0/0.0.0.0:15042
2023-06-01 19:11:02,088 [9ff544a7-6c1c-4ca7-a5dc-e42e2710cacb-NettyServerStreamRpc-bossGroup--thread1] INFO  logging.LoggingHandler (AbstractInternalLogger.java:log(148)) - [id: 0x646045dd, L:/0:0:0:0:0:0:0:0:15042] ACTIVE
2023-06-01 19:11:02,089 [main] INFO  server.XceiverServerGrpc (XceiverServerGrpc.java:<init>(132)) - GrpcServer channel type EpollServerSocketChannel
2023-06-01 19:11:02,091 [main] INFO  replication.ReplicationSupervisor (ReplicationSupervisor.java:nodeStateUpdated(296)) - Node state updated to IN_SERVICE, scaling executor pool size to 10
2023-06-01 19:11:02,092 [main] INFO  http.BaseHttpServer (BaseHttpServer.java:newHttpServer2BuilderForOzone(224)) - Starting Web-server for hddsDatanode at: http://0.0.0.0:15036
2023-06-01 19:11:02,093 [main] INFO  http.BaseHttpServer (BaseHttpServer.java:<init>(111)) - Hadoop Security Enabled: false Ozone Security Enabled: false Ozone HTTP Security Enabled: false 
2023-06-01 19:11:02,094 [main] WARN  server.AuthenticationFilter (AuthenticationFilter.java:constructSecretProvider(240)) - Unable to initialize FileSignerSecretProvider, falling back to use random secrets. Reason: Could not read signature secret file: /home/runner/hadoop-http-auth-signature-secret
2023-06-01 19:11:02,095 [main] INFO  http.HttpRequestLog (HttpRequestLog.java:getRequestLog(86)) - Http request log for http.requests.hddsDatanode is not defined
2023-06-01 19:11:02,100 [main] INFO  http.HttpServer2 (HttpServer2.java:addGlobalFilter(1031)) - Added global filter 'safety' (class=org.apache.hadoop.hdds.server.http.HttpServer2$QuotingInputFilter)
2023-06-01 19:11:02,100 [main] INFO  http.HttpServer2 (HttpServer2.java:addFilter(1007)) - Added filter static_user_filter (class=org.apache.hadoop.http.lib.StaticUserWebFilter$StaticUserFilter) to context hddsDatanode
2023-06-01 19:11:02,101 [main] INFO  http.HttpServer2 (HttpServer2.java:addFilter(1015)) - Added filter static_user_filter (class=org.apache.hadoop.http.lib.StaticUserWebFilter$StaticUserFilter) to context static
2023-06-01 19:11:02,101 [main] INFO  http.HttpServer2 (HttpServer2.java:addFilter(1015)) - Added filter static_user_filter (class=org.apache.hadoop.http.lib.StaticUserWebFilter$StaticUserFilter) to context logs
2023-06-01 19:11:02,101 [main] INFO  http.BaseHttpServer (BaseHttpServer.java:<init>(190)) - HTTP server of hddsDatanode uses base directory /home/runner/work/ozone/ozone/hadoop-ozone/integration-test/target/test-dir/MiniOzoneClusterImpl-59aba430-7466-43cf-ac60-ffcd1bd17169/datanode-3/meta/webserver
2023-06-01 19:11:02,101 [main] INFO  http.HttpServer2 (HttpServer2.java:bindListener(1250)) - Jetty bound to port 15036
2023-06-01 19:11:02,102 [main] INFO  server.Server (Server.java:doStart(375)) - jetty-9.4.51.v20230217; built: 2023-02-17T08:19:37.309Z; git: b45c405e4544384de066f814ed42ae3dceacdd49; jvm 1.8.0_362-b09
2023-06-01 19:11:02,110 [main] INFO  server.session (DefaultSessionIdManager.java:doStart(334)) - DefaultSessionIdManager workerName=node0
2023-06-01 19:11:02,110 [main] INFO  server.session (DefaultSessionIdManager.java:doStart(339)) - No SessionScavenger set, using defaults
2023-06-01 19:11:02,110 [main] INFO  server.session (HouseKeeper.java:startScavenging(132)) - node0 Scavenging every 660000ms
2023-06-01 19:11:02,111 [main] INFO  handler.ContextHandler (ContextHandler.java:doStart(921)) - Started o.e.j.s.ServletContextHandler@36c93275{logs,/logs,file:///home/runner/work/ozone/ozone/hadoop-ozone/integration-test/target/log,AVAILABLE}
2023-06-01 19:11:02,112 [main] INFO  handler.ContextHandler (ContextHandler.java:doStart(921)) - Started o.e.j.s.ServletContextHandler@29ab89fc{static,/static,jar:file:/home/runner/.m2/repository/org/apache/ozone/hdds-container-service/1.4.0-SNAPSHOT/hdds-container-service-1.4.0-SNAPSHOT.jar!/webapps/static,AVAILABLE}
2023-06-01 19:11:02,315 [main] INFO  handler.ContextHandler (ContextHandler.java:doStart(921)) - Started o.e.j.w.WebAppContext@52220113{hddsDatanode,/,file:///home/runner/work/ozone/ozone/hadoop-ozone/integration-test/target/test-dir/MiniOzoneClusterImpl-59aba430-7466-43cf-ac60-ffcd1bd17169/datanode-3/meta/webserver/jetty-0_0_0_0-15036-hdds-container-service-1_4_0-SNAPSHOT_jar-_-any-494901405691835180/webapp/,AVAILABLE}{jar:file:/home/runner/.m2/repository/org/apache/ozone/hdds-container-service/1.4.0-SNAPSHOT/hdds-container-service-1.4.0-SNAPSHOT.jar!/webapps/hddsDatanode}
2023-06-01 19:11:02,316 [main] INFO  server.AbstractConnector (AbstractConnector.java:doStart(333)) - Started ServerConnector@139f519c{HTTP/1.1, (http/1.1)}{0.0.0.0:15036}
2023-06-01 19:11:02,317 [main] INFO  server.Server (Server.java:doStart(415)) - Started @9426ms
2023-06-01 19:11:02,317 [main] WARN  impl.MetricsSystemImpl (MetricsSystemImpl.java:register(279)) - Sink prometheus already exists!
2023-06-01 19:11:02,317 [main] INFO  http.BaseHttpServer (BaseHttpServer.java:updateConnectorAddress(344)) - HTTP server of hddsDatanode listening at http://0.0.0.0:15036
2023-06-01 19:11:02,318 [main] INFO  ipc.CallQueueManager (CallQueueManager.java:<init>(90)) - Using callQueue: class java.util.concurrent.LinkedBlockingQueue, queueCapacity: 100, scheduler: class org.apache.hadoop.ipc.DefaultRpcScheduler, ipcBackoff: false.
2023-06-01 19:11:02,319 [Socket Reader #1 for port 15037] INFO  ipc.Server (Server.java:run(1319)) - Starting Socket Reader #1 for port 15037
2023-06-01 19:11:02,325 [Listener at 0.0.0.0/15037] INFO  hdds.HddsUtils (HddsUtils.java:preserveThreadName(843)) - Restoring thread name: main
2023-06-01 19:11:02,329 [main] INFO  ozone.HddsDatanodeService (HddsDatanodeService.java:start(337)) - Datanode start with admins: [runner]
2023-06-01 19:11:02,329 [main] INFO  ozone.HddsDatanodeClientProtocolServer (HddsDatanodeClientProtocolServer.java:start(83)) - RPC server for Client /0.0.0.0:15037
2023-06-01 19:11:02,330 [IPC Server Responder] INFO  ipc.Server (Server.java:run(1558)) - IPC Server Responder: starting
2023-06-01 19:11:02,331 [IPC Server listener on 15037] INFO  ipc.Server (Server.java:run(1398)) - IPC Server listener on 15037: starting
2023-06-01 19:11:02,332 [main] WARN  impl.MetricRegistriesImpl (MetricRegistriesImpl.java:addReporterRegistration(111)) - New reporters are added after registries were created. Some metrics will be missing from the reporter. Please add reporter before adding any new registry.
2023-06-01 19:11:02,333 [main] WARN  impl.MetricRegistriesImpl (MetricRegistriesImpl.java:addReporterRegistration(111)) - New reporters are added after registries were created. Some metrics will be missing from the reporter. Please add reporter before adding any new registry.
2023-06-01 19:11:02,333 [main] INFO  impl.MetricsSystemImpl (MetricsSystemImpl.java:init(158)) - HddsDatanode metrics system started (again)
2023-06-01 19:11:02,337 [Datanode State Machine Daemon Thread] INFO  statemachine.DatanodeStateMachine (DatanodeStateMachine.java:lambda$startDaemon$0(537)) - Ozone container server started.
2023-06-01 19:11:02,346 [main] INFO  ozone.HddsDatanodeService (HddsDatanodeService.java:start(264)) - HddsDatanodeService host:fv-az163-187.kzyshwy3mise5klwsllqwzgzyb.cx.internal.cloudapp.net ip:10.1.0.196
2023-06-01 19:11:02,354 [org.apache.hadoop.util.JvmPauseMonitor$Monitor@b4cf1b] INFO  util.JvmPauseMonitor (JvmPauseMonitor.java:run(188)) - Starting JVM pause monitor
2023-06-01 19:11:02,357 [Datanode State Machine Task Thread - 0] INFO  datanode.InitDatanodeState (InitDatanodeState.java:persistContainerDatanodeDetails(138)) - DatanodeDetails is persisted to /home/runner/work/ozone/ozone/hadoop-ozone/integration-test/target/test-dir/MiniOzoneClusterImpl-59aba430-7466-43cf-ac60-ffcd1bd17169/datanode-3/meta/datanode.id
2023-06-01 19:11:02,373 [main] INFO  upgrade.AbstractLayoutVersionManager (AbstractLayoutVersionManager.java:init(83)) - Initializing Layout version manager with metadata layout = HADOOP_PRC_PORTS_IN_DATANODEDETAILS (version = 7), software layout = HADOOP_PRC_PORTS_IN_DATANODEDETAILS (version = 7)
2023-06-01 19:11:02,374 [main] INFO  statemachine.DatanodeStateMachine (DatanodeStateMachine.java:getEndPointTaskThreadPoolSize(275)) - Datanode State Machine Task Thread Pool size 2
2023-06-01 19:11:02,376 [main] INFO  volume.HddsVolume (HddsVolume.java:<init>(130)) - Creating HddsVolume: /home/runner/work/ozone/ozone/hadoop-ozone/integration-test/target/test-dir/MiniOzoneClusterImpl-59aba430-7466-43cf-ac60-ffcd1bd17169/datanode-4/data-0/containers/hdds of storage type : DISK capacity : 9223372036854775807
2023-06-01 19:11:02,376 [main] INFO  volume.MutableVolumeSet (MutableVolumeSet.java:initializeVolumeSet(175)) - Added Volume : /home/runner/work/ozone/ozone/hadoop-ozone/integration-test/target/test-dir/MiniOzoneClusterImpl-59aba430-7466-43cf-ac60-ffcd1bd17169/datanode-4/data-0/containers/hdds to VolumeSet
2023-06-01 19:11:02,376 [main] INFO  volume.ThrottledAsyncChecker (ThrottledAsyncChecker.java:schedule(141)) - Scheduling a check for /home/runner/work/ozone/ozone/hadoop-ozone/integration-test/target/test-dir/MiniOzoneClusterImpl-59aba430-7466-43cf-ac60-ffcd1bd17169/datanode-4/data-0/containers/hdds
2023-06-01 19:11:02,377 [main] INFO  volume.StorageVolumeChecker (StorageVolumeChecker.java:checkAllVolumes(202)) - Scheduled health check for volume /home/runner/work/ozone/ozone/hadoop-ozone/integration-test/target/test-dir/MiniOzoneClusterImpl-59aba430-7466-43cf-ac60-ffcd1bd17169/datanode-4/data-0/containers/hdds
2023-06-01 19:11:02,388 [main] INFO  volume.MutableVolumeSet (MutableVolumeSet.java:initializeVolumeSet(175)) - Added Volume : /home/runner/work/ozone/ozone/hadoop-ozone/integration-test/target/test-dir/MiniOzoneClusterImpl-59aba430-7466-43cf-ac60-ffcd1bd17169/datanode-4/data/ratis to VolumeSet
2023-06-01 19:11:02,388 [main] INFO  volume.ThrottledAsyncChecker (ThrottledAsyncChecker.java:schedule(141)) - Scheduling a check for /home/runner/work/ozone/ozone/hadoop-ozone/integration-test/target/test-dir/MiniOzoneClusterImpl-59aba430-7466-43cf-ac60-ffcd1bd17169/datanode-4/data/ratis
2023-06-01 19:11:02,388 [main] INFO  volume.StorageVolumeChecker (StorageVolumeChecker.java:checkAllVolumes(202)) - Scheduled health check for volume /home/runner/work/ozone/ozone/hadoop-ozone/integration-test/target/test-dir/MiniOzoneClusterImpl-59aba430-7466-43cf-ac60-ffcd1bd17169/datanode-4/data/ratis
2023-06-01 19:11:02,400 [Thread-215] INFO  ozoneimpl.ContainerReader (ContainerReader.java:readVolume(175)) - Finish verifying containers on volume /home/runner/work/ozone/ozone/hadoop-ozone/integration-test/target/test-dir/MiniOzoneClusterImpl-59aba430-7466-43cf-ac60-ffcd1bd17169/datanode-4/data-0/containers/hdds
2023-06-01 19:11:02,400 [main] INFO  ozoneimpl.OzoneContainer (OzoneContainer.java:buildContainerSet(303)) - Build ContainerSet costs 0s
2023-06-01 19:11:02,402 [main] INFO  server.RaftServer (ConfUtils.java:logGet(46)) - raft.rpc.type = GRPC (default)
2023-06-01 19:11:02,403 [main] INFO  grpc.GrpcConfigKeys (ConfUtils.java:logFallback(53)) - raft.grpc.admin.host = null (fallback to raft.grpc.server.host)
2023-06-01 19:11:02,403 [main] INFO  grpc.GrpcConfigKeys (ConfUtils.java:logGet(46)) - raft.grpc.admin.port = 15049 (custom)
2023-06-01 19:11:02,403 [main] INFO  grpc.GrpcConfigKeys (ConfUtils.java:logFallback(53)) - raft.grpc.client.host = null (fallback to raft.grpc.server.host)
2023-06-01 19:11:02,403 [main] INFO  grpc.GrpcConfigKeys (ConfUtils.java:logGet(46)) - raft.grpc.client.port = 15048 (custom)
2023-06-01 19:11:02,403 [main] INFO  grpc.GrpcConfigKeys (ConfUtils.java:logGet(46)) - raft.grpc.server.host = null (default)
2023-06-01 19:11:02,403 [main] INFO  grpc.GrpcConfigKeys (ConfUtils.java:logGet(46)) - raft.grpc.server.port = 15050 (custom)
2023-06-01 19:11:02,406 [main] INFO  server.GrpcService (ConfUtils.java:logGet(46)) - raft.grpc.message.size.max = 32MB (=33554432) (custom)
2023-06-01 19:11:02,406 [main] INFO  server.RaftServerConfigKeys (ConfUtils.java:logGet(46)) - raft.server.log.appender.buffer.byte-limit = 33554432 (custom)
2023-06-01 19:11:02,406 [main] INFO  server.GrpcService (ConfUtils.java:logGet(46)) - raft.grpc.flow.control.window = 5MB (=5242880) (custom)
2023-06-01 19:11:02,406 [main] INFO  server.RaftServerConfigKeys (ConfUtils.java:logGet(46)) - raft.server.rpc.request.timeout = 60s (custom)
2023-06-01 19:11:02,406 [main] INFO  grpc.GrpcConfigKeys (ConfUtils.java:logGet(46)) - raft.grpc.server.heartbeat.channel = true (default)
2023-06-01 19:11:02,406 [main] INFO  grpc.GrpcConfigKeys (ConfUtils.java:logGet(46)) - raft.grpc.server.async.request.thread.pool.cached = true (default)
2023-06-01 19:11:02,407 [main] INFO  grpc.GrpcConfigKeys (ConfUtils.java:logGet(46)) - raft.grpc.server.async.request.thread.pool.size = 32 (default)
2023-06-01 19:11:02,408 [main] INFO  impl.DataStreamServerImpl (ConfUtils.java:logGet(46)) - raft.datastream.type = NETTY (custom)
2023-06-01 19:11:02,409 [main] INFO  server.RaftServerConfigKeys (ConfUtils.java:logGet(46)) - raft.server.data-stream.async.request.thread.pool.cached = false (default)
2023-06-01 19:11:02,409 [main] INFO  server.RaftServerConfigKeys (ConfUtils.java:logGet(46)) - raft.server.data-stream.async.request.thread.pool.size = 20 (custom)
2023-06-01 19:11:02,409 [main] INFO  server.RaftServerConfigKeys (ConfUtils.java:logGet(46)) - raft.server.data-stream.async.write.thread.pool.size = 16 (default)
2023-06-01 19:11:02,409 [main] INFO  server.RaftServerConfigKeys (ConfUtils.java:logGet(46)) - raft.server.data-stream.client.pool.size = 10 (default)
2023-06-01 19:11:02,409 [main] INFO  netty.NettyConfigKeys$DataStream (ConfUtils.java:logGet(46)) - raft.netty.dataStream.server.use-epoll = false (default)
2023-06-01 19:11:02,410 [main] INFO  netty.NettyConfigKeys$DataStream (ConfUtils.java:logGet(46)) - raft.netty.dataStream.server.boss-group.size = 0 (default)
2023-06-01 19:11:02,410 [main] INFO  netty.NettyConfigKeys$DataStream (ConfUtils.java:logGet(46)) - raft.netty.dataStream.server.worker-group.size = 0 (default)
2023-06-01 19:11:02,410 [main] INFO  netty.NettyConfigKeys$DataStream (ConfUtils.java:logGet(46)) - raft.netty.dataStream.server.tls.conf = null (default)
2023-06-01 19:11:02,410 [main] INFO  netty.NettyConfigKeys$DataStream (ConfUtils.java:logGet(46)) - raft.netty.dataStream.host = null (default)
2023-06-01 19:11:02,412 [main] INFO  netty.NettyConfigKeys$DataStream (ConfUtils.java:logGet(46)) - raft.netty.dataStream.port = 15051 (custom)
2023-06-01 19:11:02,413 [main] INFO  server.RaftServerConfigKeys (ConfUtils.java:logGet(46)) - raft.server.threadpool.proxy.cached = true (default)
2023-06-01 19:11:02,413 [main] INFO  server.RaftServerConfigKeys (ConfUtils.java:logGet(46)) - raft.server.threadpool.proxy.size = 0 (default)
2023-06-01 19:11:02,413 [main] INFO  server.RaftServerConfigKeys (ConfUtils.java:logGet(46)) - raft.server.rpc.slowness.timeout = 300s (custom)
2023-06-01 19:11:02,413 [main] INFO  server.RaftServerConfigKeys (ConfUtils.java:logGet(46)) - raft.server.leaderelection.leader.step-down.wait-time = 10s (default)
2023-06-01 19:11:02,413 [main] INFO  server.RaftServerConfigKeys (ConfUtils.java:logGet(46)) - raft.server.storage.dir = [/home/runner/work/ozone/ozone/hadoop-ozone/integration-test/target/test-dir/MiniOzoneClusterImpl-59aba430-7466-43cf-ac60-ffcd1bd17169/datanode-4/data/ratis] (custom)
2023-06-01 19:11:02,421 [c2c84cb5-dc25-48b6-abcd-2faa62d614c8-NettyServerStreamRpc-bossGroup--thread1] INFO  logging.LoggingHandler (AbstractInternalLogger.java:log(148)) - [id: 0x79bc28f4] REGISTERED
2023-06-01 19:11:02,421 [c2c84cb5-dc25-48b6-abcd-2faa62d614c8-NettyServerStreamRpc-bossGroup--thread1] INFO  logging.LoggingHandler (AbstractInternalLogger.java:log(148)) - [id: 0x79bc28f4] BIND: 0.0.0.0/0.0.0.0:15051
2023-06-01 19:11:02,421 [c2c84cb5-dc25-48b6-abcd-2faa62d614c8-NettyServerStreamRpc-bossGroup--thread1] INFO  logging.LoggingHandler (AbstractInternalLogger.java:log(148)) - [id: 0x79bc28f4, L:/0:0:0:0:0:0:0:0:15051] ACTIVE
2023-06-01 19:11:02,422 [main] INFO  server.XceiverServerGrpc (XceiverServerGrpc.java:<init>(132)) - GrpcServer channel type EpollServerSocketChannel
2023-06-01 19:11:02,426 [main] INFO  replication.ReplicationSupervisor (ReplicationSupervisor.java:nodeStateUpdated(296)) - Node state updated to IN_SERVICE, scaling executor pool size to 10
2023-06-01 19:11:02,428 [main] INFO  http.BaseHttpServer (BaseHttpServer.java:newHttpServer2BuilderForOzone(224)) - Starting Web-server for hddsDatanode at: http://0.0.0.0:15045
2023-06-01 19:11:02,428 [main] INFO  http.BaseHttpServer (BaseHttpServer.java:<init>(111)) - Hadoop Security Enabled: false Ozone Security Enabled: false Ozone HTTP Security Enabled: false 
2023-06-01 19:11:02,429 [main] WARN  server.AuthenticationFilter (AuthenticationFilter.java:constructSecretProvider(240)) - Unable to initialize FileSignerSecretProvider, falling back to use random secrets. Reason: Could not read signature secret file: /home/runner/hadoop-http-auth-signature-secret
2023-06-01 19:11:02,430 [main] INFO  http.HttpRequestLog (HttpRequestLog.java:getRequestLog(86)) - Http request log for http.requests.hddsDatanode is not defined
2023-06-01 19:11:02,431 [main] INFO  http.HttpServer2 (HttpServer2.java:addGlobalFilter(1031)) - Added global filter 'safety' (class=org.apache.hadoop.hdds.server.http.HttpServer2$QuotingInputFilter)
2023-06-01 19:11:02,432 [main] INFO  http.HttpServer2 (HttpServer2.java:addFilter(1007)) - Added filter static_user_filter (class=org.apache.hadoop.http.lib.StaticUserWebFilter$StaticUserFilter) to context hddsDatanode
2023-06-01 19:11:02,432 [main] INFO  http.HttpServer2 (HttpServer2.java:addFilter(1015)) - Added filter static_user_filter (class=org.apache.hadoop.http.lib.StaticUserWebFilter$StaticUserFilter) to context logs
2023-06-01 19:11:02,432 [main] INFO  http.HttpServer2 (HttpServer2.java:addFilter(1015)) - Added filter static_user_filter (class=org.apache.hadoop.http.lib.StaticUserWebFilter$StaticUserFilter) to context static
2023-06-01 19:11:02,433 [main] INFO  http.BaseHttpServer (BaseHttpServer.java:<init>(190)) - HTTP server of hddsDatanode uses base directory /home/runner/work/ozone/ozone/hadoop-ozone/integration-test/target/test-dir/MiniOzoneClusterImpl-59aba430-7466-43cf-ac60-ffcd1bd17169/datanode-4/meta/webserver
2023-06-01 19:11:02,433 [main] INFO  http.HttpServer2 (HttpServer2.java:bindListener(1250)) - Jetty bound to port 15045
2023-06-01 19:11:02,433 [main] INFO  server.Server (Server.java:doStart(375)) - jetty-9.4.51.v20230217; built: 2023-02-17T08:19:37.309Z; git: b45c405e4544384de066f814ed42ae3dceacdd49; jvm 1.8.0_362-b09
2023-06-01 19:11:02,435 [main] INFO  server.session (DefaultSessionIdManager.java:doStart(334)) - DefaultSessionIdManager workerName=node0
2023-06-01 19:11:02,435 [main] INFO  server.session (DefaultSessionIdManager.java:doStart(339)) - No SessionScavenger set, using defaults
2023-06-01 19:11:02,435 [main] INFO  server.session (HouseKeeper.java:startScavenging(132)) - node0 Scavenging every 600000ms
2023-06-01 19:11:02,436 [main] INFO  handler.ContextHandler (ContextHandler.java:doStart(921)) - Started o.e.j.s.ServletContextHandler@28a58685{logs,/logs,file:///home/runner/work/ozone/ozone/hadoop-ozone/integration-test/target/log,AVAILABLE}
2023-06-01 19:11:02,437 [main] INFO  handler.ContextHandler (ContextHandler.java:doStart(921)) - Started o.e.j.s.ServletContextHandler@43925564{static,/static,jar:file:/home/runner/.m2/repository/org/apache/ozone/hdds-container-service/1.4.0-SNAPSHOT/hdds-container-service-1.4.0-SNAPSHOT.jar!/webapps/static,AVAILABLE}
2023-06-01 19:11:02,638 [main] INFO  handler.ContextHandler (ContextHandler.java:doStart(921)) - Started o.e.j.w.WebAppContext@27407cd2{hddsDatanode,/,file:///home/runner/work/ozone/ozone/hadoop-ozone/integration-test/target/test-dir/MiniOzoneClusterImpl-59aba430-7466-43cf-ac60-ffcd1bd17169/datanode-4/meta/webserver/jetty-0_0_0_0-15045-hdds-container-service-1_4_0-SNAPSHOT_jar-_-any-2711210127647132706/webapp/,AVAILABLE}{jar:file:/home/runner/.m2/repository/org/apache/ozone/hdds-container-service/1.4.0-SNAPSHOT/hdds-container-service-1.4.0-SNAPSHOT.jar!/webapps/hddsDatanode}
2023-06-01 19:11:02,640 [main] INFO  server.AbstractConnector (AbstractConnector.java:doStart(333)) - Started ServerConnector@7a2bc263{HTTP/1.1, (http/1.1)}{0.0.0.0:15045}
2023-06-01 19:11:02,640 [main] INFO  server.Server (Server.java:doStart(415)) - Started @9749ms
2023-06-01 19:11:02,640 [main] WARN  impl.MetricsSystemImpl (MetricsSystemImpl.java:register(279)) - Sink prometheus already exists!
2023-06-01 19:11:02,640 [main] INFO  http.BaseHttpServer (BaseHttpServer.java:updateConnectorAddress(344)) - HTTP server of hddsDatanode listening at http://0.0.0.0:15045
2023-06-01 19:11:02,641 [main] INFO  ipc.CallQueueManager (CallQueueManager.java:<init>(90)) - Using callQueue: class java.util.concurrent.LinkedBlockingQueue, queueCapacity: 100, scheduler: class org.apache.hadoop.ipc.DefaultRpcScheduler, ipcBackoff: false.
2023-06-01 19:11:02,641 [Socket Reader #1 for port 15046] INFO  ipc.Server (Server.java:run(1319)) - Starting Socket Reader #1 for port 15046
2023-06-01 19:11:02,647 [Listener at 0.0.0.0/15046] INFO  hdds.HddsUtils (HddsUtils.java:preserveThreadName(843)) - Restoring thread name: main
2023-06-01 19:11:02,647 [main] INFO  ozone.HddsDatanodeService (HddsDatanodeService.java:start(337)) - Datanode start with admins: [runner]
2023-06-01 19:11:02,647 [main] INFO  ozone.HddsDatanodeClientProtocolServer (HddsDatanodeClientProtocolServer.java:start(83)) - RPC server for Client /0.0.0.0:15046
2023-06-01 19:11:02,650 [IPC Server Responder] INFO  ipc.Server (Server.java:run(1558)) - IPC Server Responder: starting
2023-06-01 19:11:02,655 [IPC Server listener on 15046] INFO  ipc.Server (Server.java:run(1398)) - IPC Server listener on 15046: starting
2023-06-01 19:11:02,656 [main] WARN  impl.MetricRegistriesImpl (MetricRegistriesImpl.java:addReporterRegistration(111)) - New reporters are added after registries were created. Some metrics will be missing from the reporter. Please add reporter before adding any new registry.
2023-06-01 19:11:02,656 [main] WARN  impl.MetricRegistriesImpl (MetricRegistriesImpl.java:addReporterRegistration(111)) - New reporters are added after registries were created. Some metrics will be missing from the reporter. Please add reporter before adding any new registry.
2023-06-01 19:11:02,656 [main] INFO  impl.MetricsSystemImpl (MetricsSystemImpl.java:init(158)) - HddsDatanode metrics system started (again)
2023-06-01 19:11:02,664 [Datanode State Machine Daemon Thread] INFO  statemachine.DatanodeStateMachine (DatanodeStateMachine.java:lambda$startDaemon$0(537)) - Ozone container server started.
2023-06-01 19:11:02,666 [org.apache.hadoop.util.JvmPauseMonitor$Monitor@689f307] INFO  util.JvmPauseMonitor (JvmPauseMonitor.java:run(188)) - Starting JVM pause monitor
2023-06-01 19:11:02,670 [main] INFO  ozone.HddsDatanodeService (HddsDatanodeService.java:start(264)) - HddsDatanodeService host:fv-az163-187.kzyshwy3mise5klwsllqwzgzyb.cx.internal.cloudapp.net ip:10.1.0.196
2023-06-01 19:11:02,673 [Datanode State Machine Task Thread - 0] INFO  datanode.InitDatanodeState (InitDatanodeState.java:persistContainerDatanodeDetails(138)) - DatanodeDetails is persisted to /home/runner/work/ozone/ozone/hadoop-ozone/integration-test/target/test-dir/MiniOzoneClusterImpl-59aba430-7466-43cf-ac60-ffcd1bd17169/datanode-4/meta/datanode.id
2023-06-01 19:11:02,694 [main] INFO  upgrade.AbstractLayoutVersionManager (AbstractLayoutVersionManager.java:init(83)) - Initializing Layout version manager with metadata layout = HADOOP_PRC_PORTS_IN_DATANODEDETAILS (version = 7), software layout = HADOOP_PRC_PORTS_IN_DATANODEDETAILS (version = 7)
2023-06-01 19:11:02,695 [main] INFO  statemachine.DatanodeStateMachine (DatanodeStateMachine.java:getEndPointTaskThreadPoolSize(275)) - Datanode State Machine Task Thread Pool size 2
2023-06-01 19:11:02,700 [main] INFO  volume.HddsVolume (HddsVolume.java:<init>(130)) - Creating HddsVolume: /home/runner/work/ozone/ozone/hadoop-ozone/integration-test/target/test-dir/MiniOzoneClusterImpl-59aba430-7466-43cf-ac60-ffcd1bd17169/datanode-5/data-0/containers/hdds of storage type : DISK capacity : 9223372036854775807
2023-06-01 19:11:02,700 [main] INFO  volume.MutableVolumeSet (MutableVolumeSet.java:initializeVolumeSet(175)) - Added Volume : /home/runner/work/ozone/ozone/hadoop-ozone/integration-test/target/test-dir/MiniOzoneClusterImpl-59aba430-7466-43cf-ac60-ffcd1bd17169/datanode-5/data-0/containers/hdds to VolumeSet
2023-06-01 19:11:02,700 [main] INFO  volume.ThrottledAsyncChecker (ThrottledAsyncChecker.java:schedule(141)) - Scheduling a check for /home/runner/work/ozone/ozone/hadoop-ozone/integration-test/target/test-dir/MiniOzoneClusterImpl-59aba430-7466-43cf-ac60-ffcd1bd17169/datanode-5/data-0/containers/hdds
2023-06-01 19:11:02,701 [main] INFO  volume.StorageVolumeChecker (StorageVolumeChecker.java:checkAllVolumes(202)) - Scheduled health check for volume /home/runner/work/ozone/ozone/hadoop-ozone/integration-test/target/test-dir/MiniOzoneClusterImpl-59aba430-7466-43cf-ac60-ffcd1bd17169/datanode-5/data-0/containers/hdds
2023-06-01 19:11:02,715 [main] INFO  volume.MutableVolumeSet (MutableVolumeSet.java:initializeVolumeSet(175)) - Added Volume : /home/runner/work/ozone/ozone/hadoop-ozone/integration-test/target/test-dir/MiniOzoneClusterImpl-59aba430-7466-43cf-ac60-ffcd1bd17169/datanode-5/data/ratis to VolumeSet
2023-06-01 19:11:02,716 [main] INFO  volume.ThrottledAsyncChecker (ThrottledAsyncChecker.java:schedule(141)) - Scheduling a check for /home/runner/work/ozone/ozone/hadoop-ozone/integration-test/target/test-dir/MiniOzoneClusterImpl-59aba430-7466-43cf-ac60-ffcd1bd17169/datanode-5/data/ratis
2023-06-01 19:11:02,716 [main] INFO  volume.StorageVolumeChecker (StorageVolumeChecker.java:checkAllVolumes(202)) - Scheduled health check for volume /home/runner/work/ozone/ozone/hadoop-ozone/integration-test/target/test-dir/MiniOzoneClusterImpl-59aba430-7466-43cf-ac60-ffcd1bd17169/datanode-5/data/ratis
2023-06-01 19:11:02,731 [Thread-233] INFO  ozoneimpl.ContainerReader (ContainerReader.java:readVolume(175)) - Finish verifying containers on volume /home/runner/work/ozone/ozone/hadoop-ozone/integration-test/target/test-dir/MiniOzoneClusterImpl-59aba430-7466-43cf-ac60-ffcd1bd17169/datanode-5/data-0/containers/hdds
2023-06-01 19:11:02,731 [main] INFO  ozoneimpl.OzoneContainer (OzoneContainer.java:buildContainerSet(303)) - Build ContainerSet costs 0s
2023-06-01 19:11:02,734 [main] INFO  server.RaftServer (ConfUtils.java:logGet(46)) - raft.rpc.type = GRPC (default)
2023-06-01 19:11:02,734 [main] INFO  grpc.GrpcConfigKeys (ConfUtils.java:logFallback(53)) - raft.grpc.admin.host = null (fallback to raft.grpc.server.host)
2023-06-01 19:11:02,734 [main] INFO  grpc.GrpcConfigKeys (ConfUtils.java:logGet(46)) - raft.grpc.admin.port = 15058 (custom)
2023-06-01 19:11:02,734 [main] INFO  grpc.GrpcConfigKeys (ConfUtils.java:logFallback(53)) - raft.grpc.client.host = null (fallback to raft.grpc.server.host)
2023-06-01 19:11:02,734 [main] INFO  grpc.GrpcConfigKeys (ConfUtils.java:logGet(46)) - raft.grpc.client.port = 15057 (custom)
2023-06-01 19:11:02,740 [main] INFO  grpc.GrpcConfigKeys (ConfUtils.java:logGet(46)) - raft.grpc.server.host = null (default)
2023-06-01 19:11:02,740 [main] INFO  grpc.GrpcConfigKeys (ConfUtils.java:logGet(46)) - raft.grpc.server.port = 15059 (custom)
2023-06-01 19:11:02,740 [main] INFO  server.GrpcService (ConfUtils.java:logGet(46)) - raft.grpc.message.size.max = 32MB (=33554432) (custom)
2023-06-01 19:11:02,740 [main] INFO  server.RaftServerConfigKeys (ConfUtils.java:logGet(46)) - raft.server.log.appender.buffer.byte-limit = 33554432 (custom)
2023-06-01 19:11:02,740 [main] INFO  server.GrpcService (ConfUtils.java:logGet(46)) - raft.grpc.flow.control.window = 5MB (=5242880) (custom)
2023-06-01 19:11:02,740 [main] INFO  server.RaftServerConfigKeys (ConfUtils.java:logGet(46)) - raft.server.rpc.request.timeout = 60s (custom)
2023-06-01 19:11:02,740 [main] INFO  grpc.GrpcConfigKeys (ConfUtils.java:logGet(46)) - raft.grpc.server.heartbeat.channel = true (default)
2023-06-01 19:11:02,741 [main] INFO  grpc.GrpcConfigKeys (ConfUtils.java:logGet(46)) - raft.grpc.server.async.request.thread.pool.cached = true (default)
2023-06-01 19:11:02,742 [main] INFO  grpc.GrpcConfigKeys (ConfUtils.java:logGet(46)) - raft.grpc.server.async.request.thread.pool.size = 32 (default)
2023-06-01 19:11:02,744 [main] INFO  impl.DataStreamServerImpl (ConfUtils.java:logGet(46)) - raft.datastream.type = NETTY (custom)
2023-06-01 19:11:02,744 [main] INFO  server.RaftServerConfigKeys (ConfUtils.java:logGet(46)) - raft.server.data-stream.async.request.thread.pool.cached = false (default)
2023-06-01 19:11:02,744 [main] INFO  server.RaftServerConfigKeys (ConfUtils.java:logGet(46)) - raft.server.data-stream.async.request.thread.pool.size = 20 (custom)
2023-06-01 19:11:02,745 [main] INFO  server.RaftServerConfigKeys (ConfUtils.java:logGet(46)) - raft.server.data-stream.async.write.thread.pool.size = 16 (default)
2023-06-01 19:11:02,745 [main] INFO  server.RaftServerConfigKeys (ConfUtils.java:logGet(46)) - raft.server.data-stream.client.pool.size = 10 (default)
2023-06-01 19:11:02,745 [main] INFO  netty.NettyConfigKeys$DataStream (ConfUtils.java:logGet(46)) - raft.netty.dataStream.server.use-epoll = false (default)
2023-06-01 19:11:02,745 [main] INFO  netty.NettyConfigKeys$DataStream (ConfUtils.java:logGet(46)) - raft.netty.dataStream.server.boss-group.size = 0 (default)
2023-06-01 19:11:02,746 [main] INFO  netty.NettyConfigKeys$DataStream (ConfUtils.java:logGet(46)) - raft.netty.dataStream.server.worker-group.size = 0 (default)
2023-06-01 19:11:02,747 [main] INFO  netty.NettyConfigKeys$DataStream (ConfUtils.java:logGet(46)) - raft.netty.dataStream.server.tls.conf = null (default)
2023-06-01 19:11:02,747 [main] INFO  netty.NettyConfigKeys$DataStream (ConfUtils.java:logGet(46)) - raft.netty.dataStream.host = null (default)
2023-06-01 19:11:02,747 [main] INFO  netty.NettyConfigKeys$DataStream (ConfUtils.java:logGet(46)) - raft.netty.dataStream.port = 15060 (custom)
2023-06-01 19:11:02,750 [main] INFO  server.RaftServerConfigKeys (ConfUtils.java:logGet(46)) - raft.server.threadpool.proxy.cached = true (default)
2023-06-01 19:11:02,750 [main] INFO  server.RaftServerConfigKeys (ConfUtils.java:logGet(46)) - raft.server.threadpool.proxy.size = 0 (default)
2023-06-01 19:11:02,751 [main] INFO  server.RaftServerConfigKeys (ConfUtils.java:logGet(46)) - raft.server.rpc.slowness.timeout = 300s (custom)
2023-06-01 19:11:02,751 [main] INFO  server.RaftServerConfigKeys (ConfUtils.java:logGet(46)) - raft.server.leaderelection.leader.step-down.wait-time = 10s (default)
2023-06-01 19:11:02,751 [main] INFO  server.RaftServerConfigKeys (ConfUtils.java:logGet(46)) - raft.server.storage.dir = [/home/runner/work/ozone/ozone/hadoop-ozone/integration-test/target/test-dir/MiniOzoneClusterImpl-59aba430-7466-43cf-ac60-ffcd1bd17169/datanode-5/data/ratis] (custom)
2023-06-01 19:11:02,752 [aab6e560-2e42-4217-8e7a-cc5f2733e87a-NettyServerStreamRpc-bossGroup--thread1] INFO  logging.LoggingHandler (AbstractInternalLogger.java:log(148)) - [id: 0xe58290a4] REGISTERED
2023-06-01 19:11:02,753 [aab6e560-2e42-4217-8e7a-cc5f2733e87a-NettyServerStreamRpc-bossGroup--thread1] INFO  logging.LoggingHandler (AbstractInternalLogger.java:log(148)) - [id: 0xe58290a4] BIND: 0.0.0.0/0.0.0.0:15060
2023-06-01 19:11:02,753 [aab6e560-2e42-4217-8e7a-cc5f2733e87a-NettyServerStreamRpc-bossGroup--thread1] INFO  logging.LoggingHandler (AbstractInternalLogger.java:log(148)) - [id: 0xe58290a4, L:/0:0:0:0:0:0:0:0:15060] ACTIVE
2023-06-01 19:11:02,754 [main] INFO  server.XceiverServerGrpc (XceiverServerGrpc.java:<init>(132)) - GrpcServer channel type EpollServerSocketChannel
2023-06-01 19:11:02,757 [main] INFO  replication.ReplicationSupervisor (ReplicationSupervisor.java:nodeStateUpdated(296)) - Node state updated to IN_SERVICE, scaling executor pool size to 10
2023-06-01 19:11:02,762 [main] INFO  http.BaseHttpServer (BaseHttpServer.java:newHttpServer2BuilderForOzone(224)) - Starting Web-server for hddsDatanode at: http://0.0.0.0:15054
2023-06-01 19:11:02,763 [main] INFO  http.BaseHttpServer (BaseHttpServer.java:<init>(111)) - Hadoop Security Enabled: false Ozone Security Enabled: false Ozone HTTP Security Enabled: false 
2023-06-01 19:11:02,764 [main] WARN  server.AuthenticationFilter (AuthenticationFilter.java:constructSecretProvider(240)) - Unable to initialize FileSignerSecretProvider, falling back to use random secrets. Reason: Could not read signature secret file: /home/runner/hadoop-http-auth-signature-secret
2023-06-01 19:11:02,765 [main] INFO  http.HttpRequestLog (HttpRequestLog.java:getRequestLog(86)) - Http request log for http.requests.hddsDatanode is not defined
2023-06-01 19:11:02,766 [main] INFO  http.HttpServer2 (HttpServer2.java:addGlobalFilter(1031)) - Added global filter 'safety' (class=org.apache.hadoop.hdds.server.http.HttpServer2$QuotingInputFilter)
2023-06-01 19:11:02,768 [main] INFO  http.HttpServer2 (HttpServer2.java:addFilter(1007)) - Added filter static_user_filter (class=org.apache.hadoop.http.lib.StaticUserWebFilter$StaticUserFilter) to context hddsDatanode
2023-06-01 19:11:02,768 [main] INFO  http.HttpServer2 (HttpServer2.java:addFilter(1015)) - Added filter static_user_filter (class=org.apache.hadoop.http.lib.StaticUserWebFilter$StaticUserFilter) to context logs
2023-06-01 19:11:02,768 [main] INFO  http.HttpServer2 (HttpServer2.java:addFilter(1015)) - Added filter static_user_filter (class=org.apache.hadoop.http.lib.StaticUserWebFilter$StaticUserFilter) to context static
2023-06-01 19:11:02,771 [main] INFO  http.BaseHttpServer (BaseHttpServer.java:<init>(190)) - HTTP server of hddsDatanode uses base directory /home/runner/work/ozone/ozone/hadoop-ozone/integration-test/target/test-dir/MiniOzoneClusterImpl-59aba430-7466-43cf-ac60-ffcd1bd17169/datanode-5/meta/webserver
2023-06-01 19:11:02,771 [main] INFO  http.HttpServer2 (HttpServer2.java:bindListener(1250)) - Jetty bound to port 15054
2023-06-01 19:11:02,771 [main] INFO  server.Server (Server.java:doStart(375)) - jetty-9.4.51.v20230217; built: 2023-02-17T08:19:37.309Z; git: b45c405e4544384de066f814ed42ae3dceacdd49; jvm 1.8.0_362-b09
2023-06-01 19:11:02,773 [main] INFO  server.session (DefaultSessionIdManager.java:doStart(334)) - DefaultSessionIdManager workerName=node0
2023-06-01 19:11:02,773 [main] INFO  server.session (DefaultSessionIdManager.java:doStart(339)) - No SessionScavenger set, using defaults
2023-06-01 19:11:02,773 [main] INFO  server.session (HouseKeeper.java:startScavenging(132)) - node0 Scavenging every 600000ms
2023-06-01 19:11:02,775 [main] INFO  handler.ContextHandler (ContextHandler.java:doStart(921)) - Started o.e.j.s.ServletContextHandler@46273c1f{logs,/logs,file:///home/runner/work/ozone/ozone/hadoop-ozone/integration-test/target/log,AVAILABLE}
2023-06-01 19:11:02,775 [main] INFO  handler.ContextHandler (ContextHandler.java:doStart(921)) - Started o.e.j.s.ServletContextHandler@4adc0631{static,/static,jar:file:/home/runner/.m2/repository/org/apache/ozone/hdds-container-service/1.4.0-SNAPSHOT/hdds-container-service-1.4.0-SNAPSHOT.jar!/webapps/static,AVAILABLE}
2023-06-01 19:11:02,978 [main] INFO  handler.ContextHandler (ContextHandler.java:doStart(921)) - Started o.e.j.w.WebAppContext@17d8267c{hddsDatanode,/,file:///home/runner/work/ozone/ozone/hadoop-ozone/integration-test/target/test-dir/MiniOzoneClusterImpl-59aba430-7466-43cf-ac60-ffcd1bd17169/datanode-5/meta/webserver/jetty-0_0_0_0-15054-hdds-container-service-1_4_0-SNAPSHOT_jar-_-any-6167263658004007656/webapp/,AVAILABLE}{jar:file:/home/runner/.m2/repository/org/apache/ozone/hdds-container-service/1.4.0-SNAPSHOT/hdds-container-service-1.4.0-SNAPSHOT.jar!/webapps/hddsDatanode}
2023-06-01 19:11:02,981 [main] INFO  server.AbstractConnector (AbstractConnector.java:doStart(333)) - Started ServerConnector@193863aa{HTTP/1.1, (http/1.1)}{0.0.0.0:15054}
2023-06-01 19:11:02,981 [main] INFO  server.Server (Server.java:doStart(415)) - Started @10090ms
2023-06-01 19:11:02,981 [main] WARN  impl.MetricsSystemImpl (MetricsSystemImpl.java:register(279)) - Sink prometheus already exists!
2023-06-01 19:11:02,982 [main] INFO  http.BaseHttpServer (BaseHttpServer.java:updateConnectorAddress(344)) - HTTP server of hddsDatanode listening at http://0.0.0.0:15054
2023-06-01 19:11:02,982 [main] INFO  ipc.CallQueueManager (CallQueueManager.java:<init>(90)) - Using callQueue: class java.util.concurrent.LinkedBlockingQueue, queueCapacity: 100, scheduler: class org.apache.hadoop.ipc.DefaultRpcScheduler, ipcBackoff: false.
2023-06-01 19:11:02,983 [Socket Reader #1 for port 15055] INFO  ipc.Server (Server.java:run(1319)) - Starting Socket Reader #1 for port 15055
2023-06-01 19:11:02,990 [Listener at 0.0.0.0/15055] INFO  hdds.HddsUtils (HddsUtils.java:preserveThreadName(843)) - Restoring thread name: main
2023-06-01 19:11:02,990 [main] INFO  ozone.HddsDatanodeService (HddsDatanodeService.java:start(337)) - Datanode start with admins: [runner]
2023-06-01 19:11:02,990 [main] INFO  ozone.HddsDatanodeClientProtocolServer (HddsDatanodeClientProtocolServer.java:start(83)) - RPC server for Client /0.0.0.0:15055
2023-06-01 19:11:02,991 [IPC Server Responder] INFO  ipc.Server (Server.java:run(1558)) - IPC Server Responder: starting
2023-06-01 19:11:02,995 [Datanode State Machine Daemon Thread] INFO  statemachine.DatanodeStateMachine (DatanodeStateMachine.java:lambda$startDaemon$0(537)) - Ozone container server started.
2023-06-01 19:11:02,995 [main] WARN  impl.MetricRegistriesImpl (MetricRegistriesImpl.java:addReporterRegistration(111)) - New reporters are added after registries were created. Some metrics will be missing from the reporter. Please add reporter before adding any new registry.
2023-06-01 19:11:02,996 [main] WARN  impl.MetricRegistriesImpl (MetricRegistriesImpl.java:addReporterRegistration(111)) - New reporters are added after registries were created. Some metrics will be missing from the reporter. Please add reporter before adding any new registry.
2023-06-01 19:11:02,996 [main] INFO  impl.MetricsSystemImpl (MetricsSystemImpl.java:init(158)) - HddsDatanode metrics system started (again)
2023-06-01 19:11:02,996 [IPC Server listener on 15055] INFO  ipc.Server (Server.java:run(1398)) - IPC Server listener on 15055: starting
2023-06-01 19:11:03,033 [org.apache.hadoop.util.JvmPauseMonitor$Monitor@5eabae86] INFO  util.JvmPauseMonitor (JvmPauseMonitor.java:run(188)) - Starting JVM pause monitor
2023-06-01 19:11:03,048 [main] INFO  ozone.HddsDatanodeService (HddsDatanodeService.java:start(264)) - HddsDatanodeService host:fv-az163-187.kzyshwy3mise5klwsllqwzgzyb.cx.internal.cloudapp.net ip:10.1.0.196
2023-06-01 19:11:03,053 [Datanode State Machine Task Thread - 0] INFO  datanode.InitDatanodeState (InitDatanodeState.java:persistContainerDatanodeDetails(138)) - DatanodeDetails is persisted to /home/runner/work/ozone/ozone/hadoop-ozone/integration-test/target/test-dir/MiniOzoneClusterImpl-59aba430-7466-43cf-ac60-ffcd1bd17169/datanode-5/meta/datanode.id
2023-06-01 19:11:03,069 [main] INFO  upgrade.AbstractLayoutVersionManager (AbstractLayoutVersionManager.java:init(83)) - Initializing Layout version manager with metadata layout = HADOOP_PRC_PORTS_IN_DATANODEDETAILS (version = 7), software layout = HADOOP_PRC_PORTS_IN_DATANODEDETAILS (version = 7)
2023-06-01 19:11:03,072 [main] INFO  statemachine.DatanodeStateMachine (DatanodeStateMachine.java:getEndPointTaskThreadPoolSize(275)) - Datanode State Machine Task Thread Pool size 2
2023-06-01 19:11:03,082 [main] INFO  volume.HddsVolume (HddsVolume.java:<init>(130)) - Creating HddsVolume: /home/runner/work/ozone/ozone/hadoop-ozone/integration-test/target/test-dir/MiniOzoneClusterImpl-59aba430-7466-43cf-ac60-ffcd1bd17169/datanode-6/data-0/containers/hdds of storage type : DISK capacity : 9223372036854775807
2023-06-01 19:11:03,083 [main] INFO  volume.MutableVolumeSet (MutableVolumeSet.java:initializeVolumeSet(175)) - Added Volume : /home/runner/work/ozone/ozone/hadoop-ozone/integration-test/target/test-dir/MiniOzoneClusterImpl-59aba430-7466-43cf-ac60-ffcd1bd17169/datanode-6/data-0/containers/hdds to VolumeSet
2023-06-01 19:11:03,084 [main] INFO  volume.ThrottledAsyncChecker (ThrottledAsyncChecker.java:schedule(141)) - Scheduling a check for /home/runner/work/ozone/ozone/hadoop-ozone/integration-test/target/test-dir/MiniOzoneClusterImpl-59aba430-7466-43cf-ac60-ffcd1bd17169/datanode-6/data-0/containers/hdds
2023-06-01 19:11:03,084 [main] INFO  volume.StorageVolumeChecker (StorageVolumeChecker.java:checkAllVolumes(202)) - Scheduled health check for volume /home/runner/work/ozone/ozone/hadoop-ozone/integration-test/target/test-dir/MiniOzoneClusterImpl-59aba430-7466-43cf-ac60-ffcd1bd17169/datanode-6/data-0/containers/hdds
2023-06-01 19:11:03,098 [main] INFO  volume.MutableVolumeSet (MutableVolumeSet.java:initializeVolumeSet(175)) - Added Volume : /home/runner/work/ozone/ozone/hadoop-ozone/integration-test/target/test-dir/MiniOzoneClusterImpl-59aba430-7466-43cf-ac60-ffcd1bd17169/datanode-6/data/ratis to VolumeSet
2023-06-01 19:11:03,099 [main] INFO  volume.ThrottledAsyncChecker (ThrottledAsyncChecker.java:schedule(141)) - Scheduling a check for /home/runner/work/ozone/ozone/hadoop-ozone/integration-test/target/test-dir/MiniOzoneClusterImpl-59aba430-7466-43cf-ac60-ffcd1bd17169/datanode-6/data/ratis
2023-06-01 19:11:03,099 [main] INFO  volume.StorageVolumeChecker (StorageVolumeChecker.java:checkAllVolumes(202)) - Scheduled health check for volume /home/runner/work/ozone/ozone/hadoop-ozone/integration-test/target/test-dir/MiniOzoneClusterImpl-59aba430-7466-43cf-ac60-ffcd1bd17169/datanode-6/data/ratis
2023-06-01 19:11:03,112 [Thread-251] INFO  ozoneimpl.ContainerReader (ContainerReader.java:readVolume(175)) - Finish verifying containers on volume /home/runner/work/ozone/ozone/hadoop-ozone/integration-test/target/test-dir/MiniOzoneClusterImpl-59aba430-7466-43cf-ac60-ffcd1bd17169/datanode-6/data-0/containers/hdds
2023-06-01 19:11:03,112 [main] INFO  ozoneimpl.OzoneContainer (OzoneContainer.java:buildContainerSet(303)) - Build ContainerSet costs 0s
2023-06-01 19:11:03,115 [main] INFO  server.RaftServer (ConfUtils.java:logGet(46)) - raft.rpc.type = GRPC (default)
2023-06-01 19:11:03,115 [main] INFO  grpc.GrpcConfigKeys (ConfUtils.java:logFallback(53)) - raft.grpc.admin.host = null (fallback to raft.grpc.server.host)
2023-06-01 19:11:03,115 [main] INFO  grpc.GrpcConfigKeys (ConfUtils.java:logGet(46)) - raft.grpc.admin.port = 15067 (custom)
2023-06-01 19:11:03,115 [main] INFO  grpc.GrpcConfigKeys (ConfUtils.java:logFallback(53)) - raft.grpc.client.host = null (fallback to raft.grpc.server.host)
2023-06-01 19:11:03,116 [main] INFO  grpc.GrpcConfigKeys (ConfUtils.java:logGet(46)) - raft.grpc.client.port = 15066 (custom)
2023-06-01 19:11:03,116 [main] INFO  grpc.GrpcConfigKeys (ConfUtils.java:logGet(46)) - raft.grpc.server.host = null (default)
2023-06-01 19:11:03,116 [main] INFO  grpc.GrpcConfigKeys (ConfUtils.java:logGet(46)) - raft.grpc.server.port = 15068 (custom)
2023-06-01 19:11:03,116 [main] INFO  server.GrpcService (ConfUtils.java:logGet(46)) - raft.grpc.message.size.max = 32MB (=33554432) (custom)
2023-06-01 19:11:03,116 [main] INFO  server.RaftServerConfigKeys (ConfUtils.java:logGet(46)) - raft.server.log.appender.buffer.byte-limit = 33554432 (custom)
2023-06-01 19:11:03,116 [main] INFO  server.GrpcService (ConfUtils.java:logGet(46)) - raft.grpc.flow.control.window = 5MB (=5242880) (custom)
2023-06-01 19:11:03,116 [main] INFO  server.RaftServerConfigKeys (ConfUtils.java:logGet(46)) - raft.server.rpc.request.timeout = 60s (custom)
2023-06-01 19:11:03,116 [main] INFO  grpc.GrpcConfigKeys (ConfUtils.java:logGet(46)) - raft.grpc.server.heartbeat.channel = true (default)
2023-06-01 19:11:03,116 [main] INFO  grpc.GrpcConfigKeys (ConfUtils.java:logGet(46)) - raft.grpc.server.async.request.thread.pool.cached = true (default)
2023-06-01 19:11:03,117 [main] INFO  grpc.GrpcConfigKeys (ConfUtils.java:logGet(46)) - raft.grpc.server.async.request.thread.pool.size = 32 (default)
2023-06-01 19:11:03,118 [main] INFO  impl.DataStreamServerImpl (ConfUtils.java:logGet(46)) - raft.datastream.type = NETTY (custom)
2023-06-01 19:11:03,119 [main] INFO  server.RaftServerConfigKeys (ConfUtils.java:logGet(46)) - raft.server.data-stream.async.request.thread.pool.cached = false (default)
2023-06-01 19:11:03,119 [main] INFO  server.RaftServerConfigKeys (ConfUtils.java:logGet(46)) - raft.server.data-stream.async.request.thread.pool.size = 20 (custom)
2023-06-01 19:11:03,119 [main] INFO  server.RaftServerConfigKeys (ConfUtils.java:logGet(46)) - raft.server.data-stream.async.write.thread.pool.size = 16 (default)
2023-06-01 19:11:03,119 [main] INFO  server.RaftServerConfigKeys (ConfUtils.java:logGet(46)) - raft.server.data-stream.client.pool.size = 10 (default)
2023-06-01 19:11:03,119 [main] INFO  netty.NettyConfigKeys$DataStream (ConfUtils.java:logGet(46)) - raft.netty.dataStream.server.use-epoll = false (default)
2023-06-01 19:11:03,119 [main] INFO  netty.NettyConfigKeys$DataStream (ConfUtils.java:logGet(46)) - raft.netty.dataStream.server.boss-group.size = 0 (default)
2023-06-01 19:11:03,120 [main] INFO  netty.NettyConfigKeys$DataStream (ConfUtils.java:logGet(46)) - raft.netty.dataStream.server.worker-group.size = 0 (default)
2023-06-01 19:11:03,120 [main] INFO  netty.NettyConfigKeys$DataStream (ConfUtils.java:logGet(46)) - raft.netty.dataStream.server.tls.conf = null (default)
2023-06-01 19:11:03,120 [main] INFO  netty.NettyConfigKeys$DataStream (ConfUtils.java:logGet(46)) - raft.netty.dataStream.host = null (default)
2023-06-01 19:11:03,120 [main] INFO  netty.NettyConfigKeys$DataStream (ConfUtils.java:logGet(46)) - raft.netty.dataStream.port = 15069 (custom)
2023-06-01 19:11:03,121 [main] INFO  server.RaftServerConfigKeys (ConfUtils.java:logGet(46)) - raft.server.threadpool.proxy.cached = true (default)
2023-06-01 19:11:03,121 [main] INFO  server.RaftServerConfigKeys (ConfUtils.java:logGet(46)) - raft.server.threadpool.proxy.size = 0 (default)
2023-06-01 19:11:03,121 [main] INFO  server.RaftServerConfigKeys (ConfUtils.java:logGet(46)) - raft.server.rpc.slowness.timeout = 300s (custom)
2023-06-01 19:11:03,121 [main] INFO  server.RaftServerConfigKeys (ConfUtils.java:logGet(46)) - raft.server.leaderelection.leader.step-down.wait-time = 10s (default)
2023-06-01 19:11:03,121 [main] INFO  server.RaftServerConfigKeys (ConfUtils.java:logGet(46)) - raft.server.storage.dir = [/home/runner/work/ozone/ozone/hadoop-ozone/integration-test/target/test-dir/MiniOzoneClusterImpl-59aba430-7466-43cf-ac60-ffcd1bd17169/datanode-6/data/ratis] (custom)
2023-06-01 19:11:03,123 [36cbda38-693f-49bb-be1a-3256c6faae50-NettyServerStreamRpc-bossGroup--thread1] INFO  logging.LoggingHandler (AbstractInternalLogger.java:log(148)) - [id: 0x86e374ef] REGISTERED
2023-06-01 19:11:03,125 [36cbda38-693f-49bb-be1a-3256c6faae50-NettyServerStreamRpc-bossGroup--thread1] INFO  logging.LoggingHandler (AbstractInternalLogger.java:log(148)) - [id: 0x86e374ef] BIND: 0.0.0.0/0.0.0.0:15069
2023-06-01 19:11:03,125 [36cbda38-693f-49bb-be1a-3256c6faae50-NettyServerStreamRpc-bossGroup--thread1] INFO  logging.LoggingHandler (AbstractInternalLogger.java:log(148)) - [id: 0x86e374ef, L:/0:0:0:0:0:0:0:0:15069] ACTIVE
2023-06-01 19:11:03,125 [main] INFO  server.XceiverServerGrpc (XceiverServerGrpc.java:<init>(132)) - GrpcServer channel type EpollServerSocketChannel
2023-06-01 19:11:03,127 [main] INFO  replication.ReplicationSupervisor (ReplicationSupervisor.java:nodeStateUpdated(296)) - Node state updated to IN_SERVICE, scaling executor pool size to 10
2023-06-01 19:11:03,128 [main] INFO  http.BaseHttpServer (BaseHttpServer.java:newHttpServer2BuilderForOzone(224)) - Starting Web-server for hddsDatanode at: http://0.0.0.0:15063
2023-06-01 19:11:03,128 [main] INFO  http.BaseHttpServer (BaseHttpServer.java:<init>(111)) - Hadoop Security Enabled: false Ozone Security Enabled: false Ozone HTTP Security Enabled: false 
2023-06-01 19:11:03,130 [main] WARN  server.AuthenticationFilter (AuthenticationFilter.java:constructSecretProvider(240)) - Unable to initialize FileSignerSecretProvider, falling back to use random secrets. Reason: Could not read signature secret file: /home/runner/hadoop-http-auth-signature-secret
2023-06-01 19:11:03,131 [main] INFO  http.HttpRequestLog (HttpRequestLog.java:getRequestLog(86)) - Http request log for http.requests.hddsDatanode is not defined
2023-06-01 19:11:03,132 [main] INFO  http.HttpServer2 (HttpServer2.java:addGlobalFilter(1031)) - Added global filter 'safety' (class=org.apache.hadoop.hdds.server.http.HttpServer2$QuotingInputFilter)
2023-06-01 19:11:03,133 [main] INFO  http.HttpServer2 (HttpServer2.java:addFilter(1007)) - Added filter static_user_filter (class=org.apache.hadoop.http.lib.StaticUserWebFilter$StaticUserFilter) to context hddsDatanode
2023-06-01 19:11:03,133 [main] INFO  http.HttpServer2 (HttpServer2.java:addFilter(1015)) - Added filter static_user_filter (class=org.apache.hadoop.http.lib.StaticUserWebFilter$StaticUserFilter) to context logs
2023-06-01 19:11:03,133 [main] INFO  http.HttpServer2 (HttpServer2.java:addFilter(1015)) - Added filter static_user_filter (class=org.apache.hadoop.http.lib.StaticUserWebFilter$StaticUserFilter) to context static
2023-06-01 19:11:03,134 [main] INFO  http.BaseHttpServer (BaseHttpServer.java:<init>(190)) - HTTP server of hddsDatanode uses base directory /home/runner/work/ozone/ozone/hadoop-ozone/integration-test/target/test-dir/MiniOzoneClusterImpl-59aba430-7466-43cf-ac60-ffcd1bd17169/datanode-6/meta/webserver
2023-06-01 19:11:03,134 [main] INFO  http.HttpServer2 (HttpServer2.java:bindListener(1250)) - Jetty bound to port 15063
2023-06-01 19:11:03,134 [main] INFO  server.Server (Server.java:doStart(375)) - jetty-9.4.51.v20230217; built: 2023-02-17T08:19:37.309Z; git: b45c405e4544384de066f814ed42ae3dceacdd49; jvm 1.8.0_362-b09
2023-06-01 19:11:03,137 [main] INFO  server.session (DefaultSessionIdManager.java:doStart(334)) - DefaultSessionIdManager workerName=node0
2023-06-01 19:11:03,137 [main] INFO  server.session (DefaultSessionIdManager.java:doStart(339)) - No SessionScavenger set, using defaults
2023-06-01 19:11:03,138 [main] INFO  server.session (HouseKeeper.java:startScavenging(132)) - node0 Scavenging every 600000ms
2023-06-01 19:11:03,140 [main] INFO  handler.ContextHandler (ContextHandler.java:doStart(921)) - Started o.e.j.s.ServletContextHandler@79a68aa3{logs,/logs,file:///home/runner/work/ozone/ozone/hadoop-ozone/integration-test/target/log,AVAILABLE}
2023-06-01 19:11:03,141 [main] INFO  handler.ContextHandler (ContextHandler.java:doStart(921)) - Started o.e.j.s.ServletContextHandler@496ca244{static,/static,jar:file:/home/runner/.m2/repository/org/apache/ozone/hdds-container-service/1.4.0-SNAPSHOT/hdds-container-service-1.4.0-SNAPSHOT.jar!/webapps/static,AVAILABLE}
2023-06-01 19:11:03,323 [EndpointStateMachine task thread for /0.0.0.0:15002 - 0 ] INFO  utils.DatanodeStoreCache (DatanodeStoreCache.java:addDB(66)) - Added db /home/runner/work/ozone/ozone/hadoop-ozone/integration-test/target/test-dir/MiniOzoneClusterImpl-59aba430-7466-43cf-ac60-ffcd1bd17169/datanode-0/data-0/containers/hdds/59aba430-7466-43cf-ac60-ffcd1bd17169/DS-1dc93e80-6571-4538-8142-c6dbd0377ce9/container.db to cache
2023-06-01 19:11:03,324 [EndpointStateMachine task thread for /0.0.0.0:15002 - 0 ] INFO  volume.HddsVolume (HddsVolume.java:createDbStore(350)) - SchemaV3 db is created and loaded at /home/runner/work/ozone/ozone/hadoop-ozone/integration-test/target/test-dir/MiniOzoneClusterImpl-59aba430-7466-43cf-ac60-ffcd1bd17169/datanode-0/data-0/containers/hdds/59aba430-7466-43cf-ac60-ffcd1bd17169/DS-1dc93e80-6571-4538-8142-c6dbd0377ce9/container.db for volume DS-1dc93e80-6571-4538-8142-c6dbd0377ce9
2023-06-01 19:11:03,328 [EndpointStateMachine task thread for /0.0.0.0:15002 - 0 ] INFO  ozoneimpl.OzoneContainer (OzoneContainer.java:start(398)) - Attempting to start container services.
2023-06-01 19:11:03,331 [EndpointStateMachine task thread for /0.0.0.0:15002 - 0 ] INFO  ozoneimpl.OzoneContainer (OzoneContainer.java:startContainerScrub(314)) - Scheduled background container scanners and the on-demand container scanner have been disabled.
2023-06-01 19:11:03,335 [EndpointStateMachine task thread for /0.0.0.0:15002 - 0 ] INFO  replication.ReplicationServer (ReplicationServer.java:start(128)) - ReplicationServer is started using port 15016
2023-06-01 19:11:03,335 [EndpointStateMachine task thread for /0.0.0.0:15002 - 0 ] INFO  ratis.XceiverServerRatis (XceiverServerRatis.java:start(517)) - Starting XceiverServerRatis fac1c7af-03c1-44bd-b323-3796df9c2435
2023-06-01 19:11:03,350 [EndpointStateMachine task thread for /0.0.0.0:15002 - 0 ] INFO  server.RaftServer (RaftServerProxy.java:startImpl(400)) - fac1c7af-03c1-44bd-b323-3796df9c2435: start RPC server
2023-06-01 19:11:03,364 [EndpointStateMachine task thread for /0.0.0.0:15002 - 0 ] INFO  server.GrpcService (GrpcService.java:startImpl(302)) - fac1c7af-03c1-44bd-b323-3796df9c2435: GrpcService started, listening on 15012
2023-06-01 19:11:03,368 [EndpointStateMachine task thread for /0.0.0.0:15002 - 0 ] INFO  server.GrpcService (GrpcService.java:startImpl(302)) - fac1c7af-03c1-44bd-b323-3796df9c2435: GrpcService started, listening on 15014
2023-06-01 19:11:03,369 [EndpointStateMachine task thread for /0.0.0.0:15002 - 0 ] INFO  server.GrpcService (GrpcService.java:startImpl(302)) - fac1c7af-03c1-44bd-b323-3796df9c2435: GrpcService started, listening on 15013
2023-06-01 19:11:03,374 [EndpointStateMachine task thread for /0.0.0.0:15002 - 0 ] INFO  ratis.XceiverServerRatis (XceiverServerRatis.java:getRealPort(543)) - XceiverServerRatis fac1c7af-03c1-44bd-b323-3796df9c2435 is started using port 15012 for RATIS
2023-06-01 19:11:03,374 [EndpointStateMachine task thread for /0.0.0.0:15002 - 0 ] INFO  ratis.XceiverServerRatis (XceiverServerRatis.java:getRealPort(543)) - XceiverServerRatis fac1c7af-03c1-44bd-b323-3796df9c2435 is started using port 15013 for RATIS_ADMIN
2023-06-01 19:11:03,374 [EndpointStateMachine task thread for /0.0.0.0:15002 - 0 ] INFO  ratis.XceiverServerRatis (XceiverServerRatis.java:getRealPort(543)) - XceiverServerRatis fac1c7af-03c1-44bd-b323-3796df9c2435 is started using port 15014 for RATIS_SERVER
2023-06-01 19:11:03,374 [EndpointStateMachine task thread for /0.0.0.0:15002 - 0 ] INFO  ratis.XceiverServerRatis (XceiverServerRatis.java:getRealPort(543)) - XceiverServerRatis fac1c7af-03c1-44bd-b323-3796df9c2435 is started using port 15015 for RATIS_DATASTREAM
2023-06-01 19:11:03,380 [main] INFO  handler.ContextHandler (ContextHandler.java:doStart(921)) - Started o.e.j.w.WebAppContext@39743121{hddsDatanode,/,file:///home/runner/work/ozone/ozone/hadoop-ozone/integration-test/target/test-dir/MiniOzoneClusterImpl-59aba430-7466-43cf-ac60-ffcd1bd17169/datanode-6/meta/webserver/jetty-0_0_0_0-15063-hdds-container-service-1_4_0-SNAPSHOT_jar-_-any-3053901129254746763/webapp/,AVAILABLE}{jar:file:/home/runner/.m2/repository/org/apache/ozone/hdds-container-service/1.4.0-SNAPSHOT/hdds-container-service-1.4.0-SNAPSHOT.jar!/webapps/hddsDatanode}
2023-06-01 19:11:03,376 [JvmPauseMonitor1] INFO  util.JvmPauseMonitor (JvmPauseMonitor.java:run(103)) - JvmPauseMonitor-fac1c7af-03c1-44bd-b323-3796df9c2435: Started
2023-06-01 19:11:03,384 [main] INFO  server.AbstractConnector (AbstractConnector.java:doStart(333)) - Started ServerConnector@7858257{HTTP/1.1, (http/1.1)}{0.0.0.0:15063}
2023-06-01 19:11:03,387 [main] INFO  server.Server (Server.java:doStart(415)) - Started @10496ms
2023-06-01 19:11:03,387 [main] WARN  impl.MetricsSystemImpl (MetricsSystemImpl.java:register(279)) - Sink prometheus already exists!
2023-06-01 19:11:03,391 [main] INFO  http.BaseHttpServer (BaseHttpServer.java:updateConnectorAddress(344)) - HTTP server of hddsDatanode listening at http://0.0.0.0:15063
2023-06-01 19:11:03,398 [BlockDeletingService#0] INFO  interfaces.ContainerDeletionChoosingPolicyTemplate (ContainerDeletionChoosingPolicyTemplate.java:chooseContainerForBlockDeletion(83)) - Chosen 0/5000 blocks from 0 candidate containers.
2023-06-01 19:11:03,399 [main] INFO  ipc.CallQueueManager (CallQueueManager.java:<init>(90)) - Using callQueue: class java.util.concurrent.LinkedBlockingQueue, queueCapacity: 100, scheduler: class org.apache.hadoop.ipc.DefaultRpcScheduler, ipcBackoff: false.
2023-06-01 19:11:03,400 [Socket Reader #1 for port 15064] INFO  ipc.Server (Server.java:run(1319)) - Starting Socket Reader #1 for port 15064
2023-06-01 19:11:03,406 [Listener at 0.0.0.0/15064] INFO  hdds.HddsUtils (HddsUtils.java:preserveThreadName(843)) - Restoring thread name: main
2023-06-01 19:11:03,406 [main] INFO  ozone.HddsDatanodeService (HddsDatanodeService.java:start(337)) - Datanode start with admins: [runner]
2023-06-01 19:11:03,406 [main] INFO  ozone.HddsDatanodeClientProtocolServer (HddsDatanodeClientProtocolServer.java:start(83)) - RPC server for Client /0.0.0.0:15064
2023-06-01 19:11:03,408 [IPC Server Responder] INFO  ipc.Server (Server.java:run(1558)) - IPC Server Responder: starting
2023-06-01 19:11:03,408 [IPC Server listener on 15064] INFO  ipc.Server (Server.java:run(1398)) - IPC Server listener on 15064: starting
2023-06-01 19:11:03,414 [main] WARN  impl.MetricRegistriesImpl (MetricRegistriesImpl.java:addReporterRegistration(111)) - New reporters are added after registries were created. Some metrics will be missing from the reporter. Please add reporter before adding any new registry.
2023-06-01 19:11:03,414 [main] WARN  impl.MetricRegistriesImpl (MetricRegistriesImpl.java:addReporterRegistration(111)) - New reporters are added after registries were created. Some metrics will be missing from the reporter. Please add reporter before adding any new registry.
2023-06-01 19:11:03,414 [main] INFO  impl.MetricsSystemImpl (MetricsSystemImpl.java:init(158)) - HddsDatanode metrics system started (again)
2023-06-01 19:11:03,419 [Datanode State Machine Daemon Thread] INFO  statemachine.DatanodeStateMachine (DatanodeStateMachine.java:lambda$startDaemon$0(537)) - Ozone container server started.
2023-06-01 19:11:03,432 [org.apache.hadoop.util.JvmPauseMonitor$Monitor@3fd23c59] INFO  util.JvmPauseMonitor (JvmPauseMonitor.java:run(188)) - Starting JVM pause monitor
2023-06-01 19:11:03,435 [Datanode State Machine Task Thread - 0] INFO  datanode.InitDatanodeState (InitDatanodeState.java:persistContainerDatanodeDetails(138)) - DatanodeDetails is persisted to /home/runner/work/ozone/ozone/hadoop-ozone/integration-test/target/test-dir/MiniOzoneClusterImpl-59aba430-7466-43cf-ac60-ffcd1bd17169/datanode-6/meta/datanode.id
2023-06-01 19:11:03,441 [main] INFO  ozone.HddsDatanodeService (HddsDatanodeService.java:start(264)) - HddsDatanodeService host:fv-az163-187.kzyshwy3mise5klwsllqwzgzyb.cx.internal.cloudapp.net ip:10.1.0.196
2023-06-01 19:11:03,463 [main] INFO  upgrade.AbstractLayoutVersionManager (AbstractLayoutVersionManager.java:init(83)) - Initializing Layout version manager with metadata layout = HADOOP_PRC_PORTS_IN_DATANODEDETAILS (version = 7), software layout = HADOOP_PRC_PORTS_IN_DATANODEDETAILS (version = 7)
2023-06-01 19:11:03,465 [main] INFO  statemachine.DatanodeStateMachine (DatanodeStateMachine.java:getEndPointTaskThreadPoolSize(275)) - Datanode State Machine Task Thread Pool size 2
2023-06-01 19:11:03,467 [main] INFO  volume.HddsVolume (HddsVolume.java:<init>(130)) - Creating HddsVolume: /home/runner/work/ozone/ozone/hadoop-ozone/integration-test/target/test-dir/MiniOzoneClusterImpl-59aba430-7466-43cf-ac60-ffcd1bd17169/datanode-7/data-0/containers/hdds of storage type : DISK capacity : 9223372036854775807
2023-06-01 19:11:03,467 [main] INFO  volume.MutableVolumeSet (MutableVolumeSet.java:initializeVolumeSet(175)) - Added Volume : /home/runner/work/ozone/ozone/hadoop-ozone/integration-test/target/test-dir/MiniOzoneClusterImpl-59aba430-7466-43cf-ac60-ffcd1bd17169/datanode-7/data-0/containers/hdds to VolumeSet
2023-06-01 19:11:03,467 [main] INFO  volume.ThrottledAsyncChecker (ThrottledAsyncChecker.java:schedule(141)) - Scheduling a check for /home/runner/work/ozone/ozone/hadoop-ozone/integration-test/target/test-dir/MiniOzoneClusterImpl-59aba430-7466-43cf-ac60-ffcd1bd17169/datanode-7/data-0/containers/hdds
2023-06-01 19:11:03,469 [main] INFO  volume.StorageVolumeChecker (StorageVolumeChecker.java:checkAllVolumes(202)) - Scheduled health check for volume /home/runner/work/ozone/ozone/hadoop-ozone/integration-test/target/test-dir/MiniOzoneClusterImpl-59aba430-7466-43cf-ac60-ffcd1bd17169/datanode-7/data-0/containers/hdds
2023-06-01 19:11:03,488 [main] INFO  volume.MutableVolumeSet (MutableVolumeSet.java:initializeVolumeSet(175)) - Added Volume : /home/runner/work/ozone/ozone/hadoop-ozone/integration-test/target/test-dir/MiniOzoneClusterImpl-59aba430-7466-43cf-ac60-ffcd1bd17169/datanode-7/data/ratis to VolumeSet
2023-06-01 19:11:03,489 [main] INFO  volume.ThrottledAsyncChecker (ThrottledAsyncChecker.java:schedule(141)) - Scheduling a check for /home/runner/work/ozone/ozone/hadoop-ozone/integration-test/target/test-dir/MiniOzoneClusterImpl-59aba430-7466-43cf-ac60-ffcd1bd17169/datanode-7/data/ratis
2023-06-01 19:11:03,490 [main] INFO  volume.StorageVolumeChecker (StorageVolumeChecker.java:checkAllVolumes(202)) - Scheduled health check for volume /home/runner/work/ozone/ozone/hadoop-ozone/integration-test/target/test-dir/MiniOzoneClusterImpl-59aba430-7466-43cf-ac60-ffcd1bd17169/datanode-7/data/ratis
2023-06-01 19:11:03,500 [Thread-275] INFO  ozoneimpl.ContainerReader (ContainerReader.java:readVolume(175)) - Finish verifying containers on volume /home/runner/work/ozone/ozone/hadoop-ozone/integration-test/target/test-dir/MiniOzoneClusterImpl-59aba430-7466-43cf-ac60-ffcd1bd17169/datanode-7/data-0/containers/hdds
2023-06-01 19:11:03,500 [main] INFO  ozoneimpl.OzoneContainer (OzoneContainer.java:buildContainerSet(303)) - Build ContainerSet costs 0s
2023-06-01 19:11:03,505 [main] INFO  server.RaftServer (ConfUtils.java:logGet(46)) - raft.rpc.type = GRPC (default)
2023-06-01 19:11:03,505 [main] INFO  grpc.GrpcConfigKeys (ConfUtils.java:logFallback(53)) - raft.grpc.admin.host = null (fallback to raft.grpc.server.host)
2023-06-01 19:11:03,505 [main] INFO  grpc.GrpcConfigKeys (ConfUtils.java:logGet(46)) - raft.grpc.admin.port = 15076 (custom)
2023-06-01 19:11:03,508 [main] INFO  grpc.GrpcConfigKeys (ConfUtils.java:logFallback(53)) - raft.grpc.client.host = null (fallback to raft.grpc.server.host)
2023-06-01 19:11:03,508 [main] INFO  grpc.GrpcConfigKeys (ConfUtils.java:logGet(46)) - raft.grpc.client.port = 15075 (custom)
2023-06-01 19:11:03,508 [main] INFO  grpc.GrpcConfigKeys (ConfUtils.java:logGet(46)) - raft.grpc.server.host = null (default)
2023-06-01 19:11:03,508 [main] INFO  grpc.GrpcConfigKeys (ConfUtils.java:logGet(46)) - raft.grpc.server.port = 15077 (custom)
2023-06-01 19:11:03,508 [main] INFO  server.GrpcService (ConfUtils.java:logGet(46)) - raft.grpc.message.size.max = 32MB (=33554432) (custom)
2023-06-01 19:11:03,508 [main] INFO  server.RaftServerConfigKeys (ConfUtils.java:logGet(46)) - raft.server.log.appender.buffer.byte-limit = 33554432 (custom)
2023-06-01 19:11:03,508 [main] INFO  server.GrpcService (ConfUtils.java:logGet(46)) - raft.grpc.flow.control.window = 5MB (=5242880) (custom)
2023-06-01 19:11:03,509 [main] INFO  server.RaftServerConfigKeys (ConfUtils.java:logGet(46)) - raft.server.rpc.request.timeout = 60s (custom)
2023-06-01 19:11:03,510 [main] INFO  grpc.GrpcConfigKeys (ConfUtils.java:logGet(46)) - raft.grpc.server.heartbeat.channel = true (default)
2023-06-01 19:11:03,510 [main] INFO  grpc.GrpcConfigKeys (ConfUtils.java:logGet(46)) - raft.grpc.server.async.request.thread.pool.cached = true (default)
2023-06-01 19:11:03,510 [main] INFO  grpc.GrpcConfigKeys (ConfUtils.java:logGet(46)) - raft.grpc.server.async.request.thread.pool.size = 32 (default)
2023-06-01 19:11:03,513 [main] INFO  impl.DataStreamServerImpl (ConfUtils.java:logGet(46)) - raft.datastream.type = NETTY (custom)
2023-06-01 19:11:03,513 [main] INFO  server.RaftServerConfigKeys (ConfUtils.java:logGet(46)) - raft.server.data-stream.async.request.thread.pool.cached = false (default)
2023-06-01 19:11:03,514 [main] INFO  server.RaftServerConfigKeys (ConfUtils.java:logGet(46)) - raft.server.data-stream.async.request.thread.pool.size = 20 (custom)
2023-06-01 19:11:03,514 [main] INFO  server.RaftServerConfigKeys (ConfUtils.java:logGet(46)) - raft.server.data-stream.async.write.thread.pool.size = 16 (default)
2023-06-01 19:11:03,514 [main] INFO  server.RaftServerConfigKeys (ConfUtils.java:logGet(46)) - raft.server.data-stream.client.pool.size = 10 (default)
2023-06-01 19:11:03,514 [main] INFO  netty.NettyConfigKeys$DataStream (ConfUtils.java:logGet(46)) - raft.netty.dataStream.server.use-epoll = false (default)
2023-06-01 19:11:03,515 [main] INFO  netty.NettyConfigKeys$DataStream (ConfUtils.java:logGet(46)) - raft.netty.dataStream.server.boss-group.size = 0 (default)
2023-06-01 19:11:03,515 [main] INFO  netty.NettyConfigKeys$DataStream (ConfUtils.java:logGet(46)) - raft.netty.dataStream.server.worker-group.size = 0 (default)
2023-06-01 19:11:03,515 [main] INFO  netty.NettyConfigKeys$DataStream (ConfUtils.java:logGet(46)) - raft.netty.dataStream.server.tls.conf = null (default)
2023-06-01 19:11:03,515 [main] INFO  netty.NettyConfigKeys$DataStream (ConfUtils.java:logGet(46)) - raft.netty.dataStream.host = null (default)
2023-06-01 19:11:03,516 [main] INFO  netty.NettyConfigKeys$DataStream (ConfUtils.java:logGet(46)) - raft.netty.dataStream.port = 15078 (custom)
2023-06-01 19:11:03,518 [main] INFO  server.RaftServerConfigKeys (ConfUtils.java:logGet(46)) - raft.server.threadpool.proxy.cached = true (default)
2023-06-01 19:11:03,519 [main] INFO  server.RaftServerConfigKeys (ConfUtils.java:logGet(46)) - raft.server.threadpool.proxy.size = 0 (default)
2023-06-01 19:11:03,519 [main] INFO  server.RaftServerConfigKeys (ConfUtils.java:logGet(46)) - raft.server.rpc.slowness.timeout = 300s (custom)
2023-06-01 19:11:03,519 [main] INFO  server.RaftServerConfigKeys (ConfUtils.java:logGet(46)) - raft.server.leaderelection.leader.step-down.wait-time = 10s (default)
2023-06-01 19:11:03,519 [main] INFO  server.RaftServerConfigKeys (ConfUtils.java:logGet(46)) - raft.server.storage.dir = [/home/runner/work/ozone/ozone/hadoop-ozone/integration-test/target/test-dir/MiniOzoneClusterImpl-59aba430-7466-43cf-ac60-ffcd1bd17169/datanode-7/data/ratis] (custom)
2023-06-01 19:11:03,524 [9125f905-aa43-4d0f-845d-e6cfd4dab0cd-NettyServerStreamRpc-bossGroup--thread1] INFO  logging.LoggingHandler (AbstractInternalLogger.java:log(148)) - [id: 0xc1f01c91] REGISTERED
2023-06-01 19:11:03,524 [9125f905-aa43-4d0f-845d-e6cfd4dab0cd-NettyServerStreamRpc-bossGroup--thread1] INFO  logging.LoggingHandler (AbstractInternalLogger.java:log(148)) - [id: 0xc1f01c91] BIND: 0.0.0.0/0.0.0.0:15078
2023-06-01 19:11:03,525 [9125f905-aa43-4d0f-845d-e6cfd4dab0cd-NettyServerStreamRpc-bossGroup--thread1] INFO  logging.LoggingHandler (AbstractInternalLogger.java:log(148)) - [id: 0xc1f01c91, L:/0:0:0:0:0:0:0:0:15078] ACTIVE
2023-06-01 19:11:03,527 [main] INFO  server.XceiverServerGrpc (XceiverServerGrpc.java:<init>(132)) - GrpcServer channel type EpollServerSocketChannel
2023-06-01 19:11:03,528 [main] INFO  replication.ReplicationSupervisor (ReplicationSupervisor.java:nodeStateUpdated(296)) - Node state updated to IN_SERVICE, scaling executor pool size to 10
2023-06-01 19:11:03,533 [main] INFO  http.BaseHttpServer (BaseHttpServer.java:newHttpServer2BuilderForOzone(224)) - Starting Web-server for hddsDatanode at: http://0.0.0.0:15072
2023-06-01 19:11:03,533 [main] INFO  http.BaseHttpServer (BaseHttpServer.java:<init>(111)) - Hadoop Security Enabled: false Ozone Security Enabled: false Ozone HTTP Security Enabled: false 
2023-06-01 19:11:03,534 [main] WARN  server.AuthenticationFilter (AuthenticationFilter.java:constructSecretProvider(240)) - Unable to initialize FileSignerSecretProvider, falling back to use random secrets. Reason: Could not read signature secret file: /home/runner/hadoop-http-auth-signature-secret
2023-06-01 19:11:03,538 [main] INFO  http.HttpRequestLog (HttpRequestLog.java:getRequestLog(86)) - Http request log for http.requests.hddsDatanode is not defined
2023-06-01 19:11:03,539 [main] INFO  http.HttpServer2 (HttpServer2.java:addGlobalFilter(1031)) - Added global filter 'safety' (class=org.apache.hadoop.hdds.server.http.HttpServer2$QuotingInputFilter)
2023-06-01 19:11:03,540 [main] INFO  http.HttpServer2 (HttpServer2.java:addFilter(1007)) - Added filter static_user_filter (class=org.apache.hadoop.http.lib.StaticUserWebFilter$StaticUserFilter) to context hddsDatanode
2023-06-01 19:11:03,540 [main] INFO  http.HttpServer2 (HttpServer2.java:addFilter(1015)) - Added filter static_user_filter (class=org.apache.hadoop.http.lib.StaticUserWebFilter$StaticUserFilter) to context static
2023-06-01 19:11:03,540 [main] INFO  http.HttpServer2 (HttpServer2.java:addFilter(1015)) - Added filter static_user_filter (class=org.apache.hadoop.http.lib.StaticUserWebFilter$StaticUserFilter) to context logs
2023-06-01 19:11:03,541 [main] INFO  http.BaseHttpServer (BaseHttpServer.java:<init>(190)) - HTTP server of hddsDatanode uses base directory /home/runner/work/ozone/ozone/hadoop-ozone/integration-test/target/test-dir/MiniOzoneClusterImpl-59aba430-7466-43cf-ac60-ffcd1bd17169/datanode-7/meta/webserver
2023-06-01 19:11:03,541 [main] INFO  http.HttpServer2 (HttpServer2.java:bindListener(1250)) - Jetty bound to port 15072
2023-06-01 19:11:03,541 [main] INFO  server.Server (Server.java:doStart(375)) - jetty-9.4.51.v20230217; built: 2023-02-17T08:19:37.309Z; git: b45c405e4544384de066f814ed42ae3dceacdd49; jvm 1.8.0_362-b09
2023-06-01 19:11:03,543 [main] INFO  server.session (DefaultSessionIdManager.java:doStart(334)) - DefaultSessionIdManager workerName=node0
2023-06-01 19:11:03,544 [main] INFO  server.session (DefaultSessionIdManager.java:doStart(339)) - No SessionScavenger set, using defaults
2023-06-01 19:11:03,544 [main] INFO  server.session (HouseKeeper.java:startScavenging(132)) - node0 Scavenging every 660000ms
2023-06-01 19:11:03,544 [main] INFO  handler.ContextHandler (ContextHandler.java:doStart(921)) - Started o.e.j.s.ServletContextHandler@78fee50c{logs,/logs,file:///home/runner/work/ozone/ozone/hadoop-ozone/integration-test/target/log,AVAILABLE}
2023-06-01 19:11:03,545 [main] INFO  handler.ContextHandler (ContextHandler.java:doStart(921)) - Started o.e.j.s.ServletContextHandler@58ec5b0c{static,/static,jar:file:/home/runner/.m2/repository/org/apache/ozone/hdds-container-service/1.4.0-SNAPSHOT/hdds-container-service-1.4.0-SNAPSHOT.jar!/webapps/static,AVAILABLE}
2023-06-01 19:11:03,715 [EndpointStateMachine task thread for /0.0.0.0:15002 - 0 ] INFO  utils.DatanodeStoreCache (DatanodeStoreCache.java:addDB(66)) - Added db /home/runner/work/ozone/ozone/hadoop-ozone/integration-test/target/test-dir/MiniOzoneClusterImpl-59aba430-7466-43cf-ac60-ffcd1bd17169/datanode-1/data-0/containers/hdds/59aba430-7466-43cf-ac60-ffcd1bd17169/DS-c9ab76c1-7f63-4089-a5b6-a68750fa06c4/container.db to cache
2023-06-01 19:11:03,715 [EndpointStateMachine task thread for /0.0.0.0:15002 - 0 ] INFO  volume.HddsVolume (HddsVolume.java:createDbStore(350)) - SchemaV3 db is created and loaded at /home/runner/work/ozone/ozone/hadoop-ozone/integration-test/target/test-dir/MiniOzoneClusterImpl-59aba430-7466-43cf-ac60-ffcd1bd17169/datanode-1/data-0/containers/hdds/59aba430-7466-43cf-ac60-ffcd1bd17169/DS-c9ab76c1-7f63-4089-a5b6-a68750fa06c4/container.db for volume DS-c9ab76c1-7f63-4089-a5b6-a68750fa06c4
2023-06-01 19:11:03,719 [EndpointStateMachine task thread for /0.0.0.0:15002 - 0 ] INFO  ozoneimpl.OzoneContainer (OzoneContainer.java:start(398)) - Attempting to start container services.
2023-06-01 19:11:03,719 [EndpointStateMachine task thread for /0.0.0.0:15002 - 0 ] INFO  ozoneimpl.OzoneContainer (OzoneContainer.java:startContainerScrub(314)) - Scheduled background container scanners and the on-demand container scanner have been disabled.
2023-06-01 19:11:03,721 [EndpointStateMachine task thread for /0.0.0.0:15002 - 0 ] INFO  replication.ReplicationServer (ReplicationServer.java:start(128)) - ReplicationServer is started using port 15025
2023-06-01 19:11:03,721 [EndpointStateMachine task thread for /0.0.0.0:15002 - 0 ] INFO  ratis.XceiverServerRatis (XceiverServerRatis.java:start(517)) - Starting XceiverServerRatis c686f304-079c-4e24-9d21-fd4c36dc1242
2023-06-01 19:11:03,726 [EndpointStateMachine task thread for /0.0.0.0:15002 - 0 ] INFO  server.RaftServer (RaftServerProxy.java:startImpl(400)) - c686f304-079c-4e24-9d21-fd4c36dc1242: start RPC server
2023-06-01 19:11:03,732 [EndpointStateMachine task thread for /0.0.0.0:15002 - 0 ] INFO  server.GrpcService (GrpcService.java:startImpl(302)) - c686f304-079c-4e24-9d21-fd4c36dc1242: GrpcService started, listening on 15021
2023-06-01 19:11:03,733 [EndpointStateMachine task thread for /0.0.0.0:15002 - 0 ] INFO  server.GrpcService (GrpcService.java:startImpl(302)) - c686f304-079c-4e24-9d21-fd4c36dc1242: GrpcService started, listening on 15023
2023-06-01 19:11:03,736 [EndpointStateMachine task thread for /0.0.0.0:15002 - 0 ] INFO  server.GrpcService (GrpcService.java:startImpl(302)) - c686f304-079c-4e24-9d21-fd4c36dc1242: GrpcService started, listening on 15022
2023-06-01 19:11:03,738 [EndpointStateMachine task thread for /0.0.0.0:15002 - 0 ] INFO  ratis.XceiverServerRatis (XceiverServerRatis.java:getRealPort(543)) - XceiverServerRatis c686f304-079c-4e24-9d21-fd4c36dc1242 is started using port 15021 for RATIS
2023-06-01 19:11:03,738 [EndpointStateMachine task thread for /0.0.0.0:15002 - 0 ] INFO  ratis.XceiverServerRatis (XceiverServerRatis.java:getRealPort(543)) - XceiverServerRatis c686f304-079c-4e24-9d21-fd4c36dc1242 is started using port 15022 for RATIS_ADMIN
2023-06-01 19:11:03,742 [EndpointStateMachine task thread for /0.0.0.0:15002 - 0 ] INFO  ratis.XceiverServerRatis (XceiverServerRatis.java:getRealPort(543)) - XceiverServerRatis c686f304-079c-4e24-9d21-fd4c36dc1242 is started using port 15023 for RATIS_SERVER
2023-06-01 19:11:03,742 [EndpointStateMachine task thread for /0.0.0.0:15002 - 0 ] INFO  ratis.XceiverServerRatis (XceiverServerRatis.java:getRealPort(543)) - XceiverServerRatis c686f304-079c-4e24-9d21-fd4c36dc1242 is started using port 15024 for RATIS_DATASTREAM
2023-06-01 19:11:03,741 [JvmPauseMonitor2] INFO  util.JvmPauseMonitor (JvmPauseMonitor.java:run(103)) - JvmPauseMonitor-c686f304-079c-4e24-9d21-fd4c36dc1242: Started
2023-06-01 19:11:03,763 [BlockDeletingService#0] INFO  interfaces.ContainerDeletionChoosingPolicyTemplate (ContainerDeletionChoosingPolicyTemplate.java:chooseContainerForBlockDeletion(83)) - Chosen 0/5000 blocks from 0 candidate containers.
2023-06-01 19:11:03,786 [main] INFO  handler.ContextHandler (ContextHandler.java:doStart(921)) - Started o.e.j.w.WebAppContext@20679cbe{hddsDatanode,/,file:///home/runner/work/ozone/ozone/hadoop-ozone/integration-test/target/test-dir/MiniOzoneClusterImpl-59aba430-7466-43cf-ac60-ffcd1bd17169/datanode-7/meta/webserver/jetty-0_0_0_0-15072-hdds-container-service-1_4_0-SNAPSHOT_jar-_-any-4589465182713871766/webapp/,AVAILABLE}{jar:file:/home/runner/.m2/repository/org/apache/ozone/hdds-container-service/1.4.0-SNAPSHOT/hdds-container-service-1.4.0-SNAPSHOT.jar!/webapps/hddsDatanode}
2023-06-01 19:11:03,787 [main] INFO  server.AbstractConnector (AbstractConnector.java:doStart(333)) - Started ServerConnector@5b4d30c7{HTTP/1.1, (http/1.1)}{0.0.0.0:15072}
2023-06-01 19:11:03,787 [main] INFO  server.Server (Server.java:doStart(415)) - Started @10896ms
2023-06-01 19:11:03,787 [main] WARN  impl.MetricsSystemImpl (MetricsSystemImpl.java:register(279)) - Sink prometheus already exists!
2023-06-01 19:11:03,788 [main] INFO  http.BaseHttpServer (BaseHttpServer.java:updateConnectorAddress(344)) - HTTP server of hddsDatanode listening at http://0.0.0.0:15072
2023-06-01 19:11:03,788 [main] INFO  ipc.CallQueueManager (CallQueueManager.java:<init>(90)) - Using callQueue: class java.util.concurrent.LinkedBlockingQueue, queueCapacity: 100, scheduler: class org.apache.hadoop.ipc.DefaultRpcScheduler, ipcBackoff: false.
2023-06-01 19:11:03,789 [Socket Reader #1 for port 15073] INFO  ipc.Server (Server.java:run(1319)) - Starting Socket Reader #1 for port 15073
2023-06-01 19:11:03,796 [Listener at 0.0.0.0/15073] INFO  hdds.HddsUtils (HddsUtils.java:preserveThreadName(843)) - Restoring thread name: main
2023-06-01 19:11:03,796 [main] INFO  ozone.HddsDatanodeService (HddsDatanodeService.java:start(337)) - Datanode start with admins: [runner]
2023-06-01 19:11:03,796 [main] INFO  ozone.HddsDatanodeClientProtocolServer (HddsDatanodeClientProtocolServer.java:start(83)) - RPC server for Client /0.0.0.0:15073
2023-06-01 19:11:03,796 [IPC Server Responder] INFO  ipc.Server (Server.java:run(1558)) - IPC Server Responder: starting
2023-06-01 19:11:03,797 [IPC Server listener on 15073] INFO  ipc.Server (Server.java:run(1398)) - IPC Server listener on 15073: starting
2023-06-01 19:11:03,799 [main] WARN  impl.MetricRegistriesImpl (MetricRegistriesImpl.java:addReporterRegistration(111)) - New reporters are added after registries were created. Some metrics will be missing from the reporter. Please add reporter before adding any new registry.
2023-06-01 19:11:03,799 [main] WARN  impl.MetricRegistriesImpl (MetricRegistriesImpl.java:addReporterRegistration(111)) - New reporters are added after registries were created. Some metrics will be missing from the reporter. Please add reporter before adding any new registry.
2023-06-01 19:11:03,799 [main] INFO  impl.MetricsSystemImpl (MetricsSystemImpl.java:init(158)) - HddsDatanode metrics system started (again)
2023-06-01 19:11:03,805 [Datanode State Machine Daemon Thread] INFO  statemachine.DatanodeStateMachine (DatanodeStateMachine.java:lambda$startDaemon$0(537)) - Ozone container server started.
2023-06-01 19:11:03,818 [main] INFO  ozone.HddsDatanodeService (HddsDatanodeService.java:start(264)) - HddsDatanodeService host:fv-az163-187.kzyshwy3mise5klwsllqwzgzyb.cx.internal.cloudapp.net ip:10.1.0.196
2023-06-01 19:11:03,827 [org.apache.hadoop.util.JvmPauseMonitor$Monitor@3be9c5aa] INFO  util.JvmPauseMonitor (JvmPauseMonitor.java:run(188)) - Starting JVM pause monitor
2023-06-01 19:11:03,842 [Datanode State Machine Task Thread - 0] INFO  datanode.InitDatanodeState (InitDatanodeState.java:persistContainerDatanodeDetails(138)) - DatanodeDetails is persisted to /home/runner/work/ozone/ozone/hadoop-ozone/integration-test/target/test-dir/MiniOzoneClusterImpl-59aba430-7466-43cf-ac60-ffcd1bd17169/datanode-7/meta/datanode.id
2023-06-01 19:11:03,844 [main] INFO  upgrade.AbstractLayoutVersionManager (AbstractLayoutVersionManager.java:init(83)) - Initializing Layout version manager with metadata layout = HADOOP_PRC_PORTS_IN_DATANODEDETAILS (version = 7), software layout = HADOOP_PRC_PORTS_IN_DATANODEDETAILS (version = 7)
2023-06-01 19:11:03,844 [main] INFO  statemachine.DatanodeStateMachine (DatanodeStateMachine.java:getEndPointTaskThreadPoolSize(275)) - Datanode State Machine Task Thread Pool size 2
2023-06-01 19:11:03,848 [main] INFO  volume.HddsVolume (HddsVolume.java:<init>(130)) - Creating HddsVolume: /home/runner/work/ozone/ozone/hadoop-ozone/integration-test/target/test-dir/MiniOzoneClusterImpl-59aba430-7466-43cf-ac60-ffcd1bd17169/datanode-8/data-0/containers/hdds of storage type : DISK capacity : 9223372036854775807
2023-06-01 19:11:03,848 [main] INFO  volume.MutableVolumeSet (MutableVolumeSet.java:initializeVolumeSet(175)) - Added Volume : /home/runner/work/ozone/ozone/hadoop-ozone/integration-test/target/test-dir/MiniOzoneClusterImpl-59aba430-7466-43cf-ac60-ffcd1bd17169/datanode-8/data-0/containers/hdds to VolumeSet
2023-06-01 19:11:03,849 [main] INFO  volume.ThrottledAsyncChecker (ThrottledAsyncChecker.java:schedule(141)) - Scheduling a check for /home/runner/work/ozone/ozone/hadoop-ozone/integration-test/target/test-dir/MiniOzoneClusterImpl-59aba430-7466-43cf-ac60-ffcd1bd17169/datanode-8/data-0/containers/hdds
2023-06-01 19:11:03,854 [main] INFO  volume.StorageVolumeChecker (StorageVolumeChecker.java:checkAllVolumes(202)) - Scheduled health check for volume /home/runner/work/ozone/ozone/hadoop-ozone/integration-test/target/test-dir/MiniOzoneClusterImpl-59aba430-7466-43cf-ac60-ffcd1bd17169/datanode-8/data-0/containers/hdds
2023-06-01 19:11:03,865 [main] INFO  volume.MutableVolumeSet (MutableVolumeSet.java:initializeVolumeSet(175)) - Added Volume : /home/runner/work/ozone/ozone/hadoop-ozone/integration-test/target/test-dir/MiniOzoneClusterImpl-59aba430-7466-43cf-ac60-ffcd1bd17169/datanode-8/data/ratis to VolumeSet
2023-06-01 19:11:03,865 [main] INFO  volume.ThrottledAsyncChecker (ThrottledAsyncChecker.java:schedule(141)) - Scheduling a check for /home/runner/work/ozone/ozone/hadoop-ozone/integration-test/target/test-dir/MiniOzoneClusterImpl-59aba430-7466-43cf-ac60-ffcd1bd17169/datanode-8/data/ratis
2023-06-01 19:11:03,865 [main] INFO  volume.StorageVolumeChecker (StorageVolumeChecker.java:checkAllVolumes(202)) - Scheduled health check for volume /home/runner/work/ozone/ozone/hadoop-ozone/integration-test/target/test-dir/MiniOzoneClusterImpl-59aba430-7466-43cf-ac60-ffcd1bd17169/datanode-8/data/ratis
2023-06-01 19:11:03,876 [Thread-298] INFO  ozoneimpl.ContainerReader (ContainerReader.java:readVolume(175)) - Finish verifying containers on volume /home/runner/work/ozone/ozone/hadoop-ozone/integration-test/target/test-dir/MiniOzoneClusterImpl-59aba430-7466-43cf-ac60-ffcd1bd17169/datanode-8/data-0/containers/hdds
2023-06-01 19:11:03,876 [main] INFO  ozoneimpl.OzoneContainer (OzoneContainer.java:buildContainerSet(303)) - Build ContainerSet costs 0s
2023-06-01 19:11:03,880 [main] INFO  server.RaftServer (ConfUtils.java:logGet(46)) - raft.rpc.type = GRPC (default)
2023-06-01 19:11:03,880 [main] INFO  grpc.GrpcConfigKeys (ConfUtils.java:logFallback(53)) - raft.grpc.admin.host = null (fallback to raft.grpc.server.host)
2023-06-01 19:11:03,881 [main] INFO  grpc.GrpcConfigKeys (ConfUtils.java:logGet(46)) - raft.grpc.admin.port = 15085 (custom)
2023-06-01 19:11:03,881 [main] INFO  grpc.GrpcConfigKeys (ConfUtils.java:logFallback(53)) - raft.grpc.client.host = null (fallback to raft.grpc.server.host)
2023-06-01 19:11:03,881 [main] INFO  grpc.GrpcConfigKeys (ConfUtils.java:logGet(46)) - raft.grpc.client.port = 15084 (custom)
2023-06-01 19:11:03,881 [main] INFO  grpc.GrpcConfigKeys (ConfUtils.java:logGet(46)) - raft.grpc.server.host = null (default)
2023-06-01 19:11:03,881 [main] INFO  grpc.GrpcConfigKeys (ConfUtils.java:logGet(46)) - raft.grpc.server.port = 15086 (custom)
2023-06-01 19:11:03,881 [main] INFO  server.GrpcService (ConfUtils.java:logGet(46)) - raft.grpc.message.size.max = 32MB (=33554432) (custom)
2023-06-01 19:11:03,881 [main] INFO  server.RaftServerConfigKeys (ConfUtils.java:logGet(46)) - raft.server.log.appender.buffer.byte-limit = 33554432 (custom)
2023-06-01 19:11:03,881 [main] INFO  server.GrpcService (ConfUtils.java:logGet(46)) - raft.grpc.flow.control.window = 5MB (=5242880) (custom)
2023-06-01 19:11:03,881 [main] INFO  server.RaftServerConfigKeys (ConfUtils.java:logGet(46)) - raft.server.rpc.request.timeout = 60s (custom)
2023-06-01 19:11:03,882 [main] INFO  grpc.GrpcConfigKeys (ConfUtils.java:logGet(46)) - raft.grpc.server.heartbeat.channel = true (default)
2023-06-01 19:11:03,882 [main] INFO  grpc.GrpcConfigKeys (ConfUtils.java:logGet(46)) - raft.grpc.server.async.request.thread.pool.cached = true (default)
2023-06-01 19:11:03,882 [main] INFO  grpc.GrpcConfigKeys (ConfUtils.java:logGet(46)) - raft.grpc.server.async.request.thread.pool.size = 32 (default)
2023-06-01 19:11:03,884 [main] INFO  impl.DataStreamServerImpl (ConfUtils.java:logGet(46)) - raft.datastream.type = NETTY (custom)
2023-06-01 19:11:03,884 [main] INFO  server.RaftServerConfigKeys (ConfUtils.java:logGet(46)) - raft.server.data-stream.async.request.thread.pool.cached = false (default)
2023-06-01 19:11:03,885 [main] INFO  server.RaftServerConfigKeys (ConfUtils.java:logGet(46)) - raft.server.data-stream.async.request.thread.pool.size = 20 (custom)
2023-06-01 19:11:03,885 [main] INFO  server.RaftServerConfigKeys (ConfUtils.java:logGet(46)) - raft.server.data-stream.async.write.thread.pool.size = 16 (default)
2023-06-01 19:11:03,885 [main] INFO  server.RaftServerConfigKeys (ConfUtils.java:logGet(46)) - raft.server.data-stream.client.pool.size = 10 (default)
2023-06-01 19:11:03,885 [main] INFO  netty.NettyConfigKeys$DataStream (ConfUtils.java:logGet(46)) - raft.netty.dataStream.server.use-epoll = false (default)
2023-06-01 19:11:03,885 [main] INFO  netty.NettyConfigKeys$DataStream (ConfUtils.java:logGet(46)) - raft.netty.dataStream.server.boss-group.size = 0 (default)
2023-06-01 19:11:03,885 [main] INFO  netty.NettyConfigKeys$DataStream (ConfUtils.java:logGet(46)) - raft.netty.dataStream.server.worker-group.size = 0 (default)
2023-06-01 19:11:03,886 [main] INFO  netty.NettyConfigKeys$DataStream (ConfUtils.java:logGet(46)) - raft.netty.dataStream.server.tls.conf = null (default)
2023-06-01 19:11:03,887 [main] INFO  netty.NettyConfigKeys$DataStream (ConfUtils.java:logGet(46)) - raft.netty.dataStream.host = null (default)
2023-06-01 19:11:03,887 [main] INFO  netty.NettyConfigKeys$DataStream (ConfUtils.java:logGet(46)) - raft.netty.dataStream.port = 15087 (custom)
2023-06-01 19:11:03,887 [main] INFO  server.RaftServerConfigKeys (ConfUtils.java:logGet(46)) - raft.server.threadpool.proxy.cached = true (default)
2023-06-01 19:11:03,887 [main] INFO  server.RaftServerConfigKeys (ConfUtils.java:logGet(46)) - raft.server.threadpool.proxy.size = 0 (default)
2023-06-01 19:11:03,887 [main] INFO  server.RaftServerConfigKeys (ConfUtils.java:logGet(46)) - raft.server.rpc.slowness.timeout = 300s (custom)
2023-06-01 19:11:03,888 [main] INFO  server.RaftServerConfigKeys (ConfUtils.java:logGet(46)) - raft.server.leaderelection.leader.step-down.wait-time = 10s (default)
2023-06-01 19:11:03,888 [main] INFO  server.RaftServerConfigKeys (ConfUtils.java:logGet(46)) - raft.server.storage.dir = [/home/runner/work/ozone/ozone/hadoop-ozone/integration-test/target/test-dir/MiniOzoneClusterImpl-59aba430-7466-43cf-ac60-ffcd1bd17169/datanode-8/data/ratis] (custom)
2023-06-01 19:11:03,892 [main] INFO  server.XceiverServerGrpc (XceiverServerGrpc.java:<init>(132)) - GrpcServer channel type EpollServerSocketChannel
2023-06-01 19:11:03,893 [main] INFO  replication.ReplicationSupervisor (ReplicationSupervisor.java:nodeStateUpdated(296)) - Node state updated to IN_SERVICE, scaling executor pool size to 10
2023-06-01 19:11:03,899 [main] INFO  http.BaseHttpServer (BaseHttpServer.java:newHttpServer2BuilderForOzone(224)) - Starting Web-server for hddsDatanode at: http://0.0.0.0:15081
2023-06-01 19:11:03,899 [main] INFO  http.BaseHttpServer (BaseHttpServer.java:<init>(111)) - Hadoop Security Enabled: false Ozone Security Enabled: false Ozone HTTP Security Enabled: false 
2023-06-01 19:11:03,900 [main] WARN  server.AuthenticationFilter (AuthenticationFilter.java:constructSecretProvider(240)) - Unable to initialize FileSignerSecretProvider, falling back to use random secrets. Reason: Could not read signature secret file: /home/runner/hadoop-http-auth-signature-secret
2023-06-01 19:11:03,901 [main] INFO  http.HttpRequestLog (HttpRequestLog.java:getRequestLog(86)) - Http request log for http.requests.hddsDatanode is not defined
2023-06-01 19:11:03,904 [b39db728-622c-42ae-954c-bd0dbc524ba7-NettyServerStreamRpc-bossGroup--thread1] INFO  logging.LoggingHandler (AbstractInternalLogger.java:log(148)) - [id: 0xa83696e4] REGISTERED
2023-06-01 19:11:03,904 [b39db728-622c-42ae-954c-bd0dbc524ba7-NettyServerStreamRpc-bossGroup--thread1] INFO  logging.LoggingHandler (AbstractInternalLogger.java:log(148)) - [id: 0xa83696e4] BIND: 0.0.0.0/0.0.0.0:15087
2023-06-01 19:11:03,904 [b39db728-622c-42ae-954c-bd0dbc524ba7-NettyServerStreamRpc-bossGroup--thread1] INFO  logging.LoggingHandler (AbstractInternalLogger.java:log(148)) - [id: 0xa83696e4, L:/0:0:0:0:0:0:0:0:15087] ACTIVE
2023-06-01 19:11:03,905 [main] INFO  http.HttpServer2 (HttpServer2.java:addGlobalFilter(1031)) - Added global filter 'safety' (class=org.apache.hadoop.hdds.server.http.HttpServer2$QuotingInputFilter)
2023-06-01 19:11:03,905 [main] INFO  http.HttpServer2 (HttpServer2.java:addFilter(1007)) - Added filter static_user_filter (class=org.apache.hadoop.http.lib.StaticUserWebFilter$StaticUserFilter) to context hddsDatanode
2023-06-01 19:11:03,906 [main] INFO  http.HttpServer2 (HttpServer2.java:addFilter(1015)) - Added filter static_user_filter (class=org.apache.hadoop.http.lib.StaticUserWebFilter$StaticUserFilter) to context logs
2023-06-01 19:11:03,906 [main] INFO  http.HttpServer2 (HttpServer2.java:addFilter(1015)) - Added filter static_user_filter (class=org.apache.hadoop.http.lib.StaticUserWebFilter$StaticUserFilter) to context static
2023-06-01 19:11:03,906 [main] INFO  http.BaseHttpServer (BaseHttpServer.java:<init>(190)) - HTTP server of hddsDatanode uses base directory /home/runner/work/ozone/ozone/hadoop-ozone/integration-test/target/test-dir/MiniOzoneClusterImpl-59aba430-7466-43cf-ac60-ffcd1bd17169/datanode-8/meta/webserver
2023-06-01 19:11:03,906 [main] INFO  http.HttpServer2 (HttpServer2.java:bindListener(1250)) - Jetty bound to port 15081
2023-06-01 19:11:03,907 [main] INFO  server.Server (Server.java:doStart(375)) - jetty-9.4.51.v20230217; built: 2023-02-17T08:19:37.309Z; git: b45c405e4544384de066f814ed42ae3dceacdd49; jvm 1.8.0_362-b09
2023-06-01 19:11:03,908 [main] INFO  server.session (DefaultSessionIdManager.java:doStart(334)) - DefaultSessionIdManager workerName=node0
2023-06-01 19:11:03,908 [main] INFO  server.session (DefaultSessionIdManager.java:doStart(339)) - No SessionScavenger set, using defaults
2023-06-01 19:11:03,908 [main] INFO  server.session (HouseKeeper.java:startScavenging(132)) - node0 Scavenging every 660000ms
2023-06-01 19:11:03,909 [main] INFO  handler.ContextHandler (ContextHandler.java:doStart(921)) - Started o.e.j.s.ServletContextHandler@36ee9dfc{logs,/logs,file:///home/runner/work/ozone/ozone/hadoop-ozone/integration-test/target/log,AVAILABLE}
2023-06-01 19:11:03,909 [main] INFO  handler.ContextHandler (ContextHandler.java:doStart(921)) - Started o.e.j.s.ServletContextHandler@5795a136{static,/static,jar:file:/home/runner/.m2/repository/org/apache/ozone/hdds-container-service/1.4.0-SNAPSHOT/hdds-container-service-1.4.0-SNAPSHOT.jar!/webapps/static,AVAILABLE}
2023-06-01 19:11:04,060 [EndpointStateMachine task thread for /0.0.0.0:15002 - 0 ] INFO  utils.DatanodeStoreCache (DatanodeStoreCache.java:addDB(66)) - Added db /home/runner/work/ozone/ozone/hadoop-ozone/integration-test/target/test-dir/MiniOzoneClusterImpl-59aba430-7466-43cf-ac60-ffcd1bd17169/datanode-2/data-0/containers/hdds/59aba430-7466-43cf-ac60-ffcd1bd17169/DS-4aa07bd8-eb83-4ed4-9771-0b7338b2244f/container.db to cache
2023-06-01 19:11:04,060 [EndpointStateMachine task thread for /0.0.0.0:15002 - 0 ] INFO  volume.HddsVolume (HddsVolume.java:createDbStore(350)) - SchemaV3 db is created and loaded at /home/runner/work/ozone/ozone/hadoop-ozone/integration-test/target/test-dir/MiniOzoneClusterImpl-59aba430-7466-43cf-ac60-ffcd1bd17169/datanode-2/data-0/containers/hdds/59aba430-7466-43cf-ac60-ffcd1bd17169/DS-4aa07bd8-eb83-4ed4-9771-0b7338b2244f/container.db for volume DS-4aa07bd8-eb83-4ed4-9771-0b7338b2244f
2023-06-01 19:11:04,061 [EndpointStateMachine task thread for /0.0.0.0:15002 - 0 ] INFO  ozoneimpl.OzoneContainer (OzoneContainer.java:start(398)) - Attempting to start container services.
2023-06-01 19:11:04,061 [EndpointStateMachine task thread for /0.0.0.0:15002 - 0 ] INFO  ozoneimpl.OzoneContainer (OzoneContainer.java:startContainerScrub(314)) - Scheduled background container scanners and the on-demand container scanner have been disabled.
2023-06-01 19:11:04,063 [EndpointStateMachine task thread for /0.0.0.0:15002 - 0 ] INFO  replication.ReplicationServer (ReplicationServer.java:start(128)) - ReplicationServer is started using port 15034
2023-06-01 19:11:04,063 [EndpointStateMachine task thread for /0.0.0.0:15002 - 0 ] INFO  ratis.XceiverServerRatis (XceiverServerRatis.java:start(517)) - Starting XceiverServerRatis d78dd883-3e4c-45aa-98b2-e8ffdf2e22af
2023-06-01 19:11:04,069 [EndpointStateMachine task thread for /0.0.0.0:15002 - 0 ] INFO  server.RaftServer (RaftServerProxy.java:startImpl(400)) - d78dd883-3e4c-45aa-98b2-e8ffdf2e22af: start RPC server
2023-06-01 19:11:04,072 [EndpointStateMachine task thread for /0.0.0.0:15002 - 0 ] INFO  server.GrpcService (GrpcService.java:startImpl(302)) - d78dd883-3e4c-45aa-98b2-e8ffdf2e22af: GrpcService started, listening on 15030
2023-06-01 19:11:04,073 [EndpointStateMachine task thread for /0.0.0.0:15002 - 0 ] INFO  server.GrpcService (GrpcService.java:startImpl(302)) - d78dd883-3e4c-45aa-98b2-e8ffdf2e22af: GrpcService started, listening on 15032
2023-06-01 19:11:04,076 [EndpointStateMachine task thread for /0.0.0.0:15002 - 0 ] INFO  server.GrpcService (GrpcService.java:startImpl(302)) - d78dd883-3e4c-45aa-98b2-e8ffdf2e22af: GrpcService started, listening on 15031
2023-06-01 19:11:04,076 [EndpointStateMachine task thread for /0.0.0.0:15002 - 0 ] INFO  ratis.XceiverServerRatis (XceiverServerRatis.java:getRealPort(543)) - XceiverServerRatis d78dd883-3e4c-45aa-98b2-e8ffdf2e22af is started using port 15030 for RATIS
2023-06-01 19:11:04,076 [EndpointStateMachine task thread for /0.0.0.0:15002 - 0 ] INFO  ratis.XceiverServerRatis (XceiverServerRatis.java:getRealPort(543)) - XceiverServerRatis d78dd883-3e4c-45aa-98b2-e8ffdf2e22af is started using port 15031 for RATIS_ADMIN
2023-06-01 19:11:04,076 [EndpointStateMachine task thread for /0.0.0.0:15002 - 0 ] INFO  ratis.XceiverServerRatis (XceiverServerRatis.java:getRealPort(543)) - XceiverServerRatis d78dd883-3e4c-45aa-98b2-e8ffdf2e22af is started using port 15032 for RATIS_SERVER
2023-06-01 19:11:04,076 [EndpointStateMachine task thread for /0.0.0.0:15002 - 0 ] INFO  ratis.XceiverServerRatis (XceiverServerRatis.java:getRealPort(543)) - XceiverServerRatis d78dd883-3e4c-45aa-98b2-e8ffdf2e22af is started using port 15033 for RATIS_DATASTREAM
2023-06-01 19:11:04,076 [JvmPauseMonitor3] INFO  util.JvmPauseMonitor (JvmPauseMonitor.java:run(103)) - JvmPauseMonitor-d78dd883-3e4c-45aa-98b2-e8ffdf2e22af: Started
2023-06-01 19:11:04,087 [BlockDeletingService#0] INFO  interfaces.ContainerDeletionChoosingPolicyTemplate (ContainerDeletionChoosingPolicyTemplate.java:chooseContainerForBlockDeletion(83)) - Chosen 0/5000 blocks from 0 candidate containers.
2023-06-01 19:11:04,135 [main] INFO  handler.ContextHandler (ContextHandler.java:doStart(921)) - Started o.e.j.w.WebAppContext@d434ffe{hddsDatanode,/,file:///home/runner/work/ozone/ozone/hadoop-ozone/integration-test/target/test-dir/MiniOzoneClusterImpl-59aba430-7466-43cf-ac60-ffcd1bd17169/datanode-8/meta/webserver/jetty-0_0_0_0-15081-hdds-container-service-1_4_0-SNAPSHOT_jar-_-any-1119151921078761757/webapp/,AVAILABLE}{jar:file:/home/runner/.m2/repository/org/apache/ozone/hdds-container-service/1.4.0-SNAPSHOT/hdds-container-service-1.4.0-SNAPSHOT.jar!/webapps/hddsDatanode}
2023-06-01 19:11:04,139 [main] INFO  server.AbstractConnector (AbstractConnector.java:doStart(333)) - Started ServerConnector@38820ce9{HTTP/1.1, (http/1.1)}{0.0.0.0:15081}
2023-06-01 19:11:04,139 [main] INFO  server.Server (Server.java:doStart(415)) - Started @11248ms
2023-06-01 19:11:04,139 [main] WARN  impl.MetricsSystemImpl (MetricsSystemImpl.java:register(279)) - Sink prometheus already exists!
2023-06-01 19:11:04,140 [main] INFO  http.BaseHttpServer (BaseHttpServer.java:updateConnectorAddress(344)) - HTTP server of hddsDatanode listening at http://0.0.0.0:15081
2023-06-01 19:11:04,140 [main] INFO  ipc.CallQueueManager (CallQueueManager.java:<init>(90)) - Using callQueue: class java.util.concurrent.LinkedBlockingQueue, queueCapacity: 100, scheduler: class org.apache.hadoop.ipc.DefaultRpcScheduler, ipcBackoff: false.
2023-06-01 19:11:04,147 [Socket Reader #1 for port 15082] INFO  ipc.Server (Server.java:run(1319)) - Starting Socket Reader #1 for port 15082
2023-06-01 19:11:04,165 [Listener at 0.0.0.0/15082] INFO  hdds.HddsUtils (HddsUtils.java:preserveThreadName(843)) - Restoring thread name: main
2023-06-01 19:11:04,168 [main] INFO  ozone.HddsDatanodeService (HddsDatanodeService.java:start(337)) - Datanode start with admins: [runner]
2023-06-01 19:11:04,168 [main] INFO  ozone.HddsDatanodeClientProtocolServer (HddsDatanodeClientProtocolServer.java:start(83)) - RPC server for Client /0.0.0.0:15082
2023-06-01 19:11:04,168 [IPC Server Responder] INFO  ipc.Server (Server.java:run(1558)) - IPC Server Responder: starting
2023-06-01 19:11:04,168 [IPC Server listener on 15082] INFO  ipc.Server (Server.java:run(1398)) - IPC Server listener on 15082: starting
2023-06-01 19:11:04,169 [main] WARN  impl.MetricRegistriesImpl (MetricRegistriesImpl.java:addReporterRegistration(111)) - New reporters are added after registries were created. Some metrics will be missing from the reporter. Please add reporter before adding any new registry.
2023-06-01 19:11:04,169 [main] WARN  impl.MetricRegistriesImpl (MetricRegistriesImpl.java:addReporterRegistration(111)) - New reporters are added after registries were created. Some metrics will be missing from the reporter. Please add reporter before adding any new registry.
2023-06-01 19:11:04,169 [main] INFO  impl.MetricsSystemImpl (MetricsSystemImpl.java:init(158)) - HddsDatanode metrics system started (again)
2023-06-01 19:11:04,181 [Datanode State Machine Daemon Thread] INFO  statemachine.DatanodeStateMachine (DatanodeStateMachine.java:lambda$startDaemon$0(537)) - Ozone container server started.
2023-06-01 19:11:04,191 [main] INFO  ozone.HddsDatanodeService (HddsDatanodeService.java:start(264)) - HddsDatanodeService host:fv-az163-187.kzyshwy3mise5klwsllqwzgzyb.cx.internal.cloudapp.net ip:10.1.0.196
2023-06-01 19:11:04,191 [org.apache.hadoop.util.JvmPauseMonitor$Monitor@6cefe648] INFO  util.JvmPauseMonitor (JvmPauseMonitor.java:run(188)) - Starting JVM pause monitor
2023-06-01 19:11:04,198 [Datanode State Machine Task Thread - 0] INFO  datanode.InitDatanodeState (InitDatanodeState.java:persistContainerDatanodeDetails(138)) - DatanodeDetails is persisted to /home/runner/work/ozone/ozone/hadoop-ozone/integration-test/target/test-dir/MiniOzoneClusterImpl-59aba430-7466-43cf-ac60-ffcd1bd17169/datanode-8/meta/datanode.id
2023-06-01 19:11:04,210 [main] INFO  upgrade.AbstractLayoutVersionManager (AbstractLayoutVersionManager.java:init(83)) - Initializing Layout version manager with metadata layout = HADOOP_PRC_PORTS_IN_DATANODEDETAILS (version = 7), software layout = HADOOP_PRC_PORTS_IN_DATANODEDETAILS (version = 7)
2023-06-01 19:11:04,211 [main] INFO  statemachine.DatanodeStateMachine (DatanodeStateMachine.java:getEndPointTaskThreadPoolSize(275)) - Datanode State Machine Task Thread Pool size 2
2023-06-01 19:11:04,212 [main] INFO  volume.HddsVolume (HddsVolume.java:<init>(130)) - Creating HddsVolume: /home/runner/work/ozone/ozone/hadoop-ozone/integration-test/target/test-dir/MiniOzoneClusterImpl-59aba430-7466-43cf-ac60-ffcd1bd17169/datanode-9/data-0/containers/hdds of storage type : DISK capacity : 9223372036854775807
2023-06-01 19:11:04,212 [main] INFO  volume.MutableVolumeSet (MutableVolumeSet.java:initializeVolumeSet(175)) - Added Volume : /home/runner/work/ozone/ozone/hadoop-ozone/integration-test/target/test-dir/MiniOzoneClusterImpl-59aba430-7466-43cf-ac60-ffcd1bd17169/datanode-9/data-0/containers/hdds to VolumeSet
2023-06-01 19:11:04,213 [main] INFO  volume.ThrottledAsyncChecker (ThrottledAsyncChecker.java:schedule(141)) - Scheduling a check for /home/runner/work/ozone/ozone/hadoop-ozone/integration-test/target/test-dir/MiniOzoneClusterImpl-59aba430-7466-43cf-ac60-ffcd1bd17169/datanode-9/data-0/containers/hdds
2023-06-01 19:11:04,213 [main] INFO  volume.StorageVolumeChecker (StorageVolumeChecker.java:checkAllVolumes(202)) - Scheduled health check for volume /home/runner/work/ozone/ozone/hadoop-ozone/integration-test/target/test-dir/MiniOzoneClusterImpl-59aba430-7466-43cf-ac60-ffcd1bd17169/datanode-9/data-0/containers/hdds
2023-06-01 19:11:04,224 [main] INFO  volume.MutableVolumeSet (MutableVolumeSet.java:initializeVolumeSet(175)) - Added Volume : /home/runner/work/ozone/ozone/hadoop-ozone/integration-test/target/test-dir/MiniOzoneClusterImpl-59aba430-7466-43cf-ac60-ffcd1bd17169/datanode-9/data/ratis to VolumeSet
2023-06-01 19:11:04,224 [main] INFO  volume.ThrottledAsyncChecker (ThrottledAsyncChecker.java:schedule(141)) - Scheduling a check for /home/runner/work/ozone/ozone/hadoop-ozone/integration-test/target/test-dir/MiniOzoneClusterImpl-59aba430-7466-43cf-ac60-ffcd1bd17169/datanode-9/data/ratis
2023-06-01 19:11:04,224 [main] INFO  volume.StorageVolumeChecker (StorageVolumeChecker.java:checkAllVolumes(202)) - Scheduled health check for volume /home/runner/work/ozone/ozone/hadoop-ozone/integration-test/target/test-dir/MiniOzoneClusterImpl-59aba430-7466-43cf-ac60-ffcd1bd17169/datanode-9/data/ratis
2023-06-01 19:11:04,235 [Thread-321] INFO  ozoneimpl.ContainerReader (ContainerReader.java:readVolume(175)) - Finish verifying containers on volume /home/runner/work/ozone/ozone/hadoop-ozone/integration-test/target/test-dir/MiniOzoneClusterImpl-59aba430-7466-43cf-ac60-ffcd1bd17169/datanode-9/data-0/containers/hdds
2023-06-01 19:11:04,235 [main] INFO  ozoneimpl.OzoneContainer (OzoneContainer.java:buildContainerSet(303)) - Build ContainerSet costs 0s
2023-06-01 19:11:04,238 [main] INFO  server.RaftServer (ConfUtils.java:logGet(46)) - raft.rpc.type = GRPC (default)
2023-06-01 19:11:04,238 [main] INFO  grpc.GrpcConfigKeys (ConfUtils.java:logFallback(53)) - raft.grpc.admin.host = null (fallback to raft.grpc.server.host)
2023-06-01 19:11:04,238 [main] INFO  grpc.GrpcConfigKeys (ConfUtils.java:logGet(46)) - raft.grpc.admin.port = 15094 (custom)
2023-06-01 19:11:04,238 [main] INFO  grpc.GrpcConfigKeys (ConfUtils.java:logFallback(53)) - raft.grpc.client.host = null (fallback to raft.grpc.server.host)
2023-06-01 19:11:04,238 [main] INFO  grpc.GrpcConfigKeys (ConfUtils.java:logGet(46)) - raft.grpc.client.port = 15093 (custom)
2023-06-01 19:11:04,239 [main] INFO  grpc.GrpcConfigKeys (ConfUtils.java:logGet(46)) - raft.grpc.server.host = null (default)
2023-06-01 19:11:04,239 [main] INFO  grpc.GrpcConfigKeys (ConfUtils.java:logGet(46)) - raft.grpc.server.port = 15095 (custom)
2023-06-01 19:11:04,239 [main] INFO  server.GrpcService (ConfUtils.java:logGet(46)) - raft.grpc.message.size.max = 32MB (=33554432) (custom)
2023-06-01 19:11:04,239 [main] INFO  server.RaftServerConfigKeys (ConfUtils.java:logGet(46)) - raft.server.log.appender.buffer.byte-limit = 33554432 (custom)
2023-06-01 19:11:04,239 [main] INFO  server.GrpcService (ConfUtils.java:logGet(46)) - raft.grpc.flow.control.window = 5MB (=5242880) (custom)
2023-06-01 19:11:04,239 [main] INFO  server.RaftServerConfigKeys (ConfUtils.java:logGet(46)) - raft.server.rpc.request.timeout = 60s (custom)
2023-06-01 19:11:04,239 [main] INFO  grpc.GrpcConfigKeys (ConfUtils.java:logGet(46)) - raft.grpc.server.heartbeat.channel = true (default)
2023-06-01 19:11:04,239 [main] INFO  grpc.GrpcConfigKeys (ConfUtils.java:logGet(46)) - raft.grpc.server.async.request.thread.pool.cached = true (default)
2023-06-01 19:11:04,239 [main] INFO  grpc.GrpcConfigKeys (ConfUtils.java:logGet(46)) - raft.grpc.server.async.request.thread.pool.size = 32 (default)
2023-06-01 19:11:04,241 [main] INFO  impl.DataStreamServerImpl (ConfUtils.java:logGet(46)) - raft.datastream.type = NETTY (custom)
2023-06-01 19:11:04,242 [main] INFO  server.RaftServerConfigKeys (ConfUtils.java:logGet(46)) - raft.server.data-stream.async.request.thread.pool.cached = false (default)
2023-06-01 19:11:04,242 [main] INFO  server.RaftServerConfigKeys (ConfUtils.java:logGet(46)) - raft.server.data-stream.async.request.thread.pool.size = 20 (custom)
2023-06-01 19:11:04,242 [main] INFO  server.RaftServerConfigKeys (ConfUtils.java:logGet(46)) - raft.server.data-stream.async.write.thread.pool.size = 16 (default)
2023-06-01 19:11:04,242 [main] INFO  server.RaftServerConfigKeys (ConfUtils.java:logGet(46)) - raft.server.data-stream.client.pool.size = 10 (default)
2023-06-01 19:11:04,242 [main] INFO  netty.NettyConfigKeys$DataStream (ConfUtils.java:logGet(46)) - raft.netty.dataStream.server.use-epoll = false (default)
2023-06-01 19:11:04,242 [main] INFO  netty.NettyConfigKeys$DataStream (ConfUtils.java:logGet(46)) - raft.netty.dataStream.server.boss-group.size = 0 (default)
2023-06-01 19:11:04,242 [main] INFO  netty.NettyConfigKeys$DataStream (ConfUtils.java:logGet(46)) - raft.netty.dataStream.server.worker-group.size = 0 (default)
2023-06-01 19:11:04,243 [main] INFO  netty.NettyConfigKeys$DataStream (ConfUtils.java:logGet(46)) - raft.netty.dataStream.server.tls.conf = null (default)
2023-06-01 19:11:04,243 [main] INFO  netty.NettyConfigKeys$DataStream (ConfUtils.java:logGet(46)) - raft.netty.dataStream.host = null (default)
2023-06-01 19:11:04,243 [main] INFO  netty.NettyConfigKeys$DataStream (ConfUtils.java:logGet(46)) - raft.netty.dataStream.port = 15096 (custom)
2023-06-01 19:11:04,243 [main] INFO  server.RaftServerConfigKeys (ConfUtils.java:logGet(46)) - raft.server.threadpool.proxy.cached = true (default)
2023-06-01 19:11:04,244 [main] INFO  server.RaftServerConfigKeys (ConfUtils.java:logGet(46)) - raft.server.threadpool.proxy.size = 0 (default)
2023-06-01 19:11:04,244 [main] INFO  server.RaftServerConfigKeys (ConfUtils.java:logGet(46)) - raft.server.rpc.slowness.timeout = 300s (custom)
2023-06-01 19:11:04,244 [main] INFO  server.RaftServerConfigKeys (ConfUtils.java:logGet(46)) - raft.server.leaderelection.leader.step-down.wait-time = 10s (default)
2023-06-01 19:11:04,244 [main] INFO  server.RaftServerConfigKeys (ConfUtils.java:logGet(46)) - raft.server.storage.dir = [/home/runner/work/ozone/ozone/hadoop-ozone/integration-test/target/test-dir/MiniOzoneClusterImpl-59aba430-7466-43cf-ac60-ffcd1bd17169/datanode-9/data/ratis] (custom)
2023-06-01 19:11:04,253 [main] INFO  server.XceiverServerGrpc (XceiverServerGrpc.java:<init>(132)) - GrpcServer channel type EpollServerSocketChannel
2023-06-01 19:11:04,254 [main] INFO  replication.ReplicationSupervisor (ReplicationSupervisor.java:nodeStateUpdated(296)) - Node state updated to IN_SERVICE, scaling executor pool size to 10
2023-06-01 19:11:04,255 [d7192325-13fb-433e-b8d5-f6359b644c8f-NettyServerStreamRpc-bossGroup--thread1] INFO  logging.LoggingHandler (AbstractInternalLogger.java:log(148)) - [id: 0x5660cf5e] REGISTERED
2023-06-01 19:11:04,255 [d7192325-13fb-433e-b8d5-f6359b644c8f-NettyServerStreamRpc-bossGroup--thread1] INFO  logging.LoggingHandler (AbstractInternalLogger.java:log(148)) - [id: 0x5660cf5e] BIND: 0.0.0.0/0.0.0.0:15096
2023-06-01 19:11:04,256 [d7192325-13fb-433e-b8d5-f6359b644c8f-NettyServerStreamRpc-bossGroup--thread1] INFO  logging.LoggingHandler (AbstractInternalLogger.java:log(148)) - [id: 0x5660cf5e, L:/0:0:0:0:0:0:0:0:15096] ACTIVE
2023-06-01 19:11:04,257 [main] INFO  http.BaseHttpServer (BaseHttpServer.java:newHttpServer2BuilderForOzone(224)) - Starting Web-server for hddsDatanode at: http://0.0.0.0:15090
2023-06-01 19:11:04,257 [main] INFO  http.BaseHttpServer (BaseHttpServer.java:<init>(111)) - Hadoop Security Enabled: false Ozone Security Enabled: false Ozone HTTP Security Enabled: false 
2023-06-01 19:11:04,259 [main] WARN  server.AuthenticationFilter (AuthenticationFilter.java:constructSecretProvider(240)) - Unable to initialize FileSignerSecretProvider, falling back to use random secrets. Reason: Could not read signature secret file: /home/runner/hadoop-http-auth-signature-secret
2023-06-01 19:11:04,260 [main] INFO  http.HttpRequestLog (HttpRequestLog.java:getRequestLog(86)) - Http request log for http.requests.hddsDatanode is not defined
2023-06-01 19:11:04,261 [main] INFO  http.HttpServer2 (HttpServer2.java:addGlobalFilter(1031)) - Added global filter 'safety' (class=org.apache.hadoop.hdds.server.http.HttpServer2$QuotingInputFilter)
2023-06-01 19:11:04,262 [main] INFO  http.HttpServer2 (HttpServer2.java:addFilter(1007)) - Added filter static_user_filter (class=org.apache.hadoop.http.lib.StaticUserWebFilter$StaticUserFilter) to context hddsDatanode
2023-06-01 19:11:04,262 [main] INFO  http.HttpServer2 (HttpServer2.java:addFilter(1015)) - Added filter static_user_filter (class=org.apache.hadoop.http.lib.StaticUserWebFilter$StaticUserFilter) to context static
2023-06-01 19:11:04,262 [main] INFO  http.HttpServer2 (HttpServer2.java:addFilter(1015)) - Added filter static_user_filter (class=org.apache.hadoop.http.lib.StaticUserWebFilter$StaticUserFilter) to context logs
2023-06-01 19:11:04,262 [main] INFO  http.BaseHttpServer (BaseHttpServer.java:<init>(190)) - HTTP server of hddsDatanode uses base directory /home/runner/work/ozone/ozone/hadoop-ozone/integration-test/target/test-dir/MiniOzoneClusterImpl-59aba430-7466-43cf-ac60-ffcd1bd17169/datanode-9/meta/webserver
2023-06-01 19:11:04,263 [main] INFO  http.HttpServer2 (HttpServer2.java:bindListener(1250)) - Jetty bound to port 15090
2023-06-01 19:11:04,263 [main] INFO  server.Server (Server.java:doStart(375)) - jetty-9.4.51.v20230217; built: 2023-02-17T08:19:37.309Z; git: b45c405e4544384de066f814ed42ae3dceacdd49; jvm 1.8.0_362-b09
2023-06-01 19:11:04,264 [main] INFO  server.session (DefaultSessionIdManager.java:doStart(334)) - DefaultSessionIdManager workerName=node0
2023-06-01 19:11:04,264 [main] INFO  server.session (DefaultSessionIdManager.java:doStart(339)) - No SessionScavenger set, using defaults
2023-06-01 19:11:04,265 [main] INFO  server.session (HouseKeeper.java:startScavenging(132)) - node0 Scavenging every 660000ms
2023-06-01 19:11:04,265 [main] INFO  handler.ContextHandler (ContextHandler.java:doStart(921)) - Started o.e.j.s.ServletContextHandler@4a74933f{logs,/logs,file:///home/runner/work/ozone/ozone/hadoop-ozone/integration-test/target/log,AVAILABLE}
2023-06-01 19:11:04,266 [main] INFO  handler.ContextHandler (ContextHandler.java:doStart(921)) - Started o.e.j.s.ServletContextHandler@239bb729{static,/static,jar:file:/home/runner/.m2/repository/org/apache/ozone/hdds-container-service/1.4.0-SNAPSHOT/hdds-container-service-1.4.0-SNAPSHOT.jar!/webapps/static,AVAILABLE}
2023-06-01 19:11:04,405 [EndpointStateMachine task thread for /0.0.0.0:15002 - 0 ] INFO  utils.DatanodeStoreCache (DatanodeStoreCache.java:addDB(66)) - Added db /home/runner/work/ozone/ozone/hadoop-ozone/integration-test/target/test-dir/MiniOzoneClusterImpl-59aba430-7466-43cf-ac60-ffcd1bd17169/datanode-3/data-0/containers/hdds/59aba430-7466-43cf-ac60-ffcd1bd17169/DS-0a3800d6-70cc-436b-83a5-f4bdb07d051a/container.db to cache
2023-06-01 19:11:04,405 [EndpointStateMachine task thread for /0.0.0.0:15002 - 0 ] INFO  volume.HddsVolume (HddsVolume.java:createDbStore(350)) - SchemaV3 db is created and loaded at /home/runner/work/ozone/ozone/hadoop-ozone/integration-test/target/test-dir/MiniOzoneClusterImpl-59aba430-7466-43cf-ac60-ffcd1bd17169/datanode-3/data-0/containers/hdds/59aba430-7466-43cf-ac60-ffcd1bd17169/DS-0a3800d6-70cc-436b-83a5-f4bdb07d051a/container.db for volume DS-0a3800d6-70cc-436b-83a5-f4bdb07d051a
2023-06-01 19:11:04,405 [EndpointStateMachine task thread for /0.0.0.0:15002 - 0 ] INFO  ozoneimpl.OzoneContainer (OzoneContainer.java:start(398)) - Attempting to start container services.
2023-06-01 19:11:04,405 [EndpointStateMachine task thread for /0.0.0.0:15002 - 0 ] INFO  ozoneimpl.OzoneContainer (OzoneContainer.java:startContainerScrub(314)) - Scheduled background container scanners and the on-demand container scanner have been disabled.
2023-06-01 19:11:04,408 [EndpointStateMachine task thread for /0.0.0.0:15002 - 0 ] INFO  replication.ReplicationServer (ReplicationServer.java:start(128)) - ReplicationServer is started using port 15043
2023-06-01 19:11:04,408 [EndpointStateMachine task thread for /0.0.0.0:15002 - 0 ] INFO  ratis.XceiverServerRatis (XceiverServerRatis.java:start(517)) - Starting XceiverServerRatis 9ff544a7-6c1c-4ca7-a5dc-e42e2710cacb
2023-06-01 19:11:04,408 [EndpointStateMachine task thread for /0.0.0.0:15002 - 0 ] INFO  server.RaftServer (RaftServerProxy.java:startImpl(400)) - 9ff544a7-6c1c-4ca7-a5dc-e42e2710cacb: start RPC server
2023-06-01 19:11:04,412 [EndpointStateMachine task thread for /0.0.0.0:15002 - 0 ] INFO  server.GrpcService (GrpcService.java:startImpl(302)) - 9ff544a7-6c1c-4ca7-a5dc-e42e2710cacb: GrpcService started, listening on 15039
2023-06-01 19:11:04,414 [EndpointStateMachine task thread for /0.0.0.0:15002 - 0 ] INFO  server.GrpcService (GrpcService.java:startImpl(302)) - 9ff544a7-6c1c-4ca7-a5dc-e42e2710cacb: GrpcService started, listening on 15041
2023-06-01 19:11:04,419 [EndpointStateMachine task thread for /0.0.0.0:15002 - 0 ] INFO  server.GrpcService (GrpcService.java:startImpl(302)) - 9ff544a7-6c1c-4ca7-a5dc-e42e2710cacb: GrpcService started, listening on 15040
2023-06-01 19:11:04,419 [EndpointStateMachine task thread for /0.0.0.0:15002 - 0 ] INFO  ratis.XceiverServerRatis (XceiverServerRatis.java:getRealPort(543)) - XceiverServerRatis 9ff544a7-6c1c-4ca7-a5dc-e42e2710cacb is started using port 15039 for RATIS
2023-06-01 19:11:04,419 [JvmPauseMonitor4] INFO  util.JvmPauseMonitor (JvmPauseMonitor.java:run(103)) - JvmPauseMonitor-9ff544a7-6c1c-4ca7-a5dc-e42e2710cacb: Started
2023-06-01 19:11:04,419 [EndpointStateMachine task thread for /0.0.0.0:15002 - 0 ] INFO  ratis.XceiverServerRatis (XceiverServerRatis.java:getRealPort(543)) - XceiverServerRatis 9ff544a7-6c1c-4ca7-a5dc-e42e2710cacb is started using port 15040 for RATIS_ADMIN
2023-06-01 19:11:04,419 [EndpointStateMachine task thread for /0.0.0.0:15002 - 0 ] INFO  ratis.XceiverServerRatis (XceiverServerRatis.java:getRealPort(543)) - XceiverServerRatis 9ff544a7-6c1c-4ca7-a5dc-e42e2710cacb is started using port 15041 for RATIS_SERVER
2023-06-01 19:11:04,419 [EndpointStateMachine task thread for /0.0.0.0:15002 - 0 ] INFO  ratis.XceiverServerRatis (XceiverServerRatis.java:getRealPort(543)) - XceiverServerRatis 9ff544a7-6c1c-4ca7-a5dc-e42e2710cacb is started using port 15042 for RATIS_DATASTREAM
2023-06-01 19:11:04,440 [BlockDeletingService#0] INFO  interfaces.ContainerDeletionChoosingPolicyTemplate (ContainerDeletionChoosingPolicyTemplate.java:chooseContainerForBlockDeletion(83)) - Chosen 0/5000 blocks from 0 candidate containers.
2023-06-01 19:11:04,496 [main] INFO  handler.ContextHandler (ContextHandler.java:doStart(921)) - Started o.e.j.w.WebAppContext@5b3d20cc{hddsDatanode,/,file:///home/runner/work/ozone/ozone/hadoop-ozone/integration-test/target/test-dir/MiniOzoneClusterImpl-59aba430-7466-43cf-ac60-ffcd1bd17169/datanode-9/meta/webserver/jetty-0_0_0_0-15090-hdds-container-service-1_4_0-SNAPSHOT_jar-_-any-8058347445655423501/webapp/,AVAILABLE}{jar:file:/home/runner/.m2/repository/org/apache/ozone/hdds-container-service/1.4.0-SNAPSHOT/hdds-container-service-1.4.0-SNAPSHOT.jar!/webapps/hddsDatanode}
2023-06-01 19:11:04,498 [main] INFO  server.AbstractConnector (AbstractConnector.java:doStart(333)) - Started ServerConnector@56ee0cfd{HTTP/1.1, (http/1.1)}{0.0.0.0:15090}
2023-06-01 19:11:04,498 [main] INFO  server.Server (Server.java:doStart(415)) - Started @11607ms
2023-06-01 19:11:04,498 [main] WARN  impl.MetricsSystemImpl (MetricsSystemImpl.java:register(279)) - Sink prometheus already exists!
2023-06-01 19:11:04,499 [main] INFO  http.BaseHttpServer (BaseHttpServer.java:updateConnectorAddress(344)) - HTTP server of hddsDatanode listening at http://0.0.0.0:15090
2023-06-01 19:11:04,499 [main] INFO  ipc.CallQueueManager (CallQueueManager.java:<init>(90)) - Using callQueue: class java.util.concurrent.LinkedBlockingQueue, queueCapacity: 100, scheduler: class org.apache.hadoop.ipc.DefaultRpcScheduler, ipcBackoff: false.
2023-06-01 19:11:04,501 [Socket Reader #1 for port 15091] INFO  ipc.Server (Server.java:run(1319)) - Starting Socket Reader #1 for port 15091
2023-06-01 19:11:04,505 [Listener at 0.0.0.0/15091] INFO  hdds.HddsUtils (HddsUtils.java:preserveThreadName(843)) - Restoring thread name: main
2023-06-01 19:11:04,505 [main] INFO  ozone.HddsDatanodeService (HddsDatanodeService.java:start(337)) - Datanode start with admins: [runner]
2023-06-01 19:11:04,505 [main] INFO  ozone.HddsDatanodeClientProtocolServer (HddsDatanodeClientProtocolServer.java:start(83)) - RPC server for Client /0.0.0.0:15091
2023-06-01 19:11:04,506 [IPC Server Responder] INFO  ipc.Server (Server.java:run(1558)) - IPC Server Responder: starting
2023-06-01 19:11:04,506 [IPC Server listener on 15091] INFO  ipc.Server (Server.java:run(1398)) - IPC Server listener on 15091: starting
2023-06-01 19:11:04,508 [main] INFO  ozone.MiniOzoneClusterImpl (MiniOzoneClusterImpl.java:lambda$waitForClusterToBeReady$0(222)) - Waiting for nodes to be ready. Got 0 of 10 DN Heartbeats.
2023-06-01 19:11:04,508 [main] INFO  ozone.MiniOzoneClusterImpl (MiniOzoneClusterImpl.java:lambda$waitForClusterToBeReady$0(225)) - Waiting for cluster to exit safe mode
2023-06-01 19:11:04,509 [main] INFO  ozone.MiniOzoneClusterImpl (MiniOzoneClusterImpl.java:lambda$waitForClusterToBeReady$0(227)) - SCM became leader
2023-06-01 19:11:04,507 [Datanode State Machine Daemon Thread] INFO  statemachine.DatanodeStateMachine (DatanodeStateMachine.java:lambda$startDaemon$0(537)) - Ozone container server started.
2023-06-01 19:11:04,515 [org.apache.hadoop.util.JvmPauseMonitor$Monitor@45f2b4a9] INFO  util.JvmPauseMonitor (JvmPauseMonitor.java:run(188)) - Starting JVM pause monitor
2023-06-01 19:11:04,517 [Datanode State Machine Task Thread - 0] INFO  datanode.InitDatanodeState (InitDatanodeState.java:persistContainerDatanodeDetails(138)) - DatanodeDetails is persisted to /home/runner/work/ozone/ozone/hadoop-ozone/integration-test/target/test-dir/MiniOzoneClusterImpl-59aba430-7466-43cf-ac60-ffcd1bd17169/datanode-9/meta/datanode.id
2023-06-01 19:11:04,696 [EndpointStateMachine task thread for /0.0.0.0:15002 - 0 ] INFO  utils.DatanodeStoreCache (DatanodeStoreCache.java:addDB(66)) - Added db /home/runner/work/ozone/ozone/hadoop-ozone/integration-test/target/test-dir/MiniOzoneClusterImpl-59aba430-7466-43cf-ac60-ffcd1bd17169/datanode-4/data-0/containers/hdds/59aba430-7466-43cf-ac60-ffcd1bd17169/DS-7aa12682-a603-4056-870a-466ff51bd89a/container.db to cache
2023-06-01 19:11:04,696 [EndpointStateMachine task thread for /0.0.0.0:15002 - 0 ] INFO  volume.HddsVolume (HddsVolume.java:createDbStore(350)) - SchemaV3 db is created and loaded at /home/runner/work/ozone/ozone/hadoop-ozone/integration-test/target/test-dir/MiniOzoneClusterImpl-59aba430-7466-43cf-ac60-ffcd1bd17169/datanode-4/data-0/containers/hdds/59aba430-7466-43cf-ac60-ffcd1bd17169/DS-7aa12682-a603-4056-870a-466ff51bd89a/container.db for volume DS-7aa12682-a603-4056-870a-466ff51bd89a
2023-06-01 19:11:04,696 [EndpointStateMachine task thread for /0.0.0.0:15002 - 0 ] INFO  ozoneimpl.OzoneContainer (OzoneContainer.java:start(398)) - Attempting to start container services.
2023-06-01 19:11:04,697 [EndpointStateMachine task thread for /0.0.0.0:15002 - 0 ] INFO  ozoneimpl.OzoneContainer (OzoneContainer.java:startContainerScrub(314)) - Scheduled background container scanners and the on-demand container scanner have been disabled.
2023-06-01 19:11:04,698 [EndpointStateMachine task thread for /0.0.0.0:15002 - 0 ] INFO  replication.ReplicationServer (ReplicationServer.java:start(128)) - ReplicationServer is started using port 15052
2023-06-01 19:11:04,698 [EndpointStateMachine task thread for /0.0.0.0:15002 - 0 ] INFO  ratis.XceiverServerRatis (XceiverServerRatis.java:start(517)) - Starting XceiverServerRatis c2c84cb5-dc25-48b6-abcd-2faa62d614c8
2023-06-01 19:11:04,699 [EndpointStateMachine task thread for /0.0.0.0:15002 - 0 ] INFO  server.RaftServer (RaftServerProxy.java:startImpl(400)) - c2c84cb5-dc25-48b6-abcd-2faa62d614c8: start RPC server
2023-06-01 19:11:04,700 [EndpointStateMachine task thread for /0.0.0.0:15002 - 0 ] INFO  server.GrpcService (GrpcService.java:startImpl(302)) - c2c84cb5-dc25-48b6-abcd-2faa62d614c8: GrpcService started, listening on 15048
2023-06-01 19:11:04,701 [EndpointStateMachine task thread for /0.0.0.0:15002 - 0 ] INFO  server.GrpcService (GrpcService.java:startImpl(302)) - c2c84cb5-dc25-48b6-abcd-2faa62d614c8: GrpcService started, listening on 15050
2023-06-01 19:11:04,702 [EndpointStateMachine task thread for /0.0.0.0:15002 - 0 ] INFO  server.GrpcService (GrpcService.java:startImpl(302)) - c2c84cb5-dc25-48b6-abcd-2faa62d614c8: GrpcService started, listening on 15049
2023-06-01 19:11:04,702 [EndpointStateMachine task thread for /0.0.0.0:15002 - 0 ] INFO  ratis.XceiverServerRatis (XceiverServerRatis.java:getRealPort(543)) - XceiverServerRatis c2c84cb5-dc25-48b6-abcd-2faa62d614c8 is started using port 15048 for RATIS
2023-06-01 19:11:04,702 [JvmPauseMonitor5] INFO  util.JvmPauseMonitor (JvmPauseMonitor.java:run(103)) - JvmPauseMonitor-c2c84cb5-dc25-48b6-abcd-2faa62d614c8: Started
2023-06-01 19:11:04,709 [EndpointStateMachine task thread for /0.0.0.0:15002 - 0 ] INFO  ratis.XceiverServerRatis (XceiverServerRatis.java:getRealPort(543)) - XceiverServerRatis c2c84cb5-dc25-48b6-abcd-2faa62d614c8 is started using port 15049 for RATIS_ADMIN
2023-06-01 19:11:04,710 [EndpointStateMachine task thread for /0.0.0.0:15002 - 0 ] INFO  ratis.XceiverServerRatis (XceiverServerRatis.java:getRealPort(543)) - XceiverServerRatis c2c84cb5-dc25-48b6-abcd-2faa62d614c8 is started using port 15050 for RATIS_SERVER
2023-06-01 19:11:04,710 [EndpointStateMachine task thread for /0.0.0.0:15002 - 0 ] INFO  ratis.XceiverServerRatis (XceiverServerRatis.java:getRealPort(543)) - XceiverServerRatis c2c84cb5-dc25-48b6-abcd-2faa62d614c8 is started using port 15051 for RATIS_DATASTREAM
2023-06-01 19:11:04,716 [BlockDeletingService#0] INFO  interfaces.ContainerDeletionChoosingPolicyTemplate (ContainerDeletionChoosingPolicyTemplate.java:chooseContainerForBlockDeletion(83)) - Chosen 0/5000 blocks from 0 candidate containers.
2023-06-01 19:11:05,072 [EndpointStateMachine task thread for /0.0.0.0:15002 - 0 ] INFO  utils.DatanodeStoreCache (DatanodeStoreCache.java:addDB(66)) - Added db /home/runner/work/ozone/ozone/hadoop-ozone/integration-test/target/test-dir/MiniOzoneClusterImpl-59aba430-7466-43cf-ac60-ffcd1bd17169/datanode-5/data-0/containers/hdds/59aba430-7466-43cf-ac60-ffcd1bd17169/DS-3dcd8eab-97ba-471a-b294-809e29f43f9a/container.db to cache
2023-06-01 19:11:05,072 [EndpointStateMachine task thread for /0.0.0.0:15002 - 0 ] INFO  volume.HddsVolume (HddsVolume.java:createDbStore(350)) - SchemaV3 db is created and loaded at /home/runner/work/ozone/ozone/hadoop-ozone/integration-test/target/test-dir/MiniOzoneClusterImpl-59aba430-7466-43cf-ac60-ffcd1bd17169/datanode-5/data-0/containers/hdds/59aba430-7466-43cf-ac60-ffcd1bd17169/DS-3dcd8eab-97ba-471a-b294-809e29f43f9a/container.db for volume DS-3dcd8eab-97ba-471a-b294-809e29f43f9a
2023-06-01 19:11:05,073 [EndpointStateMachine task thread for /0.0.0.0:15002 - 0 ] INFO  ozoneimpl.OzoneContainer (OzoneContainer.java:start(398)) - Attempting to start container services.
2023-06-01 19:11:05,073 [EndpointStateMachine task thread for /0.0.0.0:15002 - 0 ] INFO  ozoneimpl.OzoneContainer (OzoneContainer.java:startContainerScrub(314)) - Scheduled background container scanners and the on-demand container scanner have been disabled.
2023-06-01 19:11:05,076 [EndpointStateMachine task thread for /0.0.0.0:15002 - 0 ] INFO  replication.ReplicationServer (ReplicationServer.java:start(128)) - ReplicationServer is started using port 15061
2023-06-01 19:11:05,076 [EndpointStateMachine task thread for /0.0.0.0:15002 - 0 ] INFO  ratis.XceiverServerRatis (XceiverServerRatis.java:start(517)) - Starting XceiverServerRatis aab6e560-2e42-4217-8e7a-cc5f2733e87a
2023-06-01 19:11:05,078 [EndpointStateMachine task thread for /0.0.0.0:15002 - 0 ] INFO  server.RaftServer (RaftServerProxy.java:startImpl(400)) - aab6e560-2e42-4217-8e7a-cc5f2733e87a: start RPC server
2023-06-01 19:11:05,080 [EndpointStateMachine task thread for /0.0.0.0:15002 - 0 ] INFO  server.GrpcService (GrpcService.java:startImpl(302)) - aab6e560-2e42-4217-8e7a-cc5f2733e87a: GrpcService started, listening on 15057
2023-06-01 19:11:05,082 [EndpointStateMachine task thread for /0.0.0.0:15002 - 0 ] INFO  server.GrpcService (GrpcService.java:startImpl(302)) - aab6e560-2e42-4217-8e7a-cc5f2733e87a: GrpcService started, listening on 15059
2023-06-01 19:11:05,083 [EndpointStateMachine task thread for /0.0.0.0:15002 - 0 ] INFO  server.GrpcService (GrpcService.java:startImpl(302)) - aab6e560-2e42-4217-8e7a-cc5f2733e87a: GrpcService started, listening on 15058
2023-06-01 19:11:05,083 [EndpointStateMachine task thread for /0.0.0.0:15002 - 0 ] INFO  ratis.XceiverServerRatis (XceiverServerRatis.java:getRealPort(543)) - XceiverServerRatis aab6e560-2e42-4217-8e7a-cc5f2733e87a is started using port 15057 for RATIS
2023-06-01 19:11:05,083 [EndpointStateMachine task thread for /0.0.0.0:15002 - 0 ] INFO  ratis.XceiverServerRatis (XceiverServerRatis.java:getRealPort(543)) - XceiverServerRatis aab6e560-2e42-4217-8e7a-cc5f2733e87a is started using port 15058 for RATIS_ADMIN
2023-06-01 19:11:05,083 [EndpointStateMachine task thread for /0.0.0.0:15002 - 0 ] INFO  ratis.XceiverServerRatis (XceiverServerRatis.java:getRealPort(543)) - XceiverServerRatis aab6e560-2e42-4217-8e7a-cc5f2733e87a is started using port 15059 for RATIS_SERVER
2023-06-01 19:11:05,083 [EndpointStateMachine task thread for /0.0.0.0:15002 - 0 ] INFO  ratis.XceiverServerRatis (XceiverServerRatis.java:getRealPort(543)) - XceiverServerRatis aab6e560-2e42-4217-8e7a-cc5f2733e87a is started using port 15060 for RATIS_DATASTREAM
2023-06-01 19:11:05,084 [JvmPauseMonitor6] INFO  util.JvmPauseMonitor (JvmPauseMonitor.java:run(103)) - JvmPauseMonitor-aab6e560-2e42-4217-8e7a-cc5f2733e87a: Started
2023-06-01 19:11:05,091 [BlockDeletingService#0] INFO  interfaces.ContainerDeletionChoosingPolicyTemplate (ContainerDeletionChoosingPolicyTemplate.java:chooseContainerForBlockDeletion(83)) - Chosen 0/5000 blocks from 0 candidate containers.
2023-06-01 19:11:05,183 [IPC Server handler 0 on default port 15002] INFO  net.NetworkTopologyImpl (NetworkTopologyImpl.java:add(112)) - Added a new node: /default-rack/fac1c7af-03c1-44bd-b323-3796df9c2435
2023-06-01 19:11:05,186 [IPC Server handler 0 on default port 15002] INFO  node.SCMNodeManager (SCMNodeManager.java:register(407)) - Registered Data node : fac1c7af-03c1-44bd-b323-3796df9c2435{ip: 10.1.0.196, host: fv-az163-187.kzyshwy3mise5klwsllqwzgzyb.cx.internal.cloudapp.net, ports: [HTTP=15009, CLIENT_RPC=15010, REPLICATION=15016, RATIS=15012, RATIS_ADMIN=15013, RATIS_SERVER=15014, RATIS_DATASTREAM=15015, STANDALONE=15011], networkLocation: /default-rack, certSerialId: null, persistedOpState: null, persistedOpStateExpiryEpochSec: 0}
2023-06-01 19:11:05,190 [EventQueue-NodeRegistrationContainerReportForContainerSafeModeRule] INFO  safemode.SCMSafeModeManager (SCMSafeModeManager.java:validateSafeModeExitRules(200)) - ContainerSafeModeRule rule is successfully validated
2023-06-01 19:11:05,192 [EventQueue-NodeRegistrationContainerReportForDataNodeSafeModeRule] INFO  safemode.SCMSafeModeManager (DataNodeSafeModeRule.java:process(71)) - SCM in safe mode. 1 DataNodes registered, 3 required.
2023-06-01 19:11:05,195 [EventQueue-NewNodeForNewNodeHandler] INFO  pipeline.BackgroundPipelineCreator (BackgroundPipelineCreator.java:notifyEventTriggered(276)) - trigger a one-shot run on RatisPipelineUtilsThread.
2023-06-01 19:11:05,192 [EventQueue-PipelineReportForOneReplicaPipelineSafeModeRule] INFO  safemode.SCMSafeModeManager (SCMSafeModeManager.java:validateSafeModeExitRules(200)) - AtleastOneDatanodeReportedRule rule is successfully validated
2023-06-01 19:11:05,207 [RatisPipelineUtilsThread - 0] INFO  pipeline.RatisPipelineProvider (RatisPipelineProvider.java:lambda$create$0(206)) - Sending CreatePipelineCommand for pipeline:PipelineID=955c3877-b1c3-4600-b43f-c5917ee03df0 to datanode:fac1c7af-03c1-44bd-b323-3796df9c2435
2023-06-01 19:11:05,216 [RatisPipelineUtilsThread - 0] INFO  pipeline.PipelineStateManagerImpl (PipelineStateManagerImpl.java:addPipeline(103)) - Created pipeline Pipeline[ Id: 955c3877-b1c3-4600-b43f-c5917ee03df0, Nodes: fac1c7af-03c1-44bd-b323-3796df9c2435(fv-az163-187.kzyshwy3mise5klwsllqwzgzyb.cx.internal.cloudapp.net/10.1.0.196), ReplicationConfig: RATIS/ONE, State:ALLOCATED, leaderId:, CreationTimestamp2023-06-01T19:11:05.206Z[Etc/UTC]].
2023-06-01 19:11:05,473 [EndpointStateMachine task thread for /0.0.0.0:15002 - 0 ] INFO  utils.DatanodeStoreCache (DatanodeStoreCache.java:addDB(66)) - Added db /home/runner/work/ozone/ozone/hadoop-ozone/integration-test/target/test-dir/MiniOzoneClusterImpl-59aba430-7466-43cf-ac60-ffcd1bd17169/datanode-6/data-0/containers/hdds/59aba430-7466-43cf-ac60-ffcd1bd17169/DS-a385c666-d4ab-436f-8a53-c2e40af6d895/container.db to cache
2023-06-01 19:11:05,473 [EndpointStateMachine task thread for /0.0.0.0:15002 - 0 ] INFO  volume.HddsVolume (HddsVolume.java:createDbStore(350)) - SchemaV3 db is created and loaded at /home/runner/work/ozone/ozone/hadoop-ozone/integration-test/target/test-dir/MiniOzoneClusterImpl-59aba430-7466-43cf-ac60-ffcd1bd17169/datanode-6/data-0/containers/hdds/59aba430-7466-43cf-ac60-ffcd1bd17169/DS-a385c666-d4ab-436f-8a53-c2e40af6d895/container.db for volume DS-a385c666-d4ab-436f-8a53-c2e40af6d895
2023-06-01 19:11:05,473 [EndpointStateMachine task thread for /0.0.0.0:15002 - 0 ] INFO  ozoneimpl.OzoneContainer (OzoneContainer.java:start(398)) - Attempting to start container services.
2023-06-01 19:11:05,473 [EndpointStateMachine task thread for /0.0.0.0:15002 - 0 ] INFO  ozoneimpl.OzoneContainer (OzoneContainer.java:startContainerScrub(314)) - Scheduled background container scanners and the on-demand container scanner have been disabled.
2023-06-01 19:11:05,476 [EndpointStateMachine task thread for /0.0.0.0:15002 - 0 ] INFO  replication.ReplicationServer (ReplicationServer.java:start(128)) - ReplicationServer is started using port 15070
2023-06-01 19:11:05,476 [EndpointStateMachine task thread for /0.0.0.0:15002 - 0 ] INFO  ratis.XceiverServerRatis (XceiverServerRatis.java:start(517)) - Starting XceiverServerRatis 36cbda38-693f-49bb-be1a-3256c6faae50
2023-06-01 19:11:05,476 [EndpointStateMachine task thread for /0.0.0.0:15002 - 0 ] INFO  server.RaftServer (RaftServerProxy.java:startImpl(400)) - 36cbda38-693f-49bb-be1a-3256c6faae50: start RPC server
2023-06-01 19:11:05,478 [EndpointStateMachine task thread for /0.0.0.0:15002 - 0 ] INFO  server.GrpcService (GrpcService.java:startImpl(302)) - 36cbda38-693f-49bb-be1a-3256c6faae50: GrpcService started, listening on 15066
2023-06-01 19:11:05,482 [EndpointStateMachine task thread for /0.0.0.0:15002 - 0 ] INFO  server.GrpcService (GrpcService.java:startImpl(302)) - 36cbda38-693f-49bb-be1a-3256c6faae50: GrpcService started, listening on 15068
2023-06-01 19:11:05,483 [EndpointStateMachine task thread for /0.0.0.0:15002 - 0 ] INFO  server.GrpcService (GrpcService.java:startImpl(302)) - 36cbda38-693f-49bb-be1a-3256c6faae50: GrpcService started, listening on 15067
2023-06-01 19:11:05,483 [EndpointStateMachine task thread for /0.0.0.0:15002 - 0 ] INFO  ratis.XceiverServerRatis (XceiverServerRatis.java:getRealPort(543)) - XceiverServerRatis 36cbda38-693f-49bb-be1a-3256c6faae50 is started using port 15066 for RATIS
2023-06-01 19:11:05,483 [EndpointStateMachine task thread for /0.0.0.0:15002 - 0 ] INFO  ratis.XceiverServerRatis (XceiverServerRatis.java:getRealPort(543)) - XceiverServerRatis 36cbda38-693f-49bb-be1a-3256c6faae50 is started using port 15067 for RATIS_ADMIN
2023-06-01 19:11:05,483 [JvmPauseMonitor7] INFO  util.JvmPauseMonitor (JvmPauseMonitor.java:run(103)) - JvmPauseMonitor-36cbda38-693f-49bb-be1a-3256c6faae50: Started
2023-06-01 19:11:05,483 [EndpointStateMachine task thread for /0.0.0.0:15002 - 0 ] INFO  ratis.XceiverServerRatis (XceiverServerRatis.java:getRealPort(543)) - XceiverServerRatis 36cbda38-693f-49bb-be1a-3256c6faae50 is started using port 15068 for RATIS_SERVER
2023-06-01 19:11:05,483 [EndpointStateMachine task thread for /0.0.0.0:15002 - 0 ] INFO  ratis.XceiverServerRatis (XceiverServerRatis.java:getRealPort(543)) - XceiverServerRatis 36cbda38-693f-49bb-be1a-3256c6faae50 is started using port 15069 for RATIS_DATASTREAM
2023-06-01 19:11:05,491 [BlockDeletingService#0] INFO  interfaces.ContainerDeletionChoosingPolicyTemplate (ContainerDeletionChoosingPolicyTemplate.java:chooseContainerForBlockDeletion(83)) - Chosen 0/5000 blocks from 0 candidate containers.
2023-06-01 19:11:05,509 [main] INFO  ozone.MiniOzoneClusterImpl (MiniOzoneClusterImpl.java:lambda$waitForClusterToBeReady$0(222)) - Waiting for nodes to be ready. Got 1 of 10 DN Heartbeats.
2023-06-01 19:11:05,509 [main] INFO  ozone.MiniOzoneClusterImpl (MiniOzoneClusterImpl.java:lambda$waitForClusterToBeReady$0(225)) - Waiting for cluster to exit safe mode
2023-06-01 19:11:05,509 [main] INFO  ozone.MiniOzoneClusterImpl (MiniOzoneClusterImpl.java:lambda$waitForClusterToBeReady$0(227)) - SCM became leader
2023-06-01 19:11:05,676 [IPC Server handler 4 on default port 15002] INFO  net.NetworkTopologyImpl (NetworkTopologyImpl.java:add(112)) - Added a new node: /default-rack/c686f304-079c-4e24-9d21-fd4c36dc1242
2023-06-01 19:11:05,676 [IPC Server handler 4 on default port 15002] INFO  node.SCMNodeManager (SCMNodeManager.java:register(407)) - Registered Data node : c686f304-079c-4e24-9d21-fd4c36dc1242{ip: 10.1.0.196, host: fv-az163-187.kzyshwy3mise5klwsllqwzgzyb.cx.internal.cloudapp.net, ports: [HTTP=15018, CLIENT_RPC=15019, REPLICATION=15025, RATIS=15021, RATIS_ADMIN=15022, RATIS_SERVER=15023, RATIS_DATASTREAM=15024, STANDALONE=15020], networkLocation: /default-rack, certSerialId: null, persistedOpState: null, persistedOpStateExpiryEpochSec: 0}
2023-06-01 19:11:05,676 [EventQueue-NodeRegistrationContainerReportForDataNodeSafeModeRule] INFO  safemode.SCMSafeModeManager (DataNodeSafeModeRule.java:process(71)) - SCM in safe mode. 2 DataNodes registered, 3 required.
2023-06-01 19:11:05,676 [EventQueue-NewNodeForNewNodeHandler] INFO  pipeline.BackgroundPipelineCreator (BackgroundPipelineCreator.java:notifyEventTriggered(276)) - trigger a one-shot run on RatisPipelineUtilsThread.
2023-06-01 19:11:05,678 [RatisPipelineUtilsThread - 0] INFO  pipeline.RatisPipelineProvider (RatisPipelineProvider.java:lambda$create$0(206)) - Sending CreatePipelineCommand for pipeline:PipelineID=de118bbd-fbb1-4989-a1ff-ad45264e1594 to datanode:c686f304-079c-4e24-9d21-fd4c36dc1242
2023-06-01 19:11:05,679 [RatisPipelineUtilsThread - 0] INFO  pipeline.PipelineStateManagerImpl (PipelineStateManagerImpl.java:addPipeline(103)) - Created pipeline Pipeline[ Id: de118bbd-fbb1-4989-a1ff-ad45264e1594, Nodes: c686f304-079c-4e24-9d21-fd4c36dc1242(fv-az163-187.kzyshwy3mise5klwsllqwzgzyb.cx.internal.cloudapp.net/10.1.0.196), ReplicationConfig: RATIS/ONE, State:ALLOCATED, leaderId:, CreationTimestamp2023-06-01T19:11:05.678Z[Etc/UTC]].
2023-06-01 19:11:05,861 [EndpointStateMachine task thread for /0.0.0.0:15002 - 0 ] INFO  utils.DatanodeStoreCache (DatanodeStoreCache.java:addDB(66)) - Added db /home/runner/work/ozone/ozone/hadoop-ozone/integration-test/target/test-dir/MiniOzoneClusterImpl-59aba430-7466-43cf-ac60-ffcd1bd17169/datanode-7/data-0/containers/hdds/59aba430-7466-43cf-ac60-ffcd1bd17169/DS-9339400e-3dbd-4a1d-9fbc-2e2540d6d4ed/container.db to cache
2023-06-01 19:11:05,861 [EndpointStateMachine task thread for /0.0.0.0:15002 - 0 ] INFO  volume.HddsVolume (HddsVolume.java:createDbStore(350)) - SchemaV3 db is created and loaded at /home/runner/work/ozone/ozone/hadoop-ozone/integration-test/target/test-dir/MiniOzoneClusterImpl-59aba430-7466-43cf-ac60-ffcd1bd17169/datanode-7/data-0/containers/hdds/59aba430-7466-43cf-ac60-ffcd1bd17169/DS-9339400e-3dbd-4a1d-9fbc-2e2540d6d4ed/container.db for volume DS-9339400e-3dbd-4a1d-9fbc-2e2540d6d4ed
2023-06-01 19:11:05,864 [EndpointStateMachine task thread for /0.0.0.0:15002 - 0 ] INFO  ozoneimpl.OzoneContainer (OzoneContainer.java:start(398)) - Attempting to start container services.
2023-06-01 19:11:05,864 [EndpointStateMachine task thread for /0.0.0.0:15002 - 0 ] INFO  ozoneimpl.OzoneContainer (OzoneContainer.java:startContainerScrub(314)) - Scheduled background container scanners and the on-demand container scanner have been disabled.
2023-06-01 19:11:05,866 [EndpointStateMachine task thread for /0.0.0.0:15002 - 0 ] INFO  replication.ReplicationServer (ReplicationServer.java:start(128)) - ReplicationServer is started using port 15079
2023-06-01 19:11:05,866 [EndpointStateMachine task thread for /0.0.0.0:15002 - 0 ] INFO  ratis.XceiverServerRatis (XceiverServerRatis.java:start(517)) - Starting XceiverServerRatis 9125f905-aa43-4d0f-845d-e6cfd4dab0cd
2023-06-01 19:11:05,871 [EndpointStateMachine task thread for /0.0.0.0:15002 - 0 ] INFO  server.RaftServer (RaftServerProxy.java:startImpl(400)) - 9125f905-aa43-4d0f-845d-e6cfd4dab0cd: start RPC server
2023-06-01 19:11:05,879 [EndpointStateMachine task thread for /0.0.0.0:15002 - 0 ] INFO  server.GrpcService (GrpcService.java:startImpl(302)) - 9125f905-aa43-4d0f-845d-e6cfd4dab0cd: GrpcService started, listening on 15075
2023-06-01 19:11:05,880 [EndpointStateMachine task thread for /0.0.0.0:15002 - 0 ] INFO  server.GrpcService (GrpcService.java:startImpl(302)) - 9125f905-aa43-4d0f-845d-e6cfd4dab0cd: GrpcService started, listening on 15077
2023-06-01 19:11:05,883 [EndpointStateMachine task thread for /0.0.0.0:15002 - 0 ] INFO  server.GrpcService (GrpcService.java:startImpl(302)) - 9125f905-aa43-4d0f-845d-e6cfd4dab0cd: GrpcService started, listening on 15076
2023-06-01 19:11:05,883 [EndpointStateMachine task thread for /0.0.0.0:15002 - 0 ] INFO  ratis.XceiverServerRatis (XceiverServerRatis.java:getRealPort(543)) - XceiverServerRatis 9125f905-aa43-4d0f-845d-e6cfd4dab0cd is started using port 15075 for RATIS
2023-06-01 19:11:05,883 [EndpointStateMachine task thread for /0.0.0.0:15002 - 0 ] INFO  ratis.XceiverServerRatis (XceiverServerRatis.java:getRealPort(543)) - XceiverServerRatis 9125f905-aa43-4d0f-845d-e6cfd4dab0cd is started using port 15076 for RATIS_ADMIN
2023-06-01 19:11:05,884 [EndpointStateMachine task thread for /0.0.0.0:15002 - 0 ] INFO  ratis.XceiverServerRatis (XceiverServerRatis.java:getRealPort(543)) - XceiverServerRatis 9125f905-aa43-4d0f-845d-e6cfd4dab0cd is started using port 15077 for RATIS_SERVER
2023-06-01 19:11:05,884 [EndpointStateMachine task thread for /0.0.0.0:15002 - 0 ] INFO  ratis.XceiverServerRatis (XceiverServerRatis.java:getRealPort(543)) - XceiverServerRatis 9125f905-aa43-4d0f-845d-e6cfd4dab0cd is started using port 15078 for RATIS_DATASTREAM
2023-06-01 19:11:05,884 [JvmPauseMonitor8] INFO  util.JvmPauseMonitor (JvmPauseMonitor.java:run(103)) - JvmPauseMonitor-9125f905-aa43-4d0f-845d-e6cfd4dab0cd: Started
2023-06-01 19:11:05,892 [BlockDeletingService#0] INFO  interfaces.ContainerDeletionChoosingPolicyTemplate (ContainerDeletionChoosingPolicyTemplate.java:chooseContainerForBlockDeletion(83)) - Chosen 0/5000 blocks from 0 candidate containers.
2023-06-01 19:11:06,028 [IPC Server handler 5 on default port 15002] INFO  net.NetworkTopologyImpl (NetworkTopologyImpl.java:add(112)) - Added a new node: /default-rack/d78dd883-3e4c-45aa-98b2-e8ffdf2e22af
2023-06-01 19:11:06,028 [IPC Server handler 5 on default port 15002] INFO  node.SCMNodeManager (SCMNodeManager.java:register(407)) - Registered Data node : d78dd883-3e4c-45aa-98b2-e8ffdf2e22af{ip: 10.1.0.196, host: fv-az163-187.kzyshwy3mise5klwsllqwzgzyb.cx.internal.cloudapp.net, ports: [HTTP=15027, CLIENT_RPC=15028, REPLICATION=15034, RATIS=15030, RATIS_ADMIN=15031, RATIS_SERVER=15032, RATIS_DATASTREAM=15033, STANDALONE=15029], networkLocation: /default-rack, certSerialId: null, persistedOpState: null, persistedOpStateExpiryEpochSec: 0}
2023-06-01 19:11:06,029 [EventQueue-NewNodeForNewNodeHandler] INFO  pipeline.BackgroundPipelineCreator (BackgroundPipelineCreator.java:notifyEventTriggered(276)) - trigger a one-shot run on RatisPipelineUtilsThread.
2023-06-01 19:11:06,029 [EventQueue-NodeRegistrationContainerReportForDataNodeSafeModeRule] INFO  safemode.SCMSafeModeManager (DataNodeSafeModeRule.java:process(71)) - SCM in safe mode. 3 DataNodes registered, 3 required.
2023-06-01 19:11:06,030 [EventQueue-NodeRegistrationContainerReportForDataNodeSafeModeRule] INFO  safemode.SCMSafeModeManager (SCMSafeModeManager.java:validateSafeModeExitRules(200)) - DataNodeSafeModeRule rule is successfully validated
2023-06-01 19:11:06,029 [RatisPipelineUtilsThread - 0] INFO  pipeline.RatisPipelineProvider (RatisPipelineProvider.java:lambda$create$0(206)) - Sending CreatePipelineCommand for pipeline:PipelineID=abf8582b-fab8-4ebd-b345-457d9844c34c to datanode:d78dd883-3e4c-45aa-98b2-e8ffdf2e22af
2023-06-01 19:11:06,030 [EventQueue-NodeRegistrationContainerReportForDataNodeSafeModeRule] INFO  safemode.SCMSafeModeManager (SCMSafeModeManager.java:completePreCheck(229)) - All SCM safe mode pre check rules have passed
2023-06-01 19:11:06,030 [EventQueue-NodeRegistrationContainerReportForDataNodeSafeModeRule] INFO  ha.SCMContext (SCMContext.java:updateSafeModeStatus(228)) - Update SafeModeStatus from SafeModeStatus{safeModeStatus=true, preCheckPassed=false} to SafeModeStatus{safeModeStatus=true, preCheckPassed=true}.
2023-06-01 19:11:06,030 [EventQueue-NodeRegistrationContainerReportForDataNodeSafeModeRule] INFO  pipeline.BackgroundPipelineCreator (BackgroundPipelineCreator.java:notifyEventTriggered(276)) - trigger a one-shot run on RatisPipelineUtilsThread.
2023-06-01 19:11:06,031 [RatisPipelineUtilsThread - 0] INFO  pipeline.PipelineStateManagerImpl (PipelineStateManagerImpl.java:addPipeline(103)) - Created pipeline Pipeline[ Id: abf8582b-fab8-4ebd-b345-457d9844c34c, Nodes: d78dd883-3e4c-45aa-98b2-e8ffdf2e22af(fv-az163-187.kzyshwy3mise5klwsllqwzgzyb.cx.internal.cloudapp.net/10.1.0.196), ReplicationConfig: RATIS/ONE, State:ALLOCATED, leaderId:, CreationTimestamp2023-06-01T19:11:06.029Z[Etc/UTC]].
2023-06-01 19:11:06,034 [RatisPipelineUtilsThread - 0] INFO  pipeline.RatisPipelineProvider (RatisPipelineProvider.java:lambda$create$0(206)) - Sending CreatePipelineCommand for pipeline:PipelineID=793e092b-6040-4f80-b54d-aeb6f4c7e190 to datanode:c686f304-079c-4e24-9d21-fd4c36dc1242
2023-06-01 19:11:06,035 [RatisPipelineUtilsThread - 0] INFO  pipeline.RatisPipelineProvider (RatisPipelineProvider.java:lambda$create$0(206)) - Sending CreatePipelineCommand for pipeline:PipelineID=793e092b-6040-4f80-b54d-aeb6f4c7e190 to datanode:fac1c7af-03c1-44bd-b323-3796df9c2435
2023-06-01 19:11:06,035 [RatisPipelineUtilsThread - 0] INFO  pipeline.RatisPipelineProvider (RatisPipelineProvider.java:lambda$create$0(206)) - Sending CreatePipelineCommand for pipeline:PipelineID=793e092b-6040-4f80-b54d-aeb6f4c7e190 to datanode:d78dd883-3e4c-45aa-98b2-e8ffdf2e22af
2023-06-01 19:11:06,037 [RatisPipelineUtilsThread - 0] INFO  pipeline.PipelineStateManagerImpl (PipelineStateManagerImpl.java:addPipeline(103)) - Created pipeline Pipeline[ Id: 793e092b-6040-4f80-b54d-aeb6f4c7e190, Nodes: c686f304-079c-4e24-9d21-fd4c36dc1242(fv-az163-187.kzyshwy3mise5klwsllqwzgzyb.cx.internal.cloudapp.net/10.1.0.196)fac1c7af-03c1-44bd-b323-3796df9c2435(fv-az163-187.kzyshwy3mise5klwsllqwzgzyb.cx.internal.cloudapp.net/10.1.0.196)d78dd883-3e4c-45aa-98b2-e8ffdf2e22af(fv-az163-187.kzyshwy3mise5klwsllqwzgzyb.cx.internal.cloudapp.net/10.1.0.196), ReplicationConfig: RATIS/THREE, State:ALLOCATED, leaderId:, CreationTimestamp2023-06-01T19:11:06.034Z[Etc/UTC]].
2023-06-01 19:11:06,039 [RatisPipelineUtilsThread - 0] INFO  pipeline.RatisPipelineProvider (RatisPipelineProvider.java:lambda$create$0(206)) - Sending CreatePipelineCommand for pipeline:PipelineID=ee6c0190-ec41-489e-8a9d-e89cd66131d1 to datanode:d78dd883-3e4c-45aa-98b2-e8ffdf2e22af
2023-06-01 19:11:06,040 [RatisPipelineUtilsThread - 0] INFO  pipeline.RatisPipelineProvider (RatisPipelineProvider.java:lambda$create$0(206)) - Sending CreatePipelineCommand for pipeline:PipelineID=ee6c0190-ec41-489e-8a9d-e89cd66131d1 to datanode:fac1c7af-03c1-44bd-b323-3796df9c2435
2023-06-01 19:11:06,040 [RatisPipelineUtilsThread - 0] INFO  pipeline.RatisPipelineProvider (RatisPipelineProvider.java:lambda$create$0(206)) - Sending CreatePipelineCommand for pipeline:PipelineID=ee6c0190-ec41-489e-8a9d-e89cd66131d1 to datanode:c686f304-079c-4e24-9d21-fd4c36dc1242
2023-06-01 19:11:06,041 [RatisPipelineUtilsThread - 0] INFO  pipeline.PipelineStateManagerImpl (PipelineStateManagerImpl.java:addPipeline(103)) - Created pipeline Pipeline[ Id: ee6c0190-ec41-489e-8a9d-e89cd66131d1, Nodes: d78dd883-3e4c-45aa-98b2-e8ffdf2e22af(fv-az163-187.kzyshwy3mise5klwsllqwzgzyb.cx.internal.cloudapp.net/10.1.0.196)fac1c7af-03c1-44bd-b323-3796df9c2435(fv-az163-187.kzyshwy3mise5klwsllqwzgzyb.cx.internal.cloudapp.net/10.1.0.196)c686f304-079c-4e24-9d21-fd4c36dc1242(fv-az163-187.kzyshwy3mise5klwsllqwzgzyb.cx.internal.cloudapp.net/10.1.0.196), ReplicationConfig: RATIS/THREE, State:ALLOCATED, leaderId:, CreationTimestamp2023-06-01T19:11:06.039Z[Etc/UTC]].
2023-06-01 19:11:06,042 [RatisPipelineUtilsThread - 0] INFO  pipeline.PipelineManagerImpl (PipelineManagerImpl.java:recordMetricsForPipeline(826)) - Pipeline: PipelineID=ee6c0190-ec41-489e-8a9d-e89cd66131d1 contains same datanodes as previous pipelines: PipelineID=793e092b-6040-4f80-b54d-aeb6f4c7e190 nodeIds: d78dd883-3e4c-45aa-98b2-e8ffdf2e22af, fac1c7af-03c1-44bd-b323-3796df9c2435, c686f304-079c-4e24-9d21-fd4c36dc1242
2023-06-01 19:11:06,043 [RatisPipelineUtilsThread - 0] WARN  pipeline.PipelinePlacementPolicy (PipelinePlacementPolicy.java:filterViableNodes(160)) - Pipeline creation failed due to no sufficient healthy datanodes. Required 3. Found 0. Excluded 3.
2023-06-01 19:11:06,044 [RatisPipelineUtilsThread - 0] WARN  pipeline.PipelinePlacementPolicy (PipelinePlacementPolicy.java:filterViableNodes(160)) - Pipeline creation failed due to no sufficient healthy datanodes. Required 3. Found 0. Excluded 3.
2023-06-01 19:11:06,083 [ReplicationMonitor] INFO  replication.ReplicationManager (ReplicationManager.java:processAll(374)) - Replication Manager is not ready to run until 3000ms after safemode exit
2023-06-01 19:11:06,220 [EndpointStateMachine task thread for /0.0.0.0:15002 - 0 ] INFO  utils.DatanodeStoreCache (DatanodeStoreCache.java:addDB(66)) - Added db /home/runner/work/ozone/ozone/hadoop-ozone/integration-test/target/test-dir/MiniOzoneClusterImpl-59aba430-7466-43cf-ac60-ffcd1bd17169/datanode-8/data-0/containers/hdds/59aba430-7466-43cf-ac60-ffcd1bd17169/DS-23c658a6-cb2b-49ab-af1a-25621bc08e86/container.db to cache
2023-06-01 19:11:06,220 [EndpointStateMachine task thread for /0.0.0.0:15002 - 0 ] INFO  volume.HddsVolume (HddsVolume.java:createDbStore(350)) - SchemaV3 db is created and loaded at /home/runner/work/ozone/ozone/hadoop-ozone/integration-test/target/test-dir/MiniOzoneClusterImpl-59aba430-7466-43cf-ac60-ffcd1bd17169/datanode-8/data-0/containers/hdds/59aba430-7466-43cf-ac60-ffcd1bd17169/DS-23c658a6-cb2b-49ab-af1a-25621bc08e86/container.db for volume DS-23c658a6-cb2b-49ab-af1a-25621bc08e86
2023-06-01 19:11:06,220 [EndpointStateMachine task thread for /0.0.0.0:15002 - 0 ] INFO  ozoneimpl.OzoneContainer (OzoneContainer.java:start(398)) - Attempting to start container services.
2023-06-01 19:11:06,221 [EndpointStateMachine task thread for /0.0.0.0:15002 - 0 ] INFO  ozoneimpl.OzoneContainer (OzoneContainer.java:startContainerScrub(314)) - Scheduled background container scanners and the on-demand container scanner have been disabled.
2023-06-01 19:11:06,221 [EndpointStateMachine task thread for /0.0.0.0:15002 - 0 ] INFO  replication.ReplicationServer (ReplicationServer.java:start(128)) - ReplicationServer is started using port 15088
2023-06-01 19:11:06,221 [EndpointStateMachine task thread for /0.0.0.0:15002 - 0 ] INFO  ratis.XceiverServerRatis (XceiverServerRatis.java:start(517)) - Starting XceiverServerRatis b39db728-622c-42ae-954c-bd0dbc524ba7
2023-06-01 19:11:06,223 [EndpointStateMachine task thread for /0.0.0.0:15002 - 0 ] INFO  server.RaftServer (RaftServerProxy.java:startImpl(400)) - b39db728-622c-42ae-954c-bd0dbc524ba7: start RPC server
2023-06-01 19:11:06,223 [EndpointStateMachine task thread for /0.0.0.0:15002 - 0 ] INFO  server.GrpcService (GrpcService.java:startImpl(302)) - b39db728-622c-42ae-954c-bd0dbc524ba7: GrpcService started, listening on 15084
2023-06-01 19:11:06,223 [EndpointStateMachine task thread for /0.0.0.0:15002 - 0 ] INFO  server.GrpcService (GrpcService.java:startImpl(302)) - b39db728-622c-42ae-954c-bd0dbc524ba7: GrpcService started, listening on 15086
2023-06-01 19:11:06,224 [EndpointStateMachine task thread for /0.0.0.0:15002 - 0 ] INFO  server.GrpcService (GrpcService.java:startImpl(302)) - b39db728-622c-42ae-954c-bd0dbc524ba7: GrpcService started, listening on 15085
2023-06-01 19:11:06,224 [EndpointStateMachine task thread for /0.0.0.0:15002 - 0 ] INFO  ratis.XceiverServerRatis (XceiverServerRatis.java:getRealPort(543)) - XceiverServerRatis b39db728-622c-42ae-954c-bd0dbc524ba7 is started using port 15084 for RATIS
2023-06-01 19:11:06,224 [JvmPauseMonitor9] INFO  util.JvmPauseMonitor (JvmPauseMonitor.java:run(103)) - JvmPauseMonitor-b39db728-622c-42ae-954c-bd0dbc524ba7: Started
2023-06-01 19:11:06,224 [EndpointStateMachine task thread for /0.0.0.0:15002 - 0 ] INFO  ratis.XceiverServerRatis (XceiverServerRatis.java:getRealPort(543)) - XceiverServerRatis b39db728-622c-42ae-954c-bd0dbc524ba7 is started using port 15085 for RATIS_ADMIN
2023-06-01 19:11:06,224 [EndpointStateMachine task thread for /0.0.0.0:15002 - 0 ] INFO  ratis.XceiverServerRatis (XceiverServerRatis.java:getRealPort(543)) - XceiverServerRatis b39db728-622c-42ae-954c-bd0dbc524ba7 is started using port 15086 for RATIS_SERVER
2023-06-01 19:11:06,224 [EndpointStateMachine task thread for /0.0.0.0:15002 - 0 ] INFO  ratis.XceiverServerRatis (XceiverServerRatis.java:getRealPort(543)) - XceiverServerRatis b39db728-622c-42ae-954c-bd0dbc524ba7 is started using port 15087 for RATIS_DATASTREAM
2023-06-01 19:11:06,235 [BlockDeletingService#0] INFO  interfaces.ContainerDeletionChoosingPolicyTemplate (ContainerDeletionChoosingPolicyTemplate.java:chooseContainerForBlockDeletion(83)) - Chosen 0/5000 blocks from 0 candidate containers.
2023-06-01 19:11:06,349 [IPC Server handler 2 on default port 15002] INFO  net.NetworkTopologyImpl (NetworkTopologyImpl.java:add(112)) - Added a new node: /default-rack/9ff544a7-6c1c-4ca7-a5dc-e42e2710cacb
2023-06-01 19:11:06,350 [IPC Server handler 2 on default port 15002] INFO  node.SCMNodeManager (SCMNodeManager.java:register(407)) - Registered Data node : 9ff544a7-6c1c-4ca7-a5dc-e42e2710cacb{ip: 10.1.0.196, host: fv-az163-187.kzyshwy3mise5klwsllqwzgzyb.cx.internal.cloudapp.net, ports: [HTTP=15036, CLIENT_RPC=15037, REPLICATION=15043, RATIS=15039, RATIS_ADMIN=15040, RATIS_SERVER=15041, RATIS_DATASTREAM=15042, STANDALONE=15038], networkLocation: /default-rack, certSerialId: null, persistedOpState: null, persistedOpStateExpiryEpochSec: 0}
2023-06-01 19:11:06,350 [EventQueue-NewNodeForNewNodeHandler] INFO  pipeline.BackgroundPipelineCreator (BackgroundPipelineCreator.java:notifyEventTriggered(276)) - trigger a one-shot run on RatisPipelineUtilsThread.
2023-06-01 19:11:06,351 [RatisPipelineUtilsThread - 0] INFO  pipeline.RatisPipelineProvider (RatisPipelineProvider.java:lambda$create$0(206)) - Sending CreatePipelineCommand for pipeline:PipelineID=4784c2fe-1d10-406c-b4d8-56ce86ae12c8 to datanode:9ff544a7-6c1c-4ca7-a5dc-e42e2710cacb
2023-06-01 19:11:06,352 [RatisPipelineUtilsThread - 0] INFO  pipeline.PipelineStateManagerImpl (PipelineStateManagerImpl.java:addPipeline(103)) - Created pipeline Pipeline[ Id: 4784c2fe-1d10-406c-b4d8-56ce86ae12c8, Nodes: 9ff544a7-6c1c-4ca7-a5dc-e42e2710cacb(fv-az163-187.kzyshwy3mise5klwsllqwzgzyb.cx.internal.cloudapp.net/10.1.0.196), ReplicationConfig: RATIS/ONE, State:ALLOCATED, leaderId:, CreationTimestamp2023-06-01T19:11:06.351Z[Etc/UTC]].
2023-06-01 19:11:06,353 [RatisPipelineUtilsThread - 0] WARN  pipeline.PipelinePlacementPolicy (PipelinePlacementPolicy.java:filterViableNodes(160)) - Pipeline creation failed due to no sufficient healthy datanodes. Required 3. Found 1. Excluded 3.
2023-06-01 19:11:06,509 [main] INFO  ozone.MiniOzoneClusterImpl (MiniOzoneClusterImpl.java:lambda$waitForClusterToBeReady$0(222)) - Waiting for nodes to be ready. Got 4 of 10 DN Heartbeats.
2023-06-01 19:11:06,510 [main] INFO  ozone.MiniOzoneClusterImpl (MiniOzoneClusterImpl.java:lambda$waitForClusterToBeReady$0(225)) - Waiting for cluster to exit safe mode
2023-06-01 19:11:06,510 [main] INFO  ozone.MiniOzoneClusterImpl (MiniOzoneClusterImpl.java:lambda$waitForClusterToBeReady$0(227)) - SCM became leader
2023-06-01 19:11:06,542 [EndpointStateMachine task thread for /0.0.0.0:15002 - 0 ] INFO  utils.DatanodeStoreCache (DatanodeStoreCache.java:addDB(66)) - Added db /home/runner/work/ozone/ozone/hadoop-ozone/integration-test/target/test-dir/MiniOzoneClusterImpl-59aba430-7466-43cf-ac60-ffcd1bd17169/datanode-9/data-0/containers/hdds/59aba430-7466-43cf-ac60-ffcd1bd17169/DS-150722d4-3b06-4343-9d5c-2c429e9b6ac5/container.db to cache
2023-06-01 19:11:06,542 [EndpointStateMachine task thread for /0.0.0.0:15002 - 0 ] INFO  volume.HddsVolume (HddsVolume.java:createDbStore(350)) - SchemaV3 db is created and loaded at /home/runner/work/ozone/ozone/hadoop-ozone/integration-test/target/test-dir/MiniOzoneClusterImpl-59aba430-7466-43cf-ac60-ffcd1bd17169/datanode-9/data-0/containers/hdds/59aba430-7466-43cf-ac60-ffcd1bd17169/DS-150722d4-3b06-4343-9d5c-2c429e9b6ac5/container.db for volume DS-150722d4-3b06-4343-9d5c-2c429e9b6ac5
2023-06-01 19:11:06,543 [EndpointStateMachine task thread for /0.0.0.0:15002 - 0 ] INFO  ozoneimpl.OzoneContainer (OzoneContainer.java:start(398)) - Attempting to start container services.
2023-06-01 19:11:06,543 [EndpointStateMachine task thread for /0.0.0.0:15002 - 0 ] INFO  ozoneimpl.OzoneContainer (OzoneContainer.java:startContainerScrub(314)) - Scheduled background container scanners and the on-demand container scanner have been disabled.
2023-06-01 19:11:06,544 [EndpointStateMachine task thread for /0.0.0.0:15002 - 0 ] INFO  replication.ReplicationServer (ReplicationServer.java:start(128)) - ReplicationServer is started using port 15097
2023-06-01 19:11:06,544 [EndpointStateMachine task thread for /0.0.0.0:15002 - 0 ] INFO  ratis.XceiverServerRatis (XceiverServerRatis.java:start(517)) - Starting XceiverServerRatis d7192325-13fb-433e-b8d5-f6359b644c8f
2023-06-01 19:11:06,550 [EndpointStateMachine task thread for /0.0.0.0:15002 - 0 ] INFO  server.RaftServer (RaftServerProxy.java:startImpl(400)) - d7192325-13fb-433e-b8d5-f6359b644c8f: start RPC server
2023-06-01 19:11:06,557 [EndpointStateMachine task thread for /0.0.0.0:15002 - 0 ] INFO  server.GrpcService (GrpcService.java:startImpl(302)) - d7192325-13fb-433e-b8d5-f6359b644c8f: GrpcService started, listening on 15093
2023-06-01 19:11:06,558 [EndpointStateMachine task thread for /0.0.0.0:15002 - 0 ] INFO  server.GrpcService (GrpcService.java:startImpl(302)) - d7192325-13fb-433e-b8d5-f6359b644c8f: GrpcService started, listening on 15095
2023-06-01 19:11:06,559 [EndpointStateMachine task thread for /0.0.0.0:15002 - 0 ] INFO  server.GrpcService (GrpcService.java:startImpl(302)) - d7192325-13fb-433e-b8d5-f6359b644c8f: GrpcService started, listening on 15094
2023-06-01 19:11:06,560 [EndpointStateMachine task thread for /0.0.0.0:15002 - 0 ] INFO  ratis.XceiverServerRatis (XceiverServerRatis.java:getRealPort(543)) - XceiverServerRatis d7192325-13fb-433e-b8d5-f6359b644c8f is started using port 15093 for RATIS
2023-06-01 19:11:06,560 [EndpointStateMachine task thread for /0.0.0.0:15002 - 0 ] INFO  ratis.XceiverServerRatis (XceiverServerRatis.java:getRealPort(543)) - XceiverServerRatis d7192325-13fb-433e-b8d5-f6359b644c8f is started using port 15094 for RATIS_ADMIN
2023-06-01 19:11:06,560 [EndpointStateMachine task thread for /0.0.0.0:15002 - 0 ] INFO  ratis.XceiverServerRatis (XceiverServerRatis.java:getRealPort(543)) - XceiverServerRatis d7192325-13fb-433e-b8d5-f6359b644c8f is started using port 15095 for RATIS_SERVER
2023-06-01 19:11:06,560 [EndpointStateMachine task thread for /0.0.0.0:15002 - 0 ] INFO  ratis.XceiverServerRatis (XceiverServerRatis.java:getRealPort(543)) - XceiverServerRatis d7192325-13fb-433e-b8d5-f6359b644c8f is started using port 15096 for RATIS_DATASTREAM
2023-06-01 19:11:06,560 [JvmPauseMonitor10] INFO  util.JvmPauseMonitor (JvmPauseMonitor.java:run(103)) - JvmPauseMonitor-d7192325-13fb-433e-b8d5-f6359b644c8f: Started
2023-06-01 19:11:06,561 [BlockDeletingService#0] INFO  interfaces.ContainerDeletionChoosingPolicyTemplate (ContainerDeletionChoosingPolicyTemplate.java:chooseContainerForBlockDeletion(83)) - Chosen 0/5000 blocks from 0 candidate containers.
2023-06-01 19:11:06,671 [IPC Server handler 3 on default port 15002] INFO  net.NetworkTopologyImpl (NetworkTopologyImpl.java:add(112)) - Added a new node: /default-rack/c2c84cb5-dc25-48b6-abcd-2faa62d614c8
2023-06-01 19:11:06,671 [IPC Server handler 3 on default port 15002] INFO  node.SCMNodeManager (SCMNodeManager.java:register(407)) - Registered Data node : c2c84cb5-dc25-48b6-abcd-2faa62d614c8{ip: 10.1.0.196, host: fv-az163-187.kzyshwy3mise5klwsllqwzgzyb.cx.internal.cloudapp.net, ports: [HTTP=15045, CLIENT_RPC=15046, REPLICATION=15052, RATIS=15048, RATIS_ADMIN=15049, RATIS_SERVER=15050, RATIS_DATASTREAM=15051, STANDALONE=15047], networkLocation: /default-rack, certSerialId: null, persistedOpState: null, persistedOpStateExpiryEpochSec: 0}
2023-06-01 19:11:06,671 [EventQueue-NewNodeForNewNodeHandler] INFO  pipeline.BackgroundPipelineCreator (BackgroundPipelineCreator.java:notifyEventTriggered(276)) - trigger a one-shot run on RatisPipelineUtilsThread.
2023-06-01 19:11:06,672 [RatisPipelineUtilsThread - 0] INFO  pipeline.RatisPipelineProvider (RatisPipelineProvider.java:lambda$create$0(206)) - Sending CreatePipelineCommand for pipeline:PipelineID=6e41ae53-72be-45c9-b061-adab8af979ca to datanode:c2c84cb5-dc25-48b6-abcd-2faa62d614c8
2023-06-01 19:11:06,674 [RatisPipelineUtilsThread - 0] INFO  pipeline.PipelineStateManagerImpl (PipelineStateManagerImpl.java:addPipeline(103)) - Created pipeline Pipeline[ Id: 6e41ae53-72be-45c9-b061-adab8af979ca, Nodes: c2c84cb5-dc25-48b6-abcd-2faa62d614c8(fv-az163-187.kzyshwy3mise5klwsllqwzgzyb.cx.internal.cloudapp.net/10.1.0.196), ReplicationConfig: RATIS/ONE, State:ALLOCATED, leaderId:, CreationTimestamp2023-06-01T19:11:06.672Z[Etc/UTC]].
2023-06-01 19:11:06,674 [RatisPipelineUtilsThread - 0] WARN  pipeline.PipelinePlacementPolicy (PipelinePlacementPolicy.java:filterViableNodes(160)) - Pipeline creation failed due to no sufficient healthy datanodes. Required 3. Found 2. Excluded 3.
2023-06-01 19:11:07,036 [IPC Server handler 6 on default port 15002] INFO  net.NetworkTopologyImpl (NetworkTopologyImpl.java:add(112)) - Added a new node: /default-rack/aab6e560-2e42-4217-8e7a-cc5f2733e87a
2023-06-01 19:11:07,036 [IPC Server handler 6 on default port 15002] INFO  node.SCMNodeManager (SCMNodeManager.java:register(407)) - Registered Data node : aab6e560-2e42-4217-8e7a-cc5f2733e87a{ip: 10.1.0.196, host: fv-az163-187.kzyshwy3mise5klwsllqwzgzyb.cx.internal.cloudapp.net, ports: [HTTP=15054, CLIENT_RPC=15055, REPLICATION=15061, RATIS=15057, RATIS_ADMIN=15058, RATIS_SERVER=15059, RATIS_DATASTREAM=15060, STANDALONE=15056], networkLocation: /default-rack, certSerialId: null, persistedOpState: null, persistedOpStateExpiryEpochSec: 0}
2023-06-01 19:11:07,037 [EventQueue-NewNodeForNewNodeHandler] INFO  pipeline.BackgroundPipelineCreator (BackgroundPipelineCreator.java:notifyEventTriggered(276)) - trigger a one-shot run on RatisPipelineUtilsThread.
2023-06-01 19:11:07,037 [RatisPipelineUtilsThread - 0] INFO  pipeline.RatisPipelineProvider (RatisPipelineProvider.java:lambda$create$0(206)) - Sending CreatePipelineCommand for pipeline:PipelineID=ee0dddb1-03e5-4e41-ad3d-2670e7db9f10 to datanode:aab6e560-2e42-4217-8e7a-cc5f2733e87a
2023-06-01 19:11:07,039 [RatisPipelineUtilsThread - 0] INFO  pipeline.PipelineStateManagerImpl (PipelineStateManagerImpl.java:addPipeline(103)) - Created pipeline Pipeline[ Id: ee0dddb1-03e5-4e41-ad3d-2670e7db9f10, Nodes: aab6e560-2e42-4217-8e7a-cc5f2733e87a(fv-az163-187.kzyshwy3mise5klwsllqwzgzyb.cx.internal.cloudapp.net/10.1.0.196), ReplicationConfig: RATIS/ONE, State:ALLOCATED, leaderId:, CreationTimestamp2023-06-01T19:11:07.037Z[Etc/UTC]].
2023-06-01 19:11:07,039 [RatisPipelineUtilsThread - 0] INFO  pipeline.RatisPipelineProvider (RatisPipelineProvider.java:lambda$create$0(206)) - Sending CreatePipelineCommand for pipeline:PipelineID=dcaac02a-ac5c-44f1-b323-77f4da91dda5 to datanode:9ff544a7-6c1c-4ca7-a5dc-e42e2710cacb
2023-06-01 19:11:07,039 [RatisPipelineUtilsThread - 0] INFO  pipeline.RatisPipelineProvider (RatisPipelineProvider.java:lambda$create$0(206)) - Sending CreatePipelineCommand for pipeline:PipelineID=dcaac02a-ac5c-44f1-b323-77f4da91dda5 to datanode:c2c84cb5-dc25-48b6-abcd-2faa62d614c8
2023-06-01 19:11:07,039 [RatisPipelineUtilsThread - 0] INFO  pipeline.RatisPipelineProvider (RatisPipelineProvider.java:lambda$create$0(206)) - Sending CreatePipelineCommand for pipeline:PipelineID=dcaac02a-ac5c-44f1-b323-77f4da91dda5 to datanode:aab6e560-2e42-4217-8e7a-cc5f2733e87a
2023-06-01 19:11:07,040 [RatisPipelineUtilsThread - 0] INFO  pipeline.PipelineStateManagerImpl (PipelineStateManagerImpl.java:addPipeline(103)) - Created pipeline Pipeline[ Id: dcaac02a-ac5c-44f1-b323-77f4da91dda5, Nodes: 9ff544a7-6c1c-4ca7-a5dc-e42e2710cacb(fv-az163-187.kzyshwy3mise5klwsllqwzgzyb.cx.internal.cloudapp.net/10.1.0.196)c2c84cb5-dc25-48b6-abcd-2faa62d614c8(fv-az163-187.kzyshwy3mise5klwsllqwzgzyb.cx.internal.cloudapp.net/10.1.0.196)aab6e560-2e42-4217-8e7a-cc5f2733e87a(fv-az163-187.kzyshwy3mise5klwsllqwzgzyb.cx.internal.cloudapp.net/10.1.0.196), ReplicationConfig: RATIS/THREE, State:ALLOCATED, leaderId:, CreationTimestamp2023-06-01T19:11:07.039Z[Etc/UTC]].
2023-06-01 19:11:07,041 [RatisPipelineUtilsThread - 0] INFO  pipeline.RatisPipelineProvider (RatisPipelineProvider.java:lambda$create$0(206)) - Sending CreatePipelineCommand for pipeline:PipelineID=5f3f1616-3114-4d92-aa78-dba6a5f258be to datanode:c2c84cb5-dc25-48b6-abcd-2faa62d614c8
2023-06-01 19:11:07,041 [RatisPipelineUtilsThread - 0] INFO  pipeline.RatisPipelineProvider (RatisPipelineProvider.java:lambda$create$0(206)) - Sending CreatePipelineCommand for pipeline:PipelineID=5f3f1616-3114-4d92-aa78-dba6a5f258be to datanode:9ff544a7-6c1c-4ca7-a5dc-e42e2710cacb
2023-06-01 19:11:07,041 [RatisPipelineUtilsThread - 0] INFO  pipeline.RatisPipelineProvider (RatisPipelineProvider.java:lambda$create$0(206)) - Sending CreatePipelineCommand for pipeline:PipelineID=5f3f1616-3114-4d92-aa78-dba6a5f258be to datanode:aab6e560-2e42-4217-8e7a-cc5f2733e87a
2023-06-01 19:11:07,042 [RatisPipelineUtilsThread - 0] INFO  pipeline.PipelineStateManagerImpl (PipelineStateManagerImpl.java:addPipeline(103)) - Created pipeline Pipeline[ Id: 5f3f1616-3114-4d92-aa78-dba6a5f258be, Nodes: c2c84cb5-dc25-48b6-abcd-2faa62d614c8(fv-az163-187.kzyshwy3mise5klwsllqwzgzyb.cx.internal.cloudapp.net/10.1.0.196)9ff544a7-6c1c-4ca7-a5dc-e42e2710cacb(fv-az163-187.kzyshwy3mise5klwsllqwzgzyb.cx.internal.cloudapp.net/10.1.0.196)aab6e560-2e42-4217-8e7a-cc5f2733e87a(fv-az163-187.kzyshwy3mise5klwsllqwzgzyb.cx.internal.cloudapp.net/10.1.0.196), ReplicationConfig: RATIS/THREE, State:ALLOCATED, leaderId:, CreationTimestamp2023-06-01T19:11:07.041Z[Etc/UTC]].
2023-06-01 19:11:07,043 [RatisPipelineUtilsThread - 0] INFO  pipeline.PipelineManagerImpl (PipelineManagerImpl.java:recordMetricsForPipeline(826)) - Pipeline: PipelineID=5f3f1616-3114-4d92-aa78-dba6a5f258be contains same datanodes as previous pipelines: PipelineID=dcaac02a-ac5c-44f1-b323-77f4da91dda5 nodeIds: c2c84cb5-dc25-48b6-abcd-2faa62d614c8, 9ff544a7-6c1c-4ca7-a5dc-e42e2710cacb, aab6e560-2e42-4217-8e7a-cc5f2733e87a
2023-06-01 19:11:07,043 [RatisPipelineUtilsThread - 0] WARN  pipeline.PipelinePlacementPolicy (PipelinePlacementPolicy.java:filterViableNodes(160)) - Pipeline creation failed due to no sufficient healthy datanodes. Required 3. Found 0. Excluded 6.
2023-06-01 19:11:07,436 [IPC Server handler 1 on default port 15002] INFO  net.NetworkTopologyImpl (NetworkTopologyImpl.java:add(112)) - Added a new node: /default-rack/36cbda38-693f-49bb-be1a-3256c6faae50
2023-06-01 19:11:07,437 [IPC Server handler 1 on default port 15002] INFO  node.SCMNodeManager (SCMNodeManager.java:register(407)) - Registered Data node : 36cbda38-693f-49bb-be1a-3256c6faae50{ip: 10.1.0.196, host: fv-az163-187.kzyshwy3mise5klwsllqwzgzyb.cx.internal.cloudapp.net, ports: [HTTP=15063, CLIENT_RPC=15064, REPLICATION=15070, RATIS=15066, RATIS_ADMIN=15067, RATIS_SERVER=15068, RATIS_DATASTREAM=15069, STANDALONE=15065], networkLocation: /default-rack, certSerialId: null, persistedOpState: null, persistedOpStateExpiryEpochSec: 0}
2023-06-01 19:11:07,437 [EventQueue-NewNodeForNewNodeHandler] INFO  pipeline.BackgroundPipelineCreator (BackgroundPipelineCreator.java:notifyEventTriggered(276)) - trigger a one-shot run on RatisPipelineUtilsThread.
2023-06-01 19:11:07,437 [RatisPipelineUtilsThread - 0] INFO  pipeline.RatisPipelineProvider (RatisPipelineProvider.java:lambda$create$0(206)) - Sending CreatePipelineCommand for pipeline:PipelineID=8042b191-6abf-42e2-9e00-01a26a1161cc to datanode:36cbda38-693f-49bb-be1a-3256c6faae50
2023-06-01 19:11:07,439 [RatisPipelineUtilsThread - 0] INFO  pipeline.PipelineStateManagerImpl (PipelineStateManagerImpl.java:addPipeline(103)) - Created pipeline Pipeline[ Id: 8042b191-6abf-42e2-9e00-01a26a1161cc, Nodes: 36cbda38-693f-49bb-be1a-3256c6faae50(fv-az163-187.kzyshwy3mise5klwsllqwzgzyb.cx.internal.cloudapp.net/10.1.0.196), ReplicationConfig: RATIS/ONE, State:ALLOCATED, leaderId:, CreationTimestamp2023-06-01T19:11:07.437Z[Etc/UTC]].
2023-06-01 19:11:07,440 [RatisPipelineUtilsThread - 0] WARN  pipeline.PipelinePlacementPolicy (PipelinePlacementPolicy.java:filterViableNodes(160)) - Pipeline creation failed due to no sufficient healthy datanodes. Required 3. Found 1. Excluded 6.
2023-06-01 19:11:07,510 [main] INFO  ozone.MiniOzoneClusterImpl (MiniOzoneClusterImpl.java:lambda$waitForClusterToBeReady$0(222)) - Waiting for nodes to be ready. Got 7 of 10 DN Heartbeats.
2023-06-01 19:11:07,510 [main] INFO  ozone.MiniOzoneClusterImpl (MiniOzoneClusterImpl.java:lambda$waitForClusterToBeReady$0(225)) - Waiting for cluster to exit safe mode
2023-06-01 19:11:07,510 [main] INFO  ozone.MiniOzoneClusterImpl (MiniOzoneClusterImpl.java:lambda$waitForClusterToBeReady$0(227)) - SCM became leader
2023-06-01 19:11:07,832 [IPC Server handler 6 on default port 15002] INFO  net.NetworkTopologyImpl (NetworkTopologyImpl.java:add(112)) - Added a new node: /default-rack/9125f905-aa43-4d0f-845d-e6cfd4dab0cd
2023-06-01 19:11:07,832 [IPC Server handler 6 on default port 15002] INFO  node.SCMNodeManager (SCMNodeManager.java:register(407)) - Registered Data node : 9125f905-aa43-4d0f-845d-e6cfd4dab0cd{ip: 10.1.0.196, host: fv-az163-187.kzyshwy3mise5klwsllqwzgzyb.cx.internal.cloudapp.net, ports: [HTTP=15072, CLIENT_RPC=15073, REPLICATION=15079, RATIS=15075, RATIS_ADMIN=15076, RATIS_SERVER=15077, RATIS_DATASTREAM=15078, STANDALONE=15074], networkLocation: /default-rack, certSerialId: null, persistedOpState: null, persistedOpStateExpiryEpochSec: 0}
2023-06-01 19:11:07,832 [EventQueue-NewNodeForNewNodeHandler] INFO  pipeline.BackgroundPipelineCreator (BackgroundPipelineCreator.java:notifyEventTriggered(276)) - trigger a one-shot run on RatisPipelineUtilsThread.
2023-06-01 19:11:07,833 [RatisPipelineUtilsThread - 0] INFO  pipeline.RatisPipelineProvider (RatisPipelineProvider.java:lambda$create$0(206)) - Sending CreatePipelineCommand for pipeline:PipelineID=3cac352c-eeac-4f1f-960c-83208ddaa812 to datanode:9125f905-aa43-4d0f-845d-e6cfd4dab0cd
2023-06-01 19:11:07,836 [RatisPipelineUtilsThread - 0] INFO  pipeline.PipelineStateManagerImpl (PipelineStateManagerImpl.java:addPipeline(103)) - Created pipeline Pipeline[ Id: 3cac352c-eeac-4f1f-960c-83208ddaa812, Nodes: 9125f905-aa43-4d0f-845d-e6cfd4dab0cd(fv-az163-187.kzyshwy3mise5klwsllqwzgzyb.cx.internal.cloudapp.net/10.1.0.196), ReplicationConfig: RATIS/ONE, State:ALLOCATED, leaderId:, CreationTimestamp2023-06-01T19:11:07.832Z[Etc/UTC]].
2023-06-01 19:11:07,837 [RatisPipelineUtilsThread - 0] WARN  pipeline.PipelinePlacementPolicy (PipelinePlacementPolicy.java:filterViableNodes(160)) - Pipeline creation failed due to no sufficient healthy datanodes. Required 3. Found 2. Excluded 6.
2023-06-01 19:11:08,186 [PipelineCommandHandlerThread-0] INFO  server.RaftServer (RaftServerProxy.java:addNew(98)) - fac1c7af-03c1-44bd-b323-3796df9c2435: addNew group-C5917EE03DF0:[fac1c7af-03c1-44bd-b323-3796df9c2435|rpc:10.1.0.196:15014|admin:10.1.0.196:15013|client:10.1.0.196:15012|dataStream:10.1.0.196:15015|priority:1|startupRole:FOLLOWER] returns group-C5917EE03DF0:java.util.concurrent.CompletableFuture@4bd40b97[Not completed]
2023-06-01 19:11:08,199 [IPC Server handler 2 on default port 15002] INFO  net.NetworkTopologyImpl (NetworkTopologyImpl.java:add(112)) - Added a new node: /default-rack/b39db728-622c-42ae-954c-bd0dbc524ba7
2023-06-01 19:11:08,199 [IPC Server handler 2 on default port 15002] INFO  node.SCMNodeManager (SCMNodeManager.java:register(407)) - Registered Data node : b39db728-622c-42ae-954c-bd0dbc524ba7{ip: 10.1.0.196, host: fv-az163-187.kzyshwy3mise5klwsllqwzgzyb.cx.internal.cloudapp.net, ports: [HTTP=15081, CLIENT_RPC=15082, REPLICATION=15088, RATIS=15084, RATIS_ADMIN=15085, RATIS_SERVER=15086, RATIS_DATASTREAM=15087, STANDALONE=15083], networkLocation: /default-rack, certSerialId: null, persistedOpState: null, persistedOpStateExpiryEpochSec: 0}
2023-06-01 19:11:08,199 [EventQueue-NewNodeForNewNodeHandler] INFO  pipeline.BackgroundPipelineCreator (BackgroundPipelineCreator.java:notifyEventTriggered(276)) - trigger a one-shot run on RatisPipelineUtilsThread.
2023-06-01 19:11:08,200 [RatisPipelineUtilsThread - 0] INFO  pipeline.RatisPipelineProvider (RatisPipelineProvider.java:lambda$create$0(206)) - Sending CreatePipelineCommand for pipeline:PipelineID=4c2902db-2650-4793-9ea7-e0cd80ddf985 to datanode:b39db728-622c-42ae-954c-bd0dbc524ba7
2023-06-01 19:11:08,202 [RatisPipelineUtilsThread - 0] INFO  pipeline.PipelineStateManagerImpl (PipelineStateManagerImpl.java:addPipeline(103)) - Created pipeline Pipeline[ Id: 4c2902db-2650-4793-9ea7-e0cd80ddf985, Nodes: b39db728-622c-42ae-954c-bd0dbc524ba7(fv-az163-187.kzyshwy3mise5klwsllqwzgzyb.cx.internal.cloudapp.net/10.1.0.196), ReplicationConfig: RATIS/ONE, State:ALLOCATED, leaderId:, CreationTimestamp2023-06-01T19:11:08.200Z[Etc/UTC]].
2023-06-01 19:11:08,202 [RatisPipelineUtilsThread - 0] INFO  pipeline.RatisPipelineProvider (RatisPipelineProvider.java:lambda$create$0(206)) - Sending CreatePipelineCommand for pipeline:PipelineID=51726eaa-9882-4518-94a4-54b8e535df2f to datanode:36cbda38-693f-49bb-be1a-3256c6faae50
2023-06-01 19:11:08,203 [RatisPipelineUtilsThread - 0] INFO  pipeline.RatisPipelineProvider (RatisPipelineProvider.java:lambda$create$0(206)) - Sending CreatePipelineCommand for pipeline:PipelineID=51726eaa-9882-4518-94a4-54b8e535df2f to datanode:9125f905-aa43-4d0f-845d-e6cfd4dab0cd
2023-06-01 19:11:08,203 [RatisPipelineUtilsThread - 0] INFO  pipeline.RatisPipelineProvider (RatisPipelineProvider.java:lambda$create$0(206)) - Sending CreatePipelineCommand for pipeline:PipelineID=51726eaa-9882-4518-94a4-54b8e535df2f to datanode:b39db728-622c-42ae-954c-bd0dbc524ba7
2023-06-01 19:11:08,204 [RatisPipelineUtilsThread - 0] INFO  pipeline.PipelineStateManagerImpl (PipelineStateManagerImpl.java:addPipeline(103)) - Created pipeline Pipeline[ Id: 51726eaa-9882-4518-94a4-54b8e535df2f, Nodes: 36cbda38-693f-49bb-be1a-3256c6faae50(fv-az163-187.kzyshwy3mise5klwsllqwzgzyb.cx.internal.cloudapp.net/10.1.0.196)9125f905-aa43-4d0f-845d-e6cfd4dab0cd(fv-az163-187.kzyshwy3mise5klwsllqwzgzyb.cx.internal.cloudapp.net/10.1.0.196)b39db728-622c-42ae-954c-bd0dbc524ba7(fv-az163-187.kzyshwy3mise5klwsllqwzgzyb.cx.internal.cloudapp.net/10.1.0.196), ReplicationConfig: RATIS/THREE, State:ALLOCATED, leaderId:, CreationTimestamp2023-06-01T19:11:08.202Z[Etc/UTC]].
2023-06-01 19:11:08,208 [RatisPipelineUtilsThread - 0] INFO  pipeline.RatisPipelineProvider (RatisPipelineProvider.java:lambda$create$0(206)) - Sending CreatePipelineCommand for pipeline:PipelineID=83ca58b9-41b0-4c18-a0f5-c6431d6fc4a4 to datanode:36cbda38-693f-49bb-be1a-3256c6faae50
2023-06-01 19:11:08,208 [RatisPipelineUtilsThread - 0] INFO  pipeline.RatisPipelineProvider (RatisPipelineProvider.java:lambda$create$0(206)) - Sending CreatePipelineCommand for pipeline:PipelineID=83ca58b9-41b0-4c18-a0f5-c6431d6fc4a4 to datanode:b39db728-622c-42ae-954c-bd0dbc524ba7
2023-06-01 19:11:08,208 [RatisPipelineUtilsThread - 0] INFO  pipeline.RatisPipelineProvider (RatisPipelineProvider.java:lambda$create$0(206)) - Sending CreatePipelineCommand for pipeline:PipelineID=83ca58b9-41b0-4c18-a0f5-c6431d6fc4a4 to datanode:9125f905-aa43-4d0f-845d-e6cfd4dab0cd
2023-06-01 19:11:08,209 [RatisPipelineUtilsThread - 0] INFO  pipeline.PipelineStateManagerImpl (PipelineStateManagerImpl.java:addPipeline(103)) - Created pipeline Pipeline[ Id: 83ca58b9-41b0-4c18-a0f5-c6431d6fc4a4, Nodes: 36cbda38-693f-49bb-be1a-3256c6faae50(fv-az163-187.kzyshwy3mise5klwsllqwzgzyb.cx.internal.cloudapp.net/10.1.0.196)b39db728-622c-42ae-954c-bd0dbc524ba7(fv-az163-187.kzyshwy3mise5klwsllqwzgzyb.cx.internal.cloudapp.net/10.1.0.196)9125f905-aa43-4d0f-845d-e6cfd4dab0cd(fv-az163-187.kzyshwy3mise5klwsllqwzgzyb.cx.internal.cloudapp.net/10.1.0.196), ReplicationConfig: RATIS/THREE, State:ALLOCATED, leaderId:, CreationTimestamp2023-06-01T19:11:08.208Z[Etc/UTC]].
2023-06-01 19:11:08,209 [RatisPipelineUtilsThread - 0] INFO  pipeline.PipelineManagerImpl (PipelineManagerImpl.java:recordMetricsForPipeline(826)) - Pipeline: PipelineID=83ca58b9-41b0-4c18-a0f5-c6431d6fc4a4 contains same datanodes as previous pipelines: PipelineID=51726eaa-9882-4518-94a4-54b8e535df2f nodeIds: 36cbda38-693f-49bb-be1a-3256c6faae50, b39db728-622c-42ae-954c-bd0dbc524ba7, 9125f905-aa43-4d0f-845d-e6cfd4dab0cd
2023-06-01 19:11:08,210 [RatisPipelineUtilsThread - 0] WARN  pipeline.PipelinePlacementPolicy (PipelinePlacementPolicy.java:filterViableNodes(160)) - Pipeline creation failed due to no sufficient healthy datanodes. Required 3. Found 0. Excluded 9.
2023-06-01 19:11:08,216 [fac1c7af-03c1-44bd-b323-3796df9c2435-groupManagement] INFO  server.RaftServer$Division (RaftServerImpl.java:<init>(198)) - fac1c7af-03c1-44bd-b323-3796df9c2435: new RaftServerImpl for group-C5917EE03DF0:[fac1c7af-03c1-44bd-b323-3796df9c2435|rpc:10.1.0.196:15014|admin:10.1.0.196:15013|client:10.1.0.196:15012|dataStream:10.1.0.196:15015|priority:1|startupRole:FOLLOWER] with ContainerStateMachine:uninitialized
2023-06-01 19:11:08,217 [fac1c7af-03c1-44bd-b323-3796df9c2435-groupManagement] INFO  server.RaftServerConfigKeys (ConfUtils.java:logGet(46)) - raft.server.rpc.timeout.min = 5s (custom)
2023-06-01 19:11:08,217 [fac1c7af-03c1-44bd-b323-3796df9c2435-groupManagement] INFO  server.RaftServerConfigKeys (ConfUtils.java:logGet(46)) - raft.server.rpc.timeout.max = 5200ms (custom)
2023-06-01 19:11:08,217 [fac1c7af-03c1-44bd-b323-3796df9c2435-groupManagement] INFO  server.RaftServerConfigKeys (ConfUtils.java:logGet(46)) - raft.server.rpc.sleep.time = 25ms (default)
2023-06-01 19:11:08,217 [fac1c7af-03c1-44bd-b323-3796df9c2435-groupManagement] INFO  server.RaftServerConfigKeys (ConfUtils.java:logGet(46)) - raft.server.rpc.slowness.timeout = 300s (custom)
2023-06-01 19:11:08,217 [fac1c7af-03c1-44bd-b323-3796df9c2435-groupManagement] INFO  server.RaftServerConfigKeys (ConfUtils.java:logGet(46)) - raft.server.leaderelection.leader.step-down.wait-time = 10s (default)
2023-06-01 19:11:08,217 [fac1c7af-03c1-44bd-b323-3796df9c2435-groupManagement] INFO  server.RaftServerConfigKeys (ConfUtils.java:logGet(46)) - raft.server.sleep.deviation.threshold = 300ms (default)
2023-06-01 19:11:08,217 [fac1c7af-03c1-44bd-b323-3796df9c2435-groupManagement] INFO  server.RaftServer$Division (ServerState.java:<init>(120)) - fac1c7af-03c1-44bd-b323-3796df9c2435@group-C5917EE03DF0: ConfigurationManager, init=-1: peers:[fac1c7af-03c1-44bd-b323-3796df9c2435|rpc:10.1.0.196:15014|admin:10.1.0.196:15013|client:10.1.0.196:15012|dataStream:10.1.0.196:15015|priority:1|startupRole:FOLLOWER]|listeners:[], old=null, confs=<EMPTY_MAP>
2023-06-01 19:11:08,217 [fac1c7af-03c1-44bd-b323-3796df9c2435-groupManagement] INFO  server.RaftServerConfigKeys (ConfUtils.java:logGet(46)) - raft.server.storage.dir = [/home/runner/work/ozone/ozone/hadoop-ozone/integration-test/target/test-dir/MiniOzoneClusterImpl-59aba430-7466-43cf-ac60-ffcd1bd17169/datanode-0/data/ratis] (custom)
2023-06-01 19:11:08,217 [fac1c7af-03c1-44bd-b323-3796df9c2435-groupManagement] INFO  server.RaftServerConfigKeys (ConfUtils.java:logGet(46)) - raft.server.log.corruption.policy = EXCEPTION (default)
2023-06-01 19:11:08,217 [fac1c7af-03c1-44bd-b323-3796df9c2435-groupManagement] INFO  server.RaftServerConfigKeys (ConfUtils.java:logGet(46)) - raft.server.storage.free-space.min = 0MB (=0) (default)
2023-06-01 19:11:08,218 [fac1c7af-03c1-44bd-b323-3796df9c2435-groupManagement] INFO  server.RaftServerConfigKeys (ConfUtils.java:logGet(46)) - raft.server.notification.no-leader.timeout = 300s (custom)
2023-06-01 19:11:08,218 [fac1c7af-03c1-44bd-b323-3796df9c2435-groupManagement] INFO  server.RaftServerConfigKeys (ConfUtils.java:logGet(46)) - raft.server.read.timeout = 10s (default)
2023-06-01 19:11:08,218 [fac1c7af-03c1-44bd-b323-3796df9c2435-groupManagement] INFO  server.RaftServerConfigKeys (ConfUtils.java:logGet(46)) - raft.server.retrycache.expirytime = 600000ms (custom)
2023-06-01 19:11:08,218 [fac1c7af-03c1-44bd-b323-3796df9c2435-groupManagement] INFO  server.RaftServerConfigKeys (ConfUtils.java:logGet(46)) - raft.server.retrycache.statistics.expirytime = 100μs (default)
2023-06-01 19:11:08,218 [fac1c7af-03c1-44bd-b323-3796df9c2435-groupManagement] INFO  server.RaftServerConfigKeys (ConfUtils.java:logGet(46)) - raft.server.read.option = DEFAULT (default)
2023-06-01 19:11:08,222 [fac1c7af-03c1-44bd-b323-3796df9c2435-groupManagement] INFO  server.RaftServerConfigKeys (ConfUtils.java:logGet(46)) - raft.server.rpc.request.timeout = 60s (custom)
2023-06-01 19:11:08,222 [fac1c7af-03c1-44bd-b323-3796df9c2435-groupManagement] INFO  server.RaftServerConfigKeys (ConfUtils.java:logGet(46)) - raft.server.log.appender.install.snapshot.enabled = false (custom)
2023-06-01 19:11:08,222 [fac1c7af-03c1-44bd-b323-3796df9c2435-groupManagement] INFO  server.RaftServerConfigKeys (ConfUtils.java:logGet(46)) - raft.server.threadpool.server.cached = true (default)
2023-06-01 19:11:08,222 [fac1c7af-03c1-44bd-b323-3796df9c2435-groupManagement] INFO  server.RaftServerConfigKeys (ConfUtils.java:logGet(46)) - raft.server.threadpool.server.size = 0 (default)
2023-06-01 19:11:08,222 [fac1c7af-03c1-44bd-b323-3796df9c2435-groupManagement] INFO  server.RaftServerConfigKeys (ConfUtils.java:logGet(46)) - raft.server.threadpool.client.cached = true (default)
2023-06-01 19:11:08,222 [fac1c7af-03c1-44bd-b323-3796df9c2435-groupManagement] INFO  server.RaftServerConfigKeys (ConfUtils.java:logGet(46)) - raft.server.threadpool.client.size = 0 (default)
2023-06-01 19:11:08,222 [fac1c7af-03c1-44bd-b323-3796df9c2435-groupManagement] INFO  storage.RaftStorageDirectory (RaftStorageDirectoryImpl.java:analyzeStorage(137)) - The storage directory /home/runner/work/ozone/ozone/hadoop-ozone/integration-test/target/test-dir/MiniOzoneClusterImpl-59aba430-7466-43cf-ac60-ffcd1bd17169/datanode-0/data/ratis/955c3877-b1c3-4600-b43f-c5917ee03df0 does not exist. Creating ...
2023-06-01 19:11:08,224 [fac1c7af-03c1-44bd-b323-3796df9c2435-groupManagement] INFO  storage.RaftStorageDirectory (RaftStorageDirectoryImpl.java:tryLock(231)) - Lock on /home/runner/work/ozone/ozone/hadoop-ozone/integration-test/target/test-dir/MiniOzoneClusterImpl-59aba430-7466-43cf-ac60-ffcd1bd17169/datanode-0/data/ratis/955c3877-b1c3-4600-b43f-c5917ee03df0/in_use.lock acquired by nodename 16224@fv-az163-187
2023-06-01 19:11:08,225 [fac1c7af-03c1-44bd-b323-3796df9c2435-groupManagement] INFO  storage.RaftStorage (RaftStorageImpl.java:format(96)) - Storage directory /home/runner/work/ozone/ozone/hadoop-ozone/integration-test/target/test-dir/MiniOzoneClusterImpl-59aba430-7466-43cf-ac60-ffcd1bd17169/datanode-0/data/ratis/955c3877-b1c3-4600-b43f-c5917ee03df0 has been successfully formatted.
2023-06-01 19:11:08,229 [fac1c7af-03c1-44bd-b323-3796df9c2435-groupManagement] INFO  ratis.ContainerStateMachine (ContainerStateMachine.java:loadSnapshot(262)) - group-C5917EE03DF0: The snapshot info is null. Setting the last applied indexto:(t:0, i:~)
2023-06-01 19:11:08,229 [fac1c7af-03c1-44bd-b323-3796df9c2435-groupManagement] INFO  server.RaftServerConfigKeys (ConfUtils.java:logGet(46)) - raft.server.log.use.memory = false (default)
2023-06-01 19:11:08,230 [fac1c7af-03c1-44bd-b323-3796df9c2435-groupManagement] INFO  server.RaftServerConfigKeys (ConfUtils.java:logGet(46)) - raft.server.log.purge.gap = 1000000 (custom)
2023-06-01 19:11:08,230 [fac1c7af-03c1-44bd-b323-3796df9c2435-groupManagement] INFO  server.RaftServerConfigKeys (ConfUtils.java:logGet(46)) - raft.server.log.appender.buffer.byte-limit = 33554432 (custom)
2023-06-01 19:11:08,230 [fac1c7af-03c1-44bd-b323-3796df9c2435-groupManagement] INFO  server.RaftServerConfigKeys (ConfUtils.java:logGet(46)) - raft.server.log.statemachine.data.read.timeout = 1000ms (default)
2023-06-01 19:11:08,230 [fac1c7af-03c1-44bd-b323-3796df9c2435-groupManagement] INFO  server.RaftServerConfigKeys (ConfUtils.java:logGet(46)) - raft.server.log.purge.preservation.log.num = 0 (default)
2023-06-01 19:11:08,230 [fac1c7af-03c1-44bd-b323-3796df9c2435-groupManagement] INFO  server.RaftServerConfigKeys (ConfUtils.java:logGet(46)) - raft.server.log.segment.size.max = 1048576 (custom)
2023-06-01 19:11:08,231 [EventQueue-PipelineReportForPipelineReportHandler] INFO  pipeline.PipelineManagerImpl (PipelineManagerImpl.java:openPipeline(367)) - Pipeline Pipeline[ Id: 955c3877-b1c3-4600-b43f-c5917ee03df0, Nodes: fac1c7af-03c1-44bd-b323-3796df9c2435(fv-az163-187.kzyshwy3mise5klwsllqwzgzyb.cx.internal.cloudapp.net/10.1.0.196), ReplicationConfig: RATIS/ONE, State:ALLOCATED, leaderId:fac1c7af-03c1-44bd-b323-3796df9c2435, CreationTimestamp2023-06-01T19:11:05.206Z[Etc/UTC]] moved to OPEN state
2023-06-01 19:11:08,231 [fac1c7af-03c1-44bd-b323-3796df9c2435-groupManagement] INFO  server.RaftServerConfigKeys (ConfUtils.java:logGet(46)) - raft.server.log.segment.cache.num.max = 2 (custom)
2023-06-01 19:11:08,232 [fac1c7af-03c1-44bd-b323-3796df9c2435-groupManagement] INFO  server.RaftServerConfigKeys (ConfUtils.java:logGet(46)) - raft.server.log.segment.cache.size.max = 200MB (=209715200) (default)
2023-06-01 19:11:08,232 [fac1c7af-03c1-44bd-b323-3796df9c2435-groupManagement] INFO  server.RaftServerConfigKeys (ConfUtils.java:logGet(46)) - raft.server.log.appender.buffer.byte-limit = 33554432 (custom)
2023-06-01 19:11:08,232 [fac1c7af-03c1-44bd-b323-3796df9c2435-groupManagement] INFO  segmented.SegmentedRaftLogWorker (SegmentedRaftLogWorker.java:<init>(188)) - new fac1c7af-03c1-44bd-b323-3796df9c2435@group-C5917EE03DF0-SegmentedRaftLogWorker for RaftStorageImpl:Storage Directory /home/runner/work/ozone/ozone/hadoop-ozone/integration-test/target/test-dir/MiniOzoneClusterImpl-59aba430-7466-43cf-ac60-ffcd1bd17169/datanode-0/data/ratis/955c3877-b1c3-4600-b43f-c5917ee03df0
2023-06-01 19:11:08,232 [fac1c7af-03c1-44bd-b323-3796df9c2435-groupManagement] INFO  server.RaftServerConfigKeys (ConfUtils.java:logGet(46)) - raft.server.log.queue.byte-limit = 4294967296 (custom)
2023-06-01 19:11:08,232 [fac1c7af-03c1-44bd-b323-3796df9c2435-groupManagement] INFO  server.RaftServerConfigKeys (ConfUtils.java:logGet(46)) - raft.server.log.queue.element-limit = 1024 (custom)
2023-06-01 19:11:08,232 [fac1c7af-03c1-44bd-b323-3796df9c2435-groupManagement] INFO  server.RaftServerConfigKeys (ConfUtils.java:logGet(46)) - raft.server.log.segment.size.max = 1048576 (custom)
2023-06-01 19:11:08,232 [fac1c7af-03c1-44bd-b323-3796df9c2435-groupManagement] INFO  server.RaftServerConfigKeys (ConfUtils.java:logGet(46)) - raft.server.log.preallocated.size = 16384 (custom)
2023-06-01 19:11:08,232 [fac1c7af-03c1-44bd-b323-3796df9c2435-groupManagement] INFO  server.RaftServerConfigKeys (ConfUtils.java:logGet(46)) - raft.server.log.force.sync.num = 128 (default)
2023-06-01 19:11:08,232 [fac1c7af-03c1-44bd-b323-3796df9c2435-groupManagement] INFO  server.RaftServerConfigKeys (ConfUtils.java:logGet(46)) - raft.server.log.statemachine.data.sync = true (default)
2023-06-01 19:11:08,232 [fac1c7af-03c1-44bd-b323-3796df9c2435-groupManagement] INFO  server.RaftServerConfigKeys (ConfUtils.java:logGet(46)) - raft.server.log.statemachine.data.sync.timeout = 10s (default)
2023-06-01 19:11:08,232 [fac1c7af-03c1-44bd-b323-3796df9c2435-groupManagement] INFO  server.RaftServerConfigKeys (ConfUtils.java:logGet(46)) - raft.server.log.statemachine.data.sync.timeout.retry = -1 (default)
2023-06-01 19:11:08,235 [EventQueue-OpenPipelineForHealthyPipelineSafeModeRule] INFO  safemode.SCMSafeModeManager (HealthyPipelineSafeModeRule.java:process(137)) - SCM in safe mode. Healthy pipelines reported count is 0, required healthy pipeline reported count is 1
2023-06-01 19:11:08,240 [fac1c7af-03c1-44bd-b323-3796df9c2435-groupManagement] INFO  server.RaftServerConfigKeys (ConfUtils.java:logGet(46)) - raft.server.log.write.buffer.size = 1048576 (custom)
2023-06-01 19:11:08,241 [fac1c7af-03c1-44bd-b323-3796df9c2435-groupManagement] INFO  server.RaftServerConfigKeys (ConfUtils.java:logGet(46)) - raft.server.log.appender.buffer.byte-limit = 33554432 (custom)
2023-06-01 19:11:08,244 [fac1c7af-03c1-44bd-b323-3796df9c2435-groupManagement] INFO  server.RaftServerConfigKeys (ConfUtils.java:logGet(46)) - raft.server.log.unsafe-flush.enabled = false (default)
2023-06-01 19:11:08,244 [fac1c7af-03c1-44bd-b323-3796df9c2435-groupManagement] INFO  server.RaftServerConfigKeys (ConfUtils.java:logGet(46)) - raft.server.log.async-flush.enabled = false (default)
2023-06-01 19:11:08,244 [fac1c7af-03c1-44bd-b323-3796df9c2435-groupManagement] INFO  server.RaftServerConfigKeys (ConfUtils.java:logGet(46)) - raft.server.log.statemachine.data.caching.enabled = true (custom)
2023-06-01 19:11:08,244 [fac1c7af-03c1-44bd-b323-3796df9c2435-groupManagement] INFO  segmented.SegmentedRaftLogWorker (SegmentedRaftLogWorker.java:lambda$new$0(135)) - fac1c7af-03c1-44bd-b323-3796df9c2435@group-C5917EE03DF0-SegmentedRaftLogWorker: flushIndex: setUnconditionally 0 -> -1
2023-06-01 19:11:08,244 [fac1c7af-03c1-44bd-b323-3796df9c2435-groupManagement] INFO  segmented.SegmentedRaftLogWorker (SegmentedRaftLogWorker.java:lambda$new$0(135)) - fac1c7af-03c1-44bd-b323-3796df9c2435@group-C5917EE03DF0-SegmentedRaftLogWorker: safeCacheEvictIndex: setUnconditionally 0 -> -1
2023-06-01 19:11:08,245 [fac1c7af-03c1-44bd-b323-3796df9c2435-groupManagement] INFO  server.RaftServer$Division (RaftServerImpl.java:start(342)) - fac1c7af-03c1-44bd-b323-3796df9c2435@group-C5917EE03DF0: start as a follower, conf=-1: peers:[fac1c7af-03c1-44bd-b323-3796df9c2435|rpc:10.1.0.196:15014|admin:10.1.0.196:15013|client:10.1.0.196:15012|dataStream:10.1.0.196:15015|priority:1|startupRole:FOLLOWER]|listeners:[], old=null
2023-06-01 19:11:08,245 [fac1c7af-03c1-44bd-b323-3796df9c2435-groupManagement] INFO  server.RaftServer$Division (RaftServerImpl.java:setRole(329)) - fac1c7af-03c1-44bd-b323-3796df9c2435@group-C5917EE03DF0: changes role from      null to FOLLOWER at term 0 for startAsFollower
2023-06-01 19:11:08,245 [fac1c7af-03c1-44bd-b323-3796df9c2435-groupManagement] INFO  impl.RoleInfo (RoleInfo.java:updateAndGet(139)) - fac1c7af-03c1-44bd-b323-3796df9c2435: start fac1c7af-03c1-44bd-b323-3796df9c2435@group-C5917EE03DF0-FollowerState
2023-06-01 19:11:08,248 [fac1c7af-03c1-44bd-b323-3796df9c2435@group-C5917EE03DF0-FollowerState] INFO  server.RaftServerConfigKeys (ConfUtils.java:logFallback(53)) - raft.server.rpc.first-election.timeout.min = 5s (fallback to raft.server.rpc.timeout.min)
2023-06-01 19:11:08,248 [fac1c7af-03c1-44bd-b323-3796df9c2435@group-C5917EE03DF0-FollowerState] INFO  server.RaftServerConfigKeys (ConfUtils.java:logFallback(53)) - raft.server.rpc.first-election.timeout.max = 5200ms (fallback to raft.server.rpc.timeout.max)
2023-06-01 19:11:08,246 [fac1c7af-03c1-44bd-b323-3796df9c2435-groupManagement] INFO  util.JmxRegister (JmxRegister.java:tryRegister(44)) - Successfully registered JMX Bean with object name Ratis:service=RaftServer,group=group-C5917EE03DF0,id=fac1c7af-03c1-44bd-b323-3796df9c2435
2023-06-01 19:11:08,248 [fac1c7af-03c1-44bd-b323-3796df9c2435-groupManagement] INFO  server.RaftServerConfigKeys (ConfUtils.java:logGet(46)) - raft.server.snapshot.auto.trigger.enabled = true (custom)
2023-06-01 19:11:08,248 [fac1c7af-03c1-44bd-b323-3796df9c2435-groupManagement] INFO  server.RaftServerConfigKeys (ConfUtils.java:logGet(46)) - raft.server.snapshot.auto.trigger.threshold = 10000 (custom)
2023-06-01 19:11:08,248 [fac1c7af-03c1-44bd-b323-3796df9c2435-groupManagement] INFO  server.RaftServerConfigKeys (ConfUtils.java:logGet(46)) - raft.server.snapshot.retention.file.num = 5 (custom)
2023-06-01 19:11:08,248 [fac1c7af-03c1-44bd-b323-3796df9c2435-groupManagement] INFO  server.RaftServerConfigKeys (ConfUtils.java:logGet(46)) - raft.server.log.purge.upto.snapshot.index = false (default)
2023-06-01 19:11:08,255 [PipelineCommandHandlerThread-0] INFO  ratis.XceiverServerRatis (XceiverServerRatis.java:addGroup(804)) - Created group PipelineID=955c3877-b1c3-4600-b43f-c5917ee03df0
2023-06-01 19:11:08,255 [PipelineCommandHandlerThread-0] INFO  commandhandler.CreatePipelineCommandHandler (CreatePipelineCommandHandler.java:lambda$handle$2(124)) - Created Pipeline RATIS ONE PipelineID=955c3877-b1c3-4600-b43f-c5917ee03df0.
2023-06-01 19:11:08,255 [PipelineCommandHandlerThread-0] INFO  server.RaftServer (RaftServerProxy.java:addNew(98)) - fac1c7af-03c1-44bd-b323-3796df9c2435: addNew group-AEB6F4C7E190:[d78dd883-3e4c-45aa-98b2-e8ffdf2e22af|rpc:10.1.0.196:15032|admin:10.1.0.196:15031|client:10.1.0.196:15030|dataStream:10.1.0.196:15033|priority:1|startupRole:FOLLOWER, c686f304-079c-4e24-9d21-fd4c36dc1242|rpc:10.1.0.196:15023|admin:10.1.0.196:15022|client:10.1.0.196:15021|dataStream:10.1.0.196:15024|priority:0|startupRole:FOLLOWER, fac1c7af-03c1-44bd-b323-3796df9c2435|rpc:10.1.0.196:15014|admin:10.1.0.196:15013|client:10.1.0.196:15012|dataStream:10.1.0.196:15015|priority:0|startupRole:FOLLOWER] returns group-AEB6F4C7E190:java.util.concurrent.CompletableFuture@19bef819[Not completed]
2023-06-01 19:11:08,256 [fac1c7af-03c1-44bd-b323-3796df9c2435-groupManagement] INFO  server.RaftServer$Division (RaftServerImpl.java:<init>(198)) - fac1c7af-03c1-44bd-b323-3796df9c2435: new RaftServerImpl for group-AEB6F4C7E190:[d78dd883-3e4c-45aa-98b2-e8ffdf2e22af|rpc:10.1.0.196:15032|admin:10.1.0.196:15031|client:10.1.0.196:15030|dataStream:10.1.0.196:15033|priority:1|startupRole:FOLLOWER, c686f304-079c-4e24-9d21-fd4c36dc1242|rpc:10.1.0.196:15023|admin:10.1.0.196:15022|client:10.1.0.196:15021|dataStream:10.1.0.196:15024|priority:0|startupRole:FOLLOWER, fac1c7af-03c1-44bd-b323-3796df9c2435|rpc:10.1.0.196:15014|admin:10.1.0.196:15013|client:10.1.0.196:15012|dataStream:10.1.0.196:15015|priority:0|startupRole:FOLLOWER] with ContainerStateMachine:uninitialized
2023-06-01 19:11:08,257 [fac1c7af-03c1-44bd-b323-3796df9c2435-groupManagement] INFO  server.RaftServerConfigKeys (ConfUtils.java:logGet(46)) - raft.server.rpc.timeout.min = 5s (custom)
2023-06-01 19:11:08,257 [fac1c7af-03c1-44bd-b323-3796df9c2435-groupManagement] INFO  server.RaftServerConfigKeys (ConfUtils.java:logGet(46)) - raft.server.rpc.timeout.max = 5200ms (custom)
2023-06-01 19:11:08,257 [fac1c7af-03c1-44bd-b323-3796df9c2435-groupManagement] INFO  server.RaftServerConfigKeys (ConfUtils.java:logGet(46)) - raft.server.rpc.sleep.time = 25ms (default)
2023-06-01 19:11:08,257 [fac1c7af-03c1-44bd-b323-3796df9c2435-groupManagement] INFO  server.RaftServerConfigKeys (ConfUtils.java:logGet(46)) - raft.server.rpc.slowness.timeout = 300s (custom)
2023-06-01 19:11:08,257 [fac1c7af-03c1-44bd-b323-3796df9c2435-groupManagement] INFO  server.RaftServerConfigKeys (ConfUtils.java:logGet(46)) - raft.server.leaderelection.leader.step-down.wait-time = 10s (default)
2023-06-01 19:11:08,257 [fac1c7af-03c1-44bd-b323-3796df9c2435-groupManagement] INFO  server.RaftServerConfigKeys (ConfUtils.java:logGet(46)) - raft.server.sleep.deviation.threshold = 300ms (default)
2023-06-01 19:11:08,257 [fac1c7af-03c1-44bd-b323-3796df9c2435-groupManagement] INFO  server.RaftServer$Division (ServerState.java:<init>(120)) - fac1c7af-03c1-44bd-b323-3796df9c2435@group-AEB6F4C7E190: ConfigurationManager, init=-1: peers:[d78dd883-3e4c-45aa-98b2-e8ffdf2e22af|rpc:10.1.0.196:15032|admin:10.1.0.196:15031|client:10.1.0.196:15030|dataStream:10.1.0.196:15033|priority:1|startupRole:FOLLOWER, c686f304-079c-4e24-9d21-fd4c36dc1242|rpc:10.1.0.196:15023|admin:10.1.0.196:15022|client:10.1.0.196:15021|dataStream:10.1.0.196:15024|priority:0|startupRole:FOLLOWER, fac1c7af-03c1-44bd-b323-3796df9c2435|rpc:10.1.0.196:15014|admin:10.1.0.196:15013|client:10.1.0.196:15012|dataStream:10.1.0.196:15015|priority:0|startupRole:FOLLOWER]|listeners:[], old=null, confs=<EMPTY_MAP>
2023-06-01 19:11:08,257 [fac1c7af-03c1-44bd-b323-3796df9c2435-groupManagement] INFO  server.RaftServerConfigKeys (ConfUtils.java:logGet(46)) - raft.server.storage.dir = [/home/runner/work/ozone/ozone/hadoop-ozone/integration-test/target/test-dir/MiniOzoneClusterImpl-59aba430-7466-43cf-ac60-ffcd1bd17169/datanode-0/data/ratis] (custom)
2023-06-01 19:11:08,257 [fac1c7af-03c1-44bd-b323-3796df9c2435-groupManagement] INFO  server.RaftServerConfigKeys (ConfUtils.java:logGet(46)) - raft.server.log.corruption.policy = EXCEPTION (default)
2023-06-01 19:11:08,257 [fac1c7af-03c1-44bd-b323-3796df9c2435-groupManagement] INFO  server.RaftServerConfigKeys (ConfUtils.java:logGet(46)) - raft.server.storage.free-space.min = 0MB (=0) (default)
2023-06-01 19:11:08,257 [fac1c7af-03c1-44bd-b323-3796df9c2435-groupManagement] INFO  server.RaftServerConfigKeys (ConfUtils.java:logGet(46)) - raft.server.notification.no-leader.timeout = 300s (custom)
2023-06-01 19:11:08,257 [fac1c7af-03c1-44bd-b323-3796df9c2435-groupManagement] INFO  server.RaftServerConfigKeys (ConfUtils.java:logGet(46)) - raft.server.read.timeout = 10s (default)
2023-06-01 19:11:08,257 [fac1c7af-03c1-44bd-b323-3796df9c2435-groupManagement] INFO  server.RaftServerConfigKeys (ConfUtils.java:logGet(46)) - raft.server.retrycache.expirytime = 600000ms (custom)
2023-06-01 19:11:08,257 [fac1c7af-03c1-44bd-b323-3796df9c2435-groupManagement] INFO  server.RaftServerConfigKeys (ConfUtils.java:logGet(46)) - raft.server.retrycache.statistics.expirytime = 100μs (default)
2023-06-01 19:11:08,257 [fac1c7af-03c1-44bd-b323-3796df9c2435-groupManagement] INFO  server.RaftServerConfigKeys (ConfUtils.java:logGet(46)) - raft.server.read.option = DEFAULT (default)
2023-06-01 19:11:08,259 [fac1c7af-03c1-44bd-b323-3796df9c2435-groupManagement] INFO  server.RaftServerConfigKeys (ConfUtils.java:logGet(46)) - raft.server.rpc.request.timeout = 60s (custom)
2023-06-01 19:11:08,259 [fac1c7af-03c1-44bd-b323-3796df9c2435-groupManagement] INFO  server.RaftServerConfigKeys (ConfUtils.java:logGet(46)) - raft.server.log.appender.install.snapshot.enabled = false (custom)
2023-06-01 19:11:08,259 [fac1c7af-03c1-44bd-b323-3796df9c2435-groupManagement] INFO  server.RaftServerConfigKeys (ConfUtils.java:logGet(46)) - raft.server.threadpool.server.cached = true (default)
2023-06-01 19:11:08,260 [fac1c7af-03c1-44bd-b323-3796df9c2435-groupManagement] INFO  server.RaftServerConfigKeys (ConfUtils.java:logGet(46)) - raft.server.threadpool.server.size = 0 (default)
2023-06-01 19:11:08,260 [fac1c7af-03c1-44bd-b323-3796df9c2435-groupManagement] INFO  server.RaftServerConfigKeys (ConfUtils.java:logGet(46)) - raft.server.threadpool.client.cached = true (default)
2023-06-01 19:11:08,260 [fac1c7af-03c1-44bd-b323-3796df9c2435-groupManagement] INFO  server.RaftServerConfigKeys (ConfUtils.java:logGet(46)) - raft.server.threadpool.client.size = 0 (default)
2023-06-01 19:11:08,260 [fac1c7af-03c1-44bd-b323-3796df9c2435-groupManagement] INFO  storage.RaftStorageDirectory (RaftStorageDirectoryImpl.java:analyzeStorage(137)) - The storage directory /home/runner/work/ozone/ozone/hadoop-ozone/integration-test/target/test-dir/MiniOzoneClusterImpl-59aba430-7466-43cf-ac60-ffcd1bd17169/datanode-0/data/ratis/793e092b-6040-4f80-b54d-aeb6f4c7e190 does not exist. Creating ...
2023-06-01 19:11:08,261 [fac1c7af-03c1-44bd-b323-3796df9c2435-groupManagement] INFO  storage.RaftStorageDirectory (RaftStorageDirectoryImpl.java:tryLock(231)) - Lock on /home/runner/work/ozone/ozone/hadoop-ozone/integration-test/target/test-dir/MiniOzoneClusterImpl-59aba430-7466-43cf-ac60-ffcd1bd17169/datanode-0/data/ratis/793e092b-6040-4f80-b54d-aeb6f4c7e190/in_use.lock acquired by nodename 16224@fv-az163-187
2023-06-01 19:11:08,262 [fac1c7af-03c1-44bd-b323-3796df9c2435-groupManagement] INFO  storage.RaftStorage (RaftStorageImpl.java:format(96)) - Storage directory /home/runner/work/ozone/ozone/hadoop-ozone/integration-test/target/test-dir/MiniOzoneClusterImpl-59aba430-7466-43cf-ac60-ffcd1bd17169/datanode-0/data/ratis/793e092b-6040-4f80-b54d-aeb6f4c7e190 has been successfully formatted.
2023-06-01 19:11:08,262 [fac1c7af-03c1-44bd-b323-3796df9c2435-groupManagement] INFO  ratis.ContainerStateMachine (ContainerStateMachine.java:loadSnapshot(262)) - group-AEB6F4C7E190: The snapshot info is null. Setting the last applied indexto:(t:0, i:~)
2023-06-01 19:11:08,262 [fac1c7af-03c1-44bd-b323-3796df9c2435-groupManagement] INFO  server.RaftServerConfigKeys (ConfUtils.java:logGet(46)) - raft.server.log.use.memory = false (default)
2023-06-01 19:11:08,262 [fac1c7af-03c1-44bd-b323-3796df9c2435-groupManagement] INFO  server.RaftServerConfigKeys (ConfUtils.java:logGet(46)) - raft.server.log.purge.gap = 1000000 (custom)
2023-06-01 19:11:08,262 [fac1c7af-03c1-44bd-b323-3796df9c2435-groupManagement] INFO  server.RaftServerConfigKeys (ConfUtils.java:logGet(46)) - raft.server.log.appender.buffer.byte-limit = 33554432 (custom)
2023-06-01 19:11:08,262 [fac1c7af-03c1-44bd-b323-3796df9c2435-groupManagement] INFO  server.RaftServerConfigKeys (ConfUtils.java:logGet(46)) - raft.server.log.statemachine.data.read.timeout = 1000ms (default)
2023-06-01 19:11:08,262 [fac1c7af-03c1-44bd-b323-3796df9c2435-groupManagement] INFO  server.RaftServerConfigKeys (ConfUtils.java:logGet(46)) - raft.server.log.purge.preservation.log.num = 0 (default)
2023-06-01 19:11:08,268 [EventQueue-OpenPipelineForHealthyPipelineSafeModeRule] INFO  safemode.SCMSafeModeManager (HealthyPipelineSafeModeRule.java:process(137)) - SCM in safe mode. Healthy pipelines reported count is 0, required healthy pipeline reported count is 1
2023-06-01 19:11:08,269 [fac1c7af-03c1-44bd-b323-3796df9c2435-groupManagement] INFO  server.RaftServerConfigKeys (ConfUtils.java:logGet(46)) - raft.server.log.segment.size.max = 1048576 (custom)
2023-06-01 19:11:08,271 [fac1c7af-03c1-44bd-b323-3796df9c2435-groupManagement] INFO  server.RaftServerConfigKeys (ConfUtils.java:logGet(46)) - raft.server.log.segment.cache.num.max = 2 (custom)
2023-06-01 19:11:08,271 [fac1c7af-03c1-44bd-b323-3796df9c2435-groupManagement] INFO  server.RaftServerConfigKeys (ConfUtils.java:logGet(46)) - raft.server.log.segment.cache.size.max = 200MB (=209715200) (default)
2023-06-01 19:11:08,271 [fac1c7af-03c1-44bd-b323-3796df9c2435-groupManagement] INFO  server.RaftServerConfigKeys (ConfUtils.java:logGet(46)) - raft.server.log.appender.buffer.byte-limit = 33554432 (custom)
2023-06-01 19:11:08,271 [fac1c7af-03c1-44bd-b323-3796df9c2435-groupManagement] INFO  segmented.SegmentedRaftLogWorker (SegmentedRaftLogWorker.java:<init>(188)) - new fac1c7af-03c1-44bd-b323-3796df9c2435@group-AEB6F4C7E190-SegmentedRaftLogWorker for RaftStorageImpl:Storage Directory /home/runner/work/ozone/ozone/hadoop-ozone/integration-test/target/test-dir/MiniOzoneClusterImpl-59aba430-7466-43cf-ac60-ffcd1bd17169/datanode-0/data/ratis/793e092b-6040-4f80-b54d-aeb6f4c7e190
2023-06-01 19:11:08,271 [fac1c7af-03c1-44bd-b323-3796df9c2435-groupManagement] INFO  server.RaftServerConfigKeys (ConfUtils.java:logGet(46)) - raft.server.log.queue.byte-limit = 4294967296 (custom)
2023-06-01 19:11:08,271 [fac1c7af-03c1-44bd-b323-3796df9c2435-groupManagement] INFO  server.RaftServerConfigKeys (ConfUtils.java:logGet(46)) - raft.server.log.queue.element-limit = 1024 (custom)
2023-06-01 19:11:08,272 [fac1c7af-03c1-44bd-b323-3796df9c2435-groupManagement] INFO  server.RaftServerConfigKeys (ConfUtils.java:logGet(46)) - raft.server.log.segment.size.max = 1048576 (custom)
2023-06-01 19:11:08,272 [fac1c7af-03c1-44bd-b323-3796df9c2435-groupManagement] INFO  server.RaftServerConfigKeys (ConfUtils.java:logGet(46)) - raft.server.log.preallocated.size = 16384 (custom)
2023-06-01 19:11:08,272 [fac1c7af-03c1-44bd-b323-3796df9c2435-groupManagement] INFO  server.RaftServerConfigKeys (ConfUtils.java:logGet(46)) - raft.server.log.force.sync.num = 128 (default)
2023-06-01 19:11:08,272 [fac1c7af-03c1-44bd-b323-3796df9c2435-groupManagement] INFO  server.RaftServerConfigKeys (ConfUtils.java:logGet(46)) - raft.server.log.statemachine.data.sync = true (default)
2023-06-01 19:11:08,272 [fac1c7af-03c1-44bd-b323-3796df9c2435-groupManagement] INFO  server.RaftServerConfigKeys (ConfUtils.java:logGet(46)) - raft.server.log.statemachine.data.sync.timeout = 10s (default)
2023-06-01 19:11:08,272 [fac1c7af-03c1-44bd-b323-3796df9c2435-groupManagement] INFO  server.RaftServerConfigKeys (ConfUtils.java:logGet(46)) - raft.server.log.statemachine.data.sync.timeout.retry = -1 (default)
2023-06-01 19:11:08,273 [fac1c7af-03c1-44bd-b323-3796df9c2435-groupManagement] INFO  server.RaftServerConfigKeys (ConfUtils.java:logGet(46)) - raft.server.log.write.buffer.size = 1048576 (custom)
2023-06-01 19:11:08,274 [fac1c7af-03c1-44bd-b323-3796df9c2435-groupManagement] INFO  server.RaftServerConfigKeys (ConfUtils.java:logGet(46)) - raft.server.log.appender.buffer.byte-limit = 33554432 (custom)
2023-06-01 19:11:08,278 [fac1c7af-03c1-44bd-b323-3796df9c2435-groupManagement] INFO  server.RaftServerConfigKeys (ConfUtils.java:logGet(46)) - raft.server.log.unsafe-flush.enabled = false (default)
2023-06-01 19:11:08,278 [fac1c7af-03c1-44bd-b323-3796df9c2435-groupManagement] INFO  server.RaftServerConfigKeys (ConfUtils.java:logGet(46)) - raft.server.log.async-flush.enabled = false (default)
2023-06-01 19:11:08,278 [fac1c7af-03c1-44bd-b323-3796df9c2435-groupManagement] INFO  server.RaftServerConfigKeys (ConfUtils.java:logGet(46)) - raft.server.log.statemachine.data.caching.enabled = true (custom)
2023-06-01 19:11:08,278 [fac1c7af-03c1-44bd-b323-3796df9c2435-groupManagement] INFO  segmented.SegmentedRaftLogWorker (SegmentedRaftLogWorker.java:lambda$new$0(135)) - fac1c7af-03c1-44bd-b323-3796df9c2435@group-AEB6F4C7E190-SegmentedRaftLogWorker: flushIndex: setUnconditionally 0 -> -1
2023-06-01 19:11:08,279 [fac1c7af-03c1-44bd-b323-3796df9c2435-groupManagement] INFO  segmented.SegmentedRaftLogWorker (SegmentedRaftLogWorker.java:lambda$new$0(135)) - fac1c7af-03c1-44bd-b323-3796df9c2435@group-AEB6F4C7E190-SegmentedRaftLogWorker: safeCacheEvictIndex: setUnconditionally 0 -> -1
2023-06-01 19:11:08,279 [fac1c7af-03c1-44bd-b323-3796df9c2435-groupManagement] INFO  server.RaftServer$Division (RaftServerImpl.java:start(342)) - fac1c7af-03c1-44bd-b323-3796df9c2435@group-AEB6F4C7E190: start as a follower, conf=-1: peers:[d78dd883-3e4c-45aa-98b2-e8ffdf2e22af|rpc:10.1.0.196:15032|admin:10.1.0.196:15031|client:10.1.0.196:15030|dataStream:10.1.0.196:15033|priority:1|startupRole:FOLLOWER, c686f304-079c-4e24-9d21-fd4c36dc1242|rpc:10.1.0.196:15023|admin:10.1.0.196:15022|client:10.1.0.196:15021|dataStream:10.1.0.196:15024|priority:0|startupRole:FOLLOWER, fac1c7af-03c1-44bd-b323-3796df9c2435|rpc:10.1.0.196:15014|admin:10.1.0.196:15013|client:10.1.0.196:15012|dataStream:10.1.0.196:15015|priority:0|startupRole:FOLLOWER]|listeners:[], old=null
2023-06-01 19:11:08,279 [fac1c7af-03c1-44bd-b323-3796df9c2435-groupManagement] INFO  server.RaftServer$Division (RaftServerImpl.java:setRole(329)) - fac1c7af-03c1-44bd-b323-3796df9c2435@group-AEB6F4C7E190: changes role from      null to FOLLOWER at term 0 for startAsFollower
2023-06-01 19:11:08,279 [fac1c7af-03c1-44bd-b323-3796df9c2435-groupManagement] INFO  impl.RoleInfo (RoleInfo.java:updateAndGet(139)) - fac1c7af-03c1-44bd-b323-3796df9c2435: start fac1c7af-03c1-44bd-b323-3796df9c2435@group-AEB6F4C7E190-FollowerState
2023-06-01 19:11:08,279 [fac1c7af-03c1-44bd-b323-3796df9c2435-groupManagement] INFO  util.JmxRegister (JmxRegister.java:tryRegister(44)) - Successfully registered JMX Bean with object name Ratis:service=RaftServer,group=group-AEB6F4C7E190,id=fac1c7af-03c1-44bd-b323-3796df9c2435
2023-06-01 19:11:08,280 [fac1c7af-03c1-44bd-b323-3796df9c2435-groupManagement] INFO  server.RaftServerConfigKeys (ConfUtils.java:logGet(46)) - raft.server.snapshot.auto.trigger.enabled = true (custom)
2023-06-01 19:11:08,280 [fac1c7af-03c1-44bd-b323-3796df9c2435-groupManagement] INFO  server.RaftServerConfigKeys (ConfUtils.java:logGet(46)) - raft.server.snapshot.auto.trigger.threshold = 10000 (custom)
2023-06-01 19:11:08,280 [fac1c7af-03c1-44bd-b323-3796df9c2435-groupManagement] INFO  server.RaftServerConfigKeys (ConfUtils.java:logGet(46)) - raft.server.snapshot.retention.file.num = 5 (custom)
2023-06-01 19:11:08,280 [fac1c7af-03c1-44bd-b323-3796df9c2435-groupManagement] INFO  server.RaftServerConfigKeys (ConfUtils.java:logGet(46)) - raft.server.log.purge.upto.snapshot.index = false (default)
2023-06-01 19:11:08,281 [fac1c7af-03c1-44bd-b323-3796df9c2435@group-AEB6F4C7E190-FollowerState] INFO  server.RaftServerConfigKeys (ConfUtils.java:logFallback(53)) - raft.server.rpc.first-election.timeout.min = 5s (fallback to raft.server.rpc.timeout.min)
2023-06-01 19:11:08,282 [PipelineCommandHandlerThread-0] INFO  ratis.XceiverServerRatis (XceiverServerRatis.java:addGroup(804)) - Created group PipelineID=793e092b-6040-4f80-b54d-aeb6f4c7e190
2023-06-01 19:11:08,282 [fac1c7af-03c1-44bd-b323-3796df9c2435@group-AEB6F4C7E190-FollowerState] INFO  server.RaftServerConfigKeys (ConfUtils.java:logFallback(53)) - raft.server.rpc.first-election.timeout.max = 5200ms (fallback to raft.server.rpc.timeout.max)
2023-06-01 19:11:08,510 [main] INFO  ozone.MiniOzoneClusterImpl (MiniOzoneClusterImpl.java:lambda$waitForClusterToBeReady$0(222)) - Waiting for nodes to be ready. Got 9 of 10 DN Heartbeats.
2023-06-01 19:11:08,511 [main] INFO  ozone.MiniOzoneClusterImpl (MiniOzoneClusterImpl.java:lambda$waitForClusterToBeReady$0(225)) - Waiting for cluster to exit safe mode
2023-06-01 19:11:08,511 [main] INFO  ozone.MiniOzoneClusterImpl (MiniOzoneClusterImpl.java:lambda$waitForClusterToBeReady$0(227)) - SCM became leader
2023-06-01 19:11:08,519 [IPC Server handler 5 on default port 15002] INFO  net.NetworkTopologyImpl (NetworkTopologyImpl.java:add(112)) - Added a new node: /default-rack/d7192325-13fb-433e-b8d5-f6359b644c8f
2023-06-01 19:11:08,519 [IPC Server handler 5 on default port 15002] INFO  node.SCMNodeManager (SCMNodeManager.java:register(407)) - Registered Data node : d7192325-13fb-433e-b8d5-f6359b644c8f{ip: 10.1.0.196, host: fv-az163-187.kzyshwy3mise5klwsllqwzgzyb.cx.internal.cloudapp.net, ports: [HTTP=15090, CLIENT_RPC=15091, REPLICATION=15097, RATIS=15093, RATIS_ADMIN=15094, RATIS_SERVER=15095, RATIS_DATASTREAM=15096, STANDALONE=15092], networkLocation: /default-rack, certSerialId: null, persistedOpState: null, persistedOpStateExpiryEpochSec: 0}
2023-06-01 19:11:08,519 [EventQueue-NewNodeForNewNodeHandler] INFO  pipeline.BackgroundPipelineCreator (BackgroundPipelineCreator.java:notifyEventTriggered(276)) - trigger a one-shot run on RatisPipelineUtilsThread.
2023-06-01 19:11:08,520 [RatisPipelineUtilsThread - 0] INFO  pipeline.RatisPipelineProvider (RatisPipelineProvider.java:lambda$create$0(206)) - Sending CreatePipelineCommand for pipeline:PipelineID=2af14865-a653-4950-ac89-1dfd4ebf5b32 to datanode:d7192325-13fb-433e-b8d5-f6359b644c8f
2023-06-01 19:11:08,522 [RatisPipelineUtilsThread - 0] INFO  pipeline.PipelineStateManagerImpl (PipelineStateManagerImpl.java:addPipeline(103)) - Created pipeline Pipeline[ Id: 2af14865-a653-4950-ac89-1dfd4ebf5b32, Nodes: d7192325-13fb-433e-b8d5-f6359b644c8f(fv-az163-187.kzyshwy3mise5klwsllqwzgzyb.cx.internal.cloudapp.net/10.1.0.196), ReplicationConfig: RATIS/ONE, State:ALLOCATED, leaderId:, CreationTimestamp2023-06-01T19:11:08.520Z[Etc/UTC]].
2023-06-01 19:11:08,523 [RatisPipelineUtilsThread - 0] WARN  pipeline.PipelinePlacementPolicy (PipelinePlacementPolicy.java:filterViableNodes(160)) - Pipeline creation failed due to no sufficient healthy datanodes. Required 3. Found 1. Excluded 9.
2023-06-01 19:11:08,686 [grpc-default-executor-0] INFO  server.RaftServer (RaftServerProxy.java:addNew(98)) - c686f304-079c-4e24-9d21-fd4c36dc1242: addNew group-AEB6F4C7E190:[d78dd883-3e4c-45aa-98b2-e8ffdf2e22af|rpc:10.1.0.196:15032|admin:10.1.0.196:15031|client:10.1.0.196:15030|dataStream:10.1.0.196:15033|priority:1|startupRole:FOLLOWER, c686f304-079c-4e24-9d21-fd4c36dc1242|rpc:10.1.0.196:15023|admin:10.1.0.196:15022|client:10.1.0.196:15021|dataStream:10.1.0.196:15024|priority:0|startupRole:FOLLOWER, fac1c7af-03c1-44bd-b323-3796df9c2435|rpc:10.1.0.196:15014|admin:10.1.0.196:15013|client:10.1.0.196:15012|dataStream:10.1.0.196:15015|priority:0|startupRole:FOLLOWER] returns group-AEB6F4C7E190:java.util.concurrent.CompletableFuture@59ea5217[Not completed]
2023-06-01 19:11:08,700 [c686f304-079c-4e24-9d21-fd4c36dc1242-groupManagement] INFO  server.RaftServer$Division (RaftServerImpl.java:<init>(198)) - c686f304-079c-4e24-9d21-fd4c36dc1242: new RaftServerImpl for group-AEB6F4C7E190:[d78dd883-3e4c-45aa-98b2-e8ffdf2e22af|rpc:10.1.0.196:15032|admin:10.1.0.196:15031|client:10.1.0.196:15030|dataStream:10.1.0.196:15033|priority:1|startupRole:FOLLOWER, c686f304-079c-4e24-9d21-fd4c36dc1242|rpc:10.1.0.196:15023|admin:10.1.0.196:15022|client:10.1.0.196:15021|dataStream:10.1.0.196:15024|priority:0|startupRole:FOLLOWER, fac1c7af-03c1-44bd-b323-3796df9c2435|rpc:10.1.0.196:15014|admin:10.1.0.196:15013|client:10.1.0.196:15012|dataStream:10.1.0.196:15015|priority:0|startupRole:FOLLOWER] with ContainerStateMachine:uninitialized
2023-06-01 19:11:08,700 [c686f304-079c-4e24-9d21-fd4c36dc1242-groupManagement] INFO  server.RaftServerConfigKeys (ConfUtils.java:logGet(46)) - raft.server.rpc.timeout.min = 5s (custom)
2023-06-01 19:11:08,700 [c686f304-079c-4e24-9d21-fd4c36dc1242-groupManagement] INFO  server.RaftServerConfigKeys (ConfUtils.java:logGet(46)) - raft.server.rpc.timeout.max = 5200ms (custom)
2023-06-01 19:11:08,700 [c686f304-079c-4e24-9d21-fd4c36dc1242-groupManagement] INFO  server.RaftServerConfigKeys (ConfUtils.java:logGet(46)) - raft.server.rpc.sleep.time = 25ms (default)
2023-06-01 19:11:08,700 [c686f304-079c-4e24-9d21-fd4c36dc1242-groupManagement] INFO  server.RaftServerConfigKeys (ConfUtils.java:logGet(46)) - raft.server.rpc.slowness.timeout = 300s (custom)
2023-06-01 19:11:08,700 [c686f304-079c-4e24-9d21-fd4c36dc1242-groupManagement] INFO  server.RaftServerConfigKeys (ConfUtils.java:logGet(46)) - raft.server.leaderelection.leader.step-down.wait-time = 10s (default)
2023-06-01 19:11:08,700 [c686f304-079c-4e24-9d21-fd4c36dc1242-groupManagement] INFO  server.RaftServerConfigKeys (ConfUtils.java:logGet(46)) - raft.server.sleep.deviation.threshold = 300ms (default)
2023-06-01 19:11:08,700 [c686f304-079c-4e24-9d21-fd4c36dc1242-groupManagement] INFO  server.RaftServer$Division (ServerState.java:<init>(120)) - c686f304-079c-4e24-9d21-fd4c36dc1242@group-AEB6F4C7E190: ConfigurationManager, init=-1: peers:[d78dd883-3e4c-45aa-98b2-e8ffdf2e22af|rpc:10.1.0.196:15032|admin:10.1.0.196:15031|client:10.1.0.196:15030|dataStream:10.1.0.196:15033|priority:1|startupRole:FOLLOWER, c686f304-079c-4e24-9d21-fd4c36dc1242|rpc:10.1.0.196:15023|admin:10.1.0.196:15022|client:10.1.0.196:15021|dataStream:10.1.0.196:15024|priority:0|startupRole:FOLLOWER, fac1c7af-03c1-44bd-b323-3796df9c2435|rpc:10.1.0.196:15014|admin:10.1.0.196:15013|client:10.1.0.196:15012|dataStream:10.1.0.196:15015|priority:0|startupRole:FOLLOWER]|listeners:[], old=null, confs=<EMPTY_MAP>
2023-06-01 19:11:08,700 [c686f304-079c-4e24-9d21-fd4c36dc1242-groupManagement] INFO  server.RaftServerConfigKeys (ConfUtils.java:logGet(46)) - raft.server.storage.dir = [/home/runner/work/ozone/ozone/hadoop-ozone/integration-test/target/test-dir/MiniOzoneClusterImpl-59aba430-7466-43cf-ac60-ffcd1bd17169/datanode-1/data/ratis] (custom)
2023-06-01 19:11:08,700 [c686f304-079c-4e24-9d21-fd4c36dc1242-groupManagement] INFO  server.RaftServerConfigKeys (ConfUtils.java:logGet(46)) - raft.server.log.corruption.policy = EXCEPTION (default)
2023-06-01 19:11:08,700 [c686f304-079c-4e24-9d21-fd4c36dc1242-groupManagement] INFO  server.RaftServerConfigKeys (ConfUtils.java:logGet(46)) - raft.server.storage.free-space.min = 0MB (=0) (default)
2023-06-01 19:11:08,700 [c686f304-079c-4e24-9d21-fd4c36dc1242-groupManagement] INFO  server.RaftServerConfigKeys (ConfUtils.java:logGet(46)) - raft.server.notification.no-leader.timeout = 300s (custom)
2023-06-01 19:11:08,700 [c686f304-079c-4e24-9d21-fd4c36dc1242-groupManagement] INFO  server.RaftServerConfigKeys (ConfUtils.java:logGet(46)) - raft.server.read.timeout = 10s (default)
2023-06-01 19:11:08,701 [c686f304-079c-4e24-9d21-fd4c36dc1242-groupManagement] INFO  server.RaftServerConfigKeys (ConfUtils.java:logGet(46)) - raft.server.retrycache.expirytime = 600000ms (custom)
2023-06-01 19:11:08,701 [c686f304-079c-4e24-9d21-fd4c36dc1242-groupManagement] INFO  server.RaftServerConfigKeys (ConfUtils.java:logGet(46)) - raft.server.retrycache.statistics.expirytime = 100μs (default)
2023-06-01 19:11:08,701 [c686f304-079c-4e24-9d21-fd4c36dc1242-groupManagement] INFO  server.RaftServerConfigKeys (ConfUtils.java:logGet(46)) - raft.server.read.option = DEFAULT (default)
2023-06-01 19:11:08,702 [PipelineCommandHandlerThread-0] INFO  server.RaftServer (RaftServerProxy.java:addNew(98)) - c686f304-079c-4e24-9d21-fd4c36dc1242: addNew group-AD45264E1594:[c686f304-079c-4e24-9d21-fd4c36dc1242|rpc:10.1.0.196:15023|admin:10.1.0.196:15022|client:10.1.0.196:15021|dataStream:10.1.0.196:15024|priority:1|startupRole:FOLLOWER] returns group-AD45264E1594:java.util.concurrent.CompletableFuture@3b55df2e[Not completed]
2023-06-01 19:11:08,710 [c686f304-079c-4e24-9d21-fd4c36dc1242-groupManagement] INFO  server.RaftServerConfigKeys (ConfUtils.java:logGet(46)) - raft.server.rpc.request.timeout = 60s (custom)
2023-06-01 19:11:08,711 [c686f304-079c-4e24-9d21-fd4c36dc1242-groupManagement] INFO  server.RaftServerConfigKeys (ConfUtils.java:logGet(46)) - raft.server.log.appender.install.snapshot.enabled = false (custom)
2023-06-01 19:11:08,711 [c686f304-079c-4e24-9d21-fd4c36dc1242-groupManagement] INFO  server.RaftServerConfigKeys (ConfUtils.java:logGet(46)) - raft.server.threadpool.server.cached = true (default)
2023-06-01 19:11:08,711 [c686f304-079c-4e24-9d21-fd4c36dc1242-groupManagement] INFO  server.RaftServerConfigKeys (ConfUtils.java:logGet(46)) - raft.server.threadpool.server.size = 0 (default)
2023-06-01 19:11:08,711 [c686f304-079c-4e24-9d21-fd4c36dc1242-groupManagement] INFO  server.RaftServerConfigKeys (ConfUtils.java:logGet(46)) - raft.server.threadpool.client.cached = true (default)
2023-06-01 19:11:08,711 [c686f304-079c-4e24-9d21-fd4c36dc1242-groupManagement] INFO  server.RaftServerConfigKeys (ConfUtils.java:logGet(46)) - raft.server.threadpool.client.size = 0 (default)
2023-06-01 19:11:08,713 [c686f304-079c-4e24-9d21-fd4c36dc1242-groupManagement] INFO  server.RaftServer$Division (RaftServerImpl.java:<init>(198)) - c686f304-079c-4e24-9d21-fd4c36dc1242: new RaftServerImpl for group-AD45264E1594:[c686f304-079c-4e24-9d21-fd4c36dc1242|rpc:10.1.0.196:15023|admin:10.1.0.196:15022|client:10.1.0.196:15021|dataStream:10.1.0.196:15024|priority:1|startupRole:FOLLOWER] with ContainerStateMachine:uninitialized
2023-06-01 19:11:08,713 [c686f304-079c-4e24-9d21-fd4c36dc1242-groupManagement] INFO  server.RaftServerConfigKeys (ConfUtils.java:logGet(46)) - raft.server.rpc.timeout.min = 5s (custom)
2023-06-01 19:11:08,713 [c686f304-079c-4e24-9d21-fd4c36dc1242-groupManagement] INFO  server.RaftServerConfigKeys (ConfUtils.java:logGet(46)) - raft.server.rpc.timeout.max = 5200ms (custom)
2023-06-01 19:11:08,713 [c686f304-079c-4e24-9d21-fd4c36dc1242-groupManagement] INFO  server.RaftServerConfigKeys (ConfUtils.java:logGet(46)) - raft.server.rpc.sleep.time = 25ms (default)
2023-06-01 19:11:08,714 [c686f304-079c-4e24-9d21-fd4c36dc1242-groupManagement] INFO  server.RaftServerConfigKeys (ConfUtils.java:logGet(46)) - raft.server.rpc.slowness.timeout = 300s (custom)
2023-06-01 19:11:08,714 [c686f304-079c-4e24-9d21-fd4c36dc1242-groupManagement] INFO  server.RaftServerConfigKeys (ConfUtils.java:logGet(46)) - raft.server.leaderelection.leader.step-down.wait-time = 10s (default)
2023-06-01 19:11:08,714 [c686f304-079c-4e24-9d21-fd4c36dc1242-groupManagement] INFO  server.RaftServerConfigKeys (ConfUtils.java:logGet(46)) - raft.server.sleep.deviation.threshold = 300ms (default)
2023-06-01 19:11:08,714 [c686f304-079c-4e24-9d21-fd4c36dc1242-groupManagement] INFO  server.RaftServer$Division (ServerState.java:<init>(120)) - c686f304-079c-4e24-9d21-fd4c36dc1242@group-AD45264E1594: ConfigurationManager, init=-1: peers:[c686f304-079c-4e24-9d21-fd4c36dc1242|rpc:10.1.0.196:15023|admin:10.1.0.196:15022|client:10.1.0.196:15021|dataStream:10.1.0.196:15024|priority:1|startupRole:FOLLOWER]|listeners:[], old=null, confs=<EMPTY_MAP>
2023-06-01 19:11:08,714 [c686f304-079c-4e24-9d21-fd4c36dc1242-groupManagement] INFO  server.RaftServerConfigKeys (ConfUtils.java:logGet(46)) - raft.server.storage.dir = [/home/runner/work/ozone/ozone/hadoop-ozone/integration-test/target/test-dir/MiniOzoneClusterImpl-59aba430-7466-43cf-ac60-ffcd1bd17169/datanode-1/data/ratis] (custom)
2023-06-01 19:11:08,714 [c686f304-079c-4e24-9d21-fd4c36dc1242-groupManagement] INFO  server.RaftServerConfigKeys (ConfUtils.java:logGet(46)) - raft.server.log.corruption.policy = EXCEPTION (default)
2023-06-01 19:11:08,714 [c686f304-079c-4e24-9d21-fd4c36dc1242-groupManagement] INFO  server.RaftServerConfigKeys (ConfUtils.java:logGet(46)) - raft.server.storage.free-space.min = 0MB (=0) (default)
2023-06-01 19:11:08,714 [c686f304-079c-4e24-9d21-fd4c36dc1242-groupManagement] INFO  server.RaftServerConfigKeys (ConfUtils.java:logGet(46)) - raft.server.notification.no-leader.timeout = 300s (custom)
2023-06-01 19:11:08,714 [c686f304-079c-4e24-9d21-fd4c36dc1242-groupManagement] INFO  server.RaftServerConfigKeys (ConfUtils.java:logGet(46)) - raft.server.read.timeout = 10s (default)
2023-06-01 19:11:08,714 [c686f304-079c-4e24-9d21-fd4c36dc1242-groupManagement] INFO  server.RaftServerConfigKeys (ConfUtils.java:logGet(46)) - raft.server.retrycache.expirytime = 600000ms (custom)
2023-06-01 19:11:08,714 [c686f304-079c-4e24-9d21-fd4c36dc1242-groupManagement] INFO  server.RaftServerConfigKeys (ConfUtils.java:logGet(46)) - raft.server.retrycache.statistics.expirytime = 100μs (default)
2023-06-01 19:11:08,714 [c686f304-079c-4e24-9d21-fd4c36dc1242-groupManagement] INFO  server.RaftServerConfigKeys (ConfUtils.java:logGet(46)) - raft.server.read.option = DEFAULT (default)
2023-06-01 19:11:08,718 [c686f304-079c-4e24-9d21-fd4c36dc1242-groupManagement] INFO  server.RaftServerConfigKeys (ConfUtils.java:logGet(46)) - raft.server.rpc.request.timeout = 60s (custom)
2023-06-01 19:11:08,718 [c686f304-079c-4e24-9d21-fd4c36dc1242-groupManagement] INFO  server.RaftServerConfigKeys (ConfUtils.java:logGet(46)) - raft.server.log.appender.install.snapshot.enabled = false (custom)
2023-06-01 19:11:08,719 [c686f304-079c-4e24-9d21-fd4c36dc1242-groupManagement] INFO  server.RaftServerConfigKeys (ConfUtils.java:logGet(46)) - raft.server.threadpool.server.cached = true (default)
2023-06-01 19:11:08,719 [c686f304-079c-4e24-9d21-fd4c36dc1242-groupManagement] INFO  server.RaftServerConfigKeys (ConfUtils.java:logGet(46)) - raft.server.threadpool.server.size = 0 (default)
2023-06-01 19:11:08,719 [c686f304-079c-4e24-9d21-fd4c36dc1242-groupManagement] INFO  server.RaftServerConfigKeys (ConfUtils.java:logGet(46)) - raft.server.threadpool.client.cached = true (default)
2023-06-01 19:11:08,719 [c686f304-079c-4e24-9d21-fd4c36dc1242-groupManagement] INFO  server.RaftServerConfigKeys (ConfUtils.java:logGet(46)) - raft.server.threadpool.client.size = 0 (default)
2023-06-01 19:11:08,719 [c686f304-079c-4e24-9d21-fd4c36dc1242-groupManagement] INFO  storage.RaftStorageDirectory (RaftStorageDirectoryImpl.java:analyzeStorage(137)) - The storage directory /home/runner/work/ozone/ozone/hadoop-ozone/integration-test/target/test-dir/MiniOzoneClusterImpl-59aba430-7466-43cf-ac60-ffcd1bd17169/datanode-1/data/ratis/793e092b-6040-4f80-b54d-aeb6f4c7e190 does not exist. Creating ...
2023-06-01 19:11:08,722 [c686f304-079c-4e24-9d21-fd4c36dc1242-groupManagement] INFO  storage.RaftStorageDirectory (RaftStorageDirectoryImpl.java:tryLock(231)) - Lock on /home/runner/work/ozone/ozone/hadoop-ozone/integration-test/target/test-dir/MiniOzoneClusterImpl-59aba430-7466-43cf-ac60-ffcd1bd17169/datanode-1/data/ratis/793e092b-6040-4f80-b54d-aeb6f4c7e190/in_use.lock acquired by nodename 16224@fv-az163-187
2023-06-01 19:11:08,724 [c686f304-079c-4e24-9d21-fd4c36dc1242-groupManagement] INFO  storage.RaftStorage (RaftStorageImpl.java:format(96)) - Storage directory /home/runner/work/ozone/ozone/hadoop-ozone/integration-test/target/test-dir/MiniOzoneClusterImpl-59aba430-7466-43cf-ac60-ffcd1bd17169/datanode-1/data/ratis/793e092b-6040-4f80-b54d-aeb6f4c7e190 has been successfully formatted.
2023-06-01 19:11:08,724 [c686f304-079c-4e24-9d21-fd4c36dc1242-groupManagement] INFO  ratis.ContainerStateMachine (ContainerStateMachine.java:loadSnapshot(262)) - group-AEB6F4C7E190: The snapshot info is null. Setting the last applied indexto:(t:0, i:~)
2023-06-01 19:11:08,726 [c686f304-079c-4e24-9d21-fd4c36dc1242-groupManagement] INFO  server.RaftServerConfigKeys (ConfUtils.java:logGet(46)) - raft.server.log.use.memory = false (default)
2023-06-01 19:11:08,726 [c686f304-079c-4e24-9d21-fd4c36dc1242-groupManagement] INFO  server.RaftServerConfigKeys (ConfUtils.java:logGet(46)) - raft.server.log.purge.gap = 1000000 (custom)
2023-06-01 19:11:08,726 [c686f304-079c-4e24-9d21-fd4c36dc1242-groupManagement] INFO  server.RaftServerConfigKeys (ConfUtils.java:logGet(46)) - raft.server.log.appender.buffer.byte-limit = 33554432 (custom)
2023-06-01 19:11:08,726 [c686f304-079c-4e24-9d21-fd4c36dc1242-groupManagement] INFO  server.RaftServerConfigKeys (ConfUtils.java:logGet(46)) - raft.server.log.statemachine.data.read.timeout = 1000ms (default)
2023-06-01 19:11:08,726 [c686f304-079c-4e24-9d21-fd4c36dc1242-groupManagement] INFO  server.RaftServerConfigKeys (ConfUtils.java:logGet(46)) - raft.server.log.purge.preservation.log.num = 0 (default)
2023-06-01 19:11:08,728 [EventQueue-PipelineReportForPipelineReportHandler] INFO  pipeline.PipelineManagerImpl (PipelineManagerImpl.java:openPipeline(367)) - Pipeline Pipeline[ Id: de118bbd-fbb1-4989-a1ff-ad45264e1594, Nodes: c686f304-079c-4e24-9d21-fd4c36dc1242(fv-az163-187.kzyshwy3mise5klwsllqwzgzyb.cx.internal.cloudapp.net/10.1.0.196), ReplicationConfig: RATIS/ONE, State:ALLOCATED, leaderId:c686f304-079c-4e24-9d21-fd4c36dc1242, CreationTimestamp2023-06-01T19:11:05.678Z[Etc/UTC]] moved to OPEN state
2023-06-01 19:11:08,729 [EventQueue-OpenPipelineForHealthyPipelineSafeModeRule] INFO  safemode.SCMSafeModeManager (HealthyPipelineSafeModeRule.java:process(137)) - SCM in safe mode. Healthy pipelines reported count is 0, required healthy pipeline reported count is 1
2023-06-01 19:11:08,729 [c686f304-079c-4e24-9d21-fd4c36dc1242-groupManagement] INFO  server.RaftServerConfigKeys (ConfUtils.java:logGet(46)) - raft.server.log.segment.size.max = 1048576 (custom)
2023-06-01 19:11:08,729 [c686f304-079c-4e24-9d21-fd4c36dc1242-groupManagement] INFO  server.RaftServerConfigKeys (ConfUtils.java:logGet(46)) - raft.server.log.segment.cache.num.max = 2 (custom)
2023-06-01 19:11:08,729 [c686f304-079c-4e24-9d21-fd4c36dc1242-groupManagement] INFO  server.RaftServerConfigKeys (ConfUtils.java:logGet(46)) - raft.server.log.segment.cache.size.max = 200MB (=209715200) (default)
2023-06-01 19:11:08,729 [c686f304-079c-4e24-9d21-fd4c36dc1242-groupManagement] INFO  server.RaftServerConfigKeys (ConfUtils.java:logGet(46)) - raft.server.log.appender.buffer.byte-limit = 33554432 (custom)
2023-06-01 19:11:08,729 [c686f304-079c-4e24-9d21-fd4c36dc1242-groupManagement] INFO  segmented.SegmentedRaftLogWorker (SegmentedRaftLogWorker.java:<init>(188)) - new c686f304-079c-4e24-9d21-fd4c36dc1242@group-AEB6F4C7E190-SegmentedRaftLogWorker for RaftStorageImpl:Storage Directory /home/runner/work/ozone/ozone/hadoop-ozone/integration-test/target/test-dir/MiniOzoneClusterImpl-59aba430-7466-43cf-ac60-ffcd1bd17169/datanode-1/data/ratis/793e092b-6040-4f80-b54d-aeb6f4c7e190
2023-06-01 19:11:08,730 [c686f304-079c-4e24-9d21-fd4c36dc1242-groupManagement] INFO  server.RaftServerConfigKeys (ConfUtils.java:logGet(46)) - raft.server.log.queue.byte-limit = 4294967296 (custom)
2023-06-01 19:11:08,730 [c686f304-079c-4e24-9d21-fd4c36dc1242-groupManagement] INFO  server.RaftServerConfigKeys (ConfUtils.java:logGet(46)) - raft.server.log.queue.element-limit = 1024 (custom)
2023-06-01 19:11:08,730 [c686f304-079c-4e24-9d21-fd4c36dc1242-groupManagement] INFO  server.RaftServerConfigKeys (ConfUtils.java:logGet(46)) - raft.server.log.segment.size.max = 1048576 (custom)
2023-06-01 19:11:08,730 [c686f304-079c-4e24-9d21-fd4c36dc1242-groupManagement] INFO  server.RaftServerConfigKeys (ConfUtils.java:logGet(46)) - raft.server.log.preallocated.size = 16384 (custom)
2023-06-01 19:11:08,730 [c686f304-079c-4e24-9d21-fd4c36dc1242-groupManagement] INFO  server.RaftServerConfigKeys (ConfUtils.java:logGet(46)) - raft.server.log.force.sync.num = 128 (default)
2023-06-01 19:11:08,730 [c686f304-079c-4e24-9d21-fd4c36dc1242-groupManagement] INFO  server.RaftServerConfigKeys (ConfUtils.java:logGet(46)) - raft.server.log.statemachine.data.sync = true (default)
2023-06-01 19:11:08,730 [c686f304-079c-4e24-9d21-fd4c36dc1242-groupManagement] INFO  server.RaftServerConfigKeys (ConfUtils.java:logGet(46)) - raft.server.log.statemachine.data.sync.timeout = 10s (default)
2023-06-01 19:11:08,730 [c686f304-079c-4e24-9d21-fd4c36dc1242-groupManagement] INFO  server.RaftServerConfigKeys (ConfUtils.java:logGet(46)) - raft.server.log.statemachine.data.sync.timeout.retry = -1 (default)
2023-06-01 19:11:08,731 [c686f304-079c-4e24-9d21-fd4c36dc1242-groupManagement] INFO  server.RaftServerConfigKeys (ConfUtils.java:logGet(46)) - raft.server.log.write.buffer.size = 1048576 (custom)
2023-06-01 19:11:08,731 [c686f304-079c-4e24-9d21-fd4c36dc1242-groupManagement] INFO  server.RaftServerConfigKeys (ConfUtils.java:logGet(46)) - raft.server.log.appender.buffer.byte-limit = 33554432 (custom)
2023-06-01 19:11:08,735 [c686f304-079c-4e24-9d21-fd4c36dc1242-groupManagement] INFO  server.RaftServerConfigKeys (ConfUtils.java:logGet(46)) - raft.server.log.unsafe-flush.enabled = false (default)
2023-06-01 19:11:08,735 [c686f304-079c-4e24-9d21-fd4c36dc1242-groupManagement] INFO  server.RaftServerConfigKeys (ConfUtils.java:logGet(46)) - raft.server.log.async-flush.enabled = false (default)
2023-06-01 19:11:08,735 [c686f304-079c-4e24-9d21-fd4c36dc1242-groupManagement] INFO  server.RaftServerConfigKeys (ConfUtils.java:logGet(46)) - raft.server.log.statemachine.data.caching.enabled = true (custom)
2023-06-01 19:11:08,735 [c686f304-079c-4e24-9d21-fd4c36dc1242-groupManagement] INFO  segmented.SegmentedRaftLogWorker (SegmentedRaftLogWorker.java:lambda$new$0(135)) - c686f304-079c-4e24-9d21-fd4c36dc1242@group-AEB6F4C7E190-SegmentedRaftLogWorker: flushIndex: setUnconditionally 0 -> -1
2023-06-01 19:11:08,735 [c686f304-079c-4e24-9d21-fd4c36dc1242-groupManagement] INFO  segmented.SegmentedRaftLogWorker (SegmentedRaftLogWorker.java:lambda$new$0(135)) - c686f304-079c-4e24-9d21-fd4c36dc1242@group-AEB6F4C7E190-SegmentedRaftLogWorker: safeCacheEvictIndex: setUnconditionally 0 -> -1
2023-06-01 19:11:08,735 [c686f304-079c-4e24-9d21-fd4c36dc1242-groupManagement] INFO  server.RaftServer$Division (RaftServerImpl.java:start(342)) - c686f304-079c-4e24-9d21-fd4c36dc1242@group-AEB6F4C7E190: start as a follower, conf=-1: peers:[d78dd883-3e4c-45aa-98b2-e8ffdf2e22af|rpc:10.1.0.196:15032|admin:10.1.0.196:15031|client:10.1.0.196:15030|dataStream:10.1.0.196:15033|priority:1|startupRole:FOLLOWER, c686f304-079c-4e24-9d21-fd4c36dc1242|rpc:10.1.0.196:15023|admin:10.1.0.196:15022|client:10.1.0.196:15021|dataStream:10.1.0.196:15024|priority:0|startupRole:FOLLOWER, fac1c7af-03c1-44bd-b323-3796df9c2435|rpc:10.1.0.196:15014|admin:10.1.0.196:15013|client:10.1.0.196:15012|dataStream:10.1.0.196:15015|priority:0|startupRole:FOLLOWER]|listeners:[], old=null
2023-06-01 19:11:08,735 [c686f304-079c-4e24-9d21-fd4c36dc1242-groupManagement] INFO  server.RaftServer$Division (RaftServerImpl.java:setRole(329)) - c686f304-079c-4e24-9d21-fd4c36dc1242@group-AEB6F4C7E190: changes role from      null to FOLLOWER at term 0 for startAsFollower
2023-06-01 19:11:08,735 [c686f304-079c-4e24-9d21-fd4c36dc1242-groupManagement] INFO  impl.RoleInfo (RoleInfo.java:updateAndGet(139)) - c686f304-079c-4e24-9d21-fd4c36dc1242: start c686f304-079c-4e24-9d21-fd4c36dc1242@group-AEB6F4C7E190-FollowerState
2023-06-01 19:11:08,747 [c686f304-079c-4e24-9d21-fd4c36dc1242@group-AEB6F4C7E190-FollowerState] INFO  server.RaftServerConfigKeys (ConfUtils.java:logFallback(53)) - raft.server.rpc.first-election.timeout.min = 5s (fallback to raft.server.rpc.timeout.min)
2023-06-01 19:11:08,748 [c686f304-079c-4e24-9d21-fd4c36dc1242@group-AEB6F4C7E190-FollowerState] INFO  server.RaftServerConfigKeys (ConfUtils.java:logFallback(53)) - raft.server.rpc.first-election.timeout.max = 5200ms (fallback to raft.server.rpc.timeout.max)
2023-06-01 19:11:08,736 [c686f304-079c-4e24-9d21-fd4c36dc1242-groupManagement] INFO  util.JmxRegister (JmxRegister.java:tryRegister(44)) - Successfully registered JMX Bean with object name Ratis:service=RaftServer,group=group-AEB6F4C7E190,id=c686f304-079c-4e24-9d21-fd4c36dc1242
2023-06-01 19:11:08,748 [c686f304-079c-4e24-9d21-fd4c36dc1242-groupManagement] INFO  server.RaftServerConfigKeys (ConfUtils.java:logGet(46)) - raft.server.snapshot.auto.trigger.enabled = true (custom)
2023-06-01 19:11:08,748 [c686f304-079c-4e24-9d21-fd4c36dc1242-groupManagement] INFO  server.RaftServerConfigKeys (ConfUtils.java:logGet(46)) - raft.server.snapshot.auto.trigger.threshold = 10000 (custom)
2023-06-01 19:11:08,748 [c686f304-079c-4e24-9d21-fd4c36dc1242-groupManagement] INFO  server.RaftServerConfigKeys (ConfUtils.java:logGet(46)) - raft.server.snapshot.retention.file.num = 5 (custom)
2023-06-01 19:11:08,748 [c686f304-079c-4e24-9d21-fd4c36dc1242-groupManagement] INFO  server.RaftServerConfigKeys (ConfUtils.java:logGet(46)) - raft.server.log.purge.upto.snapshot.index = false (default)
2023-06-01 19:11:08,753 [c686f304-079c-4e24-9d21-fd4c36dc1242-groupManagement] INFO  storage.RaftStorageDirectory (RaftStorageDirectoryImpl.java:analyzeStorage(137)) - The storage directory /home/runner/work/ozone/ozone/hadoop-ozone/integration-test/target/test-dir/MiniOzoneClusterImpl-59aba430-7466-43cf-ac60-ffcd1bd17169/datanode-1/data/ratis/de118bbd-fbb1-4989-a1ff-ad45264e1594 does not exist. Creating ...
2023-06-01 19:11:08,755 [c686f304-079c-4e24-9d21-fd4c36dc1242-groupManagement] INFO  storage.RaftStorageDirectory (RaftStorageDirectoryImpl.java:tryLock(231)) - Lock on /home/runner/work/ozone/ozone/hadoop-ozone/integration-test/target/test-dir/MiniOzoneClusterImpl-59aba430-7466-43cf-ac60-ffcd1bd17169/datanode-1/data/ratis/de118bbd-fbb1-4989-a1ff-ad45264e1594/in_use.lock acquired by nodename 16224@fv-az163-187
2023-06-01 19:11:08,756 [c686f304-079c-4e24-9d21-fd4c36dc1242-groupManagement] INFO  storage.RaftStorage (RaftStorageImpl.java:format(96)) - Storage directory /home/runner/work/ozone/ozone/hadoop-ozone/integration-test/target/test-dir/MiniOzoneClusterImpl-59aba430-7466-43cf-ac60-ffcd1bd17169/datanode-1/data/ratis/de118bbd-fbb1-4989-a1ff-ad45264e1594 has been successfully formatted.
2023-06-01 19:11:08,756 [c686f304-079c-4e24-9d21-fd4c36dc1242-groupManagement] INFO  ratis.ContainerStateMachine (ContainerStateMachine.java:loadSnapshot(262)) - group-AD45264E1594: The snapshot info is null. Setting the last applied indexto:(t:0, i:~)
2023-06-01 19:11:08,756 [c686f304-079c-4e24-9d21-fd4c36dc1242-groupManagement] INFO  server.RaftServerConfigKeys (ConfUtils.java:logGet(46)) - raft.server.log.use.memory = false (default)
2023-06-01 19:11:08,756 [c686f304-079c-4e24-9d21-fd4c36dc1242-groupManagement] INFO  server.RaftServerConfigKeys (ConfUtils.java:logGet(46)) - raft.server.log.purge.gap = 1000000 (custom)
2023-06-01 19:11:08,756 [c686f304-079c-4e24-9d21-fd4c36dc1242-groupManagement] INFO  server.RaftServerConfigKeys (ConfUtils.java:logGet(46)) - raft.server.log.appender.buffer.byte-limit = 33554432 (custom)
2023-06-01 19:11:08,756 [c686f304-079c-4e24-9d21-fd4c36dc1242-groupManagement] INFO  server.RaftServerConfigKeys (ConfUtils.java:logGet(46)) - raft.server.log.statemachine.data.read.timeout = 1000ms (default)
2023-06-01 19:11:08,756 [c686f304-079c-4e24-9d21-fd4c36dc1242-groupManagement] INFO  server.RaftServerConfigKeys (ConfUtils.java:logGet(46)) - raft.server.log.purge.preservation.log.num = 0 (default)
2023-06-01 19:11:08,757 [c686f304-079c-4e24-9d21-fd4c36dc1242-groupManagement] INFO  server.RaftServerConfigKeys (ConfUtils.java:logGet(46)) - raft.server.log.segment.size.max = 1048576 (custom)
2023-06-01 19:11:08,757 [c686f304-079c-4e24-9d21-fd4c36dc1242-groupManagement] INFO  server.RaftServerConfigKeys (ConfUtils.java:logGet(46)) - raft.server.log.segment.cache.num.max = 2 (custom)
2023-06-01 19:11:08,757 [c686f304-079c-4e24-9d21-fd4c36dc1242-groupManagement] INFO  server.RaftServerConfigKeys (ConfUtils.java:logGet(46)) - raft.server.log.segment.cache.size.max = 200MB (=209715200) (default)
2023-06-01 19:11:08,757 [c686f304-079c-4e24-9d21-fd4c36dc1242-groupManagement] INFO  server.RaftServerConfigKeys (ConfUtils.java:logGet(46)) - raft.server.log.appender.buffer.byte-limit = 33554432 (custom)
2023-06-01 19:11:08,757 [c686f304-079c-4e24-9d21-fd4c36dc1242-groupManagement] INFO  segmented.SegmentedRaftLogWorker (SegmentedRaftLogWorker.java:<init>(188)) - new c686f304-079c-4e24-9d21-fd4c36dc1242@group-AD45264E1594-SegmentedRaftLogWorker for RaftStorageImpl:Storage Directory /home/runner/work/ozone/ozone/hadoop-ozone/integration-test/target/test-dir/MiniOzoneClusterImpl-59aba430-7466-43cf-ac60-ffcd1bd17169/datanode-1/data/ratis/de118bbd-fbb1-4989-a1ff-ad45264e1594
2023-06-01 19:11:08,757 [c686f304-079c-4e24-9d21-fd4c36dc1242-groupManagement] INFO  server.RaftServerConfigKeys (ConfUtils.java:logGet(46)) - raft.server.log.queue.byte-limit = 4294967296 (custom)
2023-06-01 19:11:08,757 [c686f304-079c-4e24-9d21-fd4c36dc1242-groupManagement] INFO  server.RaftServerConfigKeys (ConfUtils.java:logGet(46)) - raft.server.log.queue.element-limit = 1024 (custom)
2023-06-01 19:11:08,757 [c686f304-079c-4e24-9d21-fd4c36dc1242-groupManagement] INFO  server.RaftServerConfigKeys (ConfUtils.java:logGet(46)) - raft.server.log.segment.size.max = 1048576 (custom)
2023-06-01 19:11:08,757 [c686f304-079c-4e24-9d21-fd4c36dc1242-groupManagement] INFO  server.RaftServerConfigKeys (ConfUtils.java:logGet(46)) - raft.server.log.preallocated.size = 16384 (custom)
2023-06-01 19:11:08,757 [c686f304-079c-4e24-9d21-fd4c36dc1242-groupManagement] INFO  server.RaftServerConfigKeys (ConfUtils.java:logGet(46)) - raft.server.log.force.sync.num = 128 (default)
2023-06-01 19:11:08,757 [c686f304-079c-4e24-9d21-fd4c36dc1242-groupManagement] INFO  server.RaftServerConfigKeys (ConfUtils.java:logGet(46)) - raft.server.log.statemachine.data.sync = true (default)
2023-06-01 19:11:08,757 [c686f304-079c-4e24-9d21-fd4c36dc1242-groupManagement] INFO  server.RaftServerConfigKeys (ConfUtils.java:logGet(46)) - raft.server.log.statemachine.data.sync.timeout = 10s (default)
2023-06-01 19:11:08,757 [c686f304-079c-4e24-9d21-fd4c36dc1242-groupManagement] INFO  server.RaftServerConfigKeys (ConfUtils.java:logGet(46)) - raft.server.log.statemachine.data.sync.timeout.retry = -1 (default)
2023-06-01 19:11:08,758 [c686f304-079c-4e24-9d21-fd4c36dc1242-groupManagement] INFO  server.RaftServerConfigKeys (ConfUtils.java:logGet(46)) - raft.server.log.write.buffer.size = 1048576 (custom)
2023-06-01 19:11:08,759 [c686f304-079c-4e24-9d21-fd4c36dc1242-groupManagement] INFO  server.RaftServerConfigKeys (ConfUtils.java:logGet(46)) - raft.server.log.appender.buffer.byte-limit = 33554432 (custom)
2023-06-01 19:11:08,764 [c686f304-079c-4e24-9d21-fd4c36dc1242-groupManagement] INFO  server.RaftServerConfigKeys (ConfUtils.java:logGet(46)) - raft.server.log.unsafe-flush.enabled = false (default)
2023-06-01 19:11:08,764 [c686f304-079c-4e24-9d21-fd4c36dc1242-groupManagement] INFO  server.RaftServerConfigKeys (ConfUtils.java:logGet(46)) - raft.server.log.async-flush.enabled = false (default)
2023-06-01 19:11:08,764 [c686f304-079c-4e24-9d21-fd4c36dc1242-groupManagement] INFO  server.RaftServerConfigKeys (ConfUtils.java:logGet(46)) - raft.server.log.statemachine.data.caching.enabled = true (custom)
2023-06-01 19:11:08,764 [c686f304-079c-4e24-9d21-fd4c36dc1242-groupManagement] INFO  segmented.SegmentedRaftLogWorker (SegmentedRaftLogWorker.java:lambda$new$0(135)) - c686f304-079c-4e24-9d21-fd4c36dc1242@group-AD45264E1594-SegmentedRaftLogWorker: flushIndex: setUnconditionally 0 -> -1
2023-06-01 19:11:08,764 [c686f304-079c-4e24-9d21-fd4c36dc1242-groupManagement] INFO  segmented.SegmentedRaftLogWorker (SegmentedRaftLogWorker.java:lambda$new$0(135)) - c686f304-079c-4e24-9d21-fd4c36dc1242@group-AD45264E1594-SegmentedRaftLogWorker: safeCacheEvictIndex: setUnconditionally 0 -> -1
2023-06-01 19:11:08,765 [EventQueue-OpenPipelineForHealthyPipelineSafeModeRule] INFO  safemode.SCMSafeModeManager (HealthyPipelineSafeModeRule.java:process(137)) - SCM in safe mode. Healthy pipelines reported count is 0, required healthy pipeline reported count is 1
2023-06-01 19:11:08,765 [c686f304-079c-4e24-9d21-fd4c36dc1242-groupManagement] INFO  server.RaftServer$Division (RaftServerImpl.java:start(342)) - c686f304-079c-4e24-9d21-fd4c36dc1242@group-AD45264E1594: start as a follower, conf=-1: peers:[c686f304-079c-4e24-9d21-fd4c36dc1242|rpc:10.1.0.196:15023|admin:10.1.0.196:15022|client:10.1.0.196:15021|dataStream:10.1.0.196:15024|priority:1|startupRole:FOLLOWER]|listeners:[], old=null
2023-06-01 19:11:08,766 [c686f304-079c-4e24-9d21-fd4c36dc1242-groupManagement] INFO  server.RaftServer$Division (RaftServerImpl.java:setRole(329)) - c686f304-079c-4e24-9d21-fd4c36dc1242@group-AD45264E1594: changes role from      null to FOLLOWER at term 0 for startAsFollower
2023-06-01 19:11:08,766 [c686f304-079c-4e24-9d21-fd4c36dc1242-groupManagement] INFO  impl.RoleInfo (RoleInfo.java:updateAndGet(139)) - c686f304-079c-4e24-9d21-fd4c36dc1242: start c686f304-079c-4e24-9d21-fd4c36dc1242@group-AD45264E1594-FollowerState
2023-06-01 19:11:08,766 [c686f304-079c-4e24-9d21-fd4c36dc1242-groupManagement] INFO  util.JmxRegister (JmxRegister.java:tryRegister(44)) - Successfully registered JMX Bean with object name Ratis:service=RaftServer,group=group-AD45264E1594,id=c686f304-079c-4e24-9d21-fd4c36dc1242
2023-06-01 19:11:08,766 [c686f304-079c-4e24-9d21-fd4c36dc1242-groupManagement] INFO  server.RaftServerConfigKeys (ConfUtils.java:logGet(46)) - raft.server.snapshot.auto.trigger.enabled = true (custom)
2023-06-01 19:11:08,766 [c686f304-079c-4e24-9d21-fd4c36dc1242-groupManagement] INFO  server.RaftServerConfigKeys (ConfUtils.java:logGet(46)) - raft.server.snapshot.auto.trigger.threshold = 10000 (custom)
2023-06-01 19:11:08,766 [c686f304-079c-4e24-9d21-fd4c36dc1242-groupManagement] INFO  server.RaftServerConfigKeys (ConfUtils.java:logGet(46)) - raft.server.snapshot.retention.file.num = 5 (custom)
2023-06-01 19:11:08,766 [c686f304-079c-4e24-9d21-fd4c36dc1242-groupManagement] INFO  server.RaftServerConfigKeys (ConfUtils.java:logGet(46)) - raft.server.log.purge.upto.snapshot.index = false (default)
2023-06-01 19:11:08,771 [c686f304-079c-4e24-9d21-fd4c36dc1242@group-AD45264E1594-FollowerState] INFO  server.RaftServerConfigKeys (ConfUtils.java:logFallback(53)) - raft.server.rpc.first-election.timeout.min = 5s (fallback to raft.server.rpc.timeout.min)
2023-06-01 19:11:08,771 [c686f304-079c-4e24-9d21-fd4c36dc1242@group-AD45264E1594-FollowerState] INFO  server.RaftServerConfigKeys (ConfUtils.java:logFallback(53)) - raft.server.rpc.first-election.timeout.max = 5200ms (fallback to raft.server.rpc.timeout.max)
2023-06-01 19:11:08,775 [PipelineCommandHandlerThread-0] INFO  ratis.XceiverServerRatis (XceiverServerRatis.java:addGroup(804)) - Created group PipelineID=de118bbd-fbb1-4989-a1ff-ad45264e1594
2023-06-01 19:11:08,775 [PipelineCommandHandlerThread-0] INFO  commandhandler.CreatePipelineCommandHandler (CreatePipelineCommandHandler.java:lambda$handle$2(124)) - Created Pipeline RATIS ONE PipelineID=de118bbd-fbb1-4989-a1ff-ad45264e1594.
2023-06-01 19:11:08,777 [PipelineCommandHandlerThread-0] INFO  server.RaftServer (RaftServerProxy.java:addNew(98)) - c686f304-079c-4e24-9d21-fd4c36dc1242: addNew group-E89CD66131D1:[d78dd883-3e4c-45aa-98b2-e8ffdf2e22af|rpc:10.1.0.196:15032|admin:10.1.0.196:15031|client:10.1.0.196:15030|dataStream:10.1.0.196:15033|priority:0|startupRole:FOLLOWER, fac1c7af-03c1-44bd-b323-3796df9c2435|rpc:10.1.0.196:15014|admin:10.1.0.196:15013|client:10.1.0.196:15012|dataStream:10.1.0.196:15015|priority:0|startupRole:FOLLOWER, c686f304-079c-4e24-9d21-fd4c36dc1242|rpc:10.1.0.196:15023|admin:10.1.0.196:15022|client:10.1.0.196:15021|dataStream:10.1.0.196:15024|priority:1|startupRole:FOLLOWER] returns group-E89CD66131D1:java.util.concurrent.CompletableFuture@35923634[Not completed]
2023-06-01 19:11:08,777 [c686f304-079c-4e24-9d21-fd4c36dc1242-groupManagement] INFO  server.RaftServer$Division (RaftServerImpl.java:<init>(198)) - c686f304-079c-4e24-9d21-fd4c36dc1242: new RaftServerImpl for group-E89CD66131D1:[d78dd883-3e4c-45aa-98b2-e8ffdf2e22af|rpc:10.1.0.196:15032|admin:10.1.0.196:15031|client:10.1.0.196:15030|dataStream:10.1.0.196:15033|priority:0|startupRole:FOLLOWER, fac1c7af-03c1-44bd-b323-3796df9c2435|rpc:10.1.0.196:15014|admin:10.1.0.196:15013|client:10.1.0.196:15012|dataStream:10.1.0.196:15015|priority:0|startupRole:FOLLOWER, c686f304-079c-4e24-9d21-fd4c36dc1242|rpc:10.1.0.196:15023|admin:10.1.0.196:15022|client:10.1.0.196:15021|dataStream:10.1.0.196:15024|priority:1|startupRole:FOLLOWER] with ContainerStateMachine:uninitialized
2023-06-01 19:11:08,778 [c686f304-079c-4e24-9d21-fd4c36dc1242-groupManagement] INFO  server.RaftServerConfigKeys (ConfUtils.java:logGet(46)) - raft.server.rpc.timeout.min = 5s (custom)
2023-06-01 19:11:08,778 [c686f304-079c-4e24-9d21-fd4c36dc1242-groupManagement] INFO  server.RaftServerConfigKeys (ConfUtils.java:logGet(46)) - raft.server.rpc.timeout.max = 5200ms (custom)
2023-06-01 19:11:08,778 [c686f304-079c-4e24-9d21-fd4c36dc1242-groupManagement] INFO  server.RaftServerConfigKeys (ConfUtils.java:logGet(46)) - raft.server.rpc.sleep.time = 25ms (default)
2023-06-01 19:11:08,778 [c686f304-079c-4e24-9d21-fd4c36dc1242-groupManagement] INFO  server.RaftServerConfigKeys (ConfUtils.java:logGet(46)) - raft.server.rpc.slowness.timeout = 300s (custom)
2023-06-01 19:11:08,778 [c686f304-079c-4e24-9d21-fd4c36dc1242-groupManagement] INFO  server.RaftServerConfigKeys (ConfUtils.java:logGet(46)) - raft.server.leaderelection.leader.step-down.wait-time = 10s (default)
2023-06-01 19:11:08,778 [c686f304-079c-4e24-9d21-fd4c36dc1242-groupManagement] INFO  server.RaftServerConfigKeys (ConfUtils.java:logGet(46)) - raft.server.sleep.deviation.threshold = 300ms (default)
2023-06-01 19:11:08,778 [c686f304-079c-4e24-9d21-fd4c36dc1242-groupManagement] INFO  server.RaftServer$Division (ServerState.java:<init>(120)) - c686f304-079c-4e24-9d21-fd4c36dc1242@group-E89CD66131D1: ConfigurationManager, init=-1: peers:[d78dd883-3e4c-45aa-98b2-e8ffdf2e22af|rpc:10.1.0.196:15032|admin:10.1.0.196:15031|client:10.1.0.196:15030|dataStream:10.1.0.196:15033|priority:0|startupRole:FOLLOWER, fac1c7af-03c1-44bd-b323-3796df9c2435|rpc:10.1.0.196:15014|admin:10.1.0.196:15013|client:10.1.0.196:15012|dataStream:10.1.0.196:15015|priority:0|startupRole:FOLLOWER, c686f304-079c-4e24-9d21-fd4c36dc1242|rpc:10.1.0.196:15023|admin:10.1.0.196:15022|client:10.1.0.196:15021|dataStream:10.1.0.196:15024|priority:1|startupRole:FOLLOWER]|listeners:[], old=null, confs=<EMPTY_MAP>
2023-06-01 19:11:08,778 [c686f304-079c-4e24-9d21-fd4c36dc1242-groupManagement] INFO  server.RaftServerConfigKeys (ConfUtils.java:logGet(46)) - raft.server.storage.dir = [/home/runner/work/ozone/ozone/hadoop-ozone/integration-test/target/test-dir/MiniOzoneClusterImpl-59aba430-7466-43cf-ac60-ffcd1bd17169/datanode-1/data/ratis] (custom)
2023-06-01 19:11:08,778 [c686f304-079c-4e24-9d21-fd4c36dc1242-groupManagement] INFO  server.RaftServerConfigKeys (ConfUtils.java:logGet(46)) - raft.server.log.corruption.policy = EXCEPTION (default)
2023-06-01 19:11:08,778 [c686f304-079c-4e24-9d21-fd4c36dc1242-groupManagement] INFO  server.RaftServerConfigKeys (ConfUtils.java:logGet(46)) - raft.server.storage.free-space.min = 0MB (=0) (default)
2023-06-01 19:11:08,778 [c686f304-079c-4e24-9d21-fd4c36dc1242-groupManagement] INFO  server.RaftServerConfigKeys (ConfUtils.java:logGet(46)) - raft.server.notification.no-leader.timeout = 300s (custom)
2023-06-01 19:11:08,778 [c686f304-079c-4e24-9d21-fd4c36dc1242-groupManagement] INFO  server.RaftServerConfigKeys (ConfUtils.java:logGet(46)) - raft.server.read.timeout = 10s (default)
2023-06-01 19:11:08,778 [c686f304-079c-4e24-9d21-fd4c36dc1242-groupManagement] INFO  server.RaftServerConfigKeys (ConfUtils.java:logGet(46)) - raft.server.retrycache.expirytime = 600000ms (custom)
2023-06-01 19:11:08,778 [c686f304-079c-4e24-9d21-fd4c36dc1242-groupManagement] INFO  server.RaftServerConfigKeys (ConfUtils.java:logGet(46)) - raft.server.retrycache.statistics.expirytime = 100μs (default)
2023-06-01 19:11:08,778 [c686f304-079c-4e24-9d21-fd4c36dc1242-groupManagement] INFO  server.RaftServerConfigKeys (ConfUtils.java:logGet(46)) - raft.server.read.option = DEFAULT (default)
2023-06-01 19:11:08,780 [c686f304-079c-4e24-9d21-fd4c36dc1242-groupManagement] INFO  server.RaftServerConfigKeys (ConfUtils.java:logGet(46)) - raft.server.rpc.request.timeout = 60s (custom)
2023-06-01 19:11:08,780 [c686f304-079c-4e24-9d21-fd4c36dc1242-groupManagement] INFO  server.RaftServerConfigKeys (ConfUtils.java:logGet(46)) - raft.server.log.appender.install.snapshot.enabled = false (custom)
2023-06-01 19:11:08,780 [c686f304-079c-4e24-9d21-fd4c36dc1242-groupManagement] INFO  server.RaftServerConfigKeys (ConfUtils.java:logGet(46)) - raft.server.threadpool.server.cached = true (default)
2023-06-01 19:11:08,780 [c686f304-079c-4e24-9d21-fd4c36dc1242-groupManagement] INFO  server.RaftServerConfigKeys (ConfUtils.java:logGet(46)) - raft.server.threadpool.server.size = 0 (default)
2023-06-01 19:11:08,780 [c686f304-079c-4e24-9d21-fd4c36dc1242-groupManagement] INFO  server.RaftServerConfigKeys (ConfUtils.java:logGet(46)) - raft.server.threadpool.client.cached = true (default)
2023-06-01 19:11:08,780 [c686f304-079c-4e24-9d21-fd4c36dc1242-groupManagement] INFO  server.RaftServerConfigKeys (ConfUtils.java:logGet(46)) - raft.server.threadpool.client.size = 0 (default)
2023-06-01 19:11:08,780 [c686f304-079c-4e24-9d21-fd4c36dc1242-groupManagement] INFO  storage.RaftStorageDirectory (RaftStorageDirectoryImpl.java:analyzeStorage(137)) - The storage directory /home/runner/work/ozone/ozone/hadoop-ozone/integration-test/target/test-dir/MiniOzoneClusterImpl-59aba430-7466-43cf-ac60-ffcd1bd17169/datanode-1/data/ratis/ee6c0190-ec41-489e-8a9d-e89cd66131d1 does not exist. Creating ...
2023-06-01 19:11:08,781 [c686f304-079c-4e24-9d21-fd4c36dc1242-groupManagement] INFO  storage.RaftStorageDirectory (RaftStorageDirectoryImpl.java:tryLock(231)) - Lock on /home/runner/work/ozone/ozone/hadoop-ozone/integration-test/target/test-dir/MiniOzoneClusterImpl-59aba430-7466-43cf-ac60-ffcd1bd17169/datanode-1/data/ratis/ee6c0190-ec41-489e-8a9d-e89cd66131d1/in_use.lock acquired by nodename 16224@fv-az163-187
2023-06-01 19:11:08,782 [c686f304-079c-4e24-9d21-fd4c36dc1242-groupManagement] INFO  storage.RaftStorage (RaftStorageImpl.java:format(96)) - Storage directory /home/runner/work/ozone/ozone/hadoop-ozone/integration-test/target/test-dir/MiniOzoneClusterImpl-59aba430-7466-43cf-ac60-ffcd1bd17169/datanode-1/data/ratis/ee6c0190-ec41-489e-8a9d-e89cd66131d1 has been successfully formatted.
2023-06-01 19:11:08,785 [EventQueue-OpenPipelineForHealthyPipelineSafeModeRule] INFO  safemode.SCMSafeModeManager (HealthyPipelineSafeModeRule.java:process(137)) - SCM in safe mode. Healthy pipelines reported count is 0, required healthy pipeline reported count is 1
2023-06-01 19:11:08,786 [c686f304-079c-4e24-9d21-fd4c36dc1242-groupManagement] INFO  ratis.ContainerStateMachine (ContainerStateMachine.java:loadSnapshot(262)) - group-E89CD66131D1: The snapshot info is null. Setting the last applied indexto:(t:0, i:~)
2023-06-01 19:11:08,786 [c686f304-079c-4e24-9d21-fd4c36dc1242-groupManagement] INFO  server.RaftServerConfigKeys (ConfUtils.java:logGet(46)) - raft.server.log.use.memory = false (default)
2023-06-01 19:11:08,786 [c686f304-079c-4e24-9d21-fd4c36dc1242-groupManagement] INFO  server.RaftServerConfigKeys (ConfUtils.java:logGet(46)) - raft.server.log.purge.gap = 1000000 (custom)
2023-06-01 19:11:08,786 [c686f304-079c-4e24-9d21-fd4c36dc1242-groupManagement] INFO  server.RaftServerConfigKeys (ConfUtils.java:logGet(46)) - raft.server.log.appender.buffer.byte-limit = 33554432 (custom)
2023-06-01 19:11:08,786 [c686f304-079c-4e24-9d21-fd4c36dc1242-groupManagement] INFO  server.RaftServerConfigKeys (ConfUtils.java:logGet(46)) - raft.server.log.statemachine.data.read.timeout = 1000ms (default)
2023-06-01 19:11:08,786 [c686f304-079c-4e24-9d21-fd4c36dc1242-groupManagement] INFO  server.RaftServerConfigKeys (ConfUtils.java:logGet(46)) - raft.server.log.purge.preservation.log.num = 0 (default)
2023-06-01 19:11:08,786 [c686f304-079c-4e24-9d21-fd4c36dc1242-groupManagement] INFO  server.RaftServerConfigKeys (ConfUtils.java:logGet(46)) - raft.server.log.segment.size.max = 1048576 (custom)
2023-06-01 19:11:08,787 [c686f304-079c-4e24-9d21-fd4c36dc1242-groupManagement] INFO  server.RaftServerConfigKeys (ConfUtils.java:logGet(46)) - raft.server.log.segment.cache.num.max = 2 (custom)
2023-06-01 19:11:08,787 [c686f304-079c-4e24-9d21-fd4c36dc1242-groupManagement] INFO  server.RaftServerConfigKeys (ConfUtils.java:logGet(46)) - raft.server.log.segment.cache.size.max = 200MB (=209715200) (default)
2023-06-01 19:11:08,787 [c686f304-079c-4e24-9d21-fd4c36dc1242-groupManagement] INFO  server.RaftServerConfigKeys (ConfUtils.java:logGet(46)) - raft.server.log.appender.buffer.byte-limit = 33554432 (custom)
2023-06-01 19:11:08,787 [c686f304-079c-4e24-9d21-fd4c36dc1242-groupManagement] INFO  segmented.SegmentedRaftLogWorker (SegmentedRaftLogWorker.java:<init>(188)) - new c686f304-079c-4e24-9d21-fd4c36dc1242@group-E89CD66131D1-SegmentedRaftLogWorker for RaftStorageImpl:Storage Directory /home/runner/work/ozone/ozone/hadoop-ozone/integration-test/target/test-dir/MiniOzoneClusterImpl-59aba430-7466-43cf-ac60-ffcd1bd17169/datanode-1/data/ratis/ee6c0190-ec41-489e-8a9d-e89cd66131d1
2023-06-01 19:11:08,787 [c686f304-079c-4e24-9d21-fd4c36dc1242-groupManagement] INFO  server.RaftServerConfigKeys (ConfUtils.java:logGet(46)) - raft.server.log.queue.byte-limit = 4294967296 (custom)
2023-06-01 19:11:08,787 [c686f304-079c-4e24-9d21-fd4c36dc1242-groupManagement] INFO  server.RaftServerConfigKeys (ConfUtils.java:logGet(46)) - raft.server.log.queue.element-limit = 1024 (custom)
2023-06-01 19:11:08,787 [c686f304-079c-4e24-9d21-fd4c36dc1242-groupManagement] INFO  server.RaftServerConfigKeys (ConfUtils.java:logGet(46)) - raft.server.log.segment.size.max = 1048576 (custom)
2023-06-01 19:11:08,787 [c686f304-079c-4e24-9d21-fd4c36dc1242-groupManagement] INFO  server.RaftServerConfigKeys (ConfUtils.java:logGet(46)) - raft.server.log.preallocated.size = 16384 (custom)
2023-06-01 19:11:08,787 [c686f304-079c-4e24-9d21-fd4c36dc1242-groupManagement] INFO  server.RaftServerConfigKeys (ConfUtils.java:logGet(46)) - raft.server.log.force.sync.num = 128 (default)
2023-06-01 19:11:08,787 [c686f304-079c-4e24-9d21-fd4c36dc1242-groupManagement] INFO  server.RaftServerConfigKeys (ConfUtils.java:logGet(46)) - raft.server.log.statemachine.data.sync = true (default)
2023-06-01 19:11:08,787 [c686f304-079c-4e24-9d21-fd4c36dc1242-groupManagement] INFO  server.RaftServerConfigKeys (ConfUtils.java:logGet(46)) - raft.server.log.statemachine.data.sync.timeout = 10s (default)
2023-06-01 19:11:08,787 [c686f304-079c-4e24-9d21-fd4c36dc1242-groupManagement] INFO  server.RaftServerConfigKeys (ConfUtils.java:logGet(46)) - raft.server.log.statemachine.data.sync.timeout.retry = -1 (default)
2023-06-01 19:11:08,788 [c686f304-079c-4e24-9d21-fd4c36dc1242-groupManagement] INFO  server.RaftServerConfigKeys (ConfUtils.java:logGet(46)) - raft.server.log.write.buffer.size = 1048576 (custom)
2023-06-01 19:11:08,789 [c686f304-079c-4e24-9d21-fd4c36dc1242-groupManagement] INFO  server.RaftServerConfigKeys (ConfUtils.java:logGet(46)) - raft.server.log.appender.buffer.byte-limit = 33554432 (custom)
2023-06-01 19:11:08,791 [c686f304-079c-4e24-9d21-fd4c36dc1242-groupManagement] INFO  server.RaftServerConfigKeys (ConfUtils.java:logGet(46)) - raft.server.log.unsafe-flush.enabled = false (default)
2023-06-01 19:11:08,791 [c686f304-079c-4e24-9d21-fd4c36dc1242-groupManagement] INFO  server.RaftServerConfigKeys (ConfUtils.java:logGet(46)) - raft.server.log.async-flush.enabled = false (default)
2023-06-01 19:11:08,792 [c686f304-079c-4e24-9d21-fd4c36dc1242-groupManagement] INFO  server.RaftServerConfigKeys (ConfUtils.java:logGet(46)) - raft.server.log.statemachine.data.caching.enabled = true (custom)
2023-06-01 19:11:08,792 [c686f304-079c-4e24-9d21-fd4c36dc1242-groupManagement] INFO  segmented.SegmentedRaftLogWorker (SegmentedRaftLogWorker.java:lambda$new$0(135)) - c686f304-079c-4e24-9d21-fd4c36dc1242@group-E89CD66131D1-SegmentedRaftLogWorker: flushIndex: setUnconditionally 0 -> -1
2023-06-01 19:11:08,792 [c686f304-079c-4e24-9d21-fd4c36dc1242-groupManagement] INFO  segmented.SegmentedRaftLogWorker (SegmentedRaftLogWorker.java:lambda$new$0(135)) - c686f304-079c-4e24-9d21-fd4c36dc1242@group-E89CD66131D1-SegmentedRaftLogWorker: safeCacheEvictIndex: setUnconditionally 0 -> -1
2023-06-01 19:11:08,815 [c686f304-079c-4e24-9d21-fd4c36dc1242-groupManagement] INFO  server.RaftServer$Division (RaftServerImpl.java:start(342)) - c686f304-079c-4e24-9d21-fd4c36dc1242@group-E89CD66131D1: start as a follower, conf=-1: peers:[d78dd883-3e4c-45aa-98b2-e8ffdf2e22af|rpc:10.1.0.196:15032|admin:10.1.0.196:15031|client:10.1.0.196:15030|dataStream:10.1.0.196:15033|priority:0|startupRole:FOLLOWER, fac1c7af-03c1-44bd-b323-3796df9c2435|rpc:10.1.0.196:15014|admin:10.1.0.196:15013|client:10.1.0.196:15012|dataStream:10.1.0.196:15015|priority:0|startupRole:FOLLOWER, c686f304-079c-4e24-9d21-fd4c36dc1242|rpc:10.1.0.196:15023|admin:10.1.0.196:15022|client:10.1.0.196:15021|dataStream:10.1.0.196:15024|priority:1|startupRole:FOLLOWER]|listeners:[], old=null
2023-06-01 19:11:08,815 [c686f304-079c-4e24-9d21-fd4c36dc1242-groupManagement] INFO  server.RaftServer$Division (RaftServerImpl.java:setRole(329)) - c686f304-079c-4e24-9d21-fd4c36dc1242@group-E89CD66131D1: changes role from      null to FOLLOWER at term 0 for startAsFollower
2023-06-01 19:11:08,815 [c686f304-079c-4e24-9d21-fd4c36dc1242-groupManagement] INFO  impl.RoleInfo (RoleInfo.java:updateAndGet(139)) - c686f304-079c-4e24-9d21-fd4c36dc1242: start c686f304-079c-4e24-9d21-fd4c36dc1242@group-E89CD66131D1-FollowerState
2023-06-01 19:11:08,815 [c686f304-079c-4e24-9d21-fd4c36dc1242-groupManagement] INFO  util.JmxRegister (JmxRegister.java:tryRegister(44)) - Successfully registered JMX Bean with object name Ratis:service=RaftServer,group=group-E89CD66131D1,id=c686f304-079c-4e24-9d21-fd4c36dc1242
2023-06-01 19:11:08,815 [c686f304-079c-4e24-9d21-fd4c36dc1242-groupManagement] INFO  server.RaftServerConfigKeys (ConfUtils.java:logGet(46)) - raft.server.snapshot.auto.trigger.enabled = true (custom)
2023-06-01 19:11:08,816 [c686f304-079c-4e24-9d21-fd4c36dc1242-groupManagement] INFO  server.RaftServerConfigKeys (ConfUtils.java:logGet(46)) - raft.server.snapshot.auto.trigger.threshold = 10000 (custom)
2023-06-01 19:11:08,816 [c686f304-079c-4e24-9d21-fd4c36dc1242-groupManagement] INFO  server.RaftServerConfigKeys (ConfUtils.java:logGet(46)) - raft.server.snapshot.retention.file.num = 5 (custom)
2023-06-01 19:11:08,816 [c686f304-079c-4e24-9d21-fd4c36dc1242-groupManagement] INFO  server.RaftServerConfigKeys (ConfUtils.java:logGet(46)) - raft.server.log.purge.upto.snapshot.index = false (default)
2023-06-01 19:11:08,816 [c686f304-079c-4e24-9d21-fd4c36dc1242@group-E89CD66131D1-FollowerState] INFO  server.RaftServerConfigKeys (ConfUtils.java:logFallback(53)) - raft.server.rpc.first-election.timeout.min = 5s (fallback to raft.server.rpc.timeout.min)
2023-06-01 19:11:08,816 [PipelineCommandHandlerThread-0] INFO  ratis.XceiverServerRatis (XceiverServerRatis.java:addGroup(804)) - Created group PipelineID=ee6c0190-ec41-489e-8a9d-e89cd66131d1
2023-06-01 19:11:08,826 [c686f304-079c-4e24-9d21-fd4c36dc1242@group-E89CD66131D1-FollowerState] INFO  server.RaftServerConfigKeys (ConfUtils.java:logFallback(53)) - raft.server.rpc.first-election.timeout.max = 5200ms (fallback to raft.server.rpc.timeout.max)
2023-06-01 19:11:08,862 [grpc-default-executor-1] INFO  server.RaftServer (RaftServerProxy.java:addNew(98)) - d78dd883-3e4c-45aa-98b2-e8ffdf2e22af: addNew group-E89CD66131D1:[d78dd883-3e4c-45aa-98b2-e8ffdf2e22af|rpc:10.1.0.196:15032|admin:10.1.0.196:15031|client:10.1.0.196:15030|dataStream:10.1.0.196:15033|priority:0|startupRole:FOLLOWER, fac1c7af-03c1-44bd-b323-3796df9c2435|rpc:10.1.0.196:15014|admin:10.1.0.196:15013|client:10.1.0.196:15012|dataStream:10.1.0.196:15015|priority:0|startupRole:FOLLOWER, c686f304-079c-4e24-9d21-fd4c36dc1242|rpc:10.1.0.196:15023|admin:10.1.0.196:15022|client:10.1.0.196:15021|dataStream:10.1.0.196:15024|priority:1|startupRole:FOLLOWER] returns group-E89CD66131D1:java.util.concurrent.CompletableFuture@4b37d06a[Not completed]
2023-06-01 19:11:08,872 [d78dd883-3e4c-45aa-98b2-e8ffdf2e22af-groupManagement] INFO  server.RaftServer$Division (RaftServerImpl.java:<init>(198)) - d78dd883-3e4c-45aa-98b2-e8ffdf2e22af: new RaftServerImpl for group-E89CD66131D1:[d78dd883-3e4c-45aa-98b2-e8ffdf2e22af|rpc:10.1.0.196:15032|admin:10.1.0.196:15031|client:10.1.0.196:15030|dataStream:10.1.0.196:15033|priority:0|startupRole:FOLLOWER, fac1c7af-03c1-44bd-b323-3796df9c2435|rpc:10.1.0.196:15014|admin:10.1.0.196:15013|client:10.1.0.196:15012|dataStream:10.1.0.196:15015|priority:0|startupRole:FOLLOWER, c686f304-079c-4e24-9d21-fd4c36dc1242|rpc:10.1.0.196:15023|admin:10.1.0.196:15022|client:10.1.0.196:15021|dataStream:10.1.0.196:15024|priority:1|startupRole:FOLLOWER] with ContainerStateMachine:uninitialized
2023-06-01 19:11:08,872 [d78dd883-3e4c-45aa-98b2-e8ffdf2e22af-groupManagement] INFO  server.RaftServerConfigKeys (ConfUtils.java:logGet(46)) - raft.server.rpc.timeout.min = 5s (custom)
2023-06-01 19:11:08,872 [d78dd883-3e4c-45aa-98b2-e8ffdf2e22af-groupManagement] INFO  server.RaftServerConfigKeys (ConfUtils.java:logGet(46)) - raft.server.rpc.timeout.max = 5200ms (custom)
2023-06-01 19:11:08,872 [d78dd883-3e4c-45aa-98b2-e8ffdf2e22af-groupManagement] INFO  server.RaftServerConfigKeys (ConfUtils.java:logGet(46)) - raft.server.rpc.sleep.time = 25ms (default)
2023-06-01 19:11:08,872 [d78dd883-3e4c-45aa-98b2-e8ffdf2e22af-groupManagement] INFO  server.RaftServerConfigKeys (ConfUtils.java:logGet(46)) - raft.server.rpc.slowness.timeout = 300s (custom)
2023-06-01 19:11:08,872 [d78dd883-3e4c-45aa-98b2-e8ffdf2e22af-groupManagement] INFO  server.RaftServerConfigKeys (ConfUtils.java:logGet(46)) - raft.server.leaderelection.leader.step-down.wait-time = 10s (default)
2023-06-01 19:11:08,872 [d78dd883-3e4c-45aa-98b2-e8ffdf2e22af-groupManagement] INFO  server.RaftServerConfigKeys (ConfUtils.java:logGet(46)) - raft.server.sleep.deviation.threshold = 300ms (default)
2023-06-01 19:11:08,872 [d78dd883-3e4c-45aa-98b2-e8ffdf2e22af-groupManagement] INFO  server.RaftServer$Division (ServerState.java:<init>(120)) - d78dd883-3e4c-45aa-98b2-e8ffdf2e22af@group-E89CD66131D1: ConfigurationManager, init=-1: peers:[d78dd883-3e4c-45aa-98b2-e8ffdf2e22af|rpc:10.1.0.196:15032|admin:10.1.0.196:15031|client:10.1.0.196:15030|dataStream:10.1.0.196:15033|priority:0|startupRole:FOLLOWER, fac1c7af-03c1-44bd-b323-3796df9c2435|rpc:10.1.0.196:15014|admin:10.1.0.196:15013|client:10.1.0.196:15012|dataStream:10.1.0.196:15015|priority:0|startupRole:FOLLOWER, c686f304-079c-4e24-9d21-fd4c36dc1242|rpc:10.1.0.196:15023|admin:10.1.0.196:15022|client:10.1.0.196:15021|dataStream:10.1.0.196:15024|priority:1|startupRole:FOLLOWER]|listeners:[], old=null, confs=<EMPTY_MAP>
2023-06-01 19:11:08,872 [d78dd883-3e4c-45aa-98b2-e8ffdf2e22af-groupManagement] INFO  server.RaftServerConfigKeys (ConfUtils.java:logGet(46)) - raft.server.storage.dir = [/home/runner/work/ozone/ozone/hadoop-ozone/integration-test/target/test-dir/MiniOzoneClusterImpl-59aba430-7466-43cf-ac60-ffcd1bd17169/datanode-2/data/ratis] (custom)
2023-06-01 19:11:08,872 [d78dd883-3e4c-45aa-98b2-e8ffdf2e22af-groupManagement] INFO  server.RaftServerConfigKeys (ConfUtils.java:logGet(46)) - raft.server.log.corruption.policy = EXCEPTION (default)
2023-06-01 19:11:08,872 [d78dd883-3e4c-45aa-98b2-e8ffdf2e22af-groupManagement] INFO  server.RaftServerConfigKeys (ConfUtils.java:logGet(46)) - raft.server.storage.free-space.min = 0MB (=0) (default)
2023-06-01 19:11:08,873 [d78dd883-3e4c-45aa-98b2-e8ffdf2e22af-groupManagement] INFO  server.RaftServerConfigKeys (ConfUtils.java:logGet(46)) - raft.server.notification.no-leader.timeout = 300s (custom)
2023-06-01 19:11:08,873 [d78dd883-3e4c-45aa-98b2-e8ffdf2e22af-groupManagement] INFO  server.RaftServerConfigKeys (ConfUtils.java:logGet(46)) - raft.server.read.timeout = 10s (default)
2023-06-01 19:11:08,873 [d78dd883-3e4c-45aa-98b2-e8ffdf2e22af-groupManagement] INFO  server.RaftServerConfigKeys (ConfUtils.java:logGet(46)) - raft.server.retrycache.expirytime = 600000ms (custom)
2023-06-01 19:11:08,873 [d78dd883-3e4c-45aa-98b2-e8ffdf2e22af-groupManagement] INFO  server.RaftServerConfigKeys (ConfUtils.java:logGet(46)) - raft.server.retrycache.statistics.expirytime = 100μs (default)
2023-06-01 19:11:08,873 [d78dd883-3e4c-45aa-98b2-e8ffdf2e22af-groupManagement] INFO  server.RaftServerConfigKeys (ConfUtils.java:logGet(46)) - raft.server.read.option = DEFAULT (default)
2023-06-01 19:11:08,881 [d78dd883-3e4c-45aa-98b2-e8ffdf2e22af-groupManagement] INFO  server.RaftServerConfigKeys (ConfUtils.java:logGet(46)) - raft.server.rpc.request.timeout = 60s (custom)
2023-06-01 19:11:08,881 [d78dd883-3e4c-45aa-98b2-e8ffdf2e22af-groupManagement] INFO  server.RaftServerConfigKeys (ConfUtils.java:logGet(46)) - raft.server.log.appender.install.snapshot.enabled = false (custom)
2023-06-01 19:11:08,881 [d78dd883-3e4c-45aa-98b2-e8ffdf2e22af-groupManagement] INFO  server.RaftServerConfigKeys (ConfUtils.java:logGet(46)) - raft.server.threadpool.server.cached = true (default)
2023-06-01 19:11:08,881 [d78dd883-3e4c-45aa-98b2-e8ffdf2e22af-groupManagement] INFO  server.RaftServerConfigKeys (ConfUtils.java:logGet(46)) - raft.server.threadpool.server.size = 0 (default)
2023-06-01 19:11:08,881 [d78dd883-3e4c-45aa-98b2-e8ffdf2e22af-groupManagement] INFO  server.RaftServerConfigKeys (ConfUtils.java:logGet(46)) - raft.server.threadpool.client.cached = true (default)
2023-06-01 19:11:08,881 [d78dd883-3e4c-45aa-98b2-e8ffdf2e22af-groupManagement] INFO  server.RaftServerConfigKeys (ConfUtils.java:logGet(46)) - raft.server.threadpool.client.size = 0 (default)
2023-06-01 19:11:08,882 [d78dd883-3e4c-45aa-98b2-e8ffdf2e22af-groupManagement] INFO  storage.RaftStorageDirectory (RaftStorageDirectoryImpl.java:analyzeStorage(137)) - The storage directory /home/runner/work/ozone/ozone/hadoop-ozone/integration-test/target/test-dir/MiniOzoneClusterImpl-59aba430-7466-43cf-ac60-ffcd1bd17169/datanode-2/data/ratis/ee6c0190-ec41-489e-8a9d-e89cd66131d1 does not exist. Creating ...
2023-06-01 19:11:08,890 [d78dd883-3e4c-45aa-98b2-e8ffdf2e22af-groupManagement] INFO  storage.RaftStorageDirectory (RaftStorageDirectoryImpl.java:tryLock(231)) - Lock on /home/runner/work/ozone/ozone/hadoop-ozone/integration-test/target/test-dir/MiniOzoneClusterImpl-59aba430-7466-43cf-ac60-ffcd1bd17169/datanode-2/data/ratis/ee6c0190-ec41-489e-8a9d-e89cd66131d1/in_use.lock acquired by nodename 16224@fv-az163-187
2023-06-01 19:11:08,892 [d78dd883-3e4c-45aa-98b2-e8ffdf2e22af-groupManagement] INFO  storage.RaftStorage (RaftStorageImpl.java:format(96)) - Storage directory /home/runner/work/ozone/ozone/hadoop-ozone/integration-test/target/test-dir/MiniOzoneClusterImpl-59aba430-7466-43cf-ac60-ffcd1bd17169/datanode-2/data/ratis/ee6c0190-ec41-489e-8a9d-e89cd66131d1 has been successfully formatted.
2023-06-01 19:11:08,892 [d78dd883-3e4c-45aa-98b2-e8ffdf2e22af-groupManagement] INFO  ratis.ContainerStateMachine (ContainerStateMachine.java:loadSnapshot(262)) - group-E89CD66131D1: The snapshot info is null. Setting the last applied indexto:(t:0, i:~)
2023-06-01 19:11:08,892 [d78dd883-3e4c-45aa-98b2-e8ffdf2e22af-groupManagement] INFO  server.RaftServerConfigKeys (ConfUtils.java:logGet(46)) - raft.server.log.use.memory = false (default)
2023-06-01 19:11:08,892 [d78dd883-3e4c-45aa-98b2-e8ffdf2e22af-groupManagement] INFO  server.RaftServerConfigKeys (ConfUtils.java:logGet(46)) - raft.server.log.purge.gap = 1000000 (custom)
2023-06-01 19:11:08,892 [d78dd883-3e4c-45aa-98b2-e8ffdf2e22af-groupManagement] INFO  server.RaftServerConfigKeys (ConfUtils.java:logGet(46)) - raft.server.log.appender.buffer.byte-limit = 33554432 (custom)
2023-06-01 19:11:08,892 [d78dd883-3e4c-45aa-98b2-e8ffdf2e22af-groupManagement] INFO  server.RaftServerConfigKeys (ConfUtils.java:logGet(46)) - raft.server.log.statemachine.data.read.timeout = 1000ms (default)
2023-06-01 19:11:08,892 [d78dd883-3e4c-45aa-98b2-e8ffdf2e22af-groupManagement] INFO  server.RaftServerConfigKeys (ConfUtils.java:logGet(46)) - raft.server.log.purge.preservation.log.num = 0 (default)
2023-06-01 19:11:08,893 [d78dd883-3e4c-45aa-98b2-e8ffdf2e22af-groupManagement] INFO  server.RaftServerConfigKeys (ConfUtils.java:logGet(46)) - raft.server.log.segment.size.max = 1048576 (custom)
2023-06-01 19:11:08,893 [d78dd883-3e4c-45aa-98b2-e8ffdf2e22af-groupManagement] INFO  server.RaftServerConfigKeys (ConfUtils.java:logGet(46)) - raft.server.log.segment.cache.num.max = 2 (custom)
2023-06-01 19:11:08,893 [d78dd883-3e4c-45aa-98b2-e8ffdf2e22af-groupManagement] INFO  server.RaftServerConfigKeys (ConfUtils.java:logGet(46)) - raft.server.log.segment.cache.size.max = 200MB (=209715200) (default)
2023-06-01 19:11:08,893 [d78dd883-3e4c-45aa-98b2-e8ffdf2e22af-groupManagement] INFO  server.RaftServerConfigKeys (ConfUtils.java:logGet(46)) - raft.server.log.appender.buffer.byte-limit = 33554432 (custom)
2023-06-01 19:11:08,893 [d78dd883-3e4c-45aa-98b2-e8ffdf2e22af-groupManagement] INFO  segmented.SegmentedRaftLogWorker (SegmentedRaftLogWorker.java:<init>(188)) - new d78dd883-3e4c-45aa-98b2-e8ffdf2e22af@group-E89CD66131D1-SegmentedRaftLogWorker for RaftStorageImpl:Storage Directory /home/runner/work/ozone/ozone/hadoop-ozone/integration-test/target/test-dir/MiniOzoneClusterImpl-59aba430-7466-43cf-ac60-ffcd1bd17169/datanode-2/data/ratis/ee6c0190-ec41-489e-8a9d-e89cd66131d1
2023-06-01 19:11:08,893 [d78dd883-3e4c-45aa-98b2-e8ffdf2e22af-groupManagement] INFO  server.RaftServerConfigKeys (ConfUtils.java:logGet(46)) - raft.server.log.queue.byte-limit = 4294967296 (custom)
2023-06-01 19:11:08,893 [d78dd883-3e4c-45aa-98b2-e8ffdf2e22af-groupManagement] INFO  server.RaftServerConfigKeys (ConfUtils.java:logGet(46)) - raft.server.log.queue.element-limit = 1024 (custom)
2023-06-01 19:11:08,893 [d78dd883-3e4c-45aa-98b2-e8ffdf2e22af-groupManagement] INFO  server.RaftServerConfigKeys (ConfUtils.java:logGet(46)) - raft.server.log.segment.size.max = 1048576 (custom)
2023-06-01 19:11:08,893 [d78dd883-3e4c-45aa-98b2-e8ffdf2e22af-groupManagement] INFO  server.RaftServerConfigKeys (ConfUtils.java:logGet(46)) - raft.server.log.preallocated.size = 16384 (custom)
2023-06-01 19:11:08,893 [d78dd883-3e4c-45aa-98b2-e8ffdf2e22af-groupManagement] INFO  server.RaftServerConfigKeys (ConfUtils.java:logGet(46)) - raft.server.log.force.sync.num = 128 (default)
2023-06-01 19:11:08,893 [d78dd883-3e4c-45aa-98b2-e8ffdf2e22af-groupManagement] INFO  server.RaftServerConfigKeys (ConfUtils.java:logGet(46)) - raft.server.log.statemachine.data.sync = true (default)
2023-06-01 19:11:08,893 [d78dd883-3e4c-45aa-98b2-e8ffdf2e22af-groupManagement] INFO  server.RaftServerConfigKeys (ConfUtils.java:logGet(46)) - raft.server.log.statemachine.data.sync.timeout = 10s (default)
2023-06-01 19:11:08,893 [d78dd883-3e4c-45aa-98b2-e8ffdf2e22af-groupManagement] INFO  server.RaftServerConfigKeys (ConfUtils.java:logGet(46)) - raft.server.log.statemachine.data.sync.timeout.retry = -1 (default)
2023-06-01 19:11:08,896 [d78dd883-3e4c-45aa-98b2-e8ffdf2e22af-groupManagement] INFO  server.RaftServerConfigKeys (ConfUtils.java:logGet(46)) - raft.server.log.write.buffer.size = 1048576 (custom)
2023-06-01 19:11:08,897 [d78dd883-3e4c-45aa-98b2-e8ffdf2e22af-groupManagement] INFO  server.RaftServerConfigKeys (ConfUtils.java:logGet(46)) - raft.server.log.appender.buffer.byte-limit = 33554432 (custom)
2023-06-01 19:11:08,901 [grpc-default-executor-1] INFO  server.RaftServer (RaftServerProxy.java:addNew(98)) - d78dd883-3e4c-45aa-98b2-e8ffdf2e22af: addNew group-AEB6F4C7E190:[d78dd883-3e4c-45aa-98b2-e8ffdf2e22af|rpc:10.1.0.196:15032|admin:10.1.0.196:15031|client:10.1.0.196:15030|dataStream:10.1.0.196:15033|priority:1|startupRole:FOLLOWER, c686f304-079c-4e24-9d21-fd4c36dc1242|rpc:10.1.0.196:15023|admin:10.1.0.196:15022|client:10.1.0.196:15021|dataStream:10.1.0.196:15024|priority:0|startupRole:FOLLOWER, fac1c7af-03c1-44bd-b323-3796df9c2435|rpc:10.1.0.196:15014|admin:10.1.0.196:15013|client:10.1.0.196:15012|dataStream:10.1.0.196:15015|priority:0|startupRole:FOLLOWER] returns group-AEB6F4C7E190:java.util.concurrent.CompletableFuture@70c0cc16[Not completed]
2023-06-01 19:11:08,902 [d78dd883-3e4c-45aa-98b2-e8ffdf2e22af-groupManagement] INFO  server.RaftServerConfigKeys (ConfUtils.java:logGet(46)) - raft.server.log.unsafe-flush.enabled = false (default)
2023-06-01 19:11:08,902 [d78dd883-3e4c-45aa-98b2-e8ffdf2e22af-groupManagement] INFO  server.RaftServerConfigKeys (ConfUtils.java:logGet(46)) - raft.server.log.async-flush.enabled = false (default)
2023-06-01 19:11:08,902 [d78dd883-3e4c-45aa-98b2-e8ffdf2e22af-groupManagement] INFO  server.RaftServerConfigKeys (ConfUtils.java:logGet(46)) - raft.server.log.statemachine.data.caching.enabled = true (custom)
2023-06-01 19:11:08,903 [d78dd883-3e4c-45aa-98b2-e8ffdf2e22af-groupManagement] INFO  segmented.SegmentedRaftLogWorker (SegmentedRaftLogWorker.java:lambda$new$0(135)) - d78dd883-3e4c-45aa-98b2-e8ffdf2e22af@group-E89CD66131D1-SegmentedRaftLogWorker: flushIndex: setUnconditionally 0 -> -1
2023-06-01 19:11:08,903 [d78dd883-3e4c-45aa-98b2-e8ffdf2e22af-groupManagement] INFO  segmented.SegmentedRaftLogWorker (SegmentedRaftLogWorker.java:lambda$new$0(135)) - d78dd883-3e4c-45aa-98b2-e8ffdf2e22af@group-E89CD66131D1-SegmentedRaftLogWorker: safeCacheEvictIndex: setUnconditionally 0 -> -1
2023-06-01 19:11:08,907 [d78dd883-3e4c-45aa-98b2-e8ffdf2e22af-groupManagement] INFO  server.RaftServer$Division (RaftServerImpl.java:start(342)) - d78dd883-3e4c-45aa-98b2-e8ffdf2e22af@group-E89CD66131D1: start as a follower, conf=-1: peers:[d78dd883-3e4c-45aa-98b2-e8ffdf2e22af|rpc:10.1.0.196:15032|admin:10.1.0.196:15031|client:10.1.0.196:15030|dataStream:10.1.0.196:15033|priority:0|startupRole:FOLLOWER, fac1c7af-03c1-44bd-b323-3796df9c2435|rpc:10.1.0.196:15014|admin:10.1.0.196:15013|client:10.1.0.196:15012|dataStream:10.1.0.196:15015|priority:0|startupRole:FOLLOWER, c686f304-079c-4e24-9d21-fd4c36dc1242|rpc:10.1.0.196:15023|admin:10.1.0.196:15022|client:10.1.0.196:15021|dataStream:10.1.0.196:15024|priority:1|startupRole:FOLLOWER]|listeners:[], old=null
2023-06-01 19:11:08,907 [d78dd883-3e4c-45aa-98b2-e8ffdf2e22af-groupManagement] INFO  server.RaftServer$Division (RaftServerImpl.java:setRole(329)) - d78dd883-3e4c-45aa-98b2-e8ffdf2e22af@group-E89CD66131D1: changes role from      null to FOLLOWER at term 0 for startAsFollower
2023-06-01 19:11:08,907 [d78dd883-3e4c-45aa-98b2-e8ffdf2e22af-groupManagement] INFO  impl.RoleInfo (RoleInfo.java:updateAndGet(139)) - d78dd883-3e4c-45aa-98b2-e8ffdf2e22af: start d78dd883-3e4c-45aa-98b2-e8ffdf2e22af@group-E89CD66131D1-FollowerState
2023-06-01 19:11:08,909 [d78dd883-3e4c-45aa-98b2-e8ffdf2e22af-groupManagement] INFO  util.JmxRegister (JmxRegister.java:tryRegister(44)) - Successfully registered JMX Bean with object name Ratis:service=RaftServer,group=group-E89CD66131D1,id=d78dd883-3e4c-45aa-98b2-e8ffdf2e22af
2023-06-01 19:11:08,909 [d78dd883-3e4c-45aa-98b2-e8ffdf2e22af-groupManagement] INFO  server.RaftServerConfigKeys (ConfUtils.java:logGet(46)) - raft.server.snapshot.auto.trigger.enabled = true (custom)
2023-06-01 19:11:08,910 [d78dd883-3e4c-45aa-98b2-e8ffdf2e22af-groupManagement] INFO  server.RaftServerConfigKeys (ConfUtils.java:logGet(46)) - raft.server.snapshot.auto.trigger.threshold = 10000 (custom)
2023-06-01 19:11:08,910 [d78dd883-3e4c-45aa-98b2-e8ffdf2e22af-groupManagement] INFO  server.RaftServerConfigKeys (ConfUtils.java:logGet(46)) - raft.server.snapshot.retention.file.num = 5 (custom)
2023-06-01 19:11:08,910 [d78dd883-3e4c-45aa-98b2-e8ffdf2e22af-groupManagement] INFO  server.RaftServerConfigKeys (ConfUtils.java:logGet(46)) - raft.server.log.purge.upto.snapshot.index = false (default)
2023-06-01 19:11:08,910 [d78dd883-3e4c-45aa-98b2-e8ffdf2e22af@group-E89CD66131D1-FollowerState] INFO  server.RaftServerConfigKeys (ConfUtils.java:logFallback(53)) - raft.server.rpc.first-election.timeout.min = 5s (fallback to raft.server.rpc.timeout.min)
2023-06-01 19:11:08,922 [d78dd883-3e4c-45aa-98b2-e8ffdf2e22af@group-E89CD66131D1-FollowerState] INFO  server.RaftServerConfigKeys (ConfUtils.java:logFallback(53)) - raft.server.rpc.first-election.timeout.max = 5200ms (fallback to raft.server.rpc.timeout.max)
2023-06-01 19:11:08,911 [d78dd883-3e4c-45aa-98b2-e8ffdf2e22af-groupManagement] INFO  server.RaftServer$Division (RaftServerImpl.java:<init>(198)) - d78dd883-3e4c-45aa-98b2-e8ffdf2e22af: new RaftServerImpl for group-AEB6F4C7E190:[d78dd883-3e4c-45aa-98b2-e8ffdf2e22af|rpc:10.1.0.196:15032|admin:10.1.0.196:15031|client:10.1.0.196:15030|dataStream:10.1.0.196:15033|priority:1|startupRole:FOLLOWER, c686f304-079c-4e24-9d21-fd4c36dc1242|rpc:10.1.0.196:15023|admin:10.1.0.196:15022|client:10.1.0.196:15021|dataStream:10.1.0.196:15024|priority:0|startupRole:FOLLOWER, fac1c7af-03c1-44bd-b323-3796df9c2435|rpc:10.1.0.196:15014|admin:10.1.0.196:15013|client:10.1.0.196:15012|dataStream:10.1.0.196:15015|priority:0|startupRole:FOLLOWER] with ContainerStateMachine:uninitialized
2023-06-01 19:11:08,922 [d78dd883-3e4c-45aa-98b2-e8ffdf2e22af-groupManagement] INFO  server.RaftServerConfigKeys (ConfUtils.java:logGet(46)) - raft.server.rpc.timeout.min = 5s (custom)
2023-06-01 19:11:08,923 [d78dd883-3e4c-45aa-98b2-e8ffdf2e22af-groupManagement] INFO  server.RaftServerConfigKeys (ConfUtils.java:logGet(46)) - raft.server.rpc.timeout.max = 5200ms (custom)
2023-06-01 19:11:08,923 [d78dd883-3e4c-45aa-98b2-e8ffdf2e22af-groupManagement] INFO  server.RaftServerConfigKeys (ConfUtils.java:logGet(46)) - raft.server.rpc.sleep.time = 25ms (default)
2023-06-01 19:11:08,923 [d78dd883-3e4c-45aa-98b2-e8ffdf2e22af-groupManagement] INFO  server.RaftServerConfigKeys (ConfUtils.java:logGet(46)) - raft.server.rpc.slowness.timeout = 300s (custom)
2023-06-01 19:11:08,923 [d78dd883-3e4c-45aa-98b2-e8ffdf2e22af-groupManagement] INFO  server.RaftServerConfigKeys (ConfUtils.java:logGet(46)) - raft.server.leaderelection.leader.step-down.wait-time = 10s (default)
2023-06-01 19:11:08,923 [d78dd883-3e4c-45aa-98b2-e8ffdf2e22af-groupManagement] INFO  server.RaftServerConfigKeys (ConfUtils.java:logGet(46)) - raft.server.sleep.deviation.threshold = 300ms (default)
2023-06-01 19:11:08,923 [d78dd883-3e4c-45aa-98b2-e8ffdf2e22af-groupManagement] INFO  server.RaftServer$Division (ServerState.java:<init>(120)) - d78dd883-3e4c-45aa-98b2-e8ffdf2e22af@group-AEB6F4C7E190: ConfigurationManager, init=-1: peers:[d78dd883-3e4c-45aa-98b2-e8ffdf2e22af|rpc:10.1.0.196:15032|admin:10.1.0.196:15031|client:10.1.0.196:15030|dataStream:10.1.0.196:15033|priority:1|startupRole:FOLLOWER, c686f304-079c-4e24-9d21-fd4c36dc1242|rpc:10.1.0.196:15023|admin:10.1.0.196:15022|client:10.1.0.196:15021|dataStream:10.1.0.196:15024|priority:0|startupRole:FOLLOWER, fac1c7af-03c1-44bd-b323-3796df9c2435|rpc:10.1.0.196:15014|admin:10.1.0.196:15013|client:10.1.0.196:15012|dataStream:10.1.0.196:15015|priority:0|startupRole:FOLLOWER]|listeners:[], old=null, confs=<EMPTY_MAP>
2023-06-01 19:11:08,923 [d78dd883-3e4c-45aa-98b2-e8ffdf2e22af-groupManagement] INFO  server.RaftServerConfigKeys (ConfUtils.java:logGet(46)) - raft.server.storage.dir = [/home/runner/work/ozone/ozone/hadoop-ozone/integration-test/target/test-dir/MiniOzoneClusterImpl-59aba430-7466-43cf-ac60-ffcd1bd17169/datanode-2/data/ratis] (custom)
2023-06-01 19:11:08,923 [d78dd883-3e4c-45aa-98b2-e8ffdf2e22af-groupManagement] INFO  server.RaftServerConfigKeys (ConfUtils.java:logGet(46)) - raft.server.log.corruption.policy = EXCEPTION (default)
2023-06-01 19:11:08,923 [d78dd883-3e4c-45aa-98b2-e8ffdf2e22af-groupManagement] INFO  server.RaftServerConfigKeys (ConfUtils.java:logGet(46)) - raft.server.storage.free-space.min = 0MB (=0) (default)
2023-06-01 19:11:08,923 [d78dd883-3e4c-45aa-98b2-e8ffdf2e22af-groupManagement] INFO  server.RaftServerConfigKeys (ConfUtils.java:logGet(46)) - raft.server.notification.no-leader.timeout = 300s (custom)
2023-06-01 19:11:08,923 [d78dd883-3e4c-45aa-98b2-e8ffdf2e22af-groupManagement] INFO  server.RaftServerConfigKeys (ConfUtils.java:logGet(46)) - raft.server.read.timeout = 10s (default)
2023-06-01 19:11:08,923 [d78dd883-3e4c-45aa-98b2-e8ffdf2e22af-groupManagement] INFO  server.RaftServerConfigKeys (ConfUtils.java:logGet(46)) - raft.server.retrycache.expirytime = 600000ms (custom)
2023-06-01 19:11:08,923 [d78dd883-3e4c-45aa-98b2-e8ffdf2e22af-groupManagement] INFO  server.RaftServerConfigKeys (ConfUtils.java:logGet(46)) - raft.server.retrycache.statistics.expirytime = 100μs (default)
2023-06-01 19:11:08,923 [d78dd883-3e4c-45aa-98b2-e8ffdf2e22af-groupManagement] INFO  server.RaftServerConfigKeys (ConfUtils.java:logGet(46)) - raft.server.read.option = DEFAULT (default)
2023-06-01 19:11:08,925 [d78dd883-3e4c-45aa-98b2-e8ffdf2e22af-groupManagement] INFO  server.RaftServerConfigKeys (ConfUtils.java:logGet(46)) - raft.server.rpc.request.timeout = 60s (custom)
2023-06-01 19:11:08,925 [d78dd883-3e4c-45aa-98b2-e8ffdf2e22af-groupManagement] INFO  server.RaftServerConfigKeys (ConfUtils.java:logGet(46)) - raft.server.log.appender.install.snapshot.enabled = false (custom)
2023-06-01 19:11:08,925 [d78dd883-3e4c-45aa-98b2-e8ffdf2e22af-groupManagement] INFO  server.RaftServerConfigKeys (ConfUtils.java:logGet(46)) - raft.server.threadpool.server.cached = true (default)
2023-06-01 19:11:08,925 [d78dd883-3e4c-45aa-98b2-e8ffdf2e22af-groupManagement] INFO  server.RaftServerConfigKeys (ConfUtils.java:logGet(46)) - raft.server.threadpool.server.size = 0 (default)
2023-06-01 19:11:08,925 [d78dd883-3e4c-45aa-98b2-e8ffdf2e22af-groupManagement] INFO  server.RaftServerConfigKeys (ConfUtils.java:logGet(46)) - raft.server.threadpool.client.cached = true (default)
2023-06-01 19:11:08,925 [d78dd883-3e4c-45aa-98b2-e8ffdf2e22af-groupManagement] INFO  server.RaftServerConfigKeys (ConfUtils.java:logGet(46)) - raft.server.threadpool.client.size = 0 (default)
2023-06-01 19:11:08,925 [d78dd883-3e4c-45aa-98b2-e8ffdf2e22af-groupManagement] INFO  storage.RaftStorageDirectory (RaftStorageDirectoryImpl.java:analyzeStorage(137)) - The storage directory /home/runner/work/ozone/ozone/hadoop-ozone/integration-test/target/test-dir/MiniOzoneClusterImpl-59aba430-7466-43cf-ac60-ffcd1bd17169/datanode-2/data/ratis/793e092b-6040-4f80-b54d-aeb6f4c7e190 does not exist. Creating ...
2023-06-01 19:11:08,927 [d78dd883-3e4c-45aa-98b2-e8ffdf2e22af-groupManagement] INFO  storage.RaftStorageDirectory (RaftStorageDirectoryImpl.java:tryLock(231)) - Lock on /home/runner/work/ozone/ozone/hadoop-ozone/integration-test/target/test-dir/MiniOzoneClusterImpl-59aba430-7466-43cf-ac60-ffcd1bd17169/datanode-2/data/ratis/793e092b-6040-4f80-b54d-aeb6f4c7e190/in_use.lock acquired by nodename 16224@fv-az163-187
2023-06-01 19:11:08,943 [d78dd883-3e4c-45aa-98b2-e8ffdf2e22af-groupManagement] INFO  storage.RaftStorage (RaftStorageImpl.java:format(96)) - Storage directory /home/runner/work/ozone/ozone/hadoop-ozone/integration-test/target/test-dir/MiniOzoneClusterImpl-59aba430-7466-43cf-ac60-ffcd1bd17169/datanode-2/data/ratis/793e092b-6040-4f80-b54d-aeb6f4c7e190 has been successfully formatted.
2023-06-01 19:11:08,944 [d78dd883-3e4c-45aa-98b2-e8ffdf2e22af-groupManagement] INFO  ratis.ContainerStateMachine (ContainerStateMachine.java:loadSnapshot(262)) - group-AEB6F4C7E190: The snapshot info is null. Setting the last applied indexto:(t:0, i:~)
2023-06-01 19:11:08,944 [d78dd883-3e4c-45aa-98b2-e8ffdf2e22af-groupManagement] INFO  server.RaftServerConfigKeys (ConfUtils.java:logGet(46)) - raft.server.log.use.memory = false (default)
2023-06-01 19:11:08,944 [d78dd883-3e4c-45aa-98b2-e8ffdf2e22af-groupManagement] INFO  server.RaftServerConfigKeys (ConfUtils.java:logGet(46)) - raft.server.log.purge.gap = 1000000 (custom)
2023-06-01 19:11:08,944 [d78dd883-3e4c-45aa-98b2-e8ffdf2e22af-groupManagement] INFO  server.RaftServerConfigKeys (ConfUtils.java:logGet(46)) - raft.server.log.appender.buffer.byte-limit = 33554432 (custom)
2023-06-01 19:11:08,944 [d78dd883-3e4c-45aa-98b2-e8ffdf2e22af-groupManagement] INFO  server.RaftServerConfigKeys (ConfUtils.java:logGet(46)) - raft.server.log.statemachine.data.read.timeout = 1000ms (default)
2023-06-01 19:11:08,944 [d78dd883-3e4c-45aa-98b2-e8ffdf2e22af-groupManagement] INFO  server.RaftServerConfigKeys (ConfUtils.java:logGet(46)) - raft.server.log.purge.preservation.log.num = 0 (default)
2023-06-01 19:11:08,945 [d78dd883-3e4c-45aa-98b2-e8ffdf2e22af-groupManagement] INFO  server.RaftServerConfigKeys (ConfUtils.java:logGet(46)) - raft.server.log.segment.size.max = 1048576 (custom)
2023-06-01 19:11:08,945 [d78dd883-3e4c-45aa-98b2-e8ffdf2e22af-groupManagement] INFO  server.RaftServerConfigKeys (ConfUtils.java:logGet(46)) - raft.server.log.segment.cache.num.max = 2 (custom)
2023-06-01 19:11:08,945 [d78dd883-3e4c-45aa-98b2-e8ffdf2e22af-groupManagement] INFO  server.RaftServerConfigKeys (ConfUtils.java:logGet(46)) - raft.server.log.segment.cache.size.max = 200MB (=209715200) (default)
2023-06-01 19:11:08,945 [d78dd883-3e4c-45aa-98b2-e8ffdf2e22af-groupManagement] INFO  server.RaftServerConfigKeys (ConfUtils.java:logGet(46)) - raft.server.log.appender.buffer.byte-limit = 33554432 (custom)
2023-06-01 19:11:08,945 [d78dd883-3e4c-45aa-98b2-e8ffdf2e22af-groupManagement] INFO  segmented.SegmentedRaftLogWorker (SegmentedRaftLogWorker.java:<init>(188)) - new d78dd883-3e4c-45aa-98b2-e8ffdf2e22af@group-AEB6F4C7E190-SegmentedRaftLogWorker for RaftStorageImpl:Storage Directory /home/runner/work/ozone/ozone/hadoop-ozone/integration-test/target/test-dir/MiniOzoneClusterImpl-59aba430-7466-43cf-ac60-ffcd1bd17169/datanode-2/data/ratis/793e092b-6040-4f80-b54d-aeb6f4c7e190
2023-06-01 19:11:08,945 [d78dd883-3e4c-45aa-98b2-e8ffdf2e22af-groupManagement] INFO  server.RaftServerConfigKeys (ConfUtils.java:logGet(46)) - raft.server.log.queue.byte-limit = 4294967296 (custom)
2023-06-01 19:11:08,945 [d78dd883-3e4c-45aa-98b2-e8ffdf2e22af-groupManagement] INFO  server.RaftServerConfigKeys (ConfUtils.java:logGet(46)) - raft.server.log.queue.element-limit = 1024 (custom)
2023-06-01 19:11:08,945 [d78dd883-3e4c-45aa-98b2-e8ffdf2e22af-groupManagement] INFO  server.RaftServerConfigKeys (ConfUtils.java:logGet(46)) - raft.server.log.segment.size.max = 1048576 (custom)
2023-06-01 19:11:08,945 [d78dd883-3e4c-45aa-98b2-e8ffdf2e22af-groupManagement] INFO  server.RaftServerConfigKeys (ConfUtils.java:logGet(46)) - raft.server.log.preallocated.size = 16384 (custom)
2023-06-01 19:11:08,945 [d78dd883-3e4c-45aa-98b2-e8ffdf2e22af-groupManagement] INFO  server.RaftServerConfigKeys (ConfUtils.java:logGet(46)) - raft.server.log.force.sync.num = 128 (default)
2023-06-01 19:11:08,945 [d78dd883-3e4c-45aa-98b2-e8ffdf2e22af-groupManagement] INFO  server.RaftServerConfigKeys (ConfUtils.java:logGet(46)) - raft.server.log.statemachine.data.sync = true (default)
2023-06-01 19:11:08,945 [d78dd883-3e4c-45aa-98b2-e8ffdf2e22af-groupManagement] INFO  server.RaftServerConfigKeys (ConfUtils.java:logGet(46)) - raft.server.log.statemachine.data.sync.timeout = 10s (default)
2023-06-01 19:11:08,945 [d78dd883-3e4c-45aa-98b2-e8ffdf2e22af-groupManagement] INFO  server.RaftServerConfigKeys (ConfUtils.java:logGet(46)) - raft.server.log.statemachine.data.sync.timeout.retry = -1 (default)
2023-06-01 19:11:08,946 [d78dd883-3e4c-45aa-98b2-e8ffdf2e22af-groupManagement] INFO  server.RaftServerConfigKeys (ConfUtils.java:logGet(46)) - raft.server.log.write.buffer.size = 1048576 (custom)
2023-06-01 19:11:08,947 [d78dd883-3e4c-45aa-98b2-e8ffdf2e22af-groupManagement] INFO  server.RaftServerConfigKeys (ConfUtils.java:logGet(46)) - raft.server.log.appender.buffer.byte-limit = 33554432 (custom)
2023-06-01 19:11:08,952 [d78dd883-3e4c-45aa-98b2-e8ffdf2e22af-groupManagement] INFO  server.RaftServerConfigKeys (ConfUtils.java:logGet(46)) - raft.server.log.unsafe-flush.enabled = false (default)
2023-06-01 19:11:08,952 [d78dd883-3e4c-45aa-98b2-e8ffdf2e22af-groupManagement] INFO  server.RaftServerConfigKeys (ConfUtils.java:logGet(46)) - raft.server.log.async-flush.enabled = false (default)
2023-06-01 19:11:08,952 [d78dd883-3e4c-45aa-98b2-e8ffdf2e22af-groupManagement] INFO  server.RaftServerConfigKeys (ConfUtils.java:logGet(46)) - raft.server.log.statemachine.data.caching.enabled = true (custom)
2023-06-01 19:11:08,952 [d78dd883-3e4c-45aa-98b2-e8ffdf2e22af-groupManagement] INFO  segmented.SegmentedRaftLogWorker (SegmentedRaftLogWorker.java:lambda$new$0(135)) - d78dd883-3e4c-45aa-98b2-e8ffdf2e22af@group-AEB6F4C7E190-SegmentedRaftLogWorker: flushIndex: setUnconditionally 0 -> -1
2023-06-01 19:11:08,952 [d78dd883-3e4c-45aa-98b2-e8ffdf2e22af-groupManagement] INFO  segmented.SegmentedRaftLogWorker (SegmentedRaftLogWorker.java:lambda$new$0(135)) - d78dd883-3e4c-45aa-98b2-e8ffdf2e22af@group-AEB6F4C7E190-SegmentedRaftLogWorker: safeCacheEvictIndex: setUnconditionally 0 -> -1
2023-06-01 19:11:08,952 [d78dd883-3e4c-45aa-98b2-e8ffdf2e22af-groupManagement] INFO  server.RaftServer$Division (RaftServerImpl.java:start(342)) - d78dd883-3e4c-45aa-98b2-e8ffdf2e22af@group-AEB6F4C7E190: start as a follower, conf=-1: peers:[d78dd883-3e4c-45aa-98b2-e8ffdf2e22af|rpc:10.1.0.196:15032|admin:10.1.0.196:15031|client:10.1.0.196:15030|dataStream:10.1.0.196:15033|priority:1|startupRole:FOLLOWER, c686f304-079c-4e24-9d21-fd4c36dc1242|rpc:10.1.0.196:15023|admin:10.1.0.196:15022|client:10.1.0.196:15021|dataStream:10.1.0.196:15024|priority:0|startupRole:FOLLOWER, fac1c7af-03c1-44bd-b323-3796df9c2435|rpc:10.1.0.196:15014|admin:10.1.0.196:15013|client:10.1.0.196:15012|dataStream:10.1.0.196:15015|priority:0|startupRole:FOLLOWER]|listeners:[], old=null
2023-06-01 19:11:08,953 [d78dd883-3e4c-45aa-98b2-e8ffdf2e22af-groupManagement] INFO  server.RaftServer$Division (RaftServerImpl.java:setRole(329)) - d78dd883-3e4c-45aa-98b2-e8ffdf2e22af@group-AEB6F4C7E190: changes role from      null to FOLLOWER at term 0 for startAsFollower
2023-06-01 19:11:08,953 [d78dd883-3e4c-45aa-98b2-e8ffdf2e22af-groupManagement] INFO  impl.RoleInfo (RoleInfo.java:updateAndGet(139)) - d78dd883-3e4c-45aa-98b2-e8ffdf2e22af: start d78dd883-3e4c-45aa-98b2-e8ffdf2e22af@group-AEB6F4C7E190-FollowerState
2023-06-01 19:11:08,953 [d78dd883-3e4c-45aa-98b2-e8ffdf2e22af-groupManagement] INFO  util.JmxRegister (JmxRegister.java:tryRegister(44)) - Successfully registered JMX Bean with object name Ratis:service=RaftServer,group=group-AEB6F4C7E190,id=d78dd883-3e4c-45aa-98b2-e8ffdf2e22af
2023-06-01 19:11:08,953 [d78dd883-3e4c-45aa-98b2-e8ffdf2e22af-groupManagement] INFO  server.RaftServerConfigKeys (ConfUtils.java:logGet(46)) - raft.server.snapshot.auto.trigger.enabled = true (custom)
2023-06-01 19:11:08,953 [d78dd883-3e4c-45aa-98b2-e8ffdf2e22af-groupManagement] INFO  server.RaftServerConfigKeys (ConfUtils.java:logGet(46)) - raft.server.snapshot.auto.trigger.threshold = 10000 (custom)
2023-06-01 19:11:08,953 [d78dd883-3e4c-45aa-98b2-e8ffdf2e22af-groupManagement] INFO  server.RaftServerConfigKeys (ConfUtils.java:logGet(46)) - raft.server.snapshot.retention.file.num = 5 (custom)
2023-06-01 19:11:08,953 [d78dd883-3e4c-45aa-98b2-e8ffdf2e22af-groupManagement] INFO  server.RaftServerConfigKeys (ConfUtils.java:logGet(46)) - raft.server.log.purge.upto.snapshot.index = false (default)
2023-06-01 19:11:08,954 [d78dd883-3e4c-45aa-98b2-e8ffdf2e22af@group-AEB6F4C7E190-FollowerState] INFO  server.RaftServerConfigKeys (ConfUtils.java:logFallback(53)) - raft.server.rpc.first-election.timeout.min = 5s (fallback to raft.server.rpc.timeout.min)
2023-06-01 19:11:08,966 [d78dd883-3e4c-45aa-98b2-e8ffdf2e22af@group-AEB6F4C7E190-FollowerState] INFO  server.RaftServerConfigKeys (ConfUtils.java:logFallback(53)) - raft.server.rpc.first-election.timeout.max = 5200ms (fallback to raft.server.rpc.timeout.max)
2023-06-01 19:11:08,986 [grpc-default-executor-1] INFO  server.RaftServer (RaftServerProxy.java:addNew(98)) - fac1c7af-03c1-44bd-b323-3796df9c2435: addNew group-E89CD66131D1:[d78dd883-3e4c-45aa-98b2-e8ffdf2e22af|rpc:10.1.0.196:15032|admin:10.1.0.196:15031|client:10.1.0.196:15030|dataStream:10.1.0.196:15033|priority:0|startupRole:FOLLOWER, fac1c7af-03c1-44bd-b323-3796df9c2435|rpc:10.1.0.196:15014|admin:10.1.0.196:15013|client:10.1.0.196:15012|dataStream:10.1.0.196:15015|priority:0|startupRole:FOLLOWER, c686f304-079c-4e24-9d21-fd4c36dc1242|rpc:10.1.0.196:15023|admin:10.1.0.196:15022|client:10.1.0.196:15021|dataStream:10.1.0.196:15024|priority:1|startupRole:FOLLOWER] returns group-E89CD66131D1:java.util.concurrent.CompletableFuture@68e38ff7[Not completed]
2023-06-01 19:11:08,987 [fac1c7af-03c1-44bd-b323-3796df9c2435-groupManagement] INFO  server.RaftServer$Division (RaftServerImpl.java:<init>(198)) - fac1c7af-03c1-44bd-b323-3796df9c2435: new RaftServerImpl for group-E89CD66131D1:[d78dd883-3e4c-45aa-98b2-e8ffdf2e22af|rpc:10.1.0.196:15032|admin:10.1.0.196:15031|client:10.1.0.196:15030|dataStream:10.1.0.196:15033|priority:0|startupRole:FOLLOWER, fac1c7af-03c1-44bd-b323-3796df9c2435|rpc:10.1.0.196:15014|admin:10.1.0.196:15013|client:10.1.0.196:15012|dataStream:10.1.0.196:15015|priority:0|startupRole:FOLLOWER, c686f304-079c-4e24-9d21-fd4c36dc1242|rpc:10.1.0.196:15023|admin:10.1.0.196:15022|client:10.1.0.196:15021|dataStream:10.1.0.196:15024|priority:1|startupRole:FOLLOWER] with ContainerStateMachine:uninitialized
2023-06-01 19:11:08,987 [fac1c7af-03c1-44bd-b323-3796df9c2435-groupManagement] INFO  server.RaftServerConfigKeys (ConfUtils.java:logGet(46)) - raft.server.rpc.timeout.min = 5s (custom)
2023-06-01 19:11:08,987 [fac1c7af-03c1-44bd-b323-3796df9c2435-groupManagement] INFO  server.RaftServerConfigKeys (ConfUtils.java:logGet(46)) - raft.server.rpc.timeout.max = 5200ms (custom)
2023-06-01 19:11:08,987 [fac1c7af-03c1-44bd-b323-3796df9c2435-groupManagement] INFO  server.RaftServerConfigKeys (ConfUtils.java:logGet(46)) - raft.server.rpc.sleep.time = 25ms (default)
2023-06-01 19:11:08,987 [fac1c7af-03c1-44bd-b323-3796df9c2435-groupManagement] INFO  server.RaftServerConfigKeys (ConfUtils.java:logGet(46)) - raft.server.rpc.slowness.timeout = 300s (custom)
2023-06-01 19:11:08,987 [fac1c7af-03c1-44bd-b323-3796df9c2435-groupManagement] INFO  server.RaftServerConfigKeys (ConfUtils.java:logGet(46)) - raft.server.leaderelection.leader.step-down.wait-time = 10s (default)
2023-06-01 19:11:08,987 [fac1c7af-03c1-44bd-b323-3796df9c2435-groupManagement] INFO  server.RaftServerConfigKeys (ConfUtils.java:logGet(46)) - raft.server.sleep.deviation.threshold = 300ms (default)
2023-06-01 19:11:08,987 [fac1c7af-03c1-44bd-b323-3796df9c2435-groupManagement] INFO  server.RaftServer$Division (ServerState.java:<init>(120)) - fac1c7af-03c1-44bd-b323-3796df9c2435@group-E89CD66131D1: ConfigurationManager, init=-1: peers:[d78dd883-3e4c-45aa-98b2-e8ffdf2e22af|rpc:10.1.0.196:15032|admin:10.1.0.196:15031|client:10.1.0.196:15030|dataStream:10.1.0.196:15033|priority:0|startupRole:FOLLOWER, fac1c7af-03c1-44bd-b323-3796df9c2435|rpc:10.1.0.196:15014|admin:10.1.0.196:15013|client:10.1.0.196:15012|dataStream:10.1.0.196:15015|priority:0|startupRole:FOLLOWER, c686f304-079c-4e24-9d21-fd4c36dc1242|rpc:10.1.0.196:15023|admin:10.1.0.196:15022|client:10.1.0.196:15021|dataStream:10.1.0.196:15024|priority:1|startupRole:FOLLOWER]|listeners:[], old=null, confs=<EMPTY_MAP>
2023-06-01 19:11:08,987 [fac1c7af-03c1-44bd-b323-3796df9c2435-groupManagement] INFO  server.RaftServerConfigKeys (ConfUtils.java:logGet(46)) - raft.server.storage.dir = [/home/runner/work/ozone/ozone/hadoop-ozone/integration-test/target/test-dir/MiniOzoneClusterImpl-59aba430-7466-43cf-ac60-ffcd1bd17169/datanode-0/data/ratis] (custom)
2023-06-01 19:11:08,988 [fac1c7af-03c1-44bd-b323-3796df9c2435-groupManagement] INFO  server.RaftServerConfigKeys (ConfUtils.java:logGet(46)) - raft.server.log.corruption.policy = EXCEPTION (default)
2023-06-01 19:11:08,988 [fac1c7af-03c1-44bd-b323-3796df9c2435-groupManagement] INFO  server.RaftServerConfigKeys (ConfUtils.java:logGet(46)) - raft.server.storage.free-space.min = 0MB (=0) (default)
2023-06-01 19:11:08,988 [fac1c7af-03c1-44bd-b323-3796df9c2435-groupManagement] INFO  server.RaftServerConfigKeys (ConfUtils.java:logGet(46)) - raft.server.notification.no-leader.timeout = 300s (custom)
2023-06-01 19:11:08,988 [fac1c7af-03c1-44bd-b323-3796df9c2435-groupManagement] INFO  server.RaftServerConfigKeys (ConfUtils.java:logGet(46)) - raft.server.read.timeout = 10s (default)
2023-06-01 19:11:08,988 [fac1c7af-03c1-44bd-b323-3796df9c2435-groupManagement] INFO  server.RaftServerConfigKeys (ConfUtils.java:logGet(46)) - raft.server.retrycache.expirytime = 600000ms (custom)
2023-06-01 19:11:08,988 [fac1c7af-03c1-44bd-b323-3796df9c2435-groupManagement] INFO  server.RaftServerConfigKeys (ConfUtils.java:logGet(46)) - raft.server.retrycache.statistics.expirytime = 100μs (default)
2023-06-01 19:11:08,988 [fac1c7af-03c1-44bd-b323-3796df9c2435-groupManagement] INFO  server.RaftServerConfigKeys (ConfUtils.java:logGet(46)) - raft.server.read.option = DEFAULT (default)
2023-06-01 19:11:08,989 [fac1c7af-03c1-44bd-b323-3796df9c2435-groupManagement] INFO  server.RaftServerConfigKeys (ConfUtils.java:logGet(46)) - raft.server.rpc.request.timeout = 60s (custom)
2023-06-01 19:11:08,989 [fac1c7af-03c1-44bd-b323-3796df9c2435-groupManagement] INFO  server.RaftServerConfigKeys (ConfUtils.java:logGet(46)) - raft.server.log.appender.install.snapshot.enabled = false (custom)
2023-06-01 19:11:08,989 [fac1c7af-03c1-44bd-b323-3796df9c2435-groupManagement] INFO  server.RaftServerConfigKeys (ConfUtils.java:logGet(46)) - raft.server.threadpool.server.cached = true (default)
2023-06-01 19:11:08,989 [fac1c7af-03c1-44bd-b323-3796df9c2435-groupManagement] INFO  server.RaftServerConfigKeys (ConfUtils.java:logGet(46)) - raft.server.threadpool.server.size = 0 (default)
2023-06-01 19:11:08,989 [fac1c7af-03c1-44bd-b323-3796df9c2435-groupManagement] INFO  server.RaftServerConfigKeys (ConfUtils.java:logGet(46)) - raft.server.threadpool.client.cached = true (default)
2023-06-01 19:11:08,989 [fac1c7af-03c1-44bd-b323-3796df9c2435-groupManagement] INFO  server.RaftServerConfigKeys (ConfUtils.java:logGet(46)) - raft.server.threadpool.client.size = 0 (default)
2023-06-01 19:11:08,990 [fac1c7af-03c1-44bd-b323-3796df9c2435-groupManagement] INFO  storage.RaftStorageDirectory (RaftStorageDirectoryImpl.java:analyzeStorage(137)) - The storage directory /home/runner/work/ozone/ozone/hadoop-ozone/integration-test/target/test-dir/MiniOzoneClusterImpl-59aba430-7466-43cf-ac60-ffcd1bd17169/datanode-0/data/ratis/ee6c0190-ec41-489e-8a9d-e89cd66131d1 does not exist. Creating ...
2023-06-01 19:11:08,995 [fac1c7af-03c1-44bd-b323-3796df9c2435-groupManagement] INFO  storage.RaftStorageDirectory (RaftStorageDirectoryImpl.java:tryLock(231)) - Lock on /home/runner/work/ozone/ozone/hadoop-ozone/integration-test/target/test-dir/MiniOzoneClusterImpl-59aba430-7466-43cf-ac60-ffcd1bd17169/datanode-0/data/ratis/ee6c0190-ec41-489e-8a9d-e89cd66131d1/in_use.lock acquired by nodename 16224@fv-az163-187
2023-06-01 19:11:08,996 [PipelineCommandHandlerThread-0] INFO  commandhandler.CreatePipelineCommandHandler (CreatePipelineCommandHandler.java:lambda$handle$2(124)) - Created Pipeline RATIS THREE PipelineID=793e092b-6040-4f80-b54d-aeb6f4c7e190.
2023-06-01 19:11:08,996 [fac1c7af-03c1-44bd-b323-3796df9c2435-groupManagement] INFO  storage.RaftStorage (RaftStorageImpl.java:format(96)) - Storage directory /home/runner/work/ozone/ozone/hadoop-ozone/integration-test/target/test-dir/MiniOzoneClusterImpl-59aba430-7466-43cf-ac60-ffcd1bd17169/datanode-0/data/ratis/ee6c0190-ec41-489e-8a9d-e89cd66131d1 has been successfully formatted.
2023-06-01 19:11:08,998 [fac1c7af-03c1-44bd-b323-3796df9c2435-groupManagement] INFO  ratis.ContainerStateMachine (ContainerStateMachine.java:loadSnapshot(262)) - group-E89CD66131D1: The snapshot info is null. Setting the last applied indexto:(t:0, i:~)
2023-06-01 19:11:08,998 [fac1c7af-03c1-44bd-b323-3796df9c2435-groupManagement] INFO  server.RaftServerConfigKeys (ConfUtils.java:logGet(46)) - raft.server.log.use.memory = false (default)
2023-06-01 19:11:08,998 [fac1c7af-03c1-44bd-b323-3796df9c2435-groupManagement] INFO  server.RaftServerConfigKeys (ConfUtils.java:logGet(46)) - raft.server.log.purge.gap = 1000000 (custom)
2023-06-01 19:11:08,998 [fac1c7af-03c1-44bd-b323-3796df9c2435-groupManagement] INFO  server.RaftServerConfigKeys (ConfUtils.java:logGet(46)) - raft.server.log.appender.buffer.byte-limit = 33554432 (custom)
2023-06-01 19:11:08,998 [fac1c7af-03c1-44bd-b323-3796df9c2435-groupManagement] INFO  server.RaftServerConfigKeys (ConfUtils.java:logGet(46)) - raft.server.log.statemachine.data.read.timeout = 1000ms (default)
2023-06-01 19:11:08,998 [fac1c7af-03c1-44bd-b323-3796df9c2435-groupManagement] INFO  server.RaftServerConfigKeys (ConfUtils.java:logGet(46)) - raft.server.log.purge.preservation.log.num = 0 (default)
2023-06-01 19:11:09,000 [fac1c7af-03c1-44bd-b323-3796df9c2435-groupManagement] INFO  server.RaftServerConfigKeys (ConfUtils.java:logGet(46)) - raft.server.log.segment.size.max = 1048576 (custom)
2023-06-01 19:11:09,000 [fac1c7af-03c1-44bd-b323-3796df9c2435-groupManagement] INFO  server.RaftServerConfigKeys (ConfUtils.java:logGet(46)) - raft.server.log.segment.cache.num.max = 2 (custom)
2023-06-01 19:11:09,000 [fac1c7af-03c1-44bd-b323-3796df9c2435-groupManagement] INFO  server.RaftServerConfigKeys (ConfUtils.java:logGet(46)) - raft.server.log.segment.cache.size.max = 200MB (=209715200) (default)
2023-06-01 19:11:09,000 [fac1c7af-03c1-44bd-b323-3796df9c2435-groupManagement] INFO  server.RaftServerConfigKeys (ConfUtils.java:logGet(46)) - raft.server.log.appender.buffer.byte-limit = 33554432 (custom)
2023-06-01 19:11:09,000 [fac1c7af-03c1-44bd-b323-3796df9c2435-groupManagement] INFO  segmented.SegmentedRaftLogWorker (SegmentedRaftLogWorker.java:<init>(188)) - new fac1c7af-03c1-44bd-b323-3796df9c2435@group-E89CD66131D1-SegmentedRaftLogWorker for RaftStorageImpl:Storage Directory /home/runner/work/ozone/ozone/hadoop-ozone/integration-test/target/test-dir/MiniOzoneClusterImpl-59aba430-7466-43cf-ac60-ffcd1bd17169/datanode-0/data/ratis/ee6c0190-ec41-489e-8a9d-e89cd66131d1
2023-06-01 19:11:09,000 [fac1c7af-03c1-44bd-b323-3796df9c2435-groupManagement] INFO  server.RaftServerConfigKeys (ConfUtils.java:logGet(46)) - raft.server.log.queue.byte-limit = 4294967296 (custom)
2023-06-01 19:11:09,000 [fac1c7af-03c1-44bd-b323-3796df9c2435-groupManagement] INFO  server.RaftServerConfigKeys (ConfUtils.java:logGet(46)) - raft.server.log.queue.element-limit = 1024 (custom)
2023-06-01 19:11:09,000 [fac1c7af-03c1-44bd-b323-3796df9c2435-groupManagement] INFO  server.RaftServerConfigKeys (ConfUtils.java:logGet(46)) - raft.server.log.segment.size.max = 1048576 (custom)
2023-06-01 19:11:09,000 [fac1c7af-03c1-44bd-b323-3796df9c2435-groupManagement] INFO  server.RaftServerConfigKeys (ConfUtils.java:logGet(46)) - raft.server.log.preallocated.size = 16384 (custom)
2023-06-01 19:11:09,001 [fac1c7af-03c1-44bd-b323-3796df9c2435-groupManagement] INFO  server.RaftServerConfigKeys (ConfUtils.java:logGet(46)) - raft.server.log.force.sync.num = 128 (default)
2023-06-01 19:11:09,001 [fac1c7af-03c1-44bd-b323-3796df9c2435-groupManagement] INFO  server.RaftServerConfigKeys (ConfUtils.java:logGet(46)) - raft.server.log.statemachine.data.sync = true (default)
2023-06-01 19:11:09,001 [fac1c7af-03c1-44bd-b323-3796df9c2435-groupManagement] INFO  server.RaftServerConfigKeys (ConfUtils.java:logGet(46)) - raft.server.log.statemachine.data.sync.timeout = 10s (default)
2023-06-01 19:11:09,001 [fac1c7af-03c1-44bd-b323-3796df9c2435-groupManagement] INFO  server.RaftServerConfigKeys (ConfUtils.java:logGet(46)) - raft.server.log.statemachine.data.sync.timeout.retry = -1 (default)
2023-06-01 19:11:09,003 [fac1c7af-03c1-44bd-b323-3796df9c2435-groupManagement] INFO  server.RaftServerConfigKeys (ConfUtils.java:logGet(46)) - raft.server.log.write.buffer.size = 1048576 (custom)
2023-06-01 19:11:09,006 [EventQueue-OpenPipelineForHealthyPipelineSafeModeRule] INFO  safemode.SCMSafeModeManager (HealthyPipelineSafeModeRule.java:process(137)) - SCM in safe mode. Healthy pipelines reported count is 0, required healthy pipeline reported count is 1
2023-06-01 19:11:09,007 [fac1c7af-03c1-44bd-b323-3796df9c2435-groupManagement] INFO  server.RaftServerConfigKeys (ConfUtils.java:logGet(46)) - raft.server.log.appender.buffer.byte-limit = 33554432 (custom)
2023-06-01 19:11:09,010 [fac1c7af-03c1-44bd-b323-3796df9c2435-groupManagement] INFO  server.RaftServerConfigKeys (ConfUtils.java:logGet(46)) - raft.server.log.unsafe-flush.enabled = false (default)
2023-06-01 19:11:09,010 [fac1c7af-03c1-44bd-b323-3796df9c2435-groupManagement] INFO  server.RaftServerConfigKeys (ConfUtils.java:logGet(46)) - raft.server.log.async-flush.enabled = false (default)
2023-06-01 19:11:09,010 [fac1c7af-03c1-44bd-b323-3796df9c2435-groupManagement] INFO  server.RaftServerConfigKeys (ConfUtils.java:logGet(46)) - raft.server.log.statemachine.data.caching.enabled = true (custom)
2023-06-01 19:11:09,011 [fac1c7af-03c1-44bd-b323-3796df9c2435-groupManagement] INFO  segmented.SegmentedRaftLogWorker (SegmentedRaftLogWorker.java:lambda$new$0(135)) - fac1c7af-03c1-44bd-b323-3796df9c2435@group-E89CD66131D1-SegmentedRaftLogWorker: flushIndex: setUnconditionally 0 -> -1
2023-06-01 19:11:09,011 [fac1c7af-03c1-44bd-b323-3796df9c2435-groupManagement] INFO  segmented.SegmentedRaftLogWorker (SegmentedRaftLogWorker.java:lambda$new$0(135)) - fac1c7af-03c1-44bd-b323-3796df9c2435@group-E89CD66131D1-SegmentedRaftLogWorker: safeCacheEvictIndex: setUnconditionally 0 -> -1
2023-06-01 19:11:09,012 [fac1c7af-03c1-44bd-b323-3796df9c2435-groupManagement] INFO  server.RaftServer$Division (RaftServerImpl.java:start(342)) - fac1c7af-03c1-44bd-b323-3796df9c2435@group-E89CD66131D1: start as a follower, conf=-1: peers:[d78dd883-3e4c-45aa-98b2-e8ffdf2e22af|rpc:10.1.0.196:15032|admin:10.1.0.196:15031|client:10.1.0.196:15030|dataStream:10.1.0.196:15033|priority:0|startupRole:FOLLOWER, fac1c7af-03c1-44bd-b323-3796df9c2435|rpc:10.1.0.196:15014|admin:10.1.0.196:15013|client:10.1.0.196:15012|dataStream:10.1.0.196:15015|priority:0|startupRole:FOLLOWER, c686f304-079c-4e24-9d21-fd4c36dc1242|rpc:10.1.0.196:15023|admin:10.1.0.196:15022|client:10.1.0.196:15021|dataStream:10.1.0.196:15024|priority:1|startupRole:FOLLOWER]|listeners:[], old=null
2023-06-01 19:11:09,012 [fac1c7af-03c1-44bd-b323-3796df9c2435-groupManagement] INFO  server.RaftServer$Division (RaftServerImpl.java:setRole(329)) - fac1c7af-03c1-44bd-b323-3796df9c2435@group-E89CD66131D1: changes role from      null to FOLLOWER at term 0 for startAsFollower
2023-06-01 19:11:09,012 [fac1c7af-03c1-44bd-b323-3796df9c2435-groupManagement] INFO  impl.RoleInfo (RoleInfo.java:updateAndGet(139)) - fac1c7af-03c1-44bd-b323-3796df9c2435: start fac1c7af-03c1-44bd-b323-3796df9c2435@group-E89CD66131D1-FollowerState
2023-06-01 19:11:09,018 [fac1c7af-03c1-44bd-b323-3796df9c2435-groupManagement] INFO  util.JmxRegister (JmxRegister.java:tryRegister(44)) - Successfully registered JMX Bean with object name Ratis:service=RaftServer,group=group-E89CD66131D1,id=fac1c7af-03c1-44bd-b323-3796df9c2435
2023-06-01 19:11:09,018 [fac1c7af-03c1-44bd-b323-3796df9c2435-groupManagement] INFO  server.RaftServerConfigKeys (ConfUtils.java:logGet(46)) - raft.server.snapshot.auto.trigger.enabled = true (custom)
2023-06-01 19:11:09,018 [fac1c7af-03c1-44bd-b323-3796df9c2435@group-E89CD66131D1-FollowerState] INFO  server.RaftServerConfigKeys (ConfUtils.java:logFallback(53)) - raft.server.rpc.first-election.timeout.min = 5s (fallback to raft.server.rpc.timeout.min)
2023-06-01 19:11:09,018 [fac1c7af-03c1-44bd-b323-3796df9c2435-groupManagement] INFO  server.RaftServerConfigKeys (ConfUtils.java:logGet(46)) - raft.server.snapshot.auto.trigger.threshold = 10000 (custom)
2023-06-01 19:11:09,019 [fac1c7af-03c1-44bd-b323-3796df9c2435@group-E89CD66131D1-FollowerState] INFO  server.RaftServerConfigKeys (ConfUtils.java:logFallback(53)) - raft.server.rpc.first-election.timeout.max = 5200ms (fallback to raft.server.rpc.timeout.max)
2023-06-01 19:11:09,019 [fac1c7af-03c1-44bd-b323-3796df9c2435-groupManagement] INFO  server.RaftServerConfigKeys (ConfUtils.java:logGet(46)) - raft.server.snapshot.retention.file.num = 5 (custom)
2023-06-01 19:11:09,019 [fac1c7af-03c1-44bd-b323-3796df9c2435-groupManagement] INFO  server.RaftServerConfigKeys (ConfUtils.java:logGet(46)) - raft.server.log.purge.upto.snapshot.index = false (default)
2023-06-01 19:11:09,035 [PipelineCommandHandlerThread-0] INFO  server.RaftServer (RaftServerProxy.java:addNew(98)) - d78dd883-3e4c-45aa-98b2-e8ffdf2e22af: addNew group-457D9844C34C:[d78dd883-3e4c-45aa-98b2-e8ffdf2e22af|rpc:10.1.0.196:15032|admin:10.1.0.196:15031|client:10.1.0.196:15030|dataStream:10.1.0.196:15033|priority:1|startupRole:FOLLOWER] returns group-457D9844C34C:java.util.concurrent.CompletableFuture@787b7e2f[Not completed]
2023-06-01 19:11:09,038 [d78dd883-3e4c-45aa-98b2-e8ffdf2e22af-groupManagement] INFO  server.RaftServer$Division (RaftServerImpl.java:<init>(198)) - d78dd883-3e4c-45aa-98b2-e8ffdf2e22af: new RaftServerImpl for group-457D9844C34C:[d78dd883-3e4c-45aa-98b2-e8ffdf2e22af|rpc:10.1.0.196:15032|admin:10.1.0.196:15031|client:10.1.0.196:15030|dataStream:10.1.0.196:15033|priority:1|startupRole:FOLLOWER] with ContainerStateMachine:uninitialized
2023-06-01 19:11:09,038 [d78dd883-3e4c-45aa-98b2-e8ffdf2e22af-groupManagement] INFO  server.RaftServerConfigKeys (ConfUtils.java:logGet(46)) - raft.server.rpc.timeout.min = 5s (custom)
2023-06-01 19:11:09,038 [d78dd883-3e4c-45aa-98b2-e8ffdf2e22af-groupManagement] INFO  server.RaftServerConfigKeys (ConfUtils.java:logGet(46)) - raft.server.rpc.timeout.max = 5200ms (custom)
2023-06-01 19:11:09,038 [d78dd883-3e4c-45aa-98b2-e8ffdf2e22af-groupManagement] INFO  server.RaftServerConfigKeys (ConfUtils.java:logGet(46)) - raft.server.rpc.sleep.time = 25ms (default)
2023-06-01 19:11:09,038 [d78dd883-3e4c-45aa-98b2-e8ffdf2e22af-groupManagement] INFO  server.RaftServerConfigKeys (ConfUtils.java:logGet(46)) - raft.server.rpc.slowness.timeout = 300s (custom)
2023-06-01 19:11:09,038 [d78dd883-3e4c-45aa-98b2-e8ffdf2e22af-groupManagement] INFO  server.RaftServerConfigKeys (ConfUtils.java:logGet(46)) - raft.server.leaderelection.leader.step-down.wait-time = 10s (default)
2023-06-01 19:11:09,038 [d78dd883-3e4c-45aa-98b2-e8ffdf2e22af-groupManagement] INFO  server.RaftServerConfigKeys (ConfUtils.java:logGet(46)) - raft.server.sleep.deviation.threshold = 300ms (default)
2023-06-01 19:11:09,038 [d78dd883-3e4c-45aa-98b2-e8ffdf2e22af-groupManagement] INFO  server.RaftServer$Division (ServerState.java:<init>(120)) - d78dd883-3e4c-45aa-98b2-e8ffdf2e22af@group-457D9844C34C: ConfigurationManager, init=-1: peers:[d78dd883-3e4c-45aa-98b2-e8ffdf2e22af|rpc:10.1.0.196:15032|admin:10.1.0.196:15031|client:10.1.0.196:15030|dataStream:10.1.0.196:15033|priority:1|startupRole:FOLLOWER]|listeners:[], old=null, confs=<EMPTY_MAP>
2023-06-01 19:11:09,038 [d78dd883-3e4c-45aa-98b2-e8ffdf2e22af-groupManagement] INFO  server.RaftServerConfigKeys (ConfUtils.java:logGet(46)) - raft.server.storage.dir = [/home/runner/work/ozone/ozone/hadoop-ozone/integration-test/target/test-dir/MiniOzoneClusterImpl-59aba430-7466-43cf-ac60-ffcd1bd17169/datanode-2/data/ratis] (custom)
2023-06-01 19:11:09,038 [d78dd883-3e4c-45aa-98b2-e8ffdf2e22af-groupManagement] INFO  server.RaftServerConfigKeys (ConfUtils.java:logGet(46)) - raft.server.log.corruption.policy = EXCEPTION (default)
2023-06-01 19:11:09,038 [d78dd883-3e4c-45aa-98b2-e8ffdf2e22af-groupManagement] INFO  server.RaftServerConfigKeys (ConfUtils.java:logGet(46)) - raft.server.storage.free-space.min = 0MB (=0) (default)
2023-06-01 19:11:09,039 [d78dd883-3e4c-45aa-98b2-e8ffdf2e22af-groupManagement] INFO  server.RaftServerConfigKeys (ConfUtils.java:logGet(46)) - raft.server.notification.no-leader.timeout = 300s (custom)
2023-06-01 19:11:09,039 [d78dd883-3e4c-45aa-98b2-e8ffdf2e22af-groupManagement] INFO  server.RaftServerConfigKeys (ConfUtils.java:logGet(46)) - raft.server.read.timeout = 10s (default)
2023-06-01 19:11:09,039 [d78dd883-3e4c-45aa-98b2-e8ffdf2e22af-groupManagement] INFO  server.RaftServerConfigKeys (ConfUtils.java:logGet(46)) - raft.server.retrycache.expirytime = 600000ms (custom)
2023-06-01 19:11:09,039 [d78dd883-3e4c-45aa-98b2-e8ffdf2e22af-groupManagement] INFO  server.RaftServerConfigKeys (ConfUtils.java:logGet(46)) - raft.server.retrycache.statistics.expirytime = 100μs (default)
2023-06-01 19:11:09,039 [d78dd883-3e4c-45aa-98b2-e8ffdf2e22af-groupManagement] INFO  server.RaftServerConfigKeys (ConfUtils.java:logGet(46)) - raft.server.read.option = DEFAULT (default)
2023-06-01 19:11:09,040 [d78dd883-3e4c-45aa-98b2-e8ffdf2e22af-groupManagement] INFO  server.RaftServerConfigKeys (ConfUtils.java:logGet(46)) - raft.server.rpc.request.timeout = 60s (custom)
2023-06-01 19:11:09,040 [d78dd883-3e4c-45aa-98b2-e8ffdf2e22af-groupManagement] INFO  server.RaftServerConfigKeys (ConfUtils.java:logGet(46)) - raft.server.log.appender.install.snapshot.enabled = false (custom)
2023-06-01 19:11:09,040 [d78dd883-3e4c-45aa-98b2-e8ffdf2e22af-groupManagement] INFO  server.RaftServerConfigKeys (ConfUtils.java:logGet(46)) - raft.server.threadpool.server.cached = true (default)
2023-06-01 19:11:09,040 [d78dd883-3e4c-45aa-98b2-e8ffdf2e22af-groupManagement] INFO  server.RaftServerConfigKeys (ConfUtils.java:logGet(46)) - raft.server.threadpool.server.size = 0 (default)
2023-06-01 19:11:09,040 [d78dd883-3e4c-45aa-98b2-e8ffdf2e22af-groupManagement] INFO  server.RaftServerConfigKeys (ConfUtils.java:logGet(46)) - raft.server.threadpool.client.cached = true (default)
2023-06-01 19:11:09,040 [d78dd883-3e4c-45aa-98b2-e8ffdf2e22af-groupManagement] INFO  server.RaftServerConfigKeys (ConfUtils.java:logGet(46)) - raft.server.threadpool.client.size = 0 (default)
2023-06-01 19:11:09,040 [d78dd883-3e4c-45aa-98b2-e8ffdf2e22af-groupManagement] INFO  storage.RaftStorageDirectory (RaftStorageDirectoryImpl.java:analyzeStorage(137)) - The storage directory /home/runner/work/ozone/ozone/hadoop-ozone/integration-test/target/test-dir/MiniOzoneClusterImpl-59aba430-7466-43cf-ac60-ffcd1bd17169/datanode-2/data/ratis/abf8582b-fab8-4ebd-b345-457d9844c34c does not exist. Creating ...
2023-06-01 19:11:09,041 [d78dd883-3e4c-45aa-98b2-e8ffdf2e22af-groupManagement] INFO  storage.RaftStorageDirectory (RaftStorageDirectoryImpl.java:tryLock(231)) - Lock on /home/runner/work/ozone/ozone/hadoop-ozone/integration-test/target/test-dir/MiniOzoneClusterImpl-59aba430-7466-43cf-ac60-ffcd1bd17169/datanode-2/data/ratis/abf8582b-fab8-4ebd-b345-457d9844c34c/in_use.lock acquired by nodename 16224@fv-az163-187
2023-06-01 19:11:09,042 [d78dd883-3e4c-45aa-98b2-e8ffdf2e22af-groupManagement] INFO  storage.RaftStorage (RaftStorageImpl.java:format(96)) - Storage directory /home/runner/work/ozone/ozone/hadoop-ozone/integration-test/target/test-dir/MiniOzoneClusterImpl-59aba430-7466-43cf-ac60-ffcd1bd17169/datanode-2/data/ratis/abf8582b-fab8-4ebd-b345-457d9844c34c has been successfully formatted.
2023-06-01 19:11:09,043 [d78dd883-3e4c-45aa-98b2-e8ffdf2e22af-groupManagement] INFO  ratis.ContainerStateMachine (ContainerStateMachine.java:loadSnapshot(262)) - group-457D9844C34C: The snapshot info is null. Setting the last applied indexto:(t:0, i:~)
2023-06-01 19:11:09,043 [d78dd883-3e4c-45aa-98b2-e8ffdf2e22af-groupManagement] INFO  server.RaftServerConfigKeys (ConfUtils.java:logGet(46)) - raft.server.log.use.memory = false (default)
2023-06-01 19:11:09,043 [d78dd883-3e4c-45aa-98b2-e8ffdf2e22af-groupManagement] INFO  server.RaftServerConfigKeys (ConfUtils.java:logGet(46)) - raft.server.log.purge.gap = 1000000 (custom)
2023-06-01 19:11:09,043 [d78dd883-3e4c-45aa-98b2-e8ffdf2e22af-groupManagement] INFO  server.RaftServerConfigKeys (ConfUtils.java:logGet(46)) - raft.server.log.appender.buffer.byte-limit = 33554432 (custom)
2023-06-01 19:11:09,043 [d78dd883-3e4c-45aa-98b2-e8ffdf2e22af-groupManagement] INFO  server.RaftServerConfigKeys (ConfUtils.java:logGet(46)) - raft.server.log.statemachine.data.read.timeout = 1000ms (default)
2023-06-01 19:11:09,043 [d78dd883-3e4c-45aa-98b2-e8ffdf2e22af-groupManagement] INFO  server.RaftServerConfigKeys (ConfUtils.java:logGet(46)) - raft.server.log.purge.preservation.log.num = 0 (default)
2023-06-01 19:11:09,044 [d78dd883-3e4c-45aa-98b2-e8ffdf2e22af-groupManagement] INFO  server.RaftServerConfigKeys (ConfUtils.java:logGet(46)) - raft.server.log.segment.size.max = 1048576 (custom)
2023-06-01 19:11:09,044 [d78dd883-3e4c-45aa-98b2-e8ffdf2e22af-groupManagement] INFO  server.RaftServerConfigKeys (ConfUtils.java:logGet(46)) - raft.server.log.segment.cache.num.max = 2 (custom)
2023-06-01 19:11:09,044 [d78dd883-3e4c-45aa-98b2-e8ffdf2e22af-groupManagement] INFO  server.RaftServerConfigKeys (ConfUtils.java:logGet(46)) - raft.server.log.segment.cache.size.max = 200MB (=209715200) (default)
2023-06-01 19:11:09,044 [d78dd883-3e4c-45aa-98b2-e8ffdf2e22af-groupManagement] INFO  server.RaftServerConfigKeys (ConfUtils.java:logGet(46)) - raft.server.log.appender.buffer.byte-limit = 33554432 (custom)
2023-06-01 19:11:09,044 [d78dd883-3e4c-45aa-98b2-e8ffdf2e22af-groupManagement] INFO  segmented.SegmentedRaftLogWorker (SegmentedRaftLogWorker.java:<init>(188)) - new d78dd883-3e4c-45aa-98b2-e8ffdf2e22af@group-457D9844C34C-SegmentedRaftLogWorker for RaftStorageImpl:Storage Directory /home/runner/work/ozone/ozone/hadoop-ozone/integration-test/target/test-dir/MiniOzoneClusterImpl-59aba430-7466-43cf-ac60-ffcd1bd17169/datanode-2/data/ratis/abf8582b-fab8-4ebd-b345-457d9844c34c
2023-06-01 19:11:09,044 [d78dd883-3e4c-45aa-98b2-e8ffdf2e22af-groupManagement] INFO  server.RaftServerConfigKeys (ConfUtils.java:logGet(46)) - raft.server.log.queue.byte-limit = 4294967296 (custom)
2023-06-01 19:11:09,044 [d78dd883-3e4c-45aa-98b2-e8ffdf2e22af-groupManagement] INFO  server.RaftServerConfigKeys (ConfUtils.java:logGet(46)) - raft.server.log.queue.element-limit = 1024 (custom)
2023-06-01 19:11:09,044 [d78dd883-3e4c-45aa-98b2-e8ffdf2e22af-groupManagement] INFO  server.RaftServerConfigKeys (ConfUtils.java:logGet(46)) - raft.server.log.segment.size.max = 1048576 (custom)
2023-06-01 19:11:09,044 [d78dd883-3e4c-45aa-98b2-e8ffdf2e22af-groupManagement] INFO  server.RaftServerConfigKeys (ConfUtils.java:logGet(46)) - raft.server.log.preallocated.size = 16384 (custom)
2023-06-01 19:11:09,044 [d78dd883-3e4c-45aa-98b2-e8ffdf2e22af-groupManagement] INFO  server.RaftServerConfigKeys (ConfUtils.java:logGet(46)) - raft.server.log.force.sync.num = 128 (default)
2023-06-01 19:11:09,044 [d78dd883-3e4c-45aa-98b2-e8ffdf2e22af-groupManagement] INFO  server.RaftServerConfigKeys (ConfUtils.java:logGet(46)) - raft.server.log.statemachine.data.sync = true (default)
2023-06-01 19:11:09,044 [d78dd883-3e4c-45aa-98b2-e8ffdf2e22af-groupManagement] INFO  server.RaftServerConfigKeys (ConfUtils.java:logGet(46)) - raft.server.log.statemachine.data.sync.timeout = 10s (default)
2023-06-01 19:11:09,045 [d78dd883-3e4c-45aa-98b2-e8ffdf2e22af-groupManagement] INFO  server.RaftServerConfigKeys (ConfUtils.java:logGet(46)) - raft.server.log.statemachine.data.sync.timeout.retry = -1 (default)
2023-06-01 19:11:09,045 [d78dd883-3e4c-45aa-98b2-e8ffdf2e22af-groupManagement] INFO  server.RaftServerConfigKeys (ConfUtils.java:logGet(46)) - raft.server.log.write.buffer.size = 1048576 (custom)
2023-06-01 19:11:09,050 [d78dd883-3e4c-45aa-98b2-e8ffdf2e22af-groupManagement] INFO  server.RaftServerConfigKeys (ConfUtils.java:logGet(46)) - raft.server.log.appender.buffer.byte-limit = 33554432 (custom)
2023-06-01 19:11:09,053 [d78dd883-3e4c-45aa-98b2-e8ffdf2e22af-groupManagement] INFO  server.RaftServerConfigKeys (ConfUtils.java:logGet(46)) - raft.server.log.unsafe-flush.enabled = false (default)
2023-06-01 19:11:09,053 [d78dd883-3e4c-45aa-98b2-e8ffdf2e22af-groupManagement] INFO  server.RaftServerConfigKeys (ConfUtils.java:logGet(46)) - raft.server.log.async-flush.enabled = false (default)
2023-06-01 19:11:09,053 [d78dd883-3e4c-45aa-98b2-e8ffdf2e22af-groupManagement] INFO  server.RaftServerConfigKeys (ConfUtils.java:logGet(46)) - raft.server.log.statemachine.data.caching.enabled = true (custom)
2023-06-01 19:11:09,053 [d78dd883-3e4c-45aa-98b2-e8ffdf2e22af-groupManagement] INFO  segmented.SegmentedRaftLogWorker (SegmentedRaftLogWorker.java:lambda$new$0(135)) - d78dd883-3e4c-45aa-98b2-e8ffdf2e22af@group-457D9844C34C-SegmentedRaftLogWorker: flushIndex: setUnconditionally 0 -> -1
2023-06-01 19:11:09,053 [d78dd883-3e4c-45aa-98b2-e8ffdf2e22af-groupManagement] INFO  segmented.SegmentedRaftLogWorker (SegmentedRaftLogWorker.java:lambda$new$0(135)) - d78dd883-3e4c-45aa-98b2-e8ffdf2e22af@group-457D9844C34C-SegmentedRaftLogWorker: safeCacheEvictIndex: setUnconditionally 0 -> -1
2023-06-01 19:11:09,056 [d78dd883-3e4c-45aa-98b2-e8ffdf2e22af-groupManagement] INFO  server.RaftServer$Division (RaftServerImpl.java:start(342)) - d78dd883-3e4c-45aa-98b2-e8ffdf2e22af@group-457D9844C34C: start as a follower, conf=-1: peers:[d78dd883-3e4c-45aa-98b2-e8ffdf2e22af|rpc:10.1.0.196:15032|admin:10.1.0.196:15031|client:10.1.0.196:15030|dataStream:10.1.0.196:15033|priority:1|startupRole:FOLLOWER]|listeners:[], old=null
2023-06-01 19:11:09,056 [d78dd883-3e4c-45aa-98b2-e8ffdf2e22af-groupManagement] INFO  server.RaftServer$Division (RaftServerImpl.java:setRole(329)) - d78dd883-3e4c-45aa-98b2-e8ffdf2e22af@group-457D9844C34C: changes role from      null to FOLLOWER at term 0 for startAsFollower
2023-06-01 19:11:09,056 [d78dd883-3e4c-45aa-98b2-e8ffdf2e22af-groupManagement] INFO  impl.RoleInfo (RoleInfo.java:updateAndGet(139)) - d78dd883-3e4c-45aa-98b2-e8ffdf2e22af: start d78dd883-3e4c-45aa-98b2-e8ffdf2e22af@group-457D9844C34C-FollowerState
2023-06-01 19:11:09,056 [d78dd883-3e4c-45aa-98b2-e8ffdf2e22af-groupManagement] INFO  util.JmxRegister (JmxRegister.java:tryRegister(44)) - Successfully registered JMX Bean with object name Ratis:service=RaftServer,group=group-457D9844C34C,id=d78dd883-3e4c-45aa-98b2-e8ffdf2e22af
2023-06-01 19:11:09,056 [d78dd883-3e4c-45aa-98b2-e8ffdf2e22af-groupManagement] INFO  server.RaftServerConfigKeys (ConfUtils.java:logGet(46)) - raft.server.snapshot.auto.trigger.enabled = true (custom)
2023-06-01 19:11:09,056 [d78dd883-3e4c-45aa-98b2-e8ffdf2e22af-groupManagement] INFO  server.RaftServerConfigKeys (ConfUtils.java:logGet(46)) - raft.server.snapshot.auto.trigger.threshold = 10000 (custom)
2023-06-01 19:11:09,056 [d78dd883-3e4c-45aa-98b2-e8ffdf2e22af-groupManagement] INFO  server.RaftServerConfigKeys (ConfUtils.java:logGet(46)) - raft.server.snapshot.retention.file.num = 5 (custom)
2023-06-01 19:11:09,057 [d78dd883-3e4c-45aa-98b2-e8ffdf2e22af-groupManagement] INFO  server.RaftServerConfigKeys (ConfUtils.java:logGet(46)) - raft.server.log.purge.upto.snapshot.index = false (default)
2023-06-01 19:11:09,058 [PipelineCommandHandlerThread-0] INFO  commandhandler.CreatePipelineCommandHandler (CreatePipelineCommandHandler.java:lambda$handle$2(124)) - Created Pipeline RATIS THREE PipelineID=ee6c0190-ec41-489e-8a9d-e89cd66131d1.
2023-06-01 19:11:09,060 [PipelineCommandHandlerThread-0] INFO  ratis.XceiverServerRatis (XceiverServerRatis.java:addGroup(804)) - Created group PipelineID=abf8582b-fab8-4ebd-b345-457d9844c34c
2023-06-01 19:11:09,060 [PipelineCommandHandlerThread-0] INFO  commandhandler.CreatePipelineCommandHandler (CreatePipelineCommandHandler.java:lambda$handle$2(124)) - Created Pipeline RATIS ONE PipelineID=abf8582b-fab8-4ebd-b345-457d9844c34c.
2023-06-01 19:11:09,060 [d78dd883-3e4c-45aa-98b2-e8ffdf2e22af@group-457D9844C34C-FollowerState] INFO  server.RaftServerConfigKeys (ConfUtils.java:logFallback(53)) - raft.server.rpc.first-election.timeout.min = 5s (fallback to raft.server.rpc.timeout.min)
2023-06-01 19:11:09,060 [d78dd883-3e4c-45aa-98b2-e8ffdf2e22af@group-457D9844C34C-FollowerState] INFO  server.RaftServerConfigKeys (ConfUtils.java:logFallback(53)) - raft.server.rpc.first-election.timeout.max = 5200ms (fallback to raft.server.rpc.timeout.max)
2023-06-01 19:11:09,063 [EventQueue-PipelineReportForPipelineReportHandler] INFO  pipeline.PipelineManagerImpl (PipelineManagerImpl.java:openPipeline(367)) - Pipeline Pipeline[ Id: abf8582b-fab8-4ebd-b345-457d9844c34c, Nodes: d78dd883-3e4c-45aa-98b2-e8ffdf2e22af(fv-az163-187.kzyshwy3mise5klwsllqwzgzyb.cx.internal.cloudapp.net/10.1.0.196), ReplicationConfig: RATIS/ONE, State:ALLOCATED, leaderId:d78dd883-3e4c-45aa-98b2-e8ffdf2e22af, CreationTimestamp2023-06-01T19:11:06.029Z[Etc/UTC]] moved to OPEN state
2023-06-01 19:11:09,064 [EventQueue-OpenPipelineForHealthyPipelineSafeModeRule] INFO  safemode.SCMSafeModeManager (HealthyPipelineSafeModeRule.java:process(137)) - SCM in safe mode. Healthy pipelines reported count is 0, required healthy pipeline reported count is 1
2023-06-01 19:11:09,354 [PipelineCommandHandlerThread-0] INFO  server.RaftServer (RaftServerProxy.java:addNew(98)) - 9ff544a7-6c1c-4ca7-a5dc-e42e2710cacb: addNew group-56CE86AE12C8:[9ff544a7-6c1c-4ca7-a5dc-e42e2710cacb|rpc:10.1.0.196:15041|admin:10.1.0.196:15040|client:10.1.0.196:15039|dataStream:10.1.0.196:15042|priority:1|startupRole:FOLLOWER] returns group-56CE86AE12C8:java.util.concurrent.CompletableFuture@794ef7ef[Not completed]
2023-06-01 19:11:09,356 [9ff544a7-6c1c-4ca7-a5dc-e42e2710cacb-groupManagement] INFO  server.RaftServer$Division (RaftServerImpl.java:<init>(198)) - 9ff544a7-6c1c-4ca7-a5dc-e42e2710cacb: new RaftServerImpl for group-56CE86AE12C8:[9ff544a7-6c1c-4ca7-a5dc-e42e2710cacb|rpc:10.1.0.196:15041|admin:10.1.0.196:15040|client:10.1.0.196:15039|dataStream:10.1.0.196:15042|priority:1|startupRole:FOLLOWER] with ContainerStateMachine:uninitialized
2023-06-01 19:11:09,356 [9ff544a7-6c1c-4ca7-a5dc-e42e2710cacb-groupManagement] INFO  server.RaftServerConfigKeys (ConfUtils.java:logGet(46)) - raft.server.rpc.timeout.min = 5s (custom)
2023-06-01 19:11:09,356 [9ff544a7-6c1c-4ca7-a5dc-e42e2710cacb-groupManagement] INFO  server.RaftServerConfigKeys (ConfUtils.java:logGet(46)) - raft.server.rpc.timeout.max = 5200ms (custom)
2023-06-01 19:11:09,356 [9ff544a7-6c1c-4ca7-a5dc-e42e2710cacb-groupManagement] INFO  server.RaftServerConfigKeys (ConfUtils.java:logGet(46)) - raft.server.rpc.sleep.time = 25ms (default)
2023-06-01 19:11:09,356 [9ff544a7-6c1c-4ca7-a5dc-e42e2710cacb-groupManagement] INFO  server.RaftServerConfigKeys (ConfUtils.java:logGet(46)) - raft.server.rpc.slowness.timeout = 300s (custom)
2023-06-01 19:11:09,356 [9ff544a7-6c1c-4ca7-a5dc-e42e2710cacb-groupManagement] INFO  server.RaftServerConfigKeys (ConfUtils.java:logGet(46)) - raft.server.leaderelection.leader.step-down.wait-time = 10s (default)
2023-06-01 19:11:09,356 [9ff544a7-6c1c-4ca7-a5dc-e42e2710cacb-groupManagement] INFO  server.RaftServerConfigKeys (ConfUtils.java:logGet(46)) - raft.server.sleep.deviation.threshold = 300ms (default)
2023-06-01 19:11:09,356 [9ff544a7-6c1c-4ca7-a5dc-e42e2710cacb-groupManagement] INFO  server.RaftServer$Division (ServerState.java:<init>(120)) - 9ff544a7-6c1c-4ca7-a5dc-e42e2710cacb@group-56CE86AE12C8: ConfigurationManager, init=-1: peers:[9ff544a7-6c1c-4ca7-a5dc-e42e2710cacb|rpc:10.1.0.196:15041|admin:10.1.0.196:15040|client:10.1.0.196:15039|dataStream:10.1.0.196:15042|priority:1|startupRole:FOLLOWER]|listeners:[], old=null, confs=<EMPTY_MAP>
2023-06-01 19:11:09,356 [9ff544a7-6c1c-4ca7-a5dc-e42e2710cacb-groupManagement] INFO  server.RaftServerConfigKeys (ConfUtils.java:logGet(46)) - raft.server.storage.dir = [/home/runner/work/ozone/ozone/hadoop-ozone/integration-test/target/test-dir/MiniOzoneClusterImpl-59aba430-7466-43cf-ac60-ffcd1bd17169/datanode-3/data/ratis] (custom)
2023-06-01 19:11:09,356 [9ff544a7-6c1c-4ca7-a5dc-e42e2710cacb-groupManagement] INFO  server.RaftServerConfigKeys (ConfUtils.java:logGet(46)) - raft.server.log.corruption.policy = EXCEPTION (default)
2023-06-01 19:11:09,356 [9ff544a7-6c1c-4ca7-a5dc-e42e2710cacb-groupManagement] INFO  server.RaftServerConfigKeys (ConfUtils.java:logGet(46)) - raft.server.storage.free-space.min = 0MB (=0) (default)
2023-06-01 19:11:09,356 [9ff544a7-6c1c-4ca7-a5dc-e42e2710cacb-groupManagement] INFO  server.RaftServerConfigKeys (ConfUtils.java:logGet(46)) - raft.server.notification.no-leader.timeout = 300s (custom)
2023-06-01 19:11:09,356 [9ff544a7-6c1c-4ca7-a5dc-e42e2710cacb-groupManagement] INFO  server.RaftServerConfigKeys (ConfUtils.java:logGet(46)) - raft.server.read.timeout = 10s (default)
2023-06-01 19:11:09,357 [9ff544a7-6c1c-4ca7-a5dc-e42e2710cacb-groupManagement] INFO  server.RaftServerConfigKeys (ConfUtils.java:logGet(46)) - raft.server.retrycache.expirytime = 600000ms (custom)
2023-06-01 19:11:09,357 [9ff544a7-6c1c-4ca7-a5dc-e42e2710cacb-groupManagement] INFO  server.RaftServerConfigKeys (ConfUtils.java:logGet(46)) - raft.server.retrycache.statistics.expirytime = 100μs (default)
2023-06-01 19:11:09,357 [9ff544a7-6c1c-4ca7-a5dc-e42e2710cacb-groupManagement] INFO  server.RaftServerConfigKeys (ConfUtils.java:logGet(46)) - raft.server.read.option = DEFAULT (default)
2023-06-01 19:11:09,359 [9ff544a7-6c1c-4ca7-a5dc-e42e2710cacb-groupManagement] INFO  server.RaftServerConfigKeys (ConfUtils.java:logGet(46)) - raft.server.rpc.request.timeout = 60s (custom)
2023-06-01 19:11:09,359 [9ff544a7-6c1c-4ca7-a5dc-e42e2710cacb-groupManagement] INFO  server.RaftServerConfigKeys (ConfUtils.java:logGet(46)) - raft.server.log.appender.install.snapshot.enabled = false (custom)
2023-06-01 19:11:09,359 [9ff544a7-6c1c-4ca7-a5dc-e42e2710cacb-groupManagement] INFO  server.RaftServerConfigKeys (ConfUtils.java:logGet(46)) - raft.server.threadpool.server.cached = true (default)
2023-06-01 19:11:09,359 [9ff544a7-6c1c-4ca7-a5dc-e42e2710cacb-groupManagement] INFO  server.RaftServerConfigKeys (ConfUtils.java:logGet(46)) - raft.server.threadpool.server.size = 0 (default)
2023-06-01 19:11:09,359 [9ff544a7-6c1c-4ca7-a5dc-e42e2710cacb-groupManagement] INFO  server.RaftServerConfigKeys (ConfUtils.java:logGet(46)) - raft.server.threadpool.client.cached = true (default)
2023-06-01 19:11:09,359 [9ff544a7-6c1c-4ca7-a5dc-e42e2710cacb-groupManagement] INFO  server.RaftServerConfigKeys (ConfUtils.java:logGet(46)) - raft.server.threadpool.client.size = 0 (default)
2023-06-01 19:11:09,359 [9ff544a7-6c1c-4ca7-a5dc-e42e2710cacb-groupManagement] INFO  storage.RaftStorageDirectory (RaftStorageDirectoryImpl.java:analyzeStorage(137)) - The storage directory /home/runner/work/ozone/ozone/hadoop-ozone/integration-test/target/test-dir/MiniOzoneClusterImpl-59aba430-7466-43cf-ac60-ffcd1bd17169/datanode-3/data/ratis/4784c2fe-1d10-406c-b4d8-56ce86ae12c8 does not exist. Creating ...
2023-06-01 19:11:09,361 [9ff544a7-6c1c-4ca7-a5dc-e42e2710cacb-groupManagement] INFO  storage.RaftStorageDirectory (RaftStorageDirectoryImpl.java:tryLock(231)) - Lock on /home/runner/work/ozone/ozone/hadoop-ozone/integration-test/target/test-dir/MiniOzoneClusterImpl-59aba430-7466-43cf-ac60-ffcd1bd17169/datanode-3/data/ratis/4784c2fe-1d10-406c-b4d8-56ce86ae12c8/in_use.lock acquired by nodename 16224@fv-az163-187
2023-06-01 19:11:09,362 [9ff544a7-6c1c-4ca7-a5dc-e42e2710cacb-groupManagement] INFO  storage.RaftStorage (RaftStorageImpl.java:format(96)) - Storage directory /home/runner/work/ozone/ozone/hadoop-ozone/integration-test/target/test-dir/MiniOzoneClusterImpl-59aba430-7466-43cf-ac60-ffcd1bd17169/datanode-3/data/ratis/4784c2fe-1d10-406c-b4d8-56ce86ae12c8 has been successfully formatted.
2023-06-01 19:11:09,362 [9ff544a7-6c1c-4ca7-a5dc-e42e2710cacb-groupManagement] INFO  ratis.ContainerStateMachine (ContainerStateMachine.java:loadSnapshot(262)) - group-56CE86AE12C8: The snapshot info is null. Setting the last applied indexto:(t:0, i:~)
2023-06-01 19:11:09,362 [9ff544a7-6c1c-4ca7-a5dc-e42e2710cacb-groupManagement] INFO  server.RaftServerConfigKeys (ConfUtils.java:logGet(46)) - raft.server.log.use.memory = false (default)
2023-06-01 19:11:09,362 [9ff544a7-6c1c-4ca7-a5dc-e42e2710cacb-groupManagement] INFO  server.RaftServerConfigKeys (ConfUtils.java:logGet(46)) - raft.server.log.purge.gap = 1000000 (custom)
2023-06-01 19:11:09,362 [9ff544a7-6c1c-4ca7-a5dc-e42e2710cacb-groupManagement] INFO  server.RaftServerConfigKeys (ConfUtils.java:logGet(46)) - raft.server.log.appender.buffer.byte-limit = 33554432 (custom)
2023-06-01 19:11:09,362 [9ff544a7-6c1c-4ca7-a5dc-e42e2710cacb-groupManagement] INFO  server.RaftServerConfigKeys (ConfUtils.java:logGet(46)) - raft.server.log.statemachine.data.read.timeout = 1000ms (default)
2023-06-01 19:11:09,362 [9ff544a7-6c1c-4ca7-a5dc-e42e2710cacb-groupManagement] INFO  server.RaftServerConfigKeys (ConfUtils.java:logGet(46)) - raft.server.log.purge.preservation.log.num = 0 (default)
2023-06-01 19:11:09,363 [9ff544a7-6c1c-4ca7-a5dc-e42e2710cacb-groupManagement] INFO  server.RaftServerConfigKeys (ConfUtils.java:logGet(46)) - raft.server.log.segment.size.max = 1048576 (custom)
2023-06-01 19:11:09,367 [EventQueue-PipelineReportForPipelineReportHandler] INFO  pipeline.PipelineManagerImpl (PipelineManagerImpl.java:openPipeline(367)) - Pipeline Pipeline[ Id: 4784c2fe-1d10-406c-b4d8-56ce86ae12c8, Nodes: 9ff544a7-6c1c-4ca7-a5dc-e42e2710cacb(fv-az163-187.kzyshwy3mise5klwsllqwzgzyb.cx.internal.cloudapp.net/10.1.0.196), ReplicationConfig: RATIS/ONE, State:ALLOCATED, leaderId:9ff544a7-6c1c-4ca7-a5dc-e42e2710cacb, CreationTimestamp2023-06-01T19:11:06.351Z[Etc/UTC]] moved to OPEN state
2023-06-01 19:11:09,368 [EventQueue-OpenPipelineForHealthyPipelineSafeModeRule] INFO  safemode.SCMSafeModeManager (HealthyPipelineSafeModeRule.java:process(137)) - SCM in safe mode. Healthy pipelines reported count is 0, required healthy pipeline reported count is 1
2023-06-01 19:11:09,369 [9ff544a7-6c1c-4ca7-a5dc-e42e2710cacb-groupManagement] INFO  server.RaftServerConfigKeys (ConfUtils.java:logGet(46)) - raft.server.log.segment.cache.num.max = 2 (custom)
2023-06-01 19:11:09,369 [9ff544a7-6c1c-4ca7-a5dc-e42e2710cacb-groupManagement] INFO  server.RaftServerConfigKeys (ConfUtils.java:logGet(46)) - raft.server.log.segment.cache.size.max = 200MB (=209715200) (default)
2023-06-01 19:11:09,369 [9ff544a7-6c1c-4ca7-a5dc-e42e2710cacb-groupManagement] INFO  server.RaftServerConfigKeys (ConfUtils.java:logGet(46)) - raft.server.log.appender.buffer.byte-limit = 33554432 (custom)
2023-06-01 19:11:09,369 [9ff544a7-6c1c-4ca7-a5dc-e42e2710cacb-groupManagement] INFO  segmented.SegmentedRaftLogWorker (SegmentedRaftLogWorker.java:<init>(188)) - new 9ff544a7-6c1c-4ca7-a5dc-e42e2710cacb@group-56CE86AE12C8-SegmentedRaftLogWorker for RaftStorageImpl:Storage Directory /home/runner/work/ozone/ozone/hadoop-ozone/integration-test/target/test-dir/MiniOzoneClusterImpl-59aba430-7466-43cf-ac60-ffcd1bd17169/datanode-3/data/ratis/4784c2fe-1d10-406c-b4d8-56ce86ae12c8
2023-06-01 19:11:09,369 [9ff544a7-6c1c-4ca7-a5dc-e42e2710cacb-groupManagement] INFO  server.RaftServerConfigKeys (ConfUtils.java:logGet(46)) - raft.server.log.queue.byte-limit = 4294967296 (custom)
2023-06-01 19:11:09,369 [9ff544a7-6c1c-4ca7-a5dc-e42e2710cacb-groupManagement] INFO  server.RaftServerConfigKeys (ConfUtils.java:logGet(46)) - raft.server.log.queue.element-limit = 1024 (custom)
2023-06-01 19:11:09,369 [9ff544a7-6c1c-4ca7-a5dc-e42e2710cacb-groupManagement] INFO  server.RaftServerConfigKeys (ConfUtils.java:logGet(46)) - raft.server.log.segment.size.max = 1048576 (custom)
2023-06-01 19:11:09,369 [9ff544a7-6c1c-4ca7-a5dc-e42e2710cacb-groupManagement] INFO  server.RaftServerConfigKeys (ConfUtils.java:logGet(46)) - raft.server.log.preallocated.size = 16384 (custom)
2023-06-01 19:11:09,369 [9ff544a7-6c1c-4ca7-a5dc-e42e2710cacb-groupManagement] INFO  server.RaftServerConfigKeys (ConfUtils.java:logGet(46)) - raft.server.log.force.sync.num = 128 (default)
2023-06-01 19:11:09,369 [9ff544a7-6c1c-4ca7-a5dc-e42e2710cacb-groupManagement] INFO  server.RaftServerConfigKeys (ConfUtils.java:logGet(46)) - raft.server.log.statemachine.data.sync = true (default)
2023-06-01 19:11:09,370 [9ff544a7-6c1c-4ca7-a5dc-e42e2710cacb-groupManagement] INFO  server.RaftServerConfigKeys (ConfUtils.java:logGet(46)) - raft.server.log.statemachine.data.sync.timeout = 10s (default)
2023-06-01 19:11:09,370 [9ff544a7-6c1c-4ca7-a5dc-e42e2710cacb-groupManagement] INFO  server.RaftServerConfigKeys (ConfUtils.java:logGet(46)) - raft.server.log.statemachine.data.sync.timeout.retry = -1 (default)
2023-06-01 19:11:09,372 [9ff544a7-6c1c-4ca7-a5dc-e42e2710cacb-groupManagement] INFO  server.RaftServerConfigKeys (ConfUtils.java:logGet(46)) - raft.server.log.write.buffer.size = 1048576 (custom)
2023-06-01 19:11:09,373 [9ff544a7-6c1c-4ca7-a5dc-e42e2710cacb-groupManagement] INFO  server.RaftServerConfigKeys (ConfUtils.java:logGet(46)) - raft.server.log.appender.buffer.byte-limit = 33554432 (custom)
2023-06-01 19:11:09,644 [main] INFO  ozone.MiniOzoneClusterImpl (MiniOzoneClusterImpl.java:lambda$waitForClusterToBeReady$0(222)) - Nodes are ready. Got 10 of 10 DN Heartbeats.
2023-06-01 19:11:09,644 [main] INFO  ozone.MiniOzoneClusterImpl (MiniOzoneClusterImpl.java:lambda$waitForClusterToBeReady$0(225)) - Waiting for cluster to exit safe mode
2023-06-01 19:11:09,644 [main] INFO  ozone.MiniOzoneClusterImpl (MiniOzoneClusterImpl.java:lambda$waitForClusterToBeReady$0(227)) - SCM became leader
2023-06-01 19:11:09,645 [JvmPauseMonitor7] WARN  util.JvmPauseMonitor (JvmPauseMonitor.java:detectPause(124)) - JvmPauseMonitor-36cbda38-693f-49bb-be1a-3256c6faae50: Detected pause in JVM or host machine approximately 0.158s with 0.268s GC time.
GC pool 'PS MarkSweep' had collection(s): count=1 time=203ms
GC pool 'PS Scavenge' had collection(s): count=1 time=65ms
2023-06-01 19:11:09,645 [JvmPauseMonitor4] WARN  util.JvmPauseMonitor (JvmPauseMonitor.java:detectPause(124)) - JvmPauseMonitor-9ff544a7-6c1c-4ca7-a5dc-e42e2710cacb: Detected pause in JVM or host machine approximately 0.202s with 0.268s GC time.
GC pool 'PS MarkSweep' had collection(s): count=1 time=203ms
GC pool 'PS Scavenge' had collection(s): count=1 time=65ms
2023-06-01 19:11:09,647 [JvmPauseMonitor8] WARN  util.JvmPauseMonitor (JvmPauseMonitor.java:detectPause(124)) - JvmPauseMonitor-9125f905-aa43-4d0f-845d-e6cfd4dab0cd: Detected pause in JVM or host machine approximately 0.259s with 0.268s GC time.
GC pool 'PS MarkSweep' had collection(s): count=1 time=203ms
GC pool 'PS Scavenge' had collection(s): count=1 time=65ms
2023-06-01 19:11:09,647 [JvmPauseMonitor1] WARN  util.JvmPauseMonitor (JvmPauseMonitor.java:detectPause(124)) - JvmPauseMonitor-fac1c7af-03c1-44bd-b323-3796df9c2435: Detected pause in JVM or host machine approximately 0.259s with 0.268s GC time.
GC pool 'PS MarkSweep' had collection(s): count=1 time=203ms
GC pool 'PS Scavenge' had collection(s): count=1 time=65ms
2023-06-01 19:11:09,649 [9ff544a7-6c1c-4ca7-a5dc-e42e2710cacb-groupManagement] INFO  server.RaftServerConfigKeys (ConfUtils.java:logGet(46)) - raft.server.log.unsafe-flush.enabled = false (default)
2023-06-01 19:11:09,649 [9ff544a7-6c1c-4ca7-a5dc-e42e2710cacb-groupManagement] INFO  server.RaftServerConfigKeys (ConfUtils.java:logGet(46)) - raft.server.log.async-flush.enabled = false (default)
2023-06-01 19:11:09,649 [9ff544a7-6c1c-4ca7-a5dc-e42e2710cacb-groupManagement] INFO  server.RaftServerConfigKeys (ConfUtils.java:logGet(46)) - raft.server.log.statemachine.data.caching.enabled = true (custom)
2023-06-01 19:11:09,650 [9ff544a7-6c1c-4ca7-a5dc-e42e2710cacb-groupManagement] INFO  segmented.SegmentedRaftLogWorker (SegmentedRaftLogWorker.java:lambda$new$0(135)) - 9ff544a7-6c1c-4ca7-a5dc-e42e2710cacb@group-56CE86AE12C8-SegmentedRaftLogWorker: flushIndex: setUnconditionally 0 -> -1
2023-06-01 19:11:09,650 [9ff544a7-6c1c-4ca7-a5dc-e42e2710cacb-groupManagement] INFO  segmented.SegmentedRaftLogWorker (SegmentedRaftLogWorker.java:lambda$new$0(135)) - 9ff544a7-6c1c-4ca7-a5dc-e42e2710cacb@group-56CE86AE12C8-SegmentedRaftLogWorker: safeCacheEvictIndex: setUnconditionally 0 -> -1
2023-06-01 19:11:09,650 [9ff544a7-6c1c-4ca7-a5dc-e42e2710cacb-groupManagement] INFO  server.RaftServer$Division (RaftServerImpl.java:start(342)) - 9ff544a7-6c1c-4ca7-a5dc-e42e2710cacb@group-56CE86AE12C8: start as a follower, conf=-1: peers:[9ff544a7-6c1c-4ca7-a5dc-e42e2710cacb|rpc:10.1.0.196:15041|admin:10.1.0.196:15040|client:10.1.0.196:15039|dataStream:10.1.0.196:15042|priority:1|startupRole:FOLLOWER]|listeners:[], old=null
2023-06-01 19:11:09,650 [9ff544a7-6c1c-4ca7-a5dc-e42e2710cacb-groupManagement] INFO  server.RaftServer$Division (RaftServerImpl.java:setRole(329)) - 9ff544a7-6c1c-4ca7-a5dc-e42e2710cacb@group-56CE86AE12C8: changes role from      null to FOLLOWER at term 0 for startAsFollower
2023-06-01 19:11:09,651 [9ff544a7-6c1c-4ca7-a5dc-e42e2710cacb-groupManagement] INFO  impl.RoleInfo (RoleInfo.java:updateAndGet(139)) - 9ff544a7-6c1c-4ca7-a5dc-e42e2710cacb: start 9ff544a7-6c1c-4ca7-a5dc-e42e2710cacb@group-56CE86AE12C8-FollowerState
2023-06-01 19:11:09,651 [9ff544a7-6c1c-4ca7-a5dc-e42e2710cacb-groupManagement] INFO  util.JmxRegister (JmxRegister.java:tryRegister(44)) - Successfully registered JMX Bean with object name Ratis:service=RaftServer,group=group-56CE86AE12C8,id=9ff544a7-6c1c-4ca7-a5dc-e42e2710cacb
2023-06-01 19:11:09,651 [9ff544a7-6c1c-4ca7-a5dc-e42e2710cacb-groupManagement] INFO  server.RaftServerConfigKeys (ConfUtils.java:logGet(46)) - raft.server.snapshot.auto.trigger.enabled = true (custom)
2023-06-01 19:11:09,651 [9ff544a7-6c1c-4ca7-a5dc-e42e2710cacb-groupManagement] INFO  server.RaftServerConfigKeys (ConfUtils.java:logGet(46)) - raft.server.snapshot.auto.trigger.threshold = 10000 (custom)
2023-06-01 19:11:09,651 [9ff544a7-6c1c-4ca7-a5dc-e42e2710cacb-groupManagement] INFO  server.RaftServerConfigKeys (ConfUtils.java:logGet(46)) - raft.server.snapshot.retention.file.num = 5 (custom)
2023-06-01 19:11:09,651 [9ff544a7-6c1c-4ca7-a5dc-e42e2710cacb-groupManagement] INFO  server.RaftServerConfigKeys (ConfUtils.java:logGet(46)) - raft.server.log.purge.upto.snapshot.index = false (default)
2023-06-01 19:11:09,657 [9ff544a7-6c1c-4ca7-a5dc-e42e2710cacb@group-56CE86AE12C8-FollowerState] INFO  server.RaftServerConfigKeys (ConfUtils.java:logFallback(53)) - raft.server.rpc.first-election.timeout.min = 5s (fallback to raft.server.rpc.timeout.min)
2023-06-01 19:11:09,657 [9ff544a7-6c1c-4ca7-a5dc-e42e2710cacb@group-56CE86AE12C8-FollowerState] INFO  server.RaftServerConfigKeys (ConfUtils.java:logFallback(53)) - raft.server.rpc.first-election.timeout.max = 5200ms (fallback to raft.server.rpc.timeout.max)
2023-06-01 19:11:09,657 [PipelineCommandHandlerThread-0] INFO  ratis.XceiverServerRatis (XceiverServerRatis.java:addGroup(804)) - Created group PipelineID=4784c2fe-1d10-406c-b4d8-56ce86ae12c8
2023-06-01 19:11:09,657 [PipelineCommandHandlerThread-0] INFO  commandhandler.CreatePipelineCommandHandler (CreatePipelineCommandHandler.java:lambda$handle$2(124)) - Created Pipeline RATIS ONE PipelineID=4784c2fe-1d10-406c-b4d8-56ce86ae12c8.
2023-06-01 19:11:09,657 [PipelineCommandHandlerThread-0] INFO  server.RaftServer (RaftServerProxy.java:addNew(98)) - 9ff544a7-6c1c-4ca7-a5dc-e42e2710cacb: addNew group-77F4DA91DDA5:[c2c84cb5-dc25-48b6-abcd-2faa62d614c8|rpc:10.1.0.196:15050|admin:10.1.0.196:15049|client:10.1.0.196:15048|dataStream:10.1.0.196:15051|priority:0|startupRole:FOLLOWER, 9ff544a7-6c1c-4ca7-a5dc-e42e2710cacb|rpc:10.1.0.196:15041|admin:10.1.0.196:15040|client:10.1.0.196:15039|dataStream:10.1.0.196:15042|priority:1|startupRole:FOLLOWER, aab6e560-2e42-4217-8e7a-cc5f2733e87a|rpc:10.1.0.196:15059|admin:10.1.0.196:15058|client:10.1.0.196:15057|dataStream:10.1.0.196:15060|priority:0|startupRole:FOLLOWER] returns group-77F4DA91DDA5:java.util.concurrent.CompletableFuture@7d716c1e[Not completed]
2023-06-01 19:11:09,663 [9ff544a7-6c1c-4ca7-a5dc-e42e2710cacb-groupManagement] INFO  server.RaftServer$Division (RaftServerImpl.java:<init>(198)) - 9ff544a7-6c1c-4ca7-a5dc-e42e2710cacb: new RaftServerImpl for group-77F4DA91DDA5:[c2c84cb5-dc25-48b6-abcd-2faa62d614c8|rpc:10.1.0.196:15050|admin:10.1.0.196:15049|client:10.1.0.196:15048|dataStream:10.1.0.196:15051|priority:0|startupRole:FOLLOWER, 9ff544a7-6c1c-4ca7-a5dc-e42e2710cacb|rpc:10.1.0.196:15041|admin:10.1.0.196:15040|client:10.1.0.196:15039|dataStream:10.1.0.196:15042|priority:1|startupRole:FOLLOWER, aab6e560-2e42-4217-8e7a-cc5f2733e87a|rpc:10.1.0.196:15059|admin:10.1.0.196:15058|client:10.1.0.196:15057|dataStream:10.1.0.196:15060|priority:0|startupRole:FOLLOWER] with ContainerStateMachine:uninitialized
2023-06-01 19:11:09,663 [9ff544a7-6c1c-4ca7-a5dc-e42e2710cacb-groupManagement] INFO  server.RaftServerConfigKeys (ConfUtils.java:logGet(46)) - raft.server.rpc.timeout.min = 5s (custom)
2023-06-01 19:11:09,663 [9ff544a7-6c1c-4ca7-a5dc-e42e2710cacb-groupManagement] INFO  server.RaftServerConfigKeys (ConfUtils.java:logGet(46)) - raft.server.rpc.timeout.max = 5200ms (custom)
2023-06-01 19:11:09,663 [9ff544a7-6c1c-4ca7-a5dc-e42e2710cacb-groupManagement] INFO  server.RaftServerConfigKeys (ConfUtils.java:logGet(46)) - raft.server.rpc.sleep.time = 25ms (default)
2023-06-01 19:11:09,663 [9ff544a7-6c1c-4ca7-a5dc-e42e2710cacb-groupManagement] INFO  server.RaftServerConfigKeys (ConfUtils.java:logGet(46)) - raft.server.rpc.slowness.timeout = 300s (custom)
2023-06-01 19:11:09,663 [9ff544a7-6c1c-4ca7-a5dc-e42e2710cacb-groupManagement] INFO  server.RaftServerConfigKeys (ConfUtils.java:logGet(46)) - raft.server.leaderelection.leader.step-down.wait-time = 10s (default)
2023-06-01 19:11:09,663 [9ff544a7-6c1c-4ca7-a5dc-e42e2710cacb-groupManagement] INFO  server.RaftServerConfigKeys (ConfUtils.java:logGet(46)) - raft.server.sleep.deviation.threshold = 300ms (default)
2023-06-01 19:11:09,663 [9ff544a7-6c1c-4ca7-a5dc-e42e2710cacb-groupManagement] INFO  server.RaftServer$Division (ServerState.java:<init>(120)) - 9ff544a7-6c1c-4ca7-a5dc-e42e2710cacb@group-77F4DA91DDA5: ConfigurationManager, init=-1: peers:[c2c84cb5-dc25-48b6-abcd-2faa62d614c8|rpc:10.1.0.196:15050|admin:10.1.0.196:15049|client:10.1.0.196:15048|dataStream:10.1.0.196:15051|priority:0|startupRole:FOLLOWER, 9ff544a7-6c1c-4ca7-a5dc-e42e2710cacb|rpc:10.1.0.196:15041|admin:10.1.0.196:15040|client:10.1.0.196:15039|dataStream:10.1.0.196:15042|priority:1|startupRole:FOLLOWER, aab6e560-2e42-4217-8e7a-cc5f2733e87a|rpc:10.1.0.196:15059|admin:10.1.0.196:15058|client:10.1.0.196:15057|dataStream:10.1.0.196:15060|priority:0|startupRole:FOLLOWER]|listeners:[], old=null, confs=<EMPTY_MAP>
2023-06-01 19:11:09,663 [9ff544a7-6c1c-4ca7-a5dc-e42e2710cacb-groupManagement] INFO  server.RaftServerConfigKeys (ConfUtils.java:logGet(46)) - raft.server.storage.dir = [/home/runner/work/ozone/ozone/hadoop-ozone/integration-test/target/test-dir/MiniOzoneClusterImpl-59aba430-7466-43cf-ac60-ffcd1bd17169/datanode-3/data/ratis] (custom)
2023-06-01 19:11:09,663 [9ff544a7-6c1c-4ca7-a5dc-e42e2710cacb-groupManagement] INFO  server.RaftServerConfigKeys (ConfUtils.java:logGet(46)) - raft.server.log.corruption.policy = EXCEPTION (default)
2023-06-01 19:11:09,663 [9ff544a7-6c1c-4ca7-a5dc-e42e2710cacb-groupManagement] INFO  server.RaftServerConfigKeys (ConfUtils.java:logGet(46)) - raft.server.storage.free-space.min = 0MB (=0) (default)
2023-06-01 19:11:09,664 [9ff544a7-6c1c-4ca7-a5dc-e42e2710cacb-groupManagement] INFO  server.RaftServerConfigKeys (ConfUtils.java:logGet(46)) - raft.server.notification.no-leader.timeout = 300s (custom)
2023-06-01 19:11:09,664 [9ff544a7-6c1c-4ca7-a5dc-e42e2710cacb-groupManagement] INFO  server.RaftServerConfigKeys (ConfUtils.java:logGet(46)) - raft.server.read.timeout = 10s (default)
2023-06-01 19:11:09,672 [9ff544a7-6c1c-4ca7-a5dc-e42e2710cacb-groupManagement] INFO  server.RaftServerConfigKeys (ConfUtils.java:logGet(46)) - raft.server.retrycache.expirytime = 600000ms (custom)
2023-06-01 19:11:09,672 [9ff544a7-6c1c-4ca7-a5dc-e42e2710cacb-groupManagement] INFO  server.RaftServerConfigKeys (ConfUtils.java:logGet(46)) - raft.server.retrycache.statistics.expirytime = 100μs (default)
2023-06-01 19:11:09,672 [9ff544a7-6c1c-4ca7-a5dc-e42e2710cacb-groupManagement] INFO  server.RaftServerConfigKeys (ConfUtils.java:logGet(46)) - raft.server.read.option = DEFAULT (default)
2023-06-01 19:11:09,676 [PipelineCommandHandlerThread-0] INFO  server.RaftServer (RaftServerProxy.java:addNew(98)) - c2c84cb5-dc25-48b6-abcd-2faa62d614c8: addNew group-ADAB8AF979CA:[c2c84cb5-dc25-48b6-abcd-2faa62d614c8|rpc:10.1.0.196:15050|admin:10.1.0.196:15049|client:10.1.0.196:15048|dataStream:10.1.0.196:15051|priority:1|startupRole:FOLLOWER] returns group-ADAB8AF979CA:java.util.concurrent.CompletableFuture@6ca1e02d[Not completed]
2023-06-01 19:11:09,680 [9ff544a7-6c1c-4ca7-a5dc-e42e2710cacb-groupManagement] INFO  server.RaftServerConfigKeys (ConfUtils.java:logGet(46)) - raft.server.rpc.request.timeout = 60s (custom)
2023-06-01 19:11:09,681 [9ff544a7-6c1c-4ca7-a5dc-e42e2710cacb-groupManagement] INFO  server.RaftServerConfigKeys (ConfUtils.java:logGet(46)) - raft.server.log.appender.install.snapshot.enabled = false (custom)
2023-06-01 19:11:09,681 [9ff544a7-6c1c-4ca7-a5dc-e42e2710cacb-groupManagement] INFO  server.RaftServerConfigKeys (ConfUtils.java:logGet(46)) - raft.server.threadpool.server.cached = true (default)
2023-06-01 19:11:09,681 [9ff544a7-6c1c-4ca7-a5dc-e42e2710cacb-groupManagement] INFO  server.RaftServerConfigKeys (ConfUtils.java:logGet(46)) - raft.server.threadpool.server.size = 0 (default)
2023-06-01 19:11:09,681 [9ff544a7-6c1c-4ca7-a5dc-e42e2710cacb-groupManagement] INFO  server.RaftServerConfigKeys (ConfUtils.java:logGet(46)) - raft.server.threadpool.client.cached = true (default)
2023-06-01 19:11:09,681 [9ff544a7-6c1c-4ca7-a5dc-e42e2710cacb-groupManagement] INFO  server.RaftServerConfigKeys (ConfUtils.java:logGet(46)) - raft.server.threadpool.client.size = 0 (default)
2023-06-01 19:11:09,681 [9ff544a7-6c1c-4ca7-a5dc-e42e2710cacb-groupManagement] INFO  storage.RaftStorageDirectory (RaftStorageDirectoryImpl.java:analyzeStorage(137)) - The storage directory /home/runner/work/ozone/ozone/hadoop-ozone/integration-test/target/test-dir/MiniOzoneClusterImpl-59aba430-7466-43cf-ac60-ffcd1bd17169/datanode-3/data/ratis/dcaac02a-ac5c-44f1-b323-77f4da91dda5 does not exist. Creating ...
2023-06-01 19:11:09,682 [9ff544a7-6c1c-4ca7-a5dc-e42e2710cacb-groupManagement] INFO  storage.RaftStorageDirectory (RaftStorageDirectoryImpl.java:tryLock(231)) - Lock on /home/runner/work/ozone/ozone/hadoop-ozone/integration-test/target/test-dir/MiniOzoneClusterImpl-59aba430-7466-43cf-ac60-ffcd1bd17169/datanode-3/data/ratis/dcaac02a-ac5c-44f1-b323-77f4da91dda5/in_use.lock acquired by nodename 16224@fv-az163-187
2023-06-01 19:11:09,683 [9ff544a7-6c1c-4ca7-a5dc-e42e2710cacb-groupManagement] INFO  storage.RaftStorage (RaftStorageImpl.java:format(96)) - Storage directory /home/runner/work/ozone/ozone/hadoop-ozone/integration-test/target/test-dir/MiniOzoneClusterImpl-59aba430-7466-43cf-ac60-ffcd1bd17169/datanode-3/data/ratis/dcaac02a-ac5c-44f1-b323-77f4da91dda5 has been successfully formatted.
2023-06-01 19:11:09,684 [9ff544a7-6c1c-4ca7-a5dc-e42e2710cacb-groupManagement] INFO  ratis.ContainerStateMachine (ContainerStateMachine.java:loadSnapshot(262)) - group-77F4DA91DDA5: The snapshot info is null. Setting the last applied indexto:(t:0, i:~)
2023-06-01 19:11:09,684 [9ff544a7-6c1c-4ca7-a5dc-e42e2710cacb-groupManagement] INFO  server.RaftServerConfigKeys (ConfUtils.java:logGet(46)) - raft.server.log.use.memory = false (default)
2023-06-01 19:11:09,684 [9ff544a7-6c1c-4ca7-a5dc-e42e2710cacb-groupManagement] INFO  server.RaftServerConfigKeys (ConfUtils.java:logGet(46)) - raft.server.log.purge.gap = 1000000 (custom)
2023-06-01 19:11:09,684 [9ff544a7-6c1c-4ca7-a5dc-e42e2710cacb-groupManagement] INFO  server.RaftServerConfigKeys (ConfUtils.java:logGet(46)) - raft.server.log.appender.buffer.byte-limit = 33554432 (custom)
2023-06-01 19:11:09,684 [9ff544a7-6c1c-4ca7-a5dc-e42e2710cacb-groupManagement] INFO  server.RaftServerConfigKeys (ConfUtils.java:logGet(46)) - raft.server.log.statemachine.data.read.timeout = 1000ms (default)
2023-06-01 19:11:09,684 [9ff544a7-6c1c-4ca7-a5dc-e42e2710cacb-groupManagement] INFO  server.RaftServerConfigKeys (ConfUtils.java:logGet(46)) - raft.server.log.purge.preservation.log.num = 0 (default)
2023-06-01 19:11:09,684 [9ff544a7-6c1c-4ca7-a5dc-e42e2710cacb-groupManagement] INFO  server.RaftServerConfigKeys (ConfUtils.java:logGet(46)) - raft.server.log.segment.size.max = 1048576 (custom)
2023-06-01 19:11:09,684 [c2c84cb5-dc25-48b6-abcd-2faa62d614c8-groupManagement] INFO  server.RaftServer$Division (RaftServerImpl.java:<init>(198)) - c2c84cb5-dc25-48b6-abcd-2faa62d614c8: new RaftServerImpl for group-ADAB8AF979CA:[c2c84cb5-dc25-48b6-abcd-2faa62d614c8|rpc:10.1.0.196:15050|admin:10.1.0.196:15049|client:10.1.0.196:15048|dataStream:10.1.0.196:15051|priority:1|startupRole:FOLLOWER] with ContainerStateMachine:uninitialized
2023-06-01 19:11:09,685 [c2c84cb5-dc25-48b6-abcd-2faa62d614c8-groupManagement] INFO  server.RaftServerConfigKeys (ConfUtils.java:logGet(46)) - raft.server.rpc.timeout.min = 5s (custom)
2023-06-01 19:11:09,685 [9ff544a7-6c1c-4ca7-a5dc-e42e2710cacb-groupManagement] INFO  server.RaftServerConfigKeys (ConfUtils.java:logGet(46)) - raft.server.log.segment.cache.num.max = 2 (custom)
2023-06-01 19:11:09,685 [9ff544a7-6c1c-4ca7-a5dc-e42e2710cacb-groupManagement] INFO  server.RaftServerConfigKeys (ConfUtils.java:logGet(46)) - raft.server.log.segment.cache.size.max = 200MB (=209715200) (default)
2023-06-01 19:11:09,685 [9ff544a7-6c1c-4ca7-a5dc-e42e2710cacb-groupManagement] INFO  server.RaftServerConfigKeys (ConfUtils.java:logGet(46)) - raft.server.log.appender.buffer.byte-limit = 33554432 (custom)
2023-06-01 19:11:09,685 [9ff544a7-6c1c-4ca7-a5dc-e42e2710cacb-groupManagement] INFO  segmented.SegmentedRaftLogWorker (SegmentedRaftLogWorker.java:<init>(188)) - new 9ff544a7-6c1c-4ca7-a5dc-e42e2710cacb@group-77F4DA91DDA5-SegmentedRaftLogWorker for RaftStorageImpl:Storage Directory /home/runner/work/ozone/ozone/hadoop-ozone/integration-test/target/test-dir/MiniOzoneClusterImpl-59aba430-7466-43cf-ac60-ffcd1bd17169/datanode-3/data/ratis/dcaac02a-ac5c-44f1-b323-77f4da91dda5
2023-06-01 19:11:09,685 [9ff544a7-6c1c-4ca7-a5dc-e42e2710cacb-groupManagement] INFO  server.RaftServerConfigKeys (ConfUtils.java:logGet(46)) - raft.server.log.queue.byte-limit = 4294967296 (custom)
2023-06-01 19:11:09,685 [9ff544a7-6c1c-4ca7-a5dc-e42e2710cacb-groupManagement] INFO  server.RaftServerConfigKeys (ConfUtils.java:logGet(46)) - raft.server.log.queue.element-limit = 1024 (custom)
2023-06-01 19:11:09,685 [9ff544a7-6c1c-4ca7-a5dc-e42e2710cacb-groupManagement] INFO  server.RaftServerConfigKeys (ConfUtils.java:logGet(46)) - raft.server.log.segment.size.max = 1048576 (custom)
2023-06-01 19:11:09,685 [9ff544a7-6c1c-4ca7-a5dc-e42e2710cacb-groupManagement] INFO  server.RaftServerConfigKeys (ConfUtils.java:logGet(46)) - raft.server.log.preallocated.size = 16384 (custom)
2023-06-01 19:11:09,685 [9ff544a7-6c1c-4ca7-a5dc-e42e2710cacb-groupManagement] INFO  server.RaftServerConfigKeys (ConfUtils.java:logGet(46)) - raft.server.log.force.sync.num = 128 (default)
2023-06-01 19:11:09,685 [9ff544a7-6c1c-4ca7-a5dc-e42e2710cacb-groupManagement] INFO  server.RaftServerConfigKeys (ConfUtils.java:logGet(46)) - raft.server.log.statemachine.data.sync = true (default)
2023-06-01 19:11:09,685 [9ff544a7-6c1c-4ca7-a5dc-e42e2710cacb-groupManagement] INFO  server.RaftServerConfigKeys (ConfUtils.java:logGet(46)) - raft.server.log.statemachine.data.sync.timeout = 10s (default)
2023-06-01 19:11:09,685 [9ff544a7-6c1c-4ca7-a5dc-e42e2710cacb-groupManagement] INFO  server.RaftServerConfigKeys (ConfUtils.java:logGet(46)) - raft.server.log.statemachine.data.sync.timeout.retry = -1 (default)
2023-06-01 19:11:09,686 [EventQueue-OpenPipelineForHealthyPipelineSafeModeRule] INFO  safemode.SCMSafeModeManager (HealthyPipelineSafeModeRule.java:process(137)) - SCM in safe mode. Healthy pipelines reported count is 0, required healthy pipeline reported count is 1
2023-06-01 19:11:09,687 [9ff544a7-6c1c-4ca7-a5dc-e42e2710cacb-groupManagement] INFO  server.RaftServerConfigKeys (ConfUtils.java:logGet(46)) - raft.server.log.write.buffer.size = 1048576 (custom)
2023-06-01 19:11:09,688 [9ff544a7-6c1c-4ca7-a5dc-e42e2710cacb-groupManagement] INFO  server.RaftServerConfigKeys (ConfUtils.java:logGet(46)) - raft.server.log.appender.buffer.byte-limit = 33554432 (custom)
2023-06-01 19:11:09,685 [c2c84cb5-dc25-48b6-abcd-2faa62d614c8-groupManagement] INFO  server.RaftServerConfigKeys (ConfUtils.java:logGet(46)) - raft.server.rpc.timeout.max = 5200ms (custom)
2023-06-01 19:11:09,689 [c2c84cb5-dc25-48b6-abcd-2faa62d614c8-groupManagement] INFO  server.RaftServerConfigKeys (ConfUtils.java:logGet(46)) - raft.server.rpc.sleep.time = 25ms (default)
2023-06-01 19:11:09,689 [c2c84cb5-dc25-48b6-abcd-2faa62d614c8-groupManagement] INFO  server.RaftServerConfigKeys (ConfUtils.java:logGet(46)) - raft.server.rpc.slowness.timeout = 300s (custom)
2023-06-01 19:11:09,689 [c2c84cb5-dc25-48b6-abcd-2faa62d614c8-groupManagement] INFO  server.RaftServerConfigKeys (ConfUtils.java:logGet(46)) - raft.server.leaderelection.leader.step-down.wait-time = 10s (default)
2023-06-01 19:11:09,689 [c2c84cb5-dc25-48b6-abcd-2faa62d614c8-groupManagement] INFO  server.RaftServerConfigKeys (ConfUtils.java:logGet(46)) - raft.server.sleep.deviation.threshold = 300ms (default)
2023-06-01 19:11:09,689 [c2c84cb5-dc25-48b6-abcd-2faa62d614c8-groupManagement] INFO  server.RaftServer$Division (ServerState.java:<init>(120)) - c2c84cb5-dc25-48b6-abcd-2faa62d614c8@group-ADAB8AF979CA: ConfigurationManager, init=-1: peers:[c2c84cb5-dc25-48b6-abcd-2faa62d614c8|rpc:10.1.0.196:15050|admin:10.1.0.196:15049|client:10.1.0.196:15048|dataStream:10.1.0.196:15051|priority:1|startupRole:FOLLOWER]|listeners:[], old=null, confs=<EMPTY_MAP>
2023-06-01 19:11:09,689 [c2c84cb5-dc25-48b6-abcd-2faa62d614c8-groupManagement] INFO  server.RaftServerConfigKeys (ConfUtils.java:logGet(46)) - raft.server.storage.dir = [/home/runner/work/ozone/ozone/hadoop-ozone/integration-test/target/test-dir/MiniOzoneClusterImpl-59aba430-7466-43cf-ac60-ffcd1bd17169/datanode-4/data/ratis] (custom)
2023-06-01 19:11:09,689 [c2c84cb5-dc25-48b6-abcd-2faa62d614c8-groupManagement] INFO  server.RaftServerConfigKeys (ConfUtils.java:logGet(46)) - raft.server.log.corruption.policy = EXCEPTION (default)
2023-06-01 19:11:09,689 [c2c84cb5-dc25-48b6-abcd-2faa62d614c8-groupManagement] INFO  server.RaftServerConfigKeys (ConfUtils.java:logGet(46)) - raft.server.storage.free-space.min = 0MB (=0) (default)
2023-06-01 19:11:09,690 [c2c84cb5-dc25-48b6-abcd-2faa62d614c8-groupManagement] INFO  server.RaftServerConfigKeys (ConfUtils.java:logGet(46)) - raft.server.notification.no-leader.timeout = 300s (custom)
2023-06-01 19:11:09,690 [c2c84cb5-dc25-48b6-abcd-2faa62d614c8-groupManagement] INFO  server.RaftServerConfigKeys (ConfUtils.java:logGet(46)) - raft.server.read.timeout = 10s (default)
2023-06-01 19:11:09,690 [c2c84cb5-dc25-48b6-abcd-2faa62d614c8-groupManagement] INFO  server.RaftServerConfigKeys (ConfUtils.java:logGet(46)) - raft.server.retrycache.expirytime = 600000ms (custom)
2023-06-01 19:11:09,690 [c2c84cb5-dc25-48b6-abcd-2faa62d614c8-groupManagement] INFO  server.RaftServerConfigKeys (ConfUtils.java:logGet(46)) - raft.server.retrycache.statistics.expirytime = 100μs (default)
2023-06-01 19:11:09,690 [c2c84cb5-dc25-48b6-abcd-2faa62d614c8-groupManagement] INFO  server.RaftServerConfigKeys (ConfUtils.java:logGet(46)) - raft.server.read.option = DEFAULT (default)
2023-06-01 19:11:09,691 [9ff544a7-6c1c-4ca7-a5dc-e42e2710cacb-groupManagement] INFO  server.RaftServerConfigKeys (ConfUtils.java:logGet(46)) - raft.server.log.unsafe-flush.enabled = false (default)
2023-06-01 19:11:09,691 [9ff544a7-6c1c-4ca7-a5dc-e42e2710cacb-groupManagement] INFO  server.RaftServerConfigKeys (ConfUtils.java:logGet(46)) - raft.server.log.async-flush.enabled = false (default)
2023-06-01 19:11:09,691 [9ff544a7-6c1c-4ca7-a5dc-e42e2710cacb-groupManagement] INFO  server.RaftServerConfigKeys (ConfUtils.java:logGet(46)) - raft.server.log.statemachine.data.caching.enabled = true (custom)
2023-06-01 19:11:09,691 [9ff544a7-6c1c-4ca7-a5dc-e42e2710cacb-groupManagement] INFO  segmented.SegmentedRaftLogWorker (SegmentedRaftLogWorker.java:lambda$new$0(135)) - 9ff544a7-6c1c-4ca7-a5dc-e42e2710cacb@group-77F4DA91DDA5-SegmentedRaftLogWorker: flushIndex: setUnconditionally 0 -> -1
2023-06-01 19:11:09,691 [9ff544a7-6c1c-4ca7-a5dc-e42e2710cacb-groupManagement] INFO  segmented.SegmentedRaftLogWorker (SegmentedRaftLogWorker.java:lambda$new$0(135)) - 9ff544a7-6c1c-4ca7-a5dc-e42e2710cacb@group-77F4DA91DDA5-SegmentedRaftLogWorker: safeCacheEvictIndex: setUnconditionally 0 -> -1
2023-06-01 19:11:09,691 [9ff544a7-6c1c-4ca7-a5dc-e42e2710cacb-groupManagement] INFO  server.RaftServer$Division (RaftServerImpl.java:start(342)) - 9ff544a7-6c1c-4ca7-a5dc-e42e2710cacb@group-77F4DA91DDA5: start as a follower, conf=-1: peers:[c2c84cb5-dc25-48b6-abcd-2faa62d614c8|rpc:10.1.0.196:15050|admin:10.1.0.196:15049|client:10.1.0.196:15048|dataStream:10.1.0.196:15051|priority:0|startupRole:FOLLOWER, 9ff544a7-6c1c-4ca7-a5dc-e42e2710cacb|rpc:10.1.0.196:15041|admin:10.1.0.196:15040|client:10.1.0.196:15039|dataStream:10.1.0.196:15042|priority:1|startupRole:FOLLOWER, aab6e560-2e42-4217-8e7a-cc5f2733e87a|rpc:10.1.0.196:15059|admin:10.1.0.196:15058|client:10.1.0.196:15057|dataStream:10.1.0.196:15060|priority:0|startupRole:FOLLOWER]|listeners:[], old=null
2023-06-01 19:11:09,691 [9ff544a7-6c1c-4ca7-a5dc-e42e2710cacb-groupManagement] INFO  server.RaftServer$Division (RaftServerImpl.java:setRole(329)) - 9ff544a7-6c1c-4ca7-a5dc-e42e2710cacb@group-77F4DA91DDA5: changes role from      null to FOLLOWER at term 0 for startAsFollower
2023-06-01 19:11:09,691 [9ff544a7-6c1c-4ca7-a5dc-e42e2710cacb-groupManagement] INFO  impl.RoleInfo (RoleInfo.java:updateAndGet(139)) - 9ff544a7-6c1c-4ca7-a5dc-e42e2710cacb: start 9ff544a7-6c1c-4ca7-a5dc-e42e2710cacb@group-77F4DA91DDA5-FollowerState
2023-06-01 19:11:09,695 [c2c84cb5-dc25-48b6-abcd-2faa62d614c8-groupManagement] INFO  server.RaftServerConfigKeys (ConfUtils.java:logGet(46)) - raft.server.rpc.request.timeout = 60s (custom)
2023-06-01 19:11:09,696 [c2c84cb5-dc25-48b6-abcd-2faa62d614c8-groupManagement] INFO  server.RaftServerConfigKeys (ConfUtils.java:logGet(46)) - raft.server.log.appender.install.snapshot.enabled = false (custom)
2023-06-01 19:11:09,696 [c2c84cb5-dc25-48b6-abcd-2faa62d614c8-groupManagement] INFO  server.RaftServerConfigKeys (ConfUtils.java:logGet(46)) - raft.server.threadpool.server.cached = true (default)
2023-06-01 19:11:09,696 [c2c84cb5-dc25-48b6-abcd-2faa62d614c8-groupManagement] INFO  server.RaftServerConfigKeys (ConfUtils.java:logGet(46)) - raft.server.threadpool.server.size = 0 (default)
2023-06-01 19:11:09,696 [c2c84cb5-dc25-48b6-abcd-2faa62d614c8-groupManagement] INFO  server.RaftServerConfigKeys (ConfUtils.java:logGet(46)) - raft.server.threadpool.client.cached = true (default)
2023-06-01 19:11:09,696 [c2c84cb5-dc25-48b6-abcd-2faa62d614c8-groupManagement] INFO  server.RaftServerConfigKeys (ConfUtils.java:logGet(46)) - raft.server.threadpool.client.size = 0 (default)
2023-06-01 19:11:09,697 [c2c84cb5-dc25-48b6-abcd-2faa62d614c8-groupManagement] INFO  storage.RaftStorageDirectory (RaftStorageDirectoryImpl.java:analyzeStorage(137)) - The storage directory /home/runner/work/ozone/ozone/hadoop-ozone/integration-test/target/test-dir/MiniOzoneClusterImpl-59aba430-7466-43cf-ac60-ffcd1bd17169/datanode-4/data/ratis/6e41ae53-72be-45c9-b061-adab8af979ca does not exist. Creating ...
2023-06-01 19:11:09,697 [9ff544a7-6c1c-4ca7-a5dc-e42e2710cacb-groupManagement] INFO  util.JmxRegister (JmxRegister.java:tryRegister(44)) - Successfully registered JMX Bean with object name Ratis:service=RaftServer,group=group-77F4DA91DDA5,id=9ff544a7-6c1c-4ca7-a5dc-e42e2710cacb
2023-06-01 19:11:09,697 [9ff544a7-6c1c-4ca7-a5dc-e42e2710cacb-groupManagement] INFO  server.RaftServerConfigKeys (ConfUtils.java:logGet(46)) - raft.server.snapshot.auto.trigger.enabled = true (custom)
2023-06-01 19:11:09,697 [9ff544a7-6c1c-4ca7-a5dc-e42e2710cacb-groupManagement] INFO  server.RaftServerConfigKeys (ConfUtils.java:logGet(46)) - raft.server.snapshot.auto.trigger.threshold = 10000 (custom)
2023-06-01 19:11:09,697 [9ff544a7-6c1c-4ca7-a5dc-e42e2710cacb-groupManagement] INFO  server.RaftServerConfigKeys (ConfUtils.java:logGet(46)) - raft.server.snapshot.retention.file.num = 5 (custom)
2023-06-01 19:11:09,697 [9ff544a7-6c1c-4ca7-a5dc-e42e2710cacb-groupManagement] INFO  server.RaftServerConfigKeys (ConfUtils.java:logGet(46)) - raft.server.log.purge.upto.snapshot.index = false (default)
2023-06-01 19:11:09,698 [9ff544a7-6c1c-4ca7-a5dc-e42e2710cacb@group-77F4DA91DDA5-FollowerState] INFO  server.RaftServerConfigKeys (ConfUtils.java:logFallback(53)) - raft.server.rpc.first-election.timeout.min = 5s (fallback to raft.server.rpc.timeout.min)
2023-06-01 19:11:09,698 [9ff544a7-6c1c-4ca7-a5dc-e42e2710cacb@group-77F4DA91DDA5-FollowerState] INFO  server.RaftServerConfigKeys (ConfUtils.java:logFallback(53)) - raft.server.rpc.first-election.timeout.max = 5200ms (fallback to raft.server.rpc.timeout.max)
2023-06-01 19:11:09,699 [c2c84cb5-dc25-48b6-abcd-2faa62d614c8-groupManagement] INFO  storage.RaftStorageDirectory (RaftStorageDirectoryImpl.java:tryLock(231)) - Lock on /home/runner/work/ozone/ozone/hadoop-ozone/integration-test/target/test-dir/MiniOzoneClusterImpl-59aba430-7466-43cf-ac60-ffcd1bd17169/datanode-4/data/ratis/6e41ae53-72be-45c9-b061-adab8af979ca/in_use.lock acquired by nodename 16224@fv-az163-187
2023-06-01 19:11:09,700 [PipelineCommandHandlerThread-0] INFO  ratis.XceiverServerRatis (XceiverServerRatis.java:addGroup(804)) - Created group PipelineID=dcaac02a-ac5c-44f1-b323-77f4da91dda5
2023-06-01 19:11:09,700 [c2c84cb5-dc25-48b6-abcd-2faa62d614c8-groupManagement] INFO  storage.RaftStorage (RaftStorageImpl.java:format(96)) - Storage directory /home/runner/work/ozone/ozone/hadoop-ozone/integration-test/target/test-dir/MiniOzoneClusterImpl-59aba430-7466-43cf-ac60-ffcd1bd17169/datanode-4/data/ratis/6e41ae53-72be-45c9-b061-adab8af979ca has been successfully formatted.
2023-06-01 19:11:09,700 [c2c84cb5-dc25-48b6-abcd-2faa62d614c8-groupManagement] INFO  ratis.ContainerStateMachine (ContainerStateMachine.java:loadSnapshot(262)) - group-ADAB8AF979CA: The snapshot info is null. Setting the last applied indexto:(t:0, i:~)
2023-06-01 19:11:09,700 [c2c84cb5-dc25-48b6-abcd-2faa62d614c8-groupManagement] INFO  server.RaftServerConfigKeys (ConfUtils.java:logGet(46)) - raft.server.log.use.memory = false (default)
2023-06-01 19:11:09,701 [c2c84cb5-dc25-48b6-abcd-2faa62d614c8-groupManagement] INFO  server.RaftServerConfigKeys (ConfUtils.java:logGet(46)) - raft.server.log.purge.gap = 1000000 (custom)
2023-06-01 19:11:09,701 [c2c84cb5-dc25-48b6-abcd-2faa62d614c8-groupManagement] INFO  server.RaftServerConfigKeys (ConfUtils.java:logGet(46)) - raft.server.log.appender.buffer.byte-limit = 33554432 (custom)
2023-06-01 19:11:09,701 [c2c84cb5-dc25-48b6-abcd-2faa62d614c8-groupManagement] INFO  server.RaftServerConfigKeys (ConfUtils.java:logGet(46)) - raft.server.log.statemachine.data.read.timeout = 1000ms (default)
2023-06-01 19:11:09,701 [c2c84cb5-dc25-48b6-abcd-2faa62d614c8-groupManagement] INFO  server.RaftServerConfigKeys (ConfUtils.java:logGet(46)) - raft.server.log.purge.preservation.log.num = 0 (default)
2023-06-01 19:11:09,701 [c2c84cb5-dc25-48b6-abcd-2faa62d614c8-groupManagement] INFO  server.RaftServerConfigKeys (ConfUtils.java:logGet(46)) - raft.server.log.segment.size.max = 1048576 (custom)
2023-06-01 19:11:09,701 [c2c84cb5-dc25-48b6-abcd-2faa62d614c8-groupManagement] INFO  server.RaftServerConfigKeys (ConfUtils.java:logGet(46)) - raft.server.log.segment.cache.num.max = 2 (custom)
2023-06-01 19:11:09,701 [c2c84cb5-dc25-48b6-abcd-2faa62d614c8-groupManagement] INFO  server.RaftServerConfigKeys (ConfUtils.java:logGet(46)) - raft.server.log.segment.cache.size.max = 200MB (=209715200) (default)
2023-06-01 19:11:09,701 [c2c84cb5-dc25-48b6-abcd-2faa62d614c8-groupManagement] INFO  server.RaftServerConfigKeys (ConfUtils.java:logGet(46)) - raft.server.log.appender.buffer.byte-limit = 33554432 (custom)
2023-06-01 19:11:09,701 [c2c84cb5-dc25-48b6-abcd-2faa62d614c8-groupManagement] INFO  segmented.SegmentedRaftLogWorker (SegmentedRaftLogWorker.java:<init>(188)) - new c2c84cb5-dc25-48b6-abcd-2faa62d614c8@group-ADAB8AF979CA-SegmentedRaftLogWorker for RaftStorageImpl:Storage Directory /home/runner/work/ozone/ozone/hadoop-ozone/integration-test/target/test-dir/MiniOzoneClusterImpl-59aba430-7466-43cf-ac60-ffcd1bd17169/datanode-4/data/ratis/6e41ae53-72be-45c9-b061-adab8af979ca
2023-06-01 19:11:09,701 [c2c84cb5-dc25-48b6-abcd-2faa62d614c8-groupManagement] INFO  server.RaftServerConfigKeys (ConfUtils.java:logGet(46)) - raft.server.log.queue.byte-limit = 4294967296 (custom)
2023-06-01 19:11:09,701 [c2c84cb5-dc25-48b6-abcd-2faa62d614c8-groupManagement] INFO  server.RaftServerConfigKeys (ConfUtils.java:logGet(46)) - raft.server.log.queue.element-limit = 1024 (custom)
2023-06-01 19:11:09,701 [c2c84cb5-dc25-48b6-abcd-2faa62d614c8-groupManagement] INFO  server.RaftServerConfigKeys (ConfUtils.java:logGet(46)) - raft.server.log.segment.size.max = 1048576 (custom)
2023-06-01 19:11:09,702 [c2c84cb5-dc25-48b6-abcd-2faa62d614c8-groupManagement] INFO  server.RaftServerConfigKeys (ConfUtils.java:logGet(46)) - raft.server.log.preallocated.size = 16384 (custom)
2023-06-01 19:11:09,702 [c2c84cb5-dc25-48b6-abcd-2faa62d614c8-groupManagement] INFO  server.RaftServerConfigKeys (ConfUtils.java:logGet(46)) - raft.server.log.force.sync.num = 128 (default)
2023-06-01 19:11:09,702 [c2c84cb5-dc25-48b6-abcd-2faa62d614c8-groupManagement] INFO  server.RaftServerConfigKeys (ConfUtils.java:logGet(46)) - raft.server.log.statemachine.data.sync = true (default)
2023-06-01 19:11:09,702 [c2c84cb5-dc25-48b6-abcd-2faa62d614c8-groupManagement] INFO  server.RaftServerConfigKeys (ConfUtils.java:logGet(46)) - raft.server.log.statemachine.data.sync.timeout = 10s (default)
2023-06-01 19:11:09,702 [c2c84cb5-dc25-48b6-abcd-2faa62d614c8-groupManagement] INFO  server.RaftServerConfigKeys (ConfUtils.java:logGet(46)) - raft.server.log.statemachine.data.sync.timeout.retry = -1 (default)
2023-06-01 19:11:09,704 [EventQueue-PipelineReportForPipelineReportHandler] INFO  pipeline.PipelineManagerImpl (PipelineManagerImpl.java:openPipeline(367)) - Pipeline Pipeline[ Id: 6e41ae53-72be-45c9-b061-adab8af979ca, Nodes: c2c84cb5-dc25-48b6-abcd-2faa62d614c8(fv-az163-187.kzyshwy3mise5klwsllqwzgzyb.cx.internal.cloudapp.net/10.1.0.196), ReplicationConfig: RATIS/ONE, State:ALLOCATED, leaderId:c2c84cb5-dc25-48b6-abcd-2faa62d614c8, CreationTimestamp2023-06-01T19:11:06.672Z[Etc/UTC]] moved to OPEN state
2023-06-01 19:11:09,705 [EventQueue-OpenPipelineForHealthyPipelineSafeModeRule] INFO  safemode.SCMSafeModeManager (HealthyPipelineSafeModeRule.java:process(137)) - SCM in safe mode. Healthy pipelines reported count is 0, required healthy pipeline reported count is 1
2023-06-01 19:11:09,705 [c2c84cb5-dc25-48b6-abcd-2faa62d614c8-groupManagement] INFO  server.RaftServerConfigKeys (ConfUtils.java:logGet(46)) - raft.server.log.write.buffer.size = 1048576 (custom)
2023-06-01 19:11:09,705 [c2c84cb5-dc25-48b6-abcd-2faa62d614c8-groupManagement] INFO  server.RaftServerConfigKeys (ConfUtils.java:logGet(46)) - raft.server.log.appender.buffer.byte-limit = 33554432 (custom)
2023-06-01 19:11:09,711 [c2c84cb5-dc25-48b6-abcd-2faa62d614c8-groupManagement] INFO  server.RaftServerConfigKeys (ConfUtils.java:logGet(46)) - raft.server.log.unsafe-flush.enabled = false (default)
2023-06-01 19:11:09,711 [c2c84cb5-dc25-48b6-abcd-2faa62d614c8-groupManagement] INFO  server.RaftServerConfigKeys (ConfUtils.java:logGet(46)) - raft.server.log.async-flush.enabled = false (default)
2023-06-01 19:11:09,711 [c2c84cb5-dc25-48b6-abcd-2faa62d614c8-groupManagement] INFO  server.RaftServerConfigKeys (ConfUtils.java:logGet(46)) - raft.server.log.statemachine.data.caching.enabled = true (custom)
2023-06-01 19:11:09,712 [c2c84cb5-dc25-48b6-abcd-2faa62d614c8-groupManagement] INFO  segmented.SegmentedRaftLogWorker (SegmentedRaftLogWorker.java:lambda$new$0(135)) - c2c84cb5-dc25-48b6-abcd-2faa62d614c8@group-ADAB8AF979CA-SegmentedRaftLogWorker: flushIndex: setUnconditionally 0 -> -1
2023-06-01 19:11:09,712 [c2c84cb5-dc25-48b6-abcd-2faa62d614c8-groupManagement] INFO  segmented.SegmentedRaftLogWorker (SegmentedRaftLogWorker.java:lambda$new$0(135)) - c2c84cb5-dc25-48b6-abcd-2faa62d614c8@group-ADAB8AF979CA-SegmentedRaftLogWorker: safeCacheEvictIndex: setUnconditionally 0 -> -1
2023-06-01 19:11:09,712 [c2c84cb5-dc25-48b6-abcd-2faa62d614c8-groupManagement] INFO  server.RaftServer$Division (RaftServerImpl.java:start(342)) - c2c84cb5-dc25-48b6-abcd-2faa62d614c8@group-ADAB8AF979CA: start as a follower, conf=-1: peers:[c2c84cb5-dc25-48b6-abcd-2faa62d614c8|rpc:10.1.0.196:15050|admin:10.1.0.196:15049|client:10.1.0.196:15048|dataStream:10.1.0.196:15051|priority:1|startupRole:FOLLOWER]|listeners:[], old=null
2023-06-01 19:11:09,712 [c2c84cb5-dc25-48b6-abcd-2faa62d614c8-groupManagement] INFO  server.RaftServer$Division (RaftServerImpl.java:setRole(329)) - c2c84cb5-dc25-48b6-abcd-2faa62d614c8@group-ADAB8AF979CA: changes role from      null to FOLLOWER at term 0 for startAsFollower
2023-06-01 19:11:09,712 [c2c84cb5-dc25-48b6-abcd-2faa62d614c8-groupManagement] INFO  impl.RoleInfo (RoleInfo.java:updateAndGet(139)) - c2c84cb5-dc25-48b6-abcd-2faa62d614c8: start c2c84cb5-dc25-48b6-abcd-2faa62d614c8@group-ADAB8AF979CA-FollowerState
2023-06-01 19:11:09,712 [c2c84cb5-dc25-48b6-abcd-2faa62d614c8-groupManagement] INFO  util.JmxRegister (JmxRegister.java:tryRegister(44)) - Successfully registered JMX Bean with object name Ratis:service=RaftServer,group=group-ADAB8AF979CA,id=c2c84cb5-dc25-48b6-abcd-2faa62d614c8
2023-06-01 19:11:09,712 [c2c84cb5-dc25-48b6-abcd-2faa62d614c8-groupManagement] INFO  server.RaftServerConfigKeys (ConfUtils.java:logGet(46)) - raft.server.snapshot.auto.trigger.enabled = true (custom)
2023-06-01 19:11:09,712 [c2c84cb5-dc25-48b6-abcd-2faa62d614c8-groupManagement] INFO  server.RaftServerConfigKeys (ConfUtils.java:logGet(46)) - raft.server.snapshot.auto.trigger.threshold = 10000 (custom)
2023-06-01 19:11:09,712 [c2c84cb5-dc25-48b6-abcd-2faa62d614c8-groupManagement] INFO  server.RaftServerConfigKeys (ConfUtils.java:logGet(46)) - raft.server.snapshot.retention.file.num = 5 (custom)
2023-06-01 19:11:09,712 [c2c84cb5-dc25-48b6-abcd-2faa62d614c8-groupManagement] INFO  server.RaftServerConfigKeys (ConfUtils.java:logGet(46)) - raft.server.log.purge.upto.snapshot.index = false (default)
2023-06-01 19:11:09,713 [c2c84cb5-dc25-48b6-abcd-2faa62d614c8@group-ADAB8AF979CA-FollowerState] INFO  server.RaftServerConfigKeys (ConfUtils.java:logFallback(53)) - raft.server.rpc.first-election.timeout.min = 5s (fallback to raft.server.rpc.timeout.min)
2023-06-01 19:11:09,713 [c2c84cb5-dc25-48b6-abcd-2faa62d614c8@group-ADAB8AF979CA-FollowerState] INFO  server.RaftServerConfigKeys (ConfUtils.java:logFallback(53)) - raft.server.rpc.first-election.timeout.max = 5200ms (fallback to raft.server.rpc.timeout.max)
2023-06-01 19:11:09,713 [PipelineCommandHandlerThread-0] INFO  ratis.XceiverServerRatis (XceiverServerRatis.java:addGroup(804)) - Created group PipelineID=6e41ae53-72be-45c9-b061-adab8af979ca
2023-06-01 19:11:09,713 [PipelineCommandHandlerThread-0] INFO  commandhandler.CreatePipelineCommandHandler (CreatePipelineCommandHandler.java:lambda$handle$2(124)) - Created Pipeline RATIS ONE PipelineID=6e41ae53-72be-45c9-b061-adab8af979ca.
2023-06-01 19:11:09,714 [PipelineCommandHandlerThread-0] INFO  server.RaftServer (RaftServerProxy.java:addNew(98)) - c2c84cb5-dc25-48b6-abcd-2faa62d614c8: addNew group-77F4DA91DDA5:[c2c84cb5-dc25-48b6-abcd-2faa62d614c8|rpc:10.1.0.196:15050|admin:10.1.0.196:15049|client:10.1.0.196:15048|dataStream:10.1.0.196:15051|priority:0|startupRole:FOLLOWER, 9ff544a7-6c1c-4ca7-a5dc-e42e2710cacb|rpc:10.1.0.196:15041|admin:10.1.0.196:15040|client:10.1.0.196:15039|dataStream:10.1.0.196:15042|priority:1|startupRole:FOLLOWER, aab6e560-2e42-4217-8e7a-cc5f2733e87a|rpc:10.1.0.196:15059|admin:10.1.0.196:15058|client:10.1.0.196:15057|dataStream:10.1.0.196:15060|priority:0|startupRole:FOLLOWER] returns group-77F4DA91DDA5:java.util.concurrent.CompletableFuture@689e7961[Not completed]
2023-06-01 19:11:09,725 [c2c84cb5-dc25-48b6-abcd-2faa62d614c8-groupManagement] INFO  server.RaftServer$Division (RaftServerImpl.java:<init>(198)) - c2c84cb5-dc25-48b6-abcd-2faa62d614c8: new RaftServerImpl for group-77F4DA91DDA5:[c2c84cb5-dc25-48b6-abcd-2faa62d614c8|rpc:10.1.0.196:15050|admin:10.1.0.196:15049|client:10.1.0.196:15048|dataStream:10.1.0.196:15051|priority:0|startupRole:FOLLOWER, 9ff544a7-6c1c-4ca7-a5dc-e42e2710cacb|rpc:10.1.0.196:15041|admin:10.1.0.196:15040|client:10.1.0.196:15039|dataStream:10.1.0.196:15042|priority:1|startupRole:FOLLOWER, aab6e560-2e42-4217-8e7a-cc5f2733e87a|rpc:10.1.0.196:15059|admin:10.1.0.196:15058|client:10.1.0.196:15057|dataStream:10.1.0.196:15060|priority:0|startupRole:FOLLOWER] with ContainerStateMachine:uninitialized
2023-06-01 19:11:09,725 [c2c84cb5-dc25-48b6-abcd-2faa62d614c8-groupManagement] INFO  server.RaftServerConfigKeys (ConfUtils.java:logGet(46)) - raft.server.rpc.timeout.min = 5s (custom)
2023-06-01 19:11:09,725 [c2c84cb5-dc25-48b6-abcd-2faa62d614c8-groupManagement] INFO  server.RaftServerConfigKeys (ConfUtils.java:logGet(46)) - raft.server.rpc.timeout.max = 5200ms (custom)
2023-06-01 19:11:09,725 [c2c84cb5-dc25-48b6-abcd-2faa62d614c8-groupManagement] INFO  server.RaftServerConfigKeys (ConfUtils.java:logGet(46)) - raft.server.rpc.sleep.time = 25ms (default)
2023-06-01 19:11:09,725 [c2c84cb5-dc25-48b6-abcd-2faa62d614c8-groupManagement] INFO  server.RaftServerConfigKeys (ConfUtils.java:logGet(46)) - raft.server.rpc.slowness.timeout = 300s (custom)
2023-06-01 19:11:09,725 [c2c84cb5-dc25-48b6-abcd-2faa62d614c8-groupManagement] INFO  server.RaftServerConfigKeys (ConfUtils.java:logGet(46)) - raft.server.leaderelection.leader.step-down.wait-time = 10s (default)
2023-06-01 19:11:09,725 [c2c84cb5-dc25-48b6-abcd-2faa62d614c8-groupManagement] INFO  server.RaftServerConfigKeys (ConfUtils.java:logGet(46)) - raft.server.sleep.deviation.threshold = 300ms (default)
2023-06-01 19:11:09,725 [c2c84cb5-dc25-48b6-abcd-2faa62d614c8-groupManagement] INFO  server.RaftServer$Division (ServerState.java:<init>(120)) - c2c84cb5-dc25-48b6-abcd-2faa62d614c8@group-77F4DA91DDA5: ConfigurationManager, init=-1: peers:[c2c84cb5-dc25-48b6-abcd-2faa62d614c8|rpc:10.1.0.196:15050|admin:10.1.0.196:15049|client:10.1.0.196:15048|dataStream:10.1.0.196:15051|priority:0|startupRole:FOLLOWER, 9ff544a7-6c1c-4ca7-a5dc-e42e2710cacb|rpc:10.1.0.196:15041|admin:10.1.0.196:15040|client:10.1.0.196:15039|dataStream:10.1.0.196:15042|priority:1|startupRole:FOLLOWER, aab6e560-2e42-4217-8e7a-cc5f2733e87a|rpc:10.1.0.196:15059|admin:10.1.0.196:15058|client:10.1.0.196:15057|dataStream:10.1.0.196:15060|priority:0|startupRole:FOLLOWER]|listeners:[], old=null, confs=<EMPTY_MAP>
2023-06-01 19:11:09,725 [c2c84cb5-dc25-48b6-abcd-2faa62d614c8-groupManagement] INFO  server.RaftServerConfigKeys (ConfUtils.java:logGet(46)) - raft.server.storage.dir = [/home/runner/work/ozone/ozone/hadoop-ozone/integration-test/target/test-dir/MiniOzoneClusterImpl-59aba430-7466-43cf-ac60-ffcd1bd17169/datanode-4/data/ratis] (custom)
2023-06-01 19:11:09,725 [c2c84cb5-dc25-48b6-abcd-2faa62d614c8-groupManagement] INFO  server.RaftServerConfigKeys (ConfUtils.java:logGet(46)) - raft.server.log.corruption.policy = EXCEPTION (default)
2023-06-01 19:11:09,725 [c2c84cb5-dc25-48b6-abcd-2faa62d614c8-groupManagement] INFO  server.RaftServerConfigKeys (ConfUtils.java:logGet(46)) - raft.server.storage.free-space.min = 0MB (=0) (default)
2023-06-01 19:11:09,725 [c2c84cb5-dc25-48b6-abcd-2faa62d614c8-groupManagement] INFO  server.RaftServerConfigKeys (ConfUtils.java:logGet(46)) - raft.server.notification.no-leader.timeout = 300s (custom)
2023-06-01 19:11:09,726 [c2c84cb5-dc25-48b6-abcd-2faa62d614c8-groupManagement] INFO  server.RaftServerConfigKeys (ConfUtils.java:logGet(46)) - raft.server.read.timeout = 10s (default)
2023-06-01 19:11:09,726 [c2c84cb5-dc25-48b6-abcd-2faa62d614c8-groupManagement] INFO  server.RaftServerConfigKeys (ConfUtils.java:logGet(46)) - raft.server.retrycache.expirytime = 600000ms (custom)
2023-06-01 19:11:09,726 [c2c84cb5-dc25-48b6-abcd-2faa62d614c8-groupManagement] INFO  server.RaftServerConfigKeys (ConfUtils.java:logGet(46)) - raft.server.retrycache.statistics.expirytime = 100μs (default)
2023-06-01 19:11:09,726 [c2c84cb5-dc25-48b6-abcd-2faa62d614c8-groupManagement] INFO  server.RaftServerConfigKeys (ConfUtils.java:logGet(46)) - raft.server.read.option = DEFAULT (default)
2023-06-01 19:11:09,727 [c2c84cb5-dc25-48b6-abcd-2faa62d614c8-groupManagement] INFO  server.RaftServerConfigKeys (ConfUtils.java:logGet(46)) - raft.server.rpc.request.timeout = 60s (custom)
2023-06-01 19:11:09,727 [c2c84cb5-dc25-48b6-abcd-2faa62d614c8-groupManagement] INFO  server.RaftServerConfigKeys (ConfUtils.java:logGet(46)) - raft.server.log.appender.install.snapshot.enabled = false (custom)
2023-06-01 19:11:09,727 [c2c84cb5-dc25-48b6-abcd-2faa62d614c8-groupManagement] INFO  server.RaftServerConfigKeys (ConfUtils.java:logGet(46)) - raft.server.threadpool.server.cached = true (default)
2023-06-01 19:11:09,727 [c2c84cb5-dc25-48b6-abcd-2faa62d614c8-groupManagement] INFO  server.RaftServerConfigKeys (ConfUtils.java:logGet(46)) - raft.server.threadpool.server.size = 0 (default)
2023-06-01 19:11:09,727 [c2c84cb5-dc25-48b6-abcd-2faa62d614c8-groupManagement] INFO  server.RaftServerConfigKeys (ConfUtils.java:logGet(46)) - raft.server.threadpool.client.cached = true (default)
2023-06-01 19:11:09,727 [c2c84cb5-dc25-48b6-abcd-2faa62d614c8-groupManagement] INFO  server.RaftServerConfigKeys (ConfUtils.java:logGet(46)) - raft.server.threadpool.client.size = 0 (default)
2023-06-01 19:11:09,727 [c2c84cb5-dc25-48b6-abcd-2faa62d614c8-groupManagement] INFO  storage.RaftStorageDirectory (RaftStorageDirectoryImpl.java:analyzeStorage(137)) - The storage directory /home/runner/work/ozone/ozone/hadoop-ozone/integration-test/target/test-dir/MiniOzoneClusterImpl-59aba430-7466-43cf-ac60-ffcd1bd17169/datanode-4/data/ratis/dcaac02a-ac5c-44f1-b323-77f4da91dda5 does not exist. Creating ...
2023-06-01 19:11:09,728 [c2c84cb5-dc25-48b6-abcd-2faa62d614c8-groupManagement] INFO  storage.RaftStorageDirectory (RaftStorageDirectoryImpl.java:tryLock(231)) - Lock on /home/runner/work/ozone/ozone/hadoop-ozone/integration-test/target/test-dir/MiniOzoneClusterImpl-59aba430-7466-43cf-ac60-ffcd1bd17169/datanode-4/data/ratis/dcaac02a-ac5c-44f1-b323-77f4da91dda5/in_use.lock acquired by nodename 16224@fv-az163-187
2023-06-01 19:11:09,731 [c2c84cb5-dc25-48b6-abcd-2faa62d614c8-groupManagement] INFO  storage.RaftStorage (RaftStorageImpl.java:format(96)) - Storage directory /home/runner/work/ozone/ozone/hadoop-ozone/integration-test/target/test-dir/MiniOzoneClusterImpl-59aba430-7466-43cf-ac60-ffcd1bd17169/datanode-4/data/ratis/dcaac02a-ac5c-44f1-b323-77f4da91dda5 has been successfully formatted.
2023-06-01 19:11:09,732 [c2c84cb5-dc25-48b6-abcd-2faa62d614c8-groupManagement] INFO  ratis.ContainerStateMachine (ContainerStateMachine.java:loadSnapshot(262)) - group-77F4DA91DDA5: The snapshot info is null. Setting the last applied indexto:(t:0, i:~)
2023-06-01 19:11:09,732 [c2c84cb5-dc25-48b6-abcd-2faa62d614c8-groupManagement] INFO  server.RaftServerConfigKeys (ConfUtils.java:logGet(46)) - raft.server.log.use.memory = false (default)
2023-06-01 19:11:09,732 [c2c84cb5-dc25-48b6-abcd-2faa62d614c8-groupManagement] INFO  server.RaftServerConfigKeys (ConfUtils.java:logGet(46)) - raft.server.log.purge.gap = 1000000 (custom)
2023-06-01 19:11:09,732 [c2c84cb5-dc25-48b6-abcd-2faa62d614c8-groupManagement] INFO  server.RaftServerConfigKeys (ConfUtils.java:logGet(46)) - raft.server.log.appender.buffer.byte-limit = 33554432 (custom)
2023-06-01 19:11:09,732 [c2c84cb5-dc25-48b6-abcd-2faa62d614c8-groupManagement] INFO  server.RaftServerConfigKeys (ConfUtils.java:logGet(46)) - raft.server.log.statemachine.data.read.timeout = 1000ms (default)
2023-06-01 19:11:09,732 [c2c84cb5-dc25-48b6-abcd-2faa62d614c8-groupManagement] INFO  server.RaftServerConfigKeys (ConfUtils.java:logGet(46)) - raft.server.log.purge.preservation.log.num = 0 (default)
2023-06-01 19:11:09,732 [c2c84cb5-dc25-48b6-abcd-2faa62d614c8-groupManagement] INFO  server.RaftServerConfigKeys (ConfUtils.java:logGet(46)) - raft.server.log.segment.size.max = 1048576 (custom)
2023-06-01 19:11:09,733 [c2c84cb5-dc25-48b6-abcd-2faa62d614c8-groupManagement] INFO  server.RaftServerConfigKeys (ConfUtils.java:logGet(46)) - raft.server.log.segment.cache.num.max = 2 (custom)
2023-06-01 19:11:09,733 [c2c84cb5-dc25-48b6-abcd-2faa62d614c8-groupManagement] INFO  server.RaftServerConfigKeys (ConfUtils.java:logGet(46)) - raft.server.log.segment.cache.size.max = 200MB (=209715200) (default)
2023-06-01 19:11:09,733 [c2c84cb5-dc25-48b6-abcd-2faa62d614c8-groupManagement] INFO  server.RaftServerConfigKeys (ConfUtils.java:logGet(46)) - raft.server.log.appender.buffer.byte-limit = 33554432 (custom)
2023-06-01 19:11:09,733 [c2c84cb5-dc25-48b6-abcd-2faa62d614c8-groupManagement] INFO  segmented.SegmentedRaftLogWorker (SegmentedRaftLogWorker.java:<init>(188)) - new c2c84cb5-dc25-48b6-abcd-2faa62d614c8@group-77F4DA91DDA5-SegmentedRaftLogWorker for RaftStorageImpl:Storage Directory /home/runner/work/ozone/ozone/hadoop-ozone/integration-test/target/test-dir/MiniOzoneClusterImpl-59aba430-7466-43cf-ac60-ffcd1bd17169/datanode-4/data/ratis/dcaac02a-ac5c-44f1-b323-77f4da91dda5
2023-06-01 19:11:09,733 [c2c84cb5-dc25-48b6-abcd-2faa62d614c8-groupManagement] INFO  server.RaftServerConfigKeys (ConfUtils.java:logGet(46)) - raft.server.log.queue.byte-limit = 4294967296 (custom)
2023-06-01 19:11:09,733 [c2c84cb5-dc25-48b6-abcd-2faa62d614c8-groupManagement] INFO  server.RaftServerConfigKeys (ConfUtils.java:logGet(46)) - raft.server.log.queue.element-limit = 1024 (custom)
2023-06-01 19:11:09,733 [c2c84cb5-dc25-48b6-abcd-2faa62d614c8-groupManagement] INFO  server.RaftServerConfigKeys (ConfUtils.java:logGet(46)) - raft.server.log.segment.size.max = 1048576 (custom)
2023-06-01 19:11:09,733 [c2c84cb5-dc25-48b6-abcd-2faa62d614c8-groupManagement] INFO  server.RaftServerConfigKeys (ConfUtils.java:logGet(46)) - raft.server.log.preallocated.size = 16384 (custom)
2023-06-01 19:11:09,734 [EventQueue-OpenPipelineForHealthyPipelineSafeModeRule] INFO  safemode.SCMSafeModeManager (HealthyPipelineSafeModeRule.java:process(137)) - SCM in safe mode. Healthy pipelines reported count is 0, required healthy pipeline reported count is 1
2023-06-01 19:11:09,734 [c2c84cb5-dc25-48b6-abcd-2faa62d614c8-groupManagement] INFO  server.RaftServerConfigKeys (ConfUtils.java:logGet(46)) - raft.server.log.force.sync.num = 128 (default)
2023-06-01 19:11:09,736 [c2c84cb5-dc25-48b6-abcd-2faa62d614c8-groupManagement] INFO  server.RaftServerConfigKeys (ConfUtils.java:logGet(46)) - raft.server.log.statemachine.data.sync = true (default)
2023-06-01 19:11:09,736 [c2c84cb5-dc25-48b6-abcd-2faa62d614c8-groupManagement] INFO  server.RaftServerConfigKeys (ConfUtils.java:logGet(46)) - raft.server.log.statemachine.data.sync.timeout = 10s (default)
2023-06-01 19:11:09,736 [c2c84cb5-dc25-48b6-abcd-2faa62d614c8-groupManagement] INFO  server.RaftServerConfigKeys (ConfUtils.java:logGet(46)) - raft.server.log.statemachine.data.sync.timeout.retry = -1 (default)
2023-06-01 19:11:09,737 [c2c84cb5-dc25-48b6-abcd-2faa62d614c8-groupManagement] INFO  server.RaftServerConfigKeys (ConfUtils.java:logGet(46)) - raft.server.log.write.buffer.size = 1048576 (custom)
2023-06-01 19:11:09,737 [c2c84cb5-dc25-48b6-abcd-2faa62d614c8-groupManagement] INFO  server.RaftServerConfigKeys (ConfUtils.java:logGet(46)) - raft.server.log.appender.buffer.byte-limit = 33554432 (custom)
2023-06-01 19:11:09,741 [c2c84cb5-dc25-48b6-abcd-2faa62d614c8-groupManagement] INFO  server.RaftServerConfigKeys (ConfUtils.java:logGet(46)) - raft.server.log.unsafe-flush.enabled = false (default)
2023-06-01 19:11:09,741 [c2c84cb5-dc25-48b6-abcd-2faa62d614c8-groupManagement] INFO  server.RaftServerConfigKeys (ConfUtils.java:logGet(46)) - raft.server.log.async-flush.enabled = false (default)
2023-06-01 19:11:09,741 [c2c84cb5-dc25-48b6-abcd-2faa62d614c8-groupManagement] INFO  server.RaftServerConfigKeys (ConfUtils.java:logGet(46)) - raft.server.log.statemachine.data.caching.enabled = true (custom)
2023-06-01 19:11:09,741 [c2c84cb5-dc25-48b6-abcd-2faa62d614c8-groupManagement] INFO  segmented.SegmentedRaftLogWorker (SegmentedRaftLogWorker.java:lambda$new$0(135)) - c2c84cb5-dc25-48b6-abcd-2faa62d614c8@group-77F4DA91DDA5-SegmentedRaftLogWorker: flushIndex: setUnconditionally 0 -> -1
2023-06-01 19:11:09,741 [c2c84cb5-dc25-48b6-abcd-2faa62d614c8-groupManagement] INFO  segmented.SegmentedRaftLogWorker (SegmentedRaftLogWorker.java:lambda$new$0(135)) - c2c84cb5-dc25-48b6-abcd-2faa62d614c8@group-77F4DA91DDA5-SegmentedRaftLogWorker: safeCacheEvictIndex: setUnconditionally 0 -> -1
2023-06-01 19:11:09,741 [c2c84cb5-dc25-48b6-abcd-2faa62d614c8-groupManagement] INFO  server.RaftServer$Division (RaftServerImpl.java:start(342)) - c2c84cb5-dc25-48b6-abcd-2faa62d614c8@group-77F4DA91DDA5: start as a follower, conf=-1: peers:[c2c84cb5-dc25-48b6-abcd-2faa62d614c8|rpc:10.1.0.196:15050|admin:10.1.0.196:15049|client:10.1.0.196:15048|dataStream:10.1.0.196:15051|priority:0|startupRole:FOLLOWER, 9ff544a7-6c1c-4ca7-a5dc-e42e2710cacb|rpc:10.1.0.196:15041|admin:10.1.0.196:15040|client:10.1.0.196:15039|dataStream:10.1.0.196:15042|priority:1|startupRole:FOLLOWER, aab6e560-2e42-4217-8e7a-cc5f2733e87a|rpc:10.1.0.196:15059|admin:10.1.0.196:15058|client:10.1.0.196:15057|dataStream:10.1.0.196:15060|priority:0|startupRole:FOLLOWER]|listeners:[], old=null
2023-06-01 19:11:09,741 [c2c84cb5-dc25-48b6-abcd-2faa62d614c8-groupManagement] INFO  server.RaftServer$Division (RaftServerImpl.java:setRole(329)) - c2c84cb5-dc25-48b6-abcd-2faa62d614c8@group-77F4DA91DDA5: changes role from      null to FOLLOWER at term 0 for startAsFollower
2023-06-01 19:11:09,741 [c2c84cb5-dc25-48b6-abcd-2faa62d614c8-groupManagement] INFO  impl.RoleInfo (RoleInfo.java:updateAndGet(139)) - c2c84cb5-dc25-48b6-abcd-2faa62d614c8: start c2c84cb5-dc25-48b6-abcd-2faa62d614c8@group-77F4DA91DDA5-FollowerState
2023-06-01 19:11:09,742 [c2c84cb5-dc25-48b6-abcd-2faa62d614c8-groupManagement] INFO  util.JmxRegister (JmxRegister.java:tryRegister(44)) - Successfully registered JMX Bean with object name Ratis:service=RaftServer,group=group-77F4DA91DDA5,id=c2c84cb5-dc25-48b6-abcd-2faa62d614c8
2023-06-01 19:11:09,742 [c2c84cb5-dc25-48b6-abcd-2faa62d614c8-groupManagement] INFO  server.RaftServerConfigKeys (ConfUtils.java:logGet(46)) - raft.server.snapshot.auto.trigger.enabled = true (custom)
2023-06-01 19:11:09,742 [c2c84cb5-dc25-48b6-abcd-2faa62d614c8-groupManagement] INFO  server.RaftServerConfigKeys (ConfUtils.java:logGet(46)) - raft.server.snapshot.auto.trigger.threshold = 10000 (custom)
2023-06-01 19:11:09,742 [c2c84cb5-dc25-48b6-abcd-2faa62d614c8-groupManagement] INFO  server.RaftServerConfigKeys (ConfUtils.java:logGet(46)) - raft.server.snapshot.retention.file.num = 5 (custom)
2023-06-01 19:11:09,742 [c2c84cb5-dc25-48b6-abcd-2faa62d614c8-groupManagement] INFO  server.RaftServerConfigKeys (ConfUtils.java:logGet(46)) - raft.server.log.purge.upto.snapshot.index = false (default)
2023-06-01 19:11:09,742 [c2c84cb5-dc25-48b6-abcd-2faa62d614c8@group-77F4DA91DDA5-FollowerState] INFO  server.RaftServerConfigKeys (ConfUtils.java:logFallback(53)) - raft.server.rpc.first-election.timeout.min = 5s (fallback to raft.server.rpc.timeout.min)
2023-06-01 19:11:09,743 [PipelineCommandHandlerThread-0] INFO  ratis.XceiverServerRatis (XceiverServerRatis.java:addGroup(804)) - Created group PipelineID=dcaac02a-ac5c-44f1-b323-77f4da91dda5
2023-06-01 19:11:09,749 [c2c84cb5-dc25-48b6-abcd-2faa62d614c8@group-77F4DA91DDA5-FollowerState] INFO  server.RaftServerConfigKeys (ConfUtils.java:logFallback(53)) - raft.server.rpc.first-election.timeout.max = 5200ms (fallback to raft.server.rpc.timeout.max)
2023-06-01 19:11:09,830 [grpc-default-executor-1] INFO  server.RaftServer (RaftServerProxy.java:addNew(98)) - aab6e560-2e42-4217-8e7a-cc5f2733e87a: addNew group-77F4DA91DDA5:[c2c84cb5-dc25-48b6-abcd-2faa62d614c8|rpc:10.1.0.196:15050|admin:10.1.0.196:15049|client:10.1.0.196:15048|dataStream:10.1.0.196:15051|priority:0|startupRole:FOLLOWER, 9ff544a7-6c1c-4ca7-a5dc-e42e2710cacb|rpc:10.1.0.196:15041|admin:10.1.0.196:15040|client:10.1.0.196:15039|dataStream:10.1.0.196:15042|priority:1|startupRole:FOLLOWER, aab6e560-2e42-4217-8e7a-cc5f2733e87a|rpc:10.1.0.196:15059|admin:10.1.0.196:15058|client:10.1.0.196:15057|dataStream:10.1.0.196:15060|priority:0|startupRole:FOLLOWER] returns group-77F4DA91DDA5:java.util.concurrent.CompletableFuture@47c3ab4f[Not completed]
2023-06-01 19:11:09,836 [aab6e560-2e42-4217-8e7a-cc5f2733e87a-groupManagement] INFO  server.RaftServer$Division (RaftServerImpl.java:<init>(198)) - aab6e560-2e42-4217-8e7a-cc5f2733e87a: new RaftServerImpl for group-77F4DA91DDA5:[c2c84cb5-dc25-48b6-abcd-2faa62d614c8|rpc:10.1.0.196:15050|admin:10.1.0.196:15049|client:10.1.0.196:15048|dataStream:10.1.0.196:15051|priority:0|startupRole:FOLLOWER, 9ff544a7-6c1c-4ca7-a5dc-e42e2710cacb|rpc:10.1.0.196:15041|admin:10.1.0.196:15040|client:10.1.0.196:15039|dataStream:10.1.0.196:15042|priority:1|startupRole:FOLLOWER, aab6e560-2e42-4217-8e7a-cc5f2733e87a|rpc:10.1.0.196:15059|admin:10.1.0.196:15058|client:10.1.0.196:15057|dataStream:10.1.0.196:15060|priority:0|startupRole:FOLLOWER] with ContainerStateMachine:uninitialized
2023-06-01 19:11:09,836 [aab6e560-2e42-4217-8e7a-cc5f2733e87a-groupManagement] INFO  server.RaftServerConfigKeys (ConfUtils.java:logGet(46)) - raft.server.rpc.timeout.min = 5s (custom)
2023-06-01 19:11:09,836 [aab6e560-2e42-4217-8e7a-cc5f2733e87a-groupManagement] INFO  server.RaftServerConfigKeys (ConfUtils.java:logGet(46)) - raft.server.rpc.timeout.max = 5200ms (custom)
2023-06-01 19:11:09,837 [aab6e560-2e42-4217-8e7a-cc5f2733e87a-groupManagement] INFO  server.RaftServerConfigKeys (ConfUtils.java:logGet(46)) - raft.server.rpc.sleep.time = 25ms (default)
2023-06-01 19:11:09,837 [aab6e560-2e42-4217-8e7a-cc5f2733e87a-groupManagement] INFO  server.RaftServerConfigKeys (ConfUtils.java:logGet(46)) - raft.server.rpc.slowness.timeout = 300s (custom)
2023-06-01 19:11:09,837 [aab6e560-2e42-4217-8e7a-cc5f2733e87a-groupManagement] INFO  server.RaftServerConfigKeys (ConfUtils.java:logGet(46)) - raft.server.leaderelection.leader.step-down.wait-time = 10s (default)
2023-06-01 19:11:09,837 [aab6e560-2e42-4217-8e7a-cc5f2733e87a-groupManagement] INFO  server.RaftServerConfigKeys (ConfUtils.java:logGet(46)) - raft.server.sleep.deviation.threshold = 300ms (default)
2023-06-01 19:11:09,837 [aab6e560-2e42-4217-8e7a-cc5f2733e87a-groupManagement] INFO  server.RaftServer$Division (ServerState.java:<init>(120)) - aab6e560-2e42-4217-8e7a-cc5f2733e87a@group-77F4DA91DDA5: ConfigurationManager, init=-1: peers:[c2c84cb5-dc25-48b6-abcd-2faa62d614c8|rpc:10.1.0.196:15050|admin:10.1.0.196:15049|client:10.1.0.196:15048|dataStream:10.1.0.196:15051|priority:0|startupRole:FOLLOWER, 9ff544a7-6c1c-4ca7-a5dc-e42e2710cacb|rpc:10.1.0.196:15041|admin:10.1.0.196:15040|client:10.1.0.196:15039|dataStream:10.1.0.196:15042|priority:1|startupRole:FOLLOWER, aab6e560-2e42-4217-8e7a-cc5f2733e87a|rpc:10.1.0.196:15059|admin:10.1.0.196:15058|client:10.1.0.196:15057|dataStream:10.1.0.196:15060|priority:0|startupRole:FOLLOWER]|listeners:[], old=null, confs=<EMPTY_MAP>
2023-06-01 19:11:09,837 [aab6e560-2e42-4217-8e7a-cc5f2733e87a-groupManagement] INFO  server.RaftServerConfigKeys (ConfUtils.java:logGet(46)) - raft.server.storage.dir = [/home/runner/work/ozone/ozone/hadoop-ozone/integration-test/target/test-dir/MiniOzoneClusterImpl-59aba430-7466-43cf-ac60-ffcd1bd17169/datanode-5/data/ratis] (custom)
2023-06-01 19:11:09,837 [aab6e560-2e42-4217-8e7a-cc5f2733e87a-groupManagement] INFO  server.RaftServerConfigKeys (ConfUtils.java:logGet(46)) - raft.server.log.corruption.policy = EXCEPTION (default)
2023-06-01 19:11:09,837 [aab6e560-2e42-4217-8e7a-cc5f2733e87a-groupManagement] INFO  server.RaftServerConfigKeys (ConfUtils.java:logGet(46)) - raft.server.storage.free-space.min = 0MB (=0) (default)
2023-06-01 19:11:09,837 [aab6e560-2e42-4217-8e7a-cc5f2733e87a-groupManagement] INFO  server.RaftServerConfigKeys (ConfUtils.java:logGet(46)) - raft.server.notification.no-leader.timeout = 300s (custom)
2023-06-01 19:11:09,837 [aab6e560-2e42-4217-8e7a-cc5f2733e87a-groupManagement] INFO  server.RaftServerConfigKeys (ConfUtils.java:logGet(46)) - raft.server.read.timeout = 10s (default)
2023-06-01 19:11:09,837 [aab6e560-2e42-4217-8e7a-cc5f2733e87a-groupManagement] INFO  server.RaftServerConfigKeys (ConfUtils.java:logGet(46)) - raft.server.retrycache.expirytime = 600000ms (custom)
2023-06-01 19:11:09,837 [aab6e560-2e42-4217-8e7a-cc5f2733e87a-groupManagement] INFO  server.RaftServerConfigKeys (ConfUtils.java:logGet(46)) - raft.server.retrycache.statistics.expirytime = 100μs (default)
2023-06-01 19:11:09,837 [aab6e560-2e42-4217-8e7a-cc5f2733e87a-groupManagement] INFO  server.RaftServerConfigKeys (ConfUtils.java:logGet(46)) - raft.server.read.option = DEFAULT (default)
2023-06-01 19:11:09,843 [aab6e560-2e42-4217-8e7a-cc5f2733e87a-groupManagement] INFO  server.RaftServerConfigKeys (ConfUtils.java:logGet(46)) - raft.server.rpc.request.timeout = 60s (custom)
2023-06-01 19:11:09,843 [aab6e560-2e42-4217-8e7a-cc5f2733e87a-groupManagement] INFO  server.RaftServerConfigKeys (ConfUtils.java:logGet(46)) - raft.server.log.appender.install.snapshot.enabled = false (custom)
2023-06-01 19:11:09,844 [aab6e560-2e42-4217-8e7a-cc5f2733e87a-groupManagement] INFO  server.RaftServerConfigKeys (ConfUtils.java:logGet(46)) - raft.server.threadpool.server.cached = true (default)
2023-06-01 19:11:09,844 [aab6e560-2e42-4217-8e7a-cc5f2733e87a-groupManagement] INFO  server.RaftServerConfigKeys (ConfUtils.java:logGet(46)) - raft.server.threadpool.server.size = 0 (default)
2023-06-01 19:11:09,844 [aab6e560-2e42-4217-8e7a-cc5f2733e87a-groupManagement] INFO  server.RaftServerConfigKeys (ConfUtils.java:logGet(46)) - raft.server.threadpool.client.cached = true (default)
2023-06-01 19:11:09,844 [aab6e560-2e42-4217-8e7a-cc5f2733e87a-groupManagement] INFO  server.RaftServerConfigKeys (ConfUtils.java:logGet(46)) - raft.server.threadpool.client.size = 0 (default)
2023-06-01 19:11:09,844 [aab6e560-2e42-4217-8e7a-cc5f2733e87a-groupManagement] INFO  storage.RaftStorageDirectory (RaftStorageDirectoryImpl.java:analyzeStorage(137)) - The storage directory /home/runner/work/ozone/ozone/hadoop-ozone/integration-test/target/test-dir/MiniOzoneClusterImpl-59aba430-7466-43cf-ac60-ffcd1bd17169/datanode-5/data/ratis/dcaac02a-ac5c-44f1-b323-77f4da91dda5 does not exist. Creating ...
2023-06-01 19:11:09,848 [aab6e560-2e42-4217-8e7a-cc5f2733e87a-groupManagement] INFO  storage.RaftStorageDirectory (RaftStorageDirectoryImpl.java:tryLock(231)) - Lock on /home/runner/work/ozone/ozone/hadoop-ozone/integration-test/target/test-dir/MiniOzoneClusterImpl-59aba430-7466-43cf-ac60-ffcd1bd17169/datanode-5/data/ratis/dcaac02a-ac5c-44f1-b323-77f4da91dda5/in_use.lock acquired by nodename 16224@fv-az163-187
2023-06-01 19:11:09,850 [aab6e560-2e42-4217-8e7a-cc5f2733e87a-groupManagement] INFO  storage.RaftStorage (RaftStorageImpl.java:format(96)) - Storage directory /home/runner/work/ozone/ozone/hadoop-ozone/integration-test/target/test-dir/MiniOzoneClusterImpl-59aba430-7466-43cf-ac60-ffcd1bd17169/datanode-5/data/ratis/dcaac02a-ac5c-44f1-b323-77f4da91dda5 has been successfully formatted.
2023-06-01 19:11:09,850 [aab6e560-2e42-4217-8e7a-cc5f2733e87a-groupManagement] INFO  ratis.ContainerStateMachine (ContainerStateMachine.java:loadSnapshot(262)) - group-77F4DA91DDA5: The snapshot info is null. Setting the last applied indexto:(t:0, i:~)
2023-06-01 19:11:09,850 [aab6e560-2e42-4217-8e7a-cc5f2733e87a-groupManagement] INFO  server.RaftServerConfigKeys (ConfUtils.java:logGet(46)) - raft.server.log.use.memory = false (default)
2023-06-01 19:11:09,850 [aab6e560-2e42-4217-8e7a-cc5f2733e87a-groupManagement] INFO  server.RaftServerConfigKeys (ConfUtils.java:logGet(46)) - raft.server.log.purge.gap = 1000000 (custom)
2023-06-01 19:11:09,850 [aab6e560-2e42-4217-8e7a-cc5f2733e87a-groupManagement] INFO  server.RaftServerConfigKeys (ConfUtils.java:logGet(46)) - raft.server.log.appender.buffer.byte-limit = 33554432 (custom)
2023-06-01 19:11:09,850 [aab6e560-2e42-4217-8e7a-cc5f2733e87a-groupManagement] INFO  server.RaftServerConfigKeys (ConfUtils.java:logGet(46)) - raft.server.log.statemachine.data.read.timeout = 1000ms (default)
2023-06-01 19:11:09,850 [aab6e560-2e42-4217-8e7a-cc5f2733e87a-groupManagement] INFO  server.RaftServerConfigKeys (ConfUtils.java:logGet(46)) - raft.server.log.purge.preservation.log.num = 0 (default)
2023-06-01 19:11:09,852 [aab6e560-2e42-4217-8e7a-cc5f2733e87a-groupManagement] INFO  server.RaftServerConfigKeys (ConfUtils.java:logGet(46)) - raft.server.log.segment.size.max = 1048576 (custom)
2023-06-01 19:11:09,852 [aab6e560-2e42-4217-8e7a-cc5f2733e87a-groupManagement] INFO  server.RaftServerConfigKeys (ConfUtils.java:logGet(46)) - raft.server.log.segment.cache.num.max = 2 (custom)
2023-06-01 19:11:09,852 [aab6e560-2e42-4217-8e7a-cc5f2733e87a-groupManagement] INFO  server.RaftServerConfigKeys (ConfUtils.java:logGet(46)) - raft.server.log.segment.cache.size.max = 200MB (=209715200) (default)
2023-06-01 19:11:09,852 [aab6e560-2e42-4217-8e7a-cc5f2733e87a-groupManagement] INFO  server.RaftServerConfigKeys (ConfUtils.java:logGet(46)) - raft.server.log.appender.buffer.byte-limit = 33554432 (custom)
2023-06-01 19:11:09,853 [aab6e560-2e42-4217-8e7a-cc5f2733e87a-groupManagement] INFO  segmented.SegmentedRaftLogWorker (SegmentedRaftLogWorker.java:<init>(188)) - new aab6e560-2e42-4217-8e7a-cc5f2733e87a@group-77F4DA91DDA5-SegmentedRaftLogWorker for RaftStorageImpl:Storage Directory /home/runner/work/ozone/ozone/hadoop-ozone/integration-test/target/test-dir/MiniOzoneClusterImpl-59aba430-7466-43cf-ac60-ffcd1bd17169/datanode-5/data/ratis/dcaac02a-ac5c-44f1-b323-77f4da91dda5
2023-06-01 19:11:09,853 [aab6e560-2e42-4217-8e7a-cc5f2733e87a-groupManagement] INFO  server.RaftServerConfigKeys (ConfUtils.java:logGet(46)) - raft.server.log.queue.byte-limit = 4294967296 (custom)
2023-06-01 19:11:09,853 [aab6e560-2e42-4217-8e7a-cc5f2733e87a-groupManagement] INFO  server.RaftServerConfigKeys (ConfUtils.java:logGet(46)) - raft.server.log.queue.element-limit = 1024 (custom)
2023-06-01 19:11:09,853 [aab6e560-2e42-4217-8e7a-cc5f2733e87a-groupManagement] INFO  server.RaftServerConfigKeys (ConfUtils.java:logGet(46)) - raft.server.log.segment.size.max = 1048576 (custom)
2023-06-01 19:11:09,853 [aab6e560-2e42-4217-8e7a-cc5f2733e87a-groupManagement] INFO  server.RaftServerConfigKeys (ConfUtils.java:logGet(46)) - raft.server.log.preallocated.size = 16384 (custom)
2023-06-01 19:11:09,853 [aab6e560-2e42-4217-8e7a-cc5f2733e87a-groupManagement] INFO  server.RaftServerConfigKeys (ConfUtils.java:logGet(46)) - raft.server.log.force.sync.num = 128 (default)
2023-06-01 19:11:09,853 [aab6e560-2e42-4217-8e7a-cc5f2733e87a-groupManagement] INFO  server.RaftServerConfigKeys (ConfUtils.java:logGet(46)) - raft.server.log.statemachine.data.sync = true (default)
2023-06-01 19:11:09,853 [aab6e560-2e42-4217-8e7a-cc5f2733e87a-groupManagement] INFO  server.RaftServerConfigKeys (ConfUtils.java:logGet(46)) - raft.server.log.statemachine.data.sync.timeout = 10s (default)
2023-06-01 19:11:09,853 [aab6e560-2e42-4217-8e7a-cc5f2733e87a-groupManagement] INFO  server.RaftServerConfigKeys (ConfUtils.java:logGet(46)) - raft.server.log.statemachine.data.sync.timeout.retry = -1 (default)
2023-06-01 19:11:09,855 [aab6e560-2e42-4217-8e7a-cc5f2733e87a-groupManagement] INFO  server.RaftServerConfigKeys (ConfUtils.java:logGet(46)) - raft.server.log.write.buffer.size = 1048576 (custom)
2023-06-01 19:11:09,855 [aab6e560-2e42-4217-8e7a-cc5f2733e87a-groupManagement] INFO  server.RaftServerConfigKeys (ConfUtils.java:logGet(46)) - raft.server.log.appender.buffer.byte-limit = 33554432 (custom)
2023-06-01 19:11:09,858 [aab6e560-2e42-4217-8e7a-cc5f2733e87a-groupManagement] INFO  server.RaftServerConfigKeys (ConfUtils.java:logGet(46)) - raft.server.log.unsafe-flush.enabled = false (default)
2023-06-01 19:11:09,858 [aab6e560-2e42-4217-8e7a-cc5f2733e87a-groupManagement] INFO  server.RaftServerConfigKeys (ConfUtils.java:logGet(46)) - raft.server.log.async-flush.enabled = false (default)
2023-06-01 19:11:09,858 [aab6e560-2e42-4217-8e7a-cc5f2733e87a-groupManagement] INFO  server.RaftServerConfigKeys (ConfUtils.java:logGet(46)) - raft.server.log.statemachine.data.caching.enabled = true (custom)
2023-06-01 19:11:09,858 [aab6e560-2e42-4217-8e7a-cc5f2733e87a-groupManagement] INFO  segmented.SegmentedRaftLogWorker (SegmentedRaftLogWorker.java:lambda$new$0(135)) - aab6e560-2e42-4217-8e7a-cc5f2733e87a@group-77F4DA91DDA5-SegmentedRaftLogWorker: flushIndex: setUnconditionally 0 -> -1
2023-06-01 19:11:09,858 [aab6e560-2e42-4217-8e7a-cc5f2733e87a-groupManagement] INFO  segmented.SegmentedRaftLogWorker (SegmentedRaftLogWorker.java:lambda$new$0(135)) - aab6e560-2e42-4217-8e7a-cc5f2733e87a@group-77F4DA91DDA5-SegmentedRaftLogWorker: safeCacheEvictIndex: setUnconditionally 0 -> -1
2023-06-01 19:11:09,867 [aab6e560-2e42-4217-8e7a-cc5f2733e87a-groupManagement] INFO  server.RaftServer$Division (RaftServerImpl.java:start(342)) - aab6e560-2e42-4217-8e7a-cc5f2733e87a@group-77F4DA91DDA5: start as a follower, conf=-1: peers:[c2c84cb5-dc25-48b6-abcd-2faa62d614c8|rpc:10.1.0.196:15050|admin:10.1.0.196:15049|client:10.1.0.196:15048|dataStream:10.1.0.196:15051|priority:0|startupRole:FOLLOWER, 9ff544a7-6c1c-4ca7-a5dc-e42e2710cacb|rpc:10.1.0.196:15041|admin:10.1.0.196:15040|client:10.1.0.196:15039|dataStream:10.1.0.196:15042|priority:1|startupRole:FOLLOWER, aab6e560-2e42-4217-8e7a-cc5f2733e87a|rpc:10.1.0.196:15059|admin:10.1.0.196:15058|client:10.1.0.196:15057|dataStream:10.1.0.196:15060|priority:0|startupRole:FOLLOWER]|listeners:[], old=null
2023-06-01 19:11:09,867 [aab6e560-2e42-4217-8e7a-cc5f2733e87a-groupManagement] INFO  server.RaftServer$Division (RaftServerImpl.java:setRole(329)) - aab6e560-2e42-4217-8e7a-cc5f2733e87a@group-77F4DA91DDA5: changes role from      null to FOLLOWER at term 0 for startAsFollower
2023-06-01 19:11:09,867 [aab6e560-2e42-4217-8e7a-cc5f2733e87a-groupManagement] INFO  impl.RoleInfo (RoleInfo.java:updateAndGet(139)) - aab6e560-2e42-4217-8e7a-cc5f2733e87a: start aab6e560-2e42-4217-8e7a-cc5f2733e87a@group-77F4DA91DDA5-FollowerState
2023-06-01 19:11:09,870 [aab6e560-2e42-4217-8e7a-cc5f2733e87a-groupManagement] INFO  util.JmxRegister (JmxRegister.java:tryRegister(44)) - Successfully registered JMX Bean with object name Ratis:service=RaftServer,group=group-77F4DA91DDA5,id=aab6e560-2e42-4217-8e7a-cc5f2733e87a
2023-06-01 19:11:09,871 [aab6e560-2e42-4217-8e7a-cc5f2733e87a-groupManagement] INFO  server.RaftServerConfigKeys (ConfUtils.java:logGet(46)) - raft.server.snapshot.auto.trigger.enabled = true (custom)
2023-06-01 19:11:09,871 [aab6e560-2e42-4217-8e7a-cc5f2733e87a-groupManagement] INFO  server.RaftServerConfigKeys (ConfUtils.java:logGet(46)) - raft.server.snapshot.auto.trigger.threshold = 10000 (custom)
2023-06-01 19:11:09,871 [aab6e560-2e42-4217-8e7a-cc5f2733e87a-groupManagement] INFO  server.RaftServerConfigKeys (ConfUtils.java:logGet(46)) - raft.server.snapshot.retention.file.num = 5 (custom)
2023-06-01 19:11:09,871 [aab6e560-2e42-4217-8e7a-cc5f2733e87a-groupManagement] INFO  server.RaftServerConfigKeys (ConfUtils.java:logGet(46)) - raft.server.log.purge.upto.snapshot.index = false (default)
2023-06-01 19:11:09,872 [aab6e560-2e42-4217-8e7a-cc5f2733e87a@group-77F4DA91DDA5-FollowerState] INFO  server.RaftServerConfigKeys (ConfUtils.java:logFallback(53)) - raft.server.rpc.first-election.timeout.min = 5s (fallback to raft.server.rpc.timeout.min)
2023-06-01 19:11:09,877 [aab6e560-2e42-4217-8e7a-cc5f2733e87a@group-77F4DA91DDA5-FollowerState] INFO  server.RaftServerConfigKeys (ConfUtils.java:logFallback(53)) - raft.server.rpc.first-election.timeout.max = 5200ms (fallback to raft.server.rpc.timeout.max)
2023-06-01 19:11:09,884 [PipelineCommandHandlerThread-0] INFO  commandhandler.CreatePipelineCommandHandler (CreatePipelineCommandHandler.java:lambda$handle$2(124)) - Created Pipeline RATIS THREE PipelineID=dcaac02a-ac5c-44f1-b323-77f4da91dda5.
2023-06-01 19:11:09,885 [PipelineCommandHandlerThread-0] INFO  server.RaftServer (RaftServerProxy.java:addNew(98)) - c2c84cb5-dc25-48b6-abcd-2faa62d614c8: addNew group-DBA6A5F258BE:[c2c84cb5-dc25-48b6-abcd-2faa62d614c8|rpc:10.1.0.196:15050|admin:10.1.0.196:15049|client:10.1.0.196:15048|dataStream:10.1.0.196:15051|priority:1|startupRole:FOLLOWER, 9ff544a7-6c1c-4ca7-a5dc-e42e2710cacb|rpc:10.1.0.196:15041|admin:10.1.0.196:15040|client:10.1.0.196:15039|dataStream:10.1.0.196:15042|priority:0|startupRole:FOLLOWER, aab6e560-2e42-4217-8e7a-cc5f2733e87a|rpc:10.1.0.196:15059|admin:10.1.0.196:15058|client:10.1.0.196:15057|dataStream:10.1.0.196:15060|priority:0|startupRole:FOLLOWER] returns group-DBA6A5F258BE:java.util.concurrent.CompletableFuture@777ec6f0[Not completed]
2023-06-01 19:11:09,886 [c2c84cb5-dc25-48b6-abcd-2faa62d614c8-groupManagement] INFO  server.RaftServer$Division (RaftServerImpl.java:<init>(198)) - c2c84cb5-dc25-48b6-abcd-2faa62d614c8: new RaftServerImpl for group-DBA6A5F258BE:[c2c84cb5-dc25-48b6-abcd-2faa62d614c8|rpc:10.1.0.196:15050|admin:10.1.0.196:15049|client:10.1.0.196:15048|dataStream:10.1.0.196:15051|priority:1|startupRole:FOLLOWER, 9ff544a7-6c1c-4ca7-a5dc-e42e2710cacb|rpc:10.1.0.196:15041|admin:10.1.0.196:15040|client:10.1.0.196:15039|dataStream:10.1.0.196:15042|priority:0|startupRole:FOLLOWER, aab6e560-2e42-4217-8e7a-cc5f2733e87a|rpc:10.1.0.196:15059|admin:10.1.0.196:15058|client:10.1.0.196:15057|dataStream:10.1.0.196:15060|priority:0|startupRole:FOLLOWER] with ContainerStateMachine:uninitialized
2023-06-01 19:11:09,886 [c2c84cb5-dc25-48b6-abcd-2faa62d614c8-groupManagement] INFO  server.RaftServerConfigKeys (ConfUtils.java:logGet(46)) - raft.server.rpc.timeout.min = 5s (custom)
2023-06-01 19:11:09,886 [c2c84cb5-dc25-48b6-abcd-2faa62d614c8-groupManagement] INFO  server.RaftServerConfigKeys (ConfUtils.java:logGet(46)) - raft.server.rpc.timeout.max = 5200ms (custom)
2023-06-01 19:11:09,886 [c2c84cb5-dc25-48b6-abcd-2faa62d614c8-groupManagement] INFO  server.RaftServerConfigKeys (ConfUtils.java:logGet(46)) - raft.server.rpc.sleep.time = 25ms (default)
2023-06-01 19:11:09,886 [c2c84cb5-dc25-48b6-abcd-2faa62d614c8-groupManagement] INFO  server.RaftServerConfigKeys (ConfUtils.java:logGet(46)) - raft.server.rpc.slowness.timeout = 300s (custom)
2023-06-01 19:11:09,886 [c2c84cb5-dc25-48b6-abcd-2faa62d614c8-groupManagement] INFO  server.RaftServerConfigKeys (ConfUtils.java:logGet(46)) - raft.server.leaderelection.leader.step-down.wait-time = 10s (default)
2023-06-01 19:11:09,886 [c2c84cb5-dc25-48b6-abcd-2faa62d614c8-groupManagement] INFO  server.RaftServerConfigKeys (ConfUtils.java:logGet(46)) - raft.server.sleep.deviation.threshold = 300ms (default)
2023-06-01 19:11:09,886 [c2c84cb5-dc25-48b6-abcd-2faa62d614c8-groupManagement] INFO  server.RaftServer$Division (ServerState.java:<init>(120)) - c2c84cb5-dc25-48b6-abcd-2faa62d614c8@group-DBA6A5F258BE: ConfigurationManager, init=-1: peers:[c2c84cb5-dc25-48b6-abcd-2faa62d614c8|rpc:10.1.0.196:15050|admin:10.1.0.196:15049|client:10.1.0.196:15048|dataStream:10.1.0.196:15051|priority:1|startupRole:FOLLOWER, 9ff544a7-6c1c-4ca7-a5dc-e42e2710cacb|rpc:10.1.0.196:15041|admin:10.1.0.196:15040|client:10.1.0.196:15039|dataStream:10.1.0.196:15042|priority:0|startupRole:FOLLOWER, aab6e560-2e42-4217-8e7a-cc5f2733e87a|rpc:10.1.0.196:15059|admin:10.1.0.196:15058|client:10.1.0.196:15057|dataStream:10.1.0.196:15060|priority:0|startupRole:FOLLOWER]|listeners:[], old=null, confs=<EMPTY_MAP>
2023-06-01 19:11:09,886 [c2c84cb5-dc25-48b6-abcd-2faa62d614c8-groupManagement] INFO  server.RaftServerConfigKeys (ConfUtils.java:logGet(46)) - raft.server.storage.dir = [/home/runner/work/ozone/ozone/hadoop-ozone/integration-test/target/test-dir/MiniOzoneClusterImpl-59aba430-7466-43cf-ac60-ffcd1bd17169/datanode-4/data/ratis] (custom)
2023-06-01 19:11:09,886 [c2c84cb5-dc25-48b6-abcd-2faa62d614c8-groupManagement] INFO  server.RaftServerConfigKeys (ConfUtils.java:logGet(46)) - raft.server.log.corruption.policy = EXCEPTION (default)
2023-06-01 19:11:09,886 [c2c84cb5-dc25-48b6-abcd-2faa62d614c8-groupManagement] INFO  server.RaftServerConfigKeys (ConfUtils.java:logGet(46)) - raft.server.storage.free-space.min = 0MB (=0) (default)
2023-06-01 19:11:09,887 [c2c84cb5-dc25-48b6-abcd-2faa62d614c8-groupManagement] INFO  server.RaftServerConfigKeys (ConfUtils.java:logGet(46)) - raft.server.notification.no-leader.timeout = 300s (custom)
2023-06-01 19:11:09,887 [c2c84cb5-dc25-48b6-abcd-2faa62d614c8-groupManagement] INFO  server.RaftServerConfigKeys (ConfUtils.java:logGet(46)) - raft.server.read.timeout = 10s (default)
2023-06-01 19:11:09,887 [c2c84cb5-dc25-48b6-abcd-2faa62d614c8-groupManagement] INFO  server.RaftServerConfigKeys (ConfUtils.java:logGet(46)) - raft.server.retrycache.expirytime = 600000ms (custom)
2023-06-01 19:11:09,887 [c2c84cb5-dc25-48b6-abcd-2faa62d614c8-groupManagement] INFO  server.RaftServerConfigKeys (ConfUtils.java:logGet(46)) - raft.server.retrycache.statistics.expirytime = 100μs (default)
2023-06-01 19:11:09,887 [c2c84cb5-dc25-48b6-abcd-2faa62d614c8-groupManagement] INFO  server.RaftServerConfigKeys (ConfUtils.java:logGet(46)) - raft.server.read.option = DEFAULT (default)
2023-06-01 19:11:09,888 [c2c84cb5-dc25-48b6-abcd-2faa62d614c8-groupManagement] INFO  server.RaftServerConfigKeys (ConfUtils.java:logGet(46)) - raft.server.rpc.request.timeout = 60s (custom)
2023-06-01 19:11:09,888 [c2c84cb5-dc25-48b6-abcd-2faa62d614c8-groupManagement] INFO  server.RaftServerConfigKeys (ConfUtils.java:logGet(46)) - raft.server.log.appender.install.snapshot.enabled = false (custom)
2023-06-01 19:11:09,888 [c2c84cb5-dc25-48b6-abcd-2faa62d614c8-groupManagement] INFO  server.RaftServerConfigKeys (ConfUtils.java:logGet(46)) - raft.server.threadpool.server.cached = true (default)
2023-06-01 19:11:09,888 [c2c84cb5-dc25-48b6-abcd-2faa62d614c8-groupManagement] INFO  server.RaftServerConfigKeys (ConfUtils.java:logGet(46)) - raft.server.threadpool.server.size = 0 (default)
2023-06-01 19:11:09,888 [c2c84cb5-dc25-48b6-abcd-2faa62d614c8-groupManagement] INFO  server.RaftServerConfigKeys (ConfUtils.java:logGet(46)) - raft.server.threadpool.client.cached = true (default)
2023-06-01 19:11:09,888 [c2c84cb5-dc25-48b6-abcd-2faa62d614c8-groupManagement] INFO  server.RaftServerConfigKeys (ConfUtils.java:logGet(46)) - raft.server.threadpool.client.size = 0 (default)
2023-06-01 19:11:09,888 [c2c84cb5-dc25-48b6-abcd-2faa62d614c8-groupManagement] INFO  storage.RaftStorageDirectory (RaftStorageDirectoryImpl.java:analyzeStorage(137)) - The storage directory /home/runner/work/ozone/ozone/hadoop-ozone/integration-test/target/test-dir/MiniOzoneClusterImpl-59aba430-7466-43cf-ac60-ffcd1bd17169/datanode-4/data/ratis/5f3f1616-3114-4d92-aa78-dba6a5f258be does not exist. Creating ...
2023-06-01 19:11:09,891 [c2c84cb5-dc25-48b6-abcd-2faa62d614c8-groupManagement] INFO  storage.RaftStorageDirectory (RaftStorageDirectoryImpl.java:tryLock(231)) - Lock on /home/runner/work/ozone/ozone/hadoop-ozone/integration-test/target/test-dir/MiniOzoneClusterImpl-59aba430-7466-43cf-ac60-ffcd1bd17169/datanode-4/data/ratis/5f3f1616-3114-4d92-aa78-dba6a5f258be/in_use.lock acquired by nodename 16224@fv-az163-187
2023-06-01 19:11:09,891 [PipelineCommandHandlerThread-0] INFO  commandhandler.CreatePipelineCommandHandler (CreatePipelineCommandHandler.java:lambda$handle$2(124)) - Created Pipeline RATIS THREE PipelineID=dcaac02a-ac5c-44f1-b323-77f4da91dda5.
2023-06-01 19:11:09,892 [PipelineCommandHandlerThread-0] INFO  server.RaftServer (RaftServerProxy.java:addNew(98)) - 9ff544a7-6c1c-4ca7-a5dc-e42e2710cacb: addNew group-DBA6A5F258BE:[c2c84cb5-dc25-48b6-abcd-2faa62d614c8|rpc:10.1.0.196:15050|admin:10.1.0.196:15049|client:10.1.0.196:15048|dataStream:10.1.0.196:15051|priority:1|startupRole:FOLLOWER, 9ff544a7-6c1c-4ca7-a5dc-e42e2710cacb|rpc:10.1.0.196:15041|admin:10.1.0.196:15040|client:10.1.0.196:15039|dataStream:10.1.0.196:15042|priority:0|startupRole:FOLLOWER, aab6e560-2e42-4217-8e7a-cc5f2733e87a|rpc:10.1.0.196:15059|admin:10.1.0.196:15058|client:10.1.0.196:15057|dataStream:10.1.0.196:15060|priority:0|startupRole:FOLLOWER] returns group-DBA6A5F258BE:java.util.concurrent.CompletableFuture@28e11fb[Not completed]
2023-06-01 19:11:09,893 [9ff544a7-6c1c-4ca7-a5dc-e42e2710cacb-groupManagement] INFO  server.RaftServer$Division (RaftServerImpl.java:<init>(198)) - 9ff544a7-6c1c-4ca7-a5dc-e42e2710cacb: new RaftServerImpl for group-DBA6A5F258BE:[c2c84cb5-dc25-48b6-abcd-2faa62d614c8|rpc:10.1.0.196:15050|admin:10.1.0.196:15049|client:10.1.0.196:15048|dataStream:10.1.0.196:15051|priority:1|startupRole:FOLLOWER, 9ff544a7-6c1c-4ca7-a5dc-e42e2710cacb|rpc:10.1.0.196:15041|admin:10.1.0.196:15040|client:10.1.0.196:15039|dataStream:10.1.0.196:15042|priority:0|startupRole:FOLLOWER, aab6e560-2e42-4217-8e7a-cc5f2733e87a|rpc:10.1.0.196:15059|admin:10.1.0.196:15058|client:10.1.0.196:15057|dataStream:10.1.0.196:15060|priority:0|startupRole:FOLLOWER] with ContainerStateMachine:uninitialized
2023-06-01 19:11:09,893 [9ff544a7-6c1c-4ca7-a5dc-e42e2710cacb-groupManagement] INFO  server.RaftServerConfigKeys (ConfUtils.java:logGet(46)) - raft.server.rpc.timeout.min = 5s (custom)
2023-06-01 19:11:09,893 [9ff544a7-6c1c-4ca7-a5dc-e42e2710cacb-groupManagement] INFO  server.RaftServerConfigKeys (ConfUtils.java:logGet(46)) - raft.server.rpc.timeout.max = 5200ms (custom)
2023-06-01 19:11:09,893 [9ff544a7-6c1c-4ca7-a5dc-e42e2710cacb-groupManagement] INFO  server.RaftServerConfigKeys (ConfUtils.java:logGet(46)) - raft.server.rpc.sleep.time = 25ms (default)
2023-06-01 19:11:09,893 [9ff544a7-6c1c-4ca7-a5dc-e42e2710cacb-groupManagement] INFO  server.RaftServerConfigKeys (ConfUtils.java:logGet(46)) - raft.server.rpc.slowness.timeout = 300s (custom)
2023-06-01 19:11:09,893 [9ff544a7-6c1c-4ca7-a5dc-e42e2710cacb-groupManagement] INFO  server.RaftServerConfigKeys (ConfUtils.java:logGet(46)) - raft.server.leaderelection.leader.step-down.wait-time = 10s (default)
2023-06-01 19:11:09,893 [9ff544a7-6c1c-4ca7-a5dc-e42e2710cacb-groupManagement] INFO  server.RaftServerConfigKeys (ConfUtils.java:logGet(46)) - raft.server.sleep.deviation.threshold = 300ms (default)
2023-06-01 19:11:09,893 [9ff544a7-6c1c-4ca7-a5dc-e42e2710cacb-groupManagement] INFO  server.RaftServer$Division (ServerState.java:<init>(120)) - 9ff544a7-6c1c-4ca7-a5dc-e42e2710cacb@group-DBA6A5F258BE: ConfigurationManager, init=-1: peers:[c2c84cb5-dc25-48b6-abcd-2faa62d614c8|rpc:10.1.0.196:15050|admin:10.1.0.196:15049|client:10.1.0.196:15048|dataStream:10.1.0.196:15051|priority:1|startupRole:FOLLOWER, 9ff544a7-6c1c-4ca7-a5dc-e42e2710cacb|rpc:10.1.0.196:15041|admin:10.1.0.196:15040|client:10.1.0.196:15039|dataStream:10.1.0.196:15042|priority:0|startupRole:FOLLOWER, aab6e560-2e42-4217-8e7a-cc5f2733e87a|rpc:10.1.0.196:15059|admin:10.1.0.196:15058|client:10.1.0.196:15057|dataStream:10.1.0.196:15060|priority:0|startupRole:FOLLOWER]|listeners:[], old=null, confs=<EMPTY_MAP>
2023-06-01 19:11:09,893 [9ff544a7-6c1c-4ca7-a5dc-e42e2710cacb-groupManagement] INFO  server.RaftServerConfigKeys (ConfUtils.java:logGet(46)) - raft.server.storage.dir = [/home/runner/work/ozone/ozone/hadoop-ozone/integration-test/target/test-dir/MiniOzoneClusterImpl-59aba430-7466-43cf-ac60-ffcd1bd17169/datanode-3/data/ratis] (custom)
2023-06-01 19:11:09,893 [9ff544a7-6c1c-4ca7-a5dc-e42e2710cacb-groupManagement] INFO  server.RaftServerConfigKeys (ConfUtils.java:logGet(46)) - raft.server.log.corruption.policy = EXCEPTION (default)
2023-06-01 19:11:09,893 [9ff544a7-6c1c-4ca7-a5dc-e42e2710cacb-groupManagement] INFO  server.RaftServerConfigKeys (ConfUtils.java:logGet(46)) - raft.server.storage.free-space.min = 0MB (=0) (default)
2023-06-01 19:11:09,893 [9ff544a7-6c1c-4ca7-a5dc-e42e2710cacb-groupManagement] INFO  server.RaftServerConfigKeys (ConfUtils.java:logGet(46)) - raft.server.notification.no-leader.timeout = 300s (custom)
2023-06-01 19:11:09,893 [9ff544a7-6c1c-4ca7-a5dc-e42e2710cacb-groupManagement] INFO  server.RaftServerConfigKeys (ConfUtils.java:logGet(46)) - raft.server.read.timeout = 10s (default)
2023-06-01 19:11:09,893 [9ff544a7-6c1c-4ca7-a5dc-e42e2710cacb-groupManagement] INFO  server.RaftServerConfigKeys (ConfUtils.java:logGet(46)) - raft.server.retrycache.expirytime = 600000ms (custom)
2023-06-01 19:11:09,894 [9ff544a7-6c1c-4ca7-a5dc-e42e2710cacb-groupManagement] INFO  server.RaftServerConfigKeys (ConfUtils.java:logGet(46)) - raft.server.retrycache.statistics.expirytime = 100μs (default)
2023-06-01 19:11:09,894 [9ff544a7-6c1c-4ca7-a5dc-e42e2710cacb-groupManagement] INFO  server.RaftServerConfigKeys (ConfUtils.java:logGet(46)) - raft.server.read.option = DEFAULT (default)
2023-06-01 19:11:09,895 [9ff544a7-6c1c-4ca7-a5dc-e42e2710cacb-groupManagement] INFO  server.RaftServerConfigKeys (ConfUtils.java:logGet(46)) - raft.server.rpc.request.timeout = 60s (custom)
2023-06-01 19:11:09,895 [9ff544a7-6c1c-4ca7-a5dc-e42e2710cacb-groupManagement] INFO  server.RaftServerConfigKeys (ConfUtils.java:logGet(46)) - raft.server.log.appender.install.snapshot.enabled = false (custom)
2023-06-01 19:11:09,895 [9ff544a7-6c1c-4ca7-a5dc-e42e2710cacb-groupManagement] INFO  server.RaftServerConfigKeys (ConfUtils.java:logGet(46)) - raft.server.threadpool.server.cached = true (default)
2023-06-01 19:11:09,895 [9ff544a7-6c1c-4ca7-a5dc-e42e2710cacb-groupManagement] INFO  server.RaftServerConfigKeys (ConfUtils.java:logGet(46)) - raft.server.threadpool.server.size = 0 (default)
2023-06-01 19:11:09,895 [9ff544a7-6c1c-4ca7-a5dc-e42e2710cacb-groupManagement] INFO  server.RaftServerConfigKeys (ConfUtils.java:logGet(46)) - raft.server.threadpool.client.cached = true (default)
2023-06-01 19:11:09,895 [9ff544a7-6c1c-4ca7-a5dc-e42e2710cacb-groupManagement] INFO  server.RaftServerConfigKeys (ConfUtils.java:logGet(46)) - raft.server.threadpool.client.size = 0 (default)
2023-06-01 19:11:09,895 [9ff544a7-6c1c-4ca7-a5dc-e42e2710cacb-groupManagement] INFO  storage.RaftStorageDirectory (RaftStorageDirectoryImpl.java:analyzeStorage(137)) - The storage directory /home/runner/work/ozone/ozone/hadoop-ozone/integration-test/target/test-dir/MiniOzoneClusterImpl-59aba430-7466-43cf-ac60-ffcd1bd17169/datanode-3/data/ratis/5f3f1616-3114-4d92-aa78-dba6a5f258be does not exist. Creating ...
2023-06-01 19:11:09,896 [9ff544a7-6c1c-4ca7-a5dc-e42e2710cacb-groupManagement] INFO  storage.RaftStorageDirectory (RaftStorageDirectoryImpl.java:tryLock(231)) - Lock on /home/runner/work/ozone/ozone/hadoop-ozone/integration-test/target/test-dir/MiniOzoneClusterImpl-59aba430-7466-43cf-ac60-ffcd1bd17169/datanode-3/data/ratis/5f3f1616-3114-4d92-aa78-dba6a5f258be/in_use.lock acquired by nodename 16224@fv-az163-187
2023-06-01 19:11:09,896 [c2c84cb5-dc25-48b6-abcd-2faa62d614c8-groupManagement] INFO  storage.RaftStorage (RaftStorageImpl.java:format(96)) - Storage directory /home/runner/work/ozone/ozone/hadoop-ozone/integration-test/target/test-dir/MiniOzoneClusterImpl-59aba430-7466-43cf-ac60-ffcd1bd17169/datanode-4/data/ratis/5f3f1616-3114-4d92-aa78-dba6a5f258be has been successfully formatted.
2023-06-01 19:11:09,896 [c2c84cb5-dc25-48b6-abcd-2faa62d614c8-groupManagement] INFO  ratis.ContainerStateMachine (ContainerStateMachine.java:loadSnapshot(262)) - group-DBA6A5F258BE: The snapshot info is null. Setting the last applied indexto:(t:0, i:~)
2023-06-01 19:11:09,896 [c2c84cb5-dc25-48b6-abcd-2faa62d614c8-groupManagement] INFO  server.RaftServerConfigKeys (ConfUtils.java:logGet(46)) - raft.server.log.use.memory = false (default)
2023-06-01 19:11:09,898 [c2c84cb5-dc25-48b6-abcd-2faa62d614c8-groupManagement] INFO  server.RaftServerConfigKeys (ConfUtils.java:logGet(46)) - raft.server.log.purge.gap = 1000000 (custom)
2023-06-01 19:11:09,898 [c2c84cb5-dc25-48b6-abcd-2faa62d614c8-groupManagement] INFO  server.RaftServerConfigKeys (ConfUtils.java:logGet(46)) - raft.server.log.appender.buffer.byte-limit = 33554432 (custom)
2023-06-01 19:11:09,898 [c2c84cb5-dc25-48b6-abcd-2faa62d614c8-groupManagement] INFO  server.RaftServerConfigKeys (ConfUtils.java:logGet(46)) - raft.server.log.statemachine.data.read.timeout = 1000ms (default)
2023-06-01 19:11:09,898 [c2c84cb5-dc25-48b6-abcd-2faa62d614c8-groupManagement] INFO  server.RaftServerConfigKeys (ConfUtils.java:logGet(46)) - raft.server.log.purge.preservation.log.num = 0 (default)
2023-06-01 19:11:09,898 [EventQueue-OpenPipelineForHealthyPipelineSafeModeRule] INFO  safemode.SCMSafeModeManager (HealthyPipelineSafeModeRule.java:process(137)) - SCM in safe mode. Healthy pipelines reported count is 0, required healthy pipeline reported count is 1
2023-06-01 19:11:09,898 [c2c84cb5-dc25-48b6-abcd-2faa62d614c8-groupManagement] INFO  server.RaftServerConfigKeys (ConfUtils.java:logGet(46)) - raft.server.log.segment.size.max = 1048576 (custom)
2023-06-01 19:11:09,898 [c2c84cb5-dc25-48b6-abcd-2faa62d614c8-groupManagement] INFO  server.RaftServerConfigKeys (ConfUtils.java:logGet(46)) - raft.server.log.segment.cache.num.max = 2 (custom)
2023-06-01 19:11:09,898 [c2c84cb5-dc25-48b6-abcd-2faa62d614c8-groupManagement] INFO  server.RaftServerConfigKeys (ConfUtils.java:logGet(46)) - raft.server.log.segment.cache.size.max = 200MB (=209715200) (default)
2023-06-01 19:11:09,899 [c2c84cb5-dc25-48b6-abcd-2faa62d614c8-groupManagement] INFO  server.RaftServerConfigKeys (ConfUtils.java:logGet(46)) - raft.server.log.appender.buffer.byte-limit = 33554432 (custom)
2023-06-01 19:11:09,899 [c2c84cb5-dc25-48b6-abcd-2faa62d614c8-groupManagement] INFO  segmented.SegmentedRaftLogWorker (SegmentedRaftLogWorker.java:<init>(188)) - new c2c84cb5-dc25-48b6-abcd-2faa62d614c8@group-DBA6A5F258BE-SegmentedRaftLogWorker for RaftStorageImpl:Storage Directory /home/runner/work/ozone/ozone/hadoop-ozone/integration-test/target/test-dir/MiniOzoneClusterImpl-59aba430-7466-43cf-ac60-ffcd1bd17169/datanode-4/data/ratis/5f3f1616-3114-4d92-aa78-dba6a5f258be
2023-06-01 19:11:09,899 [9ff544a7-6c1c-4ca7-a5dc-e42e2710cacb-groupManagement] INFO  storage.RaftStorage (RaftStorageImpl.java:format(96)) - Storage directory /home/runner/work/ozone/ozone/hadoop-ozone/integration-test/target/test-dir/MiniOzoneClusterImpl-59aba430-7466-43cf-ac60-ffcd1bd17169/datanode-3/data/ratis/5f3f1616-3114-4d92-aa78-dba6a5f258be has been successfully formatted.
2023-06-01 19:11:09,902 [EventQueue-OpenPipelineForHealthyPipelineSafeModeRule] INFO  safemode.SCMSafeModeManager (HealthyPipelineSafeModeRule.java:process(137)) - SCM in safe mode. Healthy pipelines reported count is 0, required healthy pipeline reported count is 1
2023-06-01 19:11:09,902 [9ff544a7-6c1c-4ca7-a5dc-e42e2710cacb-groupManagement] INFO  ratis.ContainerStateMachine (ContainerStateMachine.java:loadSnapshot(262)) - group-DBA6A5F258BE: The snapshot info is null. Setting the last applied indexto:(t:0, i:~)
2023-06-01 19:11:09,902 [9ff544a7-6c1c-4ca7-a5dc-e42e2710cacb-groupManagement] INFO  server.RaftServerConfigKeys (ConfUtils.java:logGet(46)) - raft.server.log.use.memory = false (default)
2023-06-01 19:11:09,902 [9ff544a7-6c1c-4ca7-a5dc-e42e2710cacb-groupManagement] INFO  server.RaftServerConfigKeys (ConfUtils.java:logGet(46)) - raft.server.log.purge.gap = 1000000 (custom)
2023-06-01 19:11:09,902 [9ff544a7-6c1c-4ca7-a5dc-e42e2710cacb-groupManagement] INFO  server.RaftServerConfigKeys (ConfUtils.java:logGet(46)) - raft.server.log.appender.buffer.byte-limit = 33554432 (custom)
2023-06-01 19:11:09,903 [9ff544a7-6c1c-4ca7-a5dc-e42e2710cacb-groupManagement] INFO  server.RaftServerConfigKeys (ConfUtils.java:logGet(46)) - raft.server.log.statemachine.data.read.timeout = 1000ms (default)
2023-06-01 19:11:09,903 [9ff544a7-6c1c-4ca7-a5dc-e42e2710cacb-groupManagement] INFO  server.RaftServerConfigKeys (ConfUtils.java:logGet(46)) - raft.server.log.purge.preservation.log.num = 0 (default)
2023-06-01 19:11:09,903 [9ff544a7-6c1c-4ca7-a5dc-e42e2710cacb-groupManagement] INFO  server.RaftServerConfigKeys (ConfUtils.java:logGet(46)) - raft.server.log.segment.size.max = 1048576 (custom)
2023-06-01 19:11:09,903 [9ff544a7-6c1c-4ca7-a5dc-e42e2710cacb-groupManagement] INFO  server.RaftServerConfigKeys (ConfUtils.java:logGet(46)) - raft.server.log.segment.cache.num.max = 2 (custom)
2023-06-01 19:11:09,903 [9ff544a7-6c1c-4ca7-a5dc-e42e2710cacb-groupManagement] INFO  server.RaftServerConfigKeys (ConfUtils.java:logGet(46)) - raft.server.log.segment.cache.size.max = 200MB (=209715200) (default)
2023-06-01 19:11:09,903 [9ff544a7-6c1c-4ca7-a5dc-e42e2710cacb-groupManagement] INFO  server.RaftServerConfigKeys (ConfUtils.java:logGet(46)) - raft.server.log.appender.buffer.byte-limit = 33554432 (custom)
2023-06-01 19:11:09,903 [9ff544a7-6c1c-4ca7-a5dc-e42e2710cacb-groupManagement] INFO  segmented.SegmentedRaftLogWorker (SegmentedRaftLogWorker.java:<init>(188)) - new 9ff544a7-6c1c-4ca7-a5dc-e42e2710cacb@group-DBA6A5F258BE-SegmentedRaftLogWorker for RaftStorageImpl:Storage Directory /home/runner/work/ozone/ozone/hadoop-ozone/integration-test/target/test-dir/MiniOzoneClusterImpl-59aba430-7466-43cf-ac60-ffcd1bd17169/datanode-3/data/ratis/5f3f1616-3114-4d92-aa78-dba6a5f258be
2023-06-01 19:11:09,903 [9ff544a7-6c1c-4ca7-a5dc-e42e2710cacb-groupManagement] INFO  server.RaftServerConfigKeys (ConfUtils.java:logGet(46)) - raft.server.log.queue.byte-limit = 4294967296 (custom)
2023-06-01 19:11:09,903 [9ff544a7-6c1c-4ca7-a5dc-e42e2710cacb-groupManagement] INFO  server.RaftServerConfigKeys (ConfUtils.java:logGet(46)) - raft.server.log.queue.element-limit = 1024 (custom)
2023-06-01 19:11:09,903 [9ff544a7-6c1c-4ca7-a5dc-e42e2710cacb-groupManagement] INFO  server.RaftServerConfigKeys (ConfUtils.java:logGet(46)) - raft.server.log.segment.size.max = 1048576 (custom)
2023-06-01 19:11:09,904 [9ff544a7-6c1c-4ca7-a5dc-e42e2710cacb-groupManagement] INFO  server.RaftServerConfigKeys (ConfUtils.java:logGet(46)) - raft.server.log.preallocated.size = 16384 (custom)
2023-06-01 19:11:09,904 [9ff544a7-6c1c-4ca7-a5dc-e42e2710cacb-groupManagement] INFO  server.RaftServerConfigKeys (ConfUtils.java:logGet(46)) - raft.server.log.force.sync.num = 128 (default)
2023-06-01 19:11:09,904 [9ff544a7-6c1c-4ca7-a5dc-e42e2710cacb-groupManagement] INFO  server.RaftServerConfigKeys (ConfUtils.java:logGet(46)) - raft.server.log.statemachine.data.sync = true (default)
2023-06-01 19:11:09,904 [9ff544a7-6c1c-4ca7-a5dc-e42e2710cacb-groupManagement] INFO  server.RaftServerConfigKeys (ConfUtils.java:logGet(46)) - raft.server.log.statemachine.data.sync.timeout = 10s (default)
2023-06-01 19:11:09,904 [9ff544a7-6c1c-4ca7-a5dc-e42e2710cacb-groupManagement] INFO  server.RaftServerConfigKeys (ConfUtils.java:logGet(46)) - raft.server.log.statemachine.data.sync.timeout.retry = -1 (default)
2023-06-01 19:11:09,905 [9ff544a7-6c1c-4ca7-a5dc-e42e2710cacb-groupManagement] INFO  server.RaftServerConfigKeys (ConfUtils.java:logGet(46)) - raft.server.log.write.buffer.size = 1048576 (custom)
2023-06-01 19:11:09,900 [c2c84cb5-dc25-48b6-abcd-2faa62d614c8-groupManagement] INFO  server.RaftServerConfigKeys (ConfUtils.java:logGet(46)) - raft.server.log.queue.byte-limit = 4294967296 (custom)
2023-06-01 19:11:09,906 [c2c84cb5-dc25-48b6-abcd-2faa62d614c8-groupManagement] INFO  server.RaftServerConfigKeys (ConfUtils.java:logGet(46)) - raft.server.log.queue.element-limit = 1024 (custom)
2023-06-01 19:11:09,906 [c2c84cb5-dc25-48b6-abcd-2faa62d614c8-groupManagement] INFO  server.RaftServerConfigKeys (ConfUtils.java:logGet(46)) - raft.server.log.segment.size.max = 1048576 (custom)
2023-06-01 19:11:09,906 [c2c84cb5-dc25-48b6-abcd-2faa62d614c8-groupManagement] INFO  server.RaftServerConfigKeys (ConfUtils.java:logGet(46)) - raft.server.log.preallocated.size = 16384 (custom)
2023-06-01 19:11:09,906 [c2c84cb5-dc25-48b6-abcd-2faa62d614c8-groupManagement] INFO  server.RaftServerConfigKeys (ConfUtils.java:logGet(46)) - raft.server.log.force.sync.num = 128 (default)
2023-06-01 19:11:09,906 [c2c84cb5-dc25-48b6-abcd-2faa62d614c8-groupManagement] INFO  server.RaftServerConfigKeys (ConfUtils.java:logGet(46)) - raft.server.log.statemachine.data.sync = true (default)
2023-06-01 19:11:09,906 [c2c84cb5-dc25-48b6-abcd-2faa62d614c8-groupManagement] INFO  server.RaftServerConfigKeys (ConfUtils.java:logGet(46)) - raft.server.log.statemachine.data.sync.timeout = 10s (default)
2023-06-01 19:11:09,907 [c2c84cb5-dc25-48b6-abcd-2faa62d614c8-groupManagement] INFO  server.RaftServerConfigKeys (ConfUtils.java:logGet(46)) - raft.server.log.statemachine.data.sync.timeout.retry = -1 (default)
2023-06-01 19:11:09,907 [9ff544a7-6c1c-4ca7-a5dc-e42e2710cacb-groupManagement] INFO  server.RaftServerConfigKeys (ConfUtils.java:logGet(46)) - raft.server.log.appender.buffer.byte-limit = 33554432 (custom)
2023-06-01 19:11:09,909 [c2c84cb5-dc25-48b6-abcd-2faa62d614c8-groupManagement] INFO  server.RaftServerConfigKeys (ConfUtils.java:logGet(46)) - raft.server.log.write.buffer.size = 1048576 (custom)
2023-06-01 19:11:09,911 [c2c84cb5-dc25-48b6-abcd-2faa62d614c8-groupManagement] INFO  server.RaftServerConfigKeys (ConfUtils.java:logGet(46)) - raft.server.log.appender.buffer.byte-limit = 33554432 (custom)
2023-06-01 19:11:09,914 [9ff544a7-6c1c-4ca7-a5dc-e42e2710cacb-groupManagement] INFO  server.RaftServerConfigKeys (ConfUtils.java:logGet(46)) - raft.server.log.unsafe-flush.enabled = false (default)
2023-06-01 19:11:09,914 [9ff544a7-6c1c-4ca7-a5dc-e42e2710cacb-groupManagement] INFO  server.RaftServerConfigKeys (ConfUtils.java:logGet(46)) - raft.server.log.async-flush.enabled = false (default)
2023-06-01 19:11:09,914 [9ff544a7-6c1c-4ca7-a5dc-e42e2710cacb-groupManagement] INFO  server.RaftServerConfigKeys (ConfUtils.java:logGet(46)) - raft.server.log.statemachine.data.caching.enabled = true (custom)
2023-06-01 19:11:09,914 [9ff544a7-6c1c-4ca7-a5dc-e42e2710cacb-groupManagement] INFO  segmented.SegmentedRaftLogWorker (SegmentedRaftLogWorker.java:lambda$new$0(135)) - 9ff544a7-6c1c-4ca7-a5dc-e42e2710cacb@group-DBA6A5F258BE-SegmentedRaftLogWorker: flushIndex: setUnconditionally 0 -> -1
2023-06-01 19:11:09,914 [9ff544a7-6c1c-4ca7-a5dc-e42e2710cacb-groupManagement] INFO  segmented.SegmentedRaftLogWorker (SegmentedRaftLogWorker.java:lambda$new$0(135)) - 9ff544a7-6c1c-4ca7-a5dc-e42e2710cacb@group-DBA6A5F258BE-SegmentedRaftLogWorker: safeCacheEvictIndex: setUnconditionally 0 -> -1
2023-06-01 19:11:09,916 [c2c84cb5-dc25-48b6-abcd-2faa62d614c8-groupManagement] INFO  server.RaftServerConfigKeys (ConfUtils.java:logGet(46)) - raft.server.log.unsafe-flush.enabled = false (default)
2023-06-01 19:11:09,916 [c2c84cb5-dc25-48b6-abcd-2faa62d614c8-groupManagement] INFO  server.RaftServerConfigKeys (ConfUtils.java:logGet(46)) - raft.server.log.async-flush.enabled = false (default)
2023-06-01 19:11:09,916 [c2c84cb5-dc25-48b6-abcd-2faa62d614c8-groupManagement] INFO  server.RaftServerConfigKeys (ConfUtils.java:logGet(46)) - raft.server.log.statemachine.data.caching.enabled = true (custom)
2023-06-01 19:11:09,916 [c2c84cb5-dc25-48b6-abcd-2faa62d614c8-groupManagement] INFO  segmented.SegmentedRaftLogWorker (SegmentedRaftLogWorker.java:lambda$new$0(135)) - c2c84cb5-dc25-48b6-abcd-2faa62d614c8@group-DBA6A5F258BE-SegmentedRaftLogWorker: flushIndex: setUnconditionally 0 -> -1
2023-06-01 19:11:09,916 [c2c84cb5-dc25-48b6-abcd-2faa62d614c8-groupManagement] INFO  segmented.SegmentedRaftLogWorker (SegmentedRaftLogWorker.java:lambda$new$0(135)) - c2c84cb5-dc25-48b6-abcd-2faa62d614c8@group-DBA6A5F258BE-SegmentedRaftLogWorker: safeCacheEvictIndex: setUnconditionally 0 -> -1
2023-06-01 19:11:09,916 [9ff544a7-6c1c-4ca7-a5dc-e42e2710cacb-groupManagement] INFO  server.RaftServer$Division (RaftServerImpl.java:start(342)) - 9ff544a7-6c1c-4ca7-a5dc-e42e2710cacb@group-DBA6A5F258BE: start as a follower, conf=-1: peers:[c2c84cb5-dc25-48b6-abcd-2faa62d614c8|rpc:10.1.0.196:15050|admin:10.1.0.196:15049|client:10.1.0.196:15048|dataStream:10.1.0.196:15051|priority:1|startupRole:FOLLOWER, 9ff544a7-6c1c-4ca7-a5dc-e42e2710cacb|rpc:10.1.0.196:15041|admin:10.1.0.196:15040|client:10.1.0.196:15039|dataStream:10.1.0.196:15042|priority:0|startupRole:FOLLOWER, aab6e560-2e42-4217-8e7a-cc5f2733e87a|rpc:10.1.0.196:15059|admin:10.1.0.196:15058|client:10.1.0.196:15057|dataStream:10.1.0.196:15060|priority:0|startupRole:FOLLOWER]|listeners:[], old=null
2023-06-01 19:11:09,916 [9ff544a7-6c1c-4ca7-a5dc-e42e2710cacb-groupManagement] INFO  server.RaftServer$Division (RaftServerImpl.java:setRole(329)) - 9ff544a7-6c1c-4ca7-a5dc-e42e2710cacb@group-DBA6A5F258BE: changes role from      null to FOLLOWER at term 0 for startAsFollower
2023-06-01 19:11:09,916 [9ff544a7-6c1c-4ca7-a5dc-e42e2710cacb-groupManagement] INFO  impl.RoleInfo (RoleInfo.java:updateAndGet(139)) - 9ff544a7-6c1c-4ca7-a5dc-e42e2710cacb: start 9ff544a7-6c1c-4ca7-a5dc-e42e2710cacb@group-DBA6A5F258BE-FollowerState
2023-06-01 19:11:09,917 [9ff544a7-6c1c-4ca7-a5dc-e42e2710cacb-groupManagement] INFO  util.JmxRegister (JmxRegister.java:tryRegister(44)) - Successfully registered JMX Bean with object name Ratis:service=RaftServer,group=group-DBA6A5F258BE,id=9ff544a7-6c1c-4ca7-a5dc-e42e2710cacb
2023-06-01 19:11:09,917 [9ff544a7-6c1c-4ca7-a5dc-e42e2710cacb-groupManagement] INFO  server.RaftServerConfigKeys (ConfUtils.java:logGet(46)) - raft.server.snapshot.auto.trigger.enabled = true (custom)
2023-06-01 19:11:09,917 [9ff544a7-6c1c-4ca7-a5dc-e42e2710cacb-groupManagement] INFO  server.RaftServerConfigKeys (ConfUtils.java:logGet(46)) - raft.server.snapshot.auto.trigger.threshold = 10000 (custom)
2023-06-01 19:11:09,917 [9ff544a7-6c1c-4ca7-a5dc-e42e2710cacb-groupManagement] INFO  server.RaftServerConfigKeys (ConfUtils.java:logGet(46)) - raft.server.snapshot.retention.file.num = 5 (custom)
2023-06-01 19:11:09,917 [9ff544a7-6c1c-4ca7-a5dc-e42e2710cacb-groupManagement] INFO  server.RaftServerConfigKeys (ConfUtils.java:logGet(46)) - raft.server.log.purge.upto.snapshot.index = false (default)
2023-06-01 19:11:09,917 [9ff544a7-6c1c-4ca7-a5dc-e42e2710cacb@group-DBA6A5F258BE-FollowerState] INFO  server.RaftServerConfigKeys (ConfUtils.java:logFallback(53)) - raft.server.rpc.first-election.timeout.min = 5s (fallback to raft.server.rpc.timeout.min)
2023-06-01 19:11:09,918 [9ff544a7-6c1c-4ca7-a5dc-e42e2710cacb@group-DBA6A5F258BE-FollowerState] INFO  server.RaftServerConfigKeys (ConfUtils.java:logFallback(53)) - raft.server.rpc.first-election.timeout.max = 5200ms (fallback to raft.server.rpc.timeout.max)
2023-06-01 19:11:09,918 [PipelineCommandHandlerThread-0] INFO  ratis.XceiverServerRatis (XceiverServerRatis.java:addGroup(804)) - Created group PipelineID=5f3f1616-3114-4d92-aa78-dba6a5f258be
2023-06-01 19:11:09,918 [c2c84cb5-dc25-48b6-abcd-2faa62d614c8-groupManagement] INFO  server.RaftServer$Division (RaftServerImpl.java:start(342)) - c2c84cb5-dc25-48b6-abcd-2faa62d614c8@group-DBA6A5F258BE: start as a follower, conf=-1: peers:[c2c84cb5-dc25-48b6-abcd-2faa62d614c8|rpc:10.1.0.196:15050|admin:10.1.0.196:15049|client:10.1.0.196:15048|dataStream:10.1.0.196:15051|priority:1|startupRole:FOLLOWER, 9ff544a7-6c1c-4ca7-a5dc-e42e2710cacb|rpc:10.1.0.196:15041|admin:10.1.0.196:15040|client:10.1.0.196:15039|dataStream:10.1.0.196:15042|priority:0|startupRole:FOLLOWER, aab6e560-2e42-4217-8e7a-cc5f2733e87a|rpc:10.1.0.196:15059|admin:10.1.0.196:15058|client:10.1.0.196:15057|dataStream:10.1.0.196:15060|priority:0|startupRole:FOLLOWER]|listeners:[], old=null
2023-06-01 19:11:09,918 [c2c84cb5-dc25-48b6-abcd-2faa62d614c8-groupManagement] INFO  server.RaftServer$Division (RaftServerImpl.java:setRole(329)) - c2c84cb5-dc25-48b6-abcd-2faa62d614c8@group-DBA6A5F258BE: changes role from      null to FOLLOWER at term 0 for startAsFollower
2023-06-01 19:11:09,918 [c2c84cb5-dc25-48b6-abcd-2faa62d614c8-groupManagement] INFO  impl.RoleInfo (RoleInfo.java:updateAndGet(139)) - c2c84cb5-dc25-48b6-abcd-2faa62d614c8: start c2c84cb5-dc25-48b6-abcd-2faa62d614c8@group-DBA6A5F258BE-FollowerState
2023-06-01 19:11:09,922 [c2c84cb5-dc25-48b6-abcd-2faa62d614c8-groupManagement] INFO  util.JmxRegister (JmxRegister.java:tryRegister(44)) - Successfully registered JMX Bean with object name Ratis:service=RaftServer,group=group-DBA6A5F258BE,id=c2c84cb5-dc25-48b6-abcd-2faa62d614c8
2023-06-01 19:11:09,922 [c2c84cb5-dc25-48b6-abcd-2faa62d614c8-groupManagement] INFO  server.RaftServerConfigKeys (ConfUtils.java:logGet(46)) - raft.server.snapshot.auto.trigger.enabled = true (custom)
2023-06-01 19:11:09,922 [c2c84cb5-dc25-48b6-abcd-2faa62d614c8-groupManagement] INFO  server.RaftServerConfigKeys (ConfUtils.java:logGet(46)) - raft.server.snapshot.auto.trigger.threshold = 10000 (custom)
2023-06-01 19:11:09,922 [c2c84cb5-dc25-48b6-abcd-2faa62d614c8-groupManagement] INFO  server.RaftServerConfigKeys (ConfUtils.java:logGet(46)) - raft.server.snapshot.retention.file.num = 5 (custom)
2023-06-01 19:11:09,922 [c2c84cb5-dc25-48b6-abcd-2faa62d614c8-groupManagement] INFO  server.RaftServerConfigKeys (ConfUtils.java:logGet(46)) - raft.server.log.purge.upto.snapshot.index = false (default)
2023-06-01 19:11:09,923 [c2c84cb5-dc25-48b6-abcd-2faa62d614c8@group-DBA6A5F258BE-FollowerState] INFO  server.RaftServerConfigKeys (ConfUtils.java:logFallback(53)) - raft.server.rpc.first-election.timeout.min = 5s (fallback to raft.server.rpc.timeout.min)
2023-06-01 19:11:09,923 [c2c84cb5-dc25-48b6-abcd-2faa62d614c8@group-DBA6A5F258BE-FollowerState] INFO  server.RaftServerConfigKeys (ConfUtils.java:logFallback(53)) - raft.server.rpc.first-election.timeout.max = 5200ms (fallback to raft.server.rpc.timeout.max)
2023-06-01 19:11:09,931 [PipelineCommandHandlerThread-0] INFO  ratis.XceiverServerRatis (XceiverServerRatis.java:addGroup(804)) - Created group PipelineID=5f3f1616-3114-4d92-aa78-dba6a5f258be
2023-06-01 19:11:09,992 [grpc-default-executor-0] INFO  server.RaftServer (RaftServerProxy.java:addNew(98)) - aab6e560-2e42-4217-8e7a-cc5f2733e87a: addNew group-DBA6A5F258BE:[c2c84cb5-dc25-48b6-abcd-2faa62d614c8|rpc:10.1.0.196:15050|admin:10.1.0.196:15049|client:10.1.0.196:15048|dataStream:10.1.0.196:15051|priority:1|startupRole:FOLLOWER, 9ff544a7-6c1c-4ca7-a5dc-e42e2710cacb|rpc:10.1.0.196:15041|admin:10.1.0.196:15040|client:10.1.0.196:15039|dataStream:10.1.0.196:15042|priority:0|startupRole:FOLLOWER, aab6e560-2e42-4217-8e7a-cc5f2733e87a|rpc:10.1.0.196:15059|admin:10.1.0.196:15058|client:10.1.0.196:15057|dataStream:10.1.0.196:15060|priority:0|startupRole:FOLLOWER] returns group-DBA6A5F258BE:java.util.concurrent.CompletableFuture@17690b1b[Not completed]
2023-06-01 19:11:09,993 [aab6e560-2e42-4217-8e7a-cc5f2733e87a-groupManagement] INFO  server.RaftServer$Division (RaftServerImpl.java:<init>(198)) - aab6e560-2e42-4217-8e7a-cc5f2733e87a: new RaftServerImpl for group-DBA6A5F258BE:[c2c84cb5-dc25-48b6-abcd-2faa62d614c8|rpc:10.1.0.196:15050|admin:10.1.0.196:15049|client:10.1.0.196:15048|dataStream:10.1.0.196:15051|priority:1|startupRole:FOLLOWER, 9ff544a7-6c1c-4ca7-a5dc-e42e2710cacb|rpc:10.1.0.196:15041|admin:10.1.0.196:15040|client:10.1.0.196:15039|dataStream:10.1.0.196:15042|priority:0|startupRole:FOLLOWER, aab6e560-2e42-4217-8e7a-cc5f2733e87a|rpc:10.1.0.196:15059|admin:10.1.0.196:15058|client:10.1.0.196:15057|dataStream:10.1.0.196:15060|priority:0|startupRole:FOLLOWER] with ContainerStateMachine:uninitialized
2023-06-01 19:11:09,993 [aab6e560-2e42-4217-8e7a-cc5f2733e87a-groupManagement] INFO  server.RaftServerConfigKeys (ConfUtils.java:logGet(46)) - raft.server.rpc.timeout.min = 5s (custom)
2023-06-01 19:11:09,993 [aab6e560-2e42-4217-8e7a-cc5f2733e87a-groupManagement] INFO  server.RaftServerConfigKeys (ConfUtils.java:logGet(46)) - raft.server.rpc.timeout.max = 5200ms (custom)
2023-06-01 19:11:09,993 [aab6e560-2e42-4217-8e7a-cc5f2733e87a-groupManagement] INFO  server.RaftServerConfigKeys (ConfUtils.java:logGet(46)) - raft.server.rpc.sleep.time = 25ms (default)
2023-06-01 19:11:09,993 [aab6e560-2e42-4217-8e7a-cc5f2733e87a-groupManagement] INFO  server.RaftServerConfigKeys (ConfUtils.java:logGet(46)) - raft.server.rpc.slowness.timeout = 300s (custom)
2023-06-01 19:11:09,993 [aab6e560-2e42-4217-8e7a-cc5f2733e87a-groupManagement] INFO  server.RaftServerConfigKeys (ConfUtils.java:logGet(46)) - raft.server.leaderelection.leader.step-down.wait-time = 10s (default)
2023-06-01 19:11:09,993 [aab6e560-2e42-4217-8e7a-cc5f2733e87a-groupManagement] INFO  server.RaftServerConfigKeys (ConfUtils.java:logGet(46)) - raft.server.sleep.deviation.threshold = 300ms (default)
2023-06-01 19:11:09,993 [aab6e560-2e42-4217-8e7a-cc5f2733e87a-groupManagement] INFO  server.RaftServer$Division (ServerState.java:<init>(120)) - aab6e560-2e42-4217-8e7a-cc5f2733e87a@group-DBA6A5F258BE: ConfigurationManager, init=-1: peers:[c2c84cb5-dc25-48b6-abcd-2faa62d614c8|rpc:10.1.0.196:15050|admin:10.1.0.196:15049|client:10.1.0.196:15048|dataStream:10.1.0.196:15051|priority:1|startupRole:FOLLOWER, 9ff544a7-6c1c-4ca7-a5dc-e42e2710cacb|rpc:10.1.0.196:15041|admin:10.1.0.196:15040|client:10.1.0.196:15039|dataStream:10.1.0.196:15042|priority:0|startupRole:FOLLOWER, aab6e560-2e42-4217-8e7a-cc5f2733e87a|rpc:10.1.0.196:15059|admin:10.1.0.196:15058|client:10.1.0.196:15057|dataStream:10.1.0.196:15060|priority:0|startupRole:FOLLOWER]|listeners:[], old=null, confs=<EMPTY_MAP>
2023-06-01 19:11:09,993 [aab6e560-2e42-4217-8e7a-cc5f2733e87a-groupManagement] INFO  server.RaftServerConfigKeys (ConfUtils.java:logGet(46)) - raft.server.storage.dir = [/home/runner/work/ozone/ozone/hadoop-ozone/integration-test/target/test-dir/MiniOzoneClusterImpl-59aba430-7466-43cf-ac60-ffcd1bd17169/datanode-5/data/ratis] (custom)
2023-06-01 19:11:09,993 [aab6e560-2e42-4217-8e7a-cc5f2733e87a-groupManagement] INFO  server.RaftServerConfigKeys (ConfUtils.java:logGet(46)) - raft.server.log.corruption.policy = EXCEPTION (default)
2023-06-01 19:11:09,993 [aab6e560-2e42-4217-8e7a-cc5f2733e87a-groupManagement] INFO  server.RaftServerConfigKeys (ConfUtils.java:logGet(46)) - raft.server.storage.free-space.min = 0MB (=0) (default)
2023-06-01 19:11:09,993 [aab6e560-2e42-4217-8e7a-cc5f2733e87a-groupManagement] INFO  server.RaftServerConfigKeys (ConfUtils.java:logGet(46)) - raft.server.notification.no-leader.timeout = 300s (custom)
2023-06-01 19:11:09,993 [aab6e560-2e42-4217-8e7a-cc5f2733e87a-groupManagement] INFO  server.RaftServerConfigKeys (ConfUtils.java:logGet(46)) - raft.server.read.timeout = 10s (default)
2023-06-01 19:11:09,993 [aab6e560-2e42-4217-8e7a-cc5f2733e87a-groupManagement] INFO  server.RaftServerConfigKeys (ConfUtils.java:logGet(46)) - raft.server.retrycache.expirytime = 600000ms (custom)
2023-06-01 19:11:09,993 [aab6e560-2e42-4217-8e7a-cc5f2733e87a-groupManagement] INFO  server.RaftServerConfigKeys (ConfUtils.java:logGet(46)) - raft.server.retrycache.statistics.expirytime = 100μs (default)
2023-06-01 19:11:09,994 [aab6e560-2e42-4217-8e7a-cc5f2733e87a-groupManagement] INFO  server.RaftServerConfigKeys (ConfUtils.java:logGet(46)) - raft.server.read.option = DEFAULT (default)
2023-06-01 19:11:09,995 [aab6e560-2e42-4217-8e7a-cc5f2733e87a-groupManagement] INFO  server.RaftServerConfigKeys (ConfUtils.java:logGet(46)) - raft.server.rpc.request.timeout = 60s (custom)
2023-06-01 19:11:09,995 [aab6e560-2e42-4217-8e7a-cc5f2733e87a-groupManagement] INFO  server.RaftServerConfigKeys (ConfUtils.java:logGet(46)) - raft.server.log.appender.install.snapshot.enabled = false (custom)
2023-06-01 19:11:09,995 [aab6e560-2e42-4217-8e7a-cc5f2733e87a-groupManagement] INFO  server.RaftServerConfigKeys (ConfUtils.java:logGet(46)) - raft.server.threadpool.server.cached = true (default)
2023-06-01 19:11:09,995 [aab6e560-2e42-4217-8e7a-cc5f2733e87a-groupManagement] INFO  server.RaftServerConfigKeys (ConfUtils.java:logGet(46)) - raft.server.threadpool.server.size = 0 (default)
2023-06-01 19:11:09,995 [aab6e560-2e42-4217-8e7a-cc5f2733e87a-groupManagement] INFO  server.RaftServerConfigKeys (ConfUtils.java:logGet(46)) - raft.server.threadpool.client.cached = true (default)
2023-06-01 19:11:09,995 [aab6e560-2e42-4217-8e7a-cc5f2733e87a-groupManagement] INFO  server.RaftServerConfigKeys (ConfUtils.java:logGet(46)) - raft.server.threadpool.client.size = 0 (default)
2023-06-01 19:11:09,995 [aab6e560-2e42-4217-8e7a-cc5f2733e87a-groupManagement] INFO  storage.RaftStorageDirectory (RaftStorageDirectoryImpl.java:analyzeStorage(137)) - The storage directory /home/runner/work/ozone/ozone/hadoop-ozone/integration-test/target/test-dir/MiniOzoneClusterImpl-59aba430-7466-43cf-ac60-ffcd1bd17169/datanode-5/data/ratis/5f3f1616-3114-4d92-aa78-dba6a5f258be does not exist. Creating ...
2023-06-01 19:11:09,998 [aab6e560-2e42-4217-8e7a-cc5f2733e87a-groupManagement] INFO  storage.RaftStorageDirectory (RaftStorageDirectoryImpl.java:tryLock(231)) - Lock on /home/runner/work/ozone/ozone/hadoop-ozone/integration-test/target/test-dir/MiniOzoneClusterImpl-59aba430-7466-43cf-ac60-ffcd1bd17169/datanode-5/data/ratis/5f3f1616-3114-4d92-aa78-dba6a5f258be/in_use.lock acquired by nodename 16224@fv-az163-187
2023-06-01 19:11:10,002 [aab6e560-2e42-4217-8e7a-cc5f2733e87a-groupManagement] INFO  storage.RaftStorage (RaftStorageImpl.java:format(96)) - Storage directory /home/runner/work/ozone/ozone/hadoop-ozone/integration-test/target/test-dir/MiniOzoneClusterImpl-59aba430-7466-43cf-ac60-ffcd1bd17169/datanode-5/data/ratis/5f3f1616-3114-4d92-aa78-dba6a5f258be has been successfully formatted.
2023-06-01 19:11:10,003 [aab6e560-2e42-4217-8e7a-cc5f2733e87a-groupManagement] INFO  ratis.ContainerStateMachine (ContainerStateMachine.java:loadSnapshot(262)) - group-DBA6A5F258BE: The snapshot info is null. Setting the last applied indexto:(t:0, i:~)
2023-06-01 19:11:10,003 [aab6e560-2e42-4217-8e7a-cc5f2733e87a-groupManagement] INFO  server.RaftServerConfigKeys (ConfUtils.java:logGet(46)) - raft.server.log.use.memory = false (default)
2023-06-01 19:11:10,003 [aab6e560-2e42-4217-8e7a-cc5f2733e87a-groupManagement] INFO  server.RaftServerConfigKeys (ConfUtils.java:logGet(46)) - raft.server.log.purge.gap = 1000000 (custom)
2023-06-01 19:11:10,003 [aab6e560-2e42-4217-8e7a-cc5f2733e87a-groupManagement] INFO  server.RaftServerConfigKeys (ConfUtils.java:logGet(46)) - raft.server.log.appender.buffer.byte-limit = 33554432 (custom)
2023-06-01 19:11:10,003 [aab6e560-2e42-4217-8e7a-cc5f2733e87a-groupManagement] INFO  server.RaftServerConfigKeys (ConfUtils.java:logGet(46)) - raft.server.log.statemachine.data.read.timeout = 1000ms (default)
2023-06-01 19:11:10,003 [aab6e560-2e42-4217-8e7a-cc5f2733e87a-groupManagement] INFO  server.RaftServerConfigKeys (ConfUtils.java:logGet(46)) - raft.server.log.purge.preservation.log.num = 0 (default)
2023-06-01 19:11:10,006 [aab6e560-2e42-4217-8e7a-cc5f2733e87a-groupManagement] INFO  server.RaftServerConfigKeys (ConfUtils.java:logGet(46)) - raft.server.log.segment.size.max = 1048576 (custom)
2023-06-01 19:11:10,007 [aab6e560-2e42-4217-8e7a-cc5f2733e87a-groupManagement] INFO  server.RaftServerConfigKeys (ConfUtils.java:logGet(46)) - raft.server.log.segment.cache.num.max = 2 (custom)
2023-06-01 19:11:10,007 [aab6e560-2e42-4217-8e7a-cc5f2733e87a-groupManagement] INFO  server.RaftServerConfigKeys (ConfUtils.java:logGet(46)) - raft.server.log.segment.cache.size.max = 200MB (=209715200) (default)
2023-06-01 19:11:10,007 [aab6e560-2e42-4217-8e7a-cc5f2733e87a-groupManagement] INFO  server.RaftServerConfigKeys (ConfUtils.java:logGet(46)) - raft.server.log.appender.buffer.byte-limit = 33554432 (custom)
2023-06-01 19:11:10,007 [aab6e560-2e42-4217-8e7a-cc5f2733e87a-groupManagement] INFO  segmented.SegmentedRaftLogWorker (SegmentedRaftLogWorker.java:<init>(188)) - new aab6e560-2e42-4217-8e7a-cc5f2733e87a@group-DBA6A5F258BE-SegmentedRaftLogWorker for RaftStorageImpl:Storage Directory /home/runner/work/ozone/ozone/hadoop-ozone/integration-test/target/test-dir/MiniOzoneClusterImpl-59aba430-7466-43cf-ac60-ffcd1bd17169/datanode-5/data/ratis/5f3f1616-3114-4d92-aa78-dba6a5f258be
2023-06-01 19:11:10,007 [aab6e560-2e42-4217-8e7a-cc5f2733e87a-groupManagement] INFO  server.RaftServerConfigKeys (ConfUtils.java:logGet(46)) - raft.server.log.queue.byte-limit = 4294967296 (custom)
2023-06-01 19:11:10,007 [aab6e560-2e42-4217-8e7a-cc5f2733e87a-groupManagement] INFO  server.RaftServerConfigKeys (ConfUtils.java:logGet(46)) - raft.server.log.queue.element-limit = 1024 (custom)
2023-06-01 19:11:10,007 [aab6e560-2e42-4217-8e7a-cc5f2733e87a-groupManagement] INFO  server.RaftServerConfigKeys (ConfUtils.java:logGet(46)) - raft.server.log.segment.size.max = 1048576 (custom)
2023-06-01 19:11:10,007 [aab6e560-2e42-4217-8e7a-cc5f2733e87a-groupManagement] INFO  server.RaftServerConfigKeys (ConfUtils.java:logGet(46)) - raft.server.log.preallocated.size = 16384 (custom)
2023-06-01 19:11:10,008 [aab6e560-2e42-4217-8e7a-cc5f2733e87a-groupManagement] INFO  server.RaftServerConfigKeys (ConfUtils.java:logGet(46)) - raft.server.log.force.sync.num = 128 (default)
2023-06-01 19:11:10,008 [aab6e560-2e42-4217-8e7a-cc5f2733e87a-groupManagement] INFO  server.RaftServerConfigKeys (ConfUtils.java:logGet(46)) - raft.server.log.statemachine.data.sync = true (default)
2023-06-01 19:11:10,008 [aab6e560-2e42-4217-8e7a-cc5f2733e87a-groupManagement] INFO  server.RaftServerConfigKeys (ConfUtils.java:logGet(46)) - raft.server.log.statemachine.data.sync.timeout = 10s (default)
2023-06-01 19:11:10,008 [aab6e560-2e42-4217-8e7a-cc5f2733e87a-groupManagement] INFO  server.RaftServerConfigKeys (ConfUtils.java:logGet(46)) - raft.server.log.statemachine.data.sync.timeout.retry = -1 (default)
2023-06-01 19:11:10,009 [aab6e560-2e42-4217-8e7a-cc5f2733e87a-groupManagement] INFO  server.RaftServerConfigKeys (ConfUtils.java:logGet(46)) - raft.server.log.write.buffer.size = 1048576 (custom)
2023-06-01 19:11:10,010 [aab6e560-2e42-4217-8e7a-cc5f2733e87a-groupManagement] INFO  server.RaftServerConfigKeys (ConfUtils.java:logGet(46)) - raft.server.log.appender.buffer.byte-limit = 33554432 (custom)
2023-06-01 19:11:10,013 [aab6e560-2e42-4217-8e7a-cc5f2733e87a-groupManagement] INFO  server.RaftServerConfigKeys (ConfUtils.java:logGet(46)) - raft.server.log.unsafe-flush.enabled = false (default)
2023-06-01 19:11:10,014 [aab6e560-2e42-4217-8e7a-cc5f2733e87a-groupManagement] INFO  server.RaftServerConfigKeys (ConfUtils.java:logGet(46)) - raft.server.log.async-flush.enabled = false (default)
2023-06-01 19:11:10,014 [aab6e560-2e42-4217-8e7a-cc5f2733e87a-groupManagement] INFO  server.RaftServerConfigKeys (ConfUtils.java:logGet(46)) - raft.server.log.statemachine.data.caching.enabled = true (custom)
2023-06-01 19:11:10,014 [aab6e560-2e42-4217-8e7a-cc5f2733e87a-groupManagement] INFO  segmented.SegmentedRaftLogWorker (SegmentedRaftLogWorker.java:lambda$new$0(135)) - aab6e560-2e42-4217-8e7a-cc5f2733e87a@group-DBA6A5F258BE-SegmentedRaftLogWorker: flushIndex: setUnconditionally 0 -> -1
2023-06-01 19:11:10,014 [aab6e560-2e42-4217-8e7a-cc5f2733e87a-groupManagement] INFO  segmented.SegmentedRaftLogWorker (SegmentedRaftLogWorker.java:lambda$new$0(135)) - aab6e560-2e42-4217-8e7a-cc5f2733e87a@group-DBA6A5F258BE-SegmentedRaftLogWorker: safeCacheEvictIndex: setUnconditionally 0 -> -1
2023-06-01 19:11:10,014 [aab6e560-2e42-4217-8e7a-cc5f2733e87a-groupManagement] INFO  server.RaftServer$Division (RaftServerImpl.java:start(342)) - aab6e560-2e42-4217-8e7a-cc5f2733e87a@group-DBA6A5F258BE: start as a follower, conf=-1: peers:[c2c84cb5-dc25-48b6-abcd-2faa62d614c8|rpc:10.1.0.196:15050|admin:10.1.0.196:15049|client:10.1.0.196:15048|dataStream:10.1.0.196:15051|priority:1|startupRole:FOLLOWER, 9ff544a7-6c1c-4ca7-a5dc-e42e2710cacb|rpc:10.1.0.196:15041|admin:10.1.0.196:15040|client:10.1.0.196:15039|dataStream:10.1.0.196:15042|priority:0|startupRole:FOLLOWER, aab6e560-2e42-4217-8e7a-cc5f2733e87a|rpc:10.1.0.196:15059|admin:10.1.0.196:15058|client:10.1.0.196:15057|dataStream:10.1.0.196:15060|priority:0|startupRole:FOLLOWER]|listeners:[], old=null
2023-06-01 19:11:10,014 [aab6e560-2e42-4217-8e7a-cc5f2733e87a-groupManagement] INFO  server.RaftServer$Division (RaftServerImpl.java:setRole(329)) - aab6e560-2e42-4217-8e7a-cc5f2733e87a@group-DBA6A5F258BE: changes role from      null to FOLLOWER at term 0 for startAsFollower
2023-06-01 19:11:10,014 [aab6e560-2e42-4217-8e7a-cc5f2733e87a-groupManagement] INFO  impl.RoleInfo (RoleInfo.java:updateAndGet(139)) - aab6e560-2e42-4217-8e7a-cc5f2733e87a: start aab6e560-2e42-4217-8e7a-cc5f2733e87a@group-DBA6A5F258BE-FollowerState
2023-06-01 19:11:10,014 [aab6e560-2e42-4217-8e7a-cc5f2733e87a-groupManagement] INFO  util.JmxRegister (JmxRegister.java:tryRegister(44)) - Successfully registered JMX Bean with object name Ratis:service=RaftServer,group=group-DBA6A5F258BE,id=aab6e560-2e42-4217-8e7a-cc5f2733e87a
2023-06-01 19:11:10,015 [aab6e560-2e42-4217-8e7a-cc5f2733e87a-groupManagement] INFO  server.RaftServerConfigKeys (ConfUtils.java:logGet(46)) - raft.server.snapshot.auto.trigger.enabled = true (custom)
2023-06-01 19:11:10,015 [aab6e560-2e42-4217-8e7a-cc5f2733e87a-groupManagement] INFO  server.RaftServerConfigKeys (ConfUtils.java:logGet(46)) - raft.server.snapshot.auto.trigger.threshold = 10000 (custom)
2023-06-01 19:11:10,015 [aab6e560-2e42-4217-8e7a-cc5f2733e87a-groupManagement] INFO  server.RaftServerConfigKeys (ConfUtils.java:logGet(46)) - raft.server.snapshot.retention.file.num = 5 (custom)
2023-06-01 19:11:10,015 [aab6e560-2e42-4217-8e7a-cc5f2733e87a-groupManagement] INFO  server.RaftServerConfigKeys (ConfUtils.java:logGet(46)) - raft.server.log.purge.upto.snapshot.index = false (default)
2023-06-01 19:11:10,015 [aab6e560-2e42-4217-8e7a-cc5f2733e87a@group-DBA6A5F258BE-FollowerState] INFO  server.RaftServerConfigKeys (ConfUtils.java:logFallback(53)) - raft.server.rpc.first-election.timeout.min = 5s (fallback to raft.server.rpc.timeout.min)
2023-06-01 19:11:10,015 [aab6e560-2e42-4217-8e7a-cc5f2733e87a@group-DBA6A5F258BE-FollowerState] INFO  server.RaftServerConfigKeys (ConfUtils.java:logFallback(53)) - raft.server.rpc.first-election.timeout.max = 5200ms (fallback to raft.server.rpc.timeout.max)
2023-06-01 19:11:10,037 [PipelineCommandHandlerThread-0] INFO  commandhandler.CreatePipelineCommandHandler (CreatePipelineCommandHandler.java:lambda$handle$2(124)) - Created Pipeline RATIS THREE PipelineID=5f3f1616-3114-4d92-aa78-dba6a5f258be.
2023-06-01 19:11:10,037 [PipelineCommandHandlerThread-0] INFO  commandhandler.CreatePipelineCommandHandler (CreatePipelineCommandHandler.java:lambda$handle$2(124)) - Created Pipeline RATIS THREE PipelineID=5f3f1616-3114-4d92-aa78-dba6a5f258be.
2023-06-01 19:11:10,039 [aab6e560-2e42-4217-8e7a-cc5f2733e87a-groupManagement] INFO  server.RaftServer$Division (RaftServerImpl.java:<init>(198)) - aab6e560-2e42-4217-8e7a-cc5f2733e87a: new RaftServerImpl for group-2670E7DB9F10:[aab6e560-2e42-4217-8e7a-cc5f2733e87a|rpc:10.1.0.196:15059|admin:10.1.0.196:15058|client:10.1.0.196:15057|dataStream:10.1.0.196:15060|priority:1|startupRole:FOLLOWER] with ContainerStateMachine:uninitialized
2023-06-01 19:11:10,039 [aab6e560-2e42-4217-8e7a-cc5f2733e87a-groupManagement] INFO  server.RaftServerConfigKeys (ConfUtils.java:logGet(46)) - raft.server.rpc.timeout.min = 5s (custom)
2023-06-01 19:11:10,040 [aab6e560-2e42-4217-8e7a-cc5f2733e87a-groupManagement] INFO  server.RaftServerConfigKeys (ConfUtils.java:logGet(46)) - raft.server.rpc.timeout.max = 5200ms (custom)
2023-06-01 19:11:10,040 [aab6e560-2e42-4217-8e7a-cc5f2733e87a-groupManagement] INFO  server.RaftServerConfigKeys (ConfUtils.java:logGet(46)) - raft.server.rpc.sleep.time = 25ms (default)
2023-06-01 19:11:10,040 [aab6e560-2e42-4217-8e7a-cc5f2733e87a-groupManagement] INFO  server.RaftServerConfigKeys (ConfUtils.java:logGet(46)) - raft.server.rpc.slowness.timeout = 300s (custom)
2023-06-01 19:11:10,040 [aab6e560-2e42-4217-8e7a-cc5f2733e87a-groupManagement] INFO  server.RaftServerConfigKeys (ConfUtils.java:logGet(46)) - raft.server.leaderelection.leader.step-down.wait-time = 10s (default)
2023-06-01 19:11:10,040 [aab6e560-2e42-4217-8e7a-cc5f2733e87a-groupManagement] INFO  server.RaftServerConfigKeys (ConfUtils.java:logGet(46)) - raft.server.sleep.deviation.threshold = 300ms (default)
2023-06-01 19:11:10,040 [aab6e560-2e42-4217-8e7a-cc5f2733e87a-groupManagement] INFO  server.RaftServer$Division (ServerState.java:<init>(120)) - aab6e560-2e42-4217-8e7a-cc5f2733e87a@group-2670E7DB9F10: ConfigurationManager, init=-1: peers:[aab6e560-2e42-4217-8e7a-cc5f2733e87a|rpc:10.1.0.196:15059|admin:10.1.0.196:15058|client:10.1.0.196:15057|dataStream:10.1.0.196:15060|priority:1|startupRole:FOLLOWER]|listeners:[], old=null, confs=<EMPTY_MAP>
2023-06-01 19:11:10,040 [aab6e560-2e42-4217-8e7a-cc5f2733e87a-groupManagement] INFO  server.RaftServerConfigKeys (ConfUtils.java:logGet(46)) - raft.server.storage.dir = [/home/runner/work/ozone/ozone/hadoop-ozone/integration-test/target/test-dir/MiniOzoneClusterImpl-59aba430-7466-43cf-ac60-ffcd1bd17169/datanode-5/data/ratis] (custom)
2023-06-01 19:11:10,040 [aab6e560-2e42-4217-8e7a-cc5f2733e87a-groupManagement] INFO  server.RaftServerConfigKeys (ConfUtils.java:logGet(46)) - raft.server.log.corruption.policy = EXCEPTION (default)
2023-06-01 19:11:10,040 [aab6e560-2e42-4217-8e7a-cc5f2733e87a-groupManagement] INFO  server.RaftServerConfigKeys (ConfUtils.java:logGet(46)) - raft.server.storage.free-space.min = 0MB (=0) (default)
2023-06-01 19:11:10,040 [aab6e560-2e42-4217-8e7a-cc5f2733e87a-groupManagement] INFO  server.RaftServerConfigKeys (ConfUtils.java:logGet(46)) - raft.server.notification.no-leader.timeout = 300s (custom)
2023-06-01 19:11:10,040 [aab6e560-2e42-4217-8e7a-cc5f2733e87a-groupManagement] INFO  server.RaftServerConfigKeys (ConfUtils.java:logGet(46)) - raft.server.read.timeout = 10s (default)
2023-06-01 19:11:10,040 [aab6e560-2e42-4217-8e7a-cc5f2733e87a-groupManagement] INFO  server.RaftServerConfigKeys (ConfUtils.java:logGet(46)) - raft.server.retrycache.expirytime = 600000ms (custom)
2023-06-01 19:11:10,040 [aab6e560-2e42-4217-8e7a-cc5f2733e87a-groupManagement] INFO  server.RaftServerConfigKeys (ConfUtils.java:logGet(46)) - raft.server.retrycache.statistics.expirytime = 100μs (default)
2023-06-01 19:11:10,040 [aab6e560-2e42-4217-8e7a-cc5f2733e87a-groupManagement] INFO  server.RaftServerConfigKeys (ConfUtils.java:logGet(46)) - raft.server.read.option = DEFAULT (default)
2023-06-01 19:11:10,041 [aab6e560-2e42-4217-8e7a-cc5f2733e87a-groupManagement] INFO  server.RaftServerConfigKeys (ConfUtils.java:logGet(46)) - raft.server.rpc.request.timeout = 60s (custom)
2023-06-01 19:11:10,041 [aab6e560-2e42-4217-8e7a-cc5f2733e87a-groupManagement] INFO  server.RaftServerConfigKeys (ConfUtils.java:logGet(46)) - raft.server.log.appender.install.snapshot.enabled = false (custom)
2023-06-01 19:11:10,041 [aab6e560-2e42-4217-8e7a-cc5f2733e87a-groupManagement] INFO  server.RaftServerConfigKeys (ConfUtils.java:logGet(46)) - raft.server.threadpool.server.cached = true (default)
2023-06-01 19:11:10,041 [aab6e560-2e42-4217-8e7a-cc5f2733e87a-groupManagement] INFO  server.RaftServerConfigKeys (ConfUtils.java:logGet(46)) - raft.server.threadpool.server.size = 0 (default)
2023-06-01 19:11:10,041 [aab6e560-2e42-4217-8e7a-cc5f2733e87a-groupManagement] INFO  server.RaftServerConfigKeys (ConfUtils.java:logGet(46)) - raft.server.threadpool.client.cached = true (default)
2023-06-01 19:11:10,041 [aab6e560-2e42-4217-8e7a-cc5f2733e87a-groupManagement] INFO  server.RaftServerConfigKeys (ConfUtils.java:logGet(46)) - raft.server.threadpool.client.size = 0 (default)
2023-06-01 19:11:10,042 [PipelineCommandHandlerThread-0] INFO  server.RaftServer (RaftServerProxy.java:addNew(98)) - aab6e560-2e42-4217-8e7a-cc5f2733e87a: addNew group-2670E7DB9F10:[aab6e560-2e42-4217-8e7a-cc5f2733e87a|rpc:10.1.0.196:15059|admin:10.1.0.196:15058|client:10.1.0.196:15057|dataStream:10.1.0.196:15060|priority:1|startupRole:FOLLOWER] returns      null aab6e560-2e42-4217-8e7a-cc5f2733e87a@group-2670E7DB9F10:t0, leader=null, voted=null, raftlog=UNINITIALIZED, conf=-1: peers:[aab6e560-2e42-4217-8e7a-cc5f2733e87a|rpc:10.1.0.196:15059|admin:10.1.0.196:15058|client:10.1.0.196:15057|dataStream:10.1.0.196:15060|priority:1|startupRole:FOLLOWER]|listeners:[], old=null NEW
2023-06-01 19:11:10,042 [aab6e560-2e42-4217-8e7a-cc5f2733e87a-groupManagement] INFO  storage.RaftStorageDirectory (RaftStorageDirectoryImpl.java:analyzeStorage(137)) - The storage directory /home/runner/work/ozone/ozone/hadoop-ozone/integration-test/target/test-dir/MiniOzoneClusterImpl-59aba430-7466-43cf-ac60-ffcd1bd17169/datanode-5/data/ratis/ee0dddb1-03e5-4e41-ad3d-2670e7db9f10 does not exist. Creating ...
2023-06-01 19:11:10,043 [aab6e560-2e42-4217-8e7a-cc5f2733e87a-groupManagement] INFO  storage.RaftStorageDirectory (RaftStorageDirectoryImpl.java:tryLock(231)) - Lock on /home/runner/work/ozone/ozone/hadoop-ozone/integration-test/target/test-dir/MiniOzoneClusterImpl-59aba430-7466-43cf-ac60-ffcd1bd17169/datanode-5/data/ratis/ee0dddb1-03e5-4e41-ad3d-2670e7db9f10/in_use.lock acquired by nodename 16224@fv-az163-187
2023-06-01 19:11:10,044 [aab6e560-2e42-4217-8e7a-cc5f2733e87a-groupManagement] INFO  storage.RaftStorage (RaftStorageImpl.java:format(96)) - Storage directory /home/runner/work/ozone/ozone/hadoop-ozone/integration-test/target/test-dir/MiniOzoneClusterImpl-59aba430-7466-43cf-ac60-ffcd1bd17169/datanode-5/data/ratis/ee0dddb1-03e5-4e41-ad3d-2670e7db9f10 has been successfully formatted.
2023-06-01 19:11:10,044 [aab6e560-2e42-4217-8e7a-cc5f2733e87a-groupManagement] INFO  ratis.ContainerStateMachine (ContainerStateMachine.java:loadSnapshot(262)) - group-2670E7DB9F10: The snapshot info is null. Setting the last applied indexto:(t:0, i:~)
2023-06-01 19:11:10,044 [aab6e560-2e42-4217-8e7a-cc5f2733e87a-groupManagement] INFO  server.RaftServerConfigKeys (ConfUtils.java:logGet(46)) - raft.server.log.use.memory = false (default)
2023-06-01 19:11:10,044 [aab6e560-2e42-4217-8e7a-cc5f2733e87a-groupManagement] INFO  server.RaftServerConfigKeys (ConfUtils.java:logGet(46)) - raft.server.log.purge.gap = 1000000 (custom)
2023-06-01 19:11:10,044 [aab6e560-2e42-4217-8e7a-cc5f2733e87a-groupManagement] INFO  server.RaftServerConfigKeys (ConfUtils.java:logGet(46)) - raft.server.log.appender.buffer.byte-limit = 33554432 (custom)
2023-06-01 19:11:10,045 [aab6e560-2e42-4217-8e7a-cc5f2733e87a-groupManagement] INFO  server.RaftServerConfigKeys (ConfUtils.java:logGet(46)) - raft.server.log.statemachine.data.read.timeout = 1000ms (default)
2023-06-01 19:11:10,045 [aab6e560-2e42-4217-8e7a-cc5f2733e87a-groupManagement] INFO  server.RaftServerConfigKeys (ConfUtils.java:logGet(46)) - raft.server.log.purge.preservation.log.num = 0 (default)
2023-06-01 19:11:10,046 [EventQueue-PipelineReportForPipelineReportHandler] INFO  pipeline.PipelineManagerImpl (PipelineManagerImpl.java:openPipeline(367)) - Pipeline Pipeline[ Id: ee0dddb1-03e5-4e41-ad3d-2670e7db9f10, Nodes: aab6e560-2e42-4217-8e7a-cc5f2733e87a(fv-az163-187.kzyshwy3mise5klwsllqwzgzyb.cx.internal.cloudapp.net/10.1.0.196), ReplicationConfig: RATIS/ONE, State:ALLOCATED, leaderId:aab6e560-2e42-4217-8e7a-cc5f2733e87a, CreationTimestamp2023-06-01T19:11:07.037Z[Etc/UTC]] moved to OPEN state
2023-06-01 19:11:10,046 [EventQueue-OpenPipelineForHealthyPipelineSafeModeRule] INFO  safemode.SCMSafeModeManager (HealthyPipelineSafeModeRule.java:process(137)) - SCM in safe mode. Healthy pipelines reported count is 0, required healthy pipeline reported count is 1
2023-06-01 19:11:10,046 [aab6e560-2e42-4217-8e7a-cc5f2733e87a-groupManagement] INFO  server.RaftServerConfigKeys (ConfUtils.java:logGet(46)) - raft.server.log.segment.size.max = 1048576 (custom)
2023-06-01 19:11:10,047 [aab6e560-2e42-4217-8e7a-cc5f2733e87a-groupManagement] INFO  server.RaftServerConfigKeys (ConfUtils.java:logGet(46)) - raft.server.log.segment.cache.num.max = 2 (custom)
2023-06-01 19:11:10,047 [aab6e560-2e42-4217-8e7a-cc5f2733e87a-groupManagement] INFO  server.RaftServerConfigKeys (ConfUtils.java:logGet(46)) - raft.server.log.segment.cache.size.max = 200MB (=209715200) (default)
2023-06-01 19:11:10,047 [aab6e560-2e42-4217-8e7a-cc5f2733e87a-groupManagement] INFO  server.RaftServerConfigKeys (ConfUtils.java:logGet(46)) - raft.server.log.appender.buffer.byte-limit = 33554432 (custom)
2023-06-01 19:11:10,047 [aab6e560-2e42-4217-8e7a-cc5f2733e87a-groupManagement] INFO  segmented.SegmentedRaftLogWorker (SegmentedRaftLogWorker.java:<init>(188)) - new aab6e560-2e42-4217-8e7a-cc5f2733e87a@group-2670E7DB9F10-SegmentedRaftLogWorker for RaftStorageImpl:Storage Directory /home/runner/work/ozone/ozone/hadoop-ozone/integration-test/target/test-dir/MiniOzoneClusterImpl-59aba430-7466-43cf-ac60-ffcd1bd17169/datanode-5/data/ratis/ee0dddb1-03e5-4e41-ad3d-2670e7db9f10
2023-06-01 19:11:10,047 [aab6e560-2e42-4217-8e7a-cc5f2733e87a-groupManagement] INFO  server.RaftServerConfigKeys (ConfUtils.java:logGet(46)) - raft.server.log.queue.byte-limit = 4294967296 (custom)
2023-06-01 19:11:10,047 [aab6e560-2e42-4217-8e7a-cc5f2733e87a-groupManagement] INFO  server.RaftServerConfigKeys (ConfUtils.java:logGet(46)) - raft.server.log.queue.element-limit = 1024 (custom)
2023-06-01 19:11:10,047 [aab6e560-2e42-4217-8e7a-cc5f2733e87a-groupManagement] INFO  server.RaftServerConfigKeys (ConfUtils.java:logGet(46)) - raft.server.log.segment.size.max = 1048576 (custom)
2023-06-01 19:11:10,047 [aab6e560-2e42-4217-8e7a-cc5f2733e87a-groupManagement] INFO  server.RaftServerConfigKeys (ConfUtils.java:logGet(46)) - raft.server.log.preallocated.size = 16384 (custom)
2023-06-01 19:11:10,047 [aab6e560-2e42-4217-8e7a-cc5f2733e87a-groupManagement] INFO  server.RaftServerConfigKeys (ConfUtils.java:logGet(46)) - raft.server.log.force.sync.num = 128 (default)
2023-06-01 19:11:10,047 [aab6e560-2e42-4217-8e7a-cc5f2733e87a-groupManagement] INFO  server.RaftServerConfigKeys (ConfUtils.java:logGet(46)) - raft.server.log.statemachine.data.sync = true (default)
2023-06-01 19:11:10,047 [aab6e560-2e42-4217-8e7a-cc5f2733e87a-groupManagement] INFO  server.RaftServerConfigKeys (ConfUtils.java:logGet(46)) - raft.server.log.statemachine.data.sync.timeout = 10s (default)
2023-06-01 19:11:10,047 [aab6e560-2e42-4217-8e7a-cc5f2733e87a-groupManagement] INFO  server.RaftServerConfigKeys (ConfUtils.java:logGet(46)) - raft.server.log.statemachine.data.sync.timeout.retry = -1 (default)
2023-06-01 19:11:10,048 [aab6e560-2e42-4217-8e7a-cc5f2733e87a-groupManagement] INFO  server.RaftServerConfigKeys (ConfUtils.java:logGet(46)) - raft.server.log.write.buffer.size = 1048576 (custom)
2023-06-01 19:11:10,048 [aab6e560-2e42-4217-8e7a-cc5f2733e87a-groupManagement] INFO  server.RaftServerConfigKeys (ConfUtils.java:logGet(46)) - raft.server.log.appender.buffer.byte-limit = 33554432 (custom)
2023-06-01 19:11:10,296 [JvmPauseMonitor1] WARN  util.JvmPauseMonitor (JvmPauseMonitor.java:detectPause(124)) - JvmPauseMonitor-fac1c7af-03c1-44bd-b323-3796df9c2435: Detected pause in JVM or host machine approximately 0.149s with 0.247s GC time.
GC pool 'PS MarkSweep' had collection(s): count=1 time=185ms
GC pool 'PS Scavenge' had collection(s): count=1 time=62ms
2023-06-01 19:11:10,296 [JvmPauseMonitor8] WARN  util.JvmPauseMonitor (JvmPauseMonitor.java:detectPause(124)) - JvmPauseMonitor-9125f905-aa43-4d0f-845d-e6cfd4dab0cd: Detected pause in JVM or host machine approximately 0.149s with 0.247s GC time.
GC pool 'PS MarkSweep' had collection(s): count=1 time=185ms
GC pool 'PS Scavenge' had collection(s): count=1 time=62ms
2023-06-01 19:11:10,297 [JvmPauseMonitor4] WARN  util.JvmPauseMonitor (JvmPauseMonitor.java:detectPause(124)) - JvmPauseMonitor-9ff544a7-6c1c-4ca7-a5dc-e42e2710cacb: Detected pause in JVM or host machine approximately 0.151s with 0.247s GC time.
GC pool 'PS MarkSweep' had collection(s): count=1 time=185ms
GC pool 'PS Scavenge' had collection(s): count=1 time=62ms
2023-06-01 19:11:10,297 [JvmPauseMonitor7] WARN  util.JvmPauseMonitor (JvmPauseMonitor.java:detectPause(124)) - JvmPauseMonitor-36cbda38-693f-49bb-be1a-3256c6faae50: Detected pause in JVM or host machine approximately 0.152s with 0.247s GC time.
GC pool 'PS MarkSweep' had collection(s): count=1 time=185ms
GC pool 'PS Scavenge' had collection(s): count=1 time=62ms
2023-06-01 19:11:10,297 [JvmPauseMonitor10] WARN  util.JvmPauseMonitor (JvmPauseMonitor.java:detectPause(124)) - JvmPauseMonitor-d7192325-13fb-433e-b8d5-f6359b644c8f: Detected pause in JVM or host machine approximately 0.154s with 0.247s GC time.
GC pool 'PS MarkSweep' had collection(s): count=1 time=185ms
GC pool 'PS Scavenge' had collection(s): count=1 time=62ms
2023-06-01 19:11:10,297 [JvmPauseMonitor0] WARN  util.JvmPauseMonitor (JvmPauseMonitor.java:detectPause(124)) - JvmPauseMonitor-om1: Detected pause in JVM or host machine approximately 0.155s with 0.247s GC time.
GC pool 'PS MarkSweep' had collection(s): count=1 time=185ms
GC pool 'PS Scavenge' had collection(s): count=1 time=62ms
2023-06-01 19:11:10,301 [JvmPauseMonitor6] WARN  util.JvmPauseMonitor (JvmPauseMonitor.java:detectPause(124)) - JvmPauseMonitor-aab6e560-2e42-4217-8e7a-cc5f2733e87a: Detected pause in JVM or host machine approximately 0.154s with 0.247s GC time.
GC pool 'PS MarkSweep' had collection(s): count=1 time=185ms
GC pool 'PS Scavenge' had collection(s): count=1 time=62ms
2023-06-01 19:11:10,301 [JvmPauseMonitor3] WARN  util.JvmPauseMonitor (JvmPauseMonitor.java:detectPause(124)) - JvmPauseMonitor-d78dd883-3e4c-45aa-98b2-e8ffdf2e22af: Detected pause in JVM or host machine approximately 0.154s with 0.247s GC time.
GC pool 'PS MarkSweep' had collection(s): count=1 time=185ms
GC pool 'PS Scavenge' had collection(s): count=1 time=62ms
2023-06-01 19:11:10,306 [aab6e560-2e42-4217-8e7a-cc5f2733e87a-groupManagement] INFO  server.RaftServerConfigKeys (ConfUtils.java:logGet(46)) - raft.server.log.unsafe-flush.enabled = false (default)
2023-06-01 19:11:10,307 [aab6e560-2e42-4217-8e7a-cc5f2733e87a-groupManagement] INFO  server.RaftServerConfigKeys (ConfUtils.java:logGet(46)) - raft.server.log.async-flush.enabled = false (default)
2023-06-01 19:11:10,307 [aab6e560-2e42-4217-8e7a-cc5f2733e87a-groupManagement] INFO  server.RaftServerConfigKeys (ConfUtils.java:logGet(46)) - raft.server.log.statemachine.data.caching.enabled = true (custom)
2023-06-01 19:11:10,307 [aab6e560-2e42-4217-8e7a-cc5f2733e87a-groupManagement] INFO  segmented.SegmentedRaftLogWorker (SegmentedRaftLogWorker.java:lambda$new$0(135)) - aab6e560-2e42-4217-8e7a-cc5f2733e87a@group-2670E7DB9F10-SegmentedRaftLogWorker: flushIndex: setUnconditionally 0 -> -1
2023-06-01 19:11:10,307 [aab6e560-2e42-4217-8e7a-cc5f2733e87a-groupManagement] INFO  segmented.SegmentedRaftLogWorker (SegmentedRaftLogWorker.java:lambda$new$0(135)) - aab6e560-2e42-4217-8e7a-cc5f2733e87a@group-2670E7DB9F10-SegmentedRaftLogWorker: safeCacheEvictIndex: setUnconditionally 0 -> -1
2023-06-01 19:11:10,307 [aab6e560-2e42-4217-8e7a-cc5f2733e87a-groupManagement] INFO  server.RaftServer$Division (RaftServerImpl.java:start(342)) - aab6e560-2e42-4217-8e7a-cc5f2733e87a@group-2670E7DB9F10: start as a follower, conf=-1: peers:[aab6e560-2e42-4217-8e7a-cc5f2733e87a|rpc:10.1.0.196:15059|admin:10.1.0.196:15058|client:10.1.0.196:15057|dataStream:10.1.0.196:15060|priority:1|startupRole:FOLLOWER]|listeners:[], old=null
2023-06-01 19:11:10,307 [aab6e560-2e42-4217-8e7a-cc5f2733e87a-groupManagement] INFO  server.RaftServer$Division (RaftServerImpl.java:setRole(329)) - aab6e560-2e42-4217-8e7a-cc5f2733e87a@group-2670E7DB9F10: changes role from      null to FOLLOWER at term 0 for startAsFollower
2023-06-01 19:11:10,307 [aab6e560-2e42-4217-8e7a-cc5f2733e87a-groupManagement] INFO  impl.RoleInfo (RoleInfo.java:updateAndGet(139)) - aab6e560-2e42-4217-8e7a-cc5f2733e87a: start aab6e560-2e42-4217-8e7a-cc5f2733e87a@group-2670E7DB9F10-FollowerState
2023-06-01 19:11:10,307 [aab6e560-2e42-4217-8e7a-cc5f2733e87a-groupManagement] INFO  util.JmxRegister (JmxRegister.java:tryRegister(44)) - Successfully registered JMX Bean with object name Ratis:service=RaftServer,group=group-2670E7DB9F10,id=aab6e560-2e42-4217-8e7a-cc5f2733e87a
2023-06-01 19:11:10,307 [aab6e560-2e42-4217-8e7a-cc5f2733e87a-groupManagement] INFO  server.RaftServerConfigKeys (ConfUtils.java:logGet(46)) - raft.server.snapshot.auto.trigger.enabled = true (custom)
2023-06-01 19:11:10,308 [aab6e560-2e42-4217-8e7a-cc5f2733e87a-groupManagement] INFO  server.RaftServerConfigKeys (ConfUtils.java:logGet(46)) - raft.server.snapshot.auto.trigger.threshold = 10000 (custom)
2023-06-01 19:11:10,308 [aab6e560-2e42-4217-8e7a-cc5f2733e87a-groupManagement] INFO  server.RaftServerConfigKeys (ConfUtils.java:logGet(46)) - raft.server.snapshot.retention.file.num = 5 (custom)
2023-06-01 19:11:10,308 [aab6e560-2e42-4217-8e7a-cc5f2733e87a-groupManagement] INFO  server.RaftServerConfigKeys (ConfUtils.java:logGet(46)) - raft.server.log.purge.upto.snapshot.index = false (default)
2023-06-01 19:11:10,308 [PipelineCommandHandlerThread-0] INFO  ratis.XceiverServerRatis (XceiverServerRatis.java:addGroup(804)) - Created group PipelineID=ee0dddb1-03e5-4e41-ad3d-2670e7db9f10
2023-06-01 19:11:10,308 [PipelineCommandHandlerThread-0] INFO  commandhandler.CreatePipelineCommandHandler (CreatePipelineCommandHandler.java:lambda$handle$2(124)) - Created Pipeline RATIS ONE PipelineID=ee0dddb1-03e5-4e41-ad3d-2670e7db9f10.
2023-06-01 19:11:10,315 [aab6e560-2e42-4217-8e7a-cc5f2733e87a@group-2670E7DB9F10-FollowerState] INFO  server.RaftServerConfigKeys (ConfUtils.java:logFallback(53)) - raft.server.rpc.first-election.timeout.min = 5s (fallback to raft.server.rpc.timeout.min)
2023-06-01 19:11:10,316 [aab6e560-2e42-4217-8e7a-cc5f2733e87a@group-2670E7DB9F10-FollowerState] INFO  server.RaftServerConfigKeys (ConfUtils.java:logFallback(53)) - raft.server.rpc.first-election.timeout.max = 5200ms (fallback to raft.server.rpc.timeout.max)
2023-06-01 19:11:10,434 [PipelineCommandHandlerThread-0] INFO  server.RaftServer (RaftServerProxy.java:addNew(98)) - 36cbda38-693f-49bb-be1a-3256c6faae50: addNew group-01A26A1161CC:[36cbda38-693f-49bb-be1a-3256c6faae50|rpc:10.1.0.196:15068|admin:10.1.0.196:15067|client:10.1.0.196:15066|dataStream:10.1.0.196:15069|priority:1|startupRole:FOLLOWER] returns group-01A26A1161CC:java.util.concurrent.CompletableFuture@598ff704[Not completed]
2023-06-01 19:11:10,435 [36cbda38-693f-49bb-be1a-3256c6faae50-groupManagement] INFO  server.RaftServer$Division (RaftServerImpl.java:<init>(198)) - 36cbda38-693f-49bb-be1a-3256c6faae50: new RaftServerImpl for group-01A26A1161CC:[36cbda38-693f-49bb-be1a-3256c6faae50|rpc:10.1.0.196:15068|admin:10.1.0.196:15067|client:10.1.0.196:15066|dataStream:10.1.0.196:15069|priority:1|startupRole:FOLLOWER] with ContainerStateMachine:uninitialized
2023-06-01 19:11:10,436 [36cbda38-693f-49bb-be1a-3256c6faae50-groupManagement] INFO  server.RaftServerConfigKeys (ConfUtils.java:logGet(46)) - raft.server.rpc.timeout.min = 5s (custom)
2023-06-01 19:11:10,436 [36cbda38-693f-49bb-be1a-3256c6faae50-groupManagement] INFO  server.RaftServerConfigKeys (ConfUtils.java:logGet(46)) - raft.server.rpc.timeout.max = 5200ms (custom)
2023-06-01 19:11:10,436 [36cbda38-693f-49bb-be1a-3256c6faae50-groupManagement] INFO  server.RaftServerConfigKeys (ConfUtils.java:logGet(46)) - raft.server.rpc.sleep.time = 25ms (default)
2023-06-01 19:11:10,436 [36cbda38-693f-49bb-be1a-3256c6faae50-groupManagement] INFO  server.RaftServerConfigKeys (ConfUtils.java:logGet(46)) - raft.server.rpc.slowness.timeout = 300s (custom)
2023-06-01 19:11:10,436 [36cbda38-693f-49bb-be1a-3256c6faae50-groupManagement] INFO  server.RaftServerConfigKeys (ConfUtils.java:logGet(46)) - raft.server.leaderelection.leader.step-down.wait-time = 10s (default)
2023-06-01 19:11:10,436 [36cbda38-693f-49bb-be1a-3256c6faae50-groupManagement] INFO  server.RaftServerConfigKeys (ConfUtils.java:logGet(46)) - raft.server.sleep.deviation.threshold = 300ms (default)
2023-06-01 19:11:10,436 [36cbda38-693f-49bb-be1a-3256c6faae50-groupManagement] INFO  server.RaftServer$Division (ServerState.java:<init>(120)) - 36cbda38-693f-49bb-be1a-3256c6faae50@group-01A26A1161CC: ConfigurationManager, init=-1: peers:[36cbda38-693f-49bb-be1a-3256c6faae50|rpc:10.1.0.196:15068|admin:10.1.0.196:15067|client:10.1.0.196:15066|dataStream:10.1.0.196:15069|priority:1|startupRole:FOLLOWER]|listeners:[], old=null, confs=<EMPTY_MAP>
2023-06-01 19:11:10,436 [36cbda38-693f-49bb-be1a-3256c6faae50-groupManagement] INFO  server.RaftServerConfigKeys (ConfUtils.java:logGet(46)) - raft.server.storage.dir = [/home/runner/work/ozone/ozone/hadoop-ozone/integration-test/target/test-dir/MiniOzoneClusterImpl-59aba430-7466-43cf-ac60-ffcd1bd17169/datanode-6/data/ratis] (custom)
2023-06-01 19:11:10,436 [36cbda38-693f-49bb-be1a-3256c6faae50-groupManagement] INFO  server.RaftServerConfigKeys (ConfUtils.java:logGet(46)) - raft.server.log.corruption.policy = EXCEPTION (default)
2023-06-01 19:11:10,436 [36cbda38-693f-49bb-be1a-3256c6faae50-groupManagement] INFO  server.RaftServerConfigKeys (ConfUtils.java:logGet(46)) - raft.server.storage.free-space.min = 0MB (=0) (default)
2023-06-01 19:11:10,436 [36cbda38-693f-49bb-be1a-3256c6faae50-groupManagement] INFO  server.RaftServerConfigKeys (ConfUtils.java:logGet(46)) - raft.server.notification.no-leader.timeout = 300s (custom)
2023-06-01 19:11:10,436 [36cbda38-693f-49bb-be1a-3256c6faae50-groupManagement] INFO  server.RaftServerConfigKeys (ConfUtils.java:logGet(46)) - raft.server.read.timeout = 10s (default)
2023-06-01 19:11:10,436 [36cbda38-693f-49bb-be1a-3256c6faae50-groupManagement] INFO  server.RaftServerConfigKeys (ConfUtils.java:logGet(46)) - raft.server.retrycache.expirytime = 600000ms (custom)
2023-06-01 19:11:10,436 [36cbda38-693f-49bb-be1a-3256c6faae50-groupManagement] INFO  server.RaftServerConfigKeys (ConfUtils.java:logGet(46)) - raft.server.retrycache.statistics.expirytime = 100μs (default)
2023-06-01 19:11:10,437 [36cbda38-693f-49bb-be1a-3256c6faae50-groupManagement] INFO  server.RaftServerConfigKeys (ConfUtils.java:logGet(46)) - raft.server.read.option = DEFAULT (default)
2023-06-01 19:11:10,439 [36cbda38-693f-49bb-be1a-3256c6faae50-groupManagement] INFO  server.RaftServerConfigKeys (ConfUtils.java:logGet(46)) - raft.server.rpc.request.timeout = 60s (custom)
2023-06-01 19:11:10,439 [36cbda38-693f-49bb-be1a-3256c6faae50-groupManagement] INFO  server.RaftServerConfigKeys (ConfUtils.java:logGet(46)) - raft.server.log.appender.install.snapshot.enabled = false (custom)
2023-06-01 19:11:10,439 [36cbda38-693f-49bb-be1a-3256c6faae50-groupManagement] INFO  server.RaftServerConfigKeys (ConfUtils.java:logGet(46)) - raft.server.threadpool.server.cached = true (default)
2023-06-01 19:11:10,439 [36cbda38-693f-49bb-be1a-3256c6faae50-groupManagement] INFO  server.RaftServerConfigKeys (ConfUtils.java:logGet(46)) - raft.server.threadpool.server.size = 0 (default)
2023-06-01 19:11:10,439 [36cbda38-693f-49bb-be1a-3256c6faae50-groupManagement] INFO  server.RaftServerConfigKeys (ConfUtils.java:logGet(46)) - raft.server.threadpool.client.cached = true (default)
2023-06-01 19:11:10,439 [36cbda38-693f-49bb-be1a-3256c6faae50-groupManagement] INFO  server.RaftServerConfigKeys (ConfUtils.java:logGet(46)) - raft.server.threadpool.client.size = 0 (default)
2023-06-01 19:11:10,439 [36cbda38-693f-49bb-be1a-3256c6faae50-groupManagement] INFO  storage.RaftStorageDirectory (RaftStorageDirectoryImpl.java:analyzeStorage(137)) - The storage directory /home/runner/work/ozone/ozone/hadoop-ozone/integration-test/target/test-dir/MiniOzoneClusterImpl-59aba430-7466-43cf-ac60-ffcd1bd17169/datanode-6/data/ratis/8042b191-6abf-42e2-9e00-01a26a1161cc does not exist. Creating ...
2023-06-01 19:11:10,442 [36cbda38-693f-49bb-be1a-3256c6faae50-groupManagement] INFO  storage.RaftStorageDirectory (RaftStorageDirectoryImpl.java:tryLock(231)) - Lock on /home/runner/work/ozone/ozone/hadoop-ozone/integration-test/target/test-dir/MiniOzoneClusterImpl-59aba430-7466-43cf-ac60-ffcd1bd17169/datanode-6/data/ratis/8042b191-6abf-42e2-9e00-01a26a1161cc/in_use.lock acquired by nodename 16224@fv-az163-187
2023-06-01 19:11:10,443 [36cbda38-693f-49bb-be1a-3256c6faae50-groupManagement] INFO  storage.RaftStorage (RaftStorageImpl.java:format(96)) - Storage directory /home/runner/work/ozone/ozone/hadoop-ozone/integration-test/target/test-dir/MiniOzoneClusterImpl-59aba430-7466-43cf-ac60-ffcd1bd17169/datanode-6/data/ratis/8042b191-6abf-42e2-9e00-01a26a1161cc has been successfully formatted.
2023-06-01 19:11:10,444 [36cbda38-693f-49bb-be1a-3256c6faae50-groupManagement] INFO  ratis.ContainerStateMachine (ContainerStateMachine.java:loadSnapshot(262)) - group-01A26A1161CC: The snapshot info is null. Setting the last applied indexto:(t:0, i:~)
2023-06-01 19:11:10,444 [36cbda38-693f-49bb-be1a-3256c6faae50-groupManagement] INFO  server.RaftServerConfigKeys (ConfUtils.java:logGet(46)) - raft.server.log.use.memory = false (default)
2023-06-01 19:11:10,444 [36cbda38-693f-49bb-be1a-3256c6faae50-groupManagement] INFO  server.RaftServerConfigKeys (ConfUtils.java:logGet(46)) - raft.server.log.purge.gap = 1000000 (custom)
2023-06-01 19:11:10,445 [EventQueue-PipelineReportForPipelineReportHandler] INFO  pipeline.PipelineManagerImpl (PipelineManagerImpl.java:openPipeline(367)) - Pipeline Pipeline[ Id: 8042b191-6abf-42e2-9e00-01a26a1161cc, Nodes: 36cbda38-693f-49bb-be1a-3256c6faae50(fv-az163-187.kzyshwy3mise5klwsllqwzgzyb.cx.internal.cloudapp.net/10.1.0.196), ReplicationConfig: RATIS/ONE, State:ALLOCATED, leaderId:36cbda38-693f-49bb-be1a-3256c6faae50, CreationTimestamp2023-06-01T19:11:07.437Z[Etc/UTC]] moved to OPEN state
2023-06-01 19:11:10,446 [EventQueue-OpenPipelineForHealthyPipelineSafeModeRule] INFO  safemode.SCMSafeModeManager (HealthyPipelineSafeModeRule.java:process(137)) - SCM in safe mode. Healthy pipelines reported count is 0, required healthy pipeline reported count is 1
2023-06-01 19:11:10,446 [36cbda38-693f-49bb-be1a-3256c6faae50-groupManagement] INFO  server.RaftServerConfigKeys (ConfUtils.java:logGet(46)) - raft.server.log.appender.buffer.byte-limit = 33554432 (custom)
2023-06-01 19:11:10,446 [36cbda38-693f-49bb-be1a-3256c6faae50-groupManagement] INFO  server.RaftServerConfigKeys (ConfUtils.java:logGet(46)) - raft.server.log.statemachine.data.read.timeout = 1000ms (default)
2023-06-01 19:11:10,446 [36cbda38-693f-49bb-be1a-3256c6faae50-groupManagement] INFO  server.RaftServerConfigKeys (ConfUtils.java:logGet(46)) - raft.server.log.purge.preservation.log.num = 0 (default)
2023-06-01 19:11:10,446 [36cbda38-693f-49bb-be1a-3256c6faae50-groupManagement] INFO  server.RaftServerConfigKeys (ConfUtils.java:logGet(46)) - raft.server.log.segment.size.max = 1048576 (custom)
2023-06-01 19:11:10,447 [36cbda38-693f-49bb-be1a-3256c6faae50-groupManagement] INFO  server.RaftServerConfigKeys (ConfUtils.java:logGet(46)) - raft.server.log.segment.cache.num.max = 2 (custom)
2023-06-01 19:11:10,447 [36cbda38-693f-49bb-be1a-3256c6faae50-groupManagement] INFO  server.RaftServerConfigKeys (ConfUtils.java:logGet(46)) - raft.server.log.segment.cache.size.max = 200MB (=209715200) (default)
2023-06-01 19:11:10,447 [36cbda38-693f-49bb-be1a-3256c6faae50-groupManagement] INFO  server.RaftServerConfigKeys (ConfUtils.java:logGet(46)) - raft.server.log.appender.buffer.byte-limit = 33554432 (custom)
2023-06-01 19:11:10,447 [36cbda38-693f-49bb-be1a-3256c6faae50-groupManagement] INFO  segmented.SegmentedRaftLogWorker (SegmentedRaftLogWorker.java:<init>(188)) - new 36cbda38-693f-49bb-be1a-3256c6faae50@group-01A26A1161CC-SegmentedRaftLogWorker for RaftStorageImpl:Storage Directory /home/runner/work/ozone/ozone/hadoop-ozone/integration-test/target/test-dir/MiniOzoneClusterImpl-59aba430-7466-43cf-ac60-ffcd1bd17169/datanode-6/data/ratis/8042b191-6abf-42e2-9e00-01a26a1161cc
2023-06-01 19:11:10,447 [36cbda38-693f-49bb-be1a-3256c6faae50-groupManagement] INFO  server.RaftServerConfigKeys (ConfUtils.java:logGet(46)) - raft.server.log.queue.byte-limit = 4294967296 (custom)
2023-06-01 19:11:10,447 [36cbda38-693f-49bb-be1a-3256c6faae50-groupManagement] INFO  server.RaftServerConfigKeys (ConfUtils.java:logGet(46)) - raft.server.log.queue.element-limit = 1024 (custom)
2023-06-01 19:11:10,447 [36cbda38-693f-49bb-be1a-3256c6faae50-groupManagement] INFO  server.RaftServerConfigKeys (ConfUtils.java:logGet(46)) - raft.server.log.segment.size.max = 1048576 (custom)
2023-06-01 19:11:10,447 [36cbda38-693f-49bb-be1a-3256c6faae50-groupManagement] INFO  server.RaftServerConfigKeys (ConfUtils.java:logGet(46)) - raft.server.log.preallocated.size = 16384 (custom)
2023-06-01 19:11:10,447 [36cbda38-693f-49bb-be1a-3256c6faae50-groupManagement] INFO  server.RaftServerConfigKeys (ConfUtils.java:logGet(46)) - raft.server.log.force.sync.num = 128 (default)
2023-06-01 19:11:10,447 [36cbda38-693f-49bb-be1a-3256c6faae50-groupManagement] INFO  server.RaftServerConfigKeys (ConfUtils.java:logGet(46)) - raft.server.log.statemachine.data.sync = true (default)
2023-06-01 19:11:10,447 [36cbda38-693f-49bb-be1a-3256c6faae50-groupManagement] INFO  server.RaftServerConfigKeys (ConfUtils.java:logGet(46)) - raft.server.log.statemachine.data.sync.timeout = 10s (default)
2023-06-01 19:11:10,447 [36cbda38-693f-49bb-be1a-3256c6faae50-groupManagement] INFO  server.RaftServerConfigKeys (ConfUtils.java:logGet(46)) - raft.server.log.statemachine.data.sync.timeout.retry = -1 (default)
2023-06-01 19:11:10,448 [36cbda38-693f-49bb-be1a-3256c6faae50-groupManagement] INFO  server.RaftServerConfigKeys (ConfUtils.java:logGet(46)) - raft.server.log.write.buffer.size = 1048576 (custom)
2023-06-01 19:11:10,449 [36cbda38-693f-49bb-be1a-3256c6faae50-groupManagement] INFO  server.RaftServerConfigKeys (ConfUtils.java:logGet(46)) - raft.server.log.appender.buffer.byte-limit = 33554432 (custom)
2023-06-01 19:11:10,453 [36cbda38-693f-49bb-be1a-3256c6faae50-groupManagement] INFO  server.RaftServerConfigKeys (ConfUtils.java:logGet(46)) - raft.server.log.unsafe-flush.enabled = false (default)
2023-06-01 19:11:10,453 [36cbda38-693f-49bb-be1a-3256c6faae50-groupManagement] INFO  server.RaftServerConfigKeys (ConfUtils.java:logGet(46)) - raft.server.log.async-flush.enabled = false (default)
2023-06-01 19:11:10,453 [36cbda38-693f-49bb-be1a-3256c6faae50-groupManagement] INFO  server.RaftServerConfigKeys (ConfUtils.java:logGet(46)) - raft.server.log.statemachine.data.caching.enabled = true (custom)
2023-06-01 19:11:10,453 [36cbda38-693f-49bb-be1a-3256c6faae50-groupManagement] INFO  segmented.SegmentedRaftLogWorker (SegmentedRaftLogWorker.java:lambda$new$0(135)) - 36cbda38-693f-49bb-be1a-3256c6faae50@group-01A26A1161CC-SegmentedRaftLogWorker: flushIndex: setUnconditionally 0 -> -1
2023-06-01 19:11:10,453 [36cbda38-693f-49bb-be1a-3256c6faae50-groupManagement] INFO  segmented.SegmentedRaftLogWorker (SegmentedRaftLogWorker.java:lambda$new$0(135)) - 36cbda38-693f-49bb-be1a-3256c6faae50@group-01A26A1161CC-SegmentedRaftLogWorker: safeCacheEvictIndex: setUnconditionally 0 -> -1
2023-06-01 19:11:10,453 [36cbda38-693f-49bb-be1a-3256c6faae50-groupManagement] INFO  server.RaftServer$Division (RaftServerImpl.java:start(342)) - 36cbda38-693f-49bb-be1a-3256c6faae50@group-01A26A1161CC: start as a follower, conf=-1: peers:[36cbda38-693f-49bb-be1a-3256c6faae50|rpc:10.1.0.196:15068|admin:10.1.0.196:15067|client:10.1.0.196:15066|dataStream:10.1.0.196:15069|priority:1|startupRole:FOLLOWER]|listeners:[], old=null
2023-06-01 19:11:10,453 [36cbda38-693f-49bb-be1a-3256c6faae50-groupManagement] INFO  server.RaftServer$Division (RaftServerImpl.java:setRole(329)) - 36cbda38-693f-49bb-be1a-3256c6faae50@group-01A26A1161CC: changes role from      null to FOLLOWER at term 0 for startAsFollower
2023-06-01 19:11:10,453 [36cbda38-693f-49bb-be1a-3256c6faae50-groupManagement] INFO  impl.RoleInfo (RoleInfo.java:updateAndGet(139)) - 36cbda38-693f-49bb-be1a-3256c6faae50: start 36cbda38-693f-49bb-be1a-3256c6faae50@group-01A26A1161CC-FollowerState
2023-06-01 19:11:10,461 [36cbda38-693f-49bb-be1a-3256c6faae50-groupManagement] INFO  util.JmxRegister (JmxRegister.java:tryRegister(44)) - Successfully registered JMX Bean with object name Ratis:service=RaftServer,group=group-01A26A1161CC,id=36cbda38-693f-49bb-be1a-3256c6faae50
2023-06-01 19:11:10,461 [36cbda38-693f-49bb-be1a-3256c6faae50@group-01A26A1161CC-FollowerState] INFO  server.RaftServerConfigKeys (ConfUtils.java:logFallback(53)) - raft.server.rpc.first-election.timeout.min = 5s (fallback to raft.server.rpc.timeout.min)
2023-06-01 19:11:10,461 [36cbda38-693f-49bb-be1a-3256c6faae50-groupManagement] INFO  server.RaftServerConfigKeys (ConfUtils.java:logGet(46)) - raft.server.snapshot.auto.trigger.enabled = true (custom)
2023-06-01 19:11:10,461 [36cbda38-693f-49bb-be1a-3256c6faae50-groupManagement] INFO  server.RaftServerConfigKeys (ConfUtils.java:logGet(46)) - raft.server.snapshot.auto.trigger.threshold = 10000 (custom)
2023-06-01 19:11:10,461 [36cbda38-693f-49bb-be1a-3256c6faae50-groupManagement] INFO  server.RaftServerConfigKeys (ConfUtils.java:logGet(46)) - raft.server.snapshot.retention.file.num = 5 (custom)
2023-06-01 19:11:10,461 [36cbda38-693f-49bb-be1a-3256c6faae50-groupManagement] INFO  server.RaftServerConfigKeys (ConfUtils.java:logGet(46)) - raft.server.log.purge.upto.snapshot.index = false (default)
2023-06-01 19:11:10,461 [36cbda38-693f-49bb-be1a-3256c6faae50@group-01A26A1161CC-FollowerState] INFO  server.RaftServerConfigKeys (ConfUtils.java:logFallback(53)) - raft.server.rpc.first-election.timeout.max = 5200ms (fallback to raft.server.rpc.timeout.max)
2023-06-01 19:11:10,462 [PipelineCommandHandlerThread-0] INFO  ratis.XceiverServerRatis (XceiverServerRatis.java:addGroup(804)) - Created group PipelineID=8042b191-6abf-42e2-9e00-01a26a1161cc
2023-06-01 19:11:10,462 [PipelineCommandHandlerThread-0] INFO  commandhandler.CreatePipelineCommandHandler (CreatePipelineCommandHandler.java:lambda$handle$2(124)) - Created Pipeline RATIS ONE PipelineID=8042b191-6abf-42e2-9e00-01a26a1161cc.
2023-06-01 19:11:10,463 [PipelineCommandHandlerThread-0] INFO  server.RaftServer (RaftServerProxy.java:addNew(98)) - 36cbda38-693f-49bb-be1a-3256c6faae50: addNew group-54B8E535DF2F:[b39db728-622c-42ae-954c-bd0dbc524ba7|rpc:10.1.0.196:15086|admin:10.1.0.196:15085|client:10.1.0.196:15084|dataStream:10.1.0.196:15087|priority:0|startupRole:FOLLOWER, 9125f905-aa43-4d0f-845d-e6cfd4dab0cd|rpc:10.1.0.196:15077|admin:10.1.0.196:15076|client:10.1.0.196:15075|dataStream:10.1.0.196:15078|priority:0|startupRole:FOLLOWER, 36cbda38-693f-49bb-be1a-3256c6faae50|rpc:10.1.0.196:15068|admin:10.1.0.196:15067|client:10.1.0.196:15066|dataStream:10.1.0.196:15069|priority:1|startupRole:FOLLOWER] returns group-54B8E535DF2F:java.util.concurrent.CompletableFuture@5db068ed[Not completed]
2023-06-01 19:11:10,463 [36cbda38-693f-49bb-be1a-3256c6faae50-groupManagement] INFO  server.RaftServer$Division (RaftServerImpl.java:<init>(198)) - 36cbda38-693f-49bb-be1a-3256c6faae50: new RaftServerImpl for group-54B8E535DF2F:[b39db728-622c-42ae-954c-bd0dbc524ba7|rpc:10.1.0.196:15086|admin:10.1.0.196:15085|client:10.1.0.196:15084|dataStream:10.1.0.196:15087|priority:0|startupRole:FOLLOWER, 9125f905-aa43-4d0f-845d-e6cfd4dab0cd|rpc:10.1.0.196:15077|admin:10.1.0.196:15076|client:10.1.0.196:15075|dataStream:10.1.0.196:15078|priority:0|startupRole:FOLLOWER, 36cbda38-693f-49bb-be1a-3256c6faae50|rpc:10.1.0.196:15068|admin:10.1.0.196:15067|client:10.1.0.196:15066|dataStream:10.1.0.196:15069|priority:1|startupRole:FOLLOWER] with ContainerStateMachine:uninitialized
2023-06-01 19:11:10,464 [36cbda38-693f-49bb-be1a-3256c6faae50-groupManagement] INFO  server.RaftServerConfigKeys (ConfUtils.java:logGet(46)) - raft.server.rpc.timeout.min = 5s (custom)
2023-06-01 19:11:10,464 [36cbda38-693f-49bb-be1a-3256c6faae50-groupManagement] INFO  server.RaftServerConfigKeys (ConfUtils.java:logGet(46)) - raft.server.rpc.timeout.max = 5200ms (custom)
2023-06-01 19:11:10,464 [36cbda38-693f-49bb-be1a-3256c6faae50-groupManagement] INFO  server.RaftServerConfigKeys (ConfUtils.java:logGet(46)) - raft.server.rpc.sleep.time = 25ms (default)
2023-06-01 19:11:10,464 [36cbda38-693f-49bb-be1a-3256c6faae50-groupManagement] INFO  server.RaftServerConfigKeys (ConfUtils.java:logGet(46)) - raft.server.rpc.slowness.timeout = 300s (custom)
2023-06-01 19:11:10,464 [36cbda38-693f-49bb-be1a-3256c6faae50-groupManagement] INFO  server.RaftServerConfigKeys (ConfUtils.java:logGet(46)) - raft.server.leaderelection.leader.step-down.wait-time = 10s (default)
2023-06-01 19:11:10,464 [36cbda38-693f-49bb-be1a-3256c6faae50-groupManagement] INFO  server.RaftServerConfigKeys (ConfUtils.java:logGet(46)) - raft.server.sleep.deviation.threshold = 300ms (default)
2023-06-01 19:11:10,464 [36cbda38-693f-49bb-be1a-3256c6faae50-groupManagement] INFO  server.RaftServer$Division (ServerState.java:<init>(120)) - 36cbda38-693f-49bb-be1a-3256c6faae50@group-54B8E535DF2F: ConfigurationManager, init=-1: peers:[b39db728-622c-42ae-954c-bd0dbc524ba7|rpc:10.1.0.196:15086|admin:10.1.0.196:15085|client:10.1.0.196:15084|dataStream:10.1.0.196:15087|priority:0|startupRole:FOLLOWER, 9125f905-aa43-4d0f-845d-e6cfd4dab0cd|rpc:10.1.0.196:15077|admin:10.1.0.196:15076|client:10.1.0.196:15075|dataStream:10.1.0.196:15078|priority:0|startupRole:FOLLOWER, 36cbda38-693f-49bb-be1a-3256c6faae50|rpc:10.1.0.196:15068|admin:10.1.0.196:15067|client:10.1.0.196:15066|dataStream:10.1.0.196:15069|priority:1|startupRole:FOLLOWER]|listeners:[], old=null, confs=<EMPTY_MAP>
2023-06-01 19:11:10,464 [36cbda38-693f-49bb-be1a-3256c6faae50-groupManagement] INFO  server.RaftServerConfigKeys (ConfUtils.java:logGet(46)) - raft.server.storage.dir = [/home/runner/work/ozone/ozone/hadoop-ozone/integration-test/target/test-dir/MiniOzoneClusterImpl-59aba430-7466-43cf-ac60-ffcd1bd17169/datanode-6/data/ratis] (custom)
2023-06-01 19:11:10,464 [36cbda38-693f-49bb-be1a-3256c6faae50-groupManagement] INFO  server.RaftServerConfigKeys (ConfUtils.java:logGet(46)) - raft.server.log.corruption.policy = EXCEPTION (default)
2023-06-01 19:11:10,464 [36cbda38-693f-49bb-be1a-3256c6faae50-groupManagement] INFO  server.RaftServerConfigKeys (ConfUtils.java:logGet(46)) - raft.server.storage.free-space.min = 0MB (=0) (default)
2023-06-01 19:11:10,464 [36cbda38-693f-49bb-be1a-3256c6faae50-groupManagement] INFO  server.RaftServerConfigKeys (ConfUtils.java:logGet(46)) - raft.server.notification.no-leader.timeout = 300s (custom)
2023-06-01 19:11:10,464 [36cbda38-693f-49bb-be1a-3256c6faae50-groupManagement] INFO  server.RaftServerConfigKeys (ConfUtils.java:logGet(46)) - raft.server.read.timeout = 10s (default)
2023-06-01 19:11:10,464 [36cbda38-693f-49bb-be1a-3256c6faae50-groupManagement] INFO  server.RaftServerConfigKeys (ConfUtils.java:logGet(46)) - raft.server.retrycache.expirytime = 600000ms (custom)
2023-06-01 19:11:10,464 [36cbda38-693f-49bb-be1a-3256c6faae50-groupManagement] INFO  server.RaftServerConfigKeys (ConfUtils.java:logGet(46)) - raft.server.retrycache.statistics.expirytime = 100μs (default)
2023-06-01 19:11:10,465 [36cbda38-693f-49bb-be1a-3256c6faae50-groupManagement] INFO  server.RaftServerConfigKeys (ConfUtils.java:logGet(46)) - raft.server.read.option = DEFAULT (default)
2023-06-01 19:11:10,468 [36cbda38-693f-49bb-be1a-3256c6faae50-groupManagement] INFO  server.RaftServerConfigKeys (ConfUtils.java:logGet(46)) - raft.server.rpc.request.timeout = 60s (custom)
2023-06-01 19:11:10,468 [36cbda38-693f-49bb-be1a-3256c6faae50-groupManagement] INFO  server.RaftServerConfigKeys (ConfUtils.java:logGet(46)) - raft.server.log.appender.install.snapshot.enabled = false (custom)
2023-06-01 19:11:10,468 [36cbda38-693f-49bb-be1a-3256c6faae50-groupManagement] INFO  server.RaftServerConfigKeys (ConfUtils.java:logGet(46)) - raft.server.threadpool.server.cached = true (default)
2023-06-01 19:11:10,468 [36cbda38-693f-49bb-be1a-3256c6faae50-groupManagement] INFO  server.RaftServerConfigKeys (ConfUtils.java:logGet(46)) - raft.server.threadpool.server.size = 0 (default)
2023-06-01 19:11:10,468 [36cbda38-693f-49bb-be1a-3256c6faae50-groupManagement] INFO  server.RaftServerConfigKeys (ConfUtils.java:logGet(46)) - raft.server.threadpool.client.cached = true (default)
2023-06-01 19:11:10,468 [36cbda38-693f-49bb-be1a-3256c6faae50-groupManagement] INFO  server.RaftServerConfigKeys (ConfUtils.java:logGet(46)) - raft.server.threadpool.client.size = 0 (default)
2023-06-01 19:11:10,468 [36cbda38-693f-49bb-be1a-3256c6faae50-groupManagement] INFO  storage.RaftStorageDirectory (RaftStorageDirectoryImpl.java:analyzeStorage(137)) - The storage directory /home/runner/work/ozone/ozone/hadoop-ozone/integration-test/target/test-dir/MiniOzoneClusterImpl-59aba430-7466-43cf-ac60-ffcd1bd17169/datanode-6/data/ratis/51726eaa-9882-4518-94a4-54b8e535df2f does not exist. Creating ...
2023-06-01 19:11:10,470 [36cbda38-693f-49bb-be1a-3256c6faae50-groupManagement] INFO  storage.RaftStorageDirectory (RaftStorageDirectoryImpl.java:tryLock(231)) - Lock on /home/runner/work/ozone/ozone/hadoop-ozone/integration-test/target/test-dir/MiniOzoneClusterImpl-59aba430-7466-43cf-ac60-ffcd1bd17169/datanode-6/data/ratis/51726eaa-9882-4518-94a4-54b8e535df2f/in_use.lock acquired by nodename 16224@fv-az163-187
2023-06-01 19:11:10,470 [36cbda38-693f-49bb-be1a-3256c6faae50-groupManagement] INFO  storage.RaftStorage (RaftStorageImpl.java:format(96)) - Storage directory /home/runner/work/ozone/ozone/hadoop-ozone/integration-test/target/test-dir/MiniOzoneClusterImpl-59aba430-7466-43cf-ac60-ffcd1bd17169/datanode-6/data/ratis/51726eaa-9882-4518-94a4-54b8e535df2f has been successfully formatted.
2023-06-01 19:11:10,471 [36cbda38-693f-49bb-be1a-3256c6faae50-groupManagement] INFO  ratis.ContainerStateMachine (ContainerStateMachine.java:loadSnapshot(262)) - group-54B8E535DF2F: The snapshot info is null. Setting the last applied indexto:(t:0, i:~)
2023-06-01 19:11:10,471 [36cbda38-693f-49bb-be1a-3256c6faae50-groupManagement] INFO  server.RaftServerConfigKeys (ConfUtils.java:logGet(46)) - raft.server.log.use.memory = false (default)
2023-06-01 19:11:10,471 [36cbda38-693f-49bb-be1a-3256c6faae50-groupManagement] INFO  server.RaftServerConfigKeys (ConfUtils.java:logGet(46)) - raft.server.log.purge.gap = 1000000 (custom)
2023-06-01 19:11:10,471 [36cbda38-693f-49bb-be1a-3256c6faae50-groupManagement] INFO  server.RaftServerConfigKeys (ConfUtils.java:logGet(46)) - raft.server.log.appender.buffer.byte-limit = 33554432 (custom)
2023-06-01 19:11:10,471 [36cbda38-693f-49bb-be1a-3256c6faae50-groupManagement] INFO  server.RaftServerConfigKeys (ConfUtils.java:logGet(46)) - raft.server.log.statemachine.data.read.timeout = 1000ms (default)
2023-06-01 19:11:10,471 [36cbda38-693f-49bb-be1a-3256c6faae50-groupManagement] INFO  server.RaftServerConfigKeys (ConfUtils.java:logGet(46)) - raft.server.log.purge.preservation.log.num = 0 (default)
2023-06-01 19:11:10,471 [36cbda38-693f-49bb-be1a-3256c6faae50-groupManagement] INFO  server.RaftServerConfigKeys (ConfUtils.java:logGet(46)) - raft.server.log.segment.size.max = 1048576 (custom)
2023-06-01 19:11:10,472 [EventQueue-OpenPipelineForHealthyPipelineSafeModeRule] INFO  safemode.SCMSafeModeManager (HealthyPipelineSafeModeRule.java:process(137)) - SCM in safe mode. Healthy pipelines reported count is 0, required healthy pipeline reported count is 1
2023-06-01 19:11:10,472 [36cbda38-693f-49bb-be1a-3256c6faae50-groupManagement] INFO  server.RaftServerConfigKeys (ConfUtils.java:logGet(46)) - raft.server.log.segment.cache.num.max = 2 (custom)
2023-06-01 19:11:10,473 [36cbda38-693f-49bb-be1a-3256c6faae50-groupManagement] INFO  server.RaftServerConfigKeys (ConfUtils.java:logGet(46)) - raft.server.log.segment.cache.size.max = 200MB (=209715200) (default)
2023-06-01 19:11:10,473 [36cbda38-693f-49bb-be1a-3256c6faae50-groupManagement] INFO  server.RaftServerConfigKeys (ConfUtils.java:logGet(46)) - raft.server.log.appender.buffer.byte-limit = 33554432 (custom)
2023-06-01 19:11:10,473 [36cbda38-693f-49bb-be1a-3256c6faae50-groupManagement] INFO  segmented.SegmentedRaftLogWorker (SegmentedRaftLogWorker.java:<init>(188)) - new 36cbda38-693f-49bb-be1a-3256c6faae50@group-54B8E535DF2F-SegmentedRaftLogWorker for RaftStorageImpl:Storage Directory /home/runner/work/ozone/ozone/hadoop-ozone/integration-test/target/test-dir/MiniOzoneClusterImpl-59aba430-7466-43cf-ac60-ffcd1bd17169/datanode-6/data/ratis/51726eaa-9882-4518-94a4-54b8e535df2f
2023-06-01 19:11:10,473 [36cbda38-693f-49bb-be1a-3256c6faae50-groupManagement] INFO  server.RaftServerConfigKeys (ConfUtils.java:logGet(46)) - raft.server.log.queue.byte-limit = 4294967296 (custom)
2023-06-01 19:11:10,473 [36cbda38-693f-49bb-be1a-3256c6faae50-groupManagement] INFO  server.RaftServerConfigKeys (ConfUtils.java:logGet(46)) - raft.server.log.queue.element-limit = 1024 (custom)
2023-06-01 19:11:10,473 [36cbda38-693f-49bb-be1a-3256c6faae50-groupManagement] INFO  server.RaftServerConfigKeys (ConfUtils.java:logGet(46)) - raft.server.log.segment.size.max = 1048576 (custom)
2023-06-01 19:11:10,473 [36cbda38-693f-49bb-be1a-3256c6faae50-groupManagement] INFO  server.RaftServerConfigKeys (ConfUtils.java:logGet(46)) - raft.server.log.preallocated.size = 16384 (custom)
2023-06-01 19:11:10,473 [36cbda38-693f-49bb-be1a-3256c6faae50-groupManagement] INFO  server.RaftServerConfigKeys (ConfUtils.java:logGet(46)) - raft.server.log.force.sync.num = 128 (default)
2023-06-01 19:11:10,473 [36cbda38-693f-49bb-be1a-3256c6faae50-groupManagement] INFO  server.RaftServerConfigKeys (ConfUtils.java:logGet(46)) - raft.server.log.statemachine.data.sync = true (default)
2023-06-01 19:11:10,473 [36cbda38-693f-49bb-be1a-3256c6faae50-groupManagement] INFO  server.RaftServerConfigKeys (ConfUtils.java:logGet(46)) - raft.server.log.statemachine.data.sync.timeout = 10s (default)
2023-06-01 19:11:10,473 [36cbda38-693f-49bb-be1a-3256c6faae50-groupManagement] INFO  server.RaftServerConfigKeys (ConfUtils.java:logGet(46)) - raft.server.log.statemachine.data.sync.timeout.retry = -1 (default)
2023-06-01 19:11:10,474 [36cbda38-693f-49bb-be1a-3256c6faae50-groupManagement] INFO  server.RaftServerConfigKeys (ConfUtils.java:logGet(46)) - raft.server.log.write.buffer.size = 1048576 (custom)
2023-06-01 19:11:10,474 [36cbda38-693f-49bb-be1a-3256c6faae50-groupManagement] INFO  server.RaftServerConfigKeys (ConfUtils.java:logGet(46)) - raft.server.log.appender.buffer.byte-limit = 33554432 (custom)
2023-06-01 19:11:10,477 [36cbda38-693f-49bb-be1a-3256c6faae50-groupManagement] INFO  server.RaftServerConfigKeys (ConfUtils.java:logGet(46)) - raft.server.log.unsafe-flush.enabled = false (default)
2023-06-01 19:11:10,477 [36cbda38-693f-49bb-be1a-3256c6faae50-groupManagement] INFO  server.RaftServerConfigKeys (ConfUtils.java:logGet(46)) - raft.server.log.async-flush.enabled = false (default)
2023-06-01 19:11:10,477 [36cbda38-693f-49bb-be1a-3256c6faae50-groupManagement] INFO  server.RaftServerConfigKeys (ConfUtils.java:logGet(46)) - raft.server.log.statemachine.data.caching.enabled = true (custom)
2023-06-01 19:11:10,477 [36cbda38-693f-49bb-be1a-3256c6faae50-groupManagement] INFO  segmented.SegmentedRaftLogWorker (SegmentedRaftLogWorker.java:lambda$new$0(135)) - 36cbda38-693f-49bb-be1a-3256c6faae50@group-54B8E535DF2F-SegmentedRaftLogWorker: flushIndex: setUnconditionally 0 -> -1
2023-06-01 19:11:10,477 [36cbda38-693f-49bb-be1a-3256c6faae50-groupManagement] INFO  segmented.SegmentedRaftLogWorker (SegmentedRaftLogWorker.java:lambda$new$0(135)) - 36cbda38-693f-49bb-be1a-3256c6faae50@group-54B8E535DF2F-SegmentedRaftLogWorker: safeCacheEvictIndex: setUnconditionally 0 -> -1
2023-06-01 19:11:10,478 [36cbda38-693f-49bb-be1a-3256c6faae50-groupManagement] INFO  server.RaftServer$Division (RaftServerImpl.java:start(342)) - 36cbda38-693f-49bb-be1a-3256c6faae50@group-54B8E535DF2F: start as a follower, conf=-1: peers:[b39db728-622c-42ae-954c-bd0dbc524ba7|rpc:10.1.0.196:15086|admin:10.1.0.196:15085|client:10.1.0.196:15084|dataStream:10.1.0.196:15087|priority:0|startupRole:FOLLOWER, 9125f905-aa43-4d0f-845d-e6cfd4dab0cd|rpc:10.1.0.196:15077|admin:10.1.0.196:15076|client:10.1.0.196:15075|dataStream:10.1.0.196:15078|priority:0|startupRole:FOLLOWER, 36cbda38-693f-49bb-be1a-3256c6faae50|rpc:10.1.0.196:15068|admin:10.1.0.196:15067|client:10.1.0.196:15066|dataStream:10.1.0.196:15069|priority:1|startupRole:FOLLOWER]|listeners:[], old=null
2023-06-01 19:11:10,479 [36cbda38-693f-49bb-be1a-3256c6faae50-groupManagement] INFO  server.RaftServer$Division (RaftServerImpl.java:setRole(329)) - 36cbda38-693f-49bb-be1a-3256c6faae50@group-54B8E535DF2F: changes role from      null to FOLLOWER at term 0 for startAsFollower
2023-06-01 19:11:10,479 [36cbda38-693f-49bb-be1a-3256c6faae50-groupManagement] INFO  impl.RoleInfo (RoleInfo.java:updateAndGet(139)) - 36cbda38-693f-49bb-be1a-3256c6faae50: start 36cbda38-693f-49bb-be1a-3256c6faae50@group-54B8E535DF2F-FollowerState
2023-06-01 19:11:10,482 [36cbda38-693f-49bb-be1a-3256c6faae50-groupManagement] INFO  util.JmxRegister (JmxRegister.java:tryRegister(44)) - Successfully registered JMX Bean with object name Ratis:service=RaftServer,group=group-54B8E535DF2F,id=36cbda38-693f-49bb-be1a-3256c6faae50
2023-06-01 19:11:10,483 [36cbda38-693f-49bb-be1a-3256c6faae50-groupManagement] INFO  server.RaftServerConfigKeys (ConfUtils.java:logGet(46)) - raft.server.snapshot.auto.trigger.enabled = true (custom)
2023-06-01 19:11:10,483 [36cbda38-693f-49bb-be1a-3256c6faae50-groupManagement] INFO  server.RaftServerConfigKeys (ConfUtils.java:logGet(46)) - raft.server.snapshot.auto.trigger.threshold = 10000 (custom)
2023-06-01 19:11:10,483 [36cbda38-693f-49bb-be1a-3256c6faae50-groupManagement] INFO  server.RaftServerConfigKeys (ConfUtils.java:logGet(46)) - raft.server.snapshot.retention.file.num = 5 (custom)
2023-06-01 19:11:10,483 [36cbda38-693f-49bb-be1a-3256c6faae50-groupManagement] INFO  server.RaftServerConfigKeys (ConfUtils.java:logGet(46)) - raft.server.log.purge.upto.snapshot.index = false (default)
2023-06-01 19:11:10,483 [36cbda38-693f-49bb-be1a-3256c6faae50@group-54B8E535DF2F-FollowerState] INFO  server.RaftServerConfigKeys (ConfUtils.java:logFallback(53)) - raft.server.rpc.first-election.timeout.min = 5s (fallback to raft.server.rpc.timeout.min)
2023-06-01 19:11:10,483 [36cbda38-693f-49bb-be1a-3256c6faae50@group-54B8E535DF2F-FollowerState] INFO  server.RaftServerConfigKeys (ConfUtils.java:logFallback(53)) - raft.server.rpc.first-election.timeout.max = 5200ms (fallback to raft.server.rpc.timeout.max)
2023-06-01 19:11:10,485 [PipelineCommandHandlerThread-0] INFO  ratis.XceiverServerRatis (XceiverServerRatis.java:addGroup(804)) - Created group PipelineID=51726eaa-9882-4518-94a4-54b8e535df2f
2023-06-01 19:11:10,504 [grpc-default-executor-0] INFO  server.RaftServer (RaftServerProxy.java:addNew(98)) - 9125f905-aa43-4d0f-845d-e6cfd4dab0cd: addNew group-54B8E535DF2F:[b39db728-622c-42ae-954c-bd0dbc524ba7|rpc:10.1.0.196:15086|admin:10.1.0.196:15085|client:10.1.0.196:15084|dataStream:10.1.0.196:15087|priority:0|startupRole:FOLLOWER, 9125f905-aa43-4d0f-845d-e6cfd4dab0cd|rpc:10.1.0.196:15077|admin:10.1.0.196:15076|client:10.1.0.196:15075|dataStream:10.1.0.196:15078|priority:0|startupRole:FOLLOWER, 36cbda38-693f-49bb-be1a-3256c6faae50|rpc:10.1.0.196:15068|admin:10.1.0.196:15067|client:10.1.0.196:15066|dataStream:10.1.0.196:15069|priority:1|startupRole:FOLLOWER] returns group-54B8E535DF2F:java.util.concurrent.CompletableFuture@60d9380e[Not completed]
2023-06-01 19:11:10,505 [9125f905-aa43-4d0f-845d-e6cfd4dab0cd-groupManagement] INFO  server.RaftServer$Division (RaftServerImpl.java:<init>(198)) - 9125f905-aa43-4d0f-845d-e6cfd4dab0cd: new RaftServerImpl for group-54B8E535DF2F:[b39db728-622c-42ae-954c-bd0dbc524ba7|rpc:10.1.0.196:15086|admin:10.1.0.196:15085|client:10.1.0.196:15084|dataStream:10.1.0.196:15087|priority:0|startupRole:FOLLOWER, 9125f905-aa43-4d0f-845d-e6cfd4dab0cd|rpc:10.1.0.196:15077|admin:10.1.0.196:15076|client:10.1.0.196:15075|dataStream:10.1.0.196:15078|priority:0|startupRole:FOLLOWER, 36cbda38-693f-49bb-be1a-3256c6faae50|rpc:10.1.0.196:15068|admin:10.1.0.196:15067|client:10.1.0.196:15066|dataStream:10.1.0.196:15069|priority:1|startupRole:FOLLOWER] with ContainerStateMachine:uninitialized
2023-06-01 19:11:10,505 [9125f905-aa43-4d0f-845d-e6cfd4dab0cd-groupManagement] INFO  server.RaftServerConfigKeys (ConfUtils.java:logGet(46)) - raft.server.rpc.timeout.min = 5s (custom)
2023-06-01 19:11:10,505 [9125f905-aa43-4d0f-845d-e6cfd4dab0cd-groupManagement] INFO  server.RaftServerConfigKeys (ConfUtils.java:logGet(46)) - raft.server.rpc.timeout.max = 5200ms (custom)
2023-06-01 19:11:10,505 [9125f905-aa43-4d0f-845d-e6cfd4dab0cd-groupManagement] INFO  server.RaftServerConfigKeys (ConfUtils.java:logGet(46)) - raft.server.rpc.sleep.time = 25ms (default)
2023-06-01 19:11:10,505 [9125f905-aa43-4d0f-845d-e6cfd4dab0cd-groupManagement] INFO  server.RaftServerConfigKeys (ConfUtils.java:logGet(46)) - raft.server.rpc.slowness.timeout = 300s (custom)
2023-06-01 19:11:10,505 [9125f905-aa43-4d0f-845d-e6cfd4dab0cd-groupManagement] INFO  server.RaftServerConfigKeys (ConfUtils.java:logGet(46)) - raft.server.leaderelection.leader.step-down.wait-time = 10s (default)
2023-06-01 19:11:10,505 [9125f905-aa43-4d0f-845d-e6cfd4dab0cd-groupManagement] INFO  server.RaftServerConfigKeys (ConfUtils.java:logGet(46)) - raft.server.sleep.deviation.threshold = 300ms (default)
2023-06-01 19:11:10,505 [9125f905-aa43-4d0f-845d-e6cfd4dab0cd-groupManagement] INFO  server.RaftServer$Division (ServerState.java:<init>(120)) - 9125f905-aa43-4d0f-845d-e6cfd4dab0cd@group-54B8E535DF2F: ConfigurationManager, init=-1: peers:[b39db728-622c-42ae-954c-bd0dbc524ba7|rpc:10.1.0.196:15086|admin:10.1.0.196:15085|client:10.1.0.196:15084|dataStream:10.1.0.196:15087|priority:0|startupRole:FOLLOWER, 9125f905-aa43-4d0f-845d-e6cfd4dab0cd|rpc:10.1.0.196:15077|admin:10.1.0.196:15076|client:10.1.0.196:15075|dataStream:10.1.0.196:15078|priority:0|startupRole:FOLLOWER, 36cbda38-693f-49bb-be1a-3256c6faae50|rpc:10.1.0.196:15068|admin:10.1.0.196:15067|client:10.1.0.196:15066|dataStream:10.1.0.196:15069|priority:1|startupRole:FOLLOWER]|listeners:[], old=null, confs=<EMPTY_MAP>
2023-06-01 19:11:10,505 [9125f905-aa43-4d0f-845d-e6cfd4dab0cd-groupManagement] INFO  server.RaftServerConfigKeys (ConfUtils.java:logGet(46)) - raft.server.storage.dir = [/home/runner/work/ozone/ozone/hadoop-ozone/integration-test/target/test-dir/MiniOzoneClusterImpl-59aba430-7466-43cf-ac60-ffcd1bd17169/datanode-7/data/ratis] (custom)
2023-06-01 19:11:10,505 [9125f905-aa43-4d0f-845d-e6cfd4dab0cd-groupManagement] INFO  server.RaftServerConfigKeys (ConfUtils.java:logGet(46)) - raft.server.log.corruption.policy = EXCEPTION (default)
2023-06-01 19:11:10,506 [9125f905-aa43-4d0f-845d-e6cfd4dab0cd-groupManagement] INFO  server.RaftServerConfigKeys (ConfUtils.java:logGet(46)) - raft.server.storage.free-space.min = 0MB (=0) (default)
2023-06-01 19:11:10,506 [9125f905-aa43-4d0f-845d-e6cfd4dab0cd-groupManagement] INFO  server.RaftServerConfigKeys (ConfUtils.java:logGet(46)) - raft.server.notification.no-leader.timeout = 300s (custom)
2023-06-01 19:11:10,506 [9125f905-aa43-4d0f-845d-e6cfd4dab0cd-groupManagement] INFO  server.RaftServerConfigKeys (ConfUtils.java:logGet(46)) - raft.server.read.timeout = 10s (default)
2023-06-01 19:11:10,506 [9125f905-aa43-4d0f-845d-e6cfd4dab0cd-groupManagement] INFO  server.RaftServerConfigKeys (ConfUtils.java:logGet(46)) - raft.server.retrycache.expirytime = 600000ms (custom)
2023-06-01 19:11:10,506 [9125f905-aa43-4d0f-845d-e6cfd4dab0cd-groupManagement] INFO  server.RaftServerConfigKeys (ConfUtils.java:logGet(46)) - raft.server.retrycache.statistics.expirytime = 100μs (default)
2023-06-01 19:11:10,506 [9125f905-aa43-4d0f-845d-e6cfd4dab0cd-groupManagement] INFO  server.RaftServerConfigKeys (ConfUtils.java:logGet(46)) - raft.server.read.option = DEFAULT (default)
2023-06-01 19:11:10,507 [9125f905-aa43-4d0f-845d-e6cfd4dab0cd-groupManagement] INFO  server.RaftServerConfigKeys (ConfUtils.java:logGet(46)) - raft.server.rpc.request.timeout = 60s (custom)
2023-06-01 19:11:10,508 [9125f905-aa43-4d0f-845d-e6cfd4dab0cd-groupManagement] INFO  server.RaftServerConfigKeys (ConfUtils.java:logGet(46)) - raft.server.log.appender.install.snapshot.enabled = false (custom)
2023-06-01 19:11:10,508 [9125f905-aa43-4d0f-845d-e6cfd4dab0cd-groupManagement] INFO  server.RaftServerConfigKeys (ConfUtils.java:logGet(46)) - raft.server.threadpool.server.cached = true (default)
2023-06-01 19:11:10,508 [9125f905-aa43-4d0f-845d-e6cfd4dab0cd-groupManagement] INFO  server.RaftServerConfigKeys (ConfUtils.java:logGet(46)) - raft.server.threadpool.server.size = 0 (default)
2023-06-01 19:11:10,508 [9125f905-aa43-4d0f-845d-e6cfd4dab0cd-groupManagement] INFO  server.RaftServerConfigKeys (ConfUtils.java:logGet(46)) - raft.server.threadpool.client.cached = true (default)
2023-06-01 19:11:10,508 [9125f905-aa43-4d0f-845d-e6cfd4dab0cd-groupManagement] INFO  server.RaftServerConfigKeys (ConfUtils.java:logGet(46)) - raft.server.threadpool.client.size = 0 (default)
2023-06-01 19:11:10,508 [9125f905-aa43-4d0f-845d-e6cfd4dab0cd-groupManagement] INFO  storage.RaftStorageDirectory (RaftStorageDirectoryImpl.java:analyzeStorage(137)) - The storage directory /home/runner/work/ozone/ozone/hadoop-ozone/integration-test/target/test-dir/MiniOzoneClusterImpl-59aba430-7466-43cf-ac60-ffcd1bd17169/datanode-7/data/ratis/51726eaa-9882-4518-94a4-54b8e535df2f does not exist. Creating ...
2023-06-01 19:11:10,509 [9125f905-aa43-4d0f-845d-e6cfd4dab0cd-groupManagement] INFO  storage.RaftStorageDirectory (RaftStorageDirectoryImpl.java:tryLock(231)) - Lock on /home/runner/work/ozone/ozone/hadoop-ozone/integration-test/target/test-dir/MiniOzoneClusterImpl-59aba430-7466-43cf-ac60-ffcd1bd17169/datanode-7/data/ratis/51726eaa-9882-4518-94a4-54b8e535df2f/in_use.lock acquired by nodename 16224@fv-az163-187
2023-06-01 19:11:10,510 [9125f905-aa43-4d0f-845d-e6cfd4dab0cd-groupManagement] INFO  storage.RaftStorage (RaftStorageImpl.java:format(96)) - Storage directory /home/runner/work/ozone/ozone/hadoop-ozone/integration-test/target/test-dir/MiniOzoneClusterImpl-59aba430-7466-43cf-ac60-ffcd1bd17169/datanode-7/data/ratis/51726eaa-9882-4518-94a4-54b8e535df2f has been successfully formatted.
2023-06-01 19:11:10,510 [9125f905-aa43-4d0f-845d-e6cfd4dab0cd-groupManagement] INFO  ratis.ContainerStateMachine (ContainerStateMachine.java:loadSnapshot(262)) - group-54B8E535DF2F: The snapshot info is null. Setting the last applied indexto:(t:0, i:~)
2023-06-01 19:11:10,511 [9125f905-aa43-4d0f-845d-e6cfd4dab0cd-groupManagement] INFO  server.RaftServerConfigKeys (ConfUtils.java:logGet(46)) - raft.server.log.use.memory = false (default)
2023-06-01 19:11:10,511 [9125f905-aa43-4d0f-845d-e6cfd4dab0cd-groupManagement] INFO  server.RaftServerConfigKeys (ConfUtils.java:logGet(46)) - raft.server.log.purge.gap = 1000000 (custom)
2023-06-01 19:11:10,511 [9125f905-aa43-4d0f-845d-e6cfd4dab0cd-groupManagement] INFO  server.RaftServerConfigKeys (ConfUtils.java:logGet(46)) - raft.server.log.appender.buffer.byte-limit = 33554432 (custom)
2023-06-01 19:11:10,511 [9125f905-aa43-4d0f-845d-e6cfd4dab0cd-groupManagement] INFO  server.RaftServerConfigKeys (ConfUtils.java:logGet(46)) - raft.server.log.statemachine.data.read.timeout = 1000ms (default)
2023-06-01 19:11:10,511 [9125f905-aa43-4d0f-845d-e6cfd4dab0cd-groupManagement] INFO  server.RaftServerConfigKeys (ConfUtils.java:logGet(46)) - raft.server.log.purge.preservation.log.num = 0 (default)
2023-06-01 19:11:10,511 [9125f905-aa43-4d0f-845d-e6cfd4dab0cd-groupManagement] INFO  server.RaftServerConfigKeys (ConfUtils.java:logGet(46)) - raft.server.log.segment.size.max = 1048576 (custom)
2023-06-01 19:11:10,511 [9125f905-aa43-4d0f-845d-e6cfd4dab0cd-groupManagement] INFO  server.RaftServerConfigKeys (ConfUtils.java:logGet(46)) - raft.server.log.segment.cache.num.max = 2 (custom)
2023-06-01 19:11:10,511 [9125f905-aa43-4d0f-845d-e6cfd4dab0cd-groupManagement] INFO  server.RaftServerConfigKeys (ConfUtils.java:logGet(46)) - raft.server.log.segment.cache.size.max = 200MB (=209715200) (default)
2023-06-01 19:11:10,511 [9125f905-aa43-4d0f-845d-e6cfd4dab0cd-groupManagement] INFO  server.RaftServerConfigKeys (ConfUtils.java:logGet(46)) - raft.server.log.appender.buffer.byte-limit = 33554432 (custom)
2023-06-01 19:11:10,511 [9125f905-aa43-4d0f-845d-e6cfd4dab0cd-groupManagement] INFO  segmented.SegmentedRaftLogWorker (SegmentedRaftLogWorker.java:<init>(188)) - new 9125f905-aa43-4d0f-845d-e6cfd4dab0cd@group-54B8E535DF2F-SegmentedRaftLogWorker for RaftStorageImpl:Storage Directory /home/runner/work/ozone/ozone/hadoop-ozone/integration-test/target/test-dir/MiniOzoneClusterImpl-59aba430-7466-43cf-ac60-ffcd1bd17169/datanode-7/data/ratis/51726eaa-9882-4518-94a4-54b8e535df2f
2023-06-01 19:11:10,511 [9125f905-aa43-4d0f-845d-e6cfd4dab0cd-groupManagement] INFO  server.RaftServerConfigKeys (ConfUtils.java:logGet(46)) - raft.server.log.queue.byte-limit = 4294967296 (custom)
2023-06-01 19:11:10,512 [9125f905-aa43-4d0f-845d-e6cfd4dab0cd-groupManagement] INFO  server.RaftServerConfigKeys (ConfUtils.java:logGet(46)) - raft.server.log.queue.element-limit = 1024 (custom)
2023-06-01 19:11:10,512 [9125f905-aa43-4d0f-845d-e6cfd4dab0cd-groupManagement] INFO  server.RaftServerConfigKeys (ConfUtils.java:logGet(46)) - raft.server.log.segment.size.max = 1048576 (custom)
2023-06-01 19:11:10,512 [9125f905-aa43-4d0f-845d-e6cfd4dab0cd-groupManagement] INFO  server.RaftServerConfigKeys (ConfUtils.java:logGet(46)) - raft.server.log.preallocated.size = 16384 (custom)
2023-06-01 19:11:10,512 [9125f905-aa43-4d0f-845d-e6cfd4dab0cd-groupManagement] INFO  server.RaftServerConfigKeys (ConfUtils.java:logGet(46)) - raft.server.log.force.sync.num = 128 (default)
2023-06-01 19:11:10,512 [9125f905-aa43-4d0f-845d-e6cfd4dab0cd-groupManagement] INFO  server.RaftServerConfigKeys (ConfUtils.java:logGet(46)) - raft.server.log.statemachine.data.sync = true (default)
2023-06-01 19:11:10,512 [9125f905-aa43-4d0f-845d-e6cfd4dab0cd-groupManagement] INFO  server.RaftServerConfigKeys (ConfUtils.java:logGet(46)) - raft.server.log.statemachine.data.sync.timeout = 10s (default)
2023-06-01 19:11:10,512 [9125f905-aa43-4d0f-845d-e6cfd4dab0cd-groupManagement] INFO  server.RaftServerConfigKeys (ConfUtils.java:logGet(46)) - raft.server.log.statemachine.data.sync.timeout.retry = -1 (default)
2023-06-01 19:11:10,513 [9125f905-aa43-4d0f-845d-e6cfd4dab0cd-groupManagement] INFO  server.RaftServerConfigKeys (ConfUtils.java:logGet(46)) - raft.server.log.write.buffer.size = 1048576 (custom)
2023-06-01 19:11:10,514 [9125f905-aa43-4d0f-845d-e6cfd4dab0cd-groupManagement] INFO  server.RaftServerConfigKeys (ConfUtils.java:logGet(46)) - raft.server.log.appender.buffer.byte-limit = 33554432 (custom)
2023-06-01 19:11:10,518 [9125f905-aa43-4d0f-845d-e6cfd4dab0cd-groupManagement] INFO  server.RaftServerConfigKeys (ConfUtils.java:logGet(46)) - raft.server.log.unsafe-flush.enabled = false (default)
2023-06-01 19:11:10,518 [9125f905-aa43-4d0f-845d-e6cfd4dab0cd-groupManagement] INFO  server.RaftServerConfigKeys (ConfUtils.java:logGet(46)) - raft.server.log.async-flush.enabled = false (default)
2023-06-01 19:11:10,518 [9125f905-aa43-4d0f-845d-e6cfd4dab0cd-groupManagement] INFO  server.RaftServerConfigKeys (ConfUtils.java:logGet(46)) - raft.server.log.statemachine.data.caching.enabled = true (custom)
2023-06-01 19:11:10,518 [9125f905-aa43-4d0f-845d-e6cfd4dab0cd-groupManagement] INFO  segmented.SegmentedRaftLogWorker (SegmentedRaftLogWorker.java:lambda$new$0(135)) - 9125f905-aa43-4d0f-845d-e6cfd4dab0cd@group-54B8E535DF2F-SegmentedRaftLogWorker: flushIndex: setUnconditionally 0 -> -1
2023-06-01 19:11:10,518 [9125f905-aa43-4d0f-845d-e6cfd4dab0cd-groupManagement] INFO  segmented.SegmentedRaftLogWorker (SegmentedRaftLogWorker.java:lambda$new$0(135)) - 9125f905-aa43-4d0f-845d-e6cfd4dab0cd@group-54B8E535DF2F-SegmentedRaftLogWorker: safeCacheEvictIndex: setUnconditionally 0 -> -1
2023-06-01 19:11:10,518 [9125f905-aa43-4d0f-845d-e6cfd4dab0cd-groupManagement] INFO  server.RaftServer$Division (RaftServerImpl.java:start(342)) - 9125f905-aa43-4d0f-845d-e6cfd4dab0cd@group-54B8E535DF2F: start as a follower, conf=-1: peers:[b39db728-622c-42ae-954c-bd0dbc524ba7|rpc:10.1.0.196:15086|admin:10.1.0.196:15085|client:10.1.0.196:15084|dataStream:10.1.0.196:15087|priority:0|startupRole:FOLLOWER, 9125f905-aa43-4d0f-845d-e6cfd4dab0cd|rpc:10.1.0.196:15077|admin:10.1.0.196:15076|client:10.1.0.196:15075|dataStream:10.1.0.196:15078|priority:0|startupRole:FOLLOWER, 36cbda38-693f-49bb-be1a-3256c6faae50|rpc:10.1.0.196:15068|admin:10.1.0.196:15067|client:10.1.0.196:15066|dataStream:10.1.0.196:15069|priority:1|startupRole:FOLLOWER]|listeners:[], old=null
2023-06-01 19:11:10,518 [9125f905-aa43-4d0f-845d-e6cfd4dab0cd-groupManagement] INFO  server.RaftServer$Division (RaftServerImpl.java:setRole(329)) - 9125f905-aa43-4d0f-845d-e6cfd4dab0cd@group-54B8E535DF2F: changes role from      null to FOLLOWER at term 0 for startAsFollower
2023-06-01 19:11:10,518 [9125f905-aa43-4d0f-845d-e6cfd4dab0cd-groupManagement] INFO  impl.RoleInfo (RoleInfo.java:updateAndGet(139)) - 9125f905-aa43-4d0f-845d-e6cfd4dab0cd: start 9125f905-aa43-4d0f-845d-e6cfd4dab0cd@group-54B8E535DF2F-FollowerState
2023-06-01 19:11:10,518 [9125f905-aa43-4d0f-845d-e6cfd4dab0cd-groupManagement] INFO  util.JmxRegister (JmxRegister.java:tryRegister(44)) - Successfully registered JMX Bean with object name Ratis:service=RaftServer,group=group-54B8E535DF2F,id=9125f905-aa43-4d0f-845d-e6cfd4dab0cd
2023-06-01 19:11:10,519 [9125f905-aa43-4d0f-845d-e6cfd4dab0cd-groupManagement] INFO  server.RaftServerConfigKeys (ConfUtils.java:logGet(46)) - raft.server.snapshot.auto.trigger.enabled = true (custom)
2023-06-01 19:11:10,519 [9125f905-aa43-4d0f-845d-e6cfd4dab0cd-groupManagement] INFO  server.RaftServerConfigKeys (ConfUtils.java:logGet(46)) - raft.server.snapshot.auto.trigger.threshold = 10000 (custom)
2023-06-01 19:11:10,519 [9125f905-aa43-4d0f-845d-e6cfd4dab0cd-groupManagement] INFO  server.RaftServerConfigKeys (ConfUtils.java:logGet(46)) - raft.server.snapshot.retention.file.num = 5 (custom)
2023-06-01 19:11:10,519 [9125f905-aa43-4d0f-845d-e6cfd4dab0cd-groupManagement] INFO  server.RaftServerConfigKeys (ConfUtils.java:logGet(46)) - raft.server.log.purge.upto.snapshot.index = false (default)
2023-06-01 19:11:10,519 [9125f905-aa43-4d0f-845d-e6cfd4dab0cd@group-54B8E535DF2F-FollowerState] INFO  server.RaftServerConfigKeys (ConfUtils.java:logFallback(53)) - raft.server.rpc.first-election.timeout.min = 5s (fallback to raft.server.rpc.timeout.min)
2023-06-01 19:11:10,519 [9125f905-aa43-4d0f-845d-e6cfd4dab0cd@group-54B8E535DF2F-FollowerState] INFO  server.RaftServerConfigKeys (ConfUtils.java:logFallback(53)) - raft.server.rpc.first-election.timeout.max = 5200ms (fallback to raft.server.rpc.timeout.max)
2023-06-01 19:11:10,550 [grpc-default-executor-0] INFO  server.RaftServer (RaftServerProxy.java:addNew(98)) - b39db728-622c-42ae-954c-bd0dbc524ba7: addNew group-54B8E535DF2F:[b39db728-622c-42ae-954c-bd0dbc524ba7|rpc:10.1.0.196:15086|admin:10.1.0.196:15085|client:10.1.0.196:15084|dataStream:10.1.0.196:15087|priority:0|startupRole:FOLLOWER, 9125f905-aa43-4d0f-845d-e6cfd4dab0cd|rpc:10.1.0.196:15077|admin:10.1.0.196:15076|client:10.1.0.196:15075|dataStream:10.1.0.196:15078|priority:0|startupRole:FOLLOWER, 36cbda38-693f-49bb-be1a-3256c6faae50|rpc:10.1.0.196:15068|admin:10.1.0.196:15067|client:10.1.0.196:15066|dataStream:10.1.0.196:15069|priority:1|startupRole:FOLLOWER] returns group-54B8E535DF2F:java.util.concurrent.CompletableFuture@f897b41[Not completed]
2023-06-01 19:11:10,555 [b39db728-622c-42ae-954c-bd0dbc524ba7-groupManagement] INFO  server.RaftServer$Division (RaftServerImpl.java:<init>(198)) - b39db728-622c-42ae-954c-bd0dbc524ba7: new RaftServerImpl for group-54B8E535DF2F:[b39db728-622c-42ae-954c-bd0dbc524ba7|rpc:10.1.0.196:15086|admin:10.1.0.196:15085|client:10.1.0.196:15084|dataStream:10.1.0.196:15087|priority:0|startupRole:FOLLOWER, 9125f905-aa43-4d0f-845d-e6cfd4dab0cd|rpc:10.1.0.196:15077|admin:10.1.0.196:15076|client:10.1.0.196:15075|dataStream:10.1.0.196:15078|priority:0|startupRole:FOLLOWER, 36cbda38-693f-49bb-be1a-3256c6faae50|rpc:10.1.0.196:15068|admin:10.1.0.196:15067|client:10.1.0.196:15066|dataStream:10.1.0.196:15069|priority:1|startupRole:FOLLOWER] with ContainerStateMachine:uninitialized
2023-06-01 19:11:10,555 [b39db728-622c-42ae-954c-bd0dbc524ba7-groupManagement] INFO  server.RaftServerConfigKeys (ConfUtils.java:logGet(46)) - raft.server.rpc.timeout.min = 5s (custom)
2023-06-01 19:11:10,555 [b39db728-622c-42ae-954c-bd0dbc524ba7-groupManagement] INFO  server.RaftServerConfigKeys (ConfUtils.java:logGet(46)) - raft.server.rpc.timeout.max = 5200ms (custom)
2023-06-01 19:11:10,555 [b39db728-622c-42ae-954c-bd0dbc524ba7-groupManagement] INFO  server.RaftServerConfigKeys (ConfUtils.java:logGet(46)) - raft.server.rpc.sleep.time = 25ms (default)
2023-06-01 19:11:10,555 [b39db728-622c-42ae-954c-bd0dbc524ba7-groupManagement] INFO  server.RaftServerConfigKeys (ConfUtils.java:logGet(46)) - raft.server.rpc.slowness.timeout = 300s (custom)
2023-06-01 19:11:10,556 [b39db728-622c-42ae-954c-bd0dbc524ba7-groupManagement] INFO  server.RaftServerConfigKeys (ConfUtils.java:logGet(46)) - raft.server.leaderelection.leader.step-down.wait-time = 10s (default)
2023-06-01 19:11:10,556 [b39db728-622c-42ae-954c-bd0dbc524ba7-groupManagement] INFO  server.RaftServerConfigKeys (ConfUtils.java:logGet(46)) - raft.server.sleep.deviation.threshold = 300ms (default)
2023-06-01 19:11:10,556 [b39db728-622c-42ae-954c-bd0dbc524ba7-groupManagement] INFO  server.RaftServer$Division (ServerState.java:<init>(120)) - b39db728-622c-42ae-954c-bd0dbc524ba7@group-54B8E535DF2F: ConfigurationManager, init=-1: peers:[b39db728-622c-42ae-954c-bd0dbc524ba7|rpc:10.1.0.196:15086|admin:10.1.0.196:15085|client:10.1.0.196:15084|dataStream:10.1.0.196:15087|priority:0|startupRole:FOLLOWER, 9125f905-aa43-4d0f-845d-e6cfd4dab0cd|rpc:10.1.0.196:15077|admin:10.1.0.196:15076|client:10.1.0.196:15075|dataStream:10.1.0.196:15078|priority:0|startupRole:FOLLOWER, 36cbda38-693f-49bb-be1a-3256c6faae50|rpc:10.1.0.196:15068|admin:10.1.0.196:15067|client:10.1.0.196:15066|dataStream:10.1.0.196:15069|priority:1|startupRole:FOLLOWER]|listeners:[], old=null, confs=<EMPTY_MAP>
2023-06-01 19:11:10,556 [b39db728-622c-42ae-954c-bd0dbc524ba7-groupManagement] INFO  server.RaftServerConfigKeys (ConfUtils.java:logGet(46)) - raft.server.storage.dir = [/home/runner/work/ozone/ozone/hadoop-ozone/integration-test/target/test-dir/MiniOzoneClusterImpl-59aba430-7466-43cf-ac60-ffcd1bd17169/datanode-8/data/ratis] (custom)
2023-06-01 19:11:10,556 [b39db728-622c-42ae-954c-bd0dbc524ba7-groupManagement] INFO  server.RaftServerConfigKeys (ConfUtils.java:logGet(46)) - raft.server.log.corruption.policy = EXCEPTION (default)
2023-06-01 19:11:10,556 [b39db728-622c-42ae-954c-bd0dbc524ba7-groupManagement] INFO  server.RaftServerConfigKeys (ConfUtils.java:logGet(46)) - raft.server.storage.free-space.min = 0MB (=0) (default)
2023-06-01 19:11:10,556 [b39db728-622c-42ae-954c-bd0dbc524ba7-groupManagement] INFO  server.RaftServerConfigKeys (ConfUtils.java:logGet(46)) - raft.server.notification.no-leader.timeout = 300s (custom)
2023-06-01 19:11:10,556 [b39db728-622c-42ae-954c-bd0dbc524ba7-groupManagement] INFO  server.RaftServerConfigKeys (ConfUtils.java:logGet(46)) - raft.server.read.timeout = 10s (default)
2023-06-01 19:11:10,556 [b39db728-622c-42ae-954c-bd0dbc524ba7-groupManagement] INFO  server.RaftServerConfigKeys (ConfUtils.java:logGet(46)) - raft.server.retrycache.expirytime = 600000ms (custom)
2023-06-01 19:11:10,556 [b39db728-622c-42ae-954c-bd0dbc524ba7-groupManagement] INFO  server.RaftServerConfigKeys (ConfUtils.java:logGet(46)) - raft.server.retrycache.statistics.expirytime = 100μs (default)
2023-06-01 19:11:10,556 [b39db728-622c-42ae-954c-bd0dbc524ba7-groupManagement] INFO  server.RaftServerConfigKeys (ConfUtils.java:logGet(46)) - raft.server.read.option = DEFAULT (default)
2023-06-01 19:11:10,558 [b39db728-622c-42ae-954c-bd0dbc524ba7-groupManagement] INFO  server.RaftServerConfigKeys (ConfUtils.java:logGet(46)) - raft.server.rpc.request.timeout = 60s (custom)
2023-06-01 19:11:10,558 [b39db728-622c-42ae-954c-bd0dbc524ba7-groupManagement] INFO  server.RaftServerConfigKeys (ConfUtils.java:logGet(46)) - raft.server.log.appender.install.snapshot.enabled = false (custom)
2023-06-01 19:11:10,558 [b39db728-622c-42ae-954c-bd0dbc524ba7-groupManagement] INFO  server.RaftServerConfigKeys (ConfUtils.java:logGet(46)) - raft.server.threadpool.server.cached = true (default)
2023-06-01 19:11:10,558 [b39db728-622c-42ae-954c-bd0dbc524ba7-groupManagement] INFO  server.RaftServerConfigKeys (ConfUtils.java:logGet(46)) - raft.server.threadpool.server.size = 0 (default)
2023-06-01 19:11:10,558 [b39db728-622c-42ae-954c-bd0dbc524ba7-groupManagement] INFO  server.RaftServerConfigKeys (ConfUtils.java:logGet(46)) - raft.server.threadpool.client.cached = true (default)
2023-06-01 19:11:10,558 [b39db728-622c-42ae-954c-bd0dbc524ba7-groupManagement] INFO  server.RaftServerConfigKeys (ConfUtils.java:logGet(46)) - raft.server.threadpool.client.size = 0 (default)
2023-06-01 19:11:10,558 [b39db728-622c-42ae-954c-bd0dbc524ba7-groupManagement] INFO  storage.RaftStorageDirectory (RaftStorageDirectoryImpl.java:analyzeStorage(137)) - The storage directory /home/runner/work/ozone/ozone/hadoop-ozone/integration-test/target/test-dir/MiniOzoneClusterImpl-59aba430-7466-43cf-ac60-ffcd1bd17169/datanode-8/data/ratis/51726eaa-9882-4518-94a4-54b8e535df2f does not exist. Creating ...
2023-06-01 19:11:10,559 [b39db728-622c-42ae-954c-bd0dbc524ba7-groupManagement] INFO  storage.RaftStorageDirectory (RaftStorageDirectoryImpl.java:tryLock(231)) - Lock on /home/runner/work/ozone/ozone/hadoop-ozone/integration-test/target/test-dir/MiniOzoneClusterImpl-59aba430-7466-43cf-ac60-ffcd1bd17169/datanode-8/data/ratis/51726eaa-9882-4518-94a4-54b8e535df2f/in_use.lock acquired by nodename 16224@fv-az163-187
2023-06-01 19:11:10,561 [b39db728-622c-42ae-954c-bd0dbc524ba7-groupManagement] INFO  storage.RaftStorage (RaftStorageImpl.java:format(96)) - Storage directory /home/runner/work/ozone/ozone/hadoop-ozone/integration-test/target/test-dir/MiniOzoneClusterImpl-59aba430-7466-43cf-ac60-ffcd1bd17169/datanode-8/data/ratis/51726eaa-9882-4518-94a4-54b8e535df2f has been successfully formatted.
2023-06-01 19:11:10,564 [b39db728-622c-42ae-954c-bd0dbc524ba7-groupManagement] INFO  ratis.ContainerStateMachine (ContainerStateMachine.java:loadSnapshot(262)) - group-54B8E535DF2F: The snapshot info is null. Setting the last applied indexto:(t:0, i:~)
2023-06-01 19:11:10,564 [b39db728-622c-42ae-954c-bd0dbc524ba7-groupManagement] INFO  server.RaftServerConfigKeys (ConfUtils.java:logGet(46)) - raft.server.log.use.memory = false (default)
2023-06-01 19:11:10,565 [b39db728-622c-42ae-954c-bd0dbc524ba7-groupManagement] INFO  server.RaftServerConfigKeys (ConfUtils.java:logGet(46)) - raft.server.log.purge.gap = 1000000 (custom)
2023-06-01 19:11:10,565 [b39db728-622c-42ae-954c-bd0dbc524ba7-groupManagement] INFO  server.RaftServerConfigKeys (ConfUtils.java:logGet(46)) - raft.server.log.appender.buffer.byte-limit = 33554432 (custom)
2023-06-01 19:11:10,565 [b39db728-622c-42ae-954c-bd0dbc524ba7-groupManagement] INFO  server.RaftServerConfigKeys (ConfUtils.java:logGet(46)) - raft.server.log.statemachine.data.read.timeout = 1000ms (default)
2023-06-01 19:11:10,565 [b39db728-622c-42ae-954c-bd0dbc524ba7-groupManagement] INFO  server.RaftServerConfigKeys (ConfUtils.java:logGet(46)) - raft.server.log.purge.preservation.log.num = 0 (default)
2023-06-01 19:11:10,565 [b39db728-622c-42ae-954c-bd0dbc524ba7-groupManagement] INFO  server.RaftServerConfigKeys (ConfUtils.java:logGet(46)) - raft.server.log.segment.size.max = 1048576 (custom)
2023-06-01 19:11:10,565 [b39db728-622c-42ae-954c-bd0dbc524ba7-groupManagement] INFO  server.RaftServerConfigKeys (ConfUtils.java:logGet(46)) - raft.server.log.segment.cache.num.max = 2 (custom)
2023-06-01 19:11:10,565 [b39db728-622c-42ae-954c-bd0dbc524ba7-groupManagement] INFO  server.RaftServerConfigKeys (ConfUtils.java:logGet(46)) - raft.server.log.segment.cache.size.max = 200MB (=209715200) (default)
2023-06-01 19:11:10,565 [b39db728-622c-42ae-954c-bd0dbc524ba7-groupManagement] INFO  server.RaftServerConfigKeys (ConfUtils.java:logGet(46)) - raft.server.log.appender.buffer.byte-limit = 33554432 (custom)
2023-06-01 19:11:10,565 [b39db728-622c-42ae-954c-bd0dbc524ba7-groupManagement] INFO  segmented.SegmentedRaftLogWorker (SegmentedRaftLogWorker.java:<init>(188)) - new b39db728-622c-42ae-954c-bd0dbc524ba7@group-54B8E535DF2F-SegmentedRaftLogWorker for RaftStorageImpl:Storage Directory /home/runner/work/ozone/ozone/hadoop-ozone/integration-test/target/test-dir/MiniOzoneClusterImpl-59aba430-7466-43cf-ac60-ffcd1bd17169/datanode-8/data/ratis/51726eaa-9882-4518-94a4-54b8e535df2f
2023-06-01 19:11:10,566 [b39db728-622c-42ae-954c-bd0dbc524ba7-groupManagement] INFO  server.RaftServerConfigKeys (ConfUtils.java:logGet(46)) - raft.server.log.queue.byte-limit = 4294967296 (custom)
2023-06-01 19:11:10,566 [b39db728-622c-42ae-954c-bd0dbc524ba7-groupManagement] INFO  server.RaftServerConfigKeys (ConfUtils.java:logGet(46)) - raft.server.log.queue.element-limit = 1024 (custom)
2023-06-01 19:11:10,566 [b39db728-622c-42ae-954c-bd0dbc524ba7-groupManagement] INFO  server.RaftServerConfigKeys (ConfUtils.java:logGet(46)) - raft.server.log.segment.size.max = 1048576 (custom)
2023-06-01 19:11:10,566 [b39db728-622c-42ae-954c-bd0dbc524ba7-groupManagement] INFO  server.RaftServerConfigKeys (ConfUtils.java:logGet(46)) - raft.server.log.preallocated.size = 16384 (custom)
2023-06-01 19:11:10,566 [b39db728-622c-42ae-954c-bd0dbc524ba7-groupManagement] INFO  server.RaftServerConfigKeys (ConfUtils.java:logGet(46)) - raft.server.log.force.sync.num = 128 (default)
2023-06-01 19:11:10,566 [b39db728-622c-42ae-954c-bd0dbc524ba7-groupManagement] INFO  server.RaftServerConfigKeys (ConfUtils.java:logGet(46)) - raft.server.log.statemachine.data.sync = true (default)
2023-06-01 19:11:10,566 [b39db728-622c-42ae-954c-bd0dbc524ba7-groupManagement] INFO  server.RaftServerConfigKeys (ConfUtils.java:logGet(46)) - raft.server.log.statemachine.data.sync.timeout = 10s (default)
2023-06-01 19:11:10,566 [b39db728-622c-42ae-954c-bd0dbc524ba7-groupManagement] INFO  server.RaftServerConfigKeys (ConfUtils.java:logGet(46)) - raft.server.log.statemachine.data.sync.timeout.retry = -1 (default)
2023-06-01 19:11:10,568 [b39db728-622c-42ae-954c-bd0dbc524ba7-groupManagement] INFO  server.RaftServerConfigKeys (ConfUtils.java:logGet(46)) - raft.server.log.write.buffer.size = 1048576 (custom)
2023-06-01 19:11:10,568 [b39db728-622c-42ae-954c-bd0dbc524ba7-groupManagement] INFO  server.RaftServerConfigKeys (ConfUtils.java:logGet(46)) - raft.server.log.appender.buffer.byte-limit = 33554432 (custom)
2023-06-01 19:11:10,572 [b39db728-622c-42ae-954c-bd0dbc524ba7-groupManagement] INFO  server.RaftServerConfigKeys (ConfUtils.java:logGet(46)) - raft.server.log.unsafe-flush.enabled = false (default)
2023-06-01 19:11:10,572 [b39db728-622c-42ae-954c-bd0dbc524ba7-groupManagement] INFO  server.RaftServerConfigKeys (ConfUtils.java:logGet(46)) - raft.server.log.async-flush.enabled = false (default)
2023-06-01 19:11:10,572 [b39db728-622c-42ae-954c-bd0dbc524ba7-groupManagement] INFO  server.RaftServerConfigKeys (ConfUtils.java:logGet(46)) - raft.server.log.statemachine.data.caching.enabled = true (custom)
2023-06-01 19:11:10,572 [b39db728-622c-42ae-954c-bd0dbc524ba7-groupManagement] INFO  segmented.SegmentedRaftLogWorker (SegmentedRaftLogWorker.java:lambda$new$0(135)) - b39db728-622c-42ae-954c-bd0dbc524ba7@group-54B8E535DF2F-SegmentedRaftLogWorker: flushIndex: setUnconditionally 0 -> -1
2023-06-01 19:11:10,572 [b39db728-622c-42ae-954c-bd0dbc524ba7-groupManagement] INFO  segmented.SegmentedRaftLogWorker (SegmentedRaftLogWorker.java:lambda$new$0(135)) - b39db728-622c-42ae-954c-bd0dbc524ba7@group-54B8E535DF2F-SegmentedRaftLogWorker: safeCacheEvictIndex: setUnconditionally 0 -> -1
2023-06-01 19:11:10,572 [b39db728-622c-42ae-954c-bd0dbc524ba7-groupManagement] INFO  server.RaftServer$Division (RaftServerImpl.java:start(342)) - b39db728-622c-42ae-954c-bd0dbc524ba7@group-54B8E535DF2F: start as a follower, conf=-1: peers:[b39db728-622c-42ae-954c-bd0dbc524ba7|rpc:10.1.0.196:15086|admin:10.1.0.196:15085|client:10.1.0.196:15084|dataStream:10.1.0.196:15087|priority:0|startupRole:FOLLOWER, 9125f905-aa43-4d0f-845d-e6cfd4dab0cd|rpc:10.1.0.196:15077|admin:10.1.0.196:15076|client:10.1.0.196:15075|dataStream:10.1.0.196:15078|priority:0|startupRole:FOLLOWER, 36cbda38-693f-49bb-be1a-3256c6faae50|rpc:10.1.0.196:15068|admin:10.1.0.196:15067|client:10.1.0.196:15066|dataStream:10.1.0.196:15069|priority:1|startupRole:FOLLOWER]|listeners:[], old=null
2023-06-01 19:11:10,572 [b39db728-622c-42ae-954c-bd0dbc524ba7-groupManagement] INFO  server.RaftServer$Division (RaftServerImpl.java:setRole(329)) - b39db728-622c-42ae-954c-bd0dbc524ba7@group-54B8E535DF2F: changes role from      null to FOLLOWER at term 0 for startAsFollower
2023-06-01 19:11:10,572 [b39db728-622c-42ae-954c-bd0dbc524ba7-groupManagement] INFO  impl.RoleInfo (RoleInfo.java:updateAndGet(139)) - b39db728-622c-42ae-954c-bd0dbc524ba7: start b39db728-622c-42ae-954c-bd0dbc524ba7@group-54B8E535DF2F-FollowerState
2023-06-01 19:11:10,572 [b39db728-622c-42ae-954c-bd0dbc524ba7-groupManagement] INFO  util.JmxRegister (JmxRegister.java:tryRegister(44)) - Successfully registered JMX Bean with object name Ratis:service=RaftServer,group=group-54B8E535DF2F,id=b39db728-622c-42ae-954c-bd0dbc524ba7
2023-06-01 19:11:10,573 [b39db728-622c-42ae-954c-bd0dbc524ba7-groupManagement] INFO  server.RaftServerConfigKeys (ConfUtils.java:logGet(46)) - raft.server.snapshot.auto.trigger.enabled = true (custom)
2023-06-01 19:11:10,573 [b39db728-622c-42ae-954c-bd0dbc524ba7-groupManagement] INFO  server.RaftServerConfigKeys (ConfUtils.java:logGet(46)) - raft.server.snapshot.auto.trigger.threshold = 10000 (custom)
2023-06-01 19:11:10,573 [b39db728-622c-42ae-954c-bd0dbc524ba7-groupManagement] INFO  server.RaftServerConfigKeys (ConfUtils.java:logGet(46)) - raft.server.snapshot.retention.file.num = 5 (custom)
2023-06-01 19:11:10,573 [b39db728-622c-42ae-954c-bd0dbc524ba7-groupManagement] INFO  server.RaftServerConfigKeys (ConfUtils.java:logGet(46)) - raft.server.log.purge.upto.snapshot.index = false (default)
2023-06-01 19:11:10,573 [b39db728-622c-42ae-954c-bd0dbc524ba7@group-54B8E535DF2F-FollowerState] INFO  server.RaftServerConfigKeys (ConfUtils.java:logFallback(53)) - raft.server.rpc.first-election.timeout.min = 5s (fallback to raft.server.rpc.timeout.min)
2023-06-01 19:11:10,574 [b39db728-622c-42ae-954c-bd0dbc524ba7@group-54B8E535DF2F-FollowerState] INFO  server.RaftServerConfigKeys (ConfUtils.java:logFallback(53)) - raft.server.rpc.first-election.timeout.max = 5200ms (fallback to raft.server.rpc.timeout.max)
2023-06-01 19:11:10,586 [PipelineCommandHandlerThread-0] INFO  commandhandler.CreatePipelineCommandHandler (CreatePipelineCommandHandler.java:lambda$handle$2(124)) - Created Pipeline RATIS THREE PipelineID=51726eaa-9882-4518-94a4-54b8e535df2f.
2023-06-01 19:11:10,587 [PipelineCommandHandlerThread-0] INFO  server.RaftServer (RaftServerProxy.java:addNew(98)) - 36cbda38-693f-49bb-be1a-3256c6faae50: addNew group-C6431D6FC4A4:[b39db728-622c-42ae-954c-bd0dbc524ba7|rpc:10.1.0.196:15086|admin:10.1.0.196:15085|client:10.1.0.196:15084|dataStream:10.1.0.196:15087|priority:1|startupRole:FOLLOWER, 9125f905-aa43-4d0f-845d-e6cfd4dab0cd|rpc:10.1.0.196:15077|admin:10.1.0.196:15076|client:10.1.0.196:15075|dataStream:10.1.0.196:15078|priority:0|startupRole:FOLLOWER, 36cbda38-693f-49bb-be1a-3256c6faae50|rpc:10.1.0.196:15068|admin:10.1.0.196:15067|client:10.1.0.196:15066|dataStream:10.1.0.196:15069|priority:0|startupRole:FOLLOWER] returns group-C6431D6FC4A4:java.util.concurrent.CompletableFuture@17981dfe[Not completed]
2023-06-01 19:11:10,588 [36cbda38-693f-49bb-be1a-3256c6faae50-groupManagement] INFO  server.RaftServer$Division (RaftServerImpl.java:<init>(198)) - 36cbda38-693f-49bb-be1a-3256c6faae50: new RaftServerImpl for group-C6431D6FC4A4:[b39db728-622c-42ae-954c-bd0dbc524ba7|rpc:10.1.0.196:15086|admin:10.1.0.196:15085|client:10.1.0.196:15084|dataStream:10.1.0.196:15087|priority:1|startupRole:FOLLOWER, 9125f905-aa43-4d0f-845d-e6cfd4dab0cd|rpc:10.1.0.196:15077|admin:10.1.0.196:15076|client:10.1.0.196:15075|dataStream:10.1.0.196:15078|priority:0|startupRole:FOLLOWER, 36cbda38-693f-49bb-be1a-3256c6faae50|rpc:10.1.0.196:15068|admin:10.1.0.196:15067|client:10.1.0.196:15066|dataStream:10.1.0.196:15069|priority:0|startupRole:FOLLOWER] with ContainerStateMachine:uninitialized
2023-06-01 19:11:10,588 [36cbda38-693f-49bb-be1a-3256c6faae50-groupManagement] INFO  server.RaftServerConfigKeys (ConfUtils.java:logGet(46)) - raft.server.rpc.timeout.min = 5s (custom)
2023-06-01 19:11:10,588 [36cbda38-693f-49bb-be1a-3256c6faae50-groupManagement] INFO  server.RaftServerConfigKeys (ConfUtils.java:logGet(46)) - raft.server.rpc.timeout.max = 5200ms (custom)
2023-06-01 19:11:10,588 [36cbda38-693f-49bb-be1a-3256c6faae50-groupManagement] INFO  server.RaftServerConfigKeys (ConfUtils.java:logGet(46)) - raft.server.rpc.sleep.time = 25ms (default)
2023-06-01 19:11:10,588 [36cbda38-693f-49bb-be1a-3256c6faae50-groupManagement] INFO  server.RaftServerConfigKeys (ConfUtils.java:logGet(46)) - raft.server.rpc.slowness.timeout = 300s (custom)
2023-06-01 19:11:10,588 [36cbda38-693f-49bb-be1a-3256c6faae50-groupManagement] INFO  server.RaftServerConfigKeys (ConfUtils.java:logGet(46)) - raft.server.leaderelection.leader.step-down.wait-time = 10s (default)
2023-06-01 19:11:10,588 [36cbda38-693f-49bb-be1a-3256c6faae50-groupManagement] INFO  server.RaftServerConfigKeys (ConfUtils.java:logGet(46)) - raft.server.sleep.deviation.threshold = 300ms (default)
2023-06-01 19:11:10,588 [36cbda38-693f-49bb-be1a-3256c6faae50-groupManagement] INFO  server.RaftServer$Division (ServerState.java:<init>(120)) - 36cbda38-693f-49bb-be1a-3256c6faae50@group-C6431D6FC4A4: ConfigurationManager, init=-1: peers:[b39db728-622c-42ae-954c-bd0dbc524ba7|rpc:10.1.0.196:15086|admin:10.1.0.196:15085|client:10.1.0.196:15084|dataStream:10.1.0.196:15087|priority:1|startupRole:FOLLOWER, 9125f905-aa43-4d0f-845d-e6cfd4dab0cd|rpc:10.1.0.196:15077|admin:10.1.0.196:15076|client:10.1.0.196:15075|dataStream:10.1.0.196:15078|priority:0|startupRole:FOLLOWER, 36cbda38-693f-49bb-be1a-3256c6faae50|rpc:10.1.0.196:15068|admin:10.1.0.196:15067|client:10.1.0.196:15066|dataStream:10.1.0.196:15069|priority:0|startupRole:FOLLOWER]|listeners:[], old=null, confs=<EMPTY_MAP>
2023-06-01 19:11:10,588 [36cbda38-693f-49bb-be1a-3256c6faae50-groupManagement] INFO  server.RaftServerConfigKeys (ConfUtils.java:logGet(46)) - raft.server.storage.dir = [/home/runner/work/ozone/ozone/hadoop-ozone/integration-test/target/test-dir/MiniOzoneClusterImpl-59aba430-7466-43cf-ac60-ffcd1bd17169/datanode-6/data/ratis] (custom)
2023-06-01 19:11:10,588 [36cbda38-693f-49bb-be1a-3256c6faae50-groupManagement] INFO  server.RaftServerConfigKeys (ConfUtils.java:logGet(46)) - raft.server.log.corruption.policy = EXCEPTION (default)
2023-06-01 19:11:10,588 [36cbda38-693f-49bb-be1a-3256c6faae50-groupManagement] INFO  server.RaftServerConfigKeys (ConfUtils.java:logGet(46)) - raft.server.storage.free-space.min = 0MB (=0) (default)
2023-06-01 19:11:10,588 [36cbda38-693f-49bb-be1a-3256c6faae50-groupManagement] INFO  server.RaftServerConfigKeys (ConfUtils.java:logGet(46)) - raft.server.notification.no-leader.timeout = 300s (custom)
2023-06-01 19:11:10,588 [36cbda38-693f-49bb-be1a-3256c6faae50-groupManagement] INFO  server.RaftServerConfigKeys (ConfUtils.java:logGet(46)) - raft.server.read.timeout = 10s (default)
2023-06-01 19:11:10,588 [36cbda38-693f-49bb-be1a-3256c6faae50-groupManagement] INFO  server.RaftServerConfigKeys (ConfUtils.java:logGet(46)) - raft.server.retrycache.expirytime = 600000ms (custom)
2023-06-01 19:11:10,588 [36cbda38-693f-49bb-be1a-3256c6faae50-groupManagement] INFO  server.RaftServerConfigKeys (ConfUtils.java:logGet(46)) - raft.server.retrycache.statistics.expirytime = 100μs (default)
2023-06-01 19:11:10,589 [36cbda38-693f-49bb-be1a-3256c6faae50-groupManagement] INFO  server.RaftServerConfigKeys (ConfUtils.java:logGet(46)) - raft.server.read.option = DEFAULT (default)
2023-06-01 19:11:10,589 [36cbda38-693f-49bb-be1a-3256c6faae50-groupManagement] INFO  server.RaftServerConfigKeys (ConfUtils.java:logGet(46)) - raft.server.rpc.request.timeout = 60s (custom)
2023-06-01 19:11:10,590 [36cbda38-693f-49bb-be1a-3256c6faae50-groupManagement] INFO  server.RaftServerConfigKeys (ConfUtils.java:logGet(46)) - raft.server.log.appender.install.snapshot.enabled = false (custom)
2023-06-01 19:11:10,590 [36cbda38-693f-49bb-be1a-3256c6faae50-groupManagement] INFO  server.RaftServerConfigKeys (ConfUtils.java:logGet(46)) - raft.server.threadpool.server.cached = true (default)
2023-06-01 19:11:10,590 [36cbda38-693f-49bb-be1a-3256c6faae50-groupManagement] INFO  server.RaftServerConfigKeys (ConfUtils.java:logGet(46)) - raft.server.threadpool.server.size = 0 (default)
2023-06-01 19:11:10,590 [36cbda38-693f-49bb-be1a-3256c6faae50-groupManagement] INFO  server.RaftServerConfigKeys (ConfUtils.java:logGet(46)) - raft.server.threadpool.client.cached = true (default)
2023-06-01 19:11:10,590 [36cbda38-693f-49bb-be1a-3256c6faae50-groupManagement] INFO  server.RaftServerConfigKeys (ConfUtils.java:logGet(46)) - raft.server.threadpool.client.size = 0 (default)
2023-06-01 19:11:10,590 [36cbda38-693f-49bb-be1a-3256c6faae50-groupManagement] INFO  storage.RaftStorageDirectory (RaftStorageDirectoryImpl.java:analyzeStorage(137)) - The storage directory /home/runner/work/ozone/ozone/hadoop-ozone/integration-test/target/test-dir/MiniOzoneClusterImpl-59aba430-7466-43cf-ac60-ffcd1bd17169/datanode-6/data/ratis/83ca58b9-41b0-4c18-a0f5-c6431d6fc4a4 does not exist. Creating ...
2023-06-01 19:11:10,591 [36cbda38-693f-49bb-be1a-3256c6faae50-groupManagement] INFO  storage.RaftStorageDirectory (RaftStorageDirectoryImpl.java:tryLock(231)) - Lock on /home/runner/work/ozone/ozone/hadoop-ozone/integration-test/target/test-dir/MiniOzoneClusterImpl-59aba430-7466-43cf-ac60-ffcd1bd17169/datanode-6/data/ratis/83ca58b9-41b0-4c18-a0f5-c6431d6fc4a4/in_use.lock acquired by nodename 16224@fv-az163-187
2023-06-01 19:11:10,592 [36cbda38-693f-49bb-be1a-3256c6faae50-groupManagement] INFO  storage.RaftStorage (RaftStorageImpl.java:format(96)) - Storage directory /home/runner/work/ozone/ozone/hadoop-ozone/integration-test/target/test-dir/MiniOzoneClusterImpl-59aba430-7466-43cf-ac60-ffcd1bd17169/datanode-6/data/ratis/83ca58b9-41b0-4c18-a0f5-c6431d6fc4a4 has been successfully formatted.
2023-06-01 19:11:10,593 [36cbda38-693f-49bb-be1a-3256c6faae50-groupManagement] INFO  ratis.ContainerStateMachine (ContainerStateMachine.java:loadSnapshot(262)) - group-C6431D6FC4A4: The snapshot info is null. Setting the last applied indexto:(t:0, i:~)
2023-06-01 19:11:10,593 [36cbda38-693f-49bb-be1a-3256c6faae50-groupManagement] INFO  server.RaftServerConfigKeys (ConfUtils.java:logGet(46)) - raft.server.log.use.memory = false (default)
2023-06-01 19:11:10,593 [36cbda38-693f-49bb-be1a-3256c6faae50-groupManagement] INFO  server.RaftServerConfigKeys (ConfUtils.java:logGet(46)) - raft.server.log.purge.gap = 1000000 (custom)
2023-06-01 19:11:10,593 [36cbda38-693f-49bb-be1a-3256c6faae50-groupManagement] INFO  server.RaftServerConfigKeys (ConfUtils.java:logGet(46)) - raft.server.log.appender.buffer.byte-limit = 33554432 (custom)
2023-06-01 19:11:10,593 [36cbda38-693f-49bb-be1a-3256c6faae50-groupManagement] INFO  server.RaftServerConfigKeys (ConfUtils.java:logGet(46)) - raft.server.log.statemachine.data.read.timeout = 1000ms (default)
2023-06-01 19:11:10,593 [36cbda38-693f-49bb-be1a-3256c6faae50-groupManagement] INFO  server.RaftServerConfigKeys (ConfUtils.java:logGet(46)) - raft.server.log.purge.preservation.log.num = 0 (default)
2023-06-01 19:11:10,593 [36cbda38-693f-49bb-be1a-3256c6faae50-groupManagement] INFO  server.RaftServerConfigKeys (ConfUtils.java:logGet(46)) - raft.server.log.segment.size.max = 1048576 (custom)
2023-06-01 19:11:10,593 [36cbda38-693f-49bb-be1a-3256c6faae50-groupManagement] INFO  server.RaftServerConfigKeys (ConfUtils.java:logGet(46)) - raft.server.log.segment.cache.num.max = 2 (custom)
2023-06-01 19:11:10,593 [36cbda38-693f-49bb-be1a-3256c6faae50-groupManagement] INFO  server.RaftServerConfigKeys (ConfUtils.java:logGet(46)) - raft.server.log.segment.cache.size.max = 200MB (=209715200) (default)
2023-06-01 19:11:10,593 [36cbda38-693f-49bb-be1a-3256c6faae50-groupManagement] INFO  server.RaftServerConfigKeys (ConfUtils.java:logGet(46)) - raft.server.log.appender.buffer.byte-limit = 33554432 (custom)
2023-06-01 19:11:10,594 [36cbda38-693f-49bb-be1a-3256c6faae50-groupManagement] INFO  segmented.SegmentedRaftLogWorker (SegmentedRaftLogWorker.java:<init>(188)) - new 36cbda38-693f-49bb-be1a-3256c6faae50@group-C6431D6FC4A4-SegmentedRaftLogWorker for RaftStorageImpl:Storage Directory /home/runner/work/ozone/ozone/hadoop-ozone/integration-test/target/test-dir/MiniOzoneClusterImpl-59aba430-7466-43cf-ac60-ffcd1bd17169/datanode-6/data/ratis/83ca58b9-41b0-4c18-a0f5-c6431d6fc4a4
2023-06-01 19:11:10,594 [36cbda38-693f-49bb-be1a-3256c6faae50-groupManagement] INFO  server.RaftServerConfigKeys (ConfUtils.java:logGet(46)) - raft.server.log.queue.byte-limit = 4294967296 (custom)
2023-06-01 19:11:10,594 [36cbda38-693f-49bb-be1a-3256c6faae50-groupManagement] INFO  server.RaftServerConfigKeys (ConfUtils.java:logGet(46)) - raft.server.log.queue.element-limit = 1024 (custom)
2023-06-01 19:11:10,594 [36cbda38-693f-49bb-be1a-3256c6faae50-groupManagement] INFO  server.RaftServerConfigKeys (ConfUtils.java:logGet(46)) - raft.server.log.segment.size.max = 1048576 (custom)
2023-06-01 19:11:10,594 [36cbda38-693f-49bb-be1a-3256c6faae50-groupManagement] INFO  server.RaftServerConfigKeys (ConfUtils.java:logGet(46)) - raft.server.log.preallocated.size = 16384 (custom)
2023-06-01 19:11:10,594 [36cbda38-693f-49bb-be1a-3256c6faae50-groupManagement] INFO  server.RaftServerConfigKeys (ConfUtils.java:logGet(46)) - raft.server.log.force.sync.num = 128 (default)
2023-06-01 19:11:10,594 [36cbda38-693f-49bb-be1a-3256c6faae50-groupManagement] INFO  server.RaftServerConfigKeys (ConfUtils.java:logGet(46)) - raft.server.log.statemachine.data.sync = true (default)
2023-06-01 19:11:10,594 [36cbda38-693f-49bb-be1a-3256c6faae50-groupManagement] INFO  server.RaftServerConfigKeys (ConfUtils.java:logGet(46)) - raft.server.log.statemachine.data.sync.timeout = 10s (default)
2023-06-01 19:11:10,594 [36cbda38-693f-49bb-be1a-3256c6faae50-groupManagement] INFO  server.RaftServerConfigKeys (ConfUtils.java:logGet(46)) - raft.server.log.statemachine.data.sync.timeout.retry = -1 (default)
2023-06-01 19:11:10,594 [EventQueue-OpenPipelineForHealthyPipelineSafeModeRule] INFO  safemode.SCMSafeModeManager (HealthyPipelineSafeModeRule.java:process(137)) - SCM in safe mode. Healthy pipelines reported count is 0, required healthy pipeline reported count is 1
2023-06-01 19:11:10,595 [36cbda38-693f-49bb-be1a-3256c6faae50-groupManagement] INFO  server.RaftServerConfigKeys (ConfUtils.java:logGet(46)) - raft.server.log.write.buffer.size = 1048576 (custom)
2023-06-01 19:11:10,595 [36cbda38-693f-49bb-be1a-3256c6faae50-groupManagement] INFO  server.RaftServerConfigKeys (ConfUtils.java:logGet(46)) - raft.server.log.appender.buffer.byte-limit = 33554432 (custom)
2023-06-01 19:11:10,599 [36cbda38-693f-49bb-be1a-3256c6faae50-groupManagement] INFO  server.RaftServerConfigKeys (ConfUtils.java:logGet(46)) - raft.server.log.unsafe-flush.enabled = false (default)
2023-06-01 19:11:10,599 [36cbda38-693f-49bb-be1a-3256c6faae50-groupManagement] INFO  server.RaftServerConfigKeys (ConfUtils.java:logGet(46)) - raft.server.log.async-flush.enabled = false (default)
2023-06-01 19:11:10,599 [36cbda38-693f-49bb-be1a-3256c6faae50-groupManagement] INFO  server.RaftServerConfigKeys (ConfUtils.java:logGet(46)) - raft.server.log.statemachine.data.caching.enabled = true (custom)
2023-06-01 19:11:10,599 [36cbda38-693f-49bb-be1a-3256c6faae50-groupManagement] INFO  segmented.SegmentedRaftLogWorker (SegmentedRaftLogWorker.java:lambda$new$0(135)) - 36cbda38-693f-49bb-be1a-3256c6faae50@group-C6431D6FC4A4-SegmentedRaftLogWorker: flushIndex: setUnconditionally 0 -> -1
2023-06-01 19:11:10,599 [36cbda38-693f-49bb-be1a-3256c6faae50-groupManagement] INFO  segmented.SegmentedRaftLogWorker (SegmentedRaftLogWorker.java:lambda$new$0(135)) - 36cbda38-693f-49bb-be1a-3256c6faae50@group-C6431D6FC4A4-SegmentedRaftLogWorker: safeCacheEvictIndex: setUnconditionally 0 -> -1
2023-06-01 19:11:10,599 [36cbda38-693f-49bb-be1a-3256c6faae50-groupManagement] INFO  server.RaftServer$Division (RaftServerImpl.java:start(342)) - 36cbda38-693f-49bb-be1a-3256c6faae50@group-C6431D6FC4A4: start as a follower, conf=-1: peers:[b39db728-622c-42ae-954c-bd0dbc524ba7|rpc:10.1.0.196:15086|admin:10.1.0.196:15085|client:10.1.0.196:15084|dataStream:10.1.0.196:15087|priority:1|startupRole:FOLLOWER, 9125f905-aa43-4d0f-845d-e6cfd4dab0cd|rpc:10.1.0.196:15077|admin:10.1.0.196:15076|client:10.1.0.196:15075|dataStream:10.1.0.196:15078|priority:0|startupRole:FOLLOWER, 36cbda38-693f-49bb-be1a-3256c6faae50|rpc:10.1.0.196:15068|admin:10.1.0.196:15067|client:10.1.0.196:15066|dataStream:10.1.0.196:15069|priority:0|startupRole:FOLLOWER]|listeners:[], old=null
2023-06-01 19:11:10,599 [36cbda38-693f-49bb-be1a-3256c6faae50-groupManagement] INFO  server.RaftServer$Division (RaftServerImpl.java:setRole(329)) - 36cbda38-693f-49bb-be1a-3256c6faae50@group-C6431D6FC4A4: changes role from      null to FOLLOWER at term 0 for startAsFollower
2023-06-01 19:11:10,600 [36cbda38-693f-49bb-be1a-3256c6faae50-groupManagement] INFO  impl.RoleInfo (RoleInfo.java:updateAndGet(139)) - 36cbda38-693f-49bb-be1a-3256c6faae50: start 36cbda38-693f-49bb-be1a-3256c6faae50@group-C6431D6FC4A4-FollowerState
2023-06-01 19:11:10,600 [36cbda38-693f-49bb-be1a-3256c6faae50-groupManagement] INFO  util.JmxRegister (JmxRegister.java:tryRegister(44)) - Successfully registered JMX Bean with object name Ratis:service=RaftServer,group=group-C6431D6FC4A4,id=36cbda38-693f-49bb-be1a-3256c6faae50
2023-06-01 19:11:10,600 [36cbda38-693f-49bb-be1a-3256c6faae50-groupManagement] INFO  server.RaftServerConfigKeys (ConfUtils.java:logGet(46)) - raft.server.snapshot.auto.trigger.enabled = true (custom)
2023-06-01 19:11:10,600 [36cbda38-693f-49bb-be1a-3256c6faae50-groupManagement] INFO  server.RaftServerConfigKeys (ConfUtils.java:logGet(46)) - raft.server.snapshot.auto.trigger.threshold = 10000 (custom)
2023-06-01 19:11:10,600 [36cbda38-693f-49bb-be1a-3256c6faae50-groupManagement] INFO  server.RaftServerConfigKeys (ConfUtils.java:logGet(46)) - raft.server.snapshot.retention.file.num = 5 (custom)
2023-06-01 19:11:10,600 [36cbda38-693f-49bb-be1a-3256c6faae50-groupManagement] INFO  server.RaftServerConfigKeys (ConfUtils.java:logGet(46)) - raft.server.log.purge.upto.snapshot.index = false (default)
2023-06-01 19:11:10,600 [36cbda38-693f-49bb-be1a-3256c6faae50@group-C6431D6FC4A4-FollowerState] INFO  server.RaftServerConfigKeys (ConfUtils.java:logFallback(53)) - raft.server.rpc.first-election.timeout.min = 5s (fallback to raft.server.rpc.timeout.min)
2023-06-01 19:11:10,601 [36cbda38-693f-49bb-be1a-3256c6faae50@group-C6431D6FC4A4-FollowerState] INFO  server.RaftServerConfigKeys (ConfUtils.java:logFallback(53)) - raft.server.rpc.first-election.timeout.max = 5200ms (fallback to raft.server.rpc.timeout.max)
2023-06-01 19:11:10,602 [PipelineCommandHandlerThread-0] INFO  ratis.XceiverServerRatis (XceiverServerRatis.java:addGroup(804)) - Created group PipelineID=83ca58b9-41b0-4c18-a0f5-c6431d6fc4a4
2023-06-01 19:11:10,619 [grpc-default-executor-0] INFO  server.RaftServer (RaftServerProxy.java:addNew(98)) - b39db728-622c-42ae-954c-bd0dbc524ba7: addNew group-C6431D6FC4A4:[b39db728-622c-42ae-954c-bd0dbc524ba7|rpc:10.1.0.196:15086|admin:10.1.0.196:15085|client:10.1.0.196:15084|dataStream:10.1.0.196:15087|priority:1|startupRole:FOLLOWER, 9125f905-aa43-4d0f-845d-e6cfd4dab0cd|rpc:10.1.0.196:15077|admin:10.1.0.196:15076|client:10.1.0.196:15075|dataStream:10.1.0.196:15078|priority:0|startupRole:FOLLOWER, 36cbda38-693f-49bb-be1a-3256c6faae50|rpc:10.1.0.196:15068|admin:10.1.0.196:15067|client:10.1.0.196:15066|dataStream:10.1.0.196:15069|priority:0|startupRole:FOLLOWER] returns group-C6431D6FC4A4:java.util.concurrent.CompletableFuture@483ce949[Not completed]
2023-06-01 19:11:10,619 [b39db728-622c-42ae-954c-bd0dbc524ba7-groupManagement] INFO  server.RaftServer$Division (RaftServerImpl.java:<init>(198)) - b39db728-622c-42ae-954c-bd0dbc524ba7: new RaftServerImpl for group-C6431D6FC4A4:[b39db728-622c-42ae-954c-bd0dbc524ba7|rpc:10.1.0.196:15086|admin:10.1.0.196:15085|client:10.1.0.196:15084|dataStream:10.1.0.196:15087|priority:1|startupRole:FOLLOWER, 9125f905-aa43-4d0f-845d-e6cfd4dab0cd|rpc:10.1.0.196:15077|admin:10.1.0.196:15076|client:10.1.0.196:15075|dataStream:10.1.0.196:15078|priority:0|startupRole:FOLLOWER, 36cbda38-693f-49bb-be1a-3256c6faae50|rpc:10.1.0.196:15068|admin:10.1.0.196:15067|client:10.1.0.196:15066|dataStream:10.1.0.196:15069|priority:0|startupRole:FOLLOWER] with ContainerStateMachine:uninitialized
2023-06-01 19:11:10,620 [b39db728-622c-42ae-954c-bd0dbc524ba7-groupManagement] INFO  server.RaftServerConfigKeys (ConfUtils.java:logGet(46)) - raft.server.rpc.timeout.min = 5s (custom)
2023-06-01 19:11:10,620 [b39db728-622c-42ae-954c-bd0dbc524ba7-groupManagement] INFO  server.RaftServerConfigKeys (ConfUtils.java:logGet(46)) - raft.server.rpc.timeout.max = 5200ms (custom)
2023-06-01 19:11:10,620 [b39db728-622c-42ae-954c-bd0dbc524ba7-groupManagement] INFO  server.RaftServerConfigKeys (ConfUtils.java:logGet(46)) - raft.server.rpc.sleep.time = 25ms (default)
2023-06-01 19:11:10,620 [b39db728-622c-42ae-954c-bd0dbc524ba7-groupManagement] INFO  server.RaftServerConfigKeys (ConfUtils.java:logGet(46)) - raft.server.rpc.slowness.timeout = 300s (custom)
2023-06-01 19:11:10,620 [b39db728-622c-42ae-954c-bd0dbc524ba7-groupManagement] INFO  server.RaftServerConfigKeys (ConfUtils.java:logGet(46)) - raft.server.leaderelection.leader.step-down.wait-time = 10s (default)
2023-06-01 19:11:10,620 [b39db728-622c-42ae-954c-bd0dbc524ba7-groupManagement] INFO  server.RaftServerConfigKeys (ConfUtils.java:logGet(46)) - raft.server.sleep.deviation.threshold = 300ms (default)
2023-06-01 19:11:10,620 [b39db728-622c-42ae-954c-bd0dbc524ba7-groupManagement] INFO  server.RaftServer$Division (ServerState.java:<init>(120)) - b39db728-622c-42ae-954c-bd0dbc524ba7@group-C6431D6FC4A4: ConfigurationManager, init=-1: peers:[b39db728-622c-42ae-954c-bd0dbc524ba7|rpc:10.1.0.196:15086|admin:10.1.0.196:15085|client:10.1.0.196:15084|dataStream:10.1.0.196:15087|priority:1|startupRole:FOLLOWER, 9125f905-aa43-4d0f-845d-e6cfd4dab0cd|rpc:10.1.0.196:15077|admin:10.1.0.196:15076|client:10.1.0.196:15075|dataStream:10.1.0.196:15078|priority:0|startupRole:FOLLOWER, 36cbda38-693f-49bb-be1a-3256c6faae50|rpc:10.1.0.196:15068|admin:10.1.0.196:15067|client:10.1.0.196:15066|dataStream:10.1.0.196:15069|priority:0|startupRole:FOLLOWER]|listeners:[], old=null, confs=<EMPTY_MAP>
2023-06-01 19:11:10,620 [b39db728-622c-42ae-954c-bd0dbc524ba7-groupManagement] INFO  server.RaftServerConfigKeys (ConfUtils.java:logGet(46)) - raft.server.storage.dir = [/home/runner/work/ozone/ozone/hadoop-ozone/integration-test/target/test-dir/MiniOzoneClusterImpl-59aba430-7466-43cf-ac60-ffcd1bd17169/datanode-8/data/ratis] (custom)
2023-06-01 19:11:10,620 [b39db728-622c-42ae-954c-bd0dbc524ba7-groupManagement] INFO  server.RaftServerConfigKeys (ConfUtils.java:logGet(46)) - raft.server.log.corruption.policy = EXCEPTION (default)
2023-06-01 19:11:10,620 [b39db728-622c-42ae-954c-bd0dbc524ba7-groupManagement] INFO  server.RaftServerConfigKeys (ConfUtils.java:logGet(46)) - raft.server.storage.free-space.min = 0MB (=0) (default)
2023-06-01 19:11:10,620 [b39db728-622c-42ae-954c-bd0dbc524ba7-groupManagement] INFO  server.RaftServerConfigKeys (ConfUtils.java:logGet(46)) - raft.server.notification.no-leader.timeout = 300s (custom)
2023-06-01 19:11:10,620 [b39db728-622c-42ae-954c-bd0dbc524ba7-groupManagement] INFO  server.RaftServerConfigKeys (ConfUtils.java:logGet(46)) - raft.server.read.timeout = 10s (default)
2023-06-01 19:11:10,620 [b39db728-622c-42ae-954c-bd0dbc524ba7-groupManagement] INFO  server.RaftServerConfigKeys (ConfUtils.java:logGet(46)) - raft.server.retrycache.expirytime = 600000ms (custom)
2023-06-01 19:11:10,620 [b39db728-622c-42ae-954c-bd0dbc524ba7-groupManagement] INFO  server.RaftServerConfigKeys (ConfUtils.java:logGet(46)) - raft.server.retrycache.statistics.expirytime = 100μs (default)
2023-06-01 19:11:10,620 [b39db728-622c-42ae-954c-bd0dbc524ba7-groupManagement] INFO  server.RaftServerConfigKeys (ConfUtils.java:logGet(46)) - raft.server.read.option = DEFAULT (default)
2023-06-01 19:11:10,621 [b39db728-622c-42ae-954c-bd0dbc524ba7-groupManagement] INFO  server.RaftServerConfigKeys (ConfUtils.java:logGet(46)) - raft.server.rpc.request.timeout = 60s (custom)
2023-06-01 19:11:10,621 [b39db728-622c-42ae-954c-bd0dbc524ba7-groupManagement] INFO  server.RaftServerConfigKeys (ConfUtils.java:logGet(46)) - raft.server.log.appender.install.snapshot.enabled = false (custom)
2023-06-01 19:11:10,621 [b39db728-622c-42ae-954c-bd0dbc524ba7-groupManagement] INFO  server.RaftServerConfigKeys (ConfUtils.java:logGet(46)) - raft.server.threadpool.server.cached = true (default)
2023-06-01 19:11:10,621 [b39db728-622c-42ae-954c-bd0dbc524ba7-groupManagement] INFO  server.RaftServerConfigKeys (ConfUtils.java:logGet(46)) - raft.server.threadpool.server.size = 0 (default)
2023-06-01 19:11:10,621 [b39db728-622c-42ae-954c-bd0dbc524ba7-groupManagement] INFO  server.RaftServerConfigKeys (ConfUtils.java:logGet(46)) - raft.server.threadpool.client.cached = true (default)
2023-06-01 19:11:10,621 [b39db728-622c-42ae-954c-bd0dbc524ba7-groupManagement] INFO  server.RaftServerConfigKeys (ConfUtils.java:logGet(46)) - raft.server.threadpool.client.size = 0 (default)
2023-06-01 19:11:10,622 [b39db728-622c-42ae-954c-bd0dbc524ba7-groupManagement] INFO  storage.RaftStorageDirectory (RaftStorageDirectoryImpl.java:analyzeStorage(137)) - The storage directory /home/runner/work/ozone/ozone/hadoop-ozone/integration-test/target/test-dir/MiniOzoneClusterImpl-59aba430-7466-43cf-ac60-ffcd1bd17169/datanode-8/data/ratis/83ca58b9-41b0-4c18-a0f5-c6431d6fc4a4 does not exist. Creating ...
2023-06-01 19:11:10,623 [b39db728-622c-42ae-954c-bd0dbc524ba7-groupManagement] INFO  storage.RaftStorageDirectory (RaftStorageDirectoryImpl.java:tryLock(231)) - Lock on /home/runner/work/ozone/ozone/hadoop-ozone/integration-test/target/test-dir/MiniOzoneClusterImpl-59aba430-7466-43cf-ac60-ffcd1bd17169/datanode-8/data/ratis/83ca58b9-41b0-4c18-a0f5-c6431d6fc4a4/in_use.lock acquired by nodename 16224@fv-az163-187
2023-06-01 19:11:10,624 [b39db728-622c-42ae-954c-bd0dbc524ba7-groupManagement] INFO  storage.RaftStorage (RaftStorageImpl.java:format(96)) - Storage directory /home/runner/work/ozone/ozone/hadoop-ozone/integration-test/target/test-dir/MiniOzoneClusterImpl-59aba430-7466-43cf-ac60-ffcd1bd17169/datanode-8/data/ratis/83ca58b9-41b0-4c18-a0f5-c6431d6fc4a4 has been successfully formatted.
2023-06-01 19:11:10,624 [b39db728-622c-42ae-954c-bd0dbc524ba7-groupManagement] INFO  ratis.ContainerStateMachine (ContainerStateMachine.java:loadSnapshot(262)) - group-C6431D6FC4A4: The snapshot info is null. Setting the last applied indexto:(t:0, i:~)
2023-06-01 19:11:10,624 [b39db728-622c-42ae-954c-bd0dbc524ba7-groupManagement] INFO  server.RaftServerConfigKeys (ConfUtils.java:logGet(46)) - raft.server.log.use.memory = false (default)
2023-06-01 19:11:10,624 [b39db728-622c-42ae-954c-bd0dbc524ba7-groupManagement] INFO  server.RaftServerConfigKeys (ConfUtils.java:logGet(46)) - raft.server.log.purge.gap = 1000000 (custom)
2023-06-01 19:11:10,624 [b39db728-622c-42ae-954c-bd0dbc524ba7-groupManagement] INFO  server.RaftServerConfigKeys (ConfUtils.java:logGet(46)) - raft.server.log.appender.buffer.byte-limit = 33554432 (custom)
2023-06-01 19:11:10,624 [b39db728-622c-42ae-954c-bd0dbc524ba7-groupManagement] INFO  server.RaftServerConfigKeys (ConfUtils.java:logGet(46)) - raft.server.log.statemachine.data.read.timeout = 1000ms (default)
2023-06-01 19:11:10,624 [b39db728-622c-42ae-954c-bd0dbc524ba7-groupManagement] INFO  server.RaftServerConfigKeys (ConfUtils.java:logGet(46)) - raft.server.log.purge.preservation.log.num = 0 (default)
2023-06-01 19:11:10,625 [b39db728-622c-42ae-954c-bd0dbc524ba7-groupManagement] INFO  server.RaftServerConfigKeys (ConfUtils.java:logGet(46)) - raft.server.log.segment.size.max = 1048576 (custom)
2023-06-01 19:11:10,625 [b39db728-622c-42ae-954c-bd0dbc524ba7-groupManagement] INFO  server.RaftServerConfigKeys (ConfUtils.java:logGet(46)) - raft.server.log.segment.cache.num.max = 2 (custom)
2023-06-01 19:11:10,625 [b39db728-622c-42ae-954c-bd0dbc524ba7-groupManagement] INFO  server.RaftServerConfigKeys (ConfUtils.java:logGet(46)) - raft.server.log.segment.cache.size.max = 200MB (=209715200) (default)
2023-06-01 19:11:10,625 [b39db728-622c-42ae-954c-bd0dbc524ba7-groupManagement] INFO  server.RaftServerConfigKeys (ConfUtils.java:logGet(46)) - raft.server.log.appender.buffer.byte-limit = 33554432 (custom)
2023-06-01 19:11:10,625 [b39db728-622c-42ae-954c-bd0dbc524ba7-groupManagement] INFO  segmented.SegmentedRaftLogWorker (SegmentedRaftLogWorker.java:<init>(188)) - new b39db728-622c-42ae-954c-bd0dbc524ba7@group-C6431D6FC4A4-SegmentedRaftLogWorker for RaftStorageImpl:Storage Directory /home/runner/work/ozone/ozone/hadoop-ozone/integration-test/target/test-dir/MiniOzoneClusterImpl-59aba430-7466-43cf-ac60-ffcd1bd17169/datanode-8/data/ratis/83ca58b9-41b0-4c18-a0f5-c6431d6fc4a4
2023-06-01 19:11:10,625 [b39db728-622c-42ae-954c-bd0dbc524ba7-groupManagement] INFO  server.RaftServerConfigKeys (ConfUtils.java:logGet(46)) - raft.server.log.queue.byte-limit = 4294967296 (custom)
2023-06-01 19:11:10,625 [b39db728-622c-42ae-954c-bd0dbc524ba7-groupManagement] INFO  server.RaftServerConfigKeys (ConfUtils.java:logGet(46)) - raft.server.log.queue.element-limit = 1024 (custom)
2023-06-01 19:11:10,625 [b39db728-622c-42ae-954c-bd0dbc524ba7-groupManagement] INFO  server.RaftServerConfigKeys (ConfUtils.java:logGet(46)) - raft.server.log.segment.size.max = 1048576 (custom)
2023-06-01 19:11:10,625 [b39db728-622c-42ae-954c-bd0dbc524ba7-groupManagement] INFO  server.RaftServerConfigKeys (ConfUtils.java:logGet(46)) - raft.server.log.preallocated.size = 16384 (custom)
2023-06-01 19:11:10,625 [b39db728-622c-42ae-954c-bd0dbc524ba7-groupManagement] INFO  server.RaftServerConfigKeys (ConfUtils.java:logGet(46)) - raft.server.log.force.sync.num = 128 (default)
2023-06-01 19:11:10,625 [b39db728-622c-42ae-954c-bd0dbc524ba7-groupManagement] INFO  server.RaftServerConfigKeys (ConfUtils.java:logGet(46)) - raft.server.log.statemachine.data.sync = true (default)
2023-06-01 19:11:10,625 [b39db728-622c-42ae-954c-bd0dbc524ba7-groupManagement] INFO  server.RaftServerConfigKeys (ConfUtils.java:logGet(46)) - raft.server.log.statemachine.data.sync.timeout = 10s (default)
2023-06-01 19:11:10,625 [b39db728-622c-42ae-954c-bd0dbc524ba7-groupManagement] INFO  server.RaftServerConfigKeys (ConfUtils.java:logGet(46)) - raft.server.log.statemachine.data.sync.timeout.retry = -1 (default)
2023-06-01 19:11:10,626 [b39db728-622c-42ae-954c-bd0dbc524ba7-groupManagement] INFO  server.RaftServerConfigKeys (ConfUtils.java:logGet(46)) - raft.server.log.write.buffer.size = 1048576 (custom)
2023-06-01 19:11:10,627 [b39db728-622c-42ae-954c-bd0dbc524ba7-groupManagement] INFO  server.RaftServerConfigKeys (ConfUtils.java:logGet(46)) - raft.server.log.appender.buffer.byte-limit = 33554432 (custom)
2023-06-01 19:11:10,631 [b39db728-622c-42ae-954c-bd0dbc524ba7-groupManagement] INFO  server.RaftServerConfigKeys (ConfUtils.java:logGet(46)) - raft.server.log.unsafe-flush.enabled = false (default)
2023-06-01 19:11:10,631 [b39db728-622c-42ae-954c-bd0dbc524ba7-groupManagement] INFO  server.RaftServerConfigKeys (ConfUtils.java:logGet(46)) - raft.server.log.async-flush.enabled = false (default)
2023-06-01 19:11:10,631 [b39db728-622c-42ae-954c-bd0dbc524ba7-groupManagement] INFO  server.RaftServerConfigKeys (ConfUtils.java:logGet(46)) - raft.server.log.statemachine.data.caching.enabled = true (custom)
2023-06-01 19:11:10,631 [b39db728-622c-42ae-954c-bd0dbc524ba7-groupManagement] INFO  segmented.SegmentedRaftLogWorker (SegmentedRaftLogWorker.java:lambda$new$0(135)) - b39db728-622c-42ae-954c-bd0dbc524ba7@group-C6431D6FC4A4-SegmentedRaftLogWorker: flushIndex: setUnconditionally 0 -> -1
2023-06-01 19:11:10,631 [b39db728-622c-42ae-954c-bd0dbc524ba7-groupManagement] INFO  segmented.SegmentedRaftLogWorker (SegmentedRaftLogWorker.java:lambda$new$0(135)) - b39db728-622c-42ae-954c-bd0dbc524ba7@group-C6431D6FC4A4-SegmentedRaftLogWorker: safeCacheEvictIndex: setUnconditionally 0 -> -1
2023-06-01 19:11:10,631 [b39db728-622c-42ae-954c-bd0dbc524ba7-groupManagement] INFO  server.RaftServer$Division (RaftServerImpl.java:start(342)) - b39db728-622c-42ae-954c-bd0dbc524ba7@group-C6431D6FC4A4: start as a follower, conf=-1: peers:[b39db728-622c-42ae-954c-bd0dbc524ba7|rpc:10.1.0.196:15086|admin:10.1.0.196:15085|client:10.1.0.196:15084|dataStream:10.1.0.196:15087|priority:1|startupRole:FOLLOWER, 9125f905-aa43-4d0f-845d-e6cfd4dab0cd|rpc:10.1.0.196:15077|admin:10.1.0.196:15076|client:10.1.0.196:15075|dataStream:10.1.0.196:15078|priority:0|startupRole:FOLLOWER, 36cbda38-693f-49bb-be1a-3256c6faae50|rpc:10.1.0.196:15068|admin:10.1.0.196:15067|client:10.1.0.196:15066|dataStream:10.1.0.196:15069|priority:0|startupRole:FOLLOWER]|listeners:[], old=null
2023-06-01 19:11:10,631 [b39db728-622c-42ae-954c-bd0dbc524ba7-groupManagement] INFO  server.RaftServer$Division (RaftServerImpl.java:setRole(329)) - b39db728-622c-42ae-954c-bd0dbc524ba7@group-C6431D6FC4A4: changes role from      null to FOLLOWER at term 0 for startAsFollower
2023-06-01 19:11:10,631 [b39db728-622c-42ae-954c-bd0dbc524ba7-groupManagement] INFO  impl.RoleInfo (RoleInfo.java:updateAndGet(139)) - b39db728-622c-42ae-954c-bd0dbc524ba7: start b39db728-622c-42ae-954c-bd0dbc524ba7@group-C6431D6FC4A4-FollowerState
2023-06-01 19:11:10,632 [b39db728-622c-42ae-954c-bd0dbc524ba7-groupManagement] INFO  util.JmxRegister (JmxRegister.java:tryRegister(44)) - Successfully registered JMX Bean with object name Ratis:service=RaftServer,group=group-C6431D6FC4A4,id=b39db728-622c-42ae-954c-bd0dbc524ba7
2023-06-01 19:11:10,632 [b39db728-622c-42ae-954c-bd0dbc524ba7-groupManagement] INFO  server.RaftServerConfigKeys (ConfUtils.java:logGet(46)) - raft.server.snapshot.auto.trigger.enabled = true (custom)
2023-06-01 19:11:10,632 [b39db728-622c-42ae-954c-bd0dbc524ba7-groupManagement] INFO  server.RaftServerConfigKeys (ConfUtils.java:logGet(46)) - raft.server.snapshot.auto.trigger.threshold = 10000 (custom)
2023-06-01 19:11:10,632 [b39db728-622c-42ae-954c-bd0dbc524ba7-groupManagement] INFO  server.RaftServerConfigKeys (ConfUtils.java:logGet(46)) - raft.server.snapshot.retention.file.num = 5 (custom)
2023-06-01 19:11:10,632 [b39db728-622c-42ae-954c-bd0dbc524ba7-groupManagement] INFO  server.RaftServerConfigKeys (ConfUtils.java:logGet(46)) - raft.server.log.purge.upto.snapshot.index = false (default)
2023-06-01 19:11:10,632 [b39db728-622c-42ae-954c-bd0dbc524ba7@group-C6431D6FC4A4-FollowerState] INFO  server.RaftServerConfigKeys (ConfUtils.java:logFallback(53)) - raft.server.rpc.first-election.timeout.min = 5s (fallback to raft.server.rpc.timeout.min)
2023-06-01 19:11:10,632 [b39db728-622c-42ae-954c-bd0dbc524ba7@group-C6431D6FC4A4-FollowerState] INFO  server.RaftServerConfigKeys (ConfUtils.java:logFallback(53)) - raft.server.rpc.first-election.timeout.max = 5200ms (fallback to raft.server.rpc.timeout.max)
2023-06-01 19:11:10,644 [main] INFO  ozone.MiniOzoneClusterImpl (MiniOzoneClusterImpl.java:lambda$waitForClusterToBeReady$0(222)) - Nodes are ready. Got 10 of 10 DN Heartbeats.
2023-06-01 19:11:10,644 [main] INFO  ozone.MiniOzoneClusterImpl (MiniOzoneClusterImpl.java:lambda$waitForClusterToBeReady$0(225)) - Waiting for cluster to exit safe mode
2023-06-01 19:11:10,644 [main] INFO  ozone.MiniOzoneClusterImpl (MiniOzoneClusterImpl.java:lambda$waitForClusterToBeReady$0(227)) - SCM became leader
2023-06-01 19:11:10,668 [grpc-default-executor-0] INFO  server.RaftServer (RaftServerProxy.java:addNew(98)) - 9125f905-aa43-4d0f-845d-e6cfd4dab0cd: addNew group-C6431D6FC4A4:[b39db728-622c-42ae-954c-bd0dbc524ba7|rpc:10.1.0.196:15086|admin:10.1.0.196:15085|client:10.1.0.196:15084|dataStream:10.1.0.196:15087|priority:1|startupRole:FOLLOWER, 9125f905-aa43-4d0f-845d-e6cfd4dab0cd|rpc:10.1.0.196:15077|admin:10.1.0.196:15076|client:10.1.0.196:15075|dataStream:10.1.0.196:15078|priority:0|startupRole:FOLLOWER, 36cbda38-693f-49bb-be1a-3256c6faae50|rpc:10.1.0.196:15068|admin:10.1.0.196:15067|client:10.1.0.196:15066|dataStream:10.1.0.196:15069|priority:0|startupRole:FOLLOWER] returns group-C6431D6FC4A4:java.util.concurrent.CompletableFuture@4cfd9875[Not completed]
2023-06-01 19:11:10,669 [9125f905-aa43-4d0f-845d-e6cfd4dab0cd-groupManagement] INFO  server.RaftServer$Division (RaftServerImpl.java:<init>(198)) - 9125f905-aa43-4d0f-845d-e6cfd4dab0cd: new RaftServerImpl for group-C6431D6FC4A4:[b39db728-622c-42ae-954c-bd0dbc524ba7|rpc:10.1.0.196:15086|admin:10.1.0.196:15085|client:10.1.0.196:15084|dataStream:10.1.0.196:15087|priority:1|startupRole:FOLLOWER, 9125f905-aa43-4d0f-845d-e6cfd4dab0cd|rpc:10.1.0.196:15077|admin:10.1.0.196:15076|client:10.1.0.196:15075|dataStream:10.1.0.196:15078|priority:0|startupRole:FOLLOWER, 36cbda38-693f-49bb-be1a-3256c6faae50|rpc:10.1.0.196:15068|admin:10.1.0.196:15067|client:10.1.0.196:15066|dataStream:10.1.0.196:15069|priority:0|startupRole:FOLLOWER] with ContainerStateMachine:uninitialized
2023-06-01 19:11:10,669 [9125f905-aa43-4d0f-845d-e6cfd4dab0cd-groupManagement] INFO  server.RaftServerConfigKeys (ConfUtils.java:logGet(46)) - raft.server.rpc.timeout.min = 5s (custom)
2023-06-01 19:11:10,669 [9125f905-aa43-4d0f-845d-e6cfd4dab0cd-groupManagement] INFO  server.RaftServerConfigKeys (ConfUtils.java:logGet(46)) - raft.server.rpc.timeout.max = 5200ms (custom)
2023-06-01 19:11:10,669 [9125f905-aa43-4d0f-845d-e6cfd4dab0cd-groupManagement] INFO  server.RaftServerConfigKeys (ConfUtils.java:logGet(46)) - raft.server.rpc.sleep.time = 25ms (default)
2023-06-01 19:11:10,669 [9125f905-aa43-4d0f-845d-e6cfd4dab0cd-groupManagement] INFO  server.RaftServerConfigKeys (ConfUtils.java:logGet(46)) - raft.server.rpc.slowness.timeout = 300s (custom)
2023-06-01 19:11:10,669 [9125f905-aa43-4d0f-845d-e6cfd4dab0cd-groupManagement] INFO  server.RaftServerConfigKeys (ConfUtils.java:logGet(46)) - raft.server.leaderelection.leader.step-down.wait-time = 10s (default)
2023-06-01 19:11:10,669 [9125f905-aa43-4d0f-845d-e6cfd4dab0cd-groupManagement] INFO  server.RaftServerConfigKeys (ConfUtils.java:logGet(46)) - raft.server.sleep.deviation.threshold = 300ms (default)
2023-06-01 19:11:10,669 [9125f905-aa43-4d0f-845d-e6cfd4dab0cd-groupManagement] INFO  server.RaftServer$Division (ServerState.java:<init>(120)) - 9125f905-aa43-4d0f-845d-e6cfd4dab0cd@group-C6431D6FC4A4: ConfigurationManager, init=-1: peers:[b39db728-622c-42ae-954c-bd0dbc524ba7|rpc:10.1.0.196:15086|admin:10.1.0.196:15085|client:10.1.0.196:15084|dataStream:10.1.0.196:15087|priority:1|startupRole:FOLLOWER, 9125f905-aa43-4d0f-845d-e6cfd4dab0cd|rpc:10.1.0.196:15077|admin:10.1.0.196:15076|client:10.1.0.196:15075|dataStream:10.1.0.196:15078|priority:0|startupRole:FOLLOWER, 36cbda38-693f-49bb-be1a-3256c6faae50|rpc:10.1.0.196:15068|admin:10.1.0.196:15067|client:10.1.0.196:15066|dataStream:10.1.0.196:15069|priority:0|startupRole:FOLLOWER]|listeners:[], old=null, confs=<EMPTY_MAP>
2023-06-01 19:11:10,669 [9125f905-aa43-4d0f-845d-e6cfd4dab0cd-groupManagement] INFO  server.RaftServerConfigKeys (ConfUtils.java:logGet(46)) - raft.server.storage.dir = [/home/runner/work/ozone/ozone/hadoop-ozone/integration-test/target/test-dir/MiniOzoneClusterImpl-59aba430-7466-43cf-ac60-ffcd1bd17169/datanode-7/data/ratis] (custom)
2023-06-01 19:11:10,669 [9125f905-aa43-4d0f-845d-e6cfd4dab0cd-groupManagement] INFO  server.RaftServerConfigKeys (ConfUtils.java:logGet(46)) - raft.server.log.corruption.policy = EXCEPTION (default)
2023-06-01 19:11:10,670 [9125f905-aa43-4d0f-845d-e6cfd4dab0cd-groupManagement] INFO  server.RaftServerConfigKeys (ConfUtils.java:logGet(46)) - raft.server.storage.free-space.min = 0MB (=0) (default)
2023-06-01 19:11:10,670 [9125f905-aa43-4d0f-845d-e6cfd4dab0cd-groupManagement] INFO  server.RaftServerConfigKeys (ConfUtils.java:logGet(46)) - raft.server.notification.no-leader.timeout = 300s (custom)
2023-06-01 19:11:10,670 [9125f905-aa43-4d0f-845d-e6cfd4dab0cd-groupManagement] INFO  server.RaftServerConfigKeys (ConfUtils.java:logGet(46)) - raft.server.read.timeout = 10s (default)
2023-06-01 19:11:10,670 [9125f905-aa43-4d0f-845d-e6cfd4dab0cd-groupManagement] INFO  server.RaftServerConfigKeys (ConfUtils.java:logGet(46)) - raft.server.retrycache.expirytime = 600000ms (custom)
2023-06-01 19:11:10,670 [9125f905-aa43-4d0f-845d-e6cfd4dab0cd-groupManagement] INFO  server.RaftServerConfigKeys (ConfUtils.java:logGet(46)) - raft.server.retrycache.statistics.expirytime = 100μs (default)
2023-06-01 19:11:10,670 [9125f905-aa43-4d0f-845d-e6cfd4dab0cd-groupManagement] INFO  server.RaftServerConfigKeys (ConfUtils.java:logGet(46)) - raft.server.read.option = DEFAULT (default)
2023-06-01 19:11:10,671 [9125f905-aa43-4d0f-845d-e6cfd4dab0cd-groupManagement] INFO  server.RaftServerConfigKeys (ConfUtils.java:logGet(46)) - raft.server.rpc.request.timeout = 60s (custom)
2023-06-01 19:11:10,671 [9125f905-aa43-4d0f-845d-e6cfd4dab0cd-groupManagement] INFO  server.RaftServerConfigKeys (ConfUtils.java:logGet(46)) - raft.server.log.appender.install.snapshot.enabled = false (custom)
2023-06-01 19:11:10,671 [9125f905-aa43-4d0f-845d-e6cfd4dab0cd-groupManagement] INFO  server.RaftServerConfigKeys (ConfUtils.java:logGet(46)) - raft.server.threadpool.server.cached = true (default)
2023-06-01 19:11:10,671 [9125f905-aa43-4d0f-845d-e6cfd4dab0cd-groupManagement] INFO  server.RaftServerConfigKeys (ConfUtils.java:logGet(46)) - raft.server.threadpool.server.size = 0 (default)
2023-06-01 19:11:10,671 [9125f905-aa43-4d0f-845d-e6cfd4dab0cd-groupManagement] INFO  server.RaftServerConfigKeys (ConfUtils.java:logGet(46)) - raft.server.threadpool.client.cached = true (default)
2023-06-01 19:11:10,671 [9125f905-aa43-4d0f-845d-e6cfd4dab0cd-groupManagement] INFO  server.RaftServerConfigKeys (ConfUtils.java:logGet(46)) - raft.server.threadpool.client.size = 0 (default)
2023-06-01 19:11:10,671 [9125f905-aa43-4d0f-845d-e6cfd4dab0cd-groupManagement] INFO  storage.RaftStorageDirectory (RaftStorageDirectoryImpl.java:analyzeStorage(137)) - The storage directory /home/runner/work/ozone/ozone/hadoop-ozone/integration-test/target/test-dir/MiniOzoneClusterImpl-59aba430-7466-43cf-ac60-ffcd1bd17169/datanode-7/data/ratis/83ca58b9-41b0-4c18-a0f5-c6431d6fc4a4 does not exist. Creating ...
2023-06-01 19:11:10,672 [9125f905-aa43-4d0f-845d-e6cfd4dab0cd-groupManagement] INFO  storage.RaftStorageDirectory (RaftStorageDirectoryImpl.java:tryLock(231)) - Lock on /home/runner/work/ozone/ozone/hadoop-ozone/integration-test/target/test-dir/MiniOzoneClusterImpl-59aba430-7466-43cf-ac60-ffcd1bd17169/datanode-7/data/ratis/83ca58b9-41b0-4c18-a0f5-c6431d6fc4a4/in_use.lock acquired by nodename 16224@fv-az163-187
2023-06-01 19:11:10,673 [9125f905-aa43-4d0f-845d-e6cfd4dab0cd-groupManagement] INFO  storage.RaftStorage (RaftStorageImpl.java:format(96)) - Storage directory /home/runner/work/ozone/ozone/hadoop-ozone/integration-test/target/test-dir/MiniOzoneClusterImpl-59aba430-7466-43cf-ac60-ffcd1bd17169/datanode-7/data/ratis/83ca58b9-41b0-4c18-a0f5-c6431d6fc4a4 has been successfully formatted.
2023-06-01 19:11:10,676 [9125f905-aa43-4d0f-845d-e6cfd4dab0cd-groupManagement] INFO  ratis.ContainerStateMachine (ContainerStateMachine.java:loadSnapshot(262)) - group-C6431D6FC4A4: The snapshot info is null. Setting the last applied indexto:(t:0, i:~)
2023-06-01 19:11:10,676 [9125f905-aa43-4d0f-845d-e6cfd4dab0cd-groupManagement] INFO  server.RaftServerConfigKeys (ConfUtils.java:logGet(46)) - raft.server.log.use.memory = false (default)
2023-06-01 19:11:10,676 [9125f905-aa43-4d0f-845d-e6cfd4dab0cd-groupManagement] INFO  server.RaftServerConfigKeys (ConfUtils.java:logGet(46)) - raft.server.log.purge.gap = 1000000 (custom)
2023-06-01 19:11:10,676 [9125f905-aa43-4d0f-845d-e6cfd4dab0cd-groupManagement] INFO  server.RaftServerConfigKeys (ConfUtils.java:logGet(46)) - raft.server.log.appender.buffer.byte-limit = 33554432 (custom)
2023-06-01 19:11:10,676 [9125f905-aa43-4d0f-845d-e6cfd4dab0cd-groupManagement] INFO  server.RaftServerConfigKeys (ConfUtils.java:logGet(46)) - raft.server.log.statemachine.data.read.timeout = 1000ms (default)
2023-06-01 19:11:10,676 [9125f905-aa43-4d0f-845d-e6cfd4dab0cd-groupManagement] INFO  server.RaftServerConfigKeys (ConfUtils.java:logGet(46)) - raft.server.log.purge.preservation.log.num = 0 (default)
2023-06-01 19:11:10,676 [9125f905-aa43-4d0f-845d-e6cfd4dab0cd-groupManagement] INFO  server.RaftServerConfigKeys (ConfUtils.java:logGet(46)) - raft.server.log.segment.size.max = 1048576 (custom)
2023-06-01 19:11:10,677 [9125f905-aa43-4d0f-845d-e6cfd4dab0cd-groupManagement] INFO  server.RaftServerConfigKeys (ConfUtils.java:logGet(46)) - raft.server.log.segment.cache.num.max = 2 (custom)
2023-06-01 19:11:10,677 [9125f905-aa43-4d0f-845d-e6cfd4dab0cd-groupManagement] INFO  server.RaftServerConfigKeys (ConfUtils.java:logGet(46)) - raft.server.log.segment.cache.size.max = 200MB (=209715200) (default)
2023-06-01 19:11:10,677 [9125f905-aa43-4d0f-845d-e6cfd4dab0cd-groupManagement] INFO  server.RaftServerConfigKeys (ConfUtils.java:logGet(46)) - raft.server.log.appender.buffer.byte-limit = 33554432 (custom)
2023-06-01 19:11:10,677 [9125f905-aa43-4d0f-845d-e6cfd4dab0cd-groupManagement] INFO  segmented.SegmentedRaftLogWorker (SegmentedRaftLogWorker.java:<init>(188)) - new 9125f905-aa43-4d0f-845d-e6cfd4dab0cd@group-C6431D6FC4A4-SegmentedRaftLogWorker for RaftStorageImpl:Storage Directory /home/runner/work/ozone/ozone/hadoop-ozone/integration-test/target/test-dir/MiniOzoneClusterImpl-59aba430-7466-43cf-ac60-ffcd1bd17169/datanode-7/data/ratis/83ca58b9-41b0-4c18-a0f5-c6431d6fc4a4
2023-06-01 19:11:10,677 [9125f905-aa43-4d0f-845d-e6cfd4dab0cd-groupManagement] INFO  server.RaftServerConfigKeys (ConfUtils.java:logGet(46)) - raft.server.log.queue.byte-limit = 4294967296 (custom)
2023-06-01 19:11:10,677 [9125f905-aa43-4d0f-845d-e6cfd4dab0cd-groupManagement] INFO  server.RaftServerConfigKeys (ConfUtils.java:logGet(46)) - raft.server.log.queue.element-limit = 1024 (custom)
2023-06-01 19:11:10,677 [9125f905-aa43-4d0f-845d-e6cfd4dab0cd-groupManagement] INFO  server.RaftServerConfigKeys (ConfUtils.java:logGet(46)) - raft.server.log.segment.size.max = 1048576 (custom)
2023-06-01 19:11:10,677 [9125f905-aa43-4d0f-845d-e6cfd4dab0cd-groupManagement] INFO  server.RaftServerConfigKeys (ConfUtils.java:logGet(46)) - raft.server.log.preallocated.size = 16384 (custom)
2023-06-01 19:11:10,677 [9125f905-aa43-4d0f-845d-e6cfd4dab0cd-groupManagement] INFO  server.RaftServerConfigKeys (ConfUtils.java:logGet(46)) - raft.server.log.force.sync.num = 128 (default)
2023-06-01 19:11:10,677 [9125f905-aa43-4d0f-845d-e6cfd4dab0cd-groupManagement] INFO  server.RaftServerConfigKeys (ConfUtils.java:logGet(46)) - raft.server.log.statemachine.data.sync = true (default)
2023-06-01 19:11:10,677 [9125f905-aa43-4d0f-845d-e6cfd4dab0cd-groupManagement] INFO  server.RaftServerConfigKeys (ConfUtils.java:logGet(46)) - raft.server.log.statemachine.data.sync.timeout = 10s (default)
2023-06-01 19:11:10,677 [9125f905-aa43-4d0f-845d-e6cfd4dab0cd-groupManagement] INFO  server.RaftServerConfigKeys (ConfUtils.java:logGet(46)) - raft.server.log.statemachine.data.sync.timeout.retry = -1 (default)
2023-06-01 19:11:10,679 [9125f905-aa43-4d0f-845d-e6cfd4dab0cd-groupManagement] INFO  server.RaftServerConfigKeys (ConfUtils.java:logGet(46)) - raft.server.log.write.buffer.size = 1048576 (custom)
2023-06-01 19:11:10,679 [9125f905-aa43-4d0f-845d-e6cfd4dab0cd-groupManagement] INFO  server.RaftServerConfigKeys (ConfUtils.java:logGet(46)) - raft.server.log.appender.buffer.byte-limit = 33554432 (custom)
2023-06-01 19:11:10,683 [9125f905-aa43-4d0f-845d-e6cfd4dab0cd-groupManagement] INFO  server.RaftServerConfigKeys (ConfUtils.java:logGet(46)) - raft.server.log.unsafe-flush.enabled = false (default)
2023-06-01 19:11:10,683 [9125f905-aa43-4d0f-845d-e6cfd4dab0cd-groupManagement] INFO  server.RaftServerConfigKeys (ConfUtils.java:logGet(46)) - raft.server.log.async-flush.enabled = false (default)
2023-06-01 19:11:10,683 [9125f905-aa43-4d0f-845d-e6cfd4dab0cd-groupManagement] INFO  server.RaftServerConfigKeys (ConfUtils.java:logGet(46)) - raft.server.log.statemachine.data.caching.enabled = true (custom)
2023-06-01 19:11:10,683 [9125f905-aa43-4d0f-845d-e6cfd4dab0cd-groupManagement] INFO  segmented.SegmentedRaftLogWorker (SegmentedRaftLogWorker.java:lambda$new$0(135)) - 9125f905-aa43-4d0f-845d-e6cfd4dab0cd@group-C6431D6FC4A4-SegmentedRaftLogWorker: flushIndex: setUnconditionally 0 -> -1
2023-06-01 19:11:10,683 [9125f905-aa43-4d0f-845d-e6cfd4dab0cd-groupManagement] INFO  segmented.SegmentedRaftLogWorker (SegmentedRaftLogWorker.java:lambda$new$0(135)) - 9125f905-aa43-4d0f-845d-e6cfd4dab0cd@group-C6431D6FC4A4-SegmentedRaftLogWorker: safeCacheEvictIndex: setUnconditionally 0 -> -1
2023-06-01 19:11:10,683 [9125f905-aa43-4d0f-845d-e6cfd4dab0cd-groupManagement] INFO  server.RaftServer$Division (RaftServerImpl.java:start(342)) - 9125f905-aa43-4d0f-845d-e6cfd4dab0cd@group-C6431D6FC4A4: start as a follower, conf=-1: peers:[b39db728-622c-42ae-954c-bd0dbc524ba7|rpc:10.1.0.196:15086|admin:10.1.0.196:15085|client:10.1.0.196:15084|dataStream:10.1.0.196:15087|priority:1|startupRole:FOLLOWER, 9125f905-aa43-4d0f-845d-e6cfd4dab0cd|rpc:10.1.0.196:15077|admin:10.1.0.196:15076|client:10.1.0.196:15075|dataStream:10.1.0.196:15078|priority:0|startupRole:FOLLOWER, 36cbda38-693f-49bb-be1a-3256c6faae50|rpc:10.1.0.196:15068|admin:10.1.0.196:15067|client:10.1.0.196:15066|dataStream:10.1.0.196:15069|priority:0|startupRole:FOLLOWER]|listeners:[], old=null
2023-06-01 19:11:10,683 [9125f905-aa43-4d0f-845d-e6cfd4dab0cd-groupManagement] INFO  server.RaftServer$Division (RaftServerImpl.java:setRole(329)) - 9125f905-aa43-4d0f-845d-e6cfd4dab0cd@group-C6431D6FC4A4: changes role from      null to FOLLOWER at term 0 for startAsFollower
2023-06-01 19:11:10,683 [9125f905-aa43-4d0f-845d-e6cfd4dab0cd-groupManagement] INFO  impl.RoleInfo (RoleInfo.java:updateAndGet(139)) - 9125f905-aa43-4d0f-845d-e6cfd4dab0cd: start 9125f905-aa43-4d0f-845d-e6cfd4dab0cd@group-C6431D6FC4A4-FollowerState
2023-06-01 19:11:10,686 [9125f905-aa43-4d0f-845d-e6cfd4dab0cd-groupManagement] INFO  util.JmxRegister (JmxRegister.java:tryRegister(44)) - Successfully registered JMX Bean with object name Ratis:service=RaftServer,group=group-C6431D6FC4A4,id=9125f905-aa43-4d0f-845d-e6cfd4dab0cd
2023-06-01 19:11:10,686 [9125f905-aa43-4d0f-845d-e6cfd4dab0cd-groupManagement] INFO  server.RaftServerConfigKeys (ConfUtils.java:logGet(46)) - raft.server.snapshot.auto.trigger.enabled = true (custom)
2023-06-01 19:11:10,686 [9125f905-aa43-4d0f-845d-e6cfd4dab0cd-groupManagement] INFO  server.RaftServerConfigKeys (ConfUtils.java:logGet(46)) - raft.server.snapshot.auto.trigger.threshold = 10000 (custom)
2023-06-01 19:11:10,686 [9125f905-aa43-4d0f-845d-e6cfd4dab0cd-groupManagement] INFO  server.RaftServerConfigKeys (ConfUtils.java:logGet(46)) - raft.server.snapshot.retention.file.num = 5 (custom)
2023-06-01 19:11:10,686 [9125f905-aa43-4d0f-845d-e6cfd4dab0cd-groupManagement] INFO  server.RaftServerConfigKeys (ConfUtils.java:logGet(46)) - raft.server.log.purge.upto.snapshot.index = false (default)
2023-06-01 19:11:10,687 [9125f905-aa43-4d0f-845d-e6cfd4dab0cd@group-C6431D6FC4A4-FollowerState] INFO  server.RaftServerConfigKeys (ConfUtils.java:logFallback(53)) - raft.server.rpc.first-election.timeout.min = 5s (fallback to raft.server.rpc.timeout.min)
2023-06-01 19:11:10,687 [9125f905-aa43-4d0f-845d-e6cfd4dab0cd@group-C6431D6FC4A4-FollowerState] INFO  server.RaftServerConfigKeys (ConfUtils.java:logFallback(53)) - raft.server.rpc.first-election.timeout.max = 5200ms (fallback to raft.server.rpc.timeout.max)
2023-06-01 19:11:10,695 [PipelineCommandHandlerThread-0] INFO  commandhandler.CreatePipelineCommandHandler (CreatePipelineCommandHandler.java:lambda$handle$2(124)) - Created Pipeline RATIS THREE PipelineID=83ca58b9-41b0-4c18-a0f5-c6431d6fc4a4.
2023-06-01 19:11:10,828 [PipelineCommandHandlerThread-0] INFO  server.RaftServer (RaftServerProxy.java:addNew(98)) - 9125f905-aa43-4d0f-845d-e6cfd4dab0cd: addNew group-83208DDAA812:[9125f905-aa43-4d0f-845d-e6cfd4dab0cd|rpc:10.1.0.196:15077|admin:10.1.0.196:15076|client:10.1.0.196:15075|dataStream:10.1.0.196:15078|priority:1|startupRole:FOLLOWER] returns group-83208DDAA812:java.util.concurrent.CompletableFuture@4c70f17c[Not completed]
2023-06-01 19:11:10,829 [9125f905-aa43-4d0f-845d-e6cfd4dab0cd-groupManagement] INFO  server.RaftServer$Division (RaftServerImpl.java:<init>(198)) - 9125f905-aa43-4d0f-845d-e6cfd4dab0cd: new RaftServerImpl for group-83208DDAA812:[9125f905-aa43-4d0f-845d-e6cfd4dab0cd|rpc:10.1.0.196:15077|admin:10.1.0.196:15076|client:10.1.0.196:15075|dataStream:10.1.0.196:15078|priority:1|startupRole:FOLLOWER] with ContainerStateMachine:uninitialized
2023-06-01 19:11:10,829 [9125f905-aa43-4d0f-845d-e6cfd4dab0cd-groupManagement] INFO  server.RaftServerConfigKeys (ConfUtils.java:logGet(46)) - raft.server.rpc.timeout.min = 5s (custom)
2023-06-01 19:11:10,829 [9125f905-aa43-4d0f-845d-e6cfd4dab0cd-groupManagement] INFO  server.RaftServerConfigKeys (ConfUtils.java:logGet(46)) - raft.server.rpc.timeout.max = 5200ms (custom)
2023-06-01 19:11:10,829 [9125f905-aa43-4d0f-845d-e6cfd4dab0cd-groupManagement] INFO  server.RaftServerConfigKeys (ConfUtils.java:logGet(46)) - raft.server.rpc.sleep.time = 25ms (default)
2023-06-01 19:11:10,829 [9125f905-aa43-4d0f-845d-e6cfd4dab0cd-groupManagement] INFO  server.RaftServerConfigKeys (ConfUtils.java:logGet(46)) - raft.server.rpc.slowness.timeout = 300s (custom)
2023-06-01 19:11:10,829 [9125f905-aa43-4d0f-845d-e6cfd4dab0cd-groupManagement] INFO  server.RaftServerConfigKeys (ConfUtils.java:logGet(46)) - raft.server.leaderelection.leader.step-down.wait-time = 10s (default)
2023-06-01 19:11:10,829 [9125f905-aa43-4d0f-845d-e6cfd4dab0cd-groupManagement] INFO  server.RaftServerConfigKeys (ConfUtils.java:logGet(46)) - raft.server.sleep.deviation.threshold = 300ms (default)
2023-06-01 19:11:10,829 [9125f905-aa43-4d0f-845d-e6cfd4dab0cd-groupManagement] INFO  server.RaftServer$Division (ServerState.java:<init>(120)) - 9125f905-aa43-4d0f-845d-e6cfd4dab0cd@group-83208DDAA812: ConfigurationManager, init=-1: peers:[9125f905-aa43-4d0f-845d-e6cfd4dab0cd|rpc:10.1.0.196:15077|admin:10.1.0.196:15076|client:10.1.0.196:15075|dataStream:10.1.0.196:15078|priority:1|startupRole:FOLLOWER]|listeners:[], old=null, confs=<EMPTY_MAP>
2023-06-01 19:11:10,829 [9125f905-aa43-4d0f-845d-e6cfd4dab0cd-groupManagement] INFO  server.RaftServerConfigKeys (ConfUtils.java:logGet(46)) - raft.server.storage.dir = [/home/runner/work/ozone/ozone/hadoop-ozone/integration-test/target/test-dir/MiniOzoneClusterImpl-59aba430-7466-43cf-ac60-ffcd1bd17169/datanode-7/data/ratis] (custom)
2023-06-01 19:11:10,829 [9125f905-aa43-4d0f-845d-e6cfd4dab0cd-groupManagement] INFO  server.RaftServerConfigKeys (ConfUtils.java:logGet(46)) - raft.server.log.corruption.policy = EXCEPTION (default)
2023-06-01 19:11:10,829 [9125f905-aa43-4d0f-845d-e6cfd4dab0cd-groupManagement] INFO  server.RaftServerConfigKeys (ConfUtils.java:logGet(46)) - raft.server.storage.free-space.min = 0MB (=0) (default)
2023-06-01 19:11:10,829 [9125f905-aa43-4d0f-845d-e6cfd4dab0cd-groupManagement] INFO  server.RaftServerConfigKeys (ConfUtils.java:logGet(46)) - raft.server.notification.no-leader.timeout = 300s (custom)
2023-06-01 19:11:10,829 [9125f905-aa43-4d0f-845d-e6cfd4dab0cd-groupManagement] INFO  server.RaftServerConfigKeys (ConfUtils.java:logGet(46)) - raft.server.read.timeout = 10s (default)
2023-06-01 19:11:10,829 [9125f905-aa43-4d0f-845d-e6cfd4dab0cd-groupManagement] INFO  server.RaftServerConfigKeys (ConfUtils.java:logGet(46)) - raft.server.retrycache.expirytime = 600000ms (custom)
2023-06-01 19:11:10,829 [9125f905-aa43-4d0f-845d-e6cfd4dab0cd-groupManagement] INFO  server.RaftServerConfigKeys (ConfUtils.java:logGet(46)) - raft.server.retrycache.statistics.expirytime = 100μs (default)
2023-06-01 19:11:10,829 [9125f905-aa43-4d0f-845d-e6cfd4dab0cd-groupManagement] INFO  server.RaftServerConfigKeys (ConfUtils.java:logGet(46)) - raft.server.read.option = DEFAULT (default)
2023-06-01 19:11:10,830 [9125f905-aa43-4d0f-845d-e6cfd4dab0cd-groupManagement] INFO  server.RaftServerConfigKeys (ConfUtils.java:logGet(46)) - raft.server.rpc.request.timeout = 60s (custom)
2023-06-01 19:11:10,830 [9125f905-aa43-4d0f-845d-e6cfd4dab0cd-groupManagement] INFO  server.RaftServerConfigKeys (ConfUtils.java:logGet(46)) - raft.server.log.appender.install.snapshot.enabled = false (custom)
2023-06-01 19:11:10,830 [9125f905-aa43-4d0f-845d-e6cfd4dab0cd-groupManagement] INFO  server.RaftServerConfigKeys (ConfUtils.java:logGet(46)) - raft.server.threadpool.server.cached = true (default)
2023-06-01 19:11:10,831 [9125f905-aa43-4d0f-845d-e6cfd4dab0cd-groupManagement] INFO  server.RaftServerConfigKeys (ConfUtils.java:logGet(46)) - raft.server.threadpool.server.size = 0 (default)
2023-06-01 19:11:10,831 [9125f905-aa43-4d0f-845d-e6cfd4dab0cd-groupManagement] INFO  server.RaftServerConfigKeys (ConfUtils.java:logGet(46)) - raft.server.threadpool.client.cached = true (default)
2023-06-01 19:11:10,831 [9125f905-aa43-4d0f-845d-e6cfd4dab0cd-groupManagement] INFO  server.RaftServerConfigKeys (ConfUtils.java:logGet(46)) - raft.server.threadpool.client.size = 0 (default)
2023-06-01 19:11:10,831 [9125f905-aa43-4d0f-845d-e6cfd4dab0cd-groupManagement] INFO  storage.RaftStorageDirectory (RaftStorageDirectoryImpl.java:analyzeStorage(137)) - The storage directory /home/runner/work/ozone/ozone/hadoop-ozone/integration-test/target/test-dir/MiniOzoneClusterImpl-59aba430-7466-43cf-ac60-ffcd1bd17169/datanode-7/data/ratis/3cac352c-eeac-4f1f-960c-83208ddaa812 does not exist. Creating ...
2023-06-01 19:11:10,832 [9125f905-aa43-4d0f-845d-e6cfd4dab0cd-groupManagement] INFO  storage.RaftStorageDirectory (RaftStorageDirectoryImpl.java:tryLock(231)) - Lock on /home/runner/work/ozone/ozone/hadoop-ozone/integration-test/target/test-dir/MiniOzoneClusterImpl-59aba430-7466-43cf-ac60-ffcd1bd17169/datanode-7/data/ratis/3cac352c-eeac-4f1f-960c-83208ddaa812/in_use.lock acquired by nodename 16224@fv-az163-187
2023-06-01 19:11:10,833 [9125f905-aa43-4d0f-845d-e6cfd4dab0cd-groupManagement] INFO  storage.RaftStorage (RaftStorageImpl.java:format(96)) - Storage directory /home/runner/work/ozone/ozone/hadoop-ozone/integration-test/target/test-dir/MiniOzoneClusterImpl-59aba430-7466-43cf-ac60-ffcd1bd17169/datanode-7/data/ratis/3cac352c-eeac-4f1f-960c-83208ddaa812 has been successfully formatted.
2023-06-01 19:11:10,835 [EventQueue-PipelineReportForPipelineReportHandler] INFO  pipeline.PipelineManagerImpl (PipelineManagerImpl.java:openPipeline(367)) - Pipeline Pipeline[ Id: 3cac352c-eeac-4f1f-960c-83208ddaa812, Nodes: 9125f905-aa43-4d0f-845d-e6cfd4dab0cd(fv-az163-187.kzyshwy3mise5klwsllqwzgzyb.cx.internal.cloudapp.net/10.1.0.196), ReplicationConfig: RATIS/ONE, State:ALLOCATED, leaderId:9125f905-aa43-4d0f-845d-e6cfd4dab0cd, CreationTimestamp2023-06-01T19:11:07.832Z[Etc/UTC]] moved to OPEN state
2023-06-01 19:11:10,835 [EventQueue-OpenPipelineForHealthyPipelineSafeModeRule] INFO  safemode.SCMSafeModeManager (HealthyPipelineSafeModeRule.java:process(137)) - SCM in safe mode. Healthy pipelines reported count is 0, required healthy pipeline reported count is 1
2023-06-01 19:11:10,836 [9125f905-aa43-4d0f-845d-e6cfd4dab0cd-groupManagement] INFO  ratis.ContainerStateMachine (ContainerStateMachine.java:loadSnapshot(262)) - group-83208DDAA812: The snapshot info is null. Setting the last applied indexto:(t:0, i:~)
2023-06-01 19:11:10,836 [9125f905-aa43-4d0f-845d-e6cfd4dab0cd-groupManagement] INFO  server.RaftServerConfigKeys (ConfUtils.java:logGet(46)) - raft.server.log.use.memory = false (default)
2023-06-01 19:11:10,836 [9125f905-aa43-4d0f-845d-e6cfd4dab0cd-groupManagement] INFO  server.RaftServerConfigKeys (ConfUtils.java:logGet(46)) - raft.server.log.purge.gap = 1000000 (custom)
2023-06-01 19:11:10,836 [9125f905-aa43-4d0f-845d-e6cfd4dab0cd-groupManagement] INFO  server.RaftServerConfigKeys (ConfUtils.java:logGet(46)) - raft.server.log.appender.buffer.byte-limit = 33554432 (custom)
2023-06-01 19:11:10,836 [9125f905-aa43-4d0f-845d-e6cfd4dab0cd-groupManagement] INFO  server.RaftServerConfigKeys (ConfUtils.java:logGet(46)) - raft.server.log.statemachine.data.read.timeout = 1000ms (default)
2023-06-01 19:11:10,836 [9125f905-aa43-4d0f-845d-e6cfd4dab0cd-groupManagement] INFO  server.RaftServerConfigKeys (ConfUtils.java:logGet(46)) - raft.server.log.purge.preservation.log.num = 0 (default)
2023-06-01 19:11:10,836 [9125f905-aa43-4d0f-845d-e6cfd4dab0cd-groupManagement] INFO  server.RaftServerConfigKeys (ConfUtils.java:logGet(46)) - raft.server.log.segment.size.max = 1048576 (custom)
2023-06-01 19:11:10,836 [9125f905-aa43-4d0f-845d-e6cfd4dab0cd-groupManagement] INFO  server.RaftServerConfigKeys (ConfUtils.java:logGet(46)) - raft.server.log.segment.cache.num.max = 2 (custom)
2023-06-01 19:11:10,836 [9125f905-aa43-4d0f-845d-e6cfd4dab0cd-groupManagement] INFO  server.RaftServerConfigKeys (ConfUtils.java:logGet(46)) - raft.server.log.segment.cache.size.max = 200MB (=209715200) (default)
2023-06-01 19:11:10,836 [9125f905-aa43-4d0f-845d-e6cfd4dab0cd-groupManagement] INFO  server.RaftServerConfigKeys (ConfUtils.java:logGet(46)) - raft.server.log.appender.buffer.byte-limit = 33554432 (custom)
2023-06-01 19:11:10,837 [9125f905-aa43-4d0f-845d-e6cfd4dab0cd-groupManagement] INFO  segmented.SegmentedRaftLogWorker (SegmentedRaftLogWorker.java:<init>(188)) - new 9125f905-aa43-4d0f-845d-e6cfd4dab0cd@group-83208DDAA812-SegmentedRaftLogWorker for RaftStorageImpl:Storage Directory /home/runner/work/ozone/ozone/hadoop-ozone/integration-test/target/test-dir/MiniOzoneClusterImpl-59aba430-7466-43cf-ac60-ffcd1bd17169/datanode-7/data/ratis/3cac352c-eeac-4f1f-960c-83208ddaa812
2023-06-01 19:11:10,837 [9125f905-aa43-4d0f-845d-e6cfd4dab0cd-groupManagement] INFO  server.RaftServerConfigKeys (ConfUtils.java:logGet(46)) - raft.server.log.queue.byte-limit = 4294967296 (custom)
2023-06-01 19:11:10,837 [9125f905-aa43-4d0f-845d-e6cfd4dab0cd-groupManagement] INFO  server.RaftServerConfigKeys (ConfUtils.java:logGet(46)) - raft.server.log.queue.element-limit = 1024 (custom)
2023-06-01 19:11:10,837 [9125f905-aa43-4d0f-845d-e6cfd4dab0cd-groupManagement] INFO  server.RaftServerConfigKeys (ConfUtils.java:logGet(46)) - raft.server.log.segment.size.max = 1048576 (custom)
2023-06-01 19:11:10,837 [9125f905-aa43-4d0f-845d-e6cfd4dab0cd-groupManagement] INFO  server.RaftServerConfigKeys (ConfUtils.java:logGet(46)) - raft.server.log.preallocated.size = 16384 (custom)
2023-06-01 19:11:10,837 [9125f905-aa43-4d0f-845d-e6cfd4dab0cd-groupManagement] INFO  server.RaftServerConfigKeys (ConfUtils.java:logGet(46)) - raft.server.log.force.sync.num = 128 (default)
2023-06-01 19:11:10,837 [9125f905-aa43-4d0f-845d-e6cfd4dab0cd-groupManagement] INFO  server.RaftServerConfigKeys (ConfUtils.java:logGet(46)) - raft.server.log.statemachine.data.sync = true (default)
2023-06-01 19:11:10,837 [9125f905-aa43-4d0f-845d-e6cfd4dab0cd-groupManagement] INFO  server.RaftServerConfigKeys (ConfUtils.java:logGet(46)) - raft.server.log.statemachine.data.sync.timeout = 10s (default)
2023-06-01 19:11:10,837 [9125f905-aa43-4d0f-845d-e6cfd4dab0cd-groupManagement] INFO  server.RaftServerConfigKeys (ConfUtils.java:logGet(46)) - raft.server.log.statemachine.data.sync.timeout.retry = -1 (default)
2023-06-01 19:11:10,838 [9125f905-aa43-4d0f-845d-e6cfd4dab0cd-groupManagement] INFO  server.RaftServerConfigKeys (ConfUtils.java:logGet(46)) - raft.server.log.write.buffer.size = 1048576 (custom)
2023-06-01 19:11:10,838 [9125f905-aa43-4d0f-845d-e6cfd4dab0cd-groupManagement] INFO  server.RaftServerConfigKeys (ConfUtils.java:logGet(46)) - raft.server.log.appender.buffer.byte-limit = 33554432 (custom)
2023-06-01 19:11:10,841 [9125f905-aa43-4d0f-845d-e6cfd4dab0cd-groupManagement] INFO  server.RaftServerConfigKeys (ConfUtils.java:logGet(46)) - raft.server.log.unsafe-flush.enabled = false (default)
2023-06-01 19:11:10,841 [9125f905-aa43-4d0f-845d-e6cfd4dab0cd-groupManagement] INFO  server.RaftServerConfigKeys (ConfUtils.java:logGet(46)) - raft.server.log.async-flush.enabled = false (default)
2023-06-01 19:11:10,841 [9125f905-aa43-4d0f-845d-e6cfd4dab0cd-groupManagement] INFO  server.RaftServerConfigKeys (ConfUtils.java:logGet(46)) - raft.server.log.statemachine.data.caching.enabled = true (custom)
2023-06-01 19:11:10,841 [9125f905-aa43-4d0f-845d-e6cfd4dab0cd-groupManagement] INFO  segmented.SegmentedRaftLogWorker (SegmentedRaftLogWorker.java:lambda$new$0(135)) - 9125f905-aa43-4d0f-845d-e6cfd4dab0cd@group-83208DDAA812-SegmentedRaftLogWorker: flushIndex: setUnconditionally 0 -> -1
2023-06-01 19:11:10,841 [9125f905-aa43-4d0f-845d-e6cfd4dab0cd-groupManagement] INFO  segmented.SegmentedRaftLogWorker (SegmentedRaftLogWorker.java:lambda$new$0(135)) - 9125f905-aa43-4d0f-845d-e6cfd4dab0cd@group-83208DDAA812-SegmentedRaftLogWorker: safeCacheEvictIndex: setUnconditionally 0 -> -1
2023-06-01 19:11:10,842 [9125f905-aa43-4d0f-845d-e6cfd4dab0cd-groupManagement] INFO  server.RaftServer$Division (RaftServerImpl.java:start(342)) - 9125f905-aa43-4d0f-845d-e6cfd4dab0cd@group-83208DDAA812: start as a follower, conf=-1: peers:[9125f905-aa43-4d0f-845d-e6cfd4dab0cd|rpc:10.1.0.196:15077|admin:10.1.0.196:15076|client:10.1.0.196:15075|dataStream:10.1.0.196:15078|priority:1|startupRole:FOLLOWER]|listeners:[], old=null
2023-06-01 19:11:10,842 [9125f905-aa43-4d0f-845d-e6cfd4dab0cd-groupManagement] INFO  server.RaftServer$Division (RaftServerImpl.java:setRole(329)) - 9125f905-aa43-4d0f-845d-e6cfd4dab0cd@group-83208DDAA812: changes role from      null to FOLLOWER at term 0 for startAsFollower
2023-06-01 19:11:10,842 [9125f905-aa43-4d0f-845d-e6cfd4dab0cd-groupManagement] INFO  impl.RoleInfo (RoleInfo.java:updateAndGet(139)) - 9125f905-aa43-4d0f-845d-e6cfd4dab0cd: start 9125f905-aa43-4d0f-845d-e6cfd4dab0cd@group-83208DDAA812-FollowerState
2023-06-01 19:11:10,842 [9125f905-aa43-4d0f-845d-e6cfd4dab0cd-groupManagement] INFO  util.JmxRegister (JmxRegister.java:tryRegister(44)) - Successfully registered JMX Bean with object name Ratis:service=RaftServer,group=group-83208DDAA812,id=9125f905-aa43-4d0f-845d-e6cfd4dab0cd
2023-06-01 19:11:10,842 [9125f905-aa43-4d0f-845d-e6cfd4dab0cd-groupManagement] INFO  server.RaftServerConfigKeys (ConfUtils.java:logGet(46)) - raft.server.snapshot.auto.trigger.enabled = true (custom)
2023-06-01 19:11:10,842 [9125f905-aa43-4d0f-845d-e6cfd4dab0cd-groupManagement] INFO  server.RaftServerConfigKeys (ConfUtils.java:logGet(46)) - raft.server.snapshot.auto.trigger.threshold = 10000 (custom)
2023-06-01 19:11:10,842 [9125f905-aa43-4d0f-845d-e6cfd4dab0cd-groupManagement] INFO  server.RaftServerConfigKeys (ConfUtils.java:logGet(46)) - raft.server.snapshot.retention.file.num = 5 (custom)
2023-06-01 19:11:10,842 [9125f905-aa43-4d0f-845d-e6cfd4dab0cd-groupManagement] INFO  server.RaftServerConfigKeys (ConfUtils.java:logGet(46)) - raft.server.log.purge.upto.snapshot.index = false (default)
2023-06-01 19:11:10,843 [PipelineCommandHandlerThread-0] INFO  ratis.XceiverServerRatis (XceiverServerRatis.java:addGroup(804)) - Created group PipelineID=3cac352c-eeac-4f1f-960c-83208ddaa812
2023-06-01 19:11:10,843 [9125f905-aa43-4d0f-845d-e6cfd4dab0cd@group-83208DDAA812-FollowerState] INFO  server.RaftServerConfigKeys (ConfUtils.java:logFallback(53)) - raft.server.rpc.first-election.timeout.min = 5s (fallback to raft.server.rpc.timeout.min)
2023-06-01 19:11:10,843 [PipelineCommandHandlerThread-0] INFO  commandhandler.CreatePipelineCommandHandler (CreatePipelineCommandHandler.java:lambda$handle$2(124)) - Created Pipeline RATIS ONE PipelineID=3cac352c-eeac-4f1f-960c-83208ddaa812.
2023-06-01 19:11:10,843 [9125f905-aa43-4d0f-845d-e6cfd4dab0cd@group-83208DDAA812-FollowerState] INFO  server.RaftServerConfigKeys (ConfUtils.java:logFallback(53)) - raft.server.rpc.first-election.timeout.max = 5200ms (fallback to raft.server.rpc.timeout.max)
2023-06-01 19:11:11,196 [PipelineCommandHandlerThread-0] INFO  server.RaftServer (RaftServerProxy.java:addNew(98)) - b39db728-622c-42ae-954c-bd0dbc524ba7: addNew group-E0CD80DDF985:[b39db728-622c-42ae-954c-bd0dbc524ba7|rpc:10.1.0.196:15086|admin:10.1.0.196:15085|client:10.1.0.196:15084|dataStream:10.1.0.196:15087|priority:1|startupRole:FOLLOWER] returns group-E0CD80DDF985:java.util.concurrent.CompletableFuture@2cd95aa1[Not completed]
2023-06-01 19:11:11,196 [b39db728-622c-42ae-954c-bd0dbc524ba7-groupManagement] INFO  server.RaftServer$Division (RaftServerImpl.java:<init>(198)) - b39db728-622c-42ae-954c-bd0dbc524ba7: new RaftServerImpl for group-E0CD80DDF985:[b39db728-622c-42ae-954c-bd0dbc524ba7|rpc:10.1.0.196:15086|admin:10.1.0.196:15085|client:10.1.0.196:15084|dataStream:10.1.0.196:15087|priority:1|startupRole:FOLLOWER] with ContainerStateMachine:uninitialized
2023-06-01 19:11:11,197 [b39db728-622c-42ae-954c-bd0dbc524ba7-groupManagement] INFO  server.RaftServerConfigKeys (ConfUtils.java:logGet(46)) - raft.server.rpc.timeout.min = 5s (custom)
2023-06-01 19:11:11,197 [b39db728-622c-42ae-954c-bd0dbc524ba7-groupManagement] INFO  server.RaftServerConfigKeys (ConfUtils.java:logGet(46)) - raft.server.rpc.timeout.max = 5200ms (custom)
2023-06-01 19:11:11,197 [b39db728-622c-42ae-954c-bd0dbc524ba7-groupManagement] INFO  server.RaftServerConfigKeys (ConfUtils.java:logGet(46)) - raft.server.rpc.sleep.time = 25ms (default)
2023-06-01 19:11:11,197 [b39db728-622c-42ae-954c-bd0dbc524ba7-groupManagement] INFO  server.RaftServerConfigKeys (ConfUtils.java:logGet(46)) - raft.server.rpc.slowness.timeout = 300s (custom)
2023-06-01 19:11:11,197 [b39db728-622c-42ae-954c-bd0dbc524ba7-groupManagement] INFO  server.RaftServerConfigKeys (ConfUtils.java:logGet(46)) - raft.server.leaderelection.leader.step-down.wait-time = 10s (default)
2023-06-01 19:11:11,197 [b39db728-622c-42ae-954c-bd0dbc524ba7-groupManagement] INFO  server.RaftServerConfigKeys (ConfUtils.java:logGet(46)) - raft.server.sleep.deviation.threshold = 300ms (default)
2023-06-01 19:11:11,197 [b39db728-622c-42ae-954c-bd0dbc524ba7-groupManagement] INFO  server.RaftServer$Division (ServerState.java:<init>(120)) - b39db728-622c-42ae-954c-bd0dbc524ba7@group-E0CD80DDF985: ConfigurationManager, init=-1: peers:[b39db728-622c-42ae-954c-bd0dbc524ba7|rpc:10.1.0.196:15086|admin:10.1.0.196:15085|client:10.1.0.196:15084|dataStream:10.1.0.196:15087|priority:1|startupRole:FOLLOWER]|listeners:[], old=null, confs=<EMPTY_MAP>
2023-06-01 19:11:11,197 [b39db728-622c-42ae-954c-bd0dbc524ba7-groupManagement] INFO  server.RaftServerConfigKeys (ConfUtils.java:logGet(46)) - raft.server.storage.dir = [/home/runner/work/ozone/ozone/hadoop-ozone/integration-test/target/test-dir/MiniOzoneClusterImpl-59aba430-7466-43cf-ac60-ffcd1bd17169/datanode-8/data/ratis] (custom)
2023-06-01 19:11:11,197 [b39db728-622c-42ae-954c-bd0dbc524ba7-groupManagement] INFO  server.RaftServerConfigKeys (ConfUtils.java:logGet(46)) - raft.server.log.corruption.policy = EXCEPTION (default)
2023-06-01 19:11:11,197 [b39db728-622c-42ae-954c-bd0dbc524ba7-groupManagement] INFO  server.RaftServerConfigKeys (ConfUtils.java:logGet(46)) - raft.server.storage.free-space.min = 0MB (=0) (default)
2023-06-01 19:11:11,197 [b39db728-622c-42ae-954c-bd0dbc524ba7-groupManagement] INFO  server.RaftServerConfigKeys (ConfUtils.java:logGet(46)) - raft.server.notification.no-leader.timeout = 300s (custom)
2023-06-01 19:11:11,197 [b39db728-622c-42ae-954c-bd0dbc524ba7-groupManagement] INFO  server.RaftServerConfigKeys (ConfUtils.java:logGet(46)) - raft.server.read.timeout = 10s (default)
2023-06-01 19:11:11,197 [b39db728-622c-42ae-954c-bd0dbc524ba7-groupManagement] INFO  server.RaftServerConfigKeys (ConfUtils.java:logGet(46)) - raft.server.retrycache.expirytime = 600000ms (custom)
2023-06-01 19:11:11,197 [b39db728-622c-42ae-954c-bd0dbc524ba7-groupManagement] INFO  server.RaftServerConfigKeys (ConfUtils.java:logGet(46)) - raft.server.retrycache.statistics.expirytime = 100μs (default)
2023-06-01 19:11:11,197 [b39db728-622c-42ae-954c-bd0dbc524ba7-groupManagement] INFO  server.RaftServerConfigKeys (ConfUtils.java:logGet(46)) - raft.server.read.option = DEFAULT (default)
2023-06-01 19:11:11,198 [b39db728-622c-42ae-954c-bd0dbc524ba7-groupManagement] INFO  server.RaftServerConfigKeys (ConfUtils.java:logGet(46)) - raft.server.rpc.request.timeout = 60s (custom)
2023-06-01 19:11:11,199 [b39db728-622c-42ae-954c-bd0dbc524ba7-groupManagement] INFO  server.RaftServerConfigKeys (ConfUtils.java:logGet(46)) - raft.server.log.appender.install.snapshot.enabled = false (custom)
2023-06-01 19:11:11,199 [b39db728-622c-42ae-954c-bd0dbc524ba7-groupManagement] INFO  server.RaftServerConfigKeys (ConfUtils.java:logGet(46)) - raft.server.threadpool.server.cached = true (default)
2023-06-01 19:11:11,199 [b39db728-622c-42ae-954c-bd0dbc524ba7-groupManagement] INFO  server.RaftServerConfigKeys (ConfUtils.java:logGet(46)) - raft.server.threadpool.server.size = 0 (default)
2023-06-01 19:11:11,199 [b39db728-622c-42ae-954c-bd0dbc524ba7-groupManagement] INFO  server.RaftServerConfigKeys (ConfUtils.java:logGet(46)) - raft.server.threadpool.client.cached = true (default)
2023-06-01 19:11:11,199 [b39db728-622c-42ae-954c-bd0dbc524ba7-groupManagement] INFO  server.RaftServerConfigKeys (ConfUtils.java:logGet(46)) - raft.server.threadpool.client.size = 0 (default)
2023-06-01 19:11:11,199 [b39db728-622c-42ae-954c-bd0dbc524ba7-groupManagement] INFO  storage.RaftStorageDirectory (RaftStorageDirectoryImpl.java:analyzeStorage(137)) - The storage directory /home/runner/work/ozone/ozone/hadoop-ozone/integration-test/target/test-dir/MiniOzoneClusterImpl-59aba430-7466-43cf-ac60-ffcd1bd17169/datanode-8/data/ratis/4c2902db-2650-4793-9ea7-e0cd80ddf985 does not exist. Creating ...
2023-06-01 19:11:11,201 [b39db728-622c-42ae-954c-bd0dbc524ba7-groupManagement] INFO  storage.RaftStorageDirectory (RaftStorageDirectoryImpl.java:tryLock(231)) - Lock on /home/runner/work/ozone/ozone/hadoop-ozone/integration-test/target/test-dir/MiniOzoneClusterImpl-59aba430-7466-43cf-ac60-ffcd1bd17169/datanode-8/data/ratis/4c2902db-2650-4793-9ea7-e0cd80ddf985/in_use.lock acquired by nodename 16224@fv-az163-187
2023-06-01 19:11:11,202 [b39db728-622c-42ae-954c-bd0dbc524ba7-groupManagement] INFO  storage.RaftStorage (RaftStorageImpl.java:format(96)) - Storage directory /home/runner/work/ozone/ozone/hadoop-ozone/integration-test/target/test-dir/MiniOzoneClusterImpl-59aba430-7466-43cf-ac60-ffcd1bd17169/datanode-8/data/ratis/4c2902db-2650-4793-9ea7-e0cd80ddf985 has been successfully formatted.
2023-06-01 19:11:11,203 [b39db728-622c-42ae-954c-bd0dbc524ba7-groupManagement] INFO  ratis.ContainerStateMachine (ContainerStateMachine.java:loadSnapshot(262)) - group-E0CD80DDF985: The snapshot info is null. Setting the last applied indexto:(t:0, i:~)
2023-06-01 19:11:11,203 [b39db728-622c-42ae-954c-bd0dbc524ba7-groupManagement] INFO  server.RaftServerConfigKeys (ConfUtils.java:logGet(46)) - raft.server.log.use.memory = false (default)
2023-06-01 19:11:11,203 [b39db728-622c-42ae-954c-bd0dbc524ba7-groupManagement] INFO  server.RaftServerConfigKeys (ConfUtils.java:logGet(46)) - raft.server.log.purge.gap = 1000000 (custom)
2023-06-01 19:11:11,203 [b39db728-622c-42ae-954c-bd0dbc524ba7-groupManagement] INFO  server.RaftServerConfigKeys (ConfUtils.java:logGet(46)) - raft.server.log.appender.buffer.byte-limit = 33554432 (custom)
2023-06-01 19:11:11,204 [b39db728-622c-42ae-954c-bd0dbc524ba7-groupManagement] INFO  server.RaftServerConfigKeys (ConfUtils.java:logGet(46)) - raft.server.log.statemachine.data.read.timeout = 1000ms (default)
2023-06-01 19:11:11,204 [b39db728-622c-42ae-954c-bd0dbc524ba7-groupManagement] INFO  server.RaftServerConfigKeys (ConfUtils.java:logGet(46)) - raft.server.log.purge.preservation.log.num = 0 (default)
2023-06-01 19:11:11,204 [b39db728-622c-42ae-954c-bd0dbc524ba7-groupManagement] INFO  server.RaftServerConfigKeys (ConfUtils.java:logGet(46)) - raft.server.log.segment.size.max = 1048576 (custom)
2023-06-01 19:11:11,204 [b39db728-622c-42ae-954c-bd0dbc524ba7-groupManagement] INFO  server.RaftServerConfigKeys (ConfUtils.java:logGet(46)) - raft.server.log.segment.cache.num.max = 2 (custom)
2023-06-01 19:11:11,204 [EventQueue-PipelineReportForPipelineReportHandler] INFO  pipeline.PipelineManagerImpl (PipelineManagerImpl.java:openPipeline(367)) - Pipeline Pipeline[ Id: 4c2902db-2650-4793-9ea7-e0cd80ddf985, Nodes: b39db728-622c-42ae-954c-bd0dbc524ba7(fv-az163-187.kzyshwy3mise5klwsllqwzgzyb.cx.internal.cloudapp.net/10.1.0.196), ReplicationConfig: RATIS/ONE, State:ALLOCATED, leaderId:b39db728-622c-42ae-954c-bd0dbc524ba7, CreationTimestamp2023-06-01T19:11:08.200Z[Etc/UTC]] moved to OPEN state
2023-06-01 19:11:11,204 [b39db728-622c-42ae-954c-bd0dbc524ba7-groupManagement] INFO  server.RaftServerConfigKeys (ConfUtils.java:logGet(46)) - raft.server.log.segment.cache.size.max = 200MB (=209715200) (default)
2023-06-01 19:11:11,204 [b39db728-622c-42ae-954c-bd0dbc524ba7-groupManagement] INFO  server.RaftServerConfigKeys (ConfUtils.java:logGet(46)) - raft.server.log.appender.buffer.byte-limit = 33554432 (custom)
2023-06-01 19:11:11,204 [b39db728-622c-42ae-954c-bd0dbc524ba7-groupManagement] INFO  segmented.SegmentedRaftLogWorker (SegmentedRaftLogWorker.java:<init>(188)) - new b39db728-622c-42ae-954c-bd0dbc524ba7@group-E0CD80DDF985-SegmentedRaftLogWorker for RaftStorageImpl:Storage Directory /home/runner/work/ozone/ozone/hadoop-ozone/integration-test/target/test-dir/MiniOzoneClusterImpl-59aba430-7466-43cf-ac60-ffcd1bd17169/datanode-8/data/ratis/4c2902db-2650-4793-9ea7-e0cd80ddf985
2023-06-01 19:11:11,205 [b39db728-622c-42ae-954c-bd0dbc524ba7-groupManagement] INFO  server.RaftServerConfigKeys (ConfUtils.java:logGet(46)) - raft.server.log.queue.byte-limit = 4294967296 (custom)
2023-06-01 19:11:11,205 [b39db728-622c-42ae-954c-bd0dbc524ba7-groupManagement] INFO  server.RaftServerConfigKeys (ConfUtils.java:logGet(46)) - raft.server.log.queue.element-limit = 1024 (custom)
2023-06-01 19:11:11,205 [b39db728-622c-42ae-954c-bd0dbc524ba7-groupManagement] INFO  server.RaftServerConfigKeys (ConfUtils.java:logGet(46)) - raft.server.log.segment.size.max = 1048576 (custom)
2023-06-01 19:11:11,205 [b39db728-622c-42ae-954c-bd0dbc524ba7-groupManagement] INFO  server.RaftServerConfigKeys (ConfUtils.java:logGet(46)) - raft.server.log.preallocated.size = 16384 (custom)
2023-06-01 19:11:11,205 [b39db728-622c-42ae-954c-bd0dbc524ba7-groupManagement] INFO  server.RaftServerConfigKeys (ConfUtils.java:logGet(46)) - raft.server.log.force.sync.num = 128 (default)
2023-06-01 19:11:11,205 [b39db728-622c-42ae-954c-bd0dbc524ba7-groupManagement] INFO  server.RaftServerConfigKeys (ConfUtils.java:logGet(46)) - raft.server.log.statemachine.data.sync = true (default)
2023-06-01 19:11:11,205 [b39db728-622c-42ae-954c-bd0dbc524ba7-groupManagement] INFO  server.RaftServerConfigKeys (ConfUtils.java:logGet(46)) - raft.server.log.statemachine.data.sync.timeout = 10s (default)
2023-06-01 19:11:11,205 [EventQueue-OpenPipelineForHealthyPipelineSafeModeRule] INFO  safemode.SCMSafeModeManager (HealthyPipelineSafeModeRule.java:process(137)) - SCM in safe mode. Healthy pipelines reported count is 0, required healthy pipeline reported count is 1
2023-06-01 19:11:11,205 [b39db728-622c-42ae-954c-bd0dbc524ba7-groupManagement] INFO  server.RaftServerConfigKeys (ConfUtils.java:logGet(46)) - raft.server.log.statemachine.data.sync.timeout.retry = -1 (default)
2023-06-01 19:11:11,206 [b39db728-622c-42ae-954c-bd0dbc524ba7-groupManagement] INFO  server.RaftServerConfigKeys (ConfUtils.java:logGet(46)) - raft.server.log.write.buffer.size = 1048576 (custom)
2023-06-01 19:11:11,207 [b39db728-622c-42ae-954c-bd0dbc524ba7-groupManagement] INFO  server.RaftServerConfigKeys (ConfUtils.java:logGet(46)) - raft.server.log.appender.buffer.byte-limit = 33554432 (custom)
2023-06-01 19:11:11,603 [b39db728-622c-42ae-954c-bd0dbc524ba7-groupManagement] INFO  server.RaftServerConfigKeys (ConfUtils.java:logGet(46)) - raft.server.log.unsafe-flush.enabled = false (default)
2023-06-01 19:11:11,603 [b39db728-622c-42ae-954c-bd0dbc524ba7-groupManagement] INFO  server.RaftServerConfigKeys (ConfUtils.java:logGet(46)) - raft.server.log.async-flush.enabled = false (default)
2023-06-01 19:11:11,621 [JvmPauseMonitor4] WARN  util.JvmPauseMonitor (JvmPauseMonitor.java:detectPause(124)) - JvmPauseMonitor-9ff544a7-6c1c-4ca7-a5dc-e42e2710cacb: Detected pause in JVM or host machine approximately 0.314s with 0.391s GC time.
GC pool 'PS MarkSweep' had collection(s): count=1 time=223ms
GC pool 'PS Scavenge' had collection(s): count=1 time=168ms
2023-06-01 19:11:11,620 [JvmPauseMonitor3] WARN  util.JvmPauseMonitor (JvmPauseMonitor.java:detectPause(124)) - JvmPauseMonitor-d78dd883-3e4c-45aa-98b2-e8ffdf2e22af: Detected pause in JVM or host machine approximately 0.309s with 0.391s GC time.
GC pool 'PS MarkSweep' had collection(s): count=1 time=223ms
GC pool 'PS Scavenge' had collection(s): count=1 time=168ms
2023-06-01 19:11:11,614 [JvmPauseMonitor2] WARN  util.JvmPauseMonitor (JvmPauseMonitor.java:detectPause(124)) - JvmPauseMonitor-c686f304-079c-4e24-9d21-fd4c36dc1242: Detected pause in JVM or host machine approximately 0.318s with 0.391s GC time.
GC pool 'PS MarkSweep' had collection(s): count=1 time=223ms
GC pool 'PS Scavenge' had collection(s): count=1 time=168ms
2023-06-01 19:11:11,614 [JvmPauseMonitor8] WARN  util.JvmPauseMonitor (JvmPauseMonitor.java:detectPause(124)) - JvmPauseMonitor-9125f905-aa43-4d0f-845d-e6cfd4dab0cd: Detected pause in JVM or host machine approximately 0.317s with 0.391s GC time.
GC pool 'PS MarkSweep' had collection(s): count=1 time=223ms
GC pool 'PS Scavenge' had collection(s): count=1 time=168ms
2023-06-01 19:11:11,614 [JvmPauseMonitor7] WARN  util.JvmPauseMonitor (JvmPauseMonitor.java:detectPause(124)) - JvmPauseMonitor-36cbda38-693f-49bb-be1a-3256c6faae50: Detected pause in JVM or host machine approximately 0.317s with 0.391s GC time.
GC pool 'PS MarkSweep' had collection(s): count=1 time=223ms
GC pool 'PS Scavenge' had collection(s): count=1 time=168ms
2023-06-01 19:11:11,614 [JvmPauseMonitor10] WARN  util.JvmPauseMonitor (JvmPauseMonitor.java:detectPause(124)) - JvmPauseMonitor-d7192325-13fb-433e-b8d5-f6359b644c8f: Detected pause in JVM or host machine approximately 0.317s with 0.391s GC time.
GC pool 'PS MarkSweep' had collection(s): count=1 time=223ms
GC pool 'PS Scavenge' had collection(s): count=1 time=168ms
2023-06-01 19:11:11,614 [JvmPauseMonitor0] WARN  util.JvmPauseMonitor (JvmPauseMonitor.java:detectPause(124)) - JvmPauseMonitor-om1: Detected pause in JVM or host machine approximately 0.317s with 0.391s GC time.
GC pool 'PS MarkSweep' had collection(s): count=1 time=223ms
GC pool 'PS Scavenge' had collection(s): count=1 time=168ms
2023-06-01 19:11:11,613 [JvmPauseMonitor6] WARN  util.JvmPauseMonitor (JvmPauseMonitor.java:detectPause(124)) - JvmPauseMonitor-aab6e560-2e42-4217-8e7a-cc5f2733e87a: Detected pause in JVM or host machine approximately 0.311s with 0.391s GC time.
GC pool 'PS MarkSweep' had collection(s): count=1 time=223ms
GC pool 'PS Scavenge' had collection(s): count=1 time=168ms
2023-06-01 19:11:11,612 [JvmPauseMonitor9] WARN  util.JvmPauseMonitor (JvmPauseMonitor.java:detectPause(124)) - JvmPauseMonitor-b39db728-622c-42ae-954c-bd0dbc524ba7: Detected pause in JVM or host machine approximately 0.316s with 0.391s GC time.
GC pool 'PS MarkSweep' had collection(s): count=1 time=223ms
GC pool 'PS Scavenge' had collection(s): count=1 time=168ms
2023-06-01 19:11:11,612 [JvmPauseMonitor5] WARN  util.JvmPauseMonitor (JvmPauseMonitor.java:detectPause(124)) - JvmPauseMonitor-c2c84cb5-dc25-48b6-abcd-2faa62d614c8: Detected pause in JVM or host machine approximately 0.315s with 0.391s GC time.
GC pool 'PS MarkSweep' had collection(s): count=1 time=223ms
GC pool 'PS Scavenge' had collection(s): count=1 time=168ms
2023-06-01 19:11:11,611 [JvmPauseMonitor1] WARN  util.JvmPauseMonitor (JvmPauseMonitor.java:detectPause(124)) - JvmPauseMonitor-fac1c7af-03c1-44bd-b323-3796df9c2435: Detected pause in JVM or host machine approximately 0.315s with 0.391s GC time.
GC pool 'PS MarkSweep' had collection(s): count=1 time=223ms
GC pool 'PS Scavenge' had collection(s): count=1 time=168ms
2023-06-01 19:11:11,623 [b39db728-622c-42ae-954c-bd0dbc524ba7-groupManagement] INFO  server.RaftServerConfigKeys (ConfUtils.java:logGet(46)) - raft.server.log.statemachine.data.caching.enabled = true (custom)
2023-06-01 19:11:11,624 [b39db728-622c-42ae-954c-bd0dbc524ba7-groupManagement] INFO  segmented.SegmentedRaftLogWorker (SegmentedRaftLogWorker.java:lambda$new$0(135)) - b39db728-622c-42ae-954c-bd0dbc524ba7@group-E0CD80DDF985-SegmentedRaftLogWorker: flushIndex: setUnconditionally 0 -> -1
2023-06-01 19:11:11,624 [b39db728-622c-42ae-954c-bd0dbc524ba7-groupManagement] INFO  segmented.SegmentedRaftLogWorker (SegmentedRaftLogWorker.java:lambda$new$0(135)) - b39db728-622c-42ae-954c-bd0dbc524ba7@group-E0CD80DDF985-SegmentedRaftLogWorker: safeCacheEvictIndex: setUnconditionally 0 -> -1
2023-06-01 19:11:11,626 [PipelineCommandHandlerThread-0] INFO  server.RaftServer (RaftServerProxy.java:addNew(98)) - d7192325-13fb-433e-b8d5-f6359b644c8f: addNew group-1DFD4EBF5B32:[d7192325-13fb-433e-b8d5-f6359b644c8f|rpc:10.1.0.196:15095|admin:10.1.0.196:15094|client:10.1.0.196:15093|dataStream:10.1.0.196:15096|priority:1|startupRole:FOLLOWER] returns group-1DFD4EBF5B32:java.util.concurrent.CompletableFuture@6c732200[Not completed]
2023-06-01 19:11:11,627 [b39db728-622c-42ae-954c-bd0dbc524ba7-groupManagement] INFO  server.RaftServer$Division (RaftServerImpl.java:start(342)) - b39db728-622c-42ae-954c-bd0dbc524ba7@group-E0CD80DDF985: start as a follower, conf=-1: peers:[b39db728-622c-42ae-954c-bd0dbc524ba7|rpc:10.1.0.196:15086|admin:10.1.0.196:15085|client:10.1.0.196:15084|dataStream:10.1.0.196:15087|priority:1|startupRole:FOLLOWER]|listeners:[], old=null
2023-06-01 19:11:11,628 [b39db728-622c-42ae-954c-bd0dbc524ba7-groupManagement] INFO  server.RaftServer$Division (RaftServerImpl.java:setRole(329)) - b39db728-622c-42ae-954c-bd0dbc524ba7@group-E0CD80DDF985: changes role from      null to FOLLOWER at term 0 for startAsFollower
2023-06-01 19:11:11,628 [b39db728-622c-42ae-954c-bd0dbc524ba7-groupManagement] INFO  impl.RoleInfo (RoleInfo.java:updateAndGet(139)) - b39db728-622c-42ae-954c-bd0dbc524ba7: start b39db728-622c-42ae-954c-bd0dbc524ba7@group-E0CD80DDF985-FollowerState
2023-06-01 19:11:11,628 [d7192325-13fb-433e-b8d5-f6359b644c8f-groupManagement] INFO  server.RaftServer$Division (RaftServerImpl.java:<init>(198)) - d7192325-13fb-433e-b8d5-f6359b644c8f: new RaftServerImpl for group-1DFD4EBF5B32:[d7192325-13fb-433e-b8d5-f6359b644c8f|rpc:10.1.0.196:15095|admin:10.1.0.196:15094|client:10.1.0.196:15093|dataStream:10.1.0.196:15096|priority:1|startupRole:FOLLOWER] with ContainerStateMachine:uninitialized
2023-06-01 19:11:11,628 [d7192325-13fb-433e-b8d5-f6359b644c8f-groupManagement] INFO  server.RaftServerConfigKeys (ConfUtils.java:logGet(46)) - raft.server.rpc.timeout.min = 5s (custom)
2023-06-01 19:11:11,628 [d7192325-13fb-433e-b8d5-f6359b644c8f-groupManagement] INFO  server.RaftServerConfigKeys (ConfUtils.java:logGet(46)) - raft.server.rpc.timeout.max = 5200ms (custom)
2023-06-01 19:11:11,628 [d7192325-13fb-433e-b8d5-f6359b644c8f-groupManagement] INFO  server.RaftServerConfigKeys (ConfUtils.java:logGet(46)) - raft.server.rpc.sleep.time = 25ms (default)
2023-06-01 19:11:11,628 [d7192325-13fb-433e-b8d5-f6359b644c8f-groupManagement] INFO  server.RaftServerConfigKeys (ConfUtils.java:logGet(46)) - raft.server.rpc.slowness.timeout = 300s (custom)
2023-06-01 19:11:11,628 [d7192325-13fb-433e-b8d5-f6359b644c8f-groupManagement] INFO  server.RaftServerConfigKeys (ConfUtils.java:logGet(46)) - raft.server.leaderelection.leader.step-down.wait-time = 10s (default)
2023-06-01 19:11:11,628 [d7192325-13fb-433e-b8d5-f6359b644c8f-groupManagement] INFO  server.RaftServerConfigKeys (ConfUtils.java:logGet(46)) - raft.server.sleep.deviation.threshold = 300ms (default)
2023-06-01 19:11:11,628 [d7192325-13fb-433e-b8d5-f6359b644c8f-groupManagement] INFO  server.RaftServer$Division (ServerState.java:<init>(120)) - d7192325-13fb-433e-b8d5-f6359b644c8f@group-1DFD4EBF5B32: ConfigurationManager, init=-1: peers:[d7192325-13fb-433e-b8d5-f6359b644c8f|rpc:10.1.0.196:15095|admin:10.1.0.196:15094|client:10.1.0.196:15093|dataStream:10.1.0.196:15096|priority:1|startupRole:FOLLOWER]|listeners:[], old=null, confs=<EMPTY_MAP>
2023-06-01 19:11:11,628 [d7192325-13fb-433e-b8d5-f6359b644c8f-groupManagement] INFO  server.RaftServerConfigKeys (ConfUtils.java:logGet(46)) - raft.server.storage.dir = [/home/runner/work/ozone/ozone/hadoop-ozone/integration-test/target/test-dir/MiniOzoneClusterImpl-59aba430-7466-43cf-ac60-ffcd1bd17169/datanode-9/data/ratis] (custom)
2023-06-01 19:11:11,628 [d7192325-13fb-433e-b8d5-f6359b644c8f-groupManagement] INFO  server.RaftServerConfigKeys (ConfUtils.java:logGet(46)) - raft.server.log.corruption.policy = EXCEPTION (default)
2023-06-01 19:11:11,629 [d7192325-13fb-433e-b8d5-f6359b644c8f-groupManagement] INFO  server.RaftServerConfigKeys (ConfUtils.java:logGet(46)) - raft.server.storage.free-space.min = 0MB (=0) (default)
2023-06-01 19:11:11,629 [d7192325-13fb-433e-b8d5-f6359b644c8f-groupManagement] INFO  server.RaftServerConfigKeys (ConfUtils.java:logGet(46)) - raft.server.notification.no-leader.timeout = 300s (custom)
2023-06-01 19:11:11,629 [d7192325-13fb-433e-b8d5-f6359b644c8f-groupManagement] INFO  server.RaftServerConfigKeys (ConfUtils.java:logGet(46)) - raft.server.read.timeout = 10s (default)
2023-06-01 19:11:11,629 [d7192325-13fb-433e-b8d5-f6359b644c8f-groupManagement] INFO  server.RaftServerConfigKeys (ConfUtils.java:logGet(46)) - raft.server.retrycache.expirytime = 600000ms (custom)
2023-06-01 19:11:11,629 [d7192325-13fb-433e-b8d5-f6359b644c8f-groupManagement] INFO  server.RaftServerConfigKeys (ConfUtils.java:logGet(46)) - raft.server.retrycache.statistics.expirytime = 100μs (default)
2023-06-01 19:11:11,629 [d7192325-13fb-433e-b8d5-f6359b644c8f-groupManagement] INFO  server.RaftServerConfigKeys (ConfUtils.java:logGet(46)) - raft.server.read.option = DEFAULT (default)
2023-06-01 19:11:11,630 [b39db728-622c-42ae-954c-bd0dbc524ba7-groupManagement] INFO  util.JmxRegister (JmxRegister.java:tryRegister(44)) - Successfully registered JMX Bean with object name Ratis:service=RaftServer,group=group-E0CD80DDF985,id=b39db728-622c-42ae-954c-bd0dbc524ba7
2023-06-01 19:11:11,630 [b39db728-622c-42ae-954c-bd0dbc524ba7-groupManagement] INFO  server.RaftServerConfigKeys (ConfUtils.java:logGet(46)) - raft.server.snapshot.auto.trigger.enabled = true (custom)
2023-06-01 19:11:11,630 [b39db728-622c-42ae-954c-bd0dbc524ba7-groupManagement] INFO  server.RaftServerConfigKeys (ConfUtils.java:logGet(46)) - raft.server.snapshot.auto.trigger.threshold = 10000 (custom)
2023-06-01 19:11:11,630 [b39db728-622c-42ae-954c-bd0dbc524ba7-groupManagement] INFO  server.RaftServerConfigKeys (ConfUtils.java:logGet(46)) - raft.server.snapshot.retention.file.num = 5 (custom)
2023-06-01 19:11:11,630 [b39db728-622c-42ae-954c-bd0dbc524ba7-groupManagement] INFO  server.RaftServerConfigKeys (ConfUtils.java:logGet(46)) - raft.server.log.purge.upto.snapshot.index = false (default)
2023-06-01 19:11:11,631 [b39db728-622c-42ae-954c-bd0dbc524ba7@group-E0CD80DDF985-FollowerState] INFO  server.RaftServerConfigKeys (ConfUtils.java:logFallback(53)) - raft.server.rpc.first-election.timeout.min = 5s (fallback to raft.server.rpc.timeout.min)
2023-06-01 19:11:11,631 [b39db728-622c-42ae-954c-bd0dbc524ba7@group-E0CD80DDF985-FollowerState] INFO  server.RaftServerConfigKeys (ConfUtils.java:logFallback(53)) - raft.server.rpc.first-election.timeout.max = 5200ms (fallback to raft.server.rpc.timeout.max)
2023-06-01 19:11:11,634 [PipelineCommandHandlerThread-0] INFO  ratis.XceiverServerRatis (XceiverServerRatis.java:addGroup(804)) - Created group PipelineID=4c2902db-2650-4793-9ea7-e0cd80ddf985
2023-06-01 19:11:11,634 [PipelineCommandHandlerThread-0] INFO  commandhandler.CreatePipelineCommandHandler (CreatePipelineCommandHandler.java:lambda$handle$2(124)) - Created Pipeline RATIS ONE PipelineID=4c2902db-2650-4793-9ea7-e0cd80ddf985.
2023-06-01 19:11:11,634 [d7192325-13fb-433e-b8d5-f6359b644c8f-groupManagement] INFO  server.RaftServerConfigKeys (ConfUtils.java:logGet(46)) - raft.server.rpc.request.timeout = 60s (custom)
2023-06-01 19:11:11,634 [d7192325-13fb-433e-b8d5-f6359b644c8f-groupManagement] INFO  server.RaftServerConfigKeys (ConfUtils.java:logGet(46)) - raft.server.log.appender.install.snapshot.enabled = false (custom)
2023-06-01 19:11:11,635 [d7192325-13fb-433e-b8d5-f6359b644c8f-groupManagement] INFO  server.RaftServerConfigKeys (ConfUtils.java:logGet(46)) - raft.server.threadpool.server.cached = true (default)
2023-06-01 19:11:11,635 [d7192325-13fb-433e-b8d5-f6359b644c8f-groupManagement] INFO  server.RaftServerConfigKeys (ConfUtils.java:logGet(46)) - raft.server.threadpool.server.size = 0 (default)
2023-06-01 19:11:11,635 [d7192325-13fb-433e-b8d5-f6359b644c8f-groupManagement] INFO  server.RaftServerConfigKeys (ConfUtils.java:logGet(46)) - raft.server.threadpool.client.cached = true (default)
2023-06-01 19:11:11,635 [d7192325-13fb-433e-b8d5-f6359b644c8f-groupManagement] INFO  server.RaftServerConfigKeys (ConfUtils.java:logGet(46)) - raft.server.threadpool.client.size = 0 (default)
2023-06-01 19:11:11,635 [d7192325-13fb-433e-b8d5-f6359b644c8f-groupManagement] INFO  storage.RaftStorageDirectory (RaftStorageDirectoryImpl.java:analyzeStorage(137)) - The storage directory /home/runner/work/ozone/ozone/hadoop-ozone/integration-test/target/test-dir/MiniOzoneClusterImpl-59aba430-7466-43cf-ac60-ffcd1bd17169/datanode-9/data/ratis/2af14865-a653-4950-ac89-1dfd4ebf5b32 does not exist. Creating ...
2023-06-01 19:11:11,636 [d7192325-13fb-433e-b8d5-f6359b644c8f-groupManagement] INFO  storage.RaftStorageDirectory (RaftStorageDirectoryImpl.java:tryLock(231)) - Lock on /home/runner/work/ozone/ozone/hadoop-ozone/integration-test/target/test-dir/MiniOzoneClusterImpl-59aba430-7466-43cf-ac60-ffcd1bd17169/datanode-9/data/ratis/2af14865-a653-4950-ac89-1dfd4ebf5b32/in_use.lock acquired by nodename 16224@fv-az163-187
2023-06-01 19:11:11,637 [d7192325-13fb-433e-b8d5-f6359b644c8f-groupManagement] INFO  storage.RaftStorage (RaftStorageImpl.java:format(96)) - Storage directory /home/runner/work/ozone/ozone/hadoop-ozone/integration-test/target/test-dir/MiniOzoneClusterImpl-59aba430-7466-43cf-ac60-ffcd1bd17169/datanode-9/data/ratis/2af14865-a653-4950-ac89-1dfd4ebf5b32 has been successfully formatted.
2023-06-01 19:11:11,637 [d7192325-13fb-433e-b8d5-f6359b644c8f-groupManagement] INFO  ratis.ContainerStateMachine (ContainerStateMachine.java:loadSnapshot(262)) - group-1DFD4EBF5B32: The snapshot info is null. Setting the last applied indexto:(t:0, i:~)
2023-06-01 19:11:11,637 [d7192325-13fb-433e-b8d5-f6359b644c8f-groupManagement] INFO  server.RaftServerConfigKeys (ConfUtils.java:logGet(46)) - raft.server.log.use.memory = false (default)
2023-06-01 19:11:11,639 [EventQueue-PipelineReportForPipelineReportHandler] INFO  pipeline.PipelineManagerImpl (PipelineManagerImpl.java:openPipeline(367)) - Pipeline Pipeline[ Id: 2af14865-a653-4950-ac89-1dfd4ebf5b32, Nodes: d7192325-13fb-433e-b8d5-f6359b644c8f(fv-az163-187.kzyshwy3mise5klwsllqwzgzyb.cx.internal.cloudapp.net/10.1.0.196), ReplicationConfig: RATIS/ONE, State:ALLOCATED, leaderId:d7192325-13fb-433e-b8d5-f6359b644c8f, CreationTimestamp2023-06-01T19:11:08.520Z[Etc/UTC]] moved to OPEN state
2023-06-01 19:11:11,639 [d7192325-13fb-433e-b8d5-f6359b644c8f-groupManagement] INFO  server.RaftServerConfigKeys (ConfUtils.java:logGet(46)) - raft.server.log.purge.gap = 1000000 (custom)
2023-06-01 19:11:11,639 [d7192325-13fb-433e-b8d5-f6359b644c8f-groupManagement] INFO  server.RaftServerConfigKeys (ConfUtils.java:logGet(46)) - raft.server.log.appender.buffer.byte-limit = 33554432 (custom)
2023-06-01 19:11:11,639 [EventQueue-OpenPipelineForHealthyPipelineSafeModeRule] INFO  safemode.SCMSafeModeManager (HealthyPipelineSafeModeRule.java:process(137)) - SCM in safe mode. Healthy pipelines reported count is 0, required healthy pipeline reported count is 1
2023-06-01 19:11:11,639 [d7192325-13fb-433e-b8d5-f6359b644c8f-groupManagement] INFO  server.RaftServerConfigKeys (ConfUtils.java:logGet(46)) - raft.server.log.statemachine.data.read.timeout = 1000ms (default)
2023-06-01 19:11:11,640 [d7192325-13fb-433e-b8d5-f6359b644c8f-groupManagement] INFO  server.RaftServerConfigKeys (ConfUtils.java:logGet(46)) - raft.server.log.purge.preservation.log.num = 0 (default)
2023-06-01 19:11:11,640 [d7192325-13fb-433e-b8d5-f6359b644c8f-groupManagement] INFO  server.RaftServerConfigKeys (ConfUtils.java:logGet(46)) - raft.server.log.segment.size.max = 1048576 (custom)
2023-06-01 19:11:11,640 [d7192325-13fb-433e-b8d5-f6359b644c8f-groupManagement] INFO  server.RaftServerConfigKeys (ConfUtils.java:logGet(46)) - raft.server.log.segment.cache.num.max = 2 (custom)
2023-06-01 19:11:11,640 [d7192325-13fb-433e-b8d5-f6359b644c8f-groupManagement] INFO  server.RaftServerConfigKeys (ConfUtils.java:logGet(46)) - raft.server.log.segment.cache.size.max = 200MB (=209715200) (default)
2023-06-01 19:11:11,640 [d7192325-13fb-433e-b8d5-f6359b644c8f-groupManagement] INFO  server.RaftServerConfigKeys (ConfUtils.java:logGet(46)) - raft.server.log.appender.buffer.byte-limit = 33554432 (custom)
2023-06-01 19:11:11,640 [d7192325-13fb-433e-b8d5-f6359b644c8f-groupManagement] INFO  segmented.SegmentedRaftLogWorker (SegmentedRaftLogWorker.java:<init>(188)) - new d7192325-13fb-433e-b8d5-f6359b644c8f@group-1DFD4EBF5B32-SegmentedRaftLogWorker for RaftStorageImpl:Storage Directory /home/runner/work/ozone/ozone/hadoop-ozone/integration-test/target/test-dir/MiniOzoneClusterImpl-59aba430-7466-43cf-ac60-ffcd1bd17169/datanode-9/data/ratis/2af14865-a653-4950-ac89-1dfd4ebf5b32
2023-06-01 19:11:11,640 [d7192325-13fb-433e-b8d5-f6359b644c8f-groupManagement] INFO  server.RaftServerConfigKeys (ConfUtils.java:logGet(46)) - raft.server.log.queue.byte-limit = 4294967296 (custom)
2023-06-01 19:11:11,640 [d7192325-13fb-433e-b8d5-f6359b644c8f-groupManagement] INFO  server.RaftServerConfigKeys (ConfUtils.java:logGet(46)) - raft.server.log.queue.element-limit = 1024 (custom)
2023-06-01 19:11:11,640 [d7192325-13fb-433e-b8d5-f6359b644c8f-groupManagement] INFO  server.RaftServerConfigKeys (ConfUtils.java:logGet(46)) - raft.server.log.segment.size.max = 1048576 (custom)
2023-06-01 19:11:11,640 [d7192325-13fb-433e-b8d5-f6359b644c8f-groupManagement] INFO  server.RaftServerConfigKeys (ConfUtils.java:logGet(46)) - raft.server.log.preallocated.size = 16384 (custom)
2023-06-01 19:11:11,640 [d7192325-13fb-433e-b8d5-f6359b644c8f-groupManagement] INFO  server.RaftServerConfigKeys (ConfUtils.java:logGet(46)) - raft.server.log.force.sync.num = 128 (default)
2023-06-01 19:11:11,640 [d7192325-13fb-433e-b8d5-f6359b644c8f-groupManagement] INFO  server.RaftServerConfigKeys (ConfUtils.java:logGet(46)) - raft.server.log.statemachine.data.sync = true (default)
2023-06-01 19:11:11,641 [d7192325-13fb-433e-b8d5-f6359b644c8f-groupManagement] INFO  server.RaftServerConfigKeys (ConfUtils.java:logGet(46)) - raft.server.log.statemachine.data.sync.timeout = 10s (default)
2023-06-01 19:11:11,641 [d7192325-13fb-433e-b8d5-f6359b644c8f-groupManagement] INFO  server.RaftServerConfigKeys (ConfUtils.java:logGet(46)) - raft.server.log.statemachine.data.sync.timeout.retry = -1 (default)
2023-06-01 19:11:11,644 [d7192325-13fb-433e-b8d5-f6359b644c8f-groupManagement] INFO  server.RaftServerConfigKeys (ConfUtils.java:logGet(46)) - raft.server.log.write.buffer.size = 1048576 (custom)
2023-06-01 19:11:11,644 [d7192325-13fb-433e-b8d5-f6359b644c8f-groupManagement] INFO  server.RaftServerConfigKeys (ConfUtils.java:logGet(46)) - raft.server.log.appender.buffer.byte-limit = 33554432 (custom)
2023-06-01 19:11:11,645 [main] INFO  ozone.MiniOzoneClusterImpl (MiniOzoneClusterImpl.java:lambda$waitForClusterToBeReady$0(222)) - Nodes are ready. Got 10 of 10 DN Heartbeats.
2023-06-01 19:11:11,645 [main] INFO  ozone.MiniOzoneClusterImpl (MiniOzoneClusterImpl.java:lambda$waitForClusterToBeReady$0(225)) - Waiting for cluster to exit safe mode
2023-06-01 19:11:11,645 [main] INFO  ozone.MiniOzoneClusterImpl (MiniOzoneClusterImpl.java:lambda$waitForClusterToBeReady$0(227)) - SCM became leader
2023-06-01 19:11:11,647 [d7192325-13fb-433e-b8d5-f6359b644c8f-groupManagement] INFO  server.RaftServerConfigKeys (ConfUtils.java:logGet(46)) - raft.server.log.unsafe-flush.enabled = false (default)
2023-06-01 19:11:11,647 [d7192325-13fb-433e-b8d5-f6359b644c8f-groupManagement] INFO  server.RaftServerConfigKeys (ConfUtils.java:logGet(46)) - raft.server.log.async-flush.enabled = false (default)
2023-06-01 19:11:11,647 [d7192325-13fb-433e-b8d5-f6359b644c8f-groupManagement] INFO  server.RaftServerConfigKeys (ConfUtils.java:logGet(46)) - raft.server.log.statemachine.data.caching.enabled = true (custom)
2023-06-01 19:11:11,647 [d7192325-13fb-433e-b8d5-f6359b644c8f-groupManagement] INFO  segmented.SegmentedRaftLogWorker (SegmentedRaftLogWorker.java:lambda$new$0(135)) - d7192325-13fb-433e-b8d5-f6359b644c8f@group-1DFD4EBF5B32-SegmentedRaftLogWorker: flushIndex: setUnconditionally 0 -> -1
2023-06-01 19:11:11,647 [d7192325-13fb-433e-b8d5-f6359b644c8f-groupManagement] INFO  segmented.SegmentedRaftLogWorker (SegmentedRaftLogWorker.java:lambda$new$0(135)) - d7192325-13fb-433e-b8d5-f6359b644c8f@group-1DFD4EBF5B32-SegmentedRaftLogWorker: safeCacheEvictIndex: setUnconditionally 0 -> -1
2023-06-01 19:11:11,648 [d7192325-13fb-433e-b8d5-f6359b644c8f-groupManagement] INFO  server.RaftServer$Division (RaftServerImpl.java:start(342)) - d7192325-13fb-433e-b8d5-f6359b644c8f@group-1DFD4EBF5B32: start as a follower, conf=-1: peers:[d7192325-13fb-433e-b8d5-f6359b644c8f|rpc:10.1.0.196:15095|admin:10.1.0.196:15094|client:10.1.0.196:15093|dataStream:10.1.0.196:15096|priority:1|startupRole:FOLLOWER]|listeners:[], old=null
2023-06-01 19:11:11,648 [d7192325-13fb-433e-b8d5-f6359b644c8f-groupManagement] INFO  server.RaftServer$Division (RaftServerImpl.java:setRole(329)) - d7192325-13fb-433e-b8d5-f6359b644c8f@group-1DFD4EBF5B32: changes role from      null to FOLLOWER at term 0 for startAsFollower
2023-06-01 19:11:11,648 [d7192325-13fb-433e-b8d5-f6359b644c8f-groupManagement] INFO  impl.RoleInfo (RoleInfo.java:updateAndGet(139)) - d7192325-13fb-433e-b8d5-f6359b644c8f: start d7192325-13fb-433e-b8d5-f6359b644c8f@group-1DFD4EBF5B32-FollowerState
2023-06-01 19:11:11,650 [d7192325-13fb-433e-b8d5-f6359b644c8f-groupManagement] INFO  util.JmxRegister (JmxRegister.java:tryRegister(44)) - Successfully registered JMX Bean with object name Ratis:service=RaftServer,group=group-1DFD4EBF5B32,id=d7192325-13fb-433e-b8d5-f6359b644c8f
2023-06-01 19:11:11,651 [d7192325-13fb-433e-b8d5-f6359b644c8f-groupManagement] INFO  server.RaftServerConfigKeys (ConfUtils.java:logGet(46)) - raft.server.snapshot.auto.trigger.enabled = true (custom)
2023-06-01 19:11:11,651 [d7192325-13fb-433e-b8d5-f6359b644c8f-groupManagement] INFO  server.RaftServerConfigKeys (ConfUtils.java:logGet(46)) - raft.server.snapshot.auto.trigger.threshold = 10000 (custom)
2023-06-01 19:11:11,651 [d7192325-13fb-433e-b8d5-f6359b644c8f-groupManagement] INFO  server.RaftServerConfigKeys (ConfUtils.java:logGet(46)) - raft.server.snapshot.retention.file.num = 5 (custom)
2023-06-01 19:11:11,651 [d7192325-13fb-433e-b8d5-f6359b644c8f-groupManagement] INFO  server.RaftServerConfigKeys (ConfUtils.java:logGet(46)) - raft.server.log.purge.upto.snapshot.index = false (default)
2023-06-01 19:11:11,651 [d7192325-13fb-433e-b8d5-f6359b644c8f@group-1DFD4EBF5B32-FollowerState] INFO  server.RaftServerConfigKeys (ConfUtils.java:logFallback(53)) - raft.server.rpc.first-election.timeout.min = 5s (fallback to raft.server.rpc.timeout.min)
2023-06-01 19:11:11,651 [d7192325-13fb-433e-b8d5-f6359b644c8f@group-1DFD4EBF5B32-FollowerState] INFO  server.RaftServerConfigKeys (ConfUtils.java:logFallback(53)) - raft.server.rpc.first-election.timeout.max = 5200ms (fallback to raft.server.rpc.timeout.max)
2023-06-01 19:11:11,653 [PipelineCommandHandlerThread-0] INFO  ratis.XceiverServerRatis (XceiverServerRatis.java:addGroup(804)) - Created group PipelineID=2af14865-a653-4950-ac89-1dfd4ebf5b32
2023-06-01 19:11:11,653 [PipelineCommandHandlerThread-0] INFO  commandhandler.CreatePipelineCommandHandler (CreatePipelineCommandHandler.java:lambda$handle$2(124)) - Created Pipeline RATIS ONE PipelineID=2af14865-a653-4950-ac89-1dfd4ebf5b32.
2023-06-01 19:11:12,645 [main] INFO  ozone.MiniOzoneClusterImpl (MiniOzoneClusterImpl.java:lambda$waitForClusterToBeReady$0(222)) - Nodes are ready. Got 10 of 10 DN Heartbeats.
2023-06-01 19:11:12,645 [main] INFO  ozone.MiniOzoneClusterImpl (MiniOzoneClusterImpl.java:lambda$waitForClusterToBeReady$0(225)) - Waiting for cluster to exit safe mode
2023-06-01 19:11:12,645 [main] INFO  ozone.MiniOzoneClusterImpl (MiniOzoneClusterImpl.java:lambda$waitForClusterToBeReady$0(227)) - SCM became leader
2023-06-01 19:11:13,369 [fac1c7af-03c1-44bd-b323-3796df9c2435@group-C5917EE03DF0-FollowerState] INFO  impl.FollowerState (FollowerState.java:run(143)) - fac1c7af-03c1-44bd-b323-3796df9c2435@group-C5917EE03DF0-FollowerState: change to CANDIDATE, lastRpcElapsedTime:5124047839ns, electionTimeout:5121ms
2023-06-01 19:11:13,370 [fac1c7af-03c1-44bd-b323-3796df9c2435@group-C5917EE03DF0-FollowerState] INFO  impl.RoleInfo (RoleInfo.java:shutdownFollowerState(110)) - fac1c7af-03c1-44bd-b323-3796df9c2435: shutdown fac1c7af-03c1-44bd-b323-3796df9c2435@group-C5917EE03DF0-FollowerState
2023-06-01 19:11:13,370 [fac1c7af-03c1-44bd-b323-3796df9c2435@group-C5917EE03DF0-FollowerState] INFO  server.RaftServer$Division (RaftServerImpl.java:setRole(329)) - fac1c7af-03c1-44bd-b323-3796df9c2435@group-C5917EE03DF0: changes role from  FOLLOWER to CANDIDATE at term 0 for changeToCandidate
2023-06-01 19:11:13,371 [fac1c7af-03c1-44bd-b323-3796df9c2435@group-C5917EE03DF0-FollowerState] INFO  server.RaftServerConfigKeys (ConfUtils.java:logGet(46)) - raft.server.leaderelection.pre-vote = true (default)
2023-06-01 19:11:13,371 [fac1c7af-03c1-44bd-b323-3796df9c2435@group-C5917EE03DF0-FollowerState] INFO  impl.RoleInfo (RoleInfo.java:updateAndGet(139)) - fac1c7af-03c1-44bd-b323-3796df9c2435: start fac1c7af-03c1-44bd-b323-3796df9c2435@group-C5917EE03DF0-LeaderElection2
2023-06-01 19:11:13,374 [fac1c7af-03c1-44bd-b323-3796df9c2435@group-C5917EE03DF0-LeaderElection2] INFO  impl.LeaderElection (LeaderElection.java:askForVotes(321)) - fac1c7af-03c1-44bd-b323-3796df9c2435@group-C5917EE03DF0-LeaderElection2 PRE_VOTE round 0: submit vote requests at term 0 for -1: peers:[fac1c7af-03c1-44bd-b323-3796df9c2435|rpc:10.1.0.196:15014|admin:10.1.0.196:15013|client:10.1.0.196:15012|dataStream:10.1.0.196:15015|priority:1|startupRole:FOLLOWER]|listeners:[], old=null
2023-06-01 19:11:13,374 [fac1c7af-03c1-44bd-b323-3796df9c2435@group-C5917EE03DF0-LeaderElection2] INFO  impl.LeaderElection (LeaderElection.java:askForVotes(323)) - fac1c7af-03c1-44bd-b323-3796df9c2435@group-C5917EE03DF0-LeaderElection2 PRE_VOTE round 0: result PASSED (term=0)
2023-06-01 19:11:13,375 [fac1c7af-03c1-44bd-b323-3796df9c2435@group-C5917EE03DF0-LeaderElection2] INFO  impl.LeaderElection (LeaderElection.java:askForVotes(321)) - fac1c7af-03c1-44bd-b323-3796df9c2435@group-C5917EE03DF0-LeaderElection2 ELECTION round 0: submit vote requests at term 1 for -1: peers:[fac1c7af-03c1-44bd-b323-3796df9c2435|rpc:10.1.0.196:15014|admin:10.1.0.196:15013|client:10.1.0.196:15012|dataStream:10.1.0.196:15015|priority:1|startupRole:FOLLOWER]|listeners:[], old=null
2023-06-01 19:11:13,375 [fac1c7af-03c1-44bd-b323-3796df9c2435@group-C5917EE03DF0-LeaderElection2] INFO  impl.LeaderElection (LeaderElection.java:askForVotes(323)) - fac1c7af-03c1-44bd-b323-3796df9c2435@group-C5917EE03DF0-LeaderElection2 ELECTION round 0: result PASSED (term=1)
2023-06-01 19:11:13,375 [fac1c7af-03c1-44bd-b323-3796df9c2435@group-C5917EE03DF0-LeaderElection2] INFO  impl.RoleInfo (RoleInfo.java:shutdownLeaderElection(130)) - fac1c7af-03c1-44bd-b323-3796df9c2435: shutdown fac1c7af-03c1-44bd-b323-3796df9c2435@group-C5917EE03DF0-LeaderElection2
2023-06-01 19:11:13,375 [fac1c7af-03c1-44bd-b323-3796df9c2435@group-C5917EE03DF0-LeaderElection2] INFO  server.RaftServer$Division (RaftServerImpl.java:setRole(329)) - fac1c7af-03c1-44bd-b323-3796df9c2435@group-C5917EE03DF0: changes role from CANDIDATE to LEADER at term 1 for changeToLeader
2023-06-01 19:11:13,375 [fac1c7af-03c1-44bd-b323-3796df9c2435@group-C5917EE03DF0-LeaderElection2] INFO  ratis.XceiverServerRatis (XceiverServerRatis.java:handleLeaderChangedNotification(902)) - Leader change notification received for group: group-C5917EE03DF0 with new leaderId: fac1c7af-03c1-44bd-b323-3796df9c2435
2023-06-01 19:11:13,376 [fac1c7af-03c1-44bd-b323-3796df9c2435@group-C5917EE03DF0-LeaderElection2] INFO  server.RaftServer$Division (ServerState.java:setLeader(317)) - fac1c7af-03c1-44bd-b323-3796df9c2435@group-C5917EE03DF0: change Leader from null to fac1c7af-03c1-44bd-b323-3796df9c2435 at term 1 for becomeLeader, leader elected after 5157ms
2023-06-01 19:11:13,376 [fac1c7af-03c1-44bd-b323-3796df9c2435@group-C5917EE03DF0-LeaderElection2] INFO  server.RaftServerConfigKeys (ConfUtils.java:logGet(46)) - raft.server.staging.catchup.gap = 1000 (default)
2023-06-01 19:11:13,376 [fac1c7af-03c1-44bd-b323-3796df9c2435@group-C5917EE03DF0-LeaderElection2] INFO  server.RaftServerConfigKeys (ConfUtils.java:logGet(46)) - raft.server.write.element-limit = 1024 (custom)
2023-06-01 19:11:13,376 [fac1c7af-03c1-44bd-b323-3796df9c2435@group-C5917EE03DF0-LeaderElection2] INFO  server.RaftServerConfigKeys (ConfUtils.java:logGet(46)) - raft.server.write.byte-limit = 1024 M (=1073741824) (custom)
2023-06-01 19:11:13,377 [EventQueue-OpenPipelineForHealthyPipelineSafeModeRule] INFO  safemode.SCMSafeModeManager (HealthyPipelineSafeModeRule.java:process(137)) - SCM in safe mode. Healthy pipelines reported count is 0, required healthy pipeline reported count is 1
2023-06-01 19:11:13,378 [fac1c7af-03c1-44bd-b323-3796df9c2435@group-C5917EE03DF0-LeaderElection2] INFO  server.RaftServerConfigKeys (ConfUtils.java:logGet(46)) - raft.server.watch.timeout = 180s (custom)
2023-06-01 19:11:13,378 [fac1c7af-03c1-44bd-b323-3796df9c2435@group-C5917EE03DF0-LeaderElection2] INFO  server.RaftServerConfigKeys (ConfUtils.java:logGet(46)) - raft.server.watch.timeout.denomination = 1s (default)
2023-06-01 19:11:13,378 [fac1c7af-03c1-44bd-b323-3796df9c2435@group-C5917EE03DF0-LeaderElection2] INFO  server.RaftServerConfigKeys (ConfUtils.java:logGet(46)) - raft.server.watch.element-limit = 65536 (default)
2023-06-01 19:11:13,378 [fac1c7af-03c1-44bd-b323-3796df9c2435@group-C5917EE03DF0-LeaderElection2] INFO  server.RaftServerConfigKeys (ConfUtils.java:logGet(46)) - raft.server.write.element-limit = 1024 (custom)
2023-06-01 19:11:13,378 [fac1c7af-03c1-44bd-b323-3796df9c2435@group-C5917EE03DF0-LeaderElection2] INFO  server.RaftServerConfigKeys (ConfUtils.java:logGet(46)) - raft.server.write.follower.gap.ratio.max = -1.0 (default)
2023-06-01 19:11:13,378 [fac1c7af-03c1-44bd-b323-3796df9c2435@group-C5917EE03DF0-LeaderElection2] INFO  impl.RoleInfo (RoleInfo.java:updateAndGet(139)) - fac1c7af-03c1-44bd-b323-3796df9c2435: start fac1c7af-03c1-44bd-b323-3796df9c2435@group-C5917EE03DF0-LeaderStateImpl
2023-06-01 19:11:13,378 [fac1c7af-03c1-44bd-b323-3796df9c2435@group-C5917EE03DF0-LeaderElection2] INFO  segmented.SegmentedRaftLogWorker (SegmentedRaftLogWorker.java:startLogSegment(447)) - fac1c7af-03c1-44bd-b323-3796df9c2435@group-C5917EE03DF0-SegmentedRaftLogWorker: Starting segment from index:0
2023-06-01 19:11:13,379 [fac1c7af-03c1-44bd-b323-3796df9c2435@group-C5917EE03DF0-SegmentedRaftLogWorker] INFO  segmented.SegmentedRaftLogWorker (SegmentedRaftLogWorker.java:execute(651)) - fac1c7af-03c1-44bd-b323-3796df9c2435@group-C5917EE03DF0-SegmentedRaftLogWorker: created new log segment /home/runner/work/ozone/ozone/hadoop-ozone/integration-test/target/test-dir/MiniOzoneClusterImpl-59aba430-7466-43cf-ac60-ffcd1bd17169/datanode-0/data/ratis/955c3877-b1c3-4600-b43f-c5917ee03df0/current/log_inprogress_0
2023-06-01 19:11:13,382 [fac1c7af-03c1-44bd-b323-3796df9c2435@group-C5917EE03DF0-LeaderElection2] INFO  server.RaftServer$Division (ServerState.java:setRaftConf(434)) - fac1c7af-03c1-44bd-b323-3796df9c2435@group-C5917EE03DF0: set configuration 0: peers:[fac1c7af-03c1-44bd-b323-3796df9c2435|rpc:10.1.0.196:15014|admin:10.1.0.196:15013|client:10.1.0.196:15012|dataStream:10.1.0.196:15015|priority:1|startupRole:FOLLOWER]|listeners:[], old=null
2023-06-01 19:11:13,418 [fac1c7af-03c1-44bd-b323-3796df9c2435@group-AEB6F4C7E190-FollowerState] INFO  impl.FollowerState (FollowerState.java:run(143)) - fac1c7af-03c1-44bd-b323-3796df9c2435@group-AEB6F4C7E190-FollowerState: change to CANDIDATE, lastRpcElapsedTime:5139077464ns, electionTimeout:5136ms
2023-06-01 19:11:13,419 [fac1c7af-03c1-44bd-b323-3796df9c2435@group-AEB6F4C7E190-FollowerState] INFO  impl.RoleInfo (RoleInfo.java:shutdownFollowerState(110)) - fac1c7af-03c1-44bd-b323-3796df9c2435: shutdown fac1c7af-03c1-44bd-b323-3796df9c2435@group-AEB6F4C7E190-FollowerState
2023-06-01 19:11:13,419 [fac1c7af-03c1-44bd-b323-3796df9c2435@group-AEB6F4C7E190-FollowerState] INFO  server.RaftServer$Division (RaftServerImpl.java:setRole(329)) - fac1c7af-03c1-44bd-b323-3796df9c2435@group-AEB6F4C7E190: changes role from  FOLLOWER to CANDIDATE at term 0 for changeToCandidate
2023-06-01 19:11:13,420 [fac1c7af-03c1-44bd-b323-3796df9c2435@group-AEB6F4C7E190-FollowerState] INFO  server.RaftServerConfigKeys (ConfUtils.java:logGet(46)) - raft.server.leaderelection.pre-vote = true (default)
2023-06-01 19:11:13,420 [fac1c7af-03c1-44bd-b323-3796df9c2435@group-AEB6F4C7E190-FollowerState] INFO  impl.RoleInfo (RoleInfo.java:updateAndGet(139)) - fac1c7af-03c1-44bd-b323-3796df9c2435: start fac1c7af-03c1-44bd-b323-3796df9c2435@group-AEB6F4C7E190-LeaderElection3
2023-06-01 19:11:13,422 [fac1c7af-03c1-44bd-b323-3796df9c2435@group-AEB6F4C7E190-LeaderElection3] INFO  impl.LeaderElection (LeaderElection.java:askForVotes(321)) - fac1c7af-03c1-44bd-b323-3796df9c2435@group-AEB6F4C7E190-LeaderElection3 PRE_VOTE round 0: submit vote requests at term 0 for -1: peers:[d78dd883-3e4c-45aa-98b2-e8ffdf2e22af|rpc:10.1.0.196:15032|admin:10.1.0.196:15031|client:10.1.0.196:15030|dataStream:10.1.0.196:15033|priority:1|startupRole:FOLLOWER, c686f304-079c-4e24-9d21-fd4c36dc1242|rpc:10.1.0.196:15023|admin:10.1.0.196:15022|client:10.1.0.196:15021|dataStream:10.1.0.196:15024|priority:0|startupRole:FOLLOWER, fac1c7af-03c1-44bd-b323-3796df9c2435|rpc:10.1.0.196:15014|admin:10.1.0.196:15013|client:10.1.0.196:15012|dataStream:10.1.0.196:15015|priority:0|startupRole:FOLLOWER]|listeners:[], old=null
2023-06-01 19:11:13,427 [fac1c7af-03c1-44bd-b323-3796df9c2435@group-AEB6F4C7E190-LeaderElection3] INFO  server.RaftServerConfigKeys (ConfUtils.java:logFallback(53)) - raft.server.rpc.first-election.timeout.min = 5s (fallback to raft.server.rpc.timeout.min)
2023-06-01 19:11:13,427 [fac1c7af-03c1-44bd-b323-3796df9c2435@group-AEB6F4C7E190-LeaderElection3] INFO  server.RaftServerConfigKeys (ConfUtils.java:logFallback(53)) - raft.server.rpc.first-election.timeout.max = 5200ms (fallback to raft.server.rpc.timeout.max)
2023-06-01 19:11:13,428 [fac1c7af-03c1-44bd-b323-3796df9c2435@group-AEB6F4C7E190-LeaderElection3-1] INFO  server.GrpcServerProtocolClient (GrpcServerProtocolClient.java:<init>(65)) - Build channel for d78dd883-3e4c-45aa-98b2-e8ffdf2e22af
2023-06-01 19:11:13,430 [fac1c7af-03c1-44bd-b323-3796df9c2435@group-AEB6F4C7E190-LeaderElection3-2] INFO  server.GrpcServerProtocolClient (GrpcServerProtocolClient.java:<init>(65)) - Build channel for c686f304-079c-4e24-9d21-fd4c36dc1242
2023-06-01 19:11:13,440 [grpc-default-executor-0] INFO  server.RaftServer$Division (RaftServerImpl.java:requestVote(1302)) - c686f304-079c-4e24-9d21-fd4c36dc1242@group-AEB6F4C7E190: receive requestVote(PRE_VOTE, fac1c7af-03c1-44bd-b323-3796df9c2435, group-AEB6F4C7E190, 0, (t:0, i:0))
2023-06-01 19:11:13,442 [grpc-default-executor-0] INFO  impl.VoteContext (VoteContext.java:log(49)) - c686f304-079c-4e24-9d21-fd4c36dc1242@group-AEB6F4C7E190-FOLLOWER: accept PRE_VOTE from fac1c7af-03c1-44bd-b323-3796df9c2435: our priority 0 <= candidate's priority 0
2023-06-01 19:11:13,447 [grpc-default-executor-0] INFO  server.RaftServer$Division (RaftServerImpl.java:requestVote(1335)) - c686f304-079c-4e24-9d21-fd4c36dc1242@group-AEB6F4C7E190 replies to PRE_VOTE vote request: fac1c7af-03c1-44bd-b323-3796df9c2435<-c686f304-079c-4e24-9d21-fd4c36dc1242#0:OK-t0. Peer's state: c686f304-079c-4e24-9d21-fd4c36dc1242@group-AEB6F4C7E190:t0, leader=null, voted=, raftlog=Memoized:c686f304-079c-4e24-9d21-fd4c36dc1242@group-AEB6F4C7E190-SegmentedRaftLog:OPENED:c-1, conf=-1: peers:[d78dd883-3e4c-45aa-98b2-e8ffdf2e22af|rpc:10.1.0.196:15032|admin:10.1.0.196:15031|client:10.1.0.196:15030|dataStream:10.1.0.196:15033|priority:1|startupRole:FOLLOWER, c686f304-079c-4e24-9d21-fd4c36dc1242|rpc:10.1.0.196:15023|admin:10.1.0.196:15022|client:10.1.0.196:15021|dataStream:10.1.0.196:15024|priority:0|startupRole:FOLLOWER, fac1c7af-03c1-44bd-b323-3796df9c2435|rpc:10.1.0.196:15014|admin:10.1.0.196:15013|client:10.1.0.196:15012|dataStream:10.1.0.196:15015|priority:0|startupRole:FOLLOWER]|listeners:[], old=null
2023-06-01 19:11:13,454 [grpc-default-executor-0] INFO  server.RaftServer$Division (RaftServerImpl.java:requestVote(1302)) - d78dd883-3e4c-45aa-98b2-e8ffdf2e22af@group-AEB6F4C7E190: receive requestVote(PRE_VOTE, fac1c7af-03c1-44bd-b323-3796df9c2435, group-AEB6F4C7E190, 0, (t:0, i:0))
2023-06-01 19:11:13,454 [grpc-default-executor-0] INFO  impl.VoteContext (VoteContext.java:log(49)) - d78dd883-3e4c-45aa-98b2-e8ffdf2e22af@group-AEB6F4C7E190-FOLLOWER: reject PRE_VOTE from fac1c7af-03c1-44bd-b323-3796df9c2435: our priority 1 > candidate's priority 0
2023-06-01 19:11:13,454 [grpc-default-executor-0] INFO  server.RaftServer$Division (RaftServerImpl.java:requestVote(1335)) - d78dd883-3e4c-45aa-98b2-e8ffdf2e22af@group-AEB6F4C7E190 replies to PRE_VOTE vote request: fac1c7af-03c1-44bd-b323-3796df9c2435<-d78dd883-3e4c-45aa-98b2-e8ffdf2e22af#0:FAIL-t0. Peer's state: d78dd883-3e4c-45aa-98b2-e8ffdf2e22af@group-AEB6F4C7E190:t0, leader=null, voted=, raftlog=Memoized:d78dd883-3e4c-45aa-98b2-e8ffdf2e22af@group-AEB6F4C7E190-SegmentedRaftLog:OPENED:c-1, conf=-1: peers:[d78dd883-3e4c-45aa-98b2-e8ffdf2e22af|rpc:10.1.0.196:15032|admin:10.1.0.196:15031|client:10.1.0.196:15030|dataStream:10.1.0.196:15033|priority:1|startupRole:FOLLOWER, c686f304-079c-4e24-9d21-fd4c36dc1242|rpc:10.1.0.196:15023|admin:10.1.0.196:15022|client:10.1.0.196:15021|dataStream:10.1.0.196:15024|priority:0|startupRole:FOLLOWER, fac1c7af-03c1-44bd-b323-3796df9c2435|rpc:10.1.0.196:15014|admin:10.1.0.196:15013|client:10.1.0.196:15012|dataStream:10.1.0.196:15015|priority:0|startupRole:FOLLOWER]|listeners:[], old=null
2023-06-01 19:11:13,455 [fac1c7af-03c1-44bd-b323-3796df9c2435@group-AEB6F4C7E190-LeaderElection3] INFO  impl.LeaderElection (LeaderElection.java:logAndReturn(90)) - fac1c7af-03c1-44bd-b323-3796df9c2435@group-AEB6F4C7E190-LeaderElection3: PRE_VOTE REJECTED received 2 response(s) and 0 exception(s):
2023-06-01 19:11:13,455 [fac1c7af-03c1-44bd-b323-3796df9c2435@group-AEB6F4C7E190-LeaderElection3] INFO  impl.LeaderElection (LeaderElection.java:logAndReturn(94)) -   Response 0: fac1c7af-03c1-44bd-b323-3796df9c2435<-d78dd883-3e4c-45aa-98b2-e8ffdf2e22af#0:FAIL-t0
2023-06-01 19:11:13,455 [fac1c7af-03c1-44bd-b323-3796df9c2435@group-AEB6F4C7E190-LeaderElection3] INFO  impl.LeaderElection (LeaderElection.java:logAndReturn(94)) -   Response 1: fac1c7af-03c1-44bd-b323-3796df9c2435<-c686f304-079c-4e24-9d21-fd4c36dc1242#0:OK-t0
2023-06-01 19:11:13,455 [fac1c7af-03c1-44bd-b323-3796df9c2435@group-AEB6F4C7E190-LeaderElection3] INFO  impl.LeaderElection (LeaderElection.java:askForVotes(323)) - fac1c7af-03c1-44bd-b323-3796df9c2435@group-AEB6F4C7E190-LeaderElection3 PRE_VOTE round 0: result REJECTED
2023-06-01 19:11:13,456 [fac1c7af-03c1-44bd-b323-3796df9c2435@group-AEB6F4C7E190-LeaderElection3] INFO  server.RaftServer$Division (RaftServerImpl.java:setRole(329)) - fac1c7af-03c1-44bd-b323-3796df9c2435@group-AEB6F4C7E190: changes role from CANDIDATE to FOLLOWER at term 0 for REJECTED
2023-06-01 19:11:13,456 [fac1c7af-03c1-44bd-b323-3796df9c2435@group-AEB6F4C7E190-LeaderElection3] INFO  impl.RoleInfo (RoleInfo.java:shutdownLeaderElection(130)) - fac1c7af-03c1-44bd-b323-3796df9c2435: shutdown fac1c7af-03c1-44bd-b323-3796df9c2435@group-AEB6F4C7E190-LeaderElection3
2023-06-01 19:11:13,456 [fac1c7af-03c1-44bd-b323-3796df9c2435@group-AEB6F4C7E190-LeaderElection3] INFO  impl.RoleInfo (RoleInfo.java:updateAndGet(139)) - fac1c7af-03c1-44bd-b323-3796df9c2435: start fac1c7af-03c1-44bd-b323-3796df9c2435@group-AEB6F4C7E190-FollowerState
2023-06-01 19:11:13,646 [main] INFO  ozone.MiniOzoneClusterImpl (MiniOzoneClusterImpl.java:lambda$waitForClusterToBeReady$0(222)) - Nodes are ready. Got 10 of 10 DN Heartbeats.
2023-06-01 19:11:13,646 [main] INFO  ozone.MiniOzoneClusterImpl (MiniOzoneClusterImpl.java:lambda$waitForClusterToBeReady$0(225)) - Waiting for cluster to exit safe mode
2023-06-01 19:11:13,646 [main] INFO  ozone.MiniOzoneClusterImpl (MiniOzoneClusterImpl.java:lambda$waitForClusterToBeReady$0(227)) - SCM became leader
2023-06-01 19:11:13,782 [c686f304-079c-4e24-9d21-fd4c36dc1242@group-AD45264E1594-FollowerState] INFO  impl.FollowerState (FollowerState.java:run(143)) - c686f304-079c-4e24-9d21-fd4c36dc1242@group-AD45264E1594-FollowerState: change to CANDIDATE, lastRpcElapsedTime:5016553326ns, electionTimeout:5011ms
2023-06-01 19:11:13,782 [c686f304-079c-4e24-9d21-fd4c36dc1242@group-AD45264E1594-FollowerState] INFO  impl.RoleInfo (RoleInfo.java:shutdownFollowerState(110)) - c686f304-079c-4e24-9d21-fd4c36dc1242: shutdown c686f304-079c-4e24-9d21-fd4c36dc1242@group-AD45264E1594-FollowerState
2023-06-01 19:11:13,783 [c686f304-079c-4e24-9d21-fd4c36dc1242@group-AD45264E1594-FollowerState] INFO  server.RaftServer$Division (RaftServerImpl.java:setRole(329)) - c686f304-079c-4e24-9d21-fd4c36dc1242@group-AD45264E1594: changes role from  FOLLOWER to CANDIDATE at term 0 for changeToCandidate
2023-06-01 19:11:13,784 [c686f304-079c-4e24-9d21-fd4c36dc1242@group-AD45264E1594-FollowerState] INFO  server.RaftServerConfigKeys (ConfUtils.java:logGet(46)) - raft.server.leaderelection.pre-vote = true (default)
2023-06-01 19:11:13,784 [c686f304-079c-4e24-9d21-fd4c36dc1242@group-AD45264E1594-FollowerState] INFO  impl.RoleInfo (RoleInfo.java:updateAndGet(139)) - c686f304-079c-4e24-9d21-fd4c36dc1242: start c686f304-079c-4e24-9d21-fd4c36dc1242@group-AD45264E1594-LeaderElection4
2023-06-01 19:11:13,789 [c686f304-079c-4e24-9d21-fd4c36dc1242@group-AD45264E1594-LeaderElection4] INFO  impl.LeaderElection (LeaderElection.java:askForVotes(321)) - c686f304-079c-4e24-9d21-fd4c36dc1242@group-AD45264E1594-LeaderElection4 PRE_VOTE round 0: submit vote requests at term 0 for -1: peers:[c686f304-079c-4e24-9d21-fd4c36dc1242|rpc:10.1.0.196:15023|admin:10.1.0.196:15022|client:10.1.0.196:15021|dataStream:10.1.0.196:15024|priority:1|startupRole:FOLLOWER]|listeners:[], old=null
2023-06-01 19:11:13,789 [c686f304-079c-4e24-9d21-fd4c36dc1242@group-AD45264E1594-LeaderElection4] INFO  impl.LeaderElection (LeaderElection.java:askForVotes(323)) - c686f304-079c-4e24-9d21-fd4c36dc1242@group-AD45264E1594-LeaderElection4 PRE_VOTE round 0: result PASSED (term=0)
2023-06-01 19:11:13,791 [c686f304-079c-4e24-9d21-fd4c36dc1242@group-AD45264E1594-LeaderElection4] INFO  impl.LeaderElection (LeaderElection.java:askForVotes(321)) - c686f304-079c-4e24-9d21-fd4c36dc1242@group-AD45264E1594-LeaderElection4 ELECTION round 0: submit vote requests at term 1 for -1: peers:[c686f304-079c-4e24-9d21-fd4c36dc1242|rpc:10.1.0.196:15023|admin:10.1.0.196:15022|client:10.1.0.196:15021|dataStream:10.1.0.196:15024|priority:1|startupRole:FOLLOWER]|listeners:[], old=null
2023-06-01 19:11:13,791 [c686f304-079c-4e24-9d21-fd4c36dc1242@group-AD45264E1594-LeaderElection4] INFO  impl.LeaderElection (LeaderElection.java:askForVotes(323)) - c686f304-079c-4e24-9d21-fd4c36dc1242@group-AD45264E1594-LeaderElection4 ELECTION round 0: result PASSED (term=1)
2023-06-01 19:11:13,791 [c686f304-079c-4e24-9d21-fd4c36dc1242@group-AD45264E1594-LeaderElection4] INFO  impl.RoleInfo (RoleInfo.java:shutdownLeaderElection(130)) - c686f304-079c-4e24-9d21-fd4c36dc1242: shutdown c686f304-079c-4e24-9d21-fd4c36dc1242@group-AD45264E1594-LeaderElection4
2023-06-01 19:11:13,791 [c686f304-079c-4e24-9d21-fd4c36dc1242@group-AD45264E1594-LeaderElection4] INFO  server.RaftServer$Division (RaftServerImpl.java:setRole(329)) - c686f304-079c-4e24-9d21-fd4c36dc1242@group-AD45264E1594: changes role from CANDIDATE to LEADER at term 1 for changeToLeader
2023-06-01 19:11:13,791 [c686f304-079c-4e24-9d21-fd4c36dc1242@group-AD45264E1594-LeaderElection4] INFO  ratis.XceiverServerRatis (XceiverServerRatis.java:handleLeaderChangedNotification(902)) - Leader change notification received for group: group-AD45264E1594 with new leaderId: c686f304-079c-4e24-9d21-fd4c36dc1242
2023-06-01 19:11:13,792 [c686f304-079c-4e24-9d21-fd4c36dc1242@group-AD45264E1594-LeaderElection4] INFO  server.RaftServer$Division (ServerState.java:setLeader(317)) - c686f304-079c-4e24-9d21-fd4c36dc1242@group-AD45264E1594: change Leader from null to c686f304-079c-4e24-9d21-fd4c36dc1242 at term 1 for becomeLeader, leader elected after 5076ms
2023-06-01 19:11:13,792 [c686f304-079c-4e24-9d21-fd4c36dc1242@group-AD45264E1594-LeaderElection4] INFO  server.RaftServerConfigKeys (ConfUtils.java:logGet(46)) - raft.server.staging.catchup.gap = 1000 (default)
2023-06-01 19:11:13,793 [EventQueue-OpenPipelineForHealthyPipelineSafeModeRule] INFO  safemode.SCMSafeModeManager (HealthyPipelineSafeModeRule.java:process(137)) - SCM in safe mode. Healthy pipelines reported count is 0, required healthy pipeline reported count is 1
2023-06-01 19:11:13,793 [c686f304-079c-4e24-9d21-fd4c36dc1242@group-AD45264E1594-LeaderElection4] INFO  server.RaftServerConfigKeys (ConfUtils.java:logGet(46)) - raft.server.write.element-limit = 1024 (custom)
2023-06-01 19:11:13,793 [c686f304-079c-4e24-9d21-fd4c36dc1242@group-AD45264E1594-LeaderElection4] INFO  server.RaftServerConfigKeys (ConfUtils.java:logGet(46)) - raft.server.write.byte-limit = 1024 M (=1073741824) (custom)
2023-06-01 19:11:13,794 [c686f304-079c-4e24-9d21-fd4c36dc1242@group-AD45264E1594-LeaderElection4] INFO  server.RaftServerConfigKeys (ConfUtils.java:logGet(46)) - raft.server.watch.timeout = 180s (custom)
2023-06-01 19:11:13,794 [c686f304-079c-4e24-9d21-fd4c36dc1242@group-AD45264E1594-LeaderElection4] INFO  server.RaftServerConfigKeys (ConfUtils.java:logGet(46)) - raft.server.watch.timeout.denomination = 1s (default)
2023-06-01 19:11:13,794 [c686f304-079c-4e24-9d21-fd4c36dc1242@group-AD45264E1594-LeaderElection4] INFO  server.RaftServerConfigKeys (ConfUtils.java:logGet(46)) - raft.server.watch.element-limit = 65536 (default)
2023-06-01 19:11:13,794 [c686f304-079c-4e24-9d21-fd4c36dc1242@group-AD45264E1594-LeaderElection4] INFO  server.RaftServerConfigKeys (ConfUtils.java:logGet(46)) - raft.server.write.element-limit = 1024 (custom)
2023-06-01 19:11:13,794 [c686f304-079c-4e24-9d21-fd4c36dc1242@group-AD45264E1594-LeaderElection4] INFO  server.RaftServerConfigKeys (ConfUtils.java:logGet(46)) - raft.server.write.follower.gap.ratio.max = -1.0 (default)
2023-06-01 19:11:13,794 [c686f304-079c-4e24-9d21-fd4c36dc1242@group-AD45264E1594-LeaderElection4] INFO  impl.RoleInfo (RoleInfo.java:updateAndGet(139)) - c686f304-079c-4e24-9d21-fd4c36dc1242: start c686f304-079c-4e24-9d21-fd4c36dc1242@group-AD45264E1594-LeaderStateImpl
2023-06-01 19:11:13,795 [c686f304-079c-4e24-9d21-fd4c36dc1242@group-AD45264E1594-LeaderElection4] INFO  segmented.SegmentedRaftLogWorker (SegmentedRaftLogWorker.java:startLogSegment(447)) - c686f304-079c-4e24-9d21-fd4c36dc1242@group-AD45264E1594-SegmentedRaftLogWorker: Starting segment from index:0
2023-06-01 19:11:13,796 [c686f304-079c-4e24-9d21-fd4c36dc1242@group-AD45264E1594-SegmentedRaftLogWorker] INFO  segmented.SegmentedRaftLogWorker (SegmentedRaftLogWorker.java:execute(651)) - c686f304-079c-4e24-9d21-fd4c36dc1242@group-AD45264E1594-SegmentedRaftLogWorker: created new log segment /home/runner/work/ozone/ozone/hadoop-ozone/integration-test/target/test-dir/MiniOzoneClusterImpl-59aba430-7466-43cf-ac60-ffcd1bd17169/datanode-1/data/ratis/de118bbd-fbb1-4989-a1ff-ad45264e1594/current/log_inprogress_0
2023-06-01 19:11:13,802 [c686f304-079c-4e24-9d21-fd4c36dc1242@group-AD45264E1594-LeaderElection4] INFO  server.RaftServer$Division (ServerState.java:setRaftConf(434)) - c686f304-079c-4e24-9d21-fd4c36dc1242@group-AD45264E1594: set configuration 0: peers:[c686f304-079c-4e24-9d21-fd4c36dc1242|rpc:10.1.0.196:15023|admin:10.1.0.196:15022|client:10.1.0.196:15021|dataStream:10.1.0.196:15024|priority:1|startupRole:FOLLOWER]|listeners:[], old=null
2023-06-01 19:11:13,821 [c686f304-079c-4e24-9d21-fd4c36dc1242@group-AEB6F4C7E190-FollowerState] INFO  server.RaftServerConfigKeys (ConfUtils.java:logFallback(53)) - raft.server.rpc.first-election.timeout.min = 5s (fallback to raft.server.rpc.timeout.min)
2023-06-01 19:11:13,821 [c686f304-079c-4e24-9d21-fd4c36dc1242@group-AEB6F4C7E190-FollowerState] INFO  server.RaftServerConfigKeys (ConfUtils.java:logFallback(53)) - raft.server.rpc.first-election.timeout.max = 5200ms (fallback to raft.server.rpc.timeout.max)
2023-06-01 19:11:13,857 [c686f304-079c-4e24-9d21-fd4c36dc1242@group-E89CD66131D1-FollowerState] INFO  impl.FollowerState (FollowerState.java:run(143)) - c686f304-079c-4e24-9d21-fd4c36dc1242@group-E89CD66131D1-FollowerState: change to CANDIDATE, lastRpcElapsedTime:5042326574ns, electionTimeout:5031ms
2023-06-01 19:11:13,858 [c686f304-079c-4e24-9d21-fd4c36dc1242@group-E89CD66131D1-FollowerState] INFO  impl.RoleInfo (RoleInfo.java:shutdownFollowerState(110)) - c686f304-079c-4e24-9d21-fd4c36dc1242: shutdown c686f304-079c-4e24-9d21-fd4c36dc1242@group-E89CD66131D1-FollowerState
2023-06-01 19:11:13,858 [c686f304-079c-4e24-9d21-fd4c36dc1242@group-E89CD66131D1-FollowerState] INFO  server.RaftServer$Division (RaftServerImpl.java:setRole(329)) - c686f304-079c-4e24-9d21-fd4c36dc1242@group-E89CD66131D1: changes role from  FOLLOWER to CANDIDATE at term 0 for changeToCandidate
2023-06-01 19:11:13,859 [c686f304-079c-4e24-9d21-fd4c36dc1242@group-E89CD66131D1-FollowerState] INFO  server.RaftServerConfigKeys (ConfUtils.java:logGet(46)) - raft.server.leaderelection.pre-vote = true (default)
2023-06-01 19:11:13,859 [c686f304-079c-4e24-9d21-fd4c36dc1242@group-E89CD66131D1-FollowerState] INFO  impl.RoleInfo (RoleInfo.java:updateAndGet(139)) - c686f304-079c-4e24-9d21-fd4c36dc1242: start c686f304-079c-4e24-9d21-fd4c36dc1242@group-E89CD66131D1-LeaderElection5
2023-06-01 19:11:13,860 [c686f304-079c-4e24-9d21-fd4c36dc1242@group-E89CD66131D1-LeaderElection5] INFO  impl.LeaderElection (LeaderElection.java:askForVotes(321)) - c686f304-079c-4e24-9d21-fd4c36dc1242@group-E89CD66131D1-LeaderElection5 PRE_VOTE round 0: submit vote requests at term 0 for -1: peers:[d78dd883-3e4c-45aa-98b2-e8ffdf2e22af|rpc:10.1.0.196:15032|admin:10.1.0.196:15031|client:10.1.0.196:15030|dataStream:10.1.0.196:15033|priority:0|startupRole:FOLLOWER, fac1c7af-03c1-44bd-b323-3796df9c2435|rpc:10.1.0.196:15014|admin:10.1.0.196:15013|client:10.1.0.196:15012|dataStream:10.1.0.196:15015|priority:0|startupRole:FOLLOWER, c686f304-079c-4e24-9d21-fd4c36dc1242|rpc:10.1.0.196:15023|admin:10.1.0.196:15022|client:10.1.0.196:15021|dataStream:10.1.0.196:15024|priority:1|startupRole:FOLLOWER]|listeners:[], old=null
2023-06-01 19:11:13,861 [c686f304-079c-4e24-9d21-fd4c36dc1242@group-E89CD66131D1-LeaderElection5] INFO  server.RaftServerConfigKeys (ConfUtils.java:logFallback(53)) - raft.server.rpc.first-election.timeout.min = 5s (fallback to raft.server.rpc.timeout.min)
2023-06-01 19:11:13,861 [c686f304-079c-4e24-9d21-fd4c36dc1242@group-E89CD66131D1-LeaderElection5-1] INFO  server.GrpcServerProtocolClient (GrpcServerProtocolClient.java:<init>(65)) - Build channel for d78dd883-3e4c-45aa-98b2-e8ffdf2e22af
2023-06-01 19:11:13,861 [c686f304-079c-4e24-9d21-fd4c36dc1242@group-E89CD66131D1-LeaderElection5] INFO  server.RaftServerConfigKeys (ConfUtils.java:logFallback(53)) - raft.server.rpc.first-election.timeout.max = 5200ms (fallback to raft.server.rpc.timeout.max)
2023-06-01 19:11:13,861 [c686f304-079c-4e24-9d21-fd4c36dc1242@group-E89CD66131D1-LeaderElection5-2] INFO  server.GrpcServerProtocolClient (GrpcServerProtocolClient.java:<init>(65)) - Build channel for fac1c7af-03c1-44bd-b323-3796df9c2435
2023-06-01 19:11:13,877 [grpc-default-executor-1] INFO  server.RaftServer$Division (RaftServerImpl.java:requestVote(1302)) - d78dd883-3e4c-45aa-98b2-e8ffdf2e22af@group-E89CD66131D1: receive requestVote(PRE_VOTE, c686f304-079c-4e24-9d21-fd4c36dc1242, group-E89CD66131D1, 0, (t:0, i:0))
2023-06-01 19:11:13,877 [grpc-default-executor-1] INFO  impl.VoteContext (VoteContext.java:log(49)) - d78dd883-3e4c-45aa-98b2-e8ffdf2e22af@group-E89CD66131D1-FOLLOWER: accept PRE_VOTE from c686f304-079c-4e24-9d21-fd4c36dc1242: our priority 0 <= candidate's priority 1
2023-06-01 19:11:13,878 [grpc-default-executor-1] INFO  server.RaftServer$Division (RaftServerImpl.java:requestVote(1335)) - d78dd883-3e4c-45aa-98b2-e8ffdf2e22af@group-E89CD66131D1 replies to PRE_VOTE vote request: c686f304-079c-4e24-9d21-fd4c36dc1242<-d78dd883-3e4c-45aa-98b2-e8ffdf2e22af#0:OK-t0. Peer's state: d78dd883-3e4c-45aa-98b2-e8ffdf2e22af@group-E89CD66131D1:t0, leader=null, voted=, raftlog=Memoized:d78dd883-3e4c-45aa-98b2-e8ffdf2e22af@group-E89CD66131D1-SegmentedRaftLog:OPENED:c-1, conf=-1: peers:[d78dd883-3e4c-45aa-98b2-e8ffdf2e22af|rpc:10.1.0.196:15032|admin:10.1.0.196:15031|client:10.1.0.196:15030|dataStream:10.1.0.196:15033|priority:0|startupRole:FOLLOWER, fac1c7af-03c1-44bd-b323-3796df9c2435|rpc:10.1.0.196:15014|admin:10.1.0.196:15013|client:10.1.0.196:15012|dataStream:10.1.0.196:15015|priority:0|startupRole:FOLLOWER, c686f304-079c-4e24-9d21-fd4c36dc1242|rpc:10.1.0.196:15023|admin:10.1.0.196:15022|client:10.1.0.196:15021|dataStream:10.1.0.196:15024|priority:1|startupRole:FOLLOWER]|listeners:[], old=null
2023-06-01 19:11:13,882 [c686f304-079c-4e24-9d21-fd4c36dc1242@group-E89CD66131D1-LeaderElection5] INFO  impl.LeaderElection (LeaderElection.java:logAndReturn(90)) - c686f304-079c-4e24-9d21-fd4c36dc1242@group-E89CD66131D1-LeaderElection5: PRE_VOTE PASSED received 1 response(s) and 0 exception(s):
2023-06-01 19:11:13,883 [c686f304-079c-4e24-9d21-fd4c36dc1242@group-E89CD66131D1-LeaderElection5] INFO  impl.LeaderElection (LeaderElection.java:logAndReturn(94)) -   Response 0: c686f304-079c-4e24-9d21-fd4c36dc1242<-d78dd883-3e4c-45aa-98b2-e8ffdf2e22af#0:OK-t0
2023-06-01 19:11:13,883 [c686f304-079c-4e24-9d21-fd4c36dc1242@group-E89CD66131D1-LeaderElection5] INFO  impl.LeaderElection (LeaderElection.java:askForVotes(323)) - c686f304-079c-4e24-9d21-fd4c36dc1242@group-E89CD66131D1-LeaderElection5 PRE_VOTE round 0: result PASSED
2023-06-01 19:11:13,884 [c686f304-079c-4e24-9d21-fd4c36dc1242@group-E89CD66131D1-LeaderElection5] INFO  impl.LeaderElection (LeaderElection.java:askForVotes(321)) - c686f304-079c-4e24-9d21-fd4c36dc1242@group-E89CD66131D1-LeaderElection5 ELECTION round 0: submit vote requests at term 1 for -1: peers:[d78dd883-3e4c-45aa-98b2-e8ffdf2e22af|rpc:10.1.0.196:15032|admin:10.1.0.196:15031|client:10.1.0.196:15030|dataStream:10.1.0.196:15033|priority:0|startupRole:FOLLOWER, fac1c7af-03c1-44bd-b323-3796df9c2435|rpc:10.1.0.196:15014|admin:10.1.0.196:15013|client:10.1.0.196:15012|dataStream:10.1.0.196:15015|priority:0|startupRole:FOLLOWER, c686f304-079c-4e24-9d21-fd4c36dc1242|rpc:10.1.0.196:15023|admin:10.1.0.196:15022|client:10.1.0.196:15021|dataStream:10.1.0.196:15024|priority:1|startupRole:FOLLOWER]|listeners:[], old=null
2023-06-01 19:11:13,886 [c686f304-079c-4e24-9d21-fd4c36dc1242@group-E89CD66131D1-LeaderElection5] INFO  server.RaftServerConfigKeys (ConfUtils.java:logFallback(53)) - raft.server.rpc.first-election.timeout.min = 5s (fallback to raft.server.rpc.timeout.min)
2023-06-01 19:11:13,886 [c686f304-079c-4e24-9d21-fd4c36dc1242@group-E89CD66131D1-LeaderElection5] INFO  server.RaftServerConfigKeys (ConfUtils.java:logFallback(53)) - raft.server.rpc.first-election.timeout.max = 5200ms (fallback to raft.server.rpc.timeout.max)
2023-06-01 19:11:13,889 [grpc-default-executor-1] INFO  server.RaftServer$Division (RaftServerImpl.java:requestVote(1302)) - fac1c7af-03c1-44bd-b323-3796df9c2435@group-E89CD66131D1: receive requestVote(PRE_VOTE, c686f304-079c-4e24-9d21-fd4c36dc1242, group-E89CD66131D1, 0, (t:0, i:0))
2023-06-01 19:11:13,889 [grpc-default-executor-1] INFO  impl.VoteContext (VoteContext.java:log(49)) - fac1c7af-03c1-44bd-b323-3796df9c2435@group-E89CD66131D1-FOLLOWER: accept PRE_VOTE from c686f304-079c-4e24-9d21-fd4c36dc1242: our priority 0 <= candidate's priority 1
2023-06-01 19:11:13,889 [grpc-default-executor-1] INFO  server.RaftServer$Division (RaftServerImpl.java:requestVote(1335)) - fac1c7af-03c1-44bd-b323-3796df9c2435@group-E89CD66131D1 replies to PRE_VOTE vote request: c686f304-079c-4e24-9d21-fd4c36dc1242<-fac1c7af-03c1-44bd-b323-3796df9c2435#0:OK-t0. Peer's state: fac1c7af-03c1-44bd-b323-3796df9c2435@group-E89CD66131D1:t0, leader=null, voted=, raftlog=Memoized:fac1c7af-03c1-44bd-b323-3796df9c2435@group-E89CD66131D1-SegmentedRaftLog:OPENED:c-1, conf=-1: peers:[d78dd883-3e4c-45aa-98b2-e8ffdf2e22af|rpc:10.1.0.196:15032|admin:10.1.0.196:15031|client:10.1.0.196:15030|dataStream:10.1.0.196:15033|priority:0|startupRole:FOLLOWER, fac1c7af-03c1-44bd-b323-3796df9c2435|rpc:10.1.0.196:15014|admin:10.1.0.196:15013|client:10.1.0.196:15012|dataStream:10.1.0.196:15015|priority:0|startupRole:FOLLOWER, c686f304-079c-4e24-9d21-fd4c36dc1242|rpc:10.1.0.196:15023|admin:10.1.0.196:15022|client:10.1.0.196:15021|dataStream:10.1.0.196:15024|priority:1|startupRole:FOLLOWER]|listeners:[], old=null
2023-06-01 19:11:13,896 [grpc-default-executor-0] INFO  server.RaftServer$Division (RaftServerImpl.java:requestVote(1302)) - fac1c7af-03c1-44bd-b323-3796df9c2435@group-E89CD66131D1: receive requestVote(ELECTION, c686f304-079c-4e24-9d21-fd4c36dc1242, group-E89CD66131D1, 1, (t:0, i:0))
2023-06-01 19:11:13,898 [grpc-default-executor-0] INFO  impl.VoteContext (VoteContext.java:log(49)) - fac1c7af-03c1-44bd-b323-3796df9c2435@group-E89CD66131D1-FOLLOWER: accept ELECTION from c686f304-079c-4e24-9d21-fd4c36dc1242: our priority 0 <= candidate's priority 1
2023-06-01 19:11:13,898 [grpc-default-executor-0] INFO  server.RaftServer$Division (RaftServerImpl.java:setRole(329)) - fac1c7af-03c1-44bd-b323-3796df9c2435@group-E89CD66131D1: changes role from  FOLLOWER to FOLLOWER at term 1 for candidate:c686f304-079c-4e24-9d21-fd4c36dc1242
2023-06-01 19:11:13,898 [grpc-default-executor-0] INFO  impl.RoleInfo (RoleInfo.java:shutdownFollowerState(110)) - fac1c7af-03c1-44bd-b323-3796df9c2435: shutdown fac1c7af-03c1-44bd-b323-3796df9c2435@group-E89CD66131D1-FollowerState
2023-06-01 19:11:13,898 [fac1c7af-03c1-44bd-b323-3796df9c2435@group-E89CD66131D1-FollowerState] INFO  impl.FollowerState (FollowerState.java:run(152)) - fac1c7af-03c1-44bd-b323-3796df9c2435@group-E89CD66131D1-FollowerState was interrupted
2023-06-01 19:11:13,899 [grpc-default-executor-2] INFO  server.RaftServer$Division (RaftServerImpl.java:requestVote(1302)) - d78dd883-3e4c-45aa-98b2-e8ffdf2e22af@group-E89CD66131D1: receive requestVote(ELECTION, c686f304-079c-4e24-9d21-fd4c36dc1242, group-E89CD66131D1, 1, (t:0, i:0))
2023-06-01 19:11:13,900 [grpc-default-executor-0] INFO  impl.RoleInfo (RoleInfo.java:updateAndGet(139)) - fac1c7af-03c1-44bd-b323-3796df9c2435: start fac1c7af-03c1-44bd-b323-3796df9c2435@group-E89CD66131D1-FollowerState
2023-06-01 19:11:13,905 [grpc-default-executor-0] INFO  server.RaftServer$Division (RaftServerImpl.java:requestVote(1335)) - fac1c7af-03c1-44bd-b323-3796df9c2435@group-E89CD66131D1 replies to ELECTION vote request: c686f304-079c-4e24-9d21-fd4c36dc1242<-fac1c7af-03c1-44bd-b323-3796df9c2435#0:OK-t1. Peer's state: fac1c7af-03c1-44bd-b323-3796df9c2435@group-E89CD66131D1:t1, leader=null, voted=c686f304-079c-4e24-9d21-fd4c36dc1242, raftlog=Memoized:fac1c7af-03c1-44bd-b323-3796df9c2435@group-E89CD66131D1-SegmentedRaftLog:OPENED:c-1, conf=-1: peers:[d78dd883-3e4c-45aa-98b2-e8ffdf2e22af|rpc:10.1.0.196:15032|admin:10.1.0.196:15031|client:10.1.0.196:15030|dataStream:10.1.0.196:15033|priority:0|startupRole:FOLLOWER, fac1c7af-03c1-44bd-b323-3796df9c2435|rpc:10.1.0.196:15014|admin:10.1.0.196:15013|client:10.1.0.196:15012|dataStream:10.1.0.196:15015|priority:0|startupRole:FOLLOWER, c686f304-079c-4e24-9d21-fd4c36dc1242|rpc:10.1.0.196:15023|admin:10.1.0.196:15022|client:10.1.0.196:15021|dataStream:10.1.0.196:15024|priority:1|startupRole:FOLLOWER]|listeners:[], old=null
2023-06-01 19:11:13,907 [c686f304-079c-4e24-9d21-fd4c36dc1242@group-E89CD66131D1-LeaderElection5] INFO  impl.LeaderElection (LeaderElection.java:logAndReturn(90)) - c686f304-079c-4e24-9d21-fd4c36dc1242@group-E89CD66131D1-LeaderElection5: ELECTION PASSED received 1 response(s) and 0 exception(s):
2023-06-01 19:11:13,907 [c686f304-079c-4e24-9d21-fd4c36dc1242@group-E89CD66131D1-LeaderElection5] INFO  impl.LeaderElection (LeaderElection.java:logAndReturn(94)) -   Response 0: c686f304-079c-4e24-9d21-fd4c36dc1242<-fac1c7af-03c1-44bd-b323-3796df9c2435#0:OK-t1
2023-06-01 19:11:13,907 [c686f304-079c-4e24-9d21-fd4c36dc1242@group-E89CD66131D1-LeaderElection5] INFO  impl.LeaderElection (LeaderElection.java:askForVotes(323)) - c686f304-079c-4e24-9d21-fd4c36dc1242@group-E89CD66131D1-LeaderElection5 ELECTION round 0: result PASSED
2023-06-01 19:11:13,907 [c686f304-079c-4e24-9d21-fd4c36dc1242@group-E89CD66131D1-LeaderElection5] INFO  impl.RoleInfo (RoleInfo.java:shutdownLeaderElection(130)) - c686f304-079c-4e24-9d21-fd4c36dc1242: shutdown c686f304-079c-4e24-9d21-fd4c36dc1242@group-E89CD66131D1-LeaderElection5
2023-06-01 19:11:13,907 [c686f304-079c-4e24-9d21-fd4c36dc1242@group-E89CD66131D1-LeaderElection5] INFO  server.RaftServer$Division (RaftServerImpl.java:setRole(329)) - c686f304-079c-4e24-9d21-fd4c36dc1242@group-E89CD66131D1: changes role from CANDIDATE to LEADER at term 1 for changeToLeader
2023-06-01 19:11:13,907 [c686f304-079c-4e24-9d21-fd4c36dc1242@group-E89CD66131D1-LeaderElection5] INFO  ratis.XceiverServerRatis (XceiverServerRatis.java:handleLeaderChangedNotification(902)) - Leader change notification received for group: group-E89CD66131D1 with new leaderId: c686f304-079c-4e24-9d21-fd4c36dc1242
2023-06-01 19:11:13,907 [c686f304-079c-4e24-9d21-fd4c36dc1242@group-E89CD66131D1-LeaderElection5] INFO  server.RaftServer$Division (ServerState.java:setLeader(317)) - c686f304-079c-4e24-9d21-fd4c36dc1242@group-E89CD66131D1: change Leader from null to c686f304-079c-4e24-9d21-fd4c36dc1242 at term 1 for becomeLeader, leader elected after 5128ms
2023-06-01 19:11:13,907 [c686f304-079c-4e24-9d21-fd4c36dc1242@group-E89CD66131D1-LeaderElection5] INFO  server.RaftServerConfigKeys (ConfUtils.java:logGet(46)) - raft.server.staging.catchup.gap = 1000 (default)
2023-06-01 19:11:13,908 [c686f304-079c-4e24-9d21-fd4c36dc1242@group-E89CD66131D1-LeaderElection5] INFO  server.RaftServerConfigKeys (ConfUtils.java:logGet(46)) - raft.server.write.element-limit = 1024 (custom)
2023-06-01 19:11:13,908 [c686f304-079c-4e24-9d21-fd4c36dc1242@group-E89CD66131D1-LeaderElection5] INFO  server.RaftServerConfigKeys (ConfUtils.java:logGet(46)) - raft.server.write.byte-limit = 1024 M (=1073741824) (custom)
2023-06-01 19:11:13,908 [c686f304-079c-4e24-9d21-fd4c36dc1242@group-E89CD66131D1-LeaderElection5] INFO  server.RaftServerConfigKeys (ConfUtils.java:logGet(46)) - raft.server.watch.timeout = 180s (custom)
2023-06-01 19:11:13,908 [c686f304-079c-4e24-9d21-fd4c36dc1242@group-E89CD66131D1-LeaderElection5] INFO  server.RaftServerConfigKeys (ConfUtils.java:logGet(46)) - raft.server.watch.timeout.denomination = 1s (default)
2023-06-01 19:11:13,908 [c686f304-079c-4e24-9d21-fd4c36dc1242@group-E89CD66131D1-LeaderElection5] INFO  server.RaftServerConfigKeys (ConfUtils.java:logGet(46)) - raft.server.watch.element-limit = 65536 (default)
2023-06-01 19:11:13,908 [c686f304-079c-4e24-9d21-fd4c36dc1242@group-E89CD66131D1-LeaderElection5] INFO  server.RaftServerConfigKeys (ConfUtils.java:logGet(46)) - raft.server.write.element-limit = 1024 (custom)
2023-06-01 19:11:13,908 [c686f304-079c-4e24-9d21-fd4c36dc1242@group-E89CD66131D1-LeaderElection5] INFO  server.RaftServerConfigKeys (ConfUtils.java:logGet(46)) - raft.server.write.follower.gap.ratio.max = -1.0 (default)
2023-06-01 19:11:13,916 [grpc-default-executor-2] INFO  impl.VoteContext (VoteContext.java:log(49)) - d78dd883-3e4c-45aa-98b2-e8ffdf2e22af@group-E89CD66131D1-FOLLOWER: accept ELECTION from c686f304-079c-4e24-9d21-fd4c36dc1242: our priority 0 <= candidate's priority 1
2023-06-01 19:11:13,916 [grpc-default-executor-2] INFO  server.RaftServer$Division (RaftServerImpl.java:setRole(329)) - d78dd883-3e4c-45aa-98b2-e8ffdf2e22af@group-E89CD66131D1: changes role from  FOLLOWER to FOLLOWER at term 1 for candidate:c686f304-079c-4e24-9d21-fd4c36dc1242
2023-06-01 19:11:13,916 [grpc-default-executor-2] INFO  impl.RoleInfo (RoleInfo.java:shutdownFollowerState(110)) - d78dd883-3e4c-45aa-98b2-e8ffdf2e22af: shutdown d78dd883-3e4c-45aa-98b2-e8ffdf2e22af@group-E89CD66131D1-FollowerState
2023-06-01 19:11:13,916 [EventQueue-PipelineReportForPipelineReportHandler] INFO  pipeline.PipelineManagerImpl (PipelineManagerImpl.java:openPipeline(367)) - Pipeline Pipeline[ Id: ee6c0190-ec41-489e-8a9d-e89cd66131d1, Nodes: d78dd883-3e4c-45aa-98b2-e8ffdf2e22af(fv-az163-187.kzyshwy3mise5klwsllqwzgzyb.cx.internal.cloudapp.net/10.1.0.196)fac1c7af-03c1-44bd-b323-3796df9c2435(fv-az163-187.kzyshwy3mise5klwsllqwzgzyb.cx.internal.cloudapp.net/10.1.0.196)c686f304-079c-4e24-9d21-fd4c36dc1242(fv-az163-187.kzyshwy3mise5klwsllqwzgzyb.cx.internal.cloudapp.net/10.1.0.196), ReplicationConfig: RATIS/THREE, State:ALLOCATED, leaderId:c686f304-079c-4e24-9d21-fd4c36dc1242, CreationTimestamp2023-06-01T19:11:06.039Z[Etc/UTC]] moved to OPEN state
2023-06-01 19:11:13,917 [EventQueue-OpenPipelineForHealthyPipelineSafeModeRule] INFO  safemode.SCMSafeModeManager (HealthyPipelineSafeModeRule.java:process(137)) - SCM in safe mode. Healthy pipelines reported count is 1, required healthy pipeline reported count is 1
2023-06-01 19:11:13,917 [EventQueue-OpenPipelineForHealthyPipelineSafeModeRule] INFO  safemode.SCMSafeModeManager (SCMSafeModeManager.java:validateSafeModeExitRules(200)) - HealthyPipelineSafeModeRule rule is successfully validated
2023-06-01 19:11:13,917 [EventQueue-OpenPipelineForHealthyPipelineSafeModeRule] INFO  safemode.SCMSafeModeManager (SCMSafeModeManager.java:validateSafeModeExitRules(215)) - ScmSafeModeManager, all rules are successfully validated
2023-06-01 19:11:13,917 [EventQueue-OpenPipelineForHealthyPipelineSafeModeRule] INFO  safemode.SCMSafeModeManager (SCMSafeModeManager.java:exitSafeMode(244)) - SCM exiting safe mode.
2023-06-01 19:11:13,917 [EventQueue-OpenPipelineForHealthyPipelineSafeModeRule] INFO  ha.SCMContext (SCMContext.java:updateSafeModeStatus(228)) - Update SafeModeStatus from SafeModeStatus{safeModeStatus=true, preCheckPassed=true} to SafeModeStatus{safeModeStatus=false, preCheckPassed=true}.
2023-06-01 19:11:13,917 [EventQueue-OpenPipelineForHealthyPipelineSafeModeRule] INFO  pipeline.BackgroundPipelineCreator (BackgroundPipelineCreator.java:notifyStatusChanged(254)) - Service BackgroundPipelineCreator transitions to RUNNING.
2023-06-01 19:11:13,917 [EventQueue-OpenPipelineForHealthyPipelineSafeModeRule] INFO  BackgroundPipelineScrubber (BackgroundSCMService.java:notifyStatusChanged(82)) - Service BackgroundPipelineScrubber transitions to RUNNING.
2023-06-01 19:11:13,917 [EventQueue-OpenPipelineForHealthyPipelineSafeModeRule] INFO  ExpiredContainerReplicaOpScrubber (BackgroundSCMService.java:notifyStatusChanged(82)) - Service ExpiredContainerReplicaOpScrubber transitions to RUNNING.
2023-06-01 19:11:13,917 [EventQueue-OpenPipelineForHealthyPipelineSafeModeRule] INFO  replication.ReplicationManager (ReplicationManager.java:notifyStatusChanged(1368)) - Service ReplicationManager transitions to RUNNING.
2023-06-01 19:11:13,920 [EventQueue-OpenPipelineForHealthyPipelineSafeModeRule] WARN  balancer.ContainerBalancer (ContainerBalancer.java:shouldRun(135)) - Could not find persisted configuration for ContainerBalancer when checking if ContainerBalancer should run. ContainerBalancer should not run now.
2023-06-01 19:11:13,921 [d78dd883-3e4c-45aa-98b2-e8ffdf2e22af@group-E89CD66131D1-FollowerState] INFO  impl.FollowerState (FollowerState.java:run(152)) - d78dd883-3e4c-45aa-98b2-e8ffdf2e22af@group-E89CD66131D1-FollowerState was interrupted
2023-06-01 19:11:13,927 [grpc-default-executor-2] INFO  impl.RoleInfo (RoleInfo.java:updateAndGet(139)) - d78dd883-3e4c-45aa-98b2-e8ffdf2e22af: start d78dd883-3e4c-45aa-98b2-e8ffdf2e22af@group-E89CD66131D1-FollowerState
2023-06-01 19:11:13,930 [grpc-default-executor-2] INFO  server.RaftServer$Division (RaftServerImpl.java:requestVote(1335)) - d78dd883-3e4c-45aa-98b2-e8ffdf2e22af@group-E89CD66131D1 replies to ELECTION vote request: c686f304-079c-4e24-9d21-fd4c36dc1242<-d78dd883-3e4c-45aa-98b2-e8ffdf2e22af#0:OK-t1. Peer's state: d78dd883-3e4c-45aa-98b2-e8ffdf2e22af@group-E89CD66131D1:t1, leader=null, voted=c686f304-079c-4e24-9d21-fd4c36dc1242, raftlog=Memoized:d78dd883-3e4c-45aa-98b2-e8ffdf2e22af@group-E89CD66131D1-SegmentedRaftLog:OPENED:c-1, conf=-1: peers:[d78dd883-3e4c-45aa-98b2-e8ffdf2e22af|rpc:10.1.0.196:15032|admin:10.1.0.196:15031|client:10.1.0.196:15030|dataStream:10.1.0.196:15033|priority:0|startupRole:FOLLOWER, fac1c7af-03c1-44bd-b323-3796df9c2435|rpc:10.1.0.196:15014|admin:10.1.0.196:15013|client:10.1.0.196:15012|dataStream:10.1.0.196:15015|priority:0|startupRole:FOLLOWER, c686f304-079c-4e24-9d21-fd4c36dc1242|rpc:10.1.0.196:15023|admin:10.1.0.196:15022|client:10.1.0.196:15021|dataStream:10.1.0.196:15024|priority:1|startupRole:FOLLOWER]|listeners:[], old=null
2023-06-01 19:11:13,935 [c686f304-079c-4e24-9d21-fd4c36dc1242@group-E89CD66131D1-LeaderElection5] INFO  server.RaftServerConfigKeys (ConfUtils.java:logGet(46)) - raft.server.log.appender.snapshot.chunk.size.max = 16MB (=16777216) (default)
2023-06-01 19:11:13,935 [c686f304-079c-4e24-9d21-fd4c36dc1242@group-E89CD66131D1-LeaderElection5] INFO  server.RaftServerConfigKeys (ConfUtils.java:logGet(46)) - raft.server.log.appender.buffer.byte-limit = 33554432 (custom)
2023-06-01 19:11:13,935 [c686f304-079c-4e24-9d21-fd4c36dc1242@group-E89CD66131D1-LeaderElection5] INFO  server.RaftServerConfigKeys (ConfUtils.java:logGet(46)) - raft.server.log.appender.buffer.element-limit = 1 (custom)
2023-06-01 19:11:13,936 [c686f304-079c-4e24-9d21-fd4c36dc1242@group-E89CD66131D1-LeaderElection5] INFO  server.RaftServerConfigKeys (ConfUtils.java:logGet(46)) - raft.server.log.appender.wait-time.min = 10ms (default)
2023-06-01 19:11:13,937 [c686f304-079c-4e24-9d21-fd4c36dc1242@group-E89CD66131D1-LeaderElection5] INFO  grpc.GrpcConfigKeys (ConfUtils.java:logGet(46)) - raft.grpc.server.leader.outstanding.appends.max = 128 (default)
2023-06-01 19:11:13,937 [c686f304-079c-4e24-9d21-fd4c36dc1242@group-E89CD66131D1-LeaderElection5] INFO  server.RaftServerConfigKeys (ConfUtils.java:logGet(46)) - raft.server.rpc.request.timeout = 60s (custom)
2023-06-01 19:11:13,938 [c686f304-079c-4e24-9d21-fd4c36dc1242@group-E89CD66131D1-LeaderElection5] INFO  grpc.GrpcConfigKeys (ConfUtils.java:logGet(46)) - raft.grpc.server.install_snapshot.request.element-limit = 8 (default)
2023-06-01 19:11:13,938 [c686f304-079c-4e24-9d21-fd4c36dc1242@group-E89CD66131D1-LeaderElection5] INFO  grpc.GrpcConfigKeys (ConfUtils.java:logGet(46)) - raft.grpc.server.install_snapshot.request.timeout = 3000ms (default)
2023-06-01 19:11:13,938 [c686f304-079c-4e24-9d21-fd4c36dc1242@group-E89CD66131D1-LeaderElection5] INFO  server.RaftServerConfigKeys (ConfUtils.java:logGet(46)) - raft.server.log.appender.install.snapshot.enabled = false (custom)
2023-06-01 19:11:13,938 [c686f304-079c-4e24-9d21-fd4c36dc1242@group-E89CD66131D1-LeaderElection5] INFO  grpc.GrpcConfigKeys (ConfUtils.java:logGet(46)) - raft.grpc.server.heartbeat.channel = true (default)
2023-06-01 19:11:13,940 [c686f304-079c-4e24-9d21-fd4c36dc1242@group-E89CD66131D1-LeaderElection5] INFO  server.RaftServerConfigKeys (ConfUtils.java:logGet(46)) - raft.server.log.appender.snapshot.chunk.size.max = 16MB (=16777216) (default)
2023-06-01 19:11:13,940 [c686f304-079c-4e24-9d21-fd4c36dc1242@group-E89CD66131D1-LeaderElection5] INFO  server.RaftServerConfigKeys (ConfUtils.java:logGet(46)) - raft.server.log.appender.buffer.byte-limit = 33554432 (custom)
2023-06-01 19:11:13,940 [c686f304-079c-4e24-9d21-fd4c36dc1242@group-E89CD66131D1-LeaderElection5] INFO  server.RaftServerConfigKeys (ConfUtils.java:logGet(46)) - raft.server.log.appender.buffer.element-limit = 1 (custom)
2023-06-01 19:11:13,940 [c686f304-079c-4e24-9d21-fd4c36dc1242@group-E89CD66131D1-LeaderElection5] INFO  server.RaftServerConfigKeys (ConfUtils.java:logGet(46)) - raft.server.log.appender.wait-time.min = 10ms (default)
2023-06-01 19:11:13,940 [c686f304-079c-4e24-9d21-fd4c36dc1242@group-E89CD66131D1-LeaderElection5] INFO  grpc.GrpcConfigKeys (ConfUtils.java:logGet(46)) - raft.grpc.server.leader.outstanding.appends.max = 128 (default)
2023-06-01 19:11:13,940 [c686f304-079c-4e24-9d21-fd4c36dc1242@group-E89CD66131D1-LeaderElection5] INFO  server.RaftServerConfigKeys (ConfUtils.java:logGet(46)) - raft.server.rpc.request.timeout = 60s (custom)
2023-06-01 19:11:13,940 [c686f304-079c-4e24-9d21-fd4c36dc1242@group-E89CD66131D1-LeaderElection5] INFO  grpc.GrpcConfigKeys (ConfUtils.java:logGet(46)) - raft.grpc.server.install_snapshot.request.element-limit = 8 (default)
2023-06-01 19:11:13,940 [c686f304-079c-4e24-9d21-fd4c36dc1242@group-E89CD66131D1-LeaderElection5] INFO  grpc.GrpcConfigKeys (ConfUtils.java:logGet(46)) - raft.grpc.server.install_snapshot.request.timeout = 3000ms (default)
2023-06-01 19:11:13,940 [c686f304-079c-4e24-9d21-fd4c36dc1242@group-E89CD66131D1-LeaderElection5] INFO  server.RaftServerConfigKeys (ConfUtils.java:logGet(46)) - raft.server.log.appender.install.snapshot.enabled = false (custom)
2023-06-01 19:11:13,940 [c686f304-079c-4e24-9d21-fd4c36dc1242@group-E89CD66131D1-LeaderElection5] INFO  grpc.GrpcConfigKeys (ConfUtils.java:logGet(46)) - raft.grpc.server.heartbeat.channel = true (default)
2023-06-01 19:11:13,941 [c686f304-079c-4e24-9d21-fd4c36dc1242@group-E89CD66131D1-LeaderElection5] INFO  impl.RoleInfo (RoleInfo.java:updateAndGet(139)) - c686f304-079c-4e24-9d21-fd4c36dc1242: start c686f304-079c-4e24-9d21-fd4c36dc1242@group-E89CD66131D1-LeaderStateImpl
2023-06-01 19:11:13,941 [c686f304-079c-4e24-9d21-fd4c36dc1242@group-E89CD66131D1-LeaderElection5] INFO  segmented.SegmentedRaftLogWorker (SegmentedRaftLogWorker.java:startLogSegment(447)) - c686f304-079c-4e24-9d21-fd4c36dc1242@group-E89CD66131D1-SegmentedRaftLogWorker: Starting segment from index:0
2023-06-01 19:11:13,942 [c686f304-079c-4e24-9d21-fd4c36dc1242@group-E89CD66131D1-SegmentedRaftLogWorker] INFO  segmented.SegmentedRaftLogWorker (SegmentedRaftLogWorker.java:execute(651)) - c686f304-079c-4e24-9d21-fd4c36dc1242@group-E89CD66131D1-SegmentedRaftLogWorker: created new log segment /home/runner/work/ozone/ozone/hadoop-ozone/integration-test/target/test-dir/MiniOzoneClusterImpl-59aba430-7466-43cf-ac60-ffcd1bd17169/datanode-1/data/ratis/ee6c0190-ec41-489e-8a9d-e89cd66131d1/current/log_inprogress_0
2023-06-01 19:11:13,955 [c686f304-079c-4e24-9d21-fd4c36dc1242@group-E89CD66131D1-LeaderElection5] INFO  server.RaftServer$Division (ServerState.java:setRaftConf(434)) - c686f304-079c-4e24-9d21-fd4c36dc1242@group-E89CD66131D1: set configuration 0: peers:[d78dd883-3e4c-45aa-98b2-e8ffdf2e22af|rpc:10.1.0.196:15032|admin:10.1.0.196:15031|client:10.1.0.196:15030|dataStream:10.1.0.196:15033|priority:0|startupRole:FOLLOWER, fac1c7af-03c1-44bd-b323-3796df9c2435|rpc:10.1.0.196:15014|admin:10.1.0.196:15013|client:10.1.0.196:15012|dataStream:10.1.0.196:15015|priority:0|startupRole:FOLLOWER, c686f304-079c-4e24-9d21-fd4c36dc1242|rpc:10.1.0.196:15023|admin:10.1.0.196:15022|client:10.1.0.196:15021|dataStream:10.1.0.196:15024|priority:1|startupRole:FOLLOWER]|listeners:[], old=null
2023-06-01 19:11:13,979 [fac1c7af-03c1-44bd-b323-3796df9c2435-server-thread1] INFO  ratis.XceiverServerRatis (XceiverServerRatis.java:handleLeaderChangedNotification(902)) - Leader change notification received for group: group-E89CD66131D1 with new leaderId: c686f304-079c-4e24-9d21-fd4c36dc1242
2023-06-01 19:11:13,979 [fac1c7af-03c1-44bd-b323-3796df9c2435-server-thread1] INFO  server.RaftServer$Division (ServerState.java:setLeader(317)) - fac1c7af-03c1-44bd-b323-3796df9c2435@group-E89CD66131D1: change Leader from null to c686f304-079c-4e24-9d21-fd4c36dc1242 at term 1 for appendEntries, leader elected after 4991ms
2023-06-01 19:11:13,984 [d78dd883-3e4c-45aa-98b2-e8ffdf2e22af-server-thread1] INFO  ratis.XceiverServerRatis (XceiverServerRatis.java:handleLeaderChangedNotification(902)) - Leader change notification received for group: group-E89CD66131D1 with new leaderId: c686f304-079c-4e24-9d21-fd4c36dc1242
2023-06-01 19:11:13,984 [d78dd883-3e4c-45aa-98b2-e8ffdf2e22af-server-thread1] INFO  server.RaftServer$Division (ServerState.java:setLeader(317)) - d78dd883-3e4c-45aa-98b2-e8ffdf2e22af@group-E89CD66131D1: change Leader from null to c686f304-079c-4e24-9d21-fd4c36dc1242 at term 1 for appendEntries, leader elected after 5111ms
2023-06-01 19:11:14,007 [d78dd883-3e4c-45aa-98b2-e8ffdf2e22af@group-AEB6F4C7E190-FollowerState] INFO  impl.FollowerState (FollowerState.java:run(143)) - d78dd883-3e4c-45aa-98b2-e8ffdf2e22af@group-AEB6F4C7E190-FollowerState: change to CANDIDATE, lastRpcElapsedTime:5054843515ns, electionTimeout:5014ms
2023-06-01 19:11:14,008 [d78dd883-3e4c-45aa-98b2-e8ffdf2e22af@group-AEB6F4C7E190-FollowerState] INFO  impl.RoleInfo (RoleInfo.java:shutdownFollowerState(110)) - d78dd883-3e4c-45aa-98b2-e8ffdf2e22af: shutdown d78dd883-3e4c-45aa-98b2-e8ffdf2e22af@group-AEB6F4C7E190-FollowerState
2023-06-01 19:11:14,008 [d78dd883-3e4c-45aa-98b2-e8ffdf2e22af@group-AEB6F4C7E190-FollowerState] INFO  server.RaftServer$Division (RaftServerImpl.java:setRole(329)) - d78dd883-3e4c-45aa-98b2-e8ffdf2e22af@group-AEB6F4C7E190: changes role from  FOLLOWER to CANDIDATE at term 0 for changeToCandidate
2023-06-01 19:11:14,008 [d78dd883-3e4c-45aa-98b2-e8ffdf2e22af@group-AEB6F4C7E190-FollowerState] INFO  server.RaftServerConfigKeys (ConfUtils.java:logGet(46)) - raft.server.leaderelection.pre-vote = true (default)
2023-06-01 19:11:14,008 [d78dd883-3e4c-45aa-98b2-e8ffdf2e22af@group-AEB6F4C7E190-FollowerState] INFO  impl.RoleInfo (RoleInfo.java:updateAndGet(139)) - d78dd883-3e4c-45aa-98b2-e8ffdf2e22af: start d78dd883-3e4c-45aa-98b2-e8ffdf2e22af@group-AEB6F4C7E190-LeaderElection6
2023-06-01 19:11:14,013 [d78dd883-3e4c-45aa-98b2-e8ffdf2e22af@group-AEB6F4C7E190-LeaderElection6] INFO  impl.LeaderElection (LeaderElection.java:askForVotes(321)) - d78dd883-3e4c-45aa-98b2-e8ffdf2e22af@group-AEB6F4C7E190-LeaderElection6 PRE_VOTE round 0: submit vote requests at term 0 for -1: peers:[d78dd883-3e4c-45aa-98b2-e8ffdf2e22af|rpc:10.1.0.196:15032|admin:10.1.0.196:15031|client:10.1.0.196:15030|dataStream:10.1.0.196:15033|priority:1|startupRole:FOLLOWER, c686f304-079c-4e24-9d21-fd4c36dc1242|rpc:10.1.0.196:15023|admin:10.1.0.196:15022|client:10.1.0.196:15021|dataStream:10.1.0.196:15024|priority:0|startupRole:FOLLOWER, fac1c7af-03c1-44bd-b323-3796df9c2435|rpc:10.1.0.196:15014|admin:10.1.0.196:15013|client:10.1.0.196:15012|dataStream:10.1.0.196:15015|priority:0|startupRole:FOLLOWER]|listeners:[], old=null
2023-06-01 19:11:14,014 [fac1c7af-03c1-44bd-b323-3796df9c2435-server-thread1] INFO  server.RaftServer$Division (ServerState.java:setRaftConf(434)) - fac1c7af-03c1-44bd-b323-3796df9c2435@group-E89CD66131D1: set configuration 0: peers:[d78dd883-3e4c-45aa-98b2-e8ffdf2e22af|rpc:10.1.0.196:15032|admin:10.1.0.196:15031|client:10.1.0.196:15030|dataStream:10.1.0.196:15033|priority:0|startupRole:FOLLOWER, fac1c7af-03c1-44bd-b323-3796df9c2435|rpc:10.1.0.196:15014|admin:10.1.0.196:15013|client:10.1.0.196:15012|dataStream:10.1.0.196:15015|priority:0|startupRole:FOLLOWER, c686f304-079c-4e24-9d21-fd4c36dc1242|rpc:10.1.0.196:15023|admin:10.1.0.196:15022|client:10.1.0.196:15021|dataStream:10.1.0.196:15024|priority:1|startupRole:FOLLOWER]|listeners:[], old=null
2023-06-01 19:11:14,014 [fac1c7af-03c1-44bd-b323-3796df9c2435-server-thread1] INFO  segmented.SegmentedRaftLogWorker (SegmentedRaftLogWorker.java:startLogSegment(447)) - fac1c7af-03c1-44bd-b323-3796df9c2435@group-E89CD66131D1-SegmentedRaftLogWorker: Starting segment from index:0
2023-06-01 19:11:14,014 [d78dd883-3e4c-45aa-98b2-e8ffdf2e22af@group-AEB6F4C7E190-LeaderElection6-1] INFO  server.GrpcServerProtocolClient (GrpcServerProtocolClient.java:<init>(65)) - Build channel for c686f304-079c-4e24-9d21-fd4c36dc1242
2023-06-01 19:11:14,014 [d78dd883-3e4c-45aa-98b2-e8ffdf2e22af@group-AEB6F4C7E190-LeaderElection6] INFO  server.RaftServerConfigKeys (ConfUtils.java:logFallback(53)) - raft.server.rpc.first-election.timeout.min = 5s (fallback to raft.server.rpc.timeout.min)
2023-06-01 19:11:14,025 [d78dd883-3e4c-45aa-98b2-e8ffdf2e22af@group-AEB6F4C7E190-LeaderElection6] INFO  server.RaftServerConfigKeys (ConfUtils.java:logFallback(53)) - raft.server.rpc.first-election.timeout.max = 5200ms (fallback to raft.server.rpc.timeout.max)
2023-06-01 19:11:14,026 [d78dd883-3e4c-45aa-98b2-e8ffdf2e22af@group-AEB6F4C7E190-LeaderElection6-2] INFO  server.GrpcServerProtocolClient (GrpcServerProtocolClient.java:<init>(65)) - Build channel for fac1c7af-03c1-44bd-b323-3796df9c2435
2023-06-01 19:11:14,028 [d78dd883-3e4c-45aa-98b2-e8ffdf2e22af-server-thread3] INFO  server.RaftServer$Division (ServerState.java:setRaftConf(434)) - d78dd883-3e4c-45aa-98b2-e8ffdf2e22af@group-E89CD66131D1: set configuration 0: peers:[d78dd883-3e4c-45aa-98b2-e8ffdf2e22af|rpc:10.1.0.196:15032|admin:10.1.0.196:15031|client:10.1.0.196:15030|dataStream:10.1.0.196:15033|priority:0|startupRole:FOLLOWER, fac1c7af-03c1-44bd-b323-3796df9c2435|rpc:10.1.0.196:15014|admin:10.1.0.196:15013|client:10.1.0.196:15012|dataStream:10.1.0.196:15015|priority:0|startupRole:FOLLOWER, c686f304-079c-4e24-9d21-fd4c36dc1242|rpc:10.1.0.196:15023|admin:10.1.0.196:15022|client:10.1.0.196:15021|dataStream:10.1.0.196:15024|priority:1|startupRole:FOLLOWER]|listeners:[], old=null
2023-06-01 19:11:14,028 [d78dd883-3e4c-45aa-98b2-e8ffdf2e22af-server-thread3] INFO  segmented.SegmentedRaftLogWorker (SegmentedRaftLogWorker.java:startLogSegment(447)) - d78dd883-3e4c-45aa-98b2-e8ffdf2e22af@group-E89CD66131D1-SegmentedRaftLogWorker: Starting segment from index:0
2023-06-01 19:11:14,029 [fac1c7af-03c1-44bd-b323-3796df9c2435@group-E89CD66131D1-SegmentedRaftLogWorker] INFO  segmented.SegmentedRaftLogWorker (SegmentedRaftLogWorker.java:execute(651)) - fac1c7af-03c1-44bd-b323-3796df9c2435@group-E89CD66131D1-SegmentedRaftLogWorker: created new log segment /home/runner/work/ozone/ozone/hadoop-ozone/integration-test/target/test-dir/MiniOzoneClusterImpl-59aba430-7466-43cf-ac60-ffcd1bd17169/datanode-0/data/ratis/ee6c0190-ec41-489e-8a9d-e89cd66131d1/current/log_inprogress_0
2023-06-01 19:11:14,029 [d78dd883-3e4c-45aa-98b2-e8ffdf2e22af@group-E89CD66131D1-SegmentedRaftLogWorker] INFO  segmented.SegmentedRaftLogWorker (SegmentedRaftLogWorker.java:execute(651)) - d78dd883-3e4c-45aa-98b2-e8ffdf2e22af@group-E89CD66131D1-SegmentedRaftLogWorker: created new log segment /home/runner/work/ozone/ozone/hadoop-ozone/integration-test/target/test-dir/MiniOzoneClusterImpl-59aba430-7466-43cf-ac60-ffcd1bd17169/datanode-2/data/ratis/ee6c0190-ec41-489e-8a9d-e89cd66131d1/current/log_inprogress_0
2023-06-01 19:11:14,042 [grpc-default-executor-5] INFO  server.RaftServer$Division (RaftServerImpl.java:requestVote(1302)) - c686f304-079c-4e24-9d21-fd4c36dc1242@group-AEB6F4C7E190: receive requestVote(PRE_VOTE, d78dd883-3e4c-45aa-98b2-e8ffdf2e22af, group-AEB6F4C7E190, 0, (t:0, i:0))
2023-06-01 19:11:14,042 [grpc-default-executor-5] INFO  impl.VoteContext (VoteContext.java:log(49)) - c686f304-079c-4e24-9d21-fd4c36dc1242@group-AEB6F4C7E190-FOLLOWER: accept PRE_VOTE from d78dd883-3e4c-45aa-98b2-e8ffdf2e22af: our priority 0 <= candidate's priority 1
2023-06-01 19:11:14,042 [grpc-default-executor-5] INFO  server.RaftServer$Division (RaftServerImpl.java:requestVote(1335)) - c686f304-079c-4e24-9d21-fd4c36dc1242@group-AEB6F4C7E190 replies to PRE_VOTE vote request: d78dd883-3e4c-45aa-98b2-e8ffdf2e22af<-c686f304-079c-4e24-9d21-fd4c36dc1242#0:OK-t0. Peer's state: c686f304-079c-4e24-9d21-fd4c36dc1242@group-AEB6F4C7E190:t0, leader=null, voted=, raftlog=Memoized:c686f304-079c-4e24-9d21-fd4c36dc1242@group-AEB6F4C7E190-SegmentedRaftLog:OPENED:c-1, conf=-1: peers:[d78dd883-3e4c-45aa-98b2-e8ffdf2e22af|rpc:10.1.0.196:15032|admin:10.1.0.196:15031|client:10.1.0.196:15030|dataStream:10.1.0.196:15033|priority:1|startupRole:FOLLOWER, c686f304-079c-4e24-9d21-fd4c36dc1242|rpc:10.1.0.196:15023|admin:10.1.0.196:15022|client:10.1.0.196:15021|dataStream:10.1.0.196:15024|priority:0|startupRole:FOLLOWER, fac1c7af-03c1-44bd-b323-3796df9c2435|rpc:10.1.0.196:15014|admin:10.1.0.196:15013|client:10.1.0.196:15012|dataStream:10.1.0.196:15015|priority:0|startupRole:FOLLOWER]|listeners:[], old=null
2023-06-01 19:11:14,045 [d78dd883-3e4c-45aa-98b2-e8ffdf2e22af@group-AEB6F4C7E190-LeaderElection6] INFO  impl.LeaderElection (LeaderElection.java:logAndReturn(90)) - d78dd883-3e4c-45aa-98b2-e8ffdf2e22af@group-AEB6F4C7E190-LeaderElection6: PRE_VOTE PASSED received 1 response(s) and 0 exception(s):
2023-06-01 19:11:14,045 [d78dd883-3e4c-45aa-98b2-e8ffdf2e22af@group-AEB6F4C7E190-LeaderElection6] INFO  impl.LeaderElection (LeaderElection.java:logAndReturn(94)) -   Response 0: d78dd883-3e4c-45aa-98b2-e8ffdf2e22af<-c686f304-079c-4e24-9d21-fd4c36dc1242#0:OK-t0
2023-06-01 19:11:14,045 [d78dd883-3e4c-45aa-98b2-e8ffdf2e22af@group-AEB6F4C7E190-LeaderElection6] INFO  impl.LeaderElection (LeaderElection.java:askForVotes(323)) - d78dd883-3e4c-45aa-98b2-e8ffdf2e22af@group-AEB6F4C7E190-LeaderElection6 PRE_VOTE round 0: result PASSED
2023-06-01 19:11:14,046 [d78dd883-3e4c-45aa-98b2-e8ffdf2e22af@group-AEB6F4C7E190-LeaderElection6] INFO  impl.LeaderElection (LeaderElection.java:askForVotes(321)) - d78dd883-3e4c-45aa-98b2-e8ffdf2e22af@group-AEB6F4C7E190-LeaderElection6 ELECTION round 0: submit vote requests at term 1 for -1: peers:[d78dd883-3e4c-45aa-98b2-e8ffdf2e22af|rpc:10.1.0.196:15032|admin:10.1.0.196:15031|client:10.1.0.196:15030|dataStream:10.1.0.196:15033|priority:1|startupRole:FOLLOWER, c686f304-079c-4e24-9d21-fd4c36dc1242|rpc:10.1.0.196:15023|admin:10.1.0.196:15022|client:10.1.0.196:15021|dataStream:10.1.0.196:15024|priority:0|startupRole:FOLLOWER, fac1c7af-03c1-44bd-b323-3796df9c2435|rpc:10.1.0.196:15014|admin:10.1.0.196:15013|client:10.1.0.196:15012|dataStream:10.1.0.196:15015|priority:0|startupRole:FOLLOWER]|listeners:[], old=null
2023-06-01 19:11:14,047 [grpc-default-executor-5] INFO  server.RaftServer$Division (RaftServerImpl.java:requestVote(1302)) - fac1c7af-03c1-44bd-b323-3796df9c2435@group-AEB6F4C7E190: receive requestVote(PRE_VOTE, d78dd883-3e4c-45aa-98b2-e8ffdf2e22af, group-AEB6F4C7E190, 0, (t:0, i:0))
2023-06-01 19:11:14,049 [grpc-default-executor-5] INFO  impl.VoteContext (VoteContext.java:log(49)) - fac1c7af-03c1-44bd-b323-3796df9c2435@group-AEB6F4C7E190-FOLLOWER: accept PRE_VOTE from d78dd883-3e4c-45aa-98b2-e8ffdf2e22af: our priority 0 <= candidate's priority 1
2023-06-01 19:11:14,049 [grpc-default-executor-5] INFO  server.RaftServer$Division (RaftServerImpl.java:requestVote(1335)) - fac1c7af-03c1-44bd-b323-3796df9c2435@group-AEB6F4C7E190 replies to PRE_VOTE vote request: d78dd883-3e4c-45aa-98b2-e8ffdf2e22af<-fac1c7af-03c1-44bd-b323-3796df9c2435#0:OK-t0. Peer's state: fac1c7af-03c1-44bd-b323-3796df9c2435@group-AEB6F4C7E190:t0, leader=null, voted=, raftlog=Memoized:fac1c7af-03c1-44bd-b323-3796df9c2435@group-AEB6F4C7E190-SegmentedRaftLog:OPENED:c-1, conf=-1: peers:[d78dd883-3e4c-45aa-98b2-e8ffdf2e22af|rpc:10.1.0.196:15032|admin:10.1.0.196:15031|client:10.1.0.196:15030|dataStream:10.1.0.196:15033|priority:1|startupRole:FOLLOWER, c686f304-079c-4e24-9d21-fd4c36dc1242|rpc:10.1.0.196:15023|admin:10.1.0.196:15022|client:10.1.0.196:15021|dataStream:10.1.0.196:15024|priority:0|startupRole:FOLLOWER, fac1c7af-03c1-44bd-b323-3796df9c2435|rpc:10.1.0.196:15014|admin:10.1.0.196:15013|client:10.1.0.196:15012|dataStream:10.1.0.196:15015|priority:0|startupRole:FOLLOWER]|listeners:[], old=null
2023-06-01 19:11:14,049 [d78dd883-3e4c-45aa-98b2-e8ffdf2e22af@group-AEB6F4C7E190-LeaderElection6] INFO  server.RaftServerConfigKeys (ConfUtils.java:logFallback(53)) - raft.server.rpc.first-election.timeout.min = 5s (fallback to raft.server.rpc.timeout.min)
2023-06-01 19:11:14,050 [d78dd883-3e4c-45aa-98b2-e8ffdf2e22af@group-AEB6F4C7E190-LeaderElection6] INFO  server.RaftServerConfigKeys (ConfUtils.java:logFallback(53)) - raft.server.rpc.first-election.timeout.max = 5200ms (fallback to raft.server.rpc.timeout.max)
2023-06-01 19:11:14,055 [grpc-default-executor-5] INFO  server.RaftServer$Division (RaftServerImpl.java:requestVote(1302)) - c686f304-079c-4e24-9d21-fd4c36dc1242@group-AEB6F4C7E190: receive requestVote(ELECTION, d78dd883-3e4c-45aa-98b2-e8ffdf2e22af, group-AEB6F4C7E190, 1, (t:0, i:0))
2023-06-01 19:11:14,055 [grpc-default-executor-5] INFO  impl.VoteContext (VoteContext.java:log(49)) - c686f304-079c-4e24-9d21-fd4c36dc1242@group-AEB6F4C7E190-FOLLOWER: accept ELECTION from d78dd883-3e4c-45aa-98b2-e8ffdf2e22af: our priority 0 <= candidate's priority 1
2023-06-01 19:11:14,055 [grpc-default-executor-5] INFO  server.RaftServer$Division (RaftServerImpl.java:setRole(329)) - c686f304-079c-4e24-9d21-fd4c36dc1242@group-AEB6F4C7E190: changes role from  FOLLOWER to FOLLOWER at term 1 for candidate:d78dd883-3e4c-45aa-98b2-e8ffdf2e22af
2023-06-01 19:11:14,055 [grpc-default-executor-5] INFO  impl.RoleInfo (RoleInfo.java:shutdownFollowerState(110)) - c686f304-079c-4e24-9d21-fd4c36dc1242: shutdown c686f304-079c-4e24-9d21-fd4c36dc1242@group-AEB6F4C7E190-FollowerState
2023-06-01 19:11:14,055 [grpc-default-executor-5] INFO  impl.RoleInfo (RoleInfo.java:updateAndGet(139)) - c686f304-079c-4e24-9d21-fd4c36dc1242: start c686f304-079c-4e24-9d21-fd4c36dc1242@group-AEB6F4C7E190-FollowerState
2023-06-01 19:11:14,055 [c686f304-079c-4e24-9d21-fd4c36dc1242@group-AEB6F4C7E190-FollowerState] INFO  impl.FollowerState (FollowerState.java:run(152)) - c686f304-079c-4e24-9d21-fd4c36dc1242@group-AEB6F4C7E190-FollowerState was interrupted
2023-06-01 19:11:14,058 [grpc-default-executor-5] INFO  server.RaftServer$Division (RaftServerImpl.java:requestVote(1335)) - c686f304-079c-4e24-9d21-fd4c36dc1242@group-AEB6F4C7E190 replies to ELECTION vote request: d78dd883-3e4c-45aa-98b2-e8ffdf2e22af<-c686f304-079c-4e24-9d21-fd4c36dc1242#0:OK-t1. Peer's state: c686f304-079c-4e24-9d21-fd4c36dc1242@group-AEB6F4C7E190:t1, leader=null, voted=d78dd883-3e4c-45aa-98b2-e8ffdf2e22af, raftlog=Memoized:c686f304-079c-4e24-9d21-fd4c36dc1242@group-AEB6F4C7E190-SegmentedRaftLog:OPENED:c-1, conf=-1: peers:[d78dd883-3e4c-45aa-98b2-e8ffdf2e22af|rpc:10.1.0.196:15032|admin:10.1.0.196:15031|client:10.1.0.196:15030|dataStream:10.1.0.196:15033|priority:1|startupRole:FOLLOWER, c686f304-079c-4e24-9d21-fd4c36dc1242|rpc:10.1.0.196:15023|admin:10.1.0.196:15022|client:10.1.0.196:15021|dataStream:10.1.0.196:15024|priority:0|startupRole:FOLLOWER, fac1c7af-03c1-44bd-b323-3796df9c2435|rpc:10.1.0.196:15014|admin:10.1.0.196:15013|client:10.1.0.196:15012|dataStream:10.1.0.196:15015|priority:0|startupRole:FOLLOWER]|listeners:[], old=null
2023-06-01 19:11:14,060 [d78dd883-3e4c-45aa-98b2-e8ffdf2e22af@group-AEB6F4C7E190-LeaderElection6] INFO  impl.LeaderElection (LeaderElection.java:logAndReturn(90)) - d78dd883-3e4c-45aa-98b2-e8ffdf2e22af@group-AEB6F4C7E190-LeaderElection6: ELECTION PASSED received 1 response(s) and 0 exception(s):
2023-06-01 19:11:14,060 [d78dd883-3e4c-45aa-98b2-e8ffdf2e22af@group-AEB6F4C7E190-LeaderElection6] INFO  impl.LeaderElection (LeaderElection.java:logAndReturn(94)) -   Response 0: d78dd883-3e4c-45aa-98b2-e8ffdf2e22af<-c686f304-079c-4e24-9d21-fd4c36dc1242#0:OK-t1
2023-06-01 19:11:14,060 [d78dd883-3e4c-45aa-98b2-e8ffdf2e22af@group-AEB6F4C7E190-LeaderElection6] INFO  impl.LeaderElection (LeaderElection.java:askForVotes(323)) - d78dd883-3e4c-45aa-98b2-e8ffdf2e22af@group-AEB6F4C7E190-LeaderElection6 ELECTION round 0: result PASSED
2023-06-01 19:11:14,060 [d78dd883-3e4c-45aa-98b2-e8ffdf2e22af@group-AEB6F4C7E190-LeaderElection6] INFO  impl.RoleInfo (RoleInfo.java:shutdownLeaderElection(130)) - d78dd883-3e4c-45aa-98b2-e8ffdf2e22af: shutdown d78dd883-3e4c-45aa-98b2-e8ffdf2e22af@group-AEB6F4C7E190-LeaderElection6
2023-06-01 19:11:14,060 [d78dd883-3e4c-45aa-98b2-e8ffdf2e22af@group-AEB6F4C7E190-LeaderElection6] INFO  server.RaftServer$Division (RaftServerImpl.java:setRole(329)) - d78dd883-3e4c-45aa-98b2-e8ffdf2e22af@group-AEB6F4C7E190: changes role from CANDIDATE to LEADER at term 1 for changeToLeader
2023-06-01 19:11:14,060 [d78dd883-3e4c-45aa-98b2-e8ffdf2e22af@group-AEB6F4C7E190-LeaderElection6] INFO  ratis.XceiverServerRatis (XceiverServerRatis.java:handleLeaderChangedNotification(902)) - Leader change notification received for group: group-AEB6F4C7E190 with new leaderId: d78dd883-3e4c-45aa-98b2-e8ffdf2e22af
2023-06-01 19:11:14,060 [d78dd883-3e4c-45aa-98b2-e8ffdf2e22af@group-AEB6F4C7E190-LeaderElection6] INFO  server.RaftServer$Division (ServerState.java:setLeader(317)) - d78dd883-3e4c-45aa-98b2-e8ffdf2e22af@group-AEB6F4C7E190: change Leader from null to d78dd883-3e4c-45aa-98b2-e8ffdf2e22af at term 1 for becomeLeader, leader elected after 5136ms
2023-06-01 19:11:14,060 [d78dd883-3e4c-45aa-98b2-e8ffdf2e22af@group-AEB6F4C7E190-LeaderElection6] INFO  server.RaftServerConfigKeys (ConfUtils.java:logGet(46)) - raft.server.staging.catchup.gap = 1000 (default)
2023-06-01 19:11:14,060 [d78dd883-3e4c-45aa-98b2-e8ffdf2e22af@group-AEB6F4C7E190-LeaderElection6] INFO  server.RaftServerConfigKeys (ConfUtils.java:logGet(46)) - raft.server.write.element-limit = 1024 (custom)
2023-06-01 19:11:14,060 [d78dd883-3e4c-45aa-98b2-e8ffdf2e22af@group-AEB6F4C7E190-LeaderElection6] INFO  server.RaftServerConfigKeys (ConfUtils.java:logGet(46)) - raft.server.write.byte-limit = 1024 M (=1073741824) (custom)
2023-06-01 19:11:14,061 [d78dd883-3e4c-45aa-98b2-e8ffdf2e22af@group-AEB6F4C7E190-LeaderElection6] INFO  server.RaftServerConfigKeys (ConfUtils.java:logGet(46)) - raft.server.watch.timeout = 180s (custom)
2023-06-01 19:11:14,061 [d78dd883-3e4c-45aa-98b2-e8ffdf2e22af@group-AEB6F4C7E190-LeaderElection6] INFO  server.RaftServerConfigKeys (ConfUtils.java:logGet(46)) - raft.server.watch.timeout.denomination = 1s (default)
2023-06-01 19:11:14,061 [d78dd883-3e4c-45aa-98b2-e8ffdf2e22af@group-AEB6F4C7E190-LeaderElection6] INFO  server.RaftServerConfigKeys (ConfUtils.java:logGet(46)) - raft.server.watch.element-limit = 65536 (default)
2023-06-01 19:11:14,061 [d78dd883-3e4c-45aa-98b2-e8ffdf2e22af@group-AEB6F4C7E190-LeaderElection6] INFO  server.RaftServerConfigKeys (ConfUtils.java:logGet(46)) - raft.server.write.element-limit = 1024 (custom)
2023-06-01 19:11:14,061 [d78dd883-3e4c-45aa-98b2-e8ffdf2e22af@group-AEB6F4C7E190-LeaderElection6] INFO  server.RaftServerConfigKeys (ConfUtils.java:logGet(46)) - raft.server.write.follower.gap.ratio.max = -1.0 (default)
2023-06-01 19:11:14,061 [d78dd883-3e4c-45aa-98b2-e8ffdf2e22af@group-AEB6F4C7E190-LeaderElection6] INFO  server.RaftServerConfigKeys (ConfUtils.java:logGet(46)) - raft.server.log.appender.snapshot.chunk.size.max = 16MB (=16777216) (default)
2023-06-01 19:11:14,061 [d78dd883-3e4c-45aa-98b2-e8ffdf2e22af@group-AEB6F4C7E190-LeaderElection6] INFO  server.RaftServerConfigKeys (ConfUtils.java:logGet(46)) - raft.server.log.appender.buffer.byte-limit = 33554432 (custom)
2023-06-01 19:11:14,061 [d78dd883-3e4c-45aa-98b2-e8ffdf2e22af@group-AEB6F4C7E190-LeaderElection6] INFO  server.RaftServerConfigKeys (ConfUtils.java:logGet(46)) - raft.server.log.appender.buffer.element-limit = 1 (custom)
2023-06-01 19:11:14,061 [d78dd883-3e4c-45aa-98b2-e8ffdf2e22af@group-AEB6F4C7E190-LeaderElection6] INFO  server.RaftServerConfigKeys (ConfUtils.java:logGet(46)) - raft.server.log.appender.wait-time.min = 10ms (default)
2023-06-01 19:11:14,062 [EventQueue-PipelineReportForPipelineReportHandler] INFO  pipeline.PipelineManagerImpl (PipelineManagerImpl.java:openPipeline(367)) - Pipeline Pipeline[ Id: 793e092b-6040-4f80-b54d-aeb6f4c7e190, Nodes: c686f304-079c-4e24-9d21-fd4c36dc1242(fv-az163-187.kzyshwy3mise5klwsllqwzgzyb.cx.internal.cloudapp.net/10.1.0.196)fac1c7af-03c1-44bd-b323-3796df9c2435(fv-az163-187.kzyshwy3mise5klwsllqwzgzyb.cx.internal.cloudapp.net/10.1.0.196)d78dd883-3e4c-45aa-98b2-e8ffdf2e22af(fv-az163-187.kzyshwy3mise5klwsllqwzgzyb.cx.internal.cloudapp.net/10.1.0.196), ReplicationConfig: RATIS/THREE, State:ALLOCATED, leaderId:d78dd883-3e4c-45aa-98b2-e8ffdf2e22af, CreationTimestamp2023-06-01T19:11:06.034Z[Etc/UTC]] moved to OPEN state
2023-06-01 19:11:14,065 [grpc-default-executor-4] INFO  server.RaftServer$Division (RaftServerImpl.java:requestVote(1302)) - fac1c7af-03c1-44bd-b323-3796df9c2435@group-AEB6F4C7E190: receive requestVote(ELECTION, d78dd883-3e4c-45aa-98b2-e8ffdf2e22af, group-AEB6F4C7E190, 1, (t:0, i:0))
2023-06-01 19:11:14,065 [grpc-default-executor-4] INFO  impl.VoteContext (VoteContext.java:log(49)) - fac1c7af-03c1-44bd-b323-3796df9c2435@group-AEB6F4C7E190-FOLLOWER: accept ELECTION from d78dd883-3e4c-45aa-98b2-e8ffdf2e22af: our priority 0 <= candidate's priority 1
2023-06-01 19:11:14,065 [grpc-default-executor-4] INFO  server.RaftServer$Division (RaftServerImpl.java:setRole(329)) - fac1c7af-03c1-44bd-b323-3796df9c2435@group-AEB6F4C7E190: changes role from  FOLLOWER to FOLLOWER at term 1 for candidate:d78dd883-3e4c-45aa-98b2-e8ffdf2e22af
2023-06-01 19:11:14,065 [grpc-default-executor-4] INFO  impl.RoleInfo (RoleInfo.java:shutdownFollowerState(110)) - fac1c7af-03c1-44bd-b323-3796df9c2435: shutdown fac1c7af-03c1-44bd-b323-3796df9c2435@group-AEB6F4C7E190-FollowerState
2023-06-01 19:11:14,066 [fac1c7af-03c1-44bd-b323-3796df9c2435@group-AEB6F4C7E190-FollowerState] INFO  impl.FollowerState (FollowerState.java:run(152)) - fac1c7af-03c1-44bd-b323-3796df9c2435@group-AEB6F4C7E190-FollowerState was interrupted
2023-06-01 19:11:14,061 [d78dd883-3e4c-45aa-98b2-e8ffdf2e22af@group-AEB6F4C7E190-LeaderElection6] INFO  grpc.GrpcConfigKeys (ConfUtils.java:logGet(46)) - raft.grpc.server.leader.outstanding.appends.max = 128 (default)
2023-06-01 19:11:14,068 [d78dd883-3e4c-45aa-98b2-e8ffdf2e22af@group-AEB6F4C7E190-LeaderElection6] INFO  server.RaftServerConfigKeys (ConfUtils.java:logGet(46)) - raft.server.rpc.request.timeout = 60s (custom)
2023-06-01 19:11:14,068 [d78dd883-3e4c-45aa-98b2-e8ffdf2e22af@group-AEB6F4C7E190-LeaderElection6] INFO  grpc.GrpcConfigKeys (ConfUtils.java:logGet(46)) - raft.grpc.server.install_snapshot.request.element-limit = 8 (default)
2023-06-01 19:11:14,068 [d78dd883-3e4c-45aa-98b2-e8ffdf2e22af@group-AEB6F4C7E190-LeaderElection6] INFO  grpc.GrpcConfigKeys (ConfUtils.java:logGet(46)) - raft.grpc.server.install_snapshot.request.timeout = 3000ms (default)
2023-06-01 19:11:14,068 [d78dd883-3e4c-45aa-98b2-e8ffdf2e22af@group-AEB6F4C7E190-LeaderElection6] INFO  server.RaftServerConfigKeys (ConfUtils.java:logGet(46)) - raft.server.log.appender.install.snapshot.enabled = false (custom)
2023-06-01 19:11:14,068 [d78dd883-3e4c-45aa-98b2-e8ffdf2e22af@group-AEB6F4C7E190-LeaderElection6] INFO  grpc.GrpcConfigKeys (ConfUtils.java:logGet(46)) - raft.grpc.server.heartbeat.channel = true (default)
2023-06-01 19:11:14,069 [d78dd883-3e4c-45aa-98b2-e8ffdf2e22af@group-AEB6F4C7E190-LeaderElection6] INFO  server.RaftServerConfigKeys (ConfUtils.java:logGet(46)) - raft.server.log.appender.snapshot.chunk.size.max = 16MB (=16777216) (default)
2023-06-01 19:11:14,069 [grpc-default-executor-4] INFO  impl.RoleInfo (RoleInfo.java:updateAndGet(139)) - fac1c7af-03c1-44bd-b323-3796df9c2435: start fac1c7af-03c1-44bd-b323-3796df9c2435@group-AEB6F4C7E190-FollowerState
2023-06-01 19:11:14,070 [d78dd883-3e4c-45aa-98b2-e8ffdf2e22af@group-AEB6F4C7E190-LeaderElection6] INFO  server.RaftServerConfigKeys (ConfUtils.java:logGet(46)) - raft.server.log.appender.buffer.byte-limit = 33554432 (custom)
2023-06-01 19:11:14,070 [d78dd883-3e4c-45aa-98b2-e8ffdf2e22af@group-AEB6F4C7E190-LeaderElection6] INFO  server.RaftServerConfigKeys (ConfUtils.java:logGet(46)) - raft.server.log.appender.buffer.element-limit = 1 (custom)
2023-06-01 19:11:14,070 [d78dd883-3e4c-45aa-98b2-e8ffdf2e22af@group-AEB6F4C7E190-LeaderElection6] INFO  server.RaftServerConfigKeys (ConfUtils.java:logGet(46)) - raft.server.log.appender.wait-time.min = 10ms (default)
2023-06-01 19:11:14,070 [d78dd883-3e4c-45aa-98b2-e8ffdf2e22af@group-AEB6F4C7E190-LeaderElection6] INFO  grpc.GrpcConfigKeys (ConfUtils.java:logGet(46)) - raft.grpc.server.leader.outstanding.appends.max = 128 (default)
2023-06-01 19:11:14,070 [d78dd883-3e4c-45aa-98b2-e8ffdf2e22af@group-AEB6F4C7E190-LeaderElection6] INFO  server.RaftServerConfigKeys (ConfUtils.java:logGet(46)) - raft.server.rpc.request.timeout = 60s (custom)
2023-06-01 19:11:14,070 [d78dd883-3e4c-45aa-98b2-e8ffdf2e22af@group-AEB6F4C7E190-LeaderElection6] INFO  grpc.GrpcConfigKeys (ConfUtils.java:logGet(46)) - raft.grpc.server.install_snapshot.request.element-limit = 8 (default)
2023-06-01 19:11:14,070 [d78dd883-3e4c-45aa-98b2-e8ffdf2e22af@group-AEB6F4C7E190-LeaderElection6] INFO  grpc.GrpcConfigKeys (ConfUtils.java:logGet(46)) - raft.grpc.server.install_snapshot.request.timeout = 3000ms (default)
2023-06-01 19:11:14,070 [d78dd883-3e4c-45aa-98b2-e8ffdf2e22af@group-AEB6F4C7E190-LeaderElection6] INFO  server.RaftServerConfigKeys (ConfUtils.java:logGet(46)) - raft.server.log.appender.install.snapshot.enabled = false (custom)
2023-06-01 19:11:14,070 [d78dd883-3e4c-45aa-98b2-e8ffdf2e22af@group-AEB6F4C7E190-LeaderElection6] INFO  grpc.GrpcConfigKeys (ConfUtils.java:logGet(46)) - raft.grpc.server.heartbeat.channel = true (default)
2023-06-01 19:11:14,070 [d78dd883-3e4c-45aa-98b2-e8ffdf2e22af@group-AEB6F4C7E190-LeaderElection6] INFO  impl.RoleInfo (RoleInfo.java:updateAndGet(139)) - d78dd883-3e4c-45aa-98b2-e8ffdf2e22af: start d78dd883-3e4c-45aa-98b2-e8ffdf2e22af@group-AEB6F4C7E190-LeaderStateImpl
2023-06-01 19:11:14,070 [grpc-default-executor-4] INFO  server.RaftServer$Division (RaftServerImpl.java:requestVote(1335)) - fac1c7af-03c1-44bd-b323-3796df9c2435@group-AEB6F4C7E190 replies to ELECTION vote request: d78dd883-3e4c-45aa-98b2-e8ffdf2e22af<-fac1c7af-03c1-44bd-b323-3796df9c2435#0:OK-t1. Peer's state: fac1c7af-03c1-44bd-b323-3796df9c2435@group-AEB6F4C7E190:t1, leader=null, voted=d78dd883-3e4c-45aa-98b2-e8ffdf2e22af, raftlog=Memoized:fac1c7af-03c1-44bd-b323-3796df9c2435@group-AEB6F4C7E190-SegmentedRaftLog:OPENED:c-1, conf=-1: peers:[d78dd883-3e4c-45aa-98b2-e8ffdf2e22af|rpc:10.1.0.196:15032|admin:10.1.0.196:15031|client:10.1.0.196:15030|dataStream:10.1.0.196:15033|priority:1|startupRole:FOLLOWER, c686f304-079c-4e24-9d21-fd4c36dc1242|rpc:10.1.0.196:15023|admin:10.1.0.196:15022|client:10.1.0.196:15021|dataStream:10.1.0.196:15024|priority:0|startupRole:FOLLOWER, fac1c7af-03c1-44bd-b323-3796df9c2435|rpc:10.1.0.196:15014|admin:10.1.0.196:15013|client:10.1.0.196:15012|dataStream:10.1.0.196:15015|priority:0|startupRole:FOLLOWER]|listeners:[], old=null
2023-06-01 19:11:14,071 [d78dd883-3e4c-45aa-98b2-e8ffdf2e22af@group-AEB6F4C7E190-LeaderElection6] INFO  segmented.SegmentedRaftLogWorker (SegmentedRaftLogWorker.java:startLogSegment(447)) - d78dd883-3e4c-45aa-98b2-e8ffdf2e22af@group-AEB6F4C7E190-SegmentedRaftLogWorker: Starting segment from index:0
2023-06-01 19:11:14,072 [d78dd883-3e4c-45aa-98b2-e8ffdf2e22af@group-AEB6F4C7E190-SegmentedRaftLogWorker] INFO  segmented.SegmentedRaftLogWorker (SegmentedRaftLogWorker.java:execute(651)) - d78dd883-3e4c-45aa-98b2-e8ffdf2e22af@group-AEB6F4C7E190-SegmentedRaftLogWorker: created new log segment /home/runner/work/ozone/ozone/hadoop-ozone/integration-test/target/test-dir/MiniOzoneClusterImpl-59aba430-7466-43cf-ac60-ffcd1bd17169/datanode-2/data/ratis/793e092b-6040-4f80-b54d-aeb6f4c7e190/current/log_inprogress_0
2023-06-01 19:11:14,088 [d78dd883-3e4c-45aa-98b2-e8ffdf2e22af@group-AEB6F4C7E190-LeaderElection6] INFO  server.RaftServer$Division (ServerState.java:setRaftConf(434)) - d78dd883-3e4c-45aa-98b2-e8ffdf2e22af@group-AEB6F4C7E190: set configuration 0: peers:[d78dd883-3e4c-45aa-98b2-e8ffdf2e22af|rpc:10.1.0.196:15032|admin:10.1.0.196:15031|client:10.1.0.196:15030|dataStream:10.1.0.196:15033|priority:1|startupRole:FOLLOWER, c686f304-079c-4e24-9d21-fd4c36dc1242|rpc:10.1.0.196:15023|admin:10.1.0.196:15022|client:10.1.0.196:15021|dataStream:10.1.0.196:15024|priority:0|startupRole:FOLLOWER, fac1c7af-03c1-44bd-b323-3796df9c2435|rpc:10.1.0.196:15014|admin:10.1.0.196:15013|client:10.1.0.196:15012|dataStream:10.1.0.196:15015|priority:0|startupRole:FOLLOWER]|listeners:[], old=null
2023-06-01 19:11:14,095 [d78dd883-3e4c-45aa-98b2-e8ffdf2e22af@group-457D9844C34C-FollowerState] INFO  impl.FollowerState (FollowerState.java:run(143)) - d78dd883-3e4c-45aa-98b2-e8ffdf2e22af@group-457D9844C34C-FollowerState: change to CANDIDATE, lastRpcElapsedTime:5038985891ns, electionTimeout:5035ms
2023-06-01 19:11:14,095 [d78dd883-3e4c-45aa-98b2-e8ffdf2e22af@group-457D9844C34C-FollowerState] INFO  impl.RoleInfo (RoleInfo.java:shutdownFollowerState(110)) - d78dd883-3e4c-45aa-98b2-e8ffdf2e22af: shutdown d78dd883-3e4c-45aa-98b2-e8ffdf2e22af@group-457D9844C34C-FollowerState
2023-06-01 19:11:14,095 [d78dd883-3e4c-45aa-98b2-e8ffdf2e22af@group-457D9844C34C-FollowerState] INFO  server.RaftServer$Division (RaftServerImpl.java:setRole(329)) - d78dd883-3e4c-45aa-98b2-e8ffdf2e22af@group-457D9844C34C: changes role from  FOLLOWER to CANDIDATE at term 0 for changeToCandidate
2023-06-01 19:11:14,095 [d78dd883-3e4c-45aa-98b2-e8ffdf2e22af@group-457D9844C34C-FollowerState] INFO  server.RaftServerConfigKeys (ConfUtils.java:logGet(46)) - raft.server.leaderelection.pre-vote = true (default)
2023-06-01 19:11:14,095 [d78dd883-3e4c-45aa-98b2-e8ffdf2e22af@group-457D9844C34C-FollowerState] INFO  impl.RoleInfo (RoleInfo.java:updateAndGet(139)) - d78dd883-3e4c-45aa-98b2-e8ffdf2e22af: start d78dd883-3e4c-45aa-98b2-e8ffdf2e22af@group-457D9844C34C-LeaderElection7
2023-06-01 19:11:14,107 [d78dd883-3e4c-45aa-98b2-e8ffdf2e22af@group-457D9844C34C-LeaderElection7] INFO  impl.LeaderElection (LeaderElection.java:askForVotes(321)) - d78dd883-3e4c-45aa-98b2-e8ffdf2e22af@group-457D9844C34C-LeaderElection7 PRE_VOTE round 0: submit vote requests at term 0 for -1: peers:[d78dd883-3e4c-45aa-98b2-e8ffdf2e22af|rpc:10.1.0.196:15032|admin:10.1.0.196:15031|client:10.1.0.196:15030|dataStream:10.1.0.196:15033|priority:1|startupRole:FOLLOWER]|listeners:[], old=null
2023-06-01 19:11:14,108 [d78dd883-3e4c-45aa-98b2-e8ffdf2e22af@group-457D9844C34C-LeaderElection7] INFO  impl.LeaderElection (LeaderElection.java:askForVotes(323)) - d78dd883-3e4c-45aa-98b2-e8ffdf2e22af@group-457D9844C34C-LeaderElection7 PRE_VOTE round 0: result PASSED (term=0)
2023-06-01 19:11:14,108 [fac1c7af-03c1-44bd-b323-3796df9c2435-server-thread1] INFO  ratis.XceiverServerRatis (XceiverServerRatis.java:handleLeaderChangedNotification(902)) - Leader change notification received for group: group-AEB6F4C7E190 with new leaderId: d78dd883-3e4c-45aa-98b2-e8ffdf2e22af
2023-06-01 19:11:14,108 [fac1c7af-03c1-44bd-b323-3796df9c2435-server-thread1] INFO  server.RaftServer$Division (ServerState.java:setLeader(317)) - fac1c7af-03c1-44bd-b323-3796df9c2435@group-AEB6F4C7E190: change Leader from null to d78dd883-3e4c-45aa-98b2-e8ffdf2e22af at term 1 for appendEntries, leader elected after 5850ms
2023-06-01 19:11:14,108 [c686f304-079c-4e24-9d21-fd4c36dc1242-server-thread2] INFO  ratis.XceiverServerRatis (XceiverServerRatis.java:handleLeaderChangedNotification(902)) - Leader change notification received for group: group-AEB6F4C7E190 with new leaderId: d78dd883-3e4c-45aa-98b2-e8ffdf2e22af
2023-06-01 19:11:14,108 [c686f304-079c-4e24-9d21-fd4c36dc1242-server-thread2] INFO  server.RaftServer$Division (ServerState.java:setLeader(317)) - c686f304-079c-4e24-9d21-fd4c36dc1242@group-AEB6F4C7E190: change Leader from null to d78dd883-3e4c-45aa-98b2-e8ffdf2e22af at term 1 for appendEntries, leader elected after 5407ms
2023-06-01 19:11:14,109 [d78dd883-3e4c-45aa-98b2-e8ffdf2e22af@group-457D9844C34C-LeaderElection7] INFO  impl.LeaderElection (LeaderElection.java:askForVotes(321)) - d78dd883-3e4c-45aa-98b2-e8ffdf2e22af@group-457D9844C34C-LeaderElection7 ELECTION round 0: submit vote requests at term 1 for -1: peers:[d78dd883-3e4c-45aa-98b2-e8ffdf2e22af|rpc:10.1.0.196:15032|admin:10.1.0.196:15031|client:10.1.0.196:15030|dataStream:10.1.0.196:15033|priority:1|startupRole:FOLLOWER]|listeners:[], old=null
2023-06-01 19:11:14,122 [c686f304-079c-4e24-9d21-fd4c36dc1242-server-thread2] INFO  server.RaftServer$Division (ServerState.java:setRaftConf(434)) - c686f304-079c-4e24-9d21-fd4c36dc1242@group-AEB6F4C7E190: set configuration 0: peers:[d78dd883-3e4c-45aa-98b2-e8ffdf2e22af|rpc:10.1.0.196:15032|admin:10.1.0.196:15031|client:10.1.0.196:15030|dataStream:10.1.0.196:15033|priority:1|startupRole:FOLLOWER, c686f304-079c-4e24-9d21-fd4c36dc1242|rpc:10.1.0.196:15023|admin:10.1.0.196:15022|client:10.1.0.196:15021|dataStream:10.1.0.196:15024|priority:0|startupRole:FOLLOWER, fac1c7af-03c1-44bd-b323-3796df9c2435|rpc:10.1.0.196:15014|admin:10.1.0.196:15013|client:10.1.0.196:15012|dataStream:10.1.0.196:15015|priority:0|startupRole:FOLLOWER]|listeners:[], old=null
2023-06-01 19:11:14,124 [c686f304-079c-4e24-9d21-fd4c36dc1242-server-thread2] INFO  segmented.SegmentedRaftLogWorker (SegmentedRaftLogWorker.java:startLogSegment(447)) - c686f304-079c-4e24-9d21-fd4c36dc1242@group-AEB6F4C7E190-SegmentedRaftLogWorker: Starting segment from index:0
2023-06-01 19:11:14,123 [d78dd883-3e4c-45aa-98b2-e8ffdf2e22af@group-457D9844C34C-LeaderElection7] INFO  impl.LeaderElection (LeaderElection.java:askForVotes(323)) - d78dd883-3e4c-45aa-98b2-e8ffdf2e22af@group-457D9844C34C-LeaderElection7 ELECTION round 0: result PASSED (term=1)
2023-06-01 19:11:14,124 [d78dd883-3e4c-45aa-98b2-e8ffdf2e22af@group-457D9844C34C-LeaderElection7] INFO  impl.RoleInfo (RoleInfo.java:shutdownLeaderElection(130)) - d78dd883-3e4c-45aa-98b2-e8ffdf2e22af: shutdown d78dd883-3e4c-45aa-98b2-e8ffdf2e22af@group-457D9844C34C-LeaderElection7
2023-06-01 19:11:14,124 [d78dd883-3e4c-45aa-98b2-e8ffdf2e22af@group-457D9844C34C-LeaderElection7] INFO  server.RaftServer$Division (RaftServerImpl.java:setRole(329)) - d78dd883-3e4c-45aa-98b2-e8ffdf2e22af@group-457D9844C34C: changes role from CANDIDATE to LEADER at term 1 for changeToLeader
2023-06-01 19:11:14,124 [d78dd883-3e4c-45aa-98b2-e8ffdf2e22af@group-457D9844C34C-LeaderElection7] INFO  ratis.XceiverServerRatis (XceiverServerRatis.java:handleLeaderChangedNotification(902)) - Leader change notification received for group: group-457D9844C34C with new leaderId: d78dd883-3e4c-45aa-98b2-e8ffdf2e22af
2023-06-01 19:11:14,126 [c686f304-079c-4e24-9d21-fd4c36dc1242@group-AEB6F4C7E190-SegmentedRaftLogWorker] INFO  segmented.SegmentedRaftLogWorker (SegmentedRaftLogWorker.java:execute(651)) - c686f304-079c-4e24-9d21-fd4c36dc1242@group-AEB6F4C7E190-SegmentedRaftLogWorker: created new log segment /home/runner/work/ozone/ozone/hadoop-ozone/integration-test/target/test-dir/MiniOzoneClusterImpl-59aba430-7466-43cf-ac60-ffcd1bd17169/datanode-1/data/ratis/793e092b-6040-4f80-b54d-aeb6f4c7e190/current/log_inprogress_0
2023-06-01 19:11:14,127 [d78dd883-3e4c-45aa-98b2-e8ffdf2e22af@group-457D9844C34C-LeaderElection7] INFO  server.RaftServer$Division (ServerState.java:setLeader(317)) - d78dd883-3e4c-45aa-98b2-e8ffdf2e22af@group-457D9844C34C: change Leader from null to d78dd883-3e4c-45aa-98b2-e8ffdf2e22af at term 1 for becomeLeader, leader elected after 5085ms
2023-06-01 19:11:14,127 [d78dd883-3e4c-45aa-98b2-e8ffdf2e22af@group-457D9844C34C-LeaderElection7] INFO  server.RaftServerConfigKeys (ConfUtils.java:logGet(46)) - raft.server.staging.catchup.gap = 1000 (default)
2023-06-01 19:11:14,128 [d78dd883-3e4c-45aa-98b2-e8ffdf2e22af@group-457D9844C34C-LeaderElection7] INFO  server.RaftServerConfigKeys (ConfUtils.java:logGet(46)) - raft.server.write.element-limit = 1024 (custom)
2023-06-01 19:11:14,128 [d78dd883-3e4c-45aa-98b2-e8ffdf2e22af@group-457D9844C34C-LeaderElection7] INFO  server.RaftServerConfigKeys (ConfUtils.java:logGet(46)) - raft.server.write.byte-limit = 1024 M (=1073741824) (custom)
2023-06-01 19:11:14,128 [d78dd883-3e4c-45aa-98b2-e8ffdf2e22af@group-457D9844C34C-LeaderElection7] INFO  server.RaftServerConfigKeys (ConfUtils.java:logGet(46)) - raft.server.watch.timeout = 180s (custom)
2023-06-01 19:11:14,128 [d78dd883-3e4c-45aa-98b2-e8ffdf2e22af@group-457D9844C34C-LeaderElection7] INFO  server.RaftServerConfigKeys (ConfUtils.java:logGet(46)) - raft.server.watch.timeout.denomination = 1s (default)
2023-06-01 19:11:14,128 [d78dd883-3e4c-45aa-98b2-e8ffdf2e22af@group-457D9844C34C-LeaderElection7] INFO  server.RaftServerConfigKeys (ConfUtils.java:logGet(46)) - raft.server.watch.element-limit = 65536 (default)
2023-06-01 19:11:14,128 [d78dd883-3e4c-45aa-98b2-e8ffdf2e22af@group-457D9844C34C-LeaderElection7] INFO  server.RaftServerConfigKeys (ConfUtils.java:logGet(46)) - raft.server.write.element-limit = 1024 (custom)
2023-06-01 19:11:14,128 [d78dd883-3e4c-45aa-98b2-e8ffdf2e22af@group-457D9844C34C-LeaderElection7] INFO  server.RaftServerConfigKeys (ConfUtils.java:logGet(46)) - raft.server.write.follower.gap.ratio.max = -1.0 (default)
2023-06-01 19:11:14,128 [d78dd883-3e4c-45aa-98b2-e8ffdf2e22af@group-457D9844C34C-LeaderElection7] INFO  impl.RoleInfo (RoleInfo.java:updateAndGet(139)) - d78dd883-3e4c-45aa-98b2-e8ffdf2e22af: start d78dd883-3e4c-45aa-98b2-e8ffdf2e22af@group-457D9844C34C-LeaderStateImpl
2023-06-01 19:11:14,128 [d78dd883-3e4c-45aa-98b2-e8ffdf2e22af@group-457D9844C34C-LeaderElection7] INFO  segmented.SegmentedRaftLogWorker (SegmentedRaftLogWorker.java:startLogSegment(447)) - d78dd883-3e4c-45aa-98b2-e8ffdf2e22af@group-457D9844C34C-SegmentedRaftLogWorker: Starting segment from index:0
2023-06-01 19:11:14,129 [d78dd883-3e4c-45aa-98b2-e8ffdf2e22af@group-457D9844C34C-SegmentedRaftLogWorker] INFO  segmented.SegmentedRaftLogWorker (SegmentedRaftLogWorker.java:execute(651)) - d78dd883-3e4c-45aa-98b2-e8ffdf2e22af@group-457D9844C34C-SegmentedRaftLogWorker: created new log segment /home/runner/work/ozone/ozone/hadoop-ozone/integration-test/target/test-dir/MiniOzoneClusterImpl-59aba430-7466-43cf-ac60-ffcd1bd17169/datanode-2/data/ratis/abf8582b-fab8-4ebd-b345-457d9844c34c/current/log_inprogress_0
2023-06-01 19:11:14,136 [fac1c7af-03c1-44bd-b323-3796df9c2435-server-thread3] INFO  server.RaftServer$Division (ServerState.java:setRaftConf(434)) - fac1c7af-03c1-44bd-b323-3796df9c2435@group-AEB6F4C7E190: set configuration 0: peers:[d78dd883-3e4c-45aa-98b2-e8ffdf2e22af|rpc:10.1.0.196:15032|admin:10.1.0.196:15031|client:10.1.0.196:15030|dataStream:10.1.0.196:15033|priority:1|startupRole:FOLLOWER, c686f304-079c-4e24-9d21-fd4c36dc1242|rpc:10.1.0.196:15023|admin:10.1.0.196:15022|client:10.1.0.196:15021|dataStream:10.1.0.196:15024|priority:0|startupRole:FOLLOWER, fac1c7af-03c1-44bd-b323-3796df9c2435|rpc:10.1.0.196:15014|admin:10.1.0.196:15013|client:10.1.0.196:15012|dataStream:10.1.0.196:15015|priority:0|startupRole:FOLLOWER]|listeners:[], old=null
2023-06-01 19:11:14,136 [fac1c7af-03c1-44bd-b323-3796df9c2435-server-thread3] INFO  segmented.SegmentedRaftLogWorker (SegmentedRaftLogWorker.java:startLogSegment(447)) - fac1c7af-03c1-44bd-b323-3796df9c2435@group-AEB6F4C7E190-SegmentedRaftLogWorker: Starting segment from index:0
2023-06-01 19:11:14,143 [d78dd883-3e4c-45aa-98b2-e8ffdf2e22af@group-457D9844C34C-LeaderElection7] INFO  server.RaftServer$Division (ServerState.java:setRaftConf(434)) - d78dd883-3e4c-45aa-98b2-e8ffdf2e22af@group-457D9844C34C: set configuration 0: peers:[d78dd883-3e4c-45aa-98b2-e8ffdf2e22af|rpc:10.1.0.196:15032|admin:10.1.0.196:15031|client:10.1.0.196:15030|dataStream:10.1.0.196:15033|priority:1|startupRole:FOLLOWER]|listeners:[], old=null
2023-06-01 19:11:14,143 [fac1c7af-03c1-44bd-b323-3796df9c2435@group-AEB6F4C7E190-SegmentedRaftLogWorker] INFO  segmented.SegmentedRaftLogWorker (SegmentedRaftLogWorker.java:execute(651)) - fac1c7af-03c1-44bd-b323-3796df9c2435@group-AEB6F4C7E190-SegmentedRaftLogWorker: created new log segment /home/runner/work/ozone/ozone/hadoop-ozone/integration-test/target/test-dir/MiniOzoneClusterImpl-59aba430-7466-43cf-ac60-ffcd1bd17169/datanode-0/data/ratis/793e092b-6040-4f80-b54d-aeb6f4c7e190/current/log_inprogress_0
2023-06-01 19:11:14,646 [main] INFO  ozone.MiniOzoneClusterImpl (MiniOzoneClusterImpl.java:lambda$waitForClusterToBeReady$0(222)) - Nodes are ready. Got 10 of 10 DN Heartbeats.
2023-06-01 19:11:14,647 [main] INFO  ozone.MiniOzoneClusterImpl (MiniOzoneClusterImpl.java:lambda$waitForClusterToBeReady$0(225)) - Cluster exits safe mode
2023-06-01 19:11:14,647 [main] INFO  ozone.MiniOzoneClusterImpl (MiniOzoneClusterImpl.java:lambda$waitForClusterToBeReady$0(227)) - SCM became leader
2023-06-01 19:11:14,750 [9ff544a7-6c1c-4ca7-a5dc-e42e2710cacb@group-56CE86AE12C8-FollowerState] INFO  impl.FollowerState (FollowerState.java:run(143)) - 9ff544a7-6c1c-4ca7-a5dc-e42e2710cacb@group-56CE86AE12C8-FollowerState: change to CANDIDATE, lastRpcElapsedTime:5099322161ns, electionTimeout:5093ms
2023-06-01 19:11:14,750 [9ff544a7-6c1c-4ca7-a5dc-e42e2710cacb@group-56CE86AE12C8-FollowerState] INFO  impl.RoleInfo (RoleInfo.java:shutdownFollowerState(110)) - 9ff544a7-6c1c-4ca7-a5dc-e42e2710cacb: shutdown 9ff544a7-6c1c-4ca7-a5dc-e42e2710cacb@group-56CE86AE12C8-FollowerState
2023-06-01 19:11:14,750 [9ff544a7-6c1c-4ca7-a5dc-e42e2710cacb@group-56CE86AE12C8-FollowerState] INFO  server.RaftServer$Division (RaftServerImpl.java:setRole(329)) - 9ff544a7-6c1c-4ca7-a5dc-e42e2710cacb@group-56CE86AE12C8: changes role from  FOLLOWER to CANDIDATE at term 0 for changeToCandidate
2023-06-01 19:11:14,750 [9ff544a7-6c1c-4ca7-a5dc-e42e2710cacb@group-56CE86AE12C8-FollowerState] INFO  server.RaftServerConfigKeys (ConfUtils.java:logGet(46)) - raft.server.leaderelection.pre-vote = true (default)
2023-06-01 19:11:14,750 [9ff544a7-6c1c-4ca7-a5dc-e42e2710cacb@group-56CE86AE12C8-FollowerState] INFO  impl.RoleInfo (RoleInfo.java:updateAndGet(139)) - 9ff544a7-6c1c-4ca7-a5dc-e42e2710cacb: start 9ff544a7-6c1c-4ca7-a5dc-e42e2710cacb@group-56CE86AE12C8-LeaderElection8
2023-06-01 19:11:14,761 [9ff544a7-6c1c-4ca7-a5dc-e42e2710cacb@group-56CE86AE12C8-LeaderElection8] INFO  impl.LeaderElection (LeaderElection.java:askForVotes(321)) - 9ff544a7-6c1c-4ca7-a5dc-e42e2710cacb@group-56CE86AE12C8-LeaderElection8 PRE_VOTE round 0: submit vote requests at term 0 for -1: peers:[9ff544a7-6c1c-4ca7-a5dc-e42e2710cacb|rpc:10.1.0.196:15041|admin:10.1.0.196:15040|client:10.1.0.196:15039|dataStream:10.1.0.196:15042|priority:1|startupRole:FOLLOWER]|listeners:[], old=null
2023-06-01 19:11:14,761 [9ff544a7-6c1c-4ca7-a5dc-e42e2710cacb@group-56CE86AE12C8-LeaderElection8] INFO  impl.LeaderElection (LeaderElection.java:askForVotes(323)) - 9ff544a7-6c1c-4ca7-a5dc-e42e2710cacb@group-56CE86AE12C8-LeaderElection8 PRE_VOTE round 0: result PASSED (term=0)
2023-06-01 19:11:14,761 [c2c84cb5-dc25-48b6-abcd-2faa62d614c8@group-ADAB8AF979CA-FollowerState] INFO  impl.FollowerState (FollowerState.java:run(143)) - c2c84cb5-dc25-48b6-abcd-2faa62d614c8@group-ADAB8AF979CA-FollowerState: change to CANDIDATE, lastRpcElapsedTime:5049496558ns, electionTimeout:5048ms
2023-06-01 19:11:14,762 [c2c84cb5-dc25-48b6-abcd-2faa62d614c8@group-ADAB8AF979CA-FollowerState] INFO  impl.RoleInfo (RoleInfo.java:shutdownFollowerState(110)) - c2c84cb5-dc25-48b6-abcd-2faa62d614c8: shutdown c2c84cb5-dc25-48b6-abcd-2faa62d614c8@group-ADAB8AF979CA-FollowerState
2023-06-01 19:11:14,762 [c2c84cb5-dc25-48b6-abcd-2faa62d614c8@group-ADAB8AF979CA-FollowerState] INFO  server.RaftServer$Division (RaftServerImpl.java:setRole(329)) - c2c84cb5-dc25-48b6-abcd-2faa62d614c8@group-ADAB8AF979CA: changes role from  FOLLOWER to CANDIDATE at term 0 for changeToCandidate
2023-06-01 19:11:14,762 [c2c84cb5-dc25-48b6-abcd-2faa62d614c8@group-ADAB8AF979CA-FollowerState] INFO  server.RaftServerConfigKeys (ConfUtils.java:logGet(46)) - raft.server.leaderelection.pre-vote = true (default)
2023-06-01 19:11:14,762 [c2c84cb5-dc25-48b6-abcd-2faa62d614c8@group-ADAB8AF979CA-FollowerState] INFO  impl.RoleInfo (RoleInfo.java:updateAndGet(139)) - c2c84cb5-dc25-48b6-abcd-2faa62d614c8: start c2c84cb5-dc25-48b6-abcd-2faa62d614c8@group-ADAB8AF979CA-LeaderElection9
2023-06-01 19:11:14,762 [9ff544a7-6c1c-4ca7-a5dc-e42e2710cacb@group-56CE86AE12C8-LeaderElection8] INFO  impl.LeaderElection (LeaderElection.java:askForVotes(321)) - 9ff544a7-6c1c-4ca7-a5dc-e42e2710cacb@group-56CE86AE12C8-LeaderElection8 ELECTION round 0: submit vote requests at term 1 for -1: peers:[9ff544a7-6c1c-4ca7-a5dc-e42e2710cacb|rpc:10.1.0.196:15041|admin:10.1.0.196:15040|client:10.1.0.196:15039|dataStream:10.1.0.196:15042|priority:1|startupRole:FOLLOWER]|listeners:[], old=null
2023-06-01 19:11:14,762 [9ff544a7-6c1c-4ca7-a5dc-e42e2710cacb@group-56CE86AE12C8-LeaderElection8] INFO  impl.LeaderElection (LeaderElection.java:askForVotes(323)) - 9ff544a7-6c1c-4ca7-a5dc-e42e2710cacb@group-56CE86AE12C8-LeaderElection8 ELECTION round 0: result PASSED (term=1)
2023-06-01 19:11:14,762 [9ff544a7-6c1c-4ca7-a5dc-e42e2710cacb@group-56CE86AE12C8-LeaderElection8] INFO  impl.RoleInfo (RoleInfo.java:shutdownLeaderElection(130)) - 9ff544a7-6c1c-4ca7-a5dc-e42e2710cacb: shutdown 9ff544a7-6c1c-4ca7-a5dc-e42e2710cacb@group-56CE86AE12C8-LeaderElection8
2023-06-01 19:11:14,762 [9ff544a7-6c1c-4ca7-a5dc-e42e2710cacb@group-56CE86AE12C8-LeaderElection8] INFO  server.RaftServer$Division (RaftServerImpl.java:setRole(329)) - 9ff544a7-6c1c-4ca7-a5dc-e42e2710cacb@group-56CE86AE12C8: changes role from CANDIDATE to LEADER at term 1 for changeToLeader
2023-06-01 19:11:14,762 [9ff544a7-6c1c-4ca7-a5dc-e42e2710cacb@group-56CE86AE12C8-LeaderElection8] INFO  ratis.XceiverServerRatis (XceiverServerRatis.java:handleLeaderChangedNotification(902)) - Leader change notification received for group: group-56CE86AE12C8 with new leaderId: 9ff544a7-6c1c-4ca7-a5dc-e42e2710cacb
2023-06-01 19:11:14,767 [9ff544a7-6c1c-4ca7-a5dc-e42e2710cacb@group-56CE86AE12C8-LeaderElection8] INFO  server.RaftServer$Division (ServerState.java:setLeader(317)) - 9ff544a7-6c1c-4ca7-a5dc-e42e2710cacb@group-56CE86AE12C8: change Leader from null to 9ff544a7-6c1c-4ca7-a5dc-e42e2710cacb at term 1 for becomeLeader, leader elected after 5405ms
2023-06-01 19:11:14,767 [9ff544a7-6c1c-4ca7-a5dc-e42e2710cacb@group-56CE86AE12C8-LeaderElection8] INFO  server.RaftServerConfigKeys (ConfUtils.java:logGet(46)) - raft.server.staging.catchup.gap = 1000 (default)
2023-06-01 19:11:14,769 [9ff544a7-6c1c-4ca7-a5dc-e42e2710cacb@group-56CE86AE12C8-LeaderElection8] INFO  server.RaftServerConfigKeys (ConfUtils.java:logGet(46)) - raft.server.write.element-limit = 1024 (custom)
2023-06-01 19:11:14,769 [9ff544a7-6c1c-4ca7-a5dc-e42e2710cacb@group-56CE86AE12C8-LeaderElection8] INFO  server.RaftServerConfigKeys (ConfUtils.java:logGet(46)) - raft.server.write.byte-limit = 1024 M (=1073741824) (custom)
2023-06-01 19:11:14,769 [9ff544a7-6c1c-4ca7-a5dc-e42e2710cacb@group-56CE86AE12C8-LeaderElection8] INFO  server.RaftServerConfigKeys (ConfUtils.java:logGet(46)) - raft.server.watch.timeout = 180s (custom)
2023-06-01 19:11:14,769 [9ff544a7-6c1c-4ca7-a5dc-e42e2710cacb@group-56CE86AE12C8-LeaderElection8] INFO  server.RaftServerConfigKeys (ConfUtils.java:logGet(46)) - raft.server.watch.timeout.denomination = 1s (default)
2023-06-01 19:11:14,769 [9ff544a7-6c1c-4ca7-a5dc-e42e2710cacb@group-56CE86AE12C8-LeaderElection8] INFO  server.RaftServerConfigKeys (ConfUtils.java:logGet(46)) - raft.server.watch.element-limit = 65536 (default)
2023-06-01 19:11:14,769 [9ff544a7-6c1c-4ca7-a5dc-e42e2710cacb@group-56CE86AE12C8-LeaderElection8] INFO  server.RaftServerConfigKeys (ConfUtils.java:logGet(46)) - raft.server.write.element-limit = 1024 (custom)
2023-06-01 19:11:14,769 [9ff544a7-6c1c-4ca7-a5dc-e42e2710cacb@group-56CE86AE12C8-LeaderElection8] INFO  server.RaftServerConfigKeys (ConfUtils.java:logGet(46)) - raft.server.write.follower.gap.ratio.max = -1.0 (default)
2023-06-01 19:11:14,769 [9ff544a7-6c1c-4ca7-a5dc-e42e2710cacb@group-56CE86AE12C8-LeaderElection8] INFO  impl.RoleInfo (RoleInfo.java:updateAndGet(139)) - 9ff544a7-6c1c-4ca7-a5dc-e42e2710cacb: start 9ff544a7-6c1c-4ca7-a5dc-e42e2710cacb@group-56CE86AE12C8-LeaderStateImpl
2023-06-01 19:11:14,770 [9ff544a7-6c1c-4ca7-a5dc-e42e2710cacb@group-56CE86AE12C8-LeaderElection8] INFO  segmented.SegmentedRaftLogWorker (SegmentedRaftLogWorker.java:startLogSegment(447)) - 9ff544a7-6c1c-4ca7-a5dc-e42e2710cacb@group-56CE86AE12C8-SegmentedRaftLogWorker: Starting segment from index:0
2023-06-01 19:11:14,771 [9ff544a7-6c1c-4ca7-a5dc-e42e2710cacb@group-56CE86AE12C8-LeaderElection8] INFO  server.RaftServer$Division (ServerState.java:setRaftConf(434)) - 9ff544a7-6c1c-4ca7-a5dc-e42e2710cacb@group-56CE86AE12C8: set configuration 0: peers:[9ff544a7-6c1c-4ca7-a5dc-e42e2710cacb|rpc:10.1.0.196:15041|admin:10.1.0.196:15040|client:10.1.0.196:15039|dataStream:10.1.0.196:15042|priority:1|startupRole:FOLLOWER]|listeners:[], old=null
2023-06-01 19:11:14,773 [c2c84cb5-dc25-48b6-abcd-2faa62d614c8@group-ADAB8AF979CA-LeaderElection9] INFO  impl.LeaderElection (LeaderElection.java:askForVotes(321)) - c2c84cb5-dc25-48b6-abcd-2faa62d614c8@group-ADAB8AF979CA-LeaderElection9 PRE_VOTE round 0: submit vote requests at term 0 for -1: peers:[c2c84cb5-dc25-48b6-abcd-2faa62d614c8|rpc:10.1.0.196:15050|admin:10.1.0.196:15049|client:10.1.0.196:15048|dataStream:10.1.0.196:15051|priority:1|startupRole:FOLLOWER]|listeners:[], old=null
2023-06-01 19:11:14,773 [c2c84cb5-dc25-48b6-abcd-2faa62d614c8@group-ADAB8AF979CA-LeaderElection9] INFO  impl.LeaderElection (LeaderElection.java:askForVotes(323)) - c2c84cb5-dc25-48b6-abcd-2faa62d614c8@group-ADAB8AF979CA-LeaderElection9 PRE_VOTE round 0: result PASSED (term=0)
2023-06-01 19:11:14,773 [9ff544a7-6c1c-4ca7-a5dc-e42e2710cacb@group-56CE86AE12C8-SegmentedRaftLogWorker] INFO  segmented.SegmentedRaftLogWorker (SegmentedRaftLogWorker.java:execute(651)) - 9ff544a7-6c1c-4ca7-a5dc-e42e2710cacb@group-56CE86AE12C8-SegmentedRaftLogWorker: created new log segment /home/runner/work/ozone/ozone/hadoop-ozone/integration-test/target/test-dir/MiniOzoneClusterImpl-59aba430-7466-43cf-ac60-ffcd1bd17169/datanode-3/data/ratis/4784c2fe-1d10-406c-b4d8-56ce86ae12c8/current/log_inprogress_0
2023-06-01 19:11:14,775 [c2c84cb5-dc25-48b6-abcd-2faa62d614c8@group-ADAB8AF979CA-LeaderElection9] INFO  impl.LeaderElection (LeaderElection.java:askForVotes(321)) - c2c84cb5-dc25-48b6-abcd-2faa62d614c8@group-ADAB8AF979CA-LeaderElection9 ELECTION round 0: submit vote requests at term 1 for -1: peers:[c2c84cb5-dc25-48b6-abcd-2faa62d614c8|rpc:10.1.0.196:15050|admin:10.1.0.196:15049|client:10.1.0.196:15048|dataStream:10.1.0.196:15051|priority:1|startupRole:FOLLOWER]|listeners:[], old=null
2023-06-01 19:11:14,775 [c2c84cb5-dc25-48b6-abcd-2faa62d614c8@group-ADAB8AF979CA-LeaderElection9] INFO  impl.LeaderElection (LeaderElection.java:askForVotes(323)) - c2c84cb5-dc25-48b6-abcd-2faa62d614c8@group-ADAB8AF979CA-LeaderElection9 ELECTION round 0: result PASSED (term=1)
2023-06-01 19:11:14,775 [c2c84cb5-dc25-48b6-abcd-2faa62d614c8@group-ADAB8AF979CA-LeaderElection9] INFO  impl.RoleInfo (RoleInfo.java:shutdownLeaderElection(130)) - c2c84cb5-dc25-48b6-abcd-2faa62d614c8: shutdown c2c84cb5-dc25-48b6-abcd-2faa62d614c8@group-ADAB8AF979CA-LeaderElection9
2023-06-01 19:11:14,775 [c2c84cb5-dc25-48b6-abcd-2faa62d614c8@group-ADAB8AF979CA-LeaderElection9] INFO  server.RaftServer$Division (RaftServerImpl.java:setRole(329)) - c2c84cb5-dc25-48b6-abcd-2faa62d614c8@group-ADAB8AF979CA: changes role from CANDIDATE to LEADER at term 1 for changeToLeader
2023-06-01 19:11:14,775 [c2c84cb5-dc25-48b6-abcd-2faa62d614c8@group-ADAB8AF979CA-LeaderElection9] INFO  ratis.XceiverServerRatis (XceiverServerRatis.java:handleLeaderChangedNotification(902)) - Leader change notification received for group: group-ADAB8AF979CA with new leaderId: c2c84cb5-dc25-48b6-abcd-2faa62d614c8
2023-06-01 19:11:14,776 [c2c84cb5-dc25-48b6-abcd-2faa62d614c8@group-ADAB8AF979CA-LeaderElection9] INFO  server.RaftServer$Division (ServerState.java:setLeader(317)) - c2c84cb5-dc25-48b6-abcd-2faa62d614c8@group-ADAB8AF979CA: change Leader from null to c2c84cb5-dc25-48b6-abcd-2faa62d614c8 at term 1 for becomeLeader, leader elected after 5085ms
2023-06-01 19:11:14,776 [c2c84cb5-dc25-48b6-abcd-2faa62d614c8@group-ADAB8AF979CA-LeaderElection9] INFO  server.RaftServerConfigKeys (ConfUtils.java:logGet(46)) - raft.server.staging.catchup.gap = 1000 (default)
2023-06-01 19:11:14,777 [c2c84cb5-dc25-48b6-abcd-2faa62d614c8@group-ADAB8AF979CA-LeaderElection9] INFO  server.RaftServerConfigKeys (ConfUtils.java:logGet(46)) - raft.server.write.element-limit = 1024 (custom)
2023-06-01 19:11:14,777 [c2c84cb5-dc25-48b6-abcd-2faa62d614c8@group-ADAB8AF979CA-LeaderElection9] INFO  server.RaftServerConfigKeys (ConfUtils.java:logGet(46)) - raft.server.write.byte-limit = 1024 M (=1073741824) (custom)
2023-06-01 19:11:14,777 [c2c84cb5-dc25-48b6-abcd-2faa62d614c8@group-ADAB8AF979CA-LeaderElection9] INFO  server.RaftServerConfigKeys (ConfUtils.java:logGet(46)) - raft.server.watch.timeout = 180s (custom)
2023-06-01 19:11:14,777 [c2c84cb5-dc25-48b6-abcd-2faa62d614c8@group-ADAB8AF979CA-LeaderElection9] INFO  server.RaftServerConfigKeys (ConfUtils.java:logGet(46)) - raft.server.watch.timeout.denomination = 1s (default)
2023-06-01 19:11:14,777 [c2c84cb5-dc25-48b6-abcd-2faa62d614c8@group-ADAB8AF979CA-LeaderElection9] INFO  server.RaftServerConfigKeys (ConfUtils.java:logGet(46)) - raft.server.watch.element-limit = 65536 (default)
2023-06-01 19:11:14,777 [c2c84cb5-dc25-48b6-abcd-2faa62d614c8@group-ADAB8AF979CA-LeaderElection9] INFO  server.RaftServerConfigKeys (ConfUtils.java:logGet(46)) - raft.server.write.element-limit = 1024 (custom)
2023-06-01 19:11:14,777 [c2c84cb5-dc25-48b6-abcd-2faa62d614c8@group-ADAB8AF979CA-LeaderElection9] INFO  server.RaftServerConfigKeys (ConfUtils.java:logGet(46)) - raft.server.write.follower.gap.ratio.max = -1.0 (default)
2023-06-01 19:11:14,778 [c2c84cb5-dc25-48b6-abcd-2faa62d614c8@group-ADAB8AF979CA-LeaderElection9] INFO  impl.RoleInfo (RoleInfo.java:updateAndGet(139)) - c2c84cb5-dc25-48b6-abcd-2faa62d614c8: start c2c84cb5-dc25-48b6-abcd-2faa62d614c8@group-ADAB8AF979CA-LeaderStateImpl
2023-06-01 19:11:14,778 [c2c84cb5-dc25-48b6-abcd-2faa62d614c8@group-ADAB8AF979CA-LeaderElection9] INFO  segmented.SegmentedRaftLogWorker (SegmentedRaftLogWorker.java:startLogSegment(447)) - c2c84cb5-dc25-48b6-abcd-2faa62d614c8@group-ADAB8AF979CA-SegmentedRaftLogWorker: Starting segment from index:0
2023-06-01 19:11:14,779 [c2c84cb5-dc25-48b6-abcd-2faa62d614c8@group-ADAB8AF979CA-SegmentedRaftLogWorker] INFO  segmented.SegmentedRaftLogWorker (SegmentedRaftLogWorker.java:execute(651)) - c2c84cb5-dc25-48b6-abcd-2faa62d614c8@group-ADAB8AF979CA-SegmentedRaftLogWorker: created new log segment /home/runner/work/ozone/ozone/hadoop-ozone/integration-test/target/test-dir/MiniOzoneClusterImpl-59aba430-7466-43cf-ac60-ffcd1bd17169/datanode-4/data/ratis/6e41ae53-72be-45c9-b061-adab8af979ca/current/log_inprogress_0
2023-06-01 19:11:14,783 [c2c84cb5-dc25-48b6-abcd-2faa62d614c8@group-ADAB8AF979CA-LeaderElection9] INFO  server.RaftServer$Division (ServerState.java:setRaftConf(434)) - c2c84cb5-dc25-48b6-abcd-2faa62d614c8@group-ADAB8AF979CA: set configuration 0: peers:[c2c84cb5-dc25-48b6-abcd-2faa62d614c8|rpc:10.1.0.196:15050|admin:10.1.0.196:15049|client:10.1.0.196:15048|dataStream:10.1.0.196:15051|priority:1|startupRole:FOLLOWER]|listeners:[], old=null
2023-06-01 19:11:14,890 [9ff544a7-6c1c-4ca7-a5dc-e42e2710cacb@group-77F4DA91DDA5-FollowerState] INFO  impl.FollowerState (FollowerState.java:run(143)) - 9ff544a7-6c1c-4ca7-a5dc-e42e2710cacb@group-77F4DA91DDA5-FollowerState: change to CANDIDATE, lastRpcElapsedTime:5198672849ns, electionTimeout:5192ms
2023-06-01 19:11:14,890 [9ff544a7-6c1c-4ca7-a5dc-e42e2710cacb@group-77F4DA91DDA5-FollowerState] INFO  impl.RoleInfo (RoleInfo.java:shutdownFollowerState(110)) - 9ff544a7-6c1c-4ca7-a5dc-e42e2710cacb: shutdown 9ff544a7-6c1c-4ca7-a5dc-e42e2710cacb@group-77F4DA91DDA5-FollowerState
2023-06-01 19:11:14,890 [9ff544a7-6c1c-4ca7-a5dc-e42e2710cacb@group-77F4DA91DDA5-FollowerState] INFO  server.RaftServer$Division (RaftServerImpl.java:setRole(329)) - 9ff544a7-6c1c-4ca7-a5dc-e42e2710cacb@group-77F4DA91DDA5: changes role from  FOLLOWER to CANDIDATE at term 0 for changeToCandidate
2023-06-01 19:11:14,891 [9ff544a7-6c1c-4ca7-a5dc-e42e2710cacb@group-77F4DA91DDA5-FollowerState] INFO  server.RaftServerConfigKeys (ConfUtils.java:logGet(46)) - raft.server.leaderelection.pre-vote = true (default)
2023-06-01 19:11:14,891 [9ff544a7-6c1c-4ca7-a5dc-e42e2710cacb@group-77F4DA91DDA5-FollowerState] INFO  impl.RoleInfo (RoleInfo.java:updateAndGet(139)) - 9ff544a7-6c1c-4ca7-a5dc-e42e2710cacb: start 9ff544a7-6c1c-4ca7-a5dc-e42e2710cacb@group-77F4DA91DDA5-LeaderElection10
2023-06-01 19:11:14,899 [9ff544a7-6c1c-4ca7-a5dc-e42e2710cacb@group-77F4DA91DDA5-LeaderElection10] INFO  impl.LeaderElection (LeaderElection.java:askForVotes(321)) - 9ff544a7-6c1c-4ca7-a5dc-e42e2710cacb@group-77F4DA91DDA5-LeaderElection10 PRE_VOTE round 0: submit vote requests at term 0 for -1: peers:[c2c84cb5-dc25-48b6-abcd-2faa62d614c8|rpc:10.1.0.196:15050|admin:10.1.0.196:15049|client:10.1.0.196:15048|dataStream:10.1.0.196:15051|priority:0|startupRole:FOLLOWER, 9ff544a7-6c1c-4ca7-a5dc-e42e2710cacb|rpc:10.1.0.196:15041|admin:10.1.0.196:15040|client:10.1.0.196:15039|dataStream:10.1.0.196:15042|priority:1|startupRole:FOLLOWER, aab6e560-2e42-4217-8e7a-cc5f2733e87a|rpc:10.1.0.196:15059|admin:10.1.0.196:15058|client:10.1.0.196:15057|dataStream:10.1.0.196:15060|priority:0|startupRole:FOLLOWER]|listeners:[], old=null
2023-06-01 19:11:14,900 [9ff544a7-6c1c-4ca7-a5dc-e42e2710cacb@group-77F4DA91DDA5-LeaderElection10-1] INFO  server.GrpcServerProtocolClient (GrpcServerProtocolClient.java:<init>(65)) - Build channel for c2c84cb5-dc25-48b6-abcd-2faa62d614c8
2023-06-01 19:11:14,901 [9ff544a7-6c1c-4ca7-a5dc-e42e2710cacb@group-77F4DA91DDA5-LeaderElection10] INFO  server.RaftServerConfigKeys (ConfUtils.java:logFallback(53)) - raft.server.rpc.first-election.timeout.min = 5s (fallback to raft.server.rpc.timeout.min)
2023-06-01 19:11:14,901 [9ff544a7-6c1c-4ca7-a5dc-e42e2710cacb@group-77F4DA91DDA5-LeaderElection10] INFO  server.RaftServerConfigKeys (ConfUtils.java:logFallback(53)) - raft.server.rpc.first-election.timeout.max = 5200ms (fallback to raft.server.rpc.timeout.max)
2023-06-01 19:11:14,913 [9ff544a7-6c1c-4ca7-a5dc-e42e2710cacb@group-77F4DA91DDA5-LeaderElection10-2] INFO  server.GrpcServerProtocolClient (GrpcServerProtocolClient.java:<init>(65)) - Build channel for aab6e560-2e42-4217-8e7a-cc5f2733e87a
2023-06-01 19:11:14,916 [grpc-default-executor-0] INFO  server.RaftServer$Division (RaftServerImpl.java:requestVote(1302)) - c2c84cb5-dc25-48b6-abcd-2faa62d614c8@group-77F4DA91DDA5: receive requestVote(PRE_VOTE, 9ff544a7-6c1c-4ca7-a5dc-e42e2710cacb, group-77F4DA91DDA5, 0, (t:0, i:0))
2023-06-01 19:11:14,916 [grpc-default-executor-0] INFO  impl.VoteContext (VoteContext.java:log(49)) - c2c84cb5-dc25-48b6-abcd-2faa62d614c8@group-77F4DA91DDA5-FOLLOWER: accept PRE_VOTE from 9ff544a7-6c1c-4ca7-a5dc-e42e2710cacb: our priority 0 <= candidate's priority 1
2023-06-01 19:11:14,917 [grpc-default-executor-0] INFO  server.RaftServer$Division (RaftServerImpl.java:requestVote(1335)) - c2c84cb5-dc25-48b6-abcd-2faa62d614c8@group-77F4DA91DDA5 replies to PRE_VOTE vote request: 9ff544a7-6c1c-4ca7-a5dc-e42e2710cacb<-c2c84cb5-dc25-48b6-abcd-2faa62d614c8#0:OK-t0. Peer's state: c2c84cb5-dc25-48b6-abcd-2faa62d614c8@group-77F4DA91DDA5:t0, leader=null, voted=, raftlog=Memoized:c2c84cb5-dc25-48b6-abcd-2faa62d614c8@group-77F4DA91DDA5-SegmentedRaftLog:OPENED:c-1, conf=-1: peers:[c2c84cb5-dc25-48b6-abcd-2faa62d614c8|rpc:10.1.0.196:15050|admin:10.1.0.196:15049|client:10.1.0.196:15048|dataStream:10.1.0.196:15051|priority:0|startupRole:FOLLOWER, 9ff544a7-6c1c-4ca7-a5dc-e42e2710cacb|rpc:10.1.0.196:15041|admin:10.1.0.196:15040|client:10.1.0.196:15039|dataStream:10.1.0.196:15042|priority:1|startupRole:FOLLOWER, aab6e560-2e42-4217-8e7a-cc5f2733e87a|rpc:10.1.0.196:15059|admin:10.1.0.196:15058|client:10.1.0.196:15057|dataStream:10.1.0.196:15060|priority:0|startupRole:FOLLOWER]|listeners:[], old=null
2023-06-01 19:11:14,919 [9ff544a7-6c1c-4ca7-a5dc-e42e2710cacb@group-77F4DA91DDA5-LeaderElection10] INFO  impl.LeaderElection (LeaderElection.java:logAndReturn(90)) - 9ff544a7-6c1c-4ca7-a5dc-e42e2710cacb@group-77F4DA91DDA5-LeaderElection10: PRE_VOTE PASSED received 1 response(s) and 0 exception(s):
2023-06-01 19:11:14,919 [9ff544a7-6c1c-4ca7-a5dc-e42e2710cacb@group-77F4DA91DDA5-LeaderElection10] INFO  impl.LeaderElection (LeaderElection.java:logAndReturn(94)) -   Response 0: 9ff544a7-6c1c-4ca7-a5dc-e42e2710cacb<-c2c84cb5-dc25-48b6-abcd-2faa62d614c8#0:OK-t0
2023-06-01 19:11:14,919 [9ff544a7-6c1c-4ca7-a5dc-e42e2710cacb@group-77F4DA91DDA5-LeaderElection10] INFO  impl.LeaderElection (LeaderElection.java:askForVotes(323)) - 9ff544a7-6c1c-4ca7-a5dc-e42e2710cacb@group-77F4DA91DDA5-LeaderElection10 PRE_VOTE round 0: result PASSED
2023-06-01 19:11:14,926 [9ff544a7-6c1c-4ca7-a5dc-e42e2710cacb@group-77F4DA91DDA5-LeaderElection10] INFO  impl.LeaderElection (LeaderElection.java:askForVotes(321)) - 9ff544a7-6c1c-4ca7-a5dc-e42e2710cacb@group-77F4DA91DDA5-LeaderElection10 ELECTION round 0: submit vote requests at term 1 for -1: peers:[c2c84cb5-dc25-48b6-abcd-2faa62d614c8|rpc:10.1.0.196:15050|admin:10.1.0.196:15049|client:10.1.0.196:15048|dataStream:10.1.0.196:15051|priority:0|startupRole:FOLLOWER, 9ff544a7-6c1c-4ca7-a5dc-e42e2710cacb|rpc:10.1.0.196:15041|admin:10.1.0.196:15040|client:10.1.0.196:15039|dataStream:10.1.0.196:15042|priority:1|startupRole:FOLLOWER, aab6e560-2e42-4217-8e7a-cc5f2733e87a|rpc:10.1.0.196:15059|admin:10.1.0.196:15058|client:10.1.0.196:15057|dataStream:10.1.0.196:15060|priority:0|startupRole:FOLLOWER]|listeners:[], old=null
2023-06-01 19:11:14,932 [9ff544a7-6c1c-4ca7-a5dc-e42e2710cacb@group-77F4DA91DDA5-LeaderElection10] INFO  server.RaftServerConfigKeys (ConfUtils.java:logFallback(53)) - raft.server.rpc.first-election.timeout.min = 5s (fallback to raft.server.rpc.timeout.min)
2023-06-01 19:11:14,932 [9ff544a7-6c1c-4ca7-a5dc-e42e2710cacb@group-77F4DA91DDA5-LeaderElection10] INFO  server.RaftServerConfigKeys (ConfUtils.java:logFallback(53)) - raft.server.rpc.first-election.timeout.max = 5200ms (fallback to raft.server.rpc.timeout.max)
2023-06-01 19:11:14,935 [grpc-default-executor-0] INFO  server.RaftServer$Division (RaftServerImpl.java:requestVote(1302)) - aab6e560-2e42-4217-8e7a-cc5f2733e87a@group-77F4DA91DDA5: receive requestVote(PRE_VOTE, 9ff544a7-6c1c-4ca7-a5dc-e42e2710cacb, group-77F4DA91DDA5, 0, (t:0, i:0))
2023-06-01 19:11:14,935 [grpc-default-executor-3] INFO  server.RaftServer$Division (RaftServerImpl.java:requestVote(1302)) - c2c84cb5-dc25-48b6-abcd-2faa62d614c8@group-77F4DA91DDA5: receive requestVote(ELECTION, 9ff544a7-6c1c-4ca7-a5dc-e42e2710cacb, group-77F4DA91DDA5, 1, (t:0, i:0))
2023-06-01 19:11:14,936 [grpc-default-executor-3] INFO  impl.VoteContext (VoteContext.java:log(49)) - c2c84cb5-dc25-48b6-abcd-2faa62d614c8@group-77F4DA91DDA5-FOLLOWER: accept ELECTION from 9ff544a7-6c1c-4ca7-a5dc-e42e2710cacb: our priority 0 <= candidate's priority 1
2023-06-01 19:11:14,936 [grpc-default-executor-3] INFO  server.RaftServer$Division (RaftServerImpl.java:setRole(329)) - c2c84cb5-dc25-48b6-abcd-2faa62d614c8@group-77F4DA91DDA5: changes role from  FOLLOWER to FOLLOWER at term 1 for candidate:9ff544a7-6c1c-4ca7-a5dc-e42e2710cacb
2023-06-01 19:11:14,936 [grpc-default-executor-3] INFO  impl.RoleInfo (RoleInfo.java:shutdownFollowerState(110)) - c2c84cb5-dc25-48b6-abcd-2faa62d614c8: shutdown c2c84cb5-dc25-48b6-abcd-2faa62d614c8@group-77F4DA91DDA5-FollowerState
2023-06-01 19:11:14,936 [grpc-default-executor-3] INFO  impl.RoleInfo (RoleInfo.java:updateAndGet(139)) - c2c84cb5-dc25-48b6-abcd-2faa62d614c8: start c2c84cb5-dc25-48b6-abcd-2faa62d614c8@group-77F4DA91DDA5-FollowerState
2023-06-01 19:11:14,936 [c2c84cb5-dc25-48b6-abcd-2faa62d614c8@group-77F4DA91DDA5-FollowerState] INFO  impl.FollowerState (FollowerState.java:run(152)) - c2c84cb5-dc25-48b6-abcd-2faa62d614c8@group-77F4DA91DDA5-FollowerState was interrupted
2023-06-01 19:11:14,938 [grpc-default-executor-3] INFO  server.RaftServer$Division (RaftServerImpl.java:requestVote(1335)) - c2c84cb5-dc25-48b6-abcd-2faa62d614c8@group-77F4DA91DDA5 replies to ELECTION vote request: 9ff544a7-6c1c-4ca7-a5dc-e42e2710cacb<-c2c84cb5-dc25-48b6-abcd-2faa62d614c8#0:OK-t1. Peer's state: c2c84cb5-dc25-48b6-abcd-2faa62d614c8@group-77F4DA91DDA5:t1, leader=null, voted=9ff544a7-6c1c-4ca7-a5dc-e42e2710cacb, raftlog=Memoized:c2c84cb5-dc25-48b6-abcd-2faa62d614c8@group-77F4DA91DDA5-SegmentedRaftLog:OPENED:c-1, conf=-1: peers:[c2c84cb5-dc25-48b6-abcd-2faa62d614c8|rpc:10.1.0.196:15050|admin:10.1.0.196:15049|client:10.1.0.196:15048|dataStream:10.1.0.196:15051|priority:0|startupRole:FOLLOWER, 9ff544a7-6c1c-4ca7-a5dc-e42e2710cacb|rpc:10.1.0.196:15041|admin:10.1.0.196:15040|client:10.1.0.196:15039|dataStream:10.1.0.196:15042|priority:1|startupRole:FOLLOWER, aab6e560-2e42-4217-8e7a-cc5f2733e87a|rpc:10.1.0.196:15059|admin:10.1.0.196:15058|client:10.1.0.196:15057|dataStream:10.1.0.196:15060|priority:0|startupRole:FOLLOWER]|listeners:[], old=null
2023-06-01 19:11:14,943 [grpc-default-executor-0] INFO  impl.VoteContext (VoteContext.java:log(49)) - aab6e560-2e42-4217-8e7a-cc5f2733e87a@group-77F4DA91DDA5-FOLLOWER: accept PRE_VOTE from 9ff544a7-6c1c-4ca7-a5dc-e42e2710cacb: our priority 0 <= candidate's priority 1
2023-06-01 19:11:14,943 [grpc-default-executor-0] INFO  server.RaftServer$Division (RaftServerImpl.java:requestVote(1335)) - aab6e560-2e42-4217-8e7a-cc5f2733e87a@group-77F4DA91DDA5 replies to PRE_VOTE vote request: 9ff544a7-6c1c-4ca7-a5dc-e42e2710cacb<-aab6e560-2e42-4217-8e7a-cc5f2733e87a#0:OK-t0. Peer's state: aab6e560-2e42-4217-8e7a-cc5f2733e87a@group-77F4DA91DDA5:t0, leader=null, voted=, raftlog=Memoized:aab6e560-2e42-4217-8e7a-cc5f2733e87a@group-77F4DA91DDA5-SegmentedRaftLog:OPENED:c-1, conf=-1: peers:[c2c84cb5-dc25-48b6-abcd-2faa62d614c8|rpc:10.1.0.196:15050|admin:10.1.0.196:15049|client:10.1.0.196:15048|dataStream:10.1.0.196:15051|priority:0|startupRole:FOLLOWER, 9ff544a7-6c1c-4ca7-a5dc-e42e2710cacb|rpc:10.1.0.196:15041|admin:10.1.0.196:15040|client:10.1.0.196:15039|dataStream:10.1.0.196:15042|priority:1|startupRole:FOLLOWER, aab6e560-2e42-4217-8e7a-cc5f2733e87a|rpc:10.1.0.196:15059|admin:10.1.0.196:15058|client:10.1.0.196:15057|dataStream:10.1.0.196:15060|priority:0|startupRole:FOLLOWER]|listeners:[], old=null
2023-06-01 19:11:14,947 [9ff544a7-6c1c-4ca7-a5dc-e42e2710cacb@group-77F4DA91DDA5-LeaderElection10] INFO  impl.LeaderElection (LeaderElection.java:logAndReturn(90)) - 9ff544a7-6c1c-4ca7-a5dc-e42e2710cacb@group-77F4DA91DDA5-LeaderElection10: ELECTION PASSED received 1 response(s) and 0 exception(s):
2023-06-01 19:11:14,947 [9ff544a7-6c1c-4ca7-a5dc-e42e2710cacb@group-77F4DA91DDA5-LeaderElection10] INFO  impl.LeaderElection (LeaderElection.java:logAndReturn(94)) -   Response 0: 9ff544a7-6c1c-4ca7-a5dc-e42e2710cacb<-c2c84cb5-dc25-48b6-abcd-2faa62d614c8#0:OK-t1
2023-06-01 19:11:14,947 [9ff544a7-6c1c-4ca7-a5dc-e42e2710cacb@group-77F4DA91DDA5-LeaderElection10] INFO  impl.LeaderElection (LeaderElection.java:askForVotes(323)) - 9ff544a7-6c1c-4ca7-a5dc-e42e2710cacb@group-77F4DA91DDA5-LeaderElection10 ELECTION round 0: result PASSED
2023-06-01 19:11:14,947 [9ff544a7-6c1c-4ca7-a5dc-e42e2710cacb@group-77F4DA91DDA5-LeaderElection10] INFO  impl.RoleInfo (RoleInfo.java:shutdownLeaderElection(130)) - 9ff544a7-6c1c-4ca7-a5dc-e42e2710cacb: shutdown 9ff544a7-6c1c-4ca7-a5dc-e42e2710cacb@group-77F4DA91DDA5-LeaderElection10
2023-06-01 19:11:14,947 [9ff544a7-6c1c-4ca7-a5dc-e42e2710cacb@group-77F4DA91DDA5-LeaderElection10] INFO  server.RaftServer$Division (RaftServerImpl.java:setRole(329)) - 9ff544a7-6c1c-4ca7-a5dc-e42e2710cacb@group-77F4DA91DDA5: changes role from CANDIDATE to LEADER at term 1 for changeToLeader
2023-06-01 19:11:14,947 [9ff544a7-6c1c-4ca7-a5dc-e42e2710cacb@group-77F4DA91DDA5-LeaderElection10] INFO  ratis.XceiverServerRatis (XceiverServerRatis.java:handleLeaderChangedNotification(902)) - Leader change notification received for group: group-77F4DA91DDA5 with new leaderId: 9ff544a7-6c1c-4ca7-a5dc-e42e2710cacb
2023-06-01 19:11:14,947 [9ff544a7-6c1c-4ca7-a5dc-e42e2710cacb@group-77F4DA91DDA5-LeaderElection10] INFO  server.RaftServer$Division (ServerState.java:setLeader(317)) - 9ff544a7-6c1c-4ca7-a5dc-e42e2710cacb@group-77F4DA91DDA5: change Leader from null to 9ff544a7-6c1c-4ca7-a5dc-e42e2710cacb at term 1 for becomeLeader, leader elected after 5283ms
2023-06-01 19:11:14,947 [9ff544a7-6c1c-4ca7-a5dc-e42e2710cacb@group-77F4DA91DDA5-LeaderElection10] INFO  server.RaftServerConfigKeys (ConfUtils.java:logGet(46)) - raft.server.staging.catchup.gap = 1000 (default)
2023-06-01 19:11:14,947 [9ff544a7-6c1c-4ca7-a5dc-e42e2710cacb@group-77F4DA91DDA5-LeaderElection10] INFO  server.RaftServerConfigKeys (ConfUtils.java:logGet(46)) - raft.server.write.element-limit = 1024 (custom)
2023-06-01 19:11:14,947 [9ff544a7-6c1c-4ca7-a5dc-e42e2710cacb@group-77F4DA91DDA5-LeaderElection10] INFO  server.RaftServerConfigKeys (ConfUtils.java:logGet(46)) - raft.server.write.byte-limit = 1024 M (=1073741824) (custom)
2023-06-01 19:11:14,948 [9ff544a7-6c1c-4ca7-a5dc-e42e2710cacb@group-77F4DA91DDA5-LeaderElection10] INFO  server.RaftServerConfigKeys (ConfUtils.java:logGet(46)) - raft.server.watch.timeout = 180s (custom)
2023-06-01 19:11:14,948 [9ff544a7-6c1c-4ca7-a5dc-e42e2710cacb@group-77F4DA91DDA5-LeaderElection10] INFO  server.RaftServerConfigKeys (ConfUtils.java:logGet(46)) - raft.server.watch.timeout.denomination = 1s (default)
2023-06-01 19:11:14,948 [9ff544a7-6c1c-4ca7-a5dc-e42e2710cacb@group-77F4DA91DDA5-LeaderElection10] INFO  server.RaftServerConfigKeys (ConfUtils.java:logGet(46)) - raft.server.watch.element-limit = 65536 (default)
2023-06-01 19:11:14,948 [9ff544a7-6c1c-4ca7-a5dc-e42e2710cacb@group-77F4DA91DDA5-LeaderElection10] INFO  server.RaftServerConfigKeys (ConfUtils.java:logGet(46)) - raft.server.write.element-limit = 1024 (custom)
2023-06-01 19:11:14,948 [9ff544a7-6c1c-4ca7-a5dc-e42e2710cacb@group-77F4DA91DDA5-LeaderElection10] INFO  server.RaftServerConfigKeys (ConfUtils.java:logGet(46)) - raft.server.write.follower.gap.ratio.max = -1.0 (default)
2023-06-01 19:11:14,948 [9ff544a7-6c1c-4ca7-a5dc-e42e2710cacb@group-77F4DA91DDA5-LeaderElection10] INFO  server.RaftServerConfigKeys (ConfUtils.java:logGet(46)) - raft.server.log.appender.snapshot.chunk.size.max = 16MB (=16777216) (default)
2023-06-01 19:11:14,948 [9ff544a7-6c1c-4ca7-a5dc-e42e2710cacb@group-77F4DA91DDA5-LeaderElection10] INFO  server.RaftServerConfigKeys (ConfUtils.java:logGet(46)) - raft.server.log.appender.buffer.byte-limit = 33554432 (custom)
2023-06-01 19:11:14,948 [9ff544a7-6c1c-4ca7-a5dc-e42e2710cacb@group-77F4DA91DDA5-LeaderElection10] INFO  server.RaftServerConfigKeys (ConfUtils.java:logGet(46)) - raft.server.log.appender.buffer.element-limit = 1 (custom)
2023-06-01 19:11:14,948 [9ff544a7-6c1c-4ca7-a5dc-e42e2710cacb@group-77F4DA91DDA5-LeaderElection10] INFO  server.RaftServerConfigKeys (ConfUtils.java:logGet(46)) - raft.server.log.appender.wait-time.min = 10ms (default)
2023-06-01 19:11:14,948 [9ff544a7-6c1c-4ca7-a5dc-e42e2710cacb@group-77F4DA91DDA5-LeaderElection10] INFO  grpc.GrpcConfigKeys (ConfUtils.java:logGet(46)) - raft.grpc.server.leader.outstanding.appends.max = 128 (default)
2023-06-01 19:11:14,948 [9ff544a7-6c1c-4ca7-a5dc-e42e2710cacb@group-77F4DA91DDA5-LeaderElection10] INFO  server.RaftServerConfigKeys (ConfUtils.java:logGet(46)) - raft.server.rpc.request.timeout = 60s (custom)
2023-06-01 19:11:14,948 [9ff544a7-6c1c-4ca7-a5dc-e42e2710cacb@group-77F4DA91DDA5-LeaderElection10] INFO  grpc.GrpcConfigKeys (ConfUtils.java:logGet(46)) - raft.grpc.server.install_snapshot.request.element-limit = 8 (default)
2023-06-01 19:11:14,949 [9ff544a7-6c1c-4ca7-a5dc-e42e2710cacb@group-77F4DA91DDA5-LeaderElection10] INFO  grpc.GrpcConfigKeys (ConfUtils.java:logGet(46)) - raft.grpc.server.install_snapshot.request.timeout = 3000ms (default)
2023-06-01 19:11:14,949 [9ff544a7-6c1c-4ca7-a5dc-e42e2710cacb@group-77F4DA91DDA5-LeaderElection10] INFO  server.RaftServerConfigKeys (ConfUtils.java:logGet(46)) - raft.server.log.appender.install.snapshot.enabled = false (custom)
2023-06-01 19:11:14,949 [9ff544a7-6c1c-4ca7-a5dc-e42e2710cacb@group-77F4DA91DDA5-LeaderElection10] INFO  grpc.GrpcConfigKeys (ConfUtils.java:logGet(46)) - raft.grpc.server.heartbeat.channel = true (default)
2023-06-01 19:11:14,949 [9ff544a7-6c1c-4ca7-a5dc-e42e2710cacb@group-77F4DA91DDA5-LeaderElection10] INFO  server.RaftServerConfigKeys (ConfUtils.java:logGet(46)) - raft.server.log.appender.snapshot.chunk.size.max = 16MB (=16777216) (default)
2023-06-01 19:11:14,952 [grpc-default-executor-5] INFO  server.RaftServer$Division (RaftServerImpl.java:requestVote(1302)) - aab6e560-2e42-4217-8e7a-cc5f2733e87a@group-77F4DA91DDA5: receive requestVote(ELECTION, 9ff544a7-6c1c-4ca7-a5dc-e42e2710cacb, group-77F4DA91DDA5, 1, (t:0, i:0))
2023-06-01 19:11:14,952 [9ff544a7-6c1c-4ca7-a5dc-e42e2710cacb@group-77F4DA91DDA5-LeaderElection10] INFO  server.RaftServerConfigKeys (ConfUtils.java:logGet(46)) - raft.server.log.appender.buffer.byte-limit = 33554432 (custom)
2023-06-01 19:11:14,952 [9ff544a7-6c1c-4ca7-a5dc-e42e2710cacb@group-77F4DA91DDA5-LeaderElection10] INFO  server.RaftServerConfigKeys (ConfUtils.java:logGet(46)) - raft.server.log.appender.buffer.element-limit = 1 (custom)
2023-06-01 19:11:14,952 [9ff544a7-6c1c-4ca7-a5dc-e42e2710cacb@group-77F4DA91DDA5-LeaderElection10] INFO  server.RaftServerConfigKeys (ConfUtils.java:logGet(46)) - raft.server.log.appender.wait-time.min = 10ms (default)
2023-06-01 19:11:14,952 [9ff544a7-6c1c-4ca7-a5dc-e42e2710cacb@group-77F4DA91DDA5-LeaderElection10] INFO  grpc.GrpcConfigKeys (ConfUtils.java:logGet(46)) - raft.grpc.server.leader.outstanding.appends.max = 128 (default)
2023-06-01 19:11:14,952 [9ff544a7-6c1c-4ca7-a5dc-e42e2710cacb@group-77F4DA91DDA5-LeaderElection10] INFO  server.RaftServerConfigKeys (ConfUtils.java:logGet(46)) - raft.server.rpc.request.timeout = 60s (custom)
2023-06-01 19:11:14,952 [9ff544a7-6c1c-4ca7-a5dc-e42e2710cacb@group-77F4DA91DDA5-LeaderElection10] INFO  grpc.GrpcConfigKeys (ConfUtils.java:logGet(46)) - raft.grpc.server.install_snapshot.request.element-limit = 8 (default)
2023-06-01 19:11:14,953 [9ff544a7-6c1c-4ca7-a5dc-e42e2710cacb@group-77F4DA91DDA5-LeaderElection10] INFO  grpc.GrpcConfigKeys (ConfUtils.java:logGet(46)) - raft.grpc.server.install_snapshot.request.timeout = 3000ms (default)
2023-06-01 19:11:14,951 [EventQueue-PipelineReportForPipelineReportHandler] INFO  pipeline.PipelineManagerImpl (PipelineManagerImpl.java:openPipeline(367)) - Pipeline Pipeline[ Id: dcaac02a-ac5c-44f1-b323-77f4da91dda5, Nodes: 9ff544a7-6c1c-4ca7-a5dc-e42e2710cacb(fv-az163-187.kzyshwy3mise5klwsllqwzgzyb.cx.internal.cloudapp.net/10.1.0.196)c2c84cb5-dc25-48b6-abcd-2faa62d614c8(fv-az163-187.kzyshwy3mise5klwsllqwzgzyb.cx.internal.cloudapp.net/10.1.0.196)aab6e560-2e42-4217-8e7a-cc5f2733e87a(fv-az163-187.kzyshwy3mise5klwsllqwzgzyb.cx.internal.cloudapp.net/10.1.0.196), ReplicationConfig: RATIS/THREE, State:ALLOCATED, leaderId:9ff544a7-6c1c-4ca7-a5dc-e42e2710cacb, CreationTimestamp2023-06-01T19:11:07.039Z[Etc/UTC]] moved to OPEN state
2023-06-01 19:11:14,953 [9ff544a7-6c1c-4ca7-a5dc-e42e2710cacb@group-77F4DA91DDA5-LeaderElection10] INFO  server.RaftServerConfigKeys (ConfUtils.java:logGet(46)) - raft.server.log.appender.install.snapshot.enabled = false (custom)
2023-06-01 19:11:14,953 [9ff544a7-6c1c-4ca7-a5dc-e42e2710cacb@group-77F4DA91DDA5-LeaderElection10] INFO  grpc.GrpcConfigKeys (ConfUtils.java:logGet(46)) - raft.grpc.server.heartbeat.channel = true (default)
2023-06-01 19:11:14,953 [9ff544a7-6c1c-4ca7-a5dc-e42e2710cacb@group-77F4DA91DDA5-LeaderElection10] INFO  impl.RoleInfo (RoleInfo.java:updateAndGet(139)) - 9ff544a7-6c1c-4ca7-a5dc-e42e2710cacb: start 9ff544a7-6c1c-4ca7-a5dc-e42e2710cacb@group-77F4DA91DDA5-LeaderStateImpl
2023-06-01 19:11:14,953 [9ff544a7-6c1c-4ca7-a5dc-e42e2710cacb@group-77F4DA91DDA5-LeaderElection10] INFO  segmented.SegmentedRaftLogWorker (SegmentedRaftLogWorker.java:startLogSegment(447)) - 9ff544a7-6c1c-4ca7-a5dc-e42e2710cacb@group-77F4DA91DDA5-SegmentedRaftLogWorker: Starting segment from index:0
2023-06-01 19:11:14,954 [9ff544a7-6c1c-4ca7-a5dc-e42e2710cacb@group-77F4DA91DDA5-SegmentedRaftLogWorker] INFO  segmented.SegmentedRaftLogWorker (SegmentedRaftLogWorker.java:execute(651)) - 9ff544a7-6c1c-4ca7-a5dc-e42e2710cacb@group-77F4DA91DDA5-SegmentedRaftLogWorker: created new log segment /home/runner/work/ozone/ozone/hadoop-ozone/integration-test/target/test-dir/MiniOzoneClusterImpl-59aba430-7466-43cf-ac60-ffcd1bd17169/datanode-3/data/ratis/dcaac02a-ac5c-44f1-b323-77f4da91dda5/current/log_inprogress_0
2023-06-01 19:11:14,959 [grpc-default-executor-5] INFO  impl.VoteContext (VoteContext.java:log(49)) - aab6e560-2e42-4217-8e7a-cc5f2733e87a@group-77F4DA91DDA5-FOLLOWER: accept ELECTION from 9ff544a7-6c1c-4ca7-a5dc-e42e2710cacb: our priority 0 <= candidate's priority 1
2023-06-01 19:11:14,959 [grpc-default-executor-5] INFO  server.RaftServer$Division (RaftServerImpl.java:setRole(329)) - aab6e560-2e42-4217-8e7a-cc5f2733e87a@group-77F4DA91DDA5: changes role from  FOLLOWER to FOLLOWER at term 1 for candidate:9ff544a7-6c1c-4ca7-a5dc-e42e2710cacb
2023-06-01 19:11:14,960 [grpc-default-executor-5] INFO  impl.RoleInfo (RoleInfo.java:shutdownFollowerState(110)) - aab6e560-2e42-4217-8e7a-cc5f2733e87a: shutdown aab6e560-2e42-4217-8e7a-cc5f2733e87a@group-77F4DA91DDA5-FollowerState
2023-06-01 19:11:14,960 [grpc-default-executor-5] INFO  impl.RoleInfo (RoleInfo.java:updateAndGet(139)) - aab6e560-2e42-4217-8e7a-cc5f2733e87a: start aab6e560-2e42-4217-8e7a-cc5f2733e87a@group-77F4DA91DDA5-FollowerState
2023-06-01 19:11:14,960 [aab6e560-2e42-4217-8e7a-cc5f2733e87a@group-77F4DA91DDA5-FollowerState] INFO  impl.FollowerState (FollowerState.java:run(152)) - aab6e560-2e42-4217-8e7a-cc5f2733e87a@group-77F4DA91DDA5-FollowerState was interrupted
2023-06-01 19:11:14,964 [9ff544a7-6c1c-4ca7-a5dc-e42e2710cacb@group-77F4DA91DDA5-LeaderElection10] INFO  server.RaftServer$Division (ServerState.java:setRaftConf(434)) - 9ff544a7-6c1c-4ca7-a5dc-e42e2710cacb@group-77F4DA91DDA5: set configuration 0: peers:[c2c84cb5-dc25-48b6-abcd-2faa62d614c8|rpc:10.1.0.196:15050|admin:10.1.0.196:15049|client:10.1.0.196:15048|dataStream:10.1.0.196:15051|priority:0|startupRole:FOLLOWER, 9ff544a7-6c1c-4ca7-a5dc-e42e2710cacb|rpc:10.1.0.196:15041|admin:10.1.0.196:15040|client:10.1.0.196:15039|dataStream:10.1.0.196:15042|priority:1|startupRole:FOLLOWER, aab6e560-2e42-4217-8e7a-cc5f2733e87a|rpc:10.1.0.196:15059|admin:10.1.0.196:15058|client:10.1.0.196:15057|dataStream:10.1.0.196:15060|priority:0|startupRole:FOLLOWER]|listeners:[], old=null
2023-06-01 19:11:14,967 [grpc-default-executor-5] INFO  server.RaftServer$Division (RaftServerImpl.java:requestVote(1335)) - aab6e560-2e42-4217-8e7a-cc5f2733e87a@group-77F4DA91DDA5 replies to ELECTION vote request: 9ff544a7-6c1c-4ca7-a5dc-e42e2710cacb<-aab6e560-2e42-4217-8e7a-cc5f2733e87a#0:OK-t1. Peer's state: aab6e560-2e42-4217-8e7a-cc5f2733e87a@group-77F4DA91DDA5:t1, leader=null, voted=9ff544a7-6c1c-4ca7-a5dc-e42e2710cacb, raftlog=Memoized:aab6e560-2e42-4217-8e7a-cc5f2733e87a@group-77F4DA91DDA5-SegmentedRaftLog:OPENED:c-1, conf=-1: peers:[c2c84cb5-dc25-48b6-abcd-2faa62d614c8|rpc:10.1.0.196:15050|admin:10.1.0.196:15049|client:10.1.0.196:15048|dataStream:10.1.0.196:15051|priority:0|startupRole:FOLLOWER, 9ff544a7-6c1c-4ca7-a5dc-e42e2710cacb|rpc:10.1.0.196:15041|admin:10.1.0.196:15040|client:10.1.0.196:15039|dataStream:10.1.0.196:15042|priority:1|startupRole:FOLLOWER, aab6e560-2e42-4217-8e7a-cc5f2733e87a|rpc:10.1.0.196:15059|admin:10.1.0.196:15058|client:10.1.0.196:15057|dataStream:10.1.0.196:15060|priority:0|startupRole:FOLLOWER]|listeners:[], old=null
2023-06-01 19:11:14,971 [9ff544a7-6c1c-4ca7-a5dc-e42e2710cacb@group-DBA6A5F258BE-FollowerState] INFO  impl.FollowerState (FollowerState.java:run(143)) - 9ff544a7-6c1c-4ca7-a5dc-e42e2710cacb@group-DBA6A5F258BE-FollowerState: change to CANDIDATE, lastRpcElapsedTime:5054332229ns, electionTimeout:5053ms
2023-06-01 19:11:14,971 [9ff544a7-6c1c-4ca7-a5dc-e42e2710cacb@group-DBA6A5F258BE-FollowerState] INFO  impl.RoleInfo (RoleInfo.java:shutdownFollowerState(110)) - 9ff544a7-6c1c-4ca7-a5dc-e42e2710cacb: shutdown 9ff544a7-6c1c-4ca7-a5dc-e42e2710cacb@group-DBA6A5F258BE-FollowerState
2023-06-01 19:11:14,971 [9ff544a7-6c1c-4ca7-a5dc-e42e2710cacb@group-DBA6A5F258BE-FollowerState] INFO  server.RaftServer$Division (RaftServerImpl.java:setRole(329)) - 9ff544a7-6c1c-4ca7-a5dc-e42e2710cacb@group-DBA6A5F258BE: changes role from  FOLLOWER to CANDIDATE at term 0 for changeToCandidate
2023-06-01 19:11:14,971 [9ff544a7-6c1c-4ca7-a5dc-e42e2710cacb@group-DBA6A5F258BE-FollowerState] INFO  server.RaftServerConfigKeys (ConfUtils.java:logGet(46)) - raft.server.leaderelection.pre-vote = true (default)
2023-06-01 19:11:14,971 [9ff544a7-6c1c-4ca7-a5dc-e42e2710cacb@group-DBA6A5F258BE-FollowerState] INFO  impl.RoleInfo (RoleInfo.java:updateAndGet(139)) - 9ff544a7-6c1c-4ca7-a5dc-e42e2710cacb: start 9ff544a7-6c1c-4ca7-a5dc-e42e2710cacb@group-DBA6A5F258BE-LeaderElection11
2023-06-01 19:11:14,984 [c2c84cb5-dc25-48b6-abcd-2faa62d614c8-server-thread1] INFO  ratis.XceiverServerRatis (XceiverServerRatis.java:handleLeaderChangedNotification(902)) - Leader change notification received for group: group-77F4DA91DDA5 with new leaderId: 9ff544a7-6c1c-4ca7-a5dc-e42e2710cacb
2023-06-01 19:11:14,984 [c2c84cb5-dc25-48b6-abcd-2faa62d614c8-server-thread1] INFO  server.RaftServer$Division (ServerState.java:setLeader(317)) - c2c84cb5-dc25-48b6-abcd-2faa62d614c8@group-77F4DA91DDA5: change Leader from null to 9ff544a7-6c1c-4ca7-a5dc-e42e2710cacb at term 1 for appendEntries, leader elected after 5258ms
2023-06-01 19:11:14,987 [aab6e560-2e42-4217-8e7a-cc5f2733e87a-server-thread1] INFO  ratis.XceiverServerRatis (XceiverServerRatis.java:handleLeaderChangedNotification(902)) - Leader change notification received for group: group-77F4DA91DDA5 with new leaderId: 9ff544a7-6c1c-4ca7-a5dc-e42e2710cacb
2023-06-01 19:11:14,987 [aab6e560-2e42-4217-8e7a-cc5f2733e87a-server-thread1] INFO  server.RaftServer$Division (ServerState.java:setLeader(317)) - aab6e560-2e42-4217-8e7a-cc5f2733e87a@group-77F4DA91DDA5: change Leader from null to 9ff544a7-6c1c-4ca7-a5dc-e42e2710cacb at term 1 for appendEntries, leader elected after 5150ms
2023-06-01 19:11:15,002 [9ff544a7-6c1c-4ca7-a5dc-e42e2710cacb@group-DBA6A5F258BE-LeaderElection11] INFO  impl.LeaderElection (LeaderElection.java:askForVotes(321)) - 9ff544a7-6c1c-4ca7-a5dc-e42e2710cacb@group-DBA6A5F258BE-LeaderElection11 PRE_VOTE round 0: submit vote requests at term 0 for -1: peers:[c2c84cb5-dc25-48b6-abcd-2faa62d614c8|rpc:10.1.0.196:15050|admin:10.1.0.196:15049|client:10.1.0.196:15048|dataStream:10.1.0.196:15051|priority:1|startupRole:FOLLOWER, 9ff544a7-6c1c-4ca7-a5dc-e42e2710cacb|rpc:10.1.0.196:15041|admin:10.1.0.196:15040|client:10.1.0.196:15039|dataStream:10.1.0.196:15042|priority:0|startupRole:FOLLOWER, aab6e560-2e42-4217-8e7a-cc5f2733e87a|rpc:10.1.0.196:15059|admin:10.1.0.196:15058|client:10.1.0.196:15057|dataStream:10.1.0.196:15060|priority:0|startupRole:FOLLOWER]|listeners:[], old=null
2023-06-01 19:11:15,006 [9ff544a7-6c1c-4ca7-a5dc-e42e2710cacb@group-DBA6A5F258BE-LeaderElection11] INFO  server.RaftServerConfigKeys (ConfUtils.java:logFallback(53)) - raft.server.rpc.first-election.timeout.min = 5s (fallback to raft.server.rpc.timeout.min)
2023-06-01 19:11:15,007 [9ff544a7-6c1c-4ca7-a5dc-e42e2710cacb@group-DBA6A5F258BE-LeaderElection11] INFO  server.RaftServerConfigKeys (ConfUtils.java:logFallback(53)) - raft.server.rpc.first-election.timeout.max = 5200ms (fallback to raft.server.rpc.timeout.max)
2023-06-01 19:11:15,021 [aab6e560-2e42-4217-8e7a-cc5f2733e87a-server-thread2] INFO  server.RaftServer$Division (ServerState.java:setRaftConf(434)) - aab6e560-2e42-4217-8e7a-cc5f2733e87a@group-77F4DA91DDA5: set configuration 0: peers:[c2c84cb5-dc25-48b6-abcd-2faa62d614c8|rpc:10.1.0.196:15050|admin:10.1.0.196:15049|client:10.1.0.196:15048|dataStream:10.1.0.196:15051|priority:0|startupRole:FOLLOWER, 9ff544a7-6c1c-4ca7-a5dc-e42e2710cacb|rpc:10.1.0.196:15041|admin:10.1.0.196:15040|client:10.1.0.196:15039|dataStream:10.1.0.196:15042|priority:1|startupRole:FOLLOWER, aab6e560-2e42-4217-8e7a-cc5f2733e87a|rpc:10.1.0.196:15059|admin:10.1.0.196:15058|client:10.1.0.196:15057|dataStream:10.1.0.196:15060|priority:0|startupRole:FOLLOWER]|listeners:[], old=null
2023-06-01 19:11:15,021 [aab6e560-2e42-4217-8e7a-cc5f2733e87a-server-thread2] INFO  segmented.SegmentedRaftLogWorker (SegmentedRaftLogWorker.java:startLogSegment(447)) - aab6e560-2e42-4217-8e7a-cc5f2733e87a@group-77F4DA91DDA5-SegmentedRaftLogWorker: Starting segment from index:0
2023-06-01 19:11:15,023 [aab6e560-2e42-4217-8e7a-cc5f2733e87a@group-77F4DA91DDA5-SegmentedRaftLogWorker] INFO  segmented.SegmentedRaftLogWorker (SegmentedRaftLogWorker.java:execute(651)) - aab6e560-2e42-4217-8e7a-cc5f2733e87a@group-77F4DA91DDA5-SegmentedRaftLogWorker: created new log segment /home/runner/work/ozone/ozone/hadoop-ozone/integration-test/target/test-dir/MiniOzoneClusterImpl-59aba430-7466-43cf-ac60-ffcd1bd17169/datanode-5/data/ratis/dcaac02a-ac5c-44f1-b323-77f4da91dda5/current/log_inprogress_0
2023-06-01 19:11:15,041 [c2c84cb5-dc25-48b6-abcd-2faa62d614c8-server-thread2] INFO  server.RaftServer$Division (ServerState.java:setRaftConf(434)) - c2c84cb5-dc25-48b6-abcd-2faa62d614c8@group-77F4DA91DDA5: set configuration 0: peers:[c2c84cb5-dc25-48b6-abcd-2faa62d614c8|rpc:10.1.0.196:15050|admin:10.1.0.196:15049|client:10.1.0.196:15048|dataStream:10.1.0.196:15051|priority:0|startupRole:FOLLOWER, 9ff544a7-6c1c-4ca7-a5dc-e42e2710cacb|rpc:10.1.0.196:15041|admin:10.1.0.196:15040|client:10.1.0.196:15039|dataStream:10.1.0.196:15042|priority:1|startupRole:FOLLOWER, aab6e560-2e42-4217-8e7a-cc5f2733e87a|rpc:10.1.0.196:15059|admin:10.1.0.196:15058|client:10.1.0.196:15057|dataStream:10.1.0.196:15060|priority:0|startupRole:FOLLOWER]|listeners:[], old=null
2023-06-01 19:11:15,042 [c2c84cb5-dc25-48b6-abcd-2faa62d614c8-server-thread2] INFO  segmented.SegmentedRaftLogWorker (SegmentedRaftLogWorker.java:startLogSegment(447)) - c2c84cb5-dc25-48b6-abcd-2faa62d614c8@group-77F4DA91DDA5-SegmentedRaftLogWorker: Starting segment from index:0
2023-06-01 19:11:15,042 [grpc-default-executor-3] INFO  server.RaftServer$Division (RaftServerImpl.java:requestVote(1302)) - aab6e560-2e42-4217-8e7a-cc5f2733e87a@group-DBA6A5F258BE: receive requestVote(PRE_VOTE, 9ff544a7-6c1c-4ca7-a5dc-e42e2710cacb, group-DBA6A5F258BE, 0, (t:0, i:0))
2023-06-01 19:11:15,042 [grpc-default-executor-3] INFO  impl.VoteContext (VoteContext.java:log(49)) - aab6e560-2e42-4217-8e7a-cc5f2733e87a@group-DBA6A5F258BE-FOLLOWER: accept PRE_VOTE from 9ff544a7-6c1c-4ca7-a5dc-e42e2710cacb: our priority 0 <= candidate's priority 0
2023-06-01 19:11:15,042 [grpc-default-executor-3] INFO  server.RaftServer$Division (RaftServerImpl.java:requestVote(1335)) - aab6e560-2e42-4217-8e7a-cc5f2733e87a@group-DBA6A5F258BE replies to PRE_VOTE vote request: 9ff544a7-6c1c-4ca7-a5dc-e42e2710cacb<-aab6e560-2e42-4217-8e7a-cc5f2733e87a#0:OK-t0. Peer's state: aab6e560-2e42-4217-8e7a-cc5f2733e87a@group-DBA6A5F258BE:t0, leader=null, voted=, raftlog=Memoized:aab6e560-2e42-4217-8e7a-cc5f2733e87a@group-DBA6A5F258BE-SegmentedRaftLog:OPENED:c-1, conf=-1: peers:[c2c84cb5-dc25-48b6-abcd-2faa62d614c8|rpc:10.1.0.196:15050|admin:10.1.0.196:15049|client:10.1.0.196:15048|dataStream:10.1.0.196:15051|priority:1|startupRole:FOLLOWER, 9ff544a7-6c1c-4ca7-a5dc-e42e2710cacb|rpc:10.1.0.196:15041|admin:10.1.0.196:15040|client:10.1.0.196:15039|dataStream:10.1.0.196:15042|priority:0|startupRole:FOLLOWER, aab6e560-2e42-4217-8e7a-cc5f2733e87a|rpc:10.1.0.196:15059|admin:10.1.0.196:15058|client:10.1.0.196:15057|dataStream:10.1.0.196:15060|priority:0|startupRole:FOLLOWER]|listeners:[], old=null
2023-06-01 19:11:15,041 [grpc-default-executor-6] INFO  server.RaftServer$Division (RaftServerImpl.java:requestVote(1302)) - c2c84cb5-dc25-48b6-abcd-2faa62d614c8@group-DBA6A5F258BE: receive requestVote(PRE_VOTE, 9ff544a7-6c1c-4ca7-a5dc-e42e2710cacb, group-DBA6A5F258BE, 0, (t:0, i:0))
2023-06-01 19:11:15,043 [grpc-default-executor-6] INFO  impl.VoteContext (VoteContext.java:log(49)) - c2c84cb5-dc25-48b6-abcd-2faa62d614c8@group-DBA6A5F258BE-FOLLOWER: reject PRE_VOTE from 9ff544a7-6c1c-4ca7-a5dc-e42e2710cacb: our priority 1 > candidate's priority 0
2023-06-01 19:11:15,043 [grpc-default-executor-6] INFO  server.RaftServer$Division (RaftServerImpl.java:requestVote(1335)) - c2c84cb5-dc25-48b6-abcd-2faa62d614c8@group-DBA6A5F258BE replies to PRE_VOTE vote request: 9ff544a7-6c1c-4ca7-a5dc-e42e2710cacb<-c2c84cb5-dc25-48b6-abcd-2faa62d614c8#0:FAIL-t0. Peer's state: c2c84cb5-dc25-48b6-abcd-2faa62d614c8@group-DBA6A5F258BE:t0, leader=null, voted=, raftlog=Memoized:c2c84cb5-dc25-48b6-abcd-2faa62d614c8@group-DBA6A5F258BE-SegmentedRaftLog:OPENED:c-1, conf=-1: peers:[c2c84cb5-dc25-48b6-abcd-2faa62d614c8|rpc:10.1.0.196:15050|admin:10.1.0.196:15049|client:10.1.0.196:15048|dataStream:10.1.0.196:15051|priority:1|startupRole:FOLLOWER, 9ff544a7-6c1c-4ca7-a5dc-e42e2710cacb|rpc:10.1.0.196:15041|admin:10.1.0.196:15040|client:10.1.0.196:15039|dataStream:10.1.0.196:15042|priority:0|startupRole:FOLLOWER, aab6e560-2e42-4217-8e7a-cc5f2733e87a|rpc:10.1.0.196:15059|admin:10.1.0.196:15058|client:10.1.0.196:15057|dataStream:10.1.0.196:15060|priority:0|startupRole:FOLLOWER]|listeners:[], old=null
2023-06-01 19:11:15,045 [c2c84cb5-dc25-48b6-abcd-2faa62d614c8@group-77F4DA91DDA5-SegmentedRaftLogWorker] INFO  segmented.SegmentedRaftLogWorker (SegmentedRaftLogWorker.java:execute(651)) - c2c84cb5-dc25-48b6-abcd-2faa62d614c8@group-77F4DA91DDA5-SegmentedRaftLogWorker: created new log segment /home/runner/work/ozone/ozone/hadoop-ozone/integration-test/target/test-dir/MiniOzoneClusterImpl-59aba430-7466-43cf-ac60-ffcd1bd17169/datanode-4/data/ratis/dcaac02a-ac5c-44f1-b323-77f4da91dda5/current/log_inprogress_0
2023-06-01 19:11:15,046 [9ff544a7-6c1c-4ca7-a5dc-e42e2710cacb@group-DBA6A5F258BE-LeaderElection11] INFO  impl.LeaderElection (LeaderElection.java:logAndReturn(90)) - 9ff544a7-6c1c-4ca7-a5dc-e42e2710cacb@group-DBA6A5F258BE-LeaderElection11: PRE_VOTE REJECTED received 2 response(s) and 0 exception(s):
2023-06-01 19:11:15,046 [9ff544a7-6c1c-4ca7-a5dc-e42e2710cacb@group-DBA6A5F258BE-LeaderElection11] INFO  impl.LeaderElection (LeaderElection.java:logAndReturn(94)) -   Response 0: 9ff544a7-6c1c-4ca7-a5dc-e42e2710cacb<-c2c84cb5-dc25-48b6-abcd-2faa62d614c8#0:FAIL-t0
2023-06-01 19:11:15,046 [9ff544a7-6c1c-4ca7-a5dc-e42e2710cacb@group-DBA6A5F258BE-LeaderElection11] INFO  impl.LeaderElection (LeaderElection.java:logAndReturn(94)) -   Response 1: 9ff544a7-6c1c-4ca7-a5dc-e42e2710cacb<-aab6e560-2e42-4217-8e7a-cc5f2733e87a#0:OK-t0
2023-06-01 19:11:15,046 [9ff544a7-6c1c-4ca7-a5dc-e42e2710cacb@group-DBA6A5F258BE-LeaderElection11] INFO  impl.LeaderElection (LeaderElection.java:askForVotes(323)) - 9ff544a7-6c1c-4ca7-a5dc-e42e2710cacb@group-DBA6A5F258BE-LeaderElection11 PRE_VOTE round 0: result REJECTED
2023-06-01 19:11:15,046 [9ff544a7-6c1c-4ca7-a5dc-e42e2710cacb@group-DBA6A5F258BE-LeaderElection11] INFO  server.RaftServer$Division (RaftServerImpl.java:setRole(329)) - 9ff544a7-6c1c-4ca7-a5dc-e42e2710cacb@group-DBA6A5F258BE: changes role from CANDIDATE to FOLLOWER at term 0 for REJECTED
2023-06-01 19:11:15,046 [9ff544a7-6c1c-4ca7-a5dc-e42e2710cacb@group-DBA6A5F258BE-LeaderElection11] INFO  impl.RoleInfo (RoleInfo.java:shutdownLeaderElection(130)) - 9ff544a7-6c1c-4ca7-a5dc-e42e2710cacb: shutdown 9ff544a7-6c1c-4ca7-a5dc-e42e2710cacb@group-DBA6A5F258BE-LeaderElection11
2023-06-01 19:11:15,046 [9ff544a7-6c1c-4ca7-a5dc-e42e2710cacb@group-DBA6A5F258BE-LeaderElection11] INFO  impl.RoleInfo (RoleInfo.java:updateAndGet(139)) - 9ff544a7-6c1c-4ca7-a5dc-e42e2710cacb: start 9ff544a7-6c1c-4ca7-a5dc-e42e2710cacb@group-DBA6A5F258BE-FollowerState
2023-06-01 19:11:15,073 [c2c84cb5-dc25-48b6-abcd-2faa62d614c8@group-DBA6A5F258BE-FollowerState] INFO  impl.FollowerState (FollowerState.java:run(143)) - c2c84cb5-dc25-48b6-abcd-2faa62d614c8@group-DBA6A5F258BE-FollowerState: change to CANDIDATE, lastRpcElapsedTime:5155066649ns, electionTimeout:5149ms
2023-06-01 19:11:15,073 [c2c84cb5-dc25-48b6-abcd-2faa62d614c8@group-DBA6A5F258BE-FollowerState] INFO  impl.RoleInfo (RoleInfo.java:shutdownFollowerState(110)) - c2c84cb5-dc25-48b6-abcd-2faa62d614c8: shutdown c2c84cb5-dc25-48b6-abcd-2faa62d614c8@group-DBA6A5F258BE-FollowerState
2023-06-01 19:11:15,074 [c2c84cb5-dc25-48b6-abcd-2faa62d614c8@group-DBA6A5F258BE-FollowerState] INFO  server.RaftServer$Division (RaftServerImpl.java:setRole(329)) - c2c84cb5-dc25-48b6-abcd-2faa62d614c8@group-DBA6A5F258BE: changes role from  FOLLOWER to CANDIDATE at term 0 for changeToCandidate
2023-06-01 19:11:15,074 [c2c84cb5-dc25-48b6-abcd-2faa62d614c8@group-DBA6A5F258BE-FollowerState] INFO  server.RaftServerConfigKeys (ConfUtils.java:logGet(46)) - raft.server.leaderelection.pre-vote = true (default)
2023-06-01 19:11:15,074 [c2c84cb5-dc25-48b6-abcd-2faa62d614c8@group-DBA6A5F258BE-FollowerState] INFO  impl.RoleInfo (RoleInfo.java:updateAndGet(139)) - c2c84cb5-dc25-48b6-abcd-2faa62d614c8: start c2c84cb5-dc25-48b6-abcd-2faa62d614c8@group-DBA6A5F258BE-LeaderElection12
2023-06-01 19:11:15,080 [c2c84cb5-dc25-48b6-abcd-2faa62d614c8@group-DBA6A5F258BE-LeaderElection12] INFO  impl.LeaderElection (LeaderElection.java:askForVotes(321)) - c2c84cb5-dc25-48b6-abcd-2faa62d614c8@group-DBA6A5F258BE-LeaderElection12 PRE_VOTE round 0: submit vote requests at term 0 for -1: peers:[c2c84cb5-dc25-48b6-abcd-2faa62d614c8|rpc:10.1.0.196:15050|admin:10.1.0.196:15049|client:10.1.0.196:15048|dataStream:10.1.0.196:15051|priority:1|startupRole:FOLLOWER, 9ff544a7-6c1c-4ca7-a5dc-e42e2710cacb|rpc:10.1.0.196:15041|admin:10.1.0.196:15040|client:10.1.0.196:15039|dataStream:10.1.0.196:15042|priority:0|startupRole:FOLLOWER, aab6e560-2e42-4217-8e7a-cc5f2733e87a|rpc:10.1.0.196:15059|admin:10.1.0.196:15058|client:10.1.0.196:15057|dataStream:10.1.0.196:15060|priority:0|startupRole:FOLLOWER]|listeners:[], old=null
2023-06-01 19:11:15,082 [c2c84cb5-dc25-48b6-abcd-2faa62d614c8@group-DBA6A5F258BE-LeaderElection12-1] INFO  server.GrpcServerProtocolClient (GrpcServerProtocolClient.java:<init>(65)) - Build channel for 9ff544a7-6c1c-4ca7-a5dc-e42e2710cacb
2023-06-01 19:11:15,092 [c2c84cb5-dc25-48b6-abcd-2faa62d614c8@group-DBA6A5F258BE-LeaderElection12] INFO  server.RaftServerConfigKeys (ConfUtils.java:logFallback(53)) - raft.server.rpc.first-election.timeout.min = 5s (fallback to raft.server.rpc.timeout.min)
2023-06-01 19:11:15,092 [c2c84cb5-dc25-48b6-abcd-2faa62d614c8@group-DBA6A5F258BE-LeaderElection12] INFO  server.RaftServerConfigKeys (ConfUtils.java:logFallback(53)) - raft.server.rpc.first-election.timeout.max = 5200ms (fallback to raft.server.rpc.timeout.max)
2023-06-01 19:11:15,093 [c2c84cb5-dc25-48b6-abcd-2faa62d614c8@group-DBA6A5F258BE-LeaderElection12-2] INFO  server.GrpcServerProtocolClient (GrpcServerProtocolClient.java:<init>(65)) - Build channel for aab6e560-2e42-4217-8e7a-cc5f2733e87a
2023-06-01 19:11:15,097 [grpc-default-executor-6] INFO  server.RaftServer$Division (RaftServerImpl.java:requestVote(1302)) - 9ff544a7-6c1c-4ca7-a5dc-e42e2710cacb@group-DBA6A5F258BE: receive requestVote(PRE_VOTE, c2c84cb5-dc25-48b6-abcd-2faa62d614c8, group-DBA6A5F258BE, 0, (t:0, i:0))
2023-06-01 19:11:15,097 [grpc-default-executor-6] INFO  impl.VoteContext (VoteContext.java:log(49)) - 9ff544a7-6c1c-4ca7-a5dc-e42e2710cacb@group-DBA6A5F258BE-FOLLOWER: accept PRE_VOTE from c2c84cb5-dc25-48b6-abcd-2faa62d614c8: our priority 0 <= candidate's priority 1
2023-06-01 19:11:15,097 [grpc-default-executor-6] INFO  server.RaftServer$Division (RaftServerImpl.java:requestVote(1335)) - 9ff544a7-6c1c-4ca7-a5dc-e42e2710cacb@group-DBA6A5F258BE replies to PRE_VOTE vote request: c2c84cb5-dc25-48b6-abcd-2faa62d614c8<-9ff544a7-6c1c-4ca7-a5dc-e42e2710cacb#0:OK-t0. Peer's state: 9ff544a7-6c1c-4ca7-a5dc-e42e2710cacb@group-DBA6A5F258BE:t0, leader=null, voted=, raftlog=Memoized:9ff544a7-6c1c-4ca7-a5dc-e42e2710cacb@group-DBA6A5F258BE-SegmentedRaftLog:OPENED:c-1, conf=-1: peers:[c2c84cb5-dc25-48b6-abcd-2faa62d614c8|rpc:10.1.0.196:15050|admin:10.1.0.196:15049|client:10.1.0.196:15048|dataStream:10.1.0.196:15051|priority:1|startupRole:FOLLOWER, 9ff544a7-6c1c-4ca7-a5dc-e42e2710cacb|rpc:10.1.0.196:15041|admin:10.1.0.196:15040|client:10.1.0.196:15039|dataStream:10.1.0.196:15042|priority:0|startupRole:FOLLOWER, aab6e560-2e42-4217-8e7a-cc5f2733e87a|rpc:10.1.0.196:15059|admin:10.1.0.196:15058|client:10.1.0.196:15057|dataStream:10.1.0.196:15060|priority:0|startupRole:FOLLOWER]|listeners:[], old=null
2023-06-01 19:11:15,098 [c2c84cb5-dc25-48b6-abcd-2faa62d614c8@group-DBA6A5F258BE-LeaderElection12] INFO  impl.LeaderElection (LeaderElection.java:logAndReturn(90)) - c2c84cb5-dc25-48b6-abcd-2faa62d614c8@group-DBA6A5F258BE-LeaderElection12: PRE_VOTE PASSED received 1 response(s) and 0 exception(s):
2023-06-01 19:11:15,098 [c2c84cb5-dc25-48b6-abcd-2faa62d614c8@group-DBA6A5F258BE-LeaderElection12] INFO  impl.LeaderElection (LeaderElection.java:logAndReturn(94)) -   Response 0: c2c84cb5-dc25-48b6-abcd-2faa62d614c8<-9ff544a7-6c1c-4ca7-a5dc-e42e2710cacb#0:OK-t0
2023-06-01 19:11:15,099 [c2c84cb5-dc25-48b6-abcd-2faa62d614c8@group-DBA6A5F258BE-LeaderElection12] INFO  impl.LeaderElection (LeaderElection.java:askForVotes(323)) - c2c84cb5-dc25-48b6-abcd-2faa62d614c8@group-DBA6A5F258BE-LeaderElection12 PRE_VOTE round 0: result PASSED
2023-06-01 19:11:15,108 [c2c84cb5-dc25-48b6-abcd-2faa62d614c8@group-DBA6A5F258BE-LeaderElection12] INFO  impl.LeaderElection (LeaderElection.java:askForVotes(321)) - c2c84cb5-dc25-48b6-abcd-2faa62d614c8@group-DBA6A5F258BE-LeaderElection12 ELECTION round 0: submit vote requests at term 1 for -1: peers:[c2c84cb5-dc25-48b6-abcd-2faa62d614c8|rpc:10.1.0.196:15050|admin:10.1.0.196:15049|client:10.1.0.196:15048|dataStream:10.1.0.196:15051|priority:1|startupRole:FOLLOWER, 9ff544a7-6c1c-4ca7-a5dc-e42e2710cacb|rpc:10.1.0.196:15041|admin:10.1.0.196:15040|client:10.1.0.196:15039|dataStream:10.1.0.196:15042|priority:0|startupRole:FOLLOWER, aab6e560-2e42-4217-8e7a-cc5f2733e87a|rpc:10.1.0.196:15059|admin:10.1.0.196:15058|client:10.1.0.196:15057|dataStream:10.1.0.196:15060|priority:0|startupRole:FOLLOWER]|listeners:[], old=null
2023-06-01 19:11:15,108 [c2c84cb5-dc25-48b6-abcd-2faa62d614c8@group-DBA6A5F258BE-LeaderElection12] INFO  server.RaftServerConfigKeys (ConfUtils.java:logFallback(53)) - raft.server.rpc.first-election.timeout.min = 5s (fallback to raft.server.rpc.timeout.min)
2023-06-01 19:11:15,109 [c2c84cb5-dc25-48b6-abcd-2faa62d614c8@group-DBA6A5F258BE-LeaderElection12] INFO  server.RaftServerConfigKeys (ConfUtils.java:logFallback(53)) - raft.server.rpc.first-election.timeout.max = 5200ms (fallback to raft.server.rpc.timeout.max)
2023-06-01 19:11:15,116 [grpc-default-executor-6] INFO  server.RaftServer$Division (RaftServerImpl.java:requestVote(1302)) - aab6e560-2e42-4217-8e7a-cc5f2733e87a@group-DBA6A5F258BE: receive requestVote(PRE_VOTE, c2c84cb5-dc25-48b6-abcd-2faa62d614c8, group-DBA6A5F258BE, 0, (t:0, i:0))
2023-06-01 19:11:15,119 [grpc-default-executor-6] INFO  impl.VoteContext (VoteContext.java:log(49)) - aab6e560-2e42-4217-8e7a-cc5f2733e87a@group-DBA6A5F258BE-FOLLOWER: accept PRE_VOTE from c2c84cb5-dc25-48b6-abcd-2faa62d614c8: our priority 0 <= candidate's priority 1
2023-06-01 19:11:15,120 [grpc-default-executor-6] INFO  server.RaftServer$Division (RaftServerImpl.java:requestVote(1335)) - aab6e560-2e42-4217-8e7a-cc5f2733e87a@group-DBA6A5F258BE replies to PRE_VOTE vote request: c2c84cb5-dc25-48b6-abcd-2faa62d614c8<-aab6e560-2e42-4217-8e7a-cc5f2733e87a#0:OK-t0. Peer's state: aab6e560-2e42-4217-8e7a-cc5f2733e87a@group-DBA6A5F258BE:t0, leader=null, voted=, raftlog=Memoized:aab6e560-2e42-4217-8e7a-cc5f2733e87a@group-DBA6A5F258BE-SegmentedRaftLog:OPENED:c-1, conf=-1: peers:[c2c84cb5-dc25-48b6-abcd-2faa62d614c8|rpc:10.1.0.196:15050|admin:10.1.0.196:15049|client:10.1.0.196:15048|dataStream:10.1.0.196:15051|priority:1|startupRole:FOLLOWER, 9ff544a7-6c1c-4ca7-a5dc-e42e2710cacb|rpc:10.1.0.196:15041|admin:10.1.0.196:15040|client:10.1.0.196:15039|dataStream:10.1.0.196:15042|priority:0|startupRole:FOLLOWER, aab6e560-2e42-4217-8e7a-cc5f2733e87a|rpc:10.1.0.196:15059|admin:10.1.0.196:15058|client:10.1.0.196:15057|dataStream:10.1.0.196:15060|priority:0|startupRole:FOLLOWER]|listeners:[], old=null
2023-06-01 19:11:15,125 [grpc-default-executor-6] INFO  server.RaftServer$Division (RaftServerImpl.java:requestVote(1302)) - 9ff544a7-6c1c-4ca7-a5dc-e42e2710cacb@group-DBA6A5F258BE: receive requestVote(ELECTION, c2c84cb5-dc25-48b6-abcd-2faa62d614c8, group-DBA6A5F258BE, 1, (t:0, i:0))
2023-06-01 19:11:15,125 [grpc-default-executor-6] INFO  impl.VoteContext (VoteContext.java:log(49)) - 9ff544a7-6c1c-4ca7-a5dc-e42e2710cacb@group-DBA6A5F258BE-FOLLOWER: accept ELECTION from c2c84cb5-dc25-48b6-abcd-2faa62d614c8: our priority 0 <= candidate's priority 1
2023-06-01 19:11:15,125 [grpc-default-executor-6] INFO  server.RaftServer$Division (RaftServerImpl.java:setRole(329)) - 9ff544a7-6c1c-4ca7-a5dc-e42e2710cacb@group-DBA6A5F258BE: changes role from  FOLLOWER to FOLLOWER at term 1 for candidate:c2c84cb5-dc25-48b6-abcd-2faa62d614c8
2023-06-01 19:11:15,125 [grpc-default-executor-6] INFO  impl.RoleInfo (RoleInfo.java:shutdownFollowerState(110)) - 9ff544a7-6c1c-4ca7-a5dc-e42e2710cacb: shutdown 9ff544a7-6c1c-4ca7-a5dc-e42e2710cacb@group-DBA6A5F258BE-FollowerState
2023-06-01 19:11:15,125 [grpc-default-executor-6] INFO  impl.RoleInfo (RoleInfo.java:updateAndGet(139)) - 9ff544a7-6c1c-4ca7-a5dc-e42e2710cacb: start 9ff544a7-6c1c-4ca7-a5dc-e42e2710cacb@group-DBA6A5F258BE-FollowerState
2023-06-01 19:11:15,126 [9ff544a7-6c1c-4ca7-a5dc-e42e2710cacb@group-DBA6A5F258BE-FollowerState] INFO  impl.FollowerState (FollowerState.java:run(152)) - 9ff544a7-6c1c-4ca7-a5dc-e42e2710cacb@group-DBA6A5F258BE-FollowerState was interrupted
2023-06-01 19:11:15,128 [grpc-default-executor-6] INFO  server.RaftServer$Division (RaftServerImpl.java:requestVote(1335)) - 9ff544a7-6c1c-4ca7-a5dc-e42e2710cacb@group-DBA6A5F258BE replies to ELECTION vote request: c2c84cb5-dc25-48b6-abcd-2faa62d614c8<-9ff544a7-6c1c-4ca7-a5dc-e42e2710cacb#0:OK-t1. Peer's state: 9ff544a7-6c1c-4ca7-a5dc-e42e2710cacb@group-DBA6A5F258BE:t1, leader=null, voted=c2c84cb5-dc25-48b6-abcd-2faa62d614c8, raftlog=Memoized:9ff544a7-6c1c-4ca7-a5dc-e42e2710cacb@group-DBA6A5F258BE-SegmentedRaftLog:OPENED:c-1, conf=-1: peers:[c2c84cb5-dc25-48b6-abcd-2faa62d614c8|rpc:10.1.0.196:15050|admin:10.1.0.196:15049|client:10.1.0.196:15048|dataStream:10.1.0.196:15051|priority:1|startupRole:FOLLOWER, 9ff544a7-6c1c-4ca7-a5dc-e42e2710cacb|rpc:10.1.0.196:15041|admin:10.1.0.196:15040|client:10.1.0.196:15039|dataStream:10.1.0.196:15042|priority:0|startupRole:FOLLOWER, aab6e560-2e42-4217-8e7a-cc5f2733e87a|rpc:10.1.0.196:15059|admin:10.1.0.196:15058|client:10.1.0.196:15057|dataStream:10.1.0.196:15060|priority:0|startupRole:FOLLOWER]|listeners:[], old=null
2023-06-01 19:11:15,128 [grpc-default-executor-7] INFO  server.RaftServer$Division (RaftServerImpl.java:requestVote(1302)) - aab6e560-2e42-4217-8e7a-cc5f2733e87a@group-DBA6A5F258BE: receive requestVote(ELECTION, c2c84cb5-dc25-48b6-abcd-2faa62d614c8, group-DBA6A5F258BE, 1, (t:0, i:0))
2023-06-01 19:11:15,128 [grpc-default-executor-7] INFO  impl.VoteContext (VoteContext.java:log(49)) - aab6e560-2e42-4217-8e7a-cc5f2733e87a@group-DBA6A5F258BE-FOLLOWER: accept ELECTION from c2c84cb5-dc25-48b6-abcd-2faa62d614c8: our priority 0 <= candidate's priority 1
2023-06-01 19:11:15,128 [grpc-default-executor-7] INFO  server.RaftServer$Division (RaftServerImpl.java:setRole(329)) - aab6e560-2e42-4217-8e7a-cc5f2733e87a@group-DBA6A5F258BE: changes role from  FOLLOWER to FOLLOWER at term 1 for candidate:c2c84cb5-dc25-48b6-abcd-2faa62d614c8
2023-06-01 19:11:15,128 [grpc-default-executor-7] INFO  impl.RoleInfo (RoleInfo.java:shutdownFollowerState(110)) - aab6e560-2e42-4217-8e7a-cc5f2733e87a: shutdown aab6e560-2e42-4217-8e7a-cc5f2733e87a@group-DBA6A5F258BE-FollowerState
2023-06-01 19:11:15,129 [grpc-default-executor-7] INFO  impl.RoleInfo (RoleInfo.java:updateAndGet(139)) - aab6e560-2e42-4217-8e7a-cc5f2733e87a: start aab6e560-2e42-4217-8e7a-cc5f2733e87a@group-DBA6A5F258BE-FollowerState
2023-06-01 19:11:15,129 [aab6e560-2e42-4217-8e7a-cc5f2733e87a@group-DBA6A5F258BE-FollowerState] INFO  impl.FollowerState (FollowerState.java:run(152)) - aab6e560-2e42-4217-8e7a-cc5f2733e87a@group-DBA6A5F258BE-FollowerState was interrupted
2023-06-01 19:11:15,130 [c2c84cb5-dc25-48b6-abcd-2faa62d614c8@group-DBA6A5F258BE-LeaderElection12] INFO  impl.LeaderElection (LeaderElection.java:logAndReturn(90)) - c2c84cb5-dc25-48b6-abcd-2faa62d614c8@group-DBA6A5F258BE-LeaderElection12: ELECTION PASSED received 1 response(s) and 0 exception(s):
2023-06-01 19:11:15,130 [c2c84cb5-dc25-48b6-abcd-2faa62d614c8@group-DBA6A5F258BE-LeaderElection12] INFO  impl.LeaderElection (LeaderElection.java:logAndReturn(94)) -   Response 0: c2c84cb5-dc25-48b6-abcd-2faa62d614c8<-9ff544a7-6c1c-4ca7-a5dc-e42e2710cacb#0:OK-t1
2023-06-01 19:11:15,131 [c2c84cb5-dc25-48b6-abcd-2faa62d614c8@group-DBA6A5F258BE-LeaderElection12] INFO  impl.LeaderElection (LeaderElection.java:askForVotes(323)) - c2c84cb5-dc25-48b6-abcd-2faa62d614c8@group-DBA6A5F258BE-LeaderElection12 ELECTION round 0: result PASSED
2023-06-01 19:11:15,131 [c2c84cb5-dc25-48b6-abcd-2faa62d614c8@group-DBA6A5F258BE-LeaderElection12] INFO  impl.RoleInfo (RoleInfo.java:shutdownLeaderElection(130)) - c2c84cb5-dc25-48b6-abcd-2faa62d614c8: shutdown c2c84cb5-dc25-48b6-abcd-2faa62d614c8@group-DBA6A5F258BE-LeaderElection12
2023-06-01 19:11:15,131 [c2c84cb5-dc25-48b6-abcd-2faa62d614c8@group-DBA6A5F258BE-LeaderElection12] INFO  server.RaftServer$Division (RaftServerImpl.java:setRole(329)) - c2c84cb5-dc25-48b6-abcd-2faa62d614c8@group-DBA6A5F258BE: changes role from CANDIDATE to LEADER at term 1 for changeToLeader
2023-06-01 19:11:15,131 [c2c84cb5-dc25-48b6-abcd-2faa62d614c8@group-DBA6A5F258BE-LeaderElection12] INFO  ratis.XceiverServerRatis (XceiverServerRatis.java:handleLeaderChangedNotification(902)) - Leader change notification received for group: group-DBA6A5F258BE with new leaderId: c2c84cb5-dc25-48b6-abcd-2faa62d614c8
2023-06-01 19:11:15,131 [c2c84cb5-dc25-48b6-abcd-2faa62d614c8@group-DBA6A5F258BE-LeaderElection12] INFO  server.RaftServer$Division (ServerState.java:setLeader(317)) - c2c84cb5-dc25-48b6-abcd-2faa62d614c8@group-DBA6A5F258BE: change Leader from null to c2c84cb5-dc25-48b6-abcd-2faa62d614c8 at term 1 for becomeLeader, leader elected after 5243ms
2023-06-01 19:11:15,131 [c2c84cb5-dc25-48b6-abcd-2faa62d614c8@group-DBA6A5F258BE-LeaderElection12] INFO  server.RaftServerConfigKeys (ConfUtils.java:logGet(46)) - raft.server.staging.catchup.gap = 1000 (default)
2023-06-01 19:11:15,131 [c2c84cb5-dc25-48b6-abcd-2faa62d614c8@group-DBA6A5F258BE-LeaderElection12] INFO  server.RaftServerConfigKeys (ConfUtils.java:logGet(46)) - raft.server.write.element-limit = 1024 (custom)
2023-06-01 19:11:15,131 [c2c84cb5-dc25-48b6-abcd-2faa62d614c8@group-DBA6A5F258BE-LeaderElection12] INFO  server.RaftServerConfigKeys (ConfUtils.java:logGet(46)) - raft.server.write.byte-limit = 1024 M (=1073741824) (custom)
2023-06-01 19:11:15,131 [c2c84cb5-dc25-48b6-abcd-2faa62d614c8@group-DBA6A5F258BE-LeaderElection12] INFO  server.RaftServerConfigKeys (ConfUtils.java:logGet(46)) - raft.server.watch.timeout = 180s (custom)
2023-06-01 19:11:15,131 [c2c84cb5-dc25-48b6-abcd-2faa62d614c8@group-DBA6A5F258BE-LeaderElection12] INFO  server.RaftServerConfigKeys (ConfUtils.java:logGet(46)) - raft.server.watch.timeout.denomination = 1s (default)
2023-06-01 19:11:15,131 [c2c84cb5-dc25-48b6-abcd-2faa62d614c8@group-DBA6A5F258BE-LeaderElection12] INFO  server.RaftServerConfigKeys (ConfUtils.java:logGet(46)) - raft.server.watch.element-limit = 65536 (default)
2023-06-01 19:11:15,131 [c2c84cb5-dc25-48b6-abcd-2faa62d614c8@group-DBA6A5F258BE-LeaderElection12] INFO  server.RaftServerConfigKeys (ConfUtils.java:logGet(46)) - raft.server.write.element-limit = 1024 (custom)
2023-06-01 19:11:15,132 [c2c84cb5-dc25-48b6-abcd-2faa62d614c8@group-DBA6A5F258BE-LeaderElection12] INFO  server.RaftServerConfigKeys (ConfUtils.java:logGet(46)) - raft.server.write.follower.gap.ratio.max = -1.0 (default)
2023-06-01 19:11:15,132 [c2c84cb5-dc25-48b6-abcd-2faa62d614c8@group-DBA6A5F258BE-LeaderElection12] INFO  server.RaftServerConfigKeys (ConfUtils.java:logGet(46)) - raft.server.log.appender.snapshot.chunk.size.max = 16MB (=16777216) (default)
2023-06-01 19:11:15,132 [c2c84cb5-dc25-48b6-abcd-2faa62d614c8@group-DBA6A5F258BE-LeaderElection12] INFO  server.RaftServerConfigKeys (ConfUtils.java:logGet(46)) - raft.server.log.appender.buffer.byte-limit = 33554432 (custom)
2023-06-01 19:11:15,132 [c2c84cb5-dc25-48b6-abcd-2faa62d614c8@group-DBA6A5F258BE-LeaderElection12] INFO  server.RaftServerConfigKeys (ConfUtils.java:logGet(46)) - raft.server.log.appender.buffer.element-limit = 1 (custom)
2023-06-01 19:11:15,132 [c2c84cb5-dc25-48b6-abcd-2faa62d614c8@group-DBA6A5F258BE-LeaderElection12] INFO  server.RaftServerConfigKeys (ConfUtils.java:logGet(46)) - raft.server.log.appender.wait-time.min = 10ms (default)
2023-06-01 19:11:15,132 [c2c84cb5-dc25-48b6-abcd-2faa62d614c8@group-DBA6A5F258BE-LeaderElection12] INFO  grpc.GrpcConfigKeys (ConfUtils.java:logGet(46)) - raft.grpc.server.leader.outstanding.appends.max = 128 (default)
2023-06-01 19:11:15,132 [c2c84cb5-dc25-48b6-abcd-2faa62d614c8@group-DBA6A5F258BE-LeaderElection12] INFO  server.RaftServerConfigKeys (ConfUtils.java:logGet(46)) - raft.server.rpc.request.timeout = 60s (custom)
2023-06-01 19:11:15,132 [c2c84cb5-dc25-48b6-abcd-2faa62d614c8@group-DBA6A5F258BE-LeaderElection12] INFO  grpc.GrpcConfigKeys (ConfUtils.java:logGet(46)) - raft.grpc.server.install_snapshot.request.element-limit = 8 (default)
2023-06-01 19:11:15,132 [c2c84cb5-dc25-48b6-abcd-2faa62d614c8@group-DBA6A5F258BE-LeaderElection12] INFO  grpc.GrpcConfigKeys (ConfUtils.java:logGet(46)) - raft.grpc.server.install_snapshot.request.timeout = 3000ms (default)
2023-06-01 19:11:15,132 [c2c84cb5-dc25-48b6-abcd-2faa62d614c8@group-DBA6A5F258BE-LeaderElection12] INFO  server.RaftServerConfigKeys (ConfUtils.java:logGet(46)) - raft.server.log.appender.install.snapshot.enabled = false (custom)
2023-06-01 19:11:15,132 [c2c84cb5-dc25-48b6-abcd-2faa62d614c8@group-DBA6A5F258BE-LeaderElection12] INFO  grpc.GrpcConfigKeys (ConfUtils.java:logGet(46)) - raft.grpc.server.heartbeat.channel = true (default)
2023-06-01 19:11:15,134 [EventQueue-PipelineReportForPipelineReportHandler] INFO  pipeline.PipelineManagerImpl (PipelineManagerImpl.java:openPipeline(367)) - Pipeline Pipeline[ Id: 5f3f1616-3114-4d92-aa78-dba6a5f258be, Nodes: c2c84cb5-dc25-48b6-abcd-2faa62d614c8(fv-az163-187.kzyshwy3mise5klwsllqwzgzyb.cx.internal.cloudapp.net/10.1.0.196)9ff544a7-6c1c-4ca7-a5dc-e42e2710cacb(fv-az163-187.kzyshwy3mise5klwsllqwzgzyb.cx.internal.cloudapp.net/10.1.0.196)aab6e560-2e42-4217-8e7a-cc5f2733e87a(fv-az163-187.kzyshwy3mise5klwsllqwzgzyb.cx.internal.cloudapp.net/10.1.0.196), ReplicationConfig: RATIS/THREE, State:ALLOCATED, leaderId:c2c84cb5-dc25-48b6-abcd-2faa62d614c8, CreationTimestamp2023-06-01T19:11:07.041Z[Etc/UTC]] moved to OPEN state
2023-06-01 19:11:15,138 [grpc-default-executor-7] INFO  server.RaftServer$Division (RaftServerImpl.java:requestVote(1335)) - aab6e560-2e42-4217-8e7a-cc5f2733e87a@group-DBA6A5F258BE replies to ELECTION vote request: c2c84cb5-dc25-48b6-abcd-2faa62d614c8<-aab6e560-2e42-4217-8e7a-cc5f2733e87a#0:OK-t1. Peer's state: aab6e560-2e42-4217-8e7a-cc5f2733e87a@group-DBA6A5F258BE:t1, leader=null, voted=c2c84cb5-dc25-48b6-abcd-2faa62d614c8, raftlog=Memoized:aab6e560-2e42-4217-8e7a-cc5f2733e87a@group-DBA6A5F258BE-SegmentedRaftLog:OPENED:c-1, conf=-1: peers:[c2c84cb5-dc25-48b6-abcd-2faa62d614c8|rpc:10.1.0.196:15050|admin:10.1.0.196:15049|client:10.1.0.196:15048|dataStream:10.1.0.196:15051|priority:1|startupRole:FOLLOWER, 9ff544a7-6c1c-4ca7-a5dc-e42e2710cacb|rpc:10.1.0.196:15041|admin:10.1.0.196:15040|client:10.1.0.196:15039|dataStream:10.1.0.196:15042|priority:0|startupRole:FOLLOWER, aab6e560-2e42-4217-8e7a-cc5f2733e87a|rpc:10.1.0.196:15059|admin:10.1.0.196:15058|client:10.1.0.196:15057|dataStream:10.1.0.196:15060|priority:0|startupRole:FOLLOWER]|listeners:[], old=null
2023-06-01 19:11:15,140 [c2c84cb5-dc25-48b6-abcd-2faa62d614c8@group-DBA6A5F258BE-LeaderElection12] INFO  server.RaftServerConfigKeys (ConfUtils.java:logGet(46)) - raft.server.log.appender.snapshot.chunk.size.max = 16MB (=16777216) (default)
2023-06-01 19:11:15,140 [c2c84cb5-dc25-48b6-abcd-2faa62d614c8@group-DBA6A5F258BE-LeaderElection12] INFO  server.RaftServerConfigKeys (ConfUtils.java:logGet(46)) - raft.server.log.appender.buffer.byte-limit = 33554432 (custom)
2023-06-01 19:11:15,140 [c2c84cb5-dc25-48b6-abcd-2faa62d614c8@group-DBA6A5F258BE-LeaderElection12] INFO  server.RaftServerConfigKeys (ConfUtils.java:logGet(46)) - raft.server.log.appender.buffer.element-limit = 1 (custom)
2023-06-01 19:11:15,140 [c2c84cb5-dc25-48b6-abcd-2faa62d614c8@group-DBA6A5F258BE-LeaderElection12] INFO  server.RaftServerConfigKeys (ConfUtils.java:logGet(46)) - raft.server.log.appender.wait-time.min = 10ms (default)
2023-06-01 19:11:15,140 [c2c84cb5-dc25-48b6-abcd-2faa62d614c8@group-DBA6A5F258BE-LeaderElection12] INFO  grpc.GrpcConfigKeys (ConfUtils.java:logGet(46)) - raft.grpc.server.leader.outstanding.appends.max = 128 (default)
2023-06-01 19:11:15,140 [c2c84cb5-dc25-48b6-abcd-2faa62d614c8@group-DBA6A5F258BE-LeaderElection12] INFO  server.RaftServerConfigKeys (ConfUtils.java:logGet(46)) - raft.server.rpc.request.timeout = 60s (custom)
2023-06-01 19:11:15,140 [c2c84cb5-dc25-48b6-abcd-2faa62d614c8@group-DBA6A5F258BE-LeaderElection12] INFO  grpc.GrpcConfigKeys (ConfUtils.java:logGet(46)) - raft.grpc.server.install_snapshot.request.element-limit = 8 (default)
2023-06-01 19:11:15,140 [c2c84cb5-dc25-48b6-abcd-2faa62d614c8@group-DBA6A5F258BE-LeaderElection12] INFO  grpc.GrpcConfigKeys (ConfUtils.java:logGet(46)) - raft.grpc.server.install_snapshot.request.timeout = 3000ms (default)
2023-06-01 19:11:15,140 [c2c84cb5-dc25-48b6-abcd-2faa62d614c8@group-DBA6A5F258BE-LeaderElection12] INFO  server.RaftServerConfigKeys (ConfUtils.java:logGet(46)) - raft.server.log.appender.install.snapshot.enabled = false (custom)
2023-06-01 19:11:15,140 [c2c84cb5-dc25-48b6-abcd-2faa62d614c8@group-DBA6A5F258BE-LeaderElection12] INFO  grpc.GrpcConfigKeys (ConfUtils.java:logGet(46)) - raft.grpc.server.heartbeat.channel = true (default)
2023-06-01 19:11:15,140 [c2c84cb5-dc25-48b6-abcd-2faa62d614c8@group-DBA6A5F258BE-LeaderElection12] INFO  impl.RoleInfo (RoleInfo.java:updateAndGet(139)) - c2c84cb5-dc25-48b6-abcd-2faa62d614c8: start c2c84cb5-dc25-48b6-abcd-2faa62d614c8@group-DBA6A5F258BE-LeaderStateImpl
2023-06-01 19:11:15,142 [c2c84cb5-dc25-48b6-abcd-2faa62d614c8@group-DBA6A5F258BE-LeaderElection12] INFO  segmented.SegmentedRaftLogWorker (SegmentedRaftLogWorker.java:startLogSegment(447)) - c2c84cb5-dc25-48b6-abcd-2faa62d614c8@group-DBA6A5F258BE-SegmentedRaftLogWorker: Starting segment from index:0
2023-06-01 19:11:15,143 [c2c84cb5-dc25-48b6-abcd-2faa62d614c8@group-DBA6A5F258BE-SegmentedRaftLogWorker] INFO  segmented.SegmentedRaftLogWorker (SegmentedRaftLogWorker.java:execute(651)) - c2c84cb5-dc25-48b6-abcd-2faa62d614c8@group-DBA6A5F258BE-SegmentedRaftLogWorker: created new log segment /home/runner/work/ozone/ozone/hadoop-ozone/integration-test/target/test-dir/MiniOzoneClusterImpl-59aba430-7466-43cf-ac60-ffcd1bd17169/datanode-4/data/ratis/5f3f1616-3114-4d92-aa78-dba6a5f258be/current/log_inprogress_0
2023-06-01 19:11:15,149 [c2c84cb5-dc25-48b6-abcd-2faa62d614c8@group-DBA6A5F258BE-LeaderElection12] INFO  server.RaftServer$Division (ServerState.java:setRaftConf(434)) - c2c84cb5-dc25-48b6-abcd-2faa62d614c8@group-DBA6A5F258BE: set configuration 0: peers:[c2c84cb5-dc25-48b6-abcd-2faa62d614c8|rpc:10.1.0.196:15050|admin:10.1.0.196:15049|client:10.1.0.196:15048|dataStream:10.1.0.196:15051|priority:1|startupRole:FOLLOWER, 9ff544a7-6c1c-4ca7-a5dc-e42e2710cacb|rpc:10.1.0.196:15041|admin:10.1.0.196:15040|client:10.1.0.196:15039|dataStream:10.1.0.196:15042|priority:0|startupRole:FOLLOWER, aab6e560-2e42-4217-8e7a-cc5f2733e87a|rpc:10.1.0.196:15059|admin:10.1.0.196:15058|client:10.1.0.196:15057|dataStream:10.1.0.196:15060|priority:0|startupRole:FOLLOWER]|listeners:[], old=null
2023-06-01 19:11:15,157 [9ff544a7-6c1c-4ca7-a5dc-e42e2710cacb-server-thread1] INFO  ratis.XceiverServerRatis (XceiverServerRatis.java:handleLeaderChangedNotification(902)) - Leader change notification received for group: group-DBA6A5F258BE with new leaderId: c2c84cb5-dc25-48b6-abcd-2faa62d614c8
2023-06-01 19:11:15,157 [9ff544a7-6c1c-4ca7-a5dc-e42e2710cacb-server-thread1] INFO  server.RaftServer$Division (ServerState.java:setLeader(317)) - 9ff544a7-6c1c-4ca7-a5dc-e42e2710cacb@group-DBA6A5F258BE: change Leader from null to c2c84cb5-dc25-48b6-abcd-2faa62d614c8 at term 1 for appendEntries, leader elected after 5263ms
2023-06-01 19:11:15,164 [aab6e560-2e42-4217-8e7a-cc5f2733e87a-server-thread1] INFO  ratis.XceiverServerRatis (XceiverServerRatis.java:handleLeaderChangedNotification(902)) - Leader change notification received for group: group-DBA6A5F258BE with new leaderId: c2c84cb5-dc25-48b6-abcd-2faa62d614c8
2023-06-01 19:11:15,164 [aab6e560-2e42-4217-8e7a-cc5f2733e87a-server-thread1] INFO  server.RaftServer$Division (ServerState.java:setLeader(317)) - aab6e560-2e42-4217-8e7a-cc5f2733e87a@group-DBA6A5F258BE: change Leader from null to c2c84cb5-dc25-48b6-abcd-2faa62d614c8 at term 1 for appendEntries, leader elected after 5170ms
2023-06-01 19:11:15,167 [9ff544a7-6c1c-4ca7-a5dc-e42e2710cacb-server-thread3] INFO  server.RaftServer$Division (ServerState.java:setRaftConf(434)) - 9ff544a7-6c1c-4ca7-a5dc-e42e2710cacb@group-DBA6A5F258BE: set configuration 0: peers:[c2c84cb5-dc25-48b6-abcd-2faa62d614c8|rpc:10.1.0.196:15050|admin:10.1.0.196:15049|client:10.1.0.196:15048|dataStream:10.1.0.196:15051|priority:1|startupRole:FOLLOWER, 9ff544a7-6c1c-4ca7-a5dc-e42e2710cacb|rpc:10.1.0.196:15041|admin:10.1.0.196:15040|client:10.1.0.196:15039|dataStream:10.1.0.196:15042|priority:0|startupRole:FOLLOWER, aab6e560-2e42-4217-8e7a-cc5f2733e87a|rpc:10.1.0.196:15059|admin:10.1.0.196:15058|client:10.1.0.196:15057|dataStream:10.1.0.196:15060|priority:0|startupRole:FOLLOWER]|listeners:[], old=null
2023-06-01 19:11:15,168 [9ff544a7-6c1c-4ca7-a5dc-e42e2710cacb-server-thread3] INFO  segmented.SegmentedRaftLogWorker (SegmentedRaftLogWorker.java:startLogSegment(447)) - 9ff544a7-6c1c-4ca7-a5dc-e42e2710cacb@group-DBA6A5F258BE-SegmentedRaftLogWorker: Starting segment from index:0
2023-06-01 19:11:15,173 [9ff544a7-6c1c-4ca7-a5dc-e42e2710cacb@group-DBA6A5F258BE-SegmentedRaftLogWorker] INFO  segmented.SegmentedRaftLogWorker (SegmentedRaftLogWorker.java:execute(651)) - 9ff544a7-6c1c-4ca7-a5dc-e42e2710cacb@group-DBA6A5F258BE-SegmentedRaftLogWorker: created new log segment /home/runner/work/ozone/ozone/hadoop-ozone/integration-test/target/test-dir/MiniOzoneClusterImpl-59aba430-7466-43cf-ac60-ffcd1bd17169/datanode-3/data/ratis/5f3f1616-3114-4d92-aa78-dba6a5f258be/current/log_inprogress_0
2023-06-01 19:11:15,176 [aab6e560-2e42-4217-8e7a-cc5f2733e87a-server-thread2] INFO  server.RaftServer$Division (ServerState.java:setRaftConf(434)) - aab6e560-2e42-4217-8e7a-cc5f2733e87a@group-DBA6A5F258BE: set configuration 0: peers:[c2c84cb5-dc25-48b6-abcd-2faa62d614c8|rpc:10.1.0.196:15050|admin:10.1.0.196:15049|client:10.1.0.196:15048|dataStream:10.1.0.196:15051|priority:1|startupRole:FOLLOWER, 9ff544a7-6c1c-4ca7-a5dc-e42e2710cacb|rpc:10.1.0.196:15041|admin:10.1.0.196:15040|client:10.1.0.196:15039|dataStream:10.1.0.196:15042|priority:0|startupRole:FOLLOWER, aab6e560-2e42-4217-8e7a-cc5f2733e87a|rpc:10.1.0.196:15059|admin:10.1.0.196:15058|client:10.1.0.196:15057|dataStream:10.1.0.196:15060|priority:0|startupRole:FOLLOWER]|listeners:[], old=null
2023-06-01 19:11:15,177 [aab6e560-2e42-4217-8e7a-cc5f2733e87a-server-thread2] INFO  segmented.SegmentedRaftLogWorker (SegmentedRaftLogWorker.java:startLogSegment(447)) - aab6e560-2e42-4217-8e7a-cc5f2733e87a@group-DBA6A5F258BE-SegmentedRaftLogWorker: Starting segment from index:0
2023-06-01 19:11:15,178 [aab6e560-2e42-4217-8e7a-cc5f2733e87a@group-DBA6A5F258BE-SegmentedRaftLogWorker] INFO  segmented.SegmentedRaftLogWorker (SegmentedRaftLogWorker.java:execute(651)) - aab6e560-2e42-4217-8e7a-cc5f2733e87a@group-DBA6A5F258BE-SegmentedRaftLogWorker: created new log segment /home/runner/work/ozone/ozone/hadoop-ozone/integration-test/target/test-dir/MiniOzoneClusterImpl-59aba430-7466-43cf-ac60-ffcd1bd17169/datanode-5/data/ratis/5f3f1616-3114-4d92-aa78-dba6a5f258be/current/log_inprogress_0
2023-06-01 19:11:15,267 [main] INFO  rpc.RpcClient (RpcClient.java:createVolume(459)) - Creating Volume: 77c5a8eb-699b-4cb6-b456-e8f5dd8bce14, with runner as owner and space quota set to -1 bytes, counts quota set to -1
2023-06-01 19:11:15,322 [OM StateMachine ApplyTransaction Thread - 0] INFO  volume.OMVolumeCreateRequest (OMVolumeCreateRequest.java:validateAndUpdateCache(196)) - created volume:77c5a8eb-699b-4cb6-b456-e8f5dd8bce14 for user:runner
2023-06-01 19:11:15,349 [main] INFO  rpc.RpcClient (RpcClient.java:createBucket(686)) - Creating Bucket: 77c5a8eb-699b-4cb6-b456-e8f5dd8bce14/77c5a8eb-699b-4cb6-b456-e8f5dd8bce14, with server-side default bucket layout, runner as owner, Versioning false, Storage Type set to DISK and Encryption set to false, Replication Type set to server-side default replication type, Namespace Quota set to -1, Space Quota set to -1 
2023-06-01 19:11:15,362 [OM StateMachine ApplyTransaction Thread - 0] INFO  bucket.OMBucketCreateRequest (OMBucketCreateRequest.java:validateAndUpdateCache(270)) - created bucket: 77c5a8eb-699b-4cb6-b456-e8f5dd8bce14 of layout FILE_SYSTEM_OPTIMIZED in volume: 77c5a8eb-699b-4cb6-b456-e8f5dd8bce14
2023-06-01 19:11:15,427 [main] INFO  rpc.RpcClient (RpcClient.java:createBucket(686)) - Creating Bucket: 77c5a8eb-699b-4cb6-b456-e8f5dd8bce14/863eac3a-530f-450f-ba55-89f17421cd51, with server-side default bucket layout, runner as owner, Versioning false, Storage Type set to DISK and Encryption set to false, Replication Type set to EC, Namespace Quota set to -1, Space Quota set to -1 
2023-06-01 19:11:15,436 [OM StateMachine ApplyTransaction Thread - 0] INFO  bucket.OMBucketCreateRequest (OMBucketCreateRequest.java:validateAndUpdateCache(270)) - created bucket: 863eac3a-530f-450f-ba55-89f17421cd51 of layout FILE_SYSTEM_OPTIMIZED in volume: 77c5a8eb-699b-4cb6-b456-e8f5dd8bce14
2023-06-01 19:11:15,451 [aab6e560-2e42-4217-8e7a-cc5f2733e87a@group-2670E7DB9F10-FollowerState] INFO  impl.FollowerState (FollowerState.java:run(143)) - aab6e560-2e42-4217-8e7a-cc5f2733e87a@group-2670E7DB9F10-FollowerState: change to CANDIDATE, lastRpcElapsedTime:5143500336ns, electionTimeout:5135ms
2023-06-01 19:11:15,451 [aab6e560-2e42-4217-8e7a-cc5f2733e87a@group-2670E7DB9F10-FollowerState] INFO  impl.RoleInfo (RoleInfo.java:shutdownFollowerState(110)) - aab6e560-2e42-4217-8e7a-cc5f2733e87a: shutdown aab6e560-2e42-4217-8e7a-cc5f2733e87a@group-2670E7DB9F10-FollowerState
2023-06-01 19:11:15,451 [aab6e560-2e42-4217-8e7a-cc5f2733e87a@group-2670E7DB9F10-FollowerState] INFO  server.RaftServer$Division (RaftServerImpl.java:setRole(329)) - aab6e560-2e42-4217-8e7a-cc5f2733e87a@group-2670E7DB9F10: changes role from  FOLLOWER to CANDIDATE at term 0 for changeToCandidate
2023-06-01 19:11:15,451 [aab6e560-2e42-4217-8e7a-cc5f2733e87a@group-2670E7DB9F10-FollowerState] INFO  server.RaftServerConfigKeys (ConfUtils.java:logGet(46)) - raft.server.leaderelection.pre-vote = true (default)
2023-06-01 19:11:15,451 [aab6e560-2e42-4217-8e7a-cc5f2733e87a@group-2670E7DB9F10-FollowerState] INFO  impl.RoleInfo (RoleInfo.java:updateAndGet(139)) - aab6e560-2e42-4217-8e7a-cc5f2733e87a: start aab6e560-2e42-4217-8e7a-cc5f2733e87a@group-2670E7DB9F10-LeaderElection13
2023-06-01 19:11:15,453 [aab6e560-2e42-4217-8e7a-cc5f2733e87a@group-2670E7DB9F10-LeaderElection13] INFO  impl.LeaderElection (LeaderElection.java:askForVotes(321)) - aab6e560-2e42-4217-8e7a-cc5f2733e87a@group-2670E7DB9F10-LeaderElection13 PRE_VOTE round 0: submit vote requests at term 0 for -1: peers:[aab6e560-2e42-4217-8e7a-cc5f2733e87a|rpc:10.1.0.196:15059|admin:10.1.0.196:15058|client:10.1.0.196:15057|dataStream:10.1.0.196:15060|priority:1|startupRole:FOLLOWER]|listeners:[], old=null
2023-06-01 19:11:15,453 [aab6e560-2e42-4217-8e7a-cc5f2733e87a@group-2670E7DB9F10-LeaderElection13] INFO  impl.LeaderElection (LeaderElection.java:askForVotes(323)) - aab6e560-2e42-4217-8e7a-cc5f2733e87a@group-2670E7DB9F10-LeaderElection13 PRE_VOTE round 0: result PASSED (term=0)
2023-06-01 19:11:15,454 [aab6e560-2e42-4217-8e7a-cc5f2733e87a@group-2670E7DB9F10-LeaderElection13] INFO  impl.LeaderElection (LeaderElection.java:askForVotes(321)) - aab6e560-2e42-4217-8e7a-cc5f2733e87a@group-2670E7DB9F10-LeaderElection13 ELECTION round 0: submit vote requests at term 1 for -1: peers:[aab6e560-2e42-4217-8e7a-cc5f2733e87a|rpc:10.1.0.196:15059|admin:10.1.0.196:15058|client:10.1.0.196:15057|dataStream:10.1.0.196:15060|priority:1|startupRole:FOLLOWER]|listeners:[], old=null
2023-06-01 19:11:15,454 [aab6e560-2e42-4217-8e7a-cc5f2733e87a@group-2670E7DB9F10-LeaderElection13] INFO  impl.LeaderElection (LeaderElection.java:askForVotes(323)) - aab6e560-2e42-4217-8e7a-cc5f2733e87a@group-2670E7DB9F10-LeaderElection13 ELECTION round 0: result PASSED (term=1)
2023-06-01 19:11:15,454 [aab6e560-2e42-4217-8e7a-cc5f2733e87a@group-2670E7DB9F10-LeaderElection13] INFO  impl.RoleInfo (RoleInfo.java:shutdownLeaderElection(130)) - aab6e560-2e42-4217-8e7a-cc5f2733e87a: shutdown aab6e560-2e42-4217-8e7a-cc5f2733e87a@group-2670E7DB9F10-LeaderElection13
2023-06-01 19:11:15,454 [aab6e560-2e42-4217-8e7a-cc5f2733e87a@group-2670E7DB9F10-LeaderElection13] INFO  server.RaftServer$Division (RaftServerImpl.java:setRole(329)) - aab6e560-2e42-4217-8e7a-cc5f2733e87a@group-2670E7DB9F10: changes role from CANDIDATE to LEADER at term 1 for changeToLeader
2023-06-01 19:11:15,454 [aab6e560-2e42-4217-8e7a-cc5f2733e87a@group-2670E7DB9F10-LeaderElection13] INFO  ratis.XceiverServerRatis (XceiverServerRatis.java:handleLeaderChangedNotification(902)) - Leader change notification received for group: group-2670E7DB9F10 with new leaderId: aab6e560-2e42-4217-8e7a-cc5f2733e87a
2023-06-01 19:11:15,454 [aab6e560-2e42-4217-8e7a-cc5f2733e87a@group-2670E7DB9F10-LeaderElection13] INFO  server.RaftServer$Division (ServerState.java:setLeader(317)) - aab6e560-2e42-4217-8e7a-cc5f2733e87a@group-2670E7DB9F10: change Leader from null to aab6e560-2e42-4217-8e7a-cc5f2733e87a at term 1 for becomeLeader, leader elected after 5414ms
2023-06-01 19:11:15,454 [aab6e560-2e42-4217-8e7a-cc5f2733e87a@group-2670E7DB9F10-LeaderElection13] INFO  server.RaftServerConfigKeys (ConfUtils.java:logGet(46)) - raft.server.staging.catchup.gap = 1000 (default)
2023-06-01 19:11:15,455 [aab6e560-2e42-4217-8e7a-cc5f2733e87a@group-2670E7DB9F10-LeaderElection13] INFO  server.RaftServerConfigKeys (ConfUtils.java:logGet(46)) - raft.server.write.element-limit = 1024 (custom)
2023-06-01 19:11:15,455 [aab6e560-2e42-4217-8e7a-cc5f2733e87a@group-2670E7DB9F10-LeaderElection13] INFO  server.RaftServerConfigKeys (ConfUtils.java:logGet(46)) - raft.server.write.byte-limit = 1024 M (=1073741824) (custom)
2023-06-01 19:11:15,456 [aab6e560-2e42-4217-8e7a-cc5f2733e87a@group-2670E7DB9F10-LeaderElection13] INFO  server.RaftServerConfigKeys (ConfUtils.java:logGet(46)) - raft.server.watch.timeout = 180s (custom)
2023-06-01 19:11:15,456 [aab6e560-2e42-4217-8e7a-cc5f2733e87a@group-2670E7DB9F10-LeaderElection13] INFO  server.RaftServerConfigKeys (ConfUtils.java:logGet(46)) - raft.server.watch.timeout.denomination = 1s (default)
2023-06-01 19:11:15,456 [aab6e560-2e42-4217-8e7a-cc5f2733e87a@group-2670E7DB9F10-LeaderElection13] INFO  server.RaftServerConfigKeys (ConfUtils.java:logGet(46)) - raft.server.watch.element-limit = 65536 (default)
2023-06-01 19:11:15,456 [aab6e560-2e42-4217-8e7a-cc5f2733e87a@group-2670E7DB9F10-LeaderElection13] INFO  server.RaftServerConfigKeys (ConfUtils.java:logGet(46)) - raft.server.write.element-limit = 1024 (custom)
2023-06-01 19:11:15,456 [aab6e560-2e42-4217-8e7a-cc5f2733e87a@group-2670E7DB9F10-LeaderElection13] INFO  server.RaftServerConfigKeys (ConfUtils.java:logGet(46)) - raft.server.write.follower.gap.ratio.max = -1.0 (default)
2023-06-01 19:11:15,456 [aab6e560-2e42-4217-8e7a-cc5f2733e87a@group-2670E7DB9F10-LeaderElection13] INFO  impl.RoleInfo (RoleInfo.java:updateAndGet(139)) - aab6e560-2e42-4217-8e7a-cc5f2733e87a: start aab6e560-2e42-4217-8e7a-cc5f2733e87a@group-2670E7DB9F10-LeaderStateImpl
2023-06-01 19:11:15,457 [aab6e560-2e42-4217-8e7a-cc5f2733e87a@group-2670E7DB9F10-LeaderElection13] INFO  segmented.SegmentedRaftLogWorker (SegmentedRaftLogWorker.java:startLogSegment(447)) - aab6e560-2e42-4217-8e7a-cc5f2733e87a@group-2670E7DB9F10-SegmentedRaftLogWorker: Starting segment from index:0
2023-06-01 19:11:15,457 [aab6e560-2e42-4217-8e7a-cc5f2733e87a@group-2670E7DB9F10-SegmentedRaftLogWorker] INFO  segmented.SegmentedRaftLogWorker (SegmentedRaftLogWorker.java:execute(651)) - aab6e560-2e42-4217-8e7a-cc5f2733e87a@group-2670E7DB9F10-SegmentedRaftLogWorker: created new log segment /home/runner/work/ozone/ozone/hadoop-ozone/integration-test/target/test-dir/MiniOzoneClusterImpl-59aba430-7466-43cf-ac60-ffcd1bd17169/datanode-5/data/ratis/ee0dddb1-03e5-4e41-ad3d-2670e7db9f10/current/log_inprogress_0
2023-06-01 19:11:15,459 [aab6e560-2e42-4217-8e7a-cc5f2733e87a@group-2670E7DB9F10-LeaderElection13] INFO  server.RaftServer$Division (ServerState.java:setRaftConf(434)) - aab6e560-2e42-4217-8e7a-cc5f2733e87a@group-2670E7DB9F10: set configuration 0: peers:[aab6e560-2e42-4217-8e7a-cc5f2733e87a|rpc:10.1.0.196:15059|admin:10.1.0.196:15058|client:10.1.0.196:15057|dataStream:10.1.0.196:15060|priority:1|startupRole:FOLLOWER]|listeners:[], old=null
2023-06-01 19:11:15,508 [IPC Server handler 0 on default port 15001] INFO  pipeline.PipelineStateManagerImpl (PipelineStateManagerImpl.java:addPipeline(103)) - Created pipeline Pipeline[ Id: 26401357-b866-4ecb-8421-6e92065ebe92, Nodes: fac1c7af-03c1-44bd-b323-3796df9c2435(fv-az163-187.kzyshwy3mise5klwsllqwzgzyb.cx.internal.cloudapp.net/10.1.0.196)9125f905-aa43-4d0f-845d-e6cfd4dab0cd(fv-az163-187.kzyshwy3mise5klwsllqwzgzyb.cx.internal.cloudapp.net/10.1.0.196)9ff544a7-6c1c-4ca7-a5dc-e42e2710cacb(fv-az163-187.kzyshwy3mise5klwsllqwzgzyb.cx.internal.cloudapp.net/10.1.0.196)b39db728-622c-42ae-954c-bd0dbc524ba7(fv-az163-187.kzyshwy3mise5klwsllqwzgzyb.cx.internal.cloudapp.net/10.1.0.196)c686f304-079c-4e24-9d21-fd4c36dc1242(fv-az163-187.kzyshwy3mise5klwsllqwzgzyb.cx.internal.cloudapp.net/10.1.0.196), ReplicationConfig: EC{rs-3-2-1024k}, State:ALLOCATED, leaderId:, CreationTimestamp2023-06-01T19:11:15.507Z[Etc/UTC]].
2023-06-01 19:11:15,509 [IPC Server handler 0 on default port 15001] INFO  ha.SequenceIdGenerator (SequenceIdGenerator.java:getNextId(128)) - Allocate a batch for containerId, change lastId from 0 to 1000.
2023-06-01 19:11:15,519 [IPC Server handler 0 on default port 15001] INFO  pipeline.PipelineManagerImpl (PipelineManagerImpl.java:openPipeline(367)) - Pipeline Pipeline[ Id: 26401357-b866-4ecb-8421-6e92065ebe92, Nodes: fac1c7af-03c1-44bd-b323-3796df9c2435(fv-az163-187.kzyshwy3mise5klwsllqwzgzyb.cx.internal.cloudapp.net/10.1.0.196)9125f905-aa43-4d0f-845d-e6cfd4dab0cd(fv-az163-187.kzyshwy3mise5klwsllqwzgzyb.cx.internal.cloudapp.net/10.1.0.196)9ff544a7-6c1c-4ca7-a5dc-e42e2710cacb(fv-az163-187.kzyshwy3mise5klwsllqwzgzyb.cx.internal.cloudapp.net/10.1.0.196)b39db728-622c-42ae-954c-bd0dbc524ba7(fv-az163-187.kzyshwy3mise5klwsllqwzgzyb.cx.internal.cloudapp.net/10.1.0.196)c686f304-079c-4e24-9d21-fd4c36dc1242(fv-az163-187.kzyshwy3mise5klwsllqwzgzyb.cx.internal.cloudapp.net/10.1.0.196), ReplicationConfig: EC{rs-3-2-1024k}, State:ALLOCATED, leaderId:, CreationTimestamp2023-06-01T19:11:15.507Z[Etc/UTC]] moved to OPEN state
2023-06-01 19:11:15,520 [IPC Server handler 0 on default port 15001] WARN  ha.SequenceIdGenerator (SequenceIdGenerator.java:allocateBatch(237)) - Failed to allocate a batch for localId, expected lastId is 0, actual lastId is 111677748019200000.
2023-06-01 19:11:15,520 [IPC Server handler 0 on default port 15001] INFO  ha.SequenceIdGenerator (SequenceIdGenerator.java:getNextId(128)) - Allocate a batch for localId, change lastId from 111677748019200000 to 111677748019201000.
2023-06-01 19:11:15,607 [36cbda38-693f-49bb-be1a-3256c6faae50@group-01A26A1161CC-FollowerState] INFO  impl.FollowerState (FollowerState.java:run(143)) - 36cbda38-693f-49bb-be1a-3256c6faae50@group-01A26A1161CC-FollowerState: change to CANDIDATE, lastRpcElapsedTime:5153711164ns, electionTimeout:5145ms
2023-06-01 19:11:15,607 [36cbda38-693f-49bb-be1a-3256c6faae50@group-01A26A1161CC-FollowerState] INFO  impl.RoleInfo (RoleInfo.java:shutdownFollowerState(110)) - 36cbda38-693f-49bb-be1a-3256c6faae50: shutdown 36cbda38-693f-49bb-be1a-3256c6faae50@group-01A26A1161CC-FollowerState
2023-06-01 19:11:15,607 [36cbda38-693f-49bb-be1a-3256c6faae50@group-01A26A1161CC-FollowerState] INFO  server.RaftServer$Division (RaftServerImpl.java:setRole(329)) - 36cbda38-693f-49bb-be1a-3256c6faae50@group-01A26A1161CC: changes role from  FOLLOWER to CANDIDATE at term 0 for changeToCandidate
2023-06-01 19:11:15,607 [36cbda38-693f-49bb-be1a-3256c6faae50@group-01A26A1161CC-FollowerState] INFO  server.RaftServerConfigKeys (ConfUtils.java:logGet(46)) - raft.server.leaderelection.pre-vote = true (default)
2023-06-01 19:11:15,607 [36cbda38-693f-49bb-be1a-3256c6faae50@group-01A26A1161CC-FollowerState] INFO  impl.RoleInfo (RoleInfo.java:updateAndGet(139)) - 36cbda38-693f-49bb-be1a-3256c6faae50: start 36cbda38-693f-49bb-be1a-3256c6faae50@group-01A26A1161CC-LeaderElection14
2023-06-01 19:11:15,607 [9125f905-aa43-4d0f-845d-e6cfd4dab0cd@group-54B8E535DF2F-FollowerState] INFO  impl.FollowerState (FollowerState.java:run(143)) - 9125f905-aa43-4d0f-845d-e6cfd4dab0cd@group-54B8E535DF2F-FollowerState: change to CANDIDATE, lastRpcElapsedTime:5089276113ns, electionTimeout:5088ms
2023-06-01 19:11:15,608 [9125f905-aa43-4d0f-845d-e6cfd4dab0cd@group-54B8E535DF2F-FollowerState] INFO  impl.RoleInfo (RoleInfo.java:shutdownFollowerState(110)) - 9125f905-aa43-4d0f-845d-e6cfd4dab0cd: shutdown 9125f905-aa43-4d0f-845d-e6cfd4dab0cd@group-54B8E535DF2F-FollowerState
2023-06-01 19:11:15,608 [9125f905-aa43-4d0f-845d-e6cfd4dab0cd@group-54B8E535DF2F-FollowerState] INFO  server.RaftServer$Division (RaftServerImpl.java:setRole(329)) - 9125f905-aa43-4d0f-845d-e6cfd4dab0cd@group-54B8E535DF2F: changes role from  FOLLOWER to CANDIDATE at term 0 for changeToCandidate
2023-06-01 19:11:15,611 [9125f905-aa43-4d0f-845d-e6cfd4dab0cd@group-54B8E535DF2F-FollowerState] INFO  server.RaftServerConfigKeys (ConfUtils.java:logGet(46)) - raft.server.leaderelection.pre-vote = true (default)
2023-06-01 19:11:15,611 [9125f905-aa43-4d0f-845d-e6cfd4dab0cd@group-54B8E535DF2F-FollowerState] INFO  impl.RoleInfo (RoleInfo.java:updateAndGet(139)) - 9125f905-aa43-4d0f-845d-e6cfd4dab0cd: start 9125f905-aa43-4d0f-845d-e6cfd4dab0cd@group-54B8E535DF2F-LeaderElection15
2023-06-01 19:11:15,612 [36cbda38-693f-49bb-be1a-3256c6faae50@group-54B8E535DF2F-FollowerState] INFO  impl.FollowerState (FollowerState.java:run(143)) - 36cbda38-693f-49bb-be1a-3256c6faae50@group-54B8E535DF2F-FollowerState: change to CANDIDATE, lastRpcElapsedTime:5133821283ns, electionTimeout:5129ms
2023-06-01 19:11:15,613 [36cbda38-693f-49bb-be1a-3256c6faae50@group-54B8E535DF2F-FollowerState] INFO  impl.RoleInfo (RoleInfo.java:shutdownFollowerState(110)) - 36cbda38-693f-49bb-be1a-3256c6faae50: shutdown 36cbda38-693f-49bb-be1a-3256c6faae50@group-54B8E535DF2F-FollowerState
2023-06-01 19:11:15,613 [36cbda38-693f-49bb-be1a-3256c6faae50@group-54B8E535DF2F-FollowerState] INFO  server.RaftServer$Division (RaftServerImpl.java:setRole(329)) - 36cbda38-693f-49bb-be1a-3256c6faae50@group-54B8E535DF2F: changes role from  FOLLOWER to CANDIDATE at term 0 for changeToCandidate
2023-06-01 19:11:15,613 [b39db728-622c-42ae-954c-bd0dbc524ba7@group-54B8E535DF2F-FollowerState] INFO  impl.FollowerState (FollowerState.java:run(143)) - b39db728-622c-42ae-954c-bd0dbc524ba7@group-54B8E535DF2F-FollowerState: change to CANDIDATE, lastRpcElapsedTime:5040433418ns, electionTimeout:5039ms
2023-06-01 19:11:15,613 [b39db728-622c-42ae-954c-bd0dbc524ba7@group-54B8E535DF2F-FollowerState] INFO  impl.RoleInfo (RoleInfo.java:shutdownFollowerState(110)) - b39db728-622c-42ae-954c-bd0dbc524ba7: shutdown b39db728-622c-42ae-954c-bd0dbc524ba7@group-54B8E535DF2F-FollowerState
2023-06-01 19:11:15,613 [b39db728-622c-42ae-954c-bd0dbc524ba7@group-54B8E535DF2F-FollowerState] INFO  server.RaftServer$Division (RaftServerImpl.java:setRole(329)) - b39db728-622c-42ae-954c-bd0dbc524ba7@group-54B8E535DF2F: changes role from  FOLLOWER to CANDIDATE at term 0 for changeToCandidate
2023-06-01 19:11:15,615 [b39db728-622c-42ae-954c-bd0dbc524ba7@group-54B8E535DF2F-FollowerState] INFO  server.RaftServerConfigKeys (ConfUtils.java:logGet(46)) - raft.server.leaderelection.pre-vote = true (default)
2023-06-01 19:11:15,615 [b39db728-622c-42ae-954c-bd0dbc524ba7@group-54B8E535DF2F-FollowerState] INFO  impl.RoleInfo (RoleInfo.java:updateAndGet(139)) - b39db728-622c-42ae-954c-bd0dbc524ba7: start b39db728-622c-42ae-954c-bd0dbc524ba7@group-54B8E535DF2F-LeaderElection17
2023-06-01 19:11:15,617 [main] WARN  erasurecode.ErasureCodeNative (ErasureCodeNative.java:<clinit>(55)) - ISA-L support is not available in your platform... using builtin-java codec where applicable
2023-06-01 19:11:15,619 [36cbda38-693f-49bb-be1a-3256c6faae50@group-54B8E535DF2F-FollowerState] INFO  server.RaftServerConfigKeys (ConfUtils.java:logGet(46)) - raft.server.leaderelection.pre-vote = true (default)
2023-06-01 19:11:15,619 [36cbda38-693f-49bb-be1a-3256c6faae50@group-54B8E535DF2F-FollowerState] INFO  impl.RoleInfo (RoleInfo.java:updateAndGet(139)) - 36cbda38-693f-49bb-be1a-3256c6faae50: start 36cbda38-693f-49bb-be1a-3256c6faae50@group-54B8E535DF2F-LeaderElection16
2023-06-01 19:11:15,626 [36cbda38-693f-49bb-be1a-3256c6faae50@group-01A26A1161CC-LeaderElection14] INFO  impl.LeaderElection (LeaderElection.java:askForVotes(321)) - 36cbda38-693f-49bb-be1a-3256c6faae50@group-01A26A1161CC-LeaderElection14 PRE_VOTE round 0: submit vote requests at term 0 for -1: peers:[36cbda38-693f-49bb-be1a-3256c6faae50|rpc:10.1.0.196:15068|admin:10.1.0.196:15067|client:10.1.0.196:15066|dataStream:10.1.0.196:15069|priority:1|startupRole:FOLLOWER]|listeners:[], old=null
2023-06-01 19:11:15,626 [36cbda38-693f-49bb-be1a-3256c6faae50@group-01A26A1161CC-LeaderElection14] INFO  impl.LeaderElection (LeaderElection.java:askForVotes(323)) - 36cbda38-693f-49bb-be1a-3256c6faae50@group-01A26A1161CC-LeaderElection14 PRE_VOTE round 0: result PASSED (term=0)
2023-06-01 19:11:15,627 [9125f905-aa43-4d0f-845d-e6cfd4dab0cd@group-54B8E535DF2F-LeaderElection15] INFO  impl.LeaderElection (LeaderElection.java:askForVotes(321)) - 9125f905-aa43-4d0f-845d-e6cfd4dab0cd@group-54B8E535DF2F-LeaderElection15 PRE_VOTE round 0: submit vote requests at term 0 for -1: peers:[b39db728-622c-42ae-954c-bd0dbc524ba7|rpc:10.1.0.196:15086|admin:10.1.0.196:15085|client:10.1.0.196:15084|dataStream:10.1.0.196:15087|priority:0|startupRole:FOLLOWER, 9125f905-aa43-4d0f-845d-e6cfd4dab0cd|rpc:10.1.0.196:15077|admin:10.1.0.196:15076|client:10.1.0.196:15075|dataStream:10.1.0.196:15078|priority:0|startupRole:FOLLOWER, 36cbda38-693f-49bb-be1a-3256c6faae50|rpc:10.1.0.196:15068|admin:10.1.0.196:15067|client:10.1.0.196:15066|dataStream:10.1.0.196:15069|priority:1|startupRole:FOLLOWER]|listeners:[], old=null
2023-06-01 19:11:15,629 [9125f905-aa43-4d0f-845d-e6cfd4dab0cd@group-54B8E535DF2F-LeaderElection15-1] INFO  server.GrpcServerProtocolClient (GrpcServerProtocolClient.java:<init>(65)) - Build channel for b39db728-622c-42ae-954c-bd0dbc524ba7
2023-06-01 19:11:15,629 [b39db728-622c-42ae-954c-bd0dbc524ba7@group-54B8E535DF2F-LeaderElection17] INFO  impl.LeaderElection (LeaderElection.java:askForVotes(321)) - b39db728-622c-42ae-954c-bd0dbc524ba7@group-54B8E535DF2F-LeaderElection17 PRE_VOTE round 0: submit vote requests at term 0 for -1: peers:[b39db728-622c-42ae-954c-bd0dbc524ba7|rpc:10.1.0.196:15086|admin:10.1.0.196:15085|client:10.1.0.196:15084|dataStream:10.1.0.196:15087|priority:0|startupRole:FOLLOWER, 9125f905-aa43-4d0f-845d-e6cfd4dab0cd|rpc:10.1.0.196:15077|admin:10.1.0.196:15076|client:10.1.0.196:15075|dataStream:10.1.0.196:15078|priority:0|startupRole:FOLLOWER, 36cbda38-693f-49bb-be1a-3256c6faae50|rpc:10.1.0.196:15068|admin:10.1.0.196:15067|client:10.1.0.196:15066|dataStream:10.1.0.196:15069|priority:1|startupRole:FOLLOWER]|listeners:[], old=null
2023-06-01 19:11:15,630 [36cbda38-693f-49bb-be1a-3256c6faae50@group-01A26A1161CC-LeaderElection14] INFO  impl.LeaderElection (LeaderElection.java:askForVotes(321)) - 36cbda38-693f-49bb-be1a-3256c6faae50@group-01A26A1161CC-LeaderElection14 ELECTION round 0: submit vote requests at term 1 for -1: peers:[36cbda38-693f-49bb-be1a-3256c6faae50|rpc:10.1.0.196:15068|admin:10.1.0.196:15067|client:10.1.0.196:15066|dataStream:10.1.0.196:15069|priority:1|startupRole:FOLLOWER]|listeners:[], old=null
2023-06-01 19:11:15,630 [36cbda38-693f-49bb-be1a-3256c6faae50@group-01A26A1161CC-LeaderElection14] INFO  impl.LeaderElection (LeaderElection.java:askForVotes(323)) - 36cbda38-693f-49bb-be1a-3256c6faae50@group-01A26A1161CC-LeaderElection14 ELECTION round 0: result PASSED (term=1)
2023-06-01 19:11:15,630 [36cbda38-693f-49bb-be1a-3256c6faae50@group-01A26A1161CC-LeaderElection14] INFO  impl.RoleInfo (RoleInfo.java:shutdownLeaderElection(130)) - 36cbda38-693f-49bb-be1a-3256c6faae50: shutdown 36cbda38-693f-49bb-be1a-3256c6faae50@group-01A26A1161CC-LeaderElection14
2023-06-01 19:11:15,630 [36cbda38-693f-49bb-be1a-3256c6faae50@group-01A26A1161CC-LeaderElection14] INFO  server.RaftServer$Division (RaftServerImpl.java:setRole(329)) - 36cbda38-693f-49bb-be1a-3256c6faae50@group-01A26A1161CC: changes role from CANDIDATE to LEADER at term 1 for changeToLeader
2023-06-01 19:11:15,630 [36cbda38-693f-49bb-be1a-3256c6faae50@group-01A26A1161CC-LeaderElection14] INFO  ratis.XceiverServerRatis (XceiverServerRatis.java:handleLeaderChangedNotification(902)) - Leader change notification received for group: group-01A26A1161CC with new leaderId: 36cbda38-693f-49bb-be1a-3256c6faae50
2023-06-01 19:11:15,631 [9125f905-aa43-4d0f-845d-e6cfd4dab0cd@group-54B8E535DF2F-LeaderElection15] INFO  server.RaftServerConfigKeys (ConfUtils.java:logFallback(53)) - raft.server.rpc.first-election.timeout.min = 5s (fallback to raft.server.rpc.timeout.min)
2023-06-01 19:11:15,631 [9125f905-aa43-4d0f-845d-e6cfd4dab0cd@group-54B8E535DF2F-LeaderElection15] INFO  server.RaftServerConfigKeys (ConfUtils.java:logFallback(53)) - raft.server.rpc.first-election.timeout.max = 5200ms (fallback to raft.server.rpc.timeout.max)
2023-06-01 19:11:15,633 [36cbda38-693f-49bb-be1a-3256c6faae50@group-54B8E535DF2F-LeaderElection16] INFO  impl.LeaderElection (LeaderElection.java:askForVotes(321)) - 36cbda38-693f-49bb-be1a-3256c6faae50@group-54B8E535DF2F-LeaderElection16 PRE_VOTE round 0: submit vote requests at term 0 for -1: peers:[b39db728-622c-42ae-954c-bd0dbc524ba7|rpc:10.1.0.196:15086|admin:10.1.0.196:15085|client:10.1.0.196:15084|dataStream:10.1.0.196:15087|priority:0|startupRole:FOLLOWER, 9125f905-aa43-4d0f-845d-e6cfd4dab0cd|rpc:10.1.0.196:15077|admin:10.1.0.196:15076|client:10.1.0.196:15075|dataStream:10.1.0.196:15078|priority:0|startupRole:FOLLOWER, 36cbda38-693f-49bb-be1a-3256c6faae50|rpc:10.1.0.196:15068|admin:10.1.0.196:15067|client:10.1.0.196:15066|dataStream:10.1.0.196:15069|priority:1|startupRole:FOLLOWER]|listeners:[], old=null
2023-06-01 19:11:15,633 [36cbda38-693f-49bb-be1a-3256c6faae50@group-01A26A1161CC-LeaderElection14] INFO  server.RaftServer$Division (ServerState.java:setLeader(317)) - 36cbda38-693f-49bb-be1a-3256c6faae50@group-01A26A1161CC: change Leader from null to 36cbda38-693f-49bb-be1a-3256c6faae50 at term 1 for becomeLeader, leader elected after 5193ms
2023-06-01 19:11:15,634 [36cbda38-693f-49bb-be1a-3256c6faae50@group-01A26A1161CC-LeaderElection14] INFO  server.RaftServerConfigKeys (ConfUtils.java:logGet(46)) - raft.server.staging.catchup.gap = 1000 (default)
2023-06-01 19:11:15,640 [9125f905-aa43-4d0f-845d-e6cfd4dab0cd@group-54B8E535DF2F-LeaderElection15-2] INFO  server.GrpcServerProtocolClient (GrpcServerProtocolClient.java:<init>(65)) - Build channel for 36cbda38-693f-49bb-be1a-3256c6faae50
2023-06-01 19:11:15,643 [36cbda38-693f-49bb-be1a-3256c6faae50@group-C6431D6FC4A4-FollowerState] INFO  impl.FollowerState (FollowerState.java:run(143)) - 36cbda38-693f-49bb-be1a-3256c6faae50@group-C6431D6FC4A4-FollowerState: change to CANDIDATE, lastRpcElapsedTime:5043116008ns, electionTimeout:5042ms
2023-06-01 19:11:15,643 [36cbda38-693f-49bb-be1a-3256c6faae50@group-C6431D6FC4A4-FollowerState] INFO  impl.RoleInfo (RoleInfo.java:shutdownFollowerState(110)) - 36cbda38-693f-49bb-be1a-3256c6faae50: shutdown 36cbda38-693f-49bb-be1a-3256c6faae50@group-C6431D6FC4A4-FollowerState
2023-06-01 19:11:15,643 [36cbda38-693f-49bb-be1a-3256c6faae50@group-C6431D6FC4A4-FollowerState] INFO  server.RaftServer$Division (RaftServerImpl.java:setRole(329)) - 36cbda38-693f-49bb-be1a-3256c6faae50@group-C6431D6FC4A4: changes role from  FOLLOWER to CANDIDATE at term 0 for changeToCandidate
2023-06-01 19:11:15,648 [36cbda38-693f-49bb-be1a-3256c6faae50@group-C6431D6FC4A4-FollowerState] INFO  server.RaftServerConfigKeys (ConfUtils.java:logGet(46)) - raft.server.leaderelection.pre-vote = true (default)
2023-06-01 19:11:15,648 [36cbda38-693f-49bb-be1a-3256c6faae50@group-C6431D6FC4A4-FollowerState] INFO  impl.RoleInfo (RoleInfo.java:updateAndGet(139)) - 36cbda38-693f-49bb-be1a-3256c6faae50: start 36cbda38-693f-49bb-be1a-3256c6faae50@group-C6431D6FC4A4-LeaderElection18
2023-06-01 19:11:15,648 [36cbda38-693f-49bb-be1a-3256c6faae50@group-54B8E535DF2F-LeaderElection16-1] INFO  server.GrpcServerProtocolClient (GrpcServerProtocolClient.java:<init>(65)) - Build channel for b39db728-622c-42ae-954c-bd0dbc524ba7
2023-06-01 19:11:15,655 [grpc-default-executor-6] INFO  server.RaftServer$Division (RaftServerImpl.java:requestVote(1302)) - b39db728-622c-42ae-954c-bd0dbc524ba7@group-54B8E535DF2F: receive requestVote(PRE_VOTE, 9125f905-aa43-4d0f-845d-e6cfd4dab0cd, group-54B8E535DF2F, 0, (t:0, i:0))
2023-06-01 19:11:15,655 [b39db728-622c-42ae-954c-bd0dbc524ba7@group-54B8E535DF2F-LeaderElection17-1] INFO  server.GrpcServerProtocolClient (GrpcServerProtocolClient.java:<init>(65)) - Build channel for 9125f905-aa43-4d0f-845d-e6cfd4dab0cd
2023-06-01 19:11:15,655 [grpc-default-executor-6] INFO  impl.VoteContext (VoteContext.java:log(49)) - b39db728-622c-42ae-954c-bd0dbc524ba7@group-54B8E535DF2F-CANDIDATE: accept PRE_VOTE from 9125f905-aa43-4d0f-845d-e6cfd4dab0cd: our priority 0 <= candidate's priority 0
2023-06-01 19:11:15,655 [grpc-default-executor-6] INFO  server.RaftServer$Division (RaftServerImpl.java:requestVote(1335)) - b39db728-622c-42ae-954c-bd0dbc524ba7@group-54B8E535DF2F replies to PRE_VOTE vote request: 9125f905-aa43-4d0f-845d-e6cfd4dab0cd<-b39db728-622c-42ae-954c-bd0dbc524ba7#0:OK-t0. Peer's state: b39db728-622c-42ae-954c-bd0dbc524ba7@group-54B8E535DF2F:t0, leader=null, voted=, raftlog=Memoized:b39db728-622c-42ae-954c-bd0dbc524ba7@group-54B8E535DF2F-SegmentedRaftLog:OPENED:c-1, conf=-1: peers:[b39db728-622c-42ae-954c-bd0dbc524ba7|rpc:10.1.0.196:15086|admin:10.1.0.196:15085|client:10.1.0.196:15084|dataStream:10.1.0.196:15087|priority:0|startupRole:FOLLOWER, 9125f905-aa43-4d0f-845d-e6cfd4dab0cd|rpc:10.1.0.196:15077|admin:10.1.0.196:15076|client:10.1.0.196:15075|dataStream:10.1.0.196:15078|priority:0|startupRole:FOLLOWER, 36cbda38-693f-49bb-be1a-3256c6faae50|rpc:10.1.0.196:15068|admin:10.1.0.196:15067|client:10.1.0.196:15066|dataStream:10.1.0.196:15069|priority:1|startupRole:FOLLOWER]|listeners:[], old=null
2023-06-01 19:11:15,657 [b39db728-622c-42ae-954c-bd0dbc524ba7@group-54B8E535DF2F-LeaderElection17] INFO  server.RaftServerConfigKeys (ConfUtils.java:logFallback(53)) - raft.server.rpc.first-election.timeout.min = 5s (fallback to raft.server.rpc.timeout.min)
2023-06-01 19:11:15,657 [b39db728-622c-42ae-954c-bd0dbc524ba7@group-54B8E535DF2F-LeaderElection17] INFO  server.RaftServerConfigKeys (ConfUtils.java:logFallback(53)) - raft.server.rpc.first-election.timeout.max = 5200ms (fallback to raft.server.rpc.timeout.max)
2023-06-01 19:11:15,658 [36cbda38-693f-49bb-be1a-3256c6faae50@group-01A26A1161CC-LeaderElection14] INFO  server.RaftServerConfigKeys (ConfUtils.java:logGet(46)) - raft.server.write.element-limit = 1024 (custom)
2023-06-01 19:11:15,658 [36cbda38-693f-49bb-be1a-3256c6faae50@group-01A26A1161CC-LeaderElection14] INFO  server.RaftServerConfigKeys (ConfUtils.java:logGet(46)) - raft.server.write.byte-limit = 1024 M (=1073741824) (custom)
2023-06-01 19:11:15,658 [36cbda38-693f-49bb-be1a-3256c6faae50@group-01A26A1161CC-LeaderElection14] INFO  server.RaftServerConfigKeys (ConfUtils.java:logGet(46)) - raft.server.watch.timeout = 180s (custom)
2023-06-01 19:11:15,658 [36cbda38-693f-49bb-be1a-3256c6faae50@group-01A26A1161CC-LeaderElection14] INFO  server.RaftServerConfigKeys (ConfUtils.java:logGet(46)) - raft.server.watch.timeout.denomination = 1s (default)
2023-06-01 19:11:15,658 [36cbda38-693f-49bb-be1a-3256c6faae50@group-01A26A1161CC-LeaderElection14] INFO  server.RaftServerConfigKeys (ConfUtils.java:logGet(46)) - raft.server.watch.element-limit = 65536 (default)
2023-06-01 19:11:15,658 [36cbda38-693f-49bb-be1a-3256c6faae50@group-01A26A1161CC-LeaderElection14] INFO  server.RaftServerConfigKeys (ConfUtils.java:logGet(46)) - raft.server.write.element-limit = 1024 (custom)
2023-06-01 19:11:15,658 [36cbda38-693f-49bb-be1a-3256c6faae50@group-01A26A1161CC-LeaderElection14] INFO  server.RaftServerConfigKeys (ConfUtils.java:logGet(46)) - raft.server.write.follower.gap.ratio.max = -1.0 (default)
2023-06-01 19:11:15,658 [36cbda38-693f-49bb-be1a-3256c6faae50@group-01A26A1161CC-LeaderElection14] INFO  impl.RoleInfo (RoleInfo.java:updateAndGet(139)) - 36cbda38-693f-49bb-be1a-3256c6faae50: start 36cbda38-693f-49bb-be1a-3256c6faae50@group-01A26A1161CC-LeaderStateImpl
2023-06-01 19:11:15,658 [36cbda38-693f-49bb-be1a-3256c6faae50@group-01A26A1161CC-LeaderElection14] INFO  segmented.SegmentedRaftLogWorker (SegmentedRaftLogWorker.java:startLogSegment(447)) - 36cbda38-693f-49bb-be1a-3256c6faae50@group-01A26A1161CC-SegmentedRaftLogWorker: Starting segment from index:0
2023-06-01 19:11:15,658 [36cbda38-693f-49bb-be1a-3256c6faae50@group-54B8E535DF2F-LeaderElection16] INFO  server.RaftServerConfigKeys (ConfUtils.java:logFallback(53)) - raft.server.rpc.first-election.timeout.min = 5s (fallback to raft.server.rpc.timeout.min)
2023-06-01 19:11:15,658 [36cbda38-693f-49bb-be1a-3256c6faae50@group-54B8E535DF2F-LeaderElection16] INFO  server.RaftServerConfigKeys (ConfUtils.java:logFallback(53)) - raft.server.rpc.first-election.timeout.max = 5200ms (fallback to raft.server.rpc.timeout.max)
2023-06-01 19:11:15,659 [36cbda38-693f-49bb-be1a-3256c6faae50@group-54B8E535DF2F-LeaderElection16-2] INFO  server.GrpcServerProtocolClient (GrpcServerProtocolClient.java:<init>(65)) - Build channel for 9125f905-aa43-4d0f-845d-e6cfd4dab0cd
2023-06-01 19:11:15,663 [36cbda38-693f-49bb-be1a-3256c6faae50@group-01A26A1161CC-SegmentedRaftLogWorker] INFO  segmented.SegmentedRaftLogWorker (SegmentedRaftLogWorker.java:execute(651)) - 36cbda38-693f-49bb-be1a-3256c6faae50@group-01A26A1161CC-SegmentedRaftLogWorker: created new log segment /home/runner/work/ozone/ozone/hadoop-ozone/integration-test/target/test-dir/MiniOzoneClusterImpl-59aba430-7466-43cf-ac60-ffcd1bd17169/datanode-6/data/ratis/8042b191-6abf-42e2-9e00-01a26a1161cc/current/log_inprogress_0
2023-06-01 19:11:15,669 [b39db728-622c-42ae-954c-bd0dbc524ba7@group-54B8E535DF2F-LeaderElection17-2] INFO  server.GrpcServerProtocolClient (GrpcServerProtocolClient.java:<init>(65)) - Build channel for 36cbda38-693f-49bb-be1a-3256c6faae50
2023-06-01 19:11:15,685 [grpc-default-executor-6] INFO  server.RaftServer$Division (RaftServerImpl.java:requestVote(1302)) - b39db728-622c-42ae-954c-bd0dbc524ba7@group-54B8E535DF2F: receive requestVote(PRE_VOTE, 36cbda38-693f-49bb-be1a-3256c6faae50, group-54B8E535DF2F, 0, (t:0, i:0))
2023-06-01 19:11:15,685 [grpc-default-executor-6] INFO  impl.VoteContext (VoteContext.java:log(49)) - b39db728-622c-42ae-954c-bd0dbc524ba7@group-54B8E535DF2F-CANDIDATE: accept PRE_VOTE from 36cbda38-693f-49bb-be1a-3256c6faae50: our priority 0 <= candidate's priority 1
2023-06-01 19:11:15,686 [grpc-default-executor-6] INFO  server.RaftServer$Division (RaftServerImpl.java:requestVote(1335)) - b39db728-622c-42ae-954c-bd0dbc524ba7@group-54B8E535DF2F replies to PRE_VOTE vote request: 36cbda38-693f-49bb-be1a-3256c6faae50<-b39db728-622c-42ae-954c-bd0dbc524ba7#0:OK-t0. Peer's state: b39db728-622c-42ae-954c-bd0dbc524ba7@group-54B8E535DF2F:t0, leader=null, voted=, raftlog=Memoized:b39db728-622c-42ae-954c-bd0dbc524ba7@group-54B8E535DF2F-SegmentedRaftLog:OPENED:c-1, conf=-1: peers:[b39db728-622c-42ae-954c-bd0dbc524ba7|rpc:10.1.0.196:15086|admin:10.1.0.196:15085|client:10.1.0.196:15084|dataStream:10.1.0.196:15087|priority:0|startupRole:FOLLOWER, 9125f905-aa43-4d0f-845d-e6cfd4dab0cd|rpc:10.1.0.196:15077|admin:10.1.0.196:15076|client:10.1.0.196:15075|dataStream:10.1.0.196:15078|priority:0|startupRole:FOLLOWER, 36cbda38-693f-49bb-be1a-3256c6faae50|rpc:10.1.0.196:15068|admin:10.1.0.196:15067|client:10.1.0.196:15066|dataStream:10.1.0.196:15069|priority:1|startupRole:FOLLOWER]|listeners:[], old=null
2023-06-01 19:11:15,686 [36cbda38-693f-49bb-be1a-3256c6faae50@group-01A26A1161CC-LeaderElection14] INFO  server.RaftServer$Division (ServerState.java:setRaftConf(434)) - 36cbda38-693f-49bb-be1a-3256c6faae50@group-01A26A1161CC: set configuration 0: peers:[36cbda38-693f-49bb-be1a-3256c6faae50|rpc:10.1.0.196:15068|admin:10.1.0.196:15067|client:10.1.0.196:15066|dataStream:10.1.0.196:15069|priority:1|startupRole:FOLLOWER]|listeners:[], old=null
2023-06-01 19:11:15,686 [grpc-default-executor-3] INFO  server.RaftServer$Division (RaftServerImpl.java:requestVote(1302)) - 36cbda38-693f-49bb-be1a-3256c6faae50@group-54B8E535DF2F: receive requestVote(PRE_VOTE, 9125f905-aa43-4d0f-845d-e6cfd4dab0cd, group-54B8E535DF2F, 0, (t:0, i:0))
2023-06-01 19:11:15,690 [grpc-default-executor-3] INFO  impl.VoteContext (VoteContext.java:log(49)) - 36cbda38-693f-49bb-be1a-3256c6faae50@group-54B8E535DF2F-CANDIDATE: reject PRE_VOTE from 9125f905-aa43-4d0f-845d-e6cfd4dab0cd: our priority 1 > candidate's priority 0
2023-06-01 19:11:15,690 [grpc-default-executor-3] INFO  server.RaftServer$Division (RaftServerImpl.java:requestVote(1335)) - 36cbda38-693f-49bb-be1a-3256c6faae50@group-54B8E535DF2F replies to PRE_VOTE vote request: 9125f905-aa43-4d0f-845d-e6cfd4dab0cd<-36cbda38-693f-49bb-be1a-3256c6faae50#0:FAIL-t0. Peer's state: 36cbda38-693f-49bb-be1a-3256c6faae50@group-54B8E535DF2F:t0, leader=null, voted=, raftlog=Memoized:36cbda38-693f-49bb-be1a-3256c6faae50@group-54B8E535DF2F-SegmentedRaftLog:OPENED:c-1, conf=-1: peers:[b39db728-622c-42ae-954c-bd0dbc524ba7|rpc:10.1.0.196:15086|admin:10.1.0.196:15085|client:10.1.0.196:15084|dataStream:10.1.0.196:15087|priority:0|startupRole:FOLLOWER, 9125f905-aa43-4d0f-845d-e6cfd4dab0cd|rpc:10.1.0.196:15077|admin:10.1.0.196:15076|client:10.1.0.196:15075|dataStream:10.1.0.196:15078|priority:0|startupRole:FOLLOWER, 36cbda38-693f-49bb-be1a-3256c6faae50|rpc:10.1.0.196:15068|admin:10.1.0.196:15067|client:10.1.0.196:15066|dataStream:10.1.0.196:15069|priority:1|startupRole:FOLLOWER]|listeners:[], old=null
2023-06-01 19:11:15,693 [36cbda38-693f-49bb-be1a-3256c6faae50@group-54B8E535DF2F-LeaderElection16] INFO  impl.LeaderElection (LeaderElection.java:logAndReturn(90)) - 36cbda38-693f-49bb-be1a-3256c6faae50@group-54B8E535DF2F-LeaderElection16: PRE_VOTE PASSED received 1 response(s) and 0 exception(s):
2023-06-01 19:11:15,693 [36cbda38-693f-49bb-be1a-3256c6faae50@group-54B8E535DF2F-LeaderElection16] INFO  impl.LeaderElection (LeaderElection.java:logAndReturn(94)) -   Response 0: 36cbda38-693f-49bb-be1a-3256c6faae50<-b39db728-622c-42ae-954c-bd0dbc524ba7#0:OK-t0
2023-06-01 19:11:15,693 [36cbda38-693f-49bb-be1a-3256c6faae50@group-54B8E535DF2F-LeaderElection16] INFO  impl.LeaderElection (LeaderElection.java:askForVotes(323)) - 36cbda38-693f-49bb-be1a-3256c6faae50@group-54B8E535DF2F-LeaderElection16 PRE_VOTE round 0: result PASSED
2023-06-01 19:11:15,694 [grpc-default-executor-1] INFO  server.RaftServer$Division (RaftServerImpl.java:requestVote(1302)) - 9125f905-aa43-4d0f-845d-e6cfd4dab0cd@group-54B8E535DF2F: receive requestVote(PRE_VOTE, 36cbda38-693f-49bb-be1a-3256c6faae50, group-54B8E535DF2F, 0, (t:0, i:0))
2023-06-01 19:11:15,694 [grpc-default-executor-1] INFO  impl.VoteContext (VoteContext.java:log(49)) - 9125f905-aa43-4d0f-845d-e6cfd4dab0cd@group-54B8E535DF2F-CANDIDATE: accept PRE_VOTE from 36cbda38-693f-49bb-be1a-3256c6faae50: our priority 0 <= candidate's priority 1
2023-06-01 19:11:15,694 [grpc-default-executor-1] INFO  server.RaftServer$Division (RaftServerImpl.java:requestVote(1335)) - 9125f905-aa43-4d0f-845d-e6cfd4dab0cd@group-54B8E535DF2F replies to PRE_VOTE vote request: 36cbda38-693f-49bb-be1a-3256c6faae50<-9125f905-aa43-4d0f-845d-e6cfd4dab0cd#0:OK-t0. Peer's state: 9125f905-aa43-4d0f-845d-e6cfd4dab0cd@group-54B8E535DF2F:t0, leader=null, voted=, raftlog=Memoized:9125f905-aa43-4d0f-845d-e6cfd4dab0cd@group-54B8E535DF2F-SegmentedRaftLog:OPENED:c-1, conf=-1: peers:[b39db728-622c-42ae-954c-bd0dbc524ba7|rpc:10.1.0.196:15086|admin:10.1.0.196:15085|client:10.1.0.196:15084|dataStream:10.1.0.196:15087|priority:0|startupRole:FOLLOWER, 9125f905-aa43-4d0f-845d-e6cfd4dab0cd|rpc:10.1.0.196:15077|admin:10.1.0.196:15076|client:10.1.0.196:15075|dataStream:10.1.0.196:15078|priority:0|startupRole:FOLLOWER, 36cbda38-693f-49bb-be1a-3256c6faae50|rpc:10.1.0.196:15068|admin:10.1.0.196:15067|client:10.1.0.196:15066|dataStream:10.1.0.196:15069|priority:1|startupRole:FOLLOWER]|listeners:[], old=null
2023-06-01 19:11:15,695 [36cbda38-693f-49bb-be1a-3256c6faae50@group-54B8E535DF2F-LeaderElection16] INFO  impl.LeaderElection (LeaderElection.java:askForVotes(321)) - 36cbda38-693f-49bb-be1a-3256c6faae50@group-54B8E535DF2F-LeaderElection16 ELECTION round 0: submit vote requests at term 1 for -1: peers:[b39db728-622c-42ae-954c-bd0dbc524ba7|rpc:10.1.0.196:15086|admin:10.1.0.196:15085|client:10.1.0.196:15084|dataStream:10.1.0.196:15087|priority:0|startupRole:FOLLOWER, 9125f905-aa43-4d0f-845d-e6cfd4dab0cd|rpc:10.1.0.196:15077|admin:10.1.0.196:15076|client:10.1.0.196:15075|dataStream:10.1.0.196:15078|priority:0|startupRole:FOLLOWER, 36cbda38-693f-49bb-be1a-3256c6faae50|rpc:10.1.0.196:15068|admin:10.1.0.196:15067|client:10.1.0.196:15066|dataStream:10.1.0.196:15069|priority:1|startupRole:FOLLOWER]|listeners:[], old=null
2023-06-01 19:11:15,696 [grpc-default-executor-1] INFO  server.RaftServer$Division (RaftServerImpl.java:requestVote(1302)) - 9125f905-aa43-4d0f-845d-e6cfd4dab0cd@group-54B8E535DF2F: receive requestVote(PRE_VOTE, b39db728-622c-42ae-954c-bd0dbc524ba7, group-54B8E535DF2F, 0, (t:0, i:0))
2023-06-01 19:11:15,696 [grpc-default-executor-1] INFO  impl.VoteContext (VoteContext.java:log(49)) - 9125f905-aa43-4d0f-845d-e6cfd4dab0cd@group-54B8E535DF2F-CANDIDATE: accept PRE_VOTE from b39db728-622c-42ae-954c-bd0dbc524ba7: our priority 0 <= candidate's priority 0
2023-06-01 19:11:15,696 [grpc-default-executor-1] INFO  server.RaftServer$Division (RaftServerImpl.java:requestVote(1335)) - 9125f905-aa43-4d0f-845d-e6cfd4dab0cd@group-54B8E535DF2F replies to PRE_VOTE vote request: b39db728-622c-42ae-954c-bd0dbc524ba7<-9125f905-aa43-4d0f-845d-e6cfd4dab0cd#0:OK-t0. Peer's state: 9125f905-aa43-4d0f-845d-e6cfd4dab0cd@group-54B8E535DF2F:t0, leader=null, voted=, raftlog=Memoized:9125f905-aa43-4d0f-845d-e6cfd4dab0cd@group-54B8E535DF2F-SegmentedRaftLog:OPENED:c-1, conf=-1: peers:[b39db728-622c-42ae-954c-bd0dbc524ba7|rpc:10.1.0.196:15086|admin:10.1.0.196:15085|client:10.1.0.196:15084|dataStream:10.1.0.196:15087|priority:0|startupRole:FOLLOWER, 9125f905-aa43-4d0f-845d-e6cfd4dab0cd|rpc:10.1.0.196:15077|admin:10.1.0.196:15076|client:10.1.0.196:15075|dataStream:10.1.0.196:15078|priority:0|startupRole:FOLLOWER, 36cbda38-693f-49bb-be1a-3256c6faae50|rpc:10.1.0.196:15068|admin:10.1.0.196:15067|client:10.1.0.196:15066|dataStream:10.1.0.196:15069|priority:1|startupRole:FOLLOWER]|listeners:[], old=null
2023-06-01 19:11:15,697 [36cbda38-693f-49bb-be1a-3256c6faae50@group-54B8E535DF2F-LeaderElection16] INFO  server.RaftServerConfigKeys (ConfUtils.java:logFallback(53)) - raft.server.rpc.first-election.timeout.min = 5s (fallback to raft.server.rpc.timeout.min)
2023-06-01 19:11:15,697 [36cbda38-693f-49bb-be1a-3256c6faae50@group-54B8E535DF2F-LeaderElection16] INFO  server.RaftServerConfigKeys (ConfUtils.java:logFallback(53)) - raft.server.rpc.first-election.timeout.max = 5200ms (fallback to raft.server.rpc.timeout.max)
2023-06-01 19:11:15,701 [36cbda38-693f-49bb-be1a-3256c6faae50@group-C6431D6FC4A4-LeaderElection18] INFO  impl.LeaderElection (LeaderElection.java:askForVotes(321)) - 36cbda38-693f-49bb-be1a-3256c6faae50@group-C6431D6FC4A4-LeaderElection18 PRE_VOTE round 0: submit vote requests at term 0 for -1: peers:[b39db728-622c-42ae-954c-bd0dbc524ba7|rpc:10.1.0.196:15086|admin:10.1.0.196:15085|client:10.1.0.196:15084|dataStream:10.1.0.196:15087|priority:1|startupRole:FOLLOWER, 9125f905-aa43-4d0f-845d-e6cfd4dab0cd|rpc:10.1.0.196:15077|admin:10.1.0.196:15076|client:10.1.0.196:15075|dataStream:10.1.0.196:15078|priority:0|startupRole:FOLLOWER, 36cbda38-693f-49bb-be1a-3256c6faae50|rpc:10.1.0.196:15068|admin:10.1.0.196:15067|client:10.1.0.196:15066|dataStream:10.1.0.196:15069|priority:0|startupRole:FOLLOWER]|listeners:[], old=null
2023-06-01 19:11:15,702 [36cbda38-693f-49bb-be1a-3256c6faae50@group-C6431D6FC4A4-LeaderElection18] INFO  server.RaftServerConfigKeys (ConfUtils.java:logFallback(53)) - raft.server.rpc.first-election.timeout.min = 5s (fallback to raft.server.rpc.timeout.min)
2023-06-01 19:11:15,702 [9125f905-aa43-4d0f-845d-e6cfd4dab0cd@group-54B8E535DF2F-LeaderElection15] INFO  impl.LeaderElection (LeaderElection.java:logAndReturn(90)) - 9125f905-aa43-4d0f-845d-e6cfd4dab0cd@group-54B8E535DF2F-LeaderElection15: PRE_VOTE REJECTED received 2 response(s) and 0 exception(s):
2023-06-01 19:11:15,702 [36cbda38-693f-49bb-be1a-3256c6faae50@group-C6431D6FC4A4-LeaderElection18] INFO  server.RaftServerConfigKeys (ConfUtils.java:logFallback(53)) - raft.server.rpc.first-election.timeout.max = 5200ms (fallback to raft.server.rpc.timeout.max)
2023-06-01 19:11:15,702 [9125f905-aa43-4d0f-845d-e6cfd4dab0cd@group-54B8E535DF2F-LeaderElection15] INFO  impl.LeaderElection (LeaderElection.java:logAndReturn(94)) -   Response 0: 9125f905-aa43-4d0f-845d-e6cfd4dab0cd<-b39db728-622c-42ae-954c-bd0dbc524ba7#0:OK-t0
2023-06-01 19:11:15,702 [9125f905-aa43-4d0f-845d-e6cfd4dab0cd@group-54B8E535DF2F-LeaderElection15] INFO  impl.LeaderElection (LeaderElection.java:logAndReturn(94)) -   Response 1: 9125f905-aa43-4d0f-845d-e6cfd4dab0cd<-36cbda38-693f-49bb-be1a-3256c6faae50#0:FAIL-t0
2023-06-01 19:11:15,702 [9125f905-aa43-4d0f-845d-e6cfd4dab0cd@group-54B8E535DF2F-LeaderElection15] INFO  impl.LeaderElection (LeaderElection.java:askForVotes(323)) - 9125f905-aa43-4d0f-845d-e6cfd4dab0cd@group-54B8E535DF2F-LeaderElection15 PRE_VOTE round 0: result REJECTED
2023-06-01 19:11:15,702 [9125f905-aa43-4d0f-845d-e6cfd4dab0cd@group-54B8E535DF2F-LeaderElection15] INFO  server.RaftServer$Division (RaftServerImpl.java:setRole(329)) - 9125f905-aa43-4d0f-845d-e6cfd4dab0cd@group-54B8E535DF2F: changes role from CANDIDATE to FOLLOWER at term 0 for REJECTED
2023-06-01 19:11:15,702 [9125f905-aa43-4d0f-845d-e6cfd4dab0cd@group-54B8E535DF2F-LeaderElection15] INFO  impl.RoleInfo (RoleInfo.java:shutdownLeaderElection(130)) - 9125f905-aa43-4d0f-845d-e6cfd4dab0cd: shutdown 9125f905-aa43-4d0f-845d-e6cfd4dab0cd@group-54B8E535DF2F-LeaderElection15
2023-06-01 19:11:15,702 [9125f905-aa43-4d0f-845d-e6cfd4dab0cd@group-54B8E535DF2F-LeaderElection15] INFO  impl.RoleInfo (RoleInfo.java:updateAndGet(139)) - 9125f905-aa43-4d0f-845d-e6cfd4dab0cd: start 9125f905-aa43-4d0f-845d-e6cfd4dab0cd@group-54B8E535DF2F-FollowerState
2023-06-01 19:11:15,710 [9125f905-aa43-4d0f-845d-e6cfd4dab0cd@group-C6431D6FC4A4-FollowerState] INFO  impl.FollowerState (FollowerState.java:run(143)) - 9125f905-aa43-4d0f-845d-e6cfd4dab0cd@group-C6431D6FC4A4-FollowerState: change to CANDIDATE, lastRpcElapsedTime:5026813796ns, electionTimeout:5023ms
2023-06-01 19:11:15,710 [9125f905-aa43-4d0f-845d-e6cfd4dab0cd@group-C6431D6FC4A4-FollowerState] INFO  impl.RoleInfo (RoleInfo.java:shutdownFollowerState(110)) - 9125f905-aa43-4d0f-845d-e6cfd4dab0cd: shutdown 9125f905-aa43-4d0f-845d-e6cfd4dab0cd@group-C6431D6FC4A4-FollowerState
2023-06-01 19:11:15,710 [9125f905-aa43-4d0f-845d-e6cfd4dab0cd@group-C6431D6FC4A4-FollowerState] INFO  server.RaftServer$Division (RaftServerImpl.java:setRole(329)) - 9125f905-aa43-4d0f-845d-e6cfd4dab0cd@group-C6431D6FC4A4: changes role from  FOLLOWER to CANDIDATE at term 0 for changeToCandidate
2023-06-01 19:11:15,710 [9125f905-aa43-4d0f-845d-e6cfd4dab0cd@group-C6431D6FC4A4-FollowerState] INFO  server.RaftServerConfigKeys (ConfUtils.java:logGet(46)) - raft.server.leaderelection.pre-vote = true (default)
2023-06-01 19:11:15,710 [9125f905-aa43-4d0f-845d-e6cfd4dab0cd@group-C6431D6FC4A4-FollowerState] INFO  impl.RoleInfo (RoleInfo.java:updateAndGet(139)) - 9125f905-aa43-4d0f-845d-e6cfd4dab0cd: start 9125f905-aa43-4d0f-845d-e6cfd4dab0cd@group-C6431D6FC4A4-LeaderElection19
2023-06-01 19:11:15,721 [grpc-default-executor-1] INFO  server.RaftServer$Division (RaftServerImpl.java:requestVote(1302)) - 9125f905-aa43-4d0f-845d-e6cfd4dab0cd@group-54B8E535DF2F: receive requestVote(ELECTION, 36cbda38-693f-49bb-be1a-3256c6faae50, group-54B8E535DF2F, 1, (t:0, i:0))
2023-06-01 19:11:15,721 [grpc-default-executor-1] INFO  impl.VoteContext (VoteContext.java:log(49)) - 9125f905-aa43-4d0f-845d-e6cfd4dab0cd@group-54B8E535DF2F-FOLLOWER: accept ELECTION from 36cbda38-693f-49bb-be1a-3256c6faae50: our priority 0 <= candidate's priority 1
2023-06-01 19:11:15,721 [grpc-default-executor-1] INFO  server.RaftServer$Division (RaftServerImpl.java:setRole(329)) - 9125f905-aa43-4d0f-845d-e6cfd4dab0cd@group-54B8E535DF2F: changes role from  FOLLOWER to FOLLOWER at term 1 for candidate:36cbda38-693f-49bb-be1a-3256c6faae50
2023-06-01 19:11:15,722 [grpc-default-executor-1] INFO  impl.RoleInfo (RoleInfo.java:shutdownFollowerState(110)) - 9125f905-aa43-4d0f-845d-e6cfd4dab0cd: shutdown 9125f905-aa43-4d0f-845d-e6cfd4dab0cd@group-54B8E535DF2F-FollowerState
2023-06-01 19:11:15,722 [grpc-default-executor-1] INFO  impl.RoleInfo (RoleInfo.java:updateAndGet(139)) - 9125f905-aa43-4d0f-845d-e6cfd4dab0cd: start 9125f905-aa43-4d0f-845d-e6cfd4dab0cd@group-54B8E535DF2F-FollowerState
2023-06-01 19:11:15,722 [grpc-default-executor-3] INFO  server.RaftServer$Division (RaftServerImpl.java:requestVote(1302)) - b39db728-622c-42ae-954c-bd0dbc524ba7@group-54B8E535DF2F: receive requestVote(ELECTION, 36cbda38-693f-49bb-be1a-3256c6faae50, group-54B8E535DF2F, 1, (t:0, i:0))
2023-06-01 19:11:15,722 [grpc-default-executor-3] INFO  impl.VoteContext (VoteContext.java:log(49)) - b39db728-622c-42ae-954c-bd0dbc524ba7@group-54B8E535DF2F-CANDIDATE: accept ELECTION from 36cbda38-693f-49bb-be1a-3256c6faae50: our priority 0 <= candidate's priority 1
2023-06-01 19:11:15,722 [grpc-default-executor-3] INFO  server.RaftServer$Division (RaftServerImpl.java:setRole(329)) - b39db728-622c-42ae-954c-bd0dbc524ba7@group-54B8E535DF2F: changes role from CANDIDATE to FOLLOWER at term 1 for candidate:36cbda38-693f-49bb-be1a-3256c6faae50
2023-06-01 19:11:15,722 [grpc-default-executor-3] INFO  impl.RoleInfo (RoleInfo.java:shutdownLeaderElection(130)) - b39db728-622c-42ae-954c-bd0dbc524ba7: shutdown b39db728-622c-42ae-954c-bd0dbc524ba7@group-54B8E535DF2F-LeaderElection17
2023-06-01 19:11:15,722 [grpc-default-executor-6] INFO  server.RaftServer$Division (RaftServerImpl.java:requestVote(1302)) - b39db728-622c-42ae-954c-bd0dbc524ba7@group-C6431D6FC4A4: receive requestVote(PRE_VOTE, 36cbda38-693f-49bb-be1a-3256c6faae50, group-C6431D6FC4A4, 0, (t:0, i:0))
2023-06-01 19:11:15,722 [grpc-default-executor-6] INFO  impl.VoteContext (VoteContext.java:log(49)) - b39db728-622c-42ae-954c-bd0dbc524ba7@group-C6431D6FC4A4-FOLLOWER: reject PRE_VOTE from 36cbda38-693f-49bb-be1a-3256c6faae50: our priority 1 > candidate's priority 0
2023-06-01 19:11:15,722 [grpc-default-executor-6] INFO  server.RaftServer$Division (RaftServerImpl.java:requestVote(1335)) - b39db728-622c-42ae-954c-bd0dbc524ba7@group-C6431D6FC4A4 replies to PRE_VOTE vote request: 36cbda38-693f-49bb-be1a-3256c6faae50<-b39db728-622c-42ae-954c-bd0dbc524ba7#0:FAIL-t0. Peer's state: b39db728-622c-42ae-954c-bd0dbc524ba7@group-C6431D6FC4A4:t0, leader=null, voted=, raftlog=Memoized:b39db728-622c-42ae-954c-bd0dbc524ba7@group-C6431D6FC4A4-SegmentedRaftLog:OPENED:c-1, conf=-1: peers:[b39db728-622c-42ae-954c-bd0dbc524ba7|rpc:10.1.0.196:15086|admin:10.1.0.196:15085|client:10.1.0.196:15084|dataStream:10.1.0.196:15087|priority:1|startupRole:FOLLOWER, 9125f905-aa43-4d0f-845d-e6cfd4dab0cd|rpc:10.1.0.196:15077|admin:10.1.0.196:15076|client:10.1.0.196:15075|dataStream:10.1.0.196:15078|priority:0|startupRole:FOLLOWER, 36cbda38-693f-49bb-be1a-3256c6faae50|rpc:10.1.0.196:15068|admin:10.1.0.196:15067|client:10.1.0.196:15066|dataStream:10.1.0.196:15069|priority:0|startupRole:FOLLOWER]|listeners:[], old=null
2023-06-01 19:11:15,722 [9125f905-aa43-4d0f-845d-e6cfd4dab0cd@group-54B8E535DF2F-FollowerState] INFO  impl.FollowerState (FollowerState.java:run(152)) - 9125f905-aa43-4d0f-845d-e6cfd4dab0cd@group-54B8E535DF2F-FollowerState was interrupted
2023-06-01 19:11:15,723 [grpc-default-executor-4] INFO  server.RaftServer$Division (RaftServerImpl.java:requestVote(1302)) - 9125f905-aa43-4d0f-845d-e6cfd4dab0cd@group-C6431D6FC4A4: receive requestVote(PRE_VOTE, 36cbda38-693f-49bb-be1a-3256c6faae50, group-C6431D6FC4A4, 0, (t:0, i:0))
2023-06-01 19:11:15,723 [grpc-default-executor-4] INFO  impl.VoteContext (VoteContext.java:log(49)) - 9125f905-aa43-4d0f-845d-e6cfd4dab0cd@group-C6431D6FC4A4-CANDIDATE: accept PRE_VOTE from 36cbda38-693f-49bb-be1a-3256c6faae50: our priority 0 <= candidate's priority 0
2023-06-01 19:11:15,723 [grpc-default-executor-4] INFO  server.RaftServer$Division (RaftServerImpl.java:requestVote(1335)) - 9125f905-aa43-4d0f-845d-e6cfd4dab0cd@group-C6431D6FC4A4 replies to PRE_VOTE vote request: 36cbda38-693f-49bb-be1a-3256c6faae50<-9125f905-aa43-4d0f-845d-e6cfd4dab0cd#0:OK-t0. Peer's state: 9125f905-aa43-4d0f-845d-e6cfd4dab0cd@group-C6431D6FC4A4:t0, leader=null, voted=, raftlog=Memoized:9125f905-aa43-4d0f-845d-e6cfd4dab0cd@group-C6431D6FC4A4-SegmentedRaftLog:OPENED:c-1, conf=-1: peers:[b39db728-622c-42ae-954c-bd0dbc524ba7|rpc:10.1.0.196:15086|admin:10.1.0.196:15085|client:10.1.0.196:15084|dataStream:10.1.0.196:15087|priority:1|startupRole:FOLLOWER, 9125f905-aa43-4d0f-845d-e6cfd4dab0cd|rpc:10.1.0.196:15077|admin:10.1.0.196:15076|client:10.1.0.196:15075|dataStream:10.1.0.196:15078|priority:0|startupRole:FOLLOWER, 36cbda38-693f-49bb-be1a-3256c6faae50|rpc:10.1.0.196:15068|admin:10.1.0.196:15067|client:10.1.0.196:15066|dataStream:10.1.0.196:15069|priority:0|startupRole:FOLLOWER]|listeners:[], old=null
2023-06-01 19:11:15,724 [grpc-default-executor-4] INFO  server.RaftServer$Division (RaftServerImpl.java:requestVote(1302)) - 36cbda38-693f-49bb-be1a-3256c6faae50@group-54B8E535DF2F: receive requestVote(PRE_VOTE, b39db728-622c-42ae-954c-bd0dbc524ba7, group-54B8E535DF2F, 0, (t:0, i:0))
2023-06-01 19:11:15,724 [grpc-default-executor-4] INFO  impl.VoteContext (VoteContext.java:log(49)) - 36cbda38-693f-49bb-be1a-3256c6faae50@group-54B8E535DF2F-CANDIDATE: reject PRE_VOTE from b39db728-622c-42ae-954c-bd0dbc524ba7: our priority 1 > candidate's priority 0
2023-06-01 19:11:15,724 [grpc-default-executor-4] INFO  server.RaftServer$Division (RaftServerImpl.java:requestVote(1335)) - 36cbda38-693f-49bb-be1a-3256c6faae50@group-54B8E535DF2F replies to PRE_VOTE vote request: b39db728-622c-42ae-954c-bd0dbc524ba7<-36cbda38-693f-49bb-be1a-3256c6faae50#0:FAIL-t1. Peer's state: 36cbda38-693f-49bb-be1a-3256c6faae50@group-54B8E535DF2F:t1, leader=null, voted=36cbda38-693f-49bb-be1a-3256c6faae50, raftlog=Memoized:36cbda38-693f-49bb-be1a-3256c6faae50@group-54B8E535DF2F-SegmentedRaftLog:OPENED:c-1, conf=-1: peers:[b39db728-622c-42ae-954c-bd0dbc524ba7|rpc:10.1.0.196:15086|admin:10.1.0.196:15085|client:10.1.0.196:15084|dataStream:10.1.0.196:15087|priority:0|startupRole:FOLLOWER, 9125f905-aa43-4d0f-845d-e6cfd4dab0cd|rpc:10.1.0.196:15077|admin:10.1.0.196:15076|client:10.1.0.196:15075|dataStream:10.1.0.196:15078|priority:0|startupRole:FOLLOWER, 36cbda38-693f-49bb-be1a-3256c6faae50|rpc:10.1.0.196:15068|admin:10.1.0.196:15067|client:10.1.0.196:15066|dataStream:10.1.0.196:15069|priority:1|startupRole:FOLLOWER]|listeners:[], old=null
2023-06-01 19:11:15,724 [9125f905-aa43-4d0f-845d-e6cfd4dab0cd@group-C6431D6FC4A4-LeaderElection19] INFO  impl.LeaderElection (LeaderElection.java:askForVotes(321)) - 9125f905-aa43-4d0f-845d-e6cfd4dab0cd@group-C6431D6FC4A4-LeaderElection19 PRE_VOTE round 0: submit vote requests at term 0 for -1: peers:[b39db728-622c-42ae-954c-bd0dbc524ba7|rpc:10.1.0.196:15086|admin:10.1.0.196:15085|client:10.1.0.196:15084|dataStream:10.1.0.196:15087|priority:1|startupRole:FOLLOWER, 9125f905-aa43-4d0f-845d-e6cfd4dab0cd|rpc:10.1.0.196:15077|admin:10.1.0.196:15076|client:10.1.0.196:15075|dataStream:10.1.0.196:15078|priority:0|startupRole:FOLLOWER, 36cbda38-693f-49bb-be1a-3256c6faae50|rpc:10.1.0.196:15068|admin:10.1.0.196:15067|client:10.1.0.196:15066|dataStream:10.1.0.196:15069|priority:0|startupRole:FOLLOWER]|listeners:[], old=null
2023-06-01 19:11:15,728 [grpc-default-executor-3] INFO  impl.RoleInfo (RoleInfo.java:updateAndGet(139)) - b39db728-622c-42ae-954c-bd0dbc524ba7: start b39db728-622c-42ae-954c-bd0dbc524ba7@group-54B8E535DF2F-FollowerState
2023-06-01 19:11:15,728 [9125f905-aa43-4d0f-845d-e6cfd4dab0cd@group-C6431D6FC4A4-LeaderElection19] INFO  server.RaftServerConfigKeys (ConfUtils.java:logFallback(53)) - raft.server.rpc.first-election.timeout.min = 5s (fallback to raft.server.rpc.timeout.min)
2023-06-01 19:11:15,728 [9125f905-aa43-4d0f-845d-e6cfd4dab0cd@group-C6431D6FC4A4-LeaderElection19] INFO  server.RaftServerConfigKeys (ConfUtils.java:logFallback(53)) - raft.server.rpc.first-election.timeout.max = 5200ms (fallback to raft.server.rpc.timeout.max)
2023-06-01 19:11:15,731 [36cbda38-693f-49bb-be1a-3256c6faae50@group-C6431D6FC4A4-LeaderElection18] INFO  impl.LeaderElection (LeaderElection.java:logAndReturn(90)) - 36cbda38-693f-49bb-be1a-3256c6faae50@group-C6431D6FC4A4-LeaderElection18: PRE_VOTE REJECTED received 2 response(s) and 0 exception(s):
2023-06-01 19:11:15,732 [36cbda38-693f-49bb-be1a-3256c6faae50@group-C6431D6FC4A4-LeaderElection18] INFO  impl.LeaderElection (LeaderElection.java:logAndReturn(94)) -   Response 0: 36cbda38-693f-49bb-be1a-3256c6faae50<-b39db728-622c-42ae-954c-bd0dbc524ba7#0:FAIL-t0
2023-06-01 19:11:15,732 [36cbda38-693f-49bb-be1a-3256c6faae50@group-C6431D6FC4A4-LeaderElection18] INFO  impl.LeaderElection (LeaderElection.java:logAndReturn(94)) -   Response 1: 36cbda38-693f-49bb-be1a-3256c6faae50<-9125f905-aa43-4d0f-845d-e6cfd4dab0cd#0:OK-t0
2023-06-01 19:11:15,732 [36cbda38-693f-49bb-be1a-3256c6faae50@group-C6431D6FC4A4-LeaderElection18] INFO  impl.LeaderElection (LeaderElection.java:askForVotes(323)) - 36cbda38-693f-49bb-be1a-3256c6faae50@group-C6431D6FC4A4-LeaderElection18 PRE_VOTE round 0: result REJECTED
2023-06-01 19:11:15,732 [36cbda38-693f-49bb-be1a-3256c6faae50@group-C6431D6FC4A4-LeaderElection18] INFO  server.RaftServer$Division (RaftServerImpl.java:setRole(329)) - 36cbda38-693f-49bb-be1a-3256c6faae50@group-C6431D6FC4A4: changes role from CANDIDATE to FOLLOWER at term 0 for REJECTED
2023-06-01 19:11:15,732 [36cbda38-693f-49bb-be1a-3256c6faae50@group-C6431D6FC4A4-LeaderElection18] INFO  impl.RoleInfo (RoleInfo.java:shutdownLeaderElection(130)) - 36cbda38-693f-49bb-be1a-3256c6faae50: shutdown 36cbda38-693f-49bb-be1a-3256c6faae50@group-C6431D6FC4A4-LeaderElection18
2023-06-01 19:11:15,732 [36cbda38-693f-49bb-be1a-3256c6faae50@group-C6431D6FC4A4-LeaderElection18] INFO  impl.RoleInfo (RoleInfo.java:updateAndGet(139)) - 36cbda38-693f-49bb-be1a-3256c6faae50: start 36cbda38-693f-49bb-be1a-3256c6faae50@group-C6431D6FC4A4-FollowerState
2023-06-01 19:11:15,732 [b39db728-622c-42ae-954c-bd0dbc524ba7@group-54B8E535DF2F-LeaderElection17] INFO  impl.LeaderElection (LeaderElection.java:logAndReturn(90)) - b39db728-622c-42ae-954c-bd0dbc524ba7@group-54B8E535DF2F-LeaderElection17: PRE_VOTE DISCOVERED_A_NEW_TERM (term=1) received 2 response(s) and 0 exception(s):
2023-06-01 19:11:15,732 [b39db728-622c-42ae-954c-bd0dbc524ba7@group-54B8E535DF2F-LeaderElection17] INFO  impl.LeaderElection (LeaderElection.java:logAndReturn(94)) -   Response 0: b39db728-622c-42ae-954c-bd0dbc524ba7<-9125f905-aa43-4d0f-845d-e6cfd4dab0cd#0:OK-t0
2023-06-01 19:11:15,732 [b39db728-622c-42ae-954c-bd0dbc524ba7@group-54B8E535DF2F-LeaderElection17] INFO  impl.LeaderElection (LeaderElection.java:logAndReturn(94)) -   Response 1: b39db728-622c-42ae-954c-bd0dbc524ba7<-36cbda38-693f-49bb-be1a-3256c6faae50#0:FAIL-t1
2023-06-01 19:11:15,732 [grpc-default-executor-7] INFO  server.RaftServer$Division (RaftServerImpl.java:requestVote(1302)) - b39db728-622c-42ae-954c-bd0dbc524ba7@group-C6431D6FC4A4: receive requestVote(PRE_VOTE, 9125f905-aa43-4d0f-845d-e6cfd4dab0cd, group-C6431D6FC4A4, 0, (t:0, i:0))
2023-06-01 19:11:15,736 [b39db728-622c-42ae-954c-bd0dbc524ba7@group-C6431D6FC4A4-FollowerState] INFO  impl.FollowerState (FollowerState.java:run(143)) - b39db728-622c-42ae-954c-bd0dbc524ba7@group-C6431D6FC4A4-FollowerState: change to CANDIDATE, lastRpcElapsedTime:5104328780ns, electionTimeout:5099ms
2023-06-01 19:11:15,736 [b39db728-622c-42ae-954c-bd0dbc524ba7@group-54B8E535DF2F-LeaderElection17] INFO  impl.LeaderElection (LeaderElection.java:askForVotes(323)) - b39db728-622c-42ae-954c-bd0dbc524ba7@group-54B8E535DF2F-LeaderElection17 PRE_VOTE round 0: result DISCOVERED_A_NEW_TERM (term=1)
2023-06-01 19:11:15,739 [b39db728-622c-42ae-954c-bd0dbc524ba7@group-C6431D6FC4A4-FollowerState] INFO  impl.RoleInfo (RoleInfo.java:shutdownFollowerState(110)) - b39db728-622c-42ae-954c-bd0dbc524ba7: shutdown b39db728-622c-42ae-954c-bd0dbc524ba7@group-C6431D6FC4A4-FollowerState
2023-06-01 19:11:15,740 [b39db728-622c-42ae-954c-bd0dbc524ba7@group-C6431D6FC4A4-FollowerState] INFO  server.RaftServer$Division (RaftServerImpl.java:setRole(329)) - b39db728-622c-42ae-954c-bd0dbc524ba7@group-C6431D6FC4A4: changes role from  FOLLOWER to CANDIDATE at term 0 for changeToCandidate
2023-06-01 19:11:15,740 [b39db728-622c-42ae-954c-bd0dbc524ba7@group-C6431D6FC4A4-FollowerState] INFO  server.RaftServerConfigKeys (ConfUtils.java:logGet(46)) - raft.server.leaderelection.pre-vote = true (default)
2023-06-01 19:11:15,740 [b39db728-622c-42ae-954c-bd0dbc524ba7@group-C6431D6FC4A4-FollowerState] INFO  impl.RoleInfo (RoleInfo.java:updateAndGet(139)) - b39db728-622c-42ae-954c-bd0dbc524ba7: start b39db728-622c-42ae-954c-bd0dbc524ba7@group-C6431D6FC4A4-LeaderElection20
2023-06-01 19:11:15,740 [grpc-default-executor-4] INFO  server.RaftServer$Division (RaftServerImpl.java:requestVote(1302)) - 36cbda38-693f-49bb-be1a-3256c6faae50@group-C6431D6FC4A4: receive requestVote(PRE_VOTE, 9125f905-aa43-4d0f-845d-e6cfd4dab0cd, group-C6431D6FC4A4, 0, (t:0, i:0))
2023-06-01 19:11:15,740 [grpc-default-executor-3] INFO  server.RaftServer$Division (RaftServerImpl.java:requestVote(1335)) - b39db728-622c-42ae-954c-bd0dbc524ba7@group-54B8E535DF2F replies to ELECTION vote request: 36cbda38-693f-49bb-be1a-3256c6faae50<-b39db728-622c-42ae-954c-bd0dbc524ba7#0:OK-t1. Peer's state: b39db728-622c-42ae-954c-bd0dbc524ba7@group-54B8E535DF2F:t1, leader=null, voted=36cbda38-693f-49bb-be1a-3256c6faae50, raftlog=Memoized:b39db728-622c-42ae-954c-bd0dbc524ba7@group-54B8E535DF2F-SegmentedRaftLog:OPENED:c-1, conf=-1: peers:[b39db728-622c-42ae-954c-bd0dbc524ba7|rpc:10.1.0.196:15086|admin:10.1.0.196:15085|client:10.1.0.196:15084|dataStream:10.1.0.196:15087|priority:0|startupRole:FOLLOWER, 9125f905-aa43-4d0f-845d-e6cfd4dab0cd|rpc:10.1.0.196:15077|admin:10.1.0.196:15076|client:10.1.0.196:15075|dataStream:10.1.0.196:15078|priority:0|startupRole:FOLLOWER, 36cbda38-693f-49bb-be1a-3256c6faae50|rpc:10.1.0.196:15068|admin:10.1.0.196:15067|client:10.1.0.196:15066|dataStream:10.1.0.196:15069|priority:1|startupRole:FOLLOWER]|listeners:[], old=null
2023-06-01 19:11:15,740 [grpc-default-executor-4] INFO  impl.VoteContext (VoteContext.java:log(49)) - 36cbda38-693f-49bb-be1a-3256c6faae50@group-C6431D6FC4A4-FOLLOWER: accept PRE_VOTE from 9125f905-aa43-4d0f-845d-e6cfd4dab0cd: our priority 0 <= candidate's priority 0
2023-06-01 19:11:15,741 [grpc-default-executor-4] INFO  server.RaftServer$Division (RaftServerImpl.java:requestVote(1335)) - 36cbda38-693f-49bb-be1a-3256c6faae50@group-C6431D6FC4A4 replies to PRE_VOTE vote request: 9125f905-aa43-4d0f-845d-e6cfd4dab0cd<-36cbda38-693f-49bb-be1a-3256c6faae50#0:OK-t0. Peer's state: 36cbda38-693f-49bb-be1a-3256c6faae50@group-C6431D6FC4A4:t0, leader=null, voted=, raftlog=Memoized:36cbda38-693f-49bb-be1a-3256c6faae50@group-C6431D6FC4A4-SegmentedRaftLog:OPENED:c-1, conf=-1: peers:[b39db728-622c-42ae-954c-bd0dbc524ba7|rpc:10.1.0.196:15086|admin:10.1.0.196:15085|client:10.1.0.196:15084|dataStream:10.1.0.196:15087|priority:1|startupRole:FOLLOWER, 9125f905-aa43-4d0f-845d-e6cfd4dab0cd|rpc:10.1.0.196:15077|admin:10.1.0.196:15076|client:10.1.0.196:15075|dataStream:10.1.0.196:15078|priority:0|startupRole:FOLLOWER, 36cbda38-693f-49bb-be1a-3256c6faae50|rpc:10.1.0.196:15068|admin:10.1.0.196:15067|client:10.1.0.196:15066|dataStream:10.1.0.196:15069|priority:0|startupRole:FOLLOWER]|listeners:[], old=null
2023-06-01 19:11:15,743 [grpc-default-executor-7] INFO  impl.VoteContext (VoteContext.java:log(49)) - b39db728-622c-42ae-954c-bd0dbc524ba7@group-C6431D6FC4A4-CANDIDATE: reject PRE_VOTE from 9125f905-aa43-4d0f-845d-e6cfd4dab0cd: our priority 1 > candidate's priority 0
2023-06-01 19:11:15,743 [grpc-default-executor-7] INFO  server.RaftServer$Division (RaftServerImpl.java:requestVote(1335)) - b39db728-622c-42ae-954c-bd0dbc524ba7@group-C6431D6FC4A4 replies to PRE_VOTE vote request: 9125f905-aa43-4d0f-845d-e6cfd4dab0cd<-b39db728-622c-42ae-954c-bd0dbc524ba7#0:FAIL-t0. Peer's state: b39db728-622c-42ae-954c-bd0dbc524ba7@group-C6431D6FC4A4:t0, leader=null, voted=, raftlog=Memoized:b39db728-622c-42ae-954c-bd0dbc524ba7@group-C6431D6FC4A4-SegmentedRaftLog:OPENED:c-1, conf=-1: peers:[b39db728-622c-42ae-954c-bd0dbc524ba7|rpc:10.1.0.196:15086|admin:10.1.0.196:15085|client:10.1.0.196:15084|dataStream:10.1.0.196:15087|priority:1|startupRole:FOLLOWER, 9125f905-aa43-4d0f-845d-e6cfd4dab0cd|rpc:10.1.0.196:15077|admin:10.1.0.196:15076|client:10.1.0.196:15075|dataStream:10.1.0.196:15078|priority:0|startupRole:FOLLOWER, 36cbda38-693f-49bb-be1a-3256c6faae50|rpc:10.1.0.196:15068|admin:10.1.0.196:15067|client:10.1.0.196:15066|dataStream:10.1.0.196:15069|priority:0|startupRole:FOLLOWER]|listeners:[], old=null
2023-06-01 19:11:15,743 [b39db728-622c-42ae-954c-bd0dbc524ba7@group-C6431D6FC4A4-LeaderElection20] INFO  impl.LeaderElection (LeaderElection.java:askForVotes(321)) - b39db728-622c-42ae-954c-bd0dbc524ba7@group-C6431D6FC4A4-LeaderElection20 PRE_VOTE round 0: submit vote requests at term 0 for -1: peers:[b39db728-622c-42ae-954c-bd0dbc524ba7|rpc:10.1.0.196:15086|admin:10.1.0.196:15085|client:10.1.0.196:15084|dataStream:10.1.0.196:15087|priority:1|startupRole:FOLLOWER, 9125f905-aa43-4d0f-845d-e6cfd4dab0cd|rpc:10.1.0.196:15077|admin:10.1.0.196:15076|client:10.1.0.196:15075|dataStream:10.1.0.196:15078|priority:0|startupRole:FOLLOWER, 36cbda38-693f-49bb-be1a-3256c6faae50|rpc:10.1.0.196:15068|admin:10.1.0.196:15067|client:10.1.0.196:15066|dataStream:10.1.0.196:15069|priority:0|startupRole:FOLLOWER]|listeners:[], old=null
2023-06-01 19:11:15,743 [grpc-default-executor-1] INFO  server.RaftServer$Division (RaftServerImpl.java:requestVote(1335)) - 9125f905-aa43-4d0f-845d-e6cfd4dab0cd@group-54B8E535DF2F replies to ELECTION vote request: 36cbda38-693f-49bb-be1a-3256c6faae50<-9125f905-aa43-4d0f-845d-e6cfd4dab0cd#0:OK-t1. Peer's state: 9125f905-aa43-4d0f-845d-e6cfd4dab0cd@group-54B8E535DF2F:t1, leader=null, voted=36cbda38-693f-49bb-be1a-3256c6faae50, raftlog=Memoized:9125f905-aa43-4d0f-845d-e6cfd4dab0cd@group-54B8E535DF2F-SegmentedRaftLog:OPENED:c-1, conf=-1: peers:[b39db728-622c-42ae-954c-bd0dbc524ba7|rpc:10.1.0.196:15086|admin:10.1.0.196:15085|client:10.1.0.196:15084|dataStream:10.1.0.196:15087|priority:0|startupRole:FOLLOWER, 9125f905-aa43-4d0f-845d-e6cfd4dab0cd|rpc:10.1.0.196:15077|admin:10.1.0.196:15076|client:10.1.0.196:15075|dataStream:10.1.0.196:15078|priority:0|startupRole:FOLLOWER, 36cbda38-693f-49bb-be1a-3256c6faae50|rpc:10.1.0.196:15068|admin:10.1.0.196:15067|client:10.1.0.196:15066|dataStream:10.1.0.196:15069|priority:1|startupRole:FOLLOWER]|listeners:[], old=null
2023-06-01 19:11:15,744 [b39db728-622c-42ae-954c-bd0dbc524ba7@group-C6431D6FC4A4-LeaderElection20] INFO  server.RaftServerConfigKeys (ConfUtils.java:logFallback(53)) - raft.server.rpc.first-election.timeout.min = 5s (fallback to raft.server.rpc.timeout.min)
2023-06-01 19:11:15,745 [b39db728-622c-42ae-954c-bd0dbc524ba7@group-C6431D6FC4A4-LeaderElection20] INFO  server.RaftServerConfigKeys (ConfUtils.java:logFallback(53)) - raft.server.rpc.first-election.timeout.max = 5200ms (fallback to raft.server.rpc.timeout.max)
2023-06-01 19:11:15,753 [9125f905-aa43-4d0f-845d-e6cfd4dab0cd@group-C6431D6FC4A4-LeaderElection19] INFO  impl.LeaderElection (LeaderElection.java:logAndReturn(90)) - 9125f905-aa43-4d0f-845d-e6cfd4dab0cd@group-C6431D6FC4A4-LeaderElection19: PRE_VOTE REJECTED received 1 response(s) and 0 exception(s):
2023-06-01 19:11:15,753 [9125f905-aa43-4d0f-845d-e6cfd4dab0cd@group-C6431D6FC4A4-LeaderElection19] INFO  impl.LeaderElection (LeaderElection.java:logAndReturn(94)) -   Response 0: 9125f905-aa43-4d0f-845d-e6cfd4dab0cd<-b39db728-622c-42ae-954c-bd0dbc524ba7#0:FAIL-t0
2023-06-01 19:11:15,753 [9125f905-aa43-4d0f-845d-e6cfd4dab0cd@group-C6431D6FC4A4-LeaderElection19] INFO  impl.LeaderElection (LeaderElection.java:askForVotes(323)) - 9125f905-aa43-4d0f-845d-e6cfd4dab0cd@group-C6431D6FC4A4-LeaderElection19 PRE_VOTE round 0: result REJECTED
2023-06-01 19:11:15,753 [9125f905-aa43-4d0f-845d-e6cfd4dab0cd@group-C6431D6FC4A4-LeaderElection19] INFO  server.RaftServer$Division (RaftServerImpl.java:setRole(329)) - 9125f905-aa43-4d0f-845d-e6cfd4dab0cd@group-C6431D6FC4A4: changes role from CANDIDATE to FOLLOWER at term 0 for REJECTED
2023-06-01 19:11:15,753 [9125f905-aa43-4d0f-845d-e6cfd4dab0cd@group-C6431D6FC4A4-LeaderElection19] INFO  impl.RoleInfo (RoleInfo.java:shutdownLeaderElection(130)) - 9125f905-aa43-4d0f-845d-e6cfd4dab0cd: shutdown 9125f905-aa43-4d0f-845d-e6cfd4dab0cd@group-C6431D6FC4A4-LeaderElection19
2023-06-01 19:11:15,753 [9125f905-aa43-4d0f-845d-e6cfd4dab0cd@group-C6431D6FC4A4-LeaderElection19] INFO  impl.RoleInfo (RoleInfo.java:updateAndGet(139)) - 9125f905-aa43-4d0f-845d-e6cfd4dab0cd: start 9125f905-aa43-4d0f-845d-e6cfd4dab0cd@group-C6431D6FC4A4-FollowerState
2023-06-01 19:11:15,753 [36cbda38-693f-49bb-be1a-3256c6faae50@group-54B8E535DF2F-LeaderElection16] INFO  impl.LeaderElection (LeaderElection.java:logAndReturn(90)) - 36cbda38-693f-49bb-be1a-3256c6faae50@group-54B8E535DF2F-LeaderElection16: ELECTION PASSED received 1 response(s) and 0 exception(s):
2023-06-01 19:11:15,753 [36cbda38-693f-49bb-be1a-3256c6faae50@group-54B8E535DF2F-LeaderElection16] INFO  impl.LeaderElection (LeaderElection.java:logAndReturn(94)) -   Response 0: 36cbda38-693f-49bb-be1a-3256c6faae50<-b39db728-622c-42ae-954c-bd0dbc524ba7#0:OK-t1
2023-06-01 19:11:15,753 [grpc-default-executor-1] INFO  server.RaftServer$Division (RaftServerImpl.java:requestVote(1302)) - 36cbda38-693f-49bb-be1a-3256c6faae50@group-C6431D6FC4A4: receive requestVote(PRE_VOTE, b39db728-622c-42ae-954c-bd0dbc524ba7, group-C6431D6FC4A4, 0, (t:0, i:0))
2023-06-01 19:11:15,754 [grpc-default-executor-1] INFO  impl.VoteContext (VoteContext.java:log(49)) - 36cbda38-693f-49bb-be1a-3256c6faae50@group-C6431D6FC4A4-FOLLOWER: accept PRE_VOTE from b39db728-622c-42ae-954c-bd0dbc524ba7: our priority 0 <= candidate's priority 1
2023-06-01 19:11:15,754 [grpc-default-executor-1] INFO  server.RaftServer$Division (RaftServerImpl.java:requestVote(1335)) - 36cbda38-693f-49bb-be1a-3256c6faae50@group-C6431D6FC4A4 replies to PRE_VOTE vote request: b39db728-622c-42ae-954c-bd0dbc524ba7<-36cbda38-693f-49bb-be1a-3256c6faae50#0:OK-t0. Peer's state: 36cbda38-693f-49bb-be1a-3256c6faae50@group-C6431D6FC4A4:t0, leader=null, voted=, raftlog=Memoized:36cbda38-693f-49bb-be1a-3256c6faae50@group-C6431D6FC4A4-SegmentedRaftLog:OPENED:c-1, conf=-1: peers:[b39db728-622c-42ae-954c-bd0dbc524ba7|rpc:10.1.0.196:15086|admin:10.1.0.196:15085|client:10.1.0.196:15084|dataStream:10.1.0.196:15087|priority:1|startupRole:FOLLOWER, 9125f905-aa43-4d0f-845d-e6cfd4dab0cd|rpc:10.1.0.196:15077|admin:10.1.0.196:15076|client:10.1.0.196:15075|dataStream:10.1.0.196:15078|priority:0|startupRole:FOLLOWER, 36cbda38-693f-49bb-be1a-3256c6faae50|rpc:10.1.0.196:15068|admin:10.1.0.196:15067|client:10.1.0.196:15066|dataStream:10.1.0.196:15069|priority:0|startupRole:FOLLOWER]|listeners:[], old=null
2023-06-01 19:11:15,754 [grpc-default-executor-1] INFO  server.RaftServer$Division (RaftServerImpl.java:requestVote(1302)) - 9125f905-aa43-4d0f-845d-e6cfd4dab0cd@group-C6431D6FC4A4: receive requestVote(PRE_VOTE, b39db728-622c-42ae-954c-bd0dbc524ba7, group-C6431D6FC4A4, 0, (t:0, i:0))
2023-06-01 19:11:15,756 [grpc-default-executor-1] INFO  impl.VoteContext (VoteContext.java:log(49)) - 9125f905-aa43-4d0f-845d-e6cfd4dab0cd@group-C6431D6FC4A4-FOLLOWER: accept PRE_VOTE from b39db728-622c-42ae-954c-bd0dbc524ba7: our priority 0 <= candidate's priority 1
2023-06-01 19:11:15,756 [grpc-default-executor-1] INFO  server.RaftServer$Division (RaftServerImpl.java:requestVote(1335)) - 9125f905-aa43-4d0f-845d-e6cfd4dab0cd@group-C6431D6FC4A4 replies to PRE_VOTE vote request: b39db728-622c-42ae-954c-bd0dbc524ba7<-9125f905-aa43-4d0f-845d-e6cfd4dab0cd#0:OK-t0. Peer's state: 9125f905-aa43-4d0f-845d-e6cfd4dab0cd@group-C6431D6FC4A4:t0, leader=null, voted=, raftlog=Memoized:9125f905-aa43-4d0f-845d-e6cfd4dab0cd@group-C6431D6FC4A4-SegmentedRaftLog:OPENED:c-1, conf=-1: peers:[b39db728-622c-42ae-954c-bd0dbc524ba7|rpc:10.1.0.196:15086|admin:10.1.0.196:15085|client:10.1.0.196:15084|dataStream:10.1.0.196:15087|priority:1|startupRole:FOLLOWER, 9125f905-aa43-4d0f-845d-e6cfd4dab0cd|rpc:10.1.0.196:15077|admin:10.1.0.196:15076|client:10.1.0.196:15075|dataStream:10.1.0.196:15078|priority:0|startupRole:FOLLOWER, 36cbda38-693f-49bb-be1a-3256c6faae50|rpc:10.1.0.196:15068|admin:10.1.0.196:15067|client:10.1.0.196:15066|dataStream:10.1.0.196:15069|priority:0|startupRole:FOLLOWER]|listeners:[], old=null
2023-06-01 19:11:15,757 [b39db728-622c-42ae-954c-bd0dbc524ba7@group-C6431D6FC4A4-LeaderElection20] INFO  impl.LeaderElection (LeaderElection.java:logAndReturn(90)) - b39db728-622c-42ae-954c-bd0dbc524ba7@group-C6431D6FC4A4-LeaderElection20: PRE_VOTE PASSED received 1 response(s) and 0 exception(s):
2023-06-01 19:11:15,757 [36cbda38-693f-49bb-be1a-3256c6faae50@group-54B8E535DF2F-LeaderElection16] INFO  impl.LeaderElection (LeaderElection.java:askForVotes(323)) - 36cbda38-693f-49bb-be1a-3256c6faae50@group-54B8E535DF2F-LeaderElection16 ELECTION round 0: result PASSED
2023-06-01 19:11:15,757 [36cbda38-693f-49bb-be1a-3256c6faae50@group-54B8E535DF2F-LeaderElection16] INFO  impl.RoleInfo (RoleInfo.java:shutdownLeaderElection(130)) - 36cbda38-693f-49bb-be1a-3256c6faae50: shutdown 36cbda38-693f-49bb-be1a-3256c6faae50@group-54B8E535DF2F-LeaderElection16
2023-06-01 19:11:15,757 [36cbda38-693f-49bb-be1a-3256c6faae50@group-54B8E535DF2F-LeaderElection16] INFO  server.RaftServer$Division (RaftServerImpl.java:setRole(329)) - 36cbda38-693f-49bb-be1a-3256c6faae50@group-54B8E535DF2F: changes role from CANDIDATE to LEADER at term 1 for changeToLeader
2023-06-01 19:11:15,757 [36cbda38-693f-49bb-be1a-3256c6faae50@group-54B8E535DF2F-LeaderElection16] INFO  ratis.XceiverServerRatis (XceiverServerRatis.java:handleLeaderChangedNotification(902)) - Leader change notification received for group: group-54B8E535DF2F with new leaderId: 36cbda38-693f-49bb-be1a-3256c6faae50
2023-06-01 19:11:15,757 [b39db728-622c-42ae-954c-bd0dbc524ba7@group-C6431D6FC4A4-LeaderElection20] INFO  impl.LeaderElection (LeaderElection.java:logAndReturn(94)) -   Response 0: b39db728-622c-42ae-954c-bd0dbc524ba7<-9125f905-aa43-4d0f-845d-e6cfd4dab0cd#0:OK-t0
2023-06-01 19:11:15,757 [36cbda38-693f-49bb-be1a-3256c6faae50@group-54B8E535DF2F-LeaderElection16] INFO  server.RaftServer$Division (ServerState.java:setLeader(317)) - 36cbda38-693f-49bb-be1a-3256c6faae50@group-54B8E535DF2F: change Leader from null to 36cbda38-693f-49bb-be1a-3256c6faae50 at term 1 for becomeLeader, leader elected after 5292ms
2023-06-01 19:11:15,757 [b39db728-622c-42ae-954c-bd0dbc524ba7@group-C6431D6FC4A4-LeaderElection20] INFO  impl.LeaderElection (LeaderElection.java:askForVotes(323)) - b39db728-622c-42ae-954c-bd0dbc524ba7@group-C6431D6FC4A4-LeaderElection20 PRE_VOTE round 0: result PASSED
2023-06-01 19:11:15,757 [36cbda38-693f-49bb-be1a-3256c6faae50@group-54B8E535DF2F-LeaderElection16] INFO  server.RaftServerConfigKeys (ConfUtils.java:logGet(46)) - raft.server.staging.catchup.gap = 1000 (default)
2023-06-01 19:11:15,757 [36cbda38-693f-49bb-be1a-3256c6faae50@group-54B8E535DF2F-LeaderElection16] INFO  server.RaftServerConfigKeys (ConfUtils.java:logGet(46)) - raft.server.write.element-limit = 1024 (custom)
2023-06-01 19:11:15,757 [36cbda38-693f-49bb-be1a-3256c6faae50@group-54B8E535DF2F-LeaderElection16] INFO  server.RaftServerConfigKeys (ConfUtils.java:logGet(46)) - raft.server.write.byte-limit = 1024 M (=1073741824) (custom)
2023-06-01 19:11:15,758 [36cbda38-693f-49bb-be1a-3256c6faae50@group-54B8E535DF2F-LeaderElection16] INFO  server.RaftServerConfigKeys (ConfUtils.java:logGet(46)) - raft.server.watch.timeout = 180s (custom)
2023-06-01 19:11:15,758 [36cbda38-693f-49bb-be1a-3256c6faae50@group-54B8E535DF2F-LeaderElection16] INFO  server.RaftServerConfigKeys (ConfUtils.java:logGet(46)) - raft.server.watch.timeout.denomination = 1s (default)
2023-06-01 19:11:15,758 [36cbda38-693f-49bb-be1a-3256c6faae50@group-54B8E535DF2F-LeaderElection16] INFO  server.RaftServerConfigKeys (ConfUtils.java:logGet(46)) - raft.server.watch.element-limit = 65536 (default)
2023-06-01 19:11:15,758 [36cbda38-693f-49bb-be1a-3256c6faae50@group-54B8E535DF2F-LeaderElection16] INFO  server.RaftServerConfigKeys (ConfUtils.java:logGet(46)) - raft.server.write.element-limit = 1024 (custom)
2023-06-01 19:11:15,758 [36cbda38-693f-49bb-be1a-3256c6faae50@group-54B8E535DF2F-LeaderElection16] INFO  server.RaftServerConfigKeys (ConfUtils.java:logGet(46)) - raft.server.write.follower.gap.ratio.max = -1.0 (default)
2023-06-01 19:11:15,759 [36cbda38-693f-49bb-be1a-3256c6faae50@group-54B8E535DF2F-LeaderElection16] INFO  server.RaftServerConfigKeys (ConfUtils.java:logGet(46)) - raft.server.log.appender.snapshot.chunk.size.max = 16MB (=16777216) (default)
2023-06-01 19:11:15,759 [36cbda38-693f-49bb-be1a-3256c6faae50@group-54B8E535DF2F-LeaderElection16] INFO  server.RaftServerConfigKeys (ConfUtils.java:logGet(46)) - raft.server.log.appender.buffer.byte-limit = 33554432 (custom)
2023-06-01 19:11:15,759 [36cbda38-693f-49bb-be1a-3256c6faae50@group-54B8E535DF2F-LeaderElection16] INFO  server.RaftServerConfigKeys (ConfUtils.java:logGet(46)) - raft.server.log.appender.buffer.element-limit = 1 (custom)
2023-06-01 19:11:15,759 [36cbda38-693f-49bb-be1a-3256c6faae50@group-54B8E535DF2F-LeaderElection16] INFO  server.RaftServerConfigKeys (ConfUtils.java:logGet(46)) - raft.server.log.appender.wait-time.min = 10ms (default)
2023-06-01 19:11:15,759 [36cbda38-693f-49bb-be1a-3256c6faae50@group-54B8E535DF2F-LeaderElection16] INFO  grpc.GrpcConfigKeys (ConfUtils.java:logGet(46)) - raft.grpc.server.leader.outstanding.appends.max = 128 (default)
2023-06-01 19:11:15,759 [36cbda38-693f-49bb-be1a-3256c6faae50@group-54B8E535DF2F-LeaderElection16] INFO  server.RaftServerConfigKeys (ConfUtils.java:logGet(46)) - raft.server.rpc.request.timeout = 60s (custom)
2023-06-01 19:11:15,759 [36cbda38-693f-49bb-be1a-3256c6faae50@group-54B8E535DF2F-LeaderElection16] INFO  grpc.GrpcConfigKeys (ConfUtils.java:logGet(46)) - raft.grpc.server.install_snapshot.request.element-limit = 8 (default)
2023-06-01 19:11:15,759 [36cbda38-693f-49bb-be1a-3256c6faae50@group-54B8E535DF2F-LeaderElection16] INFO  grpc.GrpcConfigKeys (ConfUtils.java:logGet(46)) - raft.grpc.server.install_snapshot.request.timeout = 3000ms (default)
2023-06-01 19:11:15,759 [36cbda38-693f-49bb-be1a-3256c6faae50@group-54B8E535DF2F-LeaderElection16] INFO  server.RaftServerConfigKeys (ConfUtils.java:logGet(46)) - raft.server.log.appender.install.snapshot.enabled = false (custom)
2023-06-01 19:11:15,759 [36cbda38-693f-49bb-be1a-3256c6faae50@group-54B8E535DF2F-LeaderElection16] INFO  grpc.GrpcConfigKeys (ConfUtils.java:logGet(46)) - raft.grpc.server.heartbeat.channel = true (default)
2023-06-01 19:11:15,759 [EventQueue-PipelineReportForPipelineReportHandler] INFO  pipeline.PipelineManagerImpl (PipelineManagerImpl.java:openPipeline(367)) - Pipeline Pipeline[ Id: 51726eaa-9882-4518-94a4-54b8e535df2f, Nodes: 36cbda38-693f-49bb-be1a-3256c6faae50(fv-az163-187.kzyshwy3mise5klwsllqwzgzyb.cx.internal.cloudapp.net/10.1.0.196)9125f905-aa43-4d0f-845d-e6cfd4dab0cd(fv-az163-187.kzyshwy3mise5klwsllqwzgzyb.cx.internal.cloudapp.net/10.1.0.196)b39db728-622c-42ae-954c-bd0dbc524ba7(fv-az163-187.kzyshwy3mise5klwsllqwzgzyb.cx.internal.cloudapp.net/10.1.0.196), ReplicationConfig: RATIS/THREE, State:ALLOCATED, leaderId:36cbda38-693f-49bb-be1a-3256c6faae50, CreationTimestamp2023-06-01T19:11:08.202Z[Etc/UTC]] moved to OPEN state
2023-06-01 19:11:15,760 [36cbda38-693f-49bb-be1a-3256c6faae50@group-54B8E535DF2F-LeaderElection16] INFO  server.RaftServerConfigKeys (ConfUtils.java:logGet(46)) - raft.server.log.appender.snapshot.chunk.size.max = 16MB (=16777216) (default)
2023-06-01 19:11:15,760 [36cbda38-693f-49bb-be1a-3256c6faae50@group-54B8E535DF2F-LeaderElection16] INFO  server.RaftServerConfigKeys (ConfUtils.java:logGet(46)) - raft.server.log.appender.buffer.byte-limit = 33554432 (custom)
2023-06-01 19:11:15,760 [36cbda38-693f-49bb-be1a-3256c6faae50@group-54B8E535DF2F-LeaderElection16] INFO  server.RaftServerConfigKeys (ConfUtils.java:logGet(46)) - raft.server.log.appender.buffer.element-limit = 1 (custom)
2023-06-01 19:11:15,760 [36cbda38-693f-49bb-be1a-3256c6faae50@group-54B8E535DF2F-LeaderElection16] INFO  server.RaftServerConfigKeys (ConfUtils.java:logGet(46)) - raft.server.log.appender.wait-time.min = 10ms (default)
2023-06-01 19:11:15,760 [36cbda38-693f-49bb-be1a-3256c6faae50@group-54B8E535DF2F-LeaderElection16] INFO  grpc.GrpcConfigKeys (ConfUtils.java:logGet(46)) - raft.grpc.server.leader.outstanding.appends.max = 128 (default)
2023-06-01 19:11:15,760 [36cbda38-693f-49bb-be1a-3256c6faae50@group-54B8E535DF2F-LeaderElection16] INFO  server.RaftServerConfigKeys (ConfUtils.java:logGet(46)) - raft.server.rpc.request.timeout = 60s (custom)
2023-06-01 19:11:15,760 [36cbda38-693f-49bb-be1a-3256c6faae50@group-54B8E535DF2F-LeaderElection16] INFO  grpc.GrpcConfigKeys (ConfUtils.java:logGet(46)) - raft.grpc.server.install_snapshot.request.element-limit = 8 (default)
2023-06-01 19:11:15,760 [36cbda38-693f-49bb-be1a-3256c6faae50@group-54B8E535DF2F-LeaderElection16] INFO  grpc.GrpcConfigKeys (ConfUtils.java:logGet(46)) - raft.grpc.server.install_snapshot.request.timeout = 3000ms (default)
2023-06-01 19:11:15,760 [36cbda38-693f-49bb-be1a-3256c6faae50@group-54B8E535DF2F-LeaderElection16] INFO  server.RaftServerConfigKeys (ConfUtils.java:logGet(46)) - raft.server.log.appender.install.snapshot.enabled = false (custom)
2023-06-01 19:11:15,760 [36cbda38-693f-49bb-be1a-3256c6faae50@group-54B8E535DF2F-LeaderElection16] INFO  grpc.GrpcConfigKeys (ConfUtils.java:logGet(46)) - raft.grpc.server.heartbeat.channel = true (default)
2023-06-01 19:11:15,761 [b39db728-622c-42ae-954c-bd0dbc524ba7@group-C6431D6FC4A4-LeaderElection20] INFO  impl.LeaderElection (LeaderElection.java:askForVotes(321)) - b39db728-622c-42ae-954c-bd0dbc524ba7@group-C6431D6FC4A4-LeaderElection20 ELECTION round 0: submit vote requests at term 1 for -1: peers:[b39db728-622c-42ae-954c-bd0dbc524ba7|rpc:10.1.0.196:15086|admin:10.1.0.196:15085|client:10.1.0.196:15084|dataStream:10.1.0.196:15087|priority:1|startupRole:FOLLOWER, 9125f905-aa43-4d0f-845d-e6cfd4dab0cd|rpc:10.1.0.196:15077|admin:10.1.0.196:15076|client:10.1.0.196:15075|dataStream:10.1.0.196:15078|priority:0|startupRole:FOLLOWER, 36cbda38-693f-49bb-be1a-3256c6faae50|rpc:10.1.0.196:15068|admin:10.1.0.196:15067|client:10.1.0.196:15066|dataStream:10.1.0.196:15069|priority:0|startupRole:FOLLOWER]|listeners:[], old=null
2023-06-01 19:11:15,763 [36cbda38-693f-49bb-be1a-3256c6faae50@group-54B8E535DF2F-LeaderElection16] INFO  impl.RoleInfo (RoleInfo.java:updateAndGet(139)) - 36cbda38-693f-49bb-be1a-3256c6faae50: start 36cbda38-693f-49bb-be1a-3256c6faae50@group-54B8E535DF2F-LeaderStateImpl
2023-06-01 19:11:15,763 [36cbda38-693f-49bb-be1a-3256c6faae50@group-54B8E535DF2F-LeaderElection16] INFO  segmented.SegmentedRaftLogWorker (SegmentedRaftLogWorker.java:startLogSegment(447)) - 36cbda38-693f-49bb-be1a-3256c6faae50@group-54B8E535DF2F-SegmentedRaftLogWorker: Starting segment from index:0
2023-06-01 19:11:15,768 [b39db728-622c-42ae-954c-bd0dbc524ba7@group-C6431D6FC4A4-LeaderElection20] INFO  server.RaftServerConfigKeys (ConfUtils.java:logFallback(53)) - raft.server.rpc.first-election.timeout.min = 5s (fallback to raft.server.rpc.timeout.min)
2023-06-01 19:11:15,768 [b39db728-622c-42ae-954c-bd0dbc524ba7@group-C6431D6FC4A4-LeaderElection20] INFO  server.RaftServerConfigKeys (ConfUtils.java:logFallback(53)) - raft.server.rpc.first-election.timeout.max = 5200ms (fallback to raft.server.rpc.timeout.max)
2023-06-01 19:11:15,770 [36cbda38-693f-49bb-be1a-3256c6faae50@group-54B8E535DF2F-SegmentedRaftLogWorker] INFO  segmented.SegmentedRaftLogWorker (SegmentedRaftLogWorker.java:execute(651)) - 36cbda38-693f-49bb-be1a-3256c6faae50@group-54B8E535DF2F-SegmentedRaftLogWorker: created new log segment /home/runner/work/ozone/ozone/hadoop-ozone/integration-test/target/test-dir/MiniOzoneClusterImpl-59aba430-7466-43cf-ac60-ffcd1bd17169/datanode-6/data/ratis/51726eaa-9882-4518-94a4-54b8e535df2f/current/log_inprogress_0
2023-06-01 19:11:15,771 [grpc-default-executor-1] INFO  server.RaftServer$Division (RaftServerImpl.java:requestVote(1302)) - 9125f905-aa43-4d0f-845d-e6cfd4dab0cd@group-C6431D6FC4A4: receive requestVote(ELECTION, b39db728-622c-42ae-954c-bd0dbc524ba7, group-C6431D6FC4A4, 1, (t:0, i:0))
2023-06-01 19:11:15,771 [grpc-default-executor-1] INFO  impl.VoteContext (VoteContext.java:log(49)) - 9125f905-aa43-4d0f-845d-e6cfd4dab0cd@group-C6431D6FC4A4-FOLLOWER: accept ELECTION from b39db728-622c-42ae-954c-bd0dbc524ba7: our priority 0 <= candidate's priority 1
2023-06-01 19:11:15,771 [grpc-default-executor-1] INFO  server.RaftServer$Division (RaftServerImpl.java:setRole(329)) - 9125f905-aa43-4d0f-845d-e6cfd4dab0cd@group-C6431D6FC4A4: changes role from  FOLLOWER to FOLLOWER at term 1 for candidate:b39db728-622c-42ae-954c-bd0dbc524ba7
2023-06-01 19:11:15,771 [grpc-default-executor-1] INFO  impl.RoleInfo (RoleInfo.java:shutdownFollowerState(110)) - 9125f905-aa43-4d0f-845d-e6cfd4dab0cd: shutdown 9125f905-aa43-4d0f-845d-e6cfd4dab0cd@group-C6431D6FC4A4-FollowerState
2023-06-01 19:11:15,776 [grpc-default-executor-7] INFO  server.RaftServer$Division (RaftServerImpl.java:requestVote(1302)) - 36cbda38-693f-49bb-be1a-3256c6faae50@group-C6431D6FC4A4: receive requestVote(ELECTION, b39db728-622c-42ae-954c-bd0dbc524ba7, group-C6431D6FC4A4, 1, (t:0, i:0))
2023-06-01 19:11:15,776 [grpc-default-executor-7] INFO  impl.VoteContext (VoteContext.java:log(49)) - 36cbda38-693f-49bb-be1a-3256c6faae50@group-C6431D6FC4A4-FOLLOWER: accept ELECTION from b39db728-622c-42ae-954c-bd0dbc524ba7: our priority 0 <= candidate's priority 1
2023-06-01 19:11:15,776 [grpc-default-executor-7] INFO  server.RaftServer$Division (RaftServerImpl.java:setRole(329)) - 36cbda38-693f-49bb-be1a-3256c6faae50@group-C6431D6FC4A4: changes role from  FOLLOWER to FOLLOWER at term 1 for candidate:b39db728-622c-42ae-954c-bd0dbc524ba7
2023-06-01 19:11:15,776 [grpc-default-executor-7] INFO  impl.RoleInfo (RoleInfo.java:shutdownFollowerState(110)) - 36cbda38-693f-49bb-be1a-3256c6faae50: shutdown 36cbda38-693f-49bb-be1a-3256c6faae50@group-C6431D6FC4A4-FollowerState
2023-06-01 19:11:15,781 [36cbda38-693f-49bb-be1a-3256c6faae50@group-54B8E535DF2F-LeaderElection16] INFO  server.RaftServer$Division (ServerState.java:setRaftConf(434)) - 36cbda38-693f-49bb-be1a-3256c6faae50@group-54B8E535DF2F: set configuration 0: peers:[b39db728-622c-42ae-954c-bd0dbc524ba7|rpc:10.1.0.196:15086|admin:10.1.0.196:15085|client:10.1.0.196:15084|dataStream:10.1.0.196:15087|priority:0|startupRole:FOLLOWER, 9125f905-aa43-4d0f-845d-e6cfd4dab0cd|rpc:10.1.0.196:15077|admin:10.1.0.196:15076|client:10.1.0.196:15075|dataStream:10.1.0.196:15078|priority:0|startupRole:FOLLOWER, 36cbda38-693f-49bb-be1a-3256c6faae50|rpc:10.1.0.196:15068|admin:10.1.0.196:15067|client:10.1.0.196:15066|dataStream:10.1.0.196:15069|priority:1|startupRole:FOLLOWER]|listeners:[], old=null
2023-06-01 19:11:15,782 [grpc-default-executor-7] INFO  impl.RoleInfo (RoleInfo.java:updateAndGet(139)) - 36cbda38-693f-49bb-be1a-3256c6faae50: start 36cbda38-693f-49bb-be1a-3256c6faae50@group-C6431D6FC4A4-FollowerState
2023-06-01 19:11:15,782 [36cbda38-693f-49bb-be1a-3256c6faae50@group-C6431D6FC4A4-FollowerState] INFO  impl.FollowerState (FollowerState.java:run(152)) - 36cbda38-693f-49bb-be1a-3256c6faae50@group-C6431D6FC4A4-FollowerState was interrupted
2023-06-01 19:11:15,784 [grpc-default-executor-7] INFO  server.RaftServer$Division (RaftServerImpl.java:requestVote(1335)) - 36cbda38-693f-49bb-be1a-3256c6faae50@group-C6431D6FC4A4 replies to ELECTION vote request: b39db728-622c-42ae-954c-bd0dbc524ba7<-36cbda38-693f-49bb-be1a-3256c6faae50#0:OK-t1. Peer's state: 36cbda38-693f-49bb-be1a-3256c6faae50@group-C6431D6FC4A4:t1, leader=null, voted=b39db728-622c-42ae-954c-bd0dbc524ba7, raftlog=Memoized:36cbda38-693f-49bb-be1a-3256c6faae50@group-C6431D6FC4A4-SegmentedRaftLog:OPENED:c-1, conf=-1: peers:[b39db728-622c-42ae-954c-bd0dbc524ba7|rpc:10.1.0.196:15086|admin:10.1.0.196:15085|client:10.1.0.196:15084|dataStream:10.1.0.196:15087|priority:1|startupRole:FOLLOWER, 9125f905-aa43-4d0f-845d-e6cfd4dab0cd|rpc:10.1.0.196:15077|admin:10.1.0.196:15076|client:10.1.0.196:15075|dataStream:10.1.0.196:15078|priority:0|startupRole:FOLLOWER, 36cbda38-693f-49bb-be1a-3256c6faae50|rpc:10.1.0.196:15068|admin:10.1.0.196:15067|client:10.1.0.196:15066|dataStream:10.1.0.196:15069|priority:0|startupRole:FOLLOWER]|listeners:[], old=null
2023-06-01 19:11:15,785 [b39db728-622c-42ae-954c-bd0dbc524ba7@group-C6431D6FC4A4-LeaderElection20] INFO  impl.LeaderElection (LeaderElection.java:logAndReturn(90)) - b39db728-622c-42ae-954c-bd0dbc524ba7@group-C6431D6FC4A4-LeaderElection20: ELECTION PASSED received 1 response(s) and 0 exception(s):
2023-06-01 19:11:15,785 [b39db728-622c-42ae-954c-bd0dbc524ba7@group-C6431D6FC4A4-LeaderElection20] INFO  impl.LeaderElection (LeaderElection.java:logAndReturn(94)) -   Response 0: b39db728-622c-42ae-954c-bd0dbc524ba7<-36cbda38-693f-49bb-be1a-3256c6faae50#0:OK-t1
2023-06-01 19:11:15,785 [b39db728-622c-42ae-954c-bd0dbc524ba7@group-C6431D6FC4A4-LeaderElection20] INFO  impl.LeaderElection (LeaderElection.java:askForVotes(323)) - b39db728-622c-42ae-954c-bd0dbc524ba7@group-C6431D6FC4A4-LeaderElection20 ELECTION round 0: result PASSED
2023-06-01 19:11:15,785 [b39db728-622c-42ae-954c-bd0dbc524ba7@group-C6431D6FC4A4-LeaderElection20] INFO  impl.RoleInfo (RoleInfo.java:shutdownLeaderElection(130)) - b39db728-622c-42ae-954c-bd0dbc524ba7: shutdown b39db728-622c-42ae-954c-bd0dbc524ba7@group-C6431D6FC4A4-LeaderElection20
2023-06-01 19:11:15,785 [b39db728-622c-42ae-954c-bd0dbc524ba7@group-C6431D6FC4A4-LeaderElection20] INFO  server.RaftServer$Division (RaftServerImpl.java:setRole(329)) - b39db728-622c-42ae-954c-bd0dbc524ba7@group-C6431D6FC4A4: changes role from CANDIDATE to LEADER at term 1 for changeToLeader
2023-06-01 19:11:15,785 [b39db728-622c-42ae-954c-bd0dbc524ba7@group-C6431D6FC4A4-LeaderElection20] INFO  ratis.XceiverServerRatis (XceiverServerRatis.java:handleLeaderChangedNotification(902)) - Leader change notification received for group: group-C6431D6FC4A4 with new leaderId: b39db728-622c-42ae-954c-bd0dbc524ba7
2023-06-01 19:11:15,785 [grpc-default-executor-1] INFO  impl.RoleInfo (RoleInfo.java:updateAndGet(139)) - 9125f905-aa43-4d0f-845d-e6cfd4dab0cd: start 9125f905-aa43-4d0f-845d-e6cfd4dab0cd@group-C6431D6FC4A4-FollowerState
2023-06-01 19:11:15,790 [grpc-default-executor-1] INFO  server.RaftServer$Division (RaftServerImpl.java:requestVote(1335)) - 9125f905-aa43-4d0f-845d-e6cfd4dab0cd@group-C6431D6FC4A4 replies to ELECTION vote request: b39db728-622c-42ae-954c-bd0dbc524ba7<-9125f905-aa43-4d0f-845d-e6cfd4dab0cd#0:OK-t1. Peer's state: 9125f905-aa43-4d0f-845d-e6cfd4dab0cd@group-C6431D6FC4A4:t1, leader=null, voted=b39db728-622c-42ae-954c-bd0dbc524ba7, raftlog=Memoized:9125f905-aa43-4d0f-845d-e6cfd4dab0cd@group-C6431D6FC4A4-SegmentedRaftLog:OPENED:c-1, conf=-1: peers:[b39db728-622c-42ae-954c-bd0dbc524ba7|rpc:10.1.0.196:15086|admin:10.1.0.196:15085|client:10.1.0.196:15084|dataStream:10.1.0.196:15087|priority:1|startupRole:FOLLOWER, 9125f905-aa43-4d0f-845d-e6cfd4dab0cd|rpc:10.1.0.196:15077|admin:10.1.0.196:15076|client:10.1.0.196:15075|dataStream:10.1.0.196:15078|priority:0|startupRole:FOLLOWER, 36cbda38-693f-49bb-be1a-3256c6faae50|rpc:10.1.0.196:15068|admin:10.1.0.196:15067|client:10.1.0.196:15066|dataStream:10.1.0.196:15069|priority:0|startupRole:FOLLOWER]|listeners:[], old=null
2023-06-01 19:11:15,796 [9125f905-aa43-4d0f-845d-e6cfd4dab0cd@group-C6431D6FC4A4-FollowerState] INFO  impl.FollowerState (FollowerState.java:run(152)) - 9125f905-aa43-4d0f-845d-e6cfd4dab0cd@group-C6431D6FC4A4-FollowerState was interrupted
2023-06-01 19:11:15,803 [b39db728-622c-42ae-954c-bd0dbc524ba7-server-thread1] INFO  ratis.XceiverServerRatis (XceiverServerRatis.java:handleLeaderChangedNotification(902)) - Leader change notification received for group: group-54B8E535DF2F with new leaderId: 36cbda38-693f-49bb-be1a-3256c6faae50
2023-06-01 19:11:15,803 [b39db728-622c-42ae-954c-bd0dbc524ba7-server-thread1] INFO  server.RaftServer$Division (ServerState.java:setLeader(317)) - b39db728-622c-42ae-954c-bd0dbc524ba7@group-54B8E535DF2F: change Leader from null to 36cbda38-693f-49bb-be1a-3256c6faae50 at term 1 for appendEntries, leader elected after 5246ms
2023-06-01 19:11:15,805 [b39db728-622c-42ae-954c-bd0dbc524ba7@group-C6431D6FC4A4-LeaderElection20] INFO  server.RaftServer$Division (ServerState.java:setLeader(317)) - b39db728-622c-42ae-954c-bd0dbc524ba7@group-C6431D6FC4A4: change Leader from null to b39db728-622c-42ae-954c-bd0dbc524ba7 at term 1 for becomeLeader, leader elected after 5164ms
2023-06-01 19:11:15,805 [b39db728-622c-42ae-954c-bd0dbc524ba7@group-C6431D6FC4A4-LeaderElection20] INFO  server.RaftServerConfigKeys (ConfUtils.java:logGet(46)) - raft.server.staging.catchup.gap = 1000 (default)
2023-06-01 19:11:15,805 [b39db728-622c-42ae-954c-bd0dbc524ba7@group-C6431D6FC4A4-LeaderElection20] INFO  server.RaftServerConfigKeys (ConfUtils.java:logGet(46)) - raft.server.write.element-limit = 1024 (custom)
2023-06-01 19:11:15,805 [b39db728-622c-42ae-954c-bd0dbc524ba7@group-C6431D6FC4A4-LeaderElection20] INFO  server.RaftServerConfigKeys (ConfUtils.java:logGet(46)) - raft.server.write.byte-limit = 1024 M (=1073741824) (custom)
2023-06-01 19:11:15,806 [b39db728-622c-42ae-954c-bd0dbc524ba7@group-C6431D6FC4A4-LeaderElection20] INFO  server.RaftServerConfigKeys (ConfUtils.java:logGet(46)) - raft.server.watch.timeout = 180s (custom)
2023-06-01 19:11:15,806 [b39db728-622c-42ae-954c-bd0dbc524ba7@group-C6431D6FC4A4-LeaderElection20] INFO  server.RaftServerConfigKeys (ConfUtils.java:logGet(46)) - raft.server.watch.timeout.denomination = 1s (default)
2023-06-01 19:11:15,806 [b39db728-622c-42ae-954c-bd0dbc524ba7@group-C6431D6FC4A4-LeaderElection20] INFO  server.RaftServerConfigKeys (ConfUtils.java:logGet(46)) - raft.server.watch.element-limit = 65536 (default)
2023-06-01 19:11:15,806 [b39db728-622c-42ae-954c-bd0dbc524ba7@group-C6431D6FC4A4-LeaderElection20] INFO  server.RaftServerConfigKeys (ConfUtils.java:logGet(46)) - raft.server.write.element-limit = 1024 (custom)
2023-06-01 19:11:15,806 [b39db728-622c-42ae-954c-bd0dbc524ba7@group-C6431D6FC4A4-LeaderElection20] INFO  server.RaftServerConfigKeys (ConfUtils.java:logGet(46)) - raft.server.write.follower.gap.ratio.max = -1.0 (default)
2023-06-01 19:11:15,806 [b39db728-622c-42ae-954c-bd0dbc524ba7@group-C6431D6FC4A4-LeaderElection20] INFO  server.RaftServerConfigKeys (ConfUtils.java:logGet(46)) - raft.server.log.appender.snapshot.chunk.size.max = 16MB (=16777216) (default)
2023-06-01 19:11:15,806 [b39db728-622c-42ae-954c-bd0dbc524ba7@group-C6431D6FC4A4-LeaderElection20] INFO  server.RaftServerConfigKeys (ConfUtils.java:logGet(46)) - raft.server.log.appender.buffer.byte-limit = 33554432 (custom)
2023-06-01 19:11:15,806 [b39db728-622c-42ae-954c-bd0dbc524ba7@group-C6431D6FC4A4-LeaderElection20] INFO  server.RaftServerConfigKeys (ConfUtils.java:logGet(46)) - raft.server.log.appender.buffer.element-limit = 1 (custom)
2023-06-01 19:11:15,806 [b39db728-622c-42ae-954c-bd0dbc524ba7@group-C6431D6FC4A4-LeaderElection20] INFO  server.RaftServerConfigKeys (ConfUtils.java:logGet(46)) - raft.server.log.appender.wait-time.min = 10ms (default)
2023-06-01 19:11:15,806 [b39db728-622c-42ae-954c-bd0dbc524ba7@group-C6431D6FC4A4-LeaderElection20] INFO  grpc.GrpcConfigKeys (ConfUtils.java:logGet(46)) - raft.grpc.server.leader.outstanding.appends.max = 128 (default)
2023-06-01 19:11:15,806 [b39db728-622c-42ae-954c-bd0dbc524ba7@group-C6431D6FC4A4-LeaderElection20] INFO  server.RaftServerConfigKeys (ConfUtils.java:logGet(46)) - raft.server.rpc.request.timeout = 60s (custom)
2023-06-01 19:11:15,807 [b39db728-622c-42ae-954c-bd0dbc524ba7@group-C6431D6FC4A4-LeaderElection20] INFO  grpc.GrpcConfigKeys (ConfUtils.java:logGet(46)) - raft.grpc.server.install_snapshot.request.element-limit = 8 (default)
2023-06-01 19:11:15,807 [b39db728-622c-42ae-954c-bd0dbc524ba7@group-C6431D6FC4A4-LeaderElection20] INFO  grpc.GrpcConfigKeys (ConfUtils.java:logGet(46)) - raft.grpc.server.install_snapshot.request.timeout = 3000ms (default)
2023-06-01 19:11:15,807 [b39db728-622c-42ae-954c-bd0dbc524ba7@group-C6431D6FC4A4-LeaderElection20] INFO  server.RaftServerConfigKeys (ConfUtils.java:logGet(46)) - raft.server.log.appender.install.snapshot.enabled = false (custom)
2023-06-01 19:11:15,807 [b39db728-622c-42ae-954c-bd0dbc524ba7@group-C6431D6FC4A4-LeaderElection20] INFO  grpc.GrpcConfigKeys (ConfUtils.java:logGet(46)) - raft.grpc.server.heartbeat.channel = true (default)
2023-06-01 19:11:15,807 [b39db728-622c-42ae-954c-bd0dbc524ba7@group-C6431D6FC4A4-LeaderElection20] INFO  server.RaftServerConfigKeys (ConfUtils.java:logGet(46)) - raft.server.log.appender.snapshot.chunk.size.max = 16MB (=16777216) (default)
2023-06-01 19:11:15,807 [b39db728-622c-42ae-954c-bd0dbc524ba7@group-C6431D6FC4A4-LeaderElection20] INFO  server.RaftServerConfigKeys (ConfUtils.java:logGet(46)) - raft.server.log.appender.buffer.byte-limit = 33554432 (custom)
2023-06-01 19:11:15,807 [b39db728-622c-42ae-954c-bd0dbc524ba7@group-C6431D6FC4A4-LeaderElection20] INFO  server.RaftServerConfigKeys (ConfUtils.java:logGet(46)) - raft.server.log.appender.buffer.element-limit = 1 (custom)
2023-06-01 19:11:15,807 [b39db728-622c-42ae-954c-bd0dbc524ba7@group-C6431D6FC4A4-LeaderElection20] INFO  server.RaftServerConfigKeys (ConfUtils.java:logGet(46)) - raft.server.log.appender.wait-time.min = 10ms (default)
2023-06-01 19:11:15,807 [b39db728-622c-42ae-954c-bd0dbc524ba7@group-C6431D6FC4A4-LeaderElection20] INFO  grpc.GrpcConfigKeys (ConfUtils.java:logGet(46)) - raft.grpc.server.leader.outstanding.appends.max = 128 (default)
2023-06-01 19:11:15,807 [b39db728-622c-42ae-954c-bd0dbc524ba7@group-C6431D6FC4A4-LeaderElection20] INFO  server.RaftServerConfigKeys (ConfUtils.java:logGet(46)) - raft.server.rpc.request.timeout = 60s (custom)
2023-06-01 19:11:15,807 [b39db728-622c-42ae-954c-bd0dbc524ba7@group-C6431D6FC4A4-LeaderElection20] INFO  grpc.GrpcConfigKeys (ConfUtils.java:logGet(46)) - raft.grpc.server.install_snapshot.request.element-limit = 8 (default)
2023-06-01 19:11:15,807 [b39db728-622c-42ae-954c-bd0dbc524ba7@group-C6431D6FC4A4-LeaderElection20] INFO  grpc.GrpcConfigKeys (ConfUtils.java:logGet(46)) - raft.grpc.server.install_snapshot.request.timeout = 3000ms (default)
2023-06-01 19:11:15,808 [b39db728-622c-42ae-954c-bd0dbc524ba7@group-C6431D6FC4A4-LeaderElection20] INFO  server.RaftServerConfigKeys (ConfUtils.java:logGet(46)) - raft.server.log.appender.install.snapshot.enabled = false (custom)
2023-06-01 19:11:15,808 [b39db728-622c-42ae-954c-bd0dbc524ba7@group-C6431D6FC4A4-LeaderElection20] INFO  grpc.GrpcConfigKeys (ConfUtils.java:logGet(46)) - raft.grpc.server.heartbeat.channel = true (default)
2023-06-01 19:11:15,808 [b39db728-622c-42ae-954c-bd0dbc524ba7@group-C6431D6FC4A4-LeaderElection20] INFO  impl.RoleInfo (RoleInfo.java:updateAndGet(139)) - b39db728-622c-42ae-954c-bd0dbc524ba7: start b39db728-622c-42ae-954c-bd0dbc524ba7@group-C6431D6FC4A4-LeaderStateImpl
2023-06-01 19:11:15,808 [b39db728-622c-42ae-954c-bd0dbc524ba7@group-C6431D6FC4A4-LeaderElection20] INFO  segmented.SegmentedRaftLogWorker (SegmentedRaftLogWorker.java:startLogSegment(447)) - b39db728-622c-42ae-954c-bd0dbc524ba7@group-C6431D6FC4A4-SegmentedRaftLogWorker: Starting segment from index:0
2023-06-01 19:11:15,810 [EventQueue-PipelineReportForPipelineReportHandler] INFO  pipeline.PipelineManagerImpl (PipelineManagerImpl.java:openPipeline(367)) - Pipeline Pipeline[ Id: 83ca58b9-41b0-4c18-a0f5-c6431d6fc4a4, Nodes: 36cbda38-693f-49bb-be1a-3256c6faae50(fv-az163-187.kzyshwy3mise5klwsllqwzgzyb.cx.internal.cloudapp.net/10.1.0.196)b39db728-622c-42ae-954c-bd0dbc524ba7(fv-az163-187.kzyshwy3mise5klwsllqwzgzyb.cx.internal.cloudapp.net/10.1.0.196)9125f905-aa43-4d0f-845d-e6cfd4dab0cd(fv-az163-187.kzyshwy3mise5klwsllqwzgzyb.cx.internal.cloudapp.net/10.1.0.196), ReplicationConfig: RATIS/THREE, State:ALLOCATED, leaderId:b39db728-622c-42ae-954c-bd0dbc524ba7, CreationTimestamp2023-06-01T19:11:08.208Z[Etc/UTC]] moved to OPEN state
2023-06-01 19:11:15,811 [b39db728-622c-42ae-954c-bd0dbc524ba7@group-C6431D6FC4A4-SegmentedRaftLogWorker] INFO  segmented.SegmentedRaftLogWorker (SegmentedRaftLogWorker.java:execute(651)) - b39db728-622c-42ae-954c-bd0dbc524ba7@group-C6431D6FC4A4-SegmentedRaftLogWorker: created new log segment /home/runner/work/ozone/ozone/hadoop-ozone/integration-test/target/test-dir/MiniOzoneClusterImpl-59aba430-7466-43cf-ac60-ffcd1bd17169/datanode-8/data/ratis/83ca58b9-41b0-4c18-a0f5-c6431d6fc4a4/current/log_inprogress_0
2023-06-01 19:11:15,813 [b39db728-622c-42ae-954c-bd0dbc524ba7@group-C6431D6FC4A4-LeaderElection20] INFO  server.RaftServer$Division (ServerState.java:setRaftConf(434)) - b39db728-622c-42ae-954c-bd0dbc524ba7@group-C6431D6FC4A4: set configuration 0: peers:[b39db728-622c-42ae-954c-bd0dbc524ba7|rpc:10.1.0.196:15086|admin:10.1.0.196:15085|client:10.1.0.196:15084|dataStream:10.1.0.196:15087|priority:1|startupRole:FOLLOWER, 9125f905-aa43-4d0f-845d-e6cfd4dab0cd|rpc:10.1.0.196:15077|admin:10.1.0.196:15076|client:10.1.0.196:15075|dataStream:10.1.0.196:15078|priority:0|startupRole:FOLLOWER, 36cbda38-693f-49bb-be1a-3256c6faae50|rpc:10.1.0.196:15068|admin:10.1.0.196:15067|client:10.1.0.196:15066|dataStream:10.1.0.196:15069|priority:0|startupRole:FOLLOWER]|listeners:[], old=null
2023-06-01 19:11:15,819 [b39db728-622c-42ae-954c-bd0dbc524ba7-server-thread2] INFO  server.RaftServer$Division (ServerState.java:setRaftConf(434)) - b39db728-622c-42ae-954c-bd0dbc524ba7@group-54B8E535DF2F: set configuration 0: peers:[b39db728-622c-42ae-954c-bd0dbc524ba7|rpc:10.1.0.196:15086|admin:10.1.0.196:15085|client:10.1.0.196:15084|dataStream:10.1.0.196:15087|priority:0|startupRole:FOLLOWER, 9125f905-aa43-4d0f-845d-e6cfd4dab0cd|rpc:10.1.0.196:15077|admin:10.1.0.196:15076|client:10.1.0.196:15075|dataStream:10.1.0.196:15078|priority:0|startupRole:FOLLOWER, 36cbda38-693f-49bb-be1a-3256c6faae50|rpc:10.1.0.196:15068|admin:10.1.0.196:15067|client:10.1.0.196:15066|dataStream:10.1.0.196:15069|priority:1|startupRole:FOLLOWER]|listeners:[], old=null
2023-06-01 19:11:15,819 [b39db728-622c-42ae-954c-bd0dbc524ba7-server-thread2] INFO  segmented.SegmentedRaftLogWorker (SegmentedRaftLogWorker.java:startLogSegment(447)) - b39db728-622c-42ae-954c-bd0dbc524ba7@group-54B8E535DF2F-SegmentedRaftLogWorker: Starting segment from index:0
2023-06-01 19:11:15,823 [b39db728-622c-42ae-954c-bd0dbc524ba7@group-54B8E535DF2F-SegmentedRaftLogWorker] INFO  segmented.SegmentedRaftLogWorker (SegmentedRaftLogWorker.java:execute(651)) - b39db728-622c-42ae-954c-bd0dbc524ba7@group-54B8E535DF2F-SegmentedRaftLogWorker: created new log segment /home/runner/work/ozone/ozone/hadoop-ozone/integration-test/target/test-dir/MiniOzoneClusterImpl-59aba430-7466-43cf-ac60-ffcd1bd17169/datanode-8/data/ratis/51726eaa-9882-4518-94a4-54b8e535df2f/current/log_inprogress_0
2023-06-01 19:11:15,839 [9125f905-aa43-4d0f-845d-e6cfd4dab0cd-server-thread1] INFO  ratis.XceiverServerRatis (XceiverServerRatis.java:handleLeaderChangedNotification(902)) - Leader change notification received for group: group-C6431D6FC4A4 with new leaderId: b39db728-622c-42ae-954c-bd0dbc524ba7
2023-06-01 19:11:15,839 [9125f905-aa43-4d0f-845d-e6cfd4dab0cd-server-thread1] INFO  server.RaftServer$Division (ServerState.java:setLeader(317)) - 9125f905-aa43-4d0f-845d-e6cfd4dab0cd@group-C6431D6FC4A4: change Leader from null to b39db728-622c-42ae-954c-bd0dbc524ba7 at term 1 for appendEntries, leader elected after 5169ms
2023-06-01 19:11:15,839 [9125f905-aa43-4d0f-845d-e6cfd4dab0cd-server-thread1] INFO  ratis.XceiverServerRatis (XceiverServerRatis.java:handleLeaderChangedNotification(902)) - Leader change notification received for group: group-54B8E535DF2F with new leaderId: 36cbda38-693f-49bb-be1a-3256c6faae50
2023-06-01 19:11:15,839 [9125f905-aa43-4d0f-845d-e6cfd4dab0cd-server-thread1] INFO  server.RaftServer$Division (ServerState.java:setLeader(317)) - 9125f905-aa43-4d0f-845d-e6cfd4dab0cd@group-54B8E535DF2F: change Leader from null to 36cbda38-693f-49bb-be1a-3256c6faae50 at term 1 for appendEntries, leader elected after 5333ms
2023-06-01 19:11:15,840 [36cbda38-693f-49bb-be1a-3256c6faae50-server-thread1] INFO  ratis.XceiverServerRatis (XceiverServerRatis.java:handleLeaderChangedNotification(902)) - Leader change notification received for group: group-C6431D6FC4A4 with new leaderId: b39db728-622c-42ae-954c-bd0dbc524ba7
2023-06-01 19:11:15,840 [36cbda38-693f-49bb-be1a-3256c6faae50-server-thread1] INFO  server.RaftServer$Division (ServerState.java:setLeader(317)) - 36cbda38-693f-49bb-be1a-3256c6faae50@group-C6431D6FC4A4: change Leader from null to b39db728-622c-42ae-954c-bd0dbc524ba7 at term 1 for appendEntries, leader elected after 5251ms
2023-06-01 19:11:15,845 [9125f905-aa43-4d0f-845d-e6cfd4dab0cd-server-thread2] INFO  server.RaftServer$Division (ServerState.java:setRaftConf(434)) - 9125f905-aa43-4d0f-845d-e6cfd4dab0cd@group-C6431D6FC4A4: set configuration 0: peers:[b39db728-622c-42ae-954c-bd0dbc524ba7|rpc:10.1.0.196:15086|admin:10.1.0.196:15085|client:10.1.0.196:15084|dataStream:10.1.0.196:15087|priority:1|startupRole:FOLLOWER, 9125f905-aa43-4d0f-845d-e6cfd4dab0cd|rpc:10.1.0.196:15077|admin:10.1.0.196:15076|client:10.1.0.196:15075|dataStream:10.1.0.196:15078|priority:0|startupRole:FOLLOWER, 36cbda38-693f-49bb-be1a-3256c6faae50|rpc:10.1.0.196:15068|admin:10.1.0.196:15067|client:10.1.0.196:15066|dataStream:10.1.0.196:15069|priority:0|startupRole:FOLLOWER]|listeners:[], old=null
2023-06-01 19:11:15,845 [9125f905-aa43-4d0f-845d-e6cfd4dab0cd-server-thread2] INFO  segmented.SegmentedRaftLogWorker (SegmentedRaftLogWorker.java:startLogSegment(447)) - 9125f905-aa43-4d0f-845d-e6cfd4dab0cd@group-C6431D6FC4A4-SegmentedRaftLogWorker: Starting segment from index:0
2023-06-01 19:11:15,851 [36cbda38-693f-49bb-be1a-3256c6faae50-server-thread2] INFO  server.RaftServer$Division (ServerState.java:setRaftConf(434)) - 36cbda38-693f-49bb-be1a-3256c6faae50@group-C6431D6FC4A4: set configuration 0: peers:[b39db728-622c-42ae-954c-bd0dbc524ba7|rpc:10.1.0.196:15086|admin:10.1.0.196:15085|client:10.1.0.196:15084|dataStream:10.1.0.196:15087|priority:1|startupRole:FOLLOWER, 9125f905-aa43-4d0f-845d-e6cfd4dab0cd|rpc:10.1.0.196:15077|admin:10.1.0.196:15076|client:10.1.0.196:15075|dataStream:10.1.0.196:15078|priority:0|startupRole:FOLLOWER, 36cbda38-693f-49bb-be1a-3256c6faae50|rpc:10.1.0.196:15068|admin:10.1.0.196:15067|client:10.1.0.196:15066|dataStream:10.1.0.196:15069|priority:0|startupRole:FOLLOWER]|listeners:[], old=null
2023-06-01 19:11:15,851 [9125f905-aa43-4d0f-845d-e6cfd4dab0cd-server-thread2] INFO  server.RaftServer$Division (ServerState.java:setRaftConf(434)) - 9125f905-aa43-4d0f-845d-e6cfd4dab0cd@group-54B8E535DF2F: set configuration 0: peers:[b39db728-622c-42ae-954c-bd0dbc524ba7|rpc:10.1.0.196:15086|admin:10.1.0.196:15085|client:10.1.0.196:15084|dataStream:10.1.0.196:15087|priority:0|startupRole:FOLLOWER, 9125f905-aa43-4d0f-845d-e6cfd4dab0cd|rpc:10.1.0.196:15077|admin:10.1.0.196:15076|client:10.1.0.196:15075|dataStream:10.1.0.196:15078|priority:0|startupRole:FOLLOWER, 36cbda38-693f-49bb-be1a-3256c6faae50|rpc:10.1.0.196:15068|admin:10.1.0.196:15067|client:10.1.0.196:15066|dataStream:10.1.0.196:15069|priority:1|startupRole:FOLLOWER]|listeners:[], old=null
2023-06-01 19:11:15,852 [9125f905-aa43-4d0f-845d-e6cfd4dab0cd-server-thread2] INFO  segmented.SegmentedRaftLogWorker (SegmentedRaftLogWorker.java:startLogSegment(447)) - 9125f905-aa43-4d0f-845d-e6cfd4dab0cd@group-54B8E535DF2F-SegmentedRaftLogWorker: Starting segment from index:0
2023-06-01 19:11:15,853 [9125f905-aa43-4d0f-845d-e6cfd4dab0cd@group-54B8E535DF2F-SegmentedRaftLogWorker] INFO  segmented.SegmentedRaftLogWorker (SegmentedRaftLogWorker.java:execute(651)) - 9125f905-aa43-4d0f-845d-e6cfd4dab0cd@group-54B8E535DF2F-SegmentedRaftLogWorker: created new log segment /home/runner/work/ozone/ozone/hadoop-ozone/integration-test/target/test-dir/MiniOzoneClusterImpl-59aba430-7466-43cf-ac60-ffcd1bd17169/datanode-7/data/ratis/51726eaa-9882-4518-94a4-54b8e535df2f/current/log_inprogress_0
2023-06-01 19:11:15,854 [9125f905-aa43-4d0f-845d-e6cfd4dab0cd@group-C6431D6FC4A4-SegmentedRaftLogWorker] INFO  segmented.SegmentedRaftLogWorker (SegmentedRaftLogWorker.java:execute(651)) - 9125f905-aa43-4d0f-845d-e6cfd4dab0cd@group-C6431D6FC4A4-SegmentedRaftLogWorker: created new log segment /home/runner/work/ozone/ozone/hadoop-ozone/integration-test/target/test-dir/MiniOzoneClusterImpl-59aba430-7466-43cf-ac60-ffcd1bd17169/datanode-7/data/ratis/83ca58b9-41b0-4c18-a0f5-c6431d6fc4a4/current/log_inprogress_0
2023-06-01 19:11:15,858 [36cbda38-693f-49bb-be1a-3256c6faae50-server-thread2] INFO  segmented.SegmentedRaftLogWorker (SegmentedRaftLogWorker.java:startLogSegment(447)) - 36cbda38-693f-49bb-be1a-3256c6faae50@group-C6431D6FC4A4-SegmentedRaftLogWorker: Starting segment from index:0
2023-06-01 19:11:15,860 [36cbda38-693f-49bb-be1a-3256c6faae50@group-C6431D6FC4A4-SegmentedRaftLogWorker] INFO  segmented.SegmentedRaftLogWorker (SegmentedRaftLogWorker.java:execute(651)) - 36cbda38-693f-49bb-be1a-3256c6faae50@group-C6431D6FC4A4-SegmentedRaftLogWorker: created new log segment /home/runner/work/ozone/ozone/hadoop-ozone/integration-test/target/test-dir/MiniOzoneClusterImpl-59aba430-7466-43cf-ac60-ffcd1bd17169/datanode-6/data/ratis/83ca58b9-41b0-4c18-a0f5-c6431d6fc4a4/current/log_inprogress_0
2023-06-01 19:11:15,901 [9125f905-aa43-4d0f-845d-e6cfd4dab0cd@group-83208DDAA812-FollowerState] INFO  impl.FollowerState (FollowerState.java:run(143)) - 9125f905-aa43-4d0f-845d-e6cfd4dab0cd@group-83208DDAA812-FollowerState: change to CANDIDATE, lastRpcElapsedTime:5059400287ns, electionTimeout:5058ms
2023-06-01 19:11:15,901 [9125f905-aa43-4d0f-845d-e6cfd4dab0cd@group-83208DDAA812-FollowerState] INFO  impl.RoleInfo (RoleInfo.java:shutdownFollowerState(110)) - 9125f905-aa43-4d0f-845d-e6cfd4dab0cd: shutdown 9125f905-aa43-4d0f-845d-e6cfd4dab0cd@group-83208DDAA812-FollowerState
2023-06-01 19:11:15,901 [9125f905-aa43-4d0f-845d-e6cfd4dab0cd@group-83208DDAA812-FollowerState] INFO  server.RaftServer$Division (RaftServerImpl.java:setRole(329)) - 9125f905-aa43-4d0f-845d-e6cfd4dab0cd@group-83208DDAA812: changes role from  FOLLOWER to CANDIDATE at term 0 for changeToCandidate
2023-06-01 19:11:15,902 [9125f905-aa43-4d0f-845d-e6cfd4dab0cd@group-83208DDAA812-FollowerState] INFO  server.RaftServerConfigKeys (ConfUtils.java:logGet(46)) - raft.server.leaderelection.pre-vote = true (default)
2023-06-01 19:11:15,902 [9125f905-aa43-4d0f-845d-e6cfd4dab0cd@group-83208DDAA812-FollowerState] INFO  impl.RoleInfo (RoleInfo.java:updateAndGet(139)) - 9125f905-aa43-4d0f-845d-e6cfd4dab0cd: start 9125f905-aa43-4d0f-845d-e6cfd4dab0cd@group-83208DDAA812-LeaderElection21
2023-06-01 19:11:15,910 [9125f905-aa43-4d0f-845d-e6cfd4dab0cd@group-83208DDAA812-LeaderElection21] INFO  impl.LeaderElection (LeaderElection.java:askForVotes(321)) - 9125f905-aa43-4d0f-845d-e6cfd4dab0cd@group-83208DDAA812-LeaderElection21 PRE_VOTE round 0: submit vote requests at term 0 for -1: peers:[9125f905-aa43-4d0f-845d-e6cfd4dab0cd|rpc:10.1.0.196:15077|admin:10.1.0.196:15076|client:10.1.0.196:15075|dataStream:10.1.0.196:15078|priority:1|startupRole:FOLLOWER]|listeners:[], old=null
2023-06-01 19:11:15,910 [9125f905-aa43-4d0f-845d-e6cfd4dab0cd@group-83208DDAA812-LeaderElection21] INFO  impl.LeaderElection (LeaderElection.java:askForVotes(323)) - 9125f905-aa43-4d0f-845d-e6cfd4dab0cd@group-83208DDAA812-LeaderElection21 PRE_VOTE round 0: result PASSED (term=0)
2023-06-01 19:11:15,954 [9125f905-aa43-4d0f-845d-e6cfd4dab0cd@group-83208DDAA812-LeaderElection21] INFO  impl.LeaderElection (LeaderElection.java:askForVotes(321)) - 9125f905-aa43-4d0f-845d-e6cfd4dab0cd@group-83208DDAA812-LeaderElection21 ELECTION round 0: submit vote requests at term 1 for -1: peers:[9125f905-aa43-4d0f-845d-e6cfd4dab0cd|rpc:10.1.0.196:15077|admin:10.1.0.196:15076|client:10.1.0.196:15075|dataStream:10.1.0.196:15078|priority:1|startupRole:FOLLOWER]|listeners:[], old=null
2023-06-01 19:11:15,954 [9125f905-aa43-4d0f-845d-e6cfd4dab0cd@group-83208DDAA812-LeaderElection21] INFO  impl.LeaderElection (LeaderElection.java:askForVotes(323)) - 9125f905-aa43-4d0f-845d-e6cfd4dab0cd@group-83208DDAA812-LeaderElection21 ELECTION round 0: result PASSED (term=1)
2023-06-01 19:11:15,954 [9125f905-aa43-4d0f-845d-e6cfd4dab0cd@group-83208DDAA812-LeaderElection21] INFO  impl.RoleInfo (RoleInfo.java:shutdownLeaderElection(130)) - 9125f905-aa43-4d0f-845d-e6cfd4dab0cd: shutdown 9125f905-aa43-4d0f-845d-e6cfd4dab0cd@group-83208DDAA812-LeaderElection21
2023-06-01 19:11:15,954 [9125f905-aa43-4d0f-845d-e6cfd4dab0cd@group-83208DDAA812-LeaderElection21] INFO  server.RaftServer$Division (RaftServerImpl.java:setRole(329)) - 9125f905-aa43-4d0f-845d-e6cfd4dab0cd@group-83208DDAA812: changes role from CANDIDATE to LEADER at term 1 for changeToLeader
2023-06-01 19:11:15,954 [9125f905-aa43-4d0f-845d-e6cfd4dab0cd@group-83208DDAA812-LeaderElection21] INFO  ratis.XceiverServerRatis (XceiverServerRatis.java:handleLeaderChangedNotification(902)) - Leader change notification received for group: group-83208DDAA812 with new leaderId: 9125f905-aa43-4d0f-845d-e6cfd4dab0cd
2023-06-01 19:11:15,955 [9125f905-aa43-4d0f-845d-e6cfd4dab0cd@group-83208DDAA812-LeaderElection21] INFO  server.RaftServer$Division (ServerState.java:setLeader(317)) - 9125f905-aa43-4d0f-845d-e6cfd4dab0cd@group-83208DDAA812: change Leader from null to 9125f905-aa43-4d0f-845d-e6cfd4dab0cd at term 1 for becomeLeader, leader elected after 5124ms
2023-06-01 19:11:15,955 [9125f905-aa43-4d0f-845d-e6cfd4dab0cd@group-83208DDAA812-LeaderElection21] INFO  server.RaftServerConfigKeys (ConfUtils.java:logGet(46)) - raft.server.staging.catchup.gap = 1000 (default)
2023-06-01 19:11:15,955 [9125f905-aa43-4d0f-845d-e6cfd4dab0cd@group-83208DDAA812-LeaderElection21] INFO  server.RaftServerConfigKeys (ConfUtils.java:logGet(46)) - raft.server.write.element-limit = 1024 (custom)
2023-06-01 19:11:15,956 [9125f905-aa43-4d0f-845d-e6cfd4dab0cd@group-83208DDAA812-LeaderElection21] INFO  server.RaftServerConfigKeys (ConfUtils.java:logGet(46)) - raft.server.write.byte-limit = 1024 M (=1073741824) (custom)
2023-06-01 19:11:15,956 [9125f905-aa43-4d0f-845d-e6cfd4dab0cd@group-83208DDAA812-LeaderElection21] INFO  server.RaftServerConfigKeys (ConfUtils.java:logGet(46)) - raft.server.watch.timeout = 180s (custom)
2023-06-01 19:11:15,956 [9125f905-aa43-4d0f-845d-e6cfd4dab0cd@group-83208DDAA812-LeaderElection21] INFO  server.RaftServerConfigKeys (ConfUtils.java:logGet(46)) - raft.server.watch.timeout.denomination = 1s (default)
2023-06-01 19:11:15,956 [9125f905-aa43-4d0f-845d-e6cfd4dab0cd@group-83208DDAA812-LeaderElection21] INFO  server.RaftServerConfigKeys (ConfUtils.java:logGet(46)) - raft.server.watch.element-limit = 65536 (default)
2023-06-01 19:11:15,956 [9125f905-aa43-4d0f-845d-e6cfd4dab0cd@group-83208DDAA812-LeaderElection21] INFO  server.RaftServerConfigKeys (ConfUtils.java:logGet(46)) - raft.server.write.element-limit = 1024 (custom)
2023-06-01 19:11:15,956 [9125f905-aa43-4d0f-845d-e6cfd4dab0cd@group-83208DDAA812-LeaderElection21] INFO  server.RaftServerConfigKeys (ConfUtils.java:logGet(46)) - raft.server.write.follower.gap.ratio.max = -1.0 (default)
2023-06-01 19:11:15,956 [9125f905-aa43-4d0f-845d-e6cfd4dab0cd@group-83208DDAA812-LeaderElection21] INFO  impl.RoleInfo (RoleInfo.java:updateAndGet(139)) - 9125f905-aa43-4d0f-845d-e6cfd4dab0cd: start 9125f905-aa43-4d0f-845d-e6cfd4dab0cd@group-83208DDAA812-LeaderStateImpl
2023-06-01 19:11:15,956 [9125f905-aa43-4d0f-845d-e6cfd4dab0cd@group-83208DDAA812-LeaderElection21] INFO  segmented.SegmentedRaftLogWorker (SegmentedRaftLogWorker.java:startLogSegment(447)) - 9125f905-aa43-4d0f-845d-e6cfd4dab0cd@group-83208DDAA812-SegmentedRaftLogWorker: Starting segment from index:0
2023-06-01 19:11:15,958 [9125f905-aa43-4d0f-845d-e6cfd4dab0cd@group-83208DDAA812-SegmentedRaftLogWorker] INFO  segmented.SegmentedRaftLogWorker (SegmentedRaftLogWorker.java:execute(651)) - 9125f905-aa43-4d0f-845d-e6cfd4dab0cd@group-83208DDAA812-SegmentedRaftLogWorker: created new log segment /home/runner/work/ozone/ozone/hadoop-ozone/integration-test/target/test-dir/MiniOzoneClusterImpl-59aba430-7466-43cf-ac60-ffcd1bd17169/datanode-7/data/ratis/3cac352c-eeac-4f1f-960c-83208ddaa812/current/log_inprogress_0
2023-06-01 19:11:15,961 [9125f905-aa43-4d0f-845d-e6cfd4dab0cd@group-83208DDAA812-LeaderElection21] INFO  server.RaftServer$Division (ServerState.java:setRaftConf(434)) - 9125f905-aa43-4d0f-845d-e6cfd4dab0cd@group-83208DDAA812: set configuration 0: peers:[9125f905-aa43-4d0f-845d-e6cfd4dab0cd|rpc:10.1.0.196:15077|admin:10.1.0.196:15076|client:10.1.0.196:15075|dataStream:10.1.0.196:15078|priority:1|startupRole:FOLLOWER]|listeners:[], old=null
2023-06-01 19:11:15,975 [pool-375-thread-1] INFO  impl.MetricsSystemImpl (MetricsSystemImpl.java:init(158)) - XceiverClientMetrics metrics system started (again)
2023-06-01 19:11:15,976 [pool-375-thread-1] INFO  lib.Interns (Interns.java:removeEldestEntry(50)) - Metrics intern cache overflow at 2011 for MetricsSystem={MetricsSystem=MetricsInfoImpl{name=MetricsSystem, description=MetricsSystem}, MetricsSystem record=MetricsInfoImpl{name=MetricsSystem, description=MetricsSystem record}}
2023-06-01 19:11:16,084 [ReplicationMonitor] INFO  replication.ReplicationManager (ReplicationManager.java:processAll(374)) - Replication Manager is not ready to run until 3000ms after safemode exit
2023-06-01 19:11:16,319 [main] INFO  ozoneimpl.OzoneContainer (OzoneContainer.java:stop(420)) - Attempting to stop container services.
2023-06-01 19:11:16,327 [main] INFO  server.RaftServer (RaftServerProxy.java:lambda$close$6(416)) - fac1c7af-03c1-44bd-b323-3796df9c2435: close
2023-06-01 19:11:16,327 [fac1c7af-03c1-44bd-b323-3796df9c2435-impl-thread1] INFO  server.RaftServer$Division (RaftServerImpl.java:lambda$close$4(466)) - fac1c7af-03c1-44bd-b323-3796df9c2435@group-E89CD66131D1: shutdown
2023-06-01 19:11:16,328 [fac1c7af-03c1-44bd-b323-3796df9c2435-impl-thread2] INFO  server.RaftServer$Division (RaftServerImpl.java:lambda$close$4(466)) - fac1c7af-03c1-44bd-b323-3796df9c2435@group-C5917EE03DF0: shutdown
2023-06-01 19:11:16,328 [fac1c7af-03c1-44bd-b323-3796df9c2435-impl-thread1] INFO  util.JmxRegister (JmxRegister.java:unregister(73)) - Successfully un-registered JMX Bean with object name Ratis:service=RaftServer,group=group-E89CD66131D1,id=fac1c7af-03c1-44bd-b323-3796df9c2435
2023-06-01 19:11:16,328 [fac1c7af-03c1-44bd-b323-3796df9c2435-impl-thread1] INFO  impl.RoleInfo (RoleInfo.java:shutdownFollowerState(110)) - fac1c7af-03c1-44bd-b323-3796df9c2435: shutdown fac1c7af-03c1-44bd-b323-3796df9c2435@group-E89CD66131D1-FollowerState
2023-06-01 19:11:16,328 [fac1c7af-03c1-44bd-b323-3796df9c2435-impl-thread2] INFO  util.JmxRegister (JmxRegister.java:unregister(73)) - Successfully un-registered JMX Bean with object name Ratis:service=RaftServer,group=group-C5917EE03DF0,id=fac1c7af-03c1-44bd-b323-3796df9c2435
2023-06-01 19:11:16,328 [fac1c7af-03c1-44bd-b323-3796df9c2435-impl-thread2] INFO  impl.RoleInfo (RoleInfo.java:shutdownLeaderState(93)) - fac1c7af-03c1-44bd-b323-3796df9c2435: shutdown fac1c7af-03c1-44bd-b323-3796df9c2435@group-C5917EE03DF0-LeaderStateImpl
2023-06-01 19:11:16,328 [fac1c7af-03c1-44bd-b323-3796df9c2435-impl-thread2] INFO  impl.PendingRequests (PendingRequests.java:sendNotLeaderResponses(289)) - fac1c7af-03c1-44bd-b323-3796df9c2435@group-C5917EE03DF0-PendingRequests: sendNotLeaderResponses
2023-06-01 19:11:16,330 [fac1c7af-03c1-44bd-b323-3796df9c2435@group-C5917EE03DF0-StateMachineUpdater] INFO  ratis.ContainerStateMachine (ContainerStateMachine.java:takeSnapshot(330)) - group-C5917EE03DF0: Taking a snapshot at:(t:1, i:0) file /home/runner/work/ozone/ozone/hadoop-ozone/integration-test/target/test-dir/MiniOzoneClusterImpl-59aba430-7466-43cf-ac60-ffcd1bd17169/datanode-0/data/ratis/955c3877-b1c3-4600-b43f-c5917ee03df0/sm/snapshot.1_0
2023-06-01 19:11:16,333 [main] INFO  server.GrpcService (GrpcService.java:closeImpl(311)) - fac1c7af-03c1-44bd-b323-3796df9c2435: shutdown server org.apache.ratis.grpc.server.GrpcClientProtocolService now
2023-06-01 19:11:16,334 [fac1c7af-03c1-44bd-b323-3796df9c2435-impl-thread1] INFO  impl.StateMachineUpdater (StateMachineUpdater.java:stopAndJoin(155)) - fac1c7af-03c1-44bd-b323-3796df9c2435@group-E89CD66131D1-StateMachineUpdater: set stopIndex = -1
2023-06-01 19:11:16,335 [fac1c7af-03c1-44bd-b323-3796df9c2435@group-E89CD66131D1-FollowerState] INFO  impl.FollowerState (FollowerState.java:run(152)) - fac1c7af-03c1-44bd-b323-3796df9c2435@group-E89CD66131D1-FollowerState was interrupted
2023-06-01 19:11:16,336 [fac1c7af-03c1-44bd-b323-3796df9c2435-impl-thread1] INFO  server.RaftServer$Division (ServerState.java:close(472)) - fac1c7af-03c1-44bd-b323-3796df9c2435@group-E89CD66131D1: closes. applyIndex: -1
2023-06-01 19:11:16,337 [fac1c7af-03c1-44bd-b323-3796df9c2435-impl-thread2] INFO  impl.StateMachineUpdater (StateMachineUpdater.java:stopAndJoin(155)) - fac1c7af-03c1-44bd-b323-3796df9c2435@group-C5917EE03DF0-StateMachineUpdater: set stopIndex = 0
2023-06-01 19:11:16,350 [fac1c7af-03c1-44bd-b323-3796df9c2435-impl-thread3] INFO  server.RaftServer$Division (RaftServerImpl.java:lambda$close$4(466)) - fac1c7af-03c1-44bd-b323-3796df9c2435@group-AEB6F4C7E190: shutdown
2023-06-01 19:11:16,350 [fac1c7af-03c1-44bd-b323-3796df9c2435-impl-thread3] INFO  util.JmxRegister (JmxRegister.java:unregister(73)) - Successfully un-registered JMX Bean with object name Ratis:service=RaftServer,group=group-AEB6F4C7E190,id=fac1c7af-03c1-44bd-b323-3796df9c2435
2023-06-01 19:11:16,350 [fac1c7af-03c1-44bd-b323-3796df9c2435-impl-thread3] INFO  impl.RoleInfo (RoleInfo.java:shutdownFollowerState(110)) - fac1c7af-03c1-44bd-b323-3796df9c2435: shutdown fac1c7af-03c1-44bd-b323-3796df9c2435@group-AEB6F4C7E190-FollowerState
2023-06-01 19:11:16,350 [fac1c7af-03c1-44bd-b323-3796df9c2435-impl-thread3] INFO  impl.StateMachineUpdater (StateMachineUpdater.java:stopAndJoin(155)) - fac1c7af-03c1-44bd-b323-3796df9c2435@group-AEB6F4C7E190-StateMachineUpdater: set stopIndex = -1
2023-06-01 19:11:16,354 [Thread-694] INFO  server.GrpcServerProtocolClient (GrpcServerProtocolClient.java:close(103)) - d78dd883-3e4c-45aa-98b2-e8ffdf2e22af Close channels
2023-06-01 19:11:16,354 [fac1c7af-03c1-44bd-b323-3796df9c2435@group-AEB6F4C7E190-FollowerState] INFO  impl.FollowerState (FollowerState.java:run(152)) - fac1c7af-03c1-44bd-b323-3796df9c2435@group-AEB6F4C7E190-FollowerState was interrupted
2023-06-01 19:11:16,355 [fac1c7af-03c1-44bd-b323-3796df9c2435-impl-thread3] INFO  server.RaftServer$Division (ServerState.java:close(472)) - fac1c7af-03c1-44bd-b323-3796df9c2435@group-AEB6F4C7E190: closes. applyIndex: -1
2023-06-01 19:11:16,359 [Thread-695] INFO  server.GrpcServerProtocolClient (GrpcServerProtocolClient.java:close(103)) - c686f304-079c-4e24-9d21-fd4c36dc1242 Close channels
2023-06-01 19:11:16,361 [main] INFO  server.GrpcService (GrpcService.java:closeImpl(320)) - fac1c7af-03c1-44bd-b323-3796df9c2435: shutdown server org.apache.ratis.grpc.server.GrpcClientProtocolService successfully
2023-06-01 19:11:16,361 [main] INFO  server.GrpcService (GrpcService.java:closeImpl(311)) - fac1c7af-03c1-44bd-b323-3796df9c2435: shutdown server GrpcServerProtocolService now
2023-06-01 19:11:16,367 [grpc-default-executor-3] WARN  server.GrpcServerProtocolService (LogUtils.java:warn(122)) - fac1c7af-03c1-44bd-b323-3796df9c2435: APPEND_ENTRIES onError, lastRequest: null: org.apache.ratis.thirdparty.io.grpc.StatusRuntimeException: CANCELLED: client cancelled
2023-06-01 19:11:16,370 [grpc-default-executor-3] WARN  server.GrpcServerProtocolService (LogUtils.java:warn(122)) - fac1c7af-03c1-44bd-b323-3796df9c2435: APPEND_ENTRIES onError, lastRequest: null: org.apache.ratis.thirdparty.io.grpc.StatusRuntimeException: CANCELLED: client cancelled
2023-06-01 19:11:16,371 [grpc-default-executor-3] WARN  server.GrpcServerProtocolService (LogUtils.java:warn(122)) - fac1c7af-03c1-44bd-b323-3796df9c2435: APPEND_ENTRIES onError, lastRequest: c686f304-079c-4e24-9d21-fd4c36dc1242->fac1c7af-03c1-44bd-b323-3796df9c2435#1-t1,previous=(t:0, i:0),leaderCommit=-1,initializing? true,entries: size=1, first=(t:1, i:0), CONFIGURATIONENTRY(current:id: "d78dd883-3e4c-45aa-98b2-e8ffdf2e22af"
address: "10.1.0.196:15032"
dataStreamAddress: "10.1.0.196:15033"
clientAddress: "10.1.0.196:15030"
adminAddress: "10.1.0.196:15031"
startupRole: FOLLOWER
,id: "fac1c7af-03c1-44bd-b323-3796df9c2435"
address: "10.1.0.196:15014"
dataStreamAddress: "10.1.0.196:15015"
clientAddress: "10.1.0.196:15012"
adminAddress: "10.1.0.196:15013"
startupRole: FOLLOWER
,id: "c686f304-079c-4e24-9d21-fd4c36dc1242"
address: "10.1.0.196:15023"
priority: 1
dataStreamAddress: "10.1.0.196:15024"
clientAddress: "10.1.0.196:15021"
adminAddress: "10.1.0.196:15022"
startupRole: FOLLOWER
, old:): org.apache.ratis.thirdparty.io.grpc.StatusRuntimeException: CANCELLED: client cancelled
2023-06-01 19:11:16,372 [grpc-default-executor-1] WARN  server.GrpcLogAppender (LogUtils.java:warn(122)) - c686f304-079c-4e24-9d21-fd4c36dc1242@group-E89CD66131D1->fac1c7af-03c1-44bd-b323-3796df9c2435-AppendLogResponseHandler: Failed appendEntries: org.apache.ratis.thirdparty.io.grpc.StatusRuntimeException: CANCELLED: RST_STREAM closed stream. HTTP/2 error code: CANCEL
2023-06-01 19:11:16,373 [grpc-default-executor-1] WARN  server.GrpcLogAppender (GrpcLogAppender.java:resetClient(128)) - c686f304-079c-4e24-9d21-fd4c36dc1242@group-E89CD66131D1->fac1c7af-03c1-44bd-b323-3796df9c2435-GrpcLogAppender: Follower failed when matchIndex == 0,  keep nextIndex (1) unchanged and retry.
2023-06-01 19:11:16,374 [grpc-default-executor-1] WARN  server.GrpcLogAppender (LogUtils.java:warn(122)) - d78dd883-3e4c-45aa-98b2-e8ffdf2e22af@group-AEB6F4C7E190->fac1c7af-03c1-44bd-b323-3796df9c2435-AppendLogResponseHandler: Failed appendEntries: org.apache.ratis.thirdparty.io.grpc.StatusRuntimeException: CANCELLED: RST_STREAM closed stream. HTTP/2 error code: CANCEL
2023-06-01 19:11:16,374 [grpc-default-executor-1] WARN  server.GrpcLogAppender (GrpcLogAppender.java:resetClient(128)) - d78dd883-3e4c-45aa-98b2-e8ffdf2e22af@group-AEB6F4C7E190->fac1c7af-03c1-44bd-b323-3796df9c2435-GrpcLogAppender: Follower failed when matchIndex == 0,  keep nextIndex (1) unchanged and retry.
2023-06-01 19:11:16,375 [main] INFO  server.GrpcService (GrpcService.java:closeImpl(320)) - fac1c7af-03c1-44bd-b323-3796df9c2435: shutdown server GrpcServerProtocolService successfully
2023-06-01 19:11:16,375 [main] INFO  server.GrpcService (GrpcService.java:closeImpl(311)) - fac1c7af-03c1-44bd-b323-3796df9c2435: shutdown server org.apache.ratis.grpc.server.GrpcAdminProtocolService now
2023-06-01 19:11:16,369 [grpc-default-executor-7] WARN  server.GrpcServerProtocolService (LogUtils.java:warn(122)) - fac1c7af-03c1-44bd-b323-3796df9c2435: APPEND_ENTRIES onError, lastRequest: d78dd883-3e4c-45aa-98b2-e8ffdf2e22af->fac1c7af-03c1-44bd-b323-3796df9c2435#1-t1,previous=(t:0, i:0),leaderCommit=-1,initializing? true,entries: size=1, first=(t:1, i:0), CONFIGURATIONENTRY(current:id: "d78dd883-3e4c-45aa-98b2-e8ffdf2e22af"
address: "10.1.0.196:15032"
priority: 1
dataStreamAddress: "10.1.0.196:15033"
clientAddress: "10.1.0.196:15030"
adminAddress: "10.1.0.196:15031"
startupRole: FOLLOWER
,id: "c686f304-079c-4e24-9d21-fd4c36dc1242"
address: "10.1.0.196:15023"
dataStreamAddress: "10.1.0.196:15024"
clientAddress: "10.1.0.196:15021"
adminAddress: "10.1.0.196:15022"
startupRole: FOLLOWER
,id: "fac1c7af-03c1-44bd-b323-3796df9c2435"
address: "10.1.0.196:15014"
dataStreamAddress: "10.1.0.196:15015"
clientAddress: "10.1.0.196:15012"
adminAddress: "10.1.0.196:15013"
startupRole: FOLLOWER
, old:): org.apache.ratis.thirdparty.io.grpc.StatusRuntimeException: CANCELLED: client cancelled
2023-06-01 19:11:16,380 [grpc-default-executor-4] WARN  server.GrpcLogAppender (LogUtils.java:warn(122)) - d78dd883-3e4c-45aa-98b2-e8ffdf2e22af@group-AEB6F4C7E190->fac1c7af-03c1-44bd-b323-3796df9c2435-AppendLogResponseHandler: Failed appendEntries: org.apache.ratis.thirdparty.io.grpc.StatusRuntimeException: CANCELLED: RST_STREAM closed stream. HTTP/2 error code: CANCEL
2023-06-01 19:11:16,380 [grpc-default-executor-4] WARN  server.GrpcLogAppender (GrpcLogAppender.java:resetClient(128)) - d78dd883-3e4c-45aa-98b2-e8ffdf2e22af@group-AEB6F4C7E190->fac1c7af-03c1-44bd-b323-3796df9c2435-GrpcLogAppender: Follower failed when matchIndex == 0,  keep nextIndex (1) unchanged and retry.
2023-06-01 19:11:16,374 [grpc-default-executor-3] WARN  server.GrpcLogAppender (LogUtils.java:warn(122)) - c686f304-079c-4e24-9d21-fd4c36dc1242@group-E89CD66131D1->fac1c7af-03c1-44bd-b323-3796df9c2435-AppendLogResponseHandler: Failed appendEntries: org.apache.ratis.thirdparty.io.grpc.StatusRuntimeException: CANCELLED: RST_STREAM closed stream. HTTP/2 error code: CANCEL
2023-06-01 19:11:16,380 [grpc-default-executor-3] WARN  server.GrpcLogAppender (GrpcLogAppender.java:resetClient(128)) - c686f304-079c-4e24-9d21-fd4c36dc1242@group-E89CD66131D1->fac1c7af-03c1-44bd-b323-3796df9c2435-GrpcLogAppender: Follower failed when matchIndex == 0,  keep nextIndex (1) unchanged and retry.
2023-06-01 19:11:16,383 [main] INFO  server.GrpcService (GrpcService.java:closeImpl(320)) - fac1c7af-03c1-44bd-b323-3796df9c2435: shutdown server org.apache.ratis.grpc.server.GrpcAdminProtocolService successfully
2023-06-01 19:11:16,383 [fac1c7af-03c1-44bd-b323-3796df9c2435-NettyServerStreamRpc-bossGroup--thread1] INFO  logging.LoggingHandler (AbstractInternalLogger.java:log(148)) - [id: 0x3bf5ec38, L:/0:0:0:0:0:0:0:0:15015] CLOSE
2023-06-01 19:11:16,383 [fac1c7af-03c1-44bd-b323-3796df9c2435-NettyServerStreamRpc-bossGroup--thread1] INFO  logging.LoggingHandler (AbstractInternalLogger.java:log(148)) - [id: 0x3bf5ec38, L:/0:0:0:0:0:0:0:0:15015] INACTIVE
2023-06-01 19:11:16,383 [fac1c7af-03c1-44bd-b323-3796df9c2435-NettyServerStreamRpc-bossGroup--thread1] INFO  logging.LoggingHandler (AbstractInternalLogger.java:log(148)) - [id: 0x3bf5ec38, L:/0:0:0:0:0:0:0:0:15015] UNREGISTERED
2023-06-01 19:11:16,401 [fac1c7af-03c1-44bd-b323-3796df9c2435@group-C5917EE03DF0-StateMachineUpdater] INFO  ratis.ContainerStateMachine (ContainerStateMachine.java:takeSnapshot(341)) - group-C5917EE03DF0: Finished taking a snapshot at:(t:1, i:0) file:/home/runner/work/ozone/ozone/hadoop-ozone/integration-test/target/test-dir/MiniOzoneClusterImpl-59aba430-7466-43cf-ac60-ffcd1bd17169/datanode-0/data/ratis/955c3877-b1c3-4600-b43f-c5917ee03df0/sm/snapshot.1_0 took: 70 ms
2023-06-01 19:11:16,402 [fac1c7af-03c1-44bd-b323-3796df9c2435@group-C5917EE03DF0-StateMachineUpdater] INFO  impl.StateMachineUpdater (StateMachineUpdater.java:takeSnapshot(291)) - fac1c7af-03c1-44bd-b323-3796df9c2435@group-C5917EE03DF0-StateMachineUpdater: Took a snapshot at index 0
2023-06-01 19:11:16,402 [fac1c7af-03c1-44bd-b323-3796df9c2435@group-C5917EE03DF0-StateMachineUpdater] INFO  impl.StateMachineUpdater (StateMachineUpdater.java:lambda$new$0(97)) - fac1c7af-03c1-44bd-b323-3796df9c2435@group-C5917EE03DF0-StateMachineUpdater: snapshotIndex: updateIncreasingly -1 -> 0
2023-06-01 19:11:16,418 [fac1c7af-03c1-44bd-b323-3796df9c2435-impl-thread2] INFO  server.RaftServer$Division (ServerState.java:close(472)) - fac1c7af-03c1-44bd-b323-3796df9c2435@group-C5917EE03DF0: closes. applyIndex: 0
2023-06-01 19:11:16,543 [grpc-default-executor-7] WARN  server.GrpcLogAppender (LogUtils.java:warn(122)) - c686f304-079c-4e24-9d21-fd4c36dc1242@group-E89CD66131D1->fac1c7af-03c1-44bd-b323-3796df9c2435-AppendLogResponseHandler: Failed appendEntries: org.apache.ratis.thirdparty.io.grpc.StatusRuntimeException: UNAVAILABLE: io exception
2023-06-01 19:11:16,543 [grpc-default-executor-7] WARN  server.GrpcLogAppender (GrpcLogAppender.java:resetClient(128)) - c686f304-079c-4e24-9d21-fd4c36dc1242@group-E89CD66131D1->fac1c7af-03c1-44bd-b323-3796df9c2435-GrpcLogAppender: Follower failed when matchIndex == 0,  keep nextIndex (1) unchanged and retry.
2023-06-01 19:11:16,543 [grpc-default-executor-3] WARN  server.GrpcLogAppender (LogUtils.java:warn(122)) - c686f304-079c-4e24-9d21-fd4c36dc1242@group-E89CD66131D1->fac1c7af-03c1-44bd-b323-3796df9c2435-AppendLogResponseHandler: Failed appendEntries: org.apache.ratis.thirdparty.io.grpc.StatusRuntimeException: UNAVAILABLE: io exception
2023-06-01 19:11:16,543 [grpc-default-executor-3] WARN  server.GrpcLogAppender (GrpcLogAppender.java:resetClient(128)) - c686f304-079c-4e24-9d21-fd4c36dc1242@group-E89CD66131D1->fac1c7af-03c1-44bd-b323-3796df9c2435-GrpcLogAppender: Follower failed when matchIndex == 0,  keep nextIndex (1) unchanged and retry.
2023-06-01 19:11:16,650 [grpc-default-executor-4] WARN  server.GrpcLogAppender (LogUtils.java:warn(122)) - d78dd883-3e4c-45aa-98b2-e8ffdf2e22af@group-AEB6F4C7E190->fac1c7af-03c1-44bd-b323-3796df9c2435-AppendLogResponseHandler: Failed appendEntries: org.apache.ratis.thirdparty.io.grpc.StatusRuntimeException: UNAVAILABLE: io exception
2023-06-01 19:11:16,651 [grpc-default-executor-4] WARN  server.GrpcLogAppender (GrpcLogAppender.java:resetClient(128)) - d78dd883-3e4c-45aa-98b2-e8ffdf2e22af@group-AEB6F4C7E190->fac1c7af-03c1-44bd-b323-3796df9c2435-GrpcLogAppender: Follower failed when matchIndex == 0,  keep nextIndex (1) unchanged and retry.
2023-06-01 19:11:16,653 [grpc-default-executor-7] WARN  server.GrpcLogAppender (LogUtils.java:warn(122)) - d78dd883-3e4c-45aa-98b2-e8ffdf2e22af@group-AEB6F4C7E190->fac1c7af-03c1-44bd-b323-3796df9c2435-AppendLogResponseHandler: Failed appendEntries: org.apache.ratis.thirdparty.io.grpc.StatusRuntimeException: UNAVAILABLE: io exception
2023-06-01 19:11:16,653 [grpc-default-executor-7] WARN  server.GrpcLogAppender (GrpcLogAppender.java:resetClient(128)) - d78dd883-3e4c-45aa-98b2-e8ffdf2e22af@group-AEB6F4C7E190->fac1c7af-03c1-44bd-b323-3796df9c2435-GrpcLogAppender: Follower failed when matchIndex == 0,  keep nextIndex (1) unchanged and retry.
2023-06-01 19:11:16,662 [b39db728-622c-42ae-954c-bd0dbc524ba7@group-E0CD80DDF985-FollowerState] INFO  impl.FollowerState (FollowerState.java:run(143)) - b39db728-622c-42ae-954c-bd0dbc524ba7@group-E0CD80DDF985-FollowerState: change to CANDIDATE, lastRpcElapsedTime:5034823050ns, electionTimeout:5030ms
2023-06-01 19:11:16,663 [b39db728-622c-42ae-954c-bd0dbc524ba7@group-E0CD80DDF985-FollowerState] INFO  impl.RoleInfo (RoleInfo.java:shutdownFollowerState(110)) - b39db728-622c-42ae-954c-bd0dbc524ba7: shutdown b39db728-622c-42ae-954c-bd0dbc524ba7@group-E0CD80DDF985-FollowerState
2023-06-01 19:11:16,663 [b39db728-622c-42ae-954c-bd0dbc524ba7@group-E0CD80DDF985-FollowerState] INFO  server.RaftServer$Division (RaftServerImpl.java:setRole(329)) - b39db728-622c-42ae-954c-bd0dbc524ba7@group-E0CD80DDF985: changes role from  FOLLOWER to CANDIDATE at term 0 for changeToCandidate
2023-06-01 19:11:16,663 [b39db728-622c-42ae-954c-bd0dbc524ba7@group-E0CD80DDF985-FollowerState] INFO  server.RaftServerConfigKeys (ConfUtils.java:logGet(46)) - raft.server.leaderelection.pre-vote = true (default)
2023-06-01 19:11:16,663 [b39db728-622c-42ae-954c-bd0dbc524ba7@group-E0CD80DDF985-FollowerState] INFO  impl.RoleInfo (RoleInfo.java:updateAndGet(139)) - b39db728-622c-42ae-954c-bd0dbc524ba7: start b39db728-622c-42ae-954c-bd0dbc524ba7@group-E0CD80DDF985-LeaderElection22
2023-06-01 19:11:16,667 [b39db728-622c-42ae-954c-bd0dbc524ba7@group-E0CD80DDF985-LeaderElection22] INFO  impl.LeaderElection (LeaderElection.java:askForVotes(321)) - b39db728-622c-42ae-954c-bd0dbc524ba7@group-E0CD80DDF985-LeaderElection22 PRE_VOTE round 0: submit vote requests at term 0 for -1: peers:[b39db728-622c-42ae-954c-bd0dbc524ba7|rpc:10.1.0.196:15086|admin:10.1.0.196:15085|client:10.1.0.196:15084|dataStream:10.1.0.196:15087|priority:1|startupRole:FOLLOWER]|listeners:[], old=null
2023-06-01 19:11:16,668 [b39db728-622c-42ae-954c-bd0dbc524ba7@group-E0CD80DDF985-LeaderElection22] INFO  impl.LeaderElection (LeaderElection.java:askForVotes(323)) - b39db728-622c-42ae-954c-bd0dbc524ba7@group-E0CD80DDF985-LeaderElection22 PRE_VOTE round 0: result PASSED (term=0)
2023-06-01 19:11:16,670 [b39db728-622c-42ae-954c-bd0dbc524ba7@group-E0CD80DDF985-LeaderElection22] INFO  impl.LeaderElection (LeaderElection.java:askForVotes(321)) - b39db728-622c-42ae-954c-bd0dbc524ba7@group-E0CD80DDF985-LeaderElection22 ELECTION round 0: submit vote requests at term 1 for -1: peers:[b39db728-622c-42ae-954c-bd0dbc524ba7|rpc:10.1.0.196:15086|admin:10.1.0.196:15085|client:10.1.0.196:15084|dataStream:10.1.0.196:15087|priority:1|startupRole:FOLLOWER]|listeners:[], old=null
2023-06-01 19:11:16,670 [b39db728-622c-42ae-954c-bd0dbc524ba7@group-E0CD80DDF985-LeaderElection22] INFO  impl.LeaderElection (LeaderElection.java:askForVotes(323)) - b39db728-622c-42ae-954c-bd0dbc524ba7@group-E0CD80DDF985-LeaderElection22 ELECTION round 0: result PASSED (term=1)
2023-06-01 19:11:16,670 [b39db728-622c-42ae-954c-bd0dbc524ba7@group-E0CD80DDF985-LeaderElection22] INFO  impl.RoleInfo (RoleInfo.java:shutdownLeaderElection(130)) - b39db728-622c-42ae-954c-bd0dbc524ba7: shutdown b39db728-622c-42ae-954c-bd0dbc524ba7@group-E0CD80DDF985-LeaderElection22
2023-06-01 19:11:16,670 [b39db728-622c-42ae-954c-bd0dbc524ba7@group-E0CD80DDF985-LeaderElection22] INFO  server.RaftServer$Division (RaftServerImpl.java:setRole(329)) - b39db728-622c-42ae-954c-bd0dbc524ba7@group-E0CD80DDF985: changes role from CANDIDATE to LEADER at term 1 for changeToLeader
2023-06-01 19:11:16,670 [b39db728-622c-42ae-954c-bd0dbc524ba7@group-E0CD80DDF985-LeaderElection22] INFO  ratis.XceiverServerRatis (XceiverServerRatis.java:handleLeaderChangedNotification(902)) - Leader change notification received for group: group-E0CD80DDF985 with new leaderId: b39db728-622c-42ae-954c-bd0dbc524ba7
2023-06-01 19:11:16,672 [b39db728-622c-42ae-954c-bd0dbc524ba7@group-E0CD80DDF985-LeaderElection22] INFO  server.RaftServer$Division (ServerState.java:setLeader(317)) - b39db728-622c-42ae-954c-bd0dbc524ba7@group-E0CD80DDF985: change Leader from null to b39db728-622c-42ae-954c-bd0dbc524ba7 at term 1 for becomeLeader, leader elected after 5472ms
2023-06-01 19:11:16,672 [b39db728-622c-42ae-954c-bd0dbc524ba7@group-E0CD80DDF985-LeaderElection22] INFO  server.RaftServerConfigKeys (ConfUtils.java:logGet(46)) - raft.server.staging.catchup.gap = 1000 (default)
2023-06-01 19:11:16,673 [b39db728-622c-42ae-954c-bd0dbc524ba7@group-E0CD80DDF985-LeaderElection22] INFO  server.RaftServerConfigKeys (ConfUtils.java:logGet(46)) - raft.server.write.element-limit = 1024 (custom)
2023-06-01 19:11:16,673 [b39db728-622c-42ae-954c-bd0dbc524ba7@group-E0CD80DDF985-LeaderElection22] INFO  server.RaftServerConfigKeys (ConfUtils.java:logGet(46)) - raft.server.write.byte-limit = 1024 M (=1073741824) (custom)
2023-06-01 19:11:16,673 [b39db728-622c-42ae-954c-bd0dbc524ba7@group-E0CD80DDF985-LeaderElection22] INFO  server.RaftServerConfigKeys (ConfUtils.java:logGet(46)) - raft.server.watch.timeout = 180s (custom)
2023-06-01 19:11:16,673 [b39db728-622c-42ae-954c-bd0dbc524ba7@group-E0CD80DDF985-LeaderElection22] INFO  server.RaftServerConfigKeys (ConfUtils.java:logGet(46)) - raft.server.watch.timeout.denomination = 1s (default)
2023-06-01 19:11:16,673 [b39db728-622c-42ae-954c-bd0dbc524ba7@group-E0CD80DDF985-LeaderElection22] INFO  server.RaftServerConfigKeys (ConfUtils.java:logGet(46)) - raft.server.watch.element-limit = 65536 (default)
2023-06-01 19:11:16,673 [b39db728-622c-42ae-954c-bd0dbc524ba7@group-E0CD80DDF985-LeaderElection22] INFO  server.RaftServerConfigKeys (ConfUtils.java:logGet(46)) - raft.server.write.element-limit = 1024 (custom)
2023-06-01 19:11:16,673 [b39db728-622c-42ae-954c-bd0dbc524ba7@group-E0CD80DDF985-LeaderElection22] INFO  server.RaftServerConfigKeys (ConfUtils.java:logGet(46)) - raft.server.write.follower.gap.ratio.max = -1.0 (default)
2023-06-01 19:11:16,673 [b39db728-622c-42ae-954c-bd0dbc524ba7@group-E0CD80DDF985-LeaderElection22] INFO  impl.RoleInfo (RoleInfo.java:updateAndGet(139)) - b39db728-622c-42ae-954c-bd0dbc524ba7: start b39db728-622c-42ae-954c-bd0dbc524ba7@group-E0CD80DDF985-LeaderStateImpl
2023-06-01 19:11:16,674 [b39db728-622c-42ae-954c-bd0dbc524ba7@group-E0CD80DDF985-LeaderElection22] INFO  segmented.SegmentedRaftLogWorker (SegmentedRaftLogWorker.java:startLogSegment(447)) - b39db728-622c-42ae-954c-bd0dbc524ba7@group-E0CD80DDF985-SegmentedRaftLogWorker: Starting segment from index:0
2023-06-01 19:11:16,675 [b39db728-622c-42ae-954c-bd0dbc524ba7@group-E0CD80DDF985-SegmentedRaftLogWorker] INFO  segmented.SegmentedRaftLogWorker (SegmentedRaftLogWorker.java:execute(651)) - b39db728-622c-42ae-954c-bd0dbc524ba7@group-E0CD80DDF985-SegmentedRaftLogWorker: created new log segment /home/runner/work/ozone/ozone/hadoop-ozone/integration-test/target/test-dir/MiniOzoneClusterImpl-59aba430-7466-43cf-ac60-ffcd1bd17169/datanode-8/data/ratis/4c2902db-2650-4793-9ea7-e0cd80ddf985/current/log_inprogress_0
2023-06-01 19:11:16,684 [b39db728-622c-42ae-954c-bd0dbc524ba7@group-E0CD80DDF985-LeaderElection22] INFO  server.RaftServer$Division (ServerState.java:setRaftConf(434)) - b39db728-622c-42ae-954c-bd0dbc524ba7@group-E0CD80DDF985: set configuration 0: peers:[b39db728-622c-42ae-954c-bd0dbc524ba7|rpc:10.1.0.196:15086|admin:10.1.0.196:15085|client:10.1.0.196:15084|dataStream:10.1.0.196:15087|priority:1|startupRole:FOLLOWER]|listeners:[], old=null
2023-06-01 19:11:16,697 [d7192325-13fb-433e-b8d5-f6359b644c8f@group-1DFD4EBF5B32-FollowerState] INFO  impl.FollowerState (FollowerState.java:run(143)) - d7192325-13fb-433e-b8d5-f6359b644c8f@group-1DFD4EBF5B32-FollowerState: change to CANDIDATE, lastRpcElapsedTime:5049785684ns, electionTimeout:5046ms
2023-06-01 19:11:16,698 [d7192325-13fb-433e-b8d5-f6359b644c8f@group-1DFD4EBF5B32-FollowerState] INFO  impl.RoleInfo (RoleInfo.java:shutdownFollowerState(110)) - d7192325-13fb-433e-b8d5-f6359b644c8f: shutdown d7192325-13fb-433e-b8d5-f6359b644c8f@group-1DFD4EBF5B32-FollowerState
2023-06-01 19:11:16,698 [d7192325-13fb-433e-b8d5-f6359b644c8f@group-1DFD4EBF5B32-FollowerState] INFO  server.RaftServer$Division (RaftServerImpl.java:setRole(329)) - d7192325-13fb-433e-b8d5-f6359b644c8f@group-1DFD4EBF5B32: changes role from  FOLLOWER to CANDIDATE at term 0 for changeToCandidate
2023-06-01 19:11:16,698 [d7192325-13fb-433e-b8d5-f6359b644c8f@group-1DFD4EBF5B32-FollowerState] INFO  server.RaftServerConfigKeys (ConfUtils.java:logGet(46)) - raft.server.leaderelection.pre-vote = true (default)
2023-06-01 19:11:16,698 [d7192325-13fb-433e-b8d5-f6359b644c8f@group-1DFD4EBF5B32-FollowerState] INFO  impl.RoleInfo (RoleInfo.java:updateAndGet(139)) - d7192325-13fb-433e-b8d5-f6359b644c8f: start d7192325-13fb-433e-b8d5-f6359b644c8f@group-1DFD4EBF5B32-LeaderElection23
2023-06-01 19:11:16,706 [d7192325-13fb-433e-b8d5-f6359b644c8f@group-1DFD4EBF5B32-LeaderElection23] INFO  impl.LeaderElection (LeaderElection.java:askForVotes(321)) - d7192325-13fb-433e-b8d5-f6359b644c8f@group-1DFD4EBF5B32-LeaderElection23 PRE_VOTE round 0: submit vote requests at term 0 for -1: peers:[d7192325-13fb-433e-b8d5-f6359b644c8f|rpc:10.1.0.196:15095|admin:10.1.0.196:15094|client:10.1.0.196:15093|dataStream:10.1.0.196:15096|priority:1|startupRole:FOLLOWER]|listeners:[], old=null
2023-06-01 19:11:16,706 [d7192325-13fb-433e-b8d5-f6359b644c8f@group-1DFD4EBF5B32-LeaderElection23] INFO  impl.LeaderElection (LeaderElection.java:askForVotes(323)) - d7192325-13fb-433e-b8d5-f6359b644c8f@group-1DFD4EBF5B32-LeaderElection23 PRE_VOTE round 0: result PASSED (term=0)
2023-06-01 19:11:16,708 [d7192325-13fb-433e-b8d5-f6359b644c8f@group-1DFD4EBF5B32-LeaderElection23] INFO  impl.LeaderElection (LeaderElection.java:askForVotes(321)) - d7192325-13fb-433e-b8d5-f6359b644c8f@group-1DFD4EBF5B32-LeaderElection23 ELECTION round 0: submit vote requests at term 1 for -1: peers:[d7192325-13fb-433e-b8d5-f6359b644c8f|rpc:10.1.0.196:15095|admin:10.1.0.196:15094|client:10.1.0.196:15093|dataStream:10.1.0.196:15096|priority:1|startupRole:FOLLOWER]|listeners:[], old=null
2023-06-01 19:11:16,709 [d7192325-13fb-433e-b8d5-f6359b644c8f@group-1DFD4EBF5B32-LeaderElection23] INFO  impl.LeaderElection (LeaderElection.java:askForVotes(323)) - d7192325-13fb-433e-b8d5-f6359b644c8f@group-1DFD4EBF5B32-LeaderElection23 ELECTION round 0: result PASSED (term=1)
2023-06-01 19:11:16,709 [d7192325-13fb-433e-b8d5-f6359b644c8f@group-1DFD4EBF5B32-LeaderElection23] INFO  impl.RoleInfo (RoleInfo.java:shutdownLeaderElection(130)) - d7192325-13fb-433e-b8d5-f6359b644c8f: shutdown d7192325-13fb-433e-b8d5-f6359b644c8f@group-1DFD4EBF5B32-LeaderElection23
2023-06-01 19:11:16,709 [d7192325-13fb-433e-b8d5-f6359b644c8f@group-1DFD4EBF5B32-LeaderElection23] INFO  server.RaftServer$Division (RaftServerImpl.java:setRole(329)) - d7192325-13fb-433e-b8d5-f6359b644c8f@group-1DFD4EBF5B32: changes role from CANDIDATE to LEADER at term 1 for changeToLeader
2023-06-01 19:11:16,709 [d7192325-13fb-433e-b8d5-f6359b644c8f@group-1DFD4EBF5B32-LeaderElection23] INFO  ratis.XceiverServerRatis (XceiverServerRatis.java:handleLeaderChangedNotification(902)) - Leader change notification received for group: group-1DFD4EBF5B32 with new leaderId: d7192325-13fb-433e-b8d5-f6359b644c8f
2023-06-01 19:11:16,709 [d7192325-13fb-433e-b8d5-f6359b644c8f@group-1DFD4EBF5B32-LeaderElection23] INFO  server.RaftServer$Division (ServerState.java:setLeader(317)) - d7192325-13fb-433e-b8d5-f6359b644c8f@group-1DFD4EBF5B32: change Leader from null to d7192325-13fb-433e-b8d5-f6359b644c8f at term 1 for becomeLeader, leader elected after 5080ms
2023-06-01 19:11:16,709 [d7192325-13fb-433e-b8d5-f6359b644c8f@group-1DFD4EBF5B32-LeaderElection23] INFO  server.RaftServerConfigKeys (ConfUtils.java:logGet(46)) - raft.server.staging.catchup.gap = 1000 (default)
2023-06-01 19:11:16,709 [d7192325-13fb-433e-b8d5-f6359b644c8f@group-1DFD4EBF5B32-LeaderElection23] INFO  server.RaftServerConfigKeys (ConfUtils.java:logGet(46)) - raft.server.write.element-limit = 1024 (custom)
2023-06-01 19:11:16,709 [d7192325-13fb-433e-b8d5-f6359b644c8f@group-1DFD4EBF5B32-LeaderElection23] INFO  server.RaftServerConfigKeys (ConfUtils.java:logGet(46)) - raft.server.write.byte-limit = 1024 M (=1073741824) (custom)
2023-06-01 19:11:16,709 [d7192325-13fb-433e-b8d5-f6359b644c8f@group-1DFD4EBF5B32-LeaderElection23] INFO  server.RaftServerConfigKeys (ConfUtils.java:logGet(46)) - raft.server.watch.timeout = 180s (custom)
2023-06-01 19:11:16,709 [d7192325-13fb-433e-b8d5-f6359b644c8f@group-1DFD4EBF5B32-LeaderElection23] INFO  server.RaftServerConfigKeys (ConfUtils.java:logGet(46)) - raft.server.watch.timeout.denomination = 1s (default)
2023-06-01 19:11:16,709 [d7192325-13fb-433e-b8d5-f6359b644c8f@group-1DFD4EBF5B32-LeaderElection23] INFO  server.RaftServerConfigKeys (ConfUtils.java:logGet(46)) - raft.server.watch.element-limit = 65536 (default)
2023-06-01 19:11:16,710 [d7192325-13fb-433e-b8d5-f6359b644c8f@group-1DFD4EBF5B32-LeaderElection23] INFO  server.RaftServerConfigKeys (ConfUtils.java:logGet(46)) - raft.server.write.element-limit = 1024 (custom)
2023-06-01 19:11:16,710 [d7192325-13fb-433e-b8d5-f6359b644c8f@group-1DFD4EBF5B32-LeaderElection23] INFO  server.RaftServerConfigKeys (ConfUtils.java:logGet(46)) - raft.server.write.follower.gap.ratio.max = -1.0 (default)
2023-06-01 19:11:16,710 [d7192325-13fb-433e-b8d5-f6359b644c8f@group-1DFD4EBF5B32-LeaderElection23] INFO  impl.RoleInfo (RoleInfo.java:updateAndGet(139)) - d7192325-13fb-433e-b8d5-f6359b644c8f: start d7192325-13fb-433e-b8d5-f6359b644c8f@group-1DFD4EBF5B32-LeaderStateImpl
2023-06-01 19:11:16,711 [d7192325-13fb-433e-b8d5-f6359b644c8f@group-1DFD4EBF5B32-LeaderElection23] INFO  segmented.SegmentedRaftLogWorker (SegmentedRaftLogWorker.java:startLogSegment(447)) - d7192325-13fb-433e-b8d5-f6359b644c8f@group-1DFD4EBF5B32-SegmentedRaftLogWorker: Starting segment from index:0
2023-06-01 19:11:16,712 [d7192325-13fb-433e-b8d5-f6359b644c8f@group-1DFD4EBF5B32-SegmentedRaftLogWorker] INFO  segmented.SegmentedRaftLogWorker (SegmentedRaftLogWorker.java:execute(651)) - d7192325-13fb-433e-b8d5-f6359b644c8f@group-1DFD4EBF5B32-SegmentedRaftLogWorker: created new log segment /home/runner/work/ozone/ozone/hadoop-ozone/integration-test/target/test-dir/MiniOzoneClusterImpl-59aba430-7466-43cf-ac60-ffcd1bd17169/datanode-9/data/ratis/2af14865-a653-4950-ac89-1dfd4ebf5b32/current/log_inprogress_0
2023-06-01 19:11:16,716 [d7192325-13fb-433e-b8d5-f6359b644c8f@group-1DFD4EBF5B32-LeaderElection23] INFO  server.RaftServer$Division (ServerState.java:setRaftConf(434)) - d7192325-13fb-433e-b8d5-f6359b644c8f@group-1DFD4EBF5B32: set configuration 0: peers:[d7192325-13fb-433e-b8d5-f6359b644c8f|rpc:10.1.0.196:15095|admin:10.1.0.196:15094|client:10.1.0.196:15093|dataStream:10.1.0.196:15096|priority:1|startupRole:FOLLOWER]|listeners:[], old=null
2023-06-01 19:11:17,041 [fac1c7af-03c1-44bd-b323-3796df9c2435-impl-thread1] INFO  segmented.SegmentedRaftLogWorker (SegmentedRaftLogWorker.java:close(252)) - fac1c7af-03c1-44bd-b323-3796df9c2435@group-E89CD66131D1-SegmentedRaftLogWorker close()
2023-06-01 19:11:17,153 [fac1c7af-03c1-44bd-b323-3796df9c2435-impl-thread3] INFO  segmented.SegmentedRaftLogWorker (SegmentedRaftLogWorker.java:close(252)) - fac1c7af-03c1-44bd-b323-3796df9c2435@group-AEB6F4C7E190-SegmentedRaftLogWorker close()
2023-06-01 19:11:17,388 [fac1c7af-03c1-44bd-b323-3796df9c2435-impl-thread2] INFO  segmented.SegmentedRaftLogWorker (SegmentedRaftLogWorker.java:close(252)) - fac1c7af-03c1-44bd-b323-3796df9c2435@group-C5917EE03DF0-SegmentedRaftLogWorker close()
2023-06-01 19:11:17,389 [JvmPauseMonitor1] INFO  util.JvmPauseMonitor (JvmPauseMonitor.java:run(109)) - JvmPauseMonitor-fac1c7af-03c1-44bd-b323-3796df9c2435: Stopped
2023-06-01 19:11:17,786 [grpc-default-executor-3] WARN  server.GrpcLogAppender (LogUtils.java:warn(122)) - c686f304-079c-4e24-9d21-fd4c36dc1242@group-E89CD66131D1->fac1c7af-03c1-44bd-b323-3796df9c2435-AppendLogResponseHandler: Failed appendEntries: org.apache.ratis.thirdparty.io.grpc.StatusRuntimeException: UNAVAILABLE: io exception
2023-06-01 19:11:17,786 [grpc-default-executor-7] WARN  server.GrpcLogAppender (LogUtils.java:warn(122)) - c686f304-079c-4e24-9d21-fd4c36dc1242@group-E89CD66131D1->fac1c7af-03c1-44bd-b323-3796df9c2435-AppendLogResponseHandler: Failed appendEntries: org.apache.ratis.thirdparty.io.grpc.StatusRuntimeException: UNAVAILABLE: io exception
2023-06-01 19:11:17,787 [grpc-default-executor-3] WARN  server.GrpcLogAppender (GrpcLogAppender.java:resetClient(128)) - c686f304-079c-4e24-9d21-fd4c36dc1242@group-E89CD66131D1->fac1c7af-03c1-44bd-b323-3796df9c2435-GrpcLogAppender: Follower failed when matchIndex == 0,  keep nextIndex (1) unchanged and retry.
2023-06-01 19:11:17,787 [grpc-default-executor-7] WARN  server.GrpcLogAppender (GrpcLogAppender.java:resetClient(128)) - c686f304-079c-4e24-9d21-fd4c36dc1242@group-E89CD66131D1->fac1c7af-03c1-44bd-b323-3796df9c2435-GrpcLogAppender: Follower failed when matchIndex == 0,  keep nextIndex (1) unchanged and retry.
2023-06-01 19:11:17,789 [grpc-default-executor-7] WARN  server.GrpcLogAppender (LogUtils.java:warn(122)) - c686f304-079c-4e24-9d21-fd4c36dc1242@group-E89CD66131D1->fac1c7af-03c1-44bd-b323-3796df9c2435-AppendLogResponseHandler: Failed appendEntries: org.apache.ratis.thirdparty.io.grpc.StatusRuntimeException: UNAVAILABLE: io exception
2023-06-01 19:11:17,789 [grpc-default-executor-3] WARN  server.GrpcLogAppender (LogUtils.java:warn(122)) - c686f304-079c-4e24-9d21-fd4c36dc1242@group-E89CD66131D1->fac1c7af-03c1-44bd-b323-3796df9c2435-AppendLogResponseHandler: Failed appendEntries: org.apache.ratis.thirdparty.io.grpc.StatusRuntimeException: UNAVAILABLE: io exception
2023-06-01 19:11:17,789 [grpc-default-executor-7] WARN  server.GrpcLogAppender (GrpcLogAppender.java:resetClient(128)) - c686f304-079c-4e24-9d21-fd4c36dc1242@group-E89CD66131D1->fac1c7af-03c1-44bd-b323-3796df9c2435-GrpcLogAppender: Follower failed when matchIndex == 0,  keep nextIndex (1) unchanged and retry.
2023-06-01 19:11:17,790 [grpc-default-executor-3] WARN  server.GrpcLogAppender (GrpcLogAppender.java:resetClient(128)) - c686f304-079c-4e24-9d21-fd4c36dc1242@group-E89CD66131D1->fac1c7af-03c1-44bd-b323-3796df9c2435-GrpcLogAppender: Follower failed when matchIndex == 0,  keep nextIndex (1) unchanged and retry.
2023-06-01 19:11:17,900 [grpc-default-executor-3] WARN  server.GrpcLogAppender (LogUtils.java:warn(122)) - d78dd883-3e4c-45aa-98b2-e8ffdf2e22af@group-AEB6F4C7E190->fac1c7af-03c1-44bd-b323-3796df9c2435-AppendLogResponseHandler: Failed appendEntries: org.apache.ratis.thirdparty.io.grpc.StatusRuntimeException: UNAVAILABLE: io exception
2023-06-01 19:11:17,900 [grpc-default-executor-7] WARN  server.GrpcLogAppender (LogUtils.java:warn(122)) - d78dd883-3e4c-45aa-98b2-e8ffdf2e22af@group-AEB6F4C7E190->fac1c7af-03c1-44bd-b323-3796df9c2435-AppendLogResponseHandler: Failed appendEntries: org.apache.ratis.thirdparty.io.grpc.StatusRuntimeException: UNAVAILABLE: io exception
2023-06-01 19:11:17,901 [grpc-default-executor-3] WARN  server.GrpcLogAppender (GrpcLogAppender.java:resetClient(128)) - d78dd883-3e4c-45aa-98b2-e8ffdf2e22af@group-AEB6F4C7E190->fac1c7af-03c1-44bd-b323-3796df9c2435-GrpcLogAppender: Follower failed when matchIndex == 0,  keep nextIndex (1) unchanged and retry.
2023-06-01 19:11:17,901 [grpc-default-executor-7] WARN  server.GrpcLogAppender (GrpcLogAppender.java:resetClient(128)) - d78dd883-3e4c-45aa-98b2-e8ffdf2e22af@group-AEB6F4C7E190->fac1c7af-03c1-44bd-b323-3796df9c2435-GrpcLogAppender: Follower failed when matchIndex == 0,  keep nextIndex (1) unchanged and retry.
2023-06-01 19:11:19,039 [grpc-default-executor-7] WARN  server.GrpcLogAppender (LogUtils.java:warn(122)) - c686f304-079c-4e24-9d21-fd4c36dc1242@group-E89CD66131D1->fac1c7af-03c1-44bd-b323-3796df9c2435-AppendLogResponseHandler: Failed appendEntries: org.apache.ratis.thirdparty.io.grpc.StatusRuntimeException: UNAVAILABLE: io exception
2023-06-01 19:11:19,040 [grpc-default-executor-7] WARN  server.GrpcLogAppender (GrpcLogAppender.java:resetClient(128)) - c686f304-079c-4e24-9d21-fd4c36dc1242@group-E89CD66131D1->fac1c7af-03c1-44bd-b323-3796df9c2435-GrpcLogAppender: Follower failed when matchIndex == 0,  keep nextIndex (1) unchanged and retry.
2023-06-01 19:11:19,040 [grpc-default-executor-3] WARN  server.GrpcLogAppender (LogUtils.java:warn(122)) - c686f304-079c-4e24-9d21-fd4c36dc1242@group-E89CD66131D1->fac1c7af-03c1-44bd-b323-3796df9c2435-AppendLogResponseHandler: Failed appendEntries: org.apache.ratis.thirdparty.io.grpc.StatusRuntimeException: UNAVAILABLE: io exception
2023-06-01 19:11:19,040 [grpc-default-executor-3] WARN  server.GrpcLogAppender (GrpcLogAppender.java:resetClient(128)) - c686f304-079c-4e24-9d21-fd4c36dc1242@group-E89CD66131D1->fac1c7af-03c1-44bd-b323-3796df9c2435-GrpcLogAppender: Follower failed when matchIndex == 0,  keep nextIndex (1) unchanged and retry.
2023-06-01 19:11:19,150 [grpc-default-executor-4] WARN  server.GrpcLogAppender (LogUtils.java:warn(122)) - d78dd883-3e4c-45aa-98b2-e8ffdf2e22af@group-AEB6F4C7E190->fac1c7af-03c1-44bd-b323-3796df9c2435-AppendLogResponseHandler: Failed appendEntries: org.apache.ratis.thirdparty.io.grpc.StatusRuntimeException: UNAVAILABLE: io exception
2023-06-01 19:11:19,150 [grpc-default-executor-7] WARN  server.GrpcLogAppender (LogUtils.java:warn(122)) - d78dd883-3e4c-45aa-98b2-e8ffdf2e22af@group-AEB6F4C7E190->fac1c7af-03c1-44bd-b323-3796df9c2435-AppendLogResponseHandler: Failed appendEntries: org.apache.ratis.thirdparty.io.grpc.StatusRuntimeException: UNAVAILABLE: io exception
2023-06-01 19:11:19,151 [grpc-default-executor-4] WARN  server.GrpcLogAppender (GrpcLogAppender.java:resetClient(128)) - d78dd883-3e4c-45aa-98b2-e8ffdf2e22af@group-AEB6F4C7E190->fac1c7af-03c1-44bd-b323-3796df9c2435-GrpcLogAppender: Follower failed when matchIndex == 0,  keep nextIndex (1) unchanged and retry.
2023-06-01 19:11:19,152 [grpc-default-executor-7] WARN  server.GrpcLogAppender (GrpcLogAppender.java:resetClient(128)) - d78dd883-3e4c-45aa-98b2-e8ffdf2e22af@group-AEB6F4C7E190->fac1c7af-03c1-44bd-b323-3796df9c2435-GrpcLogAppender: Follower failed when matchIndex == 0,  keep nextIndex (1) unchanged and retry.
2023-06-01 19:11:19,226 [EventQueue-StaleNodeForStaleNodeHandler] INFO  node.StaleNodeHandler (StaleNodeHandler.java:onMessage(59)) - Datanode fac1c7af-03c1-44bd-b323-3796df9c2435(fv-az163-187.kzyshwy3mise5klwsllqwzgzyb.cx.internal.cloudapp.net/10.1.0.196) moved to stale state. Finalizing its pipelines [PipelineID=ee6c0190-ec41-489e-8a9d-e89cd66131d1, PipelineID=26401357-b866-4ecb-8421-6e92065ebe92, PipelineID=955c3877-b1c3-4600-b43f-c5917ee03df0, PipelineID=793e092b-6040-4f80-b54d-aeb6f4c7e190]
2023-06-01 19:11:19,227 [EventQueue-StaleNodeForStaleNodeHandler] INFO  pipeline.PipelineManagerImpl (PipelineManagerImpl.java:closePipeline(442)) - Pipeline Pipeline[ Id: ee6c0190-ec41-489e-8a9d-e89cd66131d1, Nodes: d78dd883-3e4c-45aa-98b2-e8ffdf2e22af(fv-az163-187.kzyshwy3mise5klwsllqwzgzyb.cx.internal.cloudapp.net/10.1.0.196)fac1c7af-03c1-44bd-b323-3796df9c2435(fv-az163-187.kzyshwy3mise5klwsllqwzgzyb.cx.internal.cloudapp.net/10.1.0.196)c686f304-079c-4e24-9d21-fd4c36dc1242(fv-az163-187.kzyshwy3mise5klwsllqwzgzyb.cx.internal.cloudapp.net/10.1.0.196), ReplicationConfig: RATIS/THREE, State:OPEN, leaderId:c686f304-079c-4e24-9d21-fd4c36dc1242, CreationTimestamp2023-06-01T19:11:06.039Z[Etc/UTC]] moved to CLOSED state
2023-06-01 19:11:19,230 [EventQueue-StaleNodeForStaleNodeHandler] INFO  pipeline.PipelineManagerImpl (PipelineManagerImpl.java:closeContainersForPipeline(421)) - Container #1 closed for pipeline=PipelineID=26401357-b866-4ecb-8421-6e92065ebe92
2023-06-01 19:11:19,230 [EventQueue-CloseContainerForCloseContainerEventHandler] INFO  container.CloseContainerEventHandler (CloseContainerEventHandler.java:onMessage(89)) - Close container Event triggered for container : #1, current state: CLOSING
2023-06-01 19:11:19,231 [EventQueue-StaleNodeForStaleNodeHandler] INFO  pipeline.PipelineManagerImpl (PipelineManagerImpl.java:closePipeline(442)) - Pipeline Pipeline[ Id: 26401357-b866-4ecb-8421-6e92065ebe92, Nodes: fac1c7af-03c1-44bd-b323-3796df9c2435(fv-az163-187.kzyshwy3mise5klwsllqwzgzyb.cx.internal.cloudapp.net/10.1.0.196)9125f905-aa43-4d0f-845d-e6cfd4dab0cd(fv-az163-187.kzyshwy3mise5klwsllqwzgzyb.cx.internal.cloudapp.net/10.1.0.196)9ff544a7-6c1c-4ca7-a5dc-e42e2710cacb(fv-az163-187.kzyshwy3mise5klwsllqwzgzyb.cx.internal.cloudapp.net/10.1.0.196)b39db728-622c-42ae-954c-bd0dbc524ba7(fv-az163-187.kzyshwy3mise5klwsllqwzgzyb.cx.internal.cloudapp.net/10.1.0.196)c686f304-079c-4e24-9d21-fd4c36dc1242(fv-az163-187.kzyshwy3mise5klwsllqwzgzyb.cx.internal.cloudapp.net/10.1.0.196), ReplicationConfig: EC{rs-3-2-1024k}, State:OPEN, leaderId:, CreationTimestamp2023-06-01T19:11:15.507Z[Etc/UTC]] moved to CLOSED state
2023-06-01 19:11:19,235 [EventQueue-StaleNodeForStaleNodeHandler] INFO  pipeline.PipelineManagerImpl (PipelineManagerImpl.java:closePipeline(442)) - Pipeline Pipeline[ Id: 955c3877-b1c3-4600-b43f-c5917ee03df0, Nodes: fac1c7af-03c1-44bd-b323-3796df9c2435(fv-az163-187.kzyshwy3mise5klwsllqwzgzyb.cx.internal.cloudapp.net/10.1.0.196), ReplicationConfig: RATIS/ONE, State:OPEN, leaderId:fac1c7af-03c1-44bd-b323-3796df9c2435, CreationTimestamp2023-06-01T19:11:05.206Z[Etc/UTC]] moved to CLOSED state
2023-06-01 19:11:19,236 [EventQueue-StaleNodeForStaleNodeHandler] INFO  pipeline.PipelineManagerImpl (PipelineManagerImpl.java:closePipeline(442)) - Pipeline Pipeline[ Id: 793e092b-6040-4f80-b54d-aeb6f4c7e190, Nodes: c686f304-079c-4e24-9d21-fd4c36dc1242(fv-az163-187.kzyshwy3mise5klwsllqwzgzyb.cx.internal.cloudapp.net/10.1.0.196)fac1c7af-03c1-44bd-b323-3796df9c2435(fv-az163-187.kzyshwy3mise5klwsllqwzgzyb.cx.internal.cloudapp.net/10.1.0.196)d78dd883-3e4c-45aa-98b2-e8ffdf2e22af(fv-az163-187.kzyshwy3mise5klwsllqwzgzyb.cx.internal.cloudapp.net/10.1.0.196), ReplicationConfig: RATIS/THREE, State:OPEN, leaderId:d78dd883-3e4c-45aa-98b2-e8ffdf2e22af, CreationTimestamp2023-06-01T19:11:06.034Z[Etc/UTC]] moved to CLOSED state
2023-06-01 19:11:19,446 [main] INFO  utils.DatanodeStoreCache (DatanodeStoreCache.java:shutdownCache(110)) - Skip clearing cache in mini cluster mode. Entries left: [/home/runner/work/ozone/ozone/hadoop-ozone/integration-test/target/test-dir/MiniOzoneClusterImpl-59aba430-7466-43cf-ac60-ffcd1bd17169/datanode-0/data-0/containers/hdds/59aba430-7466-43cf-ac60-ffcd1bd17169/DS-1dc93e80-6571-4538-8142-c6dbd0377ce9/container.db, /home/runner/work/ozone/ozone/hadoop-ozone/integration-test/target/test-dir/MiniOzoneClusterImpl-59aba430-7466-43cf-ac60-ffcd1bd17169/datanode-1/data-0/containers/hdds/59aba430-7466-43cf-ac60-ffcd1bd17169/DS-c9ab76c1-7f63-4089-a5b6-a68750fa06c4/container.db, /home/runner/work/ozone/ozone/hadoop-ozone/integration-test/target/test-dir/MiniOzoneClusterImpl-59aba430-7466-43cf-ac60-ffcd1bd17169/datanode-2/data-0/containers/hdds/59aba430-7466-43cf-ac60-ffcd1bd17169/DS-4aa07bd8-eb83-4ed4-9771-0b7338b2244f/container.db, /home/runner/work/ozone/ozone/hadoop-ozone/integration-test/target/test-dir/MiniOzoneClusterImpl-59aba430-7466-43cf-ac60-ffcd1bd17169/datanode-3/data-0/containers/hdds/59aba430-7466-43cf-ac60-ffcd1bd17169/DS-0a3800d6-70cc-436b-83a5-f4bdb07d051a/container.db, /home/runner/work/ozone/ozone/hadoop-ozone/integration-test/target/test-dir/MiniOzoneClusterImpl-59aba430-7466-43cf-ac60-ffcd1bd17169/datanode-4/data-0/containers/hdds/59aba430-7466-43cf-ac60-ffcd1bd17169/DS-7aa12682-a603-4056-870a-466ff51bd89a/container.db, /home/runner/work/ozone/ozone/hadoop-ozone/integration-test/target/test-dir/MiniOzoneClusterImpl-59aba430-7466-43cf-ac60-ffcd1bd17169/datanode-5/data-0/containers/hdds/59aba430-7466-43cf-ac60-ffcd1bd17169/DS-3dcd8eab-97ba-471a-b294-809e29f43f9a/container.db, /home/runner/work/ozone/ozone/hadoop-ozone/integration-test/target/test-dir/MiniOzoneClusterImpl-59aba430-7466-43cf-ac60-ffcd1bd17169/datanode-6/data-0/containers/hdds/59aba430-7466-43cf-ac60-ffcd1bd17169/DS-a385c666-d4ab-436f-8a53-c2e40af6d895/container.db, /home/runner/work/ozone/ozone/hadoop-ozone/integration-test/target/test-dir/MiniOzoneClusterImpl-59aba430-7466-43cf-ac60-ffcd1bd17169/datanode-7/data-0/containers/hdds/59aba430-7466-43cf-ac60-ffcd1bd17169/DS-9339400e-3dbd-4a1d-9fbc-2e2540d6d4ed/container.db, /home/runner/work/ozone/ozone/hadoop-ozone/integration-test/target/test-dir/MiniOzoneClusterImpl-59aba430-7466-43cf-ac60-ffcd1bd17169/datanode-8/data-0/containers/hdds/59aba430-7466-43cf-ac60-ffcd1bd17169/DS-23c658a6-cb2b-49ab-af1a-25621bc08e86/container.db, /home/runner/work/ozone/ozone/hadoop-ozone/integration-test/target/test-dir/MiniOzoneClusterImpl-59aba430-7466-43cf-ac60-ffcd1bd17169/datanode-9/data-0/containers/hdds/59aba430-7466-43cf-ac60-ffcd1bd17169/DS-150722d4-3b06-4343-9d5c-2c429e9b6ac5/container.db]
2023-06-01 19:11:19,452 [main] INFO  utils.DatanodeStoreCache (DatanodeStoreCache.java:removeDB(104)) - Removed db /home/runner/work/ozone/ozone/hadoop-ozone/integration-test/target/test-dir/MiniOzoneClusterImpl-59aba430-7466-43cf-ac60-ffcd1bd17169/datanode-0/data-0/containers/hdds/59aba430-7466-43cf-ac60-ffcd1bd17169/DS-1dc93e80-6571-4538-8142-c6dbd0377ce9/container.db from cache
2023-06-01 19:11:19,452 [main] INFO  volume.HddsVolume (HddsVolume.java:closeDbStore(437)) - SchemaV3 db is stopped at /home/runner/work/ozone/ozone/hadoop-ozone/integration-test/target/test-dir/MiniOzoneClusterImpl-59aba430-7466-43cf-ac60-ffcd1bd17169/datanode-0/data-0/containers/hdds/59aba430-7466-43cf-ac60-ffcd1bd17169/DS-1dc93e80-6571-4538-8142-c6dbd0377ce9/container.db for volume DS-1dc93e80-6571-4538-8142-c6dbd0377ce9
2023-06-01 19:11:19,452 [main] INFO  utils.BackgroundService (BackgroundService.java:shutdown(141)) - Shutting down service BlockDeletingService
2023-06-01 19:11:19,452 [main] INFO  utils.BackgroundService (BackgroundService.java:shutdown(141)) - Shutting down service StaleRecoveringContainerScrubbingService
2023-06-01 19:11:19,456 [main] INFO  statemachine.DatanodeStateMachine (DatanodeStateMachine.java:stopDaemon(621)) - Ozone container server stopped.
2023-06-01 19:11:19,467 [main] INFO  handler.ContextHandler (ContextHandler.java:doStop(1159)) - Stopped o.e.j.w.WebAppContext@75b05370{hddsDatanode,/,null,STOPPED}{jar:file:/home/runner/.m2/repository/org/apache/ozone/hdds-container-service/1.4.0-SNAPSHOT/hdds-container-service-1.4.0-SNAPSHOT.jar!/webapps/hddsDatanode}
2023-06-01 19:11:19,470 [main] INFO  server.AbstractConnector (AbstractConnector.java:doStop(383)) - Stopped ServerConnector@25358a90{HTTP/1.1, (http/1.1)}{0.0.0.0:15009}
2023-06-01 19:11:19,471 [main] INFO  server.session (HouseKeeper.java:stopScavenging(149)) - node0 Stopped scavenging
2023-06-01 19:11:19,471 [main] INFO  handler.ContextHandler (ContextHandler.java:doStop(1159)) - Stopped o.e.j.s.ServletContextHandler@4167729a{static,/static,jar:file:/home/runner/.m2/repository/org/apache/ozone/hdds-container-service/1.4.0-SNAPSHOT/hdds-container-service-1.4.0-SNAPSHOT.jar!/webapps/static,STOPPED}
2023-06-01 19:11:19,471 [main] INFO  handler.ContextHandler (ContextHandler.java:doStop(1159)) - Stopped o.e.j.s.ServletContextHandler@56db546a{logs,/logs,file:///home/runner/work/ozone/ozone/hadoop-ozone/integration-test/target/log,STOPPED}
2023-06-01 19:11:19,473 [main] INFO  ozone.HddsDatanodeClientProtocolServer (HddsDatanodeClientProtocolServer.java:stop(89)) - Stopping the RPC server for Client Protocol
2023-06-01 19:11:19,473 [main] INFO  ipc.Server (Server.java:stop(3501)) - Stopping server on 15010
2023-06-01 19:11:19,475 [IPC Server listener on 15010] INFO  ipc.Server (Server.java:run(1430)) - Stopping IPC Server listener on 15010
2023-06-01 19:11:19,476 [IPC Server Responder] INFO  ipc.Server (Server.java:run(1563)) - Stopping IPC Server Responder
2023-06-01 19:11:20,290 [grpc-default-executor-7] WARN  server.GrpcLogAppender (LogUtils.java:warn(122)) - c686f304-079c-4e24-9d21-fd4c36dc1242@group-E89CD66131D1->fac1c7af-03c1-44bd-b323-3796df9c2435-AppendLogResponseHandler: Failed appendEntries: org.apache.ratis.thirdparty.io.grpc.StatusRuntimeException: UNAVAILABLE: io exception
2023-06-01 19:11:20,291 [grpc-default-executor-7] WARN  server.GrpcLogAppender (GrpcLogAppender.java:resetClient(128)) - c686f304-079c-4e24-9d21-fd4c36dc1242@group-E89CD66131D1->fac1c7af-03c1-44bd-b323-3796df9c2435-GrpcLogAppender: Follower failed when matchIndex == 0,  keep nextIndex (1) unchanged and retry.
2023-06-01 19:11:20,291 [grpc-default-executor-4] WARN  server.GrpcLogAppender (LogUtils.java:warn(122)) - c686f304-079c-4e24-9d21-fd4c36dc1242@group-E89CD66131D1->fac1c7af-03c1-44bd-b323-3796df9c2435-AppendLogResponseHandler: Failed appendEntries: org.apache.ratis.thirdparty.io.grpc.StatusRuntimeException: UNAVAILABLE: io exception
2023-06-01 19:11:20,291 [grpc-default-executor-4] WARN  server.GrpcLogAppender (GrpcLogAppender.java:resetClient(128)) - c686f304-079c-4e24-9d21-fd4c36dc1242@group-E89CD66131D1->fac1c7af-03c1-44bd-b323-3796df9c2435-GrpcLogAppender: Follower failed when matchIndex == 0,  keep nextIndex (1) unchanged and retry.
2023-06-01 19:11:20,400 [grpc-default-executor-4] WARN  server.GrpcLogAppender (LogUtils.java:warn(122)) - d78dd883-3e4c-45aa-98b2-e8ffdf2e22af@group-AEB6F4C7E190->fac1c7af-03c1-44bd-b323-3796df9c2435-AppendLogResponseHandler: Failed appendEntries: org.apache.ratis.thirdparty.io.grpc.StatusRuntimeException: UNAVAILABLE: io exception
2023-06-01 19:11:20,401 [grpc-default-executor-4] WARN  server.GrpcLogAppender (GrpcLogAppender.java:resetClient(128)) - d78dd883-3e4c-45aa-98b2-e8ffdf2e22af@group-AEB6F4C7E190->fac1c7af-03c1-44bd-b323-3796df9c2435-GrpcLogAppender: Follower failed when matchIndex == 0,  keep nextIndex (1) unchanged and retry.
2023-06-01 19:11:20,406 [grpc-default-executor-7] WARN  server.GrpcLogAppender (LogUtils.java:warn(122)) - d78dd883-3e4c-45aa-98b2-e8ffdf2e22af@group-AEB6F4C7E190->fac1c7af-03c1-44bd-b323-3796df9c2435-AppendLogResponseHandler: Failed appendEntries: org.apache.ratis.thirdparty.io.grpc.StatusRuntimeException: UNAVAILABLE: io exception
2023-06-01 19:11:20,406 [grpc-default-executor-7] WARN  server.GrpcLogAppender (GrpcLogAppender.java:resetClient(128)) - d78dd883-3e4c-45aa-98b2-e8ffdf2e22af@group-AEB6F4C7E190->fac1c7af-03c1-44bd-b323-3796df9c2435-GrpcLogAppender: Follower failed when matchIndex == 0,  keep nextIndex (1) unchanged and retry.
2023-06-01 19:11:21,540 [grpc-default-executor-7] WARN  server.GrpcLogAppender (LogUtils.java:warn(122)) - c686f304-079c-4e24-9d21-fd4c36dc1242@group-E89CD66131D1->fac1c7af-03c1-44bd-b323-3796df9c2435-AppendLogResponseHandler: Failed appendEntries: org.apache.ratis.thirdparty.io.grpc.StatusRuntimeException: UNAVAILABLE: io exception
2023-06-01 19:11:21,541 [grpc-default-executor-4] WARN  server.GrpcLogAppender (LogUtils.java:warn(122)) - c686f304-079c-4e24-9d21-fd4c36dc1242@group-E89CD66131D1->fac1c7af-03c1-44bd-b323-3796df9c2435-AppendLogResponseHandler: Failed appendEntries: org.apache.ratis.thirdparty.io.grpc.StatusRuntimeException: UNAVAILABLE: io exception
2023-06-01 19:11:21,541 [grpc-default-executor-7] WARN  server.GrpcLogAppender (GrpcLogAppender.java:resetClient(128)) - c686f304-079c-4e24-9d21-fd4c36dc1242@group-E89CD66131D1->fac1c7af-03c1-44bd-b323-3796df9c2435-GrpcLogAppender: Follower failed when matchIndex == 0,  keep nextIndex (1) unchanged and retry.
2023-06-01 19:11:21,542 [grpc-default-executor-4] WARN  server.GrpcLogAppender (GrpcLogAppender.java:resetClient(128)) - c686f304-079c-4e24-9d21-fd4c36dc1242@group-E89CD66131D1->fac1c7af-03c1-44bd-b323-3796df9c2435-GrpcLogAppender: Follower failed when matchIndex == 0,  keep nextIndex (1) unchanged and retry.
2023-06-01 19:11:21,651 [grpc-default-executor-4] WARN  server.GrpcLogAppender (LogUtils.java:warn(122)) - d78dd883-3e4c-45aa-98b2-e8ffdf2e22af@group-AEB6F4C7E190->fac1c7af-03c1-44bd-b323-3796df9c2435-AppendLogResponseHandler: Failed appendEntries: org.apache.ratis.thirdparty.io.grpc.StatusRuntimeException: UNAVAILABLE: io exception
2023-06-01 19:11:21,652 [grpc-default-executor-4] WARN  server.GrpcLogAppender (GrpcLogAppender.java:resetClient(128)) - d78dd883-3e4c-45aa-98b2-e8ffdf2e22af@group-AEB6F4C7E190->fac1c7af-03c1-44bd-b323-3796df9c2435-GrpcLogAppender: Follower failed when matchIndex == 0,  keep nextIndex (1) unchanged and retry.
2023-06-01 19:11:21,652 [grpc-default-executor-7] WARN  server.GrpcLogAppender (LogUtils.java:warn(122)) - d78dd883-3e4c-45aa-98b2-e8ffdf2e22af@group-AEB6F4C7E190->fac1c7af-03c1-44bd-b323-3796df9c2435-AppendLogResponseHandler: Failed appendEntries: org.apache.ratis.thirdparty.io.grpc.StatusRuntimeException: UNAVAILABLE: io exception
2023-06-01 19:11:21,652 [grpc-default-executor-7] WARN  server.GrpcLogAppender (GrpcLogAppender.java:resetClient(128)) - d78dd883-3e4c-45aa-98b2-e8ffdf2e22af@group-AEB6F4C7E190->fac1c7af-03c1-44bd-b323-3796df9c2435-GrpcLogAppender: Follower failed when matchIndex == 0,  keep nextIndex (1) unchanged and retry.
2023-06-01 19:11:22,154 [Command processor thread] INFO  keyvalue.KeyValueContainer (KeyValueContainer.java:flushAndSyncDB(446)) - Container 1 is synced with bcsId 0.
2023-06-01 19:11:22,154 [Command processor thread] INFO  keyvalue.KeyValueContainer (KeyValueContainer.java:flushAndSyncDB(446)) - Container 1 is synced with bcsId 0.
2023-06-01 19:11:22,154 [Command processor thread] INFO  keyvalue.KeyValueContainer (KeyValueContainer.java:flushAndSyncDB(446)) - Container 1 is synced with bcsId 0.
2023-06-01 19:11:22,161 [Command processor thread] INFO  keyvalue.KeyValueContainer (KeyValueContainer.java:flushAndSyncDB(446)) - Container 1 is synced with bcsId 0.
2023-06-01 19:11:22,163 [Command processor thread] INFO  keyvalue.KeyValueContainer (KeyValueContainer.java:close(361)) - Container 1 is closed with bcsId 0.
2023-06-01 19:11:22,163 [Command processor thread] INFO  keyvalue.KeyValueContainer (KeyValueContainer.java:close(361)) - Container 1 is closed with bcsId 0.
2023-06-01 19:11:22,165 [FixedThreadPoolWithAffinityExecutor-8-0] INFO  container.IncrementalContainerReportHandler (AbstractContainerReportHandler.java:updateContainerState(310)) - Moving container #1 to CLOSED state, datanode c686f304-079c-4e24-9d21-fd4c36dc1242(fv-az163-187.kzyshwy3mise5klwsllqwzgzyb.cx.internal.cloudapp.net/10.1.0.196) reported CLOSED replica with index 5.
2023-06-01 19:11:22,182 [main] INFO  replication.ReplicationManager (ReplicationManager.java:stop(332)) - Stopping Replication Monitor Thread.
2023-06-01 19:11:22,182 [Under Replicated Processor] WARN  replication.UnhealthyReplicationProcessor (UnhealthyReplicationProcessor.java:run(167)) - Under Replicated Processor interrupted. Exiting...
2023-06-01 19:11:22,183 [Over Replicated Processor] WARN  replication.UnhealthyReplicationProcessor (UnhealthyReplicationProcessor.java:run(167)) - Over Replicated Processor interrupted. Exiting...
2023-06-01 19:11:22,183 [ReplicationMonitor] INFO  replication.ReplicationManager (ReplicationManager.java:run(937)) - Replication Monitor Thread is stopped
2023-06-01 19:11:22,230 [EventQueue-DeadNodeForDeadNodeHandler] INFO  node.DeadNodeHandler (DeadNodeHandler.java:onMessage(83)) - A dead datanode is detected. fac1c7af-03c1-44bd-b323-3796df9c2435(fv-az163-187.kzyshwy3mise5klwsllqwzgzyb.cx.internal.cloudapp.net/10.1.0.196)
2023-06-01 19:11:22,231 [EventQueue-DeadNodeForDeadNodeHandler] INFO  pipeline.RatisPipelineProvider (RatisPipelineProvider.java:lambda$close$4(272)) - Send pipeline:PipelineID=ee6c0190-ec41-489e-8a9d-e89cd66131d1 close command to datanode d78dd883-3e4c-45aa-98b2-e8ffdf2e22af
2023-06-01 19:11:22,231 [EventQueue-DeadNodeForDeadNodeHandler] INFO  pipeline.RatisPipelineProvider (RatisPipelineProvider.java:lambda$close$4(272)) - Send pipeline:PipelineID=ee6c0190-ec41-489e-8a9d-e89cd66131d1 close command to datanode fac1c7af-03c1-44bd-b323-3796df9c2435
2023-06-01 19:11:22,231 [EventQueue-DeadNodeForDeadNodeHandler] INFO  pipeline.RatisPipelineProvider (RatisPipelineProvider.java:lambda$close$4(272)) - Send pipeline:PipelineID=ee6c0190-ec41-489e-8a9d-e89cd66131d1 close command to datanode c686f304-079c-4e24-9d21-fd4c36dc1242
2023-06-01 19:11:22,232 [EventQueue-DeadNodeForDeadNodeHandler] INFO  pipeline.PipelineStateManagerImpl (PipelineStateManagerImpl.java:removePipeline(245)) - Pipeline Pipeline[ Id: ee6c0190-ec41-489e-8a9d-e89cd66131d1, Nodes: d78dd883-3e4c-45aa-98b2-e8ffdf2e22af(fv-az163-187.kzyshwy3mise5klwsllqwzgzyb.cx.internal.cloudapp.net/10.1.0.196)fac1c7af-03c1-44bd-b323-3796df9c2435(fv-az163-187.kzyshwy3mise5klwsllqwzgzyb.cx.internal.cloudapp.net/10.1.0.196)c686f304-079c-4e24-9d21-fd4c36dc1242(fv-az163-187.kzyshwy3mise5klwsllqwzgzyb.cx.internal.cloudapp.net/10.1.0.196), ReplicationConfig: RATIS/THREE, State:CLOSED, leaderId:c686f304-079c-4e24-9d21-fd4c36dc1242, CreationTimestamp2023-06-01T19:11:06.039Z[Etc/UTC]] removed.
2023-06-01 19:11:22,232 [EventQueue-DeadNodeForDeadNodeHandler] INFO  pipeline.PipelineStateManagerImpl (PipelineStateManagerImpl.java:removePipeline(245)) - Pipeline Pipeline[ Id: 26401357-b866-4ecb-8421-6e92065ebe92, Nodes: fac1c7af-03c1-44bd-b323-3796df9c2435(fv-az163-187.kzyshwy3mise5klwsllqwzgzyb.cx.internal.cloudapp.net/10.1.0.196)9125f905-aa43-4d0f-845d-e6cfd4dab0cd(fv-az163-187.kzyshwy3mise5klwsllqwzgzyb.cx.internal.cloudapp.net/10.1.0.196)9ff544a7-6c1c-4ca7-a5dc-e42e2710cacb(fv-az163-187.kzyshwy3mise5klwsllqwzgzyb.cx.internal.cloudapp.net/10.1.0.196)b39db728-622c-42ae-954c-bd0dbc524ba7(fv-az163-187.kzyshwy3mise5klwsllqwzgzyb.cx.internal.cloudapp.net/10.1.0.196)c686f304-079c-4e24-9d21-fd4c36dc1242(fv-az163-187.kzyshwy3mise5klwsllqwzgzyb.cx.internal.cloudapp.net/10.1.0.196), ReplicationConfig: EC{rs-3-2-1024k}, State:CLOSED, leaderId:, CreationTimestamp2023-06-01T19:11:15.507Z[Etc/UTC]] removed.
2023-06-01 19:11:22,232 [EventQueue-DeadNodeForDeadNodeHandler] INFO  pipeline.RatisPipelineProvider (RatisPipelineProvider.java:lambda$close$4(272)) - Send pipeline:PipelineID=955c3877-b1c3-4600-b43f-c5917ee03df0 close command to datanode fac1c7af-03c1-44bd-b323-3796df9c2435
2023-06-01 19:11:22,232 [EventQueue-DeadNodeForDeadNodeHandler] INFO  pipeline.PipelineStateManagerImpl (PipelineStateManagerImpl.java:removePipeline(245)) - Pipeline Pipeline[ Id: 955c3877-b1c3-4600-b43f-c5917ee03df0, Nodes: fac1c7af-03c1-44bd-b323-3796df9c2435(fv-az163-187.kzyshwy3mise5klwsllqwzgzyb.cx.internal.cloudapp.net/10.1.0.196), ReplicationConfig: RATIS/ONE, State:CLOSED, leaderId:fac1c7af-03c1-44bd-b323-3796df9c2435, CreationTimestamp2023-06-01T19:11:05.206Z[Etc/UTC]] removed.
2023-06-01 19:11:22,232 [EventQueue-DeadNodeForDeadNodeHandler] INFO  pipeline.RatisPipelineProvider (RatisPipelineProvider.java:lambda$close$4(272)) - Send pipeline:PipelineID=793e092b-6040-4f80-b54d-aeb6f4c7e190 close command to datanode c686f304-079c-4e24-9d21-fd4c36dc1242
2023-06-01 19:11:22,233 [EventQueue-DeadNodeForDeadNodeHandler] INFO  pipeline.RatisPipelineProvider (RatisPipelineProvider.java:lambda$close$4(272)) - Send pipeline:PipelineID=793e092b-6040-4f80-b54d-aeb6f4c7e190 close command to datanode fac1c7af-03c1-44bd-b323-3796df9c2435
2023-06-01 19:11:22,233 [EventQueue-DeadNodeForDeadNodeHandler] INFO  pipeline.RatisPipelineProvider (RatisPipelineProvider.java:lambda$close$4(272)) - Send pipeline:PipelineID=793e092b-6040-4f80-b54d-aeb6f4c7e190 close command to datanode d78dd883-3e4c-45aa-98b2-e8ffdf2e22af
2023-06-01 19:11:22,233 [EventQueue-DeadNodeForDeadNodeHandler] INFO  pipeline.PipelineStateManagerImpl (PipelineStateManagerImpl.java:removePipeline(245)) - Pipeline Pipeline[ Id: 793e092b-6040-4f80-b54d-aeb6f4c7e190, Nodes: c686f304-079c-4e24-9d21-fd4c36dc1242(fv-az163-187.kzyshwy3mise5klwsllqwzgzyb.cx.internal.cloudapp.net/10.1.0.196)fac1c7af-03c1-44bd-b323-3796df9c2435(fv-az163-187.kzyshwy3mise5klwsllqwzgzyb.cx.internal.cloudapp.net/10.1.0.196)d78dd883-3e4c-45aa-98b2-e8ffdf2e22af(fv-az163-187.kzyshwy3mise5klwsllqwzgzyb.cx.internal.cloudapp.net/10.1.0.196), ReplicationConfig: RATIS/THREE, State:CLOSED, leaderId:d78dd883-3e4c-45aa-98b2-e8ffdf2e22af, CreationTimestamp2023-06-01T19:11:06.034Z[Etc/UTC]] removed.
2023-06-01 19:11:22,235 [EventQueue-DeadNodeForDeadNodeHandler] INFO  node.DeadNodeHandler (DeadNodeHandler.java:onMessage(96)) - Clearing command queue of size 4 for DN fac1c7af-03c1-44bd-b323-3796df9c2435(fv-az163-187.kzyshwy3mise5klwsllqwzgzyb.cx.internal.cloudapp.net/10.1.0.196)
2023-06-01 19:11:22,235 [EventQueue-DeadNodeForDeadNodeHandler] INFO  net.NetworkTopologyImpl (NetworkTopologyImpl.java:remove(190)) - Removed a node: /default-rack/fac1c7af-03c1-44bd-b323-3796df9c2435
2023-06-01 19:11:22,284 [main] INFO  replication.ReplicationManager (ReplicationManager.java:start(299)) - Starting Replication Monitor Thread.
2023-06-01 19:11:22,287 [ReplicationMonitor] INFO  replication.ReplicationManager (ReplicationManager.java:sendDatanodeCommand(677)) - Sending command [closeContainerCommand: containerID: 1, pipelineID: PipelineID=26401357-b866-4ecb-8421-6e92065ebe92, force: true] for container ContainerInfo{id=#1, state=CLOSED, pipelineID=PipelineID=26401357-b866-4ecb-8421-6e92065ebe92, stateEnterTime=2023-06-01T19:11:15.513Z, owner=om1} to 9125f905-aa43-4d0f-845d-e6cfd4dab0cd(fv-az163-187.kzyshwy3mise5klwsllqwzgzyb.cx.internal.cloudapp.net/10.1.0.196) with datanode deadline 1685647252287 and scm deadline 1685647282287
2023-06-01 19:11:22,287 [ReplicationMonitor] INFO  replication.ReplicationManager (ReplicationManager.java:sendDatanodeCommand(677)) - Sending command [closeContainerCommand: containerID: 1, pipelineID: PipelineID=26401357-b866-4ecb-8421-6e92065ebe92, force: true] for container ContainerInfo{id=#1, state=CLOSED, pipelineID=PipelineID=26401357-b866-4ecb-8421-6e92065ebe92, stateEnterTime=2023-06-01T19:11:15.513Z, owner=om1} to b39db728-622c-42ae-954c-bd0dbc524ba7(fv-az163-187.kzyshwy3mise5klwsllqwzgzyb.cx.internal.cloudapp.net/10.1.0.196) with datanode deadline 1685647252287 and scm deadline 1685647282287
2023-06-01 19:11:22,291 [ReplicationMonitor] INFO  replication.ReplicationManager (ReplicationManager.java:processAll(402)) - Replication Monitor Thread took 6 milliseconds for processing 1 containers.
2023-06-01 19:11:22,680 [Command processor thread] INFO  keyvalue.KeyValueContainer (KeyValueContainer.java:flushAndSyncDB(446)) - Container 1 is synced with bcsId 0.
2023-06-01 19:11:22,680 [Command processor thread] INFO  keyvalue.KeyValueContainer (KeyValueContainer.java:flushAndSyncDB(446)) - Container 1 is synced with bcsId 0.
2023-06-01 19:11:22,682 [Command processor thread] INFO  keyvalue.KeyValueContainer (KeyValueContainer.java:close(361)) - Container 1 is closed with bcsId 0.
2023-06-01 19:11:22,791 [grpc-default-executor-4] WARN  server.GrpcLogAppender (LogUtils.java:warn(122)) - c686f304-079c-4e24-9d21-fd4c36dc1242@group-E89CD66131D1->fac1c7af-03c1-44bd-b323-3796df9c2435-AppendLogResponseHandler: Failed appendEntries: org.apache.ratis.thirdparty.io.grpc.StatusRuntimeException: UNAVAILABLE: io exception
2023-06-01 19:11:22,791 [grpc-default-executor-7] WARN  server.GrpcLogAppender (LogUtils.java:warn(122)) - c686f304-079c-4e24-9d21-fd4c36dc1242@group-E89CD66131D1->fac1c7af-03c1-44bd-b323-3796df9c2435-AppendLogResponseHandler: Failed appendEntries: org.apache.ratis.thirdparty.io.grpc.StatusRuntimeException: UNAVAILABLE: io exception
2023-06-01 19:11:22,791 [grpc-default-executor-4] WARN  server.GrpcLogAppender (GrpcLogAppender.java:resetClient(128)) - c686f304-079c-4e24-9d21-fd4c36dc1242@group-E89CD66131D1->fac1c7af-03c1-44bd-b323-3796df9c2435-GrpcLogAppender: Follower failed when matchIndex == 0,  keep nextIndex (1) unchanged and retry.
2023-06-01 19:11:22,793 [grpc-default-executor-7] WARN  server.GrpcLogAppender (GrpcLogAppender.java:resetClient(128)) - c686f304-079c-4e24-9d21-fd4c36dc1242@group-E89CD66131D1->fac1c7af-03c1-44bd-b323-3796df9c2435-GrpcLogAppender: Follower failed when matchIndex == 0,  keep nextIndex (1) unchanged and retry.
2023-06-01 19:11:22,901 [grpc-default-executor-7] WARN  server.GrpcLogAppender (LogUtils.java:warn(122)) - d78dd883-3e4c-45aa-98b2-e8ffdf2e22af@group-AEB6F4C7E190->fac1c7af-03c1-44bd-b323-3796df9c2435-AppendLogResponseHandler: Failed appendEntries: org.apache.ratis.thirdparty.io.grpc.StatusRuntimeException: UNAVAILABLE: io exception
2023-06-01 19:11:22,901 [grpc-default-executor-4] WARN  server.GrpcLogAppender (LogUtils.java:warn(122)) - d78dd883-3e4c-45aa-98b2-e8ffdf2e22af@group-AEB6F4C7E190->fac1c7af-03c1-44bd-b323-3796df9c2435-AppendLogResponseHandler: Failed appendEntries: org.apache.ratis.thirdparty.io.grpc.StatusRuntimeException: UNAVAILABLE: io exception
2023-06-01 19:11:22,902 [grpc-default-executor-7] WARN  server.GrpcLogAppender (GrpcLogAppender.java:resetClient(128)) - d78dd883-3e4c-45aa-98b2-e8ffdf2e22af@group-AEB6F4C7E190->fac1c7af-03c1-44bd-b323-3796df9c2435-GrpcLogAppender: Follower failed when matchIndex == 0,  keep nextIndex (1) unchanged and retry.
2023-06-01 19:11:22,903 [grpc-default-executor-4] WARN  server.GrpcLogAppender (GrpcLogAppender.java:resetClient(128)) - d78dd883-3e4c-45aa-98b2-e8ffdf2e22af@group-AEB6F4C7E190->fac1c7af-03c1-44bd-b323-3796df9c2435-GrpcLogAppender: Follower failed when matchIndex == 0,  keep nextIndex (1) unchanged and retry.
2023-06-01 19:11:23,141 [Command processor thread] INFO  keyvalue.KeyValueContainer (KeyValueContainer.java:flushAndSyncDB(446)) - Container 1 is synced with bcsId 0.
2023-06-01 19:11:23,141 [Command processor thread] INFO  keyvalue.KeyValueContainer (KeyValueContainer.java:flushAndSyncDB(446)) - Container 1 is synced with bcsId 0.
2023-06-01 19:11:23,143 [Command processor thread] INFO  keyvalue.KeyValueContainer (KeyValueContainer.java:close(361)) - Container 1 is closed with bcsId 0.
2023-06-01 19:11:24,041 [grpc-default-executor-4] WARN  server.GrpcLogAppender (LogUtils.java:warn(122)) - c686f304-079c-4e24-9d21-fd4c36dc1242@group-E89CD66131D1->fac1c7af-03c1-44bd-b323-3796df9c2435-AppendLogResponseHandler: Failed appendEntries: org.apache.ratis.thirdparty.io.grpc.StatusRuntimeException: UNAVAILABLE: io exception
2023-06-01 19:11:24,041 [grpc-default-executor-7] WARN  server.GrpcLogAppender (LogUtils.java:warn(122)) - c686f304-079c-4e24-9d21-fd4c36dc1242@group-E89CD66131D1->fac1c7af-03c1-44bd-b323-3796df9c2435-AppendLogResponseHandler: Failed appendEntries: org.apache.ratis.thirdparty.io.grpc.StatusRuntimeException: UNAVAILABLE: io exception
2023-06-01 19:11:24,042 [grpc-default-executor-4] WARN  server.GrpcLogAppender (GrpcLogAppender.java:resetClient(128)) - c686f304-079c-4e24-9d21-fd4c36dc1242@group-E89CD66131D1->fac1c7af-03c1-44bd-b323-3796df9c2435-GrpcLogAppender: Follower failed when matchIndex == 0,  keep nextIndex (1) unchanged and retry.
2023-06-01 19:11:24,042 [grpc-default-executor-7] WARN  server.GrpcLogAppender (GrpcLogAppender.java:resetClient(128)) - c686f304-079c-4e24-9d21-fd4c36dc1242@group-E89CD66131D1->fac1c7af-03c1-44bd-b323-3796df9c2435-GrpcLogAppender: Follower failed when matchIndex == 0,  keep nextIndex (1) unchanged and retry.
2023-06-01 19:11:24,152 [grpc-default-executor-7] WARN  server.GrpcLogAppender (LogUtils.java:warn(122)) - d78dd883-3e4c-45aa-98b2-e8ffdf2e22af@group-AEB6F4C7E190->fac1c7af-03c1-44bd-b323-3796df9c2435-AppendLogResponseHandler: Failed appendEntries: org.apache.ratis.thirdparty.io.grpc.StatusRuntimeException: UNAVAILABLE: io exception
2023-06-01 19:11:24,152 [grpc-default-executor-4] WARN  server.GrpcLogAppender (LogUtils.java:warn(122)) - d78dd883-3e4c-45aa-98b2-e8ffdf2e22af@group-AEB6F4C7E190->fac1c7af-03c1-44bd-b323-3796df9c2435-AppendLogResponseHandler: Failed appendEntries: org.apache.ratis.thirdparty.io.grpc.StatusRuntimeException: UNAVAILABLE: io exception
2023-06-01 19:11:24,153 [grpc-default-executor-7] WARN  server.GrpcLogAppender (GrpcLogAppender.java:resetClient(128)) - d78dd883-3e4c-45aa-98b2-e8ffdf2e22af@group-AEB6F4C7E190->fac1c7af-03c1-44bd-b323-3796df9c2435-GrpcLogAppender: Follower failed when matchIndex == 0,  keep nextIndex (1) unchanged and retry.
2023-06-01 19:11:24,154 [grpc-default-executor-4] WARN  server.GrpcLogAppender (GrpcLogAppender.java:resetClient(128)) - d78dd883-3e4c-45aa-98b2-e8ffdf2e22af@group-AEB6F4C7E190->fac1c7af-03c1-44bd-b323-3796df9c2435-GrpcLogAppender: Follower failed when matchIndex == 0,  keep nextIndex (1) unchanged and retry.
2023-06-01 19:11:24,164 [PipelineCommandHandlerThread-0] INFO  server.RaftServer (RaftServerProxy.java:remove(109)) - c686f304-079c-4e24-9d21-fd4c36dc1242: remove    LEADER c686f304-079c-4e24-9d21-fd4c36dc1242@group-E89CD66131D1:t1, leader=c686f304-079c-4e24-9d21-fd4c36dc1242, voted=c686f304-079c-4e24-9d21-fd4c36dc1242, raftlog=Memoized:c686f304-079c-4e24-9d21-fd4c36dc1242@group-E89CD66131D1-SegmentedRaftLog:OPENED:c0, conf=0: peers:[d78dd883-3e4c-45aa-98b2-e8ffdf2e22af|rpc:10.1.0.196:15032|admin:10.1.0.196:15031|client:10.1.0.196:15030|dataStream:10.1.0.196:15033|priority:0|startupRole:FOLLOWER, fac1c7af-03c1-44bd-b323-3796df9c2435|rpc:10.1.0.196:15014|admin:10.1.0.196:15013|client:10.1.0.196:15012|dataStream:10.1.0.196:15015|priority:0|startupRole:FOLLOWER, c686f304-079c-4e24-9d21-fd4c36dc1242|rpc:10.1.0.196:15023|admin:10.1.0.196:15022|client:10.1.0.196:15021|dataStream:10.1.0.196:15024|priority:1|startupRole:FOLLOWER]|listeners:[], old=null RUNNING
2023-06-01 19:11:24,165 [PipelineCommandHandlerThread-0] INFO  server.RaftServer$Division (RaftServerImpl.java:lambda$close$4(466)) - c686f304-079c-4e24-9d21-fd4c36dc1242@group-E89CD66131D1: shutdown
2023-06-01 19:11:24,166 [PipelineCommandHandlerThread-0] INFO  util.JmxRegister (JmxRegister.java:unregister(73)) - Successfully un-registered JMX Bean with object name Ratis:service=RaftServer,group=group-E89CD66131D1,id=c686f304-079c-4e24-9d21-fd4c36dc1242
2023-06-01 19:11:24,166 [PipelineCommandHandlerThread-0] INFO  impl.RoleInfo (RoleInfo.java:shutdownLeaderState(93)) - c686f304-079c-4e24-9d21-fd4c36dc1242: shutdown c686f304-079c-4e24-9d21-fd4c36dc1242@group-E89CD66131D1-LeaderStateImpl
2023-06-01 19:11:24,166 [c686f304-079c-4e24-9d21-fd4c36dc1242@group-E89CD66131D1->fac1c7af-03c1-44bd-b323-3796df9c2435-GrpcLogAppender-LogAppenderDaemon] WARN  server.GrpcLogAppender (GrpcLogAppender.java:mayWait(199)) - c686f304-079c-4e24-9d21-fd4c36dc1242@group-E89CD66131D1->fac1c7af-03c1-44bd-b323-3796df9c2435-GrpcLogAppender: Wait interrupted by java.lang.InterruptedException
2023-06-01 19:11:24,166 [c686f304-079c-4e24-9d21-fd4c36dc1242@group-E89CD66131D1->d78dd883-3e4c-45aa-98b2-e8ffdf2e22af-GrpcLogAppender-LogAppenderDaemon] WARN  server.GrpcLogAppender (GrpcLogAppender.java:mayWait(199)) - c686f304-079c-4e24-9d21-fd4c36dc1242@group-E89CD66131D1->d78dd883-3e4c-45aa-98b2-e8ffdf2e22af-GrpcLogAppender: Wait interrupted by java.lang.InterruptedException
2023-06-01 19:11:24,166 [PipelineCommandHandlerThread-0] INFO  impl.PendingRequests (PendingRequests.java:sendNotLeaderResponses(289)) - c686f304-079c-4e24-9d21-fd4c36dc1242@group-E89CD66131D1-PendingRequests: sendNotLeaderResponses
2023-06-01 19:11:24,172 [c686f304-079c-4e24-9d21-fd4c36dc1242@group-E89CD66131D1-StateMachineUpdater] INFO  ratis.ContainerStateMachine (ContainerStateMachine.java:takeSnapshot(330)) - group-E89CD66131D1: Taking a snapshot at:(t:1, i:0) file /home/runner/work/ozone/ozone/hadoop-ozone/integration-test/target/test-dir/MiniOzoneClusterImpl-59aba430-7466-43cf-ac60-ffcd1bd17169/datanode-1/data/ratis/ee6c0190-ec41-489e-8a9d-e89cd66131d1/sm/snapshot.1_0
2023-06-01 19:11:24,172 [PipelineCommandHandlerThread-0] INFO  impl.StateMachineUpdater (StateMachineUpdater.java:stopAndJoin(155)) - c686f304-079c-4e24-9d21-fd4c36dc1242@group-E89CD66131D1-StateMachineUpdater: set stopIndex = 0
2023-06-01 19:11:24,173 [c686f304-079c-4e24-9d21-fd4c36dc1242@group-E89CD66131D1-StateMachineUpdater] INFO  ratis.ContainerStateMachine (ContainerStateMachine.java:takeSnapshot(341)) - group-E89CD66131D1: Finished taking a snapshot at:(t:1, i:0) file:/home/runner/work/ozone/ozone/hadoop-ozone/integration-test/target/test-dir/MiniOzoneClusterImpl-59aba430-7466-43cf-ac60-ffcd1bd17169/datanode-1/data/ratis/ee6c0190-ec41-489e-8a9d-e89cd66131d1/sm/snapshot.1_0 took: 1 ms
2023-06-01 19:11:24,173 [c686f304-079c-4e24-9d21-fd4c36dc1242@group-E89CD66131D1-StateMachineUpdater] INFO  impl.StateMachineUpdater (StateMachineUpdater.java:takeSnapshot(291)) - c686f304-079c-4e24-9d21-fd4c36dc1242@group-E89CD66131D1-StateMachineUpdater: Took a snapshot at index 0
2023-06-01 19:11:24,173 [c686f304-079c-4e24-9d21-fd4c36dc1242@group-E89CD66131D1-StateMachineUpdater] INFO  impl.StateMachineUpdater (StateMachineUpdater.java:lambda$new$0(97)) - c686f304-079c-4e24-9d21-fd4c36dc1242@group-E89CD66131D1-StateMachineUpdater: snapshotIndex: updateIncreasingly -1 -> 0
2023-06-01 19:11:24,174 [grpc-default-executor-7] INFO  server.GrpcServerProtocolService (GrpcServerProtocolService.java:onCompleted(155)) - d78dd883-3e4c-45aa-98b2-e8ffdf2e22af: Completed APPEND_ENTRIES, lastRequest: null
2023-06-01 19:11:24,174 [PipelineCommandHandlerThread-0] INFO  server.RaftServer$Division (ServerState.java:close(472)) - c686f304-079c-4e24-9d21-fd4c36dc1242@group-E89CD66131D1: closes. applyIndex: 0
2023-06-01 19:11:24,176 [grpc-default-executor-7] INFO  server.GrpcServerProtocolService (GrpcServerProtocolService.java:lambda$onCompleted$5(157)) - d78dd883-3e4c-45aa-98b2-e8ffdf2e22af: Completed APPEND_ENTRIES, lastReply: serverReply {
  requestorId: "c686f304-079c-4e24-9d21-fd4c36dc1242"
  replyId: "d78dd883-3e4c-45aa-98b2-e8ffdf2e22af"
  raftGroupId {
    id: "\356l\001\220\354AH\236\212\235\350\234\326a1\321"
  }
  callId: 6
  success: true
}
term: 1
nextIndex: 1
matchIndex: 18446744073709551615
isHearbeat: true

2023-06-01 19:11:24,177 [grpc-default-executor-3] INFO  server.GrpcLogAppender (GrpcLogAppender.java:onCompleted(428)) - c686f304-079c-4e24-9d21-fd4c36dc1242@group-E89CD66131D1->d78dd883-3e4c-45aa-98b2-e8ffdf2e22af-AppendLogResponseHandler: follower responses appendEntries COMPLETED
2023-06-01 19:11:24,178 [grpc-default-executor-3] INFO  leader.FollowerInfo (FollowerInfoImpl.java:lambda$new$0(52)) - c686f304-079c-4e24-9d21-fd4c36dc1242@group-E89CD66131D1->d78dd883-3e4c-45aa-98b2-e8ffdf2e22af: decreaseNextIndex nextIndex: updateUnconditionally 1 -> 0
2023-06-01 19:11:24,178 [grpc-default-executor-4] INFO  server.GrpcServerProtocolService (GrpcServerProtocolService.java:onCompleted(155)) - d78dd883-3e4c-45aa-98b2-e8ffdf2e22af: Completed APPEND_ENTRIES, lastRequest: c686f304-079c-4e24-9d21-fd4c36dc1242->d78dd883-3e4c-45aa-98b2-e8ffdf2e22af#1-t1,previous=(t:0, i:0),leaderCommit=-1,initializing? true,entries: size=1, first=(t:1, i:0), CONFIGURATIONENTRY(current:id: "d78dd883-3e4c-45aa-98b2-e8ffdf2e22af"
address: "10.1.0.196:15032"
dataStreamAddress: "10.1.0.196:15033"
clientAddress: "10.1.0.196:15030"
adminAddress: "10.1.0.196:15031"
startupRole: FOLLOWER
,id: "fac1c7af-03c1-44bd-b323-3796df9c2435"
address: "10.1.0.196:15014"
dataStreamAddress: "10.1.0.196:15015"
clientAddress: "10.1.0.196:15012"
adminAddress: "10.1.0.196:15013"
startupRole: FOLLOWER
,id: "c686f304-079c-4e24-9d21-fd4c36dc1242"
address: "10.1.0.196:15023"
priority: 1
dataStreamAddress: "10.1.0.196:15024"
clientAddress: "10.1.0.196:15021"
adminAddress: "10.1.0.196:15022"
startupRole: FOLLOWER
, old:)
2023-06-01 19:11:24,178 [grpc-default-executor-4] INFO  server.GrpcServerProtocolService (GrpcServerProtocolService.java:lambda$onCompleted$5(157)) - d78dd883-3e4c-45aa-98b2-e8ffdf2e22af: Completed APPEND_ENTRIES, lastReply: null
2023-06-01 19:11:24,179 [grpc-default-executor-3] INFO  server.GrpcLogAppender (GrpcLogAppender.java:onCompleted(428)) - c686f304-079c-4e24-9d21-fd4c36dc1242@group-E89CD66131D1->d78dd883-3e4c-45aa-98b2-e8ffdf2e22af-AppendLogResponseHandler: follower responses appendEntries COMPLETED
2023-06-01 19:11:24,955 [PipelineCommandHandlerThread-0] INFO  segmented.SegmentedRaftLogWorker (SegmentedRaftLogWorker.java:close(252)) - c686f304-079c-4e24-9d21-fd4c36dc1242@group-E89CD66131D1-SegmentedRaftLogWorker close()
2023-06-01 19:11:24,959 [PipelineCommandHandlerThread-0] INFO  server.RaftServer$Division (RaftServerImpl.java:groupRemove(436)) - c686f304-079c-4e24-9d21-fd4c36dc1242@group-E89CD66131D1: Succeed to remove RaftStorageDirectory Storage Directory /home/runner/work/ozone/ozone/hadoop-ozone/integration-test/target/test-dir/MiniOzoneClusterImpl-59aba430-7466-43cf-ac60-ffcd1bd17169/datanode-1/data/ratis/ee6c0190-ec41-489e-8a9d-e89cd66131d1
2023-06-01 19:11:24,959 [PipelineCommandHandlerThread-0] INFO  commandhandler.ClosePipelineCommandHandler (ClosePipelineCommandHandler.java:lambda$handle$0(87)) - Close Pipeline PipelineID=ee6c0190-ec41-489e-8a9d-e89cd66131d1 command on datanode c686f304-079c-4e24-9d21-fd4c36dc1242.
2023-06-01 19:11:24,960 [PipelineCommandHandlerThread-0] INFO  server.RaftServer (RaftServerProxy.java:remove(109)) - c686f304-079c-4e24-9d21-fd4c36dc1242: remove  FOLLOWER c686f304-079c-4e24-9d21-fd4c36dc1242@group-AEB6F4C7E190:t1, leader=d78dd883-3e4c-45aa-98b2-e8ffdf2e22af, voted=d78dd883-3e4c-45aa-98b2-e8ffdf2e22af, raftlog=Memoized:c686f304-079c-4e24-9d21-fd4c36dc1242@group-AEB6F4C7E190-SegmentedRaftLog:OPENED:c0, conf=0: peers:[d78dd883-3e4c-45aa-98b2-e8ffdf2e22af|rpc:10.1.0.196:15032|admin:10.1.0.196:15031|client:10.1.0.196:15030|dataStream:10.1.0.196:15033|priority:1|startupRole:FOLLOWER, c686f304-079c-4e24-9d21-fd4c36dc1242|rpc:10.1.0.196:15023|admin:10.1.0.196:15022|client:10.1.0.196:15021|dataStream:10.1.0.196:15024|priority:0|startupRole:FOLLOWER, fac1c7af-03c1-44bd-b323-3796df9c2435|rpc:10.1.0.196:15014|admin:10.1.0.196:15013|client:10.1.0.196:15012|dataStream:10.1.0.196:15015|priority:0|startupRole:FOLLOWER]|listeners:[], old=null RUNNING
2023-06-01 19:11:24,960 [PipelineCommandHandlerThread-0] INFO  server.RaftServer$Division (RaftServerImpl.java:lambda$close$4(466)) - c686f304-079c-4e24-9d21-fd4c36dc1242@group-AEB6F4C7E190: shutdown
2023-06-01 19:11:24,960 [PipelineCommandHandlerThread-0] INFO  util.JmxRegister (JmxRegister.java:unregister(73)) - Successfully un-registered JMX Bean with object name Ratis:service=RaftServer,group=group-AEB6F4C7E190,id=c686f304-079c-4e24-9d21-fd4c36dc1242
2023-06-01 19:11:24,960 [PipelineCommandHandlerThread-0] INFO  impl.RoleInfo (RoleInfo.java:shutdownFollowerState(110)) - c686f304-079c-4e24-9d21-fd4c36dc1242: shutdown c686f304-079c-4e24-9d21-fd4c36dc1242@group-AEB6F4C7E190-FollowerState
2023-06-01 19:11:24,960 [c686f304-079c-4e24-9d21-fd4c36dc1242@group-AEB6F4C7E190-FollowerState] INFO  impl.FollowerState (FollowerState.java:run(152)) - c686f304-079c-4e24-9d21-fd4c36dc1242@group-AEB6F4C7E190-FollowerState was interrupted
2023-06-01 19:11:24,960 [c686f304-079c-4e24-9d21-fd4c36dc1242@group-AEB6F4C7E190-StateMachineUpdater] INFO  ratis.ContainerStateMachine (ContainerStateMachine.java:takeSnapshot(330)) - group-AEB6F4C7E190: Taking a snapshot at:(t:1, i:0) file /home/runner/work/ozone/ozone/hadoop-ozone/integration-test/target/test-dir/MiniOzoneClusterImpl-59aba430-7466-43cf-ac60-ffcd1bd17169/datanode-1/data/ratis/793e092b-6040-4f80-b54d-aeb6f4c7e190/sm/snapshot.1_0
2023-06-01 19:11:24,960 [PipelineCommandHandlerThread-0] INFO  impl.StateMachineUpdater (StateMachineUpdater.java:stopAndJoin(155)) - c686f304-079c-4e24-9d21-fd4c36dc1242@group-AEB6F4C7E190-StateMachineUpdater: set stopIndex = 0
2023-06-01 19:11:24,961 [c686f304-079c-4e24-9d21-fd4c36dc1242@group-AEB6F4C7E190-StateMachineUpdater] INFO  ratis.ContainerStateMachine (ContainerStateMachine.java:takeSnapshot(341)) - group-AEB6F4C7E190: Finished taking a snapshot at:(t:1, i:0) file:/home/runner/work/ozone/ozone/hadoop-ozone/integration-test/target/test-dir/MiniOzoneClusterImpl-59aba430-7466-43cf-ac60-ffcd1bd17169/datanode-1/data/ratis/793e092b-6040-4f80-b54d-aeb6f4c7e190/sm/snapshot.1_0 took: 1 ms
2023-06-01 19:11:24,961 [c686f304-079c-4e24-9d21-fd4c36dc1242@group-AEB6F4C7E190-StateMachineUpdater] INFO  impl.StateMachineUpdater (StateMachineUpdater.java:takeSnapshot(291)) - c686f304-079c-4e24-9d21-fd4c36dc1242@group-AEB6F4C7E190-StateMachineUpdater: Took a snapshot at index 0
2023-06-01 19:11:24,961 [c686f304-079c-4e24-9d21-fd4c36dc1242@group-AEB6F4C7E190-StateMachineUpdater] INFO  impl.StateMachineUpdater (StateMachineUpdater.java:lambda$new$0(97)) - c686f304-079c-4e24-9d21-fd4c36dc1242@group-AEB6F4C7E190-StateMachineUpdater: snapshotIndex: updateIncreasingly -1 -> 0
2023-06-01 19:11:24,961 [PipelineCommandHandlerThread-0] INFO  server.RaftServer$Division (ServerState.java:close(472)) - c686f304-079c-4e24-9d21-fd4c36dc1242@group-AEB6F4C7E190: closes. applyIndex: 0
2023-06-01 19:11:25,130 [PipelineCommandHandlerThread-0] INFO  server.RaftServer (RaftServerProxy.java:remove(109)) - d78dd883-3e4c-45aa-98b2-e8ffdf2e22af: remove  FOLLOWER d78dd883-3e4c-45aa-98b2-e8ffdf2e22af@group-E89CD66131D1:t1, leader=c686f304-079c-4e24-9d21-fd4c36dc1242, voted=c686f304-079c-4e24-9d21-fd4c36dc1242, raftlog=Memoized:d78dd883-3e4c-45aa-98b2-e8ffdf2e22af@group-E89CD66131D1-SegmentedRaftLog:OPENED:c0, conf=0: peers:[d78dd883-3e4c-45aa-98b2-e8ffdf2e22af|rpc:10.1.0.196:15032|admin:10.1.0.196:15031|client:10.1.0.196:15030|dataStream:10.1.0.196:15033|priority:0|startupRole:FOLLOWER, fac1c7af-03c1-44bd-b323-3796df9c2435|rpc:10.1.0.196:15014|admin:10.1.0.196:15013|client:10.1.0.196:15012|dataStream:10.1.0.196:15015|priority:0|startupRole:FOLLOWER, c686f304-079c-4e24-9d21-fd4c36dc1242|rpc:10.1.0.196:15023|admin:10.1.0.196:15022|client:10.1.0.196:15021|dataStream:10.1.0.196:15024|priority:1|startupRole:FOLLOWER]|listeners:[], old=null RUNNING
2023-06-01 19:11:25,130 [PipelineCommandHandlerThread-0] INFO  server.RaftServer$Division (RaftServerImpl.java:lambda$close$4(466)) - d78dd883-3e4c-45aa-98b2-e8ffdf2e22af@group-E89CD66131D1: shutdown
2023-06-01 19:11:25,130 [PipelineCommandHandlerThread-0] INFO  util.JmxRegister (JmxRegister.java:unregister(73)) - Successfully un-registered JMX Bean with object name Ratis:service=RaftServer,group=group-E89CD66131D1,id=d78dd883-3e4c-45aa-98b2-e8ffdf2e22af
2023-06-01 19:11:25,131 [PipelineCommandHandlerThread-0] INFO  impl.RoleInfo (RoleInfo.java:shutdownFollowerState(110)) - d78dd883-3e4c-45aa-98b2-e8ffdf2e22af: shutdown d78dd883-3e4c-45aa-98b2-e8ffdf2e22af@group-E89CD66131D1-FollowerState
2023-06-01 19:11:25,131 [PipelineCommandHandlerThread-0] INFO  impl.StateMachineUpdater (StateMachineUpdater.java:stopAndJoin(155)) - d78dd883-3e4c-45aa-98b2-e8ffdf2e22af@group-E89CD66131D1-StateMachineUpdater: set stopIndex = 0
2023-06-01 19:11:25,131 [d78dd883-3e4c-45aa-98b2-e8ffdf2e22af@group-E89CD66131D1-FollowerState] INFO  impl.FollowerState (FollowerState.java:run(152)) - d78dd883-3e4c-45aa-98b2-e8ffdf2e22af@group-E89CD66131D1-FollowerState was interrupted
2023-06-01 19:11:25,133 [PipelineCommandHandlerThread-0] INFO  segmented.SegmentedRaftLogWorker (SegmentedRaftLogWorker.java:close(252)) - c686f304-079c-4e24-9d21-fd4c36dc1242@group-AEB6F4C7E190-SegmentedRaftLogWorker close()
2023-06-01 19:11:25,136 [d78dd883-3e4c-45aa-98b2-e8ffdf2e22af@group-E89CD66131D1-StateMachineUpdater] INFO  ratis.ContainerStateMachine (ContainerStateMachine.java:takeSnapshot(330)) - group-E89CD66131D1: Taking a snapshot at:(t:1, i:0) file /home/runner/work/ozone/ozone/hadoop-ozone/integration-test/target/test-dir/MiniOzoneClusterImpl-59aba430-7466-43cf-ac60-ffcd1bd17169/datanode-2/data/ratis/ee6c0190-ec41-489e-8a9d-e89cd66131d1/sm/snapshot.1_0
2023-06-01 19:11:25,139 [d78dd883-3e4c-45aa-98b2-e8ffdf2e22af@group-E89CD66131D1-StateMachineUpdater] INFO  ratis.ContainerStateMachine (ContainerStateMachine.java:takeSnapshot(341)) - group-E89CD66131D1: Finished taking a snapshot at:(t:1, i:0) file:/home/runner/work/ozone/ozone/hadoop-ozone/integration-test/target/test-dir/MiniOzoneClusterImpl-59aba430-7466-43cf-ac60-ffcd1bd17169/datanode-2/data/ratis/ee6c0190-ec41-489e-8a9d-e89cd66131d1/sm/snapshot.1_0 took: 3 ms
2023-06-01 19:11:25,139 [d78dd883-3e4c-45aa-98b2-e8ffdf2e22af@group-E89CD66131D1-StateMachineUpdater] INFO  impl.StateMachineUpdater (StateMachineUpdater.java:takeSnapshot(291)) - d78dd883-3e4c-45aa-98b2-e8ffdf2e22af@group-E89CD66131D1-StateMachineUpdater: Took a snapshot at index 0
2023-06-01 19:11:25,140 [d78dd883-3e4c-45aa-98b2-e8ffdf2e22af@group-E89CD66131D1-StateMachineUpdater] INFO  impl.StateMachineUpdater (StateMachineUpdater.java:lambda$new$0(97)) - d78dd883-3e4c-45aa-98b2-e8ffdf2e22af@group-E89CD66131D1-StateMachineUpdater: snapshotIndex: updateIncreasingly -1 -> 0
2023-06-01 19:11:25,140 [PipelineCommandHandlerThread-0] INFO  server.RaftServer$Division (ServerState.java:close(472)) - d78dd883-3e4c-45aa-98b2-e8ffdf2e22af@group-E89CD66131D1: closes. applyIndex: 0
2023-06-01 19:11:25,140 [PipelineCommandHandlerThread-0] INFO  server.RaftServer$Division (RaftServerImpl.java:groupRemove(436)) - c686f304-079c-4e24-9d21-fd4c36dc1242@group-AEB6F4C7E190: Succeed to remove RaftStorageDirectory Storage Directory /home/runner/work/ozone/ozone/hadoop-ozone/integration-test/target/test-dir/MiniOzoneClusterImpl-59aba430-7466-43cf-ac60-ffcd1bd17169/datanode-1/data/ratis/793e092b-6040-4f80-b54d-aeb6f4c7e190
2023-06-01 19:11:25,140 [PipelineCommandHandlerThread-0] INFO  commandhandler.ClosePipelineCommandHandler (ClosePipelineCommandHandler.java:lambda$handle$0(87)) - Close Pipeline PipelineID=793e092b-6040-4f80-b54d-aeb6f4c7e190 command on datanode c686f304-079c-4e24-9d21-fd4c36dc1242.
2023-06-01 19:11:25,402 [grpc-default-executor-3] WARN  server.GrpcLogAppender (LogUtils.java:warn(122)) - d78dd883-3e4c-45aa-98b2-e8ffdf2e22af@group-AEB6F4C7E190->fac1c7af-03c1-44bd-b323-3796df9c2435-AppendLogResponseHandler: Failed appendEntries: org.apache.ratis.thirdparty.io.grpc.StatusRuntimeException: UNAVAILABLE: io exception
2023-06-01 19:11:25,403 [grpc-default-executor-3] WARN  server.GrpcLogAppender (GrpcLogAppender.java:resetClient(128)) - d78dd883-3e4c-45aa-98b2-e8ffdf2e22af@group-AEB6F4C7E190->fac1c7af-03c1-44bd-b323-3796df9c2435-GrpcLogAppender: Follower failed when matchIndex == 0,  keep nextIndex (1) unchanged and retry.
2023-06-01 19:11:25,404 [grpc-default-executor-4] WARN  server.GrpcLogAppender (LogUtils.java:warn(122)) - d78dd883-3e4c-45aa-98b2-e8ffdf2e22af@group-AEB6F4C7E190->fac1c7af-03c1-44bd-b323-3796df9c2435-AppendLogResponseHandler: Failed appendEntries: org.apache.ratis.thirdparty.io.grpc.StatusRuntimeException: UNAVAILABLE: io exception
2023-06-01 19:11:25,404 [grpc-default-executor-4] WARN  server.GrpcLogAppender (GrpcLogAppender.java:resetClient(128)) - d78dd883-3e4c-45aa-98b2-e8ffdf2e22af@group-AEB6F4C7E190->fac1c7af-03c1-44bd-b323-3796df9c2435-GrpcLogAppender: Follower failed when matchIndex == 0,  keep nextIndex (1) unchanged and retry.
2023-06-01 19:11:26,051 [PipelineCommandHandlerThread-0] INFO  segmented.SegmentedRaftLogWorker (SegmentedRaftLogWorker.java:close(252)) - d78dd883-3e4c-45aa-98b2-e8ffdf2e22af@group-E89CD66131D1-SegmentedRaftLogWorker close()
2023-06-01 19:11:26,053 [PipelineCommandHandlerThread-0] INFO  server.RaftServer$Division (RaftServerImpl.java:groupRemove(436)) - d78dd883-3e4c-45aa-98b2-e8ffdf2e22af@group-E89CD66131D1: Succeed to remove RaftStorageDirectory Storage Directory /home/runner/work/ozone/ozone/hadoop-ozone/integration-test/target/test-dir/MiniOzoneClusterImpl-59aba430-7466-43cf-ac60-ffcd1bd17169/datanode-2/data/ratis/ee6c0190-ec41-489e-8a9d-e89cd66131d1
2023-06-01 19:11:26,054 [PipelineCommandHandlerThread-0] INFO  commandhandler.ClosePipelineCommandHandler (ClosePipelineCommandHandler.java:lambda$handle$0(87)) - Close Pipeline PipelineID=ee6c0190-ec41-489e-8a9d-e89cd66131d1 command on datanode d78dd883-3e4c-45aa-98b2-e8ffdf2e22af.
2023-06-01 19:11:26,054 [PipelineCommandHandlerThread-0] INFO  server.RaftServer (RaftServerProxy.java:remove(109)) - d78dd883-3e4c-45aa-98b2-e8ffdf2e22af: remove    LEADER d78dd883-3e4c-45aa-98b2-e8ffdf2e22af@group-AEB6F4C7E190:t1, leader=d78dd883-3e4c-45aa-98b2-e8ffdf2e22af, voted=d78dd883-3e4c-45aa-98b2-e8ffdf2e22af, raftlog=Memoized:d78dd883-3e4c-45aa-98b2-e8ffdf2e22af@group-AEB6F4C7E190-SegmentedRaftLog:OPENED:c0, conf=0: peers:[d78dd883-3e4c-45aa-98b2-e8ffdf2e22af|rpc:10.1.0.196:15032|admin:10.1.0.196:15031|client:10.1.0.196:15030|dataStream:10.1.0.196:15033|priority:1|startupRole:FOLLOWER, c686f304-079c-4e24-9d21-fd4c36dc1242|rpc:10.1.0.196:15023|admin:10.1.0.196:15022|client:10.1.0.196:15021|dataStream:10.1.0.196:15024|priority:0|startupRole:FOLLOWER, fac1c7af-03c1-44bd-b323-3796df9c2435|rpc:10.1.0.196:15014|admin:10.1.0.196:15013|client:10.1.0.196:15012|dataStream:10.1.0.196:15015|priority:0|startupRole:FOLLOWER]|listeners:[], old=null RUNNING
2023-06-01 19:11:26,055 [PipelineCommandHandlerThread-0] INFO  server.RaftServer$Division (RaftServerImpl.java:lambda$close$4(466)) - d78dd883-3e4c-45aa-98b2-e8ffdf2e22af@group-AEB6F4C7E190: shutdown
2023-06-01 19:11:26,055 [PipelineCommandHandlerThread-0] INFO  util.JmxRegister (JmxRegister.java:unregister(73)) - Successfully un-registered JMX Bean with object name Ratis:service=RaftServer,group=group-AEB6F4C7E190,id=d78dd883-3e4c-45aa-98b2-e8ffdf2e22af
2023-06-01 19:11:26,055 [PipelineCommandHandlerThread-0] INFO  impl.RoleInfo (RoleInfo.java:shutdownLeaderState(93)) - d78dd883-3e4c-45aa-98b2-e8ffdf2e22af: shutdown d78dd883-3e4c-45aa-98b2-e8ffdf2e22af@group-AEB6F4C7E190-LeaderStateImpl
2023-06-01 19:11:26,055 [PipelineCommandHandlerThread-0] INFO  impl.PendingRequests (PendingRequests.java:sendNotLeaderResponses(289)) - d78dd883-3e4c-45aa-98b2-e8ffdf2e22af@group-AEB6F4C7E190-PendingRequests: sendNotLeaderResponses
2023-06-01 19:11:26,055 [d78dd883-3e4c-45aa-98b2-e8ffdf2e22af@group-AEB6F4C7E190->c686f304-079c-4e24-9d21-fd4c36dc1242-GrpcLogAppender-LogAppenderDaemon] WARN  server.GrpcLogAppender (GrpcLogAppender.java:mayWait(199)) - d78dd883-3e4c-45aa-98b2-e8ffdf2e22af@group-AEB6F4C7E190->c686f304-079c-4e24-9d21-fd4c36dc1242-GrpcLogAppender: Wait interrupted by java.lang.InterruptedException
2023-06-01 19:11:26,055 [PipelineCommandHandlerThread-0] INFO  impl.StateMachineUpdater (StateMachineUpdater.java:stopAndJoin(155)) - d78dd883-3e4c-45aa-98b2-e8ffdf2e22af@group-AEB6F4C7E190-StateMachineUpdater: set stopIndex = 0
2023-06-01 19:11:26,055 [d78dd883-3e4c-45aa-98b2-e8ffdf2e22af@group-AEB6F4C7E190-StateMachineUpdater] INFO  ratis.ContainerStateMachine (ContainerStateMachine.java:takeSnapshot(330)) - group-AEB6F4C7E190: Taking a snapshot at:(t:1, i:0) file /home/runner/work/ozone/ozone/hadoop-ozone/integration-test/target/test-dir/MiniOzoneClusterImpl-59aba430-7466-43cf-ac60-ffcd1bd17169/datanode-2/data/ratis/793e092b-6040-4f80-b54d-aeb6f4c7e190/sm/snapshot.1_0
2023-06-01 19:11:26,056 [grpc-default-executor-4] INFO  server.GrpcServerProtocolService (GrpcServerProtocolService.java:onCompleted(155)) - c686f304-079c-4e24-9d21-fd4c36dc1242: Completed APPEND_ENTRIES, lastRequest: null
2023-06-01 19:11:26,056 [grpc-default-executor-4] INFO  server.GrpcServerProtocolService (GrpcServerProtocolService.java:lambda$onCompleted$5(157)) - c686f304-079c-4e24-9d21-fd4c36dc1242: Completed APPEND_ENTRIES, lastReply: serverReply {
  requestorId: "d78dd883-3e4c-45aa-98b2-e8ffdf2e22af"
  replyId: "c686f304-079c-4e24-9d21-fd4c36dc1242"
  raftGroupId {
    id: "y>\t+`@O\200\265M\256\266\364\307\341\220"
  }
  callId: 7
  success: true
}
term: 1
nextIndex: 1
matchIndex: 18446744073709551615
isHearbeat: true

2023-06-01 19:11:26,056 [d78dd883-3e4c-45aa-98b2-e8ffdf2e22af@group-AEB6F4C7E190-StateMachineUpdater] INFO  ratis.ContainerStateMachine (ContainerStateMachine.java:takeSnapshot(341)) - group-AEB6F4C7E190: Finished taking a snapshot at:(t:1, i:0) file:/home/runner/work/ozone/ozone/hadoop-ozone/integration-test/target/test-dir/MiniOzoneClusterImpl-59aba430-7466-43cf-ac60-ffcd1bd17169/datanode-2/data/ratis/793e092b-6040-4f80-b54d-aeb6f4c7e190/sm/snapshot.1_0 took: 1 ms
2023-06-01 19:11:26,056 [grpc-default-executor-3] INFO  server.GrpcServerProtocolService (GrpcServerProtocolService.java:onCompleted(155)) - c686f304-079c-4e24-9d21-fd4c36dc1242: Completed APPEND_ENTRIES, lastRequest: d78dd883-3e4c-45aa-98b2-e8ffdf2e22af->c686f304-079c-4e24-9d21-fd4c36dc1242#1-t1,previous=(t:0, i:0),leaderCommit=-1,initializing? true,entries: size=1, first=(t:1, i:0), CONFIGURATIONENTRY(current:id: "d78dd883-3e4c-45aa-98b2-e8ffdf2e22af"
address: "10.1.0.196:15032"
priority: 1
dataStreamAddress: "10.1.0.196:15033"
clientAddress: "10.1.0.196:15030"
adminAddress: "10.1.0.196:15031"
startupRole: FOLLOWER
,id: "c686f304-079c-4e24-9d21-fd4c36dc1242"
address: "10.1.0.196:15023"
dataStreamAddress: "10.1.0.196:15024"
clientAddress: "10.1.0.196:15021"
adminAddress: "10.1.0.196:15022"
startupRole: FOLLOWER
,id: "fac1c7af-03c1-44bd-b323-3796df9c2435"
address: "10.1.0.196:15014"
dataStreamAddress: "10.1.0.196:15015"
clientAddress: "10.1.0.196:15012"
adminAddress: "10.1.0.196:15013"
startupRole: FOLLOWER
, old:)
2023-06-01 19:11:26,056 [grpc-default-executor-3] INFO  server.GrpcServerProtocolService (GrpcServerProtocolService.java:lambda$onCompleted$5(157)) - c686f304-079c-4e24-9d21-fd4c36dc1242: Completed APPEND_ENTRIES, lastReply: null
2023-06-01 19:11:26,057 [d78dd883-3e4c-45aa-98b2-e8ffdf2e22af@group-AEB6F4C7E190->fac1c7af-03c1-44bd-b323-3796df9c2435-GrpcLogAppender-LogAppenderDaemon] WARN  server.GrpcLogAppender (GrpcLogAppender.java:mayWait(199)) - d78dd883-3e4c-45aa-98b2-e8ffdf2e22af@group-AEB6F4C7E190->fac1c7af-03c1-44bd-b323-3796df9c2435-GrpcLogAppender: Wait interrupted by java.lang.InterruptedException
2023-06-01 19:11:26,057 [grpc-default-executor-1] INFO  server.GrpcLogAppender (GrpcLogAppender.java:onCompleted(428)) - d78dd883-3e4c-45aa-98b2-e8ffdf2e22af@group-AEB6F4C7E190->c686f304-079c-4e24-9d21-fd4c36dc1242-AppendLogResponseHandler: follower responses appendEntries COMPLETED
2023-06-01 19:11:26,057 [grpc-default-executor-7] INFO  server.GrpcLogAppender (GrpcLogAppender.java:onCompleted(428)) - d78dd883-3e4c-45aa-98b2-e8ffdf2e22af@group-AEB6F4C7E190->c686f304-079c-4e24-9d21-fd4c36dc1242-AppendLogResponseHandler: follower responses appendEntries COMPLETED
2023-06-01 19:11:26,058 [d78dd883-3e4c-45aa-98b2-e8ffdf2e22af@group-AEB6F4C7E190-StateMachineUpdater] INFO  impl.StateMachineUpdater (StateMachineUpdater.java:takeSnapshot(291)) - d78dd883-3e4c-45aa-98b2-e8ffdf2e22af@group-AEB6F4C7E190-StateMachineUpdater: Took a snapshot at index 0
2023-06-01 19:11:26,057 [grpc-default-executor-1] INFO  leader.FollowerInfo (FollowerInfoImpl.java:lambda$new$0(52)) - d78dd883-3e4c-45aa-98b2-e8ffdf2e22af@group-AEB6F4C7E190->c686f304-079c-4e24-9d21-fd4c36dc1242: decreaseNextIndex nextIndex: updateUnconditionally 1 -> 0
2023-06-01 19:11:26,058 [d78dd883-3e4c-45aa-98b2-e8ffdf2e22af@group-AEB6F4C7E190-StateMachineUpdater] INFO  impl.StateMachineUpdater (StateMachineUpdater.java:lambda$new$0(97)) - d78dd883-3e4c-45aa-98b2-e8ffdf2e22af@group-AEB6F4C7E190-StateMachineUpdater: snapshotIndex: updateIncreasingly -1 -> 0
2023-06-01 19:11:26,058 [PipelineCommandHandlerThread-0] INFO  server.RaftServer$Division (ServerState.java:close(472)) - d78dd883-3e4c-45aa-98b2-e8ffdf2e22af@group-AEB6F4C7E190: closes. applyIndex: 0
2023-06-01 19:11:26,095 [PipelineCommandHandlerThread-0] INFO  segmented.SegmentedRaftLogWorker (SegmentedRaftLogWorker.java:close(252)) - d78dd883-3e4c-45aa-98b2-e8ffdf2e22af@group-AEB6F4C7E190-SegmentedRaftLogWorker close()
2023-06-01 19:11:26,097 [PipelineCommandHandlerThread-0] INFO  server.RaftServer$Division (RaftServerImpl.java:groupRemove(436)) - d78dd883-3e4c-45aa-98b2-e8ffdf2e22af@group-AEB6F4C7E190: Succeed to remove RaftStorageDirectory Storage Directory /home/runner/work/ozone/ozone/hadoop-ozone/integration-test/target/test-dir/MiniOzoneClusterImpl-59aba430-7466-43cf-ac60-ffcd1bd17169/datanode-2/data/ratis/793e092b-6040-4f80-b54d-aeb6f4c7e190
2023-06-01 19:11:26,097 [PipelineCommandHandlerThread-0] INFO  commandhandler.ClosePipelineCommandHandler (ClosePipelineCommandHandler.java:lambda$handle$0(87)) - Close Pipeline PipelineID=793e092b-6040-4f80-b54d-aeb6f4c7e190 command on datanode d78dd883-3e4c-45aa-98b2-e8ffdf2e22af.
2023-06-01 19:11:32,292 [Under Replicated Processor] INFO  replication.ReplicationManager (ReplicationManager.java:sendDatanodeCommand(677)) - Sending command [reconstructECContainersCommand: containerID: 1, replicationConfig: EC{rs-3-2-1024k}, sources: [9125f905-aa43-4d0f-845d-e6cfd4dab0cd(fv-az163-187.kzyshwy3mise5klwsllqwzgzyb.cx.internal.cloudapp.net/10.1.0.196) replicaIndex: 2, 9ff544a7-6c1c-4ca7-a5dc-e42e2710cacb(fv-az163-187.kzyshwy3mise5klwsllqwzgzyb.cx.internal.cloudapp.net/10.1.0.196) replicaIndex: 3, b39db728-622c-42ae-954c-bd0dbc524ba7(fv-az163-187.kzyshwy3mise5klwsllqwzgzyb.cx.internal.cloudapp.net/10.1.0.196) replicaIndex: 4, c686f304-079c-4e24-9d21-fd4c36dc1242(fv-az163-187.kzyshwy3mise5klwsllqwzgzyb.cx.internal.cloudapp.net/10.1.0.196) replicaIndex: 5], targets: [c2c84cb5-dc25-48b6-abcd-2faa62d614c8(fv-az163-187.kzyshwy3mise5klwsllqwzgzyb.cx.internal.cloudapp.net/10.1.0.196)], missingIndexes: [1]] for container ContainerInfo{id=#1, state=CLOSED, pipelineID=PipelineID=26401357-b866-4ecb-8421-6e92065ebe92, stateEnterTime=2023-06-01T19:11:15.513Z, owner=om1} to c2c84cb5-dc25-48b6-abcd-2faa62d614c8(fv-az163-187.kzyshwy3mise5klwsllqwzgzyb.cx.internal.cloudapp.net/10.1.0.196) with datanode deadline 1685647262292 and scm deadline 1685647292292
2023-06-01 19:11:32,293 [Under Replicated Processor] INFO  replication.UnhealthyReplicationProcessor (UnhealthyReplicationProcessor.java:processAll(131)) - Processed 1 containers with health state counts {UNDER_REPLICATED=1}, failed processing 0
2023-06-01 19:11:32,294 [ReplicationMonitor] INFO  replication.ReplicationManager (ReplicationManager.java:processAll(402)) - Replication Monitor Thread took 3 milliseconds for processing 1 containers.
2023-06-01 19:11:34,151 [ContainerReplicationThread-0] INFO  reconstruction.ECReconstructionCoordinatorTask (ECReconstructionCoordinatorTask.java:runTask(65)) - IN_PROGRESS reconstructECContainersCommand: containerID=1, replication=rs-3-2-1024k, missingIndexes=[1], sources={2=9125f905-aa43-4d0f-845d-e6cfd4dab0cd(fv-az163-187.kzyshwy3mise5klwsllqwzgzyb.cx.internal.cloudapp.net/10.1.0.196), 3=9ff544a7-6c1c-4ca7-a5dc-e42e2710cacb(fv-az163-187.kzyshwy3mise5klwsllqwzgzyb.cx.internal.cloudapp.net/10.1.0.196), 4=b39db728-622c-42ae-954c-bd0dbc524ba7(fv-az163-187.kzyshwy3mise5klwsllqwzgzyb.cx.internal.cloudapp.net/10.1.0.196), 5=c686f304-079c-4e24-9d21-fd4c36dc1242(fv-az163-187.kzyshwy3mise5klwsllqwzgzyb.cx.internal.cloudapp.net/10.1.0.196)}, targets={1=c2c84cb5-dc25-48b6-abcd-2faa62d614c8(fv-az163-187.kzyshwy3mise5klwsllqwzgzyb.cx.internal.cloudapp.net/10.1.0.196)}
2023-06-01 19:11:34,418 [ChunkReader-5] INFO  keyvalue.KeyValueContainer (KeyValueContainer.java:flushAndSyncDB(446)) - Container 1 is synced with bcsId 0.
2023-06-01 19:11:34,418 [ChunkReader-5] INFO  keyvalue.KeyValueContainer (KeyValueContainer.java:flushAndSyncDB(446)) - Container 1 is synced with bcsId 0.
2023-06-01 19:11:34,423 [ChunkReader-5] INFO  keyvalue.KeyValueContainer (KeyValueContainer.java:close(361)) - Container 1 is closed with bcsId 0.
2023-06-01 19:11:34,426 [ContainerReplicationThread-0] INFO  reconstruction.ECReconstructionCoordinatorTask (ECReconstructionCoordinatorTask.java:runTask(75)) - DONE reconstructECContainersCommand: containerID=1, replication=rs-3-2-1024k, missingIndexes=[1], sources={2=9125f905-aa43-4d0f-845d-e6cfd4dab0cd(fv-az163-187.kzyshwy3mise5klwsllqwzgzyb.cx.internal.cloudapp.net/10.1.0.196), 3=9ff544a7-6c1c-4ca7-a5dc-e42e2710cacb(fv-az163-187.kzyshwy3mise5klwsllqwzgzyb.cx.internal.cloudapp.net/10.1.0.196), 4=b39db728-622c-42ae-954c-bd0dbc524ba7(fv-az163-187.kzyshwy3mise5klwsllqwzgzyb.cx.internal.cloudapp.net/10.1.0.196), 5=c686f304-079c-4e24-9d21-fd4c36dc1242(fv-az163-187.kzyshwy3mise5klwsllqwzgzyb.cx.internal.cloudapp.net/10.1.0.196)}, targets={1=c2c84cb5-dc25-48b6-abcd-2faa62d614c8(fv-az163-187.kzyshwy3mise5klwsllqwzgzyb.cx.internal.cloudapp.net/10.1.0.196)} in 275 ms
2023-06-01 19:11:34,426 [ContainerReplicationThread-0] INFO  replication.ReplicationSupervisor (ReplicationSupervisor.java:run(353)) - Successful DONE reconstructECContainersCommand: containerID=1, replication=rs-3-2-1024k, missingIndexes=[1], sources={2=9125f905-aa43-4d0f-845d-e6cfd4dab0cd(fv-az163-187.kzyshwy3mise5klwsllqwzgzyb.cx.internal.cloudapp.net/10.1.0.196), 3=9ff544a7-6c1c-4ca7-a5dc-e42e2710cacb(fv-az163-187.kzyshwy3mise5klwsllqwzgzyb.cx.internal.cloudapp.net/10.1.0.196), 4=b39db728-622c-42ae-954c-bd0dbc524ba7(fv-az163-187.kzyshwy3mise5klwsllqwzgzyb.cx.internal.cloudapp.net/10.1.0.196), 5=c686f304-079c-4e24-9d21-fd4c36dc1242(fv-az163-187.kzyshwy3mise5klwsllqwzgzyb.cx.internal.cloudapp.net/10.1.0.196)}, targets={1=c2c84cb5-dc25-48b6-abcd-2faa62d614c8(fv-az163-187.kzyshwy3mise5klwsllqwzgzyb.cx.internal.cloudapp.net/10.1.0.196)}
2023-06-01 19:11:34,502 [main] INFO  replication.ReplicationManager (ReplicationManager.java:stop(332)) - Stopping Replication Monitor Thread.
2023-06-01 19:11:34,503 [Under Replicated Processor] WARN  replication.UnhealthyReplicationProcessor (UnhealthyReplicationProcessor.java:run(167)) - Under Replicated Processor interrupted. Exiting...
2023-06-01 19:11:34,503 [ReplicationMonitor] INFO  replication.ReplicationManager (ReplicationManager.java:run(937)) - Replication Monitor Thread is stopped
2023-06-01 19:11:34,503 [Over Replicated Processor] WARN  replication.UnhealthyReplicationProcessor (UnhealthyReplicationProcessor.java:run(167)) - Over Replicated Processor interrupted. Exiting...
2023-06-01 19:11:34,605 [main] INFO  impl.MetricsSystemImpl (MetricsSystemImpl.java:init(158)) - HddsDatanode metrics system started (again)
2023-06-01 19:11:34,644 [main] INFO  ozone.HddsDatanodeService (HddsDatanodeService.java:start(264)) - HddsDatanodeService host:fv-az163-187.kzyshwy3mise5klwsllqwzgzyb.cx.internal.cloudapp.net ip:10.1.0.196
2023-06-01 19:11:34,656 [main] INFO  upgrade.AbstractLayoutVersionManager (AbstractLayoutVersionManager.java:init(83)) - Initializing Layout version manager with metadata layout = HADOOP_PRC_PORTS_IN_DATANODEDETAILS (version = 7), software layout = HADOOP_PRC_PORTS_IN_DATANODEDETAILS (version = 7)
2023-06-01 19:11:34,656 [main] INFO  statemachine.DatanodeStateMachine (DatanodeStateMachine.java:getEndPointTaskThreadPoolSize(275)) - Datanode State Machine Task Thread Pool size 2
2023-06-01 19:11:34,658 [main] INFO  volume.HddsVolume (HddsVolume.java:<init>(130)) - Creating HddsVolume: /home/runner/work/ozone/ozone/hadoop-ozone/integration-test/target/test-dir/MiniOzoneClusterImpl-59aba430-7466-43cf-ac60-ffcd1bd17169/datanode-0/data-0/containers/hdds of storage type : DISK capacity : 9223372036854775807
2023-06-01 19:11:34,658 [main] INFO  volume.MutableVolumeSet (MutableVolumeSet.java:initializeVolumeSet(175)) - Added Volume : /home/runner/work/ozone/ozone/hadoop-ozone/integration-test/target/test-dir/MiniOzoneClusterImpl-59aba430-7466-43cf-ac60-ffcd1bd17169/datanode-0/data-0/containers/hdds to VolumeSet
2023-06-01 19:11:34,658 [main] INFO  volume.ThrottledAsyncChecker (ThrottledAsyncChecker.java:schedule(141)) - Scheduling a check for /home/runner/work/ozone/ozone/hadoop-ozone/integration-test/target/test-dir/MiniOzoneClusterImpl-59aba430-7466-43cf-ac60-ffcd1bd17169/datanode-0/data-0/containers/hdds
2023-06-01 19:11:34,661 [main] INFO  volume.StorageVolumeChecker (StorageVolumeChecker.java:checkAllVolumes(202)) - Scheduled health check for volume /home/runner/work/ozone/ozone/hadoop-ozone/integration-test/target/test-dir/MiniOzoneClusterImpl-59aba430-7466-43cf-ac60-ffcd1bd17169/datanode-0/data-0/containers/hdds
2023-06-01 19:11:34,673 [main] INFO  volume.MutableVolumeSet (MutableVolumeSet.java:initializeVolumeSet(175)) - Added Volume : /home/runner/work/ozone/ozone/hadoop-ozone/integration-test/target/test-dir/MiniOzoneClusterImpl-59aba430-7466-43cf-ac60-ffcd1bd17169/datanode-0/data/ratis to VolumeSet
2023-06-01 19:11:34,674 [main] INFO  volume.ThrottledAsyncChecker (ThrottledAsyncChecker.java:schedule(141)) - Scheduling a check for /home/runner/work/ozone/ozone/hadoop-ozone/integration-test/target/test-dir/MiniOzoneClusterImpl-59aba430-7466-43cf-ac60-ffcd1bd17169/datanode-0/data/ratis
2023-06-01 19:11:34,674 [main] INFO  volume.StorageVolumeChecker (StorageVolumeChecker.java:checkAllVolumes(202)) - Scheduled health check for volume /home/runner/work/ozone/ozone/hadoop-ozone/integration-test/target/test-dir/MiniOzoneClusterImpl-59aba430-7466-43cf-ac60-ffcd1bd17169/datanode-0/data/ratis
2023-06-01 19:11:34,779 [main] INFO  utils.DatanodeStoreCache (DatanodeStoreCache.java:addDB(66)) - Added db /home/runner/work/ozone/ozone/hadoop-ozone/integration-test/target/test-dir/MiniOzoneClusterImpl-59aba430-7466-43cf-ac60-ffcd1bd17169/datanode-0/data-0/containers/hdds/59aba430-7466-43cf-ac60-ffcd1bd17169/DS-1dc93e80-6571-4538-8142-c6dbd0377ce9/container.db to cache
2023-06-01 19:11:34,779 [main] INFO  volume.HddsVolume (HddsVolume.java:loadDbStore(303)) - SchemaV3 db is loaded at /home/runner/work/ozone/ozone/hadoop-ozone/integration-test/target/test-dir/MiniOzoneClusterImpl-59aba430-7466-43cf-ac60-ffcd1bd17169/datanode-0/data-0/containers/hdds/59aba430-7466-43cf-ac60-ffcd1bd17169/DS-1dc93e80-6571-4538-8142-c6dbd0377ce9/container.db for volume DS-1dc93e80-6571-4538-8142-c6dbd0377ce9
2023-06-01 19:11:34,785 [Thread-754] INFO  ozoneimpl.ContainerReader (ContainerReader.java:readVolume(145)) - Start to verify containers on volume /home/runner/work/ozone/ozone/hadoop-ozone/integration-test/target/test-dir/MiniOzoneClusterImpl-59aba430-7466-43cf-ac60-ffcd1bd17169/datanode-0/data-0/containers/hdds
2023-06-01 19:11:34,796 [Thread-754] INFO  ozoneimpl.ContainerReader (ContainerReader.java:readVolume(175)) - Finish verifying containers on volume /home/runner/work/ozone/ozone/hadoop-ozone/integration-test/target/test-dir/MiniOzoneClusterImpl-59aba430-7466-43cf-ac60-ffcd1bd17169/datanode-0/data-0/containers/hdds
2023-06-01 19:11:34,796 [main] INFO  ozoneimpl.OzoneContainer (OzoneContainer.java:buildContainerSet(303)) - Build ContainerSet costs 0s
2023-06-01 19:11:34,798 [main] INFO  server.RaftServer (ConfUtils.java:logGet(46)) - raft.rpc.type = GRPC (default)
2023-06-01 19:11:34,799 [main] INFO  grpc.GrpcConfigKeys (ConfUtils.java:logFallback(53)) - raft.grpc.admin.host = null (fallback to raft.grpc.server.host)
2023-06-01 19:11:34,799 [main] INFO  grpc.GrpcConfigKeys (ConfUtils.java:logGet(46)) - raft.grpc.admin.port = 15013 (custom)
2023-06-01 19:11:34,799 [main] INFO  grpc.GrpcConfigKeys (ConfUtils.java:logFallback(53)) - raft.grpc.client.host = null (fallback to raft.grpc.server.host)
2023-06-01 19:11:34,799 [main] INFO  grpc.GrpcConfigKeys (ConfUtils.java:logGet(46)) - raft.grpc.client.port = 15012 (custom)
2023-06-01 19:11:34,799 [main] INFO  grpc.GrpcConfigKeys (ConfUtils.java:logGet(46)) - raft.grpc.server.host = null (default)
2023-06-01 19:11:34,799 [main] INFO  grpc.GrpcConfigKeys (ConfUtils.java:logGet(46)) - raft.grpc.server.port = 15014 (custom)
2023-06-01 19:11:34,799 [main] INFO  server.GrpcService (ConfUtils.java:logGet(46)) - raft.grpc.message.size.max = 32MB (=33554432) (custom)
2023-06-01 19:11:34,799 [main] INFO  server.RaftServerConfigKeys (ConfUtils.java:logGet(46)) - raft.server.log.appender.buffer.byte-limit = 33554432 (custom)
2023-06-01 19:11:34,800 [main] INFO  server.GrpcService (ConfUtils.java:logGet(46)) - raft.grpc.flow.control.window = 5MB (=5242880) (custom)
2023-06-01 19:11:34,800 [main] INFO  server.RaftServerConfigKeys (ConfUtils.java:logGet(46)) - raft.server.rpc.request.timeout = 60s (custom)
2023-06-01 19:11:34,800 [main] INFO  grpc.GrpcConfigKeys (ConfUtils.java:logGet(46)) - raft.grpc.server.heartbeat.channel = true (default)
2023-06-01 19:11:34,800 [main] INFO  grpc.GrpcConfigKeys (ConfUtils.java:logGet(46)) - raft.grpc.server.async.request.thread.pool.cached = true (default)
2023-06-01 19:11:34,800 [main] INFO  grpc.GrpcConfigKeys (ConfUtils.java:logGet(46)) - raft.grpc.server.async.request.thread.pool.size = 32 (default)
2023-06-01 19:11:34,803 [main] INFO  impl.DataStreamServerImpl (ConfUtils.java:logGet(46)) - raft.datastream.type = NETTY (custom)
2023-06-01 19:11:34,803 [main] INFO  server.RaftServerConfigKeys (ConfUtils.java:logGet(46)) - raft.server.data-stream.async.request.thread.pool.cached = false (default)
2023-06-01 19:11:34,803 [main] INFO  server.RaftServerConfigKeys (ConfUtils.java:logGet(46)) - raft.server.data-stream.async.request.thread.pool.size = 20 (custom)
2023-06-01 19:11:34,804 [main] INFO  server.RaftServerConfigKeys (ConfUtils.java:logGet(46)) - raft.server.data-stream.async.write.thread.pool.size = 16 (default)
2023-06-01 19:11:34,804 [main] INFO  server.RaftServerConfigKeys (ConfUtils.java:logGet(46)) - raft.server.data-stream.client.pool.size = 10 (default)
2023-06-01 19:11:34,804 [main] INFO  netty.NettyConfigKeys$DataStream (ConfUtils.java:logGet(46)) - raft.netty.dataStream.server.use-epoll = false (default)
2023-06-01 19:11:34,804 [main] INFO  netty.NettyConfigKeys$DataStream (ConfUtils.java:logGet(46)) - raft.netty.dataStream.server.boss-group.size = 0 (default)
2023-06-01 19:11:34,804 [main] INFO  netty.NettyConfigKeys$DataStream (ConfUtils.java:logGet(46)) - raft.netty.dataStream.server.worker-group.size = 0 (default)
2023-06-01 19:11:34,805 [main] INFO  netty.NettyConfigKeys$DataStream (ConfUtils.java:logGet(46)) - raft.netty.dataStream.server.tls.conf = null (default)
2023-06-01 19:11:34,805 [main] INFO  netty.NettyConfigKeys$DataStream (ConfUtils.java:logGet(46)) - raft.netty.dataStream.host = null (default)
2023-06-01 19:11:34,805 [main] INFO  netty.NettyConfigKeys$DataStream (ConfUtils.java:logGet(46)) - raft.netty.dataStream.port = 15015 (custom)
2023-06-01 19:11:34,806 [main] INFO  server.RaftServerConfigKeys (ConfUtils.java:logGet(46)) - raft.server.threadpool.proxy.cached = true (default)
2023-06-01 19:11:34,806 [main] INFO  server.RaftServerConfigKeys (ConfUtils.java:logGet(46)) - raft.server.threadpool.proxy.size = 0 (default)
2023-06-01 19:11:34,806 [main] INFO  server.RaftServerConfigKeys (ConfUtils.java:logGet(46)) - raft.server.rpc.slowness.timeout = 300s (custom)
2023-06-01 19:11:34,806 [main] INFO  server.RaftServerConfigKeys (ConfUtils.java:logGet(46)) - raft.server.leaderelection.leader.step-down.wait-time = 10s (default)
2023-06-01 19:11:34,806 [main] INFO  server.RaftServerConfigKeys (ConfUtils.java:logGet(46)) - raft.server.storage.dir = [/home/runner/work/ozone/ozone/hadoop-ozone/integration-test/target/test-dir/MiniOzoneClusterImpl-59aba430-7466-43cf-ac60-ffcd1bd17169/datanode-0/data/ratis] (custom)
2023-06-01 19:11:34,807 [fac1c7af-03c1-44bd-b323-3796df9c2435-NettyServerStreamRpc-bossGroup--thread1] INFO  logging.LoggingHandler (AbstractInternalLogger.java:log(148)) - [id: 0x65e6639c] REGISTERED
2023-06-01 19:11:34,807 [fac1c7af-03c1-44bd-b323-3796df9c2435-NettyServerStreamRpc-bossGroup--thread1] INFO  logging.LoggingHandler (AbstractInternalLogger.java:log(148)) - [id: 0x65e6639c] BIND: 0.0.0.0/0.0.0.0:15015
2023-06-01 19:11:34,807 [fac1c7af-03c1-44bd-b323-3796df9c2435-NettyServerStreamRpc-bossGroup--thread1] INFO  logging.LoggingHandler (AbstractInternalLogger.java:log(148)) - [id: 0x65e6639c, L:/0:0:0:0:0:0:0:0:15015] ACTIVE
2023-06-01 19:11:34,807 [fac1c7af-03c1-44bd-b323-3796df9c2435-impl-thread1] INFO  server.RaftServer (RaftServerProxy.java:initGroupDir(258)) - fac1c7af-03c1-44bd-b323-3796df9c2435: found a subdirectory /home/runner/work/ozone/ozone/hadoop-ozone/integration-test/target/test-dir/MiniOzoneClusterImpl-59aba430-7466-43cf-ac60-ffcd1bd17169/datanode-0/data/ratis/ee6c0190-ec41-489e-8a9d-e89cd66131d1
2023-06-01 19:11:34,808 [fac1c7af-03c1-44bd-b323-3796df9c2435-impl-thread1] INFO  server.RaftServer (RaftServerProxy.java:addNew(98)) - fac1c7af-03c1-44bd-b323-3796df9c2435: addNew group-E89CD66131D1:[] returns group-E89CD66131D1:java.util.concurrent.CompletableFuture@6182a313[Not completed]
2023-06-01 19:11:34,808 [fac1c7af-03c1-44bd-b323-3796df9c2435-impl-thread1] INFO  server.RaftServer (RaftServerProxy.java:initGroupDir(258)) - fac1c7af-03c1-44bd-b323-3796df9c2435: found a subdirectory /home/runner/work/ozone/ozone/hadoop-ozone/integration-test/target/test-dir/MiniOzoneClusterImpl-59aba430-7466-43cf-ac60-ffcd1bd17169/datanode-0/data/ratis/955c3877-b1c3-4600-b43f-c5917ee03df0
2023-06-01 19:11:34,808 [fac1c7af-03c1-44bd-b323-3796df9c2435-impl-thread1] INFO  server.RaftServer (RaftServerProxy.java:addNew(98)) - fac1c7af-03c1-44bd-b323-3796df9c2435: addNew group-C5917EE03DF0:[] returns group-C5917EE03DF0:java.util.concurrent.CompletableFuture@65bd3bfb[Not completed]
2023-06-01 19:11:34,808 [fac1c7af-03c1-44bd-b323-3796df9c2435-impl-thread1] INFO  server.RaftServer (RaftServerProxy.java:initGroupDir(258)) - fac1c7af-03c1-44bd-b323-3796df9c2435: found a subdirectory /home/runner/work/ozone/ozone/hadoop-ozone/integration-test/target/test-dir/MiniOzoneClusterImpl-59aba430-7466-43cf-ac60-ffcd1bd17169/datanode-0/data/ratis/793e092b-6040-4f80-b54d-aeb6f4c7e190
2023-06-01 19:11:34,808 [fac1c7af-03c1-44bd-b323-3796df9c2435-impl-thread1] INFO  server.RaftServer (RaftServerProxy.java:addNew(98)) - fac1c7af-03c1-44bd-b323-3796df9c2435: addNew group-AEB6F4C7E190:[] returns group-AEB6F4C7E190:java.util.concurrent.CompletableFuture@20bfa928[Not completed]
2023-06-01 19:11:34,809 [main] INFO  server.XceiverServerGrpc (XceiverServerGrpc.java:<init>(132)) - GrpcServer channel type EpollServerSocketChannel
2023-06-01 19:11:34,810 [main] INFO  replication.ReplicationSupervisor (ReplicationSupervisor.java:nodeStateUpdated(296)) - Node state updated to IN_SERVICE, scaling executor pool size to 10
2023-06-01 19:11:34,814 [fac1c7af-03c1-44bd-b323-3796df9c2435-groupManagement] INFO  server.RaftServer$Division (RaftServerImpl.java:<init>(198)) - fac1c7af-03c1-44bd-b323-3796df9c2435: new RaftServerImpl for group-E89CD66131D1:[] with ContainerStateMachine:uninitialized
2023-06-01 19:11:34,814 [fac1c7af-03c1-44bd-b323-3796df9c2435-groupManagement] INFO  server.RaftServerConfigKeys (ConfUtils.java:logGet(46)) - raft.server.rpc.timeout.min = 5s (custom)
2023-06-01 19:11:34,814 [fac1c7af-03c1-44bd-b323-3796df9c2435-groupManagement] INFO  server.RaftServerConfigKeys (ConfUtils.java:logGet(46)) - raft.server.rpc.timeout.max = 5200ms (custom)
2023-06-01 19:11:34,814 [fac1c7af-03c1-44bd-b323-3796df9c2435-groupManagement] INFO  server.RaftServerConfigKeys (ConfUtils.java:logGet(46)) - raft.server.rpc.sleep.time = 25ms (default)
2023-06-01 19:11:34,814 [fac1c7af-03c1-44bd-b323-3796df9c2435-groupManagement] INFO  server.RaftServerConfigKeys (ConfUtils.java:logGet(46)) - raft.server.rpc.slowness.timeout = 300s (custom)
2023-06-01 19:11:34,814 [fac1c7af-03c1-44bd-b323-3796df9c2435-groupManagement] INFO  server.RaftServerConfigKeys (ConfUtils.java:logGet(46)) - raft.server.leaderelection.leader.step-down.wait-time = 10s (default)
2023-06-01 19:11:34,814 [fac1c7af-03c1-44bd-b323-3796df9c2435-groupManagement] INFO  server.RaftServerConfigKeys (ConfUtils.java:logGet(46)) - raft.server.sleep.deviation.threshold = 300ms (default)
2023-06-01 19:11:34,816 [fac1c7af-03c1-44bd-b323-3796df9c2435-groupManagement] INFO  server.RaftServer$Division (ServerState.java:<init>(120)) - fac1c7af-03c1-44bd-b323-3796df9c2435@group-E89CD66131D1: ConfigurationManager, init=-1: peers:[]|listeners:[], old=null, confs=<EMPTY_MAP>
2023-06-01 19:11:34,816 [fac1c7af-03c1-44bd-b323-3796df9c2435-groupManagement] INFO  server.RaftServerConfigKeys (ConfUtils.java:logGet(46)) - raft.server.storage.dir = [/home/runner/work/ozone/ozone/hadoop-ozone/integration-test/target/test-dir/MiniOzoneClusterImpl-59aba430-7466-43cf-ac60-ffcd1bd17169/datanode-0/data/ratis] (custom)
2023-06-01 19:11:34,816 [fac1c7af-03c1-44bd-b323-3796df9c2435-groupManagement] INFO  server.RaftServerConfigKeys (ConfUtils.java:logGet(46)) - raft.server.log.corruption.policy = EXCEPTION (default)
2023-06-01 19:11:34,816 [fac1c7af-03c1-44bd-b323-3796df9c2435-groupManagement] INFO  server.RaftServerConfigKeys (ConfUtils.java:logGet(46)) - raft.server.storage.free-space.min = 0MB (=0) (default)
2023-06-01 19:11:34,816 [fac1c7af-03c1-44bd-b323-3796df9c2435-groupManagement] INFO  server.RaftServerConfigKeys (ConfUtils.java:logGet(46)) - raft.server.notification.no-leader.timeout = 300s (custom)
2023-06-01 19:11:34,816 [fac1c7af-03c1-44bd-b323-3796df9c2435-groupManagement] INFO  server.RaftServerConfigKeys (ConfUtils.java:logGet(46)) - raft.server.read.timeout = 10s (default)
2023-06-01 19:11:34,816 [fac1c7af-03c1-44bd-b323-3796df9c2435-groupManagement] INFO  server.RaftServerConfigKeys (ConfUtils.java:logGet(46)) - raft.server.retrycache.expirytime = 600000ms (custom)
2023-06-01 19:11:34,816 [fac1c7af-03c1-44bd-b323-3796df9c2435-groupManagement] INFO  server.RaftServerConfigKeys (ConfUtils.java:logGet(46)) - raft.server.retrycache.statistics.expirytime = 100μs (default)
2023-06-01 19:11:34,816 [fac1c7af-03c1-44bd-b323-3796df9c2435-groupManagement] INFO  server.RaftServerConfigKeys (ConfUtils.java:logGet(46)) - raft.server.read.option = DEFAULT (default)
2023-06-01 19:11:34,816 [main] INFO  http.BaseHttpServer (BaseHttpServer.java:newHttpServer2BuilderForOzone(224)) - Starting Web-server for hddsDatanode at: http://0.0.0.0:15009
2023-06-01 19:11:34,816 [main] INFO  http.BaseHttpServer (BaseHttpServer.java:<init>(111)) - Hadoop Security Enabled: false Ozone Security Enabled: false Ozone HTTP Security Enabled: false 
2023-06-01 19:11:34,818 [main] WARN  server.AuthenticationFilter (AuthenticationFilter.java:constructSecretProvider(240)) - Unable to initialize FileSignerSecretProvider, falling back to use random secrets. Reason: Could not read signature secret file: /home/runner/hadoop-http-auth-signature-secret
2023-06-01 19:11:34,818 [fac1c7af-03c1-44bd-b323-3796df9c2435-groupManagement] INFO  server.RaftServerConfigKeys (ConfUtils.java:logGet(46)) - raft.server.rpc.request.timeout = 60s (custom)
2023-06-01 19:11:34,818 [fac1c7af-03c1-44bd-b323-3796df9c2435-groupManagement] INFO  server.RaftServerConfigKeys (ConfUtils.java:logGet(46)) - raft.server.log.appender.install.snapshot.enabled = false (custom)
2023-06-01 19:11:34,818 [fac1c7af-03c1-44bd-b323-3796df9c2435-groupManagement] INFO  server.RaftServerConfigKeys (ConfUtils.java:logGet(46)) - raft.server.threadpool.server.cached = true (default)
2023-06-01 19:11:34,818 [fac1c7af-03c1-44bd-b323-3796df9c2435-groupManagement] INFO  server.RaftServerConfigKeys (ConfUtils.java:logGet(46)) - raft.server.threadpool.server.size = 0 (default)
2023-06-01 19:11:34,818 [fac1c7af-03c1-44bd-b323-3796df9c2435-groupManagement] INFO  server.RaftServerConfigKeys (ConfUtils.java:logGet(46)) - raft.server.threadpool.client.cached = true (default)
2023-06-01 19:11:34,818 [fac1c7af-03c1-44bd-b323-3796df9c2435-groupManagement] INFO  server.RaftServerConfigKeys (ConfUtils.java:logGet(46)) - raft.server.threadpool.client.size = 0 (default)
2023-06-01 19:11:34,818 [main] INFO  http.HttpRequestLog (HttpRequestLog.java:getRequestLog(86)) - Http request log for http.requests.hddsDatanode is not defined
2023-06-01 19:11:34,819 [fac1c7af-03c1-44bd-b323-3796df9c2435-groupManagement] INFO  server.RaftServer$Division (RaftServerImpl.java:<init>(198)) - fac1c7af-03c1-44bd-b323-3796df9c2435: new RaftServerImpl for group-C5917EE03DF0:[] with ContainerStateMachine:uninitialized
2023-06-01 19:11:34,819 [fac1c7af-03c1-44bd-b323-3796df9c2435-groupManagement] INFO  server.RaftServerConfigKeys (ConfUtils.java:logGet(46)) - raft.server.rpc.timeout.min = 5s (custom)
2023-06-01 19:11:34,819 [fac1c7af-03c1-44bd-b323-3796df9c2435-groupManagement] INFO  server.RaftServerConfigKeys (ConfUtils.java:logGet(46)) - raft.server.rpc.timeout.max = 5200ms (custom)
2023-06-01 19:11:34,819 [fac1c7af-03c1-44bd-b323-3796df9c2435-groupManagement] INFO  server.RaftServerConfigKeys (ConfUtils.java:logGet(46)) - raft.server.rpc.sleep.time = 25ms (default)
2023-06-01 19:11:34,819 [fac1c7af-03c1-44bd-b323-3796df9c2435-groupManagement] INFO  server.RaftServerConfigKeys (ConfUtils.java:logGet(46)) - raft.server.rpc.slowness.timeout = 300s (custom)
2023-06-01 19:11:34,819 [fac1c7af-03c1-44bd-b323-3796df9c2435-groupManagement] INFO  server.RaftServerConfigKeys (ConfUtils.java:logGet(46)) - raft.server.leaderelection.leader.step-down.wait-time = 10s (default)
2023-06-01 19:11:34,819 [fac1c7af-03c1-44bd-b323-3796df9c2435-groupManagement] INFO  server.RaftServerConfigKeys (ConfUtils.java:logGet(46)) - raft.server.sleep.deviation.threshold = 300ms (default)
2023-06-01 19:11:34,819 [fac1c7af-03c1-44bd-b323-3796df9c2435-groupManagement] INFO  server.RaftServer$Division (ServerState.java:<init>(120)) - fac1c7af-03c1-44bd-b323-3796df9c2435@group-C5917EE03DF0: ConfigurationManager, init=-1: peers:[]|listeners:[], old=null, confs=<EMPTY_MAP>
2023-06-01 19:11:34,819 [fac1c7af-03c1-44bd-b323-3796df9c2435-groupManagement] INFO  server.RaftServerConfigKeys (ConfUtils.java:logGet(46)) - raft.server.storage.dir = [/home/runner/work/ozone/ozone/hadoop-ozone/integration-test/target/test-dir/MiniOzoneClusterImpl-59aba430-7466-43cf-ac60-ffcd1bd17169/datanode-0/data/ratis] (custom)
2023-06-01 19:11:34,819 [fac1c7af-03c1-44bd-b323-3796df9c2435-groupManagement] INFO  server.RaftServerConfigKeys (ConfUtils.java:logGet(46)) - raft.server.log.corruption.policy = EXCEPTION (default)
2023-06-01 19:11:34,819 [fac1c7af-03c1-44bd-b323-3796df9c2435-groupManagement] INFO  server.RaftServerConfigKeys (ConfUtils.java:logGet(46)) - raft.server.storage.free-space.min = 0MB (=0) (default)
2023-06-01 19:11:34,819 [fac1c7af-03c1-44bd-b323-3796df9c2435-groupManagement] INFO  server.RaftServerConfigKeys (ConfUtils.java:logGet(46)) - raft.server.notification.no-leader.timeout = 300s (custom)
2023-06-01 19:11:34,820 [fac1c7af-03c1-44bd-b323-3796df9c2435-groupManagement] INFO  server.RaftServerConfigKeys (ConfUtils.java:logGet(46)) - raft.server.read.timeout = 10s (default)
2023-06-01 19:11:34,820 [fac1c7af-03c1-44bd-b323-3796df9c2435-groupManagement] INFO  server.RaftServerConfigKeys (ConfUtils.java:logGet(46)) - raft.server.retrycache.expirytime = 600000ms (custom)
2023-06-01 19:11:34,820 [fac1c7af-03c1-44bd-b323-3796df9c2435-groupManagement] INFO  server.RaftServerConfigKeys (ConfUtils.java:logGet(46)) - raft.server.retrycache.statistics.expirytime = 100μs (default)
2023-06-01 19:11:34,820 [fac1c7af-03c1-44bd-b323-3796df9c2435-groupManagement] INFO  server.RaftServerConfigKeys (ConfUtils.java:logGet(46)) - raft.server.read.option = DEFAULT (default)
2023-06-01 19:11:34,820 [main] INFO  http.HttpServer2 (HttpServer2.java:addGlobalFilter(1031)) - Added global filter 'safety' (class=org.apache.hadoop.hdds.server.http.HttpServer2$QuotingInputFilter)
2023-06-01 19:11:34,820 [fac1c7af-03c1-44bd-b323-3796df9c2435-groupManagement] INFO  server.RaftServerConfigKeys (ConfUtils.java:logGet(46)) - raft.server.rpc.request.timeout = 60s (custom)
2023-06-01 19:11:34,820 [fac1c7af-03c1-44bd-b323-3796df9c2435-groupManagement] INFO  server.RaftServerConfigKeys (ConfUtils.java:logGet(46)) - raft.server.log.appender.install.snapshot.enabled = false (custom)
2023-06-01 19:11:34,820 [fac1c7af-03c1-44bd-b323-3796df9c2435-groupManagement] INFO  server.RaftServerConfigKeys (ConfUtils.java:logGet(46)) - raft.server.threadpool.server.cached = true (default)
2023-06-01 19:11:34,820 [fac1c7af-03c1-44bd-b323-3796df9c2435-groupManagement] INFO  server.RaftServerConfigKeys (ConfUtils.java:logGet(46)) - raft.server.threadpool.server.size = 0 (default)
2023-06-01 19:11:34,820 [fac1c7af-03c1-44bd-b323-3796df9c2435-groupManagement] INFO  server.RaftServerConfigKeys (ConfUtils.java:logGet(46)) - raft.server.threadpool.client.cached = true (default)
2023-06-01 19:11:34,821 [fac1c7af-03c1-44bd-b323-3796df9c2435-groupManagement] INFO  server.RaftServerConfigKeys (ConfUtils.java:logGet(46)) - raft.server.threadpool.client.size = 0 (default)
2023-06-01 19:11:34,821 [main] INFO  http.HttpServer2 (HttpServer2.java:addFilter(1007)) - Added filter static_user_filter (class=org.apache.hadoop.http.lib.StaticUserWebFilter$StaticUserFilter) to context hddsDatanode
2023-06-01 19:11:34,821 [main] INFO  http.HttpServer2 (HttpServer2.java:addFilter(1015)) - Added filter static_user_filter (class=org.apache.hadoop.http.lib.StaticUserWebFilter$StaticUserFilter) to context static
2023-06-01 19:11:34,821 [main] INFO  http.HttpServer2 (HttpServer2.java:addFilter(1015)) - Added filter static_user_filter (class=org.apache.hadoop.http.lib.StaticUserWebFilter$StaticUserFilter) to context logs
2023-06-01 19:11:34,821 [fac1c7af-03c1-44bd-b323-3796df9c2435-groupManagement] INFO  server.RaftServer$Division (RaftServerImpl.java:<init>(198)) - fac1c7af-03c1-44bd-b323-3796df9c2435: new RaftServerImpl for group-AEB6F4C7E190:[] with ContainerStateMachine:uninitialized
2023-06-01 19:11:34,821 [fac1c7af-03c1-44bd-b323-3796df9c2435-groupManagement] INFO  server.RaftServerConfigKeys (ConfUtils.java:logGet(46)) - raft.server.rpc.timeout.min = 5s (custom)
2023-06-01 19:11:34,821 [fac1c7af-03c1-44bd-b323-3796df9c2435-groupManagement] INFO  server.RaftServerConfigKeys (ConfUtils.java:logGet(46)) - raft.server.rpc.timeout.max = 5200ms (custom)
2023-06-01 19:11:34,821 [fac1c7af-03c1-44bd-b323-3796df9c2435-groupManagement] INFO  server.RaftServerConfigKeys (ConfUtils.java:logGet(46)) - raft.server.rpc.sleep.time = 25ms (default)
2023-06-01 19:11:34,821 [fac1c7af-03c1-44bd-b323-3796df9c2435-groupManagement] INFO  server.RaftServerConfigKeys (ConfUtils.java:logGet(46)) - raft.server.rpc.slowness.timeout = 300s (custom)
2023-06-01 19:11:34,821 [fac1c7af-03c1-44bd-b323-3796df9c2435-groupManagement] INFO  server.RaftServerConfigKeys (ConfUtils.java:logGet(46)) - raft.server.leaderelection.leader.step-down.wait-time = 10s (default)
2023-06-01 19:11:34,821 [fac1c7af-03c1-44bd-b323-3796df9c2435-groupManagement] INFO  server.RaftServerConfigKeys (ConfUtils.java:logGet(46)) - raft.server.sleep.deviation.threshold = 300ms (default)
2023-06-01 19:11:34,821 [fac1c7af-03c1-44bd-b323-3796df9c2435-groupManagement] INFO  server.RaftServer$Division (ServerState.java:<init>(120)) - fac1c7af-03c1-44bd-b323-3796df9c2435@group-AEB6F4C7E190: ConfigurationManager, init=-1: peers:[]|listeners:[], old=null, confs=<EMPTY_MAP>
2023-06-01 19:11:34,821 [fac1c7af-03c1-44bd-b323-3796df9c2435-groupManagement] INFO  server.RaftServerConfigKeys (ConfUtils.java:logGet(46)) - raft.server.storage.dir = [/home/runner/work/ozone/ozone/hadoop-ozone/integration-test/target/test-dir/MiniOzoneClusterImpl-59aba430-7466-43cf-ac60-ffcd1bd17169/datanode-0/data/ratis] (custom)
2023-06-01 19:11:34,822 [fac1c7af-03c1-44bd-b323-3796df9c2435-groupManagement] INFO  server.RaftServerConfigKeys (ConfUtils.java:logGet(46)) - raft.server.log.corruption.policy = EXCEPTION (default)
2023-06-01 19:11:34,822 [fac1c7af-03c1-44bd-b323-3796df9c2435-groupManagement] INFO  server.RaftServerConfigKeys (ConfUtils.java:logGet(46)) - raft.server.storage.free-space.min = 0MB (=0) (default)
2023-06-01 19:11:34,822 [fac1c7af-03c1-44bd-b323-3796df9c2435-groupManagement] INFO  server.RaftServerConfigKeys (ConfUtils.java:logGet(46)) - raft.server.notification.no-leader.timeout = 300s (custom)
2023-06-01 19:11:34,822 [fac1c7af-03c1-44bd-b323-3796df9c2435-groupManagement] INFO  server.RaftServerConfigKeys (ConfUtils.java:logGet(46)) - raft.server.read.timeout = 10s (default)
2023-06-01 19:11:34,822 [fac1c7af-03c1-44bd-b323-3796df9c2435-groupManagement] INFO  server.RaftServerConfigKeys (ConfUtils.java:logGet(46)) - raft.server.retrycache.expirytime = 600000ms (custom)
2023-06-01 19:11:34,822 [fac1c7af-03c1-44bd-b323-3796df9c2435-groupManagement] INFO  server.RaftServerConfigKeys (ConfUtils.java:logGet(46)) - raft.server.retrycache.statistics.expirytime = 100μs (default)
2023-06-01 19:11:34,822 [fac1c7af-03c1-44bd-b323-3796df9c2435-groupManagement] INFO  server.RaftServerConfigKeys (ConfUtils.java:logGet(46)) - raft.server.read.option = DEFAULT (default)
2023-06-01 19:11:34,822 [main] INFO  http.BaseHttpServer (BaseHttpServer.java:<init>(190)) - HTTP server of hddsDatanode uses base directory /home/runner/work/ozone/ozone/hadoop-ozone/integration-test/target/test-dir/MiniOzoneClusterImpl-59aba430-7466-43cf-ac60-ffcd1bd17169/datanode-0/meta/webserver
2023-06-01 19:11:34,822 [main] INFO  http.HttpServer2 (HttpServer2.java:bindListener(1250)) - Jetty bound to port 15009
2023-06-01 19:11:34,822 [main] INFO  server.Server (Server.java:doStart(375)) - jetty-9.4.51.v20230217; built: 2023-02-17T08:19:37.309Z; git: b45c405e4544384de066f814ed42ae3dceacdd49; jvm 1.8.0_362-b09
2023-06-01 19:11:34,822 [fac1c7af-03c1-44bd-b323-3796df9c2435-groupManagement] INFO  server.RaftServerConfigKeys (ConfUtils.java:logGet(46)) - raft.server.rpc.request.timeout = 60s (custom)
2023-06-01 19:11:34,823 [fac1c7af-03c1-44bd-b323-3796df9c2435-groupManagement] INFO  server.RaftServerConfigKeys (ConfUtils.java:logGet(46)) - raft.server.log.appender.install.snapshot.enabled = false (custom)
2023-06-01 19:11:34,823 [fac1c7af-03c1-44bd-b323-3796df9c2435-groupManagement] INFO  server.RaftServerConfigKeys (ConfUtils.java:logGet(46)) - raft.server.threadpool.server.cached = true (default)
2023-06-01 19:11:34,823 [fac1c7af-03c1-44bd-b323-3796df9c2435-groupManagement] INFO  server.RaftServerConfigKeys (ConfUtils.java:logGet(46)) - raft.server.threadpool.server.size = 0 (default)
2023-06-01 19:11:34,823 [fac1c7af-03c1-44bd-b323-3796df9c2435-groupManagement] INFO  server.RaftServerConfigKeys (ConfUtils.java:logGet(46)) - raft.server.threadpool.client.cached = true (default)
2023-06-01 19:11:34,823 [fac1c7af-03c1-44bd-b323-3796df9c2435-groupManagement] INFO  server.RaftServerConfigKeys (ConfUtils.java:logGet(46)) - raft.server.threadpool.client.size = 0 (default)
2023-06-01 19:11:34,827 [main] INFO  server.session (DefaultSessionIdManager.java:doStart(334)) - DefaultSessionIdManager workerName=node0
2023-06-01 19:11:34,827 [main] INFO  server.session (DefaultSessionIdManager.java:doStart(339)) - No SessionScavenger set, using defaults
2023-06-01 19:11:34,828 [main] INFO  server.session (HouseKeeper.java:startScavenging(132)) - node0 Scavenging every 600000ms
2023-06-01 19:11:34,829 [main] INFO  handler.ContextHandler (ContextHandler.java:doStart(921)) - Started o.e.j.s.ServletContextHandler@328439ce{logs,/logs,file:///home/runner/work/ozone/ozone/hadoop-ozone/integration-test/target/log,AVAILABLE}
2023-06-01 19:11:34,829 [main] INFO  handler.ContextHandler (ContextHandler.java:doStart(921)) - Started o.e.j.s.ServletContextHandler@501d07c5{static,/static,jar:file:/home/runner/.m2/repository/org/apache/ozone/hdds-container-service/1.4.0-SNAPSHOT/hdds-container-service-1.4.0-SNAPSHOT.jar!/webapps/static,AVAILABLE}
2023-06-01 19:11:35,037 [main] INFO  handler.ContextHandler (ContextHandler.java:doStart(921)) - Started o.e.j.w.WebAppContext@28203154{hddsDatanode,/,file:///home/runner/work/ozone/ozone/hadoop-ozone/integration-test/target/test-dir/MiniOzoneClusterImpl-59aba430-7466-43cf-ac60-ffcd1bd17169/datanode-0/meta/webserver/jetty-0_0_0_0-15009-hdds-container-service-1_4_0-SNAPSHOT_jar-_-any-741855766003294626/webapp/,AVAILABLE}{jar:file:/home/runner/.m2/repository/org/apache/ozone/hdds-container-service/1.4.0-SNAPSHOT/hdds-container-service-1.4.0-SNAPSHOT.jar!/webapps/hddsDatanode}
2023-06-01 19:11:35,039 [main] INFO  server.AbstractConnector (AbstractConnector.java:doStart(333)) - Started ServerConnector@3ccf53f7{HTTP/1.1, (http/1.1)}{0.0.0.0:15009}
2023-06-01 19:11:35,040 [main] INFO  server.Server (Server.java:doStart(415)) - Started @42149ms
2023-06-01 19:11:35,040 [main] WARN  impl.MetricsSystemImpl (MetricsSystemImpl.java:register(279)) - Sink prometheus already exists!
2023-06-01 19:11:35,040 [main] INFO  http.BaseHttpServer (BaseHttpServer.java:updateConnectorAddress(344)) - HTTP server of hddsDatanode listening at http://0.0.0.0:15009
2023-06-01 19:11:35,041 [main] INFO  ipc.CallQueueManager (CallQueueManager.java:<init>(90)) - Using callQueue: class java.util.concurrent.LinkedBlockingQueue, queueCapacity: 100, scheduler: class org.apache.hadoop.ipc.DefaultRpcScheduler, ipcBackoff: false.
2023-06-01 19:11:35,041 [Socket Reader #1 for port 15010] INFO  ipc.Server (Server.java:run(1319)) - Starting Socket Reader #1 for port 15010
2023-06-01 19:11:35,052 [Listener at 0.0.0.0/15010] INFO  hdds.HddsUtils (HddsUtils.java:preserveThreadName(843)) - Restoring thread name: main
2023-06-01 19:11:35,052 [main] INFO  ozone.HddsDatanodeService (HddsDatanodeService.java:start(337)) - Datanode start with admins: [runner]
2023-06-01 19:11:35,052 [main] INFO  ozone.HddsDatanodeClientProtocolServer (HddsDatanodeClientProtocolServer.java:start(83)) - RPC server for Client /0.0.0.0:15010
2023-06-01 19:11:35,052 [IPC Server Responder] INFO  ipc.Server (Server.java:run(1558)) - IPC Server Responder: starting
2023-06-01 19:11:35,052 [IPC Server listener on 15010] INFO  ipc.Server (Server.java:run(1398)) - IPC Server listener on 15010: starting
2023-06-01 19:11:35,053 [main] INFO  ozone.MiniOzoneClusterImpl (MiniOzoneClusterImpl.java:lambda$waitForClusterToBeReady$0(222)) - Waiting for nodes to be ready. Got 9 of 10 DN Heartbeats.
2023-06-01 19:11:35,053 [main] INFO  ozone.MiniOzoneClusterImpl (MiniOzoneClusterImpl.java:lambda$waitForClusterToBeReady$0(225)) - Cluster exits safe mode
2023-06-01 19:11:35,053 [main] INFO  ozone.MiniOzoneClusterImpl (MiniOzoneClusterImpl.java:lambda$waitForClusterToBeReady$0(227)) - SCM became leader
2023-06-01 19:11:35,053 [Datanode State Machine Daemon Thread] INFO  statemachine.DatanodeStateMachine (DatanodeStateMachine.java:lambda$startDaemon$0(537)) - Ozone container server started.
2023-06-01 19:11:35,062 [org.apache.hadoop.util.JvmPauseMonitor$Monitor@327b46d7] INFO  util.JvmPauseMonitor (JvmPauseMonitor.java:run(188)) - Starting JVM pause monitor
2023-06-01 19:11:35,069 [Datanode State Machine Task Thread - 0] INFO  datanode.InitDatanodeState (InitDatanodeState.java:persistContainerDatanodeDetails(138)) - DatanodeDetails is persisted to /home/runner/work/ozone/ozone/hadoop-ozone/integration-test/target/test-dir/MiniOzoneClusterImpl-59aba430-7466-43cf-ac60-ffcd1bd17169/datanode-0/meta/datanode.id
2023-06-01 19:11:36,053 [main] INFO  ozone.MiniOzoneClusterImpl (MiniOzoneClusterImpl.java:lambda$waitForClusterToBeReady$0(222)) - Waiting for nodes to be ready. Got 9 of 10 DN Heartbeats.
2023-06-01 19:11:36,053 [main] INFO  ozone.MiniOzoneClusterImpl (MiniOzoneClusterImpl.java:lambda$waitForClusterToBeReady$0(225)) - Cluster exits safe mode
2023-06-01 19:11:36,053 [main] INFO  ozone.MiniOzoneClusterImpl (MiniOzoneClusterImpl.java:lambda$waitForClusterToBeReady$0(227)) - SCM became leader
2023-06-01 19:11:37,054 [main] INFO  ozone.MiniOzoneClusterImpl (MiniOzoneClusterImpl.java:lambda$waitForClusterToBeReady$0(222)) - Waiting for nodes to be ready. Got 9 of 10 DN Heartbeats.
2023-06-01 19:11:37,054 [main] INFO  ozone.MiniOzoneClusterImpl (MiniOzoneClusterImpl.java:lambda$waitForClusterToBeReady$0(225)) - Cluster exits safe mode
2023-06-01 19:11:37,054 [main] INFO  ozone.MiniOzoneClusterImpl (MiniOzoneClusterImpl.java:lambda$waitForClusterToBeReady$0(227)) - SCM became leader
2023-06-01 19:11:37,065 [EndpointStateMachine task thread for /0.0.0.0:15002 - 0 ] INFO  ozoneimpl.OzoneContainer (OzoneContainer.java:start(398)) - Attempting to start container services.
2023-06-01 19:11:37,065 [EndpointStateMachine task thread for /0.0.0.0:15002 - 0 ] INFO  ozoneimpl.OzoneContainer (OzoneContainer.java:startContainerScrub(314)) - Scheduled background container scanners and the on-demand container scanner have been disabled.
2023-06-01 19:11:37,065 [EndpointStateMachine task thread for /0.0.0.0:15002 - 0 ] INFO  replication.ReplicationServer (ReplicationServer.java:start(128)) - ReplicationServer is started using port 15016
2023-06-01 19:11:37,065 [EndpointStateMachine task thread for /0.0.0.0:15002 - 0 ] INFO  ratis.XceiverServerRatis (XceiverServerRatis.java:start(517)) - Starting XceiverServerRatis fac1c7af-03c1-44bd-b323-3796df9c2435
2023-06-01 19:11:37,072 [fac1c7af-03c1-44bd-b323-3796df9c2435-impl-thread1] INFO  storage.RaftStorageDirectory (RaftStorageDirectoryImpl.java:tryLock(231)) - Lock on /home/runner/work/ozone/ozone/hadoop-ozone/integration-test/target/test-dir/MiniOzoneClusterImpl-59aba430-7466-43cf-ac60-ffcd1bd17169/datanode-0/data/ratis/ee6c0190-ec41-489e-8a9d-e89cd66131d1/in_use.lock acquired by nodename 16224@fv-az163-187
2023-06-01 19:11:37,072 [fac1c7af-03c1-44bd-b323-3796df9c2435-impl-thread3] INFO  storage.RaftStorageDirectory (RaftStorageDirectoryImpl.java:tryLock(231)) - Lock on /home/runner/work/ozone/ozone/hadoop-ozone/integration-test/target/test-dir/MiniOzoneClusterImpl-59aba430-7466-43cf-ac60-ffcd1bd17169/datanode-0/data/ratis/793e092b-6040-4f80-b54d-aeb6f4c7e190/in_use.lock acquired by nodename 16224@fv-az163-187
2023-06-01 19:11:37,072 [fac1c7af-03c1-44bd-b323-3796df9c2435-impl-thread2] INFO  storage.RaftStorageDirectory (RaftStorageDirectoryImpl.java:tryLock(231)) - Lock on /home/runner/work/ozone/ozone/hadoop-ozone/integration-test/target/test-dir/MiniOzoneClusterImpl-59aba430-7466-43cf-ac60-ffcd1bd17169/datanode-0/data/ratis/955c3877-b1c3-4600-b43f-c5917ee03df0/in_use.lock acquired by nodename 16224@fv-az163-187
2023-06-01 19:11:37,073 [fac1c7af-03c1-44bd-b323-3796df9c2435-impl-thread1] INFO  storage.RaftStorage (RaftStorageImpl.java:analyzeAndRecoverStorage(117)) - Read RaftStorageMetadata{term=1, votedFor=c686f304-079c-4e24-9d21-fd4c36dc1242} from /home/runner/work/ozone/ozone/hadoop-ozone/integration-test/target/test-dir/MiniOzoneClusterImpl-59aba430-7466-43cf-ac60-ffcd1bd17169/datanode-0/data/ratis/ee6c0190-ec41-489e-8a9d-e89cd66131d1/current/raft-meta
2023-06-01 19:11:37,073 [fac1c7af-03c1-44bd-b323-3796df9c2435-impl-thread3] INFO  storage.RaftStorage (RaftStorageImpl.java:analyzeAndRecoverStorage(117)) - Read RaftStorageMetadata{term=1, votedFor=d78dd883-3e4c-45aa-98b2-e8ffdf2e22af} from /home/runner/work/ozone/ozone/hadoop-ozone/integration-test/target/test-dir/MiniOzoneClusterImpl-59aba430-7466-43cf-ac60-ffcd1bd17169/datanode-0/data/ratis/793e092b-6040-4f80-b54d-aeb6f4c7e190/current/raft-meta
2023-06-01 19:11:37,074 [fac1c7af-03c1-44bd-b323-3796df9c2435-impl-thread2] INFO  storage.RaftStorage (RaftStorageImpl.java:analyzeAndRecoverStorage(117)) - Read RaftStorageMetadata{term=1, votedFor=fac1c7af-03c1-44bd-b323-3796df9c2435} from /home/runner/work/ozone/ozone/hadoop-ozone/integration-test/target/test-dir/MiniOzoneClusterImpl-59aba430-7466-43cf-ac60-ffcd1bd17169/datanode-0/data/ratis/955c3877-b1c3-4600-b43f-c5917ee03df0/current/raft-meta
2023-06-01 19:11:37,075 [fac1c7af-03c1-44bd-b323-3796df9c2435-impl-thread1] INFO  ratis.ContainerStateMachine (ContainerStateMachine.java:loadSnapshot(262)) - group-E89CD66131D1: The snapshot info is null. Setting the last applied indexto:(t:0, i:~)
2023-06-01 19:11:37,075 [fac1c7af-03c1-44bd-b323-3796df9c2435-impl-thread1] INFO  server.RaftServerConfigKeys (ConfUtils.java:logGet(46)) - raft.server.log.use.memory = false (default)
2023-06-01 19:11:37,075 [fac1c7af-03c1-44bd-b323-3796df9c2435-impl-thread1] INFO  server.RaftServerConfigKeys (ConfUtils.java:logGet(46)) - raft.server.log.purge.gap = 1000000 (custom)
2023-06-01 19:11:37,075 [fac1c7af-03c1-44bd-b323-3796df9c2435-impl-thread1] INFO  server.RaftServerConfigKeys (ConfUtils.java:logGet(46)) - raft.server.log.appender.buffer.byte-limit = 33554432 (custom)
2023-06-01 19:11:37,075 [fac1c7af-03c1-44bd-b323-3796df9c2435-impl-thread1] INFO  server.RaftServerConfigKeys (ConfUtils.java:logGet(46)) - raft.server.log.statemachine.data.read.timeout = 1000ms (default)
2023-06-01 19:11:37,075 [fac1c7af-03c1-44bd-b323-3796df9c2435-impl-thread1] INFO  server.RaftServerConfigKeys (ConfUtils.java:logGet(46)) - raft.server.log.purge.preservation.log.num = 0 (default)
2023-06-01 19:11:37,075 [fac1c7af-03c1-44bd-b323-3796df9c2435-impl-thread1] INFO  server.RaftServerConfigKeys (ConfUtils.java:logGet(46)) - raft.server.log.segment.size.max = 1048576 (custom)
2023-06-01 19:11:37,075 [fac1c7af-03c1-44bd-b323-3796df9c2435-impl-thread1] INFO  server.RaftServerConfigKeys (ConfUtils.java:logGet(46)) - raft.server.log.segment.cache.num.max = 2 (custom)
2023-06-01 19:11:37,075 [fac1c7af-03c1-44bd-b323-3796df9c2435-impl-thread1] INFO  server.RaftServerConfigKeys (ConfUtils.java:logGet(46)) - raft.server.log.segment.cache.size.max = 200MB (=209715200) (default)
2023-06-01 19:11:37,076 [fac1c7af-03c1-44bd-b323-3796df9c2435-impl-thread1] INFO  server.RaftServerConfigKeys (ConfUtils.java:logGet(46)) - raft.server.log.appender.buffer.byte-limit = 33554432 (custom)
2023-06-01 19:11:37,076 [fac1c7af-03c1-44bd-b323-3796df9c2435-impl-thread1] INFO  segmented.SegmentedRaftLogWorker (SegmentedRaftLogWorker.java:<init>(188)) - new fac1c7af-03c1-44bd-b323-3796df9c2435@group-E89CD66131D1-SegmentedRaftLogWorker for RaftStorageImpl:Storage Directory /home/runner/work/ozone/ozone/hadoop-ozone/integration-test/target/test-dir/MiniOzoneClusterImpl-59aba430-7466-43cf-ac60-ffcd1bd17169/datanode-0/data/ratis/ee6c0190-ec41-489e-8a9d-e89cd66131d1
2023-06-01 19:11:37,076 [fac1c7af-03c1-44bd-b323-3796df9c2435-impl-thread1] INFO  server.RaftServerConfigKeys (ConfUtils.java:logGet(46)) - raft.server.log.queue.byte-limit = 4294967296 (custom)
2023-06-01 19:11:37,076 [fac1c7af-03c1-44bd-b323-3796df9c2435-impl-thread1] INFO  server.RaftServerConfigKeys (ConfUtils.java:logGet(46)) - raft.server.log.queue.element-limit = 1024 (custom)
2023-06-01 19:11:37,076 [fac1c7af-03c1-44bd-b323-3796df9c2435-impl-thread1] INFO  server.RaftServerConfigKeys (ConfUtils.java:logGet(46)) - raft.server.log.segment.size.max = 1048576 (custom)
2023-06-01 19:11:37,076 [fac1c7af-03c1-44bd-b323-3796df9c2435-impl-thread1] INFO  server.RaftServerConfigKeys (ConfUtils.java:logGet(46)) - raft.server.log.preallocated.size = 16384 (custom)
2023-06-01 19:11:37,076 [fac1c7af-03c1-44bd-b323-3796df9c2435-impl-thread1] INFO  server.RaftServerConfigKeys (ConfUtils.java:logGet(46)) - raft.server.log.force.sync.num = 128 (default)
2023-06-01 19:11:37,076 [fac1c7af-03c1-44bd-b323-3796df9c2435-impl-thread1] INFO  server.RaftServerConfigKeys (ConfUtils.java:logGet(46)) - raft.server.log.statemachine.data.sync = true (default)
2023-06-01 19:11:37,076 [fac1c7af-03c1-44bd-b323-3796df9c2435-impl-thread3] INFO  ratis.ContainerStateMachine (ContainerStateMachine.java:loadSnapshot(262)) - group-AEB6F4C7E190: The snapshot info is null. Setting the last applied indexto:(t:0, i:~)
2023-06-01 19:11:37,076 [fac1c7af-03c1-44bd-b323-3796df9c2435-impl-thread1] INFO  server.RaftServerConfigKeys (ConfUtils.java:logGet(46)) - raft.server.log.statemachine.data.sync.timeout = 10s (default)
2023-06-01 19:11:37,076 [fac1c7af-03c1-44bd-b323-3796df9c2435-impl-thread3] INFO  server.RaftServerConfigKeys (ConfUtils.java:logGet(46)) - raft.server.log.use.memory = false (default)
2023-06-01 19:11:37,076 [fac1c7af-03c1-44bd-b323-3796df9c2435-impl-thread1] INFO  server.RaftServerConfigKeys (ConfUtils.java:logGet(46)) - raft.server.log.statemachine.data.sync.timeout.retry = -1 (default)
2023-06-01 19:11:37,076 [fac1c7af-03c1-44bd-b323-3796df9c2435-impl-thread3] INFO  server.RaftServerConfigKeys (ConfUtils.java:logGet(46)) - raft.server.log.purge.gap = 1000000 (custom)
2023-06-01 19:11:37,076 [fac1c7af-03c1-44bd-b323-3796df9c2435-impl-thread3] INFO  server.RaftServerConfigKeys (ConfUtils.java:logGet(46)) - raft.server.log.appender.buffer.byte-limit = 33554432 (custom)
2023-06-01 19:11:37,076 [fac1c7af-03c1-44bd-b323-3796df9c2435-impl-thread3] INFO  server.RaftServerConfigKeys (ConfUtils.java:logGet(46)) - raft.server.log.statemachine.data.read.timeout = 1000ms (default)
2023-06-01 19:11:37,076 [fac1c7af-03c1-44bd-b323-3796df9c2435-impl-thread3] INFO  server.RaftServerConfigKeys (ConfUtils.java:logGet(46)) - raft.server.log.purge.preservation.log.num = 0 (default)
2023-06-01 19:11:37,076 [fac1c7af-03c1-44bd-b323-3796df9c2435-impl-thread3] INFO  server.RaftServerConfigKeys (ConfUtils.java:logGet(46)) - raft.server.log.segment.size.max = 1048576 (custom)
2023-06-01 19:11:37,077 [fac1c7af-03c1-44bd-b323-3796df9c2435-impl-thread3] INFO  server.RaftServerConfigKeys (ConfUtils.java:logGet(46)) - raft.server.log.segment.cache.num.max = 2 (custom)
2023-06-01 19:11:37,077 [fac1c7af-03c1-44bd-b323-3796df9c2435-impl-thread3] INFO  server.RaftServerConfigKeys (ConfUtils.java:logGet(46)) - raft.server.log.segment.cache.size.max = 200MB (=209715200) (default)
2023-06-01 19:11:37,077 [fac1c7af-03c1-44bd-b323-3796df9c2435-impl-thread3] INFO  server.RaftServerConfigKeys (ConfUtils.java:logGet(46)) - raft.server.log.appender.buffer.byte-limit = 33554432 (custom)
2023-06-01 19:11:37,077 [fac1c7af-03c1-44bd-b323-3796df9c2435-impl-thread3] INFO  segmented.SegmentedRaftLogWorker (SegmentedRaftLogWorker.java:<init>(188)) - new fac1c7af-03c1-44bd-b323-3796df9c2435@group-AEB6F4C7E190-SegmentedRaftLogWorker for RaftStorageImpl:Storage Directory /home/runner/work/ozone/ozone/hadoop-ozone/integration-test/target/test-dir/MiniOzoneClusterImpl-59aba430-7466-43cf-ac60-ffcd1bd17169/datanode-0/data/ratis/793e092b-6040-4f80-b54d-aeb6f4c7e190
2023-06-01 19:11:37,077 [fac1c7af-03c1-44bd-b323-3796df9c2435-impl-thread3] INFO  server.RaftServerConfigKeys (ConfUtils.java:logGet(46)) - raft.server.log.queue.byte-limit = 4294967296 (custom)
2023-06-01 19:11:37,077 [fac1c7af-03c1-44bd-b323-3796df9c2435-impl-thread3] INFO  server.RaftServerConfigKeys (ConfUtils.java:logGet(46)) - raft.server.log.queue.element-limit = 1024 (custom)
2023-06-01 19:11:37,077 [fac1c7af-03c1-44bd-b323-3796df9c2435-impl-thread3] INFO  server.RaftServerConfigKeys (ConfUtils.java:logGet(46)) - raft.server.log.segment.size.max = 1048576 (custom)
2023-06-01 19:11:37,077 [fac1c7af-03c1-44bd-b323-3796df9c2435-impl-thread3] INFO  server.RaftServerConfigKeys (ConfUtils.java:logGet(46)) - raft.server.log.preallocated.size = 16384 (custom)
2023-06-01 19:11:37,077 [fac1c7af-03c1-44bd-b323-3796df9c2435-impl-thread3] INFO  server.RaftServerConfigKeys (ConfUtils.java:logGet(46)) - raft.server.log.force.sync.num = 128 (default)
2023-06-01 19:11:37,077 [fac1c7af-03c1-44bd-b323-3796df9c2435-impl-thread3] INFO  server.RaftServerConfigKeys (ConfUtils.java:logGet(46)) - raft.server.log.statemachine.data.sync = true (default)
2023-06-01 19:11:37,077 [fac1c7af-03c1-44bd-b323-3796df9c2435-impl-thread3] INFO  server.RaftServerConfigKeys (ConfUtils.java:logGet(46)) - raft.server.log.statemachine.data.sync.timeout = 10s (default)
2023-06-01 19:11:37,077 [fac1c7af-03c1-44bd-b323-3796df9c2435-impl-thread3] INFO  server.RaftServerConfigKeys (ConfUtils.java:logGet(46)) - raft.server.log.statemachine.data.sync.timeout.retry = -1 (default)
2023-06-01 19:11:37,078 [fac1c7af-03c1-44bd-b323-3796df9c2435-impl-thread3] INFO  server.RaftServerConfigKeys (ConfUtils.java:logGet(46)) - raft.server.log.write.buffer.size = 1048576 (custom)
2023-06-01 19:11:37,078 [fac1c7af-03c1-44bd-b323-3796df9c2435-impl-thread3] INFO  server.RaftServerConfigKeys (ConfUtils.java:logGet(46)) - raft.server.log.appender.buffer.byte-limit = 33554432 (custom)
2023-06-01 19:11:37,083 [fac1c7af-03c1-44bd-b323-3796df9c2435-impl-thread2] INFO  server.RaftServer$Division (ServerState.java:setRaftConf(434)) - fac1c7af-03c1-44bd-b323-3796df9c2435@group-C5917EE03DF0: set configuration 0: peers:[fac1c7af-03c1-44bd-b323-3796df9c2435|rpc:10.1.0.196:15014|admin:10.1.0.196:15013|client:10.1.0.196:15012|dataStream:10.1.0.196:15015|priority:1|startupRole:FOLLOWER]|listeners:[], old=null
2023-06-01 19:11:37,085 [fac1c7af-03c1-44bd-b323-3796df9c2435-impl-thread2] INFO  ratis.ContainerStateMachine (ContainerStateMachine.java:loadSnapshot(271)) - group-C5917EE03DF0: Setting the last applied index to (t:1, i:0)
2023-06-01 19:11:37,085 [fac1c7af-03c1-44bd-b323-3796df9c2435-impl-thread2] INFO  server.RaftServerConfigKeys (ConfUtils.java:logGet(46)) - raft.server.log.use.memory = false (default)
2023-06-01 19:11:37,085 [fac1c7af-03c1-44bd-b323-3796df9c2435-impl-thread2] INFO  server.RaftServerConfigKeys (ConfUtils.java:logGet(46)) - raft.server.log.purge.gap = 1000000 (custom)
2023-06-01 19:11:37,086 [fac1c7af-03c1-44bd-b323-3796df9c2435-impl-thread2] INFO  server.RaftServerConfigKeys (ConfUtils.java:logGet(46)) - raft.server.log.appender.buffer.byte-limit = 33554432 (custom)
2023-06-01 19:11:37,086 [fac1c7af-03c1-44bd-b323-3796df9c2435-impl-thread2] INFO  server.RaftServerConfigKeys (ConfUtils.java:logGet(46)) - raft.server.log.statemachine.data.read.timeout = 1000ms (default)
2023-06-01 19:11:37,086 [fac1c7af-03c1-44bd-b323-3796df9c2435-impl-thread2] INFO  server.RaftServerConfigKeys (ConfUtils.java:logGet(46)) - raft.server.log.purge.preservation.log.num = 0 (default)
2023-06-01 19:11:37,086 [fac1c7af-03c1-44bd-b323-3796df9c2435-impl-thread2] INFO  server.RaftServerConfigKeys (ConfUtils.java:logGet(46)) - raft.server.log.segment.size.max = 1048576 (custom)
2023-06-01 19:11:37,086 [fac1c7af-03c1-44bd-b323-3796df9c2435-impl-thread2] INFO  server.RaftServerConfigKeys (ConfUtils.java:logGet(46)) - raft.server.log.segment.cache.num.max = 2 (custom)
2023-06-01 19:11:37,086 [fac1c7af-03c1-44bd-b323-3796df9c2435-impl-thread2] INFO  server.RaftServerConfigKeys (ConfUtils.java:logGet(46)) - raft.server.log.segment.cache.size.max = 200MB (=209715200) (default)
2023-06-01 19:11:37,086 [fac1c7af-03c1-44bd-b323-3796df9c2435-impl-thread2] INFO  server.RaftServerConfigKeys (ConfUtils.java:logGet(46)) - raft.server.log.appender.buffer.byte-limit = 33554432 (custom)
2023-06-01 19:11:37,086 [fac1c7af-03c1-44bd-b323-3796df9c2435-impl-thread2] INFO  segmented.SegmentedRaftLogWorker (SegmentedRaftLogWorker.java:<init>(188)) - new fac1c7af-03c1-44bd-b323-3796df9c2435@group-C5917EE03DF0-SegmentedRaftLogWorker for RaftStorageImpl:Storage Directory /home/runner/work/ozone/ozone/hadoop-ozone/integration-test/target/test-dir/MiniOzoneClusterImpl-59aba430-7466-43cf-ac60-ffcd1bd17169/datanode-0/data/ratis/955c3877-b1c3-4600-b43f-c5917ee03df0
2023-06-01 19:11:37,086 [fac1c7af-03c1-44bd-b323-3796df9c2435-impl-thread2] INFO  server.RaftServerConfigKeys (ConfUtils.java:logGet(46)) - raft.server.log.queue.byte-limit = 4294967296 (custom)
2023-06-01 19:11:37,086 [fac1c7af-03c1-44bd-b323-3796df9c2435-impl-thread2] INFO  server.RaftServerConfigKeys (ConfUtils.java:logGet(46)) - raft.server.log.queue.element-limit = 1024 (custom)
2023-06-01 19:11:37,086 [fac1c7af-03c1-44bd-b323-3796df9c2435-impl-thread2] INFO  server.RaftServerConfigKeys (ConfUtils.java:logGet(46)) - raft.server.log.segment.size.max = 1048576 (custom)
2023-06-01 19:11:37,086 [fac1c7af-03c1-44bd-b323-3796df9c2435-impl-thread2] INFO  server.RaftServerConfigKeys (ConfUtils.java:logGet(46)) - raft.server.log.preallocated.size = 16384 (custom)
2023-06-01 19:11:37,086 [fac1c7af-03c1-44bd-b323-3796df9c2435-impl-thread2] INFO  server.RaftServerConfigKeys (ConfUtils.java:logGet(46)) - raft.server.log.force.sync.num = 128 (default)
2023-06-01 19:11:37,086 [fac1c7af-03c1-44bd-b323-3796df9c2435-impl-thread2] INFO  server.RaftServerConfigKeys (ConfUtils.java:logGet(46)) - raft.server.log.statemachine.data.sync = true (default)
2023-06-01 19:11:37,087 [fac1c7af-03c1-44bd-b323-3796df9c2435-impl-thread2] INFO  server.RaftServerConfigKeys (ConfUtils.java:logGet(46)) - raft.server.log.statemachine.data.sync.timeout = 10s (default)
2023-06-01 19:11:37,087 [fac1c7af-03c1-44bd-b323-3796df9c2435-impl-thread2] INFO  server.RaftServerConfigKeys (ConfUtils.java:logGet(46)) - raft.server.log.statemachine.data.sync.timeout.retry = -1 (default)
2023-06-01 19:11:37,087 [fac1c7af-03c1-44bd-b323-3796df9c2435-impl-thread3] INFO  server.RaftServerConfigKeys (ConfUtils.java:logGet(46)) - raft.server.log.unsafe-flush.enabled = false (default)
2023-06-01 19:11:37,087 [fac1c7af-03c1-44bd-b323-3796df9c2435-impl-thread3] INFO  server.RaftServerConfigKeys (ConfUtils.java:logGet(46)) - raft.server.log.async-flush.enabled = false (default)
2023-06-01 19:11:37,087 [fac1c7af-03c1-44bd-b323-3796df9c2435-impl-thread3] INFO  server.RaftServerConfigKeys (ConfUtils.java:logGet(46)) - raft.server.log.statemachine.data.caching.enabled = true (custom)
2023-06-01 19:11:37,089 [fac1c7af-03c1-44bd-b323-3796df9c2435-impl-thread1] INFO  server.RaftServerConfigKeys (ConfUtils.java:logGet(46)) - raft.server.log.write.buffer.size = 1048576 (custom)
2023-06-01 19:11:37,089 [fac1c7af-03c1-44bd-b323-3796df9c2435-impl-thread2] INFO  server.RaftServerConfigKeys (ConfUtils.java:logGet(46)) - raft.server.log.write.buffer.size = 1048576 (custom)
2023-06-01 19:11:37,089 [fac1c7af-03c1-44bd-b323-3796df9c2435-impl-thread1] INFO  server.RaftServerConfigKeys (ConfUtils.java:logGet(46)) - raft.server.log.appender.buffer.byte-limit = 33554432 (custom)
2023-06-01 19:11:37,089 [fac1c7af-03c1-44bd-b323-3796df9c2435-impl-thread2] INFO  server.RaftServerConfigKeys (ConfUtils.java:logGet(46)) - raft.server.log.appender.buffer.byte-limit = 33554432 (custom)
2023-06-01 19:11:37,093 [fac1c7af-03c1-44bd-b323-3796df9c2435-impl-thread2] INFO  server.RaftServerConfigKeys (ConfUtils.java:logGet(46)) - raft.server.log.unsafe-flush.enabled = false (default)
2023-06-01 19:11:37,093 [fac1c7af-03c1-44bd-b323-3796df9c2435-impl-thread2] INFO  server.RaftServerConfigKeys (ConfUtils.java:logGet(46)) - raft.server.log.async-flush.enabled = false (default)
2023-06-01 19:11:37,093 [fac1c7af-03c1-44bd-b323-3796df9c2435-impl-thread2] INFO  server.RaftServerConfigKeys (ConfUtils.java:logGet(46)) - raft.server.log.statemachine.data.caching.enabled = true (custom)
2023-06-01 19:11:37,094 [fac1c7af-03c1-44bd-b323-3796df9c2435-impl-thread1] INFO  server.RaftServerConfigKeys (ConfUtils.java:logGet(46)) - raft.server.log.unsafe-flush.enabled = false (default)
2023-06-01 19:11:37,094 [fac1c7af-03c1-44bd-b323-3796df9c2435-impl-thread1] INFO  server.RaftServerConfigKeys (ConfUtils.java:logGet(46)) - raft.server.log.async-flush.enabled = false (default)
2023-06-01 19:11:37,094 [fac1c7af-03c1-44bd-b323-3796df9c2435-impl-thread1] INFO  server.RaftServerConfigKeys (ConfUtils.java:logGet(46)) - raft.server.log.statemachine.data.caching.enabled = true (custom)
2023-06-01 19:11:37,100 [fac1c7af-03c1-44bd-b323-3796df9c2435-impl-thread2] INFO  server.RaftServer$Division (ServerState.java:setRaftConf(434)) - fac1c7af-03c1-44bd-b323-3796df9c2435@group-C5917EE03DF0: set configuration 0: peers:[fac1c7af-03c1-44bd-b323-3796df9c2435|rpc:10.1.0.196:15014|admin:10.1.0.196:15013|client:10.1.0.196:15012|dataStream:10.1.0.196:15015|priority:1|startupRole:FOLLOWER]|listeners:[], old=null
2023-06-01 19:11:37,100 [fac1c7af-03c1-44bd-b323-3796df9c2435-impl-thread3] INFO  server.RaftServer$Division (ServerState.java:setRaftConf(434)) - fac1c7af-03c1-44bd-b323-3796df9c2435@group-AEB6F4C7E190: set configuration 0: peers:[d78dd883-3e4c-45aa-98b2-e8ffdf2e22af|rpc:10.1.0.196:15032|admin:10.1.0.196:15031|client:10.1.0.196:15030|dataStream:10.1.0.196:15033|priority:1|startupRole:FOLLOWER, c686f304-079c-4e24-9d21-fd4c36dc1242|rpc:10.1.0.196:15023|admin:10.1.0.196:15022|client:10.1.0.196:15021|dataStream:10.1.0.196:15024|priority:0|startupRole:FOLLOWER, fac1c7af-03c1-44bd-b323-3796df9c2435|rpc:10.1.0.196:15014|admin:10.1.0.196:15013|client:10.1.0.196:15012|dataStream:10.1.0.196:15015|priority:0|startupRole:FOLLOWER]|listeners:[], old=null
2023-06-01 19:11:37,100 [fac1c7af-03c1-44bd-b323-3796df9c2435-impl-thread3] INFO  segmented.LogSegment (LogSegment.java:loadSegment(170)) - Successfully read 1 entries from segment file /home/runner/work/ozone/ozone/hadoop-ozone/integration-test/target/test-dir/MiniOzoneClusterImpl-59aba430-7466-43cf-ac60-ffcd1bd17169/datanode-0/data/ratis/793e092b-6040-4f80-b54d-aeb6f4c7e190/current/log_inprogress_0
2023-06-01 19:11:37,100 [fac1c7af-03c1-44bd-b323-3796df9c2435-impl-thread3] INFO  segmented.SegmentedRaftLogWorker (SegmentedRaftLogWorker.java:lambda$new$0(135)) - fac1c7af-03c1-44bd-b323-3796df9c2435@group-AEB6F4C7E190-SegmentedRaftLogWorker: safeCacheEvictIndex: setUnconditionally 0 -> -1
2023-06-01 19:11:37,100 [fac1c7af-03c1-44bd-b323-3796df9c2435-impl-thread2] INFO  segmented.LogSegment (LogSegment.java:loadSegment(170)) - Successfully read 1 entries from segment file /home/runner/work/ozone/ozone/hadoop-ozone/integration-test/target/test-dir/MiniOzoneClusterImpl-59aba430-7466-43cf-ac60-ffcd1bd17169/datanode-0/data/ratis/955c3877-b1c3-4600-b43f-c5917ee03df0/current/log_inprogress_0
2023-06-01 19:11:37,102 [fac1c7af-03c1-44bd-b323-3796df9c2435-impl-thread2] INFO  segmented.SegmentedRaftLogWorker (SegmentedRaftLogWorker.java:lambda$new$0(135)) - fac1c7af-03c1-44bd-b323-3796df9c2435@group-C5917EE03DF0-SegmentedRaftLogWorker: safeCacheEvictIndex: setUnconditionally 0 -> -1
2023-06-01 19:11:37,100 [fac1c7af-03c1-44bd-b323-3796df9c2435-impl-thread1] INFO  server.RaftServer$Division (ServerState.java:setRaftConf(434)) - fac1c7af-03c1-44bd-b323-3796df9c2435@group-E89CD66131D1: set configuration 0: peers:[d78dd883-3e4c-45aa-98b2-e8ffdf2e22af|rpc:10.1.0.196:15032|admin:10.1.0.196:15031|client:10.1.0.196:15030|dataStream:10.1.0.196:15033|priority:0|startupRole:FOLLOWER, fac1c7af-03c1-44bd-b323-3796df9c2435|rpc:10.1.0.196:15014|admin:10.1.0.196:15013|client:10.1.0.196:15012|dataStream:10.1.0.196:15015|priority:0|startupRole:FOLLOWER, c686f304-079c-4e24-9d21-fd4c36dc1242|rpc:10.1.0.196:15023|admin:10.1.0.196:15022|client:10.1.0.196:15021|dataStream:10.1.0.196:15024|priority:1|startupRole:FOLLOWER]|listeners:[], old=null
2023-06-01 19:11:37,102 [fac1c7af-03c1-44bd-b323-3796df9c2435-impl-thread1] INFO  segmented.LogSegment (LogSegment.java:loadSegment(170)) - Successfully read 1 entries from segment file /home/runner/work/ozone/ozone/hadoop-ozone/integration-test/target/test-dir/MiniOzoneClusterImpl-59aba430-7466-43cf-ac60-ffcd1bd17169/datanode-0/data/ratis/ee6c0190-ec41-489e-8a9d-e89cd66131d1/current/log_inprogress_0
2023-06-01 19:11:37,102 [fac1c7af-03c1-44bd-b323-3796df9c2435-impl-thread1] INFO  segmented.SegmentedRaftLogWorker (SegmentedRaftLogWorker.java:lambda$new$0(135)) - fac1c7af-03c1-44bd-b323-3796df9c2435@group-E89CD66131D1-SegmentedRaftLogWorker: safeCacheEvictIndex: setUnconditionally 0 -> -1
2023-06-01 19:11:37,102 [fac1c7af-03c1-44bd-b323-3796df9c2435-impl-thread3] INFO  server.RaftServer$Division (RaftServerImpl.java:start(342)) - fac1c7af-03c1-44bd-b323-3796df9c2435@group-AEB6F4C7E190: start as a follower, conf=0: peers:[d78dd883-3e4c-45aa-98b2-e8ffdf2e22af|rpc:10.1.0.196:15032|admin:10.1.0.196:15031|client:10.1.0.196:15030|dataStream:10.1.0.196:15033|priority:1|startupRole:FOLLOWER, c686f304-079c-4e24-9d21-fd4c36dc1242|rpc:10.1.0.196:15023|admin:10.1.0.196:15022|client:10.1.0.196:15021|dataStream:10.1.0.196:15024|priority:0|startupRole:FOLLOWER, fac1c7af-03c1-44bd-b323-3796df9c2435|rpc:10.1.0.196:15014|admin:10.1.0.196:15013|client:10.1.0.196:15012|dataStream:10.1.0.196:15015|priority:0|startupRole:FOLLOWER]|listeners:[], old=null
2023-06-01 19:11:37,103 [fac1c7af-03c1-44bd-b323-3796df9c2435-impl-thread3] INFO  server.RaftServer$Division (RaftServerImpl.java:setRole(329)) - fac1c7af-03c1-44bd-b323-3796df9c2435@group-AEB6F4C7E190: changes role from      null to FOLLOWER at term 1 for startAsFollower
2023-06-01 19:11:37,103 [fac1c7af-03c1-44bd-b323-3796df9c2435-impl-thread3] INFO  impl.RoleInfo (RoleInfo.java:updateAndGet(139)) - fac1c7af-03c1-44bd-b323-3796df9c2435: start fac1c7af-03c1-44bd-b323-3796df9c2435@group-AEB6F4C7E190-FollowerState
2023-06-01 19:11:37,103 [fac1c7af-03c1-44bd-b323-3796df9c2435@group-AEB6F4C7E190-FollowerState] INFO  server.RaftServerConfigKeys (ConfUtils.java:logFallback(53)) - raft.server.rpc.first-election.timeout.min = 5s (fallback to raft.server.rpc.timeout.min)
2023-06-01 19:11:37,103 [fac1c7af-03c1-44bd-b323-3796df9c2435-impl-thread3] INFO  util.JmxRegister (JmxRegister.java:tryRegister(44)) - Successfully registered JMX Bean with object name Ratis:service=RaftServer,group=group-AEB6F4C7E190,id=fac1c7af-03c1-44bd-b323-3796df9c2435
2023-06-01 19:11:37,103 [fac1c7af-03c1-44bd-b323-3796df9c2435@group-AEB6F4C7E190-FollowerState] INFO  server.RaftServerConfigKeys (ConfUtils.java:logFallback(53)) - raft.server.rpc.first-election.timeout.max = 5200ms (fallback to raft.server.rpc.timeout.max)
2023-06-01 19:11:37,103 [fac1c7af-03c1-44bd-b323-3796df9c2435-impl-thread3] INFO  server.RaftServerConfigKeys (ConfUtils.java:logGet(46)) - raft.server.snapshot.auto.trigger.enabled = true (custom)
2023-06-01 19:11:37,103 [fac1c7af-03c1-44bd-b323-3796df9c2435-impl-thread3] INFO  server.RaftServerConfigKeys (ConfUtils.java:logGet(46)) - raft.server.snapshot.auto.trigger.threshold = 10000 (custom)
2023-06-01 19:11:37,103 [fac1c7af-03c1-44bd-b323-3796df9c2435-impl-thread3] INFO  server.RaftServerConfigKeys (ConfUtils.java:logGet(46)) - raft.server.snapshot.retention.file.num = 5 (custom)
2023-06-01 19:11:37,103 [fac1c7af-03c1-44bd-b323-3796df9c2435-impl-thread3] INFO  server.RaftServerConfigKeys (ConfUtils.java:logGet(46)) - raft.server.log.purge.upto.snapshot.index = false (default)
2023-06-01 19:11:37,104 [fac1c7af-03c1-44bd-b323-3796df9c2435-impl-thread1] INFO  server.RaftServer$Division (RaftServerImpl.java:start(342)) - fac1c7af-03c1-44bd-b323-3796df9c2435@group-E89CD66131D1: start as a follower, conf=0: peers:[d78dd883-3e4c-45aa-98b2-e8ffdf2e22af|rpc:10.1.0.196:15032|admin:10.1.0.196:15031|client:10.1.0.196:15030|dataStream:10.1.0.196:15033|priority:0|startupRole:FOLLOWER, fac1c7af-03c1-44bd-b323-3796df9c2435|rpc:10.1.0.196:15014|admin:10.1.0.196:15013|client:10.1.0.196:15012|dataStream:10.1.0.196:15015|priority:0|startupRole:FOLLOWER, c686f304-079c-4e24-9d21-fd4c36dc1242|rpc:10.1.0.196:15023|admin:10.1.0.196:15022|client:10.1.0.196:15021|dataStream:10.1.0.196:15024|priority:1|startupRole:FOLLOWER]|listeners:[], old=null
2023-06-01 19:11:37,104 [fac1c7af-03c1-44bd-b323-3796df9c2435-impl-thread1] INFO  server.RaftServer$Division (RaftServerImpl.java:setRole(329)) - fac1c7af-03c1-44bd-b323-3796df9c2435@group-E89CD66131D1: changes role from      null to FOLLOWER at term 1 for startAsFollower
2023-06-01 19:11:37,104 [fac1c7af-03c1-44bd-b323-3796df9c2435-impl-thread1] INFO  impl.RoleInfo (RoleInfo.java:updateAndGet(139)) - fac1c7af-03c1-44bd-b323-3796df9c2435: start fac1c7af-03c1-44bd-b323-3796df9c2435@group-E89CD66131D1-FollowerState
2023-06-01 19:11:37,104 [fac1c7af-03c1-44bd-b323-3796df9c2435-impl-thread1] INFO  util.JmxRegister (JmxRegister.java:tryRegister(44)) - Successfully registered JMX Bean with object name Ratis:service=RaftServer,group=group-E89CD66131D1,id=fac1c7af-03c1-44bd-b323-3796df9c2435
2023-06-01 19:11:37,104 [fac1c7af-03c1-44bd-b323-3796df9c2435-impl-thread1] INFO  server.RaftServerConfigKeys (ConfUtils.java:logGet(46)) - raft.server.snapshot.auto.trigger.enabled = true (custom)
2023-06-01 19:11:37,104 [fac1c7af-03c1-44bd-b323-3796df9c2435-impl-thread1] INFO  server.RaftServerConfigKeys (ConfUtils.java:logGet(46)) - raft.server.snapshot.auto.trigger.threshold = 10000 (custom)
2023-06-01 19:11:37,104 [fac1c7af-03c1-44bd-b323-3796df9c2435-impl-thread1] INFO  server.RaftServerConfigKeys (ConfUtils.java:logGet(46)) - raft.server.snapshot.retention.file.num = 5 (custom)
2023-06-01 19:11:37,104 [fac1c7af-03c1-44bd-b323-3796df9c2435-impl-thread1] INFO  server.RaftServerConfigKeys (ConfUtils.java:logGet(46)) - raft.server.log.purge.upto.snapshot.index = false (default)
2023-06-01 19:11:37,104 [fac1c7af-03c1-44bd-b323-3796df9c2435@group-E89CD66131D1-FollowerState] INFO  server.RaftServerConfigKeys (ConfUtils.java:logFallback(53)) - raft.server.rpc.first-election.timeout.min = 5s (fallback to raft.server.rpc.timeout.min)
2023-06-01 19:11:37,105 [fac1c7af-03c1-44bd-b323-3796df9c2435@group-E89CD66131D1-FollowerState] INFO  server.RaftServerConfigKeys (ConfUtils.java:logFallback(53)) - raft.server.rpc.first-election.timeout.max = 5200ms (fallback to raft.server.rpc.timeout.max)
2023-06-01 19:11:37,114 [fac1c7af-03c1-44bd-b323-3796df9c2435-impl-thread2] INFO  server.RaftServer$Division (RaftServerImpl.java:start(342)) - fac1c7af-03c1-44bd-b323-3796df9c2435@group-C5917EE03DF0: start as a follower, conf=0: peers:[fac1c7af-03c1-44bd-b323-3796df9c2435|rpc:10.1.0.196:15014|admin:10.1.0.196:15013|client:10.1.0.196:15012|dataStream:10.1.0.196:15015|priority:1|startupRole:FOLLOWER]|listeners:[], old=null
2023-06-01 19:11:37,114 [fac1c7af-03c1-44bd-b323-3796df9c2435-impl-thread2] INFO  server.RaftServer$Division (RaftServerImpl.java:setRole(329)) - fac1c7af-03c1-44bd-b323-3796df9c2435@group-C5917EE03DF0: changes role from      null to FOLLOWER at term 1 for startAsFollower
2023-06-01 19:11:37,114 [fac1c7af-03c1-44bd-b323-3796df9c2435-impl-thread2] INFO  impl.RoleInfo (RoleInfo.java:updateAndGet(139)) - fac1c7af-03c1-44bd-b323-3796df9c2435: start fac1c7af-03c1-44bd-b323-3796df9c2435@group-C5917EE03DF0-FollowerState
2023-06-01 19:11:37,114 [fac1c7af-03c1-44bd-b323-3796df9c2435-impl-thread2] INFO  util.JmxRegister (JmxRegister.java:tryRegister(44)) - Successfully registered JMX Bean with object name Ratis:service=RaftServer,group=group-C5917EE03DF0,id=fac1c7af-03c1-44bd-b323-3796df9c2435
2023-06-01 19:11:37,115 [fac1c7af-03c1-44bd-b323-3796df9c2435-impl-thread2] INFO  server.RaftServerConfigKeys (ConfUtils.java:logGet(46)) - raft.server.snapshot.auto.trigger.enabled = true (custom)
2023-06-01 19:11:37,115 [fac1c7af-03c1-44bd-b323-3796df9c2435-impl-thread2] INFO  server.RaftServerConfigKeys (ConfUtils.java:logGet(46)) - raft.server.snapshot.auto.trigger.threshold = 10000 (custom)
2023-06-01 19:11:37,115 [fac1c7af-03c1-44bd-b323-3796df9c2435-impl-thread2] INFO  server.RaftServerConfigKeys (ConfUtils.java:logGet(46)) - raft.server.snapshot.retention.file.num = 5 (custom)
2023-06-01 19:11:37,115 [fac1c7af-03c1-44bd-b323-3796df9c2435-impl-thread2] INFO  server.RaftServerConfigKeys (ConfUtils.java:logGet(46)) - raft.server.log.purge.upto.snapshot.index = false (default)
2023-06-01 19:11:37,116 [fac1c7af-03c1-44bd-b323-3796df9c2435@group-C5917EE03DF0-FollowerState] INFO  server.RaftServerConfigKeys (ConfUtils.java:logFallback(53)) - raft.server.rpc.first-election.timeout.min = 5s (fallback to raft.server.rpc.timeout.min)
2023-06-01 19:11:37,116 [fac1c7af-03c1-44bd-b323-3796df9c2435@group-C5917EE03DF0-FollowerState] INFO  server.RaftServerConfigKeys (ConfUtils.java:logFallback(53)) - raft.server.rpc.first-election.timeout.max = 5200ms (fallback to raft.server.rpc.timeout.max)
2023-06-01 19:11:37,118 [EndpointStateMachine task thread for /0.0.0.0:15002 - 0 ] INFO  server.RaftServer (RaftServerProxy.java:startImpl(400)) - fac1c7af-03c1-44bd-b323-3796df9c2435: start RPC server
2023-06-01 19:11:37,119 [EndpointStateMachine task thread for /0.0.0.0:15002 - 0 ] INFO  server.GrpcService (GrpcService.java:startImpl(302)) - fac1c7af-03c1-44bd-b323-3796df9c2435: GrpcService started, listening on 15012
2023-06-01 19:11:37,119 [EndpointStateMachine task thread for /0.0.0.0:15002 - 0 ] INFO  server.GrpcService (GrpcService.java:startImpl(302)) - fac1c7af-03c1-44bd-b323-3796df9c2435: GrpcService started, listening on 15014
2023-06-01 19:11:37,120 [EndpointStateMachine task thread for /0.0.0.0:15002 - 0 ] INFO  server.GrpcService (GrpcService.java:startImpl(302)) - fac1c7af-03c1-44bd-b323-3796df9c2435: GrpcService started, listening on 15013
2023-06-01 19:11:37,122 [EndpointStateMachine task thread for /0.0.0.0:15002 - 0 ] INFO  ratis.XceiverServerRatis (XceiverServerRatis.java:getRealPort(543)) - XceiverServerRatis fac1c7af-03c1-44bd-b323-3796df9c2435 is started using port 15012 for RATIS
2023-06-01 19:11:37,122 [EndpointStateMachine task thread for /0.0.0.0:15002 - 0 ] INFO  ratis.XceiverServerRatis (XceiverServerRatis.java:getRealPort(543)) - XceiverServerRatis fac1c7af-03c1-44bd-b323-3796df9c2435 is started using port 15013 for RATIS_ADMIN
2023-06-01 19:11:37,122 [EndpointStateMachine task thread for /0.0.0.0:15002 - 0 ] INFO  ratis.XceiverServerRatis (XceiverServerRatis.java:getRealPort(543)) - XceiverServerRatis fac1c7af-03c1-44bd-b323-3796df9c2435 is started using port 15014 for RATIS_SERVER
2023-06-01 19:11:37,122 [EndpointStateMachine task thread for /0.0.0.0:15002 - 0 ] INFO  ratis.XceiverServerRatis (XceiverServerRatis.java:getRealPort(543)) - XceiverServerRatis fac1c7af-03c1-44bd-b323-3796df9c2435 is started using port 15015 for RATIS_DATASTREAM
2023-06-01 19:11:37,123 [JvmPauseMonitor11] INFO  util.JvmPauseMonitor (JvmPauseMonitor.java:run(103)) - JvmPauseMonitor-fac1c7af-03c1-44bd-b323-3796df9c2435: Started
2023-06-01 19:11:37,124 [BlockDeletingService#0] INFO  interfaces.ContainerDeletionChoosingPolicyTemplate (ContainerDeletionChoosingPolicyTemplate.java:chooseContainerForBlockDeletion(83)) - Chosen 0/5000 blocks from 0 candidate containers.
2023-06-01 19:11:38,054 [main] INFO  ozone.MiniOzoneClusterImpl (MiniOzoneClusterImpl.java:lambda$waitForClusterToBeReady$0(222)) - Waiting for nodes to be ready. Got 9 of 10 DN Heartbeats.
2023-06-01 19:11:38,055 [main] INFO  ozone.MiniOzoneClusterImpl (MiniOzoneClusterImpl.java:lambda$waitForClusterToBeReady$0(225)) - Cluster exits safe mode
2023-06-01 19:11:38,055 [main] INFO  ozone.MiniOzoneClusterImpl (MiniOzoneClusterImpl.java:lambda$waitForClusterToBeReady$0(227)) - SCM became leader
2023-06-01 19:11:39,055 [main] INFO  ozone.MiniOzoneClusterImpl (MiniOzoneClusterImpl.java:lambda$waitForClusterToBeReady$0(222)) - Waiting for nodes to be ready. Got 9 of 10 DN Heartbeats.
2023-06-01 19:11:39,055 [main] INFO  ozone.MiniOzoneClusterImpl (MiniOzoneClusterImpl.java:lambda$waitForClusterToBeReady$0(225)) - Cluster exits safe mode
2023-06-01 19:11:39,055 [main] INFO  ozone.MiniOzoneClusterImpl (MiniOzoneClusterImpl.java:lambda$waitForClusterToBeReady$0(227)) - SCM became leader
2023-06-01 19:11:39,096 [EventQueue-PipelineReportForPipelineReportHandler] INFO  pipeline.PipelineReportHandler (PipelineReportHandler.java:processPipelineReport(115)) - Reported pipeline PipelineID=ee6c0190-ec41-489e-8a9d-e89cd66131d1 is not found
2023-06-01 19:11:39,096 [EventQueue-PipelineReportForPipelineReportHandler] INFO  pipeline.PipelineReportHandler (PipelineReportHandler.java:processPipelineReport(115)) - Reported pipeline PipelineID=955c3877-b1c3-4600-b43f-c5917ee03df0 is not found
2023-06-01 19:11:39,096 [EventQueue-PipelineReportForPipelineReportHandler] INFO  pipeline.PipelineReportHandler (PipelineReportHandler.java:processPipelineReport(115)) - Reported pipeline PipelineID=793e092b-6040-4f80-b54d-aeb6f4c7e190 is not found
2023-06-01 19:11:40,056 [main] INFO  ozone.MiniOzoneClusterImpl (MiniOzoneClusterImpl.java:lambda$waitForClusterToBeReady$0(222)) - Waiting for nodes to be ready. Got 9 of 10 DN Heartbeats.
2023-06-01 19:11:40,056 [main] INFO  ozone.MiniOzoneClusterImpl (MiniOzoneClusterImpl.java:lambda$waitForClusterToBeReady$0(225)) - Cluster exits safe mode
2023-06-01 19:11:40,056 [main] INFO  ozone.MiniOzoneClusterImpl (MiniOzoneClusterImpl.java:lambda$waitForClusterToBeReady$0(227)) - SCM became leader
2023-06-01 19:11:41,056 [main] INFO  ozone.MiniOzoneClusterImpl (MiniOzoneClusterImpl.java:lambda$waitForClusterToBeReady$0(222)) - Waiting for nodes to be ready. Got 9 of 10 DN Heartbeats.
2023-06-01 19:11:41,056 [main] INFO  ozone.MiniOzoneClusterImpl (MiniOzoneClusterImpl.java:lambda$waitForClusterToBeReady$0(225)) - Cluster exits safe mode
2023-06-01 19:11:41,056 [main] INFO  ozone.MiniOzoneClusterImpl (MiniOzoneClusterImpl.java:lambda$waitForClusterToBeReady$0(227)) - SCM became leader
2023-06-01 19:11:41,088 [EventQueue-PipelineReportForPipelineReportHandler] INFO  pipeline.PipelineReportHandler (PipelineReportHandler.java:processPipelineReport(115)) - Reported pipeline PipelineID=ee6c0190-ec41-489e-8a9d-e89cd66131d1 is not found
2023-06-01 19:11:41,088 [EventQueue-PipelineReportForPipelineReportHandler] INFO  pipeline.PipelineReportHandler (PipelineReportHandler.java:processPipelineReport(115)) - Reported pipeline PipelineID=955c3877-b1c3-4600-b43f-c5917ee03df0 is not found
2023-06-01 19:11:41,088 [EventQueue-PipelineReportForPipelineReportHandler] INFO  pipeline.PipelineReportHandler (PipelineReportHandler.java:processPipelineReport(115)) - Reported pipeline PipelineID=793e092b-6040-4f80-b54d-aeb6f4c7e190 is not found
2023-06-01 19:11:41,159 [EventQueue-HealthyReadonlyNodeForHealthyReadOnlyNodeHandler] INFO  node.HealthyReadOnlyNodeHandler (HealthyReadOnlyNodeHandler.java:onMessage(56)) - Datanode fac1c7af-03c1-44bd-b323-3796df9c2435(fv-az163-187.kzyshwy3mise5klwsllqwzgzyb.cx.internal.cloudapp.net/10.1.0.196) moved to HEALTHY READONLY state.
2023-06-01 19:11:41,160 [EventQueue-HealthyReadonlyNodeForHealthyReadOnlyNodeHandler] INFO  net.NetworkTopologyImpl (NetworkTopologyImpl.java:add(112)) - Added a new node: /default-rack/fac1c7af-03c1-44bd-b323-3796df9c2435
2023-06-01 19:11:41,260 [EventQueue-HealthyReadonlyToHealthyNodeForReadOnlyHealthyToHealthyNodeHandler] INFO  node.ReadOnlyHealthyToHealthyNodeHandler (ReadOnlyHealthyToHealthyNodeHandler.java:onMessage(51)) - Datanode fac1c7af-03c1-44bd-b323-3796df9c2435(fv-az163-187.kzyshwy3mise5klwsllqwzgzyb.cx.internal.cloudapp.net/10.1.0.196) moved to HEALTHY state.
2023-06-01 19:11:41,260 [EventQueue-HealthyReadonlyToHealthyNodeForReadOnlyHealthyToHealthyNodeHandler] INFO  pipeline.BackgroundPipelineCreator (BackgroundPipelineCreator.java:notifyEventTriggered(276)) - trigger a one-shot run on RatisPipelineUtilsThread.
2023-06-01 19:11:41,260 [RatisPipelineUtilsThread - 0] INFO  pipeline.RatisPipelineProvider (RatisPipelineProvider.java:lambda$create$0(206)) - Sending CreatePipelineCommand for pipeline:PipelineID=1be3f2bc-25c2-43d6-b0f2-187869b28a18 to datanode:fac1c7af-03c1-44bd-b323-3796df9c2435
2023-06-01 19:11:41,261 [RatisPipelineUtilsThread - 0] INFO  pipeline.PipelineStateManagerImpl (PipelineStateManagerImpl.java:addPipeline(103)) - Created pipeline Pipeline[ Id: 1be3f2bc-25c2-43d6-b0f2-187869b28a18, Nodes: fac1c7af-03c1-44bd-b323-3796df9c2435(fv-az163-187.kzyshwy3mise5klwsllqwzgzyb.cx.internal.cloudapp.net/10.1.0.196), ReplicationConfig: RATIS/ONE, State:ALLOCATED, leaderId:, CreationTimestamp2023-06-01T19:11:41.260Z[Etc/UTC]].
2023-06-01 19:11:41,262 [RatisPipelineUtilsThread - 0] INFO  pipeline.RatisPipelineProvider (RatisPipelineProvider.java:lambda$create$0(206)) - Sending CreatePipelineCommand for pipeline:PipelineID=16d55649-bfb8-40a0-964c-cd60de991625 to datanode:d78dd883-3e4c-45aa-98b2-e8ffdf2e22af
2023-06-01 19:11:41,262 [RatisPipelineUtilsThread - 0] INFO  pipeline.RatisPipelineProvider (RatisPipelineProvider.java:lambda$create$0(206)) - Sending CreatePipelineCommand for pipeline:PipelineID=16d55649-bfb8-40a0-964c-cd60de991625 to datanode:d7192325-13fb-433e-b8d5-f6359b644c8f
2023-06-01 19:11:41,262 [RatisPipelineUtilsThread - 0] INFO  pipeline.RatisPipelineProvider (RatisPipelineProvider.java:lambda$create$0(206)) - Sending CreatePipelineCommand for pipeline:PipelineID=16d55649-bfb8-40a0-964c-cd60de991625 to datanode:fac1c7af-03c1-44bd-b323-3796df9c2435
2023-06-01 19:11:41,262 [RatisPipelineUtilsThread - 0] INFO  pipeline.PipelineStateManagerImpl (PipelineStateManagerImpl.java:addPipeline(103)) - Created pipeline Pipeline[ Id: 16d55649-bfb8-40a0-964c-cd60de991625, Nodes: d78dd883-3e4c-45aa-98b2-e8ffdf2e22af(fv-az163-187.kzyshwy3mise5klwsllqwzgzyb.cx.internal.cloudapp.net/10.1.0.196)d7192325-13fb-433e-b8d5-f6359b644c8f(fv-az163-187.kzyshwy3mise5klwsllqwzgzyb.cx.internal.cloudapp.net/10.1.0.196)fac1c7af-03c1-44bd-b323-3796df9c2435(fv-az163-187.kzyshwy3mise5klwsllqwzgzyb.cx.internal.cloudapp.net/10.1.0.196), ReplicationConfig: RATIS/THREE, State:ALLOCATED, leaderId:, CreationTimestamp2023-06-01T19:11:41.262Z[Etc/UTC]].
2023-06-01 19:11:41,264 [RatisPipelineUtilsThread - 0] INFO  pipeline.RatisPipelineProvider (RatisPipelineProvider.java:lambda$create$0(206)) - Sending CreatePipelineCommand for pipeline:PipelineID=e5a135ac-c615-44d5-a8ea-13c1c55693b9 to datanode:fac1c7af-03c1-44bd-b323-3796df9c2435
2023-06-01 19:11:41,264 [RatisPipelineUtilsThread - 0] INFO  pipeline.RatisPipelineProvider (RatisPipelineProvider.java:lambda$create$0(206)) - Sending CreatePipelineCommand for pipeline:PipelineID=e5a135ac-c615-44d5-a8ea-13c1c55693b9 to datanode:d78dd883-3e4c-45aa-98b2-e8ffdf2e22af
2023-06-01 19:11:41,264 [RatisPipelineUtilsThread - 0] INFO  pipeline.RatisPipelineProvider (RatisPipelineProvider.java:lambda$create$0(206)) - Sending CreatePipelineCommand for pipeline:PipelineID=e5a135ac-c615-44d5-a8ea-13c1c55693b9 to datanode:d7192325-13fb-433e-b8d5-f6359b644c8f
2023-06-01 19:11:41,265 [RatisPipelineUtilsThread - 0] INFO  pipeline.PipelineStateManagerImpl (PipelineStateManagerImpl.java:addPipeline(103)) - Created pipeline Pipeline[ Id: e5a135ac-c615-44d5-a8ea-13c1c55693b9, Nodes: fac1c7af-03c1-44bd-b323-3796df9c2435(fv-az163-187.kzyshwy3mise5klwsllqwzgzyb.cx.internal.cloudapp.net/10.1.0.196)d78dd883-3e4c-45aa-98b2-e8ffdf2e22af(fv-az163-187.kzyshwy3mise5klwsllqwzgzyb.cx.internal.cloudapp.net/10.1.0.196)d7192325-13fb-433e-b8d5-f6359b644c8f(fv-az163-187.kzyshwy3mise5klwsllqwzgzyb.cx.internal.cloudapp.net/10.1.0.196), ReplicationConfig: RATIS/THREE, State:ALLOCATED, leaderId:, CreationTimestamp2023-06-01T19:11:41.264Z[Etc/UTC]].
2023-06-01 19:11:41,265 [RatisPipelineUtilsThread - 0] INFO  pipeline.PipelineManagerImpl (PipelineManagerImpl.java:recordMetricsForPipeline(826)) - Pipeline: PipelineID=e5a135ac-c615-44d5-a8ea-13c1c55693b9 contains same datanodes as previous pipelines: PipelineID=16d55649-bfb8-40a0-964c-cd60de991625 nodeIds: fac1c7af-03c1-44bd-b323-3796df9c2435, d78dd883-3e4c-45aa-98b2-e8ffdf2e22af, d7192325-13fb-433e-b8d5-f6359b644c8f
2023-06-01 19:11:41,265 [RatisPipelineUtilsThread - 0] WARN  pipeline.PipelinePlacementPolicy (PipelinePlacementPolicy.java:filterViableNodes(160)) - Pipeline creation failed due to no sufficient healthy datanodes. Required 3. Found 1. Excluded 9.
2023-06-01 19:11:42,057 [main] INFO  ozone.MiniOzoneClusterImpl (MiniOzoneClusterImpl.java:lambda$waitForClusterToBeReady$0(222)) - Nodes are ready. Got 10 of 10 DN Heartbeats.
2023-06-01 19:11:42,057 [main] INFO  ozone.MiniOzoneClusterImpl (MiniOzoneClusterImpl.java:lambda$waitForClusterToBeReady$0(225)) - Cluster exits safe mode
2023-06-01 19:11:42,057 [main] INFO  ozone.MiniOzoneClusterImpl (MiniOzoneClusterImpl.java:lambda$waitForClusterToBeReady$0(227)) - SCM became leader
2023-06-01 19:11:42,057 [main] INFO  replication.ReplicationManager (ReplicationManager.java:start(299)) - Starting Replication Monitor Thread.
2023-06-01 19:11:42,059 [ReplicationMonitor] INFO  replication.ReplicationManager (ReplicationManager.java:sendDatanodeCommand(677)) - Sending command [closeContainerCommand: containerID: 1, pipelineID: PipelineID=26401357-b866-4ecb-8421-6e92065ebe92, force: true] for container ContainerInfo{id=#1, state=CLOSED, pipelineID=PipelineID=26401357-b866-4ecb-8421-6e92065ebe92, stateEnterTime=2023-06-01T19:11:15.513Z, owner=om1} to fac1c7af-03c1-44bd-b323-3796df9c2435(fv-az163-187.kzyshwy3mise5klwsllqwzgzyb.cx.internal.cloudapp.net/10.1.0.196) with datanode deadline 1685647272059 and scm deadline 1685647302059
2023-06-01 19:11:42,060 [ReplicationMonitor] INFO  replication.ReplicationManager (ReplicationManager.java:processAll(402)) - Replication Monitor Thread took 1 milliseconds for processing 1 containers.
2023-06-01 19:11:42,064 [Over Replicated Processor] WARN  replication.ECOverReplicationHandler (ECOverReplicationHandler.java:processAndSendCommands(142)) - The container ContainerInfo{id=#1, state=CLOSED, pipelineID=PipelineID=26401357-b866-4ecb-8421-6e92065ebe92, stateEnterTime=2023-06-01T19:11:15.513Z, owner=om1} is over replicated, but no replicas were selected to remove by the placement policy. Replicas: [ContainerReplica{containerID=#1, state=CLOSED, datanodeDetails=9125f905-aa43-4d0f-845d-e6cfd4dab0cd(fv-az163-187.kzyshwy3mise5klwsllqwzgzyb.cx.internal.cloudapp.net/10.1.0.196), placeOfBirth=9125f905-aa43-4d0f-845d-e6cfd4dab0cd, sequenceId=0, keyCount=1, bytesUsed=1048576,replicaIndex=2}, ContainerReplica{containerID=#1, state=CLOSED, datanodeDetails=b39db728-622c-42ae-954c-bd0dbc524ba7(fv-az163-187.kzyshwy3mise5klwsllqwzgzyb.cx.internal.cloudapp.net/10.1.0.196), placeOfBirth=b39db728-622c-42ae-954c-bd0dbc524ba7, sequenceId=0, keyCount=1, bytesUsed=1048576,replicaIndex=4}, ContainerReplica{containerID=#1, state=CLOSED, datanodeDetails=9ff544a7-6c1c-4ca7-a5dc-e42e2710cacb(fv-az163-187.kzyshwy3mise5klwsllqwzgzyb.cx.internal.cloudapp.net/10.1.0.196), placeOfBirth=9ff544a7-6c1c-4ca7-a5dc-e42e2710cacb, sequenceId=0, keyCount=1, bytesUsed=1048576,replicaIndex=3}, ContainerReplica{containerID=#1, state=OPEN, datanodeDetails=fac1c7af-03c1-44bd-b323-3796df9c2435(fv-az163-187.kzyshwy3mise5klwsllqwzgzyb.cx.internal.cloudapp.net/10.1.0.196), placeOfBirth=fac1c7af-03c1-44bd-b323-3796df9c2435, sequenceId=0, keyCount=1, bytesUsed=1048576,replicaIndex=1}, ContainerReplica{containerID=#1, state=CLOSED, datanodeDetails=c2c84cb5-dc25-48b6-abcd-2faa62d614c8(fv-az163-187.kzyshwy3mise5klwsllqwzgzyb.cx.internal.cloudapp.net/10.1.0.196), placeOfBirth=c2c84cb5-dc25-48b6-abcd-2faa62d614c8, sequenceId=0, keyCount=1, bytesUsed=1048576,replicaIndex=1}, ContainerReplica{containerID=#1, state=CLOSED, datanodeDetails=c686f304-079c-4e24-9d21-fd4c36dc1242(fv-az163-187.kzyshwy3mise5klwsllqwzgzyb.cx.internal.cloudapp.net/10.1.0.196), placeOfBirth=c686f304-079c-4e24-9d21-fd4c36dc1242, sequenceId=0, keyCount=1, bytesUsed=1048576,replicaIndex=5}]
2023-06-01 19:11:42,064 [Over Replicated Processor] INFO  replication.UnhealthyReplicationProcessor (UnhealthyReplicationProcessor.java:processAll(131)) - Processed 1 containers with health state counts {OVER_REPLICATED=1}, failed processing 0
2023-06-01 19:11:42,087 [PipelineCommandHandlerThread-0] INFO  server.RaftServer (RaftServerProxy.java:remove(109)) - fac1c7af-03c1-44bd-b323-3796df9c2435: remove  FOLLOWER fac1c7af-03c1-44bd-b323-3796df9c2435@group-E89CD66131D1:t1, leader=null, voted=c686f304-079c-4e24-9d21-fd4c36dc1242, raftlog=Memoized:fac1c7af-03c1-44bd-b323-3796df9c2435@group-E89CD66131D1-SegmentedRaftLog:OPENED:c-1, conf=0: peers:[d78dd883-3e4c-45aa-98b2-e8ffdf2e22af|rpc:10.1.0.196:15032|admin:10.1.0.196:15031|client:10.1.0.196:15030|dataStream:10.1.0.196:15033|priority:0|startupRole:FOLLOWER, fac1c7af-03c1-44bd-b323-3796df9c2435|rpc:10.1.0.196:15014|admin:10.1.0.196:15013|client:10.1.0.196:15012|dataStream:10.1.0.196:15015|priority:0|startupRole:FOLLOWER, c686f304-079c-4e24-9d21-fd4c36dc1242|rpc:10.1.0.196:15023|admin:10.1.0.196:15022|client:10.1.0.196:15021|dataStream:10.1.0.196:15024|priority:1|startupRole:FOLLOWER]|listeners:[], old=null RUNNING
2023-06-01 19:11:42,087 [PipelineCommandHandlerThread-0] INFO  server.RaftServer$Division (RaftServerImpl.java:lambda$close$4(466)) - fac1c7af-03c1-44bd-b323-3796df9c2435@group-E89CD66131D1: shutdown
2023-06-01 19:11:42,087 [PipelineCommandHandlerThread-0] INFO  util.JmxRegister (JmxRegister.java:unregister(73)) - Successfully un-registered JMX Bean with object name Ratis:service=RaftServer,group=group-E89CD66131D1,id=fac1c7af-03c1-44bd-b323-3796df9c2435
2023-06-01 19:11:42,087 [PipelineCommandHandlerThread-0] INFO  impl.RoleInfo (RoleInfo.java:shutdownFollowerState(110)) - fac1c7af-03c1-44bd-b323-3796df9c2435: shutdown fac1c7af-03c1-44bd-b323-3796df9c2435@group-E89CD66131D1-FollowerState
2023-06-01 19:11:42,088 [PipelineCommandHandlerThread-0] INFO  impl.StateMachineUpdater (StateMachineUpdater.java:stopAndJoin(155)) - fac1c7af-03c1-44bd-b323-3796df9c2435@group-E89CD66131D1-StateMachineUpdater: set stopIndex = -1
2023-06-01 19:11:42,089 [fac1c7af-03c1-44bd-b323-3796df9c2435@group-E89CD66131D1-FollowerState] INFO  impl.FollowerState (FollowerState.java:run(152)) - fac1c7af-03c1-44bd-b323-3796df9c2435@group-E89CD66131D1-FollowerState was interrupted
2023-06-01 19:11:42,091 [PipelineCommandHandlerThread-0] INFO  server.RaftServer$Division (ServerState.java:close(472)) - fac1c7af-03c1-44bd-b323-3796df9c2435@group-E89CD66131D1: closes. applyIndex: -1
2023-06-01 19:11:42,109 [fac1c7af-03c1-44bd-b323-3796df9c2435@group-AEB6F4C7E190-FollowerState] INFO  impl.FollowerState (FollowerState.java:run(143)) - fac1c7af-03c1-44bd-b323-3796df9c2435@group-AEB6F4C7E190-FollowerState: change to CANDIDATE, lastRpcElapsedTime:5006036676ns, electionTimeout:5005ms
2023-06-01 19:11:42,109 [fac1c7af-03c1-44bd-b323-3796df9c2435@group-AEB6F4C7E190-FollowerState] INFO  impl.RoleInfo (RoleInfo.java:shutdownFollowerState(110)) - fac1c7af-03c1-44bd-b323-3796df9c2435: shutdown fac1c7af-03c1-44bd-b323-3796df9c2435@group-AEB6F4C7E190-FollowerState
2023-06-01 19:11:42,109 [fac1c7af-03c1-44bd-b323-3796df9c2435@group-AEB6F4C7E190-FollowerState] INFO  server.RaftServer$Division (RaftServerImpl.java:setRole(329)) - fac1c7af-03c1-44bd-b323-3796df9c2435@group-AEB6F4C7E190: changes role from  FOLLOWER to CANDIDATE at term 1 for changeToCandidate
2023-06-01 19:11:42,109 [fac1c7af-03c1-44bd-b323-3796df9c2435@group-AEB6F4C7E190-FollowerState] INFO  server.RaftServerConfigKeys (ConfUtils.java:logGet(46)) - raft.server.leaderelection.pre-vote = true (default)
2023-06-01 19:11:42,109 [fac1c7af-03c1-44bd-b323-3796df9c2435@group-AEB6F4C7E190-FollowerState] INFO  impl.RoleInfo (RoleInfo.java:updateAndGet(139)) - fac1c7af-03c1-44bd-b323-3796df9c2435: start fac1c7af-03c1-44bd-b323-3796df9c2435@group-AEB6F4C7E190-LeaderElection24
2023-06-01 19:11:42,109 [PipelineCommandHandlerThread-0] INFO  segmented.SegmentedRaftLogWorker (SegmentedRaftLogWorker.java:close(252)) - fac1c7af-03c1-44bd-b323-3796df9c2435@group-E89CD66131D1-SegmentedRaftLogWorker close()
2023-06-01 19:11:42,115 [PipelineCommandHandlerThread-0] INFO  server.RaftServer$Division (RaftServerImpl.java:groupRemove(436)) - fac1c7af-03c1-44bd-b323-3796df9c2435@group-E89CD66131D1: Succeed to remove RaftStorageDirectory Storage Directory /home/runner/work/ozone/ozone/hadoop-ozone/integration-test/target/test-dir/MiniOzoneClusterImpl-59aba430-7466-43cf-ac60-ffcd1bd17169/datanode-0/data/ratis/ee6c0190-ec41-489e-8a9d-e89cd66131d1
2023-06-01 19:11:42,116 [PipelineCommandHandlerThread-0] INFO  commandhandler.ClosePipelineCommandHandler (ClosePipelineCommandHandler.java:lambda$handle$0(87)) - Close Pipeline PipelineID=ee6c0190-ec41-489e-8a9d-e89cd66131d1 command on datanode fac1c7af-03c1-44bd-b323-3796df9c2435.
2023-06-01 19:11:42,116 [PipelineCommandHandlerThread-0] INFO  server.RaftServer (RaftServerProxy.java:remove(109)) - fac1c7af-03c1-44bd-b323-3796df9c2435: remove  FOLLOWER fac1c7af-03c1-44bd-b323-3796df9c2435@group-C5917EE03DF0:t1, leader=null, voted=fac1c7af-03c1-44bd-b323-3796df9c2435, raftlog=Memoized:fac1c7af-03c1-44bd-b323-3796df9c2435@group-C5917EE03DF0-SegmentedRaftLog:OPENED:c0, conf=0: peers:[fac1c7af-03c1-44bd-b323-3796df9c2435|rpc:10.1.0.196:15014|admin:10.1.0.196:15013|client:10.1.0.196:15012|dataStream:10.1.0.196:15015|priority:1|startupRole:FOLLOWER]|listeners:[], old=null RUNNING
2023-06-01 19:11:42,116 [PipelineCommandHandlerThread-0] INFO  server.RaftServer$Division (RaftServerImpl.java:lambda$close$4(466)) - fac1c7af-03c1-44bd-b323-3796df9c2435@group-C5917EE03DF0: shutdown
2023-06-01 19:11:42,116 [PipelineCommandHandlerThread-0] INFO  util.JmxRegister (JmxRegister.java:unregister(73)) - Successfully un-registered JMX Bean with object name Ratis:service=RaftServer,group=group-C5917EE03DF0,id=fac1c7af-03c1-44bd-b323-3796df9c2435
2023-06-01 19:11:42,116 [PipelineCommandHandlerThread-0] INFO  impl.RoleInfo (RoleInfo.java:shutdownFollowerState(110)) - fac1c7af-03c1-44bd-b323-3796df9c2435: shutdown fac1c7af-03c1-44bd-b323-3796df9c2435@group-C5917EE03DF0-FollowerState
2023-06-01 19:11:42,116 [PipelineCommandHandlerThread-0] INFO  impl.StateMachineUpdater (StateMachineUpdater.java:stopAndJoin(155)) - fac1c7af-03c1-44bd-b323-3796df9c2435@group-C5917EE03DF0-StateMachineUpdater: set stopIndex = 0
2023-06-01 19:11:42,116 [fac1c7af-03c1-44bd-b323-3796df9c2435@group-C5917EE03DF0-FollowerState] INFO  impl.FollowerState (FollowerState.java:run(152)) - fac1c7af-03c1-44bd-b323-3796df9c2435@group-C5917EE03DF0-FollowerState was interrupted
2023-06-01 19:11:42,116 [fac1c7af-03c1-44bd-b323-3796df9c2435@group-AEB6F4C7E190-LeaderElection24] INFO  impl.LeaderElection (LeaderElection.java:askForVotes(321)) - fac1c7af-03c1-44bd-b323-3796df9c2435@group-AEB6F4C7E190-LeaderElection24 PRE_VOTE round 0: submit vote requests at term 1 for 0: peers:[d78dd883-3e4c-45aa-98b2-e8ffdf2e22af|rpc:10.1.0.196:15032|admin:10.1.0.196:15031|client:10.1.0.196:15030|dataStream:10.1.0.196:15033|priority:1|startupRole:FOLLOWER, c686f304-079c-4e24-9d21-fd4c36dc1242|rpc:10.1.0.196:15023|admin:10.1.0.196:15022|client:10.1.0.196:15021|dataStream:10.1.0.196:15024|priority:0|startupRole:FOLLOWER, fac1c7af-03c1-44bd-b323-3796df9c2435|rpc:10.1.0.196:15014|admin:10.1.0.196:15013|client:10.1.0.196:15012|dataStream:10.1.0.196:15015|priority:0|startupRole:FOLLOWER]|listeners:[], old=null
2023-06-01 19:11:42,116 [PipelineCommandHandlerThread-0] INFO  server.RaftServer$Division (ServerState.java:close(472)) - fac1c7af-03c1-44bd-b323-3796df9c2435@group-C5917EE03DF0: closes. applyIndex: 0
2023-06-01 19:11:42,117 [fac1c7af-03c1-44bd-b323-3796df9c2435@group-AEB6F4C7E190-LeaderElection24-1] INFO  server.GrpcServerProtocolClient (GrpcServerProtocolClient.java:<init>(65)) - Build channel for d78dd883-3e4c-45aa-98b2-e8ffdf2e22af
2023-06-01 19:11:42,119 [fac1c7af-03c1-44bd-b323-3796df9c2435@group-AEB6F4C7E190-LeaderElection24-2] INFO  server.GrpcServerProtocolClient (GrpcServerProtocolClient.java:<init>(65)) - Build channel for c686f304-079c-4e24-9d21-fd4c36dc1242
2023-06-01 19:11:42,119 [fac1c7af-03c1-44bd-b323-3796df9c2435@group-AEB6F4C7E190-LeaderElection24] INFO  server.RaftServerConfigKeys (ConfUtils.java:logFallback(53)) - raft.server.rpc.first-election.timeout.min = 5s (fallback to raft.server.rpc.timeout.min)
2023-06-01 19:11:42,119 [fac1c7af-03c1-44bd-b323-3796df9c2435@group-AEB6F4C7E190-LeaderElection24] INFO  server.RaftServerConfigKeys (ConfUtils.java:logFallback(53)) - raft.server.rpc.first-election.timeout.max = 5200ms (fallback to raft.server.rpc.timeout.max)
2023-06-01 19:11:42,126 [grpc-default-executor-3] WARN  server.GrpcServerProtocolService (LogUtils.java:warn(124)) - d78dd883-3e4c-45aa-98b2-e8ffdf2e22af: Failed requestVote fac1c7af-03c1-44bd-b323-3796df9c2435->d78dd883-3e4c-45aa-98b2-e8ffdf2e22af#0
org.apache.ratis.protocol.exceptions.GroupMismatchException: d78dd883-3e4c-45aa-98b2-e8ffdf2e22af: group-AEB6F4C7E190 not found.
	at org.apache.ratis.server.impl.RaftServerProxy$ImplMap.get(RaftServerProxy.java:152)
	at org.apache.ratis.server.impl.RaftServerProxy.getImplFuture(RaftServerProxy.java:358)
	at org.apache.ratis.server.impl.RaftServerProxy.getImpl(RaftServerProxy.java:367)
	at org.apache.ratis.server.impl.RaftServerProxy.getImpl(RaftServerProxy.java:362)
	at org.apache.ratis.server.impl.RaftServerProxy.requestVote(RaftServerProxy.java:625)
	at org.apache.ratis.grpc.server.GrpcServerProtocolService.requestVote(GrpcServerProtocolService.java:190)
	at org.apache.ratis.proto.grpc.RaftServerProtocolServiceGrpc$MethodHandlers.invoke(RaftServerProtocolServiceGrpc.java:451)
	at org.apache.ratis.thirdparty.io.grpc.stub.ServerCalls$UnaryServerCallHandler$UnaryServerCallListener.onHalfClose(ServerCalls.java:182)
	at org.apache.ratis.thirdparty.io.grpc.PartialForwardingServerCallListener.onHalfClose(PartialForwardingServerCallListener.java:35)
	at org.apache.ratis.thirdparty.io.grpc.ForwardingServerCallListener.onHalfClose(ForwardingServerCallListener.java:23)
	at org.apache.ratis.thirdparty.io.grpc.internal.ServerCallImpl$ServerStreamListenerImpl.halfClosed(ServerCallImpl.java:355)
	at org.apache.ratis.thirdparty.io.grpc.internal.ServerImpl$JumpToApplicationThreadServerStreamListener$1HalfClosed.runInContext(ServerImpl.java:867)
	at org.apache.ratis.thirdparty.io.grpc.internal.ContextRunnable.run(ContextRunnable.java:37)
	at org.apache.ratis.thirdparty.io.grpc.internal.SerializingExecutor.run(SerializingExecutor.java:133)
	at java.util.concurrent.ThreadPoolExecutor.runWorker(ThreadPoolExecutor.java:1149)
	at java.util.concurrent.ThreadPoolExecutor$Worker.run(ThreadPoolExecutor.java:624)
	at java.lang.Thread.run(Thread.java:750)
2023-06-01 19:11:42,142 [grpc-default-executor-3] WARN  server.GrpcServerProtocolService (LogUtils.java:warn(124)) - c686f304-079c-4e24-9d21-fd4c36dc1242: Failed requestVote fac1c7af-03c1-44bd-b323-3796df9c2435->c686f304-079c-4e24-9d21-fd4c36dc1242#0
org.apache.ratis.protocol.exceptions.GroupMismatchException: c686f304-079c-4e24-9d21-fd4c36dc1242: group-AEB6F4C7E190 not found.
	at org.apache.ratis.server.impl.RaftServerProxy$ImplMap.get(RaftServerProxy.java:152)
	at org.apache.ratis.server.impl.RaftServerProxy.getImplFuture(RaftServerProxy.java:358)
	at org.apache.ratis.server.impl.RaftServerProxy.getImpl(RaftServerProxy.java:367)
	at org.apache.ratis.server.impl.RaftServerProxy.getImpl(RaftServerProxy.java:362)
	at org.apache.ratis.server.impl.RaftServerProxy.requestVote(RaftServerProxy.java:625)
	at org.apache.ratis.grpc.server.GrpcServerProtocolService.requestVote(GrpcServerProtocolService.java:190)
	at org.apache.ratis.proto.grpc.RaftServerProtocolServiceGrpc$MethodHandlers.invoke(RaftServerProtocolServiceGrpc.java:451)
	at org.apache.ratis.thirdparty.io.grpc.stub.ServerCalls$UnaryServerCallHandler$UnaryServerCallListener.onHalfClose(ServerCalls.java:182)
	at org.apache.ratis.thirdparty.io.grpc.PartialForwardingServerCallListener.onHalfClose(PartialForwardingServerCallListener.java:35)
	at org.apache.ratis.thirdparty.io.grpc.ForwardingServerCallListener.onHalfClose(ForwardingServerCallListener.java:23)
	at org.apache.ratis.thirdparty.io.grpc.internal.ServerCallImpl$ServerStreamListenerImpl.halfClosed(ServerCallImpl.java:355)
	at org.apache.ratis.thirdparty.io.grpc.internal.ServerImpl$JumpToApplicationThreadServerStreamListener$1HalfClosed.runInContext(ServerImpl.java:867)
	at org.apache.ratis.thirdparty.io.grpc.internal.ContextRunnable.run(ContextRunnable.java:37)
	at org.apache.ratis.thirdparty.io.grpc.internal.SerializingExecutor.run(SerializingExecutor.java:133)
	at java.util.concurrent.ThreadPoolExecutor.runWorker(ThreadPoolExecutor.java:1149)
	at java.util.concurrent.ThreadPoolExecutor$Worker.run(ThreadPoolExecutor.java:624)
	at java.lang.Thread.run(Thread.java:750)
2023-06-01 19:11:42,147 [fac1c7af-03c1-44bd-b323-3796df9c2435@group-AEB6F4C7E190-LeaderElection24] INFO  impl.LeaderElection (LogUtils.java:infoOrTrace(137)) - fac1c7af-03c1-44bd-b323-3796df9c2435@group-AEB6F4C7E190-LeaderElection24 got exception when requesting votes: java.util.concurrent.ExecutionException: org.apache.ratis.thirdparty.io.grpc.StatusRuntimeException: INTERNAL: d78dd883-3e4c-45aa-98b2-e8ffdf2e22af: group-AEB6F4C7E190 not found.
2023-06-01 19:11:42,147 [fac1c7af-03c1-44bd-b323-3796df9c2435@group-AEB6F4C7E190-LeaderElection24] INFO  impl.LeaderElection (LogUtils.java:infoOrTrace(137)) - fac1c7af-03c1-44bd-b323-3796df9c2435@group-AEB6F4C7E190-LeaderElection24 got exception when requesting votes: java.util.concurrent.ExecutionException: org.apache.ratis.thirdparty.io.grpc.StatusRuntimeException: INTERNAL: c686f304-079c-4e24-9d21-fd4c36dc1242: group-AEB6F4C7E190 not found.
2023-06-01 19:11:42,147 [fac1c7af-03c1-44bd-b323-3796df9c2435@group-AEB6F4C7E190-LeaderElection24] INFO  impl.LeaderElection (LeaderElection.java:logAndReturn(90)) - fac1c7af-03c1-44bd-b323-3796df9c2435@group-AEB6F4C7E190-LeaderElection24: PRE_VOTE REJECTED received 0 response(s) and 2 exception(s):
2023-06-01 19:11:42,147 [fac1c7af-03c1-44bd-b323-3796df9c2435@group-AEB6F4C7E190-LeaderElection24] INFO  impl.LeaderElection (LogUtils.java:infoOrTrace(137)) -   Exception 0: java.util.concurrent.ExecutionException: org.apache.ratis.thirdparty.io.grpc.StatusRuntimeException: INTERNAL: d78dd883-3e4c-45aa-98b2-e8ffdf2e22af: group-AEB6F4C7E190 not found.
2023-06-01 19:11:42,147 [fac1c7af-03c1-44bd-b323-3796df9c2435@group-AEB6F4C7E190-LeaderElection24] INFO  impl.LeaderElection (LogUtils.java:infoOrTrace(137)) -   Exception 1: java.util.concurrent.ExecutionException: org.apache.ratis.thirdparty.io.grpc.StatusRuntimeException: INTERNAL: c686f304-079c-4e24-9d21-fd4c36dc1242: group-AEB6F4C7E190 not found.
2023-06-01 19:11:42,147 [fac1c7af-03c1-44bd-b323-3796df9c2435@group-AEB6F4C7E190-LeaderElection24] INFO  impl.LeaderElection (LeaderElection.java:askForVotes(323)) - fac1c7af-03c1-44bd-b323-3796df9c2435@group-AEB6F4C7E190-LeaderElection24 PRE_VOTE round 0: result REJECTED
2023-06-01 19:11:42,147 [fac1c7af-03c1-44bd-b323-3796df9c2435@group-AEB6F4C7E190-LeaderElection24] INFO  server.RaftServer$Division (RaftServerImpl.java:setRole(329)) - fac1c7af-03c1-44bd-b323-3796df9c2435@group-AEB6F4C7E190: changes role from CANDIDATE to FOLLOWER at term 1 for REJECTED
2023-06-01 19:11:42,147 [fac1c7af-03c1-44bd-b323-3796df9c2435@group-AEB6F4C7E190-LeaderElection24] INFO  impl.RoleInfo (RoleInfo.java:shutdownLeaderElection(130)) - fac1c7af-03c1-44bd-b323-3796df9c2435: shutdown fac1c7af-03c1-44bd-b323-3796df9c2435@group-AEB6F4C7E190-LeaderElection24
2023-06-01 19:11:42,147 [fac1c7af-03c1-44bd-b323-3796df9c2435@group-AEB6F4C7E190-LeaderElection24] INFO  impl.RoleInfo (RoleInfo.java:updateAndGet(139)) - fac1c7af-03c1-44bd-b323-3796df9c2435: start fac1c7af-03c1-44bd-b323-3796df9c2435@group-AEB6F4C7E190-FollowerState
2023-06-01 19:11:42,755 [PipelineCommandHandlerThread-0] INFO  server.RaftServer (RaftServerProxy.java:addNew(98)) - d7192325-13fb-433e-b8d5-f6359b644c8f: addNew group-CD60DE991625:[d7192325-13fb-433e-b8d5-f6359b644c8f|rpc:10.1.0.196:15095|admin:10.1.0.196:15094|client:10.1.0.196:15093|dataStream:10.1.0.196:15096|priority:1|startupRole:FOLLOWER, d78dd883-3e4c-45aa-98b2-e8ffdf2e22af|rpc:10.1.0.196:15032|admin:10.1.0.196:15031|client:10.1.0.196:15030|dataStream:10.1.0.196:15033|priority:0|startupRole:FOLLOWER, fac1c7af-03c1-44bd-b323-3796df9c2435|rpc:10.1.0.196:15014|admin:10.1.0.196:15013|client:10.1.0.196:15012|dataStream:10.1.0.196:15015|priority:0|startupRole:FOLLOWER] returns group-CD60DE991625:java.util.concurrent.CompletableFuture@684cab56[Not completed]
2023-06-01 19:11:42,758 [d7192325-13fb-433e-b8d5-f6359b644c8f-groupManagement] INFO  server.RaftServer$Division (RaftServerImpl.java:<init>(198)) - d7192325-13fb-433e-b8d5-f6359b644c8f: new RaftServerImpl for group-CD60DE991625:[d7192325-13fb-433e-b8d5-f6359b644c8f|rpc:10.1.0.196:15095|admin:10.1.0.196:15094|client:10.1.0.196:15093|dataStream:10.1.0.196:15096|priority:1|startupRole:FOLLOWER, d78dd883-3e4c-45aa-98b2-e8ffdf2e22af|rpc:10.1.0.196:15032|admin:10.1.0.196:15031|client:10.1.0.196:15030|dataStream:10.1.0.196:15033|priority:0|startupRole:FOLLOWER, fac1c7af-03c1-44bd-b323-3796df9c2435|rpc:10.1.0.196:15014|admin:10.1.0.196:15013|client:10.1.0.196:15012|dataStream:10.1.0.196:15015|priority:0|startupRole:FOLLOWER] with ContainerStateMachine:uninitialized
2023-06-01 19:11:42,758 [d7192325-13fb-433e-b8d5-f6359b644c8f-groupManagement] INFO  server.RaftServerConfigKeys (ConfUtils.java:logGet(46)) - raft.server.rpc.timeout.min = 5s (custom)
2023-06-01 19:11:42,758 [d7192325-13fb-433e-b8d5-f6359b644c8f-groupManagement] INFO  server.RaftServerConfigKeys (ConfUtils.java:logGet(46)) - raft.server.rpc.timeout.max = 5200ms (custom)
2023-06-01 19:11:42,758 [d7192325-13fb-433e-b8d5-f6359b644c8f-groupManagement] INFO  server.RaftServerConfigKeys (ConfUtils.java:logGet(46)) - raft.server.rpc.sleep.time = 25ms (default)
2023-06-01 19:11:42,758 [d7192325-13fb-433e-b8d5-f6359b644c8f-groupManagement] INFO  server.RaftServerConfigKeys (ConfUtils.java:logGet(46)) - raft.server.rpc.slowness.timeout = 300s (custom)
2023-06-01 19:11:42,758 [d7192325-13fb-433e-b8d5-f6359b644c8f-groupManagement] INFO  server.RaftServerConfigKeys (ConfUtils.java:logGet(46)) - raft.server.leaderelection.leader.step-down.wait-time = 10s (default)
2023-06-01 19:11:42,758 [d7192325-13fb-433e-b8d5-f6359b644c8f-groupManagement] INFO  server.RaftServerConfigKeys (ConfUtils.java:logGet(46)) - raft.server.sleep.deviation.threshold = 300ms (default)
2023-06-01 19:11:42,758 [d7192325-13fb-433e-b8d5-f6359b644c8f-groupManagement] INFO  server.RaftServer$Division (ServerState.java:<init>(120)) - d7192325-13fb-433e-b8d5-f6359b644c8f@group-CD60DE991625: ConfigurationManager, init=-1: peers:[d7192325-13fb-433e-b8d5-f6359b644c8f|rpc:10.1.0.196:15095|admin:10.1.0.196:15094|client:10.1.0.196:15093|dataStream:10.1.0.196:15096|priority:1|startupRole:FOLLOWER, d78dd883-3e4c-45aa-98b2-e8ffdf2e22af|rpc:10.1.0.196:15032|admin:10.1.0.196:15031|client:10.1.0.196:15030|dataStream:10.1.0.196:15033|priority:0|startupRole:FOLLOWER, fac1c7af-03c1-44bd-b323-3796df9c2435|rpc:10.1.0.196:15014|admin:10.1.0.196:15013|client:10.1.0.196:15012|dataStream:10.1.0.196:15015|priority:0|startupRole:FOLLOWER]|listeners:[], old=null, confs=<EMPTY_MAP>
2023-06-01 19:11:42,759 [d7192325-13fb-433e-b8d5-f6359b644c8f-groupManagement] INFO  server.RaftServerConfigKeys (ConfUtils.java:logGet(46)) - raft.server.storage.dir = [/home/runner/work/ozone/ozone/hadoop-ozone/integration-test/target/test-dir/MiniOzoneClusterImpl-59aba430-7466-43cf-ac60-ffcd1bd17169/datanode-9/data/ratis] (custom)
2023-06-01 19:11:42,759 [d7192325-13fb-433e-b8d5-f6359b644c8f-groupManagement] INFO  server.RaftServerConfigKeys (ConfUtils.java:logGet(46)) - raft.server.log.corruption.policy = EXCEPTION (default)
2023-06-01 19:11:42,759 [d7192325-13fb-433e-b8d5-f6359b644c8f-groupManagement] INFO  server.RaftServerConfigKeys (ConfUtils.java:logGet(46)) - raft.server.storage.free-space.min = 0MB (=0) (default)
2023-06-01 19:11:42,759 [d7192325-13fb-433e-b8d5-f6359b644c8f-groupManagement] INFO  server.RaftServerConfigKeys (ConfUtils.java:logGet(46)) - raft.server.notification.no-leader.timeout = 300s (custom)
2023-06-01 19:11:42,759 [d7192325-13fb-433e-b8d5-f6359b644c8f-groupManagement] INFO  server.RaftServerConfigKeys (ConfUtils.java:logGet(46)) - raft.server.read.timeout = 10s (default)
2023-06-01 19:11:42,759 [d7192325-13fb-433e-b8d5-f6359b644c8f-groupManagement] INFO  server.RaftServerConfigKeys (ConfUtils.java:logGet(46)) - raft.server.retrycache.expirytime = 600000ms (custom)
2023-06-01 19:11:42,759 [d7192325-13fb-433e-b8d5-f6359b644c8f-groupManagement] INFO  server.RaftServerConfigKeys (ConfUtils.java:logGet(46)) - raft.server.retrycache.statistics.expirytime = 100μs (default)
2023-06-01 19:11:42,759 [d7192325-13fb-433e-b8d5-f6359b644c8f-groupManagement] INFO  server.RaftServerConfigKeys (ConfUtils.java:logGet(46)) - raft.server.read.option = DEFAULT (default)
2023-06-01 19:11:42,760 [d7192325-13fb-433e-b8d5-f6359b644c8f-groupManagement] INFO  server.RaftServerConfigKeys (ConfUtils.java:logGet(46)) - raft.server.rpc.request.timeout = 60s (custom)
2023-06-01 19:11:42,760 [d7192325-13fb-433e-b8d5-f6359b644c8f-groupManagement] INFO  server.RaftServerConfigKeys (ConfUtils.java:logGet(46)) - raft.server.log.appender.install.snapshot.enabled = false (custom)
2023-06-01 19:11:42,760 [d7192325-13fb-433e-b8d5-f6359b644c8f-groupManagement] INFO  server.RaftServerConfigKeys (ConfUtils.java:logGet(46)) - raft.server.threadpool.server.cached = true (default)
2023-06-01 19:11:42,760 [d7192325-13fb-433e-b8d5-f6359b644c8f-groupManagement] INFO  server.RaftServerConfigKeys (ConfUtils.java:logGet(46)) - raft.server.threadpool.server.size = 0 (default)
2023-06-01 19:11:42,760 [d7192325-13fb-433e-b8d5-f6359b644c8f-groupManagement] INFO  server.RaftServerConfigKeys (ConfUtils.java:logGet(46)) - raft.server.threadpool.client.cached = true (default)
2023-06-01 19:11:42,760 [d7192325-13fb-433e-b8d5-f6359b644c8f-groupManagement] INFO  server.RaftServerConfigKeys (ConfUtils.java:logGet(46)) - raft.server.threadpool.client.size = 0 (default)
2023-06-01 19:11:42,760 [d7192325-13fb-433e-b8d5-f6359b644c8f-groupManagement] INFO  storage.RaftStorageDirectory (RaftStorageDirectoryImpl.java:analyzeStorage(137)) - The storage directory /home/runner/work/ozone/ozone/hadoop-ozone/integration-test/target/test-dir/MiniOzoneClusterImpl-59aba430-7466-43cf-ac60-ffcd1bd17169/datanode-9/data/ratis/16d55649-bfb8-40a0-964c-cd60de991625 does not exist. Creating ...
2023-06-01 19:11:42,762 [d7192325-13fb-433e-b8d5-f6359b644c8f-groupManagement] INFO  storage.RaftStorageDirectory (RaftStorageDirectoryImpl.java:tryLock(231)) - Lock on /home/runner/work/ozone/ozone/hadoop-ozone/integration-test/target/test-dir/MiniOzoneClusterImpl-59aba430-7466-43cf-ac60-ffcd1bd17169/datanode-9/data/ratis/16d55649-bfb8-40a0-964c-cd60de991625/in_use.lock acquired by nodename 16224@fv-az163-187
2023-06-01 19:11:42,764 [d7192325-13fb-433e-b8d5-f6359b644c8f-groupManagement] INFO  storage.RaftStorage (RaftStorageImpl.java:format(96)) - Storage directory /home/runner/work/ozone/ozone/hadoop-ozone/integration-test/target/test-dir/MiniOzoneClusterImpl-59aba430-7466-43cf-ac60-ffcd1bd17169/datanode-9/data/ratis/16d55649-bfb8-40a0-964c-cd60de991625 has been successfully formatted.
2023-06-01 19:11:42,764 [d7192325-13fb-433e-b8d5-f6359b644c8f-groupManagement] INFO  ratis.ContainerStateMachine (ContainerStateMachine.java:loadSnapshot(262)) - group-CD60DE991625: The snapshot info is null. Setting the last applied indexto:(t:0, i:~)
2023-06-01 19:11:42,764 [d7192325-13fb-433e-b8d5-f6359b644c8f-groupManagement] INFO  server.RaftServerConfigKeys (ConfUtils.java:logGet(46)) - raft.server.log.use.memory = false (default)
2023-06-01 19:11:42,764 [d7192325-13fb-433e-b8d5-f6359b644c8f-groupManagement] INFO  server.RaftServerConfigKeys (ConfUtils.java:logGet(46)) - raft.server.log.purge.gap = 1000000 (custom)
2023-06-01 19:11:42,764 [d7192325-13fb-433e-b8d5-f6359b644c8f-groupManagement] INFO  server.RaftServerConfigKeys (ConfUtils.java:logGet(46)) - raft.server.log.appender.buffer.byte-limit = 33554432 (custom)
2023-06-01 19:11:42,764 [d7192325-13fb-433e-b8d5-f6359b644c8f-groupManagement] INFO  server.RaftServerConfigKeys (ConfUtils.java:logGet(46)) - raft.server.log.statemachine.data.read.timeout = 1000ms (default)
2023-06-01 19:11:42,764 [d7192325-13fb-433e-b8d5-f6359b644c8f-groupManagement] INFO  server.RaftServerConfigKeys (ConfUtils.java:logGet(46)) - raft.server.log.purge.preservation.log.num = 0 (default)
2023-06-01 19:11:42,764 [d7192325-13fb-433e-b8d5-f6359b644c8f-groupManagement] INFO  server.RaftServerConfigKeys (ConfUtils.java:logGet(46)) - raft.server.log.segment.size.max = 1048576 (custom)
2023-06-01 19:11:42,765 [d7192325-13fb-433e-b8d5-f6359b644c8f-groupManagement] INFO  server.RaftServerConfigKeys (ConfUtils.java:logGet(46)) - raft.server.log.segment.cache.num.max = 2 (custom)
2023-06-01 19:11:42,765 [d7192325-13fb-433e-b8d5-f6359b644c8f-groupManagement] INFO  server.RaftServerConfigKeys (ConfUtils.java:logGet(46)) - raft.server.log.segment.cache.size.max = 200MB (=209715200) (default)
2023-06-01 19:11:42,765 [d7192325-13fb-433e-b8d5-f6359b644c8f-groupManagement] INFO  server.RaftServerConfigKeys (ConfUtils.java:logGet(46)) - raft.server.log.appender.buffer.byte-limit = 33554432 (custom)
2023-06-01 19:11:42,765 [d7192325-13fb-433e-b8d5-f6359b644c8f-groupManagement] INFO  segmented.SegmentedRaftLogWorker (SegmentedRaftLogWorker.java:<init>(188)) - new d7192325-13fb-433e-b8d5-f6359b644c8f@group-CD60DE991625-SegmentedRaftLogWorker for RaftStorageImpl:Storage Directory /home/runner/work/ozone/ozone/hadoop-ozone/integration-test/target/test-dir/MiniOzoneClusterImpl-59aba430-7466-43cf-ac60-ffcd1bd17169/datanode-9/data/ratis/16d55649-bfb8-40a0-964c-cd60de991625
2023-06-01 19:11:42,765 [d7192325-13fb-433e-b8d5-f6359b644c8f-groupManagement] INFO  server.RaftServerConfigKeys (ConfUtils.java:logGet(46)) - raft.server.log.queue.byte-limit = 4294967296 (custom)
2023-06-01 19:11:42,765 [d7192325-13fb-433e-b8d5-f6359b644c8f-groupManagement] INFO  server.RaftServerConfigKeys (ConfUtils.java:logGet(46)) - raft.server.log.queue.element-limit = 1024 (custom)
2023-06-01 19:11:42,765 [d7192325-13fb-433e-b8d5-f6359b644c8f-groupManagement] INFO  server.RaftServerConfigKeys (ConfUtils.java:logGet(46)) - raft.server.log.segment.size.max = 1048576 (custom)
2023-06-01 19:11:42,765 [d7192325-13fb-433e-b8d5-f6359b644c8f-groupManagement] INFO  server.RaftServerConfigKeys (ConfUtils.java:logGet(46)) - raft.server.log.preallocated.size = 16384 (custom)
2023-06-01 19:11:42,765 [d7192325-13fb-433e-b8d5-f6359b644c8f-groupManagement] INFO  server.RaftServerConfigKeys (ConfUtils.java:logGet(46)) - raft.server.log.force.sync.num = 128 (default)
2023-06-01 19:11:42,765 [d7192325-13fb-433e-b8d5-f6359b644c8f-groupManagement] INFO  server.RaftServerConfigKeys (ConfUtils.java:logGet(46)) - raft.server.log.statemachine.data.sync = true (default)
2023-06-01 19:11:42,765 [d7192325-13fb-433e-b8d5-f6359b644c8f-groupManagement] INFO  server.RaftServerConfigKeys (ConfUtils.java:logGet(46)) - raft.server.log.statemachine.data.sync.timeout = 10s (default)
2023-06-01 19:11:42,765 [d7192325-13fb-433e-b8d5-f6359b644c8f-groupManagement] INFO  server.RaftServerConfigKeys (ConfUtils.java:logGet(46)) - raft.server.log.statemachine.data.sync.timeout.retry = -1 (default)
2023-06-01 19:11:42,766 [d7192325-13fb-433e-b8d5-f6359b644c8f-groupManagement] INFO  server.RaftServerConfigKeys (ConfUtils.java:logGet(46)) - raft.server.log.write.buffer.size = 1048576 (custom)
2023-06-01 19:11:42,766 [d7192325-13fb-433e-b8d5-f6359b644c8f-groupManagement] INFO  server.RaftServerConfigKeys (ConfUtils.java:logGet(46)) - raft.server.log.appender.buffer.byte-limit = 33554432 (custom)
2023-06-01 19:11:42,770 [d7192325-13fb-433e-b8d5-f6359b644c8f-groupManagement] INFO  server.RaftServerConfigKeys (ConfUtils.java:logGet(46)) - raft.server.log.unsafe-flush.enabled = false (default)
2023-06-01 19:11:42,770 [d7192325-13fb-433e-b8d5-f6359b644c8f-groupManagement] INFO  server.RaftServerConfigKeys (ConfUtils.java:logGet(46)) - raft.server.log.async-flush.enabled = false (default)
2023-06-01 19:11:42,770 [d7192325-13fb-433e-b8d5-f6359b644c8f-groupManagement] INFO  server.RaftServerConfigKeys (ConfUtils.java:logGet(46)) - raft.server.log.statemachine.data.caching.enabled = true (custom)
2023-06-01 19:11:42,770 [d7192325-13fb-433e-b8d5-f6359b644c8f-groupManagement] INFO  segmented.SegmentedRaftLogWorker (SegmentedRaftLogWorker.java:lambda$new$0(135)) - d7192325-13fb-433e-b8d5-f6359b644c8f@group-CD60DE991625-SegmentedRaftLogWorker: flushIndex: setUnconditionally 0 -> -1
2023-06-01 19:11:42,770 [d7192325-13fb-433e-b8d5-f6359b644c8f-groupManagement] INFO  segmented.SegmentedRaftLogWorker (SegmentedRaftLogWorker.java:lambda$new$0(135)) - d7192325-13fb-433e-b8d5-f6359b644c8f@group-CD60DE991625-SegmentedRaftLogWorker: safeCacheEvictIndex: setUnconditionally 0 -> -1
2023-06-01 19:11:42,770 [d7192325-13fb-433e-b8d5-f6359b644c8f-groupManagement] INFO  server.RaftServer$Division (RaftServerImpl.java:start(342)) - d7192325-13fb-433e-b8d5-f6359b644c8f@group-CD60DE991625: start as a follower, conf=-1: peers:[d7192325-13fb-433e-b8d5-f6359b644c8f|rpc:10.1.0.196:15095|admin:10.1.0.196:15094|client:10.1.0.196:15093|dataStream:10.1.0.196:15096|priority:1|startupRole:FOLLOWER, d78dd883-3e4c-45aa-98b2-e8ffdf2e22af|rpc:10.1.0.196:15032|admin:10.1.0.196:15031|client:10.1.0.196:15030|dataStream:10.1.0.196:15033|priority:0|startupRole:FOLLOWER, fac1c7af-03c1-44bd-b323-3796df9c2435|rpc:10.1.0.196:15014|admin:10.1.0.196:15013|client:10.1.0.196:15012|dataStream:10.1.0.196:15015|priority:0|startupRole:FOLLOWER]|listeners:[], old=null
2023-06-01 19:11:42,770 [d7192325-13fb-433e-b8d5-f6359b644c8f-groupManagement] INFO  server.RaftServer$Division (RaftServerImpl.java:setRole(329)) - d7192325-13fb-433e-b8d5-f6359b644c8f@group-CD60DE991625: changes role from      null to FOLLOWER at term 0 for startAsFollower
2023-06-01 19:11:42,770 [d7192325-13fb-433e-b8d5-f6359b644c8f-groupManagement] INFO  impl.RoleInfo (RoleInfo.java:updateAndGet(139)) - d7192325-13fb-433e-b8d5-f6359b644c8f: start d7192325-13fb-433e-b8d5-f6359b644c8f@group-CD60DE991625-FollowerState
2023-06-01 19:11:42,770 [d7192325-13fb-433e-b8d5-f6359b644c8f-groupManagement] INFO  util.JmxRegister (JmxRegister.java:tryRegister(44)) - Successfully registered JMX Bean with object name Ratis:service=RaftServer,group=group-CD60DE991625,id=d7192325-13fb-433e-b8d5-f6359b644c8f
2023-06-01 19:11:42,770 [d7192325-13fb-433e-b8d5-f6359b644c8f@group-CD60DE991625-FollowerState] INFO  server.RaftServerConfigKeys (ConfUtils.java:logFallback(53)) - raft.server.rpc.first-election.timeout.min = 5s (fallback to raft.server.rpc.timeout.min)
2023-06-01 19:11:42,770 [d7192325-13fb-433e-b8d5-f6359b644c8f-groupManagement] INFO  server.RaftServerConfigKeys (ConfUtils.java:logGet(46)) - raft.server.snapshot.auto.trigger.enabled = true (custom)
2023-06-01 19:11:42,771 [d7192325-13fb-433e-b8d5-f6359b644c8f@group-CD60DE991625-FollowerState] INFO  server.RaftServerConfigKeys (ConfUtils.java:logFallback(53)) - raft.server.rpc.first-election.timeout.max = 5200ms (fallback to raft.server.rpc.timeout.max)
2023-06-01 19:11:42,771 [d7192325-13fb-433e-b8d5-f6359b644c8f-groupManagement] INFO  server.RaftServerConfigKeys (ConfUtils.java:logGet(46)) - raft.server.snapshot.auto.trigger.threshold = 10000 (custom)
2023-06-01 19:11:42,771 [d7192325-13fb-433e-b8d5-f6359b644c8f-groupManagement] INFO  server.RaftServerConfigKeys (ConfUtils.java:logGet(46)) - raft.server.snapshot.retention.file.num = 5 (custom)
2023-06-01 19:11:42,771 [d7192325-13fb-433e-b8d5-f6359b644c8f-groupManagement] INFO  server.RaftServerConfigKeys (ConfUtils.java:logGet(46)) - raft.server.log.purge.upto.snapshot.index = false (default)
2023-06-01 19:11:42,771 [PipelineCommandHandlerThread-0] INFO  ratis.XceiverServerRatis (XceiverServerRatis.java:addGroup(804)) - Created group PipelineID=16d55649-bfb8-40a0-964c-cd60de991625
2023-06-01 19:11:42,778 [grpc-default-executor-7] INFO  server.RaftServer (RaftServerProxy.java:addNew(98)) - d78dd883-3e4c-45aa-98b2-e8ffdf2e22af: addNew group-CD60DE991625:[d7192325-13fb-433e-b8d5-f6359b644c8f|rpc:10.1.0.196:15095|admin:10.1.0.196:15094|client:10.1.0.196:15093|dataStream:10.1.0.196:15096|priority:1|startupRole:FOLLOWER, d78dd883-3e4c-45aa-98b2-e8ffdf2e22af|rpc:10.1.0.196:15032|admin:10.1.0.196:15031|client:10.1.0.196:15030|dataStream:10.1.0.196:15033|priority:0|startupRole:FOLLOWER, fac1c7af-03c1-44bd-b323-3796df9c2435|rpc:10.1.0.196:15014|admin:10.1.0.196:15013|client:10.1.0.196:15012|dataStream:10.1.0.196:15015|priority:0|startupRole:FOLLOWER] returns group-CD60DE991625:java.util.concurrent.CompletableFuture@5be767ff[Not completed]
2023-06-01 19:11:42,779 [d78dd883-3e4c-45aa-98b2-e8ffdf2e22af-groupManagement] INFO  server.RaftServer$Division (RaftServerImpl.java:<init>(198)) - d78dd883-3e4c-45aa-98b2-e8ffdf2e22af: new RaftServerImpl for group-CD60DE991625:[d7192325-13fb-433e-b8d5-f6359b644c8f|rpc:10.1.0.196:15095|admin:10.1.0.196:15094|client:10.1.0.196:15093|dataStream:10.1.0.196:15096|priority:1|startupRole:FOLLOWER, d78dd883-3e4c-45aa-98b2-e8ffdf2e22af|rpc:10.1.0.196:15032|admin:10.1.0.196:15031|client:10.1.0.196:15030|dataStream:10.1.0.196:15033|priority:0|startupRole:FOLLOWER, fac1c7af-03c1-44bd-b323-3796df9c2435|rpc:10.1.0.196:15014|admin:10.1.0.196:15013|client:10.1.0.196:15012|dataStream:10.1.0.196:15015|priority:0|startupRole:FOLLOWER] with ContainerStateMachine:uninitialized
2023-06-01 19:11:42,779 [d78dd883-3e4c-45aa-98b2-e8ffdf2e22af-groupManagement] INFO  server.RaftServerConfigKeys (ConfUtils.java:logGet(46)) - raft.server.rpc.timeout.min = 5s (custom)
2023-06-01 19:11:42,779 [d78dd883-3e4c-45aa-98b2-e8ffdf2e22af-groupManagement] INFO  server.RaftServerConfigKeys (ConfUtils.java:logGet(46)) - raft.server.rpc.timeout.max = 5200ms (custom)
2023-06-01 19:11:42,779 [d78dd883-3e4c-45aa-98b2-e8ffdf2e22af-groupManagement] INFO  server.RaftServerConfigKeys (ConfUtils.java:logGet(46)) - raft.server.rpc.sleep.time = 25ms (default)
2023-06-01 19:11:42,779 [d78dd883-3e4c-45aa-98b2-e8ffdf2e22af-groupManagement] INFO  server.RaftServerConfigKeys (ConfUtils.java:logGet(46)) - raft.server.rpc.slowness.timeout = 300s (custom)
2023-06-01 19:11:42,779 [d78dd883-3e4c-45aa-98b2-e8ffdf2e22af-groupManagement] INFO  server.RaftServerConfigKeys (ConfUtils.java:logGet(46)) - raft.server.leaderelection.leader.step-down.wait-time = 10s (default)
2023-06-01 19:11:42,779 [d78dd883-3e4c-45aa-98b2-e8ffdf2e22af-groupManagement] INFO  server.RaftServerConfigKeys (ConfUtils.java:logGet(46)) - raft.server.sleep.deviation.threshold = 300ms (default)
2023-06-01 19:11:42,779 [d78dd883-3e4c-45aa-98b2-e8ffdf2e22af-groupManagement] INFO  server.RaftServer$Division (ServerState.java:<init>(120)) - d78dd883-3e4c-45aa-98b2-e8ffdf2e22af@group-CD60DE991625: ConfigurationManager, init=-1: peers:[d7192325-13fb-433e-b8d5-f6359b644c8f|rpc:10.1.0.196:15095|admin:10.1.0.196:15094|client:10.1.0.196:15093|dataStream:10.1.0.196:15096|priority:1|startupRole:FOLLOWER, d78dd883-3e4c-45aa-98b2-e8ffdf2e22af|rpc:10.1.0.196:15032|admin:10.1.0.196:15031|client:10.1.0.196:15030|dataStream:10.1.0.196:15033|priority:0|startupRole:FOLLOWER, fac1c7af-03c1-44bd-b323-3796df9c2435|rpc:10.1.0.196:15014|admin:10.1.0.196:15013|client:10.1.0.196:15012|dataStream:10.1.0.196:15015|priority:0|startupRole:FOLLOWER]|listeners:[], old=null, confs=<EMPTY_MAP>
2023-06-01 19:11:42,779 [d78dd883-3e4c-45aa-98b2-e8ffdf2e22af-groupManagement] INFO  server.RaftServerConfigKeys (ConfUtils.java:logGet(46)) - raft.server.storage.dir = [/home/runner/work/ozone/ozone/hadoop-ozone/integration-test/target/test-dir/MiniOzoneClusterImpl-59aba430-7466-43cf-ac60-ffcd1bd17169/datanode-2/data/ratis] (custom)
2023-06-01 19:11:42,779 [d78dd883-3e4c-45aa-98b2-e8ffdf2e22af-groupManagement] INFO  server.RaftServerConfigKeys (ConfUtils.java:logGet(46)) - raft.server.log.corruption.policy = EXCEPTION (default)
2023-06-01 19:11:42,779 [d78dd883-3e4c-45aa-98b2-e8ffdf2e22af-groupManagement] INFO  server.RaftServerConfigKeys (ConfUtils.java:logGet(46)) - raft.server.storage.free-space.min = 0MB (=0) (default)
2023-06-01 19:11:42,779 [d78dd883-3e4c-45aa-98b2-e8ffdf2e22af-groupManagement] INFO  server.RaftServerConfigKeys (ConfUtils.java:logGet(46)) - raft.server.notification.no-leader.timeout = 300s (custom)
2023-06-01 19:11:42,779 [d78dd883-3e4c-45aa-98b2-e8ffdf2e22af-groupManagement] INFO  server.RaftServerConfigKeys (ConfUtils.java:logGet(46)) - raft.server.read.timeout = 10s (default)
2023-06-01 19:11:42,779 [d78dd883-3e4c-45aa-98b2-e8ffdf2e22af-groupManagement] INFO  server.RaftServerConfigKeys (ConfUtils.java:logGet(46)) - raft.server.retrycache.expirytime = 600000ms (custom)
2023-06-01 19:11:42,779 [d78dd883-3e4c-45aa-98b2-e8ffdf2e22af-groupManagement] INFO  server.RaftServerConfigKeys (ConfUtils.java:logGet(46)) - raft.server.retrycache.statistics.expirytime = 100μs (default)
2023-06-01 19:11:42,779 [d78dd883-3e4c-45aa-98b2-e8ffdf2e22af-groupManagement] INFO  server.RaftServerConfigKeys (ConfUtils.java:logGet(46)) - raft.server.read.option = DEFAULT (default)
2023-06-01 19:11:42,780 [d78dd883-3e4c-45aa-98b2-e8ffdf2e22af-groupManagement] INFO  server.RaftServerConfigKeys (ConfUtils.java:logGet(46)) - raft.server.rpc.request.timeout = 60s (custom)
2023-06-01 19:11:42,780 [d78dd883-3e4c-45aa-98b2-e8ffdf2e22af-groupManagement] INFO  server.RaftServerConfigKeys (ConfUtils.java:logGet(46)) - raft.server.log.appender.install.snapshot.enabled = false (custom)
2023-06-01 19:11:42,780 [d78dd883-3e4c-45aa-98b2-e8ffdf2e22af-groupManagement] INFO  server.RaftServerConfigKeys (ConfUtils.java:logGet(46)) - raft.server.threadpool.server.cached = true (default)
2023-06-01 19:11:42,780 [d78dd883-3e4c-45aa-98b2-e8ffdf2e22af-groupManagement] INFO  server.RaftServerConfigKeys (ConfUtils.java:logGet(46)) - raft.server.threadpool.server.size = 0 (default)
2023-06-01 19:11:42,780 [d78dd883-3e4c-45aa-98b2-e8ffdf2e22af-groupManagement] INFO  server.RaftServerConfigKeys (ConfUtils.java:logGet(46)) - raft.server.threadpool.client.cached = true (default)
2023-06-01 19:11:42,780 [d78dd883-3e4c-45aa-98b2-e8ffdf2e22af-groupManagement] INFO  server.RaftServerConfigKeys (ConfUtils.java:logGet(46)) - raft.server.threadpool.client.size = 0 (default)
2023-06-01 19:11:42,780 [d78dd883-3e4c-45aa-98b2-e8ffdf2e22af-groupManagement] INFO  storage.RaftStorageDirectory (RaftStorageDirectoryImpl.java:analyzeStorage(137)) - The storage directory /home/runner/work/ozone/ozone/hadoop-ozone/integration-test/target/test-dir/MiniOzoneClusterImpl-59aba430-7466-43cf-ac60-ffcd1bd17169/datanode-2/data/ratis/16d55649-bfb8-40a0-964c-cd60de991625 does not exist. Creating ...
2023-06-01 19:11:42,781 [d78dd883-3e4c-45aa-98b2-e8ffdf2e22af-groupManagement] INFO  storage.RaftStorageDirectory (RaftStorageDirectoryImpl.java:tryLock(231)) - Lock on /home/runner/work/ozone/ozone/hadoop-ozone/integration-test/target/test-dir/MiniOzoneClusterImpl-59aba430-7466-43cf-ac60-ffcd1bd17169/datanode-2/data/ratis/16d55649-bfb8-40a0-964c-cd60de991625/in_use.lock acquired by nodename 16224@fv-az163-187
2023-06-01 19:11:42,783 [d78dd883-3e4c-45aa-98b2-e8ffdf2e22af-groupManagement] INFO  storage.RaftStorage (RaftStorageImpl.java:format(96)) - Storage directory /home/runner/work/ozone/ozone/hadoop-ozone/integration-test/target/test-dir/MiniOzoneClusterImpl-59aba430-7466-43cf-ac60-ffcd1bd17169/datanode-2/data/ratis/16d55649-bfb8-40a0-964c-cd60de991625 has been successfully formatted.
2023-06-01 19:11:42,783 [d78dd883-3e4c-45aa-98b2-e8ffdf2e22af-groupManagement] INFO  ratis.ContainerStateMachine (ContainerStateMachine.java:loadSnapshot(262)) - group-CD60DE991625: The snapshot info is null. Setting the last applied indexto:(t:0, i:~)
2023-06-01 19:11:42,783 [d78dd883-3e4c-45aa-98b2-e8ffdf2e22af-groupManagement] INFO  server.RaftServerConfigKeys (ConfUtils.java:logGet(46)) - raft.server.log.use.memory = false (default)
2023-06-01 19:11:42,783 [d78dd883-3e4c-45aa-98b2-e8ffdf2e22af-groupManagement] INFO  server.RaftServerConfigKeys (ConfUtils.java:logGet(46)) - raft.server.log.purge.gap = 1000000 (custom)
2023-06-01 19:11:42,783 [d78dd883-3e4c-45aa-98b2-e8ffdf2e22af-groupManagement] INFO  server.RaftServerConfigKeys (ConfUtils.java:logGet(46)) - raft.server.log.appender.buffer.byte-limit = 33554432 (custom)
2023-06-01 19:11:42,783 [d78dd883-3e4c-45aa-98b2-e8ffdf2e22af-groupManagement] INFO  server.RaftServerConfigKeys (ConfUtils.java:logGet(46)) - raft.server.log.statemachine.data.read.timeout = 1000ms (default)
2023-06-01 19:11:42,784 [d78dd883-3e4c-45aa-98b2-e8ffdf2e22af-groupManagement] INFO  server.RaftServerConfigKeys (ConfUtils.java:logGet(46)) - raft.server.log.purge.preservation.log.num = 0 (default)
2023-06-01 19:11:42,784 [d78dd883-3e4c-45aa-98b2-e8ffdf2e22af-groupManagement] INFO  server.RaftServerConfigKeys (ConfUtils.java:logGet(46)) - raft.server.log.segment.size.max = 1048576 (custom)
2023-06-01 19:11:42,784 [d78dd883-3e4c-45aa-98b2-e8ffdf2e22af-groupManagement] INFO  server.RaftServerConfigKeys (ConfUtils.java:logGet(46)) - raft.server.log.segment.cache.num.max = 2 (custom)
2023-06-01 19:11:42,784 [d78dd883-3e4c-45aa-98b2-e8ffdf2e22af-groupManagement] INFO  server.RaftServerConfigKeys (ConfUtils.java:logGet(46)) - raft.server.log.segment.cache.size.max = 200MB (=209715200) (default)
2023-06-01 19:11:42,784 [d78dd883-3e4c-45aa-98b2-e8ffdf2e22af-groupManagement] INFO  server.RaftServerConfigKeys (ConfUtils.java:logGet(46)) - raft.server.log.appender.buffer.byte-limit = 33554432 (custom)
2023-06-01 19:11:42,784 [d78dd883-3e4c-45aa-98b2-e8ffdf2e22af-groupManagement] INFO  segmented.SegmentedRaftLogWorker (SegmentedRaftLogWorker.java:<init>(188)) - new d78dd883-3e4c-45aa-98b2-e8ffdf2e22af@group-CD60DE991625-SegmentedRaftLogWorker for RaftStorageImpl:Storage Directory /home/runner/work/ozone/ozone/hadoop-ozone/integration-test/target/test-dir/MiniOzoneClusterImpl-59aba430-7466-43cf-ac60-ffcd1bd17169/datanode-2/data/ratis/16d55649-bfb8-40a0-964c-cd60de991625
2023-06-01 19:11:42,784 [d78dd883-3e4c-45aa-98b2-e8ffdf2e22af-groupManagement] INFO  server.RaftServerConfigKeys (ConfUtils.java:logGet(46)) - raft.server.log.queue.byte-limit = 4294967296 (custom)
2023-06-01 19:11:42,784 [d78dd883-3e4c-45aa-98b2-e8ffdf2e22af-groupManagement] INFO  server.RaftServerConfigKeys (ConfUtils.java:logGet(46)) - raft.server.log.queue.element-limit = 1024 (custom)
2023-06-01 19:11:42,784 [d78dd883-3e4c-45aa-98b2-e8ffdf2e22af-groupManagement] INFO  server.RaftServerConfigKeys (ConfUtils.java:logGet(46)) - raft.server.log.segment.size.max = 1048576 (custom)
2023-06-01 19:11:42,784 [d78dd883-3e4c-45aa-98b2-e8ffdf2e22af-groupManagement] INFO  server.RaftServerConfigKeys (ConfUtils.java:logGet(46)) - raft.server.log.preallocated.size = 16384 (custom)
2023-06-01 19:11:42,784 [d78dd883-3e4c-45aa-98b2-e8ffdf2e22af-groupManagement] INFO  server.RaftServerConfigKeys (ConfUtils.java:logGet(46)) - raft.server.log.force.sync.num = 128 (default)
2023-06-01 19:11:42,784 [d78dd883-3e4c-45aa-98b2-e8ffdf2e22af-groupManagement] INFO  server.RaftServerConfigKeys (ConfUtils.java:logGet(46)) - raft.server.log.statemachine.data.sync = true (default)
2023-06-01 19:11:42,784 [d78dd883-3e4c-45aa-98b2-e8ffdf2e22af-groupManagement] INFO  server.RaftServerConfigKeys (ConfUtils.java:logGet(46)) - raft.server.log.statemachine.data.sync.timeout = 10s (default)
2023-06-01 19:11:42,784 [d78dd883-3e4c-45aa-98b2-e8ffdf2e22af-groupManagement] INFO  server.RaftServerConfigKeys (ConfUtils.java:logGet(46)) - raft.server.log.statemachine.data.sync.timeout.retry = -1 (default)
2023-06-01 19:11:42,785 [d78dd883-3e4c-45aa-98b2-e8ffdf2e22af-groupManagement] INFO  server.RaftServerConfigKeys (ConfUtils.java:logGet(46)) - raft.server.log.write.buffer.size = 1048576 (custom)
2023-06-01 19:11:42,786 [d78dd883-3e4c-45aa-98b2-e8ffdf2e22af-groupManagement] INFO  server.RaftServerConfigKeys (ConfUtils.java:logGet(46)) - raft.server.log.appender.buffer.byte-limit = 33554432 (custom)
2023-06-01 19:11:42,789 [d78dd883-3e4c-45aa-98b2-e8ffdf2e22af-groupManagement] INFO  server.RaftServerConfigKeys (ConfUtils.java:logGet(46)) - raft.server.log.unsafe-flush.enabled = false (default)
2023-06-01 19:11:42,789 [d78dd883-3e4c-45aa-98b2-e8ffdf2e22af-groupManagement] INFO  server.RaftServerConfigKeys (ConfUtils.java:logGet(46)) - raft.server.log.async-flush.enabled = false (default)
2023-06-01 19:11:42,789 [d78dd883-3e4c-45aa-98b2-e8ffdf2e22af-groupManagement] INFO  server.RaftServerConfigKeys (ConfUtils.java:logGet(46)) - raft.server.log.statemachine.data.caching.enabled = true (custom)
2023-06-01 19:11:42,789 [d78dd883-3e4c-45aa-98b2-e8ffdf2e22af-groupManagement] INFO  segmented.SegmentedRaftLogWorker (SegmentedRaftLogWorker.java:lambda$new$0(135)) - d78dd883-3e4c-45aa-98b2-e8ffdf2e22af@group-CD60DE991625-SegmentedRaftLogWorker: flushIndex: setUnconditionally 0 -> -1
2023-06-01 19:11:42,789 [d78dd883-3e4c-45aa-98b2-e8ffdf2e22af-groupManagement] INFO  segmented.SegmentedRaftLogWorker (SegmentedRaftLogWorker.java:lambda$new$0(135)) - d78dd883-3e4c-45aa-98b2-e8ffdf2e22af@group-CD60DE991625-SegmentedRaftLogWorker: safeCacheEvictIndex: setUnconditionally 0 -> -1
2023-06-01 19:11:42,789 [d78dd883-3e4c-45aa-98b2-e8ffdf2e22af-groupManagement] INFO  server.RaftServer$Division (RaftServerImpl.java:start(342)) - d78dd883-3e4c-45aa-98b2-e8ffdf2e22af@group-CD60DE991625: start as a follower, conf=-1: peers:[d7192325-13fb-433e-b8d5-f6359b644c8f|rpc:10.1.0.196:15095|admin:10.1.0.196:15094|client:10.1.0.196:15093|dataStream:10.1.0.196:15096|priority:1|startupRole:FOLLOWER, d78dd883-3e4c-45aa-98b2-e8ffdf2e22af|rpc:10.1.0.196:15032|admin:10.1.0.196:15031|client:10.1.0.196:15030|dataStream:10.1.0.196:15033|priority:0|startupRole:FOLLOWER, fac1c7af-03c1-44bd-b323-3796df9c2435|rpc:10.1.0.196:15014|admin:10.1.0.196:15013|client:10.1.0.196:15012|dataStream:10.1.0.196:15015|priority:0|startupRole:FOLLOWER]|listeners:[], old=null
2023-06-01 19:11:42,790 [d78dd883-3e4c-45aa-98b2-e8ffdf2e22af-groupManagement] INFO  server.RaftServer$Division (RaftServerImpl.java:setRole(329)) - d78dd883-3e4c-45aa-98b2-e8ffdf2e22af@group-CD60DE991625: changes role from      null to FOLLOWER at term 0 for startAsFollower
2023-06-01 19:11:42,790 [d78dd883-3e4c-45aa-98b2-e8ffdf2e22af-groupManagement] INFO  impl.RoleInfo (RoleInfo.java:updateAndGet(139)) - d78dd883-3e4c-45aa-98b2-e8ffdf2e22af: start d78dd883-3e4c-45aa-98b2-e8ffdf2e22af@group-CD60DE991625-FollowerState
2023-06-01 19:11:42,794 [d78dd883-3e4c-45aa-98b2-e8ffdf2e22af-groupManagement] INFO  util.JmxRegister (JmxRegister.java:tryRegister(44)) - Successfully registered JMX Bean with object name Ratis:service=RaftServer,group=group-CD60DE991625,id=d78dd883-3e4c-45aa-98b2-e8ffdf2e22af
2023-06-01 19:11:42,795 [d78dd883-3e4c-45aa-98b2-e8ffdf2e22af-groupManagement] INFO  server.RaftServerConfigKeys (ConfUtils.java:logGet(46)) - raft.server.snapshot.auto.trigger.enabled = true (custom)
2023-06-01 19:11:42,795 [d78dd883-3e4c-45aa-98b2-e8ffdf2e22af-groupManagement] INFO  server.RaftServerConfigKeys (ConfUtils.java:logGet(46)) - raft.server.snapshot.auto.trigger.threshold = 10000 (custom)
2023-06-01 19:11:42,795 [d78dd883-3e4c-45aa-98b2-e8ffdf2e22af-groupManagement] INFO  server.RaftServerConfigKeys (ConfUtils.java:logGet(46)) - raft.server.snapshot.retention.file.num = 5 (custom)
2023-06-01 19:11:42,795 [d78dd883-3e4c-45aa-98b2-e8ffdf2e22af-groupManagement] INFO  server.RaftServerConfigKeys (ConfUtils.java:logGet(46)) - raft.server.log.purge.upto.snapshot.index = false (default)
2023-06-01 19:11:42,796 [d78dd883-3e4c-45aa-98b2-e8ffdf2e22af@group-CD60DE991625-FollowerState] INFO  server.RaftServerConfigKeys (ConfUtils.java:logFallback(53)) - raft.server.rpc.first-election.timeout.min = 5s (fallback to raft.server.rpc.timeout.min)
2023-06-01 19:11:42,796 [d78dd883-3e4c-45aa-98b2-e8ffdf2e22af@group-CD60DE991625-FollowerState] INFO  server.RaftServerConfigKeys (ConfUtils.java:logFallback(53)) - raft.server.rpc.first-election.timeout.max = 5200ms (fallback to raft.server.rpc.timeout.max)
2023-06-01 19:11:42,823 [grpc-default-executor-7] INFO  server.RaftServer (RaftServerProxy.java:addNew(98)) - fac1c7af-03c1-44bd-b323-3796df9c2435: addNew group-CD60DE991625:[d7192325-13fb-433e-b8d5-f6359b644c8f|rpc:10.1.0.196:15095|admin:10.1.0.196:15094|client:10.1.0.196:15093|dataStream:10.1.0.196:15096|priority:1|startupRole:FOLLOWER, d78dd883-3e4c-45aa-98b2-e8ffdf2e22af|rpc:10.1.0.196:15032|admin:10.1.0.196:15031|client:10.1.0.196:15030|dataStream:10.1.0.196:15033|priority:0|startupRole:FOLLOWER, fac1c7af-03c1-44bd-b323-3796df9c2435|rpc:10.1.0.196:15014|admin:10.1.0.196:15013|client:10.1.0.196:15012|dataStream:10.1.0.196:15015|priority:0|startupRole:FOLLOWER] returns group-CD60DE991625:java.util.concurrent.CompletableFuture@26794aae[Not completed]
2023-06-01 19:11:42,824 [fac1c7af-03c1-44bd-b323-3796df9c2435-groupManagement] INFO  server.RaftServer$Division (RaftServerImpl.java:<init>(198)) - fac1c7af-03c1-44bd-b323-3796df9c2435: new RaftServerImpl for group-CD60DE991625:[d7192325-13fb-433e-b8d5-f6359b644c8f|rpc:10.1.0.196:15095|admin:10.1.0.196:15094|client:10.1.0.196:15093|dataStream:10.1.0.196:15096|priority:1|startupRole:FOLLOWER, d78dd883-3e4c-45aa-98b2-e8ffdf2e22af|rpc:10.1.0.196:15032|admin:10.1.0.196:15031|client:10.1.0.196:15030|dataStream:10.1.0.196:15033|priority:0|startupRole:FOLLOWER, fac1c7af-03c1-44bd-b323-3796df9c2435|rpc:10.1.0.196:15014|admin:10.1.0.196:15013|client:10.1.0.196:15012|dataStream:10.1.0.196:15015|priority:0|startupRole:FOLLOWER] with ContainerStateMachine:uninitialized
2023-06-01 19:11:42,824 [fac1c7af-03c1-44bd-b323-3796df9c2435-groupManagement] INFO  server.RaftServerConfigKeys (ConfUtils.java:logGet(46)) - raft.server.rpc.timeout.min = 5s (custom)
2023-06-01 19:11:42,824 [fac1c7af-03c1-44bd-b323-3796df9c2435-groupManagement] INFO  server.RaftServerConfigKeys (ConfUtils.java:logGet(46)) - raft.server.rpc.timeout.max = 5200ms (custom)
2023-06-01 19:11:42,824 [fac1c7af-03c1-44bd-b323-3796df9c2435-groupManagement] INFO  server.RaftServerConfigKeys (ConfUtils.java:logGet(46)) - raft.server.rpc.sleep.time = 25ms (default)
2023-06-01 19:11:42,824 [fac1c7af-03c1-44bd-b323-3796df9c2435-groupManagement] INFO  server.RaftServerConfigKeys (ConfUtils.java:logGet(46)) - raft.server.rpc.slowness.timeout = 300s (custom)
2023-06-01 19:11:42,824 [fac1c7af-03c1-44bd-b323-3796df9c2435-groupManagement] INFO  server.RaftServerConfigKeys (ConfUtils.java:logGet(46)) - raft.server.leaderelection.leader.step-down.wait-time = 10s (default)
2023-06-01 19:11:42,824 [fac1c7af-03c1-44bd-b323-3796df9c2435-groupManagement] INFO  server.RaftServerConfigKeys (ConfUtils.java:logGet(46)) - raft.server.sleep.deviation.threshold = 300ms (default)
2023-06-01 19:11:42,824 [fac1c7af-03c1-44bd-b323-3796df9c2435-groupManagement] INFO  server.RaftServer$Division (ServerState.java:<init>(120)) - fac1c7af-03c1-44bd-b323-3796df9c2435@group-CD60DE991625: ConfigurationManager, init=-1: peers:[d7192325-13fb-433e-b8d5-f6359b644c8f|rpc:10.1.0.196:15095|admin:10.1.0.196:15094|client:10.1.0.196:15093|dataStream:10.1.0.196:15096|priority:1|startupRole:FOLLOWER, d78dd883-3e4c-45aa-98b2-e8ffdf2e22af|rpc:10.1.0.196:15032|admin:10.1.0.196:15031|client:10.1.0.196:15030|dataStream:10.1.0.196:15033|priority:0|startupRole:FOLLOWER, fac1c7af-03c1-44bd-b323-3796df9c2435|rpc:10.1.0.196:15014|admin:10.1.0.196:15013|client:10.1.0.196:15012|dataStream:10.1.0.196:15015|priority:0|startupRole:FOLLOWER]|listeners:[], old=null, confs=<EMPTY_MAP>
2023-06-01 19:11:42,824 [fac1c7af-03c1-44bd-b323-3796df9c2435-groupManagement] INFO  server.RaftServerConfigKeys (ConfUtils.java:logGet(46)) - raft.server.storage.dir = [/home/runner/work/ozone/ozone/hadoop-ozone/integration-test/target/test-dir/MiniOzoneClusterImpl-59aba430-7466-43cf-ac60-ffcd1bd17169/datanode-0/data/ratis] (custom)
2023-06-01 19:11:42,825 [fac1c7af-03c1-44bd-b323-3796df9c2435-groupManagement] INFO  server.RaftServerConfigKeys (ConfUtils.java:logGet(46)) - raft.server.log.corruption.policy = EXCEPTION (default)
2023-06-01 19:11:42,825 [fac1c7af-03c1-44bd-b323-3796df9c2435-groupManagement] INFO  server.RaftServerConfigKeys (ConfUtils.java:logGet(46)) - raft.server.storage.free-space.min = 0MB (=0) (default)
2023-06-01 19:11:42,825 [fac1c7af-03c1-44bd-b323-3796df9c2435-groupManagement] INFO  server.RaftServerConfigKeys (ConfUtils.java:logGet(46)) - raft.server.notification.no-leader.timeout = 300s (custom)
2023-06-01 19:11:42,825 [fac1c7af-03c1-44bd-b323-3796df9c2435-groupManagement] INFO  server.RaftServerConfigKeys (ConfUtils.java:logGet(46)) - raft.server.read.timeout = 10s (default)
2023-06-01 19:11:42,825 [fac1c7af-03c1-44bd-b323-3796df9c2435-groupManagement] INFO  server.RaftServerConfigKeys (ConfUtils.java:logGet(46)) - raft.server.retrycache.expirytime = 600000ms (custom)
2023-06-01 19:11:42,825 [fac1c7af-03c1-44bd-b323-3796df9c2435-groupManagement] INFO  server.RaftServerConfigKeys (ConfUtils.java:logGet(46)) - raft.server.retrycache.statistics.expirytime = 100μs (default)
2023-06-01 19:11:42,825 [fac1c7af-03c1-44bd-b323-3796df9c2435-groupManagement] INFO  server.RaftServerConfigKeys (ConfUtils.java:logGet(46)) - raft.server.read.option = DEFAULT (default)
2023-06-01 19:11:42,826 [fac1c7af-03c1-44bd-b323-3796df9c2435-groupManagement] INFO  server.RaftServerConfigKeys (ConfUtils.java:logGet(46)) - raft.server.rpc.request.timeout = 60s (custom)
2023-06-01 19:11:42,826 [fac1c7af-03c1-44bd-b323-3796df9c2435-groupManagement] INFO  server.RaftServerConfigKeys (ConfUtils.java:logGet(46)) - raft.server.log.appender.install.snapshot.enabled = false (custom)
2023-06-01 19:11:42,826 [fac1c7af-03c1-44bd-b323-3796df9c2435-groupManagement] INFO  server.RaftServerConfigKeys (ConfUtils.java:logGet(46)) - raft.server.threadpool.server.cached = true (default)
2023-06-01 19:11:42,826 [fac1c7af-03c1-44bd-b323-3796df9c2435-groupManagement] INFO  server.RaftServerConfigKeys (ConfUtils.java:logGet(46)) - raft.server.threadpool.server.size = 0 (default)
2023-06-01 19:11:42,826 [fac1c7af-03c1-44bd-b323-3796df9c2435-groupManagement] INFO  server.RaftServerConfigKeys (ConfUtils.java:logGet(46)) - raft.server.threadpool.client.cached = true (default)
2023-06-01 19:11:42,826 [fac1c7af-03c1-44bd-b323-3796df9c2435-groupManagement] INFO  server.RaftServerConfigKeys (ConfUtils.java:logGet(46)) - raft.server.threadpool.client.size = 0 (default)
2023-06-01 19:11:42,826 [fac1c7af-03c1-44bd-b323-3796df9c2435-groupManagement] INFO  storage.RaftStorageDirectory (RaftStorageDirectoryImpl.java:analyzeStorage(137)) - The storage directory /home/runner/work/ozone/ozone/hadoop-ozone/integration-test/target/test-dir/MiniOzoneClusterImpl-59aba430-7466-43cf-ac60-ffcd1bd17169/datanode-0/data/ratis/16d55649-bfb8-40a0-964c-cd60de991625 does not exist. Creating ...
2023-06-01 19:11:42,828 [fac1c7af-03c1-44bd-b323-3796df9c2435-groupManagement] INFO  storage.RaftStorageDirectory (RaftStorageDirectoryImpl.java:tryLock(231)) - Lock on /home/runner/work/ozone/ozone/hadoop-ozone/integration-test/target/test-dir/MiniOzoneClusterImpl-59aba430-7466-43cf-ac60-ffcd1bd17169/datanode-0/data/ratis/16d55649-bfb8-40a0-964c-cd60de991625/in_use.lock acquired by nodename 16224@fv-az163-187
2023-06-01 19:11:42,829 [fac1c7af-03c1-44bd-b323-3796df9c2435-groupManagement] INFO  storage.RaftStorage (RaftStorageImpl.java:format(96)) - Storage directory /home/runner/work/ozone/ozone/hadoop-ozone/integration-test/target/test-dir/MiniOzoneClusterImpl-59aba430-7466-43cf-ac60-ffcd1bd17169/datanode-0/data/ratis/16d55649-bfb8-40a0-964c-cd60de991625 has been successfully formatted.
2023-06-01 19:11:42,830 [EventQueue-PipelineReportForPipelineReportHandler] INFO  pipeline.PipelineReportHandler (PipelineReportHandler.java:processPipelineReport(115)) - Reported pipeline PipelineID=793e092b-6040-4f80-b54d-aeb6f4c7e190 is not found
2023-06-01 19:11:42,831 [fac1c7af-03c1-44bd-b323-3796df9c2435-groupManagement] INFO  ratis.ContainerStateMachine (ContainerStateMachine.java:loadSnapshot(262)) - group-CD60DE991625: The snapshot info is null. Setting the last applied indexto:(t:0, i:~)
2023-06-01 19:11:42,831 [fac1c7af-03c1-44bd-b323-3796df9c2435-groupManagement] INFO  server.RaftServerConfigKeys (ConfUtils.java:logGet(46)) - raft.server.log.use.memory = false (default)
2023-06-01 19:11:42,831 [fac1c7af-03c1-44bd-b323-3796df9c2435-groupManagement] INFO  server.RaftServerConfigKeys (ConfUtils.java:logGet(46)) - raft.server.log.purge.gap = 1000000 (custom)
2023-06-01 19:11:42,831 [fac1c7af-03c1-44bd-b323-3796df9c2435-groupManagement] INFO  server.RaftServerConfigKeys (ConfUtils.java:logGet(46)) - raft.server.log.appender.buffer.byte-limit = 33554432 (custom)
2023-06-01 19:11:42,831 [fac1c7af-03c1-44bd-b323-3796df9c2435-groupManagement] INFO  server.RaftServerConfigKeys (ConfUtils.java:logGet(46)) - raft.server.log.statemachine.data.read.timeout = 1000ms (default)
2023-06-01 19:11:42,831 [fac1c7af-03c1-44bd-b323-3796df9c2435-groupManagement] INFO  server.RaftServerConfigKeys (ConfUtils.java:logGet(46)) - raft.server.log.purge.preservation.log.num = 0 (default)
2023-06-01 19:11:42,832 [fac1c7af-03c1-44bd-b323-3796df9c2435-groupManagement] INFO  server.RaftServerConfigKeys (ConfUtils.java:logGet(46)) - raft.server.log.segment.size.max = 1048576 (custom)
2023-06-01 19:11:42,833 [fac1c7af-03c1-44bd-b323-3796df9c2435-groupManagement] INFO  server.RaftServerConfigKeys (ConfUtils.java:logGet(46)) - raft.server.log.segment.cache.num.max = 2 (custom)
2023-06-01 19:11:42,833 [fac1c7af-03c1-44bd-b323-3796df9c2435-groupManagement] INFO  server.RaftServerConfigKeys (ConfUtils.java:logGet(46)) - raft.server.log.segment.cache.size.max = 200MB (=209715200) (default)
2023-06-01 19:11:42,833 [fac1c7af-03c1-44bd-b323-3796df9c2435-groupManagement] INFO  server.RaftServerConfigKeys (ConfUtils.java:logGet(46)) - raft.server.log.appender.buffer.byte-limit = 33554432 (custom)
2023-06-01 19:11:42,833 [fac1c7af-03c1-44bd-b323-3796df9c2435-groupManagement] INFO  segmented.SegmentedRaftLogWorker (SegmentedRaftLogWorker.java:<init>(188)) - new fac1c7af-03c1-44bd-b323-3796df9c2435@group-CD60DE991625-SegmentedRaftLogWorker for RaftStorageImpl:Storage Directory /home/runner/work/ozone/ozone/hadoop-ozone/integration-test/target/test-dir/MiniOzoneClusterImpl-59aba430-7466-43cf-ac60-ffcd1bd17169/datanode-0/data/ratis/16d55649-bfb8-40a0-964c-cd60de991625
2023-06-01 19:11:42,833 [fac1c7af-03c1-44bd-b323-3796df9c2435-groupManagement] INFO  server.RaftServerConfigKeys (ConfUtils.java:logGet(46)) - raft.server.log.queue.byte-limit = 4294967296 (custom)
2023-06-01 19:11:42,833 [fac1c7af-03c1-44bd-b323-3796df9c2435-groupManagement] INFO  server.RaftServerConfigKeys (ConfUtils.java:logGet(46)) - raft.server.log.queue.element-limit = 1024 (custom)
2023-06-01 19:11:42,833 [fac1c7af-03c1-44bd-b323-3796df9c2435-groupManagement] INFO  server.RaftServerConfigKeys (ConfUtils.java:logGet(46)) - raft.server.log.segment.size.max = 1048576 (custom)
2023-06-01 19:11:42,833 [fac1c7af-03c1-44bd-b323-3796df9c2435-groupManagement] INFO  server.RaftServerConfigKeys (ConfUtils.java:logGet(46)) - raft.server.log.preallocated.size = 16384 (custom)
2023-06-01 19:11:42,833 [fac1c7af-03c1-44bd-b323-3796df9c2435-groupManagement] INFO  server.RaftServerConfigKeys (ConfUtils.java:logGet(46)) - raft.server.log.force.sync.num = 128 (default)
2023-06-01 19:11:42,833 [fac1c7af-03c1-44bd-b323-3796df9c2435-groupManagement] INFO  server.RaftServerConfigKeys (ConfUtils.java:logGet(46)) - raft.server.log.statemachine.data.sync = true (default)
2023-06-01 19:11:42,833 [fac1c7af-03c1-44bd-b323-3796df9c2435-groupManagement] INFO  server.RaftServerConfigKeys (ConfUtils.java:logGet(46)) - raft.server.log.statemachine.data.sync.timeout = 10s (default)
2023-06-01 19:11:42,834 [fac1c7af-03c1-44bd-b323-3796df9c2435-groupManagement] INFO  server.RaftServerConfigKeys (ConfUtils.java:logGet(46)) - raft.server.log.statemachine.data.sync.timeout.retry = -1 (default)
2023-06-01 19:11:42,835 [fac1c7af-03c1-44bd-b323-3796df9c2435-groupManagement] INFO  server.RaftServerConfigKeys (ConfUtils.java:logGet(46)) - raft.server.log.write.buffer.size = 1048576 (custom)
2023-06-01 19:11:42,835 [fac1c7af-03c1-44bd-b323-3796df9c2435-groupManagement] INFO  server.RaftServerConfigKeys (ConfUtils.java:logGet(46)) - raft.server.log.appender.buffer.byte-limit = 33554432 (custom)
2023-06-01 19:11:42,838 [fac1c7af-03c1-44bd-b323-3796df9c2435-groupManagement] INFO  server.RaftServerConfigKeys (ConfUtils.java:logGet(46)) - raft.server.log.unsafe-flush.enabled = false (default)
2023-06-01 19:11:42,838 [fac1c7af-03c1-44bd-b323-3796df9c2435-groupManagement] INFO  server.RaftServerConfigKeys (ConfUtils.java:logGet(46)) - raft.server.log.async-flush.enabled = false (default)
2023-06-01 19:11:42,838 [fac1c7af-03c1-44bd-b323-3796df9c2435-groupManagement] INFO  server.RaftServerConfigKeys (ConfUtils.java:logGet(46)) - raft.server.log.statemachine.data.caching.enabled = true (custom)
2023-06-01 19:11:42,839 [fac1c7af-03c1-44bd-b323-3796df9c2435-groupManagement] INFO  segmented.SegmentedRaftLogWorker (SegmentedRaftLogWorker.java:lambda$new$0(135)) - fac1c7af-03c1-44bd-b323-3796df9c2435@group-CD60DE991625-SegmentedRaftLogWorker: flushIndex: setUnconditionally 0 -> -1
2023-06-01 19:11:42,839 [fac1c7af-03c1-44bd-b323-3796df9c2435-groupManagement] INFO  segmented.SegmentedRaftLogWorker (SegmentedRaftLogWorker.java:lambda$new$0(135)) - fac1c7af-03c1-44bd-b323-3796df9c2435@group-CD60DE991625-SegmentedRaftLogWorker: safeCacheEvictIndex: setUnconditionally 0 -> -1
2023-06-01 19:11:42,839 [fac1c7af-03c1-44bd-b323-3796df9c2435-groupManagement] INFO  server.RaftServer$Division (RaftServerImpl.java:start(342)) - fac1c7af-03c1-44bd-b323-3796df9c2435@group-CD60DE991625: start as a follower, conf=-1: peers:[d7192325-13fb-433e-b8d5-f6359b644c8f|rpc:10.1.0.196:15095|admin:10.1.0.196:15094|client:10.1.0.196:15093|dataStream:10.1.0.196:15096|priority:1|startupRole:FOLLOWER, d78dd883-3e4c-45aa-98b2-e8ffdf2e22af|rpc:10.1.0.196:15032|admin:10.1.0.196:15031|client:10.1.0.196:15030|dataStream:10.1.0.196:15033|priority:0|startupRole:FOLLOWER, fac1c7af-03c1-44bd-b323-3796df9c2435|rpc:10.1.0.196:15014|admin:10.1.0.196:15013|client:10.1.0.196:15012|dataStream:10.1.0.196:15015|priority:0|startupRole:FOLLOWER]|listeners:[], old=null
2023-06-01 19:11:42,839 [fac1c7af-03c1-44bd-b323-3796df9c2435-groupManagement] INFO  server.RaftServer$Division (RaftServerImpl.java:setRole(329)) - fac1c7af-03c1-44bd-b323-3796df9c2435@group-CD60DE991625: changes role from      null to FOLLOWER at term 0 for startAsFollower
2023-06-01 19:11:42,839 [fac1c7af-03c1-44bd-b323-3796df9c2435-groupManagement] INFO  impl.RoleInfo (RoleInfo.java:updateAndGet(139)) - fac1c7af-03c1-44bd-b323-3796df9c2435: start fac1c7af-03c1-44bd-b323-3796df9c2435@group-CD60DE991625-FollowerState
2023-06-01 19:11:42,842 [fac1c7af-03c1-44bd-b323-3796df9c2435-groupManagement] INFO  util.JmxRegister (JmxRegister.java:tryRegister(44)) - Successfully registered JMX Bean with object name Ratis:service=RaftServer,group=group-CD60DE991625,id=fac1c7af-03c1-44bd-b323-3796df9c2435
2023-06-01 19:11:42,843 [fac1c7af-03c1-44bd-b323-3796df9c2435-groupManagement] INFO  server.RaftServerConfigKeys (ConfUtils.java:logGet(46)) - raft.server.snapshot.auto.trigger.enabled = true (custom)
2023-06-01 19:11:42,843 [fac1c7af-03c1-44bd-b323-3796df9c2435-groupManagement] INFO  server.RaftServerConfigKeys (ConfUtils.java:logGet(46)) - raft.server.snapshot.auto.trigger.threshold = 10000 (custom)
2023-06-01 19:11:42,843 [fac1c7af-03c1-44bd-b323-3796df9c2435-groupManagement] INFO  server.RaftServerConfigKeys (ConfUtils.java:logGet(46)) - raft.server.snapshot.retention.file.num = 5 (custom)
2023-06-01 19:11:42,843 [fac1c7af-03c1-44bd-b323-3796df9c2435-groupManagement] INFO  server.RaftServerConfigKeys (ConfUtils.java:logGet(46)) - raft.server.log.purge.upto.snapshot.index = false (default)
2023-06-01 19:11:42,844 [fac1c7af-03c1-44bd-b323-3796df9c2435@group-CD60DE991625-FollowerState] INFO  server.RaftServerConfigKeys (ConfUtils.java:logFallback(53)) - raft.server.rpc.first-election.timeout.min = 5s (fallback to raft.server.rpc.timeout.min)
2023-06-01 19:11:42,844 [fac1c7af-03c1-44bd-b323-3796df9c2435@group-CD60DE991625-FollowerState] INFO  server.RaftServerConfigKeys (ConfUtils.java:logFallback(53)) - raft.server.rpc.first-election.timeout.max = 5200ms (fallback to raft.server.rpc.timeout.max)
2023-06-01 19:11:42,861 [PipelineCommandHandlerThread-0] INFO  commandhandler.CreatePipelineCommandHandler (CreatePipelineCommandHandler.java:lambda$handle$2(124)) - Created Pipeline RATIS THREE PipelineID=16d55649-bfb8-40a0-964c-cd60de991625.
2023-06-01 19:11:42,862 [PipelineCommandHandlerThread-0] INFO  server.RaftServer (RaftServerProxy.java:addNew(98)) - d7192325-13fb-433e-b8d5-f6359b644c8f: addNew group-13C1C55693B9:[d7192325-13fb-433e-b8d5-f6359b644c8f|rpc:10.1.0.196:15095|admin:10.1.0.196:15094|client:10.1.0.196:15093|dataStream:10.1.0.196:15096|priority:0|startupRole:FOLLOWER, d78dd883-3e4c-45aa-98b2-e8ffdf2e22af|rpc:10.1.0.196:15032|admin:10.1.0.196:15031|client:10.1.0.196:15030|dataStream:10.1.0.196:15033|priority:1|startupRole:FOLLOWER, fac1c7af-03c1-44bd-b323-3796df9c2435|rpc:10.1.0.196:15014|admin:10.1.0.196:15013|client:10.1.0.196:15012|dataStream:10.1.0.196:15015|priority:0|startupRole:FOLLOWER] returns group-13C1C55693B9:java.util.concurrent.CompletableFuture@4aa4250e[Not completed]
2023-06-01 19:11:42,862 [d7192325-13fb-433e-b8d5-f6359b644c8f-groupManagement] INFO  server.RaftServer$Division (RaftServerImpl.java:<init>(198)) - d7192325-13fb-433e-b8d5-f6359b644c8f: new RaftServerImpl for group-13C1C55693B9:[d7192325-13fb-433e-b8d5-f6359b644c8f|rpc:10.1.0.196:15095|admin:10.1.0.196:15094|client:10.1.0.196:15093|dataStream:10.1.0.196:15096|priority:0|startupRole:FOLLOWER, d78dd883-3e4c-45aa-98b2-e8ffdf2e22af|rpc:10.1.0.196:15032|admin:10.1.0.196:15031|client:10.1.0.196:15030|dataStream:10.1.0.196:15033|priority:1|startupRole:FOLLOWER, fac1c7af-03c1-44bd-b323-3796df9c2435|rpc:10.1.0.196:15014|admin:10.1.0.196:15013|client:10.1.0.196:15012|dataStream:10.1.0.196:15015|priority:0|startupRole:FOLLOWER] with ContainerStateMachine:uninitialized
2023-06-01 19:11:42,862 [d7192325-13fb-433e-b8d5-f6359b644c8f-groupManagement] INFO  server.RaftServerConfigKeys (ConfUtils.java:logGet(46)) - raft.server.rpc.timeout.min = 5s (custom)
2023-06-01 19:11:42,863 [d7192325-13fb-433e-b8d5-f6359b644c8f-groupManagement] INFO  server.RaftServerConfigKeys (ConfUtils.java:logGet(46)) - raft.server.rpc.timeout.max = 5200ms (custom)
2023-06-01 19:11:42,863 [d7192325-13fb-433e-b8d5-f6359b644c8f-groupManagement] INFO  server.RaftServerConfigKeys (ConfUtils.java:logGet(46)) - raft.server.rpc.sleep.time = 25ms (default)
2023-06-01 19:11:42,863 [d7192325-13fb-433e-b8d5-f6359b644c8f-groupManagement] INFO  server.RaftServerConfigKeys (ConfUtils.java:logGet(46)) - raft.server.rpc.slowness.timeout = 300s (custom)
2023-06-01 19:11:42,863 [d7192325-13fb-433e-b8d5-f6359b644c8f-groupManagement] INFO  server.RaftServerConfigKeys (ConfUtils.java:logGet(46)) - raft.server.leaderelection.leader.step-down.wait-time = 10s (default)
2023-06-01 19:11:42,863 [d7192325-13fb-433e-b8d5-f6359b644c8f-groupManagement] INFO  server.RaftServerConfigKeys (ConfUtils.java:logGet(46)) - raft.server.sleep.deviation.threshold = 300ms (default)
2023-06-01 19:11:42,863 [d7192325-13fb-433e-b8d5-f6359b644c8f-groupManagement] INFO  server.RaftServer$Division (ServerState.java:<init>(120)) - d7192325-13fb-433e-b8d5-f6359b644c8f@group-13C1C55693B9: ConfigurationManager, init=-1: peers:[d7192325-13fb-433e-b8d5-f6359b644c8f|rpc:10.1.0.196:15095|admin:10.1.0.196:15094|client:10.1.0.196:15093|dataStream:10.1.0.196:15096|priority:0|startupRole:FOLLOWER, d78dd883-3e4c-45aa-98b2-e8ffdf2e22af|rpc:10.1.0.196:15032|admin:10.1.0.196:15031|client:10.1.0.196:15030|dataStream:10.1.0.196:15033|priority:1|startupRole:FOLLOWER, fac1c7af-03c1-44bd-b323-3796df9c2435|rpc:10.1.0.196:15014|admin:10.1.0.196:15013|client:10.1.0.196:15012|dataStream:10.1.0.196:15015|priority:0|startupRole:FOLLOWER]|listeners:[], old=null, confs=<EMPTY_MAP>
2023-06-01 19:11:42,863 [d7192325-13fb-433e-b8d5-f6359b644c8f-groupManagement] INFO  server.RaftServerConfigKeys (ConfUtils.java:logGet(46)) - raft.server.storage.dir = [/home/runner/work/ozone/ozone/hadoop-ozone/integration-test/target/test-dir/MiniOzoneClusterImpl-59aba430-7466-43cf-ac60-ffcd1bd17169/datanode-9/data/ratis] (custom)
2023-06-01 19:11:42,863 [d7192325-13fb-433e-b8d5-f6359b644c8f-groupManagement] INFO  server.RaftServerConfigKeys (ConfUtils.java:logGet(46)) - raft.server.log.corruption.policy = EXCEPTION (default)
2023-06-01 19:11:42,863 [d7192325-13fb-433e-b8d5-f6359b644c8f-groupManagement] INFO  server.RaftServerConfigKeys (ConfUtils.java:logGet(46)) - raft.server.storage.free-space.min = 0MB (=0) (default)
2023-06-01 19:11:42,863 [d7192325-13fb-433e-b8d5-f6359b644c8f-groupManagement] INFO  server.RaftServerConfigKeys (ConfUtils.java:logGet(46)) - raft.server.notification.no-leader.timeout = 300s (custom)
2023-06-01 19:11:42,863 [d7192325-13fb-433e-b8d5-f6359b644c8f-groupManagement] INFO  server.RaftServerConfigKeys (ConfUtils.java:logGet(46)) - raft.server.read.timeout = 10s (default)
2023-06-01 19:11:42,863 [d7192325-13fb-433e-b8d5-f6359b644c8f-groupManagement] INFO  server.RaftServerConfigKeys (ConfUtils.java:logGet(46)) - raft.server.retrycache.expirytime = 600000ms (custom)
2023-06-01 19:11:42,863 [d7192325-13fb-433e-b8d5-f6359b644c8f-groupManagement] INFO  server.RaftServerConfigKeys (ConfUtils.java:logGet(46)) - raft.server.retrycache.statistics.expirytime = 100μs (default)
2023-06-01 19:11:42,863 [d7192325-13fb-433e-b8d5-f6359b644c8f-groupManagement] INFO  server.RaftServerConfigKeys (ConfUtils.java:logGet(46)) - raft.server.read.option = DEFAULT (default)
2023-06-01 19:11:42,864 [d7192325-13fb-433e-b8d5-f6359b644c8f-groupManagement] INFO  server.RaftServerConfigKeys (ConfUtils.java:logGet(46)) - raft.server.rpc.request.timeout = 60s (custom)
2023-06-01 19:11:42,864 [d7192325-13fb-433e-b8d5-f6359b644c8f-groupManagement] INFO  server.RaftServerConfigKeys (ConfUtils.java:logGet(46)) - raft.server.log.appender.install.snapshot.enabled = false (custom)
2023-06-01 19:11:42,864 [d7192325-13fb-433e-b8d5-f6359b644c8f-groupManagement] INFO  server.RaftServerConfigKeys (ConfUtils.java:logGet(46)) - raft.server.threadpool.server.cached = true (default)
2023-06-01 19:11:42,864 [d7192325-13fb-433e-b8d5-f6359b644c8f-groupManagement] INFO  server.RaftServerConfigKeys (ConfUtils.java:logGet(46)) - raft.server.threadpool.server.size = 0 (default)
2023-06-01 19:11:42,864 [d7192325-13fb-433e-b8d5-f6359b644c8f-groupManagement] INFO  server.RaftServerConfigKeys (ConfUtils.java:logGet(46)) - raft.server.threadpool.client.cached = true (default)
2023-06-01 19:11:42,864 [d7192325-13fb-433e-b8d5-f6359b644c8f-groupManagement] INFO  server.RaftServerConfigKeys (ConfUtils.java:logGet(46)) - raft.server.threadpool.client.size = 0 (default)
2023-06-01 19:11:42,864 [d7192325-13fb-433e-b8d5-f6359b644c8f-groupManagement] INFO  storage.RaftStorageDirectory (RaftStorageDirectoryImpl.java:analyzeStorage(137)) - The storage directory /home/runner/work/ozone/ozone/hadoop-ozone/integration-test/target/test-dir/MiniOzoneClusterImpl-59aba430-7466-43cf-ac60-ffcd1bd17169/datanode-9/data/ratis/e5a135ac-c615-44d5-a8ea-13c1c55693b9 does not exist. Creating ...
2023-06-01 19:11:42,865 [d7192325-13fb-433e-b8d5-f6359b644c8f-groupManagement] INFO  storage.RaftStorageDirectory (RaftStorageDirectoryImpl.java:tryLock(231)) - Lock on /home/runner/work/ozone/ozone/hadoop-ozone/integration-test/target/test-dir/MiniOzoneClusterImpl-59aba430-7466-43cf-ac60-ffcd1bd17169/datanode-9/data/ratis/e5a135ac-c615-44d5-a8ea-13c1c55693b9/in_use.lock acquired by nodename 16224@fv-az163-187
2023-06-01 19:11:42,866 [d7192325-13fb-433e-b8d5-f6359b644c8f-groupManagement] INFO  storage.RaftStorage (RaftStorageImpl.java:format(96)) - Storage directory /home/runner/work/ozone/ozone/hadoop-ozone/integration-test/target/test-dir/MiniOzoneClusterImpl-59aba430-7466-43cf-ac60-ffcd1bd17169/datanode-9/data/ratis/e5a135ac-c615-44d5-a8ea-13c1c55693b9 has been successfully formatted.
2023-06-01 19:11:42,867 [d7192325-13fb-433e-b8d5-f6359b644c8f-groupManagement] INFO  ratis.ContainerStateMachine (ContainerStateMachine.java:loadSnapshot(262)) - group-13C1C55693B9: The snapshot info is null. Setting the last applied indexto:(t:0, i:~)
2023-06-01 19:11:42,867 [d7192325-13fb-433e-b8d5-f6359b644c8f-groupManagement] INFO  server.RaftServerConfigKeys (ConfUtils.java:logGet(46)) - raft.server.log.use.memory = false (default)
2023-06-01 19:11:42,867 [d7192325-13fb-433e-b8d5-f6359b644c8f-groupManagement] INFO  server.RaftServerConfigKeys (ConfUtils.java:logGet(46)) - raft.server.log.purge.gap = 1000000 (custom)
2023-06-01 19:11:42,867 [d7192325-13fb-433e-b8d5-f6359b644c8f-groupManagement] INFO  server.RaftServerConfigKeys (ConfUtils.java:logGet(46)) - raft.server.log.appender.buffer.byte-limit = 33554432 (custom)
2023-06-01 19:11:42,867 [d7192325-13fb-433e-b8d5-f6359b644c8f-groupManagement] INFO  server.RaftServerConfigKeys (ConfUtils.java:logGet(46)) - raft.server.log.statemachine.data.read.timeout = 1000ms (default)
2023-06-01 19:11:42,867 [d7192325-13fb-433e-b8d5-f6359b644c8f-groupManagement] INFO  server.RaftServerConfigKeys (ConfUtils.java:logGet(46)) - raft.server.log.purge.preservation.log.num = 0 (default)
2023-06-01 19:11:42,867 [d7192325-13fb-433e-b8d5-f6359b644c8f-groupManagement] INFO  server.RaftServerConfigKeys (ConfUtils.java:logGet(46)) - raft.server.log.segment.size.max = 1048576 (custom)
2023-06-01 19:11:42,867 [d7192325-13fb-433e-b8d5-f6359b644c8f-groupManagement] INFO  server.RaftServerConfigKeys (ConfUtils.java:logGet(46)) - raft.server.log.segment.cache.num.max = 2 (custom)
2023-06-01 19:11:42,867 [d7192325-13fb-433e-b8d5-f6359b644c8f-groupManagement] INFO  server.RaftServerConfigKeys (ConfUtils.java:logGet(46)) - raft.server.log.segment.cache.size.max = 200MB (=209715200) (default)
2023-06-01 19:11:42,867 [d7192325-13fb-433e-b8d5-f6359b644c8f-groupManagement] INFO  server.RaftServerConfigKeys (ConfUtils.java:logGet(46)) - raft.server.log.appender.buffer.byte-limit = 33554432 (custom)
2023-06-01 19:11:42,867 [d7192325-13fb-433e-b8d5-f6359b644c8f-groupManagement] INFO  segmented.SegmentedRaftLogWorker (SegmentedRaftLogWorker.java:<init>(188)) - new d7192325-13fb-433e-b8d5-f6359b644c8f@group-13C1C55693B9-SegmentedRaftLogWorker for RaftStorageImpl:Storage Directory /home/runner/work/ozone/ozone/hadoop-ozone/integration-test/target/test-dir/MiniOzoneClusterImpl-59aba430-7466-43cf-ac60-ffcd1bd17169/datanode-9/data/ratis/e5a135ac-c615-44d5-a8ea-13c1c55693b9
2023-06-01 19:11:42,867 [d7192325-13fb-433e-b8d5-f6359b644c8f-groupManagement] INFO  server.RaftServerConfigKeys (ConfUtils.java:logGet(46)) - raft.server.log.queue.byte-limit = 4294967296 (custom)
2023-06-01 19:11:42,867 [d7192325-13fb-433e-b8d5-f6359b644c8f-groupManagement] INFO  server.RaftServerConfigKeys (ConfUtils.java:logGet(46)) - raft.server.log.queue.element-limit = 1024 (custom)
2023-06-01 19:11:42,868 [d7192325-13fb-433e-b8d5-f6359b644c8f-groupManagement] INFO  server.RaftServerConfigKeys (ConfUtils.java:logGet(46)) - raft.server.log.segment.size.max = 1048576 (custom)
2023-06-01 19:11:42,868 [d7192325-13fb-433e-b8d5-f6359b644c8f-groupManagement] INFO  server.RaftServerConfigKeys (ConfUtils.java:logGet(46)) - raft.server.log.preallocated.size = 16384 (custom)
2023-06-01 19:11:42,868 [d7192325-13fb-433e-b8d5-f6359b644c8f-groupManagement] INFO  server.RaftServerConfigKeys (ConfUtils.java:logGet(46)) - raft.server.log.force.sync.num = 128 (default)
2023-06-01 19:11:42,868 [d7192325-13fb-433e-b8d5-f6359b644c8f-groupManagement] INFO  server.RaftServerConfigKeys (ConfUtils.java:logGet(46)) - raft.server.log.statemachine.data.sync = true (default)
2023-06-01 19:11:42,868 [d7192325-13fb-433e-b8d5-f6359b644c8f-groupManagement] INFO  server.RaftServerConfigKeys (ConfUtils.java:logGet(46)) - raft.server.log.statemachine.data.sync.timeout = 10s (default)
2023-06-01 19:11:42,868 [d7192325-13fb-433e-b8d5-f6359b644c8f-groupManagement] INFO  server.RaftServerConfigKeys (ConfUtils.java:logGet(46)) - raft.server.log.statemachine.data.sync.timeout.retry = -1 (default)
2023-06-01 19:11:42,868 [d7192325-13fb-433e-b8d5-f6359b644c8f-groupManagement] INFO  server.RaftServerConfigKeys (ConfUtils.java:logGet(46)) - raft.server.log.write.buffer.size = 1048576 (custom)
2023-06-01 19:11:42,868 [d7192325-13fb-433e-b8d5-f6359b644c8f-groupManagement] INFO  server.RaftServerConfigKeys (ConfUtils.java:logGet(46)) - raft.server.log.appender.buffer.byte-limit = 33554432 (custom)
2023-06-01 19:11:42,872 [d7192325-13fb-433e-b8d5-f6359b644c8f-groupManagement] INFO  server.RaftServerConfigKeys (ConfUtils.java:logGet(46)) - raft.server.log.unsafe-flush.enabled = false (default)
2023-06-01 19:11:42,872 [d7192325-13fb-433e-b8d5-f6359b644c8f-groupManagement] INFO  server.RaftServerConfigKeys (ConfUtils.java:logGet(46)) - raft.server.log.async-flush.enabled = false (default)
2023-06-01 19:11:42,872 [d7192325-13fb-433e-b8d5-f6359b644c8f-groupManagement] INFO  server.RaftServerConfigKeys (ConfUtils.java:logGet(46)) - raft.server.log.statemachine.data.caching.enabled = true (custom)
2023-06-01 19:11:42,872 [d7192325-13fb-433e-b8d5-f6359b644c8f-groupManagement] INFO  segmented.SegmentedRaftLogWorker (SegmentedRaftLogWorker.java:lambda$new$0(135)) - d7192325-13fb-433e-b8d5-f6359b644c8f@group-13C1C55693B9-SegmentedRaftLogWorker: flushIndex: setUnconditionally 0 -> -1
2023-06-01 19:11:42,872 [d7192325-13fb-433e-b8d5-f6359b644c8f-groupManagement] INFO  segmented.SegmentedRaftLogWorker (SegmentedRaftLogWorker.java:lambda$new$0(135)) - d7192325-13fb-433e-b8d5-f6359b644c8f@group-13C1C55693B9-SegmentedRaftLogWorker: safeCacheEvictIndex: setUnconditionally 0 -> -1
2023-06-01 19:11:42,872 [d7192325-13fb-433e-b8d5-f6359b644c8f-groupManagement] INFO  server.RaftServer$Division (RaftServerImpl.java:start(342)) - d7192325-13fb-433e-b8d5-f6359b644c8f@group-13C1C55693B9: start as a follower, conf=-1: peers:[d7192325-13fb-433e-b8d5-f6359b644c8f|rpc:10.1.0.196:15095|admin:10.1.0.196:15094|client:10.1.0.196:15093|dataStream:10.1.0.196:15096|priority:0|startupRole:FOLLOWER, d78dd883-3e4c-45aa-98b2-e8ffdf2e22af|rpc:10.1.0.196:15032|admin:10.1.0.196:15031|client:10.1.0.196:15030|dataStream:10.1.0.196:15033|priority:1|startupRole:FOLLOWER, fac1c7af-03c1-44bd-b323-3796df9c2435|rpc:10.1.0.196:15014|admin:10.1.0.196:15013|client:10.1.0.196:15012|dataStream:10.1.0.196:15015|priority:0|startupRole:FOLLOWER]|listeners:[], old=null
2023-06-01 19:11:42,872 [d7192325-13fb-433e-b8d5-f6359b644c8f-groupManagement] INFO  server.RaftServer$Division (RaftServerImpl.java:setRole(329)) - d7192325-13fb-433e-b8d5-f6359b644c8f@group-13C1C55693B9: changes role from      null to FOLLOWER at term 0 for startAsFollower
2023-06-01 19:11:42,872 [d7192325-13fb-433e-b8d5-f6359b644c8f-groupManagement] INFO  impl.RoleInfo (RoleInfo.java:updateAndGet(139)) - d7192325-13fb-433e-b8d5-f6359b644c8f: start d7192325-13fb-433e-b8d5-f6359b644c8f@group-13C1C55693B9-FollowerState
2023-06-01 19:11:42,872 [d7192325-13fb-433e-b8d5-f6359b644c8f-groupManagement] INFO  util.JmxRegister (JmxRegister.java:tryRegister(44)) - Successfully registered JMX Bean with object name Ratis:service=RaftServer,group=group-13C1C55693B9,id=d7192325-13fb-433e-b8d5-f6359b644c8f
2023-06-01 19:11:42,872 [d7192325-13fb-433e-b8d5-f6359b644c8f@group-13C1C55693B9-FollowerState] INFO  server.RaftServerConfigKeys (ConfUtils.java:logFallback(53)) - raft.server.rpc.first-election.timeout.min = 5s (fallback to raft.server.rpc.timeout.min)
2023-06-01 19:11:42,872 [d7192325-13fb-433e-b8d5-f6359b644c8f-groupManagement] INFO  server.RaftServerConfigKeys (ConfUtils.java:logGet(46)) - raft.server.snapshot.auto.trigger.enabled = true (custom)
2023-06-01 19:11:42,873 [d7192325-13fb-433e-b8d5-f6359b644c8f@group-13C1C55693B9-FollowerState] INFO  server.RaftServerConfigKeys (ConfUtils.java:logFallback(53)) - raft.server.rpc.first-election.timeout.max = 5200ms (fallback to raft.server.rpc.timeout.max)
2023-06-01 19:11:42,873 [d7192325-13fb-433e-b8d5-f6359b644c8f-groupManagement] INFO  server.RaftServerConfigKeys (ConfUtils.java:logGet(46)) - raft.server.snapshot.auto.trigger.threshold = 10000 (custom)
2023-06-01 19:11:42,873 [d7192325-13fb-433e-b8d5-f6359b644c8f-groupManagement] INFO  server.RaftServerConfigKeys (ConfUtils.java:logGet(46)) - raft.server.snapshot.retention.file.num = 5 (custom)
2023-06-01 19:11:42,873 [d7192325-13fb-433e-b8d5-f6359b644c8f-groupManagement] INFO  server.RaftServerConfigKeys (ConfUtils.java:logGet(46)) - raft.server.log.purge.upto.snapshot.index = false (default)
2023-06-01 19:11:42,873 [PipelineCommandHandlerThread-0] INFO  ratis.XceiverServerRatis (XceiverServerRatis.java:addGroup(804)) - Created group PipelineID=e5a135ac-c615-44d5-a8ea-13c1c55693b9
2023-06-01 19:11:42,881 [grpc-default-executor-7] INFO  server.RaftServer (RaftServerProxy.java:addNew(98)) - fac1c7af-03c1-44bd-b323-3796df9c2435: addNew group-13C1C55693B9:[d7192325-13fb-433e-b8d5-f6359b644c8f|rpc:10.1.0.196:15095|admin:10.1.0.196:15094|client:10.1.0.196:15093|dataStream:10.1.0.196:15096|priority:0|startupRole:FOLLOWER, d78dd883-3e4c-45aa-98b2-e8ffdf2e22af|rpc:10.1.0.196:15032|admin:10.1.0.196:15031|client:10.1.0.196:15030|dataStream:10.1.0.196:15033|priority:1|startupRole:FOLLOWER, fac1c7af-03c1-44bd-b323-3796df9c2435|rpc:10.1.0.196:15014|admin:10.1.0.196:15013|client:10.1.0.196:15012|dataStream:10.1.0.196:15015|priority:0|startupRole:FOLLOWER] returns group-13C1C55693B9:java.util.concurrent.CompletableFuture@119c309e[Not completed]
2023-06-01 19:11:42,882 [fac1c7af-03c1-44bd-b323-3796df9c2435-groupManagement] INFO  server.RaftServer$Division (RaftServerImpl.java:<init>(198)) - fac1c7af-03c1-44bd-b323-3796df9c2435: new RaftServerImpl for group-13C1C55693B9:[d7192325-13fb-433e-b8d5-f6359b644c8f|rpc:10.1.0.196:15095|admin:10.1.0.196:15094|client:10.1.0.196:15093|dataStream:10.1.0.196:15096|priority:0|startupRole:FOLLOWER, d78dd883-3e4c-45aa-98b2-e8ffdf2e22af|rpc:10.1.0.196:15032|admin:10.1.0.196:15031|client:10.1.0.196:15030|dataStream:10.1.0.196:15033|priority:1|startupRole:FOLLOWER, fac1c7af-03c1-44bd-b323-3796df9c2435|rpc:10.1.0.196:15014|admin:10.1.0.196:15013|client:10.1.0.196:15012|dataStream:10.1.0.196:15015|priority:0|startupRole:FOLLOWER] with ContainerStateMachine:uninitialized
2023-06-01 19:11:42,882 [fac1c7af-03c1-44bd-b323-3796df9c2435-groupManagement] INFO  server.RaftServerConfigKeys (ConfUtils.java:logGet(46)) - raft.server.rpc.timeout.min = 5s (custom)
2023-06-01 19:11:42,882 [fac1c7af-03c1-44bd-b323-3796df9c2435-groupManagement] INFO  server.RaftServerConfigKeys (ConfUtils.java:logGet(46)) - raft.server.rpc.timeout.max = 5200ms (custom)
2023-06-01 19:11:42,882 [fac1c7af-03c1-44bd-b323-3796df9c2435-groupManagement] INFO  server.RaftServerConfigKeys (ConfUtils.java:logGet(46)) - raft.server.rpc.sleep.time = 25ms (default)
2023-06-01 19:11:42,882 [fac1c7af-03c1-44bd-b323-3796df9c2435-groupManagement] INFO  server.RaftServerConfigKeys (ConfUtils.java:logGet(46)) - raft.server.rpc.slowness.timeout = 300s (custom)
2023-06-01 19:11:42,882 [fac1c7af-03c1-44bd-b323-3796df9c2435-groupManagement] INFO  server.RaftServerConfigKeys (ConfUtils.java:logGet(46)) - raft.server.leaderelection.leader.step-down.wait-time = 10s (default)
2023-06-01 19:11:42,882 [fac1c7af-03c1-44bd-b323-3796df9c2435-groupManagement] INFO  server.RaftServerConfigKeys (ConfUtils.java:logGet(46)) - raft.server.sleep.deviation.threshold = 300ms (default)
2023-06-01 19:11:42,882 [fac1c7af-03c1-44bd-b323-3796df9c2435-groupManagement] INFO  server.RaftServer$Division (ServerState.java:<init>(120)) - fac1c7af-03c1-44bd-b323-3796df9c2435@group-13C1C55693B9: ConfigurationManager, init=-1: peers:[d7192325-13fb-433e-b8d5-f6359b644c8f|rpc:10.1.0.196:15095|admin:10.1.0.196:15094|client:10.1.0.196:15093|dataStream:10.1.0.196:15096|priority:0|startupRole:FOLLOWER, d78dd883-3e4c-45aa-98b2-e8ffdf2e22af|rpc:10.1.0.196:15032|admin:10.1.0.196:15031|client:10.1.0.196:15030|dataStream:10.1.0.196:15033|priority:1|startupRole:FOLLOWER, fac1c7af-03c1-44bd-b323-3796df9c2435|rpc:10.1.0.196:15014|admin:10.1.0.196:15013|client:10.1.0.196:15012|dataStream:10.1.0.196:15015|priority:0|startupRole:FOLLOWER]|listeners:[], old=null, confs=<EMPTY_MAP>
2023-06-01 19:11:42,882 [fac1c7af-03c1-44bd-b323-3796df9c2435-groupManagement] INFO  server.RaftServerConfigKeys (ConfUtils.java:logGet(46)) - raft.server.storage.dir = [/home/runner/work/ozone/ozone/hadoop-ozone/integration-test/target/test-dir/MiniOzoneClusterImpl-59aba430-7466-43cf-ac60-ffcd1bd17169/datanode-0/data/ratis] (custom)
2023-06-01 19:11:42,883 [fac1c7af-03c1-44bd-b323-3796df9c2435-groupManagement] INFO  server.RaftServerConfigKeys (ConfUtils.java:logGet(46)) - raft.server.log.corruption.policy = EXCEPTION (default)
2023-06-01 19:11:42,883 [fac1c7af-03c1-44bd-b323-3796df9c2435-groupManagement] INFO  server.RaftServerConfigKeys (ConfUtils.java:logGet(46)) - raft.server.storage.free-space.min = 0MB (=0) (default)
2023-06-01 19:11:42,883 [fac1c7af-03c1-44bd-b323-3796df9c2435-groupManagement] INFO  server.RaftServerConfigKeys (ConfUtils.java:logGet(46)) - raft.server.notification.no-leader.timeout = 300s (custom)
2023-06-01 19:11:42,883 [fac1c7af-03c1-44bd-b323-3796df9c2435-groupManagement] INFO  server.RaftServerConfigKeys (ConfUtils.java:logGet(46)) - raft.server.read.timeout = 10s (default)
2023-06-01 19:11:42,883 [fac1c7af-03c1-44bd-b323-3796df9c2435-groupManagement] INFO  server.RaftServerConfigKeys (ConfUtils.java:logGet(46)) - raft.server.retrycache.expirytime = 600000ms (custom)
2023-06-01 19:11:42,883 [fac1c7af-03c1-44bd-b323-3796df9c2435-groupManagement] INFO  server.RaftServerConfigKeys (ConfUtils.java:logGet(46)) - raft.server.retrycache.statistics.expirytime = 100μs (default)
2023-06-01 19:11:42,883 [fac1c7af-03c1-44bd-b323-3796df9c2435-groupManagement] INFO  server.RaftServerConfigKeys (ConfUtils.java:logGet(46)) - raft.server.read.option = DEFAULT (default)
2023-06-01 19:11:42,884 [fac1c7af-03c1-44bd-b323-3796df9c2435-groupManagement] INFO  server.RaftServerConfigKeys (ConfUtils.java:logGet(46)) - raft.server.rpc.request.timeout = 60s (custom)
2023-06-01 19:11:42,884 [fac1c7af-03c1-44bd-b323-3796df9c2435-groupManagement] INFO  server.RaftServerConfigKeys (ConfUtils.java:logGet(46)) - raft.server.log.appender.install.snapshot.enabled = false (custom)
2023-06-01 19:11:42,884 [fac1c7af-03c1-44bd-b323-3796df9c2435-groupManagement] INFO  server.RaftServerConfigKeys (ConfUtils.java:logGet(46)) - raft.server.threadpool.server.cached = true (default)
2023-06-01 19:11:42,884 [fac1c7af-03c1-44bd-b323-3796df9c2435-groupManagement] INFO  server.RaftServerConfigKeys (ConfUtils.java:logGet(46)) - raft.server.threadpool.server.size = 0 (default)
2023-06-01 19:11:42,884 [fac1c7af-03c1-44bd-b323-3796df9c2435-groupManagement] INFO  server.RaftServerConfigKeys (ConfUtils.java:logGet(46)) - raft.server.threadpool.client.cached = true (default)
2023-06-01 19:11:42,884 [fac1c7af-03c1-44bd-b323-3796df9c2435-groupManagement] INFO  server.RaftServerConfigKeys (ConfUtils.java:logGet(46)) - raft.server.threadpool.client.size = 0 (default)
2023-06-01 19:11:42,884 [fac1c7af-03c1-44bd-b323-3796df9c2435-groupManagement] INFO  storage.RaftStorageDirectory (RaftStorageDirectoryImpl.java:analyzeStorage(137)) - The storage directory /home/runner/work/ozone/ozone/hadoop-ozone/integration-test/target/test-dir/MiniOzoneClusterImpl-59aba430-7466-43cf-ac60-ffcd1bd17169/datanode-0/data/ratis/e5a135ac-c615-44d5-a8ea-13c1c55693b9 does not exist. Creating ...
2023-06-01 19:11:42,885 [fac1c7af-03c1-44bd-b323-3796df9c2435-groupManagement] INFO  storage.RaftStorageDirectory (RaftStorageDirectoryImpl.java:tryLock(231)) - Lock on /home/runner/work/ozone/ozone/hadoop-ozone/integration-test/target/test-dir/MiniOzoneClusterImpl-59aba430-7466-43cf-ac60-ffcd1bd17169/datanode-0/data/ratis/e5a135ac-c615-44d5-a8ea-13c1c55693b9/in_use.lock acquired by nodename 16224@fv-az163-187
2023-06-01 19:11:42,886 [fac1c7af-03c1-44bd-b323-3796df9c2435-groupManagement] INFO  storage.RaftStorage (RaftStorageImpl.java:format(96)) - Storage directory /home/runner/work/ozone/ozone/hadoop-ozone/integration-test/target/test-dir/MiniOzoneClusterImpl-59aba430-7466-43cf-ac60-ffcd1bd17169/datanode-0/data/ratis/e5a135ac-c615-44d5-a8ea-13c1c55693b9 has been successfully formatted.
2023-06-01 19:11:42,886 [fac1c7af-03c1-44bd-b323-3796df9c2435-groupManagement] INFO  ratis.ContainerStateMachine (ContainerStateMachine.java:loadSnapshot(262)) - group-13C1C55693B9: The snapshot info is null. Setting the last applied indexto:(t:0, i:~)
2023-06-01 19:11:42,889 [EventQueue-PipelineReportForPipelineReportHandler] INFO  pipeline.PipelineReportHandler (PipelineReportHandler.java:processPipelineReport(115)) - Reported pipeline PipelineID=793e092b-6040-4f80-b54d-aeb6f4c7e190 is not found
2023-06-01 19:11:42,890 [fac1c7af-03c1-44bd-b323-3796df9c2435-groupManagement] INFO  server.RaftServerConfigKeys (ConfUtils.java:logGet(46)) - raft.server.log.use.memory = false (default)
2023-06-01 19:11:42,890 [fac1c7af-03c1-44bd-b323-3796df9c2435-groupManagement] INFO  server.RaftServerConfigKeys (ConfUtils.java:logGet(46)) - raft.server.log.purge.gap = 1000000 (custom)
2023-06-01 19:11:42,890 [fac1c7af-03c1-44bd-b323-3796df9c2435-groupManagement] INFO  server.RaftServerConfigKeys (ConfUtils.java:logGet(46)) - raft.server.log.appender.buffer.byte-limit = 33554432 (custom)
2023-06-01 19:11:42,890 [fac1c7af-03c1-44bd-b323-3796df9c2435-groupManagement] INFO  server.RaftServerConfigKeys (ConfUtils.java:logGet(46)) - raft.server.log.statemachine.data.read.timeout = 1000ms (default)
2023-06-01 19:11:42,890 [fac1c7af-03c1-44bd-b323-3796df9c2435-groupManagement] INFO  server.RaftServerConfigKeys (ConfUtils.java:logGet(46)) - raft.server.log.purge.preservation.log.num = 0 (default)
2023-06-01 19:11:42,890 [fac1c7af-03c1-44bd-b323-3796df9c2435-groupManagement] INFO  server.RaftServerConfigKeys (ConfUtils.java:logGet(46)) - raft.server.log.segment.size.max = 1048576 (custom)
2023-06-01 19:11:42,890 [fac1c7af-03c1-44bd-b323-3796df9c2435-groupManagement] INFO  server.RaftServerConfigKeys (ConfUtils.java:logGet(46)) - raft.server.log.segment.cache.num.max = 2 (custom)
2023-06-01 19:11:42,892 [fac1c7af-03c1-44bd-b323-3796df9c2435-groupManagement] INFO  server.RaftServerConfigKeys (ConfUtils.java:logGet(46)) - raft.server.log.segment.cache.size.max = 200MB (=209715200) (default)
2023-06-01 19:11:42,892 [fac1c7af-03c1-44bd-b323-3796df9c2435-groupManagement] INFO  server.RaftServerConfigKeys (ConfUtils.java:logGet(46)) - raft.server.log.appender.buffer.byte-limit = 33554432 (custom)
2023-06-01 19:11:42,892 [fac1c7af-03c1-44bd-b323-3796df9c2435-groupManagement] INFO  segmented.SegmentedRaftLogWorker (SegmentedRaftLogWorker.java:<init>(188)) - new fac1c7af-03c1-44bd-b323-3796df9c2435@group-13C1C55693B9-SegmentedRaftLogWorker for RaftStorageImpl:Storage Directory /home/runner/work/ozone/ozone/hadoop-ozone/integration-test/target/test-dir/MiniOzoneClusterImpl-59aba430-7466-43cf-ac60-ffcd1bd17169/datanode-0/data/ratis/e5a135ac-c615-44d5-a8ea-13c1c55693b9
2023-06-01 19:11:42,892 [fac1c7af-03c1-44bd-b323-3796df9c2435-groupManagement] INFO  server.RaftServerConfigKeys (ConfUtils.java:logGet(46)) - raft.server.log.queue.byte-limit = 4294967296 (custom)
2023-06-01 19:11:42,892 [fac1c7af-03c1-44bd-b323-3796df9c2435-groupManagement] INFO  server.RaftServerConfigKeys (ConfUtils.java:logGet(46)) - raft.server.log.queue.element-limit = 1024 (custom)
2023-06-01 19:11:42,892 [fac1c7af-03c1-44bd-b323-3796df9c2435-groupManagement] INFO  server.RaftServerConfigKeys (ConfUtils.java:logGet(46)) - raft.server.log.segment.size.max = 1048576 (custom)
2023-06-01 19:11:42,892 [fac1c7af-03c1-44bd-b323-3796df9c2435-groupManagement] INFO  server.RaftServerConfigKeys (ConfUtils.java:logGet(46)) - raft.server.log.preallocated.size = 16384 (custom)
2023-06-01 19:11:42,892 [fac1c7af-03c1-44bd-b323-3796df9c2435-groupManagement] INFO  server.RaftServerConfigKeys (ConfUtils.java:logGet(46)) - raft.server.log.force.sync.num = 128 (default)
2023-06-01 19:11:42,892 [fac1c7af-03c1-44bd-b323-3796df9c2435-groupManagement] INFO  server.RaftServerConfigKeys (ConfUtils.java:logGet(46)) - raft.server.log.statemachine.data.sync = true (default)
2023-06-01 19:11:42,892 [fac1c7af-03c1-44bd-b323-3796df9c2435-groupManagement] INFO  server.RaftServerConfigKeys (ConfUtils.java:logGet(46)) - raft.server.log.statemachine.data.sync.timeout = 10s (default)
2023-06-01 19:11:42,892 [fac1c7af-03c1-44bd-b323-3796df9c2435-groupManagement] INFO  server.RaftServerConfigKeys (ConfUtils.java:logGet(46)) - raft.server.log.statemachine.data.sync.timeout.retry = -1 (default)
2023-06-01 19:11:42,893 [fac1c7af-03c1-44bd-b323-3796df9c2435-groupManagement] INFO  server.RaftServerConfigKeys (ConfUtils.java:logGet(46)) - raft.server.log.write.buffer.size = 1048576 (custom)
2023-06-01 19:11:42,893 [fac1c7af-03c1-44bd-b323-3796df9c2435-groupManagement] INFO  server.RaftServerConfigKeys (ConfUtils.java:logGet(46)) - raft.server.log.appender.buffer.byte-limit = 33554432 (custom)
2023-06-01 19:11:42,896 [fac1c7af-03c1-44bd-b323-3796df9c2435-groupManagement] INFO  server.RaftServerConfigKeys (ConfUtils.java:logGet(46)) - raft.server.log.unsafe-flush.enabled = false (default)
2023-06-01 19:11:42,896 [fac1c7af-03c1-44bd-b323-3796df9c2435-groupManagement] INFO  server.RaftServerConfigKeys (ConfUtils.java:logGet(46)) - raft.server.log.async-flush.enabled = false (default)
2023-06-01 19:11:42,896 [fac1c7af-03c1-44bd-b323-3796df9c2435-groupManagement] INFO  server.RaftServerConfigKeys (ConfUtils.java:logGet(46)) - raft.server.log.statemachine.data.caching.enabled = true (custom)
2023-06-01 19:11:42,897 [fac1c7af-03c1-44bd-b323-3796df9c2435-groupManagement] INFO  segmented.SegmentedRaftLogWorker (SegmentedRaftLogWorker.java:lambda$new$0(135)) - fac1c7af-03c1-44bd-b323-3796df9c2435@group-13C1C55693B9-SegmentedRaftLogWorker: flushIndex: setUnconditionally 0 -> -1
2023-06-01 19:11:42,897 [fac1c7af-03c1-44bd-b323-3796df9c2435-groupManagement] INFO  segmented.SegmentedRaftLogWorker (SegmentedRaftLogWorker.java:lambda$new$0(135)) - fac1c7af-03c1-44bd-b323-3796df9c2435@group-13C1C55693B9-SegmentedRaftLogWorker: safeCacheEvictIndex: setUnconditionally 0 -> -1
2023-06-01 19:11:42,897 [fac1c7af-03c1-44bd-b323-3796df9c2435-groupManagement] INFO  server.RaftServer$Division (RaftServerImpl.java:start(342)) - fac1c7af-03c1-44bd-b323-3796df9c2435@group-13C1C55693B9: start as a follower, conf=-1: peers:[d7192325-13fb-433e-b8d5-f6359b644c8f|rpc:10.1.0.196:15095|admin:10.1.0.196:15094|client:10.1.0.196:15093|dataStream:10.1.0.196:15096|priority:0|startupRole:FOLLOWER, d78dd883-3e4c-45aa-98b2-e8ffdf2e22af|rpc:10.1.0.196:15032|admin:10.1.0.196:15031|client:10.1.0.196:15030|dataStream:10.1.0.196:15033|priority:1|startupRole:FOLLOWER, fac1c7af-03c1-44bd-b323-3796df9c2435|rpc:10.1.0.196:15014|admin:10.1.0.196:15013|client:10.1.0.196:15012|dataStream:10.1.0.196:15015|priority:0|startupRole:FOLLOWER]|listeners:[], old=null
2023-06-01 19:11:42,897 [fac1c7af-03c1-44bd-b323-3796df9c2435-groupManagement] INFO  server.RaftServer$Division (RaftServerImpl.java:setRole(329)) - fac1c7af-03c1-44bd-b323-3796df9c2435@group-13C1C55693B9: changes role from      null to FOLLOWER at term 0 for startAsFollower
2023-06-01 19:11:42,897 [fac1c7af-03c1-44bd-b323-3796df9c2435-groupManagement] INFO  impl.RoleInfo (RoleInfo.java:updateAndGet(139)) - fac1c7af-03c1-44bd-b323-3796df9c2435: start fac1c7af-03c1-44bd-b323-3796df9c2435@group-13C1C55693B9-FollowerState
2023-06-01 19:11:42,897 [fac1c7af-03c1-44bd-b323-3796df9c2435-groupManagement] INFO  util.JmxRegister (JmxRegister.java:tryRegister(44)) - Successfully registered JMX Bean with object name Ratis:service=RaftServer,group=group-13C1C55693B9,id=fac1c7af-03c1-44bd-b323-3796df9c2435
2023-06-01 19:11:42,897 [fac1c7af-03c1-44bd-b323-3796df9c2435@group-13C1C55693B9-FollowerState] INFO  server.RaftServerConfigKeys (ConfUtils.java:logFallback(53)) - raft.server.rpc.first-election.timeout.min = 5s (fallback to raft.server.rpc.timeout.min)
2023-06-01 19:11:42,897 [fac1c7af-03c1-44bd-b323-3796df9c2435-groupManagement] INFO  server.RaftServerConfigKeys (ConfUtils.java:logGet(46)) - raft.server.snapshot.auto.trigger.enabled = true (custom)
2023-06-01 19:11:42,897 [fac1c7af-03c1-44bd-b323-3796df9c2435@group-13C1C55693B9-FollowerState] INFO  server.RaftServerConfigKeys (ConfUtils.java:logFallback(53)) - raft.server.rpc.first-election.timeout.max = 5200ms (fallback to raft.server.rpc.timeout.max)
2023-06-01 19:11:42,897 [fac1c7af-03c1-44bd-b323-3796df9c2435-groupManagement] INFO  server.RaftServerConfigKeys (ConfUtils.java:logGet(46)) - raft.server.snapshot.auto.trigger.threshold = 10000 (custom)
2023-06-01 19:11:42,897 [fac1c7af-03c1-44bd-b323-3796df9c2435-groupManagement] INFO  server.RaftServerConfigKeys (ConfUtils.java:logGet(46)) - raft.server.snapshot.retention.file.num = 5 (custom)
2023-06-01 19:11:42,897 [fac1c7af-03c1-44bd-b323-3796df9c2435-groupManagement] INFO  server.RaftServerConfigKeys (ConfUtils.java:logGet(46)) - raft.server.log.purge.upto.snapshot.index = false (default)
2023-06-01 19:11:42,915 [grpc-default-executor-7] INFO  server.RaftServer (RaftServerProxy.java:addNew(98)) - d78dd883-3e4c-45aa-98b2-e8ffdf2e22af: addNew group-13C1C55693B9:[d7192325-13fb-433e-b8d5-f6359b644c8f|rpc:10.1.0.196:15095|admin:10.1.0.196:15094|client:10.1.0.196:15093|dataStream:10.1.0.196:15096|priority:0|startupRole:FOLLOWER, d78dd883-3e4c-45aa-98b2-e8ffdf2e22af|rpc:10.1.0.196:15032|admin:10.1.0.196:15031|client:10.1.0.196:15030|dataStream:10.1.0.196:15033|priority:1|startupRole:FOLLOWER, fac1c7af-03c1-44bd-b323-3796df9c2435|rpc:10.1.0.196:15014|admin:10.1.0.196:15013|client:10.1.0.196:15012|dataStream:10.1.0.196:15015|priority:0|startupRole:FOLLOWER] returns group-13C1C55693B9:java.util.concurrent.CompletableFuture@756272b9[Not completed]
2023-06-01 19:11:42,916 [d78dd883-3e4c-45aa-98b2-e8ffdf2e22af-groupManagement] INFO  server.RaftServer$Division (RaftServerImpl.java:<init>(198)) - d78dd883-3e4c-45aa-98b2-e8ffdf2e22af: new RaftServerImpl for group-13C1C55693B9:[d7192325-13fb-433e-b8d5-f6359b644c8f|rpc:10.1.0.196:15095|admin:10.1.0.196:15094|client:10.1.0.196:15093|dataStream:10.1.0.196:15096|priority:0|startupRole:FOLLOWER, d78dd883-3e4c-45aa-98b2-e8ffdf2e22af|rpc:10.1.0.196:15032|admin:10.1.0.196:15031|client:10.1.0.196:15030|dataStream:10.1.0.196:15033|priority:1|startupRole:FOLLOWER, fac1c7af-03c1-44bd-b323-3796df9c2435|rpc:10.1.0.196:15014|admin:10.1.0.196:15013|client:10.1.0.196:15012|dataStream:10.1.0.196:15015|priority:0|startupRole:FOLLOWER] with ContainerStateMachine:uninitialized
2023-06-01 19:11:42,916 [d78dd883-3e4c-45aa-98b2-e8ffdf2e22af-groupManagement] INFO  server.RaftServerConfigKeys (ConfUtils.java:logGet(46)) - raft.server.rpc.timeout.min = 5s (custom)
2023-06-01 19:11:42,916 [d78dd883-3e4c-45aa-98b2-e8ffdf2e22af-groupManagement] INFO  server.RaftServerConfigKeys (ConfUtils.java:logGet(46)) - raft.server.rpc.timeout.max = 5200ms (custom)
2023-06-01 19:11:42,916 [d78dd883-3e4c-45aa-98b2-e8ffdf2e22af-groupManagement] INFO  server.RaftServerConfigKeys (ConfUtils.java:logGet(46)) - raft.server.rpc.sleep.time = 25ms (default)
2023-06-01 19:11:42,916 [d78dd883-3e4c-45aa-98b2-e8ffdf2e22af-groupManagement] INFO  server.RaftServerConfigKeys (ConfUtils.java:logGet(46)) - raft.server.rpc.slowness.timeout = 300s (custom)
2023-06-01 19:11:42,916 [d78dd883-3e4c-45aa-98b2-e8ffdf2e22af-groupManagement] INFO  server.RaftServerConfigKeys (ConfUtils.java:logGet(46)) - raft.server.leaderelection.leader.step-down.wait-time = 10s (default)
2023-06-01 19:11:42,916 [d78dd883-3e4c-45aa-98b2-e8ffdf2e22af-groupManagement] INFO  server.RaftServerConfigKeys (ConfUtils.java:logGet(46)) - raft.server.sleep.deviation.threshold = 300ms (default)
2023-06-01 19:11:42,916 [d78dd883-3e4c-45aa-98b2-e8ffdf2e22af-groupManagement] INFO  server.RaftServer$Division (ServerState.java:<init>(120)) - d78dd883-3e4c-45aa-98b2-e8ffdf2e22af@group-13C1C55693B9: ConfigurationManager, init=-1: peers:[d7192325-13fb-433e-b8d5-f6359b644c8f|rpc:10.1.0.196:15095|admin:10.1.0.196:15094|client:10.1.0.196:15093|dataStream:10.1.0.196:15096|priority:0|startupRole:FOLLOWER, d78dd883-3e4c-45aa-98b2-e8ffdf2e22af|rpc:10.1.0.196:15032|admin:10.1.0.196:15031|client:10.1.0.196:15030|dataStream:10.1.0.196:15033|priority:1|startupRole:FOLLOWER, fac1c7af-03c1-44bd-b323-3796df9c2435|rpc:10.1.0.196:15014|admin:10.1.0.196:15013|client:10.1.0.196:15012|dataStream:10.1.0.196:15015|priority:0|startupRole:FOLLOWER]|listeners:[], old=null, confs=<EMPTY_MAP>
2023-06-01 19:11:42,916 [d78dd883-3e4c-45aa-98b2-e8ffdf2e22af-groupManagement] INFO  server.RaftServerConfigKeys (ConfUtils.java:logGet(46)) - raft.server.storage.dir = [/home/runner/work/ozone/ozone/hadoop-ozone/integration-test/target/test-dir/MiniOzoneClusterImpl-59aba430-7466-43cf-ac60-ffcd1bd17169/datanode-2/data/ratis] (custom)
2023-06-01 19:11:42,917 [d78dd883-3e4c-45aa-98b2-e8ffdf2e22af-groupManagement] INFO  server.RaftServerConfigKeys (ConfUtils.java:logGet(46)) - raft.server.log.corruption.policy = EXCEPTION (default)
2023-06-01 19:11:42,917 [d78dd883-3e4c-45aa-98b2-e8ffdf2e22af-groupManagement] INFO  server.RaftServerConfigKeys (ConfUtils.java:logGet(46)) - raft.server.storage.free-space.min = 0MB (=0) (default)
2023-06-01 19:11:42,917 [d78dd883-3e4c-45aa-98b2-e8ffdf2e22af-groupManagement] INFO  server.RaftServerConfigKeys (ConfUtils.java:logGet(46)) - raft.server.notification.no-leader.timeout = 300s (custom)
2023-06-01 19:11:42,917 [d78dd883-3e4c-45aa-98b2-e8ffdf2e22af-groupManagement] INFO  server.RaftServerConfigKeys (ConfUtils.java:logGet(46)) - raft.server.read.timeout = 10s (default)
2023-06-01 19:11:42,917 [d78dd883-3e4c-45aa-98b2-e8ffdf2e22af-groupManagement] INFO  server.RaftServerConfigKeys (ConfUtils.java:logGet(46)) - raft.server.retrycache.expirytime = 600000ms (custom)
2023-06-01 19:11:42,917 [d78dd883-3e4c-45aa-98b2-e8ffdf2e22af-groupManagement] INFO  server.RaftServerConfigKeys (ConfUtils.java:logGet(46)) - raft.server.retrycache.statistics.expirytime = 100μs (default)
2023-06-01 19:11:42,917 [d78dd883-3e4c-45aa-98b2-e8ffdf2e22af-groupManagement] INFO  server.RaftServerConfigKeys (ConfUtils.java:logGet(46)) - raft.server.read.option = DEFAULT (default)
2023-06-01 19:11:42,918 [d78dd883-3e4c-45aa-98b2-e8ffdf2e22af-groupManagement] INFO  server.RaftServerConfigKeys (ConfUtils.java:logGet(46)) - raft.server.rpc.request.timeout = 60s (custom)
2023-06-01 19:11:42,918 [d78dd883-3e4c-45aa-98b2-e8ffdf2e22af-groupManagement] INFO  server.RaftServerConfigKeys (ConfUtils.java:logGet(46)) - raft.server.log.appender.install.snapshot.enabled = false (custom)
2023-06-01 19:11:42,918 [d78dd883-3e4c-45aa-98b2-e8ffdf2e22af-groupManagement] INFO  server.RaftServerConfigKeys (ConfUtils.java:logGet(46)) - raft.server.threadpool.server.cached = true (default)
2023-06-01 19:11:42,918 [d78dd883-3e4c-45aa-98b2-e8ffdf2e22af-groupManagement] INFO  server.RaftServerConfigKeys (ConfUtils.java:logGet(46)) - raft.server.threadpool.server.size = 0 (default)
2023-06-01 19:11:42,918 [d78dd883-3e4c-45aa-98b2-e8ffdf2e22af-groupManagement] INFO  server.RaftServerConfigKeys (ConfUtils.java:logGet(46)) - raft.server.threadpool.client.cached = true (default)
2023-06-01 19:11:42,918 [d78dd883-3e4c-45aa-98b2-e8ffdf2e22af-groupManagement] INFO  server.RaftServerConfigKeys (ConfUtils.java:logGet(46)) - raft.server.threadpool.client.size = 0 (default)
2023-06-01 19:11:42,918 [d78dd883-3e4c-45aa-98b2-e8ffdf2e22af-groupManagement] INFO  storage.RaftStorageDirectory (RaftStorageDirectoryImpl.java:analyzeStorage(137)) - The storage directory /home/runner/work/ozone/ozone/hadoop-ozone/integration-test/target/test-dir/MiniOzoneClusterImpl-59aba430-7466-43cf-ac60-ffcd1bd17169/datanode-2/data/ratis/e5a135ac-c615-44d5-a8ea-13c1c55693b9 does not exist. Creating ...
2023-06-01 19:11:42,919 [d78dd883-3e4c-45aa-98b2-e8ffdf2e22af-groupManagement] INFO  storage.RaftStorageDirectory (RaftStorageDirectoryImpl.java:tryLock(231)) - Lock on /home/runner/work/ozone/ozone/hadoop-ozone/integration-test/target/test-dir/MiniOzoneClusterImpl-59aba430-7466-43cf-ac60-ffcd1bd17169/datanode-2/data/ratis/e5a135ac-c615-44d5-a8ea-13c1c55693b9/in_use.lock acquired by nodename 16224@fv-az163-187
2023-06-01 19:11:42,920 [d78dd883-3e4c-45aa-98b2-e8ffdf2e22af-groupManagement] INFO  storage.RaftStorage (RaftStorageImpl.java:format(96)) - Storage directory /home/runner/work/ozone/ozone/hadoop-ozone/integration-test/target/test-dir/MiniOzoneClusterImpl-59aba430-7466-43cf-ac60-ffcd1bd17169/datanode-2/data/ratis/e5a135ac-c615-44d5-a8ea-13c1c55693b9 has been successfully formatted.
2023-06-01 19:11:42,921 [d78dd883-3e4c-45aa-98b2-e8ffdf2e22af-groupManagement] INFO  ratis.ContainerStateMachine (ContainerStateMachine.java:loadSnapshot(262)) - group-13C1C55693B9: The snapshot info is null. Setting the last applied indexto:(t:0, i:~)
2023-06-01 19:11:42,921 [d78dd883-3e4c-45aa-98b2-e8ffdf2e22af-groupManagement] INFO  server.RaftServerConfigKeys (ConfUtils.java:logGet(46)) - raft.server.log.use.memory = false (default)
2023-06-01 19:11:42,921 [d78dd883-3e4c-45aa-98b2-e8ffdf2e22af-groupManagement] INFO  server.RaftServerConfigKeys (ConfUtils.java:logGet(46)) - raft.server.log.purge.gap = 1000000 (custom)
2023-06-01 19:11:42,921 [d78dd883-3e4c-45aa-98b2-e8ffdf2e22af-groupManagement] INFO  server.RaftServerConfigKeys (ConfUtils.java:logGet(46)) - raft.server.log.appender.buffer.byte-limit = 33554432 (custom)
2023-06-01 19:11:42,921 [d78dd883-3e4c-45aa-98b2-e8ffdf2e22af-groupManagement] INFO  server.RaftServerConfigKeys (ConfUtils.java:logGet(46)) - raft.server.log.statemachine.data.read.timeout = 1000ms (default)
2023-06-01 19:11:42,921 [d78dd883-3e4c-45aa-98b2-e8ffdf2e22af-groupManagement] INFO  server.RaftServerConfigKeys (ConfUtils.java:logGet(46)) - raft.server.log.purge.preservation.log.num = 0 (default)
2023-06-01 19:11:42,921 [d78dd883-3e4c-45aa-98b2-e8ffdf2e22af-groupManagement] INFO  server.RaftServerConfigKeys (ConfUtils.java:logGet(46)) - raft.server.log.segment.size.max = 1048576 (custom)
2023-06-01 19:11:42,921 [d78dd883-3e4c-45aa-98b2-e8ffdf2e22af-groupManagement] INFO  server.RaftServerConfigKeys (ConfUtils.java:logGet(46)) - raft.server.log.segment.cache.num.max = 2 (custom)
2023-06-01 19:11:42,921 [d78dd883-3e4c-45aa-98b2-e8ffdf2e22af-groupManagement] INFO  server.RaftServerConfigKeys (ConfUtils.java:logGet(46)) - raft.server.log.segment.cache.size.max = 200MB (=209715200) (default)
2023-06-01 19:11:42,921 [d78dd883-3e4c-45aa-98b2-e8ffdf2e22af-groupManagement] INFO  server.RaftServerConfigKeys (ConfUtils.java:logGet(46)) - raft.server.log.appender.buffer.byte-limit = 33554432 (custom)
2023-06-01 19:11:42,922 [d78dd883-3e4c-45aa-98b2-e8ffdf2e22af-groupManagement] INFO  segmented.SegmentedRaftLogWorker (SegmentedRaftLogWorker.java:<init>(188)) - new d78dd883-3e4c-45aa-98b2-e8ffdf2e22af@group-13C1C55693B9-SegmentedRaftLogWorker for RaftStorageImpl:Storage Directory /home/runner/work/ozone/ozone/hadoop-ozone/integration-test/target/test-dir/MiniOzoneClusterImpl-59aba430-7466-43cf-ac60-ffcd1bd17169/datanode-2/data/ratis/e5a135ac-c615-44d5-a8ea-13c1c55693b9
2023-06-01 19:11:42,922 [d78dd883-3e4c-45aa-98b2-e8ffdf2e22af-groupManagement] INFO  server.RaftServerConfigKeys (ConfUtils.java:logGet(46)) - raft.server.log.queue.byte-limit = 4294967296 (custom)
2023-06-01 19:11:42,922 [d78dd883-3e4c-45aa-98b2-e8ffdf2e22af-groupManagement] INFO  server.RaftServerConfigKeys (ConfUtils.java:logGet(46)) - raft.server.log.queue.element-limit = 1024 (custom)
2023-06-01 19:11:42,922 [d78dd883-3e4c-45aa-98b2-e8ffdf2e22af-groupManagement] INFO  server.RaftServerConfigKeys (ConfUtils.java:logGet(46)) - raft.server.log.segment.size.max = 1048576 (custom)
2023-06-01 19:11:42,922 [d78dd883-3e4c-45aa-98b2-e8ffdf2e22af-groupManagement] INFO  server.RaftServerConfigKeys (ConfUtils.java:logGet(46)) - raft.server.log.preallocated.size = 16384 (custom)
2023-06-01 19:11:42,922 [d78dd883-3e4c-45aa-98b2-e8ffdf2e22af-groupManagement] INFO  server.RaftServerConfigKeys (ConfUtils.java:logGet(46)) - raft.server.log.force.sync.num = 128 (default)
2023-06-01 19:11:42,922 [d78dd883-3e4c-45aa-98b2-e8ffdf2e22af-groupManagement] INFO  server.RaftServerConfigKeys (ConfUtils.java:logGet(46)) - raft.server.log.statemachine.data.sync = true (default)
2023-06-01 19:11:42,922 [d78dd883-3e4c-45aa-98b2-e8ffdf2e22af-groupManagement] INFO  server.RaftServerConfigKeys (ConfUtils.java:logGet(46)) - raft.server.log.statemachine.data.sync.timeout = 10s (default)
2023-06-01 19:11:42,922 [d78dd883-3e4c-45aa-98b2-e8ffdf2e22af-groupManagement] INFO  server.RaftServerConfigKeys (ConfUtils.java:logGet(46)) - raft.server.log.statemachine.data.sync.timeout.retry = -1 (default)
2023-06-01 19:11:42,922 [d78dd883-3e4c-45aa-98b2-e8ffdf2e22af-groupManagement] INFO  server.RaftServerConfigKeys (ConfUtils.java:logGet(46)) - raft.server.log.write.buffer.size = 1048576 (custom)
2023-06-01 19:11:42,923 [d78dd883-3e4c-45aa-98b2-e8ffdf2e22af-groupManagement] INFO  server.RaftServerConfigKeys (ConfUtils.java:logGet(46)) - raft.server.log.appender.buffer.byte-limit = 33554432 (custom)
2023-06-01 19:11:42,927 [d78dd883-3e4c-45aa-98b2-e8ffdf2e22af-groupManagement] INFO  server.RaftServerConfigKeys (ConfUtils.java:logGet(46)) - raft.server.log.unsafe-flush.enabled = false (default)
2023-06-01 19:11:42,927 [d78dd883-3e4c-45aa-98b2-e8ffdf2e22af-groupManagement] INFO  server.RaftServerConfigKeys (ConfUtils.java:logGet(46)) - raft.server.log.async-flush.enabled = false (default)
2023-06-01 19:11:42,927 [d78dd883-3e4c-45aa-98b2-e8ffdf2e22af-groupManagement] INFO  server.RaftServerConfigKeys (ConfUtils.java:logGet(46)) - raft.server.log.statemachine.data.caching.enabled = true (custom)
2023-06-01 19:11:42,927 [d78dd883-3e4c-45aa-98b2-e8ffdf2e22af-groupManagement] INFO  segmented.SegmentedRaftLogWorker (SegmentedRaftLogWorker.java:lambda$new$0(135)) - d78dd883-3e4c-45aa-98b2-e8ffdf2e22af@group-13C1C55693B9-SegmentedRaftLogWorker: flushIndex: setUnconditionally 0 -> -1
2023-06-01 19:11:42,927 [d78dd883-3e4c-45aa-98b2-e8ffdf2e22af-groupManagement] INFO  segmented.SegmentedRaftLogWorker (SegmentedRaftLogWorker.java:lambda$new$0(135)) - d78dd883-3e4c-45aa-98b2-e8ffdf2e22af@group-13C1C55693B9-SegmentedRaftLogWorker: safeCacheEvictIndex: setUnconditionally 0 -> -1
2023-06-01 19:11:42,928 [d78dd883-3e4c-45aa-98b2-e8ffdf2e22af-groupManagement] INFO  server.RaftServer$Division (RaftServerImpl.java:start(342)) - d78dd883-3e4c-45aa-98b2-e8ffdf2e22af@group-13C1C55693B9: start as a follower, conf=-1: peers:[d7192325-13fb-433e-b8d5-f6359b644c8f|rpc:10.1.0.196:15095|admin:10.1.0.196:15094|client:10.1.0.196:15093|dataStream:10.1.0.196:15096|priority:0|startupRole:FOLLOWER, d78dd883-3e4c-45aa-98b2-e8ffdf2e22af|rpc:10.1.0.196:15032|admin:10.1.0.196:15031|client:10.1.0.196:15030|dataStream:10.1.0.196:15033|priority:1|startupRole:FOLLOWER, fac1c7af-03c1-44bd-b323-3796df9c2435|rpc:10.1.0.196:15014|admin:10.1.0.196:15013|client:10.1.0.196:15012|dataStream:10.1.0.196:15015|priority:0|startupRole:FOLLOWER]|listeners:[], old=null
2023-06-01 19:11:42,928 [d78dd883-3e4c-45aa-98b2-e8ffdf2e22af-groupManagement] INFO  server.RaftServer$Division (RaftServerImpl.java:setRole(329)) - d78dd883-3e4c-45aa-98b2-e8ffdf2e22af@group-13C1C55693B9: changes role from      null to FOLLOWER at term 0 for startAsFollower
2023-06-01 19:11:42,928 [d78dd883-3e4c-45aa-98b2-e8ffdf2e22af-groupManagement] INFO  impl.RoleInfo (RoleInfo.java:updateAndGet(139)) - d78dd883-3e4c-45aa-98b2-e8ffdf2e22af: start d78dd883-3e4c-45aa-98b2-e8ffdf2e22af@group-13C1C55693B9-FollowerState
2023-06-01 19:11:42,928 [d78dd883-3e4c-45aa-98b2-e8ffdf2e22af-groupManagement] INFO  util.JmxRegister (JmxRegister.java:tryRegister(44)) - Successfully registered JMX Bean with object name Ratis:service=RaftServer,group=group-13C1C55693B9,id=d78dd883-3e4c-45aa-98b2-e8ffdf2e22af
2023-06-01 19:11:42,928 [d78dd883-3e4c-45aa-98b2-e8ffdf2e22af@group-13C1C55693B9-FollowerState] INFO  server.RaftServerConfigKeys (ConfUtils.java:logFallback(53)) - raft.server.rpc.first-election.timeout.min = 5s (fallback to raft.server.rpc.timeout.min)
2023-06-01 19:11:42,928 [d78dd883-3e4c-45aa-98b2-e8ffdf2e22af-groupManagement] INFO  server.RaftServerConfigKeys (ConfUtils.java:logGet(46)) - raft.server.snapshot.auto.trigger.enabled = true (custom)
2023-06-01 19:11:42,928 [d78dd883-3e4c-45aa-98b2-e8ffdf2e22af@group-13C1C55693B9-FollowerState] INFO  server.RaftServerConfigKeys (ConfUtils.java:logFallback(53)) - raft.server.rpc.first-election.timeout.max = 5200ms (fallback to raft.server.rpc.timeout.max)
2023-06-01 19:11:42,928 [d78dd883-3e4c-45aa-98b2-e8ffdf2e22af-groupManagement] INFO  server.RaftServerConfigKeys (ConfUtils.java:logGet(46)) - raft.server.snapshot.auto.trigger.threshold = 10000 (custom)
2023-06-01 19:11:42,928 [d78dd883-3e4c-45aa-98b2-e8ffdf2e22af-groupManagement] INFO  server.RaftServerConfigKeys (ConfUtils.java:logGet(46)) - raft.server.snapshot.retention.file.num = 5 (custom)
2023-06-01 19:11:42,928 [d78dd883-3e4c-45aa-98b2-e8ffdf2e22af-groupManagement] INFO  server.RaftServerConfigKeys (ConfUtils.java:logGet(46)) - raft.server.log.purge.upto.snapshot.index = false (default)
2023-06-01 19:11:42,936 [PipelineCommandHandlerThread-0] INFO  commandhandler.CreatePipelineCommandHandler (CreatePipelineCommandHandler.java:lambda$handle$2(124)) - Created Pipeline RATIS THREE PipelineID=e5a135ac-c615-44d5-a8ea-13c1c55693b9.
2023-06-01 19:11:43,120 [PipelineCommandHandlerThread-0] INFO  segmented.SegmentedRaftLogWorker (SegmentedRaftLogWorker.java:close(252)) - fac1c7af-03c1-44bd-b323-3796df9c2435@group-C5917EE03DF0-SegmentedRaftLogWorker close()
2023-06-01 19:11:43,123 [PipelineCommandHandlerThread-0] INFO  server.RaftServer$Division (RaftServerImpl.java:groupRemove(436)) - fac1c7af-03c1-44bd-b323-3796df9c2435@group-C5917EE03DF0: Succeed to remove RaftStorageDirectory Storage Directory /home/runner/work/ozone/ozone/hadoop-ozone/integration-test/target/test-dir/MiniOzoneClusterImpl-59aba430-7466-43cf-ac60-ffcd1bd17169/datanode-0/data/ratis/955c3877-b1c3-4600-b43f-c5917ee03df0
2023-06-01 19:11:43,123 [PipelineCommandHandlerThread-0] INFO  commandhandler.ClosePipelineCommandHandler (ClosePipelineCommandHandler.java:lambda$handle$0(87)) - Close Pipeline PipelineID=955c3877-b1c3-4600-b43f-c5917ee03df0 command on datanode fac1c7af-03c1-44bd-b323-3796df9c2435.
2023-06-01 19:11:43,124 [PipelineCommandHandlerThread-0] INFO  server.RaftServer (RaftServerProxy.java:remove(109)) - fac1c7af-03c1-44bd-b323-3796df9c2435: remove  FOLLOWER fac1c7af-03c1-44bd-b323-3796df9c2435@group-AEB6F4C7E190:t1, leader=null, voted=d78dd883-3e4c-45aa-98b2-e8ffdf2e22af, raftlog=Memoized:fac1c7af-03c1-44bd-b323-3796df9c2435@group-AEB6F4C7E190-SegmentedRaftLog:OPENED:c-1, conf=0: peers:[d78dd883-3e4c-45aa-98b2-e8ffdf2e22af|rpc:10.1.0.196:15032|admin:10.1.0.196:15031|client:10.1.0.196:15030|dataStream:10.1.0.196:15033|priority:1|startupRole:FOLLOWER, c686f304-079c-4e24-9d21-fd4c36dc1242|rpc:10.1.0.196:15023|admin:10.1.0.196:15022|client:10.1.0.196:15021|dataStream:10.1.0.196:15024|priority:0|startupRole:FOLLOWER, fac1c7af-03c1-44bd-b323-3796df9c2435|rpc:10.1.0.196:15014|admin:10.1.0.196:15013|client:10.1.0.196:15012|dataStream:10.1.0.196:15015|priority:0|startupRole:FOLLOWER]|listeners:[], old=null RUNNING
2023-06-01 19:11:43,124 [PipelineCommandHandlerThread-0] INFO  server.RaftServer$Division (RaftServerImpl.java:lambda$close$4(466)) - fac1c7af-03c1-44bd-b323-3796df9c2435@group-AEB6F4C7E190: shutdown
2023-06-01 19:11:43,124 [PipelineCommandHandlerThread-0] INFO  util.JmxRegister (JmxRegister.java:unregister(73)) - Successfully un-registered JMX Bean with object name Ratis:service=RaftServer,group=group-AEB6F4C7E190,id=fac1c7af-03c1-44bd-b323-3796df9c2435
2023-06-01 19:11:43,124 [PipelineCommandHandlerThread-0] INFO  impl.RoleInfo (RoleInfo.java:shutdownFollowerState(110)) - fac1c7af-03c1-44bd-b323-3796df9c2435: shutdown fac1c7af-03c1-44bd-b323-3796df9c2435@group-AEB6F4C7E190-FollowerState
2023-06-01 19:11:43,124 [PipelineCommandHandlerThread-0] INFO  impl.StateMachineUpdater (StateMachineUpdater.java:stopAndJoin(155)) - fac1c7af-03c1-44bd-b323-3796df9c2435@group-AEB6F4C7E190-StateMachineUpdater: set stopIndex = -1
2023-06-01 19:11:43,124 [fac1c7af-03c1-44bd-b323-3796df9c2435@group-AEB6F4C7E190-FollowerState] INFO  impl.FollowerState (FollowerState.java:run(152)) - fac1c7af-03c1-44bd-b323-3796df9c2435@group-AEB6F4C7E190-FollowerState was interrupted
2023-06-01 19:11:43,125 [PipelineCommandHandlerThread-0] INFO  server.RaftServer$Division (ServerState.java:close(472)) - fac1c7af-03c1-44bd-b323-3796df9c2435@group-AEB6F4C7E190: closes. applyIndex: -1
2023-06-01 19:11:44,089 [Command processor thread] INFO  keyvalue.KeyValueContainer (KeyValueContainer.java:flushAndSyncDB(446)) - Container 1 is synced with bcsId 0.
2023-06-01 19:11:44,089 [Command processor thread] INFO  keyvalue.KeyValueContainer (KeyValueContainer.java:flushAndSyncDB(446)) - Container 1 is synced with bcsId 0.
2023-06-01 19:11:44,091 [Command processor thread] INFO  keyvalue.KeyValueContainer (KeyValueContainer.java:close(361)) - Container 1 is closed with bcsId 0.
2023-06-01 19:11:44,108 [PipelineCommandHandlerThread-0] INFO  segmented.SegmentedRaftLogWorker (SegmentedRaftLogWorker.java:close(252)) - fac1c7af-03c1-44bd-b323-3796df9c2435@group-AEB6F4C7E190-SegmentedRaftLogWorker close()
2023-06-01 19:11:44,110 [PipelineCommandHandlerThread-0] INFO  server.RaftServer$Division (RaftServerImpl.java:groupRemove(436)) - fac1c7af-03c1-44bd-b323-3796df9c2435@group-AEB6F4C7E190: Succeed to remove RaftStorageDirectory Storage Directory /home/runner/work/ozone/ozone/hadoop-ozone/integration-test/target/test-dir/MiniOzoneClusterImpl-59aba430-7466-43cf-ac60-ffcd1bd17169/datanode-0/data/ratis/793e092b-6040-4f80-b54d-aeb6f4c7e190
2023-06-01 19:11:44,111 [PipelineCommandHandlerThread-0] INFO  commandhandler.ClosePipelineCommandHandler (ClosePipelineCommandHandler.java:lambda$handle$0(87)) - Close Pipeline PipelineID=793e092b-6040-4f80-b54d-aeb6f4c7e190 command on datanode fac1c7af-03c1-44bd-b323-3796df9c2435.
2023-06-01 19:11:44,111 [PipelineCommandHandlerThread-0] INFO  server.RaftServer (RaftServerProxy.java:addNew(98)) - fac1c7af-03c1-44bd-b323-3796df9c2435: addNew group-187869B28A18:[fac1c7af-03c1-44bd-b323-3796df9c2435|rpc:10.1.0.196:15014|admin:10.1.0.196:15013|client:10.1.0.196:15012|dataStream:10.1.0.196:15015|priority:1|startupRole:FOLLOWER] returns group-187869B28A18:java.util.concurrent.CompletableFuture@1b1e1e08[Not completed]
2023-06-01 19:11:44,112 [fac1c7af-03c1-44bd-b323-3796df9c2435-groupManagement] INFO  server.RaftServer$Division (RaftServerImpl.java:<init>(198)) - fac1c7af-03c1-44bd-b323-3796df9c2435: new RaftServerImpl for group-187869B28A18:[fac1c7af-03c1-44bd-b323-3796df9c2435|rpc:10.1.0.196:15014|admin:10.1.0.196:15013|client:10.1.0.196:15012|dataStream:10.1.0.196:15015|priority:1|startupRole:FOLLOWER] with ContainerStateMachine:uninitialized
2023-06-01 19:11:44,112 [fac1c7af-03c1-44bd-b323-3796df9c2435-groupManagement] INFO  server.RaftServerConfigKeys (ConfUtils.java:logGet(46)) - raft.server.rpc.timeout.min = 5s (custom)
2023-06-01 19:11:44,112 [fac1c7af-03c1-44bd-b323-3796df9c2435-groupManagement] INFO  server.RaftServerConfigKeys (ConfUtils.java:logGet(46)) - raft.server.rpc.timeout.max = 5200ms (custom)
2023-06-01 19:11:44,112 [fac1c7af-03c1-44bd-b323-3796df9c2435-groupManagement] INFO  server.RaftServerConfigKeys (ConfUtils.java:logGet(46)) - raft.server.rpc.sleep.time = 25ms (default)
2023-06-01 19:11:44,112 [fac1c7af-03c1-44bd-b323-3796df9c2435-groupManagement] INFO  server.RaftServerConfigKeys (ConfUtils.java:logGet(46)) - raft.server.rpc.slowness.timeout = 300s (custom)
2023-06-01 19:11:44,112 [fac1c7af-03c1-44bd-b323-3796df9c2435-groupManagement] INFO  server.RaftServerConfigKeys (ConfUtils.java:logGet(46)) - raft.server.leaderelection.leader.step-down.wait-time = 10s (default)
2023-06-01 19:11:44,112 [fac1c7af-03c1-44bd-b323-3796df9c2435-groupManagement] INFO  server.RaftServerConfigKeys (ConfUtils.java:logGet(46)) - raft.server.sleep.deviation.threshold = 300ms (default)
2023-06-01 19:11:44,112 [fac1c7af-03c1-44bd-b323-3796df9c2435-groupManagement] INFO  server.RaftServer$Division (ServerState.java:<init>(120)) - fac1c7af-03c1-44bd-b323-3796df9c2435@group-187869B28A18: ConfigurationManager, init=-1: peers:[fac1c7af-03c1-44bd-b323-3796df9c2435|rpc:10.1.0.196:15014|admin:10.1.0.196:15013|client:10.1.0.196:15012|dataStream:10.1.0.196:15015|priority:1|startupRole:FOLLOWER]|listeners:[], old=null, confs=<EMPTY_MAP>
2023-06-01 19:11:44,112 [fac1c7af-03c1-44bd-b323-3796df9c2435-groupManagement] INFO  server.RaftServerConfigKeys (ConfUtils.java:logGet(46)) - raft.server.storage.dir = [/home/runner/work/ozone/ozone/hadoop-ozone/integration-test/target/test-dir/MiniOzoneClusterImpl-59aba430-7466-43cf-ac60-ffcd1bd17169/datanode-0/data/ratis] (custom)
2023-06-01 19:11:44,112 [fac1c7af-03c1-44bd-b323-3796df9c2435-groupManagement] INFO  server.RaftServerConfigKeys (ConfUtils.java:logGet(46)) - raft.server.log.corruption.policy = EXCEPTION (default)
2023-06-01 19:11:44,112 [fac1c7af-03c1-44bd-b323-3796df9c2435-groupManagement] INFO  server.RaftServerConfigKeys (ConfUtils.java:logGet(46)) - raft.server.storage.free-space.min = 0MB (=0) (default)
2023-06-01 19:11:44,112 [fac1c7af-03c1-44bd-b323-3796df9c2435-groupManagement] INFO  server.RaftServerConfigKeys (ConfUtils.java:logGet(46)) - raft.server.notification.no-leader.timeout = 300s (custom)
2023-06-01 19:11:44,112 [fac1c7af-03c1-44bd-b323-3796df9c2435-groupManagement] INFO  server.RaftServerConfigKeys (ConfUtils.java:logGet(46)) - raft.server.read.timeout = 10s (default)
2023-06-01 19:11:44,112 [fac1c7af-03c1-44bd-b323-3796df9c2435-groupManagement] INFO  server.RaftServerConfigKeys (ConfUtils.java:logGet(46)) - raft.server.retrycache.expirytime = 600000ms (custom)
2023-06-01 19:11:44,113 [fac1c7af-03c1-44bd-b323-3796df9c2435-groupManagement] INFO  server.RaftServerConfigKeys (ConfUtils.java:logGet(46)) - raft.server.retrycache.statistics.expirytime = 100μs (default)
2023-06-01 19:11:44,113 [fac1c7af-03c1-44bd-b323-3796df9c2435-groupManagement] INFO  server.RaftServerConfigKeys (ConfUtils.java:logGet(46)) - raft.server.read.option = DEFAULT (default)
2023-06-01 19:11:44,113 [fac1c7af-03c1-44bd-b323-3796df9c2435-groupManagement] INFO  server.RaftServerConfigKeys (ConfUtils.java:logGet(46)) - raft.server.rpc.request.timeout = 60s (custom)
2023-06-01 19:11:44,113 [fac1c7af-03c1-44bd-b323-3796df9c2435-groupManagement] INFO  server.RaftServerConfigKeys (ConfUtils.java:logGet(46)) - raft.server.log.appender.install.snapshot.enabled = false (custom)
2023-06-01 19:11:44,113 [fac1c7af-03c1-44bd-b323-3796df9c2435-groupManagement] INFO  server.RaftServerConfigKeys (ConfUtils.java:logGet(46)) - raft.server.threadpool.server.cached = true (default)
2023-06-01 19:11:44,113 [fac1c7af-03c1-44bd-b323-3796df9c2435-groupManagement] INFO  server.RaftServerConfigKeys (ConfUtils.java:logGet(46)) - raft.server.threadpool.server.size = 0 (default)
2023-06-01 19:11:44,113 [fac1c7af-03c1-44bd-b323-3796df9c2435-groupManagement] INFO  server.RaftServerConfigKeys (ConfUtils.java:logGet(46)) - raft.server.threadpool.client.cached = true (default)
2023-06-01 19:11:44,113 [fac1c7af-03c1-44bd-b323-3796df9c2435-groupManagement] INFO  server.RaftServerConfigKeys (ConfUtils.java:logGet(46)) - raft.server.threadpool.client.size = 0 (default)
2023-06-01 19:11:44,114 [fac1c7af-03c1-44bd-b323-3796df9c2435-groupManagement] INFO  storage.RaftStorageDirectory (RaftStorageDirectoryImpl.java:analyzeStorage(137)) - The storage directory /home/runner/work/ozone/ozone/hadoop-ozone/integration-test/target/test-dir/MiniOzoneClusterImpl-59aba430-7466-43cf-ac60-ffcd1bd17169/datanode-0/data/ratis/1be3f2bc-25c2-43d6-b0f2-187869b28a18 does not exist. Creating ...
2023-06-01 19:11:44,115 [fac1c7af-03c1-44bd-b323-3796df9c2435-groupManagement] INFO  storage.RaftStorageDirectory (RaftStorageDirectoryImpl.java:tryLock(231)) - Lock on /home/runner/work/ozone/ozone/hadoop-ozone/integration-test/target/test-dir/MiniOzoneClusterImpl-59aba430-7466-43cf-ac60-ffcd1bd17169/datanode-0/data/ratis/1be3f2bc-25c2-43d6-b0f2-187869b28a18/in_use.lock acquired by nodename 16224@fv-az163-187
2023-06-01 19:11:44,116 [fac1c7af-03c1-44bd-b323-3796df9c2435-groupManagement] INFO  storage.RaftStorage (RaftStorageImpl.java:format(96)) - Storage directory /home/runner/work/ozone/ozone/hadoop-ozone/integration-test/target/test-dir/MiniOzoneClusterImpl-59aba430-7466-43cf-ac60-ffcd1bd17169/datanode-0/data/ratis/1be3f2bc-25c2-43d6-b0f2-187869b28a18 has been successfully formatted.
2023-06-01 19:11:44,116 [fac1c7af-03c1-44bd-b323-3796df9c2435-groupManagement] INFO  ratis.ContainerStateMachine (ContainerStateMachine.java:loadSnapshot(262)) - group-187869B28A18: The snapshot info is null. Setting the last applied indexto:(t:0, i:~)
2023-06-01 19:11:44,116 [fac1c7af-03c1-44bd-b323-3796df9c2435-groupManagement] INFO  server.RaftServerConfigKeys (ConfUtils.java:logGet(46)) - raft.server.log.use.memory = false (default)
2023-06-01 19:11:44,116 [fac1c7af-03c1-44bd-b323-3796df9c2435-groupManagement] INFO  server.RaftServerConfigKeys (ConfUtils.java:logGet(46)) - raft.server.log.purge.gap = 1000000 (custom)
2023-06-01 19:11:44,116 [fac1c7af-03c1-44bd-b323-3796df9c2435-groupManagement] INFO  server.RaftServerConfigKeys (ConfUtils.java:logGet(46)) - raft.server.log.appender.buffer.byte-limit = 33554432 (custom)
2023-06-01 19:11:44,116 [fac1c7af-03c1-44bd-b323-3796df9c2435-groupManagement] INFO  server.RaftServerConfigKeys (ConfUtils.java:logGet(46)) - raft.server.log.statemachine.data.read.timeout = 1000ms (default)
2023-06-01 19:11:44,117 [fac1c7af-03c1-44bd-b323-3796df9c2435-groupManagement] INFO  server.RaftServerConfigKeys (ConfUtils.java:logGet(46)) - raft.server.log.purge.preservation.log.num = 0 (default)
2023-06-01 19:11:44,117 [fac1c7af-03c1-44bd-b323-3796df9c2435-groupManagement] INFO  server.RaftServerConfigKeys (ConfUtils.java:logGet(46)) - raft.server.log.segment.size.max = 1048576 (custom)
2023-06-01 19:11:44,117 [fac1c7af-03c1-44bd-b323-3796df9c2435-groupManagement] INFO  server.RaftServerConfigKeys (ConfUtils.java:logGet(46)) - raft.server.log.segment.cache.num.max = 2 (custom)
2023-06-01 19:11:44,117 [fac1c7af-03c1-44bd-b323-3796df9c2435-groupManagement] INFO  server.RaftServerConfigKeys (ConfUtils.java:logGet(46)) - raft.server.log.segment.cache.size.max = 200MB (=209715200) (default)
2023-06-01 19:11:44,117 [fac1c7af-03c1-44bd-b323-3796df9c2435-groupManagement] INFO  server.RaftServerConfigKeys (ConfUtils.java:logGet(46)) - raft.server.log.appender.buffer.byte-limit = 33554432 (custom)
2023-06-01 19:11:44,117 [fac1c7af-03c1-44bd-b323-3796df9c2435-groupManagement] INFO  segmented.SegmentedRaftLogWorker (SegmentedRaftLogWorker.java:<init>(188)) - new fac1c7af-03c1-44bd-b323-3796df9c2435@group-187869B28A18-SegmentedRaftLogWorker for RaftStorageImpl:Storage Directory /home/runner/work/ozone/ozone/hadoop-ozone/integration-test/target/test-dir/MiniOzoneClusterImpl-59aba430-7466-43cf-ac60-ffcd1bd17169/datanode-0/data/ratis/1be3f2bc-25c2-43d6-b0f2-187869b28a18
2023-06-01 19:11:44,117 [EventQueue-PipelineReportForPipelineReportHandler] INFO  pipeline.PipelineManagerImpl (PipelineManagerImpl.java:openPipeline(367)) - Pipeline Pipeline[ Id: 1be3f2bc-25c2-43d6-b0f2-187869b28a18, Nodes: fac1c7af-03c1-44bd-b323-3796df9c2435(fv-az163-187.kzyshwy3mise5klwsllqwzgzyb.cx.internal.cloudapp.net/10.1.0.196), ReplicationConfig: RATIS/ONE, State:ALLOCATED, leaderId:fac1c7af-03c1-44bd-b323-3796df9c2435, CreationTimestamp2023-06-01T19:11:41.260Z[Etc/UTC]] moved to OPEN state
2023-06-01 19:11:44,117 [fac1c7af-03c1-44bd-b323-3796df9c2435-groupManagement] INFO  server.RaftServerConfigKeys (ConfUtils.java:logGet(46)) - raft.server.log.queue.byte-limit = 4294967296 (custom)
2023-06-01 19:11:44,117 [fac1c7af-03c1-44bd-b323-3796df9c2435-groupManagement] INFO  server.RaftServerConfigKeys (ConfUtils.java:logGet(46)) - raft.server.log.queue.element-limit = 1024 (custom)
2023-06-01 19:11:44,117 [fac1c7af-03c1-44bd-b323-3796df9c2435-groupManagement] INFO  server.RaftServerConfigKeys (ConfUtils.java:logGet(46)) - raft.server.log.segment.size.max = 1048576 (custom)
2023-06-01 19:11:44,118 [fac1c7af-03c1-44bd-b323-3796df9c2435-groupManagement] INFO  server.RaftServerConfigKeys (ConfUtils.java:logGet(46)) - raft.server.log.preallocated.size = 16384 (custom)
2023-06-01 19:11:44,118 [fac1c7af-03c1-44bd-b323-3796df9c2435-groupManagement] INFO  server.RaftServerConfigKeys (ConfUtils.java:logGet(46)) - raft.server.log.force.sync.num = 128 (default)
2023-06-01 19:11:44,118 [fac1c7af-03c1-44bd-b323-3796df9c2435-groupManagement] INFO  server.RaftServerConfigKeys (ConfUtils.java:logGet(46)) - raft.server.log.statemachine.data.sync = true (default)
2023-06-01 19:11:44,118 [fac1c7af-03c1-44bd-b323-3796df9c2435-groupManagement] INFO  server.RaftServerConfigKeys (ConfUtils.java:logGet(46)) - raft.server.log.statemachine.data.sync.timeout = 10s (default)
2023-06-01 19:11:44,118 [fac1c7af-03c1-44bd-b323-3796df9c2435-groupManagement] INFO  server.RaftServerConfigKeys (ConfUtils.java:logGet(46)) - raft.server.log.statemachine.data.sync.timeout.retry = -1 (default)
2023-06-01 19:11:44,118 [fac1c7af-03c1-44bd-b323-3796df9c2435-groupManagement] INFO  server.RaftServerConfigKeys (ConfUtils.java:logGet(46)) - raft.server.log.write.buffer.size = 1048576 (custom)
2023-06-01 19:11:44,119 [fac1c7af-03c1-44bd-b323-3796df9c2435-groupManagement] INFO  server.RaftServerConfigKeys (ConfUtils.java:logGet(46)) - raft.server.log.appender.buffer.byte-limit = 33554432 (custom)
2023-06-01 19:11:44,210 [fac1c7af-03c1-44bd-b323-3796df9c2435-groupManagement] INFO  server.RaftServerConfigKeys (ConfUtils.java:logGet(46)) - raft.server.log.unsafe-flush.enabled = false (default)
2023-06-01 19:11:44,210 [fac1c7af-03c1-44bd-b323-3796df9c2435-groupManagement] INFO  server.RaftServerConfigKeys (ConfUtils.java:logGet(46)) - raft.server.log.async-flush.enabled = false (default)
2023-06-01 19:11:44,210 [fac1c7af-03c1-44bd-b323-3796df9c2435-groupManagement] INFO  server.RaftServerConfigKeys (ConfUtils.java:logGet(46)) - raft.server.log.statemachine.data.caching.enabled = true (custom)
2023-06-01 19:11:44,211 [fac1c7af-03c1-44bd-b323-3796df9c2435-groupManagement] INFO  segmented.SegmentedRaftLogWorker (SegmentedRaftLogWorker.java:lambda$new$0(135)) - fac1c7af-03c1-44bd-b323-3796df9c2435@group-187869B28A18-SegmentedRaftLogWorker: flushIndex: setUnconditionally 0 -> -1
2023-06-01 19:11:44,211 [fac1c7af-03c1-44bd-b323-3796df9c2435-groupManagement] INFO  segmented.SegmentedRaftLogWorker (SegmentedRaftLogWorker.java:lambda$new$0(135)) - fac1c7af-03c1-44bd-b323-3796df9c2435@group-187869B28A18-SegmentedRaftLogWorker: safeCacheEvictIndex: setUnconditionally 0 -> -1
2023-06-01 19:11:44,229 [fac1c7af-03c1-44bd-b323-3796df9c2435-groupManagement] INFO  server.RaftServer$Division (RaftServerImpl.java:start(342)) - fac1c7af-03c1-44bd-b323-3796df9c2435@group-187869B28A18: start as a follower, conf=-1: peers:[fac1c7af-03c1-44bd-b323-3796df9c2435|rpc:10.1.0.196:15014|admin:10.1.0.196:15013|client:10.1.0.196:15012|dataStream:10.1.0.196:15015|priority:1|startupRole:FOLLOWER]|listeners:[], old=null
2023-06-01 19:11:44,229 [fac1c7af-03c1-44bd-b323-3796df9c2435-groupManagement] INFO  server.RaftServer$Division (RaftServerImpl.java:setRole(329)) - fac1c7af-03c1-44bd-b323-3796df9c2435@group-187869B28A18: changes role from      null to FOLLOWER at term 0 for startAsFollower
2023-06-01 19:11:44,229 [fac1c7af-03c1-44bd-b323-3796df9c2435-groupManagement] INFO  impl.RoleInfo (RoleInfo.java:updateAndGet(139)) - fac1c7af-03c1-44bd-b323-3796df9c2435: start fac1c7af-03c1-44bd-b323-3796df9c2435@group-187869B28A18-FollowerState
2023-06-01 19:11:44,239 [fac1c7af-03c1-44bd-b323-3796df9c2435-groupManagement] INFO  util.JmxRegister (JmxRegister.java:tryRegister(44)) - Successfully registered JMX Bean with object name Ratis:service=RaftServer,group=group-187869B28A18,id=fac1c7af-03c1-44bd-b323-3796df9c2435
2023-06-01 19:11:44,239 [fac1c7af-03c1-44bd-b323-3796df9c2435-groupManagement] INFO  server.RaftServerConfigKeys (ConfUtils.java:logGet(46)) - raft.server.snapshot.auto.trigger.enabled = true (custom)
2023-06-01 19:11:44,239 [fac1c7af-03c1-44bd-b323-3796df9c2435-groupManagement] INFO  server.RaftServerConfigKeys (ConfUtils.java:logGet(46)) - raft.server.snapshot.auto.trigger.threshold = 10000 (custom)
2023-06-01 19:11:44,239 [fac1c7af-03c1-44bd-b323-3796df9c2435-groupManagement] INFO  server.RaftServerConfigKeys (ConfUtils.java:logGet(46)) - raft.server.snapshot.retention.file.num = 5 (custom)
2023-06-01 19:11:44,239 [fac1c7af-03c1-44bd-b323-3796df9c2435-groupManagement] INFO  server.RaftServerConfigKeys (ConfUtils.java:logGet(46)) - raft.server.log.purge.upto.snapshot.index = false (default)
2023-06-01 19:11:44,239 [fac1c7af-03c1-44bd-b323-3796df9c2435@group-187869B28A18-FollowerState] INFO  server.RaftServerConfigKeys (ConfUtils.java:logFallback(53)) - raft.server.rpc.first-election.timeout.min = 5s (fallback to raft.server.rpc.timeout.min)
2023-06-01 19:11:44,239 [fac1c7af-03c1-44bd-b323-3796df9c2435@group-187869B28A18-FollowerState] INFO  server.RaftServerConfigKeys (ConfUtils.java:logFallback(53)) - raft.server.rpc.first-election.timeout.max = 5200ms (fallback to raft.server.rpc.timeout.max)
2023-06-01 19:11:44,243 [PipelineCommandHandlerThread-0] INFO  ratis.XceiverServerRatis (XceiverServerRatis.java:addGroup(804)) - Created group PipelineID=1be3f2bc-25c2-43d6-b0f2-187869b28a18
2023-06-01 19:11:44,243 [PipelineCommandHandlerThread-0] INFO  commandhandler.CreatePipelineCommandHandler (CreatePipelineCommandHandler.java:lambda$handle$2(124)) - Created Pipeline RATIS ONE PipelineID=1be3f2bc-25c2-43d6-b0f2-187869b28a18.
2023-06-01 19:11:44,249 [JvmPauseMonitor5] WARN  util.JvmPauseMonitor (JvmPauseMonitor.java:detectPause(124)) - JvmPauseMonitor-c2c84cb5-dc25-48b6-abcd-2faa62d614c8: Detected pause in JVM or host machine approximately 0.109s with 0.087s GC time.
GC pool 'PS Scavenge' had collection(s): count=1 time=87ms
2023-06-01 19:11:44,249 [JvmPauseMonitor2] WARN  util.JvmPauseMonitor (JvmPauseMonitor.java:detectPause(124)) - JvmPauseMonitor-c686f304-079c-4e24-9d21-fd4c36dc1242: Detected pause in JVM or host machine approximately 0.112s with 0.087s GC time.
GC pool 'PS Scavenge' had collection(s): count=1 time=87ms
2023-06-01 19:11:44,249 [JvmPauseMonitor0] WARN  util.JvmPauseMonitor (JvmPauseMonitor.java:detectPause(124)) - JvmPauseMonitor-om1: Detected pause in JVM or host machine approximately 0.111s with 0.087s GC time.
GC pool 'PS Scavenge' had collection(s): count=1 time=87ms
2023-06-01 19:11:44,249 [JvmPauseMonitor6] WARN  util.JvmPauseMonitor (JvmPauseMonitor.java:detectPause(124)) - JvmPauseMonitor-aab6e560-2e42-4217-8e7a-cc5f2733e87a: Detected pause in JVM or host machine approximately 0.113s with 0.087s GC time.
GC pool 'PS Scavenge' had collection(s): count=1 time=87ms
2023-06-01 19:11:44,249 [JvmPauseMonitor3] WARN  util.JvmPauseMonitor (JvmPauseMonitor.java:detectPause(124)) - JvmPauseMonitor-d78dd883-3e4c-45aa-98b2-e8ffdf2e22af: Detected pause in JVM or host machine approximately 0.114s with 0.087s GC time.
GC pool 'PS Scavenge' had collection(s): count=1 time=87ms
2023-06-01 19:11:44,249 [JvmPauseMonitor9] WARN  util.JvmPauseMonitor (JvmPauseMonitor.java:detectPause(124)) - JvmPauseMonitor-b39db728-622c-42ae-954c-bd0dbc524ba7: Detected pause in JVM or host machine approximately 0.114s with 0.087s GC time.
GC pool 'PS Scavenge' had collection(s): count=1 time=87ms
2023-06-01 19:11:44,249 [JvmPauseMonitor8] WARN  util.JvmPauseMonitor (JvmPauseMonitor.java:detectPause(124)) - JvmPauseMonitor-9125f905-aa43-4d0f-845d-e6cfd4dab0cd: Detected pause in JVM or host machine approximately 0.114s with 0.087s GC time.
GC pool 'PS Scavenge' had collection(s): count=1 time=87ms
2023-06-01 19:11:44,249 [JvmPauseMonitor7] WARN  util.JvmPauseMonitor (JvmPauseMonitor.java:detectPause(124)) - JvmPauseMonitor-36cbda38-693f-49bb-be1a-3256c6faae50: Detected pause in JVM or host machine approximately 0.116s with 0.087s GC time.
GC pool 'PS Scavenge' had collection(s): count=1 time=87ms
2023-06-01 19:11:44,249 [JvmPauseMonitor10] WARN  util.JvmPauseMonitor (JvmPauseMonitor.java:detectPause(124)) - JvmPauseMonitor-d7192325-13fb-433e-b8d5-f6359b644c8f: Detected pause in JVM or host machine approximately 0.116s with 0.087s GC time.
GC pool 'PS Scavenge' had collection(s): count=1 time=87ms
2023-06-01 19:11:44,250 [JvmPauseMonitor11] WARN  util.JvmPauseMonitor (JvmPauseMonitor.java:detectPause(124)) - JvmPauseMonitor-fac1c7af-03c1-44bd-b323-3796df9c2435: Detected pause in JVM or host machine approximately 0.125s with 0.087s GC time.
GC pool 'PS Scavenge' had collection(s): count=1 time=87ms
2023-06-01 19:11:47,849 [d7192325-13fb-433e-b8d5-f6359b644c8f@group-CD60DE991625-FollowerState] INFO  impl.FollowerState (FollowerState.java:run(143)) - d7192325-13fb-433e-b8d5-f6359b644c8f@group-CD60DE991625-FollowerState: change to CANDIDATE, lastRpcElapsedTime:5078579057ns, electionTimeout:5078ms
2023-06-01 19:11:47,849 [d7192325-13fb-433e-b8d5-f6359b644c8f@group-CD60DE991625-FollowerState] INFO  impl.RoleInfo (RoleInfo.java:shutdownFollowerState(110)) - d7192325-13fb-433e-b8d5-f6359b644c8f: shutdown d7192325-13fb-433e-b8d5-f6359b644c8f@group-CD60DE991625-FollowerState
2023-06-01 19:11:47,849 [d7192325-13fb-433e-b8d5-f6359b644c8f@group-CD60DE991625-FollowerState] INFO  server.RaftServer$Division (RaftServerImpl.java:setRole(329)) - d7192325-13fb-433e-b8d5-f6359b644c8f@group-CD60DE991625: changes role from  FOLLOWER to CANDIDATE at term 0 for changeToCandidate
2023-06-01 19:11:47,849 [d7192325-13fb-433e-b8d5-f6359b644c8f@group-CD60DE991625-FollowerState] INFO  server.RaftServerConfigKeys (ConfUtils.java:logGet(46)) - raft.server.leaderelection.pre-vote = true (default)
2023-06-01 19:11:47,849 [d7192325-13fb-433e-b8d5-f6359b644c8f@group-CD60DE991625-FollowerState] INFO  impl.RoleInfo (RoleInfo.java:updateAndGet(139)) - d7192325-13fb-433e-b8d5-f6359b644c8f: start d7192325-13fb-433e-b8d5-f6359b644c8f@group-CD60DE991625-LeaderElection25
2023-06-01 19:11:47,852 [d7192325-13fb-433e-b8d5-f6359b644c8f@group-CD60DE991625-LeaderElection25] INFO  impl.LeaderElection (LeaderElection.java:askForVotes(321)) - d7192325-13fb-433e-b8d5-f6359b644c8f@group-CD60DE991625-LeaderElection25 PRE_VOTE round 0: submit vote requests at term 0 for -1: peers:[d7192325-13fb-433e-b8d5-f6359b644c8f|rpc:10.1.0.196:15095|admin:10.1.0.196:15094|client:10.1.0.196:15093|dataStream:10.1.0.196:15096|priority:1|startupRole:FOLLOWER, d78dd883-3e4c-45aa-98b2-e8ffdf2e22af|rpc:10.1.0.196:15032|admin:10.1.0.196:15031|client:10.1.0.196:15030|dataStream:10.1.0.196:15033|priority:0|startupRole:FOLLOWER, fac1c7af-03c1-44bd-b323-3796df9c2435|rpc:10.1.0.196:15014|admin:10.1.0.196:15013|client:10.1.0.196:15012|dataStream:10.1.0.196:15015|priority:0|startupRole:FOLLOWER]|listeners:[], old=null
2023-06-01 19:11:47,853 [d7192325-13fb-433e-b8d5-f6359b644c8f@group-CD60DE991625-LeaderElection25] INFO  server.RaftServerConfigKeys (ConfUtils.java:logFallback(53)) - raft.server.rpc.first-election.timeout.min = 5s (fallback to raft.server.rpc.timeout.min)
2023-06-01 19:11:47,853 [d7192325-13fb-433e-b8d5-f6359b644c8f@group-CD60DE991625-LeaderElection25-1] INFO  server.GrpcServerProtocolClient (GrpcServerProtocolClient.java:<init>(65)) - Build channel for d78dd883-3e4c-45aa-98b2-e8ffdf2e22af
2023-06-01 19:11:47,853 [d7192325-13fb-433e-b8d5-f6359b644c8f@group-CD60DE991625-LeaderElection25] INFO  server.RaftServerConfigKeys (ConfUtils.java:logFallback(53)) - raft.server.rpc.first-election.timeout.max = 5200ms (fallback to raft.server.rpc.timeout.max)
2023-06-01 19:11:47,853 [d7192325-13fb-433e-b8d5-f6359b644c8f@group-CD60DE991625-LeaderElection25-2] INFO  server.GrpcServerProtocolClient (GrpcServerProtocolClient.java:<init>(65)) - Build channel for fac1c7af-03c1-44bd-b323-3796df9c2435
2023-06-01 19:11:47,861 [grpc-default-executor-3] INFO  server.RaftServer$Division (RaftServerImpl.java:requestVote(1302)) - fac1c7af-03c1-44bd-b323-3796df9c2435@group-CD60DE991625: receive requestVote(PRE_VOTE, d7192325-13fb-433e-b8d5-f6359b644c8f, group-CD60DE991625, 0, (t:0, i:0))
2023-06-01 19:11:47,861 [grpc-default-executor-3] INFO  impl.VoteContext (VoteContext.java:log(49)) - fac1c7af-03c1-44bd-b323-3796df9c2435@group-CD60DE991625-FOLLOWER: accept PRE_VOTE from d7192325-13fb-433e-b8d5-f6359b644c8f: our priority 0 <= candidate's priority 1
2023-06-01 19:11:47,861 [grpc-default-executor-3] INFO  server.RaftServer$Division (RaftServerImpl.java:requestVote(1335)) - fac1c7af-03c1-44bd-b323-3796df9c2435@group-CD60DE991625 replies to PRE_VOTE vote request: d7192325-13fb-433e-b8d5-f6359b644c8f<-fac1c7af-03c1-44bd-b323-3796df9c2435#0:OK-t0. Peer's state: fac1c7af-03c1-44bd-b323-3796df9c2435@group-CD60DE991625:t0, leader=null, voted=, raftlog=Memoized:fac1c7af-03c1-44bd-b323-3796df9c2435@group-CD60DE991625-SegmentedRaftLog:OPENED:c-1, conf=-1: peers:[d7192325-13fb-433e-b8d5-f6359b644c8f|rpc:10.1.0.196:15095|admin:10.1.0.196:15094|client:10.1.0.196:15093|dataStream:10.1.0.196:15096|priority:1|startupRole:FOLLOWER, d78dd883-3e4c-45aa-98b2-e8ffdf2e22af|rpc:10.1.0.196:15032|admin:10.1.0.196:15031|client:10.1.0.196:15030|dataStream:10.1.0.196:15033|priority:0|startupRole:FOLLOWER, fac1c7af-03c1-44bd-b323-3796df9c2435|rpc:10.1.0.196:15014|admin:10.1.0.196:15013|client:10.1.0.196:15012|dataStream:10.1.0.196:15015|priority:0|startupRole:FOLLOWER]|listeners:[], old=null
2023-06-01 19:11:47,862 [d7192325-13fb-433e-b8d5-f6359b644c8f@group-CD60DE991625-LeaderElection25] INFO  impl.LeaderElection (LeaderElection.java:logAndReturn(90)) - d7192325-13fb-433e-b8d5-f6359b644c8f@group-CD60DE991625-LeaderElection25: PRE_VOTE PASSED received 1 response(s) and 0 exception(s):
2023-06-01 19:11:47,862 [d7192325-13fb-433e-b8d5-f6359b644c8f@group-CD60DE991625-LeaderElection25] INFO  impl.LeaderElection (LeaderElection.java:logAndReturn(94)) -   Response 0: d7192325-13fb-433e-b8d5-f6359b644c8f<-fac1c7af-03c1-44bd-b323-3796df9c2435#0:OK-t0
2023-06-01 19:11:47,862 [d7192325-13fb-433e-b8d5-f6359b644c8f@group-CD60DE991625-LeaderElection25] INFO  impl.LeaderElection (LeaderElection.java:askForVotes(323)) - d7192325-13fb-433e-b8d5-f6359b644c8f@group-CD60DE991625-LeaderElection25 PRE_VOTE round 0: result PASSED
2023-06-01 19:11:47,863 [d7192325-13fb-433e-b8d5-f6359b644c8f@group-CD60DE991625-LeaderElection25] INFO  impl.LeaderElection (LeaderElection.java:askForVotes(321)) - d7192325-13fb-433e-b8d5-f6359b644c8f@group-CD60DE991625-LeaderElection25 ELECTION round 0: submit vote requests at term 1 for -1: peers:[d7192325-13fb-433e-b8d5-f6359b644c8f|rpc:10.1.0.196:15095|admin:10.1.0.196:15094|client:10.1.0.196:15093|dataStream:10.1.0.196:15096|priority:1|startupRole:FOLLOWER, d78dd883-3e4c-45aa-98b2-e8ffdf2e22af|rpc:10.1.0.196:15032|admin:10.1.0.196:15031|client:10.1.0.196:15030|dataStream:10.1.0.196:15033|priority:0|startupRole:FOLLOWER, fac1c7af-03c1-44bd-b323-3796df9c2435|rpc:10.1.0.196:15014|admin:10.1.0.196:15013|client:10.1.0.196:15012|dataStream:10.1.0.196:15015|priority:0|startupRole:FOLLOWER]|listeners:[], old=null
2023-06-01 19:11:47,868 [d7192325-13fb-433e-b8d5-f6359b644c8f@group-CD60DE991625-LeaderElection25] INFO  server.RaftServerConfigKeys (ConfUtils.java:logFallback(53)) - raft.server.rpc.first-election.timeout.min = 5s (fallback to raft.server.rpc.timeout.min)
2023-06-01 19:11:47,868 [d7192325-13fb-433e-b8d5-f6359b644c8f@group-CD60DE991625-LeaderElection25] INFO  server.RaftServerConfigKeys (ConfUtils.java:logFallback(53)) - raft.server.rpc.first-election.timeout.max = 5200ms (fallback to raft.server.rpc.timeout.max)
2023-06-01 19:11:47,872 [grpc-default-executor-3] INFO  server.RaftServer$Division (RaftServerImpl.java:requestVote(1302)) - fac1c7af-03c1-44bd-b323-3796df9c2435@group-CD60DE991625: receive requestVote(ELECTION, d7192325-13fb-433e-b8d5-f6359b644c8f, group-CD60DE991625, 1, (t:0, i:0))
2023-06-01 19:11:47,872 [grpc-default-executor-3] INFO  impl.VoteContext (VoteContext.java:log(49)) - fac1c7af-03c1-44bd-b323-3796df9c2435@group-CD60DE991625-FOLLOWER: accept ELECTION from d7192325-13fb-433e-b8d5-f6359b644c8f: our priority 0 <= candidate's priority 1
2023-06-01 19:11:47,872 [grpc-default-executor-3] INFO  server.RaftServer$Division (RaftServerImpl.java:setRole(329)) - fac1c7af-03c1-44bd-b323-3796df9c2435@group-CD60DE991625: changes role from  FOLLOWER to FOLLOWER at term 1 for candidate:d7192325-13fb-433e-b8d5-f6359b644c8f
2023-06-01 19:11:47,872 [grpc-default-executor-3] INFO  impl.RoleInfo (RoleInfo.java:shutdownFollowerState(110)) - fac1c7af-03c1-44bd-b323-3796df9c2435: shutdown fac1c7af-03c1-44bd-b323-3796df9c2435@group-CD60DE991625-FollowerState
2023-06-01 19:11:47,872 [grpc-default-executor-3] INFO  impl.RoleInfo (RoleInfo.java:updateAndGet(139)) - fac1c7af-03c1-44bd-b323-3796df9c2435: start fac1c7af-03c1-44bd-b323-3796df9c2435@group-CD60DE991625-FollowerState
2023-06-01 19:11:47,872 [fac1c7af-03c1-44bd-b323-3796df9c2435@group-CD60DE991625-FollowerState] INFO  impl.FollowerState (FollowerState.java:run(152)) - fac1c7af-03c1-44bd-b323-3796df9c2435@group-CD60DE991625-FollowerState was interrupted
2023-06-01 19:11:47,878 [grpc-default-executor-3] INFO  server.RaftServer$Division (RaftServerImpl.java:requestVote(1335)) - fac1c7af-03c1-44bd-b323-3796df9c2435@group-CD60DE991625 replies to ELECTION vote request: d7192325-13fb-433e-b8d5-f6359b644c8f<-fac1c7af-03c1-44bd-b323-3796df9c2435#0:OK-t1. Peer's state: fac1c7af-03c1-44bd-b323-3796df9c2435@group-CD60DE991625:t1, leader=null, voted=d7192325-13fb-433e-b8d5-f6359b644c8f, raftlog=Memoized:fac1c7af-03c1-44bd-b323-3796df9c2435@group-CD60DE991625-SegmentedRaftLog:OPENED:c-1, conf=-1: peers:[d7192325-13fb-433e-b8d5-f6359b644c8f|rpc:10.1.0.196:15095|admin:10.1.0.196:15094|client:10.1.0.196:15093|dataStream:10.1.0.196:15096|priority:1|startupRole:FOLLOWER, d78dd883-3e4c-45aa-98b2-e8ffdf2e22af|rpc:10.1.0.196:15032|admin:10.1.0.196:15031|client:10.1.0.196:15030|dataStream:10.1.0.196:15033|priority:0|startupRole:FOLLOWER, fac1c7af-03c1-44bd-b323-3796df9c2435|rpc:10.1.0.196:15014|admin:10.1.0.196:15013|client:10.1.0.196:15012|dataStream:10.1.0.196:15015|priority:0|startupRole:FOLLOWER]|listeners:[], old=null
2023-06-01 19:11:47,879 [grpc-default-executor-7] INFO  server.RaftServer$Division (RaftServerImpl.java:requestVote(1302)) - d78dd883-3e4c-45aa-98b2-e8ffdf2e22af@group-CD60DE991625: receive requestVote(ELECTION, d7192325-13fb-433e-b8d5-f6359b644c8f, group-CD60DE991625, 1, (t:0, i:0))
2023-06-01 19:11:47,879 [grpc-default-executor-7] INFO  impl.VoteContext (VoteContext.java:log(49)) - d78dd883-3e4c-45aa-98b2-e8ffdf2e22af@group-CD60DE991625-FOLLOWER: accept ELECTION from d7192325-13fb-433e-b8d5-f6359b644c8f: our priority 0 <= candidate's priority 1
2023-06-01 19:11:47,879 [grpc-default-executor-7] INFO  server.RaftServer$Division (RaftServerImpl.java:setRole(329)) - d78dd883-3e4c-45aa-98b2-e8ffdf2e22af@group-CD60DE991625: changes role from  FOLLOWER to FOLLOWER at term 1 for candidate:d7192325-13fb-433e-b8d5-f6359b644c8f
2023-06-01 19:11:47,879 [grpc-default-executor-7] INFO  impl.RoleInfo (RoleInfo.java:shutdownFollowerState(110)) - d78dd883-3e4c-45aa-98b2-e8ffdf2e22af: shutdown d78dd883-3e4c-45aa-98b2-e8ffdf2e22af@group-CD60DE991625-FollowerState
2023-06-01 19:11:47,879 [grpc-default-executor-7] INFO  impl.RoleInfo (RoleInfo.java:updateAndGet(139)) - d78dd883-3e4c-45aa-98b2-e8ffdf2e22af: start d78dd883-3e4c-45aa-98b2-e8ffdf2e22af@group-CD60DE991625-FollowerState
2023-06-01 19:11:47,879 [d78dd883-3e4c-45aa-98b2-e8ffdf2e22af@group-CD60DE991625-FollowerState] INFO  impl.FollowerState (FollowerState.java:run(152)) - d78dd883-3e4c-45aa-98b2-e8ffdf2e22af@group-CD60DE991625-FollowerState was interrupted
2023-06-01 19:11:47,879 [grpc-default-executor-3] INFO  server.RaftServer$Division (RaftServerImpl.java:requestVote(1302)) - d78dd883-3e4c-45aa-98b2-e8ffdf2e22af@group-CD60DE991625: receive requestVote(PRE_VOTE, d7192325-13fb-433e-b8d5-f6359b644c8f, group-CD60DE991625, 0, (t:0, i:0))
2023-06-01 19:11:47,880 [d7192325-13fb-433e-b8d5-f6359b644c8f@group-CD60DE991625-LeaderElection25] INFO  impl.LeaderElection (LeaderElection.java:logAndReturn(90)) - d7192325-13fb-433e-b8d5-f6359b644c8f@group-CD60DE991625-LeaderElection25: ELECTION PASSED received 1 response(s) and 0 exception(s):
2023-06-01 19:11:47,880 [d7192325-13fb-433e-b8d5-f6359b644c8f@group-CD60DE991625-LeaderElection25] INFO  impl.LeaderElection (LeaderElection.java:logAndReturn(94)) -   Response 0: d7192325-13fb-433e-b8d5-f6359b644c8f<-fac1c7af-03c1-44bd-b323-3796df9c2435#0:OK-t1
2023-06-01 19:11:47,880 [d7192325-13fb-433e-b8d5-f6359b644c8f@group-CD60DE991625-LeaderElection25] INFO  impl.LeaderElection (LeaderElection.java:askForVotes(323)) - d7192325-13fb-433e-b8d5-f6359b644c8f@group-CD60DE991625-LeaderElection25 ELECTION round 0: result PASSED
2023-06-01 19:11:47,881 [d7192325-13fb-433e-b8d5-f6359b644c8f@group-CD60DE991625-LeaderElection25] INFO  impl.RoleInfo (RoleInfo.java:shutdownLeaderElection(130)) - d7192325-13fb-433e-b8d5-f6359b644c8f: shutdown d7192325-13fb-433e-b8d5-f6359b644c8f@group-CD60DE991625-LeaderElection25
2023-06-01 19:11:47,881 [grpc-default-executor-7] INFO  server.RaftServer$Division (RaftServerImpl.java:requestVote(1335)) - d78dd883-3e4c-45aa-98b2-e8ffdf2e22af@group-CD60DE991625 replies to ELECTION vote request: d7192325-13fb-433e-b8d5-f6359b644c8f<-d78dd883-3e4c-45aa-98b2-e8ffdf2e22af#0:OK-t1. Peer's state: d78dd883-3e4c-45aa-98b2-e8ffdf2e22af@group-CD60DE991625:t1, leader=null, voted=d7192325-13fb-433e-b8d5-f6359b644c8f, raftlog=Memoized:d78dd883-3e4c-45aa-98b2-e8ffdf2e22af@group-CD60DE991625-SegmentedRaftLog:OPENED:c-1, conf=-1: peers:[d7192325-13fb-433e-b8d5-f6359b644c8f|rpc:10.1.0.196:15095|admin:10.1.0.196:15094|client:10.1.0.196:15093|dataStream:10.1.0.196:15096|priority:1|startupRole:FOLLOWER, d78dd883-3e4c-45aa-98b2-e8ffdf2e22af|rpc:10.1.0.196:15032|admin:10.1.0.196:15031|client:10.1.0.196:15030|dataStream:10.1.0.196:15033|priority:0|startupRole:FOLLOWER, fac1c7af-03c1-44bd-b323-3796df9c2435|rpc:10.1.0.196:15014|admin:10.1.0.196:15013|client:10.1.0.196:15012|dataStream:10.1.0.196:15015|priority:0|startupRole:FOLLOWER]|listeners:[], old=null
2023-06-01 19:11:47,881 [d7192325-13fb-433e-b8d5-f6359b644c8f@group-CD60DE991625-LeaderElection25] INFO  server.RaftServer$Division (RaftServerImpl.java:setRole(329)) - d7192325-13fb-433e-b8d5-f6359b644c8f@group-CD60DE991625: changes role from CANDIDATE to LEADER at term 1 for changeToLeader
2023-06-01 19:11:47,882 [d7192325-13fb-433e-b8d5-f6359b644c8f@group-CD60DE991625-LeaderElection25] INFO  ratis.XceiverServerRatis (XceiverServerRatis.java:handleLeaderChangedNotification(902)) - Leader change notification received for group: group-CD60DE991625 with new leaderId: d7192325-13fb-433e-b8d5-f6359b644c8f
2023-06-01 19:11:47,882 [d7192325-13fb-433e-b8d5-f6359b644c8f@group-CD60DE991625-LeaderElection25] INFO  server.RaftServer$Division (ServerState.java:setLeader(317)) - d7192325-13fb-433e-b8d5-f6359b644c8f@group-CD60DE991625: change Leader from null to d7192325-13fb-433e-b8d5-f6359b644c8f at term 1 for becomeLeader, leader elected after 5122ms
2023-06-01 19:11:47,882 [d7192325-13fb-433e-b8d5-f6359b644c8f@group-CD60DE991625-LeaderElection25] INFO  server.RaftServerConfigKeys (ConfUtils.java:logGet(46)) - raft.server.staging.catchup.gap = 1000 (default)
2023-06-01 19:11:47,882 [d7192325-13fb-433e-b8d5-f6359b644c8f@group-CD60DE991625-LeaderElection25] INFO  server.RaftServerConfigKeys (ConfUtils.java:logGet(46)) - raft.server.write.element-limit = 1024 (custom)
2023-06-01 19:11:47,882 [grpc-default-executor-3] INFO  impl.VoteContext (VoteContext.java:log(49)) - d78dd883-3e4c-45aa-98b2-e8ffdf2e22af@group-CD60DE991625-FOLLOWER: accept PRE_VOTE from d7192325-13fb-433e-b8d5-f6359b644c8f: our priority 0 <= candidate's priority 1
2023-06-01 19:11:47,882 [grpc-default-executor-3] INFO  server.RaftServer$Division (RaftServerImpl.java:requestVote(1335)) - d78dd883-3e4c-45aa-98b2-e8ffdf2e22af@group-CD60DE991625 replies to PRE_VOTE vote request: d7192325-13fb-433e-b8d5-f6359b644c8f<-d78dd883-3e4c-45aa-98b2-e8ffdf2e22af#0:OK-t1. Peer's state: d78dd883-3e4c-45aa-98b2-e8ffdf2e22af@group-CD60DE991625:t1, leader=null, voted=d7192325-13fb-433e-b8d5-f6359b644c8f, raftlog=Memoized:d78dd883-3e4c-45aa-98b2-e8ffdf2e22af@group-CD60DE991625-SegmentedRaftLog:OPENED:c-1, conf=-1: peers:[d7192325-13fb-433e-b8d5-f6359b644c8f|rpc:10.1.0.196:15095|admin:10.1.0.196:15094|client:10.1.0.196:15093|dataStream:10.1.0.196:15096|priority:1|startupRole:FOLLOWER, d78dd883-3e4c-45aa-98b2-e8ffdf2e22af|rpc:10.1.0.196:15032|admin:10.1.0.196:15031|client:10.1.0.196:15030|dataStream:10.1.0.196:15033|priority:0|startupRole:FOLLOWER, fac1c7af-03c1-44bd-b323-3796df9c2435|rpc:10.1.0.196:15014|admin:10.1.0.196:15013|client:10.1.0.196:15012|dataStream:10.1.0.196:15015|priority:0|startupRole:FOLLOWER]|listeners:[], old=null
2023-06-01 19:11:47,882 [d7192325-13fb-433e-b8d5-f6359b644c8f@group-CD60DE991625-LeaderElection25] INFO  server.RaftServerConfigKeys (ConfUtils.java:logGet(46)) - raft.server.write.byte-limit = 1024 M (=1073741824) (custom)
2023-06-01 19:11:47,883 [d7192325-13fb-433e-b8d5-f6359b644c8f@group-CD60DE991625-LeaderElection25] INFO  server.RaftServerConfigKeys (ConfUtils.java:logGet(46)) - raft.server.watch.timeout = 180s (custom)
2023-06-01 19:11:47,883 [d7192325-13fb-433e-b8d5-f6359b644c8f@group-CD60DE991625-LeaderElection25] INFO  server.RaftServerConfigKeys (ConfUtils.java:logGet(46)) - raft.server.watch.timeout.denomination = 1s (default)
2023-06-01 19:11:47,883 [d7192325-13fb-433e-b8d5-f6359b644c8f@group-CD60DE991625-LeaderElection25] INFO  server.RaftServerConfigKeys (ConfUtils.java:logGet(46)) - raft.server.watch.element-limit = 65536 (default)
2023-06-01 19:11:47,883 [d7192325-13fb-433e-b8d5-f6359b644c8f@group-CD60DE991625-LeaderElection25] INFO  server.RaftServerConfigKeys (ConfUtils.java:logGet(46)) - raft.server.write.element-limit = 1024 (custom)
2023-06-01 19:11:47,883 [d7192325-13fb-433e-b8d5-f6359b644c8f@group-CD60DE991625-LeaderElection25] INFO  server.RaftServerConfigKeys (ConfUtils.java:logGet(46)) - raft.server.write.follower.gap.ratio.max = -1.0 (default)
2023-06-01 19:11:47,883 [EventQueue-PipelineReportForPipelineReportHandler] INFO  pipeline.PipelineManagerImpl (PipelineManagerImpl.java:openPipeline(367)) - Pipeline Pipeline[ Id: 16d55649-bfb8-40a0-964c-cd60de991625, Nodes: d78dd883-3e4c-45aa-98b2-e8ffdf2e22af(fv-az163-187.kzyshwy3mise5klwsllqwzgzyb.cx.internal.cloudapp.net/10.1.0.196)d7192325-13fb-433e-b8d5-f6359b644c8f(fv-az163-187.kzyshwy3mise5klwsllqwzgzyb.cx.internal.cloudapp.net/10.1.0.196)fac1c7af-03c1-44bd-b323-3796df9c2435(fv-az163-187.kzyshwy3mise5klwsllqwzgzyb.cx.internal.cloudapp.net/10.1.0.196), ReplicationConfig: RATIS/THREE, State:ALLOCATED, leaderId:d7192325-13fb-433e-b8d5-f6359b644c8f, CreationTimestamp2023-06-01T19:11:41.262Z[Etc/UTC]] moved to OPEN state
2023-06-01 19:11:47,883 [d7192325-13fb-433e-b8d5-f6359b644c8f@group-CD60DE991625-LeaderElection25] INFO  server.RaftServerConfigKeys (ConfUtils.java:logGet(46)) - raft.server.log.appender.snapshot.chunk.size.max = 16MB (=16777216) (default)
2023-06-01 19:11:47,883 [d7192325-13fb-433e-b8d5-f6359b644c8f@group-CD60DE991625-LeaderElection25] INFO  server.RaftServerConfigKeys (ConfUtils.java:logGet(46)) - raft.server.log.appender.buffer.byte-limit = 33554432 (custom)
2023-06-01 19:11:47,883 [d7192325-13fb-433e-b8d5-f6359b644c8f@group-CD60DE991625-LeaderElection25] INFO  server.RaftServerConfigKeys (ConfUtils.java:logGet(46)) - raft.server.log.appender.buffer.element-limit = 1 (custom)
2023-06-01 19:11:47,883 [d7192325-13fb-433e-b8d5-f6359b644c8f@group-CD60DE991625-LeaderElection25] INFO  server.RaftServerConfigKeys (ConfUtils.java:logGet(46)) - raft.server.log.appender.wait-time.min = 10ms (default)
2023-06-01 19:11:47,883 [d7192325-13fb-433e-b8d5-f6359b644c8f@group-CD60DE991625-LeaderElection25] INFO  grpc.GrpcConfigKeys (ConfUtils.java:logGet(46)) - raft.grpc.server.leader.outstanding.appends.max = 128 (default)
2023-06-01 19:11:47,883 [d7192325-13fb-433e-b8d5-f6359b644c8f@group-CD60DE991625-LeaderElection25] INFO  server.RaftServerConfigKeys (ConfUtils.java:logGet(46)) - raft.server.rpc.request.timeout = 60s (custom)
2023-06-01 19:11:47,884 [d7192325-13fb-433e-b8d5-f6359b644c8f@group-CD60DE991625-LeaderElection25] INFO  grpc.GrpcConfigKeys (ConfUtils.java:logGet(46)) - raft.grpc.server.install_snapshot.request.element-limit = 8 (default)
2023-06-01 19:11:47,884 [d7192325-13fb-433e-b8d5-f6359b644c8f@group-CD60DE991625-LeaderElection25] INFO  grpc.GrpcConfigKeys (ConfUtils.java:logGet(46)) - raft.grpc.server.install_snapshot.request.timeout = 3000ms (default)
2023-06-01 19:11:47,884 [d7192325-13fb-433e-b8d5-f6359b644c8f@group-CD60DE991625-LeaderElection25] INFO  server.RaftServerConfigKeys (ConfUtils.java:logGet(46)) - raft.server.log.appender.install.snapshot.enabled = false (custom)
2023-06-01 19:11:47,884 [d7192325-13fb-433e-b8d5-f6359b644c8f@group-CD60DE991625-LeaderElection25] INFO  grpc.GrpcConfigKeys (ConfUtils.java:logGet(46)) - raft.grpc.server.heartbeat.channel = true (default)
2023-06-01 19:11:47,884 [d7192325-13fb-433e-b8d5-f6359b644c8f@group-CD60DE991625-LeaderElection25] INFO  server.RaftServerConfigKeys (ConfUtils.java:logGet(46)) - raft.server.log.appender.snapshot.chunk.size.max = 16MB (=16777216) (default)
2023-06-01 19:11:47,885 [d7192325-13fb-433e-b8d5-f6359b644c8f@group-CD60DE991625-LeaderElection25] INFO  server.RaftServerConfigKeys (ConfUtils.java:logGet(46)) - raft.server.log.appender.buffer.byte-limit = 33554432 (custom)
2023-06-01 19:11:47,885 [d7192325-13fb-433e-b8d5-f6359b644c8f@group-CD60DE991625-LeaderElection25] INFO  server.RaftServerConfigKeys (ConfUtils.java:logGet(46)) - raft.server.log.appender.buffer.element-limit = 1 (custom)
2023-06-01 19:11:47,885 [d7192325-13fb-433e-b8d5-f6359b644c8f@group-CD60DE991625-LeaderElection25] INFO  server.RaftServerConfigKeys (ConfUtils.java:logGet(46)) - raft.server.log.appender.wait-time.min = 10ms (default)
2023-06-01 19:11:47,885 [d7192325-13fb-433e-b8d5-f6359b644c8f@group-CD60DE991625-LeaderElection25] INFO  grpc.GrpcConfigKeys (ConfUtils.java:logGet(46)) - raft.grpc.server.leader.outstanding.appends.max = 128 (default)
2023-06-01 19:11:47,885 [d7192325-13fb-433e-b8d5-f6359b644c8f@group-CD60DE991625-LeaderElection25] INFO  server.RaftServerConfigKeys (ConfUtils.java:logGet(46)) - raft.server.rpc.request.timeout = 60s (custom)
2023-06-01 19:11:47,885 [d7192325-13fb-433e-b8d5-f6359b644c8f@group-CD60DE991625-LeaderElection25] INFO  grpc.GrpcConfigKeys (ConfUtils.java:logGet(46)) - raft.grpc.server.install_snapshot.request.element-limit = 8 (default)
2023-06-01 19:11:47,885 [d7192325-13fb-433e-b8d5-f6359b644c8f@group-CD60DE991625-LeaderElection25] INFO  grpc.GrpcConfigKeys (ConfUtils.java:logGet(46)) - raft.grpc.server.install_snapshot.request.timeout = 3000ms (default)
2023-06-01 19:11:47,885 [d7192325-13fb-433e-b8d5-f6359b644c8f@group-CD60DE991625-LeaderElection25] INFO  server.RaftServerConfigKeys (ConfUtils.java:logGet(46)) - raft.server.log.appender.install.snapshot.enabled = false (custom)
2023-06-01 19:11:47,885 [d7192325-13fb-433e-b8d5-f6359b644c8f@group-CD60DE991625-LeaderElection25] INFO  grpc.GrpcConfigKeys (ConfUtils.java:logGet(46)) - raft.grpc.server.heartbeat.channel = true (default)
2023-06-01 19:11:47,885 [d7192325-13fb-433e-b8d5-f6359b644c8f@group-CD60DE991625-LeaderElection25] INFO  impl.RoleInfo (RoleInfo.java:updateAndGet(139)) - d7192325-13fb-433e-b8d5-f6359b644c8f: start d7192325-13fb-433e-b8d5-f6359b644c8f@group-CD60DE991625-LeaderStateImpl
2023-06-01 19:11:47,885 [d7192325-13fb-433e-b8d5-f6359b644c8f@group-CD60DE991625-LeaderElection25] INFO  segmented.SegmentedRaftLogWorker (SegmentedRaftLogWorker.java:startLogSegment(447)) - d7192325-13fb-433e-b8d5-f6359b644c8f@group-CD60DE991625-SegmentedRaftLogWorker: Starting segment from index:0
2023-06-01 19:11:47,886 [d7192325-13fb-433e-b8d5-f6359b644c8f@group-CD60DE991625-SegmentedRaftLogWorker] INFO  segmented.SegmentedRaftLogWorker (SegmentedRaftLogWorker.java:execute(651)) - d7192325-13fb-433e-b8d5-f6359b644c8f@group-CD60DE991625-SegmentedRaftLogWorker: created new log segment /home/runner/work/ozone/ozone/hadoop-ozone/integration-test/target/test-dir/MiniOzoneClusterImpl-59aba430-7466-43cf-ac60-ffcd1bd17169/datanode-9/data/ratis/16d55649-bfb8-40a0-964c-cd60de991625/current/log_inprogress_0
2023-06-01 19:11:47,898 [d7192325-13fb-433e-b8d5-f6359b644c8f@group-CD60DE991625-LeaderElection25] INFO  server.RaftServer$Division (ServerState.java:setRaftConf(434)) - d7192325-13fb-433e-b8d5-f6359b644c8f@group-CD60DE991625: set configuration 0: peers:[d7192325-13fb-433e-b8d5-f6359b644c8f|rpc:10.1.0.196:15095|admin:10.1.0.196:15094|client:10.1.0.196:15093|dataStream:10.1.0.196:15096|priority:1|startupRole:FOLLOWER, d78dd883-3e4c-45aa-98b2-e8ffdf2e22af|rpc:10.1.0.196:15032|admin:10.1.0.196:15031|client:10.1.0.196:15030|dataStream:10.1.0.196:15033|priority:0|startupRole:FOLLOWER, fac1c7af-03c1-44bd-b323-3796df9c2435|rpc:10.1.0.196:15014|admin:10.1.0.196:15013|client:10.1.0.196:15012|dataStream:10.1.0.196:15015|priority:0|startupRole:FOLLOWER]|listeners:[], old=null
2023-06-01 19:11:47,900 [d78dd883-3e4c-45aa-98b2-e8ffdf2e22af-server-thread1] INFO  ratis.XceiverServerRatis (XceiverServerRatis.java:handleLeaderChangedNotification(902)) - Leader change notification received for group: group-CD60DE991625 with new leaderId: d7192325-13fb-433e-b8d5-f6359b644c8f
2023-06-01 19:11:47,901 [d78dd883-3e4c-45aa-98b2-e8ffdf2e22af-server-thread1] INFO  server.RaftServer$Division (ServerState.java:setLeader(317)) - d78dd883-3e4c-45aa-98b2-e8ffdf2e22af@group-CD60DE991625: change Leader from null to d7192325-13fb-433e-b8d5-f6359b644c8f at term 1 for appendEntries, leader elected after 5121ms
2023-06-01 19:11:47,907 [fac1c7af-03c1-44bd-b323-3796df9c2435-server-thread1] INFO  ratis.XceiverServerRatis (XceiverServerRatis.java:handleLeaderChangedNotification(902)) - Leader change notification received for group: group-CD60DE991625 with new leaderId: d7192325-13fb-433e-b8d5-f6359b644c8f
2023-06-01 19:11:47,907 [d78dd883-3e4c-45aa-98b2-e8ffdf2e22af-server-thread2] INFO  server.RaftServer$Division (ServerState.java:setRaftConf(434)) - d78dd883-3e4c-45aa-98b2-e8ffdf2e22af@group-CD60DE991625: set configuration 0: peers:[d7192325-13fb-433e-b8d5-f6359b644c8f|rpc:10.1.0.196:15095|admin:10.1.0.196:15094|client:10.1.0.196:15093|dataStream:10.1.0.196:15096|priority:1|startupRole:FOLLOWER, d78dd883-3e4c-45aa-98b2-e8ffdf2e22af|rpc:10.1.0.196:15032|admin:10.1.0.196:15031|client:10.1.0.196:15030|dataStream:10.1.0.196:15033|priority:0|startupRole:FOLLOWER, fac1c7af-03c1-44bd-b323-3796df9c2435|rpc:10.1.0.196:15014|admin:10.1.0.196:15013|client:10.1.0.196:15012|dataStream:10.1.0.196:15015|priority:0|startupRole:FOLLOWER]|listeners:[], old=null
2023-06-01 19:11:47,907 [fac1c7af-03c1-44bd-b323-3796df9c2435-server-thread1] INFO  server.RaftServer$Division (ServerState.java:setLeader(317)) - fac1c7af-03c1-44bd-b323-3796df9c2435@group-CD60DE991625: change Leader from null to d7192325-13fb-433e-b8d5-f6359b644c8f at term 1 for appendEntries, leader elected after 5081ms
2023-06-01 19:11:47,907 [d78dd883-3e4c-45aa-98b2-e8ffdf2e22af-server-thread2] INFO  segmented.SegmentedRaftLogWorker (SegmentedRaftLogWorker.java:startLogSegment(447)) - d78dd883-3e4c-45aa-98b2-e8ffdf2e22af@group-CD60DE991625-SegmentedRaftLogWorker: Starting segment from index:0
2023-06-01 19:11:47,908 [d78dd883-3e4c-45aa-98b2-e8ffdf2e22af@group-CD60DE991625-SegmentedRaftLogWorker] INFO  segmented.SegmentedRaftLogWorker (SegmentedRaftLogWorker.java:execute(651)) - d78dd883-3e4c-45aa-98b2-e8ffdf2e22af@group-CD60DE991625-SegmentedRaftLogWorker: created new log segment /home/runner/work/ozone/ozone/hadoop-ozone/integration-test/target/test-dir/MiniOzoneClusterImpl-59aba430-7466-43cf-ac60-ffcd1bd17169/datanode-2/data/ratis/16d55649-bfb8-40a0-964c-cd60de991625/current/log_inprogress_0
2023-06-01 19:11:47,910 [fac1c7af-03c1-44bd-b323-3796df9c2435@group-13C1C55693B9-FollowerState] INFO  impl.FollowerState (FollowerState.java:run(143)) - fac1c7af-03c1-44bd-b323-3796df9c2435@group-13C1C55693B9-FollowerState: change to CANDIDATE, lastRpcElapsedTime:5013435557ns, electionTimeout:5013ms
2023-06-01 19:11:47,910 [fac1c7af-03c1-44bd-b323-3796df9c2435@group-13C1C55693B9-FollowerState] INFO  impl.RoleInfo (RoleInfo.java:shutdownFollowerState(110)) - fac1c7af-03c1-44bd-b323-3796df9c2435: shutdown fac1c7af-03c1-44bd-b323-3796df9c2435@group-13C1C55693B9-FollowerState
2023-06-01 19:11:47,911 [fac1c7af-03c1-44bd-b323-3796df9c2435@group-13C1C55693B9-FollowerState] INFO  server.RaftServer$Division (RaftServerImpl.java:setRole(329)) - fac1c7af-03c1-44bd-b323-3796df9c2435@group-13C1C55693B9: changes role from  FOLLOWER to CANDIDATE at term 0 for changeToCandidate
2023-06-01 19:11:47,911 [fac1c7af-03c1-44bd-b323-3796df9c2435@group-13C1C55693B9-FollowerState] INFO  server.RaftServerConfigKeys (ConfUtils.java:logGet(46)) - raft.server.leaderelection.pre-vote = true (default)
2023-06-01 19:11:47,911 [fac1c7af-03c1-44bd-b323-3796df9c2435@group-13C1C55693B9-FollowerState] INFO  impl.RoleInfo (RoleInfo.java:updateAndGet(139)) - fac1c7af-03c1-44bd-b323-3796df9c2435: start fac1c7af-03c1-44bd-b323-3796df9c2435@group-13C1C55693B9-LeaderElection26
2023-06-01 19:11:47,917 [fac1c7af-03c1-44bd-b323-3796df9c2435@group-13C1C55693B9-LeaderElection26] INFO  impl.LeaderElection (LeaderElection.java:askForVotes(321)) - fac1c7af-03c1-44bd-b323-3796df9c2435@group-13C1C55693B9-LeaderElection26 PRE_VOTE round 0: submit vote requests at term 0 for -1: peers:[d7192325-13fb-433e-b8d5-f6359b644c8f|rpc:10.1.0.196:15095|admin:10.1.0.196:15094|client:10.1.0.196:15093|dataStream:10.1.0.196:15096|priority:0|startupRole:FOLLOWER, d78dd883-3e4c-45aa-98b2-e8ffdf2e22af|rpc:10.1.0.196:15032|admin:10.1.0.196:15031|client:10.1.0.196:15030|dataStream:10.1.0.196:15033|priority:1|startupRole:FOLLOWER, fac1c7af-03c1-44bd-b323-3796df9c2435|rpc:10.1.0.196:15014|admin:10.1.0.196:15013|client:10.1.0.196:15012|dataStream:10.1.0.196:15015|priority:0|startupRole:FOLLOWER]|listeners:[], old=null
2023-06-01 19:11:47,918 [fac1c7af-03c1-44bd-b323-3796df9c2435-server-thread2] INFO  server.RaftServer$Division (ServerState.java:setRaftConf(434)) - fac1c7af-03c1-44bd-b323-3796df9c2435@group-CD60DE991625: set configuration 0: peers:[d7192325-13fb-433e-b8d5-f6359b644c8f|rpc:10.1.0.196:15095|admin:10.1.0.196:15094|client:10.1.0.196:15093|dataStream:10.1.0.196:15096|priority:1|startupRole:FOLLOWER, d78dd883-3e4c-45aa-98b2-e8ffdf2e22af|rpc:10.1.0.196:15032|admin:10.1.0.196:15031|client:10.1.0.196:15030|dataStream:10.1.0.196:15033|priority:0|startupRole:FOLLOWER, fac1c7af-03c1-44bd-b323-3796df9c2435|rpc:10.1.0.196:15014|admin:10.1.0.196:15013|client:10.1.0.196:15012|dataStream:10.1.0.196:15015|priority:0|startupRole:FOLLOWER]|listeners:[], old=null
2023-06-01 19:11:47,918 [fac1c7af-03c1-44bd-b323-3796df9c2435-server-thread2] INFO  segmented.SegmentedRaftLogWorker (SegmentedRaftLogWorker.java:startLogSegment(447)) - fac1c7af-03c1-44bd-b323-3796df9c2435@group-CD60DE991625-SegmentedRaftLogWorker: Starting segment from index:0
2023-06-01 19:11:47,919 [fac1c7af-03c1-44bd-b323-3796df9c2435@group-13C1C55693B9-LeaderElection26-1] INFO  server.GrpcServerProtocolClient (GrpcServerProtocolClient.java:<init>(65)) - Build channel for d7192325-13fb-433e-b8d5-f6359b644c8f
2023-06-01 19:11:47,921 [fac1c7af-03c1-44bd-b323-3796df9c2435@group-CD60DE991625-SegmentedRaftLogWorker] INFO  segmented.SegmentedRaftLogWorker (SegmentedRaftLogWorker.java:execute(651)) - fac1c7af-03c1-44bd-b323-3796df9c2435@group-CD60DE991625-SegmentedRaftLogWorker: created new log segment /home/runner/work/ozone/ozone/hadoop-ozone/integration-test/target/test-dir/MiniOzoneClusterImpl-59aba430-7466-43cf-ac60-ffcd1bd17169/datanode-0/data/ratis/16d55649-bfb8-40a0-964c-cd60de991625/current/log_inprogress_0
2023-06-01 19:11:47,930 [fac1c7af-03c1-44bd-b323-3796df9c2435@group-13C1C55693B9-LeaderElection26] INFO  server.RaftServerConfigKeys (ConfUtils.java:logFallback(53)) - raft.server.rpc.first-election.timeout.min = 5s (fallback to raft.server.rpc.timeout.min)
2023-06-01 19:11:47,931 [fac1c7af-03c1-44bd-b323-3796df9c2435@group-13C1C55693B9-LeaderElection26] INFO  server.RaftServerConfigKeys (ConfUtils.java:logFallback(53)) - raft.server.rpc.first-election.timeout.max = 5200ms (fallback to raft.server.rpc.timeout.max)
2023-06-01 19:11:47,932 [grpc-default-executor-7] INFO  server.RaftServer$Division (RaftServerImpl.java:requestVote(1302)) - d78dd883-3e4c-45aa-98b2-e8ffdf2e22af@group-13C1C55693B9: receive requestVote(PRE_VOTE, fac1c7af-03c1-44bd-b323-3796df9c2435, group-13C1C55693B9, 0, (t:0, i:0))
2023-06-01 19:11:47,933 [grpc-default-executor-7] INFO  impl.VoteContext (VoteContext.java:log(49)) - d78dd883-3e4c-45aa-98b2-e8ffdf2e22af@group-13C1C55693B9-FOLLOWER: reject PRE_VOTE from fac1c7af-03c1-44bd-b323-3796df9c2435: our priority 1 > candidate's priority 0
2023-06-01 19:11:47,933 [grpc-default-executor-7] INFO  server.RaftServer$Division (RaftServerImpl.java:requestVote(1335)) - d78dd883-3e4c-45aa-98b2-e8ffdf2e22af@group-13C1C55693B9 replies to PRE_VOTE vote request: fac1c7af-03c1-44bd-b323-3796df9c2435<-d78dd883-3e4c-45aa-98b2-e8ffdf2e22af#0:FAIL-t0. Peer's state: d78dd883-3e4c-45aa-98b2-e8ffdf2e22af@group-13C1C55693B9:t0, leader=null, voted=, raftlog=Memoized:d78dd883-3e4c-45aa-98b2-e8ffdf2e22af@group-13C1C55693B9-SegmentedRaftLog:OPENED:c-1, conf=-1: peers:[d7192325-13fb-433e-b8d5-f6359b644c8f|rpc:10.1.0.196:15095|admin:10.1.0.196:15094|client:10.1.0.196:15093|dataStream:10.1.0.196:15096|priority:0|startupRole:FOLLOWER, d78dd883-3e4c-45aa-98b2-e8ffdf2e22af|rpc:10.1.0.196:15032|admin:10.1.0.196:15031|client:10.1.0.196:15030|dataStream:10.1.0.196:15033|priority:1|startupRole:FOLLOWER, fac1c7af-03c1-44bd-b323-3796df9c2435|rpc:10.1.0.196:15014|admin:10.1.0.196:15013|client:10.1.0.196:15012|dataStream:10.1.0.196:15015|priority:0|startupRole:FOLLOWER]|listeners:[], old=null
2023-06-01 19:11:47,935 [grpc-default-executor-7] INFO  server.RaftServer$Division (RaftServerImpl.java:requestVote(1302)) - d7192325-13fb-433e-b8d5-f6359b644c8f@group-13C1C55693B9: receive requestVote(PRE_VOTE, fac1c7af-03c1-44bd-b323-3796df9c2435, group-13C1C55693B9, 0, (t:0, i:0))
2023-06-01 19:11:47,935 [grpc-default-executor-7] INFO  impl.VoteContext (VoteContext.java:log(49)) - d7192325-13fb-433e-b8d5-f6359b644c8f@group-13C1C55693B9-FOLLOWER: accept PRE_VOTE from fac1c7af-03c1-44bd-b323-3796df9c2435: our priority 0 <= candidate's priority 0
2023-06-01 19:11:47,935 [grpc-default-executor-7] INFO  server.RaftServer$Division (RaftServerImpl.java:requestVote(1335)) - d7192325-13fb-433e-b8d5-f6359b644c8f@group-13C1C55693B9 replies to PRE_VOTE vote request: fac1c7af-03c1-44bd-b323-3796df9c2435<-d7192325-13fb-433e-b8d5-f6359b644c8f#0:OK-t0. Peer's state: d7192325-13fb-433e-b8d5-f6359b644c8f@group-13C1C55693B9:t0, leader=null, voted=, raftlog=Memoized:d7192325-13fb-433e-b8d5-f6359b644c8f@group-13C1C55693B9-SegmentedRaftLog:OPENED:c-1, conf=-1: peers:[d7192325-13fb-433e-b8d5-f6359b644c8f|rpc:10.1.0.196:15095|admin:10.1.0.196:15094|client:10.1.0.196:15093|dataStream:10.1.0.196:15096|priority:0|startupRole:FOLLOWER, d78dd883-3e4c-45aa-98b2-e8ffdf2e22af|rpc:10.1.0.196:15032|admin:10.1.0.196:15031|client:10.1.0.196:15030|dataStream:10.1.0.196:15033|priority:1|startupRole:FOLLOWER, fac1c7af-03c1-44bd-b323-3796df9c2435|rpc:10.1.0.196:15014|admin:10.1.0.196:15013|client:10.1.0.196:15012|dataStream:10.1.0.196:15015|priority:0|startupRole:FOLLOWER]|listeners:[], old=null
2023-06-01 19:11:47,939 [fac1c7af-03c1-44bd-b323-3796df9c2435@group-13C1C55693B9-LeaderElection26] INFO  impl.LeaderElection (LeaderElection.java:logAndReturn(90)) - fac1c7af-03c1-44bd-b323-3796df9c2435@group-13C1C55693B9-LeaderElection26: PRE_VOTE REJECTED received 2 response(s) and 0 exception(s):
2023-06-01 19:11:47,939 [fac1c7af-03c1-44bd-b323-3796df9c2435@group-13C1C55693B9-LeaderElection26] INFO  impl.LeaderElection (LeaderElection.java:logAndReturn(94)) -   Response 0: fac1c7af-03c1-44bd-b323-3796df9c2435<-d7192325-13fb-433e-b8d5-f6359b644c8f#0:OK-t0
2023-06-01 19:11:47,939 [fac1c7af-03c1-44bd-b323-3796df9c2435@group-13C1C55693B9-LeaderElection26] INFO  impl.LeaderElection (LeaderElection.java:logAndReturn(94)) -   Response 1: fac1c7af-03c1-44bd-b323-3796df9c2435<-d78dd883-3e4c-45aa-98b2-e8ffdf2e22af#0:FAIL-t0
2023-06-01 19:11:47,939 [fac1c7af-03c1-44bd-b323-3796df9c2435@group-13C1C55693B9-LeaderElection26] INFO  impl.LeaderElection (LeaderElection.java:askForVotes(323)) - fac1c7af-03c1-44bd-b323-3796df9c2435@group-13C1C55693B9-LeaderElection26 PRE_VOTE round 0: result REJECTED
2023-06-01 19:11:47,939 [fac1c7af-03c1-44bd-b323-3796df9c2435@group-13C1C55693B9-LeaderElection26] INFO  server.RaftServer$Division (RaftServerImpl.java:setRole(329)) - fac1c7af-03c1-44bd-b323-3796df9c2435@group-13C1C55693B9: changes role from CANDIDATE to FOLLOWER at term 0 for REJECTED
2023-06-01 19:11:47,939 [fac1c7af-03c1-44bd-b323-3796df9c2435@group-13C1C55693B9-LeaderElection26] INFO  impl.RoleInfo (RoleInfo.java:shutdownLeaderElection(130)) - fac1c7af-03c1-44bd-b323-3796df9c2435: shutdown fac1c7af-03c1-44bd-b323-3796df9c2435@group-13C1C55693B9-LeaderElection26
2023-06-01 19:11:47,939 [fac1c7af-03c1-44bd-b323-3796df9c2435@group-13C1C55693B9-LeaderElection26] INFO  impl.RoleInfo (RoleInfo.java:updateAndGet(139)) - fac1c7af-03c1-44bd-b323-3796df9c2435: start fac1c7af-03c1-44bd-b323-3796df9c2435@group-13C1C55693B9-FollowerState
2023-06-01 19:11:47,942 [d78dd883-3e4c-45aa-98b2-e8ffdf2e22af@group-13C1C55693B9-FollowerState] INFO  impl.FollowerState (FollowerState.java:run(143)) - d78dd883-3e4c-45aa-98b2-e8ffdf2e22af@group-13C1C55693B9-FollowerState: change to CANDIDATE, lastRpcElapsedTime:5013718345ns, electionTimeout:5011ms
2023-06-01 19:11:47,942 [d78dd883-3e4c-45aa-98b2-e8ffdf2e22af@group-13C1C55693B9-FollowerState] INFO  impl.RoleInfo (RoleInfo.java:shutdownFollowerState(110)) - d78dd883-3e4c-45aa-98b2-e8ffdf2e22af: shutdown d78dd883-3e4c-45aa-98b2-e8ffdf2e22af@group-13C1C55693B9-FollowerState
2023-06-01 19:11:47,942 [d78dd883-3e4c-45aa-98b2-e8ffdf2e22af@group-13C1C55693B9-FollowerState] INFO  server.RaftServer$Division (RaftServerImpl.java:setRole(329)) - d78dd883-3e4c-45aa-98b2-e8ffdf2e22af@group-13C1C55693B9: changes role from  FOLLOWER to CANDIDATE at term 0 for changeToCandidate
2023-06-01 19:11:47,942 [d78dd883-3e4c-45aa-98b2-e8ffdf2e22af@group-13C1C55693B9-FollowerState] INFO  server.RaftServerConfigKeys (ConfUtils.java:logGet(46)) - raft.server.leaderelection.pre-vote = true (default)
2023-06-01 19:11:47,942 [d78dd883-3e4c-45aa-98b2-e8ffdf2e22af@group-13C1C55693B9-FollowerState] INFO  impl.RoleInfo (RoleInfo.java:updateAndGet(139)) - d78dd883-3e4c-45aa-98b2-e8ffdf2e22af: start d78dd883-3e4c-45aa-98b2-e8ffdf2e22af@group-13C1C55693B9-LeaderElection27
2023-06-01 19:11:47,949 [d78dd883-3e4c-45aa-98b2-e8ffdf2e22af@group-13C1C55693B9-LeaderElection27] INFO  impl.LeaderElection (LeaderElection.java:askForVotes(321)) - d78dd883-3e4c-45aa-98b2-e8ffdf2e22af@group-13C1C55693B9-LeaderElection27 PRE_VOTE round 0: submit vote requests at term 0 for -1: peers:[d7192325-13fb-433e-b8d5-f6359b644c8f|rpc:10.1.0.196:15095|admin:10.1.0.196:15094|client:10.1.0.196:15093|dataStream:10.1.0.196:15096|priority:0|startupRole:FOLLOWER, d78dd883-3e4c-45aa-98b2-e8ffdf2e22af|rpc:10.1.0.196:15032|admin:10.1.0.196:15031|client:10.1.0.196:15030|dataStream:10.1.0.196:15033|priority:1|startupRole:FOLLOWER, fac1c7af-03c1-44bd-b323-3796df9c2435|rpc:10.1.0.196:15014|admin:10.1.0.196:15013|client:10.1.0.196:15012|dataStream:10.1.0.196:15015|priority:0|startupRole:FOLLOWER]|listeners:[], old=null
2023-06-01 19:11:47,950 [d78dd883-3e4c-45aa-98b2-e8ffdf2e22af@group-13C1C55693B9-LeaderElection27-1] INFO  server.GrpcServerProtocolClient (GrpcServerProtocolClient.java:<init>(65)) - Build channel for d7192325-13fb-433e-b8d5-f6359b644c8f
2023-06-01 19:11:47,959 [d78dd883-3e4c-45aa-98b2-e8ffdf2e22af@group-13C1C55693B9-LeaderElection27] INFO  server.RaftServerConfigKeys (ConfUtils.java:logFallback(53)) - raft.server.rpc.first-election.timeout.min = 5s (fallback to raft.server.rpc.timeout.min)
2023-06-01 19:11:47,959 [d78dd883-3e4c-45aa-98b2-e8ffdf2e22af@group-13C1C55693B9-LeaderElection27] INFO  server.RaftServerConfigKeys (ConfUtils.java:logFallback(53)) - raft.server.rpc.first-election.timeout.max = 5200ms (fallback to raft.server.rpc.timeout.max)
2023-06-01 19:11:47,960 [grpc-default-executor-7] INFO  server.RaftServer$Division (RaftServerImpl.java:requestVote(1302)) - d7192325-13fb-433e-b8d5-f6359b644c8f@group-13C1C55693B9: receive requestVote(PRE_VOTE, d78dd883-3e4c-45aa-98b2-e8ffdf2e22af, group-13C1C55693B9, 0, (t:0, i:0))
2023-06-01 19:11:47,960 [grpc-default-executor-7] INFO  impl.VoteContext (VoteContext.java:log(49)) - d7192325-13fb-433e-b8d5-f6359b644c8f@group-13C1C55693B9-FOLLOWER: accept PRE_VOTE from d78dd883-3e4c-45aa-98b2-e8ffdf2e22af: our priority 0 <= candidate's priority 1
2023-06-01 19:11:47,961 [grpc-default-executor-7] INFO  server.RaftServer$Division (RaftServerImpl.java:requestVote(1335)) - d7192325-13fb-433e-b8d5-f6359b644c8f@group-13C1C55693B9 replies to PRE_VOTE vote request: d78dd883-3e4c-45aa-98b2-e8ffdf2e22af<-d7192325-13fb-433e-b8d5-f6359b644c8f#0:OK-t0. Peer's state: d7192325-13fb-433e-b8d5-f6359b644c8f@group-13C1C55693B9:t0, leader=null, voted=, raftlog=Memoized:d7192325-13fb-433e-b8d5-f6359b644c8f@group-13C1C55693B9-SegmentedRaftLog:OPENED:c-1, conf=-1: peers:[d7192325-13fb-433e-b8d5-f6359b644c8f|rpc:10.1.0.196:15095|admin:10.1.0.196:15094|client:10.1.0.196:15093|dataStream:10.1.0.196:15096|priority:0|startupRole:FOLLOWER, d78dd883-3e4c-45aa-98b2-e8ffdf2e22af|rpc:10.1.0.196:15032|admin:10.1.0.196:15031|client:10.1.0.196:15030|dataStream:10.1.0.196:15033|priority:1|startupRole:FOLLOWER, fac1c7af-03c1-44bd-b323-3796df9c2435|rpc:10.1.0.196:15014|admin:10.1.0.196:15013|client:10.1.0.196:15012|dataStream:10.1.0.196:15015|priority:0|startupRole:FOLLOWER]|listeners:[], old=null
2023-06-01 19:11:47,962 [d78dd883-3e4c-45aa-98b2-e8ffdf2e22af@group-13C1C55693B9-LeaderElection27] INFO  impl.LeaderElection (LeaderElection.java:logAndReturn(90)) - d78dd883-3e4c-45aa-98b2-e8ffdf2e22af@group-13C1C55693B9-LeaderElection27: PRE_VOTE PASSED received 1 response(s) and 0 exception(s):
2023-06-01 19:11:47,962 [d78dd883-3e4c-45aa-98b2-e8ffdf2e22af@group-13C1C55693B9-LeaderElection27] INFO  impl.LeaderElection (LeaderElection.java:logAndReturn(94)) -   Response 0: d78dd883-3e4c-45aa-98b2-e8ffdf2e22af<-d7192325-13fb-433e-b8d5-f6359b644c8f#0:OK-t0
2023-06-01 19:11:47,962 [d78dd883-3e4c-45aa-98b2-e8ffdf2e22af@group-13C1C55693B9-LeaderElection27] INFO  impl.LeaderElection (LeaderElection.java:askForVotes(323)) - d78dd883-3e4c-45aa-98b2-e8ffdf2e22af@group-13C1C55693B9-LeaderElection27 PRE_VOTE round 0: result PASSED
2023-06-01 19:11:47,962 [grpc-default-executor-7] INFO  server.RaftServer$Division (RaftServerImpl.java:requestVote(1302)) - fac1c7af-03c1-44bd-b323-3796df9c2435@group-13C1C55693B9: receive requestVote(PRE_VOTE, d78dd883-3e4c-45aa-98b2-e8ffdf2e22af, group-13C1C55693B9, 0, (t:0, i:0))
2023-06-01 19:11:47,962 [grpc-default-executor-7] INFO  impl.VoteContext (VoteContext.java:log(49)) - fac1c7af-03c1-44bd-b323-3796df9c2435@group-13C1C55693B9-FOLLOWER: accept PRE_VOTE from d78dd883-3e4c-45aa-98b2-e8ffdf2e22af: our priority 0 <= candidate's priority 1
2023-06-01 19:11:47,962 [grpc-default-executor-7] INFO  server.RaftServer$Division (RaftServerImpl.java:requestVote(1335)) - fac1c7af-03c1-44bd-b323-3796df9c2435@group-13C1C55693B9 replies to PRE_VOTE vote request: d78dd883-3e4c-45aa-98b2-e8ffdf2e22af<-fac1c7af-03c1-44bd-b323-3796df9c2435#0:OK-t0. Peer's state: fac1c7af-03c1-44bd-b323-3796df9c2435@group-13C1C55693B9:t0, leader=null, voted=, raftlog=Memoized:fac1c7af-03c1-44bd-b323-3796df9c2435@group-13C1C55693B9-SegmentedRaftLog:OPENED:c-1, conf=-1: peers:[d7192325-13fb-433e-b8d5-f6359b644c8f|rpc:10.1.0.196:15095|admin:10.1.0.196:15094|client:10.1.0.196:15093|dataStream:10.1.0.196:15096|priority:0|startupRole:FOLLOWER, d78dd883-3e4c-45aa-98b2-e8ffdf2e22af|rpc:10.1.0.196:15032|admin:10.1.0.196:15031|client:10.1.0.196:15030|dataStream:10.1.0.196:15033|priority:1|startupRole:FOLLOWER, fac1c7af-03c1-44bd-b323-3796df9c2435|rpc:10.1.0.196:15014|admin:10.1.0.196:15013|client:10.1.0.196:15012|dataStream:10.1.0.196:15015|priority:0|startupRole:FOLLOWER]|listeners:[], old=null
2023-06-01 19:11:47,963 [d78dd883-3e4c-45aa-98b2-e8ffdf2e22af@group-13C1C55693B9-LeaderElection27] INFO  impl.LeaderElection (LeaderElection.java:askForVotes(321)) - d78dd883-3e4c-45aa-98b2-e8ffdf2e22af@group-13C1C55693B9-LeaderElection27 ELECTION round 0: submit vote requests at term 1 for -1: peers:[d7192325-13fb-433e-b8d5-f6359b644c8f|rpc:10.1.0.196:15095|admin:10.1.0.196:15094|client:10.1.0.196:15093|dataStream:10.1.0.196:15096|priority:0|startupRole:FOLLOWER, d78dd883-3e4c-45aa-98b2-e8ffdf2e22af|rpc:10.1.0.196:15032|admin:10.1.0.196:15031|client:10.1.0.196:15030|dataStream:10.1.0.196:15033|priority:1|startupRole:FOLLOWER, fac1c7af-03c1-44bd-b323-3796df9c2435|rpc:10.1.0.196:15014|admin:10.1.0.196:15013|client:10.1.0.196:15012|dataStream:10.1.0.196:15015|priority:0|startupRole:FOLLOWER]|listeners:[], old=null
2023-06-01 19:11:47,964 [grpc-default-executor-7] INFO  server.RaftServer$Division (RaftServerImpl.java:requestVote(1302)) - d7192325-13fb-433e-b8d5-f6359b644c8f@group-13C1C55693B9: receive requestVote(ELECTION, d78dd883-3e4c-45aa-98b2-e8ffdf2e22af, group-13C1C55693B9, 1, (t:0, i:0))
2023-06-01 19:11:47,964 [grpc-default-executor-7] INFO  impl.VoteContext (VoteContext.java:log(49)) - d7192325-13fb-433e-b8d5-f6359b644c8f@group-13C1C55693B9-FOLLOWER: accept ELECTION from d78dd883-3e4c-45aa-98b2-e8ffdf2e22af: our priority 0 <= candidate's priority 1
2023-06-01 19:11:47,964 [grpc-default-executor-7] INFO  server.RaftServer$Division (RaftServerImpl.java:setRole(329)) - d7192325-13fb-433e-b8d5-f6359b644c8f@group-13C1C55693B9: changes role from  FOLLOWER to FOLLOWER at term 1 for candidate:d78dd883-3e4c-45aa-98b2-e8ffdf2e22af
2023-06-01 19:11:47,964 [grpc-default-executor-7] INFO  impl.RoleInfo (RoleInfo.java:shutdownFollowerState(110)) - d7192325-13fb-433e-b8d5-f6359b644c8f: shutdown d7192325-13fb-433e-b8d5-f6359b644c8f@group-13C1C55693B9-FollowerState
2023-06-01 19:11:47,966 [grpc-default-executor-7] INFO  impl.RoleInfo (RoleInfo.java:updateAndGet(139)) - d7192325-13fb-433e-b8d5-f6359b644c8f: start d7192325-13fb-433e-b8d5-f6359b644c8f@group-13C1C55693B9-FollowerState
2023-06-01 19:11:47,966 [d7192325-13fb-433e-b8d5-f6359b644c8f@group-13C1C55693B9-FollowerState] INFO  impl.FollowerState (FollowerState.java:run(152)) - d7192325-13fb-433e-b8d5-f6359b644c8f@group-13C1C55693B9-FollowerState was interrupted
2023-06-01 19:11:47,966 [d78dd883-3e4c-45aa-98b2-e8ffdf2e22af@group-13C1C55693B9-LeaderElection27] INFO  server.RaftServerConfigKeys (ConfUtils.java:logFallback(53)) - raft.server.rpc.first-election.timeout.min = 5s (fallback to raft.server.rpc.timeout.min)
2023-06-01 19:11:47,966 [d78dd883-3e4c-45aa-98b2-e8ffdf2e22af@group-13C1C55693B9-LeaderElection27] INFO  server.RaftServerConfigKeys (ConfUtils.java:logFallback(53)) - raft.server.rpc.first-election.timeout.max = 5200ms (fallback to raft.server.rpc.timeout.max)
2023-06-01 19:11:47,967 [grpc-default-executor-7] INFO  server.RaftServer$Division (RaftServerImpl.java:requestVote(1335)) - d7192325-13fb-433e-b8d5-f6359b644c8f@group-13C1C55693B9 replies to ELECTION vote request: d78dd883-3e4c-45aa-98b2-e8ffdf2e22af<-d7192325-13fb-433e-b8d5-f6359b644c8f#0:OK-t1. Peer's state: d7192325-13fb-433e-b8d5-f6359b644c8f@group-13C1C55693B9:t1, leader=null, voted=d78dd883-3e4c-45aa-98b2-e8ffdf2e22af, raftlog=Memoized:d7192325-13fb-433e-b8d5-f6359b644c8f@group-13C1C55693B9-SegmentedRaftLog:OPENED:c-1, conf=-1: peers:[d7192325-13fb-433e-b8d5-f6359b644c8f|rpc:10.1.0.196:15095|admin:10.1.0.196:15094|client:10.1.0.196:15093|dataStream:10.1.0.196:15096|priority:0|startupRole:FOLLOWER, d78dd883-3e4c-45aa-98b2-e8ffdf2e22af|rpc:10.1.0.196:15032|admin:10.1.0.196:15031|client:10.1.0.196:15030|dataStream:10.1.0.196:15033|priority:1|startupRole:FOLLOWER, fac1c7af-03c1-44bd-b323-3796df9c2435|rpc:10.1.0.196:15014|admin:10.1.0.196:15013|client:10.1.0.196:15012|dataStream:10.1.0.196:15015|priority:0|startupRole:FOLLOWER]|listeners:[], old=null
2023-06-01 19:11:47,969 [grpc-default-executor-7] INFO  server.RaftServer$Division (RaftServerImpl.java:requestVote(1302)) - fac1c7af-03c1-44bd-b323-3796df9c2435@group-13C1C55693B9: receive requestVote(ELECTION, d78dd883-3e4c-45aa-98b2-e8ffdf2e22af, group-13C1C55693B9, 1, (t:0, i:0))
2023-06-01 19:11:47,969 [grpc-default-executor-7] INFO  impl.VoteContext (VoteContext.java:log(49)) - fac1c7af-03c1-44bd-b323-3796df9c2435@group-13C1C55693B9-FOLLOWER: accept ELECTION from d78dd883-3e4c-45aa-98b2-e8ffdf2e22af: our priority 0 <= candidate's priority 1
2023-06-01 19:11:47,969 [grpc-default-executor-7] INFO  server.RaftServer$Division (RaftServerImpl.java:setRole(329)) - fac1c7af-03c1-44bd-b323-3796df9c2435@group-13C1C55693B9: changes role from  FOLLOWER to FOLLOWER at term 1 for candidate:d78dd883-3e4c-45aa-98b2-e8ffdf2e22af
2023-06-01 19:11:47,969 [grpc-default-executor-7] INFO  impl.RoleInfo (RoleInfo.java:shutdownFollowerState(110)) - fac1c7af-03c1-44bd-b323-3796df9c2435: shutdown fac1c7af-03c1-44bd-b323-3796df9c2435@group-13C1C55693B9-FollowerState
2023-06-01 19:11:47,970 [grpc-default-executor-7] INFO  impl.RoleInfo (RoleInfo.java:updateAndGet(139)) - fac1c7af-03c1-44bd-b323-3796df9c2435: start fac1c7af-03c1-44bd-b323-3796df9c2435@group-13C1C55693B9-FollowerState
2023-06-01 19:11:47,970 [fac1c7af-03c1-44bd-b323-3796df9c2435@group-13C1C55693B9-FollowerState] INFO  impl.FollowerState (FollowerState.java:run(152)) - fac1c7af-03c1-44bd-b323-3796df9c2435@group-13C1C55693B9-FollowerState was interrupted
2023-06-01 19:11:47,976 [grpc-default-executor-7] INFO  server.RaftServer$Division (RaftServerImpl.java:requestVote(1335)) - fac1c7af-03c1-44bd-b323-3796df9c2435@group-13C1C55693B9 replies to ELECTION vote request: d78dd883-3e4c-45aa-98b2-e8ffdf2e22af<-fac1c7af-03c1-44bd-b323-3796df9c2435#0:OK-t1. Peer's state: fac1c7af-03c1-44bd-b323-3796df9c2435@group-13C1C55693B9:t1, leader=null, voted=d78dd883-3e4c-45aa-98b2-e8ffdf2e22af, raftlog=Memoized:fac1c7af-03c1-44bd-b323-3796df9c2435@group-13C1C55693B9-SegmentedRaftLog:OPENED:c-1, conf=-1: peers:[d7192325-13fb-433e-b8d5-f6359b644c8f|rpc:10.1.0.196:15095|admin:10.1.0.196:15094|client:10.1.0.196:15093|dataStream:10.1.0.196:15096|priority:0|startupRole:FOLLOWER, d78dd883-3e4c-45aa-98b2-e8ffdf2e22af|rpc:10.1.0.196:15032|admin:10.1.0.196:15031|client:10.1.0.196:15030|dataStream:10.1.0.196:15033|priority:1|startupRole:FOLLOWER, fac1c7af-03c1-44bd-b323-3796df9c2435|rpc:10.1.0.196:15014|admin:10.1.0.196:15013|client:10.1.0.196:15012|dataStream:10.1.0.196:15015|priority:0|startupRole:FOLLOWER]|listeners:[], old=null
2023-06-01 19:11:47,977 [d78dd883-3e4c-45aa-98b2-e8ffdf2e22af@group-13C1C55693B9-LeaderElection27] INFO  impl.LeaderElection (LeaderElection.java:logAndReturn(90)) - d78dd883-3e4c-45aa-98b2-e8ffdf2e22af@group-13C1C55693B9-LeaderElection27: ELECTION PASSED received 1 response(s) and 0 exception(s):
2023-06-01 19:11:47,977 [d78dd883-3e4c-45aa-98b2-e8ffdf2e22af@group-13C1C55693B9-LeaderElection27] INFO  impl.LeaderElection (LeaderElection.java:logAndReturn(94)) -   Response 0: d78dd883-3e4c-45aa-98b2-e8ffdf2e22af<-fac1c7af-03c1-44bd-b323-3796df9c2435#0:OK-t1
2023-06-01 19:11:47,977 [d78dd883-3e4c-45aa-98b2-e8ffdf2e22af@group-13C1C55693B9-LeaderElection27] INFO  impl.LeaderElection (LeaderElection.java:askForVotes(323)) - d78dd883-3e4c-45aa-98b2-e8ffdf2e22af@group-13C1C55693B9-LeaderElection27 ELECTION round 0: result PASSED
2023-06-01 19:11:47,977 [d78dd883-3e4c-45aa-98b2-e8ffdf2e22af@group-13C1C55693B9-LeaderElection27] INFO  impl.RoleInfo (RoleInfo.java:shutdownLeaderElection(130)) - d78dd883-3e4c-45aa-98b2-e8ffdf2e22af: shutdown d78dd883-3e4c-45aa-98b2-e8ffdf2e22af@group-13C1C55693B9-LeaderElection27
2023-06-01 19:11:47,977 [d78dd883-3e4c-45aa-98b2-e8ffdf2e22af@group-13C1C55693B9-LeaderElection27] INFO  server.RaftServer$Division (RaftServerImpl.java:setRole(329)) - d78dd883-3e4c-45aa-98b2-e8ffdf2e22af@group-13C1C55693B9: changes role from CANDIDATE to LEADER at term 1 for changeToLeader
2023-06-01 19:11:47,977 [d78dd883-3e4c-45aa-98b2-e8ffdf2e22af@group-13C1C55693B9-LeaderElection27] INFO  ratis.XceiverServerRatis (XceiverServerRatis.java:handleLeaderChangedNotification(902)) - Leader change notification received for group: group-13C1C55693B9 with new leaderId: d78dd883-3e4c-45aa-98b2-e8ffdf2e22af
2023-06-01 19:11:47,978 [d78dd883-3e4c-45aa-98b2-e8ffdf2e22af@group-13C1C55693B9-LeaderElection27] INFO  server.RaftServer$Division (ServerState.java:setLeader(317)) - d78dd883-3e4c-45aa-98b2-e8ffdf2e22af@group-13C1C55693B9: change Leader from null to d78dd883-3e4c-45aa-98b2-e8ffdf2e22af at term 1 for becomeLeader, leader elected after 5060ms
2023-06-01 19:11:47,978 [d78dd883-3e4c-45aa-98b2-e8ffdf2e22af@group-13C1C55693B9-LeaderElection27] INFO  server.RaftServerConfigKeys (ConfUtils.java:logGet(46)) - raft.server.staging.catchup.gap = 1000 (default)
2023-06-01 19:11:47,979 [EventQueue-PipelineReportForPipelineReportHandler] INFO  pipeline.PipelineManagerImpl (PipelineManagerImpl.java:openPipeline(367)) - Pipeline Pipeline[ Id: e5a135ac-c615-44d5-a8ea-13c1c55693b9, Nodes: fac1c7af-03c1-44bd-b323-3796df9c2435(fv-az163-187.kzyshwy3mise5klwsllqwzgzyb.cx.internal.cloudapp.net/10.1.0.196)d78dd883-3e4c-45aa-98b2-e8ffdf2e22af(fv-az163-187.kzyshwy3mise5klwsllqwzgzyb.cx.internal.cloudapp.net/10.1.0.196)d7192325-13fb-433e-b8d5-f6359b644c8f(fv-az163-187.kzyshwy3mise5klwsllqwzgzyb.cx.internal.cloudapp.net/10.1.0.196), ReplicationConfig: RATIS/THREE, State:ALLOCATED, leaderId:d78dd883-3e4c-45aa-98b2-e8ffdf2e22af, CreationTimestamp2023-06-01T19:11:41.264Z[Etc/UTC]] moved to OPEN state
2023-06-01 19:11:47,979 [d78dd883-3e4c-45aa-98b2-e8ffdf2e22af@group-13C1C55693B9-LeaderElection27] INFO  server.RaftServerConfigKeys (ConfUtils.java:logGet(46)) - raft.server.write.element-limit = 1024 (custom)
2023-06-01 19:11:47,979 [d78dd883-3e4c-45aa-98b2-e8ffdf2e22af@group-13C1C55693B9-LeaderElection27] INFO  server.RaftServerConfigKeys (ConfUtils.java:logGet(46)) - raft.server.write.byte-limit = 1024 M (=1073741824) (custom)
2023-06-01 19:11:47,979 [d78dd883-3e4c-45aa-98b2-e8ffdf2e22af@group-13C1C55693B9-LeaderElection27] INFO  server.RaftServerConfigKeys (ConfUtils.java:logGet(46)) - raft.server.watch.timeout = 180s (custom)
2023-06-01 19:11:47,979 [d78dd883-3e4c-45aa-98b2-e8ffdf2e22af@group-13C1C55693B9-LeaderElection27] INFO  server.RaftServerConfigKeys (ConfUtils.java:logGet(46)) - raft.server.watch.timeout.denomination = 1s (default)
2023-06-01 19:11:47,979 [d78dd883-3e4c-45aa-98b2-e8ffdf2e22af@group-13C1C55693B9-LeaderElection27] INFO  server.RaftServerConfigKeys (ConfUtils.java:logGet(46)) - raft.server.watch.element-limit = 65536 (default)
2023-06-01 19:11:47,979 [d78dd883-3e4c-45aa-98b2-e8ffdf2e22af@group-13C1C55693B9-LeaderElection27] INFO  server.RaftServerConfigKeys (ConfUtils.java:logGet(46)) - raft.server.write.element-limit = 1024 (custom)
2023-06-01 19:11:47,979 [d78dd883-3e4c-45aa-98b2-e8ffdf2e22af@group-13C1C55693B9-LeaderElection27] INFO  server.RaftServerConfigKeys (ConfUtils.java:logGet(46)) - raft.server.write.follower.gap.ratio.max = -1.0 (default)
2023-06-01 19:11:47,980 [d78dd883-3e4c-45aa-98b2-e8ffdf2e22af@group-13C1C55693B9-LeaderElection27] INFO  server.RaftServerConfigKeys (ConfUtils.java:logGet(46)) - raft.server.log.appender.snapshot.chunk.size.max = 16MB (=16777216) (default)
2023-06-01 19:11:47,980 [d78dd883-3e4c-45aa-98b2-e8ffdf2e22af@group-13C1C55693B9-LeaderElection27] INFO  server.RaftServerConfigKeys (ConfUtils.java:logGet(46)) - raft.server.log.appender.buffer.byte-limit = 33554432 (custom)
2023-06-01 19:11:47,980 [d78dd883-3e4c-45aa-98b2-e8ffdf2e22af@group-13C1C55693B9-LeaderElection27] INFO  server.RaftServerConfigKeys (ConfUtils.java:logGet(46)) - raft.server.log.appender.buffer.element-limit = 1 (custom)
2023-06-01 19:11:47,980 [d78dd883-3e4c-45aa-98b2-e8ffdf2e22af@group-13C1C55693B9-LeaderElection27] INFO  server.RaftServerConfigKeys (ConfUtils.java:logGet(46)) - raft.server.log.appender.wait-time.min = 10ms (default)
2023-06-01 19:11:47,980 [d78dd883-3e4c-45aa-98b2-e8ffdf2e22af@group-13C1C55693B9-LeaderElection27] INFO  grpc.GrpcConfigKeys (ConfUtils.java:logGet(46)) - raft.grpc.server.leader.outstanding.appends.max = 128 (default)
2023-06-01 19:11:47,980 [d78dd883-3e4c-45aa-98b2-e8ffdf2e22af@group-13C1C55693B9-LeaderElection27] INFO  server.RaftServerConfigKeys (ConfUtils.java:logGet(46)) - raft.server.rpc.request.timeout = 60s (custom)
2023-06-01 19:11:47,980 [d78dd883-3e4c-45aa-98b2-e8ffdf2e22af@group-13C1C55693B9-LeaderElection27] INFO  grpc.GrpcConfigKeys (ConfUtils.java:logGet(46)) - raft.grpc.server.install_snapshot.request.element-limit = 8 (default)
2023-06-01 19:11:47,980 [d78dd883-3e4c-45aa-98b2-e8ffdf2e22af@group-13C1C55693B9-LeaderElection27] INFO  grpc.GrpcConfigKeys (ConfUtils.java:logGet(46)) - raft.grpc.server.install_snapshot.request.timeout = 3000ms (default)
2023-06-01 19:11:47,980 [d78dd883-3e4c-45aa-98b2-e8ffdf2e22af@group-13C1C55693B9-LeaderElection27] INFO  server.RaftServerConfigKeys (ConfUtils.java:logGet(46)) - raft.server.log.appender.install.snapshot.enabled = false (custom)
2023-06-01 19:11:47,980 [d78dd883-3e4c-45aa-98b2-e8ffdf2e22af@group-13C1C55693B9-LeaderElection27] INFO  grpc.GrpcConfigKeys (ConfUtils.java:logGet(46)) - raft.grpc.server.heartbeat.channel = true (default)
2023-06-01 19:11:47,981 [d78dd883-3e4c-45aa-98b2-e8ffdf2e22af@group-13C1C55693B9-LeaderElection27] INFO  server.RaftServerConfigKeys (ConfUtils.java:logGet(46)) - raft.server.log.appender.snapshot.chunk.size.max = 16MB (=16777216) (default)
2023-06-01 19:11:47,981 [d78dd883-3e4c-45aa-98b2-e8ffdf2e22af@group-13C1C55693B9-LeaderElection27] INFO  server.RaftServerConfigKeys (ConfUtils.java:logGet(46)) - raft.server.log.appender.buffer.byte-limit = 33554432 (custom)
2023-06-01 19:11:47,981 [d78dd883-3e4c-45aa-98b2-e8ffdf2e22af@group-13C1C55693B9-LeaderElection27] INFO  server.RaftServerConfigKeys (ConfUtils.java:logGet(46)) - raft.server.log.appender.buffer.element-limit = 1 (custom)
2023-06-01 19:11:47,981 [d78dd883-3e4c-45aa-98b2-e8ffdf2e22af@group-13C1C55693B9-LeaderElection27] INFO  server.RaftServerConfigKeys (ConfUtils.java:logGet(46)) - raft.server.log.appender.wait-time.min = 10ms (default)
2023-06-01 19:11:47,981 [d78dd883-3e4c-45aa-98b2-e8ffdf2e22af@group-13C1C55693B9-LeaderElection27] INFO  grpc.GrpcConfigKeys (ConfUtils.java:logGet(46)) - raft.grpc.server.leader.outstanding.appends.max = 128 (default)
2023-06-01 19:11:47,981 [d78dd883-3e4c-45aa-98b2-e8ffdf2e22af@group-13C1C55693B9-LeaderElection27] INFO  server.RaftServerConfigKeys (ConfUtils.java:logGet(46)) - raft.server.rpc.request.timeout = 60s (custom)
2023-06-01 19:11:47,981 [d78dd883-3e4c-45aa-98b2-e8ffdf2e22af@group-13C1C55693B9-LeaderElection27] INFO  grpc.GrpcConfigKeys (ConfUtils.java:logGet(46)) - raft.grpc.server.install_snapshot.request.element-limit = 8 (default)
2023-06-01 19:11:47,981 [d78dd883-3e4c-45aa-98b2-e8ffdf2e22af@group-13C1C55693B9-LeaderElection27] INFO  grpc.GrpcConfigKeys (ConfUtils.java:logGet(46)) - raft.grpc.server.install_snapshot.request.timeout = 3000ms (default)
2023-06-01 19:11:47,981 [d78dd883-3e4c-45aa-98b2-e8ffdf2e22af@group-13C1C55693B9-LeaderElection27] INFO  server.RaftServerConfigKeys (ConfUtils.java:logGet(46)) - raft.server.log.appender.install.snapshot.enabled = false (custom)
2023-06-01 19:11:47,981 [d78dd883-3e4c-45aa-98b2-e8ffdf2e22af@group-13C1C55693B9-LeaderElection27] INFO  grpc.GrpcConfigKeys (ConfUtils.java:logGet(46)) - raft.grpc.server.heartbeat.channel = true (default)
2023-06-01 19:11:47,981 [d78dd883-3e4c-45aa-98b2-e8ffdf2e22af@group-13C1C55693B9-LeaderElection27] INFO  impl.RoleInfo (RoleInfo.java:updateAndGet(139)) - d78dd883-3e4c-45aa-98b2-e8ffdf2e22af: start d78dd883-3e4c-45aa-98b2-e8ffdf2e22af@group-13C1C55693B9-LeaderStateImpl
2023-06-01 19:11:47,982 [d78dd883-3e4c-45aa-98b2-e8ffdf2e22af@group-13C1C55693B9-LeaderElection27] INFO  segmented.SegmentedRaftLogWorker (SegmentedRaftLogWorker.java:startLogSegment(447)) - d78dd883-3e4c-45aa-98b2-e8ffdf2e22af@group-13C1C55693B9-SegmentedRaftLogWorker: Starting segment from index:0
2023-06-01 19:11:47,983 [d78dd883-3e4c-45aa-98b2-e8ffdf2e22af@group-13C1C55693B9-SegmentedRaftLogWorker] INFO  segmented.SegmentedRaftLogWorker (SegmentedRaftLogWorker.java:execute(651)) - d78dd883-3e4c-45aa-98b2-e8ffdf2e22af@group-13C1C55693B9-SegmentedRaftLogWorker: created new log segment /home/runner/work/ozone/ozone/hadoop-ozone/integration-test/target/test-dir/MiniOzoneClusterImpl-59aba430-7466-43cf-ac60-ffcd1bd17169/datanode-2/data/ratis/e5a135ac-c615-44d5-a8ea-13c1c55693b9/current/log_inprogress_0
2023-06-01 19:11:47,991 [d78dd883-3e4c-45aa-98b2-e8ffdf2e22af@group-13C1C55693B9-LeaderElection27] INFO  server.RaftServer$Division (ServerState.java:setRaftConf(434)) - d78dd883-3e4c-45aa-98b2-e8ffdf2e22af@group-13C1C55693B9: set configuration 0: peers:[d7192325-13fb-433e-b8d5-f6359b644c8f|rpc:10.1.0.196:15095|admin:10.1.0.196:15094|client:10.1.0.196:15093|dataStream:10.1.0.196:15096|priority:0|startupRole:FOLLOWER, d78dd883-3e4c-45aa-98b2-e8ffdf2e22af|rpc:10.1.0.196:15032|admin:10.1.0.196:15031|client:10.1.0.196:15030|dataStream:10.1.0.196:15033|priority:1|startupRole:FOLLOWER, fac1c7af-03c1-44bd-b323-3796df9c2435|rpc:10.1.0.196:15014|admin:10.1.0.196:15013|client:10.1.0.196:15012|dataStream:10.1.0.196:15015|priority:0|startupRole:FOLLOWER]|listeners:[], old=null
2023-06-01 19:11:47,995 [d7192325-13fb-433e-b8d5-f6359b644c8f-server-thread1] INFO  ratis.XceiverServerRatis (XceiverServerRatis.java:handleLeaderChangedNotification(902)) - Leader change notification received for group: group-13C1C55693B9 with new leaderId: d78dd883-3e4c-45aa-98b2-e8ffdf2e22af
2023-06-01 19:11:47,995 [d7192325-13fb-433e-b8d5-f6359b644c8f-server-thread1] INFO  server.RaftServer$Division (ServerState.java:setLeader(317)) - d7192325-13fb-433e-b8d5-f6359b644c8f@group-13C1C55693B9: change Leader from null to d78dd883-3e4c-45aa-98b2-e8ffdf2e22af at term 1 for appendEntries, leader elected after 5132ms
2023-06-01 19:11:47,998 [fac1c7af-03c1-44bd-b323-3796df9c2435-server-thread1] INFO  ratis.XceiverServerRatis (XceiverServerRatis.java:handleLeaderChangedNotification(902)) - Leader change notification received for group: group-13C1C55693B9 with new leaderId: d78dd883-3e4c-45aa-98b2-e8ffdf2e22af
2023-06-01 19:11:47,998 [fac1c7af-03c1-44bd-b323-3796df9c2435-server-thread1] INFO  server.RaftServer$Division (ServerState.java:setLeader(317)) - fac1c7af-03c1-44bd-b323-3796df9c2435@group-13C1C55693B9: change Leader from null to d78dd883-3e4c-45aa-98b2-e8ffdf2e22af at term 1 for appendEntries, leader elected after 5114ms
2023-06-01 19:11:48,001 [d7192325-13fb-433e-b8d5-f6359b644c8f-server-thread2] INFO  server.RaftServer$Division (ServerState.java:setRaftConf(434)) - d7192325-13fb-433e-b8d5-f6359b644c8f@group-13C1C55693B9: set configuration 0: peers:[d7192325-13fb-433e-b8d5-f6359b644c8f|rpc:10.1.0.196:15095|admin:10.1.0.196:15094|client:10.1.0.196:15093|dataStream:10.1.0.196:15096|priority:0|startupRole:FOLLOWER, d78dd883-3e4c-45aa-98b2-e8ffdf2e22af|rpc:10.1.0.196:15032|admin:10.1.0.196:15031|client:10.1.0.196:15030|dataStream:10.1.0.196:15033|priority:1|startupRole:FOLLOWER, fac1c7af-03c1-44bd-b323-3796df9c2435|rpc:10.1.0.196:15014|admin:10.1.0.196:15013|client:10.1.0.196:15012|dataStream:10.1.0.196:15015|priority:0|startupRole:FOLLOWER]|listeners:[], old=null
2023-06-01 19:11:48,001 [d7192325-13fb-433e-b8d5-f6359b644c8f-server-thread2] INFO  segmented.SegmentedRaftLogWorker (SegmentedRaftLogWorker.java:startLogSegment(447)) - d7192325-13fb-433e-b8d5-f6359b644c8f@group-13C1C55693B9-SegmentedRaftLogWorker: Starting segment from index:0
2023-06-01 19:11:48,002 [d7192325-13fb-433e-b8d5-f6359b644c8f@group-13C1C55693B9-SegmentedRaftLogWorker] INFO  segmented.SegmentedRaftLogWorker (SegmentedRaftLogWorker.java:execute(651)) - d7192325-13fb-433e-b8d5-f6359b644c8f@group-13C1C55693B9-SegmentedRaftLogWorker: created new log segment /home/runner/work/ozone/ozone/hadoop-ozone/integration-test/target/test-dir/MiniOzoneClusterImpl-59aba430-7466-43cf-ac60-ffcd1bd17169/datanode-9/data/ratis/e5a135ac-c615-44d5-a8ea-13c1c55693b9/current/log_inprogress_0
2023-06-01 19:11:48,007 [fac1c7af-03c1-44bd-b323-3796df9c2435-server-thread2] INFO  server.RaftServer$Division (ServerState.java:setRaftConf(434)) - fac1c7af-03c1-44bd-b323-3796df9c2435@group-13C1C55693B9: set configuration 0: peers:[d7192325-13fb-433e-b8d5-f6359b644c8f|rpc:10.1.0.196:15095|admin:10.1.0.196:15094|client:10.1.0.196:15093|dataStream:10.1.0.196:15096|priority:0|startupRole:FOLLOWER, d78dd883-3e4c-45aa-98b2-e8ffdf2e22af|rpc:10.1.0.196:15032|admin:10.1.0.196:15031|client:10.1.0.196:15030|dataStream:10.1.0.196:15033|priority:1|startupRole:FOLLOWER, fac1c7af-03c1-44bd-b323-3796df9c2435|rpc:10.1.0.196:15014|admin:10.1.0.196:15013|client:10.1.0.196:15012|dataStream:10.1.0.196:15015|priority:0|startupRole:FOLLOWER]|listeners:[], old=null
2023-06-01 19:11:48,007 [fac1c7af-03c1-44bd-b323-3796df9c2435-server-thread2] INFO  segmented.SegmentedRaftLogWorker (SegmentedRaftLogWorker.java:startLogSegment(447)) - fac1c7af-03c1-44bd-b323-3796df9c2435@group-13C1C55693B9-SegmentedRaftLogWorker: Starting segment from index:0
2023-06-01 19:11:48,008 [fac1c7af-03c1-44bd-b323-3796df9c2435@group-13C1C55693B9-SegmentedRaftLogWorker] INFO  segmented.SegmentedRaftLogWorker (SegmentedRaftLogWorker.java:execute(651)) - fac1c7af-03c1-44bd-b323-3796df9c2435@group-13C1C55693B9-SegmentedRaftLogWorker: created new log segment /home/runner/work/ozone/ozone/hadoop-ozone/integration-test/target/test-dir/MiniOzoneClusterImpl-59aba430-7466-43cf-ac60-ffcd1bd17169/datanode-0/data/ratis/e5a135ac-c615-44d5-a8ea-13c1c55693b9/current/log_inprogress_0
2023-06-01 19:11:49,263 [fac1c7af-03c1-44bd-b323-3796df9c2435@group-187869B28A18-FollowerState] INFO  impl.FollowerState (FollowerState.java:run(143)) - fac1c7af-03c1-44bd-b323-3796df9c2435@group-187869B28A18-FollowerState: change to CANDIDATE, lastRpcElapsedTime:5033191927ns, electionTimeout:5023ms
2023-06-01 19:11:49,263 [fac1c7af-03c1-44bd-b323-3796df9c2435@group-187869B28A18-FollowerState] INFO  impl.RoleInfo (RoleInfo.java:shutdownFollowerState(110)) - fac1c7af-03c1-44bd-b323-3796df9c2435: shutdown fac1c7af-03c1-44bd-b323-3796df9c2435@group-187869B28A18-FollowerState
2023-06-01 19:11:49,263 [fac1c7af-03c1-44bd-b323-3796df9c2435@group-187869B28A18-FollowerState] INFO  server.RaftServer$Division (RaftServerImpl.java:setRole(329)) - fac1c7af-03c1-44bd-b323-3796df9c2435@group-187869B28A18: changes role from  FOLLOWER to CANDIDATE at term 0 for changeToCandidate
2023-06-01 19:11:49,263 [fac1c7af-03c1-44bd-b323-3796df9c2435@group-187869B28A18-FollowerState] INFO  server.RaftServerConfigKeys (ConfUtils.java:logGet(46)) - raft.server.leaderelection.pre-vote = true (default)
2023-06-01 19:11:49,263 [fac1c7af-03c1-44bd-b323-3796df9c2435@group-187869B28A18-FollowerState] INFO  impl.RoleInfo (RoleInfo.java:updateAndGet(139)) - fac1c7af-03c1-44bd-b323-3796df9c2435: start fac1c7af-03c1-44bd-b323-3796df9c2435@group-187869B28A18-LeaderElection28
2023-06-01 19:11:49,266 [fac1c7af-03c1-44bd-b323-3796df9c2435@group-187869B28A18-LeaderElection28] INFO  impl.LeaderElection (LeaderElection.java:askForVotes(321)) - fac1c7af-03c1-44bd-b323-3796df9c2435@group-187869B28A18-LeaderElection28 PRE_VOTE round 0: submit vote requests at term 0 for -1: peers:[fac1c7af-03c1-44bd-b323-3796df9c2435|rpc:10.1.0.196:15014|admin:10.1.0.196:15013|client:10.1.0.196:15012|dataStream:10.1.0.196:15015|priority:1|startupRole:FOLLOWER]|listeners:[], old=null
2023-06-01 19:11:49,266 [fac1c7af-03c1-44bd-b323-3796df9c2435@group-187869B28A18-LeaderElection28] INFO  impl.LeaderElection (LeaderElection.java:askForVotes(323)) - fac1c7af-03c1-44bd-b323-3796df9c2435@group-187869B28A18-LeaderElection28 PRE_VOTE round 0: result PASSED (term=0)
2023-06-01 19:11:49,267 [fac1c7af-03c1-44bd-b323-3796df9c2435@group-187869B28A18-LeaderElection28] INFO  impl.LeaderElection (LeaderElection.java:askForVotes(321)) - fac1c7af-03c1-44bd-b323-3796df9c2435@group-187869B28A18-LeaderElection28 ELECTION round 0: submit vote requests at term 1 for -1: peers:[fac1c7af-03c1-44bd-b323-3796df9c2435|rpc:10.1.0.196:15014|admin:10.1.0.196:15013|client:10.1.0.196:15012|dataStream:10.1.0.196:15015|priority:1|startupRole:FOLLOWER]|listeners:[], old=null
2023-06-01 19:11:49,267 [fac1c7af-03c1-44bd-b323-3796df9c2435@group-187869B28A18-LeaderElection28] INFO  impl.LeaderElection (LeaderElection.java:askForVotes(323)) - fac1c7af-03c1-44bd-b323-3796df9c2435@group-187869B28A18-LeaderElection28 ELECTION round 0: result PASSED (term=1)
2023-06-01 19:11:49,267 [fac1c7af-03c1-44bd-b323-3796df9c2435@group-187869B28A18-LeaderElection28] INFO  impl.RoleInfo (RoleInfo.java:shutdownLeaderElection(130)) - fac1c7af-03c1-44bd-b323-3796df9c2435: shutdown fac1c7af-03c1-44bd-b323-3796df9c2435@group-187869B28A18-LeaderElection28
2023-06-01 19:11:49,267 [fac1c7af-03c1-44bd-b323-3796df9c2435@group-187869B28A18-LeaderElection28] INFO  server.RaftServer$Division (RaftServerImpl.java:setRole(329)) - fac1c7af-03c1-44bd-b323-3796df9c2435@group-187869B28A18: changes role from CANDIDATE to LEADER at term 1 for changeToLeader
2023-06-01 19:11:49,267 [fac1c7af-03c1-44bd-b323-3796df9c2435@group-187869B28A18-LeaderElection28] INFO  ratis.XceiverServerRatis (XceiverServerRatis.java:handleLeaderChangedNotification(902)) - Leader change notification received for group: group-187869B28A18 with new leaderId: fac1c7af-03c1-44bd-b323-3796df9c2435
2023-06-01 19:11:49,267 [fac1c7af-03c1-44bd-b323-3796df9c2435@group-187869B28A18-LeaderElection28] INFO  server.RaftServer$Division (ServerState.java:setLeader(317)) - fac1c7af-03c1-44bd-b323-3796df9c2435@group-187869B28A18: change Leader from null to fac1c7af-03c1-44bd-b323-3796df9c2435 at term 1 for becomeLeader, leader elected after 5154ms
2023-06-01 19:11:49,268 [fac1c7af-03c1-44bd-b323-3796df9c2435@group-187869B28A18-LeaderElection28] INFO  server.RaftServerConfigKeys (ConfUtils.java:logGet(46)) - raft.server.staging.catchup.gap = 1000 (default)
2023-06-01 19:11:49,268 [fac1c7af-03c1-44bd-b323-3796df9c2435@group-187869B28A18-LeaderElection28] INFO  server.RaftServerConfigKeys (ConfUtils.java:logGet(46)) - raft.server.write.element-limit = 1024 (custom)
2023-06-01 19:11:49,268 [fac1c7af-03c1-44bd-b323-3796df9c2435@group-187869B28A18-LeaderElection28] INFO  server.RaftServerConfigKeys (ConfUtils.java:logGet(46)) - raft.server.write.byte-limit = 1024 M (=1073741824) (custom)
2023-06-01 19:11:49,268 [fac1c7af-03c1-44bd-b323-3796df9c2435@group-187869B28A18-LeaderElection28] INFO  server.RaftServerConfigKeys (ConfUtils.java:logGet(46)) - raft.server.watch.timeout = 180s (custom)
2023-06-01 19:11:49,268 [fac1c7af-03c1-44bd-b323-3796df9c2435@group-187869B28A18-LeaderElection28] INFO  server.RaftServerConfigKeys (ConfUtils.java:logGet(46)) - raft.server.watch.timeout.denomination = 1s (default)
2023-06-01 19:11:49,268 [fac1c7af-03c1-44bd-b323-3796df9c2435@group-187869B28A18-LeaderElection28] INFO  server.RaftServerConfigKeys (ConfUtils.java:logGet(46)) - raft.server.watch.element-limit = 65536 (default)
2023-06-01 19:11:49,268 [fac1c7af-03c1-44bd-b323-3796df9c2435@group-187869B28A18-LeaderElection28] INFO  server.RaftServerConfigKeys (ConfUtils.java:logGet(46)) - raft.server.write.element-limit = 1024 (custom)
2023-06-01 19:11:49,268 [fac1c7af-03c1-44bd-b323-3796df9c2435@group-187869B28A18-LeaderElection28] INFO  server.RaftServerConfigKeys (ConfUtils.java:logGet(46)) - raft.server.write.follower.gap.ratio.max = -1.0 (default)
2023-06-01 19:11:49,268 [fac1c7af-03c1-44bd-b323-3796df9c2435@group-187869B28A18-LeaderElection28] INFO  impl.RoleInfo (RoleInfo.java:updateAndGet(139)) - fac1c7af-03c1-44bd-b323-3796df9c2435: start fac1c7af-03c1-44bd-b323-3796df9c2435@group-187869B28A18-LeaderStateImpl
2023-06-01 19:11:49,269 [fac1c7af-03c1-44bd-b323-3796df9c2435@group-187869B28A18-LeaderElection28] INFO  segmented.SegmentedRaftLogWorker (SegmentedRaftLogWorker.java:startLogSegment(447)) - fac1c7af-03c1-44bd-b323-3796df9c2435@group-187869B28A18-SegmentedRaftLogWorker: Starting segment from index:0
2023-06-01 19:11:49,270 [fac1c7af-03c1-44bd-b323-3796df9c2435@group-187869B28A18-SegmentedRaftLogWorker] INFO  segmented.SegmentedRaftLogWorker (SegmentedRaftLogWorker.java:execute(651)) - fac1c7af-03c1-44bd-b323-3796df9c2435@group-187869B28A18-SegmentedRaftLogWorker: created new log segment /home/runner/work/ozone/ozone/hadoop-ozone/integration-test/target/test-dir/MiniOzoneClusterImpl-59aba430-7466-43cf-ac60-ffcd1bd17169/datanode-0/data/ratis/1be3f2bc-25c2-43d6-b0f2-187869b28a18/current/log_inprogress_0
2023-06-01 19:11:49,271 [fac1c7af-03c1-44bd-b323-3796df9c2435@group-187869B28A18-LeaderElection28] INFO  server.RaftServer$Division (ServerState.java:setRaftConf(434)) - fac1c7af-03c1-44bd-b323-3796df9c2435@group-187869B28A18: set configuration 0: peers:[fac1c7af-03c1-44bd-b323-3796df9c2435|rpc:10.1.0.196:15014|admin:10.1.0.196:15013|client:10.1.0.196:15012|dataStream:10.1.0.196:15015|priority:1|startupRole:FOLLOWER]|listeners:[], old=null
2023-06-01 19:11:52,060 [ReplicationMonitor] INFO  replication.ReplicationManager (ReplicationManager.java:processAll(402)) - Replication Monitor Thread took 0 milliseconds for processing 1 containers.
2023-06-01 19:11:52,067 [Over Replicated Processor] INFO  replication.ReplicationManager (ReplicationManager.java:sendDatanodeCommand(677)) - Sending command [deleteContainerCommand: containerID: 1, replicaIndex: 1, force: true] for container ContainerInfo{id=#1, state=CLOSED, pipelineID=PipelineID=26401357-b866-4ecb-8421-6e92065ebe92, stateEnterTime=2023-06-01T19:11:15.513Z, owner=om1} to fac1c7af-03c1-44bd-b323-3796df9c2435(fv-az163-187.kzyshwy3mise5klwsllqwzgzyb.cx.internal.cloudapp.net/10.1.0.196) with datanode deadline 1685647282067 and scm deadline 1685647312067
2023-06-01 19:11:52,067 [Over Replicated Processor] INFO  replication.UnhealthyReplicationProcessor (UnhealthyReplicationProcessor.java:processAll(131)) - Processed 1 containers with health state counts {OVER_REPLICATED=1}, failed processing 0
]]></system-out>
  </testcase>
  <testcase name="testECContainerRecoveryWithTimedOutRecovery" classname="org.apache.hadoop.ozone.container.TestECContainerRecovery" time="107.343">
    <error type="java.util.concurrent.TimeoutException"><![CDATA[java.util.concurrent.TimeoutException: 
Timed out waiting for condition. Thread diagnostics:
Timestamp: 2023-06-01 07:13:41,635

"Session-HouseKeeper-28f9b308-1"  prio=5 tid=368 timed_waiting
java.lang.Thread.State: TIMED_WAITING
        at sun.misc.Unsafe.park(Native Method)
        at java.util.concurrent.locks.LockSupport.parkNanos(LockSupport.java:215)
        at java.util.concurrent.locks.AbstractQueuedSynchronizer$ConditionObject.awaitNanos(AbstractQueuedSynchronizer.java:2078)
        at java.util.concurrent.ScheduledThreadPoolExecutor$DelayedWorkQueue.take(ScheduledThreadPoolExecutor.java:1093)
        at java.util.concurrent.ScheduledThreadPoolExecutor$DelayedWorkQueue.take(ScheduledThreadPoolExecutor.java:809)
        at java.util.concurrent.ThreadPoolExecutor.getTask(ThreadPoolExecutor.java:1074)
        at java.util.concurrent.ThreadPoolExecutor.runWorker(ThreadPoolExecutor.java:1134)
        at java.util.concurrent.ThreadPoolExecutor$Worker.run(ThreadPoolExecutor.java:624)
        at java.lang.Thread.run(Thread.java:750)
"ChunkReader-0" daemon prio=5 tid=1397 in Object.wait()
java.lang.Thread.State: WAITING (on object monitor)
        at sun.misc.Unsafe.park(Native Method)
        at java.util.concurrent.locks.LockSupport.park(LockSupport.java:175)
        at java.util.concurrent.locks.AbstractQueuedSynchronizer$ConditionObject.await(AbstractQueuedSynchronizer.java:2039)
        at java.util.concurrent.LinkedBlockingQueue.take(LinkedBlockingQueue.java:442)
        at java.util.concurrent.ThreadPoolExecutor.getTask(ThreadPoolExecutor.java:1074)
        at java.util.concurrent.ThreadPoolExecutor.runWorker(ThreadPoolExecutor.java:1134)
        at java.util.concurrent.ThreadPoolExecutor$Worker.run(ThreadPoolExecutor.java:624)
        at java.lang.Thread.run(Thread.java:750)
"FixedThreadPoolWithAffinityExecutor-5-0" daemon prio=5 tid=43 timed_waiting
java.lang.Thread.State: TIMED_WAITING
        at sun.misc.Unsafe.park(Native Method)
        at java.util.concurrent.locks.LockSupport.parkNanos(LockSupport.java:215)
        at java.util.concurrent.locks.AbstractQueuedSynchronizer$ConditionObject.awaitNanos(AbstractQueuedSynchronizer.java:2078)
        at java.util.concurrent.LinkedBlockingQueue.poll(LinkedBlockingQueue.java:467)
        at org.apache.hadoop.hdds.scm.server.ContainerReportQueue.poll(ContainerReportQueue.java:266)
        at org.apache.hadoop.hdds.scm.server.ContainerReportQueue.poll(ContainerReportQueue.java:42)
        at org.apache.hadoop.hdds.server.events.FixedThreadPoolWithAffinityExecutor$ContainerReportProcessTask.run(FixedThreadPoolWithAffinityExecutor.java:247)
        at java.util.concurrent.Executors$RunnableAdapter.call(Executors.java:511)
        at java.util.concurrent.FutureTask.run(FutureTask.java:266)
        at java.util.concurrent.ThreadPoolExecutor.runWorker(ThreadPoolExecutor.java:1149)
        at java.util.concurrent.ThreadPoolExecutor$Worker.run(ThreadPoolExecutor.java:624)
        at java.lang.Thread.run(Thread.java:750)
"EventQueue-NodeRegistrationContainerReportForContainerSafeModeRule" daemon prio=5 tid=591 in Object.wait()
java.lang.Thread.State: WAITING (on object monitor)
        at sun.misc.Unsafe.park(Native Method)
        at java.util.concurrent.locks.LockSupport.park(LockSupport.java:175)
        at java.util.concurrent.locks.AbstractQueuedSynchronizer$ConditionObject.await(AbstractQueuedSynchronizer.java:2039)
        at java.util.concurrent.LinkedBlockingQueue.take(LinkedBlockingQueue.java:442)
        at java.util.concurrent.ThreadPoolExecutor.getTask(ThreadPoolExecutor.java:1074)
        at java.util.concurrent.ThreadPoolExecutor.runWorker(ThreadPoolExecutor.java:1134)
        at java.util.concurrent.ThreadPoolExecutor$Worker.run(ThreadPoolExecutor.java:624)
        at java.lang.Thread.run(Thread.java:750)
"qtp2011580998-120" daemon prio=5 tid=120 timed_waiting
java.lang.Thread.State: TIMED_WAITING
        at sun.misc.Unsafe.park(Native Method)
        at java.util.concurrent.locks.LockSupport.parkNanos(LockSupport.java:215)
        at java.util.concurrent.locks.AbstractQueuedSynchronizer$ConditionObject.awaitNanos(AbstractQueuedSynchronizer.java:2078)
        at org.eclipse.jetty.util.BlockingArrayQueue.poll(BlockingArrayQueue.java:382)
        at org.eclipse.jetty.util.thread.QueuedThreadPool$Runner.idleJobPoll(QueuedThreadPool.java:974)
        at org.eclipse.jetty.util.thread.QueuedThreadPool$Runner.run(QueuedThreadPool.java:1018)
        at java.lang.Thread.run(Thread.java:750)
"IPC Server Responder" daemon prio=5 tid=138 runnable
java.lang.Thread.State: RUNNABLE
        at sun.nio.ch.EPollArrayWrapper.epollWait(Native Method)
        at sun.nio.ch.EPollArrayWrapper.poll(EPollArrayWrapper.java:269)
        at sun.nio.ch.EPollSelectorImpl.doSelect(EPollSelectorImpl.java:93)
        at sun.nio.ch.SelectorImpl.lockAndDoSelect(SelectorImpl.java:86)
        at sun.nio.ch.SelectorImpl.select(SelectorImpl.java:97)
        at org.apache.hadoop.ipc.Server$Responder.doRunLoop(Server.java:1578)
        at org.apache.hadoop.ipc.Server$Responder.run(Server.java:1561)
"StaleRecoveringContainerScrubbingService#8" daemon prio=5 tid=1380 in Object.wait()
java.lang.Thread.State: WAITING (on object monitor)
        at sun.misc.Unsafe.park(Native Method)
        at java.util.concurrent.locks.LockSupport.park(LockSupport.java:175)
        at java.util.concurrent.locks.AbstractQueuedSynchronizer$ConditionObject.await(AbstractQueuedSynchronizer.java:2039)
        at java.util.concurrent.ScheduledThreadPoolExecutor$DelayedWorkQueue.take(ScheduledThreadPoolExecutor.java:1088)
        at java.util.concurrent.ScheduledThreadPoolExecutor$DelayedWorkQueue.take(ScheduledThreadPoolExecutor.java:809)
        at java.util.concurrent.ThreadPoolExecutor.getTask(ThreadPoolExecutor.java:1074)
        at java.util.concurrent.ThreadPoolExecutor.runWorker(ThreadPoolExecutor.java:1134)
        at java.util.concurrent.ThreadPoolExecutor$Worker.run(ThreadPoolExecutor.java:624)
        at java.lang.Thread.run(Thread.java:750)
"Datanode State Machine Daemon Thread" daemon prio=5 tid=557 timed_waiting
java.lang.Thread.State: TIMED_WAITING
        at java.lang.Thread.sleep(Native Method)
        at org.apache.hadoop.ozone.container.common.statemachine.DatanodeStateMachine.startStateMachineThread(DatanodeStateMachine.java:351)
        at org.apache.hadoop.ozone.container.common.statemachine.DatanodeStateMachine.lambda$startDaemon$0(DatanodeStateMachine.java:538)
        at org.apache.hadoop.ozone.container.common.statemachine.DatanodeStateMachine$$Lambda$867/1464078834.run(Unknown Source)
        at java.lang.Thread.run(Thread.java:750)
"IPC Server handler 6 on default port 15000" daemon prio=5 tid=55 timed_waiting
java.lang.Thread.State: TIMED_WAITING
        at sun.misc.Unsafe.park(Native Method)
        at java.util.concurrent.locks.LockSupport.parkNanos(LockSupport.java:215)
        at java.util.concurrent.locks.AbstractQueuedSynchronizer$ConditionObject.awaitNanos(AbstractQueuedSynchronizer.java:2078)
        at java.util.concurrent.LinkedBlockingQueue.poll(LinkedBlockingQueue.java:467)
        at org.apache.hadoop.ipc.CallQueueManager.take(CallQueueManager.java:317)
        at org.apache.hadoop.ipc.Server$Handler.run(Server.java:2992)
"Periodic HDDS volume checker" daemon prio=5 tid=218 timed_waiting
java.lang.Thread.State: TIMED_WAITING
        at sun.misc.Unsafe.park(Native Method)
        at java.util.concurrent.locks.LockSupport.parkNanos(LockSupport.java:215)
        at java.util.concurrent.locks.AbstractQueuedSynchronizer$ConditionObject.awaitNanos(AbstractQueuedSynchronizer.java:2078)
        at java.util.concurrent.ScheduledThreadPoolExecutor$DelayedWorkQueue.take(ScheduledThreadPoolExecutor.java:1093)
        at java.util.concurrent.ScheduledThreadPoolExecutor$DelayedWorkQueue.take(ScheduledThreadPoolExecutor.java:809)
        at java.util.concurrent.ThreadPoolExecutor.getTask(ThreadPoolExecutor.java:1074)
        at java.util.concurrent.ThreadPoolExecutor.runWorker(ThreadPoolExecutor.java:1134)
        at java.util.concurrent.ThreadPoolExecutor$Worker.run(ThreadPoolExecutor.java:624)
        at java.lang.Thread.run(Thread.java:750)
"qtp1562316023-296" daemon prio=5 tid=296 timed_waiting
java.lang.Thread.State: TIMED_WAITING
        at sun.misc.Unsafe.park(Native Method)
        at java.util.concurrent.locks.LockSupport.parkNanos(LockSupport.java:215)
        at java.util.concurrent.locks.AbstractQueuedSynchronizer$ConditionObject.awaitNanos(AbstractQueuedSynchronizer.java:2078)
        at org.eclipse.jetty.util.BlockingArrayQueue.poll(BlockingArrayQueue.java:382)
        at org.eclipse.jetty.util.thread.QueuedThreadPool$Runner.idleJobPoll(QueuedThreadPool.java:974)
        at org.eclipse.jetty.util.thread.QueuedThreadPool$Runner.run(QueuedThreadPool.java:1018)
        at java.lang.Thread.run(Thread.java:750)
"Datanode ReportManager Thread - 2" daemon prio=5 tid=246 in Object.wait()
java.lang.Thread.State: WAITING (on object monitor)
        at sun.misc.Unsafe.park(Native Method)
        at java.util.concurrent.locks.LockSupport.park(LockSupport.java:175)
        at java.util.concurrent.locks.AbstractQueuedSynchronizer$ConditionObject.await(AbstractQueuedSynchronizer.java:2039)
        at java.util.concurrent.ScheduledThreadPoolExecutor$DelayedWorkQueue.take(ScheduledThreadPoolExecutor.java:1088)
        at java.util.concurrent.ScheduledThreadPoolExecutor$DelayedWorkQueue.take(ScheduledThreadPoolExecutor.java:809)
        at java.util.concurrent.ThreadPoolExecutor.getTask(ThreadPoolExecutor.java:1074)
        at java.util.concurrent.ThreadPoolExecutor.runWorker(ThreadPoolExecutor.java:1134)
        at java.util.concurrent.ThreadPoolExecutor$Worker.run(ThreadPoolExecutor.java:624)
        at java.lang.Thread.run(Thread.java:750)
"IPC Server handler 0 on default port 15004" daemon prio=5 tid=162 timed_waiting
java.lang.Thread.State: TIMED_WAITING
        at sun.misc.Unsafe.park(Native Method)
        at java.util.concurrent.locks.LockSupport.parkNanos(LockSupport.java:215)
        at java.util.concurrent.locks.AbstractQueuedSynchronizer$ConditionObject.awaitNanos(AbstractQueuedSynchronizer.java:2078)
        at java.util.concurrent.LinkedBlockingQueue.poll(LinkedBlockingQueue.java:467)
        at org.apache.hadoop.ipc.CallQueueManager.take(CallQueueManager.java:317)
        at org.apache.hadoop.ipc.Server$Handler.run(Server.java:2992)
"IPC Server handler 19 on default port 15002" daemon prio=5 tid=108 timed_waiting
java.lang.Thread.State: TIMED_WAITING
        at sun.misc.Unsafe.park(Native Method)
        at java.util.concurrent.locks.LockSupport.parkNanos(LockSupport.java:215)
        at java.util.concurrent.locks.AbstractQueuedSynchronizer$ConditionObject.awaitNanos(AbstractQueuedSynchronizer.java:2078)
        at java.util.concurrent.LinkedBlockingQueue.poll(LinkedBlockingQueue.java:467)
        at org.apache.hadoop.ipc.CallQueueManager.take(CallQueueManager.java:317)
        at org.apache.hadoop.ipc.Server$Handler.run(Server.java:2992)
"Command processor thread" daemon prio=5 tid=518 timed_waiting
java.lang.Thread.State: TIMED_WAITING
        at java.lang.Thread.sleep(Native Method)
        at org.apache.hadoop.ozone.container.common.statemachine.DatanodeStateMachine.lambda$initCommandHandlerThread$3(DatanodeStateMachine.java:669)
        at org.apache.hadoop.ozone.container.common.statemachine.DatanodeStateMachine$$Lambda$869/5638916.run(Unknown Source)
        at java.lang.Thread.run(Thread.java:750)
"Datanode State Machine Daemon Thread" daemon prio=5 tid=1131 timed_waiting
java.lang.Thread.State: TIMED_WAITING
        at java.lang.Thread.sleep(Native Method)
        at org.apache.hadoop.ozone.container.common.statemachine.DatanodeStateMachine.startStateMachineThread(DatanodeStateMachine.java:351)
        at org.apache.hadoop.ozone.container.common.statemachine.DatanodeStateMachine.lambda$startDaemon$0(DatanodeStateMachine.java:538)
        at org.apache.hadoop.ozone.container.common.statemachine.DatanodeStateMachine$$Lambda$867/1464078834.run(Unknown Source)
        at java.lang.Thread.run(Thread.java:750)
"BlockDeletingService#0" daemon prio=5 tid=457 timed_waiting
java.lang.Thread.State: TIMED_WAITING
        at sun.misc.Unsafe.park(Native Method)
        at java.util.concurrent.locks.LockSupport.parkNanos(LockSupport.java:215)
        at java.util.concurrent.locks.AbstractQueuedSynchronizer$ConditionObject.awaitNanos(AbstractQueuedSynchronizer.java:2078)
        at java.util.concurrent.ScheduledThreadPoolExecutor$DelayedWorkQueue.take(ScheduledThreadPoolExecutor.java:1093)
        at java.util.concurrent.ScheduledThreadPoolExecutor$DelayedWorkQueue.take(ScheduledThreadPoolExecutor.java:809)
        at java.util.concurrent.ThreadPoolExecutor.getTask(ThreadPoolExecutor.java:1074)
        at java.util.concurrent.ThreadPoolExecutor.runWorker(ThreadPoolExecutor.java:1134)
        at java.util.concurrent.ThreadPoolExecutor$Worker.run(ThreadPoolExecutor.java:624)
        at java.lang.Thread.run(Thread.java:750)
"KeyDeletingService#0" daemon prio=5 tid=148 timed_waiting
java.lang.Thread.State: TIMED_WAITING
        at sun.misc.Unsafe.park(Native Method)
        at java.util.concurrent.locks.LockSupport.parkNanos(LockSupport.java:215)
        at java.util.concurrent.locks.AbstractQueuedSynchronizer$ConditionObject.awaitNanos(AbstractQueuedSynchronizer.java:2078)
        at java.util.concurrent.ScheduledThreadPoolExecutor$DelayedWorkQueue.take(ScheduledThreadPoolExecutor.java:1093)
        at java.util.concurrent.ScheduledThreadPoolExecutor$DelayedWorkQueue.take(ScheduledThreadPoolExecutor.java:809)
        at java.util.concurrent.ThreadPoolExecutor.getTask(ThreadPoolExecutor.java:1074)
        at java.util.concurrent.ThreadPoolExecutor.runWorker(ThreadPoolExecutor.java:1134)
        at java.util.concurrent.ThreadPoolExecutor$Worker.run(ThreadPoolExecutor.java:624)
        at java.lang.Thread.run(Thread.java:750)
"BlockDeletingService#3" daemon prio=5 tid=1405 in Object.wait()
java.lang.Thread.State: WAITING (on object monitor)
        at sun.misc.Unsafe.park(Native Method)
        at java.util.concurrent.locks.LockSupport.park(LockSupport.java:175)
        at java.util.concurrent.locks.AbstractQueuedSynchronizer$ConditionObject.await(AbstractQueuedSynchronizer.java:2039)
        at java.util.concurrent.ScheduledThreadPoolExecutor$DelayedWorkQueue.take(ScheduledThreadPoolExecutor.java:1088)
        at java.util.concurrent.ScheduledThreadPoolExecutor$DelayedWorkQueue.take(ScheduledThreadPoolExecutor.java:809)
        at java.util.concurrent.ThreadPoolExecutor.getTask(ThreadPoolExecutor.java:1074)
        at java.util.concurrent.ThreadPoolExecutor.runWorker(ThreadPoolExecutor.java:1134)
        at java.util.concurrent.ThreadPoolExecutor$Worker.run(ThreadPoolExecutor.java:624)
        at java.lang.Thread.run(Thread.java:750)
"Datanode ReportManager Thread - 1" daemon prio=5 tid=469 in Object.wait()
java.lang.Thread.State: WAITING (on object monitor)
        at sun.misc.Unsafe.park(Native Method)
        at java.util.concurrent.locks.LockSupport.park(LockSupport.java:175)
        at java.util.concurrent.locks.AbstractQueuedSynchronizer$ConditionObject.await(AbstractQueuedSynchronizer.java:2039)
        at java.util.concurrent.ScheduledThreadPoolExecutor$DelayedWorkQueue.take(ScheduledThreadPoolExecutor.java:1088)
        at java.util.concurrent.ScheduledThreadPoolExecutor$DelayedWorkQueue.take(ScheduledThreadPoolExecutor.java:809)
        at java.util.concurrent.ThreadPoolExecutor.getTask(ThreadPoolExecutor.java:1074)
        at java.util.concurrent.ThreadPoolExecutor.runWorker(ThreadPoolExecutor.java:1134)
        at java.util.concurrent.ThreadPoolExecutor$Worker.run(ThreadPoolExecutor.java:624)
        at java.lang.Thread.run(Thread.java:750)
"qtp1851070396-534" daemon prio=5 tid=534 timed_waiting
java.lang.Thread.State: TIMED_WAITING
        at sun.misc.Unsafe.park(Native Method)
        at java.util.concurrent.locks.LockSupport.parkNanos(LockSupport.java:215)
        at java.util.concurrent.locks.AbstractQueuedSynchronizer$ConditionObject.awaitNanos(AbstractQueuedSynchronizer.java:2078)
        at org.eclipse.jetty.util.BlockingArrayQueue.poll(BlockingArrayQueue.java:382)
        at org.eclipse.jetty.util.thread.QueuedThreadPool$Runner.idleJobPoll(QueuedThreadPool.java:974)
        at org.eclipse.jetty.util.thread.QueuedThreadPool$Runner.run(QueuedThreadPool.java:1018)
        at java.lang.Thread.run(Thread.java:750)
"qtp941765836-446" daemon prio=5 tid=446 timed_waiting
java.lang.Thread.State: TIMED_WAITING
        at sun.misc.Unsafe.park(Native Method)
        at java.util.concurrent.locks.LockSupport.parkNanos(LockSupport.java:215)
        at java.util.concurrent.locks.AbstractQueuedSynchronizer$ConditionObject.awaitNanos(AbstractQueuedSynchronizer.java:2078)
        at org.eclipse.jetty.util.BlockingArrayQueue.poll(BlockingArrayQueue.java:382)
        at org.eclipse.jetty.util.thread.QueuedThreadPool$Runner.idleJobPoll(QueuedThreadPool.java:974)
        at org.eclipse.jetty.util.thread.QueuedThreadPool$Runner.run(QueuedThreadPool.java:1018)
        at java.lang.Thread.run(Thread.java:750)
"IPC Server handler 4 on default port 15004" daemon prio=5 tid=166 timed_waiting
java.lang.Thread.State: TIMED_WAITING
        at sun.misc.Unsafe.park(Native Method)
        at java.util.concurrent.locks.LockSupport.parkNanos(LockSupport.java:215)
        at java.util.concurrent.locks.AbstractQueuedSynchronizer$ConditionObject.awaitNanos(AbstractQueuedSynchronizer.java:2078)
        at java.util.concurrent.LinkedBlockingQueue.poll(LinkedBlockingQueue.java:467)
        at org.apache.hadoop.ipc.CallQueueManager.take(CallQueueManager.java:317)
        at org.apache.hadoop.ipc.Server$Handler.run(Server.java:2992)
"pool-143-thread-1" daemon prio=5 tid=288 timed_waiting
java.lang.Thread.State: TIMED_WAITING
        at sun.misc.Unsafe.park(Native Method)
        at java.util.concurrent.locks.LockSupport.parkNanos(LockSupport.java:215)
        at java.util.concurrent.locks.AbstractQueuedSynchronizer$ConditionObject.awaitNanos(AbstractQueuedSynchronizer.java:2078)
        at java.util.concurrent.ScheduledThreadPoolExecutor$DelayedWorkQueue.take(ScheduledThreadPoolExecutor.java:1093)
        at java.util.concurrent.ScheduledThreadPoolExecutor$DelayedWorkQueue.take(ScheduledThreadPoolExecutor.java:809)
        at java.util.concurrent.ThreadPoolExecutor.getTask(ThreadPoolExecutor.java:1074)
        at java.util.concurrent.ThreadPoolExecutor.runWorker(ThreadPoolExecutor.java:1134)
        at java.util.concurrent.ThreadPoolExecutor$Worker.run(ThreadPoolExecutor.java:624)
        at java.lang.Thread.run(Thread.java:750)
"fac1c7af-03c1-44bd-b323-3796df9c2435@group-CD60DE991625-SegmentedRaftLogWorker"  prio=5 tid=1189 timed_waiting
java.lang.Thread.State: TIMED_WAITING
        at sun.misc.Unsafe.park(Native Method)
        at java.util.concurrent.locks.LockSupport.parkNanos(LockSupport.java:215)
        at java.util.concurrent.locks.AbstractQueuedSynchronizer$ConditionObject.awaitNanos(AbstractQueuedSynchronizer.java:2078)
        at org.apache.ratis.util.DataBlockingQueue.poll(DataBlockingQueue.java:148)
        at org.apache.ratis.server.raftlog.segmented.SegmentedRaftLogWorker.run(SegmentedRaftLogWorker.java:307)
        at org.apache.ratis.server.raftlog.segmented.SegmentedRaftLogWorker$$Lambda$764/731878032.run(Unknown Source)
        at java.util.concurrent.Executors$RunnableAdapter.call(Executors.java:511)
        at java.util.concurrent.FutureTask.run(FutureTask.java:266)
        at java.util.concurrent.ThreadPoolExecutor.runWorker(ThreadPoolExecutor.java:1149)
        at java.util.concurrent.ThreadPoolExecutor$Worker.run(ThreadPoolExecutor.java:624)
        at java.lang.Thread.run(Thread.java:750)
"ChunkReader-9" daemon prio=5 tid=1096 in Object.wait()
java.lang.Thread.State: WAITING (on object monitor)
        at sun.misc.Unsafe.park(Native Method)
        at java.util.concurrent.locks.LockSupport.park(LockSupport.java:175)
        at java.util.concurrent.locks.AbstractQueuedSynchronizer$ConditionObject.await(AbstractQueuedSynchronizer.java:2039)
        at java.util.concurrent.LinkedBlockingQueue.take(LinkedBlockingQueue.java:442)
        at java.util.concurrent.ThreadPoolExecutor.getTask(ThreadPoolExecutor.java:1074)
        at java.util.concurrent.ThreadPoolExecutor.runWorker(ThreadPoolExecutor.java:1134)
        at java.util.concurrent.ThreadPoolExecutor$Worker.run(ThreadPoolExecutor.java:624)
        at java.lang.Thread.run(Thread.java:750)
"d78dd883-3e4c-45aa-98b2-e8ffdf2e22af-server-thread2" daemon prio=5 tid=1237 timed_waiting
java.lang.Thread.State: TIMED_WAITING
        at sun.misc.Unsafe.park(Native Method)
        at java.util.concurrent.locks.LockSupport.parkNanos(LockSupport.java:215)
        at java.util.concurrent.SynchronousQueue$TransferStack.awaitFulfill(SynchronousQueue.java:460)
        at java.util.concurrent.SynchronousQueue$TransferStack.transfer(SynchronousQueue.java:362)
        at java.util.concurrent.SynchronousQueue.poll(SynchronousQueue.java:941)
        at java.util.concurrent.ThreadPoolExecutor.getTask(ThreadPoolExecutor.java:1073)
        at java.util.concurrent.ThreadPoolExecutor.runWorker(ThreadPoolExecutor.java:1134)
        at java.util.concurrent.ThreadPoolExecutor$Worker.run(ThreadPoolExecutor.java:624)
        at java.lang.Thread.run(Thread.java:750)
"qtp1359989430-1121" daemon prio=5 tid=1121 timed_waiting
java.lang.Thread.State: TIMED_WAITING
        at sun.misc.Unsafe.park(Native Method)
        at java.util.concurrent.locks.LockSupport.parkNanos(LockSupport.java:215)
        at java.util.concurrent.locks.AbstractQueuedSynchronizer$ConditionObject.awaitNanos(AbstractQueuedSynchronizer.java:2078)
        at org.eclipse.jetty.util.BlockingArrayQueue.poll(BlockingArrayQueue.java:382)
        at org.eclipse.jetty.util.thread.QueuedThreadPool$Runner.idleJobPoll(QueuedThreadPool.java:974)
        at org.eclipse.jetty.util.thread.QueuedThreadPool$Runner.run(QueuedThreadPool.java:1018)
        at java.lang.Thread.run(Thread.java:750)
"IPC Server handler 0 on default port 15001" daemon prio=5 tid=69 timed_waiting
java.lang.Thread.State: TIMED_WAITING
        at sun.misc.Unsafe.park(Native Method)
        at java.util.concurrent.locks.LockSupport.parkNanos(LockSupport.java:215)
        at java.util.concurrent.locks.AbstractQueuedSynchronizer$ConditionObject.awaitNanos(AbstractQueuedSynchronizer.java:2078)
        at java.util.concurrent.LinkedBlockingQueue.poll(LinkedBlockingQueue.java:467)
        at org.apache.hadoop.ipc.CallQueueManager.take(CallQueueManager.java:317)
        at org.apache.hadoop.ipc.Server$Handler.run(Server.java:2992)
"pool-65-thread-1"  prio=5 tid=152 timed_waiting
java.lang.Thread.State: TIMED_WAITING
        at sun.misc.Unsafe.park(Native Method)
        at java.util.concurrent.locks.LockSupport.parkNanos(LockSupport.java:215)
        at java.util.concurrent.locks.AbstractQueuedSynchronizer$ConditionObject.awaitNanos(AbstractQueuedSynchronizer.java:2078)
        at java.util.concurrent.ScheduledThreadPoolExecutor$DelayedWorkQueue.take(ScheduledThreadPoolExecutor.java:1093)
        at java.util.concurrent.ScheduledThreadPoolExecutor$DelayedWorkQueue.take(ScheduledThreadPoolExecutor.java:809)
        at java.util.concurrent.ThreadPoolExecutor.getTask(ThreadPoolExecutor.java:1074)
        at java.util.concurrent.ThreadPoolExecutor.runWorker(ThreadPoolExecutor.java:1134)
        at java.util.concurrent.ThreadPoolExecutor$Worker.run(ThreadPoolExecutor.java:624)
        at java.lang.Thread.run(Thread.java:750)
"9ff544a7-6c1c-4ca7-a5dc-e42e2710cacb@group-56CE86AE12C8-LeaderStateImpl" daemon prio=5 tid=879 timed_waiting
java.lang.Thread.State: TIMED_WAITING
        at sun.misc.Unsafe.park(Native Method)
        at java.util.concurrent.locks.LockSupport.parkNanos(LockSupport.java:215)
        at java.util.concurrent.locks.AbstractQueuedSynchronizer$ConditionObject.awaitNanos(AbstractQueuedSynchronizer.java:2078)
        at java.util.concurrent.ArrayBlockingQueue.poll(ArrayBlockingQueue.java:418)
        at org.apache.ratis.server.impl.LeaderStateImpl$EventQueue.poll(LeaderStateImpl.java:164)
        at org.apache.ratis.server.impl.LeaderStateImpl$EventProcessor.run(LeaderStateImpl.java:702)
"ChunkReader-9" daemon prio=5 tid=1098 in Object.wait()
java.lang.Thread.State: WAITING (on object monitor)
        at sun.misc.Unsafe.park(Native Method)
        at java.util.concurrent.locks.LockSupport.park(LockSupport.java:175)
        at java.util.concurrent.locks.AbstractQueuedSynchronizer$ConditionObject.await(AbstractQueuedSynchronizer.java:2039)
        at java.util.concurrent.LinkedBlockingQueue.take(LinkedBlockingQueue.java:442)
        at java.util.concurrent.ThreadPoolExecutor.getTask(ThreadPoolExecutor.java:1074)
        at java.util.concurrent.ThreadPoolExecutor.runWorker(ThreadPoolExecutor.java:1134)
        at java.util.concurrent.ThreadPoolExecutor$Worker.run(ThreadPoolExecutor.java:624)
        at java.lang.Thread.run(Thread.java:750)
"9125f905-aa43-4d0f-845d-e6cfd4dab0cd@group-83208DDAA812-LeaderStateImpl" daemon prio=5 tid=983 timed_waiting
java.lang.Thread.State: TIMED_WAITING
        at sun.misc.Unsafe.park(Native Method)
        at java.util.concurrent.locks.LockSupport.parkNanos(LockSupport.java:215)
        at java.util.concurrent.locks.AbstractQueuedSynchronizer$ConditionObject.awaitNanos(AbstractQueuedSynchronizer.java:2078)
        at java.util.concurrent.ArrayBlockingQueue.poll(ArrayBlockingQueue.java:418)
        at org.apache.ratis.server.impl.LeaderStateImpl$EventQueue.poll(LeaderStateImpl.java:164)
        at org.apache.ratis.server.impl.LeaderStateImpl$EventProcessor.run(LeaderStateImpl.java:702)
"IPC Server idle connection scanner for port 15028" daemon prio=5 tid=272 timed_waiting
java.lang.Thread.State: TIMED_WAITING
        at java.lang.Object.wait(Native Method)
        at java.util.TimerThread.mainLoop(Timer.java:552)
        at java.util.TimerThread.run(Timer.java:505)
"d7192325-13fb-433e-b8d5-f6359b644c8f@group-CD60DE991625-LeaderStateImpl" daemon prio=5 tid=1233 timed_waiting
java.lang.Thread.State: TIMED_WAITING
        at sun.misc.Unsafe.park(Native Method)
        at java.util.concurrent.locks.LockSupport.parkNanos(LockSupport.java:215)
        at java.util.concurrent.locks.AbstractQueuedSynchronizer$ConditionObject.awaitNanos(AbstractQueuedSynchronizer.java:2078)
        at java.util.concurrent.ArrayBlockingQueue.poll(ArrayBlockingQueue.java:418)
        at org.apache.ratis.server.impl.LeaderStateImpl$EventQueue.poll(LeaderStateImpl.java:164)
        at org.apache.ratis.server.impl.LeaderStateImpl$EventProcessor.run(LeaderStateImpl.java:702)
"ReplicationMonitor" daemon prio=5 tid=1341 timed_waiting
java.lang.Thread.State: TIMED_WAITING
        at java.lang.Object.wait(Native Method)
        at org.apache.hadoop.hdds.scm.container.replication.ReplicationManager.run(ReplicationManager.java:933)
        at org.apache.hadoop.hdds.scm.container.replication.ReplicationManager$$Lambda$414/955660118.run(Unknown Source)
        at java.lang.Thread.run(Thread.java:750)
"EventQueue-StaleNodeForStaleNodeHandler" daemon prio=5 tid=1056 in Object.wait()
java.lang.Thread.State: WAITING (on object monitor)
        at sun.misc.Unsafe.park(Native Method)
        at java.util.concurrent.locks.LockSupport.park(LockSupport.java:175)
        at java.util.concurrent.locks.AbstractQueuedSynchronizer$ConditionObject.await(AbstractQueuedSynchronizer.java:2039)
        at java.util.concurrent.LinkedBlockingQueue.take(LinkedBlockingQueue.java:442)
        at java.util.concurrent.ThreadPoolExecutor.getTask(ThreadPoolExecutor.java:1074)
        at java.util.concurrent.ThreadPoolExecutor.runWorker(ThreadPoolExecutor.java:1134)
        at java.util.concurrent.ThreadPoolExecutor$Worker.run(ThreadPoolExecutor.java:624)
        at java.lang.Thread.run(Thread.java:750)
"IPC Server idle connection scanner for port 15004" daemon prio=5 tid=137 timed_waiting
java.lang.Thread.State: TIMED_WAITING
        at java.lang.Object.wait(Native Method)
        at java.util.TimerThread.mainLoop(Timer.java:552)
        at java.util.TimerThread.run(Timer.java:505)
"StaleRecoveringContainerScrubbingService#2" daemon prio=5 tid=1225 timed_waiting
java.lang.Thread.State: TIMED_WAITING
        at sun.misc.Unsafe.park(Native Method)
        at java.util.concurrent.locks.LockSupport.parkNanos(LockSupport.java:215)
        at java.util.concurrent.locks.AbstractQueuedSynchronizer$ConditionObject.awaitNanos(AbstractQueuedSynchronizer.java:2078)
        at java.util.concurrent.ScheduledThreadPoolExecutor$DelayedWorkQueue.take(ScheduledThreadPoolExecutor.java:1093)
        at java.util.concurrent.ScheduledThreadPoolExecutor$DelayedWorkQueue.take(ScheduledThreadPoolExecutor.java:809)
        at java.util.concurrent.ThreadPoolExecutor.getTask(ThreadPoolExecutor.java:1074)
        at java.util.concurrent.ThreadPoolExecutor.runWorker(ThreadPoolExecutor.java:1134)
        at java.util.concurrent.ThreadPoolExecutor$Worker.run(ThreadPoolExecutor.java:624)
        at java.lang.Thread.run(Thread.java:750)
"timer0" daemon prio=5 tid=871 timed_waiting
java.lang.Thread.State: TIMED_WAITING
        at java.lang.Object.wait(Native Method)
        at java.util.TimerThread.mainLoop(Timer.java:552)
        at java.util.TimerThread.run(Timer.java:505)
"pool-271-thread-1" daemon prio=5 tid=479 timed_waiting
java.lang.Thread.State: TIMED_WAITING
        at sun.misc.Unsafe.park(Native Method)
        at java.util.concurrent.locks.LockSupport.parkNanos(LockSupport.java:215)
        at java.util.concurrent.locks.AbstractQueuedSynchronizer$ConditionObject.awaitNanos(AbstractQueuedSynchronizer.java:2078)
        at java.util.concurrent.ScheduledThreadPoolExecutor$DelayedWorkQueue.take(ScheduledThreadPoolExecutor.java:1093)
        at java.util.concurrent.ScheduledThreadPoolExecutor$DelayedWorkQueue.take(ScheduledThreadPoolExecutor.java:809)
        at java.util.concurrent.ThreadPoolExecutor.getTask(ThreadPoolExecutor.java:1074)
        at java.util.concurrent.ThreadPoolExecutor.runWorker(ThreadPoolExecutor.java:1134)
        at java.util.concurrent.ThreadPoolExecutor$Worker.run(ThreadPoolExecutor.java:624)
        at java.lang.Thread.run(Thread.java:750)
"IPC Server handler 14 on default port 15000" daemon prio=5 tid=63 timed_waiting
java.lang.Thread.State: TIMED_WAITING
        at sun.misc.Unsafe.park(Native Method)
        at java.util.concurrent.locks.LockSupport.parkNanos(LockSupport.java:215)
        at java.util.concurrent.locks.AbstractQueuedSynchronizer$ConditionObject.awaitNanos(AbstractQueuedSynchronizer.java:2078)
        at java.util.concurrent.LinkedBlockingQueue.poll(LinkedBlockingQueue.java:467)
        at org.apache.hadoop.ipc.CallQueueManager.take(CallQueueManager.java:317)
        at org.apache.hadoop.ipc.Server$Handler.run(Server.java:2992)
"qtp1851070396-533" daemon prio=5 tid=533 timed_waiting
java.lang.Thread.State: TIMED_WAITING
        at sun.misc.Unsafe.park(Native Method)
        at java.util.concurrent.locks.LockSupport.parkNanos(LockSupport.java:215)
        at java.util.concurrent.locks.AbstractQueuedSynchronizer$ConditionObject.awaitNanos(AbstractQueuedSynchronizer.java:2078)
        at org.eclipse.jetty.util.BlockingArrayQueue.poll(BlockingArrayQueue.java:382)
        at org.eclipse.jetty.util.thread.QueuedThreadPool$Runner.idleJobPoll(QueuedThreadPool.java:974)
        at org.eclipse.jetty.util.thread.QueuedThreadPool$Runner.run(QueuedThreadPool.java:1018)
        at java.lang.Thread.run(Thread.java:750)
"BlockDeletingService#2" daemon prio=5 tid=1355 in Object.wait()
java.lang.Thread.State: WAITING (on object monitor)
        at sun.misc.Unsafe.park(Native Method)
        at java.util.concurrent.locks.LockSupport.park(LockSupport.java:175)
        at java.util.concurrent.locks.AbstractQueuedSynchronizer$ConditionObject.await(AbstractQueuedSynchronizer.java:2039)
        at java.util.concurrent.ScheduledThreadPoolExecutor$DelayedWorkQueue.take(ScheduledThreadPoolExecutor.java:1088)
        at java.util.concurrent.ScheduledThreadPoolExecutor$DelayedWorkQueue.take(ScheduledThreadPoolExecutor.java:809)
        at java.util.concurrent.ThreadPoolExecutor.getTask(ThreadPoolExecutor.java:1074)
        at java.util.concurrent.ThreadPoolExecutor.runWorker(ThreadPoolExecutor.java:1134)
        at java.util.concurrent.ThreadPoolExecutor$Worker.run(ThreadPoolExecutor.java:624)
        at java.lang.Thread.run(Thread.java:750)
"ChunkReader-ELG-0" daemon prio=5 tid=1163 runnable
java.lang.Thread.State: RUNNABLE
        at org.apache.ratis.thirdparty.io.netty.channel.epoll.Native.epollWait0(Native Method)
        at org.apache.ratis.thirdparty.io.netty.channel.epoll.Native.epollWait(Native.java:182)
        at org.apache.ratis.thirdparty.io.netty.channel.epoll.EpollEventLoop.epollWait(EpollEventLoop.java:302)
        at org.apache.ratis.thirdparty.io.netty.channel.epoll.EpollEventLoop.run(EpollEventLoop.java:366)
        at org.apache.ratis.thirdparty.io.netty.util.concurrent.SingleThreadEventExecutor$4.run(SingleThreadEventExecutor.java:997)
        at org.apache.ratis.thirdparty.io.netty.util.internal.ThreadExecutorMap$2.run(ThreadExecutorMap.java:74)
        at java.lang.Thread.run(Thread.java:750)
"fac1c7af-03c1-44bd-b323-3796df9c2435-server-thread2" daemon prio=5 tid=1239 timed_waiting
java.lang.Thread.State: TIMED_WAITING
        at sun.misc.Unsafe.park(Native Method)
        at java.util.concurrent.locks.LockSupport.parkNanos(LockSupport.java:215)
        at java.util.concurrent.SynchronousQueue$TransferStack.awaitFulfill(SynchronousQueue.java:460)
        at java.util.concurrent.SynchronousQueue$TransferStack.transfer(SynchronousQueue.java:362)
        at java.util.concurrent.SynchronousQueue.poll(SynchronousQueue.java:941)
        at java.util.concurrent.ThreadPoolExecutor.getTask(ThreadPoolExecutor.java:1073)
        at java.util.concurrent.ThreadPoolExecutor.runWorker(ThreadPoolExecutor.java:1134)
        at java.util.concurrent.ThreadPoolExecutor$Worker.run(ThreadPoolExecutor.java:624)
        at java.lang.Thread.run(Thread.java:750)
"IPC Server handler 0 on default port 15019" daemon prio=5 tid=242 timed_waiting
java.lang.Thread.State: TIMED_WAITING
        at sun.misc.Unsafe.park(Native Method)
        at java.util.concurrent.locks.LockSupport.parkNanos(LockSupport.java:215)
        at java.util.concurrent.locks.AbstractQueuedSynchronizer$ConditionObject.awaitNanos(AbstractQueuedSynchronizer.java:2078)
        at java.util.concurrent.LinkedBlockingQueue.poll(LinkedBlockingQueue.java:467)
        at org.apache.hadoop.ipc.CallQueueManager.take(CallQueueManager.java:317)
        at org.apache.hadoop.ipc.Server$Handler.run(Server.java:2992)
"d7192325-13fb-433e-b8d5-f6359b644c8f@group-CD60DE991625->d78dd883-3e4c-45aa-98b2-e8ffdf2e22af-GrpcLogAppender-LogAppenderDaemon" daemon prio=5 tid=1234 timed_waiting
java.lang.Thread.State: TIMED_WAITING
        at sun.misc.Unsafe.park(Native Method)
        at java.util.concurrent.locks.LockSupport.parkNanos(LockSupport.java:215)
        at java.util.concurrent.locks.AbstractQueuedSynchronizer$ConditionObject.await(AbstractQueuedSynchronizer.java:2163)
        at org.apache.ratis.util.AwaitForSignal.await(AwaitForSignal.java:62)
        at org.apache.ratis.grpc.server.GrpcLogAppender.mayWait(GrpcLogAppender.java:197)
        at org.apache.ratis.grpc.server.GrpcLogAppender.run(GrpcLogAppender.java:148)
        at org.apache.ratis.server.leader.LogAppenderDaemon.run(LogAppenderDaemon.java:78)
        at org.apache.ratis.server.leader.LogAppenderDaemon$$Lambda$1179/1869148481.run(Unknown Source)
        at java.lang.Thread.run(Thread.java:750)
"ChunkWriter-2-0" daemon prio=5 tid=600 in Object.wait()
java.lang.Thread.State: WAITING (on object monitor)
        at sun.misc.Unsafe.park(Native Method)
        at java.util.concurrent.locks.LockSupport.park(LockSupport.java:175)
        at java.util.concurrent.locks.AbstractQueuedSynchronizer$ConditionObject.await(AbstractQueuedSynchronizer.java:2039)
        at java.util.concurrent.LinkedBlockingDeque.takeFirst(LinkedBlockingDeque.java:492)
        at java.util.concurrent.LinkedBlockingDeque.take(LinkedBlockingDeque.java:680)
        at java.util.concurrent.ThreadPoolExecutor.getTask(ThreadPoolExecutor.java:1074)
        at java.util.concurrent.ThreadPoolExecutor.runWorker(ThreadPoolExecutor.java:1134)
        at java.util.concurrent.ThreadPoolExecutor$Worker.run(ThreadPoolExecutor.java:624)
        at java.lang.Thread.run(Thread.java:750)
"FixedThreadPoolWithAffinityExecutor-2-0" daemon prio=5 tid=40 timed_waiting
java.lang.Thread.State: TIMED_WAITING
        at sun.misc.Unsafe.park(Native Method)
        at java.util.concurrent.locks.LockSupport.parkNanos(LockSupport.java:215)
        at java.util.concurrent.locks.AbstractQueuedSynchronizer$ConditionObject.awaitNanos(AbstractQueuedSynchronizer.java:2078)
        at java.util.concurrent.LinkedBlockingQueue.poll(LinkedBlockingQueue.java:467)
        at org.apache.hadoop.hdds.scm.server.ContainerReportQueue.poll(ContainerReportQueue.java:266)
        at org.apache.hadoop.hdds.scm.server.ContainerReportQueue.poll(ContainerReportQueue.java:42)
        at org.apache.hadoop.hdds.server.events.FixedThreadPoolWithAffinityExecutor$ContainerReportProcessTask.run(FixedThreadPoolWithAffinityExecutor.java:247)
        at java.util.concurrent.Executors$RunnableAdapter.call(Executors.java:511)
        at java.util.concurrent.FutureTask.run(FutureTask.java:266)
        at java.util.concurrent.ThreadPoolExecutor.runWorker(ThreadPoolExecutor.java:1149)
        at java.util.concurrent.ThreadPoolExecutor$Worker.run(ThreadPoolExecutor.java:624)
        at java.lang.Thread.run(Thread.java:750)
"StaleRecoveringContainerScrubbingService#6" daemon prio=5 tid=1286 in Object.wait()
java.lang.Thread.State: WAITING (on object monitor)
        at sun.misc.Unsafe.park(Native Method)
        at java.util.concurrent.locks.LockSupport.park(LockSupport.java:175)
        at java.util.concurrent.locks.AbstractQueuedSynchronizer$ConditionObject.await(AbstractQueuedSynchronizer.java:2039)
        at java.util.concurrent.ScheduledThreadPoolExecutor$DelayedWorkQueue.take(ScheduledThreadPoolExecutor.java:1088)
        at java.util.concurrent.ScheduledThreadPoolExecutor$DelayedWorkQueue.take(ScheduledThreadPoolExecutor.java:809)
        at java.util.concurrent.ThreadPoolExecutor.getTask(ThreadPoolExecutor.java:1074)
        at java.util.concurrent.ThreadPoolExecutor.runWorker(ThreadPoolExecutor.java:1134)
        at java.util.concurrent.ThreadPoolExecutor$Worker.run(ThreadPoolExecutor.java:624)
        at java.lang.Thread.run(Thread.java:750)
"qtp246025507-398" daemon prio=5 tid=398 timed_waiting
java.lang.Thread.State: TIMED_WAITING
        at sun.misc.Unsafe.park(Native Method)
        at java.util.concurrent.locks.LockSupport.parkNanos(LockSupport.java:215)
        at java.util.concurrent.locks.AbstractQueuedSynchronizer$ConditionObject.awaitNanos(AbstractQueuedSynchronizer.java:2078)
        at org.eclipse.jetty.util.BlockingArrayQueue.poll(BlockingArrayQueue.java:382)
        at org.eclipse.jetty.util.thread.QueuedThreadPool$Runner.idleJobPoll(QueuedThreadPool.java:974)
        at org.eclipse.jetty.util.thread.QueuedThreadPool$Runner.run(QueuedThreadPool.java:1018)
        at java.lang.Thread.run(Thread.java:750)
"qtp926797213-264" daemon prio=5 tid=264 timed_waiting
java.lang.Thread.State: TIMED_WAITING
        at sun.misc.Unsafe.park(Native Method)
        at java.util.concurrent.locks.LockSupport.parkNanos(LockSupport.java:215)
        at java.util.concurrent.locks.AbstractQueuedSynchronizer$ConditionObject.awaitNanos(AbstractQueuedSynchronizer.java:2078)
        at org.eclipse.jetty.util.BlockingArrayQueue.poll(BlockingArrayQueue.java:382)
        at org.eclipse.jetty.util.thread.QueuedThreadPool$Runner.idleJobPoll(QueuedThreadPool.java:974)
        at org.eclipse.jetty.util.thread.QueuedThreadPool$Runner.run(QueuedThreadPool.java:1018)
        at java.lang.Thread.run(Thread.java:750)
"d7192325-13fb-433e-b8d5-f6359b644c8f-groupManagement"  prio=5 tid=812 in Object.wait()
java.lang.Thread.State: WAITING (on object monitor)
        at sun.misc.Unsafe.park(Native Method)
        at java.util.concurrent.locks.LockSupport.park(LockSupport.java:175)
        at java.util.concurrent.locks.AbstractQueuedSynchronizer$ConditionObject.await(AbstractQueuedSynchronizer.java:2039)
        at java.util.concurrent.LinkedBlockingQueue.take(LinkedBlockingQueue.java:442)
        at java.util.concurrent.ThreadPoolExecutor.getTask(ThreadPoolExecutor.java:1074)
        at java.util.concurrent.ThreadPoolExecutor.runWorker(ThreadPoolExecutor.java:1134)
        at java.util.concurrent.ThreadPoolExecutor$Worker.run(ThreadPoolExecutor.java:624)
        at java.lang.Thread.run(Thread.java:750)
"FixedThreadPoolWithAffinityExecutor-6-0" daemon prio=5 tid=44 timed_waiting
java.lang.Thread.State: TIMED_WAITING
        at sun.misc.Unsafe.park(Native Method)
        at java.util.concurrent.locks.LockSupport.parkNanos(LockSupport.java:215)
        at java.util.concurrent.locks.AbstractQueuedSynchronizer$ConditionObject.awaitNanos(AbstractQueuedSynchronizer.java:2078)
        at java.util.concurrent.LinkedBlockingQueue.poll(LinkedBlockingQueue.java:467)
        at org.apache.hadoop.hdds.scm.server.ContainerReportQueue.poll(ContainerReportQueue.java:266)
        at org.apache.hadoop.hdds.scm.server.ContainerReportQueue.poll(ContainerReportQueue.java:42)
        at org.apache.hadoop.hdds.server.events.FixedThreadPoolWithAffinityExecutor$ContainerReportProcessTask.run(FixedThreadPoolWithAffinityExecutor.java:247)
        at java.util.concurrent.Executors$RunnableAdapter.call(Executors.java:511)
        at java.util.concurrent.FutureTask.run(FutureTask.java:266)
        at java.util.concurrent.ThreadPoolExecutor.runWorker(ThreadPoolExecutor.java:1149)
        at java.util.concurrent.ThreadPoolExecutor$Worker.run(ThreadPoolExecutor.java:624)
        at java.lang.Thread.run(Thread.java:750)
"IPC Server listener on 15073" daemon prio=5 tid=461 runnable
java.lang.Thread.State: RUNNABLE
        at sun.nio.ch.EPollArrayWrapper.epollWait(Native Method)
        at sun.nio.ch.EPollArrayWrapper.poll(EPollArrayWrapper.java:269)
        at sun.nio.ch.EPollSelectorImpl.doSelect(EPollSelectorImpl.java:93)
        at sun.nio.ch.SelectorImpl.lockAndDoSelect(SelectorImpl.java:86)
        at sun.nio.ch.SelectorImpl.select(SelectorImpl.java:97)
        at sun.nio.ch.SelectorImpl.select(SelectorImpl.java:101)
        at org.apache.hadoop.ipc.Server$Listener.run(Server.java:1404)
"JvmPauseMonitor10" daemon prio=5 tid=639 timed_waiting
java.lang.Thread.State: TIMED_WAITING
        at java.lang.Thread.sleep(Native Method)
        at java.lang.Thread.sleep(Thread.java:342)
        at java.util.concurrent.TimeUnit.sleep(TimeUnit.java:386)
        at org.apache.ratis.util.TimeDuration.sleep(TimeDuration.java:325)
        at org.apache.ratis.util.TimeDuration.sleep(TimeDuration.java:310)
        at org.apache.ratis.util.JvmPauseMonitor.detectPause(JvmPauseMonitor.java:117)
        at org.apache.ratis.util.JvmPauseMonitor.run(JvmPauseMonitor.java:106)
        at org.apache.ratis.util.JvmPauseMonitor$$Lambda$790/700239275.run(Unknown Source)
        at java.lang.Thread.run(Thread.java:750)
"ChunkWriter-3-0" daemon prio=5 tid=583 in Object.wait()
java.lang.Thread.State: WAITING (on object monitor)
        at sun.misc.Unsafe.park(Native Method)
        at java.util.concurrent.locks.LockSupport.park(LockSupport.java:175)
        at java.util.concurrent.locks.AbstractQueuedSynchronizer$ConditionObject.await(AbstractQueuedSynchronizer.java:2039)
        at java.util.concurrent.LinkedBlockingDeque.takeFirst(LinkedBlockingDeque.java:492)
        at java.util.concurrent.LinkedBlockingDeque.take(LinkedBlockingDeque.java:680)
        at java.util.concurrent.ThreadPoolExecutor.getTask(ThreadPoolExecutor.java:1074)
        at java.util.concurrent.ThreadPoolExecutor.runWorker(ThreadPoolExecutor.java:1134)
        at java.util.concurrent.ThreadPoolExecutor$Worker.run(ThreadPoolExecutor.java:624)
        at java.lang.Thread.run(Thread.java:750)
"ChunkWriter-2-0" daemon prio=5 tid=637 in Object.wait()
java.lang.Thread.State: WAITING (on object monitor)
        at sun.misc.Unsafe.park(Native Method)
        at java.util.concurrent.locks.LockSupport.park(LockSupport.java:175)
        at java.util.concurrent.locks.AbstractQueuedSynchronizer$ConditionObject.await(AbstractQueuedSynchronizer.java:2039)
        at java.util.concurrent.LinkedBlockingDeque.takeFirst(LinkedBlockingDeque.java:492)
        at java.util.concurrent.LinkedBlockingDeque.take(LinkedBlockingDeque.java:680)
        at java.util.concurrent.ThreadPoolExecutor.getTask(ThreadPoolExecutor.java:1074)
        at java.util.concurrent.ThreadPoolExecutor.runWorker(ThreadPoolExecutor.java:1134)
        at java.util.concurrent.ThreadPoolExecutor$Worker.run(ThreadPoolExecutor.java:624)
        at java.lang.Thread.run(Thread.java:750)
"org.apache.hadoop.ozone.container.common.statemachine.commandhandler.DeleteBlocksCommandHandler$DeleteCmdWorker@79ef14dc" daemon prio=5 tid=1114 timed_waiting
java.lang.Thread.State: TIMED_WAITING
        at java.lang.Thread.sleep(Native Method)
        at org.apache.hadoop.ozone.container.common.statemachine.commandhandler.DeleteBlocksCommandHandler$DeleteCmdWorker.run(DeleteBlocksCommandHandler.java:187)
        at java.lang.Thread.run(Thread.java:750)
"StaleRecoveringContainerScrubbingService#8" daemon prio=5 tid=1378 in Object.wait()
java.lang.Thread.State: WAITING (on object monitor)
        at sun.misc.Unsafe.park(Native Method)
        at java.util.concurrent.locks.LockSupport.park(LockSupport.java:175)
        at java.util.concurrent.locks.AbstractQueuedSynchronizer$ConditionObject.await(AbstractQueuedSynchronizer.java:2039)
        at java.util.concurrent.ScheduledThreadPoolExecutor$DelayedWorkQueue.take(ScheduledThreadPoolExecutor.java:1088)
        at java.util.concurrent.ScheduledThreadPoolExecutor$DelayedWorkQueue.take(ScheduledThreadPoolExecutor.java:809)
        at java.util.concurrent.ThreadPoolExecutor.getTask(ThreadPoolExecutor.java:1074)
        at java.util.concurrent.ThreadPoolExecutor.runWorker(ThreadPoolExecutor.java:1134)
        at java.util.concurrent.ThreadPoolExecutor$Worker.run(ThreadPoolExecutor.java:624)
        at java.lang.Thread.run(Thread.java:750)
"ChunkReader-2" daemon prio=5 tid=1282 in Object.wait()
java.lang.Thread.State: WAITING (on object monitor)
        at sun.misc.Unsafe.park(Native Method)
        at java.util.concurrent.locks.LockSupport.park(LockSupport.java:175)
        at java.util.concurrent.locks.AbstractQueuedSynchronizer$ConditionObject.await(AbstractQueuedSynchronizer.java:2039)
        at java.util.concurrent.LinkedBlockingQueue.take(LinkedBlockingQueue.java:442)
        at java.util.concurrent.ThreadPoolExecutor.getTask(ThreadPoolExecutor.java:1074)
        at java.util.concurrent.ThreadPoolExecutor.runWorker(ThreadPoolExecutor.java:1134)
        at java.util.concurrent.ThreadPoolExecutor$Worker.run(ThreadPoolExecutor.java:624)
        at java.lang.Thread.run(Thread.java:750)
"Datanode ReportManager Thread - 4" daemon prio=5 tid=248 in Object.wait()
java.lang.Thread.State: WAITING (on object monitor)
        at sun.misc.Unsafe.park(Native Method)
        at java.util.concurrent.locks.LockSupport.park(LockSupport.java:175)
        at java.util.concurrent.locks.AbstractQueuedSynchronizer$ConditionObject.await(AbstractQueuedSynchronizer.java:2039)
        at java.util.concurrent.ScheduledThreadPoolExecutor$DelayedWorkQueue.take(ScheduledThreadPoolExecutor.java:1088)
        at java.util.concurrent.ScheduledThreadPoolExecutor$DelayedWorkQueue.take(ScheduledThreadPoolExecutor.java:809)
        at java.util.concurrent.ThreadPoolExecutor.getTask(ThreadPoolExecutor.java:1074)
        at java.util.concurrent.ThreadPoolExecutor.runWorker(ThreadPoolExecutor.java:1134)
        at java.util.concurrent.ThreadPoolExecutor$Worker.run(ThreadPoolExecutor.java:624)
        at java.lang.Thread.run(Thread.java:750)
"StaleRecoveringContainerScrubbingService#3" daemon prio=5 tid=1071 in Object.wait()
java.lang.Thread.State: WAITING (on object monitor)
        at sun.misc.Unsafe.park(Native Method)
        at java.util.concurrent.locks.LockSupport.park(LockSupport.java:175)
        at java.util.concurrent.locks.AbstractQueuedSynchronizer$ConditionObject.await(AbstractQueuedSynchronizer.java:2039)
        at java.util.concurrent.ScheduledThreadPoolExecutor$DelayedWorkQueue.take(ScheduledThreadPoolExecutor.java:1088)
        at java.util.concurrent.ScheduledThreadPoolExecutor$DelayedWorkQueue.take(ScheduledThreadPoolExecutor.java:809)
        at java.util.concurrent.ThreadPoolExecutor.getTask(ThreadPoolExecutor.java:1074)
        at java.util.concurrent.ThreadPoolExecutor.runWorker(ThreadPoolExecutor.java:1134)
        at java.util.concurrent.ThreadPoolExecutor$Worker.run(ThreadPoolExecutor.java:624)
        at java.lang.Thread.run(Thread.java:750)
"Session-HouseKeeper-59fbfc5d-1"  prio=5 tid=161 timed_waiting
java.lang.Thread.State: TIMED_WAITING
        at sun.misc.Unsafe.park(Native Method)
        at java.util.concurrent.locks.LockSupport.parkNanos(LockSupport.java:215)
        at java.util.concurrent.locks.AbstractQueuedSynchronizer$ConditionObject.awaitNanos(AbstractQueuedSynchronizer.java:2078)
        at java.util.concurrent.ScheduledThreadPoolExecutor$DelayedWorkQueue.take(ScheduledThreadPoolExecutor.java:1093)
        at java.util.concurrent.ScheduledThreadPoolExecutor$DelayedWorkQueue.take(ScheduledThreadPoolExecutor.java:809)
        at java.util.concurrent.ThreadPoolExecutor.getTask(ThreadPoolExecutor.java:1074)
        at java.util.concurrent.ThreadPoolExecutor.runWorker(ThreadPoolExecutor.java:1134)
        at java.util.concurrent.ThreadPoolExecutor$Worker.run(ThreadPoolExecutor.java:624)
        at java.lang.Thread.run(Thread.java:750)
"qtp246025507-400" daemon prio=5 tid=400 timed_waiting
java.lang.Thread.State: TIMED_WAITING
        at sun.misc.Unsafe.park(Native Method)
        at java.util.concurrent.locks.LockSupport.parkNanos(LockSupport.java:215)
        at java.util.concurrent.locks.AbstractQueuedSynchronizer$ConditionObject.awaitNanos(AbstractQueuedSynchronizer.java:2078)
        at org.eclipse.jetty.util.BlockingArrayQueue.poll(BlockingArrayQueue.java:382)
        at org.eclipse.jetty.util.thread.QueuedThreadPool$Runner.idleJobPoll(QueuedThreadPool.java:974)
        at org.eclipse.jetty.util.thread.QueuedThreadPool$Runner.run(QueuedThreadPool.java:1018)
        at java.lang.Thread.run(Thread.java:750)
"qtp1533380014-160" daemon prio=5 tid=160 timed_waiting
java.lang.Thread.State: TIMED_WAITING
        at sun.misc.Unsafe.park(Native Method)
        at java.util.concurrent.locks.LockSupport.parkNanos(LockSupport.java:215)
        at java.util.concurrent.locks.AbstractQueuedSynchronizer$ConditionObject.awaitNanos(AbstractQueuedSynchronizer.java:2078)
        at org.eclipse.jetty.util.BlockingArrayQueue.poll(BlockingArrayQueue.java:382)
        at org.eclipse.jetty.util.thread.QueuedThreadPool$Runner.idleJobPoll(QueuedThreadPool.java:974)
        at org.eclipse.jetty.util.thread.QueuedThreadPool$Runner.run(QueuedThreadPool.java:1018)
        at java.lang.Thread.run(Thread.java:750)
"qtp941765836-442" daemon prio=5 tid=442 timed_waiting
java.lang.Thread.State: TIMED_WAITING
        at sun.misc.Unsafe.park(Native Method)
        at java.util.concurrent.locks.LockSupport.parkNanos(LockSupport.java:215)
        at java.util.concurrent.locks.AbstractQueuedSynchronizer$ConditionObject.awaitNanos(AbstractQueuedSynchronizer.java:2078)
        at org.eclipse.jetty.util.BlockingArrayQueue.poll(BlockingArrayQueue.java:382)
        at org.eclipse.jetty.util.thread.QueuedThreadPool$Runner.idleJobPoll(QueuedThreadPool.java:974)
        at org.eclipse.jetty.util.thread.QueuedThreadPool$Runner.run(QueuedThreadPool.java:1018)
        at java.lang.Thread.run(Thread.java:750)
"StaleRecoveringContainerScrubbingService#4" daemon prio=5 tid=1073 in Object.wait()
java.lang.Thread.State: WAITING (on object monitor)
        at sun.misc.Unsafe.park(Native Method)
        at java.util.concurrent.locks.LockSupport.park(LockSupport.java:175)
        at java.util.concurrent.locks.AbstractQueuedSynchronizer$ConditionObject.await(AbstractQueuedSynchronizer.java:2039)
        at java.util.concurrent.ScheduledThreadPoolExecutor$DelayedWorkQueue.take(ScheduledThreadPoolExecutor.java:1088)
        at java.util.concurrent.ScheduledThreadPoolExecutor$DelayedWorkQueue.take(ScheduledThreadPoolExecutor.java:809)
        at java.util.concurrent.ThreadPoolExecutor.getTask(ThreadPoolExecutor.java:1074)
        at java.util.concurrent.ThreadPoolExecutor.runWorker(ThreadPoolExecutor.java:1134)
        at java.util.concurrent.ThreadPoolExecutor$Worker.run(ThreadPoolExecutor.java:624)
        at java.lang.Thread.run(Thread.java:750)
"Datanode ReportManager Thread - 3" daemon prio=5 tid=247 timed_waiting
java.lang.Thread.State: TIMED_WAITING
        at sun.misc.Unsafe.park(Native Method)
        at java.util.concurrent.locks.LockSupport.parkNanos(LockSupport.java:215)
        at java.util.concurrent.locks.AbstractQueuedSynchronizer$ConditionObject.awaitNanos(AbstractQueuedSynchronizer.java:2078)
        at java.util.concurrent.ScheduledThreadPoolExecutor$DelayedWorkQueue.take(ScheduledThreadPoolExecutor.java:1093)
        at java.util.concurrent.ScheduledThreadPoolExecutor$DelayedWorkQueue.take(ScheduledThreadPoolExecutor.java:809)
        at java.util.concurrent.ThreadPoolExecutor.getTask(ThreadPoolExecutor.java:1074)
        at java.util.concurrent.ThreadPoolExecutor.runWorker(ThreadPoolExecutor.java:1134)
        at java.util.concurrent.ThreadPoolExecutor$Worker.run(ThreadPoolExecutor.java:624)
        at java.lang.Thread.run(Thread.java:750)
"Datanode ReportManager Thread - 1" daemon prio=5 tid=559 in Object.wait()
java.lang.Thread.State: WAITING (on object monitor)
        at sun.misc.Unsafe.park(Native Method)
        at java.util.concurrent.locks.LockSupport.park(LockSupport.java:175)
        at java.util.concurrent.locks.AbstractQueuedSynchronizer$ConditionObject.await(AbstractQueuedSynchronizer.java:2039)
        at java.util.concurrent.ScheduledThreadPoolExecutor$DelayedWorkQueue.take(ScheduledThreadPoolExecutor.java:1088)
        at java.util.concurrent.ScheduledThreadPoolExecutor$DelayedWorkQueue.take(ScheduledThreadPoolExecutor.java:809)
        at java.util.concurrent.ThreadPoolExecutor.getTask(ThreadPoolExecutor.java:1074)
        at java.util.concurrent.ThreadPoolExecutor.runWorker(ThreadPoolExecutor.java:1134)
        at java.util.concurrent.ThreadPoolExecutor$Worker.run(ThreadPoolExecutor.java:624)
        at java.lang.Thread.run(Thread.java:750)
"BlockDeletingService#2" daemon prio=5 tid=1347 in Object.wait()
java.lang.Thread.State: WAITING (on object monitor)
        at sun.misc.Unsafe.park(Native Method)
        at java.util.concurrent.locks.LockSupport.park(LockSupport.java:175)
        at java.util.concurrent.locks.AbstractQueuedSynchronizer$ConditionObject.await(AbstractQueuedSynchronizer.java:2039)
        at java.util.concurrent.ScheduledThreadPoolExecutor$DelayedWorkQueue.take(ScheduledThreadPoolExecutor.java:1088)
        at java.util.concurrent.ScheduledThreadPoolExecutor$DelayedWorkQueue.take(ScheduledThreadPoolExecutor.java:809)
        at java.util.concurrent.ThreadPoolExecutor.getTask(ThreadPoolExecutor.java:1074)
        at java.util.concurrent.ThreadPoolExecutor.runWorker(ThreadPoolExecutor.java:1134)
        at java.util.concurrent.ThreadPoolExecutor$Worker.run(ThreadPoolExecutor.java:624)
        at java.lang.Thread.run(Thread.java:750)
"Datanode State Machine Task Thread - 0"  prio=5 tid=475 in Object.wait()
java.lang.Thread.State: WAITING (on object monitor)
        at sun.misc.Unsafe.park(Native Method)
        at java.util.concurrent.locks.LockSupport.park(LockSupport.java:175)
        at java.util.concurrent.locks.AbstractQueuedSynchronizer$ConditionObject.await(AbstractQueuedSynchronizer.java:2039)
        at java.util.concurrent.LinkedBlockingQueue.take(LinkedBlockingQueue.java:442)
        at java.util.concurrent.ThreadPoolExecutor.getTask(ThreadPoolExecutor.java:1074)
        at java.util.concurrent.ThreadPoolExecutor.runWorker(ThreadPoolExecutor.java:1134)
        at java.util.concurrent.ThreadPoolExecutor$Worker.run(ThreadPoolExecutor.java:624)
        at java.lang.Thread.run(Thread.java:750)
"IPC Server listener on 15010" daemon prio=5 tid=1125 runnable
java.lang.Thread.State: RUNNABLE
        at sun.nio.ch.EPollArrayWrapper.epollWait(Native Method)
        at sun.nio.ch.EPollArrayWrapper.poll(EPollArrayWrapper.java:269)
        at sun.nio.ch.EPollSelectorImpl.doSelect(EPollSelectorImpl.java:93)
        at sun.nio.ch.SelectorImpl.lockAndDoSelect(SelectorImpl.java:86)
        at sun.nio.ch.SelectorImpl.select(SelectorImpl.java:97)
        at sun.nio.ch.SelectorImpl.select(SelectorImpl.java:101)
        at org.apache.hadoop.ipc.Server$Listener.run(Server.java:1404)
"pool-207-thread-1"  prio=5 tid=359 timed_waiting
java.lang.Thread.State: TIMED_WAITING
        at sun.misc.Unsafe.park(Native Method)
        at java.util.concurrent.locks.LockSupport.parkNanos(LockSupport.java:215)
        at java.util.concurrent.locks.AbstractQueuedSynchronizer$ConditionObject.awaitNanos(AbstractQueuedSynchronizer.java:2078)
        at java.util.concurrent.ScheduledThreadPoolExecutor$DelayedWorkQueue.take(ScheduledThreadPoolExecutor.java:1093)
        at java.util.concurrent.ScheduledThreadPoolExecutor$DelayedWorkQueue.take(ScheduledThreadPoolExecutor.java:809)
        at java.util.concurrent.ThreadPoolExecutor.getTask(ThreadPoolExecutor.java:1074)
        at java.util.concurrent.ThreadPoolExecutor.runWorker(ThreadPoolExecutor.java:1134)
        at java.util.concurrent.ThreadPoolExecutor$Worker.run(ThreadPoolExecutor.java:624)
        at java.lang.Thread.run(Thread.java:750)
"EndpointStateMachine task thread for /0.0.0.0:15002 - 0 "  prio=5 tid=579 in Object.wait()
java.lang.Thread.State: WAITING (on object monitor)
        at sun.misc.Unsafe.park(Native Method)
        at java.util.concurrent.locks.LockSupport.park(LockSupport.java:175)
        at java.util.concurrent.locks.AbstractQueuedSynchronizer$ConditionObject.await(AbstractQueuedSynchronizer.java:2039)
        at java.util.concurrent.LinkedBlockingQueue.take(LinkedBlockingQueue.java:442)
        at java.util.concurrent.ThreadPoolExecutor.getTask(ThreadPoolExecutor.java:1074)
        at java.util.concurrent.ThreadPoolExecutor.runWorker(ThreadPoolExecutor.java:1134)
        at java.util.concurrent.ThreadPoolExecutor$Worker.run(ThreadPoolExecutor.java:624)
        at java.lang.Thread.run(Thread.java:750)
"IPC Server handler 17 on default port 15000" daemon prio=5 tid=66 timed_waiting
java.lang.Thread.State: TIMED_WAITING
        at sun.misc.Unsafe.park(Native Method)
        at java.util.concurrent.locks.LockSupport.parkNanos(LockSupport.java:215)
        at java.util.concurrent.locks.AbstractQueuedSynchronizer$ConditionObject.awaitNanos(AbstractQueuedSynchronizer.java:2078)
        at java.util.concurrent.LinkedBlockingQueue.poll(LinkedBlockingQueue.java:467)
        at org.apache.hadoop.ipc.CallQueueManager.take(CallQueueManager.java:317)
        at org.apache.hadoop.ipc.Server$Handler.run(Server.java:2992)
"PipelineCommandHandlerThread-0"  prio=5 tid=761 in Object.wait()
java.lang.Thread.State: WAITING (on object monitor)
        at sun.misc.Unsafe.park(Native Method)
        at java.util.concurrent.locks.LockSupport.park(LockSupport.java:175)
        at java.util.concurrent.locks.AbstractQueuedSynchronizer$ConditionObject.await(AbstractQueuedSynchronizer.java:2039)
        at java.util.concurrent.LinkedBlockingQueue.take(LinkedBlockingQueue.java:442)
        at java.util.concurrent.ThreadPoolExecutor.getTask(ThreadPoolExecutor.java:1074)
        at java.util.concurrent.ThreadPoolExecutor.runWorker(ThreadPoolExecutor.java:1134)
        at java.util.concurrent.ThreadPoolExecutor$Worker.run(ThreadPoolExecutor.java:624)
        at java.lang.Thread.run(Thread.java:750)
"ChunkWriter-3-0" daemon prio=5 tid=1150 in Object.wait()
java.lang.Thread.State: WAITING (on object monitor)
        at sun.misc.Unsafe.park(Native Method)
        at java.util.concurrent.locks.LockSupport.park(LockSupport.java:175)
        at java.util.concurrent.locks.AbstractQueuedSynchronizer$ConditionObject.await(AbstractQueuedSynchronizer.java:2039)
        at java.util.concurrent.LinkedBlockingDeque.takeFirst(LinkedBlockingDeque.java:492)
        at java.util.concurrent.LinkedBlockingDeque.take(LinkedBlockingDeque.java:680)
        at java.util.concurrent.ThreadPoolExecutor.getTask(ThreadPoolExecutor.java:1074)
        at java.util.concurrent.ThreadPoolExecutor.runWorker(ThreadPoolExecutor.java:1134)
        at java.util.concurrent.ThreadPoolExecutor$Worker.run(ThreadPoolExecutor.java:624)
        at java.lang.Thread.run(Thread.java:750)
"Datanode State Machine Daemon Thread" daemon prio=5 tid=309 timed_waiting
java.lang.Thread.State: TIMED_WAITING
        at java.lang.Thread.sleep(Native Method)
        at org.apache.hadoop.ozone.container.common.statemachine.DatanodeStateMachine.startStateMachineThread(DatanodeStateMachine.java:351)
        at org.apache.hadoop.ozone.container.common.statemachine.DatanodeStateMachine.lambda$startDaemon$0(DatanodeStateMachine.java:538)
        at org.apache.hadoop.ozone.container.common.statemachine.DatanodeStateMachine$$Lambda$867/1464078834.run(Unknown Source)
        at java.lang.Thread.run(Thread.java:750)
"IPC Server handler 11 on default port 15001" daemon prio=5 tid=80 timed_waiting
java.lang.Thread.State: TIMED_WAITING
        at sun.misc.Unsafe.park(Native Method)
        at java.util.concurrent.locks.LockSupport.parkNanos(LockSupport.java:215)
        at java.util.concurrent.locks.AbstractQueuedSynchronizer$ConditionObject.awaitNanos(AbstractQueuedSynchronizer.java:2078)
        at java.util.concurrent.LinkedBlockingQueue.poll(LinkedBlockingQueue.java:467)
        at org.apache.hadoop.ipc.CallQueueManager.take(CallQueueManager.java:317)
        at org.apache.hadoop.ipc.Server$Handler.run(Server.java:2992)
"Socket Reader #1 for port 15037"  prio=5 tid=304 runnable
java.lang.Thread.State: RUNNABLE
        at sun.nio.ch.EPollArrayWrapper.epollWait(Native Method)
        at sun.nio.ch.EPollArrayWrapper.poll(EPollArrayWrapper.java:269)
        at sun.nio.ch.EPollSelectorImpl.doSelect(EPollSelectorImpl.java:93)
        at sun.nio.ch.SelectorImpl.lockAndDoSelect(SelectorImpl.java:86)
        at sun.nio.ch.SelectorImpl.select(SelectorImpl.java:97)
        at sun.nio.ch.SelectorImpl.select(SelectorImpl.java:101)
        at org.apache.hadoop.ipc.Server$Listener$Reader.doRunLoop(Server.java:1342)
        at org.apache.hadoop.ipc.Server$Listener$Reader.run(Server.java:1321)
"d7192325-13fb-433e-b8d5-f6359b644c8f@group-CD60DE991625-StateMachineUpdater" daemon prio=5 tid=1181 timed_waiting
java.lang.Thread.State: TIMED_WAITING
        at sun.misc.Unsafe.park(Native Method)
        at java.util.concurrent.locks.LockSupport.parkNanos(LockSupport.java:215)
        at java.util.concurrent.locks.AbstractQueuedSynchronizer$ConditionObject.await(AbstractQueuedSynchronizer.java:2163)
        at org.apache.ratis.util.AwaitForSignal.await(AwaitForSignal.java:62)
        at org.apache.ratis.server.impl.StateMachineUpdater.waitForCommit(StateMachineUpdater.java:209)
        at org.apache.ratis.server.impl.StateMachineUpdater.run(StateMachineUpdater.java:178)
        at java.lang.Thread.run(Thread.java:750)
"d78dd883-3e4c-45aa-98b2-e8ffdf2e22af@group-13C1C55693B9-StateMachineUpdater" daemon prio=5 tid=1208 timed_waiting
java.lang.Thread.State: TIMED_WAITING
        at sun.misc.Unsafe.park(Native Method)
        at java.util.concurrent.locks.LockSupport.parkNanos(LockSupport.java:215)
        at java.util.concurrent.locks.AbstractQueuedSynchronizer$ConditionObject.await(AbstractQueuedSynchronizer.java:2163)
        at org.apache.ratis.util.AwaitForSignal.await(AwaitForSignal.java:62)
        at org.apache.ratis.server.impl.StateMachineUpdater.waitForCommit(StateMachineUpdater.java:209)
        at org.apache.ratis.server.impl.StateMachineUpdater.run(StateMachineUpdater.java:178)
        at java.lang.Thread.run(Thread.java:750)
"RatisPipelineUtilsThread - 0"  prio=5 tid=15 timed_waiting
java.lang.Thread.State: TIMED_WAITING
        at java.lang.Object.wait(Native Method)
        at org.apache.hadoop.hdds.scm.pipeline.BackgroundPipelineCreator.run(BackgroundPipelineCreator.java:176)
        at org.apache.hadoop.hdds.scm.pipeline.BackgroundPipelineCreator$$Lambda$401/613100385.run(Unknown Source)
        at java.lang.Thread.run(Thread.java:750)
"9125f905-aa43-4d0f-845d-e6cfd4dab0cd-server-thread2" daemon prio=5 tid=974 timed_waiting
java.lang.Thread.State: TIMED_WAITING
        at sun.misc.Unsafe.park(Native Method)
        at java.util.concurrent.locks.LockSupport.parkNanos(LockSupport.java:215)
        at java.util.concurrent.SynchronousQueue$TransferStack.awaitFulfill(SynchronousQueue.java:460)
        at java.util.concurrent.SynchronousQueue$TransferStack.transfer(SynchronousQueue.java:362)
        at java.util.concurrent.SynchronousQueue.poll(SynchronousQueue.java:941)
        at java.util.concurrent.ThreadPoolExecutor.getTask(ThreadPoolExecutor.java:1073)
        at java.util.concurrent.ThreadPoolExecutor.runWorker(ThreadPoolExecutor.java:1134)
        at java.util.concurrent.ThreadPoolExecutor$Worker.run(ThreadPoolExecutor.java:624)
        at java.lang.Thread.run(Thread.java:750)
"IPC Server idle connection scanner for port 15055" daemon prio=5 tid=371 timed_waiting
java.lang.Thread.State: TIMED_WAITING
        at java.lang.Object.wait(Native Method)
        at java.util.TimerThread.mainLoop(Timer.java:552)
        at java.util.TimerThread.run(Timer.java:505)
"Socket Reader #1 for port 15064"  prio=5 tid=417 runnable
java.lang.Thread.State: RUNNABLE
        at sun.nio.ch.EPollArrayWrapper.epollWait(Native Method)
        at sun.nio.ch.EPollArrayWrapper.poll(EPollArrayWrapper.java:269)
        at sun.nio.ch.EPollSelectorImpl.doSelect(EPollSelectorImpl.java:93)
        at sun.nio.ch.SelectorImpl.lockAndDoSelect(SelectorImpl.java:86)
        at sun.nio.ch.SelectorImpl.select(SelectorImpl.java:97)
        at sun.nio.ch.SelectorImpl.select(SelectorImpl.java:101)
        at org.apache.hadoop.ipc.Server$Listener$Reader.doRunLoop(Server.java:1342)
        at org.apache.hadoop.ipc.Server$Listener$Reader.run(Server.java:1321)
"9125f905-aa43-4d0f-845d-e6cfd4dab0cd@group-83208DDAA812-SegmentedRaftLogWorker" daemon prio=5 tid=807 timed_waiting
java.lang.Thread.State: TIMED_WAITING
        at sun.misc.Unsafe.park(Native Method)
        at java.util.concurrent.locks.LockSupport.parkNanos(LockSupport.java:215)
        at java.util.concurrent.locks.AbstractQueuedSynchronizer$ConditionObject.awaitNanos(AbstractQueuedSynchronizer.java:2078)
        at org.apache.ratis.util.DataBlockingQueue.poll(DataBlockingQueue.java:148)
        at org.apache.ratis.server.raftlog.segmented.SegmentedRaftLogWorker.run(SegmentedRaftLogWorker.java:307)
        at org.apache.ratis.server.raftlog.segmented.SegmentedRaftLogWorker$$Lambda$764/731878032.run(Unknown Source)
        at java.util.concurrent.Executors$RunnableAdapter.call(Executors.java:511)
        at java.util.concurrent.FutureTask.run(FutureTask.java:266)
        at java.util.concurrent.ThreadPoolExecutor.runWorker(ThreadPoolExecutor.java:1149)
        at java.util.concurrent.ThreadPoolExecutor$Worker.run(ThreadPoolExecutor.java:624)
        at java.lang.Thread.run(Thread.java:750)
"qtp1562316023-299" daemon prio=5 tid=299 timed_waiting
java.lang.Thread.State: TIMED_WAITING
        at sun.misc.Unsafe.park(Native Method)
        at java.util.concurrent.locks.LockSupport.parkNanos(LockSupport.java:215)
        at java.util.concurrent.locks.AbstractQueuedSynchronizer$ConditionObject.awaitNanos(AbstractQueuedSynchronizer.java:2078)
        at org.eclipse.jetty.util.BlockingArrayQueue.poll(BlockingArrayQueue.java:382)
        at org.eclipse.jetty.util.thread.QueuedThreadPool$Runner.idleJobPoll(QueuedThreadPool.java:974)
        at org.eclipse.jetty.util.thread.QueuedThreadPool$Runner.run(QueuedThreadPool.java:1018)
        at java.lang.Thread.run(Thread.java:750)
"9125f905-aa43-4d0f-845d-e6cfd4dab0cd-server-thread2" daemon prio=5 tid=975 timed_waiting
java.lang.Thread.State: TIMED_WAITING
        at sun.misc.Unsafe.park(Native Method)
        at java.util.concurrent.locks.LockSupport.parkNanos(LockSupport.java:215)
        at java.util.concurrent.SynchronousQueue$TransferStack.awaitFulfill(SynchronousQueue.java:460)
        at java.util.concurrent.SynchronousQueue$TransferStack.transfer(SynchronousQueue.java:362)
        at java.util.concurrent.SynchronousQueue.poll(SynchronousQueue.java:941)
        at java.util.concurrent.ThreadPoolExecutor.getTask(ThreadPoolExecutor.java:1073)
        at java.util.concurrent.ThreadPoolExecutor.runWorker(ThreadPoolExecutor.java:1134)
        at java.util.concurrent.ThreadPoolExecutor$Worker.run(ThreadPoolExecutor.java:624)
        at java.lang.Thread.run(Thread.java:750)
"org.apache.hadoop.ozone.container.common.statemachine.commandhandler.DeleteBlocksCommandHandler$DeleteCmdWorker@1f5628d9" daemon prio=5 tid=358 timed_waiting
java.lang.Thread.State: TIMED_WAITING
        at java.lang.Thread.sleep(Native Method)
        at org.apache.hadoop.ozone.container.common.statemachine.commandhandler.DeleteBlocksCommandHandler$DeleteCmdWorker.run(DeleteBlocksCommandHandler.java:187)
        at java.lang.Thread.run(Thread.java:750)
"qtp1562316023-294" daemon prio=5 tid=294 runnable
java.lang.Thread.State: RUNNABLE
        at sun.nio.ch.EPollArrayWrapper.epollWait(Native Method)
        at sun.nio.ch.EPollArrayWrapper.poll(EPollArrayWrapper.java:269)
        at sun.nio.ch.EPollSelectorImpl.doSelect(EPollSelectorImpl.java:93)
        at sun.nio.ch.SelectorImpl.lockAndDoSelect(SelectorImpl.java:86)
        at sun.nio.ch.SelectorImpl.select(SelectorImpl.java:97)
        at sun.nio.ch.SelectorImpl.select(SelectorImpl.java:101)
        at org.eclipse.jetty.io.ManagedSelector.nioSelect(ManagedSelector.java:183)
        at org.eclipse.jetty.io.ManagedSelector.select(ManagedSelector.java:190)
        at org.eclipse.jetty.io.ManagedSelector$SelectorProducer.select(ManagedSelector.java:606)
        at org.eclipse.jetty.io.ManagedSelector$SelectorProducer.produce(ManagedSelector.java:543)
        at org.eclipse.jetty.util.thread.strategy.EatWhatYouKill.produceTask(EatWhatYouKill.java:362)
        at org.eclipse.jetty.util.thread.strategy.EatWhatYouKill.doProduce(EatWhatYouKill.java:186)
        at org.eclipse.jetty.util.thread.strategy.EatWhatYouKill.tryProduce(EatWhatYouKill.java:173)
        at org.eclipse.jetty.util.thread.strategy.EatWhatYouKill.produce(EatWhatYouKill.java:137)
        at org.eclipse.jetty.io.ManagedSelector$$Lambda$472/1519927178.run(Unknown Source)
        at org.eclipse.jetty.util.thread.QueuedThreadPool.runJob(QueuedThreadPool.java:883)
        at org.eclipse.jetty.util.thread.QueuedThreadPool$Runner.run(QueuedThreadPool.java:1034)
        at java.lang.Thread.run(Thread.java:750)
"ChunkReader-1" daemon prio=5 tid=1369 in Object.wait()
java.lang.Thread.State: WAITING (on object monitor)
        at sun.misc.Unsafe.park(Native Method)
        at java.util.concurrent.locks.LockSupport.park(LockSupport.java:175)
        at java.util.concurrent.locks.AbstractQueuedSynchronizer$ConditionObject.await(AbstractQueuedSynchronizer.java:2039)
        at java.util.concurrent.LinkedBlockingQueue.take(LinkedBlockingQueue.java:442)
        at java.util.concurrent.ThreadPoolExecutor.getTask(ThreadPoolExecutor.java:1074)
        at java.util.concurrent.ThreadPoolExecutor.runWorker(ThreadPoolExecutor.java:1134)
        at java.util.concurrent.ThreadPoolExecutor$Worker.run(ThreadPoolExecutor.java:624)
        at java.lang.Thread.run(Thread.java:750)
"qtp1851070396-535" daemon prio=5 tid=535 timed_waiting
java.lang.Thread.State: TIMED_WAITING
        at sun.misc.Unsafe.park(Native Method)
        at java.util.concurrent.locks.LockSupport.parkNanos(LockSupport.java:215)
        at java.util.concurrent.locks.AbstractQueuedSynchronizer$ConditionObject.awaitNanos(AbstractQueuedSynchronizer.java:2078)
        at org.eclipse.jetty.util.BlockingArrayQueue.poll(BlockingArrayQueue.java:382)
        at org.eclipse.jetty.util.thread.QueuedThreadPool$Runner.idleJobPoll(QueuedThreadPool.java:974)
        at org.eclipse.jetty.util.thread.QueuedThreadPool$Runner.run(QueuedThreadPool.java:1018)
        at java.lang.Thread.run(Thread.java:750)
"OMDoubleBufferFlushThread" daemon prio=5 tid=130 timed_waiting
java.lang.Thread.State: TIMED_WAITING
        at java.lang.Object.wait(Native Method)
        at org.apache.hadoop.ozone.om.ratis.OzoneManagerDoubleBuffer.canFlush(OzoneManagerDoubleBuffer.java:637)
        at org.apache.hadoop.ozone.om.ratis.OzoneManagerDoubleBuffer.flushTransactions(OzoneManagerDoubleBuffer.java:276)
        at org.apache.hadoop.ozone.om.ratis.OzoneManagerDoubleBuffer$$Lambda$577/969784398.run(Unknown Source)
        at java.lang.Thread.run(Thread.java:750)
"qtp1221097305-233" daemon prio=5 tid=233 timed_waiting
java.lang.Thread.State: TIMED_WAITING
        at sun.misc.Unsafe.park(Native Method)
        at java.util.concurrent.locks.LockSupport.parkNanos(LockSupport.java:215)
        at java.util.concurrent.locks.AbstractQueuedSynchronizer$ConditionObject.awaitNanos(AbstractQueuedSynchronizer.java:2078)
        at org.eclipse.jetty.util.BlockingArrayQueue.poll(BlockingArrayQueue.java:382)
        at org.eclipse.jetty.util.thread.QueuedThreadPool$Runner.idleJobPoll(QueuedThreadPool.java:974)
        at org.eclipse.jetty.util.thread.QueuedThreadPool$Runner.run(QueuedThreadPool.java:1018)
        at java.lang.Thread.run(Thread.java:750)
"IPC Server handler 18 on default port 15001" daemon prio=5 tid=87 timed_waiting
java.lang.Thread.State: TIMED_WAITING
        at sun.misc.Unsafe.park(Native Method)
        at java.util.concurrent.locks.LockSupport.parkNanos(LockSupport.java:215)
        at java.util.concurrent.locks.AbstractQueuedSynchronizer$ConditionObject.awaitNanos(AbstractQueuedSynchronizer.java:2078)
        at java.util.concurrent.LinkedBlockingQueue.poll(LinkedBlockingQueue.java:467)
        at org.apache.hadoop.ipc.CallQueueManager.take(CallQueueManager.java:317)
        at org.apache.hadoop.ipc.Server$Handler.run(Server.java:2992)
"d78dd883-3e4c-45aa-98b2-e8ffdf2e22af@group-457D9844C34C-SegmentedRaftLogWorker" daemon prio=5 tid=697 timed_waiting
java.lang.Thread.State: TIMED_WAITING
        at sun.misc.Unsafe.park(Native Method)
        at java.util.concurrent.locks.LockSupport.parkNanos(LockSupport.java:215)
        at java.util.concurrent.locks.AbstractQueuedSynchronizer$ConditionObject.awaitNanos(AbstractQueuedSynchronizer.java:2078)
        at org.apache.ratis.util.DataBlockingQueue.poll(DataBlockingQueue.java:148)
        at org.apache.ratis.server.raftlog.segmented.SegmentedRaftLogWorker.run(SegmentedRaftLogWorker.java:307)
        at org.apache.ratis.server.raftlog.segmented.SegmentedRaftLogWorker$$Lambda$764/731878032.run(Unknown Source)
        at java.util.concurrent.Executors$RunnableAdapter.call(Executors.java:511)
        at java.util.concurrent.FutureTask.run(FutureTask.java:266)
        at java.util.concurrent.ThreadPoolExecutor.runWorker(ThreadPoolExecutor.java:1149)
        at java.util.concurrent.ThreadPoolExecutor$Worker.run(ThreadPoolExecutor.java:624)
        at java.lang.Thread.run(Thread.java:750)
"surefire-forkedjvm-command-thread" daemon prio=5 tid=10 runnable
java.lang.Thread.State: RUNNABLE
        at java.io.FileInputStream.readBytes(Native Method)
        at java.io.FileInputStream.read(FileInputStream.java:255)
        at java.io.BufferedInputStream.read1(BufferedInputStream.java:284)
        at java.io.BufferedInputStream.read(BufferedInputStream.java:345)
        at java.io.BufferedInputStream.fill(BufferedInputStream.java:246)
        at java.io.BufferedInputStream.read1(BufferedInputStream.java:286)
        at java.io.BufferedInputStream.read(BufferedInputStream.java:345)
        at org.apache.maven.surefire.api.util.internal.Channels$3.readImpl(Channels.java:214)
        at org.apache.maven.surefire.api.util.internal.AbstractNoninterruptibleReadableChannel.read(AbstractNoninterruptibleReadableChannel.java:54)
        at org.apache.maven.surefire.booter.spi.LegacyMasterProcessChannelDecoder.decode(LegacyMasterProcessChannelDecoder.java:80)
        at org.apache.maven.surefire.booter.CommandReader$CommandRunnable.run(CommandReader.java:343)
        at java.lang.Thread.run(Thread.java:750)
"Socket Reader #1 for port 15019"  prio=5 tid=238 runnable
java.lang.Thread.State: RUNNABLE
        at sun.nio.ch.EPollArrayWrapper.epollWait(Native Method)
        at sun.nio.ch.EPollArrayWrapper.poll(EPollArrayWrapper.java:269)
        at sun.nio.ch.EPollSelectorImpl.doSelect(EPollSelectorImpl.java:93)
        at sun.nio.ch.SelectorImpl.lockAndDoSelect(SelectorImpl.java:86)
        at sun.nio.ch.SelectorImpl.select(SelectorImpl.java:97)
        at sun.nio.ch.SelectorImpl.select(SelectorImpl.java:101)
        at org.apache.hadoop.ipc.Server$Listener$Reader.doRunLoop(Server.java:1342)
        at org.apache.hadoop.ipc.Server$Listener$Reader.run(Server.java:1321)
"qtp1359989430-1122" daemon prio=5 tid=1122 timed_waiting
java.lang.Thread.State: TIMED_WAITING
        at sun.misc.Unsafe.park(Native Method)
        at java.util.concurrent.locks.LockSupport.parkNanos(LockSupport.java:215)
        at java.util.concurrent.locks.AbstractQueuedSynchronizer$ConditionObject.awaitNanos(AbstractQueuedSynchronizer.java:2078)
        at org.eclipse.jetty.util.BlockingArrayQueue.poll(BlockingArrayQueue.java:382)
        at org.eclipse.jetty.util.thread.QueuedThreadPool$Runner.idleJobPoll(QueuedThreadPool.java:974)
        at org.eclipse.jetty.util.thread.QueuedThreadPool$Runner.run(QueuedThreadPool.java:1018)
        at java.lang.Thread.run(Thread.java:750)
"StaleRecoveringContainerScrubbingService#0" daemon prio=5 tid=630 in Object.wait()
java.lang.Thread.State: WAITING (on object monitor)
        at sun.misc.Unsafe.park(Native Method)
        at java.util.concurrent.locks.LockSupport.park(LockSupport.java:175)
        at java.util.concurrent.locks.AbstractQueuedSynchronizer$ConditionObject.await(AbstractQueuedSynchronizer.java:2039)
        at java.util.concurrent.ScheduledThreadPoolExecutor$DelayedWorkQueue.take(ScheduledThreadPoolExecutor.java:1088)
        at java.util.concurrent.ScheduledThreadPoolExecutor$DelayedWorkQueue.take(ScheduledThreadPoolExecutor.java:809)
        at java.util.concurrent.ThreadPoolExecutor.getTask(ThreadPoolExecutor.java:1074)
        at java.util.concurrent.ThreadPoolExecutor.runWorker(ThreadPoolExecutor.java:1134)
        at java.util.concurrent.ThreadPoolExecutor$Worker.run(ThreadPoolExecutor.java:624)
        at java.lang.Thread.run(Thread.java:750)
"BlockDeletingService#0" daemon prio=5 tid=629 timed_waiting
java.lang.Thread.State: TIMED_WAITING
        at sun.misc.Unsafe.park(Native Method)
        at java.util.concurrent.locks.LockSupport.parkNanos(LockSupport.java:215)
        at java.util.concurrent.locks.AbstractQueuedSynchronizer$ConditionObject.awaitNanos(AbstractQueuedSynchronizer.java:2078)
        at java.util.concurrent.ScheduledThreadPoolExecutor$DelayedWorkQueue.take(ScheduledThreadPoolExecutor.java:1093)
        at java.util.concurrent.ScheduledThreadPoolExecutor$DelayedWorkQueue.take(ScheduledThreadPoolExecutor.java:809)
        at java.util.concurrent.ThreadPoolExecutor.getTask(ThreadPoolExecutor.java:1074)
        at java.util.concurrent.ThreadPoolExecutor.runWorker(ThreadPoolExecutor.java:1134)
        at java.util.concurrent.ThreadPoolExecutor$Worker.run(ThreadPoolExecutor.java:624)
        at java.lang.Thread.run(Thread.java:750)
"ChunkReader-3" daemon prio=5 tid=1005 in Object.wait()
java.lang.Thread.State: WAITING (on object monitor)
        at sun.misc.Unsafe.park(Native Method)
        at java.util.concurrent.locks.LockSupport.park(LockSupport.java:175)
        at java.util.concurrent.locks.AbstractQueuedSynchronizer$ConditionObject.await(AbstractQueuedSynchronizer.java:2039)
        at java.util.concurrent.LinkedBlockingQueue.take(LinkedBlockingQueue.java:442)
        at java.util.concurrent.ThreadPoolExecutor.getTask(ThreadPoolExecutor.java:1074)
        at java.util.concurrent.ThreadPoolExecutor.runWorker(ThreadPoolExecutor.java:1134)
        at java.util.concurrent.ThreadPoolExecutor$Worker.run(ThreadPoolExecutor.java:624)
        at java.lang.Thread.run(Thread.java:750)
"StaleRecoveringContainerScrubbingService#4" daemon prio=5 tid=1143 in Object.wait()
java.lang.Thread.State: WAITING (on object monitor)
        at sun.misc.Unsafe.park(Native Method)
        at java.util.concurrent.locks.LockSupport.park(LockSupport.java:175)
        at java.util.concurrent.locks.AbstractQueuedSynchronizer$ConditionObject.await(AbstractQueuedSynchronizer.java:2039)
        at java.util.concurrent.ScheduledThreadPoolExecutor$DelayedWorkQueue.take(ScheduledThreadPoolExecutor.java:1088)
        at java.util.concurrent.ScheduledThreadPoolExecutor$DelayedWorkQueue.take(ScheduledThreadPoolExecutor.java:809)
        at java.util.concurrent.ThreadPoolExecutor.getTask(ThreadPoolExecutor.java:1074)
        at java.util.concurrent.ThreadPoolExecutor.runWorker(ThreadPoolExecutor.java:1134)
        at java.util.concurrent.ThreadPoolExecutor$Worker.run(ThreadPoolExecutor.java:624)
        at java.lang.Thread.run(Thread.java:750)
"Signal Dispatcher" daemon prio=9 tid=4 runnable
java.lang.Thread.State: RUNNABLE
"BlockDeletingService#1" daemon prio=5 tid=643 in Object.wait()
java.lang.Thread.State: WAITING (on object monitor)
        at sun.misc.Unsafe.park(Native Method)
        at java.util.concurrent.locks.LockSupport.park(LockSupport.java:175)
        at java.util.concurrent.locks.AbstractQueuedSynchronizer$ConditionObject.await(AbstractQueuedSynchronizer.java:2039)
        at java.util.concurrent.ScheduledThreadPoolExecutor$DelayedWorkQueue.take(ScheduledThreadPoolExecutor.java:1088)
        at java.util.concurrent.ScheduledThreadPoolExecutor$DelayedWorkQueue.take(ScheduledThreadPoolExecutor.java:809)
        at java.util.concurrent.ThreadPoolExecutor.getTask(ThreadPoolExecutor.java:1074)
        at java.util.concurrent.ThreadPoolExecutor.runWorker(ThreadPoolExecutor.java:1134)
        at java.util.concurrent.ThreadPoolExecutor$Worker.run(ThreadPoolExecutor.java:624)
        at java.lang.Thread.run(Thread.java:750)
"StaleRecoveringContainerScrubbingService#0" daemon prio=5 tid=618 in Object.wait()
java.lang.Thread.State: WAITING (on object monitor)
        at sun.misc.Unsafe.park(Native Method)
        at java.util.concurrent.locks.LockSupport.park(LockSupport.java:175)
        at java.util.concurrent.locks.AbstractQueuedSynchronizer$ConditionObject.await(AbstractQueuedSynchronizer.java:2039)
        at java.util.concurrent.ScheduledThreadPoolExecutor$DelayedWorkQueue.take(ScheduledThreadPoolExecutor.java:1088)
        at java.util.concurrent.ScheduledThreadPoolExecutor$DelayedWorkQueue.take(ScheduledThreadPoolExecutor.java:809)
        at java.util.concurrent.ThreadPoolExecutor.getTask(ThreadPoolExecutor.java:1074)
        at java.util.concurrent.ThreadPoolExecutor.runWorker(ThreadPoolExecutor.java:1134)
        at java.util.concurrent.ThreadPoolExecutor$Worker.run(ThreadPoolExecutor.java:624)
        at java.lang.Thread.run(Thread.java:750)
"ChunkReader-4" daemon prio=5 tid=1367 in Object.wait()
java.lang.Thread.State: WAITING (on object monitor)
        at sun.misc.Unsafe.park(Native Method)
        at java.util.concurrent.locks.LockSupport.park(LockSupport.java:175)
        at java.util.concurrent.locks.AbstractQueuedSynchronizer$ConditionObject.await(AbstractQueuedSynchronizer.java:2039)
        at java.util.concurrent.LinkedBlockingQueue.take(LinkedBlockingQueue.java:442)
        at java.util.concurrent.ThreadPoolExecutor.getTask(ThreadPoolExecutor.java:1074)
        at java.util.concurrent.ThreadPoolExecutor.runWorker(ThreadPoolExecutor.java:1134)
        at java.util.concurrent.ThreadPoolExecutor$Worker.run(ThreadPoolExecutor.java:624)
        at java.lang.Thread.run(Thread.java:750)
"Datanode ReportManager Thread - 0" daemon prio=5 tid=277 timed_waiting
java.lang.Thread.State: TIMED_WAITING
        at sun.misc.Unsafe.park(Native Method)
        at java.util.concurrent.locks.LockSupport.parkNanos(LockSupport.java:215)
        at java.util.concurrent.locks.AbstractQueuedSynchronizer$ConditionObject.awaitNanos(AbstractQueuedSynchronizer.java:2078)
        at java.util.concurrent.ScheduledThreadPoolExecutor$DelayedWorkQueue.take(ScheduledThreadPoolExecutor.java:1093)
        at java.util.concurrent.ScheduledThreadPoolExecutor$DelayedWorkQueue.take(ScheduledThreadPoolExecutor.java:809)
        at java.util.concurrent.ThreadPoolExecutor.getTask(ThreadPoolExecutor.java:1074)
        at java.util.concurrent.ThreadPoolExecutor.runWorker(ThreadPoolExecutor.java:1134)
        at java.util.concurrent.ThreadPoolExecutor$Worker.run(ThreadPoolExecutor.java:624)
        at java.lang.Thread.run(Thread.java:750)
"qtp1221097305-231" daemon prio=5 tid=231 timed_waiting
java.lang.Thread.State: TIMED_WAITING
        at sun.misc.Unsafe.park(Native Method)
        at java.util.concurrent.locks.LockSupport.parkNanos(LockSupport.java:215)
        at java.util.concurrent.locks.AbstractQueuedSynchronizer$ConditionObject.awaitNanos(AbstractQueuedSynchronizer.java:2078)
        at org.eclipse.jetty.util.BlockingArrayQueue.poll(BlockingArrayQueue.java:382)
        at org.eclipse.jetty.util.thread.QueuedThreadPool$Runner.idleJobPoll(QueuedThreadPool.java:974)
        at org.eclipse.jetty.util.thread.QueuedThreadPool$Runner.run(QueuedThreadPool.java:1018)
        at java.lang.Thread.run(Thread.java:750)
"StaleRecoveringContainerScrubbingService#7" daemon prio=5 tid=1393 in Object.wait()
java.lang.Thread.State: WAITING (on object monitor)
        at sun.misc.Unsafe.park(Native Method)
        at java.util.concurrent.locks.LockSupport.park(LockSupport.java:175)
        at java.util.concurrent.locks.AbstractQueuedSynchronizer$ConditionObject.await(AbstractQueuedSynchronizer.java:2039)
        at java.util.concurrent.ScheduledThreadPoolExecutor$DelayedWorkQueue.take(ScheduledThreadPoolExecutor.java:1088)
        at java.util.concurrent.ScheduledThreadPoolExecutor$DelayedWorkQueue.take(ScheduledThreadPoolExecutor.java:809)
        at java.util.concurrent.ThreadPoolExecutor.getTask(ThreadPoolExecutor.java:1074)
        at java.util.concurrent.ThreadPoolExecutor.runWorker(ThreadPoolExecutor.java:1134)
        at java.util.concurrent.ThreadPoolExecutor$Worker.run(ThreadPoolExecutor.java:624)
        at java.lang.Thread.run(Thread.java:750)
"ChunkReader-2" daemon prio=5 tid=1007 in Object.wait()
java.lang.Thread.State: WAITING (on object monitor)
        at sun.misc.Unsafe.park(Native Method)
        at java.util.concurrent.locks.LockSupport.park(LockSupport.java:175)
        at java.util.concurrent.locks.AbstractQueuedSynchronizer$ConditionObject.await(AbstractQueuedSynchronizer.java:2039)
        at java.util.concurrent.LinkedBlockingQueue.take(LinkedBlockingQueue.java:442)
        at java.util.concurrent.ThreadPoolExecutor.getTask(ThreadPoolExecutor.java:1074)
        at java.util.concurrent.ThreadPoolExecutor.runWorker(ThreadPoolExecutor.java:1134)
        at java.util.concurrent.ThreadPoolExecutor$Worker.run(ThreadPoolExecutor.java:624)
        at java.lang.Thread.run(Thread.java:750)
"Datanode ReportManager Thread - 0" daemon prio=5 tid=468 in Object.wait()
java.lang.Thread.State: WAITING (on object monitor)
        at sun.misc.Unsafe.park(Native Method)
        at java.util.concurrent.locks.LockSupport.park(LockSupport.java:175)
        at java.util.concurrent.locks.AbstractQueuedSynchronizer$ConditionObject.await(AbstractQueuedSynchronizer.java:2039)
        at java.util.concurrent.ScheduledThreadPoolExecutor$DelayedWorkQueue.take(ScheduledThreadPoolExecutor.java:1088)
        at java.util.concurrent.ScheduledThreadPoolExecutor$DelayedWorkQueue.take(ScheduledThreadPoolExecutor.java:809)
        at java.util.concurrent.ThreadPoolExecutor.getTask(ThreadPoolExecutor.java:1074)
        at java.util.concurrent.ThreadPoolExecutor.runWorker(ThreadPoolExecutor.java:1134)
        at java.util.concurrent.ThreadPoolExecutor$Worker.run(ThreadPoolExecutor.java:624)
        at java.lang.Thread.run(Thread.java:750)
"StaleRecoveringContainerScrubbingService#3" daemon prio=5 tid=1064 in Object.wait()
java.lang.Thread.State: WAITING (on object monitor)
        at sun.misc.Unsafe.park(Native Method)
        at java.util.concurrent.locks.LockSupport.park(LockSupport.java:175)
        at java.util.concurrent.locks.AbstractQueuedSynchronizer$ConditionObject.await(AbstractQueuedSynchronizer.java:2039)
        at java.util.concurrent.ScheduledThreadPoolExecutor$DelayedWorkQueue.take(ScheduledThreadPoolExecutor.java:1088)
        at java.util.concurrent.ScheduledThreadPoolExecutor$DelayedWorkQueue.take(ScheduledThreadPoolExecutor.java:809)
        at java.util.concurrent.ThreadPoolExecutor.getTask(ThreadPoolExecutor.java:1074)
        at java.util.concurrent.ThreadPoolExecutor.runWorker(ThreadPoolExecutor.java:1134)
        at java.util.concurrent.ThreadPoolExecutor$Worker.run(ThreadPoolExecutor.java:624)
        at java.lang.Thread.run(Thread.java:750)
"IPC Server Responder" daemon prio=5 tid=240 runnable
java.lang.Thread.State: RUNNABLE
        at sun.nio.ch.EPollArrayWrapper.epollWait(Native Method)
        at sun.nio.ch.EPollArrayWrapper.poll(EPollArrayWrapper.java:269)
        at sun.nio.ch.EPollSelectorImpl.doSelect(EPollSelectorImpl.java:93)
        at sun.nio.ch.SelectorImpl.lockAndDoSelect(SelectorImpl.java:86)
        at sun.nio.ch.SelectorImpl.select(SelectorImpl.java:97)
        at org.apache.hadoop.ipc.Server$Responder.doRunLoop(Server.java:1578)
        at org.apache.hadoop.ipc.Server$Responder.run(Server.java:1561)
"IPC Server idle connection scanner for port 15019" daemon prio=5 tid=239 timed_waiting
java.lang.Thread.State: TIMED_WAITING
        at java.lang.Object.wait(Native Method)
        at java.util.TimerThread.mainLoop(Timer.java:552)
        at java.util.TimerThread.run(Timer.java:505)
"ChunkReader-0" daemon prio=5 tid=1272 in Object.wait()
java.lang.Thread.State: WAITING (on object monitor)
        at sun.misc.Unsafe.park(Native Method)
        at java.util.concurrent.locks.LockSupport.park(LockSupport.java:175)
        at java.util.concurrent.locks.AbstractQueuedSynchronizer$ConditionObject.await(AbstractQueuedSynchronizer.java:2039)
        at java.util.concurrent.LinkedBlockingQueue.take(LinkedBlockingQueue.java:442)
        at java.util.concurrent.ThreadPoolExecutor.getTask(ThreadPoolExecutor.java:1074)
        at java.util.concurrent.ThreadPoolExecutor.runWorker(ThreadPoolExecutor.java:1134)
        at java.util.concurrent.ThreadPoolExecutor$Worker.run(ThreadPoolExecutor.java:624)
        at java.lang.Thread.run(Thread.java:750)
"b39db728-622c-42ae-954c-bd0dbc524ba7-groupManagement" daemon prio=5 tid=781 in Object.wait()
java.lang.Thread.State: WAITING (on object monitor)
        at sun.misc.Unsafe.park(Native Method)
        at java.util.concurrent.locks.LockSupport.park(LockSupport.java:175)
        at java.util.concurrent.locks.AbstractQueuedSynchronizer$ConditionObject.await(AbstractQueuedSynchronizer.java:2039)
        at java.util.concurrent.LinkedBlockingQueue.take(LinkedBlockingQueue.java:442)
        at java.util.concurrent.ThreadPoolExecutor.getTask(ThreadPoolExecutor.java:1074)
        at java.util.concurrent.ThreadPoolExecutor.runWorker(ThreadPoolExecutor.java:1134)
        at java.util.concurrent.ThreadPoolExecutor$Worker.run(ThreadPoolExecutor.java:624)
        at java.lang.Thread.run(Thread.java:750)
"ec-reconstruct-reader-TID-0"  prio=5 tid=1086 in Object.wait()
java.lang.Thread.State: WAITING (on object monitor)
        at sun.misc.Unsafe.park(Native Method)
        at java.util.concurrent.locks.LockSupport.park(LockSupport.java:175)
        at java.util.concurrent.SynchronousQueue$TransferStack.awaitFulfill(SynchronousQueue.java:458)
        at java.util.concurrent.SynchronousQueue$TransferStack.transfer(SynchronousQueue.java:362)
        at java.util.concurrent.SynchronousQueue.take(SynchronousQueue.java:924)
        at java.util.concurrent.ThreadPoolExecutor.getTask(ThreadPoolExecutor.java:1074)
        at java.util.concurrent.ThreadPoolExecutor.runWorker(ThreadPoolExecutor.java:1134)
        at java.util.concurrent.ThreadPoolExecutor$Worker.run(ThreadPoolExecutor.java:624)
        at java.lang.Thread.run(Thread.java:750)
"timer7" daemon prio=5 tid=865 timed_waiting
java.lang.Thread.State: TIMED_WAITING
        at java.lang.Object.wait(Native Method)
        at java.util.TimerThread.mainLoop(Timer.java:552)
        at java.util.TimerThread.run(Timer.java:505)
"timer6" daemon prio=5 tid=863 timed_waiting
java.lang.Thread.State: TIMED_WAITING
        at java.lang.Object.wait(Native Method)
        at java.util.TimerThread.mainLoop(Timer.java:552)
        at java.util.TimerThread.run(Timer.java:505)
"qtp1739609831-360" daemon prio=5 tid=360 runnable
java.lang.Thread.State: RUNNABLE
        at sun.nio.ch.EPollArrayWrapper.epollWait(Native Method)
        at sun.nio.ch.EPollArrayWrapper.poll(EPollArrayWrapper.java:269)
        at sun.nio.ch.EPollSelectorImpl.doSelect(EPollSelectorImpl.java:93)
        at sun.nio.ch.SelectorImpl.lockAndDoSelect(SelectorImpl.java:86)
        at sun.nio.ch.SelectorImpl.select(SelectorImpl.java:97)
        at sun.nio.ch.SelectorImpl.select(SelectorImpl.java:101)
        at org.eclipse.jetty.io.ManagedSelector.nioSelect(ManagedSelector.java:183)
        at org.eclipse.jetty.io.ManagedSelector.select(ManagedSelector.java:190)
        at org.eclipse.jetty.io.ManagedSelector$SelectorProducer.select(ManagedSelector.java:606)
        at org.eclipse.jetty.io.ManagedSelector$SelectorProducer.produce(ManagedSelector.java:543)
        at org.eclipse.jetty.util.thread.strategy.EatWhatYouKill.produceTask(EatWhatYouKill.java:362)
        at org.eclipse.jetty.util.thread.strategy.EatWhatYouKill.doProduce(EatWhatYouKill.java:186)
        at org.eclipse.jetty.util.thread.strategy.EatWhatYouKill.tryProduce(EatWhatYouKill.java:173)
        at org.eclipse.jetty.util.thread.strategy.EatWhatYouKill.produce(EatWhatYouKill.java:137)
        at org.eclipse.jetty.io.ManagedSelector$$Lambda$472/1519927178.run(Unknown Source)
        at org.eclipse.jetty.util.thread.QueuedThreadPool.runJob(QueuedThreadPool.java:883)
        at org.eclipse.jetty.util.thread.QueuedThreadPool$Runner.run(QueuedThreadPool.java:1034)
        at java.lang.Thread.run(Thread.java:750)
"ChunkReader-4" daemon prio=5 tid=1401 in Object.wait()
java.lang.Thread.State: WAITING (on object monitor)
        at sun.misc.Unsafe.park(Native Method)
        at java.util.concurrent.locks.LockSupport.park(LockSupport.java:175)
        at java.util.concurrent.locks.AbstractQueuedSynchronizer$ConditionObject.await(AbstractQueuedSynchronizer.java:2039)
        at java.util.concurrent.LinkedBlockingQueue.take(LinkedBlockingQueue.java:442)
        at java.util.concurrent.ThreadPoolExecutor.getTask(ThreadPoolExecutor.java:1074)
        at java.util.concurrent.ThreadPoolExecutor.runWorker(ThreadPoolExecutor.java:1134)
        at java.util.concurrent.ThreadPoolExecutor$Worker.run(ThreadPoolExecutor.java:624)
        at java.lang.Thread.run(Thread.java:750)
"StaleRecoveringContainerScrubbingService#1" daemon prio=5 tid=620 in Object.wait()
java.lang.Thread.State: WAITING (on object monitor)
        at sun.misc.Unsafe.park(Native Method)
        at java.util.concurrent.locks.LockSupport.park(LockSupport.java:175)
        at java.util.concurrent.locks.AbstractQueuedSynchronizer$ConditionObject.await(AbstractQueuedSynchronizer.java:2039)
        at java.util.concurrent.ScheduledThreadPoolExecutor$DelayedWorkQueue.take(ScheduledThreadPoolExecutor.java:1088)
        at java.util.concurrent.ScheduledThreadPoolExecutor$DelayedWorkQueue.take(ScheduledThreadPoolExecutor.java:809)
        at java.util.concurrent.ThreadPoolExecutor.getTask(ThreadPoolExecutor.java:1074)
        at java.util.concurrent.ThreadPoolExecutor.runWorker(ThreadPoolExecutor.java:1134)
        at java.util.concurrent.ThreadPoolExecutor$Worker.run(ThreadPoolExecutor.java:624)
        at java.lang.Thread.run(Thread.java:750)
"StaleRecoveringContainerScrubbingService#9" daemon prio=5 tid=1386 in Object.wait()
java.lang.Thread.State: WAITING (on object monitor)
        at sun.misc.Unsafe.park(Native Method)
        at java.util.concurrent.locks.LockSupport.park(LockSupport.java:175)
        at java.util.concurrent.locks.AbstractQueuedSynchronizer$ConditionObject.await(AbstractQueuedSynchronizer.java:2039)
        at java.util.concurrent.ScheduledThreadPoolExecutor$DelayedWorkQueue.take(ScheduledThreadPoolExecutor.java:1088)
        at java.util.concurrent.ScheduledThreadPoolExecutor$DelayedWorkQueue.take(ScheduledThreadPoolExecutor.java:809)
        at java.util.concurrent.ThreadPoolExecutor.getTask(ThreadPoolExecutor.java:1074)
        at java.util.concurrent.ThreadPoolExecutor.runWorker(ThreadPoolExecutor.java:1134)
        at java.util.concurrent.ThreadPoolExecutor$Worker.run(ThreadPoolExecutor.java:624)
        at java.lang.Thread.run(Thread.java:750)
"StaleRecoveringContainerScrubbingService#1" daemon prio=5 tid=549 in Object.wait()
java.lang.Thread.State: WAITING (on object monitor)
        at sun.misc.Unsafe.park(Native Method)
        at java.util.concurrent.locks.LockSupport.park(LockSupport.java:175)
        at java.util.concurrent.locks.AbstractQueuedSynchronizer$ConditionObject.await(AbstractQueuedSynchronizer.java:2039)
        at java.util.concurrent.ScheduledThreadPoolExecutor$DelayedWorkQueue.take(ScheduledThreadPoolExecutor.java:1088)
        at java.util.concurrent.ScheduledThreadPoolExecutor$DelayedWorkQueue.take(ScheduledThreadPoolExecutor.java:809)
        at java.util.concurrent.ThreadPoolExecutor.getTask(ThreadPoolExecutor.java:1074)
        at java.util.concurrent.ThreadPoolExecutor.runWorker(ThreadPoolExecutor.java:1134)
        at java.util.concurrent.ThreadPoolExecutor$Worker.run(ThreadPoolExecutor.java:624)
        at java.lang.Thread.run(Thread.java:750)
"BlockDeletingService#3" daemon prio=5 tid=1410 in Object.wait()
java.lang.Thread.State: WAITING (on object monitor)
        at sun.misc.Unsafe.park(Native Method)
        at java.util.concurrent.locks.LockSupport.park(LockSupport.java:175)
        at java.util.concurrent.locks.AbstractQueuedSynchronizer$ConditionObject.await(AbstractQueuedSynchronizer.java:2039)
        at java.util.concurrent.ScheduledThreadPoolExecutor$DelayedWorkQueue.take(ScheduledThreadPoolExecutor.java:1088)
        at java.util.concurrent.ScheduledThreadPoolExecutor$DelayedWorkQueue.take(ScheduledThreadPoolExecutor.java:809)
        at java.util.concurrent.ThreadPoolExecutor.getTask(ThreadPoolExecutor.java:1074)
        at java.util.concurrent.ThreadPoolExecutor.runWorker(ThreadPoolExecutor.java:1134)
        at java.util.concurrent.ThreadPoolExecutor$Worker.run(ThreadPoolExecutor.java:624)
        at java.lang.Thread.run(Thread.java:750)
"qtp1221097305-234" daemon prio=5 tid=234 timed_waiting
java.lang.Thread.State: TIMED_WAITING
        at sun.misc.Unsafe.park(Native Method)
        at java.util.concurrent.locks.LockSupport.parkNanos(LockSupport.java:215)
        at java.util.concurrent.locks.AbstractQueuedSynchronizer$ConditionObject.awaitNanos(AbstractQueuedSynchronizer.java:2078)
        at org.eclipse.jetty.util.BlockingArrayQueue.poll(BlockingArrayQueue.java:382)
        at org.eclipse.jetty.util.thread.QueuedThreadPool$Runner.idleJobPoll(QueuedThreadPool.java:974)
        at org.eclipse.jetty.util.thread.QueuedThreadPool$Runner.run(QueuedThreadPool.java:1018)
        at java.lang.Thread.run(Thread.java:750)
"IPC Server listener on 15091" daemon prio=5 tid=551 runnable
java.lang.Thread.State: RUNNABLE
        at sun.nio.ch.EPollArrayWrapper.epollWait(Native Method)
        at sun.nio.ch.EPollArrayWrapper.poll(EPollArrayWrapper.java:269)
        at sun.nio.ch.EPollSelectorImpl.doSelect(EPollSelectorImpl.java:93)
        at sun.nio.ch.SelectorImpl.lockAndDoSelect(SelectorImpl.java:86)
        at sun.nio.ch.SelectorImpl.select(SelectorImpl.java:97)
        at sun.nio.ch.SelectorImpl.select(SelectorImpl.java:101)
        at org.apache.hadoop.ipc.Server$Listener.run(Server.java:1404)
"org.apache.hadoop.util.JvmPauseMonitor$Monitor@45f2b4a9" daemon prio=5 tid=564 timed_waiting
java.lang.Thread.State: TIMED_WAITING
        at java.lang.Thread.sleep(Native Method)
        at org.apache.hadoop.util.JvmPauseMonitor$Monitor.run(JvmPauseMonitor.java:192)
        at java.lang.Thread.run(Thread.java:750)
"d78dd883-3e4c-45aa-98b2-e8ffdf2e22af@group-457D9844C34C-LeaderStateImpl" daemon prio=5 tid=874 timed_waiting
java.lang.Thread.State: TIMED_WAITING
        at sun.misc.Unsafe.park(Native Method)
        at java.util.concurrent.locks.LockSupport.parkNanos(LockSupport.java:215)
        at java.util.concurrent.locks.AbstractQueuedSynchronizer$ConditionObject.awaitNanos(AbstractQueuedSynchronizer.java:2078)
        at java.util.concurrent.ArrayBlockingQueue.poll(ArrayBlockingQueue.java:418)
        at org.apache.ratis.server.impl.LeaderStateImpl$EventQueue.poll(LeaderStateImpl.java:164)
        at org.apache.ratis.server.impl.LeaderStateImpl$EventProcessor.run(LeaderStateImpl.java:702)
"IPC Server handler 17 on default port 15001" daemon prio=5 tid=86 timed_waiting
java.lang.Thread.State: TIMED_WAITING
        at sun.misc.Unsafe.park(Native Method)
        at java.util.concurrent.locks.LockSupport.parkNanos(LockSupport.java:215)
        at java.util.concurrent.locks.AbstractQueuedSynchronizer$ConditionObject.awaitNanos(AbstractQueuedSynchronizer.java:2078)
        at java.util.concurrent.LinkedBlockingQueue.poll(LinkedBlockingQueue.java:467)
        at org.apache.hadoop.ipc.CallQueueManager.take(CallQueueManager.java:317)
        at org.apache.hadoop.ipc.Server$Handler.run(Server.java:2992)
"StaleRecoveringContainerScrubbingService#0" daemon prio=5 tid=605 in Object.wait()
java.lang.Thread.State: WAITING (on object monitor)
        at sun.misc.Unsafe.park(Native Method)
        at java.util.concurrent.locks.LockSupport.park(LockSupport.java:175)
        at java.util.concurrent.locks.AbstractQueuedSynchronizer$ConditionObject.await(AbstractQueuedSynchronizer.java:2039)
        at java.util.concurrent.ScheduledThreadPoolExecutor$DelayedWorkQueue.take(ScheduledThreadPoolExecutor.java:1088)
        at java.util.concurrent.ScheduledThreadPoolExecutor$DelayedWorkQueue.take(ScheduledThreadPoolExecutor.java:809)
        at java.util.concurrent.ThreadPoolExecutor.getTask(ThreadPoolExecutor.java:1074)
        at java.util.concurrent.ThreadPoolExecutor.runWorker(ThreadPoolExecutor.java:1134)
        at java.util.concurrent.ThreadPoolExecutor$Worker.run(ThreadPoolExecutor.java:624)
        at java.lang.Thread.run(Thread.java:750)
"BlockDeletingService#1" daemon prio=5 tid=460 in Object.wait()
java.lang.Thread.State: WAITING (on object monitor)
        at sun.misc.Unsafe.park(Native Method)
        at java.util.concurrent.locks.LockSupport.park(LockSupport.java:175)
        at java.util.concurrent.locks.AbstractQueuedSynchronizer$ConditionObject.await(AbstractQueuedSynchronizer.java:2039)
        at java.util.concurrent.ScheduledThreadPoolExecutor$DelayedWorkQueue.take(ScheduledThreadPoolExecutor.java:1088)
        at java.util.concurrent.ScheduledThreadPoolExecutor$DelayedWorkQueue.take(ScheduledThreadPoolExecutor.java:809)
        at java.util.concurrent.ThreadPoolExecutor.getTask(ThreadPoolExecutor.java:1074)
        at java.util.concurrent.ThreadPoolExecutor.runWorker(ThreadPoolExecutor.java:1134)
        at java.util.concurrent.ThreadPoolExecutor$Worker.run(ThreadPoolExecutor.java:624)
        at java.lang.Thread.run(Thread.java:750)
"IPC Server handler 3 on default port 15001" daemon prio=5 tid=72 timed_waiting
java.lang.Thread.State: TIMED_WAITING
        at sun.misc.Unsafe.park(Native Method)
        at java.util.concurrent.locks.LockSupport.parkNanos(LockSupport.java:215)
        at java.util.concurrent.locks.AbstractQueuedSynchronizer$ConditionObject.awaitNanos(AbstractQueuedSynchronizer.java:2078)
        at java.util.concurrent.LinkedBlockingQueue.poll(LinkedBlockingQueue.java:467)
        at org.apache.hadoop.ipc.CallQueueManager.take(CallQueueManager.java:317)
        at org.apache.hadoop.ipc.Server$Handler.run(Server.java:2992)
"BlockDeletingService#1" daemon prio=5 tid=589 in Object.wait()
java.lang.Thread.State: WAITING (on object monitor)
        at sun.misc.Unsafe.park(Native Method)
        at java.util.concurrent.locks.LockSupport.park(LockSupport.java:175)
        at java.util.concurrent.locks.AbstractQueuedSynchronizer$ConditionObject.await(AbstractQueuedSynchronizer.java:2039)
        at java.util.concurrent.ScheduledThreadPoolExecutor$DelayedWorkQueue.take(ScheduledThreadPoolExecutor.java:1088)
        at java.util.concurrent.ScheduledThreadPoolExecutor$DelayedWorkQueue.take(ScheduledThreadPoolExecutor.java:809)
        at java.util.concurrent.ThreadPoolExecutor.getTask(ThreadPoolExecutor.java:1074)
        at java.util.concurrent.ThreadPoolExecutor.runWorker(ThreadPoolExecutor.java:1134)
        at java.util.concurrent.ThreadPoolExecutor$Worker.run(ThreadPoolExecutor.java:624)
        at java.lang.Thread.run(Thread.java:750)
"ChunkWriter-0-0" daemon prio=5 tid=611 in Object.wait()
java.lang.Thread.State: WAITING (on object monitor)
        at sun.misc.Unsafe.park(Native Method)
        at java.util.concurrent.locks.LockSupport.park(LockSupport.java:175)
        at java.util.concurrent.locks.AbstractQueuedSynchronizer$ConditionObject.await(AbstractQueuedSynchronizer.java:2039)
        at java.util.concurrent.LinkedBlockingDeque.takeFirst(LinkedBlockingDeque.java:492)
        at java.util.concurrent.LinkedBlockingDeque.take(LinkedBlockingDeque.java:680)
        at java.util.concurrent.ThreadPoolExecutor.getTask(ThreadPoolExecutor.java:1074)
        at java.util.concurrent.ThreadPoolExecutor.runWorker(ThreadPoolExecutor.java:1134)
        at java.util.concurrent.ThreadPoolExecutor$Worker.run(ThreadPoolExecutor.java:624)
        at java.lang.Thread.run(Thread.java:750)
"qtp2011580998-118" daemon prio=5 tid=118 timed_waiting
java.lang.Thread.State: TIMED_WAITING
        at sun.misc.Unsafe.park(Native Method)
        at java.util.concurrent.locks.LockSupport.parkNanos(LockSupport.java:215)
        at java.util.concurrent.locks.AbstractQueuedSynchronizer$ConditionObject.awaitNanos(AbstractQueuedSynchronizer.java:2078)
        at org.eclipse.jetty.util.BlockingArrayQueue.poll(BlockingArrayQueue.java:382)
        at org.eclipse.jetty.util.thread.QueuedThreadPool$Runner.idleJobPoll(QueuedThreadPool.java:974)
        at org.eclipse.jetty.util.thread.QueuedThreadPool$Runner.run(QueuedThreadPool.java:1018)
        at java.lang.Thread.run(Thread.java:750)
"StaleRecoveringContainerScrubbingService#0" daemon prio=5 tid=587 in Object.wait()
java.lang.Thread.State: WAITING (on object monitor)
        at sun.misc.Unsafe.park(Native Method)
        at java.util.concurrent.locks.LockSupport.park(LockSupport.java:175)
        at java.util.concurrent.locks.AbstractQueuedSynchronizer$ConditionObject.await(AbstractQueuedSynchronizer.java:2039)
        at java.util.concurrent.ScheduledThreadPoolExecutor$DelayedWorkQueue.take(ScheduledThreadPoolExecutor.java:1088)
        at java.util.concurrent.ScheduledThreadPoolExecutor$DelayedWorkQueue.take(ScheduledThreadPoolExecutor.java:809)
        at java.util.concurrent.ThreadPoolExecutor.getTask(ThreadPoolExecutor.java:1074)
        at java.util.concurrent.ThreadPoolExecutor.runWorker(ThreadPoolExecutor.java:1134)
        at java.util.concurrent.ThreadPoolExecutor$Worker.run(ThreadPoolExecutor.java:624)
        at java.lang.Thread.run(Thread.java:750)
"Socket Reader #1 for port 15000"  prio=5 tid=34 runnable
java.lang.Thread.State: RUNNABLE
        at sun.nio.ch.EPollArrayWrapper.epollWait(Native Method)
        at sun.nio.ch.EPollArrayWrapper.poll(EPollArrayWrapper.java:269)
        at sun.nio.ch.EPollSelectorImpl.doSelect(EPollSelectorImpl.java:93)
        at sun.nio.ch.SelectorImpl.lockAndDoSelect(SelectorImpl.java:86)
        at sun.nio.ch.SelectorImpl.select(SelectorImpl.java:97)
        at sun.nio.ch.SelectorImpl.select(SelectorImpl.java:101)
        at org.apache.hadoop.ipc.Server$Listener$Reader.doRunLoop(Server.java:1342)
        at org.apache.hadoop.ipc.Server$Listener$Reader.run(Server.java:1321)
"d7192325-13fb-433e-b8d5-f6359b644c8f@group-13C1C55693B9-StateMachineUpdater" daemon prio=5 tid=1198 timed_waiting
java.lang.Thread.State: TIMED_WAITING
        at sun.misc.Unsafe.park(Native Method)
        at java.util.concurrent.locks.LockSupport.parkNanos(LockSupport.java:215)
        at java.util.concurrent.locks.AbstractQueuedSynchronizer$ConditionObject.await(AbstractQueuedSynchronizer.java:2163)
        at org.apache.ratis.util.AwaitForSignal.await(AwaitForSignal.java:62)
        at org.apache.ratis.server.impl.StateMachineUpdater.waitForCommit(StateMachineUpdater.java:209)
        at org.apache.ratis.server.impl.StateMachineUpdater.run(StateMachineUpdater.java:178)
        at java.lang.Thread.run(Thread.java:750)
"d78dd883-3e4c-45aa-98b2-e8ffdf2e22af@group-13C1C55693B9->fac1c7af-03c1-44bd-b323-3796df9c2435-GrpcLogAppender-LogAppenderDaemon" daemon prio=5 tid=1253 timed_waiting
java.lang.Thread.State: TIMED_WAITING
        at sun.misc.Unsafe.park(Native Method)
        at java.util.concurrent.locks.LockSupport.parkNanos(LockSupport.java:215)
        at java.util.concurrent.locks.AbstractQueuedSynchronizer$ConditionObject.await(AbstractQueuedSynchronizer.java:2163)
        at org.apache.ratis.util.AwaitForSignal.await(AwaitForSignal.java:62)
        at org.apache.ratis.grpc.server.GrpcLogAppender.mayWait(GrpcLogAppender.java:197)
        at org.apache.ratis.grpc.server.GrpcLogAppender.run(GrpcLogAppender.java:148)
        at org.apache.ratis.server.leader.LogAppenderDaemon.run(LogAppenderDaemon.java:78)
        at org.apache.ratis.server.leader.LogAppenderDaemon$$Lambda$1179/1869148481.run(Unknown Source)
        at java.lang.Thread.run(Thread.java:750)
"StaleRecoveringContainerScrubbingService#5" daemon prio=5 tid=1223 in Object.wait()
java.lang.Thread.State: WAITING (on object monitor)
        at sun.misc.Unsafe.park(Native Method)
        at java.util.concurrent.locks.LockSupport.park(LockSupport.java:175)
        at java.util.concurrent.locks.AbstractQueuedSynchronizer$ConditionObject.await(AbstractQueuedSynchronizer.java:2039)
        at java.util.concurrent.ScheduledThreadPoolExecutor$DelayedWorkQueue.take(ScheduledThreadPoolExecutor.java:1088)
        at java.util.concurrent.ScheduledThreadPoolExecutor$DelayedWorkQueue.take(ScheduledThreadPoolExecutor.java:809)
        at java.util.concurrent.ThreadPoolExecutor.getTask(ThreadPoolExecutor.java:1074)
        at java.util.concurrent.ThreadPoolExecutor.runWorker(ThreadPoolExecutor.java:1134)
        at java.util.concurrent.ThreadPoolExecutor$Worker.run(ThreadPoolExecutor.java:624)
        at java.lang.Thread.run(Thread.java:750)
"BlockDeletingService#2" daemon prio=5 tid=1353 in Object.wait()
java.lang.Thread.State: WAITING (on object monitor)
        at sun.misc.Unsafe.park(Native Method)
        at java.util.concurrent.locks.LockSupport.park(LockSupport.java:175)
        at java.util.concurrent.locks.AbstractQueuedSynchronizer$ConditionObject.await(AbstractQueuedSynchronizer.java:2039)
        at java.util.concurrent.ScheduledThreadPoolExecutor$DelayedWorkQueue.take(ScheduledThreadPoolExecutor.java:1088)
        at java.util.concurrent.ScheduledThreadPoolExecutor$DelayedWorkQueue.take(ScheduledThreadPoolExecutor.java:809)
        at java.util.concurrent.ThreadPoolExecutor.getTask(ThreadPoolExecutor.java:1074)
        at java.util.concurrent.ThreadPoolExecutor.runWorker(ThreadPoolExecutor.java:1134)
        at java.util.concurrent.ThreadPoolExecutor$Worker.run(ThreadPoolExecutor.java:624)
        at java.lang.Thread.run(Thread.java:750)
"Datanode ReportManager Thread - 4" daemon prio=5 tid=562 timed_waiting
java.lang.Thread.State: TIMED_WAITING
        at sun.misc.Unsafe.park(Native Method)
        at java.util.concurrent.locks.LockSupport.parkNanos(LockSupport.java:215)
        at java.util.concurrent.locks.AbstractQueuedSynchronizer$ConditionObject.awaitNanos(AbstractQueuedSynchronizer.java:2078)
        at java.util.concurrent.ScheduledThreadPoolExecutor$DelayedWorkQueue.take(ScheduledThreadPoolExecutor.java:1093)
        at java.util.concurrent.ScheduledThreadPoolExecutor$DelayedWorkQueue.take(ScheduledThreadPoolExecutor.java:809)
        at java.util.concurrent.ThreadPoolExecutor.getTask(ThreadPoolExecutor.java:1074)
        at java.util.concurrent.ThreadPoolExecutor.runWorker(ThreadPoolExecutor.java:1134)
        at java.util.concurrent.ThreadPoolExecutor$Worker.run(ThreadPoolExecutor.java:624)
        at java.lang.Thread.run(Thread.java:750)
"StaleRecoveringContainerScrubbingService#2" daemon prio=5 tid=1051 timed_waiting
java.lang.Thread.State: TIMED_WAITING
        at sun.misc.Unsafe.park(Native Method)
        at java.util.concurrent.locks.LockSupport.parkNanos(LockSupport.java:215)
        at java.util.concurrent.locks.AbstractQueuedSynchronizer$ConditionObject.awaitNanos(AbstractQueuedSynchronizer.java:2078)
        at java.util.concurrent.ScheduledThreadPoolExecutor$DelayedWorkQueue.take(ScheduledThreadPoolExecutor.java:1093)
        at java.util.concurrent.ScheduledThreadPoolExecutor$DelayedWorkQueue.take(ScheduledThreadPoolExecutor.java:809)
        at java.util.concurrent.ThreadPoolExecutor.getTask(ThreadPoolExecutor.java:1074)
        at java.util.concurrent.ThreadPoolExecutor.runWorker(ThreadPoolExecutor.java:1134)
        at java.util.concurrent.ThreadPoolExecutor$Worker.run(ThreadPoolExecutor.java:624)
        at java.lang.Thread.run(Thread.java:750)
"ChunkReader-9" daemon prio=5 tid=1365 in Object.wait()
java.lang.Thread.State: WAITING (on object monitor)
        at sun.misc.Unsafe.park(Native Method)
        at java.util.concurrent.locks.LockSupport.park(LockSupport.java:175)
        at java.util.concurrent.locks.AbstractQueuedSynchronizer$ConditionObject.await(AbstractQueuedSynchronizer.java:2039)
        at java.util.concurrent.LinkedBlockingQueue.take(LinkedBlockingQueue.java:442)
        at java.util.concurrent.ThreadPoolExecutor.getTask(ThreadPoolExecutor.java:1074)
        at java.util.concurrent.ThreadPoolExecutor.runWorker(ThreadPoolExecutor.java:1134)
        at java.util.concurrent.ThreadPoolExecutor$Worker.run(ThreadPoolExecutor.java:624)
        at java.lang.Thread.run(Thread.java:750)
"Datanode ReportManager Thread - 0" daemon prio=5 tid=1132 timed_waiting
java.lang.Thread.State: TIMED_WAITING
        at sun.misc.Unsafe.park(Native Method)
        at java.util.concurrent.locks.LockSupport.parkNanos(LockSupport.java:215)
        at java.util.concurrent.locks.AbstractQueuedSynchronizer$ConditionObject.awaitNanos(AbstractQueuedSynchronizer.java:2078)
        at java.util.concurrent.ScheduledThreadPoolExecutor$DelayedWorkQueue.take(ScheduledThreadPoolExecutor.java:1093)
        at java.util.concurrent.ScheduledThreadPoolExecutor$DelayedWorkQueue.take(ScheduledThreadPoolExecutor.java:809)
        at java.util.concurrent.ThreadPoolExecutor.getTask(ThreadPoolExecutor.java:1074)
        at java.util.concurrent.ThreadPoolExecutor.runWorker(ThreadPoolExecutor.java:1134)
        at java.util.concurrent.ThreadPoolExecutor$Worker.run(ThreadPoolExecutor.java:624)
        at java.lang.Thread.run(Thread.java:750)
"FixedThreadPoolWithAffinityExecutor-4-0" daemon prio=5 tid=42 timed_waiting
java.lang.Thread.State: TIMED_WAITING
        at sun.misc.Unsafe.park(Native Method)
        at java.util.concurrent.locks.LockSupport.parkNanos(LockSupport.java:215)
        at java.util.concurrent.locks.AbstractQueuedSynchronizer$ConditionObject.awaitNanos(AbstractQueuedSynchronizer.java:2078)
        at java.util.concurrent.LinkedBlockingQueue.poll(LinkedBlockingQueue.java:467)
        at org.apache.hadoop.hdds.scm.server.ContainerReportQueue.poll(ContainerReportQueue.java:266)
        at org.apache.hadoop.hdds.scm.server.ContainerReportQueue.poll(ContainerReportQueue.java:42)
        at org.apache.hadoop.hdds.server.events.FixedThreadPoolWithAffinityExecutor$ContainerReportProcessTask.run(FixedThreadPoolWithAffinityExecutor.java:247)
        at java.util.concurrent.Executors$RunnableAdapter.call(Executors.java:511)
        at java.util.concurrent.FutureTask.run(FutureTask.java:266)
        at java.util.concurrent.ThreadPoolExecutor.runWorker(ThreadPoolExecutor.java:1149)
        at java.util.concurrent.ThreadPoolExecutor$Worker.run(ThreadPoolExecutor.java:624)
        at java.lang.Thread.run(Thread.java:750)
"ChunkWriter-1-0" daemon prio=5 tid=497 in Object.wait()
java.lang.Thread.State: WAITING (on object monitor)
        at sun.misc.Unsafe.park(Native Method)
        at java.util.concurrent.locks.LockSupport.park(LockSupport.java:175)
        at java.util.concurrent.locks.AbstractQueuedSynchronizer$ConditionObject.await(AbstractQueuedSynchronizer.java:2039)
        at java.util.concurrent.LinkedBlockingDeque.takeFirst(LinkedBlockingDeque.java:492)
        at java.util.concurrent.LinkedBlockingDeque.take(LinkedBlockingDeque.java:680)
        at java.util.concurrent.ThreadPoolExecutor.getTask(ThreadPoolExecutor.java:1074)
        at java.util.concurrent.ThreadPoolExecutor.runWorker(ThreadPoolExecutor.java:1134)
        at java.util.concurrent.ThreadPoolExecutor$Worker.run(ThreadPoolExecutor.java:624)
        at java.lang.Thread.run(Thread.java:750)
"ChunkWriter-0-0" daemon prio=5 tid=580 in Object.wait()
java.lang.Thread.State: WAITING (on object monitor)
        at sun.misc.Unsafe.park(Native Method)
        at java.util.concurrent.locks.LockSupport.park(LockSupport.java:175)
        at java.util.concurrent.locks.AbstractQueuedSynchronizer$ConditionObject.await(AbstractQueuedSynchronizer.java:2039)
        at java.util.concurrent.LinkedBlockingDeque.takeFirst(LinkedBlockingDeque.java:492)
        at java.util.concurrent.LinkedBlockingDeque.take(LinkedBlockingDeque.java:680)
        at java.util.concurrent.ThreadPoolExecutor.getTask(ThreadPoolExecutor.java:1074)
        at java.util.concurrent.ThreadPoolExecutor.runWorker(ThreadPoolExecutor.java:1134)
        at java.util.concurrent.ThreadPoolExecutor$Worker.run(ThreadPoolExecutor.java:624)
        at java.lang.Thread.run(Thread.java:750)
"IPC Server idle connection scanner for port 15010" daemon prio=5 tid=1127 timed_waiting
java.lang.Thread.State: TIMED_WAITING
        at java.lang.Object.wait(Native Method)
        at java.util.TimerThread.mainLoop(Timer.java:552)
        at java.util.TimerThread.run(Timer.java:505)
"EndpointStateMachine task thread for /0.0.0.0:15002 - 0 "  prio=5 tid=610 in Object.wait()
java.lang.Thread.State: WAITING (on object monitor)
        at sun.misc.Unsafe.park(Native Method)
        at java.util.concurrent.locks.LockSupport.park(LockSupport.java:175)
        at java.util.concurrent.locks.AbstractQueuedSynchronizer$ConditionObject.await(AbstractQueuedSynchronizer.java:2039)
        at java.util.concurrent.LinkedBlockingQueue.take(LinkedBlockingQueue.java:442)
        at java.util.concurrent.ThreadPoolExecutor.getTask(ThreadPoolExecutor.java:1074)
        at java.util.concurrent.ThreadPoolExecutor.runWorker(ThreadPoolExecutor.java:1134)
        at java.util.concurrent.ThreadPoolExecutor$Worker.run(ThreadPoolExecutor.java:624)
        at java.lang.Thread.run(Thread.java:750)
"StaleRecoveringContainerScrubbingService#3" daemon prio=5 tid=1069 in Object.wait()
java.lang.Thread.State: WAITING (on object monitor)
        at sun.misc.Unsafe.park(Native Method)
        at java.util.concurrent.locks.LockSupport.park(LockSupport.java:175)
        at java.util.concurrent.locks.AbstractQueuedSynchronizer$ConditionObject.await(AbstractQueuedSynchronizer.java:2039)
        at java.util.concurrent.ScheduledThreadPoolExecutor$DelayedWorkQueue.take(ScheduledThreadPoolExecutor.java:1088)
        at java.util.concurrent.ScheduledThreadPoolExecutor$DelayedWorkQueue.take(ScheduledThreadPoolExecutor.java:809)
        at java.util.concurrent.ThreadPoolExecutor.getTask(ThreadPoolExecutor.java:1074)
        at java.util.concurrent.ThreadPoolExecutor.runWorker(ThreadPoolExecutor.java:1134)
        at java.util.concurrent.ThreadPoolExecutor$Worker.run(ThreadPoolExecutor.java:624)
        at java.lang.Thread.run(Thread.java:750)
"ContainerReplicationThread-0" daemon prio=5 tid=1396 in Object.wait()
java.lang.Thread.State: WAITING (on object monitor)
        at sun.misc.Unsafe.park(Native Method)
        at java.util.concurrent.locks.LockSupport.park(LockSupport.java:175)
        at java.util.concurrent.locks.AbstractQueuedSynchronizer$ConditionObject.await(AbstractQueuedSynchronizer.java:2039)
        at java.util.concurrent.PriorityBlockingQueue.take(PriorityBlockingQueue.java:549)
        at java.util.concurrent.ThreadPoolExecutor.getTask(ThreadPoolExecutor.java:1074)
        at java.util.concurrent.ThreadPoolExecutor.runWorker(ThreadPoolExecutor.java:1134)
        at java.util.concurrent.ThreadPoolExecutor$Worker.run(ThreadPoolExecutor.java:624)
        at java.lang.Thread.run(Thread.java:750)
"prometheus" daemon prio=5 tid=122 in Object.wait()
java.lang.Thread.State: WAITING (on object monitor)
        at java.lang.Object.wait(Native Method)
        at java.lang.Object.wait(Object.java:502)
        at org.apache.hadoop.metrics2.impl.SinkQueue.waitForData(SinkQueue.java:114)
        at org.apache.hadoop.metrics2.impl.SinkQueue.consumeAll(SinkQueue.java:83)
        at org.apache.hadoop.metrics2.impl.MetricsSinkAdapter.publishMetricsFromQueue(MetricsSinkAdapter.java:135)
        at org.apache.hadoop.metrics2.impl.MetricsSinkAdapter$1.run(MetricsSinkAdapter.java:89)
"ChunkReader-3" daemon prio=5 tid=1400 in Object.wait()
java.lang.Thread.State: WAITING (on object monitor)
        at sun.misc.Unsafe.park(Native Method)
        at java.util.concurrent.locks.LockSupport.park(LockSupport.java:175)
        at java.util.concurrent.locks.AbstractQueuedSynchronizer$ConditionObject.await(AbstractQueuedSynchronizer.java:2039)
        at java.util.concurrent.LinkedBlockingQueue.take(LinkedBlockingQueue.java:442)
        at java.util.concurrent.ThreadPoolExecutor.getTask(ThreadPoolExecutor.java:1074)
        at java.util.concurrent.ThreadPoolExecutor.runWorker(ThreadPoolExecutor.java:1134)
        at java.util.concurrent.ThreadPoolExecutor$Worker.run(ThreadPoolExecutor.java:624)
        at java.lang.Thread.run(Thread.java:750)
"d7192325-13fb-433e-b8d5-f6359b644c8f@group-1DFD4EBF5B32-StateMachineUpdater" daemon prio=5 tid=818 timed_waiting
java.lang.Thread.State: TIMED_WAITING
        at sun.misc.Unsafe.park(Native Method)
        at java.util.concurrent.locks.LockSupport.parkNanos(LockSupport.java:215)
        at java.util.concurrent.locks.AbstractQueuedSynchronizer$ConditionObject.await(AbstractQueuedSynchronizer.java:2163)
        at org.apache.ratis.util.AwaitForSignal.await(AwaitForSignal.java:62)
        at org.apache.ratis.server.impl.StateMachineUpdater.waitForCommit(StateMachineUpdater.java:209)
        at org.apache.ratis.server.impl.StateMachineUpdater.run(StateMachineUpdater.java:178)
        at java.lang.Thread.run(Thread.java:750)
"aab6e560-2e42-4217-8e7a-cc5f2733e87a-NettyServerStreamRpc-bossGroup--thread1"  prio=5 tid=356 runnable
java.lang.Thread.State: RUNNABLE
        at sun.nio.ch.EPollArrayWrapper.epollWait(Native Method)
        at sun.nio.ch.EPollArrayWrapper.poll(EPollArrayWrapper.java:269)
        at sun.nio.ch.EPollSelectorImpl.doSelect(EPollSelectorImpl.java:93)
        at sun.nio.ch.SelectorImpl.lockAndDoSelect(SelectorImpl.java:86)
        at sun.nio.ch.SelectorImpl.select(SelectorImpl.java:97)
        at sun.nio.ch.SelectorImpl.select(SelectorImpl.java:101)
        at org.apache.ratis.thirdparty.io.netty.channel.nio.SelectedSelectionKeySetSelector.select(SelectedSelectionKeySetSelector.java:68)
        at org.apache.ratis.thirdparty.io.netty.channel.nio.NioEventLoop.select(NioEventLoop.java:879)
        at org.apache.ratis.thirdparty.io.netty.channel.nio.NioEventLoop.run(NioEventLoop.java:526)
        at org.apache.ratis.thirdparty.io.netty.util.concurrent.SingleThreadEventExecutor$4.run(SingleThreadEventExecutor.java:997)
        at org.apache.ratis.thirdparty.io.netty.util.internal.ThreadExecutorMap$2.run(ThreadExecutorMap.java:74)
        at java.lang.Thread.run(Thread.java:750)
"EndpointStateMachine task thread for /0.0.0.0:15002 - 0 "  prio=5 tid=634 in Object.wait()
java.lang.Thread.State: WAITING (on object monitor)
        at sun.misc.Unsafe.park(Native Method)
        at java.util.concurrent.locks.LockSupport.park(LockSupport.java:175)
        at java.util.concurrent.locks.AbstractQueuedSynchronizer$ConditionObject.await(AbstractQueuedSynchronizer.java:2039)
        at java.util.concurrent.LinkedBlockingQueue.take(LinkedBlockingQueue.java:442)
        at java.util.concurrent.ThreadPoolExecutor.getTask(ThreadPoolExecutor.java:1074)
        at java.util.concurrent.ThreadPoolExecutor.runWorker(ThreadPoolExecutor.java:1134)
        at java.util.concurrent.ThreadPoolExecutor$Worker.run(ThreadPoolExecutor.java:624)
        at java.lang.Thread.run(Thread.java:750)
"IPC Server handler 2 on default port 15004" daemon prio=5 tid=164 timed_waiting
java.lang.Thread.State: TIMED_WAITING
        at sun.misc.Unsafe.park(Native Method)
        at java.util.concurrent.locks.LockSupport.parkNanos(LockSupport.java:215)
        at java.util.concurrent.locks.AbstractQueuedSynchronizer$ConditionObject.awaitNanos(AbstractQueuedSynchronizer.java:2078)
        at java.util.concurrent.LinkedBlockingQueue.poll(LinkedBlockingQueue.java:467)
        at org.apache.hadoop.ipc.CallQueueManager.take(CallQueueManager.java:317)
        at org.apache.hadoop.ipc.Server$Handler.run(Server.java:2992)
"EventQueue-DeadNodeForDeadNodeHandler" daemon prio=5 tid=1060 in Object.wait()
java.lang.Thread.State: WAITING (on object monitor)
        at sun.misc.Unsafe.park(Native Method)
        at java.util.concurrent.locks.LockSupport.park(LockSupport.java:175)
        at java.util.concurrent.locks.AbstractQueuedSynchronizer$ConditionObject.await(AbstractQueuedSynchronizer.java:2039)
        at java.util.concurrent.LinkedBlockingQueue.take(LinkedBlockingQueue.java:442)
        at java.util.concurrent.ThreadPoolExecutor.getTask(ThreadPoolExecutor.java:1074)
        at java.util.concurrent.ThreadPoolExecutor.runWorker(ThreadPoolExecutor.java:1134)
        at java.util.concurrent.ThreadPoolExecutor$Worker.run(ThreadPoolExecutor.java:624)
        at java.lang.Thread.run(Thread.java:750)
"PartialTableCache Cleanup Thread - 0" daemon prio=5 tid=931 in Object.wait()
java.lang.Thread.State: WAITING (on object monitor)
        at sun.misc.Unsafe.park(Native Method)
        at java.util.concurrent.locks.LockSupport.park(LockSupport.java:175)
        at java.util.concurrent.locks.AbstractQueuedSynchronizer$ConditionObject.await(AbstractQueuedSynchronizer.java:2039)
        at java.util.concurrent.LinkedBlockingQueue.take(LinkedBlockingQueue.java:442)
        at java.util.concurrent.ThreadPoolExecutor.getTask(ThreadPoolExecutor.java:1074)
        at java.util.concurrent.ThreadPoolExecutor.runWorker(ThreadPoolExecutor.java:1134)
        at java.util.concurrent.ThreadPoolExecutor$Worker.run(ThreadPoolExecutor.java:624)
        at java.lang.Thread.run(Thread.java:750)
"ChunkReader-5" daemon prio=5 tid=1092 in Object.wait()
java.lang.Thread.State: WAITING (on object monitor)
        at sun.misc.Unsafe.park(Native Method)
        at java.util.concurrent.locks.LockSupport.park(LockSupport.java:175)
        at java.util.concurrent.locks.AbstractQueuedSynchronizer$ConditionObject.await(AbstractQueuedSynchronizer.java:2039)
        at java.util.concurrent.LinkedBlockingQueue.take(LinkedBlockingQueue.java:442)
        at java.util.concurrent.ThreadPoolExecutor.getTask(ThreadPoolExecutor.java:1074)
        at java.util.concurrent.ThreadPoolExecutor.runWorker(ThreadPoolExecutor.java:1134)
        at java.util.concurrent.ThreadPoolExecutor$Worker.run(ThreadPoolExecutor.java:624)
        at java.lang.Thread.run(Thread.java:750)
"IPC Server handler 11 on default port 15002" daemon prio=5 tid=100 timed_waiting
java.lang.Thread.State: TIMED_WAITING
        at sun.misc.Unsafe.park(Native Method)
        at java.util.concurrent.locks.LockSupport.parkNanos(LockSupport.java:215)
        at java.util.concurrent.locks.AbstractQueuedSynchronizer$ConditionObject.awaitNanos(AbstractQueuedSynchronizer.java:2078)
        at java.util.concurrent.LinkedBlockingQueue.poll(LinkedBlockingQueue.java:467)
        at org.apache.hadoop.ipc.CallQueueManager.take(CallQueueManager.java:317)
        at org.apache.hadoop.ipc.Server$Handler.run(Server.java:2992)
"aab6e560-2e42-4217-8e7a-cc5f2733e87a@group-2670E7DB9F10-SegmentedRaftLogWorker" daemon prio=5 tid=762 timed_waiting
java.lang.Thread.State: TIMED_WAITING
        at sun.misc.Unsafe.park(Native Method)
        at java.util.concurrent.locks.LockSupport.parkNanos(LockSupport.java:215)
        at java.util.concurrent.locks.AbstractQueuedSynchronizer$ConditionObject.awaitNanos(AbstractQueuedSynchronizer.java:2078)
        at org.apache.ratis.util.DataBlockingQueue.poll(DataBlockingQueue.java:148)
        at org.apache.ratis.server.raftlog.segmented.SegmentedRaftLogWorker.run(SegmentedRaftLogWorker.java:307)
        at org.apache.ratis.server.raftlog.segmented.SegmentedRaftLogWorker$$Lambda$764/731878032.run(Unknown Source)
        at java.util.concurrent.Executors$RunnableAdapter.call(Executors.java:511)
        at java.util.concurrent.FutureTask.run(FutureTask.java:266)
        at java.util.concurrent.ThreadPoolExecutor.runWorker(ThreadPoolExecutor.java:1149)
        at java.util.concurrent.ThreadPoolExecutor$Worker.run(ThreadPoolExecutor.java:624)
        at java.lang.Thread.run(Thread.java:750)
"BlockDeletingService#3" daemon prio=5 tid=1409 in Object.wait()
java.lang.Thread.State: WAITING (on object monitor)
        at sun.misc.Unsafe.park(Native Method)
        at java.util.concurrent.locks.LockSupport.park(LockSupport.java:175)
        at java.util.concurrent.locks.AbstractQueuedSynchronizer$ConditionObject.await(AbstractQueuedSynchronizer.java:2039)
        at java.util.concurrent.ScheduledThreadPoolExecutor$DelayedWorkQueue.take(ScheduledThreadPoolExecutor.java:1088)
        at java.util.concurrent.ScheduledThreadPoolExecutor$DelayedWorkQueue.take(ScheduledThreadPoolExecutor.java:809)
        at java.util.concurrent.ThreadPoolExecutor.getTask(ThreadPoolExecutor.java:1074)
        at java.util.concurrent.ThreadPoolExecutor.runWorker(ThreadPoolExecutor.java:1134)
        at java.util.concurrent.ThreadPoolExecutor$Worker.run(ThreadPoolExecutor.java:624)
        at java.lang.Thread.run(Thread.java:750)
"IPC Server handler 7 on default port 15001" daemon prio=5 tid=76 timed_waiting
java.lang.Thread.State: TIMED_WAITING
        at sun.misc.Unsafe.park(Native Method)
        at java.util.concurrent.locks.LockSupport.parkNanos(LockSupport.java:215)
        at java.util.concurrent.locks.AbstractQueuedSynchronizer$ConditionObject.awaitNanos(AbstractQueuedSynchronizer.java:2078)
        at java.util.concurrent.LinkedBlockingQueue.poll(LinkedBlockingQueue.java:467)
        at org.apache.hadoop.ipc.CallQueueManager.take(CallQueueManager.java:317)
        at org.apache.hadoop.ipc.Server$Handler.run(Server.java:2992)
"ChunkReader-6" daemon prio=5 tid=1090 in Object.wait()
java.lang.Thread.State: WAITING (on object monitor)
        at sun.misc.Unsafe.park(Native Method)
        at java.util.concurrent.locks.LockSupport.park(LockSupport.java:175)
        at java.util.concurrent.locks.AbstractQueuedSynchronizer$ConditionObject.await(AbstractQueuedSynchronizer.java:2039)
        at java.util.concurrent.LinkedBlockingQueue.take(LinkedBlockingQueue.java:442)
        at java.util.concurrent.ThreadPoolExecutor.getTask(ThreadPoolExecutor.java:1074)
        at java.util.concurrent.ThreadPoolExecutor.runWorker(ThreadPoolExecutor.java:1134)
        at java.util.concurrent.ThreadPoolExecutor$Worker.run(ThreadPoolExecutor.java:624)
        at java.lang.Thread.run(Thread.java:750)
"Datanode ReportManager Thread - 4" daemon prio=5 tid=281 timed_waiting
java.lang.Thread.State: TIMED_WAITING
        at sun.misc.Unsafe.park(Native Method)
        at java.util.concurrent.locks.LockSupport.parkNanos(LockSupport.java:215)
        at java.util.concurrent.locks.AbstractQueuedSynchronizer$ConditionObject.awaitNanos(AbstractQueuedSynchronizer.java:2078)
        at java.util.concurrent.ScheduledThreadPoolExecutor$DelayedWorkQueue.take(ScheduledThreadPoolExecutor.java:1093)
        at java.util.concurrent.ScheduledThreadPoolExecutor$DelayedWorkQueue.take(ScheduledThreadPoolExecutor.java:809)
        at java.util.concurrent.ThreadPoolExecutor.getTask(ThreadPoolExecutor.java:1074)
        at java.util.concurrent.ThreadPoolExecutor.runWorker(ThreadPoolExecutor.java:1134)
        at java.util.concurrent.ThreadPoolExecutor$Worker.run(ThreadPoolExecutor.java:624)
        at java.lang.Thread.run(Thread.java:750)
"IPC Server handler 9 on default port 15004" daemon prio=5 tid=171 timed_waiting
java.lang.Thread.State: TIMED_WAITING
        at sun.misc.Unsafe.park(Native Method)
        at java.util.concurrent.locks.LockSupport.parkNanos(LockSupport.java:215)
        at java.util.concurrent.locks.AbstractQueuedSynchronizer$ConditionObject.awaitNanos(AbstractQueuedSynchronizer.java:2078)
        at java.util.concurrent.LinkedBlockingQueue.poll(LinkedBlockingQueue.java:467)
        at org.apache.hadoop.ipc.CallQueueManager.take(CallQueueManager.java:317)
        at org.apache.hadoop.ipc.Server$Handler.run(Server.java:2992)
"IPC Server handler 15 on default port 15000" daemon prio=5 tid=64 timed_waiting
java.lang.Thread.State: TIMED_WAITING
        at sun.misc.Unsafe.park(Native Method)
        at java.util.concurrent.locks.LockSupport.parkNanos(LockSupport.java:215)
        at java.util.concurrent.locks.AbstractQueuedSynchronizer$ConditionObject.awaitNanos(AbstractQueuedSynchronizer.java:2078)
        at java.util.concurrent.LinkedBlockingQueue.poll(LinkedBlockingQueue.java:467)
        at org.apache.hadoop.ipc.CallQueueManager.take(CallQueueManager.java:317)
        at org.apache.hadoop.ipc.Server$Handler.run(Server.java:2992)
"IPC Server handler 4 on default port 15002" daemon prio=5 tid=93 timed_waiting
java.lang.Thread.State: TIMED_WAITING
        at sun.misc.Unsafe.park(Native Method)
        at java.util.concurrent.locks.LockSupport.parkNanos(LockSupport.java:215)
        at java.util.concurrent.locks.AbstractQueuedSynchronizer$ConditionObject.awaitNanos(AbstractQueuedSynchronizer.java:2078)
        at java.util.concurrent.LinkedBlockingQueue.poll(LinkedBlockingQueue.java:467)
        at org.apache.hadoop.ipc.CallQueueManager.take(CallQueueManager.java:317)
        at org.apache.hadoop.ipc.Server$Handler.run(Server.java:2992)
"9125f905-aa43-4d0f-845d-e6cfd4dab0cd@group-83208DDAA812-StateMachineUpdater" daemon prio=5 tid=809 timed_waiting
java.lang.Thread.State: TIMED_WAITING
        at sun.misc.Unsafe.park(Native Method)
        at java.util.concurrent.locks.LockSupport.parkNanos(LockSupport.java:215)
        at java.util.concurrent.locks.AbstractQueuedSynchronizer$ConditionObject.await(AbstractQueuedSynchronizer.java:2163)
        at org.apache.ratis.util.AwaitForSignal.await(AwaitForSignal.java:62)
        at org.apache.ratis.server.impl.StateMachineUpdater.waitForCommit(StateMachineUpdater.java:209)
        at org.apache.ratis.server.impl.StateMachineUpdater.run(StateMachineUpdater.java:178)
        at java.lang.Thread.run(Thread.java:750)
"FixedThreadPoolWithAffinityExecutor-7-0" daemon prio=5 tid=45 timed_waiting
java.lang.Thread.State: TIMED_WAITING
        at sun.misc.Unsafe.park(Native Method)
        at java.util.concurrent.locks.LockSupport.parkNanos(LockSupport.java:215)
        at java.util.concurrent.locks.AbstractQueuedSynchronizer$ConditionObject.awaitNanos(AbstractQueuedSynchronizer.java:2078)
        at java.util.concurrent.LinkedBlockingQueue.poll(LinkedBlockingQueue.java:467)
        at org.apache.hadoop.hdds.scm.server.ContainerReportQueue.poll(ContainerReportQueue.java:266)
        at org.apache.hadoop.hdds.scm.server.ContainerReportQueue.poll(ContainerReportQueue.java:42)
        at org.apache.hadoop.hdds.server.events.FixedThreadPoolWithAffinityExecutor$ContainerReportProcessTask.run(FixedThreadPoolWithAffinityExecutor.java:247)
        at java.util.concurrent.Executors$RunnableAdapter.call(Executors.java:511)
        at java.util.concurrent.FutureTask.run(FutureTask.java:266)
        at java.util.concurrent.ThreadPoolExecutor.runWorker(ThreadPoolExecutor.java:1149)
        at java.util.concurrent.ThreadPoolExecutor$Worker.run(ThreadPoolExecutor.java:624)
        at java.lang.Thread.run(Thread.java:750)
"Session-HouseKeeper-255c2e7e-1"  prio=5 tid=538 timed_waiting
java.lang.Thread.State: TIMED_WAITING
        at sun.misc.Unsafe.park(Native Method)
        at java.util.concurrent.locks.LockSupport.parkNanos(LockSupport.java:215)
        at java.util.concurrent.locks.AbstractQueuedSynchronizer$ConditionObject.awaitNanos(AbstractQueuedSynchronizer.java:2078)
        at java.util.concurrent.ScheduledThreadPoolExecutor$DelayedWorkQueue.take(ScheduledThreadPoolExecutor.java:1093)
        at java.util.concurrent.ScheduledThreadPoolExecutor$DelayedWorkQueue.take(ScheduledThreadPoolExecutor.java:809)
        at java.util.concurrent.ThreadPoolExecutor.getTask(ThreadPoolExecutor.java:1074)
        at java.util.concurrent.ThreadPoolExecutor.runWorker(ThreadPoolExecutor.java:1134)
        at java.util.concurrent.ThreadPoolExecutor$Worker.run(ThreadPoolExecutor.java:624)
        at java.lang.Thread.run(Thread.java:750)
"IPC Server Responder" daemon prio=5 tid=31 runnable
java.lang.Thread.State: RUNNABLE
        at sun.nio.ch.EPollArrayWrapper.epollWait(Native Method)
        at sun.nio.ch.EPollArrayWrapper.poll(EPollArrayWrapper.java:269)
        at sun.nio.ch.EPollSelectorImpl.doSelect(EPollSelectorImpl.java:93)
        at sun.nio.ch.SelectorImpl.lockAndDoSelect(SelectorImpl.java:86)
        at sun.nio.ch.SelectorImpl.select(SelectorImpl.java:97)
        at org.apache.hadoop.ipc.Server$Responder.doRunLoop(Server.java:1578)
        at org.apache.hadoop.ipc.Server$Responder.run(Server.java:1561)
"BlockDeletingService#3" daemon prio=5 tid=1404 in Object.wait()
java.lang.Thread.State: WAITING (on object monitor)
        at sun.misc.Unsafe.park(Native Method)
        at java.util.concurrent.locks.LockSupport.park(LockSupport.java:175)
        at java.util.concurrent.locks.AbstractQueuedSynchronizer$ConditionObject.await(AbstractQueuedSynchronizer.java:2039)
        at java.util.concurrent.ScheduledThreadPoolExecutor$DelayedWorkQueue.take(ScheduledThreadPoolExecutor.java:1088)
        at java.util.concurrent.ScheduledThreadPoolExecutor$DelayedWorkQueue.take(ScheduledThreadPoolExecutor.java:809)
        at java.util.concurrent.ThreadPoolExecutor.getTask(ThreadPoolExecutor.java:1074)
        at java.util.concurrent.ThreadPoolExecutor.runWorker(ThreadPoolExecutor.java:1134)
        at java.util.concurrent.ThreadPoolExecutor$Worker.run(ThreadPoolExecutor.java:624)
        at java.lang.Thread.run(Thread.java:750)
"qtp1562316023-301" daemon prio=5 tid=301 timed_waiting
java.lang.Thread.State: TIMED_WAITING
        at sun.misc.Unsafe.park(Native Method)
        at java.util.concurrent.locks.LockSupport.parkNanos(LockSupport.java:215)
        at java.util.concurrent.locks.AbstractQueuedSynchronizer$ConditionObject.awaitNanos(AbstractQueuedSynchronizer.java:2078)
        at org.eclipse.jetty.util.BlockingArrayQueue.poll(BlockingArrayQueue.java:382)
        at org.eclipse.jetty.util.thread.QueuedThreadPool$Runner.idleJobPoll(QueuedThreadPool.java:974)
        at org.eclipse.jetty.util.thread.QueuedThreadPool$Runner.run(QueuedThreadPool.java:1018)
        at java.lang.Thread.run(Thread.java:750)
"FixedThreadPoolWithAffinityExecutor-3-0" daemon prio=5 tid=41 timed_waiting
java.lang.Thread.State: TIMED_WAITING
        at sun.misc.Unsafe.park(Native Method)
        at java.util.concurrent.locks.LockSupport.parkNanos(LockSupport.java:215)
        at java.util.concurrent.locks.AbstractQueuedSynchronizer$ConditionObject.awaitNanos(AbstractQueuedSynchronizer.java:2078)
        at java.util.concurrent.LinkedBlockingQueue.poll(LinkedBlockingQueue.java:467)
        at org.apache.hadoop.hdds.scm.server.ContainerReportQueue.poll(ContainerReportQueue.java:266)
        at org.apache.hadoop.hdds.scm.server.ContainerReportQueue.poll(ContainerReportQueue.java:42)
        at org.apache.hadoop.hdds.server.events.FixedThreadPoolWithAffinityExecutor$ContainerReportProcessTask.run(FixedThreadPoolWithAffinityExecutor.java:247)
        at java.util.concurrent.Executors$RunnableAdapter.call(Executors.java:511)
        at java.util.concurrent.FutureTask.run(FutureTask.java:266)
        at java.util.concurrent.ThreadPoolExecutor.runWorker(ThreadPoolExecutor.java:1149)
        at java.util.concurrent.ThreadPoolExecutor$Worker.run(ThreadPoolExecutor.java:624)
        at java.lang.Thread.run(Thread.java:750)
"qtp941765836-443" daemon prio=5 tid=443 timed_waiting
java.lang.Thread.State: TIMED_WAITING
        at sun.misc.Unsafe.park(Native Method)
        at java.util.concurrent.locks.LockSupport.parkNanos(LockSupport.java:215)
        at java.util.concurrent.locks.AbstractQueuedSynchronizer$ConditionObject.awaitNanos(AbstractQueuedSynchronizer.java:2078)
        at org.eclipse.jetty.util.BlockingArrayQueue.poll(BlockingArrayQueue.java:382)
        at org.eclipse.jetty.util.thread.QueuedThreadPool$Runner.idleJobPoll(QueuedThreadPool.java:974)
        at org.eclipse.jetty.util.thread.QueuedThreadPool$Runner.run(QueuedThreadPool.java:1018)
        at java.lang.Thread.run(Thread.java:750)
"Datanode ReportManager Thread - 1" daemon prio=5 tid=514 in Object.wait()
java.lang.Thread.State: WAITING (on object monitor)
        at sun.misc.Unsafe.park(Native Method)
        at java.util.concurrent.locks.LockSupport.park(LockSupport.java:175)
        at java.util.concurrent.locks.AbstractQueuedSynchronizer$ConditionObject.await(AbstractQueuedSynchronizer.java:2039)
        at java.util.concurrent.ScheduledThreadPoolExecutor$DelayedWorkQueue.take(ScheduledThreadPoolExecutor.java:1088)
        at java.util.concurrent.ScheduledThreadPoolExecutor$DelayedWorkQueue.take(ScheduledThreadPoolExecutor.java:809)
        at java.util.concurrent.ThreadPoolExecutor.getTask(ThreadPoolExecutor.java:1074)
        at java.util.concurrent.ThreadPoolExecutor.runWorker(ThreadPoolExecutor.java:1134)
        at java.util.concurrent.ThreadPoolExecutor$Worker.run(ThreadPoolExecutor.java:624)
        at java.lang.Thread.run(Thread.java:750)
"IPC Server handler 1 on default port 15004" daemon prio=5 tid=163 timed_waiting
java.lang.Thread.State: TIMED_WAITING
        at sun.misc.Unsafe.park(Native Method)
        at java.util.concurrent.locks.LockSupport.parkNanos(LockSupport.java:215)
        at java.util.concurrent.locks.AbstractQueuedSynchronizer$ConditionObject.awaitNanos(AbstractQueuedSynchronizer.java:2078)
        at java.util.concurrent.LinkedBlockingQueue.poll(LinkedBlockingQueue.java:467)
        at org.apache.hadoop.ipc.CallQueueManager.take(CallQueueManager.java:317)
        at org.apache.hadoop.ipc.Server$Handler.run(Server.java:2992)
"IPC Server handler 1 on default port 15001" daemon prio=5 tid=70 timed_waiting
java.lang.Thread.State: TIMED_WAITING
        at sun.misc.Unsafe.park(Native Method)
        at java.util.concurrent.locks.LockSupport.parkNanos(LockSupport.java:215)
        at java.util.concurrent.locks.AbstractQueuedSynchronizer$ConditionObject.awaitNanos(AbstractQueuedSynchronizer.java:2078)
        at java.util.concurrent.LinkedBlockingQueue.poll(LinkedBlockingQueue.java:467)
        at org.apache.hadoop.ipc.CallQueueManager.take(CallQueueManager.java:317)
        at org.apache.hadoop.ipc.Server$Handler.run(Server.java:2992)
"org.apache.hadoop.ozone.container.common.statemachine.commandhandler.DeleteBlocksCommandHandler$DeleteCmdWorker@4afbbe76" daemon prio=5 tid=292 timed_waiting
java.lang.Thread.State: TIMED_WAITING
        at java.lang.Thread.sleep(Native Method)
        at org.apache.hadoop.ozone.container.common.statemachine.commandhandler.DeleteBlocksCommandHandler$DeleteCmdWorker.run(DeleteBlocksCommandHandler.java:187)
        at java.lang.Thread.run(Thread.java:750)
"Command processor thread" daemon prio=5 tid=473 timed_waiting
java.lang.Thread.State: TIMED_WAITING
        at java.lang.Thread.sleep(Native Method)
        at org.apache.hadoop.ozone.container.common.statemachine.DatanodeStateMachine.lambda$initCommandHandlerThread$3(DatanodeStateMachine.java:669)
        at org.apache.hadoop.ozone.container.common.statemachine.DatanodeStateMachine$$Lambda$869/5638916.run(Unknown Source)
        at java.lang.Thread.run(Thread.java:750)
"d78dd883-3e4c-45aa-98b2-e8ffdf2e22af@group-13C1C55693B9->d7192325-13fb-433e-b8d5-f6359b644c8f-GrpcLogAppender-LogAppenderDaemon" daemon prio=5 tid=1252 timed_waiting
java.lang.Thread.State: TIMED_WAITING
        at sun.misc.Unsafe.park(Native Method)
        at java.util.concurrent.locks.LockSupport.parkNanos(LockSupport.java:215)
        at java.util.concurrent.locks.AbstractQueuedSynchronizer$ConditionObject.await(AbstractQueuedSynchronizer.java:2163)
        at org.apache.ratis.util.AwaitForSignal.await(AwaitForSignal.java:62)
        at org.apache.ratis.grpc.server.GrpcLogAppender.mayWait(GrpcLogAppender.java:197)
        at org.apache.ratis.grpc.server.GrpcLogAppender.run(GrpcLogAppender.java:148)
        at org.apache.ratis.server.leader.LogAppenderDaemon.run(LogAppenderDaemon.java:78)
        at org.apache.ratis.server.leader.LogAppenderDaemon$$Lambda$1179/1869148481.run(Unknown Source)
        at java.lang.Thread.run(Thread.java:750)
"IPC Server handler 7 on default port 15000" daemon prio=5 tid=56 timed_waiting
java.lang.Thread.State: TIMED_WAITING
        at sun.misc.Unsafe.park(Native Method)
        at java.util.concurrent.locks.LockSupport.parkNanos(LockSupport.java:215)
        at java.util.concurrent.locks.AbstractQueuedSynchronizer$ConditionObject.awaitNanos(AbstractQueuedSynchronizer.java:2078)
        at java.util.concurrent.LinkedBlockingQueue.poll(LinkedBlockingQueue.java:467)
        at org.apache.hadoop.ipc.CallQueueManager.take(CallQueueManager.java:317)
        at org.apache.hadoop.ipc.Server$Handler.run(Server.java:2992)
"Datanode State Machine Task Thread - 0"  prio=5 tid=430 in Object.wait()
java.lang.Thread.State: WAITING (on object monitor)
        at sun.misc.Unsafe.park(Native Method)
        at java.util.concurrent.locks.LockSupport.park(LockSupport.java:175)
        at java.util.concurrent.locks.AbstractQueuedSynchronizer$ConditionObject.await(AbstractQueuedSynchronizer.java:2039)
        at java.util.concurrent.LinkedBlockingQueue.take(LinkedBlockingQueue.java:442)
        at java.util.concurrent.ThreadPoolExecutor.getTask(ThreadPoolExecutor.java:1074)
        at java.util.concurrent.ThreadPoolExecutor.runWorker(ThreadPoolExecutor.java:1134)
        at java.util.concurrent.ThreadPoolExecutor$Worker.run(ThreadPoolExecutor.java:624)
        at java.lang.Thread.run(Thread.java:750)
"Hadoop-Metrics-Updater-0" daemon prio=5 tid=139 timed_waiting
java.lang.Thread.State: TIMED_WAITING
        at sun.misc.Unsafe.park(Native Method)
        at java.util.concurrent.locks.LockSupport.parkNanos(LockSupport.java:215)
        at java.util.concurrent.locks.AbstractQueuedSynchronizer$ConditionObject.awaitNanos(AbstractQueuedSynchronizer.java:2078)
        at java.util.concurrent.ScheduledThreadPoolExecutor$DelayedWorkQueue.take(ScheduledThreadPoolExecutor.java:1093)
        at java.util.concurrent.ScheduledThreadPoolExecutor$DelayedWorkQueue.take(ScheduledThreadPoolExecutor.java:809)
        at java.util.concurrent.ThreadPoolExecutor.getTask(ThreadPoolExecutor.java:1074)
        at java.util.concurrent.ThreadPoolExecutor.runWorker(ThreadPoolExecutor.java:1134)
        at java.util.concurrent.ThreadPoolExecutor$Worker.run(ThreadPoolExecutor.java:624)
        at java.lang.Thread.run(Thread.java:750)
"StaleRecoveringContainerScrubbingService#2" daemon prio=5 tid=927 in Object.wait()
java.lang.Thread.State: WAITING (on object monitor)
        at sun.misc.Unsafe.park(Native Method)
        at java.util.concurrent.locks.LockSupport.park(LockSupport.java:175)
        at java.util.concurrent.locks.AbstractQueuedSynchronizer$ConditionObject.await(AbstractQueuedSynchronizer.java:2039)
        at java.util.concurrent.ScheduledThreadPoolExecutor$DelayedWorkQueue.take(ScheduledThreadPoolExecutor.java:1088)
        at java.util.concurrent.ScheduledThreadPoolExecutor$DelayedWorkQueue.take(ScheduledThreadPoolExecutor.java:809)
        at java.util.concurrent.ThreadPoolExecutor.getTask(ThreadPoolExecutor.java:1074)
        at java.util.concurrent.ThreadPoolExecutor.runWorker(ThreadPoolExecutor.java:1134)
        at java.util.concurrent.ThreadPoolExecutor$Worker.run(ThreadPoolExecutor.java:624)
        at java.lang.Thread.run(Thread.java:750)
"org.apache.hadoop.ozone.container.common.statemachine.commandhandler.DeleteBlocksCommandHandler$DeleteCmdWorker@71e70f8d" daemon prio=5 tid=483 timed_waiting
java.lang.Thread.State: TIMED_WAITING
        at java.lang.Thread.sleep(Native Method)
        at org.apache.hadoop.ozone.container.common.statemachine.commandhandler.DeleteBlocksCommandHandler$DeleteCmdWorker.run(DeleteBlocksCommandHandler.java:187)
        at java.lang.Thread.run(Thread.java:750)
"IPC Server handler 3 on default port 15000" daemon prio=5 tid=52 timed_waiting
java.lang.Thread.State: TIMED_WAITING
        at sun.misc.Unsafe.park(Native Method)
        at java.util.concurrent.locks.LockSupport.parkNanos(LockSupport.java:215)
        at java.util.concurrent.locks.AbstractQueuedSynchronizer$ConditionObject.awaitNanos(AbstractQueuedSynchronizer.java:2078)
        at java.util.concurrent.LinkedBlockingQueue.poll(LinkedBlockingQueue.java:467)
        at org.apache.hadoop.ipc.CallQueueManager.take(CallQueueManager.java:317)
        at org.apache.hadoop.ipc.Server$Handler.run(Server.java:2992)
"StaleRecoveringContainerScrubbingService#9" daemon prio=5 tid=1383 in Object.wait()
java.lang.Thread.State: WAITING (on object monitor)
        at sun.misc.Unsafe.park(Native Method)
        at java.util.concurrent.locks.LockSupport.park(LockSupport.java:175)
        at java.util.concurrent.locks.AbstractQueuedSynchronizer$ConditionObject.await(AbstractQueuedSynchronizer.java:2039)
        at java.util.concurrent.ScheduledThreadPoolExecutor$DelayedWorkQueue.take(ScheduledThreadPoolExecutor.java:1088)
        at java.util.concurrent.ScheduledThreadPoolExecutor$DelayedWorkQueue.take(ScheduledThreadPoolExecutor.java:809)
        at java.util.concurrent.ThreadPoolExecutor.getTask(ThreadPoolExecutor.java:1074)
        at java.util.concurrent.ThreadPoolExecutor.runWorker(ThreadPoolExecutor.java:1134)
        at java.util.concurrent.ThreadPoolExecutor$Worker.run(ThreadPoolExecutor.java:624)
        at java.lang.Thread.run(Thread.java:750)
"ChunkReader-2" daemon prio=5 tid=996 in Object.wait()
java.lang.Thread.State: WAITING (on object monitor)
        at sun.misc.Unsafe.park(Native Method)
        at java.util.concurrent.locks.LockSupport.park(LockSupport.java:175)
        at java.util.concurrent.locks.AbstractQueuedSynchronizer$ConditionObject.await(AbstractQueuedSynchronizer.java:2039)
        at java.util.concurrent.LinkedBlockingQueue.take(LinkedBlockingQueue.java:442)
        at java.util.concurrent.ThreadPoolExecutor.getTask(ThreadPoolExecutor.java:1074)
        at java.util.concurrent.ThreadPoolExecutor.runWorker(ThreadPoolExecutor.java:1134)
        at java.util.concurrent.ThreadPoolExecutor$Worker.run(ThreadPoolExecutor.java:624)
        at java.lang.Thread.run(Thread.java:750)
"Hadoop-Metrics-Updater-0" daemon prio=5 tid=555 timed_waiting
java.lang.Thread.State: TIMED_WAITING
        at sun.misc.Unsafe.park(Native Method)
        at java.util.concurrent.locks.LockSupport.parkNanos(LockSupport.java:215)
        at java.util.concurrent.locks.AbstractQueuedSynchronizer$ConditionObject.awaitNanos(AbstractQueuedSynchronizer.java:2078)
        at java.util.concurrent.ScheduledThreadPoolExecutor$DelayedWorkQueue.take(ScheduledThreadPoolExecutor.java:1093)
        at java.util.concurrent.ScheduledThreadPoolExecutor$DelayedWorkQueue.take(ScheduledThreadPoolExecutor.java:809)
        at java.util.concurrent.ThreadPoolExecutor.getTask(ThreadPoolExecutor.java:1074)
        at java.util.concurrent.ThreadPoolExecutor.runWorker(ThreadPoolExecutor.java:1134)
        at java.util.concurrent.ThreadPoolExecutor$Worker.run(ThreadPoolExecutor.java:624)
        at java.lang.Thread.run(Thread.java:750)
"qtp926797213-267" daemon prio=5 tid=267 timed_waiting
java.lang.Thread.State: TIMED_WAITING
        at sun.misc.Unsafe.park(Native Method)
        at java.util.concurrent.locks.LockSupport.parkNanos(LockSupport.java:215)
        at java.util.concurrent.locks.AbstractQueuedSynchronizer$ConditionObject.awaitNanos(AbstractQueuedSynchronizer.java:2078)
        at org.eclipse.jetty.util.BlockingArrayQueue.poll(BlockingArrayQueue.java:382)
        at org.eclipse.jetty.util.thread.QueuedThreadPool$Runner.idleJobPoll(QueuedThreadPool.java:974)
        at org.eclipse.jetty.util.thread.QueuedThreadPool$Runner.run(QueuedThreadPool.java:1018)
        at java.lang.Thread.run(Thread.java:750)
"ChunkWriter-0-0" daemon prio=5 tid=451 in Object.wait()
java.lang.Thread.State: WAITING (on object monitor)
        at sun.misc.Unsafe.park(Native Method)
        at java.util.concurrent.locks.LockSupport.park(LockSupport.java:175)
        at java.util.concurrent.locks.AbstractQueuedSynchronizer$ConditionObject.await(AbstractQueuedSynchronizer.java:2039)
        at java.util.concurrent.LinkedBlockingDeque.takeFirst(LinkedBlockingDeque.java:492)
        at java.util.concurrent.LinkedBlockingDeque.take(LinkedBlockingDeque.java:680)
        at java.util.concurrent.ThreadPoolExecutor.getTask(ThreadPoolExecutor.java:1074)
        at java.util.concurrent.ThreadPoolExecutor.runWorker(ThreadPoolExecutor.java:1134)
        at java.util.concurrent.ThreadPoolExecutor$Worker.run(ThreadPoolExecutor.java:624)
        at java.lang.Thread.run(Thread.java:750)
"IPC Server idle connection scanner for port 15000" daemon prio=5 tid=35 timed_waiting
java.lang.Thread.State: TIMED_WAITING
        at java.lang.Object.wait(Native Method)
        at java.util.TimerThread.mainLoop(Timer.java:552)
        at java.util.TimerThread.run(Timer.java:505)
"ChunkWriter-1-0" daemon prio=5 tid=624 in Object.wait()
java.lang.Thread.State: WAITING (on object monitor)
        at sun.misc.Unsafe.park(Native Method)
        at java.util.concurrent.locks.LockSupport.park(LockSupport.java:175)
        at java.util.concurrent.locks.AbstractQueuedSynchronizer$ConditionObject.await(AbstractQueuedSynchronizer.java:2039)
        at java.util.concurrent.LinkedBlockingDeque.takeFirst(LinkedBlockingDeque.java:492)
        at java.util.concurrent.LinkedBlockingDeque.take(LinkedBlockingDeque.java:680)
        at java.util.concurrent.ThreadPoolExecutor.getTask(ThreadPoolExecutor.java:1074)
        at java.util.concurrent.ThreadPoolExecutor.runWorker(ThreadPoolExecutor.java:1134)
        at java.util.concurrent.ThreadPoolExecutor$Worker.run(ThreadPoolExecutor.java:624)
        at java.lang.Thread.run(Thread.java:750)
"org.apache.hadoop.ozone.container.common.statemachine.commandhandler.DeleteBlocksCommandHandler$DeleteCmdWorker@2d9b4481" daemon prio=5 tid=226 timed_waiting
java.lang.Thread.State: TIMED_WAITING
        at java.lang.Thread.sleep(Native Method)
        at org.apache.hadoop.ozone.container.common.statemachine.commandhandler.DeleteBlocksCommandHandler$DeleteCmdWorker.run(DeleteBlocksCommandHandler.java:187)
        at java.lang.Thread.run(Thread.java:750)
"Datanode ReportManager Thread - 1" daemon prio=5 tid=245 timed_waiting
java.lang.Thread.State: TIMED_WAITING
        at sun.misc.Unsafe.park(Native Method)
        at java.util.concurrent.locks.LockSupport.parkNanos(LockSupport.java:215)
        at java.util.concurrent.locks.AbstractQueuedSynchronizer$ConditionObject.awaitNanos(AbstractQueuedSynchronizer.java:2078)
        at java.util.concurrent.ScheduledThreadPoolExecutor$DelayedWorkQueue.take(ScheduledThreadPoolExecutor.java:1093)
        at java.util.concurrent.ScheduledThreadPoolExecutor$DelayedWorkQueue.take(ScheduledThreadPoolExecutor.java:809)
        at java.util.concurrent.ThreadPoolExecutor.getTask(ThreadPoolExecutor.java:1074)
        at java.util.concurrent.ThreadPoolExecutor.runWorker(ThreadPoolExecutor.java:1134)
        at java.util.concurrent.ThreadPoolExecutor$Worker.run(ThreadPoolExecutor.java:624)
        at java.lang.Thread.run(Thread.java:750)
"Datanode State Machine Task Thread - 0"  prio=5 tid=284 in Object.wait()
java.lang.Thread.State: WAITING (on object monitor)
        at sun.misc.Unsafe.park(Native Method)
        at java.util.concurrent.locks.LockSupport.park(LockSupport.java:175)
        at java.util.concurrent.locks.AbstractQueuedSynchronizer$ConditionObject.await(AbstractQueuedSynchronizer.java:2039)
        at java.util.concurrent.LinkedBlockingQueue.take(LinkedBlockingQueue.java:442)
        at java.util.concurrent.ThreadPoolExecutor.getTask(ThreadPoolExecutor.java:1074)
        at java.util.concurrent.ThreadPoolExecutor.runWorker(ThreadPoolExecutor.java:1134)
        at java.util.concurrent.ThreadPoolExecutor$Worker.run(ThreadPoolExecutor.java:624)
        at java.lang.Thread.run(Thread.java:750)
"StaleRecoveringContainerScrubbingService#5" daemon prio=5 tid=1220 in Object.wait()
java.lang.Thread.State: WAITING (on object monitor)
        at sun.misc.Unsafe.park(Native Method)
        at java.util.concurrent.locks.LockSupport.park(LockSupport.java:175)
        at java.util.concurrent.locks.AbstractQueuedSynchronizer$ConditionObject.await(AbstractQueuedSynchronizer.java:2039)
        at java.util.concurrent.ScheduledThreadPoolExecutor$DelayedWorkQueue.take(ScheduledThreadPoolExecutor.java:1088)
        at java.util.concurrent.ScheduledThreadPoolExecutor$DelayedWorkQueue.take(ScheduledThreadPoolExecutor.java:809)
        at java.util.concurrent.ThreadPoolExecutor.getTask(ThreadPoolExecutor.java:1074)
        at java.util.concurrent.ThreadPoolExecutor.runWorker(ThreadPoolExecutor.java:1134)
        at java.util.concurrent.ThreadPoolExecutor$Worker.run(ThreadPoolExecutor.java:624)
        at java.lang.Thread.run(Thread.java:750)
"b39db728-622c-42ae-954c-bd0dbc524ba7@group-54B8E535DF2F-StateMachineUpdater" daemon prio=5 tid=784 timed_waiting
java.lang.Thread.State: TIMED_WAITING
        at sun.misc.Unsafe.park(Native Method)
        at java.util.concurrent.locks.LockSupport.parkNanos(LockSupport.java:215)
        at java.util.concurrent.locks.AbstractQueuedSynchronizer$ConditionObject.await(AbstractQueuedSynchronizer.java:2163)
        at org.apache.ratis.util.AwaitForSignal.await(AwaitForSignal.java:62)
        at org.apache.ratis.server.impl.StateMachineUpdater.waitForCommit(StateMachineUpdater.java:209)
        at org.apache.ratis.server.impl.StateMachineUpdater.run(StateMachineUpdater.java:178)
        at java.lang.Thread.run(Thread.java:750)
"Socket Reader #1 for port 15091"  prio=5 tid=552 runnable
java.lang.Thread.State: RUNNABLE
        at sun.nio.ch.EPollArrayWrapper.epollWait(Native Method)
        at sun.nio.ch.EPollArrayWrapper.poll(EPollArrayWrapper.java:269)
        at sun.nio.ch.EPollSelectorImpl.doSelect(EPollSelectorImpl.java:93)
        at sun.nio.ch.SelectorImpl.lockAndDoSelect(SelectorImpl.java:86)
        at sun.nio.ch.SelectorImpl.select(SelectorImpl.java:97)
        at sun.nio.ch.SelectorImpl.select(SelectorImpl.java:101)
        at org.apache.hadoop.ipc.Server$Listener$Reader.doRunLoop(Server.java:1342)
        at org.apache.hadoop.ipc.Server$Listener$Reader.run(Server.java:1321)
"timer1" daemon prio=5 tid=840 timed_waiting
java.lang.Thread.State: TIMED_WAITING
        at java.lang.Object.wait(Native Method)
        at java.util.TimerThread.mainLoop(Timer.java:552)
        at java.util.TimerThread.run(Timer.java:505)
"9125f905-aa43-4d0f-845d-e6cfd4dab0cd-server-thread3" daemon prio=5 tid=978 timed_waiting
java.lang.Thread.State: TIMED_WAITING
        at sun.misc.Unsafe.park(Native Method)
        at java.util.concurrent.locks.LockSupport.parkNanos(LockSupport.java:215)
        at java.util.concurrent.SynchronousQueue$TransferStack.awaitFulfill(SynchronousQueue.java:460)
        at java.util.concurrent.SynchronousQueue$TransferStack.transfer(SynchronousQueue.java:362)
        at java.util.concurrent.SynchronousQueue.poll(SynchronousQueue.java:941)
        at java.util.concurrent.ThreadPoolExecutor.getTask(ThreadPoolExecutor.java:1073)
        at java.util.concurrent.ThreadPoolExecutor.runWorker(ThreadPoolExecutor.java:1134)
        at java.util.concurrent.ThreadPoolExecutor$Worker.run(ThreadPoolExecutor.java:624)
        at java.lang.Thread.run(Thread.java:750)
"ec-reconstruct-reader-TID-1"  prio=5 tid=1087 in Object.wait()
java.lang.Thread.State: WAITING (on object monitor)
        at sun.misc.Unsafe.park(Native Method)
        at java.util.concurrent.locks.LockSupport.park(LockSupport.java:175)
        at java.util.concurrent.SynchronousQueue$TransferStack.awaitFulfill(SynchronousQueue.java:458)
        at java.util.concurrent.SynchronousQueue$TransferStack.transfer(SynchronousQueue.java:362)
        at java.util.concurrent.SynchronousQueue.take(SynchronousQueue.java:924)
        at java.util.concurrent.ThreadPoolExecutor.getTask(ThreadPoolExecutor.java:1074)
        at java.util.concurrent.ThreadPoolExecutor.runWorker(ThreadPoolExecutor.java:1134)
        at java.util.concurrent.ThreadPoolExecutor$Worker.run(ThreadPoolExecutor.java:624)
        at java.lang.Thread.run(Thread.java:750)
"BlockDeletingService#3" daemon prio=5 tid=1403 in Object.wait()
java.lang.Thread.State: WAITING (on object monitor)
        at sun.misc.Unsafe.park(Native Method)
        at java.util.concurrent.locks.LockSupport.park(LockSupport.java:175)
        at java.util.concurrent.locks.AbstractQueuedSynchronizer$ConditionObject.await(AbstractQueuedSynchronizer.java:2039)
        at java.util.concurrent.ScheduledThreadPoolExecutor$DelayedWorkQueue.take(ScheduledThreadPoolExecutor.java:1088)
        at java.util.concurrent.ScheduledThreadPoolExecutor$DelayedWorkQueue.take(ScheduledThreadPoolExecutor.java:809)
        at java.util.concurrent.ThreadPoolExecutor.getTask(ThreadPoolExecutor.java:1074)
        at java.util.concurrent.ThreadPoolExecutor.runWorker(ThreadPoolExecutor.java:1134)
        at java.util.concurrent.ThreadPoolExecutor$Worker.run(ThreadPoolExecutor.java:624)
        at java.lang.Thread.run(Thread.java:750)
"StaleRecoveringContainerScrubbingService#9" daemon prio=5 tid=1384 in Object.wait()
java.lang.Thread.State: WAITING (on object monitor)
        at sun.misc.Unsafe.park(Native Method)
        at java.util.concurrent.locks.LockSupport.park(LockSupport.java:175)
        at java.util.concurrent.locks.AbstractQueuedSynchronizer$ConditionObject.await(AbstractQueuedSynchronizer.java:2039)
        at java.util.concurrent.ScheduledThreadPoolExecutor$DelayedWorkQueue.take(ScheduledThreadPoolExecutor.java:1088)
        at java.util.concurrent.ScheduledThreadPoolExecutor$DelayedWorkQueue.take(ScheduledThreadPoolExecutor.java:809)
        at java.util.concurrent.ThreadPoolExecutor.getTask(ThreadPoolExecutor.java:1074)
        at java.util.concurrent.ThreadPoolExecutor.runWorker(ThreadPoolExecutor.java:1134)
        at java.util.concurrent.ThreadPoolExecutor$Worker.run(ThreadPoolExecutor.java:624)
        at java.lang.Thread.run(Thread.java:750)
"d7192325-13fb-433e-b8d5-f6359b644c8f@group-13C1C55693B9-SegmentedRaftLogWorker"  prio=5 tid=1196 timed_waiting
java.lang.Thread.State: TIMED_WAITING
        at sun.misc.Unsafe.park(Native Method)
        at java.util.concurrent.locks.LockSupport.parkNanos(LockSupport.java:215)
        at java.util.concurrent.locks.AbstractQueuedSynchronizer$ConditionObject.awaitNanos(AbstractQueuedSynchronizer.java:2078)
        at org.apache.ratis.util.DataBlockingQueue.poll(DataBlockingQueue.java:148)
        at org.apache.ratis.server.raftlog.segmented.SegmentedRaftLogWorker.run(SegmentedRaftLogWorker.java:307)
        at org.apache.ratis.server.raftlog.segmented.SegmentedRaftLogWorker$$Lambda$764/731878032.run(Unknown Source)
        at java.util.concurrent.Executors$RunnableAdapter.call(Executors.java:511)
        at java.util.concurrent.FutureTask.run(FutureTask.java:266)
        at java.util.concurrent.ThreadPoolExecutor.runWorker(ThreadPoolExecutor.java:1149)
        at java.util.concurrent.ThreadPoolExecutor$Worker.run(ThreadPoolExecutor.java:624)
        at java.lang.Thread.run(Thread.java:750)
"timer2" daemon prio=5 tid=841 timed_waiting
java.lang.Thread.State: TIMED_WAITING
        at java.lang.Object.wait(Native Method)
        at java.util.TimerThread.mainLoop(Timer.java:552)
        at java.util.TimerThread.run(Timer.java:505)
"d7192325-13fb-433e-b8d5-f6359b644c8f@group-1DFD4EBF5B32-SegmentedRaftLogWorker"  prio=5 tid=816 timed_waiting
java.lang.Thread.State: TIMED_WAITING
        at sun.misc.Unsafe.park(Native Method)
        at java.util.concurrent.locks.LockSupport.parkNanos(LockSupport.java:215)
        at java.util.concurrent.locks.AbstractQueuedSynchronizer$ConditionObject.awaitNanos(AbstractQueuedSynchronizer.java:2078)
        at org.apache.ratis.util.DataBlockingQueue.poll(DataBlockingQueue.java:148)
        at org.apache.ratis.server.raftlog.segmented.SegmentedRaftLogWorker.run(SegmentedRaftLogWorker.java:307)
        at org.apache.ratis.server.raftlog.segmented.SegmentedRaftLogWorker$$Lambda$764/731878032.run(Unknown Source)
        at java.util.concurrent.Executors$RunnableAdapter.call(Executors.java:511)
        at java.util.concurrent.FutureTask.run(FutureTask.java:266)
        at java.util.concurrent.ThreadPoolExecutor.runWorker(ThreadPoolExecutor.java:1149)
        at java.util.concurrent.ThreadPoolExecutor$Worker.run(ThreadPoolExecutor.java:624)
        at java.lang.Thread.run(Thread.java:750)
"IPC Server Responder" daemon prio=5 tid=464 runnable
java.lang.Thread.State: RUNNABLE
        at sun.nio.ch.EPollArrayWrapper.epollWait(Native Method)
        at sun.nio.ch.EPollArrayWrapper.poll(EPollArrayWrapper.java:269)
        at sun.nio.ch.EPollSelectorImpl.doSelect(EPollSelectorImpl.java:93)
        at sun.nio.ch.SelectorImpl.lockAndDoSelect(SelectorImpl.java:86)
        at sun.nio.ch.SelectorImpl.select(SelectorImpl.java:97)
        at org.apache.hadoop.ipc.Server$Responder.doRunLoop(Server.java:1578)
        at org.apache.hadoop.ipc.Server$Responder.run(Server.java:1561)
"Datanode State Machine Task Thread - 1"  prio=5 tid=539 in Object.wait()
java.lang.Thread.State: WAITING (on object monitor)
        at sun.misc.Unsafe.park(Native Method)
        at java.util.concurrent.locks.LockSupport.park(LockSupport.java:175)
        at java.util.concurrent.locks.AbstractQueuedSynchronizer$ConditionObject.await(AbstractQueuedSynchronizer.java:2039)
        at java.util.concurrent.LinkedBlockingQueue.take(LinkedBlockingQueue.java:442)
        at java.util.concurrent.ThreadPoolExecutor.getTask(ThreadPoolExecutor.java:1074)
        at java.util.concurrent.ThreadPoolExecutor.runWorker(ThreadPoolExecutor.java:1134)
        at java.util.concurrent.ThreadPoolExecutor$Worker.run(ThreadPoolExecutor.java:624)
        at java.lang.Thread.run(Thread.java:750)
"ChunkReader-7" daemon prio=5 tid=1094 in Object.wait()
java.lang.Thread.State: WAITING (on object monitor)
        at sun.misc.Unsafe.park(Native Method)
        at java.util.concurrent.locks.LockSupport.park(LockSupport.java:175)
        at java.util.concurrent.locks.AbstractQueuedSynchronizer$ConditionObject.await(AbstractQueuedSynchronizer.java:2039)
        at java.util.concurrent.LinkedBlockingQueue.take(LinkedBlockingQueue.java:442)
        at java.util.concurrent.ThreadPoolExecutor.getTask(ThreadPoolExecutor.java:1074)
        at java.util.concurrent.ThreadPoolExecutor.runWorker(ThreadPoolExecutor.java:1134)
        at java.util.concurrent.ThreadPoolExecutor$Worker.run(ThreadPoolExecutor.java:624)
        at java.lang.Thread.run(Thread.java:750)
"IPC Server handler 15 on default port 15001" daemon prio=5 tid=84 timed_waiting
java.lang.Thread.State: TIMED_WAITING
        at sun.misc.Unsafe.park(Native Method)
        at java.util.concurrent.locks.LockSupport.parkNanos(LockSupport.java:215)
        at java.util.concurrent.locks.AbstractQueuedSynchronizer$ConditionObject.awaitNanos(AbstractQueuedSynchronizer.java:2078)
        at java.util.concurrent.LinkedBlockingQueue.poll(LinkedBlockingQueue.java:467)
        at org.apache.hadoop.ipc.CallQueueManager.take(CallQueueManager.java:317)
        at org.apache.hadoop.ipc.Server$Handler.run(Server.java:2992)
"Socket Reader #1 for port 15002"  prio=5 tid=24 runnable
java.lang.Thread.State: RUNNABLE
        at sun.nio.ch.EPollArrayWrapper.epollWait(Native Method)
        at sun.nio.ch.EPollArrayWrapper.poll(EPollArrayWrapper.java:269)
        at sun.nio.ch.EPollSelectorImpl.doSelect(EPollSelectorImpl.java:93)
        at sun.nio.ch.SelectorImpl.lockAndDoSelect(SelectorImpl.java:86)
        at sun.nio.ch.SelectorImpl.select(SelectorImpl.java:97)
        at sun.nio.ch.SelectorImpl.select(SelectorImpl.java:101)
        at org.apache.hadoop.ipc.Server$Listener$Reader.doRunLoop(Server.java:1342)
        at org.apache.hadoop.ipc.Server$Listener$Reader.run(Server.java:1321)
"BlockDeletingService#2" daemon prio=5 tid=1359 in Object.wait()
java.lang.Thread.State: WAITING (on object monitor)
        at sun.misc.Unsafe.park(Native Method)
        at java.util.concurrent.locks.LockSupport.park(LockSupport.java:175)
        at java.util.concurrent.locks.AbstractQueuedSynchronizer$ConditionObject.await(AbstractQueuedSynchronizer.java:2039)
        at java.util.concurrent.ScheduledThreadPoolExecutor$DelayedWorkQueue.take(ScheduledThreadPoolExecutor.java:1088)
        at java.util.concurrent.ScheduledThreadPoolExecutor$DelayedWorkQueue.take(ScheduledThreadPoolExecutor.java:809)
        at java.util.concurrent.ThreadPoolExecutor.getTask(ThreadPoolExecutor.java:1074)
        at java.util.concurrent.ThreadPoolExecutor.runWorker(ThreadPoolExecutor.java:1134)
        at java.util.concurrent.ThreadPoolExecutor$Worker.run(ThreadPoolExecutor.java:624)
        at java.lang.Thread.run(Thread.java:750)
"Session-HouseKeeper-5ecfa2a4-1"  prio=5 tid=302 timed_waiting
java.lang.Thread.State: TIMED_WAITING
        at sun.misc.Unsafe.park(Native Method)
        at java.util.concurrent.locks.LockSupport.parkNanos(LockSupport.java:215)
        at java.util.concurrent.locks.AbstractQueuedSynchronizer$ConditionObject.awaitNanos(AbstractQueuedSynchronizer.java:2078)
        at java.util.concurrent.ScheduledThreadPoolExecutor$DelayedWorkQueue.take(ScheduledThreadPoolExecutor.java:1093)
        at java.util.concurrent.ScheduledThreadPoolExecutor$DelayedWorkQueue.take(ScheduledThreadPoolExecutor.java:809)
        at java.util.concurrent.ThreadPoolExecutor.getTask(ThreadPoolExecutor.java:1074)
        at java.util.concurrent.ThreadPoolExecutor.runWorker(ThreadPoolExecutor.java:1134)
        at java.util.concurrent.ThreadPoolExecutor$Worker.run(ThreadPoolExecutor.java:624)
        at java.lang.Thread.run(Thread.java:750)
"IPC Server listener on 15004" daemon prio=5 tid=135 runnable
java.lang.Thread.State: RUNNABLE
        at sun.nio.ch.EPollArrayWrapper.epollWait(Native Method)
        at sun.nio.ch.EPollArrayWrapper.poll(EPollArrayWrapper.java:269)
        at sun.nio.ch.EPollSelectorImpl.doSelect(EPollSelectorImpl.java:93)
        at sun.nio.ch.SelectorImpl.lockAndDoSelect(SelectorImpl.java:86)
        at sun.nio.ch.SelectorImpl.select(SelectorImpl.java:97)
        at sun.nio.ch.SelectorImpl.select(SelectorImpl.java:101)
        at org.apache.hadoop.ipc.Server$Listener.run(Server.java:1404)
"ContainerReplicationThread-1" daemon prio=5 tid=1363 timed_waiting
java.lang.Thread.State: TIMED_WAITING
        at java.lang.Thread.sleep(Native Method)
        at org.apache.ozone.test.GenericTestUtils.waitFor(GenericTestUtils.java:224)
        at org.apache.hadoop.ozone.container.TestECContainerRecovery.lambda$testECContainerRecoveryWithTimedOutRecovery$1(TestECContainerRecovery.java:312)
        at org.apache.hadoop.ozone.container.TestECContainerRecovery$$Lambda$1624/1570072505.answer(Unknown Source)
        at org.mockito.internal.stubbing.StubbedInvocationMatcher.answer(StubbedInvocationMatcher.java:39)
        at org.mockito.internal.handler.MockHandlerImpl.handle(MockHandlerImpl.java:96)
        at org.mockito.internal.handler.NullResultGuardian.handle(NullResultGuardian.java:29)
        at org.mockito.internal.handler.InvocationNotifierHandler.handle(InvocationNotifierHandler.java:35)
        at org.mockito.internal.creation.bytebuddy.MockMethodInterceptor.doIntercept(MockMethodInterceptor.java:61)
        at org.mockito.internal.creation.bytebuddy.MockMethodAdvice.handle(MockMethodAdvice.java:105)
        at org.apache.hadoop.ozone.container.ec.reconstruction.ECReconstructionCoordinator.reconstructECBlockGroup(ECReconstructionCoordinator.java:232)
        at org.apache.hadoop.ozone.container.ec.reconstruction.ECReconstructionCoordinator.reconstructECContainerGroup(ECReconstructionCoordinator.java:171)
        at sun.reflect.NativeMethodAccessorImpl.invoke0(Native Method)
        at sun.reflect.NativeMethodAccessorImpl.invoke(NativeMethodAccessorImpl.java:62)
        at sun.reflect.DelegatingMethodAccessorImpl.invoke(DelegatingMethodAccessorImpl.java:43)
        at java.lang.reflect.Method.invoke(Method.java:498)
        at org.mockito.internal.creation.bytebuddy.MockMethodAdvice.tryInvoke(MockMethodAdvice.java:212)
        at org.mockito.internal.creation.bytebuddy.MockMethodAdvice.access$400(MockMethodAdvice.java:34)
        at org.mockito.internal.creation.bytebuddy.MockMethodAdvice$RealMethodCall.invoke(MockMethodAdvice.java:164)
        at org.mockito.internal.invocation.InterceptedInvocation.callRealMethod(InterceptedInvocation.java:152)
        at org.mockito.internal.stubbing.answers.CallsRealMethods.answer(CallsRealMethods.java:43)
        at org.mockito.Answers.answer(Answers.java:100)
        at org.mockito.internal.handler.MockHandlerImpl.handle(MockHandlerImpl.java:103)
        at org.mockito.internal.handler.NullResultGuardian.handle(NullResultGuardian.java:29)
        at org.mockito.internal.handler.InvocationNotifierHandler.handle(InvocationNotifierHandler.java:35)
        at org.mockito.internal.creation.bytebuddy.MockMethodInterceptor.doIntercept(MockMethodInterceptor.java:61)
        at org.mockito.internal.creation.bytebuddy.MockMethodAdvice.handle(MockMethodAdvice.java:105)
        at org.apache.hadoop.ozone.container.ec.reconstruction.ECReconstructionCoordinator.reconstructECContainerGroup(ECReconstructionCoordinator.java:141)
        at org.apache.hadoop.ozone.container.ec.reconstruction.ECReconstructionCoordinatorTask.runTask(ECReconstructionCoordinatorTask.java:68)
        at org.apache.hadoop.ozone.container.replication.ReplicationSupervisor$TaskRunner.run(ReplicationSupervisor.java:348)
        at java.util.concurrent.ThreadPoolExecutor.runWorker(ThreadPoolExecutor.java:1149)
        at java.util.concurrent.ThreadPoolExecutor$Worker.run(ThreadPoolExecutor.java:624)
        at java.lang.Thread.run(Thread.java:750)
"ChunkReader-5" daemon prio=5 tid=1083 in Object.wait()
java.lang.Thread.State: WAITING (on object monitor)
        at sun.misc.Unsafe.park(Native Method)
        at java.util.concurrent.locks.LockSupport.park(LockSupport.java:175)
        at java.util.concurrent.locks.AbstractQueuedSynchronizer$ConditionObject.await(AbstractQueuedSynchronizer.java:2039)
        at java.util.concurrent.LinkedBlockingQueue.take(LinkedBlockingQueue.java:442)
        at java.util.concurrent.ThreadPoolExecutor.getTask(ThreadPoolExecutor.java:1074)
        at java.util.concurrent.ThreadPoolExecutor.runWorker(ThreadPoolExecutor.java:1134)
        at java.util.concurrent.ThreadPoolExecutor$Worker.run(ThreadPoolExecutor.java:624)
        at java.lang.Thread.run(Thread.java:750)
"9125f905-aa43-4d0f-845d-e6cfd4dab0cd@group-54B8E535DF2F-StateMachineUpdater" daemon prio=5 tid=776 timed_waiting
java.lang.Thread.State: TIMED_WAITING
        at sun.misc.Unsafe.park(Native Method)
        at java.util.concurrent.locks.LockSupport.parkNanos(LockSupport.java:215)
        at java.util.concurrent.locks.AbstractQueuedSynchronizer$ConditionObject.await(AbstractQueuedSynchronizer.java:2163)
        at org.apache.ratis.util.AwaitForSignal.await(AwaitForSignal.java:62)
        at org.apache.ratis.server.impl.StateMachineUpdater.waitForCommit(StateMachineUpdater.java:209)
        at org.apache.ratis.server.impl.StateMachineUpdater.run(StateMachineUpdater.java:178)
        at java.lang.Thread.run(Thread.java:750)
"ChunkReader-1" daemon prio=5 tid=998 in Object.wait()
java.lang.Thread.State: WAITING (on object monitor)
        at sun.misc.Unsafe.park(Native Method)
        at java.util.concurrent.locks.LockSupport.park(LockSupport.java:175)
        at java.util.concurrent.locks.AbstractQueuedSynchronizer$ConditionObject.await(AbstractQueuedSynchronizer.java:2039)
        at java.util.concurrent.LinkedBlockingQueue.take(LinkedBlockingQueue.java:442)
        at java.util.concurrent.ThreadPoolExecutor.getTask(ThreadPoolExecutor.java:1074)
        at java.util.concurrent.ThreadPoolExecutor.runWorker(ThreadPoolExecutor.java:1134)
        at java.util.concurrent.ThreadPoolExecutor$Worker.run(ThreadPoolExecutor.java:624)
        at java.lang.Thread.run(Thread.java:750)
"Timer for 'StorageContainerManager' metrics system" daemon prio=5 tid=48 timed_waiting
java.lang.Thread.State: TIMED_WAITING
        at java.lang.Object.wait(Native Method)
        at java.util.TimerThread.mainLoop(Timer.java:552)
        at java.util.TimerThread.run(Timer.java:505)
"Periodic HDDS volume checker" daemon prio=5 tid=477 timed_waiting
java.lang.Thread.State: TIMED_WAITING
        at sun.misc.Unsafe.park(Native Method)
        at java.util.concurrent.locks.LockSupport.parkNanos(LockSupport.java:215)
        at java.util.concurrent.locks.AbstractQueuedSynchronizer$ConditionObject.awaitNanos(AbstractQueuedSynchronizer.java:2078)
        at java.util.concurrent.ScheduledThreadPoolExecutor$DelayedWorkQueue.take(ScheduledThreadPoolExecutor.java:1093)
        at java.util.concurrent.ScheduledThreadPoolExecutor$DelayedWorkQueue.take(ScheduledThreadPoolExecutor.java:809)
        at java.util.concurrent.ThreadPoolExecutor.getTask(ThreadPoolExecutor.java:1074)
        at java.util.concurrent.ThreadPoolExecutor.runWorker(ThreadPoolExecutor.java:1134)
        at java.util.concurrent.ThreadPoolExecutor$Worker.run(ThreadPoolExecutor.java:624)
        at java.lang.Thread.run(Thread.java:750)
"qtp1739609831-364" daemon prio=5 tid=364 timed_waiting
java.lang.Thread.State: TIMED_WAITING
        at sun.misc.Unsafe.park(Native Method)
        at java.util.concurrent.locks.LockSupport.parkNanos(LockSupport.java:215)
        at java.util.concurrent.locks.AbstractQueuedSynchronizer$ConditionObject.awaitNanos(AbstractQueuedSynchronizer.java:2078)
        at org.eclipse.jetty.util.BlockingArrayQueue.poll(BlockingArrayQueue.java:382)
        at org.eclipse.jetty.util.thread.QueuedThreadPool$Runner.idleJobPoll(QueuedThreadPool.java:974)
        at org.eclipse.jetty.util.thread.QueuedThreadPool$Runner.run(QueuedThreadPool.java:1018)
        at java.lang.Thread.run(Thread.java:750)
"ChunkWriter-2-0" daemon prio=5 tid=625 in Object.wait()
java.lang.Thread.State: WAITING (on object monitor)
        at sun.misc.Unsafe.park(Native Method)
        at java.util.concurrent.locks.LockSupport.park(LockSupport.java:175)
        at java.util.concurrent.locks.AbstractQueuedSynchronizer$ConditionObject.await(AbstractQueuedSynchronizer.java:2039)
        at java.util.concurrent.LinkedBlockingDeque.takeFirst(LinkedBlockingDeque.java:492)
        at java.util.concurrent.LinkedBlockingDeque.take(LinkedBlockingDeque.java:680)
        at java.util.concurrent.ThreadPoolExecutor.getTask(ThreadPoolExecutor.java:1074)
        at java.util.concurrent.ThreadPoolExecutor.runWorker(ThreadPoolExecutor.java:1134)
        at java.util.concurrent.ThreadPoolExecutor$Worker.run(ThreadPoolExecutor.java:624)
        at java.lang.Thread.run(Thread.java:750)
"qtp1533380014-157" daemon prio=5 tid=157 timed_waiting
java.lang.Thread.State: TIMED_WAITING
        at sun.misc.Unsafe.park(Native Method)
        at java.util.concurrent.locks.LockSupport.parkNanos(LockSupport.java:215)
        at java.util.concurrent.locks.AbstractQueuedSynchronizer$ConditionObject.awaitNanos(AbstractQueuedSynchronizer.java:2078)
        at org.eclipse.jetty.util.BlockingArrayQueue.poll(BlockingArrayQueue.java:382)
        at org.eclipse.jetty.util.thread.QueuedThreadPool$Runner.idleJobPoll(QueuedThreadPool.java:974)
        at org.eclipse.jetty.util.thread.QueuedThreadPool$Runner.run(QueuedThreadPool.java:1018)
        at java.lang.Thread.run(Thread.java:750)
"qtp246025507-397" daemon prio=5 tid=397 timed_waiting
java.lang.Thread.State: TIMED_WAITING
        at sun.misc.Unsafe.park(Native Method)
        at java.util.concurrent.locks.LockSupport.parkNanos(LockSupport.java:215)
        at java.util.concurrent.locks.AbstractQueuedSynchronizer$ConditionObject.awaitNanos(AbstractQueuedSynchronizer.java:2078)
        at org.eclipse.jetty.util.BlockingArrayQueue.poll(BlockingArrayQueue.java:382)
        at org.eclipse.jetty.util.thread.QueuedThreadPool$Runner.idleJobPoll(QueuedThreadPool.java:974)
        at org.eclipse.jetty.util.thread.QueuedThreadPool$Runner.run(QueuedThreadPool.java:1018)
        at java.lang.Thread.run(Thread.java:750)
"PipelineCommandHandlerThread-0"  prio=5 tid=1174 in Object.wait()
java.lang.Thread.State: WAITING (on object monitor)
        at sun.misc.Unsafe.park(Native Method)
        at java.util.concurrent.locks.LockSupport.park(LockSupport.java:175)
        at java.util.concurrent.locks.AbstractQueuedSynchronizer$ConditionObject.await(AbstractQueuedSynchronizer.java:2039)
        at java.util.concurrent.LinkedBlockingQueue.take(LinkedBlockingQueue.java:442)
        at java.util.concurrent.ThreadPoolExecutor.getTask(ThreadPoolExecutor.java:1074)
        at java.util.concurrent.ThreadPoolExecutor.runWorker(ThreadPoolExecutor.java:1134)
        at java.util.concurrent.ThreadPoolExecutor$Worker.run(ThreadPoolExecutor.java:624)
        at java.lang.Thread.run(Thread.java:750)
"grpc-default-boss-ELG-1-1" daemon prio=5 tid=144 runnable
java.lang.Thread.State: RUNNABLE
        at org.apache.ratis.thirdparty.io.netty.channel.epoll.Native.epollWait(Native Method)
        at org.apache.ratis.thirdparty.io.netty.channel.epoll.Native.epollWait(Native.java:209)
        at org.apache.ratis.thirdparty.io.netty.channel.epoll.Native.epollWait(Native.java:202)
        at org.apache.ratis.thirdparty.io.netty.channel.epoll.EpollEventLoop.epollWaitNoTimerChange(EpollEventLoop.java:306)
        at org.apache.ratis.thirdparty.io.netty.channel.epoll.EpollEventLoop.run(EpollEventLoop.java:363)
        at org.apache.ratis.thirdparty.io.netty.util.concurrent.SingleThreadEventExecutor$4.run(SingleThreadEventExecutor.java:997)
        at org.apache.ratis.thirdparty.io.netty.util.internal.ThreadExecutorMap$2.run(ThreadExecutorMap.java:74)
        at org.apache.ratis.thirdparty.io.netty.util.concurrent.FastThreadLocalRunnable.run(FastThreadLocalRunnable.java:30)
        at java.lang.Thread.run(Thread.java:750)
"Datanode ReportManager Thread - 4" daemon prio=5 tid=427 timed_waiting
java.lang.Thread.State: TIMED_WAITING
        at sun.misc.Unsafe.park(Native Method)
        at java.util.concurrent.locks.LockSupport.parkNanos(LockSupport.java:215)
        at java.util.concurrent.locks.AbstractQueuedSynchronizer$ConditionObject.awaitNanos(AbstractQueuedSynchronizer.java:2078)
        at java.util.concurrent.ScheduledThreadPoolExecutor$DelayedWorkQueue.take(ScheduledThreadPoolExecutor.java:1093)
        at java.util.concurrent.ScheduledThreadPoolExecutor$DelayedWorkQueue.take(ScheduledThreadPoolExecutor.java:809)
        at java.util.concurrent.ThreadPoolExecutor.getTask(ThreadPoolExecutor.java:1074)
        at java.util.concurrent.ThreadPoolExecutor.runWorker(ThreadPoolExecutor.java:1134)
        at java.util.concurrent.ThreadPoolExecutor$Worker.run(ThreadPoolExecutor.java:624)
        at java.lang.Thread.run(Thread.java:750)
"ChunkReader-ELG-0" daemon prio=5 tid=585 runnable
java.lang.Thread.State: RUNNABLE
        at org.apache.ratis.thirdparty.io.netty.channel.epoll.Native.epollWait(Native Method)
        at org.apache.ratis.thirdparty.io.netty.channel.epoll.Native.epollWait(Native.java:209)
        at org.apache.ratis.thirdparty.io.netty.channel.epoll.Native.epollWait(Native.java:202)
        at org.apache.ratis.thirdparty.io.netty.channel.epoll.EpollEventLoop.epollWaitNoTimerChange(EpollEventLoop.java:306)
        at org.apache.ratis.thirdparty.io.netty.channel.epoll.EpollEventLoop.run(EpollEventLoop.java:363)
        at org.apache.ratis.thirdparty.io.netty.util.concurrent.SingleThreadEventExecutor$4.run(SingleThreadEventExecutor.java:997)
        at org.apache.ratis.thirdparty.io.netty.util.internal.ThreadExecutorMap$2.run(ThreadExecutorMap.java:74)
        at java.lang.Thread.run(Thread.java:750)
"IPC Server Responder" daemon prio=5 tid=419 runnable
java.lang.Thread.State: RUNNABLE
        at sun.nio.ch.EPollArrayWrapper.epollWait(Native Method)
        at sun.nio.ch.EPollArrayWrapper.poll(EPollArrayWrapper.java:269)
        at sun.nio.ch.EPollSelectorImpl.doSelect(EPollSelectorImpl.java:93)
        at sun.nio.ch.SelectorImpl.lockAndDoSelect(SelectorImpl.java:86)
        at sun.nio.ch.SelectorImpl.select(SelectorImpl.java:97)
        at org.apache.hadoop.ipc.Server$Responder.doRunLoop(Server.java:1578)
        at org.apache.hadoop.ipc.Server$Responder.run(Server.java:1561)
"Hadoop-Metrics-Updater-0" daemon prio=5 tid=27 timed_waiting
java.lang.Thread.State: TIMED_WAITING
        at sun.misc.Unsafe.park(Native Method)
        at java.util.concurrent.locks.LockSupport.parkNanos(LockSupport.java:215)
        at java.util.concurrent.locks.AbstractQueuedSynchronizer$ConditionObject.awaitNanos(AbstractQueuedSynchronizer.java:2078)
        at java.util.concurrent.ScheduledThreadPoolExecutor$DelayedWorkQueue.take(ScheduledThreadPoolExecutor.java:1093)
        at java.util.concurrent.ScheduledThreadPoolExecutor$DelayedWorkQueue.take(ScheduledThreadPoolExecutor.java:809)
        at java.util.concurrent.ThreadPoolExecutor.getTask(ThreadPoolExecutor.java:1074)
        at java.util.concurrent.ThreadPoolExecutor.runWorker(ThreadPoolExecutor.java:1134)
        at java.util.concurrent.ThreadPoolExecutor$Worker.run(ThreadPoolExecutor.java:624)
        at java.lang.Thread.run(Thread.java:750)
"IPC Server listener on 15037" daemon prio=5 tid=303 runnable
java.lang.Thread.State: RUNNABLE
        at sun.nio.ch.EPollArrayWrapper.epollWait(Native Method)
        at sun.nio.ch.EPollArrayWrapper.poll(EPollArrayWrapper.java:269)
        at sun.nio.ch.EPollSelectorImpl.doSelect(EPollSelectorImpl.java:93)
        at sun.nio.ch.SelectorImpl.lockAndDoSelect(SelectorImpl.java:86)
        at sun.nio.ch.SelectorImpl.select(SelectorImpl.java:97)
        at sun.nio.ch.SelectorImpl.select(SelectorImpl.java:101)
        at org.apache.hadoop.ipc.Server$Listener.run(Server.java:1404)
"StaleRecoveringContainerScrubbingService#8" daemon prio=5 tid=1377 in Object.wait()
java.lang.Thread.State: WAITING (on object monitor)
        at sun.misc.Unsafe.park(Native Method)
        at java.util.concurrent.locks.LockSupport.park(LockSupport.java:175)
        at java.util.concurrent.locks.AbstractQueuedSynchronizer$ConditionObject.await(AbstractQueuedSynchronizer.java:2039)
        at java.util.concurrent.ScheduledThreadPoolExecutor$DelayedWorkQueue.take(ScheduledThreadPoolExecutor.java:1088)
        at java.util.concurrent.ScheduledThreadPoolExecutor$DelayedWorkQueue.take(ScheduledThreadPoolExecutor.java:809)
        at java.util.concurrent.ThreadPoolExecutor.getTask(ThreadPoolExecutor.java:1074)
        at java.util.concurrent.ThreadPoolExecutor.runWorker(ThreadPoolExecutor.java:1134)
        at java.util.concurrent.ThreadPoolExecutor$Worker.run(ThreadPoolExecutor.java:624)
        at java.lang.Thread.run(Thread.java:750)
"ChunkReader-2" daemon prio=5 tid=1399 in Object.wait()
java.lang.Thread.State: WAITING (on object monitor)
        at sun.misc.Unsafe.park(Native Method)
        at java.util.concurrent.locks.LockSupport.park(LockSupport.java:175)
        at java.util.concurrent.locks.AbstractQueuedSynchronizer$ConditionObject.await(AbstractQueuedSynchronizer.java:2039)
        at java.util.concurrent.LinkedBlockingQueue.take(LinkedBlockingQueue.java:442)
        at java.util.concurrent.ThreadPoolExecutor.getTask(ThreadPoolExecutor.java:1074)
        at java.util.concurrent.ThreadPoolExecutor.runWorker(ThreadPoolExecutor.java:1134)
        at java.util.concurrent.ThreadPoolExecutor$Worker.run(ThreadPoolExecutor.java:624)
        at java.lang.Thread.run(Thread.java:750)
"Datanode ReportManager Thread - 4" daemon prio=5 tid=1136 timed_waiting
java.lang.Thread.State: TIMED_WAITING
        at sun.misc.Unsafe.park(Native Method)
        at java.util.concurrent.locks.LockSupport.parkNanos(LockSupport.java:215)
        at java.util.concurrent.locks.AbstractQueuedSynchronizer$ConditionObject.awaitNanos(AbstractQueuedSynchronizer.java:2078)
        at java.util.concurrent.ScheduledThreadPoolExecutor$DelayedWorkQueue.take(ScheduledThreadPoolExecutor.java:1093)
        at java.util.concurrent.ScheduledThreadPoolExecutor$DelayedWorkQueue.take(ScheduledThreadPoolExecutor.java:809)
        at java.util.concurrent.ThreadPoolExecutor.getTask(ThreadPoolExecutor.java:1074)
        at java.util.concurrent.ThreadPoolExecutor.runWorker(ThreadPoolExecutor.java:1134)
        at java.util.concurrent.ThreadPoolExecutor$Worker.run(ThreadPoolExecutor.java:624)
        at java.lang.Thread.run(Thread.java:750)
"PipelineCommandHandlerThread-0"  prio=5 tid=765 in Object.wait()
java.lang.Thread.State: WAITING (on object monitor)
        at sun.misc.Unsafe.park(Native Method)
        at java.util.concurrent.locks.LockSupport.park(LockSupport.java:175)
        at java.util.concurrent.locks.AbstractQueuedSynchronizer$ConditionObject.await(AbstractQueuedSynchronizer.java:2039)
        at java.util.concurrent.LinkedBlockingQueue.take(LinkedBlockingQueue.java:442)
        at java.util.concurrent.ThreadPoolExecutor.getTask(ThreadPoolExecutor.java:1074)
        at java.util.concurrent.ThreadPoolExecutor.runWorker(ThreadPoolExecutor.java:1134)
        at java.util.concurrent.ThreadPoolExecutor$Worker.run(ThreadPoolExecutor.java:624)
        at java.lang.Thread.run(Thread.java:750)
"grpc-default-worker-ELG-3-1" daemon prio=5 tid=655 runnable
java.lang.Thread.State: RUNNABLE
        at org.apache.ratis.thirdparty.io.netty.channel.epoll.Native.epollWait0(Native Method)
        at org.apache.ratis.thirdparty.io.netty.channel.epoll.Native.epollWait(Native.java:182)
        at org.apache.ratis.thirdparty.io.netty.channel.epoll.EpollEventLoop.epollWait(EpollEventLoop.java:302)
        at org.apache.ratis.thirdparty.io.netty.channel.epoll.EpollEventLoop.run(EpollEventLoop.java:366)
        at org.apache.ratis.thirdparty.io.netty.util.concurrent.SingleThreadEventExecutor$4.run(SingleThreadEventExecutor.java:997)
        at org.apache.ratis.thirdparty.io.netty.util.internal.ThreadExecutorMap$2.run(ThreadExecutorMap.java:74)
        at org.apache.ratis.thirdparty.io.netty.util.concurrent.FastThreadLocalRunnable.run(FastThreadLocalRunnable.java:30)
        at java.lang.Thread.run(Thread.java:750)
"Datanode State Machine Task Thread - 1"  prio=5 tid=609 in Object.wait()
java.lang.Thread.State: WAITING (on object monitor)
        at sun.misc.Unsafe.park(Native Method)
        at java.util.concurrent.locks.LockSupport.park(LockSupport.java:175)
        at java.util.concurrent.locks.AbstractQueuedSynchronizer$ConditionObject.await(AbstractQueuedSynchronizer.java:2039)
        at java.util.concurrent.LinkedBlockingQueue.take(LinkedBlockingQueue.java:442)
        at java.util.concurrent.ThreadPoolExecutor.getTask(ThreadPoolExecutor.java:1074)
        at java.util.concurrent.ThreadPoolExecutor.runWorker(ThreadPoolExecutor.java:1134)
        at java.util.concurrent.ThreadPoolExecutor$Worker.run(ThreadPoolExecutor.java:624)
        at java.lang.Thread.run(Thread.java:750)
"d78dd883-3e4c-45aa-98b2-e8ffdf2e22af@group-457D9844C34C-StateMachineUpdater" daemon prio=5 tid=699 timed_waiting
java.lang.Thread.State: TIMED_WAITING
        at sun.misc.Unsafe.park(Native Method)
        at java.util.concurrent.locks.LockSupport.parkNanos(LockSupport.java:215)
        at java.util.concurrent.locks.AbstractQueuedSynchronizer$ConditionObject.await(AbstractQueuedSynchronizer.java:2163)
        at org.apache.ratis.util.AwaitForSignal.await(AwaitForSignal.java:62)
        at org.apache.ratis.server.impl.StateMachineUpdater.waitForCommit(StateMachineUpdater.java:209)
        at org.apache.ratis.server.impl.StateMachineUpdater.run(StateMachineUpdater.java:178)
        at java.lang.Thread.run(Thread.java:750)
"Datanode State Machine Task Thread - 0"  prio=5 tid=1139 in Object.wait()
java.lang.Thread.State: WAITING (on object monitor)
        at sun.misc.Unsafe.park(Native Method)
        at java.util.concurrent.locks.LockSupport.park(LockSupport.java:175)
        at java.util.concurrent.locks.AbstractQueuedSynchronizer$ConditionObject.await(AbstractQueuedSynchronizer.java:2039)
        at java.util.concurrent.LinkedBlockingQueue.take(LinkedBlockingQueue.java:442)
        at java.util.concurrent.ThreadPoolExecutor.getTask(ThreadPoolExecutor.java:1074)
        at java.util.concurrent.ThreadPoolExecutor.runWorker(ThreadPoolExecutor.java:1134)
        at java.util.concurrent.ThreadPoolExecutor$Worker.run(ThreadPoolExecutor.java:624)
        at java.lang.Thread.run(Thread.java:750)
"Socket Reader #1 for port 15028"  prio=5 tid=271 runnable
java.lang.Thread.State: RUNNABLE
        at sun.nio.ch.EPollArrayWrapper.epollWait(Native Method)
        at sun.nio.ch.EPollArrayWrapper.poll(EPollArrayWrapper.java:269)
        at sun.nio.ch.EPollSelectorImpl.doSelect(EPollSelectorImpl.java:93)
        at sun.nio.ch.SelectorImpl.lockAndDoSelect(SelectorImpl.java:86)
        at sun.nio.ch.SelectorImpl.select(SelectorImpl.java:97)
        at sun.nio.ch.SelectorImpl.select(SelectorImpl.java:101)
        at org.apache.hadoop.ipc.Server$Listener$Reader.doRunLoop(Server.java:1342)
        at org.apache.hadoop.ipc.Server$Listener$Reader.run(Server.java:1321)
"StaleRecoveringContainerScrubbingService#1" daemon prio=5 tid=588 in Object.wait()
java.lang.Thread.State: WAITING (on object monitor)
        at sun.misc.Unsafe.park(Native Method)
        at java.util.concurrent.locks.LockSupport.park(LockSupport.java:175)
        at java.util.concurrent.locks.AbstractQueuedSynchronizer$ConditionObject.await(AbstractQueuedSynchronizer.java:2039)
        at java.util.concurrent.ScheduledThreadPoolExecutor$DelayedWorkQueue.take(ScheduledThreadPoolExecutor.java:1088)
        at java.util.concurrent.ScheduledThreadPoolExecutor$DelayedWorkQueue.take(ScheduledThreadPoolExecutor.java:809)
        at java.util.concurrent.ThreadPoolExecutor.getTask(ThreadPoolExecutor.java:1074)
        at java.util.concurrent.ThreadPoolExecutor.runWorker(ThreadPoolExecutor.java:1134)
        at java.util.concurrent.ThreadPoolExecutor$Worker.run(ThreadPoolExecutor.java:624)
        at java.lang.Thread.run(Thread.java:750)
"ContainerReplicationThread-0" daemon prio=5 tid=1390 timed_waiting
java.lang.Thread.State: TIMED_WAITING
        at java.lang.Thread.sleep(Native Method)
        at org.apache.ozone.test.GenericTestUtils.waitFor(GenericTestUtils.java:224)
        at org.apache.hadoop.ozone.container.TestECContainerRecovery.lambda$testECContainerRecoveryWithTimedOutRecovery$1(TestECContainerRecovery.java:312)
        at org.apache.hadoop.ozone.container.TestECContainerRecovery$$Lambda$1624/1570072505.answer(Unknown Source)
        at org.mockito.internal.stubbing.StubbedInvocationMatcher.answer(StubbedInvocationMatcher.java:39)
        at org.mockito.internal.handler.MockHandlerImpl.handle(MockHandlerImpl.java:96)
        at org.mockito.internal.handler.NullResultGuardian.handle(NullResultGuardian.java:29)
        at org.mockito.internal.handler.InvocationNotifierHandler.handle(InvocationNotifierHandler.java:35)
        at org.mockito.internal.creation.bytebuddy.MockMethodInterceptor.doIntercept(MockMethodInterceptor.java:61)
        at org.mockito.internal.creation.bytebuddy.MockMethodAdvice.handle(MockMethodAdvice.java:105)
        at org.apache.hadoop.ozone.container.ec.reconstruction.ECReconstructionCoordinator.reconstructECBlockGroup(ECReconstructionCoordinator.java:232)
        at org.apache.hadoop.ozone.container.ec.reconstruction.ECReconstructionCoordinator.reconstructECContainerGroup(ECReconstructionCoordinator.java:171)
        at sun.reflect.NativeMethodAccessorImpl.invoke0(Native Method)
        at sun.reflect.NativeMethodAccessorImpl.invoke(NativeMethodAccessorImpl.java:62)
        at sun.reflect.DelegatingMethodAccessorImpl.invoke(DelegatingMethodAccessorImpl.java:43)
        at java.lang.reflect.Method.invoke(Method.java:498)
        at org.mockito.internal.creation.bytebuddy.MockMethodAdvice.tryInvoke(MockMethodAdvice.java:212)
        at org.mockito.internal.creation.bytebuddy.MockMethodAdvice.access$400(MockMethodAdvice.java:34)
        at org.mockito.internal.creation.bytebuddy.MockMethodAdvice$RealMethodCall.invoke(MockMethodAdvice.java:164)
        at org.mockito.internal.invocation.InterceptedInvocation.callRealMethod(InterceptedInvocation.java:152)
        at org.mockito.internal.stubbing.answers.CallsRealMethods.answer(CallsRealMethods.java:43)
        at org.mockito.Answers.answer(Answers.java:100)
        at org.mockito.internal.handler.MockHandlerImpl.handle(MockHandlerImpl.java:103)
        at org.mockito.internal.handler.NullResultGuardian.handle(NullResultGuardian.java:29)
        at org.mockito.internal.handler.InvocationNotifierHandler.handle(InvocationNotifierHandler.java:35)
        at org.mockito.internal.creation.bytebuddy.MockMethodInterceptor.doIntercept(MockMethodInterceptor.java:61)
        at org.mockito.internal.creation.bytebuddy.MockMethodAdvice.handle(MockMethodAdvice.java:105)
        at org.apache.hadoop.ozone.container.ec.reconstruction.ECReconstructionCoordinator.reconstructECContainerGroup(ECReconstructionCoordinator.java:141)
        at org.apache.hadoop.ozone.container.ec.reconstruction.ECReconstructionCoordinatorTask.runTask(ECReconstructionCoordinatorTask.java:68)
        at org.apache.hadoop.ozone.container.replication.ReplicationSupervisor$TaskRunner.run(ReplicationSupervisor.java:348)
        at java.util.concurrent.ThreadPoolExecutor.runWorker(ThreadPoolExecutor.java:1149)
        at java.util.concurrent.ThreadPoolExecutor$Worker.run(ThreadPoolExecutor.java:624)
        at java.lang.Thread.run(Thread.java:750)
"Datanode State Machine Task Thread - 0"  prio=5 tid=520 in Object.wait()
java.lang.Thread.State: WAITING (on object monitor)
        at sun.misc.Unsafe.park(Native Method)
        at java.util.concurrent.locks.LockSupport.park(LockSupport.java:175)
        at java.util.concurrent.locks.AbstractQueuedSynchronizer$ConditionObject.await(AbstractQueuedSynchronizer.java:2039)
        at java.util.concurrent.LinkedBlockingQueue.take(LinkedBlockingQueue.java:442)
        at java.util.concurrent.ThreadPoolExecutor.getTask(ThreadPoolExecutor.java:1074)
        at java.util.concurrent.ThreadPoolExecutor.runWorker(ThreadPoolExecutor.java:1134)
        at java.util.concurrent.ThreadPoolExecutor$Worker.run(ThreadPoolExecutor.java:624)
        at java.lang.Thread.run(Thread.java:750)
"IPC Server handler 0 on default port 15000" daemon prio=5 tid=49 timed_waiting
java.lang.Thread.State: TIMED_WAITING
        at sun.misc.Unsafe.park(Native Method)
        at java.util.concurrent.locks.LockSupport.parkNanos(LockSupport.java:215)
        at java.util.concurrent.locks.AbstractQueuedSynchronizer$ConditionObject.awaitNanos(AbstractQueuedSynchronizer.java:2078)
        at java.util.concurrent.LinkedBlockingQueue.poll(LinkedBlockingQueue.java:467)
        at org.apache.hadoop.ipc.CallQueueManager.take(CallQueueManager.java:317)
        at org.apache.hadoop.ipc.Server$Handler.run(Server.java:2992)
"ForkJoinPool.commonPool-worker-1" daemon prio=5 tid=1412 timed_waiting
java.lang.Thread.State: TIMED_WAITING
        at sun.misc.Unsafe.park(Native Method)
        at java.util.concurrent.ForkJoinPool.awaitWork(ForkJoinPool.java:1824)
        at java.util.concurrent.ForkJoinPool.runWorker(ForkJoinPool.java:1693)
        at java.util.concurrent.ForkJoinWorkerThread.run(ForkJoinWorkerThread.java:175)
"StaleRecoveringContainerScrubbingService#4" daemon prio=5 tid=1104 in Object.wait()
java.lang.Thread.State: WAITING (on object monitor)
        at sun.misc.Unsafe.park(Native Method)
        at java.util.concurrent.locks.LockSupport.park(LockSupport.java:175)
        at java.util.concurrent.locks.AbstractQueuedSynchronizer$ConditionObject.await(AbstractQueuedSynchronizer.java:2039)
        at java.util.concurrent.ScheduledThreadPoolExecutor$DelayedWorkQueue.take(ScheduledThreadPoolExecutor.java:1088)
        at java.util.concurrent.ScheduledThreadPoolExecutor$DelayedWorkQueue.take(ScheduledThreadPoolExecutor.java:809)
        at java.util.concurrent.ThreadPoolExecutor.getTask(ThreadPoolExecutor.java:1074)
        at java.util.concurrent.ThreadPoolExecutor.runWorker(ThreadPoolExecutor.java:1134)
        at java.util.concurrent.ThreadPoolExecutor$Worker.run(ThreadPoolExecutor.java:624)
        at java.lang.Thread.run(Thread.java:750)
"pool-34-thread-1"  prio=5 tid=112 timed_waiting
java.lang.Thread.State: TIMED_WAITING
        at sun.misc.Unsafe.park(Native Method)
        at java.util.concurrent.locks.LockSupport.parkNanos(LockSupport.java:215)
        at java.util.concurrent.locks.AbstractQueuedSynchronizer$ConditionObject.awaitNanos(AbstractQueuedSynchronizer.java:2078)
        at java.util.concurrent.ScheduledThreadPoolExecutor$DelayedWorkQueue.take(ScheduledThreadPoolExecutor.java:1093)
        at java.util.concurrent.ScheduledThreadPoolExecutor$DelayedWorkQueue.take(ScheduledThreadPoolExecutor.java:809)
        at java.util.concurrent.ThreadPoolExecutor.getTask(ThreadPoolExecutor.java:1074)
        at java.util.concurrent.ThreadPoolExecutor.runWorker(ThreadPoolExecutor.java:1134)
        at java.util.concurrent.ThreadPoolExecutor$Worker.run(ThreadPoolExecutor.java:624)
        at java.lang.Thread.run(Thread.java:750)
"d78dd883-3e4c-45aa-98b2-e8ffdf2e22af-server-thread1" daemon prio=5 tid=1236 timed_waiting
java.lang.Thread.State: TIMED_WAITING
        at sun.misc.Unsafe.park(Native Method)
        at java.util.concurrent.locks.LockSupport.parkNanos(LockSupport.java:215)
        at java.util.concurrent.SynchronousQueue$TransferStack.awaitFulfill(SynchronousQueue.java:460)
        at java.util.concurrent.SynchronousQueue$TransferStack.transfer(SynchronousQueue.java:362)
        at java.util.concurrent.SynchronousQueue.poll(SynchronousQueue.java:941)
        at java.util.concurrent.ThreadPoolExecutor.getTask(ThreadPoolExecutor.java:1073)
        at java.util.concurrent.ThreadPoolExecutor.runWorker(ThreadPoolExecutor.java:1134)
        at java.util.concurrent.ThreadPoolExecutor$Worker.run(ThreadPoolExecutor.java:624)
        at java.lang.Thread.run(Thread.java:750)
"aab6e560-2e42-4217-8e7a-cc5f2733e87a@group-2670E7DB9F10-LeaderStateImpl" daemon prio=5 tid=926 timed_waiting
java.lang.Thread.State: TIMED_WAITING
        at sun.misc.Unsafe.park(Native Method)
        at java.util.concurrent.locks.LockSupport.parkNanos(LockSupport.java:215)
        at java.util.concurrent.locks.AbstractQueuedSynchronizer$ConditionObject.awaitNanos(AbstractQueuedSynchronizer.java:2078)
        at java.util.concurrent.ArrayBlockingQueue.poll(ArrayBlockingQueue.java:418)
        at org.apache.ratis.server.impl.LeaderStateImpl$EventQueue.poll(LeaderStateImpl.java:164)
        at org.apache.ratis.server.impl.LeaderStateImpl$EventProcessor.run(LeaderStateImpl.java:702)
"org.apache.hadoop.util.JvmPauseMonitor$Monitor@b4cf1b" daemon prio=5 tid=316 timed_waiting
java.lang.Thread.State: TIMED_WAITING
        at java.lang.Thread.sleep(Native Method)
        at org.apache.hadoop.util.JvmPauseMonitor$Monitor.run(JvmPauseMonitor.java:192)
        at java.lang.Thread.run(Thread.java:750)
"d7192325-13fb-433e-b8d5-f6359b644c8f-server-thread2" daemon prio=5 tid=1256 timed_waiting
java.lang.Thread.State: TIMED_WAITING
        at sun.misc.Unsafe.park(Native Method)
        at java.util.concurrent.locks.LockSupport.parkNanos(LockSupport.java:215)
        at java.util.concurrent.SynchronousQueue$TransferStack.awaitFulfill(SynchronousQueue.java:460)
        at java.util.concurrent.SynchronousQueue$TransferStack.transfer(SynchronousQueue.java:362)
        at java.util.concurrent.SynchronousQueue.poll(SynchronousQueue.java:941)
        at java.util.concurrent.ThreadPoolExecutor.getTask(ThreadPoolExecutor.java:1073)
        at java.util.concurrent.ThreadPoolExecutor.runWorker(ThreadPoolExecutor.java:1134)
        at java.util.concurrent.ThreadPoolExecutor$Worker.run(ThreadPoolExecutor.java:624)
        at java.lang.Thread.run(Thread.java:750)
"om1@group-C5BA1605619E-SegmentedRaftLogWorker"  prio=5 tid=141 timed_waiting
java.lang.Thread.State: TIMED_WAITING
        at sun.misc.Unsafe.park(Native Method)
        at java.util.concurrent.locks.LockSupport.parkNanos(LockSupport.java:215)
        at java.util.concurrent.locks.AbstractQueuedSynchronizer$ConditionObject.awaitNanos(AbstractQueuedSynchronizer.java:2078)
        at org.apache.ratis.util.DataBlockingQueue.poll(DataBlockingQueue.java:148)
        at org.apache.ratis.server.raftlog.segmented.SegmentedRaftLogWorker.run(SegmentedRaftLogWorker.java:307)
        at org.apache.ratis.server.raftlog.segmented.SegmentedRaftLogWorker$$Lambda$764/731878032.run(Unknown Source)
        at java.util.concurrent.Executors$RunnableAdapter.call(Executors.java:511)
        at java.util.concurrent.FutureTask.run(FutureTask.java:266)
        at java.util.concurrent.ThreadPoolExecutor.runWorker(ThreadPoolExecutor.java:1149)
        at java.util.concurrent.ThreadPoolExecutor$Worker.run(ThreadPoolExecutor.java:624)
        at java.lang.Thread.run(Thread.java:750)
"BlockDeletingService#0" daemon prio=5 tid=641 timed_waiting
java.lang.Thread.State: TIMED_WAITING
        at sun.misc.Unsafe.park(Native Method)
        at java.util.concurrent.locks.LockSupport.parkNanos(LockSupport.java:215)
        at java.util.concurrent.locks.AbstractQueuedSynchronizer$ConditionObject.awaitNanos(AbstractQueuedSynchronizer.java:2078)
        at java.util.concurrent.ScheduledThreadPoolExecutor$DelayedWorkQueue.take(ScheduledThreadPoolExecutor.java:1093)
        at java.util.concurrent.ScheduledThreadPoolExecutor$DelayedWorkQueue.take(ScheduledThreadPoolExecutor.java:809)
        at java.util.concurrent.ThreadPoolExecutor.getTask(ThreadPoolExecutor.java:1074)
        at java.util.concurrent.ThreadPoolExecutor.runWorker(ThreadPoolExecutor.java:1134)
        at java.util.concurrent.ThreadPoolExecutor$Worker.run(ThreadPoolExecutor.java:624)
        at java.lang.Thread.run(Thread.java:750)
"qtp1851070396-537" daemon prio=5 tid=537 timed_waiting
java.lang.Thread.State: TIMED_WAITING
        at sun.misc.Unsafe.park(Native Method)
        at java.util.concurrent.locks.LockSupport.parkNanos(LockSupport.java:215)
        at java.util.concurrent.locks.AbstractQueuedSynchronizer$ConditionObject.awaitNanos(AbstractQueuedSynchronizer.java:2078)
        at org.eclipse.jetty.util.BlockingArrayQueue.poll(BlockingArrayQueue.java:382)
        at org.eclipse.jetty.util.thread.QueuedThreadPool$Runner.idleJobPoll(QueuedThreadPool.java:974)
        at org.eclipse.jetty.util.thread.QueuedThreadPool$Runner.run(QueuedThreadPool.java:1018)
        at java.lang.Thread.run(Thread.java:750)
"JvmPauseMonitor0" daemon prio=5 tid=145 timed_waiting
java.lang.Thread.State: TIMED_WAITING
        at java.lang.Thread.sleep(Native Method)
        at java.lang.Thread.sleep(Thread.java:342)
        at java.util.concurrent.TimeUnit.sleep(TimeUnit.java:386)
        at org.apache.ratis.util.TimeDuration.sleep(TimeDuration.java:325)
        at org.apache.ratis.util.TimeDuration.sleep(TimeDuration.java:310)
        at org.apache.ratis.util.JvmPauseMonitor.detectPause(JvmPauseMonitor.java:117)
        at org.apache.ratis.util.JvmPauseMonitor.run(JvmPauseMonitor.java:106)
        at org.apache.ratis.util.JvmPauseMonitor$$Lambda$790/700239275.run(Unknown Source)
        at java.lang.Thread.run(Thread.java:750)
"BlockDeletingService#0" daemon prio=5 tid=547 timed_waiting
java.lang.Thread.State: TIMED_WAITING
        at sun.misc.Unsafe.park(Native Method)
        at java.util.concurrent.locks.LockSupport.parkNanos(LockSupport.java:215)
        at java.util.concurrent.locks.AbstractQueuedSynchronizer$ConditionObject.awaitNanos(AbstractQueuedSynchronizer.java:2078)
        at java.util.concurrent.ScheduledThreadPoolExecutor$DelayedWorkQueue.take(ScheduledThreadPoolExecutor.java:1093)
        at java.util.concurrent.ScheduledThreadPoolExecutor$DelayedWorkQueue.take(ScheduledThreadPoolExecutor.java:809)
        at java.util.concurrent.ThreadPoolExecutor.getTask(ThreadPoolExecutor.java:1074)
        at java.util.concurrent.ThreadPoolExecutor.runWorker(ThreadPoolExecutor.java:1134)
        at java.util.concurrent.ThreadPoolExecutor$Worker.run(ThreadPoolExecutor.java:624)
        at java.lang.Thread.run(Thread.java:750)
"ChunkReader-2" daemon prio=5 tid=1003 in Object.wait()
java.lang.Thread.State: WAITING (on object monitor)
        at sun.misc.Unsafe.park(Native Method)
        at java.util.concurrent.locks.LockSupport.park(LockSupport.java:175)
        at java.util.concurrent.locks.AbstractQueuedSynchronizer$ConditionObject.await(AbstractQueuedSynchronizer.java:2039)
        at java.util.concurrent.LinkedBlockingQueue.take(LinkedBlockingQueue.java:442)
        at java.util.concurrent.ThreadPoolExecutor.getTask(ThreadPoolExecutor.java:1074)
        at java.util.concurrent.ThreadPoolExecutor.runWorker(ThreadPoolExecutor.java:1134)
        at java.util.concurrent.ThreadPoolExecutor$Worker.run(ThreadPoolExecutor.java:624)
        at java.lang.Thread.run(Thread.java:750)
"qtp1739609831-366" daemon prio=5 tid=366 timed_waiting
java.lang.Thread.State: TIMED_WAITING
        at sun.misc.Unsafe.park(Native Method)
        at java.util.concurrent.locks.LockSupport.parkNanos(LockSupport.java:215)
        at java.util.concurrent.locks.AbstractQueuedSynchronizer$ConditionObject.awaitNanos(AbstractQueuedSynchronizer.java:2078)
        at org.eclipse.jetty.util.BlockingArrayQueue.poll(BlockingArrayQueue.java:382)
        at org.eclipse.jetty.util.thread.QueuedThreadPool$Runner.idleJobPoll(QueuedThreadPool.java:974)
        at org.eclipse.jetty.util.thread.QueuedThreadPool$Runner.run(QueuedThreadPool.java:1018)
        at java.lang.Thread.run(Thread.java:750)
"qtp926797213-262-acceptor-0@7c634af7-ServerConnector@1f7d202{HTTP/1.1, (http/1.1)}{0.0.0.0:15027}" daemon prio=3 tid=262 runnable
java.lang.Thread.State: RUNNABLE
        at sun.nio.ch.ServerSocketChannelImpl.accept0(Native Method)
        at sun.nio.ch.ServerSocketChannelImpl.accept(ServerSocketChannelImpl.java:421)
        at sun.nio.ch.ServerSocketChannelImpl.accept(ServerSocketChannelImpl.java:249)
        at org.eclipse.jetty.server.ServerConnector.accept(ServerConnector.java:388)
        at org.eclipse.jetty.server.AbstractConnector$Acceptor.run(AbstractConnector.java:704)
        at org.eclipse.jetty.util.thread.QueuedThreadPool.runJob(QueuedThreadPool.java:883)
        at org.eclipse.jetty.util.thread.QueuedThreadPool$Runner.run(QueuedThreadPool.java:1034)
        at java.lang.Thread.run(Thread.java:750)
"org.apache.hadoop.util.JvmPauseMonitor$Monitor@7e01e14b" daemon prio=5 tid=250 timed_waiting
java.lang.Thread.State: TIMED_WAITING
        at java.lang.Thread.sleep(Native Method)
        at org.apache.hadoop.util.JvmPauseMonitor$Monitor.run(JvmPauseMonitor.java:192)
        at java.lang.Thread.run(Thread.java:750)
"JvmPauseMonitor6" daemon prio=5 tid=584 timed_waiting
java.lang.Thread.State: TIMED_WAITING
        at java.lang.Thread.sleep(Native Method)
        at java.lang.Thread.sleep(Thread.java:342)
        at java.util.concurrent.TimeUnit.sleep(TimeUnit.java:386)
        at org.apache.ratis.util.TimeDuration.sleep(TimeDuration.java:325)
        at org.apache.ratis.util.TimeDuration.sleep(TimeDuration.java:310)
        at org.apache.ratis.util.JvmPauseMonitor.detectPause(JvmPauseMonitor.java:117)
        at org.apache.ratis.util.JvmPauseMonitor.run(JvmPauseMonitor.java:106)
        at org.apache.ratis.util.JvmPauseMonitor$$Lambda$790/700239275.run(Unknown Source)
        at java.lang.Thread.run(Thread.java:750)
"qtp1359989430-1120" daemon prio=5 tid=1120 timed_waiting
java.lang.Thread.State: TIMED_WAITING
        at sun.misc.Unsafe.park(Native Method)
        at java.util.concurrent.locks.LockSupport.parkNanos(LockSupport.java:215)
        at java.util.concurrent.locks.AbstractQueuedSynchronizer$ConditionObject.awaitNanos(AbstractQueuedSynchronizer.java:2078)
        at org.eclipse.jetty.util.BlockingArrayQueue.poll(BlockingArrayQueue.java:382)
        at org.eclipse.jetty.util.thread.QueuedThreadPool$Runner.idleJobPoll(QueuedThreadPool.java:974)
        at org.eclipse.jetty.util.thread.QueuedThreadPool$Runner.run(QueuedThreadPool.java:1018)
        at java.lang.Thread.run(Thread.java:750)
"IPC Server listener on 15064" daemon prio=5 tid=416 runnable
java.lang.Thread.State: RUNNABLE
        at sun.nio.ch.EPollArrayWrapper.epollWait(Native Method)
        at sun.nio.ch.EPollArrayWrapper.poll(EPollArrayWrapper.java:269)
        at sun.nio.ch.EPollSelectorImpl.doSelect(EPollSelectorImpl.java:93)
        at sun.nio.ch.SelectorImpl.lockAndDoSelect(SelectorImpl.java:86)
        at sun.nio.ch.SelectorImpl.select(SelectorImpl.java:97)
        at sun.nio.ch.SelectorImpl.select(SelectorImpl.java:101)
        at org.apache.hadoop.ipc.Server$Listener.run(Server.java:1404)
"ChunkWriter-2-0" daemon prio=5 tid=453 in Object.wait()
java.lang.Thread.State: WAITING (on object monitor)
        at sun.misc.Unsafe.park(Native Method)
        at java.util.concurrent.locks.LockSupport.park(LockSupport.java:175)
        at java.util.concurrent.locks.AbstractQueuedSynchronizer$ConditionObject.await(AbstractQueuedSynchronizer.java:2039)
        at java.util.concurrent.LinkedBlockingDeque.takeFirst(LinkedBlockingDeque.java:492)
        at java.util.concurrent.LinkedBlockingDeque.take(LinkedBlockingDeque.java:680)
        at java.util.concurrent.ThreadPoolExecutor.getTask(ThreadPoolExecutor.java:1074)
        at java.util.concurrent.ThreadPoolExecutor.runWorker(ThreadPoolExecutor.java:1134)
        at java.util.concurrent.ThreadPoolExecutor$Worker.run(ThreadPoolExecutor.java:624)
        at java.lang.Thread.run(Thread.java:750)
"ChunkReader-3" daemon prio=5 tid=1371 in Object.wait()
java.lang.Thread.State: WAITING (on object monitor)
        at sun.misc.Unsafe.park(Native Method)
        at java.util.concurrent.locks.LockSupport.park(LockSupport.java:175)
        at java.util.concurrent.locks.AbstractQueuedSynchronizer$ConditionObject.await(AbstractQueuedSynchronizer.java:2039)
        at java.util.concurrent.LinkedBlockingQueue.take(LinkedBlockingQueue.java:442)
        at java.util.concurrent.ThreadPoolExecutor.getTask(ThreadPoolExecutor.java:1074)
        at java.util.concurrent.ThreadPoolExecutor.runWorker(ThreadPoolExecutor.java:1134)
        at java.util.concurrent.ThreadPoolExecutor$Worker.run(ThreadPoolExecutor.java:624)
        at java.lang.Thread.run(Thread.java:750)
"Timer-0"  prio=5 tid=146 timed_waiting
java.lang.Thread.State: TIMED_WAITING
        at java.lang.Object.wait(Native Method)
        at java.util.TimerThread.mainLoop(Timer.java:552)
        at java.util.TimerThread.run(Timer.java:505)
"Datanode ReportManager Thread - 2" daemon prio=5 tid=378 in Object.wait()
java.lang.Thread.State: WAITING (on object monitor)
        at sun.misc.Unsafe.park(Native Method)
        at java.util.concurrent.locks.LockSupport.park(LockSupport.java:175)
        at java.util.concurrent.locks.AbstractQueuedSynchronizer$ConditionObject.await(AbstractQueuedSynchronizer.java:2039)
        at java.util.concurrent.ScheduledThreadPoolExecutor$DelayedWorkQueue.take(ScheduledThreadPoolExecutor.java:1088)
        at java.util.concurrent.ScheduledThreadPoolExecutor$DelayedWorkQueue.take(ScheduledThreadPoolExecutor.java:809)
        at java.util.concurrent.ThreadPoolExecutor.getTask(ThreadPoolExecutor.java:1074)
        at java.util.concurrent.ThreadPoolExecutor.runWorker(ThreadPoolExecutor.java:1134)
        at java.util.concurrent.ThreadPoolExecutor$Worker.run(ThreadPoolExecutor.java:624)
        at java.lang.Thread.run(Thread.java:750)
"IPC Server Responder" daemon prio=5 tid=26 runnable
java.lang.Thread.State: RUNNABLE
        at sun.nio.ch.EPollArrayWrapper.epollWait(Native Method)
        at sun.nio.ch.EPollArrayWrapper.poll(EPollArrayWrapper.java:269)
        at sun.nio.ch.EPollSelectorImpl.doSelect(EPollSelectorImpl.java:93)
        at sun.nio.ch.SelectorImpl.lockAndDoSelect(SelectorImpl.java:86)
        at sun.nio.ch.SelectorImpl.select(SelectorImpl.java:97)
        at org.apache.hadoop.ipc.Server$Responder.doRunLoop(Server.java:1578)
        at org.apache.hadoop.ipc.Server$Responder.run(Server.java:1561)
"qtp1221097305-228" daemon prio=5 tid=228 runnable
java.lang.Thread.State: RUNNABLE
        at sun.nio.ch.EPollArrayWrapper.epollWait(Native Method)
        at sun.nio.ch.EPollArrayWrapper.poll(EPollArrayWrapper.java:269)
        at sun.nio.ch.EPollSelectorImpl.doSelect(EPollSelectorImpl.java:93)
        at sun.nio.ch.SelectorImpl.lockAndDoSelect(SelectorImpl.java:86)
        at sun.nio.ch.SelectorImpl.select(SelectorImpl.java:97)
        at sun.nio.ch.SelectorImpl.select(SelectorImpl.java:101)
        at org.eclipse.jetty.io.ManagedSelector.nioSelect(ManagedSelector.java:183)
        at org.eclipse.jetty.io.ManagedSelector.select(ManagedSelector.java:190)
        at org.eclipse.jetty.io.ManagedSelector$SelectorProducer.select(ManagedSelector.java:606)
        at org.eclipse.jetty.io.ManagedSelector$SelectorProducer.produce(ManagedSelector.java:543)
        at org.eclipse.jetty.util.thread.strategy.EatWhatYouKill.produceTask(EatWhatYouKill.java:362)
        at org.eclipse.jetty.util.thread.strategy.EatWhatYouKill.doProduce(EatWhatYouKill.java:186)
        at org.eclipse.jetty.util.thread.strategy.EatWhatYouKill.tryProduce(EatWhatYouKill.java:173)
        at org.eclipse.jetty.util.thread.strategy.EatWhatYouKill.produce(EatWhatYouKill.java:137)
        at org.eclipse.jetty.io.ManagedSelector$$Lambda$472/1519927178.run(Unknown Source)
        at org.eclipse.jetty.util.thread.QueuedThreadPool.runJob(QueuedThreadPool.java:883)
        at org.eclipse.jetty.util.thread.QueuedThreadPool$Runner.run(QueuedThreadPool.java:1034)
        at java.lang.Thread.run(Thread.java:750)
"IPC Server handler 13 on default port 15004" daemon prio=5 tid=175 timed_waiting
java.lang.Thread.State: TIMED_WAITING
        at sun.misc.Unsafe.park(Native Method)
        at java.util.concurrent.locks.LockSupport.parkNanos(LockSupport.java:215)
        at java.util.concurrent.locks.AbstractQueuedSynchronizer$ConditionObject.awaitNanos(AbstractQueuedSynchronizer.java:2078)
        at java.util.concurrent.LinkedBlockingQueue.poll(LinkedBlockingQueue.java:467)
        at org.apache.hadoop.ipc.CallQueueManager.take(CallQueueManager.java:317)
        at org.apache.hadoop.ipc.Server$Handler.run(Server.java:2992)
"qtp926797213-263" daemon prio=5 tid=263 timed_waiting
java.lang.Thread.State: TIMED_WAITING
        at sun.misc.Unsafe.park(Native Method)
        at java.util.concurrent.locks.LockSupport.parkNanos(LockSupport.java:215)
        at java.util.concurrent.locks.AbstractQueuedSynchronizer$ConditionObject.awaitNanos(AbstractQueuedSynchronizer.java:2078)
        at org.eclipse.jetty.util.BlockingArrayQueue.poll(BlockingArrayQueue.java:382)
        at org.eclipse.jetty.util.thread.QueuedThreadPool$Runner.idleJobPoll(QueuedThreadPool.java:974)
        at org.eclipse.jetty.util.thread.QueuedThreadPool$Runner.run(QueuedThreadPool.java:1018)
        at java.lang.Thread.run(Thread.java:750)
"BlockDeletingService#1" daemon prio=5 tid=607 in Object.wait()
java.lang.Thread.State: WAITING (on object monitor)
        at sun.misc.Unsafe.park(Native Method)
        at java.util.concurrent.locks.LockSupport.park(LockSupport.java:175)
        at java.util.concurrent.locks.AbstractQueuedSynchronizer$ConditionObject.await(AbstractQueuedSynchronizer.java:2039)
        at java.util.concurrent.ScheduledThreadPoolExecutor$DelayedWorkQueue.take(ScheduledThreadPoolExecutor.java:1088)
        at java.util.concurrent.ScheduledThreadPoolExecutor$DelayedWorkQueue.take(ScheduledThreadPoolExecutor.java:809)
        at java.util.concurrent.ThreadPoolExecutor.getTask(ThreadPoolExecutor.java:1074)
        at java.util.concurrent.ThreadPoolExecutor.runWorker(ThreadPoolExecutor.java:1134)
        at java.util.concurrent.ThreadPoolExecutor$Worker.run(ThreadPoolExecutor.java:624)
        at java.lang.Thread.run(Thread.java:750)
"StaleRecoveringContainerScrubbingService#1" daemon prio=5 tid=644 in Object.wait()
java.lang.Thread.State: WAITING (on object monitor)
        at sun.misc.Unsafe.park(Native Method)
        at java.util.concurrent.locks.LockSupport.park(LockSupport.java:175)
        at java.util.concurrent.locks.AbstractQueuedSynchronizer$ConditionObject.await(AbstractQueuedSynchronizer.java:2039)
        at java.util.concurrent.ScheduledThreadPoolExecutor$DelayedWorkQueue.take(ScheduledThreadPoolExecutor.java:1088)
        at java.util.concurrent.ScheduledThreadPoolExecutor$DelayedWorkQueue.take(ScheduledThreadPoolExecutor.java:809)
        at java.util.concurrent.ThreadPoolExecutor.getTask(ThreadPoolExecutor.java:1074)
        at java.util.concurrent.ThreadPoolExecutor.runWorker(ThreadPoolExecutor.java:1134)
        at java.util.concurrent.ThreadPoolExecutor$Worker.run(ThreadPoolExecutor.java:624)
        at java.lang.Thread.run(Thread.java:750)
"StaleRecoveringContainerScrubbingService#9" daemon prio=5 tid=1385 in Object.wait()
java.lang.Thread.State: WAITING (on object monitor)
        at sun.misc.Unsafe.park(Native Method)
        at java.util.concurrent.locks.LockSupport.park(LockSupport.java:175)
        at java.util.concurrent.locks.AbstractQueuedSynchronizer$ConditionObject.await(AbstractQueuedSynchronizer.java:2039)
        at java.util.concurrent.ScheduledThreadPoolExecutor$DelayedWorkQueue.take(ScheduledThreadPoolExecutor.java:1088)
        at java.util.concurrent.ScheduledThreadPoolExecutor$DelayedWorkQueue.take(ScheduledThreadPoolExecutor.java:809)
        at java.util.concurrent.ThreadPoolExecutor.getTask(ThreadPoolExecutor.java:1074)
        at java.util.concurrent.ThreadPoolExecutor.runWorker(ThreadPoolExecutor.java:1134)
        at java.util.concurrent.ThreadPoolExecutor$Worker.run(ThreadPoolExecutor.java:624)
        at java.lang.Thread.run(Thread.java:750)
"IPC Server Responder" daemon prio=5 tid=1128 runnable
java.lang.Thread.State: RUNNABLE
        at sun.nio.ch.EPollArrayWrapper.epollWait(Native Method)
        at sun.nio.ch.EPollArrayWrapper.poll(EPollArrayWrapper.java:269)
        at sun.nio.ch.EPollSelectorImpl.doSelect(EPollSelectorImpl.java:93)
        at sun.nio.ch.SelectorImpl.lockAndDoSelect(SelectorImpl.java:86)
        at sun.nio.ch.SelectorImpl.select(SelectorImpl.java:97)
        at org.apache.hadoop.ipc.Server$Responder.doRunLoop(Server.java:1578)
        at org.apache.hadoop.ipc.Server$Responder.run(Server.java:1561)
"9125f905-aa43-4d0f-845d-e6cfd4dab0cd@group-54B8E535DF2F-FollowerState" daemon prio=5 tid=950 timed_waiting
java.lang.Thread.State: TIMED_WAITING
        at java.lang.Thread.sleep(Native Method)
        at java.lang.Thread.sleep(Thread.java:342)
        at java.util.concurrent.TimeUnit.sleep(TimeUnit.java:386)
        at org.apache.ratis.util.TimeDuration.sleep(TimeDuration.java:325)
        at org.apache.ratis.util.TimeDuration.sleep(TimeDuration.java:310)
        at org.apache.ratis.server.impl.FollowerState.run(FollowerState.java:128)
"StaleRecoveringContainerScrubbingService#6" daemon prio=5 tid=1287 timed_waiting
java.lang.Thread.State: TIMED_WAITING
        at sun.misc.Unsafe.park(Native Method)
        at java.util.concurrent.locks.LockSupport.parkNanos(LockSupport.java:215)
        at java.util.concurrent.locks.AbstractQueuedSynchronizer$ConditionObject.awaitNanos(AbstractQueuedSynchronizer.java:2078)
        at java.util.concurrent.ScheduledThreadPoolExecutor$DelayedWorkQueue.take(ScheduledThreadPoolExecutor.java:1093)
        at java.util.concurrent.ScheduledThreadPoolExecutor$DelayedWorkQueue.take(ScheduledThreadPoolExecutor.java:809)
        at java.util.concurrent.ThreadPoolExecutor.getTask(ThreadPoolExecutor.java:1074)
        at java.util.concurrent.ThreadPoolExecutor.runWorker(ThreadPoolExecutor.java:1134)
        at java.util.concurrent.ThreadPoolExecutor$Worker.run(ThreadPoolExecutor.java:624)
        at java.lang.Thread.run(Thread.java:750)
"IPC Server handler 13 on default port 15000" daemon prio=5 tid=62 timed_waiting
java.lang.Thread.State: TIMED_WAITING
        at sun.misc.Unsafe.park(Native Method)
        at java.util.concurrent.locks.LockSupport.parkNanos(LockSupport.java:215)
        at java.util.concurrent.locks.AbstractQueuedSynchronizer$ConditionObject.awaitNanos(AbstractQueuedSynchronizer.java:2078)
        at java.util.concurrent.LinkedBlockingQueue.poll(LinkedBlockingQueue.java:467)
        at org.apache.hadoop.ipc.CallQueueManager.take(CallQueueManager.java:317)
        at org.apache.hadoop.ipc.Server$Handler.run(Server.java:2992)
"org.apache.hadoop.util.JvmPauseMonitor$Monitor@6cefe648" daemon prio=5 tid=519 timed_waiting
java.lang.Thread.State: TIMED_WAITING
        at java.lang.Thread.sleep(Native Method)
        at org.apache.hadoop.util.JvmPauseMonitor$Monitor.run(JvmPauseMonitor.java:192)
        at java.lang.Thread.run(Thread.java:750)
"StaleRecoveringContainerScrubbingService#8" daemon prio=5 tid=1379 in Object.wait()
java.lang.Thread.State: WAITING (on object monitor)
        at sun.misc.Unsafe.park(Native Method)
        at java.util.concurrent.locks.LockSupport.park(LockSupport.java:175)
        at java.util.concurrent.locks.AbstractQueuedSynchronizer$ConditionObject.await(AbstractQueuedSynchronizer.java:2039)
        at java.util.concurrent.ScheduledThreadPoolExecutor$DelayedWorkQueue.take(ScheduledThreadPoolExecutor.java:1088)
        at java.util.concurrent.ScheduledThreadPoolExecutor$DelayedWorkQueue.take(ScheduledThreadPoolExecutor.java:809)
        at java.util.concurrent.ThreadPoolExecutor.getTask(ThreadPoolExecutor.java:1074)
        at java.util.concurrent.ThreadPoolExecutor.runWorker(ThreadPoolExecutor.java:1134)
        at java.util.concurrent.ThreadPoolExecutor$Worker.run(ThreadPoolExecutor.java:624)
        at java.lang.Thread.run(Thread.java:750)
"c686f304-079c-4e24-9d21-fd4c36dc1242-NettyServerStreamRpc-bossGroup--thread1"  prio=5 tid=223 runnable
java.lang.Thread.State: RUNNABLE
        at sun.nio.ch.EPollArrayWrapper.epollWait(Native Method)
        at sun.nio.ch.EPollArrayWrapper.poll(EPollArrayWrapper.java:269)
        at sun.nio.ch.EPollSelectorImpl.doSelect(EPollSelectorImpl.java:93)
        at sun.nio.ch.SelectorImpl.lockAndDoSelect(SelectorImpl.java:86)
        at sun.nio.ch.SelectorImpl.select(SelectorImpl.java:97)
        at sun.nio.ch.SelectorImpl.select(SelectorImpl.java:101)
        at org.apache.ratis.thirdparty.io.netty.channel.nio.SelectedSelectionKeySetSelector.select(SelectedSelectionKeySetSelector.java:68)
        at org.apache.ratis.thirdparty.io.netty.channel.nio.NioEventLoop.select(NioEventLoop.java:879)
        at org.apache.ratis.thirdparty.io.netty.channel.nio.NioEventLoop.run(NioEventLoop.java:526)
        at org.apache.ratis.thirdparty.io.netty.util.concurrent.SingleThreadEventExecutor$4.run(SingleThreadEventExecutor.java:997)
        at org.apache.ratis.thirdparty.io.netty.util.internal.ThreadExecutorMap$2.run(ThreadExecutorMap.java:74)
        at java.lang.Thread.run(Thread.java:750)
"SnapshotDeletingService#0" daemon prio=5 tid=151 timed_waiting
java.lang.Thread.State: TIMED_WAITING
        at sun.misc.Unsafe.park(Native Method)
        at java.util.concurrent.locks.LockSupport.parkNanos(LockSupport.java:215)
        at java.util.concurrent.locks.AbstractQueuedSynchronizer$ConditionObject.awaitNanos(AbstractQueuedSynchronizer.java:2078)
        at java.util.concurrent.ScheduledThreadPoolExecutor$DelayedWorkQueue.take(ScheduledThreadPoolExecutor.java:1093)
        at java.util.concurrent.ScheduledThreadPoolExecutor$DelayedWorkQueue.take(ScheduledThreadPoolExecutor.java:809)
        at java.util.concurrent.ThreadPoolExecutor.getTask(ThreadPoolExecutor.java:1074)
        at java.util.concurrent.ThreadPoolExecutor.runWorker(ThreadPoolExecutor.java:1134)
        at java.util.concurrent.ThreadPoolExecutor$Worker.run(ThreadPoolExecutor.java:624)
        at java.lang.Thread.run(Thread.java:750)
"Datanode State Machine Task Thread - 1"  prio=5 tid=596 in Object.wait()
java.lang.Thread.State: WAITING (on object monitor)
        at sun.misc.Unsafe.park(Native Method)
        at java.util.concurrent.locks.LockSupport.park(LockSupport.java:175)
        at java.util.concurrent.locks.AbstractQueuedSynchronizer$ConditionObject.await(AbstractQueuedSynchronizer.java:2039)
        at java.util.concurrent.LinkedBlockingQueue.take(LinkedBlockingQueue.java:442)
        at java.util.concurrent.ThreadPoolExecutor.getTask(ThreadPoolExecutor.java:1074)
        at java.util.concurrent.ThreadPoolExecutor.runWorker(ThreadPoolExecutor.java:1134)
        at java.util.concurrent.ThreadPoolExecutor$Worker.run(ThreadPoolExecutor.java:624)
        at java.lang.Thread.run(Thread.java:750)
"SCMBlockDeletingService#0" daemon prio=5 tid=109 timed_waiting
java.lang.Thread.State: TIMED_WAITING
        at sun.misc.Unsafe.park(Native Method)
        at java.util.concurrent.locks.LockSupport.parkNanos(LockSupport.java:215)
        at java.util.concurrent.locks.AbstractQueuedSynchronizer$ConditionObject.awaitNanos(AbstractQueuedSynchronizer.java:2078)
        at java.util.concurrent.ScheduledThreadPoolExecutor$DelayedWorkQueue.take(ScheduledThreadPoolExecutor.java:1093)
        at java.util.concurrent.ScheduledThreadPoolExecutor$DelayedWorkQueue.take(ScheduledThreadPoolExecutor.java:809)
        at java.util.concurrent.ThreadPoolExecutor.getTask(ThreadPoolExecutor.java:1074)
        at java.util.concurrent.ThreadPoolExecutor.runWorker(ThreadPoolExecutor.java:1134)
        at java.util.concurrent.ThreadPoolExecutor$Worker.run(ThreadPoolExecutor.java:624)
        at java.lang.Thread.run(Thread.java:750)
"IPC Server handler 4 on default port 15000" daemon prio=5 tid=53 timed_waiting
java.lang.Thread.State: TIMED_WAITING
        at sun.misc.Unsafe.park(Native Method)
        at java.util.concurrent.locks.LockSupport.parkNanos(LockSupport.java:215)
        at java.util.concurrent.locks.AbstractQueuedSynchronizer$ConditionObject.awaitNanos(AbstractQueuedSynchronizer.java:2078)
        at java.util.concurrent.LinkedBlockingQueue.poll(LinkedBlockingQueue.java:467)
        at org.apache.hadoop.ipc.CallQueueManager.take(CallQueueManager.java:317)
        at org.apache.hadoop.ipc.Server$Handler.run(Server.java:2992)
"timer4" daemon prio=5 tid=848 timed_waiting
java.lang.Thread.State: TIMED_WAITING
        at java.lang.Object.wait(Native Method)
        at java.util.TimerThread.mainLoop(Timer.java:552)
        at java.util.TimerThread.run(Timer.java:505)
"IPC Server listener on 15019" daemon prio=5 tid=237 runnable
java.lang.Thread.State: RUNNABLE
        at sun.nio.ch.EPollArrayWrapper.epollWait(Native Method)
        at sun.nio.ch.EPollArrayWrapper.poll(EPollArrayWrapper.java:269)
        at sun.nio.ch.EPollSelectorImpl.doSelect(EPollSelectorImpl.java:93)
        at sun.nio.ch.SelectorImpl.lockAndDoSelect(SelectorImpl.java:86)
        at sun.nio.ch.SelectorImpl.select(SelectorImpl.java:97)
        at sun.nio.ch.SelectorImpl.select(SelectorImpl.java:101)
        at org.apache.hadoop.ipc.Server$Listener.run(Server.java:1404)
"Reference Handler" daemon prio=10 tid=2 in Object.wait()
java.lang.Thread.State: WAITING (on object monitor)
        at java.lang.Object.wait(Native Method)
        at java.lang.Object.wait(Object.java:502)
        at java.lang.ref.Reference.tryHandlePending(Reference.java:191)
        at java.lang.ref.Reference$ReferenceHandler.run(Reference.java:153)
"StaleRecoveringContainerScrubbingService#4" daemon prio=5 tid=1361 in Object.wait()
java.lang.Thread.State: WAITING (on object monitor)
        at sun.misc.Unsafe.park(Native Method)
        at java.util.concurrent.locks.LockSupport.park(LockSupport.java:175)
        at java.util.concurrent.locks.AbstractQueuedSynchronizer$ConditionObject.await(AbstractQueuedSynchronizer.java:2039)
        at java.util.concurrent.ScheduledThreadPoolExecutor$DelayedWorkQueue.take(ScheduledThreadPoolExecutor.java:1088)
        at java.util.concurrent.ScheduledThreadPoolExecutor$DelayedWorkQueue.take(ScheduledThreadPoolExecutor.java:809)
        at java.util.concurrent.ThreadPoolExecutor.getTask(ThreadPoolExecutor.java:1074)
        at java.util.concurrent.ThreadPoolExecutor.runWorker(ThreadPoolExecutor.java:1134)
        at java.util.concurrent.ThreadPoolExecutor$Worker.run(ThreadPoolExecutor.java:624)
        at java.lang.Thread.run(Thread.java:750)
"IPC Server handler 15 on default port 15002" daemon prio=5 tid=104 timed_waiting
java.lang.Thread.State: TIMED_WAITING
        at sun.misc.Unsafe.park(Native Method)
        at java.util.concurrent.locks.LockSupport.parkNanos(LockSupport.java:215)
        at java.util.concurrent.locks.AbstractQueuedSynchronizer$ConditionObject.awaitNanos(AbstractQueuedSynchronizer.java:2078)
        at java.util.concurrent.LinkedBlockingQueue.poll(LinkedBlockingQueue.java:467)
        at org.apache.hadoop.ipc.CallQueueManager.take(CallQueueManager.java:317)
        at org.apache.hadoop.ipc.Server$Handler.run(Server.java:2992)
"IPC Server handler 1 on default port 15000" daemon prio=5 tid=50 timed_waiting
java.lang.Thread.State: TIMED_WAITING
        at sun.misc.Unsafe.park(Native Method)
        at java.util.concurrent.locks.LockSupport.parkNanos(LockSupport.java:215)
        at java.util.concurrent.locks.AbstractQueuedSynchronizer$ConditionObject.awaitNanos(AbstractQueuedSynchronizer.java:2078)
        at java.util.concurrent.LinkedBlockingQueue.poll(LinkedBlockingQueue.java:467)
        at org.apache.hadoop.ipc.CallQueueManager.take(CallQueueManager.java:317)
        at org.apache.hadoop.ipc.Server$Handler.run(Server.java:2992)
"Datanode ReportManager Thread - 0" daemon prio=5 tid=244 timed_waiting
java.lang.Thread.State: TIMED_WAITING
        at sun.misc.Unsafe.park(Native Method)
        at java.util.concurrent.locks.LockSupport.parkNanos(LockSupport.java:215)
        at java.util.concurrent.locks.AbstractQueuedSynchronizer$ConditionObject.awaitNanos(AbstractQueuedSynchronizer.java:2078)
        at java.util.concurrent.ScheduledThreadPoolExecutor$DelayedWorkQueue.take(ScheduledThreadPoolExecutor.java:1093)
        at java.util.concurrent.ScheduledThreadPoolExecutor$DelayedWorkQueue.take(ScheduledThreadPoolExecutor.java:809)
        at java.util.concurrent.ThreadPoolExecutor.getTask(ThreadPoolExecutor.java:1074)
        at java.util.concurrent.ThreadPoolExecutor.runWorker(ThreadPoolExecutor.java:1134)
        at java.util.concurrent.ThreadPoolExecutor$Worker.run(ThreadPoolExecutor.java:624)
        at java.lang.Thread.run(Thread.java:750)
"StaleRecoveringContainerScrubbingService#6" daemon prio=5 tid=1260 in Object.wait()
java.lang.Thread.State: WAITING (on object monitor)
        at sun.misc.Unsafe.park(Native Method)
        at java.util.concurrent.locks.LockSupport.park(LockSupport.java:175)
        at java.util.concurrent.locks.AbstractQueuedSynchronizer$ConditionObject.await(AbstractQueuedSynchronizer.java:2039)
        at java.util.concurrent.ScheduledThreadPoolExecutor$DelayedWorkQueue.take(ScheduledThreadPoolExecutor.java:1088)
        at java.util.concurrent.ScheduledThreadPoolExecutor$DelayedWorkQueue.take(ScheduledThreadPoolExecutor.java:809)
        at java.util.concurrent.ThreadPoolExecutor.getTask(ThreadPoolExecutor.java:1074)
        at java.util.concurrent.ThreadPoolExecutor.runWorker(ThreadPoolExecutor.java:1134)
        at java.util.concurrent.ThreadPoolExecutor$Worker.run(ThreadPoolExecutor.java:624)
        at java.lang.Thread.run(Thread.java:750)
"StaleRecoveringContainerScrubbingService#5" daemon prio=5 tid=1213 in Object.wait()
java.lang.Thread.State: WAITING (on object monitor)
        at sun.misc.Unsafe.park(Native Method)
        at java.util.concurrent.locks.LockSupport.park(LockSupport.java:175)
        at java.util.concurrent.locks.AbstractQueuedSynchronizer$ConditionObject.await(AbstractQueuedSynchronizer.java:2039)
        at java.util.concurrent.ScheduledThreadPoolExecutor$DelayedWorkQueue.take(ScheduledThreadPoolExecutor.java:1088)
        at java.util.concurrent.ScheduledThreadPoolExecutor$DelayedWorkQueue.take(ScheduledThreadPoolExecutor.java:809)
        at java.util.concurrent.ThreadPoolExecutor.getTask(ThreadPoolExecutor.java:1074)
        at java.util.concurrent.ThreadPoolExecutor.runWorker(ThreadPoolExecutor.java:1134)
        at java.util.concurrent.ThreadPoolExecutor$Worker.run(ThreadPoolExecutor.java:624)
        at java.lang.Thread.run(Thread.java:750)
"EndpointStateMachine task thread for /0.0.0.0:15002 - 0 "  prio=5 tid=597 in Object.wait()
java.lang.Thread.State: WAITING (on object monitor)
        at sun.misc.Unsafe.park(Native Method)
        at java.util.concurrent.locks.LockSupport.park(LockSupport.java:175)
        at java.util.concurrent.locks.AbstractQueuedSynchronizer$ConditionObject.await(AbstractQueuedSynchronizer.java:2039)
        at java.util.concurrent.LinkedBlockingQueue.take(LinkedBlockingQueue.java:442)
        at java.util.concurrent.ThreadPoolExecutor.getTask(ThreadPoolExecutor.java:1074)
        at java.util.concurrent.ThreadPoolExecutor.runWorker(ThreadPoolExecutor.java:1134)
        at java.util.concurrent.ThreadPoolExecutor$Worker.run(ThreadPoolExecutor.java:624)
        at java.lang.Thread.run(Thread.java:750)
"qtp1221097305-229-acceptor-0@10a9d839-ServerConnector@38be06b0{HTTP/1.1, (http/1.1)}{0.0.0.0:15018}" daemon prio=3 tid=229 runnable
java.lang.Thread.State: RUNNABLE
        at sun.nio.ch.ServerSocketChannelImpl.accept0(Native Method)
        at sun.nio.ch.ServerSocketChannelImpl.accept(ServerSocketChannelImpl.java:421)
        at sun.nio.ch.ServerSocketChannelImpl.accept(ServerSocketChannelImpl.java:249)
        at org.eclipse.jetty.server.ServerConnector.accept(ServerConnector.java:388)
        at org.eclipse.jetty.server.AbstractConnector$Acceptor.run(AbstractConnector.java:704)
        at org.eclipse.jetty.util.thread.QueuedThreadPool.runJob(QueuedThreadPool.java:883)
        at org.eclipse.jetty.util.thread.QueuedThreadPool$Runner.run(QueuedThreadPool.java:1034)
        at java.lang.Thread.run(Thread.java:750)
"JvmPauseMonitor2" daemon prio=5 tid=455 timed_waiting
java.lang.Thread.State: TIMED_WAITING
        at java.lang.Thread.sleep(Native Method)
        at java.lang.Thread.sleep(Thread.java:342)
        at java.util.concurrent.TimeUnit.sleep(TimeUnit.java:386)
        at org.apache.ratis.util.TimeDuration.sleep(TimeDuration.java:325)
        at org.apache.ratis.util.TimeDuration.sleep(TimeDuration.java:310)
        at org.apache.ratis.util.JvmPauseMonitor.detectPause(JvmPauseMonitor.java:117)
        at org.apache.ratis.util.JvmPauseMonitor.run(JvmPauseMonitor.java:106)
        at org.apache.ratis.util.JvmPauseMonitor$$Lambda$790/700239275.run(Unknown Source)
        at java.lang.Thread.run(Thread.java:750)
"ChunkReader-5" daemon prio=5 tid=1077 in Object.wait()
java.lang.Thread.State: WAITING (on object monitor)
        at sun.misc.Unsafe.park(Native Method)
        at java.util.concurrent.locks.LockSupport.park(LockSupport.java:175)
        at java.util.concurrent.locks.AbstractQueuedSynchronizer$ConditionObject.await(AbstractQueuedSynchronizer.java:2039)
        at java.util.concurrent.LinkedBlockingQueue.take(LinkedBlockingQueue.java:442)
        at java.util.concurrent.ThreadPoolExecutor.getTask(ThreadPoolExecutor.java:1074)
        at java.util.concurrent.ThreadPoolExecutor.runWorker(ThreadPoolExecutor.java:1134)
        at java.util.concurrent.ThreadPoolExecutor$Worker.run(ThreadPoolExecutor.java:624)
        at java.lang.Thread.run(Thread.java:750)
"qtp1533380014-153" daemon prio=5 tid=153 runnable
java.lang.Thread.State: RUNNABLE
        at sun.nio.ch.EPollArrayWrapper.epollWait(Native Method)
        at sun.nio.ch.EPollArrayWrapper.poll(EPollArrayWrapper.java:269)
        at sun.nio.ch.EPollSelectorImpl.doSelect(EPollSelectorImpl.java:93)
        at sun.nio.ch.SelectorImpl.lockAndDoSelect(SelectorImpl.java:86)
        at sun.nio.ch.SelectorImpl.select(SelectorImpl.java:97)
        at sun.nio.ch.SelectorImpl.select(SelectorImpl.java:101)
        at org.eclipse.jetty.io.ManagedSelector.nioSelect(ManagedSelector.java:183)
        at org.eclipse.jetty.io.ManagedSelector.select(ManagedSelector.java:190)
        at org.eclipse.jetty.io.ManagedSelector$SelectorProducer.select(ManagedSelector.java:606)
        at org.eclipse.jetty.io.ManagedSelector$SelectorProducer.produce(ManagedSelector.java:543)
        at org.eclipse.jetty.util.thread.strategy.EatWhatYouKill.produceTask(EatWhatYouKill.java:362)
        at org.eclipse.jetty.util.thread.strategy.EatWhatYouKill.doProduce(EatWhatYouKill.java:186)
        at org.eclipse.jetty.util.thread.strategy.EatWhatYouKill.tryProduce(EatWhatYouKill.java:173)
        at org.eclipse.jetty.util.thread.strategy.EatWhatYouKill.produce(EatWhatYouKill.java:137)
        at org.eclipse.jetty.io.ManagedSelector$$Lambda$472/1519927178.run(Unknown Source)
        at org.eclipse.jetty.util.thread.QueuedThreadPool.runJob(QueuedThreadPool.java:883)
        at org.eclipse.jetty.util.thread.QueuedThreadPool$Runner.run(QueuedThreadPool.java:1034)
        at java.lang.Thread.run(Thread.java:750)
"StaleRecoveringContainerScrubbingService#6" daemon prio=5 tid=1389 in Object.wait()
java.lang.Thread.State: WAITING (on object monitor)
        at sun.misc.Unsafe.park(Native Method)
        at java.util.concurrent.locks.LockSupport.park(LockSupport.java:175)
        at java.util.concurrent.locks.AbstractQueuedSynchronizer$ConditionObject.await(AbstractQueuedSynchronizer.java:2039)
        at java.util.concurrent.ScheduledThreadPoolExecutor$DelayedWorkQueue.take(ScheduledThreadPoolExecutor.java:1088)
        at java.util.concurrent.ScheduledThreadPoolExecutor$DelayedWorkQueue.take(ScheduledThreadPoolExecutor.java:809)
        at java.util.concurrent.ThreadPoolExecutor.getTask(ThreadPoolExecutor.java:1074)
        at java.util.concurrent.ThreadPoolExecutor.runWorker(ThreadPoolExecutor.java:1134)
        at java.util.concurrent.ThreadPoolExecutor$Worker.run(ThreadPoolExecutor.java:624)
        at java.lang.Thread.run(Thread.java:750)
"StaleRecoveringContainerScrubbingService#3" daemon prio=5 tid=1066 in Object.wait()
java.lang.Thread.State: WAITING (on object monitor)
        at sun.misc.Unsafe.park(Native Method)
        at java.util.concurrent.locks.LockSupport.park(LockSupport.java:175)
        at java.util.concurrent.locks.AbstractQueuedSynchronizer$ConditionObject.await(AbstractQueuedSynchronizer.java:2039)
        at java.util.concurrent.ScheduledThreadPoolExecutor$DelayedWorkQueue.take(ScheduledThreadPoolExecutor.java:1088)
        at java.util.concurrent.ScheduledThreadPoolExecutor$DelayedWorkQueue.take(ScheduledThreadPoolExecutor.java:809)
        at java.util.concurrent.ThreadPoolExecutor.getTask(ThreadPoolExecutor.java:1074)
        at java.util.concurrent.ThreadPoolExecutor.runWorker(ThreadPoolExecutor.java:1134)
        at java.util.concurrent.ThreadPoolExecutor$Worker.run(ThreadPoolExecutor.java:624)
        at java.lang.Thread.run(Thread.java:750)
"PartialTableCache Cleanup Thread - 0" daemon prio=5 tid=1010 in Object.wait()
java.lang.Thread.State: WAITING (on object monitor)
        at sun.misc.Unsafe.park(Native Method)
        at java.util.concurrent.locks.LockSupport.park(LockSupport.java:175)
        at java.util.concurrent.locks.AbstractQueuedSynchronizer$ConditionObject.await(AbstractQueuedSynchronizer.java:2039)
        at java.util.concurrent.LinkedBlockingQueue.take(LinkedBlockingQueue.java:442)
        at java.util.concurrent.ThreadPoolExecutor.getTask(ThreadPoolExecutor.java:1074)
        at java.util.concurrent.ThreadPoolExecutor.runWorker(ThreadPoolExecutor.java:1134)
        at java.util.concurrent.ThreadPoolExecutor$Worker.run(ThreadPoolExecutor.java:624)
        at java.lang.Thread.run(Thread.java:750)
"StaleRecoveringContainerScrubbingService#2" daemon prio=5 tid=875 timed_waiting
java.lang.Thread.State: TIMED_WAITING
        at sun.misc.Unsafe.park(Native Method)
        at java.util.concurrent.locks.LockSupport.parkNanos(LockSupport.java:215)
        at java.util.concurrent.locks.AbstractQueuedSynchronizer$ConditionObject.awaitNanos(AbstractQueuedSynchronizer.java:2078)
        at java.util.concurrent.ScheduledThreadPoolExecutor$DelayedWorkQueue.take(ScheduledThreadPoolExecutor.java:1093)
        at java.util.concurrent.ScheduledThreadPoolExecutor$DelayedWorkQueue.take(ScheduledThreadPoolExecutor.java:809)
        at java.util.concurrent.ThreadPoolExecutor.getTask(ThreadPoolExecutor.java:1074)
        at java.util.concurrent.ThreadPoolExecutor.runWorker(ThreadPoolExecutor.java:1134)
        at java.util.concurrent.ThreadPoolExecutor$Worker.run(ThreadPoolExecutor.java:624)
        at java.lang.Thread.run(Thread.java:750)
"Datanode ReportManager Thread - 3" daemon prio=5 tid=379 in Object.wait()
java.lang.Thread.State: WAITING (on object monitor)
        at sun.misc.Unsafe.park(Native Method)
        at java.util.concurrent.locks.LockSupport.park(LockSupport.java:175)
        at java.util.concurrent.locks.AbstractQueuedSynchronizer$ConditionObject.await(AbstractQueuedSynchronizer.java:2039)
        at java.util.concurrent.ScheduledThreadPoolExecutor$DelayedWorkQueue.take(ScheduledThreadPoolExecutor.java:1088)
        at java.util.concurrent.ScheduledThreadPoolExecutor$DelayedWorkQueue.take(ScheduledThreadPoolExecutor.java:809)
        at java.util.concurrent.ThreadPoolExecutor.getTask(ThreadPoolExecutor.java:1074)
        at java.util.concurrent.ThreadPoolExecutor.runWorker(ThreadPoolExecutor.java:1134)
        at java.util.concurrent.ThreadPoolExecutor$Worker.run(ThreadPoolExecutor.java:624)
        at java.lang.Thread.run(Thread.java:750)
"IPC Server idle connection scanner for port 15002" daemon prio=5 tid=25 timed_waiting
java.lang.Thread.State: TIMED_WAITING
        at java.lang.Object.wait(Native Method)
        at java.util.TimerThread.mainLoop(Timer.java:552)
        at java.util.TimerThread.run(Timer.java:505)
"9ff544a7-6c1c-4ca7-a5dc-e42e2710cacb@group-56CE86AE12C8-SegmentedRaftLogWorker"  prio=5 tid=702 timed_waiting
java.lang.Thread.State: TIMED_WAITING
        at sun.misc.Unsafe.park(Native Method)
        at java.util.concurrent.locks.LockSupport.parkNanos(LockSupport.java:215)
        at java.util.concurrent.locks.AbstractQueuedSynchronizer$ConditionObject.awaitNanos(AbstractQueuedSynchronizer.java:2078)
        at org.apache.ratis.util.DataBlockingQueue.poll(DataBlockingQueue.java:148)
        at org.apache.ratis.server.raftlog.segmented.SegmentedRaftLogWorker.run(SegmentedRaftLogWorker.java:307)
        at org.apache.ratis.server.raftlog.segmented.SegmentedRaftLogWorker$$Lambda$764/731878032.run(Unknown Source)
        at java.util.concurrent.Executors$RunnableAdapter.call(Executors.java:511)
        at java.util.concurrent.FutureTask.run(FutureTask.java:266)
        at java.util.concurrent.ThreadPoolExecutor.runWorker(ThreadPoolExecutor.java:1149)
        at java.util.concurrent.ThreadPoolExecutor$Worker.run(ThreadPoolExecutor.java:624)
        at java.lang.Thread.run(Thread.java:750)
"StaleRecoveringContainerScrubbingService#7" daemon prio=5 tid=1356 in Object.wait()
java.lang.Thread.State: WAITING (on object monitor)
        at sun.misc.Unsafe.park(Native Method)
        at java.util.concurrent.locks.LockSupport.park(LockSupport.java:175)
        at java.util.concurrent.locks.AbstractQueuedSynchronizer$ConditionObject.await(AbstractQueuedSynchronizer.java:2039)
        at java.util.concurrent.ScheduledThreadPoolExecutor$DelayedWorkQueue.take(ScheduledThreadPoolExecutor.java:1088)
        at java.util.concurrent.ScheduledThreadPoolExecutor$DelayedWorkQueue.take(ScheduledThreadPoolExecutor.java:809)
        at java.util.concurrent.ThreadPoolExecutor.getTask(ThreadPoolExecutor.java:1074)
        at java.util.concurrent.ThreadPoolExecutor.runWorker(ThreadPoolExecutor.java:1134)
        at java.util.concurrent.ThreadPoolExecutor$Worker.run(ThreadPoolExecutor.java:624)
        at java.lang.Thread.run(Thread.java:750)
"ChunkWriter-1-0" daemon prio=5 tid=452 in Object.wait()
java.lang.Thread.State: WAITING (on object monitor)
        at sun.misc.Unsafe.park(Native Method)
        at java.util.concurrent.locks.LockSupport.park(LockSupport.java:175)
        at java.util.concurrent.locks.AbstractQueuedSynchronizer$ConditionObject.await(AbstractQueuedSynchronizer.java:2039)
        at java.util.concurrent.LinkedBlockingDeque.takeFirst(LinkedBlockingDeque.java:492)
        at java.util.concurrent.LinkedBlockingDeque.take(LinkedBlockingDeque.java:680)
        at java.util.concurrent.ThreadPoolExecutor.getTask(ThreadPoolExecutor.java:1074)
        at java.util.concurrent.ThreadPoolExecutor.runWorker(ThreadPoolExecutor.java:1134)
        at java.util.concurrent.ThreadPoolExecutor$Worker.run(ThreadPoolExecutor.java:624)
        at java.lang.Thread.run(Thread.java:750)
"IPC Server handler 8 on default port 15000" daemon prio=5 tid=57 timed_waiting
java.lang.Thread.State: TIMED_WAITING
        at sun.misc.Unsafe.park(Native Method)
        at java.util.concurrent.locks.LockSupport.parkNanos(LockSupport.java:215)
        at java.util.concurrent.locks.AbstractQueuedSynchronizer$ConditionObject.awaitNanos(AbstractQueuedSynchronizer.java:2078)
        at java.util.concurrent.LinkedBlockingQueue.poll(LinkedBlockingQueue.java:467)
        at org.apache.hadoop.ipc.CallQueueManager.take(CallQueueManager.java:317)
        at org.apache.hadoop.ipc.Server$Handler.run(Server.java:2992)
"IPC Server Responder" daemon prio=5 tid=554 runnable
java.lang.Thread.State: RUNNABLE
        at sun.nio.ch.EPollArrayWrapper.epollWait(Native Method)
        at sun.nio.ch.EPollArrayWrapper.poll(EPollArrayWrapper.java:269)
        at sun.nio.ch.EPollSelectorImpl.doSelect(EPollSelectorImpl.java:93)
        at sun.nio.ch.SelectorImpl.lockAndDoSelect(SelectorImpl.java:86)
        at sun.nio.ch.SelectorImpl.select(SelectorImpl.java:97)
        at org.apache.hadoop.ipc.Server$Responder.doRunLoop(Server.java:1578)
        at org.apache.hadoop.ipc.Server$Responder.run(Server.java:1561)
"b39db728-622c-42ae-954c-bd0dbc524ba7-server-thread1" daemon prio=5 tid=966 timed_waiting
java.lang.Thread.State: TIMED_WAITING
        at sun.misc.Unsafe.park(Native Method)
        at java.util.concurrent.locks.LockSupport.parkNanos(LockSupport.java:215)
        at java.util.concurrent.SynchronousQueue$TransferStack.awaitFulfill(SynchronousQueue.java:460)
        at java.util.concurrent.SynchronousQueue$TransferStack.transfer(SynchronousQueue.java:362)
        at java.util.concurrent.SynchronousQueue.poll(SynchronousQueue.java:941)
        at java.util.concurrent.ThreadPoolExecutor.getTask(ThreadPoolExecutor.java:1073)
        at java.util.concurrent.ThreadPoolExecutor.runWorker(ThreadPoolExecutor.java:1134)
        at java.util.concurrent.ThreadPoolExecutor$Worker.run(ThreadPoolExecutor.java:624)
        at java.lang.Thread.run(Thread.java:750)
"org.apache.hadoop.ozone.container.common.statemachine.commandhandler.DeleteBlocksCommandHandler$DeleteCmdWorker@153f437b" daemon prio=5 tid=438 timed_waiting
java.lang.Thread.State: TIMED_WAITING
        at java.lang.Thread.sleep(Native Method)
        at org.apache.hadoop.ozone.container.common.statemachine.commandhandler.DeleteBlocksCommandHandler$DeleteCmdWorker.run(DeleteBlocksCommandHandler.java:187)
        at java.lang.Thread.run(Thread.java:750)
"36cbda38-693f-49bb-be1a-3256c6faae50-groupManagement"  prio=5 tid=766 in Object.wait()
java.lang.Thread.State: WAITING (on object monitor)
        at sun.misc.Unsafe.park(Native Method)
        at java.util.concurrent.locks.LockSupport.park(LockSupport.java:175)
        at java.util.concurrent.locks.AbstractQueuedSynchronizer$ConditionObject.await(AbstractQueuedSynchronizer.java:2039)
        at java.util.concurrent.LinkedBlockingQueue.take(LinkedBlockingQueue.java:442)
        at java.util.concurrent.ThreadPoolExecutor.getTask(ThreadPoolExecutor.java:1074)
        at java.util.concurrent.ThreadPoolExecutor.runWorker(ThreadPoolExecutor.java:1134)
        at java.util.concurrent.ThreadPoolExecutor$Worker.run(ThreadPoolExecutor.java:624)
        at java.lang.Thread.run(Thread.java:750)
"BlockDeletingService#1" daemon prio=5 tid=504 in Object.wait()
java.lang.Thread.State: WAITING (on object monitor)
        at sun.misc.Unsafe.park(Native Method)
        at java.util.concurrent.locks.LockSupport.park(LockSupport.java:175)
        at java.util.concurrent.locks.AbstractQueuedSynchronizer$ConditionObject.await(AbstractQueuedSynchronizer.java:2039)
        at java.util.concurrent.ScheduledThreadPoolExecutor$DelayedWorkQueue.take(ScheduledThreadPoolExecutor.java:1088)
        at java.util.concurrent.ScheduledThreadPoolExecutor$DelayedWorkQueue.take(ScheduledThreadPoolExecutor.java:809)
        at java.util.concurrent.ThreadPoolExecutor.getTask(ThreadPoolExecutor.java:1074)
        at java.util.concurrent.ThreadPoolExecutor.runWorker(ThreadPoolExecutor.java:1134)
        at java.util.concurrent.ThreadPoolExecutor$Worker.run(ThreadPoolExecutor.java:624)
        at java.lang.Thread.run(Thread.java:750)
"IPC Server handler 0 on default port 15028" daemon prio=5 tid=275 timed_waiting
java.lang.Thread.State: TIMED_WAITING
        at sun.misc.Unsafe.park(Native Method)
        at java.util.concurrent.locks.LockSupport.parkNanos(LockSupport.java:215)
        at java.util.concurrent.locks.AbstractQueuedSynchronizer$ConditionObject.awaitNanos(AbstractQueuedSynchronizer.java:2078)
        at java.util.concurrent.LinkedBlockingQueue.poll(LinkedBlockingQueue.java:467)
        at org.apache.hadoop.ipc.CallQueueManager.take(CallQueueManager.java:317)
        at org.apache.hadoop.ipc.Server$Handler.run(Server.java:2992)
"IPC Server handler 19 on default port 15000" daemon prio=5 tid=68 timed_waiting
java.lang.Thread.State: TIMED_WAITING
        at sun.misc.Unsafe.park(Native Method)
        at java.util.concurrent.locks.LockSupport.parkNanos(LockSupport.java:215)
        at java.util.concurrent.locks.AbstractQueuedSynchronizer$ConditionObject.awaitNanos(AbstractQueuedSynchronizer.java:2078)
        at java.util.concurrent.LinkedBlockingQueue.poll(LinkedBlockingQueue.java:467)
        at org.apache.hadoop.ipc.CallQueueManager.take(CallQueueManager.java:317)
        at org.apache.hadoop.ipc.Server$Handler.run(Server.java:2992)
"Datanode ReportManager Thread - 2" daemon prio=5 tid=279 in Object.wait()
java.lang.Thread.State: WAITING (on object monitor)
        at sun.misc.Unsafe.park(Native Method)
        at java.util.concurrent.locks.LockSupport.park(LockSupport.java:175)
        at java.util.concurrent.locks.AbstractQueuedSynchronizer$ConditionObject.await(AbstractQueuedSynchronizer.java:2039)
        at java.util.concurrent.ScheduledThreadPoolExecutor$DelayedWorkQueue.take(ScheduledThreadPoolExecutor.java:1088)
        at java.util.concurrent.ScheduledThreadPoolExecutor$DelayedWorkQueue.take(ScheduledThreadPoolExecutor.java:809)
        at java.util.concurrent.ThreadPoolExecutor.getTask(ThreadPoolExecutor.java:1074)
        at java.util.concurrent.ThreadPoolExecutor.runWorker(ThreadPoolExecutor.java:1134)
        at java.util.concurrent.ThreadPoolExecutor$Worker.run(ThreadPoolExecutor.java:624)
        at java.lang.Thread.run(Thread.java:750)
"StaleRecoveringContainerScrubbingService#9" daemon prio=5 tid=1374 in Object.wait()
java.lang.Thread.State: WAITING (on object monitor)
        at sun.misc.Unsafe.park(Native Method)
        at java.util.concurrent.locks.LockSupport.park(LockSupport.java:175)
        at java.util.concurrent.locks.AbstractQueuedSynchronizer$ConditionObject.await(AbstractQueuedSynchronizer.java:2039)
        at java.util.concurrent.ScheduledThreadPoolExecutor$DelayedWorkQueue.take(ScheduledThreadPoolExecutor.java:1088)
        at java.util.concurrent.ScheduledThreadPoolExecutor$DelayedWorkQueue.take(ScheduledThreadPoolExecutor.java:809)
        at java.util.concurrent.ThreadPoolExecutor.getTask(ThreadPoolExecutor.java:1074)
        at java.util.concurrent.ThreadPoolExecutor.runWorker(ThreadPoolExecutor.java:1134)
        at java.util.concurrent.ThreadPoolExecutor$Worker.run(ThreadPoolExecutor.java:624)
        at java.lang.Thread.run(Thread.java:750)
"qtp1221097305-230" daemon prio=5 tid=230 timed_waiting
java.lang.Thread.State: TIMED_WAITING
        at sun.misc.Unsafe.park(Native Method)
        at java.util.concurrent.locks.LockSupport.parkNanos(LockSupport.java:215)
        at java.util.concurrent.locks.AbstractQueuedSynchronizer$ConditionObject.awaitNanos(AbstractQueuedSynchronizer.java:2078)
        at org.eclipse.jetty.util.BlockingArrayQueue.poll(BlockingArrayQueue.java:382)
        at org.eclipse.jetty.util.thread.QueuedThreadPool$Runner.idleJobPoll(QueuedThreadPool.java:974)
        at org.eclipse.jetty.util.thread.QueuedThreadPool$Runner.run(QueuedThreadPool.java:1018)
        at java.lang.Thread.run(Thread.java:750)
"StaleRecoveringContainerScrubbingService#3" daemon prio=5 tid=1065 in Object.wait()
java.lang.Thread.State: WAITING (on object monitor)
        at sun.misc.Unsafe.park(Native Method)
        at java.util.concurrent.locks.LockSupport.park(LockSupport.java:175)
        at java.util.concurrent.locks.AbstractQueuedSynchronizer$ConditionObject.await(AbstractQueuedSynchronizer.java:2039)
        at java.util.concurrent.ScheduledThreadPoolExecutor$DelayedWorkQueue.take(ScheduledThreadPoolExecutor.java:1088)
        at java.util.concurrent.ScheduledThreadPoolExecutor$DelayedWorkQueue.take(ScheduledThreadPoolExecutor.java:809)
        at java.util.concurrent.ThreadPoolExecutor.getTask(ThreadPoolExecutor.java:1074)
        at java.util.concurrent.ThreadPoolExecutor.runWorker(ThreadPoolExecutor.java:1134)
        at java.util.concurrent.ThreadPoolExecutor$Worker.run(ThreadPoolExecutor.java:624)
        at java.lang.Thread.run(Thread.java:750)
"Datanode ReportManager Thread - 4" daemon prio=5 tid=380 timed_waiting
java.lang.Thread.State: TIMED_WAITING
        at sun.misc.Unsafe.park(Native Method)
        at java.util.concurrent.locks.LockSupport.parkNanos(LockSupport.java:215)
        at java.util.concurrent.locks.AbstractQueuedSynchronizer$ConditionObject.awaitNanos(AbstractQueuedSynchronizer.java:2078)
        at java.util.concurrent.ScheduledThreadPoolExecutor$DelayedWorkQueue.take(ScheduledThreadPoolExecutor.java:1093)
        at java.util.concurrent.ScheduledThreadPoolExecutor$DelayedWorkQueue.take(ScheduledThreadPoolExecutor.java:809)
        at java.util.concurrent.ThreadPoolExecutor.getTask(ThreadPoolExecutor.java:1074)
        at java.util.concurrent.ThreadPoolExecutor.runWorker(ThreadPoolExecutor.java:1134)
        at java.util.concurrent.ThreadPoolExecutor$Worker.run(ThreadPoolExecutor.java:624)
        at java.lang.Thread.run(Thread.java:750)
"StaleRecoveringContainerScrubbingService#1" daemon prio=5 tid=606 in Object.wait()
java.lang.Thread.State: WAITING (on object monitor)
        at sun.misc.Unsafe.park(Native Method)
        at java.util.concurrent.locks.LockSupport.park(LockSupport.java:175)
        at java.util.concurrent.locks.AbstractQueuedSynchronizer$ConditionObject.await(AbstractQueuedSynchronizer.java:2039)
        at java.util.concurrent.ScheduledThreadPoolExecutor$DelayedWorkQueue.take(ScheduledThreadPoolExecutor.java:1088)
        at java.util.concurrent.ScheduledThreadPoolExecutor$DelayedWorkQueue.take(ScheduledThreadPoolExecutor.java:809)
        at java.util.concurrent.ThreadPoolExecutor.getTask(ThreadPoolExecutor.java:1074)
        at java.util.concurrent.ThreadPoolExecutor.runWorker(ThreadPoolExecutor.java:1134)
        at java.util.concurrent.ThreadPoolExecutor$Worker.run(ThreadPoolExecutor.java:624)
        at java.lang.Thread.run(Thread.java:750)
"9ff544a7-6c1c-4ca7-a5dc-e42e2710cacb@group-56CE86AE12C8-StateMachineUpdater" daemon prio=5 tid=704 timed_waiting
java.lang.Thread.State: TIMED_WAITING
        at sun.misc.Unsafe.park(Native Method)
        at java.util.concurrent.locks.LockSupport.parkNanos(LockSupport.java:215)
        at java.util.concurrent.locks.AbstractQueuedSynchronizer$ConditionObject.await(AbstractQueuedSynchronizer.java:2163)
        at org.apache.ratis.util.AwaitForSignal.await(AwaitForSignal.java:62)
        at org.apache.ratis.server.impl.StateMachineUpdater.waitForCommit(StateMachineUpdater.java:209)
        at org.apache.ratis.server.impl.StateMachineUpdater.run(StateMachineUpdater.java:178)
        at java.lang.Thread.run(Thread.java:750)
"IPC Server handler 11 on default port 15004" daemon prio=5 tid=173 timed_waiting
java.lang.Thread.State: TIMED_WAITING
        at sun.misc.Unsafe.park(Native Method)
        at java.util.concurrent.locks.LockSupport.parkNanos(LockSupport.java:215)
        at java.util.concurrent.locks.AbstractQueuedSynchronizer$ConditionObject.awaitNanos(AbstractQueuedSynchronizer.java:2078)
        at java.util.concurrent.LinkedBlockingQueue.poll(LinkedBlockingQueue.java:467)
        at org.apache.hadoop.ipc.CallQueueManager.take(CallQueueManager.java:317)
        at org.apache.hadoop.ipc.Server$Handler.run(Server.java:2992)
"ChunkReader-1" daemon prio=5 tid=1398 in Object.wait()
java.lang.Thread.State: WAITING (on object monitor)
        at sun.misc.Unsafe.park(Native Method)
        at java.util.concurrent.locks.LockSupport.park(LockSupport.java:175)
        at java.util.concurrent.locks.AbstractQueuedSynchronizer$ConditionObject.await(AbstractQueuedSynchronizer.java:2039)
        at java.util.concurrent.LinkedBlockingQueue.take(LinkedBlockingQueue.java:442)
        at java.util.concurrent.ThreadPoolExecutor.getTask(ThreadPoolExecutor.java:1074)
        at java.util.concurrent.ThreadPoolExecutor.runWorker(ThreadPoolExecutor.java:1134)
        at java.util.concurrent.ThreadPoolExecutor$Worker.run(ThreadPoolExecutor.java:624)
        at java.lang.Thread.run(Thread.java:750)
"qtp1221097305-232" daemon prio=5 tid=232 timed_waiting
java.lang.Thread.State: TIMED_WAITING
        at sun.misc.Unsafe.park(Native Method)
        at java.util.concurrent.locks.LockSupport.parkNanos(LockSupport.java:215)
        at java.util.concurrent.locks.AbstractQueuedSynchronizer$ConditionObject.awaitNanos(AbstractQueuedSynchronizer.java:2078)
        at org.eclipse.jetty.util.BlockingArrayQueue.poll(BlockingArrayQueue.java:382)
        at org.eclipse.jetty.util.thread.QueuedThreadPool$Runner.idleJobPoll(QueuedThreadPool.java:974)
        at org.eclipse.jetty.util.thread.QueuedThreadPool$Runner.run(QueuedThreadPool.java:1018)
        at java.lang.Thread.run(Thread.java:750)
"qtp1739609831-365" daemon prio=5 tid=365 timed_waiting
java.lang.Thread.State: TIMED_WAITING
        at sun.misc.Unsafe.park(Native Method)
        at java.util.concurrent.locks.LockSupport.parkNanos(LockSupport.java:215)
        at java.util.concurrent.locks.AbstractQueuedSynchronizer$ConditionObject.awaitNanos(AbstractQueuedSynchronizer.java:2078)
        at org.eclipse.jetty.util.BlockingArrayQueue.poll(BlockingArrayQueue.java:382)
        at org.eclipse.jetty.util.thread.QueuedThreadPool$Runner.idleJobPoll(QueuedThreadPool.java:974)
        at org.eclipse.jetty.util.thread.QueuedThreadPool$Runner.run(QueuedThreadPool.java:1018)
        at java.lang.Thread.run(Thread.java:750)
"StaleRecoveringContainerScrubbingService#9" daemon prio=5 tid=1388 in Object.wait()
java.lang.Thread.State: WAITING (on object monitor)
        at sun.misc.Unsafe.park(Native Method)
        at java.util.concurrent.locks.LockSupport.park(LockSupport.java:175)
        at java.util.concurrent.locks.AbstractQueuedSynchronizer$ConditionObject.await(AbstractQueuedSynchronizer.java:2039)
        at java.util.concurrent.ScheduledThreadPoolExecutor$DelayedWorkQueue.take(ScheduledThreadPoolExecutor.java:1088)
        at java.util.concurrent.ScheduledThreadPoolExecutor$DelayedWorkQueue.take(ScheduledThreadPoolExecutor.java:809)
        at java.util.concurrent.ThreadPoolExecutor.getTask(ThreadPoolExecutor.java:1074)
        at java.util.concurrent.ThreadPoolExecutor.runWorker(ThreadPoolExecutor.java:1134)
        at java.util.concurrent.ThreadPoolExecutor$Worker.run(ThreadPoolExecutor.java:624)
        at java.lang.Thread.run(Thread.java:750)
"d78dd883-3e4c-45aa-98b2-e8ffdf2e22af@group-13C1C55693B9-LeaderStateImpl" daemon prio=5 tid=1251 timed_waiting
java.lang.Thread.State: TIMED_WAITING
        at sun.misc.Unsafe.park(Native Method)
        at java.util.concurrent.locks.LockSupport.parkNanos(LockSupport.java:215)
        at java.util.concurrent.locks.AbstractQueuedSynchronizer$ConditionObject.awaitNanos(AbstractQueuedSynchronizer.java:2078)
        at java.util.concurrent.ArrayBlockingQueue.poll(ArrayBlockingQueue.java:418)
        at org.apache.ratis.server.impl.LeaderStateImpl$EventQueue.poll(LeaderStateImpl.java:164)
        at org.apache.ratis.server.impl.LeaderStateImpl$EventProcessor.run(LeaderStateImpl.java:702)
"Command processor thread" daemon prio=5 tid=381 timed_waiting
java.lang.Thread.State: TIMED_WAITING
        at java.lang.Thread.sleep(Native Method)
        at org.apache.hadoop.ozone.container.common.statemachine.DatanodeStateMachine.lambda$initCommandHandlerThread$3(DatanodeStateMachine.java:669)
        at org.apache.hadoop.ozone.container.common.statemachine.DatanodeStateMachine$$Lambda$869/5638916.run(Unknown Source)
        at java.lang.Thread.run(Thread.java:750)
"qtp2045585008-487" daemon prio=5 tid=487 timed_waiting
java.lang.Thread.State: TIMED_WAITING
        at sun.misc.Unsafe.park(Native Method)
        at java.util.concurrent.locks.LockSupport.parkNanos(LockSupport.java:215)
        at java.util.concurrent.locks.AbstractQueuedSynchronizer$ConditionObject.awaitNanos(AbstractQueuedSynchronizer.java:2078)
        at org.eclipse.jetty.util.BlockingArrayQueue.poll(BlockingArrayQueue.java:382)
        at org.eclipse.jetty.util.thread.QueuedThreadPool$Runner.idleJobPoll(QueuedThreadPool.java:974)
        at org.eclipse.jetty.util.thread.QueuedThreadPool$Runner.run(QueuedThreadPool.java:1018)
        at java.lang.Thread.run(Thread.java:750)
"Session-HouseKeeper-42707ecf-1"  prio=5 tid=448 timed_waiting
java.lang.Thread.State: TIMED_WAITING
        at sun.misc.Unsafe.park(Native Method)
        at java.util.concurrent.locks.LockSupport.parkNanos(LockSupport.java:215)
        at java.util.concurrent.locks.AbstractQueuedSynchronizer$ConditionObject.awaitNanos(AbstractQueuedSynchronizer.java:2078)
        at java.util.concurrent.ScheduledThreadPoolExecutor$DelayedWorkQueue.take(ScheduledThreadPoolExecutor.java:1093)
        at java.util.concurrent.ScheduledThreadPoolExecutor$DelayedWorkQueue.take(ScheduledThreadPoolExecutor.java:809)
        at java.util.concurrent.ThreadPoolExecutor.getTask(ThreadPoolExecutor.java:1074)
        at java.util.concurrent.ThreadPoolExecutor.runWorker(ThreadPoolExecutor.java:1134)
        at java.util.concurrent.ThreadPoolExecutor$Worker.run(ThreadPoolExecutor.java:624)
        at java.lang.Thread.run(Thread.java:750)
"Datanode ReportManager Thread - 3" daemon prio=5 tid=426 timed_waiting
java.lang.Thread.State: TIMED_WAITING
        at sun.misc.Unsafe.park(Native Method)
        at java.util.concurrent.locks.LockSupport.parkNanos(LockSupport.java:215)
        at java.util.concurrent.locks.AbstractQueuedSynchronizer$ConditionObject.awaitNanos(AbstractQueuedSynchronizer.java:2078)
        at java.util.concurrent.ScheduledThreadPoolExecutor$DelayedWorkQueue.take(ScheduledThreadPoolExecutor.java:1093)
        at java.util.concurrent.ScheduledThreadPoolExecutor$DelayedWorkQueue.take(ScheduledThreadPoolExecutor.java:809)
        at java.util.concurrent.ThreadPoolExecutor.getTask(ThreadPoolExecutor.java:1074)
        at java.util.concurrent.ThreadPoolExecutor.runWorker(ThreadPoolExecutor.java:1134)
        at java.util.concurrent.ThreadPoolExecutor$Worker.run(ThreadPoolExecutor.java:624)
        at java.lang.Thread.run(Thread.java:750)
"Periodic HDDS volume checker" daemon prio=5 tid=522 timed_waiting
java.lang.Thread.State: TIMED_WAITING
        at sun.misc.Unsafe.park(Native Method)
        at java.util.concurrent.locks.LockSupport.parkNanos(LockSupport.java:215)
        at java.util.concurrent.locks.AbstractQueuedSynchronizer$ConditionObject.awaitNanos(AbstractQueuedSynchronizer.java:2078)
        at java.util.concurrent.ScheduledThreadPoolExecutor$DelayedWorkQueue.take(ScheduledThreadPoolExecutor.java:1093)
        at java.util.concurrent.ScheduledThreadPoolExecutor$DelayedWorkQueue.take(ScheduledThreadPoolExecutor.java:809)
        at java.util.concurrent.ThreadPoolExecutor.getTask(ThreadPoolExecutor.java:1074)
        at java.util.concurrent.ThreadPoolExecutor.runWorker(ThreadPoolExecutor.java:1134)
        at java.util.concurrent.ThreadPoolExecutor$Worker.run(ThreadPoolExecutor.java:624)
        at java.lang.Thread.run(Thread.java:750)
"Datanode ReportManager Thread - 2" daemon prio=5 tid=425 in Object.wait()
java.lang.Thread.State: WAITING (on object monitor)
        at sun.misc.Unsafe.park(Native Method)
        at java.util.concurrent.locks.LockSupport.park(LockSupport.java:175)
        at java.util.concurrent.locks.AbstractQueuedSynchronizer$ConditionObject.await(AbstractQueuedSynchronizer.java:2039)
        at java.util.concurrent.ScheduledThreadPoolExecutor$DelayedWorkQueue.take(ScheduledThreadPoolExecutor.java:1088)
        at java.util.concurrent.ScheduledThreadPoolExecutor$DelayedWorkQueue.take(ScheduledThreadPoolExecutor.java:809)
        at java.util.concurrent.ThreadPoolExecutor.getTask(ThreadPoolExecutor.java:1074)
        at java.util.concurrent.ThreadPoolExecutor.runWorker(ThreadPoolExecutor.java:1134)
        at java.util.concurrent.ThreadPoolExecutor$Worker.run(ThreadPoolExecutor.java:624)
        at java.lang.Thread.run(Thread.java:750)
"Datanode ReportManager Thread - 2" daemon prio=5 tid=1134 timed_waiting
java.lang.Thread.State: TIMED_WAITING
        at sun.misc.Unsafe.park(Native Method)
        at java.util.concurrent.locks.LockSupport.parkNanos(LockSupport.java:215)
        at java.util.concurrent.locks.AbstractQueuedSynchronizer$ConditionObject.awaitNanos(AbstractQueuedSynchronizer.java:2078)
        at java.util.concurrent.ScheduledThreadPoolExecutor$DelayedWorkQueue.take(ScheduledThreadPoolExecutor.java:1093)
        at java.util.concurrent.ScheduledThreadPoolExecutor$DelayedWorkQueue.take(ScheduledThreadPoolExecutor.java:809)
        at java.util.concurrent.ThreadPoolExecutor.getTask(ThreadPoolExecutor.java:1074)
        at java.util.concurrent.ThreadPoolExecutor.runWorker(ThreadPoolExecutor.java:1134)
        at java.util.concurrent.ThreadPoolExecutor$Worker.run(ThreadPoolExecutor.java:624)
        at java.lang.Thread.run(Thread.java:750)
"Datanode ReportManager Thread - 0" daemon prio=5 tid=310 in Object.wait()
java.lang.Thread.State: WAITING (on object monitor)
        at sun.misc.Unsafe.park(Native Method)
        at java.util.concurrent.locks.LockSupport.park(LockSupport.java:175)
        at java.util.concurrent.locks.AbstractQueuedSynchronizer$ConditionObject.await(AbstractQueuedSynchronizer.java:2039)
        at java.util.concurrent.ScheduledThreadPoolExecutor$DelayedWorkQueue.take(ScheduledThreadPoolExecutor.java:1088)
        at java.util.concurrent.ScheduledThreadPoolExecutor$DelayedWorkQueue.take(ScheduledThreadPoolExecutor.java:809)
        at java.util.concurrent.ThreadPoolExecutor.getTask(ThreadPoolExecutor.java:1074)
        at java.util.concurrent.ThreadPoolExecutor.runWorker(ThreadPoolExecutor.java:1134)
        at java.util.concurrent.ThreadPoolExecutor$Worker.run(ThreadPoolExecutor.java:624)
        at java.lang.Thread.run(Thread.java:750)
"b39db728-622c-42ae-954c-bd0dbc524ba7@group-C6431D6FC4A4->9125f905-aa43-4d0f-845d-e6cfd4dab0cd-GrpcLogAppender-LogAppenderDaemon" daemon prio=5 tid=969 timed_waiting
java.lang.Thread.State: TIMED_WAITING
        at sun.misc.Unsafe.park(Native Method)
        at java.util.concurrent.locks.LockSupport.parkNanos(LockSupport.java:215)
        at java.util.concurrent.locks.AbstractQueuedSynchronizer$ConditionObject.await(AbstractQueuedSynchronizer.java:2163)
        at org.apache.ratis.util.AwaitForSignal.await(AwaitForSignal.java:62)
        at org.apache.ratis.grpc.server.GrpcLogAppender.mayWait(GrpcLogAppender.java:197)
        at org.apache.ratis.grpc.server.GrpcLogAppender.run(GrpcLogAppender.java:148)
        at org.apache.ratis.server.leader.LogAppenderDaemon.run(LogAppenderDaemon.java:78)
        at org.apache.ratis.server.leader.LogAppenderDaemon$$Lambda$1179/1869148481.run(Unknown Source)
        at java.lang.Thread.run(Thread.java:750)
"IPC Server handler 17 on default port 15002" daemon prio=5 tid=106 timed_waiting
java.lang.Thread.State: TIMED_WAITING
        at sun.misc.Unsafe.park(Native Method)
        at java.util.concurrent.locks.LockSupport.parkNanos(LockSupport.java:215)
        at java.util.concurrent.locks.AbstractQueuedSynchronizer$ConditionObject.awaitNanos(AbstractQueuedSynchronizer.java:2078)
        at java.util.concurrent.LinkedBlockingQueue.poll(LinkedBlockingQueue.java:467)
        at org.apache.hadoop.ipc.CallQueueManager.take(CallQueueManager.java:317)
        at org.apache.hadoop.ipc.Server$Handler.run(Server.java:2992)
"IPC Server handler 16 on default port 15000" daemon prio=5 tid=65 timed_waiting
java.lang.Thread.State: TIMED_WAITING
        at sun.misc.Unsafe.park(Native Method)
        at java.util.concurrent.locks.LockSupport.parkNanos(LockSupport.java:215)
        at java.util.concurrent.locks.AbstractQueuedSynchronizer$ConditionObject.awaitNanos(AbstractQueuedSynchronizer.java:2078)
        at java.util.concurrent.LinkedBlockingQueue.poll(LinkedBlockingQueue.java:467)
        at org.apache.hadoop.ipc.CallQueueManager.take(CallQueueManager.java:317)
        at org.apache.hadoop.ipc.Server$Handler.run(Server.java:2992)
"ChunkWriter-2-0" daemon prio=5 tid=582 in Object.wait()
java.lang.Thread.State: WAITING (on object monitor)
        at sun.misc.Unsafe.park(Native Method)
        at java.util.concurrent.locks.LockSupport.park(LockSupport.java:175)
        at java.util.concurrent.locks.AbstractQueuedSynchronizer$ConditionObject.await(AbstractQueuedSynchronizer.java:2039)
        at java.util.concurrent.LinkedBlockingDeque.takeFirst(LinkedBlockingDeque.java:492)
        at java.util.concurrent.LinkedBlockingDeque.take(LinkedBlockingDeque.java:680)
        at java.util.concurrent.ThreadPoolExecutor.getTask(ThreadPoolExecutor.java:1074)
        at java.util.concurrent.ThreadPoolExecutor.runWorker(ThreadPoolExecutor.java:1134)
        at java.util.concurrent.ThreadPoolExecutor$Worker.run(ThreadPoolExecutor.java:624)
        at java.lang.Thread.run(Thread.java:750)
"ChunkReader-6" daemon prio=5 tid=1078 in Object.wait()
java.lang.Thread.State: WAITING (on object monitor)
        at sun.misc.Unsafe.park(Native Method)
        at java.util.concurrent.locks.LockSupport.park(LockSupport.java:175)
        at java.util.concurrent.locks.AbstractQueuedSynchronizer$ConditionObject.await(AbstractQueuedSynchronizer.java:2039)
        at java.util.concurrent.LinkedBlockingQueue.take(LinkedBlockingQueue.java:442)
        at java.util.concurrent.ThreadPoolExecutor.getTask(ThreadPoolExecutor.java:1074)
        at java.util.concurrent.ThreadPoolExecutor.runWorker(ThreadPoolExecutor.java:1134)
        at java.util.concurrent.ThreadPoolExecutor$Worker.run(ThreadPoolExecutor.java:624)
        at java.lang.Thread.run(Thread.java:750)
"qtp1562316023-298" daemon prio=5 tid=298 timed_waiting
java.lang.Thread.State: TIMED_WAITING
        at sun.misc.Unsafe.park(Native Method)
        at java.util.concurrent.locks.LockSupport.parkNanos(LockSupport.java:215)
        at java.util.concurrent.locks.AbstractQueuedSynchronizer$ConditionObject.awaitNanos(AbstractQueuedSynchronizer.java:2078)
        at org.eclipse.jetty.util.BlockingArrayQueue.poll(BlockingArrayQueue.java:382)
        at org.eclipse.jetty.util.thread.QueuedThreadPool$Runner.idleJobPoll(QueuedThreadPool.java:974)
        at org.eclipse.jetty.util.thread.QueuedThreadPool$Runner.run(QueuedThreadPool.java:1018)
        at java.lang.Thread.run(Thread.java:750)
"pool-119-thread-1" daemon prio=5 tid=255 timed_waiting
java.lang.Thread.State: TIMED_WAITING
        at sun.misc.Unsafe.park(Native Method)
        at java.util.concurrent.locks.LockSupport.parkNanos(LockSupport.java:215)
        at java.util.concurrent.locks.AbstractQueuedSynchronizer$ConditionObject.awaitNanos(AbstractQueuedSynchronizer.java:2078)
        at java.util.concurrent.ScheduledThreadPoolExecutor$DelayedWorkQueue.take(ScheduledThreadPoolExecutor.java:1093)
        at java.util.concurrent.ScheduledThreadPoolExecutor$DelayedWorkQueue.take(ScheduledThreadPoolExecutor.java:809)
        at java.util.concurrent.ThreadPoolExecutor.getTask(ThreadPoolExecutor.java:1074)
        at java.util.concurrent.ThreadPoolExecutor.runWorker(ThreadPoolExecutor.java:1134)
        at java.util.concurrent.ThreadPoolExecutor$Worker.run(ThreadPoolExecutor.java:624)
        at java.lang.Thread.run(Thread.java:750)
"d7192325-13fb-433e-b8d5-f6359b644c8f-NettyServerStreamRpc-bossGroup--thread1"  prio=5 tid=526 runnable
java.lang.Thread.State: RUNNABLE
        at sun.nio.ch.EPollArrayWrapper.epollWait(Native Method)
        at sun.nio.ch.EPollArrayWrapper.poll(EPollArrayWrapper.java:269)
        at sun.nio.ch.EPollSelectorImpl.doSelect(EPollSelectorImpl.java:93)
        at sun.nio.ch.SelectorImpl.lockAndDoSelect(SelectorImpl.java:86)
        at sun.nio.ch.SelectorImpl.select(SelectorImpl.java:97)
        at sun.nio.ch.SelectorImpl.select(SelectorImpl.java:101)
        at org.apache.ratis.thirdparty.io.netty.channel.nio.SelectedSelectionKeySetSelector.select(SelectedSelectionKeySetSelector.java:68)
        at org.apache.ratis.thirdparty.io.netty.channel.nio.NioEventLoop.select(NioEventLoop.java:879)
        at org.apache.ratis.thirdparty.io.netty.channel.nio.NioEventLoop.run(NioEventLoop.java:526)
        at org.apache.ratis.thirdparty.io.netty.util.concurrent.SingleThreadEventExecutor$4.run(SingleThreadEventExecutor.java:997)
        at org.apache.ratis.thirdparty.io.netty.util.internal.ThreadExecutorMap$2.run(ThreadExecutorMap.java:74)
        at java.lang.Thread.run(Thread.java:750)
"EndpointStateMachine task thread for /0.0.0.0:15002 - 0 "  prio=5 tid=495 in Object.wait()
java.lang.Thread.State: WAITING (on object monitor)
        at sun.misc.Unsafe.park(Native Method)
        at java.util.concurrent.locks.LockSupport.park(LockSupport.java:175)
        at java.util.concurrent.locks.AbstractQueuedSynchronizer$ConditionObject.await(AbstractQueuedSynchronizer.java:2039)
        at java.util.concurrent.LinkedBlockingQueue.take(LinkedBlockingQueue.java:442)
        at java.util.concurrent.ThreadPoolExecutor.getTask(ThreadPoolExecutor.java:1074)
        at java.util.concurrent.ThreadPoolExecutor.runWorker(ThreadPoolExecutor.java:1134)
        at java.util.concurrent.ThreadPoolExecutor$Worker.run(ThreadPoolExecutor.java:624)
        at java.lang.Thread.run(Thread.java:750)
"Command processor thread" daemon prio=5 tid=282 timed_waiting
java.lang.Thread.State: TIMED_WAITING
        at java.lang.Thread.sleep(Native Method)
        at org.apache.hadoop.ozone.container.common.statemachine.DatanodeStateMachine.lambda$initCommandHandlerThread$3(DatanodeStateMachine.java:669)
        at org.apache.hadoop.ozone.container.common.statemachine.DatanodeStateMachine$$Lambda$869/5638916.run(Unknown Source)
        at java.lang.Thread.run(Thread.java:750)
"Datanode ReportManager Thread - 0" daemon prio=5 tid=376 timed_waiting
java.lang.Thread.State: TIMED_WAITING
        at sun.misc.Unsafe.park(Native Method)
        at java.util.concurrent.locks.LockSupport.parkNanos(LockSupport.java:215)
        at java.util.concurrent.locks.AbstractQueuedSynchronizer$ConditionObject.awaitNanos(AbstractQueuedSynchronizer.java:2078)
        at java.util.concurrent.ScheduledThreadPoolExecutor$DelayedWorkQueue.take(ScheduledThreadPoolExecutor.java:1093)
        at java.util.concurrent.ScheduledThreadPoolExecutor$DelayedWorkQueue.take(ScheduledThreadPoolExecutor.java:809)
        at java.util.concurrent.ThreadPoolExecutor.getTask(ThreadPoolExecutor.java:1074)
        at java.util.concurrent.ThreadPoolExecutor.runWorker(ThreadPoolExecutor.java:1134)
        at java.util.concurrent.ThreadPoolExecutor$Worker.run(ThreadPoolExecutor.java:624)
        at java.lang.Thread.run(Thread.java:750)
"JvmPauseMonitor3" daemon prio=5 tid=500 timed_waiting
java.lang.Thread.State: TIMED_WAITING
        at java.lang.Thread.sleep(Native Method)
        at java.lang.Thread.sleep(Thread.java:342)
        at java.util.concurrent.TimeUnit.sleep(TimeUnit.java:386)
        at org.apache.ratis.util.TimeDuration.sleep(TimeDuration.java:325)
        at org.apache.ratis.util.TimeDuration.sleep(TimeDuration.java:310)
        at org.apache.ratis.util.JvmPauseMonitor.detectPause(JvmPauseMonitor.java:117)
        at org.apache.ratis.util.JvmPauseMonitor.run(JvmPauseMonitor.java:106)
        at org.apache.ratis.util.JvmPauseMonitor$$Lambda$790/700239275.run(Unknown Source)
        at java.lang.Thread.run(Thread.java:750)
"qtp1562316023-295-acceptor-0@69892fea-ServerConnector@139f519c{HTTP/1.1, (http/1.1)}{0.0.0.0:15036}" daemon prio=3 tid=295 runnable
java.lang.Thread.State: RUNNABLE
        at sun.nio.ch.ServerSocketChannelImpl.accept0(Native Method)
        at sun.nio.ch.ServerSocketChannelImpl.accept(ServerSocketChannelImpl.java:421)
        at sun.nio.ch.ServerSocketChannelImpl.accept(ServerSocketChannelImpl.java:249)
        at org.eclipse.jetty.server.ServerConnector.accept(ServerConnector.java:388)
        at org.eclipse.jetty.server.AbstractConnector$Acceptor.run(AbstractConnector.java:704)
        at org.eclipse.jetty.util.thread.QueuedThreadPool.runJob(QueuedThreadPool.java:883)
        at org.eclipse.jetty.util.thread.QueuedThreadPool$Runner.run(QueuedThreadPool.java:1034)
        at java.lang.Thread.run(Thread.java:750)
"IPC Server handler 0 on default port 15073" daemon prio=5 tid=466 timed_waiting
java.lang.Thread.State: TIMED_WAITING
        at sun.misc.Unsafe.park(Native Method)
        at java.util.concurrent.locks.LockSupport.parkNanos(LockSupport.java:215)
        at java.util.concurrent.locks.AbstractQueuedSynchronizer$ConditionObject.awaitNanos(AbstractQueuedSynchronizer.java:2078)
        at java.util.concurrent.LinkedBlockingQueue.poll(LinkedBlockingQueue.java:467)
        at org.apache.hadoop.ipc.CallQueueManager.take(CallQueueManager.java:317)
        at org.apache.hadoop.ipc.Server$Handler.run(Server.java:2992)
"ChunkReader-2" daemon prio=5 tid=997 in Object.wait()
java.lang.Thread.State: WAITING (on object monitor)
        at sun.misc.Unsafe.park(Native Method)
        at java.util.concurrent.locks.LockSupport.park(LockSupport.java:175)
        at java.util.concurrent.locks.AbstractQueuedSynchronizer$ConditionObject.await(AbstractQueuedSynchronizer.java:2039)
        at java.util.concurrent.LinkedBlockingQueue.take(LinkedBlockingQueue.java:442)
        at java.util.concurrent.ThreadPoolExecutor.getTask(ThreadPoolExecutor.java:1074)
        at java.util.concurrent.ThreadPoolExecutor.runWorker(ThreadPoolExecutor.java:1134)
        at java.util.concurrent.ThreadPoolExecutor$Worker.run(ThreadPoolExecutor.java:624)
        at java.lang.Thread.run(Thread.java:750)
"EventQueue-PipelineReportForPipelineReportHandler" daemon prio=5 tid=594 in Object.wait()
java.lang.Thread.State: WAITING (on object monitor)
        at sun.misc.Unsafe.park(Native Method)
        at java.util.concurrent.locks.LockSupport.park(LockSupport.java:175)
        at java.util.concurrent.locks.AbstractQueuedSynchronizer$ConditionObject.await(AbstractQueuedSynchronizer.java:2039)
        at java.util.concurrent.LinkedBlockingQueue.take(LinkedBlockingQueue.java:442)
        at java.util.concurrent.ThreadPoolExecutor.getTask(ThreadPoolExecutor.java:1074)
        at java.util.concurrent.ThreadPoolExecutor.runWorker(ThreadPoolExecutor.java:1134)
        at java.util.concurrent.ThreadPoolExecutor$Worker.run(ThreadPoolExecutor.java:624)
        at java.lang.Thread.run(Thread.java:750)
"pool-111-thread-1"  prio=5 tid=227 timed_waiting
java.lang.Thread.State: TIMED_WAITING
        at sun.misc.Unsafe.park(Native Method)
        at java.util.concurrent.locks.LockSupport.parkNanos(LockSupport.java:215)
        at java.util.concurrent.locks.AbstractQueuedSynchronizer$ConditionObject.awaitNanos(AbstractQueuedSynchronizer.java:2078)
        at java.util.concurrent.ScheduledThreadPoolExecutor$DelayedWorkQueue.take(ScheduledThreadPoolExecutor.java:1093)
        at java.util.concurrent.ScheduledThreadPoolExecutor$DelayedWorkQueue.take(ScheduledThreadPoolExecutor.java:809)
        at java.util.concurrent.ThreadPoolExecutor.getTask(ThreadPoolExecutor.java:1074)
        at java.util.concurrent.ThreadPoolExecutor.runWorker(ThreadPoolExecutor.java:1134)
        at java.util.concurrent.ThreadPoolExecutor$Worker.run(ThreadPoolExecutor.java:624)
        at java.lang.Thread.run(Thread.java:750)
"c686f304-079c-4e24-9d21-fd4c36dc1242@group-AD45264E1594-StateMachineUpdater" daemon prio=5 tid=666 timed_waiting
java.lang.Thread.State: TIMED_WAITING
        at sun.misc.Unsafe.park(Native Method)
        at java.util.concurrent.locks.LockSupport.parkNanos(LockSupport.java:215)
        at java.util.concurrent.locks.AbstractQueuedSynchronizer$ConditionObject.await(AbstractQueuedSynchronizer.java:2163)
        at org.apache.ratis.util.AwaitForSignal.await(AwaitForSignal.java:62)
        at org.apache.ratis.server.impl.StateMachineUpdater.waitForCommit(StateMachineUpdater.java:209)
        at org.apache.ratis.server.impl.StateMachineUpdater.run(StateMachineUpdater.java:178)
        at java.lang.Thread.run(Thread.java:750)
"36cbda38-693f-49bb-be1a-3256c6faae50@group-C6431D6FC4A4-SegmentedRaftLogWorker"  prio=5 tid=789 timed_waiting
java.lang.Thread.State: TIMED_WAITING
        at sun.misc.Unsafe.park(Native Method)
        at java.util.concurrent.locks.LockSupport.parkNanos(LockSupport.java:215)
        at java.util.concurrent.locks.AbstractQueuedSynchronizer$ConditionObject.awaitNanos(AbstractQueuedSynchronizer.java:2078)
        at org.apache.ratis.util.DataBlockingQueue.poll(DataBlockingQueue.java:148)
        at org.apache.ratis.server.raftlog.segmented.SegmentedRaftLogWorker.run(SegmentedRaftLogWorker.java:307)
        at org.apache.ratis.server.raftlog.segmented.SegmentedRaftLogWorker$$Lambda$764/731878032.run(Unknown Source)
        at java.util.concurrent.Executors$RunnableAdapter.call(Executors.java:511)
        at java.util.concurrent.FutureTask.run(FutureTask.java:266)
        at java.util.concurrent.ThreadPoolExecutor.runWorker(ThreadPoolExecutor.java:1149)
        at java.util.concurrent.ThreadPoolExecutor$Worker.run(ThreadPoolExecutor.java:624)
        at java.lang.Thread.run(Thread.java:750)
"fac1c7af-03c1-44bd-b323-3796df9c2435@group-CD60DE991625-StateMachineUpdater" daemon prio=5 tid=1191 timed_waiting
java.lang.Thread.State: TIMED_WAITING
        at sun.misc.Unsafe.park(Native Method)
        at java.util.concurrent.locks.LockSupport.parkNanos(LockSupport.java:215)
        at java.util.concurrent.locks.AbstractQueuedSynchronizer$ConditionObject.await(AbstractQueuedSynchronizer.java:2163)
        at org.apache.ratis.util.AwaitForSignal.await(AwaitForSignal.java:62)
        at org.apache.ratis.server.impl.StateMachineUpdater.waitForCommit(StateMachineUpdater.java:209)
        at org.apache.ratis.server.impl.StateMachineUpdater.run(StateMachineUpdater.java:178)
        at java.lang.Thread.run(Thread.java:750)
"StaleRecoveringContainerScrubbingService#7" daemon prio=5 tid=1354 in Object.wait()
java.lang.Thread.State: WAITING (on object monitor)
        at sun.misc.Unsafe.park(Native Method)
        at java.util.concurrent.locks.LockSupport.park(LockSupport.java:175)
        at java.util.concurrent.locks.AbstractQueuedSynchronizer$ConditionObject.await(AbstractQueuedSynchronizer.java:2039)
        at java.util.concurrent.ScheduledThreadPoolExecutor$DelayedWorkQueue.take(ScheduledThreadPoolExecutor.java:1088)
        at java.util.concurrent.ScheduledThreadPoolExecutor$DelayedWorkQueue.take(ScheduledThreadPoolExecutor.java:809)
        at java.util.concurrent.ThreadPoolExecutor.getTask(ThreadPoolExecutor.java:1074)
        at java.util.concurrent.ThreadPoolExecutor.runWorker(ThreadPoolExecutor.java:1134)
        at java.util.concurrent.ThreadPoolExecutor$Worker.run(ThreadPoolExecutor.java:624)
        at java.lang.Thread.run(Thread.java:750)
"EndpointStateMachine task thread for /0.0.0.0:15002 - 0 "  prio=5 tid=1146 in Object.wait()
java.lang.Thread.State: WAITING (on object monitor)
        at sun.misc.Unsafe.park(Native Method)
        at java.util.concurrent.locks.LockSupport.park(LockSupport.java:175)
        at java.util.concurrent.locks.AbstractQueuedSynchronizer$ConditionObject.await(AbstractQueuedSynchronizer.java:2039)
        at java.util.concurrent.LinkedBlockingQueue.take(LinkedBlockingQueue.java:442)
        at java.util.concurrent.ThreadPoolExecutor.getTask(ThreadPoolExecutor.java:1074)
        at java.util.concurrent.ThreadPoolExecutor.runWorker(ThreadPoolExecutor.java:1134)
        at java.util.concurrent.ThreadPoolExecutor$Worker.run(ThreadPoolExecutor.java:624)
        at java.lang.Thread.run(Thread.java:750)
"org.apache.hadoop.util.JvmPauseMonitor$Monitor@327b46d7" daemon prio=5 tid=1138 timed_waiting
java.lang.Thread.State: TIMED_WAITING
        at java.lang.Thread.sleep(Native Method)
        at org.apache.hadoop.util.JvmPauseMonitor$Monitor.run(JvmPauseMonitor.java:192)
        at java.lang.Thread.run(Thread.java:750)
"9ff544a7-6c1c-4ca7-a5dc-e42e2710cacb-NettyServerStreamRpc-bossGroup--thread1"  prio=5 tid=290 runnable
java.lang.Thread.State: RUNNABLE
        at sun.nio.ch.EPollArrayWrapper.epollWait(Native Method)
        at sun.nio.ch.EPollArrayWrapper.poll(EPollArrayWrapper.java:269)
        at sun.nio.ch.EPollSelectorImpl.doSelect(EPollSelectorImpl.java:93)
        at sun.nio.ch.SelectorImpl.lockAndDoSelect(SelectorImpl.java:86)
        at sun.nio.ch.SelectorImpl.select(SelectorImpl.java:97)
        at sun.nio.ch.SelectorImpl.select(SelectorImpl.java:101)
        at org.apache.ratis.thirdparty.io.netty.channel.nio.SelectedSelectionKeySetSelector.select(SelectedSelectionKeySetSelector.java:68)
        at org.apache.ratis.thirdparty.io.netty.channel.nio.NioEventLoop.select(NioEventLoop.java:879)
        at org.apache.ratis.thirdparty.io.netty.channel.nio.NioEventLoop.run(NioEventLoop.java:526)
        at org.apache.ratis.thirdparty.io.netty.util.concurrent.SingleThreadEventExecutor$4.run(SingleThreadEventExecutor.java:997)
        at org.apache.ratis.thirdparty.io.netty.util.internal.ThreadExecutorMap$2.run(ThreadExecutorMap.java:74)
        at java.lang.Thread.run(Thread.java:750)
"Datanode ReportManager Thread - 2" daemon prio=5 tid=470 timed_waiting
java.lang.Thread.State: TIMED_WAITING
        at sun.misc.Unsafe.park(Native Method)
        at java.util.concurrent.locks.LockSupport.parkNanos(LockSupport.java:215)
        at java.util.concurrent.locks.AbstractQueuedSynchronizer$ConditionObject.awaitNanos(AbstractQueuedSynchronizer.java:2078)
        at java.util.concurrent.ScheduledThreadPoolExecutor$DelayedWorkQueue.take(ScheduledThreadPoolExecutor.java:1093)
        at java.util.concurrent.ScheduledThreadPoolExecutor$DelayedWorkQueue.take(ScheduledThreadPoolExecutor.java:809)
        at java.util.concurrent.ThreadPoolExecutor.getTask(ThreadPoolExecutor.java:1074)
        at java.util.concurrent.ThreadPoolExecutor.runWorker(ThreadPoolExecutor.java:1134)
        at java.util.concurrent.ThreadPoolExecutor$Worker.run(ThreadPoolExecutor.java:624)
        at java.lang.Thread.run(Thread.java:750)
"qtp1533380014-158" daemon prio=5 tid=158 timed_waiting
java.lang.Thread.State: TIMED_WAITING
        at sun.misc.Unsafe.park(Native Method)
        at java.util.concurrent.locks.LockSupport.parkNanos(LockSupport.java:215)
        at java.util.concurrent.locks.AbstractQueuedSynchronizer$ConditionObject.awaitNanos(AbstractQueuedSynchronizer.java:2078)
        at org.eclipse.jetty.util.BlockingArrayQueue.poll(BlockingArrayQueue.java:382)
        at org.eclipse.jetty.util.thread.QueuedThreadPool$Runner.idleJobPoll(QueuedThreadPool.java:974)
        at org.eclipse.jetty.util.thread.QueuedThreadPool$Runner.run(QueuedThreadPool.java:1018)
        at java.lang.Thread.run(Thread.java:750)
"IPC Server handler 0 on default port 15091" daemon prio=5 tid=556 timed_waiting
java.lang.Thread.State: TIMED_WAITING
        at sun.misc.Unsafe.park(Native Method)
        at java.util.concurrent.locks.LockSupport.parkNanos(LockSupport.java:215)
        at java.util.concurrent.locks.AbstractQueuedSynchronizer$ConditionObject.awaitNanos(AbstractQueuedSynchronizer.java:2078)
        at java.util.concurrent.LinkedBlockingQueue.poll(LinkedBlockingQueue.java:467)
        at org.apache.hadoop.ipc.CallQueueManager.take(CallQueueManager.java:317)
        at org.apache.hadoop.ipc.Server$Handler.run(Server.java:2992)
"qtp941765836-445" daemon prio=5 tid=445 timed_waiting
java.lang.Thread.State: TIMED_WAITING
        at sun.misc.Unsafe.park(Native Method)
        at java.util.concurrent.locks.LockSupport.parkNanos(LockSupport.java:215)
        at java.util.concurrent.locks.AbstractQueuedSynchronizer$ConditionObject.awaitNanos(AbstractQueuedSynchronizer.java:2078)
        at org.eclipse.jetty.util.BlockingArrayQueue.poll(BlockingArrayQueue.java:382)
        at org.eclipse.jetty.util.thread.QueuedThreadPool$Runner.idleJobPoll(QueuedThreadPool.java:974)
        at org.eclipse.jetty.util.thread.QueuedThreadPool$Runner.run(QueuedThreadPool.java:1018)
        at java.lang.Thread.run(Thread.java:750)
"qtp941765836-444" daemon prio=5 tid=444 timed_waiting
java.lang.Thread.State: TIMED_WAITING
        at sun.misc.Unsafe.park(Native Method)
        at java.util.concurrent.locks.LockSupport.parkNanos(LockSupport.java:215)
        at java.util.concurrent.locks.AbstractQueuedSynchronizer$ConditionObject.awaitNanos(AbstractQueuedSynchronizer.java:2078)
        at org.eclipse.jetty.util.BlockingArrayQueue.poll(BlockingArrayQueue.java:382)
        at org.eclipse.jetty.util.thread.QueuedThreadPool$Runner.idleJobPoll(QueuedThreadPool.java:974)
        at org.eclipse.jetty.util.thread.QueuedThreadPool$Runner.run(QueuedThreadPool.java:1018)
        at java.lang.Thread.run(Thread.java:750)
"StaleRecoveringContainerScrubbingService#9" daemon prio=5 tid=1387 in Object.wait()
java.lang.Thread.State: WAITING (on object monitor)
        at sun.misc.Unsafe.park(Native Method)
        at java.util.concurrent.locks.LockSupport.park(LockSupport.java:175)
        at java.util.concurrent.locks.AbstractQueuedSynchronizer$ConditionObject.await(AbstractQueuedSynchronizer.java:2039)
        at java.util.concurrent.ScheduledThreadPoolExecutor$DelayedWorkQueue.take(ScheduledThreadPoolExecutor.java:1088)
        at java.util.concurrent.ScheduledThreadPoolExecutor$DelayedWorkQueue.take(ScheduledThreadPoolExecutor.java:809)
        at java.util.concurrent.ThreadPoolExecutor.getTask(ThreadPoolExecutor.java:1074)
        at java.util.concurrent.ThreadPoolExecutor.runWorker(ThreadPoolExecutor.java:1134)
        at java.util.concurrent.ThreadPoolExecutor$Worker.run(ThreadPoolExecutor.java:624)
        at java.lang.Thread.run(Thread.java:750)
"PartialTableCache Cleanup Thread - 0" daemon prio=5 tid=1011 in Object.wait()
java.lang.Thread.State: WAITING (on object monitor)
        at sun.misc.Unsafe.park(Native Method)
        at java.util.concurrent.locks.LockSupport.park(LockSupport.java:175)
        at java.util.concurrent.locks.AbstractQueuedSynchronizer$ConditionObject.await(AbstractQueuedSynchronizer.java:2039)
        at java.util.concurrent.LinkedBlockingQueue.take(LinkedBlockingQueue.java:442)
        at java.util.concurrent.ThreadPoolExecutor.getTask(ThreadPoolExecutor.java:1074)
        at java.util.concurrent.ThreadPoolExecutor.runWorker(ThreadPoolExecutor.java:1134)
        at java.util.concurrent.ThreadPoolExecutor$Worker.run(ThreadPoolExecutor.java:624)
        at java.lang.Thread.run(Thread.java:750)
"36cbda38-693f-49bb-be1a-3256c6faae50-server-thread3" daemon prio=5 tid=976 timed_waiting
java.lang.Thread.State: TIMED_WAITING
        at sun.misc.Unsafe.park(Native Method)
        at java.util.concurrent.locks.LockSupport.parkNanos(LockSupport.java:215)
        at java.util.concurrent.SynchronousQueue$TransferStack.awaitFulfill(SynchronousQueue.java:460)
        at java.util.concurrent.SynchronousQueue$TransferStack.transfer(SynchronousQueue.java:362)
        at java.util.concurrent.SynchronousQueue.poll(SynchronousQueue.java:941)
        at java.util.concurrent.ThreadPoolExecutor.getTask(ThreadPoolExecutor.java:1073)
        at java.util.concurrent.ThreadPoolExecutor.runWorker(ThreadPoolExecutor.java:1134)
        at java.util.concurrent.ThreadPoolExecutor$Worker.run(ThreadPoolExecutor.java:624)
        at java.lang.Thread.run(Thread.java:750)
"IPC Server Responder" daemon prio=5 tid=509 runnable
java.lang.Thread.State: RUNNABLE
        at sun.nio.ch.EPollArrayWrapper.epollWait(Native Method)
        at sun.nio.ch.EPollArrayWrapper.poll(EPollArrayWrapper.java:269)
        at sun.nio.ch.EPollSelectorImpl.doSelect(EPollSelectorImpl.java:93)
        at sun.nio.ch.SelectorImpl.lockAndDoSelect(SelectorImpl.java:86)
        at sun.nio.ch.SelectorImpl.select(SelectorImpl.java:97)
        at org.apache.hadoop.ipc.Server$Responder.doRunLoop(Server.java:1578)
        at org.apache.hadoop.ipc.Server$Responder.run(Server.java:1561)
"d7192325-13fb-433e-b8d5-f6359b644c8f@group-CD60DE991625->fac1c7af-03c1-44bd-b323-3796df9c2435-GrpcLogAppender-LogAppenderDaemon" daemon prio=5 tid=1235 timed_waiting
java.lang.Thread.State: TIMED_WAITING
        at sun.misc.Unsafe.park(Native Method)
        at java.util.concurrent.locks.LockSupport.parkNanos(LockSupport.java:215)
        at java.util.concurrent.locks.AbstractQueuedSynchronizer$ConditionObject.await(AbstractQueuedSynchronizer.java:2163)
        at org.apache.ratis.util.AwaitForSignal.await(AwaitForSignal.java:62)
        at org.apache.ratis.grpc.server.GrpcLogAppender.mayWait(GrpcLogAppender.java:197)
        at org.apache.ratis.grpc.server.GrpcLogAppender.run(GrpcLogAppender.java:148)
        at org.apache.ratis.server.leader.LogAppenderDaemon.run(LogAppenderDaemon.java:78)
        at org.apache.ratis.server.leader.LogAppenderDaemon$$Lambda$1179/1869148481.run(Unknown Source)
        at java.lang.Thread.run(Thread.java:750)
"Datanode State Machine Daemon Thread" daemon prio=5 tid=375 timed_waiting
java.lang.Thread.State: TIMED_WAITING
        at java.lang.Thread.sleep(Native Method)
        at org.apache.hadoop.ozone.container.common.statemachine.DatanodeStateMachine.startStateMachineThread(DatanodeStateMachine.java:351)
        at org.apache.hadoop.ozone.container.common.statemachine.DatanodeStateMachine.lambda$startDaemon$0(DatanodeStateMachine.java:538)
        at org.apache.hadoop.ozone.container.common.statemachine.DatanodeStateMachine$$Lambda$867/1464078834.run(Unknown Source)
        at java.lang.Thread.run(Thread.java:750)
"StaleRecoveringContainerScrubbingService#8" daemon prio=5 tid=1372 in Object.wait()
java.lang.Thread.State: WAITING (on object monitor)
        at sun.misc.Unsafe.park(Native Method)
        at java.util.concurrent.locks.LockSupport.park(LockSupport.java:175)
        at java.util.concurrent.locks.AbstractQueuedSynchronizer$ConditionObject.await(AbstractQueuedSynchronizer.java:2039)
        at java.util.concurrent.ScheduledThreadPoolExecutor$DelayedWorkQueue.take(ScheduledThreadPoolExecutor.java:1088)
        at java.util.concurrent.ScheduledThreadPoolExecutor$DelayedWorkQueue.take(ScheduledThreadPoolExecutor.java:809)
        at java.util.concurrent.ThreadPoolExecutor.getTask(ThreadPoolExecutor.java:1074)
        at java.util.concurrent.ThreadPoolExecutor.runWorker(ThreadPoolExecutor.java:1134)
        at java.util.concurrent.ThreadPoolExecutor$Worker.run(ThreadPoolExecutor.java:624)
        at java.lang.Thread.run(Thread.java:750)
"BlockDeletingService#3" daemon prio=5 tid=1408 in Object.wait()
java.lang.Thread.State: WAITING (on object monitor)
        at sun.misc.Unsafe.park(Native Method)
        at java.util.concurrent.locks.LockSupport.park(LockSupport.java:175)
        at java.util.concurrent.locks.AbstractQueuedSynchronizer$ConditionObject.await(AbstractQueuedSynchronizer.java:2039)
        at java.util.concurrent.ScheduledThreadPoolExecutor$DelayedWorkQueue.take(ScheduledThreadPoolExecutor.java:1088)
        at java.util.concurrent.ScheduledThreadPoolExecutor$DelayedWorkQueue.take(ScheduledThreadPoolExecutor.java:809)
        at java.util.concurrent.ThreadPoolExecutor.getTask(ThreadPoolExecutor.java:1074)
        at java.util.concurrent.ThreadPoolExecutor.runWorker(ThreadPoolExecutor.java:1134)
        at java.util.concurrent.ThreadPoolExecutor$Worker.run(ThreadPoolExecutor.java:624)
        at java.lang.Thread.run(Thread.java:750)
"IPC Client (446288680) connection to 0.0.0.0/0.0.0.0:15002 from runner" daemon prio=5 tid=404 timed_waiting
java.lang.Thread.State: TIMED_WAITING
        at java.lang.Object.wait(Native Method)
        at org.apache.hadoop.ipc.Client$Connection.waitForWork(Client.java:1043)
        at org.apache.hadoop.ipc.Client$Connection.run(Client.java:1094)
"StaleRecoveringContainerScrubbingService#5" daemon prio=5 tid=1221 in Object.wait()
java.lang.Thread.State: WAITING (on object monitor)
        at sun.misc.Unsafe.park(Native Method)
        at java.util.concurrent.locks.LockSupport.park(LockSupport.java:175)
        at java.util.concurrent.locks.AbstractQueuedSynchronizer$ConditionObject.await(AbstractQueuedSynchronizer.java:2039)
        at java.util.concurrent.ScheduledThreadPoolExecutor$DelayedWorkQueue.take(ScheduledThreadPoolExecutor.java:1088)
        at java.util.concurrent.ScheduledThreadPoolExecutor$DelayedWorkQueue.take(ScheduledThreadPoolExecutor.java:809)
        at java.util.concurrent.ThreadPoolExecutor.getTask(ThreadPoolExecutor.java:1074)
        at java.util.concurrent.ThreadPoolExecutor.runWorker(ThreadPoolExecutor.java:1134)
        at java.util.concurrent.ThreadPoolExecutor$Worker.run(ThreadPoolExecutor.java:624)
        at java.lang.Thread.run(Thread.java:750)
"c686f304-079c-4e24-9d21-fd4c36dc1242@group-AD45264E1594-LeaderStateImpl" daemon prio=5 tid=828 timed_waiting
java.lang.Thread.State: TIMED_WAITING
        at sun.misc.Unsafe.park(Native Method)
        at java.util.concurrent.locks.LockSupport.parkNanos(LockSupport.java:215)
        at java.util.concurrent.locks.AbstractQueuedSynchronizer$ConditionObject.awaitNanos(AbstractQueuedSynchronizer.java:2078)
        at java.util.concurrent.ArrayBlockingQueue.poll(ArrayBlockingQueue.java:418)
        at org.apache.ratis.server.impl.LeaderStateImpl$EventQueue.poll(LeaderStateImpl.java:164)
        at org.apache.ratis.server.impl.LeaderStateImpl$EventProcessor.run(LeaderStateImpl.java:702)
"Datanode ReportManager Thread - 4" daemon prio=5 tid=472 timed_waiting
java.lang.Thread.State: TIMED_WAITING
        at sun.misc.Unsafe.park(Native Method)
        at java.util.concurrent.locks.LockSupport.parkNanos(LockSupport.java:215)
        at java.util.concurrent.locks.AbstractQueuedSynchronizer$ConditionObject.awaitNanos(AbstractQueuedSynchronizer.java:2078)
        at java.util.concurrent.ScheduledThreadPoolExecutor$DelayedWorkQueue.take(ScheduledThreadPoolExecutor.java:1093)
        at java.util.concurrent.ScheduledThreadPoolExecutor$DelayedWorkQueue.take(ScheduledThreadPoolExecutor.java:809)
        at java.util.concurrent.ThreadPoolExecutor.getTask(ThreadPoolExecutor.java:1074)
        at java.util.concurrent.ThreadPoolExecutor.runWorker(ThreadPoolExecutor.java:1134)
        at java.util.concurrent.ThreadPoolExecutor$Worker.run(ThreadPoolExecutor.java:624)
        at java.lang.Thread.run(Thread.java:750)
"IPC Server idle connection scanner for port 15037" daemon prio=5 tid=305 timed_waiting
java.lang.Thread.State: TIMED_WAITING
        at java.lang.Object.wait(Native Method)
        at java.util.TimerThread.mainLoop(Timer.java:552)
        at java.util.TimerThread.run(Timer.java:505)
"ContainerReplicationThread-0" daemon prio=5 tid=1362 timed_waiting
java.lang.Thread.State: TIMED_WAITING
        at java.lang.Thread.sleep(Native Method)
        at org.apache.ozone.test.GenericTestUtils.waitFor(GenericTestUtils.java:224)
        at org.apache.hadoop.ozone.container.TestECContainerRecovery.lambda$testECContainerRecoveryWithTimedOutRecovery$1(TestECContainerRecovery.java:312)
        at org.apache.hadoop.ozone.container.TestECContainerRecovery$$Lambda$1624/1570072505.answer(Unknown Source)
        at org.mockito.internal.stubbing.StubbedInvocationMatcher.answer(StubbedInvocationMatcher.java:39)
        at org.mockito.internal.handler.MockHandlerImpl.handle(MockHandlerImpl.java:96)
        at org.mockito.internal.handler.NullResultGuardian.handle(NullResultGuardian.java:29)
        at org.mockito.internal.handler.InvocationNotifierHandler.handle(InvocationNotifierHandler.java:35)
        at org.mockito.internal.creation.bytebuddy.MockMethodInterceptor.doIntercept(MockMethodInterceptor.java:61)
        at org.mockito.internal.creation.bytebuddy.MockMethodAdvice.handle(MockMethodAdvice.java:105)
        at org.apache.hadoop.ozone.container.ec.reconstruction.ECReconstructionCoordinator.reconstructECBlockGroup(ECReconstructionCoordinator.java:232)
        at org.apache.hadoop.ozone.container.ec.reconstruction.ECReconstructionCoordinator.reconstructECContainerGroup(ECReconstructionCoordinator.java:171)
        at sun.reflect.NativeMethodAccessorImpl.invoke0(Native Method)
        at sun.reflect.NativeMethodAccessorImpl.invoke(NativeMethodAccessorImpl.java:62)
        at sun.reflect.DelegatingMethodAccessorImpl.invoke(DelegatingMethodAccessorImpl.java:43)
        at java.lang.reflect.Method.invoke(Method.java:498)
        at org.mockito.internal.creation.bytebuddy.MockMethodAdvice.tryInvoke(MockMethodAdvice.java:212)
        at org.mockito.internal.creation.bytebuddy.MockMethodAdvice.access$400(MockMethodAdvice.java:34)
        at org.mockito.internal.creation.bytebuddy.MockMethodAdvice$RealMethodCall.invoke(MockMethodAdvice.java:164)
        at org.mockito.internal.invocation.InterceptedInvocation.callRealMethod(InterceptedInvocation.java:152)
        at org.mockito.internal.stubbing.answers.CallsRealMethods.answer(CallsRealMethods.java:43)
        at org.mockito.Answers.answer(Answers.java:100)
        at org.mockito.internal.handler.MockHandlerImpl.handle(MockHandlerImpl.java:103)
        at org.mockito.internal.handler.NullResultGuardian.handle(NullResultGuardian.java:29)
        at org.mockito.internal.handler.InvocationNotifierHandler.handle(InvocationNotifierHandler.java:35)
        at org.mockito.internal.creation.bytebuddy.MockMethodInterceptor.doIntercept(MockMethodInterceptor.java:61)
        at org.mockito.internal.creation.bytebuddy.MockMethodAdvice.handle(MockMethodAdvice.java:105)
        at org.apache.hadoop.ozone.container.ec.reconstruction.ECReconstructionCoordinator.reconstructECContainerGroup(ECReconstructionCoordinator.java:141)
        at org.apache.hadoop.ozone.container.ec.reconstruction.ECReconstructionCoordinatorTask.runTask(ECReconstructionCoordinatorTask.java:68)
        at org.apache.hadoop.ozone.container.replication.ReplicationSupervisor$TaskRunner.run(ReplicationSupervisor.java:348)
        at java.util.concurrent.ThreadPoolExecutor.runWorker(ThreadPoolExecutor.java:1149)
        at java.util.concurrent.ThreadPoolExecutor$Worker.run(ThreadPoolExecutor.java:624)
        at java.lang.Thread.run(Thread.java:750)
"qtp2011580998-117" daemon prio=5 tid=117 timed_waiting
java.lang.Thread.State: TIMED_WAITING
        at sun.misc.Unsafe.park(Native Method)
        at java.util.concurrent.locks.LockSupport.parkNanos(LockSupport.java:215)
        at java.util.concurrent.locks.AbstractQueuedSynchronizer$ConditionObject.awaitNanos(AbstractQueuedSynchronizer.java:2078)
        at org.eclipse.jetty.util.BlockingArrayQueue.poll(BlockingArrayQueue.java:382)
        at org.eclipse.jetty.util.thread.QueuedThreadPool$Runner.idleJobPoll(QueuedThreadPool.java:974)
        at org.eclipse.jetty.util.thread.QueuedThreadPool$Runner.run(QueuedThreadPool.java:1018)
        at java.lang.Thread.run(Thread.java:750)
"KeyDeletingService#0" daemon prio=5 tid=147 timed_waiting
java.lang.Thread.State: TIMED_WAITING
        at sun.misc.Unsafe.park(Native Method)
        at java.util.concurrent.locks.LockSupport.parkNanos(LockSupport.java:215)
        at java.util.concurrent.locks.AbstractQueuedSynchronizer$ConditionObject.awaitNanos(AbstractQueuedSynchronizer.java:2078)
        at java.util.concurrent.ScheduledThreadPoolExecutor$DelayedWorkQueue.take(ScheduledThreadPoolExecutor.java:1093)
        at java.util.concurrent.ScheduledThreadPoolExecutor$DelayedWorkQueue.take(ScheduledThreadPoolExecutor.java:809)
        at java.util.concurrent.ThreadPoolExecutor.getTask(ThreadPoolExecutor.java:1074)
        at java.util.concurrent.ThreadPoolExecutor.runWorker(ThreadPoolExecutor.java:1134)
        at java.util.concurrent.ThreadPoolExecutor$Worker.run(ThreadPoolExecutor.java:624)
        at java.lang.Thread.run(Thread.java:750)
"OpenKeyCleanupService#0" daemon prio=5 tid=149 timed_waiting
java.lang.Thread.State: TIMED_WAITING
        at sun.misc.Unsafe.park(Native Method)
        at java.util.concurrent.locks.LockSupport.parkNanos(LockSupport.java:215)
        at java.util.concurrent.locks.AbstractQueuedSynchronizer$ConditionObject.awaitNanos(AbstractQueuedSynchronizer.java:2078)
        at java.util.concurrent.ScheduledThreadPoolExecutor$DelayedWorkQueue.take(ScheduledThreadPoolExecutor.java:1093)
        at java.util.concurrent.ScheduledThreadPoolExecutor$DelayedWorkQueue.take(ScheduledThreadPoolExecutor.java:809)
        at java.util.concurrent.ThreadPoolExecutor.getTask(ThreadPoolExecutor.java:1074)
        at java.util.concurrent.ThreadPoolExecutor.runWorker(ThreadPoolExecutor.java:1134)
        at java.util.concurrent.ThreadPoolExecutor$Worker.run(ThreadPoolExecutor.java:624)
        at java.lang.Thread.run(Thread.java:750)
"36cbda38-693f-49bb-be1a-3256c6faae50@group-54B8E535DF2F->9125f905-aa43-4d0f-845d-e6cfd4dab0cd-GrpcLogAppender-LogAppenderDaemon" daemon prio=5 tid=961 timed_waiting
java.lang.Thread.State: TIMED_WAITING
        at sun.misc.Unsafe.park(Native Method)
        at java.util.concurrent.locks.LockSupport.parkNanos(LockSupport.java:215)
        at java.util.concurrent.locks.AbstractQueuedSynchronizer$ConditionObject.await(AbstractQueuedSynchronizer.java:2163)
        at org.apache.ratis.util.AwaitForSignal.await(AwaitForSignal.java:62)
        at org.apache.ratis.grpc.server.GrpcLogAppender.mayWait(GrpcLogAppender.java:197)
        at org.apache.ratis.grpc.server.GrpcLogAppender.run(GrpcLogAppender.java:148)
        at org.apache.ratis.server.leader.LogAppenderDaemon.run(LogAppenderDaemon.java:78)
        at org.apache.ratis.server.leader.LogAppenderDaemon$$Lambda$1179/1869148481.run(Unknown Source)
        at java.lang.Thread.run(Thread.java:750)
"StaleRecoveringContainerScrubbingService#2" daemon prio=5 tid=862 timed_waiting
java.lang.Thread.State: TIMED_WAITING
        at sun.misc.Unsafe.park(Native Method)
        at java.util.concurrent.locks.LockSupport.parkNanos(LockSupport.java:215)
        at java.util.concurrent.locks.AbstractQueuedSynchronizer$ConditionObject.awaitNanos(AbstractQueuedSynchronizer.java:2078)
        at java.util.concurrent.ScheduledThreadPoolExecutor$DelayedWorkQueue.take(ScheduledThreadPoolExecutor.java:1093)
        at java.util.concurrent.ScheduledThreadPoolExecutor$DelayedWorkQueue.take(ScheduledThreadPoolExecutor.java:809)
        at java.util.concurrent.ThreadPoolExecutor.getTask(ThreadPoolExecutor.java:1074)
        at java.util.concurrent.ThreadPoolExecutor.runWorker(ThreadPoolExecutor.java:1134)
        at java.util.concurrent.ThreadPoolExecutor$Worker.run(ThreadPoolExecutor.java:624)
        at java.lang.Thread.run(Thread.java:750)
"pool-259-thread-1"  prio=5 tid=439 timed_waiting
java.lang.Thread.State: TIMED_WAITING
        at sun.misc.Unsafe.park(Native Method)
        at java.util.concurrent.locks.LockSupport.parkNanos(LockSupport.java:215)
        at java.util.concurrent.locks.AbstractQueuedSynchronizer$ConditionObject.awaitNanos(AbstractQueuedSynchronizer.java:2078)
        at java.util.concurrent.ScheduledThreadPoolExecutor$DelayedWorkQueue.take(ScheduledThreadPoolExecutor.java:1093)
        at java.util.concurrent.ScheduledThreadPoolExecutor$DelayedWorkQueue.take(ScheduledThreadPoolExecutor.java:809)
        at java.util.concurrent.ThreadPoolExecutor.getTask(ThreadPoolExecutor.java:1074)
        at java.util.concurrent.ThreadPoolExecutor.runWorker(ThreadPoolExecutor.java:1134)
        at java.util.concurrent.ThreadPoolExecutor$Worker.run(ThreadPoolExecutor.java:624)
        at java.lang.Thread.run(Thread.java:750)
"9125f905-aa43-4d0f-845d-e6cfd4dab0cd@group-C6431D6FC4A4-FollowerState" daemon prio=5 tid=965 timed_waiting
java.lang.Thread.State: TIMED_WAITING
        at java.lang.Thread.sleep(Native Method)
        at java.lang.Thread.sleep(Thread.java:342)
        at java.util.concurrent.TimeUnit.sleep(TimeUnit.java:386)
        at org.apache.ratis.util.TimeDuration.sleep(TimeDuration.java:325)
        at org.apache.ratis.util.TimeDuration.sleep(TimeDuration.java:310)
        at org.apache.ratis.server.impl.FollowerState.run(FollowerState.java:128)
"qtp2045585008-490" daemon prio=5 tid=490 timed_waiting
java.lang.Thread.State: TIMED_WAITING
        at sun.misc.Unsafe.park(Native Method)
        at java.util.concurrent.locks.LockSupport.parkNanos(LockSupport.java:215)
        at java.util.concurrent.locks.AbstractQueuedSynchronizer$ConditionObject.awaitNanos(AbstractQueuedSynchronizer.java:2078)
        at org.eclipse.jetty.util.BlockingArrayQueue.poll(BlockingArrayQueue.java:382)
        at org.eclipse.jetty.util.thread.QueuedThreadPool$Runner.idleJobPoll(QueuedThreadPool.java:974)
        at org.eclipse.jetty.util.thread.QueuedThreadPool$Runner.run(QueuedThreadPool.java:1018)
        at java.lang.Thread.run(Thread.java:750)
"qtp1359989430-1116" daemon prio=5 tid=1116 runnable
java.lang.Thread.State: RUNNABLE
        at sun.nio.ch.EPollArrayWrapper.epollWait(Native Method)
        at sun.nio.ch.EPollArrayWrapper.poll(EPollArrayWrapper.java:269)
        at sun.nio.ch.EPollSelectorImpl.doSelect(EPollSelectorImpl.java:93)
        at sun.nio.ch.SelectorImpl.lockAndDoSelect(SelectorImpl.java:86)
        at sun.nio.ch.SelectorImpl.select(SelectorImpl.java:97)
        at sun.nio.ch.SelectorImpl.select(SelectorImpl.java:101)
        at org.eclipse.jetty.io.ManagedSelector.nioSelect(ManagedSelector.java:183)
        at org.eclipse.jetty.io.ManagedSelector.select(ManagedSelector.java:190)
        at org.eclipse.jetty.io.ManagedSelector$SelectorProducer.select(ManagedSelector.java:606)
        at org.eclipse.jetty.io.ManagedSelector$SelectorProducer.produce(ManagedSelector.java:543)
        at org.eclipse.jetty.util.thread.strategy.EatWhatYouKill.produceTask(EatWhatYouKill.java:362)
        at org.eclipse.jetty.util.thread.strategy.EatWhatYouKill.doProduce(EatWhatYouKill.java:186)
        at org.eclipse.jetty.util.thread.strategy.EatWhatYouKill.tryProduce(EatWhatYouKill.java:173)
        at org.eclipse.jetty.util.thread.strategy.EatWhatYouKill.produce(EatWhatYouKill.java:137)
        at org.eclipse.jetty.io.ManagedSelector$$Lambda$472/1519927178.run(Unknown Source)
        at org.eclipse.jetty.util.thread.QueuedThreadPool.runJob(QueuedThreadPool.java:883)
        at org.eclipse.jetty.util.thread.QueuedThreadPool$Runner.run(QueuedThreadPool.java:1034)
        at java.lang.Thread.run(Thread.java:750)
"ChunkReader-7" daemon prio=5 tid=1271 in Object.wait()
java.lang.Thread.State: WAITING (on object monitor)
        at sun.misc.Unsafe.park(Native Method)
        at java.util.concurrent.locks.LockSupport.park(LockSupport.java:175)
        at java.util.concurrent.locks.AbstractQueuedSynchronizer$ConditionObject.await(AbstractQueuedSynchronizer.java:2039)
        at java.util.concurrent.LinkedBlockingQueue.take(LinkedBlockingQueue.java:442)
        at java.util.concurrent.ThreadPoolExecutor.getTask(ThreadPoolExecutor.java:1074)
        at java.util.concurrent.ThreadPoolExecutor.runWorker(ThreadPoolExecutor.java:1134)
        at java.util.concurrent.ThreadPoolExecutor$Worker.run(ThreadPoolExecutor.java:624)
        at java.lang.Thread.run(Thread.java:750)
"IPC Server handler 12 on default port 15004" daemon prio=5 tid=174 timed_waiting
java.lang.Thread.State: TIMED_WAITING
        at sun.misc.Unsafe.park(Native Method)
        at java.util.concurrent.locks.LockSupport.parkNanos(LockSupport.java:215)
        at java.util.concurrent.locks.AbstractQueuedSynchronizer$ConditionObject.awaitNanos(AbstractQueuedSynchronizer.java:2078)
        at java.util.concurrent.LinkedBlockingQueue.poll(LinkedBlockingQueue.java:467)
        at org.apache.hadoop.ipc.CallQueueManager.take(CallQueueManager.java:317)
        at org.apache.hadoop.ipc.Server$Handler.run(Server.java:2992)
"StaleRecoveringContainerScrubbingService#3" daemon prio=5 tid=1070 in Object.wait()
java.lang.Thread.State: WAITING (on object monitor)
        at sun.misc.Unsafe.park(Native Method)
        at java.util.concurrent.locks.LockSupport.park(LockSupport.java:175)
        at java.util.concurrent.locks.AbstractQueuedSynchronizer$ConditionObject.await(AbstractQueuedSynchronizer.java:2039)
        at java.util.concurrent.ScheduledThreadPoolExecutor$DelayedWorkQueue.take(ScheduledThreadPoolExecutor.java:1088)
        at java.util.concurrent.ScheduledThreadPoolExecutor$DelayedWorkQueue.take(ScheduledThreadPoolExecutor.java:809)
        at java.util.concurrent.ThreadPoolExecutor.getTask(ThreadPoolExecutor.java:1074)
        at java.util.concurrent.ThreadPoolExecutor.runWorker(ThreadPoolExecutor.java:1134)
        at java.util.concurrent.ThreadPoolExecutor$Worker.run(ThreadPoolExecutor.java:624)
        at java.lang.Thread.run(Thread.java:750)
"9125f905-aa43-4d0f-845d-e6cfd4dab0cd-server-thread3" daemon prio=5 tid=979 timed_waiting
java.lang.Thread.State: TIMED_WAITING
        at sun.misc.Unsafe.park(Native Method)
        at java.util.concurrent.locks.LockSupport.parkNanos(LockSupport.java:215)
        at java.util.concurrent.SynchronousQueue$TransferStack.awaitFulfill(SynchronousQueue.java:460)
        at java.util.concurrent.SynchronousQueue$TransferStack.transfer(SynchronousQueue.java:362)
        at java.util.concurrent.SynchronousQueue.poll(SynchronousQueue.java:941)
        at java.util.concurrent.ThreadPoolExecutor.getTask(ThreadPoolExecutor.java:1073)
        at java.util.concurrent.ThreadPoolExecutor.runWorker(ThreadPoolExecutor.java:1134)
        at java.util.concurrent.ThreadPoolExecutor$Worker.run(ThreadPoolExecutor.java:624)
        at java.lang.Thread.run(Thread.java:750)
"FixedThreadPoolWithAffinityExecutor-0-0" daemon prio=5 tid=38 timed_waiting
java.lang.Thread.State: TIMED_WAITING
        at sun.misc.Unsafe.park(Native Method)
        at java.util.concurrent.locks.LockSupport.parkNanos(LockSupport.java:215)
        at java.util.concurrent.locks.AbstractQueuedSynchronizer$ConditionObject.awaitNanos(AbstractQueuedSynchronizer.java:2078)
        at java.util.concurrent.LinkedBlockingQueue.poll(LinkedBlockingQueue.java:467)
        at org.apache.hadoop.hdds.scm.server.ContainerReportQueue.poll(ContainerReportQueue.java:266)
        at org.apache.hadoop.hdds.scm.server.ContainerReportQueue.poll(ContainerReportQueue.java:42)
        at org.apache.hadoop.hdds.server.events.FixedThreadPoolWithAffinityExecutor$ContainerReportProcessTask.run(FixedThreadPoolWithAffinityExecutor.java:247)
        at java.util.concurrent.Executors$RunnableAdapter.call(Executors.java:511)
        at java.util.concurrent.FutureTask.run(FutureTask.java:266)
        at java.util.concurrent.ThreadPoolExecutor.runWorker(ThreadPoolExecutor.java:1149)
        at java.util.concurrent.ThreadPoolExecutor$Worker.run(ThreadPoolExecutor.java:624)
        at java.lang.Thread.run(Thread.java:750)
"ChunkReader-4" daemon prio=5 tid=1076 in Object.wait()
java.lang.Thread.State: WAITING (on object monitor)
        at sun.misc.Unsafe.park(Native Method)
        at java.util.concurrent.locks.LockSupport.park(LockSupport.java:175)
        at java.util.concurrent.locks.AbstractQueuedSynchronizer$ConditionObject.await(AbstractQueuedSynchronizer.java:2039)
        at java.util.concurrent.LinkedBlockingQueue.take(LinkedBlockingQueue.java:442)
        at java.util.concurrent.ThreadPoolExecutor.getTask(ThreadPoolExecutor.java:1074)
        at java.util.concurrent.ThreadPoolExecutor.runWorker(ThreadPoolExecutor.java:1134)
        at java.util.concurrent.ThreadPoolExecutor$Worker.run(ThreadPoolExecutor.java:624)
        at java.lang.Thread.run(Thread.java:750)
"EventQueue-DatanodeCommandQueueUpdatedForDatanodeCommandCountUpdatedHandler" daemon prio=5 tid=645 in Object.wait()
java.lang.Thread.State: WAITING (on object monitor)
        at sun.misc.Unsafe.park(Native Method)
        at java.util.concurrent.locks.LockSupport.park(LockSupport.java:175)
        at java.util.concurrent.locks.AbstractQueuedSynchronizer$ConditionObject.await(AbstractQueuedSynchronizer.java:2039)
        at java.util.concurrent.LinkedBlockingQueue.take(LinkedBlockingQueue.java:442)
        at java.util.concurrent.ThreadPoolExecutor.getTask(ThreadPoolExecutor.java:1074)
        at java.util.concurrent.ThreadPoolExecutor.runWorker(ThreadPoolExecutor.java:1134)
        at java.util.concurrent.ThreadPoolExecutor$Worker.run(ThreadPoolExecutor.java:624)
        at java.lang.Thread.run(Thread.java:750)
"IPC Server idle connection scanner for port 15091" daemon prio=5 tid=553 timed_waiting
java.lang.Thread.State: TIMED_WAITING
        at java.lang.Object.wait(Native Method)
        at java.util.TimerThread.mainLoop(Timer.java:552)
        at java.util.TimerThread.run(Timer.java:505)
"StaleRecoveringContainerScrubbingService#7" daemon prio=5 tid=1348 in Object.wait()
java.lang.Thread.State: WAITING (on object monitor)
        at sun.misc.Unsafe.park(Native Method)
        at java.util.concurrent.locks.LockSupport.park(LockSupport.java:175)
        at java.util.concurrent.locks.AbstractQueuedSynchronizer$ConditionObject.await(AbstractQueuedSynchronizer.java:2039)
        at java.util.concurrent.ScheduledThreadPoolExecutor$DelayedWorkQueue.take(ScheduledThreadPoolExecutor.java:1088)
        at java.util.concurrent.ScheduledThreadPoolExecutor$DelayedWorkQueue.take(ScheduledThreadPoolExecutor.java:809)
        at java.util.concurrent.ThreadPoolExecutor.getTask(ThreadPoolExecutor.java:1074)
        at java.util.concurrent.ThreadPoolExecutor.runWorker(ThreadPoolExecutor.java:1134)
        at java.util.concurrent.ThreadPoolExecutor$Worker.run(ThreadPoolExecutor.java:624)
        at java.lang.Thread.run(Thread.java:750)
"36cbda38-693f-49bb-be1a-3256c6faae50@group-54B8E535DF2F->b39db728-622c-42ae-954c-bd0dbc524ba7-GrpcLogAppender-LogAppenderDaemon" daemon prio=5 tid=960 timed_waiting
java.lang.Thread.State: TIMED_WAITING
        at sun.misc.Unsafe.park(Native Method)
        at java.util.concurrent.locks.LockSupport.parkNanos(LockSupport.java:215)
        at java.util.concurrent.locks.AbstractQueuedSynchronizer$ConditionObject.await(AbstractQueuedSynchronizer.java:2163)
        at org.apache.ratis.util.AwaitForSignal.await(AwaitForSignal.java:62)
        at org.apache.ratis.grpc.server.GrpcLogAppender.mayWait(GrpcLogAppender.java:197)
        at org.apache.ratis.grpc.server.GrpcLogAppender.run(GrpcLogAppender.java:148)
        at org.apache.ratis.server.leader.LogAppenderDaemon.run(LogAppenderDaemon.java:78)
        at org.apache.ratis.server.leader.LogAppenderDaemon$$Lambda$1179/1869148481.run(Unknown Source)
        at java.lang.Thread.run(Thread.java:750)
"qtp1851070396-536" daemon prio=5 tid=536 timed_waiting
java.lang.Thread.State: TIMED_WAITING
        at sun.misc.Unsafe.park(Native Method)
        at java.util.concurrent.locks.LockSupport.parkNanos(LockSupport.java:215)
        at java.util.concurrent.locks.AbstractQueuedSynchronizer$ConditionObject.awaitNanos(AbstractQueuedSynchronizer.java:2078)
        at org.eclipse.jetty.util.BlockingArrayQueue.poll(BlockingArrayQueue.java:382)
        at org.eclipse.jetty.util.thread.QueuedThreadPool$Runner.idleJobPoll(QueuedThreadPool.java:974)
        at org.eclipse.jetty.util.thread.QueuedThreadPool$Runner.run(QueuedThreadPool.java:1018)
        at java.lang.Thread.run(Thread.java:750)
"BlockDeletingService#1" daemon prio=5 tid=1166 in Object.wait()
java.lang.Thread.State: WAITING (on object monitor)
        at sun.misc.Unsafe.park(Native Method)
        at java.util.concurrent.locks.LockSupport.park(LockSupport.java:175)
        at java.util.concurrent.locks.AbstractQueuedSynchronizer$ConditionObject.await(AbstractQueuedSynchronizer.java:2039)
        at java.util.concurrent.ScheduledThreadPoolExecutor$DelayedWorkQueue.take(ScheduledThreadPoolExecutor.java:1088)
        at java.util.concurrent.ScheduledThreadPoolExecutor$DelayedWorkQueue.take(ScheduledThreadPoolExecutor.java:809)
        at java.util.concurrent.ThreadPoolExecutor.getTask(ThreadPoolExecutor.java:1074)
        at java.util.concurrent.ThreadPoolExecutor.runWorker(ThreadPoolExecutor.java:1134)
        at java.util.concurrent.ThreadPoolExecutor$Worker.run(ThreadPoolExecutor.java:624)
        at java.lang.Thread.run(Thread.java:750)
"EndpointStateMachine task thread for /0.0.0.0:15002 - 0 "  prio=5 tid=622 in Object.wait()
java.lang.Thread.State: WAITING (on object monitor)
        at sun.misc.Unsafe.park(Native Method)
        at java.util.concurrent.locks.LockSupport.park(LockSupport.java:175)
        at java.util.concurrent.locks.AbstractQueuedSynchronizer$ConditionObject.await(AbstractQueuedSynchronizer.java:2039)
        at java.util.concurrent.LinkedBlockingQueue.take(LinkedBlockingQueue.java:442)
        at java.util.concurrent.ThreadPoolExecutor.getTask(ThreadPoolExecutor.java:1074)
        at java.util.concurrent.ThreadPoolExecutor.runWorker(ThreadPoolExecutor.java:1134)
        at java.util.concurrent.ThreadPoolExecutor$Worker.run(ThreadPoolExecutor.java:624)
        at java.lang.Thread.run(Thread.java:750)
"qtp2045585008-488" daemon prio=5 tid=488 runnable
java.lang.Thread.State: RUNNABLE
        at sun.nio.ch.EPollArrayWrapper.epollWait(Native Method)
        at sun.nio.ch.EPollArrayWrapper.poll(EPollArrayWrapper.java:269)
        at sun.nio.ch.EPollSelectorImpl.doSelect(EPollSelectorImpl.java:93)
        at sun.nio.ch.SelectorImpl.lockAndDoSelect(SelectorImpl.java:86)
        at sun.nio.ch.SelectorImpl.select(SelectorImpl.java:97)
        at sun.nio.ch.SelectorImpl.select(SelectorImpl.java:101)
        at org.eclipse.jetty.io.ManagedSelector.nioSelect(ManagedSelector.java:183)
        at org.eclipse.jetty.io.ManagedSelector.select(ManagedSelector.java:190)
        at org.eclipse.jetty.io.ManagedSelector$SelectorProducer.select(ManagedSelector.java:606)
        at org.eclipse.jetty.io.ManagedSelector$SelectorProducer.produce(ManagedSelector.java:543)
        at org.eclipse.jetty.util.thread.strategy.EatWhatYouKill.produceTask(EatWhatYouKill.java:362)
        at org.eclipse.jetty.util.thread.strategy.EatWhatYouKill.doProduce(EatWhatYouKill.java:186)
        at org.eclipse.jetty.util.thread.strategy.EatWhatYouKill.tryProduce(EatWhatYouKill.java:173)
        at org.eclipse.jetty.util.thread.strategy.EatWhatYouKill.produce(EatWhatYouKill.java:137)
        at org.eclipse.jetty.io.ManagedSelector$$Lambda$472/1519927178.run(Unknown Source)
        at org.eclipse.jetty.util.thread.QueuedThreadPool.runJob(QueuedThreadPool.java:883)
        at org.eclipse.jetty.util.thread.QueuedThreadPool$Runner.run(QueuedThreadPool.java:1034)
        at java.lang.Thread.run(Thread.java:750)
"StaleRecoveringContainerScrubbingService#0" daemon prio=5 tid=1165 in Object.wait()
java.lang.Thread.State: WAITING (on object monitor)
        at sun.misc.Unsafe.park(Native Method)
        at java.util.concurrent.locks.LockSupport.park(LockSupport.java:175)
        at java.util.concurrent.locks.AbstractQueuedSynchronizer$ConditionObject.await(AbstractQueuedSynchronizer.java:2039)
        at java.util.concurrent.ScheduledThreadPoolExecutor$DelayedWorkQueue.take(ScheduledThreadPoolExecutor.java:1088)
        at java.util.concurrent.ScheduledThreadPoolExecutor$DelayedWorkQueue.take(ScheduledThreadPoolExecutor.java:809)
        at java.util.concurrent.ThreadPoolExecutor.getTask(ThreadPoolExecutor.java:1074)
        at java.util.concurrent.ThreadPoolExecutor.runWorker(ThreadPoolExecutor.java:1134)
        at java.util.concurrent.ThreadPoolExecutor$Worker.run(ThreadPoolExecutor.java:624)
        at java.lang.Thread.run(Thread.java:750)
"Hadoop-Metrics-Updater-0" daemon prio=5 tid=373 timed_waiting
java.lang.Thread.State: TIMED_WAITING
        at sun.misc.Unsafe.park(Native Method)
        at java.util.concurrent.locks.LockSupport.parkNanos(LockSupport.java:215)
        at java.util.concurrent.locks.AbstractQueuedSynchronizer$ConditionObject.awaitNanos(AbstractQueuedSynchronizer.java:2078)
        at java.util.concurrent.ScheduledThreadPoolExecutor$DelayedWorkQueue.take(ScheduledThreadPoolExecutor.java:1093)
        at java.util.concurrent.ScheduledThreadPoolExecutor$DelayedWorkQueue.take(ScheduledThreadPoolExecutor.java:809)
        at java.util.concurrent.ThreadPoolExecutor.getTask(ThreadPoolExecutor.java:1074)
        at java.util.concurrent.ThreadPoolExecutor.runWorker(ThreadPoolExecutor.java:1134)
        at java.util.concurrent.ThreadPoolExecutor$Worker.run(ThreadPoolExecutor.java:624)
        at java.lang.Thread.run(Thread.java:750)
"BlockDeletingService#3" daemon prio=5 tid=1407 in Object.wait()
java.lang.Thread.State: WAITING (on object monitor)
        at sun.misc.Unsafe.park(Native Method)
        at java.util.concurrent.locks.LockSupport.park(LockSupport.java:175)
        at java.util.concurrent.locks.AbstractQueuedSynchronizer$ConditionObject.await(AbstractQueuedSynchronizer.java:2039)
        at java.util.concurrent.ScheduledThreadPoolExecutor$DelayedWorkQueue.take(ScheduledThreadPoolExecutor.java:1088)
        at java.util.concurrent.ScheduledThreadPoolExecutor$DelayedWorkQueue.take(ScheduledThreadPoolExecutor.java:809)
        at java.util.concurrent.ThreadPoolExecutor.getTask(ThreadPoolExecutor.java:1074)
        at java.util.concurrent.ThreadPoolExecutor.runWorker(ThreadPoolExecutor.java:1134)
        at java.util.concurrent.ThreadPoolExecutor$Worker.run(ThreadPoolExecutor.java:624)
        at java.lang.Thread.run(Thread.java:750)
"ChunkReader-8" daemon prio=5 tid=1281 in Object.wait()
java.lang.Thread.State: WAITING (on object monitor)
        at sun.misc.Unsafe.park(Native Method)
        at java.util.concurrent.locks.LockSupport.park(LockSupport.java:175)
        at java.util.concurrent.locks.AbstractQueuedSynchronizer$ConditionObject.await(AbstractQueuedSynchronizer.java:2039)
        at java.util.concurrent.LinkedBlockingQueue.take(LinkedBlockingQueue.java:442)
        at java.util.concurrent.ThreadPoolExecutor.getTask(ThreadPoolExecutor.java:1074)
        at java.util.concurrent.ThreadPoolExecutor.runWorker(ThreadPoolExecutor.java:1134)
        at java.util.concurrent.ThreadPoolExecutor$Worker.run(ThreadPoolExecutor.java:624)
        at java.lang.Thread.run(Thread.java:750)
"StaleRecoveringContainerScrubbingService#5" daemon prio=5 tid=1224 in Object.wait()
java.lang.Thread.State: WAITING (on object monitor)
        at sun.misc.Unsafe.park(Native Method)
        at java.util.concurrent.locks.LockSupport.park(LockSupport.java:175)
        at java.util.concurrent.locks.AbstractQueuedSynchronizer$ConditionObject.await(AbstractQueuedSynchronizer.java:2039)
        at java.util.concurrent.ScheduledThreadPoolExecutor$DelayedWorkQueue.take(ScheduledThreadPoolExecutor.java:1088)
        at java.util.concurrent.ScheduledThreadPoolExecutor$DelayedWorkQueue.take(ScheduledThreadPoolExecutor.java:809)
        at java.util.concurrent.ThreadPoolExecutor.getTask(ThreadPoolExecutor.java:1074)
        at java.util.concurrent.ThreadPoolExecutor.runWorker(ThreadPoolExecutor.java:1134)
        at java.util.concurrent.ThreadPoolExecutor$Worker.run(ThreadPoolExecutor.java:624)
        at java.lang.Thread.run(Thread.java:750)
"ChunkWriter-3-0" daemon prio=5 tid=601 in Object.wait()
java.lang.Thread.State: WAITING (on object monitor)
        at sun.misc.Unsafe.park(Native Method)
        at java.util.concurrent.locks.LockSupport.park(LockSupport.java:175)
        at java.util.concurrent.locks.AbstractQueuedSynchronizer$ConditionObject.await(AbstractQueuedSynchronizer.java:2039)
        at java.util.concurrent.LinkedBlockingDeque.takeFirst(LinkedBlockingDeque.java:492)
        at java.util.concurrent.LinkedBlockingDeque.take(LinkedBlockingDeque.java:680)
        at java.util.concurrent.ThreadPoolExecutor.getTask(ThreadPoolExecutor.java:1074)
        at java.util.concurrent.ThreadPoolExecutor.runWorker(ThreadPoolExecutor.java:1134)
        at java.util.concurrent.ThreadPoolExecutor$Worker.run(ThreadPoolExecutor.java:624)
        at java.lang.Thread.run(Thread.java:750)
"org.apache.hadoop.util.JvmPauseMonitor$Monitor@450bc4dd" daemon prio=5 tid=283 timed_waiting
java.lang.Thread.State: TIMED_WAITING
        at java.lang.Thread.sleep(Native Method)
        at org.apache.hadoop.util.JvmPauseMonitor$Monitor.run(JvmPauseMonitor.java:192)
        at java.lang.Thread.run(Thread.java:750)
"qtp1562316023-297" daemon prio=5 tid=297 timed_waiting
java.lang.Thread.State: TIMED_WAITING
        at sun.misc.Unsafe.park(Native Method)
        at java.util.concurrent.locks.LockSupport.parkNanos(LockSupport.java:215)
        at java.util.concurrent.locks.AbstractQueuedSynchronizer$ConditionObject.awaitNanos(AbstractQueuedSynchronizer.java:2078)
        at org.eclipse.jetty.util.BlockingArrayQueue.poll(BlockingArrayQueue.java:382)
        at org.eclipse.jetty.util.thread.QueuedThreadPool$Runner.idleJobPoll(QueuedThreadPool.java:974)
        at org.eclipse.jetty.util.thread.QueuedThreadPool$Runner.run(QueuedThreadPool.java:1018)
        at java.lang.Thread.run(Thread.java:750)
"qtp926797213-265" daemon prio=5 tid=265 timed_waiting
java.lang.Thread.State: TIMED_WAITING
        at sun.misc.Unsafe.park(Native Method)
        at java.util.concurrent.locks.LockSupport.parkNanos(LockSupport.java:215)
        at java.util.concurrent.locks.AbstractQueuedSynchronizer$ConditionObject.awaitNanos(AbstractQueuedSynchronizer.java:2078)
        at org.eclipse.jetty.util.BlockingArrayQueue.poll(BlockingArrayQueue.java:382)
        at org.eclipse.jetty.util.thread.QueuedThreadPool$Runner.idleJobPoll(QueuedThreadPool.java:974)
        at org.eclipse.jetty.util.thread.QueuedThreadPool$Runner.run(QueuedThreadPool.java:1018)
        at java.lang.Thread.run(Thread.java:750)
"ChunkWriter-1-0" daemon prio=5 tid=636 in Object.wait()
java.lang.Thread.State: WAITING (on object monitor)
        at sun.misc.Unsafe.park(Native Method)
        at java.util.concurrent.locks.LockSupport.park(LockSupport.java:175)
        at java.util.concurrent.locks.AbstractQueuedSynchronizer$ConditionObject.await(AbstractQueuedSynchronizer.java:2039)
        at java.util.concurrent.LinkedBlockingDeque.takeFirst(LinkedBlockingDeque.java:492)
        at java.util.concurrent.LinkedBlockingDeque.take(LinkedBlockingDeque.java:680)
        at java.util.concurrent.ThreadPoolExecutor.getTask(ThreadPoolExecutor.java:1074)
        at java.util.concurrent.ThreadPoolExecutor.runWorker(ThreadPoolExecutor.java:1134)
        at java.util.concurrent.ThreadPoolExecutor$Worker.run(ThreadPoolExecutor.java:624)
        at java.lang.Thread.run(Thread.java:750)
"ChunkReader-2" daemon prio=5 tid=1370 in Object.wait()
java.lang.Thread.State: WAITING (on object monitor)
        at sun.misc.Unsafe.park(Native Method)
        at java.util.concurrent.locks.LockSupport.park(LockSupport.java:175)
        at java.util.concurrent.locks.AbstractQueuedSynchronizer$ConditionObject.await(AbstractQueuedSynchronizer.java:2039)
        at java.util.concurrent.LinkedBlockingQueue.take(LinkedBlockingQueue.java:442)
        at java.util.concurrent.ThreadPoolExecutor.getTask(ThreadPoolExecutor.java:1074)
        at java.util.concurrent.ThreadPoolExecutor.runWorker(ThreadPoolExecutor.java:1134)
        at java.util.concurrent.ThreadPoolExecutor$Worker.run(ThreadPoolExecutor.java:624)
        at java.lang.Thread.run(Thread.java:750)
"qtp2011580998-115" daemon prio=5 tid=115 timed_waiting
java.lang.Thread.State: TIMED_WAITING
        at sun.misc.Unsafe.park(Native Method)
        at java.util.concurrent.locks.LockSupport.parkNanos(LockSupport.java:215)
        at java.util.concurrent.locks.AbstractQueuedSynchronizer$ConditionObject.awaitNanos(AbstractQueuedSynchronizer.java:2078)
        at org.eclipse.jetty.util.BlockingArrayQueue.poll(BlockingArrayQueue.java:382)
        at org.eclipse.jetty.util.thread.QueuedThreadPool$Runner.idleJobPoll(QueuedThreadPool.java:974)
        at org.eclipse.jetty.util.thread.QueuedThreadPool$Runner.run(QueuedThreadPool.java:1018)
        at java.lang.Thread.run(Thread.java:750)
"Command processor thread" daemon prio=5 tid=428 timed_waiting
java.lang.Thread.State: TIMED_WAITING
        at java.lang.Thread.sleep(Native Method)
        at org.apache.hadoop.ozone.container.common.statemachine.DatanodeStateMachine.lambda$initCommandHandlerThread$3(DatanodeStateMachine.java:669)
        at org.apache.hadoop.ozone.container.common.statemachine.DatanodeStateMachine$$Lambda$869/5638916.run(Unknown Source)
        at java.lang.Thread.run(Thread.java:750)
"IPC Server handler 5 on default port 15001" daemon prio=5 tid=74 timed_waiting
java.lang.Thread.State: TIMED_WAITING
        at sun.misc.Unsafe.park(Native Method)
        at java.util.concurrent.locks.LockSupport.parkNanos(LockSupport.java:215)
        at java.util.concurrent.locks.AbstractQueuedSynchronizer$ConditionObject.awaitNanos(AbstractQueuedSynchronizer.java:2078)
        at java.util.concurrent.LinkedBlockingQueue.poll(LinkedBlockingQueue.java:467)
        at org.apache.hadoop.ipc.CallQueueManager.take(CallQueueManager.java:317)
        at org.apache.hadoop.ipc.Server$Handler.run(Server.java:2992)
"Periodic HDDS volume checker" daemon prio=5 tid=286 timed_waiting
java.lang.Thread.State: TIMED_WAITING
        at sun.misc.Unsafe.park(Native Method)
        at java.util.concurrent.locks.LockSupport.parkNanos(LockSupport.java:215)
        at java.util.concurrent.locks.AbstractQueuedSynchronizer$ConditionObject.awaitNanos(AbstractQueuedSynchronizer.java:2078)
        at java.util.concurrent.ScheduledThreadPoolExecutor$DelayedWorkQueue.take(ScheduledThreadPoolExecutor.java:1093)
        at java.util.concurrent.ScheduledThreadPoolExecutor$DelayedWorkQueue.take(ScheduledThreadPoolExecutor.java:809)
        at java.util.concurrent.ThreadPoolExecutor.getTask(ThreadPoolExecutor.java:1074)
        at java.util.concurrent.ThreadPoolExecutor.runWorker(ThreadPoolExecutor.java:1134)
        at java.util.concurrent.ThreadPoolExecutor$Worker.run(ThreadPoolExecutor.java:624)
        at java.lang.Thread.run(Thread.java:750)
"IPC Server handler 8 on default port 15004" daemon prio=5 tid=170 timed_waiting
java.lang.Thread.State: TIMED_WAITING
        at sun.misc.Unsafe.park(Native Method)
        at java.util.concurrent.locks.LockSupport.parkNanos(LockSupport.java:215)
        at java.util.concurrent.locks.AbstractQueuedSynchronizer$ConditionObject.awaitNanos(AbstractQueuedSynchronizer.java:2078)
        at java.util.concurrent.LinkedBlockingQueue.poll(LinkedBlockingQueue.java:467)
        at org.apache.hadoop.ipc.CallQueueManager.take(CallQueueManager.java:317)
        at org.apache.hadoop.ipc.Server$Handler.run(Server.java:2992)
"qtp2011580998-116" daemon prio=5 tid=116 timed_waiting
java.lang.Thread.State: TIMED_WAITING
        at sun.misc.Unsafe.park(Native Method)
        at java.util.concurrent.locks.LockSupport.parkNanos(LockSupport.java:215)
        at java.util.concurrent.locks.AbstractQueuedSynchronizer$ConditionObject.awaitNanos(AbstractQueuedSynchronizer.java:2078)
        at org.eclipse.jetty.util.BlockingArrayQueue.poll(BlockingArrayQueue.java:382)
        at org.eclipse.jetty.util.thread.QueuedThreadPool$Runner.idleJobPoll(QueuedThreadPool.java:974)
        at org.eclipse.jetty.util.thread.QueuedThreadPool$Runner.run(QueuedThreadPool.java:1018)
        at java.lang.Thread.run(Thread.java:750)
"ChunkReader-8" daemon prio=5 tid=1095 in Object.wait()
java.lang.Thread.State: WAITING (on object monitor)
        at sun.misc.Unsafe.park(Native Method)
        at java.util.concurrent.locks.LockSupport.park(LockSupport.java:175)
        at java.util.concurrent.locks.AbstractQueuedSynchronizer$ConditionObject.await(AbstractQueuedSynchronizer.java:2039)
        at java.util.concurrent.LinkedBlockingQueue.take(LinkedBlockingQueue.java:442)
        at java.util.concurrent.ThreadPoolExecutor.getTask(ThreadPoolExecutor.java:1074)
        at java.util.concurrent.ThreadPoolExecutor.runWorker(ThreadPoolExecutor.java:1134)
        at java.util.concurrent.ThreadPoolExecutor$Worker.run(ThreadPoolExecutor.java:624)
        at java.lang.Thread.run(Thread.java:750)
"StaleRecoveringContainerScrubbingService#2" daemon prio=5 tid=1004 timed_waiting
java.lang.Thread.State: TIMED_WAITING
        at sun.misc.Unsafe.park(Native Method)
        at java.util.concurrent.locks.LockSupport.parkNanos(LockSupport.java:215)
        at java.util.concurrent.locks.AbstractQueuedSynchronizer$ConditionObject.awaitNanos(AbstractQueuedSynchronizer.java:2078)
        at java.util.concurrent.ScheduledThreadPoolExecutor$DelayedWorkQueue.take(ScheduledThreadPoolExecutor.java:1093)
        at java.util.concurrent.ScheduledThreadPoolExecutor$DelayedWorkQueue.take(ScheduledThreadPoolExecutor.java:809)
        at java.util.concurrent.ThreadPoolExecutor.getTask(ThreadPoolExecutor.java:1074)
        at java.util.concurrent.ThreadPoolExecutor.runWorker(ThreadPoolExecutor.java:1134)
        at java.util.concurrent.ThreadPoolExecutor$Worker.run(ThreadPoolExecutor.java:624)
        at java.lang.Thread.run(Thread.java:750)
"Periodic HDDS volume checker" daemon prio=5 tid=1106 timed_waiting
java.lang.Thread.State: TIMED_WAITING
        at sun.misc.Unsafe.park(Native Method)
        at java.util.concurrent.locks.LockSupport.parkNanos(LockSupport.java:215)
        at java.util.concurrent.locks.AbstractQueuedSynchronizer$ConditionObject.awaitNanos(AbstractQueuedSynchronizer.java:2078)
        at java.util.concurrent.ScheduledThreadPoolExecutor$DelayedWorkQueue.take(ScheduledThreadPoolExecutor.java:1093)
        at java.util.concurrent.ScheduledThreadPoolExecutor$DelayedWorkQueue.take(ScheduledThreadPoolExecutor.java:809)
        at java.util.concurrent.ThreadPoolExecutor.getTask(ThreadPoolExecutor.java:1074)
        at java.util.concurrent.ThreadPoolExecutor.runWorker(ThreadPoolExecutor.java:1134)
        at java.util.concurrent.ThreadPoolExecutor$Worker.run(ThreadPoolExecutor.java:624)
        at java.lang.Thread.run(Thread.java:750)
"IPC Server idle connection scanner for port 15082" daemon prio=5 tid=508 timed_waiting
java.lang.Thread.State: TIMED_WAITING
        at java.lang.Object.wait(Native Method)
        at java.util.TimerThread.mainLoop(Timer.java:552)
        at java.util.TimerThread.run(Timer.java:505)
"Datanode State Machine Task Thread - 1"  prio=5 tid=1145 in Object.wait()
java.lang.Thread.State: WAITING (on object monitor)
        at sun.misc.Unsafe.park(Native Method)
        at java.util.concurrent.locks.LockSupport.park(LockSupport.java:175)
        at java.util.concurrent.locks.AbstractQueuedSynchronizer$ConditionObject.await(AbstractQueuedSynchronizer.java:2039)
        at java.util.concurrent.LinkedBlockingQueue.take(LinkedBlockingQueue.java:442)
        at java.util.concurrent.ThreadPoolExecutor.getTask(ThreadPoolExecutor.java:1074)
        at java.util.concurrent.ThreadPoolExecutor.runWorker(ThreadPoolExecutor.java:1134)
        at java.util.concurrent.ThreadPoolExecutor$Worker.run(ThreadPoolExecutor.java:624)
        at java.lang.Thread.run(Thread.java:750)
"Periodic HDDS volume checker" daemon prio=5 tid=432 timed_waiting
java.lang.Thread.State: TIMED_WAITING
        at sun.misc.Unsafe.park(Native Method)
        at java.util.concurrent.locks.LockSupport.parkNanos(LockSupport.java:215)
        at java.util.concurrent.locks.AbstractQueuedSynchronizer$ConditionObject.awaitNanos(AbstractQueuedSynchronizer.java:2078)
        at java.util.concurrent.ScheduledThreadPoolExecutor$DelayedWorkQueue.take(ScheduledThreadPoolExecutor.java:1093)
        at java.util.concurrent.ScheduledThreadPoolExecutor$DelayedWorkQueue.take(ScheduledThreadPoolExecutor.java:809)
        at java.util.concurrent.ThreadPoolExecutor.getTask(ThreadPoolExecutor.java:1074)
        at java.util.concurrent.ThreadPoolExecutor.runWorker(ThreadPoolExecutor.java:1134)
        at java.util.concurrent.ThreadPoolExecutor$Worker.run(ThreadPoolExecutor.java:624)
        at java.lang.Thread.run(Thread.java:750)
"org.apache.hadoop.ozone.container.common.statemachine.commandhandler.DeleteBlocksCommandHandler$DeleteCmdWorker@4107765b" daemon prio=5 tid=391 timed_waiting
java.lang.Thread.State: TIMED_WAITING
        at java.lang.Thread.sleep(Native Method)
        at org.apache.hadoop.ozone.container.common.statemachine.commandhandler.DeleteBlocksCommandHandler$DeleteCmdWorker.run(DeleteBlocksCommandHandler.java:187)
        at java.lang.Thread.run(Thread.java:750)
"Session-HouseKeeper-38980d25-1"  prio=5 tid=236 timed_waiting
java.lang.Thread.State: TIMED_WAITING
        at sun.misc.Unsafe.park(Native Method)
        at java.util.concurrent.locks.LockSupport.parkNanos(LockSupport.java:215)
        at java.util.concurrent.locks.AbstractQueuedSynchronizer$ConditionObject.awaitNanos(AbstractQueuedSynchronizer.java:2078)
        at java.util.concurrent.ScheduledThreadPoolExecutor$DelayedWorkQueue.take(ScheduledThreadPoolExecutor.java:1093)
        at java.util.concurrent.ScheduledThreadPoolExecutor$DelayedWorkQueue.take(ScheduledThreadPoolExecutor.java:809)
        at java.util.concurrent.ThreadPoolExecutor.getTask(ThreadPoolExecutor.java:1074)
        at java.util.concurrent.ThreadPoolExecutor.runWorker(ThreadPoolExecutor.java:1134)
        at java.util.concurrent.ThreadPoolExecutor$Worker.run(ThreadPoolExecutor.java:624)
        at java.lang.Thread.run(Thread.java:750)
"Datanode ReportManager Thread - 3" daemon prio=5 tid=561 timed_waiting
java.lang.Thread.State: TIMED_WAITING
        at sun.misc.Unsafe.park(Native Method)
        at java.util.concurrent.locks.LockSupport.parkNanos(LockSupport.java:215)
        at java.util.concurrent.locks.AbstractQueuedSynchronizer$ConditionObject.awaitNanos(AbstractQueuedSynchronizer.java:2078)
        at java.util.concurrent.ScheduledThreadPoolExecutor$DelayedWorkQueue.take(ScheduledThreadPoolExecutor.java:1093)
        at java.util.concurrent.ScheduledThreadPoolExecutor$DelayedWorkQueue.take(ScheduledThreadPoolExecutor.java:809)
        at java.util.concurrent.ThreadPoolExecutor.getTask(ThreadPoolExecutor.java:1074)
        at java.util.concurrent.ThreadPoolExecutor.runWorker(ThreadPoolExecutor.java:1134)
        at java.util.concurrent.ThreadPoolExecutor$Worker.run(ThreadPoolExecutor.java:624)
        at java.lang.Thread.run(Thread.java:750)
"org.apache.hadoop.util.JvmPauseMonitor$Monitor@15764a15" daemon prio=5 tid=182 timed_waiting
java.lang.Thread.State: TIMED_WAITING
        at java.lang.Thread.sleep(Native Method)
        at org.apache.hadoop.util.JvmPauseMonitor$Monitor.run(JvmPauseMonitor.java:192)
        at java.lang.Thread.run(Thread.java:750)
"IPC Server handler 18 on default port 15002" daemon prio=5 tid=107 timed_waiting
java.lang.Thread.State: TIMED_WAITING
        at sun.misc.Unsafe.park(Native Method)
        at java.util.concurrent.locks.LockSupport.parkNanos(LockSupport.java:215)
        at java.util.concurrent.locks.AbstractQueuedSynchronizer$ConditionObject.awaitNanos(AbstractQueuedSynchronizer.java:2078)
        at java.util.concurrent.LinkedBlockingQueue.poll(LinkedBlockingQueue.java:467)
        at org.apache.hadoop.ipc.CallQueueManager.take(CallQueueManager.java:317)
        at org.apache.hadoop.ipc.Server$Handler.run(Server.java:2992)
"BlockDeletingService#2" daemon prio=5 tid=1351 in Object.wait()
java.lang.Thread.State: WAITING (on object monitor)
        at sun.misc.Unsafe.park(Native Method)
        at java.util.concurrent.locks.LockSupport.park(LockSupport.java:175)
        at java.util.concurrent.locks.AbstractQueuedSynchronizer$ConditionObject.await(AbstractQueuedSynchronizer.java:2039)
        at java.util.concurrent.ScheduledThreadPoolExecutor$DelayedWorkQueue.take(ScheduledThreadPoolExecutor.java:1088)
        at java.util.concurrent.ScheduledThreadPoolExecutor$DelayedWorkQueue.take(ScheduledThreadPoolExecutor.java:809)
        at java.util.concurrent.ThreadPoolExecutor.getTask(ThreadPoolExecutor.java:1074)
        at java.util.concurrent.ThreadPoolExecutor.runWorker(ThreadPoolExecutor.java:1134)
        at java.util.concurrent.ThreadPoolExecutor$Worker.run(ThreadPoolExecutor.java:624)
        at java.lang.Thread.run(Thread.java:750)
"IPC Server handler 14 on default port 15002" daemon prio=5 tid=103 timed_waiting
java.lang.Thread.State: TIMED_WAITING
        at sun.misc.Unsafe.park(Native Method)
        at java.util.concurrent.locks.LockSupport.parkNanos(LockSupport.java:215)
        at java.util.concurrent.locks.AbstractQueuedSynchronizer$ConditionObject.awaitNanos(AbstractQueuedSynchronizer.java:2078)
        at java.util.concurrent.LinkedBlockingQueue.poll(LinkedBlockingQueue.java:467)
        at org.apache.hadoop.ipc.CallQueueManager.take(CallQueueManager.java:317)
        at org.apache.hadoop.ipc.Server$Handler.run(Server.java:2992)
"fac1c7af-03c1-44bd-b323-3796df9c2435@group-13C1C55693B9-StateMachineUpdater" daemon prio=5 tid=1201 timed_waiting
java.lang.Thread.State: TIMED_WAITING
        at sun.misc.Unsafe.park(Native Method)
        at java.util.concurrent.locks.LockSupport.parkNanos(LockSupport.java:215)
        at java.util.concurrent.locks.AbstractQueuedSynchronizer$ConditionObject.await(AbstractQueuedSynchronizer.java:2163)
        at org.apache.ratis.util.AwaitForSignal.await(AwaitForSignal.java:62)
        at org.apache.ratis.server.impl.StateMachineUpdater.waitForCommit(StateMachineUpdater.java:209)
        at org.apache.ratis.server.impl.StateMachineUpdater.run(StateMachineUpdater.java:178)
        at java.lang.Thread.run(Thread.java:750)
"PipelineCommandHandlerThread-0"  prio=5 tid=806 in Object.wait()
java.lang.Thread.State: WAITING (on object monitor)
        at sun.misc.Unsafe.park(Native Method)
        at java.util.concurrent.locks.LockSupport.park(LockSupport.java:175)
        at java.util.concurrent.locks.AbstractQueuedSynchronizer$ConditionObject.await(AbstractQueuedSynchronizer.java:2039)
        at java.util.concurrent.LinkedBlockingQueue.take(LinkedBlockingQueue.java:442)
        at java.util.concurrent.ThreadPoolExecutor.getTask(ThreadPoolExecutor.java:1074)
        at java.util.concurrent.ThreadPoolExecutor.runWorker(ThreadPoolExecutor.java:1134)
        at java.util.concurrent.ThreadPoolExecutor$Worker.run(ThreadPoolExecutor.java:624)
        at java.lang.Thread.run(Thread.java:750)
"fac1c7af-03c1-44bd-b323-3796df9c2435@group-187869B28A18-StateMachineUpdater" daemon prio=5 tid=1217 timed_waiting
java.lang.Thread.State: TIMED_WAITING
        at sun.misc.Unsafe.park(Native Method)
        at java.util.concurrent.locks.LockSupport.parkNanos(LockSupport.java:215)
        at java.util.concurrent.locks.AbstractQueuedSynchronizer$ConditionObject.await(AbstractQueuedSynchronizer.java:2163)
        at org.apache.ratis.util.AwaitForSignal.await(AwaitForSignal.java:62)
        at org.apache.ratis.server.impl.StateMachineUpdater.waitForCommit(StateMachineUpdater.java:209)
        at org.apache.ratis.server.impl.StateMachineUpdater.run(StateMachineUpdater.java:178)
        at java.lang.Thread.run(Thread.java:750)
"qtp2045585008-489" daemon prio=5 tid=489 timed_waiting
java.lang.Thread.State: TIMED_WAITING
        at sun.misc.Unsafe.park(Native Method)
        at java.util.concurrent.locks.LockSupport.parkNanos(LockSupport.java:215)
        at java.util.concurrent.locks.AbstractQueuedSynchronizer$ConditionObject.awaitNanos(AbstractQueuedSynchronizer.java:2078)
        at org.eclipse.jetty.util.BlockingArrayQueue.poll(BlockingArrayQueue.java:382)
        at org.eclipse.jetty.util.thread.QueuedThreadPool$Runner.idleJobPoll(QueuedThreadPool.java:974)
        at org.eclipse.jetty.util.thread.QueuedThreadPool$Runner.run(QueuedThreadPool.java:1018)
        at java.lang.Thread.run(Thread.java:750)
"IPC Server handler 17 on default port 15004" daemon prio=5 tid=179 timed_waiting
java.lang.Thread.State: TIMED_WAITING
        at sun.misc.Unsafe.park(Native Method)
        at java.util.concurrent.locks.LockSupport.parkNanos(LockSupport.java:215)
        at java.util.concurrent.locks.AbstractQueuedSynchronizer$ConditionObject.awaitNanos(AbstractQueuedSynchronizer.java:2078)
        at java.util.concurrent.LinkedBlockingQueue.poll(LinkedBlockingQueue.java:467)
        at org.apache.hadoop.ipc.CallQueueManager.take(CallQueueManager.java:317)
        at org.apache.hadoop.ipc.Server$Handler.run(Server.java:2992)
"36cbda38-693f-49bb-be1a-3256c6faae50@group-54B8E535DF2F-StateMachineUpdater" daemon prio=5 tid=772 timed_waiting
java.lang.Thread.State: TIMED_WAITING
        at sun.misc.Unsafe.park(Native Method)
        at java.util.concurrent.locks.LockSupport.parkNanos(LockSupport.java:215)
        at java.util.concurrent.locks.AbstractQueuedSynchronizer$ConditionObject.await(AbstractQueuedSynchronizer.java:2163)
        at org.apache.ratis.util.AwaitForSignal.await(AwaitForSignal.java:62)
        at org.apache.ratis.server.impl.StateMachineUpdater.waitForCommit(StateMachineUpdater.java:209)
        at org.apache.ratis.server.impl.StateMachineUpdater.run(StateMachineUpdater.java:178)
        at java.lang.Thread.run(Thread.java:750)
"StaleRecoveringContainerScrubbingService#6" daemon prio=5 tid=1329 in Object.wait()
java.lang.Thread.State: WAITING (on object monitor)
        at sun.misc.Unsafe.park(Native Method)
        at java.util.concurrent.locks.LockSupport.park(LockSupport.java:175)
        at java.util.concurrent.locks.AbstractQueuedSynchronizer$ConditionObject.await(AbstractQueuedSynchronizer.java:2039)
        at java.util.concurrent.ScheduledThreadPoolExecutor$DelayedWorkQueue.take(ScheduledThreadPoolExecutor.java:1088)
        at java.util.concurrent.ScheduledThreadPoolExecutor$DelayedWorkQueue.take(ScheduledThreadPoolExecutor.java:809)
        at java.util.concurrent.ThreadPoolExecutor.getTask(ThreadPoolExecutor.java:1074)
        at java.util.concurrent.ThreadPoolExecutor.runWorker(ThreadPoolExecutor.java:1134)
        at java.util.concurrent.ThreadPoolExecutor$Worker.run(ThreadPoolExecutor.java:624)
        at java.lang.Thread.run(Thread.java:750)
"StaleRecoveringContainerScrubbingService#4" daemon prio=5 tid=1074 in Object.wait()
java.lang.Thread.State: WAITING (on object monitor)
        at sun.misc.Unsafe.park(Native Method)
        at java.util.concurrent.locks.LockSupport.park(LockSupport.java:175)
        at java.util.concurrent.locks.AbstractQueuedSynchronizer$ConditionObject.await(AbstractQueuedSynchronizer.java:2039)
        at java.util.concurrent.ScheduledThreadPoolExecutor$DelayedWorkQueue.take(ScheduledThreadPoolExecutor.java:1088)
        at java.util.concurrent.ScheduledThreadPoolExecutor$DelayedWorkQueue.take(ScheduledThreadPoolExecutor.java:809)
        at java.util.concurrent.ThreadPoolExecutor.getTask(ThreadPoolExecutor.java:1074)
        at java.util.concurrent.ThreadPoolExecutor.runWorker(ThreadPoolExecutor.java:1134)
        at java.util.concurrent.ThreadPoolExecutor$Worker.run(ThreadPoolExecutor.java:624)
        at java.lang.Thread.run(Thread.java:750)
"Datanode State Machine Daemon Thread" daemon prio=5 tid=276 timed_waiting
java.lang.Thread.State: TIMED_WAITING
        at java.lang.Thread.sleep(Native Method)
        at org.apache.hadoop.ozone.container.common.statemachine.DatanodeStateMachine.startStateMachineThread(DatanodeStateMachine.java:351)
        at org.apache.hadoop.ozone.container.common.statemachine.DatanodeStateMachine.lambda$startDaemon$0(DatanodeStateMachine.java:538)
        at org.apache.hadoop.ozone.container.common.statemachine.DatanodeStateMachine$$Lambda$867/1464078834.run(Unknown Source)
        at java.lang.Thread.run(Thread.java:750)
"IPC Server handler 14 on default port 15004" daemon prio=5 tid=176 timed_waiting
java.lang.Thread.State: TIMED_WAITING
        at sun.misc.Unsafe.park(Native Method)
        at java.util.concurrent.locks.LockSupport.parkNanos(LockSupport.java:215)
        at java.util.concurrent.locks.AbstractQueuedSynchronizer$ConditionObject.awaitNanos(AbstractQueuedSynchronizer.java:2078)
        at java.util.concurrent.LinkedBlockingQueue.poll(LinkedBlockingQueue.java:467)
        at org.apache.hadoop.ipc.CallQueueManager.take(CallQueueManager.java:317)
        at org.apache.hadoop.ipc.Server$Handler.run(Server.java:2992)
"qtp2045585008-492" daemon prio=5 tid=492 timed_waiting
java.lang.Thread.State: TIMED_WAITING
        at sun.misc.Unsafe.park(Native Method)
        at java.util.concurrent.locks.LockSupport.parkNanos(LockSupport.java:215)
        at java.util.concurrent.locks.AbstractQueuedSynchronizer$ConditionObject.awaitNanos(AbstractQueuedSynchronizer.java:2078)
        at org.eclipse.jetty.util.BlockingArrayQueue.poll(BlockingArrayQueue.java:382)
        at org.eclipse.jetty.util.thread.QueuedThreadPool$Runner.idleJobPoll(QueuedThreadPool.java:974)
        at org.eclipse.jetty.util.thread.QueuedThreadPool$Runner.run(QueuedThreadPool.java:1018)
        at java.lang.Thread.run(Thread.java:750)
"aab6e560-2e42-4217-8e7a-cc5f2733e87a-groupManagement" daemon prio=5 tid=724 in Object.wait()
java.lang.Thread.State: WAITING (on object monitor)
        at sun.misc.Unsafe.park(Native Method)
        at java.util.concurrent.locks.LockSupport.park(LockSupport.java:175)
        at java.util.concurrent.locks.AbstractQueuedSynchronizer$ConditionObject.await(AbstractQueuedSynchronizer.java:2039)
        at java.util.concurrent.LinkedBlockingQueue.take(LinkedBlockingQueue.java:442)
        at java.util.concurrent.ThreadPoolExecutor.getTask(ThreadPoolExecutor.java:1074)
        at java.util.concurrent.ThreadPoolExecutor.runWorker(ThreadPoolExecutor.java:1134)
        at java.util.concurrent.ThreadPoolExecutor$Worker.run(ThreadPoolExecutor.java:624)
        at java.lang.Thread.run(Thread.java:750)
"org.apache.hadoop.util.JvmPauseMonitor$Monitor@3be9c5aa" daemon prio=5 tid=474 timed_waiting
java.lang.Thread.State: TIMED_WAITING
        at java.lang.Thread.sleep(Native Method)
        at org.apache.hadoop.util.JvmPauseMonitor$Monitor.run(JvmPauseMonitor.java:192)
        at java.lang.Thread.run(Thread.java:750)
"IPC Server handler 6 on default port 15001" daemon prio=5 tid=75 timed_waiting
java.lang.Thread.State: TIMED_WAITING
        at sun.misc.Unsafe.park(Native Method)
        at java.util.concurrent.locks.LockSupport.parkNanos(LockSupport.java:215)
        at java.util.concurrent.locks.AbstractQueuedSynchronizer$ConditionObject.awaitNanos(AbstractQueuedSynchronizer.java:2078)
        at java.util.concurrent.LinkedBlockingQueue.poll(LinkedBlockingQueue.java:467)
        at org.apache.hadoop.ipc.CallQueueManager.take(CallQueueManager.java:317)
        at org.apache.hadoop.ipc.Server$Handler.run(Server.java:2992)
"ChunkReader-5" daemon prio=5 tid=1402 in Object.wait()
java.lang.Thread.State: WAITING (on object monitor)
        at sun.misc.Unsafe.park(Native Method)
        at java.util.concurrent.locks.LockSupport.park(LockSupport.java:175)
        at java.util.concurrent.locks.AbstractQueuedSynchronizer$ConditionObject.await(AbstractQueuedSynchronizer.java:2039)
        at java.util.concurrent.LinkedBlockingQueue.take(LinkedBlockingQueue.java:442)
        at java.util.concurrent.ThreadPoolExecutor.getTask(ThreadPoolExecutor.java:1074)
        at java.util.concurrent.ThreadPoolExecutor.runWorker(ThreadPoolExecutor.java:1134)
        at java.util.concurrent.ThreadPoolExecutor$Worker.run(ThreadPoolExecutor.java:624)
        at java.lang.Thread.run(Thread.java:750)
"StaleRecoveringContainerScrubbingService#4" daemon prio=5 tid=1140 in Object.wait()
java.lang.Thread.State: WAITING (on object monitor)
        at sun.misc.Unsafe.park(Native Method)
        at java.util.concurrent.locks.LockSupport.park(LockSupport.java:175)
        at java.util.concurrent.locks.AbstractQueuedSynchronizer$ConditionObject.await(AbstractQueuedSynchronizer.java:2039)
        at java.util.concurrent.ScheduledThreadPoolExecutor$DelayedWorkQueue.take(ScheduledThreadPoolExecutor.java:1088)
        at java.util.concurrent.ScheduledThreadPoolExecutor$DelayedWorkQueue.take(ScheduledThreadPoolExecutor.java:809)
        at java.util.concurrent.ThreadPoolExecutor.getTask(ThreadPoolExecutor.java:1074)
        at java.util.concurrent.ThreadPoolExecutor.runWorker(ThreadPoolExecutor.java:1134)
        at java.util.concurrent.ThreadPoolExecutor$Worker.run(ThreadPoolExecutor.java:624)
        at java.lang.Thread.run(Thread.java:750)
"timer5" daemon prio=5 tid=864 timed_waiting
java.lang.Thread.State: TIMED_WAITING
        at java.lang.Object.wait(Native Method)
        at java.util.TimerThread.mainLoop(Timer.java:552)
        at java.util.TimerThread.run(Timer.java:505)
"IPC Server handler 2 on default port 15002" daemon prio=5 tid=91 timed_waiting
java.lang.Thread.State: TIMED_WAITING
        at sun.misc.Unsafe.park(Native Method)
        at java.util.concurrent.locks.LockSupport.parkNanos(LockSupport.java:215)
        at java.util.concurrent.locks.AbstractQueuedSynchronizer$ConditionObject.awaitNanos(AbstractQueuedSynchronizer.java:2078)
        at java.util.concurrent.LinkedBlockingQueue.poll(LinkedBlockingQueue.java:467)
        at org.apache.hadoop.ipc.CallQueueManager.take(CallQueueManager.java:317)
        at org.apache.hadoop.ipc.Server$Handler.run(Server.java:2992)
"Datanode ReportManager Thread - 4" daemon prio=5 tid=314 timed_waiting
java.lang.Thread.State: TIMED_WAITING
        at sun.misc.Unsafe.park(Native Method)
        at java.util.concurrent.locks.LockSupport.parkNanos(LockSupport.java:215)
        at java.util.concurrent.locks.AbstractQueuedSynchronizer$ConditionObject.awaitNanos(AbstractQueuedSynchronizer.java:2078)
        at java.util.concurrent.ScheduledThreadPoolExecutor$DelayedWorkQueue.take(ScheduledThreadPoolExecutor.java:1093)
        at java.util.concurrent.ScheduledThreadPoolExecutor$DelayedWorkQueue.take(ScheduledThreadPoolExecutor.java:809)
        at java.util.concurrent.ThreadPoolExecutor.getTask(ThreadPoolExecutor.java:1074)
        at java.util.concurrent.ThreadPoolExecutor.runWorker(ThreadPoolExecutor.java:1134)
        at java.util.concurrent.ThreadPoolExecutor$Worker.run(ThreadPoolExecutor.java:624)
        at java.lang.Thread.run(Thread.java:750)
"IPC Server handler 7 on default port 15002" daemon prio=5 tid=96 timed_waiting
java.lang.Thread.State: TIMED_WAITING
        at sun.misc.Unsafe.park(Native Method)
        at java.util.concurrent.locks.LockSupport.parkNanos(LockSupport.java:215)
        at java.util.concurrent.locks.AbstractQueuedSynchronizer$ConditionObject.awaitNanos(AbstractQueuedSynchronizer.java:2078)
        at java.util.concurrent.LinkedBlockingQueue.poll(LinkedBlockingQueue.java:467)
        at org.apache.hadoop.ipc.CallQueueManager.take(CallQueueManager.java:317)
        at org.apache.hadoop.ipc.Server$Handler.run(Server.java:2992)
"ChunkWriter-0-0" daemon prio=5 tid=541 in Object.wait()
java.lang.Thread.State: WAITING (on object monitor)
        at sun.misc.Unsafe.park(Native Method)
        at java.util.concurrent.locks.LockSupport.park(LockSupport.java:175)
        at java.util.concurrent.locks.AbstractQueuedSynchronizer$ConditionObject.await(AbstractQueuedSynchronizer.java:2039)
        at java.util.concurrent.LinkedBlockingDeque.takeFirst(LinkedBlockingDeque.java:492)
        at java.util.concurrent.LinkedBlockingDeque.take(LinkedBlockingDeque.java:680)
        at java.util.concurrent.ThreadPoolExecutor.getTask(ThreadPoolExecutor.java:1074)
        at java.util.concurrent.ThreadPoolExecutor.runWorker(ThreadPoolExecutor.java:1134)
        at java.util.concurrent.ThreadPoolExecutor$Worker.run(ThreadPoolExecutor.java:624)
        at java.lang.Thread.run(Thread.java:750)
"EventQueue-DatanodeCommandForSCMNodeManager"  prio=5 tid=595 in Object.wait()
java.lang.Thread.State: WAITING (on object monitor)
        at sun.misc.Unsafe.park(Native Method)
        at java.util.concurrent.locks.LockSupport.park(LockSupport.java:175)
        at java.util.concurrent.locks.AbstractQueuedSynchronizer$ConditionObject.await(AbstractQueuedSynchronizer.java:2039)
        at java.util.concurrent.LinkedBlockingQueue.take(LinkedBlockingQueue.java:442)
        at java.util.concurrent.ThreadPoolExecutor.getTask(ThreadPoolExecutor.java:1074)
        at java.util.concurrent.ThreadPoolExecutor.runWorker(ThreadPoolExecutor.java:1134)
        at java.util.concurrent.ThreadPoolExecutor$Worker.run(ThreadPoolExecutor.java:624)
        at java.lang.Thread.run(Thread.java:750)
"qtp1739609831-363" daemon prio=5 tid=363 timed_waiting
java.lang.Thread.State: TIMED_WAITING
        at sun.misc.Unsafe.park(Native Method)
        at java.util.concurrent.locks.LockSupport.parkNanos(LockSupport.java:215)
        at java.util.concurrent.locks.AbstractQueuedSynchronizer$ConditionObject.awaitNanos(AbstractQueuedSynchronizer.java:2078)
        at org.eclipse.jetty.util.BlockingArrayQueue.poll(BlockingArrayQueue.java:382)
        at org.eclipse.jetty.util.thread.QueuedThreadPool$Runner.idleJobPoll(QueuedThreadPool.java:974)
        at org.eclipse.jetty.util.thread.QueuedThreadPool$Runner.run(QueuedThreadPool.java:1018)
        at java.lang.Thread.run(Thread.java:750)
"ChunkReader-5" daemon prio=5 tid=1081 in Object.wait()
java.lang.Thread.State: WAITING (on object monitor)
        at sun.misc.Unsafe.park(Native Method)
        at java.util.concurrent.locks.LockSupport.park(LockSupport.java:175)
        at java.util.concurrent.locks.AbstractQueuedSynchronizer$ConditionObject.await(AbstractQueuedSynchronizer.java:2039)
        at java.util.concurrent.LinkedBlockingQueue.take(LinkedBlockingQueue.java:442)
        at java.util.concurrent.ThreadPoolExecutor.getTask(ThreadPoolExecutor.java:1074)
        at java.util.concurrent.ThreadPoolExecutor.runWorker(ThreadPoolExecutor.java:1134)
        at java.util.concurrent.ThreadPoolExecutor$Worker.run(ThreadPoolExecutor.java:624)
        at java.lang.Thread.run(Thread.java:750)
"36cbda38-693f-49bb-be1a-3256c6faae50@group-01A26A1161CC-StateMachineUpdater" daemon prio=5 tid=769 timed_waiting
java.lang.Thread.State: TIMED_WAITING
        at sun.misc.Unsafe.park(Native Method)
        at java.util.concurrent.locks.LockSupport.parkNanos(LockSupport.java:215)
        at java.util.concurrent.locks.AbstractQueuedSynchronizer$ConditionObject.await(AbstractQueuedSynchronizer.java:2163)
        at org.apache.ratis.util.AwaitForSignal.await(AwaitForSignal.java:62)
        at org.apache.ratis.server.impl.StateMachineUpdater.waitForCommit(StateMachineUpdater.java:209)
        at org.apache.ratis.server.impl.StateMachineUpdater.run(StateMachineUpdater.java:178)
        at java.lang.Thread.run(Thread.java:750)
"ChunkReader-3" daemon prio=5 tid=1079 in Object.wait()
java.lang.Thread.State: WAITING (on object monitor)
        at sun.misc.Unsafe.park(Native Method)
        at java.util.concurrent.locks.LockSupport.park(LockSupport.java:175)
        at java.util.concurrent.locks.AbstractQueuedSynchronizer$ConditionObject.await(AbstractQueuedSynchronizer.java:2039)
        at java.util.concurrent.LinkedBlockingQueue.take(LinkedBlockingQueue.java:442)
        at java.util.concurrent.ThreadPoolExecutor.getTask(ThreadPoolExecutor.java:1074)
        at java.util.concurrent.ThreadPoolExecutor.runWorker(ThreadPoolExecutor.java:1134)
        at java.util.concurrent.ThreadPoolExecutor$Worker.run(ThreadPoolExecutor.java:624)
        at java.lang.Thread.run(Thread.java:750)
"IPC Server Responder" daemon prio=5 tid=273 runnable
java.lang.Thread.State: RUNNABLE
        at sun.nio.ch.EPollArrayWrapper.epollWait(Native Method)
        at sun.nio.ch.EPollArrayWrapper.poll(EPollArrayWrapper.java:269)
        at sun.nio.ch.EPollSelectorImpl.doSelect(EPollSelectorImpl.java:93)
        at sun.nio.ch.SelectorImpl.lockAndDoSelect(SelectorImpl.java:86)
        at sun.nio.ch.SelectorImpl.select(SelectorImpl.java:97)
        at org.apache.hadoop.ipc.Server$Responder.doRunLoop(Server.java:1578)
        at org.apache.hadoop.ipc.Server$Responder.run(Server.java:1561)
"ChunkReader-3" daemon prio=5 tid=1006 in Object.wait()
java.lang.Thread.State: WAITING (on object monitor)
        at sun.misc.Unsafe.park(Native Method)
        at java.util.concurrent.locks.LockSupport.park(LockSupport.java:175)
        at java.util.concurrent.locks.AbstractQueuedSynchronizer$ConditionObject.await(AbstractQueuedSynchronizer.java:2039)
        at java.util.concurrent.LinkedBlockingQueue.take(LinkedBlockingQueue.java:442)
        at java.util.concurrent.ThreadPoolExecutor.getTask(ThreadPoolExecutor.java:1074)
        at java.util.concurrent.ThreadPoolExecutor.runWorker(ThreadPoolExecutor.java:1134)
        at java.util.concurrent.ThreadPoolExecutor$Worker.run(ThreadPoolExecutor.java:624)
        at java.lang.Thread.run(Thread.java:750)
"org.apache.hadoop.util.JvmPauseMonitor$Monitor@3fd23c59" daemon prio=5 tid=429 timed_waiting
java.lang.Thread.State: TIMED_WAITING
        at java.lang.Thread.sleep(Native Method)
        at org.apache.hadoop.util.JvmPauseMonitor$Monitor.run(JvmPauseMonitor.java:192)
        at java.lang.Thread.run(Thread.java:750)
"Hadoop-Metrics-Updater-0" daemon prio=5 tid=32 timed_waiting
java.lang.Thread.State: TIMED_WAITING
        at sun.misc.Unsafe.park(Native Method)
        at java.util.concurrent.locks.LockSupport.parkNanos(LockSupport.java:215)
        at java.util.concurrent.locks.AbstractQueuedSynchronizer$ConditionObject.awaitNanos(AbstractQueuedSynchronizer.java:2078)
        at java.util.concurrent.ScheduledThreadPoolExecutor$DelayedWorkQueue.take(ScheduledThreadPoolExecutor.java:1093)
        at java.util.concurrent.ScheduledThreadPoolExecutor$DelayedWorkQueue.take(ScheduledThreadPoolExecutor.java:809)
        at java.util.concurrent.ThreadPoolExecutor.getTask(ThreadPoolExecutor.java:1074)
        at java.util.concurrent.ThreadPoolExecutor.runWorker(ThreadPoolExecutor.java:1134)
        at java.util.concurrent.ThreadPoolExecutor$Worker.run(ThreadPoolExecutor.java:624)
        at java.lang.Thread.run(Thread.java:750)
"IPC Server handler 13 on default port 15001" daemon prio=5 tid=82 timed_waiting
java.lang.Thread.State: TIMED_WAITING
        at sun.misc.Unsafe.park(Native Method)
        at java.util.concurrent.locks.LockSupport.parkNanos(LockSupport.java:215)
        at java.util.concurrent.locks.AbstractQueuedSynchronizer$ConditionObject.awaitNanos(AbstractQueuedSynchronizer.java:2078)
        at java.util.concurrent.LinkedBlockingQueue.poll(LinkedBlockingQueue.java:467)
        at org.apache.hadoop.ipc.CallQueueManager.take(CallQueueManager.java:317)
        at org.apache.hadoop.ipc.Server$Handler.run(Server.java:2992)
"StaleRecoveringContainerScrubbingService#3" daemon prio=5 tid=1330 in Object.wait()
java.lang.Thread.State: WAITING (on object monitor)
        at sun.misc.Unsafe.park(Native Method)
        at java.util.concurrent.locks.LockSupport.park(LockSupport.java:175)
        at java.util.concurrent.locks.AbstractQueuedSynchronizer$ConditionObject.await(AbstractQueuedSynchronizer.java:2039)
        at java.util.concurrent.ScheduledThreadPoolExecutor$DelayedWorkQueue.take(ScheduledThreadPoolExecutor.java:1088)
        at java.util.concurrent.ScheduledThreadPoolExecutor$DelayedWorkQueue.take(ScheduledThreadPoolExecutor.java:809)
        at java.util.concurrent.ThreadPoolExecutor.getTask(ThreadPoolExecutor.java:1074)
        at java.util.concurrent.ThreadPoolExecutor.runWorker(ThreadPoolExecutor.java:1134)
        at java.util.concurrent.ThreadPoolExecutor$Worker.run(ThreadPoolExecutor.java:624)
        at java.lang.Thread.run(Thread.java:750)
"IPC Server handler 2 on default port 15000" daemon prio=5 tid=51 timed_waiting
java.lang.Thread.State: TIMED_WAITING
        at sun.misc.Unsafe.park(Native Method)
        at java.util.concurrent.locks.LockSupport.parkNanos(LockSupport.java:215)
        at java.util.concurrent.locks.AbstractQueuedSynchronizer$ConditionObject.awaitNanos(AbstractQueuedSynchronizer.java:2078)
        at java.util.concurrent.LinkedBlockingQueue.poll(LinkedBlockingQueue.java:467)
        at org.apache.hadoop.ipc.CallQueueManager.take(CallQueueManager.java:317)
        at org.apache.hadoop.ipc.Server$Handler.run(Server.java:2992)
"IPC Parameter Sending Thread for 0.0.0.0/0.0.0.0:15002" daemon prio=5 tid=405 timed_waiting
java.lang.Thread.State: TIMED_WAITING
        at sun.misc.Unsafe.park(Native Method)
        at java.util.concurrent.locks.LockSupport.parkNanos(LockSupport.java:215)
        at java.util.concurrent.SynchronousQueue$TransferQueue.awaitFulfill(SynchronousQueue.java:764)
        at java.util.concurrent.SynchronousQueue$TransferQueue.transfer(SynchronousQueue.java:695)
        at java.util.concurrent.SynchronousQueue.poll(SynchronousQueue.java:941)
        at org.apache.hadoop.ipc.Client$Connection$RpcRequestSender.run(Client.java:1122)
        at java.lang.Thread.run(Thread.java:750)
"Datanode ReportManager Thread - 3" daemon prio=5 tid=280 in Object.wait()
java.lang.Thread.State: WAITING (on object monitor)
        at sun.misc.Unsafe.park(Native Method)
        at java.util.concurrent.locks.LockSupport.park(LockSupport.java:175)
        at java.util.concurrent.locks.AbstractQueuedSynchronizer$ConditionObject.await(AbstractQueuedSynchronizer.java:2039)
        at java.util.concurrent.ScheduledThreadPoolExecutor$DelayedWorkQueue.take(ScheduledThreadPoolExecutor.java:1088)
        at java.util.concurrent.ScheduledThreadPoolExecutor$DelayedWorkQueue.take(ScheduledThreadPoolExecutor.java:809)
        at java.util.concurrent.ThreadPoolExecutor.getTask(ThreadPoolExecutor.java:1074)
        at java.util.concurrent.ThreadPoolExecutor.runWorker(ThreadPoolExecutor.java:1134)
        at java.util.concurrent.ThreadPoolExecutor$Worker.run(ThreadPoolExecutor.java:624)
        at java.lang.Thread.run(Thread.java:750)
"IPC Server handler 6 on default port 15002" daemon prio=5 tid=95 timed_waiting
java.lang.Thread.State: TIMED_WAITING
        at sun.misc.Unsafe.park(Native Method)
        at java.util.concurrent.locks.LockSupport.parkNanos(LockSupport.java:215)
        at java.util.concurrent.locks.AbstractQueuedSynchronizer$ConditionObject.awaitNanos(AbstractQueuedSynchronizer.java:2078)
        at java.util.concurrent.LinkedBlockingQueue.poll(LinkedBlockingQueue.java:467)
        at org.apache.hadoop.ipc.CallQueueManager.take(CallQueueManager.java:317)
        at org.apache.hadoop.ipc.Server$Handler.run(Server.java:2992)
"BlockDeletingService#0" daemon prio=5 tid=1164 timed_waiting
java.lang.Thread.State: TIMED_WAITING
        at sun.misc.Unsafe.park(Native Method)
        at java.util.concurrent.locks.LockSupport.parkNanos(LockSupport.java:215)
        at java.util.concurrent.locks.AbstractQueuedSynchronizer$ConditionObject.awaitNanos(AbstractQueuedSynchronizer.java:2078)
        at java.util.concurrent.ScheduledThreadPoolExecutor$DelayedWorkQueue.take(ScheduledThreadPoolExecutor.java:1093)
        at java.util.concurrent.ScheduledThreadPoolExecutor$DelayedWorkQueue.take(ScheduledThreadPoolExecutor.java:809)
        at java.util.concurrent.ThreadPoolExecutor.getTask(ThreadPoolExecutor.java:1074)
        at java.util.concurrent.ThreadPoolExecutor.runWorker(ThreadPoolExecutor.java:1134)
        at java.util.concurrent.ThreadPoolExecutor$Worker.run(ThreadPoolExecutor.java:624)
        at java.lang.Thread.run(Thread.java:750)
"EventQueue-NewNodeForNewNodeHandler" daemon prio=5 tid=590 in Object.wait()
java.lang.Thread.State: WAITING (on object monitor)
        at sun.misc.Unsafe.park(Native Method)
        at java.util.concurrent.locks.LockSupport.park(LockSupport.java:175)
        at java.util.concurrent.locks.AbstractQueuedSynchronizer$ConditionObject.await(AbstractQueuedSynchronizer.java:2039)
        at java.util.concurrent.LinkedBlockingQueue.take(LinkedBlockingQueue.java:442)
        at java.util.concurrent.ThreadPoolExecutor.getTask(ThreadPoolExecutor.java:1074)
        at java.util.concurrent.ThreadPoolExecutor.runWorker(ThreadPoolExecutor.java:1134)
        at java.util.concurrent.ThreadPoolExecutor$Worker.run(ThreadPoolExecutor.java:624)
        at java.lang.Thread.run(Thread.java:750)
"Datanode State Machine Task Thread - 1"  prio=5 tid=633 in Object.wait()
java.lang.Thread.State: WAITING (on object monitor)
        at sun.misc.Unsafe.park(Native Method)
        at java.util.concurrent.locks.LockSupport.park(LockSupport.java:175)
        at java.util.concurrent.locks.AbstractQueuedSynchronizer$ConditionObject.await(AbstractQueuedSynchronizer.java:2039)
        at java.util.concurrent.LinkedBlockingQueue.take(LinkedBlockingQueue.java:442)
        at java.util.concurrent.ThreadPoolExecutor.getTask(ThreadPoolExecutor.java:1074)
        at java.util.concurrent.ThreadPoolExecutor.runWorker(ThreadPoolExecutor.java:1134)
        at java.util.concurrent.ThreadPoolExecutor$Worker.run(ThreadPoolExecutor.java:624)
        at java.lang.Thread.run(Thread.java:750)
"ChunkReader-0" daemon prio=5 tid=988 in Object.wait()
java.lang.Thread.State: WAITING (on object monitor)
        at sun.misc.Unsafe.park(Native Method)
        at java.util.concurrent.locks.LockSupport.park(LockSupport.java:175)
        at java.util.concurrent.locks.AbstractQueuedSynchronizer$ConditionObject.await(AbstractQueuedSynchronizer.java:2039)
        at java.util.concurrent.LinkedBlockingQueue.take(LinkedBlockingQueue.java:442)
        at java.util.concurrent.ThreadPoolExecutor.getTask(ThreadPoolExecutor.java:1074)
        at java.util.concurrent.ThreadPoolExecutor.runWorker(ThreadPoolExecutor.java:1134)
        at java.util.concurrent.ThreadPoolExecutor$Worker.run(ThreadPoolExecutor.java:624)
        at java.lang.Thread.run(Thread.java:750)
"Command processor thread" daemon prio=5 tid=315 timed_waiting
java.lang.Thread.State: TIMED_WAITING
        at java.lang.Thread.sleep(Native Method)
        at org.apache.hadoop.ozone.container.common.statemachine.DatanodeStateMachine.lambda$initCommandHandlerThread$3(DatanodeStateMachine.java:669)
        at org.apache.hadoop.ozone.container.common.statemachine.DatanodeStateMachine$$Lambda$869/5638916.run(Unknown Source)
        at java.lang.Thread.run(Thread.java:750)
"ChunkWriter-3-0" daemon prio=5 tid=626 in Object.wait()
java.lang.Thread.State: WAITING (on object monitor)
        at sun.misc.Unsafe.park(Native Method)
        at java.util.concurrent.locks.LockSupport.park(LockSupport.java:175)
        at java.util.concurrent.locks.AbstractQueuedSynchronizer$ConditionObject.await(AbstractQueuedSynchronizer.java:2039)
        at java.util.concurrent.LinkedBlockingDeque.takeFirst(LinkedBlockingDeque.java:492)
        at java.util.concurrent.LinkedBlockingDeque.take(LinkedBlockingDeque.java:680)
        at java.util.concurrent.ThreadPoolExecutor.getTask(ThreadPoolExecutor.java:1074)
        at java.util.concurrent.ThreadPoolExecutor.runWorker(ThreadPoolExecutor.java:1134)
        at java.util.concurrent.ThreadPoolExecutor$Worker.run(ThreadPoolExecutor.java:624)
        at java.lang.Thread.run(Thread.java:750)
"StaleRecoveringContainerScrubbingService#9" daemon prio=5 tid=1382 in Object.wait()
java.lang.Thread.State: WAITING (on object monitor)
        at sun.misc.Unsafe.park(Native Method)
        at java.util.concurrent.locks.LockSupport.park(LockSupport.java:175)
        at java.util.concurrent.locks.AbstractQueuedSynchronizer$ConditionObject.await(AbstractQueuedSynchronizer.java:2039)
        at java.util.concurrent.ScheduledThreadPoolExecutor$DelayedWorkQueue.take(ScheduledThreadPoolExecutor.java:1088)
        at java.util.concurrent.ScheduledThreadPoolExecutor$DelayedWorkQueue.take(ScheduledThreadPoolExecutor.java:809)
        at java.util.concurrent.ThreadPoolExecutor.getTask(ThreadPoolExecutor.java:1074)
        at java.util.concurrent.ThreadPoolExecutor.runWorker(ThreadPoolExecutor.java:1134)
        at java.util.concurrent.ThreadPoolExecutor$Worker.run(ThreadPoolExecutor.java:624)
        at java.lang.Thread.run(Thread.java:750)
"EventQueue-OpenPipelineForHealthyPipelineSafeModeRule" daemon prio=5 tid=648 in Object.wait()
java.lang.Thread.State: WAITING (on object monitor)
        at sun.misc.Unsafe.park(Native Method)
        at java.util.concurrent.locks.LockSupport.park(LockSupport.java:175)
        at java.util.concurrent.locks.AbstractQueuedSynchronizer$ConditionObject.await(AbstractQueuedSynchronizer.java:2039)
        at java.util.concurrent.LinkedBlockingQueue.take(LinkedBlockingQueue.java:442)
        at java.util.concurrent.ThreadPoolExecutor.getTask(ThreadPoolExecutor.java:1074)
        at java.util.concurrent.ThreadPoolExecutor.runWorker(ThreadPoolExecutor.java:1134)
        at java.util.concurrent.ThreadPoolExecutor$Worker.run(ThreadPoolExecutor.java:624)
        at java.lang.Thread.run(Thread.java:750)
"ChunkWriter-1-0" daemon prio=5 tid=1148 in Object.wait()
java.lang.Thread.State: WAITING (on object monitor)
        at sun.misc.Unsafe.park(Native Method)
        at java.util.concurrent.locks.LockSupport.park(LockSupport.java:175)
        at java.util.concurrent.locks.AbstractQueuedSynchronizer$ConditionObject.await(AbstractQueuedSynchronizer.java:2039)
        at java.util.concurrent.LinkedBlockingDeque.takeFirst(LinkedBlockingDeque.java:492)
        at java.util.concurrent.LinkedBlockingDeque.take(LinkedBlockingDeque.java:680)
        at java.util.concurrent.ThreadPoolExecutor.getTask(ThreadPoolExecutor.java:1074)
        at java.util.concurrent.ThreadPoolExecutor.runWorker(ThreadPoolExecutor.java:1134)
        at java.util.concurrent.ThreadPoolExecutor$Worker.run(ThreadPoolExecutor.java:624)
        at java.lang.Thread.run(Thread.java:750)
"Datanode ReportManager Thread - 0" daemon prio=5 tid=513 in Object.wait()
java.lang.Thread.State: WAITING (on object monitor)
        at sun.misc.Unsafe.park(Native Method)
        at java.util.concurrent.locks.LockSupport.park(LockSupport.java:175)
        at java.util.concurrent.locks.AbstractQueuedSynchronizer$ConditionObject.await(AbstractQueuedSynchronizer.java:2039)
        at java.util.concurrent.ScheduledThreadPoolExecutor$DelayedWorkQueue.take(ScheduledThreadPoolExecutor.java:1088)
        at java.util.concurrent.ScheduledThreadPoolExecutor$DelayedWorkQueue.take(ScheduledThreadPoolExecutor.java:809)
        at java.util.concurrent.ThreadPoolExecutor.getTask(ThreadPoolExecutor.java:1074)
        at java.util.concurrent.ThreadPoolExecutor.runWorker(ThreadPoolExecutor.java:1134)
        at java.util.concurrent.ThreadPoolExecutor$Worker.run(ThreadPoolExecutor.java:624)
        at java.lang.Thread.run(Thread.java:750)
"StaleRecoveringContainerScrubbingService#4" daemon prio=5 tid=1144 in Object.wait()
java.lang.Thread.State: WAITING (on object monitor)
        at sun.misc.Unsafe.park(Native Method)
        at java.util.concurrent.locks.LockSupport.park(LockSupport.java:175)
        at java.util.concurrent.locks.AbstractQueuedSynchronizer$ConditionObject.await(AbstractQueuedSynchronizer.java:2039)
        at java.util.concurrent.ScheduledThreadPoolExecutor$DelayedWorkQueue.take(ScheduledThreadPoolExecutor.java:1088)
        at java.util.concurrent.ScheduledThreadPoolExecutor$DelayedWorkQueue.take(ScheduledThreadPoolExecutor.java:809)
        at java.util.concurrent.ThreadPoolExecutor.getTask(ThreadPoolExecutor.java:1074)
        at java.util.concurrent.ThreadPoolExecutor.runWorker(ThreadPoolExecutor.java:1134)
        at java.util.concurrent.ThreadPoolExecutor$Worker.run(ThreadPoolExecutor.java:624)
        at java.lang.Thread.run(Thread.java:750)
"IPC Server handler 0 on default port 15064" daemon prio=5 tid=421 timed_waiting
java.lang.Thread.State: TIMED_WAITING
        at sun.misc.Unsafe.park(Native Method)
        at java.util.concurrent.locks.LockSupport.parkNanos(LockSupport.java:215)
        at java.util.concurrent.locks.AbstractQueuedSynchronizer$ConditionObject.awaitNanos(AbstractQueuedSynchronizer.java:2078)
        at java.util.concurrent.LinkedBlockingQueue.poll(LinkedBlockingQueue.java:467)
        at org.apache.hadoop.ipc.CallQueueManager.take(CallQueueManager.java:317)
        at org.apache.hadoop.ipc.Server$Handler.run(Server.java:2992)
"Session-HouseKeeper-f36c8b1-1"  prio=5 tid=121 timed_waiting
java.lang.Thread.State: TIMED_WAITING
        at sun.misc.Unsafe.park(Native Method)
        at java.util.concurrent.locks.LockSupport.parkNanos(LockSupport.java:215)
        at java.util.concurrent.locks.AbstractQueuedSynchronizer$ConditionObject.awaitNanos(AbstractQueuedSynchronizer.java:2078)
        at java.util.concurrent.ScheduledThreadPoolExecutor$DelayedWorkQueue.take(ScheduledThreadPoolExecutor.java:1093)
        at java.util.concurrent.ScheduledThreadPoolExecutor$DelayedWorkQueue.take(ScheduledThreadPoolExecutor.java:809)
        at java.util.concurrent.ThreadPoolExecutor.getTask(ThreadPoolExecutor.java:1074)
        at java.util.concurrent.ThreadPoolExecutor.runWorker(ThreadPoolExecutor.java:1134)
        at java.util.concurrent.ThreadPoolExecutor$Worker.run(ThreadPoolExecutor.java:624)
        at java.lang.Thread.run(Thread.java:750)
"org.apache.hadoop.util.JvmPauseMonitor$Monitor@f5a680" daemon prio=5 tid=111 timed_waiting
java.lang.Thread.State: TIMED_WAITING
        at java.lang.Thread.sleep(Native Method)
        at org.apache.hadoop.util.JvmPauseMonitor$Monitor.run(JvmPauseMonitor.java:192)
        at java.lang.Thread.run(Thread.java:750)
"qtp2011580998-113" daemon prio=5 tid=113 runnable
java.lang.Thread.State: RUNNABLE
        at sun.nio.ch.EPollArrayWrapper.epollWait(Native Method)
        at sun.nio.ch.EPollArrayWrapper.poll(EPollArrayWrapper.java:269)
        at sun.nio.ch.EPollSelectorImpl.doSelect(EPollSelectorImpl.java:93)
        at sun.nio.ch.SelectorImpl.lockAndDoSelect(SelectorImpl.java:86)
        at sun.nio.ch.SelectorImpl.select(SelectorImpl.java:97)
        at sun.nio.ch.SelectorImpl.select(SelectorImpl.java:101)
        at org.eclipse.jetty.io.ManagedSelector.nioSelect(ManagedSelector.java:183)
        at org.eclipse.jetty.io.ManagedSelector.select(ManagedSelector.java:190)
        at org.eclipse.jetty.io.ManagedSelector$SelectorProducer.select(ManagedSelector.java:606)
        at org.eclipse.jetty.io.ManagedSelector$SelectorProducer.produce(ManagedSelector.java:543)
        at org.eclipse.jetty.util.thread.strategy.EatWhatYouKill.produceTask(EatWhatYouKill.java:362)
        at org.eclipse.jetty.util.thread.strategy.EatWhatYouKill.doProduce(EatWhatYouKill.java:186)
        at org.eclipse.jetty.util.thread.strategy.EatWhatYouKill.tryProduce(EatWhatYouKill.java:173)
        at org.eclipse.jetty.util.thread.strategy.EatWhatYouKill.produce(EatWhatYouKill.java:137)
        at org.eclipse.jetty.io.ManagedSelector$$Lambda$472/1519927178.run(Unknown Source)
        at org.eclipse.jetty.util.thread.QueuedThreadPool.runJob(QueuedThreadPool.java:883)
        at org.eclipse.jetty.util.thread.QueuedThreadPool$Runner.run(QueuedThreadPool.java:1034)
        at java.lang.Thread.run(Thread.java:750)
"b39db728-622c-42ae-954c-bd0dbc524ba7@group-C6431D6FC4A4->36cbda38-693f-49bb-be1a-3256c6faae50-GrpcLogAppender-LogAppenderDaemon" daemon prio=5 tid=970 timed_waiting
java.lang.Thread.State: TIMED_WAITING
        at sun.misc.Unsafe.park(Native Method)
        at java.util.concurrent.locks.LockSupport.parkNanos(LockSupport.java:215)
        at java.util.concurrent.locks.AbstractQueuedSynchronizer$ConditionObject.await(AbstractQueuedSynchronizer.java:2163)
        at org.apache.ratis.util.AwaitForSignal.await(AwaitForSignal.java:62)
        at org.apache.ratis.grpc.server.GrpcLogAppender.mayWait(GrpcLogAppender.java:197)
        at org.apache.ratis.grpc.server.GrpcLogAppender.run(GrpcLogAppender.java:148)
        at org.apache.ratis.server.leader.LogAppenderDaemon.run(LogAppenderDaemon.java:78)
        at org.apache.ratis.server.leader.LogAppenderDaemon$$Lambda$1179/1869148481.run(Unknown Source)
        at java.lang.Thread.run(Thread.java:750)
"Datanode ReportManager Thread - 0" daemon prio=5 tid=558 in Object.wait()
java.lang.Thread.State: WAITING (on object monitor)
        at sun.misc.Unsafe.park(Native Method)
        at java.util.concurrent.locks.LockSupport.park(LockSupport.java:175)
        at java.util.concurrent.locks.AbstractQueuedSynchronizer$ConditionObject.await(AbstractQueuedSynchronizer.java:2039)
        at java.util.concurrent.ScheduledThreadPoolExecutor$DelayedWorkQueue.take(ScheduledThreadPoolExecutor.java:1088)
        at java.util.concurrent.ScheduledThreadPoolExecutor$DelayedWorkQueue.take(ScheduledThreadPoolExecutor.java:809)
        at java.util.concurrent.ThreadPoolExecutor.getTask(ThreadPoolExecutor.java:1074)
        at java.util.concurrent.ThreadPoolExecutor.runWorker(ThreadPoolExecutor.java:1134)
        at java.util.concurrent.ThreadPoolExecutor$Worker.run(ThreadPoolExecutor.java:624)
        at java.lang.Thread.run(Thread.java:750)
"ChunkReader-4" daemon prio=5 tid=1009 in Object.wait()
java.lang.Thread.State: WAITING (on object monitor)
        at sun.misc.Unsafe.park(Native Method)
        at java.util.concurrent.locks.LockSupport.park(LockSupport.java:175)
        at java.util.concurrent.locks.AbstractQueuedSynchronizer$ConditionObject.await(AbstractQueuedSynchronizer.java:2039)
        at java.util.concurrent.LinkedBlockingQueue.take(LinkedBlockingQueue.java:442)
        at java.util.concurrent.ThreadPoolExecutor.getTask(ThreadPoolExecutor.java:1074)
        at java.util.concurrent.ThreadPoolExecutor.runWorker(ThreadPoolExecutor.java:1134)
        at java.util.concurrent.ThreadPoolExecutor$Worker.run(ThreadPoolExecutor.java:624)
        at java.lang.Thread.run(Thread.java:750)
"Socket Reader #1 for port 15073"  prio=5 tid=462 runnable
java.lang.Thread.State: RUNNABLE
        at sun.nio.ch.EPollArrayWrapper.epollWait(Native Method)
        at sun.nio.ch.EPollArrayWrapper.poll(EPollArrayWrapper.java:269)
        at sun.nio.ch.EPollSelectorImpl.doSelect(EPollSelectorImpl.java:93)
        at sun.nio.ch.SelectorImpl.lockAndDoSelect(SelectorImpl.java:86)
        at sun.nio.ch.SelectorImpl.select(SelectorImpl.java:97)
        at sun.nio.ch.SelectorImpl.select(SelectorImpl.java:101)
        at org.apache.hadoop.ipc.Server$Listener$Reader.doRunLoop(Server.java:1342)
        at org.apache.hadoop.ipc.Server$Listener$Reader.run(Server.java:1321)
"ChunkReader-4" daemon prio=5 tid=1089 in Object.wait()
java.lang.Thread.State: WAITING (on object monitor)
        at sun.misc.Unsafe.park(Native Method)
        at java.util.concurrent.locks.LockSupport.park(LockSupport.java:175)
        at java.util.concurrent.locks.AbstractQueuedSynchronizer$ConditionObject.await(AbstractQueuedSynchronizer.java:2039)
        at java.util.concurrent.LinkedBlockingQueue.take(LinkedBlockingQueue.java:442)
        at java.util.concurrent.ThreadPoolExecutor.getTask(ThreadPoolExecutor.java:1074)
        at java.util.concurrent.ThreadPoolExecutor.runWorker(ThreadPoolExecutor.java:1134)
        at java.util.concurrent.ThreadPoolExecutor$Worker.run(ThreadPoolExecutor.java:624)
        at java.lang.Thread.run(Thread.java:750)
"pool-135-thread-1"  prio=5 tid=260 timed_waiting
java.lang.Thread.State: TIMED_WAITING
        at sun.misc.Unsafe.park(Native Method)
        at java.util.concurrent.locks.LockSupport.parkNanos(LockSupport.java:215)
        at java.util.concurrent.locks.AbstractQueuedSynchronizer$ConditionObject.awaitNanos(AbstractQueuedSynchronizer.java:2078)
        at java.util.concurrent.ScheduledThreadPoolExecutor$DelayedWorkQueue.take(ScheduledThreadPoolExecutor.java:1093)
        at java.util.concurrent.ScheduledThreadPoolExecutor$DelayedWorkQueue.take(ScheduledThreadPoolExecutor.java:809)
        at java.util.concurrent.ThreadPoolExecutor.getTask(ThreadPoolExecutor.java:1074)
        at java.util.concurrent.ThreadPoolExecutor.runWorker(ThreadPoolExecutor.java:1134)
        at java.util.concurrent.ThreadPoolExecutor$Worker.run(ThreadPoolExecutor.java:624)
        at java.lang.Thread.run(Thread.java:750)
"Datanode ReportManager Thread - 1" daemon prio=5 tid=311 in Object.wait()
java.lang.Thread.State: WAITING (on object monitor)
        at sun.misc.Unsafe.park(Native Method)
        at java.util.concurrent.locks.LockSupport.park(LockSupport.java:175)
        at java.util.concurrent.locks.AbstractQueuedSynchronizer$ConditionObject.await(AbstractQueuedSynchronizer.java:2039)
        at java.util.concurrent.ScheduledThreadPoolExecutor$DelayedWorkQueue.take(ScheduledThreadPoolExecutor.java:1088)
        at java.util.concurrent.ScheduledThreadPoolExecutor$DelayedWorkQueue.take(ScheduledThreadPoolExecutor.java:809)
        at java.util.concurrent.ThreadPoolExecutor.getTask(ThreadPoolExecutor.java:1074)
        at java.util.concurrent.ThreadPoolExecutor.runWorker(ThreadPoolExecutor.java:1134)
        at java.util.concurrent.ThreadPoolExecutor$Worker.run(ThreadPoolExecutor.java:624)
        at java.lang.Thread.run(Thread.java:750)
"ChunkReader-1" daemon prio=5 tid=991 in Object.wait()
java.lang.Thread.State: WAITING (on object monitor)
        at sun.misc.Unsafe.park(Native Method)
        at java.util.concurrent.locks.LockSupport.park(LockSupport.java:175)
        at java.util.concurrent.locks.AbstractQueuedSynchronizer$ConditionObject.await(AbstractQueuedSynchronizer.java:2039)
        at java.util.concurrent.LinkedBlockingQueue.take(LinkedBlockingQueue.java:442)
        at java.util.concurrent.ThreadPoolExecutor.getTask(ThreadPoolExecutor.java:1074)
        at java.util.concurrent.ThreadPoolExecutor.runWorker(ThreadPoolExecutor.java:1134)
        at java.util.concurrent.ThreadPoolExecutor$Worker.run(ThreadPoolExecutor.java:624)
        at java.lang.Thread.run(Thread.java:750)
"Socket Reader #1 for port 15010"  prio=5 tid=1126 runnable
java.lang.Thread.State: RUNNABLE
        at sun.nio.ch.EPollArrayWrapper.epollWait(Native Method)
        at sun.nio.ch.EPollArrayWrapper.poll(EPollArrayWrapper.java:269)
        at sun.nio.ch.EPollSelectorImpl.doSelect(EPollSelectorImpl.java:93)
        at sun.nio.ch.SelectorImpl.lockAndDoSelect(SelectorImpl.java:86)
        at sun.nio.ch.SelectorImpl.select(SelectorImpl.java:97)
        at sun.nio.ch.SelectorImpl.select(SelectorImpl.java:101)
        at org.apache.hadoop.ipc.Server$Listener$Reader.doRunLoop(Server.java:1342)
        at org.apache.hadoop.ipc.Server$Listener$Reader.run(Server.java:1321)
"IPC Server handler 19 on default port 15001" daemon prio=5 tid=88 timed_waiting
java.lang.Thread.State: TIMED_WAITING
        at sun.misc.Unsafe.park(Native Method)
        at java.util.concurrent.locks.LockSupport.parkNanos(LockSupport.java:215)
        at java.util.concurrent.locks.AbstractQueuedSynchronizer$ConditionObject.awaitNanos(AbstractQueuedSynchronizer.java:2078)
        at java.util.concurrent.LinkedBlockingQueue.poll(LinkedBlockingQueue.java:467)
        at org.apache.hadoop.ipc.CallQueueManager.take(CallQueueManager.java:317)
        at org.apache.hadoop.ipc.Server$Handler.run(Server.java:2992)
"FullTableCache Cleanup Thread - 0" daemon prio=5 tid=923 in Object.wait()
java.lang.Thread.State: WAITING (on object monitor)
        at sun.misc.Unsafe.park(Native Method)
        at java.util.concurrent.locks.LockSupport.park(LockSupport.java:175)
        at java.util.concurrent.locks.AbstractQueuedSynchronizer$ConditionObject.await(AbstractQueuedSynchronizer.java:2039)
        at java.util.concurrent.LinkedBlockingQueue.take(LinkedBlockingQueue.java:442)
        at java.util.concurrent.ThreadPoolExecutor.getTask(ThreadPoolExecutor.java:1074)
        at java.util.concurrent.ThreadPoolExecutor.runWorker(ThreadPoolExecutor.java:1134)
        at java.util.concurrent.ThreadPoolExecutor$Worker.run(ThreadPoolExecutor.java:624)
        at java.lang.Thread.run(Thread.java:750)
"IPC Server Responder" daemon prio=5 tid=372 runnable
java.lang.Thread.State: RUNNABLE
        at sun.nio.ch.EPollArrayWrapper.epollWait(Native Method)
        at sun.nio.ch.EPollArrayWrapper.poll(EPollArrayWrapper.java:269)
        at sun.nio.ch.EPollSelectorImpl.doSelect(EPollSelectorImpl.java:93)
        at sun.nio.ch.SelectorImpl.lockAndDoSelect(SelectorImpl.java:86)
        at sun.nio.ch.SelectorImpl.select(SelectorImpl.java:97)
        at org.apache.hadoop.ipc.Server$Responder.doRunLoop(Server.java:1578)
        at org.apache.hadoop.ipc.Server$Responder.run(Server.java:1561)
"IPC Server listener on 15082" daemon prio=5 tid=506 runnable
java.lang.Thread.State: RUNNABLE
        at sun.nio.ch.EPollArrayWrapper.epollWait(Native Method)
        at sun.nio.ch.EPollArrayWrapper.poll(EPollArrayWrapper.java:269)
        at sun.nio.ch.EPollSelectorImpl.doSelect(EPollSelectorImpl.java:93)
        at sun.nio.ch.SelectorImpl.lockAndDoSelect(SelectorImpl.java:86)
        at sun.nio.ch.SelectorImpl.select(SelectorImpl.java:97)
        at sun.nio.ch.SelectorImpl.select(SelectorImpl.java:101)
        at org.apache.hadoop.ipc.Server$Listener.run(Server.java:1404)
"Datanode ReportManager Thread - 2" daemon prio=5 tid=515 timed_waiting
java.lang.Thread.State: TIMED_WAITING
        at sun.misc.Unsafe.park(Native Method)
        at java.util.concurrent.locks.LockSupport.parkNanos(LockSupport.java:215)
        at java.util.concurrent.locks.AbstractQueuedSynchronizer$ConditionObject.awaitNanos(AbstractQueuedSynchronizer.java:2078)
        at java.util.concurrent.ScheduledThreadPoolExecutor$DelayedWorkQueue.take(ScheduledThreadPoolExecutor.java:1093)
        at java.util.concurrent.ScheduledThreadPoolExecutor$DelayedWorkQueue.take(ScheduledThreadPoolExecutor.java:809)
        at java.util.concurrent.ThreadPoolExecutor.getTask(ThreadPoolExecutor.java:1074)
        at java.util.concurrent.ThreadPoolExecutor.runWorker(ThreadPoolExecutor.java:1134)
        at java.util.concurrent.ThreadPoolExecutor$Worker.run(ThreadPoolExecutor.java:624)
        at java.lang.Thread.run(Thread.java:750)
"ChunkReader-9" daemon prio=5 tid=1364 in Object.wait()
java.lang.Thread.State: WAITING (on object monitor)
        at sun.misc.Unsafe.park(Native Method)
        at java.util.concurrent.locks.LockSupport.park(LockSupport.java:175)
        at java.util.concurrent.locks.AbstractQueuedSynchronizer$ConditionObject.await(AbstractQueuedSynchronizer.java:2039)
        at java.util.concurrent.LinkedBlockingQueue.take(LinkedBlockingQueue.java:442)
        at java.util.concurrent.ThreadPoolExecutor.getTask(ThreadPoolExecutor.java:1074)
        at java.util.concurrent.ThreadPoolExecutor.runWorker(ThreadPoolExecutor.java:1134)
        at java.util.concurrent.ThreadPoolExecutor$Worker.run(ThreadPoolExecutor.java:624)
        at java.lang.Thread.run(Thread.java:750)
"StaleRecoveringContainerScrubbingService#3" daemon prio=5 tid=1072 in Object.wait()
java.lang.Thread.State: WAITING (on object monitor)
        at sun.misc.Unsafe.park(Native Method)
        at java.util.concurrent.locks.LockSupport.park(LockSupport.java:175)
        at java.util.concurrent.locks.AbstractQueuedSynchronizer$ConditionObject.await(AbstractQueuedSynchronizer.java:2039)
        at java.util.concurrent.ScheduledThreadPoolExecutor$DelayedWorkQueue.take(ScheduledThreadPoolExecutor.java:1088)
        at java.util.concurrent.ScheduledThreadPoolExecutor$DelayedWorkQueue.take(ScheduledThreadPoolExecutor.java:809)
        at java.util.concurrent.ThreadPoolExecutor.getTask(ThreadPoolExecutor.java:1074)
        at java.util.concurrent.ThreadPoolExecutor.runWorker(ThreadPoolExecutor.java:1134)
        at java.util.concurrent.ThreadPoolExecutor$Worker.run(ThreadPoolExecutor.java:624)
        at java.lang.Thread.run(Thread.java:750)
"Datanode ReportManager Thread - 4" daemon prio=5 tid=517 in Object.wait()
java.lang.Thread.State: WAITING (on object monitor)
        at sun.misc.Unsafe.park(Native Method)
        at java.util.concurrent.locks.LockSupport.park(LockSupport.java:175)
        at java.util.concurrent.locks.AbstractQueuedSynchronizer$ConditionObject.await(AbstractQueuedSynchronizer.java:2039)
        at java.util.concurrent.ScheduledThreadPoolExecutor$DelayedWorkQueue.take(ScheduledThreadPoolExecutor.java:1088)
        at java.util.concurrent.ScheduledThreadPoolExecutor$DelayedWorkQueue.take(ScheduledThreadPoolExecutor.java:809)
        at java.util.concurrent.ThreadPoolExecutor.getTask(ThreadPoolExecutor.java:1074)
        at java.util.concurrent.ThreadPoolExecutor.runWorker(ThreadPoolExecutor.java:1134)
        at java.util.concurrent.ThreadPoolExecutor$Worker.run(ThreadPoolExecutor.java:624)
        at java.lang.Thread.run(Thread.java:750)
"StaleRecoveringContainerScrubbingService#9" daemon prio=5 tid=1395 in Object.wait()
java.lang.Thread.State: WAITING (on object monitor)
        at sun.misc.Unsafe.park(Native Method)
        at java.util.concurrent.locks.LockSupport.park(LockSupport.java:175)
        at java.util.concurrent.locks.AbstractQueuedSynchronizer$ConditionObject.await(AbstractQueuedSynchronizer.java:2039)
        at java.util.concurrent.ScheduledThreadPoolExecutor$DelayedWorkQueue.take(ScheduledThreadPoolExecutor.java:1088)
        at java.util.concurrent.ScheduledThreadPoolExecutor$DelayedWorkQueue.take(ScheduledThreadPoolExecutor.java:809)
        at java.util.concurrent.ThreadPoolExecutor.getTask(ThreadPoolExecutor.java:1074)
        at java.util.concurrent.ThreadPoolExecutor.runWorker(ThreadPoolExecutor.java:1134)
        at java.util.concurrent.ThreadPoolExecutor$Worker.run(ThreadPoolExecutor.java:624)
        at java.lang.Thread.run(Thread.java:750)
"IPC Server handler 10 on default port 15001" daemon prio=5 tid=79 timed_waiting
java.lang.Thread.State: TIMED_WAITING
        at sun.misc.Unsafe.park(Native Method)
        at java.util.concurrent.locks.LockSupport.parkNanos(LockSupport.java:215)
        at java.util.concurrent.locks.AbstractQueuedSynchronizer$ConditionObject.awaitNanos(AbstractQueuedSynchronizer.java:2078)
        at java.util.concurrent.LinkedBlockingQueue.poll(LinkedBlockingQueue.java:467)
        at org.apache.hadoop.ipc.CallQueueManager.take(CallQueueManager.java:317)
        at org.apache.hadoop.ipc.Server$Handler.run(Server.java:2992)
"grpc-default-executor-3" daemon prio=5 tid=845 timed_waiting
java.lang.Thread.State: TIMED_WAITING
        at sun.misc.Unsafe.park(Native Method)
        at java.util.concurrent.locks.LockSupport.parkNanos(LockSupport.java:215)
        at java.util.concurrent.SynchronousQueue$TransferStack.awaitFulfill(SynchronousQueue.java:460)
        at java.util.concurrent.SynchronousQueue$TransferStack.transfer(SynchronousQueue.java:362)
        at java.util.concurrent.SynchronousQueue.poll(SynchronousQueue.java:941)
        at java.util.concurrent.ThreadPoolExecutor.getTask(ThreadPoolExecutor.java:1073)
        at java.util.concurrent.ThreadPoolExecutor.runWorker(ThreadPoolExecutor.java:1134)
        at java.util.concurrent.ThreadPoolExecutor$Worker.run(ThreadPoolExecutor.java:624)
        at java.lang.Thread.run(Thread.java:750)
"b39db728-622c-42ae-954c-bd0dbc524ba7-server-thread2" daemon prio=5 tid=967 timed_waiting
java.lang.Thread.State: TIMED_WAITING
        at sun.misc.Unsafe.park(Native Method)
        at java.util.concurrent.locks.LockSupport.parkNanos(LockSupport.java:215)
        at java.util.concurrent.SynchronousQueue$TransferStack.awaitFulfill(SynchronousQueue.java:460)
        at java.util.concurrent.SynchronousQueue$TransferStack.transfer(SynchronousQueue.java:362)
        at java.util.concurrent.SynchronousQueue.poll(SynchronousQueue.java:941)
        at java.util.concurrent.ThreadPoolExecutor.getTask(ThreadPoolExecutor.java:1073)
        at java.util.concurrent.ThreadPoolExecutor.runWorker(ThreadPoolExecutor.java:1134)
        at java.util.concurrent.ThreadPoolExecutor$Worker.run(ThreadPoolExecutor.java:624)
        at java.lang.Thread.run(Thread.java:750)
"36cbda38-693f-49bb-be1a-3256c6faae50@group-54B8E535DF2F-SegmentedRaftLogWorker"  prio=5 tid=770 timed_waiting
java.lang.Thread.State: TIMED_WAITING
        at sun.misc.Unsafe.park(Native Method)
        at java.util.concurrent.locks.LockSupport.parkNanos(LockSupport.java:215)
        at java.util.concurrent.locks.AbstractQueuedSynchronizer$ConditionObject.awaitNanos(AbstractQueuedSynchronizer.java:2078)
        at org.apache.ratis.util.DataBlockingQueue.poll(DataBlockingQueue.java:148)
        at org.apache.ratis.server.raftlog.segmented.SegmentedRaftLogWorker.run(SegmentedRaftLogWorker.java:307)
        at org.apache.ratis.server.raftlog.segmented.SegmentedRaftLogWorker$$Lambda$764/731878032.run(Unknown Source)
        at java.util.concurrent.Executors$RunnableAdapter.call(Executors.java:511)
        at java.util.concurrent.FutureTask.run(FutureTask.java:266)
        at java.util.concurrent.ThreadPoolExecutor.runWorker(ThreadPoolExecutor.java:1149)
        at java.util.concurrent.ThreadPoolExecutor$Worker.run(ThreadPoolExecutor.java:624)
        at java.lang.Thread.run(Thread.java:750)
"EndpointStateMachine task thread for /0.0.0.0:15002 - 0 "  prio=5 tid=540 in Object.wait()
java.lang.Thread.State: WAITING (on object monitor)
        at sun.misc.Unsafe.park(Native Method)
        at java.util.concurrent.locks.LockSupport.park(LockSupport.java:175)
        at java.util.concurrent.locks.AbstractQueuedSynchronizer$ConditionObject.await(AbstractQueuedSynchronizer.java:2039)
        at java.util.concurrent.LinkedBlockingQueue.take(LinkedBlockingQueue.java:442)
        at java.util.concurrent.ThreadPoolExecutor.getTask(ThreadPoolExecutor.java:1074)
        at java.util.concurrent.ThreadPoolExecutor.runWorker(ThreadPoolExecutor.java:1134)
        at java.util.concurrent.ThreadPoolExecutor$Worker.run(ThreadPoolExecutor.java:624)
        at java.lang.Thread.run(Thread.java:750)
"ChunkReader-4" daemon prio=5 tid=1080 in Object.wait()
java.lang.Thread.State: WAITING (on object monitor)
        at sun.misc.Unsafe.park(Native Method)
        at java.util.concurrent.locks.LockSupport.park(LockSupport.java:175)
        at java.util.concurrent.locks.AbstractQueuedSynchronizer$ConditionObject.await(AbstractQueuedSynchronizer.java:2039)
        at java.util.concurrent.LinkedBlockingQueue.take(LinkedBlockingQueue.java:442)
        at java.util.concurrent.ThreadPoolExecutor.getTask(ThreadPoolExecutor.java:1074)
        at java.util.concurrent.ThreadPoolExecutor.runWorker(ThreadPoolExecutor.java:1134)
        at java.util.concurrent.ThreadPoolExecutor$Worker.run(ThreadPoolExecutor.java:624)
        at java.lang.Thread.run(Thread.java:750)
"Datanode State Machine Task Thread - 0"  prio=5 tid=565 in Object.wait()
java.lang.Thread.State: WAITING (on object monitor)
        at sun.misc.Unsafe.park(Native Method)
        at java.util.concurrent.locks.LockSupport.park(LockSupport.java:175)
        at java.util.concurrent.locks.AbstractQueuedSynchronizer$ConditionObject.await(AbstractQueuedSynchronizer.java:2039)
        at java.util.concurrent.LinkedBlockingQueue.take(LinkedBlockingQueue.java:442)
        at java.util.concurrent.ThreadPoolExecutor.getTask(ThreadPoolExecutor.java:1074)
        at java.util.concurrent.ThreadPoolExecutor.runWorker(ThreadPoolExecutor.java:1134)
        at java.util.concurrent.ThreadPoolExecutor$Worker.run(ThreadPoolExecutor.java:624)
        at java.lang.Thread.run(Thread.java:750)
"fac1c7af-03c1-44bd-b323-3796df9c2435@group-187869B28A18-LeaderStateImpl" daemon prio=5 tid=1259 timed_waiting
java.lang.Thread.State: TIMED_WAITING
        at sun.misc.Unsafe.park(Native Method)
        at java.util.concurrent.locks.LockSupport.parkNanos(LockSupport.java:215)
        at java.util.concurrent.locks.AbstractQueuedSynchronizer$ConditionObject.awaitNanos(AbstractQueuedSynchronizer.java:2078)
        at java.util.concurrent.ArrayBlockingQueue.poll(ArrayBlockingQueue.java:418)
        at org.apache.ratis.server.impl.LeaderStateImpl$EventQueue.poll(LeaderStateImpl.java:164)
        at org.apache.ratis.server.impl.LeaderStateImpl$EventProcessor.run(LeaderStateImpl.java:702)
"StaleRecoveringContainerScrubbingService#2" daemon prio=5 tid=981 timed_waiting
java.lang.Thread.State: TIMED_WAITING
        at sun.misc.Unsafe.park(Native Method)
        at java.util.concurrent.locks.LockSupport.parkNanos(LockSupport.java:215)
        at java.util.concurrent.locks.AbstractQueuedSynchronizer$ConditionObject.awaitNanos(AbstractQueuedSynchronizer.java:2078)
        at java.util.concurrent.ScheduledThreadPoolExecutor$DelayedWorkQueue.take(ScheduledThreadPoolExecutor.java:1093)
        at java.util.concurrent.ScheduledThreadPoolExecutor$DelayedWorkQueue.take(ScheduledThreadPoolExecutor.java:809)
        at java.util.concurrent.ThreadPoolExecutor.getTask(ThreadPoolExecutor.java:1074)
        at java.util.concurrent.ThreadPoolExecutor.runWorker(ThreadPoolExecutor.java:1134)
        at java.util.concurrent.ThreadPoolExecutor$Worker.run(ThreadPoolExecutor.java:624)
        at java.lang.Thread.run(Thread.java:750)
"StaleRecoveringContainerScrubbingService#4" daemon prio=5 tid=1141 in Object.wait()
java.lang.Thread.State: WAITING (on object monitor)
        at sun.misc.Unsafe.park(Native Method)
        at java.util.concurrent.locks.LockSupport.park(LockSupport.java:175)
        at java.util.concurrent.locks.AbstractQueuedSynchronizer$ConditionObject.await(AbstractQueuedSynchronizer.java:2039)
        at java.util.concurrent.ScheduledThreadPoolExecutor$DelayedWorkQueue.take(ScheduledThreadPoolExecutor.java:1088)
        at java.util.concurrent.ScheduledThreadPoolExecutor$DelayedWorkQueue.take(ScheduledThreadPoolExecutor.java:809)
        at java.util.concurrent.ThreadPoolExecutor.getTask(ThreadPoolExecutor.java:1074)
        at java.util.concurrent.ThreadPoolExecutor.runWorker(ThreadPoolExecutor.java:1134)
        at java.util.concurrent.ThreadPoolExecutor$Worker.run(ThreadPoolExecutor.java:624)
        at java.lang.Thread.run(Thread.java:750)
"EventQueue-PipelineReportForOneReplicaPipelineSafeModeRule" daemon prio=5 tid=593 in Object.wait()
java.lang.Thread.State: WAITING (on object monitor)
        at sun.misc.Unsafe.park(Native Method)
        at java.util.concurrent.locks.LockSupport.park(LockSupport.java:175)
        at java.util.concurrent.locks.AbstractQueuedSynchronizer$ConditionObject.await(AbstractQueuedSynchronizer.java:2039)
        at java.util.concurrent.LinkedBlockingQueue.take(LinkedBlockingQueue.java:442)
        at java.util.concurrent.ThreadPoolExecutor.getTask(ThreadPoolExecutor.java:1074)
        at java.util.concurrent.ThreadPoolExecutor.runWorker(ThreadPoolExecutor.java:1134)
        at java.util.concurrent.ThreadPoolExecutor$Worker.run(ThreadPoolExecutor.java:624)
        at java.lang.Thread.run(Thread.java:750)
"om1@group-C5BA1605619E-LeaderStateImpl" daemon prio=5 tid=225 timed_waiting
java.lang.Thread.State: TIMED_WAITING
        at sun.misc.Unsafe.park(Native Method)
        at java.util.concurrent.locks.LockSupport.parkNanos(LockSupport.java:215)
        at java.util.concurrent.locks.AbstractQueuedSynchronizer$ConditionObject.awaitNanos(AbstractQueuedSynchronizer.java:2078)
        at java.util.concurrent.ArrayBlockingQueue.poll(ArrayBlockingQueue.java:418)
        at org.apache.ratis.server.impl.LeaderStateImpl$EventQueue.poll(LeaderStateImpl.java:164)
        at org.apache.ratis.server.impl.LeaderStateImpl$EventProcessor.run(LeaderStateImpl.java:702)
"Command processor thread" daemon prio=5 tid=563 timed_waiting
java.lang.Thread.State: TIMED_WAITING
        at java.lang.Thread.sleep(Native Method)
        at org.apache.hadoop.ozone.container.common.statemachine.DatanodeStateMachine.lambda$initCommandHandlerThread$3(DatanodeStateMachine.java:669)
        at org.apache.hadoop.ozone.container.common.statemachine.DatanodeStateMachine$$Lambda$869/5638916.run(Unknown Source)
        at java.lang.Thread.run(Thread.java:750)
"c686f304-079c-4e24-9d21-fd4c36dc1242@group-AD45264E1594-SegmentedRaftLogWorker" daemon prio=5 tid=664 timed_waiting
java.lang.Thread.State: TIMED_WAITING
        at sun.misc.Unsafe.park(Native Method)
        at java.util.concurrent.locks.LockSupport.parkNanos(LockSupport.java:215)
        at java.util.concurrent.locks.AbstractQueuedSynchronizer$ConditionObject.awaitNanos(AbstractQueuedSynchronizer.java:2078)
        at org.apache.ratis.util.DataBlockingQueue.poll(DataBlockingQueue.java:148)
        at org.apache.ratis.server.raftlog.segmented.SegmentedRaftLogWorker.run(SegmentedRaftLogWorker.java:307)
        at org.apache.ratis.server.raftlog.segmented.SegmentedRaftLogWorker$$Lambda$764/731878032.run(Unknown Source)
        at java.util.concurrent.Executors$RunnableAdapter.call(Executors.java:511)
        at java.util.concurrent.FutureTask.run(FutureTask.java:266)
        at java.util.concurrent.ThreadPoolExecutor.runWorker(ThreadPoolExecutor.java:1149)
        at java.util.concurrent.ThreadPoolExecutor$Worker.run(ThreadPoolExecutor.java:624)
        at java.lang.Thread.run(Thread.java:750)
"qtp1359989430-1123" daemon prio=5 tid=1123 timed_waiting
java.lang.Thread.State: TIMED_WAITING
        at sun.misc.Unsafe.park(Native Method)
        at java.util.concurrent.locks.LockSupport.parkNanos(LockSupport.java:215)
        at java.util.concurrent.locks.AbstractQueuedSynchronizer$ConditionObject.awaitNanos(AbstractQueuedSynchronizer.java:2078)
        at org.eclipse.jetty.util.BlockingArrayQueue.poll(BlockingArrayQueue.java:382)
        at org.eclipse.jetty.util.thread.QueuedThreadPool$Runner.idleJobPoll(QueuedThreadPool.java:974)
        at org.eclipse.jetty.util.thread.QueuedThreadPool$Runner.run(QueuedThreadPool.java:1018)
        at java.lang.Thread.run(Thread.java:750)
"ExpiredContainerReplicaOpScrubberThread" daemon prio=5 tid=17 timed_waiting
java.lang.Thread.State: TIMED_WAITING
        at java.lang.Object.wait(Native Method)
        at org.apache.hadoop.hdds.scm.ha.BackgroundSCMService.run(BackgroundSCMService.java:110)
        at org.apache.hadoop.hdds.scm.ha.BackgroundSCMService$$Lambda$404/129165617.run(Unknown Source)
        at java.lang.Thread.run(Thread.java:750)
"36cbda38-693f-49bb-be1a-3256c6faae50@group-C6431D6FC4A4-FollowerState" daemon prio=5 tid=964 timed_waiting
java.lang.Thread.State: TIMED_WAITING
        at java.lang.Thread.sleep(Native Method)
        at java.lang.Thread.sleep(Thread.java:342)
        at java.util.concurrent.TimeUnit.sleep(TimeUnit.java:386)
        at org.apache.ratis.util.TimeDuration.sleep(TimeDuration.java:325)
        at org.apache.ratis.util.TimeDuration.sleep(TimeDuration.java:310)
        at org.apache.ratis.server.impl.FollowerState.run(FollowerState.java:128)
"pool-243-thread-1" daemon prio=5 tid=434 timed_waiting
java.lang.Thread.State: TIMED_WAITING
        at sun.misc.Unsafe.park(Native Method)
        at java.util.concurrent.locks.LockSupport.parkNanos(LockSupport.java:215)
        at java.util.concurrent.locks.AbstractQueuedSynchronizer$ConditionObject.awaitNanos(AbstractQueuedSynchronizer.java:2078)
        at java.util.concurrent.ScheduledThreadPoolExecutor$DelayedWorkQueue.take(ScheduledThreadPoolExecutor.java:1093)
        at java.util.concurrent.ScheduledThreadPoolExecutor$DelayedWorkQueue.take(ScheduledThreadPoolExecutor.java:809)
        at java.util.concurrent.ThreadPoolExecutor.getTask(ThreadPoolExecutor.java:1074)
        at java.util.concurrent.ThreadPoolExecutor.runWorker(ThreadPoolExecutor.java:1134)
        at java.util.concurrent.ThreadPoolExecutor$Worker.run(ThreadPoolExecutor.java:624)
        at java.lang.Thread.run(Thread.java:750)
"Finalizer" daemon prio=8 tid=3 in Object.wait()
java.lang.Thread.State: WAITING (on object monitor)
        at java.lang.Object.wait(Native Method)
        at java.lang.ref.ReferenceQueue.remove(ReferenceQueue.java:144)
        at java.lang.ref.ReferenceQueue.remove(ReferenceQueue.java:165)
        at java.lang.ref.Finalizer$FinalizerThread.run(Finalizer.java:188)
"StaleRecoveringContainerScrubbingService#7" daemon prio=5 tid=1352 in Object.wait()
java.lang.Thread.State: WAITING (on object monitor)
        at sun.misc.Unsafe.park(Native Method)
        at java.util.concurrent.locks.LockSupport.park(LockSupport.java:175)
        at java.util.concurrent.locks.AbstractQueuedSynchronizer$ConditionObject.await(AbstractQueuedSynchronizer.java:2039)
        at java.util.concurrent.ScheduledThreadPoolExecutor$DelayedWorkQueue.take(ScheduledThreadPoolExecutor.java:1088)
        at java.util.concurrent.ScheduledThreadPoolExecutor$DelayedWorkQueue.take(ScheduledThreadPoolExecutor.java:809)
        at java.util.concurrent.ThreadPoolExecutor.getTask(ThreadPoolExecutor.java:1074)
        at java.util.concurrent.ThreadPoolExecutor.runWorker(ThreadPoolExecutor.java:1134)
        at java.util.concurrent.ThreadPoolExecutor$Worker.run(ThreadPoolExecutor.java:624)
        at java.lang.Thread.run(Thread.java:750)
"grpc-default-executor-5" daemon prio=5 tid=847 timed_waiting
java.lang.Thread.State: TIMED_WAITING
        at sun.misc.Unsafe.park(Native Method)
        at java.util.concurrent.locks.LockSupport.parkNanos(LockSupport.java:215)
        at java.util.concurrent.SynchronousQueue$TransferStack.awaitFulfill(SynchronousQueue.java:460)
        at java.util.concurrent.SynchronousQueue$TransferStack.transfer(SynchronousQueue.java:362)
        at java.util.concurrent.SynchronousQueue.poll(SynchronousQueue.java:941)
        at java.util.concurrent.ThreadPoolExecutor.getTask(ThreadPoolExecutor.java:1073)
        at java.util.concurrent.ThreadPoolExecutor.runWorker(ThreadPoolExecutor.java:1134)
        at java.util.concurrent.ThreadPoolExecutor$Worker.run(ThreadPoolExecutor.java:624)
        at java.lang.Thread.run(Thread.java:750)
"timer3" daemon prio=5 tid=850 timed_waiting
java.lang.Thread.State: TIMED_WAITING
        at java.lang.Object.wait(Native Method)
        at java.util.TimerThread.mainLoop(Timer.java:552)
        at java.util.TimerThread.run(Timer.java:505)
"36cbda38-693f-49bb-be1a-3256c6faae50-NettyServerStreamRpc-bossGroup--thread1"  prio=5 tid=389 runnable
java.lang.Thread.State: RUNNABLE
        at sun.nio.ch.EPollArrayWrapper.epollWait(Native Method)
        at sun.nio.ch.EPollArrayWrapper.poll(EPollArrayWrapper.java:269)
        at sun.nio.ch.EPollSelectorImpl.doSelect(EPollSelectorImpl.java:93)
        at sun.nio.ch.SelectorImpl.lockAndDoSelect(SelectorImpl.java:86)
        at sun.nio.ch.SelectorImpl.select(SelectorImpl.java:97)
        at sun.nio.ch.SelectorImpl.select(SelectorImpl.java:101)
        at org.apache.ratis.thirdparty.io.netty.channel.nio.SelectedSelectionKeySetSelector.select(SelectedSelectionKeySetSelector.java:68)
        at org.apache.ratis.thirdparty.io.netty.channel.nio.NioEventLoop.select(NioEventLoop.java:879)
        at org.apache.ratis.thirdparty.io.netty.channel.nio.NioEventLoop.run(NioEventLoop.java:526)
        at org.apache.ratis.thirdparty.io.netty.util.concurrent.SingleThreadEventExecutor$4.run(SingleThreadEventExecutor.java:997)
        at org.apache.ratis.thirdparty.io.netty.util.internal.ThreadExecutorMap$2.run(ThreadExecutorMap.java:74)
        at java.lang.Thread.run(Thread.java:750)
"IPC Server idle connection scanner for port 15073" daemon prio=5 tid=463 timed_waiting
java.lang.Thread.State: TIMED_WAITING
        at java.lang.Object.wait(Native Method)
        at java.util.TimerThread.mainLoop(Timer.java:552)
        at java.util.TimerThread.run(Timer.java:505)
"36cbda38-693f-49bb-be1a-3256c6faae50@group-01A26A1161CC-SegmentedRaftLogWorker"  prio=5 tid=767 timed_waiting
java.lang.Thread.State: TIMED_WAITING
        at sun.misc.Unsafe.park(Native Method)
        at java.util.concurrent.locks.LockSupport.parkNanos(LockSupport.java:215)
        at java.util.concurrent.locks.AbstractQueuedSynchronizer$ConditionObject.awaitNanos(AbstractQueuedSynchronizer.java:2078)
        at org.apache.ratis.util.DataBlockingQueue.poll(DataBlockingQueue.java:148)
        at org.apache.ratis.server.raftlog.segmented.SegmentedRaftLogWorker.run(SegmentedRaftLogWorker.java:307)
        at org.apache.ratis.server.raftlog.segmented.SegmentedRaftLogWorker$$Lambda$764/731878032.run(Unknown Source)
        at java.util.concurrent.Executors$RunnableAdapter.call(Executors.java:511)
        at java.util.concurrent.FutureTask.run(FutureTask.java:266)
        at java.util.concurrent.ThreadPoolExecutor.runWorker(ThreadPoolExecutor.java:1149)
        at java.util.concurrent.ThreadPoolExecutor$Worker.run(ThreadPoolExecutor.java:624)
        at java.lang.Thread.run(Thread.java:750)
"FixedThreadPoolWithAffinityExecutor-9-0" daemon prio=5 tid=47 timed_waiting
java.lang.Thread.State: TIMED_WAITING
        at sun.misc.Unsafe.park(Native Method)
        at java.util.concurrent.locks.LockSupport.parkNanos(LockSupport.java:215)
        at java.util.concurrent.locks.AbstractQueuedSynchronizer$ConditionObject.awaitNanos(AbstractQueuedSynchronizer.java:2078)
        at java.util.concurrent.LinkedBlockingQueue.poll(LinkedBlockingQueue.java:467)
        at org.apache.hadoop.hdds.scm.server.ContainerReportQueue.poll(ContainerReportQueue.java:266)
        at org.apache.hadoop.hdds.scm.server.ContainerReportQueue.poll(ContainerReportQueue.java:42)
        at org.apache.hadoop.hdds.server.events.FixedThreadPoolWithAffinityExecutor$ContainerReportProcessTask.run(FixedThreadPoolWithAffinityExecutor.java:247)
        at java.util.concurrent.Executors$RunnableAdapter.call(Executors.java:511)
        at java.util.concurrent.FutureTask.run(FutureTask.java:266)
        at java.util.concurrent.ThreadPoolExecutor.runWorker(ThreadPoolExecutor.java:1149)
        at java.util.concurrent.ThreadPoolExecutor$Worker.run(ThreadPoolExecutor.java:624)
        at java.lang.Thread.run(Thread.java:750)
"IPC Server Responder" daemon prio=5 tid=306 runnable
java.lang.Thread.State: RUNNABLE
        at sun.nio.ch.EPollArrayWrapper.epollWait(Native Method)
        at sun.nio.ch.EPollArrayWrapper.poll(EPollArrayWrapper.java:269)
        at sun.nio.ch.EPollSelectorImpl.doSelect(EPollSelectorImpl.java:93)
        at sun.nio.ch.SelectorImpl.lockAndDoSelect(SelectorImpl.java:86)
        at sun.nio.ch.SelectorImpl.select(SelectorImpl.java:97)
        at org.apache.hadoop.ipc.Server$Responder.doRunLoop(Server.java:1578)
        at org.apache.hadoop.ipc.Server$Responder.run(Server.java:1561)
"qtp1359989430-1119" daemon prio=5 tid=1119 timed_waiting
java.lang.Thread.State: TIMED_WAITING
        at sun.misc.Unsafe.park(Native Method)
        at java.util.concurrent.locks.LockSupport.parkNanos(LockSupport.java:215)
        at java.util.concurrent.locks.AbstractQueuedSynchronizer$ConditionObject.awaitNanos(AbstractQueuedSynchronizer.java:2078)
        at org.eclipse.jetty.util.BlockingArrayQueue.poll(BlockingArrayQueue.java:382)
        at org.eclipse.jetty.util.thread.QueuedThreadPool$Runner.idleJobPoll(QueuedThreadPool.java:974)
        at org.eclipse.jetty.util.thread.QueuedThreadPool$Runner.run(QueuedThreadPool.java:1018)
        at java.lang.Thread.run(Thread.java:750)
"ChunkReader-ELG-0" daemon prio=5 tid=640 runnable
java.lang.Thread.State: RUNNABLE
        at org.apache.ratis.thirdparty.io.netty.channel.epoll.Native.epollWait(Native Method)
        at org.apache.ratis.thirdparty.io.netty.channel.epoll.Native.epollWait(Native.java:209)
        at org.apache.ratis.thirdparty.io.netty.channel.epoll.Native.epollWait(Native.java:202)
        at org.apache.ratis.thirdparty.io.netty.channel.epoll.EpollEventLoop.epollWaitNoTimerChange(EpollEventLoop.java:306)
        at org.apache.ratis.thirdparty.io.netty.channel.epoll.EpollEventLoop.run(EpollEventLoop.java:363)
        at org.apache.ratis.thirdparty.io.netty.util.concurrent.SingleThreadEventExecutor$4.run(SingleThreadEventExecutor.java:997)
        at org.apache.ratis.thirdparty.io.netty.util.internal.ThreadExecutorMap$2.run(ThreadExecutorMap.java:74)
        at java.lang.Thread.run(Thread.java:750)
"ChunkWriter-0-0" daemon prio=5 tid=635 in Object.wait()
java.lang.Thread.State: WAITING (on object monitor)
        at sun.misc.Unsafe.park(Native Method)
        at java.util.concurrent.locks.LockSupport.park(LockSupport.java:175)
        at java.util.concurrent.locks.AbstractQueuedSynchronizer$ConditionObject.await(AbstractQueuedSynchronizer.java:2039)
        at java.util.concurrent.LinkedBlockingDeque.takeFirst(LinkedBlockingDeque.java:492)
        at java.util.concurrent.LinkedBlockingDeque.take(LinkedBlockingDeque.java:680)
        at java.util.concurrent.ThreadPoolExecutor.getTask(ThreadPoolExecutor.java:1074)
        at java.util.concurrent.ThreadPoolExecutor.runWorker(ThreadPoolExecutor.java:1134)
        at java.util.concurrent.ThreadPoolExecutor$Worker.run(ThreadPoolExecutor.java:624)
        at java.lang.Thread.run(Thread.java:750)
"StaleRecoveringContainerScrubbingService#5" daemon prio=5 tid=1218 in Object.wait()
java.lang.Thread.State: WAITING (on object monitor)
        at sun.misc.Unsafe.park(Native Method)
        at java.util.concurrent.locks.LockSupport.park(LockSupport.java:175)
        at java.util.concurrent.locks.AbstractQueuedSynchronizer$ConditionObject.await(AbstractQueuedSynchronizer.java:2039)
        at java.util.concurrent.ScheduledThreadPoolExecutor$DelayedWorkQueue.take(ScheduledThreadPoolExecutor.java:1088)
        at java.util.concurrent.ScheduledThreadPoolExecutor$DelayedWorkQueue.take(ScheduledThreadPoolExecutor.java:809)
        at java.util.concurrent.ThreadPoolExecutor.getTask(ThreadPoolExecutor.java:1074)
        at java.util.concurrent.ThreadPoolExecutor.runWorker(ThreadPoolExecutor.java:1134)
        at java.util.concurrent.ThreadPoolExecutor$Worker.run(ThreadPoolExecutor.java:624)
        at java.lang.Thread.run(Thread.java:750)
"StaleRecoveringContainerScrubbingService#8" daemon prio=5 tid=1394 in Object.wait()
java.lang.Thread.State: WAITING (on object monitor)
        at sun.misc.Unsafe.park(Native Method)
        at java.util.concurrent.locks.LockSupport.park(LockSupport.java:175)
        at java.util.concurrent.locks.AbstractQueuedSynchronizer$ConditionObject.await(AbstractQueuedSynchronizer.java:2039)
        at java.util.concurrent.ScheduledThreadPoolExecutor$DelayedWorkQueue.take(ScheduledThreadPoolExecutor.java:1088)
        at java.util.concurrent.ScheduledThreadPoolExecutor$DelayedWorkQueue.take(ScheduledThreadPoolExecutor.java:809)
        at java.util.concurrent.ThreadPoolExecutor.getTask(ThreadPoolExecutor.java:1074)
        at java.util.concurrent.ThreadPoolExecutor.runWorker(ThreadPoolExecutor.java:1134)
        at java.util.concurrent.ThreadPoolExecutor$Worker.run(ThreadPoolExecutor.java:624)
        at java.lang.Thread.run(Thread.java:750)
"IPC Server handler 8 on default port 15001" daemon prio=5 tid=77 timed_waiting
java.lang.Thread.State: TIMED_WAITING
        at sun.misc.Unsafe.park(Native Method)
        at java.util.concurrent.locks.LockSupport.parkNanos(LockSupport.java:215)
        at java.util.concurrent.locks.AbstractQueuedSynchronizer$ConditionObject.awaitNanos(AbstractQueuedSynchronizer.java:2078)
        at java.util.concurrent.LinkedBlockingQueue.poll(LinkedBlockingQueue.java:467)
        at org.apache.hadoop.ipc.CallQueueManager.take(CallQueueManager.java:317)
        at org.apache.hadoop.ipc.Server$Handler.run(Server.java:2992)
"StaleRecoveringContainerScrubbingService#0" daemon prio=5 tid=642 in Object.wait()
java.lang.Thread.State: WAITING (on object monitor)
        at sun.misc.Unsafe.park(Native Method)
        at java.util.concurrent.locks.LockSupport.park(LockSupport.java:175)
        at java.util.concurrent.locks.AbstractQueuedSynchronizer$ConditionObject.await(AbstractQueuedSynchronizer.java:2039)
        at java.util.concurrent.ScheduledThreadPoolExecutor$DelayedWorkQueue.take(ScheduledThreadPoolExecutor.java:1088)
        at java.util.concurrent.ScheduledThreadPoolExecutor$DelayedWorkQueue.take(ScheduledThreadPoolExecutor.java:809)
        at java.util.concurrent.ThreadPoolExecutor.getTask(ThreadPoolExecutor.java:1074)
        at java.util.concurrent.ThreadPoolExecutor.runWorker(ThreadPoolExecutor.java:1134)
        at java.util.concurrent.ThreadPoolExecutor$Worker.run(ThreadPoolExecutor.java:624)
        at java.lang.Thread.run(Thread.java:750)
"JvmPauseMonitor11" daemon prio=5 tid=1162 timed_waiting
java.lang.Thread.State: TIMED_WAITING
        at java.lang.Thread.sleep(Native Method)
        at java.lang.Thread.sleep(Thread.java:342)
        at java.util.concurrent.TimeUnit.sleep(TimeUnit.java:386)
        at org.apache.ratis.util.TimeDuration.sleep(TimeDuration.java:325)
        at org.apache.ratis.util.TimeDuration.sleep(TimeDuration.java:310)
        at org.apache.ratis.util.JvmPauseMonitor.detectPause(JvmPauseMonitor.java:117)
        at org.apache.ratis.util.JvmPauseMonitor.run(JvmPauseMonitor.java:106)
        at org.apache.ratis.util.JvmPauseMonitor$$Lambda$790/700239275.run(Unknown Source)
        at java.lang.Thread.run(Thread.java:750)
"fac1c7af-03c1-44bd-b323-3796df9c2435@group-CD60DE991625-FollowerState" daemon prio=5 tid=1231 timed_waiting
java.lang.Thread.State: TIMED_WAITING
        at java.lang.Thread.sleep(Native Method)
        at java.lang.Thread.sleep(Thread.java:342)
        at java.util.concurrent.TimeUnit.sleep(TimeUnit.java:386)
        at org.apache.ratis.util.TimeDuration.sleep(TimeDuration.java:325)
        at org.apache.ratis.util.TimeDuration.sleep(TimeDuration.java:310)
        at org.apache.ratis.server.impl.FollowerState.run(FollowerState.java:128)
"IPC Server handler 10 on default port 15002" daemon prio=5 tid=99 timed_waiting
java.lang.Thread.State: TIMED_WAITING
        at sun.misc.Unsafe.park(Native Method)
        at java.util.concurrent.locks.LockSupport.parkNanos(LockSupport.java:215)
        at java.util.concurrent.locks.AbstractQueuedSynchronizer$ConditionObject.awaitNanos(AbstractQueuedSynchronizer.java:2078)
        at java.util.concurrent.LinkedBlockingQueue.poll(LinkedBlockingQueue.java:467)
        at org.apache.hadoop.ipc.CallQueueManager.take(CallQueueManager.java:317)
        at org.apache.hadoop.ipc.Server$Handler.run(Server.java:2992)
"Attach Listener" daemon prio=9 tid=1284 runnable
java.lang.Thread.State: RUNNABLE
"pool-231-thread-1"  prio=5 tid=392 timed_waiting
java.lang.Thread.State: TIMED_WAITING
        at sun.misc.Unsafe.park(Native Method)
        at java.util.concurrent.locks.LockSupport.parkNanos(LockSupport.java:215)
        at java.util.concurrent.locks.AbstractQueuedSynchronizer$ConditionObject.awaitNanos(AbstractQueuedSynchronizer.java:2078)
        at java.util.concurrent.ScheduledThreadPoolExecutor$DelayedWorkQueue.take(ScheduledThreadPoolExecutor.java:1093)
        at java.util.concurrent.ScheduledThreadPoolExecutor$DelayedWorkQueue.take(ScheduledThreadPoolExecutor.java:809)
        at java.util.concurrent.ThreadPoolExecutor.getTask(ThreadPoolExecutor.java:1074)
        at java.util.concurrent.ThreadPoolExecutor.runWorker(ThreadPoolExecutor.java:1134)
        at java.util.concurrent.ThreadPoolExecutor$Worker.run(ThreadPoolExecutor.java:624)
        at java.lang.Thread.run(Thread.java:750)
"StaleRecoveringContainerScrubbingService#0" daemon prio=5 tid=458 in Object.wait()
java.lang.Thread.State: WAITING (on object monitor)
        at sun.misc.Unsafe.park(Native Method)
        at java.util.concurrent.locks.LockSupport.park(LockSupport.java:175)
        at java.util.concurrent.locks.AbstractQueuedSynchronizer$ConditionObject.await(AbstractQueuedSynchronizer.java:2039)
        at java.util.concurrent.ScheduledThreadPoolExecutor$DelayedWorkQueue.take(ScheduledThreadPoolExecutor.java:1088)
        at java.util.concurrent.ScheduledThreadPoolExecutor$DelayedWorkQueue.take(ScheduledThreadPoolExecutor.java:809)
        at java.util.concurrent.ThreadPoolExecutor.getTask(ThreadPoolExecutor.java:1074)
        at java.util.concurrent.ThreadPoolExecutor.runWorker(ThreadPoolExecutor.java:1134)
        at java.util.concurrent.ThreadPoolExecutor$Worker.run(ThreadPoolExecutor.java:624)
        at java.lang.Thread.run(Thread.java:750)
"IPC Server handler 3 on default port 15002" daemon prio=5 tid=92 timed_waiting
java.lang.Thread.State: TIMED_WAITING
        at sun.misc.Unsafe.park(Native Method)
        at java.util.concurrent.locks.LockSupport.parkNanos(LockSupport.java:215)
        at java.util.concurrent.locks.AbstractQueuedSynchronizer$ConditionObject.awaitNanos(AbstractQueuedSynchronizer.java:2078)
        at java.util.concurrent.LinkedBlockingQueue.poll(LinkedBlockingQueue.java:467)
        at org.apache.hadoop.ipc.CallQueueManager.take(CallQueueManager.java:317)
        at org.apache.hadoop.ipc.Server$Handler.run(Server.java:2992)
"StaleRecoveringContainerScrubbingService#0" daemon prio=5 tid=503 in Object.wait()
java.lang.Thread.State: WAITING (on object monitor)
        at sun.misc.Unsafe.park(Native Method)
        at java.util.concurrent.locks.LockSupport.park(LockSupport.java:175)
        at java.util.concurrent.locks.AbstractQueuedSynchronizer$ConditionObject.await(AbstractQueuedSynchronizer.java:2039)
        at java.util.concurrent.ScheduledThreadPoolExecutor$DelayedWorkQueue.take(ScheduledThreadPoolExecutor.java:1088)
        at java.util.concurrent.ScheduledThreadPoolExecutor$DelayedWorkQueue.take(ScheduledThreadPoolExecutor.java:809)
        at java.util.concurrent.ThreadPoolExecutor.getTask(ThreadPoolExecutor.java:1074)
        at java.util.concurrent.ThreadPoolExecutor.runWorker(ThreadPoolExecutor.java:1134)
        at java.util.concurrent.ThreadPoolExecutor$Worker.run(ThreadPoolExecutor.java:624)
        at java.lang.Thread.run(Thread.java:750)
"d78dd883-3e4c-45aa-98b2-e8ffdf2e22af-NettyServerStreamRpc-bossGroup--thread1"  prio=5 tid=257 runnable
java.lang.Thread.State: RUNNABLE
        at sun.nio.ch.EPollArrayWrapper.epollWait(Native Method)
        at sun.nio.ch.EPollArrayWrapper.poll(EPollArrayWrapper.java:269)
        at sun.nio.ch.EPollSelectorImpl.doSelect(EPollSelectorImpl.java:93)
        at sun.nio.ch.SelectorImpl.lockAndDoSelect(SelectorImpl.java:86)
        at sun.nio.ch.SelectorImpl.select(SelectorImpl.java:97)
        at sun.nio.ch.SelectorImpl.select(SelectorImpl.java:101)
        at org.apache.ratis.thirdparty.io.netty.channel.nio.SelectedSelectionKeySetSelector.select(SelectedSelectionKeySetSelector.java:68)
        at org.apache.ratis.thirdparty.io.netty.channel.nio.NioEventLoop.select(NioEventLoop.java:879)
        at org.apache.ratis.thirdparty.io.netty.channel.nio.NioEventLoop.run(NioEventLoop.java:526)
        at org.apache.ratis.thirdparty.io.netty.util.concurrent.SingleThreadEventExecutor$4.run(SingleThreadEventExecutor.java:997)
        at org.apache.ratis.thirdparty.io.netty.util.internal.ThreadExecutorMap$2.run(ThreadExecutorMap.java:74)
        at java.lang.Thread.run(Thread.java:750)
"SCM Heartbeat Processing Thread - 0" daemon prio=5 tid=14 timed_waiting
java.lang.Thread.State: TIMED_WAITING
        at sun.misc.Unsafe.park(Native Method)
        at java.util.concurrent.locks.LockSupport.parkNanos(LockSupport.java:215)
        at java.util.concurrent.locks.AbstractQueuedSynchronizer$ConditionObject.awaitNanos(AbstractQueuedSynchronizer.java:2078)
        at java.util.concurrent.ScheduledThreadPoolExecutor$DelayedWorkQueue.take(ScheduledThreadPoolExecutor.java:1093)
        at java.util.concurrent.ScheduledThreadPoolExecutor$DelayedWorkQueue.take(ScheduledThreadPoolExecutor.java:809)
        at java.util.concurrent.ThreadPoolExecutor.getTask(ThreadPoolExecutor.java:1074)
        at java.util.concurrent.ThreadPoolExecutor.runWorker(ThreadPoolExecutor.java:1134)
        at java.util.concurrent.ThreadPoolExecutor$Worker.run(ThreadPoolExecutor.java:624)
        at java.lang.Thread.run(Thread.java:750)
"StaleRecoveringContainerScrubbingService#5" daemon prio=5 tid=1381 in Object.wait()
java.lang.Thread.State: WAITING (on object monitor)
        at sun.misc.Unsafe.park(Native Method)
        at java.util.concurrent.locks.LockSupport.park(LockSupport.java:175)
        at java.util.concurrent.locks.AbstractQueuedSynchronizer$ConditionObject.await(AbstractQueuedSynchronizer.java:2039)
        at java.util.concurrent.ScheduledThreadPoolExecutor$DelayedWorkQueue.take(ScheduledThreadPoolExecutor.java:1088)
        at java.util.concurrent.ScheduledThreadPoolExecutor$DelayedWorkQueue.take(ScheduledThreadPoolExecutor.java:809)
        at java.util.concurrent.ThreadPoolExecutor.getTask(ThreadPoolExecutor.java:1074)
        at java.util.concurrent.ThreadPoolExecutor.runWorker(ThreadPoolExecutor.java:1134)
        at java.util.concurrent.ThreadPoolExecutor$Worker.run(ThreadPoolExecutor.java:624)
        at java.lang.Thread.run(Thread.java:750)
"d78dd883-3e4c-45aa-98b2-e8ffdf2e22af@group-CD60DE991625-FollowerState" daemon prio=5 tid=1232 timed_waiting
java.lang.Thread.State: TIMED_WAITING
        at java.lang.Thread.sleep(Native Method)
        at java.lang.Thread.sleep(Thread.java:342)
        at java.util.concurrent.TimeUnit.sleep(TimeUnit.java:386)
        at org.apache.ratis.util.TimeDuration.sleep(TimeDuration.java:325)
        at org.apache.ratis.util.TimeDuration.sleep(TimeDuration.java:310)
        at org.apache.ratis.server.impl.FollowerState.run(FollowerState.java:128)
"b39db728-622c-42ae-954c-bd0dbc524ba7@group-C6431D6FC4A4-StateMachineUpdater" daemon prio=5 tid=794 timed_waiting
java.lang.Thread.State: TIMED_WAITING
        at sun.misc.Unsafe.park(Native Method)
        at java.util.concurrent.locks.LockSupport.parkNanos(LockSupport.java:215)
        at java.util.concurrent.locks.AbstractQueuedSynchronizer$ConditionObject.await(AbstractQueuedSynchronizer.java:2163)
        at org.apache.ratis.util.AwaitForSignal.await(AwaitForSignal.java:62)
        at org.apache.ratis.server.impl.StateMachineUpdater.waitForCommit(StateMachineUpdater.java:209)
        at org.apache.ratis.server.impl.StateMachineUpdater.run(StateMachineUpdater.java:178)
        at java.lang.Thread.run(Thread.java:750)
"pool-36-thread-1"  prio=5 tid=127 timed_waiting
java.lang.Thread.State: TIMED_WAITING
        at sun.misc.Unsafe.park(Native Method)
        at java.util.concurrent.locks.LockSupport.parkNanos(LockSupport.java:215)
        at java.util.concurrent.locks.AbstractQueuedSynchronizer$ConditionObject.awaitNanos(AbstractQueuedSynchronizer.java:2078)
        at java.util.concurrent.ScheduledThreadPoolExecutor$DelayedWorkQueue.take(ScheduledThreadPoolExecutor.java:1093)
        at java.util.concurrent.ScheduledThreadPoolExecutor$DelayedWorkQueue.take(ScheduledThreadPoolExecutor.java:809)
        at java.util.concurrent.ThreadPoolExecutor.getTask(ThreadPoolExecutor.java:1074)
        at java.util.concurrent.ThreadPoolExecutor.runWorker(ThreadPoolExecutor.java:1134)
        at java.util.concurrent.ThreadPoolExecutor$Worker.run(ThreadPoolExecutor.java:624)
        at java.lang.Thread.run(Thread.java:750)
"pool-287-thread-1"  prio=5 tid=484 timed_waiting
java.lang.Thread.State: TIMED_WAITING
        at sun.misc.Unsafe.park(Native Method)
        at java.util.concurrent.locks.LockSupport.parkNanos(LockSupport.java:215)
        at java.util.concurrent.locks.AbstractQueuedSynchronizer$ConditionObject.awaitNanos(AbstractQueuedSynchronizer.java:2078)
        at java.util.concurrent.ScheduledThreadPoolExecutor$DelayedWorkQueue.take(ScheduledThreadPoolExecutor.java:1093)
        at java.util.concurrent.ScheduledThreadPoolExecutor$DelayedWorkQueue.take(ScheduledThreadPoolExecutor.java:809)
        at java.util.concurrent.ThreadPoolExecutor.getTask(ThreadPoolExecutor.java:1074)
        at java.util.concurrent.ThreadPoolExecutor.runWorker(ThreadPoolExecutor.java:1134)
        at java.util.concurrent.ThreadPoolExecutor$Worker.run(ThreadPoolExecutor.java:624)
        at java.lang.Thread.run(Thread.java:750)
"DeleteContainerThread-0"  prio=5 tid=1262 in Object.wait()
java.lang.Thread.State: WAITING (on object monitor)
        at sun.misc.Unsafe.park(Native Method)
        at java.util.concurrent.locks.LockSupport.park(LockSupport.java:175)
        at java.util.concurrent.locks.AbstractQueuedSynchronizer$ConditionObject.await(AbstractQueuedSynchronizer.java:2039)
        at java.util.concurrent.LinkedBlockingQueue.take(LinkedBlockingQueue.java:442)
        at java.util.concurrent.ThreadPoolExecutor.getTask(ThreadPoolExecutor.java:1074)
        at java.util.concurrent.ThreadPoolExecutor.runWorker(ThreadPoolExecutor.java:1134)
        at java.util.concurrent.ThreadPoolExecutor$Worker.run(ThreadPoolExecutor.java:624)
        at java.lang.Thread.run(Thread.java:750)
"Hadoop-Metrics-Updater-0" daemon prio=5 tid=510 timed_waiting
java.lang.Thread.State: TIMED_WAITING
        at sun.misc.Unsafe.park(Native Method)
        at java.util.concurrent.locks.LockSupport.parkNanos(LockSupport.java:215)
        at java.util.concurrent.locks.AbstractQueuedSynchronizer$ConditionObject.awaitNanos(AbstractQueuedSynchronizer.java:2078)
        at java.util.concurrent.ScheduledThreadPoolExecutor$DelayedWorkQueue.take(ScheduledThreadPoolExecutor.java:1093)
        at java.util.concurrent.ScheduledThreadPoolExecutor$DelayedWorkQueue.take(ScheduledThreadPoolExecutor.java:809)
        at java.util.concurrent.ThreadPoolExecutor.getTask(ThreadPoolExecutor.java:1074)
        at java.util.concurrent.ThreadPoolExecutor.runWorker(ThreadPoolExecutor.java:1134)
        at java.util.concurrent.ThreadPoolExecutor$Worker.run(ThreadPoolExecutor.java:624)
        at java.lang.Thread.run(Thread.java:750)
"b39db728-622c-42ae-954c-bd0dbc524ba7@group-C6431D6FC4A4-LeaderStateImpl" daemon prio=5 tid=968 timed_waiting
java.lang.Thread.State: TIMED_WAITING
        at sun.misc.Unsafe.park(Native Method)
        at java.util.concurrent.locks.LockSupport.parkNanos(LockSupport.java:215)
        at java.util.concurrent.locks.AbstractQueuedSynchronizer$ConditionObject.awaitNanos(AbstractQueuedSynchronizer.java:2078)
        at java.util.concurrent.ArrayBlockingQueue.poll(ArrayBlockingQueue.java:418)
        at org.apache.ratis.server.impl.LeaderStateImpl$EventQueue.poll(LeaderStateImpl.java:164)
        at org.apache.ratis.server.impl.LeaderStateImpl$EventProcessor.run(LeaderStateImpl.java:702)
"ChunkWriter-1-0" daemon prio=5 tid=542 in Object.wait()
java.lang.Thread.State: WAITING (on object monitor)
        at sun.misc.Unsafe.park(Native Method)
        at java.util.concurrent.locks.LockSupport.park(LockSupport.java:175)
        at java.util.concurrent.locks.AbstractQueuedSynchronizer$ConditionObject.await(AbstractQueuedSynchronizer.java:2039)
        at java.util.concurrent.LinkedBlockingDeque.takeFirst(LinkedBlockingDeque.java:492)
        at java.util.concurrent.LinkedBlockingDeque.take(LinkedBlockingDeque.java:680)
        at java.util.concurrent.ThreadPoolExecutor.getTask(ThreadPoolExecutor.java:1074)
        at java.util.concurrent.ThreadPoolExecutor.runWorker(ThreadPoolExecutor.java:1134)
        at java.util.concurrent.ThreadPoolExecutor$Worker.run(ThreadPoolExecutor.java:624)
        at java.lang.Thread.run(Thread.java:750)
"SstFilteringService#0" daemon prio=5 tid=150 timed_waiting
java.lang.Thread.State: TIMED_WAITING
        at sun.misc.Unsafe.park(Native Method)
        at java.util.concurrent.locks.LockSupport.parkNanos(LockSupport.java:215)
        at java.util.concurrent.locks.AbstractQueuedSynchronizer$ConditionObject.awaitNanos(AbstractQueuedSynchronizer.java:2078)
        at java.util.concurrent.ScheduledThreadPoolExecutor$DelayedWorkQueue.take(ScheduledThreadPoolExecutor.java:1093)
        at java.util.concurrent.ScheduledThreadPoolExecutor$DelayedWorkQueue.take(ScheduledThreadPoolExecutor.java:809)
        at java.util.concurrent.ThreadPoolExecutor.getTask(ThreadPoolExecutor.java:1074)
        at java.util.concurrent.ThreadPoolExecutor.runWorker(ThreadPoolExecutor.java:1134)
        at java.util.concurrent.ThreadPoolExecutor$Worker.run(ThreadPoolExecutor.java:624)
        at java.lang.Thread.run(Thread.java:750)
"BlockDeletingService#2" daemon prio=5 tid=1346 in Object.wait()
java.lang.Thread.State: WAITING (on object monitor)
        at sun.misc.Unsafe.park(Native Method)
        at java.util.concurrent.locks.LockSupport.park(LockSupport.java:175)
        at java.util.concurrent.locks.AbstractQueuedSynchronizer$ConditionObject.await(AbstractQueuedSynchronizer.java:2039)
        at java.util.concurrent.ScheduledThreadPoolExecutor$DelayedWorkQueue.take(ScheduledThreadPoolExecutor.java:1088)
        at java.util.concurrent.ScheduledThreadPoolExecutor$DelayedWorkQueue.take(ScheduledThreadPoolExecutor.java:809)
        at java.util.concurrent.ThreadPoolExecutor.getTask(ThreadPoolExecutor.java:1074)
        at java.util.concurrent.ThreadPoolExecutor.runWorker(ThreadPoolExecutor.java:1134)
        at java.util.concurrent.ThreadPoolExecutor$Worker.run(ThreadPoolExecutor.java:624)
        at java.lang.Thread.run(Thread.java:750)
"Datanode ReportManager Thread - 3" daemon prio=5 tid=1135 in Object.wait()
java.lang.Thread.State: WAITING (on object monitor)
        at sun.misc.Unsafe.park(Native Method)
        at java.util.concurrent.locks.LockSupport.park(LockSupport.java:175)
        at java.util.concurrent.locks.AbstractQueuedSynchronizer$ConditionObject.await(AbstractQueuedSynchronizer.java:2039)
        at java.util.concurrent.ScheduledThreadPoolExecutor$DelayedWorkQueue.take(ScheduledThreadPoolExecutor.java:1088)
        at java.util.concurrent.ScheduledThreadPoolExecutor$DelayedWorkQueue.take(ScheduledThreadPoolExecutor.java:809)
        at java.util.concurrent.ThreadPoolExecutor.getTask(ThreadPoolExecutor.java:1074)
        at java.util.concurrent.ThreadPoolExecutor.runWorker(ThreadPoolExecutor.java:1134)
        at java.util.concurrent.ThreadPoolExecutor$Worker.run(ThreadPoolExecutor.java:624)
        at java.lang.Thread.run(Thread.java:750)
"36cbda38-693f-49bb-be1a-3256c6faae50@group-01A26A1161CC-LeaderStateImpl" daemon prio=5 tid=943 timed_waiting
java.lang.Thread.State: TIMED_WAITING
        at sun.misc.Unsafe.park(Native Method)
        at java.util.concurrent.locks.LockSupport.parkNanos(LockSupport.java:215)
        at java.util.concurrent.locks.AbstractQueuedSynchronizer$ConditionObject.awaitNanos(AbstractQueuedSynchronizer.java:2078)
        at java.util.concurrent.ArrayBlockingQueue.poll(ArrayBlockingQueue.java:418)
        at org.apache.ratis.server.impl.LeaderStateImpl$EventQueue.poll(LeaderStateImpl.java:164)
        at org.apache.ratis.server.impl.LeaderStateImpl$EventProcessor.run(LeaderStateImpl.java:702)
"qtp1359989430-1117-acceptor-0@46cc4df6-ServerConnector@3ccf53f7{HTTP/1.1, (http/1.1)}{0.0.0.0:15009}" daemon prio=3 tid=1117 runnable
java.lang.Thread.State: RUNNABLE
        at sun.nio.ch.ServerSocketChannelImpl.accept0(Native Method)
        at sun.nio.ch.ServerSocketChannelImpl.accept(ServerSocketChannelImpl.java:421)
        at sun.nio.ch.ServerSocketChannelImpl.accept(ServerSocketChannelImpl.java:249)
        at org.eclipse.jetty.server.ServerConnector.accept(ServerConnector.java:388)
        at org.eclipse.jetty.server.AbstractConnector$Acceptor.run(AbstractConnector.java:704)
        at org.eclipse.jetty.util.thread.QueuedThreadPool.runJob(QueuedThreadPool.java:883)
        at org.eclipse.jetty.util.thread.QueuedThreadPool$Runner.run(QueuedThreadPool.java:1034)
        at java.lang.Thread.run(Thread.java:750)
"Over Replicated Processor" daemon prio=5 tid=1343 timed_waiting
java.lang.Thread.State: TIMED_WAITING
        at java.lang.Object.wait(Native Method)
        at org.apache.hadoop.hdds.scm.container.replication.UnhealthyReplicationProcessor.run(UnhealthyReplicationProcessor.java:161)
        at java.lang.Thread.run(Thread.java:750)
"qtp2045585008-491" daemon prio=5 tid=491 timed_waiting
java.lang.Thread.State: TIMED_WAITING
        at sun.misc.Unsafe.park(Native Method)
        at java.util.concurrent.locks.LockSupport.parkNanos(LockSupport.java:215)
        at java.util.concurrent.locks.AbstractQueuedSynchronizer$ConditionObject.awaitNanos(AbstractQueuedSynchronizer.java:2078)
        at org.eclipse.jetty.util.BlockingArrayQueue.poll(BlockingArrayQueue.java:382)
        at org.eclipse.jetty.util.thread.QueuedThreadPool$Runner.idleJobPoll(QueuedThreadPool.java:974)
        at org.eclipse.jetty.util.thread.QueuedThreadPool$Runner.run(QueuedThreadPool.java:1018)
        at java.lang.Thread.run(Thread.java:750)
"JvmPauseMonitor9" daemon prio=5 tid=627 timed_waiting
java.lang.Thread.State: TIMED_WAITING
        at java.lang.Thread.sleep(Native Method)
        at java.lang.Thread.sleep(Thread.java:342)
        at java.util.concurrent.TimeUnit.sleep(TimeUnit.java:386)
        at org.apache.ratis.util.TimeDuration.sleep(TimeDuration.java:325)
        at org.apache.ratis.util.TimeDuration.sleep(TimeDuration.java:310)
        at org.apache.ratis.util.JvmPauseMonitor.detectPause(JvmPauseMonitor.java:117)
        at org.apache.ratis.util.JvmPauseMonitor.run(JvmPauseMonitor.java:106)
        at org.apache.ratis.util.JvmPauseMonitor$$Lambda$790/700239275.run(Unknown Source)
        at java.lang.Thread.run(Thread.java:750)
"FixedThreadPoolWithAffinityExecutor-8-0" daemon prio=5 tid=46 timed_waiting
java.lang.Thread.State: TIMED_WAITING
        at sun.misc.Unsafe.park(Native Method)
        at java.util.concurrent.locks.LockSupport.parkNanos(LockSupport.java:215)
        at java.util.concurrent.locks.AbstractQueuedSynchronizer$ConditionObject.awaitNanos(AbstractQueuedSynchronizer.java:2078)
        at java.util.concurrent.LinkedBlockingQueue.poll(LinkedBlockingQueue.java:467)
        at org.apache.hadoop.hdds.scm.server.ContainerReportQueue.poll(ContainerReportQueue.java:266)
        at org.apache.hadoop.hdds.scm.server.ContainerReportQueue.poll(ContainerReportQueue.java:42)
        at org.apache.hadoop.hdds.server.events.FixedThreadPoolWithAffinityExecutor$ContainerReportProcessTask.run(FixedThreadPoolWithAffinityExecutor.java:247)
        at java.util.concurrent.Executors$RunnableAdapter.call(Executors.java:511)
        at java.util.concurrent.FutureTask.run(FutureTask.java:266)
        at java.util.concurrent.ThreadPoolExecutor.runWorker(ThreadPoolExecutor.java:1149)
        at java.util.concurrent.ThreadPoolExecutor$Worker.run(ThreadPoolExecutor.java:624)
        at java.lang.Thread.run(Thread.java:750)
"StaleRecoveringContainerScrubbingService#8" daemon prio=5 tid=1375 in Object.wait()
java.lang.Thread.State: WAITING (on object monitor)
        at sun.misc.Unsafe.park(Native Method)
        at java.util.concurrent.locks.LockSupport.park(LockSupport.java:175)
        at java.util.concurrent.locks.AbstractQueuedSynchronizer$ConditionObject.await(AbstractQueuedSynchronizer.java:2039)
        at java.util.concurrent.ScheduledThreadPoolExecutor$DelayedWorkQueue.take(ScheduledThreadPoolExecutor.java:1088)
        at java.util.concurrent.ScheduledThreadPoolExecutor$DelayedWorkQueue.take(ScheduledThreadPoolExecutor.java:809)
        at java.util.concurrent.ThreadPoolExecutor.getTask(ThreadPoolExecutor.java:1074)
        at java.util.concurrent.ThreadPoolExecutor.runWorker(ThreadPoolExecutor.java:1134)
        at java.util.concurrent.ThreadPoolExecutor$Worker.run(ThreadPoolExecutor.java:624)
        at java.lang.Thread.run(Thread.java:750)
"EndpointStateMachine task thread for /0.0.0.0:15002 - 0 "  prio=5 tid=450 in Object.wait()
java.lang.Thread.State: WAITING (on object monitor)
        at sun.misc.Unsafe.park(Native Method)
        at java.util.concurrent.locks.LockSupport.park(LockSupport.java:175)
        at java.util.concurrent.locks.AbstractQueuedSynchronizer$ConditionObject.await(AbstractQueuedSynchronizer.java:2039)
        at java.util.concurrent.LinkedBlockingQueue.take(LinkedBlockingQueue.java:442)
        at java.util.concurrent.ThreadPoolExecutor.getTask(ThreadPoolExecutor.java:1074)
        at java.util.concurrent.ThreadPoolExecutor.runWorker(ThreadPoolExecutor.java:1134)
        at java.util.concurrent.ThreadPoolExecutor$Worker.run(ThreadPoolExecutor.java:624)
        at java.lang.Thread.run(Thread.java:750)
"StaleRecoveringContainerScrubbingService#5" daemon prio=5 tid=1214 in Object.wait()
java.lang.Thread.State: WAITING (on object monitor)
        at sun.misc.Unsafe.park(Native Method)
        at java.util.concurrent.locks.LockSupport.park(LockSupport.java:175)
        at java.util.concurrent.locks.AbstractQueuedSynchronizer$ConditionObject.await(AbstractQueuedSynchronizer.java:2039)
        at java.util.concurrent.ScheduledThreadPoolExecutor$DelayedWorkQueue.take(ScheduledThreadPoolExecutor.java:1088)
        at java.util.concurrent.ScheduledThreadPoolExecutor$DelayedWorkQueue.take(ScheduledThreadPoolExecutor.java:809)
        at java.util.concurrent.ThreadPoolExecutor.getTask(ThreadPoolExecutor.java:1074)
        at java.util.concurrent.ThreadPoolExecutor.runWorker(ThreadPoolExecutor.java:1134)
        at java.util.concurrent.ThreadPoolExecutor$Worker.run(ThreadPoolExecutor.java:624)
        at java.lang.Thread.run(Thread.java:750)
"StaleRecoveringContainerScrubbingService#4" daemon prio=5 tid=1142 in Object.wait()
java.lang.Thread.State: WAITING (on object monitor)
        at sun.misc.Unsafe.park(Native Method)
        at java.util.concurrent.locks.LockSupport.park(LockSupport.java:175)
        at java.util.concurrent.locks.AbstractQueuedSynchronizer$ConditionObject.await(AbstractQueuedSynchronizer.java:2039)
        at java.util.concurrent.ScheduledThreadPoolExecutor$DelayedWorkQueue.take(ScheduledThreadPoolExecutor.java:1088)
        at java.util.concurrent.ScheduledThreadPoolExecutor$DelayedWorkQueue.take(ScheduledThreadPoolExecutor.java:809)
        at java.util.concurrent.ThreadPoolExecutor.getTask(ThreadPoolExecutor.java:1074)
        at java.util.concurrent.ThreadPoolExecutor.runWorker(ThreadPoolExecutor.java:1134)
        at java.util.concurrent.ThreadPoolExecutor$Worker.run(ThreadPoolExecutor.java:624)
        at java.lang.Thread.run(Thread.java:750)
"b39db728-622c-42ae-954c-bd0dbc524ba7@group-54B8E535DF2F-SegmentedRaftLogWorker" daemon prio=5 tid=782 timed_waiting
java.lang.Thread.State: TIMED_WAITING
        at sun.misc.Unsafe.park(Native Method)
        at java.util.concurrent.locks.LockSupport.parkNanos(LockSupport.java:215)
        at java.util.concurrent.locks.AbstractQueuedSynchronizer$ConditionObject.awaitNanos(AbstractQueuedSynchronizer.java:2078)
        at org.apache.ratis.util.DataBlockingQueue.poll(DataBlockingQueue.java:148)
        at org.apache.ratis.server.raftlog.segmented.SegmentedRaftLogWorker.run(SegmentedRaftLogWorker.java:307)
        at org.apache.ratis.server.raftlog.segmented.SegmentedRaftLogWorker$$Lambda$764/731878032.run(Unknown Source)
        at java.util.concurrent.Executors$RunnableAdapter.call(Executors.java:511)
        at java.util.concurrent.FutureTask.run(FutureTask.java:266)
        at java.util.concurrent.ThreadPoolExecutor.runWorker(ThreadPoolExecutor.java:1149)
        at java.util.concurrent.ThreadPoolExecutor$Worker.run(ThreadPoolExecutor.java:624)
        at java.lang.Thread.run(Thread.java:750)
"om1@group-C5BA1605619E-StateMachineUpdater" daemon prio=5 tid=143 timed_waiting
java.lang.Thread.State: TIMED_WAITING
        at sun.misc.Unsafe.park(Native Method)
        at java.util.concurrent.locks.LockSupport.parkNanos(LockSupport.java:215)
        at java.util.concurrent.locks.AbstractQueuedSynchronizer$ConditionObject.await(AbstractQueuedSynchronizer.java:2163)
        at org.apache.ratis.util.AwaitForSignal.await(AwaitForSignal.java:62)
        at org.apache.ratis.server.impl.StateMachineUpdater.waitForCommit(StateMachineUpdater.java:209)
        at org.apache.ratis.server.impl.StateMachineUpdater.run(StateMachineUpdater.java:178)
        at java.lang.Thread.run(Thread.java:750)
"org.apache.hadoop.util.JvmPauseMonitor$Monitor@5eabae86" daemon prio=5 tid=382 timed_waiting
java.lang.Thread.State: TIMED_WAITING
        at java.lang.Thread.sleep(Native Method)
        at org.apache.hadoop.util.JvmPauseMonitor$Monitor.run(JvmPauseMonitor.java:192)
        at java.lang.Thread.run(Thread.java:750)
"EventQueue-HealthyReadonlyNodeForHealthyReadOnlyNodeHandler" daemon prio=5 tid=1168 in Object.wait()
java.lang.Thread.State: WAITING (on object monitor)
        at sun.misc.Unsafe.park(Native Method)
        at java.util.concurrent.locks.LockSupport.park(LockSupport.java:175)
        at java.util.concurrent.locks.AbstractQueuedSynchronizer$ConditionObject.await(AbstractQueuedSynchronizer.java:2039)
        at java.util.concurrent.LinkedBlockingQueue.take(LinkedBlockingQueue.java:442)
        at java.util.concurrent.ThreadPoolExecutor.getTask(ThreadPoolExecutor.java:1074)
        at java.util.concurrent.ThreadPoolExecutor.runWorker(ThreadPoolExecutor.java:1134)
        at java.util.concurrent.ThreadPoolExecutor$Worker.run(ThreadPoolExecutor.java:624)
        at java.lang.Thread.run(Thread.java:750)
"PipelineCommandHandlerThread-0"  prio=5 tid=658 in Object.wait()
java.lang.Thread.State: WAITING (on object monitor)
        at sun.misc.Unsafe.park(Native Method)
        at java.util.concurrent.locks.LockSupport.park(LockSupport.java:175)
        at java.util.concurrent.locks.AbstractQueuedSynchronizer$ConditionObject.await(AbstractQueuedSynchronizer.java:2039)
        at java.util.concurrent.LinkedBlockingQueue.take(LinkedBlockingQueue.java:442)
        at java.util.concurrent.ThreadPoolExecutor.getTask(ThreadPoolExecutor.java:1074)
        at java.util.concurrent.ThreadPoolExecutor.runWorker(ThreadPoolExecutor.java:1134)
        at java.util.concurrent.ThreadPoolExecutor$Worker.run(ThreadPoolExecutor.java:624)
        at java.lang.Thread.run(Thread.java:750)
"FixedThreadPoolWithAffinityExecutor-1-0" daemon prio=5 tid=39 timed_waiting
java.lang.Thread.State: TIMED_WAITING
        at sun.misc.Unsafe.park(Native Method)
        at java.util.concurrent.locks.LockSupport.parkNanos(LockSupport.java:215)
        at java.util.concurrent.locks.AbstractQueuedSynchronizer$ConditionObject.awaitNanos(AbstractQueuedSynchronizer.java:2078)
        at java.util.concurrent.LinkedBlockingQueue.poll(LinkedBlockingQueue.java:467)
        at org.apache.hadoop.hdds.scm.server.ContainerReportQueue.poll(ContainerReportQueue.java:266)
        at org.apache.hadoop.hdds.scm.server.ContainerReportQueue.poll(ContainerReportQueue.java:42)
        at org.apache.hadoop.hdds.server.events.FixedThreadPoolWithAffinityExecutor$ContainerReportProcessTask.run(FixedThreadPoolWithAffinityExecutor.java:247)
        at java.util.concurrent.Executors$RunnableAdapter.call(Executors.java:511)
        at java.util.concurrent.FutureTask.run(FutureTask.java:266)
        at java.util.concurrent.ThreadPoolExecutor.runWorker(ThreadPoolExecutor.java:1149)
        at java.util.concurrent.ThreadPoolExecutor$Worker.run(ThreadPoolExecutor.java:624)
        at java.lang.Thread.run(Thread.java:750)
"Hadoop-Metrics-Updater-0" daemon prio=5 tid=307 timed_waiting
java.lang.Thread.State: TIMED_WAITING
        at sun.misc.Unsafe.park(Native Method)
        at java.util.concurrent.locks.LockSupport.parkNanos(LockSupport.java:215)
        at java.util.concurrent.locks.AbstractQueuedSynchronizer$ConditionObject.awaitNanos(AbstractQueuedSynchronizer.java:2078)
        at java.util.concurrent.ScheduledThreadPoolExecutor$DelayedWorkQueue.take(ScheduledThreadPoolExecutor.java:1093)
        at java.util.concurrent.ScheduledThreadPoolExecutor$DelayedWorkQueue.take(ScheduledThreadPoolExecutor.java:809)
        at java.util.concurrent.ThreadPoolExecutor.getTask(ThreadPoolExecutor.java:1074)
        at java.util.concurrent.ThreadPoolExecutor.runWorker(ThreadPoolExecutor.java:1134)
        at java.util.concurrent.ThreadPoolExecutor$Worker.run(ThreadPoolExecutor.java:624)
        at java.lang.Thread.run(Thread.java:750)
"qtp1739609831-362" daemon prio=5 tid=362 timed_waiting
java.lang.Thread.State: TIMED_WAITING
        at sun.misc.Unsafe.park(Native Method)
        at java.util.concurrent.locks.LockSupport.parkNanos(LockSupport.java:215)
        at java.util.concurrent.locks.AbstractQueuedSynchronizer$ConditionObject.awaitNanos(AbstractQueuedSynchronizer.java:2078)
        at org.eclipse.jetty.util.BlockingArrayQueue.poll(BlockingArrayQueue.java:382)
        at org.eclipse.jetty.util.thread.QueuedThreadPool$Runner.idleJobPoll(QueuedThreadPool.java:974)
        at org.eclipse.jetty.util.thread.QueuedThreadPool$Runner.run(QueuedThreadPool.java:1018)
        at java.lang.Thread.run(Thread.java:750)
"ChunkReader-ELG-0" daemon prio=5 tid=501 runnable
java.lang.Thread.State: RUNNABLE
        at org.apache.ratis.thirdparty.io.netty.channel.epoll.Native.epollWait0(Native Method)
        at org.apache.ratis.thirdparty.io.netty.channel.epoll.Native.epollWait(Native.java:182)
        at org.apache.ratis.thirdparty.io.netty.channel.epoll.EpollEventLoop.epollWait(EpollEventLoop.java:302)
        at org.apache.ratis.thirdparty.io.netty.channel.epoll.EpollEventLoop.run(EpollEventLoop.java:366)
        at org.apache.ratis.thirdparty.io.netty.util.concurrent.SingleThreadEventExecutor$4.run(SingleThreadEventExecutor.java:997)
        at org.apache.ratis.thirdparty.io.netty.util.internal.ThreadExecutorMap$2.run(ThreadExecutorMap.java:74)
        at java.lang.Thread.run(Thread.java:750)
"Session-HouseKeeper-34abed7e-1"  prio=5 tid=401 timed_waiting
java.lang.Thread.State: TIMED_WAITING
        at sun.misc.Unsafe.park(Native Method)
        at java.util.concurrent.locks.LockSupport.parkNanos(LockSupport.java:215)
        at java.util.concurrent.locks.AbstractQueuedSynchronizer$ConditionObject.awaitNanos(AbstractQueuedSynchronizer.java:2078)
        at java.util.concurrent.ScheduledThreadPoolExecutor$DelayedWorkQueue.take(ScheduledThreadPoolExecutor.java:1093)
        at java.util.concurrent.ScheduledThreadPoolExecutor$DelayedWorkQueue.take(ScheduledThreadPoolExecutor.java:809)
        at java.util.concurrent.ThreadPoolExecutor.getTask(ThreadPoolExecutor.java:1074)
        at java.util.concurrent.ThreadPoolExecutor.runWorker(ThreadPoolExecutor.java:1134)
        at java.util.concurrent.ThreadPoolExecutor$Worker.run(ThreadPoolExecutor.java:624)
        at java.lang.Thread.run(Thread.java:750)
"StaleRecoveringContainerScrubbingService#7" daemon prio=5 tid=1345 in Object.wait()
java.lang.Thread.State: WAITING (on object monitor)
        at sun.misc.Unsafe.park(Native Method)
        at java.util.concurrent.locks.LockSupport.park(LockSupport.java:175)
        at java.util.concurrent.locks.AbstractQueuedSynchronizer$ConditionObject.await(AbstractQueuedSynchronizer.java:2039)
        at java.util.concurrent.ScheduledThreadPoolExecutor$DelayedWorkQueue.take(ScheduledThreadPoolExecutor.java:1088)
        at java.util.concurrent.ScheduledThreadPoolExecutor$DelayedWorkQueue.take(ScheduledThreadPoolExecutor.java:809)
        at java.util.concurrent.ThreadPoolExecutor.getTask(ThreadPoolExecutor.java:1074)
        at java.util.concurrent.ThreadPoolExecutor.runWorker(ThreadPoolExecutor.java:1134)
        at java.util.concurrent.ThreadPoolExecutor$Worker.run(ThreadPoolExecutor.java:624)
        at java.lang.Thread.run(Thread.java:750)
"IPC Server handler 4 on default port 15001" daemon prio=5 tid=73 timed_waiting
java.lang.Thread.State: TIMED_WAITING
        at sun.misc.Unsafe.park(Native Method)
        at java.util.concurrent.locks.LockSupport.parkNanos(LockSupport.java:215)
        at java.util.concurrent.locks.AbstractQueuedSynchronizer$ConditionObject.awaitNanos(AbstractQueuedSynchronizer.java:2078)
        at java.util.concurrent.LinkedBlockingQueue.poll(LinkedBlockingQueue.java:467)
        at org.apache.hadoop.ipc.CallQueueManager.take(CallQueueManager.java:317)
        at org.apache.hadoop.ipc.Server$Handler.run(Server.java:2992)
"IPC Server handler 7 on default port 15004" daemon prio=5 tid=169 timed_waiting
java.lang.Thread.State: TIMED_WAITING
        at sun.misc.Unsafe.park(Native Method)
        at java.util.concurrent.locks.LockSupport.parkNanos(LockSupport.java:215)
        at java.util.concurrent.locks.AbstractQueuedSynchronizer$ConditionObject.awaitNanos(AbstractQueuedSynchronizer.java:2078)
        at java.util.concurrent.LinkedBlockingQueue.poll(LinkedBlockingQueue.java:467)
        at org.apache.hadoop.ipc.CallQueueManager.take(CallQueueManager.java:317)
        at org.apache.hadoop.ipc.Server$Handler.run(Server.java:2992)
"pool-159-thread-1"  prio=5 tid=293 timed_waiting
java.lang.Thread.State: TIMED_WAITING
        at sun.misc.Unsafe.park(Native Method)
        at java.util.concurrent.locks.LockSupport.parkNanos(LockSupport.java:215)
        at java.util.concurrent.locks.AbstractQueuedSynchronizer$ConditionObject.awaitNanos(AbstractQueuedSynchronizer.java:2078)
        at java.util.concurrent.ScheduledThreadPoolExecutor$DelayedWorkQueue.take(ScheduledThreadPoolExecutor.java:1093)
        at java.util.concurrent.ScheduledThreadPoolExecutor$DelayedWorkQueue.take(ScheduledThreadPoolExecutor.java:809)
        at java.util.concurrent.ThreadPoolExecutor.getTask(ThreadPoolExecutor.java:1074)
        at java.util.concurrent.ThreadPoolExecutor.runWorker(ThreadPoolExecutor.java:1134)
        at java.util.concurrent.ThreadPoolExecutor$Worker.run(ThreadPoolExecutor.java:624)
        at java.lang.Thread.run(Thread.java:750)
"Datanode State Machine Task Thread - 1"  prio=5 tid=449 in Object.wait()
java.lang.Thread.State: WAITING (on object monitor)
        at sun.misc.Unsafe.park(Native Method)
        at java.util.concurrent.locks.LockSupport.park(LockSupport.java:175)
        at java.util.concurrent.locks.AbstractQueuedSynchronizer$ConditionObject.await(AbstractQueuedSynchronizer.java:2039)
        at java.util.concurrent.LinkedBlockingQueue.take(LinkedBlockingQueue.java:442)
        at java.util.concurrent.ThreadPoolExecutor.getTask(ThreadPoolExecutor.java:1074)
        at java.util.concurrent.ThreadPoolExecutor.runWorker(ThreadPoolExecutor.java:1134)
        at java.util.concurrent.ThreadPoolExecutor$Worker.run(ThreadPoolExecutor.java:624)
        at java.lang.Thread.run(Thread.java:750)
"Datanode State Machine Daemon Thread" daemon prio=5 tid=422 timed_waiting
java.lang.Thread.State: TIMED_WAITING
        at java.lang.Thread.sleep(Native Method)
        at org.apache.hadoop.ozone.container.common.statemachine.DatanodeStateMachine.startStateMachineThread(DatanodeStateMachine.java:351)
        at org.apache.hadoop.ozone.container.common.statemachine.DatanodeStateMachine.lambda$startDaemon$0(DatanodeStateMachine.java:538)
        at org.apache.hadoop.ozone.container.common.statemachine.DatanodeStateMachine$$Lambda$867/1464078834.run(Unknown Source)
        at java.lang.Thread.run(Thread.java:750)
"b39db728-622c-42ae-954c-bd0dbc524ba7@group-54B8E535DF2F-FollowerState" daemon prio=5 tid=953 timed_waiting
java.lang.Thread.State: TIMED_WAITING
        at java.lang.Thread.sleep(Native Method)
        at java.lang.Thread.sleep(Thread.java:342)
        at java.util.concurrent.TimeUnit.sleep(TimeUnit.java:386)
        at org.apache.ratis.util.TimeDuration.sleep(TimeDuration.java:325)
        at org.apache.ratis.util.TimeDuration.sleep(TimeDuration.java:310)
        at org.apache.ratis.server.impl.FollowerState.run(FollowerState.java:128)
"PipelineCommandHandlerThread-0"  prio=5 tid=693 in Object.wait()
java.lang.Thread.State: WAITING (on object monitor)
        at sun.misc.Unsafe.park(Native Method)
        at java.util.concurrent.locks.LockSupport.park(LockSupport.java:175)
        at java.util.concurrent.locks.AbstractQueuedSynchronizer$ConditionObject.await(AbstractQueuedSynchronizer.java:2039)
        at java.util.concurrent.LinkedBlockingQueue.take(LinkedBlockingQueue.java:442)
        at java.util.concurrent.ThreadPoolExecutor.getTask(ThreadPoolExecutor.java:1074)
        at java.util.concurrent.ThreadPoolExecutor.runWorker(ThreadPoolExecutor.java:1134)
        at java.util.concurrent.ThreadPoolExecutor$Worker.run(ThreadPoolExecutor.java:624)
        at java.lang.Thread.run(Thread.java:750)
"d78dd883-3e4c-45aa-98b2-e8ffdf2e22af@group-13C1C55693B9-SegmentedRaftLogWorker" daemon prio=5 tid=1206 timed_waiting
java.lang.Thread.State: TIMED_WAITING
        at sun.misc.Unsafe.park(Native Method)
        at java.util.concurrent.locks.LockSupport.parkNanos(LockSupport.java:215)
        at java.util.concurrent.locks.AbstractQueuedSynchronizer$ConditionObject.awaitNanos(AbstractQueuedSynchronizer.java:2078)
        at org.apache.ratis.util.DataBlockingQueue.poll(DataBlockingQueue.java:148)
        at org.apache.ratis.server.raftlog.segmented.SegmentedRaftLogWorker.run(SegmentedRaftLogWorker.java:307)
        at org.apache.ratis.server.raftlog.segmented.SegmentedRaftLogWorker$$Lambda$764/731878032.run(Unknown Source)
        at java.util.concurrent.Executors$RunnableAdapter.call(Executors.java:511)
        at java.util.concurrent.FutureTask.run(FutureTask.java:266)
        at java.util.concurrent.ThreadPoolExecutor.runWorker(ThreadPoolExecutor.java:1149)
        at java.util.concurrent.ThreadPoolExecutor$Worker.run(ThreadPoolExecutor.java:624)
        at java.lang.Thread.run(Thread.java:750)
"StaleRecoveringContainerScrubbingService#2" daemon prio=5 tid=908 timed_waiting
java.lang.Thread.State: TIMED_WAITING
        at sun.misc.Unsafe.park(Native Method)
        at java.util.concurrent.locks.LockSupport.parkNanos(LockSupport.java:215)
        at java.util.concurrent.locks.AbstractQueuedSynchronizer$ConditionObject.awaitNanos(AbstractQueuedSynchronizer.java:2078)
        at java.util.concurrent.ScheduledThreadPoolExecutor$DelayedWorkQueue.take(ScheduledThreadPoolExecutor.java:1093)
        at java.util.concurrent.ScheduledThreadPoolExecutor$DelayedWorkQueue.take(ScheduledThreadPoolExecutor.java:809)
        at java.util.concurrent.ThreadPoolExecutor.getTask(ThreadPoolExecutor.java:1074)
        at java.util.concurrent.ThreadPoolExecutor.runWorker(ThreadPoolExecutor.java:1134)
        at java.util.concurrent.ThreadPoolExecutor$Worker.run(ThreadPoolExecutor.java:624)
        at java.lang.Thread.run(Thread.java:750)
"qtp926797213-261" daemon prio=5 tid=261 runnable
java.lang.Thread.State: RUNNABLE
        at sun.nio.ch.EPollArrayWrapper.epollWait(Native Method)
        at sun.nio.ch.EPollArrayWrapper.poll(EPollArrayWrapper.java:269)
        at sun.nio.ch.EPollSelectorImpl.doSelect(EPollSelectorImpl.java:93)
        at sun.nio.ch.SelectorImpl.lockAndDoSelect(SelectorImpl.java:86)
        at sun.nio.ch.SelectorImpl.select(SelectorImpl.java:97)
        at sun.nio.ch.SelectorImpl.select(SelectorImpl.java:101)
        at org.eclipse.jetty.io.ManagedSelector.nioSelect(ManagedSelector.java:183)
        at org.eclipse.jetty.io.ManagedSelector.select(ManagedSelector.java:190)
        at org.eclipse.jetty.io.ManagedSelector$SelectorProducer.select(ManagedSelector.java:606)
        at org.eclipse.jetty.io.ManagedSelector$SelectorProducer.produce(ManagedSelector.java:543)
        at org.eclipse.jetty.util.thread.strategy.EatWhatYouKill.produceTask(EatWhatYouKill.java:362)
        at org.eclipse.jetty.util.thread.strategy.EatWhatYouKill.doProduce(EatWhatYouKill.java:186)
        at org.eclipse.jetty.util.thread.strategy.EatWhatYouKill.tryProduce(EatWhatYouKill.java:173)
        at org.eclipse.jetty.util.thread.strategy.EatWhatYouKill.produce(EatWhatYouKill.java:137)
        at org.eclipse.jetty.io.ManagedSelector$$Lambda$472/1519927178.run(Unknown Source)
        at org.eclipse.jetty.util.thread.QueuedThreadPool.runJob(QueuedThreadPool.java:883)
        at org.eclipse.jetty.util.thread.QueuedThreadPool$Runner.run(QueuedThreadPool.java:1034)
        at java.lang.Thread.run(Thread.java:750)
"grpc-default-worker-ELG-3-2" daemon prio=5 tid=657 runnable
java.lang.Thread.State: RUNNABLE
        at org.apache.ratis.thirdparty.io.netty.channel.epoll.Native.epollWait0(Native Method)
        at org.apache.ratis.thirdparty.io.netty.channel.epoll.Native.epollWait(Native.java:182)
        at org.apache.ratis.thirdparty.io.netty.channel.epoll.EpollEventLoop.epollWait(EpollEventLoop.java:302)
        at org.apache.ratis.thirdparty.io.netty.channel.epoll.EpollEventLoop.run(EpollEventLoop.java:366)
        at org.apache.ratis.thirdparty.io.netty.util.concurrent.SingleThreadEventExecutor$4.run(SingleThreadEventExecutor.java:997)
        at org.apache.ratis.thirdparty.io.netty.util.internal.ThreadExecutorMap$2.run(ThreadExecutorMap.java:74)
        at org.apache.ratis.thirdparty.io.netty.util.concurrent.FastThreadLocalRunnable.run(FastThreadLocalRunnable.java:30)
        at java.lang.Thread.run(Thread.java:750)
"IPC Server handler 9 on default port 15002" daemon prio=5 tid=98 timed_waiting
java.lang.Thread.State: TIMED_WAITING
        at sun.misc.Unsafe.park(Native Method)
        at java.util.concurrent.locks.LockSupport.parkNanos(LockSupport.java:215)
        at java.util.concurrent.locks.AbstractQueuedSynchronizer$ConditionObject.awaitNanos(AbstractQueuedSynchronizer.java:2078)
        at java.util.concurrent.LinkedBlockingQueue.poll(LinkedBlockingQueue.java:467)
        at org.apache.hadoop.ipc.CallQueueManager.take(CallQueueManager.java:317)
        at org.apache.hadoop.ipc.Server$Handler.run(Server.java:2992)
"9125f905-aa43-4d0f-845d-e6cfd4dab0cd-NettyServerStreamRpc-bossGroup--thread1"  prio=5 tid=436 runnable
java.lang.Thread.State: RUNNABLE
        at sun.nio.ch.EPollArrayWrapper.epollWait(Native Method)
        at sun.nio.ch.EPollArrayWrapper.poll(EPollArrayWrapper.java:269)
        at sun.nio.ch.EPollSelectorImpl.doSelect(EPollSelectorImpl.java:93)
        at sun.nio.ch.SelectorImpl.lockAndDoSelect(SelectorImpl.java:86)
        at sun.nio.ch.SelectorImpl.select(SelectorImpl.java:97)
        at sun.nio.ch.SelectorImpl.select(SelectorImpl.java:101)
        at org.apache.ratis.thirdparty.io.netty.channel.nio.SelectedSelectionKeySetSelector.select(SelectedSelectionKeySetSelector.java:68)
        at org.apache.ratis.thirdparty.io.netty.channel.nio.NioEventLoop.select(NioEventLoop.java:879)
        at org.apache.ratis.thirdparty.io.netty.channel.nio.NioEventLoop.run(NioEventLoop.java:526)
        at org.apache.ratis.thirdparty.io.netty.util.concurrent.SingleThreadEventExecutor$4.run(SingleThreadEventExecutor.java:997)
        at org.apache.ratis.thirdparty.io.netty.util.internal.ThreadExecutorMap$2.run(ThreadExecutorMap.java:74)
        at java.lang.Thread.run(Thread.java:750)
"ChunkReader-0" daemon prio=5 tid=989 in Object.wait()
java.lang.Thread.State: WAITING (on object monitor)
        at sun.misc.Unsafe.park(Native Method)
        at java.util.concurrent.locks.LockSupport.park(LockSupport.java:175)
        at java.util.concurrent.locks.AbstractQueuedSynchronizer$ConditionObject.await(AbstractQueuedSynchronizer.java:2039)
        at java.util.concurrent.LinkedBlockingQueue.take(LinkedBlockingQueue.java:442)
        at java.util.concurrent.ThreadPoolExecutor.getTask(ThreadPoolExecutor.java:1074)
        at java.util.concurrent.ThreadPoolExecutor.runWorker(ThreadPoolExecutor.java:1134)
        at java.util.concurrent.ThreadPoolExecutor$Worker.run(ThreadPoolExecutor.java:624)
        at java.lang.Thread.run(Thread.java:750)
"BlockDeletingService#1" daemon prio=5 tid=550 in Object.wait()
java.lang.Thread.State: WAITING (on object monitor)
        at sun.misc.Unsafe.park(Native Method)
        at java.util.concurrent.locks.LockSupport.park(LockSupport.java:175)
        at java.util.concurrent.locks.AbstractQueuedSynchronizer$ConditionObject.await(AbstractQueuedSynchronizer.java:2039)
        at java.util.concurrent.ScheduledThreadPoolExecutor$DelayedWorkQueue.take(ScheduledThreadPoolExecutor.java:1088)
        at java.util.concurrent.ScheduledThreadPoolExecutor$DelayedWorkQueue.take(ScheduledThreadPoolExecutor.java:809)
        at java.util.concurrent.ThreadPoolExecutor.getTask(ThreadPoolExecutor.java:1074)
        at java.util.concurrent.ThreadPoolExecutor.runWorker(ThreadPoolExecutor.java:1134)
        at java.util.concurrent.ThreadPoolExecutor$Worker.run(ThreadPoolExecutor.java:624)
        at java.lang.Thread.run(Thread.java:750)
"qtp1851070396-530" daemon prio=5 tid=530 runnable
java.lang.Thread.State: RUNNABLE
        at sun.nio.ch.EPollArrayWrapper.epollWait(Native Method)
        at sun.nio.ch.EPollArrayWrapper.poll(EPollArrayWrapper.java:269)
        at sun.nio.ch.EPollSelectorImpl.doSelect(EPollSelectorImpl.java:93)
        at sun.nio.ch.SelectorImpl.lockAndDoSelect(SelectorImpl.java:86)
        at sun.nio.ch.SelectorImpl.select(SelectorImpl.java:97)
        at sun.nio.ch.SelectorImpl.select(SelectorImpl.java:101)
        at org.eclipse.jetty.io.ManagedSelector.nioSelect(ManagedSelector.java:183)
        at org.eclipse.jetty.io.ManagedSelector.select(ManagedSelector.java:190)
        at org.eclipse.jetty.io.ManagedSelector$SelectorProducer.select(ManagedSelector.java:606)
        at org.eclipse.jetty.io.ManagedSelector$SelectorProducer.produce(ManagedSelector.java:543)
        at org.eclipse.jetty.util.thread.strategy.EatWhatYouKill.produceTask(EatWhatYouKill.java:362)
        at org.eclipse.jetty.util.thread.strategy.EatWhatYouKill.doProduce(EatWhatYouKill.java:186)
        at org.eclipse.jetty.util.thread.strategy.EatWhatYouKill.tryProduce(EatWhatYouKill.java:173)
        at org.eclipse.jetty.util.thread.strategy.EatWhatYouKill.produce(EatWhatYouKill.java:137)
        at org.eclipse.jetty.io.ManagedSelector$$Lambda$472/1519927178.run(Unknown Source)
        at org.eclipse.jetty.util.thread.QueuedThreadPool.runJob(QueuedThreadPool.java:883)
        at org.eclipse.jetty.util.thread.QueuedThreadPool$Runner.run(QueuedThreadPool.java:1034)
        at java.lang.Thread.run(Thread.java:750)
"qtp2011580998-114-acceptor-0@47deb12e-ServerConnector@13f255ed{HTTP/1.1, (http/1.1)}{0.0.0.0:15003}" daemon prio=3 tid=114 runnable
java.lang.Thread.State: RUNNABLE
        at sun.nio.ch.ServerSocketChannelImpl.accept0(Native Method)
        at sun.nio.ch.ServerSocketChannelImpl.accept(ServerSocketChannelImpl.java:421)
        at sun.nio.ch.ServerSocketChannelImpl.accept(ServerSocketChannelImpl.java:249)
        at org.eclipse.jetty.server.ServerConnector.accept(ServerConnector.java:388)
        at org.eclipse.jetty.server.AbstractConnector$Acceptor.run(AbstractConnector.java:704)
        at org.eclipse.jetty.util.thread.QueuedThreadPool.runJob(QueuedThreadPool.java:883)
        at org.eclipse.jetty.util.thread.QueuedThreadPool$Runner.run(QueuedThreadPool.java:1034)
        at java.lang.Thread.run(Thread.java:750)
"IPC Server handler 0 on default port 15010" daemon prio=5 tid=1130 timed_waiting
java.lang.Thread.State: TIMED_WAITING
        at sun.misc.Unsafe.park(Native Method)
        at java.util.concurrent.locks.LockSupport.parkNanos(LockSupport.java:215)
        at java.util.concurrent.locks.AbstractQueuedSynchronizer$ConditionObject.awaitNanos(AbstractQueuedSynchronizer.java:2078)
        at java.util.concurrent.LinkedBlockingQueue.poll(LinkedBlockingQueue.java:467)
        at org.apache.hadoop.ipc.CallQueueManager.take(CallQueueManager.java:317)
        at org.apache.hadoop.ipc.Server$Handler.run(Server.java:2992)
"BlockDeletingService#1" daemon prio=5 tid=619 in Object.wait()
java.lang.Thread.State: WAITING (on object monitor)
        at sun.misc.Unsafe.park(Native Method)
        at java.util.concurrent.locks.LockSupport.park(LockSupport.java:175)
        at java.util.concurrent.locks.AbstractQueuedSynchronizer$ConditionObject.await(AbstractQueuedSynchronizer.java:2039)
        at java.util.concurrent.ScheduledThreadPoolExecutor$DelayedWorkQueue.take(ScheduledThreadPoolExecutor.java:1088)
        at java.util.concurrent.ScheduledThreadPoolExecutor$DelayedWorkQueue.take(ScheduledThreadPoolExecutor.java:809)
        at java.util.concurrent.ThreadPoolExecutor.getTask(ThreadPoolExecutor.java:1074)
        at java.util.concurrent.ThreadPoolExecutor.runWorker(ThreadPoolExecutor.java:1134)
        at java.util.concurrent.ThreadPoolExecutor$Worker.run(ThreadPoolExecutor.java:624)
        at java.lang.Thread.run(Thread.java:750)
"qtp1533380014-156" daemon prio=5 tid=156 timed_waiting
java.lang.Thread.State: TIMED_WAITING
        at sun.misc.Unsafe.park(Native Method)
        at java.util.concurrent.locks.LockSupport.parkNanos(LockSupport.java:215)
        at java.util.concurrent.locks.AbstractQueuedSynchronizer$ConditionObject.awaitNanos(AbstractQueuedSynchronizer.java:2078)
        at org.eclipse.jetty.util.BlockingArrayQueue.poll(BlockingArrayQueue.java:382)
        at org.eclipse.jetty.util.thread.QueuedThreadPool$Runner.idleJobPoll(QueuedThreadPool.java:974)
        at org.eclipse.jetty.util.thread.QueuedThreadPool$Runner.run(QueuedThreadPool.java:1018)
        at java.lang.Thread.run(Thread.java:750)
"IPC Server handler 16 on default port 15001" daemon prio=5 tid=85 timed_waiting
java.lang.Thread.State: TIMED_WAITING
        at sun.misc.Unsafe.park(Native Method)
        at java.util.concurrent.locks.LockSupport.parkNanos(LockSupport.java:215)
        at java.util.concurrent.locks.AbstractQueuedSynchronizer$ConditionObject.awaitNanos(AbstractQueuedSynchronizer.java:2078)
        at java.util.concurrent.LinkedBlockingQueue.poll(LinkedBlockingQueue.java:467)
        at org.apache.hadoop.ipc.CallQueueManager.take(CallQueueManager.java:317)
        at org.apache.hadoop.ipc.Server$Handler.run(Server.java:2992)
"Datanode ReportManager Thread - 3" daemon prio=5 tid=471 timed_waiting
java.lang.Thread.State: TIMED_WAITING
        at sun.misc.Unsafe.park(Native Method)
        at java.util.concurrent.locks.LockSupport.parkNanos(LockSupport.java:215)
        at java.util.concurrent.locks.AbstractQueuedSynchronizer$ConditionObject.awaitNanos(AbstractQueuedSynchronizer.java:2078)
        at java.util.concurrent.ScheduledThreadPoolExecutor$DelayedWorkQueue.take(ScheduledThreadPoolExecutor.java:1093)
        at java.util.concurrent.ScheduledThreadPoolExecutor$DelayedWorkQueue.take(ScheduledThreadPoolExecutor.java:809)
        at java.util.concurrent.ThreadPoolExecutor.getTask(ThreadPoolExecutor.java:1074)
        at java.util.concurrent.ThreadPoolExecutor.runWorker(ThreadPoolExecutor.java:1134)
        at java.util.concurrent.ThreadPoolExecutor$Worker.run(ThreadPoolExecutor.java:624)
        at java.lang.Thread.run(Thread.java:750)
"IPC Server listener on 15028" daemon prio=5 tid=270 runnable
java.lang.Thread.State: RUNNABLE
        at sun.nio.ch.EPollArrayWrapper.epollWait(Native Method)
        at sun.nio.ch.EPollArrayWrapper.poll(EPollArrayWrapper.java:269)
        at sun.nio.ch.EPollSelectorImpl.doSelect(EPollSelectorImpl.java:93)
        at sun.nio.ch.SelectorImpl.lockAndDoSelect(SelectorImpl.java:86)
        at sun.nio.ch.SelectorImpl.select(SelectorImpl.java:97)
        at sun.nio.ch.SelectorImpl.select(SelectorImpl.java:101)
        at org.apache.hadoop.ipc.Server$Listener.run(Server.java:1404)
"IPC Server idle connection scanner for port 15064" daemon prio=5 tid=418 timed_waiting
java.lang.Thread.State: TIMED_WAITING
        at java.lang.Object.wait(Native Method)
        at java.util.TimerThread.mainLoop(Timer.java:552)
        at java.util.TimerThread.run(Timer.java:505)
"JvmPauseMonitor8" daemon prio=5 tid=615 timed_waiting
java.lang.Thread.State: TIMED_WAITING
        at java.lang.Thread.sleep(Native Method)
        at java.lang.Thread.sleep(Thread.java:342)
        at java.util.concurrent.TimeUnit.sleep(TimeUnit.java:386)
        at org.apache.ratis.util.TimeDuration.sleep(TimeDuration.java:325)
        at org.apache.ratis.util.TimeDuration.sleep(TimeDuration.java:310)
        at org.apache.ratis.util.JvmPauseMonitor.detectPause(JvmPauseMonitor.java:117)
        at org.apache.ratis.util.JvmPauseMonitor.run(JvmPauseMonitor.java:106)
        at org.apache.ratis.util.JvmPauseMonitor$$Lambda$790/700239275.run(Unknown Source)
        at java.lang.Thread.run(Thread.java:750)
"Lease Manager-LeaseManager#LeaseMonitor" daemon prio=5 tid=110 timed_waiting
java.lang.Thread.State: TIMED_WAITING
        at sun.misc.Unsafe.park(Native Method)
        at java.util.concurrent.locks.LockSupport.parkNanos(LockSupport.java:215)
        at java.util.concurrent.locks.AbstractQueuedSynchronizer.doAcquireSharedNanos(AbstractQueuedSynchronizer.java:1037)
        at java.util.concurrent.locks.AbstractQueuedSynchronizer.tryAcquireSharedNanos(AbstractQueuedSynchronizer.java:1328)
        at java.util.concurrent.Semaphore.tryAcquire(Semaphore.java:409)
        at org.apache.hadoop.ozone.lease.LeaseManager$LeaseMonitor.run(LeaseManager.java:270)
        at java.lang.Thread.run(Thread.java:750)
"ChunkWriter-3-0" daemon prio=5 tid=499 in Object.wait()
java.lang.Thread.State: WAITING (on object monitor)
        at sun.misc.Unsafe.park(Native Method)
        at java.util.concurrent.locks.LockSupport.park(LockSupport.java:175)
        at java.util.concurrent.locks.AbstractQueuedSynchronizer$ConditionObject.await(AbstractQueuedSynchronizer.java:2039)
        at java.util.concurrent.LinkedBlockingDeque.takeFirst(LinkedBlockingDeque.java:492)
        at java.util.concurrent.LinkedBlockingDeque.take(LinkedBlockingDeque.java:680)
        at java.util.concurrent.ThreadPoolExecutor.getTask(ThreadPoolExecutor.java:1074)
        at java.util.concurrent.ThreadPoolExecutor.runWorker(ThreadPoolExecutor.java:1134)
        at java.util.concurrent.ThreadPoolExecutor$Worker.run(ThreadPoolExecutor.java:624)
        at java.lang.Thread.run(Thread.java:750)
"Datanode ReportManager Thread - 3" daemon prio=5 tid=313 timed_waiting
java.lang.Thread.State: TIMED_WAITING
        at sun.misc.Unsafe.park(Native Method)
        at java.util.concurrent.locks.LockSupport.parkNanos(LockSupport.java:215)
        at java.util.concurrent.locks.AbstractQueuedSynchronizer$ConditionObject.awaitNanos(AbstractQueuedSynchronizer.java:2078)
        at java.util.concurrent.ScheduledThreadPoolExecutor$DelayedWorkQueue.take(ScheduledThreadPoolExecutor.java:1093)
        at java.util.concurrent.ScheduledThreadPoolExecutor$DelayedWorkQueue.take(ScheduledThreadPoolExecutor.java:809)
        at java.util.concurrent.ThreadPoolExecutor.getTask(ThreadPoolExecutor.java:1074)
        at java.util.concurrent.ThreadPoolExecutor.runWorker(ThreadPoolExecutor.java:1134)
        at java.util.concurrent.ThreadPoolExecutor$Worker.run(ThreadPoolExecutor.java:624)
        at java.lang.Thread.run(Thread.java:750)
"Socket Reader #1 for port 15001"  prio=5 tid=29 runnable
java.lang.Thread.State: RUNNABLE
        at sun.nio.ch.EPollArrayWrapper.epollWait(Native Method)
        at sun.nio.ch.EPollArrayWrapper.poll(EPollArrayWrapper.java:269)
        at sun.nio.ch.EPollSelectorImpl.doSelect(EPollSelectorImpl.java:93)
        at sun.nio.ch.SelectorImpl.lockAndDoSelect(SelectorImpl.java:86)
        at sun.nio.ch.SelectorImpl.select(SelectorImpl.java:97)
        at sun.nio.ch.SelectorImpl.select(SelectorImpl.java:101)
        at org.apache.hadoop.ipc.Server$Listener$Reader.doRunLoop(Server.java:1342)
        at org.apache.hadoop.ipc.Server$Listener$Reader.run(Server.java:1321)
"qtp2011580998-119" daemon prio=5 tid=119 timed_waiting
java.lang.Thread.State: TIMED_WAITING
        at sun.misc.Unsafe.park(Native Method)
        at java.util.concurrent.locks.LockSupport.parkNanos(LockSupport.java:215)
        at java.util.concurrent.locks.AbstractQueuedSynchronizer$ConditionObject.awaitNanos(AbstractQueuedSynchronizer.java:2078)
        at org.eclipse.jetty.util.BlockingArrayQueue.poll(BlockingArrayQueue.java:382)
        at org.eclipse.jetty.util.thread.QueuedThreadPool$Runner.idleJobPoll(QueuedThreadPool.java:974)
        at org.eclipse.jetty.util.thread.QueuedThreadPool$Runner.run(QueuedThreadPool.java:1018)
        at java.lang.Thread.run(Thread.java:750)
"Datanode State Machine Daemon Thread" daemon prio=5 tid=243 timed_waiting
java.lang.Thread.State: TIMED_WAITING
        at java.lang.Thread.sleep(Native Method)
        at org.apache.hadoop.ozone.container.common.statemachine.DatanodeStateMachine.startStateMachineThread(DatanodeStateMachine.java:351)
        at org.apache.hadoop.ozone.container.common.statemachine.DatanodeStateMachine.lambda$startDaemon$0(DatanodeStateMachine.java:538)
        at org.apache.hadoop.ozone.container.common.statemachine.DatanodeStateMachine$$Lambda$867/1464078834.run(Unknown Source)
        at java.lang.Thread.run(Thread.java:750)
"ChunkReader-7" daemon prio=5 tid=1270 in Object.wait()
java.lang.Thread.State: WAITING (on object monitor)
        at sun.misc.Unsafe.park(Native Method)
        at java.util.concurrent.locks.LockSupport.park(LockSupport.java:175)
        at java.util.concurrent.locks.AbstractQueuedSynchronizer$ConditionObject.await(AbstractQueuedSynchronizer.java:2039)
        at java.util.concurrent.LinkedBlockingQueue.take(LinkedBlockingQueue.java:442)
        at java.util.concurrent.ThreadPoolExecutor.getTask(ThreadPoolExecutor.java:1074)
        at java.util.concurrent.ThreadPoolExecutor.runWorker(ThreadPoolExecutor.java:1134)
        at java.util.concurrent.ThreadPoolExecutor$Worker.run(ThreadPoolExecutor.java:624)
        at java.lang.Thread.run(Thread.java:750)
"qtp2045585008-485" daemon prio=5 tid=485 timed_waiting
java.lang.Thread.State: TIMED_WAITING
        at sun.misc.Unsafe.park(Native Method)
        at java.util.concurrent.locks.LockSupport.parkNanos(LockSupport.java:215)
        at java.util.concurrent.locks.AbstractQueuedSynchronizer$ConditionObject.awaitNanos(AbstractQueuedSynchronizer.java:2078)
        at org.eclipse.jetty.util.BlockingArrayQueue.poll(BlockingArrayQueue.java:382)
        at org.eclipse.jetty.util.thread.QueuedThreadPool$Runner.idleJobPoll(QueuedThreadPool.java:974)
        at org.eclipse.jetty.util.thread.QueuedThreadPool$Runner.run(QueuedThreadPool.java:1018)
        at java.lang.Thread.run(Thread.java:750)
"ChunkWriter-0-0" daemon prio=5 tid=598 in Object.wait()
java.lang.Thread.State: WAITING (on object monitor)
        at sun.misc.Unsafe.park(Native Method)
        at java.util.concurrent.locks.LockSupport.park(LockSupport.java:175)
        at java.util.concurrent.locks.AbstractQueuedSynchronizer$ConditionObject.await(AbstractQueuedSynchronizer.java:2039)
        at java.util.concurrent.LinkedBlockingDeque.takeFirst(LinkedBlockingDeque.java:492)
        at java.util.concurrent.LinkedBlockingDeque.take(LinkedBlockingDeque.java:680)
        at java.util.concurrent.ThreadPoolExecutor.getTask(ThreadPoolExecutor.java:1074)
        at java.util.concurrent.ThreadPoolExecutor.runWorker(ThreadPoolExecutor.java:1134)
        at java.util.concurrent.ThreadPoolExecutor$Worker.run(ThreadPoolExecutor.java:624)
        at java.lang.Thread.run(Thread.java:750)
"Session-HouseKeeper-508f3e02-1"  prio=5 tid=493 timed_waiting
java.lang.Thread.State: TIMED_WAITING
        at sun.misc.Unsafe.park(Native Method)
        at java.util.concurrent.locks.LockSupport.parkNanos(LockSupport.java:215)
        at java.util.concurrent.locks.AbstractQueuedSynchronizer$ConditionObject.awaitNanos(AbstractQueuedSynchronizer.java:2078)
        at java.util.concurrent.ScheduledThreadPoolExecutor$DelayedWorkQueue.take(ScheduledThreadPoolExecutor.java:1093)
        at java.util.concurrent.ScheduledThreadPoolExecutor$DelayedWorkQueue.take(ScheduledThreadPoolExecutor.java:809)
        at java.util.concurrent.ThreadPoolExecutor.getTask(ThreadPoolExecutor.java:1074)
        at java.util.concurrent.ThreadPoolExecutor.runWorker(ThreadPoolExecutor.java:1134)
        at java.util.concurrent.ThreadPoolExecutor$Worker.run(ThreadPoolExecutor.java:624)
        at java.lang.Thread.run(Thread.java:750)
"ChunkReader-ELG-0" daemon prio=5 tid=456 runnable
java.lang.Thread.State: RUNNABLE
        at org.apache.ratis.thirdparty.io.netty.channel.epoll.Native.epollWait0(Native Method)
        at org.apache.ratis.thirdparty.io.netty.channel.epoll.Native.epollWait(Native.java:182)
        at org.apache.ratis.thirdparty.io.netty.channel.epoll.EpollEventLoop.epollWait(EpollEventLoop.java:302)
        at org.apache.ratis.thirdparty.io.netty.channel.epoll.EpollEventLoop.run(EpollEventLoop.java:366)
        at org.apache.ratis.thirdparty.io.netty.util.concurrent.SingleThreadEventExecutor$4.run(SingleThreadEventExecutor.java:997)
        at org.apache.ratis.thirdparty.io.netty.util.internal.ThreadExecutorMap$2.run(ThreadExecutorMap.java:74)
        at java.lang.Thread.run(Thread.java:750)
"ChunkWriter-3-0" daemon prio=5 tid=614 in Object.wait()
java.lang.Thread.State: WAITING (on object monitor)
        at sun.misc.Unsafe.park(Native Method)
        at java.util.concurrent.locks.LockSupport.park(LockSupport.java:175)
        at java.util.concurrent.locks.AbstractQueuedSynchronizer$ConditionObject.await(AbstractQueuedSynchronizer.java:2039)
        at java.util.concurrent.LinkedBlockingDeque.takeFirst(LinkedBlockingDeque.java:492)
        at java.util.concurrent.LinkedBlockingDeque.take(LinkedBlockingDeque.java:680)
        at java.util.concurrent.ThreadPoolExecutor.getTask(ThreadPoolExecutor.java:1074)
        at java.util.concurrent.ThreadPoolExecutor.runWorker(ThreadPoolExecutor.java:1134)
        at java.util.concurrent.ThreadPoolExecutor$Worker.run(ThreadPoolExecutor.java:624)
        at java.lang.Thread.run(Thread.java:750)
"9125f905-aa43-4d0f-845d-e6cfd4dab0cd@group-54B8E535DF2F-SegmentedRaftLogWorker" daemon prio=5 tid=774 timed_waiting
java.lang.Thread.State: TIMED_WAITING
        at sun.misc.Unsafe.park(Native Method)
        at java.util.concurrent.locks.LockSupport.parkNanos(LockSupport.java:215)
        at java.util.concurrent.locks.AbstractQueuedSynchronizer$ConditionObject.awaitNanos(AbstractQueuedSynchronizer.java:2078)
        at org.apache.ratis.util.DataBlockingQueue.poll(DataBlockingQueue.java:148)
        at org.apache.ratis.server.raftlog.segmented.SegmentedRaftLogWorker.run(SegmentedRaftLogWorker.java:307)
        at org.apache.ratis.server.raftlog.segmented.SegmentedRaftLogWorker$$Lambda$764/731878032.run(Unknown Source)
        at java.util.concurrent.Executors$RunnableAdapter.call(Executors.java:511)
        at java.util.concurrent.FutureTask.run(FutureTask.java:266)
        at java.util.concurrent.ThreadPoolExecutor.runWorker(ThreadPoolExecutor.java:1149)
        at java.util.concurrent.ThreadPoolExecutor$Worker.run(ThreadPoolExecutor.java:624)
        at java.lang.Thread.run(Thread.java:750)
"ChunkReader-ELG-0" daemon prio=5 tid=546 runnable
java.lang.Thread.State: RUNNABLE
        at org.apache.ratis.thirdparty.io.netty.channel.epoll.Native.epollWait0(Native Method)
        at org.apache.ratis.thirdparty.io.netty.channel.epoll.Native.epollWait(Native.java:182)
        at org.apache.ratis.thirdparty.io.netty.channel.epoll.EpollEventLoop.epollWait(EpollEventLoop.java:302)
        at org.apache.ratis.thirdparty.io.netty.channel.epoll.EpollEventLoop.run(EpollEventLoop.java:366)
        at org.apache.ratis.thirdparty.io.netty.util.concurrent.SingleThreadEventExecutor$4.run(SingleThreadEventExecutor.java:997)
        at org.apache.ratis.thirdparty.io.netty.util.internal.ThreadExecutorMap$2.run(ThreadExecutorMap.java:74)
        at java.lang.Thread.run(Thread.java:750)
"OM StateMachine ApplyTransaction Thread - 0" daemon prio=5 tid=922 in Object.wait()
java.lang.Thread.State: WAITING (on object monitor)
        at sun.misc.Unsafe.park(Native Method)
        at java.util.concurrent.locks.LockSupport.park(LockSupport.java:175)
        at java.util.concurrent.locks.AbstractQueuedSynchronizer$ConditionObject.await(AbstractQueuedSynchronizer.java:2039)
        at java.util.concurrent.LinkedBlockingQueue.take(LinkedBlockingQueue.java:442)
        at java.util.concurrent.ThreadPoolExecutor.getTask(ThreadPoolExecutor.java:1074)
        at java.util.concurrent.ThreadPoolExecutor.runWorker(ThreadPoolExecutor.java:1134)
        at java.util.concurrent.ThreadPoolExecutor$Worker.run(ThreadPoolExecutor.java:624)
        at java.lang.Thread.run(Thread.java:750)
"b39db728-622c-42ae-954c-bd0dbc524ba7@group-E0CD80DDF985-StateMachineUpdater" daemon prio=5 tid=815 timed_waiting
java.lang.Thread.State: TIMED_WAITING
        at sun.misc.Unsafe.park(Native Method)
        at java.util.concurrent.locks.LockSupport.parkNanos(LockSupport.java:215)
        at java.util.concurrent.locks.AbstractQueuedSynchronizer$ConditionObject.await(AbstractQueuedSynchronizer.java:2163)
        at org.apache.ratis.util.AwaitForSignal.await(AwaitForSignal.java:62)
        at org.apache.ratis.server.impl.StateMachineUpdater.waitForCommit(StateMachineUpdater.java:209)
        at org.apache.ratis.server.impl.StateMachineUpdater.run(StateMachineUpdater.java:178)
        at java.lang.Thread.run(Thread.java:750)
"Command processor thread" daemon prio=5 tid=249 timed_waiting
java.lang.Thread.State: TIMED_WAITING
        at java.lang.Thread.sleep(Native Method)
        at org.apache.hadoop.ozone.container.common.statemachine.DatanodeStateMachine.lambda$initCommandHandlerThread$3(DatanodeStateMachine.java:669)
        at org.apache.hadoop.ozone.container.common.statemachine.DatanodeStateMachine$$Lambda$869/5638916.run(Unknown Source)
        at java.lang.Thread.run(Thread.java:750)
"Hadoop-Metrics-Updater-0" daemon prio=5 tid=420 timed_waiting
java.lang.Thread.State: TIMED_WAITING
        at sun.misc.Unsafe.park(Native Method)
        at java.util.concurrent.locks.LockSupport.parkNanos(LockSupport.java:215)
        at java.util.concurrent.locks.AbstractQueuedSynchronizer$ConditionObject.awaitNanos(AbstractQueuedSynchronizer.java:2078)
        at java.util.concurrent.ScheduledThreadPoolExecutor$DelayedWorkQueue.take(ScheduledThreadPoolExecutor.java:1093)
        at java.util.concurrent.ScheduledThreadPoolExecutor$DelayedWorkQueue.take(ScheduledThreadPoolExecutor.java:809)
        at java.util.concurrent.ThreadPoolExecutor.getTask(ThreadPoolExecutor.java:1074)
        at java.util.concurrent.ThreadPoolExecutor.runWorker(ThreadPoolExecutor.java:1134)
        at java.util.concurrent.ThreadPoolExecutor$Worker.run(ThreadPoolExecutor.java:624)
        at java.lang.Thread.run(Thread.java:750)
"JvmPauseMonitor4" daemon prio=5 tid=545 timed_waiting
java.lang.Thread.State: TIMED_WAITING
        at java.lang.Thread.sleep(Native Method)
        at java.lang.Thread.sleep(Thread.java:342)
        at java.util.concurrent.TimeUnit.sleep(TimeUnit.java:386)
        at org.apache.ratis.util.TimeDuration.sleep(TimeDuration.java:325)
        at org.apache.ratis.util.TimeDuration.sleep(TimeDuration.java:310)
        at org.apache.ratis.util.JvmPauseMonitor.detectPause(JvmPauseMonitor.java:117)
        at org.apache.ratis.util.JvmPauseMonitor.run(JvmPauseMonitor.java:106)
        at org.apache.ratis.util.JvmPauseMonitor$$Lambda$790/700239275.run(Unknown Source)
        at java.lang.Thread.run(Thread.java:750)
"ChunkReader-0" daemon prio=5 tid=1368 in Object.wait()
java.lang.Thread.State: WAITING (on object monitor)
        at sun.misc.Unsafe.park(Native Method)
        at java.util.concurrent.locks.LockSupport.park(LockSupport.java:175)
        at java.util.concurrent.locks.AbstractQueuedSynchronizer$ConditionObject.await(AbstractQueuedSynchronizer.java:2039)
        at java.util.concurrent.LinkedBlockingQueue.take(LinkedBlockingQueue.java:442)
        at java.util.concurrent.ThreadPoolExecutor.getTask(ThreadPoolExecutor.java:1074)
        at java.util.concurrent.ThreadPoolExecutor.runWorker(ThreadPoolExecutor.java:1134)
        at java.util.concurrent.ThreadPoolExecutor$Worker.run(ThreadPoolExecutor.java:624)
        at java.lang.Thread.run(Thread.java:750)
"Datanode State Machine Task Thread - 0"  prio=5 tid=317 in Object.wait()
java.lang.Thread.State: WAITING (on object monitor)
        at sun.misc.Unsafe.park(Native Method)
        at java.util.concurrent.locks.LockSupport.park(LockSupport.java:175)
        at java.util.concurrent.locks.AbstractQueuedSynchronizer$ConditionObject.await(AbstractQueuedSynchronizer.java:2039)
        at java.util.concurrent.LinkedBlockingQueue.take(LinkedBlockingQueue.java:442)
        at java.util.concurrent.ThreadPoolExecutor.getTask(ThreadPoolExecutor.java:1074)
        at java.util.concurrent.ThreadPoolExecutor.runWorker(ThreadPoolExecutor.java:1134)
        at java.util.concurrent.ThreadPoolExecutor$Worker.run(ThreadPoolExecutor.java:624)
        at java.lang.Thread.run(Thread.java:750)
"IPC Server listener on 15002" daemon prio=5 tid=23 runnable
java.lang.Thread.State: RUNNABLE
        at sun.nio.ch.EPollArrayWrapper.epollWait(Native Method)
        at sun.nio.ch.EPollArrayWrapper.poll(EPollArrayWrapper.java:269)
        at sun.nio.ch.EPollSelectorImpl.doSelect(EPollSelectorImpl.java:93)
        at sun.nio.ch.SelectorImpl.lockAndDoSelect(SelectorImpl.java:86)
        at sun.nio.ch.SelectorImpl.select(SelectorImpl.java:97)
        at sun.nio.ch.SelectorImpl.select(SelectorImpl.java:101)
        at org.apache.hadoop.ipc.Server$Listener.run(Server.java:1404)
"PipelineCommandHandlerThread-0"  prio=5 tid=810 in Object.wait()
java.lang.Thread.State: WAITING (on object monitor)
        at sun.misc.Unsafe.park(Native Method)
        at java.util.concurrent.locks.LockSupport.park(LockSupport.java:175)
        at java.util.concurrent.locks.AbstractQueuedSynchronizer$ConditionObject.await(AbstractQueuedSynchronizer.java:2039)
        at java.util.concurrent.LinkedBlockingQueue.take(LinkedBlockingQueue.java:442)
        at java.util.concurrent.ThreadPoolExecutor.getTask(ThreadPoolExecutor.java:1074)
        at java.util.concurrent.ThreadPoolExecutor.runWorker(ThreadPoolExecutor.java:1134)
        at java.util.concurrent.ThreadPoolExecutor$Worker.run(ThreadPoolExecutor.java:624)
        at java.lang.Thread.run(Thread.java:750)
"Hadoop-Metrics-Updater-0" daemon prio=5 tid=274 timed_waiting
java.lang.Thread.State: TIMED_WAITING
        at sun.misc.Unsafe.park(Native Method)
        at java.util.concurrent.locks.LockSupport.parkNanos(LockSupport.java:215)
        at java.util.concurrent.locks.AbstractQueuedSynchronizer$ConditionObject.awaitNanos(AbstractQueuedSynchronizer.java:2078)
        at java.util.concurrent.ScheduledThreadPoolExecutor$DelayedWorkQueue.take(ScheduledThreadPoolExecutor.java:1093)
        at java.util.concurrent.ScheduledThreadPoolExecutor$DelayedWorkQueue.take(ScheduledThreadPoolExecutor.java:809)
        at java.util.concurrent.ThreadPoolExecutor.getTask(ThreadPoolExecutor.java:1074)
        at java.util.concurrent.ThreadPoolExecutor.runWorker(ThreadPoolExecutor.java:1134)
        at java.util.concurrent.ThreadPoolExecutor$Worker.run(ThreadPoolExecutor.java:624)
        at java.lang.Thread.run(Thread.java:750)
"ChunkReader-3" daemon prio=5 tid=1008 in Object.wait()
java.lang.Thread.State: WAITING (on object monitor)
        at sun.misc.Unsafe.park(Native Method)
        at java.util.concurrent.locks.LockSupport.park(LockSupport.java:175)
        at java.util.concurrent.locks.AbstractQueuedSynchronizer$ConditionObject.await(AbstractQueuedSynchronizer.java:2039)
        at java.util.concurrent.LinkedBlockingQueue.take(LinkedBlockingQueue.java:442)
        at java.util.concurrent.ThreadPoolExecutor.getTask(ThreadPoolExecutor.java:1074)
        at java.util.concurrent.ThreadPoolExecutor.runWorker(ThreadPoolExecutor.java:1134)
        at java.util.concurrent.ThreadPoolExecutor$Worker.run(ThreadPoolExecutor.java:624)
        at java.lang.Thread.run(Thread.java:750)
"StaleRecoveringContainerScrubbingService#1" daemon prio=5 tid=505 in Object.wait()
java.lang.Thread.State: WAITING (on object monitor)
        at sun.misc.Unsafe.park(Native Method)
        at java.util.concurrent.locks.LockSupport.park(LockSupport.java:175)
        at java.util.concurrent.locks.AbstractQueuedSynchronizer$ConditionObject.await(AbstractQueuedSynchronizer.java:2039)
        at java.util.concurrent.ScheduledThreadPoolExecutor$DelayedWorkQueue.take(ScheduledThreadPoolExecutor.java:1088)
        at java.util.concurrent.ScheduledThreadPoolExecutor$DelayedWorkQueue.take(ScheduledThreadPoolExecutor.java:809)
        at java.util.concurrent.ThreadPoolExecutor.getTask(ThreadPoolExecutor.java:1074)
        at java.util.concurrent.ThreadPoolExecutor.runWorker(ThreadPoolExecutor.java:1134)
        at java.util.concurrent.ThreadPoolExecutor$Worker.run(ThreadPoolExecutor.java:624)
        at java.lang.Thread.run(Thread.java:750)
"StaleRecoveringContainerScrubbingService#1" daemon prio=5 tid=459 in Object.wait()
java.lang.Thread.State: WAITING (on object monitor)
        at sun.misc.Unsafe.park(Native Method)
        at java.util.concurrent.locks.LockSupport.park(LockSupport.java:175)
        at java.util.concurrent.locks.AbstractQueuedSynchronizer$ConditionObject.await(AbstractQueuedSynchronizer.java:2039)
        at java.util.concurrent.ScheduledThreadPoolExecutor$DelayedWorkQueue.take(ScheduledThreadPoolExecutor.java:1088)
        at java.util.concurrent.ScheduledThreadPoolExecutor$DelayedWorkQueue.take(ScheduledThreadPoolExecutor.java:809)
        at java.util.concurrent.ThreadPoolExecutor.getTask(ThreadPoolExecutor.java:1074)
        at java.util.concurrent.ThreadPoolExecutor.runWorker(ThreadPoolExecutor.java:1134)
        at java.util.concurrent.ThreadPoolExecutor$Worker.run(ThreadPoolExecutor.java:624)
        at java.lang.Thread.run(Thread.java:750)
"ChunkReader-6" daemon prio=5 tid=1097 in Object.wait()
java.lang.Thread.State: WAITING (on object monitor)
        at sun.misc.Unsafe.park(Native Method)
        at java.util.concurrent.locks.LockSupport.park(LockSupport.java:175)
        at java.util.concurrent.locks.AbstractQueuedSynchronizer$ConditionObject.await(AbstractQueuedSynchronizer.java:2039)
        at java.util.concurrent.LinkedBlockingQueue.take(LinkedBlockingQueue.java:442)
        at java.util.concurrent.ThreadPoolExecutor.getTask(ThreadPoolExecutor.java:1074)
        at java.util.concurrent.ThreadPoolExecutor.runWorker(ThreadPoolExecutor.java:1134)
        at java.util.concurrent.ThreadPoolExecutor$Worker.run(ThreadPoolExecutor.java:624)
        at java.lang.Thread.run(Thread.java:750)
"ChunkWriter-3-0" daemon prio=5 tid=454 in Object.wait()
java.lang.Thread.State: WAITING (on object monitor)
        at sun.misc.Unsafe.park(Native Method)
        at java.util.concurrent.locks.LockSupport.park(LockSupport.java:175)
        at java.util.concurrent.locks.AbstractQueuedSynchronizer$ConditionObject.await(AbstractQueuedSynchronizer.java:2039)
        at java.util.concurrent.LinkedBlockingDeque.takeFirst(LinkedBlockingDeque.java:492)
        at java.util.concurrent.LinkedBlockingDeque.take(LinkedBlockingDeque.java:680)
        at java.util.concurrent.ThreadPoolExecutor.getTask(ThreadPoolExecutor.java:1074)
        at java.util.concurrent.ThreadPoolExecutor.runWorker(ThreadPoolExecutor.java:1134)
        at java.util.concurrent.ThreadPoolExecutor$Worker.run(ThreadPoolExecutor.java:624)
        at java.lang.Thread.run(Thread.java:750)
"BlockDeletingService#2" daemon prio=5 tid=1350 in Object.wait()
java.lang.Thread.State: WAITING (on object monitor)
        at sun.misc.Unsafe.park(Native Method)
        at java.util.concurrent.locks.LockSupport.park(LockSupport.java:175)
        at java.util.concurrent.locks.AbstractQueuedSynchronizer$ConditionObject.await(AbstractQueuedSynchronizer.java:2039)
        at java.util.concurrent.ScheduledThreadPoolExecutor$DelayedWorkQueue.take(ScheduledThreadPoolExecutor.java:1088)
        at java.util.concurrent.ScheduledThreadPoolExecutor$DelayedWorkQueue.take(ScheduledThreadPoolExecutor.java:809)
        at java.util.concurrent.ThreadPoolExecutor.getTask(ThreadPoolExecutor.java:1074)
        at java.util.concurrent.ThreadPoolExecutor.runWorker(ThreadPoolExecutor.java:1134)
        at java.util.concurrent.ThreadPoolExecutor$Worker.run(ThreadPoolExecutor.java:624)
        at java.lang.Thread.run(Thread.java:750)
"qtp926797213-266" daemon prio=5 tid=266 timed_waiting
java.lang.Thread.State: TIMED_WAITING
        at sun.misc.Unsafe.park(Native Method)
        at java.util.concurrent.locks.LockSupport.parkNanos(LockSupport.java:215)
        at java.util.concurrent.locks.AbstractQueuedSynchronizer$ConditionObject.awaitNanos(AbstractQueuedSynchronizer.java:2078)
        at org.eclipse.jetty.util.BlockingArrayQueue.poll(BlockingArrayQueue.java:382)
        at org.eclipse.jetty.util.thread.QueuedThreadPool$Runner.idleJobPoll(QueuedThreadPool.java:974)
        at org.eclipse.jetty.util.thread.QueuedThreadPool$Runner.run(QueuedThreadPool.java:1018)
        at java.lang.Thread.run(Thread.java:750)
"9125f905-aa43-4d0f-845d-e6cfd4dab0cd@group-C6431D6FC4A4-SegmentedRaftLogWorker" daemon prio=5 tid=799 timed_waiting
java.lang.Thread.State: TIMED_WAITING
        at sun.misc.Unsafe.park(Native Method)
        at java.util.concurrent.locks.LockSupport.parkNanos(LockSupport.java:215)
        at java.util.concurrent.locks.AbstractQueuedSynchronizer$ConditionObject.awaitNanos(AbstractQueuedSynchronizer.java:2078)
        at org.apache.ratis.util.DataBlockingQueue.poll(DataBlockingQueue.java:148)
        at org.apache.ratis.server.raftlog.segmented.SegmentedRaftLogWorker.run(SegmentedRaftLogWorker.java:307)
        at org.apache.ratis.server.raftlog.segmented.SegmentedRaftLogWorker$$Lambda$764/731878032.run(Unknown Source)
        at java.util.concurrent.Executors$RunnableAdapter.call(Executors.java:511)
        at java.util.concurrent.FutureTask.run(FutureTask.java:266)
        at java.util.concurrent.ThreadPoolExecutor.runWorker(ThreadPoolExecutor.java:1149)
        at java.util.concurrent.ThreadPoolExecutor$Worker.run(ThreadPoolExecutor.java:624)
        at java.lang.Thread.run(Thread.java:750)
"EventQueue-NodeRegistrationContainerReportForDataNodeSafeModeRule" daemon prio=5 tid=592 in Object.wait()
java.lang.Thread.State: WAITING (on object monitor)
        at sun.misc.Unsafe.park(Native Method)
        at java.util.concurrent.locks.LockSupport.park(LockSupport.java:175)
        at java.util.concurrent.locks.AbstractQueuedSynchronizer$ConditionObject.await(AbstractQueuedSynchronizer.java:2039)
        at java.util.concurrent.LinkedBlockingQueue.take(LinkedBlockingQueue.java:442)
        at java.util.concurrent.ThreadPoolExecutor.getTask(ThreadPoolExecutor.java:1074)
        at java.util.concurrent.ThreadPoolExecutor.runWorker(ThreadPoolExecutor.java:1134)
        at java.util.concurrent.ThreadPoolExecutor$Worker.run(ThreadPoolExecutor.java:624)
        at java.lang.Thread.run(Thread.java:750)
"ChunkReader-8" daemon prio=5 tid=1093 in Object.wait()
java.lang.Thread.State: WAITING (on object monitor)
        at sun.misc.Unsafe.park(Native Method)
        at java.util.concurrent.locks.LockSupport.park(LockSupport.java:175)
        at java.util.concurrent.locks.AbstractQueuedSynchronizer$ConditionObject.await(AbstractQueuedSynchronizer.java:2039)
        at java.util.concurrent.LinkedBlockingQueue.take(LinkedBlockingQueue.java:442)
        at java.util.concurrent.ThreadPoolExecutor.getTask(ThreadPoolExecutor.java:1074)
        at java.util.concurrent.ThreadPoolExecutor.runWorker(ThreadPoolExecutor.java:1134)
        at java.util.concurrent.ThreadPoolExecutor$Worker.run(ThreadPoolExecutor.java:624)
        at java.lang.Thread.run(Thread.java:750)
"main"  prio=5 tid=1 runnable
java.lang.Thread.State: RUNNABLE
        at java.lang.Thread.dumpThreads(Native Method)
        at java.lang.Thread.getAllStackTraces(Thread.java:1615)
        at org.apache.ozone.test.TimedOutTestsListener.buildThreadDump(TimedOutTestsListener.java:93)
        at org.apache.ozone.test.TimedOutTestsListener.buildThreadDiagnosticString(TimedOutTestsListener.java:79)
        at org.apache.ozone.test.GenericTestUtils.waitFor(GenericTestUtils.java:231)
        at org.apache.hadoop.ozone.container.TestECContainerRecovery.testECContainerRecoveryWithTimedOutRecovery(TestECContainerRecovery.java:345)
        at sun.reflect.NativeMethodAccessorImpl.invoke0(Native Method)
        at sun.reflect.NativeMethodAccessorImpl.invoke(NativeMethodAccessorImpl.java:62)
        at sun.reflect.DelegatingMethodAccessorImpl.invoke(DelegatingMethodAccessorImpl.java:43)
        at java.lang.reflect.Method.invoke(Method.java:498)
        at org.junit.platform.commons.util.ReflectionUtils.invokeMethod(ReflectionUtils.java:725)
        at org.junit.jupiter.engine.execution.MethodInvocation.proceed(MethodInvocation.java:60)
        at org.junit.jupiter.engine.execution.InvocationInterceptorChain$ValidatingInvocation.proceed(InvocationInterceptorChain.java:131)
        at org.junit.jupiter.engine.extension.TimeoutExtension.intercept(TimeoutExtension.java:149)
        at org.junit.jupiter.engine.extension.TimeoutExtension.interceptTestableMethod(TimeoutExtension.java:140)
        at org.junit.jupiter.engine.extension.TimeoutExtension.interceptTestMethod(TimeoutExtension.java:84)
        at org.junit.jupiter.engine.descriptor.TestMethodTestDescriptor$$Lambda$158/2074658615.apply(Unknown Source)
        at org.junit.jupiter.engine.execution.ExecutableInvoker$ReflectiveInterceptorCall.lambda$ofVoidMethod$0(ExecutableInvoker.java:115)
        at org.junit.jupiter.engine.execution.ExecutableInvoker$ReflectiveInterceptorCall$$Lambda$159/837659261.apply(Unknown Source)
        at org.junit.jupiter.engine.execution.ExecutableInvoker.lambda$invoke$0(ExecutableInvoker.java:105)
        at org.junit.jupiter.engine.execution.ExecutableInvoker$$Lambda$314/428039780.apply(Unknown Source)
        at org.junit.jupiter.engine.execution.InvocationInterceptorChain$InterceptedInvocation.proceed(InvocationInterceptorChain.java:106)
        at org.junit.jupiter.engine.execution.InvocationInterceptorChain.proceed(InvocationInterceptorChain.java:64)
        at org.junit.jupiter.engine.execution.InvocationInterceptorChain.chainAndInvoke(InvocationInterceptorChain.java:45)
        at org.junit.jupiter.engine.execution.InvocationInterceptorChain.invoke(InvocationInterceptorChain.java:37)
        at org.junit.jupiter.engine.execution.ExecutableInvoker.invoke(ExecutableInvoker.java:104)
        at org.junit.jupiter.engine.execution.ExecutableInvoker.invoke(ExecutableInvoker.java:98)
        at org.junit.jupiter.engine.descriptor.TestMethodTestDescriptor.lambda$invokeTestMethod$7(TestMethodTestDescriptor.java:214)
        at org.junit.jupiter.engine.descriptor.TestMethodTestDescriptor$$Lambda$1318/2064340397.execute(Unknown Source)
        at org.junit.platform.engine.support.hierarchical.ThrowableCollector.execute(ThrowableCollector.java:73)
        at org.junit.jupiter.engine.descriptor.TestMethodTestDescriptor.invokeTestMethod(TestMethodTestDescriptor.java:210)
        at org.junit.jupiter.engine.descriptor.TestMethodTestDescriptor.execute(TestMethodTestDescriptor.java:135)
        at org.junit.jupiter.engine.descriptor.TestMethodTestDescriptor.execute(TestMethodTestDescriptor.java:66)
        at org.junit.platform.engine.support.hierarchical.NodeTestTask.lambda$executeRecursively$6(NodeTestTask.java:151)
        at org.junit.platform.engine.support.hierarchical.NodeTestTask$$Lambda$258/1414549197.execute(Unknown Source)
        at org.junit.platform.engine.support.hierarchical.ThrowableCollector.execute(ThrowableCollector.java:73)
        at org.junit.platform.engine.support.hierarchical.NodeTestTask.lambda$executeRecursively$8(NodeTestTask.java:141)
        at org.junit.platform.engine.support.hierarchical.NodeTestTask$$Lambda$257/1958680465.invoke(Unknown Source)
        at org.junit.platform.engine.support.hierarchical.Node.around(Node.java:137)
        at org.junit.platform.engine.support.hierarchical.NodeTestTask.lambda$executeRecursively$9(NodeTestTask.java:139)
        at org.junit.platform.engine.support.hierarchical.NodeTestTask$$Lambda$256/872669868.execute(Unknown Source)
        at org.junit.platform.engine.support.hierarchical.ThrowableCollector.execute(ThrowableCollector.java:73)
        at org.junit.platform.engine.support.hierarchical.NodeTestTask.executeRecursively(NodeTestTask.java:138)
        at org.junit.platform.engine.support.hierarchical.NodeTestTask.execute(NodeTestTask.java:95)
        at org.junit.platform.engine.support.hierarchical.SameThreadHierarchicalTestExecutorService$$Lambda$262/305502850.accept(Unknown Source)
        at java.util.ArrayList.forEach(ArrayList.java:1259)
        at org.junit.platform.engine.support.hierarchical.SameThreadHierarchicalTestExecutorService.invokeAll(SameThreadHierarchicalTestExecutorService.java:41)
        at org.junit.platform.engine.support.hierarchical.NodeTestTask.lambda$executeRecursively$6(NodeTestTask.java:155)
        at org.junit.platform.engine.support.hierarchical.NodeTestTask$$Lambda$258/1414549197.execute(Unknown Source)
        at org.junit.platform.engine.support.hierarchical.ThrowableCollector.execute(ThrowableCollector.java:73)
        at org.junit.platform.engine.support.hierarchical.NodeTestTask.lambda$executeRecursively$8(NodeTestTask.java:141)
        at org.junit.platform.engine.support.hierarchical.NodeTestTask$$Lambda$257/1958680465.invoke(Unknown Source)
        at org.junit.platform.engine.support.hierarchical.Node.around(Node.java:137)
        at org.junit.platform.engine.support.hierarchical.NodeTestTask.lambda$executeRecursively$9(NodeTestTask.java:139)
        at org.junit.platform.engine.support.hierarchical.NodeTestTask$$Lambda$256/872669868.execute(Unknown Source)
        at org.junit.platform.engine.support.hierarchical.ThrowableCollector.execute(ThrowableCollector.java:73)
        at org.junit.platform.engine.support.hierarchical.NodeTestTask.executeRecursively(NodeTestTask.java:138)
        at org.junit.platform.engine.support.hierarchical.NodeTestTask.execute(NodeTestTask.java:95)
        at org.junit.platform.engine.support.hierarchical.SameThreadHierarchicalTestExecutorService$$Lambda$262/305502850.accept(Unknown Source)
        at java.util.ArrayList.forEach(ArrayList.java:1259)
        at org.junit.platform.engine.support.hierarchical.SameThreadHierarchicalTestExecutorService.invokeAll(SameThreadHierarchicalTestExecutorService.java:41)
        at org.junit.platform.engine.support.hierarchical.NodeTestTask.lambda$executeRecursively$6(NodeTestTask.java:155)
        at org.junit.platform.engine.support.hierarchical.NodeTestTask$$Lambda$258/1414549197.execute(Unknown Source)
        at org.junit.platform.engine.support.hierarchical.ThrowableCollector.execute(ThrowableCollector.java:73)
        at org.junit.platform.engine.support.hierarchical.NodeTestTask.lambda$executeRecursively$8(NodeTestTask.java:141)
        at org.junit.platform.engine.support.hierarchical.NodeTestTask$$Lambda$257/1958680465.invoke(Unknown Source)
        at org.junit.platform.engine.support.hierarchical.Node.around(Node.java:137)
        at org.junit.platform.engine.support.hierarchical.NodeTestTask.lambda$executeRecursively$9(NodeTestTask.java:139)
        at org.junit.platform.engine.support.hierarchical.NodeTestTask$$Lambda$256/872669868.execute(Unknown Source)
        at org.junit.platform.engine.support.hierarchical.ThrowableCollector.execute(ThrowableCollector.java:73)
        at org.junit.platform.engine.support.hierarchical.NodeTestTask.executeRecursively(NodeTestTask.java:138)
        at org.junit.platform.engine.support.hierarchical.NodeTestTask.execute(NodeTestTask.java:95)
        at org.junit.platform.engine.support.hierarchical.SameThreadHierarchicalTestExecutorService.submit(SameThreadHierarchicalTestExecutorService.java:35)
        at org.junit.platform.engine.support.hierarchical.HierarchicalTestExecutor.execute(HierarchicalTestExecutor.java:57)
        at org.junit.platform.engine.support.hierarchical.HierarchicalTestEngine.execute(HierarchicalTestEngine.java:54)
        at org.junit.platform.launcher.core.EngineExecutionOrchestrator.execute(EngineExecutionOrchestrator.java:107)
        at org.junit.platform.launcher.core.EngineExecutionOrchestrator.execute(EngineExecutionOrchestrator.java:88)
        at org.junit.platform.launcher.core.EngineExecutionOrchestrator.lambda$execute$0(EngineExecutionOrchestrator.java:54)
        at org.junit.platform.launcher.core.EngineExecutionOrchestrator$$Lambda$214/1168420930.accept(Unknown Source)
        at org.junit.platform.launcher.core.EngineExecutionOrchestrator.withInterceptedStreams(EngineExecutionOrchestrator.java:67)
        at org.junit.platform.launcher.core.EngineExecutionOrchestrator.execute(EngineExecutionOrchestrator.java:52)
        at org.junit.platform.launcher.core.DefaultLauncher.execute(DefaultLauncher.java:114)
        at org.junit.platform.launcher.core.DefaultLauncher.execute(DefaultLauncher.java:86)
        at org.junit.platform.launcher.core.DefaultLauncherSession$DelegatingLauncher.execute(DefaultLauncherSession.java:86)
        at org.junit.platform.launcher.core.SessionPerRequestLauncher.execute(SessionPerRequestLauncher.java:53)
        at org.apache.maven.surefire.junitplatform.JUnitPlatformProvider.execute(JUnitPlatformProvider.java:188)
        at org.apache.maven.surefire.junitplatform.JUnitPlatformProvider.invokeAllTests(JUnitPlatformProvider.java:154)
        at org.apache.maven.surefire.junitplatform.JUnitPlatformProvider.invoke(JUnitPlatformProvider.java:124)
        at org.apache.maven.surefire.booter.ForkedBooter.runSuitesInProcess(ForkedBooter.java:428)
        at org.apache.maven.surefire.booter.ForkedBooter.execute(ForkedBooter.java:162)
        at org.apache.maven.surefire.booter.ForkedBooter.run(ForkedBooter.java:562)
        at org.apache.maven.surefire.booter.ForkedBooter.main(ForkedBooter.java:548)
"qtp1221097305-235" daemon prio=5 tid=235 timed_waiting
java.lang.Thread.State: TIMED_WAITING
        at sun.misc.Unsafe.park(Native Method)
        at java.util.concurrent.locks.LockSupport.parkNanos(LockSupport.java:215)
        at java.util.concurrent.locks.AbstractQueuedSynchronizer$ConditionObject.awaitNanos(AbstractQueuedSynchronizer.java:2078)
        at org.eclipse.jetty.util.BlockingArrayQueue.poll(BlockingArrayQueue.java:382)
        at org.eclipse.jetty.util.thread.QueuedThreadPool$Runner.idleJobPoll(QueuedThreadPool.java:974)
        at org.eclipse.jetty.util.thread.QueuedThreadPool$Runner.run(QueuedThreadPool.java:1018)
        at java.lang.Thread.run(Thread.java:750)
"PipelineCommandHandlerThread-0"  prio=5 tid=700 in Object.wait()
java.lang.Thread.State: WAITING (on object monitor)
        at sun.misc.Unsafe.park(Native Method)
        at java.util.concurrent.locks.LockSupport.park(LockSupport.java:175)
        at java.util.concurrent.locks.AbstractQueuedSynchronizer$ConditionObject.await(AbstractQueuedSynchronizer.java:2039)
        at java.util.concurrent.LinkedBlockingQueue.take(LinkedBlockingQueue.java:442)
        at java.util.concurrent.ThreadPoolExecutor.getTask(ThreadPoolExecutor.java:1074)
        at java.util.concurrent.ThreadPoolExecutor.runWorker(ThreadPoolExecutor.java:1134)
        at java.util.concurrent.ThreadPoolExecutor$Worker.run(ThreadPoolExecutor.java:624)
        at java.lang.Thread.run(Thread.java:750)
"36cbda38-693f-49bb-be1a-3256c6faae50@group-C6431D6FC4A4-StateMachineUpdater" daemon prio=5 tid=791 timed_waiting
java.lang.Thread.State: TIMED_WAITING
        at sun.misc.Unsafe.park(Native Method)
        at java.util.concurrent.locks.LockSupport.parkNanos(LockSupport.java:215)
        at java.util.concurrent.locks.AbstractQueuedSynchronizer$ConditionObject.await(AbstractQueuedSynchronizer.java:2163)
        at org.apache.ratis.util.AwaitForSignal.await(AwaitForSignal.java:62)
        at org.apache.ratis.server.impl.StateMachineUpdater.waitForCommit(StateMachineUpdater.java:209)
        at org.apache.ratis.server.impl.StateMachineUpdater.run(StateMachineUpdater.java:178)
        at java.lang.Thread.run(Thread.java:750)
"qtp1851070396-531" daemon prio=5 tid=531 timed_waiting
java.lang.Thread.State: TIMED_WAITING
        at sun.misc.Unsafe.park(Native Method)
        at java.util.concurrent.locks.LockSupport.parkNanos(LockSupport.java:215)
        at java.util.concurrent.locks.AbstractQueuedSynchronizer$ConditionObject.awaitNanos(AbstractQueuedSynchronizer.java:2078)
        at org.eclipse.jetty.util.BlockingArrayQueue.poll(BlockingArrayQueue.java:382)
        at org.eclipse.jetty.util.thread.QueuedThreadPool$Runner.idleJobPoll(QueuedThreadPool.java:974)
        at org.eclipse.jetty.util.thread.QueuedThreadPool$Runner.run(QueuedThreadPool.java:1018)
        at java.lang.Thread.run(Thread.java:750)
"Hadoop-Metrics-Updater-0" daemon prio=5 tid=37 timed_waiting
java.lang.Thread.State: TIMED_WAITING
        at sun.misc.Unsafe.park(Native Method)
        at java.util.concurrent.locks.LockSupport.parkNanos(LockSupport.java:215)
        at java.util.concurrent.locks.AbstractQueuedSynchronizer$ConditionObject.awaitNanos(AbstractQueuedSynchronizer.java:2078)
        at java.util.concurrent.ScheduledThreadPoolExecutor$DelayedWorkQueue.take(ScheduledThreadPoolExecutor.java:1093)
        at java.util.concurrent.ScheduledThreadPoolExecutor$DelayedWorkQueue.take(ScheduledThreadPoolExecutor.java:809)
        at java.util.concurrent.ThreadPoolExecutor.getTask(ThreadPoolExecutor.java:1074)
        at java.util.concurrent.ThreadPoolExecutor.runWorker(ThreadPoolExecutor.java:1134)
        at java.util.concurrent.ThreadPoolExecutor$Worker.run(ThreadPoolExecutor.java:624)
        at java.lang.Thread.run(Thread.java:750)
"ChunkReader-8" daemon prio=5 tid=1283 in Object.wait()
java.lang.Thread.State: WAITING (on object monitor)
        at sun.misc.Unsafe.park(Native Method)
        at java.util.concurrent.locks.LockSupport.park(LockSupport.java:175)
        at java.util.concurrent.locks.AbstractQueuedSynchronizer$ConditionObject.await(AbstractQueuedSynchronizer.java:2039)
        at java.util.concurrent.LinkedBlockingQueue.take(LinkedBlockingQueue.java:442)
        at java.util.concurrent.ThreadPoolExecutor.getTask(ThreadPoolExecutor.java:1074)
        at java.util.concurrent.ThreadPoolExecutor.runWorker(ThreadPoolExecutor.java:1134)
        at java.util.concurrent.ThreadPoolExecutor$Worker.run(ThreadPoolExecutor.java:624)
        at java.lang.Thread.run(Thread.java:750)
"IPC Server handler 0 on default port 15082" daemon prio=5 tid=511 timed_waiting
java.lang.Thread.State: TIMED_WAITING
        at sun.misc.Unsafe.park(Native Method)
        at java.util.concurrent.locks.LockSupport.parkNanos(LockSupport.java:215)
        at java.util.concurrent.locks.AbstractQueuedSynchronizer$ConditionObject.awaitNanos(AbstractQueuedSynchronizer.java:2078)
        at java.util.concurrent.LinkedBlockingQueue.poll(LinkedBlockingQueue.java:467)
        at org.apache.hadoop.ipc.CallQueueManager.take(CallQueueManager.java:317)
        at org.apache.hadoop.ipc.Server$Handler.run(Server.java:2992)
"StaleRecoveringContainerScrubbingService#6" daemon prio=5 tid=1327 in Object.wait()
java.lang.Thread.State: WAITING (on object monitor)
        at sun.misc.Unsafe.park(Native Method)
        at java.util.concurrent.locks.LockSupport.park(LockSupport.java:175)
        at java.util.concurrent.locks.AbstractQueuedSynchronizer$ConditionObject.await(AbstractQueuedSynchronizer.java:2039)
        at java.util.concurrent.ScheduledThreadPoolExecutor$DelayedWorkQueue.take(ScheduledThreadPoolExecutor.java:1088)
        at java.util.concurrent.ScheduledThreadPoolExecutor$DelayedWorkQueue.take(ScheduledThreadPoolExecutor.java:809)
        at java.util.concurrent.ThreadPoolExecutor.getTask(ThreadPoolExecutor.java:1074)
        at java.util.concurrent.ThreadPoolExecutor.runWorker(ThreadPoolExecutor.java:1134)
        at java.util.concurrent.ThreadPoolExecutor$Worker.run(ThreadPoolExecutor.java:624)
        at java.lang.Thread.run(Thread.java:750)
"pool-407-thread-1"  prio=5 tid=1115 timed_waiting
java.lang.Thread.State: TIMED_WAITING
        at sun.misc.Unsafe.park(Native Method)
        at java.util.concurrent.locks.LockSupport.parkNanos(LockSupport.java:215)
        at java.util.concurrent.locks.AbstractQueuedSynchronizer$ConditionObject.awaitNanos(AbstractQueuedSynchronizer.java:2078)
        at java.util.concurrent.ScheduledThreadPoolExecutor$DelayedWorkQueue.take(ScheduledThreadPoolExecutor.java:1093)
        at java.util.concurrent.ScheduledThreadPoolExecutor$DelayedWorkQueue.take(ScheduledThreadPoolExecutor.java:809)
        at java.util.concurrent.ThreadPoolExecutor.getTask(ThreadPoolExecutor.java:1074)
        at java.util.concurrent.ThreadPoolExecutor.runWorker(ThreadPoolExecutor.java:1134)
        at java.util.concurrent.ThreadPoolExecutor$Worker.run(ThreadPoolExecutor.java:624)
        at java.lang.Thread.run(Thread.java:750)
"fac1c7af-03c1-44bd-b323-3796df9c2435@group-13C1C55693B9-SegmentedRaftLogWorker"  prio=5 tid=1199 timed_waiting
java.lang.Thread.State: TIMED_WAITING
        at sun.misc.Unsafe.park(Native Method)
        at java.util.concurrent.locks.LockSupport.parkNanos(LockSupport.java:215)
        at java.util.concurrent.locks.AbstractQueuedSynchronizer$ConditionObject.awaitNanos(AbstractQueuedSynchronizer.java:2078)
        at org.apache.ratis.util.DataBlockingQueue.poll(DataBlockingQueue.java:148)
        at org.apache.ratis.server.raftlog.segmented.SegmentedRaftLogWorker.run(SegmentedRaftLogWorker.java:307)
        at org.apache.ratis.server.raftlog.segmented.SegmentedRaftLogWorker$$Lambda$764/731878032.run(Unknown Source)
        at java.util.concurrent.Executors$RunnableAdapter.call(Executors.java:511)
        at java.util.concurrent.FutureTask.run(FutureTask.java:266)
        at java.util.concurrent.ThreadPoolExecutor.runWorker(ThreadPoolExecutor.java:1149)
        at java.util.concurrent.ThreadPoolExecutor$Worker.run(ThreadPoolExecutor.java:624)
        at java.lang.Thread.run(Thread.java:750)
"IPC Server handler 2 on default port 15001" daemon prio=5 tid=71 timed_waiting
java.lang.Thread.State: TIMED_WAITING
        at sun.misc.Unsafe.park(Native Method)
        at java.util.concurrent.locks.LockSupport.parkNanos(LockSupport.java:215)
        at java.util.concurrent.locks.AbstractQueuedSynchronizer$ConditionObject.awaitNanos(AbstractQueuedSynchronizer.java:2078)
        at java.util.concurrent.LinkedBlockingQueue.poll(LinkedBlockingQueue.java:467)
        at org.apache.hadoop.ipc.CallQueueManager.take(CallQueueManager.java:317)
        at org.apache.hadoop.ipc.Server$Handler.run(Server.java:2992)
"grpc-default-executor-6" daemon prio=5 tid=897 timed_waiting
java.lang.Thread.State: TIMED_WAITING
        at sun.misc.Unsafe.park(Native Method)
        at java.util.concurrent.locks.LockSupport.parkNanos(LockSupport.java:215)
        at java.util.concurrent.SynchronousQueue$TransferStack.awaitFulfill(SynchronousQueue.java:460)
        at java.util.concurrent.SynchronousQueue$TransferStack.transfer(SynchronousQueue.java:362)
        at java.util.concurrent.SynchronousQueue.poll(SynchronousQueue.java:941)
        at java.util.concurrent.ThreadPoolExecutor.getTask(ThreadPoolExecutor.java:1073)
        at java.util.concurrent.ThreadPoolExecutor.runWorker(ThreadPoolExecutor.java:1134)
        at java.util.concurrent.ThreadPoolExecutor$Worker.run(ThreadPoolExecutor.java:624)
        at java.lang.Thread.run(Thread.java:750)
"qtp1739609831-367" daemon prio=5 tid=367 timed_waiting
java.lang.Thread.State: TIMED_WAITING
        at sun.misc.Unsafe.park(Native Method)
        at java.util.concurrent.locks.LockSupport.parkNanos(LockSupport.java:215)
        at java.util.concurrent.locks.AbstractQueuedSynchronizer$ConditionObject.awaitNanos(AbstractQueuedSynchronizer.java:2078)
        at org.eclipse.jetty.util.BlockingArrayQueue.poll(BlockingArrayQueue.java:382)
        at org.eclipse.jetty.util.thread.QueuedThreadPool$Runner.idleJobPoll(QueuedThreadPool.java:974)
        at org.eclipse.jetty.util.thread.QueuedThreadPool$Runner.run(QueuedThreadPool.java:1018)
        at java.lang.Thread.run(Thread.java:750)
"qtp1562316023-300" daemon prio=5 tid=300 timed_waiting
java.lang.Thread.State: TIMED_WAITING
        at sun.misc.Unsafe.park(Native Method)
        at java.util.concurrent.locks.LockSupport.parkNanos(LockSupport.java:215)
        at java.util.concurrent.locks.AbstractQueuedSynchronizer$ConditionObject.awaitNanos(AbstractQueuedSynchronizer.java:2078)
        at org.eclipse.jetty.util.BlockingArrayQueue.poll(BlockingArrayQueue.java:382)
        at org.eclipse.jetty.util.thread.QueuedThreadPool$Runner.idleJobPoll(QueuedThreadPool.java:974)
        at org.eclipse.jetty.util.thread.QueuedThreadPool$Runner.run(QueuedThreadPool.java:1018)
        at java.lang.Thread.run(Thread.java:750)
"BlockDeletingService#3" daemon prio=5 tid=1411 in Object.wait()
java.lang.Thread.State: WAITING (on object monitor)
        at sun.misc.Unsafe.park(Native Method)
        at java.util.concurrent.locks.LockSupport.park(LockSupport.java:175)
        at java.util.concurrent.locks.AbstractQueuedSynchronizer$ConditionObject.await(AbstractQueuedSynchronizer.java:2039)
        at java.util.concurrent.ScheduledThreadPoolExecutor$DelayedWorkQueue.take(ScheduledThreadPoolExecutor.java:1088)
        at java.util.concurrent.ScheduledThreadPoolExecutor$DelayedWorkQueue.take(ScheduledThreadPoolExecutor.java:809)
        at java.util.concurrent.ThreadPoolExecutor.getTask(ThreadPoolExecutor.java:1074)
        at java.util.concurrent.ThreadPoolExecutor.runWorker(ThreadPoolExecutor.java:1134)
        at java.util.concurrent.ThreadPoolExecutor$Worker.run(ThreadPoolExecutor.java:624)
        at java.lang.Thread.run(Thread.java:750)
"qtp941765836-440" daemon prio=5 tid=440 runnable
java.lang.Thread.State: RUNNABLE
        at sun.nio.ch.EPollArrayWrapper.epollWait(Native Method)
        at sun.nio.ch.EPollArrayWrapper.poll(EPollArrayWrapper.java:269)
        at sun.nio.ch.EPollSelectorImpl.doSelect(EPollSelectorImpl.java:93)
        at sun.nio.ch.SelectorImpl.lockAndDoSelect(SelectorImpl.java:86)
        at sun.nio.ch.SelectorImpl.select(SelectorImpl.java:97)
        at sun.nio.ch.SelectorImpl.select(SelectorImpl.java:101)
        at org.eclipse.jetty.io.ManagedSelector.nioSelect(ManagedSelector.java:183)
        at org.eclipse.jetty.io.ManagedSelector.select(ManagedSelector.java:190)
        at org.eclipse.jetty.io.ManagedSelector$SelectorProducer.select(ManagedSelector.java:606)
        at org.eclipse.jetty.io.ManagedSelector$SelectorProducer.produce(ManagedSelector.java:543)
        at org.eclipse.jetty.util.thread.strategy.EatWhatYouKill.produceTask(EatWhatYouKill.java:362)
        at org.eclipse.jetty.util.thread.strategy.EatWhatYouKill.doProduce(EatWhatYouKill.java:186)
        at org.eclipse.jetty.util.thread.strategy.EatWhatYouKill.tryProduce(EatWhatYouKill.java:173)
        at org.eclipse.jetty.util.thread.strategy.EatWhatYouKill.produce(EatWhatYouKill.java:137)
        at org.eclipse.jetty.io.ManagedSelector$$Lambda$472/1519927178.run(Unknown Source)
        at org.eclipse.jetty.util.thread.QueuedThreadPool.runJob(QueuedThreadPool.java:883)
        at org.eclipse.jetty.util.thread.QueuedThreadPool$Runner.run(QueuedThreadPool.java:1034)
        at java.lang.Thread.run(Thread.java:750)
"qtp246025507-399" daemon prio=5 tid=399 timed_waiting
java.lang.Thread.State: TIMED_WAITING
        at sun.misc.Unsafe.park(Native Method)
        at java.util.concurrent.locks.LockSupport.parkNanos(LockSupport.java:215)
        at java.util.concurrent.locks.AbstractQueuedSynchronizer$ConditionObject.awaitNanos(AbstractQueuedSynchronizer.java:2078)
        at org.eclipse.jetty.util.BlockingArrayQueue.poll(BlockingArrayQueue.java:382)
        at org.eclipse.jetty.util.thread.QueuedThreadPool$Runner.idleJobPoll(QueuedThreadPool.java:974)
        at org.eclipse.jetty.util.thread.QueuedThreadPool$Runner.run(QueuedThreadPool.java:1018)
        at java.lang.Thread.run(Thread.java:750)
"qtp941765836-441-acceptor-0@75b59f38-ServerConnector@5b4d30c7{HTTP/1.1, (http/1.1)}{0.0.0.0:15072}" daemon prio=3 tid=441 runnable
java.lang.Thread.State: RUNNABLE
        at sun.nio.ch.ServerSocketChannelImpl.accept0(Native Method)
        at sun.nio.ch.ServerSocketChannelImpl.accept(ServerSocketChannelImpl.java:421)
        at sun.nio.ch.ServerSocketChannelImpl.accept(ServerSocketChannelImpl.java:249)
        at org.eclipse.jetty.server.ServerConnector.accept(ServerConnector.java:388)
        at org.eclipse.jetty.server.AbstractConnector$Acceptor.run(AbstractConnector.java:704)
        at org.eclipse.jetty.util.thread.QueuedThreadPool.runJob(QueuedThreadPool.java:883)
        at org.eclipse.jetty.util.thread.QueuedThreadPool$Runner.run(QueuedThreadPool.java:1034)
        at java.lang.Thread.run(Thread.java:750)
"ChunkReader-7" daemon prio=5 tid=1091 in Object.wait()
java.lang.Thread.State: WAITING (on object monitor)
        at sun.misc.Unsafe.park(Native Method)
        at java.util.concurrent.locks.LockSupport.park(LockSupport.java:175)
        at java.util.concurrent.locks.AbstractQueuedSynchronizer$ConditionObject.await(AbstractQueuedSynchronizer.java:2039)
        at java.util.concurrent.LinkedBlockingQueue.take(LinkedBlockingQueue.java:442)
        at java.util.concurrent.ThreadPoolExecutor.getTask(ThreadPoolExecutor.java:1074)
        at java.util.concurrent.ThreadPoolExecutor.runWorker(ThreadPoolExecutor.java:1134)
        at java.util.concurrent.ThreadPoolExecutor$Worker.run(ThreadPoolExecutor.java:624)
        at java.lang.Thread.run(Thread.java:750)
"aab6e560-2e42-4217-8e7a-cc5f2733e87a@group-2670E7DB9F10-StateMachineUpdater" daemon prio=5 tid=764 timed_waiting
java.lang.Thread.State: TIMED_WAITING
        at sun.misc.Unsafe.park(Native Method)
        at java.util.concurrent.locks.LockSupport.parkNanos(LockSupport.java:215)
        at java.util.concurrent.locks.AbstractQueuedSynchronizer$ConditionObject.await(AbstractQueuedSynchronizer.java:2163)
        at org.apache.ratis.util.AwaitForSignal.await(AwaitForSignal.java:62)
        at org.apache.ratis.server.impl.StateMachineUpdater.waitForCommit(StateMachineUpdater.java:209)
        at org.apache.ratis.server.impl.StateMachineUpdater.run(StateMachineUpdater.java:178)
        at java.lang.Thread.run(Thread.java:750)
"IPC Server handler 0 on default port 15055" daemon prio=5 tid=374 timed_waiting
java.lang.Thread.State: TIMED_WAITING
        at sun.misc.Unsafe.park(Native Method)
        at java.util.concurrent.locks.LockSupport.parkNanos(LockSupport.java:215)
        at java.util.concurrent.locks.AbstractQueuedSynchronizer$ConditionObject.awaitNanos(AbstractQueuedSynchronizer.java:2078)
        at java.util.concurrent.LinkedBlockingQueue.poll(LinkedBlockingQueue.java:467)
        at org.apache.hadoop.ipc.CallQueueManager.take(CallQueueManager.java:317)
        at org.apache.hadoop.ipc.Server$Handler.run(Server.java:2992)
"EventQueue-NodeReportForNodeReportHandler" daemon prio=5 tid=1344 in Object.wait()
java.lang.Thread.State: WAITING (on object monitor)
        at sun.misc.Unsafe.park(Native Method)
        at java.util.concurrent.locks.LockSupport.park(LockSupport.java:175)
        at java.util.concurrent.locks.AbstractQueuedSynchronizer$ConditionObject.await(AbstractQueuedSynchronizer.java:2039)
        at java.util.concurrent.LinkedBlockingQueue.take(LinkedBlockingQueue.java:442)
        at java.util.concurrent.ThreadPoolExecutor.getTask(ThreadPoolExecutor.java:1074)
        at java.util.concurrent.ThreadPoolExecutor.runWorker(ThreadPoolExecutor.java:1134)
        at java.util.concurrent.ThreadPoolExecutor$Worker.run(ThreadPoolExecutor.java:624)
        at java.lang.Thread.run(Thread.java:750)
"d7192325-13fb-433e-b8d5-f6359b644c8f@group-13C1C55693B9-FollowerState" daemon prio=5 tid=1249 timed_waiting
java.lang.Thread.State: TIMED_WAITING
        at java.lang.Thread.sleep(Native Method)
        at java.lang.Thread.sleep(Thread.java:342)
        at java.util.concurrent.TimeUnit.sleep(TimeUnit.java:386)
        at org.apache.ratis.util.TimeDuration.sleep(TimeDuration.java:325)
        at org.apache.ratis.util.TimeDuration.sleep(TimeDuration.java:310)
        at org.apache.ratis.server.impl.FollowerState.run(FollowerState.java:128)
"Datanode ReportManager Thread - 1" daemon prio=5 tid=424 in Object.wait()
java.lang.Thread.State: WAITING (on object monitor)
        at sun.misc.Unsafe.park(Native Method)
        at java.util.concurrent.locks.LockSupport.park(LockSupport.java:175)
        at java.util.concurrent.locks.AbstractQueuedSynchronizer$ConditionObject.await(AbstractQueuedSynchronizer.java:2039)
        at java.util.concurrent.ScheduledThreadPoolExecutor$DelayedWorkQueue.take(ScheduledThreadPoolExecutor.java:1088)
        at java.util.concurrent.ScheduledThreadPoolExecutor$DelayedWorkQueue.take(ScheduledThreadPoolExecutor.java:809)
        at java.util.concurrent.ThreadPoolExecutor.getTask(ThreadPoolExecutor.java:1074)
        at java.util.concurrent.ThreadPoolExecutor.runWorker(ThreadPoolExecutor.java:1134)
        at java.util.concurrent.ThreadPoolExecutor$Worker.run(ThreadPoolExecutor.java:624)
        at java.lang.Thread.run(Thread.java:750)
"Datanode ReportManager Thread - 2" daemon prio=5 tid=312 timed_waiting
java.lang.Thread.State: TIMED_WAITING
        at sun.misc.Unsafe.park(Native Method)
        at java.util.concurrent.locks.LockSupport.parkNanos(LockSupport.java:215)
        at java.util.concurrent.locks.AbstractQueuedSynchronizer$ConditionObject.awaitNanos(AbstractQueuedSynchronizer.java:2078)
        at java.util.concurrent.ScheduledThreadPoolExecutor$DelayedWorkQueue.take(ScheduledThreadPoolExecutor.java:1093)
        at java.util.concurrent.ScheduledThreadPoolExecutor$DelayedWorkQueue.take(ScheduledThreadPoolExecutor.java:809)
        at java.util.concurrent.ThreadPoolExecutor.getTask(ThreadPoolExecutor.java:1074)
        at java.util.concurrent.ThreadPoolExecutor.runWorker(ThreadPoolExecutor.java:1134)
        at java.util.concurrent.ThreadPoolExecutor$Worker.run(ThreadPoolExecutor.java:624)
        at java.lang.Thread.run(Thread.java:750)
"b39db728-622c-42ae-954c-bd0dbc524ba7@group-E0CD80DDF985-LeaderStateImpl" daemon prio=5 tid=1053 timed_waiting
java.lang.Thread.State: TIMED_WAITING
        at sun.misc.Unsafe.park(Native Method)
        at java.util.concurrent.locks.LockSupport.parkNanos(LockSupport.java:215)
        at java.util.concurrent.locks.AbstractQueuedSynchronizer$ConditionObject.awaitNanos(AbstractQueuedSynchronizer.java:2078)
        at java.util.concurrent.ArrayBlockingQueue.poll(ArrayBlockingQueue.java:418)
        at org.apache.ratis.server.impl.LeaderStateImpl$EventQueue.poll(LeaderStateImpl.java:164)
        at org.apache.ratis.server.impl.LeaderStateImpl$EventProcessor.run(LeaderStateImpl.java:702)
"ChunkReader-1" daemon prio=5 tid=990 in Object.wait()
java.lang.Thread.State: WAITING (on object monitor)
        at sun.misc.Unsafe.park(Native Method)
        at java.util.concurrent.locks.LockSupport.park(LockSupport.java:175)
        at java.util.concurrent.locks.AbstractQueuedSynchronizer$ConditionObject.await(AbstractQueuedSynchronizer.java:2039)
        at java.util.concurrent.LinkedBlockingQueue.take(LinkedBlockingQueue.java:442)
        at java.util.concurrent.ThreadPoolExecutor.getTask(ThreadPoolExecutor.java:1074)
        at java.util.concurrent.ThreadPoolExecutor.runWorker(ThreadPoolExecutor.java:1134)
        at java.util.concurrent.ThreadPoolExecutor$Worker.run(ThreadPoolExecutor.java:624)
        at java.lang.Thread.run(Thread.java:750)
"ChunkReader-0" daemon prio=5 tid=987 in Object.wait()
java.lang.Thread.State: WAITING (on object monitor)
        at sun.misc.Unsafe.park(Native Method)
        at java.util.concurrent.locks.LockSupport.park(LockSupport.java:175)
        at java.util.concurrent.locks.AbstractQueuedSynchronizer$ConditionObject.await(AbstractQueuedSynchronizer.java:2039)
        at java.util.concurrent.LinkedBlockingQueue.take(LinkedBlockingQueue.java:442)
        at java.util.concurrent.ThreadPoolExecutor.getTask(ThreadPoolExecutor.java:1074)
        at java.util.concurrent.ThreadPoolExecutor.runWorker(ThreadPoolExecutor.java:1134)
        at java.util.concurrent.ThreadPoolExecutor$Worker.run(ThreadPoolExecutor.java:624)
        at java.lang.Thread.run(Thread.java:750)
"PartialTableCache Cleanup Thread - 0" daemon prio=5 tid=930 in Object.wait()
java.lang.Thread.State: WAITING (on object monitor)
        at sun.misc.Unsafe.park(Native Method)
        at java.util.concurrent.locks.LockSupport.park(LockSupport.java:175)
        at java.util.concurrent.locks.AbstractQueuedSynchronizer$ConditionObject.await(AbstractQueuedSynchronizer.java:2039)
        at java.util.concurrent.LinkedBlockingQueue.take(LinkedBlockingQueue.java:442)
        at java.util.concurrent.ThreadPoolExecutor.getTask(ThreadPoolExecutor.java:1074)
        at java.util.concurrent.ThreadPoolExecutor.runWorker(ThreadPoolExecutor.java:1134)
        at java.util.concurrent.ThreadPoolExecutor$Worker.run(ThreadPoolExecutor.java:624)
        at java.lang.Thread.run(Thread.java:750)
"IPC Server handler 0 on default port 15037" daemon prio=5 tid=308 timed_waiting
java.lang.Thread.State: TIMED_WAITING
        at sun.misc.Unsafe.park(Native Method)
        at java.util.concurrent.locks.LockSupport.parkNanos(LockSupport.java:215)
        at java.util.concurrent.locks.AbstractQueuedSynchronizer$ConditionObject.awaitNanos(AbstractQueuedSynchronizer.java:2078)
        at java.util.concurrent.LinkedBlockingQueue.poll(LinkedBlockingQueue.java:467)
        at org.apache.hadoop.ipc.CallQueueManager.take(CallQueueManager.java:317)
        at org.apache.hadoop.ipc.Server$Handler.run(Server.java:2992)
"fac1c7af-03c1-44bd-b323-3796df9c2435-server-thread1" daemon prio=5 tid=1255 timed_waiting
java.lang.Thread.State: TIMED_WAITING
        at sun.misc.Unsafe.park(Native Method)
        at java.util.concurrent.locks.LockSupport.parkNanos(LockSupport.java:215)
        at java.util.concurrent.SynchronousQueue$TransferStack.awaitFulfill(SynchronousQueue.java:460)
        at java.util.concurrent.SynchronousQueue$TransferStack.transfer(SynchronousQueue.java:362)
        at java.util.concurrent.SynchronousQueue.poll(SynchronousQueue.java:941)
        at java.util.concurrent.ThreadPoolExecutor.getTask(ThreadPoolExecutor.java:1073)
        at java.util.concurrent.ThreadPoolExecutor.runWorker(ThreadPoolExecutor.java:1134)
        at java.util.concurrent.ThreadPoolExecutor$Worker.run(ThreadPoolExecutor.java:624)
        at java.lang.Thread.run(Thread.java:750)
"StaleRecoveringContainerScrubbingService#7" daemon prio=5 tid=1360 in Object.wait()
java.lang.Thread.State: WAITING (on object monitor)
        at sun.misc.Unsafe.park(Native Method)
        at java.util.concurrent.locks.LockSupport.park(LockSupport.java:175)
        at java.util.concurrent.locks.AbstractQueuedSynchronizer$ConditionObject.await(AbstractQueuedSynchronizer.java:2039)
        at java.util.concurrent.ScheduledThreadPoolExecutor$DelayedWorkQueue.take(ScheduledThreadPoolExecutor.java:1088)
        at java.util.concurrent.ScheduledThreadPoolExecutor$DelayedWorkQueue.take(ScheduledThreadPoolExecutor.java:809)
        at java.util.concurrent.ThreadPoolExecutor.getTask(ThreadPoolExecutor.java:1074)
        at java.util.concurrent.ThreadPoolExecutor.runWorker(ThreadPoolExecutor.java:1134)
        at java.util.concurrent.ThreadPoolExecutor$Worker.run(ThreadPoolExecutor.java:624)
        at java.lang.Thread.run(Thread.java:750)
"ChunkWriter-1-0" daemon prio=5 tid=612 in Object.wait()
java.lang.Thread.State: WAITING (on object monitor)
        at sun.misc.Unsafe.park(Native Method)
        at java.util.concurrent.locks.LockSupport.park(LockSupport.java:175)
        at java.util.concurrent.locks.AbstractQueuedSynchronizer$ConditionObject.await(AbstractQueuedSynchronizer.java:2039)
        at java.util.concurrent.LinkedBlockingDeque.takeFirst(LinkedBlockingDeque.java:492)
        at java.util.concurrent.LinkedBlockingDeque.take(LinkedBlockingDeque.java:680)
        at java.util.concurrent.ThreadPoolExecutor.getTask(ThreadPoolExecutor.java:1074)
        at java.util.concurrent.ThreadPoolExecutor.runWorker(ThreadPoolExecutor.java:1134)
        at java.util.concurrent.ThreadPoolExecutor$Worker.run(ThreadPoolExecutor.java:624)
        at java.lang.Thread.run(Thread.java:750)
"b39db728-622c-42ae-954c-bd0dbc524ba7@group-C6431D6FC4A4-SegmentedRaftLogWorker" daemon prio=5 tid=792 timed_waiting
java.lang.Thread.State: TIMED_WAITING
        at sun.misc.Unsafe.park(Native Method)
        at java.util.concurrent.locks.LockSupport.parkNanos(LockSupport.java:215)
        at java.util.concurrent.locks.AbstractQueuedSynchronizer$ConditionObject.awaitNanos(AbstractQueuedSynchronizer.java:2078)
        at org.apache.ratis.util.DataBlockingQueue.poll(DataBlockingQueue.java:148)
        at org.apache.ratis.server.raftlog.segmented.SegmentedRaftLogWorker.run(SegmentedRaftLogWorker.java:307)
        at org.apache.ratis.server.raftlog.segmented.SegmentedRaftLogWorker$$Lambda$764/731878032.run(Unknown Source)
        at java.util.concurrent.Executors$RunnableAdapter.call(Executors.java:511)
        at java.util.concurrent.FutureTask.run(FutureTask.java:266)
        at java.util.concurrent.ThreadPoolExecutor.runWorker(ThreadPoolExecutor.java:1149)
        at java.util.concurrent.ThreadPoolExecutor$Worker.run(ThreadPoolExecutor.java:624)
        at java.lang.Thread.run(Thread.java:750)
"IPC Server handler 10 on default port 15000" daemon prio=5 tid=59 timed_waiting
java.lang.Thread.State: TIMED_WAITING
        at sun.misc.Unsafe.park(Native Method)
        at java.util.concurrent.locks.LockSupport.parkNanos(LockSupport.java:215)
        at java.util.concurrent.locks.AbstractQueuedSynchronizer$ConditionObject.awaitNanos(AbstractQueuedSynchronizer.java:2078)
        at java.util.concurrent.LinkedBlockingQueue.poll(LinkedBlockingQueue.java:467)
        at org.apache.hadoop.ipc.CallQueueManager.take(CallQueueManager.java:317)
        at org.apache.hadoop.ipc.Server$Handler.run(Server.java:2992)
"b39db728-622c-42ae-954c-bd0dbc524ba7@group-E0CD80DDF985-SegmentedRaftLogWorker" daemon prio=5 tid=813 timed_waiting
java.lang.Thread.State: TIMED_WAITING
        at sun.misc.Unsafe.park(Native Method)
        at java.util.concurrent.locks.LockSupport.parkNanos(LockSupport.java:215)
        at java.util.concurrent.locks.AbstractQueuedSynchronizer$ConditionObject.awaitNanos(AbstractQueuedSynchronizer.java:2078)
        at org.apache.ratis.util.DataBlockingQueue.poll(DataBlockingQueue.java:148)
        at org.apache.ratis.server.raftlog.segmented.SegmentedRaftLogWorker.run(SegmentedRaftLogWorker.java:307)
        at org.apache.ratis.server.raftlog.segmented.SegmentedRaftLogWorker$$Lambda$764/731878032.run(Unknown Source)
        at java.util.concurrent.Executors$RunnableAdapter.call(Executors.java:511)
        at java.util.concurrent.FutureTask.run(FutureTask.java:266)
        at java.util.concurrent.ThreadPoolExecutor.runWorker(ThreadPoolExecutor.java:1149)
        at java.util.concurrent.ThreadPoolExecutor$Worker.run(ThreadPoolExecutor.java:624)
        at java.lang.Thread.run(Thread.java:750)
"IPC Server handler 18 on default port 15004" daemon prio=5 tid=180 timed_waiting
java.lang.Thread.State: TIMED_WAITING
        at sun.misc.Unsafe.park(Native Method)
        at java.util.concurrent.locks.LockSupport.parkNanos(LockSupport.java:215)
        at java.util.concurrent.locks.AbstractQueuedSynchronizer$ConditionObject.awaitNanos(AbstractQueuedSynchronizer.java:2078)
        at java.util.concurrent.LinkedBlockingQueue.poll(LinkedBlockingQueue.java:467)
        at org.apache.hadoop.ipc.CallQueueManager.take(CallQueueManager.java:317)
        at org.apache.hadoop.ipc.Server$Handler.run(Server.java:2992)
"ChunkReader-1" daemon prio=5 tid=1277 in Object.wait()
java.lang.Thread.State: WAITING (on object monitor)
        at sun.misc.Unsafe.park(Native Method)
        at java.util.concurrent.locks.LockSupport.park(LockSupport.java:175)
        at java.util.concurrent.locks.AbstractQueuedSynchronizer$ConditionObject.await(AbstractQueuedSynchronizer.java:2039)
        at java.util.concurrent.LinkedBlockingQueue.take(LinkedBlockingQueue.java:442)
        at java.util.concurrent.ThreadPoolExecutor.getTask(ThreadPoolExecutor.java:1074)
        at java.util.concurrent.ThreadPoolExecutor.runWorker(ThreadPoolExecutor.java:1134)
        at java.util.concurrent.ThreadPoolExecutor$Worker.run(ThreadPoolExecutor.java:624)
        at java.lang.Thread.run(Thread.java:750)
"Socket Reader #1 for port 15004"  prio=5 tid=136 runnable
java.lang.Thread.State: RUNNABLE
        at sun.nio.ch.EPollArrayWrapper.epollWait(Native Method)
        at sun.nio.ch.EPollArrayWrapper.poll(EPollArrayWrapper.java:269)
        at sun.nio.ch.EPollSelectorImpl.doSelect(EPollSelectorImpl.java:93)
        at sun.nio.ch.SelectorImpl.lockAndDoSelect(SelectorImpl.java:86)
        at sun.nio.ch.SelectorImpl.select(SelectorImpl.java:97)
        at sun.nio.ch.SelectorImpl.select(SelectorImpl.java:101)
        at org.apache.hadoop.ipc.Server$Listener$Reader.doRunLoop(Server.java:1342)
        at org.apache.hadoop.ipc.Server$Listener$Reader.run(Server.java:1321)
"36cbda38-693f-49bb-be1a-3256c6faae50@group-54B8E535DF2F-LeaderStateImpl" daemon prio=5 tid=959 timed_waiting
java.lang.Thread.State: TIMED_WAITING
        at sun.misc.Unsafe.park(Native Method)
        at java.util.concurrent.locks.LockSupport.parkNanos(LockSupport.java:215)
        at java.util.concurrent.locks.AbstractQueuedSynchronizer$ConditionObject.awaitNanos(AbstractQueuedSynchronizer.java:2078)
        at java.util.concurrent.ArrayBlockingQueue.poll(ArrayBlockingQueue.java:418)
        at org.apache.ratis.server.impl.LeaderStateImpl$EventQueue.poll(LeaderStateImpl.java:164)
        at org.apache.ratis.server.impl.LeaderStateImpl$EventProcessor.run(LeaderStateImpl.java:702)
"ChunkWriter-0-0" daemon prio=5 tid=496 in Object.wait()
java.lang.Thread.State: WAITING (on object monitor)
        at sun.misc.Unsafe.park(Native Method)
        at java.util.concurrent.locks.LockSupport.park(LockSupport.java:175)
        at java.util.concurrent.locks.AbstractQueuedSynchronizer$ConditionObject.await(AbstractQueuedSynchronizer.java:2039)
        at java.util.concurrent.LinkedBlockingDeque.takeFirst(LinkedBlockingDeque.java:492)
        at java.util.concurrent.LinkedBlockingDeque.take(LinkedBlockingDeque.java:680)
        at java.util.concurrent.ThreadPoolExecutor.getTask(ThreadPoolExecutor.java:1074)
        at java.util.concurrent.ThreadPoolExecutor.runWorker(ThreadPoolExecutor.java:1134)
        at java.util.concurrent.ThreadPoolExecutor$Worker.run(ThreadPoolExecutor.java:624)
        at java.lang.Thread.run(Thread.java:750)
"Datanode ReportManager Thread - 1" daemon prio=5 tid=1133 in Object.wait()
java.lang.Thread.State: WAITING (on object monitor)
        at sun.misc.Unsafe.park(Native Method)
        at java.util.concurrent.locks.LockSupport.park(LockSupport.java:175)
        at java.util.concurrent.locks.AbstractQueuedSynchronizer$ConditionObject.await(AbstractQueuedSynchronizer.java:2039)
        at java.util.concurrent.ScheduledThreadPoolExecutor$DelayedWorkQueue.take(ScheduledThreadPoolExecutor.java:1088)
        at java.util.concurrent.ScheduledThreadPoolExecutor$DelayedWorkQueue.take(ScheduledThreadPoolExecutor.java:809)
        at java.util.concurrent.ThreadPoolExecutor.getTask(ThreadPoolExecutor.java:1074)
        at java.util.concurrent.ThreadPoolExecutor.runWorker(ThreadPoolExecutor.java:1134)
        at java.util.concurrent.ThreadPoolExecutor$Worker.run(ThreadPoolExecutor.java:624)
        at java.lang.Thread.run(Thread.java:750)
"Datanode ReportManager Thread - 2" daemon prio=5 tid=560 timed_waiting
java.lang.Thread.State: TIMED_WAITING
        at sun.misc.Unsafe.park(Native Method)
        at java.util.concurrent.locks.LockSupport.parkNanos(LockSupport.java:215)
        at java.util.concurrent.locks.AbstractQueuedSynchronizer$ConditionObject.awaitNanos(AbstractQueuedSynchronizer.java:2078)
        at java.util.concurrent.ScheduledThreadPoolExecutor$DelayedWorkQueue.take(ScheduledThreadPoolExecutor.java:1093)
        at java.util.concurrent.ScheduledThreadPoolExecutor$DelayedWorkQueue.take(ScheduledThreadPoolExecutor.java:809)
        at java.util.concurrent.ThreadPoolExecutor.getTask(ThreadPoolExecutor.java:1074)
        at java.util.concurrent.ThreadPoolExecutor.runWorker(ThreadPoolExecutor.java:1134)
        at java.util.concurrent.ThreadPoolExecutor$Worker.run(ThreadPoolExecutor.java:624)
        at java.lang.Thread.run(Thread.java:750)
"IPC Server handler 5 on default port 15004" daemon prio=5 tid=167 timed_waiting
java.lang.Thread.State: TIMED_WAITING
        at sun.misc.Unsafe.park(Native Method)
        at java.util.concurrent.locks.LockSupport.parkNanos(LockSupport.java:215)
        at java.util.concurrent.locks.AbstractQueuedSynchronizer$ConditionObject.awaitNanos(AbstractQueuedSynchronizer.java:2078)
        at java.util.concurrent.LinkedBlockingQueue.poll(LinkedBlockingQueue.java:467)
        at org.apache.hadoop.ipc.CallQueueManager.take(CallQueueManager.java:317)
        at org.apache.hadoop.ipc.Server$Handler.run(Server.java:2992)
"qtp1533380014-159" daemon prio=5 tid=159 timed_waiting
java.lang.Thread.State: TIMED_WAITING
        at sun.misc.Unsafe.park(Native Method)
        at java.util.concurrent.locks.LockSupport.parkNanos(LockSupport.java:215)
        at java.util.concurrent.locks.AbstractQueuedSynchronizer$ConditionObject.awaitNanos(AbstractQueuedSynchronizer.java:2078)
        at org.eclipse.jetty.util.BlockingArrayQueue.poll(BlockingArrayQueue.java:382)
        at org.eclipse.jetty.util.thread.QueuedThreadPool$Runner.idleJobPoll(QueuedThreadPool.java:974)
        at org.eclipse.jetty.util.thread.QueuedThreadPool$Runner.run(QueuedThreadPool.java:1018)
        at java.lang.Thread.run(Thread.java:750)
"ChunkWriter-2-0" daemon prio=5 tid=543 in Object.wait()
java.lang.Thread.State: WAITING (on object monitor)
        at sun.misc.Unsafe.park(Native Method)
        at java.util.concurrent.locks.LockSupport.park(LockSupport.java:175)
        at java.util.concurrent.locks.AbstractQueuedSynchronizer$ConditionObject.await(AbstractQueuedSynchronizer.java:2039)
        at java.util.concurrent.LinkedBlockingDeque.takeFirst(LinkedBlockingDeque.java:492)
        at java.util.concurrent.LinkedBlockingDeque.take(LinkedBlockingDeque.java:680)
        at java.util.concurrent.ThreadPoolExecutor.getTask(ThreadPoolExecutor.java:1074)
        at java.util.concurrent.ThreadPoolExecutor.runWorker(ThreadPoolExecutor.java:1134)
        at java.util.concurrent.ThreadPoolExecutor$Worker.run(ThreadPoolExecutor.java:624)
        at java.lang.Thread.run(Thread.java:750)
"pool-215-thread-1" daemon prio=5 tid=387 timed_waiting
java.lang.Thread.State: TIMED_WAITING
        at sun.misc.Unsafe.park(Native Method)
        at java.util.concurrent.locks.LockSupport.parkNanos(LockSupport.java:215)
        at java.util.concurrent.locks.AbstractQueuedSynchronizer$ConditionObject.awaitNanos(AbstractQueuedSynchronizer.java:2078)
        at java.util.concurrent.ScheduledThreadPoolExecutor$DelayedWorkQueue.take(ScheduledThreadPoolExecutor.java:1093)
        at java.util.concurrent.ScheduledThreadPoolExecutor$DelayedWorkQueue.take(ScheduledThreadPoolExecutor.java:809)
        at java.util.concurrent.ThreadPoolExecutor.getTask(ThreadPoolExecutor.java:1074)
        at java.util.concurrent.ThreadPoolExecutor.runWorker(ThreadPoolExecutor.java:1134)
        at java.util.concurrent.ThreadPoolExecutor$Worker.run(ThreadPoolExecutor.java:624)
        at java.lang.Thread.run(Thread.java:750)
"d7192325-13fb-433e-b8d5-f6359b644c8f@group-1DFD4EBF5B32-LeaderStateImpl" daemon prio=5 tid=1055 timed_waiting
java.lang.Thread.State: TIMED_WAITING
        at sun.misc.Unsafe.park(Native Method)
        at java.util.concurrent.locks.LockSupport.parkNanos(LockSupport.java:215)
        at java.util.concurrent.locks.AbstractQueuedSynchronizer$ConditionObject.awaitNanos(AbstractQueuedSynchronizer.java:2078)
        at java.util.concurrent.ArrayBlockingQueue.poll(ArrayBlockingQueue.java:418)
        at org.apache.ratis.server.impl.LeaderStateImpl$EventQueue.poll(LeaderStateImpl.java:164)
        at org.apache.ratis.server.impl.LeaderStateImpl$EventProcessor.run(LeaderStateImpl.java:702)
"9ff544a7-6c1c-4ca7-a5dc-e42e2710cacb-groupManagement"  prio=5 tid=701 in Object.wait()
java.lang.Thread.State: WAITING (on object monitor)
        at sun.misc.Unsafe.park(Native Method)
        at java.util.concurrent.locks.LockSupport.park(LockSupport.java:175)
        at java.util.concurrent.locks.AbstractQueuedSynchronizer$ConditionObject.await(AbstractQueuedSynchronizer.java:2039)
        at java.util.concurrent.LinkedBlockingQueue.take(LinkedBlockingQueue.java:442)
        at java.util.concurrent.ThreadPoolExecutor.getTask(ThreadPoolExecutor.java:1074)
        at java.util.concurrent.ThreadPoolExecutor.runWorker(ThreadPoolExecutor.java:1134)
        at java.util.concurrent.ThreadPoolExecutor$Worker.run(ThreadPoolExecutor.java:624)
        at java.lang.Thread.run(Thread.java:750)
"Hadoop-Metrics-Updater-0" daemon prio=5 tid=1129 timed_waiting
java.lang.Thread.State: TIMED_WAITING
        at sun.misc.Unsafe.park(Native Method)
        at java.util.concurrent.locks.LockSupport.parkNanos(LockSupport.java:215)
        at java.util.concurrent.locks.AbstractQueuedSynchronizer$ConditionObject.awaitNanos(AbstractQueuedSynchronizer.java:2078)
        at java.util.concurrent.ScheduledThreadPoolExecutor$DelayedWorkQueue.take(ScheduledThreadPoolExecutor.java:1093)
        at java.util.concurrent.ScheduledThreadPoolExecutor$DelayedWorkQueue.take(ScheduledThreadPoolExecutor.java:809)
        at java.util.concurrent.ThreadPoolExecutor.getTask(ThreadPoolExecutor.java:1074)
        at java.util.concurrent.ThreadPoolExecutor.runWorker(ThreadPoolExecutor.java:1134)
        at java.util.concurrent.ThreadPoolExecutor$Worker.run(ThreadPoolExecutor.java:624)
        at java.lang.Thread.run(Thread.java:750)
"IPC Server handler 9 on default port 15001" daemon prio=5 tid=78 timed_waiting
java.lang.Thread.State: TIMED_WAITING
        at sun.misc.Unsafe.park(Native Method)
        at java.util.concurrent.locks.LockSupport.parkNanos(LockSupport.java:215)
        at java.util.concurrent.locks.AbstractQueuedSynchronizer$ConditionObject.awaitNanos(AbstractQueuedSynchronizer.java:2078)
        at java.util.concurrent.LinkedBlockingQueue.poll(LinkedBlockingQueue.java:467)
        at org.apache.hadoop.ipc.CallQueueManager.take(CallQueueManager.java:317)
        at org.apache.hadoop.ipc.Server$Handler.run(Server.java:2992)
"StaleRecoveringContainerScrubbingService#7" daemon prio=5 tid=1358 in Object.wait()
java.lang.Thread.State: WAITING (on object monitor)
        at sun.misc.Unsafe.park(Native Method)
        at java.util.concurrent.locks.LockSupport.park(LockSupport.java:175)
        at java.util.concurrent.locks.AbstractQueuedSynchronizer$ConditionObject.await(AbstractQueuedSynchronizer.java:2039)
        at java.util.concurrent.ScheduledThreadPoolExecutor$DelayedWorkQueue.take(ScheduledThreadPoolExecutor.java:1088)
        at java.util.concurrent.ScheduledThreadPoolExecutor$DelayedWorkQueue.take(ScheduledThreadPoolExecutor.java:809)
        at java.util.concurrent.ThreadPoolExecutor.getTask(ThreadPoolExecutor.java:1074)
        at java.util.concurrent.ThreadPoolExecutor.runWorker(ThreadPoolExecutor.java:1134)
        at java.util.concurrent.ThreadPoolExecutor$Worker.run(ThreadPoolExecutor.java:624)
        at java.lang.Thread.run(Thread.java:750)
"FullTableCache Cleanup Thread - 0" daemon prio=5 tid=924 in Object.wait()
java.lang.Thread.State: WAITING (on object monitor)
        at sun.misc.Unsafe.park(Native Method)
        at java.util.concurrent.locks.LockSupport.park(LockSupport.java:175)
        at java.util.concurrent.locks.AbstractQueuedSynchronizer$ConditionObject.await(AbstractQueuedSynchronizer.java:2039)
        at java.util.concurrent.LinkedBlockingQueue.take(LinkedBlockingQueue.java:442)
        at java.util.concurrent.ThreadPoolExecutor.getTask(ThreadPoolExecutor.java:1074)
        at java.util.concurrent.ThreadPoolExecutor.runWorker(ThreadPoolExecutor.java:1134)
        at java.util.concurrent.ThreadPoolExecutor$Worker.run(ThreadPoolExecutor.java:624)
        at java.lang.Thread.run(Thread.java:750)
"pool-315-thread-1"  prio=5 tid=529 timed_waiting
java.lang.Thread.State: TIMED_WAITING
        at sun.misc.Unsafe.park(Native Method)
        at java.util.concurrent.locks.LockSupport.parkNanos(LockSupport.java:215)
        at java.util.concurrent.locks.AbstractQueuedSynchronizer$ConditionObject.awaitNanos(AbstractQueuedSynchronizer.java:2078)
        at java.util.concurrent.ScheduledThreadPoolExecutor$DelayedWorkQueue.take(ScheduledThreadPoolExecutor.java:1093)
        at java.util.concurrent.ScheduledThreadPoolExecutor$DelayedWorkQueue.take(ScheduledThreadPoolExecutor.java:809)
        at java.util.concurrent.ThreadPoolExecutor.getTask(ThreadPoolExecutor.java:1074)
        at java.util.concurrent.ThreadPoolExecutor.runWorker(ThreadPoolExecutor.java:1134)
        at java.util.concurrent.ThreadPoolExecutor$Worker.run(ThreadPoolExecutor.java:624)
        at java.lang.Thread.run(Thread.java:750)
"Session-HouseKeeper-6fadb8b7-1"  prio=5 tid=1124 timed_waiting
java.lang.Thread.State: TIMED_WAITING
        at sun.misc.Unsafe.park(Native Method)
        at java.util.concurrent.locks.LockSupport.parkNanos(LockSupport.java:215)
        at java.util.concurrent.locks.AbstractQueuedSynchronizer$ConditionObject.awaitNanos(AbstractQueuedSynchronizer.java:2078)
        at java.util.concurrent.ScheduledThreadPoolExecutor$DelayedWorkQueue.take(ScheduledThreadPoolExecutor.java:1093)
        at java.util.concurrent.ScheduledThreadPoolExecutor$DelayedWorkQueue.take(ScheduledThreadPoolExecutor.java:809)
        at java.util.concurrent.ThreadPoolExecutor.getTask(ThreadPoolExecutor.java:1074)
        at java.util.concurrent.ThreadPoolExecutor.runWorker(ThreadPoolExecutor.java:1134)
        at java.util.concurrent.ThreadPoolExecutor$Worker.run(ThreadPoolExecutor.java:624)
        at java.lang.Thread.run(Thread.java:750)
"IPC Server listener on 15001" daemon prio=5 tid=28 runnable
java.lang.Thread.State: RUNNABLE
        at sun.nio.ch.EPollArrayWrapper.epollWait(Native Method)
        at sun.nio.ch.EPollArrayWrapper.poll(EPollArrayWrapper.java:269)
        at sun.nio.ch.EPollSelectorImpl.doSelect(EPollSelectorImpl.java:93)
        at sun.nio.ch.SelectorImpl.lockAndDoSelect(SelectorImpl.java:86)
        at sun.nio.ch.SelectorImpl.select(SelectorImpl.java:97)
        at sun.nio.ch.SelectorImpl.select(SelectorImpl.java:101)
        at org.apache.hadoop.ipc.Server$Listener.run(Server.java:1404)
"BlockDeletingService#0" daemon prio=5 tid=617 timed_waiting
java.lang.Thread.State: TIMED_WAITING
        at sun.misc.Unsafe.park(Native Method)
        at java.util.concurrent.locks.LockSupport.parkNanos(LockSupport.java:215)
        at java.util.concurrent.locks.AbstractQueuedSynchronizer$ConditionObject.awaitNanos(AbstractQueuedSynchronizer.java:2078)
        at java.util.concurrent.ScheduledThreadPoolExecutor$DelayedWorkQueue.take(ScheduledThreadPoolExecutor.java:1093)
        at java.util.concurrent.ScheduledThreadPoolExecutor$DelayedWorkQueue.take(ScheduledThreadPoolExecutor.java:809)
        at java.util.concurrent.ThreadPoolExecutor.getTask(ThreadPoolExecutor.java:1074)
        at java.util.concurrent.ThreadPoolExecutor.runWorker(ThreadPoolExecutor.java:1134)
        at java.util.concurrent.ThreadPoolExecutor$Worker.run(ThreadPoolExecutor.java:624)
        at java.lang.Thread.run(Thread.java:750)
"IPC Server listener on 15000" daemon prio=5 tid=33 runnable
java.lang.Thread.State: RUNNABLE
        at sun.nio.ch.EPollArrayWrapper.epollWait(Native Method)
        at sun.nio.ch.EPollArrayWrapper.poll(EPollArrayWrapper.java:269)
        at sun.nio.ch.EPollSelectorImpl.doSelect(EPollSelectorImpl.java:93)
        at sun.nio.ch.SelectorImpl.lockAndDoSelect(SelectorImpl.java:86)
        at sun.nio.ch.SelectorImpl.select(SelectorImpl.java:97)
        at sun.nio.ch.SelectorImpl.select(SelectorImpl.java:101)
        at org.apache.hadoop.ipc.Server$Listener.run(Server.java:1404)
"StaleRecoveringContainerScrubbingService#8" daemon prio=5 tid=1373 in Object.wait()
java.lang.Thread.State: WAITING (on object monitor)
        at sun.misc.Unsafe.park(Native Method)
        at java.util.concurrent.locks.LockSupport.park(LockSupport.java:175)
        at java.util.concurrent.locks.AbstractQueuedSynchronizer$ConditionObject.await(AbstractQueuedSynchronizer.java:2039)
        at java.util.concurrent.ScheduledThreadPoolExecutor$DelayedWorkQueue.take(ScheduledThreadPoolExecutor.java:1088)
        at java.util.concurrent.ScheduledThreadPoolExecutor$DelayedWorkQueue.take(ScheduledThreadPoolExecutor.java:809)
        at java.util.concurrent.ThreadPoolExecutor.getTask(ThreadPoolExecutor.java:1074)
        at java.util.concurrent.ThreadPoolExecutor.runWorker(ThreadPoolExecutor.java:1134)
        at java.util.concurrent.ThreadPoolExecutor$Worker.run(ThreadPoolExecutor.java:624)
        at java.lang.Thread.run(Thread.java:750)
"d7192325-13fb-433e-b8d5-f6359b644c8f-server-thread1" daemon prio=5 tid=1254 timed_waiting
java.lang.Thread.State: TIMED_WAITING
        at sun.misc.Unsafe.park(Native Method)
        at java.util.concurrent.locks.LockSupport.parkNanos(LockSupport.java:215)
        at java.util.concurrent.SynchronousQueue$TransferStack.awaitFulfill(SynchronousQueue.java:460)
        at java.util.concurrent.SynchronousQueue$TransferStack.transfer(SynchronousQueue.java:362)
        at java.util.concurrent.SynchronousQueue.poll(SynchronousQueue.java:941)
        at java.util.concurrent.ThreadPoolExecutor.getTask(ThreadPoolExecutor.java:1073)
        at java.util.concurrent.ThreadPoolExecutor.runWorker(ThreadPoolExecutor.java:1134)
        at java.util.concurrent.ThreadPoolExecutor$Worker.run(ThreadPoolExecutor.java:624)
        at java.lang.Thread.run(Thread.java:750)
"qtp926797213-268" daemon prio=5 tid=268 timed_waiting
java.lang.Thread.State: TIMED_WAITING
        at sun.misc.Unsafe.park(Native Method)
        at java.util.concurrent.locks.LockSupport.parkNanos(LockSupport.java:215)
        at java.util.concurrent.locks.AbstractQueuedSynchronizer$ConditionObject.awaitNanos(AbstractQueuedSynchronizer.java:2078)
        at org.eclipse.jetty.util.BlockingArrayQueue.poll(BlockingArrayQueue.java:382)
        at org.eclipse.jetty.util.thread.QueuedThreadPool$Runner.idleJobPoll(QueuedThreadPool.java:974)
        at org.eclipse.jetty.util.thread.QueuedThreadPool$Runner.run(QueuedThreadPool.java:1018)
        at java.lang.Thread.run(Thread.java:750)
"qtp1739609831-361-acceptor-0@587fd312-ServerConnector@193863aa{HTTP/1.1, (http/1.1)}{0.0.0.0:15054}" daemon prio=3 tid=361 runnable
java.lang.Thread.State: RUNNABLE
        at sun.nio.ch.ServerSocketChannelImpl.accept0(Native Method)
        at sun.nio.ch.ServerSocketChannelImpl.accept(ServerSocketChannelImpl.java:421)
        at sun.nio.ch.ServerSocketChannelImpl.accept(ServerSocketChannelImpl.java:249)
        at org.eclipse.jetty.server.ServerConnector.accept(ServerConnector.java:388)
        at org.eclipse.jetty.server.AbstractConnector$Acceptor.run(AbstractConnector.java:704)
        at org.eclipse.jetty.util.thread.QueuedThreadPool.runJob(QueuedThreadPool.java:883)
        at org.eclipse.jetty.util.thread.QueuedThreadPool$Runner.run(QueuedThreadPool.java:1034)
        at java.lang.Thread.run(Thread.java:750)
"b39db728-622c-42ae-954c-bd0dbc524ba7-NettyServerStreamRpc-bossGroup--thread1"  prio=5 tid=481 runnable
java.lang.Thread.State: RUNNABLE
        at sun.nio.ch.EPollArrayWrapper.epollWait(Native Method)
        at sun.nio.ch.EPollArrayWrapper.poll(EPollArrayWrapper.java:269)
        at sun.nio.ch.EPollSelectorImpl.doSelect(EPollSelectorImpl.java:93)
        at sun.nio.ch.SelectorImpl.lockAndDoSelect(SelectorImpl.java:86)
        at sun.nio.ch.SelectorImpl.select(SelectorImpl.java:97)
        at sun.nio.ch.SelectorImpl.select(SelectorImpl.java:101)
        at org.apache.ratis.thirdparty.io.netty.channel.nio.SelectedSelectionKeySetSelector.select(SelectedSelectionKeySetSelector.java:68)
        at org.apache.ratis.thirdparty.io.netty.channel.nio.NioEventLoop.select(NioEventLoop.java:879)
        at org.apache.ratis.thirdparty.io.netty.channel.nio.NioEventLoop.run(NioEventLoop.java:526)
        at org.apache.ratis.thirdparty.io.netty.util.concurrent.SingleThreadEventExecutor$4.run(SingleThreadEventExecutor.java:997)
        at org.apache.ratis.thirdparty.io.netty.util.internal.ThreadExecutorMap$2.run(ThreadExecutorMap.java:74)
        at java.lang.Thread.run(Thread.java:750)
"ChunkReader-ELG-0" daemon prio=5 tid=628 runnable
java.lang.Thread.State: RUNNABLE
        at org.apache.ratis.thirdparty.io.netty.channel.epoll.Native.epollWait0(Native Method)
        at org.apache.ratis.thirdparty.io.netty.channel.epoll.Native.epollWait(Native.java:182)
        at org.apache.ratis.thirdparty.io.netty.channel.epoll.EpollEventLoop.epollWait(EpollEventLoop.java:302)
        at org.apache.ratis.thirdparty.io.netty.channel.epoll.EpollEventLoop.run(EpollEventLoop.java:366)
        at org.apache.ratis.thirdparty.io.netty.util.concurrent.SingleThreadEventExecutor$4.run(SingleThreadEventExecutor.java:997)
        at org.apache.ratis.thirdparty.io.netty.util.internal.ThreadExecutorMap$2.run(ThreadExecutorMap.java:74)
        at java.lang.Thread.run(Thread.java:750)
"StaleRecoveringContainerScrubbingService#6" daemon prio=5 tid=1268 in Object.wait()
java.lang.Thread.State: WAITING (on object monitor)
        at sun.misc.Unsafe.park(Native Method)
        at java.util.concurrent.locks.LockSupport.park(LockSupport.java:175)
        at java.util.concurrent.locks.AbstractQueuedSynchronizer$ConditionObject.await(AbstractQueuedSynchronizer.java:2039)
        at java.util.concurrent.ScheduledThreadPoolExecutor$DelayedWorkQueue.take(ScheduledThreadPoolExecutor.java:1088)
        at java.util.concurrent.ScheduledThreadPoolExecutor$DelayedWorkQueue.take(ScheduledThreadPoolExecutor.java:809)
        at java.util.concurrent.ThreadPoolExecutor.getTask(ThreadPoolExecutor.java:1074)
        at java.util.concurrent.ThreadPoolExecutor.runWorker(ThreadPoolExecutor.java:1134)
        at java.util.concurrent.ThreadPoolExecutor$Worker.run(ThreadPoolExecutor.java:624)
        at java.lang.Thread.run(Thread.java:750)
"ChunkWriter-1-0" daemon prio=5 tid=599 in Object.wait()
java.lang.Thread.State: WAITING (on object monitor)
        at sun.misc.Unsafe.park(Native Method)
        at java.util.concurrent.locks.LockSupport.park(LockSupport.java:175)
        at java.util.concurrent.locks.AbstractQueuedSynchronizer$ConditionObject.await(AbstractQueuedSynchronizer.java:2039)
        at java.util.concurrent.LinkedBlockingDeque.takeFirst(LinkedBlockingDeque.java:492)
        at java.util.concurrent.LinkedBlockingDeque.take(LinkedBlockingDeque.java:680)
        at java.util.concurrent.ThreadPoolExecutor.getTask(ThreadPoolExecutor.java:1074)
        at java.util.concurrent.ThreadPoolExecutor.runWorker(ThreadPoolExecutor.java:1134)
        at java.util.concurrent.ThreadPoolExecutor$Worker.run(ThreadPoolExecutor.java:624)
        at java.lang.Thread.run(Thread.java:750)
"IPC Server handler 8 on default port 15002" daemon prio=5 tid=97 timed_waiting
java.lang.Thread.State: TIMED_WAITING
        at sun.misc.Unsafe.park(Native Method)
        at java.util.concurrent.locks.LockSupport.parkNanos(LockSupport.java:215)
        at java.util.concurrent.locks.AbstractQueuedSynchronizer$ConditionObject.awaitNanos(AbstractQueuedSynchronizer.java:2078)
        at java.util.concurrent.LinkedBlockingQueue.poll(LinkedBlockingQueue.java:467)
        at org.apache.hadoop.ipc.CallQueueManager.take(CallQueueManager.java:317)
        at org.apache.hadoop.ipc.Server$Handler.run(Server.java:2992)
"ChunkReader-ELG-0" daemon prio=5 tid=603 runnable
java.lang.Thread.State: RUNNABLE
        at org.apache.ratis.thirdparty.io.netty.channel.epoll.Native.epollWait0(Native Method)
        at org.apache.ratis.thirdparty.io.netty.channel.epoll.Native.epollWait(Native.java:182)
        at org.apache.ratis.thirdparty.io.netty.channel.epoll.EpollEventLoop.epollWait(EpollEventLoop.java:302)
        at org.apache.ratis.thirdparty.io.netty.channel.epoll.EpollEventLoop.run(EpollEventLoop.java:366)
        at org.apache.ratis.thirdparty.io.netty.util.concurrent.SingleThreadEventExecutor$4.run(SingleThreadEventExecutor.java:997)
        at org.apache.ratis.thirdparty.io.netty.util.internal.ThreadExecutorMap$2.run(ThreadExecutorMap.java:74)
        at java.lang.Thread.run(Thread.java:750)
"IPC Server handler 5 on default port 15000" daemon prio=5 tid=54 timed_waiting
java.lang.Thread.State: TIMED_WAITING
        at sun.misc.Unsafe.park(Native Method)
        at java.util.concurrent.locks.LockSupport.parkNanos(LockSupport.java:215)
        at java.util.concurrent.locks.AbstractQueuedSynchronizer$ConditionObject.awaitNanos(AbstractQueuedSynchronizer.java:2078)
        at java.util.concurrent.LinkedBlockingQueue.poll(LinkedBlockingQueue.java:467)
        at org.apache.hadoop.ipc.CallQueueManager.take(CallQueueManager.java:317)
        at org.apache.hadoop.ipc.Server$Handler.run(Server.java:2992)
"IPC Server handler 16 on default port 15002" daemon prio=5 tid=105 timed_waiting
java.lang.Thread.State: TIMED_WAITING
        at sun.misc.Unsafe.park(Native Method)
        at java.util.concurrent.locks.LockSupport.parkNanos(LockSupport.java:215)
        at java.util.concurrent.locks.AbstractQueuedSynchronizer$ConditionObject.awaitNanos(AbstractQueuedSynchronizer.java:2078)
        at java.util.concurrent.LinkedBlockingQueue.poll(LinkedBlockingQueue.java:467)
        at org.apache.hadoop.ipc.CallQueueManager.take(CallQueueManager.java:317)
        at org.apache.hadoop.ipc.Server$Handler.run(Server.java:2992)
"9125f905-aa43-4d0f-845d-e6cfd4dab0cd-groupManagement" daemon prio=5 tid=773 in Object.wait()
java.lang.Thread.State: WAITING (on object monitor)
        at sun.misc.Unsafe.park(Native Method)
        at java.util.concurrent.locks.LockSupport.park(LockSupport.java:175)
        at java.util.concurrent.locks.AbstractQueuedSynchronizer$ConditionObject.await(AbstractQueuedSynchronizer.java:2039)
        at java.util.concurrent.LinkedBlockingQueue.take(LinkedBlockingQueue.java:442)
        at java.util.concurrent.ThreadPoolExecutor.getTask(ThreadPoolExecutor.java:1074)
        at java.util.concurrent.ThreadPoolExecutor.runWorker(ThreadPoolExecutor.java:1134)
        at java.util.concurrent.ThreadPoolExecutor$Worker.run(ThreadPoolExecutor.java:624)
        at java.lang.Thread.run(Thread.java:750)
"ChunkReader-ELG-0" daemon prio=5 tid=616 runnable
java.lang.Thread.State: RUNNABLE
        at org.apache.ratis.thirdparty.io.netty.channel.epoll.Native.epollWait0(Native Method)
        at org.apache.ratis.thirdparty.io.netty.channel.epoll.Native.epollWait(Native.java:182)
        at org.apache.ratis.thirdparty.io.netty.channel.epoll.EpollEventLoop.epollWait(EpollEventLoop.java:302)
        at org.apache.ratis.thirdparty.io.netty.channel.epoll.EpollEventLoop.run(EpollEventLoop.java:366)
        at org.apache.ratis.thirdparty.io.netty.util.concurrent.SingleThreadEventExecutor$4.run(SingleThreadEventExecutor.java:997)
        at org.apache.ratis.thirdparty.io.netty.util.internal.ThreadExecutorMap$2.run(ThreadExecutorMap.java:74)
        at java.lang.Thread.run(Thread.java:750)
"IPC Server handler 10 on default port 15004" daemon prio=5 tid=172 timed_waiting
java.lang.Thread.State: TIMED_WAITING
        at sun.misc.Unsafe.park(Native Method)
        at java.util.concurrent.locks.LockSupport.parkNanos(LockSupport.java:215)
        at java.util.concurrent.locks.AbstractQueuedSynchronizer$ConditionObject.awaitNanos(AbstractQueuedSynchronizer.java:2078)
        at java.util.concurrent.LinkedBlockingQueue.poll(LinkedBlockingQueue.java:467)
        at org.apache.hadoop.ipc.CallQueueManager.take(CallQueueManager.java:317)
        at org.apache.hadoop.ipc.Server$Handler.run(Server.java:2992)
"PipelineCommandHandlerThread-0"  prio=5 tid=811 in Object.wait()
java.lang.Thread.State: WAITING (on object monitor)
        at sun.misc.Unsafe.park(Native Method)
        at java.util.concurrent.locks.LockSupport.park(LockSupport.java:175)
        at java.util.concurrent.locks.AbstractQueuedSynchronizer$ConditionObject.await(AbstractQueuedSynchronizer.java:2039)
        at java.util.concurrent.LinkedBlockingQueue.take(LinkedBlockingQueue.java:442)
        at java.util.concurrent.ThreadPoolExecutor.getTask(ThreadPoolExecutor.java:1074)
        at java.util.concurrent.ThreadPoolExecutor.runWorker(ThreadPoolExecutor.java:1134)
        at java.util.concurrent.ThreadPoolExecutor$Worker.run(ThreadPoolExecutor.java:624)
        at java.lang.Thread.run(Thread.java:750)
"ChunkWriter-3-0" daemon prio=5 tid=638 in Object.wait()
java.lang.Thread.State: WAITING (on object monitor)
        at sun.misc.Unsafe.park(Native Method)
        at java.util.concurrent.locks.LockSupport.park(LockSupport.java:175)
        at java.util.concurrent.locks.AbstractQueuedSynchronizer$ConditionObject.await(AbstractQueuedSynchronizer.java:2039)
        at java.util.concurrent.LinkedBlockingDeque.takeFirst(LinkedBlockingDeque.java:492)
        at java.util.concurrent.LinkedBlockingDeque.take(LinkedBlockingDeque.java:680)
        at java.util.concurrent.ThreadPoolExecutor.getTask(ThreadPoolExecutor.java:1074)
        at java.util.concurrent.ThreadPoolExecutor.runWorker(ThreadPoolExecutor.java:1134)
        at java.util.concurrent.ThreadPoolExecutor$Worker.run(ThreadPoolExecutor.java:624)
        at java.lang.Thread.run(Thread.java:750)
"ChunkWriter-2-0" daemon prio=5 tid=613 in Object.wait()
java.lang.Thread.State: WAITING (on object monitor)
        at sun.misc.Unsafe.park(Native Method)
        at java.util.concurrent.locks.LockSupport.park(LockSupport.java:175)
        at java.util.concurrent.locks.AbstractQueuedSynchronizer$ConditionObject.await(AbstractQueuedSynchronizer.java:2039)
        at java.util.concurrent.LinkedBlockingDeque.takeFirst(LinkedBlockingDeque.java:492)
        at java.util.concurrent.LinkedBlockingDeque.take(LinkedBlockingDeque.java:680)
        at java.util.concurrent.ThreadPoolExecutor.getTask(ThreadPoolExecutor.java:1074)
        at java.util.concurrent.ThreadPoolExecutor.runWorker(ThreadPoolExecutor.java:1134)
        at java.util.concurrent.ThreadPoolExecutor$Worker.run(ThreadPoolExecutor.java:624)
        at java.lang.Thread.run(Thread.java:750)
"fac1c7af-03c1-44bd-b323-3796df9c2435-groupManagement"  prio=5 tid=1113 in Object.wait()
java.lang.Thread.State: WAITING (on object monitor)
        at sun.misc.Unsafe.park(Native Method)
        at java.util.concurrent.locks.LockSupport.park(LockSupport.java:175)
        at java.util.concurrent.locks.AbstractQueuedSynchronizer$ConditionObject.await(AbstractQueuedSynchronizer.java:2039)
        at java.util.concurrent.LinkedBlockingQueue.take(LinkedBlockingQueue.java:442)
        at java.util.concurrent.ThreadPoolExecutor.getTask(ThreadPoolExecutor.java:1074)
        at java.util.concurrent.ThreadPoolExecutor.runWorker(ThreadPoolExecutor.java:1134)
        at java.util.concurrent.ThreadPoolExecutor$Worker.run(ThreadPoolExecutor.java:624)
        at java.lang.Thread.run(Thread.java:750)
"pool-94-thread-1" daemon prio=5 tid=220 timed_waiting
java.lang.Thread.State: TIMED_WAITING
        at sun.misc.Unsafe.park(Native Method)
        at java.util.concurrent.locks.LockSupport.parkNanos(LockSupport.java:215)
        at java.util.concurrent.locks.AbstractQueuedSynchronizer$ConditionObject.awaitNanos(AbstractQueuedSynchronizer.java:2078)
        at java.util.concurrent.ScheduledThreadPoolExecutor$DelayedWorkQueue.take(ScheduledThreadPoolExecutor.java:1093)
        at java.util.concurrent.ScheduledThreadPoolExecutor$DelayedWorkQueue.take(ScheduledThreadPoolExecutor.java:809)
        at java.util.concurrent.ThreadPoolExecutor.getTask(ThreadPoolExecutor.java:1074)
        at java.util.concurrent.ThreadPoolExecutor.runWorker(ThreadPoolExecutor.java:1134)
        at java.util.concurrent.ThreadPoolExecutor$Worker.run(ThreadPoolExecutor.java:624)
        at java.lang.Thread.run(Thread.java:750)
"org.apache.hadoop.ozone.container.common.statemachine.commandhandler.DeleteBlocksCommandHandler$DeleteCmdWorker@26928e2b" daemon prio=5 tid=259 timed_waiting
java.lang.Thread.State: TIMED_WAITING
        at java.lang.Thread.sleep(Native Method)
        at org.apache.hadoop.ozone.container.common.statemachine.commandhandler.DeleteBlocksCommandHandler$DeleteCmdWorker.run(DeleteBlocksCommandHandler.java:187)
        at java.lang.Thread.run(Thread.java:750)
"BlockDeletingService#0" daemon prio=5 tid=502 timed_waiting
java.lang.Thread.State: TIMED_WAITING
        at sun.misc.Unsafe.park(Native Method)
        at java.util.concurrent.locks.LockSupport.parkNanos(LockSupport.java:215)
        at java.util.concurrent.locks.AbstractQueuedSynchronizer$ConditionObject.awaitNanos(AbstractQueuedSynchronizer.java:2078)
        at java.util.concurrent.ScheduledThreadPoolExecutor$DelayedWorkQueue.take(ScheduledThreadPoolExecutor.java:1093)
        at java.util.concurrent.ScheduledThreadPoolExecutor$DelayedWorkQueue.take(ScheduledThreadPoolExecutor.java:809)
        at java.util.concurrent.ThreadPoolExecutor.getTask(ThreadPoolExecutor.java:1074)
        at java.util.concurrent.ThreadPoolExecutor.runWorker(ThreadPoolExecutor.java:1134)
        at java.util.concurrent.ThreadPoolExecutor$Worker.run(ThreadPoolExecutor.java:624)
        at java.lang.Thread.run(Thread.java:750)
"IPC Server handler 5 on default port 15002" daemon prio=5 tid=94 timed_waiting
java.lang.Thread.State: TIMED_WAITING
        at sun.misc.Unsafe.park(Native Method)
        at java.util.concurrent.locks.LockSupport.parkNanos(LockSupport.java:215)
        at java.util.concurrent.locks.AbstractQueuedSynchronizer$ConditionObject.awaitNanos(AbstractQueuedSynchronizer.java:2078)
        at java.util.concurrent.LinkedBlockingQueue.poll(LinkedBlockingQueue.java:467)
        at org.apache.hadoop.ipc.CallQueueManager.take(CallQueueManager.java:317)
        at org.apache.hadoop.ipc.Server$Handler.run(Server.java:2992)
"ChunkReader-6" daemon prio=5 tid=1082 in Object.wait()
java.lang.Thread.State: WAITING (on object monitor)
        at sun.misc.Unsafe.park(Native Method)
        at java.util.concurrent.locks.LockSupport.park(LockSupport.java:175)
        at java.util.concurrent.locks.AbstractQueuedSynchronizer$ConditionObject.await(AbstractQueuedSynchronizer.java:2039)
        at java.util.concurrent.LinkedBlockingQueue.take(LinkedBlockingQueue.java:442)
        at java.util.concurrent.ThreadPoolExecutor.getTask(ThreadPoolExecutor.java:1074)
        at java.util.concurrent.ThreadPoolExecutor.runWorker(ThreadPoolExecutor.java:1134)
        at java.util.concurrent.ThreadPoolExecutor$Worker.run(ThreadPoolExecutor.java:624)
        at java.lang.Thread.run(Thread.java:750)
"Datanode ReportManager Thread - 1" daemon prio=5 tid=278 timed_waiting
java.lang.Thread.State: TIMED_WAITING
        at sun.misc.Unsafe.park(Native Method)
        at java.util.concurrent.locks.LockSupport.parkNanos(LockSupport.java:215)
        at java.util.concurrent.locks.AbstractQueuedSynchronizer$ConditionObject.awaitNanos(AbstractQueuedSynchronizer.java:2078)
        at java.util.concurrent.ScheduledThreadPoolExecutor$DelayedWorkQueue.take(ScheduledThreadPoolExecutor.java:1093)
        at java.util.concurrent.ScheduledThreadPoolExecutor$DelayedWorkQueue.take(ScheduledThreadPoolExecutor.java:809)
        at java.util.concurrent.ThreadPoolExecutor.getTask(ThreadPoolExecutor.java:1074)
        at java.util.concurrent.ThreadPoolExecutor.runWorker(ThreadPoolExecutor.java:1134)
        at java.util.concurrent.ThreadPoolExecutor$Worker.run(ThreadPoolExecutor.java:624)
        at java.lang.Thread.run(Thread.java:750)
"pool-191-thread-1" daemon prio=5 tid=354 timed_waiting
java.lang.Thread.State: TIMED_WAITING
        at sun.misc.Unsafe.park(Native Method)
        at java.util.concurrent.locks.LockSupport.parkNanos(LockSupport.java:215)
        at java.util.concurrent.locks.AbstractQueuedSynchronizer$ConditionObject.awaitNanos(AbstractQueuedSynchronizer.java:2078)
        at java.util.concurrent.ScheduledThreadPoolExecutor$DelayedWorkQueue.take(ScheduledThreadPoolExecutor.java:1093)
        at java.util.concurrent.ScheduledThreadPoolExecutor$DelayedWorkQueue.take(ScheduledThreadPoolExecutor.java:809)
        at java.util.concurrent.ThreadPoolExecutor.getTask(ThreadPoolExecutor.java:1074)
        at java.util.concurrent.ThreadPoolExecutor.runWorker(ThreadPoolExecutor.java:1134)
        at java.util.concurrent.ThreadPoolExecutor$Worker.run(ThreadPoolExecutor.java:624)
        at java.lang.Thread.run(Thread.java:750)
"org.apache.hadoop.ozone.container.common.statemachine.commandhandler.DeleteBlocksCommandHandler$DeleteCmdWorker@793c5b1a" daemon prio=5 tid=528 timed_waiting
java.lang.Thread.State: TIMED_WAITING
        at java.lang.Thread.sleep(Native Method)
        at org.apache.hadoop.ozone.container.common.statemachine.commandhandler.DeleteBlocksCommandHandler$DeleteCmdWorker.run(DeleteBlocksCommandHandler.java:187)
        at java.lang.Thread.run(Thread.java:750)
"StaleRecoveringContainerScrubbingService#3" daemon prio=5 tid=1068 in Object.wait()
java.lang.Thread.State: WAITING (on object monitor)
        at sun.misc.Unsafe.park(Native Method)
        at java.util.concurrent.locks.LockSupport.park(LockSupport.java:175)
        at java.util.concurrent.locks.AbstractQueuedSynchronizer$ConditionObject.await(AbstractQueuedSynchronizer.java:2039)
        at java.util.concurrent.ScheduledThreadPoolExecutor$DelayedWorkQueue.take(ScheduledThreadPoolExecutor.java:1088)
        at java.util.concurrent.ScheduledThreadPoolExecutor$DelayedWorkQueue.take(ScheduledThreadPoolExecutor.java:809)
        at java.util.concurrent.ThreadPoolExecutor.getTask(ThreadPoolExecutor.java:1074)
        at java.util.concurrent.ThreadPoolExecutor.runWorker(ThreadPoolExecutor.java:1134)
        at java.util.concurrent.ThreadPoolExecutor$Worker.run(ThreadPoolExecutor.java:624)
        at java.lang.Thread.run(Thread.java:750)
"IPC Server handler 12 on default port 15000" daemon prio=5 tid=61 timed_waiting
java.lang.Thread.State: TIMED_WAITING
        at sun.misc.Unsafe.park(Native Method)
        at java.util.concurrent.locks.LockSupport.parkNanos(LockSupport.java:215)
        at java.util.concurrent.locks.AbstractQueuedSynchronizer$ConditionObject.awaitNanos(AbstractQueuedSynchronizer.java:2078)
        at java.util.concurrent.LinkedBlockingQueue.poll(LinkedBlockingQueue.java:467)
        at org.apache.hadoop.ipc.CallQueueManager.take(CallQueueManager.java:317)
        at org.apache.hadoop.ipc.Server$Handler.run(Server.java:2992)
"fac1c7af-03c1-44bd-b323-3796df9c2435-NettyServerStreamRpc-bossGroup--thread1"  prio=5 tid=1111 runnable
java.lang.Thread.State: RUNNABLE
        at sun.nio.ch.EPollArrayWrapper.epollWait(Native Method)
        at sun.nio.ch.EPollArrayWrapper.poll(EPollArrayWrapper.java:269)
        at sun.nio.ch.EPollSelectorImpl.doSelect(EPollSelectorImpl.java:93)
        at sun.nio.ch.SelectorImpl.lockAndDoSelect(SelectorImpl.java:86)
        at sun.nio.ch.SelectorImpl.select(SelectorImpl.java:97)
        at sun.nio.ch.SelectorImpl.select(SelectorImpl.java:101)
        at org.apache.ratis.thirdparty.io.netty.channel.nio.SelectedSelectionKeySetSelector.select(SelectedSelectionKeySetSelector.java:68)
        at org.apache.ratis.thirdparty.io.netty.channel.nio.NioEventLoop.select(NioEventLoop.java:879)
        at org.apache.ratis.thirdparty.io.netty.channel.nio.NioEventLoop.run(NioEventLoop.java:526)
        at org.apache.ratis.thirdparty.io.netty.util.concurrent.SingleThreadEventExecutor$4.run(SingleThreadEventExecutor.java:997)
        at org.apache.ratis.thirdparty.io.netty.util.internal.ThreadExecutorMap$2.run(ThreadExecutorMap.java:74)
        at java.lang.Thread.run(Thread.java:750)
"ChunkWriter-1-0" daemon prio=5 tid=581 in Object.wait()
java.lang.Thread.State: WAITING (on object monitor)
        at sun.misc.Unsafe.park(Native Method)
        at java.util.concurrent.locks.LockSupport.park(LockSupport.java:175)
        at java.util.concurrent.locks.AbstractQueuedSynchronizer$ConditionObject.await(AbstractQueuedSynchronizer.java:2039)
        at java.util.concurrent.LinkedBlockingDeque.takeFirst(LinkedBlockingDeque.java:492)
        at java.util.concurrent.LinkedBlockingDeque.take(LinkedBlockingDeque.java:680)
        at java.util.concurrent.ThreadPoolExecutor.getTask(ThreadPoolExecutor.java:1074)
        at java.util.concurrent.ThreadPoolExecutor.runWorker(ThreadPoolExecutor.java:1134)
        at java.util.concurrent.ThreadPoolExecutor$Worker.run(ThreadPoolExecutor.java:624)
        at java.lang.Thread.run(Thread.java:750)
"Under Replicated Processor" daemon prio=5 tid=1342 timed_waiting
java.lang.Thread.State: TIMED_WAITING
        at java.lang.Object.wait(Native Method)
        at org.apache.hadoop.hdds.scm.container.replication.UnhealthyReplicationProcessor.run(UnhealthyReplicationProcessor.java:161)
        at java.lang.Thread.run(Thread.java:750)
"IPC Server handler 14 on default port 15001" daemon prio=5 tid=83 timed_waiting
java.lang.Thread.State: TIMED_WAITING
        at sun.misc.Unsafe.park(Native Method)
        at java.util.concurrent.locks.LockSupport.parkNanos(LockSupport.java:215)
        at java.util.concurrent.locks.AbstractQueuedSynchronizer$ConditionObject.awaitNanos(AbstractQueuedSynchronizer.java:2078)
        at java.util.concurrent.LinkedBlockingQueue.poll(LinkedBlockingQueue.java:467)
        at org.apache.hadoop.ipc.CallQueueManager.take(CallQueueManager.java:317)
        at org.apache.hadoop.ipc.Server$Handler.run(Server.java:2992)
"IPC Server handler 11 on default port 15000" daemon prio=5 tid=60 timed_waiting
java.lang.Thread.State: TIMED_WAITING
        at sun.misc.Unsafe.park(Native Method)
        at java.util.concurrent.locks.LockSupport.parkNanos(LockSupport.java:215)
        at java.util.concurrent.locks.AbstractQueuedSynchronizer$ConditionObject.awaitNanos(AbstractQueuedSynchronizer.java:2078)
        at java.util.concurrent.LinkedBlockingQueue.poll(LinkedBlockingQueue.java:467)
        at org.apache.hadoop.ipc.CallQueueManager.take(CallQueueManager.java:317)
        at org.apache.hadoop.ipc.Server$Handler.run(Server.java:2992)
"qtp1533380014-155" daemon prio=5 tid=155 timed_waiting
java.lang.Thread.State: TIMED_WAITING
        at sun.misc.Unsafe.park(Native Method)
        at java.util.concurrent.locks.LockSupport.parkNanos(LockSupport.java:215)
        at java.util.concurrent.locks.AbstractQueuedSynchronizer$ConditionObject.awaitNanos(AbstractQueuedSynchronizer.java:2078)
        at org.eclipse.jetty.util.BlockingArrayQueue.poll(BlockingArrayQueue.java:382)
        at org.eclipse.jetty.util.thread.QueuedThreadPool$Runner.idleJobPoll(QueuedThreadPool.java:974)
        at org.eclipse.jetty.util.thread.QueuedThreadPool$Runner.run(QueuedThreadPool.java:1018)
        at java.lang.Thread.run(Thread.java:750)
"EventQueue-CloseContainerForCloseContainerEventHandler" daemon prio=5 tid=1057 in Object.wait()
java.lang.Thread.State: WAITING (on object monitor)
        at sun.misc.Unsafe.park(Native Method)
        at java.util.concurrent.locks.LockSupport.park(LockSupport.java:175)
        at java.util.concurrent.locks.AbstractQueuedSynchronizer$ConditionObject.await(AbstractQueuedSynchronizer.java:2039)
        at java.util.concurrent.LinkedBlockingQueue.take(LinkedBlockingQueue.java:442)
        at java.util.concurrent.ThreadPoolExecutor.getTask(ThreadPoolExecutor.java:1074)
        at java.util.concurrent.ThreadPoolExecutor.runWorker(ThreadPoolExecutor.java:1134)
        at java.util.concurrent.ThreadPoolExecutor$Worker.run(ThreadPoolExecutor.java:624)
        at java.lang.Thread.run(Thread.java:750)
"StaleRecoveringContainerScrubbingService#5" daemon prio=5 tid=1222 in Object.wait()
java.lang.Thread.State: WAITING (on object monitor)
        at sun.misc.Unsafe.park(Native Method)
        at java.util.concurrent.locks.LockSupport.park(LockSupport.java:175)
        at java.util.concurrent.locks.AbstractQueuedSynchronizer$ConditionObject.await(AbstractQueuedSynchronizer.java:2039)
        at java.util.concurrent.ScheduledThreadPoolExecutor$DelayedWorkQueue.take(ScheduledThreadPoolExecutor.java:1088)
        at java.util.concurrent.ScheduledThreadPoolExecutor$DelayedWorkQueue.take(ScheduledThreadPoolExecutor.java:809)
        at java.util.concurrent.ThreadPoolExecutor.getTask(ThreadPoolExecutor.java:1074)
        at java.util.concurrent.ThreadPoolExecutor.runWorker(ThreadPoolExecutor.java:1134)
        at java.util.concurrent.ThreadPoolExecutor$Worker.run(ThreadPoolExecutor.java:624)
        at java.lang.Thread.run(Thread.java:750)
"BlockDeletingService#1" daemon prio=5 tid=632 in Object.wait()
java.lang.Thread.State: WAITING (on object monitor)
        at sun.misc.Unsafe.park(Native Method)
        at java.util.concurrent.locks.LockSupport.park(LockSupport.java:175)
        at java.util.concurrent.locks.AbstractQueuedSynchronizer$ConditionObject.await(AbstractQueuedSynchronizer.java:2039)
        at java.util.concurrent.ScheduledThreadPoolExecutor$DelayedWorkQueue.take(ScheduledThreadPoolExecutor.java:1088)
        at java.util.concurrent.ScheduledThreadPoolExecutor$DelayedWorkQueue.take(ScheduledThreadPoolExecutor.java:809)
        at java.util.concurrent.ThreadPoolExecutor.getTask(ThreadPoolExecutor.java:1074)
        at java.util.concurrent.ThreadPoolExecutor.runWorker(ThreadPoolExecutor.java:1134)
        at java.util.concurrent.ThreadPoolExecutor$Worker.run(ThreadPoolExecutor.java:624)
        at java.lang.Thread.run(Thread.java:750)
"StaleRecoveringContainerScrubbingService#7" daemon prio=5 tid=1349 in Object.wait()
java.lang.Thread.State: WAITING (on object monitor)
        at sun.misc.Unsafe.park(Native Method)
        at java.util.concurrent.locks.LockSupport.park(LockSupport.java:175)
        at java.util.concurrent.locks.AbstractQueuedSynchronizer$ConditionObject.await(AbstractQueuedSynchronizer.java:2039)
        at java.util.concurrent.ScheduledThreadPoolExecutor$DelayedWorkQueue.take(ScheduledThreadPoolExecutor.java:1088)
        at java.util.concurrent.ScheduledThreadPoolExecutor$DelayedWorkQueue.take(ScheduledThreadPoolExecutor.java:809)
        at java.util.concurrent.ThreadPoolExecutor.getTask(ThreadPoolExecutor.java:1074)
        at java.util.concurrent.ThreadPoolExecutor.runWorker(ThreadPoolExecutor.java:1134)
        at java.util.concurrent.ThreadPoolExecutor$Worker.run(ThreadPoolExecutor.java:624)
        at java.lang.Thread.run(Thread.java:750)
"d78dd883-3e4c-45aa-98b2-e8ffdf2e22af@group-CD60DE991625-SegmentedRaftLogWorker" daemon prio=5 tid=1182 timed_waiting
java.lang.Thread.State: TIMED_WAITING
        at sun.misc.Unsafe.park(Native Method)
        at java.util.concurrent.locks.LockSupport.parkNanos(LockSupport.java:215)
        at java.util.concurrent.locks.AbstractQueuedSynchronizer$ConditionObject.awaitNanos(AbstractQueuedSynchronizer.java:2078)
        at org.apache.ratis.util.DataBlockingQueue.poll(DataBlockingQueue.java:148)
        at org.apache.ratis.server.raftlog.segmented.SegmentedRaftLogWorker.run(SegmentedRaftLogWorker.java:307)
        at org.apache.ratis.server.raftlog.segmented.SegmentedRaftLogWorker$$Lambda$764/731878032.run(Unknown Source)
        at java.util.concurrent.Executors$RunnableAdapter.call(Executors.java:511)
        at java.util.concurrent.FutureTask.run(FutureTask.java:266)
        at java.util.concurrent.ThreadPoolExecutor.runWorker(ThreadPoolExecutor.java:1149)
        at java.util.concurrent.ThreadPoolExecutor$Worker.run(ThreadPoolExecutor.java:624)
        at java.lang.Thread.run(Thread.java:750)
"ChunkWriter-2-0" daemon prio=5 tid=498 in Object.wait()
java.lang.Thread.State: WAITING (on object monitor)
        at sun.misc.Unsafe.park(Native Method)
        at java.util.concurrent.locks.LockSupport.park(LockSupport.java:175)
        at java.util.concurrent.locks.AbstractQueuedSynchronizer$ConditionObject.await(AbstractQueuedSynchronizer.java:2039)
        at java.util.concurrent.LinkedBlockingDeque.takeFirst(LinkedBlockingDeque.java:492)
        at java.util.concurrent.LinkedBlockingDeque.take(LinkedBlockingDeque.java:680)
        at java.util.concurrent.ThreadPoolExecutor.getTask(ThreadPoolExecutor.java:1074)
        at java.util.concurrent.ThreadPoolExecutor.runWorker(ThreadPoolExecutor.java:1134)
        at java.util.concurrent.ThreadPoolExecutor$Worker.run(ThreadPoolExecutor.java:624)
        at java.lang.Thread.run(Thread.java:750)
"Command processor thread" daemon prio=5 tid=1137 timed_waiting
java.lang.Thread.State: TIMED_WAITING
        at java.lang.Thread.sleep(Native Method)
        at org.apache.hadoop.ozone.container.common.statemachine.DatanodeStateMachine.lambda$initCommandHandlerThread$3(DatanodeStateMachine.java:669)
        at org.apache.hadoop.ozone.container.common.statemachine.DatanodeStateMachine$$Lambda$869/5638916.run(Unknown Source)
        at java.lang.Thread.run(Thread.java:750)
"qtp246025507-394-acceptor-0@70ec8148-ServerConnector@7858257{HTTP/1.1, (http/1.1)}{0.0.0.0:15063}" daemon prio=3 tid=394 runnable
java.lang.Thread.State: RUNNABLE
        at sun.nio.ch.ServerSocketChannelImpl.accept0(Native Method)
        at sun.nio.ch.ServerSocketChannelImpl.accept(ServerSocketChannelImpl.java:421)
        at sun.nio.ch.ServerSocketChannelImpl.accept(ServerSocketChannelImpl.java:249)
        at org.eclipse.jetty.server.ServerConnector.accept(ServerConnector.java:388)
        at org.eclipse.jetty.server.AbstractConnector$Acceptor.run(AbstractConnector.java:704)
        at org.eclipse.jetty.util.thread.QueuedThreadPool.runJob(QueuedThreadPool.java:883)
        at org.eclipse.jetty.util.thread.QueuedThreadPool$Runner.run(QueuedThreadPool.java:1034)
        at java.lang.Thread.run(Thread.java:750)
"fac1c7af-03c1-44bd-b323-3796df9c2435@group-187869B28A18-SegmentedRaftLogWorker"  prio=5 tid=1215 timed_waiting
java.lang.Thread.State: TIMED_WAITING
        at sun.misc.Unsafe.park(Native Method)
        at java.util.concurrent.locks.LockSupport.parkNanos(LockSupport.java:215)
        at java.util.concurrent.locks.AbstractQueuedSynchronizer$ConditionObject.awaitNanos(AbstractQueuedSynchronizer.java:2078)
        at org.apache.ratis.util.DataBlockingQueue.poll(DataBlockingQueue.java:148)
        at org.apache.ratis.server.raftlog.segmented.SegmentedRaftLogWorker.run(SegmentedRaftLogWorker.java:307)
        at org.apache.ratis.server.raftlog.segmented.SegmentedRaftLogWorker$$Lambda$764/731878032.run(Unknown Source)
        at java.util.concurrent.Executors$RunnableAdapter.call(Executors.java:511)
        at java.util.concurrent.FutureTask.run(FutureTask.java:266)
        at java.util.concurrent.ThreadPoolExecutor.runWorker(ThreadPoolExecutor.java:1149)
        at java.util.concurrent.ThreadPoolExecutor$Worker.run(ThreadPoolExecutor.java:624)
        at java.lang.Thread.run(Thread.java:750)
"ChunkWriter-3-0" daemon prio=5 tid=544 in Object.wait()
java.lang.Thread.State: WAITING (on object monitor)
        at sun.misc.Unsafe.park(Native Method)
        at java.util.concurrent.locks.LockSupport.park(LockSupport.java:175)
        at java.util.concurrent.locks.AbstractQueuedSynchronizer$ConditionObject.await(AbstractQueuedSynchronizer.java:2039)
        at java.util.concurrent.LinkedBlockingDeque.takeFirst(LinkedBlockingDeque.java:492)
        at java.util.concurrent.LinkedBlockingDeque.take(LinkedBlockingDeque.java:680)
        at java.util.concurrent.ThreadPoolExecutor.getTask(ThreadPoolExecutor.java:1074)
        at java.util.concurrent.ThreadPoolExecutor.runWorker(ThreadPoolExecutor.java:1134)
        at java.util.concurrent.ThreadPoolExecutor$Worker.run(ThreadPoolExecutor.java:624)
        at java.lang.Thread.run(Thread.java:750)
"Periodic HDDS volume checker" daemon prio=5 tid=385 timed_waiting
java.lang.Thread.State: TIMED_WAITING
        at sun.misc.Unsafe.park(Native Method)
        at java.util.concurrent.locks.LockSupport.parkNanos(LockSupport.java:215)
        at java.util.concurrent.locks.AbstractQueuedSynchronizer$ConditionObject.awaitNanos(AbstractQueuedSynchronizer.java:2078)
        at java.util.concurrent.ScheduledThreadPoolExecutor$DelayedWorkQueue.take(ScheduledThreadPoolExecutor.java:1093)
        at java.util.concurrent.ScheduledThreadPoolExecutor$DelayedWorkQueue.take(ScheduledThreadPoolExecutor.java:809)
        at java.util.concurrent.ThreadPoolExecutor.getTask(ThreadPoolExecutor.java:1074)
        at java.util.concurrent.ThreadPoolExecutor.runWorker(ThreadPoolExecutor.java:1134)
        at java.util.concurrent.ThreadPoolExecutor$Worker.run(ThreadPoolExecutor.java:624)
        at java.lang.Thread.run(Thread.java:750)
"ec-reconstruct-reader-TID-2"  prio=5 tid=1088 in Object.wait()
java.lang.Thread.State: WAITING (on object monitor)
        at sun.misc.Unsafe.park(Native Method)
        at java.util.concurrent.locks.LockSupport.park(LockSupport.java:175)
        at java.util.concurrent.SynchronousQueue$TransferStack.awaitFulfill(SynchronousQueue.java:458)
        at java.util.concurrent.SynchronousQueue$TransferStack.transfer(SynchronousQueue.java:362)
        at java.util.concurrent.SynchronousQueue.take(SynchronousQueue.java:924)
        at java.util.concurrent.ThreadPoolExecutor.getTask(ThreadPoolExecutor.java:1074)
        at java.util.concurrent.ThreadPoolExecutor.runWorker(ThreadPoolExecutor.java:1134)
        at java.util.concurrent.ThreadPoolExecutor$Worker.run(ThreadPoolExecutor.java:624)
        at java.lang.Thread.run(Thread.java:750)
"IPC Server Responder" daemon prio=5 tid=36 runnable
java.lang.Thread.State: RUNNABLE
        at sun.nio.ch.EPollArrayWrapper.epollWait(Native Method)
        at sun.nio.ch.EPollArrayWrapper.poll(EPollArrayWrapper.java:269)
        at sun.nio.ch.EPollSelectorImpl.doSelect(EPollSelectorImpl.java:93)
        at sun.nio.ch.SelectorImpl.lockAndDoSelect(SelectorImpl.java:86)
        at sun.nio.ch.SelectorImpl.select(SelectorImpl.java:97)
        at org.apache.hadoop.ipc.Server$Responder.doRunLoop(Server.java:1578)
        at org.apache.hadoop.ipc.Server$Responder.run(Server.java:1561)
"fac1c7af-03c1-44bd-b323-3796df9c2435@group-13C1C55693B9-FollowerState" daemon prio=5 tid=1250 timed_waiting
java.lang.Thread.State: TIMED_WAITING
        at java.lang.Thread.sleep(Native Method)
        at java.lang.Thread.sleep(Thread.java:342)
        at java.util.concurrent.TimeUnit.sleep(TimeUnit.java:386)
        at org.apache.ratis.util.TimeDuration.sleep(TimeDuration.java:325)
        at org.apache.ratis.util.TimeDuration.sleep(TimeDuration.java:310)
        at org.apache.ratis.server.impl.FollowerState.run(FollowerState.java:128)
"Datanode State Machine Task Thread - 1"  prio=5 tid=621 in Object.wait()
java.lang.Thread.State: WAITING (on object monitor)
        at sun.misc.Unsafe.park(Native Method)
        at java.util.concurrent.locks.LockSupport.park(LockSupport.java:175)
        at java.util.concurrent.locks.AbstractQueuedSynchronizer$ConditionObject.await(AbstractQueuedSynchronizer.java:2039)
        at java.util.concurrent.LinkedBlockingQueue.take(LinkedBlockingQueue.java:442)
        at java.util.concurrent.ThreadPoolExecutor.getTask(ThreadPoolExecutor.java:1074)
        at java.util.concurrent.ThreadPoolExecutor.runWorker(ThreadPoolExecutor.java:1134)
        at java.util.concurrent.ThreadPoolExecutor$Worker.run(ThreadPoolExecutor.java:624)
        at java.lang.Thread.run(Thread.java:750)
"qtp246025507-393" daemon prio=5 tid=393 runnable
java.lang.Thread.State: RUNNABLE
        at sun.nio.ch.EPollArrayWrapper.epollWait(Native Method)
        at sun.nio.ch.EPollArrayWrapper.poll(EPollArrayWrapper.java:269)
        at sun.nio.ch.EPollSelectorImpl.doSelect(EPollSelectorImpl.java:93)
        at sun.nio.ch.SelectorImpl.lockAndDoSelect(SelectorImpl.java:86)
        at sun.nio.ch.SelectorImpl.select(SelectorImpl.java:97)
        at sun.nio.ch.SelectorImpl.select(SelectorImpl.java:101)
        at org.eclipse.jetty.io.ManagedSelector.nioSelect(ManagedSelector.java:183)
        at org.eclipse.jetty.io.ManagedSelector.select(ManagedSelector.java:190)
        at org.eclipse.jetty.io.ManagedSelector$SelectorProducer.select(ManagedSelector.java:606)
        at org.eclipse.jetty.io.ManagedSelector$SelectorProducer.produce(ManagedSelector.java:543)
        at org.eclipse.jetty.util.thread.strategy.EatWhatYouKill.produceTask(EatWhatYouKill.java:362)
        at org.eclipse.jetty.util.thread.strategy.EatWhatYouKill.doProduce(EatWhatYouKill.java:186)
        at org.eclipse.jetty.util.thread.strategy.EatWhatYouKill.tryProduce(EatWhatYouKill.java:173)
        at org.eclipse.jetty.util.thread.strategy.EatWhatYouKill.produce(EatWhatYouKill.java:137)
        at org.eclipse.jetty.io.ManagedSelector$$Lambda$472/1519927178.run(Unknown Source)
        at org.eclipse.jetty.util.thread.QueuedThreadPool.runJob(QueuedThreadPool.java:883)
        at org.eclipse.jetty.util.thread.QueuedThreadPool$Runner.run(QueuedThreadPool.java:1034)
        at java.lang.Thread.run(Thread.java:750)
"IPC Server handler 9 on default port 15000" daemon prio=5 tid=58 timed_waiting
java.lang.Thread.State: TIMED_WAITING
        at sun.misc.Unsafe.park(Native Method)
        at java.util.concurrent.locks.LockSupport.parkNanos(LockSupport.java:215)
        at java.util.concurrent.locks.AbstractQueuedSynchronizer$ConditionObject.awaitNanos(AbstractQueuedSynchronizer.java:2078)
        at java.util.concurrent.LinkedBlockingQueue.poll(LinkedBlockingQueue.java:467)
        at org.apache.hadoop.ipc.CallQueueManager.take(CallQueueManager.java:317)
        at org.apache.hadoop.ipc.Server$Handler.run(Server.java:2992)
"IPC Server listener on 15055" daemon prio=5 tid=369 runnable
java.lang.Thread.State: RUNNABLE
        at sun.nio.ch.EPollArrayWrapper.epollWait(Native Method)
        at sun.nio.ch.EPollArrayWrapper.poll(EPollArrayWrapper.java:269)
        at sun.nio.ch.EPollSelectorImpl.doSelect(EPollSelectorImpl.java:93)
        at sun.nio.ch.SelectorImpl.lockAndDoSelect(SelectorImpl.java:86)
        at sun.nio.ch.SelectorImpl.select(SelectorImpl.java:97)
        at sun.nio.ch.SelectorImpl.select(SelectorImpl.java:101)
        at org.apache.hadoop.ipc.Server$Listener.run(Server.java:1404)
"DatanodeAdminManager-0" daemon prio=5 tid=21 timed_waiting
java.lang.Thread.State: TIMED_WAITING
        at sun.misc.Unsafe.park(Native Method)
        at java.util.concurrent.locks.LockSupport.parkNanos(LockSupport.java:215)
        at java.util.concurrent.locks.AbstractQueuedSynchronizer$ConditionObject.awaitNanos(AbstractQueuedSynchronizer.java:2078)
        at java.util.concurrent.ScheduledThreadPoolExecutor$DelayedWorkQueue.take(ScheduledThreadPoolExecutor.java:1093)
        at java.util.concurrent.ScheduledThreadPoolExecutor$DelayedWorkQueue.take(ScheduledThreadPoolExecutor.java:809)
        at java.util.concurrent.ThreadPoolExecutor.getTask(ThreadPoolExecutor.java:1074)
        at java.util.concurrent.ThreadPoolExecutor.runWorker(ThreadPoolExecutor.java:1134)
        at java.util.concurrent.ThreadPoolExecutor$Worker.run(ThreadPoolExecutor.java:624)
        at java.lang.Thread.run(Thread.java:750)
"JvmPauseMonitor7" daemon prio=5 tid=602 timed_waiting
java.lang.Thread.State: TIMED_WAITING
        at java.lang.Thread.sleep(Native Method)
        at java.lang.Thread.sleep(Thread.java:342)
        at java.util.concurrent.TimeUnit.sleep(TimeUnit.java:386)
        at org.apache.ratis.util.TimeDuration.sleep(TimeDuration.java:325)
        at org.apache.ratis.util.TimeDuration.sleep(TimeDuration.java:310)
        at org.apache.ratis.util.JvmPauseMonitor.detectPause(JvmPauseMonitor.java:117)
        at org.apache.ratis.util.JvmPauseMonitor.run(JvmPauseMonitor.java:106)
        at org.apache.ratis.util.JvmPauseMonitor$$Lambda$790/700239275.run(Unknown Source)
        at java.lang.Thread.run(Thread.java:750)
"ChunkReader-3" daemon prio=5 tid=1366 in Object.wait()
java.lang.Thread.State: WAITING (on object monitor)
        at sun.misc.Unsafe.park(Native Method)
        at java.util.concurrent.locks.LockSupport.park(LockSupport.java:175)
        at java.util.concurrent.locks.AbstractQueuedSynchronizer$ConditionObject.await(AbstractQueuedSynchronizer.java:2039)
        at java.util.concurrent.LinkedBlockingQueue.take(LinkedBlockingQueue.java:442)
        at java.util.concurrent.ThreadPoolExecutor.getTask(ThreadPoolExecutor.java:1074)
        at java.util.concurrent.ThreadPoolExecutor.runWorker(ThreadPoolExecutor.java:1134)
        at java.util.concurrent.ThreadPoolExecutor$Worker.run(ThreadPoolExecutor.java:624)
        at java.lang.Thread.run(Thread.java:750)
"pool-386-thread-1" daemon prio=5 tid=1108 timed_waiting
java.lang.Thread.State: TIMED_WAITING
        at sun.misc.Unsafe.park(Native Method)
        at java.util.concurrent.locks.LockSupport.parkNanos(LockSupport.java:215)
        at java.util.concurrent.locks.AbstractQueuedSynchronizer$ConditionObject.awaitNanos(AbstractQueuedSynchronizer.java:2078)
        at java.util.concurrent.ScheduledThreadPoolExecutor$DelayedWorkQueue.take(ScheduledThreadPoolExecutor.java:1093)
        at java.util.concurrent.ScheduledThreadPoolExecutor$DelayedWorkQueue.take(ScheduledThreadPoolExecutor.java:809)
        at java.util.concurrent.ThreadPoolExecutor.getTask(ThreadPoolExecutor.java:1074)
        at java.util.concurrent.ThreadPoolExecutor.runWorker(ThreadPoolExecutor.java:1134)
        at java.util.concurrent.ThreadPoolExecutor$Worker.run(ThreadPoolExecutor.java:624)
        at java.lang.Thread.run(Thread.java:750)
"Datanode ReportManager Thread - 3" daemon prio=5 tid=516 timed_waiting
java.lang.Thread.State: TIMED_WAITING
        at sun.misc.Unsafe.park(Native Method)
        at java.util.concurrent.locks.LockSupport.parkNanos(LockSupport.java:215)
        at java.util.concurrent.locks.AbstractQueuedSynchronizer$ConditionObject.awaitNanos(AbstractQueuedSynchronizer.java:2078)
        at java.util.concurrent.ScheduledThreadPoolExecutor$DelayedWorkQueue.take(ScheduledThreadPoolExecutor.java:1093)
        at java.util.concurrent.ScheduledThreadPoolExecutor$DelayedWorkQueue.take(ScheduledThreadPoolExecutor.java:809)
        at java.util.concurrent.ThreadPoolExecutor.getTask(ThreadPoolExecutor.java:1074)
        at java.util.concurrent.ThreadPoolExecutor.runWorker(ThreadPoolExecutor.java:1134)
        at java.util.concurrent.ThreadPoolExecutor$Worker.run(ThreadPoolExecutor.java:624)
        at java.lang.Thread.run(Thread.java:750)
"Socket Reader #1 for port 15082"  prio=5 tid=507 runnable
java.lang.Thread.State: RUNNABLE
        at sun.nio.ch.EPollArrayWrapper.epollWait(Native Method)
        at sun.nio.ch.EPollArrayWrapper.poll(EPollArrayWrapper.java:269)
        at sun.nio.ch.EPollSelectorImpl.doSelect(EPollSelectorImpl.java:93)
        at sun.nio.ch.SelectorImpl.lockAndDoSelect(SelectorImpl.java:86)
        at sun.nio.ch.SelectorImpl.select(SelectorImpl.java:97)
        at sun.nio.ch.SelectorImpl.select(SelectorImpl.java:101)
        at org.apache.hadoop.ipc.Server$Listener$Reader.doRunLoop(Server.java:1342)
        at org.apache.hadoop.ipc.Server$Listener$Reader.run(Server.java:1321)
"Datanode State Machine Task Thread - 1"  prio=5 tid=578 in Object.wait()
java.lang.Thread.State: WAITING (on object monitor)
        at sun.misc.Unsafe.park(Native Method)
        at java.util.concurrent.locks.LockSupport.park(LockSupport.java:175)
        at java.util.concurrent.locks.AbstractQueuedSynchronizer$ConditionObject.await(AbstractQueuedSynchronizer.java:2039)
        at java.util.concurrent.LinkedBlockingQueue.take(LinkedBlockingQueue.java:442)
        at java.util.concurrent.ThreadPoolExecutor.getTask(ThreadPoolExecutor.java:1074)
        at java.util.concurrent.ThreadPoolExecutor.runWorker(ThreadPoolExecutor.java:1134)
        at java.util.concurrent.ThreadPoolExecutor$Worker.run(ThreadPoolExecutor.java:624)
        at java.lang.Thread.run(Thread.java:750)
"IPC Server handler 0 on default port 15002" daemon prio=5 tid=89 timed_waiting
java.lang.Thread.State: TIMED_WAITING
        at sun.misc.Unsafe.park(Native Method)
        at java.util.concurrent.locks.LockSupport.parkNanos(LockSupport.java:215)
        at java.util.concurrent.locks.AbstractQueuedSynchronizer$ConditionObject.awaitNanos(AbstractQueuedSynchronizer.java:2078)
        at java.util.concurrent.LinkedBlockingQueue.poll(LinkedBlockingQueue.java:467)
        at org.apache.hadoop.ipc.CallQueueManager.take(CallQueueManager.java:317)
        at org.apache.hadoop.ipc.Server$Handler.run(Server.java:2992)
"BlockDeletingService#2" daemon prio=5 tid=1357 in Object.wait()
java.lang.Thread.State: WAITING (on object monitor)
        at sun.misc.Unsafe.park(Native Method)
        at java.util.concurrent.locks.LockSupport.park(LockSupport.java:175)
        at java.util.concurrent.locks.AbstractQueuedSynchronizer$ConditionObject.await(AbstractQueuedSynchronizer.java:2039)
        at java.util.concurrent.ScheduledThreadPoolExecutor$DelayedWorkQueue.take(ScheduledThreadPoolExecutor.java:1088)
        at java.util.concurrent.ScheduledThreadPoolExecutor$DelayedWorkQueue.take(ScheduledThreadPoolExecutor.java:809)
        at java.util.concurrent.ThreadPoolExecutor.getTask(ThreadPoolExecutor.java:1074)
        at java.util.concurrent.ThreadPoolExecutor.runWorker(ThreadPoolExecutor.java:1134)
        at java.util.concurrent.ThreadPoolExecutor$Worker.run(ThreadPoolExecutor.java:624)
        at java.lang.Thread.run(Thread.java:750)
"ChunkWriter-0-0" daemon prio=5 tid=623 in Object.wait()
java.lang.Thread.State: WAITING (on object monitor)
        at sun.misc.Unsafe.park(Native Method)
        at java.util.concurrent.locks.LockSupport.park(LockSupport.java:175)
        at java.util.concurrent.locks.AbstractQueuedSynchronizer$ConditionObject.await(AbstractQueuedSynchronizer.java:2039)
        at java.util.concurrent.LinkedBlockingDeque.takeFirst(LinkedBlockingDeque.java:492)
        at java.util.concurrent.LinkedBlockingDeque.take(LinkedBlockingDeque.java:680)
        at java.util.concurrent.ThreadPoolExecutor.getTask(ThreadPoolExecutor.java:1074)
        at java.util.concurrent.ThreadPoolExecutor.runWorker(ThreadPoolExecutor.java:1134)
        at java.util.concurrent.ThreadPoolExecutor$Worker.run(ThreadPoolExecutor.java:624)
        at java.lang.Thread.run(Thread.java:750)
"IPC Server handler 6 on default port 15004" daemon prio=5 tid=168 timed_waiting
java.lang.Thread.State: TIMED_WAITING
        at sun.misc.Unsafe.park(Native Method)
        at java.util.concurrent.locks.LockSupport.parkNanos(LockSupport.java:215)
        at java.util.concurrent.locks.AbstractQueuedSynchronizer$ConditionObject.awaitNanos(AbstractQueuedSynchronizer.java:2078)
        at java.util.concurrent.LinkedBlockingQueue.poll(LinkedBlockingQueue.java:467)
        at org.apache.hadoop.ipc.CallQueueManager.take(CallQueueManager.java:317)
        at org.apache.hadoop.ipc.Server$Handler.run(Server.java:2992)
"StaleRecoveringContainerScrubbingService#1" daemon prio=5 tid=1167 in Object.wait()
java.lang.Thread.State: WAITING (on object monitor)
        at sun.misc.Unsafe.park(Native Method)
        at java.util.concurrent.locks.LockSupport.park(LockSupport.java:175)
        at java.util.concurrent.locks.AbstractQueuedSynchronizer$ConditionObject.await(AbstractQueuedSynchronizer.java:2039)
        at java.util.concurrent.ScheduledThreadPoolExecutor$DelayedWorkQueue.take(ScheduledThreadPoolExecutor.java:1088)
        at java.util.concurrent.ScheduledThreadPoolExecutor$DelayedWorkQueue.take(ScheduledThreadPoolExecutor.java:809)
        at java.util.concurrent.ThreadPoolExecutor.getTask(ThreadPoolExecutor.java:1074)
        at java.util.concurrent.ThreadPoolExecutor.runWorker(ThreadPoolExecutor.java:1134)
        at java.util.concurrent.ThreadPoolExecutor$Worker.run(ThreadPoolExecutor.java:624)
        at java.lang.Thread.run(Thread.java:750)
"StaleRecoveringContainerScrubbingService#1" daemon prio=5 tid=631 in Object.wait()
java.lang.Thread.State: WAITING (on object monitor)
        at sun.misc.Unsafe.park(Native Method)
        at java.util.concurrent.locks.LockSupport.park(LockSupport.java:175)
        at java.util.concurrent.locks.AbstractQueuedSynchronizer$ConditionObject.await(AbstractQueuedSynchronizer.java:2039)
        at java.util.concurrent.ScheduledThreadPoolExecutor$DelayedWorkQueue.take(ScheduledThreadPoolExecutor.java:1088)
        at java.util.concurrent.ScheduledThreadPoolExecutor$DelayedWorkQueue.take(ScheduledThreadPoolExecutor.java:809)
        at java.util.concurrent.ThreadPoolExecutor.getTask(ThreadPoolExecutor.java:1074)
        at java.util.concurrent.ThreadPoolExecutor.runWorker(ThreadPoolExecutor.java:1134)
        at java.util.concurrent.ThreadPoolExecutor$Worker.run(ThreadPoolExecutor.java:624)
        at java.lang.Thread.run(Thread.java:750)
"Datanode State Machine Daemon Thread" daemon prio=5 tid=467 timed_waiting
java.lang.Thread.State: TIMED_WAITING
        at java.lang.Thread.sleep(Native Method)
        at org.apache.hadoop.ozone.container.common.statemachine.DatanodeStateMachine.startStateMachineThread(DatanodeStateMachine.java:351)
        at org.apache.hadoop.ozone.container.common.statemachine.DatanodeStateMachine.lambda$startDaemon$0(DatanodeStateMachine.java:538)
        at org.apache.hadoop.ozone.container.common.statemachine.DatanodeStateMachine$$Lambda$867/1464078834.run(Unknown Source)
        at java.lang.Thread.run(Thread.java:750)
"9125f905-aa43-4d0f-845d-e6cfd4dab0cd@group-C6431D6FC4A4-StateMachineUpdater" daemon prio=5 tid=801 timed_waiting
java.lang.Thread.State: TIMED_WAITING
        at sun.misc.Unsafe.park(Native Method)
        at java.util.concurrent.locks.LockSupport.parkNanos(LockSupport.java:215)
        at java.util.concurrent.locks.AbstractQueuedSynchronizer$ConditionObject.await(AbstractQueuedSynchronizer.java:2163)
        at org.apache.ratis.util.AwaitForSignal.await(AwaitForSignal.java:62)
        at org.apache.ratis.server.impl.StateMachineUpdater.waitForCommit(StateMachineUpdater.java:209)
        at org.apache.ratis.server.impl.StateMachineUpdater.run(StateMachineUpdater.java:178)
        at java.lang.Thread.run(Thread.java:750)
"qtp1851070396-532-acceptor-0@6fcd3d86-ServerConnector@56ee0cfd{HTTP/1.1, (http/1.1)}{0.0.0.0:15090}" daemon prio=3 tid=532 runnable
java.lang.Thread.State: RUNNABLE
        at sun.nio.ch.ServerSocketChannelImpl.accept0(Native Method)
        at sun.nio.ch.ServerSocketChannelImpl.accept(ServerSocketChannelImpl.java:421)
        at sun.nio.ch.ServerSocketChannelImpl.accept(ServerSocketChannelImpl.java:249)
        at org.eclipse.jetty.server.ServerConnector.accept(ServerConnector.java:388)
        at org.eclipse.jetty.server.AbstractConnector$Acceptor.run(AbstractConnector.java:704)
        at org.eclipse.jetty.util.thread.QueuedThreadPool.runJob(QueuedThreadPool.java:883)
        at org.eclipse.jetty.util.thread.QueuedThreadPool$Runner.run(QueuedThreadPool.java:1034)
        at java.lang.Thread.run(Thread.java:750)
"SnapshotDiffCleanupService#0" daemon prio=5 tid=128 timed_waiting
java.lang.Thread.State: TIMED_WAITING
        at sun.misc.Unsafe.park(Native Method)
        at java.util.concurrent.locks.LockSupport.parkNanos(LockSupport.java:215)
        at java.util.concurrent.locks.AbstractQueuedSynchronizer$ConditionObject.awaitNanos(AbstractQueuedSynchronizer.java:2078)
        at java.util.concurrent.ScheduledThreadPoolExecutor$DelayedWorkQueue.take(ScheduledThreadPoolExecutor.java:1093)
        at java.util.concurrent.ScheduledThreadPoolExecutor$DelayedWorkQueue.take(ScheduledThreadPoolExecutor.java:809)
        at java.util.concurrent.ThreadPoolExecutor.getTask(ThreadPoolExecutor.java:1074)
        at java.util.concurrent.ThreadPoolExecutor.runWorker(ThreadPoolExecutor.java:1134)
        at java.util.concurrent.ThreadPoolExecutor$Worker.run(ThreadPoolExecutor.java:624)
        at java.lang.Thread.run(Thread.java:750)
"Datanode ReportManager Thread - 1" daemon prio=5 tid=377 timed_waiting
java.lang.Thread.State: TIMED_WAITING
        at sun.misc.Unsafe.park(Native Method)
        at java.util.concurrent.locks.LockSupport.parkNanos(LockSupport.java:215)
        at java.util.concurrent.locks.AbstractQueuedSynchronizer$ConditionObject.awaitNanos(AbstractQueuedSynchronizer.java:2078)
        at java.util.concurrent.ScheduledThreadPoolExecutor$DelayedWorkQueue.take(ScheduledThreadPoolExecutor.java:1093)
        at java.util.concurrent.ScheduledThreadPoolExecutor$DelayedWorkQueue.take(ScheduledThreadPoolExecutor.java:809)
        at java.util.concurrent.ThreadPoolExecutor.getTask(ThreadPoolExecutor.java:1074)
        at java.util.concurrent.ThreadPoolExecutor.runWorker(ThreadPoolExecutor.java:1134)
        at java.util.concurrent.ThreadPoolExecutor$Worker.run(ThreadPoolExecutor.java:624)
        at java.lang.Thread.run(Thread.java:750)
"BlockDeletingService#0" daemon prio=5 tid=604 timed_waiting
java.lang.Thread.State: TIMED_WAITING
        at sun.misc.Unsafe.park(Native Method)
        at java.util.concurrent.locks.LockSupport.parkNanos(LockSupport.java:215)
        at java.util.concurrent.locks.AbstractQueuedSynchronizer$ConditionObject.awaitNanos(AbstractQueuedSynchronizer.java:2078)
        at java.util.concurrent.ScheduledThreadPoolExecutor$DelayedWorkQueue.take(ScheduledThreadPoolExecutor.java:1093)
        at java.util.concurrent.ScheduledThreadPoolExecutor$DelayedWorkQueue.take(ScheduledThreadPoolExecutor.java:809)
        at java.util.concurrent.ThreadPoolExecutor.getTask(ThreadPoolExecutor.java:1074)
        at java.util.concurrent.ThreadPoolExecutor.runWorker(ThreadPoolExecutor.java:1134)
        at java.util.concurrent.ThreadPoolExecutor$Worker.run(ThreadPoolExecutor.java:624)
        at java.lang.Thread.run(Thread.java:750)
"d78dd883-3e4c-45aa-98b2-e8ffdf2e22af@group-CD60DE991625-StateMachineUpdater" daemon prio=5 tid=1184 timed_waiting
java.lang.Thread.State: TIMED_WAITING
        at sun.misc.Unsafe.park(Native Method)
        at java.util.concurrent.locks.LockSupport.parkNanos(LockSupport.java:215)
        at java.util.concurrent.locks.AbstractQueuedSynchronizer$ConditionObject.await(AbstractQueuedSynchronizer.java:2163)
        at org.apache.ratis.util.AwaitForSignal.await(AwaitForSignal.java:62)
        at org.apache.ratis.server.impl.StateMachineUpdater.waitForCommit(StateMachineUpdater.java:209)
        at org.apache.ratis.server.impl.StateMachineUpdater.run(StateMachineUpdater.java:178)
        at java.lang.Thread.run(Thread.java:750)
"fac1c7af-03c1-44bd-b323-3796df9c2435-server-thread2" daemon prio=5 tid=1257 timed_waiting
java.lang.Thread.State: TIMED_WAITING
        at sun.misc.Unsafe.park(Native Method)
        at java.util.concurrent.locks.LockSupport.parkNanos(LockSupport.java:215)
        at java.util.concurrent.SynchronousQueue$TransferStack.awaitFulfill(SynchronousQueue.java:460)
        at java.util.concurrent.SynchronousQueue$TransferStack.transfer(SynchronousQueue.java:362)
        at java.util.concurrent.SynchronousQueue.poll(SynchronousQueue.java:941)
        at java.util.concurrent.ThreadPoolExecutor.getTask(ThreadPoolExecutor.java:1073)
        at java.util.concurrent.ThreadPoolExecutor.runWorker(ThreadPoolExecutor.java:1134)
        at java.util.concurrent.ThreadPoolExecutor$Worker.run(ThreadPoolExecutor.java:624)
        at java.lang.Thread.run(Thread.java:750)
"ChunkReader-0" daemon prio=5 tid=985 in Object.wait()
java.lang.Thread.State: WAITING (on object monitor)
        at sun.misc.Unsafe.park(Native Method)
        at java.util.concurrent.locks.LockSupport.park(LockSupport.java:175)
        at java.util.concurrent.locks.AbstractQueuedSynchronizer$ConditionObject.await(AbstractQueuedSynchronizer.java:2039)
        at java.util.concurrent.LinkedBlockingQueue.take(LinkedBlockingQueue.java:442)
        at java.util.concurrent.ThreadPoolExecutor.getTask(ThreadPoolExecutor.java:1074)
        at java.util.concurrent.ThreadPoolExecutor.runWorker(ThreadPoolExecutor.java:1134)
        at java.util.concurrent.ThreadPoolExecutor$Worker.run(ThreadPoolExecutor.java:624)
        at java.lang.Thread.run(Thread.java:750)
"BackgroundPipelineScrubberThread" daemon prio=5 tid=16 timed_waiting
java.lang.Thread.State: TIMED_WAITING
        at java.lang.Object.wait(Native Method)
        at org.apache.hadoop.hdds.scm.ha.BackgroundSCMService.run(BackgroundSCMService.java:110)
        at org.apache.hadoop.hdds.scm.ha.BackgroundSCMService$$Lambda$404/129165617.run(Unknown Source)
        at java.lang.Thread.run(Thread.java:750)
"IPC Server handler 19 on default port 15004" daemon prio=5 tid=181 timed_waiting
java.lang.Thread.State: TIMED_WAITING
        at sun.misc.Unsafe.park(Native Method)
        at java.util.concurrent.locks.LockSupport.parkNanos(LockSupport.java:215)
        at java.util.concurrent.locks.AbstractQueuedSynchronizer$ConditionObject.awaitNanos(AbstractQueuedSynchronizer.java:2078)
        at java.util.concurrent.LinkedBlockingQueue.poll(LinkedBlockingQueue.java:467)
        at org.apache.hadoop.ipc.CallQueueManager.take(CallQueueManager.java:317)
        at org.apache.hadoop.ipc.Server$Handler.run(Server.java:2992)
"ChunkReader-1" daemon prio=5 tid=992 in Object.wait()
java.lang.Thread.State: WAITING (on object monitor)
        at sun.misc.Unsafe.park(Native Method)
        at java.util.concurrent.locks.LockSupport.park(LockSupport.java:175)
        at java.util.concurrent.locks.AbstractQueuedSynchronizer$ConditionObject.await(AbstractQueuedSynchronizer.java:2039)
        at java.util.concurrent.LinkedBlockingQueue.take(LinkedBlockingQueue.java:442)
        at java.util.concurrent.ThreadPoolExecutor.getTask(ThreadPoolExecutor.java:1074)
        at java.util.concurrent.ThreadPoolExecutor.runWorker(ThreadPoolExecutor.java:1134)
        at java.util.concurrent.ThreadPoolExecutor$Worker.run(ThreadPoolExecutor.java:624)
        at java.lang.Thread.run(Thread.java:750)
"Session-HouseKeeper-26d596b9-1"  prio=5 tid=269 timed_waiting
java.lang.Thread.State: TIMED_WAITING
        at sun.misc.Unsafe.park(Native Method)
        at java.util.concurrent.locks.LockSupport.parkNanos(LockSupport.java:215)
        at java.util.concurrent.locks.AbstractQueuedSynchronizer$ConditionObject.awaitNanos(AbstractQueuedSynchronizer.java:2078)
        at java.util.concurrent.ScheduledThreadPoolExecutor$DelayedWorkQueue.take(ScheduledThreadPoolExecutor.java:1093)
        at java.util.concurrent.ScheduledThreadPoolExecutor$DelayedWorkQueue.take(ScheduledThreadPoolExecutor.java:809)
        at java.util.concurrent.ThreadPoolExecutor.getTask(ThreadPoolExecutor.java:1074)
        at java.util.concurrent.ThreadPoolExecutor.runWorker(ThreadPoolExecutor.java:1134)
        at java.util.concurrent.ThreadPoolExecutor$Worker.run(ThreadPoolExecutor.java:624)
        at java.lang.Thread.run(Thread.java:750)
"StaleRecoveringContainerScrubbingService#2" daemon prio=5 tid=826 timed_waiting
java.lang.Thread.State: TIMED_WAITING
        at sun.misc.Unsafe.park(Native Method)
        at java.util.concurrent.locks.LockSupport.parkNanos(LockSupport.java:215)
        at java.util.concurrent.locks.AbstractQueuedSynchronizer$ConditionObject.awaitNanos(AbstractQueuedSynchronizer.java:2078)
        at java.util.concurrent.ScheduledThreadPoolExecutor$DelayedWorkQueue.take(ScheduledThreadPoolExecutor.java:1093)
        at java.util.concurrent.ScheduledThreadPoolExecutor$DelayedWorkQueue.take(ScheduledThreadPoolExecutor.java:809)
        at java.util.concurrent.ThreadPoolExecutor.getTask(ThreadPoolExecutor.java:1074)
        at java.util.concurrent.ThreadPoolExecutor.runWorker(ThreadPoolExecutor.java:1134)
        at java.util.concurrent.ThreadPoolExecutor$Worker.run(ThreadPoolExecutor.java:624)
        at java.lang.Thread.run(Thread.java:750)
"StaleRecoveringContainerScrubbingService#0" daemon prio=5 tid=548 in Object.wait()
java.lang.Thread.State: WAITING (on object monitor)
        at sun.misc.Unsafe.park(Native Method)
        at java.util.concurrent.locks.LockSupport.park(LockSupport.java:175)
        at java.util.concurrent.locks.AbstractQueuedSynchronizer$ConditionObject.await(AbstractQueuedSynchronizer.java:2039)
        at java.util.concurrent.ScheduledThreadPoolExecutor$DelayedWorkQueue.take(ScheduledThreadPoolExecutor.java:1088)
        at java.util.concurrent.ScheduledThreadPoolExecutor$DelayedWorkQueue.take(ScheduledThreadPoolExecutor.java:809)
        at java.util.concurrent.ThreadPoolExecutor.getTask(ThreadPoolExecutor.java:1074)
        at java.util.concurrent.ThreadPoolExecutor.runWorker(ThreadPoolExecutor.java:1134)
        at java.util.concurrent.ThreadPoolExecutor$Worker.run(ThreadPoolExecutor.java:624)
        at java.lang.Thread.run(Thread.java:750)
"Periodic HDDS volume checker" daemon prio=5 tid=352 timed_waiting
java.lang.Thread.State: TIMED_WAITING
        at sun.misc.Unsafe.park(Native Method)
        at java.util.concurrent.locks.LockSupport.parkNanos(LockSupport.java:215)
        at java.util.concurrent.locks.AbstractQueuedSynchronizer$ConditionObject.awaitNanos(AbstractQueuedSynchronizer.java:2078)
        at java.util.concurrent.ScheduledThreadPoolExecutor$DelayedWorkQueue.take(ScheduledThreadPoolExecutor.java:1093)
        at java.util.concurrent.ScheduledThreadPoolExecutor$DelayedWorkQueue.take(ScheduledThreadPoolExecutor.java:809)
        at java.util.concurrent.ThreadPoolExecutor.getTask(ThreadPoolExecutor.java:1074)
        at java.util.concurrent.ThreadPoolExecutor.runWorker(ThreadPoolExecutor.java:1134)
        at java.util.concurrent.ThreadPoolExecutor$Worker.run(ThreadPoolExecutor.java:624)
        at java.lang.Thread.run(Thread.java:750)
"IPC Server handler 16 on default port 15004" daemon prio=5 tid=178 timed_waiting
java.lang.Thread.State: TIMED_WAITING
        at sun.misc.Unsafe.park(Native Method)
        at java.util.concurrent.locks.LockSupport.parkNanos(LockSupport.java:215)
        at java.util.concurrent.locks.AbstractQueuedSynchronizer$ConditionObject.awaitNanos(AbstractQueuedSynchronizer.java:2078)
        at java.util.concurrent.LinkedBlockingQueue.poll(LinkedBlockingQueue.java:467)
        at org.apache.hadoop.ipc.CallQueueManager.take(CallQueueManager.java:317)
        at org.apache.hadoop.ipc.Server$Handler.run(Server.java:2992)
"IPC Server idle connection scanner for port 15001" daemon prio=5 tid=30 timed_waiting
java.lang.Thread.State: TIMED_WAITING
        at java.lang.Object.wait(Native Method)
        at java.util.TimerThread.mainLoop(Timer.java:552)
        at java.util.TimerThread.run(Timer.java:505)
"qtp941765836-447" daemon prio=5 tid=447 timed_waiting
java.lang.Thread.State: TIMED_WAITING
        at sun.misc.Unsafe.park(Native Method)
        at java.util.concurrent.locks.LockSupport.parkNanos(LockSupport.java:215)
        at java.util.concurrent.locks.AbstractQueuedSynchronizer$ConditionObject.awaitNanos(AbstractQueuedSynchronizer.java:2078)
        at org.eclipse.jetty.util.BlockingArrayQueue.poll(BlockingArrayQueue.java:382)
        at org.eclipse.jetty.util.thread.QueuedThreadPool$Runner.idleJobPoll(QueuedThreadPool.java:974)
        at org.eclipse.jetty.util.thread.QueuedThreadPool$Runner.run(QueuedThreadPool.java:1018)
        at java.lang.Thread.run(Thread.java:750)
"BlockDeletingService#3" daemon prio=5 tid=1406 in Object.wait()
java.lang.Thread.State: WAITING (on object monitor)
        at sun.misc.Unsafe.park(Native Method)
        at java.util.concurrent.locks.LockSupport.park(LockSupport.java:175)
        at java.util.concurrent.locks.AbstractQueuedSynchronizer$ConditionObject.await(AbstractQueuedSynchronizer.java:2039)
        at java.util.concurrent.ScheduledThreadPoolExecutor$DelayedWorkQueue.take(ScheduledThreadPoolExecutor.java:1088)
        at java.util.concurrent.ScheduledThreadPoolExecutor$DelayedWorkQueue.take(ScheduledThreadPoolExecutor.java:809)
        at java.util.concurrent.ThreadPoolExecutor.getTask(ThreadPoolExecutor.java:1074)
        at java.util.concurrent.ThreadPoolExecutor.runWorker(ThreadPoolExecutor.java:1134)
        at java.util.concurrent.ThreadPoolExecutor$Worker.run(ThreadPoolExecutor.java:624)
        at java.lang.Thread.run(Thread.java:750)
"qtp1359989430-1118" daemon prio=5 tid=1118 timed_waiting
java.lang.Thread.State: TIMED_WAITING
        at sun.misc.Unsafe.park(Native Method)
        at java.util.concurrent.locks.LockSupport.parkNanos(LockSupport.java:215)
        at java.util.concurrent.locks.AbstractQueuedSynchronizer$ConditionObject.awaitNanos(AbstractQueuedSynchronizer.java:2078)
        at org.eclipse.jetty.util.BlockingArrayQueue.poll(BlockingArrayQueue.java:382)
        at org.eclipse.jetty.util.thread.QueuedThreadPool$Runner.idleJobPoll(QueuedThreadPool.java:974)
        at org.eclipse.jetty.util.thread.QueuedThreadPool$Runner.run(QueuedThreadPool.java:1018)
        at java.lang.Thread.run(Thread.java:750)
"IPC Server handler 13 on default port 15002" daemon prio=5 tid=102 timed_waiting
java.lang.Thread.State: TIMED_WAITING
        at sun.misc.Unsafe.park(Native Method)
        at java.util.concurrent.locks.LockSupport.parkNanos(LockSupport.java:215)
        at java.util.concurrent.locks.AbstractQueuedSynchronizer$ConditionObject.awaitNanos(AbstractQueuedSynchronizer.java:2078)
        at java.util.concurrent.LinkedBlockingQueue.poll(LinkedBlockingQueue.java:467)
        at org.apache.hadoop.ipc.CallQueueManager.take(CallQueueManager.java:317)
        at org.apache.hadoop.ipc.Server$Handler.run(Server.java:2992)
"Datanode State Machine Task Thread - 0"  prio=5 tid=383 in Object.wait()
java.lang.Thread.State: WAITING (on object monitor)
        at sun.misc.Unsafe.park(Native Method)
        at java.util.concurrent.locks.LockSupport.park(LockSupport.java:175)
        at java.util.concurrent.locks.AbstractQueuedSynchronizer$ConditionObject.await(AbstractQueuedSynchronizer.java:2039)
        at java.util.concurrent.LinkedBlockingQueue.take(LinkedBlockingQueue.java:442)
        at java.util.concurrent.ThreadPoolExecutor.getTask(ThreadPoolExecutor.java:1074)
        at java.util.concurrent.ThreadPoolExecutor.runWorker(ThreadPoolExecutor.java:1134)
        at java.util.concurrent.ThreadPoolExecutor$Worker.run(ThreadPoolExecutor.java:624)
        at java.lang.Thread.run(Thread.java:750)
"Periodic HDDS volume checker" daemon prio=5 tid=253 timed_waiting
java.lang.Thread.State: TIMED_WAITING
        at sun.misc.Unsafe.park(Native Method)
        at java.util.concurrent.locks.LockSupport.parkNanos(LockSupport.java:215)
        at java.util.concurrent.locks.AbstractQueuedSynchronizer$ConditionObject.awaitNanos(AbstractQueuedSynchronizer.java:2078)
        at java.util.concurrent.ScheduledThreadPoolExecutor$DelayedWorkQueue.take(ScheduledThreadPoolExecutor.java:1093)
        at java.util.concurrent.ScheduledThreadPoolExecutor$DelayedWorkQueue.take(ScheduledThreadPoolExecutor.java:809)
        at java.util.concurrent.ThreadPoolExecutor.getTask(ThreadPoolExecutor.java:1074)
        at java.util.concurrent.ThreadPoolExecutor.runWorker(ThreadPoolExecutor.java:1134)
        at java.util.concurrent.ThreadPoolExecutor$Worker.run(ThreadPoolExecutor.java:624)
        at java.lang.Thread.run(Thread.java:750)
"qtp2045585008-486-acceptor-0@1bb68da4-ServerConnector@38820ce9{HTTP/1.1, (http/1.1)}{0.0.0.0:15081}" daemon prio=3 tid=486 runnable
java.lang.Thread.State: RUNNABLE
        at sun.nio.ch.ServerSocketChannelImpl.accept0(Native Method)
        at sun.nio.ch.ServerSocketChannelImpl.accept(ServerSocketChannelImpl.java:421)
        at sun.nio.ch.ServerSocketChannelImpl.accept(ServerSocketChannelImpl.java:249)
        at org.eclipse.jetty.server.ServerConnector.accept(ServerConnector.java:388)
        at org.eclipse.jetty.server.AbstractConnector$Acceptor.run(AbstractConnector.java:704)
        at org.eclipse.jetty.util.thread.QueuedThreadPool.runJob(QueuedThreadPool.java:883)
        at org.eclipse.jetty.util.thread.QueuedThreadPool$Runner.run(QueuedThreadPool.java:1034)
        at java.lang.Thread.run(Thread.java:750)
"IPC Server handler 3 on default port 15004" daemon prio=5 tid=165 timed_waiting
java.lang.Thread.State: TIMED_WAITING
        at sun.misc.Unsafe.park(Native Method)
        at java.util.concurrent.locks.LockSupport.parkNanos(LockSupport.java:215)
        at java.util.concurrent.locks.AbstractQueuedSynchronizer$ConditionObject.awaitNanos(AbstractQueuedSynchronizer.java:2078)
        at java.util.concurrent.LinkedBlockingQueue.poll(LinkedBlockingQueue.java:467)
        at org.apache.hadoop.ipc.CallQueueManager.take(CallQueueManager.java:317)
        at org.apache.hadoop.ipc.Server$Handler.run(Server.java:2992)
"IPC Server handler 12 on default port 15001" daemon prio=5 tid=81 timed_waiting
java.lang.Thread.State: TIMED_WAITING
        at sun.misc.Unsafe.park(Native Method)
        at java.util.concurrent.locks.LockSupport.parkNanos(LockSupport.java:215)
        at java.util.concurrent.locks.AbstractQueuedSynchronizer$ConditionObject.awaitNanos(AbstractQueuedSynchronizer.java:2078)
        at java.util.concurrent.LinkedBlockingQueue.poll(LinkedBlockingQueue.java:467)
        at org.apache.hadoop.ipc.CallQueueManager.take(CallQueueManager.java:317)
        at org.apache.hadoop.ipc.Server$Handler.run(Server.java:2992)
"Datanode State Machine Task Thread - 1"  prio=5 tid=494 in Object.wait()
java.lang.Thread.State: WAITING (on object monitor)
        at sun.misc.Unsafe.park(Native Method)
        at java.util.concurrent.locks.LockSupport.park(LockSupport.java:175)
        at java.util.concurrent.locks.AbstractQueuedSynchronizer$ConditionObject.await(AbstractQueuedSynchronizer.java:2039)
        at java.util.concurrent.LinkedBlockingQueue.take(LinkedBlockingQueue.java:442)
        at java.util.concurrent.ThreadPoolExecutor.getTask(ThreadPoolExecutor.java:1074)
        at java.util.concurrent.ThreadPoolExecutor.runWorker(ThreadPoolExecutor.java:1134)
        at java.util.concurrent.ThreadPoolExecutor$Worker.run(ThreadPoolExecutor.java:624)
        at java.lang.Thread.run(Thread.java:750)
"Datanode ReportManager Thread - 0" daemon prio=5 tid=423 timed_waiting
java.lang.Thread.State: TIMED_WAITING
        at sun.misc.Unsafe.park(Native Method)
        at java.util.concurrent.locks.LockSupport.parkNanos(LockSupport.java:215)
        at java.util.concurrent.locks.AbstractQueuedSynchronizer$ConditionObject.awaitNanos(AbstractQueuedSynchronizer.java:2078)
        at java.util.concurrent.ScheduledThreadPoolExecutor$DelayedWorkQueue.take(ScheduledThreadPoolExecutor.java:1093)
        at java.util.concurrent.ScheduledThreadPoolExecutor$DelayedWorkQueue.take(ScheduledThreadPoolExecutor.java:809)
        at java.util.concurrent.ThreadPoolExecutor.getTask(ThreadPoolExecutor.java:1074)
        at java.util.concurrent.ThreadPoolExecutor.runWorker(ThreadPoolExecutor.java:1134)
        at java.util.concurrent.ThreadPoolExecutor$Worker.run(ThreadPoolExecutor.java:624)
        at java.lang.Thread.run(Thread.java:750)
"ChunkWriter-0-0" daemon prio=5 tid=1147 in Object.wait()
java.lang.Thread.State: WAITING (on object monitor)
        at sun.misc.Unsafe.park(Native Method)
        at java.util.concurrent.locks.LockSupport.park(LockSupport.java:175)
        at java.util.concurrent.locks.AbstractQueuedSynchronizer$ConditionObject.await(AbstractQueuedSynchronizer.java:2039)
        at java.util.concurrent.LinkedBlockingDeque.takeFirst(LinkedBlockingDeque.java:492)
        at java.util.concurrent.LinkedBlockingDeque.take(LinkedBlockingDeque.java:680)
        at java.util.concurrent.ThreadPoolExecutor.getTask(ThreadPoolExecutor.java:1074)
        at java.util.concurrent.ThreadPoolExecutor.runWorker(ThreadPoolExecutor.java:1134)
        at java.util.concurrent.ThreadPoolExecutor$Worker.run(ThreadPoolExecutor.java:624)
        at java.lang.Thread.run(Thread.java:750)
"d78dd883-3e4c-45aa-98b2-e8ffdf2e22af-groupManagement" daemon prio=5 tid=674 in Object.wait()
java.lang.Thread.State: WAITING (on object monitor)
        at sun.misc.Unsafe.park(Native Method)
        at java.util.concurrent.locks.LockSupport.park(LockSupport.java:175)
        at java.util.concurrent.locks.AbstractQueuedSynchronizer$ConditionObject.await(AbstractQueuedSynchronizer.java:2039)
        at java.util.concurrent.LinkedBlockingQueue.take(LinkedBlockingQueue.java:442)
        at java.util.concurrent.ThreadPoolExecutor.getTask(ThreadPoolExecutor.java:1074)
        at java.util.concurrent.ThreadPoolExecutor.runWorker(ThreadPoolExecutor.java:1134)
        at java.util.concurrent.ThreadPoolExecutor$Worker.run(ThreadPoolExecutor.java:624)
        at java.lang.Thread.run(Thread.java:750)
"IPC Server handler 12 on default port 15002" daemon prio=5 tid=101 timed_waiting
java.lang.Thread.State: TIMED_WAITING
        at sun.misc.Unsafe.park(Native Method)
        at java.util.concurrent.locks.LockSupport.parkNanos(LockSupport.java:215)
        at java.util.concurrent.locks.AbstractQueuedSynchronizer$ConditionObject.awaitNanos(AbstractQueuedSynchronizer.java:2078)
        at java.util.concurrent.LinkedBlockingQueue.poll(LinkedBlockingQueue.java:467)
        at org.apache.hadoop.ipc.CallQueueManager.take(CallQueueManager.java:317)
        at org.apache.hadoop.ipc.Server$Handler.run(Server.java:2992)
"pool-299-thread-1" daemon prio=5 tid=524 timed_waiting
java.lang.Thread.State: TIMED_WAITING
        at sun.misc.Unsafe.park(Native Method)
        at java.util.concurrent.locks.LockSupport.parkNanos(LockSupport.java:215)
        at java.util.concurrent.locks.AbstractQueuedSynchronizer$ConditionObject.awaitNanos(AbstractQueuedSynchronizer.java:2078)
        at java.util.concurrent.ScheduledThreadPoolExecutor$DelayedWorkQueue.take(ScheduledThreadPoolExecutor.java:1093)
        at java.util.concurrent.ScheduledThreadPoolExecutor$DelayedWorkQueue.take(ScheduledThreadPoolExecutor.java:809)
        at java.util.concurrent.ThreadPoolExecutor.getTask(ThreadPoolExecutor.java:1074)
        at java.util.concurrent.ThreadPoolExecutor.runWorker(ThreadPoolExecutor.java:1134)
        at java.util.concurrent.ThreadPoolExecutor$Worker.run(ThreadPoolExecutor.java:624)
        at java.lang.Thread.run(Thread.java:750)
"Hadoop-Metrics-Updater-0" daemon prio=5 tid=241 timed_waiting
java.lang.Thread.State: TIMED_WAITING
        at sun.misc.Unsafe.park(Native Method)
        at java.util.concurrent.locks.LockSupport.parkNanos(LockSupport.java:215)
        at java.util.concurrent.locks.AbstractQueuedSynchronizer$ConditionObject.awaitNanos(AbstractQueuedSynchronizer.java:2078)
        at java.util.concurrent.ScheduledThreadPoolExecutor$DelayedWorkQueue.take(ScheduledThreadPoolExecutor.java:1093)
        at java.util.concurrent.ScheduledThreadPoolExecutor$DelayedWorkQueue.take(ScheduledThreadPoolExecutor.java:809)
        at java.util.concurrent.ThreadPoolExecutor.getTask(ThreadPoolExecutor.java:1074)
        at java.util.concurrent.ThreadPoolExecutor.runWorker(ThreadPoolExecutor.java:1134)
        at java.util.concurrent.ThreadPoolExecutor$Worker.run(ThreadPoolExecutor.java:624)
        at java.lang.Thread.run(Thread.java:750)
"StaleRecoveringContainerScrubbingService#8" daemon prio=5 tid=1376 in Object.wait()
java.lang.Thread.State: WAITING (on object monitor)
        at sun.misc.Unsafe.park(Native Method)
        at java.util.concurrent.locks.LockSupport.park(LockSupport.java:175)
        at java.util.concurrent.locks.AbstractQueuedSynchronizer$ConditionObject.await(AbstractQueuedSynchronizer.java:2039)
        at java.util.concurrent.ScheduledThreadPoolExecutor$DelayedWorkQueue.take(ScheduledThreadPoolExecutor.java:1088)
        at java.util.concurrent.ScheduledThreadPoolExecutor$DelayedWorkQueue.take(ScheduledThreadPoolExecutor.java:809)
        at java.util.concurrent.ThreadPoolExecutor.getTask(ThreadPoolExecutor.java:1074)
        at java.util.concurrent.ThreadPoolExecutor.runWorker(ThreadPoolExecutor.java:1134)
        at java.util.concurrent.ThreadPoolExecutor$Worker.run(ThreadPoolExecutor.java:624)
        at java.lang.Thread.run(Thread.java:750)
"ChunkWriter-2-0" daemon prio=5 tid=1149 in Object.wait()
java.lang.Thread.State: WAITING (on object monitor)
        at sun.misc.Unsafe.park(Native Method)
        at java.util.concurrent.locks.LockSupport.park(LockSupport.java:175)
        at java.util.concurrent.locks.AbstractQueuedSynchronizer$ConditionObject.await(AbstractQueuedSynchronizer.java:2039)
        at java.util.concurrent.LinkedBlockingDeque.takeFirst(LinkedBlockingDeque.java:492)
        at java.util.concurrent.LinkedBlockingDeque.take(LinkedBlockingDeque.java:680)
        at java.util.concurrent.ThreadPoolExecutor.getTask(ThreadPoolExecutor.java:1074)
        at java.util.concurrent.ThreadPoolExecutor.runWorker(ThreadPoolExecutor.java:1134)
        at java.util.concurrent.ThreadPoolExecutor$Worker.run(ThreadPoolExecutor.java:624)
        at java.lang.Thread.run(Thread.java:750)
"qtp246025507-396" daemon prio=5 tid=396 timed_waiting
java.lang.Thread.State: TIMED_WAITING
        at sun.misc.Unsafe.park(Native Method)
        at java.util.concurrent.locks.LockSupport.parkNanos(LockSupport.java:215)
        at java.util.concurrent.locks.AbstractQueuedSynchronizer$ConditionObject.awaitNanos(AbstractQueuedSynchronizer.java:2078)
        at org.eclipse.jetty.util.BlockingArrayQueue.poll(BlockingArrayQueue.java:382)
        at org.eclipse.jetty.util.thread.QueuedThreadPool$Runner.idleJobPoll(QueuedThreadPool.java:974)
        at org.eclipse.jetty.util.thread.QueuedThreadPool$Runner.run(QueuedThreadPool.java:1018)
        at java.lang.Thread.run(Thread.java:750)
"qtp1533380014-154-acceptor-0@1d36a252-ServerConnector@1d8ec941{HTTP/1.1, (http/1.1)}{0.0.0.0:15005}" daemon prio=3 tid=154 runnable
java.lang.Thread.State: RUNNABLE
        at sun.nio.ch.ServerSocketChannelImpl.accept0(Native Method)
        at sun.nio.ch.ServerSocketChannelImpl.accept(ServerSocketChannelImpl.java:421)
        at sun.nio.ch.ServerSocketChannelImpl.accept(ServerSocketChannelImpl.java:249)
        at org.eclipse.jetty.server.ServerConnector.accept(ServerConnector.java:388)
        at org.eclipse.jetty.server.AbstractConnector$Acceptor.run(AbstractConnector.java:704)
        at org.eclipse.jetty.util.thread.QueuedThreadPool.runJob(QueuedThreadPool.java:883)
        at org.eclipse.jetty.util.thread.QueuedThreadPool$Runner.run(QueuedThreadPool.java:1034)
        at java.lang.Thread.run(Thread.java:750)
"BlockDeletingService#0" daemon prio=5 tid=586 timed_waiting
java.lang.Thread.State: TIMED_WAITING
        at sun.misc.Unsafe.park(Native Method)
        at java.util.concurrent.locks.LockSupport.parkNanos(LockSupport.java:215)
        at java.util.concurrent.locks.AbstractQueuedSynchronizer$ConditionObject.awaitNanos(AbstractQueuedSynchronizer.java:2078)
        at java.util.concurrent.ScheduledThreadPoolExecutor$DelayedWorkQueue.take(ScheduledThreadPoolExecutor.java:1093)
        at java.util.concurrent.ScheduledThreadPoolExecutor$DelayedWorkQueue.take(ScheduledThreadPoolExecutor.java:809)
        at java.util.concurrent.ThreadPoolExecutor.getTask(ThreadPoolExecutor.java:1074)
        at java.util.concurrent.ThreadPoolExecutor.runWorker(ThreadPoolExecutor.java:1134)
        at java.util.concurrent.ThreadPoolExecutor$Worker.run(ThreadPoolExecutor.java:624)
        at java.lang.Thread.run(Thread.java:750)
"BlockDeletingService#2" daemon prio=5 tid=1392 in Object.wait()
java.lang.Thread.State: WAITING (on object monitor)
        at sun.misc.Unsafe.park(Native Method)
        at java.util.concurrent.locks.LockSupport.park(LockSupport.java:175)
        at java.util.concurrent.locks.AbstractQueuedSynchronizer$ConditionObject.await(AbstractQueuedSynchronizer.java:2039)
        at java.util.concurrent.ScheduledThreadPoolExecutor$DelayedWorkQueue.take(ScheduledThreadPoolExecutor.java:1088)
        at java.util.concurrent.ScheduledThreadPoolExecutor$DelayedWorkQueue.take(ScheduledThreadPoolExecutor.java:809)
        at java.util.concurrent.ThreadPoolExecutor.getTask(ThreadPoolExecutor.java:1074)
        at java.util.concurrent.ThreadPoolExecutor.runWorker(ThreadPoolExecutor.java:1134)
        at java.util.concurrent.ThreadPoolExecutor$Worker.run(ThreadPoolExecutor.java:624)
        at java.lang.Thread.run(Thread.java:750)
"Socket Reader #1 for port 15055"  prio=5 tid=370 runnable
java.lang.Thread.State: RUNNABLE
        at sun.nio.ch.EPollArrayWrapper.epollWait(Native Method)
        at sun.nio.ch.EPollArrayWrapper.poll(EPollArrayWrapper.java:269)
        at sun.nio.ch.EPollSelectorImpl.doSelect(EPollSelectorImpl.java:93)
        at sun.nio.ch.SelectorImpl.lockAndDoSelect(SelectorImpl.java:86)
        at sun.nio.ch.SelectorImpl.select(SelectorImpl.java:97)
        at sun.nio.ch.SelectorImpl.select(SelectorImpl.java:101)
        at org.apache.hadoop.ipc.Server$Listener$Reader.doRunLoop(Server.java:1342)
        at org.apache.hadoop.ipc.Server$Listener$Reader.run(Server.java:1321)
"Hadoop-Metrics-Updater-0" daemon prio=5 tid=465 timed_waiting
java.lang.Thread.State: TIMED_WAITING
        at sun.misc.Unsafe.park(Native Method)
        at java.util.concurrent.locks.LockSupport.parkNanos(LockSupport.java:215)
        at java.util.concurrent.locks.AbstractQueuedSynchronizer$ConditionObject.awaitNanos(AbstractQueuedSynchronizer.java:2078)
        at java.util.concurrent.ScheduledThreadPoolExecutor$DelayedWorkQueue.take(ScheduledThreadPoolExecutor.java:1093)
        at java.util.concurrent.ScheduledThreadPoolExecutor$DelayedWorkQueue.take(ScheduledThreadPoolExecutor.java:809)
        at java.util.concurrent.ThreadPoolExecutor.getTask(ThreadPoolExecutor.java:1074)
        at java.util.concurrent.ThreadPoolExecutor.runWorker(ThreadPoolExecutor.java:1134)
        at java.util.concurrent.ThreadPoolExecutor$Worker.run(ThreadPoolExecutor.java:624)
        at java.lang.Thread.run(Thread.java:750)
"EventQueue-HealthyReadonlyToHealthyNodeForReadOnlyHealthyToHealthyNodeHandler" daemon prio=5 tid=1169 in Object.wait()
java.lang.Thread.State: WAITING (on object monitor)
        at sun.misc.Unsafe.park(Native Method)
        at java.util.concurrent.locks.LockSupport.park(LockSupport.java:175)
        at java.util.concurrent.locks.AbstractQueuedSynchronizer$ConditionObject.await(AbstractQueuedSynchronizer.java:2039)
        at java.util.concurrent.LinkedBlockingQueue.take(LinkedBlockingQueue.java:442)
        at java.util.concurrent.ThreadPoolExecutor.getTask(ThreadPoolExecutor.java:1074)
        at java.util.concurrent.ThreadPoolExecutor.runWorker(ThreadPoolExecutor.java:1134)
        at java.util.concurrent.ThreadPoolExecutor$Worker.run(ThreadPoolExecutor.java:624)
        at java.lang.Thread.run(Thread.java:750)
"Datanode State Machine Task Thread - 0"  prio=5 tid=251 in Object.wait()
java.lang.Thread.State: WAITING (on object monitor)
        at sun.misc.Unsafe.park(Native Method)
        at java.util.concurrent.locks.LockSupport.park(LockSupport.java:175)
        at java.util.concurrent.locks.AbstractQueuedSynchronizer$ConditionObject.await(AbstractQueuedSynchronizer.java:2039)
        at java.util.concurrent.LinkedBlockingQueue.take(LinkedBlockingQueue.java:442)
        at java.util.concurrent.ThreadPoolExecutor.getTask(ThreadPoolExecutor.java:1074)
        at java.util.concurrent.ThreadPoolExecutor.runWorker(ThreadPoolExecutor.java:1134)
        at java.util.concurrent.ThreadPoolExecutor$Worker.run(ThreadPoolExecutor.java:624)
        at java.lang.Thread.run(Thread.java:750)
"StaleRecoveringContainerScrubbingService#6" daemon prio=5 tid=1328 in Object.wait()
java.lang.Thread.State: WAITING (on object monitor)
        at sun.misc.Unsafe.park(Native Method)
        at java.util.concurrent.locks.LockSupport.park(LockSupport.java:175)
        at java.util.concurrent.locks.AbstractQueuedSynchronizer$ConditionObject.await(AbstractQueuedSynchronizer.java:2039)
        at java.util.concurrent.ScheduledThreadPoolExecutor$DelayedWorkQueue.take(ScheduledThreadPoolExecutor.java:1088)
        at java.util.concurrent.ScheduledThreadPoolExecutor$DelayedWorkQueue.take(ScheduledThreadPoolExecutor.java:809)
        at java.util.concurrent.ThreadPoolExecutor.getTask(ThreadPoolExecutor.java:1074)
        at java.util.concurrent.ThreadPoolExecutor.runWorker(ThreadPoolExecutor.java:1134)
        at java.util.concurrent.ThreadPoolExecutor$Worker.run(ThreadPoolExecutor.java:624)
        at java.lang.Thread.run(Thread.java:750)
"fac1c7af-03c1-44bd-b323-3796df9c2435-server-thread1" daemon prio=5 tid=1238 timed_waiting
java.lang.Thread.State: TIMED_WAITING
        at sun.misc.Unsafe.park(Native Method)
        at java.util.concurrent.locks.LockSupport.parkNanos(LockSupport.java:215)
        at java.util.concurrent.SynchronousQueue$TransferStack.awaitFulfill(SynchronousQueue.java:460)
        at java.util.concurrent.SynchronousQueue$TransferStack.transfer(SynchronousQueue.java:362)
        at java.util.concurrent.SynchronousQueue.poll(SynchronousQueue.java:941)
        at java.util.concurrent.ThreadPoolExecutor.getTask(ThreadPoolExecutor.java:1073)
        at java.util.concurrent.ThreadPoolExecutor.runWorker(ThreadPoolExecutor.java:1134)
        at java.util.concurrent.ThreadPoolExecutor$Worker.run(ThreadPoolExecutor.java:624)
        at java.lang.Thread.run(Thread.java:750)
"d7192325-13fb-433e-b8d5-f6359b644c8f@group-CD60DE991625-SegmentedRaftLogWorker"  prio=5 tid=1179 timed_waiting
java.lang.Thread.State: TIMED_WAITING
        at sun.misc.Unsafe.park(Native Method)
        at java.util.concurrent.locks.LockSupport.parkNanos(LockSupport.java:215)
        at java.util.concurrent.locks.AbstractQueuedSynchronizer$ConditionObject.awaitNanos(AbstractQueuedSynchronizer.java:2078)
        at org.apache.ratis.util.DataBlockingQueue.poll(DataBlockingQueue.java:148)
        at org.apache.ratis.server.raftlog.segmented.SegmentedRaftLogWorker.run(SegmentedRaftLogWorker.java:307)
        at org.apache.ratis.server.raftlog.segmented.SegmentedRaftLogWorker$$Lambda$764/731878032.run(Unknown Source)
        at java.util.concurrent.Executors$RunnableAdapter.call(Executors.java:511)
        at java.util.concurrent.FutureTask.run(FutureTask.java:266)
        at java.util.concurrent.ThreadPoolExecutor.runWorker(ThreadPoolExecutor.java:1149)
        at java.util.concurrent.ThreadPoolExecutor$Worker.run(ThreadPoolExecutor.java:624)
        at java.lang.Thread.run(Thread.java:750)
"ChunkReader-5" daemon prio=5 tid=1391 in Object.wait()
java.lang.Thread.State: WAITING (on object monitor)
        at sun.misc.Unsafe.park(Native Method)
        at java.util.concurrent.locks.LockSupport.park(LockSupport.java:175)
        at java.util.concurrent.locks.AbstractQueuedSynchronizer$ConditionObject.await(AbstractQueuedSynchronizer.java:2039)
        at java.util.concurrent.LinkedBlockingQueue.take(LinkedBlockingQueue.java:442)
        at java.util.concurrent.ThreadPoolExecutor.getTask(ThreadPoolExecutor.java:1074)
        at java.util.concurrent.ThreadPoolExecutor.runWorker(ThreadPoolExecutor.java:1134)
        at java.util.concurrent.ThreadPoolExecutor$Worker.run(ThreadPoolExecutor.java:624)
        at java.lang.Thread.run(Thread.java:750)
"c686f304-079c-4e24-9d21-fd4c36dc1242-groupManagement" daemon prio=5 tid=659 in Object.wait()
java.lang.Thread.State: WAITING (on object monitor)
        at sun.misc.Unsafe.park(Native Method)
        at java.util.concurrent.locks.LockSupport.park(LockSupport.java:175)
        at java.util.concurrent.locks.AbstractQueuedSynchronizer$ConditionObject.await(AbstractQueuedSynchronizer.java:2039)
        at java.util.concurrent.LinkedBlockingQueue.take(LinkedBlockingQueue.java:442)
        at java.util.concurrent.ThreadPoolExecutor.getTask(ThreadPoolExecutor.java:1074)
        at java.util.concurrent.ThreadPoolExecutor.runWorker(ThreadPoolExecutor.java:1134)
        at java.util.concurrent.ThreadPoolExecutor$Worker.run(ThreadPoolExecutor.java:624)
        at java.lang.Thread.run(Thread.java:750)
"IPC Server handler 18 on default port 15000" daemon prio=5 tid=67 timed_waiting
java.lang.Thread.State: TIMED_WAITING
        at sun.misc.Unsafe.park(Native Method)
        at java.util.concurrent.locks.LockSupport.parkNanos(LockSupport.java:215)
        at java.util.concurrent.locks.AbstractQueuedSynchronizer$ConditionObject.awaitNanos(AbstractQueuedSynchronizer.java:2078)
        at java.util.concurrent.LinkedBlockingQueue.poll(LinkedBlockingQueue.java:467)
        at org.apache.hadoop.ipc.CallQueueManager.take(CallQueueManager.java:317)
        at org.apache.hadoop.ipc.Server$Handler.run(Server.java:2992)
"qtp246025507-395" daemon prio=5 tid=395 timed_waiting
java.lang.Thread.State: TIMED_WAITING
        at sun.misc.Unsafe.park(Native Method)
        at java.util.concurrent.locks.LockSupport.parkNanos(LockSupport.java:215)
        at java.util.concurrent.locks.AbstractQueuedSynchronizer$ConditionObject.awaitNanos(AbstractQueuedSynchronizer.java:2078)
        at org.eclipse.jetty.util.BlockingArrayQueue.poll(BlockingArrayQueue.java:382)
        at org.eclipse.jetty.util.thread.QueuedThreadPool$Runner.idleJobPoll(QueuedThreadPool.java:974)
        at org.eclipse.jetty.util.thread.QueuedThreadPool$Runner.run(QueuedThreadPool.java:1018)
        at java.lang.Thread.run(Thread.java:750)
"36cbda38-693f-49bb-be1a-3256c6faae50-server-thread2" daemon prio=5 tid=977 timed_waiting
java.lang.Thread.State: TIMED_WAITING
        at sun.misc.Unsafe.park(Native Method)
        at java.util.concurrent.locks.LockSupport.parkNanos(LockSupport.java:215)
        at java.util.concurrent.SynchronousQueue$TransferStack.awaitFulfill(SynchronousQueue.java:460)
        at java.util.concurrent.SynchronousQueue$TransferStack.transfer(SynchronousQueue.java:362)
        at java.util.concurrent.SynchronousQueue.poll(SynchronousQueue.java:941)
        at java.util.concurrent.ThreadPoolExecutor.getTask(ThreadPoolExecutor.java:1073)
        at java.util.concurrent.ThreadPoolExecutor.runWorker(ThreadPoolExecutor.java:1134)
        at java.util.concurrent.ThreadPoolExecutor$Worker.run(ThreadPoolExecutor.java:624)
        at java.lang.Thread.run(Thread.java:750)
"IPC Server handler 1 on default port 15002" daemon prio=5 tid=90 timed_waiting
java.lang.Thread.State: TIMED_WAITING
        at sun.misc.Unsafe.park(Native Method)
        at java.util.concurrent.locks.LockSupport.parkNanos(LockSupport.java:215)
        at java.util.concurrent.locks.AbstractQueuedSynchronizer$ConditionObject.awaitNanos(AbstractQueuedSynchronizer.java:2078)
        at java.util.concurrent.LinkedBlockingQueue.poll(LinkedBlockingQueue.java:467)
        at org.apache.hadoop.ipc.CallQueueManager.take(CallQueueManager.java:317)
        at org.apache.hadoop.ipc.Server$Handler.run(Server.java:2992)
"Datanode State Machine Daemon Thread" daemon prio=5 tid=512 timed_waiting
java.lang.Thread.State: TIMED_WAITING
        at java.lang.Thread.sleep(Native Method)
        at org.apache.hadoop.ozone.container.common.statemachine.DatanodeStateMachine.startStateMachineThread(DatanodeStateMachine.java:351)
        at org.apache.hadoop.ozone.container.common.statemachine.DatanodeStateMachine.lambda$startDaemon$0(DatanodeStateMachine.java:538)
        at org.apache.hadoop.ozone.container.common.statemachine.DatanodeStateMachine$$Lambda$867/1464078834.run(Unknown Source)
        at java.lang.Thread.run(Thread.java:750)
"StaleRecoveringContainerScrubbingService#6" daemon prio=5 tid=1261 in Object.wait()
java.lang.Thread.State: WAITING (on object monitor)
        at sun.misc.Unsafe.park(Native Method)
        at java.util.concurrent.locks.LockSupport.park(LockSupport.java:175)
        at java.util.concurrent.locks.AbstractQueuedSynchronizer$ConditionObject.await(AbstractQueuedSynchronizer.java:2039)
        at java.util.concurrent.ScheduledThreadPoolExecutor$DelayedWorkQueue.take(ScheduledThreadPoolExecutor.java:1088)
        at java.util.concurrent.ScheduledThreadPoolExecutor$DelayedWorkQueue.take(ScheduledThreadPoolExecutor.java:809)
        at java.util.concurrent.ThreadPoolExecutor.getTask(ThreadPoolExecutor.java:1074)
        at java.util.concurrent.ThreadPoolExecutor.runWorker(ThreadPoolExecutor.java:1134)
        at java.util.concurrent.ThreadPoolExecutor$Worker.run(ThreadPoolExecutor.java:624)
        at java.lang.Thread.run(Thread.java:750)
"IPC Server handler 15 on default port 15004" daemon prio=5 tid=177 timed_waiting
java.lang.Thread.State: TIMED_WAITING
        at sun.misc.Unsafe.park(Native Method)
        at java.util.concurrent.locks.LockSupport.parkNanos(LockSupport.java:215)
        at java.util.concurrent.locks.AbstractQueuedSynchronizer$ConditionObject.awaitNanos(AbstractQueuedSynchronizer.java:2078)
        at java.util.concurrent.LinkedBlockingQueue.poll(LinkedBlockingQueue.java:467)
        at org.apache.hadoop.ipc.CallQueueManager.take(CallQueueManager.java:317)
        at org.apache.hadoop.ipc.Server$Handler.run(Server.java:2992)
"om1-groupManagement"  prio=5 tid=132 in Object.wait()
java.lang.Thread.State: WAITING (on object monitor)
        at sun.misc.Unsafe.park(Native Method)
        at java.util.concurrent.locks.LockSupport.park(LockSupport.java:175)
        at java.util.concurrent.locks.AbstractQueuedSynchronizer$ConditionObject.await(AbstractQueuedSynchronizer.java:2039)
        at java.util.concurrent.LinkedBlockingQueue.take(LinkedBlockingQueue.java:442)
        at java.util.concurrent.ThreadPoolExecutor.getTask(ThreadPoolExecutor.java:1074)
        at java.util.concurrent.ThreadPoolExecutor.runWorker(ThreadPoolExecutor.java:1134)
        at java.util.concurrent.ThreadPoolExecutor$Worker.run(ThreadPoolExecutor.java:624)
        at java.lang.Thread.run(Thread.java:750)


	at org.apache.ozone.test.GenericTestUtils.waitFor(GenericTestUtils.java:231)
	at org.apache.hadoop.ozone.container.TestECContainerRecovery.testECContainerRecoveryWithTimedOutRecovery(TestECContainerRecovery.java:345)
	at sun.reflect.NativeMethodAccessorImpl.invoke0(Native Method)
	at sun.reflect.NativeMethodAccessorImpl.invoke(NativeMethodAccessorImpl.java:62)
	at sun.reflect.DelegatingMethodAccessorImpl.invoke(DelegatingMethodAccessorImpl.java:43)
	at java.lang.reflect.Method.invoke(Method.java:498)
	at org.junit.platform.commons.util.ReflectionUtils.invokeMethod(ReflectionUtils.java:725)
	at org.junit.jupiter.engine.execution.MethodInvocation.proceed(MethodInvocation.java:60)
	at org.junit.jupiter.engine.execution.InvocationInterceptorChain$ValidatingInvocation.proceed(InvocationInterceptorChain.java:131)
	at org.junit.jupiter.engine.extension.TimeoutExtension.intercept(TimeoutExtension.java:149)
	at org.junit.jupiter.engine.extension.TimeoutExtension.interceptTestableMethod(TimeoutExtension.java:140)
	at org.junit.jupiter.engine.extension.TimeoutExtension.interceptTestMethod(TimeoutExtension.java:84)
	at org.junit.jupiter.engine.execution.ExecutableInvoker$ReflectiveInterceptorCall.lambda$ofVoidMethod$0(ExecutableInvoker.java:115)
	at org.junit.jupiter.engine.execution.ExecutableInvoker.lambda$invoke$0(ExecutableInvoker.java:105)
	at org.junit.jupiter.engine.execution.InvocationInterceptorChain$InterceptedInvocation.proceed(InvocationInterceptorChain.java:106)
	at org.junit.jupiter.engine.execution.InvocationInterceptorChain.proceed(InvocationInterceptorChain.java:64)
	at org.junit.jupiter.engine.execution.InvocationInterceptorChain.chainAndInvoke(InvocationInterceptorChain.java:45)
	at org.junit.jupiter.engine.execution.InvocationInterceptorChain.invoke(InvocationInterceptorChain.java:37)
	at org.junit.jupiter.engine.execution.ExecutableInvoker.invoke(ExecutableInvoker.java:104)
	at org.junit.jupiter.engine.execution.ExecutableInvoker.invoke(ExecutableInvoker.java:98)
	at org.junit.jupiter.engine.descriptor.TestMethodTestDescriptor.lambda$invokeTestMethod$7(TestMethodTestDescriptor.java:214)
	at org.junit.platform.engine.support.hierarchical.ThrowableCollector.execute(ThrowableCollector.java:73)
	at org.junit.jupiter.engine.descriptor.TestMethodTestDescriptor.invokeTestMethod(TestMethodTestDescriptor.java:210)
	at org.junit.jupiter.engine.descriptor.TestMethodTestDescriptor.execute(TestMethodTestDescriptor.java:135)
	at org.junit.jupiter.engine.descriptor.TestMethodTestDescriptor.execute(TestMethodTestDescriptor.java:66)
	at org.junit.platform.engine.support.hierarchical.NodeTestTask.lambda$executeRecursively$6(NodeTestTask.java:151)
	at org.junit.platform.engine.support.hierarchical.ThrowableCollector.execute(ThrowableCollector.java:73)
	at org.junit.platform.engine.support.hierarchical.NodeTestTask.lambda$executeRecursively$8(NodeTestTask.java:141)
	at org.junit.platform.engine.support.hierarchical.Node.around(Node.java:137)
	at org.junit.platform.engine.support.hierarchical.NodeTestTask.lambda$executeRecursively$9(NodeTestTask.java:139)
	at org.junit.platform.engine.support.hierarchical.ThrowableCollector.execute(ThrowableCollector.java:73)
	at org.junit.platform.engine.support.hierarchical.NodeTestTask.executeRecursively(NodeTestTask.java:138)
	at org.junit.platform.engine.support.hierarchical.NodeTestTask.execute(NodeTestTask.java:95)
	at java.util.ArrayList.forEach(ArrayList.java:1259)
	at org.junit.platform.engine.support.hierarchical.SameThreadHierarchicalTestExecutorService.invokeAll(SameThreadHierarchicalTestExecutorService.java:41)
	at org.junit.platform.engine.support.hierarchical.NodeTestTask.lambda$executeRecursively$6(NodeTestTask.java:155)
	at org.junit.platform.engine.support.hierarchical.ThrowableCollector.execute(ThrowableCollector.java:73)
	at org.junit.platform.engine.support.hierarchical.NodeTestTask.lambda$executeRecursively$8(NodeTestTask.java:141)
	at org.junit.platform.engine.support.hierarchical.Node.around(Node.java:137)
	at org.junit.platform.engine.support.hierarchical.NodeTestTask.lambda$executeRecursively$9(NodeTestTask.java:139)
	at org.junit.platform.engine.support.hierarchical.ThrowableCollector.execute(ThrowableCollector.java:73)
	at org.junit.platform.engine.support.hierarchical.NodeTestTask.executeRecursively(NodeTestTask.java:138)
	at org.junit.platform.engine.support.hierarchical.NodeTestTask.execute(NodeTestTask.java:95)
	at java.util.ArrayList.forEach(ArrayList.java:1259)
	at org.junit.platform.engine.support.hierarchical.SameThreadHierarchicalTestExecutorService.invokeAll(SameThreadHierarchicalTestExecutorService.java:41)
	at org.junit.platform.engine.support.hierarchical.NodeTestTask.lambda$executeRecursively$6(NodeTestTask.java:155)
	at org.junit.platform.engine.support.hierarchical.ThrowableCollector.execute(ThrowableCollector.java:73)
	at org.junit.platform.engine.support.hierarchical.NodeTestTask.lambda$executeRecursively$8(NodeTestTask.java:141)
	at org.junit.platform.engine.support.hierarchical.Node.around(Node.java:137)
	at org.junit.platform.engine.support.hierarchical.NodeTestTask.lambda$executeRecursively$9(NodeTestTask.java:139)
	at org.junit.platform.engine.support.hierarchical.ThrowableCollector.execute(ThrowableCollector.java:73)
	at org.junit.platform.engine.support.hierarchical.NodeTestTask.executeRecursively(NodeTestTask.java:138)
	at org.junit.platform.engine.support.hierarchical.NodeTestTask.execute(NodeTestTask.java:95)
	at org.junit.platform.engine.support.hierarchical.SameThreadHierarchicalTestExecutorService.submit(SameThreadHierarchicalTestExecutorService.java:35)
	at org.junit.platform.engine.support.hierarchical.HierarchicalTestExecutor.execute(HierarchicalTestExecutor.java:57)
	at org.junit.platform.engine.support.hierarchical.HierarchicalTestEngine.execute(HierarchicalTestEngine.java:54)
	at org.junit.platform.launcher.core.EngineExecutionOrchestrator.execute(EngineExecutionOrchestrator.java:107)
	at org.junit.platform.launcher.core.EngineExecutionOrchestrator.execute(EngineExecutionOrchestrator.java:88)
	at org.junit.platform.launcher.core.EngineExecutionOrchestrator.lambda$execute$0(EngineExecutionOrchestrator.java:54)
	at org.junit.platform.launcher.core.EngineExecutionOrchestrator.withInterceptedStreams(EngineExecutionOrchestrator.java:67)
	at org.junit.platform.launcher.core.EngineExecutionOrchestrator.execute(EngineExecutionOrchestrator.java:52)
	at org.junit.platform.launcher.core.DefaultLauncher.execute(DefaultLauncher.java:114)
	at org.junit.platform.launcher.core.DefaultLauncher.execute(DefaultLauncher.java:86)
	at org.junit.platform.launcher.core.DefaultLauncherSession$DelegatingLauncher.execute(DefaultLauncherSession.java:86)
	at org.junit.platform.launcher.core.SessionPerRequestLauncher.execute(SessionPerRequestLauncher.java:53)
	at org.apache.maven.surefire.junitplatform.JUnitPlatformProvider.execute(JUnitPlatformProvider.java:188)
	at org.apache.maven.surefire.junitplatform.JUnitPlatformProvider.invokeAllTests(JUnitPlatformProvider.java:154)
	at org.apache.maven.surefire.junitplatform.JUnitPlatformProvider.invoke(JUnitPlatformProvider.java:124)
	at org.apache.maven.surefire.booter.ForkedBooter.runSuitesInProcess(ForkedBooter.java:428)
	at org.apache.maven.surefire.booter.ForkedBooter.execute(ForkedBooter.java:162)
	at org.apache.maven.surefire.booter.ForkedBooter.run(ForkedBooter.java:562)
	at org.apache.maven.surefire.booter.ForkedBooter.main(ForkedBooter.java:548)
]]></error>
    <system-out><![CDATA[2023-06-01 19:11:54,380 [main] INFO  rpc.RpcClient (RpcClient.java:createBucket(686)) - Creating Bucket: 77c5a8eb-699b-4cb6-b456-e8f5dd8bce14/8da1bd04-925b-438d-baf6-469a975969f9, with server-side default bucket layout, runner as owner, Versioning false, Storage Type set to DISK and Encryption set to false, Replication Type set to EC, Namespace Quota set to -1, Space Quota set to -1 
2023-06-01 19:11:54,384 [OM StateMachine ApplyTransaction Thread - 0] INFO  bucket.OMBucketCreateRequest (OMBucketCreateRequest.java:validateAndUpdateCache(270)) - created bucket: 8da1bd04-925b-438d-baf6-469a975969f9 of layout FILE_SYSTEM_OPTIMIZED in volume: 77c5a8eb-699b-4cb6-b456-e8f5dd8bce14
2023-06-01 19:11:54,405 [IPC Server handler 0 on default port 15001] INFO  pipeline.PipelineStateManagerImpl (PipelineStateManagerImpl.java:addPipeline(103)) - Created pipeline Pipeline[ Id: f0f77054-d8ea-4714-a7af-e0534dc8e845, Nodes: c2c84cb5-dc25-48b6-abcd-2faa62d614c8(fv-az163-187.kzyshwy3mise5klwsllqwzgzyb.cx.internal.cloudapp.net/10.1.0.196)b39db728-622c-42ae-954c-bd0dbc524ba7(fv-az163-187.kzyshwy3mise5klwsllqwzgzyb.cx.internal.cloudapp.net/10.1.0.196)9ff544a7-6c1c-4ca7-a5dc-e42e2710cacb(fv-az163-187.kzyshwy3mise5klwsllqwzgzyb.cx.internal.cloudapp.net/10.1.0.196)fac1c7af-03c1-44bd-b323-3796df9c2435(fv-az163-187.kzyshwy3mise5klwsllqwzgzyb.cx.internal.cloudapp.net/10.1.0.196)9125f905-aa43-4d0f-845d-e6cfd4dab0cd(fv-az163-187.kzyshwy3mise5klwsllqwzgzyb.cx.internal.cloudapp.net/10.1.0.196), ReplicationConfig: EC{rs-3-2-1024k}, State:ALLOCATED, leaderId:, CreationTimestamp2023-06-01T19:11:54.404Z[Etc/UTC]].
2023-06-01 19:11:54,405 [IPC Server handler 0 on default port 15001] INFO  pipeline.PipelineManagerImpl (PipelineManagerImpl.java:openPipeline(367)) - Pipeline Pipeline[ Id: f0f77054-d8ea-4714-a7af-e0534dc8e845, Nodes: c2c84cb5-dc25-48b6-abcd-2faa62d614c8(fv-az163-187.kzyshwy3mise5klwsllqwzgzyb.cx.internal.cloudapp.net/10.1.0.196)b39db728-622c-42ae-954c-bd0dbc524ba7(fv-az163-187.kzyshwy3mise5klwsllqwzgzyb.cx.internal.cloudapp.net/10.1.0.196)9ff544a7-6c1c-4ca7-a5dc-e42e2710cacb(fv-az163-187.kzyshwy3mise5klwsllqwzgzyb.cx.internal.cloudapp.net/10.1.0.196)fac1c7af-03c1-44bd-b323-3796df9c2435(fv-az163-187.kzyshwy3mise5klwsllqwzgzyb.cx.internal.cloudapp.net/10.1.0.196)9125f905-aa43-4d0f-845d-e6cfd4dab0cd(fv-az163-187.kzyshwy3mise5klwsllqwzgzyb.cx.internal.cloudapp.net/10.1.0.196), ReplicationConfig: EC{rs-3-2-1024k}, State:ALLOCATED, leaderId:, CreationTimestamp2023-06-01T19:11:54.404Z[Etc/UTC]] moved to OPEN state
2023-06-01 19:11:55,629 [main] INFO  ozoneimpl.OzoneContainer (OzoneContainer.java:stop(420)) - Attempting to stop container services.
2023-06-01 19:11:55,631 [main] INFO  server.RaftServer (RaftServerProxy.java:lambda$close$6(416)) - c2c84cb5-dc25-48b6-abcd-2faa62d614c8: close
2023-06-01 19:11:55,631 [c2c84cb5-dc25-48b6-abcd-2faa62d614c8-impl-thread1] INFO  server.RaftServer$Division (RaftServerImpl.java:lambda$close$4(466)) - c2c84cb5-dc25-48b6-abcd-2faa62d614c8@group-ADAB8AF979CA: shutdown
2023-06-01 19:11:55,631 [c2c84cb5-dc25-48b6-abcd-2faa62d614c8-impl-thread1] INFO  util.JmxRegister (JmxRegister.java:unregister(73)) - Successfully un-registered JMX Bean with object name Ratis:service=RaftServer,group=group-ADAB8AF979CA,id=c2c84cb5-dc25-48b6-abcd-2faa62d614c8
2023-06-01 19:11:55,632 [c2c84cb5-dc25-48b6-abcd-2faa62d614c8-impl-thread1] INFO  impl.RoleInfo (RoleInfo.java:shutdownLeaderState(93)) - c2c84cb5-dc25-48b6-abcd-2faa62d614c8: shutdown c2c84cb5-dc25-48b6-abcd-2faa62d614c8@group-ADAB8AF979CA-LeaderStateImpl
2023-06-01 19:11:55,632 [c2c84cb5-dc25-48b6-abcd-2faa62d614c8-impl-thread1] INFO  impl.PendingRequests (PendingRequests.java:sendNotLeaderResponses(289)) - c2c84cb5-dc25-48b6-abcd-2faa62d614c8@group-ADAB8AF979CA-PendingRequests: sendNotLeaderResponses
2023-06-01 19:11:55,633 [c2c84cb5-dc25-48b6-abcd-2faa62d614c8-impl-thread1] INFO  impl.StateMachineUpdater (StateMachineUpdater.java:stopAndJoin(155)) - c2c84cb5-dc25-48b6-abcd-2faa62d614c8@group-ADAB8AF979CA-StateMachineUpdater: set stopIndex = 0
2023-06-01 19:11:55,634 [c2c84cb5-dc25-48b6-abcd-2faa62d614c8@group-ADAB8AF979CA-StateMachineUpdater] INFO  ratis.ContainerStateMachine (ContainerStateMachine.java:takeSnapshot(330)) - group-ADAB8AF979CA: Taking a snapshot at:(t:1, i:0) file /home/runner/work/ozone/ozone/hadoop-ozone/integration-test/target/test-dir/MiniOzoneClusterImpl-59aba430-7466-43cf-ac60-ffcd1bd17169/datanode-4/data/ratis/6e41ae53-72be-45c9-b061-adab8af979ca/sm/snapshot.1_0
2023-06-01 19:11:55,635 [c2c84cb5-dc25-48b6-abcd-2faa62d614c8@group-ADAB8AF979CA-StateMachineUpdater] INFO  ratis.ContainerStateMachine (ContainerStateMachine.java:takeSnapshot(341)) - group-ADAB8AF979CA: Finished taking a snapshot at:(t:1, i:0) file:/home/runner/work/ozone/ozone/hadoop-ozone/integration-test/target/test-dir/MiniOzoneClusterImpl-59aba430-7466-43cf-ac60-ffcd1bd17169/datanode-4/data/ratis/6e41ae53-72be-45c9-b061-adab8af979ca/sm/snapshot.1_0 took: 1 ms
2023-06-01 19:11:55,636 [c2c84cb5-dc25-48b6-abcd-2faa62d614c8@group-ADAB8AF979CA-StateMachineUpdater] INFO  impl.StateMachineUpdater (StateMachineUpdater.java:takeSnapshot(291)) - c2c84cb5-dc25-48b6-abcd-2faa62d614c8@group-ADAB8AF979CA-StateMachineUpdater: Took a snapshot at index 0
2023-06-01 19:11:55,636 [c2c84cb5-dc25-48b6-abcd-2faa62d614c8@group-ADAB8AF979CA-StateMachineUpdater] INFO  impl.StateMachineUpdater (StateMachineUpdater.java:lambda$new$0(97)) - c2c84cb5-dc25-48b6-abcd-2faa62d614c8@group-ADAB8AF979CA-StateMachineUpdater: snapshotIndex: updateIncreasingly -1 -> 0
2023-06-01 19:11:55,637 [c2c84cb5-dc25-48b6-abcd-2faa62d614c8-impl-thread1] INFO  server.RaftServer$Division (ServerState.java:close(472)) - c2c84cb5-dc25-48b6-abcd-2faa62d614c8@group-ADAB8AF979CA: closes. applyIndex: 0
2023-06-01 19:11:55,638 [c2c84cb5-dc25-48b6-abcd-2faa62d614c8-impl-thread2] INFO  server.RaftServer$Division (RaftServerImpl.java:lambda$close$4(466)) - c2c84cb5-dc25-48b6-abcd-2faa62d614c8@group-DBA6A5F258BE: shutdown
2023-06-01 19:11:55,639 [c2c84cb5-dc25-48b6-abcd-2faa62d614c8-impl-thread2] INFO  util.JmxRegister (JmxRegister.java:unregister(73)) - Successfully un-registered JMX Bean with object name Ratis:service=RaftServer,group=group-DBA6A5F258BE,id=c2c84cb5-dc25-48b6-abcd-2faa62d614c8
2023-06-01 19:11:55,639 [c2c84cb5-dc25-48b6-abcd-2faa62d614c8-impl-thread2] INFO  impl.RoleInfo (RoleInfo.java:shutdownLeaderState(93)) - c2c84cb5-dc25-48b6-abcd-2faa62d614c8: shutdown c2c84cb5-dc25-48b6-abcd-2faa62d614c8@group-DBA6A5F258BE-LeaderStateImpl
2023-06-01 19:11:55,643 [c2c84cb5-dc25-48b6-abcd-2faa62d614c8@group-DBA6A5F258BE->9ff544a7-6c1c-4ca7-a5dc-e42e2710cacb-GrpcLogAppender-LogAppenderDaemon] WARN  server.GrpcLogAppender (GrpcLogAppender.java:mayWait(199)) - c2c84cb5-dc25-48b6-abcd-2faa62d614c8@group-DBA6A5F258BE->9ff544a7-6c1c-4ca7-a5dc-e42e2710cacb-GrpcLogAppender: Wait interrupted by java.lang.InterruptedException
2023-06-01 19:11:55,644 [grpc-default-executor-1] INFO  server.GrpcServerProtocolService (GrpcServerProtocolService.java:onCompleted(155)) - 9ff544a7-6c1c-4ca7-a5dc-e42e2710cacb: Completed APPEND_ENTRIES, lastRequest: null
2023-06-01 19:11:55,645 [grpc-default-executor-1] INFO  server.GrpcServerProtocolService (GrpcServerProtocolService.java:lambda$onCompleted$5(157)) - 9ff544a7-6c1c-4ca7-a5dc-e42e2710cacb: Completed APPEND_ENTRIES, lastReply: serverReply {
  requestorId: "c2c84cb5-dc25-48b6-abcd-2faa62d614c8"
  replyId: "9ff544a7-6c1c-4ca7-a5dc-e42e2710cacb"
  raftGroupId {
    id: "_?\026\0261\024M\222\252x\333\246\245\362X\276"
  }
  callId: 18
  success: true
}
term: 1
nextIndex: 1
matchIndex: 18446744073709551615
isHearbeat: true

2023-06-01 19:11:55,646 [grpc-default-executor-3] INFO  server.GrpcServerProtocolService (GrpcServerProtocolService.java:onCompleted(155)) - 9ff544a7-6c1c-4ca7-a5dc-e42e2710cacb: Completed APPEND_ENTRIES, lastRequest: c2c84cb5-dc25-48b6-abcd-2faa62d614c8->9ff544a7-6c1c-4ca7-a5dc-e42e2710cacb#1-t1,previous=(t:0, i:0),leaderCommit=-1,initializing? true,entries: size=1, first=(t:1, i:0), CONFIGURATIONENTRY(current:id: "c2c84cb5-dc25-48b6-abcd-2faa62d614c8"
address: "10.1.0.196:15050"
priority: 1
dataStreamAddress: "10.1.0.196:15051"
clientAddress: "10.1.0.196:15048"
adminAddress: "10.1.0.196:15049"
startupRole: FOLLOWER
,id: "9ff544a7-6c1c-4ca7-a5dc-e42e2710cacb"
address: "10.1.0.196:15041"
dataStreamAddress: "10.1.0.196:15042"
clientAddress: "10.1.0.196:15039"
adminAddress: "10.1.0.196:15040"
startupRole: FOLLOWER
,id: "aab6e560-2e42-4217-8e7a-cc5f2733e87a"
address: "10.1.0.196:15059"
dataStreamAddress: "10.1.0.196:15060"
clientAddress: "10.1.0.196:15057"
adminAddress: "10.1.0.196:15058"
startupRole: FOLLOWER
, old:)
2023-06-01 19:11:55,646 [grpc-default-executor-3] INFO  server.GrpcServerProtocolService (GrpcServerProtocolService.java:lambda$onCompleted$5(157)) - 9ff544a7-6c1c-4ca7-a5dc-e42e2710cacb: Completed APPEND_ENTRIES, lastReply: null
2023-06-01 19:11:55,647 [grpc-default-executor-1] INFO  server.GrpcLogAppender (GrpcLogAppender.java:onCompleted(428)) - c2c84cb5-dc25-48b6-abcd-2faa62d614c8@group-DBA6A5F258BE->9ff544a7-6c1c-4ca7-a5dc-e42e2710cacb-AppendLogResponseHandler: follower responses appendEntries COMPLETED
2023-06-01 19:11:55,647 [grpc-default-executor-1] INFO  leader.FollowerInfo (FollowerInfoImpl.java:lambda$new$0(52)) - c2c84cb5-dc25-48b6-abcd-2faa62d614c8@group-DBA6A5F258BE->9ff544a7-6c1c-4ca7-a5dc-e42e2710cacb: decreaseNextIndex nextIndex: updateUnconditionally 1 -> 0
2023-06-01 19:11:55,648 [grpc-default-executor-1] INFO  server.GrpcLogAppender (GrpcLogAppender.java:onCompleted(428)) - c2c84cb5-dc25-48b6-abcd-2faa62d614c8@group-DBA6A5F258BE->9ff544a7-6c1c-4ca7-a5dc-e42e2710cacb-AppendLogResponseHandler: follower responses appendEntries COMPLETED
2023-06-01 19:11:55,648 [c2c84cb5-dc25-48b6-abcd-2faa62d614c8@group-DBA6A5F258BE->aab6e560-2e42-4217-8e7a-cc5f2733e87a-GrpcLogAppender-LogAppenderDaemon] WARN  server.GrpcLogAppender (GrpcLogAppender.java:mayWait(199)) - c2c84cb5-dc25-48b6-abcd-2faa62d614c8@group-DBA6A5F258BE->aab6e560-2e42-4217-8e7a-cc5f2733e87a-GrpcLogAppender: Wait interrupted by java.lang.InterruptedException
2023-06-01 19:11:55,649 [c2c84cb5-dc25-48b6-abcd-2faa62d614c8-impl-thread2] INFO  impl.PendingRequests (PendingRequests.java:sendNotLeaderResponses(289)) - c2c84cb5-dc25-48b6-abcd-2faa62d614c8@group-DBA6A5F258BE-PendingRequests: sendNotLeaderResponses
2023-06-01 19:11:55,650 [grpc-default-executor-3] INFO  server.GrpcServerProtocolService (GrpcServerProtocolService.java:onCompleted(155)) - aab6e560-2e42-4217-8e7a-cc5f2733e87a: Completed APPEND_ENTRIES, lastRequest: null
2023-06-01 19:11:55,650 [grpc-default-executor-1] INFO  server.GrpcServerProtocolService (GrpcServerProtocolService.java:onCompleted(155)) - aab6e560-2e42-4217-8e7a-cc5f2733e87a: Completed APPEND_ENTRIES, lastRequest: c2c84cb5-dc25-48b6-abcd-2faa62d614c8->aab6e560-2e42-4217-8e7a-cc5f2733e87a#1-t1,previous=(t:0, i:0),leaderCommit=-1,initializing? true,entries: size=1, first=(t:1, i:0), CONFIGURATIONENTRY(current:id: "c2c84cb5-dc25-48b6-abcd-2faa62d614c8"
address: "10.1.0.196:15050"
priority: 1
dataStreamAddress: "10.1.0.196:15051"
clientAddress: "10.1.0.196:15048"
adminAddress: "10.1.0.196:15049"
startupRole: FOLLOWER
,id: "9ff544a7-6c1c-4ca7-a5dc-e42e2710cacb"
address: "10.1.0.196:15041"
dataStreamAddress: "10.1.0.196:15042"
clientAddress: "10.1.0.196:15039"
adminAddress: "10.1.0.196:15040"
startupRole: FOLLOWER
,id: "aab6e560-2e42-4217-8e7a-cc5f2733e87a"
address: "10.1.0.196:15059"
dataStreamAddress: "10.1.0.196:15060"
clientAddress: "10.1.0.196:15057"
adminAddress: "10.1.0.196:15058"
startupRole: FOLLOWER
, old:)
2023-06-01 19:11:55,650 [grpc-default-executor-1] INFO  server.GrpcServerProtocolService (GrpcServerProtocolService.java:lambda$onCompleted$5(157)) - aab6e560-2e42-4217-8e7a-cc5f2733e87a: Completed APPEND_ENTRIES, lastReply: null
2023-06-01 19:11:55,640 [main] INFO  server.GrpcService (GrpcService.java:closeImpl(311)) - c2c84cb5-dc25-48b6-abcd-2faa62d614c8: shutdown server org.apache.ratis.grpc.server.GrpcClientProtocolService now
2023-06-01 19:11:55,652 [grpc-default-executor-1] INFO  server.GrpcLogAppender (GrpcLogAppender.java:onCompleted(428)) - c2c84cb5-dc25-48b6-abcd-2faa62d614c8@group-DBA6A5F258BE->aab6e560-2e42-4217-8e7a-cc5f2733e87a-AppendLogResponseHandler: follower responses appendEntries COMPLETED
2023-06-01 19:11:55,652 [grpc-default-executor-1] INFO  leader.FollowerInfo (FollowerInfoImpl.java:lambda$new$0(52)) - c2c84cb5-dc25-48b6-abcd-2faa62d614c8@group-DBA6A5F258BE->aab6e560-2e42-4217-8e7a-cc5f2733e87a: decreaseNextIndex nextIndex: updateUnconditionally 1 -> 0
2023-06-01 19:11:55,655 [c2c84cb5-dc25-48b6-abcd-2faa62d614c8@group-DBA6A5F258BE-StateMachineUpdater] INFO  ratis.ContainerStateMachine (ContainerStateMachine.java:takeSnapshot(330)) - group-DBA6A5F258BE: Taking a snapshot at:(t:1, i:0) file /home/runner/work/ozone/ozone/hadoop-ozone/integration-test/target/test-dir/MiniOzoneClusterImpl-59aba430-7466-43cf-ac60-ffcd1bd17169/datanode-4/data/ratis/5f3f1616-3114-4d92-aa78-dba6a5f258be/sm/snapshot.1_0
2023-06-01 19:11:55,656 [c2c84cb5-dc25-48b6-abcd-2faa62d614c8-impl-thread2] INFO  impl.StateMachineUpdater (StateMachineUpdater.java:stopAndJoin(155)) - c2c84cb5-dc25-48b6-abcd-2faa62d614c8@group-DBA6A5F258BE-StateMachineUpdater: set stopIndex = 0
2023-06-01 19:11:55,641 [c2c84cb5-dc25-48b6-abcd-2faa62d614c8-impl-thread3] INFO  server.RaftServer$Division (RaftServerImpl.java:lambda$close$4(466)) - c2c84cb5-dc25-48b6-abcd-2faa62d614c8@group-77F4DA91DDA5: shutdown
2023-06-01 19:11:55,656 [c2c84cb5-dc25-48b6-abcd-2faa62d614c8@group-DBA6A5F258BE-StateMachineUpdater] INFO  ratis.ContainerStateMachine (ContainerStateMachine.java:takeSnapshot(341)) - group-DBA6A5F258BE: Finished taking a snapshot at:(t:1, i:0) file:/home/runner/work/ozone/ozone/hadoop-ozone/integration-test/target/test-dir/MiniOzoneClusterImpl-59aba430-7466-43cf-ac60-ffcd1bd17169/datanode-4/data/ratis/5f3f1616-3114-4d92-aa78-dba6a5f258be/sm/snapshot.1_0 took: 1 ms
2023-06-01 19:11:55,658 [c2c84cb5-dc25-48b6-abcd-2faa62d614c8@group-DBA6A5F258BE-StateMachineUpdater] INFO  impl.StateMachineUpdater (StateMachineUpdater.java:takeSnapshot(291)) - c2c84cb5-dc25-48b6-abcd-2faa62d614c8@group-DBA6A5F258BE-StateMachineUpdater: Took a snapshot at index 0
2023-06-01 19:11:55,658 [c2c84cb5-dc25-48b6-abcd-2faa62d614c8@group-DBA6A5F258BE-StateMachineUpdater] INFO  impl.StateMachineUpdater (StateMachineUpdater.java:lambda$new$0(97)) - c2c84cb5-dc25-48b6-abcd-2faa62d614c8@group-DBA6A5F258BE-StateMachineUpdater: snapshotIndex: updateIncreasingly -1 -> 0
2023-06-01 19:11:55,650 [grpc-default-executor-3] INFO  server.GrpcServerProtocolService (GrpcServerProtocolService.java:lambda$onCompleted$5(157)) - aab6e560-2e42-4217-8e7a-cc5f2733e87a: Completed APPEND_ENTRIES, lastReply: serverReply {
  requestorId: "c2c84cb5-dc25-48b6-abcd-2faa62d614c8"
  replyId: "aab6e560-2e42-4217-8e7a-cc5f2733e87a"
  raftGroupId {
    id: "_?\026\0261\024M\222\252x\333\246\245\362X\276"
  }
  callId: 20
  success: true
}
term: 1
nextIndex: 1
matchIndex: 18446744073709551615
isHearbeat: true

2023-06-01 19:11:55,660 [c2c84cb5-dc25-48b6-abcd-2faa62d614c8-impl-thread2] INFO  server.RaftServer$Division (ServerState.java:close(472)) - c2c84cb5-dc25-48b6-abcd-2faa62d614c8@group-DBA6A5F258BE: closes. applyIndex: 0
2023-06-01 19:11:55,660 [Thread-895] INFO  server.GrpcServerProtocolClient (GrpcServerProtocolClient.java:close(103)) - 9ff544a7-6c1c-4ca7-a5dc-e42e2710cacb Close channels
2023-06-01 19:11:55,661 [c2c84cb5-dc25-48b6-abcd-2faa62d614c8-impl-thread3] INFO  util.JmxRegister (JmxRegister.java:unregister(73)) - Successfully un-registered JMX Bean with object name Ratis:service=RaftServer,group=group-77F4DA91DDA5,id=c2c84cb5-dc25-48b6-abcd-2faa62d614c8
2023-06-01 19:11:55,662 [c2c84cb5-dc25-48b6-abcd-2faa62d614c8-impl-thread3] INFO  impl.RoleInfo (RoleInfo.java:shutdownFollowerState(110)) - c2c84cb5-dc25-48b6-abcd-2faa62d614c8: shutdown c2c84cb5-dc25-48b6-abcd-2faa62d614c8@group-77F4DA91DDA5-FollowerState
2023-06-01 19:11:55,663 [Thread-896] INFO  server.GrpcServerProtocolClient (GrpcServerProtocolClient.java:close(103)) - aab6e560-2e42-4217-8e7a-cc5f2733e87a Close channels
2023-06-01 19:11:55,664 [grpc-default-executor-1] INFO  server.GrpcLogAppender (GrpcLogAppender.java:onCompleted(428)) - c2c84cb5-dc25-48b6-abcd-2faa62d614c8@group-DBA6A5F258BE->aab6e560-2e42-4217-8e7a-cc5f2733e87a-AppendLogResponseHandler: follower responses appendEntries COMPLETED
2023-06-01 19:11:55,666 [grpc-default-executor-1] WARN  server.GrpcLogAppender (GrpcLogAppender.java:resetClient(137)) - c2c84cb5-dc25-48b6-abcd-2faa62d614c8@group-DBA6A5F258BE->aab6e560-2e42-4217-8e7a-cc5f2733e87a-GrpcLogAppender: Failed to getClient for aab6e560-2e42-4217-8e7a-cc5f2733e87a
org.apache.ratis.protocol.exceptions.AlreadyClosedException: c2c84cb5-dc25-48b6-abcd-2faa62d614c8 is already CLOSED
	at org.apache.ratis.util.PeerProxyMap$PeerAndProxy.getProxy(PeerProxyMap.java:61)
	at org.apache.ratis.util.PeerProxyMap.getProxy(PeerProxyMap.java:115)
	at org.apache.ratis.grpc.server.GrpcLogAppender.getClient(GrpcLogAppender.java:112)
	at org.apache.ratis.grpc.server.GrpcLogAppender.resetClient(GrpcLogAppender.java:117)
	at org.apache.ratis.grpc.server.GrpcLogAppender.access$500(GrpcLogAppender.java:56)
	at org.apache.ratis.grpc.server.GrpcLogAppender$AppendLogResponseHandler.onCompleted(GrpcLogAppender.java:429)
	at org.apache.ratis.thirdparty.io.grpc.stub.ClientCalls$StreamObserverToCallListenerAdapter.onClose(ClientCalls.java:485)
	at org.apache.ratis.thirdparty.io.grpc.internal.DelayedClientCall$DelayedListener$3.run(DelayedClientCall.java:471)
	at org.apache.ratis.thirdparty.io.grpc.internal.DelayedClientCall$DelayedListener.delayOrExecute(DelayedClientCall.java:435)
	at org.apache.ratis.thirdparty.io.grpc.internal.DelayedClientCall$DelayedListener.onClose(DelayedClientCall.java:468)
	at org.apache.ratis.thirdparty.io.grpc.internal.ClientCallImpl.closeObserver(ClientCallImpl.java:563)
	at org.apache.ratis.thirdparty.io.grpc.internal.ClientCallImpl.access$300(ClientCallImpl.java:70)
	at org.apache.ratis.thirdparty.io.grpc.internal.ClientCallImpl$ClientStreamListenerImpl$1StreamClosed.runInternal(ClientCallImpl.java:744)
	at org.apache.ratis.thirdparty.io.grpc.internal.ClientCallImpl$ClientStreamListenerImpl$1StreamClosed.runInContext(ClientCallImpl.java:723)
	at org.apache.ratis.thirdparty.io.grpc.internal.ContextRunnable.run(ContextRunnable.java:37)
	at org.apache.ratis.thirdparty.io.grpc.internal.SerializingExecutor.run(SerializingExecutor.java:133)
	at java.util.concurrent.ThreadPoolExecutor.runWorker(ThreadPoolExecutor.java:1149)
	at java.util.concurrent.ThreadPoolExecutor$Worker.run(ThreadPoolExecutor.java:624)
	at java.lang.Thread.run(Thread.java:750)
2023-06-01 19:11:55,667 [c2c84cb5-dc25-48b6-abcd-2faa62d614c8@group-77F4DA91DDA5-FollowerState] INFO  impl.FollowerState (FollowerState.java:run(152)) - c2c84cb5-dc25-48b6-abcd-2faa62d614c8@group-77F4DA91DDA5-FollowerState was interrupted
2023-06-01 19:11:55,668 [c2c84cb5-dc25-48b6-abcd-2faa62d614c8-impl-thread3] INFO  impl.StateMachineUpdater (StateMachineUpdater.java:stopAndJoin(155)) - c2c84cb5-dc25-48b6-abcd-2faa62d614c8@group-77F4DA91DDA5-StateMachineUpdater: set stopIndex = 0
2023-06-01 19:11:55,669 [c2c84cb5-dc25-48b6-abcd-2faa62d614c8@group-77F4DA91DDA5-StateMachineUpdater] INFO  ratis.ContainerStateMachine (ContainerStateMachine.java:takeSnapshot(330)) - group-77F4DA91DDA5: Taking a snapshot at:(t:1, i:0) file /home/runner/work/ozone/ozone/hadoop-ozone/integration-test/target/test-dir/MiniOzoneClusterImpl-59aba430-7466-43cf-ac60-ffcd1bd17169/datanode-4/data/ratis/dcaac02a-ac5c-44f1-b323-77f4da91dda5/sm/snapshot.1_0
2023-06-01 19:11:55,669 [c2c84cb5-dc25-48b6-abcd-2faa62d614c8@group-77F4DA91DDA5-StateMachineUpdater] INFO  ratis.ContainerStateMachine (ContainerStateMachine.java:takeSnapshot(341)) - group-77F4DA91DDA5: Finished taking a snapshot at:(t:1, i:0) file:/home/runner/work/ozone/ozone/hadoop-ozone/integration-test/target/test-dir/MiniOzoneClusterImpl-59aba430-7466-43cf-ac60-ffcd1bd17169/datanode-4/data/ratis/dcaac02a-ac5c-44f1-b323-77f4da91dda5/sm/snapshot.1_0 took: 1 ms
2023-06-01 19:11:55,670 [c2c84cb5-dc25-48b6-abcd-2faa62d614c8@group-77F4DA91DDA5-StateMachineUpdater] INFO  impl.StateMachineUpdater (StateMachineUpdater.java:takeSnapshot(291)) - c2c84cb5-dc25-48b6-abcd-2faa62d614c8@group-77F4DA91DDA5-StateMachineUpdater: Took a snapshot at index 0
2023-06-01 19:11:55,670 [c2c84cb5-dc25-48b6-abcd-2faa62d614c8@group-77F4DA91DDA5-StateMachineUpdater] INFO  impl.StateMachineUpdater (StateMachineUpdater.java:lambda$new$0(97)) - c2c84cb5-dc25-48b6-abcd-2faa62d614c8@group-77F4DA91DDA5-StateMachineUpdater: snapshotIndex: updateIncreasingly -1 -> 0
2023-06-01 19:11:55,671 [main] INFO  server.GrpcService (GrpcService.java:closeImpl(320)) - c2c84cb5-dc25-48b6-abcd-2faa62d614c8: shutdown server org.apache.ratis.grpc.server.GrpcClientProtocolService successfully
2023-06-01 19:11:55,671 [main] INFO  server.GrpcService (GrpcService.java:closeImpl(311)) - c2c84cb5-dc25-48b6-abcd-2faa62d614c8: shutdown server GrpcServerProtocolService now
2023-06-01 19:11:55,671 [c2c84cb5-dc25-48b6-abcd-2faa62d614c8-impl-thread3] INFO  server.RaftServer$Division (ServerState.java:close(472)) - c2c84cb5-dc25-48b6-abcd-2faa62d614c8@group-77F4DA91DDA5: closes. applyIndex: 0
2023-06-01 19:11:55,698 [grpc-default-executor-7] WARN  server.GrpcServerProtocolService (LogUtils.java:warn(122)) - c2c84cb5-dc25-48b6-abcd-2faa62d614c8: APPEND_ENTRIES onError, lastRequest: null: org.apache.ratis.thirdparty.io.grpc.StatusRuntimeException: CANCELLED: client cancelled
2023-06-01 19:11:55,699 [grpc-default-executor-6] WARN  server.GrpcLogAppender (LogUtils.java:warn(122)) - 9ff544a7-6c1c-4ca7-a5dc-e42e2710cacb@group-77F4DA91DDA5->c2c84cb5-dc25-48b6-abcd-2faa62d614c8-AppendLogResponseHandler: Failed appendEntries: org.apache.ratis.thirdparty.io.grpc.StatusRuntimeException: CANCELLED: RST_STREAM closed stream. HTTP/2 error code: CANCEL
2023-06-01 19:11:55,700 [grpc-default-executor-3] WARN  server.GrpcServerProtocolService (LogUtils.java:warn(122)) - c2c84cb5-dc25-48b6-abcd-2faa62d614c8: APPEND_ENTRIES onError, lastRequest: 9ff544a7-6c1c-4ca7-a5dc-e42e2710cacb->c2c84cb5-dc25-48b6-abcd-2faa62d614c8#1-t1,previous=(t:0, i:0),leaderCommit=-1,initializing? true,entries: size=1, first=(t:1, i:0), CONFIGURATIONENTRY(current:id: "c2c84cb5-dc25-48b6-abcd-2faa62d614c8"
address: "10.1.0.196:15050"
dataStreamAddress: "10.1.0.196:15051"
clientAddress: "10.1.0.196:15048"
adminAddress: "10.1.0.196:15049"
startupRole: FOLLOWER
,id: "9ff544a7-6c1c-4ca7-a5dc-e42e2710cacb"
address: "10.1.0.196:15041"
priority: 1
dataStreamAddress: "10.1.0.196:15042"
clientAddress: "10.1.0.196:15039"
adminAddress: "10.1.0.196:15040"
startupRole: FOLLOWER
,id: "aab6e560-2e42-4217-8e7a-cc5f2733e87a"
address: "10.1.0.196:15059"
dataStreamAddress: "10.1.0.196:15060"
clientAddress: "10.1.0.196:15057"
adminAddress: "10.1.0.196:15058"
startupRole: FOLLOWER
, old:): org.apache.ratis.thirdparty.io.grpc.StatusRuntimeException: CANCELLED: client cancelled
2023-06-01 19:11:55,700 [main] INFO  server.GrpcService (GrpcService.java:closeImpl(320)) - c2c84cb5-dc25-48b6-abcd-2faa62d614c8: shutdown server GrpcServerProtocolService successfully
2023-06-01 19:11:55,701 [main] INFO  server.GrpcService (GrpcService.java:closeImpl(311)) - c2c84cb5-dc25-48b6-abcd-2faa62d614c8: shutdown server org.apache.ratis.grpc.server.GrpcAdminProtocolService now
2023-06-01 19:11:55,700 [grpc-default-executor-6] WARN  server.GrpcLogAppender (GrpcLogAppender.java:resetClient(128)) - 9ff544a7-6c1c-4ca7-a5dc-e42e2710cacb@group-77F4DA91DDA5->c2c84cb5-dc25-48b6-abcd-2faa62d614c8-GrpcLogAppender: Follower failed when matchIndex == 0,  keep nextIndex (1) unchanged and retry.
2023-06-01 19:11:55,711 [grpc-default-executor-5] WARN  server.GrpcLogAppender (LogUtils.java:warn(122)) - 9ff544a7-6c1c-4ca7-a5dc-e42e2710cacb@group-77F4DA91DDA5->c2c84cb5-dc25-48b6-abcd-2faa62d614c8-AppendLogResponseHandler: Failed appendEntries: org.apache.ratis.thirdparty.io.grpc.StatusRuntimeException: CANCELLED: RST_STREAM closed stream. HTTP/2 error code: CANCEL
2023-06-01 19:11:55,712 [grpc-default-executor-5] WARN  server.GrpcLogAppender (GrpcLogAppender.java:resetClient(128)) - 9ff544a7-6c1c-4ca7-a5dc-e42e2710cacb@group-77F4DA91DDA5->c2c84cb5-dc25-48b6-abcd-2faa62d614c8-GrpcLogAppender: Follower failed when matchIndex == 0,  keep nextIndex (1) unchanged and retry.
2023-06-01 19:11:55,712 [main] INFO  server.GrpcService (GrpcService.java:closeImpl(320)) - c2c84cb5-dc25-48b6-abcd-2faa62d614c8: shutdown server org.apache.ratis.grpc.server.GrpcAdminProtocolService successfully
2023-06-01 19:11:55,713 [c2c84cb5-dc25-48b6-abcd-2faa62d614c8-NettyServerStreamRpc-bossGroup--thread1] INFO  logging.LoggingHandler (AbstractInternalLogger.java:log(148)) - [id: 0x79bc28f4, L:/0:0:0:0:0:0:0:0:15051] CLOSE
2023-06-01 19:11:55,713 [c2c84cb5-dc25-48b6-abcd-2faa62d614c8-NettyServerStreamRpc-bossGroup--thread1] INFO  logging.LoggingHandler (AbstractInternalLogger.java:log(148)) - [id: 0x79bc28f4, L:/0:0:0:0:0:0:0:0:15051] INACTIVE
2023-06-01 19:11:55,713 [c2c84cb5-dc25-48b6-abcd-2faa62d614c8-NettyServerStreamRpc-bossGroup--thread1] INFO  logging.LoggingHandler (AbstractInternalLogger.java:log(148)) - [id: 0x79bc28f4, L:/0:0:0:0:0:0:0:0:15051] UNREGISTERED
2023-06-01 19:11:55,791 [c2c84cb5-dc25-48b6-abcd-2faa62d614c8-impl-thread1] INFO  segmented.SegmentedRaftLogWorker (SegmentedRaftLogWorker.java:close(252)) - c2c84cb5-dc25-48b6-abcd-2faa62d614c8@group-ADAB8AF979CA-SegmentedRaftLogWorker close()
2023-06-01 19:11:56,055 [c2c84cb5-dc25-48b6-abcd-2faa62d614c8-impl-thread3] INFO  segmented.SegmentedRaftLogWorker (SegmentedRaftLogWorker.java:close(252)) - c2c84cb5-dc25-48b6-abcd-2faa62d614c8@group-77F4DA91DDA5-SegmentedRaftLogWorker close()
2023-06-01 19:11:56,250 [c2c84cb5-dc25-48b6-abcd-2faa62d614c8-impl-thread2] INFO  segmented.SegmentedRaftLogWorker (SegmentedRaftLogWorker.java:close(252)) - c2c84cb5-dc25-48b6-abcd-2faa62d614c8@group-DBA6A5F258BE-SegmentedRaftLogWorker close()
2023-06-01 19:11:56,252 [JvmPauseMonitor5] INFO  util.JvmPauseMonitor (JvmPauseMonitor.java:run(109)) - JvmPauseMonitor-c2c84cb5-dc25-48b6-abcd-2faa62d614c8: Stopped
2023-06-01 19:11:57,588 [grpc-default-executor-2] WARN  server.GrpcLogAppender (LogUtils.java:warn(122)) - 9ff544a7-6c1c-4ca7-a5dc-e42e2710cacb@group-77F4DA91DDA5->c2c84cb5-dc25-48b6-abcd-2faa62d614c8-AppendLogResponseHandler: Failed appendEntries: org.apache.ratis.thirdparty.io.grpc.StatusRuntimeException: UNAVAILABLE: io exception
2023-06-01 19:11:57,590 [grpc-default-executor-5] WARN  server.GrpcLogAppender (LogUtils.java:warn(122)) - 9ff544a7-6c1c-4ca7-a5dc-e42e2710cacb@group-77F4DA91DDA5->c2c84cb5-dc25-48b6-abcd-2faa62d614c8-AppendLogResponseHandler: Failed appendEntries: org.apache.ratis.thirdparty.io.grpc.StatusRuntimeException: UNAVAILABLE: io exception
2023-06-01 19:11:57,591 [grpc-default-executor-2] WARN  server.GrpcLogAppender (GrpcLogAppender.java:resetClient(128)) - 9ff544a7-6c1c-4ca7-a5dc-e42e2710cacb@group-77F4DA91DDA5->c2c84cb5-dc25-48b6-abcd-2faa62d614c8-GrpcLogAppender: Follower failed when matchIndex == 0,  keep nextIndex (1) unchanged and retry.
2023-06-01 19:11:57,592 [grpc-default-executor-5] WARN  server.GrpcLogAppender (GrpcLogAppender.java:resetClient(128)) - 9ff544a7-6c1c-4ca7-a5dc-e42e2710cacb@group-77F4DA91DDA5->c2c84cb5-dc25-48b6-abcd-2faa62d614c8-GrpcLogAppender: Follower failed when matchIndex == 0,  keep nextIndex (1) unchanged and retry.
2023-06-01 19:11:57,593 [grpc-default-executor-5] WARN  server.GrpcLogAppender (LogUtils.java:warn(122)) - 9ff544a7-6c1c-4ca7-a5dc-e42e2710cacb@group-77F4DA91DDA5->c2c84cb5-dc25-48b6-abcd-2faa62d614c8-AppendLogResponseHandler: Failed appendEntries: org.apache.ratis.thirdparty.io.grpc.StatusRuntimeException: UNAVAILABLE: io exception
2023-06-01 19:11:57,593 [grpc-default-executor-2] WARN  server.GrpcLogAppender (LogUtils.java:warn(122)) - 9ff544a7-6c1c-4ca7-a5dc-e42e2710cacb@group-77F4DA91DDA5->c2c84cb5-dc25-48b6-abcd-2faa62d614c8-AppendLogResponseHandler: Failed appendEntries: org.apache.ratis.thirdparty.io.grpc.StatusRuntimeException: UNAVAILABLE: io exception
2023-06-01 19:11:57,594 [grpc-default-executor-5] WARN  server.GrpcLogAppender (GrpcLogAppender.java:resetClient(128)) - 9ff544a7-6c1c-4ca7-a5dc-e42e2710cacb@group-77F4DA91DDA5->c2c84cb5-dc25-48b6-abcd-2faa62d614c8-GrpcLogAppender: Follower failed when matchIndex == 0,  keep nextIndex (1) unchanged and retry.
2023-06-01 19:11:57,595 [grpc-default-executor-2] WARN  server.GrpcLogAppender (GrpcLogAppender.java:resetClient(128)) - 9ff544a7-6c1c-4ca7-a5dc-e42e2710cacb@group-77F4DA91DDA5->c2c84cb5-dc25-48b6-abcd-2faa62d614c8-GrpcLogAppender: Follower failed when matchIndex == 0,  keep nextIndex (1) unchanged and retry.
2023-06-01 19:11:57,597 [grpc-default-executor-5] WARN  server.GrpcLogAppender (LogUtils.java:warn(122)) - 9ff544a7-6c1c-4ca7-a5dc-e42e2710cacb@group-77F4DA91DDA5->c2c84cb5-dc25-48b6-abcd-2faa62d614c8-AppendLogResponseHandler: Failed appendEntries: org.apache.ratis.thirdparty.io.grpc.StatusRuntimeException: UNAVAILABLE: io exception
2023-06-01 19:11:57,597 [grpc-default-executor-2] WARN  server.GrpcLogAppender (LogUtils.java:warn(122)) - 9ff544a7-6c1c-4ca7-a5dc-e42e2710cacb@group-77F4DA91DDA5->c2c84cb5-dc25-48b6-abcd-2faa62d614c8-AppendLogResponseHandler: Failed appendEntries: org.apache.ratis.thirdparty.io.grpc.StatusRuntimeException: UNAVAILABLE: io exception
2023-06-01 19:11:57,598 [grpc-default-executor-5] WARN  server.GrpcLogAppender (GrpcLogAppender.java:resetClient(128)) - 9ff544a7-6c1c-4ca7-a5dc-e42e2710cacb@group-77F4DA91DDA5->c2c84cb5-dc25-48b6-abcd-2faa62d614c8-GrpcLogAppender: Follower failed when matchIndex == 0,  keep nextIndex (1) unchanged and retry.
2023-06-01 19:11:57,599 [grpc-default-executor-2] WARN  server.GrpcLogAppender (GrpcLogAppender.java:resetClient(128)) - 9ff544a7-6c1c-4ca7-a5dc-e42e2710cacb@group-77F4DA91DDA5->c2c84cb5-dc25-48b6-abcd-2faa62d614c8-GrpcLogAppender: Follower failed when matchIndex == 0,  keep nextIndex (1) unchanged and retry.
2023-06-01 19:11:58,266 [main] INFO  utils.DatanodeStoreCache (DatanodeStoreCache.java:shutdownCache(110)) - Skip clearing cache in mini cluster mode. Entries left: [/home/runner/work/ozone/ozone/hadoop-ozone/integration-test/target/test-dir/MiniOzoneClusterImpl-59aba430-7466-43cf-ac60-ffcd1bd17169/datanode-0/data-0/containers/hdds/59aba430-7466-43cf-ac60-ffcd1bd17169/DS-1dc93e80-6571-4538-8142-c6dbd0377ce9/container.db, /home/runner/work/ozone/ozone/hadoop-ozone/integration-test/target/test-dir/MiniOzoneClusterImpl-59aba430-7466-43cf-ac60-ffcd1bd17169/datanode-1/data-0/containers/hdds/59aba430-7466-43cf-ac60-ffcd1bd17169/DS-c9ab76c1-7f63-4089-a5b6-a68750fa06c4/container.db, /home/runner/work/ozone/ozone/hadoop-ozone/integration-test/target/test-dir/MiniOzoneClusterImpl-59aba430-7466-43cf-ac60-ffcd1bd17169/datanode-2/data-0/containers/hdds/59aba430-7466-43cf-ac60-ffcd1bd17169/DS-4aa07bd8-eb83-4ed4-9771-0b7338b2244f/container.db, /home/runner/work/ozone/ozone/hadoop-ozone/integration-test/target/test-dir/MiniOzoneClusterImpl-59aba430-7466-43cf-ac60-ffcd1bd17169/datanode-3/data-0/containers/hdds/59aba430-7466-43cf-ac60-ffcd1bd17169/DS-0a3800d6-70cc-436b-83a5-f4bdb07d051a/container.db, /home/runner/work/ozone/ozone/hadoop-ozone/integration-test/target/test-dir/MiniOzoneClusterImpl-59aba430-7466-43cf-ac60-ffcd1bd17169/datanode-4/data-0/containers/hdds/59aba430-7466-43cf-ac60-ffcd1bd17169/DS-7aa12682-a603-4056-870a-466ff51bd89a/container.db, /home/runner/work/ozone/ozone/hadoop-ozone/integration-test/target/test-dir/MiniOzoneClusterImpl-59aba430-7466-43cf-ac60-ffcd1bd17169/datanode-5/data-0/containers/hdds/59aba430-7466-43cf-ac60-ffcd1bd17169/DS-3dcd8eab-97ba-471a-b294-809e29f43f9a/container.db, /home/runner/work/ozone/ozone/hadoop-ozone/integration-test/target/test-dir/MiniOzoneClusterImpl-59aba430-7466-43cf-ac60-ffcd1bd17169/datanode-6/data-0/containers/hdds/59aba430-7466-43cf-ac60-ffcd1bd17169/DS-a385c666-d4ab-436f-8a53-c2e40af6d895/container.db, /home/runner/work/ozone/ozone/hadoop-ozone/integration-test/target/test-dir/MiniOzoneClusterImpl-59aba430-7466-43cf-ac60-ffcd1bd17169/datanode-7/data-0/containers/hdds/59aba430-7466-43cf-ac60-ffcd1bd17169/DS-9339400e-3dbd-4a1d-9fbc-2e2540d6d4ed/container.db, /home/runner/work/ozone/ozone/hadoop-ozone/integration-test/target/test-dir/MiniOzoneClusterImpl-59aba430-7466-43cf-ac60-ffcd1bd17169/datanode-8/data-0/containers/hdds/59aba430-7466-43cf-ac60-ffcd1bd17169/DS-23c658a6-cb2b-49ab-af1a-25621bc08e86/container.db, /home/runner/work/ozone/ozone/hadoop-ozone/integration-test/target/test-dir/MiniOzoneClusterImpl-59aba430-7466-43cf-ac60-ffcd1bd17169/datanode-9/data-0/containers/hdds/59aba430-7466-43cf-ac60-ffcd1bd17169/DS-150722d4-3b06-4343-9d5c-2c429e9b6ac5/container.db]
2023-06-01 19:11:58,277 [main] INFO  utils.DatanodeStoreCache (DatanodeStoreCache.java:removeDB(104)) - Removed db /home/runner/work/ozone/ozone/hadoop-ozone/integration-test/target/test-dir/MiniOzoneClusterImpl-59aba430-7466-43cf-ac60-ffcd1bd17169/datanode-4/data-0/containers/hdds/59aba430-7466-43cf-ac60-ffcd1bd17169/DS-7aa12682-a603-4056-870a-466ff51bd89a/container.db from cache
2023-06-01 19:11:58,277 [main] INFO  volume.HddsVolume (HddsVolume.java:closeDbStore(437)) - SchemaV3 db is stopped at /home/runner/work/ozone/ozone/hadoop-ozone/integration-test/target/test-dir/MiniOzoneClusterImpl-59aba430-7466-43cf-ac60-ffcd1bd17169/datanode-4/data-0/containers/hdds/59aba430-7466-43cf-ac60-ffcd1bd17169/DS-7aa12682-a603-4056-870a-466ff51bd89a/container.db for volume DS-7aa12682-a603-4056-870a-466ff51bd89a
2023-06-01 19:11:58,277 [main] INFO  utils.BackgroundService (BackgroundService.java:shutdown(141)) - Shutting down service BlockDeletingService
2023-06-01 19:11:58,278 [main] INFO  utils.BackgroundService (BackgroundService.java:shutdown(141)) - Shutting down service StaleRecoveringContainerScrubbingService
2023-06-01 19:11:58,283 [main] INFO  statemachine.DatanodeStateMachine (DatanodeStateMachine.java:stopDaemon(621)) - Ozone container server stopped.
2023-06-01 19:11:58,299 [main] INFO  handler.ContextHandler (ContextHandler.java:doStop(1159)) - Stopped o.e.j.w.WebAppContext@27407cd2{hddsDatanode,/,null,STOPPED}{jar:file:/home/runner/.m2/repository/org/apache/ozone/hdds-container-service/1.4.0-SNAPSHOT/hdds-container-service-1.4.0-SNAPSHOT.jar!/webapps/hddsDatanode}
2023-06-01 19:11:58,301 [main] INFO  server.AbstractConnector (AbstractConnector.java:doStop(383)) - Stopped ServerConnector@7a2bc263{HTTP/1.1, (http/1.1)}{0.0.0.0:15045}
2023-06-01 19:11:58,301 [main] INFO  server.session (HouseKeeper.java:stopScavenging(149)) - node0 Stopped scavenging
2023-06-01 19:11:58,304 [main] INFO  handler.ContextHandler (ContextHandler.java:doStop(1159)) - Stopped o.e.j.s.ServletContextHandler@43925564{static,/static,jar:file:/home/runner/.m2/repository/org/apache/ozone/hdds-container-service/1.4.0-SNAPSHOT/hdds-container-service-1.4.0-SNAPSHOT.jar!/webapps/static,STOPPED}
2023-06-01 19:11:58,304 [main] INFO  handler.ContextHandler (ContextHandler.java:doStop(1159)) - Stopped o.e.j.s.ServletContextHandler@28a58685{logs,/logs,file:///home/runner/work/ozone/ozone/hadoop-ozone/integration-test/target/log,STOPPED}
2023-06-01 19:11:58,307 [main] INFO  ozone.HddsDatanodeClientProtocolServer (HddsDatanodeClientProtocolServer.java:stop(89)) - Stopping the RPC server for Client Protocol
2023-06-01 19:11:58,307 [main] INFO  ipc.Server (Server.java:stop(3501)) - Stopping server on 15046
2023-06-01 19:11:58,312 [IPC Server listener on 15046] INFO  ipc.Server (Server.java:run(1430)) - Stopping IPC Server listener on 15046
2023-06-01 19:11:58,312 [IPC Server Responder] INFO  ipc.Server (Server.java:run(1563)) - Stopping IPC Server Responder
2023-06-01 19:11:58,565 [EventQueue-StaleNodeForStaleNodeHandler] INFO  node.StaleNodeHandler (StaleNodeHandler.java:onMessage(59)) - Datanode c2c84cb5-dc25-48b6-abcd-2faa62d614c8(fv-az163-187.kzyshwy3mise5klwsllqwzgzyb.cx.internal.cloudapp.net/10.1.0.196) moved to stale state. Finalizing its pipelines [PipelineID=6e41ae53-72be-45c9-b061-adab8af979ca, PipelineID=f0f77054-d8ea-4714-a7af-e0534dc8e845, PipelineID=5f3f1616-3114-4d92-aa78-dba6a5f258be, PipelineID=dcaac02a-ac5c-44f1-b323-77f4da91dda5]
2023-06-01 19:11:58,566 [EventQueue-StaleNodeForStaleNodeHandler] INFO  pipeline.PipelineManagerImpl (PipelineManagerImpl.java:closePipeline(442)) - Pipeline Pipeline[ Id: 6e41ae53-72be-45c9-b061-adab8af979ca, Nodes: c2c84cb5-dc25-48b6-abcd-2faa62d614c8(fv-az163-187.kzyshwy3mise5klwsllqwzgzyb.cx.internal.cloudapp.net/10.1.0.196), ReplicationConfig: RATIS/ONE, State:OPEN, leaderId:c2c84cb5-dc25-48b6-abcd-2faa62d614c8, CreationTimestamp2023-06-01T19:11:06.672Z[Etc/UTC]] moved to CLOSED state
2023-06-01 19:11:58,567 [EventQueue-StaleNodeForStaleNodeHandler] INFO  pipeline.PipelineManagerImpl (PipelineManagerImpl.java:closeContainersForPipeline(421)) - Container #2 closed for pipeline=PipelineID=f0f77054-d8ea-4714-a7af-e0534dc8e845
2023-06-01 19:11:58,567 [EventQueue-CloseContainerForCloseContainerEventHandler] INFO  container.CloseContainerEventHandler (CloseContainerEventHandler.java:onMessage(89)) - Close container Event triggered for container : #2, current state: CLOSING
2023-06-01 19:11:58,567 [EventQueue-StaleNodeForStaleNodeHandler] INFO  pipeline.PipelineManagerImpl (PipelineManagerImpl.java:closePipeline(442)) - Pipeline Pipeline[ Id: f0f77054-d8ea-4714-a7af-e0534dc8e845, Nodes: c2c84cb5-dc25-48b6-abcd-2faa62d614c8(fv-az163-187.kzyshwy3mise5klwsllqwzgzyb.cx.internal.cloudapp.net/10.1.0.196)b39db728-622c-42ae-954c-bd0dbc524ba7(fv-az163-187.kzyshwy3mise5klwsllqwzgzyb.cx.internal.cloudapp.net/10.1.0.196)9ff544a7-6c1c-4ca7-a5dc-e42e2710cacb(fv-az163-187.kzyshwy3mise5klwsllqwzgzyb.cx.internal.cloudapp.net/10.1.0.196)fac1c7af-03c1-44bd-b323-3796df9c2435(fv-az163-187.kzyshwy3mise5klwsllqwzgzyb.cx.internal.cloudapp.net/10.1.0.196)9125f905-aa43-4d0f-845d-e6cfd4dab0cd(fv-az163-187.kzyshwy3mise5klwsllqwzgzyb.cx.internal.cloudapp.net/10.1.0.196), ReplicationConfig: EC{rs-3-2-1024k}, State:OPEN, leaderId:, CreationTimestamp2023-06-01T19:11:54.404Z[Etc/UTC]] moved to CLOSED state
2023-06-01 19:11:58,568 [EventQueue-StaleNodeForStaleNodeHandler] INFO  pipeline.PipelineManagerImpl (PipelineManagerImpl.java:closePipeline(442)) - Pipeline Pipeline[ Id: 5f3f1616-3114-4d92-aa78-dba6a5f258be, Nodes: c2c84cb5-dc25-48b6-abcd-2faa62d614c8(fv-az163-187.kzyshwy3mise5klwsllqwzgzyb.cx.internal.cloudapp.net/10.1.0.196)9ff544a7-6c1c-4ca7-a5dc-e42e2710cacb(fv-az163-187.kzyshwy3mise5klwsllqwzgzyb.cx.internal.cloudapp.net/10.1.0.196)aab6e560-2e42-4217-8e7a-cc5f2733e87a(fv-az163-187.kzyshwy3mise5klwsllqwzgzyb.cx.internal.cloudapp.net/10.1.0.196), ReplicationConfig: RATIS/THREE, State:OPEN, leaderId:c2c84cb5-dc25-48b6-abcd-2faa62d614c8, CreationTimestamp2023-06-01T19:11:07.041Z[Etc/UTC]] moved to CLOSED state
2023-06-01 19:11:58,572 [EventQueue-StaleNodeForStaleNodeHandler] INFO  pipeline.PipelineManagerImpl (PipelineManagerImpl.java:closePipeline(442)) - Pipeline Pipeline[ Id: dcaac02a-ac5c-44f1-b323-77f4da91dda5, Nodes: 9ff544a7-6c1c-4ca7-a5dc-e42e2710cacb(fv-az163-187.kzyshwy3mise5klwsllqwzgzyb.cx.internal.cloudapp.net/10.1.0.196)c2c84cb5-dc25-48b6-abcd-2faa62d614c8(fv-az163-187.kzyshwy3mise5klwsllqwzgzyb.cx.internal.cloudapp.net/10.1.0.196)aab6e560-2e42-4217-8e7a-cc5f2733e87a(fv-az163-187.kzyshwy3mise5klwsllqwzgzyb.cx.internal.cloudapp.net/10.1.0.196), ReplicationConfig: RATIS/THREE, State:OPEN, leaderId:9ff544a7-6c1c-4ca7-a5dc-e42e2710cacb, CreationTimestamp2023-06-01T19:11:07.039Z[Etc/UTC]] moved to CLOSED state
2023-06-01 19:11:58,847 [grpc-default-executor-2] WARN  server.GrpcLogAppender (LogUtils.java:warn(122)) - 9ff544a7-6c1c-4ca7-a5dc-e42e2710cacb@group-77F4DA91DDA5->c2c84cb5-dc25-48b6-abcd-2faa62d614c8-AppendLogResponseHandler: Failed appendEntries: org.apache.ratis.thirdparty.io.grpc.StatusRuntimeException: UNAVAILABLE: io exception
2023-06-01 19:11:58,848 [grpc-default-executor-2] WARN  server.GrpcLogAppender (GrpcLogAppender.java:resetClient(128)) - 9ff544a7-6c1c-4ca7-a5dc-e42e2710cacb@group-77F4DA91DDA5->c2c84cb5-dc25-48b6-abcd-2faa62d614c8-GrpcLogAppender: Follower failed when matchIndex == 0,  keep nextIndex (1) unchanged and retry.
2023-06-01 19:11:58,849 [grpc-default-executor-5] WARN  server.GrpcLogAppender (LogUtils.java:warn(122)) - 9ff544a7-6c1c-4ca7-a5dc-e42e2710cacb@group-77F4DA91DDA5->c2c84cb5-dc25-48b6-abcd-2faa62d614c8-AppendLogResponseHandler: Failed appendEntries: org.apache.ratis.thirdparty.io.grpc.StatusRuntimeException: UNAVAILABLE: io exception
2023-06-01 19:11:58,849 [grpc-default-executor-5] WARN  server.GrpcLogAppender (GrpcLogAppender.java:resetClient(128)) - 9ff544a7-6c1c-4ca7-a5dc-e42e2710cacb@group-77F4DA91DDA5->c2c84cb5-dc25-48b6-abcd-2faa62d614c8-GrpcLogAppender: Follower failed when matchIndex == 0,  keep nextIndex (1) unchanged and retry.
2023-06-01 19:12:00,098 [grpc-default-executor-2] WARN  server.GrpcLogAppender (LogUtils.java:warn(122)) - 9ff544a7-6c1c-4ca7-a5dc-e42e2710cacb@group-77F4DA91DDA5->c2c84cb5-dc25-48b6-abcd-2faa62d614c8-AppendLogResponseHandler: Failed appendEntries: org.apache.ratis.thirdparty.io.grpc.StatusRuntimeException: UNAVAILABLE: io exception
2023-06-01 19:12:00,098 [grpc-default-executor-5] WARN  server.GrpcLogAppender (LogUtils.java:warn(122)) - 9ff544a7-6c1c-4ca7-a5dc-e42e2710cacb@group-77F4DA91DDA5->c2c84cb5-dc25-48b6-abcd-2faa62d614c8-AppendLogResponseHandler: Failed appendEntries: org.apache.ratis.thirdparty.io.grpc.StatusRuntimeException: UNAVAILABLE: io exception
2023-06-01 19:12:00,099 [grpc-default-executor-2] WARN  server.GrpcLogAppender (GrpcLogAppender.java:resetClient(128)) - 9ff544a7-6c1c-4ca7-a5dc-e42e2710cacb@group-77F4DA91DDA5->c2c84cb5-dc25-48b6-abcd-2faa62d614c8-GrpcLogAppender: Follower failed when matchIndex == 0,  keep nextIndex (1) unchanged and retry.
2023-06-01 19:12:00,100 [grpc-default-executor-5] WARN  server.GrpcLogAppender (GrpcLogAppender.java:resetClient(128)) - 9ff544a7-6c1c-4ca7-a5dc-e42e2710cacb@group-77F4DA91DDA5->c2c84cb5-dc25-48b6-abcd-2faa62d614c8-GrpcLogAppender: Follower failed when matchIndex == 0,  keep nextIndex (1) unchanged and retry.
2023-06-01 19:12:00,561 [9ff544a7-6c1c-4ca7-a5dc-e42e2710cacb@group-DBA6A5F258BE-FollowerState] INFO  impl.FollowerState (FollowerState.java:run(143)) - 9ff544a7-6c1c-4ca7-a5dc-e42e2710cacb@group-DBA6A5F258BE-FollowerState: change to CANDIDATE, lastRpcElapsedTime:5342482049ns, electionTimeout:5003ms
2023-06-01 19:12:00,561 [9ff544a7-6c1c-4ca7-a5dc-e42e2710cacb@group-DBA6A5F258BE-FollowerState] INFO  impl.RoleInfo (RoleInfo.java:shutdownFollowerState(110)) - 9ff544a7-6c1c-4ca7-a5dc-e42e2710cacb: shutdown 9ff544a7-6c1c-4ca7-a5dc-e42e2710cacb@group-DBA6A5F258BE-FollowerState
2023-06-01 19:12:00,561 [9ff544a7-6c1c-4ca7-a5dc-e42e2710cacb@group-DBA6A5F258BE-FollowerState] INFO  server.RaftServer$Division (RaftServerImpl.java:setRole(329)) - 9ff544a7-6c1c-4ca7-a5dc-e42e2710cacb@group-DBA6A5F258BE: changes role from  FOLLOWER to CANDIDATE at term 1 for changeToCandidate
2023-06-01 19:12:00,562 [9ff544a7-6c1c-4ca7-a5dc-e42e2710cacb@group-DBA6A5F258BE-FollowerState] INFO  server.RaftServerConfigKeys (ConfUtils.java:logGet(46)) - raft.server.leaderelection.pre-vote = true (default)
2023-06-01 19:12:00,562 [9ff544a7-6c1c-4ca7-a5dc-e42e2710cacb@group-DBA6A5F258BE-FollowerState] INFO  impl.RoleInfo (RoleInfo.java:updateAndGet(139)) - 9ff544a7-6c1c-4ca7-a5dc-e42e2710cacb: start 9ff544a7-6c1c-4ca7-a5dc-e42e2710cacb@group-DBA6A5F258BE-LeaderElection29
2023-06-01 19:12:00,562 [9ff544a7-6c1c-4ca7-a5dc-e42e2710cacb@group-DBA6A5F258BE-LeaderElection29] INFO  server.RaftServer$Division (ServerState.java:setLeader(317)) - 9ff544a7-6c1c-4ca7-a5dc-e42e2710cacb@group-DBA6A5F258BE: change Leader from c2c84cb5-dc25-48b6-abcd-2faa62d614c8 to null at term 1 for PRE_VOTE
2023-06-01 19:12:00,562 [9ff544a7-6c1c-4ca7-a5dc-e42e2710cacb@group-DBA6A5F258BE-LeaderElection29] INFO  impl.LeaderElection (LeaderElection.java:askForVotes(321)) - 9ff544a7-6c1c-4ca7-a5dc-e42e2710cacb@group-DBA6A5F258BE-LeaderElection29 PRE_VOTE round 0: submit vote requests at term 1 for 0: peers:[c2c84cb5-dc25-48b6-abcd-2faa62d614c8|rpc:10.1.0.196:15050|admin:10.1.0.196:15049|client:10.1.0.196:15048|dataStream:10.1.0.196:15051|priority:1|startupRole:FOLLOWER, 9ff544a7-6c1c-4ca7-a5dc-e42e2710cacb|rpc:10.1.0.196:15041|admin:10.1.0.196:15040|client:10.1.0.196:15039|dataStream:10.1.0.196:15042|priority:0|startupRole:FOLLOWER, aab6e560-2e42-4217-8e7a-cc5f2733e87a|rpc:10.1.0.196:15059|admin:10.1.0.196:15058|client:10.1.0.196:15057|dataStream:10.1.0.196:15060|priority:0|startupRole:FOLLOWER]|listeners:[], old=null
2023-06-01 19:12:00,563 [9ff544a7-6c1c-4ca7-a5dc-e42e2710cacb@group-DBA6A5F258BE-LeaderElection29] INFO  impl.LeaderElection (LogUtils.java:infoOrTrace(137)) - 9ff544a7-6c1c-4ca7-a5dc-e42e2710cacb@group-DBA6A5F258BE-LeaderElection29 got exception when requesting votes: java.util.concurrent.ExecutionException: org.apache.ratis.thirdparty.io.grpc.StatusRuntimeException: UNAVAILABLE: io exception
2023-06-01 19:12:00,566 [grpc-default-executor-5] INFO  server.RaftServer$Division (RaftServerImpl.java:requestVote(1302)) - aab6e560-2e42-4217-8e7a-cc5f2733e87a@group-DBA6A5F258BE: receive requestVote(PRE_VOTE, 9ff544a7-6c1c-4ca7-a5dc-e42e2710cacb, group-DBA6A5F258BE, 1, (t:1, i:0))
2023-06-01 19:12:00,567 [grpc-default-executor-5] INFO  impl.VoteContext (VoteContext.java:log(49)) - aab6e560-2e42-4217-8e7a-cc5f2733e87a@group-DBA6A5F258BE-FOLLOWER: accept PRE_VOTE from 9ff544a7-6c1c-4ca7-a5dc-e42e2710cacb: our priority 0 <= candidate's priority 0
2023-06-01 19:12:00,568 [grpc-default-executor-5] INFO  server.RaftServer$Division (RaftServerImpl.java:requestVote(1335)) - aab6e560-2e42-4217-8e7a-cc5f2733e87a@group-DBA6A5F258BE replies to PRE_VOTE vote request: 9ff544a7-6c1c-4ca7-a5dc-e42e2710cacb<-aab6e560-2e42-4217-8e7a-cc5f2733e87a#0:OK-t1. Peer's state: aab6e560-2e42-4217-8e7a-cc5f2733e87a@group-DBA6A5F258BE:t1, leader=c2c84cb5-dc25-48b6-abcd-2faa62d614c8, voted=c2c84cb5-dc25-48b6-abcd-2faa62d614c8, raftlog=Memoized:aab6e560-2e42-4217-8e7a-cc5f2733e87a@group-DBA6A5F258BE-SegmentedRaftLog:OPENED:c0, conf=0: peers:[c2c84cb5-dc25-48b6-abcd-2faa62d614c8|rpc:10.1.0.196:15050|admin:10.1.0.196:15049|client:10.1.0.196:15048|dataStream:10.1.0.196:15051|priority:1|startupRole:FOLLOWER, 9ff544a7-6c1c-4ca7-a5dc-e42e2710cacb|rpc:10.1.0.196:15041|admin:10.1.0.196:15040|client:10.1.0.196:15039|dataStream:10.1.0.196:15042|priority:0|startupRole:FOLLOWER, aab6e560-2e42-4217-8e7a-cc5f2733e87a|rpc:10.1.0.196:15059|admin:10.1.0.196:15058|client:10.1.0.196:15057|dataStream:10.1.0.196:15060|priority:0|startupRole:FOLLOWER]|listeners:[], old=null
2023-06-01 19:12:00,569 [9ff544a7-6c1c-4ca7-a5dc-e42e2710cacb@group-DBA6A5F258BE-LeaderElection29] INFO  impl.LeaderElection (LeaderElection.java:logAndReturn(90)) - 9ff544a7-6c1c-4ca7-a5dc-e42e2710cacb@group-DBA6A5F258BE-LeaderElection29: PRE_VOTE PASSED received 1 response(s) and 1 exception(s):
2023-06-01 19:12:00,569 [9ff544a7-6c1c-4ca7-a5dc-e42e2710cacb@group-DBA6A5F258BE-LeaderElection29] INFO  impl.LeaderElection (LeaderElection.java:logAndReturn(94)) -   Response 0: 9ff544a7-6c1c-4ca7-a5dc-e42e2710cacb<-aab6e560-2e42-4217-8e7a-cc5f2733e87a#0:OK-t1
2023-06-01 19:12:00,569 [9ff544a7-6c1c-4ca7-a5dc-e42e2710cacb@group-DBA6A5F258BE-LeaderElection29] INFO  impl.LeaderElection (LogUtils.java:infoOrTrace(137)) -   Exception 1: java.util.concurrent.ExecutionException: org.apache.ratis.thirdparty.io.grpc.StatusRuntimeException: UNAVAILABLE: io exception
2023-06-01 19:12:00,569 [9ff544a7-6c1c-4ca7-a5dc-e42e2710cacb@group-DBA6A5F258BE-LeaderElection29] INFO  impl.LeaderElection (LeaderElection.java:askForVotes(323)) - 9ff544a7-6c1c-4ca7-a5dc-e42e2710cacb@group-DBA6A5F258BE-LeaderElection29 PRE_VOTE round 0: result PASSED
2023-06-01 19:12:00,571 [9ff544a7-6c1c-4ca7-a5dc-e42e2710cacb@group-DBA6A5F258BE-LeaderElection29] INFO  impl.LeaderElection (LeaderElection.java:askForVotes(321)) - 9ff544a7-6c1c-4ca7-a5dc-e42e2710cacb@group-DBA6A5F258BE-LeaderElection29 ELECTION round 0: submit vote requests at term 2 for 0: peers:[c2c84cb5-dc25-48b6-abcd-2faa62d614c8|rpc:10.1.0.196:15050|admin:10.1.0.196:15049|client:10.1.0.196:15048|dataStream:10.1.0.196:15051|priority:1|startupRole:FOLLOWER, 9ff544a7-6c1c-4ca7-a5dc-e42e2710cacb|rpc:10.1.0.196:15041|admin:10.1.0.196:15040|client:10.1.0.196:15039|dataStream:10.1.0.196:15042|priority:0|startupRole:FOLLOWER, aab6e560-2e42-4217-8e7a-cc5f2733e87a|rpc:10.1.0.196:15059|admin:10.1.0.196:15058|client:10.1.0.196:15057|dataStream:10.1.0.196:15060|priority:0|startupRole:FOLLOWER]|listeners:[], old=null
2023-06-01 19:12:00,580 [9ff544a7-6c1c-4ca7-a5dc-e42e2710cacb@group-DBA6A5F258BE-LeaderElection29] INFO  impl.LeaderElection (LogUtils.java:infoOrTrace(137)) - 9ff544a7-6c1c-4ca7-a5dc-e42e2710cacb@group-DBA6A5F258BE-LeaderElection29 got exception when requesting votes: java.util.concurrent.ExecutionException: org.apache.ratis.thirdparty.io.grpc.StatusRuntimeException: UNAVAILABLE: io exception
2023-06-01 19:12:00,581 [grpc-default-executor-5] INFO  server.RaftServer$Division (RaftServerImpl.java:requestVote(1302)) - aab6e560-2e42-4217-8e7a-cc5f2733e87a@group-DBA6A5F258BE: receive requestVote(ELECTION, 9ff544a7-6c1c-4ca7-a5dc-e42e2710cacb, group-DBA6A5F258BE, 2, (t:1, i:0))
2023-06-01 19:12:00,581 [grpc-default-executor-5] INFO  impl.VoteContext (VoteContext.java:log(49)) - aab6e560-2e42-4217-8e7a-cc5f2733e87a@group-DBA6A5F258BE-FOLLOWER: accept ELECTION from 9ff544a7-6c1c-4ca7-a5dc-e42e2710cacb: our priority 0 <= candidate's priority 0
2023-06-01 19:12:00,581 [grpc-default-executor-5] INFO  server.RaftServer$Division (ServerState.java:setLeader(317)) - aab6e560-2e42-4217-8e7a-cc5f2733e87a@group-DBA6A5F258BE: change Leader from c2c84cb5-dc25-48b6-abcd-2faa62d614c8 to null at term 2 for updateCurrentTerm
2023-06-01 19:12:00,581 [grpc-default-executor-5] INFO  server.RaftServer$Division (RaftServerImpl.java:setRole(329)) - aab6e560-2e42-4217-8e7a-cc5f2733e87a@group-DBA6A5F258BE: changes role from  FOLLOWER to FOLLOWER at term 2 for candidate:9ff544a7-6c1c-4ca7-a5dc-e42e2710cacb
2023-06-01 19:12:00,581 [grpc-default-executor-5] INFO  impl.RoleInfo (RoleInfo.java:shutdownFollowerState(110)) - aab6e560-2e42-4217-8e7a-cc5f2733e87a: shutdown aab6e560-2e42-4217-8e7a-cc5f2733e87a@group-DBA6A5F258BE-FollowerState
2023-06-01 19:12:00,581 [grpc-default-executor-5] INFO  impl.RoleInfo (RoleInfo.java:updateAndGet(139)) - aab6e560-2e42-4217-8e7a-cc5f2733e87a: start aab6e560-2e42-4217-8e7a-cc5f2733e87a@group-DBA6A5F258BE-FollowerState
2023-06-01 19:12:00,582 [aab6e560-2e42-4217-8e7a-cc5f2733e87a@group-DBA6A5F258BE-FollowerState] INFO  impl.FollowerState (FollowerState.java:run(152)) - aab6e560-2e42-4217-8e7a-cc5f2733e87a@group-DBA6A5F258BE-FollowerState was interrupted
2023-06-01 19:12:00,589 [grpc-default-executor-5] INFO  server.RaftServer$Division (RaftServerImpl.java:requestVote(1335)) - aab6e560-2e42-4217-8e7a-cc5f2733e87a@group-DBA6A5F258BE replies to ELECTION vote request: 9ff544a7-6c1c-4ca7-a5dc-e42e2710cacb<-aab6e560-2e42-4217-8e7a-cc5f2733e87a#0:OK-t2. Peer's state: aab6e560-2e42-4217-8e7a-cc5f2733e87a@group-DBA6A5F258BE:t2, leader=null, voted=9ff544a7-6c1c-4ca7-a5dc-e42e2710cacb, raftlog=Memoized:aab6e560-2e42-4217-8e7a-cc5f2733e87a@group-DBA6A5F258BE-SegmentedRaftLog:OPENED:c0, conf=0: peers:[c2c84cb5-dc25-48b6-abcd-2faa62d614c8|rpc:10.1.0.196:15050|admin:10.1.0.196:15049|client:10.1.0.196:15048|dataStream:10.1.0.196:15051|priority:1|startupRole:FOLLOWER, 9ff544a7-6c1c-4ca7-a5dc-e42e2710cacb|rpc:10.1.0.196:15041|admin:10.1.0.196:15040|client:10.1.0.196:15039|dataStream:10.1.0.196:15042|priority:0|startupRole:FOLLOWER, aab6e560-2e42-4217-8e7a-cc5f2733e87a|rpc:10.1.0.196:15059|admin:10.1.0.196:15058|client:10.1.0.196:15057|dataStream:10.1.0.196:15060|priority:0|startupRole:FOLLOWER]|listeners:[], old=null
2023-06-01 19:12:00,590 [9ff544a7-6c1c-4ca7-a5dc-e42e2710cacb@group-DBA6A5F258BE-LeaderElection29] INFO  impl.LeaderElection (LeaderElection.java:logAndReturn(90)) - 9ff544a7-6c1c-4ca7-a5dc-e42e2710cacb@group-DBA6A5F258BE-LeaderElection29: ELECTION PASSED received 1 response(s) and 1 exception(s):
2023-06-01 19:12:00,590 [9ff544a7-6c1c-4ca7-a5dc-e42e2710cacb@group-DBA6A5F258BE-LeaderElection29] INFO  impl.LeaderElection (LeaderElection.java:logAndReturn(94)) -   Response 0: 9ff544a7-6c1c-4ca7-a5dc-e42e2710cacb<-aab6e560-2e42-4217-8e7a-cc5f2733e87a#0:OK-t2
2023-06-01 19:12:00,590 [9ff544a7-6c1c-4ca7-a5dc-e42e2710cacb@group-DBA6A5F258BE-LeaderElection29] INFO  impl.LeaderElection (LogUtils.java:infoOrTrace(137)) -   Exception 1: java.util.concurrent.ExecutionException: org.apache.ratis.thirdparty.io.grpc.StatusRuntimeException: UNAVAILABLE: io exception
2023-06-01 19:12:00,590 [9ff544a7-6c1c-4ca7-a5dc-e42e2710cacb@group-DBA6A5F258BE-LeaderElection29] INFO  impl.LeaderElection (LeaderElection.java:askForVotes(323)) - 9ff544a7-6c1c-4ca7-a5dc-e42e2710cacb@group-DBA6A5F258BE-LeaderElection29 ELECTION round 0: result PASSED
2023-06-01 19:12:00,590 [9ff544a7-6c1c-4ca7-a5dc-e42e2710cacb@group-DBA6A5F258BE-LeaderElection29] INFO  impl.RoleInfo (RoleInfo.java:shutdownLeaderElection(130)) - 9ff544a7-6c1c-4ca7-a5dc-e42e2710cacb: shutdown 9ff544a7-6c1c-4ca7-a5dc-e42e2710cacb@group-DBA6A5F258BE-LeaderElection29
2023-06-01 19:12:00,590 [9ff544a7-6c1c-4ca7-a5dc-e42e2710cacb@group-DBA6A5F258BE-LeaderElection29] INFO  server.RaftServer$Division (RaftServerImpl.java:setRole(329)) - 9ff544a7-6c1c-4ca7-a5dc-e42e2710cacb@group-DBA6A5F258BE: changes role from CANDIDATE to LEADER at term 2 for changeToLeader
2023-06-01 19:12:00,590 [9ff544a7-6c1c-4ca7-a5dc-e42e2710cacb@group-DBA6A5F258BE-LeaderElection29] INFO  ratis.XceiverServerRatis (XceiverServerRatis.java:handleLeaderChangedNotification(902)) - Leader change notification received for group: group-DBA6A5F258BE with new leaderId: 9ff544a7-6c1c-4ca7-a5dc-e42e2710cacb
2023-06-01 19:12:00,591 [9ff544a7-6c1c-4ca7-a5dc-e42e2710cacb@group-DBA6A5F258BE-LeaderElection29] INFO  server.RaftServer$Division (ServerState.java:setLeader(317)) - 9ff544a7-6c1c-4ca7-a5dc-e42e2710cacb@group-DBA6A5F258BE: change Leader from null to 9ff544a7-6c1c-4ca7-a5dc-e42e2710cacb at term 2 for becomeLeader, leader elected after 28ms
2023-06-01 19:12:00,591 [9ff544a7-6c1c-4ca7-a5dc-e42e2710cacb@group-DBA6A5F258BE-LeaderElection29] INFO  server.RaftServerConfigKeys (ConfUtils.java:logGet(46)) - raft.server.staging.catchup.gap = 1000 (default)
2023-06-01 19:12:00,593 [9ff544a7-6c1c-4ca7-a5dc-e42e2710cacb@group-DBA6A5F258BE-LeaderElection29] INFO  server.RaftServerConfigKeys (ConfUtils.java:logGet(46)) - raft.server.write.element-limit = 1024 (custom)
2023-06-01 19:12:00,593 [9ff544a7-6c1c-4ca7-a5dc-e42e2710cacb@group-DBA6A5F258BE-LeaderElection29] INFO  server.RaftServerConfigKeys (ConfUtils.java:logGet(46)) - raft.server.write.byte-limit = 1024 M (=1073741824) (custom)
2023-06-01 19:12:00,594 [9ff544a7-6c1c-4ca7-a5dc-e42e2710cacb@group-DBA6A5F258BE-LeaderElection29] INFO  server.RaftServerConfigKeys (ConfUtils.java:logGet(46)) - raft.server.watch.timeout = 180s (custom)
2023-06-01 19:12:00,595 [9ff544a7-6c1c-4ca7-a5dc-e42e2710cacb@group-DBA6A5F258BE-LeaderElection29] INFO  server.RaftServerConfigKeys (ConfUtils.java:logGet(46)) - raft.server.watch.timeout.denomination = 1s (default)
2023-06-01 19:12:00,595 [9ff544a7-6c1c-4ca7-a5dc-e42e2710cacb@group-DBA6A5F258BE-LeaderElection29] INFO  server.RaftServerConfigKeys (ConfUtils.java:logGet(46)) - raft.server.watch.element-limit = 65536 (default)
2023-06-01 19:12:00,595 [9ff544a7-6c1c-4ca7-a5dc-e42e2710cacb@group-DBA6A5F258BE-LeaderElection29] INFO  server.RaftServerConfigKeys (ConfUtils.java:logGet(46)) - raft.server.write.element-limit = 1024 (custom)
2023-06-01 19:12:00,595 [9ff544a7-6c1c-4ca7-a5dc-e42e2710cacb@group-DBA6A5F258BE-LeaderElection29] INFO  server.RaftServerConfigKeys (ConfUtils.java:logGet(46)) - raft.server.write.follower.gap.ratio.max = -1.0 (default)
2023-06-01 19:12:00,598 [9ff544a7-6c1c-4ca7-a5dc-e42e2710cacb@group-DBA6A5F258BE-LeaderElection29] INFO  server.RaftServerConfigKeys (ConfUtils.java:logGet(46)) - raft.server.log.appender.snapshot.chunk.size.max = 16MB (=16777216) (default)
2023-06-01 19:12:00,598 [9ff544a7-6c1c-4ca7-a5dc-e42e2710cacb@group-DBA6A5F258BE-LeaderElection29] INFO  server.RaftServerConfigKeys (ConfUtils.java:logGet(46)) - raft.server.log.appender.buffer.byte-limit = 33554432 (custom)
2023-06-01 19:12:00,598 [9ff544a7-6c1c-4ca7-a5dc-e42e2710cacb@group-DBA6A5F258BE-LeaderElection29] INFO  server.RaftServerConfigKeys (ConfUtils.java:logGet(46)) - raft.server.log.appender.buffer.element-limit = 1 (custom)
2023-06-01 19:12:00,598 [9ff544a7-6c1c-4ca7-a5dc-e42e2710cacb@group-DBA6A5F258BE-LeaderElection29] INFO  server.RaftServerConfigKeys (ConfUtils.java:logGet(46)) - raft.server.log.appender.wait-time.min = 10ms (default)
2023-06-01 19:12:00,599 [9ff544a7-6c1c-4ca7-a5dc-e42e2710cacb@group-DBA6A5F258BE-LeaderElection29] INFO  grpc.GrpcConfigKeys (ConfUtils.java:logGet(46)) - raft.grpc.server.leader.outstanding.appends.max = 128 (default)
2023-06-01 19:12:00,599 [9ff544a7-6c1c-4ca7-a5dc-e42e2710cacb@group-DBA6A5F258BE-LeaderElection29] INFO  server.RaftServerConfigKeys (ConfUtils.java:logGet(46)) - raft.server.rpc.request.timeout = 60s (custom)
2023-06-01 19:12:00,599 [9ff544a7-6c1c-4ca7-a5dc-e42e2710cacb@group-DBA6A5F258BE-LeaderElection29] INFO  grpc.GrpcConfigKeys (ConfUtils.java:logGet(46)) - raft.grpc.server.install_snapshot.request.element-limit = 8 (default)
2023-06-01 19:12:00,599 [9ff544a7-6c1c-4ca7-a5dc-e42e2710cacb@group-DBA6A5F258BE-LeaderElection29] INFO  grpc.GrpcConfigKeys (ConfUtils.java:logGet(46)) - raft.grpc.server.install_snapshot.request.timeout = 3000ms (default)
2023-06-01 19:12:00,599 [9ff544a7-6c1c-4ca7-a5dc-e42e2710cacb@group-DBA6A5F258BE-LeaderElection29] INFO  server.RaftServerConfigKeys (ConfUtils.java:logGet(46)) - raft.server.log.appender.install.snapshot.enabled = false (custom)
2023-06-01 19:12:00,599 [9ff544a7-6c1c-4ca7-a5dc-e42e2710cacb@group-DBA6A5F258BE-LeaderElection29] INFO  grpc.GrpcConfigKeys (ConfUtils.java:logGet(46)) - raft.grpc.server.heartbeat.channel = true (default)
2023-06-01 19:12:00,604 [9ff544a7-6c1c-4ca7-a5dc-e42e2710cacb@group-DBA6A5F258BE-LeaderElection29] INFO  server.RaftServerConfigKeys (ConfUtils.java:logGet(46)) - raft.server.log.appender.snapshot.chunk.size.max = 16MB (=16777216) (default)
2023-06-01 19:12:00,604 [9ff544a7-6c1c-4ca7-a5dc-e42e2710cacb@group-DBA6A5F258BE-LeaderElection29] INFO  server.RaftServerConfigKeys (ConfUtils.java:logGet(46)) - raft.server.log.appender.buffer.byte-limit = 33554432 (custom)
2023-06-01 19:12:00,604 [9ff544a7-6c1c-4ca7-a5dc-e42e2710cacb@group-DBA6A5F258BE-LeaderElection29] INFO  server.RaftServerConfigKeys (ConfUtils.java:logGet(46)) - raft.server.log.appender.buffer.element-limit = 1 (custom)
2023-06-01 19:12:00,604 [9ff544a7-6c1c-4ca7-a5dc-e42e2710cacb@group-DBA6A5F258BE-LeaderElection29] INFO  server.RaftServerConfigKeys (ConfUtils.java:logGet(46)) - raft.server.log.appender.wait-time.min = 10ms (default)
2023-06-01 19:12:00,604 [9ff544a7-6c1c-4ca7-a5dc-e42e2710cacb@group-DBA6A5F258BE-LeaderElection29] INFO  grpc.GrpcConfigKeys (ConfUtils.java:logGet(46)) - raft.grpc.server.leader.outstanding.appends.max = 128 (default)
2023-06-01 19:12:00,604 [9ff544a7-6c1c-4ca7-a5dc-e42e2710cacb@group-DBA6A5F258BE-LeaderElection29] INFO  server.RaftServerConfigKeys (ConfUtils.java:logGet(46)) - raft.server.rpc.request.timeout = 60s (custom)
2023-06-01 19:12:00,604 [9ff544a7-6c1c-4ca7-a5dc-e42e2710cacb@group-DBA6A5F258BE-LeaderElection29] INFO  grpc.GrpcConfigKeys (ConfUtils.java:logGet(46)) - raft.grpc.server.install_snapshot.request.element-limit = 8 (default)
2023-06-01 19:12:00,605 [9ff544a7-6c1c-4ca7-a5dc-e42e2710cacb@group-DBA6A5F258BE-LeaderElection29] INFO  grpc.GrpcConfigKeys (ConfUtils.java:logGet(46)) - raft.grpc.server.install_snapshot.request.timeout = 3000ms (default)
2023-06-01 19:12:00,605 [9ff544a7-6c1c-4ca7-a5dc-e42e2710cacb@group-DBA6A5F258BE-LeaderElection29] INFO  server.RaftServerConfigKeys (ConfUtils.java:logGet(46)) - raft.server.log.appender.install.snapshot.enabled = false (custom)
2023-06-01 19:12:00,605 [9ff544a7-6c1c-4ca7-a5dc-e42e2710cacb@group-DBA6A5F258BE-LeaderElection29] INFO  grpc.GrpcConfigKeys (ConfUtils.java:logGet(46)) - raft.grpc.server.heartbeat.channel = true (default)
2023-06-01 19:12:00,606 [9ff544a7-6c1c-4ca7-a5dc-e42e2710cacb@group-DBA6A5F258BE-LeaderElection29] INFO  impl.RoleInfo (RoleInfo.java:updateAndGet(139)) - 9ff544a7-6c1c-4ca7-a5dc-e42e2710cacb: start 9ff544a7-6c1c-4ca7-a5dc-e42e2710cacb@group-DBA6A5F258BE-LeaderStateImpl
2023-06-01 19:12:00,608 [9ff544a7-6c1c-4ca7-a5dc-e42e2710cacb@group-DBA6A5F258BE-LeaderElection29] INFO  segmented.SegmentedRaftLogWorker (SegmentedRaftLogWorker.java:rollLogSegment(452)) - 9ff544a7-6c1c-4ca7-a5dc-e42e2710cacb@group-DBA6A5F258BE-SegmentedRaftLogWorker: Rolling segment log-0_0 to index:0
2023-06-01 19:12:00,612 [9ff544a7-6c1c-4ca7-a5dc-e42e2710cacb@group-DBA6A5F258BE-SegmentedRaftLogWorker] INFO  segmented.SegmentedRaftLogWorker (SegmentedRaftLogWorker.java:execute(608)) - 9ff544a7-6c1c-4ca7-a5dc-e42e2710cacb@group-DBA6A5F258BE-SegmentedRaftLogWorker: Rolled log segment from /home/runner/work/ozone/ozone/hadoop-ozone/integration-test/target/test-dir/MiniOzoneClusterImpl-59aba430-7466-43cf-ac60-ffcd1bd17169/datanode-3/data/ratis/5f3f1616-3114-4d92-aa78-dba6a5f258be/current/log_inprogress_0 to /home/runner/work/ozone/ozone/hadoop-ozone/integration-test/target/test-dir/MiniOzoneClusterImpl-59aba430-7466-43cf-ac60-ffcd1bd17169/datanode-3/data/ratis/5f3f1616-3114-4d92-aa78-dba6a5f258be/current/log_0-0
2023-06-01 19:12:00,613 [9ff544a7-6c1c-4ca7-a5dc-e42e2710cacb@group-DBA6A5F258BE-SegmentedRaftLogWorker] INFO  segmented.SegmentedRaftLogWorker (SegmentedRaftLogWorker.java:execute(651)) - 9ff544a7-6c1c-4ca7-a5dc-e42e2710cacb@group-DBA6A5F258BE-SegmentedRaftLogWorker: created new log segment /home/runner/work/ozone/ozone/hadoop-ozone/integration-test/target/test-dir/MiniOzoneClusterImpl-59aba430-7466-43cf-ac60-ffcd1bd17169/datanode-3/data/ratis/5f3f1616-3114-4d92-aa78-dba6a5f258be/current/log_inprogress_1
2023-06-01 19:12:00,622 [grpc-default-executor-5] WARN  server.GrpcLogAppender (LogUtils.java:warn(122)) - 9ff544a7-6c1c-4ca7-a5dc-e42e2710cacb@group-DBA6A5F258BE->c2c84cb5-dc25-48b6-abcd-2faa62d614c8-AppendLogResponseHandler: Failed appendEntries: org.apache.ratis.thirdparty.io.grpc.StatusRuntimeException: UNAVAILABLE: io exception
2023-06-01 19:12:00,623 [grpc-default-executor-5] INFO  leader.FollowerInfo (FollowerInfoImpl.java:lambda$new$0(52)) - 9ff544a7-6c1c-4ca7-a5dc-e42e2710cacb@group-DBA6A5F258BE->c2c84cb5-dc25-48b6-abcd-2faa62d614c8: decreaseNextIndex nextIndex: updateUnconditionally 1 -> 0
2023-06-01 19:12:00,624 [grpc-default-executor-2] WARN  server.GrpcLogAppender (LogUtils.java:warn(122)) - 9ff544a7-6c1c-4ca7-a5dc-e42e2710cacb@group-DBA6A5F258BE->c2c84cb5-dc25-48b6-abcd-2faa62d614c8-AppendLogResponseHandler: Failed appendEntries: org.apache.ratis.thirdparty.io.grpc.StatusRuntimeException: UNAVAILABLE: io exception
2023-06-01 19:12:00,628 [9ff544a7-6c1c-4ca7-a5dc-e42e2710cacb@group-DBA6A5F258BE-LeaderElection29] INFO  server.RaftServer$Division (ServerState.java:setRaftConf(434)) - 9ff544a7-6c1c-4ca7-a5dc-e42e2710cacb@group-DBA6A5F258BE: set configuration 1: peers:[c2c84cb5-dc25-48b6-abcd-2faa62d614c8|rpc:10.1.0.196:15050|admin:10.1.0.196:15049|client:10.1.0.196:15048|dataStream:10.1.0.196:15051|priority:1|startupRole:FOLLOWER, 9ff544a7-6c1c-4ca7-a5dc-e42e2710cacb|rpc:10.1.0.196:15041|admin:10.1.0.196:15040|client:10.1.0.196:15039|dataStream:10.1.0.196:15042|priority:0|startupRole:FOLLOWER, aab6e560-2e42-4217-8e7a-cc5f2733e87a|rpc:10.1.0.196:15059|admin:10.1.0.196:15058|client:10.1.0.196:15057|dataStream:10.1.0.196:15060|priority:0|startupRole:FOLLOWER]|listeners:[], old=null
2023-06-01 19:12:00,632 [aab6e560-2e42-4217-8e7a-cc5f2733e87a-server-thread2] INFO  ratis.XceiverServerRatis (XceiverServerRatis.java:handleLeaderChangedNotification(902)) - Leader change notification received for group: group-DBA6A5F258BE with new leaderId: 9ff544a7-6c1c-4ca7-a5dc-e42e2710cacb
2023-06-01 19:12:00,633 [aab6e560-2e42-4217-8e7a-cc5f2733e87a-server-thread2] INFO  server.RaftServer$Division (ServerState.java:setLeader(317)) - aab6e560-2e42-4217-8e7a-cc5f2733e87a@group-DBA6A5F258BE: change Leader from null to 9ff544a7-6c1c-4ca7-a5dc-e42e2710cacb at term 2 for appendEntries, leader elected after 51ms
2023-06-01 19:12:00,633 [grpc-default-executor-2] WARN  server.GrpcLogAppender (LogUtils.java:warn(122)) - 9ff544a7-6c1c-4ca7-a5dc-e42e2710cacb@group-DBA6A5F258BE->c2c84cb5-dc25-48b6-abcd-2faa62d614c8-AppendLogResponseHandler: Failed appendEntries: org.apache.ratis.thirdparty.io.grpc.StatusRuntimeException: UNAVAILABLE: io exception
2023-06-01 19:12:00,634 [grpc-default-executor-5] WARN  server.GrpcLogAppender (LogUtils.java:warn(122)) - 9ff544a7-6c1c-4ca7-a5dc-e42e2710cacb@group-DBA6A5F258BE->c2c84cb5-dc25-48b6-abcd-2faa62d614c8-AppendLogResponseHandler: Failed appendEntries: org.apache.ratis.thirdparty.io.grpc.StatusRuntimeException: UNAVAILABLE: io exception
2023-06-01 19:12:00,634 [grpc-default-executor-2] INFO  leader.FollowerInfo (FollowerInfoImpl.java:lambda$new$0(52)) - 9ff544a7-6c1c-4ca7-a5dc-e42e2710cacb@group-DBA6A5F258BE->c2c84cb5-dc25-48b6-abcd-2faa62d614c8: decreaseNextIndex nextIndex: updateUnconditionally 1 -> 0
2023-06-01 19:12:00,637 [grpc-default-executor-2] WARN  server.GrpcLogAppender (LogUtils.java:warn(122)) - 9ff544a7-6c1c-4ca7-a5dc-e42e2710cacb@group-DBA6A5F258BE->c2c84cb5-dc25-48b6-abcd-2faa62d614c8-AppendLogResponseHandler: Failed appendEntries: org.apache.ratis.thirdparty.io.grpc.StatusRuntimeException: UNAVAILABLE: io exception
2023-06-01 19:12:00,637 [grpc-default-executor-5] WARN  server.GrpcLogAppender (LogUtils.java:warn(122)) - 9ff544a7-6c1c-4ca7-a5dc-e42e2710cacb@group-DBA6A5F258BE->c2c84cb5-dc25-48b6-abcd-2faa62d614c8-AppendLogResponseHandler: Failed appendEntries: org.apache.ratis.thirdparty.io.grpc.StatusRuntimeException: UNAVAILABLE: io exception
2023-06-01 19:12:00,638 [grpc-default-executor-2] INFO  leader.FollowerInfo (FollowerInfoImpl.java:lambda$new$0(52)) - 9ff544a7-6c1c-4ca7-a5dc-e42e2710cacb@group-DBA6A5F258BE->c2c84cb5-dc25-48b6-abcd-2faa62d614c8: decreaseNextIndex nextIndex: updateUnconditionally 1 -> 0
2023-06-01 19:12:00,645 [grpc-default-executor-2] WARN  server.GrpcLogAppender (LogUtils.java:warn(122)) - 9ff544a7-6c1c-4ca7-a5dc-e42e2710cacb@group-DBA6A5F258BE->c2c84cb5-dc25-48b6-abcd-2faa62d614c8-AppendLogResponseHandler: Failed appendEntries: org.apache.ratis.thirdparty.io.grpc.StatusRuntimeException: UNAVAILABLE: io exception
2023-06-01 19:12:00,645 [grpc-default-executor-6] WARN  server.GrpcLogAppender (LogUtils.java:warn(122)) - 9ff544a7-6c1c-4ca7-a5dc-e42e2710cacb@group-DBA6A5F258BE->c2c84cb5-dc25-48b6-abcd-2faa62d614c8-AppendLogResponseHandler: Failed appendEntries: org.apache.ratis.thirdparty.io.grpc.StatusRuntimeException: UNAVAILABLE: io exception
2023-06-01 19:12:00,645 [aab6e560-2e42-4217-8e7a-cc5f2733e87a-server-thread1] INFO  server.RaftServer$Division (ServerState.java:setRaftConf(434)) - aab6e560-2e42-4217-8e7a-cc5f2733e87a@group-DBA6A5F258BE: set configuration 1: peers:[c2c84cb5-dc25-48b6-abcd-2faa62d614c8|rpc:10.1.0.196:15050|admin:10.1.0.196:15049|client:10.1.0.196:15048|dataStream:10.1.0.196:15051|priority:1|startupRole:FOLLOWER, 9ff544a7-6c1c-4ca7-a5dc-e42e2710cacb|rpc:10.1.0.196:15041|admin:10.1.0.196:15040|client:10.1.0.196:15039|dataStream:10.1.0.196:15042|priority:0|startupRole:FOLLOWER, aab6e560-2e42-4217-8e7a-cc5f2733e87a|rpc:10.1.0.196:15059|admin:10.1.0.196:15058|client:10.1.0.196:15057|dataStream:10.1.0.196:15060|priority:0|startupRole:FOLLOWER]|listeners:[], old=null
2023-06-01 19:12:00,645 [aab6e560-2e42-4217-8e7a-cc5f2733e87a-server-thread1] INFO  segmented.SegmentedRaftLogWorker (SegmentedRaftLogWorker.java:rollLogSegment(452)) - aab6e560-2e42-4217-8e7a-cc5f2733e87a@group-DBA6A5F258BE-SegmentedRaftLogWorker: Rolling segment log-0_0 to index:0
2023-06-01 19:12:00,645 [grpc-default-executor-2] INFO  leader.FollowerInfo (FollowerInfoImpl.java:lambda$new$0(52)) - 9ff544a7-6c1c-4ca7-a5dc-e42e2710cacb@group-DBA6A5F258BE->c2c84cb5-dc25-48b6-abcd-2faa62d614c8: decreaseNextIndex nextIndex: updateUnconditionally 1 -> 0
2023-06-01 19:12:00,646 [aab6e560-2e42-4217-8e7a-cc5f2733e87a@group-DBA6A5F258BE-SegmentedRaftLogWorker] INFO  segmented.SegmentedRaftLogWorker (SegmentedRaftLogWorker.java:execute(608)) - aab6e560-2e42-4217-8e7a-cc5f2733e87a@group-DBA6A5F258BE-SegmentedRaftLogWorker: Rolled log segment from /home/runner/work/ozone/ozone/hadoop-ozone/integration-test/target/test-dir/MiniOzoneClusterImpl-59aba430-7466-43cf-ac60-ffcd1bd17169/datanode-5/data/ratis/5f3f1616-3114-4d92-aa78-dba6a5f258be/current/log_inprogress_0 to /home/runner/work/ozone/ozone/hadoop-ozone/integration-test/target/test-dir/MiniOzoneClusterImpl-59aba430-7466-43cf-ac60-ffcd1bd17169/datanode-5/data/ratis/5f3f1616-3114-4d92-aa78-dba6a5f258be/current/log_0-0
2023-06-01 19:12:00,647 [aab6e560-2e42-4217-8e7a-cc5f2733e87a@group-DBA6A5F258BE-SegmentedRaftLogWorker] INFO  segmented.SegmentedRaftLogWorker (SegmentedRaftLogWorker.java:execute(651)) - aab6e560-2e42-4217-8e7a-cc5f2733e87a@group-DBA6A5F258BE-SegmentedRaftLogWorker: created new log segment /home/runner/work/ozone/ozone/hadoop-ozone/integration-test/target/test-dir/MiniOzoneClusterImpl-59aba430-7466-43cf-ac60-ffcd1bd17169/datanode-5/data/ratis/5f3f1616-3114-4d92-aa78-dba6a5f258be/current/log_inprogress_1
2023-06-01 19:12:00,651 [grpc-default-executor-5] WARN  server.GrpcLogAppender (LogUtils.java:warn(122)) - 9ff544a7-6c1c-4ca7-a5dc-e42e2710cacb@group-DBA6A5F258BE->c2c84cb5-dc25-48b6-abcd-2faa62d614c8-AppendLogResponseHandler: Failed appendEntries: org.apache.ratis.thirdparty.io.grpc.StatusRuntimeException: UNAVAILABLE: io exception
2023-06-01 19:12:00,652 [grpc-default-executor-5] INFO  leader.FollowerInfo (FollowerInfoImpl.java:lambda$new$0(52)) - 9ff544a7-6c1c-4ca7-a5dc-e42e2710cacb@group-DBA6A5F258BE->c2c84cb5-dc25-48b6-abcd-2faa62d614c8: decreaseNextIndex nextIndex: updateUnconditionally 1 -> 0
2023-06-01 19:12:00,653 [grpc-default-executor-6] WARN  server.GrpcLogAppender (LogUtils.java:warn(122)) - 9ff544a7-6c1c-4ca7-a5dc-e42e2710cacb@group-DBA6A5F258BE->c2c84cb5-dc25-48b6-abcd-2faa62d614c8-AppendLogResponseHandler: Failed appendEntries: org.apache.ratis.thirdparty.io.grpc.StatusRuntimeException: UNAVAILABLE: io exception
2023-06-01 19:12:00,656 [grpc-default-executor-6] WARN  server.GrpcLogAppender (LogUtils.java:warn(122)) - 9ff544a7-6c1c-4ca7-a5dc-e42e2710cacb@group-DBA6A5F258BE->c2c84cb5-dc25-48b6-abcd-2faa62d614c8-AppendLogResponseHandler: Failed appendEntries: org.apache.ratis.thirdparty.io.grpc.StatusRuntimeException: UNAVAILABLE: io exception
2023-06-01 19:12:00,656 [grpc-default-executor-5] WARN  server.GrpcLogAppender (LogUtils.java:warn(122)) - 9ff544a7-6c1c-4ca7-a5dc-e42e2710cacb@group-DBA6A5F258BE->c2c84cb5-dc25-48b6-abcd-2faa62d614c8-AppendLogResponseHandler: Failed appendEntries: org.apache.ratis.thirdparty.io.grpc.StatusRuntimeException: UNAVAILABLE: io exception
2023-06-01 19:12:00,656 [grpc-default-executor-6] INFO  leader.FollowerInfo (FollowerInfoImpl.java:lambda$new$0(52)) - 9ff544a7-6c1c-4ca7-a5dc-e42e2710cacb@group-DBA6A5F258BE->c2c84cb5-dc25-48b6-abcd-2faa62d614c8: decreaseNextIndex nextIndex: updateUnconditionally 1 -> 0
2023-06-01 19:12:00,658 [grpc-default-executor-5] WARN  server.GrpcLogAppender (LogUtils.java:warn(122)) - 9ff544a7-6c1c-4ca7-a5dc-e42e2710cacb@group-DBA6A5F258BE->c2c84cb5-dc25-48b6-abcd-2faa62d614c8-AppendLogResponseHandler: Failed appendEntries: org.apache.ratis.thirdparty.io.grpc.StatusRuntimeException: UNAVAILABLE: io exception
2023-06-01 19:12:00,658 [grpc-default-executor-6] WARN  server.GrpcLogAppender (LogUtils.java:warn(122)) - 9ff544a7-6c1c-4ca7-a5dc-e42e2710cacb@group-DBA6A5F258BE->c2c84cb5-dc25-48b6-abcd-2faa62d614c8-AppendLogResponseHandler: Failed appendEntries: org.apache.ratis.thirdparty.io.grpc.StatusRuntimeException: UNAVAILABLE: io exception
2023-06-01 19:12:00,659 [grpc-default-executor-5] INFO  leader.FollowerInfo (FollowerInfoImpl.java:lambda$new$0(52)) - 9ff544a7-6c1c-4ca7-a5dc-e42e2710cacb@group-DBA6A5F258BE->c2c84cb5-dc25-48b6-abcd-2faa62d614c8: decreaseNextIndex nextIndex: updateUnconditionally 1 -> 0
2023-06-01 19:12:00,666 [grpc-default-executor-6] WARN  server.GrpcLogAppender (LogUtils.java:warn(122)) - 9ff544a7-6c1c-4ca7-a5dc-e42e2710cacb@group-DBA6A5F258BE->c2c84cb5-dc25-48b6-abcd-2faa62d614c8-AppendLogResponseHandler: Failed appendEntries: org.apache.ratis.thirdparty.io.grpc.StatusRuntimeException: UNAVAILABLE: io exception
2023-06-01 19:12:00,667 [grpc-default-executor-5] WARN  server.GrpcLogAppender (LogUtils.java:warn(122)) - 9ff544a7-6c1c-4ca7-a5dc-e42e2710cacb@group-DBA6A5F258BE->c2c84cb5-dc25-48b6-abcd-2faa62d614c8-AppendLogResponseHandler: Failed appendEntries: org.apache.ratis.thirdparty.io.grpc.StatusRuntimeException: UNAVAILABLE: io exception
2023-06-01 19:12:00,667 [grpc-default-executor-6] INFO  leader.FollowerInfo (FollowerInfoImpl.java:lambda$new$0(52)) - 9ff544a7-6c1c-4ca7-a5dc-e42e2710cacb@group-DBA6A5F258BE->c2c84cb5-dc25-48b6-abcd-2faa62d614c8: decreaseNextIndex nextIndex: updateUnconditionally 1 -> 0
2023-06-01 19:12:01,348 [grpc-default-executor-5] WARN  server.GrpcLogAppender (LogUtils.java:warn(122)) - 9ff544a7-6c1c-4ca7-a5dc-e42e2710cacb@group-77F4DA91DDA5->c2c84cb5-dc25-48b6-abcd-2faa62d614c8-AppendLogResponseHandler: Failed appendEntries: org.apache.ratis.thirdparty.io.grpc.StatusRuntimeException: UNAVAILABLE: io exception
2023-06-01 19:12:01,348 [grpc-default-executor-6] WARN  server.GrpcLogAppender (LogUtils.java:warn(122)) - 9ff544a7-6c1c-4ca7-a5dc-e42e2710cacb@group-77F4DA91DDA5->c2c84cb5-dc25-48b6-abcd-2faa62d614c8-AppendLogResponseHandler: Failed appendEntries: org.apache.ratis.thirdparty.io.grpc.StatusRuntimeException: UNAVAILABLE: io exception
2023-06-01 19:12:01,349 [grpc-default-executor-5] WARN  server.GrpcLogAppender (GrpcLogAppender.java:resetClient(128)) - 9ff544a7-6c1c-4ca7-a5dc-e42e2710cacb@group-77F4DA91DDA5->c2c84cb5-dc25-48b6-abcd-2faa62d614c8-GrpcLogAppender: Follower failed when matchIndex == 0,  keep nextIndex (1) unchanged and retry.
2023-06-01 19:12:01,351 [grpc-default-executor-6] WARN  server.GrpcLogAppender (GrpcLogAppender.java:resetClient(128)) - 9ff544a7-6c1c-4ca7-a5dc-e42e2710cacb@group-77F4DA91DDA5->c2c84cb5-dc25-48b6-abcd-2faa62d614c8-GrpcLogAppender: Follower failed when matchIndex == 0,  keep nextIndex (1) unchanged and retry.
2023-06-01 19:12:01,487 [Command processor thread] INFO  keyvalue.KeyValueContainer (KeyValueContainer.java:flushAndSyncDB(446)) - Container 2 is synced with bcsId 0.
2023-06-01 19:12:01,487 [Command processor thread] INFO  keyvalue.KeyValueContainer (KeyValueContainer.java:flushAndSyncDB(446)) - Container 2 is synced with bcsId 0.
2023-06-01 19:12:01,493 [Command processor thread] INFO  keyvalue.KeyValueContainer (KeyValueContainer.java:close(361)) - Container 2 is closed with bcsId 0.
2023-06-01 19:12:01,509 [Command processor thread] INFO  keyvalue.KeyValueContainer (KeyValueContainer.java:flushAndSyncDB(446)) - Container 2 is synced with bcsId 0.
2023-06-01 19:12:01,509 [Command processor thread] INFO  keyvalue.KeyValueContainer (KeyValueContainer.java:flushAndSyncDB(446)) - Container 2 is synced with bcsId 0.
2023-06-01 19:12:01,515 [Command processor thread] INFO  keyvalue.KeyValueContainer (KeyValueContainer.java:close(361)) - Container 2 is closed with bcsId 0.
2023-06-01 19:12:01,516 [FixedThreadPoolWithAffinityExecutor-1-0] INFO  container.IncrementalContainerReportHandler (AbstractContainerReportHandler.java:updateContainerState(310)) - Moving container #2 to CLOSED state, datanode fac1c7af-03c1-44bd-b323-3796df9c2435(fv-az163-187.kzyshwy3mise5klwsllqwzgzyb.cx.internal.cloudapp.net/10.1.0.196) reported CLOSED replica with index 4.
2023-06-01 19:12:01,519 [main] INFO  replication.ReplicationManager (ReplicationManager.java:stop(332)) - Stopping Replication Monitor Thread.
2023-06-01 19:12:01,519 [ReplicationMonitor] INFO  replication.ReplicationManager (ReplicationManager.java:run(937)) - Replication Monitor Thread is stopped
2023-06-01 19:12:01,519 [Over Replicated Processor] WARN  replication.UnhealthyReplicationProcessor (UnhealthyReplicationProcessor.java:run(167)) - Over Replicated Processor interrupted. Exiting...
2023-06-01 19:12:01,519 [Under Replicated Processor] WARN  replication.UnhealthyReplicationProcessor (UnhealthyReplicationProcessor.java:run(167)) - Under Replicated Processor interrupted. Exiting...
2023-06-01 19:12:01,570 [EventQueue-DeadNodeForDeadNodeHandler] INFO  node.DeadNodeHandler (DeadNodeHandler.java:onMessage(83)) - A dead datanode is detected. c2c84cb5-dc25-48b6-abcd-2faa62d614c8(fv-az163-187.kzyshwy3mise5klwsllqwzgzyb.cx.internal.cloudapp.net/10.1.0.196)
2023-06-01 19:12:01,570 [EventQueue-DeadNodeForDeadNodeHandler] INFO  pipeline.RatisPipelineProvider (RatisPipelineProvider.java:lambda$close$4(272)) - Send pipeline:PipelineID=6e41ae53-72be-45c9-b061-adab8af979ca close command to datanode c2c84cb5-dc25-48b6-abcd-2faa62d614c8
2023-06-01 19:12:01,570 [EventQueue-DeadNodeForDeadNodeHandler] INFO  pipeline.PipelineStateManagerImpl (PipelineStateManagerImpl.java:removePipeline(245)) - Pipeline Pipeline[ Id: 6e41ae53-72be-45c9-b061-adab8af979ca, Nodes: c2c84cb5-dc25-48b6-abcd-2faa62d614c8(fv-az163-187.kzyshwy3mise5klwsllqwzgzyb.cx.internal.cloudapp.net/10.1.0.196), ReplicationConfig: RATIS/ONE, State:CLOSED, leaderId:c2c84cb5-dc25-48b6-abcd-2faa62d614c8, CreationTimestamp2023-06-01T19:11:06.672Z[Etc/UTC]] removed.
2023-06-01 19:12:01,570 [EventQueue-DeadNodeForDeadNodeHandler] INFO  pipeline.PipelineStateManagerImpl (PipelineStateManagerImpl.java:removePipeline(245)) - Pipeline Pipeline[ Id: f0f77054-d8ea-4714-a7af-e0534dc8e845, Nodes: c2c84cb5-dc25-48b6-abcd-2faa62d614c8(fv-az163-187.kzyshwy3mise5klwsllqwzgzyb.cx.internal.cloudapp.net/10.1.0.196)b39db728-622c-42ae-954c-bd0dbc524ba7(fv-az163-187.kzyshwy3mise5klwsllqwzgzyb.cx.internal.cloudapp.net/10.1.0.196)9ff544a7-6c1c-4ca7-a5dc-e42e2710cacb(fv-az163-187.kzyshwy3mise5klwsllqwzgzyb.cx.internal.cloudapp.net/10.1.0.196)fac1c7af-03c1-44bd-b323-3796df9c2435(fv-az163-187.kzyshwy3mise5klwsllqwzgzyb.cx.internal.cloudapp.net/10.1.0.196)9125f905-aa43-4d0f-845d-e6cfd4dab0cd(fv-az163-187.kzyshwy3mise5klwsllqwzgzyb.cx.internal.cloudapp.net/10.1.0.196), ReplicationConfig: EC{rs-3-2-1024k}, State:CLOSED, leaderId:, CreationTimestamp2023-06-01T19:11:54.404Z[Etc/UTC]] removed.
2023-06-01 19:12:01,571 [EventQueue-DeadNodeForDeadNodeHandler] INFO  pipeline.RatisPipelineProvider (RatisPipelineProvider.java:lambda$close$4(272)) - Send pipeline:PipelineID=5f3f1616-3114-4d92-aa78-dba6a5f258be close command to datanode c2c84cb5-dc25-48b6-abcd-2faa62d614c8
2023-06-01 19:12:01,571 [EventQueue-DeadNodeForDeadNodeHandler] INFO  pipeline.RatisPipelineProvider (RatisPipelineProvider.java:lambda$close$4(272)) - Send pipeline:PipelineID=5f3f1616-3114-4d92-aa78-dba6a5f258be close command to datanode 9ff544a7-6c1c-4ca7-a5dc-e42e2710cacb
2023-06-01 19:12:01,571 [EventQueue-DeadNodeForDeadNodeHandler] INFO  pipeline.RatisPipelineProvider (RatisPipelineProvider.java:lambda$close$4(272)) - Send pipeline:PipelineID=5f3f1616-3114-4d92-aa78-dba6a5f258be close command to datanode aab6e560-2e42-4217-8e7a-cc5f2733e87a
2023-06-01 19:12:01,571 [EventQueue-DeadNodeForDeadNodeHandler] INFO  pipeline.PipelineStateManagerImpl (PipelineStateManagerImpl.java:removePipeline(245)) - Pipeline Pipeline[ Id: 5f3f1616-3114-4d92-aa78-dba6a5f258be, Nodes: c2c84cb5-dc25-48b6-abcd-2faa62d614c8(fv-az163-187.kzyshwy3mise5klwsllqwzgzyb.cx.internal.cloudapp.net/10.1.0.196)9ff544a7-6c1c-4ca7-a5dc-e42e2710cacb(fv-az163-187.kzyshwy3mise5klwsllqwzgzyb.cx.internal.cloudapp.net/10.1.0.196)aab6e560-2e42-4217-8e7a-cc5f2733e87a(fv-az163-187.kzyshwy3mise5klwsllqwzgzyb.cx.internal.cloudapp.net/10.1.0.196), ReplicationConfig: RATIS/THREE, State:CLOSED, leaderId:9ff544a7-6c1c-4ca7-a5dc-e42e2710cacb, CreationTimestamp2023-06-01T19:11:07.041Z[Etc/UTC]] removed.
2023-06-01 19:12:01,571 [EventQueue-DeadNodeForDeadNodeHandler] INFO  pipeline.RatisPipelineProvider (RatisPipelineProvider.java:lambda$close$4(272)) - Send pipeline:PipelineID=dcaac02a-ac5c-44f1-b323-77f4da91dda5 close command to datanode 9ff544a7-6c1c-4ca7-a5dc-e42e2710cacb
2023-06-01 19:12:01,571 [EventQueue-DeadNodeForDeadNodeHandler] INFO  pipeline.RatisPipelineProvider (RatisPipelineProvider.java:lambda$close$4(272)) - Send pipeline:PipelineID=dcaac02a-ac5c-44f1-b323-77f4da91dda5 close command to datanode c2c84cb5-dc25-48b6-abcd-2faa62d614c8
2023-06-01 19:12:01,571 [EventQueue-DeadNodeForDeadNodeHandler] INFO  pipeline.RatisPipelineProvider (RatisPipelineProvider.java:lambda$close$4(272)) - Send pipeline:PipelineID=dcaac02a-ac5c-44f1-b323-77f4da91dda5 close command to datanode aab6e560-2e42-4217-8e7a-cc5f2733e87a
2023-06-01 19:12:01,571 [EventQueue-DeadNodeForDeadNodeHandler] INFO  pipeline.PipelineStateManagerImpl (PipelineStateManagerImpl.java:removePipeline(245)) - Pipeline Pipeline[ Id: dcaac02a-ac5c-44f1-b323-77f4da91dda5, Nodes: 9ff544a7-6c1c-4ca7-a5dc-e42e2710cacb(fv-az163-187.kzyshwy3mise5klwsllqwzgzyb.cx.internal.cloudapp.net/10.1.0.196)c2c84cb5-dc25-48b6-abcd-2faa62d614c8(fv-az163-187.kzyshwy3mise5klwsllqwzgzyb.cx.internal.cloudapp.net/10.1.0.196)aab6e560-2e42-4217-8e7a-cc5f2733e87a(fv-az163-187.kzyshwy3mise5klwsllqwzgzyb.cx.internal.cloudapp.net/10.1.0.196), ReplicationConfig: RATIS/THREE, State:CLOSED, leaderId:9ff544a7-6c1c-4ca7-a5dc-e42e2710cacb, CreationTimestamp2023-06-01T19:11:07.039Z[Etc/UTC]] removed.
2023-06-01 19:12:01,571 [EventQueue-DeadNodeForDeadNodeHandler] INFO  node.DeadNodeHandler (DeadNodeHandler.java:onMessage(96)) - Clearing command queue of size 1 for DN c2c84cb5-dc25-48b6-abcd-2faa62d614c8(fv-az163-187.kzyshwy3mise5klwsllqwzgzyb.cx.internal.cloudapp.net/10.1.0.196)
2023-06-01 19:12:01,571 [EventQueue-DeadNodeForDeadNodeHandler] INFO  net.NetworkTopologyImpl (NetworkTopologyImpl.java:remove(190)) - Removed a node: /default-rack/c2c84cb5-dc25-48b6-abcd-2faa62d614c8
2023-06-01 19:12:01,619 [main] INFO  replication.ReplicationManager (ReplicationManager.java:start(299)) - Starting Replication Monitor Thread.
2023-06-01 19:12:01,631 [ReplicationMonitor] INFO  replication.ReplicationManager (ReplicationManager.java:sendDatanodeCommand(677)) - Sending command [closeContainerCommand: containerID: 2, pipelineID: PipelineID=f0f77054-d8ea-4714-a7af-e0534dc8e845, force: true] for container ContainerInfo{id=#2, state=CLOSED, pipelineID=PipelineID=f0f77054-d8ea-4714-a7af-e0534dc8e845, stateEnterTime=2023-06-01T19:11:54.405Z, owner=om1} to 9ff544a7-6c1c-4ca7-a5dc-e42e2710cacb(fv-az163-187.kzyshwy3mise5klwsllqwzgzyb.cx.internal.cloudapp.net/10.1.0.196) with datanode deadline 1685647291631 and scm deadline 1685647321631
2023-06-01 19:12:01,632 [ReplicationMonitor] INFO  replication.ReplicationManager (ReplicationManager.java:sendDatanodeCommand(677)) - Sending command [closeContainerCommand: containerID: 2, pipelineID: PipelineID=f0f77054-d8ea-4714-a7af-e0534dc8e845, force: true] for container ContainerInfo{id=#2, state=CLOSED, pipelineID=PipelineID=f0f77054-d8ea-4714-a7af-e0534dc8e845, stateEnterTime=2023-06-01T19:11:54.405Z, owner=om1} to 9125f905-aa43-4d0f-845d-e6cfd4dab0cd(fv-az163-187.kzyshwy3mise5klwsllqwzgzyb.cx.internal.cloudapp.net/10.1.0.196) with datanode deadline 1685647291632 and scm deadline 1685647321632
2023-06-01 19:12:01,632 [ReplicationMonitor] INFO  replication.ReplicationManager (ReplicationManager.java:processAll(402)) - Replication Monitor Thread took 1 milliseconds for processing 2 containers.
2023-06-01 19:12:01,873 [grpc-default-executor-6] WARN  server.GrpcLogAppender (LogUtils.java:warn(122)) - 9ff544a7-6c1c-4ca7-a5dc-e42e2710cacb@group-DBA6A5F258BE->c2c84cb5-dc25-48b6-abcd-2faa62d614c8-AppendLogResponseHandler: Failed appendEntries: org.apache.ratis.thirdparty.io.grpc.StatusRuntimeException: UNAVAILABLE: io exception
2023-06-01 19:12:01,874 [grpc-default-executor-5] WARN  server.GrpcLogAppender (LogUtils.java:warn(122)) - 9ff544a7-6c1c-4ca7-a5dc-e42e2710cacb@group-DBA6A5F258BE->c2c84cb5-dc25-48b6-abcd-2faa62d614c8-AppendLogResponseHandler: Failed appendEntries: org.apache.ratis.thirdparty.io.grpc.StatusRuntimeException: UNAVAILABLE: io exception
2023-06-01 19:12:01,884 [grpc-default-executor-5] WARN  server.GrpcLogAppender (LogUtils.java:warn(122)) - 9ff544a7-6c1c-4ca7-a5dc-e42e2710cacb@group-DBA6A5F258BE->c2c84cb5-dc25-48b6-abcd-2faa62d614c8-AppendLogResponseHandler: Failed appendEntries: org.apache.ratis.thirdparty.io.grpc.StatusRuntimeException: UNAVAILABLE: io exception
2023-06-01 19:12:01,884 [grpc-default-executor-6] WARN  server.GrpcLogAppender (LogUtils.java:warn(122)) - 9ff544a7-6c1c-4ca7-a5dc-e42e2710cacb@group-DBA6A5F258BE->c2c84cb5-dc25-48b6-abcd-2faa62d614c8-AppendLogResponseHandler: Failed appendEntries: org.apache.ratis.thirdparty.io.grpc.StatusRuntimeException: UNAVAILABLE: io exception
2023-06-01 19:12:01,884 [grpc-default-executor-5] INFO  leader.FollowerInfo (FollowerInfoImpl.java:lambda$new$0(52)) - 9ff544a7-6c1c-4ca7-a5dc-e42e2710cacb@group-DBA6A5F258BE->c2c84cb5-dc25-48b6-abcd-2faa62d614c8: decreaseNextIndex nextIndex: updateUnconditionally 1 -> 0
2023-06-01 19:12:02,496 [Command processor thread] INFO  keyvalue.KeyValueContainer (KeyValueContainer.java:flushAndSyncDB(446)) - Container 2 is synced with bcsId 0.
2023-06-01 19:12:02,496 [Command processor thread] INFO  keyvalue.KeyValueContainer (KeyValueContainer.java:flushAndSyncDB(446)) - Container 2 is synced with bcsId 0.
2023-06-01 19:12:02,499 [Command processor thread] INFO  keyvalue.KeyValueContainer (KeyValueContainer.java:close(361)) - Container 2 is closed with bcsId 0.
2023-06-01 19:12:02,499 [PipelineCommandHandlerThread-0] INFO  server.RaftServer (RaftServerProxy.java:remove(109)) - 9ff544a7-6c1c-4ca7-a5dc-e42e2710cacb: remove    LEADER 9ff544a7-6c1c-4ca7-a5dc-e42e2710cacb@group-DBA6A5F258BE:t2, leader=9ff544a7-6c1c-4ca7-a5dc-e42e2710cacb, voted=9ff544a7-6c1c-4ca7-a5dc-e42e2710cacb, raftlog=Memoized:9ff544a7-6c1c-4ca7-a5dc-e42e2710cacb@group-DBA6A5F258BE-SegmentedRaftLog:OPENED:c2, conf=1: peers:[c2c84cb5-dc25-48b6-abcd-2faa62d614c8|rpc:10.1.0.196:15050|admin:10.1.0.196:15049|client:10.1.0.196:15048|dataStream:10.1.0.196:15051|priority:1|startupRole:FOLLOWER, 9ff544a7-6c1c-4ca7-a5dc-e42e2710cacb|rpc:10.1.0.196:15041|admin:10.1.0.196:15040|client:10.1.0.196:15039|dataStream:10.1.0.196:15042|priority:0|startupRole:FOLLOWER, aab6e560-2e42-4217-8e7a-cc5f2733e87a|rpc:10.1.0.196:15059|admin:10.1.0.196:15058|client:10.1.0.196:15057|dataStream:10.1.0.196:15060|priority:0|startupRole:FOLLOWER]|listeners:[], old=null RUNNING
2023-06-01 19:12:02,500 [PipelineCommandHandlerThread-0] INFO  server.RaftServer$Division (RaftServerImpl.java:lambda$close$4(466)) - 9ff544a7-6c1c-4ca7-a5dc-e42e2710cacb@group-DBA6A5F258BE: shutdown
2023-06-01 19:12:02,500 [PipelineCommandHandlerThread-0] INFO  util.JmxRegister (JmxRegister.java:unregister(73)) - Successfully un-registered JMX Bean with object name Ratis:service=RaftServer,group=group-DBA6A5F258BE,id=9ff544a7-6c1c-4ca7-a5dc-e42e2710cacb
2023-06-01 19:12:02,500 [PipelineCommandHandlerThread-0] INFO  impl.RoleInfo (RoleInfo.java:shutdownLeaderState(93)) - 9ff544a7-6c1c-4ca7-a5dc-e42e2710cacb: shutdown 9ff544a7-6c1c-4ca7-a5dc-e42e2710cacb@group-DBA6A5F258BE-LeaderStateImpl
2023-06-01 19:12:02,500 [PipelineCommandHandlerThread-0] INFO  impl.PendingRequests (PendingRequests.java:sendNotLeaderResponses(289)) - 9ff544a7-6c1c-4ca7-a5dc-e42e2710cacb@group-DBA6A5F258BE-PendingRequests: sendNotLeaderResponses
2023-06-01 19:12:02,500 [9ff544a7-6c1c-4ca7-a5dc-e42e2710cacb@group-DBA6A5F258BE->c2c84cb5-dc25-48b6-abcd-2faa62d614c8-GrpcLogAppender-LogAppenderDaemon] WARN  server.GrpcLogAppender (GrpcLogAppender.java:mayWait(199)) - 9ff544a7-6c1c-4ca7-a5dc-e42e2710cacb@group-DBA6A5F258BE->c2c84cb5-dc25-48b6-abcd-2faa62d614c8-GrpcLogAppender: Wait interrupted by java.lang.InterruptedException
2023-06-01 19:12:02,502 [9ff544a7-6c1c-4ca7-a5dc-e42e2710cacb@group-DBA6A5F258BE->aab6e560-2e42-4217-8e7a-cc5f2733e87a-GrpcLogAppender-LogAppenderDaemon] WARN  server.GrpcLogAppender (GrpcLogAppender.java:mayWait(199)) - 9ff544a7-6c1c-4ca7-a5dc-e42e2710cacb@group-DBA6A5F258BE->aab6e560-2e42-4217-8e7a-cc5f2733e87a-GrpcLogAppender: Wait interrupted by java.lang.InterruptedException
2023-06-01 19:12:02,503 [grpc-default-executor-5] INFO  server.GrpcServerProtocolService (GrpcServerProtocolService.java:onCompleted(155)) - aab6e560-2e42-4217-8e7a-cc5f2733e87a: Completed APPEND_ENTRIES, lastRequest: null
2023-06-01 19:12:02,503 [grpc-default-executor-6] INFO  server.GrpcServerProtocolService (GrpcServerProtocolService.java:onCompleted(155)) - aab6e560-2e42-4217-8e7a-cc5f2733e87a: Completed APPEND_ENTRIES, lastRequest: 9ff544a7-6c1c-4ca7-a5dc-e42e2710cacb->aab6e560-2e42-4217-8e7a-cc5f2733e87a#2-t2,previous=(t:2, i:1),leaderCommit=1,initializing? true,entries: size=1, first=(t:2, i:2), METADATAENTRY(c:1)
2023-06-01 19:12:02,503 [grpc-default-executor-6] INFO  server.GrpcServerProtocolService (GrpcServerProtocolService.java:lambda$onCompleted$5(157)) - aab6e560-2e42-4217-8e7a-cc5f2733e87a: Completed APPEND_ENTRIES, lastReply: null
2023-06-01 19:12:02,503 [grpc-default-executor-5] INFO  server.GrpcServerProtocolService (GrpcServerProtocolService.java:lambda$onCompleted$5(157)) - aab6e560-2e42-4217-8e7a-cc5f2733e87a: Completed APPEND_ENTRIES, lastReply: serverReply {
  requestorId: "9ff544a7-6c1c-4ca7-a5dc-e42e2710cacb"
  replyId: "aab6e560-2e42-4217-8e7a-cc5f2733e87a"
  raftGroupId {
    id: "_?\026\0261\024M\222\252x\333\246\245\362X\276"
  }
  success: true
}
term: 2
nextIndex: 1
matchIndex: 18446744073709551615
isHearbeat: true

2023-06-01 19:12:02,504 [grpc-default-executor-5] INFO  server.GrpcLogAppender (GrpcLogAppender.java:onCompleted(428)) - 9ff544a7-6c1c-4ca7-a5dc-e42e2710cacb@group-DBA6A5F258BE->aab6e560-2e42-4217-8e7a-cc5f2733e87a-AppendLogResponseHandler: follower responses appendEntries COMPLETED
2023-06-01 19:12:02,504 [grpc-default-executor-5] INFO  leader.FollowerInfo (FollowerInfoImpl.java:lambda$new$0(52)) - 9ff544a7-6c1c-4ca7-a5dc-e42e2710cacb@group-DBA6A5F258BE->aab6e560-2e42-4217-8e7a-cc5f2733e87a: decreaseNextIndex nextIndex: updateUnconditionally 3 -> 2
2023-06-01 19:12:02,504 [grpc-default-executor-6] INFO  server.GrpcLogAppender (GrpcLogAppender.java:onCompleted(428)) - 9ff544a7-6c1c-4ca7-a5dc-e42e2710cacb@group-DBA6A5F258BE->aab6e560-2e42-4217-8e7a-cc5f2733e87a-AppendLogResponseHandler: follower responses appendEntries COMPLETED
2023-06-01 19:12:02,504 [grpc-default-executor-6] INFO  leader.FollowerInfo (FollowerInfoImpl.java:lambda$new$0(52)) - 9ff544a7-6c1c-4ca7-a5dc-e42e2710cacb@group-DBA6A5F258BE->aab6e560-2e42-4217-8e7a-cc5f2733e87a: decreaseNextIndex nextIndex: updateUnconditionally 2 -> 1
2023-06-01 19:12:02,506 [PipelineCommandHandlerThread-0] INFO  impl.StateMachineUpdater (StateMachineUpdater.java:stopAndJoin(155)) - 9ff544a7-6c1c-4ca7-a5dc-e42e2710cacb@group-DBA6A5F258BE-StateMachineUpdater: set stopIndex = 2
2023-06-01 19:12:02,506 [9ff544a7-6c1c-4ca7-a5dc-e42e2710cacb@group-DBA6A5F258BE-StateMachineUpdater] INFO  ratis.ContainerStateMachine (ContainerStateMachine.java:takeSnapshot(330)) - group-DBA6A5F258BE: Taking a snapshot at:(t:2, i:2) file /home/runner/work/ozone/ozone/hadoop-ozone/integration-test/target/test-dir/MiniOzoneClusterImpl-59aba430-7466-43cf-ac60-ffcd1bd17169/datanode-3/data/ratis/5f3f1616-3114-4d92-aa78-dba6a5f258be/sm/snapshot.2_2
2023-06-01 19:12:02,508 [9ff544a7-6c1c-4ca7-a5dc-e42e2710cacb@group-DBA6A5F258BE-StateMachineUpdater] INFO  ratis.ContainerStateMachine (ContainerStateMachine.java:takeSnapshot(341)) - group-DBA6A5F258BE: Finished taking a snapshot at:(t:2, i:2) file:/home/runner/work/ozone/ozone/hadoop-ozone/integration-test/target/test-dir/MiniOzoneClusterImpl-59aba430-7466-43cf-ac60-ffcd1bd17169/datanode-3/data/ratis/5f3f1616-3114-4d92-aa78-dba6a5f258be/sm/snapshot.2_2 took: 2 ms
2023-06-01 19:12:02,508 [9ff544a7-6c1c-4ca7-a5dc-e42e2710cacb@group-DBA6A5F258BE-StateMachineUpdater] INFO  impl.StateMachineUpdater (StateMachineUpdater.java:takeSnapshot(291)) - 9ff544a7-6c1c-4ca7-a5dc-e42e2710cacb@group-DBA6A5F258BE-StateMachineUpdater: Took a snapshot at index 2
2023-06-01 19:12:02,508 [9ff544a7-6c1c-4ca7-a5dc-e42e2710cacb@group-DBA6A5F258BE-StateMachineUpdater] INFO  impl.StateMachineUpdater (StateMachineUpdater.java:lambda$new$0(97)) - 9ff544a7-6c1c-4ca7-a5dc-e42e2710cacb@group-DBA6A5F258BE-StateMachineUpdater: snapshotIndex: updateIncreasingly -1 -> 2
2023-06-01 19:12:02,509 [PipelineCommandHandlerThread-0] INFO  server.RaftServer$Division (ServerState.java:close(472)) - 9ff544a7-6c1c-4ca7-a5dc-e42e2710cacb@group-DBA6A5F258BE: closes. applyIndex: 2
2023-06-01 19:12:02,510 [Command processor thread] INFO  keyvalue.KeyValueContainer (KeyValueContainer.java:flushAndSyncDB(446)) - Container 2 is synced with bcsId 0.
2023-06-01 19:12:02,510 [Command processor thread] INFO  keyvalue.KeyValueContainer (KeyValueContainer.java:flushAndSyncDB(446)) - Container 2 is synced with bcsId 0.
2023-06-01 19:12:02,513 [Command processor thread] INFO  keyvalue.KeyValueContainer (KeyValueContainer.java:close(361)) - Container 2 is closed with bcsId 0.
2023-06-01 19:12:02,599 [grpc-default-executor-6] WARN  server.GrpcLogAppender (LogUtils.java:warn(122)) - 9ff544a7-6c1c-4ca7-a5dc-e42e2710cacb@group-77F4DA91DDA5->c2c84cb5-dc25-48b6-abcd-2faa62d614c8-AppendLogResponseHandler: Failed appendEntries: org.apache.ratis.thirdparty.io.grpc.StatusRuntimeException: UNAVAILABLE: io exception
2023-06-01 19:12:02,599 [grpc-default-executor-5] WARN  server.GrpcLogAppender (LogUtils.java:warn(122)) - 9ff544a7-6c1c-4ca7-a5dc-e42e2710cacb@group-77F4DA91DDA5->c2c84cb5-dc25-48b6-abcd-2faa62d614c8-AppendLogResponseHandler: Failed appendEntries: org.apache.ratis.thirdparty.io.grpc.StatusRuntimeException: UNAVAILABLE: io exception
2023-06-01 19:12:02,600 [grpc-default-executor-6] WARN  server.GrpcLogAppender (GrpcLogAppender.java:resetClient(128)) - 9ff544a7-6c1c-4ca7-a5dc-e42e2710cacb@group-77F4DA91DDA5->c2c84cb5-dc25-48b6-abcd-2faa62d614c8-GrpcLogAppender: Follower failed when matchIndex == 0,  keep nextIndex (1) unchanged and retry.
2023-06-01 19:12:02,601 [grpc-default-executor-5] WARN  server.GrpcLogAppender (GrpcLogAppender.java:resetClient(128)) - 9ff544a7-6c1c-4ca7-a5dc-e42e2710cacb@group-77F4DA91DDA5->c2c84cb5-dc25-48b6-abcd-2faa62d614c8-GrpcLogAppender: Follower failed when matchIndex == 0,  keep nextIndex (1) unchanged and retry.
2023-06-01 19:12:02,655 [PipelineCommandHandlerThread-0] INFO  segmented.SegmentedRaftLogWorker (SegmentedRaftLogWorker.java:close(252)) - 9ff544a7-6c1c-4ca7-a5dc-e42e2710cacb@group-DBA6A5F258BE-SegmentedRaftLogWorker close()
2023-06-01 19:12:02,657 [PipelineCommandHandlerThread-0] INFO  server.RaftServer$Division (RaftServerImpl.java:groupRemove(436)) - 9ff544a7-6c1c-4ca7-a5dc-e42e2710cacb@group-DBA6A5F258BE: Succeed to remove RaftStorageDirectory Storage Directory /home/runner/work/ozone/ozone/hadoop-ozone/integration-test/target/test-dir/MiniOzoneClusterImpl-59aba430-7466-43cf-ac60-ffcd1bd17169/datanode-3/data/ratis/5f3f1616-3114-4d92-aa78-dba6a5f258be
2023-06-01 19:12:02,657 [PipelineCommandHandlerThread-0] INFO  commandhandler.ClosePipelineCommandHandler (ClosePipelineCommandHandler.java:lambda$handle$0(87)) - Close Pipeline PipelineID=5f3f1616-3114-4d92-aa78-dba6a5f258be command on datanode 9ff544a7-6c1c-4ca7-a5dc-e42e2710cacb.
2023-06-01 19:12:02,657 [PipelineCommandHandlerThread-0] INFO  server.RaftServer (RaftServerProxy.java:remove(109)) - 9ff544a7-6c1c-4ca7-a5dc-e42e2710cacb: remove    LEADER 9ff544a7-6c1c-4ca7-a5dc-e42e2710cacb@group-77F4DA91DDA5:t1, leader=9ff544a7-6c1c-4ca7-a5dc-e42e2710cacb, voted=9ff544a7-6c1c-4ca7-a5dc-e42e2710cacb, raftlog=Memoized:9ff544a7-6c1c-4ca7-a5dc-e42e2710cacb@group-77F4DA91DDA5-SegmentedRaftLog:OPENED:c0, conf=0: peers:[c2c84cb5-dc25-48b6-abcd-2faa62d614c8|rpc:10.1.0.196:15050|admin:10.1.0.196:15049|client:10.1.0.196:15048|dataStream:10.1.0.196:15051|priority:0|startupRole:FOLLOWER, 9ff544a7-6c1c-4ca7-a5dc-e42e2710cacb|rpc:10.1.0.196:15041|admin:10.1.0.196:15040|client:10.1.0.196:15039|dataStream:10.1.0.196:15042|priority:1|startupRole:FOLLOWER, aab6e560-2e42-4217-8e7a-cc5f2733e87a|rpc:10.1.0.196:15059|admin:10.1.0.196:15058|client:10.1.0.196:15057|dataStream:10.1.0.196:15060|priority:0|startupRole:FOLLOWER]|listeners:[], old=null RUNNING
2023-06-01 19:12:02,657 [PipelineCommandHandlerThread-0] INFO  server.RaftServer$Division (RaftServerImpl.java:lambda$close$4(466)) - 9ff544a7-6c1c-4ca7-a5dc-e42e2710cacb@group-77F4DA91DDA5: shutdown
2023-06-01 19:12:02,657 [PipelineCommandHandlerThread-0] INFO  util.JmxRegister (JmxRegister.java:unregister(73)) - Successfully un-registered JMX Bean with object name Ratis:service=RaftServer,group=group-77F4DA91DDA5,id=9ff544a7-6c1c-4ca7-a5dc-e42e2710cacb
2023-06-01 19:12:02,657 [PipelineCommandHandlerThread-0] INFO  impl.RoleInfo (RoleInfo.java:shutdownLeaderState(93)) - 9ff544a7-6c1c-4ca7-a5dc-e42e2710cacb: shutdown 9ff544a7-6c1c-4ca7-a5dc-e42e2710cacb@group-77F4DA91DDA5-LeaderStateImpl
2023-06-01 19:12:02,658 [PipelineCommandHandlerThread-0] INFO  impl.PendingRequests (PendingRequests.java:sendNotLeaderResponses(289)) - 9ff544a7-6c1c-4ca7-a5dc-e42e2710cacb@group-77F4DA91DDA5-PendingRequests: sendNotLeaderResponses
2023-06-01 19:12:02,658 [PipelineCommandHandlerThread-0] INFO  impl.StateMachineUpdater (StateMachineUpdater.java:stopAndJoin(155)) - 9ff544a7-6c1c-4ca7-a5dc-e42e2710cacb@group-77F4DA91DDA5-StateMachineUpdater: set stopIndex = 0
2023-06-01 19:12:02,658 [9ff544a7-6c1c-4ca7-a5dc-e42e2710cacb@group-77F4DA91DDA5->c2c84cb5-dc25-48b6-abcd-2faa62d614c8-GrpcLogAppender-LogAppenderDaemon] WARN  server.GrpcLogAppender (GrpcLogAppender.java:mayWait(199)) - 9ff544a7-6c1c-4ca7-a5dc-e42e2710cacb@group-77F4DA91DDA5->c2c84cb5-dc25-48b6-abcd-2faa62d614c8-GrpcLogAppender: Wait interrupted by java.lang.InterruptedException
2023-06-01 19:12:02,658 [9ff544a7-6c1c-4ca7-a5dc-e42e2710cacb@group-77F4DA91DDA5->aab6e560-2e42-4217-8e7a-cc5f2733e87a-GrpcLogAppender-LogAppenderDaemon] WARN  server.GrpcLogAppender (GrpcLogAppender.java:mayWait(199)) - 9ff544a7-6c1c-4ca7-a5dc-e42e2710cacb@group-77F4DA91DDA5->aab6e560-2e42-4217-8e7a-cc5f2733e87a-GrpcLogAppender: Wait interrupted by java.lang.InterruptedException
2023-06-01 19:12:02,658 [9ff544a7-6c1c-4ca7-a5dc-e42e2710cacb@group-77F4DA91DDA5-StateMachineUpdater] INFO  ratis.ContainerStateMachine (ContainerStateMachine.java:takeSnapshot(330)) - group-77F4DA91DDA5: Taking a snapshot at:(t:1, i:0) file /home/runner/work/ozone/ozone/hadoop-ozone/integration-test/target/test-dir/MiniOzoneClusterImpl-59aba430-7466-43cf-ac60-ffcd1bd17169/datanode-3/data/ratis/dcaac02a-ac5c-44f1-b323-77f4da91dda5/sm/snapshot.1_0
2023-06-01 19:12:02,660 [grpc-default-executor-5] INFO  server.GrpcServerProtocolService (GrpcServerProtocolService.java:onCompleted(155)) - aab6e560-2e42-4217-8e7a-cc5f2733e87a: Completed APPEND_ENTRIES, lastRequest: 9ff544a7-6c1c-4ca7-a5dc-e42e2710cacb->aab6e560-2e42-4217-8e7a-cc5f2733e87a#1-t1,previous=(t:0, i:0),leaderCommit=-1,initializing? true,entries: size=1, first=(t:1, i:0), CONFIGURATIONENTRY(current:id: "c2c84cb5-dc25-48b6-abcd-2faa62d614c8"
address: "10.1.0.196:15050"
dataStreamAddress: "10.1.0.196:15051"
clientAddress: "10.1.0.196:15048"
adminAddress: "10.1.0.196:15049"
startupRole: FOLLOWER
,id: "9ff544a7-6c1c-4ca7-a5dc-e42e2710cacb"
address: "10.1.0.196:15041"
priority: 1
dataStreamAddress: "10.1.0.196:15042"
clientAddress: "10.1.0.196:15039"
adminAddress: "10.1.0.196:15040"
startupRole: FOLLOWER
,id: "aab6e560-2e42-4217-8e7a-cc5f2733e87a"
address: "10.1.0.196:15059"
dataStreamAddress: "10.1.0.196:15060"
clientAddress: "10.1.0.196:15057"
adminAddress: "10.1.0.196:15058"
startupRole: FOLLOWER
, old:)
2023-06-01 19:12:02,660 [grpc-default-executor-5] INFO  server.GrpcServerProtocolService (GrpcServerProtocolService.java:lambda$onCompleted$5(157)) - aab6e560-2e42-4217-8e7a-cc5f2733e87a: Completed APPEND_ENTRIES, lastReply: null
2023-06-01 19:12:02,660 [grpc-default-executor-6] INFO  server.GrpcServerProtocolService (GrpcServerProtocolService.java:onCompleted(155)) - aab6e560-2e42-4217-8e7a-cc5f2733e87a: Completed APPEND_ENTRIES, lastRequest: null
2023-06-01 19:12:02,660 [grpc-default-executor-6] INFO  server.GrpcServerProtocolService (GrpcServerProtocolService.java:lambda$onCompleted$5(157)) - aab6e560-2e42-4217-8e7a-cc5f2733e87a: Completed APPEND_ENTRIES, lastReply: serverReply {
  requestorId: "9ff544a7-6c1c-4ca7-a5dc-e42e2710cacb"
  replyId: "aab6e560-2e42-4217-8e7a-cc5f2733e87a"
  raftGroupId {
    id: "\334\252\300*\254\\D\361\263#w\364\332\221\335\245"
  }
  callId: 22
  success: true
}
term: 1
nextIndex: 1
matchIndex: 18446744073709551615
isHearbeat: true

2023-06-01 19:12:02,661 [grpc-default-executor-2] INFO  server.GrpcLogAppender (GrpcLogAppender.java:onCompleted(428)) - 9ff544a7-6c1c-4ca7-a5dc-e42e2710cacb@group-77F4DA91DDA5->aab6e560-2e42-4217-8e7a-cc5f2733e87a-AppendLogResponseHandler: follower responses appendEntries COMPLETED
2023-06-01 19:12:02,661 [grpc-default-executor-2] INFO  leader.FollowerInfo (FollowerInfoImpl.java:lambda$new$0(52)) - 9ff544a7-6c1c-4ca7-a5dc-e42e2710cacb@group-77F4DA91DDA5->aab6e560-2e42-4217-8e7a-cc5f2733e87a: decreaseNextIndex nextIndex: updateUnconditionally 1 -> 0
2023-06-01 19:12:02,661 [9ff544a7-6c1c-4ca7-a5dc-e42e2710cacb@group-77F4DA91DDA5-StateMachineUpdater] INFO  ratis.ContainerStateMachine (ContainerStateMachine.java:takeSnapshot(341)) - group-77F4DA91DDA5: Finished taking a snapshot at:(t:1, i:0) file:/home/runner/work/ozone/ozone/hadoop-ozone/integration-test/target/test-dir/MiniOzoneClusterImpl-59aba430-7466-43cf-ac60-ffcd1bd17169/datanode-3/data/ratis/dcaac02a-ac5c-44f1-b323-77f4da91dda5/sm/snapshot.1_0 took: 3 ms
2023-06-01 19:12:02,662 [9ff544a7-6c1c-4ca7-a5dc-e42e2710cacb@group-77F4DA91DDA5-StateMachineUpdater] INFO  impl.StateMachineUpdater (StateMachineUpdater.java:takeSnapshot(291)) - 9ff544a7-6c1c-4ca7-a5dc-e42e2710cacb@group-77F4DA91DDA5-StateMachineUpdater: Took a snapshot at index 0
2023-06-01 19:12:02,662 [9ff544a7-6c1c-4ca7-a5dc-e42e2710cacb@group-77F4DA91DDA5-StateMachineUpdater] INFO  impl.StateMachineUpdater (StateMachineUpdater.java:lambda$new$0(97)) - 9ff544a7-6c1c-4ca7-a5dc-e42e2710cacb@group-77F4DA91DDA5-StateMachineUpdater: snapshotIndex: updateIncreasingly -1 -> 0
2023-06-01 19:12:02,662 [PipelineCommandHandlerThread-0] INFO  server.RaftServer$Division (ServerState.java:close(472)) - 9ff544a7-6c1c-4ca7-a5dc-e42e2710cacb@group-77F4DA91DDA5: closes. applyIndex: 0
2023-06-01 19:12:02,663 [grpc-default-executor-3] INFO  server.GrpcLogAppender (GrpcLogAppender.java:onCompleted(428)) - 9ff544a7-6c1c-4ca7-a5dc-e42e2710cacb@group-77F4DA91DDA5->aab6e560-2e42-4217-8e7a-cc5f2733e87a-AppendLogResponseHandler: follower responses appendEntries COMPLETED
2023-06-01 19:12:02,964 [PipelineCommandHandlerThread-0] INFO  segmented.SegmentedRaftLogWorker (SegmentedRaftLogWorker.java:close(252)) - 9ff544a7-6c1c-4ca7-a5dc-e42e2710cacb@group-77F4DA91DDA5-SegmentedRaftLogWorker close()
2023-06-01 19:12:02,966 [PipelineCommandHandlerThread-0] INFO  server.RaftServer$Division (RaftServerImpl.java:groupRemove(436)) - 9ff544a7-6c1c-4ca7-a5dc-e42e2710cacb@group-77F4DA91DDA5: Succeed to remove RaftStorageDirectory Storage Directory /home/runner/work/ozone/ozone/hadoop-ozone/integration-test/target/test-dir/MiniOzoneClusterImpl-59aba430-7466-43cf-ac60-ffcd1bd17169/datanode-3/data/ratis/dcaac02a-ac5c-44f1-b323-77f4da91dda5
2023-06-01 19:12:02,966 [PipelineCommandHandlerThread-0] INFO  commandhandler.ClosePipelineCommandHandler (ClosePipelineCommandHandler.java:lambda$handle$0(87)) - Close Pipeline PipelineID=dcaac02a-ac5c-44f1-b323-77f4da91dda5 command on datanode 9ff544a7-6c1c-4ca7-a5dc-e42e2710cacb.
2023-06-01 19:12:03,462 [PipelineCommandHandlerThread-0] INFO  server.RaftServer (RaftServerProxy.java:remove(109)) - aab6e560-2e42-4217-8e7a-cc5f2733e87a: remove  FOLLOWER aab6e560-2e42-4217-8e7a-cc5f2733e87a@group-DBA6A5F258BE:t2, leader=9ff544a7-6c1c-4ca7-a5dc-e42e2710cacb, voted=9ff544a7-6c1c-4ca7-a5dc-e42e2710cacb, raftlog=Memoized:aab6e560-2e42-4217-8e7a-cc5f2733e87a@group-DBA6A5F258BE-SegmentedRaftLog:OPENED:c1, conf=1: peers:[c2c84cb5-dc25-48b6-abcd-2faa62d614c8|rpc:10.1.0.196:15050|admin:10.1.0.196:15049|client:10.1.0.196:15048|dataStream:10.1.0.196:15051|priority:1|startupRole:FOLLOWER, 9ff544a7-6c1c-4ca7-a5dc-e42e2710cacb|rpc:10.1.0.196:15041|admin:10.1.0.196:15040|client:10.1.0.196:15039|dataStream:10.1.0.196:15042|priority:0|startupRole:FOLLOWER, aab6e560-2e42-4217-8e7a-cc5f2733e87a|rpc:10.1.0.196:15059|admin:10.1.0.196:15058|client:10.1.0.196:15057|dataStream:10.1.0.196:15060|priority:0|startupRole:FOLLOWER]|listeners:[], old=null RUNNING
2023-06-01 19:12:03,462 [PipelineCommandHandlerThread-0] INFO  server.RaftServer$Division (RaftServerImpl.java:lambda$close$4(466)) - aab6e560-2e42-4217-8e7a-cc5f2733e87a@group-DBA6A5F258BE: shutdown
2023-06-01 19:12:03,462 [PipelineCommandHandlerThread-0] INFO  util.JmxRegister (JmxRegister.java:unregister(73)) - Successfully un-registered JMX Bean with object name Ratis:service=RaftServer,group=group-DBA6A5F258BE,id=aab6e560-2e42-4217-8e7a-cc5f2733e87a
2023-06-01 19:12:03,463 [PipelineCommandHandlerThread-0] INFO  impl.RoleInfo (RoleInfo.java:shutdownFollowerState(110)) - aab6e560-2e42-4217-8e7a-cc5f2733e87a: shutdown aab6e560-2e42-4217-8e7a-cc5f2733e87a@group-DBA6A5F258BE-FollowerState
2023-06-01 19:12:03,463 [PipelineCommandHandlerThread-0] INFO  impl.StateMachineUpdater (StateMachineUpdater.java:stopAndJoin(155)) - aab6e560-2e42-4217-8e7a-cc5f2733e87a@group-DBA6A5F258BE-StateMachineUpdater: set stopIndex = 1
2023-06-01 19:12:03,463 [aab6e560-2e42-4217-8e7a-cc5f2733e87a@group-DBA6A5F258BE-FollowerState] INFO  impl.FollowerState (FollowerState.java:run(152)) - aab6e560-2e42-4217-8e7a-cc5f2733e87a@group-DBA6A5F258BE-FollowerState was interrupted
2023-06-01 19:12:03,465 [aab6e560-2e42-4217-8e7a-cc5f2733e87a@group-DBA6A5F258BE-StateMachineUpdater] INFO  ratis.ContainerStateMachine (ContainerStateMachine.java:takeSnapshot(330)) - group-DBA6A5F258BE: Taking a snapshot at:(t:2, i:1) file /home/runner/work/ozone/ozone/hadoop-ozone/integration-test/target/test-dir/MiniOzoneClusterImpl-59aba430-7466-43cf-ac60-ffcd1bd17169/datanode-5/data/ratis/5f3f1616-3114-4d92-aa78-dba6a5f258be/sm/snapshot.2_1
2023-06-01 19:12:03,465 [aab6e560-2e42-4217-8e7a-cc5f2733e87a@group-DBA6A5F258BE-StateMachineUpdater] INFO  ratis.ContainerStateMachine (ContainerStateMachine.java:takeSnapshot(341)) - group-DBA6A5F258BE: Finished taking a snapshot at:(t:2, i:1) file:/home/runner/work/ozone/ozone/hadoop-ozone/integration-test/target/test-dir/MiniOzoneClusterImpl-59aba430-7466-43cf-ac60-ffcd1bd17169/datanode-5/data/ratis/5f3f1616-3114-4d92-aa78-dba6a5f258be/sm/snapshot.2_1 took: 1 ms
2023-06-01 19:12:03,467 [aab6e560-2e42-4217-8e7a-cc5f2733e87a@group-DBA6A5F258BE-StateMachineUpdater] INFO  impl.StateMachineUpdater (StateMachineUpdater.java:takeSnapshot(291)) - aab6e560-2e42-4217-8e7a-cc5f2733e87a@group-DBA6A5F258BE-StateMachineUpdater: Took a snapshot at index 1
2023-06-01 19:12:03,467 [aab6e560-2e42-4217-8e7a-cc5f2733e87a@group-DBA6A5F258BE-StateMachineUpdater] INFO  impl.StateMachineUpdater (StateMachineUpdater.java:lambda$new$0(97)) - aab6e560-2e42-4217-8e7a-cc5f2733e87a@group-DBA6A5F258BE-StateMachineUpdater: snapshotIndex: updateIncreasingly -1 -> 1
2023-06-01 19:12:03,468 [PipelineCommandHandlerThread-0] INFO  server.RaftServer$Division (ServerState.java:close(472)) - aab6e560-2e42-4217-8e7a-cc5f2733e87a@group-DBA6A5F258BE: closes. applyIndex: 1
2023-06-01 19:12:03,658 [PipelineCommandHandlerThread-0] INFO  segmented.SegmentedRaftLogWorker (SegmentedRaftLogWorker.java:close(252)) - aab6e560-2e42-4217-8e7a-cc5f2733e87a@group-DBA6A5F258BE-SegmentedRaftLogWorker close()
2023-06-01 19:12:03,660 [PipelineCommandHandlerThread-0] INFO  server.RaftServer$Division (RaftServerImpl.java:groupRemove(436)) - aab6e560-2e42-4217-8e7a-cc5f2733e87a@group-DBA6A5F258BE: Succeed to remove RaftStorageDirectory Storage Directory /home/runner/work/ozone/ozone/hadoop-ozone/integration-test/target/test-dir/MiniOzoneClusterImpl-59aba430-7466-43cf-ac60-ffcd1bd17169/datanode-5/data/ratis/5f3f1616-3114-4d92-aa78-dba6a5f258be
2023-06-01 19:12:03,660 [PipelineCommandHandlerThread-0] INFO  commandhandler.ClosePipelineCommandHandler (ClosePipelineCommandHandler.java:lambda$handle$0(87)) - Close Pipeline PipelineID=5f3f1616-3114-4d92-aa78-dba6a5f258be command on datanode aab6e560-2e42-4217-8e7a-cc5f2733e87a.
2023-06-01 19:12:03,660 [PipelineCommandHandlerThread-0] INFO  server.RaftServer (RaftServerProxy.java:remove(109)) - aab6e560-2e42-4217-8e7a-cc5f2733e87a: remove  FOLLOWER aab6e560-2e42-4217-8e7a-cc5f2733e87a@group-77F4DA91DDA5:t1, leader=9ff544a7-6c1c-4ca7-a5dc-e42e2710cacb, voted=9ff544a7-6c1c-4ca7-a5dc-e42e2710cacb, raftlog=Memoized:aab6e560-2e42-4217-8e7a-cc5f2733e87a@group-77F4DA91DDA5-SegmentedRaftLog:OPENED:c0, conf=0: peers:[c2c84cb5-dc25-48b6-abcd-2faa62d614c8|rpc:10.1.0.196:15050|admin:10.1.0.196:15049|client:10.1.0.196:15048|dataStream:10.1.0.196:15051|priority:0|startupRole:FOLLOWER, 9ff544a7-6c1c-4ca7-a5dc-e42e2710cacb|rpc:10.1.0.196:15041|admin:10.1.0.196:15040|client:10.1.0.196:15039|dataStream:10.1.0.196:15042|priority:1|startupRole:FOLLOWER, aab6e560-2e42-4217-8e7a-cc5f2733e87a|rpc:10.1.0.196:15059|admin:10.1.0.196:15058|client:10.1.0.196:15057|dataStream:10.1.0.196:15060|priority:0|startupRole:FOLLOWER]|listeners:[], old=null RUNNING
2023-06-01 19:12:03,660 [PipelineCommandHandlerThread-0] INFO  server.RaftServer$Division (RaftServerImpl.java:lambda$close$4(466)) - aab6e560-2e42-4217-8e7a-cc5f2733e87a@group-77F4DA91DDA5: shutdown
2023-06-01 19:12:03,660 [PipelineCommandHandlerThread-0] INFO  util.JmxRegister (JmxRegister.java:unregister(73)) - Successfully un-registered JMX Bean with object name Ratis:service=RaftServer,group=group-77F4DA91DDA5,id=aab6e560-2e42-4217-8e7a-cc5f2733e87a
2023-06-01 19:12:03,660 [PipelineCommandHandlerThread-0] INFO  impl.RoleInfo (RoleInfo.java:shutdownFollowerState(110)) - aab6e560-2e42-4217-8e7a-cc5f2733e87a: shutdown aab6e560-2e42-4217-8e7a-cc5f2733e87a@group-77F4DA91DDA5-FollowerState
2023-06-01 19:12:03,660 [PipelineCommandHandlerThread-0] INFO  impl.StateMachineUpdater (StateMachineUpdater.java:stopAndJoin(155)) - aab6e560-2e42-4217-8e7a-cc5f2733e87a@group-77F4DA91DDA5-StateMachineUpdater: set stopIndex = 0
2023-06-01 19:12:03,661 [aab6e560-2e42-4217-8e7a-cc5f2733e87a@group-77F4DA91DDA5-FollowerState] INFO  impl.FollowerState (FollowerState.java:run(152)) - aab6e560-2e42-4217-8e7a-cc5f2733e87a@group-77F4DA91DDA5-FollowerState was interrupted
2023-06-01 19:12:03,661 [aab6e560-2e42-4217-8e7a-cc5f2733e87a@group-77F4DA91DDA5-StateMachineUpdater] INFO  ratis.ContainerStateMachine (ContainerStateMachine.java:takeSnapshot(330)) - group-77F4DA91DDA5: Taking a snapshot at:(t:1, i:0) file /home/runner/work/ozone/ozone/hadoop-ozone/integration-test/target/test-dir/MiniOzoneClusterImpl-59aba430-7466-43cf-ac60-ffcd1bd17169/datanode-5/data/ratis/dcaac02a-ac5c-44f1-b323-77f4da91dda5/sm/snapshot.1_0
2023-06-01 19:12:03,662 [aab6e560-2e42-4217-8e7a-cc5f2733e87a@group-77F4DA91DDA5-StateMachineUpdater] INFO  ratis.ContainerStateMachine (ContainerStateMachine.java:takeSnapshot(341)) - group-77F4DA91DDA5: Finished taking a snapshot at:(t:1, i:0) file:/home/runner/work/ozone/ozone/hadoop-ozone/integration-test/target/test-dir/MiniOzoneClusterImpl-59aba430-7466-43cf-ac60-ffcd1bd17169/datanode-5/data/ratis/dcaac02a-ac5c-44f1-b323-77f4da91dda5/sm/snapshot.1_0 took: 1 ms
2023-06-01 19:12:03,662 [aab6e560-2e42-4217-8e7a-cc5f2733e87a@group-77F4DA91DDA5-StateMachineUpdater] INFO  impl.StateMachineUpdater (StateMachineUpdater.java:takeSnapshot(291)) - aab6e560-2e42-4217-8e7a-cc5f2733e87a@group-77F4DA91DDA5-StateMachineUpdater: Took a snapshot at index 0
2023-06-01 19:12:03,662 [aab6e560-2e42-4217-8e7a-cc5f2733e87a@group-77F4DA91DDA5-StateMachineUpdater] INFO  impl.StateMachineUpdater (StateMachineUpdater.java:lambda$new$0(97)) - aab6e560-2e42-4217-8e7a-cc5f2733e87a@group-77F4DA91DDA5-StateMachineUpdater: snapshotIndex: updateIncreasingly -1 -> 0
2023-06-01 19:12:03,663 [PipelineCommandHandlerThread-0] INFO  server.RaftServer$Division (ServerState.java:close(472)) - aab6e560-2e42-4217-8e7a-cc5f2733e87a@group-77F4DA91DDA5: closes. applyIndex: 0
2023-06-01 19:12:03,764 [BlockDeletingService#0] INFO  interfaces.ContainerDeletionChoosingPolicyTemplate (ContainerDeletionChoosingPolicyTemplate.java:chooseContainerForBlockDeletion(83)) - Chosen 0/5000 blocks from 0 candidate containers.
2023-06-01 19:12:04,029 [PipelineCommandHandlerThread-0] INFO  segmented.SegmentedRaftLogWorker (SegmentedRaftLogWorker.java:close(252)) - aab6e560-2e42-4217-8e7a-cc5f2733e87a@group-77F4DA91DDA5-SegmentedRaftLogWorker close()
2023-06-01 19:12:04,031 [PipelineCommandHandlerThread-0] INFO  server.RaftServer$Division (RaftServerImpl.java:groupRemove(436)) - aab6e560-2e42-4217-8e7a-cc5f2733e87a@group-77F4DA91DDA5: Succeed to remove RaftStorageDirectory Storage Directory /home/runner/work/ozone/ozone/hadoop-ozone/integration-test/target/test-dir/MiniOzoneClusterImpl-59aba430-7466-43cf-ac60-ffcd1bd17169/datanode-5/data/ratis/dcaac02a-ac5c-44f1-b323-77f4da91dda5
2023-06-01 19:12:04,032 [PipelineCommandHandlerThread-0] INFO  commandhandler.ClosePipelineCommandHandler (ClosePipelineCommandHandler.java:lambda$handle$0(87)) - Close Pipeline PipelineID=dcaac02a-ac5c-44f1-b323-77f4da91dda5 command on datanode aab6e560-2e42-4217-8e7a-cc5f2733e87a.
2023-06-01 19:12:04,087 [BlockDeletingService#0] INFO  interfaces.ContainerDeletionChoosingPolicyTemplate (ContainerDeletionChoosingPolicyTemplate.java:chooseContainerForBlockDeletion(83)) - Chosen 0/5000 blocks from 0 candidate containers.
2023-06-01 19:12:04,441 [BlockDeletingService#0] INFO  interfaces.ContainerDeletionChoosingPolicyTemplate (ContainerDeletionChoosingPolicyTemplate.java:chooseContainerForBlockDeletion(83)) - Chosen 0/5000 blocks from 0 candidate containers.
2023-06-01 19:12:05,091 [BlockDeletingService#0] INFO  interfaces.ContainerDeletionChoosingPolicyTemplate (ContainerDeletionChoosingPolicyTemplate.java:chooseContainerForBlockDeletion(83)) - Chosen 0/5000 blocks from 0 candidate containers.
2023-06-01 19:12:05,491 [BlockDeletingService#0] INFO  interfaces.ContainerDeletionChoosingPolicyTemplate (ContainerDeletionChoosingPolicyTemplate.java:chooseContainerForBlockDeletion(83)) - Chosen 0/5000 blocks from 0 candidate containers.
2023-06-01 19:12:05,892 [BlockDeletingService#0] INFO  interfaces.ContainerDeletionChoosingPolicyTemplate (ContainerDeletionChoosingPolicyTemplate.java:chooseContainerForBlockDeletion(83)) - Chosen 0/5000 blocks from 0 candidate containers.
2023-06-01 19:12:06,235 [BlockDeletingService#0] INFO  interfaces.ContainerDeletionChoosingPolicyTemplate (ContainerDeletionChoosingPolicyTemplate.java:chooseContainerForBlockDeletion(83)) - Chosen 0/5000 blocks from 0 candidate containers.
2023-06-01 19:12:06,561 [BlockDeletingService#0] INFO  interfaces.ContainerDeletionChoosingPolicyTemplate (ContainerDeletionChoosingPolicyTemplate.java:chooseContainerForBlockDeletion(83)) - Chosen 0/5000 blocks from 0 candidate containers.
2023-06-01 19:12:11,626 [Under Replicated Processor] INFO  replication.ReplicationManager (ReplicationManager.java:sendDatanodeCommand(677)) - Sending command [reconstructECContainersCommand: containerID: 1, replicationConfig: EC{rs-3-2-1024k}, sources: [9125f905-aa43-4d0f-845d-e6cfd4dab0cd(fv-az163-187.kzyshwy3mise5klwsllqwzgzyb.cx.internal.cloudapp.net/10.1.0.196) replicaIndex: 2, 9ff544a7-6c1c-4ca7-a5dc-e42e2710cacb(fv-az163-187.kzyshwy3mise5klwsllqwzgzyb.cx.internal.cloudapp.net/10.1.0.196) replicaIndex: 3, b39db728-622c-42ae-954c-bd0dbc524ba7(fv-az163-187.kzyshwy3mise5klwsllqwzgzyb.cx.internal.cloudapp.net/10.1.0.196) replicaIndex: 4, c686f304-079c-4e24-9d21-fd4c36dc1242(fv-az163-187.kzyshwy3mise5klwsllqwzgzyb.cx.internal.cloudapp.net/10.1.0.196) replicaIndex: 5], targets: [d78dd883-3e4c-45aa-98b2-e8ffdf2e22af(fv-az163-187.kzyshwy3mise5klwsllqwzgzyb.cx.internal.cloudapp.net/10.1.0.196)], missingIndexes: [1]] for container ContainerInfo{id=#1, state=CLOSED, pipelineID=PipelineID=26401357-b866-4ecb-8421-6e92065ebe92, stateEnterTime=2023-06-01T19:11:15.513Z, owner=om1} to d78dd883-3e4c-45aa-98b2-e8ffdf2e22af(fv-az163-187.kzyshwy3mise5klwsllqwzgzyb.cx.internal.cloudapp.net/10.1.0.196) with datanode deadline 1685647301626 and scm deadline 1685647331626
2023-06-01 19:12:11,627 [Under Replicated Processor] INFO  replication.ReplicationManager (ReplicationManager.java:sendDatanodeCommand(677)) - Sending command [reconstructECContainersCommand: containerID: 2, replicationConfig: EC{rs-3-2-1024k}, sources: [b39db728-622c-42ae-954c-bd0dbc524ba7(fv-az163-187.kzyshwy3mise5klwsllqwzgzyb.cx.internal.cloudapp.net/10.1.0.196) replicaIndex: 2, 9ff544a7-6c1c-4ca7-a5dc-e42e2710cacb(fv-az163-187.kzyshwy3mise5klwsllqwzgzyb.cx.internal.cloudapp.net/10.1.0.196) replicaIndex: 3, fac1c7af-03c1-44bd-b323-3796df9c2435(fv-az163-187.kzyshwy3mise5klwsllqwzgzyb.cx.internal.cloudapp.net/10.1.0.196) replicaIndex: 4, 9125f905-aa43-4d0f-845d-e6cfd4dab0cd(fv-az163-187.kzyshwy3mise5klwsllqwzgzyb.cx.internal.cloudapp.net/10.1.0.196) replicaIndex: 5], targets: [d78dd883-3e4c-45aa-98b2-e8ffdf2e22af(fv-az163-187.kzyshwy3mise5klwsllqwzgzyb.cx.internal.cloudapp.net/10.1.0.196)], missingIndexes: [1]] for container ContainerInfo{id=#2, state=CLOSED, pipelineID=PipelineID=f0f77054-d8ea-4714-a7af-e0534dc8e845, stateEnterTime=2023-06-01T19:11:54.405Z, owner=om1} to d78dd883-3e4c-45aa-98b2-e8ffdf2e22af(fv-az163-187.kzyshwy3mise5klwsllqwzgzyb.cx.internal.cloudapp.net/10.1.0.196) with datanode deadline 1685647301627 and scm deadline 1685647331627
2023-06-01 19:12:11,627 [Under Replicated Processor] INFO  replication.UnhealthyReplicationProcessor (UnhealthyReplicationProcessor.java:processAll(131)) - Processed 2 containers with health state counts {UNDER_REPLICATED=2}, failed processing 0
2023-06-01 19:12:11,632 [ReplicationMonitor] INFO  replication.ReplicationManager (ReplicationManager.java:processAll(402)) - Replication Monitor Thread took 0 milliseconds for processing 2 containers.
2023-06-01 19:12:12,988 [ContainerReplicationThread-0] INFO  reconstruction.ECReconstructionCoordinatorTask (ECReconstructionCoordinatorTask.java:runTask(65)) - IN_PROGRESS reconstructECContainersCommand: containerID=1, replication=rs-3-2-1024k, missingIndexes=[1], sources={2=9125f905-aa43-4d0f-845d-e6cfd4dab0cd(fv-az163-187.kzyshwy3mise5klwsllqwzgzyb.cx.internal.cloudapp.net/10.1.0.196), 3=9ff544a7-6c1c-4ca7-a5dc-e42e2710cacb(fv-az163-187.kzyshwy3mise5klwsllqwzgzyb.cx.internal.cloudapp.net/10.1.0.196), 4=b39db728-622c-42ae-954c-bd0dbc524ba7(fv-az163-187.kzyshwy3mise5klwsllqwzgzyb.cx.internal.cloudapp.net/10.1.0.196), 5=c686f304-079c-4e24-9d21-fd4c36dc1242(fv-az163-187.kzyshwy3mise5klwsllqwzgzyb.cx.internal.cloudapp.net/10.1.0.196)}, targets={1=d78dd883-3e4c-45aa-98b2-e8ffdf2e22af(fv-az163-187.kzyshwy3mise5klwsllqwzgzyb.cx.internal.cloudapp.net/10.1.0.196)}
2023-06-01 19:12:12,992 [ContainerReplicationThread-1] INFO  reconstruction.ECReconstructionCoordinatorTask (ECReconstructionCoordinatorTask.java:runTask(65)) - IN_PROGRESS reconstructECContainersCommand: containerID=2, replication=rs-3-2-1024k, missingIndexes=[1], sources={2=b39db728-622c-42ae-954c-bd0dbc524ba7(fv-az163-187.kzyshwy3mise5klwsllqwzgzyb.cx.internal.cloudapp.net/10.1.0.196), 3=9ff544a7-6c1c-4ca7-a5dc-e42e2710cacb(fv-az163-187.kzyshwy3mise5klwsllqwzgzyb.cx.internal.cloudapp.net/10.1.0.196), 4=fac1c7af-03c1-44bd-b323-3796df9c2435(fv-az163-187.kzyshwy3mise5klwsllqwzgzyb.cx.internal.cloudapp.net/10.1.0.196), 5=9125f905-aa43-4d0f-845d-e6cfd4dab0cd(fv-az163-187.kzyshwy3mise5klwsllqwzgzyb.cx.internal.cloudapp.net/10.1.0.196)}, targets={1=d78dd883-3e4c-45aa-98b2-e8ffdf2e22af(fv-az163-187.kzyshwy3mise5klwsllqwzgzyb.cx.internal.cloudapp.net/10.1.0.196)}
2023-06-01 19:12:14,098 [StaleRecoveringContainerScrubbingService#4] WARN  keyvalue.KeyValueContainer (KeyValueContainer.java:markContainerUnhealthy(348)) - Moving container /home/runner/work/ozone/ozone/hadoop-ozone/integration-test/target/test-dir/MiniOzoneClusterImpl-59aba430-7466-43cf-ac60-ffcd1bd17169/datanode-2/data-0/containers/hdds/59aba430-7466-43cf-ac60-ffcd1bd17169/current/containerDir0/1 to state UNHEALTHY from state:RECOVERING
2023-06-01 19:12:14,099 [StaleRecoveringContainerScrubbingService#4] INFO  background.StaleRecoveringContainerScrubbingService (StaleRecoveringContainerScrubbingService.java:call(91)) - Stale recovering container 1 marked UNHEALTHY
2023-06-01 19:12:21,633 [ReplicationMonitor] INFO  replication.ReplicationManager (ReplicationManager.java:processAll(402)) - Replication Monitor Thread took 1 milliseconds for processing 2 containers.
2023-06-01 19:12:31,630 [Under Replicated Processor] INFO  replication.ReplicationManager (ReplicationManager.java:sendDatanodeCommand(677)) - Sending command [reconstructECContainersCommand: containerID: 1, replicationConfig: EC{rs-3-2-1024k}, sources: [9125f905-aa43-4d0f-845d-e6cfd4dab0cd(fv-az163-187.kzyshwy3mise5klwsllqwzgzyb.cx.internal.cloudapp.net/10.1.0.196) replicaIndex: 2, 9ff544a7-6c1c-4ca7-a5dc-e42e2710cacb(fv-az163-187.kzyshwy3mise5klwsllqwzgzyb.cx.internal.cloudapp.net/10.1.0.196) replicaIndex: 3, b39db728-622c-42ae-954c-bd0dbc524ba7(fv-az163-187.kzyshwy3mise5klwsllqwzgzyb.cx.internal.cloudapp.net/10.1.0.196) replicaIndex: 4, c686f304-079c-4e24-9d21-fd4c36dc1242(fv-az163-187.kzyshwy3mise5klwsllqwzgzyb.cx.internal.cloudapp.net/10.1.0.196) replicaIndex: 5], targets: [fac1c7af-03c1-44bd-b323-3796df9c2435(fv-az163-187.kzyshwy3mise5klwsllqwzgzyb.cx.internal.cloudapp.net/10.1.0.196)], missingIndexes: [1]] for container ContainerInfo{id=#1, state=CLOSED, pipelineID=PipelineID=26401357-b866-4ecb-8421-6e92065ebe92, stateEnterTime=2023-06-01T19:11:15.513Z, owner=om1} to fac1c7af-03c1-44bd-b323-3796df9c2435(fv-az163-187.kzyshwy3mise5klwsllqwzgzyb.cx.internal.cloudapp.net/10.1.0.196) with datanode deadline 1685647321630 and scm deadline 1685647351630
2023-06-01 19:12:31,630 [Under Replicated Processor] INFO  replication.UnhealthyReplicationProcessor (UnhealthyReplicationProcessor.java:processAll(131)) - Processed 1 containers with health state counts {UNDER_REPLICATED=1}, failed processing 0
2023-06-01 19:12:31,633 [ReplicationMonitor] INFO  replication.ReplicationManager (ReplicationManager.java:processAll(402)) - Replication Monitor Thread took 0 milliseconds for processing 2 containers.
2023-06-01 19:12:33,521 [ContainerReplicationThread-0] INFO  reconstruction.ECReconstructionCoordinatorTask (ECReconstructionCoordinatorTask.java:runTask(65)) - IN_PROGRESS reconstructECContainersCommand: containerID=1, replication=rs-3-2-1024k, missingIndexes=[1], sources={2=9125f905-aa43-4d0f-845d-e6cfd4dab0cd(fv-az163-187.kzyshwy3mise5klwsllqwzgzyb.cx.internal.cloudapp.net/10.1.0.196), 3=9ff544a7-6c1c-4ca7-a5dc-e42e2710cacb(fv-az163-187.kzyshwy3mise5klwsllqwzgzyb.cx.internal.cloudapp.net/10.1.0.196), 4=b39db728-622c-42ae-954c-bd0dbc524ba7(fv-az163-187.kzyshwy3mise5klwsllqwzgzyb.cx.internal.cloudapp.net/10.1.0.196), 5=c686f304-079c-4e24-9d21-fd4c36dc1242(fv-az163-187.kzyshwy3mise5klwsllqwzgzyb.cx.internal.cloudapp.net/10.1.0.196)}, targets={1=fac1c7af-03c1-44bd-b323-3796df9c2435(fv-az163-187.kzyshwy3mise5klwsllqwzgzyb.cx.internal.cloudapp.net/10.1.0.196)}
2023-06-01 19:12:37,124 [BlockDeletingService#0] INFO  interfaces.ContainerDeletionChoosingPolicyTemplate (ContainerDeletionChoosingPolicyTemplate.java:chooseContainerForBlockDeletion(83)) - Chosen 0/5000 blocks from 0 candidate containers.
2023-06-01 19:12:37,131 [StaleRecoveringContainerScrubbingService#0] WARN  keyvalue.KeyValueContainer (KeyValueContainer.java:markContainerUnhealthy(348)) - Moving container /home/runner/work/ozone/ozone/hadoop-ozone/integration-test/target/test-dir/MiniOzoneClusterImpl-59aba430-7466-43cf-ac60-ffcd1bd17169/datanode-0/data-0/containers/hdds/59aba430-7466-43cf-ac60-ffcd1bd17169/current/containerDir0/1 to state UNHEALTHY from state:RECOVERING
2023-06-01 19:12:37,131 [StaleRecoveringContainerScrubbingService#0] INFO  background.StaleRecoveringContainerScrubbingService (StaleRecoveringContainerScrubbingService.java:call(91)) - Stale recovering container 1 marked UNHEALTHY
2023-06-01 19:12:41,634 [ReplicationMonitor] INFO  replication.ReplicationManager (ReplicationManager.java:processAll(402)) - Replication Monitor Thread took 1 milliseconds for processing 2 containers.
2023-06-01 19:12:51,633 [Under Replicated Processor] INFO  replication.ReplicationManager (ReplicationManager.java:sendDatanodeCommand(677)) - Sending command [reconstructECContainersCommand: containerID: 1, replicationConfig: EC{rs-3-2-1024k}, sources: [9125f905-aa43-4d0f-845d-e6cfd4dab0cd(fv-az163-187.kzyshwy3mise5klwsllqwzgzyb.cx.internal.cloudapp.net/10.1.0.196) replicaIndex: 2, 9ff544a7-6c1c-4ca7-a5dc-e42e2710cacb(fv-az163-187.kzyshwy3mise5klwsllqwzgzyb.cx.internal.cloudapp.net/10.1.0.196) replicaIndex: 3, b39db728-622c-42ae-954c-bd0dbc524ba7(fv-az163-187.kzyshwy3mise5klwsllqwzgzyb.cx.internal.cloudapp.net/10.1.0.196) replicaIndex: 4, c686f304-079c-4e24-9d21-fd4c36dc1242(fv-az163-187.kzyshwy3mise5klwsllqwzgzyb.cx.internal.cloudapp.net/10.1.0.196) replicaIndex: 5], targets: [36cbda38-693f-49bb-be1a-3256c6faae50(fv-az163-187.kzyshwy3mise5klwsllqwzgzyb.cx.internal.cloudapp.net/10.1.0.196)], missingIndexes: [1]] for container ContainerInfo{id=#1, state=CLOSED, pipelineID=PipelineID=26401357-b866-4ecb-8421-6e92065ebe92, stateEnterTime=2023-06-01T19:11:15.513Z, owner=om1} to 36cbda38-693f-49bb-be1a-3256c6faae50(fv-az163-187.kzyshwy3mise5klwsllqwzgzyb.cx.internal.cloudapp.net/10.1.0.196) with datanode deadline 1685647341632 and scm deadline 1685647371632
2023-06-01 19:12:51,633 [Under Replicated Processor] INFO  replication.UnhealthyReplicationProcessor (UnhealthyReplicationProcessor.java:processAll(131)) - Processed 1 containers with health state counts {UNDER_REPLICATED=1}, failed processing 0
2023-06-01 19:12:51,634 [ReplicationMonitor] INFO  replication.ReplicationManager (ReplicationManager.java:processAll(402)) - Replication Monitor Thread took 0 milliseconds for processing 2 containers.
2023-06-01 19:12:53,768 [ContainerReplicationThread-0] INFO  reconstruction.ECReconstructionCoordinatorTask (ECReconstructionCoordinatorTask.java:runTask(65)) - IN_PROGRESS reconstructECContainersCommand: containerID=1, replication=rs-3-2-1024k, missingIndexes=[1], sources={2=9125f905-aa43-4d0f-845d-e6cfd4dab0cd(fv-az163-187.kzyshwy3mise5klwsllqwzgzyb.cx.internal.cloudapp.net/10.1.0.196), 3=9ff544a7-6c1c-4ca7-a5dc-e42e2710cacb(fv-az163-187.kzyshwy3mise5klwsllqwzgzyb.cx.internal.cloudapp.net/10.1.0.196), 4=b39db728-622c-42ae-954c-bd0dbc524ba7(fv-az163-187.kzyshwy3mise5klwsllqwzgzyb.cx.internal.cloudapp.net/10.1.0.196), 5=c686f304-079c-4e24-9d21-fd4c36dc1242(fv-az163-187.kzyshwy3mise5klwsllqwzgzyb.cx.internal.cloudapp.net/10.1.0.196)}, targets={1=36cbda38-693f-49bb-be1a-3256c6faae50(fv-az163-187.kzyshwy3mise5klwsllqwzgzyb.cx.internal.cloudapp.net/10.1.0.196)}
2023-06-01 19:12:53,818 [ContainerReplicationThread-0] WARN  reconstruction.ECReconstructionCoordinator (ECReconstructionCoordinator.java:reconstructECContainerGroup(188)) - Exception while reconstructing the container 1. Cleaning up all the recovering containers in the reconstruction process.
java.lang.NullPointerException
	at org.apache.hadoop.ozone.container.TestECContainerRecovery.lambda$null$0(TestECContainerRecovery.java:317)
	at org.apache.ozone.test.GenericTestUtils.waitFor(GenericTestUtils.java:221)
	at org.apache.hadoop.ozone.container.TestECContainerRecovery.lambda$testECContainerRecoveryWithTimedOutRecovery$1(TestECContainerRecovery.java:312)
	at org.mockito.internal.stubbing.StubbedInvocationMatcher.answer(StubbedInvocationMatcher.java:39)
	at org.mockito.internal.handler.MockHandlerImpl.handle(MockHandlerImpl.java:96)
	at org.mockito.internal.handler.NullResultGuardian.handle(NullResultGuardian.java:29)
	at org.mockito.internal.handler.InvocationNotifierHandler.handle(InvocationNotifierHandler.java:35)
	at org.mockito.internal.creation.bytebuddy.MockMethodInterceptor.doIntercept(MockMethodInterceptor.java:61)
	at org.mockito.internal.creation.bytebuddy.MockMethodAdvice.handle(MockMethodAdvice.java:105)
	at org.apache.hadoop.ozone.container.ec.reconstruction.ECReconstructionCoordinator.reconstructECBlockGroup(ECReconstructionCoordinator.java:232)
	at org.apache.hadoop.ozone.container.ec.reconstruction.ECReconstructionCoordinator.reconstructECContainerGroup(ECReconstructionCoordinator.java:171)
	at sun.reflect.NativeMethodAccessorImpl.invoke0(Native Method)
	at sun.reflect.NativeMethodAccessorImpl.invoke(NativeMethodAccessorImpl.java:62)
	at sun.reflect.DelegatingMethodAccessorImpl.invoke(DelegatingMethodAccessorImpl.java:43)
	at java.lang.reflect.Method.invoke(Method.java:498)
	at org.mockito.internal.creation.bytebuddy.MockMethodAdvice.tryInvoke(MockMethodAdvice.java:212)
	at org.mockito.internal.creation.bytebuddy.MockMethodAdvice.access$400(MockMethodAdvice.java:34)
	at org.mockito.internal.creation.bytebuddy.MockMethodAdvice$RealMethodCall.invoke(MockMethodAdvice.java:164)
	at org.mockito.internal.invocation.InterceptedInvocation.callRealMethod(InterceptedInvocation.java:152)
	at org.mockito.internal.stubbing.answers.CallsRealMethods.answer(CallsRealMethods.java:43)
	at org.mockito.Answers.answer(Answers.java:100)
	at org.mockito.internal.handler.MockHandlerImpl.handle(MockHandlerImpl.java:103)
	at org.mockito.internal.handler.NullResultGuardian.handle(NullResultGuardian.java:29)
	at org.mockito.internal.handler.InvocationNotifierHandler.handle(InvocationNotifierHandler.java:35)
	at org.mockito.internal.creation.bytebuddy.MockMethodInterceptor.doIntercept(MockMethodInterceptor.java:61)
	at org.mockito.internal.creation.bytebuddy.MockMethodAdvice.handle(MockMethodAdvice.java:105)
	at org.apache.hadoop.ozone.container.ec.reconstruction.ECReconstructionCoordinator.reconstructECContainerGroup(ECReconstructionCoordinator.java:141)
	at org.apache.hadoop.ozone.container.ec.reconstruction.ECReconstructionCoordinatorTask.runTask(ECReconstructionCoordinatorTask.java:68)
	at org.apache.hadoop.ozone.container.replication.ReplicationSupervisor$TaskRunner.run(ReplicationSupervisor.java:348)
	at java.util.concurrent.ThreadPoolExecutor.runWorker(ThreadPoolExecutor.java:1149)
	at java.util.concurrent.ThreadPoolExecutor$Worker.run(ThreadPoolExecutor.java:624)
	at java.lang.Thread.run(Thread.java:750)
2023-06-01 19:12:53,887 [ContainerReplicationThread-0] WARN  reconstruction.ECReconstructionCoordinatorTask (ECReconstructionCoordinatorTask.java:runTask(79)) - FAILED reconstructECContainersCommand: containerID=1, replication=rs-3-2-1024k, missingIndexes=[1], sources={2=9125f905-aa43-4d0f-845d-e6cfd4dab0cd(fv-az163-187.kzyshwy3mise5klwsllqwzgzyb.cx.internal.cloudapp.net/10.1.0.196), 3=9ff544a7-6c1c-4ca7-a5dc-e42e2710cacb(fv-az163-187.kzyshwy3mise5klwsllqwzgzyb.cx.internal.cloudapp.net/10.1.0.196), 4=b39db728-622c-42ae-954c-bd0dbc524ba7(fv-az163-187.kzyshwy3mise5klwsllqwzgzyb.cx.internal.cloudapp.net/10.1.0.196), 5=c686f304-079c-4e24-9d21-fd4c36dc1242(fv-az163-187.kzyshwy3mise5klwsllqwzgzyb.cx.internal.cloudapp.net/10.1.0.196)}, targets={1=36cbda38-693f-49bb-be1a-3256c6faae50(fv-az163-187.kzyshwy3mise5klwsllqwzgzyb.cx.internal.cloudapp.net/10.1.0.196)} after 120 ms
java.lang.NullPointerException
	at org.apache.hadoop.ozone.container.TestECContainerRecovery.lambda$null$0(TestECContainerRecovery.java:317)
	at org.apache.ozone.test.GenericTestUtils.waitFor(GenericTestUtils.java:221)
	at org.apache.hadoop.ozone.container.TestECContainerRecovery.lambda$testECContainerRecoveryWithTimedOutRecovery$1(TestECContainerRecovery.java:312)
	at org.apache.hadoop.ozone.container.ec.reconstruction.ECReconstructionCoordinator.reconstructECBlockGroup(ECReconstructionCoordinator.java:232)
	at org.apache.hadoop.ozone.container.ec.reconstruction.ECReconstructionCoordinator.reconstructECContainerGroup(ECReconstructionCoordinator.java:141)
	at org.apache.hadoop.ozone.container.ec.reconstruction.ECReconstructionCoordinatorTask.runTask(ECReconstructionCoordinatorTask.java:68)
	at org.apache.hadoop.ozone.container.replication.ReplicationSupervisor$TaskRunner.run(ReplicationSupervisor.java:348)
	at java.util.concurrent.ThreadPoolExecutor.runWorker(ThreadPoolExecutor.java:1149)
	at java.util.concurrent.ThreadPoolExecutor$Worker.run(ThreadPoolExecutor.java:624)
	at java.lang.Thread.run(Thread.java:750)
2023-06-01 19:12:53,887 [ContainerReplicationThread-0] WARN  replication.ReplicationSupervisor (ReplicationSupervisor.java:run(350)) - Failed FAILED reconstructECContainersCommand: containerID=1, replication=rs-3-2-1024k, missingIndexes=[1], sources={2=9125f905-aa43-4d0f-845d-e6cfd4dab0cd(fv-az163-187.kzyshwy3mise5klwsllqwzgzyb.cx.internal.cloudapp.net/10.1.0.196), 3=9ff544a7-6c1c-4ca7-a5dc-e42e2710cacb(fv-az163-187.kzyshwy3mise5klwsllqwzgzyb.cx.internal.cloudapp.net/10.1.0.196), 4=b39db728-622c-42ae-954c-bd0dbc524ba7(fv-az163-187.kzyshwy3mise5klwsllqwzgzyb.cx.internal.cloudapp.net/10.1.0.196), 5=c686f304-079c-4e24-9d21-fd4c36dc1242(fv-az163-187.kzyshwy3mise5klwsllqwzgzyb.cx.internal.cloudapp.net/10.1.0.196)}, targets={1=36cbda38-693f-49bb-be1a-3256c6faae50(fv-az163-187.kzyshwy3mise5klwsllqwzgzyb.cx.internal.cloudapp.net/10.1.0.196)}
2023-06-01 19:13:01,635 [ReplicationMonitor] INFO  replication.ReplicationManager (ReplicationManager.java:processAll(402)) - Replication Monitor Thread took 1 milliseconds for processing 2 containers.
2023-06-01 19:13:03,766 [BlockDeletingService#1] INFO  interfaces.ContainerDeletionChoosingPolicyTemplate (ContainerDeletionChoosingPolicyTemplate.java:chooseContainerForBlockDeletion(83)) - Chosen 0/5000 blocks from 0 candidate containers.
2023-06-01 19:13:04,089 [BlockDeletingService#1] INFO  interfaces.ContainerDeletionChoosingPolicyTemplate (ContainerDeletionChoosingPolicyTemplate.java:chooseContainerForBlockDeletion(83)) - Chosen 0/5000 blocks from 0 candidate containers.
2023-06-01 19:13:04,443 [BlockDeletingService#1] INFO  interfaces.ContainerDeletionChoosingPolicyTemplate (ContainerDeletionChoosingPolicyTemplate.java:chooseContainerForBlockDeletion(83)) - Chosen 0/5000 blocks from 0 candidate containers.
2023-06-01 19:13:05,093 [BlockDeletingService#1] INFO  interfaces.ContainerDeletionChoosingPolicyTemplate (ContainerDeletionChoosingPolicyTemplate.java:chooseContainerForBlockDeletion(83)) - Chosen 0/5000 blocks from 0 candidate containers.
2023-06-01 19:13:05,493 [BlockDeletingService#1] INFO  interfaces.ContainerDeletionChoosingPolicyTemplate (ContainerDeletionChoosingPolicyTemplate.java:chooseContainerForBlockDeletion(83)) - Chosen 0/5000 blocks from 0 candidate containers.
2023-06-01 19:13:05,894 [BlockDeletingService#1] INFO  interfaces.ContainerDeletionChoosingPolicyTemplate (ContainerDeletionChoosingPolicyTemplate.java:chooseContainerForBlockDeletion(83)) - Chosen 0/5000 blocks from 0 candidate containers.
2023-06-01 19:13:06,237 [BlockDeletingService#1] INFO  interfaces.ContainerDeletionChoosingPolicyTemplate (ContainerDeletionChoosingPolicyTemplate.java:chooseContainerForBlockDeletion(83)) - Chosen 0/5000 blocks from 0 candidate containers.
2023-06-01 19:13:06,563 [BlockDeletingService#1] INFO  interfaces.ContainerDeletionChoosingPolicyTemplate (ContainerDeletionChoosingPolicyTemplate.java:chooseContainerForBlockDeletion(83)) - Chosen 0/5000 blocks from 0 candidate containers.
2023-06-01 19:13:11,636 [ReplicationMonitor] INFO  replication.ReplicationManager (ReplicationManager.java:processAll(402)) - Replication Monitor Thread took 0 milliseconds for processing 2 containers.
2023-06-01 19:13:21,636 [ReplicationMonitor] INFO  replication.ReplicationManager (ReplicationManager.java:processAll(402)) - Replication Monitor Thread took 0 milliseconds for processing 2 containers.
2023-06-01 19:13:31,637 [ReplicationMonitor] INFO  replication.ReplicationManager (ReplicationManager.java:processAll(402)) - Replication Monitor Thread took 0 milliseconds for processing 2 containers.
2023-06-01 19:13:37,126 [BlockDeletingService#1] INFO  interfaces.ContainerDeletionChoosingPolicyTemplate (ContainerDeletionChoosingPolicyTemplate.java:chooseContainerForBlockDeletion(83)) - Chosen 0/5000 blocks from 0 candidate containers.
2023-06-01 19:13:41,267 [RatisPipelineUtilsThread - 0] INFO  pipeline.RatisPipelineProvider (RatisPipelineProvider.java:lambda$create$0(206)) - Sending CreatePipelineCommand for pipeline:PipelineID=a6294b33-d3c5-46db-8da1-9b22bb6251fc to datanode:c686f304-079c-4e24-9d21-fd4c36dc1242
2023-06-01 19:13:41,267 [RatisPipelineUtilsThread - 0] INFO  pipeline.RatisPipelineProvider (RatisPipelineProvider.java:lambda$create$0(206)) - Sending CreatePipelineCommand for pipeline:PipelineID=a6294b33-d3c5-46db-8da1-9b22bb6251fc to datanode:9ff544a7-6c1c-4ca7-a5dc-e42e2710cacb
2023-06-01 19:13:41,267 [RatisPipelineUtilsThread - 0] INFO  pipeline.RatisPipelineProvider (RatisPipelineProvider.java:lambda$create$0(206)) - Sending CreatePipelineCommand for pipeline:PipelineID=a6294b33-d3c5-46db-8da1-9b22bb6251fc to datanode:aab6e560-2e42-4217-8e7a-cc5f2733e87a
2023-06-01 19:13:41,267 [RatisPipelineUtilsThread - 0] INFO  pipeline.PipelineStateManagerImpl (PipelineStateManagerImpl.java:addPipeline(103)) - Created pipeline Pipeline[ Id: a6294b33-d3c5-46db-8da1-9b22bb6251fc, Nodes: c686f304-079c-4e24-9d21-fd4c36dc1242(fv-az163-187.kzyshwy3mise5klwsllqwzgzyb.cx.internal.cloudapp.net/10.1.0.196)9ff544a7-6c1c-4ca7-a5dc-e42e2710cacb(fv-az163-187.kzyshwy3mise5klwsllqwzgzyb.cx.internal.cloudapp.net/10.1.0.196)aab6e560-2e42-4217-8e7a-cc5f2733e87a(fv-az163-187.kzyshwy3mise5klwsllqwzgzyb.cx.internal.cloudapp.net/10.1.0.196), ReplicationConfig: RATIS/THREE, State:ALLOCATED, leaderId:, CreationTimestamp2023-06-01T19:13:41.267Z[Etc/UTC]].
2023-06-01 19:13:41,268 [RatisPipelineUtilsThread - 0] INFO  pipeline.RatisPipelineProvider (RatisPipelineProvider.java:lambda$create$0(206)) - Sending CreatePipelineCommand for pipeline:PipelineID=6560f0ee-c149-4777-8cb2-470a214c56bd to datanode:aab6e560-2e42-4217-8e7a-cc5f2733e87a
2023-06-01 19:13:41,268 [RatisPipelineUtilsThread - 0] INFO  pipeline.RatisPipelineProvider (RatisPipelineProvider.java:lambda$create$0(206)) - Sending CreatePipelineCommand for pipeline:PipelineID=6560f0ee-c149-4777-8cb2-470a214c56bd to datanode:9ff544a7-6c1c-4ca7-a5dc-e42e2710cacb
2023-06-01 19:13:41,268 [RatisPipelineUtilsThread - 0] INFO  pipeline.RatisPipelineProvider (RatisPipelineProvider.java:lambda$create$0(206)) - Sending CreatePipelineCommand for pipeline:PipelineID=6560f0ee-c149-4777-8cb2-470a214c56bd to datanode:c686f304-079c-4e24-9d21-fd4c36dc1242
2023-06-01 19:13:41,269 [RatisPipelineUtilsThread - 0] INFO  pipeline.PipelineStateManagerImpl (PipelineStateManagerImpl.java:addPipeline(103)) - Created pipeline Pipeline[ Id: 6560f0ee-c149-4777-8cb2-470a214c56bd, Nodes: aab6e560-2e42-4217-8e7a-cc5f2733e87a(fv-az163-187.kzyshwy3mise5klwsllqwzgzyb.cx.internal.cloudapp.net/10.1.0.196)9ff544a7-6c1c-4ca7-a5dc-e42e2710cacb(fv-az163-187.kzyshwy3mise5klwsllqwzgzyb.cx.internal.cloudapp.net/10.1.0.196)c686f304-079c-4e24-9d21-fd4c36dc1242(fv-az163-187.kzyshwy3mise5klwsllqwzgzyb.cx.internal.cloudapp.net/10.1.0.196), ReplicationConfig: RATIS/THREE, State:ALLOCATED, leaderId:, CreationTimestamp2023-06-01T19:13:41.268Z[Etc/UTC]].
2023-06-01 19:13:41,269 [RatisPipelineUtilsThread - 0] INFO  pipeline.PipelineManagerImpl (PipelineManagerImpl.java:recordMetricsForPipeline(826)) - Pipeline: PipelineID=6560f0ee-c149-4777-8cb2-470a214c56bd contains same datanodes as previous pipelines: PipelineID=a6294b33-d3c5-46db-8da1-9b22bb6251fc nodeIds: aab6e560-2e42-4217-8e7a-cc5f2733e87a, 9ff544a7-6c1c-4ca7-a5dc-e42e2710cacb, c686f304-079c-4e24-9d21-fd4c36dc1242
2023-06-01 19:13:41,269 [RatisPipelineUtilsThread - 0] WARN  pipeline.PipelinePlacementPolicy (PipelinePlacementPolicy.java:filterViableNodes(160)) - Pipeline creation failed due to no sufficient healthy datanodes. Required 3. Found 0. Excluded 9.
2023-06-01 19:13:41,642 [ReplicationMonitor] INFO  replication.ReplicationManager (ReplicationManager.java:processAll(402)) - Replication Monitor Thread took 1 milliseconds for processing 2 containers.
]]></system-out>
  </testcase>
</testsuite>