<?xml version="1.0" encoding="UTF-8"?>
<testsuite xmlns:xsi="http://www.w3.org/2001/XMLSchema-instance" xsi:noNamespaceSchemaLocation="https://maven.apache.org/surefire/maven-surefire-plugin/xsd/surefire-test-report.xsd" name="org.apache.hadoop.hdds.scm.pipeline.TestPipelineClose" time="171.108" tests="4" errors="0" skipped="0" failures="1">
  <properties>
    <property name="awt.toolkit" value="sun.awt.X11.XToolkit"/>
    <property name="file.encoding.pkg" value="sun.io"/>
    <property name="java.specification.version" value="1.8"/>
    <property name="sun.cpu.isalist" value=""/>
    <property name="sun.jnu.encoding" value="UTF-8"/>
    <property name="java.class.path" value="/home/runner/work/ozone/ozone/hadoop-ozone/integration-test/target/test-classes:/home/runner/work/ozone/ozone/hadoop-ozone/integration-test/target/classes:/home/runner/.m2/repository/org/apache/ozone/ozone-common/1.2.0-SNAPSHOT/ozone-common-1.2.0-SNAPSHOT.jar:/home/runner/.m2/repository/org/apache/commons/commons-compress/1.20/commons-compress-1.20.jar:/home/runner/.m2/repository/org/apache/ozone/hdds-common/1.2.0-SNAPSHOT/hdds-common-1.2.0-SNAPSHOT.jar:/home/runner/.m2/repository/org/apache/ozone/hdds-client/1.2.0-SNAPSHOT/hdds-client-1.2.0-SNAPSHOT.jar:/home/runner/.m2/repository/org/apache/ozone/ozone-interface-client/1.2.0-SNAPSHOT/ozone-interface-client-1.2.0-SNAPSHOT.jar:/home/runner/.m2/repository/org/apache/ozone/hdds-server-framework/1.2.0-SNAPSHOT/hdds-server-framework-1.2.0-SNAPSHOT.jar:/home/runner/.m2/repository/org/apache/ozone/hdds-interface-server/1.2.0-SNAPSHOT/hdds-interface-server-1.2.0-SNAPSHOT.jar:/home/runner/.m2/repository/org/eclipse/jetty/jetty-servlet/9.4.43.v20210629/jetty-servlet-9.4.43.v20210629.jar:/home/runner/.m2/repository/org/eclipse/jetty/jetty-security/9.4.43.v20210629/jetty-security-9.4.43.v20210629.jar:/home/runner/.m2/repository/org/rocksdb/rocksdbjni/6.20.3/rocksdbjni-6.20.3.jar:/home/runner/.m2/repository/io/prometheus/simpleclient_dropwizard/0.7.0/simpleclient_dropwizard-0.7.0.jar:/home/runner/.m2/repository/io/prometheus/simpleclient/0.7.0/simpleclient-0.7.0.jar:/home/runner/.m2/repository/io/prometheus/simpleclient_common/0.7.0/simpleclient_common-0.7.0.jar:/home/runner/.m2/repository/com/fasterxml/jackson/datatype/jackson-datatype-jsr310/2.12.1/jackson-datatype-jsr310-2.12.1.jar:/home/runner/.m2/repository/org/apache/ozone/hdds-test-utils/1.2.0-SNAPSHOT/hdds-test-utils-1.2.0-SNAPSHOT.jar:/home/runner/.m2/repository/com/google/guava/guava/30.1.1-jre/guava-30.1.1-jre.jar:/home/runner/.m2/repository/com/google/guava/failureaccess/1.0.1/failureaccess-1.0.1.jar:/home/runner/.m2/repository/com/google/guava/listenablefuture/9999.0-empty-to-avoid-conflict-with-guava/listenablefuture-9999.0-empty-to-avoid-conflict-with-guava.jar:/home/runner/.m2/repository/com/google/code/findbugs/jsr305/3.0.0/jsr305-3.0.0.jar:/home/runner/.m2/repository/org/checkerframework/checker-qual/3.8.0/checker-qual-3.8.0.jar:/home/runner/.m2/repository/com/google/errorprone/error_prone_annotations/2.2.0/error_prone_annotations-2.2.0.jar:/home/runner/.m2/repository/com/google/j2objc/j2objc-annotations/1.3/j2objc-annotations-1.3.jar:/home/runner/.m2/repository/commons-io/commons-io/2.8.0/commons-io-2.8.0.jar:/home/runner/.m2/repository/commons-logging/commons-logging/1.2/commons-logging-1.2.jar:/home/runner/.m2/repository/log4j/log4j/1.2.17/log4j-1.2.17.jar:/home/runner/.m2/repository/org/slf4j/slf4j-api/1.7.30/slf4j-api-1.7.30.jar:/home/runner/.m2/repository/org/apache/ozone/hdds-server-scm/1.2.0-SNAPSHOT/hdds-server-scm-1.2.0-SNAPSHOT.jar:/home/runner/.m2/repository/org/apache/ozone/hdds-container-service/1.2.0-SNAPSHOT/hdds-container-service-1.2.0-SNAPSHOT.jar:/home/runner/.m2/repository/org/apache/ozone/hdds-hadoop-dependency-server/1.2.0-SNAPSHOT/hdds-hadoop-dependency-server-1.2.0-SNAPSHOT.jar:/home/runner/.m2/repository/org/apache/hadoop/hadoop-hdfs/3.3.1/hadoop-hdfs-3.3.1.jar:/home/runner/.m2/repository/io/dropwizard/metrics/metrics-core/3.2.4/metrics-core-3.2.4.jar:/home/runner/.m2/repository/org/apache/hadoop/hadoop-hdfs-client/3.3.1/hadoop-hdfs-client-3.3.1.jar:/home/runner/.m2/repository/org/bouncycastle/bcprov-jdk15on/1.67/bcprov-jdk15on-1.67.jar:/home/runner/.m2/repository/com/google/protobuf/protobuf-java/2.5.0/protobuf-java-2.5.0.jar:/home/runner/.m2/repository/org/apache/ozone/ozone-manager/1.2.0-SNAPSHOT/ozone-manager-1.2.0-SNAPSHOT.jar:/home/runner/.m2/repository/org/aspectj/aspectjrt/1.8.9/aspectjrt-1.8.9.jar:/home/runner/.m2/repository/org/aspectj/aspectjweaver/1.8.9/aspectjweaver-1.8.9.jar:/home/runner/.m2/repository/org/apache/ozone/hdds-interface-client/1.2.0-SNAPSHOT/hdds-interface-client-1.2.0-SNAPSHOT.jar:/home/runner/.m2/repository/org/apache/hadoop/thirdparty/hadoop-shaded-protobuf_3_7/1.1.1/hadoop-shaded-protobuf_3_7-1.1.1.jar:/home/runner/.m2/repository/org/apache/ratis/ratis-thirdparty-misc/0.7.0/ratis-thirdparty-misc-0.7.0.jar:/home/runner/.m2/repository/org/apache/ozone/ozone-interface-storage/1.2.0-SNAPSHOT/ozone-interface-storage-1.2.0-SNAPSHOT.jar:/home/runner/.m2/repository/org/reflections/reflections/0.9.11/reflections-0.9.11.jar:/home/runner/.m2/repository/org/apache/hadoop/hadoop-minikdc/3.3.1/hadoop-minikdc-3.3.1.jar:/home/runner/.m2/repository/org/apache/kerby/kerb-simplekdc/1.0.1/kerb-simplekdc-1.0.1.jar:/home/runner/.m2/repository/org/apache/kerby/kerb-client/1.0.1/kerb-client-1.0.1.jar:/home/runner/.m2/repository/org/apache/kerby/kerby-config/1.0.1/kerby-config-1.0.1.jar:/home/runner/.m2/repository/org/apache/kerby/kerb-common/1.0.1/kerb-common-1.0.1.jar:/home/runner/.m2/repository/org/apache/kerby/kerb-crypto/1.0.1/kerb-crypto-1.0.1.jar:/home/runner/.m2/repository/org/apache/kerby/kerb-util/1.0.1/kerb-util-1.0.1.jar:/home/runner/.m2/repository/org/apache/kerby/token-provider/1.0.1/token-provider-1.0.1.jar:/home/runner/.m2/repository/org/apache/kerby/kerb-admin/1.0.1/kerb-admin-1.0.1.jar:/home/runner/.m2/repository/org/apache/kerby/kerb-server/1.0.1/kerb-server-1.0.1.jar:/home/runner/.m2/repository/org/apache/kerby/kerb-identity/1.0.1/kerb-identity-1.0.1.jar:/home/runner/.m2/repository/org/apache/kerby/kerby-xdr/1.0.1/kerby-xdr-1.0.1.jar:/home/runner/.m2/repository/org/slf4j/slf4j-log4j12/1.7.30/slf4j-log4j12-1.7.30.jar:/home/runner/.m2/repository/org/apache/ozone/ozone-s3gateway/1.2.0-SNAPSHOT/ozone-s3gateway-1.2.0-SNAPSHOT.jar:/home/runner/.m2/repository/org/javassist/javassist/3.21.0-GA/javassist-3.21.0-GA.jar:/home/runner/.m2/repository/org/jboss/weld/servlet/weld-servlet/2.4.7.Final/weld-servlet-2.4.7.Final.jar:/home/runner/.m2/repository/org/glassfish/jersey/containers/jersey-container-servlet-core/2.33/jersey-container-servlet-core-2.33.jar:/home/runner/.m2/repository/org/glassfish/hk2/external/jakarta.inject/2.6.1/jakarta.inject-2.6.1.jar:/home/runner/.m2/repository/org/glassfish/jersey/core/jersey-common/2.33/jersey-common-2.33.jar:/home/runner/.m2/repository/jakarta/ws/rs/jakarta.ws.rs-api/2.1.6/jakarta.ws.rs-api-2.1.6.jar:/home/runner/.m2/repository/org/glassfish/jersey/ext/cdi/jersey-cdi1x/2.33/jersey-cdi1x-2.33.jar:/home/runner/.m2/repository/org/glassfish/jersey/inject/jersey-hk2/2.33/jersey-hk2-2.33.jar:/home/runner/.m2/repository/org/glassfish/hk2/hk2-locator/2.6.1/hk2-locator-2.6.1.jar:/home/runner/.m2/repository/org/glassfish/jersey/media/jersey-media-jaxb/2.33/jersey-media-jaxb-2.33.jar:/home/runner/.m2/repository/org/glassfish/hk2/osgi-resource-locator/1.0.3/osgi-resource-locator-1.0.3.jar:/home/runner/.m2/repository/org/glassfish/hk2/hk2-api/2.5.0/hk2-api-2.5.0.jar:/home/runner/.m2/repository/org/glassfish/hk2/hk2-utils/2.5.0/hk2-utils-2.5.0.jar:/home/runner/.m2/repository/org/glassfish/hk2/external/aopalliance-repackaged/2.5.0/aopalliance-repackaged-2.5.0.jar:/home/runner/.m2/repository/com/fasterxml/jackson/dataformat/jackson-dataformat-xml/2.12.1/jackson-dataformat-xml-2.12.1.jar:/home/runner/.m2/repository/com/fasterxml/jackson/core/jackson-core/2.12.1/jackson-core-2.12.1.jar:/home/runner/.m2/repository/com/fasterxml/jackson/module/jackson-module-jaxb-annotations/2.12.1/jackson-module-jaxb-annotations-2.12.1.jar:/home/runner/.m2/repository/jakarta/xml/bind/jakarta.xml.bind-api/2.3.2/jakarta.xml.bind-api-2.3.2.jar:/home/runner/.m2/repository/org/codehaus/woodstox/stax2-api/3.1.4/stax2-api-3.1.4.jar:/home/runner/.m2/repository/com/fasterxml/woodstox/woodstox-core/5.0.3/woodstox-core-5.0.3.jar:/home/runner/.m2/repository/javax/enterprise/cdi-api/1.2/cdi-api-1.2.jar:/home/runner/.m2/repository/javax/el/javax.el-api/3.0.0/javax.el-api-3.0.0.jar:/home/runner/.m2/repository/javax/interceptor/javax.interceptor-api/1.2/javax.interceptor-api-1.2.jar:/home/runner/.m2/repository/javax/inject/javax.inject/1/javax.inject-1.jar:/home/runner/.m2/repository/javax/xml/bind/jaxb-api/2.3.0/jaxb-api-2.3.0.jar:/home/runner/.m2/repository/org/glassfish/jaxb/jaxb-runtime/2.3.0.1/jaxb-runtime-2.3.0.1.jar:/home/runner/.m2/repository/org/glassfish/jaxb/jaxb-core/2.3.0.1/jaxb-core-2.3.0.1.jar:/home/runner/.m2/repository/org/glassfish/jaxb/txw2/2.3.0.1/txw2-2.3.0.1.jar:/home/runner/.m2/repository/com/sun/istack/istack-commons-runtime/3.0.5/istack-commons-runtime-3.0.5.jar:/home/runner/.m2/repository/org/jvnet/staxex/stax-ex/1.7.8/stax-ex-1.7.8.jar:/home/runner/.m2/repository/com/sun/xml/fastinfoset/FastInfoset/1.2.13/FastInfoset-1.2.13.jar:/home/runner/.m2/repository/javax/activation/activation/1.1.1/activation-1.1.1.jar:/home/runner/.m2/repository/org/apache/ozone/ozone-csi/1.2.0-SNAPSHOT/ozone-csi-1.2.0-SNAPSHOT.jar:/home/runner/.m2/repository/com/google/protobuf/protobuf-java-util/3.12.0/protobuf-java-util-3.12.0.jar:/home/runner/.m2/repository/com/google/code/gson/gson/2.2.4/gson-2.2.4.jar:/home/runner/.m2/repository/org/apache/ozone/hdds-config/1.2.0-SNAPSHOT/hdds-config-1.2.0-SNAPSHOT.jar:/home/runner/.m2/repository/io/grpc/grpc-netty/1.33.0/grpc-netty-1.33.0.jar:/home/runner/.m2/repository/io/grpc/grpc-core/1.33.0/grpc-core-1.33.0.jar:/home/runner/.m2/repository/com/google/android/annotations/4.1.1.4/annotations-4.1.1.4.jar:/home/runner/.m2/repository/io/netty/netty-codec-http2/4.1.63.Final/netty-codec-http2-4.1.63.Final.jar:/home/runner/.m2/repository/io/netty/netty-codec-http/4.1.63.Final/netty-codec-http-4.1.63.Final.jar:/home/runner/.m2/repository/io/netty/netty-handler-proxy/4.1.63.Final/netty-handler-proxy-4.1.63.Final.jar:/home/runner/.m2/repository/io/netty/netty-codec-socks/4.1.63.Final/netty-codec-socks-4.1.63.Final.jar:/home/runner/.m2/repository/io/perfmark/perfmark-api/0.19.0/perfmark-api-0.19.0.jar:/home/runner/.m2/repository/org/codehaus/mojo/animal-sniffer-annotations/1.18/animal-sniffer-annotations-1.18.jar:/home/runner/.m2/repository/io/netty/netty-transport-native-epoll/4.1.63.Final/netty-transport-native-epoll-4.1.63.Final.jar:/home/runner/.m2/repository/io/netty/netty-common/4.1.63.Final/netty-common-4.1.63.Final.jar:/home/runner/.m2/repository/io/netty/netty-buffer/4.1.63.Final/netty-buffer-4.1.63.Final.jar:/home/runner/.m2/repository/io/netty/netty-transport-native-unix-common/4.1.63.Final/netty-transport-native-unix-common-4.1.63.Final.jar:/home/runner/.m2/repository/io/grpc/grpc-protobuf/1.33.0/grpc-protobuf-1.33.0.jar:/home/runner/.m2/repository/io/grpc/grpc-api/1.33.0/grpc-api-1.33.0.jar:/home/runner/.m2/repository/io/grpc/grpc-context/1.33.0/grpc-context-1.33.0.jar:/home/runner/.m2/repository/com/google/api/grpc/proto-google-common-protos/1.17.0/proto-google-common-protos-1.17.0.jar:/home/runner/.m2/repository/io/grpc/grpc-protobuf-lite/1.33.0/grpc-protobuf-lite-1.33.0.jar:/home/runner/.m2/repository/io/grpc/grpc-stub/1.33.0/grpc-stub-1.33.0.jar:/home/runner/.m2/repository/org/apache/ozone/ozone-recon/1.2.0-SNAPSHOT/ozone-recon-1.2.0-SNAPSHOT.jar:/home/runner/.m2/repository/org/apache/ozone/ozone-reconcodegen/1.2.0-SNAPSHOT/ozone-reconcodegen-1.2.0-SNAPSHOT.jar:/home/runner/.m2/repository/com/google/inject/extensions/guice-multibindings/4.0/guice-multibindings-4.0.jar:/home/runner/.m2/repository/com/google/inject/guice/4.0/guice-4.0.jar:/home/runner/.m2/repository/aopalliance/aopalliance/1.0/aopalliance-1.0.jar:/home/runner/.m2/repository/com/google/inject/extensions/guice-assistedinject/4.0/guice-assistedinject-4.0.jar:/home/runner/.m2/repository/com/google/inject/extensions/guice-servlet/4.0/guice-servlet-4.0.jar:/home/runner/.m2/repository/org/glassfish/jersey/containers/jersey-container-servlet/2.33/jersey-container-servlet-2.33.jar:/home/runner/.m2/repository/org/glassfish/hk2/guice-bridge/2.5.0/guice-bridge-2.5.0.jar:/home/runner/.m2/repository/org/glassfish/jersey/core/jersey-server/2.33/jersey-server-2.33.jar:/home/runner/.m2/repository/org/glassfish/jersey/core/jersey-client/2.33/jersey-client-2.33.jar:/home/runner/.m2/repository/jakarta/annotation/jakarta.annotation-api/1.3.5/jakarta.annotation-api-1.3.5.jar:/home/runner/.m2/repository/jakarta/validation/jakarta.validation-api/2.0.2/jakarta.validation-api-2.0.2.jar:/home/runner/.m2/repository/org/glassfish/jersey/media/jersey-media-json-jackson/2.33/jersey-media-json-jackson-2.33.jar:/home/runner/.m2/repository/org/glassfish/jersey/ext/jersey-entity-filtering/2.33/jersey-entity-filtering-2.33.jar:/home/runner/.m2/repository/org/jooq/jooq/3.11.10/jooq-3.11.10.jar:/home/runner/.m2/repository/org/jooq/jooq-meta/3.11.10/jooq-meta-3.11.10.jar:/home/runner/.m2/repository/org/jooq/jooq-codegen/3.11.10/jooq-codegen-3.11.10.jar:/home/runner/.m2/repository/com/jolbox/bonecp/0.8.0.RELEASE/bonecp-0.8.0.RELEASE.jar:/home/runner/.m2/repository/org/apache/derby/derby/10.14.2.0/derby-10.14.2.0.jar:/home/runner/.m2/repository/org/xerial/sqlite-jdbc/3.25.2/sqlite-jdbc-3.25.2.jar:/home/runner/.m2/repository/org/springframework/spring-jdbc/5.2.11.RELEASE/spring-jdbc-5.2.11.RELEASE.jar:/home/runner/.m2/repository/org/springframework/spring-beans/5.2.11.RELEASE/spring-beans-5.2.11.RELEASE.jar:/home/runner/.m2/repository/org/springframework/spring-core/5.2.11.RELEASE/spring-core-5.2.11.RELEASE.jar:/home/runner/.m2/repository/org/springframework/spring-jcl/5.2.11.RELEASE/spring-jcl-5.2.11.RELEASE.jar:/home/runner/.m2/repository/org/springframework/spring-tx/5.2.11.RELEASE/spring-tx-5.2.11.RELEASE.jar:/home/runner/.m2/repository/org/apache/ozone/ozone-client/1.2.0-SNAPSHOT/ozone-client-1.2.0-SNAPSHOT.jar:/home/runner/.m2/repository/org/apache/ozone/ozone-filesystem/1.2.0-SNAPSHOT/ozone-filesystem-1.2.0-SNAPSHOT.jar:/home/runner/.m2/repository/org/apache/ozone/ozone-filesystem-common/1.2.0-SNAPSHOT/ozone-filesystem-common-1.2.0-SNAPSHOT.jar:/home/runner/.m2/repository/org/apache/ozone/ozone-tools/1.2.0-SNAPSHOT/ozone-tools-1.2.0-SNAPSHOT.jar:/home/runner/.m2/repository/org/apache/ratis/ratis-tools/2.1.0-03f3b68-SNAPSHOT/ratis-tools-2.1.0-03f3b68-SNAPSHOT.jar:/home/runner/.m2/repository/org/apache/ratis/ratis-proto/2.1.0-03f3b68-SNAPSHOT/ratis-proto-2.1.0-03f3b68-SNAPSHOT.jar:/home/runner/.m2/repository/org/apache/ratis/ratis-common/2.1.0-03f3b68-SNAPSHOT/ratis-common-2.1.0-03f3b68-SNAPSHOT.jar:/home/runner/.m2/repository/com/amazonaws/aws-java-sdk-core/1.11.901/aws-java-sdk-core-1.11.901.jar:/home/runner/.m2/repository/org/apache/httpcomponents/httpclient/4.5.13/httpclient-4.5.13.jar:/home/runner/.m2/repository/org/apache/httpcomponents/httpcore/4.4.13/httpcore-4.4.13.jar:/home/runner/.m2/repository/software/amazon/ion/ion-java/1.0.2/ion-java-1.0.2.jar:/home/runner/.m2/repository/com/fasterxml/jackson/dataformat/jackson-dataformat-cbor/2.12.1/jackson-dataformat-cbor-2.12.1.jar:/home/runner/.m2/repository/joda-time/joda-time/2.8.1/joda-time-2.8.1.jar:/home/runner/.m2/repository/com/amazonaws/aws-java-sdk-s3/1.11.901/aws-java-sdk-s3-1.11.901.jar:/home/runner/.m2/repository/com/amazonaws/aws-java-sdk-kms/1.11.901/aws-java-sdk-kms-1.11.901.jar:/home/runner/.m2/repository/com/amazonaws/jmespath-java/1.11.901/jmespath-java-1.11.901.jar:/home/runner/.m2/repository/org/kohsuke/metainf-services/metainf-services/1.8/metainf-services-1.8.jar:/home/runner/.m2/repository/org/apache/ozone/hdds-tools/1.2.0-SNAPSHOT/hdds-tools-1.2.0-SNAPSHOT.jar:/home/runner/.m2/repository/commons-cli/commons-cli/1.2/commons-cli-1.2.jar:/home/runner/.m2/repository/org/apache/commons/commons-lang3/3.7/commons-lang3-3.7.jar:/home/runner/.m2/repository/org/apache/ozone/ozone-manager/1.2.0-SNAPSHOT/ozone-manager-1.2.0-SNAPSHOT-tests.jar:/home/runner/.m2/repository/org/apache/ozone/hdds-common/1.2.0-SNAPSHOT/hdds-common-1.2.0-SNAPSHOT-tests.jar:/home/runner/.m2/repository/org/apache/ozone/hdds-hadoop-dependency-client/1.2.0-SNAPSHOT/hdds-hadoop-dependency-client-1.2.0-SNAPSHOT.jar:/home/runner/.m2/repository/info/picocli/picocli/4.4.0/picocli-4.4.0.jar:/home/runner/.m2/repository/com/fasterxml/jackson/core/jackson-annotations/2.12.1/jackson-annotations-2.12.1.jar:/home/runner/.m2/repository/javax/annotation/javax.annotation-api/1.2/javax.annotation-api-1.2.jar:/home/runner/.m2/repository/org/apache/ratis/ratis-server/2.1.0-03f3b68-SNAPSHOT/ratis-server-2.1.0-03f3b68-SNAPSHOT.jar:/home/runner/.m2/repository/org/apache/ratis/ratis-client/2.1.0-03f3b68-SNAPSHOT/ratis-client-2.1.0-03f3b68-SNAPSHOT.jar:/home/runner/.m2/repository/org/apache/ratis/ratis-server-api/2.1.0-03f3b68-SNAPSHOT/ratis-server-api-2.1.0-03f3b68-SNAPSHOT.jar:/home/runner/.m2/repository/org/apache/ratis/ratis-metrics/2.1.0-03f3b68-SNAPSHOT/ratis-metrics-2.1.0-03f3b68-SNAPSHOT.jar:/home/runner/.m2/repository/org/apache/ratis/ratis-netty/2.1.0-03f3b68-SNAPSHOT/ratis-netty-2.1.0-03f3b68-SNAPSHOT.jar:/home/runner/.m2/repository/org/apache/ratis/ratis-grpc/2.1.0-03f3b68-SNAPSHOT/ratis-grpc-2.1.0-03f3b68-SNAPSHOT.jar:/home/runner/.m2/repository/org/apache/logging/log4j/log4j-api/2.13.3/log4j-api-2.13.3.jar:/home/runner/.m2/repository/org/apache/logging/log4j/log4j-core/2.13.3/log4j-core-2.13.3.jar:/home/runner/.m2/repository/com/lmax/disruptor/3.4.2/disruptor-3.4.2.jar:/home/runner/.m2/repository/org/apache/commons/commons-pool2/2.6.0/commons-pool2-2.6.0.jar:/home/runner/.m2/repository/org/bouncycastle/bcpkix-jdk15on/1.67/bcpkix-jdk15on-1.67.jar:/home/runner/.m2/repository/commons-validator/commons-validator/1.6/commons-validator-1.6.jar:/home/runner/.m2/repository/commons-beanutils/commons-beanutils/1.9.4/commons-beanutils-1.9.4.jar:/home/runner/.m2/repository/commons-digester/commons-digester/1.8.1/commons-digester-1.8.1.jar:/home/runner/.m2/repository/commons-collections/commons-collections/3.2.2/commons-collections-3.2.2.jar:/home/runner/.m2/repository/io/jaegertracing/jaeger-client/1.6.0/jaeger-client-1.6.0.jar:/home/runner/.m2/repository/io/jaegertracing/jaeger-thrift/1.6.0/jaeger-thrift-1.6.0.jar:/home/runner/.m2/repository/org/apache/thrift/libthrift/0.14.1/libthrift-0.14.1.jar:/home/runner/.m2/repository/com/squareup/okhttp3/okhttp/4.9.0/okhttp-4.9.0.jar:/home/runner/.m2/repository/com/squareup/okio/okio/2.8.0/okio-2.8.0.jar:/home/runner/.m2/repository/io/jaegertracing/jaeger-core/1.6.0/jaeger-core-1.6.0.jar:/home/runner/.m2/repository/io/jaegertracing/jaeger-tracerresolver/1.6.0/jaeger-tracerresolver-1.6.0.jar:/home/runner/.m2/repository/io/opentracing/contrib/opentracing-tracerresolver/0.1.8/opentracing-tracerresolver-0.1.8.jar:/home/runner/.m2/repository/org/jetbrains/kotlin/kotlin-stdlib/1.4.31/kotlin-stdlib-1.4.31.jar:/home/runner/.m2/repository/org/jetbrains/kotlin/kotlin-stdlib-common/1.4.31/kotlin-stdlib-common-1.4.31.jar:/home/runner/.m2/repository/org/jetbrains/annotations/13.0/annotations-13.0.jar:/home/runner/.m2/repository/io/opentracing/opentracing-util/0.33.0/opentracing-util-0.33.0.jar:/home/runner/.m2/repository/io/opentracing/opentracing-api/0.33.0/opentracing-api-0.33.0.jar:/home/runner/.m2/repository/io/opentracing/opentracing-noop/0.33.0/opentracing-noop-0.33.0.jar:/home/runner/.m2/repository/org/yaml/snakeyaml/1.26/snakeyaml-1.26.jar:/home/runner/.m2/repository/org/apache/ozone/hdds-interface-admin/1.2.0-SNAPSHOT/hdds-interface-admin-1.2.0-SNAPSHOT.jar:/home/runner/.m2/repository/junit/junit/4.13.1/junit-4.13.1.jar:/home/runner/.m2/repository/org/hamcrest/hamcrest-core/1.3/hamcrest-core-1.3.jar:/home/runner/.m2/repository/org/junit/jupiter/junit-jupiter-api/5.7.0/junit-jupiter-api-5.7.0.jar:/home/runner/.m2/repository/org/apiguardian/apiguardian-api/1.1.0/apiguardian-api-1.1.0.jar:/home/runner/.m2/repository/org/opentest4j/opentest4j/1.2.0/opentest4j-1.2.0.jar:/home/runner/.m2/repository/org/junit/platform/junit-platform-commons/1.7.0/junit-platform-commons-1.7.0.jar:/home/runner/.m2/repository/org/junit/jupiter/junit-jupiter-engine/5.7.0/junit-jupiter-engine-5.7.0.jar:/home/runner/.m2/repository/org/junit/platform/junit-platform-engine/1.7.0/junit-platform-engine-1.7.0.jar:/home/runner/.m2/repository/org/junit/vintage/junit-vintage-engine/5.7.0/junit-vintage-engine-5.7.0.jar:/home/runner/.m2/repository/org/junit/platform/junit-platform-launcher/1.7.0/junit-platform-launcher-1.7.0.jar:/home/runner/.m2/repository/org/openjdk/jmh/jmh-core/1.19/jmh-core-1.19.jar:/home/runner/.m2/repository/net/sf/jopt-simple/jopt-simple/4.6/jopt-simple-4.6.jar:/home/runner/.m2/repository/org/apache/commons/commons-math3/3.1.1/commons-math3-3.1.1.jar:/home/runner/.m2/repository/org/openjdk/jmh/jmh-generator-annprocess/1.19/jmh-generator-annprocess-1.19.jar:/home/runner/.m2/repository/org/mockito/mockito-core/2.28.2/mockito-core-2.28.2.jar:/home/runner/.m2/repository/net/bytebuddy/byte-buddy/1.9.10/byte-buddy-1.9.10.jar:/home/runner/.m2/repository/net/bytebuddy/byte-buddy-agent/1.9.10/byte-buddy-agent-1.9.10.jar:/home/runner/.m2/repository/org/objenesis/objenesis/1.0/objenesis-1.0.jar:/home/runner/.m2/repository/org/apache/hadoop/hadoop-kms/3.3.1/hadoop-kms-3.3.1.jar:/home/runner/.m2/repository/org/apache/hadoop/hadoop-auth/3.3.1/hadoop-auth-3.3.1.jar:/home/runner/.m2/repository/com/nimbusds/nimbus-jose-jwt/7.9/nimbus-jose-jwt-7.9.jar:/home/runner/.m2/repository/com/github/stephenc/jcip/jcip-annotations/1.0-1/jcip-annotations-1.0-1.jar:/home/runner/.m2/repository/net/minidev/json-smart/2.3/json-smart-2.3.jar:/home/runner/.m2/repository/net/minidev/accessors-smart/1.2/accessors-smart-1.2.jar:/home/runner/.m2/repository/org/ow2/asm/asm/5.0.4/asm-5.0.4.jar:/home/runner/.m2/repository/org/apache/zookeeper/zookeeper/3.5.6/zookeeper-3.5.6.jar:/home/runner/.m2/repository/org/apache/zookeeper/zookeeper-jute/3.5.6/zookeeper-jute-3.5.6.jar:/home/runner/.m2/repository/org/apache/yetus/audience-annotations/0.5.0/audience-annotations-0.5.0.jar:/home/runner/.m2/repository/org/apache/curator/curator-framework/4.2.0/curator-framework-4.2.0.jar:/home/runner/.m2/repository/org/apache/hadoop/thirdparty/hadoop-shaded-guava/1.1.1/hadoop-shaded-guava-1.1.1.jar:/home/runner/.m2/repository/com/sun/jersey/jersey-core/1.19/jersey-core-1.19.jar:/home/runner/.m2/repository/javax/ws/rs/jsr311-api/1.1.1/jsr311-api-1.1.1.jar:/home/runner/.m2/repository/com/sun/jersey/jersey-server/1.19/jersey-server-1.19.jar:/home/runner/.m2/repository/javax/servlet/javax.servlet-api/3.1.0/javax.servlet-api-3.1.0.jar:/home/runner/.m2/repository/org/eclipse/jetty/jetty-server/9.4.43.v20210629/jetty-server-9.4.43.v20210629.jar:/home/runner/.m2/repository/org/eclipse/jetty/jetty-http/9.4.43.v20210629/jetty-http-9.4.43.v20210629.jar:/home/runner/.m2/repository/org/eclipse/jetty/jetty-io/9.4.43.v20210629/jetty-io-9.4.43.v20210629.jar:/home/runner/.m2/repository/org/eclipse/jetty/jetty-webapp/9.4.43.v20210629/jetty-webapp-9.4.43.v20210629.jar:/home/runner/.m2/repository/org/eclipse/jetty/jetty-xml/9.4.43.v20210629/jetty-xml-9.4.43.v20210629.jar:/home/runner/.m2/repository/org/apache/hadoop/hadoop-common/3.3.1/hadoop-common-3.3.1.jar:/home/runner/.m2/repository/commons-net/commons-net/3.6/commons-net-3.6.jar:/home/runner/.m2/repository/jakarta/activation/jakarta.activation-api/1.2.1/jakarta.activation-api-1.2.1.jar:/home/runner/.m2/repository/com/sun/jersey/jersey-servlet/1.19/jersey-servlet-1.19.jar:/home/runner/.m2/repository/com/sun/jersey/jersey-json/1.19/jersey-json-1.19.jar:/home/runner/.m2/repository/org/codehaus/jettison/jettison/1.1/jettison-1.1.jar:/home/runner/.m2/repository/com/sun/xml/bind/jaxb-impl/2.2.3-1/jaxb-impl-2.2.3-1.jar:/home/runner/.m2/repository/org/codehaus/jackson/jackson-jaxrs/1.9.2/jackson-jaxrs-1.9.2.jar:/home/runner/.m2/repository/org/codehaus/jackson/jackson-xc/1.9.2/jackson-xc-1.9.2.jar:/home/runner/.m2/repository/org/apache/commons/commons-configuration2/2.1.1/commons-configuration2-2.1.1.jar:/home/runner/.m2/repository/org/apache/commons/commons-text/1.4/commons-text-1.4.jar:/home/runner/.m2/repository/com/google/re2j/re2j/1.1/re2j-1.1.jar:/home/runner/.m2/repository/com/jcraft/jsch/0.1.54/jsch-0.1.54.jar:/home/runner/.m2/repository/org/apache/curator/curator-client/4.2.0/curator-client-4.2.0.jar:/home/runner/.m2/repository/org/apache/curator/curator-recipes/4.2.0/curator-recipes-4.2.0.jar:/home/runner/.m2/repository/org/apache/kerby/kerb-core/1.0.1/kerb-core-1.0.1.jar:/home/runner/.m2/repository/org/apache/kerby/kerby-pkix/1.0.1/kerby-pkix-1.0.1.jar:/home/runner/.m2/repository/org/apache/kerby/kerby-asn1/1.0.1/kerby-asn1-1.0.1.jar:/home/runner/.m2/repository/org/apache/kerby/kerby-util/1.0.1/kerby-util-1.0.1.jar:/home/runner/.m2/repository/dnsjava/dnsjava/2.1.7/dnsjava-2.1.7.jar:/home/runner/.m2/repository/org/xerial/snappy/snappy-java/1.1.8.2/snappy-java-1.1.8.2.jar:/home/runner/.m2/repository/org/slf4j/jul-to-slf4j/1.7.30/jul-to-slf4j-1.7.30.jar:/home/runner/.m2/repository/org/eclipse/jetty/jetty-util/9.4.43.v20210629/jetty-util-9.4.43.v20210629.jar:/home/runner/.m2/repository/com/fasterxml/jackson/core/jackson-databind/2.12.1/jackson-databind-2.12.1.jar:/home/runner/.m2/repository/org/apache/hadoop/hadoop-kms/3.3.1/hadoop-kms-3.3.1-tests.jar:/home/runner/.m2/repository/org/apache/ozone/hdds-server-scm/1.2.0-SNAPSHOT/hdds-server-scm-1.2.0-SNAPSHOT-tests.jar:/home/runner/.m2/repository/org/apache/ozone/hdds-container-service/1.2.0-SNAPSHOT/hdds-container-service-1.2.0-SNAPSHOT-tests.jar:/home/runner/.m2/repository/commons-codec/commons-codec/1.11/commons-codec-1.11.jar:/home/runner/.m2/repository/io/netty/netty-transport/4.1.63.Final/netty-transport-4.1.63.Final.jar:/home/runner/.m2/repository/io/netty/netty-resolver/4.1.63.Final/netty-resolver-4.1.63.Final.jar:/home/runner/.m2/repository/io/netty/netty-codec/4.1.63.Final/netty-codec-4.1.63.Final.jar:/home/runner/.m2/repository/io/netty/netty-handler/4.1.63.Final/netty-handler-4.1.63.Final.jar:/home/runner/.m2/repository/org/apache/ozone/hdds-hadoop-dependency-test/1.2.0-SNAPSHOT/hdds-hadoop-dependency-test-1.2.0-SNAPSHOT.jar:/home/runner/.m2/repository/org/apache/hadoop/hadoop-common/3.3.1/hadoop-common-3.3.1-tests.jar:/home/runner/.m2/repository/org/assertj/assertj-core/3.12.2/assertj-core-3.12.2.jar:/home/runner/.m2/repository/org/apache/hadoop/hadoop-hdfs/3.3.1/hadoop-hdfs-3.3.1-tests.jar:/home/runner/.m2/repository/org/eclipse/jetty/jetty-util-ajax/9.4.43.v20210629/jetty-util-ajax-9.4.43.v20210629.jar:/home/runner/.m2/repository/commons-daemon/commons-daemon/1.0.13/commons-daemon-1.0.13.jar:/home/runner/.m2/repository/io/netty/netty/3.10.6.Final/netty-3.10.6.Final.jar:/home/runner/.m2/repository/io/netty/netty-all/4.1.63.Final/netty-all-4.1.63.Final.jar:/home/runner/.m2/repository/org/apache/htrace/htrace-core4/4.1.0-incubating/htrace-core4-4.1.0-incubating.jar:/home/runner/.m2/repository/org/fusesource/leveldbjni/leveldbjni-all/1.8/leveldbjni-all-1.8.jar:/home/runner/.m2/repository/org/apache/hadoop/hadoop-distcp/3.3.1/hadoop-distcp-3.3.1.jar:/home/runner/.m2/repository/org/apache/hadoop/hadoop-mapreduce-client-jobclient/3.3.1/hadoop-mapreduce-client-jobclient-3.3.1.jar:/home/runner/.m2/repository/org/apache/hadoop/hadoop-mapreduce-client-common/3.3.1/hadoop-mapreduce-client-common-3.3.1.jar:/home/runner/.m2/repository/org/apache/hadoop/hadoop-yarn-common/3.3.1/hadoop-yarn-common-3.3.1.jar:/home/runner/.m2/repository/org/apache/hadoop/hadoop-yarn-api/3.3.1/hadoop-yarn-api-3.3.1.jar:/home/runner/.m2/repository/com/sun/jersey/jersey-client/1.19/jersey-client-1.19.jar:/home/runner/.m2/repository/com/sun/jersey/contribs/jersey-guice/1.19/jersey-guice-1.19.jar:/home/runner/.m2/repository/com/fasterxml/jackson/jaxrs/jackson-jaxrs-json-provider/2.12.1/jackson-jaxrs-json-provider-2.12.1.jar:/home/runner/.m2/repository/com/fasterxml/jackson/jaxrs/jackson-jaxrs-base/2.12.1/jackson-jaxrs-base-2.12.1.jar:/home/runner/.m2/repository/org/apache/hadoop/hadoop-yarn-client/3.3.1/hadoop-yarn-client-3.3.1.jar:/home/runner/.m2/repository/org/eclipse/jetty/websocket/websocket-client/9.4.40.v20210413/websocket-client-9.4.40.v20210413.jar:/home/runner/.m2/repository/org/eclipse/jetty/jetty-client/9.4.40.v20210413/jetty-client-9.4.40.v20210413.jar:/home/runner/.m2/repository/org/eclipse/jetty/websocket/websocket-common/9.4.40.v20210413/websocket-common-9.4.40.v20210413.jar:/home/runner/.m2/repository/org/eclipse/jetty/websocket/websocket-api/9.4.40.v20210413/websocket-api-9.4.40.v20210413.jar:/home/runner/.m2/repository/org/jline/jline/3.9.0/jline-3.9.0.jar:/home/runner/.m2/repository/org/apache/hadoop/hadoop-mapreduce-client-core/3.3.1/hadoop-mapreduce-client-core-3.3.1.jar:/home/runner/.m2/repository/org/apache/avro/avro/1.7.7/avro-1.7.7.jar:/home/runner/.m2/repository/org/codehaus/jackson/jackson-core-asl/1.9.13/jackson-core-asl-1.9.13.jar:/home/runner/.m2/repository/org/codehaus/jackson/jackson-mapper-asl/1.9.13/jackson-mapper-asl-1.9.13.jar:/home/runner/.m2/repository/com/thoughtworks/paranamer/paranamer/2.3/paranamer-2.3.jar:/home/runner/.m2/repository/org/apache/hadoop/hadoop-annotations/3.3.1/hadoop-annotations-3.3.1.jar:/usr/lib/jvm/adoptopenjdk-8-hotspot-amd64/jre/../lib/tools.jar:/home/runner/.m2/repository/org/apache/hadoop/hadoop-distcp/3.3.1/hadoop-distcp-3.3.1-tests.jar:"/>
    <property name="java.vm.vendor" value="AdoptOpenJDK"/>
    <property name="sun.arch.data.model" value="64"/>
    <property name="test.build.dir" value="/home/runner/work/ozone/ozone/hadoop-ozone/integration-test/target/test-dir"/>
    <property name="test.cache.data" value=""/>
    <property name="java.vendor.url" value="https://adoptopenjdk.net/"/>
    <property name="user.timezone" value=""/>
    <property name="java.vm.specification.version" value="1.8"/>
    <property name="os.name" value="Linux"/>
    <property name="test.build.data" value="/home/runner/work/ozone/ozone/hadoop-ozone/integration-test/target/test-dir"/>
    <property name="sun.java.launcher" value="SUN_STANDARD"/>
    <property name="sun.boot.library.path" value="/usr/lib/jvm/adoptopenjdk-8-hotspot-amd64/jre/lib/amd64"/>
    <property name="sun.java.command" value="/home/runner/work/ozone/ozone/hadoop-ozone/integration-test/target/surefire/surefirebooter6290990589725587354.jar /home/runner/work/ozone/ozone/hadoop-ozone/integration-test/target/surefire 2021-08-11T23-57-28_155-jvmRun1 surefire1319778097179576203tmp surefire_143822628045658585160tmp"/>
    <property name="surefire.test.class.path" value="/home/runner/work/ozone/ozone/hadoop-ozone/integration-test/target/test-classes:/home/runner/work/ozone/ozone/hadoop-ozone/integration-test/target/classes:/home/runner/.m2/repository/org/apache/ozone/ozone-common/1.2.0-SNAPSHOT/ozone-common-1.2.0-SNAPSHOT.jar:/home/runner/.m2/repository/org/apache/commons/commons-compress/1.20/commons-compress-1.20.jar:/home/runner/.m2/repository/org/apache/ozone/hdds-common/1.2.0-SNAPSHOT/hdds-common-1.2.0-SNAPSHOT.jar:/home/runner/.m2/repository/org/apache/ozone/hdds-client/1.2.0-SNAPSHOT/hdds-client-1.2.0-SNAPSHOT.jar:/home/runner/.m2/repository/org/apache/ozone/ozone-interface-client/1.2.0-SNAPSHOT/ozone-interface-client-1.2.0-SNAPSHOT.jar:/home/runner/.m2/repository/org/apache/ozone/hdds-server-framework/1.2.0-SNAPSHOT/hdds-server-framework-1.2.0-SNAPSHOT.jar:/home/runner/.m2/repository/org/apache/ozone/hdds-interface-server/1.2.0-SNAPSHOT/hdds-interface-server-1.2.0-SNAPSHOT.jar:/home/runner/.m2/repository/org/eclipse/jetty/jetty-servlet/9.4.43.v20210629/jetty-servlet-9.4.43.v20210629.jar:/home/runner/.m2/repository/org/eclipse/jetty/jetty-security/9.4.43.v20210629/jetty-security-9.4.43.v20210629.jar:/home/runner/.m2/repository/org/rocksdb/rocksdbjni/6.20.3/rocksdbjni-6.20.3.jar:/home/runner/.m2/repository/io/prometheus/simpleclient_dropwizard/0.7.0/simpleclient_dropwizard-0.7.0.jar:/home/runner/.m2/repository/io/prometheus/simpleclient/0.7.0/simpleclient-0.7.0.jar:/home/runner/.m2/repository/io/prometheus/simpleclient_common/0.7.0/simpleclient_common-0.7.0.jar:/home/runner/.m2/repository/com/fasterxml/jackson/datatype/jackson-datatype-jsr310/2.12.1/jackson-datatype-jsr310-2.12.1.jar:/home/runner/.m2/repository/org/apache/ozone/hdds-test-utils/1.2.0-SNAPSHOT/hdds-test-utils-1.2.0-SNAPSHOT.jar:/home/runner/.m2/repository/com/google/guava/guava/30.1.1-jre/guava-30.1.1-jre.jar:/home/runner/.m2/repository/com/google/guava/failureaccess/1.0.1/failureaccess-1.0.1.jar:/home/runner/.m2/repository/com/google/guava/listenablefuture/9999.0-empty-to-avoid-conflict-with-guava/listenablefuture-9999.0-empty-to-avoid-conflict-with-guava.jar:/home/runner/.m2/repository/com/google/code/findbugs/jsr305/3.0.0/jsr305-3.0.0.jar:/home/runner/.m2/repository/org/checkerframework/checker-qual/3.8.0/checker-qual-3.8.0.jar:/home/runner/.m2/repository/com/google/errorprone/error_prone_annotations/2.2.0/error_prone_annotations-2.2.0.jar:/home/runner/.m2/repository/com/google/j2objc/j2objc-annotations/1.3/j2objc-annotations-1.3.jar:/home/runner/.m2/repository/commons-io/commons-io/2.8.0/commons-io-2.8.0.jar:/home/runner/.m2/repository/commons-logging/commons-logging/1.2/commons-logging-1.2.jar:/home/runner/.m2/repository/log4j/log4j/1.2.17/log4j-1.2.17.jar:/home/runner/.m2/repository/org/slf4j/slf4j-api/1.7.30/slf4j-api-1.7.30.jar:/home/runner/.m2/repository/org/apache/ozone/hdds-server-scm/1.2.0-SNAPSHOT/hdds-server-scm-1.2.0-SNAPSHOT.jar:/home/runner/.m2/repository/org/apache/ozone/hdds-container-service/1.2.0-SNAPSHOT/hdds-container-service-1.2.0-SNAPSHOT.jar:/home/runner/.m2/repository/org/apache/ozone/hdds-hadoop-dependency-server/1.2.0-SNAPSHOT/hdds-hadoop-dependency-server-1.2.0-SNAPSHOT.jar:/home/runner/.m2/repository/org/apache/hadoop/hadoop-hdfs/3.3.1/hadoop-hdfs-3.3.1.jar:/home/runner/.m2/repository/io/dropwizard/metrics/metrics-core/3.2.4/metrics-core-3.2.4.jar:/home/runner/.m2/repository/org/apache/hadoop/hadoop-hdfs-client/3.3.1/hadoop-hdfs-client-3.3.1.jar:/home/runner/.m2/repository/org/bouncycastle/bcprov-jdk15on/1.67/bcprov-jdk15on-1.67.jar:/home/runner/.m2/repository/com/google/protobuf/protobuf-java/2.5.0/protobuf-java-2.5.0.jar:/home/runner/.m2/repository/org/apache/ozone/ozone-manager/1.2.0-SNAPSHOT/ozone-manager-1.2.0-SNAPSHOT.jar:/home/runner/.m2/repository/org/aspectj/aspectjrt/1.8.9/aspectjrt-1.8.9.jar:/home/runner/.m2/repository/org/aspectj/aspectjweaver/1.8.9/aspectjweaver-1.8.9.jar:/home/runner/.m2/repository/org/apache/ozone/hdds-interface-client/1.2.0-SNAPSHOT/hdds-interface-client-1.2.0-SNAPSHOT.jar:/home/runner/.m2/repository/org/apache/hadoop/thirdparty/hadoop-shaded-protobuf_3_7/1.1.1/hadoop-shaded-protobuf_3_7-1.1.1.jar:/home/runner/.m2/repository/org/apache/ratis/ratis-thirdparty-misc/0.7.0/ratis-thirdparty-misc-0.7.0.jar:/home/runner/.m2/repository/org/apache/ozone/ozone-interface-storage/1.2.0-SNAPSHOT/ozone-interface-storage-1.2.0-SNAPSHOT.jar:/home/runner/.m2/repository/org/reflections/reflections/0.9.11/reflections-0.9.11.jar:/home/runner/.m2/repository/org/apache/hadoop/hadoop-minikdc/3.3.1/hadoop-minikdc-3.3.1.jar:/home/runner/.m2/repository/org/apache/kerby/kerb-simplekdc/1.0.1/kerb-simplekdc-1.0.1.jar:/home/runner/.m2/repository/org/apache/kerby/kerb-client/1.0.1/kerb-client-1.0.1.jar:/home/runner/.m2/repository/org/apache/kerby/kerby-config/1.0.1/kerby-config-1.0.1.jar:/home/runner/.m2/repository/org/apache/kerby/kerb-common/1.0.1/kerb-common-1.0.1.jar:/home/runner/.m2/repository/org/apache/kerby/kerb-crypto/1.0.1/kerb-crypto-1.0.1.jar:/home/runner/.m2/repository/org/apache/kerby/kerb-util/1.0.1/kerb-util-1.0.1.jar:/home/runner/.m2/repository/org/apache/kerby/token-provider/1.0.1/token-provider-1.0.1.jar:/home/runner/.m2/repository/org/apache/kerby/kerb-admin/1.0.1/kerb-admin-1.0.1.jar:/home/runner/.m2/repository/org/apache/kerby/kerb-server/1.0.1/kerb-server-1.0.1.jar:/home/runner/.m2/repository/org/apache/kerby/kerb-identity/1.0.1/kerb-identity-1.0.1.jar:/home/runner/.m2/repository/org/apache/kerby/kerby-xdr/1.0.1/kerby-xdr-1.0.1.jar:/home/runner/.m2/repository/org/slf4j/slf4j-log4j12/1.7.30/slf4j-log4j12-1.7.30.jar:/home/runner/.m2/repository/org/apache/ozone/ozone-s3gateway/1.2.0-SNAPSHOT/ozone-s3gateway-1.2.0-SNAPSHOT.jar:/home/runner/.m2/repository/org/javassist/javassist/3.21.0-GA/javassist-3.21.0-GA.jar:/home/runner/.m2/repository/org/jboss/weld/servlet/weld-servlet/2.4.7.Final/weld-servlet-2.4.7.Final.jar:/home/runner/.m2/repository/org/glassfish/jersey/containers/jersey-container-servlet-core/2.33/jersey-container-servlet-core-2.33.jar:/home/runner/.m2/repository/org/glassfish/hk2/external/jakarta.inject/2.6.1/jakarta.inject-2.6.1.jar:/home/runner/.m2/repository/org/glassfish/jersey/core/jersey-common/2.33/jersey-common-2.33.jar:/home/runner/.m2/repository/jakarta/ws/rs/jakarta.ws.rs-api/2.1.6/jakarta.ws.rs-api-2.1.6.jar:/home/runner/.m2/repository/org/glassfish/jersey/ext/cdi/jersey-cdi1x/2.33/jersey-cdi1x-2.33.jar:/home/runner/.m2/repository/org/glassfish/jersey/inject/jersey-hk2/2.33/jersey-hk2-2.33.jar:/home/runner/.m2/repository/org/glassfish/hk2/hk2-locator/2.6.1/hk2-locator-2.6.1.jar:/home/runner/.m2/repository/org/glassfish/jersey/media/jersey-media-jaxb/2.33/jersey-media-jaxb-2.33.jar:/home/runner/.m2/repository/org/glassfish/hk2/osgi-resource-locator/1.0.3/osgi-resource-locator-1.0.3.jar:/home/runner/.m2/repository/org/glassfish/hk2/hk2-api/2.5.0/hk2-api-2.5.0.jar:/home/runner/.m2/repository/org/glassfish/hk2/hk2-utils/2.5.0/hk2-utils-2.5.0.jar:/home/runner/.m2/repository/org/glassfish/hk2/external/aopalliance-repackaged/2.5.0/aopalliance-repackaged-2.5.0.jar:/home/runner/.m2/repository/com/fasterxml/jackson/dataformat/jackson-dataformat-xml/2.12.1/jackson-dataformat-xml-2.12.1.jar:/home/runner/.m2/repository/com/fasterxml/jackson/core/jackson-core/2.12.1/jackson-core-2.12.1.jar:/home/runner/.m2/repository/com/fasterxml/jackson/module/jackson-module-jaxb-annotations/2.12.1/jackson-module-jaxb-annotations-2.12.1.jar:/home/runner/.m2/repository/jakarta/xml/bind/jakarta.xml.bind-api/2.3.2/jakarta.xml.bind-api-2.3.2.jar:/home/runner/.m2/repository/org/codehaus/woodstox/stax2-api/3.1.4/stax2-api-3.1.4.jar:/home/runner/.m2/repository/com/fasterxml/woodstox/woodstox-core/5.0.3/woodstox-core-5.0.3.jar:/home/runner/.m2/repository/javax/enterprise/cdi-api/1.2/cdi-api-1.2.jar:/home/runner/.m2/repository/javax/el/javax.el-api/3.0.0/javax.el-api-3.0.0.jar:/home/runner/.m2/repository/javax/interceptor/javax.interceptor-api/1.2/javax.interceptor-api-1.2.jar:/home/runner/.m2/repository/javax/inject/javax.inject/1/javax.inject-1.jar:/home/runner/.m2/repository/javax/xml/bind/jaxb-api/2.3.0/jaxb-api-2.3.0.jar:/home/runner/.m2/repository/org/glassfish/jaxb/jaxb-runtime/2.3.0.1/jaxb-runtime-2.3.0.1.jar:/home/runner/.m2/repository/org/glassfish/jaxb/jaxb-core/2.3.0.1/jaxb-core-2.3.0.1.jar:/home/runner/.m2/repository/org/glassfish/jaxb/txw2/2.3.0.1/txw2-2.3.0.1.jar:/home/runner/.m2/repository/com/sun/istack/istack-commons-runtime/3.0.5/istack-commons-runtime-3.0.5.jar:/home/runner/.m2/repository/org/jvnet/staxex/stax-ex/1.7.8/stax-ex-1.7.8.jar:/home/runner/.m2/repository/com/sun/xml/fastinfoset/FastInfoset/1.2.13/FastInfoset-1.2.13.jar:/home/runner/.m2/repository/javax/activation/activation/1.1.1/activation-1.1.1.jar:/home/runner/.m2/repository/org/apache/ozone/ozone-csi/1.2.0-SNAPSHOT/ozone-csi-1.2.0-SNAPSHOT.jar:/home/runner/.m2/repository/com/google/protobuf/protobuf-java-util/3.12.0/protobuf-java-util-3.12.0.jar:/home/runner/.m2/repository/com/google/code/gson/gson/2.2.4/gson-2.2.4.jar:/home/runner/.m2/repository/org/apache/ozone/hdds-config/1.2.0-SNAPSHOT/hdds-config-1.2.0-SNAPSHOT.jar:/home/runner/.m2/repository/io/grpc/grpc-netty/1.33.0/grpc-netty-1.33.0.jar:/home/runner/.m2/repository/io/grpc/grpc-core/1.33.0/grpc-core-1.33.0.jar:/home/runner/.m2/repository/com/google/android/annotations/4.1.1.4/annotations-4.1.1.4.jar:/home/runner/.m2/repository/io/netty/netty-codec-http2/4.1.63.Final/netty-codec-http2-4.1.63.Final.jar:/home/runner/.m2/repository/io/netty/netty-codec-http/4.1.63.Final/netty-codec-http-4.1.63.Final.jar:/home/runner/.m2/repository/io/netty/netty-handler-proxy/4.1.63.Final/netty-handler-proxy-4.1.63.Final.jar:/home/runner/.m2/repository/io/netty/netty-codec-socks/4.1.63.Final/netty-codec-socks-4.1.63.Final.jar:/home/runner/.m2/repository/io/perfmark/perfmark-api/0.19.0/perfmark-api-0.19.0.jar:/home/runner/.m2/repository/org/codehaus/mojo/animal-sniffer-annotations/1.18/animal-sniffer-annotations-1.18.jar:/home/runner/.m2/repository/io/netty/netty-transport-native-epoll/4.1.63.Final/netty-transport-native-epoll-4.1.63.Final.jar:/home/runner/.m2/repository/io/netty/netty-common/4.1.63.Final/netty-common-4.1.63.Final.jar:/home/runner/.m2/repository/io/netty/netty-buffer/4.1.63.Final/netty-buffer-4.1.63.Final.jar:/home/runner/.m2/repository/io/netty/netty-transport-native-unix-common/4.1.63.Final/netty-transport-native-unix-common-4.1.63.Final.jar:/home/runner/.m2/repository/io/grpc/grpc-protobuf/1.33.0/grpc-protobuf-1.33.0.jar:/home/runner/.m2/repository/io/grpc/grpc-api/1.33.0/grpc-api-1.33.0.jar:/home/runner/.m2/repository/io/grpc/grpc-context/1.33.0/grpc-context-1.33.0.jar:/home/runner/.m2/repository/com/google/api/grpc/proto-google-common-protos/1.17.0/proto-google-common-protos-1.17.0.jar:/home/runner/.m2/repository/io/grpc/grpc-protobuf-lite/1.33.0/grpc-protobuf-lite-1.33.0.jar:/home/runner/.m2/repository/io/grpc/grpc-stub/1.33.0/grpc-stub-1.33.0.jar:/home/runner/.m2/repository/org/apache/ozone/ozone-recon/1.2.0-SNAPSHOT/ozone-recon-1.2.0-SNAPSHOT.jar:/home/runner/.m2/repository/org/apache/ozone/ozone-reconcodegen/1.2.0-SNAPSHOT/ozone-reconcodegen-1.2.0-SNAPSHOT.jar:/home/runner/.m2/repository/com/google/inject/extensions/guice-multibindings/4.0/guice-multibindings-4.0.jar:/home/runner/.m2/repository/com/google/inject/guice/4.0/guice-4.0.jar:/home/runner/.m2/repository/aopalliance/aopalliance/1.0/aopalliance-1.0.jar:/home/runner/.m2/repository/com/google/inject/extensions/guice-assistedinject/4.0/guice-assistedinject-4.0.jar:/home/runner/.m2/repository/com/google/inject/extensions/guice-servlet/4.0/guice-servlet-4.0.jar:/home/runner/.m2/repository/org/glassfish/jersey/containers/jersey-container-servlet/2.33/jersey-container-servlet-2.33.jar:/home/runner/.m2/repository/org/glassfish/hk2/guice-bridge/2.5.0/guice-bridge-2.5.0.jar:/home/runner/.m2/repository/org/glassfish/jersey/core/jersey-server/2.33/jersey-server-2.33.jar:/home/runner/.m2/repository/org/glassfish/jersey/core/jersey-client/2.33/jersey-client-2.33.jar:/home/runner/.m2/repository/jakarta/annotation/jakarta.annotation-api/1.3.5/jakarta.annotation-api-1.3.5.jar:/home/runner/.m2/repository/jakarta/validation/jakarta.validation-api/2.0.2/jakarta.validation-api-2.0.2.jar:/home/runner/.m2/repository/org/glassfish/jersey/media/jersey-media-json-jackson/2.33/jersey-media-json-jackson-2.33.jar:/home/runner/.m2/repository/org/glassfish/jersey/ext/jersey-entity-filtering/2.33/jersey-entity-filtering-2.33.jar:/home/runner/.m2/repository/org/jooq/jooq/3.11.10/jooq-3.11.10.jar:/home/runner/.m2/repository/org/jooq/jooq-meta/3.11.10/jooq-meta-3.11.10.jar:/home/runner/.m2/repository/org/jooq/jooq-codegen/3.11.10/jooq-codegen-3.11.10.jar:/home/runner/.m2/repository/com/jolbox/bonecp/0.8.0.RELEASE/bonecp-0.8.0.RELEASE.jar:/home/runner/.m2/repository/org/apache/derby/derby/10.14.2.0/derby-10.14.2.0.jar:/home/runner/.m2/repository/org/xerial/sqlite-jdbc/3.25.2/sqlite-jdbc-3.25.2.jar:/home/runner/.m2/repository/org/springframework/spring-jdbc/5.2.11.RELEASE/spring-jdbc-5.2.11.RELEASE.jar:/home/runner/.m2/repository/org/springframework/spring-beans/5.2.11.RELEASE/spring-beans-5.2.11.RELEASE.jar:/home/runner/.m2/repository/org/springframework/spring-core/5.2.11.RELEASE/spring-core-5.2.11.RELEASE.jar:/home/runner/.m2/repository/org/springframework/spring-jcl/5.2.11.RELEASE/spring-jcl-5.2.11.RELEASE.jar:/home/runner/.m2/repository/org/springframework/spring-tx/5.2.11.RELEASE/spring-tx-5.2.11.RELEASE.jar:/home/runner/.m2/repository/org/apache/ozone/ozone-client/1.2.0-SNAPSHOT/ozone-client-1.2.0-SNAPSHOT.jar:/home/runner/.m2/repository/org/apache/ozone/ozone-filesystem/1.2.0-SNAPSHOT/ozone-filesystem-1.2.0-SNAPSHOT.jar:/home/runner/.m2/repository/org/apache/ozone/ozone-filesystem-common/1.2.0-SNAPSHOT/ozone-filesystem-common-1.2.0-SNAPSHOT.jar:/home/runner/.m2/repository/org/apache/ozone/ozone-tools/1.2.0-SNAPSHOT/ozone-tools-1.2.0-SNAPSHOT.jar:/home/runner/.m2/repository/org/apache/ratis/ratis-tools/2.1.0-03f3b68-SNAPSHOT/ratis-tools-2.1.0-03f3b68-SNAPSHOT.jar:/home/runner/.m2/repository/org/apache/ratis/ratis-proto/2.1.0-03f3b68-SNAPSHOT/ratis-proto-2.1.0-03f3b68-SNAPSHOT.jar:/home/runner/.m2/repository/org/apache/ratis/ratis-common/2.1.0-03f3b68-SNAPSHOT/ratis-common-2.1.0-03f3b68-SNAPSHOT.jar:/home/runner/.m2/repository/com/amazonaws/aws-java-sdk-core/1.11.901/aws-java-sdk-core-1.11.901.jar:/home/runner/.m2/repository/org/apache/httpcomponents/httpclient/4.5.13/httpclient-4.5.13.jar:/home/runner/.m2/repository/org/apache/httpcomponents/httpcore/4.4.13/httpcore-4.4.13.jar:/home/runner/.m2/repository/software/amazon/ion/ion-java/1.0.2/ion-java-1.0.2.jar:/home/runner/.m2/repository/com/fasterxml/jackson/dataformat/jackson-dataformat-cbor/2.12.1/jackson-dataformat-cbor-2.12.1.jar:/home/runner/.m2/repository/joda-time/joda-time/2.8.1/joda-time-2.8.1.jar:/home/runner/.m2/repository/com/amazonaws/aws-java-sdk-s3/1.11.901/aws-java-sdk-s3-1.11.901.jar:/home/runner/.m2/repository/com/amazonaws/aws-java-sdk-kms/1.11.901/aws-java-sdk-kms-1.11.901.jar:/home/runner/.m2/repository/com/amazonaws/jmespath-java/1.11.901/jmespath-java-1.11.901.jar:/home/runner/.m2/repository/org/kohsuke/metainf-services/metainf-services/1.8/metainf-services-1.8.jar:/home/runner/.m2/repository/org/apache/ozone/hdds-tools/1.2.0-SNAPSHOT/hdds-tools-1.2.0-SNAPSHOT.jar:/home/runner/.m2/repository/commons-cli/commons-cli/1.2/commons-cli-1.2.jar:/home/runner/.m2/repository/org/apache/commons/commons-lang3/3.7/commons-lang3-3.7.jar:/home/runner/.m2/repository/org/apache/ozone/ozone-manager/1.2.0-SNAPSHOT/ozone-manager-1.2.0-SNAPSHOT-tests.jar:/home/runner/.m2/repository/org/apache/ozone/hdds-common/1.2.0-SNAPSHOT/hdds-common-1.2.0-SNAPSHOT-tests.jar:/home/runner/.m2/repository/org/apache/ozone/hdds-hadoop-dependency-client/1.2.0-SNAPSHOT/hdds-hadoop-dependency-client-1.2.0-SNAPSHOT.jar:/home/runner/.m2/repository/info/picocli/picocli/4.4.0/picocli-4.4.0.jar:/home/runner/.m2/repository/com/fasterxml/jackson/core/jackson-annotations/2.12.1/jackson-annotations-2.12.1.jar:/home/runner/.m2/repository/javax/annotation/javax.annotation-api/1.2/javax.annotation-api-1.2.jar:/home/runner/.m2/repository/org/apache/ratis/ratis-server/2.1.0-03f3b68-SNAPSHOT/ratis-server-2.1.0-03f3b68-SNAPSHOT.jar:/home/runner/.m2/repository/org/apache/ratis/ratis-client/2.1.0-03f3b68-SNAPSHOT/ratis-client-2.1.0-03f3b68-SNAPSHOT.jar:/home/runner/.m2/repository/org/apache/ratis/ratis-server-api/2.1.0-03f3b68-SNAPSHOT/ratis-server-api-2.1.0-03f3b68-SNAPSHOT.jar:/home/runner/.m2/repository/org/apache/ratis/ratis-metrics/2.1.0-03f3b68-SNAPSHOT/ratis-metrics-2.1.0-03f3b68-SNAPSHOT.jar:/home/runner/.m2/repository/org/apache/ratis/ratis-netty/2.1.0-03f3b68-SNAPSHOT/ratis-netty-2.1.0-03f3b68-SNAPSHOT.jar:/home/runner/.m2/repository/org/apache/ratis/ratis-grpc/2.1.0-03f3b68-SNAPSHOT/ratis-grpc-2.1.0-03f3b68-SNAPSHOT.jar:/home/runner/.m2/repository/org/apache/logging/log4j/log4j-api/2.13.3/log4j-api-2.13.3.jar:/home/runner/.m2/repository/org/apache/logging/log4j/log4j-core/2.13.3/log4j-core-2.13.3.jar:/home/runner/.m2/repository/com/lmax/disruptor/3.4.2/disruptor-3.4.2.jar:/home/runner/.m2/repository/org/apache/commons/commons-pool2/2.6.0/commons-pool2-2.6.0.jar:/home/runner/.m2/repository/org/bouncycastle/bcpkix-jdk15on/1.67/bcpkix-jdk15on-1.67.jar:/home/runner/.m2/repository/commons-validator/commons-validator/1.6/commons-validator-1.6.jar:/home/runner/.m2/repository/commons-beanutils/commons-beanutils/1.9.4/commons-beanutils-1.9.4.jar:/home/runner/.m2/repository/commons-digester/commons-digester/1.8.1/commons-digester-1.8.1.jar:/home/runner/.m2/repository/commons-collections/commons-collections/3.2.2/commons-collections-3.2.2.jar:/home/runner/.m2/repository/io/jaegertracing/jaeger-client/1.6.0/jaeger-client-1.6.0.jar:/home/runner/.m2/repository/io/jaegertracing/jaeger-thrift/1.6.0/jaeger-thrift-1.6.0.jar:/home/runner/.m2/repository/org/apache/thrift/libthrift/0.14.1/libthrift-0.14.1.jar:/home/runner/.m2/repository/com/squareup/okhttp3/okhttp/4.9.0/okhttp-4.9.0.jar:/home/runner/.m2/repository/com/squareup/okio/okio/2.8.0/okio-2.8.0.jar:/home/runner/.m2/repository/io/jaegertracing/jaeger-core/1.6.0/jaeger-core-1.6.0.jar:/home/runner/.m2/repository/io/jaegertracing/jaeger-tracerresolver/1.6.0/jaeger-tracerresolver-1.6.0.jar:/home/runner/.m2/repository/io/opentracing/contrib/opentracing-tracerresolver/0.1.8/opentracing-tracerresolver-0.1.8.jar:/home/runner/.m2/repository/org/jetbrains/kotlin/kotlin-stdlib/1.4.31/kotlin-stdlib-1.4.31.jar:/home/runner/.m2/repository/org/jetbrains/kotlin/kotlin-stdlib-common/1.4.31/kotlin-stdlib-common-1.4.31.jar:/home/runner/.m2/repository/org/jetbrains/annotations/13.0/annotations-13.0.jar:/home/runner/.m2/repository/io/opentracing/opentracing-util/0.33.0/opentracing-util-0.33.0.jar:/home/runner/.m2/repository/io/opentracing/opentracing-api/0.33.0/opentracing-api-0.33.0.jar:/home/runner/.m2/repository/io/opentracing/opentracing-noop/0.33.0/opentracing-noop-0.33.0.jar:/home/runner/.m2/repository/org/yaml/snakeyaml/1.26/snakeyaml-1.26.jar:/home/runner/.m2/repository/org/apache/ozone/hdds-interface-admin/1.2.0-SNAPSHOT/hdds-interface-admin-1.2.0-SNAPSHOT.jar:/home/runner/.m2/repository/junit/junit/4.13.1/junit-4.13.1.jar:/home/runner/.m2/repository/org/hamcrest/hamcrest-core/1.3/hamcrest-core-1.3.jar:/home/runner/.m2/repository/org/junit/jupiter/junit-jupiter-api/5.7.0/junit-jupiter-api-5.7.0.jar:/home/runner/.m2/repository/org/apiguardian/apiguardian-api/1.1.0/apiguardian-api-1.1.0.jar:/home/runner/.m2/repository/org/opentest4j/opentest4j/1.2.0/opentest4j-1.2.0.jar:/home/runner/.m2/repository/org/junit/platform/junit-platform-commons/1.7.0/junit-platform-commons-1.7.0.jar:/home/runner/.m2/repository/org/junit/jupiter/junit-jupiter-engine/5.7.0/junit-jupiter-engine-5.7.0.jar:/home/runner/.m2/repository/org/junit/platform/junit-platform-engine/1.7.0/junit-platform-engine-1.7.0.jar:/home/runner/.m2/repository/org/junit/vintage/junit-vintage-engine/5.7.0/junit-vintage-engine-5.7.0.jar:/home/runner/.m2/repository/org/junit/platform/junit-platform-launcher/1.7.0/junit-platform-launcher-1.7.0.jar:/home/runner/.m2/repository/org/openjdk/jmh/jmh-core/1.19/jmh-core-1.19.jar:/home/runner/.m2/repository/net/sf/jopt-simple/jopt-simple/4.6/jopt-simple-4.6.jar:/home/runner/.m2/repository/org/apache/commons/commons-math3/3.1.1/commons-math3-3.1.1.jar:/home/runner/.m2/repository/org/openjdk/jmh/jmh-generator-annprocess/1.19/jmh-generator-annprocess-1.19.jar:/home/runner/.m2/repository/org/mockito/mockito-core/2.28.2/mockito-core-2.28.2.jar:/home/runner/.m2/repository/net/bytebuddy/byte-buddy/1.9.10/byte-buddy-1.9.10.jar:/home/runner/.m2/repository/net/bytebuddy/byte-buddy-agent/1.9.10/byte-buddy-agent-1.9.10.jar:/home/runner/.m2/repository/org/objenesis/objenesis/1.0/objenesis-1.0.jar:/home/runner/.m2/repository/org/apache/hadoop/hadoop-kms/3.3.1/hadoop-kms-3.3.1.jar:/home/runner/.m2/repository/org/apache/hadoop/hadoop-auth/3.3.1/hadoop-auth-3.3.1.jar:/home/runner/.m2/repository/com/nimbusds/nimbus-jose-jwt/7.9/nimbus-jose-jwt-7.9.jar:/home/runner/.m2/repository/com/github/stephenc/jcip/jcip-annotations/1.0-1/jcip-annotations-1.0-1.jar:/home/runner/.m2/repository/net/minidev/json-smart/2.3/json-smart-2.3.jar:/home/runner/.m2/repository/net/minidev/accessors-smart/1.2/accessors-smart-1.2.jar:/home/runner/.m2/repository/org/ow2/asm/asm/5.0.4/asm-5.0.4.jar:/home/runner/.m2/repository/org/apache/zookeeper/zookeeper/3.5.6/zookeeper-3.5.6.jar:/home/runner/.m2/repository/org/apache/zookeeper/zookeeper-jute/3.5.6/zookeeper-jute-3.5.6.jar:/home/runner/.m2/repository/org/apache/yetus/audience-annotations/0.5.0/audience-annotations-0.5.0.jar:/home/runner/.m2/repository/org/apache/curator/curator-framework/4.2.0/curator-framework-4.2.0.jar:/home/runner/.m2/repository/org/apache/hadoop/thirdparty/hadoop-shaded-guava/1.1.1/hadoop-shaded-guava-1.1.1.jar:/home/runner/.m2/repository/com/sun/jersey/jersey-core/1.19/jersey-core-1.19.jar:/home/runner/.m2/repository/javax/ws/rs/jsr311-api/1.1.1/jsr311-api-1.1.1.jar:/home/runner/.m2/repository/com/sun/jersey/jersey-server/1.19/jersey-server-1.19.jar:/home/runner/.m2/repository/javax/servlet/javax.servlet-api/3.1.0/javax.servlet-api-3.1.0.jar:/home/runner/.m2/repository/org/eclipse/jetty/jetty-server/9.4.43.v20210629/jetty-server-9.4.43.v20210629.jar:/home/runner/.m2/repository/org/eclipse/jetty/jetty-http/9.4.43.v20210629/jetty-http-9.4.43.v20210629.jar:/home/runner/.m2/repository/org/eclipse/jetty/jetty-io/9.4.43.v20210629/jetty-io-9.4.43.v20210629.jar:/home/runner/.m2/repository/org/eclipse/jetty/jetty-webapp/9.4.43.v20210629/jetty-webapp-9.4.43.v20210629.jar:/home/runner/.m2/repository/org/eclipse/jetty/jetty-xml/9.4.43.v20210629/jetty-xml-9.4.43.v20210629.jar:/home/runner/.m2/repository/org/apache/hadoop/hadoop-common/3.3.1/hadoop-common-3.3.1.jar:/home/runner/.m2/repository/commons-net/commons-net/3.6/commons-net-3.6.jar:/home/runner/.m2/repository/jakarta/activation/jakarta.activation-api/1.2.1/jakarta.activation-api-1.2.1.jar:/home/runner/.m2/repository/com/sun/jersey/jersey-servlet/1.19/jersey-servlet-1.19.jar:/home/runner/.m2/repository/com/sun/jersey/jersey-json/1.19/jersey-json-1.19.jar:/home/runner/.m2/repository/org/codehaus/jettison/jettison/1.1/jettison-1.1.jar:/home/runner/.m2/repository/com/sun/xml/bind/jaxb-impl/2.2.3-1/jaxb-impl-2.2.3-1.jar:/home/runner/.m2/repository/org/codehaus/jackson/jackson-jaxrs/1.9.2/jackson-jaxrs-1.9.2.jar:/home/runner/.m2/repository/org/codehaus/jackson/jackson-xc/1.9.2/jackson-xc-1.9.2.jar:/home/runner/.m2/repository/org/apache/commons/commons-configuration2/2.1.1/commons-configuration2-2.1.1.jar:/home/runner/.m2/repository/org/apache/commons/commons-text/1.4/commons-text-1.4.jar:/home/runner/.m2/repository/com/google/re2j/re2j/1.1/re2j-1.1.jar:/home/runner/.m2/repository/com/jcraft/jsch/0.1.54/jsch-0.1.54.jar:/home/runner/.m2/repository/org/apache/curator/curator-client/4.2.0/curator-client-4.2.0.jar:/home/runner/.m2/repository/org/apache/curator/curator-recipes/4.2.0/curator-recipes-4.2.0.jar:/home/runner/.m2/repository/org/apache/kerby/kerb-core/1.0.1/kerb-core-1.0.1.jar:/home/runner/.m2/repository/org/apache/kerby/kerby-pkix/1.0.1/kerby-pkix-1.0.1.jar:/home/runner/.m2/repository/org/apache/kerby/kerby-asn1/1.0.1/kerby-asn1-1.0.1.jar:/home/runner/.m2/repository/org/apache/kerby/kerby-util/1.0.1/kerby-util-1.0.1.jar:/home/runner/.m2/repository/dnsjava/dnsjava/2.1.7/dnsjava-2.1.7.jar:/home/runner/.m2/repository/org/xerial/snappy/snappy-java/1.1.8.2/snappy-java-1.1.8.2.jar:/home/runner/.m2/repository/org/slf4j/jul-to-slf4j/1.7.30/jul-to-slf4j-1.7.30.jar:/home/runner/.m2/repository/org/eclipse/jetty/jetty-util/9.4.43.v20210629/jetty-util-9.4.43.v20210629.jar:/home/runner/.m2/repository/com/fasterxml/jackson/core/jackson-databind/2.12.1/jackson-databind-2.12.1.jar:/home/runner/.m2/repository/org/apache/hadoop/hadoop-kms/3.3.1/hadoop-kms-3.3.1-tests.jar:/home/runner/.m2/repository/org/apache/ozone/hdds-server-scm/1.2.0-SNAPSHOT/hdds-server-scm-1.2.0-SNAPSHOT-tests.jar:/home/runner/.m2/repository/org/apache/ozone/hdds-container-service/1.2.0-SNAPSHOT/hdds-container-service-1.2.0-SNAPSHOT-tests.jar:/home/runner/.m2/repository/commons-codec/commons-codec/1.11/commons-codec-1.11.jar:/home/runner/.m2/repository/io/netty/netty-transport/4.1.63.Final/netty-transport-4.1.63.Final.jar:/home/runner/.m2/repository/io/netty/netty-resolver/4.1.63.Final/netty-resolver-4.1.63.Final.jar:/home/runner/.m2/repository/io/netty/netty-codec/4.1.63.Final/netty-codec-4.1.63.Final.jar:/home/runner/.m2/repository/io/netty/netty-handler/4.1.63.Final/netty-handler-4.1.63.Final.jar:/home/runner/.m2/repository/org/apache/ozone/hdds-hadoop-dependency-test/1.2.0-SNAPSHOT/hdds-hadoop-dependency-test-1.2.0-SNAPSHOT.jar:/home/runner/.m2/repository/org/apache/hadoop/hadoop-common/3.3.1/hadoop-common-3.3.1-tests.jar:/home/runner/.m2/repository/org/assertj/assertj-core/3.12.2/assertj-core-3.12.2.jar:/home/runner/.m2/repository/org/apache/hadoop/hadoop-hdfs/3.3.1/hadoop-hdfs-3.3.1-tests.jar:/home/runner/.m2/repository/org/eclipse/jetty/jetty-util-ajax/9.4.43.v20210629/jetty-util-ajax-9.4.43.v20210629.jar:/home/runner/.m2/repository/commons-daemon/commons-daemon/1.0.13/commons-daemon-1.0.13.jar:/home/runner/.m2/repository/io/netty/netty/3.10.6.Final/netty-3.10.6.Final.jar:/home/runner/.m2/repository/io/netty/netty-all/4.1.63.Final/netty-all-4.1.63.Final.jar:/home/runner/.m2/repository/org/apache/htrace/htrace-core4/4.1.0-incubating/htrace-core4-4.1.0-incubating.jar:/home/runner/.m2/repository/org/fusesource/leveldbjni/leveldbjni-all/1.8/leveldbjni-all-1.8.jar:/home/runner/.m2/repository/org/apache/hadoop/hadoop-distcp/3.3.1/hadoop-distcp-3.3.1.jar:/home/runner/.m2/repository/org/apache/hadoop/hadoop-mapreduce-client-jobclient/3.3.1/hadoop-mapreduce-client-jobclient-3.3.1.jar:/home/runner/.m2/repository/org/apache/hadoop/hadoop-mapreduce-client-common/3.3.1/hadoop-mapreduce-client-common-3.3.1.jar:/home/runner/.m2/repository/org/apache/hadoop/hadoop-yarn-common/3.3.1/hadoop-yarn-common-3.3.1.jar:/home/runner/.m2/repository/org/apache/hadoop/hadoop-yarn-api/3.3.1/hadoop-yarn-api-3.3.1.jar:/home/runner/.m2/repository/com/sun/jersey/jersey-client/1.19/jersey-client-1.19.jar:/home/runner/.m2/repository/com/sun/jersey/contribs/jersey-guice/1.19/jersey-guice-1.19.jar:/home/runner/.m2/repository/com/fasterxml/jackson/jaxrs/jackson-jaxrs-json-provider/2.12.1/jackson-jaxrs-json-provider-2.12.1.jar:/home/runner/.m2/repository/com/fasterxml/jackson/jaxrs/jackson-jaxrs-base/2.12.1/jackson-jaxrs-base-2.12.1.jar:/home/runner/.m2/repository/org/apache/hadoop/hadoop-yarn-client/3.3.1/hadoop-yarn-client-3.3.1.jar:/home/runner/.m2/repository/org/eclipse/jetty/websocket/websocket-client/9.4.40.v20210413/websocket-client-9.4.40.v20210413.jar:/home/runner/.m2/repository/org/eclipse/jetty/jetty-client/9.4.40.v20210413/jetty-client-9.4.40.v20210413.jar:/home/runner/.m2/repository/org/eclipse/jetty/websocket/websocket-common/9.4.40.v20210413/websocket-common-9.4.40.v20210413.jar:/home/runner/.m2/repository/org/eclipse/jetty/websocket/websocket-api/9.4.40.v20210413/websocket-api-9.4.40.v20210413.jar:/home/runner/.m2/repository/org/jline/jline/3.9.0/jline-3.9.0.jar:/home/runner/.m2/repository/org/apache/hadoop/hadoop-mapreduce-client-core/3.3.1/hadoop-mapreduce-client-core-3.3.1.jar:/home/runner/.m2/repository/org/apache/avro/avro/1.7.7/avro-1.7.7.jar:/home/runner/.m2/repository/org/codehaus/jackson/jackson-core-asl/1.9.13/jackson-core-asl-1.9.13.jar:/home/runner/.m2/repository/org/codehaus/jackson/jackson-mapper-asl/1.9.13/jackson-mapper-asl-1.9.13.jar:/home/runner/.m2/repository/com/thoughtworks/paranamer/paranamer/2.3/paranamer-2.3.jar:/home/runner/.m2/repository/org/apache/hadoop/hadoop-annotations/3.3.1/hadoop-annotations-3.3.1.jar:/usr/lib/jvm/adoptopenjdk-8-hotspot-amd64/jre/../lib/tools.jar:/home/runner/.m2/repository/org/apache/hadoop/hadoop-distcp/3.3.1/hadoop-distcp-3.3.1-tests.jar:"/>
    <property name="sun.cpu.endian" value="little"/>
    <property name="user.home" value="/home/runner"/>
    <property name="user.language" value="en"/>
    <property name="java.specification.vendor" value="Oracle Corporation"/>
    <property name="java.home" value="/usr/lib/jvm/adoptopenjdk-8-hotspot-amd64/jre"/>
    <property name="java.security.krb5.conf" value="/home/runner/work/ozone/ozone/hadoop-ozone/integration-test/target/test-classes/krb5.conf"/>
    <property name="basedir" value="/home/runner/work/ozone/ozone/hadoop-ozone/integration-test"/>
    <property name="file.separator" value="/"/>
    <property name="line.separator" value="&#10;"/>
    <property name="java.vm.specification.vendor" value="Oracle Corporation"/>
    <property name="java.specification.name" value="Java Platform API Specification"/>
    <property name="java.awt.graphicsenv" value="sun.awt.X11GraphicsEnvironment"/>
    <property name="skip.installnpx" value="true"/>
    <property name="surefire.real.class.path" value="/home/runner/work/ozone/ozone/hadoop-ozone/integration-test/target/surefire/surefirebooter6290990589725587354.jar:/home/runner/.m2/repository/org/jacoco/org.jacoco.agent/0.8.5/org.jacoco.agent-0.8.5-runtime.jar"/>
    <property name="hadoop.log.dir" value="/home/runner/work/ozone/ozone/hadoop-ozone/integration-test/target/log"/>
    <property name="sun.boot.class.path" value="/usr/lib/jvm/adoptopenjdk-8-hotspot-amd64/jre/lib/resources.jar:/usr/lib/jvm/adoptopenjdk-8-hotspot-amd64/jre/lib/rt.jar:/usr/lib/jvm/adoptopenjdk-8-hotspot-amd64/jre/lib/sunrsasign.jar:/usr/lib/jvm/adoptopenjdk-8-hotspot-amd64/jre/lib/jsse.jar:/usr/lib/jvm/adoptopenjdk-8-hotspot-amd64/jre/lib/jce.jar:/usr/lib/jvm/adoptopenjdk-8-hotspot-amd64/jre/lib/charsets.jar:/usr/lib/jvm/adoptopenjdk-8-hotspot-amd64/jre/lib/jfr.jar:/usr/lib/jvm/adoptopenjdk-8-hotspot-amd64/jre/classes"/>
    <property name="sun.management.compiler" value="HotSpot 64-Bit Tiered Compilers"/>
    <property name="skip.npx" value="true"/>
    <property name="java.runtime.version" value="1.8.0_292-b10"/>
    <property name="java.net.preferIPv4Stack" value="true"/>
    <property name="user.name" value="runner"/>
    <property name="path.separator" value=":"/>
    <property name="java.security.egd" value="file:///dev/urandom"/>
    <property name="os.version" value="5.4.0-1055-azure"/>
    <property name="java.endorsed.dirs" value="/usr/lib/jvm/adoptopenjdk-8-hotspot-amd64/jre/lib/endorsed"/>
    <property name="java.runtime.name" value="OpenJDK Runtime Environment"/>
    <property name="file.encoding" value="UTF-8"/>
    <property name="java.vm.name" value="OpenJDK 64-Bit Server VM"/>
    <property name="test.build.webapps" value=""/>
    <property name="localRepository" value="/home/runner/.m2/repository"/>
    <property name="java.vendor.url.bug" value="https://github.com/AdoptOpenJDK/openjdk-support/issues"/>
    <property name="java.io.tmpdir" value="/tmp"/>
    <property name="require.test.libhadoop" value=""/>
    <property name="java.version" value="1.8.0_292"/>
    <property name="user.dir" value="/home/runner/work/ozone/ozone/hadoop-ozone/integration-test"/>
    <property name="os.arch" value="amd64"/>
    <property name="java.vm.specification.name" value="Java Virtual Machine Specification"/>
    <property name="test.build.classes" value="/home/runner/work/ozone/ozone/hadoop-ozone/integration-test/target/test-classes"/>
    <property name="java.awt.printerjob" value="sun.print.PSPrinterJob"/>
    <property name="sun.os.patch.level" value="unknown"/>
    <property name="hadoop.tmp.dir" value="/home/runner/work/ozone/ozone/hadoop-ozone/integration-test/target/tmp"/>
    <property name="java.library.path" value="/usr/java/packages/lib/amd64:/usr/lib64:/lib64:/lib:/usr/lib"/>
    <property name="java.vm.info" value="mixed mode"/>
    <property name="java.vendor" value="AdoptOpenJDK"/>
    <property name="java.vm.version" value="25.292-b10"/>
    <property name="java.ext.dirs" value="/usr/lib/jvm/adoptopenjdk-8-hotspot-amd64/jre/lib/ext:/usr/java/packages/lib/ext"/>
    <property name="sun.io.unicode.encoding" value="UnicodeLittle"/>
    <property name="java.class.version" value="52.0"/>
  </properties>
  <testcase name="testPipelineCloseWithPipelineAction" classname="org.apache.hadoop.hdds.scm.pipeline.TestPipelineClose" time="38.912"/>
  <testcase name="testPipelineCloseWithOpenContainer" classname="org.apache.hadoop.hdds.scm.pipeline.TestPipelineClose" time="61.717"/>
  <testcase name="testPipelineCloseWithClosedContainer" classname="org.apache.hadoop.hdds.scm.pipeline.TestPipelineClose" time="30.906"/>
  <testcase name="testPipelineCloseWithLogFailure" classname="org.apache.hadoop.hdds.scm.pipeline.TestPipelineClose" time="39.544">
    <failure message="&#10;Wanted but not invoked:&#10;pipelineActionHandler.onMessage(&#10;    &lt;Capturing argument&gt;,&#10;    &lt;any org.apache.hadoop.hdds.server.events.EventPublisher&gt;&#10;);&#10;-&gt; at org.apache.hadoop.hdds.scm.pipeline.PipelineActionHandler.onMessage(PipelineActionHandler.java:64)&#10;Actually, there were zero interactions with this mock.&#10;" type="Wanted but not invoked"><![CDATA[Wanted but not invoked:
pipelineActionHandler.onMessage(
    <Capturing argument>,
    <any org.apache.hadoop.hdds.server.events.EventPublisher>
);
-> at org.apache.hadoop.hdds.scm.pipeline.PipelineActionHandler.onMessage(PipelineActionHandler.java:64)
Actually, there were zero interactions with this mock.

	at org.apache.hadoop.hdds.scm.pipeline.PipelineActionHandler.onMessage(PipelineActionHandler.java:64)
	at org.apache.hadoop.hdds.scm.pipeline.TestPipelineClose.testPipelineCloseWithLogFailure(TestPipelineClose.java:246)
	at sun.reflect.NativeMethodAccessorImpl.invoke0(Native Method)
	at sun.reflect.NativeMethodAccessorImpl.invoke(NativeMethodAccessorImpl.java:62)
	at sun.reflect.DelegatingMethodAccessorImpl.invoke(DelegatingMethodAccessorImpl.java:43)
	at java.lang.reflect.Method.invoke(Method.java:498)
	at org.junit.runners.model.FrameworkMethod$1.runReflectiveCall(FrameworkMethod.java:59)
	at org.junit.internal.runners.model.ReflectiveCallable.run(ReflectiveCallable.java:12)
	at org.junit.runners.model.FrameworkMethod.invokeExplosively(FrameworkMethod.java:56)
	at org.junit.internal.runners.statements.InvokeMethod.evaluate(InvokeMethod.java:17)
	at org.junit.internal.runners.statements.RunBefores.evaluate(RunBefores.java:26)
	at org.junit.internal.runners.statements.RunAfters.evaluate(RunAfters.java:27)
	at org.junit.internal.runners.statements.FailOnTimeout$CallableStatement.call(FailOnTimeout.java:288)
	at org.junit.internal.runners.statements.FailOnTimeout$CallableStatement.call(FailOnTimeout.java:282)
	at java.util.concurrent.FutureTask.run(FutureTask.java:266)
	at java.lang.Thread.run(Thread.java:748)
]]></failure>
    <system-out><![CDATA[2021-08-12 00:19:21,637 [Time-limited test] WARN  server.ServerUtils (ServerUtils.java:getScmDbDir(148)) - ozone.scm.db.dirs is not configured. We recommend adding this setting. Falling back to ozone.metadata.dirs instead.
2021-08-12 00:19:21,642 [Time-limited test] INFO  ha.SCMHANodeDetails (SCMHANodeDetails.java:loadSCMHAConfig(157)) - ServiceID for StorageContainerManager is null
2021-08-12 00:19:21,642 [Time-limited test] INFO  ha.SCMHANodeDetails (SCMHANodeDetails.java:loadSCMHAConfig(162)) - ozone.scm.default.service.id is not defined, falling back to ozone.scm.service.ids to find serviceID for StorageContainerManager if it is HA enabled cluster
2021-08-12 00:19:21,643 [Time-limited test] WARN  server.ServerUtils (ServerUtils.java:getScmDbDir(148)) - ozone.scm.db.dirs is not configured. We recommend adding this setting. Falling back to ozone.metadata.dirs instead.
2021-08-12 00:19:21,643 [Time-limited test] INFO  upgrade.AbstractLayoutVersionManager (AbstractLayoutVersionManager.java:init(70)) - Initializing Layout version manager with metadata layout = SCM_HA (version = 2), software layout = SCM_HA (version = 2)
2021-08-12 00:19:21,697 [Time-limited test] INFO  reflections.Reflections (Reflections.java:scan(232)) - Reflections took 53 ms to scan 7 urls, producing 120 keys and 275 values 
2021-08-12 00:19:21,707 [Time-limited test] WARN  utils.HAUtils (HAUtils.java:getMetaDir(342)) - ozone.scm.db.dirs is not configured. We recommend adding this setting. Falling back to ozone.metadata.dirs instead.
2021-08-12 00:19:21,708 [Time-limited test] WARN  db.DBStoreBuilder (DBStoreBuilder.java:applyDBDefinition(145)) - ozone.scm.db.dirs is not configured. We recommend adding this setting. Falling back to ozone.metadata.dirs instead.
2021-08-12 00:19:21,814 [Time-limited test] INFO  net.NodeSchemaLoader (NodeSchemaLoader.java:loadSchemaFromFile(129)) - Loading schema from [jar:file:/home/runner/.m2/repository/org/apache/ozone/hdds-common/1.2.0-SNAPSHOT/hdds-common-1.2.0-SNAPSHOT.jar!/network-topology-default.xml]
2021-08-12 00:19:21,814 [Time-limited test] INFO  net.NodeSchemaLoader (NodeSchemaLoader.java:loadSchema(176)) - Loading network topology layer schema file
2021-08-12 00:19:21,821 [Time-limited test] INFO  ha.SequenceIdGenerator (SequenceIdGenerator.java:upgradeToSequenceId(327)) - upgrade localId to 107544261427200000
2021-08-12 00:19:21,821 [Time-limited test] INFO  ha.SequenceIdGenerator (SequenceIdGenerator.java:upgradeToSequenceId(337)) - upgrade delTxnId to 0
2021-08-12 00:19:21,821 [Time-limited test] INFO  ha.SequenceIdGenerator (SequenceIdGenerator.java:upgradeToSequenceId(351)) - upgrade containerId to 0
2021-08-12 00:19:21,822 [Time-limited test] INFO  ha.SequenceIdGenerator (SequenceIdGenerator.java:<init>(217)) - Init the HA SequenceIdGenerator.
2021-08-12 00:19:21,823 [Time-limited test] WARN  server.ServerUtils (ServerUtils.java:sanitizeUserArgs(73)) - ozone.scm.stale.node.interval value = 300000 is larger than max = 100000 based on the key value of ozone.scm.heartbeat.thread.interval, reset to the max value 100000.
2021-08-12 00:19:21,823 [Time-limited test] WARN  server.ServerUtils (ServerUtils.java:sanitizeUserArgs(73)) - ozone.scm.stale.node.interval value = 300000 is larger than max = 100000 based on the key value of ozone.scm.heartbeat.thread.interval, reset to the max value 100000.
2021-08-12 00:19:21,825 [Time-limited test] INFO  node.SCMNodeManager (SCMNodeManager.java:<init>(145)) - Entering startup safe mode.
2021-08-12 00:19:21,826 [Time-limited test] INFO  algorithms.ContainerPlacementPolicyFactory (ContainerPlacementPolicyFactory.java:getPolicy(60)) - Create container placement policy of type org.apache.hadoop.hdds.scm.container.placement.algorithms.SCMContainerPlacementRandom
2021-08-12 00:19:21,826 [Time-limited test] INFO  pipeline.PipelineStateManager (PipelineStateManagerV2Impl.java:initialize(78)) - No pipeline exists in current db
2021-08-12 00:19:21,826 [Time-limited test] INFO  algorithms.LeaderChoosePolicyFactory (LeaderChoosePolicyFactory.java:getPolicy(57)) - Create leader choose policy of type org.apache.hadoop.hdds.scm.pipeline.leader.choose.algorithms.MinLeaderCountChoosePolicy
2021-08-12 00:19:21,826 [Time-limited test] INFO  ha.SCMServiceManager (SCMServiceManager.java:register(43)) - Registering service BackgroundPipelineCreator.
2021-08-12 00:19:21,826 [Time-limited test] INFO  pipeline.BackgroundPipelineCreator (BackgroundPipelineCreatorV2.java:start(130)) - Starting RatisPipelineUtilsThread.
2021-08-12 00:19:21,827 [Time-limited test] INFO  algorithms.PipelineChoosePolicyFactory (PipelineChoosePolicyFactory.java:createPipelineChoosePolicyFromClass(73)) - Create pipeline choose policy of type org.apache.hadoop.hdds.scm.pipeline.choose.algorithms.RandomPipelineChoosePolicy
2021-08-12 00:19:21,828 [Time-limited test] INFO  ha.SCMServiceManager (SCMServiceManager.java:register(43)) - Registering service SCMBlockDeletingService.
2021-08-12 00:19:21,828 [Time-limited test] INFO  ha.SCMServiceManager (SCMServiceManager.java:register(43)) - Registering service ReplicationManager.
2021-08-12 00:19:21,828 [Time-limited test] INFO  container.ReplicationManager (ReplicationManager.java:start(286)) - Starting Replication Monitor Thread.
2021-08-12 00:19:21,832 [Time-limited test] INFO  safemode.ContainerSafeModeRule (ContainerSafeModeRule.java:<init>(89)) - containers with one replica threshold count 0
2021-08-12 00:19:21,832 [Time-limited test] INFO  safemode.HealthyPipelineSafeModeRule (HealthyPipelineSafeModeRule.java:initializeRule(156)) - Total pipeline count is 0, healthy pipeline threshold count is 1
2021-08-12 00:19:21,833 [Time-limited test] INFO  safemode.OneReplicaPipelineSafeModeRule (OneReplicaPipelineSafeModeRule.java:initializeRule(180)) - Total pipeline count is 0, pipeline's with at least one datanode reported threshold count is 0
2021-08-12 00:19:21,835 [Time-limited test] INFO  ipc.CallQueueManager (CallQueueManager.java:<init>(90)) - Using callQueue: class java.util.concurrent.LinkedBlockingQueue, queueCapacity: 2000, scheduler: class org.apache.hadoop.ipc.DefaultRpcScheduler, ipcBackoff: false.
2021-08-12 00:19:21,839 [Socket Reader #1 for port 0] INFO  ipc.Server (Server.java:run(1265)) - Starting Socket Reader #1 for port 0
2021-08-12 00:19:21,839 [Listener at 0.0.0.0/39847] INFO  ipc.CallQueueManager (CallQueueManager.java:<init>(90)) - Using callQueue: class java.util.concurrent.LinkedBlockingQueue, queueCapacity: 2000, scheduler: class org.apache.hadoop.ipc.DefaultRpcScheduler, ipcBackoff: false.
2021-08-12 00:19:21,840 [Socket Reader #1 for port 0] INFO  ipc.Server (Server.java:run(1265)) - Starting Socket Reader #1 for port 0
2021-08-12 00:19:21,841 [Listener at 0.0.0.0/42439] INFO  ipc.CallQueueManager (CallQueueManager.java:<init>(90)) - Using callQueue: class java.util.concurrent.LinkedBlockingQueue, queueCapacity: 2000, scheduler: class org.apache.hadoop.ipc.DefaultRpcScheduler, ipcBackoff: false.
2021-08-12 00:19:21,841 [Socket Reader #1 for port 0] INFO  ipc.Server (Server.java:run(1265)) - Starting Socket Reader #1 for port 0
2021-08-12 00:19:21,872 [ReplicationMonitor] INFO  container.ReplicationManager (ReplicationManager.java:processAll(341)) - Replication Monitor Thread took 1 milliseconds for processing 0 containers.
2021-08-12 00:19:21,889 [Listener at 0.0.0.0/46009] INFO  algorithms.ContainerPlacementPolicyFactory (ContainerPlacementPolicyFactory.java:getPolicy(60)) - Create container placement policy of type org.apache.hadoop.hdds.scm.container.placement.algorithms.SCMContainerPlacementRandom
2021-08-12 00:19:21,889 [Listener at 0.0.0.0/46009] INFO  server.StorageContainerManager (StorageContainerManager.java:<init>(383)) - 
Container Balancer status:
Key                            Value
Running                        false
Container Balancer Configuration values:
Key                                                Value
Threshold                                          0.1
Max Datanodes to Involve per Iteration(ratio)      0.5
Max Size to Move per Iteration                     10737418240B

2021-08-12 00:19:21,889 [Listener at 0.0.0.0/46009] WARN  events.EventQueue (EventQueue.java:fireEvent(194)) - No event handler registered for event TypedEvent{payloadType=SafeModeStatus, name='Safe mode status'}
2021-08-12 00:19:21,889 [Listener at 0.0.0.0/46009] INFO  ha.SCMContext (SCMContext.java:updateSafeModeStatus(205)) - Update SafeModeStatus from SafeModeStatus{safeModeStatus=true, preCheckPassed=false} to SafeModeStatus{safeModeStatus=true, preCheckPassed=false}.
2021-08-12 00:19:21,890 [Listener at 0.0.0.0/46009] INFO  server.StorageContainerManager (StorageContainerManager.java:start(1249)) - StorageContainerLocationProtocol RPC server is listening at /0.0.0.0:46009
2021-08-12 00:19:21,893 [Listener at 0.0.0.0/46009] WARN  impl.MetricsConfig (MetricsConfig.java:loadFirst(136)) - Cannot locate configuration: tried hadoop-metrics2-storagecontainermanager.properties,hadoop-metrics2.properties
2021-08-12 00:19:21,893 [Listener at 0.0.0.0/46009] INFO  impl.MetricsSystemImpl (MetricsSystemImpl.java:startTimer(378)) - Scheduled Metric snapshot period at 10 second(s).
2021-08-12 00:19:21,893 [Listener at 0.0.0.0/46009] INFO  impl.MetricsSystemImpl (MetricsSystemImpl.java:start(191)) - StorageContainerManager metrics system started
2021-08-12 00:19:21,962 [Listener at 0.0.0.0/46009] INFO  impl.MetricsSinkAdapter (MetricsSinkAdapter.java:start(204)) - Sink prometheus started
2021-08-12 00:19:21,962 [Listener at 0.0.0.0/46009] INFO  impl.MetricsSystemImpl (MetricsSystemImpl.java:registerSink(305)) - Registered sink prometheus
2021-08-12 00:19:22,003 [Listener at 0.0.0.0/46009] INFO  server.SCMClientProtocolServer (SCMClientProtocolServer.java:start(164)) - RPC server for Client  is listening at /0.0.0.0:46009
2021-08-12 00:19:22,018 [IPC Server Responder] INFO  ipc.Server (Server.java:run(1507)) - IPC Server Responder: starting
2021-08-12 00:19:22,029 [IPC Server listener on 0] INFO  ipc.Server (Server.java:run(1344)) - IPC Server listener on 0: starting
2021-08-12 00:19:22,033 [Listener at 0.0.0.0/46009] INFO  server.StorageContainerManager (StorageContainerManager.java:start(1264)) - ScmBlockLocationProtocol RPC server is listening at /0.0.0.0:42439
2021-08-12 00:19:22,033 [Listener at 0.0.0.0/46009] INFO  server.SCMBlockProtocolServer (SCMBlockProtocolServer.java:start(151)) - RPC server for Block Protocol is listening at /0.0.0.0:42439
2021-08-12 00:19:22,033 [IPC Server Responder] INFO  ipc.Server (Server.java:run(1507)) - IPC Server Responder: starting
2021-08-12 00:19:22,034 [IPC Server listener on 0] INFO  ipc.Server (Server.java:run(1344)) - IPC Server listener on 0: starting
2021-08-12 00:19:22,046 [Listener at 0.0.0.0/46009] INFO  server.StorageContainerManager (StorageContainerManager.java:start(1270)) - ScmDatanodeProtocl RPC server is listening at /0.0.0.0:39847
2021-08-12 00:19:22,046 [Listener at 0.0.0.0/46009] INFO  server.SCMDatanodeProtocolServer (SCMDatanodeProtocolServer.java:start(181)) - RPC server for DataNodes is listening at /0.0.0.0:39847
2021-08-12 00:19:22,046 [IPC Server Responder] INFO  ipc.Server (Server.java:run(1507)) - IPC Server Responder: starting
2021-08-12 00:19:22,047 [IPC Server listener on 0] INFO  ipc.Server (Server.java:run(1344)) - IPC Server listener on 0: starting
2021-08-12 00:19:22,050 [Listener at 0.0.0.0/46009] INFO  http.BaseHttpServer (BaseHttpServer.java:newHttpServer2BuilderForOzone(209)) - Starting Web-server for scm at: http://0.0.0.0:0
2021-08-12 00:19:22,050 [Listener at 0.0.0.0/46009] INFO  http.BaseHttpServer (BaseHttpServer.java:<init>(107)) - Hadoop Security Enabled: false Ozone Security Enabled: false Ozone HTTP Security Enabled: false 
2021-08-12 00:19:22,052 [Listener at 0.0.0.0/46009] INFO  server.AuthenticationFilter (AuthenticationFilter.java:constructSecretProvider(240)) - Unable to initialize FileSignerSecretProvider, falling back to use random secrets.
2021-08-12 00:19:22,052 [Listener at 0.0.0.0/46009] WARN  http.HttpRequestLog (HttpRequestLog.java:getRequestLog(103)) - Jetty request log can only be enabled using Log4j
2021-08-12 00:19:22,053 [Listener at 0.0.0.0/46009] INFO  http.HttpServer2 (HttpServer2.java:addGlobalFilter(1020)) - Added global filter 'safety' (class=org.apache.hadoop.hdds.server.http.HttpServer2$QuotingInputFilter)
2021-08-12 00:19:22,054 [Listener at 0.0.0.0/46009] INFO  http.HttpServer2 (HttpServer2.java:addFilter(996)) - Added filter static_user_filter (class=org.apache.hadoop.http.lib.StaticUserWebFilter$StaticUserFilter) to context scm
2021-08-12 00:19:22,054 [Listener at 0.0.0.0/46009] INFO  http.HttpServer2 (HttpServer2.java:addFilter(1004)) - Added filter static_user_filter (class=org.apache.hadoop.http.lib.StaticUserWebFilter$StaticUserFilter) to context logs
2021-08-12 00:19:22,054 [Listener at 0.0.0.0/46009] INFO  http.HttpServer2 (HttpServer2.java:addFilter(1004)) - Added filter static_user_filter (class=org.apache.hadoop.http.lib.StaticUserWebFilter$StaticUserFilter) to context static
2021-08-12 00:19:22,055 [Listener at 0.0.0.0/46009] INFO  http.HttpServer2 (HttpServer2.java:bindListener(1239)) - Jetty bound to port 36629
2021-08-12 00:19:22,055 [Listener at 0.0.0.0/46009] INFO  server.Server (Server.java:doStart(375)) - jetty-9.4.43.v20210629; built: 2021-06-30T11:07:22.254Z; git: 526006ecfa3af7f1a27ef3a288e2bef7ea9dd7e8; jvm 1.8.0_292-b10
2021-08-12 00:19:22,057 [Listener at 0.0.0.0/46009] INFO  server.session (DefaultSessionIdManager.java:doStart(334)) - DefaultSessionIdManager workerName=node0
2021-08-12 00:19:22,057 [Listener at 0.0.0.0/46009] INFO  server.session (DefaultSessionIdManager.java:doStart(339)) - No SessionScavenger set, using defaults
2021-08-12 00:19:22,057 [Listener at 0.0.0.0/46009] INFO  server.session (HouseKeeper.java:startScavenging(132)) - node0 Scavenging every 600000ms
2021-08-12 00:19:22,058 [Listener at 0.0.0.0/46009] INFO  handler.ContextHandler (ContextHandler.java:doStart(915)) - Started o.e.j.s.ServletContextHandler@2b593246{logs,/logs,file:///home/runner/work/ozone/ozone/hadoop-ozone/integration-test/target/log,AVAILABLE}
2021-08-12 00:19:22,059 [Listener at 0.0.0.0/46009] INFO  handler.ContextHandler (ContextHandler.java:doStart(915)) - Started o.e.j.s.ServletContextHandler@261afc15{static,/static,file:///home/runner/work/ozone/ozone/hadoop-ozone/integration-test/target/test-classes/webapps/static,AVAILABLE}
2021-08-12 00:19:22,063 [Listener at 0.0.0.0/46009] INFO  handler.ContextHandler (ContextHandler.java:doStart(915)) - Started o.e.j.w.WebAppContext@6b50c537{scm,/,file:///home/runner/work/ozone/ozone/hadoop-ozone/integration-test/target/test-classes/webapps/scm/,AVAILABLE}{file:/home/runner/work/ozone/ozone/hadoop-ozone/integration-test/target/test-classes/webapps/scm}
2021-08-12 00:19:22,083 [Listener at 0.0.0.0/46009] INFO  server.AbstractConnector (AbstractConnector.java:doStart(331)) - Started ServerConnector@be01677{HTTP/1.1, (http/1.1)}{0.0.0.0:36629}
2021-08-12 00:19:22,083 [Listener at 0.0.0.0/46009] INFO  server.Server (Server.java:doStart(415)) - Started @133061ms
2021-08-12 00:19:22,084 [Listener at 0.0.0.0/46009] WARN  impl.MetricsSystemImpl (MetricsSystemImpl.java:register(279)) - Sink prometheus already exists!
2021-08-12 00:19:22,084 [Listener at 0.0.0.0/46009] INFO  http.BaseHttpServer (BaseHttpServer.java:updateConnectorAddress(329)) - HTTP server of scm listening at http://0.0.0.0:36629
2021-08-12 00:19:22,084 [Listener at 0.0.0.0/46009] WARN  server.ServerUtils (ServerUtils.java:getDBPath(225)) - ozone.om.db.dirs is not configured. We recommend adding this setting. Falling back to ozone.metadata.dirs instead.
2021-08-12 00:19:22,086 [org.apache.hadoop.util.JvmPauseMonitor$Monitor@260e0866] INFO  util.JvmPauseMonitor (JvmPauseMonitor.java:run(188)) - Starting JVM pause monitor
2021-08-12 00:19:22,086 [Listener at 0.0.0.0/46009] INFO  ha.OMHANodeDetails (OMHANodeDetails.java:loadOMHAConfig(112)) - ozone.om.internal.service.id is not defined, falling back to ozone.om.service.ids to find serviceID for OzoneManager if it is HA enabled cluster
2021-08-12 00:19:22,086 [Listener at 0.0.0.0/46009] INFO  ha.OMHANodeDetails (OMHANodeDetails.java:loadOMHAConfig(219)) - Configuration does not have ozone.om.address set. Falling back to the default OM address /127.0.0.1:0
2021-08-12 00:19:22,086 [Listener at 0.0.0.0/46009] INFO  ha.OMHANodeDetails (OMHANodeDetails.java:getOMNodeDetails(247)) - OM Service ID is not set. Setting it to the default ID: omServiceIdDefault
2021-08-12 00:19:22,087 [Listener at 0.0.0.0/46009] INFO  ha.OMHANodeDetails (OMHANodeDetails.java:getOMNodeDetails(254)) - OM Node ID is not set. Setting it to the default ID: om1
2021-08-12 00:19:22,087 [Listener at 0.0.0.0/46009] WARN  server.ServerUtils (ServerUtils.java:getDBPath(225)) - ozone.om.db.dirs is not configured. We recommend adding this setting. Falling back to ozone.metadata.dirs instead.
2021-08-12 00:19:22,087 [Listener at 0.0.0.0/46009] INFO  upgrade.AbstractLayoutVersionManager (AbstractLayoutVersionManager.java:init(70)) - Initializing Layout version manager with metadata layout = INITIAL_VERSION (version = 0), software layout = INITIAL_VERSION (version = 0)
2021-08-12 00:19:22,258 [Listener at 0.0.0.0/46009] INFO  reflections.Reflections (Reflections.java:scan(232)) - Reflections took 170 ms to scan 2 urls, producing 131 keys and 342 values [using 2 cores]
2021-08-12 00:19:22,259 [Listener at 0.0.0.0/46009] INFO  upgrade.OMLayoutVersionManager (OMLayoutVersionManager.java:lambda$0(116)) - Skipping Upgrade Action MockOmUpgradeAction since it has been finalized.
2021-08-12 00:19:22,259 [Listener at 0.0.0.0/46009] WARN  server.ServerUtils (ServerUtils.java:getDBPath(225)) - ozone.om.db.dirs is not configured. We recommend adding this setting. Falling back to ozone.metadata.dirs instead.
2021-08-12 00:19:22,315 [Listener at 0.0.0.0/46009] WARN  server.ServerUtils (ServerUtils.java:getDBPath(225)) - ozone.om.db.dirs is not configured. We recommend adding this setting. Falling back to ozone.metadata.dirs instead.
2021-08-12 00:19:22,315 [Listener at 0.0.0.0/46009] INFO  codec.OmKeyInfoCodec (OmKeyInfoCodec.java:<init>(51)) - OmKeyInfoCodec ignorePipeline = true
2021-08-12 00:19:22,315 [Listener at 0.0.0.0/46009] INFO  codec.RepeatedOmKeyInfoCodec (RepeatedOmKeyInfoCodec.java:<init>(42)) - RepeatedOmKeyInfoCodec ignorePipeline = true
2021-08-12 00:19:22,631 [Listener at 0.0.0.0/46009] INFO  om.OzoneManager (OzoneManager.java:addS3GVolumeToDB(4115)) - Created Volume s3v With Owner runner required for S3Gateway operations.
2021-08-12 00:19:22,631 [Listener at 0.0.0.0/46009] WARN  server.ServerUtils (ServerUtils.java:getDefaultRatisDirectory(237)) - Storage directory for Ratis is not configured. It is a good idea to map this to an SSD disk. Falling back to ozone.metadata.dirs
2021-08-12 00:19:22,632 [Listener at 0.0.0.0/46009] WARN  utils.OzoneManagerRatisUtils (OzoneManagerRatisUtils.java:getOMRatisSnapshotDirectory(391)) - ozone.om.ratis.snapshot.dir is not configured. Falling back to ozone.metadata.dirs config
2021-08-12 00:19:22,632 [Listener at 0.0.0.0/46009] WARN  server.ServerUtils (ServerUtils.java:getDefaultRatisDirectory(237)) - Storage directory for Ratis is not configured. It is a good idea to map this to an SSD disk. Falling back to ozone.metadata.dirs
2021-08-12 00:19:22,633 [Listener at 0.0.0.0/46009] INFO  ratis.OzoneManagerRatisServer (OzoneManagerRatisServer.java:<init>(158)) - Instantiating OM Ratis server with groupID: omServiceIdDefault and peers: localhost:9872
2021-08-12 00:19:22,633 [Listener at 0.0.0.0/46009] INFO  ratis.OzoneManagerStateMachine (OzoneManagerStateMachine.java:loadSnapshotInfoFromDB(605)) - LastAppliedIndex is set from TransactionInfo from OM DB as (t:0, i:~)
2021-08-12 00:19:22,639 [Listener at 0.0.0.0/46009] INFO  server.RaftServer (ConfUtils.java:logGet(44)) - raft.rpc.type = GRPC (default)
2021-08-12 00:19:22,639 [Listener at 0.0.0.0/46009] INFO  grpc.GrpcFactory (GrpcFactory.java:checkPooledByteBufAllocatorUseCacheForAllThreads(48)) - PERFORMANCE WARNING: useCacheForAllThreads is true that may cause Netty to create a lot garbage objects and, as a result, trigger GC.
	It is recommended to disable useCacheForAllThreads by setting -Dorg.apache.ratis.thirdparty.io.netty.allocator.useCacheForAllThreads=false in command line.
2021-08-12 00:19:22,639 [Listener at 0.0.0.0/46009] INFO  grpc.GrpcConfigKeys (ConfUtils.java:logGet(44)) - raft.grpc.admin.port = -1 (default)
2021-08-12 00:19:22,639 [Listener at 0.0.0.0/46009] INFO  grpc.GrpcConfigKeys (ConfUtils.java:logGet(44)) - raft.grpc.server.port = 9872 (custom)
2021-08-12 00:19:22,639 [Listener at 0.0.0.0/46009] INFO  grpc.GrpcConfigKeys (ConfUtils.java:logGet(44)) - raft.grpc.client.port = -1 (default)
2021-08-12 00:19:22,639 [Listener at 0.0.0.0/46009] INFO  grpc.GrpcConfigKeys (ConfUtils.java:logGet(44)) - raft.grpc.server.port = 9872 (custom)
2021-08-12 00:19:22,639 [Listener at 0.0.0.0/46009] INFO  grpc.GrpcConfigKeys (ConfUtils.java:logGet(44)) - raft.grpc.server.port = 9872 (custom)
2021-08-12 00:19:22,639 [Listener at 0.0.0.0/46009] INFO  server.GrpcService (ConfUtils.java:logGet(44)) - raft.grpc.message.size.max = 33554432 (custom)
2021-08-12 00:19:22,639 [Listener at 0.0.0.0/46009] INFO  server.RaftServerConfigKeys (ConfUtils.java:logGet(44)) - raft.server.log.appender.buffer.byte-limit = 33554432 (custom)
2021-08-12 00:19:22,640 [Listener at 0.0.0.0/46009] INFO  server.GrpcService (ConfUtils.java:logGet(44)) - raft.grpc.flow.control.window = 1MB (=1048576) (default)
2021-08-12 00:19:22,640 [Listener at 0.0.0.0/46009] INFO  server.RaftServerConfigKeys (ConfUtils.java:logGet(44)) - raft.server.rpc.request.timeout = 3000ms (default)
2021-08-12 00:19:22,641 [Listener at 0.0.0.0/46009] INFO  impl.DataStreamServerImpl (ConfUtils.java:logGet(44)) - raft.datastream.type = DISABLED (default)
2021-08-12 00:19:22,641 [Listener at 0.0.0.0/46009] INFO  server.RaftServerConfigKeys (ConfUtils.java:logGet(44)) - raft.server.rpc.slowness.timeout = 120s (custom)
2021-08-12 00:19:22,641 [Listener at 0.0.0.0/46009] INFO  server.RaftServerConfigKeys (ConfUtils.java:logGet(44)) - raft.server.leaderelection.leader.step-down.wait-time = 10s (default)
2021-08-12 00:19:22,642 [Listener at 0.0.0.0/46009] INFO  server.RaftServerConfigKeys (ConfUtils.java:logGet(44)) - raft.server.storage.dir = [/home/runner/work/ozone/ozone/hadoop-ozone/integration-test/target/test-dir/MiniOzoneClusterImpl-3f855486-d891-4f73-82e2-a28b2591c95d/ozone-meta/ratis] (custom)
2021-08-12 00:19:22,646 [Listener at 0.0.0.0/46009] INFO  server.RaftServer (RaftServerProxy.java:addNew(95)) - om1: addNew group-C5BA1605619E:[om1|rpc:localhost:9872|priority:0] returns group-C5BA1605619E:java.util.concurrent.CompletableFuture@133cf041[Not completed]
2021-08-12 00:19:22,647 [Listener at 0.0.0.0/46009] INFO  om.OzoneManager (OzoneManager.java:initializeRatisServer(1573)) - OzoneManager Ratis server initialized at port 9872
2021-08-12 00:19:22,648 [Listener at 0.0.0.0/46009] INFO  ipc.CallQueueManager (CallQueueManager.java:<init>(90)) - Using callQueue: class java.util.concurrent.LinkedBlockingQueue, queueCapacity: 2000, scheduler: class org.apache.hadoop.ipc.DefaultRpcScheduler, ipcBackoff: false.
2021-08-12 00:19:22,664 [pool-355-thread-1] INFO  server.RaftServer$Division (RaftServerImpl.java:<init>(181)) - om1: new RaftServerImpl for group-C5BA1605619E:[om1|rpc:localhost:9872|priority:0] with OzoneManagerStateMachine:uninitialized
2021-08-12 00:19:22,668 [Socket Reader #1 for port 0] INFO  ipc.Server (Server.java:run(1265)) - Starting Socket Reader #1 for port 0
2021-08-12 00:19:22,675 [pool-355-thread-1] INFO  server.RaftServerConfigKeys (ConfUtils.java:logGet(44)) - raft.server.rpc.timeout.min = 1s (custom)
2021-08-12 00:19:22,675 [pool-355-thread-1] INFO  server.RaftServerConfigKeys (ConfUtils.java:logGet(44)) - raft.server.rpc.timeout.max = 1200ms (custom)
2021-08-12 00:19:22,675 [pool-355-thread-1] INFO  server.RaftServerConfigKeys (ConfUtils.java:logGet(44)) - raft.server.rpc.sleep.time = 25ms (default)
2021-08-12 00:19:22,675 [pool-355-thread-1] INFO  server.RaftServerConfigKeys (ConfUtils.java:logGet(44)) - raft.server.rpc.slowness.timeout = 120s (custom)
2021-08-12 00:19:22,675 [pool-355-thread-1] INFO  server.RaftServerConfigKeys (ConfUtils.java:logGet(44)) - raft.server.leaderelection.leader.step-down.wait-time = 10s (default)
2021-08-12 00:19:22,675 [pool-355-thread-1] INFO  server.RaftServerConfigKeys (ConfUtils.java:logGet(44)) - raft.server.sleep.deviation.threshold = 300ms (default)
2021-08-12 00:19:22,675 [pool-355-thread-1] INFO  server.RaftServerConfigKeys (ConfUtils.java:logGet(44)) - raft.server.log.appender.install.snapshot.enabled = false (custom)
2021-08-12 00:19:22,675 [pool-355-thread-1] INFO  server.RaftServer$Division (ServerState.java:<init>(105)) - om1@group-C5BA1605619E: ConfigurationManager, init=-1: [om1|rpc:localhost:9872|priority:0], old=null, confs=<EMPTY_MAP>
2021-08-12 00:19:22,675 [pool-355-thread-1] INFO  server.RaftServerConfigKeys (ConfUtils.java:logGet(44)) - raft.server.storage.dir = [/home/runner/work/ozone/ozone/hadoop-ozone/integration-test/target/test-dir/MiniOzoneClusterImpl-3f855486-d891-4f73-82e2-a28b2591c95d/ozone-meta/ratis] (custom)
2021-08-12 00:19:22,675 [pool-355-thread-1] INFO  server.RaftServerConfigKeys (ConfUtils.java:logGet(44)) - raft.server.log.corruption.policy = EXCEPTION (default)
2021-08-12 00:19:22,676 [pool-355-thread-1] INFO  server.RaftServerConfigKeys (ConfUtils.java:logGet(44)) - raft.server.storage.free-space.min = 0MB (=0) (default)
2021-08-12 00:19:22,676 [pool-355-thread-1] INFO  storage.RaftStorageDirectory (RaftStorageDirectoryImpl.java:analyzeStorage(135)) - The storage directory /home/runner/work/ozone/ozone/hadoop-ozone/integration-test/target/test-dir/MiniOzoneClusterImpl-3f855486-d891-4f73-82e2-a28b2591c95d/ozone-meta/ratis/bf265839-605b-3f16-9796-c5ba1605619e does not exist. Creating ...
2021-08-12 00:19:22,678 [pool-355-thread-1] INFO  storage.RaftStorageDirectory (RaftStorageDirectoryImpl.java:tryLock(230)) - Lock on /home/runner/work/ozone/ozone/hadoop-ozone/integration-test/target/test-dir/MiniOzoneClusterImpl-3f855486-d891-4f73-82e2-a28b2591c95d/ozone-meta/ratis/bf265839-605b-3f16-9796-c5ba1605619e/in_use.lock acquired by nodename 20692@fv-az122-889
2021-08-12 00:19:22,680 [pool-355-thread-1] INFO  storage.RaftStorage (RaftStorageImpl.java:format(89)) - Storage directory /home/runner/work/ozone/ozone/hadoop-ozone/integration-test/target/test-dir/MiniOzoneClusterImpl-3f855486-d891-4f73-82e2-a28b2591c95d/ozone-meta/ratis/bf265839-605b-3f16-9796-c5ba1605619e has been successfully formatted.
2021-08-12 00:19:22,681 [pool-355-thread-1] INFO  server.RaftServerConfigKeys (ConfUtils.java:logGet(44)) - raft.server.notification.no-leader.timeout = 120s (custom)
2021-08-12 00:19:22,681 [pool-355-thread-1] INFO  server.RaftServerConfigKeys (ConfUtils.java:logGet(44)) - raft.server.log.use.memory = false (default)
2021-08-12 00:19:22,681 [pool-355-thread-1] INFO  server.RaftServerConfigKeys (ConfUtils.java:logGet(44)) - raft.server.log.purge.gap = 1000000 (custom)
2021-08-12 00:19:22,681 [pool-355-thread-1] INFO  server.RaftServerConfigKeys (ConfUtils.java:logGet(44)) - raft.server.log.appender.buffer.byte-limit = 33554432 (custom)
2021-08-12 00:19:22,681 [pool-355-thread-1] INFO  server.RaftServerConfigKeys (ConfUtils.java:logGet(44)) - raft.server.log.segment.size.max = 4194304 (custom)
2021-08-12 00:19:22,682 [pool-355-thread-1] INFO  server.RaftServerConfigKeys (ConfUtils.java:logGet(44)) - raft.server.log.segment.cache.num.max = 2 (custom)
2021-08-12 00:19:22,682 [pool-355-thread-1] INFO  server.RaftServerConfigKeys (ConfUtils.java:logGet(44)) - raft.server.log.segment.cache.size.max = 200MB (=209715200) (default)
2021-08-12 00:19:22,682 [pool-355-thread-1] INFO  segmented.SegmentedRaftLogWorker (SegmentedRaftLogWorker.java:<init>(182)) - new om1@group-C5BA1605619E-SegmentedRaftLogWorker for RaftStorageImpl:Storage Directory /home/runner/work/ozone/ozone/hadoop-ozone/integration-test/target/test-dir/MiniOzoneClusterImpl-3f855486-d891-4f73-82e2-a28b2591c95d/ozone-meta/ratis/bf265839-605b-3f16-9796-c5ba1605619e
2021-08-12 00:19:22,682 [pool-355-thread-1] INFO  server.RaftServerConfigKeys (ConfUtils.java:logGet(44)) - raft.server.log.queue.byte-limit = 64MB (=67108864) (default)
2021-08-12 00:19:22,682 [pool-355-thread-1] INFO  server.RaftServerConfigKeys (ConfUtils.java:logGet(44)) - raft.server.log.queue.element-limit = 4096 (default)
2021-08-12 00:19:22,682 [pool-355-thread-1] INFO  server.RaftServerConfigKeys (ConfUtils.java:logGet(44)) - raft.server.log.segment.size.max = 4194304 (custom)
2021-08-12 00:19:22,682 [pool-355-thread-1] INFO  server.RaftServerConfigKeys (ConfUtils.java:logGet(44)) - raft.server.log.preallocated.size = 4194304 (custom)
2021-08-12 00:19:22,682 [pool-355-thread-1] INFO  server.RaftServerConfigKeys (ConfUtils.java:logGet(44)) - raft.server.log.force.sync.num = 128 (default)
2021-08-12 00:19:22,682 [pool-355-thread-1] INFO  server.RaftServerConfigKeys (ConfUtils.java:logGet(44)) - raft.server.log.statemachine.data.sync = true (default)
2021-08-12 00:19:22,682 [pool-355-thread-1] INFO  server.RaftServerConfigKeys (ConfUtils.java:logGet(44)) - raft.server.log.statemachine.data.sync.timeout = 10s (default)
2021-08-12 00:19:22,682 [pool-355-thread-1] INFO  server.RaftServerConfigKeys (ConfUtils.java:logGet(44)) - raft.server.log.statemachine.data.sync.timeout.retry = -1 (default)
2021-08-12 00:19:22,683 [pool-355-thread-1] INFO  server.RaftServerConfigKeys (ConfUtils.java:logGet(44)) - raft.server.log.write.buffer.size = 64KB (=65536) (default)
2021-08-12 00:19:22,683 [pool-355-thread-1] INFO  server.RaftServerConfigKeys (ConfUtils.java:logGet(44)) - raft.server.log.statemachine.data.caching.enabled = false (default)
2021-08-12 00:19:22,683 [pool-355-thread-1] INFO  segmented.SegmentedRaftLogWorker (SegmentedRaftLogWorker.java:lambda$new$0(133)) - om1@group-C5BA1605619E-SegmentedRaftLogWorker: flushIndex: setUnconditionally 0 -> -1
2021-08-12 00:19:22,684 [pool-355-thread-1] INFO  segmented.SegmentedRaftLogWorker (SegmentedRaftLogWorker.java:lambda$new$0(133)) - om1@group-C5BA1605619E-SegmentedRaftLogWorker: safeCacheEvictIndex: setUnconditionally 0 -> -1
2021-08-12 00:19:22,702 [pool-355-thread-1] INFO  server.RaftServerConfigKeys (ConfUtils.java:logGet(44)) - raft.server.snapshot.auto.trigger.enabled = true (custom)
2021-08-12 00:19:22,703 [pool-355-thread-1] INFO  server.RaftServerConfigKeys (ConfUtils.java:logGet(44)) - raft.server.snapshot.auto.trigger.threshold = 400000 (default)
2021-08-12 00:19:22,703 [pool-355-thread-1] INFO  server.RaftServerConfigKeys (ConfUtils.java:logGet(44)) - raft.server.snapshot.retention.file.num = -1 (default)
2021-08-12 00:19:22,703 [pool-355-thread-1] INFO  server.RaftServerConfigKeys (ConfUtils.java:logGet(44)) - raft.server.log.purge.upto.snapshot.index = true (custom)
2021-08-12 00:19:22,703 [pool-355-thread-1] INFO  server.RaftServerConfigKeys (ConfUtils.java:logGet(44)) - raft.server.retrycache.expirytime = 300s (custom)
2021-08-12 00:19:22,703 [pool-355-thread-1] INFO  server.RaftServerConfigKeys (ConfUtils.java:logGet(44)) - raft.server.retrycache.statistics.expirytime = 100μs (default)
2021-08-12 00:19:22,725 [Listener at 127.0.0.1/37815] INFO  om.OzoneManager (OzoneManager.java:initFSOLayout(4321)) - Configured ozone.om.metadata.layout=SIMPLE and disabled optimized OM FS operations
2021-08-12 00:19:22,726 [Listener at 127.0.0.1/37815] INFO  impl.MetricsSystemImpl (MetricsSystemImpl.java:init(158)) - OzoneManager metrics system started (again)
2021-08-12 00:19:22,754 [Listener at 127.0.0.1/37815] INFO  om.OzoneManager (OzoneManager.java:start(1270)) - OzoneManager RPC server is listening at localhost/127.0.0.1:37815
2021-08-12 00:19:22,754 [Listener at 127.0.0.1/37815] INFO  ratis.OzoneManagerRatisServer (OzoneManagerRatisServer.java:start(516)) - Starting OzoneManagerRatisServer om1 at port 9872
2021-08-12 00:19:22,754 [Listener at 127.0.0.1/37815] INFO  server.RaftServer$Division (RaftServerImpl.java:start(296)) - om1@group-C5BA1605619E: start as a follower, conf=-1: [om1|rpc:localhost:9872|priority:0], old=null
2021-08-12 00:19:22,754 [Listener at 127.0.0.1/37815] INFO  server.RaftServer$Division (RaftServerImpl.java:setRole(285)) - om1@group-C5BA1605619E: changes role from      null to FOLLOWER at term 0 for startAsFollower
2021-08-12 00:19:22,754 [Listener at 127.0.0.1/37815] INFO  impl.RoleInfo (RoleInfo.java:updateAndGet(130)) - om1: start om1@group-C5BA1605619E-FollowerState
2021-08-12 00:19:22,755 [Listener at 127.0.0.1/37815] INFO  util.JmxRegister (JmxRegister.java:tryRegister(44)) - Successfully registered JMX Bean with object name Ratis:service=RaftServer,group=group-C5BA1605619E,id=om1
2021-08-12 00:19:22,755 [Listener at 127.0.0.1/37815] INFO  server.RaftServer (RaftServerProxy.java:lambda$start$5(374)) - om1: start RPC server
2021-08-12 00:19:22,756 [Listener at 127.0.0.1/37815] INFO  server.GrpcService (GrpcService.java:startImpl(253)) - om1: GrpcService started, listening on 9872
2021-08-12 00:19:22,757 [Listener at 127.0.0.1/37815] INFO  om.OzoneManager (OzoneManager.java:start(1288)) - Version File has different layout version (0) than OM DB (null). That is expected if this OM has never been finalized to a newer layout version.
2021-08-12 00:19:22,757 [org.apache.ratis.util.JvmPauseMonitor$$Lambda$531/1449527477@675c7f96] INFO  util.JvmPauseMonitor (JvmPauseMonitor.java:run(103)) - JvmPauseMonitor-om1: Started
2021-08-12 00:19:22,764 [Listener at 127.0.0.1/37815] INFO  http.BaseHttpServer (BaseHttpServer.java:newHttpServer2BuilderForOzone(209)) - Starting Web-server for ozoneManager at: http://0.0.0.0:0
2021-08-12 00:19:22,764 [Listener at 127.0.0.1/37815] INFO  http.BaseHttpServer (BaseHttpServer.java:<init>(107)) - Hadoop Security Enabled: false Ozone Security Enabled: false Ozone HTTP Security Enabled: false 
2021-08-12 00:19:22,765 [Listener at 127.0.0.1/37815] INFO  server.AuthenticationFilter (AuthenticationFilter.java:constructSecretProvider(240)) - Unable to initialize FileSignerSecretProvider, falling back to use random secrets.
2021-08-12 00:19:22,766 [Listener at 127.0.0.1/37815] WARN  http.HttpRequestLog (HttpRequestLog.java:getRequestLog(103)) - Jetty request log can only be enabled using Log4j
2021-08-12 00:19:22,784 [Listener at 127.0.0.1/37815] INFO  http.HttpServer2 (HttpServer2.java:addGlobalFilter(1020)) - Added global filter 'safety' (class=org.apache.hadoop.hdds.server.http.HttpServer2$QuotingInputFilter)
2021-08-12 00:19:22,785 [Listener at 127.0.0.1/37815] INFO  http.HttpServer2 (HttpServer2.java:addFilter(996)) - Added filter static_user_filter (class=org.apache.hadoop.http.lib.StaticUserWebFilter$StaticUserFilter) to context ozoneManager
2021-08-12 00:19:22,785 [Listener at 127.0.0.1/37815] INFO  http.HttpServer2 (HttpServer2.java:addFilter(1004)) - Added filter static_user_filter (class=org.apache.hadoop.http.lib.StaticUserWebFilter$StaticUserFilter) to context static
2021-08-12 00:19:22,785 [Listener at 127.0.0.1/37815] INFO  http.HttpServer2 (HttpServer2.java:addFilter(1004)) - Added filter static_user_filter (class=org.apache.hadoop.http.lib.StaticUserWebFilter$StaticUserFilter) to context logs
2021-08-12 00:19:22,785 [Listener at 127.0.0.1/37815] INFO  http.HttpServer2 (HttpServer2.java:bindListener(1239)) - Jetty bound to port 32989
2021-08-12 00:19:22,786 [Listener at 127.0.0.1/37815] INFO  server.Server (Server.java:doStart(375)) - jetty-9.4.43.v20210629; built: 2021-06-30T11:07:22.254Z; git: 526006ecfa3af7f1a27ef3a288e2bef7ea9dd7e8; jvm 1.8.0_292-b10
2021-08-12 00:19:22,808 [Listener at 127.0.0.1/37815] INFO  server.session (DefaultSessionIdManager.java:doStart(334)) - DefaultSessionIdManager workerName=node0
2021-08-12 00:19:22,808 [Listener at 127.0.0.1/37815] INFO  server.session (DefaultSessionIdManager.java:doStart(339)) - No SessionScavenger set, using defaults
2021-08-12 00:19:22,808 [Listener at 127.0.0.1/37815] INFO  server.session (HouseKeeper.java:startScavenging(132)) - node0 Scavenging every 660000ms
2021-08-12 00:19:22,810 [Listener at 127.0.0.1/37815] INFO  handler.ContextHandler (ContextHandler.java:doStart(915)) - Started o.e.j.s.ServletContextHandler@645ff776{logs,/logs,file:///home/runner/work/ozone/ozone/hadoop-ozone/integration-test/target/log,AVAILABLE}
2021-08-12 00:19:22,810 [Listener at 127.0.0.1/37815] INFO  handler.ContextHandler (ContextHandler.java:doStart(915)) - Started o.e.j.s.ServletContextHandler@4333db67{static,/static,file:///home/runner/work/ozone/ozone/hadoop-ozone/integration-test/target/test-classes/webapps/static,AVAILABLE}
2021-08-12 00:19:22,813 [Listener at 127.0.0.1/37815] INFO  handler.ContextHandler (ContextHandler.java:doStart(915)) - Started o.e.j.w.WebAppContext@213154d0{ozoneManager,/,file:///home/runner/work/ozone/ozone/hadoop-ozone/integration-test/target/test-classes/webapps/ozoneManager/,AVAILABLE}{file:/home/runner/work/ozone/ozone/hadoop-ozone/integration-test/target/test-classes/webapps/ozoneManager}
2021-08-12 00:19:22,830 [Listener at 127.0.0.1/37815] INFO  server.AbstractConnector (AbstractConnector.java:doStart(331)) - Started ServerConnector@39fe3818{HTTP/1.1, (http/1.1)}{0.0.0.0:32989}
2021-08-12 00:19:22,830 [Listener at 127.0.0.1/37815] INFO  server.Server (Server.java:doStart(415)) - Started @133808ms
2021-08-12 00:19:22,830 [Listener at 127.0.0.1/37815] WARN  impl.MetricsSystemImpl (MetricsSystemImpl.java:register(279)) - Sink prometheus already exists!
2021-08-12 00:19:22,831 [Listener at 127.0.0.1/37815] INFO  http.BaseHttpServer (BaseHttpServer.java:updateConnectorAddress(329)) - HTTP server of ozoneManager listening at http://0.0.0.0:32989
2021-08-12 00:19:22,832 [IPC Server Responder] INFO  ipc.Server (Server.java:run(1507)) - IPC Server Responder: starting
2021-08-12 00:19:22,845 [Listener at 127.0.0.1/37815] INFO  om.OzoneManager (OzoneManager.java:startTrashEmptier(1531)) - Trash Interval set to 0. Files deleted will not move to trash
2021-08-12 00:19:22,872 [org.apache.hadoop.util.JvmPauseMonitor$Monitor@bbce10b] INFO  util.JvmPauseMonitor (JvmPauseMonitor.java:run(188)) - Starting JVM pause monitor
2021-08-12 00:19:22,883 [IPC Server listener on 0] INFO  ipc.Server (Server.java:run(1344)) - IPC Server listener on 0: starting
2021-08-12 00:19:22,910 [Listener at 127.0.0.1/37815] WARN  impl.MetricRegistriesImpl (MetricRegistriesImpl.java:addReporterRegistration(111)) - New reporters are added after registries were created. Some metrics will be missing from the reporter. Please add reporter before adding any new registry.
2021-08-12 00:19:22,911 [Listener at 127.0.0.1/37815] WARN  impl.MetricRegistriesImpl (MetricRegistriesImpl.java:addReporterRegistration(111)) - New reporters are added after registries were created. Some metrics will be missing from the reporter. Please add reporter before adding any new registry.
2021-08-12 00:19:22,911 [Listener at 127.0.0.1/37815] INFO  impl.MetricsSystemImpl (MetricsSystemImpl.java:init(158)) - HddsDatanode metrics system started (again)
2021-08-12 00:19:22,938 [Listener at 127.0.0.1/37815] INFO  ozone.HddsDatanodeService (HddsDatanodeService.java:start(234)) - HddsDatanodeService host:fv-az122-889.zf1tlrj3kn4expqppa1j4mpycf.xx.internal.cloudapp.net ip:10.1.0.26
2021-08-12 00:19:22,996 [Listener at 127.0.0.1/37815] INFO  upgrade.AbstractLayoutVersionManager (AbstractLayoutVersionManager.java:init(70)) - Initializing Layout version manager with metadata layout = SCM_HA (version = 2), software layout = SCM_HA (version = 2)
2021-08-12 00:19:23,066 [Listener at 127.0.0.1/37815] INFO  reflections.Reflections (Reflections.java:scan(232)) - Reflections took 67 ms to scan 7 urls, producing 120 keys and 275 values 
2021-08-12 00:19:23,071 [Listener at 127.0.0.1/37815] INFO  volume.HddsVolume (HddsVolume.java:<init>(120)) - Creating HddsVolume: /home/runner/work/ozone/ozone/hadoop-ozone/integration-test/target/test-dir/MiniOzoneClusterImpl-3f855486-d891-4f73-82e2-a28b2591c95d/datanode-0/data-0/containers/hdds of storage type : DISK capacity : 9223372036854775807
2021-08-12 00:19:23,071 [Listener at 127.0.0.1/37815] INFO  volume.MutableVolumeSet (MutableVolumeSet.java:initializeVolumeSet(181)) - Added Volume : /home/runner/work/ozone/ozone/hadoop-ozone/integration-test/target/test-dir/MiniOzoneClusterImpl-3f855486-d891-4f73-82e2-a28b2591c95d/datanode-0/data-0/containers/hdds to VolumeSet
2021-08-12 00:19:23,071 [Listener at 127.0.0.1/37815] INFO  volume.ThrottledAsyncChecker (ThrottledAsyncChecker.java:schedule(141)) - Scheduling a check for /home/runner/work/ozone/ozone/hadoop-ozone/integration-test/target/test-dir/MiniOzoneClusterImpl-3f855486-d891-4f73-82e2-a28b2591c95d/datanode-0/data-0/containers/hdds
2021-08-12 00:19:23,087 [Listener at 127.0.0.1/37815] INFO  volume.StorageVolumeChecker (StorageVolumeChecker.java:checkAllVolumes(202)) - Scheduled health check for volume /home/runner/work/ozone/ozone/hadoop-ozone/integration-test/target/test-dir/MiniOzoneClusterImpl-3f855486-d891-4f73-82e2-a28b2591c95d/datanode-0/data-0/containers/hdds
2021-08-12 00:19:23,125 [Listener at 127.0.0.1/37815] INFO  volume.MutableVolumeSet (MutableVolumeSet.java:initializeVolumeSet(181)) - Added Volume : /home/runner/work/ozone/ozone/hadoop-ozone/integration-test/target/test-dir/MiniOzoneClusterImpl-3f855486-d891-4f73-82e2-a28b2591c95d/datanode-0/data/ratis to VolumeSet
2021-08-12 00:19:23,129 [Listener at 127.0.0.1/37815] INFO  volume.ThrottledAsyncChecker (ThrottledAsyncChecker.java:schedule(141)) - Scheduling a check for /home/runner/work/ozone/ozone/hadoop-ozone/integration-test/target/test-dir/MiniOzoneClusterImpl-3f855486-d891-4f73-82e2-a28b2591c95d/datanode-0/data/ratis
2021-08-12 00:19:23,129 [Listener at 127.0.0.1/37815] INFO  volume.StorageVolumeChecker (StorageVolumeChecker.java:checkAllVolumes(202)) - Scheduled health check for volume /home/runner/work/ozone/ozone/hadoop-ozone/integration-test/target/test-dir/MiniOzoneClusterImpl-3f855486-d891-4f73-82e2-a28b2591c95d/datanode-0/data/ratis
2021-08-12 00:19:23,227 [Listener at 127.0.0.1/37815] INFO  ozoneimpl.ContainerReader (ContainerReader.java:<init>(98)) - Running in upgrade mode:true
2021-08-12 00:19:23,238 [Thread-957] INFO  ozoneimpl.ContainerReader (ContainerReader.java:readVolume(142)) - Start to verify containers on volume /home/runner/work/ozone/ozone/hadoop-ozone/integration-test/target/test-dir/MiniOzoneClusterImpl-3f855486-d891-4f73-82e2-a28b2591c95d/datanode-0/data-0/containers/hdds
2021-08-12 00:19:23,238 [Thread-957] INFO  ozoneimpl.ContainerReader (ContainerReader.java:readVolume(174)) - Finish verifying containers on volume /home/runner/work/ozone/ozone/hadoop-ozone/integration-test/target/test-dir/MiniOzoneClusterImpl-3f855486-d891-4f73-82e2-a28b2591c95d/datanode-0/data-0/containers/hdds
2021-08-12 00:19:23,238 [Listener at 127.0.0.1/37815] INFO  ozoneimpl.OzoneContainer (OzoneContainer.java:buildContainerSet(237)) - Build ContainerSet costs 0s
2021-08-12 00:19:23,247 [Listener at 127.0.0.1/37815] INFO  server.RaftServer (ConfUtils.java:logGet(44)) - raft.rpc.type = GRPC (default)
2021-08-12 00:19:23,247 [Listener at 127.0.0.1/37815] INFO  grpc.GrpcFactory (GrpcFactory.java:checkPooledByteBufAllocatorUseCacheForAllThreads(48)) - PERFORMANCE WARNING: useCacheForAllThreads is true that may cause Netty to create a lot garbage objects and, as a result, trigger GC.
	It is recommended to disable useCacheForAllThreads by setting -Dorg.apache.ratis.thirdparty.io.netty.allocator.useCacheForAllThreads=false in command line.
2021-08-12 00:19:23,247 [Listener at 127.0.0.1/37815] INFO  grpc.GrpcConfigKeys (ConfUtils.java:logGet(44)) - raft.grpc.admin.port = 0 (custom)
2021-08-12 00:19:23,248 [Listener at 127.0.0.1/37815] INFO  grpc.GrpcConfigKeys (ConfUtils.java:logGet(44)) - raft.grpc.client.port = 0 (custom)
2021-08-12 00:19:23,248 [Listener at 127.0.0.1/37815] INFO  grpc.GrpcConfigKeys (ConfUtils.java:logGet(44)) - raft.grpc.server.port = 0 (default)
2021-08-12 00:19:23,248 [Listener at 127.0.0.1/37815] INFO  server.GrpcService (ConfUtils.java:logGet(44)) - raft.grpc.message.size.max = 32MB (=33554432) (custom)
2021-08-12 00:19:23,248 [Listener at 127.0.0.1/37815] INFO  server.RaftServerConfigKeys (ConfUtils.java:logGet(44)) - raft.server.log.appender.buffer.byte-limit = 33554432 (custom)
2021-08-12 00:19:23,248 [Listener at 127.0.0.1/37815] INFO  server.GrpcService (ConfUtils.java:logGet(44)) - raft.grpc.flow.control.window = 5MB (=5242880) (custom)
2021-08-12 00:19:23,248 [Listener at 127.0.0.1/37815] INFO  server.RaftServerConfigKeys (ConfUtils.java:logGet(44)) - raft.server.rpc.request.timeout = 60s (custom)
2021-08-12 00:19:23,250 [Listener at 127.0.0.1/37815] INFO  impl.DataStreamServerImpl (ConfUtils.java:logGet(44)) - raft.datastream.type = DISABLED (default)
2021-08-12 00:19:23,250 [Listener at 127.0.0.1/37815] INFO  server.RaftServerConfigKeys (ConfUtils.java:logGet(44)) - raft.server.rpc.slowness.timeout = 300s (custom)
2021-08-12 00:19:23,250 [Listener at 127.0.0.1/37815] INFO  server.RaftServerConfigKeys (ConfUtils.java:logGet(44)) - raft.server.leaderelection.leader.step-down.wait-time = 10s (default)
2021-08-12 00:19:23,250 [Listener at 127.0.0.1/37815] INFO  server.RaftServerConfigKeys (ConfUtils.java:logGet(44)) - raft.server.storage.dir = [/home/runner/work/ozone/ozone/hadoop-ozone/integration-test/target/test-dir/MiniOzoneClusterImpl-3f855486-d891-4f73-82e2-a28b2591c95d/datanode-0/data/ratis] (custom)
2021-08-12 00:19:23,258 [Listener at 127.0.0.1/37815] INFO  http.BaseHttpServer (BaseHttpServer.java:newHttpServer2BuilderForOzone(209)) - Starting Web-server for hddsDatanode at: http://0.0.0.0:0
2021-08-12 00:19:23,259 [Listener at 127.0.0.1/37815] INFO  http.BaseHttpServer (BaseHttpServer.java:<init>(107)) - Hadoop Security Enabled: false Ozone Security Enabled: false Ozone HTTP Security Enabled: false 
2021-08-12 00:19:23,260 [Listener at 127.0.0.1/37815] INFO  server.AuthenticationFilter (AuthenticationFilter.java:constructSecretProvider(240)) - Unable to initialize FileSignerSecretProvider, falling back to use random secrets.
2021-08-12 00:19:23,260 [Listener at 127.0.0.1/37815] WARN  http.HttpRequestLog (HttpRequestLog.java:getRequestLog(103)) - Jetty request log can only be enabled using Log4j
2021-08-12 00:19:23,261 [Listener at 127.0.0.1/37815] INFO  http.HttpServer2 (HttpServer2.java:addGlobalFilter(1020)) - Added global filter 'safety' (class=org.apache.hadoop.hdds.server.http.HttpServer2$QuotingInputFilter)
2021-08-12 00:19:23,262 [Listener at 127.0.0.1/37815] INFO  http.HttpServer2 (HttpServer2.java:addFilter(996)) - Added filter static_user_filter (class=org.apache.hadoop.http.lib.StaticUserWebFilter$StaticUserFilter) to context hddsDatanode
2021-08-12 00:19:23,262 [Listener at 127.0.0.1/37815] INFO  http.HttpServer2 (HttpServer2.java:addFilter(1004)) - Added filter static_user_filter (class=org.apache.hadoop.http.lib.StaticUserWebFilter$StaticUserFilter) to context logs
2021-08-12 00:19:23,262 [Listener at 127.0.0.1/37815] INFO  http.HttpServer2 (HttpServer2.java:addFilter(1004)) - Added filter static_user_filter (class=org.apache.hadoop.http.lib.StaticUserWebFilter$StaticUserFilter) to context static
2021-08-12 00:19:23,274 [Listener at 127.0.0.1/37815] INFO  http.HttpServer2 (HttpServer2.java:bindListener(1239)) - Jetty bound to port 46581
2021-08-12 00:19:23,275 [Listener at 127.0.0.1/37815] INFO  server.Server (Server.java:doStart(375)) - jetty-9.4.43.v20210629; built: 2021-06-30T11:07:22.254Z; git: 526006ecfa3af7f1a27ef3a288e2bef7ea9dd7e8; jvm 1.8.0_292-b10
2021-08-12 00:19:23,355 [Listener at 127.0.0.1/37815] INFO  server.session (DefaultSessionIdManager.java:doStart(334)) - DefaultSessionIdManager workerName=node0
2021-08-12 00:19:23,355 [Listener at 127.0.0.1/37815] INFO  server.session (DefaultSessionIdManager.java:doStart(339)) - No SessionScavenger set, using defaults
2021-08-12 00:19:23,355 [Listener at 127.0.0.1/37815] INFO  server.session (HouseKeeper.java:startScavenging(132)) - node0 Scavenging every 600000ms
2021-08-12 00:19:23,356 [Listener at 127.0.0.1/37815] INFO  handler.ContextHandler (ContextHandler.java:doStart(915)) - Started o.e.j.s.ServletContextHandler@5f82da13{logs,/logs,file:///home/runner/work/ozone/ozone/hadoop-ozone/integration-test/target/log,AVAILABLE}
2021-08-12 00:19:23,357 [Listener at 127.0.0.1/37815] INFO  handler.ContextHandler (ContextHandler.java:doStart(915)) - Started o.e.j.s.ServletContextHandler@7ce6a40{static,/static,jar:file:/home/runner/.m2/repository/org/apache/ozone/hdds-container-service/1.2.0-SNAPSHOT/hdds-container-service-1.2.0-SNAPSHOT.jar!/webapps/static,AVAILABLE}
2021-08-12 00:19:23,402 [Listener at 127.0.0.1/37815] INFO  handler.ContextHandler (ContextHandler.java:doStart(915)) - Started o.e.j.w.WebAppContext@21042c3f{hddsDatanode,/,file:///tmp/jetty-0_0_0_0-46581-hdds-container-service-1_2_0-SNAPSHOT_jar-_-any-7880374740014680904/webapp/,AVAILABLE}{jar:file:/home/runner/.m2/repository/org/apache/ozone/hdds-container-service/1.2.0-SNAPSHOT/hdds-container-service-1.2.0-SNAPSHOT.jar!/webapps/hddsDatanode}
2021-08-12 00:19:23,404 [Listener at 127.0.0.1/37815] INFO  server.AbstractConnector (AbstractConnector.java:doStart(331)) - Started ServerConnector@17401fb4{HTTP/1.1, (http/1.1)}{0.0.0.0:46581}
2021-08-12 00:19:23,404 [Listener at 127.0.0.1/37815] INFO  server.Server (Server.java:doStart(415)) - Started @134382ms
2021-08-12 00:19:23,404 [Listener at 127.0.0.1/37815] WARN  impl.MetricsSystemImpl (MetricsSystemImpl.java:register(279)) - Sink prometheus already exists!
2021-08-12 00:19:23,405 [Listener at 127.0.0.1/37815] INFO  http.BaseHttpServer (BaseHttpServer.java:updateConnectorAddress(329)) - HTTP server of hddsDatanode listening at http://0.0.0.0:46581
2021-08-12 00:19:23,406 [Listener at 127.0.0.1/37815] WARN  impl.MetricRegistriesImpl (MetricRegistriesImpl.java:addReporterRegistration(111)) - New reporters are added after registries were created. Some metrics will be missing from the reporter. Please add reporter before adding any new registry.
2021-08-12 00:19:23,406 [Listener at 127.0.0.1/37815] WARN  impl.MetricRegistriesImpl (MetricRegistriesImpl.java:addReporterRegistration(111)) - New reporters are added after registries were created. Some metrics will be missing from the reporter. Please add reporter before adding any new registry.
2021-08-12 00:19:23,406 [Listener at 127.0.0.1/37815] INFO  impl.MetricsSystemImpl (MetricsSystemImpl.java:init(158)) - HddsDatanode metrics system started (again)
2021-08-12 00:19:23,428 [Listener at 127.0.0.1/37815] INFO  ozone.HddsDatanodeService (HddsDatanodeService.java:start(234)) - HddsDatanodeService host:fv-az122-889.zf1tlrj3kn4expqppa1j4mpycf.xx.internal.cloudapp.net ip:10.1.0.26
2021-08-12 00:19:23,454 [Listener at 127.0.0.1/37815] INFO  upgrade.AbstractLayoutVersionManager (AbstractLayoutVersionManager.java:init(70)) - Initializing Layout version manager with metadata layout = SCM_HA (version = 2), software layout = SCM_HA (version = 2)
2021-08-12 00:19:23,466 [org.apache.hadoop.util.JvmPauseMonitor$Monitor@6f635c42] INFO  util.JvmPauseMonitor (JvmPauseMonitor.java:run(188)) - Starting JVM pause monitor
2021-08-12 00:19:23,497 [Datanode State Machine Task Thread - 0] INFO  datanode.InitDatanodeState (InitDatanodeState.java:persistContainerDatanodeDetails(145)) - DatanodeDetails is persisted to /home/runner/work/ozone/ozone/hadoop-ozone/integration-test/target/test-dir/MiniOzoneClusterImpl-3f855486-d891-4f73-82e2-a28b2591c95d/datanode-0/meta/datanode.id
2021-08-12 00:19:23,517 [Listener at 127.0.0.1/37815] INFO  reflections.Reflections (Reflections.java:scan(232)) - Reflections took 61 ms to scan 7 urls, producing 120 keys and 275 values 
2021-08-12 00:19:23,519 [Listener at 127.0.0.1/37815] INFO  volume.HddsVolume (HddsVolume.java:<init>(120)) - Creating HddsVolume: /home/runner/work/ozone/ozone/hadoop-ozone/integration-test/target/test-dir/MiniOzoneClusterImpl-3f855486-d891-4f73-82e2-a28b2591c95d/datanode-1/data-0/containers/hdds of storage type : DISK capacity : 9223372036854775807
2021-08-12 00:19:23,519 [Listener at 127.0.0.1/37815] INFO  volume.MutableVolumeSet (MutableVolumeSet.java:initializeVolumeSet(181)) - Added Volume : /home/runner/work/ozone/ozone/hadoop-ozone/integration-test/target/test-dir/MiniOzoneClusterImpl-3f855486-d891-4f73-82e2-a28b2591c95d/datanode-1/data-0/containers/hdds to VolumeSet
2021-08-12 00:19:23,520 [Listener at 127.0.0.1/37815] INFO  volume.ThrottledAsyncChecker (ThrottledAsyncChecker.java:schedule(141)) - Scheduling a check for /home/runner/work/ozone/ozone/hadoop-ozone/integration-test/target/test-dir/MiniOzoneClusterImpl-3f855486-d891-4f73-82e2-a28b2591c95d/datanode-1/data-0/containers/hdds
2021-08-12 00:19:23,520 [Listener at 127.0.0.1/37815] INFO  volume.StorageVolumeChecker (StorageVolumeChecker.java:checkAllVolumes(202)) - Scheduled health check for volume /home/runner/work/ozone/ozone/hadoop-ozone/integration-test/target/test-dir/MiniOzoneClusterImpl-3f855486-d891-4f73-82e2-a28b2591c95d/datanode-1/data-0/containers/hdds
2021-08-12 00:19:23,534 [Listener at 127.0.0.1/37815] INFO  volume.MutableVolumeSet (MutableVolumeSet.java:initializeVolumeSet(181)) - Added Volume : /home/runner/work/ozone/ozone/hadoop-ozone/integration-test/target/test-dir/MiniOzoneClusterImpl-3f855486-d891-4f73-82e2-a28b2591c95d/datanode-1/data/ratis to VolumeSet
2021-08-12 00:19:23,534 [Listener at 127.0.0.1/37815] INFO  volume.ThrottledAsyncChecker (ThrottledAsyncChecker.java:schedule(141)) - Scheduling a check for /home/runner/work/ozone/ozone/hadoop-ozone/integration-test/target/test-dir/MiniOzoneClusterImpl-3f855486-d891-4f73-82e2-a28b2591c95d/datanode-1/data/ratis
2021-08-12 00:19:23,534 [Listener at 127.0.0.1/37815] INFO  volume.StorageVolumeChecker (StorageVolumeChecker.java:checkAllVolumes(202)) - Scheduled health check for volume /home/runner/work/ozone/ozone/hadoop-ozone/integration-test/target/test-dir/MiniOzoneClusterImpl-3f855486-d891-4f73-82e2-a28b2591c95d/datanode-1/data/ratis
2021-08-12 00:19:23,555 [Listener at 127.0.0.1/37815] INFO  ozoneimpl.ContainerReader (ContainerReader.java:<init>(98)) - Running in upgrade mode:true
2021-08-12 00:19:23,556 [Thread-969] INFO  ozoneimpl.ContainerReader (ContainerReader.java:readVolume(142)) - Start to verify containers on volume /home/runner/work/ozone/ozone/hadoop-ozone/integration-test/target/test-dir/MiniOzoneClusterImpl-3f855486-d891-4f73-82e2-a28b2591c95d/datanode-1/data-0/containers/hdds
2021-08-12 00:19:23,556 [Thread-969] INFO  ozoneimpl.ContainerReader (ContainerReader.java:readVolume(174)) - Finish verifying containers on volume /home/runner/work/ozone/ozone/hadoop-ozone/integration-test/target/test-dir/MiniOzoneClusterImpl-3f855486-d891-4f73-82e2-a28b2591c95d/datanode-1/data-0/containers/hdds
2021-08-12 00:19:23,556 [Listener at 127.0.0.1/37815] INFO  ozoneimpl.OzoneContainer (OzoneContainer.java:buildContainerSet(237)) - Build ContainerSet costs 0s
2021-08-12 00:19:23,558 [Listener at 127.0.0.1/37815] INFO  server.RaftServer (ConfUtils.java:logGet(44)) - raft.rpc.type = GRPC (default)
2021-08-12 00:19:23,558 [Listener at 127.0.0.1/37815] INFO  grpc.GrpcFactory (GrpcFactory.java:checkPooledByteBufAllocatorUseCacheForAllThreads(48)) - PERFORMANCE WARNING: useCacheForAllThreads is true that may cause Netty to create a lot garbage objects and, as a result, trigger GC.
	It is recommended to disable useCacheForAllThreads by setting -Dorg.apache.ratis.thirdparty.io.netty.allocator.useCacheForAllThreads=false in command line.
2021-08-12 00:19:23,558 [Listener at 127.0.0.1/37815] INFO  grpc.GrpcConfigKeys (ConfUtils.java:logGet(44)) - raft.grpc.admin.port = 0 (custom)
2021-08-12 00:19:23,558 [Listener at 127.0.0.1/37815] INFO  grpc.GrpcConfigKeys (ConfUtils.java:logGet(44)) - raft.grpc.client.port = 0 (custom)
2021-08-12 00:19:23,559 [Listener at 127.0.0.1/37815] INFO  grpc.GrpcConfigKeys (ConfUtils.java:logGet(44)) - raft.grpc.server.port = 0 (default)
2021-08-12 00:19:23,559 [Listener at 127.0.0.1/37815] INFO  server.GrpcService (ConfUtils.java:logGet(44)) - raft.grpc.message.size.max = 32MB (=33554432) (custom)
2021-08-12 00:19:23,559 [Listener at 127.0.0.1/37815] INFO  server.RaftServerConfigKeys (ConfUtils.java:logGet(44)) - raft.server.log.appender.buffer.byte-limit = 33554432 (custom)
2021-08-12 00:19:23,559 [Listener at 127.0.0.1/37815] INFO  server.GrpcService (ConfUtils.java:logGet(44)) - raft.grpc.flow.control.window = 5MB (=5242880) (custom)
2021-08-12 00:19:23,559 [Listener at 127.0.0.1/37815] INFO  server.RaftServerConfigKeys (ConfUtils.java:logGet(44)) - raft.server.rpc.request.timeout = 60s (custom)
2021-08-12 00:19:23,560 [Listener at 127.0.0.1/37815] INFO  impl.DataStreamServerImpl (ConfUtils.java:logGet(44)) - raft.datastream.type = DISABLED (default)
2021-08-12 00:19:23,560 [Listener at 127.0.0.1/37815] INFO  server.RaftServerConfigKeys (ConfUtils.java:logGet(44)) - raft.server.rpc.slowness.timeout = 300s (custom)
2021-08-12 00:19:23,560 [Listener at 127.0.0.1/37815] INFO  server.RaftServerConfigKeys (ConfUtils.java:logGet(44)) - raft.server.leaderelection.leader.step-down.wait-time = 10s (default)
2021-08-12 00:19:23,561 [Listener at 127.0.0.1/37815] INFO  server.RaftServerConfigKeys (ConfUtils.java:logGet(44)) - raft.server.storage.dir = [/home/runner/work/ozone/ozone/hadoop-ozone/integration-test/target/test-dir/MiniOzoneClusterImpl-3f855486-d891-4f73-82e2-a28b2591c95d/datanode-1/data/ratis] (custom)
2021-08-12 00:19:23,564 [Listener at 127.0.0.1/37815] INFO  http.BaseHttpServer (BaseHttpServer.java:newHttpServer2BuilderForOzone(209)) - Starting Web-server for hddsDatanode at: http://0.0.0.0:0
2021-08-12 00:19:23,564 [Listener at 127.0.0.1/37815] INFO  http.BaseHttpServer (BaseHttpServer.java:<init>(107)) - Hadoop Security Enabled: false Ozone Security Enabled: false Ozone HTTP Security Enabled: false 
2021-08-12 00:19:23,565 [Listener at 127.0.0.1/37815] INFO  server.AuthenticationFilter (AuthenticationFilter.java:constructSecretProvider(240)) - Unable to initialize FileSignerSecretProvider, falling back to use random secrets.
2021-08-12 00:19:23,566 [Listener at 127.0.0.1/37815] WARN  http.HttpRequestLog (HttpRequestLog.java:getRequestLog(103)) - Jetty request log can only be enabled using Log4j
2021-08-12 00:19:23,567 [Listener at 127.0.0.1/37815] INFO  http.HttpServer2 (HttpServer2.java:addGlobalFilter(1020)) - Added global filter 'safety' (class=org.apache.hadoop.hdds.server.http.HttpServer2$QuotingInputFilter)
2021-08-12 00:19:23,567 [Listener at 127.0.0.1/37815] INFO  http.HttpServer2 (HttpServer2.java:addFilter(996)) - Added filter static_user_filter (class=org.apache.hadoop.http.lib.StaticUserWebFilter$StaticUserFilter) to context hddsDatanode
2021-08-12 00:19:23,567 [Listener at 127.0.0.1/37815] INFO  http.HttpServer2 (HttpServer2.java:addFilter(1004)) - Added filter static_user_filter (class=org.apache.hadoop.http.lib.StaticUserWebFilter$StaticUserFilter) to context static
2021-08-12 00:19:23,567 [Listener at 127.0.0.1/37815] INFO  http.HttpServer2 (HttpServer2.java:addFilter(1004)) - Added filter static_user_filter (class=org.apache.hadoop.http.lib.StaticUserWebFilter$StaticUserFilter) to context logs
2021-08-12 00:19:23,568 [Listener at 127.0.0.1/37815] INFO  http.HttpServer2 (HttpServer2.java:bindListener(1239)) - Jetty bound to port 41533
2021-08-12 00:19:23,568 [Listener at 127.0.0.1/37815] INFO  server.Server (Server.java:doStart(375)) - jetty-9.4.43.v20210629; built: 2021-06-30T11:07:22.254Z; git: 526006ecfa3af7f1a27ef3a288e2bef7ea9dd7e8; jvm 1.8.0_292-b10
2021-08-12 00:19:23,572 [Listener at 127.0.0.1/37815] INFO  server.session (DefaultSessionIdManager.java:doStart(334)) - DefaultSessionIdManager workerName=node0
2021-08-12 00:19:23,572 [Listener at 127.0.0.1/37815] INFO  server.session (DefaultSessionIdManager.java:doStart(339)) - No SessionScavenger set, using defaults
2021-08-12 00:19:23,572 [Listener at 127.0.0.1/37815] INFO  server.session (HouseKeeper.java:startScavenging(132)) - node0 Scavenging every 660000ms
2021-08-12 00:19:23,573 [Listener at 127.0.0.1/37815] INFO  handler.ContextHandler (ContextHandler.java:doStart(915)) - Started o.e.j.s.ServletContextHandler@5fccbb3{logs,/logs,file:///home/runner/work/ozone/ozone/hadoop-ozone/integration-test/target/log,AVAILABLE}
2021-08-12 00:19:23,573 [Listener at 127.0.0.1/37815] INFO  handler.ContextHandler (ContextHandler.java:doStart(915)) - Started o.e.j.s.ServletContextHandler@61117b63{static,/static,jar:file:/home/runner/.m2/repository/org/apache/ozone/hdds-container-service/1.2.0-SNAPSHOT/hdds-container-service-1.2.0-SNAPSHOT.jar!/webapps/static,AVAILABLE}
2021-08-12 00:19:23,640 [Listener at 127.0.0.1/37815] INFO  handler.ContextHandler (ContextHandler.java:doStart(915)) - Started o.e.j.w.WebAppContext@2fac892e{hddsDatanode,/,file:///tmp/jetty-0_0_0_0-41533-hdds-container-service-1_2_0-SNAPSHOT_jar-_-any-7374499591542539913/webapp/,AVAILABLE}{jar:file:/home/runner/.m2/repository/org/apache/ozone/hdds-container-service/1.2.0-SNAPSHOT/hdds-container-service-1.2.0-SNAPSHOT.jar!/webapps/hddsDatanode}
2021-08-12 00:19:23,643 [Listener at 127.0.0.1/37815] INFO  server.AbstractConnector (AbstractConnector.java:doStart(331)) - Started ServerConnector@4e250712{HTTP/1.1, (http/1.1)}{0.0.0.0:41533}
2021-08-12 00:19:23,643 [Listener at 127.0.0.1/37815] INFO  server.Server (Server.java:doStart(415)) - Started @134621ms
2021-08-12 00:19:23,643 [Listener at 127.0.0.1/37815] WARN  impl.MetricsSystemImpl (MetricsSystemImpl.java:register(279)) - Sink prometheus already exists!
2021-08-12 00:19:23,644 [Listener at 127.0.0.1/37815] INFO  http.BaseHttpServer (BaseHttpServer.java:updateConnectorAddress(329)) - HTTP server of hddsDatanode listening at http://0.0.0.0:41533
2021-08-12 00:19:23,654 [Listener at 127.0.0.1/37815] WARN  impl.MetricRegistriesImpl (MetricRegistriesImpl.java:addReporterRegistration(111)) - New reporters are added after registries were created. Some metrics will be missing from the reporter. Please add reporter before adding any new registry.
2021-08-12 00:19:23,654 [Listener at 127.0.0.1/37815] WARN  impl.MetricRegistriesImpl (MetricRegistriesImpl.java:addReporterRegistration(111)) - New reporters are added after registries were created. Some metrics will be missing from the reporter. Please add reporter before adding any new registry.
2021-08-12 00:19:23,654 [Listener at 127.0.0.1/37815] INFO  impl.MetricsSystemImpl (MetricsSystemImpl.java:init(158)) - HddsDatanode metrics system started (again)
2021-08-12 00:19:23,676 [Listener at 127.0.0.1/37815] INFO  ozone.HddsDatanodeService (HddsDatanodeService.java:start(234)) - HddsDatanodeService host:fv-az122-889.zf1tlrj3kn4expqppa1j4mpycf.xx.internal.cloudapp.net ip:10.1.0.26
2021-08-12 00:19:23,695 [org.apache.hadoop.util.JvmPauseMonitor$Monitor@631e6878] INFO  util.JvmPauseMonitor (JvmPauseMonitor.java:run(188)) - Starting JVM pause monitor
2021-08-12 00:19:23,754 [Listener at 127.0.0.1/37815] INFO  upgrade.AbstractLayoutVersionManager (AbstractLayoutVersionManager.java:init(70)) - Initializing Layout version manager with metadata layout = SCM_HA (version = 2), software layout = SCM_HA (version = 2)
2021-08-12 00:19:23,758 [Datanode State Machine Task Thread - 0] INFO  datanode.InitDatanodeState (InitDatanodeState.java:persistContainerDatanodeDetails(145)) - DatanodeDetails is persisted to /home/runner/work/ozone/ozone/hadoop-ozone/integration-test/target/test-dir/MiniOzoneClusterImpl-3f855486-d891-4f73-82e2-a28b2591c95d/datanode-1/meta/datanode.id
2021-08-12 00:19:23,851 [Listener at 127.0.0.1/37815] INFO  reflections.Reflections (Reflections.java:scan(232)) - Reflections took 84 ms to scan 7 urls, producing 120 keys and 275 values 
2021-08-12 00:19:23,875 [Listener at 127.0.0.1/37815] INFO  volume.HddsVolume (HddsVolume.java:<init>(120)) - Creating HddsVolume: /home/runner/work/ozone/ozone/hadoop-ozone/integration-test/target/test-dir/MiniOzoneClusterImpl-3f855486-d891-4f73-82e2-a28b2591c95d/datanode-2/data-0/containers/hdds of storage type : DISK capacity : 9223372036854775807
2021-08-12 00:19:23,875 [Listener at 127.0.0.1/37815] INFO  volume.MutableVolumeSet (MutableVolumeSet.java:initializeVolumeSet(181)) - Added Volume : /home/runner/work/ozone/ozone/hadoop-ozone/integration-test/target/test-dir/MiniOzoneClusterImpl-3f855486-d891-4f73-82e2-a28b2591c95d/datanode-2/data-0/containers/hdds to VolumeSet
2021-08-12 00:19:23,875 [Listener at 127.0.0.1/37815] INFO  volume.ThrottledAsyncChecker (ThrottledAsyncChecker.java:schedule(141)) - Scheduling a check for /home/runner/work/ozone/ozone/hadoop-ozone/integration-test/target/test-dir/MiniOzoneClusterImpl-3f855486-d891-4f73-82e2-a28b2591c95d/datanode-2/data-0/containers/hdds
2021-08-12 00:19:23,876 [Listener at 127.0.0.1/37815] INFO  volume.StorageVolumeChecker (StorageVolumeChecker.java:checkAllVolumes(202)) - Scheduled health check for volume /home/runner/work/ozone/ozone/hadoop-ozone/integration-test/target/test-dir/MiniOzoneClusterImpl-3f855486-d891-4f73-82e2-a28b2591c95d/datanode-2/data-0/containers/hdds
2021-08-12 00:19:23,882 [om1@group-C5BA1605619E-FollowerState] INFO  impl.FollowerState (FollowerState.java:run(134)) - om1@group-C5BA1605619E-FollowerState: change to CANDIDATE, lastRpcElapsedTime:1128077197ns, electionTimeout:1127ms
2021-08-12 00:19:23,883 [om1@group-C5BA1605619E-FollowerState] INFO  impl.RoleInfo (RoleInfo.java:shutdownFollowerState(108)) - om1: shutdown om1@group-C5BA1605619E-FollowerState
2021-08-12 00:19:23,883 [om1@group-C5BA1605619E-FollowerState] INFO  server.RaftServer$Division (RaftServerImpl.java:setRole(285)) - om1@group-C5BA1605619E: changes role from  FOLLOWER to CANDIDATE at term 0 for changeToCandidate
2021-08-12 00:19:23,883 [om1@group-C5BA1605619E-FollowerState] INFO  server.RaftServerConfigKeys (ConfUtils.java:logGet(44)) - raft.server.leaderelection.pre-vote = false (custom)
2021-08-12 00:19:23,883 [om1@group-C5BA1605619E-FollowerState] INFO  impl.RoleInfo (RoleInfo.java:updateAndGet(130)) - om1: start om1@group-C5BA1605619E-LeaderElection40
2021-08-12 00:19:23,900 [Listener at 127.0.0.1/37815] INFO  volume.MutableVolumeSet (MutableVolumeSet.java:initializeVolumeSet(181)) - Added Volume : /home/runner/work/ozone/ozone/hadoop-ozone/integration-test/target/test-dir/MiniOzoneClusterImpl-3f855486-d891-4f73-82e2-a28b2591c95d/datanode-2/data/ratis to VolumeSet
2021-08-12 00:19:23,900 [Listener at 127.0.0.1/37815] INFO  volume.ThrottledAsyncChecker (ThrottledAsyncChecker.java:schedule(141)) - Scheduling a check for /home/runner/work/ozone/ozone/hadoop-ozone/integration-test/target/test-dir/MiniOzoneClusterImpl-3f855486-d891-4f73-82e2-a28b2591c95d/datanode-2/data/ratis
2021-08-12 00:19:23,901 [Listener at 127.0.0.1/37815] INFO  volume.StorageVolumeChecker (StorageVolumeChecker.java:checkAllVolumes(202)) - Scheduled health check for volume /home/runner/work/ozone/ozone/hadoop-ozone/integration-test/target/test-dir/MiniOzoneClusterImpl-3f855486-d891-4f73-82e2-a28b2591c95d/datanode-2/data/ratis
2021-08-12 00:19:23,902 [om1@group-C5BA1605619E-LeaderElection40] INFO  impl.LeaderElection (LeaderElection.java:askForVotes(306)) - om1@group-C5BA1605619E-LeaderElection40 ELECTION round 0: submit vote requests at term 1 for -1: [om1|rpc:localhost:9872|priority:0], old=null
2021-08-12 00:19:23,902 [om1@group-C5BA1605619E-LeaderElection40] INFO  impl.LeaderElection (LeaderElection.java:askForVotes(308)) - om1@group-C5BA1605619E-LeaderElection40 ELECTION round 0: result PASSED (term=1)
2021-08-12 00:19:23,902 [om1@group-C5BA1605619E-LeaderElection40] INFO  impl.RoleInfo (RoleInfo.java:shutdownLeaderElection(121)) - om1: shutdown om1@group-C5BA1605619E-LeaderElection40
2021-08-12 00:19:23,902 [om1@group-C5BA1605619E-LeaderElection40] INFO  server.RaftServer$Division (RaftServerImpl.java:setRole(285)) - om1@group-C5BA1605619E: changes role from CANDIDATE to LEADER at term 1 for changeToLeader
2021-08-12 00:19:23,903 [om1@group-C5BA1605619E-LeaderElection40] INFO  server.RaftServer$Division (ServerState.java:setLeader(285)) - om1@group-C5BA1605619E: change Leader from null to om1 at term 1 for becomeLeader, leader elected after 1222ms
2021-08-12 00:19:23,903 [om1@group-C5BA1605619E-LeaderElection40] INFO  server.RaftServerConfigKeys (ConfUtils.java:logGet(44)) - raft.server.staging.catchup.gap = 1000 (default)
2021-08-12 00:19:23,903 [om1@group-C5BA1605619E-LeaderElection40] INFO  server.RaftServerConfigKeys (ConfUtils.java:logGet(44)) - raft.server.write.element-limit = 4096 (default)
2021-08-12 00:19:23,903 [om1@group-C5BA1605619E-LeaderElection40] INFO  server.RaftServerConfigKeys (ConfUtils.java:logGet(44)) - raft.server.write.byte-limit = 64MB (=67108864) (default)
2021-08-12 00:19:23,903 [om1@group-C5BA1605619E-LeaderElection40] INFO  server.RaftServerConfigKeys (ConfUtils.java:logGet(44)) - raft.server.watch.timeout = 10s (default)
2021-08-12 00:19:23,903 [om1@group-C5BA1605619E-LeaderElection40] INFO  server.RaftServerConfigKeys (ConfUtils.java:logGet(44)) - raft.server.watch.timeout.denomination = 1s (default)
2021-08-12 00:19:23,903 [om1@group-C5BA1605619E-LeaderElection40] INFO  server.RaftServerConfigKeys (ConfUtils.java:logGet(44)) - raft.server.watch.element-limit = 65536 (default)
2021-08-12 00:19:23,904 [om1@group-C5BA1605619E-LeaderElection40] INFO  impl.RoleInfo (RoleInfo.java:updateAndGet(130)) - om1: start om1@group-C5BA1605619E-LeaderStateImpl
2021-08-12 00:19:23,904 [om1@group-C5BA1605619E-LeaderElection40] INFO  segmented.SegmentedRaftLogWorker (SegmentedRaftLogWorker.java:startLogSegment(394)) - om1@group-C5BA1605619E-SegmentedRaftLogWorker: Starting segment from index:0
2021-08-12 00:19:23,919 [om1@group-C5BA1605619E-SegmentedRaftLogWorker] INFO  segmented.SegmentedRaftLogWorker (SegmentedRaftLogWorker.java:execute(601)) - om1@group-C5BA1605619E-SegmentedRaftLogWorker: created new log segment /home/runner/work/ozone/ozone/hadoop-ozone/integration-test/target/test-dir/MiniOzoneClusterImpl-3f855486-d891-4f73-82e2-a28b2591c95d/ozone-meta/ratis/bf265839-605b-3f16-9796-c5ba1605619e/current/log_inprogress_0
2021-08-12 00:19:23,930 [Listener at 127.0.0.1/37815] INFO  ozoneimpl.ContainerReader (ContainerReader.java:<init>(98)) - Running in upgrade mode:true
2021-08-12 00:19:23,934 [om1@group-C5BA1605619E-LeaderElection40] INFO  server.RaftServer$Division (ServerState.java:setRaftConf(387)) - om1@group-C5BA1605619E: set configuration 0: [om1|rpc:localhost:9872|admin:|client:|dataStream:|priority:0], old=null
2021-08-12 00:19:23,937 [Thread-983] INFO  ozoneimpl.ContainerReader (ContainerReader.java:readVolume(142)) - Start to verify containers on volume /home/runner/work/ozone/ozone/hadoop-ozone/integration-test/target/test-dir/MiniOzoneClusterImpl-3f855486-d891-4f73-82e2-a28b2591c95d/datanode-2/data-0/containers/hdds
2021-08-12 00:19:23,937 [Thread-983] INFO  ozoneimpl.ContainerReader (ContainerReader.java:readVolume(174)) - Finish verifying containers on volume /home/runner/work/ozone/ozone/hadoop-ozone/integration-test/target/test-dir/MiniOzoneClusterImpl-3f855486-d891-4f73-82e2-a28b2591c95d/datanode-2/data-0/containers/hdds
2021-08-12 00:19:23,937 [Listener at 127.0.0.1/37815] INFO  ozoneimpl.OzoneContainer (OzoneContainer.java:buildContainerSet(237)) - Build ContainerSet costs 0s
2021-08-12 00:19:23,940 [Listener at 127.0.0.1/37815] INFO  server.RaftServer (ConfUtils.java:logGet(44)) - raft.rpc.type = GRPC (default)
2021-08-12 00:19:23,940 [Listener at 127.0.0.1/37815] INFO  grpc.GrpcFactory (GrpcFactory.java:checkPooledByteBufAllocatorUseCacheForAllThreads(48)) - PERFORMANCE WARNING: useCacheForAllThreads is true that may cause Netty to create a lot garbage objects and, as a result, trigger GC.
	It is recommended to disable useCacheForAllThreads by setting -Dorg.apache.ratis.thirdparty.io.netty.allocator.useCacheForAllThreads=false in command line.
2021-08-12 00:19:23,940 [Listener at 127.0.0.1/37815] INFO  grpc.GrpcConfigKeys (ConfUtils.java:logGet(44)) - raft.grpc.admin.port = 0 (custom)
2021-08-12 00:19:23,940 [Listener at 127.0.0.1/37815] INFO  grpc.GrpcConfigKeys (ConfUtils.java:logGet(44)) - raft.grpc.client.port = 0 (custom)
2021-08-12 00:19:23,940 [Listener at 127.0.0.1/37815] INFO  grpc.GrpcConfigKeys (ConfUtils.java:logGet(44)) - raft.grpc.server.port = 0 (default)
2021-08-12 00:19:23,940 [Listener at 127.0.0.1/37815] INFO  server.GrpcService (ConfUtils.java:logGet(44)) - raft.grpc.message.size.max = 32MB (=33554432) (custom)
2021-08-12 00:19:23,940 [Listener at 127.0.0.1/37815] INFO  server.RaftServerConfigKeys (ConfUtils.java:logGet(44)) - raft.server.log.appender.buffer.byte-limit = 33554432 (custom)
2021-08-12 00:19:23,940 [Listener at 127.0.0.1/37815] INFO  server.GrpcService (ConfUtils.java:logGet(44)) - raft.grpc.flow.control.window = 5MB (=5242880) (custom)
2021-08-12 00:19:23,941 [Listener at 127.0.0.1/37815] INFO  server.RaftServerConfigKeys (ConfUtils.java:logGet(44)) - raft.server.rpc.request.timeout = 60s (custom)
2021-08-12 00:19:23,942 [Listener at 127.0.0.1/37815] INFO  impl.DataStreamServerImpl (ConfUtils.java:logGet(44)) - raft.datastream.type = DISABLED (default)
2021-08-12 00:19:23,942 [Listener at 127.0.0.1/37815] INFO  server.RaftServerConfigKeys (ConfUtils.java:logGet(44)) - raft.server.rpc.slowness.timeout = 300s (custom)
2021-08-12 00:19:23,943 [Listener at 127.0.0.1/37815] INFO  server.RaftServerConfigKeys (ConfUtils.java:logGet(44)) - raft.server.leaderelection.leader.step-down.wait-time = 10s (default)
2021-08-12 00:19:23,943 [Listener at 127.0.0.1/37815] INFO  server.RaftServerConfigKeys (ConfUtils.java:logGet(44)) - raft.server.storage.dir = [/home/runner/work/ozone/ozone/hadoop-ozone/integration-test/target/test-dir/MiniOzoneClusterImpl-3f855486-d891-4f73-82e2-a28b2591c95d/datanode-2/data/ratis] (custom)
2021-08-12 00:19:23,946 [Listener at 127.0.0.1/37815] INFO  http.BaseHttpServer (BaseHttpServer.java:newHttpServer2BuilderForOzone(209)) - Starting Web-server for hddsDatanode at: http://0.0.0.0:0
2021-08-12 00:19:23,946 [Listener at 127.0.0.1/37815] INFO  http.BaseHttpServer (BaseHttpServer.java:<init>(107)) - Hadoop Security Enabled: false Ozone Security Enabled: false Ozone HTTP Security Enabled: false 
2021-08-12 00:19:23,947 [Listener at 127.0.0.1/37815] INFO  server.AuthenticationFilter (AuthenticationFilter.java:constructSecretProvider(240)) - Unable to initialize FileSignerSecretProvider, falling back to use random secrets.
2021-08-12 00:19:23,947 [Listener at 127.0.0.1/37815] WARN  http.HttpRequestLog (HttpRequestLog.java:getRequestLog(103)) - Jetty request log can only be enabled using Log4j
2021-08-12 00:19:23,948 [Listener at 127.0.0.1/37815] INFO  http.HttpServer2 (HttpServer2.java:addGlobalFilter(1020)) - Added global filter 'safety' (class=org.apache.hadoop.hdds.server.http.HttpServer2$QuotingInputFilter)
2021-08-12 00:19:23,948 [Listener at 127.0.0.1/37815] INFO  http.HttpServer2 (HttpServer2.java:addFilter(996)) - Added filter static_user_filter (class=org.apache.hadoop.http.lib.StaticUserWebFilter$StaticUserFilter) to context hddsDatanode
2021-08-12 00:19:23,948 [Listener at 127.0.0.1/37815] INFO  http.HttpServer2 (HttpServer2.java:addFilter(1004)) - Added filter static_user_filter (class=org.apache.hadoop.http.lib.StaticUserWebFilter$StaticUserFilter) to context static
2021-08-12 00:19:23,948 [Listener at 127.0.0.1/37815] INFO  http.HttpServer2 (HttpServer2.java:addFilter(1004)) - Added filter static_user_filter (class=org.apache.hadoop.http.lib.StaticUserWebFilter$StaticUserFilter) to context logs
2021-08-12 00:19:23,949 [Listener at 127.0.0.1/37815] INFO  http.HttpServer2 (HttpServer2.java:bindListener(1239)) - Jetty bound to port 38441
2021-08-12 00:19:23,949 [Listener at 127.0.0.1/37815] INFO  server.Server (Server.java:doStart(375)) - jetty-9.4.43.v20210629; built: 2021-06-30T11:07:22.254Z; git: 526006ecfa3af7f1a27ef3a288e2bef7ea9dd7e8; jvm 1.8.0_292-b10
2021-08-12 00:19:23,958 [Listener at 127.0.0.1/37815] INFO  server.session (DefaultSessionIdManager.java:doStart(334)) - DefaultSessionIdManager workerName=node0
2021-08-12 00:19:23,958 [Listener at 127.0.0.1/37815] INFO  server.session (DefaultSessionIdManager.java:doStart(339)) - No SessionScavenger set, using defaults
2021-08-12 00:19:23,958 [Listener at 127.0.0.1/37815] INFO  server.session (HouseKeeper.java:startScavenging(132)) - node0 Scavenging every 660000ms
2021-08-12 00:19:23,960 [Listener at 127.0.0.1/37815] INFO  handler.ContextHandler (ContextHandler.java:doStart(915)) - Started o.e.j.s.ServletContextHandler@72a4011f{logs,/logs,file:///home/runner/work/ozone/ozone/hadoop-ozone/integration-test/target/log,AVAILABLE}
2021-08-12 00:19:23,960 [Listener at 127.0.0.1/37815] INFO  handler.ContextHandler (ContextHandler.java:doStart(915)) - Started o.e.j.s.ServletContextHandler@784f3108{static,/static,jar:file:/home/runner/.m2/repository/org/apache/ozone/hdds-container-service/1.2.0-SNAPSHOT/hdds-container-service-1.2.0-SNAPSHOT.jar!/webapps/static,AVAILABLE}
2021-08-12 00:19:23,965 [om1@group-C5BA1605619E-StateMachineUpdater] INFO  ratis.OzoneManagerStateMachine (OzoneManagerStateMachine.java:notifyConfigurationChanged(188)) - Received Configuration change notification from Ratis. New Peer list:
[id: "om1"
address: "localhost:9872"
]
2021-08-12 00:19:24,019 [Listener at 127.0.0.1/37815] INFO  handler.ContextHandler (ContextHandler.java:doStart(915)) - Started o.e.j.w.WebAppContext@7332b50{hddsDatanode,/,file:///tmp/jetty-0_0_0_0-38441-hdds-container-service-1_2_0-SNAPSHOT_jar-_-any-4582099793861022584/webapp/,AVAILABLE}{jar:file:/home/runner/.m2/repository/org/apache/ozone/hdds-container-service/1.2.0-SNAPSHOT/hdds-container-service-1.2.0-SNAPSHOT.jar!/webapps/hddsDatanode}
2021-08-12 00:19:24,027 [Listener at 127.0.0.1/37815] INFO  server.AbstractConnector (AbstractConnector.java:doStart(331)) - Started ServerConnector@6b0a86e6{HTTP/1.1, (http/1.1)}{0.0.0.0:38441}
2021-08-12 00:19:24,028 [Listener at 127.0.0.1/37815] INFO  server.Server (Server.java:doStart(415)) - Started @135005ms
2021-08-12 00:19:24,031 [Listener at 127.0.0.1/37815] WARN  impl.MetricsSystemImpl (MetricsSystemImpl.java:register(279)) - Sink prometheus already exists!
2021-08-12 00:19:24,032 [Listener at 127.0.0.1/37815] INFO  http.BaseHttpServer (BaseHttpServer.java:updateConnectorAddress(329)) - HTTP server of hddsDatanode listening at http://0.0.0.0:38441
2021-08-12 00:19:24,038 [Listener at 127.0.0.1/37815] INFO  ozone.MiniOzoneClusterImpl (MiniOzoneClusterImpl.java:lambda$waitForClusterToBeReady$0(235)) - Waiting for nodes to be ready. Got 0 of 3 DN Heartbeats.
2021-08-12 00:19:24,038 [Listener at 127.0.0.1/37815] INFO  ozone.MiniOzoneClusterImpl (MiniOzoneClusterImpl.java:lambda$waitForClusterToBeReady$0(238)) - Waiting for cluster to exit safe mode
2021-08-12 00:19:24,039 [Listener at 127.0.0.1/37815] INFO  ozone.MiniOzoneClusterImpl (MiniOzoneClusterImpl.java:lambda$waitForClusterToBeReady$0(240)) - SCM became leader
2021-08-12 00:19:24,068 [org.apache.hadoop.util.JvmPauseMonitor$Monitor@446072] INFO  util.JvmPauseMonitor (JvmPauseMonitor.java:run(188)) - Starting JVM pause monitor
2021-08-12 00:19:24,088 [Datanode State Machine Task Thread - 0] INFO  datanode.InitDatanodeState (InitDatanodeState.java:persistContainerDatanodeDetails(145)) - DatanodeDetails is persisted to /home/runner/work/ozone/ozone/hadoop-ozone/integration-test/target/test-dir/MiniOzoneClusterImpl-3f855486-d891-4f73-82e2-a28b2591c95d/datanode-2/meta/datanode.id
2021-08-12 00:19:25,039 [Listener at 127.0.0.1/37815] INFO  ozone.MiniOzoneClusterImpl (MiniOzoneClusterImpl.java:lambda$waitForClusterToBeReady$0(235)) - Waiting for nodes to be ready. Got 0 of 3 DN Heartbeats.
2021-08-12 00:19:25,039 [Listener at 127.0.0.1/37815] INFO  ozone.MiniOzoneClusterImpl (MiniOzoneClusterImpl.java:lambda$waitForClusterToBeReady$0(238)) - Waiting for cluster to exit safe mode
2021-08-12 00:19:25,039 [Listener at 127.0.0.1/37815] INFO  ozone.MiniOzoneClusterImpl (MiniOzoneClusterImpl.java:lambda$waitForClusterToBeReady$0(240)) - SCM became leader
2021-08-12 00:19:25,519 [EndpointStateMachine task thread for /0.0.0.0:39847 - 0 ] INFO  ozoneimpl.OzoneContainer (OzoneContainer.java:start(305)) - Attempting to start container services.
2021-08-12 00:19:25,519 [EndpointStateMachine task thread for /0.0.0.0:39847 - 0 ] INFO  ozoneimpl.OzoneContainer (OzoneContainer.java:startContainerScrub(250)) - Background container scanner has been disabled.
2021-08-12 00:19:25,522 [EndpointStateMachine task thread for /0.0.0.0:39847 - 0 ] INFO  replication.ReplicationServer (ReplicationServer.java:start(106)) - ReplicationServer is started using port 33987
2021-08-12 00:19:25,523 [EndpointStateMachine task thread for /0.0.0.0:39847 - 0 ] INFO  ratis.XceiverServerRatis (XceiverServerRatis.java:start(482)) - Starting XceiverServerRatis f396bb35-69a0-4f96-b6c4-c95f49adeaa7
2021-08-12 00:19:25,558 [EndpointStateMachine task thread for /0.0.0.0:39847 - 0 ] INFO  server.RaftServer (RaftServerProxy.java:lambda$start$5(374)) - f396bb35-69a0-4f96-b6c4-c95f49adeaa7: start RPC server
2021-08-12 00:19:25,560 [EndpointStateMachine task thread for /0.0.0.0:39847 - 0 ] INFO  server.GrpcService (GrpcService.java:startImpl(253)) - f396bb35-69a0-4f96-b6c4-c95f49adeaa7: GrpcService started, listening on 37447
2021-08-12 00:19:25,565 [EndpointStateMachine task thread for /0.0.0.0:39847 - 0 ] INFO  ratis.XceiverServerRatis (XceiverServerRatis.java:getRealPort(503)) - XceiverServerRatis f396bb35-69a0-4f96-b6c4-c95f49adeaa7 is started using port 37447 for RATIS
2021-08-12 00:19:25,565 [EndpointStateMachine task thread for /0.0.0.0:39847 - 0 ] INFO  ratis.XceiverServerRatis (XceiverServerRatis.java:getRealPort(503)) - XceiverServerRatis f396bb35-69a0-4f96-b6c4-c95f49adeaa7 is started using port 37447 for RATIS_ADMIN
2021-08-12 00:19:25,565 [EndpointStateMachine task thread for /0.0.0.0:39847 - 0 ] INFO  ratis.XceiverServerRatis (XceiverServerRatis.java:getRealPort(503)) - XceiverServerRatis f396bb35-69a0-4f96-b6c4-c95f49adeaa7 is started using port 37447 for RATIS_SERVER
2021-08-12 00:19:25,566 [EndpointStateMachine task thread for /0.0.0.0:39847 - 0 ] INFO  server.XceiverServerGrpc (XceiverServerGrpc.java:start(135)) - XceiverServerGrpc f396bb35-69a0-4f96-b6c4-c95f49adeaa7 is started using port 39161
2021-08-12 00:19:25,610 [org.apache.ratis.util.JvmPauseMonitor$$Lambda$531/1449527477@5b4b21d4] INFO  util.JvmPauseMonitor (JvmPauseMonitor.java:run(103)) - JvmPauseMonitor-f396bb35-69a0-4f96-b6c4-c95f49adeaa7: Started
2021-08-12 00:19:25,709 [EndpointStateMachine task thread for /0.0.0.0:39847 - 0 ] INFO  ozoneimpl.OzoneContainer (OzoneContainer.java:start(305)) - Attempting to start container services.
2021-08-12 00:19:25,709 [EndpointStateMachine task thread for /0.0.0.0:39847 - 0 ] INFO  ozoneimpl.OzoneContainer (OzoneContainer.java:startContainerScrub(250)) - Background container scanner has been disabled.
2021-08-12 00:19:25,710 [EndpointStateMachine task thread for /0.0.0.0:39847 - 0 ] INFO  replication.ReplicationServer (ReplicationServer.java:start(106)) - ReplicationServer is started using port 40645
2021-08-12 00:19:25,725 [EndpointStateMachine task thread for /0.0.0.0:39847 - 0 ] INFO  ratis.XceiverServerRatis (XceiverServerRatis.java:start(482)) - Starting XceiverServerRatis b066bd09-7d5e-4568-b961-feea469aecd1
2021-08-12 00:19:25,731 [EndpointStateMachine task thread for /0.0.0.0:39847 - 0 ] INFO  server.RaftServer (RaftServerProxy.java:lambda$start$5(374)) - b066bd09-7d5e-4568-b961-feea469aecd1: start RPC server
2021-08-12 00:19:25,732 [EndpointStateMachine task thread for /0.0.0.0:39847 - 0 ] INFO  server.GrpcService (GrpcService.java:startImpl(253)) - b066bd09-7d5e-4568-b961-feea469aecd1: GrpcService started, listening on 41439
2021-08-12 00:19:25,732 [EndpointStateMachine task thread for /0.0.0.0:39847 - 0 ] INFO  ratis.XceiverServerRatis (XceiverServerRatis.java:getRealPort(503)) - XceiverServerRatis b066bd09-7d5e-4568-b961-feea469aecd1 is started using port 41439 for RATIS
2021-08-12 00:19:25,732 [EndpointStateMachine task thread for /0.0.0.0:39847 - 0 ] INFO  ratis.XceiverServerRatis (XceiverServerRatis.java:getRealPort(503)) - XceiverServerRatis b066bd09-7d5e-4568-b961-feea469aecd1 is started using port 41439 for RATIS_ADMIN
2021-08-12 00:19:25,732 [EndpointStateMachine task thread for /0.0.0.0:39847 - 0 ] INFO  ratis.XceiverServerRatis (XceiverServerRatis.java:getRealPort(503)) - XceiverServerRatis b066bd09-7d5e-4568-b961-feea469aecd1 is started using port 41439 for RATIS_SERVER
2021-08-12 00:19:25,733 [EndpointStateMachine task thread for /0.0.0.0:39847 - 0 ] INFO  server.XceiverServerGrpc (XceiverServerGrpc.java:start(135)) - XceiverServerGrpc b066bd09-7d5e-4568-b961-feea469aecd1 is started using port 40799
2021-08-12 00:19:25,738 [org.apache.ratis.util.JvmPauseMonitor$$Lambda$531/1449527477@3d9c9314] INFO  util.JvmPauseMonitor (JvmPauseMonitor.java:run(103)) - JvmPauseMonitor-b066bd09-7d5e-4568-b961-feea469aecd1: Started
2021-08-12 00:19:26,039 [Listener at 127.0.0.1/37815] INFO  ozone.MiniOzoneClusterImpl (MiniOzoneClusterImpl.java:lambda$waitForClusterToBeReady$0(235)) - Waiting for nodes to be ready. Got 0 of 3 DN Heartbeats.
2021-08-12 00:19:26,039 [Listener at 127.0.0.1/37815] INFO  ozone.MiniOzoneClusterImpl (MiniOzoneClusterImpl.java:lambda$waitForClusterToBeReady$0(238)) - Waiting for cluster to exit safe mode
2021-08-12 00:19:26,039 [Listener at 127.0.0.1/37815] INFO  ozone.MiniOzoneClusterImpl (MiniOzoneClusterImpl.java:lambda$waitForClusterToBeReady$0(240)) - SCM became leader
2021-08-12 00:19:26,077 [EndpointStateMachine task thread for /0.0.0.0:39847 - 0 ] INFO  ozoneimpl.OzoneContainer (OzoneContainer.java:start(305)) - Attempting to start container services.
2021-08-12 00:19:26,077 [EndpointStateMachine task thread for /0.0.0.0:39847 - 0 ] INFO  ozoneimpl.OzoneContainer (OzoneContainer.java:startContainerScrub(250)) - Background container scanner has been disabled.
2021-08-12 00:19:26,079 [EndpointStateMachine task thread for /0.0.0.0:39847 - 0 ] INFO  replication.ReplicationServer (ReplicationServer.java:start(106)) - ReplicationServer is started using port 46749
2021-08-12 00:19:26,081 [EndpointStateMachine task thread for /0.0.0.0:39847 - 0 ] INFO  ratis.XceiverServerRatis (XceiverServerRatis.java:start(482)) - Starting XceiverServerRatis 9844affe-c598-4e78-82ce-ffb4ab001b60
2021-08-12 00:19:26,083 [EndpointStateMachine task thread for /0.0.0.0:39847 - 0 ] INFO  server.RaftServer (RaftServerProxy.java:lambda$start$5(374)) - 9844affe-c598-4e78-82ce-ffb4ab001b60: start RPC server
2021-08-12 00:19:26,086 [EndpointStateMachine task thread for /0.0.0.0:39847 - 0 ] INFO  server.GrpcService (GrpcService.java:startImpl(253)) - 9844affe-c598-4e78-82ce-ffb4ab001b60: GrpcService started, listening on 43641
2021-08-12 00:19:26,087 [EndpointStateMachine task thread for /0.0.0.0:39847 - 0 ] INFO  ratis.XceiverServerRatis (XceiverServerRatis.java:getRealPort(503)) - XceiverServerRatis 9844affe-c598-4e78-82ce-ffb4ab001b60 is started using port 43641 for RATIS
2021-08-12 00:19:26,087 [EndpointStateMachine task thread for /0.0.0.0:39847 - 0 ] INFO  ratis.XceiverServerRatis (XceiverServerRatis.java:getRealPort(503)) - XceiverServerRatis 9844affe-c598-4e78-82ce-ffb4ab001b60 is started using port 43641 for RATIS_ADMIN
2021-08-12 00:19:26,087 [EndpointStateMachine task thread for /0.0.0.0:39847 - 0 ] INFO  ratis.XceiverServerRatis (XceiverServerRatis.java:getRealPort(503)) - XceiverServerRatis 9844affe-c598-4e78-82ce-ffb4ab001b60 is started using port 43641 for RATIS_SERVER
2021-08-12 00:19:26,088 [EndpointStateMachine task thread for /0.0.0.0:39847 - 0 ] INFO  server.XceiverServerGrpc (XceiverServerGrpc.java:start(135)) - XceiverServerGrpc 9844affe-c598-4e78-82ce-ffb4ab001b60 is started using port 42727
2021-08-12 00:19:26,089 [org.apache.ratis.util.JvmPauseMonitor$$Lambda$531/1449527477@5edabec3] INFO  util.JvmPauseMonitor (JvmPauseMonitor.java:run(103)) - JvmPauseMonitor-9844affe-c598-4e78-82ce-ffb4ab001b60: Started
2021-08-12 00:19:27,040 [Listener at 127.0.0.1/37815] INFO  ozone.MiniOzoneClusterImpl (MiniOzoneClusterImpl.java:lambda$waitForClusterToBeReady$0(235)) - Waiting for nodes to be ready. Got 0 of 3 DN Heartbeats.
2021-08-12 00:19:27,040 [Listener at 127.0.0.1/37815] INFO  ozone.MiniOzoneClusterImpl (MiniOzoneClusterImpl.java:lambda$waitForClusterToBeReady$0(238)) - Waiting for cluster to exit safe mode
2021-08-12 00:19:27,040 [Listener at 127.0.0.1/37815] INFO  ozone.MiniOzoneClusterImpl (MiniOzoneClusterImpl.java:lambda$waitForClusterToBeReady$0(240)) - SCM became leader
2021-08-12 00:19:27,469 [IPC Server handler 3 on default port 39847] INFO  net.NetworkTopologyImpl (NetworkTopologyImpl.java:add(112)) - Added a new node: /default-rack/f396bb35-69a0-4f96-b6c4-c95f49adeaa7
2021-08-12 00:19:27,470 [IPC Server handler 3 on default port 39847] INFO  node.SCMNodeManager (SCMNodeManager.java:register(390)) - Registered Data node : f396bb35-69a0-4f96-b6c4-c95f49adeaa7{ip: 10.1.0.26, host: fv-az122-889.zf1tlrj3kn4expqppa1j4mpycf.xx.internal.cloudapp.net, ports: [REPLICATION=33987, RATIS=37447, RATIS_ADMIN=37447, RATIS_SERVER=37447, STANDALONE=39161], networkLocation: /default-rack, certSerialId: null, persistedOpState: null, persistedOpStateExpiryEpochSec: 0}
2021-08-12 00:19:27,472 [EventQueue-NodeRegistrationContainerReportForDataNodeSafeModeRule] INFO  safemode.SCMSafeModeManager (DataNodeSafeModeRule.java:process(71)) - SCM in safe mode. 1 DataNodes registered, 3 required.
2021-08-12 00:19:27,472 [EventQueue-NodeRegistrationContainerReportForContainerSafeModeRule] INFO  safemode.SCMSafeModeManager (SCMSafeModeManager.java:validateSafeModeExitRules(204)) - ContainerSafeModeRule rule is successfully validated
2021-08-12 00:19:27,485 [EventQueue-NewNodeForNewNodeHandler] INFO  pipeline.BackgroundPipelineCreator (BackgroundPipelineCreatorV2.java:notifyEventTriggered(285)) - trigger a one-shot run on RatisPipelineUtilsThread.
2021-08-12 00:19:27,486 [RatisPipelineUtilsThread - 0] INFO  pipeline.RatisPipelineProvider (RatisPipelineProvider.java:lambda$create$0(183)) - Sending CreatePipelineCommand for pipeline:PipelineID=2585efa8-ba14-41b5-9af7-4038b9ffba50 to datanode:f396bb35-69a0-4f96-b6c4-c95f49adeaa7
2021-08-12 00:19:27,486 [EventQueue-PipelineReportForOneReplicaPipelineSafeModeRule] INFO  safemode.SCMSafeModeManager (SCMSafeModeManager.java:validateSafeModeExitRules(204)) - AtleastOneDatanodeReportedRule rule is successfully validated
2021-08-12 00:19:27,491 [RatisPipelineUtilsThread - 0] INFO  pipeline.PipelineStateManager (PipelineStateManagerV2Impl.java:addPipeline(101)) - Created pipeline Pipeline[ Id: 2585efa8-ba14-41b5-9af7-4038b9ffba50, Nodes: f396bb35-69a0-4f96-b6c4-c95f49adeaa7{ip: 10.1.0.26, host: fv-az122-889.zf1tlrj3kn4expqppa1j4mpycf.xx.internal.cloudapp.net, ports: [REPLICATION=33987, RATIS=37447, RATIS_ADMIN=37447, RATIS_SERVER=37447, STANDALONE=39161], networkLocation: /default-rack, certSerialId: null, persistedOpState: IN_SERVICE, persistedOpStateExpiryEpochSec: 0}, ReplicationConfig: RATIS/ONE, State:ALLOCATED, leaderId:, CreationTimestamp2021-08-12T00:19:27.486Z[Etc/UTC]].
2021-08-12 00:19:27,698 [IPC Server handler 0 on default port 39847] INFO  net.NetworkTopologyImpl (NetworkTopologyImpl.java:add(112)) - Added a new node: /default-rack/b066bd09-7d5e-4568-b961-feea469aecd1
2021-08-12 00:19:27,698 [IPC Server handler 0 on default port 39847] INFO  node.SCMNodeManager (SCMNodeManager.java:register(390)) - Registered Data node : b066bd09-7d5e-4568-b961-feea469aecd1{ip: 10.1.0.26, host: fv-az122-889.zf1tlrj3kn4expqppa1j4mpycf.xx.internal.cloudapp.net, ports: [REPLICATION=40645, RATIS=41439, RATIS_ADMIN=41439, RATIS_SERVER=41439, STANDALONE=40799], networkLocation: /default-rack, certSerialId: null, persistedOpState: null, persistedOpStateExpiryEpochSec: 0}
2021-08-12 00:19:27,698 [EventQueue-NewNodeForNewNodeHandler] INFO  pipeline.BackgroundPipelineCreator (BackgroundPipelineCreatorV2.java:notifyEventTriggered(285)) - trigger a one-shot run on RatisPipelineUtilsThread.
2021-08-12 00:19:27,700 [EventQueue-NodeRegistrationContainerReportForDataNodeSafeModeRule] INFO  safemode.SCMSafeModeManager (DataNodeSafeModeRule.java:process(71)) - SCM in safe mode. 2 DataNodes registered, 3 required.
2021-08-12 00:19:27,700 [RatisPipelineUtilsThread - 0] INFO  pipeline.RatisPipelineProvider (RatisPipelineProvider.java:lambda$create$0(183)) - Sending CreatePipelineCommand for pipeline:PipelineID=0d452eb6-39c9-4aaf-aa4a-b7f896e5164c to datanode:b066bd09-7d5e-4568-b961-feea469aecd1
2021-08-12 00:19:27,701 [RatisPipelineUtilsThread - 0] INFO  pipeline.PipelineStateManager (PipelineStateManagerV2Impl.java:addPipeline(101)) - Created pipeline Pipeline[ Id: 0d452eb6-39c9-4aaf-aa4a-b7f896e5164c, Nodes: b066bd09-7d5e-4568-b961-feea469aecd1{ip: 10.1.0.26, host: fv-az122-889.zf1tlrj3kn4expqppa1j4mpycf.xx.internal.cloudapp.net, ports: [REPLICATION=40645, RATIS=41439, RATIS_ADMIN=41439, RATIS_SERVER=41439, STANDALONE=40799], networkLocation: /default-rack, certSerialId: null, persistedOpState: IN_SERVICE, persistedOpStateExpiryEpochSec: 0}, ReplicationConfig: RATIS/ONE, State:ALLOCATED, leaderId:, CreationTimestamp2021-08-12T00:19:27.700Z[Etc/UTC]].
2021-08-12 00:19:28,040 [Listener at 127.0.0.1/37815] INFO  ozone.MiniOzoneClusterImpl (MiniOzoneClusterImpl.java:lambda$waitForClusterToBeReady$0(235)) - Waiting for nodes to be ready. Got 2 of 3 DN Heartbeats.
2021-08-12 00:19:28,040 [Listener at 127.0.0.1/37815] INFO  ozone.MiniOzoneClusterImpl (MiniOzoneClusterImpl.java:lambda$waitForClusterToBeReady$0(238)) - Waiting for cluster to exit safe mode
2021-08-12 00:19:28,040 [Listener at 127.0.0.1/37815] INFO  ozone.MiniOzoneClusterImpl (MiniOzoneClusterImpl.java:lambda$waitForClusterToBeReady$0(240)) - SCM became leader
2021-08-12 00:19:28,069 [IPC Server handler 2 on default port 39847] INFO  net.NetworkTopologyImpl (NetworkTopologyImpl.java:add(112)) - Added a new node: /default-rack/9844affe-c598-4e78-82ce-ffb4ab001b60
2021-08-12 00:19:28,070 [IPC Server handler 2 on default port 39847] INFO  node.SCMNodeManager (SCMNodeManager.java:register(390)) - Registered Data node : 9844affe-c598-4e78-82ce-ffb4ab001b60{ip: 10.1.0.26, host: fv-az122-889.zf1tlrj3kn4expqppa1j4mpycf.xx.internal.cloudapp.net, ports: [REPLICATION=46749, RATIS=43641, RATIS_ADMIN=43641, RATIS_SERVER=43641, STANDALONE=42727], networkLocation: /default-rack, certSerialId: null, persistedOpState: null, persistedOpStateExpiryEpochSec: 0}
2021-08-12 00:19:28,070 [EventQueue-NewNodeForNewNodeHandler] INFO  pipeline.BackgroundPipelineCreator (BackgroundPipelineCreatorV2.java:notifyEventTriggered(285)) - trigger a one-shot run on RatisPipelineUtilsThread.
2021-08-12 00:19:28,073 [RatisPipelineUtilsThread - 0] INFO  pipeline.RatisPipelineProvider (RatisPipelineProvider.java:lambda$create$0(183)) - Sending CreatePipelineCommand for pipeline:PipelineID=66e46046-9df7-45d5-8015-3379222122cc to datanode:9844affe-c598-4e78-82ce-ffb4ab001b60
2021-08-12 00:19:28,074 [RatisPipelineUtilsThread - 0] INFO  pipeline.PipelineStateManager (PipelineStateManagerV2Impl.java:addPipeline(101)) - Created pipeline Pipeline[ Id: 66e46046-9df7-45d5-8015-3379222122cc, Nodes: 9844affe-c598-4e78-82ce-ffb4ab001b60{ip: 10.1.0.26, host: fv-az122-889.zf1tlrj3kn4expqppa1j4mpycf.xx.internal.cloudapp.net, ports: [REPLICATION=46749, RATIS=43641, RATIS_ADMIN=43641, RATIS_SERVER=43641, STANDALONE=42727], networkLocation: /default-rack, certSerialId: null, persistedOpState: IN_SERVICE, persistedOpStateExpiryEpochSec: 0}, ReplicationConfig: RATIS/ONE, State:ALLOCATED, leaderId:, CreationTimestamp2021-08-12T00:19:28.073Z[Etc/UTC]].
2021-08-12 00:19:28,074 [EventQueue-NodeRegistrationContainerReportForDataNodeSafeModeRule] INFO  safemode.SCMSafeModeManager (DataNodeSafeModeRule.java:process(71)) - SCM in safe mode. 3 DataNodes registered, 3 required.
2021-08-12 00:19:28,074 [EventQueue-NodeRegistrationContainerReportForDataNodeSafeModeRule] INFO  safemode.SCMSafeModeManager (SCMSafeModeManager.java:validateSafeModeExitRules(204)) - DataNodeSafeModeRule rule is successfully validated
2021-08-12 00:19:28,078 [EventQueue-NodeRegistrationContainerReportForDataNodeSafeModeRule] INFO  safemode.SCMSafeModeManager (SCMSafeModeManager.java:completePreCheck(233)) - All SCM safe mode pre check rules have passed
2021-08-12 00:19:28,078 [EventQueue-NodeRegistrationContainerReportForDataNodeSafeModeRule] WARN  events.EventQueue (EventQueue.java:fireEvent(194)) - No event handler registered for event TypedEvent{payloadType=SafeModeStatus, name='Safe mode status'}
2021-08-12 00:19:28,078 [EventQueue-NodeRegistrationContainerReportForDataNodeSafeModeRule] INFO  ha.SCMContext (SCMContext.java:updateSafeModeStatus(205)) - Update SafeModeStatus from SafeModeStatus{safeModeStatus=true, preCheckPassed=false} to SafeModeStatus{safeModeStatus=true, preCheckPassed=true}.
2021-08-12 00:19:28,078 [EventQueue-NodeRegistrationContainerReportForDataNodeSafeModeRule] INFO  pipeline.BackgroundPipelineCreator (BackgroundPipelineCreatorV2.java:notifyEventTriggered(285)) - trigger a one-shot run on RatisPipelineUtilsThread.
2021-08-12 00:19:28,079 [RatisPipelineUtilsThread - 0] INFO  pipeline.RatisPipelineProvider (RatisPipelineProvider.java:lambda$create$0(183)) - Sending CreatePipelineCommand for pipeline:PipelineID=1ee109bd-0e6d-46f4-9757-9f4148ed38ec to datanode:b066bd09-7d5e-4568-b961-feea469aecd1
2021-08-12 00:19:28,079 [RatisPipelineUtilsThread - 0] INFO  pipeline.RatisPipelineProvider (RatisPipelineProvider.java:lambda$create$0(183)) - Sending CreatePipelineCommand for pipeline:PipelineID=1ee109bd-0e6d-46f4-9757-9f4148ed38ec to datanode:9844affe-c598-4e78-82ce-ffb4ab001b60
2021-08-12 00:19:28,079 [RatisPipelineUtilsThread - 0] INFO  pipeline.RatisPipelineProvider (RatisPipelineProvider.java:lambda$create$0(183)) - Sending CreatePipelineCommand for pipeline:PipelineID=1ee109bd-0e6d-46f4-9757-9f4148ed38ec to datanode:f396bb35-69a0-4f96-b6c4-c95f49adeaa7
2021-08-12 00:19:28,079 [RatisPipelineUtilsThread - 0] INFO  pipeline.PipelineStateManager (PipelineStateManagerV2Impl.java:addPipeline(101)) - Created pipeline Pipeline[ Id: 1ee109bd-0e6d-46f4-9757-9f4148ed38ec, Nodes: b066bd09-7d5e-4568-b961-feea469aecd1{ip: 10.1.0.26, host: fv-az122-889.zf1tlrj3kn4expqppa1j4mpycf.xx.internal.cloudapp.net, ports: [REPLICATION=40645, RATIS=41439, RATIS_ADMIN=41439, RATIS_SERVER=41439, STANDALONE=40799], networkLocation: /default-rack, certSerialId: null, persistedOpState: IN_SERVICE, persistedOpStateExpiryEpochSec: 0}9844affe-c598-4e78-82ce-ffb4ab001b60{ip: 10.1.0.26, host: fv-az122-889.zf1tlrj3kn4expqppa1j4mpycf.xx.internal.cloudapp.net, ports: [REPLICATION=46749, RATIS=43641, RATIS_ADMIN=43641, RATIS_SERVER=43641, STANDALONE=42727], networkLocation: /default-rack, certSerialId: null, persistedOpState: IN_SERVICE, persistedOpStateExpiryEpochSec: 0}f396bb35-69a0-4f96-b6c4-c95f49adeaa7{ip: 10.1.0.26, host: fv-az122-889.zf1tlrj3kn4expqppa1j4mpycf.xx.internal.cloudapp.net, ports: [REPLICATION=33987, RATIS=37447, RATIS_ADMIN=37447, RATIS_SERVER=37447, STANDALONE=39161], networkLocation: /default-rack, certSerialId: null, persistedOpState: IN_SERVICE, persistedOpStateExpiryEpochSec: 0}, ReplicationConfig: RATIS/THREE, State:ALLOCATED, leaderId:, CreationTimestamp2021-08-12T00:19:28.079Z[Etc/UTC]].
2021-08-12 00:19:28,080 [RatisPipelineUtilsThread - 0] INFO  pipeline.RatisPipelineProvider (RatisPipelineProvider.java:lambda$create$0(183)) - Sending CreatePipelineCommand for pipeline:PipelineID=d1c86861-ed37-4361-953f-bd5db61a9c5f to datanode:9844affe-c598-4e78-82ce-ffb4ab001b60
2021-08-12 00:19:28,080 [RatisPipelineUtilsThread - 0] INFO  pipeline.RatisPipelineProvider (RatisPipelineProvider.java:lambda$create$0(183)) - Sending CreatePipelineCommand for pipeline:PipelineID=d1c86861-ed37-4361-953f-bd5db61a9c5f to datanode:b066bd09-7d5e-4568-b961-feea469aecd1
2021-08-12 00:19:28,080 [RatisPipelineUtilsThread - 0] INFO  pipeline.RatisPipelineProvider (RatisPipelineProvider.java:lambda$create$0(183)) - Sending CreatePipelineCommand for pipeline:PipelineID=d1c86861-ed37-4361-953f-bd5db61a9c5f to datanode:f396bb35-69a0-4f96-b6c4-c95f49adeaa7
2021-08-12 00:19:28,080 [RatisPipelineUtilsThread - 0] INFO  pipeline.PipelineStateManager (PipelineStateManagerV2Impl.java:addPipeline(101)) - Created pipeline Pipeline[ Id: d1c86861-ed37-4361-953f-bd5db61a9c5f, Nodes: 9844affe-c598-4e78-82ce-ffb4ab001b60{ip: 10.1.0.26, host: fv-az122-889.zf1tlrj3kn4expqppa1j4mpycf.xx.internal.cloudapp.net, ports: [REPLICATION=46749, RATIS=43641, RATIS_ADMIN=43641, RATIS_SERVER=43641, STANDALONE=42727], networkLocation: /default-rack, certSerialId: null, persistedOpState: IN_SERVICE, persistedOpStateExpiryEpochSec: 0}b066bd09-7d5e-4568-b961-feea469aecd1{ip: 10.1.0.26, host: fv-az122-889.zf1tlrj3kn4expqppa1j4mpycf.xx.internal.cloudapp.net, ports: [REPLICATION=40645, RATIS=41439, RATIS_ADMIN=41439, RATIS_SERVER=41439, STANDALONE=40799], networkLocation: /default-rack, certSerialId: null, persistedOpState: IN_SERVICE, persistedOpStateExpiryEpochSec: 0}f396bb35-69a0-4f96-b6c4-c95f49adeaa7{ip: 10.1.0.26, host: fv-az122-889.zf1tlrj3kn4expqppa1j4mpycf.xx.internal.cloudapp.net, ports: [REPLICATION=33987, RATIS=37447, RATIS_ADMIN=37447, RATIS_SERVER=37447, STANDALONE=39161], networkLocation: /default-rack, certSerialId: null, persistedOpState: IN_SERVICE, persistedOpStateExpiryEpochSec: 0}, ReplicationConfig: RATIS/THREE, State:ALLOCATED, leaderId:, CreationTimestamp2021-08-12T00:19:28.080Z[Etc/UTC]].
2021-08-12 00:19:28,080 [RatisPipelineUtilsThread - 0] INFO  pipeline.PipelineManagerImpl (PipelineManagerImpl.java:recordMetricsForPipeline(614)) - Pipeline: PipelineID=d1c86861-ed37-4361-953f-bd5db61a9c5f contains same datanodes as previous pipelines: PipelineID=1ee109bd-0e6d-46f4-9757-9f4148ed38ec nodeIds: 9844affe-c598-4e78-82ce-ffb4ab001b60, b066bd09-7d5e-4568-b961-feea469aecd1, f396bb35-69a0-4f96-b6c4-c95f49adeaa7
2021-08-12 00:19:29,041 [Listener at 127.0.0.1/37815] INFO  ozone.MiniOzoneClusterImpl (MiniOzoneClusterImpl.java:lambda$waitForClusterToBeReady$0(235)) - Nodes are ready. Got 3 of 3 DN Heartbeats.
2021-08-12 00:19:29,041 [Listener at 127.0.0.1/37815] INFO  ozone.MiniOzoneClusterImpl (MiniOzoneClusterImpl.java:lambda$waitForClusterToBeReady$0(238)) - Waiting for cluster to exit safe mode
2021-08-12 00:19:29,041 [Listener at 127.0.0.1/37815] INFO  ozone.MiniOzoneClusterImpl (MiniOzoneClusterImpl.java:lambda$waitForClusterToBeReady$0(240)) - SCM became leader
2021-08-12 00:19:30,041 [Listener at 127.0.0.1/37815] INFO  ozone.MiniOzoneClusterImpl (MiniOzoneClusterImpl.java:lambda$waitForClusterToBeReady$0(235)) - Nodes are ready. Got 3 of 3 DN Heartbeats.
2021-08-12 00:19:30,041 [Listener at 127.0.0.1/37815] INFO  ozone.MiniOzoneClusterImpl (MiniOzoneClusterImpl.java:lambda$waitForClusterToBeReady$0(238)) - Waiting for cluster to exit safe mode
2021-08-12 00:19:30,041 [Listener at 127.0.0.1/37815] INFO  ozone.MiniOzoneClusterImpl (MiniOzoneClusterImpl.java:lambda$waitForClusterToBeReady$0(240)) - SCM became leader
2021-08-12 00:19:30,469 [Command processor thread] INFO  server.RaftServer (RaftServerProxy.java:addNew(95)) - f396bb35-69a0-4f96-b6c4-c95f49adeaa7: addNew group-4038B9FFBA50:[f396bb35-69a0-4f96-b6c4-c95f49adeaa7|rpc:10.1.0.26:37447|priority:1] returns group-4038B9FFBA50:java.util.concurrent.CompletableFuture@2406e454[Not completed]
2021-08-12 00:19:30,473 [pool-369-thread-1] INFO  server.RaftServer$Division (RaftServerImpl.java:<init>(181)) - f396bb35-69a0-4f96-b6c4-c95f49adeaa7: new RaftServerImpl for group-4038B9FFBA50:[f396bb35-69a0-4f96-b6c4-c95f49adeaa7|rpc:10.1.0.26:37447|priority:1] with ContainerStateMachine:uninitialized
2021-08-12 00:19:30,473 [pool-369-thread-1] INFO  server.RaftServerConfigKeys (ConfUtils.java:logGet(44)) - raft.server.rpc.timeout.min = 5s (custom)
2021-08-12 00:19:30,474 [pool-369-thread-1] INFO  server.RaftServerConfigKeys (ConfUtils.java:logGet(44)) - raft.server.rpc.timeout.max = 5200ms (custom)
2021-08-12 00:19:30,474 [pool-369-thread-1] INFO  server.RaftServerConfigKeys (ConfUtils.java:logGet(44)) - raft.server.rpc.sleep.time = 25ms (default)
2021-08-12 00:19:30,474 [pool-369-thread-1] INFO  server.RaftServerConfigKeys (ConfUtils.java:logGet(44)) - raft.server.rpc.slowness.timeout = 300s (custom)
2021-08-12 00:19:30,474 [pool-369-thread-1] INFO  server.RaftServerConfigKeys (ConfUtils.java:logGet(44)) - raft.server.leaderelection.leader.step-down.wait-time = 10s (default)
2021-08-12 00:19:30,474 [pool-369-thread-1] INFO  server.RaftServerConfigKeys (ConfUtils.java:logGet(44)) - raft.server.sleep.deviation.threshold = 300ms (default)
2021-08-12 00:19:30,474 [pool-369-thread-1] INFO  server.RaftServerConfigKeys (ConfUtils.java:logGet(44)) - raft.server.log.appender.install.snapshot.enabled = false (custom)
2021-08-12 00:19:30,474 [pool-369-thread-1] INFO  server.RaftServer$Division (ServerState.java:<init>(105)) - f396bb35-69a0-4f96-b6c4-c95f49adeaa7@group-4038B9FFBA50: ConfigurationManager, init=-1: [f396bb35-69a0-4f96-b6c4-c95f49adeaa7|rpc:10.1.0.26:37447|priority:1], old=null, confs=<EMPTY_MAP>
2021-08-12 00:19:30,474 [pool-369-thread-1] INFO  server.RaftServerConfigKeys (ConfUtils.java:logGet(44)) - raft.server.storage.dir = [/home/runner/work/ozone/ozone/hadoop-ozone/integration-test/target/test-dir/MiniOzoneClusterImpl-3f855486-d891-4f73-82e2-a28b2591c95d/datanode-0/data/ratis] (custom)
2021-08-12 00:19:30,474 [pool-369-thread-1] INFO  server.RaftServerConfigKeys (ConfUtils.java:logGet(44)) - raft.server.log.corruption.policy = EXCEPTION (default)
2021-08-12 00:19:30,474 [pool-369-thread-1] INFO  server.RaftServerConfigKeys (ConfUtils.java:logGet(44)) - raft.server.storage.free-space.min = 0MB (=0) (default)
2021-08-12 00:19:30,475 [pool-369-thread-1] INFO  storage.RaftStorageDirectory (RaftStorageDirectoryImpl.java:analyzeStorage(135)) - The storage directory /home/runner/work/ozone/ozone/hadoop-ozone/integration-test/target/test-dir/MiniOzoneClusterImpl-3f855486-d891-4f73-82e2-a28b2591c95d/datanode-0/data/ratis/2585efa8-ba14-41b5-9af7-4038b9ffba50 does not exist. Creating ...
2021-08-12 00:19:30,476 [pool-369-thread-1] INFO  storage.RaftStorageDirectory (RaftStorageDirectoryImpl.java:tryLock(230)) - Lock on /home/runner/work/ozone/ozone/hadoop-ozone/integration-test/target/test-dir/MiniOzoneClusterImpl-3f855486-d891-4f73-82e2-a28b2591c95d/datanode-0/data/ratis/2585efa8-ba14-41b5-9af7-4038b9ffba50/in_use.lock acquired by nodename 20692@fv-az122-889
2021-08-12 00:19:30,482 [pool-369-thread-1] INFO  storage.RaftStorage (RaftStorageImpl.java:format(89)) - Storage directory /home/runner/work/ozone/ozone/hadoop-ozone/integration-test/target/test-dir/MiniOzoneClusterImpl-3f855486-d891-4f73-82e2-a28b2591c95d/datanode-0/data/ratis/2585efa8-ba14-41b5-9af7-4038b9ffba50 has been successfully formatted.
2021-08-12 00:19:30,483 [pool-369-thread-1] INFO  ratis.ContainerStateMachine (ContainerStateMachine.java:loadSnapshot(225)) - group-4038B9FFBA50: The snapshot info is null. Setting the last applied indexto:(t:0, i:~)
2021-08-12 00:19:30,484 [pool-369-thread-1] INFO  server.RaftServerConfigKeys (ConfUtils.java:logGet(44)) - raft.server.notification.no-leader.timeout = 300s (custom)
2021-08-12 00:19:30,484 [pool-369-thread-1] INFO  server.RaftServerConfigKeys (ConfUtils.java:logGet(44)) - raft.server.log.use.memory = false (default)
2021-08-12 00:19:30,484 [pool-369-thread-1] INFO  server.RaftServerConfigKeys (ConfUtils.java:logGet(44)) - raft.server.log.purge.gap = 1000000 (custom)
2021-08-12 00:19:30,484 [pool-369-thread-1] INFO  server.RaftServerConfigKeys (ConfUtils.java:logGet(44)) - raft.server.log.appender.buffer.byte-limit = 33554432 (custom)
2021-08-12 00:19:30,484 [Datanode State Machine Thread - 0] WARN  statemachine.StateContext (StateContext.java:execute(621)) - No available thread in pool for past 1 seconds.
2021-08-12 00:19:30,485 [EventQueue-PipelineReportForPipelineReportHandler] INFO  pipeline.PipelineManagerImpl (PipelineManagerImpl.java:openPipeline(283)) - Pipeline Pipeline[ Id: 2585efa8-ba14-41b5-9af7-4038b9ffba50, Nodes: f396bb35-69a0-4f96-b6c4-c95f49adeaa7{ip: 10.1.0.26, host: fv-az122-889.zf1tlrj3kn4expqppa1j4mpycf.xx.internal.cloudapp.net, ports: [REPLICATION=33987, RATIS=37447, RATIS_ADMIN=37447, RATIS_SERVER=37447, STANDALONE=39161], networkLocation: /default-rack, certSerialId: null, persistedOpState: IN_SERVICE, persistedOpStateExpiryEpochSec: 0}, ReplicationConfig: RATIS/ONE, State:ALLOCATED, leaderId:f396bb35-69a0-4f96-b6c4-c95f49adeaa7, CreationTimestamp2021-08-12T00:19:27.486Z[Etc/UTC]] moved to OPEN state
2021-08-12 00:19:30,498 [EventQueue-OpenPipelineForHealthyPipelineSafeModeRule] INFO  safemode.SCMSafeModeManager (HealthyPipelineSafeModeRule.java:process(124)) - SCM in safe mode. Healthy pipelines reported count is 0, required healthy pipeline reported count is 1
2021-08-12 00:19:30,500 [pool-369-thread-1] INFO  server.RaftServerConfigKeys (ConfUtils.java:logGet(44)) - raft.server.log.segment.size.max = 1048576 (custom)
2021-08-12 00:19:30,500 [pool-369-thread-1] INFO  server.RaftServerConfigKeys (ConfUtils.java:logGet(44)) - raft.server.log.segment.cache.num.max = 2 (custom)
2021-08-12 00:19:30,501 [pool-369-thread-1] INFO  server.RaftServerConfigKeys (ConfUtils.java:logGet(44)) - raft.server.log.segment.cache.size.max = 200MB (=209715200) (default)
2021-08-12 00:19:30,501 [pool-369-thread-1] INFO  segmented.SegmentedRaftLogWorker (SegmentedRaftLogWorker.java:<init>(182)) - new f396bb35-69a0-4f96-b6c4-c95f49adeaa7@group-4038B9FFBA50-SegmentedRaftLogWorker for RaftStorageImpl:Storage Directory /home/runner/work/ozone/ozone/hadoop-ozone/integration-test/target/test-dir/MiniOzoneClusterImpl-3f855486-d891-4f73-82e2-a28b2591c95d/datanode-0/data/ratis/2585efa8-ba14-41b5-9af7-4038b9ffba50
2021-08-12 00:19:30,501 [pool-369-thread-1] INFO  server.RaftServerConfigKeys (ConfUtils.java:logGet(44)) - raft.server.log.queue.byte-limit = 2147483647 (custom)
2021-08-12 00:19:30,501 [pool-369-thread-1] INFO  server.RaftServerConfigKeys (ConfUtils.java:logGet(44)) - raft.server.log.queue.element-limit = 1024 (custom)
2021-08-12 00:19:30,501 [pool-369-thread-1] INFO  server.RaftServerConfigKeys (ConfUtils.java:logGet(44)) - raft.server.log.segment.size.max = 1048576 (custom)
2021-08-12 00:19:30,501 [pool-369-thread-1] INFO  server.RaftServerConfigKeys (ConfUtils.java:logGet(44)) - raft.server.log.preallocated.size = 16384 (custom)
2021-08-12 00:19:30,506 [pool-369-thread-1] INFO  server.RaftServerConfigKeys (ConfUtils.java:logGet(44)) - raft.server.log.force.sync.num = 128 (default)
2021-08-12 00:19:30,506 [pool-369-thread-1] INFO  server.RaftServerConfigKeys (ConfUtils.java:logGet(44)) - raft.server.log.statemachine.data.sync = true (default)
2021-08-12 00:19:30,506 [pool-369-thread-1] INFO  server.RaftServerConfigKeys (ConfUtils.java:logGet(44)) - raft.server.log.statemachine.data.sync.timeout = 10s (default)
2021-08-12 00:19:30,506 [pool-369-thread-1] INFO  server.RaftServerConfigKeys (ConfUtils.java:logGet(44)) - raft.server.log.statemachine.data.sync.timeout.retry = -1 (default)
2021-08-12 00:19:30,507 [pool-369-thread-1] INFO  server.RaftServerConfigKeys (ConfUtils.java:logGet(44)) - raft.server.log.write.buffer.size = 1048576 (custom)
2021-08-12 00:19:30,508 [pool-369-thread-1] INFO  server.RaftServerConfigKeys (ConfUtils.java:logGet(44)) - raft.server.log.statemachine.data.caching.enabled = true (custom)
2021-08-12 00:19:30,516 [pool-369-thread-1] INFO  segmented.SegmentedRaftLogWorker (SegmentedRaftLogWorker.java:lambda$new$0(133)) - f396bb35-69a0-4f96-b6c4-c95f49adeaa7@group-4038B9FFBA50-SegmentedRaftLogWorker: flushIndex: setUnconditionally 0 -> -1
2021-08-12 00:19:30,516 [pool-369-thread-1] INFO  segmented.SegmentedRaftLogWorker (SegmentedRaftLogWorker.java:lambda$new$0(133)) - f396bb35-69a0-4f96-b6c4-c95f49adeaa7@group-4038B9FFBA50-SegmentedRaftLogWorker: safeCacheEvictIndex: setUnconditionally 0 -> -1
2021-08-12 00:19:30,523 [pool-369-thread-1] INFO  server.RaftServerConfigKeys (ConfUtils.java:logGet(44)) - raft.server.snapshot.auto.trigger.enabled = true (custom)
2021-08-12 00:19:30,523 [pool-369-thread-1] INFO  server.RaftServerConfigKeys (ConfUtils.java:logGet(44)) - raft.server.snapshot.auto.trigger.threshold = 10000 (custom)
2021-08-12 00:19:30,523 [pool-369-thread-1] INFO  server.RaftServerConfigKeys (ConfUtils.java:logGet(44)) - raft.server.snapshot.retention.file.num = 5 (custom)
2021-08-12 00:19:30,523 [pool-369-thread-1] INFO  server.RaftServerConfigKeys (ConfUtils.java:logGet(44)) - raft.server.log.purge.upto.snapshot.index = false (default)
2021-08-12 00:19:30,523 [pool-369-thread-1] INFO  server.RaftServerConfigKeys (ConfUtils.java:logGet(44)) - raft.server.retrycache.expirytime = 600000ms (custom)
2021-08-12 00:19:30,523 [pool-369-thread-1] INFO  server.RaftServerConfigKeys (ConfUtils.java:logGet(44)) - raft.server.retrycache.statistics.expirytime = 100μs (default)
2021-08-12 00:19:30,525 [pool-369-thread-1] INFO  server.RaftServer$Division (RaftServerImpl.java:start(296)) - f396bb35-69a0-4f96-b6c4-c95f49adeaa7@group-4038B9FFBA50: start as a follower, conf=-1: [f396bb35-69a0-4f96-b6c4-c95f49adeaa7|rpc:10.1.0.26:37447|priority:1], old=null
2021-08-12 00:19:30,525 [pool-369-thread-1] INFO  server.RaftServer$Division (RaftServerImpl.java:setRole(285)) - f396bb35-69a0-4f96-b6c4-c95f49adeaa7@group-4038B9FFBA50: changes role from      null to FOLLOWER at term 0 for startAsFollower
2021-08-12 00:19:30,525 [pool-369-thread-1] INFO  impl.RoleInfo (RoleInfo.java:updateAndGet(130)) - f396bb35-69a0-4f96-b6c4-c95f49adeaa7: start f396bb35-69a0-4f96-b6c4-c95f49adeaa7@group-4038B9FFBA50-FollowerState
2021-08-12 00:19:30,525 [pool-369-thread-1] INFO  util.JmxRegister (JmxRegister.java:tryRegister(44)) - Successfully registered JMX Bean with object name Ratis:service=RaftServer,group=group-4038B9FFBA50,id=f396bb35-69a0-4f96-b6c4-c95f49adeaa7
2021-08-12 00:19:30,526 [Command processor thread] INFO  ratis.XceiverServerRatis (XceiverServerRatis.java:addGroup(763)) - Created group PipelineID=2585efa8-ba14-41b5-9af7-4038b9ffba50
2021-08-12 00:19:30,526 [Command processor thread] INFO  commandhandler.CreatePipelineCommandHandler (CreatePipelineCommandHandler.java:handle(106)) - Created Pipeline RATIS ONE PipelineID=2585efa8-ba14-41b5-9af7-4038b9ffba50.
2021-08-12 00:19:30,526 [Command processor thread] INFO  server.RaftServer (RaftServerProxy.java:addNew(95)) - f396bb35-69a0-4f96-b6c4-c95f49adeaa7: addNew group-9F4148ED38EC:[f396bb35-69a0-4f96-b6c4-c95f49adeaa7|rpc:10.1.0.26:37447|priority:0, b066bd09-7d5e-4568-b961-feea469aecd1|rpc:10.1.0.26:41439|priority:0, 9844affe-c598-4e78-82ce-ffb4ab001b60|rpc:10.1.0.26:43641|priority:1] returns group-9F4148ED38EC:java.util.concurrent.CompletableFuture@2039640c[Not completed]
2021-08-12 00:19:30,527 [pool-369-thread-1] INFO  server.RaftServer$Division (RaftServerImpl.java:<init>(181)) - f396bb35-69a0-4f96-b6c4-c95f49adeaa7: new RaftServerImpl for group-9F4148ED38EC:[f396bb35-69a0-4f96-b6c4-c95f49adeaa7|rpc:10.1.0.26:37447|priority:0, b066bd09-7d5e-4568-b961-feea469aecd1|rpc:10.1.0.26:41439|priority:0, 9844affe-c598-4e78-82ce-ffb4ab001b60|rpc:10.1.0.26:43641|priority:1] with ContainerStateMachine:uninitialized
2021-08-12 00:19:30,527 [pool-369-thread-1] INFO  server.RaftServerConfigKeys (ConfUtils.java:logGet(44)) - raft.server.rpc.timeout.min = 5s (custom)
2021-08-12 00:19:30,527 [pool-369-thread-1] INFO  server.RaftServerConfigKeys (ConfUtils.java:logGet(44)) - raft.server.rpc.timeout.max = 5200ms (custom)
2021-08-12 00:19:30,527 [pool-369-thread-1] INFO  server.RaftServerConfigKeys (ConfUtils.java:logGet(44)) - raft.server.rpc.sleep.time = 25ms (default)
2021-08-12 00:19:30,527 [pool-369-thread-1] INFO  server.RaftServerConfigKeys (ConfUtils.java:logGet(44)) - raft.server.rpc.slowness.timeout = 300s (custom)
2021-08-12 00:19:30,528 [pool-369-thread-1] INFO  server.RaftServerConfigKeys (ConfUtils.java:logGet(44)) - raft.server.leaderelection.leader.step-down.wait-time = 10s (default)
2021-08-12 00:19:30,528 [pool-369-thread-1] INFO  server.RaftServerConfigKeys (ConfUtils.java:logGet(44)) - raft.server.sleep.deviation.threshold = 300ms (default)
2021-08-12 00:19:30,528 [pool-369-thread-1] INFO  server.RaftServerConfigKeys (ConfUtils.java:logGet(44)) - raft.server.log.appender.install.snapshot.enabled = false (custom)
2021-08-12 00:19:30,528 [pool-369-thread-1] INFO  server.RaftServer$Division (ServerState.java:<init>(105)) - f396bb35-69a0-4f96-b6c4-c95f49adeaa7@group-9F4148ED38EC: ConfigurationManager, init=-1: [f396bb35-69a0-4f96-b6c4-c95f49adeaa7|rpc:10.1.0.26:37447|priority:0, b066bd09-7d5e-4568-b961-feea469aecd1|rpc:10.1.0.26:41439|priority:0, 9844affe-c598-4e78-82ce-ffb4ab001b60|rpc:10.1.0.26:43641|priority:1], old=null, confs=<EMPTY_MAP>
2021-08-12 00:19:30,528 [pool-369-thread-1] INFO  server.RaftServerConfigKeys (ConfUtils.java:logGet(44)) - raft.server.storage.dir = [/home/runner/work/ozone/ozone/hadoop-ozone/integration-test/target/test-dir/MiniOzoneClusterImpl-3f855486-d891-4f73-82e2-a28b2591c95d/datanode-0/data/ratis] (custom)
2021-08-12 00:19:30,528 [pool-369-thread-1] INFO  server.RaftServerConfigKeys (ConfUtils.java:logGet(44)) - raft.server.log.corruption.policy = EXCEPTION (default)
2021-08-12 00:19:30,528 [pool-369-thread-1] INFO  server.RaftServerConfigKeys (ConfUtils.java:logGet(44)) - raft.server.storage.free-space.min = 0MB (=0) (default)
2021-08-12 00:19:30,528 [pool-369-thread-1] INFO  storage.RaftStorageDirectory (RaftStorageDirectoryImpl.java:analyzeStorage(135)) - The storage directory /home/runner/work/ozone/ozone/hadoop-ozone/integration-test/target/test-dir/MiniOzoneClusterImpl-3f855486-d891-4f73-82e2-a28b2591c95d/datanode-0/data/ratis/1ee109bd-0e6d-46f4-9757-9f4148ed38ec does not exist. Creating ...
2021-08-12 00:19:30,530 [pool-369-thread-1] INFO  storage.RaftStorageDirectory (RaftStorageDirectoryImpl.java:tryLock(230)) - Lock on /home/runner/work/ozone/ozone/hadoop-ozone/integration-test/target/test-dir/MiniOzoneClusterImpl-3f855486-d891-4f73-82e2-a28b2591c95d/datanode-0/data/ratis/1ee109bd-0e6d-46f4-9757-9f4148ed38ec/in_use.lock acquired by nodename 20692@fv-az122-889
2021-08-12 00:19:30,532 [pool-369-thread-1] INFO  storage.RaftStorage (RaftStorageImpl.java:format(89)) - Storage directory /home/runner/work/ozone/ozone/hadoop-ozone/integration-test/target/test-dir/MiniOzoneClusterImpl-3f855486-d891-4f73-82e2-a28b2591c95d/datanode-0/data/ratis/1ee109bd-0e6d-46f4-9757-9f4148ed38ec has been successfully formatted.
2021-08-12 00:19:30,532 [pool-369-thread-1] INFO  ratis.ContainerStateMachine (ContainerStateMachine.java:loadSnapshot(225)) - group-9F4148ED38EC: The snapshot info is null. Setting the last applied indexto:(t:0, i:~)
2021-08-12 00:19:30,533 [Datanode State Machine Thread - 0] WARN  statemachine.StateContext (StateContext.java:execute(621)) - No available thread in pool for past 1 seconds.
2021-08-12 00:19:30,533 [pool-369-thread-1] INFO  server.RaftServerConfigKeys (ConfUtils.java:logGet(44)) - raft.server.notification.no-leader.timeout = 300s (custom)
2021-08-12 00:19:30,537 [pool-369-thread-1] INFO  server.RaftServerConfigKeys (ConfUtils.java:logGet(44)) - raft.server.log.use.memory = false (default)
2021-08-12 00:19:30,537 [pool-369-thread-1] INFO  server.RaftServerConfigKeys (ConfUtils.java:logGet(44)) - raft.server.log.purge.gap = 1000000 (custom)
2021-08-12 00:19:30,537 [pool-369-thread-1] INFO  server.RaftServerConfigKeys (ConfUtils.java:logGet(44)) - raft.server.log.appender.buffer.byte-limit = 33554432 (custom)
2021-08-12 00:19:30,538 [pool-369-thread-1] INFO  server.RaftServerConfigKeys (ConfUtils.java:logGet(44)) - raft.server.log.segment.size.max = 1048576 (custom)
2021-08-12 00:19:30,538 [pool-369-thread-1] INFO  server.RaftServerConfigKeys (ConfUtils.java:logGet(44)) - raft.server.log.segment.cache.num.max = 2 (custom)
2021-08-12 00:19:30,538 [pool-369-thread-1] INFO  server.RaftServerConfigKeys (ConfUtils.java:logGet(44)) - raft.server.log.segment.cache.size.max = 200MB (=209715200) (default)
2021-08-12 00:19:30,538 [pool-369-thread-1] INFO  segmented.SegmentedRaftLogWorker (SegmentedRaftLogWorker.java:<init>(182)) - new f396bb35-69a0-4f96-b6c4-c95f49adeaa7@group-9F4148ED38EC-SegmentedRaftLogWorker for RaftStorageImpl:Storage Directory /home/runner/work/ozone/ozone/hadoop-ozone/integration-test/target/test-dir/MiniOzoneClusterImpl-3f855486-d891-4f73-82e2-a28b2591c95d/datanode-0/data/ratis/1ee109bd-0e6d-46f4-9757-9f4148ed38ec
2021-08-12 00:19:30,538 [pool-369-thread-1] INFO  server.RaftServerConfigKeys (ConfUtils.java:logGet(44)) - raft.server.log.queue.byte-limit = 2147483647 (custom)
2021-08-12 00:19:30,538 [pool-369-thread-1] INFO  server.RaftServerConfigKeys (ConfUtils.java:logGet(44)) - raft.server.log.queue.element-limit = 1024 (custom)
2021-08-12 00:19:30,538 [pool-369-thread-1] INFO  server.RaftServerConfigKeys (ConfUtils.java:logGet(44)) - raft.server.log.segment.size.max = 1048576 (custom)
2021-08-12 00:19:30,539 [pool-369-thread-1] INFO  server.RaftServerConfigKeys (ConfUtils.java:logGet(44)) - raft.server.log.preallocated.size = 16384 (custom)
2021-08-12 00:19:30,539 [pool-369-thread-1] INFO  server.RaftServerConfigKeys (ConfUtils.java:logGet(44)) - raft.server.log.force.sync.num = 128 (default)
2021-08-12 00:19:30,539 [pool-369-thread-1] INFO  server.RaftServerConfigKeys (ConfUtils.java:logGet(44)) - raft.server.log.statemachine.data.sync = true (default)
2021-08-12 00:19:30,539 [pool-369-thread-1] INFO  server.RaftServerConfigKeys (ConfUtils.java:logGet(44)) - raft.server.log.statemachine.data.sync.timeout = 10s (default)
2021-08-12 00:19:30,539 [pool-369-thread-1] INFO  server.RaftServerConfigKeys (ConfUtils.java:logGet(44)) - raft.server.log.statemachine.data.sync.timeout.retry = -1 (default)
2021-08-12 00:19:30,540 [pool-369-thread-1] INFO  server.RaftServerConfigKeys (ConfUtils.java:logGet(44)) - raft.server.log.write.buffer.size = 1048576 (custom)
2021-08-12 00:19:30,540 [pool-369-thread-1] INFO  server.RaftServerConfigKeys (ConfUtils.java:logGet(44)) - raft.server.log.statemachine.data.caching.enabled = true (custom)
2021-08-12 00:19:30,541 [pool-369-thread-1] INFO  segmented.SegmentedRaftLogWorker (SegmentedRaftLogWorker.java:lambda$new$0(133)) - f396bb35-69a0-4f96-b6c4-c95f49adeaa7@group-9F4148ED38EC-SegmentedRaftLogWorker: flushIndex: setUnconditionally 0 -> -1
2021-08-12 00:19:30,541 [pool-369-thread-1] INFO  segmented.SegmentedRaftLogWorker (SegmentedRaftLogWorker.java:lambda$new$0(133)) - f396bb35-69a0-4f96-b6c4-c95f49adeaa7@group-9F4148ED38EC-SegmentedRaftLogWorker: safeCacheEvictIndex: setUnconditionally 0 -> -1
2021-08-12 00:19:30,541 [pool-369-thread-1] INFO  server.RaftServerConfigKeys (ConfUtils.java:logGet(44)) - raft.server.snapshot.auto.trigger.enabled = true (custom)
2021-08-12 00:19:30,541 [pool-369-thread-1] INFO  server.RaftServerConfigKeys (ConfUtils.java:logGet(44)) - raft.server.snapshot.auto.trigger.threshold = 10000 (custom)
2021-08-12 00:19:30,541 [pool-369-thread-1] INFO  server.RaftServerConfigKeys (ConfUtils.java:logGet(44)) - raft.server.snapshot.retention.file.num = 5 (custom)
2021-08-12 00:19:30,541 [pool-369-thread-1] INFO  server.RaftServerConfigKeys (ConfUtils.java:logGet(44)) - raft.server.log.purge.upto.snapshot.index = false (default)
2021-08-12 00:19:30,541 [pool-369-thread-1] INFO  server.RaftServerConfigKeys (ConfUtils.java:logGet(44)) - raft.server.retrycache.expirytime = 600000ms (custom)
2021-08-12 00:19:30,541 [pool-369-thread-1] INFO  server.RaftServerConfigKeys (ConfUtils.java:logGet(44)) - raft.server.retrycache.statistics.expirytime = 100μs (default)
2021-08-12 00:19:30,536 [EventQueue-OpenPipelineForHealthyPipelineSafeModeRule] INFO  safemode.SCMSafeModeManager (HealthyPipelineSafeModeRule.java:process(124)) - SCM in safe mode. Healthy pipelines reported count is 0, required healthy pipeline reported count is 1
2021-08-12 00:19:30,542 [pool-369-thread-1] INFO  server.RaftServer$Division (RaftServerImpl.java:start(296)) - f396bb35-69a0-4f96-b6c4-c95f49adeaa7@group-9F4148ED38EC: start as a follower, conf=-1: [f396bb35-69a0-4f96-b6c4-c95f49adeaa7|rpc:10.1.0.26:37447|priority:0, b066bd09-7d5e-4568-b961-feea469aecd1|rpc:10.1.0.26:41439|priority:0, 9844affe-c598-4e78-82ce-ffb4ab001b60|rpc:10.1.0.26:43641|priority:1], old=null
2021-08-12 00:19:30,542 [pool-369-thread-1] INFO  server.RaftServer$Division (RaftServerImpl.java:setRole(285)) - f396bb35-69a0-4f96-b6c4-c95f49adeaa7@group-9F4148ED38EC: changes role from      null to FOLLOWER at term 0 for startAsFollower
2021-08-12 00:19:30,543 [pool-369-thread-1] INFO  impl.RoleInfo (RoleInfo.java:updateAndGet(130)) - f396bb35-69a0-4f96-b6c4-c95f49adeaa7: start f396bb35-69a0-4f96-b6c4-c95f49adeaa7@group-9F4148ED38EC-FollowerState
2021-08-12 00:19:30,566 [pool-369-thread-1] INFO  util.JmxRegister (JmxRegister.java:tryRegister(44)) - Successfully registered JMX Bean with object name Ratis:service=RaftServer,group=group-9F4148ED38EC,id=f396bb35-69a0-4f96-b6c4-c95f49adeaa7
2021-08-12 00:19:30,590 [Command processor thread] INFO  ratis.XceiverServerRatis (XceiverServerRatis.java:addGroup(763)) - Created group PipelineID=1ee109bd-0e6d-46f4-9757-9f4148ed38ec
2021-08-12 00:19:30,616 [grpc-default-executor-0] INFO  server.RaftServer (RaftServerProxy.java:addNew(95)) - b066bd09-7d5e-4568-b961-feea469aecd1: addNew group-9F4148ED38EC:[f396bb35-69a0-4f96-b6c4-c95f49adeaa7|rpc:10.1.0.26:37447|dataStream:|priority:0, b066bd09-7d5e-4568-b961-feea469aecd1|rpc:10.1.0.26:41439|dataStream:|priority:0, 9844affe-c598-4e78-82ce-ffb4ab001b60|rpc:10.1.0.26:43641|dataStream:|priority:1] returns group-9F4148ED38EC:java.util.concurrent.CompletableFuture@41024ccb[Not completed]
2021-08-12 00:19:30,617 [pool-388-thread-1] INFO  server.RaftServer$Division (RaftServerImpl.java:<init>(181)) - b066bd09-7d5e-4568-b961-feea469aecd1: new RaftServerImpl for group-9F4148ED38EC:[f396bb35-69a0-4f96-b6c4-c95f49adeaa7|rpc:10.1.0.26:37447|dataStream:|priority:0, b066bd09-7d5e-4568-b961-feea469aecd1|rpc:10.1.0.26:41439|dataStream:|priority:0, 9844affe-c598-4e78-82ce-ffb4ab001b60|rpc:10.1.0.26:43641|dataStream:|priority:1] with ContainerStateMachine:uninitialized
2021-08-12 00:19:30,617 [pool-388-thread-1] INFO  server.RaftServerConfigKeys (ConfUtils.java:logGet(44)) - raft.server.rpc.timeout.min = 5s (custom)
2021-08-12 00:19:30,617 [pool-388-thread-1] INFO  server.RaftServerConfigKeys (ConfUtils.java:logGet(44)) - raft.server.rpc.timeout.max = 5200ms (custom)
2021-08-12 00:19:30,618 [pool-388-thread-1] INFO  server.RaftServerConfigKeys (ConfUtils.java:logGet(44)) - raft.server.rpc.sleep.time = 25ms (default)
2021-08-12 00:19:30,618 [pool-388-thread-1] INFO  server.RaftServerConfigKeys (ConfUtils.java:logGet(44)) - raft.server.rpc.slowness.timeout = 300s (custom)
2021-08-12 00:19:30,618 [pool-388-thread-1] INFO  server.RaftServerConfigKeys (ConfUtils.java:logGet(44)) - raft.server.leaderelection.leader.step-down.wait-time = 10s (default)
2021-08-12 00:19:30,618 [pool-388-thread-1] INFO  server.RaftServerConfigKeys (ConfUtils.java:logGet(44)) - raft.server.sleep.deviation.threshold = 300ms (default)
2021-08-12 00:19:30,618 [pool-388-thread-1] INFO  server.RaftServerConfigKeys (ConfUtils.java:logGet(44)) - raft.server.log.appender.install.snapshot.enabled = false (custom)
2021-08-12 00:19:30,618 [pool-388-thread-1] INFO  server.RaftServer$Division (ServerState.java:<init>(105)) - b066bd09-7d5e-4568-b961-feea469aecd1@group-9F4148ED38EC: ConfigurationManager, init=-1: [f396bb35-69a0-4f96-b6c4-c95f49adeaa7|rpc:10.1.0.26:37447|dataStream:|priority:0, b066bd09-7d5e-4568-b961-feea469aecd1|rpc:10.1.0.26:41439|dataStream:|priority:0, 9844affe-c598-4e78-82ce-ffb4ab001b60|rpc:10.1.0.26:43641|dataStream:|priority:1], old=null, confs=<EMPTY_MAP>
2021-08-12 00:19:30,618 [pool-388-thread-1] INFO  server.RaftServerConfigKeys (ConfUtils.java:logGet(44)) - raft.server.storage.dir = [/home/runner/work/ozone/ozone/hadoop-ozone/integration-test/target/test-dir/MiniOzoneClusterImpl-3f855486-d891-4f73-82e2-a28b2591c95d/datanode-1/data/ratis] (custom)
2021-08-12 00:19:30,618 [pool-388-thread-1] INFO  server.RaftServerConfigKeys (ConfUtils.java:logGet(44)) - raft.server.log.corruption.policy = EXCEPTION (default)
2021-08-12 00:19:30,619 [pool-388-thread-1] INFO  server.RaftServerConfigKeys (ConfUtils.java:logGet(44)) - raft.server.storage.free-space.min = 0MB (=0) (default)
2021-08-12 00:19:30,619 [pool-388-thread-1] INFO  storage.RaftStorageDirectory (RaftStorageDirectoryImpl.java:analyzeStorage(135)) - The storage directory /home/runner/work/ozone/ozone/hadoop-ozone/integration-test/target/test-dir/MiniOzoneClusterImpl-3f855486-d891-4f73-82e2-a28b2591c95d/datanode-1/data/ratis/1ee109bd-0e6d-46f4-9757-9f4148ed38ec does not exist. Creating ...
2021-08-12 00:19:30,622 [pool-388-thread-1] INFO  storage.RaftStorageDirectory (RaftStorageDirectoryImpl.java:tryLock(230)) - Lock on /home/runner/work/ozone/ozone/hadoop-ozone/integration-test/target/test-dir/MiniOzoneClusterImpl-3f855486-d891-4f73-82e2-a28b2591c95d/datanode-1/data/ratis/1ee109bd-0e6d-46f4-9757-9f4148ed38ec/in_use.lock acquired by nodename 20692@fv-az122-889
2021-08-12 00:19:30,626 [pool-388-thread-1] INFO  storage.RaftStorage (RaftStorageImpl.java:format(89)) - Storage directory /home/runner/work/ozone/ozone/hadoop-ozone/integration-test/target/test-dir/MiniOzoneClusterImpl-3f855486-d891-4f73-82e2-a28b2591c95d/datanode-1/data/ratis/1ee109bd-0e6d-46f4-9757-9f4148ed38ec has been successfully formatted.
2021-08-12 00:19:30,631 [Datanode State Machine Thread - 0] WARN  statemachine.StateContext (StateContext.java:execute(621)) - No available thread in pool for past 1 seconds.
2021-08-12 00:19:30,631 [pool-388-thread-1] INFO  ratis.ContainerStateMachine (ContainerStateMachine.java:loadSnapshot(225)) - group-9F4148ED38EC: The snapshot info is null. Setting the last applied indexto:(t:0, i:~)
2021-08-12 00:19:30,631 [pool-388-thread-1] INFO  server.RaftServerConfigKeys (ConfUtils.java:logGet(44)) - raft.server.notification.no-leader.timeout = 300s (custom)
2021-08-12 00:19:30,632 [pool-388-thread-1] INFO  server.RaftServerConfigKeys (ConfUtils.java:logGet(44)) - raft.server.log.use.memory = false (default)
2021-08-12 00:19:30,632 [pool-388-thread-1] INFO  server.RaftServerConfigKeys (ConfUtils.java:logGet(44)) - raft.server.log.purge.gap = 1000000 (custom)
2021-08-12 00:19:30,632 [pool-388-thread-1] INFO  server.RaftServerConfigKeys (ConfUtils.java:logGet(44)) - raft.server.log.appender.buffer.byte-limit = 33554432 (custom)
2021-08-12 00:19:30,632 [pool-388-thread-1] INFO  server.RaftServerConfigKeys (ConfUtils.java:logGet(44)) - raft.server.log.segment.size.max = 1048576 (custom)
2021-08-12 00:19:30,638 [pool-388-thread-1] INFO  server.RaftServerConfigKeys (ConfUtils.java:logGet(44)) - raft.server.log.segment.cache.num.max = 2 (custom)
2021-08-12 00:19:30,638 [pool-388-thread-1] INFO  server.RaftServerConfigKeys (ConfUtils.java:logGet(44)) - raft.server.log.segment.cache.size.max = 200MB (=209715200) (default)
2021-08-12 00:19:30,639 [pool-388-thread-1] INFO  segmented.SegmentedRaftLogWorker (SegmentedRaftLogWorker.java:<init>(182)) - new b066bd09-7d5e-4568-b961-feea469aecd1@group-9F4148ED38EC-SegmentedRaftLogWorker for RaftStorageImpl:Storage Directory /home/runner/work/ozone/ozone/hadoop-ozone/integration-test/target/test-dir/MiniOzoneClusterImpl-3f855486-d891-4f73-82e2-a28b2591c95d/datanode-1/data/ratis/1ee109bd-0e6d-46f4-9757-9f4148ed38ec
2021-08-12 00:19:30,639 [pool-388-thread-1] INFO  server.RaftServerConfigKeys (ConfUtils.java:logGet(44)) - raft.server.log.queue.byte-limit = 2147483647 (custom)
2021-08-12 00:19:30,639 [pool-388-thread-1] INFO  server.RaftServerConfigKeys (ConfUtils.java:logGet(44)) - raft.server.log.queue.element-limit = 1024 (custom)
2021-08-12 00:19:30,640 [pool-388-thread-1] INFO  server.RaftServerConfigKeys (ConfUtils.java:logGet(44)) - raft.server.log.segment.size.max = 1048576 (custom)
2021-08-12 00:19:30,640 [pool-388-thread-1] INFO  server.RaftServerConfigKeys (ConfUtils.java:logGet(44)) - raft.server.log.preallocated.size = 16384 (custom)
2021-08-12 00:19:30,640 [pool-388-thread-1] INFO  server.RaftServerConfigKeys (ConfUtils.java:logGet(44)) - raft.server.log.force.sync.num = 128 (default)
2021-08-12 00:19:30,640 [pool-388-thread-1] INFO  server.RaftServerConfigKeys (ConfUtils.java:logGet(44)) - raft.server.log.statemachine.data.sync = true (default)
2021-08-12 00:19:30,640 [pool-388-thread-1] INFO  server.RaftServerConfigKeys (ConfUtils.java:logGet(44)) - raft.server.log.statemachine.data.sync.timeout = 10s (default)
2021-08-12 00:19:30,641 [pool-388-thread-1] INFO  server.RaftServerConfigKeys (ConfUtils.java:logGet(44)) - raft.server.log.statemachine.data.sync.timeout.retry = -1 (default)
2021-08-12 00:19:30,641 [pool-388-thread-1] INFO  server.RaftServerConfigKeys (ConfUtils.java:logGet(44)) - raft.server.log.write.buffer.size = 1048576 (custom)
2021-08-12 00:19:30,642 [pool-388-thread-1] INFO  server.RaftServerConfigKeys (ConfUtils.java:logGet(44)) - raft.server.log.statemachine.data.caching.enabled = true (custom)
2021-08-12 00:19:30,642 [pool-388-thread-1] INFO  segmented.SegmentedRaftLogWorker (SegmentedRaftLogWorker.java:lambda$new$0(133)) - b066bd09-7d5e-4568-b961-feea469aecd1@group-9F4148ED38EC-SegmentedRaftLogWorker: flushIndex: setUnconditionally 0 -> -1
2021-08-12 00:19:30,642 [pool-388-thread-1] INFO  segmented.SegmentedRaftLogWorker (SegmentedRaftLogWorker.java:lambda$new$0(133)) - b066bd09-7d5e-4568-b961-feea469aecd1@group-9F4148ED38EC-SegmentedRaftLogWorker: safeCacheEvictIndex: setUnconditionally 0 -> -1
2021-08-12 00:19:30,643 [pool-388-thread-1] INFO  server.RaftServerConfigKeys (ConfUtils.java:logGet(44)) - raft.server.snapshot.auto.trigger.enabled = true (custom)
2021-08-12 00:19:30,643 [pool-388-thread-1] INFO  server.RaftServerConfigKeys (ConfUtils.java:logGet(44)) - raft.server.snapshot.auto.trigger.threshold = 10000 (custom)
2021-08-12 00:19:30,643 [pool-388-thread-1] INFO  server.RaftServerConfigKeys (ConfUtils.java:logGet(44)) - raft.server.snapshot.retention.file.num = 5 (custom)
2021-08-12 00:19:30,643 [pool-388-thread-1] INFO  server.RaftServerConfigKeys (ConfUtils.java:logGet(44)) - raft.server.log.purge.upto.snapshot.index = false (default)
2021-08-12 00:19:30,643 [pool-388-thread-1] INFO  server.RaftServerConfigKeys (ConfUtils.java:logGet(44)) - raft.server.retrycache.expirytime = 600000ms (custom)
2021-08-12 00:19:30,643 [pool-388-thread-1] INFO  server.RaftServerConfigKeys (ConfUtils.java:logGet(44)) - raft.server.retrycache.statistics.expirytime = 100μs (default)
2021-08-12 00:19:30,644 [pool-388-thread-1] INFO  server.RaftServer$Division (RaftServerImpl.java:start(296)) - b066bd09-7d5e-4568-b961-feea469aecd1@group-9F4148ED38EC: start as a follower, conf=-1: [f396bb35-69a0-4f96-b6c4-c95f49adeaa7|rpc:10.1.0.26:37447|dataStream:|priority:0, b066bd09-7d5e-4568-b961-feea469aecd1|rpc:10.1.0.26:41439|dataStream:|priority:0, 9844affe-c598-4e78-82ce-ffb4ab001b60|rpc:10.1.0.26:43641|dataStream:|priority:1], old=null
2021-08-12 00:19:30,644 [pool-388-thread-1] INFO  server.RaftServer$Division (RaftServerImpl.java:setRole(285)) - b066bd09-7d5e-4568-b961-feea469aecd1@group-9F4148ED38EC: changes role from      null to FOLLOWER at term 0 for startAsFollower
2021-08-12 00:19:30,644 [pool-388-thread-1] INFO  impl.RoleInfo (RoleInfo.java:updateAndGet(130)) - b066bd09-7d5e-4568-b961-feea469aecd1: start b066bd09-7d5e-4568-b961-feea469aecd1@group-9F4148ED38EC-FollowerState
2021-08-12 00:19:30,645 [pool-388-thread-1] INFO  util.JmxRegister (JmxRegister.java:tryRegister(44)) - Successfully registered JMX Bean with object name Ratis:service=RaftServer,group=group-9F4148ED38EC,id=b066bd09-7d5e-4568-b961-feea469aecd1
2021-08-12 00:19:30,696 [grpc-default-executor-0] INFO  server.RaftServer (RaftServerProxy.java:addNew(95)) - 9844affe-c598-4e78-82ce-ffb4ab001b60: addNew group-9F4148ED38EC:[f396bb35-69a0-4f96-b6c4-c95f49adeaa7|rpc:10.1.0.26:37447|dataStream:|priority:0, b066bd09-7d5e-4568-b961-feea469aecd1|rpc:10.1.0.26:41439|dataStream:|priority:0, 9844affe-c598-4e78-82ce-ffb4ab001b60|rpc:10.1.0.26:43641|dataStream:|priority:1] returns group-9F4148ED38EC:java.util.concurrent.CompletableFuture@2a681b39[Not completed]
2021-08-12 00:19:30,702 [pool-407-thread-1] INFO  server.RaftServer$Division (RaftServerImpl.java:<init>(181)) - 9844affe-c598-4e78-82ce-ffb4ab001b60: new RaftServerImpl for group-9F4148ED38EC:[f396bb35-69a0-4f96-b6c4-c95f49adeaa7|rpc:10.1.0.26:37447|dataStream:|priority:0, b066bd09-7d5e-4568-b961-feea469aecd1|rpc:10.1.0.26:41439|dataStream:|priority:0, 9844affe-c598-4e78-82ce-ffb4ab001b60|rpc:10.1.0.26:43641|dataStream:|priority:1] with ContainerStateMachine:uninitialized
2021-08-12 00:19:30,710 [Command processor thread] INFO  server.RaftServer (RaftServerProxy.java:addNew(95)) - b066bd09-7d5e-4568-b961-feea469aecd1: addNew group-B7F896E5164C:[b066bd09-7d5e-4568-b961-feea469aecd1|rpc:10.1.0.26:41439|priority:1] returns group-B7F896E5164C:java.util.concurrent.CompletableFuture@4d5e89fd[Not completed]
2021-08-12 00:19:30,711 [pool-388-thread-1] INFO  server.RaftServer$Division (RaftServerImpl.java:<init>(181)) - b066bd09-7d5e-4568-b961-feea469aecd1: new RaftServerImpl for group-B7F896E5164C:[b066bd09-7d5e-4568-b961-feea469aecd1|rpc:10.1.0.26:41439|priority:1] with ContainerStateMachine:uninitialized
2021-08-12 00:19:30,711 [pool-388-thread-1] INFO  server.RaftServerConfigKeys (ConfUtils.java:logGet(44)) - raft.server.rpc.timeout.min = 5s (custom)
2021-08-12 00:19:30,711 [pool-388-thread-1] INFO  server.RaftServerConfigKeys (ConfUtils.java:logGet(44)) - raft.server.rpc.timeout.max = 5200ms (custom)
2021-08-12 00:19:30,711 [pool-388-thread-1] INFO  server.RaftServerConfigKeys (ConfUtils.java:logGet(44)) - raft.server.rpc.sleep.time = 25ms (default)
2021-08-12 00:19:30,711 [pool-388-thread-1] INFO  server.RaftServerConfigKeys (ConfUtils.java:logGet(44)) - raft.server.rpc.slowness.timeout = 300s (custom)
2021-08-12 00:19:30,711 [pool-388-thread-1] INFO  server.RaftServerConfigKeys (ConfUtils.java:logGet(44)) - raft.server.leaderelection.leader.step-down.wait-time = 10s (default)
2021-08-12 00:19:30,711 [pool-388-thread-1] INFO  server.RaftServerConfigKeys (ConfUtils.java:logGet(44)) - raft.server.sleep.deviation.threshold = 300ms (default)
2021-08-12 00:19:30,711 [pool-388-thread-1] INFO  server.RaftServerConfigKeys (ConfUtils.java:logGet(44)) - raft.server.log.appender.install.snapshot.enabled = false (custom)
2021-08-12 00:19:30,711 [pool-388-thread-1] INFO  server.RaftServer$Division (ServerState.java:<init>(105)) - b066bd09-7d5e-4568-b961-feea469aecd1@group-B7F896E5164C: ConfigurationManager, init=-1: [b066bd09-7d5e-4568-b961-feea469aecd1|rpc:10.1.0.26:41439|priority:1], old=null, confs=<EMPTY_MAP>
2021-08-12 00:19:30,712 [pool-388-thread-1] INFO  server.RaftServerConfigKeys (ConfUtils.java:logGet(44)) - raft.server.storage.dir = [/home/runner/work/ozone/ozone/hadoop-ozone/integration-test/target/test-dir/MiniOzoneClusterImpl-3f855486-d891-4f73-82e2-a28b2591c95d/datanode-1/data/ratis] (custom)
2021-08-12 00:19:30,712 [pool-388-thread-1] INFO  server.RaftServerConfigKeys (ConfUtils.java:logGet(44)) - raft.server.log.corruption.policy = EXCEPTION (default)
2021-08-12 00:19:30,712 [pool-388-thread-1] INFO  server.RaftServerConfigKeys (ConfUtils.java:logGet(44)) - raft.server.storage.free-space.min = 0MB (=0) (default)
2021-08-12 00:19:30,712 [pool-388-thread-1] INFO  storage.RaftStorageDirectory (RaftStorageDirectoryImpl.java:analyzeStorage(135)) - The storage directory /home/runner/work/ozone/ozone/hadoop-ozone/integration-test/target/test-dir/MiniOzoneClusterImpl-3f855486-d891-4f73-82e2-a28b2591c95d/datanode-1/data/ratis/0d452eb6-39c9-4aaf-aa4a-b7f896e5164c does not exist. Creating ...
2021-08-12 00:19:30,712 [pool-407-thread-1] INFO  server.RaftServerConfigKeys (ConfUtils.java:logGet(44)) - raft.server.rpc.timeout.min = 5s (custom)
2021-08-12 00:19:30,713 [pool-407-thread-1] INFO  server.RaftServerConfigKeys (ConfUtils.java:logGet(44)) - raft.server.rpc.timeout.max = 5200ms (custom)
2021-08-12 00:19:30,713 [pool-407-thread-1] INFO  server.RaftServerConfigKeys (ConfUtils.java:logGet(44)) - raft.server.rpc.sleep.time = 25ms (default)
2021-08-12 00:19:30,713 [pool-407-thread-1] INFO  server.RaftServerConfigKeys (ConfUtils.java:logGet(44)) - raft.server.rpc.slowness.timeout = 300s (custom)
2021-08-12 00:19:30,713 [pool-388-thread-1] INFO  storage.RaftStorageDirectory (RaftStorageDirectoryImpl.java:tryLock(230)) - Lock on /home/runner/work/ozone/ozone/hadoop-ozone/integration-test/target/test-dir/MiniOzoneClusterImpl-3f855486-d891-4f73-82e2-a28b2591c95d/datanode-1/data/ratis/0d452eb6-39c9-4aaf-aa4a-b7f896e5164c/in_use.lock acquired by nodename 20692@fv-az122-889
2021-08-12 00:19:30,715 [pool-407-thread-1] INFO  server.RaftServerConfigKeys (ConfUtils.java:logGet(44)) - raft.server.leaderelection.leader.step-down.wait-time = 10s (default)
2021-08-12 00:19:30,717 [pool-407-thread-1] INFO  server.RaftServerConfigKeys (ConfUtils.java:logGet(44)) - raft.server.sleep.deviation.threshold = 300ms (default)
2021-08-12 00:19:30,719 [pool-407-thread-1] INFO  server.RaftServerConfigKeys (ConfUtils.java:logGet(44)) - raft.server.log.appender.install.snapshot.enabled = false (custom)
2021-08-12 00:19:30,719 [pool-407-thread-1] INFO  server.RaftServer$Division (ServerState.java:<init>(105)) - 9844affe-c598-4e78-82ce-ffb4ab001b60@group-9F4148ED38EC: ConfigurationManager, init=-1: [f396bb35-69a0-4f96-b6c4-c95f49adeaa7|rpc:10.1.0.26:37447|dataStream:|priority:0, b066bd09-7d5e-4568-b961-feea469aecd1|rpc:10.1.0.26:41439|dataStream:|priority:0, 9844affe-c598-4e78-82ce-ffb4ab001b60|rpc:10.1.0.26:43641|dataStream:|priority:1], old=null, confs=<EMPTY_MAP>
2021-08-12 00:19:30,720 [pool-407-thread-1] INFO  server.RaftServerConfigKeys (ConfUtils.java:logGet(44)) - raft.server.storage.dir = [/home/runner/work/ozone/ozone/hadoop-ozone/integration-test/target/test-dir/MiniOzoneClusterImpl-3f855486-d891-4f73-82e2-a28b2591c95d/datanode-2/data/ratis] (custom)
2021-08-12 00:19:30,723 [pool-388-thread-1] INFO  storage.RaftStorage (RaftStorageImpl.java:format(89)) - Storage directory /home/runner/work/ozone/ozone/hadoop-ozone/integration-test/target/test-dir/MiniOzoneClusterImpl-3f855486-d891-4f73-82e2-a28b2591c95d/datanode-1/data/ratis/0d452eb6-39c9-4aaf-aa4a-b7f896e5164c has been successfully formatted.
2021-08-12 00:19:30,726 [Datanode State Machine Thread - 0] WARN  statemachine.StateContext (StateContext.java:execute(621)) - No available thread in pool for past 1 seconds.
2021-08-12 00:19:30,728 [pool-388-thread-1] INFO  ratis.ContainerStateMachine (ContainerStateMachine.java:loadSnapshot(225)) - group-B7F896E5164C: The snapshot info is null. Setting the last applied indexto:(t:0, i:~)
2021-08-12 00:19:30,730 [EventQueue-PipelineReportForPipelineReportHandler] INFO  pipeline.PipelineManagerImpl (PipelineManagerImpl.java:openPipeline(283)) - Pipeline Pipeline[ Id: 0d452eb6-39c9-4aaf-aa4a-b7f896e5164c, Nodes: b066bd09-7d5e-4568-b961-feea469aecd1{ip: 10.1.0.26, host: fv-az122-889.zf1tlrj3kn4expqppa1j4mpycf.xx.internal.cloudapp.net, ports: [REPLICATION=40645, RATIS=41439, RATIS_ADMIN=41439, RATIS_SERVER=41439, STANDALONE=40799], networkLocation: /default-rack, certSerialId: null, persistedOpState: IN_SERVICE, persistedOpStateExpiryEpochSec: 0}, ReplicationConfig: RATIS/ONE, State:ALLOCATED, leaderId:b066bd09-7d5e-4568-b961-feea469aecd1, CreationTimestamp2021-08-12T00:19:27.700Z[Etc/UTC]] moved to OPEN state
2021-08-12 00:19:30,731 [pool-407-thread-1] INFO  server.RaftServerConfigKeys (ConfUtils.java:logGet(44)) - raft.server.log.corruption.policy = EXCEPTION (default)
2021-08-12 00:19:30,731 [pool-407-thread-1] INFO  server.RaftServerConfigKeys (ConfUtils.java:logGet(44)) - raft.server.storage.free-space.min = 0MB (=0) (default)
2021-08-12 00:19:30,731 [pool-407-thread-1] INFO  storage.RaftStorageDirectory (RaftStorageDirectoryImpl.java:analyzeStorage(135)) - The storage directory /home/runner/work/ozone/ozone/hadoop-ozone/integration-test/target/test-dir/MiniOzoneClusterImpl-3f855486-d891-4f73-82e2-a28b2591c95d/datanode-2/data/ratis/1ee109bd-0e6d-46f4-9757-9f4148ed38ec does not exist. Creating ...
2021-08-12 00:19:30,731 [EventQueue-OpenPipelineForHealthyPipelineSafeModeRule] INFO  safemode.SCMSafeModeManager (HealthyPipelineSafeModeRule.java:process(124)) - SCM in safe mode. Healthy pipelines reported count is 0, required healthy pipeline reported count is 1
2021-08-12 00:19:30,737 [pool-388-thread-1] INFO  server.RaftServerConfigKeys (ConfUtils.java:logGet(44)) - raft.server.notification.no-leader.timeout = 300s (custom)
2021-08-12 00:19:30,737 [pool-388-thread-1] INFO  server.RaftServerConfigKeys (ConfUtils.java:logGet(44)) - raft.server.log.use.memory = false (default)
2021-08-12 00:19:30,737 [pool-388-thread-1] INFO  server.RaftServerConfigKeys (ConfUtils.java:logGet(44)) - raft.server.log.purge.gap = 1000000 (custom)
2021-08-12 00:19:30,738 [pool-388-thread-1] INFO  server.RaftServerConfigKeys (ConfUtils.java:logGet(44)) - raft.server.log.appender.buffer.byte-limit = 33554432 (custom)
2021-08-12 00:19:30,738 [pool-388-thread-1] INFO  server.RaftServerConfigKeys (ConfUtils.java:logGet(44)) - raft.server.log.segment.size.max = 1048576 (custom)
2021-08-12 00:19:30,739 [pool-388-thread-1] INFO  server.RaftServerConfigKeys (ConfUtils.java:logGet(44)) - raft.server.log.segment.cache.num.max = 2 (custom)
2021-08-12 00:19:30,739 [pool-388-thread-1] INFO  server.RaftServerConfigKeys (ConfUtils.java:logGet(44)) - raft.server.log.segment.cache.size.max = 200MB (=209715200) (default)
2021-08-12 00:19:30,739 [pool-388-thread-1] INFO  segmented.SegmentedRaftLogWorker (SegmentedRaftLogWorker.java:<init>(182)) - new b066bd09-7d5e-4568-b961-feea469aecd1@group-B7F896E5164C-SegmentedRaftLogWorker for RaftStorageImpl:Storage Directory /home/runner/work/ozone/ozone/hadoop-ozone/integration-test/target/test-dir/MiniOzoneClusterImpl-3f855486-d891-4f73-82e2-a28b2591c95d/datanode-1/data/ratis/0d452eb6-39c9-4aaf-aa4a-b7f896e5164c
2021-08-12 00:19:30,739 [pool-388-thread-1] INFO  server.RaftServerConfigKeys (ConfUtils.java:logGet(44)) - raft.server.log.queue.byte-limit = 2147483647 (custom)
2021-08-12 00:19:30,739 [pool-388-thread-1] INFO  server.RaftServerConfigKeys (ConfUtils.java:logGet(44)) - raft.server.log.queue.element-limit = 1024 (custom)
2021-08-12 00:19:30,739 [pool-388-thread-1] INFO  server.RaftServerConfigKeys (ConfUtils.java:logGet(44)) - raft.server.log.segment.size.max = 1048576 (custom)
2021-08-12 00:19:30,739 [pool-388-thread-1] INFO  server.RaftServerConfigKeys (ConfUtils.java:logGet(44)) - raft.server.log.preallocated.size = 16384 (custom)
2021-08-12 00:19:30,740 [pool-388-thread-1] INFO  server.RaftServerConfigKeys (ConfUtils.java:logGet(44)) - raft.server.log.force.sync.num = 128 (default)
2021-08-12 00:19:30,740 [pool-388-thread-1] INFO  server.RaftServerConfigKeys (ConfUtils.java:logGet(44)) - raft.server.log.statemachine.data.sync = true (default)
2021-08-12 00:19:30,740 [pool-388-thread-1] INFO  server.RaftServerConfigKeys (ConfUtils.java:logGet(44)) - raft.server.log.statemachine.data.sync.timeout = 10s (default)
2021-08-12 00:19:30,740 [pool-388-thread-1] INFO  server.RaftServerConfigKeys (ConfUtils.java:logGet(44)) - raft.server.log.statemachine.data.sync.timeout.retry = -1 (default)
2021-08-12 00:19:30,741 [pool-388-thread-1] INFO  server.RaftServerConfigKeys (ConfUtils.java:logGet(44)) - raft.server.log.write.buffer.size = 1048576 (custom)
2021-08-12 00:19:30,742 [pool-388-thread-1] INFO  server.RaftServerConfigKeys (ConfUtils.java:logGet(44)) - raft.server.log.statemachine.data.caching.enabled = true (custom)
2021-08-12 00:19:30,743 [pool-388-thread-1] INFO  segmented.SegmentedRaftLogWorker (SegmentedRaftLogWorker.java:lambda$new$0(133)) - b066bd09-7d5e-4568-b961-feea469aecd1@group-B7F896E5164C-SegmentedRaftLogWorker: flushIndex: setUnconditionally 0 -> -1
2021-08-12 00:19:30,744 [pool-388-thread-1] INFO  segmented.SegmentedRaftLogWorker (SegmentedRaftLogWorker.java:lambda$new$0(133)) - b066bd09-7d5e-4568-b961-feea469aecd1@group-B7F896E5164C-SegmentedRaftLogWorker: safeCacheEvictIndex: setUnconditionally 0 -> -1
2021-08-12 00:19:30,742 [pool-407-thread-1] INFO  storage.RaftStorageDirectory (RaftStorageDirectoryImpl.java:tryLock(230)) - Lock on /home/runner/work/ozone/ozone/hadoop-ozone/integration-test/target/test-dir/MiniOzoneClusterImpl-3f855486-d891-4f73-82e2-a28b2591c95d/datanode-2/data/ratis/1ee109bd-0e6d-46f4-9757-9f4148ed38ec/in_use.lock acquired by nodename 20692@fv-az122-889
2021-08-12 00:19:30,746 [pool-388-thread-1] INFO  server.RaftServerConfigKeys (ConfUtils.java:logGet(44)) - raft.server.snapshot.auto.trigger.enabled = true (custom)
2021-08-12 00:19:30,750 [pool-388-thread-1] INFO  server.RaftServerConfigKeys (ConfUtils.java:logGet(44)) - raft.server.snapshot.auto.trigger.threshold = 10000 (custom)
2021-08-12 00:19:30,750 [pool-388-thread-1] INFO  server.RaftServerConfigKeys (ConfUtils.java:logGet(44)) - raft.server.snapshot.retention.file.num = 5 (custom)
2021-08-12 00:19:30,750 [pool-388-thread-1] INFO  server.RaftServerConfigKeys (ConfUtils.java:logGet(44)) - raft.server.log.purge.upto.snapshot.index = false (default)
2021-08-12 00:19:30,750 [pool-388-thread-1] INFO  server.RaftServerConfigKeys (ConfUtils.java:logGet(44)) - raft.server.retrycache.expirytime = 600000ms (custom)
2021-08-12 00:19:30,750 [pool-388-thread-1] INFO  server.RaftServerConfigKeys (ConfUtils.java:logGet(44)) - raft.server.retrycache.statistics.expirytime = 100μs (default)
2021-08-12 00:19:30,752 [pool-388-thread-1] INFO  server.RaftServer$Division (RaftServerImpl.java:start(296)) - b066bd09-7d5e-4568-b961-feea469aecd1@group-B7F896E5164C: start as a follower, conf=-1: [b066bd09-7d5e-4568-b961-feea469aecd1|rpc:10.1.0.26:41439|priority:1], old=null
2021-08-12 00:19:30,755 [pool-388-thread-1] INFO  server.RaftServer$Division (RaftServerImpl.java:setRole(285)) - b066bd09-7d5e-4568-b961-feea469aecd1@group-B7F896E5164C: changes role from      null to FOLLOWER at term 0 for startAsFollower
2021-08-12 00:19:30,755 [pool-388-thread-1] INFO  impl.RoleInfo (RoleInfo.java:updateAndGet(130)) - b066bd09-7d5e-4568-b961-feea469aecd1: start b066bd09-7d5e-4568-b961-feea469aecd1@group-B7F896E5164C-FollowerState
2021-08-12 00:19:30,749 [pool-407-thread-1] INFO  storage.RaftStorage (RaftStorageImpl.java:format(89)) - Storage directory /home/runner/work/ozone/ozone/hadoop-ozone/integration-test/target/test-dir/MiniOzoneClusterImpl-3f855486-d891-4f73-82e2-a28b2591c95d/datanode-2/data/ratis/1ee109bd-0e6d-46f4-9757-9f4148ed38ec has been successfully formatted.
2021-08-12 00:19:30,759 [pool-407-thread-1] INFO  ratis.ContainerStateMachine (ContainerStateMachine.java:loadSnapshot(225)) - group-9F4148ED38EC: The snapshot info is null. Setting the last applied indexto:(t:0, i:~)
2021-08-12 00:19:30,759 [Datanode State Machine Thread - 0] WARN  statemachine.StateContext (StateContext.java:execute(621)) - No available thread in pool for past 1 seconds.
2021-08-12 00:19:30,759 [pool-407-thread-1] INFO  server.RaftServerConfigKeys (ConfUtils.java:logGet(44)) - raft.server.notification.no-leader.timeout = 300s (custom)
2021-08-12 00:19:30,759 [pool-407-thread-1] INFO  server.RaftServerConfigKeys (ConfUtils.java:logGet(44)) - raft.server.log.use.memory = false (default)
2021-08-12 00:19:30,759 [pool-407-thread-1] INFO  server.RaftServerConfigKeys (ConfUtils.java:logGet(44)) - raft.server.log.purge.gap = 1000000 (custom)
2021-08-12 00:19:30,759 [pool-407-thread-1] INFO  server.RaftServerConfigKeys (ConfUtils.java:logGet(44)) - raft.server.log.appender.buffer.byte-limit = 33554432 (custom)
2021-08-12 00:19:30,759 [pool-407-thread-1] INFO  server.RaftServerConfigKeys (ConfUtils.java:logGet(44)) - raft.server.log.segment.size.max = 1048576 (custom)
2021-08-12 00:19:30,760 [pool-407-thread-1] INFO  server.RaftServerConfigKeys (ConfUtils.java:logGet(44)) - raft.server.log.segment.cache.num.max = 2 (custom)
2021-08-12 00:19:30,760 [pool-407-thread-1] INFO  server.RaftServerConfigKeys (ConfUtils.java:logGet(44)) - raft.server.log.segment.cache.size.max = 200MB (=209715200) (default)
2021-08-12 00:19:30,760 [pool-407-thread-1] INFO  segmented.SegmentedRaftLogWorker (SegmentedRaftLogWorker.java:<init>(182)) - new 9844affe-c598-4e78-82ce-ffb4ab001b60@group-9F4148ED38EC-SegmentedRaftLogWorker for RaftStorageImpl:Storage Directory /home/runner/work/ozone/ozone/hadoop-ozone/integration-test/target/test-dir/MiniOzoneClusterImpl-3f855486-d891-4f73-82e2-a28b2591c95d/datanode-2/data/ratis/1ee109bd-0e6d-46f4-9757-9f4148ed38ec
2021-08-12 00:19:30,760 [pool-407-thread-1] INFO  server.RaftServerConfigKeys (ConfUtils.java:logGet(44)) - raft.server.log.queue.byte-limit = 2147483647 (custom)
2021-08-12 00:19:30,760 [pool-407-thread-1] INFO  server.RaftServerConfigKeys (ConfUtils.java:logGet(44)) - raft.server.log.queue.element-limit = 1024 (custom)
2021-08-12 00:19:30,760 [pool-407-thread-1] INFO  server.RaftServerConfigKeys (ConfUtils.java:logGet(44)) - raft.server.log.segment.size.max = 1048576 (custom)
2021-08-12 00:19:30,760 [pool-407-thread-1] INFO  server.RaftServerConfigKeys (ConfUtils.java:logGet(44)) - raft.server.log.preallocated.size = 16384 (custom)
2021-08-12 00:19:30,760 [pool-407-thread-1] INFO  server.RaftServerConfigKeys (ConfUtils.java:logGet(44)) - raft.server.log.force.sync.num = 128 (default)
2021-08-12 00:19:30,760 [pool-407-thread-1] INFO  server.RaftServerConfigKeys (ConfUtils.java:logGet(44)) - raft.server.log.statemachine.data.sync = true (default)
2021-08-12 00:19:30,760 [pool-407-thread-1] INFO  server.RaftServerConfigKeys (ConfUtils.java:logGet(44)) - raft.server.log.statemachine.data.sync.timeout = 10s (default)
2021-08-12 00:19:30,760 [pool-407-thread-1] INFO  server.RaftServerConfigKeys (ConfUtils.java:logGet(44)) - raft.server.log.statemachine.data.sync.timeout.retry = -1 (default)
2021-08-12 00:19:30,763 [pool-407-thread-1] INFO  server.RaftServerConfigKeys (ConfUtils.java:logGet(44)) - raft.server.log.write.buffer.size = 1048576 (custom)
2021-08-12 00:19:30,763 [pool-407-thread-1] INFO  server.RaftServerConfigKeys (ConfUtils.java:logGet(44)) - raft.server.log.statemachine.data.caching.enabled = true (custom)
2021-08-12 00:19:30,765 [pool-407-thread-1] INFO  segmented.SegmentedRaftLogWorker (SegmentedRaftLogWorker.java:lambda$new$0(133)) - 9844affe-c598-4e78-82ce-ffb4ab001b60@group-9F4148ED38EC-SegmentedRaftLogWorker: flushIndex: setUnconditionally 0 -> -1
2021-08-12 00:19:30,765 [pool-407-thread-1] INFO  segmented.SegmentedRaftLogWorker (SegmentedRaftLogWorker.java:lambda$new$0(133)) - 9844affe-c598-4e78-82ce-ffb4ab001b60@group-9F4148ED38EC-SegmentedRaftLogWorker: safeCacheEvictIndex: setUnconditionally 0 -> -1
2021-08-12 00:19:30,765 [pool-407-thread-1] INFO  server.RaftServerConfigKeys (ConfUtils.java:logGet(44)) - raft.server.snapshot.auto.trigger.enabled = true (custom)
2021-08-12 00:19:30,765 [pool-407-thread-1] INFO  server.RaftServerConfigKeys (ConfUtils.java:logGet(44)) - raft.server.snapshot.auto.trigger.threshold = 10000 (custom)
2021-08-12 00:19:30,765 [pool-407-thread-1] INFO  server.RaftServerConfigKeys (ConfUtils.java:logGet(44)) - raft.server.snapshot.retention.file.num = 5 (custom)
2021-08-12 00:19:30,765 [pool-407-thread-1] INFO  server.RaftServerConfigKeys (ConfUtils.java:logGet(44)) - raft.server.log.purge.upto.snapshot.index = false (default)
2021-08-12 00:19:30,765 [pool-407-thread-1] INFO  server.RaftServerConfigKeys (ConfUtils.java:logGet(44)) - raft.server.retrycache.expirytime = 600000ms (custom)
2021-08-12 00:19:30,765 [pool-407-thread-1] INFO  server.RaftServerConfigKeys (ConfUtils.java:logGet(44)) - raft.server.retrycache.statistics.expirytime = 100μs (default)
2021-08-12 00:19:30,766 [pool-407-thread-1] INFO  server.RaftServer$Division (RaftServerImpl.java:start(296)) - 9844affe-c598-4e78-82ce-ffb4ab001b60@group-9F4148ED38EC: start as a follower, conf=-1: [f396bb35-69a0-4f96-b6c4-c95f49adeaa7|rpc:10.1.0.26:37447|dataStream:|priority:0, b066bd09-7d5e-4568-b961-feea469aecd1|rpc:10.1.0.26:41439|dataStream:|priority:0, 9844affe-c598-4e78-82ce-ffb4ab001b60|rpc:10.1.0.26:43641|dataStream:|priority:1], old=null
2021-08-12 00:19:30,766 [pool-407-thread-1] INFO  server.RaftServer$Division (RaftServerImpl.java:setRole(285)) - 9844affe-c598-4e78-82ce-ffb4ab001b60@group-9F4148ED38EC: changes role from      null to FOLLOWER at term 0 for startAsFollower
2021-08-12 00:19:30,767 [pool-407-thread-1] INFO  impl.RoleInfo (RoleInfo.java:updateAndGet(130)) - 9844affe-c598-4e78-82ce-ffb4ab001b60: start 9844affe-c598-4e78-82ce-ffb4ab001b60@group-9F4148ED38EC-FollowerState
2021-08-12 00:19:30,772 [pool-407-thread-1] INFO  util.JmxRegister (JmxRegister.java:tryRegister(44)) - Successfully registered JMX Bean with object name Ratis:service=RaftServer,group=group-9F4148ED38EC,id=9844affe-c598-4e78-82ce-ffb4ab001b60
2021-08-12 00:19:30,788 [pool-388-thread-1] INFO  util.JmxRegister (JmxRegister.java:tryRegister(44)) - Successfully registered JMX Bean with object name Ratis:service=RaftServer,group=group-B7F896E5164C,id=b066bd09-7d5e-4568-b961-feea469aecd1
2021-08-12 00:19:30,795 [Command processor thread] INFO  ratis.XceiverServerRatis (XceiverServerRatis.java:addGroup(763)) - Created group PipelineID=0d452eb6-39c9-4aaf-aa4a-b7f896e5164c
2021-08-12 00:19:30,795 [Command processor thread] INFO  commandhandler.CreatePipelineCommandHandler (CreatePipelineCommandHandler.java:handle(106)) - Created Pipeline RATIS ONE PipelineID=0d452eb6-39c9-4aaf-aa4a-b7f896e5164c.
2021-08-12 00:19:30,795 [Command processor thread] INFO  server.RaftServer (RaftServerProxy.java:addNew(95)) - b066bd09-7d5e-4568-b961-feea469aecd1: addNew group-BD5DB61A9C5F:[f396bb35-69a0-4f96-b6c4-c95f49adeaa7|rpc:10.1.0.26:37447|priority:1, 9844affe-c598-4e78-82ce-ffb4ab001b60|rpc:10.1.0.26:43641|priority:0, b066bd09-7d5e-4568-b961-feea469aecd1|rpc:10.1.0.26:41439|priority:0] returns group-BD5DB61A9C5F:java.util.concurrent.CompletableFuture@43996e26[Not completed]
2021-08-12 00:19:30,796 [pool-388-thread-1] INFO  server.RaftServer$Division (RaftServerImpl.java:<init>(181)) - b066bd09-7d5e-4568-b961-feea469aecd1: new RaftServerImpl for group-BD5DB61A9C5F:[f396bb35-69a0-4f96-b6c4-c95f49adeaa7|rpc:10.1.0.26:37447|priority:1, 9844affe-c598-4e78-82ce-ffb4ab001b60|rpc:10.1.0.26:43641|priority:0, b066bd09-7d5e-4568-b961-feea469aecd1|rpc:10.1.0.26:41439|priority:0] with ContainerStateMachine:uninitialized
2021-08-12 00:19:30,796 [pool-388-thread-1] INFO  server.RaftServerConfigKeys (ConfUtils.java:logGet(44)) - raft.server.rpc.timeout.min = 5s (custom)
2021-08-12 00:19:30,796 [pool-388-thread-1] INFO  server.RaftServerConfigKeys (ConfUtils.java:logGet(44)) - raft.server.rpc.timeout.max = 5200ms (custom)
2021-08-12 00:19:30,796 [pool-388-thread-1] INFO  server.RaftServerConfigKeys (ConfUtils.java:logGet(44)) - raft.server.rpc.sleep.time = 25ms (default)
2021-08-12 00:19:30,796 [pool-388-thread-1] INFO  server.RaftServerConfigKeys (ConfUtils.java:logGet(44)) - raft.server.rpc.slowness.timeout = 300s (custom)
2021-08-12 00:19:30,797 [pool-388-thread-1] INFO  server.RaftServerConfigKeys (ConfUtils.java:logGet(44)) - raft.server.leaderelection.leader.step-down.wait-time = 10s (default)
2021-08-12 00:19:30,797 [pool-388-thread-1] INFO  server.RaftServerConfigKeys (ConfUtils.java:logGet(44)) - raft.server.sleep.deviation.threshold = 300ms (default)
2021-08-12 00:19:30,797 [pool-388-thread-1] INFO  server.RaftServerConfigKeys (ConfUtils.java:logGet(44)) - raft.server.log.appender.install.snapshot.enabled = false (custom)
2021-08-12 00:19:30,797 [pool-388-thread-1] INFO  server.RaftServer$Division (ServerState.java:<init>(105)) - b066bd09-7d5e-4568-b961-feea469aecd1@group-BD5DB61A9C5F: ConfigurationManager, init=-1: [f396bb35-69a0-4f96-b6c4-c95f49adeaa7|rpc:10.1.0.26:37447|priority:1, 9844affe-c598-4e78-82ce-ffb4ab001b60|rpc:10.1.0.26:43641|priority:0, b066bd09-7d5e-4568-b961-feea469aecd1|rpc:10.1.0.26:41439|priority:0], old=null, confs=<EMPTY_MAP>
2021-08-12 00:19:30,797 [pool-388-thread-1] INFO  server.RaftServerConfigKeys (ConfUtils.java:logGet(44)) - raft.server.storage.dir = [/home/runner/work/ozone/ozone/hadoop-ozone/integration-test/target/test-dir/MiniOzoneClusterImpl-3f855486-d891-4f73-82e2-a28b2591c95d/datanode-1/data/ratis] (custom)
2021-08-12 00:19:30,797 [pool-388-thread-1] INFO  server.RaftServerConfigKeys (ConfUtils.java:logGet(44)) - raft.server.log.corruption.policy = EXCEPTION (default)
2021-08-12 00:19:30,797 [pool-388-thread-1] INFO  server.RaftServerConfigKeys (ConfUtils.java:logGet(44)) - raft.server.storage.free-space.min = 0MB (=0) (default)
2021-08-12 00:19:30,797 [pool-388-thread-1] INFO  storage.RaftStorageDirectory (RaftStorageDirectoryImpl.java:analyzeStorage(135)) - The storage directory /home/runner/work/ozone/ozone/hadoop-ozone/integration-test/target/test-dir/MiniOzoneClusterImpl-3f855486-d891-4f73-82e2-a28b2591c95d/datanode-1/data/ratis/d1c86861-ed37-4361-953f-bd5db61a9c5f does not exist. Creating ...
2021-08-12 00:19:30,798 [pool-388-thread-1] INFO  storage.RaftStorageDirectory (RaftStorageDirectoryImpl.java:tryLock(230)) - Lock on /home/runner/work/ozone/ozone/hadoop-ozone/integration-test/target/test-dir/MiniOzoneClusterImpl-3f855486-d891-4f73-82e2-a28b2591c95d/datanode-1/data/ratis/d1c86861-ed37-4361-953f-bd5db61a9c5f/in_use.lock acquired by nodename 20692@fv-az122-889
2021-08-12 00:19:30,802 [pool-388-thread-1] INFO  storage.RaftStorage (RaftStorageImpl.java:format(89)) - Storage directory /home/runner/work/ozone/ozone/hadoop-ozone/integration-test/target/test-dir/MiniOzoneClusterImpl-3f855486-d891-4f73-82e2-a28b2591c95d/datanode-1/data/ratis/d1c86861-ed37-4361-953f-bd5db61a9c5f has been successfully formatted.
2021-08-12 00:19:30,803 [Datanode State Machine Thread - 0] WARN  statemachine.StateContext (StateContext.java:execute(621)) - No available thread in pool for past 1 seconds.
2021-08-12 00:19:30,803 [pool-388-thread-1] INFO  ratis.ContainerStateMachine (ContainerStateMachine.java:loadSnapshot(225)) - group-BD5DB61A9C5F: The snapshot info is null. Setting the last applied indexto:(t:0, i:~)
2021-08-12 00:19:30,803 [pool-388-thread-1] INFO  server.RaftServerConfigKeys (ConfUtils.java:logGet(44)) - raft.server.notification.no-leader.timeout = 300s (custom)
2021-08-12 00:19:30,803 [pool-388-thread-1] INFO  server.RaftServerConfigKeys (ConfUtils.java:logGet(44)) - raft.server.log.use.memory = false (default)
2021-08-12 00:19:30,803 [pool-388-thread-1] INFO  server.RaftServerConfigKeys (ConfUtils.java:logGet(44)) - raft.server.log.purge.gap = 1000000 (custom)
2021-08-12 00:19:30,803 [pool-388-thread-1] INFO  server.RaftServerConfigKeys (ConfUtils.java:logGet(44)) - raft.server.log.appender.buffer.byte-limit = 33554432 (custom)
2021-08-12 00:19:30,804 [EventQueue-OpenPipelineForHealthyPipelineSafeModeRule] INFO  safemode.SCMSafeModeManager (HealthyPipelineSafeModeRule.java:process(124)) - SCM in safe mode. Healthy pipelines reported count is 0, required healthy pipeline reported count is 1
2021-08-12 00:19:30,805 [pool-388-thread-1] INFO  server.RaftServerConfigKeys (ConfUtils.java:logGet(44)) - raft.server.log.segment.size.max = 1048576 (custom)
2021-08-12 00:19:30,805 [pool-388-thread-1] INFO  server.RaftServerConfigKeys (ConfUtils.java:logGet(44)) - raft.server.log.segment.cache.num.max = 2 (custom)
2021-08-12 00:19:30,805 [pool-388-thread-1] INFO  server.RaftServerConfigKeys (ConfUtils.java:logGet(44)) - raft.server.log.segment.cache.size.max = 200MB (=209715200) (default)
2021-08-12 00:19:30,805 [pool-388-thread-1] INFO  segmented.SegmentedRaftLogWorker (SegmentedRaftLogWorker.java:<init>(182)) - new b066bd09-7d5e-4568-b961-feea469aecd1@group-BD5DB61A9C5F-SegmentedRaftLogWorker for RaftStorageImpl:Storage Directory /home/runner/work/ozone/ozone/hadoop-ozone/integration-test/target/test-dir/MiniOzoneClusterImpl-3f855486-d891-4f73-82e2-a28b2591c95d/datanode-1/data/ratis/d1c86861-ed37-4361-953f-bd5db61a9c5f
2021-08-12 00:19:30,805 [pool-388-thread-1] INFO  server.RaftServerConfigKeys (ConfUtils.java:logGet(44)) - raft.server.log.queue.byte-limit = 2147483647 (custom)
2021-08-12 00:19:30,805 [pool-388-thread-1] INFO  server.RaftServerConfigKeys (ConfUtils.java:logGet(44)) - raft.server.log.queue.element-limit = 1024 (custom)
2021-08-12 00:19:30,805 [pool-388-thread-1] INFO  server.RaftServerConfigKeys (ConfUtils.java:logGet(44)) - raft.server.log.segment.size.max = 1048576 (custom)
2021-08-12 00:19:30,805 [pool-388-thread-1] INFO  server.RaftServerConfigKeys (ConfUtils.java:logGet(44)) - raft.server.log.preallocated.size = 16384 (custom)
2021-08-12 00:19:30,805 [pool-388-thread-1] INFO  server.RaftServerConfigKeys (ConfUtils.java:logGet(44)) - raft.server.log.force.sync.num = 128 (default)
2021-08-12 00:19:30,805 [pool-388-thread-1] INFO  server.RaftServerConfigKeys (ConfUtils.java:logGet(44)) - raft.server.log.statemachine.data.sync = true (default)
2021-08-12 00:19:30,806 [pool-388-thread-1] INFO  server.RaftServerConfigKeys (ConfUtils.java:logGet(44)) - raft.server.log.statemachine.data.sync.timeout = 10s (default)
2021-08-12 00:19:30,806 [pool-388-thread-1] INFO  server.RaftServerConfigKeys (ConfUtils.java:logGet(44)) - raft.server.log.statemachine.data.sync.timeout.retry = -1 (default)
2021-08-12 00:19:30,807 [pool-388-thread-1] INFO  server.RaftServerConfigKeys (ConfUtils.java:logGet(44)) - raft.server.log.write.buffer.size = 1048576 (custom)
2021-08-12 00:19:30,808 [pool-388-thread-1] INFO  server.RaftServerConfigKeys (ConfUtils.java:logGet(44)) - raft.server.log.statemachine.data.caching.enabled = true (custom)
2021-08-12 00:19:30,811 [Command processor thread] INFO  commandhandler.CreatePipelineCommandHandler (CreatePipelineCommandHandler.java:handle(106)) - Created Pipeline RATIS THREE PipelineID=1ee109bd-0e6d-46f4-9757-9f4148ed38ec.
2021-08-12 00:19:30,813 [Command processor thread] INFO  server.RaftServer (RaftServerProxy.java:addNew(95)) - f396bb35-69a0-4f96-b6c4-c95f49adeaa7: addNew group-BD5DB61A9C5F:[f396bb35-69a0-4f96-b6c4-c95f49adeaa7|rpc:10.1.0.26:37447|priority:1, 9844affe-c598-4e78-82ce-ffb4ab001b60|rpc:10.1.0.26:43641|priority:0, b066bd09-7d5e-4568-b961-feea469aecd1|rpc:10.1.0.26:41439|priority:0] returns group-BD5DB61A9C5F:java.util.concurrent.CompletableFuture@74b6bac5[Not completed]
2021-08-12 00:19:30,814 [pool-369-thread-1] INFO  server.RaftServer$Division (RaftServerImpl.java:<init>(181)) - f396bb35-69a0-4f96-b6c4-c95f49adeaa7: new RaftServerImpl for group-BD5DB61A9C5F:[f396bb35-69a0-4f96-b6c4-c95f49adeaa7|rpc:10.1.0.26:37447|priority:1, 9844affe-c598-4e78-82ce-ffb4ab001b60|rpc:10.1.0.26:43641|priority:0, b066bd09-7d5e-4568-b961-feea469aecd1|rpc:10.1.0.26:41439|priority:0] with ContainerStateMachine:uninitialized
2021-08-12 00:19:30,814 [pool-369-thread-1] INFO  server.RaftServerConfigKeys (ConfUtils.java:logGet(44)) - raft.server.rpc.timeout.min = 5s (custom)
2021-08-12 00:19:30,814 [pool-369-thread-1] INFO  server.RaftServerConfigKeys (ConfUtils.java:logGet(44)) - raft.server.rpc.timeout.max = 5200ms (custom)
2021-08-12 00:19:30,814 [pool-369-thread-1] INFO  server.RaftServerConfigKeys (ConfUtils.java:logGet(44)) - raft.server.rpc.sleep.time = 25ms (default)
2021-08-12 00:19:30,814 [pool-369-thread-1] INFO  server.RaftServerConfigKeys (ConfUtils.java:logGet(44)) - raft.server.rpc.slowness.timeout = 300s (custom)
2021-08-12 00:19:30,814 [pool-369-thread-1] INFO  server.RaftServerConfigKeys (ConfUtils.java:logGet(44)) - raft.server.leaderelection.leader.step-down.wait-time = 10s (default)
2021-08-12 00:19:30,814 [pool-369-thread-1] INFO  server.RaftServerConfigKeys (ConfUtils.java:logGet(44)) - raft.server.sleep.deviation.threshold = 300ms (default)
2021-08-12 00:19:30,814 [pool-369-thread-1] INFO  server.RaftServerConfigKeys (ConfUtils.java:logGet(44)) - raft.server.log.appender.install.snapshot.enabled = false (custom)
2021-08-12 00:19:30,814 [pool-369-thread-1] INFO  server.RaftServer$Division (ServerState.java:<init>(105)) - f396bb35-69a0-4f96-b6c4-c95f49adeaa7@group-BD5DB61A9C5F: ConfigurationManager, init=-1: [f396bb35-69a0-4f96-b6c4-c95f49adeaa7|rpc:10.1.0.26:37447|priority:1, 9844affe-c598-4e78-82ce-ffb4ab001b60|rpc:10.1.0.26:43641|priority:0, b066bd09-7d5e-4568-b961-feea469aecd1|rpc:10.1.0.26:41439|priority:0], old=null, confs=<EMPTY_MAP>
2021-08-12 00:19:30,814 [pool-369-thread-1] INFO  server.RaftServerConfigKeys (ConfUtils.java:logGet(44)) - raft.server.storage.dir = [/home/runner/work/ozone/ozone/hadoop-ozone/integration-test/target/test-dir/MiniOzoneClusterImpl-3f855486-d891-4f73-82e2-a28b2591c95d/datanode-0/data/ratis] (custom)
2021-08-12 00:19:30,814 [pool-369-thread-1] INFO  server.RaftServerConfigKeys (ConfUtils.java:logGet(44)) - raft.server.log.corruption.policy = EXCEPTION (default)
2021-08-12 00:19:30,814 [pool-369-thread-1] INFO  server.RaftServerConfigKeys (ConfUtils.java:logGet(44)) - raft.server.storage.free-space.min = 0MB (=0) (default)
2021-08-12 00:19:30,815 [pool-369-thread-1] INFO  storage.RaftStorageDirectory (RaftStorageDirectoryImpl.java:analyzeStorage(135)) - The storage directory /home/runner/work/ozone/ozone/hadoop-ozone/integration-test/target/test-dir/MiniOzoneClusterImpl-3f855486-d891-4f73-82e2-a28b2591c95d/datanode-0/data/ratis/d1c86861-ed37-4361-953f-bd5db61a9c5f does not exist. Creating ...
2021-08-12 00:19:30,822 [pool-369-thread-1] INFO  storage.RaftStorageDirectory (RaftStorageDirectoryImpl.java:tryLock(230)) - Lock on /home/runner/work/ozone/ozone/hadoop-ozone/integration-test/target/test-dir/MiniOzoneClusterImpl-3f855486-d891-4f73-82e2-a28b2591c95d/datanode-0/data/ratis/d1c86861-ed37-4361-953f-bd5db61a9c5f/in_use.lock acquired by nodename 20692@fv-az122-889
2021-08-12 00:19:30,823 [pool-388-thread-1] INFO  segmented.SegmentedRaftLogWorker (SegmentedRaftLogWorker.java:lambda$new$0(133)) - b066bd09-7d5e-4568-b961-feea469aecd1@group-BD5DB61A9C5F-SegmentedRaftLogWorker: flushIndex: setUnconditionally 0 -> -1
2021-08-12 00:19:30,823 [pool-388-thread-1] INFO  segmented.SegmentedRaftLogWorker (SegmentedRaftLogWorker.java:lambda$new$0(133)) - b066bd09-7d5e-4568-b961-feea469aecd1@group-BD5DB61A9C5F-SegmentedRaftLogWorker: safeCacheEvictIndex: setUnconditionally 0 -> -1
2021-08-12 00:19:30,823 [pool-369-thread-1] INFO  storage.RaftStorage (RaftStorageImpl.java:format(89)) - Storage directory /home/runner/work/ozone/ozone/hadoop-ozone/integration-test/target/test-dir/MiniOzoneClusterImpl-3f855486-d891-4f73-82e2-a28b2591c95d/datanode-0/data/ratis/d1c86861-ed37-4361-953f-bd5db61a9c5f has been successfully formatted.
2021-08-12 00:19:30,824 [pool-369-thread-1] INFO  ratis.ContainerStateMachine (ContainerStateMachine.java:loadSnapshot(225)) - group-BD5DB61A9C5F: The snapshot info is null. Setting the last applied indexto:(t:0, i:~)
2021-08-12 00:19:30,824 [pool-369-thread-1] INFO  server.RaftServerConfigKeys (ConfUtils.java:logGet(44)) - raft.server.notification.no-leader.timeout = 300s (custom)
2021-08-12 00:19:30,824 [pool-369-thread-1] INFO  server.RaftServerConfigKeys (ConfUtils.java:logGet(44)) - raft.server.log.use.memory = false (default)
2021-08-12 00:19:30,824 [pool-369-thread-1] INFO  server.RaftServerConfigKeys (ConfUtils.java:logGet(44)) - raft.server.log.purge.gap = 1000000 (custom)
2021-08-12 00:19:30,824 [pool-369-thread-1] INFO  server.RaftServerConfigKeys (ConfUtils.java:logGet(44)) - raft.server.log.appender.buffer.byte-limit = 33554432 (custom)
2021-08-12 00:19:30,824 [pool-369-thread-1] INFO  server.RaftServerConfigKeys (ConfUtils.java:logGet(44)) - raft.server.log.segment.size.max = 1048576 (custom)
2021-08-12 00:19:30,825 [pool-369-thread-1] INFO  server.RaftServerConfigKeys (ConfUtils.java:logGet(44)) - raft.server.log.segment.cache.num.max = 2 (custom)
2021-08-12 00:19:30,825 [pool-369-thread-1] INFO  server.RaftServerConfigKeys (ConfUtils.java:logGet(44)) - raft.server.log.segment.cache.size.max = 200MB (=209715200) (default)
2021-08-12 00:19:30,825 [pool-369-thread-1] INFO  segmented.SegmentedRaftLogWorker (SegmentedRaftLogWorker.java:<init>(182)) - new f396bb35-69a0-4f96-b6c4-c95f49adeaa7@group-BD5DB61A9C5F-SegmentedRaftLogWorker for RaftStorageImpl:Storage Directory /home/runner/work/ozone/ozone/hadoop-ozone/integration-test/target/test-dir/MiniOzoneClusterImpl-3f855486-d891-4f73-82e2-a28b2591c95d/datanode-0/data/ratis/d1c86861-ed37-4361-953f-bd5db61a9c5f
2021-08-12 00:19:30,825 [pool-369-thread-1] INFO  server.RaftServerConfigKeys (ConfUtils.java:logGet(44)) - raft.server.log.queue.byte-limit = 2147483647 (custom)
2021-08-12 00:19:30,825 [pool-369-thread-1] INFO  server.RaftServerConfigKeys (ConfUtils.java:logGet(44)) - raft.server.log.queue.element-limit = 1024 (custom)
2021-08-12 00:19:30,825 [pool-369-thread-1] INFO  server.RaftServerConfigKeys (ConfUtils.java:logGet(44)) - raft.server.log.segment.size.max = 1048576 (custom)
2021-08-12 00:19:30,825 [pool-369-thread-1] INFO  server.RaftServerConfigKeys (ConfUtils.java:logGet(44)) - raft.server.log.preallocated.size = 16384 (custom)
2021-08-12 00:19:30,825 [pool-369-thread-1] INFO  server.RaftServerConfigKeys (ConfUtils.java:logGet(44)) - raft.server.log.force.sync.num = 128 (default)
2021-08-12 00:19:30,825 [pool-369-thread-1] INFO  server.RaftServerConfigKeys (ConfUtils.java:logGet(44)) - raft.server.log.statemachine.data.sync = true (default)
2021-08-12 00:19:30,825 [pool-369-thread-1] INFO  server.RaftServerConfigKeys (ConfUtils.java:logGet(44)) - raft.server.log.statemachine.data.sync.timeout = 10s (default)
2021-08-12 00:19:30,825 [pool-369-thread-1] INFO  server.RaftServerConfigKeys (ConfUtils.java:logGet(44)) - raft.server.log.statemachine.data.sync.timeout.retry = -1 (default)
2021-08-12 00:19:30,826 [pool-369-thread-1] INFO  server.RaftServerConfigKeys (ConfUtils.java:logGet(44)) - raft.server.log.write.buffer.size = 1048576 (custom)
2021-08-12 00:19:30,827 [pool-369-thread-1] INFO  server.RaftServerConfigKeys (ConfUtils.java:logGet(44)) - raft.server.log.statemachine.data.caching.enabled = true (custom)
2021-08-12 00:19:30,827 [pool-369-thread-1] INFO  segmented.SegmentedRaftLogWorker (SegmentedRaftLogWorker.java:lambda$new$0(133)) - f396bb35-69a0-4f96-b6c4-c95f49adeaa7@group-BD5DB61A9C5F-SegmentedRaftLogWorker: flushIndex: setUnconditionally 0 -> -1
2021-08-12 00:19:30,827 [pool-369-thread-1] INFO  segmented.SegmentedRaftLogWorker (SegmentedRaftLogWorker.java:lambda$new$0(133)) - f396bb35-69a0-4f96-b6c4-c95f49adeaa7@group-BD5DB61A9C5F-SegmentedRaftLogWorker: safeCacheEvictIndex: setUnconditionally 0 -> -1
2021-08-12 00:19:30,827 [pool-388-thread-1] INFO  server.RaftServerConfigKeys (ConfUtils.java:logGet(44)) - raft.server.snapshot.auto.trigger.enabled = true (custom)
2021-08-12 00:19:30,828 [pool-388-thread-1] INFO  server.RaftServerConfigKeys (ConfUtils.java:logGet(44)) - raft.server.snapshot.auto.trigger.threshold = 10000 (custom)
2021-08-12 00:19:30,828 [pool-388-thread-1] INFO  server.RaftServerConfigKeys (ConfUtils.java:logGet(44)) - raft.server.snapshot.retention.file.num = 5 (custom)
2021-08-12 00:19:30,828 [pool-388-thread-1] INFO  server.RaftServerConfigKeys (ConfUtils.java:logGet(44)) - raft.server.log.purge.upto.snapshot.index = false (default)
2021-08-12 00:19:30,828 [pool-369-thread-1] INFO  server.RaftServerConfigKeys (ConfUtils.java:logGet(44)) - raft.server.snapshot.auto.trigger.enabled = true (custom)
2021-08-12 00:19:30,828 [pool-369-thread-1] INFO  server.RaftServerConfigKeys (ConfUtils.java:logGet(44)) - raft.server.snapshot.auto.trigger.threshold = 10000 (custom)
2021-08-12 00:19:30,828 [pool-369-thread-1] INFO  server.RaftServerConfigKeys (ConfUtils.java:logGet(44)) - raft.server.snapshot.retention.file.num = 5 (custom)
2021-08-12 00:19:30,828 [pool-369-thread-1] INFO  server.RaftServerConfigKeys (ConfUtils.java:logGet(44)) - raft.server.log.purge.upto.snapshot.index = false (default)
2021-08-12 00:19:30,828 [pool-369-thread-1] INFO  server.RaftServerConfigKeys (ConfUtils.java:logGet(44)) - raft.server.retrycache.expirytime = 600000ms (custom)
2021-08-12 00:19:30,828 [pool-369-thread-1] INFO  server.RaftServerConfigKeys (ConfUtils.java:logGet(44)) - raft.server.retrycache.statistics.expirytime = 100μs (default)
2021-08-12 00:19:30,829 [pool-369-thread-1] INFO  server.RaftServer$Division (RaftServerImpl.java:start(296)) - f396bb35-69a0-4f96-b6c4-c95f49adeaa7@group-BD5DB61A9C5F: start as a follower, conf=-1: [f396bb35-69a0-4f96-b6c4-c95f49adeaa7|rpc:10.1.0.26:37447|priority:1, 9844affe-c598-4e78-82ce-ffb4ab001b60|rpc:10.1.0.26:43641|priority:0, b066bd09-7d5e-4568-b961-feea469aecd1|rpc:10.1.0.26:41439|priority:0], old=null
2021-08-12 00:19:30,829 [pool-369-thread-1] INFO  server.RaftServer$Division (RaftServerImpl.java:setRole(285)) - f396bb35-69a0-4f96-b6c4-c95f49adeaa7@group-BD5DB61A9C5F: changes role from      null to FOLLOWER at term 0 for startAsFollower
2021-08-12 00:19:30,829 [pool-369-thread-1] INFO  impl.RoleInfo (RoleInfo.java:updateAndGet(130)) - f396bb35-69a0-4f96-b6c4-c95f49adeaa7: start f396bb35-69a0-4f96-b6c4-c95f49adeaa7@group-BD5DB61A9C5F-FollowerState
2021-08-12 00:19:30,830 [pool-369-thread-1] INFO  util.JmxRegister (JmxRegister.java:tryRegister(44)) - Successfully registered JMX Bean with object name Ratis:service=RaftServer,group=group-BD5DB61A9C5F,id=f396bb35-69a0-4f96-b6c4-c95f49adeaa7
2021-08-12 00:19:30,830 [pool-388-thread-1] INFO  server.RaftServerConfigKeys (ConfUtils.java:logGet(44)) - raft.server.retrycache.expirytime = 600000ms (custom)
2021-08-12 00:19:30,830 [pool-388-thread-1] INFO  server.RaftServerConfigKeys (ConfUtils.java:logGet(44)) - raft.server.retrycache.statistics.expirytime = 100μs (default)
2021-08-12 00:19:30,831 [pool-388-thread-1] INFO  server.RaftServer$Division (RaftServerImpl.java:start(296)) - b066bd09-7d5e-4568-b961-feea469aecd1@group-BD5DB61A9C5F: start as a follower, conf=-1: [f396bb35-69a0-4f96-b6c4-c95f49adeaa7|rpc:10.1.0.26:37447|priority:1, 9844affe-c598-4e78-82ce-ffb4ab001b60|rpc:10.1.0.26:43641|priority:0, b066bd09-7d5e-4568-b961-feea469aecd1|rpc:10.1.0.26:41439|priority:0], old=null
2021-08-12 00:19:30,832 [pool-388-thread-1] INFO  server.RaftServer$Division (RaftServerImpl.java:setRole(285)) - b066bd09-7d5e-4568-b961-feea469aecd1@group-BD5DB61A9C5F: changes role from      null to FOLLOWER at term 0 for startAsFollower
2021-08-12 00:19:30,832 [pool-388-thread-1] INFO  impl.RoleInfo (RoleInfo.java:updateAndGet(130)) - b066bd09-7d5e-4568-b961-feea469aecd1: start b066bd09-7d5e-4568-b961-feea469aecd1@group-BD5DB61A9C5F-FollowerState
2021-08-12 00:19:30,832 [Command processor thread] INFO  ratis.XceiverServerRatis (XceiverServerRatis.java:addGroup(763)) - Created group PipelineID=d1c86861-ed37-4361-953f-bd5db61a9c5f
2021-08-12 00:19:30,845 [Datanode State Machine Thread - 0] WARN  statemachine.StateContext (StateContext.java:execute(621)) - No available thread in pool for past 1 seconds.
2021-08-12 00:19:30,846 [pool-388-thread-1] INFO  util.JmxRegister (JmxRegister.java:tryRegister(44)) - Successfully registered JMX Bean with object name Ratis:service=RaftServer,group=group-BD5DB61A9C5F,id=b066bd09-7d5e-4568-b961-feea469aecd1
2021-08-12 00:19:30,854 [Command processor thread] INFO  ratis.XceiverServerRatis (XceiverServerRatis.java:addGroup(763)) - Created group PipelineID=d1c86861-ed37-4361-953f-bd5db61a9c5f
2021-08-12 00:19:30,867 [EventQueue-OpenPipelineForHealthyPipelineSafeModeRule] INFO  safemode.SCMSafeModeManager (HealthyPipelineSafeModeRule.java:process(124)) - SCM in safe mode. Healthy pipelines reported count is 0, required healthy pipeline reported count is 1
2021-08-12 00:19:30,868 [grpc-default-executor-0] INFO  server.RaftServer (RaftServerProxy.java:addNew(95)) - 9844affe-c598-4e78-82ce-ffb4ab001b60: addNew group-BD5DB61A9C5F:[f396bb35-69a0-4f96-b6c4-c95f49adeaa7|rpc:10.1.0.26:37447|dataStream:|priority:1, 9844affe-c598-4e78-82ce-ffb4ab001b60|rpc:10.1.0.26:43641|dataStream:|priority:0, b066bd09-7d5e-4568-b961-feea469aecd1|rpc:10.1.0.26:41439|dataStream:|priority:0] returns group-BD5DB61A9C5F:java.util.concurrent.CompletableFuture@25c110bd[Not completed]
2021-08-12 00:19:30,868 [pool-407-thread-1] INFO  server.RaftServer$Division (RaftServerImpl.java:<init>(181)) - 9844affe-c598-4e78-82ce-ffb4ab001b60: new RaftServerImpl for group-BD5DB61A9C5F:[f396bb35-69a0-4f96-b6c4-c95f49adeaa7|rpc:10.1.0.26:37447|dataStream:|priority:1, 9844affe-c598-4e78-82ce-ffb4ab001b60|rpc:10.1.0.26:43641|dataStream:|priority:0, b066bd09-7d5e-4568-b961-feea469aecd1|rpc:10.1.0.26:41439|dataStream:|priority:0] with ContainerStateMachine:uninitialized
2021-08-12 00:19:30,868 [pool-407-thread-1] INFO  server.RaftServerConfigKeys (ConfUtils.java:logGet(44)) - raft.server.rpc.timeout.min = 5s (custom)
2021-08-12 00:19:30,868 [pool-407-thread-1] INFO  server.RaftServerConfigKeys (ConfUtils.java:logGet(44)) - raft.server.rpc.timeout.max = 5200ms (custom)
2021-08-12 00:19:30,868 [pool-407-thread-1] INFO  server.RaftServerConfigKeys (ConfUtils.java:logGet(44)) - raft.server.rpc.sleep.time = 25ms (default)
2021-08-12 00:19:30,869 [pool-407-thread-1] INFO  server.RaftServerConfigKeys (ConfUtils.java:logGet(44)) - raft.server.rpc.slowness.timeout = 300s (custom)
2021-08-12 00:19:30,869 [pool-407-thread-1] INFO  server.RaftServerConfigKeys (ConfUtils.java:logGet(44)) - raft.server.leaderelection.leader.step-down.wait-time = 10s (default)
2021-08-12 00:19:30,869 [pool-407-thread-1] INFO  server.RaftServerConfigKeys (ConfUtils.java:logGet(44)) - raft.server.sleep.deviation.threshold = 300ms (default)
2021-08-12 00:19:30,869 [pool-407-thread-1] INFO  server.RaftServerConfigKeys (ConfUtils.java:logGet(44)) - raft.server.log.appender.install.snapshot.enabled = false (custom)
2021-08-12 00:19:30,869 [pool-407-thread-1] INFO  server.RaftServer$Division (ServerState.java:<init>(105)) - 9844affe-c598-4e78-82ce-ffb4ab001b60@group-BD5DB61A9C5F: ConfigurationManager, init=-1: [f396bb35-69a0-4f96-b6c4-c95f49adeaa7|rpc:10.1.0.26:37447|dataStream:|priority:1, 9844affe-c598-4e78-82ce-ffb4ab001b60|rpc:10.1.0.26:43641|dataStream:|priority:0, b066bd09-7d5e-4568-b961-feea469aecd1|rpc:10.1.0.26:41439|dataStream:|priority:0], old=null, confs=<EMPTY_MAP>
2021-08-12 00:19:30,869 [pool-407-thread-1] INFO  server.RaftServerConfigKeys (ConfUtils.java:logGet(44)) - raft.server.storage.dir = [/home/runner/work/ozone/ozone/hadoop-ozone/integration-test/target/test-dir/MiniOzoneClusterImpl-3f855486-d891-4f73-82e2-a28b2591c95d/datanode-2/data/ratis] (custom)
2021-08-12 00:19:30,869 [pool-407-thread-1] INFO  server.RaftServerConfigKeys (ConfUtils.java:logGet(44)) - raft.server.log.corruption.policy = EXCEPTION (default)
2021-08-12 00:19:30,869 [pool-407-thread-1] INFO  server.RaftServerConfigKeys (ConfUtils.java:logGet(44)) - raft.server.storage.free-space.min = 0MB (=0) (default)
2021-08-12 00:19:30,869 [pool-407-thread-1] INFO  storage.RaftStorageDirectory (RaftStorageDirectoryImpl.java:analyzeStorage(135)) - The storage directory /home/runner/work/ozone/ozone/hadoop-ozone/integration-test/target/test-dir/MiniOzoneClusterImpl-3f855486-d891-4f73-82e2-a28b2591c95d/datanode-2/data/ratis/d1c86861-ed37-4361-953f-bd5db61a9c5f does not exist. Creating ...
2021-08-12 00:19:30,874 [pool-407-thread-1] INFO  storage.RaftStorageDirectory (RaftStorageDirectoryImpl.java:tryLock(230)) - Lock on /home/runner/work/ozone/ozone/hadoop-ozone/integration-test/target/test-dir/MiniOzoneClusterImpl-3f855486-d891-4f73-82e2-a28b2591c95d/datanode-2/data/ratis/d1c86861-ed37-4361-953f-bd5db61a9c5f/in_use.lock acquired by nodename 20692@fv-az122-889
2021-08-12 00:19:30,878 [pool-407-thread-1] INFO  storage.RaftStorage (RaftStorageImpl.java:format(89)) - Storage directory /home/runner/work/ozone/ozone/hadoop-ozone/integration-test/target/test-dir/MiniOzoneClusterImpl-3f855486-d891-4f73-82e2-a28b2591c95d/datanode-2/data/ratis/d1c86861-ed37-4361-953f-bd5db61a9c5f has been successfully formatted.
2021-08-12 00:19:30,879 [pool-407-thread-1] INFO  ratis.ContainerStateMachine (ContainerStateMachine.java:loadSnapshot(225)) - group-BD5DB61A9C5F: The snapshot info is null. Setting the last applied indexto:(t:0, i:~)
2021-08-12 00:19:30,880 [Datanode State Machine Thread - 0] WARN  statemachine.StateContext (StateContext.java:execute(621)) - No available thread in pool for past 1 seconds.
2021-08-12 00:19:30,891 [pool-407-thread-1] INFO  server.RaftServerConfigKeys (ConfUtils.java:logGet(44)) - raft.server.notification.no-leader.timeout = 300s (custom)
2021-08-12 00:19:30,892 [pool-407-thread-1] INFO  server.RaftServerConfigKeys (ConfUtils.java:logGet(44)) - raft.server.log.use.memory = false (default)
2021-08-12 00:19:30,892 [pool-407-thread-1] INFO  server.RaftServerConfigKeys (ConfUtils.java:logGet(44)) - raft.server.log.purge.gap = 1000000 (custom)
2021-08-12 00:19:30,892 [pool-407-thread-1] INFO  server.RaftServerConfigKeys (ConfUtils.java:logGet(44)) - raft.server.log.appender.buffer.byte-limit = 33554432 (custom)
2021-08-12 00:19:30,892 [pool-407-thread-1] INFO  server.RaftServerConfigKeys (ConfUtils.java:logGet(44)) - raft.server.log.segment.size.max = 1048576 (custom)
2021-08-12 00:19:30,893 [pool-407-thread-1] INFO  server.RaftServerConfigKeys (ConfUtils.java:logGet(44)) - raft.server.log.segment.cache.num.max = 2 (custom)
2021-08-12 00:19:30,893 [pool-407-thread-1] INFO  server.RaftServerConfigKeys (ConfUtils.java:logGet(44)) - raft.server.log.segment.cache.size.max = 200MB (=209715200) (default)
2021-08-12 00:19:30,893 [pool-407-thread-1] INFO  segmented.SegmentedRaftLogWorker (SegmentedRaftLogWorker.java:<init>(182)) - new 9844affe-c598-4e78-82ce-ffb4ab001b60@group-BD5DB61A9C5F-SegmentedRaftLogWorker for RaftStorageImpl:Storage Directory /home/runner/work/ozone/ozone/hadoop-ozone/integration-test/target/test-dir/MiniOzoneClusterImpl-3f855486-d891-4f73-82e2-a28b2591c95d/datanode-2/data/ratis/d1c86861-ed37-4361-953f-bd5db61a9c5f
2021-08-12 00:19:30,893 [pool-407-thread-1] INFO  server.RaftServerConfigKeys (ConfUtils.java:logGet(44)) - raft.server.log.queue.byte-limit = 2147483647 (custom)
2021-08-12 00:19:30,893 [pool-407-thread-1] INFO  server.RaftServerConfigKeys (ConfUtils.java:logGet(44)) - raft.server.log.queue.element-limit = 1024 (custom)
2021-08-12 00:19:30,894 [pool-407-thread-1] INFO  server.RaftServerConfigKeys (ConfUtils.java:logGet(44)) - raft.server.log.segment.size.max = 1048576 (custom)
2021-08-12 00:19:30,894 [pool-407-thread-1] INFO  server.RaftServerConfigKeys (ConfUtils.java:logGet(44)) - raft.server.log.preallocated.size = 16384 (custom)
2021-08-12 00:19:30,894 [pool-407-thread-1] INFO  server.RaftServerConfigKeys (ConfUtils.java:logGet(44)) - raft.server.log.force.sync.num = 128 (default)
2021-08-12 00:19:30,894 [pool-407-thread-1] INFO  server.RaftServerConfigKeys (ConfUtils.java:logGet(44)) - raft.server.log.statemachine.data.sync = true (default)
2021-08-12 00:19:30,894 [pool-407-thread-1] INFO  server.RaftServerConfigKeys (ConfUtils.java:logGet(44)) - raft.server.log.statemachine.data.sync.timeout = 10s (default)
2021-08-12 00:19:30,894 [pool-407-thread-1] INFO  server.RaftServerConfigKeys (ConfUtils.java:logGet(44)) - raft.server.log.statemachine.data.sync.timeout.retry = -1 (default)
2021-08-12 00:19:30,923 [pool-407-thread-1] INFO  server.RaftServerConfigKeys (ConfUtils.java:logGet(44)) - raft.server.log.write.buffer.size = 1048576 (custom)
2021-08-12 00:19:30,923 [pool-407-thread-1] INFO  server.RaftServerConfigKeys (ConfUtils.java:logGet(44)) - raft.server.log.statemachine.data.caching.enabled = true (custom)
2021-08-12 00:19:30,923 [pool-407-thread-1] INFO  segmented.SegmentedRaftLogWorker (SegmentedRaftLogWorker.java:lambda$new$0(133)) - 9844affe-c598-4e78-82ce-ffb4ab001b60@group-BD5DB61A9C5F-SegmentedRaftLogWorker: flushIndex: setUnconditionally 0 -> -1
2021-08-12 00:19:30,923 [pool-407-thread-1] INFO  segmented.SegmentedRaftLogWorker (SegmentedRaftLogWorker.java:lambda$new$0(133)) - 9844affe-c598-4e78-82ce-ffb4ab001b60@group-BD5DB61A9C5F-SegmentedRaftLogWorker: safeCacheEvictIndex: setUnconditionally 0 -> -1
2021-08-12 00:19:30,934 [pool-407-thread-1] INFO  server.RaftServerConfigKeys (ConfUtils.java:logGet(44)) - raft.server.snapshot.auto.trigger.enabled = true (custom)
2021-08-12 00:19:30,934 [pool-407-thread-1] INFO  server.RaftServerConfigKeys (ConfUtils.java:logGet(44)) - raft.server.snapshot.auto.trigger.threshold = 10000 (custom)
2021-08-12 00:19:30,934 [pool-407-thread-1] INFO  server.RaftServerConfigKeys (ConfUtils.java:logGet(44)) - raft.server.snapshot.retention.file.num = 5 (custom)
2021-08-12 00:19:30,934 [pool-407-thread-1] INFO  server.RaftServerConfigKeys (ConfUtils.java:logGet(44)) - raft.server.log.purge.upto.snapshot.index = false (default)
2021-08-12 00:19:30,935 [pool-407-thread-1] INFO  server.RaftServerConfigKeys (ConfUtils.java:logGet(44)) - raft.server.retrycache.expirytime = 600000ms (custom)
2021-08-12 00:19:30,935 [pool-407-thread-1] INFO  server.RaftServerConfigKeys (ConfUtils.java:logGet(44)) - raft.server.retrycache.statistics.expirytime = 100μs (default)
2021-08-12 00:19:30,936 [pool-407-thread-1] INFO  server.RaftServer$Division (RaftServerImpl.java:start(296)) - 9844affe-c598-4e78-82ce-ffb4ab001b60@group-BD5DB61A9C5F: start as a follower, conf=-1: [f396bb35-69a0-4f96-b6c4-c95f49adeaa7|rpc:10.1.0.26:37447|dataStream:|priority:1, 9844affe-c598-4e78-82ce-ffb4ab001b60|rpc:10.1.0.26:43641|dataStream:|priority:0, b066bd09-7d5e-4568-b961-feea469aecd1|rpc:10.1.0.26:41439|dataStream:|priority:0], old=null
2021-08-12 00:19:30,940 [pool-407-thread-1] INFO  server.RaftServer$Division (RaftServerImpl.java:setRole(285)) - 9844affe-c598-4e78-82ce-ffb4ab001b60@group-BD5DB61A9C5F: changes role from      null to FOLLOWER at term 0 for startAsFollower
2021-08-12 00:19:30,940 [pool-407-thread-1] INFO  impl.RoleInfo (RoleInfo.java:updateAndGet(130)) - 9844affe-c598-4e78-82ce-ffb4ab001b60: start 9844affe-c598-4e78-82ce-ffb4ab001b60@group-BD5DB61A9C5F-FollowerState
2021-08-12 00:19:30,941 [pool-407-thread-1] INFO  util.JmxRegister (JmxRegister.java:tryRegister(44)) - Successfully registered JMX Bean with object name Ratis:service=RaftServer,group=group-BD5DB61A9C5F,id=9844affe-c598-4e78-82ce-ffb4ab001b60
2021-08-12 00:19:31,003 [Command processor thread] INFO  commandhandler.CreatePipelineCommandHandler (CreatePipelineCommandHandler.java:handle(106)) - Created Pipeline RATIS THREE PipelineID=d1c86861-ed37-4361-953f-bd5db61a9c5f.
2021-08-12 00:19:31,048 [Command processor thread] INFO  commandhandler.CreatePipelineCommandHandler (CreatePipelineCommandHandler.java:handle(106)) - Created Pipeline RATIS THREE PipelineID=d1c86861-ed37-4361-953f-bd5db61a9c5f.
2021-08-12 00:19:31,057 [Listener at 127.0.0.1/37815] INFO  ozone.MiniOzoneClusterImpl (MiniOzoneClusterImpl.java:lambda$waitForClusterToBeReady$0(235)) - Nodes are ready. Got 3 of 3 DN Heartbeats.
2021-08-12 00:19:31,057 [Listener at 127.0.0.1/37815] INFO  ozone.MiniOzoneClusterImpl (MiniOzoneClusterImpl.java:lambda$waitForClusterToBeReady$0(238)) - Waiting for cluster to exit safe mode
2021-08-12 00:19:31,057 [Listener at 127.0.0.1/37815] INFO  ozone.MiniOzoneClusterImpl (MiniOzoneClusterImpl.java:lambda$waitForClusterToBeReady$0(240)) - SCM became leader
2021-08-12 00:19:31,066 [Command processor thread] INFO  server.RaftServer (RaftServerProxy.java:addNew(95)) - 9844affe-c598-4e78-82ce-ffb4ab001b60: addNew group-3379222122CC:[9844affe-c598-4e78-82ce-ffb4ab001b60|rpc:10.1.0.26:43641|priority:1] returns group-3379222122CC:java.util.concurrent.CompletableFuture@189f47b5[Not completed]
2021-08-12 00:19:31,068 [pool-407-thread-1] INFO  server.RaftServer$Division (RaftServerImpl.java:<init>(181)) - 9844affe-c598-4e78-82ce-ffb4ab001b60: new RaftServerImpl for group-3379222122CC:[9844affe-c598-4e78-82ce-ffb4ab001b60|rpc:10.1.0.26:43641|priority:1] with ContainerStateMachine:uninitialized
2021-08-12 00:19:31,068 [pool-407-thread-1] INFO  server.RaftServerConfigKeys (ConfUtils.java:logGet(44)) - raft.server.rpc.timeout.min = 5s (custom)
2021-08-12 00:19:31,068 [pool-407-thread-1] INFO  server.RaftServerConfigKeys (ConfUtils.java:logGet(44)) - raft.server.rpc.timeout.max = 5200ms (custom)
2021-08-12 00:19:31,068 [pool-407-thread-1] INFO  server.RaftServerConfigKeys (ConfUtils.java:logGet(44)) - raft.server.rpc.sleep.time = 25ms (default)
2021-08-12 00:19:31,068 [pool-407-thread-1] INFO  server.RaftServerConfigKeys (ConfUtils.java:logGet(44)) - raft.server.rpc.slowness.timeout = 300s (custom)
2021-08-12 00:19:31,068 [pool-407-thread-1] INFO  server.RaftServerConfigKeys (ConfUtils.java:logGet(44)) - raft.server.leaderelection.leader.step-down.wait-time = 10s (default)
2021-08-12 00:19:31,068 [pool-407-thread-1] INFO  server.RaftServerConfigKeys (ConfUtils.java:logGet(44)) - raft.server.sleep.deviation.threshold = 300ms (default)
2021-08-12 00:19:31,068 [pool-407-thread-1] INFO  server.RaftServerConfigKeys (ConfUtils.java:logGet(44)) - raft.server.log.appender.install.snapshot.enabled = false (custom)
2021-08-12 00:19:31,068 [pool-407-thread-1] INFO  server.RaftServer$Division (ServerState.java:<init>(105)) - 9844affe-c598-4e78-82ce-ffb4ab001b60@group-3379222122CC: ConfigurationManager, init=-1: [9844affe-c598-4e78-82ce-ffb4ab001b60|rpc:10.1.0.26:43641|priority:1], old=null, confs=<EMPTY_MAP>
2021-08-12 00:19:31,068 [pool-407-thread-1] INFO  server.RaftServerConfigKeys (ConfUtils.java:logGet(44)) - raft.server.storage.dir = [/home/runner/work/ozone/ozone/hadoop-ozone/integration-test/target/test-dir/MiniOzoneClusterImpl-3f855486-d891-4f73-82e2-a28b2591c95d/datanode-2/data/ratis] (custom)
2021-08-12 00:19:31,068 [pool-407-thread-1] INFO  server.RaftServerConfigKeys (ConfUtils.java:logGet(44)) - raft.server.log.corruption.policy = EXCEPTION (default)
2021-08-12 00:19:31,068 [pool-407-thread-1] INFO  server.RaftServerConfigKeys (ConfUtils.java:logGet(44)) - raft.server.storage.free-space.min = 0MB (=0) (default)
2021-08-12 00:19:31,069 [pool-407-thread-1] INFO  storage.RaftStorageDirectory (RaftStorageDirectoryImpl.java:analyzeStorage(135)) - The storage directory /home/runner/work/ozone/ozone/hadoop-ozone/integration-test/target/test-dir/MiniOzoneClusterImpl-3f855486-d891-4f73-82e2-a28b2591c95d/datanode-2/data/ratis/66e46046-9df7-45d5-8015-3379222122cc does not exist. Creating ...
2021-08-12 00:19:31,077 [pool-407-thread-1] INFO  storage.RaftStorageDirectory (RaftStorageDirectoryImpl.java:tryLock(230)) - Lock on /home/runner/work/ozone/ozone/hadoop-ozone/integration-test/target/test-dir/MiniOzoneClusterImpl-3f855486-d891-4f73-82e2-a28b2591c95d/datanode-2/data/ratis/66e46046-9df7-45d5-8015-3379222122cc/in_use.lock acquired by nodename 20692@fv-az122-889
2021-08-12 00:19:31,081 [pool-407-thread-1] INFO  storage.RaftStorage (RaftStorageImpl.java:format(89)) - Storage directory /home/runner/work/ozone/ozone/hadoop-ozone/integration-test/target/test-dir/MiniOzoneClusterImpl-3f855486-d891-4f73-82e2-a28b2591c95d/datanode-2/data/ratis/66e46046-9df7-45d5-8015-3379222122cc has been successfully formatted.
2021-08-12 00:19:31,082 [pool-407-thread-1] INFO  ratis.ContainerStateMachine (ContainerStateMachine.java:loadSnapshot(225)) - group-3379222122CC: The snapshot info is null. Setting the last applied indexto:(t:0, i:~)
2021-08-12 00:19:31,085 [EventQueue-PipelineReportForPipelineReportHandler] INFO  pipeline.PipelineManagerImpl (PipelineManagerImpl.java:openPipeline(283)) - Pipeline Pipeline[ Id: 66e46046-9df7-45d5-8015-3379222122cc, Nodes: 9844affe-c598-4e78-82ce-ffb4ab001b60{ip: 10.1.0.26, host: fv-az122-889.zf1tlrj3kn4expqppa1j4mpycf.xx.internal.cloudapp.net, ports: [REPLICATION=46749, RATIS=43641, RATIS_ADMIN=43641, RATIS_SERVER=43641, STANDALONE=42727], networkLocation: /default-rack, certSerialId: null, persistedOpState: IN_SERVICE, persistedOpStateExpiryEpochSec: 0}, ReplicationConfig: RATIS/ONE, State:ALLOCATED, leaderId:9844affe-c598-4e78-82ce-ffb4ab001b60, CreationTimestamp2021-08-12T00:19:28.073Z[Etc/UTC]] moved to OPEN state
2021-08-12 00:19:31,088 [EventQueue-OpenPipelineForHealthyPipelineSafeModeRule] INFO  safemode.SCMSafeModeManager (HealthyPipelineSafeModeRule.java:process(124)) - SCM in safe mode. Healthy pipelines reported count is 0, required healthy pipeline reported count is 1
2021-08-12 00:19:31,088 [pool-407-thread-1] INFO  server.RaftServerConfigKeys (ConfUtils.java:logGet(44)) - raft.server.notification.no-leader.timeout = 300s (custom)
2021-08-12 00:19:31,089 [pool-407-thread-1] INFO  server.RaftServerConfigKeys (ConfUtils.java:logGet(44)) - raft.server.log.use.memory = false (default)
2021-08-12 00:19:31,089 [pool-407-thread-1] INFO  server.RaftServerConfigKeys (ConfUtils.java:logGet(44)) - raft.server.log.purge.gap = 1000000 (custom)
2021-08-12 00:19:31,090 [pool-407-thread-1] INFO  server.RaftServerConfigKeys (ConfUtils.java:logGet(44)) - raft.server.log.appender.buffer.byte-limit = 33554432 (custom)
2021-08-12 00:19:31,090 [pool-407-thread-1] INFO  server.RaftServerConfigKeys (ConfUtils.java:logGet(44)) - raft.server.log.segment.size.max = 1048576 (custom)
2021-08-12 00:19:31,091 [pool-407-thread-1] INFO  server.RaftServerConfigKeys (ConfUtils.java:logGet(44)) - raft.server.log.segment.cache.num.max = 2 (custom)
2021-08-12 00:19:31,091 [pool-407-thread-1] INFO  server.RaftServerConfigKeys (ConfUtils.java:logGet(44)) - raft.server.log.segment.cache.size.max = 200MB (=209715200) (default)
2021-08-12 00:19:31,091 [pool-407-thread-1] INFO  segmented.SegmentedRaftLogWorker (SegmentedRaftLogWorker.java:<init>(182)) - new 9844affe-c598-4e78-82ce-ffb4ab001b60@group-3379222122CC-SegmentedRaftLogWorker for RaftStorageImpl:Storage Directory /home/runner/work/ozone/ozone/hadoop-ozone/integration-test/target/test-dir/MiniOzoneClusterImpl-3f855486-d891-4f73-82e2-a28b2591c95d/datanode-2/data/ratis/66e46046-9df7-45d5-8015-3379222122cc
2021-08-12 00:19:31,091 [pool-407-thread-1] INFO  server.RaftServerConfigKeys (ConfUtils.java:logGet(44)) - raft.server.log.queue.byte-limit = 2147483647 (custom)
2021-08-12 00:19:31,091 [pool-407-thread-1] INFO  server.RaftServerConfigKeys (ConfUtils.java:logGet(44)) - raft.server.log.queue.element-limit = 1024 (custom)
2021-08-12 00:19:31,092 [pool-407-thread-1] INFO  server.RaftServerConfigKeys (ConfUtils.java:logGet(44)) - raft.server.log.segment.size.max = 1048576 (custom)
2021-08-12 00:19:31,092 [pool-407-thread-1] INFO  server.RaftServerConfigKeys (ConfUtils.java:logGet(44)) - raft.server.log.preallocated.size = 16384 (custom)
2021-08-12 00:19:31,092 [pool-407-thread-1] INFO  server.RaftServerConfigKeys (ConfUtils.java:logGet(44)) - raft.server.log.force.sync.num = 128 (default)
2021-08-12 00:19:31,092 [pool-407-thread-1] INFO  server.RaftServerConfigKeys (ConfUtils.java:logGet(44)) - raft.server.log.statemachine.data.sync = true (default)
2021-08-12 00:19:31,092 [pool-407-thread-1] INFO  server.RaftServerConfigKeys (ConfUtils.java:logGet(44)) - raft.server.log.statemachine.data.sync.timeout = 10s (default)
2021-08-12 00:19:31,092 [pool-407-thread-1] INFO  server.RaftServerConfigKeys (ConfUtils.java:logGet(44)) - raft.server.log.statemachine.data.sync.timeout.retry = -1 (default)
2021-08-12 00:19:31,093 [pool-407-thread-1] INFO  server.RaftServerConfigKeys (ConfUtils.java:logGet(44)) - raft.server.log.write.buffer.size = 1048576 (custom)
2021-08-12 00:19:31,093 [pool-407-thread-1] INFO  server.RaftServerConfigKeys (ConfUtils.java:logGet(44)) - raft.server.log.statemachine.data.caching.enabled = true (custom)
2021-08-12 00:19:31,094 [pool-407-thread-1] INFO  segmented.SegmentedRaftLogWorker (SegmentedRaftLogWorker.java:lambda$new$0(133)) - 9844affe-c598-4e78-82ce-ffb4ab001b60@group-3379222122CC-SegmentedRaftLogWorker: flushIndex: setUnconditionally 0 -> -1
2021-08-12 00:19:31,094 [pool-407-thread-1] INFO  segmented.SegmentedRaftLogWorker (SegmentedRaftLogWorker.java:lambda$new$0(133)) - 9844affe-c598-4e78-82ce-ffb4ab001b60@group-3379222122CC-SegmentedRaftLogWorker: safeCacheEvictIndex: setUnconditionally 0 -> -1
2021-08-12 00:19:31,096 [pool-407-thread-1] INFO  server.RaftServerConfigKeys (ConfUtils.java:logGet(44)) - raft.server.snapshot.auto.trigger.enabled = true (custom)
2021-08-12 00:19:31,096 [pool-407-thread-1] INFO  server.RaftServerConfigKeys (ConfUtils.java:logGet(44)) - raft.server.snapshot.auto.trigger.threshold = 10000 (custom)
2021-08-12 00:19:31,096 [pool-407-thread-1] INFO  server.RaftServerConfigKeys (ConfUtils.java:logGet(44)) - raft.server.snapshot.retention.file.num = 5 (custom)
2021-08-12 00:19:31,096 [pool-407-thread-1] INFO  server.RaftServerConfigKeys (ConfUtils.java:logGet(44)) - raft.server.log.purge.upto.snapshot.index = false (default)
2021-08-12 00:19:31,096 [pool-407-thread-1] INFO  server.RaftServerConfigKeys (ConfUtils.java:logGet(44)) - raft.server.retrycache.expirytime = 600000ms (custom)
2021-08-12 00:19:31,096 [pool-407-thread-1] INFO  server.RaftServerConfigKeys (ConfUtils.java:logGet(44)) - raft.server.retrycache.statistics.expirytime = 100μs (default)
2021-08-12 00:19:31,097 [pool-407-thread-1] INFO  server.RaftServer$Division (RaftServerImpl.java:start(296)) - 9844affe-c598-4e78-82ce-ffb4ab001b60@group-3379222122CC: start as a follower, conf=-1: [9844affe-c598-4e78-82ce-ffb4ab001b60|rpc:10.1.0.26:43641|priority:1], old=null
2021-08-12 00:19:31,098 [pool-407-thread-1] INFO  server.RaftServer$Division (RaftServerImpl.java:setRole(285)) - 9844affe-c598-4e78-82ce-ffb4ab001b60@group-3379222122CC: changes role from      null to FOLLOWER at term 0 for startAsFollower
2021-08-12 00:19:31,098 [pool-407-thread-1] INFO  impl.RoleInfo (RoleInfo.java:updateAndGet(130)) - 9844affe-c598-4e78-82ce-ffb4ab001b60: start 9844affe-c598-4e78-82ce-ffb4ab001b60@group-3379222122CC-FollowerState
2021-08-12 00:19:31,119 [pool-407-thread-1] INFO  util.JmxRegister (JmxRegister.java:tryRegister(44)) - Successfully registered JMX Bean with object name Ratis:service=RaftServer,group=group-3379222122CC,id=9844affe-c598-4e78-82ce-ffb4ab001b60
2021-08-12 00:19:31,121 [Command processor thread] INFO  ratis.XceiverServerRatis (XceiverServerRatis.java:addGroup(763)) - Created group PipelineID=66e46046-9df7-45d5-8015-3379222122cc
2021-08-12 00:19:31,121 [Command processor thread] INFO  commandhandler.CreatePipelineCommandHandler (CreatePipelineCommandHandler.java:handle(106)) - Created Pipeline RATIS ONE PipelineID=66e46046-9df7-45d5-8015-3379222122cc.
2021-08-12 00:19:32,058 [Listener at 127.0.0.1/37815] INFO  ozone.MiniOzoneClusterImpl (MiniOzoneClusterImpl.java:lambda$waitForClusterToBeReady$0(235)) - Nodes are ready. Got 3 of 3 DN Heartbeats.
2021-08-12 00:19:32,058 [Listener at 127.0.0.1/37815] INFO  ozone.MiniOzoneClusterImpl (MiniOzoneClusterImpl.java:lambda$waitForClusterToBeReady$0(238)) - Waiting for cluster to exit safe mode
2021-08-12 00:19:32,058 [Listener at 127.0.0.1/37815] INFO  ozone.MiniOzoneClusterImpl (MiniOzoneClusterImpl.java:lambda$waitForClusterToBeReady$0(240)) - SCM became leader
2021-08-12 00:19:33,058 [Listener at 127.0.0.1/37815] INFO  ozone.MiniOzoneClusterImpl (MiniOzoneClusterImpl.java:lambda$waitForClusterToBeReady$0(235)) - Nodes are ready. Got 3 of 3 DN Heartbeats.
2021-08-12 00:19:33,058 [Listener at 127.0.0.1/37815] INFO  ozone.MiniOzoneClusterImpl (MiniOzoneClusterImpl.java:lambda$waitForClusterToBeReady$0(238)) - Waiting for cluster to exit safe mode
2021-08-12 00:19:33,058 [Listener at 127.0.0.1/37815] INFO  ozone.MiniOzoneClusterImpl (MiniOzoneClusterImpl.java:lambda$waitForClusterToBeReady$0(240)) - SCM became leader
2021-08-12 00:19:34,059 [Listener at 127.0.0.1/37815] INFO  ozone.MiniOzoneClusterImpl (MiniOzoneClusterImpl.java:lambda$waitForClusterToBeReady$0(235)) - Nodes are ready. Got 3 of 3 DN Heartbeats.
2021-08-12 00:19:34,059 [Listener at 127.0.0.1/37815] INFO  ozone.MiniOzoneClusterImpl (MiniOzoneClusterImpl.java:lambda$waitForClusterToBeReady$0(238)) - Waiting for cluster to exit safe mode
2021-08-12 00:19:34,059 [Listener at 127.0.0.1/37815] INFO  ozone.MiniOzoneClusterImpl (MiniOzoneClusterImpl.java:lambda$waitForClusterToBeReady$0(240)) - SCM became leader
2021-08-12 00:19:35,059 [Listener at 127.0.0.1/37815] INFO  ozone.MiniOzoneClusterImpl (MiniOzoneClusterImpl.java:lambda$waitForClusterToBeReady$0(235)) - Nodes are ready. Got 3 of 3 DN Heartbeats.
2021-08-12 00:19:35,059 [Listener at 127.0.0.1/37815] INFO  ozone.MiniOzoneClusterImpl (MiniOzoneClusterImpl.java:lambda$waitForClusterToBeReady$0(238)) - Waiting for cluster to exit safe mode
2021-08-12 00:19:35,059 [Listener at 127.0.0.1/37815] INFO  ozone.MiniOzoneClusterImpl (MiniOzoneClusterImpl.java:lambda$waitForClusterToBeReady$0(240)) - SCM became leader
2021-08-12 00:19:35,542 [f396bb35-69a0-4f96-b6c4-c95f49adeaa7@group-4038B9FFBA50-FollowerState] INFO  impl.FollowerState (FollowerState.java:run(134)) - f396bb35-69a0-4f96-b6c4-c95f49adeaa7@group-4038B9FFBA50-FollowerState: change to CANDIDATE, lastRpcElapsedTime:5016973391ns, electionTimeout:5016ms
2021-08-12 00:19:35,542 [f396bb35-69a0-4f96-b6c4-c95f49adeaa7@group-4038B9FFBA50-FollowerState] INFO  impl.RoleInfo (RoleInfo.java:shutdownFollowerState(108)) - f396bb35-69a0-4f96-b6c4-c95f49adeaa7: shutdown f396bb35-69a0-4f96-b6c4-c95f49adeaa7@group-4038B9FFBA50-FollowerState
2021-08-12 00:19:35,542 [f396bb35-69a0-4f96-b6c4-c95f49adeaa7@group-4038B9FFBA50-FollowerState] INFO  server.RaftServer$Division (RaftServerImpl.java:setRole(285)) - f396bb35-69a0-4f96-b6c4-c95f49adeaa7@group-4038B9FFBA50: changes role from  FOLLOWER to CANDIDATE at term 0 for changeToCandidate
2021-08-12 00:19:35,543 [f396bb35-69a0-4f96-b6c4-c95f49adeaa7@group-4038B9FFBA50-FollowerState] INFO  server.RaftServerConfigKeys (ConfUtils.java:logGet(44)) - raft.server.leaderelection.pre-vote = false (custom)
2021-08-12 00:19:35,544 [f396bb35-69a0-4f96-b6c4-c95f49adeaa7@group-4038B9FFBA50-FollowerState] INFO  impl.RoleInfo (RoleInfo.java:updateAndGet(130)) - f396bb35-69a0-4f96-b6c4-c95f49adeaa7: start f396bb35-69a0-4f96-b6c4-c95f49adeaa7@group-4038B9FFBA50-LeaderElection41
2021-08-12 00:19:35,583 [f396bb35-69a0-4f96-b6c4-c95f49adeaa7@group-4038B9FFBA50-LeaderElection41] INFO  impl.LeaderElection (LeaderElection.java:askForVotes(306)) - f396bb35-69a0-4f96-b6c4-c95f49adeaa7@group-4038B9FFBA50-LeaderElection41 ELECTION round 0: submit vote requests at term 1 for -1: [f396bb35-69a0-4f96-b6c4-c95f49adeaa7|rpc:10.1.0.26:37447|priority:1], old=null
2021-08-12 00:19:35,583 [f396bb35-69a0-4f96-b6c4-c95f49adeaa7@group-4038B9FFBA50-LeaderElection41] INFO  impl.LeaderElection (LeaderElection.java:askForVotes(308)) - f396bb35-69a0-4f96-b6c4-c95f49adeaa7@group-4038B9FFBA50-LeaderElection41 ELECTION round 0: result PASSED (term=1)
2021-08-12 00:19:35,583 [f396bb35-69a0-4f96-b6c4-c95f49adeaa7@group-4038B9FFBA50-LeaderElection41] INFO  impl.RoleInfo (RoleInfo.java:shutdownLeaderElection(121)) - f396bb35-69a0-4f96-b6c4-c95f49adeaa7: shutdown f396bb35-69a0-4f96-b6c4-c95f49adeaa7@group-4038B9FFBA50-LeaderElection41
2021-08-12 00:19:35,583 [f396bb35-69a0-4f96-b6c4-c95f49adeaa7@group-4038B9FFBA50-LeaderElection41] INFO  server.RaftServer$Division (RaftServerImpl.java:setRole(285)) - f396bb35-69a0-4f96-b6c4-c95f49adeaa7@group-4038B9FFBA50: changes role from CANDIDATE to LEADER at term 1 for changeToLeader
2021-08-12 00:19:35,583 [f396bb35-69a0-4f96-b6c4-c95f49adeaa7@group-4038B9FFBA50-LeaderElection41] INFO  ratis.XceiverServerRatis (XceiverServerRatis.java:handleLeaderChangedNotification(861)) - Leader change notification received for group: group-4038B9FFBA50 with new leaderId: f396bb35-69a0-4f96-b6c4-c95f49adeaa7
2021-08-12 00:19:35,583 [f396bb35-69a0-4f96-b6c4-c95f49adeaa7@group-4038B9FFBA50-LeaderElection41] INFO  server.RaftServer$Division (ServerState.java:setLeader(285)) - f396bb35-69a0-4f96-b6c4-c95f49adeaa7@group-4038B9FFBA50: change Leader from null to f396bb35-69a0-4f96-b6c4-c95f49adeaa7 at term 1 for becomeLeader, leader elected after 5099ms
2021-08-12 00:19:35,584 [f396bb35-69a0-4f96-b6c4-c95f49adeaa7@group-4038B9FFBA50-LeaderElection41] INFO  server.RaftServerConfigKeys (ConfUtils.java:logGet(44)) - raft.server.staging.catchup.gap = 1000 (default)
2021-08-12 00:19:35,584 [f396bb35-69a0-4f96-b6c4-c95f49adeaa7@group-4038B9FFBA50-LeaderElection41] INFO  server.RaftServerConfigKeys (ConfUtils.java:logGet(44)) - raft.server.write.element-limit = 1024 (custom)
2021-08-12 00:19:35,584 [f396bb35-69a0-4f96-b6c4-c95f49adeaa7@group-4038B9FFBA50-LeaderElection41] INFO  server.RaftServerConfigKeys (ConfUtils.java:logGet(44)) - raft.server.write.byte-limit = 1024 M (=1073741824) (custom)
2021-08-12 00:19:35,585 [f396bb35-69a0-4f96-b6c4-c95f49adeaa7@group-4038B9FFBA50-LeaderElection41] INFO  server.RaftServerConfigKeys (ConfUtils.java:logGet(44)) - raft.server.watch.timeout = 180s (custom)
2021-08-12 00:19:35,585 [f396bb35-69a0-4f96-b6c4-c95f49adeaa7@group-4038B9FFBA50-LeaderElection41] INFO  server.RaftServerConfigKeys (ConfUtils.java:logGet(44)) - raft.server.watch.timeout.denomination = 1s (default)
2021-08-12 00:19:35,585 [f396bb35-69a0-4f96-b6c4-c95f49adeaa7@group-4038B9FFBA50-LeaderElection41] INFO  server.RaftServerConfigKeys (ConfUtils.java:logGet(44)) - raft.server.watch.element-limit = 65536 (default)
2021-08-12 00:19:35,585 [f396bb35-69a0-4f96-b6c4-c95f49adeaa7@group-4038B9FFBA50-LeaderElection41] INFO  impl.RoleInfo (RoleInfo.java:updateAndGet(130)) - f396bb35-69a0-4f96-b6c4-c95f49adeaa7: start f396bb35-69a0-4f96-b6c4-c95f49adeaa7@group-4038B9FFBA50-LeaderStateImpl
2021-08-12 00:19:35,585 [f396bb35-69a0-4f96-b6c4-c95f49adeaa7@group-4038B9FFBA50-LeaderElection41] INFO  segmented.SegmentedRaftLogWorker (SegmentedRaftLogWorker.java:startLogSegment(394)) - f396bb35-69a0-4f96-b6c4-c95f49adeaa7@group-4038B9FFBA50-SegmentedRaftLogWorker: Starting segment from index:0
2021-08-12 00:19:35,587 [f396bb35-69a0-4f96-b6c4-c95f49adeaa7@group-4038B9FFBA50-SegmentedRaftLogWorker] INFO  segmented.SegmentedRaftLogWorker (SegmentedRaftLogWorker.java:execute(601)) - f396bb35-69a0-4f96-b6c4-c95f49adeaa7@group-4038B9FFBA50-SegmentedRaftLogWorker: created new log segment /home/runner/work/ozone/ozone/hadoop-ozone/integration-test/target/test-dir/MiniOzoneClusterImpl-3f855486-d891-4f73-82e2-a28b2591c95d/datanode-0/data/ratis/2585efa8-ba14-41b5-9af7-4038b9ffba50/current/log_inprogress_0
2021-08-12 00:19:35,590 [EventQueue-OpenPipelineForHealthyPipelineSafeModeRule] INFO  safemode.SCMSafeModeManager (HealthyPipelineSafeModeRule.java:process(124)) - SCM in safe mode. Healthy pipelines reported count is 0, required healthy pipeline reported count is 1
2021-08-12 00:19:35,598 [f396bb35-69a0-4f96-b6c4-c95f49adeaa7@group-4038B9FFBA50-LeaderElection41] INFO  server.RaftServer$Division (ServerState.java:setRaftConf(387)) - f396bb35-69a0-4f96-b6c4-c95f49adeaa7@group-4038B9FFBA50: set configuration 0: [f396bb35-69a0-4f96-b6c4-c95f49adeaa7|rpc:10.1.0.26:37447|dataStream:|priority:1], old=null
2021-08-12 00:19:35,605 [f396bb35-69a0-4f96-b6c4-c95f49adeaa7@group-9F4148ED38EC-FollowerState] INFO  impl.FollowerState (FollowerState.java:run(134)) - f396bb35-69a0-4f96-b6c4-c95f49adeaa7@group-9F4148ED38EC-FollowerState: change to CANDIDATE, lastRpcElapsedTime:5062732904ns, electionTimeout:5038ms
2021-08-12 00:19:35,605 [f396bb35-69a0-4f96-b6c4-c95f49adeaa7@group-9F4148ED38EC-FollowerState] INFO  impl.RoleInfo (RoleInfo.java:shutdownFollowerState(108)) - f396bb35-69a0-4f96-b6c4-c95f49adeaa7: shutdown f396bb35-69a0-4f96-b6c4-c95f49adeaa7@group-9F4148ED38EC-FollowerState
2021-08-12 00:19:35,605 [f396bb35-69a0-4f96-b6c4-c95f49adeaa7@group-9F4148ED38EC-FollowerState] INFO  server.RaftServer$Division (RaftServerImpl.java:setRole(285)) - f396bb35-69a0-4f96-b6c4-c95f49adeaa7@group-9F4148ED38EC: changes role from  FOLLOWER to CANDIDATE at term 0 for changeToCandidate
2021-08-12 00:19:35,606 [f396bb35-69a0-4f96-b6c4-c95f49adeaa7@group-9F4148ED38EC-FollowerState] INFO  server.RaftServerConfigKeys (ConfUtils.java:logGet(44)) - raft.server.leaderelection.pre-vote = false (custom)
2021-08-12 00:19:35,606 [f396bb35-69a0-4f96-b6c4-c95f49adeaa7@group-9F4148ED38EC-FollowerState] INFO  impl.RoleInfo (RoleInfo.java:updateAndGet(130)) - f396bb35-69a0-4f96-b6c4-c95f49adeaa7: start f396bb35-69a0-4f96-b6c4-c95f49adeaa7@group-9F4148ED38EC-LeaderElection42
2021-08-12 00:19:35,619 [f396bb35-69a0-4f96-b6c4-c95f49adeaa7@group-9F4148ED38EC-LeaderElection42] INFO  impl.LeaderElection (LeaderElection.java:askForVotes(306)) - f396bb35-69a0-4f96-b6c4-c95f49adeaa7@group-9F4148ED38EC-LeaderElection42 ELECTION round 0: submit vote requests at term 1 for -1: [f396bb35-69a0-4f96-b6c4-c95f49adeaa7|rpc:10.1.0.26:37447|priority:0, b066bd09-7d5e-4568-b961-feea469aecd1|rpc:10.1.0.26:41439|priority:0, 9844affe-c598-4e78-82ce-ffb4ab001b60|rpc:10.1.0.26:43641|priority:1], old=null
2021-08-12 00:19:35,647 [grpc-default-executor-0] INFO  server.RaftServer$Division (RaftServerImpl.java:requestVote(1043)) - b066bd09-7d5e-4568-b961-feea469aecd1@group-9F4148ED38EC: receive requestVote(ELECTION, f396bb35-69a0-4f96-b6c4-c95f49adeaa7, group-9F4148ED38EC, 1, (t:0, i:0))
2021-08-12 00:19:35,647 [grpc-default-executor-0] INFO  impl.VoteContext (VoteContext.java:log(48)) - b066bd09-7d5e-4568-b961-feea469aecd1@group-9F4148ED38EC-FOLLOWER: accept ELECTION from f396bb35-69a0-4f96-b6c4-c95f49adeaa7: our priority 0 <= candidate's priority 0
2021-08-12 00:19:35,647 [grpc-default-executor-0] INFO  server.RaftServer$Division (RaftServerImpl.java:setRole(285)) - b066bd09-7d5e-4568-b961-feea469aecd1@group-9F4148ED38EC: changes role from  FOLLOWER to FOLLOWER at term 1 for candidate:f396bb35-69a0-4f96-b6c4-c95f49adeaa7
2021-08-12 00:19:35,647 [grpc-default-executor-0] INFO  impl.RoleInfo (RoleInfo.java:shutdownFollowerState(108)) - b066bd09-7d5e-4568-b961-feea469aecd1: shutdown b066bd09-7d5e-4568-b961-feea469aecd1@group-9F4148ED38EC-FollowerState
2021-08-12 00:19:35,647 [grpc-default-executor-0] INFO  impl.RoleInfo (RoleInfo.java:updateAndGet(130)) - b066bd09-7d5e-4568-b961-feea469aecd1: start b066bd09-7d5e-4568-b961-feea469aecd1@group-9F4148ED38EC-FollowerState
2021-08-12 00:19:35,647 [b066bd09-7d5e-4568-b961-feea469aecd1@group-9F4148ED38EC-FollowerState] INFO  impl.FollowerState (FollowerState.java:run(143)) - b066bd09-7d5e-4568-b961-feea469aecd1@group-9F4148ED38EC-FollowerState was interrupted: {}
java.lang.InterruptedException: sleep interrupted
	at java.lang.Thread.sleep(Native Method)
	at java.lang.Thread.sleep(Thread.java:340)
	at java.util.concurrent.TimeUnit.sleep(TimeUnit.java:386)
	at org.apache.ratis.util.TimeDuration.sleep(TimeDuration.java:324)
	at org.apache.ratis.util.TimeDuration.sleep(TimeDuration.java:309)
	at org.apache.ratis.server.impl.FollowerState.run(FollowerState.java:118)
2021-08-12 00:19:35,663 [grpc-default-executor-0] INFO  server.RaftServer$Division (RaftServerImpl.java:requestVote(1075)) - b066bd09-7d5e-4568-b961-feea469aecd1@group-9F4148ED38EC replies to ELECTION vote request: f396bb35-69a0-4f96-b6c4-c95f49adeaa7<-b066bd09-7d5e-4568-b961-feea469aecd1#0:OK-t1. Peer's state: b066bd09-7d5e-4568-b961-feea469aecd1@group-9F4148ED38EC:t1, leader=null, voted=f396bb35-69a0-4f96-b6c4-c95f49adeaa7, raftlog=b066bd09-7d5e-4568-b961-feea469aecd1@group-9F4148ED38EC-SegmentedRaftLog:OPENED:c-1,f-1,i0, conf=-1: [f396bb35-69a0-4f96-b6c4-c95f49adeaa7|rpc:10.1.0.26:37447|dataStream:|priority:0, b066bd09-7d5e-4568-b961-feea469aecd1|rpc:10.1.0.26:41439|dataStream:|priority:0, 9844affe-c598-4e78-82ce-ffb4ab001b60|rpc:10.1.0.26:43641|dataStream:|priority:1], old=null
2021-08-12 00:19:35,672 [grpc-default-executor-0] INFO  server.RaftServer$Division (RaftServerImpl.java:requestVote(1043)) - 9844affe-c598-4e78-82ce-ffb4ab001b60@group-9F4148ED38EC: receive requestVote(ELECTION, f396bb35-69a0-4f96-b6c4-c95f49adeaa7, group-9F4148ED38EC, 1, (t:0, i:0))
2021-08-12 00:19:35,673 [grpc-default-executor-0] INFO  impl.VoteContext (VoteContext.java:log(48)) - 9844affe-c598-4e78-82ce-ffb4ab001b60@group-9F4148ED38EC-FOLLOWER: reject ELECTION from f396bb35-69a0-4f96-b6c4-c95f49adeaa7: our priority 1 > candidate's priority 0
2021-08-12 00:19:35,678 [grpc-default-executor-0] INFO  server.RaftServer$Division (RaftServerImpl.java:setRole(285)) - 9844affe-c598-4e78-82ce-ffb4ab001b60@group-9F4148ED38EC: changes role from  FOLLOWER to FOLLOWER at term 1 for candidate:f396bb35-69a0-4f96-b6c4-c95f49adeaa7
2021-08-12 00:19:35,678 [grpc-default-executor-0] INFO  impl.RoleInfo (RoleInfo.java:shutdownFollowerState(108)) - 9844affe-c598-4e78-82ce-ffb4ab001b60: shutdown 9844affe-c598-4e78-82ce-ffb4ab001b60@group-9F4148ED38EC-FollowerState
2021-08-12 00:19:35,678 [grpc-default-executor-0] INFO  impl.RoleInfo (RoleInfo.java:updateAndGet(130)) - 9844affe-c598-4e78-82ce-ffb4ab001b60: start 9844affe-c598-4e78-82ce-ffb4ab001b60@group-9F4148ED38EC-FollowerState
2021-08-12 00:19:35,678 [9844affe-c598-4e78-82ce-ffb4ab001b60@group-9F4148ED38EC-FollowerState] INFO  impl.FollowerState (FollowerState.java:run(143)) - 9844affe-c598-4e78-82ce-ffb4ab001b60@group-9F4148ED38EC-FollowerState was interrupted: {}
java.lang.InterruptedException: sleep interrupted
	at java.lang.Thread.sleep(Native Method)
	at java.lang.Thread.sleep(Thread.java:340)
	at java.util.concurrent.TimeUnit.sleep(TimeUnit.java:386)
	at org.apache.ratis.util.TimeDuration.sleep(TimeDuration.java:324)
	at org.apache.ratis.util.TimeDuration.sleep(TimeDuration.java:309)
	at org.apache.ratis.server.impl.FollowerState.run(FollowerState.java:118)
2021-08-12 00:19:35,685 [grpc-default-executor-0] INFO  server.RaftServer$Division (RaftServerImpl.java:requestVote(1075)) - 9844affe-c598-4e78-82ce-ffb4ab001b60@group-9F4148ED38EC replies to ELECTION vote request: f396bb35-69a0-4f96-b6c4-c95f49adeaa7<-9844affe-c598-4e78-82ce-ffb4ab001b60#0:FAIL-t1. Peer's state: 9844affe-c598-4e78-82ce-ffb4ab001b60@group-9F4148ED38EC:t1, leader=null, voted=null, raftlog=9844affe-c598-4e78-82ce-ffb4ab001b60@group-9F4148ED38EC-SegmentedRaftLog:OPENED:c-1,f-1,i0, conf=-1: [f396bb35-69a0-4f96-b6c4-c95f49adeaa7|rpc:10.1.0.26:37447|dataStream:|priority:0, b066bd09-7d5e-4568-b961-feea469aecd1|rpc:10.1.0.26:41439|dataStream:|priority:0, 9844affe-c598-4e78-82ce-ffb4ab001b60|rpc:10.1.0.26:43641|dataStream:|priority:1], old=null
2021-08-12 00:19:35,686 [f396bb35-69a0-4f96-b6c4-c95f49adeaa7@group-9F4148ED38EC-LeaderElection42] INFO  impl.LeaderElection (LeaderElection.java:logAndReturn(89)) - f396bb35-69a0-4f96-b6c4-c95f49adeaa7@group-9F4148ED38EC-LeaderElection42: ELECTION REJECTED received 2 response(s) and 0 exception(s):
2021-08-12 00:19:35,687 [f396bb35-69a0-4f96-b6c4-c95f49adeaa7@group-9F4148ED38EC-LeaderElection42] INFO  impl.LeaderElection (LeaderElection.java:logAndReturn(93)) -   Response 0: f396bb35-69a0-4f96-b6c4-c95f49adeaa7<-b066bd09-7d5e-4568-b961-feea469aecd1#0:OK-t1
2021-08-12 00:19:35,687 [f396bb35-69a0-4f96-b6c4-c95f49adeaa7@group-9F4148ED38EC-LeaderElection42] INFO  impl.LeaderElection (LeaderElection.java:logAndReturn(93)) -   Response 1: f396bb35-69a0-4f96-b6c4-c95f49adeaa7<-9844affe-c598-4e78-82ce-ffb4ab001b60#0:FAIL-t1
2021-08-12 00:19:35,687 [f396bb35-69a0-4f96-b6c4-c95f49adeaa7@group-9F4148ED38EC-LeaderElection42] INFO  impl.LeaderElection (LeaderElection.java:askForVotes(308)) - f396bb35-69a0-4f96-b6c4-c95f49adeaa7@group-9F4148ED38EC-LeaderElection42 ELECTION round 0: result REJECTED
2021-08-12 00:19:35,687 [f396bb35-69a0-4f96-b6c4-c95f49adeaa7@group-9F4148ED38EC-LeaderElection42] INFO  server.RaftServer$Division (RaftServerImpl.java:setRole(285)) - f396bb35-69a0-4f96-b6c4-c95f49adeaa7@group-9F4148ED38EC: changes role from CANDIDATE to FOLLOWER at term 1 for REJECTED
2021-08-12 00:19:35,687 [f396bb35-69a0-4f96-b6c4-c95f49adeaa7@group-9F4148ED38EC-LeaderElection42] INFO  impl.RoleInfo (RoleInfo.java:shutdownLeaderElection(121)) - f396bb35-69a0-4f96-b6c4-c95f49adeaa7: shutdown f396bb35-69a0-4f96-b6c4-c95f49adeaa7@group-9F4148ED38EC-LeaderElection42
2021-08-12 00:19:35,687 [f396bb35-69a0-4f96-b6c4-c95f49adeaa7@group-9F4148ED38EC-LeaderElection42] INFO  impl.RoleInfo (RoleInfo.java:updateAndGet(130)) - f396bb35-69a0-4f96-b6c4-c95f49adeaa7: start f396bb35-69a0-4f96-b6c4-c95f49adeaa7@group-9F4148ED38EC-FollowerState
2021-08-12 00:19:35,946 [b066bd09-7d5e-4568-b961-feea469aecd1@group-BD5DB61A9C5F-FollowerState] INFO  impl.FollowerState (FollowerState.java:run(134)) - b066bd09-7d5e-4568-b961-feea469aecd1@group-BD5DB61A9C5F-FollowerState: change to CANDIDATE, lastRpcElapsedTime:5113938042ns, electionTimeout:5097ms
2021-08-12 00:19:35,946 [b066bd09-7d5e-4568-b961-feea469aecd1@group-BD5DB61A9C5F-FollowerState] INFO  impl.RoleInfo (RoleInfo.java:shutdownFollowerState(108)) - b066bd09-7d5e-4568-b961-feea469aecd1: shutdown b066bd09-7d5e-4568-b961-feea469aecd1@group-BD5DB61A9C5F-FollowerState
2021-08-12 00:19:35,946 [b066bd09-7d5e-4568-b961-feea469aecd1@group-BD5DB61A9C5F-FollowerState] INFO  server.RaftServer$Division (RaftServerImpl.java:setRole(285)) - b066bd09-7d5e-4568-b961-feea469aecd1@group-BD5DB61A9C5F: changes role from  FOLLOWER to CANDIDATE at term 0 for changeToCandidate
2021-08-12 00:19:35,948 [b066bd09-7d5e-4568-b961-feea469aecd1@group-BD5DB61A9C5F-FollowerState] INFO  server.RaftServerConfigKeys (ConfUtils.java:logGet(44)) - raft.server.leaderelection.pre-vote = false (custom)
2021-08-12 00:19:35,948 [b066bd09-7d5e-4568-b961-feea469aecd1@group-BD5DB61A9C5F-FollowerState] INFO  impl.RoleInfo (RoleInfo.java:updateAndGet(130)) - b066bd09-7d5e-4568-b961-feea469aecd1: start b066bd09-7d5e-4568-b961-feea469aecd1@group-BD5DB61A9C5F-LeaderElection43
2021-08-12 00:19:35,952 [9844affe-c598-4e78-82ce-ffb4ab001b60@group-BD5DB61A9C5F-FollowerState] INFO  impl.FollowerState (FollowerState.java:run(134)) - 9844affe-c598-4e78-82ce-ffb4ab001b60@group-BD5DB61A9C5F-FollowerState: change to CANDIDATE, lastRpcElapsedTime:5011831364ns, electionTimeout:5003ms
2021-08-12 00:19:35,952 [9844affe-c598-4e78-82ce-ffb4ab001b60@group-BD5DB61A9C5F-FollowerState] INFO  impl.RoleInfo (RoleInfo.java:shutdownFollowerState(108)) - 9844affe-c598-4e78-82ce-ffb4ab001b60: shutdown 9844affe-c598-4e78-82ce-ffb4ab001b60@group-BD5DB61A9C5F-FollowerState
2021-08-12 00:19:35,952 [9844affe-c598-4e78-82ce-ffb4ab001b60@group-BD5DB61A9C5F-FollowerState] INFO  server.RaftServer$Division (RaftServerImpl.java:setRole(285)) - 9844affe-c598-4e78-82ce-ffb4ab001b60@group-BD5DB61A9C5F: changes role from  FOLLOWER to CANDIDATE at term 0 for changeToCandidate
2021-08-12 00:19:35,952 [9844affe-c598-4e78-82ce-ffb4ab001b60@group-BD5DB61A9C5F-FollowerState] INFO  server.RaftServerConfigKeys (ConfUtils.java:logGet(44)) - raft.server.leaderelection.pre-vote = false (custom)
2021-08-12 00:19:35,963 [9844affe-c598-4e78-82ce-ffb4ab001b60@group-BD5DB61A9C5F-FollowerState] INFO  impl.RoleInfo (RoleInfo.java:updateAndGet(130)) - 9844affe-c598-4e78-82ce-ffb4ab001b60: start 9844affe-c598-4e78-82ce-ffb4ab001b60@group-BD5DB61A9C5F-LeaderElection44
2021-08-12 00:19:35,956 [b066bd09-7d5e-4568-b961-feea469aecd1@group-B7F896E5164C-FollowerState] INFO  impl.FollowerState (FollowerState.java:run(134)) - b066bd09-7d5e-4568-b961-feea469aecd1@group-B7F896E5164C-FollowerState: change to CANDIDATE, lastRpcElapsedTime:5201300352ns, electionTimeout:5158ms
2021-08-12 00:19:35,963 [b066bd09-7d5e-4568-b961-feea469aecd1@group-B7F896E5164C-FollowerState] INFO  impl.RoleInfo (RoleInfo.java:shutdownFollowerState(108)) - b066bd09-7d5e-4568-b961-feea469aecd1: shutdown b066bd09-7d5e-4568-b961-feea469aecd1@group-B7F896E5164C-FollowerState
2021-08-12 00:19:35,963 [b066bd09-7d5e-4568-b961-feea469aecd1@group-B7F896E5164C-FollowerState] INFO  server.RaftServer$Division (RaftServerImpl.java:setRole(285)) - b066bd09-7d5e-4568-b961-feea469aecd1@group-B7F896E5164C: changes role from  FOLLOWER to CANDIDATE at term 0 for changeToCandidate
2021-08-12 00:19:35,970 [b066bd09-7d5e-4568-b961-feea469aecd1@group-B7F896E5164C-FollowerState] INFO  server.RaftServerConfigKeys (ConfUtils.java:logGet(44)) - raft.server.leaderelection.pre-vote = false (custom)
2021-08-12 00:19:35,970 [b066bd09-7d5e-4568-b961-feea469aecd1@group-B7F896E5164C-FollowerState] INFO  impl.RoleInfo (RoleInfo.java:updateAndGet(130)) - b066bd09-7d5e-4568-b961-feea469aecd1: start b066bd09-7d5e-4568-b961-feea469aecd1@group-B7F896E5164C-LeaderElection45
2021-08-12 00:19:35,971 [b066bd09-7d5e-4568-b961-feea469aecd1@group-BD5DB61A9C5F-LeaderElection43] INFO  impl.LeaderElection (LeaderElection.java:askForVotes(306)) - b066bd09-7d5e-4568-b961-feea469aecd1@group-BD5DB61A9C5F-LeaderElection43 ELECTION round 0: submit vote requests at term 1 for -1: [f396bb35-69a0-4f96-b6c4-c95f49adeaa7|rpc:10.1.0.26:37447|priority:1, 9844affe-c598-4e78-82ce-ffb4ab001b60|rpc:10.1.0.26:43641|priority:0, b066bd09-7d5e-4568-b961-feea469aecd1|rpc:10.1.0.26:41439|priority:0], old=null
2021-08-12 00:19:35,977 [f396bb35-69a0-4f96-b6c4-c95f49adeaa7@group-BD5DB61A9C5F-FollowerState] INFO  impl.FollowerState (FollowerState.java:run(134)) - f396bb35-69a0-4f96-b6c4-c95f49adeaa7@group-BD5DB61A9C5F-FollowerState: change to CANDIDATE, lastRpcElapsedTime:5147966401ns, electionTimeout:5147ms
2021-08-12 00:19:35,978 [f396bb35-69a0-4f96-b6c4-c95f49adeaa7@group-BD5DB61A9C5F-FollowerState] INFO  impl.RoleInfo (RoleInfo.java:shutdownFollowerState(108)) - f396bb35-69a0-4f96-b6c4-c95f49adeaa7: shutdown f396bb35-69a0-4f96-b6c4-c95f49adeaa7@group-BD5DB61A9C5F-FollowerState
2021-08-12 00:19:35,978 [f396bb35-69a0-4f96-b6c4-c95f49adeaa7@group-BD5DB61A9C5F-FollowerState] INFO  server.RaftServer$Division (RaftServerImpl.java:setRole(285)) - f396bb35-69a0-4f96-b6c4-c95f49adeaa7@group-BD5DB61A9C5F: changes role from  FOLLOWER to CANDIDATE at term 0 for changeToCandidate
2021-08-12 00:19:35,978 [f396bb35-69a0-4f96-b6c4-c95f49adeaa7@group-BD5DB61A9C5F-FollowerState] INFO  server.RaftServerConfigKeys (ConfUtils.java:logGet(44)) - raft.server.leaderelection.pre-vote = false (custom)
2021-08-12 00:19:35,978 [f396bb35-69a0-4f96-b6c4-c95f49adeaa7@group-BD5DB61A9C5F-FollowerState] INFO  impl.RoleInfo (RoleInfo.java:updateAndGet(130)) - f396bb35-69a0-4f96-b6c4-c95f49adeaa7: start f396bb35-69a0-4f96-b6c4-c95f49adeaa7@group-BD5DB61A9C5F-LeaderElection46
2021-08-12 00:19:35,995 [9844affe-c598-4e78-82ce-ffb4ab001b60@group-BD5DB61A9C5F-LeaderElection44] INFO  impl.LeaderElection (LeaderElection.java:askForVotes(306)) - 9844affe-c598-4e78-82ce-ffb4ab001b60@group-BD5DB61A9C5F-LeaderElection44 ELECTION round 0: submit vote requests at term 1 for -1: [f396bb35-69a0-4f96-b6c4-c95f49adeaa7|rpc:10.1.0.26:37447|dataStream:|priority:1, 9844affe-c598-4e78-82ce-ffb4ab001b60|rpc:10.1.0.26:43641|dataStream:|priority:0, b066bd09-7d5e-4568-b961-feea469aecd1|rpc:10.1.0.26:41439|dataStream:|priority:0], old=null
2021-08-12 00:19:35,995 [b066bd09-7d5e-4568-b961-feea469aecd1@group-B7F896E5164C-LeaderElection45] INFO  impl.LeaderElection (LeaderElection.java:askForVotes(306)) - b066bd09-7d5e-4568-b961-feea469aecd1@group-B7F896E5164C-LeaderElection45 ELECTION round 0: submit vote requests at term 1 for -1: [b066bd09-7d5e-4568-b961-feea469aecd1|rpc:10.1.0.26:41439|priority:1], old=null
2021-08-12 00:19:35,995 [b066bd09-7d5e-4568-b961-feea469aecd1@group-B7F896E5164C-LeaderElection45] INFO  impl.LeaderElection (LeaderElection.java:askForVotes(308)) - b066bd09-7d5e-4568-b961-feea469aecd1@group-B7F896E5164C-LeaderElection45 ELECTION round 0: result PASSED (term=1)
2021-08-12 00:19:35,995 [b066bd09-7d5e-4568-b961-feea469aecd1@group-B7F896E5164C-LeaderElection45] INFO  impl.RoleInfo (RoleInfo.java:shutdownLeaderElection(121)) - b066bd09-7d5e-4568-b961-feea469aecd1: shutdown b066bd09-7d5e-4568-b961-feea469aecd1@group-B7F896E5164C-LeaderElection45
2021-08-12 00:19:35,995 [b066bd09-7d5e-4568-b961-feea469aecd1@group-B7F896E5164C-LeaderElection45] INFO  server.RaftServer$Division (RaftServerImpl.java:setRole(285)) - b066bd09-7d5e-4568-b961-feea469aecd1@group-B7F896E5164C: changes role from CANDIDATE to LEADER at term 1 for changeToLeader
2021-08-12 00:19:35,996 [b066bd09-7d5e-4568-b961-feea469aecd1@group-B7F896E5164C-LeaderElection45] INFO  ratis.XceiverServerRatis (XceiverServerRatis.java:handleLeaderChangedNotification(861)) - Leader change notification received for group: group-B7F896E5164C with new leaderId: b066bd09-7d5e-4568-b961-feea469aecd1
2021-08-12 00:19:36,002 [f396bb35-69a0-4f96-b6c4-c95f49adeaa7@group-BD5DB61A9C5F-LeaderElection46] INFO  impl.LeaderElection (LeaderElection.java:askForVotes(306)) - f396bb35-69a0-4f96-b6c4-c95f49adeaa7@group-BD5DB61A9C5F-LeaderElection46 ELECTION round 0: submit vote requests at term 1 for -1: [f396bb35-69a0-4f96-b6c4-c95f49adeaa7|rpc:10.1.0.26:37447|priority:1, 9844affe-c598-4e78-82ce-ffb4ab001b60|rpc:10.1.0.26:43641|priority:0, b066bd09-7d5e-4568-b961-feea469aecd1|rpc:10.1.0.26:41439|priority:0], old=null
2021-08-12 00:19:36,012 [b066bd09-7d5e-4568-b961-feea469aecd1@group-B7F896E5164C-LeaderElection45] INFO  server.RaftServer$Division (ServerState.java:setLeader(285)) - b066bd09-7d5e-4568-b961-feea469aecd1@group-B7F896E5164C: change Leader from null to b066bd09-7d5e-4568-b961-feea469aecd1 at term 1 for becomeLeader, leader elected after 5258ms
2021-08-12 00:19:36,012 [b066bd09-7d5e-4568-b961-feea469aecd1@group-B7F896E5164C-LeaderElection45] INFO  server.RaftServerConfigKeys (ConfUtils.java:logGet(44)) - raft.server.staging.catchup.gap = 1000 (default)
2021-08-12 00:19:36,012 [b066bd09-7d5e-4568-b961-feea469aecd1@group-B7F896E5164C-LeaderElection45] INFO  server.RaftServerConfigKeys (ConfUtils.java:logGet(44)) - raft.server.write.element-limit = 1024 (custom)
2021-08-12 00:19:36,012 [b066bd09-7d5e-4568-b961-feea469aecd1@group-B7F896E5164C-LeaderElection45] INFO  server.RaftServerConfigKeys (ConfUtils.java:logGet(44)) - raft.server.write.byte-limit = 1024 M (=1073741824) (custom)
2021-08-12 00:19:36,012 [b066bd09-7d5e-4568-b961-feea469aecd1@group-B7F896E5164C-LeaderElection45] INFO  server.RaftServerConfigKeys (ConfUtils.java:logGet(44)) - raft.server.watch.timeout = 180s (custom)
2021-08-12 00:19:36,013 [b066bd09-7d5e-4568-b961-feea469aecd1@group-B7F896E5164C-LeaderElection45] INFO  server.RaftServerConfigKeys (ConfUtils.java:logGet(44)) - raft.server.watch.timeout.denomination = 1s (default)
2021-08-12 00:19:36,013 [b066bd09-7d5e-4568-b961-feea469aecd1@group-B7F896E5164C-LeaderElection45] INFO  server.RaftServerConfigKeys (ConfUtils.java:logGet(44)) - raft.server.watch.element-limit = 65536 (default)
2021-08-12 00:19:36,013 [b066bd09-7d5e-4568-b961-feea469aecd1@group-B7F896E5164C-LeaderElection45] INFO  impl.RoleInfo (RoleInfo.java:updateAndGet(130)) - b066bd09-7d5e-4568-b961-feea469aecd1: start b066bd09-7d5e-4568-b961-feea469aecd1@group-B7F896E5164C-LeaderStateImpl
2021-08-12 00:19:36,013 [b066bd09-7d5e-4568-b961-feea469aecd1@group-B7F896E5164C-LeaderElection45] INFO  segmented.SegmentedRaftLogWorker (SegmentedRaftLogWorker.java:startLogSegment(394)) - b066bd09-7d5e-4568-b961-feea469aecd1@group-B7F896E5164C-SegmentedRaftLogWorker: Starting segment from index:0
2021-08-12 00:19:36,013 [Datanode State Machine Thread - 0] WARN  statemachine.StateContext (StateContext.java:execute(621)) - No available thread in pool for past 1 seconds.
2021-08-12 00:19:36,015 [b066bd09-7d5e-4568-b961-feea469aecd1@group-B7F896E5164C-SegmentedRaftLogWorker] INFO  segmented.SegmentedRaftLogWorker (SegmentedRaftLogWorker.java:execute(601)) - b066bd09-7d5e-4568-b961-feea469aecd1@group-B7F896E5164C-SegmentedRaftLogWorker: created new log segment /home/runner/work/ozone/ozone/hadoop-ozone/integration-test/target/test-dir/MiniOzoneClusterImpl-3f855486-d891-4f73-82e2-a28b2591c95d/datanode-1/data/ratis/0d452eb6-39c9-4aaf-aa4a-b7f896e5164c/current/log_inprogress_0
2021-08-12 00:19:36,027 [b066bd09-7d5e-4568-b961-feea469aecd1@group-B7F896E5164C-LeaderElection45] INFO  server.RaftServer$Division (ServerState.java:setRaftConf(387)) - b066bd09-7d5e-4568-b961-feea469aecd1@group-B7F896E5164C: set configuration 0: [b066bd09-7d5e-4568-b961-feea469aecd1|rpc:10.1.0.26:41439|dataStream:|priority:1], old=null
2021-08-12 00:19:36,035 [EventQueue-OpenPipelineForHealthyPipelineSafeModeRule] INFO  safemode.SCMSafeModeManager (HealthyPipelineSafeModeRule.java:process(124)) - SCM in safe mode. Healthy pipelines reported count is 0, required healthy pipeline reported count is 1
2021-08-12 00:19:36,037 [grpc-default-executor-0] INFO  server.RaftServer$Division (RaftServerImpl.java:requestVote(1043)) - f396bb35-69a0-4f96-b6c4-c95f49adeaa7@group-BD5DB61A9C5F: receive requestVote(ELECTION, b066bd09-7d5e-4568-b961-feea469aecd1, group-BD5DB61A9C5F, 1, (t:0, i:0))
2021-08-12 00:19:36,037 [grpc-default-executor-0] INFO  impl.VoteContext (VoteContext.java:log(48)) - f396bb35-69a0-4f96-b6c4-c95f49adeaa7@group-BD5DB61A9C5F-CANDIDATE: reject ELECTION from b066bd09-7d5e-4568-b961-feea469aecd1: already has voted for f396bb35-69a0-4f96-b6c4-c95f49adeaa7 at current term 1
2021-08-12 00:19:36,037 [grpc-default-executor-0] INFO  server.RaftServer$Division (RaftServerImpl.java:requestVote(1075)) - f396bb35-69a0-4f96-b6c4-c95f49adeaa7@group-BD5DB61A9C5F replies to ELECTION vote request: b066bd09-7d5e-4568-b961-feea469aecd1<-f396bb35-69a0-4f96-b6c4-c95f49adeaa7#0:FAIL-t1. Peer's state: f396bb35-69a0-4f96-b6c4-c95f49adeaa7@group-BD5DB61A9C5F:t1, leader=null, voted=f396bb35-69a0-4f96-b6c4-c95f49adeaa7, raftlog=f396bb35-69a0-4f96-b6c4-c95f49adeaa7@group-BD5DB61A9C5F-SegmentedRaftLog:OPENED:c-1,f-1,i0, conf=-1: [f396bb35-69a0-4f96-b6c4-c95f49adeaa7|rpc:10.1.0.26:37447|priority:1, 9844affe-c598-4e78-82ce-ffb4ab001b60|rpc:10.1.0.26:43641|priority:0, b066bd09-7d5e-4568-b961-feea469aecd1|rpc:10.1.0.26:41439|priority:0], old=null
2021-08-12 00:19:36,060 [Listener at 127.0.0.1/37815] INFO  ozone.MiniOzoneClusterImpl (MiniOzoneClusterImpl.java:lambda$waitForClusterToBeReady$0(235)) - Nodes are ready. Got 3 of 3 DN Heartbeats.
2021-08-12 00:19:36,060 [Listener at 127.0.0.1/37815] INFO  ozone.MiniOzoneClusterImpl (MiniOzoneClusterImpl.java:lambda$waitForClusterToBeReady$0(238)) - Waiting for cluster to exit safe mode
2021-08-12 00:19:36,060 [Listener at 127.0.0.1/37815] INFO  ozone.MiniOzoneClusterImpl (MiniOzoneClusterImpl.java:lambda$waitForClusterToBeReady$0(240)) - SCM became leader
2021-08-12 00:19:36,082 [b066bd09-7d5e-4568-b961-feea469aecd1@group-BD5DB61A9C5F-LeaderElection43] INFO  impl.LeaderElection (LeaderElection.java:logAndReturn(89)) - b066bd09-7d5e-4568-b961-feea469aecd1@group-BD5DB61A9C5F-LeaderElection43: ELECTION REJECTED received 1 response(s) and 0 exception(s):
2021-08-12 00:19:36,082 [b066bd09-7d5e-4568-b961-feea469aecd1@group-BD5DB61A9C5F-LeaderElection43] INFO  impl.LeaderElection (LeaderElection.java:logAndReturn(93)) -   Response 0: b066bd09-7d5e-4568-b961-feea469aecd1<-f396bb35-69a0-4f96-b6c4-c95f49adeaa7#0:FAIL-t1
2021-08-12 00:19:36,082 [b066bd09-7d5e-4568-b961-feea469aecd1@group-BD5DB61A9C5F-LeaderElection43] INFO  impl.LeaderElection (LeaderElection.java:askForVotes(308)) - b066bd09-7d5e-4568-b961-feea469aecd1@group-BD5DB61A9C5F-LeaderElection43 ELECTION round 0: result REJECTED
2021-08-12 00:19:36,082 [b066bd09-7d5e-4568-b961-feea469aecd1@group-BD5DB61A9C5F-LeaderElection43] INFO  server.RaftServer$Division (RaftServerImpl.java:setRole(285)) - b066bd09-7d5e-4568-b961-feea469aecd1@group-BD5DB61A9C5F: changes role from CANDIDATE to FOLLOWER at term 1 for REJECTED
2021-08-12 00:19:36,082 [b066bd09-7d5e-4568-b961-feea469aecd1@group-BD5DB61A9C5F-LeaderElection43] INFO  impl.RoleInfo (RoleInfo.java:shutdownLeaderElection(121)) - b066bd09-7d5e-4568-b961-feea469aecd1: shutdown b066bd09-7d5e-4568-b961-feea469aecd1@group-BD5DB61A9C5F-LeaderElection43
2021-08-12 00:19:36,082 [b066bd09-7d5e-4568-b961-feea469aecd1@group-BD5DB61A9C5F-LeaderElection43] INFO  impl.RoleInfo (RoleInfo.java:updateAndGet(130)) - b066bd09-7d5e-4568-b961-feea469aecd1: start b066bd09-7d5e-4568-b961-feea469aecd1@group-BD5DB61A9C5F-FollowerState
2021-08-12 00:19:36,083 [grpc-default-executor-0] INFO  server.RaftServer$Division (RaftServerImpl.java:requestVote(1043)) - 9844affe-c598-4e78-82ce-ffb4ab001b60@group-BD5DB61A9C5F: receive requestVote(ELECTION, f396bb35-69a0-4f96-b6c4-c95f49adeaa7, group-BD5DB61A9C5F, 1, (t:0, i:0))
2021-08-12 00:19:36,083 [grpc-default-executor-0] INFO  impl.VoteContext (VoteContext.java:log(48)) - 9844affe-c598-4e78-82ce-ffb4ab001b60@group-BD5DB61A9C5F-CANDIDATE: reject ELECTION from f396bb35-69a0-4f96-b6c4-c95f49adeaa7: already has voted for 9844affe-c598-4e78-82ce-ffb4ab001b60 at current term 1
2021-08-12 00:19:36,083 [grpc-default-executor-0] INFO  server.RaftServer$Division (RaftServerImpl.java:requestVote(1075)) - 9844affe-c598-4e78-82ce-ffb4ab001b60@group-BD5DB61A9C5F replies to ELECTION vote request: f396bb35-69a0-4f96-b6c4-c95f49adeaa7<-9844affe-c598-4e78-82ce-ffb4ab001b60#0:FAIL-t1. Peer's state: 9844affe-c598-4e78-82ce-ffb4ab001b60@group-BD5DB61A9C5F:t1, leader=null, voted=9844affe-c598-4e78-82ce-ffb4ab001b60, raftlog=9844affe-c598-4e78-82ce-ffb4ab001b60@group-BD5DB61A9C5F-SegmentedRaftLog:OPENED:c-1,f-1,i0, conf=-1: [f396bb35-69a0-4f96-b6c4-c95f49adeaa7|rpc:10.1.0.26:37447|dataStream:|priority:1, 9844affe-c598-4e78-82ce-ffb4ab001b60|rpc:10.1.0.26:43641|dataStream:|priority:0, b066bd09-7d5e-4568-b961-feea469aecd1|rpc:10.1.0.26:41439|dataStream:|priority:0], old=null
2021-08-12 00:19:36,089 [grpc-default-executor-0] INFO  server.RaftServer$Division (RaftServerImpl.java:requestVote(1043)) - b066bd09-7d5e-4568-b961-feea469aecd1@group-BD5DB61A9C5F: receive requestVote(ELECTION, 9844affe-c598-4e78-82ce-ffb4ab001b60, group-BD5DB61A9C5F, 1, (t:0, i:0))
2021-08-12 00:19:36,089 [grpc-default-executor-0] INFO  impl.VoteContext (VoteContext.java:log(48)) - b066bd09-7d5e-4568-b961-feea469aecd1@group-BD5DB61A9C5F-FOLLOWER: reject ELECTION from 9844affe-c598-4e78-82ce-ffb4ab001b60: already has voted for b066bd09-7d5e-4568-b961-feea469aecd1 at current term 1
2021-08-12 00:19:36,089 [grpc-default-executor-0] INFO  server.RaftServer$Division (RaftServerImpl.java:requestVote(1075)) - b066bd09-7d5e-4568-b961-feea469aecd1@group-BD5DB61A9C5F replies to ELECTION vote request: 9844affe-c598-4e78-82ce-ffb4ab001b60<-b066bd09-7d5e-4568-b961-feea469aecd1#0:FAIL-t1. Peer's state: b066bd09-7d5e-4568-b961-feea469aecd1@group-BD5DB61A9C5F:t1, leader=null, voted=b066bd09-7d5e-4568-b961-feea469aecd1, raftlog=b066bd09-7d5e-4568-b961-feea469aecd1@group-BD5DB61A9C5F-SegmentedRaftLog:OPENED:c-1,f-1,i0, conf=-1: [f396bb35-69a0-4f96-b6c4-c95f49adeaa7|rpc:10.1.0.26:37447|priority:1, 9844affe-c598-4e78-82ce-ffb4ab001b60|rpc:10.1.0.26:43641|priority:0, b066bd09-7d5e-4568-b961-feea469aecd1|rpc:10.1.0.26:41439|priority:0], old=null
2021-08-12 00:19:36,090 [grpc-default-executor-0] INFO  server.RaftServer$Division (RaftServerImpl.java:requestVote(1043)) - f396bb35-69a0-4f96-b6c4-c95f49adeaa7@group-BD5DB61A9C5F: receive requestVote(ELECTION, 9844affe-c598-4e78-82ce-ffb4ab001b60, group-BD5DB61A9C5F, 1, (t:0, i:0))
2021-08-12 00:19:36,090 [grpc-default-executor-0] INFO  impl.VoteContext (VoteContext.java:log(48)) - f396bb35-69a0-4f96-b6c4-c95f49adeaa7@group-BD5DB61A9C5F-CANDIDATE: reject ELECTION from 9844affe-c598-4e78-82ce-ffb4ab001b60: already has voted for f396bb35-69a0-4f96-b6c4-c95f49adeaa7 at current term 1
2021-08-12 00:19:36,090 [grpc-default-executor-0] INFO  server.RaftServer$Division (RaftServerImpl.java:requestVote(1075)) - f396bb35-69a0-4f96-b6c4-c95f49adeaa7@group-BD5DB61A9C5F replies to ELECTION vote request: 9844affe-c598-4e78-82ce-ffb4ab001b60<-f396bb35-69a0-4f96-b6c4-c95f49adeaa7#0:FAIL-t1. Peer's state: f396bb35-69a0-4f96-b6c4-c95f49adeaa7@group-BD5DB61A9C5F:t1, leader=null, voted=f396bb35-69a0-4f96-b6c4-c95f49adeaa7, raftlog=f396bb35-69a0-4f96-b6c4-c95f49adeaa7@group-BD5DB61A9C5F-SegmentedRaftLog:OPENED:c-1,f-1,i0, conf=-1: [f396bb35-69a0-4f96-b6c4-c95f49adeaa7|rpc:10.1.0.26:37447|priority:1, 9844affe-c598-4e78-82ce-ffb4ab001b60|rpc:10.1.0.26:43641|priority:0, b066bd09-7d5e-4568-b961-feea469aecd1|rpc:10.1.0.26:41439|priority:0], old=null
2021-08-12 00:19:36,103 [9844affe-c598-4e78-82ce-ffb4ab001b60@group-BD5DB61A9C5F-LeaderElection44] INFO  impl.LeaderElection (LeaderElection.java:logAndReturn(89)) - 9844affe-c598-4e78-82ce-ffb4ab001b60@group-BD5DB61A9C5F-LeaderElection44: ELECTION REJECTED received 2 response(s) and 0 exception(s):
2021-08-12 00:19:36,103 [9844affe-c598-4e78-82ce-ffb4ab001b60@group-BD5DB61A9C5F-LeaderElection44] INFO  impl.LeaderElection (LeaderElection.java:logAndReturn(93)) -   Response 0: 9844affe-c598-4e78-82ce-ffb4ab001b60<-f396bb35-69a0-4f96-b6c4-c95f49adeaa7#0:FAIL-t1
2021-08-12 00:19:36,103 [9844affe-c598-4e78-82ce-ffb4ab001b60@group-BD5DB61A9C5F-LeaderElection44] INFO  impl.LeaderElection (LeaderElection.java:logAndReturn(93)) -   Response 1: 9844affe-c598-4e78-82ce-ffb4ab001b60<-b066bd09-7d5e-4568-b961-feea469aecd1#0:FAIL-t1
2021-08-12 00:19:36,104 [9844affe-c598-4e78-82ce-ffb4ab001b60@group-BD5DB61A9C5F-LeaderElection44] INFO  impl.LeaderElection (LeaderElection.java:askForVotes(308)) - 9844affe-c598-4e78-82ce-ffb4ab001b60@group-BD5DB61A9C5F-LeaderElection44 ELECTION round 0: result REJECTED
2021-08-12 00:19:36,104 [9844affe-c598-4e78-82ce-ffb4ab001b60@group-BD5DB61A9C5F-LeaderElection44] INFO  server.RaftServer$Division (RaftServerImpl.java:setRole(285)) - 9844affe-c598-4e78-82ce-ffb4ab001b60@group-BD5DB61A9C5F: changes role from CANDIDATE to FOLLOWER at term 1 for REJECTED
2021-08-12 00:19:36,104 [9844affe-c598-4e78-82ce-ffb4ab001b60@group-BD5DB61A9C5F-LeaderElection44] INFO  impl.RoleInfo (RoleInfo.java:shutdownLeaderElection(121)) - 9844affe-c598-4e78-82ce-ffb4ab001b60: shutdown 9844affe-c598-4e78-82ce-ffb4ab001b60@group-BD5DB61A9C5F-LeaderElection44
2021-08-12 00:19:36,104 [9844affe-c598-4e78-82ce-ffb4ab001b60@group-BD5DB61A9C5F-LeaderElection44] INFO  impl.RoleInfo (RoleInfo.java:updateAndGet(130)) - 9844affe-c598-4e78-82ce-ffb4ab001b60: start 9844affe-c598-4e78-82ce-ffb4ab001b60@group-BD5DB61A9C5F-FollowerState
2021-08-12 00:19:36,104 [grpc-default-executor-0] INFO  server.RaftServer$Division (RaftServerImpl.java:requestVote(1043)) - b066bd09-7d5e-4568-b961-feea469aecd1@group-BD5DB61A9C5F: receive requestVote(ELECTION, f396bb35-69a0-4f96-b6c4-c95f49adeaa7, group-BD5DB61A9C5F, 1, (t:0, i:0))
2021-08-12 00:19:36,104 [grpc-default-executor-0] INFO  impl.VoteContext (VoteContext.java:log(48)) - b066bd09-7d5e-4568-b961-feea469aecd1@group-BD5DB61A9C5F-FOLLOWER: reject ELECTION from f396bb35-69a0-4f96-b6c4-c95f49adeaa7: already has voted for b066bd09-7d5e-4568-b961-feea469aecd1 at current term 1
2021-08-12 00:19:36,104 [grpc-default-executor-0] INFO  server.RaftServer$Division (RaftServerImpl.java:requestVote(1075)) - b066bd09-7d5e-4568-b961-feea469aecd1@group-BD5DB61A9C5F replies to ELECTION vote request: f396bb35-69a0-4f96-b6c4-c95f49adeaa7<-b066bd09-7d5e-4568-b961-feea469aecd1#0:FAIL-t1. Peer's state: b066bd09-7d5e-4568-b961-feea469aecd1@group-BD5DB61A9C5F:t1, leader=null, voted=b066bd09-7d5e-4568-b961-feea469aecd1, raftlog=b066bd09-7d5e-4568-b961-feea469aecd1@group-BD5DB61A9C5F-SegmentedRaftLog:OPENED:c-1,f-1,i0, conf=-1: [f396bb35-69a0-4f96-b6c4-c95f49adeaa7|rpc:10.1.0.26:37447|priority:1, 9844affe-c598-4e78-82ce-ffb4ab001b60|rpc:10.1.0.26:43641|priority:0, b066bd09-7d5e-4568-b961-feea469aecd1|rpc:10.1.0.26:41439|priority:0], old=null
2021-08-12 00:19:36,110 [f396bb35-69a0-4f96-b6c4-c95f49adeaa7@group-BD5DB61A9C5F-LeaderElection46] INFO  impl.LeaderElection (LeaderElection.java:logAndReturn(89)) - f396bb35-69a0-4f96-b6c4-c95f49adeaa7@group-BD5DB61A9C5F-LeaderElection46: ELECTION REJECTED received 2 response(s) and 0 exception(s):
2021-08-12 00:19:36,111 [f396bb35-69a0-4f96-b6c4-c95f49adeaa7@group-BD5DB61A9C5F-LeaderElection46] INFO  impl.LeaderElection (LeaderElection.java:logAndReturn(93)) -   Response 0: f396bb35-69a0-4f96-b6c4-c95f49adeaa7<-9844affe-c598-4e78-82ce-ffb4ab001b60#0:FAIL-t1
2021-08-12 00:19:36,111 [f396bb35-69a0-4f96-b6c4-c95f49adeaa7@group-BD5DB61A9C5F-LeaderElection46] INFO  impl.LeaderElection (LeaderElection.java:logAndReturn(93)) -   Response 1: f396bb35-69a0-4f96-b6c4-c95f49adeaa7<-b066bd09-7d5e-4568-b961-feea469aecd1#0:FAIL-t1
2021-08-12 00:19:36,111 [f396bb35-69a0-4f96-b6c4-c95f49adeaa7@group-BD5DB61A9C5F-LeaderElection46] INFO  impl.LeaderElection (LeaderElection.java:askForVotes(308)) - f396bb35-69a0-4f96-b6c4-c95f49adeaa7@group-BD5DB61A9C5F-LeaderElection46 ELECTION round 0: result REJECTED
2021-08-12 00:19:36,111 [f396bb35-69a0-4f96-b6c4-c95f49adeaa7@group-BD5DB61A9C5F-LeaderElection46] INFO  server.RaftServer$Division (RaftServerImpl.java:setRole(285)) - f396bb35-69a0-4f96-b6c4-c95f49adeaa7@group-BD5DB61A9C5F: changes role from CANDIDATE to FOLLOWER at term 1 for REJECTED
2021-08-12 00:19:36,111 [f396bb35-69a0-4f96-b6c4-c95f49adeaa7@group-BD5DB61A9C5F-LeaderElection46] INFO  impl.RoleInfo (RoleInfo.java:shutdownLeaderElection(121)) - f396bb35-69a0-4f96-b6c4-c95f49adeaa7: shutdown f396bb35-69a0-4f96-b6c4-c95f49adeaa7@group-BD5DB61A9C5F-LeaderElection46
2021-08-12 00:19:36,111 [f396bb35-69a0-4f96-b6c4-c95f49adeaa7@group-BD5DB61A9C5F-LeaderElection46] INFO  impl.RoleInfo (RoleInfo.java:updateAndGet(130)) - f396bb35-69a0-4f96-b6c4-c95f49adeaa7: start f396bb35-69a0-4f96-b6c4-c95f49adeaa7@group-BD5DB61A9C5F-FollowerState
2021-08-12 00:19:36,112 [grpc-default-executor-1] INFO  server.RaftServer$Division (RaftServerImpl.java:requestVote(1043)) - 9844affe-c598-4e78-82ce-ffb4ab001b60@group-BD5DB61A9C5F: receive requestVote(ELECTION, b066bd09-7d5e-4568-b961-feea469aecd1, group-BD5DB61A9C5F, 1, (t:0, i:0))
2021-08-12 00:19:36,112 [grpc-default-executor-1] INFO  impl.VoteContext (VoteContext.java:log(48)) - 9844affe-c598-4e78-82ce-ffb4ab001b60@group-BD5DB61A9C5F-FOLLOWER: reject ELECTION from b066bd09-7d5e-4568-b961-feea469aecd1: already has voted for 9844affe-c598-4e78-82ce-ffb4ab001b60 at current term 1
2021-08-12 00:19:36,112 [grpc-default-executor-1] INFO  server.RaftServer$Division (RaftServerImpl.java:requestVote(1075)) - 9844affe-c598-4e78-82ce-ffb4ab001b60@group-BD5DB61A9C5F replies to ELECTION vote request: b066bd09-7d5e-4568-b961-feea469aecd1<-9844affe-c598-4e78-82ce-ffb4ab001b60#0:FAIL-t1. Peer's state: 9844affe-c598-4e78-82ce-ffb4ab001b60@group-BD5DB61A9C5F:t1, leader=null, voted=9844affe-c598-4e78-82ce-ffb4ab001b60, raftlog=9844affe-c598-4e78-82ce-ffb4ab001b60@group-BD5DB61A9C5F-SegmentedRaftLog:OPENED:c-1,f-1,i0, conf=-1: [f396bb35-69a0-4f96-b6c4-c95f49adeaa7|rpc:10.1.0.26:37447|dataStream:|priority:1, 9844affe-c598-4e78-82ce-ffb4ab001b60|rpc:10.1.0.26:43641|dataStream:|priority:0, b066bd09-7d5e-4568-b961-feea469aecd1|rpc:10.1.0.26:41439|dataStream:|priority:0], old=null
2021-08-12 00:19:36,234 [9844affe-c598-4e78-82ce-ffb4ab001b60@group-3379222122CC-FollowerState] INFO  impl.FollowerState (FollowerState.java:run(134)) - 9844affe-c598-4e78-82ce-ffb4ab001b60@group-3379222122CC-FollowerState: change to CANDIDATE, lastRpcElapsedTime:5135843243ns, electionTimeout:5115ms
2021-08-12 00:19:36,234 [9844affe-c598-4e78-82ce-ffb4ab001b60@group-3379222122CC-FollowerState] INFO  impl.RoleInfo (RoleInfo.java:shutdownFollowerState(108)) - 9844affe-c598-4e78-82ce-ffb4ab001b60: shutdown 9844affe-c598-4e78-82ce-ffb4ab001b60@group-3379222122CC-FollowerState
2021-08-12 00:19:36,234 [9844affe-c598-4e78-82ce-ffb4ab001b60@group-3379222122CC-FollowerState] INFO  server.RaftServer$Division (RaftServerImpl.java:setRole(285)) - 9844affe-c598-4e78-82ce-ffb4ab001b60@group-3379222122CC: changes role from  FOLLOWER to CANDIDATE at term 0 for changeToCandidate
2021-08-12 00:19:36,234 [9844affe-c598-4e78-82ce-ffb4ab001b60@group-3379222122CC-FollowerState] INFO  server.RaftServerConfigKeys (ConfUtils.java:logGet(44)) - raft.server.leaderelection.pre-vote = false (custom)
2021-08-12 00:19:36,234 [9844affe-c598-4e78-82ce-ffb4ab001b60@group-3379222122CC-FollowerState] INFO  impl.RoleInfo (RoleInfo.java:updateAndGet(130)) - 9844affe-c598-4e78-82ce-ffb4ab001b60: start 9844affe-c598-4e78-82ce-ffb4ab001b60@group-3379222122CC-LeaderElection47
2021-08-12 00:19:36,246 [9844affe-c598-4e78-82ce-ffb4ab001b60@group-3379222122CC-LeaderElection47] INFO  impl.LeaderElection (LeaderElection.java:askForVotes(306)) - 9844affe-c598-4e78-82ce-ffb4ab001b60@group-3379222122CC-LeaderElection47 ELECTION round 0: submit vote requests at term 1 for -1: [9844affe-c598-4e78-82ce-ffb4ab001b60|rpc:10.1.0.26:43641|priority:1], old=null
2021-08-12 00:19:36,246 [9844affe-c598-4e78-82ce-ffb4ab001b60@group-3379222122CC-LeaderElection47] INFO  impl.LeaderElection (LeaderElection.java:askForVotes(308)) - 9844affe-c598-4e78-82ce-ffb4ab001b60@group-3379222122CC-LeaderElection47 ELECTION round 0: result PASSED (term=1)
2021-08-12 00:19:36,246 [9844affe-c598-4e78-82ce-ffb4ab001b60@group-3379222122CC-LeaderElection47] INFO  impl.RoleInfo (RoleInfo.java:shutdownLeaderElection(121)) - 9844affe-c598-4e78-82ce-ffb4ab001b60: shutdown 9844affe-c598-4e78-82ce-ffb4ab001b60@group-3379222122CC-LeaderElection47
2021-08-12 00:19:36,246 [9844affe-c598-4e78-82ce-ffb4ab001b60@group-3379222122CC-LeaderElection47] INFO  server.RaftServer$Division (RaftServerImpl.java:setRole(285)) - 9844affe-c598-4e78-82ce-ffb4ab001b60@group-3379222122CC: changes role from CANDIDATE to LEADER at term 1 for changeToLeader
2021-08-12 00:19:36,246 [9844affe-c598-4e78-82ce-ffb4ab001b60@group-3379222122CC-LeaderElection47] INFO  ratis.XceiverServerRatis (XceiverServerRatis.java:handleLeaderChangedNotification(861)) - Leader change notification received for group: group-3379222122CC with new leaderId: 9844affe-c598-4e78-82ce-ffb4ab001b60
2021-08-12 00:19:36,246 [9844affe-c598-4e78-82ce-ffb4ab001b60@group-3379222122CC-LeaderElection47] INFO  server.RaftServer$Division (ServerState.java:setLeader(285)) - 9844affe-c598-4e78-82ce-ffb4ab001b60@group-3379222122CC: change Leader from null to 9844affe-c598-4e78-82ce-ffb4ab001b60 at term 1 for becomeLeader, leader elected after 5158ms
2021-08-12 00:19:36,247 [9844affe-c598-4e78-82ce-ffb4ab001b60@group-3379222122CC-LeaderElection47] INFO  server.RaftServerConfigKeys (ConfUtils.java:logGet(44)) - raft.server.staging.catchup.gap = 1000 (default)
2021-08-12 00:19:36,247 [9844affe-c598-4e78-82ce-ffb4ab001b60@group-3379222122CC-LeaderElection47] INFO  server.RaftServerConfigKeys (ConfUtils.java:logGet(44)) - raft.server.write.element-limit = 1024 (custom)
2021-08-12 00:19:36,247 [9844affe-c598-4e78-82ce-ffb4ab001b60@group-3379222122CC-LeaderElection47] INFO  server.RaftServerConfigKeys (ConfUtils.java:logGet(44)) - raft.server.write.byte-limit = 1024 M (=1073741824) (custom)
2021-08-12 00:19:36,247 [9844affe-c598-4e78-82ce-ffb4ab001b60@group-3379222122CC-LeaderElection47] INFO  server.RaftServerConfigKeys (ConfUtils.java:logGet(44)) - raft.server.watch.timeout = 180s (custom)
2021-08-12 00:19:36,247 [9844affe-c598-4e78-82ce-ffb4ab001b60@group-3379222122CC-LeaderElection47] INFO  server.RaftServerConfigKeys (ConfUtils.java:logGet(44)) - raft.server.watch.timeout.denomination = 1s (default)
2021-08-12 00:19:36,248 [9844affe-c598-4e78-82ce-ffb4ab001b60@group-3379222122CC-LeaderElection47] INFO  server.RaftServerConfigKeys (ConfUtils.java:logGet(44)) - raft.server.watch.element-limit = 65536 (default)
2021-08-12 00:19:36,249 [9844affe-c598-4e78-82ce-ffb4ab001b60@group-3379222122CC-LeaderElection47] INFO  impl.RoleInfo (RoleInfo.java:updateAndGet(130)) - 9844affe-c598-4e78-82ce-ffb4ab001b60: start 9844affe-c598-4e78-82ce-ffb4ab001b60@group-3379222122CC-LeaderStateImpl
2021-08-12 00:19:36,249 [9844affe-c598-4e78-82ce-ffb4ab001b60@group-3379222122CC-LeaderElection47] INFO  segmented.SegmentedRaftLogWorker (SegmentedRaftLogWorker.java:startLogSegment(394)) - 9844affe-c598-4e78-82ce-ffb4ab001b60@group-3379222122CC-SegmentedRaftLogWorker: Starting segment from index:0
2021-08-12 00:19:36,251 [9844affe-c598-4e78-82ce-ffb4ab001b60@group-3379222122CC-SegmentedRaftLogWorker] INFO  segmented.SegmentedRaftLogWorker (SegmentedRaftLogWorker.java:execute(601)) - 9844affe-c598-4e78-82ce-ffb4ab001b60@group-3379222122CC-SegmentedRaftLogWorker: created new log segment /home/runner/work/ozone/ozone/hadoop-ozone/integration-test/target/test-dir/MiniOzoneClusterImpl-3f855486-d891-4f73-82e2-a28b2591c95d/datanode-2/data/ratis/66e46046-9df7-45d5-8015-3379222122cc/current/log_inprogress_0
2021-08-12 00:19:36,251 [9844affe-c598-4e78-82ce-ffb4ab001b60@group-3379222122CC-LeaderElection47] INFO  server.RaftServer$Division (ServerState.java:setRaftConf(387)) - 9844affe-c598-4e78-82ce-ffb4ab001b60@group-3379222122CC: set configuration 0: [9844affe-c598-4e78-82ce-ffb4ab001b60|rpc:10.1.0.26:43641|dataStream:|priority:1], old=null
2021-08-12 00:19:36,255 [Datanode State Machine Thread - 0] WARN  statemachine.StateContext (StateContext.java:execute(621)) - No available thread in pool for past 1 seconds.
2021-08-12 00:19:36,257 [EventQueue-OpenPipelineForHealthyPipelineSafeModeRule] INFO  safemode.SCMSafeModeManager (HealthyPipelineSafeModeRule.java:process(124)) - SCM in safe mode. Healthy pipelines reported count is 0, required healthy pipeline reported count is 1
2021-08-12 00:19:37,060 [Listener at 127.0.0.1/37815] INFO  ozone.MiniOzoneClusterImpl (MiniOzoneClusterImpl.java:lambda$waitForClusterToBeReady$0(235)) - Nodes are ready. Got 3 of 3 DN Heartbeats.
2021-08-12 00:19:37,060 [Listener at 127.0.0.1/37815] INFO  ozone.MiniOzoneClusterImpl (MiniOzoneClusterImpl.java:lambda$waitForClusterToBeReady$0(238)) - Waiting for cluster to exit safe mode
2021-08-12 00:19:37,060 [Listener at 127.0.0.1/37815] INFO  ozone.MiniOzoneClusterImpl (MiniOzoneClusterImpl.java:lambda$waitForClusterToBeReady$0(240)) - SCM became leader
2021-08-12 00:19:38,061 [Listener at 127.0.0.1/37815] INFO  ozone.MiniOzoneClusterImpl (MiniOzoneClusterImpl.java:lambda$waitForClusterToBeReady$0(235)) - Nodes are ready. Got 3 of 3 DN Heartbeats.
2021-08-12 00:19:38,061 [Listener at 127.0.0.1/37815] INFO  ozone.MiniOzoneClusterImpl (MiniOzoneClusterImpl.java:lambda$waitForClusterToBeReady$0(238)) - Waiting for cluster to exit safe mode
2021-08-12 00:19:38,061 [Listener at 127.0.0.1/37815] INFO  ozone.MiniOzoneClusterImpl (MiniOzoneClusterImpl.java:lambda$waitForClusterToBeReady$0(240)) - SCM became leader
2021-08-12 00:19:39,061 [Listener at 127.0.0.1/37815] INFO  ozone.MiniOzoneClusterImpl (MiniOzoneClusterImpl.java:lambda$waitForClusterToBeReady$0(235)) - Nodes are ready. Got 3 of 3 DN Heartbeats.
2021-08-12 00:19:39,061 [Listener at 127.0.0.1/37815] INFO  ozone.MiniOzoneClusterImpl (MiniOzoneClusterImpl.java:lambda$waitForClusterToBeReady$0(238)) - Waiting for cluster to exit safe mode
2021-08-12 00:19:39,061 [Listener at 127.0.0.1/37815] INFO  ozone.MiniOzoneClusterImpl (MiniOzoneClusterImpl.java:lambda$waitForClusterToBeReady$0(240)) - SCM became leader
2021-08-12 00:19:40,062 [Listener at 127.0.0.1/37815] INFO  ozone.MiniOzoneClusterImpl (MiniOzoneClusterImpl.java:lambda$waitForClusterToBeReady$0(235)) - Nodes are ready. Got 3 of 3 DN Heartbeats.
2021-08-12 00:19:40,062 [Listener at 127.0.0.1/37815] INFO  ozone.MiniOzoneClusterImpl (MiniOzoneClusterImpl.java:lambda$waitForClusterToBeReady$0(238)) - Waiting for cluster to exit safe mode
2021-08-12 00:19:40,062 [Listener at 127.0.0.1/37815] INFO  ozone.MiniOzoneClusterImpl (MiniOzoneClusterImpl.java:lambda$waitForClusterToBeReady$0(240)) - SCM became leader
2021-08-12 00:19:40,802 [f396bb35-69a0-4f96-b6c4-c95f49adeaa7@group-9F4148ED38EC-FollowerState] INFO  impl.FollowerState (FollowerState.java:run(134)) - f396bb35-69a0-4f96-b6c4-c95f49adeaa7@group-9F4148ED38EC-FollowerState: change to CANDIDATE, lastRpcElapsedTime:5115058317ns, electionTimeout:5102ms
2021-08-12 00:19:40,802 [f396bb35-69a0-4f96-b6c4-c95f49adeaa7@group-9F4148ED38EC-FollowerState] INFO  impl.RoleInfo (RoleInfo.java:shutdownFollowerState(108)) - f396bb35-69a0-4f96-b6c4-c95f49adeaa7: shutdown f396bb35-69a0-4f96-b6c4-c95f49adeaa7@group-9F4148ED38EC-FollowerState
2021-08-12 00:19:40,802 [f396bb35-69a0-4f96-b6c4-c95f49adeaa7@group-9F4148ED38EC-FollowerState] INFO  server.RaftServer$Division (RaftServerImpl.java:setRole(285)) - f396bb35-69a0-4f96-b6c4-c95f49adeaa7@group-9F4148ED38EC: changes role from  FOLLOWER to CANDIDATE at term 1 for changeToCandidate
2021-08-12 00:19:40,802 [f396bb35-69a0-4f96-b6c4-c95f49adeaa7@group-9F4148ED38EC-FollowerState] INFO  server.RaftServerConfigKeys (ConfUtils.java:logGet(44)) - raft.server.leaderelection.pre-vote = false (custom)
2021-08-12 00:19:40,802 [f396bb35-69a0-4f96-b6c4-c95f49adeaa7@group-9F4148ED38EC-FollowerState] INFO  impl.RoleInfo (RoleInfo.java:updateAndGet(130)) - f396bb35-69a0-4f96-b6c4-c95f49adeaa7: start f396bb35-69a0-4f96-b6c4-c95f49adeaa7@group-9F4148ED38EC-LeaderElection48
2021-08-12 00:19:40,810 [f396bb35-69a0-4f96-b6c4-c95f49adeaa7@group-9F4148ED38EC-LeaderElection48] INFO  impl.LeaderElection (LeaderElection.java:askForVotes(306)) - f396bb35-69a0-4f96-b6c4-c95f49adeaa7@group-9F4148ED38EC-LeaderElection48 ELECTION round 0: submit vote requests at term 2 for -1: [f396bb35-69a0-4f96-b6c4-c95f49adeaa7|rpc:10.1.0.26:37447|priority:0, b066bd09-7d5e-4568-b961-feea469aecd1|rpc:10.1.0.26:41439|priority:0, 9844affe-c598-4e78-82ce-ffb4ab001b60|rpc:10.1.0.26:43641|priority:1], old=null
2021-08-12 00:19:40,817 [grpc-default-executor-1] INFO  server.RaftServer$Division (RaftServerImpl.java:requestVote(1043)) - 9844affe-c598-4e78-82ce-ffb4ab001b60@group-9F4148ED38EC: receive requestVote(ELECTION, f396bb35-69a0-4f96-b6c4-c95f49adeaa7, group-9F4148ED38EC, 2, (t:0, i:0))
2021-08-12 00:19:40,820 [grpc-default-executor-1] INFO  impl.VoteContext (VoteContext.java:log(48)) - 9844affe-c598-4e78-82ce-ffb4ab001b60@group-9F4148ED38EC-FOLLOWER: reject ELECTION from f396bb35-69a0-4f96-b6c4-c95f49adeaa7: our priority 1 > candidate's priority 0
2021-08-12 00:19:40,820 [grpc-default-executor-1] INFO  server.RaftServer$Division (RaftServerImpl.java:setRole(285)) - 9844affe-c598-4e78-82ce-ffb4ab001b60@group-9F4148ED38EC: changes role from  FOLLOWER to FOLLOWER at term 2 for candidate:f396bb35-69a0-4f96-b6c4-c95f49adeaa7
2021-08-12 00:19:40,820 [grpc-default-executor-1] INFO  impl.RoleInfo (RoleInfo.java:shutdownFollowerState(108)) - 9844affe-c598-4e78-82ce-ffb4ab001b60: shutdown 9844affe-c598-4e78-82ce-ffb4ab001b60@group-9F4148ED38EC-FollowerState
2021-08-12 00:19:40,820 [grpc-default-executor-1] INFO  impl.RoleInfo (RoleInfo.java:updateAndGet(130)) - 9844affe-c598-4e78-82ce-ffb4ab001b60: start 9844affe-c598-4e78-82ce-ffb4ab001b60@group-9F4148ED38EC-FollowerState
2021-08-12 00:19:40,820 [9844affe-c598-4e78-82ce-ffb4ab001b60@group-9F4148ED38EC-FollowerState] INFO  impl.FollowerState (FollowerState.java:run(143)) - 9844affe-c598-4e78-82ce-ffb4ab001b60@group-9F4148ED38EC-FollowerState was interrupted: {}
java.lang.InterruptedException: sleep interrupted
	at java.lang.Thread.sleep(Native Method)
	at java.lang.Thread.sleep(Thread.java:340)
	at java.util.concurrent.TimeUnit.sleep(TimeUnit.java:386)
	at org.apache.ratis.util.TimeDuration.sleep(TimeDuration.java:324)
	at org.apache.ratis.util.TimeDuration.sleep(TimeDuration.java:309)
	at org.apache.ratis.server.impl.FollowerState.run(FollowerState.java:118)
2021-08-12 00:19:40,826 [grpc-default-executor-1] INFO  server.RaftServer$Division (RaftServerImpl.java:requestVote(1075)) - 9844affe-c598-4e78-82ce-ffb4ab001b60@group-9F4148ED38EC replies to ELECTION vote request: f396bb35-69a0-4f96-b6c4-c95f49adeaa7<-9844affe-c598-4e78-82ce-ffb4ab001b60#0:FAIL-t2. Peer's state: 9844affe-c598-4e78-82ce-ffb4ab001b60@group-9F4148ED38EC:t2, leader=null, voted=null, raftlog=9844affe-c598-4e78-82ce-ffb4ab001b60@group-9F4148ED38EC-SegmentedRaftLog:OPENED:c-1,f-1,i0, conf=-1: [f396bb35-69a0-4f96-b6c4-c95f49adeaa7|rpc:10.1.0.26:37447|dataStream:|priority:0, b066bd09-7d5e-4568-b961-feea469aecd1|rpc:10.1.0.26:41439|dataStream:|priority:0, 9844affe-c598-4e78-82ce-ffb4ab001b60|rpc:10.1.0.26:43641|dataStream:|priority:1], old=null
2021-08-12 00:19:40,830 [grpc-default-executor-1] INFO  server.RaftServer$Division (RaftServerImpl.java:requestVote(1043)) - b066bd09-7d5e-4568-b961-feea469aecd1@group-9F4148ED38EC: receive requestVote(ELECTION, f396bb35-69a0-4f96-b6c4-c95f49adeaa7, group-9F4148ED38EC, 2, (t:0, i:0))
2021-08-12 00:19:40,830 [grpc-default-executor-1] INFO  impl.VoteContext (VoteContext.java:log(48)) - b066bd09-7d5e-4568-b961-feea469aecd1@group-9F4148ED38EC-FOLLOWER: accept ELECTION from f396bb35-69a0-4f96-b6c4-c95f49adeaa7: our priority 0 <= candidate's priority 0
2021-08-12 00:19:40,830 [grpc-default-executor-1] INFO  server.RaftServer$Division (RaftServerImpl.java:setRole(285)) - b066bd09-7d5e-4568-b961-feea469aecd1@group-9F4148ED38EC: changes role from  FOLLOWER to FOLLOWER at term 2 for candidate:f396bb35-69a0-4f96-b6c4-c95f49adeaa7
2021-08-12 00:19:40,831 [grpc-default-executor-1] INFO  impl.RoleInfo (RoleInfo.java:shutdownFollowerState(108)) - b066bd09-7d5e-4568-b961-feea469aecd1: shutdown b066bd09-7d5e-4568-b961-feea469aecd1@group-9F4148ED38EC-FollowerState
2021-08-12 00:19:40,831 [grpc-default-executor-1] INFO  impl.RoleInfo (RoleInfo.java:updateAndGet(130)) - b066bd09-7d5e-4568-b961-feea469aecd1: start b066bd09-7d5e-4568-b961-feea469aecd1@group-9F4148ED38EC-FollowerState
2021-08-12 00:19:40,833 [b066bd09-7d5e-4568-b961-feea469aecd1@group-9F4148ED38EC-FollowerState] INFO  impl.FollowerState (FollowerState.java:run(143)) - b066bd09-7d5e-4568-b961-feea469aecd1@group-9F4148ED38EC-FollowerState was interrupted: {}
java.lang.InterruptedException: sleep interrupted
	at java.lang.Thread.sleep(Native Method)
	at java.lang.Thread.sleep(Thread.java:340)
	at java.util.concurrent.TimeUnit.sleep(TimeUnit.java:386)
	at org.apache.ratis.util.TimeDuration.sleep(TimeDuration.java:324)
	at org.apache.ratis.util.TimeDuration.sleep(TimeDuration.java:309)
	at org.apache.ratis.server.impl.FollowerState.run(FollowerState.java:118)
2021-08-12 00:19:40,843 [f396bb35-69a0-4f96-b6c4-c95f49adeaa7@group-9F4148ED38EC-LeaderElection48] INFO  impl.LeaderElection (LeaderElection.java:logAndReturn(89)) - f396bb35-69a0-4f96-b6c4-c95f49adeaa7@group-9F4148ED38EC-LeaderElection48: ELECTION REJECTED received 1 response(s) and 0 exception(s):
2021-08-12 00:19:40,844 [f396bb35-69a0-4f96-b6c4-c95f49adeaa7@group-9F4148ED38EC-LeaderElection48] INFO  impl.LeaderElection (LeaderElection.java:logAndReturn(93)) -   Response 0: f396bb35-69a0-4f96-b6c4-c95f49adeaa7<-9844affe-c598-4e78-82ce-ffb4ab001b60#0:FAIL-t2
2021-08-12 00:19:40,844 [f396bb35-69a0-4f96-b6c4-c95f49adeaa7@group-9F4148ED38EC-LeaderElection48] INFO  impl.LeaderElection (LeaderElection.java:askForVotes(308)) - f396bb35-69a0-4f96-b6c4-c95f49adeaa7@group-9F4148ED38EC-LeaderElection48 ELECTION round 0: result REJECTED
2021-08-12 00:19:40,844 [f396bb35-69a0-4f96-b6c4-c95f49adeaa7@group-9F4148ED38EC-LeaderElection48] INFO  server.RaftServer$Division (RaftServerImpl.java:setRole(285)) - f396bb35-69a0-4f96-b6c4-c95f49adeaa7@group-9F4148ED38EC: changes role from CANDIDATE to FOLLOWER at term 2 for REJECTED
2021-08-12 00:19:40,844 [f396bb35-69a0-4f96-b6c4-c95f49adeaa7@group-9F4148ED38EC-LeaderElection48] INFO  impl.RoleInfo (RoleInfo.java:shutdownLeaderElection(121)) - f396bb35-69a0-4f96-b6c4-c95f49adeaa7: shutdown f396bb35-69a0-4f96-b6c4-c95f49adeaa7@group-9F4148ED38EC-LeaderElection48
2021-08-12 00:19:40,844 [f396bb35-69a0-4f96-b6c4-c95f49adeaa7@group-9F4148ED38EC-LeaderElection48] INFO  impl.RoleInfo (RoleInfo.java:updateAndGet(130)) - f396bb35-69a0-4f96-b6c4-c95f49adeaa7: start f396bb35-69a0-4f96-b6c4-c95f49adeaa7@group-9F4148ED38EC-FollowerState
2021-08-12 00:19:40,844 [grpc-default-executor-1] INFO  server.RaftServer$Division (RaftServerImpl.java:requestVote(1075)) - b066bd09-7d5e-4568-b961-feea469aecd1@group-9F4148ED38EC replies to ELECTION vote request: f396bb35-69a0-4f96-b6c4-c95f49adeaa7<-b066bd09-7d5e-4568-b961-feea469aecd1#0:OK-t2. Peer's state: b066bd09-7d5e-4568-b961-feea469aecd1@group-9F4148ED38EC:t2, leader=null, voted=f396bb35-69a0-4f96-b6c4-c95f49adeaa7, raftlog=b066bd09-7d5e-4568-b961-feea469aecd1@group-9F4148ED38EC-SegmentedRaftLog:OPENED:c-1,f-1,i0, conf=-1: [f396bb35-69a0-4f96-b6c4-c95f49adeaa7|rpc:10.1.0.26:37447|dataStream:|priority:0, b066bd09-7d5e-4568-b961-feea469aecd1|rpc:10.1.0.26:41439|dataStream:|priority:0, 9844affe-c598-4e78-82ce-ffb4ab001b60|rpc:10.1.0.26:43641|dataStream:|priority:1], old=null
2021-08-12 00:19:41,062 [Listener at 127.0.0.1/37815] INFO  ozone.MiniOzoneClusterImpl (MiniOzoneClusterImpl.java:lambda$waitForClusterToBeReady$0(235)) - Nodes are ready. Got 3 of 3 DN Heartbeats.
2021-08-12 00:19:41,062 [Listener at 127.0.0.1/37815] INFO  ozone.MiniOzoneClusterImpl (MiniOzoneClusterImpl.java:lambda$waitForClusterToBeReady$0(238)) - Waiting for cluster to exit safe mode
2021-08-12 00:19:41,062 [Listener at 127.0.0.1/37815] INFO  ozone.MiniOzoneClusterImpl (MiniOzoneClusterImpl.java:lambda$waitForClusterToBeReady$0(240)) - SCM became leader
2021-08-12 00:19:41,209 [f396bb35-69a0-4f96-b6c4-c95f49adeaa7@group-BD5DB61A9C5F-FollowerState] INFO  impl.FollowerState (FollowerState.java:run(134)) - f396bb35-69a0-4f96-b6c4-c95f49adeaa7@group-BD5DB61A9C5F-FollowerState: change to CANDIDATE, lastRpcElapsedTime:5097704832ns, electionTimeout:5066ms
2021-08-12 00:19:41,209 [f396bb35-69a0-4f96-b6c4-c95f49adeaa7@group-BD5DB61A9C5F-FollowerState] INFO  impl.RoleInfo (RoleInfo.java:shutdownFollowerState(108)) - f396bb35-69a0-4f96-b6c4-c95f49adeaa7: shutdown f396bb35-69a0-4f96-b6c4-c95f49adeaa7@group-BD5DB61A9C5F-FollowerState
2021-08-12 00:19:41,209 [f396bb35-69a0-4f96-b6c4-c95f49adeaa7@group-BD5DB61A9C5F-FollowerState] INFO  server.RaftServer$Division (RaftServerImpl.java:setRole(285)) - f396bb35-69a0-4f96-b6c4-c95f49adeaa7@group-BD5DB61A9C5F: changes role from  FOLLOWER to CANDIDATE at term 1 for changeToCandidate
2021-08-12 00:19:41,209 [f396bb35-69a0-4f96-b6c4-c95f49adeaa7@group-BD5DB61A9C5F-FollowerState] INFO  server.RaftServerConfigKeys (ConfUtils.java:logGet(44)) - raft.server.leaderelection.pre-vote = false (custom)
2021-08-12 00:19:41,209 [f396bb35-69a0-4f96-b6c4-c95f49adeaa7@group-BD5DB61A9C5F-FollowerState] INFO  impl.RoleInfo (RoleInfo.java:updateAndGet(130)) - f396bb35-69a0-4f96-b6c4-c95f49adeaa7: start f396bb35-69a0-4f96-b6c4-c95f49adeaa7@group-BD5DB61A9C5F-LeaderElection49
2021-08-12 00:19:41,212 [9844affe-c598-4e78-82ce-ffb4ab001b60@group-BD5DB61A9C5F-FollowerState] INFO  impl.FollowerState (FollowerState.java:run(134)) - 9844affe-c598-4e78-82ce-ffb4ab001b60@group-BD5DB61A9C5F-FollowerState: change to CANDIDATE, lastRpcElapsedTime:5108668384ns, electionTimeout:5106ms
2021-08-12 00:19:41,213 [9844affe-c598-4e78-82ce-ffb4ab001b60@group-BD5DB61A9C5F-FollowerState] INFO  impl.RoleInfo (RoleInfo.java:shutdownFollowerState(108)) - 9844affe-c598-4e78-82ce-ffb4ab001b60: shutdown 9844affe-c598-4e78-82ce-ffb4ab001b60@group-BD5DB61A9C5F-FollowerState
2021-08-12 00:19:41,213 [9844affe-c598-4e78-82ce-ffb4ab001b60@group-BD5DB61A9C5F-FollowerState] INFO  server.RaftServer$Division (RaftServerImpl.java:setRole(285)) - 9844affe-c598-4e78-82ce-ffb4ab001b60@group-BD5DB61A9C5F: changes role from  FOLLOWER to CANDIDATE at term 1 for changeToCandidate
2021-08-12 00:19:41,213 [9844affe-c598-4e78-82ce-ffb4ab001b60@group-BD5DB61A9C5F-FollowerState] INFO  server.RaftServerConfigKeys (ConfUtils.java:logGet(44)) - raft.server.leaderelection.pre-vote = false (custom)
2021-08-12 00:19:41,213 [9844affe-c598-4e78-82ce-ffb4ab001b60@group-BD5DB61A9C5F-FollowerState] INFO  impl.RoleInfo (RoleInfo.java:updateAndGet(130)) - 9844affe-c598-4e78-82ce-ffb4ab001b60: start 9844affe-c598-4e78-82ce-ffb4ab001b60@group-BD5DB61A9C5F-LeaderElection50
2021-08-12 00:19:41,214 [f396bb35-69a0-4f96-b6c4-c95f49adeaa7@group-BD5DB61A9C5F-LeaderElection49] INFO  impl.LeaderElection (LeaderElection.java:askForVotes(306)) - f396bb35-69a0-4f96-b6c4-c95f49adeaa7@group-BD5DB61A9C5F-LeaderElection49 ELECTION round 0: submit vote requests at term 2 for -1: [f396bb35-69a0-4f96-b6c4-c95f49adeaa7|rpc:10.1.0.26:37447|priority:1, 9844affe-c598-4e78-82ce-ffb4ab001b60|rpc:10.1.0.26:43641|priority:0, b066bd09-7d5e-4568-b961-feea469aecd1|rpc:10.1.0.26:41439|priority:0], old=null
2021-08-12 00:19:41,223 [grpc-default-executor-1] INFO  server.RaftServer$Division (RaftServerImpl.java:requestVote(1043)) - 9844affe-c598-4e78-82ce-ffb4ab001b60@group-BD5DB61A9C5F: receive requestVote(ELECTION, f396bb35-69a0-4f96-b6c4-c95f49adeaa7, group-BD5DB61A9C5F, 2, (t:0, i:0))
2021-08-12 00:19:41,233 [grpc-default-executor-0] INFO  server.RaftServer$Division (RaftServerImpl.java:requestVote(1043)) - b066bd09-7d5e-4568-b961-feea469aecd1@group-BD5DB61A9C5F: receive requestVote(ELECTION, f396bb35-69a0-4f96-b6c4-c95f49adeaa7, group-BD5DB61A9C5F, 2, (t:0, i:0))
2021-08-12 00:19:41,234 [grpc-default-executor-0] INFO  impl.VoteContext (VoteContext.java:log(48)) - b066bd09-7d5e-4568-b961-feea469aecd1@group-BD5DB61A9C5F-FOLLOWER: accept ELECTION from f396bb35-69a0-4f96-b6c4-c95f49adeaa7: our priority 0 <= candidate's priority 1
2021-08-12 00:19:41,234 [grpc-default-executor-0] INFO  server.RaftServer$Division (RaftServerImpl.java:setRole(285)) - b066bd09-7d5e-4568-b961-feea469aecd1@group-BD5DB61A9C5F: changes role from  FOLLOWER to FOLLOWER at term 2 for candidate:f396bb35-69a0-4f96-b6c4-c95f49adeaa7
2021-08-12 00:19:41,234 [grpc-default-executor-0] INFO  impl.RoleInfo (RoleInfo.java:shutdownFollowerState(108)) - b066bd09-7d5e-4568-b961-feea469aecd1: shutdown b066bd09-7d5e-4568-b961-feea469aecd1@group-BD5DB61A9C5F-FollowerState
2021-08-12 00:19:41,234 [grpc-default-executor-0] INFO  impl.RoleInfo (RoleInfo.java:updateAndGet(130)) - b066bd09-7d5e-4568-b961-feea469aecd1: start b066bd09-7d5e-4568-b961-feea469aecd1@group-BD5DB61A9C5F-FollowerState
2021-08-12 00:19:41,237 [grpc-default-executor-1] INFO  impl.VoteContext (VoteContext.java:log(48)) - 9844affe-c598-4e78-82ce-ffb4ab001b60@group-BD5DB61A9C5F-CANDIDATE: reject ELECTION from f396bb35-69a0-4f96-b6c4-c95f49adeaa7: already has voted for 9844affe-c598-4e78-82ce-ffb4ab001b60 at current term 2
2021-08-12 00:19:41,237 [grpc-default-executor-1] INFO  server.RaftServer$Division (RaftServerImpl.java:requestVote(1075)) - 9844affe-c598-4e78-82ce-ffb4ab001b60@group-BD5DB61A9C5F replies to ELECTION vote request: f396bb35-69a0-4f96-b6c4-c95f49adeaa7<-9844affe-c598-4e78-82ce-ffb4ab001b60#0:FAIL-t2. Peer's state: 9844affe-c598-4e78-82ce-ffb4ab001b60@group-BD5DB61A9C5F:t2, leader=null, voted=9844affe-c598-4e78-82ce-ffb4ab001b60, raftlog=9844affe-c598-4e78-82ce-ffb4ab001b60@group-BD5DB61A9C5F-SegmentedRaftLog:OPENED:c-1,f-1,i0, conf=-1: [f396bb35-69a0-4f96-b6c4-c95f49adeaa7|rpc:10.1.0.26:37447|dataStream:|priority:1, 9844affe-c598-4e78-82ce-ffb4ab001b60|rpc:10.1.0.26:43641|dataStream:|priority:0, b066bd09-7d5e-4568-b961-feea469aecd1|rpc:10.1.0.26:41439|dataStream:|priority:0], old=null
2021-08-12 00:19:41,239 [9844affe-c598-4e78-82ce-ffb4ab001b60@group-BD5DB61A9C5F-LeaderElection50] INFO  impl.LeaderElection (LeaderElection.java:askForVotes(306)) - 9844affe-c598-4e78-82ce-ffb4ab001b60@group-BD5DB61A9C5F-LeaderElection50 ELECTION round 0: submit vote requests at term 2 for -1: [f396bb35-69a0-4f96-b6c4-c95f49adeaa7|rpc:10.1.0.26:37447|dataStream:|priority:1, 9844affe-c598-4e78-82ce-ffb4ab001b60|rpc:10.1.0.26:43641|dataStream:|priority:0, b066bd09-7d5e-4568-b961-feea469aecd1|rpc:10.1.0.26:41439|dataStream:|priority:0], old=null
2021-08-12 00:19:41,242 [grpc-default-executor-0] INFO  server.RaftServer$Division (RaftServerImpl.java:requestVote(1075)) - b066bd09-7d5e-4568-b961-feea469aecd1@group-BD5DB61A9C5F replies to ELECTION vote request: f396bb35-69a0-4f96-b6c4-c95f49adeaa7<-b066bd09-7d5e-4568-b961-feea469aecd1#0:OK-t2. Peer's state: b066bd09-7d5e-4568-b961-feea469aecd1@group-BD5DB61A9C5F:t2, leader=null, voted=f396bb35-69a0-4f96-b6c4-c95f49adeaa7, raftlog=b066bd09-7d5e-4568-b961-feea469aecd1@group-BD5DB61A9C5F-SegmentedRaftLog:OPENED:c-1,f-1,i0, conf=-1: [f396bb35-69a0-4f96-b6c4-c95f49adeaa7|rpc:10.1.0.26:37447|priority:1, 9844affe-c598-4e78-82ce-ffb4ab001b60|rpc:10.1.0.26:43641|priority:0, b066bd09-7d5e-4568-b961-feea469aecd1|rpc:10.1.0.26:41439|priority:0], old=null
2021-08-12 00:19:41,245 [f396bb35-69a0-4f96-b6c4-c95f49adeaa7@group-BD5DB61A9C5F-LeaderElection49] INFO  impl.LeaderElection (LeaderElection.java:logAndReturn(89)) - f396bb35-69a0-4f96-b6c4-c95f49adeaa7@group-BD5DB61A9C5F-LeaderElection49: ELECTION PASSED received 2 response(s) and 0 exception(s):
2021-08-12 00:19:41,245 [f396bb35-69a0-4f96-b6c4-c95f49adeaa7@group-BD5DB61A9C5F-LeaderElection49] INFO  impl.LeaderElection (LeaderElection.java:logAndReturn(93)) -   Response 0: f396bb35-69a0-4f96-b6c4-c95f49adeaa7<-9844affe-c598-4e78-82ce-ffb4ab001b60#0:FAIL-t2
2021-08-12 00:19:41,245 [f396bb35-69a0-4f96-b6c4-c95f49adeaa7@group-BD5DB61A9C5F-LeaderElection49] INFO  impl.LeaderElection (LeaderElection.java:logAndReturn(93)) -   Response 1: f396bb35-69a0-4f96-b6c4-c95f49adeaa7<-b066bd09-7d5e-4568-b961-feea469aecd1#0:OK-t2
2021-08-12 00:19:41,245 [b066bd09-7d5e-4568-b961-feea469aecd1@group-BD5DB61A9C5F-FollowerState] INFO  impl.FollowerState (FollowerState.java:run(143)) - b066bd09-7d5e-4568-b961-feea469aecd1@group-BD5DB61A9C5F-FollowerState was interrupted: {}
java.lang.InterruptedException: sleep interrupted
	at java.lang.Thread.sleep(Native Method)
	at java.lang.Thread.sleep(Thread.java:340)
	at java.util.concurrent.TimeUnit.sleep(TimeUnit.java:386)
	at org.apache.ratis.util.TimeDuration.sleep(TimeDuration.java:324)
	at org.apache.ratis.util.TimeDuration.sleep(TimeDuration.java:309)
	at org.apache.ratis.server.impl.FollowerState.run(FollowerState.java:118)
2021-08-12 00:19:41,249 [grpc-default-executor-0] INFO  server.RaftServer$Division (RaftServerImpl.java:requestVote(1043)) - f396bb35-69a0-4f96-b6c4-c95f49adeaa7@group-BD5DB61A9C5F: receive requestVote(ELECTION, 9844affe-c598-4e78-82ce-ffb4ab001b60, group-BD5DB61A9C5F, 2, (t:0, i:0))
2021-08-12 00:19:41,249 [grpc-default-executor-0] INFO  impl.VoteContext (VoteContext.java:log(48)) - f396bb35-69a0-4f96-b6c4-c95f49adeaa7@group-BD5DB61A9C5F-CANDIDATE: reject ELECTION from 9844affe-c598-4e78-82ce-ffb4ab001b60: already has voted for f396bb35-69a0-4f96-b6c4-c95f49adeaa7 at current term 2
2021-08-12 00:19:41,249 [grpc-default-executor-0] INFO  server.RaftServer$Division (RaftServerImpl.java:requestVote(1075)) - f396bb35-69a0-4f96-b6c4-c95f49adeaa7@group-BD5DB61A9C5F replies to ELECTION vote request: 9844affe-c598-4e78-82ce-ffb4ab001b60<-f396bb35-69a0-4f96-b6c4-c95f49adeaa7#0:FAIL-t2. Peer's state: f396bb35-69a0-4f96-b6c4-c95f49adeaa7@group-BD5DB61A9C5F:t2, leader=null, voted=f396bb35-69a0-4f96-b6c4-c95f49adeaa7, raftlog=f396bb35-69a0-4f96-b6c4-c95f49adeaa7@group-BD5DB61A9C5F-SegmentedRaftLog:OPENED:c-1,f-1,i0, conf=-1: [f396bb35-69a0-4f96-b6c4-c95f49adeaa7|rpc:10.1.0.26:37447|priority:1, 9844affe-c598-4e78-82ce-ffb4ab001b60|rpc:10.1.0.26:43641|priority:0, b066bd09-7d5e-4568-b961-feea469aecd1|rpc:10.1.0.26:41439|priority:0], old=null
2021-08-12 00:19:41,253 [9844affe-c598-4e78-82ce-ffb4ab001b60@group-BD5DB61A9C5F-LeaderElection50] INFO  impl.LeaderElection (LeaderElection.java:logAndReturn(89)) - 9844affe-c598-4e78-82ce-ffb4ab001b60@group-BD5DB61A9C5F-LeaderElection50: ELECTION REJECTED received 1 response(s) and 0 exception(s):
2021-08-12 00:19:41,253 [9844affe-c598-4e78-82ce-ffb4ab001b60@group-BD5DB61A9C5F-LeaderElection50] INFO  impl.LeaderElection (LeaderElection.java:logAndReturn(93)) -   Response 0: 9844affe-c598-4e78-82ce-ffb4ab001b60<-f396bb35-69a0-4f96-b6c4-c95f49adeaa7#0:FAIL-t2
2021-08-12 00:19:41,253 [9844affe-c598-4e78-82ce-ffb4ab001b60@group-BD5DB61A9C5F-LeaderElection50] INFO  impl.LeaderElection (LeaderElection.java:askForVotes(308)) - 9844affe-c598-4e78-82ce-ffb4ab001b60@group-BD5DB61A9C5F-LeaderElection50 ELECTION round 0: result REJECTED
2021-08-12 00:19:41,254 [9844affe-c598-4e78-82ce-ffb4ab001b60@group-BD5DB61A9C5F-LeaderElection50] INFO  server.RaftServer$Division (RaftServerImpl.java:setRole(285)) - 9844affe-c598-4e78-82ce-ffb4ab001b60@group-BD5DB61A9C5F: changes role from CANDIDATE to FOLLOWER at term 2 for REJECTED
2021-08-12 00:19:41,254 [9844affe-c598-4e78-82ce-ffb4ab001b60@group-BD5DB61A9C5F-LeaderElection50] INFO  impl.RoleInfo (RoleInfo.java:shutdownLeaderElection(121)) - 9844affe-c598-4e78-82ce-ffb4ab001b60: shutdown 9844affe-c598-4e78-82ce-ffb4ab001b60@group-BD5DB61A9C5F-LeaderElection50
2021-08-12 00:19:41,254 [9844affe-c598-4e78-82ce-ffb4ab001b60@group-BD5DB61A9C5F-LeaderElection50] INFO  impl.RoleInfo (RoleInfo.java:updateAndGet(130)) - 9844affe-c598-4e78-82ce-ffb4ab001b60: start 9844affe-c598-4e78-82ce-ffb4ab001b60@group-BD5DB61A9C5F-FollowerState
2021-08-12 00:19:41,256 [grpc-default-executor-0] INFO  server.RaftServer$Division (RaftServerImpl.java:requestVote(1043)) - b066bd09-7d5e-4568-b961-feea469aecd1@group-BD5DB61A9C5F: receive requestVote(ELECTION, 9844affe-c598-4e78-82ce-ffb4ab001b60, group-BD5DB61A9C5F, 2, (t:0, i:0))
2021-08-12 00:19:41,256 [grpc-default-executor-0] INFO  impl.VoteContext (VoteContext.java:log(48)) - b066bd09-7d5e-4568-b961-feea469aecd1@group-BD5DB61A9C5F-FOLLOWER: reject ELECTION from 9844affe-c598-4e78-82ce-ffb4ab001b60: already has voted for f396bb35-69a0-4f96-b6c4-c95f49adeaa7 at current term 2
2021-08-12 00:19:41,256 [grpc-default-executor-0] INFO  server.RaftServer$Division (RaftServerImpl.java:requestVote(1075)) - b066bd09-7d5e-4568-b961-feea469aecd1@group-BD5DB61A9C5F replies to ELECTION vote request: 9844affe-c598-4e78-82ce-ffb4ab001b60<-b066bd09-7d5e-4568-b961-feea469aecd1#0:FAIL-t2. Peer's state: b066bd09-7d5e-4568-b961-feea469aecd1@group-BD5DB61A9C5F:t2, leader=null, voted=f396bb35-69a0-4f96-b6c4-c95f49adeaa7, raftlog=b066bd09-7d5e-4568-b961-feea469aecd1@group-BD5DB61A9C5F-SegmentedRaftLog:OPENED:c-1,f-1,i0, conf=-1: [f396bb35-69a0-4f96-b6c4-c95f49adeaa7|rpc:10.1.0.26:37447|priority:1, 9844affe-c598-4e78-82ce-ffb4ab001b60|rpc:10.1.0.26:43641|priority:0, b066bd09-7d5e-4568-b961-feea469aecd1|rpc:10.1.0.26:41439|priority:0], old=null
2021-08-12 00:19:41,260 [f396bb35-69a0-4f96-b6c4-c95f49adeaa7@group-BD5DB61A9C5F-LeaderElection49] INFO  impl.LeaderElection (LeaderElection.java:askForVotes(308)) - f396bb35-69a0-4f96-b6c4-c95f49adeaa7@group-BD5DB61A9C5F-LeaderElection49 ELECTION round 0: result PASSED
2021-08-12 00:19:41,260 [f396bb35-69a0-4f96-b6c4-c95f49adeaa7@group-BD5DB61A9C5F-LeaderElection49] INFO  impl.RoleInfo (RoleInfo.java:shutdownLeaderElection(121)) - f396bb35-69a0-4f96-b6c4-c95f49adeaa7: shutdown f396bb35-69a0-4f96-b6c4-c95f49adeaa7@group-BD5DB61A9C5F-LeaderElection49
2021-08-12 00:19:41,260 [f396bb35-69a0-4f96-b6c4-c95f49adeaa7@group-BD5DB61A9C5F-LeaderElection49] INFO  server.RaftServer$Division (RaftServerImpl.java:setRole(285)) - f396bb35-69a0-4f96-b6c4-c95f49adeaa7@group-BD5DB61A9C5F: changes role from CANDIDATE to LEADER at term 2 for changeToLeader
2021-08-12 00:19:41,260 [f396bb35-69a0-4f96-b6c4-c95f49adeaa7@group-BD5DB61A9C5F-LeaderElection49] INFO  ratis.XceiverServerRatis (XceiverServerRatis.java:handleLeaderChangedNotification(861)) - Leader change notification received for group: group-BD5DB61A9C5F with new leaderId: f396bb35-69a0-4f96-b6c4-c95f49adeaa7
2021-08-12 00:19:41,260 [f396bb35-69a0-4f96-b6c4-c95f49adeaa7@group-BD5DB61A9C5F-LeaderElection49] INFO  server.RaftServer$Division (ServerState.java:setLeader(285)) - f396bb35-69a0-4f96-b6c4-c95f49adeaa7@group-BD5DB61A9C5F: change Leader from null to f396bb35-69a0-4f96-b6c4-c95f49adeaa7 at term 2 for becomeLeader, leader elected after 10435ms
2021-08-12 00:19:41,260 [f396bb35-69a0-4f96-b6c4-c95f49adeaa7@group-BD5DB61A9C5F-LeaderElection49] INFO  server.RaftServerConfigKeys (ConfUtils.java:logGet(44)) - raft.server.staging.catchup.gap = 1000 (default)
2021-08-12 00:19:41,261 [f396bb35-69a0-4f96-b6c4-c95f49adeaa7@group-BD5DB61A9C5F-LeaderElection49] INFO  server.RaftServerConfigKeys (ConfUtils.java:logGet(44)) - raft.server.write.element-limit = 1024 (custom)
2021-08-12 00:19:41,261 [f396bb35-69a0-4f96-b6c4-c95f49adeaa7@group-BD5DB61A9C5F-LeaderElection49] INFO  server.RaftServerConfigKeys (ConfUtils.java:logGet(44)) - raft.server.write.byte-limit = 1024 M (=1073741824) (custom)
2021-08-12 00:19:41,261 [f396bb35-69a0-4f96-b6c4-c95f49adeaa7@group-BD5DB61A9C5F-LeaderElection49] INFO  server.RaftServerConfigKeys (ConfUtils.java:logGet(44)) - raft.server.watch.timeout = 180s (custom)
2021-08-12 00:19:41,261 [f396bb35-69a0-4f96-b6c4-c95f49adeaa7@group-BD5DB61A9C5F-LeaderElection49] INFO  server.RaftServerConfigKeys (ConfUtils.java:logGet(44)) - raft.server.watch.timeout.denomination = 1s (default)
2021-08-12 00:19:41,261 [f396bb35-69a0-4f96-b6c4-c95f49adeaa7@group-BD5DB61A9C5F-LeaderElection49] INFO  server.RaftServerConfigKeys (ConfUtils.java:logGet(44)) - raft.server.watch.element-limit = 65536 (default)
2021-08-12 00:19:41,261 [f396bb35-69a0-4f96-b6c4-c95f49adeaa7@group-BD5DB61A9C5F-LeaderElection49] INFO  server.RaftServerConfigKeys (ConfUtils.java:logGet(44)) - raft.server.log.appender.snapshot.chunk.size.max = 16MB (=16777216) (default)
2021-08-12 00:19:41,261 [f396bb35-69a0-4f96-b6c4-c95f49adeaa7@group-BD5DB61A9C5F-LeaderElection49] INFO  server.RaftServerConfigKeys (ConfUtils.java:logGet(44)) - raft.server.log.appender.buffer.byte-limit = 33554432 (custom)
2021-08-12 00:19:41,261 [f396bb35-69a0-4f96-b6c4-c95f49adeaa7@group-BD5DB61A9C5F-LeaderElection49] INFO  server.RaftServerConfigKeys (ConfUtils.java:logGet(44)) - raft.server.log.appender.buffer.element-limit = 1 (custom)
2021-08-12 00:19:41,267 [EventQueue-PipelineReportForPipelineReportHandler] INFO  pipeline.PipelineManagerImpl (PipelineManagerImpl.java:openPipeline(283)) - Pipeline Pipeline[ Id: d1c86861-ed37-4361-953f-bd5db61a9c5f, Nodes: 9844affe-c598-4e78-82ce-ffb4ab001b60{ip: 10.1.0.26, host: fv-az122-889.zf1tlrj3kn4expqppa1j4mpycf.xx.internal.cloudapp.net, ports: [REPLICATION=46749, RATIS=43641, RATIS_ADMIN=43641, RATIS_SERVER=43641, STANDALONE=42727], networkLocation: /default-rack, certSerialId: null, persistedOpState: IN_SERVICE, persistedOpStateExpiryEpochSec: 0}b066bd09-7d5e-4568-b961-feea469aecd1{ip: 10.1.0.26, host: fv-az122-889.zf1tlrj3kn4expqppa1j4mpycf.xx.internal.cloudapp.net, ports: [REPLICATION=40645, RATIS=41439, RATIS_ADMIN=41439, RATIS_SERVER=41439, STANDALONE=40799], networkLocation: /default-rack, certSerialId: null, persistedOpState: IN_SERVICE, persistedOpStateExpiryEpochSec: 0}f396bb35-69a0-4f96-b6c4-c95f49adeaa7{ip: 10.1.0.26, host: fv-az122-889.zf1tlrj3kn4expqppa1j4mpycf.xx.internal.cloudapp.net, ports: [REPLICATION=33987, RATIS=37447, RATIS_ADMIN=37447, RATIS_SERVER=37447, STANDALONE=39161], networkLocation: /default-rack, certSerialId: null, persistedOpState: IN_SERVICE, persistedOpStateExpiryEpochSec: 0}, ReplicationConfig: RATIS/THREE, State:ALLOCATED, leaderId:f396bb35-69a0-4f96-b6c4-c95f49adeaa7, CreationTimestamp2021-08-12T00:19:28.080Z[Etc/UTC]] moved to OPEN state
2021-08-12 00:19:41,268 [EventQueue-OpenPipelineForHealthyPipelineSafeModeRule] INFO  safemode.SCMSafeModeManager (HealthyPipelineSafeModeRule.java:process(124)) - SCM in safe mode. Healthy pipelines reported count is 1, required healthy pipeline reported count is 1
2021-08-12 00:19:41,268 [EventQueue-OpenPipelineForHealthyPipelineSafeModeRule] INFO  safemode.SCMSafeModeManager (SCMSafeModeManager.java:validateSafeModeExitRules(204)) - HealthyPipelineSafeModeRule rule is successfully validated
2021-08-12 00:19:41,268 [EventQueue-OpenPipelineForHealthyPipelineSafeModeRule] INFO  safemode.SCMSafeModeManager (SCMSafeModeManager.java:validateSafeModeExitRules(219)) - ScmSafeModeManager, all rules are successfully validated
2021-08-12 00:19:41,268 [EventQueue-OpenPipelineForHealthyPipelineSafeModeRule] INFO  safemode.SCMSafeModeManager (SCMSafeModeManager.java:exitSafeMode(248)) - SCM exiting safe mode.
2021-08-12 00:19:41,268 [EventQueue-OpenPipelineForHealthyPipelineSafeModeRule] WARN  events.EventQueue (EventQueue.java:fireEvent(194)) - No event handler registered for event TypedEvent{payloadType=SafeModeStatus, name='Safe mode status'}
2021-08-12 00:19:41,268 [EventQueue-OpenPipelineForHealthyPipelineSafeModeRule] INFO  ha.SCMContext (SCMContext.java:updateSafeModeStatus(205)) - Update SafeModeStatus from SafeModeStatus{safeModeStatus=true, preCheckPassed=true} to SafeModeStatus{safeModeStatus=false, preCheckPassed=true}.
2021-08-12 00:19:41,268 [EventQueue-OpenPipelineForHealthyPipelineSafeModeRule] INFO  pipeline.BackgroundPipelineCreator (BackgroundPipelineCreatorV2.java:notifyStatusChanged(264)) - Service BackgroundPipelineCreator transitions to RUNNING.
2021-08-12 00:19:41,268 [EventQueue-OpenPipelineForHealthyPipelineSafeModeRule] INFO  container.ReplicationManager (ReplicationManager.java:notifyStatusChanged(1679)) - Service ReplicationManager transitions to RUNNING.
2021-08-12 00:19:41,270 [f396bb35-69a0-4f96-b6c4-c95f49adeaa7@group-BD5DB61A9C5F-LeaderElection49] INFO  grpc.GrpcConfigKeys (ConfUtils.java:logGet(44)) - raft.grpc.server.leader.outstanding.appends.max = 128 (default)
2021-08-12 00:19:41,271 [f396bb35-69a0-4f96-b6c4-c95f49adeaa7@group-BD5DB61A9C5F-LeaderElection49] INFO  server.RaftServerConfigKeys (ConfUtils.java:logGet(44)) - raft.server.rpc.request.timeout = 60s (custom)
2021-08-12 00:19:41,271 [f396bb35-69a0-4f96-b6c4-c95f49adeaa7@group-BD5DB61A9C5F-LeaderElection49] INFO  server.RaftServerConfigKeys (ConfUtils.java:logGet(44)) - raft.server.log.appender.install.snapshot.enabled = false (custom)
2021-08-12 00:19:41,283 [f396bb35-69a0-4f96-b6c4-c95f49adeaa7@group-BD5DB61A9C5F-LeaderElection49] INFO  server.RaftServerConfigKeys (ConfUtils.java:logGet(44)) - raft.server.log.appender.snapshot.chunk.size.max = 16MB (=16777216) (default)
2021-08-12 00:19:41,283 [f396bb35-69a0-4f96-b6c4-c95f49adeaa7@group-BD5DB61A9C5F-LeaderElection49] INFO  server.RaftServerConfigKeys (ConfUtils.java:logGet(44)) - raft.server.log.appender.buffer.byte-limit = 33554432 (custom)
2021-08-12 00:19:41,283 [f396bb35-69a0-4f96-b6c4-c95f49adeaa7@group-BD5DB61A9C5F-LeaderElection49] INFO  server.RaftServerConfigKeys (ConfUtils.java:logGet(44)) - raft.server.log.appender.buffer.element-limit = 1 (custom)
2021-08-12 00:19:41,284 [f396bb35-69a0-4f96-b6c4-c95f49adeaa7@group-BD5DB61A9C5F-LeaderElection49] INFO  grpc.GrpcConfigKeys (ConfUtils.java:logGet(44)) - raft.grpc.server.leader.outstanding.appends.max = 128 (default)
2021-08-12 00:19:41,284 [f396bb35-69a0-4f96-b6c4-c95f49adeaa7@group-BD5DB61A9C5F-LeaderElection49] INFO  server.RaftServerConfigKeys (ConfUtils.java:logGet(44)) - raft.server.rpc.request.timeout = 60s (custom)
2021-08-12 00:19:41,284 [f396bb35-69a0-4f96-b6c4-c95f49adeaa7@group-BD5DB61A9C5F-LeaderElection49] INFO  server.RaftServerConfigKeys (ConfUtils.java:logGet(44)) - raft.server.log.appender.install.snapshot.enabled = false (custom)
2021-08-12 00:19:41,285 [f396bb35-69a0-4f96-b6c4-c95f49adeaa7@group-BD5DB61A9C5F-LeaderElection49] INFO  impl.RoleInfo (RoleInfo.java:updateAndGet(130)) - f396bb35-69a0-4f96-b6c4-c95f49adeaa7: start f396bb35-69a0-4f96-b6c4-c95f49adeaa7@group-BD5DB61A9C5F-LeaderStateImpl
2021-08-12 00:19:41,286 [f396bb35-69a0-4f96-b6c4-c95f49adeaa7@group-BD5DB61A9C5F-LeaderElection49] INFO  segmented.SegmentedRaftLogWorker (SegmentedRaftLogWorker.java:startLogSegment(394)) - f396bb35-69a0-4f96-b6c4-c95f49adeaa7@group-BD5DB61A9C5F-SegmentedRaftLogWorker: Starting segment from index:0
2021-08-12 00:19:41,288 [f396bb35-69a0-4f96-b6c4-c95f49adeaa7@group-BD5DB61A9C5F-SegmentedRaftLogWorker] INFO  segmented.SegmentedRaftLogWorker (SegmentedRaftLogWorker.java:execute(601)) - f396bb35-69a0-4f96-b6c4-c95f49adeaa7@group-BD5DB61A9C5F-SegmentedRaftLogWorker: created new log segment /home/runner/work/ozone/ozone/hadoop-ozone/integration-test/target/test-dir/MiniOzoneClusterImpl-3f855486-d891-4f73-82e2-a28b2591c95d/datanode-0/data/ratis/d1c86861-ed37-4361-953f-bd5db61a9c5f/current/log_inprogress_0
2021-08-12 00:19:41,299 [f396bb35-69a0-4f96-b6c4-c95f49adeaa7@group-BD5DB61A9C5F-LeaderElection49] INFO  server.RaftServer$Division (ServerState.java:setRaftConf(387)) - f396bb35-69a0-4f96-b6c4-c95f49adeaa7@group-BD5DB61A9C5F: set configuration 0: [f396bb35-69a0-4f96-b6c4-c95f49adeaa7|rpc:10.1.0.26:37447|dataStream:|priority:1, 9844affe-c598-4e78-82ce-ffb4ab001b60|rpc:10.1.0.26:43641|dataStream:|priority:0, b066bd09-7d5e-4568-b961-feea469aecd1|rpc:10.1.0.26:41439|dataStream:|priority:0], old=null
2021-08-12 00:19:41,307 [grpc-default-executor-1] INFO  ratis.XceiverServerRatis (XceiverServerRatis.java:handleLeaderChangedNotification(861)) - Leader change notification received for group: group-BD5DB61A9C5F with new leaderId: f396bb35-69a0-4f96-b6c4-c95f49adeaa7
2021-08-12 00:19:41,307 [grpc-default-executor-1] INFO  server.RaftServer$Division (ServerState.java:setLeader(285)) - 9844affe-c598-4e78-82ce-ffb4ab001b60@group-BD5DB61A9C5F: change Leader from null to f396bb35-69a0-4f96-b6c4-c95f49adeaa7 at term 2 for appendEntries, leader elected after 10415ms
2021-08-12 00:19:41,309 [grpc-default-executor-0] INFO  ratis.XceiverServerRatis (XceiverServerRatis.java:handleLeaderChangedNotification(861)) - Leader change notification received for group: group-BD5DB61A9C5F with new leaderId: f396bb35-69a0-4f96-b6c4-c95f49adeaa7
2021-08-12 00:19:41,310 [grpc-default-executor-0] INFO  server.RaftServer$Division (ServerState.java:setLeader(285)) - b066bd09-7d5e-4568-b961-feea469aecd1@group-BD5DB61A9C5F: change Leader from null to f396bb35-69a0-4f96-b6c4-c95f49adeaa7 at term 2 for appendEntries, leader elected after 10506ms
2021-08-12 00:19:41,319 [grpc-default-executor-1] INFO  server.RaftServer$Division (ServerState.java:setRaftConf(387)) - 9844affe-c598-4e78-82ce-ffb4ab001b60@group-BD5DB61A9C5F: set configuration 0: [f396bb35-69a0-4f96-b6c4-c95f49adeaa7|rpc:10.1.0.26:37447|dataStream:|priority:1, 9844affe-c598-4e78-82ce-ffb4ab001b60|rpc:10.1.0.26:43641|dataStream:|priority:0, b066bd09-7d5e-4568-b961-feea469aecd1|rpc:10.1.0.26:41439|dataStream:|priority:0], old=null
2021-08-12 00:19:41,319 [grpc-default-executor-1] INFO  segmented.SegmentedRaftLogWorker (SegmentedRaftLogWorker.java:startLogSegment(394)) - 9844affe-c598-4e78-82ce-ffb4ab001b60@group-BD5DB61A9C5F-SegmentedRaftLogWorker: Starting segment from index:0
2021-08-12 00:19:41,322 [9844affe-c598-4e78-82ce-ffb4ab001b60@group-BD5DB61A9C5F-SegmentedRaftLogWorker] INFO  segmented.SegmentedRaftLogWorker (SegmentedRaftLogWorker.java:execute(601)) - 9844affe-c598-4e78-82ce-ffb4ab001b60@group-BD5DB61A9C5F-SegmentedRaftLogWorker: created new log segment /home/runner/work/ozone/ozone/hadoop-ozone/integration-test/target/test-dir/MiniOzoneClusterImpl-3f855486-d891-4f73-82e2-a28b2591c95d/datanode-2/data/ratis/d1c86861-ed37-4361-953f-bd5db61a9c5f/current/log_inprogress_0
2021-08-12 00:19:41,340 [grpc-default-executor-0] INFO  server.RaftServer$Division (ServerState.java:setRaftConf(387)) - b066bd09-7d5e-4568-b961-feea469aecd1@group-BD5DB61A9C5F: set configuration 0: [f396bb35-69a0-4f96-b6c4-c95f49adeaa7|rpc:10.1.0.26:37447|dataStream:|priority:1, 9844affe-c598-4e78-82ce-ffb4ab001b60|rpc:10.1.0.26:43641|dataStream:|priority:0, b066bd09-7d5e-4568-b961-feea469aecd1|rpc:10.1.0.26:41439|dataStream:|priority:0], old=null
2021-08-12 00:19:41,340 [grpc-default-executor-0] INFO  segmented.SegmentedRaftLogWorker (SegmentedRaftLogWorker.java:startLogSegment(394)) - b066bd09-7d5e-4568-b961-feea469aecd1@group-BD5DB61A9C5F-SegmentedRaftLogWorker: Starting segment from index:0
2021-08-12 00:19:41,359 [b066bd09-7d5e-4568-b961-feea469aecd1@group-BD5DB61A9C5F-SegmentedRaftLogWorker] INFO  segmented.SegmentedRaftLogWorker (SegmentedRaftLogWorker.java:execute(601)) - b066bd09-7d5e-4568-b961-feea469aecd1@group-BD5DB61A9C5F-SegmentedRaftLogWorker: created new log segment /home/runner/work/ozone/ozone/hadoop-ozone/integration-test/target/test-dir/MiniOzoneClusterImpl-3f855486-d891-4f73-82e2-a28b2591c95d/datanode-1/data/ratis/d1c86861-ed37-4361-953f-bd5db61a9c5f/current/log_inprogress_0
2021-08-12 00:19:42,062 [Listener at 127.0.0.1/37815] INFO  ozone.MiniOzoneClusterImpl (MiniOzoneClusterImpl.java:lambda$waitForClusterToBeReady$0(235)) - Nodes are ready. Got 3 of 3 DN Heartbeats.
2021-08-12 00:19:42,063 [Listener at 127.0.0.1/37815] INFO  ozone.MiniOzoneClusterImpl (MiniOzoneClusterImpl.java:lambda$waitForClusterToBeReady$0(238)) - Cluster exits safe mode
2021-08-12 00:19:42,063 [Listener at 127.0.0.1/37815] INFO  ozone.MiniOzoneClusterImpl (MiniOzoneClusterImpl.java:lambda$waitForClusterToBeReady$0(240)) - SCM became leader
2021-08-12 00:19:42,063 [Listener at 127.0.0.1/37815] INFO  ha.SequenceIdGenerator (SequenceIdGenerator.java:getNextId(127)) - Allocate a batch for containerId, change lastId from 0 to 1000.
2021-08-12 00:19:43,784 [Listener at 127.0.0.1/37815] ERROR ratis.XceiverServerRatis (XceiverServerRatis.java:triggerPipelineClose(676)) - pipeline Action CLOSE on pipeline PipelineID=d1c86861-ed37-4361-953f-bd5db61a9c5f.Reason : Unspecified failure reported in Ratis log
2021-08-12 00:19:43,784 [Datanode State Machine Thread - 0] WARN  statemachine.StateContext (StateContext.java:execute(621)) - No available thread in pool for past 1 seconds.
2021-08-12 00:19:43,805 [EventQueue-PipelineActionsForPipelineActionHandler] INFO  pipeline.PipelineActionHandler (PipelineActionHandler.java:processPipelineAction(82)) - Received pipeline action CLOSE for PipelineID=d1c86861-ed37-4361-953f-bd5db61a9c5f from datanode 9844affe-c598-4e78-82ce-ffb4ab001b60. Reason : Unspecified failure reported in Ratis log
2021-08-12 00:19:43,852 [EventQueue-PipelineActionsForPipelineActionHandler] INFO  pipeline.PipelineManagerImpl (PipelineManagerImpl.java:closePipeline(343)) - Pipeline Pipeline[ Id: d1c86861-ed37-4361-953f-bd5db61a9c5f, Nodes: 9844affe-c598-4e78-82ce-ffb4ab001b60{ip: 10.1.0.26, host: fv-az122-889.zf1tlrj3kn4expqppa1j4mpycf.xx.internal.cloudapp.net, ports: [REPLICATION=46749, RATIS=43641, RATIS_ADMIN=43641, RATIS_SERVER=43641, STANDALONE=42727], networkLocation: /default-rack, certSerialId: null, persistedOpState: IN_SERVICE, persistedOpStateExpiryEpochSec: 0}b066bd09-7d5e-4568-b961-feea469aecd1{ip: 10.1.0.26, host: fv-az122-889.zf1tlrj3kn4expqppa1j4mpycf.xx.internal.cloudapp.net, ports: [REPLICATION=40645, RATIS=41439, RATIS_ADMIN=41439, RATIS_SERVER=41439, STANDALONE=40799], networkLocation: /default-rack, certSerialId: null, persistedOpState: IN_SERVICE, persistedOpStateExpiryEpochSec: 0}f396bb35-69a0-4f96-b6c4-c95f49adeaa7{ip: 10.1.0.26, host: fv-az122-889.zf1tlrj3kn4expqppa1j4mpycf.xx.internal.cloudapp.net, ports: [REPLICATION=33987, RATIS=37447, RATIS_ADMIN=37447, RATIS_SERVER=37447, STANDALONE=39161], networkLocation: /default-rack, certSerialId: null, persistedOpState: IN_SERVICE, persistedOpStateExpiryEpochSec: 0}, ReplicationConfig: RATIS/THREE, State:OPEN, leaderId:f396bb35-69a0-4f96-b6c4-c95f49adeaa7, CreationTimestamp2021-08-12T00:19:28.080Z[Etc/UTC]] moved to CLOSED state
2021-08-12 00:19:43,855 [EventQueue-PipelineActionsForPipelineActionHandler] INFO  pipeline.RatisPipelineProvider (RatisPipelineProvider.java:lambda$close$1(222)) - Send pipeline:PipelineID=d1c86861-ed37-4361-953f-bd5db61a9c5f close command to datanode 9844affe-c598-4e78-82ce-ffb4ab001b60
2021-08-12 00:19:43,855 [EventQueue-PipelineActionsForPipelineActionHandler] INFO  pipeline.RatisPipelineProvider (RatisPipelineProvider.java:lambda$close$1(222)) - Send pipeline:PipelineID=d1c86861-ed37-4361-953f-bd5db61a9c5f close command to datanode b066bd09-7d5e-4568-b961-feea469aecd1
2021-08-12 00:19:43,856 [EventQueue-PipelineActionsForPipelineActionHandler] INFO  pipeline.RatisPipelineProvider (RatisPipelineProvider.java:lambda$close$1(222)) - Send pipeline:PipelineID=d1c86861-ed37-4361-953f-bd5db61a9c5f close command to datanode f396bb35-69a0-4f96-b6c4-c95f49adeaa7
2021-08-12 00:19:43,858 [EventQueue-PipelineActionsForPipelineActionHandler] INFO  pipeline.PipelineStateManager (PipelineStateManagerV2Impl.java:removePipeline(211)) - Pipeline Pipeline[ Id: d1c86861-ed37-4361-953f-bd5db61a9c5f, Nodes: 9844affe-c598-4e78-82ce-ffb4ab001b60{ip: 10.1.0.26, host: fv-az122-889.zf1tlrj3kn4expqppa1j4mpycf.xx.internal.cloudapp.net, ports: [REPLICATION=46749, RATIS=43641, RATIS_ADMIN=43641, RATIS_SERVER=43641, STANDALONE=42727], networkLocation: /default-rack, certSerialId: null, persistedOpState: IN_SERVICE, persistedOpStateExpiryEpochSec: 0}b066bd09-7d5e-4568-b961-feea469aecd1{ip: 10.1.0.26, host: fv-az122-889.zf1tlrj3kn4expqppa1j4mpycf.xx.internal.cloudapp.net, ports: [REPLICATION=40645, RATIS=41439, RATIS_ADMIN=41439, RATIS_SERVER=41439, STANDALONE=40799], networkLocation: /default-rack, certSerialId: null, persistedOpState: IN_SERVICE, persistedOpStateExpiryEpochSec: 0}f396bb35-69a0-4f96-b6c4-c95f49adeaa7{ip: 10.1.0.26, host: fv-az122-889.zf1tlrj3kn4expqppa1j4mpycf.xx.internal.cloudapp.net, ports: [REPLICATION=33987, RATIS=37447, RATIS_ADMIN=37447, RATIS_SERVER=37447, STANDALONE=39161], networkLocation: /default-rack, certSerialId: null, persistedOpState: IN_SERVICE, persistedOpStateExpiryEpochSec: 0}, ReplicationConfig: RATIS/THREE, State:CLOSED, leaderId:f396bb35-69a0-4f96-b6c4-c95f49adeaa7, CreationTimestamp2021-08-12T00:19:28.080Z[Etc/UTC]] removed.
2021-08-12 00:19:43,922 [EventQueue-CloseContainerForCloseContainerEventHandler] INFO  container.CloseContainerEventHandler (CloseContainerEventHandler.java:onMessage(69)) - Close container Event triggered for container : #1
2021-08-12 00:19:43,923 [EventQueue-CloseContainerForCloseContainerEventHandler] INFO  pipeline.PipelineStateManager (PipelineStateManagerV2Impl.java:removeContainerFromPipeline(237)) - Pipeline PipelineID=d1c86861-ed37-4361-953f-bd5db61a9c5f is not found in the pipeline2ContainerMap. Pipeline may have been closed already.
2021-08-12 00:19:43,930 [EventQueue-CloseContainerForCloseContainerEventHandler] INFO  container.CloseContainerEventHandler (CloseContainerEventHandler.java:onMessage(69)) - Close container Event triggered for container : #2
2021-08-12 00:19:43,931 [EventQueue-CloseContainerForCloseContainerEventHandler] INFO  pipeline.PipelineStateManager (PipelineStateManagerV2Impl.java:removeContainerFromPipeline(237)) - Pipeline PipelineID=d1c86861-ed37-4361-953f-bd5db61a9c5f is not found in the pipeline2ContainerMap. Pipeline may have been closed already.
2021-08-12 00:19:44,227 [Listener at 127.0.0.1/37815] INFO  ozone.MiniOzoneClusterImpl (MiniOzoneClusterImpl.java:shutdown(453)) - Shutting down the Mini Ozone Cluster
2021-08-12 00:19:44,227 [Listener at 127.0.0.1/37815] INFO  ozone.MiniOzoneClusterImpl (MiniOzoneClusterImpl.java:stop(468)) - Stopping the Mini Ozone Cluster
2021-08-12 00:19:44,233 [Listener at 127.0.0.1/37815] INFO  ozone.MiniOzoneClusterImpl (MiniOzoneClusterImpl.java:stopOM(550)) - Stopping the OzoneManager
2021-08-12 00:19:44,233 [Listener at 127.0.0.1/37815] INFO  om.OzoneManager (OzoneManager.java:stop(1632)) - Stopping Ozone Manager
2021-08-12 00:19:44,233 [Listener at 127.0.0.1/37815] INFO  ipc.Server (Server.java:stop(3414)) - Stopping server on 37815
2021-08-12 00:19:44,288 [Command processor thread] INFO  server.RaftServer (RaftServerProxy.java:remove(106)) - f396bb35-69a0-4f96-b6c4-c95f49adeaa7: remove    LEADER f396bb35-69a0-4f96-b6c4-c95f49adeaa7@group-BD5DB61A9C5F:t2, leader=f396bb35-69a0-4f96-b6c4-c95f49adeaa7, voted=f396bb35-69a0-4f96-b6c4-c95f49adeaa7, raftlog=f396bb35-69a0-4f96-b6c4-c95f49adeaa7@group-BD5DB61A9C5F-SegmentedRaftLog:OPENED:c0,f0,i0, conf=0: [f396bb35-69a0-4f96-b6c4-c95f49adeaa7|rpc:10.1.0.26:37447|dataStream:|priority:1, 9844affe-c598-4e78-82ce-ffb4ab001b60|rpc:10.1.0.26:43641|dataStream:|priority:0, b066bd09-7d5e-4568-b961-feea469aecd1|rpc:10.1.0.26:41439|dataStream:|priority:0], old=null RUNNING
2021-08-12 00:19:44,288 [Command processor thread] INFO  server.RaftServer$Division (RaftServerImpl.java:lambda$close$4(407)) - f396bb35-69a0-4f96-b6c4-c95f49adeaa7@group-BD5DB61A9C5F: shutdown
2021-08-12 00:19:44,289 [Command processor thread] INFO  util.JmxRegister (JmxRegister.java:unregister(73)) - Successfully un-registered JMX Bean with object name Ratis:service=RaftServer,group=group-BD5DB61A9C5F,id=f396bb35-69a0-4f96-b6c4-c95f49adeaa7
2021-08-12 00:19:44,289 [Command processor thread] INFO  impl.RoleInfo (RoleInfo.java:shutdownLeaderState(91)) - f396bb35-69a0-4f96-b6c4-c95f49adeaa7: shutdown f396bb35-69a0-4f96-b6c4-c95f49adeaa7@group-BD5DB61A9C5F-LeaderStateImpl
2021-08-12 00:19:44,289 [f396bb35-69a0-4f96-b6c4-c95f49adeaa7@group-BD5DB61A9C5F->b066bd09-7d5e-4568-b961-feea469aecd1-GrpcLogAppender-LogAppenderDaemon] WARN  server.GrpcLogAppender (GrpcLogAppender.java:mayWait(175)) - f396bb35-69a0-4f96-b6c4-c95f49adeaa7@group-BD5DB61A9C5F->b066bd09-7d5e-4568-b961-feea469aecd1-GrpcLogAppender: Wait interrupted by java.lang.InterruptedException
2021-08-12 00:19:44,290 [f396bb35-69a0-4f96-b6c4-c95f49adeaa7@group-BD5DB61A9C5F->9844affe-c598-4e78-82ce-ffb4ab001b60-GrpcLogAppender-LogAppenderDaemon] WARN  server.GrpcLogAppender (GrpcLogAppender.java:mayWait(175)) - f396bb35-69a0-4f96-b6c4-c95f49adeaa7@group-BD5DB61A9C5F->9844affe-c598-4e78-82ce-ffb4ab001b60-GrpcLogAppender: Wait interrupted by java.lang.InterruptedException
2021-08-12 00:19:44,291 [grpc-default-executor-1] INFO  server.GrpcServerProtocolService (GrpcServerProtocolService.java:onCompleted(140)) - b066bd09-7d5e-4568-b961-feea469aecd1: Completed APPEND_ENTRIES, lastRequest: f396bb35-69a0-4f96-b6c4-c95f49adeaa7->b066bd09-7d5e-4568-b961-feea469aecd1#1-t2,previous=(t:0, i:0),leaderCommit=0,initializing? true,entries: size=1, first=(t:2, i:0), CONFIGURATIONENTRY
2021-08-12 00:19:44,294 [grpc-default-executor-2] INFO  server.GrpcLogAppender (GrpcLogAppender.java:onCompleted(344)) - f396bb35-69a0-4f96-b6c4-c95f49adeaa7@group-BD5DB61A9C5F->b066bd09-7d5e-4568-b961-feea469aecd1-AppendLogResponseHandler: follower responses appendEntries COMPLETED
2021-08-12 00:19:44,295 [grpc-default-executor-2] INFO  leader.FollowerInfo (FollowerInfoImpl.java:lambda$new$0(46)) - f396bb35-69a0-4f96-b6c4-c95f49adeaa7@group-BD5DB61A9C5F->b066bd09-7d5e-4568-b961-feea469aecd1: nextIndex: updateUnconditionally 1 -> 0
2021-08-12 00:19:44,295 [grpc-default-executor-1] INFO  server.GrpcServerProtocolService (GrpcServerProtocolService.java:onCompleted(140)) - 9844affe-c598-4e78-82ce-ffb4ab001b60: Completed APPEND_ENTRIES, lastRequest: f396bb35-69a0-4f96-b6c4-c95f49adeaa7->9844affe-c598-4e78-82ce-ffb4ab001b60#1-t2,previous=(t:0, i:0),leaderCommit=-1,initializing? true,entries: size=1, first=(t:2, i:0), CONFIGURATIONENTRY
2021-08-12 00:19:44,297 [grpc-default-executor-2] INFO  server.GrpcLogAppender (GrpcLogAppender.java:onCompleted(344)) - f396bb35-69a0-4f96-b6c4-c95f49adeaa7@group-BD5DB61A9C5F->9844affe-c598-4e78-82ce-ffb4ab001b60-AppendLogResponseHandler: follower responses appendEntries COMPLETED
2021-08-12 00:19:44,297 [grpc-default-executor-2] INFO  leader.FollowerInfo (FollowerInfoImpl.java:lambda$new$0(46)) - f396bb35-69a0-4f96-b6c4-c95f49adeaa7@group-BD5DB61A9C5F->9844affe-c598-4e78-82ce-ffb4ab001b60: nextIndex: updateUnconditionally 1 -> 0
2021-08-12 00:19:44,290 [Command processor thread] INFO  impl.PendingRequests (PendingRequests.java:sendNotLeaderResponses(282)) - f396bb35-69a0-4f96-b6c4-c95f49adeaa7@group-BD5DB61A9C5F-PendingRequests: sendNotLeaderResponses
2021-08-12 00:19:44,305 [f396bb35-69a0-4f96-b6c4-c95f49adeaa7@group-BD5DB61A9C5F-StateMachineUpdater] INFO  ratis.ContainerStateMachine (ContainerStateMachine.java:takeSnapshot(293)) - group-BD5DB61A9C5F: Taking a snapshot at:(t:2, i:0) file /home/runner/work/ozone/ozone/hadoop-ozone/integration-test/target/test-dir/MiniOzoneClusterImpl-3f855486-d891-4f73-82e2-a28b2591c95d/datanode-0/data/ratis/d1c86861-ed37-4361-953f-bd5db61a9c5f/sm/snapshot.2_0
2021-08-12 00:19:44,305 [Command processor thread] INFO  impl.StateMachineUpdater (StateMachineUpdater.java:stopAndJoin(149)) - f396bb35-69a0-4f96-b6c4-c95f49adeaa7@group-BD5DB61A9C5F-StateMachineUpdater: set stopIndex = 0
2021-08-12 00:19:44,315 [f396bb35-69a0-4f96-b6c4-c95f49adeaa7@group-BD5DB61A9C5F-StateMachineUpdater] INFO  ratis.ContainerStateMachine (ContainerStateMachine.java:takeSnapshot(304)) - group-BD5DB61A9C5F: Finished taking a snapshot at:(t:2, i:0) file:/home/runner/work/ozone/ozone/hadoop-ozone/integration-test/target/test-dir/MiniOzoneClusterImpl-3f855486-d891-4f73-82e2-a28b2591c95d/datanode-0/data/ratis/d1c86861-ed37-4361-953f-bd5db61a9c5f/sm/snapshot.2_0 took: 10 ms
2021-08-12 00:19:44,315 [f396bb35-69a0-4f96-b6c4-c95f49adeaa7@group-BD5DB61A9C5F-StateMachineUpdater] INFO  impl.StateMachineUpdater (StateMachineUpdater.java:takeSnapshot(281)) - f396bb35-69a0-4f96-b6c4-c95f49adeaa7@group-BD5DB61A9C5F-StateMachineUpdater: Took a snapshot at index 0
2021-08-12 00:19:44,315 [f396bb35-69a0-4f96-b6c4-c95f49adeaa7@group-BD5DB61A9C5F-StateMachineUpdater] INFO  impl.StateMachineUpdater (StateMachineUpdater.java:lambda$new$0(89)) - f396bb35-69a0-4f96-b6c4-c95f49adeaa7@group-BD5DB61A9C5F-StateMachineUpdater: snapshotIndex: updateIncreasingly -1 -> 0
2021-08-12 00:19:44,316 [Command processor thread] INFO  server.RaftServer$Division (ServerState.java:close(419)) - f396bb35-69a0-4f96-b6c4-c95f49adeaa7@group-BD5DB61A9C5F: closes. applyIndex: 0
2021-08-12 00:19:44,317 [f396bb35-69a0-4f96-b6c4-c95f49adeaa7@group-BD5DB61A9C5F-SegmentedRaftLogWorker] INFO  segmented.SegmentedRaftLogWorker (SegmentedRaftLogWorker.java:run(327)) - f396bb35-69a0-4f96-b6c4-c95f49adeaa7@group-BD5DB61A9C5F-SegmentedRaftLogWorker was interrupted, exiting. There are 0 tasks remaining in the queue.
2021-08-12 00:19:44,322 [IPC Server listener on 0] INFO  ipc.Server (Server.java:run(1376)) - Stopping IPC Server listener on 0
2021-08-12 00:19:44,322 [IPC Server Responder] INFO  ipc.Server (Server.java:run(1512)) - Stopping IPC Server Responder
2021-08-12 00:19:44,322 [Listener at 127.0.0.1/37815] INFO  server.RaftServer (RaftServerProxy.java:lambda$close$6(391)) - om1: close
2021-08-12 00:19:44,322 [Listener at 127.0.0.1/37815] INFO  server.RaftServer$Division (RaftServerImpl.java:lambda$close$4(407)) - om1@group-C5BA1605619E: shutdown
2021-08-12 00:19:44,323 [Listener at 127.0.0.1/37815] INFO  util.JmxRegister (JmxRegister.java:unregister(73)) - Successfully un-registered JMX Bean with object name Ratis:service=RaftServer,group=group-C5BA1605619E,id=om1
2021-08-12 00:19:44,323 [Listener at 127.0.0.1/37815] INFO  impl.RoleInfo (RoleInfo.java:shutdownLeaderState(91)) - om1: shutdown om1@group-C5BA1605619E-LeaderStateImpl
2021-08-12 00:19:44,323 [Listener at 127.0.0.1/37815] INFO  impl.PendingRequests (PendingRequests.java:sendNotLeaderResponses(282)) - om1@group-C5BA1605619E-PendingRequests: sendNotLeaderResponses
2021-08-12 00:19:44,327 [om1@group-C5BA1605619E-StateMachineUpdater] INFO  ratis.OzoneManagerStateMachine (OzoneManagerStateMachine.java:takeSnapshot(417)) - Current Snapshot Index (t:1, i:0)
2021-08-12 00:19:44,327 [om1@group-C5BA1605619E-StateMachineUpdater] INFO  impl.StateMachineUpdater (StateMachineUpdater.java:takeSnapshot(281)) - om1@group-C5BA1605619E-StateMachineUpdater: Took a snapshot at index 0
2021-08-12 00:19:44,327 [om1@group-C5BA1605619E-StateMachineUpdater] INFO  impl.StateMachineUpdater (StateMachineUpdater.java:lambda$new$0(89)) - om1@group-C5BA1605619E-StateMachineUpdater: snapshotIndex: updateIncreasingly -1 -> 0
2021-08-12 00:19:44,327 [om1@group-C5BA1605619E-StateMachineUpdater] INFO  ratis.OzoneManagerStateMachine (OzoneManagerStateMachine.java:close(471)) - StateMachine has shutdown. Shutdown OzoneManager if not already shutdown.
2021-08-12 00:19:44,328 [Listener at 127.0.0.1/37815] INFO  impl.StateMachineUpdater (StateMachineUpdater.java:stopAndJoin(149)) - om1@group-C5BA1605619E-StateMachineUpdater: set stopIndex = 0
2021-08-12 00:19:44,328 [Listener at 127.0.0.1/37815] INFO  server.RaftServer$Division (ServerState.java:close(419)) - om1@group-C5BA1605619E: closes. applyIndex: 0
2021-08-12 00:19:44,334 [om1@group-C5BA1605619E-SegmentedRaftLogWorker] INFO  segmented.SegmentedRaftLogWorker (SegmentedRaftLogWorker.java:run(327)) - om1@group-C5BA1605619E-SegmentedRaftLogWorker was interrupted, exiting. There are 0 tasks remaining in the queue.
2021-08-12 00:19:44,339 [Command processor thread] INFO  segmented.SegmentedRaftLogWorker (SegmentedRaftLogWorker.java:close(237)) - f396bb35-69a0-4f96-b6c4-c95f49adeaa7@group-BD5DB61A9C5F-SegmentedRaftLogWorker close()
2021-08-12 00:19:44,340 [Listener at 127.0.0.1/37815] INFO  segmented.SegmentedRaftLogWorker (SegmentedRaftLogWorker.java:close(237)) - om1@group-C5BA1605619E-SegmentedRaftLogWorker close()
2021-08-12 00:19:44,343 [Listener at 127.0.0.1/37815] INFO  server.GrpcService (GrpcService.java:closeImpl(262)) - om1: shutdown server with port 9872 now
2021-08-12 00:19:44,344 [Command processor thread] INFO  server.RaftServer$Division (RaftServerImpl.java:groupRemove(377)) - f396bb35-69a0-4f96-b6c4-c95f49adeaa7@group-BD5DB61A9C5F: Succeed to remove RaftStorageDirectory Storage Directory /home/runner/work/ozone/ozone/hadoop-ozone/integration-test/target/test-dir/MiniOzoneClusterImpl-3f855486-d891-4f73-82e2-a28b2591c95d/datanode-0/data/ratis/d1c86861-ed37-4361-953f-bd5db61a9c5f
2021-08-12 00:19:44,344 [Command processor thread] INFO  commandhandler.ClosePipelineCommandHandler (ClosePipelineCommandHandler.java:handle(75)) - Close Pipeline PipelineID=d1c86861-ed37-4361-953f-bd5db61a9c5f command on datanode f396bb35-69a0-4f96-b6c4-c95f49adeaa7.
2021-08-12 00:19:44,346 [Listener at 127.0.0.1/37815] INFO  server.GrpcService (GrpcService.java:closeImpl(271)) - om1: shutdown server with port 9872 successfully
2021-08-12 00:19:44,348 [org.apache.ratis.util.JvmPauseMonitor$$Lambda$531/1449527477@675c7f96] INFO  util.JvmPauseMonitor (JvmPauseMonitor.java:run(109)) - JvmPauseMonitor-om1: Stopped
2021-08-12 00:19:44,350 [Listener at 127.0.0.1/37815] INFO  ratis.OzoneManagerDoubleBuffer (OzoneManagerDoubleBuffer.java:stop(437)) - Stopping OMDoubleBuffer flush thread
2021-08-12 00:19:44,350 [OMDoubleBufferFlushThread] INFO  ratis.OzoneManagerDoubleBuffer (OzoneManagerDoubleBuffer.java:flushTransactions(356)) - OMDoubleBuffer flush thread OMDoubleBufferFlushThread is interrupted and will exit. OMDoubleBufferFlushThread
2021-08-12 00:19:44,351 [Listener at 127.0.0.1/37815] INFO  utils.BackgroundService (BackgroundService.java:shutdown(132)) - Shutting down service KeyDeletingService
2021-08-12 00:19:44,352 [Listener at 127.0.0.1/37815] INFO  handler.ContextHandler (ContextHandler.java:doStop(1153)) - Stopped o.e.j.w.WebAppContext@213154d0{ozoneManager,/,null,STOPPED}{file:/home/runner/work/ozone/ozone/hadoop-ozone/integration-test/target/test-classes/webapps/ozoneManager}
2021-08-12 00:19:44,359 [Listener at 127.0.0.1/37815] INFO  server.AbstractConnector (AbstractConnector.java:doStop(381)) - Stopped ServerConnector@39fe3818{HTTP/1.1, (http/1.1)}{0.0.0.0:0}
2021-08-12 00:19:44,359 [Listener at 127.0.0.1/37815] INFO  server.session (HouseKeeper.java:stopScavenging(149)) - node0 Stopped scavenging
2021-08-12 00:19:44,360 [Listener at 127.0.0.1/37815] INFO  handler.ContextHandler (ContextHandler.java:doStop(1153)) - Stopped o.e.j.s.ServletContextHandler@4333db67{static,/static,file:///home/runner/work/ozone/ozone/hadoop-ozone/integration-test/target/test-classes/webapps/static,STOPPED}
2021-08-12 00:19:44,360 [Listener at 127.0.0.1/37815] INFO  handler.ContextHandler (ContextHandler.java:doStop(1153)) - Stopped o.e.j.s.ServletContextHandler@645ff776{logs,/logs,file:///home/runner/work/ozone/ozone/hadoop-ozone/integration-test/target/log,STOPPED}
2021-08-12 00:19:44,410 [Listener at 127.0.0.1/37815] INFO  ozone.MiniOzoneClusterImpl (MiniOzoneClusterImpl.java:stopDatanodes(527)) - Stopping the HddsDatanodes
2021-08-12 00:19:45,017 [Datanode State Machine Thread - 0] INFO  statemachine.DatanodeStateMachine (DatanodeStateMachine.java:lambda$startDaemon$0(457)) - Ozone container server started.
2021-08-12 00:19:45,269 [Datanode State Machine Thread - 0] INFO  statemachine.DatanodeStateMachine (DatanodeStateMachine.java:lambda$startDaemon$0(457)) - Ozone container server started.
2021-08-12 00:19:45,790 [Command processor thread] INFO  server.RaftServer (RaftServerProxy.java:remove(106)) - 9844affe-c598-4e78-82ce-ffb4ab001b60: remove  FOLLOWER 9844affe-c598-4e78-82ce-ffb4ab001b60@group-BD5DB61A9C5F:t2, leader=f396bb35-69a0-4f96-b6c4-c95f49adeaa7, voted=9844affe-c598-4e78-82ce-ffb4ab001b60, raftlog=9844affe-c598-4e78-82ce-ffb4ab001b60@group-BD5DB61A9C5F-SegmentedRaftLog:OPENED:c0,f0,i0, conf=0: [f396bb35-69a0-4f96-b6c4-c95f49adeaa7|rpc:10.1.0.26:37447|dataStream:|priority:1, 9844affe-c598-4e78-82ce-ffb4ab001b60|rpc:10.1.0.26:43641|dataStream:|priority:0, b066bd09-7d5e-4568-b961-feea469aecd1|rpc:10.1.0.26:41439|dataStream:|priority:0], old=null RUNNING
2021-08-12 00:19:45,791 [Command processor thread] INFO  server.RaftServer$Division (RaftServerImpl.java:lambda$close$4(407)) - 9844affe-c598-4e78-82ce-ffb4ab001b60@group-BD5DB61A9C5F: shutdown
2021-08-12 00:19:45,791 [Command processor thread] INFO  util.JmxRegister (JmxRegister.java:unregister(73)) - Successfully un-registered JMX Bean with object name Ratis:service=RaftServer,group=group-BD5DB61A9C5F,id=9844affe-c598-4e78-82ce-ffb4ab001b60
2021-08-12 00:19:45,791 [Command processor thread] INFO  impl.RoleInfo (RoleInfo.java:shutdownFollowerState(108)) - 9844affe-c598-4e78-82ce-ffb4ab001b60: shutdown 9844affe-c598-4e78-82ce-ffb4ab001b60@group-BD5DB61A9C5F-FollowerState
2021-08-12 00:19:45,791 [Command processor thread] INFO  impl.StateMachineUpdater (StateMachineUpdater.java:stopAndJoin(149)) - 9844affe-c598-4e78-82ce-ffb4ab001b60@group-BD5DB61A9C5F-StateMachineUpdater: set stopIndex = 0
2021-08-12 00:19:45,794 [9844affe-c598-4e78-82ce-ffb4ab001b60@group-BD5DB61A9C5F-FollowerState] INFO  impl.FollowerState (FollowerState.java:run(143)) - 9844affe-c598-4e78-82ce-ffb4ab001b60@group-BD5DB61A9C5F-FollowerState was interrupted: {}
java.lang.InterruptedException: sleep interrupted
	at java.lang.Thread.sleep(Native Method)
	at java.lang.Thread.sleep(Thread.java:340)
	at java.util.concurrent.TimeUnit.sleep(TimeUnit.java:386)
	at org.apache.ratis.util.TimeDuration.sleep(TimeDuration.java:324)
	at org.apache.ratis.util.TimeDuration.sleep(TimeDuration.java:309)
	at org.apache.ratis.server.impl.FollowerState.run(FollowerState.java:118)
2021-08-12 00:19:45,796 [9844affe-c598-4e78-82ce-ffb4ab001b60@group-BD5DB61A9C5F-StateMachineUpdater] INFO  ratis.ContainerStateMachine (ContainerStateMachine.java:takeSnapshot(293)) - group-BD5DB61A9C5F: Taking a snapshot at:(t:2, i:0) file /home/runner/work/ozone/ozone/hadoop-ozone/integration-test/target/test-dir/MiniOzoneClusterImpl-3f855486-d891-4f73-82e2-a28b2591c95d/datanode-2/data/ratis/d1c86861-ed37-4361-953f-bd5db61a9c5f/sm/snapshot.2_0
2021-08-12 00:19:45,802 [9844affe-c598-4e78-82ce-ffb4ab001b60@group-BD5DB61A9C5F-StateMachineUpdater] INFO  ratis.ContainerStateMachine (ContainerStateMachine.java:takeSnapshot(304)) - group-BD5DB61A9C5F: Finished taking a snapshot at:(t:2, i:0) file:/home/runner/work/ozone/ozone/hadoop-ozone/integration-test/target/test-dir/MiniOzoneClusterImpl-3f855486-d891-4f73-82e2-a28b2591c95d/datanode-2/data/ratis/d1c86861-ed37-4361-953f-bd5db61a9c5f/sm/snapshot.2_0 took: 6 ms
2021-08-12 00:19:45,803 [9844affe-c598-4e78-82ce-ffb4ab001b60@group-BD5DB61A9C5F-StateMachineUpdater] INFO  impl.StateMachineUpdater (StateMachineUpdater.java:takeSnapshot(281)) - 9844affe-c598-4e78-82ce-ffb4ab001b60@group-BD5DB61A9C5F-StateMachineUpdater: Took a snapshot at index 0
2021-08-12 00:19:45,803 [9844affe-c598-4e78-82ce-ffb4ab001b60@group-BD5DB61A9C5F-StateMachineUpdater] INFO  impl.StateMachineUpdater (StateMachineUpdater.java:lambda$new$0(89)) - 9844affe-c598-4e78-82ce-ffb4ab001b60@group-BD5DB61A9C5F-StateMachineUpdater: snapshotIndex: updateIncreasingly -1 -> 0
2021-08-12 00:19:45,804 [Command processor thread] INFO  server.RaftServer$Division (ServerState.java:close(419)) - 9844affe-c598-4e78-82ce-ffb4ab001b60@group-BD5DB61A9C5F: closes. applyIndex: 0
2021-08-12 00:19:45,804 [9844affe-c598-4e78-82ce-ffb4ab001b60@group-BD5DB61A9C5F-SegmentedRaftLogWorker] INFO  segmented.SegmentedRaftLogWorker (SegmentedRaftLogWorker.java:run(327)) - 9844affe-c598-4e78-82ce-ffb4ab001b60@group-BD5DB61A9C5F-SegmentedRaftLogWorker was interrupted, exiting. There are 0 tasks remaining in the queue.
2021-08-12 00:19:45,805 [Command processor thread] INFO  segmented.SegmentedRaftLogWorker (SegmentedRaftLogWorker.java:close(237)) - 9844affe-c598-4e78-82ce-ffb4ab001b60@group-BD5DB61A9C5F-SegmentedRaftLogWorker close()
2021-08-12 00:19:45,809 [Command processor thread] INFO  server.RaftServer$Division (RaftServerImpl.java:groupRemove(377)) - 9844affe-c598-4e78-82ce-ffb4ab001b60@group-BD5DB61A9C5F: Succeed to remove RaftStorageDirectory Storage Directory /home/runner/work/ozone/ozone/hadoop-ozone/integration-test/target/test-dir/MiniOzoneClusterImpl-3f855486-d891-4f73-82e2-a28b2591c95d/datanode-2/data/ratis/d1c86861-ed37-4361-953f-bd5db61a9c5f
2021-08-12 00:19:45,810 [Command processor thread] INFO  commandhandler.ClosePipelineCommandHandler (ClosePipelineCommandHandler.java:handle(75)) - Close Pipeline PipelineID=d1c86861-ed37-4361-953f-bd5db61a9c5f command on datanode 9844affe-c598-4e78-82ce-ffb4ab001b60.
2021-08-12 00:19:45,923 [9844affe-c598-4e78-82ce-ffb4ab001b60@group-9F4148ED38EC-FollowerState] INFO  impl.FollowerState (FollowerState.java:run(134)) - 9844affe-c598-4e78-82ce-ffb4ab001b60@group-9F4148ED38EC-FollowerState: change to CANDIDATE, lastRpcElapsedTime:5103262329ns, electionTimeout:5068ms
2021-08-12 00:19:45,927 [9844affe-c598-4e78-82ce-ffb4ab001b60@group-9F4148ED38EC-FollowerState] INFO  impl.RoleInfo (RoleInfo.java:shutdownFollowerState(108)) - 9844affe-c598-4e78-82ce-ffb4ab001b60: shutdown 9844affe-c598-4e78-82ce-ffb4ab001b60@group-9F4148ED38EC-FollowerState
2021-08-12 00:19:45,930 [9844affe-c598-4e78-82ce-ffb4ab001b60@group-9F4148ED38EC-FollowerState] INFO  server.RaftServer$Division (RaftServerImpl.java:setRole(285)) - 9844affe-c598-4e78-82ce-ffb4ab001b60@group-9F4148ED38EC: changes role from  FOLLOWER to CANDIDATE at term 2 for changeToCandidate
2021-08-12 00:19:45,931 [9844affe-c598-4e78-82ce-ffb4ab001b60@group-9F4148ED38EC-FollowerState] INFO  server.RaftServerConfigKeys (ConfUtils.java:logGet(44)) - raft.server.leaderelection.pre-vote = false (custom)
2021-08-12 00:19:45,931 [9844affe-c598-4e78-82ce-ffb4ab001b60@group-9F4148ED38EC-FollowerState] INFO  impl.RoleInfo (RoleInfo.java:updateAndGet(130)) - 9844affe-c598-4e78-82ce-ffb4ab001b60: start 9844affe-c598-4e78-82ce-ffb4ab001b60@group-9F4148ED38EC-LeaderElection51
2021-08-12 00:19:45,957 [f396bb35-69a0-4f96-b6c4-c95f49adeaa7@group-9F4148ED38EC-FollowerState] INFO  impl.FollowerState (FollowerState.java:run(134)) - f396bb35-69a0-4f96-b6c4-c95f49adeaa7@group-9F4148ED38EC-FollowerState: change to CANDIDATE, lastRpcElapsedTime:5112984175ns, electionTimeout:5096ms
2021-08-12 00:19:45,957 [f396bb35-69a0-4f96-b6c4-c95f49adeaa7@group-9F4148ED38EC-FollowerState] INFO  impl.RoleInfo (RoleInfo.java:shutdownFollowerState(108)) - f396bb35-69a0-4f96-b6c4-c95f49adeaa7: shutdown f396bb35-69a0-4f96-b6c4-c95f49adeaa7@group-9F4148ED38EC-FollowerState
2021-08-12 00:19:45,957 [f396bb35-69a0-4f96-b6c4-c95f49adeaa7@group-9F4148ED38EC-FollowerState] INFO  server.RaftServer$Division (RaftServerImpl.java:setRole(285)) - f396bb35-69a0-4f96-b6c4-c95f49adeaa7@group-9F4148ED38EC: changes role from  FOLLOWER to CANDIDATE at term 2 for changeToCandidate
2021-08-12 00:19:45,958 [f396bb35-69a0-4f96-b6c4-c95f49adeaa7@group-9F4148ED38EC-FollowerState] INFO  server.RaftServerConfigKeys (ConfUtils.java:logGet(44)) - raft.server.leaderelection.pre-vote = false (custom)
2021-08-12 00:19:45,958 [f396bb35-69a0-4f96-b6c4-c95f49adeaa7@group-9F4148ED38EC-FollowerState] INFO  impl.RoleInfo (RoleInfo.java:updateAndGet(130)) - f396bb35-69a0-4f96-b6c4-c95f49adeaa7: start f396bb35-69a0-4f96-b6c4-c95f49adeaa7@group-9F4148ED38EC-LeaderElection52
2021-08-12 00:19:45,976 [9844affe-c598-4e78-82ce-ffb4ab001b60@group-9F4148ED38EC-LeaderElection51] INFO  impl.LeaderElection (LeaderElection.java:askForVotes(306)) - 9844affe-c598-4e78-82ce-ffb4ab001b60@group-9F4148ED38EC-LeaderElection51 ELECTION round 0: submit vote requests at term 3 for -1: [f396bb35-69a0-4f96-b6c4-c95f49adeaa7|rpc:10.1.0.26:37447|dataStream:|priority:0, b066bd09-7d5e-4568-b961-feea469aecd1|rpc:10.1.0.26:41439|dataStream:|priority:0, 9844affe-c598-4e78-82ce-ffb4ab001b60|rpc:10.1.0.26:43641|dataStream:|priority:1], old=null
2021-08-12 00:19:45,978 [f396bb35-69a0-4f96-b6c4-c95f49adeaa7@group-9F4148ED38EC-LeaderElection52] INFO  impl.LeaderElection (LeaderElection.java:askForVotes(306)) - f396bb35-69a0-4f96-b6c4-c95f49adeaa7@group-9F4148ED38EC-LeaderElection52 ELECTION round 0: submit vote requests at term 3 for -1: [f396bb35-69a0-4f96-b6c4-c95f49adeaa7|rpc:10.1.0.26:37447|priority:0, b066bd09-7d5e-4568-b961-feea469aecd1|rpc:10.1.0.26:41439|priority:0, 9844affe-c598-4e78-82ce-ffb4ab001b60|rpc:10.1.0.26:43641|priority:1], old=null
2021-08-12 00:19:45,982 [grpc-default-executor-2] INFO  server.RaftServer$Division (RaftServerImpl.java:requestVote(1043)) - b066bd09-7d5e-4568-b961-feea469aecd1@group-9F4148ED38EC: receive requestVote(ELECTION, 9844affe-c598-4e78-82ce-ffb4ab001b60, group-9F4148ED38EC, 3, (t:0, i:0))
2021-08-12 00:19:45,986 [grpc-default-executor-1] INFO  server.RaftServer$Division (RaftServerImpl.java:requestVote(1043)) - f396bb35-69a0-4f96-b6c4-c95f49adeaa7@group-9F4148ED38EC: receive requestVote(ELECTION, 9844affe-c598-4e78-82ce-ffb4ab001b60, group-9F4148ED38EC, 3, (t:0, i:0))
2021-08-12 00:19:45,987 [grpc-default-executor-1] INFO  impl.VoteContext (VoteContext.java:log(48)) - f396bb35-69a0-4f96-b6c4-c95f49adeaa7@group-9F4148ED38EC-CANDIDATE: reject ELECTION from 9844affe-c598-4e78-82ce-ffb4ab001b60: already has voted for f396bb35-69a0-4f96-b6c4-c95f49adeaa7 at current term 3
2021-08-12 00:19:45,987 [grpc-default-executor-1] INFO  server.RaftServer$Division (RaftServerImpl.java:requestVote(1075)) - f396bb35-69a0-4f96-b6c4-c95f49adeaa7@group-9F4148ED38EC replies to ELECTION vote request: 9844affe-c598-4e78-82ce-ffb4ab001b60<-f396bb35-69a0-4f96-b6c4-c95f49adeaa7#0:FAIL-t3. Peer's state: f396bb35-69a0-4f96-b6c4-c95f49adeaa7@group-9F4148ED38EC:t3, leader=null, voted=f396bb35-69a0-4f96-b6c4-c95f49adeaa7, raftlog=f396bb35-69a0-4f96-b6c4-c95f49adeaa7@group-9F4148ED38EC-SegmentedRaftLog:OPENED:c-1,f-1,i0, conf=-1: [f396bb35-69a0-4f96-b6c4-c95f49adeaa7|rpc:10.1.0.26:37447|priority:0, b066bd09-7d5e-4568-b961-feea469aecd1|rpc:10.1.0.26:41439|priority:0, 9844affe-c598-4e78-82ce-ffb4ab001b60|rpc:10.1.0.26:43641|priority:1], old=null
2021-08-12 00:19:46,013 [grpc-default-executor-2] INFO  impl.VoteContext (VoteContext.java:log(48)) - b066bd09-7d5e-4568-b961-feea469aecd1@group-9F4148ED38EC-FOLLOWER: accept ELECTION from 9844affe-c598-4e78-82ce-ffb4ab001b60: our priority 0 <= candidate's priority 1
2021-08-12 00:19:46,013 [grpc-default-executor-2] INFO  server.RaftServer$Division (RaftServerImpl.java:setRole(285)) - b066bd09-7d5e-4568-b961-feea469aecd1@group-9F4148ED38EC: changes role from  FOLLOWER to FOLLOWER at term 3 for candidate:9844affe-c598-4e78-82ce-ffb4ab001b60
2021-08-12 00:19:46,013 [grpc-default-executor-2] INFO  impl.RoleInfo (RoleInfo.java:shutdownFollowerState(108)) - b066bd09-7d5e-4568-b961-feea469aecd1: shutdown b066bd09-7d5e-4568-b961-feea469aecd1@group-9F4148ED38EC-FollowerState
2021-08-12 00:19:46,013 [grpc-default-executor-2] INFO  impl.RoleInfo (RoleInfo.java:updateAndGet(130)) - b066bd09-7d5e-4568-b961-feea469aecd1: start b066bd09-7d5e-4568-b961-feea469aecd1@group-9F4148ED38EC-FollowerState
2021-08-12 00:19:46,019 [grpc-default-executor-2] INFO  server.RaftServer$Division (RaftServerImpl.java:requestVote(1075)) - b066bd09-7d5e-4568-b961-feea469aecd1@group-9F4148ED38EC replies to ELECTION vote request: 9844affe-c598-4e78-82ce-ffb4ab001b60<-b066bd09-7d5e-4568-b961-feea469aecd1#0:OK-t3. Peer's state: b066bd09-7d5e-4568-b961-feea469aecd1@group-9F4148ED38EC:t3, leader=null, voted=9844affe-c598-4e78-82ce-ffb4ab001b60, raftlog=b066bd09-7d5e-4568-b961-feea469aecd1@group-9F4148ED38EC-SegmentedRaftLog:OPENED:c-1,f-1,i0, conf=-1: [f396bb35-69a0-4f96-b6c4-c95f49adeaa7|rpc:10.1.0.26:37447|dataStream:|priority:0, b066bd09-7d5e-4568-b961-feea469aecd1|rpc:10.1.0.26:41439|dataStream:|priority:0, 9844affe-c598-4e78-82ce-ffb4ab001b60|rpc:10.1.0.26:43641|dataStream:|priority:1], old=null
2021-08-12 00:19:46,019 [b066bd09-7d5e-4568-b961-feea469aecd1@group-9F4148ED38EC-FollowerState] INFO  impl.FollowerState (FollowerState.java:run(134)) - b066bd09-7d5e-4568-b961-feea469aecd1@group-9F4148ED38EC-FollowerState: change to CANDIDATE, lastRpcElapsedTime:5174796863ns, electionTimeout:5140ms
2021-08-12 00:19:46,020 [b066bd09-7d5e-4568-b961-feea469aecd1@group-9F4148ED38EC-FollowerState] INFO  impl.RoleInfo (RoleInfo.java:shutdownFollowerState(108)) - b066bd09-7d5e-4568-b961-feea469aecd1: shutdown b066bd09-7d5e-4568-b961-feea469aecd1@group-9F4148ED38EC-FollowerState
2021-08-12 00:19:46,020 [b066bd09-7d5e-4568-b961-feea469aecd1@group-9F4148ED38EC-FollowerState] INFO  server.RaftServer$Division (RaftServerImpl.java:setRole(285)) - b066bd09-7d5e-4568-b961-feea469aecd1@group-9F4148ED38EC: changes role from  FOLLOWER to CANDIDATE at term 3 for changeToCandidate
2021-08-12 00:19:46,020 [b066bd09-7d5e-4568-b961-feea469aecd1@group-9F4148ED38EC-FollowerState] INFO  server.RaftServerConfigKeys (ConfUtils.java:logGet(44)) - raft.server.leaderelection.pre-vote = false (custom)
2021-08-12 00:19:46,020 [b066bd09-7d5e-4568-b961-feea469aecd1@group-9F4148ED38EC-FollowerState] INFO  impl.RoleInfo (RoleInfo.java:updateAndGet(130)) - b066bd09-7d5e-4568-b961-feea469aecd1: start b066bd09-7d5e-4568-b961-feea469aecd1@group-9F4148ED38EC-LeaderElection53
2021-08-12 00:19:46,022 [b066bd09-7d5e-4568-b961-feea469aecd1@group-9F4148ED38EC-FollowerState] INFO  impl.FollowerState (FollowerState.java:run(143)) - b066bd09-7d5e-4568-b961-feea469aecd1@group-9F4148ED38EC-FollowerState was interrupted: {}
java.lang.InterruptedException: sleep interrupted
	at java.lang.Thread.sleep(Native Method)
	at java.lang.Thread.sleep(Thread.java:340)
	at java.util.concurrent.TimeUnit.sleep(TimeUnit.java:386)
	at org.apache.ratis.util.TimeDuration.sleep(TimeDuration.java:324)
	at org.apache.ratis.util.TimeDuration.sleep(TimeDuration.java:309)
	at org.apache.ratis.server.impl.FollowerState.run(FollowerState.java:118)
2021-08-12 00:19:46,044 [grpc-default-executor-1] INFO  server.RaftServer$Division (RaftServerImpl.java:requestVote(1043)) - b066bd09-7d5e-4568-b961-feea469aecd1@group-9F4148ED38EC: receive requestVote(ELECTION, f396bb35-69a0-4f96-b6c4-c95f49adeaa7, group-9F4148ED38EC, 3, (t:0, i:0))
2021-08-12 00:19:46,044 [grpc-default-executor-1] INFO  impl.VoteContext (VoteContext.java:log(48)) - b066bd09-7d5e-4568-b961-feea469aecd1@group-9F4148ED38EC-CANDIDATE: reject ELECTION from f396bb35-69a0-4f96-b6c4-c95f49adeaa7: already has voted for 9844affe-c598-4e78-82ce-ffb4ab001b60 at current term 3
2021-08-12 00:19:46,044 [grpc-default-executor-1] INFO  server.RaftServer$Division (RaftServerImpl.java:requestVote(1075)) - b066bd09-7d5e-4568-b961-feea469aecd1@group-9F4148ED38EC replies to ELECTION vote request: f396bb35-69a0-4f96-b6c4-c95f49adeaa7<-b066bd09-7d5e-4568-b961-feea469aecd1#0:FAIL-t3. Peer's state: b066bd09-7d5e-4568-b961-feea469aecd1@group-9F4148ED38EC:t3, leader=null, voted=9844affe-c598-4e78-82ce-ffb4ab001b60, raftlog=b066bd09-7d5e-4568-b961-feea469aecd1@group-9F4148ED38EC-SegmentedRaftLog:OPENED:c-1,f-1,i0, conf=-1: [f396bb35-69a0-4f96-b6c4-c95f49adeaa7|rpc:10.1.0.26:37447|dataStream:|priority:0, b066bd09-7d5e-4568-b961-feea469aecd1|rpc:10.1.0.26:41439|dataStream:|priority:0, 9844affe-c598-4e78-82ce-ffb4ab001b60|rpc:10.1.0.26:43641|dataStream:|priority:1], old=null
2021-08-12 00:19:46,045 [9844affe-c598-4e78-82ce-ffb4ab001b60@group-9F4148ED38EC-LeaderElection51] INFO  impl.LeaderElection (LeaderElection.java:logAndReturn(89)) - 9844affe-c598-4e78-82ce-ffb4ab001b60@group-9F4148ED38EC-LeaderElection51: ELECTION PASSED received 2 response(s) and 0 exception(s):
2021-08-12 00:19:46,045 [9844affe-c598-4e78-82ce-ffb4ab001b60@group-9F4148ED38EC-LeaderElection51] INFO  impl.LeaderElection (LeaderElection.java:logAndReturn(93)) -   Response 0: 9844affe-c598-4e78-82ce-ffb4ab001b60<-f396bb35-69a0-4f96-b6c4-c95f49adeaa7#0:FAIL-t3
2021-08-12 00:19:46,045 [9844affe-c598-4e78-82ce-ffb4ab001b60@group-9F4148ED38EC-LeaderElection51] INFO  impl.LeaderElection (LeaderElection.java:logAndReturn(93)) -   Response 1: 9844affe-c598-4e78-82ce-ffb4ab001b60<-b066bd09-7d5e-4568-b961-feea469aecd1#0:OK-t3
2021-08-12 00:19:46,045 [9844affe-c598-4e78-82ce-ffb4ab001b60@group-9F4148ED38EC-LeaderElection51] INFO  impl.LeaderElection (LeaderElection.java:askForVotes(308)) - 9844affe-c598-4e78-82ce-ffb4ab001b60@group-9F4148ED38EC-LeaderElection51 ELECTION round 0: result PASSED
2021-08-12 00:19:46,046 [9844affe-c598-4e78-82ce-ffb4ab001b60@group-9F4148ED38EC-LeaderElection51] INFO  impl.RoleInfo (RoleInfo.java:shutdownLeaderElection(121)) - 9844affe-c598-4e78-82ce-ffb4ab001b60: shutdown 9844affe-c598-4e78-82ce-ffb4ab001b60@group-9F4148ED38EC-LeaderElection51
2021-08-12 00:19:46,046 [9844affe-c598-4e78-82ce-ffb4ab001b60@group-9F4148ED38EC-LeaderElection51] INFO  server.RaftServer$Division (RaftServerImpl.java:setRole(285)) - 9844affe-c598-4e78-82ce-ffb4ab001b60@group-9F4148ED38EC: changes role from CANDIDATE to LEADER at term 3 for changeToLeader
2021-08-12 00:19:46,046 [9844affe-c598-4e78-82ce-ffb4ab001b60@group-9F4148ED38EC-LeaderElection51] INFO  ratis.XceiverServerRatis (XceiverServerRatis.java:handleLeaderChangedNotification(861)) - Leader change notification received for group: group-9F4148ED38EC with new leaderId: 9844affe-c598-4e78-82ce-ffb4ab001b60
2021-08-12 00:19:46,046 [9844affe-c598-4e78-82ce-ffb4ab001b60@group-9F4148ED38EC-LeaderElection51] INFO  server.RaftServer$Division (ServerState.java:setLeader(285)) - 9844affe-c598-4e78-82ce-ffb4ab001b60@group-9F4148ED38EC: change Leader from null to 9844affe-c598-4e78-82ce-ffb4ab001b60 at term 3 for becomeLeader, leader elected after 15286ms
2021-08-12 00:19:46,046 [9844affe-c598-4e78-82ce-ffb4ab001b60@group-9F4148ED38EC-LeaderElection51] INFO  server.RaftServerConfigKeys (ConfUtils.java:logGet(44)) - raft.server.staging.catchup.gap = 1000 (default)
2021-08-12 00:19:46,049 [9844affe-c598-4e78-82ce-ffb4ab001b60@group-9F4148ED38EC-LeaderElection51] INFO  server.RaftServerConfigKeys (ConfUtils.java:logGet(44)) - raft.server.write.element-limit = 1024 (custom)
2021-08-12 00:19:46,050 [9844affe-c598-4e78-82ce-ffb4ab001b60@group-9F4148ED38EC-LeaderElection51] INFO  server.RaftServerConfigKeys (ConfUtils.java:logGet(44)) - raft.server.write.byte-limit = 1024 M (=1073741824) (custom)
2021-08-12 00:19:46,051 [Datanode State Machine Thread - 0] WARN  statemachine.StateContext (StateContext.java:execute(621)) - No available thread in pool for past 1 seconds.
2021-08-12 00:19:46,056 [EventQueue-PipelineReportForPipelineReportHandler] INFO  pipeline.PipelineManagerImpl (PipelineManagerImpl.java:openPipeline(283)) - Pipeline Pipeline[ Id: 1ee109bd-0e6d-46f4-9757-9f4148ed38ec, Nodes: b066bd09-7d5e-4568-b961-feea469aecd1{ip: 10.1.0.26, host: fv-az122-889.zf1tlrj3kn4expqppa1j4mpycf.xx.internal.cloudapp.net, ports: [REPLICATION=40645, RATIS=41439, RATIS_ADMIN=41439, RATIS_SERVER=41439, STANDALONE=40799], networkLocation: /default-rack, certSerialId: null, persistedOpState: IN_SERVICE, persistedOpStateExpiryEpochSec: 0}9844affe-c598-4e78-82ce-ffb4ab001b60{ip: 10.1.0.26, host: fv-az122-889.zf1tlrj3kn4expqppa1j4mpycf.xx.internal.cloudapp.net, ports: [REPLICATION=46749, RATIS=43641, RATIS_ADMIN=43641, RATIS_SERVER=43641, STANDALONE=42727], networkLocation: /default-rack, certSerialId: null, persistedOpState: IN_SERVICE, persistedOpStateExpiryEpochSec: 0}f396bb35-69a0-4f96-b6c4-c95f49adeaa7{ip: 10.1.0.26, host: fv-az122-889.zf1tlrj3kn4expqppa1j4mpycf.xx.internal.cloudapp.net, ports: [REPLICATION=33987, RATIS=37447, RATIS_ADMIN=37447, RATIS_SERVER=37447, STANDALONE=39161], networkLocation: /default-rack, certSerialId: null, persistedOpState: IN_SERVICE, persistedOpStateExpiryEpochSec: 0}, ReplicationConfig: RATIS/THREE, State:ALLOCATED, leaderId:9844affe-c598-4e78-82ce-ffb4ab001b60, CreationTimestamp2021-08-12T00:19:28.079Z[Etc/UTC]] moved to OPEN state
2021-08-12 00:19:46,056 [grpc-default-executor-1] INFO  server.RaftServer$Division (RaftServerImpl.java:requestVote(1043)) - 9844affe-c598-4e78-82ce-ffb4ab001b60@group-9F4148ED38EC: receive requestVote(ELECTION, f396bb35-69a0-4f96-b6c4-c95f49adeaa7, group-9F4148ED38EC, 3, (t:0, i:0))
2021-08-12 00:19:46,060 [9844affe-c598-4e78-82ce-ffb4ab001b60@group-9F4148ED38EC-LeaderElection51] INFO  server.RaftServerConfigKeys (ConfUtils.java:logGet(44)) - raft.server.watch.timeout = 180s (custom)
2021-08-12 00:19:46,061 [9844affe-c598-4e78-82ce-ffb4ab001b60@group-9F4148ED38EC-LeaderElection51] INFO  server.RaftServerConfigKeys (ConfUtils.java:logGet(44)) - raft.server.watch.timeout.denomination = 1s (default)
2021-08-12 00:19:46,066 [9844affe-c598-4e78-82ce-ffb4ab001b60@group-9F4148ED38EC-LeaderElection51] INFO  server.RaftServerConfigKeys (ConfUtils.java:logGet(44)) - raft.server.watch.element-limit = 65536 (default)
2021-08-12 00:19:46,068 [9844affe-c598-4e78-82ce-ffb4ab001b60@group-9F4148ED38EC-LeaderElection51] INFO  server.RaftServerConfigKeys (ConfUtils.java:logGet(44)) - raft.server.log.appender.snapshot.chunk.size.max = 16MB (=16777216) (default)
2021-08-12 00:19:46,069 [9844affe-c598-4e78-82ce-ffb4ab001b60@group-9F4148ED38EC-LeaderElection51] INFO  server.RaftServerConfigKeys (ConfUtils.java:logGet(44)) - raft.server.log.appender.buffer.byte-limit = 33554432 (custom)
2021-08-12 00:19:46,069 [9844affe-c598-4e78-82ce-ffb4ab001b60@group-9F4148ED38EC-LeaderElection51] INFO  server.RaftServerConfigKeys (ConfUtils.java:logGet(44)) - raft.server.log.appender.buffer.element-limit = 1 (custom)
2021-08-12 00:19:46,074 [9844affe-c598-4e78-82ce-ffb4ab001b60@group-9F4148ED38EC-LeaderElection51] INFO  grpc.GrpcConfigKeys (ConfUtils.java:logGet(44)) - raft.grpc.server.leader.outstanding.appends.max = 128 (default)
2021-08-12 00:19:46,075 [9844affe-c598-4e78-82ce-ffb4ab001b60@group-9F4148ED38EC-LeaderElection51] INFO  server.RaftServerConfigKeys (ConfUtils.java:logGet(44)) - raft.server.rpc.request.timeout = 60s (custom)
2021-08-12 00:19:46,075 [9844affe-c598-4e78-82ce-ffb4ab001b60@group-9F4148ED38EC-LeaderElection51] INFO  server.RaftServerConfigKeys (ConfUtils.java:logGet(44)) - raft.server.log.appender.install.snapshot.enabled = false (custom)
2021-08-12 00:19:46,081 [9844affe-c598-4e78-82ce-ffb4ab001b60@group-9F4148ED38EC-LeaderElection51] INFO  server.RaftServerConfigKeys (ConfUtils.java:logGet(44)) - raft.server.log.appender.snapshot.chunk.size.max = 16MB (=16777216) (default)
2021-08-12 00:19:46,094 [9844affe-c598-4e78-82ce-ffb4ab001b60@group-9F4148ED38EC-LeaderElection51] INFO  server.RaftServerConfigKeys (ConfUtils.java:logGet(44)) - raft.server.log.appender.buffer.byte-limit = 33554432 (custom)
2021-08-12 00:19:46,102 [9844affe-c598-4e78-82ce-ffb4ab001b60@group-9F4148ED38EC-LeaderElection51] INFO  server.RaftServerConfigKeys (ConfUtils.java:logGet(44)) - raft.server.log.appender.buffer.element-limit = 1 (custom)
2021-08-12 00:19:46,103 [9844affe-c598-4e78-82ce-ffb4ab001b60@group-9F4148ED38EC-LeaderElection51] INFO  grpc.GrpcConfigKeys (ConfUtils.java:logGet(44)) - raft.grpc.server.leader.outstanding.appends.max = 128 (default)
2021-08-12 00:19:46,104 [9844affe-c598-4e78-82ce-ffb4ab001b60@group-9F4148ED38EC-LeaderElection51] INFO  server.RaftServerConfigKeys (ConfUtils.java:logGet(44)) - raft.server.rpc.request.timeout = 60s (custom)
2021-08-12 00:19:46,104 [9844affe-c598-4e78-82ce-ffb4ab001b60@group-9F4148ED38EC-LeaderElection51] INFO  server.RaftServerConfigKeys (ConfUtils.java:logGet(44)) - raft.server.log.appender.install.snapshot.enabled = false (custom)
2021-08-12 00:19:46,098 [b066bd09-7d5e-4568-b961-feea469aecd1@group-9F4148ED38EC-LeaderElection53] INFO  impl.LeaderElection (LeaderElection.java:askForVotes(306)) - b066bd09-7d5e-4568-b961-feea469aecd1@group-9F4148ED38EC-LeaderElection53 ELECTION round 0: submit vote requests at term 4 for -1: [f396bb35-69a0-4f96-b6c4-c95f49adeaa7|rpc:10.1.0.26:37447|dataStream:|priority:0, b066bd09-7d5e-4568-b961-feea469aecd1|rpc:10.1.0.26:41439|dataStream:|priority:0, 9844affe-c598-4e78-82ce-ffb4ab001b60|rpc:10.1.0.26:43641|dataStream:|priority:1], old=null
2021-08-12 00:19:46,117 [grpc-default-executor-2] INFO  server.RaftServer$Division (RaftServerImpl.java:requestVote(1043)) - f396bb35-69a0-4f96-b6c4-c95f49adeaa7@group-9F4148ED38EC: receive requestVote(ELECTION, b066bd09-7d5e-4568-b961-feea469aecd1, group-9F4148ED38EC, 4, (t:0, i:0))
2021-08-12 00:19:46,118 [grpc-default-executor-2] INFO  impl.VoteContext (VoteContext.java:log(48)) - f396bb35-69a0-4f96-b6c4-c95f49adeaa7@group-9F4148ED38EC-CANDIDATE: accept ELECTION from b066bd09-7d5e-4568-b961-feea469aecd1: our priority 0 <= candidate's priority 0
2021-08-12 00:19:46,118 [grpc-default-executor-2] INFO  server.RaftServer$Division (RaftServerImpl.java:setRole(285)) - f396bb35-69a0-4f96-b6c4-c95f49adeaa7@group-9F4148ED38EC: changes role from CANDIDATE to FOLLOWER at term 4 for candidate:b066bd09-7d5e-4568-b961-feea469aecd1
2021-08-12 00:19:46,118 [grpc-default-executor-2] INFO  impl.RoleInfo (RoleInfo.java:shutdownLeaderElection(121)) - f396bb35-69a0-4f96-b6c4-c95f49adeaa7: shutdown f396bb35-69a0-4f96-b6c4-c95f49adeaa7@group-9F4148ED38EC-LeaderElection52
2021-08-12 00:19:46,126 [grpc-default-executor-2] INFO  impl.RoleInfo (RoleInfo.java:updateAndGet(130)) - f396bb35-69a0-4f96-b6c4-c95f49adeaa7: start f396bb35-69a0-4f96-b6c4-c95f49adeaa7@group-9F4148ED38EC-FollowerState
2021-08-12 00:19:46,133 [grpc-default-executor-2] INFO  server.RaftServer$Division (RaftServerImpl.java:requestVote(1075)) - f396bb35-69a0-4f96-b6c4-c95f49adeaa7@group-9F4148ED38EC replies to ELECTION vote request: b066bd09-7d5e-4568-b961-feea469aecd1<-f396bb35-69a0-4f96-b6c4-c95f49adeaa7#0:OK-t4. Peer's state: f396bb35-69a0-4f96-b6c4-c95f49adeaa7@group-9F4148ED38EC:t4, leader=null, voted=b066bd09-7d5e-4568-b961-feea469aecd1, raftlog=f396bb35-69a0-4f96-b6c4-c95f49adeaa7@group-9F4148ED38EC-SegmentedRaftLog:OPENED:c-1,f-1,i0, conf=-1: [f396bb35-69a0-4f96-b6c4-c95f49adeaa7|rpc:10.1.0.26:37447|priority:0, b066bd09-7d5e-4568-b961-feea469aecd1|rpc:10.1.0.26:41439|priority:0, 9844affe-c598-4e78-82ce-ffb4ab001b60|rpc:10.1.0.26:43641|priority:1], old=null
2021-08-12 00:19:46,135 [grpc-default-executor-0] INFO  server.RaftServer$Division (RaftServerImpl.java:requestVote(1043)) - 9844affe-c598-4e78-82ce-ffb4ab001b60@group-9F4148ED38EC: receive requestVote(ELECTION, b066bd09-7d5e-4568-b961-feea469aecd1, group-9F4148ED38EC, 4, (t:0, i:0))
2021-08-12 00:19:46,143 [9844affe-c598-4e78-82ce-ffb4ab001b60@group-9F4148ED38EC-LeaderElection51] INFO  impl.RoleInfo (RoleInfo.java:updateAndGet(130)) - 9844affe-c598-4e78-82ce-ffb4ab001b60: start 9844affe-c598-4e78-82ce-ffb4ab001b60@group-9F4148ED38EC-LeaderStateImpl
2021-08-12 00:19:46,144 [9844affe-c598-4e78-82ce-ffb4ab001b60@group-9F4148ED38EC-LeaderElection51] INFO  segmented.SegmentedRaftLogWorker (SegmentedRaftLogWorker.java:startLogSegment(394)) - 9844affe-c598-4e78-82ce-ffb4ab001b60@group-9F4148ED38EC-SegmentedRaftLogWorker: Starting segment from index:0
2021-08-12 00:19:46,161 [9844affe-c598-4e78-82ce-ffb4ab001b60@group-9F4148ED38EC-SegmentedRaftLogWorker] INFO  segmented.SegmentedRaftLogWorker (SegmentedRaftLogWorker.java:execute(601)) - 9844affe-c598-4e78-82ce-ffb4ab001b60@group-9F4148ED38EC-SegmentedRaftLogWorker: created new log segment /home/runner/work/ozone/ozone/hadoop-ozone/integration-test/target/test-dir/MiniOzoneClusterImpl-3f855486-d891-4f73-82e2-a28b2591c95d/datanode-2/data/ratis/1ee109bd-0e6d-46f4-9757-9f4148ed38ec/current/log_inprogress_0
2021-08-12 00:19:46,255 [9844affe-c598-4e78-82ce-ffb4ab001b60@group-9F4148ED38EC-LeaderElection51] INFO  server.RaftServer$Division (ServerState.java:setRaftConf(387)) - 9844affe-c598-4e78-82ce-ffb4ab001b60@group-9F4148ED38EC: set configuration 0: [f396bb35-69a0-4f96-b6c4-c95f49adeaa7|rpc:10.1.0.26:37447|dataStream:|priority:0, b066bd09-7d5e-4568-b961-feea469aecd1|rpc:10.1.0.26:41439|dataStream:|priority:0, 9844affe-c598-4e78-82ce-ffb4ab001b60|rpc:10.1.0.26:43641|dataStream:|priority:1], old=null
2021-08-12 00:19:46,268 [grpc-default-executor-0] INFO  impl.VoteContext (VoteContext.java:log(48)) - 9844affe-c598-4e78-82ce-ffb4ab001b60@group-9F4148ED38EC-LEADER: reject ELECTION from b066bd09-7d5e-4568-b961-feea469aecd1: our last entry (t:3, i:0) > candidate's last entry (t:0, i:0)
2021-08-12 00:19:46,268 [grpc-default-executor-0] INFO  server.RaftServer$Division (ServerState.java:setLeader(285)) - 9844affe-c598-4e78-82ce-ffb4ab001b60@group-9F4148ED38EC: change Leader from 9844affe-c598-4e78-82ce-ffb4ab001b60 to null at term 4 for updateCurrentTerm
2021-08-12 00:19:46,268 [grpc-default-executor-0] INFO  server.RaftServer$Division (RaftServerImpl.java:setRole(285)) - 9844affe-c598-4e78-82ce-ffb4ab001b60@group-9F4148ED38EC: changes role from    LEADER to FOLLOWER at term 4 for candidate:b066bd09-7d5e-4568-b961-feea469aecd1
2021-08-12 00:19:46,268 [grpc-default-executor-0] INFO  impl.RoleInfo (RoleInfo.java:shutdownLeaderState(91)) - 9844affe-c598-4e78-82ce-ffb4ab001b60: shutdown 9844affe-c598-4e78-82ce-ffb4ab001b60@group-9F4148ED38EC-LeaderStateImpl
2021-08-12 00:19:46,283 [grpc-default-executor-0] INFO  impl.PendingRequests (PendingRequests.java:sendNotLeaderResponses(282)) - 9844affe-c598-4e78-82ce-ffb4ab001b60@group-9F4148ED38EC-PendingRequests: sendNotLeaderResponses
2021-08-12 00:19:46,285 [grpc-default-executor-0] INFO  impl.RoleInfo (RoleInfo.java:updateAndGet(130)) - 9844affe-c598-4e78-82ce-ffb4ab001b60: start 9844affe-c598-4e78-82ce-ffb4ab001b60@group-9F4148ED38EC-FollowerState
2021-08-12 00:19:46,285 [9844affe-c598-4e78-82ce-ffb4ab001b60@group-9F4148ED38EC->f396bb35-69a0-4f96-b6c4-c95f49adeaa7-GrpcLogAppender-LogAppenderDaemon] WARN  server.GrpcLogAppender (GrpcLogAppender.java:mayWait(175)) - 9844affe-c598-4e78-82ce-ffb4ab001b60@group-9F4148ED38EC->f396bb35-69a0-4f96-b6c4-c95f49adeaa7-GrpcLogAppender: Wait interrupted by java.lang.InterruptedException
2021-08-12 00:19:46,285 [9844affe-c598-4e78-82ce-ffb4ab001b60@group-9F4148ED38EC->b066bd09-7d5e-4568-b961-feea469aecd1-GrpcLogAppender-LogAppenderDaemon] WARN  server.GrpcLogAppender (GrpcLogAppender.java:mayWait(175)) - 9844affe-c598-4e78-82ce-ffb4ab001b60@group-9F4148ED38EC->b066bd09-7d5e-4568-b961-feea469aecd1-GrpcLogAppender: Wait interrupted by java.lang.InterruptedException
2021-08-12 00:19:46,286 [grpc-default-executor-3] INFO  server.GrpcServerProtocolService (GrpcServerProtocolService.java:onCompleted(140)) - f396bb35-69a0-4f96-b6c4-c95f49adeaa7: Completed APPEND_ENTRIES, lastRequest: 9844affe-c598-4e78-82ce-ffb4ab001b60->f396bb35-69a0-4f96-b6c4-c95f49adeaa7#1-t3,previous=(t:0, i:0),leaderCommit=-1,initializing? true,entries: size=1, first=(t:3, i:0), CONFIGURATIONENTRY
2021-08-12 00:19:46,288 [grpc-default-executor-4] INFO  server.GrpcServerProtocolService (GrpcServerProtocolService.java:onCompleted(140)) - b066bd09-7d5e-4568-b961-feea469aecd1: Completed APPEND_ENTRIES, lastRequest: 9844affe-c598-4e78-82ce-ffb4ab001b60->b066bd09-7d5e-4568-b961-feea469aecd1#1-t3,previous=(t:0, i:0),leaderCommit=-1,initializing? true,entries: size=1, first=(t:3, i:0), CONFIGURATIONENTRY
2021-08-12 00:19:46,294 [grpc-default-executor-0] INFO  server.RaftServer$Division (RaftServerImpl.java:requestVote(1075)) - 9844affe-c598-4e78-82ce-ffb4ab001b60@group-9F4148ED38EC replies to ELECTION vote request: b066bd09-7d5e-4568-b961-feea469aecd1<-9844affe-c598-4e78-82ce-ffb4ab001b60#0:FAIL-t4. Peer's state: 9844affe-c598-4e78-82ce-ffb4ab001b60@group-9F4148ED38EC:t4, leader=null, voted=null, raftlog=9844affe-c598-4e78-82ce-ffb4ab001b60@group-9F4148ED38EC-SegmentedRaftLog:OPENED:c-1,f0,i0, conf=0: [f396bb35-69a0-4f96-b6c4-c95f49adeaa7|rpc:10.1.0.26:37447|dataStream:|priority:0, b066bd09-7d5e-4568-b961-feea469aecd1|rpc:10.1.0.26:41439|dataStream:|priority:0, 9844affe-c598-4e78-82ce-ffb4ab001b60|rpc:10.1.0.26:43641|dataStream:|priority:1], old=null
2021-08-12 00:19:46,303 [grpc-default-executor-1] INFO  impl.VoteContext (VoteContext.java:log(48)) - 9844affe-c598-4e78-82ce-ffb4ab001b60@group-9F4148ED38EC-FOLLOWER: reject ELECTION from f396bb35-69a0-4f96-b6c4-c95f49adeaa7: current term 4 > candidate's term 3
2021-08-12 00:19:46,303 [grpc-default-executor-1] INFO  server.RaftServer$Division (RaftServerImpl.java:requestVote(1075)) - 9844affe-c598-4e78-82ce-ffb4ab001b60@group-9F4148ED38EC replies to ELECTION vote request: f396bb35-69a0-4f96-b6c4-c95f49adeaa7<-9844affe-c598-4e78-82ce-ffb4ab001b60#0:FAIL-t4. Peer's state: 9844affe-c598-4e78-82ce-ffb4ab001b60@group-9F4148ED38EC:t4, leader=null, voted=null, raftlog=9844affe-c598-4e78-82ce-ffb4ab001b60@group-9F4148ED38EC-SegmentedRaftLog:OPENED:c-1,f0,i0, conf=0: [f396bb35-69a0-4f96-b6c4-c95f49adeaa7|rpc:10.1.0.26:37447|dataStream:|priority:0, b066bd09-7d5e-4568-b961-feea469aecd1|rpc:10.1.0.26:41439|dataStream:|priority:0, 9844affe-c598-4e78-82ce-ffb4ab001b60|rpc:10.1.0.26:43641|dataStream:|priority:1], old=null
2021-08-12 00:19:46,318 [f396bb35-69a0-4f96-b6c4-c95f49adeaa7@group-9F4148ED38EC-LeaderElection52] INFO  impl.LeaderElection (LeaderElection.java:logAndReturn(89)) - f396bb35-69a0-4f96-b6c4-c95f49adeaa7@group-9F4148ED38EC-LeaderElection52: ELECTION DISCOVERED_A_NEW_TERM (term=4) received 2 response(s) and 0 exception(s):
2021-08-12 00:19:46,318 [f396bb35-69a0-4f96-b6c4-c95f49adeaa7@group-9F4148ED38EC-LeaderElection52] INFO  impl.LeaderElection (LeaderElection.java:logAndReturn(93)) -   Response 0: f396bb35-69a0-4f96-b6c4-c95f49adeaa7<-b066bd09-7d5e-4568-b961-feea469aecd1#0:FAIL-t3
2021-08-12 00:19:46,318 [f396bb35-69a0-4f96-b6c4-c95f49adeaa7@group-9F4148ED38EC-LeaderElection52] INFO  impl.LeaderElection (LeaderElection.java:logAndReturn(93)) -   Response 1: f396bb35-69a0-4f96-b6c4-c95f49adeaa7<-9844affe-c598-4e78-82ce-ffb4ab001b60#0:FAIL-t4
2021-08-12 00:19:46,318 [f396bb35-69a0-4f96-b6c4-c95f49adeaa7@group-9F4148ED38EC-LeaderElection52] INFO  impl.LeaderElection (LeaderElection.java:askForVotes(308)) - f396bb35-69a0-4f96-b6c4-c95f49adeaa7@group-9F4148ED38EC-LeaderElection52 ELECTION round 0: result DISCOVERED_A_NEW_TERM (term=4)
2021-08-12 00:19:46,336 [grpc-default-executor-1] INFO  server.GrpcLogAppender (GrpcLogAppender.java:onCompleted(344)) - 9844affe-c598-4e78-82ce-ffb4ab001b60@group-9F4148ED38EC->f396bb35-69a0-4f96-b6c4-c95f49adeaa7-AppendLogResponseHandler: follower responses appendEntries COMPLETED
2021-08-12 00:19:46,336 [grpc-default-executor-1] INFO  leader.FollowerInfo (FollowerInfoImpl.java:lambda$new$0(46)) - 9844affe-c598-4e78-82ce-ffb4ab001b60@group-9F4148ED38EC->f396bb35-69a0-4f96-b6c4-c95f49adeaa7: nextIndex: updateUnconditionally 1 -> 0
2021-08-12 00:19:46,336 [b066bd09-7d5e-4568-b961-feea469aecd1@group-9F4148ED38EC-LeaderElection53] INFO  impl.LeaderElection (LeaderElection.java:logAndReturn(89)) - b066bd09-7d5e-4568-b961-feea469aecd1@group-9F4148ED38EC-LeaderElection53: ELECTION REJECTED received 2 response(s) and 0 exception(s):
2021-08-12 00:19:46,336 [b066bd09-7d5e-4568-b961-feea469aecd1@group-9F4148ED38EC-LeaderElection53] INFO  impl.LeaderElection (LeaderElection.java:logAndReturn(93)) -   Response 0: b066bd09-7d5e-4568-b961-feea469aecd1<-f396bb35-69a0-4f96-b6c4-c95f49adeaa7#0:OK-t4
2021-08-12 00:19:46,337 [b066bd09-7d5e-4568-b961-feea469aecd1@group-9F4148ED38EC-LeaderElection53] INFO  impl.LeaderElection (LeaderElection.java:logAndReturn(93)) -   Response 1: b066bd09-7d5e-4568-b961-feea469aecd1<-9844affe-c598-4e78-82ce-ffb4ab001b60#0:FAIL-t4
2021-08-12 00:19:46,337 [b066bd09-7d5e-4568-b961-feea469aecd1@group-9F4148ED38EC-LeaderElection53] INFO  impl.LeaderElection (LeaderElection.java:askForVotes(308)) - b066bd09-7d5e-4568-b961-feea469aecd1@group-9F4148ED38EC-LeaderElection53 ELECTION round 0: result REJECTED
2021-08-12 00:19:46,337 [b066bd09-7d5e-4568-b961-feea469aecd1@group-9F4148ED38EC-LeaderElection53] INFO  server.RaftServer$Division (RaftServerImpl.java:setRole(285)) - b066bd09-7d5e-4568-b961-feea469aecd1@group-9F4148ED38EC: changes role from CANDIDATE to FOLLOWER at term 4 for REJECTED
2021-08-12 00:19:46,337 [b066bd09-7d5e-4568-b961-feea469aecd1@group-9F4148ED38EC-LeaderElection53] INFO  impl.RoleInfo (RoleInfo.java:shutdownLeaderElection(121)) - b066bd09-7d5e-4568-b961-feea469aecd1: shutdown b066bd09-7d5e-4568-b961-feea469aecd1@group-9F4148ED38EC-LeaderElection53
2021-08-12 00:19:46,337 [b066bd09-7d5e-4568-b961-feea469aecd1@group-9F4148ED38EC-LeaderElection53] INFO  impl.RoleInfo (RoleInfo.java:updateAndGet(130)) - b066bd09-7d5e-4568-b961-feea469aecd1: start b066bd09-7d5e-4568-b961-feea469aecd1@group-9F4148ED38EC-FollowerState
2021-08-12 00:19:46,369 [grpc-default-executor-5] INFO  server.GrpcLogAppender (GrpcLogAppender.java:onCompleted(344)) - 9844affe-c598-4e78-82ce-ffb4ab001b60@group-9F4148ED38EC->b066bd09-7d5e-4568-b961-feea469aecd1-AppendLogResponseHandler: follower responses appendEntries COMPLETED
2021-08-12 00:19:46,370 [grpc-default-executor-5] INFO  leader.FollowerInfo (FollowerInfoImpl.java:lambda$new$0(46)) - 9844affe-c598-4e78-82ce-ffb4ab001b60@group-9F4148ED38EC->b066bd09-7d5e-4568-b961-feea469aecd1: nextIndex: updateUnconditionally 1 -> 0
2021-08-12 00:19:49,441 [Listener at 127.0.0.1/37815] INFO  ozoneimpl.OzoneContainer (OzoneContainer.java:stop(326)) - Attempting to stop container services.
2021-08-12 00:19:49,445 [ForkJoinPool.commonPool-worker-0] INFO  ozoneimpl.OzoneContainer (OzoneContainer.java:stop(326)) - Attempting to stop container services.
2021-08-12 00:19:49,446 [Listener at 127.0.0.1/37815] INFO  server.RaftServer (RaftServerProxy.java:lambda$close$6(391)) - b066bd09-7d5e-4568-b961-feea469aecd1: close
2021-08-12 00:19:49,446 [ForkJoinPool.commonPool-worker-0] INFO  server.RaftServer (RaftServerProxy.java:lambda$close$6(391)) - f396bb35-69a0-4f96-b6c4-c95f49adeaa7: close
2021-08-12 00:19:49,446 [ForkJoinPool.commonPool-worker-0] INFO  server.RaftServer$Division (RaftServerImpl.java:lambda$close$4(407)) - f396bb35-69a0-4f96-b6c4-c95f49adeaa7@group-9F4148ED38EC: shutdown
2021-08-12 00:19:49,447 [ForkJoinPool.commonPool-worker-0] INFO  util.JmxRegister (JmxRegister.java:unregister(73)) - Successfully un-registered JMX Bean with object name Ratis:service=RaftServer,group=group-9F4148ED38EC,id=f396bb35-69a0-4f96-b6c4-c95f49adeaa7
2021-08-12 00:19:49,447 [ForkJoinPool.commonPool-worker-0] INFO  impl.RoleInfo (RoleInfo.java:shutdownFollowerState(108)) - f396bb35-69a0-4f96-b6c4-c95f49adeaa7: shutdown f396bb35-69a0-4f96-b6c4-c95f49adeaa7@group-9F4148ED38EC-FollowerState
2021-08-12 00:19:49,447 [ForkJoinPool.commonPool-worker-0] INFO  impl.StateMachineUpdater (StateMachineUpdater.java:stopAndJoin(149)) - f396bb35-69a0-4f96-b6c4-c95f49adeaa7@group-9F4148ED38EC-StateMachineUpdater: set stopIndex = -1
2021-08-12 00:19:49,447 [f396bb35-69a0-4f96-b6c4-c95f49adeaa7@group-9F4148ED38EC-FollowerState] INFO  impl.FollowerState (FollowerState.java:run(143)) - f396bb35-69a0-4f96-b6c4-c95f49adeaa7@group-9F4148ED38EC-FollowerState was interrupted: {}
java.lang.InterruptedException: sleep interrupted
	at java.lang.Thread.sleep(Native Method)
	at java.lang.Thread.sleep(Thread.java:340)
	at java.util.concurrent.TimeUnit.sleep(TimeUnit.java:386)
	at org.apache.ratis.util.TimeDuration.sleep(TimeDuration.java:324)
	at org.apache.ratis.util.TimeDuration.sleep(TimeDuration.java:309)
	at org.apache.ratis.server.impl.FollowerState.run(FollowerState.java:118)
2021-08-12 00:19:49,446 [Listener at 127.0.0.1/37815] INFO  server.RaftServer$Division (RaftServerImpl.java:lambda$close$4(407)) - b066bd09-7d5e-4568-b961-feea469aecd1@group-9F4148ED38EC: shutdown
2021-08-12 00:19:49,447 [Listener at 127.0.0.1/37815] INFO  util.JmxRegister (JmxRegister.java:unregister(73)) - Successfully un-registered JMX Bean with object name Ratis:service=RaftServer,group=group-9F4148ED38EC,id=b066bd09-7d5e-4568-b961-feea469aecd1
2021-08-12 00:19:49,448 [Listener at 127.0.0.1/37815] INFO  impl.RoleInfo (RoleInfo.java:shutdownFollowerState(108)) - b066bd09-7d5e-4568-b961-feea469aecd1: shutdown b066bd09-7d5e-4568-b961-feea469aecd1@group-9F4148ED38EC-FollowerState
2021-08-12 00:19:49,448 [b066bd09-7d5e-4568-b961-feea469aecd1@group-9F4148ED38EC-FollowerState] INFO  impl.FollowerState (FollowerState.java:run(143)) - b066bd09-7d5e-4568-b961-feea469aecd1@group-9F4148ED38EC-FollowerState was interrupted: {}
java.lang.InterruptedException: sleep interrupted
	at java.lang.Thread.sleep(Native Method)
	at java.lang.Thread.sleep(Thread.java:340)
	at java.util.concurrent.TimeUnit.sleep(TimeUnit.java:386)
	at org.apache.ratis.util.TimeDuration.sleep(TimeDuration.java:324)
	at org.apache.ratis.util.TimeDuration.sleep(TimeDuration.java:309)
	at org.apache.ratis.server.impl.FollowerState.run(FollowerState.java:118)
2021-08-12 00:19:49,453 [Listener at 127.0.0.1/37815] INFO  impl.StateMachineUpdater (StateMachineUpdater.java:stopAndJoin(149)) - b066bd09-7d5e-4568-b961-feea469aecd1@group-9F4148ED38EC-StateMachineUpdater: set stopIndex = -1
2021-08-12 00:19:49,456 [Listener at 127.0.0.1/37815] INFO  server.RaftServer$Division (ServerState.java:close(419)) - b066bd09-7d5e-4568-b961-feea469aecd1@group-9F4148ED38EC: closes. applyIndex: -1
2021-08-12 00:19:49,456 [ForkJoinPool.commonPool-worker-0] INFO  server.RaftServer$Division (ServerState.java:close(419)) - f396bb35-69a0-4f96-b6c4-c95f49adeaa7@group-9F4148ED38EC: closes. applyIndex: -1
2021-08-12 00:19:49,457 [f396bb35-69a0-4f96-b6c4-c95f49adeaa7@group-9F4148ED38EC-SegmentedRaftLogWorker] INFO  segmented.SegmentedRaftLogWorker (SegmentedRaftLogWorker.java:run(327)) - f396bb35-69a0-4f96-b6c4-c95f49adeaa7@group-9F4148ED38EC-SegmentedRaftLogWorker was interrupted, exiting. There are 0 tasks remaining in the queue.
2021-08-12 00:19:49,457 [ForkJoinPool.commonPool-worker-0] INFO  segmented.SegmentedRaftLogWorker (SegmentedRaftLogWorker.java:close(237)) - f396bb35-69a0-4f96-b6c4-c95f49adeaa7@group-9F4148ED38EC-SegmentedRaftLogWorker close()
2021-08-12 00:19:49,467 [b066bd09-7d5e-4568-b961-feea469aecd1@group-9F4148ED38EC-SegmentedRaftLogWorker] INFO  segmented.SegmentedRaftLogWorker (SegmentedRaftLogWorker.java:run(327)) - b066bd09-7d5e-4568-b961-feea469aecd1@group-9F4148ED38EC-SegmentedRaftLogWorker was interrupted, exiting. There are 0 tasks remaining in the queue.
2021-08-12 00:19:49,467 [Listener at 127.0.0.1/37815] INFO  segmented.SegmentedRaftLogWorker (SegmentedRaftLogWorker.java:close(237)) - b066bd09-7d5e-4568-b961-feea469aecd1@group-9F4148ED38EC-SegmentedRaftLogWorker close()
2021-08-12 00:19:49,471 [ForkJoinPool.commonPool-worker-0] INFO  server.RaftServer$Division (RaftServerImpl.java:lambda$close$4(407)) - f396bb35-69a0-4f96-b6c4-c95f49adeaa7@group-4038B9FFBA50: shutdown
2021-08-12 00:19:49,471 [ForkJoinPool.commonPool-worker-0] INFO  util.JmxRegister (JmxRegister.java:unregister(73)) - Successfully un-registered JMX Bean with object name Ratis:service=RaftServer,group=group-4038B9FFBA50,id=f396bb35-69a0-4f96-b6c4-c95f49adeaa7
2021-08-12 00:19:49,471 [ForkJoinPool.commonPool-worker-0] INFO  impl.RoleInfo (RoleInfo.java:shutdownLeaderState(91)) - f396bb35-69a0-4f96-b6c4-c95f49adeaa7: shutdown f396bb35-69a0-4f96-b6c4-c95f49adeaa7@group-4038B9FFBA50-LeaderStateImpl
2021-08-12 00:19:49,471 [ForkJoinPool.commonPool-worker-0] INFO  impl.PendingRequests (PendingRequests.java:sendNotLeaderResponses(282)) - f396bb35-69a0-4f96-b6c4-c95f49adeaa7@group-4038B9FFBA50-PendingRequests: sendNotLeaderResponses
2021-08-12 00:19:49,473 [f396bb35-69a0-4f96-b6c4-c95f49adeaa7@group-4038B9FFBA50-StateMachineUpdater] INFO  ratis.ContainerStateMachine (ContainerStateMachine.java:takeSnapshot(293)) - group-4038B9FFBA50: Taking a snapshot at:(t:1, i:0) file /home/runner/work/ozone/ozone/hadoop-ozone/integration-test/target/test-dir/MiniOzoneClusterImpl-3f855486-d891-4f73-82e2-a28b2591c95d/datanode-0/data/ratis/2585efa8-ba14-41b5-9af7-4038b9ffba50/sm/snapshot.1_0
2021-08-12 00:19:49,473 [ForkJoinPool.commonPool-worker-0] INFO  impl.StateMachineUpdater (StateMachineUpdater.java:stopAndJoin(149)) - f396bb35-69a0-4f96-b6c4-c95f49adeaa7@group-4038B9FFBA50-StateMachineUpdater: set stopIndex = 0
2021-08-12 00:19:49,475 [Listener at 127.0.0.1/37815] INFO  server.RaftServer$Division (RaftServerImpl.java:lambda$close$4(407)) - b066bd09-7d5e-4568-b961-feea469aecd1@group-BD5DB61A9C5F: shutdown
2021-08-12 00:19:49,475 [Listener at 127.0.0.1/37815] INFO  util.JmxRegister (JmxRegister.java:unregister(73)) - Successfully un-registered JMX Bean with object name Ratis:service=RaftServer,group=group-BD5DB61A9C5F,id=b066bd09-7d5e-4568-b961-feea469aecd1
2021-08-12 00:19:49,475 [Listener at 127.0.0.1/37815] INFO  impl.RoleInfo (RoleInfo.java:shutdownFollowerState(108)) - b066bd09-7d5e-4568-b961-feea469aecd1: shutdown b066bd09-7d5e-4568-b961-feea469aecd1@group-BD5DB61A9C5F-FollowerState
2021-08-12 00:19:49,475 [b066bd09-7d5e-4568-b961-feea469aecd1@group-BD5DB61A9C5F-FollowerState] INFO  impl.FollowerState (FollowerState.java:run(143)) - b066bd09-7d5e-4568-b961-feea469aecd1@group-BD5DB61A9C5F-FollowerState was interrupted: {}
java.lang.InterruptedException: sleep interrupted
	at java.lang.Thread.sleep(Native Method)
	at java.lang.Thread.sleep(Thread.java:340)
	at java.util.concurrent.TimeUnit.sleep(TimeUnit.java:386)
	at org.apache.ratis.util.TimeDuration.sleep(TimeDuration.java:324)
	at org.apache.ratis.util.TimeDuration.sleep(TimeDuration.java:309)
	at org.apache.ratis.server.impl.FollowerState.run(FollowerState.java:118)
2021-08-12 00:19:49,476 [b066bd09-7d5e-4568-b961-feea469aecd1@group-BD5DB61A9C5F-StateMachineUpdater] INFO  ratis.ContainerStateMachine (ContainerStateMachine.java:takeSnapshot(293)) - group-BD5DB61A9C5F: Taking a snapshot at:(t:2, i:0) file /home/runner/work/ozone/ozone/hadoop-ozone/integration-test/target/test-dir/MiniOzoneClusterImpl-3f855486-d891-4f73-82e2-a28b2591c95d/datanode-1/data/ratis/d1c86861-ed37-4361-953f-bd5db61a9c5f/sm/snapshot.2_0
2021-08-12 00:19:49,477 [b066bd09-7d5e-4568-b961-feea469aecd1@group-BD5DB61A9C5F-StateMachineUpdater] INFO  ratis.ContainerStateMachine (ContainerStateMachine.java:takeSnapshot(304)) - group-BD5DB61A9C5F: Finished taking a snapshot at:(t:2, i:0) file:/home/runner/work/ozone/ozone/hadoop-ozone/integration-test/target/test-dir/MiniOzoneClusterImpl-3f855486-d891-4f73-82e2-a28b2591c95d/datanode-1/data/ratis/d1c86861-ed37-4361-953f-bd5db61a9c5f/sm/snapshot.2_0 took: 1 ms
2021-08-12 00:19:49,477 [b066bd09-7d5e-4568-b961-feea469aecd1@group-BD5DB61A9C5F-StateMachineUpdater] INFO  impl.StateMachineUpdater (StateMachineUpdater.java:takeSnapshot(281)) - b066bd09-7d5e-4568-b961-feea469aecd1@group-BD5DB61A9C5F-StateMachineUpdater: Took a snapshot at index 0
2021-08-12 00:19:49,477 [b066bd09-7d5e-4568-b961-feea469aecd1@group-BD5DB61A9C5F-StateMachineUpdater] INFO  impl.StateMachineUpdater (StateMachineUpdater.java:lambda$new$0(89)) - b066bd09-7d5e-4568-b961-feea469aecd1@group-BD5DB61A9C5F-StateMachineUpdater: snapshotIndex: updateIncreasingly -1 -> 0
2021-08-12 00:19:49,478 [Listener at 127.0.0.1/37815] INFO  impl.StateMachineUpdater (StateMachineUpdater.java:stopAndJoin(149)) - b066bd09-7d5e-4568-b961-feea469aecd1@group-BD5DB61A9C5F-StateMachineUpdater: set stopIndex = 0
2021-08-12 00:19:49,478 [Listener at 127.0.0.1/37815] INFO  server.RaftServer$Division (ServerState.java:close(419)) - b066bd09-7d5e-4568-b961-feea469aecd1@group-BD5DB61A9C5F: closes. applyIndex: 0
2021-08-12 00:19:49,486 [b066bd09-7d5e-4568-b961-feea469aecd1@group-BD5DB61A9C5F-SegmentedRaftLogWorker] INFO  segmented.SegmentedRaftLogWorker (SegmentedRaftLogWorker.java:run(327)) - b066bd09-7d5e-4568-b961-feea469aecd1@group-BD5DB61A9C5F-SegmentedRaftLogWorker was interrupted, exiting. There are 0 tasks remaining in the queue.
2021-08-12 00:19:49,486 [Listener at 127.0.0.1/37815] INFO  segmented.SegmentedRaftLogWorker (SegmentedRaftLogWorker.java:close(237)) - b066bd09-7d5e-4568-b961-feea469aecd1@group-BD5DB61A9C5F-SegmentedRaftLogWorker close()
2021-08-12 00:19:49,488 [Listener at 127.0.0.1/37815] INFO  server.RaftServer$Division (RaftServerImpl.java:lambda$close$4(407)) - b066bd09-7d5e-4568-b961-feea469aecd1@group-B7F896E5164C: shutdown
2021-08-12 00:19:49,488 [Listener at 127.0.0.1/37815] INFO  util.JmxRegister (JmxRegister.java:unregister(73)) - Successfully un-registered JMX Bean with object name Ratis:service=RaftServer,group=group-B7F896E5164C,id=b066bd09-7d5e-4568-b961-feea469aecd1
2021-08-12 00:19:49,488 [Listener at 127.0.0.1/37815] INFO  impl.RoleInfo (RoleInfo.java:shutdownLeaderState(91)) - b066bd09-7d5e-4568-b961-feea469aecd1: shutdown b066bd09-7d5e-4568-b961-feea469aecd1@group-B7F896E5164C-LeaderStateImpl
2021-08-12 00:19:49,488 [Listener at 127.0.0.1/37815] INFO  impl.PendingRequests (PendingRequests.java:sendNotLeaderResponses(282)) - b066bd09-7d5e-4568-b961-feea469aecd1@group-B7F896E5164C-PendingRequests: sendNotLeaderResponses
2021-08-12 00:19:49,489 [Listener at 127.0.0.1/37815] INFO  impl.StateMachineUpdater (StateMachineUpdater.java:stopAndJoin(149)) - b066bd09-7d5e-4568-b961-feea469aecd1@group-B7F896E5164C-StateMachineUpdater: set stopIndex = 0
2021-08-12 00:19:49,490 [f396bb35-69a0-4f96-b6c4-c95f49adeaa7@group-4038B9FFBA50-StateMachineUpdater] INFO  ratis.ContainerStateMachine (ContainerStateMachine.java:takeSnapshot(304)) - group-4038B9FFBA50: Finished taking a snapshot at:(t:1, i:0) file:/home/runner/work/ozone/ozone/hadoop-ozone/integration-test/target/test-dir/MiniOzoneClusterImpl-3f855486-d891-4f73-82e2-a28b2591c95d/datanode-0/data/ratis/2585efa8-ba14-41b5-9af7-4038b9ffba50/sm/snapshot.1_0 took: 17 ms
2021-08-12 00:19:49,490 [b066bd09-7d5e-4568-b961-feea469aecd1@group-B7F896E5164C-StateMachineUpdater] INFO  ratis.ContainerStateMachine (ContainerStateMachine.java:takeSnapshot(293)) - group-B7F896E5164C: Taking a snapshot at:(t:1, i:0) file /home/runner/work/ozone/ozone/hadoop-ozone/integration-test/target/test-dir/MiniOzoneClusterImpl-3f855486-d891-4f73-82e2-a28b2591c95d/datanode-1/data/ratis/0d452eb6-39c9-4aaf-aa4a-b7f896e5164c/sm/snapshot.1_0
2021-08-12 00:19:49,490 [f396bb35-69a0-4f96-b6c4-c95f49adeaa7@group-4038B9FFBA50-StateMachineUpdater] INFO  impl.StateMachineUpdater (StateMachineUpdater.java:takeSnapshot(281)) - f396bb35-69a0-4f96-b6c4-c95f49adeaa7@group-4038B9FFBA50-StateMachineUpdater: Took a snapshot at index 0
2021-08-12 00:19:49,490 [f396bb35-69a0-4f96-b6c4-c95f49adeaa7@group-4038B9FFBA50-StateMachineUpdater] INFO  impl.StateMachineUpdater (StateMachineUpdater.java:lambda$new$0(89)) - f396bb35-69a0-4f96-b6c4-c95f49adeaa7@group-4038B9FFBA50-StateMachineUpdater: snapshotIndex: updateIncreasingly -1 -> 0
2021-08-12 00:19:49,491 [ForkJoinPool.commonPool-worker-0] INFO  server.RaftServer$Division (ServerState.java:close(419)) - f396bb35-69a0-4f96-b6c4-c95f49adeaa7@group-4038B9FFBA50: closes. applyIndex: 0
2021-08-12 00:19:49,491 [b066bd09-7d5e-4568-b961-feea469aecd1@group-B7F896E5164C-StateMachineUpdater] INFO  ratis.ContainerStateMachine (ContainerStateMachine.java:takeSnapshot(304)) - group-B7F896E5164C: Finished taking a snapshot at:(t:1, i:0) file:/home/runner/work/ozone/ozone/hadoop-ozone/integration-test/target/test-dir/MiniOzoneClusterImpl-3f855486-d891-4f73-82e2-a28b2591c95d/datanode-1/data/ratis/0d452eb6-39c9-4aaf-aa4a-b7f896e5164c/sm/snapshot.1_0 took: 1 ms
2021-08-12 00:19:49,491 [b066bd09-7d5e-4568-b961-feea469aecd1@group-B7F896E5164C-StateMachineUpdater] INFO  impl.StateMachineUpdater (StateMachineUpdater.java:takeSnapshot(281)) - b066bd09-7d5e-4568-b961-feea469aecd1@group-B7F896E5164C-StateMachineUpdater: Took a snapshot at index 0
2021-08-12 00:19:49,491 [b066bd09-7d5e-4568-b961-feea469aecd1@group-B7F896E5164C-StateMachineUpdater] INFO  impl.StateMachineUpdater (StateMachineUpdater.java:lambda$new$0(89)) - b066bd09-7d5e-4568-b961-feea469aecd1@group-B7F896E5164C-StateMachineUpdater: snapshotIndex: updateIncreasingly -1 -> 0
2021-08-12 00:19:49,492 [Listener at 127.0.0.1/37815] INFO  server.RaftServer$Division (ServerState.java:close(419)) - b066bd09-7d5e-4568-b961-feea469aecd1@group-B7F896E5164C: closes. applyIndex: 0
2021-08-12 00:19:49,491 [f396bb35-69a0-4f96-b6c4-c95f49adeaa7@group-4038B9FFBA50-SegmentedRaftLogWorker] INFO  segmented.SegmentedRaftLogWorker (SegmentedRaftLogWorker.java:run(327)) - f396bb35-69a0-4f96-b6c4-c95f49adeaa7@group-4038B9FFBA50-SegmentedRaftLogWorker was interrupted, exiting. There are 0 tasks remaining in the queue.
2021-08-12 00:19:49,492 [b066bd09-7d5e-4568-b961-feea469aecd1@group-B7F896E5164C-SegmentedRaftLogWorker] INFO  segmented.SegmentedRaftLogWorker (SegmentedRaftLogWorker.java:run(327)) - b066bd09-7d5e-4568-b961-feea469aecd1@group-B7F896E5164C-SegmentedRaftLogWorker was interrupted, exiting. There are 0 tasks remaining in the queue.
2021-08-12 00:19:49,498 [ForkJoinPool.commonPool-worker-0] INFO  segmented.SegmentedRaftLogWorker (SegmentedRaftLogWorker.java:close(237)) - f396bb35-69a0-4f96-b6c4-c95f49adeaa7@group-4038B9FFBA50-SegmentedRaftLogWorker close()
2021-08-12 00:19:49,522 [Listener at 127.0.0.1/37815] INFO  segmented.SegmentedRaftLogWorker (SegmentedRaftLogWorker.java:close(237)) - b066bd09-7d5e-4568-b961-feea469aecd1@group-B7F896E5164C-SegmentedRaftLogWorker close()
2021-08-12 00:19:49,539 [Listener at 127.0.0.1/37815] INFO  server.GrpcService (GrpcService.java:closeImpl(262)) - b066bd09-7d5e-4568-b961-feea469aecd1: shutdown server with port 41439 now
2021-08-12 00:19:49,539 [ForkJoinPool.commonPool-worker-0] INFO  server.GrpcService (GrpcService.java:closeImpl(262)) - f396bb35-69a0-4f96-b6c4-c95f49adeaa7: shutdown server with port 37447 now
2021-08-12 00:19:49,587 [Listener at 127.0.0.1/37815] INFO  server.GrpcService (GrpcService.java:closeImpl(271)) - b066bd09-7d5e-4568-b961-feea469aecd1: shutdown server with port 41439 successfully
2021-08-12 00:19:49,587 [org.apache.ratis.util.JvmPauseMonitor$$Lambda$531/1449527477@3d9c9314] INFO  util.JvmPauseMonitor (JvmPauseMonitor.java:run(109)) - JvmPauseMonitor-b066bd09-7d5e-4568-b961-feea469aecd1: Stopped
2021-08-12 00:19:49,587 [ForkJoinPool.commonPool-worker-0] INFO  server.GrpcService (GrpcService.java:closeImpl(271)) - f396bb35-69a0-4f96-b6c4-c95f49adeaa7: shutdown server with port 37447 successfully
2021-08-12 00:19:49,590 [org.apache.ratis.util.JvmPauseMonitor$$Lambda$531/1449527477@5b4b21d4] INFO  util.JvmPauseMonitor (JvmPauseMonitor.java:run(109)) - JvmPauseMonitor-f396bb35-69a0-4f96-b6c4-c95f49adeaa7: Stopped
2021-08-12 00:19:49,593 [ForkJoinPool.commonPool-worker-0] INFO  utils.BackgroundService (BackgroundService.java:shutdown(132)) - Shutting down service BlockDeletingService
2021-08-12 00:19:49,611 [Listener at 127.0.0.1/37815] INFO  utils.BackgroundService (BackgroundService.java:shutdown(132)) - Shutting down service BlockDeletingService
2021-08-12 00:19:51,386 [9844affe-c598-4e78-82ce-ffb4ab001b60@group-9F4148ED38EC-FollowerState] INFO  impl.FollowerState (FollowerState.java:run(134)) - 9844affe-c598-4e78-82ce-ffb4ab001b60@group-9F4148ED38EC-FollowerState: change to CANDIDATE, lastRpcElapsedTime:5100807183ns, electionTimeout:5090ms
2021-08-12 00:19:51,386 [9844affe-c598-4e78-82ce-ffb4ab001b60@group-9F4148ED38EC-FollowerState] INFO  impl.RoleInfo (RoleInfo.java:shutdownFollowerState(108)) - 9844affe-c598-4e78-82ce-ffb4ab001b60: shutdown 9844affe-c598-4e78-82ce-ffb4ab001b60@group-9F4148ED38EC-FollowerState
2021-08-12 00:19:51,386 [9844affe-c598-4e78-82ce-ffb4ab001b60@group-9F4148ED38EC-FollowerState] INFO  server.RaftServer$Division (RaftServerImpl.java:setRole(285)) - 9844affe-c598-4e78-82ce-ffb4ab001b60@group-9F4148ED38EC: changes role from  FOLLOWER to CANDIDATE at term 4 for changeToCandidate
2021-08-12 00:19:51,386 [9844affe-c598-4e78-82ce-ffb4ab001b60@group-9F4148ED38EC-FollowerState] INFO  server.RaftServerConfigKeys (ConfUtils.java:logGet(44)) - raft.server.leaderelection.pre-vote = false (custom)
2021-08-12 00:19:51,387 [9844affe-c598-4e78-82ce-ffb4ab001b60@group-9F4148ED38EC-FollowerState] INFO  impl.RoleInfo (RoleInfo.java:updateAndGet(130)) - 9844affe-c598-4e78-82ce-ffb4ab001b60: start 9844affe-c598-4e78-82ce-ffb4ab001b60@group-9F4148ED38EC-LeaderElection54
2021-08-12 00:19:51,398 [9844affe-c598-4e78-82ce-ffb4ab001b60@group-9F4148ED38EC-LeaderElection54] INFO  impl.LeaderElection (LeaderElection.java:askForVotes(306)) - 9844affe-c598-4e78-82ce-ffb4ab001b60@group-9F4148ED38EC-LeaderElection54 ELECTION round 0: submit vote requests at term 5 for 0: [f396bb35-69a0-4f96-b6c4-c95f49adeaa7|rpc:10.1.0.26:37447|dataStream:|priority:0, b066bd09-7d5e-4568-b961-feea469aecd1|rpc:10.1.0.26:41439|dataStream:|priority:0, 9844affe-c598-4e78-82ce-ffb4ab001b60|rpc:10.1.0.26:43641|dataStream:|priority:1], old=null
2021-08-12 00:19:51,474 [9844affe-c598-4e78-82ce-ffb4ab001b60@group-9F4148ED38EC-LeaderElection54] INFO  impl.LeaderElection (LogUtils.java:infoOrTrace(137)) - 9844affe-c598-4e78-82ce-ffb4ab001b60@group-9F4148ED38EC-LeaderElection54 got exception when requesting votes: java.util.concurrent.ExecutionException: org.apache.ratis.thirdparty.io.grpc.StatusRuntimeException: UNAVAILABLE: io exception
2021-08-12 00:19:51,478 [9844affe-c598-4e78-82ce-ffb4ab001b60@group-9F4148ED38EC-LeaderElection54] INFO  impl.LeaderElection (LogUtils.java:infoOrTrace(137)) - 9844affe-c598-4e78-82ce-ffb4ab001b60@group-9F4148ED38EC-LeaderElection54 got exception when requesting votes: java.util.concurrent.ExecutionException: org.apache.ratis.thirdparty.io.grpc.StatusRuntimeException: UNAVAILABLE: io exception
2021-08-12 00:19:51,478 [9844affe-c598-4e78-82ce-ffb4ab001b60@group-9F4148ED38EC-LeaderElection54] INFO  impl.LeaderElection (LeaderElection.java:logAndReturn(89)) - 9844affe-c598-4e78-82ce-ffb4ab001b60@group-9F4148ED38EC-LeaderElection54: ELECTION REJECTED received 0 response(s) and 2 exception(s):
2021-08-12 00:19:51,478 [9844affe-c598-4e78-82ce-ffb4ab001b60@group-9F4148ED38EC-LeaderElection54] INFO  impl.LeaderElection (LogUtils.java:infoOrTrace(137)) -   Exception 0: java.util.concurrent.ExecutionException: org.apache.ratis.thirdparty.io.grpc.StatusRuntimeException: UNAVAILABLE: io exception
2021-08-12 00:19:51,478 [9844affe-c598-4e78-82ce-ffb4ab001b60@group-9F4148ED38EC-LeaderElection54] INFO  impl.LeaderElection (LogUtils.java:infoOrTrace(137)) -   Exception 1: java.util.concurrent.ExecutionException: org.apache.ratis.thirdparty.io.grpc.StatusRuntimeException: UNAVAILABLE: io exception
2021-08-12 00:19:51,478 [9844affe-c598-4e78-82ce-ffb4ab001b60@group-9F4148ED38EC-LeaderElection54] INFO  impl.LeaderElection (LeaderElection.java:askForVotes(308)) - 9844affe-c598-4e78-82ce-ffb4ab001b60@group-9F4148ED38EC-LeaderElection54 ELECTION round 0: result REJECTED
2021-08-12 00:19:51,479 [9844affe-c598-4e78-82ce-ffb4ab001b60@group-9F4148ED38EC-LeaderElection54] INFO  server.RaftServer$Division (RaftServerImpl.java:setRole(285)) - 9844affe-c598-4e78-82ce-ffb4ab001b60@group-9F4148ED38EC: changes role from CANDIDATE to FOLLOWER at term 5 for REJECTED
2021-08-12 00:19:51,479 [9844affe-c598-4e78-82ce-ffb4ab001b60@group-9F4148ED38EC-LeaderElection54] INFO  impl.RoleInfo (RoleInfo.java:shutdownLeaderElection(121)) - 9844affe-c598-4e78-82ce-ffb4ab001b60: shutdown 9844affe-c598-4e78-82ce-ffb4ab001b60@group-9F4148ED38EC-LeaderElection54
2021-08-12 00:19:51,479 [9844affe-c598-4e78-82ce-ffb4ab001b60@group-9F4148ED38EC-LeaderElection54] INFO  impl.RoleInfo (RoleInfo.java:updateAndGet(130)) - 9844affe-c598-4e78-82ce-ffb4ab001b60: start 9844affe-c598-4e78-82ce-ffb4ab001b60@group-9F4148ED38EC-FollowerState
2021-08-12 00:19:52,627 [ForkJoinPool.commonPool-worker-0] INFO  statemachine.DatanodeStateMachine (DatanodeStateMachine.java:stopDaemon(515)) - Ozone container server stopped.
2021-08-12 00:19:52,630 [Listener at 127.0.0.1/37815] INFO  statemachine.DatanodeStateMachine (DatanodeStateMachine.java:stopDaemon(515)) - Ozone container server stopped.
2021-08-12 00:19:52,631 [Listener at 127.0.0.1/37815] INFO  handler.ContextHandler (ContextHandler.java:doStop(1153)) - Stopped o.e.j.w.WebAppContext@2fac892e{hddsDatanode,/,null,STOPPED}{jar:file:/home/runner/.m2/repository/org/apache/ozone/hdds-container-service/1.2.0-SNAPSHOT/hdds-container-service-1.2.0-SNAPSHOT.jar!/webapps/hddsDatanode}
2021-08-12 00:19:52,636 [ForkJoinPool.commonPool-worker-0] INFO  handler.ContextHandler (ContextHandler.java:doStop(1153)) - Stopped o.e.j.w.WebAppContext@21042c3f{hddsDatanode,/,null,STOPPED}{jar:file:/home/runner/.m2/repository/org/apache/ozone/hdds-container-service/1.2.0-SNAPSHOT/hdds-container-service-1.2.0-SNAPSHOT.jar!/webapps/hddsDatanode}
2021-08-12 00:19:52,637 [ForkJoinPool.commonPool-worker-0] INFO  server.AbstractConnector (AbstractConnector.java:doStop(381)) - Stopped ServerConnector@17401fb4{HTTP/1.1, (http/1.1)}{0.0.0.0:0}
2021-08-12 00:19:52,637 [ForkJoinPool.commonPool-worker-0] INFO  server.session (HouseKeeper.java:stopScavenging(149)) - node0 Stopped scavenging
2021-08-12 00:19:52,638 [ForkJoinPool.commonPool-worker-0] INFO  handler.ContextHandler (ContextHandler.java:doStop(1153)) - Stopped o.e.j.s.ServletContextHandler@7ce6a40{static,/static,jar:file:/home/runner/.m2/repository/org/apache/ozone/hdds-container-service/1.2.0-SNAPSHOT/hdds-container-service-1.2.0-SNAPSHOT.jar!/webapps/static,STOPPED}
2021-08-12 00:19:52,638 [ForkJoinPool.commonPool-worker-0] INFO  handler.ContextHandler (ContextHandler.java:doStop(1153)) - Stopped o.e.j.s.ServletContextHandler@5f82da13{logs,/logs,file:///home/runner/work/ozone/ozone/hadoop-ozone/integration-test/target/log,STOPPED}
2021-08-12 00:19:52,654 [Listener at 127.0.0.1/37815] INFO  server.AbstractConnector (AbstractConnector.java:doStop(381)) - Stopped ServerConnector@4e250712{HTTP/1.1, (http/1.1)}{0.0.0.0:0}
2021-08-12 00:19:52,654 [Listener at 127.0.0.1/37815] INFO  server.session (HouseKeeper.java:stopScavenging(149)) - node0 Stopped scavenging
2021-08-12 00:19:52,654 [Listener at 127.0.0.1/37815] INFO  handler.ContextHandler (ContextHandler.java:doStop(1153)) - Stopped o.e.j.s.ServletContextHandler@61117b63{static,/static,jar:file:/home/runner/.m2/repository/org/apache/ozone/hdds-container-service/1.2.0-SNAPSHOT/hdds-container-service-1.2.0-SNAPSHOT.jar!/webapps/static,STOPPED}
2021-08-12 00:19:52,654 [Listener at 127.0.0.1/37815] INFO  handler.ContextHandler (ContextHandler.java:doStop(1153)) - Stopped o.e.j.s.ServletContextHandler@5fccbb3{logs,/logs,file:///home/runner/work/ozone/ozone/hadoop-ozone/integration-test/target/log,STOPPED}
2021-08-12 00:19:53,058 [Datanode State Machine Thread - 0] INFO  statemachine.DatanodeStateMachine (DatanodeStateMachine.java:lambda$startDaemon$0(457)) - Ozone container server started.
2021-08-12 00:19:56,590 [9844affe-c598-4e78-82ce-ffb4ab001b60@group-9F4148ED38EC-FollowerState] INFO  impl.FollowerState (FollowerState.java:run(134)) - 9844affe-c598-4e78-82ce-ffb4ab001b60@group-9F4148ED38EC-FollowerState: change to CANDIDATE, lastRpcElapsedTime:5111039700ns, electionTimeout:5092ms
2021-08-12 00:19:56,590 [9844affe-c598-4e78-82ce-ffb4ab001b60@group-9F4148ED38EC-FollowerState] INFO  impl.RoleInfo (RoleInfo.java:shutdownFollowerState(108)) - 9844affe-c598-4e78-82ce-ffb4ab001b60: shutdown 9844affe-c598-4e78-82ce-ffb4ab001b60@group-9F4148ED38EC-FollowerState
2021-08-12 00:19:56,590 [9844affe-c598-4e78-82ce-ffb4ab001b60@group-9F4148ED38EC-FollowerState] INFO  server.RaftServer$Division (RaftServerImpl.java:setRole(285)) - 9844affe-c598-4e78-82ce-ffb4ab001b60@group-9F4148ED38EC: changes role from  FOLLOWER to CANDIDATE at term 5 for changeToCandidate
2021-08-12 00:19:56,590 [9844affe-c598-4e78-82ce-ffb4ab001b60@group-9F4148ED38EC-FollowerState] INFO  server.RaftServerConfigKeys (ConfUtils.java:logGet(44)) - raft.server.leaderelection.pre-vote = false (custom)
2021-08-12 00:19:56,590 [9844affe-c598-4e78-82ce-ffb4ab001b60@group-9F4148ED38EC-FollowerState] INFO  impl.RoleInfo (RoleInfo.java:updateAndGet(130)) - 9844affe-c598-4e78-82ce-ffb4ab001b60: start 9844affe-c598-4e78-82ce-ffb4ab001b60@group-9F4148ED38EC-LeaderElection55
2021-08-12 00:19:56,603 [9844affe-c598-4e78-82ce-ffb4ab001b60@group-9F4148ED38EC-LeaderElection55] INFO  impl.LeaderElection (LeaderElection.java:askForVotes(306)) - 9844affe-c598-4e78-82ce-ffb4ab001b60@group-9F4148ED38EC-LeaderElection55 ELECTION round 0: submit vote requests at term 6 for 0: [f396bb35-69a0-4f96-b6c4-c95f49adeaa7|rpc:10.1.0.26:37447|dataStream:|priority:0, b066bd09-7d5e-4568-b961-feea469aecd1|rpc:10.1.0.26:41439|dataStream:|priority:0, 9844affe-c598-4e78-82ce-ffb4ab001b60|rpc:10.1.0.26:43641|dataStream:|priority:1], old=null
2021-08-12 00:19:56,604 [9844affe-c598-4e78-82ce-ffb4ab001b60@group-9F4148ED38EC-LeaderElection55] INFO  impl.LeaderElection (LogUtils.java:infoOrTrace(137)) - 9844affe-c598-4e78-82ce-ffb4ab001b60@group-9F4148ED38EC-LeaderElection55 got exception when requesting votes: java.util.concurrent.ExecutionException: org.apache.ratis.thirdparty.io.grpc.StatusRuntimeException: UNAVAILABLE: io exception
2021-08-12 00:19:56,605 [9844affe-c598-4e78-82ce-ffb4ab001b60@group-9F4148ED38EC-LeaderElection55] INFO  impl.LeaderElection (LogUtils.java:infoOrTrace(137)) - 9844affe-c598-4e78-82ce-ffb4ab001b60@group-9F4148ED38EC-LeaderElection55 got exception when requesting votes: java.util.concurrent.ExecutionException: org.apache.ratis.thirdparty.io.grpc.StatusRuntimeException: UNAVAILABLE: io exception
2021-08-12 00:19:56,605 [9844affe-c598-4e78-82ce-ffb4ab001b60@group-9F4148ED38EC-LeaderElection55] INFO  impl.LeaderElection (LeaderElection.java:logAndReturn(89)) - 9844affe-c598-4e78-82ce-ffb4ab001b60@group-9F4148ED38EC-LeaderElection55: ELECTION REJECTED received 0 response(s) and 2 exception(s):
2021-08-12 00:19:56,605 [9844affe-c598-4e78-82ce-ffb4ab001b60@group-9F4148ED38EC-LeaderElection55] INFO  impl.LeaderElection (LogUtils.java:infoOrTrace(137)) -   Exception 0: java.util.concurrent.ExecutionException: org.apache.ratis.thirdparty.io.grpc.StatusRuntimeException: UNAVAILABLE: io exception
2021-08-12 00:19:56,605 [9844affe-c598-4e78-82ce-ffb4ab001b60@group-9F4148ED38EC-LeaderElection55] INFO  impl.LeaderElection (LogUtils.java:infoOrTrace(137)) -   Exception 1: java.util.concurrent.ExecutionException: org.apache.ratis.thirdparty.io.grpc.StatusRuntimeException: UNAVAILABLE: io exception
2021-08-12 00:19:56,605 [9844affe-c598-4e78-82ce-ffb4ab001b60@group-9F4148ED38EC-LeaderElection55] INFO  impl.LeaderElection (LeaderElection.java:askForVotes(308)) - 9844affe-c598-4e78-82ce-ffb4ab001b60@group-9F4148ED38EC-LeaderElection55 ELECTION round 0: result REJECTED
2021-08-12 00:19:56,605 [9844affe-c598-4e78-82ce-ffb4ab001b60@group-9F4148ED38EC-LeaderElection55] INFO  server.RaftServer$Division (RaftServerImpl.java:setRole(285)) - 9844affe-c598-4e78-82ce-ffb4ab001b60@group-9F4148ED38EC: changes role from CANDIDATE to FOLLOWER at term 6 for REJECTED
2021-08-12 00:19:56,605 [9844affe-c598-4e78-82ce-ffb4ab001b60@group-9F4148ED38EC-LeaderElection55] INFO  impl.RoleInfo (RoleInfo.java:shutdownLeaderElection(121)) - 9844affe-c598-4e78-82ce-ffb4ab001b60: shutdown 9844affe-c598-4e78-82ce-ffb4ab001b60@group-9F4148ED38EC-LeaderElection55
2021-08-12 00:19:56,605 [9844affe-c598-4e78-82ce-ffb4ab001b60@group-9F4148ED38EC-LeaderElection55] INFO  impl.RoleInfo (RoleInfo.java:updateAndGet(130)) - 9844affe-c598-4e78-82ce-ffb4ab001b60: start 9844affe-c598-4e78-82ce-ffb4ab001b60@group-9F4148ED38EC-FollowerState
2021-08-12 00:19:57,654 [ForkJoinPool.commonPool-worker-0] INFO  ozoneimpl.OzoneContainer (OzoneContainer.java:stop(326)) - Attempting to stop container services.
2021-08-12 00:19:57,663 [ForkJoinPool.commonPool-worker-0] INFO  server.RaftServer (RaftServerProxy.java:lambda$close$6(391)) - 9844affe-c598-4e78-82ce-ffb4ab001b60: close
2021-08-12 00:19:57,664 [ForkJoinPool.commonPool-worker-0] INFO  server.RaftServer$Division (RaftServerImpl.java:lambda$close$4(407)) - 9844affe-c598-4e78-82ce-ffb4ab001b60@group-3379222122CC: shutdown
2021-08-12 00:19:57,664 [ForkJoinPool.commonPool-worker-0] INFO  util.JmxRegister (JmxRegister.java:unregister(73)) - Successfully un-registered JMX Bean with object name Ratis:service=RaftServer,group=group-3379222122CC,id=9844affe-c598-4e78-82ce-ffb4ab001b60
2021-08-12 00:19:57,670 [ForkJoinPool.commonPool-worker-0] INFO  impl.RoleInfo (RoleInfo.java:shutdownLeaderState(91)) - 9844affe-c598-4e78-82ce-ffb4ab001b60: shutdown 9844affe-c598-4e78-82ce-ffb4ab001b60@group-3379222122CC-LeaderStateImpl
2021-08-12 00:19:57,671 [ForkJoinPool.commonPool-worker-0] INFO  impl.PendingRequests (PendingRequests.java:sendNotLeaderResponses(282)) - 9844affe-c598-4e78-82ce-ffb4ab001b60@group-3379222122CC-PendingRequests: sendNotLeaderResponses
2021-08-12 00:19:57,672 [ForkJoinPool.commonPool-worker-0] INFO  impl.StateMachineUpdater (StateMachineUpdater.java:stopAndJoin(149)) - 9844affe-c598-4e78-82ce-ffb4ab001b60@group-3379222122CC-StateMachineUpdater: set stopIndex = 0
2021-08-12 00:19:57,673 [9844affe-c598-4e78-82ce-ffb4ab001b60@group-3379222122CC-StateMachineUpdater] INFO  ratis.ContainerStateMachine (ContainerStateMachine.java:takeSnapshot(293)) - group-3379222122CC: Taking a snapshot at:(t:1, i:0) file /home/runner/work/ozone/ozone/hadoop-ozone/integration-test/target/test-dir/MiniOzoneClusterImpl-3f855486-d891-4f73-82e2-a28b2591c95d/datanode-2/data/ratis/66e46046-9df7-45d5-8015-3379222122cc/sm/snapshot.1_0
2021-08-12 00:19:57,681 [9844affe-c598-4e78-82ce-ffb4ab001b60@group-3379222122CC-StateMachineUpdater] INFO  ratis.ContainerStateMachine (ContainerStateMachine.java:takeSnapshot(304)) - group-3379222122CC: Finished taking a snapshot at:(t:1, i:0) file:/home/runner/work/ozone/ozone/hadoop-ozone/integration-test/target/test-dir/MiniOzoneClusterImpl-3f855486-d891-4f73-82e2-a28b2591c95d/datanode-2/data/ratis/66e46046-9df7-45d5-8015-3379222122cc/sm/snapshot.1_0 took: 7 ms
2021-08-12 00:19:57,681 [9844affe-c598-4e78-82ce-ffb4ab001b60@group-3379222122CC-StateMachineUpdater] INFO  impl.StateMachineUpdater (StateMachineUpdater.java:takeSnapshot(281)) - 9844affe-c598-4e78-82ce-ffb4ab001b60@group-3379222122CC-StateMachineUpdater: Took a snapshot at index 0
2021-08-12 00:19:57,681 [9844affe-c598-4e78-82ce-ffb4ab001b60@group-3379222122CC-StateMachineUpdater] INFO  impl.StateMachineUpdater (StateMachineUpdater.java:lambda$new$0(89)) - 9844affe-c598-4e78-82ce-ffb4ab001b60@group-3379222122CC-StateMachineUpdater: snapshotIndex: updateIncreasingly -1 -> 0
2021-08-12 00:19:57,683 [ForkJoinPool.commonPool-worker-0] INFO  server.RaftServer$Division (ServerState.java:close(419)) - 9844affe-c598-4e78-82ce-ffb4ab001b60@group-3379222122CC: closes. applyIndex: 0
2021-08-12 00:19:57,684 [9844affe-c598-4e78-82ce-ffb4ab001b60@group-3379222122CC-SegmentedRaftLogWorker] INFO  segmented.SegmentedRaftLogWorker (SegmentedRaftLogWorker.java:run(327)) - 9844affe-c598-4e78-82ce-ffb4ab001b60@group-3379222122CC-SegmentedRaftLogWorker was interrupted, exiting. There are 0 tasks remaining in the queue.
2021-08-12 00:19:57,696 [ForkJoinPool.commonPool-worker-0] INFO  segmented.SegmentedRaftLogWorker (SegmentedRaftLogWorker.java:close(237)) - 9844affe-c598-4e78-82ce-ffb4ab001b60@group-3379222122CC-SegmentedRaftLogWorker close()
2021-08-12 00:19:57,732 [ForkJoinPool.commonPool-worker-0] INFO  server.RaftServer$Division (RaftServerImpl.java:lambda$close$4(407)) - 9844affe-c598-4e78-82ce-ffb4ab001b60@group-9F4148ED38EC: shutdown
2021-08-12 00:19:57,732 [ForkJoinPool.commonPool-worker-0] INFO  util.JmxRegister (JmxRegister.java:unregister(73)) - Successfully un-registered JMX Bean with object name Ratis:service=RaftServer,group=group-9F4148ED38EC,id=9844affe-c598-4e78-82ce-ffb4ab001b60
2021-08-12 00:19:57,733 [ForkJoinPool.commonPool-worker-0] INFO  impl.RoleInfo (RoleInfo.java:shutdownFollowerState(108)) - 9844affe-c598-4e78-82ce-ffb4ab001b60: shutdown 9844affe-c598-4e78-82ce-ffb4ab001b60@group-9F4148ED38EC-FollowerState
2021-08-12 00:19:57,733 [ForkJoinPool.commonPool-worker-0] INFO  impl.StateMachineUpdater (StateMachineUpdater.java:stopAndJoin(149)) - 9844affe-c598-4e78-82ce-ffb4ab001b60@group-9F4148ED38EC-StateMachineUpdater: set stopIndex = -1
2021-08-12 00:19:57,733 [9844affe-c598-4e78-82ce-ffb4ab001b60@group-9F4148ED38EC-FollowerState] INFO  impl.FollowerState (FollowerState.java:run(143)) - 9844affe-c598-4e78-82ce-ffb4ab001b60@group-9F4148ED38EC-FollowerState was interrupted: {}
java.lang.InterruptedException: sleep interrupted
	at java.lang.Thread.sleep(Native Method)
	at java.lang.Thread.sleep(Thread.java:340)
	at java.util.concurrent.TimeUnit.sleep(TimeUnit.java:386)
	at org.apache.ratis.util.TimeDuration.sleep(TimeDuration.java:324)
	at org.apache.ratis.util.TimeDuration.sleep(TimeDuration.java:309)
	at org.apache.ratis.server.impl.FollowerState.run(FollowerState.java:118)
2021-08-12 00:19:57,734 [ForkJoinPool.commonPool-worker-0] INFO  server.RaftServer$Division (ServerState.java:close(419)) - 9844affe-c598-4e78-82ce-ffb4ab001b60@group-9F4148ED38EC: closes. applyIndex: -1
2021-08-12 00:19:57,735 [9844affe-c598-4e78-82ce-ffb4ab001b60@group-9F4148ED38EC-SegmentedRaftLogWorker] INFO  segmented.SegmentedRaftLogWorker (SegmentedRaftLogWorker.java:run(327)) - 9844affe-c598-4e78-82ce-ffb4ab001b60@group-9F4148ED38EC-SegmentedRaftLogWorker was interrupted, exiting. There are 0 tasks remaining in the queue.
2021-08-12 00:19:57,736 [ForkJoinPool.commonPool-worker-0] INFO  segmented.SegmentedRaftLogWorker (SegmentedRaftLogWorker.java:close(237)) - 9844affe-c598-4e78-82ce-ffb4ab001b60@group-9F4148ED38EC-SegmentedRaftLogWorker close()
2021-08-12 00:19:57,740 [ForkJoinPool.commonPool-worker-0] INFO  server.GrpcService (GrpcService.java:closeImpl(262)) - 9844affe-c598-4e78-82ce-ffb4ab001b60: shutdown server with port 43641 now
2021-08-12 00:19:57,768 [ForkJoinPool.commonPool-worker-0] INFO  server.GrpcService (GrpcService.java:closeImpl(271)) - 9844affe-c598-4e78-82ce-ffb4ab001b60: shutdown server with port 43641 successfully
2021-08-12 00:19:57,769 [org.apache.ratis.util.JvmPauseMonitor$$Lambda$531/1449527477@5edabec3] INFO  util.JvmPauseMonitor (JvmPauseMonitor.java:run(109)) - JvmPauseMonitor-9844affe-c598-4e78-82ce-ffb4ab001b60: Stopped
2021-08-12 00:19:57,814 [ForkJoinPool.commonPool-worker-0] INFO  utils.BackgroundService (BackgroundService.java:shutdown(132)) - Shutting down service BlockDeletingService
2021-08-12 00:20:00,838 [ForkJoinPool.commonPool-worker-0] INFO  statemachine.DatanodeStateMachine (DatanodeStateMachine.java:stopDaemon(515)) - Ozone container server stopped.
2021-08-12 00:20:00,841 [ForkJoinPool.commonPool-worker-0] INFO  handler.ContextHandler (ContextHandler.java:doStop(1153)) - Stopped o.e.j.w.WebAppContext@7332b50{hddsDatanode,/,null,STOPPED}{jar:file:/home/runner/.m2/repository/org/apache/ozone/hdds-container-service/1.2.0-SNAPSHOT/hdds-container-service-1.2.0-SNAPSHOT.jar!/webapps/hddsDatanode}
2021-08-12 00:20:00,849 [ForkJoinPool.commonPool-worker-0] INFO  server.AbstractConnector (AbstractConnector.java:doStop(381)) - Stopped ServerConnector@6b0a86e6{HTTP/1.1, (http/1.1)}{0.0.0.0:0}
2021-08-12 00:20:00,849 [ForkJoinPool.commonPool-worker-0] INFO  server.session (HouseKeeper.java:stopScavenging(149)) - node0 Stopped scavenging
2021-08-12 00:20:00,850 [ForkJoinPool.commonPool-worker-0] INFO  handler.ContextHandler (ContextHandler.java:doStop(1153)) - Stopped o.e.j.s.ServletContextHandler@784f3108{static,/static,jar:file:/home/runner/.m2/repository/org/apache/ozone/hdds-container-service/1.2.0-SNAPSHOT/hdds-container-service-1.2.0-SNAPSHOT.jar!/webapps/static,STOPPED}
2021-08-12 00:20:00,850 [ForkJoinPool.commonPool-worker-0] INFO  handler.ContextHandler (ContextHandler.java:doStop(1153)) - Stopped o.e.j.s.ServletContextHandler@72a4011f{logs,/logs,file:///home/runner/work/ozone/ozone/hadoop-ozone/integration-test/target/log,STOPPED}
2021-08-12 00:20:00,862 [Listener at 127.0.0.1/37815] INFO  ozone.MiniOzoneClusterImpl (MiniOzoneClusterImpl.java:stopSCM(542)) - Stopping the StorageContainerManager
2021-08-12 00:20:00,862 [Listener at 127.0.0.1/37815] INFO  server.StorageContainerManager (StorageContainerManager.java:stop(1341)) - Stopping Replication Manager Service.
2021-08-12 00:20:00,862 [Listener at 127.0.0.1/37815] INFO  container.ReplicationManager (ReplicationManager.java:stop(317)) - Stopping Replication Monitor Thread.
2021-08-12 00:20:00,862 [Listener at 127.0.0.1/37815] INFO  server.StorageContainerManager (StorageContainerManager.java:stop(1348)) - Stopping the Datanode Admin Monitor.
2021-08-12 00:20:00,862 [Listener at 127.0.0.1/37815] INFO  server.StorageContainerManager (StorageContainerManager.java:stop(1355)) - Stopping Lease Manager of the command watchers
2021-08-12 00:20:00,862 [Listener at 127.0.0.1/37815] INFO  server.StorageContainerManager (StorageContainerManager.java:stop(1362)) - Stopping datanode service RPC server
2021-08-12 00:20:00,862 [Listener at 127.0.0.1/37815] INFO  server.SCMDatanodeProtocolServer (SCMDatanodeProtocolServer.java:stop(389)) - Stopping the RPC server for DataNodes
2021-08-12 00:20:00,863 [Listener at 127.0.0.1/37815] INFO  ipc.Server (Server.java:stop(3414)) - Stopping server on 39847
2021-08-12 00:20:00,869 [IPC Server Responder] INFO  ipc.Server (Server.java:run(1512)) - Stopping IPC Server Responder
2021-08-12 00:20:00,869 [IPC Server listener on 0] INFO  ipc.Server (Server.java:run(1376)) - Stopping IPC Server listener on 0
2021-08-12 00:20:00,909 [SCM Heartbeat Processing Thread - 0] WARN  node.NodeStateManager (NodeStateManager.java:scheduleNextHealthCheck(799)) - Current Thread is interrupted, shutting down HB processing thread for Node Manager.
2021-08-12 00:20:00,909 [Listener at 127.0.0.1/37815] INFO  server.StorageContainerManager (StorageContainerManager.java:stop(1370)) - Stopping block service RPC server
2021-08-12 00:20:00,909 [Listener at 127.0.0.1/37815] INFO  server.SCMBlockProtocolServer (SCMBlockProtocolServer.java:stop(160)) - Stopping the RPC server for Block Protocol
2021-08-12 00:20:00,909 [Listener at 127.0.0.1/37815] INFO  ipc.Server (Server.java:stop(3414)) - Stopping server on 42439
2021-08-12 00:20:00,916 [IPC Server listener on 0] INFO  ipc.Server (Server.java:run(1376)) - Stopping IPC Server listener on 0
2021-08-12 00:20:00,927 [Listener at 127.0.0.1/37815] INFO  server.StorageContainerManager (StorageContainerManager.java:stop(1377)) - Stopping the StorageContainerLocationProtocol RPC server
2021-08-12 00:20:00,928 [Listener at 127.0.0.1/37815] INFO  server.SCMClientProtocolServer (SCMClientProtocolServer.java:stop(173)) - Stopping the RPC server for Client Protocol
2021-08-12 00:20:00,928 [Listener at 127.0.0.1/37815] INFO  ipc.Server (Server.java:stop(3414)) - Stopping server on 46009
2021-08-12 00:20:00,928 [IPC Server Responder] INFO  ipc.Server (Server.java:run(1512)) - Stopping IPC Server Responder
2021-08-12 00:20:00,932 [Listener at 127.0.0.1/37815] INFO  server.StorageContainerManager (StorageContainerManager.java:stop(1384)) - Stopping Storage Container Manager HTTP server.
2021-08-12 00:20:00,933 [Listener at 127.0.0.1/37815] INFO  handler.ContextHandler (ContextHandler.java:doStop(1153)) - Stopped o.e.j.w.WebAppContext@6b50c537{scm,/,null,STOPPED}{file:/home/runner/work/ozone/ozone/hadoop-ozone/integration-test/target/test-classes/webapps/scm}
2021-08-12 00:20:00,933 [IPC Server Responder] INFO  ipc.Server (Server.java:run(1512)) - Stopping IPC Server Responder
2021-08-12 00:20:00,933 [IPC Server listener on 0] INFO  ipc.Server (Server.java:run(1376)) - Stopping IPC Server listener on 0
2021-08-12 00:20:00,958 [Listener at 127.0.0.1/37815] INFO  server.AbstractConnector (AbstractConnector.java:doStop(381)) - Stopped ServerConnector@be01677{HTTP/1.1, (http/1.1)}{0.0.0.0:0}
2021-08-12 00:20:00,958 [Listener at 127.0.0.1/37815] INFO  server.session (HouseKeeper.java:stopScavenging(149)) - node0 Stopped scavenging
2021-08-12 00:20:00,958 [Listener at 127.0.0.1/37815] INFO  handler.ContextHandler (ContextHandler.java:doStop(1153)) - Stopped o.e.j.s.ServletContextHandler@261afc15{static,/static,file:///home/runner/work/ozone/ozone/hadoop-ozone/integration-test/target/test-classes/webapps/static,STOPPED}
2021-08-12 00:20:00,958 [Listener at 127.0.0.1/37815] INFO  handler.ContextHandler (ContextHandler.java:doStop(1153)) - Stopped o.e.j.s.ServletContextHandler@2b593246{logs,/logs,file:///home/runner/work/ozone/ozone/hadoop-ozone/integration-test/target/log,STOPPED}
2021-08-12 00:20:00,969 [Listener at 127.0.0.1/37815] INFO  server.StorageContainerManager (StorageContainerManager.java:stop(1395)) - Stopping Block Manager Service.
2021-08-12 00:20:00,969 [Listener at 127.0.0.1/37815] INFO  utils.BackgroundService (BackgroundService.java:shutdown(132)) - Shutting down service SCMBlockDeletingService
2021-08-12 00:20:00,985 [Listener at 127.0.0.1/37815] INFO  utils.BackgroundService (BackgroundService.java:shutdown(132)) - Shutting down service SCMBlockDeletingService
2021-08-12 00:20:00,985 [Listener at 127.0.0.1/37815] INFO  server.StorageContainerManager (StorageContainerManager.java:stop(1422)) - Stopping SCM Event Queue.
2021-08-12 00:20:00,987 [Listener at 127.0.0.1/37815] INFO  server.StorageContainerManager (StorageContainerManager.java:stop(1433)) - Stopping SCM HA services.
2021-08-12 00:20:00,987 [Listener at 127.0.0.1/37815] INFO  pipeline.BackgroundPipelineCreator (BackgroundPipelineCreatorV2.java:stop(158)) - Stopping RatisPipelineUtilsThread.
2021-08-12 00:20:00,988 [Listener at 127.0.0.1/37815] INFO  server.StorageContainerManager (StorageContainerManager.java:stop(1443)) - Stopping SCM MetadataStore.
2021-08-12 00:20:00,992 [Listener at 127.0.0.1/37815] INFO  impl.MetricsSystemImpl (MetricsSystemImpl.java:stop(210)) - Stopping HddsDatanode metrics system...
2021-08-12 00:20:01,019 [prometheus] INFO  impl.MetricsSinkAdapter (MetricsSinkAdapter.java:publishMetricsFromQueue(141)) - prometheus thread interrupted.
2021-08-12 00:20:01,019 [Listener at 127.0.0.1/37815] INFO  impl.MetricsSystemImpl (MetricsSystemImpl.java:stop(216)) - HddsDatanode metrics system stopped.
]]></system-out>
  </testcase>
</testsuite>