<?xml version="1.0" encoding="UTF-8"?>
<testsuite xmlns:xsi="http://www.w3.org/2001/XMLSchema-instance" xsi:noNamespaceSchemaLocation="https://maven.apache.org/surefire/maven-surefire-plugin/xsd/surefire-test-report-3.0.xsd" version="3.0" name="org.apache.hadoop.hdds.scm.TestRatisPipelineLeader" time="44.256" tests="2" errors="0" skipped="0" failures="2">
  <properties>
    <property name="awt.toolkit" value="sun.awt.X11.XToolkit"/>
    <property name="file.encoding.pkg" value="sun.io"/>
    <property name="java.specification.version" value="1.8"/>
    <property name="sun.cpu.isalist" value=""/>
    <property name="sun.jnu.encoding" value="UTF-8"/>
    <property name="java.class.path" value="/home/runner/work/ozone/ozone/hadoop-ozone/integration-test/target/test-classes:/home/runner/work/ozone/ozone/hadoop-ozone/integration-test/target/classes:/home/runner/.m2/repository/org/apache/ozone/ozone-common/1.3.0-SNAPSHOT/ozone-common-1.3.0-SNAPSHOT.jar:/home/runner/.m2/repository/io/grpc/grpc-netty/1.38.0/grpc-netty-1.38.0.jar:/home/runner/.m2/repository/io/grpc/grpc-core/1.38.0/grpc-core-1.38.0.jar:/home/runner/.m2/repository/com/google/android/annotations/4.1.1.4/annotations-4.1.1.4.jar:/home/runner/.m2/repository/com/google/errorprone/error_prone_annotations/2.2.0/error_prone_annotations-2.2.0.jar:/home/runner/.m2/repository/io/perfmark/perfmark-api/0.23.0/perfmark-api-0.23.0.jar:/home/runner/.m2/repository/org/codehaus/mojo/animal-sniffer-annotations/1.19/animal-sniffer-annotations-1.19.jar:/home/runner/.m2/repository/com/google/code/findbugs/jsr305/3.0.0/jsr305-3.0.0.jar:/home/runner/.m2/repository/io/netty/netty-codec-http2/4.1.63.Final/netty-codec-http2-4.1.63.Final.jar:/home/runner/.m2/repository/io/netty/netty-common/4.1.63.Final/netty-common-4.1.63.Final.jar:/home/runner/.m2/repository/io/netty/netty-buffer/4.1.63.Final/netty-buffer-4.1.63.Final.jar:/home/runner/.m2/repository/io/netty/netty-codec-http/4.1.63.Final/netty-codec-http-4.1.63.Final.jar:/home/runner/.m2/repository/io/netty/netty-handler-proxy/4.1.63.Final/netty-handler-proxy-4.1.63.Final.jar:/home/runner/.m2/repository/io/netty/netty-codec-socks/4.1.63.Final/netty-codec-socks-4.1.63.Final.jar:/home/runner/.m2/repository/io/netty/netty-tcnative-boringssl-static/2.0.38.Final/netty-tcnative-boringssl-static-2.0.38.Final.jar:/home/runner/.m2/repository/io/netty/netty-tcnative/2.0.38.Final/netty-tcnative-2.0.38.Final.jar:/home/runner/.m2/repository/org/apache/commons/commons-compress/1.21/commons-compress-1.21.jar:/home/runner/.m2/repository/org/apache/ozone/hdds-common/1.3.0-SNAPSHOT/hdds-common-1.3.0-SNAPSHOT.jar:/home/runner/.m2/repository/org/apache/ozone/hdds-client/1.3.0-SNAPSHOT/hdds-client-1.3.0-SNAPSHOT.jar:/home/runner/.m2/repository/org/apache/ozone/ozone-interface-client/1.3.0-SNAPSHOT/ozone-interface-client-1.3.0-SNAPSHOT.jar:/home/runner/.m2/repository/org/apache/ozone/hdds-test-utils/1.3.0-SNAPSHOT/hdds-test-utils-1.3.0-SNAPSHOT.jar:/home/runner/.m2/repository/com/google/guava/guava/30.1.1-jre/guava-30.1.1-jre.jar:/home/runner/.m2/repository/com/google/guava/failureaccess/1.0.1/failureaccess-1.0.1.jar:/home/runner/.m2/repository/com/google/guava/listenablefuture/9999.0-empty-to-avoid-conflict-with-guava/listenablefuture-9999.0-empty-to-avoid-conflict-with-guava.jar:/home/runner/.m2/repository/org/checkerframework/checker-qual/3.8.0/checker-qual-3.8.0.jar:/home/runner/.m2/repository/com/google/j2objc/j2objc-annotations/1.3/j2objc-annotations-1.3.jar:/home/runner/.m2/repository/commons-io/commons-io/2.11.0/commons-io-2.11.0.jar:/home/runner/.m2/repository/commons-logging/commons-logging/1.2/commons-logging-1.2.jar:/home/runner/.m2/repository/log4j/log4j/1.2.17/log4j-1.2.17.jar:/home/runner/.m2/repository/org/slf4j/slf4j-api/1.7.30/slf4j-api-1.7.30.jar:/home/runner/.m2/repository/org/apache/ozone/hdds-server-scm/1.3.0-SNAPSHOT/hdds-server-scm-1.3.0-SNAPSHOT.jar:/home/runner/.m2/repository/org/apache/ozone/hdds-container-service/1.3.0-SNAPSHOT/hdds-container-service-1.3.0-SNAPSHOT.jar:/home/runner/.m2/repository/org/apache/ozone/hdds-hadoop-dependency-server/1.3.0-SNAPSHOT/hdds-hadoop-dependency-server-1.3.0-SNAPSHOT.jar:/home/runner/.m2/repository/org/apache/hadoop/hadoop-hdfs/3.3.1/hadoop-hdfs-3.3.1.jar:/home/runner/.m2/repository/org/apache/ozone/hdds-server-framework/1.3.0-SNAPSHOT/hdds-server-framework-1.3.0-SNAPSHOT.jar:/home/runner/.m2/repository/org/apache/ozone/hdds-interface-server/1.3.0-SNAPSHOT/hdds-interface-server-1.3.0-SNAPSHOT.jar:/home/runner/.m2/repository/org/apache/logging/log4j/log4j-core/2.17.1/log4j-core-2.17.1.jar:/home/runner/.m2/repository/com/lmax/disruptor/3.4.2/disruptor-3.4.2.jar:/home/runner/.m2/repository/org/eclipse/jetty/jetty-servlet/9.4.43.v20210629/jetty-servlet-9.4.43.v20210629.jar:/home/runner/.m2/repository/org/eclipse/jetty/jetty-security/9.4.43.v20210629/jetty-security-9.4.43.v20210629.jar:/home/runner/.m2/repository/org/rocksdb/rocksdbjni/7.0.4/rocksdbjni-7.0.4.jar:/home/runner/.m2/repository/io/prometheus/simpleclient_dropwizard/0.7.0/simpleclient_dropwizard-0.7.0.jar:/home/runner/.m2/repository/io/prometheus/simpleclient/0.7.0/simpleclient-0.7.0.jar:/home/runner/.m2/repository/io/prometheus/simpleclient_common/0.7.0/simpleclient_common-0.7.0.jar:/home/runner/.m2/repository/io/dropwizard/metrics/metrics-core/3.2.4/metrics-core-3.2.4.jar:/home/runner/.m2/repository/org/apache/hadoop/hadoop-hdfs-client/3.3.1/hadoop-hdfs-client-3.3.1.jar:/home/runner/.m2/repository/org/bouncycastle/bcprov-jdk15on/1.67/bcprov-jdk15on-1.67.jar:/home/runner/.m2/repository/com/google/protobuf/protobuf-java/2.5.0/protobuf-java-2.5.0.jar:/home/runner/.m2/repository/org/apache/ozone/ozone-manager/1.3.0-SNAPSHOT/ozone-manager-1.3.0-SNAPSHOT.jar:/home/runner/.m2/repository/org/aspectj/aspectjrt/1.9.7/aspectjrt-1.9.7.jar:/home/runner/.m2/repository/org/aspectj/aspectjweaver/1.9.7/aspectjweaver-1.9.7.jar:/home/runner/.m2/repository/org/apache/ozone/hdds-interface-client/1.3.0-SNAPSHOT/hdds-interface-client-1.3.0-SNAPSHOT.jar:/home/runner/.m2/repository/org/apache/hadoop/thirdparty/hadoop-shaded-protobuf_3_7/1.1.1/hadoop-shaded-protobuf_3_7-1.1.1.jar:/home/runner/.m2/repository/org/apache/ozone/ozone-interface-storage/1.3.0-SNAPSHOT/ozone-interface-storage-1.3.0-SNAPSHOT.jar:/home/runner/.m2/repository/org/reflections/reflections/0.9.11/reflections-0.9.11.jar:/home/runner/.m2/repository/org/apache/hadoop/hadoop-minikdc/3.3.1/hadoop-minikdc-3.3.1.jar:/home/runner/.m2/repository/org/apache/kerby/kerb-simplekdc/1.0.1/kerb-simplekdc-1.0.1.jar:/home/runner/.m2/repository/org/apache/kerby/kerb-client/1.0.1/kerb-client-1.0.1.jar:/home/runner/.m2/repository/org/apache/kerby/kerby-config/1.0.1/kerby-config-1.0.1.jar:/home/runner/.m2/repository/org/apache/kerby/kerb-common/1.0.1/kerb-common-1.0.1.jar:/home/runner/.m2/repository/org/apache/kerby/kerb-crypto/1.0.1/kerb-crypto-1.0.1.jar:/home/runner/.m2/repository/org/apache/kerby/kerb-util/1.0.1/kerb-util-1.0.1.jar:/home/runner/.m2/repository/org/apache/kerby/token-provider/1.0.1/token-provider-1.0.1.jar:/home/runner/.m2/repository/org/apache/kerby/kerb-admin/1.0.1/kerb-admin-1.0.1.jar:/home/runner/.m2/repository/org/apache/kerby/kerb-server/1.0.1/kerb-server-1.0.1.jar:/home/runner/.m2/repository/org/apache/kerby/kerb-identity/1.0.1/kerb-identity-1.0.1.jar:/home/runner/.m2/repository/org/apache/kerby/kerby-xdr/1.0.1/kerby-xdr-1.0.1.jar:/home/runner/.m2/repository/org/slf4j/slf4j-log4j12/1.7.30/slf4j-log4j12-1.7.30.jar:/home/runner/.m2/repository/org/apache/ozone/ozone-s3gateway/1.3.0-SNAPSHOT/ozone-s3gateway-1.3.0-SNAPSHOT.jar:/home/runner/.m2/repository/org/javassist/javassist/3.21.0-GA/javassist-3.21.0-GA.jar:/home/runner/.m2/repository/org/jboss/weld/servlet/weld-servlet/2.4.7.Final/weld-servlet-2.4.7.Final.jar:/home/runner/.m2/repository/org/glassfish/jersey/containers/jersey-container-servlet-core/2.33/jersey-container-servlet-core-2.33.jar:/home/runner/.m2/repository/org/glassfish/hk2/external/jakarta.inject/2.6.1/jakarta.inject-2.6.1.jar:/home/runner/.m2/repository/org/glassfish/jersey/core/jersey-common/2.33/jersey-common-2.33.jar:/home/runner/.m2/repository/jakarta/ws/rs/jakarta.ws.rs-api/2.1.6/jakarta.ws.rs-api-2.1.6.jar:/home/runner/.m2/repository/org/glassfish/jersey/ext/cdi/jersey-cdi1x/2.33/jersey-cdi1x-2.33.jar:/home/runner/.m2/repository/org/glassfish/jersey/inject/jersey-hk2/2.33/jersey-hk2-2.33.jar:/home/runner/.m2/repository/org/glassfish/hk2/hk2-locator/2.6.1/hk2-locator-2.6.1.jar:/home/runner/.m2/repository/org/glassfish/jersey/media/jersey-media-jaxb/2.33/jersey-media-jaxb-2.33.jar:/home/runner/.m2/repository/org/glassfish/hk2/osgi-resource-locator/1.0.3/osgi-resource-locator-1.0.3.jar:/home/runner/.m2/repository/org/glassfish/hk2/hk2-api/2.5.0/hk2-api-2.5.0.jar:/home/runner/.m2/repository/org/glassfish/hk2/hk2-utils/2.5.0/hk2-utils-2.5.0.jar:/home/runner/.m2/repository/org/glassfish/hk2/external/aopalliance-repackaged/2.5.0/aopalliance-repackaged-2.5.0.jar:/home/runner/.m2/repository/com/fasterxml/jackson/dataformat/jackson-dataformat-xml/2.13.2/jackson-dataformat-xml-2.13.2.jar:/home/runner/.m2/repository/com/fasterxml/jackson/core/jackson-core/2.13.2/jackson-core-2.13.2.jar:/home/runner/.m2/repository/org/codehaus/woodstox/stax2-api/3.1.4/stax2-api-3.1.4.jar:/home/runner/.m2/repository/com/fasterxml/woodstox/woodstox-core/5.0.3/woodstox-core-5.0.3.jar:/home/runner/.m2/repository/com/fasterxml/jackson/module/jackson-module-jaxb-annotations/2.13.2/jackson-module-jaxb-annotations-2.13.2.jar:/home/runner/.m2/repository/jakarta/xml/bind/jakarta.xml.bind-api/2.3.3/jakarta.xml.bind-api-2.3.3.jar:/home/runner/.m2/repository/jakarta/activation/jakarta.activation-api/1.2.1/jakarta.activation-api-1.2.1.jar:/home/runner/.m2/repository/javax/enterprise/cdi-api/1.2/cdi-api-1.2.jar:/home/runner/.m2/repository/javax/el/javax.el-api/3.0.0/javax.el-api-3.0.0.jar:/home/runner/.m2/repository/javax/interceptor/javax.interceptor-api/1.2/javax.interceptor-api-1.2.jar:/home/runner/.m2/repository/javax/inject/javax.inject/1/javax.inject-1.jar:/home/runner/.m2/repository/javax/xml/bind/jaxb-api/2.3.0/jaxb-api-2.3.0.jar:/home/runner/.m2/repository/org/glassfish/jaxb/jaxb-runtime/2.3.0.1/jaxb-runtime-2.3.0.1.jar:/home/runner/.m2/repository/org/glassfish/jaxb/jaxb-core/2.3.0.1/jaxb-core-2.3.0.1.jar:/home/runner/.m2/repository/org/glassfish/jaxb/txw2/2.3.0.1/txw2-2.3.0.1.jar:/home/runner/.m2/repository/com/sun/istack/istack-commons-runtime/3.0.5/istack-commons-runtime-3.0.5.jar:/home/runner/.m2/repository/org/jvnet/staxex/stax-ex/1.7.8/stax-ex-1.7.8.jar:/home/runner/.m2/repository/com/sun/xml/fastinfoset/FastInfoset/1.2.13/FastInfoset-1.2.13.jar:/home/runner/.m2/repository/javax/activation/activation/1.1.1/activation-1.1.1.jar:/home/runner/.m2/repository/io/grpc/grpc-protobuf/1.38.0/grpc-protobuf-1.38.0.jar:/home/runner/.m2/repository/io/grpc/grpc-api/1.38.0/grpc-api-1.38.0.jar:/home/runner/.m2/repository/io/grpc/grpc-context/1.38.0/grpc-context-1.38.0.jar:/home/runner/.m2/repository/com/google/api/grpc/proto-google-common-protos/2.0.1/proto-google-common-protos-2.0.1.jar:/home/runner/.m2/repository/io/grpc/grpc-protobuf-lite/1.38.0/grpc-protobuf-lite-1.38.0.jar:/home/runner/.m2/repository/io/grpc/grpc-stub/1.38.0/grpc-stub-1.38.0.jar:/home/runner/.m2/repository/io/netty/netty-transport/4.1.63.Final/netty-transport-4.1.63.Final.jar:/home/runner/.m2/repository/io/netty/netty-resolver/4.1.63.Final/netty-resolver-4.1.63.Final.jar:/home/runner/.m2/repository/org/apache/ozone/ozone-csi/1.3.0-SNAPSHOT/ozone-csi-1.3.0-SNAPSHOT.jar:/home/runner/.m2/repository/com/google/protobuf/protobuf-java-util/3.12.0/protobuf-java-util-3.12.0.jar:/home/runner/.m2/repository/com/google/code/gson/gson/2.2.4/gson-2.2.4.jar:/home/runner/.m2/repository/org/apache/ozone/hdds-config/1.3.0-SNAPSHOT/hdds-config-1.3.0-SNAPSHOT.jar:/home/runner/.m2/repository/io/netty/netty-transport-native-epoll/4.1.63.Final/netty-transport-native-epoll-4.1.63.Final.jar:/home/runner/.m2/repository/io/netty/netty-transport-native-unix-common/4.1.63.Final/netty-transport-native-unix-common-4.1.63.Final.jar:/home/runner/.m2/repository/org/apache/ozone/ozone-recon/1.3.0-SNAPSHOT/ozone-recon-1.3.0-SNAPSHOT.jar:/home/runner/.m2/repository/org/apache/ozone/ozone-reconcodegen/1.3.0-SNAPSHOT/ozone-reconcodegen-1.3.0-SNAPSHOT.jar:/home/runner/.m2/repository/com/google/inject/extensions/guice-multibindings/4.0/guice-multibindings-4.0.jar:/home/runner/.m2/repository/com/google/inject/guice/4.0/guice-4.0.jar:/home/runner/.m2/repository/aopalliance/aopalliance/1.0/aopalliance-1.0.jar:/home/runner/.m2/repository/com/google/inject/extensions/guice-assistedinject/4.0/guice-assistedinject-4.0.jar:/home/runner/.m2/repository/com/google/inject/extensions/guice-servlet/4.0/guice-servlet-4.0.jar:/home/runner/.m2/repository/org/glassfish/jersey/containers/jersey-container-servlet/2.33/jersey-container-servlet-2.33.jar:/home/runner/.m2/repository/org/glassfish/hk2/guice-bridge/2.5.0/guice-bridge-2.5.0.jar:/home/runner/.m2/repository/org/glassfish/jersey/core/jersey-server/2.33/jersey-server-2.33.jar:/home/runner/.m2/repository/org/glassfish/jersey/core/jersey-client/2.33/jersey-client-2.33.jar:/home/runner/.m2/repository/jakarta/annotation/jakarta.annotation-api/1.3.5/jakarta.annotation-api-1.3.5.jar:/home/runner/.m2/repository/jakarta/validation/jakarta.validation-api/2.0.2/jakarta.validation-api-2.0.2.jar:/home/runner/.m2/repository/org/glassfish/jersey/media/jersey-media-json-jackson/2.33/jersey-media-json-jackson-2.33.jar:/home/runner/.m2/repository/org/glassfish/jersey/ext/jersey-entity-filtering/2.33/jersey-entity-filtering-2.33.jar:/home/runner/.m2/repository/org/jooq/jooq/3.11.10/jooq-3.11.10.jar:/home/runner/.m2/repository/org/jooq/jooq-meta/3.11.10/jooq-meta-3.11.10.jar:/home/runner/.m2/repository/org/jooq/jooq-codegen/3.11.10/jooq-codegen-3.11.10.jar:/home/runner/.m2/repository/com/jolbox/bonecp/0.8.0.RELEASE/bonecp-0.8.0.RELEASE.jar:/home/runner/.m2/repository/org/apache/derby/derby/10.14.2.0/derby-10.14.2.0.jar:/home/runner/.m2/repository/org/xerial/sqlite-jdbc/3.25.2/sqlite-jdbc-3.25.2.jar:/home/runner/.m2/repository/org/springframework/spring-jdbc/5.2.20.RELEASE/spring-jdbc-5.2.20.RELEASE.jar:/home/runner/.m2/repository/org/springframework/spring-beans/5.2.20.RELEASE/spring-beans-5.2.20.RELEASE.jar:/home/runner/.m2/repository/org/springframework/spring-core/5.2.20.RELEASE/spring-core-5.2.20.RELEASE.jar:/home/runner/.m2/repository/org/springframework/spring-jcl/5.2.20.RELEASE/spring-jcl-5.2.20.RELEASE.jar:/home/runner/.m2/repository/org/springframework/spring-tx/5.2.20.RELEASE/spring-tx-5.2.20.RELEASE.jar:/home/runner/.m2/repository/org/apache/ozone/ozone-client/1.3.0-SNAPSHOT/ozone-client-1.3.0-SNAPSHOT.jar:/home/runner/.m2/repository/org/apache/ozone/hdds-erasurecode/1.3.0-SNAPSHOT/hdds-erasurecode-1.3.0-SNAPSHOT.jar:/home/runner/.m2/repository/com/github/spotbugs/spotbugs-annotations/3.1.12/spotbugs-annotations-3.1.12.jar:/home/runner/.m2/repository/org/apache/ozone/ozone-filesystem/1.3.0-SNAPSHOT/ozone-filesystem-1.3.0-SNAPSHOT.jar:/home/runner/.m2/repository/org/apache/ozone/ozone-filesystem-common/1.3.0-SNAPSHOT/ozone-filesystem-common-1.3.0-SNAPSHOT.jar:/home/runner/.m2/repository/org/apache/ozone/ozone-tools/1.3.0-SNAPSHOT/ozone-tools-1.3.0-SNAPSHOT.jar:/home/runner/.m2/repository/org/apache/ratis/ratis-tools/2.2.0/ratis-tools-2.2.0.jar:/home/runner/.m2/repository/com/amazonaws/aws-java-sdk-core/1.12.124/aws-java-sdk-core-1.12.124.jar:/home/runner/.m2/repository/org/apache/httpcomponents/httpclient/4.5.13/httpclient-4.5.13.jar:/home/runner/.m2/repository/org/apache/httpcomponents/httpcore/4.4.13/httpcore-4.4.13.jar:/home/runner/.m2/repository/software/amazon/ion/ion-java/1.0.2/ion-java-1.0.2.jar:/home/runner/.m2/repository/com/fasterxml/jackson/dataformat/jackson-dataformat-cbor/2.13.2/jackson-dataformat-cbor-2.13.2.jar:/home/runner/.m2/repository/joda-time/joda-time/2.8.1/joda-time-2.8.1.jar:/home/runner/.m2/repository/com/amazonaws/aws-java-sdk-s3/1.12.124/aws-java-sdk-s3-1.12.124.jar:/home/runner/.m2/repository/com/amazonaws/aws-java-sdk-kms/1.12.124/aws-java-sdk-kms-1.12.124.jar:/home/runner/.m2/repository/com/amazonaws/jmespath-java/1.12.124/jmespath-java-1.12.124.jar:/home/runner/.m2/repository/org/kohsuke/metainf-services/metainf-services/1.8/metainf-services-1.8.jar:/home/runner/.m2/repository/org/apache/ozone/hdds-tools/1.3.0-SNAPSHOT/hdds-tools-1.3.0-SNAPSHOT.jar:/home/runner/.m2/repository/commons-cli/commons-cli/1.2/commons-cli-1.2.jar:/home/runner/.m2/repository/org/apache/commons/commons-lang3/3.7/commons-lang3-3.7.jar:/home/runner/.m2/repository/org/apache/ozone/ozone-manager/1.3.0-SNAPSHOT/ozone-manager-1.3.0-SNAPSHOT-tests.jar:/home/runner/.m2/repository/org/apache/ozone/hdds-common/1.3.0-SNAPSHOT/hdds-common-1.3.0-SNAPSHOT-tests.jar:/home/runner/.m2/repository/org/apache/ozone/hdds-hadoop-dependency-client/1.3.0-SNAPSHOT/hdds-hadoop-dependency-client-1.3.0-SNAPSHOT.jar:/home/runner/.m2/repository/info/picocli/picocli/4.6.1/picocli-4.6.1.jar:/home/runner/.m2/repository/com/fasterxml/jackson/core/jackson-annotations/2.13.2/jackson-annotations-2.13.2.jar:/home/runner/.m2/repository/com/fasterxml/jackson/datatype/jackson-datatype-jsr310/2.13.2/jackson-datatype-jsr310-2.13.2.jar:/home/runner/.m2/repository/javax/annotation/javax.annotation-api/1.2/javax.annotation-api-1.2.jar:/home/runner/.m2/repository/org/apache/ratis/ratis-server/2.2.0/ratis-server-2.2.0.jar:/home/runner/.m2/repository/org/apache/ratis/ratis-client/2.2.0/ratis-client-2.2.0.jar:/home/runner/.m2/repository/org/apache/ratis/ratis-server-api/2.2.0/ratis-server-api-2.2.0.jar:/home/runner/.m2/repository/org/apache/ratis/ratis-metrics/2.2.0/ratis-metrics-2.2.0.jar:/home/runner/.m2/repository/org/apache/ratis/ratis-netty/2.2.0/ratis-netty-2.2.0.jar:/home/runner/.m2/repository/org/apache/ratis/ratis-grpc/2.2.0/ratis-grpc-2.2.0.jar:/home/runner/.m2/repository/org/apache/logging/log4j/log4j-api/2.17.1/log4j-api-2.17.1.jar:/home/runner/.m2/repository/org/apache/commons/commons-pool2/2.6.0/commons-pool2-2.6.0.jar:/home/runner/.m2/repository/org/bouncycastle/bcpkix-jdk15on/1.67/bcpkix-jdk15on-1.67.jar:/home/runner/.m2/repository/commons-validator/commons-validator/1.6/commons-validator-1.6.jar:/home/runner/.m2/repository/commons-beanutils/commons-beanutils/1.9.4/commons-beanutils-1.9.4.jar:/home/runner/.m2/repository/commons-digester/commons-digester/1.8.1/commons-digester-1.8.1.jar:/home/runner/.m2/repository/commons-collections/commons-collections/3.2.2/commons-collections-3.2.2.jar:/home/runner/.m2/repository/io/jaegertracing/jaeger-client/1.6.0/jaeger-client-1.6.0.jar:/home/runner/.m2/repository/io/jaegertracing/jaeger-thrift/1.6.0/jaeger-thrift-1.6.0.jar:/home/runner/.m2/repository/org/apache/thrift/libthrift/0.14.1/libthrift-0.14.1.jar:/home/runner/.m2/repository/com/squareup/okhttp3/okhttp/4.9.0/okhttp-4.9.0.jar:/home/runner/.m2/repository/com/squareup/okio/okio/2.8.0/okio-2.8.0.jar:/home/runner/.m2/repository/io/jaegertracing/jaeger-core/1.6.0/jaeger-core-1.6.0.jar:/home/runner/.m2/repository/io/jaegertracing/jaeger-tracerresolver/1.6.0/jaeger-tracerresolver-1.6.0.jar:/home/runner/.m2/repository/io/opentracing/contrib/opentracing-tracerresolver/0.1.8/opentracing-tracerresolver-0.1.8.jar:/home/runner/.m2/repository/org/jetbrains/kotlin/kotlin-stdlib/1.4.31/kotlin-stdlib-1.4.31.jar:/home/runner/.m2/repository/org/jetbrains/kotlin/kotlin-stdlib-common/1.4.31/kotlin-stdlib-common-1.4.31.jar:/home/runner/.m2/repository/org/jetbrains/annotations/13.0/annotations-13.0.jar:/home/runner/.m2/repository/io/opentracing/opentracing-util/0.33.0/opentracing-util-0.33.0.jar:/home/runner/.m2/repository/io/opentracing/opentracing-api/0.33.0/opentracing-api-0.33.0.jar:/home/runner/.m2/repository/io/opentracing/opentracing-noop/0.33.0/opentracing-noop-0.33.0.jar:/home/runner/.m2/repository/org/yaml/snakeyaml/1.26/snakeyaml-1.26.jar:/home/runner/.m2/repository/org/apache/ozone/hdds-interface-admin/1.3.0-SNAPSHOT/hdds-interface-admin-1.3.0-SNAPSHOT.jar:/home/runner/.m2/repository/junit/junit/4.13.1/junit-4.13.1.jar:/home/runner/.m2/repository/org/hamcrest/hamcrest-core/1.3/hamcrest-core-1.3.jar:/home/runner/.m2/repository/org/junit/jupiter/junit-jupiter-api/5.7.0/junit-jupiter-api-5.7.0.jar:/home/runner/.m2/repository/org/apiguardian/apiguardian-api/1.1.0/apiguardian-api-1.1.0.jar:/home/runner/.m2/repository/org/opentest4j/opentest4j/1.2.0/opentest4j-1.2.0.jar:/home/runner/.m2/repository/org/junit/platform/junit-platform-commons/1.7.0/junit-platform-commons-1.7.0.jar:/home/runner/.m2/repository/org/junit/jupiter/junit-jupiter-params/5.7.0/junit-jupiter-params-5.7.0.jar:/home/runner/.m2/repository/org/junit/jupiter/junit-jupiter-migrationsupport/5.7.0/junit-jupiter-migrationsupport-5.7.0.jar:/home/runner/.m2/repository/org/junit/jupiter/junit-jupiter-engine/5.7.0/junit-jupiter-engine-5.7.0.jar:/home/runner/.m2/repository/org/junit/platform/junit-platform-engine/1.7.0/junit-platform-engine-1.7.0.jar:/home/runner/.m2/repository/org/junit/vintage/junit-vintage-engine/5.7.0/junit-vintage-engine-5.7.0.jar:/home/runner/.m2/repository/org/junit/platform/junit-platform-launcher/1.7.0/junit-platform-launcher-1.7.0.jar:/home/runner/.m2/repository/org/mockito/mockito-core/2.28.2/mockito-core-2.28.2.jar:/home/runner/.m2/repository/net/bytebuddy/byte-buddy/1.9.10/byte-buddy-1.9.10.jar:/home/runner/.m2/repository/net/bytebuddy/byte-buddy-agent/1.9.10/byte-buddy-agent-1.9.10.jar:/home/runner/.m2/repository/org/objenesis/objenesis/1.0/objenesis-1.0.jar:/home/runner/.m2/repository/org/apache/hadoop/hadoop-kms/3.3.1/hadoop-kms-3.3.1.jar:/home/runner/.m2/repository/org/apache/hadoop/hadoop-auth/3.3.1/hadoop-auth-3.3.1.jar:/home/runner/.m2/repository/com/nimbusds/nimbus-jose-jwt/7.9/nimbus-jose-jwt-7.9.jar:/home/runner/.m2/repository/com/github/stephenc/jcip/jcip-annotations/1.0-1/jcip-annotations-1.0-1.jar:/home/runner/.m2/repository/net/minidev/json-smart/2.4.7/json-smart-2.4.7.jar:/home/runner/.m2/repository/net/minidev/accessors-smart/2.4.7/accessors-smart-2.4.7.jar:/home/runner/.m2/repository/org/ow2/asm/asm/5.0.4/asm-5.0.4.jar:/home/runner/.m2/repository/org/apache/zookeeper/zookeeper/3.5.6/zookeeper-3.5.6.jar:/home/runner/.m2/repository/org/apache/zookeeper/zookeeper-jute/3.5.6/zookeeper-jute-3.5.6.jar:/home/runner/.m2/repository/org/apache/yetus/audience-annotations/0.5.0/audience-annotations-0.5.0.jar:/home/runner/.m2/repository/org/apache/curator/curator-framework/4.2.0/curator-framework-4.2.0.jar:/home/runner/.m2/repository/org/apache/hadoop/thirdparty/hadoop-shaded-guava/1.1.1/hadoop-shaded-guava-1.1.1.jar:/home/runner/.m2/repository/com/sun/jersey/jersey-core/1.19/jersey-core-1.19.jar:/home/runner/.m2/repository/javax/ws/rs/jsr311-api/1.1.1/jsr311-api-1.1.1.jar:/home/runner/.m2/repository/com/sun/jersey/jersey-server/1.19/jersey-server-1.19.jar:/home/runner/.m2/repository/javax/servlet/javax.servlet-api/3.1.0/javax.servlet-api-3.1.0.jar:/home/runner/.m2/repository/org/eclipse/jetty/jetty-server/9.4.43.v20210629/jetty-server-9.4.43.v20210629.jar:/home/runner/.m2/repository/org/eclipse/jetty/jetty-http/9.4.43.v20210629/jetty-http-9.4.43.v20210629.jar:/home/runner/.m2/repository/org/eclipse/jetty/jetty-io/9.4.43.v20210629/jetty-io-9.4.43.v20210629.jar:/home/runner/.m2/repository/org/eclipse/jetty/jetty-webapp/9.4.43.v20210629/jetty-webapp-9.4.43.v20210629.jar:/home/runner/.m2/repository/org/eclipse/jetty/jetty-xml/9.4.43.v20210629/jetty-xml-9.4.43.v20210629.jar:/home/runner/.m2/repository/org/apache/hadoop/hadoop-common/3.3.1/hadoop-common-3.3.1.jar:/home/runner/.m2/repository/org/apache/commons/commons-math3/3.1.1/commons-math3-3.1.1.jar:/home/runner/.m2/repository/commons-net/commons-net/3.6/commons-net-3.6.jar:/home/runner/.m2/repository/com/sun/jersey/jersey-servlet/1.19/jersey-servlet-1.19.jar:/home/runner/.m2/repository/com/sun/jersey/jersey-json/1.19/jersey-json-1.19.jar:/home/runner/.m2/repository/org/codehaus/jettison/jettison/1.1/jettison-1.1.jar:/home/runner/.m2/repository/com/sun/xml/bind/jaxb-impl/2.2.3-1/jaxb-impl-2.2.3-1.jar:/home/runner/.m2/repository/org/codehaus/jackson/jackson-jaxrs/1.9.2/jackson-jaxrs-1.9.2.jar:/home/runner/.m2/repository/org/codehaus/jackson/jackson-xc/1.9.2/jackson-xc-1.9.2.jar:/home/runner/.m2/repository/org/apache/commons/commons-configuration2/2.1.1/commons-configuration2-2.1.1.jar:/home/runner/.m2/repository/org/apache/commons/commons-text/1.4/commons-text-1.4.jar:/home/runner/.m2/repository/com/google/re2j/re2j/1.1/re2j-1.1.jar:/home/runner/.m2/repository/com/jcraft/jsch/0.1.54/jsch-0.1.54.jar:/home/runner/.m2/repository/org/apache/curator/curator-client/4.2.0/curator-client-4.2.0.jar:/home/runner/.m2/repository/org/apache/curator/curator-recipes/4.2.0/curator-recipes-4.2.0.jar:/home/runner/.m2/repository/org/apache/kerby/kerb-core/1.0.1/kerb-core-1.0.1.jar:/home/runner/.m2/repository/org/apache/kerby/kerby-pkix/1.0.1/kerby-pkix-1.0.1.jar:/home/runner/.m2/repository/org/apache/kerby/kerby-asn1/1.0.1/kerby-asn1-1.0.1.jar:/home/runner/.m2/repository/org/apache/kerby/kerby-util/1.0.1/kerby-util-1.0.1.jar:/home/runner/.m2/repository/dnsjava/dnsjava/2.1.7/dnsjava-2.1.7.jar:/home/runner/.m2/repository/org/xerial/snappy/snappy-java/1.1.8.2/snappy-java-1.1.8.2.jar:/home/runner/.m2/repository/org/slf4j/jul-to-slf4j/1.7.30/jul-to-slf4j-1.7.30.jar:/home/runner/.m2/repository/org/eclipse/jetty/jetty-util/9.4.43.v20210629/jetty-util-9.4.43.v20210629.jar:/home/runner/.m2/repository/com/fasterxml/jackson/core/jackson-databind/2.13.2.2/jackson-databind-2.13.2.2.jar:/home/runner/.m2/repository/org/apache/hadoop/hadoop-kms/3.3.1/hadoop-kms-3.3.1-tests.jar:/home/runner/.m2/repository/org/apache/ozone/hdds-server-scm/1.3.0-SNAPSHOT/hdds-server-scm-1.3.0-SNAPSHOT-tests.jar:/home/runner/.m2/repository/org/apache/ozone/hdds-container-service/1.3.0-SNAPSHOT/hdds-container-service-1.3.0-SNAPSHOT-tests.jar:/home/runner/.m2/repository/commons-codec/commons-codec/1.11/commons-codec-1.11.jar:/home/runner/.m2/repository/io/netty/netty-codec/4.1.63.Final/netty-codec-4.1.63.Final.jar:/home/runner/.m2/repository/io/netty/netty-handler/4.1.63.Final/netty-handler-4.1.63.Final.jar:/home/runner/.m2/repository/org/apache/ozone/hdds-hadoop-dependency-test/1.3.0-SNAPSHOT/hdds-hadoop-dependency-test-1.3.0-SNAPSHOT.jar:/home/runner/.m2/repository/org/apache/hadoop/hadoop-common/3.3.1/hadoop-common-3.3.1-tests.jar:/home/runner/.m2/repository/org/assertj/assertj-core/3.12.2/assertj-core-3.12.2.jar:/home/runner/.m2/repository/org/apache/hadoop/hadoop-hdfs/3.3.1/hadoop-hdfs-3.3.1-tests.jar:/home/runner/.m2/repository/org/eclipse/jetty/jetty-util-ajax/9.4.43.v20210629/jetty-util-ajax-9.4.43.v20210629.jar:/home/runner/.m2/repository/commons-daemon/commons-daemon/1.0.13/commons-daemon-1.0.13.jar:/home/runner/.m2/repository/io/netty/netty/3.10.6.Final/netty-3.10.6.Final.jar:/home/runner/.m2/repository/io/netty/netty-all/4.1.63.Final/netty-all-4.1.63.Final.jar:/home/runner/.m2/repository/org/apache/htrace/htrace-core4/4.1.0-incubating/htrace-core4-4.1.0-incubating.jar:/home/runner/.m2/repository/org/fusesource/leveldbjni/leveldbjni-all/1.8/leveldbjni-all-1.8.jar:/home/runner/.m2/repository/org/apache/hadoop/hadoop-distcp/3.3.1/hadoop-distcp-3.3.1.jar:/home/runner/.m2/repository/org/apache/hadoop/hadoop-mapreduce-client-jobclient/3.3.1/hadoop-mapreduce-client-jobclient-3.3.1.jar:/home/runner/.m2/repository/org/apache/hadoop/hadoop-mapreduce-client-common/3.3.1/hadoop-mapreduce-client-common-3.3.1.jar:/home/runner/.m2/repository/org/apache/hadoop/hadoop-yarn-common/3.3.1/hadoop-yarn-common-3.3.1.jar:/home/runner/.m2/repository/org/apache/hadoop/hadoop-yarn-api/3.3.1/hadoop-yarn-api-3.3.1.jar:/home/runner/.m2/repository/com/sun/jersey/jersey-client/1.19/jersey-client-1.19.jar:/home/runner/.m2/repository/com/sun/jersey/contribs/jersey-guice/1.19/jersey-guice-1.19.jar:/home/runner/.m2/repository/com/fasterxml/jackson/jaxrs/jackson-jaxrs-json-provider/2.13.2/jackson-jaxrs-json-provider-2.13.2.jar:/home/runner/.m2/repository/com/fasterxml/jackson/jaxrs/jackson-jaxrs-base/2.13.2/jackson-jaxrs-base-2.13.2.jar:/home/runner/.m2/repository/org/apache/hadoop/hadoop-yarn-client/3.3.1/hadoop-yarn-client-3.3.1.jar:/home/runner/.m2/repository/org/eclipse/jetty/websocket/websocket-client/9.4.40.v20210413/websocket-client-9.4.40.v20210413.jar:/home/runner/.m2/repository/org/eclipse/jetty/jetty-client/9.4.40.v20210413/jetty-client-9.4.40.v20210413.jar:/home/runner/.m2/repository/org/eclipse/jetty/websocket/websocket-common/9.4.40.v20210413/websocket-common-9.4.40.v20210413.jar:/home/runner/.m2/repository/org/eclipse/jetty/websocket/websocket-api/9.4.40.v20210413/websocket-api-9.4.40.v20210413.jar:/home/runner/.m2/repository/org/jline/jline/3.9.0/jline-3.9.0.jar:/home/runner/.m2/repository/org/apache/hadoop/hadoop-mapreduce-client-core/3.3.1/hadoop-mapreduce-client-core-3.3.1.jar:/home/runner/.m2/repository/org/apache/avro/avro/1.7.7/avro-1.7.7.jar:/home/runner/.m2/repository/org/codehaus/jackson/jackson-core-asl/1.9.13/jackson-core-asl-1.9.13.jar:/home/runner/.m2/repository/org/codehaus/jackson/jackson-mapper-asl/1.9.13/jackson-mapper-asl-1.9.13.jar:/home/runner/.m2/repository/com/thoughtworks/paranamer/paranamer/2.3/paranamer-2.3.jar:/home/runner/.m2/repository/org/apache/hadoop/hadoop-annotations/3.3.1/hadoop-annotations-3.3.1.jar:/usr/lib/jvm/temurin-8-jdk-amd64/jre/../lib/tools.jar:/home/runner/.m2/repository/org/apache/hadoop/hadoop-distcp/3.3.1/hadoop-distcp-3.3.1-tests.jar:/home/runner/.m2/repository/org/apache/ratis/ratis-common/2.2.0/ratis-common-2.2.0.jar:/home/runner/.m2/repository/org/apache/ratis/ratis-thirdparty-misc/0.7.0/ratis-thirdparty-misc-0.7.0.jar:/home/runner/.m2/repository/org/apache/ratis/ratis-proto/2.2.0/ratis-proto-2.2.0.jar:/home/runner/.m2/repository/org/apache/ozone/ozone-annotation-processing/1.3.0-SNAPSHOT/ozone-annotation-processing-1.3.0-SNAPSHOT.jar:"/>
    <property name="java.vm.vendor" value="Temurin"/>
    <property name="sun.arch.data.model" value="64"/>
    <property name="test.build.dir" value="/home/runner/work/ozone/ozone/hadoop-ozone/integration-test/target/test-dir"/>
    <property name="test.cache.data" value=""/>
    <property name="java.vendor.url" value="https://adoptium.net/"/>
    <property name="user.timezone" value="Etc/UTC"/>
    <property name="java.vm.specification.version" value="1.8"/>
    <property name="os.name" value="Linux"/>
    <property name="test.build.data" value="/home/runner/work/ozone/ozone/hadoop-ozone/integration-test/target/test-dir"/>
    <property name="sun.java.launcher" value="SUN_STANDARD"/>
    <property name="sun.boot.library.path" value="/usr/lib/jvm/temurin-8-jdk-amd64/jre/lib/amd64"/>
    <property name="sun.java.command" value="/home/runner/work/ozone/ozone/hadoop-ozone/integration-test/target/surefire/surefirebooter343741302746290814.jar /home/runner/work/ozone/ozone/hadoop-ozone/integration-test/target/surefire 2022-05-15T12-52-47_268-jvmRun1 surefire1271964594944448080tmp surefire_201003642934605724263tmp"/>
    <property name="surefire.test.class.path" value="/home/runner/work/ozone/ozone/hadoop-ozone/integration-test/target/test-classes:/home/runner/work/ozone/ozone/hadoop-ozone/integration-test/target/classes:/home/runner/.m2/repository/org/apache/ozone/ozone-common/1.3.0-SNAPSHOT/ozone-common-1.3.0-SNAPSHOT.jar:/home/runner/.m2/repository/io/grpc/grpc-netty/1.38.0/grpc-netty-1.38.0.jar:/home/runner/.m2/repository/io/grpc/grpc-core/1.38.0/grpc-core-1.38.0.jar:/home/runner/.m2/repository/com/google/android/annotations/4.1.1.4/annotations-4.1.1.4.jar:/home/runner/.m2/repository/com/google/errorprone/error_prone_annotations/2.2.0/error_prone_annotations-2.2.0.jar:/home/runner/.m2/repository/io/perfmark/perfmark-api/0.23.0/perfmark-api-0.23.0.jar:/home/runner/.m2/repository/org/codehaus/mojo/animal-sniffer-annotations/1.19/animal-sniffer-annotations-1.19.jar:/home/runner/.m2/repository/com/google/code/findbugs/jsr305/3.0.0/jsr305-3.0.0.jar:/home/runner/.m2/repository/io/netty/netty-codec-http2/4.1.63.Final/netty-codec-http2-4.1.63.Final.jar:/home/runner/.m2/repository/io/netty/netty-common/4.1.63.Final/netty-common-4.1.63.Final.jar:/home/runner/.m2/repository/io/netty/netty-buffer/4.1.63.Final/netty-buffer-4.1.63.Final.jar:/home/runner/.m2/repository/io/netty/netty-codec-http/4.1.63.Final/netty-codec-http-4.1.63.Final.jar:/home/runner/.m2/repository/io/netty/netty-handler-proxy/4.1.63.Final/netty-handler-proxy-4.1.63.Final.jar:/home/runner/.m2/repository/io/netty/netty-codec-socks/4.1.63.Final/netty-codec-socks-4.1.63.Final.jar:/home/runner/.m2/repository/io/netty/netty-tcnative-boringssl-static/2.0.38.Final/netty-tcnative-boringssl-static-2.0.38.Final.jar:/home/runner/.m2/repository/io/netty/netty-tcnative/2.0.38.Final/netty-tcnative-2.0.38.Final.jar:/home/runner/.m2/repository/org/apache/commons/commons-compress/1.21/commons-compress-1.21.jar:/home/runner/.m2/repository/org/apache/ozone/hdds-common/1.3.0-SNAPSHOT/hdds-common-1.3.0-SNAPSHOT.jar:/home/runner/.m2/repository/org/apache/ozone/hdds-client/1.3.0-SNAPSHOT/hdds-client-1.3.0-SNAPSHOT.jar:/home/runner/.m2/repository/org/apache/ozone/ozone-interface-client/1.3.0-SNAPSHOT/ozone-interface-client-1.3.0-SNAPSHOT.jar:/home/runner/.m2/repository/org/apache/ozone/hdds-test-utils/1.3.0-SNAPSHOT/hdds-test-utils-1.3.0-SNAPSHOT.jar:/home/runner/.m2/repository/com/google/guava/guava/30.1.1-jre/guava-30.1.1-jre.jar:/home/runner/.m2/repository/com/google/guava/failureaccess/1.0.1/failureaccess-1.0.1.jar:/home/runner/.m2/repository/com/google/guava/listenablefuture/9999.0-empty-to-avoid-conflict-with-guava/listenablefuture-9999.0-empty-to-avoid-conflict-with-guava.jar:/home/runner/.m2/repository/org/checkerframework/checker-qual/3.8.0/checker-qual-3.8.0.jar:/home/runner/.m2/repository/com/google/j2objc/j2objc-annotations/1.3/j2objc-annotations-1.3.jar:/home/runner/.m2/repository/commons-io/commons-io/2.11.0/commons-io-2.11.0.jar:/home/runner/.m2/repository/commons-logging/commons-logging/1.2/commons-logging-1.2.jar:/home/runner/.m2/repository/log4j/log4j/1.2.17/log4j-1.2.17.jar:/home/runner/.m2/repository/org/slf4j/slf4j-api/1.7.30/slf4j-api-1.7.30.jar:/home/runner/.m2/repository/org/apache/ozone/hdds-server-scm/1.3.0-SNAPSHOT/hdds-server-scm-1.3.0-SNAPSHOT.jar:/home/runner/.m2/repository/org/apache/ozone/hdds-container-service/1.3.0-SNAPSHOT/hdds-container-service-1.3.0-SNAPSHOT.jar:/home/runner/.m2/repository/org/apache/ozone/hdds-hadoop-dependency-server/1.3.0-SNAPSHOT/hdds-hadoop-dependency-server-1.3.0-SNAPSHOT.jar:/home/runner/.m2/repository/org/apache/hadoop/hadoop-hdfs/3.3.1/hadoop-hdfs-3.3.1.jar:/home/runner/.m2/repository/org/apache/ozone/hdds-server-framework/1.3.0-SNAPSHOT/hdds-server-framework-1.3.0-SNAPSHOT.jar:/home/runner/.m2/repository/org/apache/ozone/hdds-interface-server/1.3.0-SNAPSHOT/hdds-interface-server-1.3.0-SNAPSHOT.jar:/home/runner/.m2/repository/org/apache/logging/log4j/log4j-core/2.17.1/log4j-core-2.17.1.jar:/home/runner/.m2/repository/com/lmax/disruptor/3.4.2/disruptor-3.4.2.jar:/home/runner/.m2/repository/org/eclipse/jetty/jetty-servlet/9.4.43.v20210629/jetty-servlet-9.4.43.v20210629.jar:/home/runner/.m2/repository/org/eclipse/jetty/jetty-security/9.4.43.v20210629/jetty-security-9.4.43.v20210629.jar:/home/runner/.m2/repository/org/rocksdb/rocksdbjni/7.0.4/rocksdbjni-7.0.4.jar:/home/runner/.m2/repository/io/prometheus/simpleclient_dropwizard/0.7.0/simpleclient_dropwizard-0.7.0.jar:/home/runner/.m2/repository/io/prometheus/simpleclient/0.7.0/simpleclient-0.7.0.jar:/home/runner/.m2/repository/io/prometheus/simpleclient_common/0.7.0/simpleclient_common-0.7.0.jar:/home/runner/.m2/repository/io/dropwizard/metrics/metrics-core/3.2.4/metrics-core-3.2.4.jar:/home/runner/.m2/repository/org/apache/hadoop/hadoop-hdfs-client/3.3.1/hadoop-hdfs-client-3.3.1.jar:/home/runner/.m2/repository/org/bouncycastle/bcprov-jdk15on/1.67/bcprov-jdk15on-1.67.jar:/home/runner/.m2/repository/com/google/protobuf/protobuf-java/2.5.0/protobuf-java-2.5.0.jar:/home/runner/.m2/repository/org/apache/ozone/ozone-manager/1.3.0-SNAPSHOT/ozone-manager-1.3.0-SNAPSHOT.jar:/home/runner/.m2/repository/org/aspectj/aspectjrt/1.9.7/aspectjrt-1.9.7.jar:/home/runner/.m2/repository/org/aspectj/aspectjweaver/1.9.7/aspectjweaver-1.9.7.jar:/home/runner/.m2/repository/org/apache/ozone/hdds-interface-client/1.3.0-SNAPSHOT/hdds-interface-client-1.3.0-SNAPSHOT.jar:/home/runner/.m2/repository/org/apache/hadoop/thirdparty/hadoop-shaded-protobuf_3_7/1.1.1/hadoop-shaded-protobuf_3_7-1.1.1.jar:/home/runner/.m2/repository/org/apache/ozone/ozone-interface-storage/1.3.0-SNAPSHOT/ozone-interface-storage-1.3.0-SNAPSHOT.jar:/home/runner/.m2/repository/org/reflections/reflections/0.9.11/reflections-0.9.11.jar:/home/runner/.m2/repository/org/apache/hadoop/hadoop-minikdc/3.3.1/hadoop-minikdc-3.3.1.jar:/home/runner/.m2/repository/org/apache/kerby/kerb-simplekdc/1.0.1/kerb-simplekdc-1.0.1.jar:/home/runner/.m2/repository/org/apache/kerby/kerb-client/1.0.1/kerb-client-1.0.1.jar:/home/runner/.m2/repository/org/apache/kerby/kerby-config/1.0.1/kerby-config-1.0.1.jar:/home/runner/.m2/repository/org/apache/kerby/kerb-common/1.0.1/kerb-common-1.0.1.jar:/home/runner/.m2/repository/org/apache/kerby/kerb-crypto/1.0.1/kerb-crypto-1.0.1.jar:/home/runner/.m2/repository/org/apache/kerby/kerb-util/1.0.1/kerb-util-1.0.1.jar:/home/runner/.m2/repository/org/apache/kerby/token-provider/1.0.1/token-provider-1.0.1.jar:/home/runner/.m2/repository/org/apache/kerby/kerb-admin/1.0.1/kerb-admin-1.0.1.jar:/home/runner/.m2/repository/org/apache/kerby/kerb-server/1.0.1/kerb-server-1.0.1.jar:/home/runner/.m2/repository/org/apache/kerby/kerb-identity/1.0.1/kerb-identity-1.0.1.jar:/home/runner/.m2/repository/org/apache/kerby/kerby-xdr/1.0.1/kerby-xdr-1.0.1.jar:/home/runner/.m2/repository/org/slf4j/slf4j-log4j12/1.7.30/slf4j-log4j12-1.7.30.jar:/home/runner/.m2/repository/org/apache/ozone/ozone-s3gateway/1.3.0-SNAPSHOT/ozone-s3gateway-1.3.0-SNAPSHOT.jar:/home/runner/.m2/repository/org/javassist/javassist/3.21.0-GA/javassist-3.21.0-GA.jar:/home/runner/.m2/repository/org/jboss/weld/servlet/weld-servlet/2.4.7.Final/weld-servlet-2.4.7.Final.jar:/home/runner/.m2/repository/org/glassfish/jersey/containers/jersey-container-servlet-core/2.33/jersey-container-servlet-core-2.33.jar:/home/runner/.m2/repository/org/glassfish/hk2/external/jakarta.inject/2.6.1/jakarta.inject-2.6.1.jar:/home/runner/.m2/repository/org/glassfish/jersey/core/jersey-common/2.33/jersey-common-2.33.jar:/home/runner/.m2/repository/jakarta/ws/rs/jakarta.ws.rs-api/2.1.6/jakarta.ws.rs-api-2.1.6.jar:/home/runner/.m2/repository/org/glassfish/jersey/ext/cdi/jersey-cdi1x/2.33/jersey-cdi1x-2.33.jar:/home/runner/.m2/repository/org/glassfish/jersey/inject/jersey-hk2/2.33/jersey-hk2-2.33.jar:/home/runner/.m2/repository/org/glassfish/hk2/hk2-locator/2.6.1/hk2-locator-2.6.1.jar:/home/runner/.m2/repository/org/glassfish/jersey/media/jersey-media-jaxb/2.33/jersey-media-jaxb-2.33.jar:/home/runner/.m2/repository/org/glassfish/hk2/osgi-resource-locator/1.0.3/osgi-resource-locator-1.0.3.jar:/home/runner/.m2/repository/org/glassfish/hk2/hk2-api/2.5.0/hk2-api-2.5.0.jar:/home/runner/.m2/repository/org/glassfish/hk2/hk2-utils/2.5.0/hk2-utils-2.5.0.jar:/home/runner/.m2/repository/org/glassfish/hk2/external/aopalliance-repackaged/2.5.0/aopalliance-repackaged-2.5.0.jar:/home/runner/.m2/repository/com/fasterxml/jackson/dataformat/jackson-dataformat-xml/2.13.2/jackson-dataformat-xml-2.13.2.jar:/home/runner/.m2/repository/com/fasterxml/jackson/core/jackson-core/2.13.2/jackson-core-2.13.2.jar:/home/runner/.m2/repository/org/codehaus/woodstox/stax2-api/3.1.4/stax2-api-3.1.4.jar:/home/runner/.m2/repository/com/fasterxml/woodstox/woodstox-core/5.0.3/woodstox-core-5.0.3.jar:/home/runner/.m2/repository/com/fasterxml/jackson/module/jackson-module-jaxb-annotations/2.13.2/jackson-module-jaxb-annotations-2.13.2.jar:/home/runner/.m2/repository/jakarta/xml/bind/jakarta.xml.bind-api/2.3.3/jakarta.xml.bind-api-2.3.3.jar:/home/runner/.m2/repository/jakarta/activation/jakarta.activation-api/1.2.1/jakarta.activation-api-1.2.1.jar:/home/runner/.m2/repository/javax/enterprise/cdi-api/1.2/cdi-api-1.2.jar:/home/runner/.m2/repository/javax/el/javax.el-api/3.0.0/javax.el-api-3.0.0.jar:/home/runner/.m2/repository/javax/interceptor/javax.interceptor-api/1.2/javax.interceptor-api-1.2.jar:/home/runner/.m2/repository/javax/inject/javax.inject/1/javax.inject-1.jar:/home/runner/.m2/repository/javax/xml/bind/jaxb-api/2.3.0/jaxb-api-2.3.0.jar:/home/runner/.m2/repository/org/glassfish/jaxb/jaxb-runtime/2.3.0.1/jaxb-runtime-2.3.0.1.jar:/home/runner/.m2/repository/org/glassfish/jaxb/jaxb-core/2.3.0.1/jaxb-core-2.3.0.1.jar:/home/runner/.m2/repository/org/glassfish/jaxb/txw2/2.3.0.1/txw2-2.3.0.1.jar:/home/runner/.m2/repository/com/sun/istack/istack-commons-runtime/3.0.5/istack-commons-runtime-3.0.5.jar:/home/runner/.m2/repository/org/jvnet/staxex/stax-ex/1.7.8/stax-ex-1.7.8.jar:/home/runner/.m2/repository/com/sun/xml/fastinfoset/FastInfoset/1.2.13/FastInfoset-1.2.13.jar:/home/runner/.m2/repository/javax/activation/activation/1.1.1/activation-1.1.1.jar:/home/runner/.m2/repository/io/grpc/grpc-protobuf/1.38.0/grpc-protobuf-1.38.0.jar:/home/runner/.m2/repository/io/grpc/grpc-api/1.38.0/grpc-api-1.38.0.jar:/home/runner/.m2/repository/io/grpc/grpc-context/1.38.0/grpc-context-1.38.0.jar:/home/runner/.m2/repository/com/google/api/grpc/proto-google-common-protos/2.0.1/proto-google-common-protos-2.0.1.jar:/home/runner/.m2/repository/io/grpc/grpc-protobuf-lite/1.38.0/grpc-protobuf-lite-1.38.0.jar:/home/runner/.m2/repository/io/grpc/grpc-stub/1.38.0/grpc-stub-1.38.0.jar:/home/runner/.m2/repository/io/netty/netty-transport/4.1.63.Final/netty-transport-4.1.63.Final.jar:/home/runner/.m2/repository/io/netty/netty-resolver/4.1.63.Final/netty-resolver-4.1.63.Final.jar:/home/runner/.m2/repository/org/apache/ozone/ozone-csi/1.3.0-SNAPSHOT/ozone-csi-1.3.0-SNAPSHOT.jar:/home/runner/.m2/repository/com/google/protobuf/protobuf-java-util/3.12.0/protobuf-java-util-3.12.0.jar:/home/runner/.m2/repository/com/google/code/gson/gson/2.2.4/gson-2.2.4.jar:/home/runner/.m2/repository/org/apache/ozone/hdds-config/1.3.0-SNAPSHOT/hdds-config-1.3.0-SNAPSHOT.jar:/home/runner/.m2/repository/io/netty/netty-transport-native-epoll/4.1.63.Final/netty-transport-native-epoll-4.1.63.Final.jar:/home/runner/.m2/repository/io/netty/netty-transport-native-unix-common/4.1.63.Final/netty-transport-native-unix-common-4.1.63.Final.jar:/home/runner/.m2/repository/org/apache/ozone/ozone-recon/1.3.0-SNAPSHOT/ozone-recon-1.3.0-SNAPSHOT.jar:/home/runner/.m2/repository/org/apache/ozone/ozone-reconcodegen/1.3.0-SNAPSHOT/ozone-reconcodegen-1.3.0-SNAPSHOT.jar:/home/runner/.m2/repository/com/google/inject/extensions/guice-multibindings/4.0/guice-multibindings-4.0.jar:/home/runner/.m2/repository/com/google/inject/guice/4.0/guice-4.0.jar:/home/runner/.m2/repository/aopalliance/aopalliance/1.0/aopalliance-1.0.jar:/home/runner/.m2/repository/com/google/inject/extensions/guice-assistedinject/4.0/guice-assistedinject-4.0.jar:/home/runner/.m2/repository/com/google/inject/extensions/guice-servlet/4.0/guice-servlet-4.0.jar:/home/runner/.m2/repository/org/glassfish/jersey/containers/jersey-container-servlet/2.33/jersey-container-servlet-2.33.jar:/home/runner/.m2/repository/org/glassfish/hk2/guice-bridge/2.5.0/guice-bridge-2.5.0.jar:/home/runner/.m2/repository/org/glassfish/jersey/core/jersey-server/2.33/jersey-server-2.33.jar:/home/runner/.m2/repository/org/glassfish/jersey/core/jersey-client/2.33/jersey-client-2.33.jar:/home/runner/.m2/repository/jakarta/annotation/jakarta.annotation-api/1.3.5/jakarta.annotation-api-1.3.5.jar:/home/runner/.m2/repository/jakarta/validation/jakarta.validation-api/2.0.2/jakarta.validation-api-2.0.2.jar:/home/runner/.m2/repository/org/glassfish/jersey/media/jersey-media-json-jackson/2.33/jersey-media-json-jackson-2.33.jar:/home/runner/.m2/repository/org/glassfish/jersey/ext/jersey-entity-filtering/2.33/jersey-entity-filtering-2.33.jar:/home/runner/.m2/repository/org/jooq/jooq/3.11.10/jooq-3.11.10.jar:/home/runner/.m2/repository/org/jooq/jooq-meta/3.11.10/jooq-meta-3.11.10.jar:/home/runner/.m2/repository/org/jooq/jooq-codegen/3.11.10/jooq-codegen-3.11.10.jar:/home/runner/.m2/repository/com/jolbox/bonecp/0.8.0.RELEASE/bonecp-0.8.0.RELEASE.jar:/home/runner/.m2/repository/org/apache/derby/derby/10.14.2.0/derby-10.14.2.0.jar:/home/runner/.m2/repository/org/xerial/sqlite-jdbc/3.25.2/sqlite-jdbc-3.25.2.jar:/home/runner/.m2/repository/org/springframework/spring-jdbc/5.2.20.RELEASE/spring-jdbc-5.2.20.RELEASE.jar:/home/runner/.m2/repository/org/springframework/spring-beans/5.2.20.RELEASE/spring-beans-5.2.20.RELEASE.jar:/home/runner/.m2/repository/org/springframework/spring-core/5.2.20.RELEASE/spring-core-5.2.20.RELEASE.jar:/home/runner/.m2/repository/org/springframework/spring-jcl/5.2.20.RELEASE/spring-jcl-5.2.20.RELEASE.jar:/home/runner/.m2/repository/org/springframework/spring-tx/5.2.20.RELEASE/spring-tx-5.2.20.RELEASE.jar:/home/runner/.m2/repository/org/apache/ozone/ozone-client/1.3.0-SNAPSHOT/ozone-client-1.3.0-SNAPSHOT.jar:/home/runner/.m2/repository/org/apache/ozone/hdds-erasurecode/1.3.0-SNAPSHOT/hdds-erasurecode-1.3.0-SNAPSHOT.jar:/home/runner/.m2/repository/com/github/spotbugs/spotbugs-annotations/3.1.12/spotbugs-annotations-3.1.12.jar:/home/runner/.m2/repository/org/apache/ozone/ozone-filesystem/1.3.0-SNAPSHOT/ozone-filesystem-1.3.0-SNAPSHOT.jar:/home/runner/.m2/repository/org/apache/ozone/ozone-filesystem-common/1.3.0-SNAPSHOT/ozone-filesystem-common-1.3.0-SNAPSHOT.jar:/home/runner/.m2/repository/org/apache/ozone/ozone-tools/1.3.0-SNAPSHOT/ozone-tools-1.3.0-SNAPSHOT.jar:/home/runner/.m2/repository/org/apache/ratis/ratis-tools/2.2.0/ratis-tools-2.2.0.jar:/home/runner/.m2/repository/com/amazonaws/aws-java-sdk-core/1.12.124/aws-java-sdk-core-1.12.124.jar:/home/runner/.m2/repository/org/apache/httpcomponents/httpclient/4.5.13/httpclient-4.5.13.jar:/home/runner/.m2/repository/org/apache/httpcomponents/httpcore/4.4.13/httpcore-4.4.13.jar:/home/runner/.m2/repository/software/amazon/ion/ion-java/1.0.2/ion-java-1.0.2.jar:/home/runner/.m2/repository/com/fasterxml/jackson/dataformat/jackson-dataformat-cbor/2.13.2/jackson-dataformat-cbor-2.13.2.jar:/home/runner/.m2/repository/joda-time/joda-time/2.8.1/joda-time-2.8.1.jar:/home/runner/.m2/repository/com/amazonaws/aws-java-sdk-s3/1.12.124/aws-java-sdk-s3-1.12.124.jar:/home/runner/.m2/repository/com/amazonaws/aws-java-sdk-kms/1.12.124/aws-java-sdk-kms-1.12.124.jar:/home/runner/.m2/repository/com/amazonaws/jmespath-java/1.12.124/jmespath-java-1.12.124.jar:/home/runner/.m2/repository/org/kohsuke/metainf-services/metainf-services/1.8/metainf-services-1.8.jar:/home/runner/.m2/repository/org/apache/ozone/hdds-tools/1.3.0-SNAPSHOT/hdds-tools-1.3.0-SNAPSHOT.jar:/home/runner/.m2/repository/commons-cli/commons-cli/1.2/commons-cli-1.2.jar:/home/runner/.m2/repository/org/apache/commons/commons-lang3/3.7/commons-lang3-3.7.jar:/home/runner/.m2/repository/org/apache/ozone/ozone-manager/1.3.0-SNAPSHOT/ozone-manager-1.3.0-SNAPSHOT-tests.jar:/home/runner/.m2/repository/org/apache/ozone/hdds-common/1.3.0-SNAPSHOT/hdds-common-1.3.0-SNAPSHOT-tests.jar:/home/runner/.m2/repository/org/apache/ozone/hdds-hadoop-dependency-client/1.3.0-SNAPSHOT/hdds-hadoop-dependency-client-1.3.0-SNAPSHOT.jar:/home/runner/.m2/repository/info/picocli/picocli/4.6.1/picocli-4.6.1.jar:/home/runner/.m2/repository/com/fasterxml/jackson/core/jackson-annotations/2.13.2/jackson-annotations-2.13.2.jar:/home/runner/.m2/repository/com/fasterxml/jackson/datatype/jackson-datatype-jsr310/2.13.2/jackson-datatype-jsr310-2.13.2.jar:/home/runner/.m2/repository/javax/annotation/javax.annotation-api/1.2/javax.annotation-api-1.2.jar:/home/runner/.m2/repository/org/apache/ratis/ratis-server/2.2.0/ratis-server-2.2.0.jar:/home/runner/.m2/repository/org/apache/ratis/ratis-client/2.2.0/ratis-client-2.2.0.jar:/home/runner/.m2/repository/org/apache/ratis/ratis-server-api/2.2.0/ratis-server-api-2.2.0.jar:/home/runner/.m2/repository/org/apache/ratis/ratis-metrics/2.2.0/ratis-metrics-2.2.0.jar:/home/runner/.m2/repository/org/apache/ratis/ratis-netty/2.2.0/ratis-netty-2.2.0.jar:/home/runner/.m2/repository/org/apache/ratis/ratis-grpc/2.2.0/ratis-grpc-2.2.0.jar:/home/runner/.m2/repository/org/apache/logging/log4j/log4j-api/2.17.1/log4j-api-2.17.1.jar:/home/runner/.m2/repository/org/apache/commons/commons-pool2/2.6.0/commons-pool2-2.6.0.jar:/home/runner/.m2/repository/org/bouncycastle/bcpkix-jdk15on/1.67/bcpkix-jdk15on-1.67.jar:/home/runner/.m2/repository/commons-validator/commons-validator/1.6/commons-validator-1.6.jar:/home/runner/.m2/repository/commons-beanutils/commons-beanutils/1.9.4/commons-beanutils-1.9.4.jar:/home/runner/.m2/repository/commons-digester/commons-digester/1.8.1/commons-digester-1.8.1.jar:/home/runner/.m2/repository/commons-collections/commons-collections/3.2.2/commons-collections-3.2.2.jar:/home/runner/.m2/repository/io/jaegertracing/jaeger-client/1.6.0/jaeger-client-1.6.0.jar:/home/runner/.m2/repository/io/jaegertracing/jaeger-thrift/1.6.0/jaeger-thrift-1.6.0.jar:/home/runner/.m2/repository/org/apache/thrift/libthrift/0.14.1/libthrift-0.14.1.jar:/home/runner/.m2/repository/com/squareup/okhttp3/okhttp/4.9.0/okhttp-4.9.0.jar:/home/runner/.m2/repository/com/squareup/okio/okio/2.8.0/okio-2.8.0.jar:/home/runner/.m2/repository/io/jaegertracing/jaeger-core/1.6.0/jaeger-core-1.6.0.jar:/home/runner/.m2/repository/io/jaegertracing/jaeger-tracerresolver/1.6.0/jaeger-tracerresolver-1.6.0.jar:/home/runner/.m2/repository/io/opentracing/contrib/opentracing-tracerresolver/0.1.8/opentracing-tracerresolver-0.1.8.jar:/home/runner/.m2/repository/org/jetbrains/kotlin/kotlin-stdlib/1.4.31/kotlin-stdlib-1.4.31.jar:/home/runner/.m2/repository/org/jetbrains/kotlin/kotlin-stdlib-common/1.4.31/kotlin-stdlib-common-1.4.31.jar:/home/runner/.m2/repository/org/jetbrains/annotations/13.0/annotations-13.0.jar:/home/runner/.m2/repository/io/opentracing/opentracing-util/0.33.0/opentracing-util-0.33.0.jar:/home/runner/.m2/repository/io/opentracing/opentracing-api/0.33.0/opentracing-api-0.33.0.jar:/home/runner/.m2/repository/io/opentracing/opentracing-noop/0.33.0/opentracing-noop-0.33.0.jar:/home/runner/.m2/repository/org/yaml/snakeyaml/1.26/snakeyaml-1.26.jar:/home/runner/.m2/repository/org/apache/ozone/hdds-interface-admin/1.3.0-SNAPSHOT/hdds-interface-admin-1.3.0-SNAPSHOT.jar:/home/runner/.m2/repository/junit/junit/4.13.1/junit-4.13.1.jar:/home/runner/.m2/repository/org/hamcrest/hamcrest-core/1.3/hamcrest-core-1.3.jar:/home/runner/.m2/repository/org/junit/jupiter/junit-jupiter-api/5.7.0/junit-jupiter-api-5.7.0.jar:/home/runner/.m2/repository/org/apiguardian/apiguardian-api/1.1.0/apiguardian-api-1.1.0.jar:/home/runner/.m2/repository/org/opentest4j/opentest4j/1.2.0/opentest4j-1.2.0.jar:/home/runner/.m2/repository/org/junit/platform/junit-platform-commons/1.7.0/junit-platform-commons-1.7.0.jar:/home/runner/.m2/repository/org/junit/jupiter/junit-jupiter-params/5.7.0/junit-jupiter-params-5.7.0.jar:/home/runner/.m2/repository/org/junit/jupiter/junit-jupiter-migrationsupport/5.7.0/junit-jupiter-migrationsupport-5.7.0.jar:/home/runner/.m2/repository/org/junit/jupiter/junit-jupiter-engine/5.7.0/junit-jupiter-engine-5.7.0.jar:/home/runner/.m2/repository/org/junit/platform/junit-platform-engine/1.7.0/junit-platform-engine-1.7.0.jar:/home/runner/.m2/repository/org/junit/vintage/junit-vintage-engine/5.7.0/junit-vintage-engine-5.7.0.jar:/home/runner/.m2/repository/org/junit/platform/junit-platform-launcher/1.7.0/junit-platform-launcher-1.7.0.jar:/home/runner/.m2/repository/org/mockito/mockito-core/2.28.2/mockito-core-2.28.2.jar:/home/runner/.m2/repository/net/bytebuddy/byte-buddy/1.9.10/byte-buddy-1.9.10.jar:/home/runner/.m2/repository/net/bytebuddy/byte-buddy-agent/1.9.10/byte-buddy-agent-1.9.10.jar:/home/runner/.m2/repository/org/objenesis/objenesis/1.0/objenesis-1.0.jar:/home/runner/.m2/repository/org/apache/hadoop/hadoop-kms/3.3.1/hadoop-kms-3.3.1.jar:/home/runner/.m2/repository/org/apache/hadoop/hadoop-auth/3.3.1/hadoop-auth-3.3.1.jar:/home/runner/.m2/repository/com/nimbusds/nimbus-jose-jwt/7.9/nimbus-jose-jwt-7.9.jar:/home/runner/.m2/repository/com/github/stephenc/jcip/jcip-annotations/1.0-1/jcip-annotations-1.0-1.jar:/home/runner/.m2/repository/net/minidev/json-smart/2.4.7/json-smart-2.4.7.jar:/home/runner/.m2/repository/net/minidev/accessors-smart/2.4.7/accessors-smart-2.4.7.jar:/home/runner/.m2/repository/org/ow2/asm/asm/5.0.4/asm-5.0.4.jar:/home/runner/.m2/repository/org/apache/zookeeper/zookeeper/3.5.6/zookeeper-3.5.6.jar:/home/runner/.m2/repository/org/apache/zookeeper/zookeeper-jute/3.5.6/zookeeper-jute-3.5.6.jar:/home/runner/.m2/repository/org/apache/yetus/audience-annotations/0.5.0/audience-annotations-0.5.0.jar:/home/runner/.m2/repository/org/apache/curator/curator-framework/4.2.0/curator-framework-4.2.0.jar:/home/runner/.m2/repository/org/apache/hadoop/thirdparty/hadoop-shaded-guava/1.1.1/hadoop-shaded-guava-1.1.1.jar:/home/runner/.m2/repository/com/sun/jersey/jersey-core/1.19/jersey-core-1.19.jar:/home/runner/.m2/repository/javax/ws/rs/jsr311-api/1.1.1/jsr311-api-1.1.1.jar:/home/runner/.m2/repository/com/sun/jersey/jersey-server/1.19/jersey-server-1.19.jar:/home/runner/.m2/repository/javax/servlet/javax.servlet-api/3.1.0/javax.servlet-api-3.1.0.jar:/home/runner/.m2/repository/org/eclipse/jetty/jetty-server/9.4.43.v20210629/jetty-server-9.4.43.v20210629.jar:/home/runner/.m2/repository/org/eclipse/jetty/jetty-http/9.4.43.v20210629/jetty-http-9.4.43.v20210629.jar:/home/runner/.m2/repository/org/eclipse/jetty/jetty-io/9.4.43.v20210629/jetty-io-9.4.43.v20210629.jar:/home/runner/.m2/repository/org/eclipse/jetty/jetty-webapp/9.4.43.v20210629/jetty-webapp-9.4.43.v20210629.jar:/home/runner/.m2/repository/org/eclipse/jetty/jetty-xml/9.4.43.v20210629/jetty-xml-9.4.43.v20210629.jar:/home/runner/.m2/repository/org/apache/hadoop/hadoop-common/3.3.1/hadoop-common-3.3.1.jar:/home/runner/.m2/repository/org/apache/commons/commons-math3/3.1.1/commons-math3-3.1.1.jar:/home/runner/.m2/repository/commons-net/commons-net/3.6/commons-net-3.6.jar:/home/runner/.m2/repository/com/sun/jersey/jersey-servlet/1.19/jersey-servlet-1.19.jar:/home/runner/.m2/repository/com/sun/jersey/jersey-json/1.19/jersey-json-1.19.jar:/home/runner/.m2/repository/org/codehaus/jettison/jettison/1.1/jettison-1.1.jar:/home/runner/.m2/repository/com/sun/xml/bind/jaxb-impl/2.2.3-1/jaxb-impl-2.2.3-1.jar:/home/runner/.m2/repository/org/codehaus/jackson/jackson-jaxrs/1.9.2/jackson-jaxrs-1.9.2.jar:/home/runner/.m2/repository/org/codehaus/jackson/jackson-xc/1.9.2/jackson-xc-1.9.2.jar:/home/runner/.m2/repository/org/apache/commons/commons-configuration2/2.1.1/commons-configuration2-2.1.1.jar:/home/runner/.m2/repository/org/apache/commons/commons-text/1.4/commons-text-1.4.jar:/home/runner/.m2/repository/com/google/re2j/re2j/1.1/re2j-1.1.jar:/home/runner/.m2/repository/com/jcraft/jsch/0.1.54/jsch-0.1.54.jar:/home/runner/.m2/repository/org/apache/curator/curator-client/4.2.0/curator-client-4.2.0.jar:/home/runner/.m2/repository/org/apache/curator/curator-recipes/4.2.0/curator-recipes-4.2.0.jar:/home/runner/.m2/repository/org/apache/kerby/kerb-core/1.0.1/kerb-core-1.0.1.jar:/home/runner/.m2/repository/org/apache/kerby/kerby-pkix/1.0.1/kerby-pkix-1.0.1.jar:/home/runner/.m2/repository/org/apache/kerby/kerby-asn1/1.0.1/kerby-asn1-1.0.1.jar:/home/runner/.m2/repository/org/apache/kerby/kerby-util/1.0.1/kerby-util-1.0.1.jar:/home/runner/.m2/repository/dnsjava/dnsjava/2.1.7/dnsjava-2.1.7.jar:/home/runner/.m2/repository/org/xerial/snappy/snappy-java/1.1.8.2/snappy-java-1.1.8.2.jar:/home/runner/.m2/repository/org/slf4j/jul-to-slf4j/1.7.30/jul-to-slf4j-1.7.30.jar:/home/runner/.m2/repository/org/eclipse/jetty/jetty-util/9.4.43.v20210629/jetty-util-9.4.43.v20210629.jar:/home/runner/.m2/repository/com/fasterxml/jackson/core/jackson-databind/2.13.2.2/jackson-databind-2.13.2.2.jar:/home/runner/.m2/repository/org/apache/hadoop/hadoop-kms/3.3.1/hadoop-kms-3.3.1-tests.jar:/home/runner/.m2/repository/org/apache/ozone/hdds-server-scm/1.3.0-SNAPSHOT/hdds-server-scm-1.3.0-SNAPSHOT-tests.jar:/home/runner/.m2/repository/org/apache/ozone/hdds-container-service/1.3.0-SNAPSHOT/hdds-container-service-1.3.0-SNAPSHOT-tests.jar:/home/runner/.m2/repository/commons-codec/commons-codec/1.11/commons-codec-1.11.jar:/home/runner/.m2/repository/io/netty/netty-codec/4.1.63.Final/netty-codec-4.1.63.Final.jar:/home/runner/.m2/repository/io/netty/netty-handler/4.1.63.Final/netty-handler-4.1.63.Final.jar:/home/runner/.m2/repository/org/apache/ozone/hdds-hadoop-dependency-test/1.3.0-SNAPSHOT/hdds-hadoop-dependency-test-1.3.0-SNAPSHOT.jar:/home/runner/.m2/repository/org/apache/hadoop/hadoop-common/3.3.1/hadoop-common-3.3.1-tests.jar:/home/runner/.m2/repository/org/assertj/assertj-core/3.12.2/assertj-core-3.12.2.jar:/home/runner/.m2/repository/org/apache/hadoop/hadoop-hdfs/3.3.1/hadoop-hdfs-3.3.1-tests.jar:/home/runner/.m2/repository/org/eclipse/jetty/jetty-util-ajax/9.4.43.v20210629/jetty-util-ajax-9.4.43.v20210629.jar:/home/runner/.m2/repository/commons-daemon/commons-daemon/1.0.13/commons-daemon-1.0.13.jar:/home/runner/.m2/repository/io/netty/netty/3.10.6.Final/netty-3.10.6.Final.jar:/home/runner/.m2/repository/io/netty/netty-all/4.1.63.Final/netty-all-4.1.63.Final.jar:/home/runner/.m2/repository/org/apache/htrace/htrace-core4/4.1.0-incubating/htrace-core4-4.1.0-incubating.jar:/home/runner/.m2/repository/org/fusesource/leveldbjni/leveldbjni-all/1.8/leveldbjni-all-1.8.jar:/home/runner/.m2/repository/org/apache/hadoop/hadoop-distcp/3.3.1/hadoop-distcp-3.3.1.jar:/home/runner/.m2/repository/org/apache/hadoop/hadoop-mapreduce-client-jobclient/3.3.1/hadoop-mapreduce-client-jobclient-3.3.1.jar:/home/runner/.m2/repository/org/apache/hadoop/hadoop-mapreduce-client-common/3.3.1/hadoop-mapreduce-client-common-3.3.1.jar:/home/runner/.m2/repository/org/apache/hadoop/hadoop-yarn-common/3.3.1/hadoop-yarn-common-3.3.1.jar:/home/runner/.m2/repository/org/apache/hadoop/hadoop-yarn-api/3.3.1/hadoop-yarn-api-3.3.1.jar:/home/runner/.m2/repository/com/sun/jersey/jersey-client/1.19/jersey-client-1.19.jar:/home/runner/.m2/repository/com/sun/jersey/contribs/jersey-guice/1.19/jersey-guice-1.19.jar:/home/runner/.m2/repository/com/fasterxml/jackson/jaxrs/jackson-jaxrs-json-provider/2.13.2/jackson-jaxrs-json-provider-2.13.2.jar:/home/runner/.m2/repository/com/fasterxml/jackson/jaxrs/jackson-jaxrs-base/2.13.2/jackson-jaxrs-base-2.13.2.jar:/home/runner/.m2/repository/org/apache/hadoop/hadoop-yarn-client/3.3.1/hadoop-yarn-client-3.3.1.jar:/home/runner/.m2/repository/org/eclipse/jetty/websocket/websocket-client/9.4.40.v20210413/websocket-client-9.4.40.v20210413.jar:/home/runner/.m2/repository/org/eclipse/jetty/jetty-client/9.4.40.v20210413/jetty-client-9.4.40.v20210413.jar:/home/runner/.m2/repository/org/eclipse/jetty/websocket/websocket-common/9.4.40.v20210413/websocket-common-9.4.40.v20210413.jar:/home/runner/.m2/repository/org/eclipse/jetty/websocket/websocket-api/9.4.40.v20210413/websocket-api-9.4.40.v20210413.jar:/home/runner/.m2/repository/org/jline/jline/3.9.0/jline-3.9.0.jar:/home/runner/.m2/repository/org/apache/hadoop/hadoop-mapreduce-client-core/3.3.1/hadoop-mapreduce-client-core-3.3.1.jar:/home/runner/.m2/repository/org/apache/avro/avro/1.7.7/avro-1.7.7.jar:/home/runner/.m2/repository/org/codehaus/jackson/jackson-core-asl/1.9.13/jackson-core-asl-1.9.13.jar:/home/runner/.m2/repository/org/codehaus/jackson/jackson-mapper-asl/1.9.13/jackson-mapper-asl-1.9.13.jar:/home/runner/.m2/repository/com/thoughtworks/paranamer/paranamer/2.3/paranamer-2.3.jar:/home/runner/.m2/repository/org/apache/hadoop/hadoop-annotations/3.3.1/hadoop-annotations-3.3.1.jar:/usr/lib/jvm/temurin-8-jdk-amd64/jre/../lib/tools.jar:/home/runner/.m2/repository/org/apache/hadoop/hadoop-distcp/3.3.1/hadoop-distcp-3.3.1-tests.jar:/home/runner/.m2/repository/org/apache/ratis/ratis-common/2.2.0/ratis-common-2.2.0.jar:/home/runner/.m2/repository/org/apache/ratis/ratis-thirdparty-misc/0.7.0/ratis-thirdparty-misc-0.7.0.jar:/home/runner/.m2/repository/org/apache/ratis/ratis-proto/2.2.0/ratis-proto-2.2.0.jar:/home/runner/.m2/repository/org/apache/ozone/ozone-annotation-processing/1.3.0-SNAPSHOT/ozone-annotation-processing-1.3.0-SNAPSHOT.jar:"/>
    <property name="sun.cpu.endian" value="little"/>
    <property name="user.home" value="/home/runner"/>
    <property name="user.language" value="en"/>
    <property name="java.specification.vendor" value="Oracle Corporation"/>
    <property name="java.home" value="/usr/lib/jvm/temurin-8-jdk-amd64/jre"/>
    <property name="java.security.krb5.conf" value="/home/runner/work/ozone/ozone/hadoop-ozone/integration-test/target/test-classes/krb5.conf"/>
    <property name="basedir" value="/home/runner/work/ozone/ozone/hadoop-ozone/integration-test"/>
    <property name="file.separator" value="/"/>
    <property name="line.separator" value="&#10;"/>
    <property name="java.vm.specification.vendor" value="Oracle Corporation"/>
    <property name="java.specification.name" value="Java Platform API Specification"/>
    <property name="java.awt.graphicsenv" value="sun.awt.X11GraphicsEnvironment"/>
    <property name="skip.installnpx" value="true"/>
    <property name="surefire.fork.timeout" value="3600"/>
    <property name="surefire.real.class.path" value="/home/runner/work/ozone/ozone/hadoop-ozone/integration-test/target/surefire/surefirebooter343741302746290814.jar:/home/runner/.m2/repository/org/jacoco/org.jacoco.agent/0.8.5/org.jacoco.agent-0.8.5-runtime.jar"/>
    <property name="hadoop.log.dir" value="/home/runner/work/ozone/ozone/hadoop-ozone/integration-test/target/log"/>
    <property name="sun.boot.class.path" value="/usr/lib/jvm/temurin-8-jdk-amd64/jre/lib/resources.jar:/usr/lib/jvm/temurin-8-jdk-amd64/jre/lib/rt.jar:/usr/lib/jvm/temurin-8-jdk-amd64/jre/lib/sunrsasign.jar:/usr/lib/jvm/temurin-8-jdk-amd64/jre/lib/jsse.jar:/usr/lib/jvm/temurin-8-jdk-amd64/jre/lib/jce.jar:/usr/lib/jvm/temurin-8-jdk-amd64/jre/lib/charsets.jar:/usr/lib/jvm/temurin-8-jdk-amd64/jre/lib/jfr.jar:/usr/lib/jvm/temurin-8-jdk-amd64/jre/classes"/>
    <property name="sun.management.compiler" value="HotSpot 64-Bit Tiered Compilers"/>
    <property name="skip.npx" value="true"/>
    <property name="java.runtime.version" value="1.8.0_332-b09"/>
    <property name="java.net.preferIPv4Stack" value="true"/>
    <property name="user.name" value="runner"/>
    <property name="path.separator" value=":"/>
    <property name="java.security.egd" value="file:///dev/urandom"/>
    <property name="os.version" value="5.4.0-1078-azure"/>
    <property name="java.endorsed.dirs" value="/usr/lib/jvm/temurin-8-jdk-amd64/jre/lib/endorsed"/>
    <property name="java.runtime.name" value="OpenJDK Runtime Environment"/>
    <property name="file.encoding" value="UTF-8"/>
    <property name="java.vm.name" value="OpenJDK 64-Bit Server VM"/>
    <property name="test.build.webapps" value=""/>
    <property name="localRepository" value="/home/runner/.m2/repository"/>
    <property name="jetty.git.hash" value="526006ecfa3af7f1a27ef3a288e2bef7ea9dd7e8"/>
    <property name="java.vendor.url.bug" value="https://github.com/adoptium/adoptium-support/issues"/>
    <property name="java.io.tmpdir" value="/tmp"/>
    <property name="require.test.libhadoop" value=""/>
    <property name="surefire.rerunFailingTestsCount" value="5"/>
    <property name="java.version" value="1.8.0_332"/>
    <property name="user.dir" value="/home/runner/work/ozone/ozone/hadoop-ozone/integration-test"/>
    <property name="os.arch" value="amd64"/>
    <property name="java.vm.specification.name" value="Java Virtual Machine Specification"/>
    <property name="test.build.classes" value="/home/runner/work/ozone/ozone/hadoop-ozone/integration-test/target/test-classes"/>
    <property name="java.awt.printerjob" value="sun.print.PSPrinterJob"/>
    <property name="sun.os.patch.level" value="unknown"/>
    <property name="hadoop.tmp.dir" value="/home/runner/work/ozone/ozone/hadoop-ozone/integration-test/target/tmp"/>
    <property name="java.library.path" value="/usr/java/packages/lib/amd64:/usr/lib64:/lib64:/lib:/usr/lib"/>
    <property name="java.vm.info" value="mixed mode"/>
    <property name="java.vendor" value="Temurin"/>
    <property name="java.vm.version" value="25.332-b09"/>
    <property name="java.ext.dirs" value="/usr/lib/jvm/temurin-8-jdk-amd64/jre/lib/ext:/usr/java/packages/lib/ext"/>
    <property name="sun.io.unicode.encoding" value="UnicodeLittle"/>
    <property name="java.class.version" value="52.0"/>
  </properties>
  <testcase name="testLeaderIdAfterLeaderChange" classname="org.apache.hadoop.hdds.scm.TestRatisPipelineLeader" time="0.02">
    <failure type="java.lang.AssertionError"><![CDATA[java.lang.AssertionError
	at org.junit.Assert.fail(Assert.java:87)
	at org.junit.Assert.assertTrue(Assert.java:42)
	at org.junit.Assert.assertTrue(Assert.java:53)
	at org.apache.hadoop.hdds.scm.TestRatisPipelineLeader.testLeaderIdAfterLeaderChange(TestRatisPipelineLeader.java:119)
	at sun.reflect.NativeMethodAccessorImpl.invoke0(Native Method)
	at sun.reflect.NativeMethodAccessorImpl.invoke(NativeMethodAccessorImpl.java:62)
	at sun.reflect.DelegatingMethodAccessorImpl.invoke(DelegatingMethodAccessorImpl.java:43)
	at java.lang.reflect.Method.invoke(Method.java:498)
	at org.junit.platform.commons.util.ReflectionUtils.invokeMethod(ReflectionUtils.java:688)
	at org.junit.jupiter.engine.execution.MethodInvocation.proceed(MethodInvocation.java:60)
	at org.junit.jupiter.engine.execution.InvocationInterceptorChain$ValidatingInvocation.proceed(InvocationInterceptorChain.java:131)
	at org.junit.jupiter.engine.extension.TimeoutInvocation.proceed(TimeoutInvocation.java:46)
	at org.junit.jupiter.engine.extension.TimeoutExtension.intercept(TimeoutExtension.java:149)
	at org.junit.jupiter.engine.extension.TimeoutExtension.interceptTestableMethod(TimeoutExtension.java:140)
	at org.junit.jupiter.engine.extension.TimeoutExtension.interceptTestMethod(TimeoutExtension.java:84)
	at org.junit.jupiter.engine.execution.ExecutableInvoker$ReflectiveInterceptorCall.lambda$ofVoidMethod$0(ExecutableInvoker.java:115)
	at org.junit.jupiter.engine.execution.ExecutableInvoker.lambda$invoke$0(ExecutableInvoker.java:105)
	at org.junit.jupiter.engine.execution.InvocationInterceptorChain$InterceptedInvocation.proceed(InvocationInterceptorChain.java:106)
	at org.junit.jupiter.engine.execution.InvocationInterceptorChain.proceed(InvocationInterceptorChain.java:64)
	at org.junit.jupiter.engine.execution.InvocationInterceptorChain.chainAndInvoke(InvocationInterceptorChain.java:45)
	at org.junit.jupiter.engine.execution.InvocationInterceptorChain.invoke(InvocationInterceptorChain.java:37)
	at org.junit.jupiter.engine.execution.ExecutableInvoker.invoke(ExecutableInvoker.java:104)
	at org.junit.jupiter.engine.execution.ExecutableInvoker.invoke(ExecutableInvoker.java:98)
	at org.junit.jupiter.engine.descriptor.TestMethodTestDescriptor.lambda$invokeTestMethod$6(TestMethodTestDescriptor.java:210)
	at org.junit.platform.engine.support.hierarchical.ThrowableCollector.execute(ThrowableCollector.java:73)
	at org.junit.jupiter.engine.descriptor.TestMethodTestDescriptor.invokeTestMethod(TestMethodTestDescriptor.java:206)
	at org.junit.jupiter.engine.descriptor.TestMethodTestDescriptor.execute(TestMethodTestDescriptor.java:131)
	at org.junit.jupiter.engine.descriptor.TestMethodTestDescriptor.execute(TestMethodTestDescriptor.java:65)
	at org.junit.platform.engine.support.hierarchical.NodeTestTask.lambda$executeRecursively$5(NodeTestTask.java:139)
	at org.junit.platform.engine.support.hierarchical.ThrowableCollector.execute(ThrowableCollector.java:73)
	at org.junit.platform.engine.support.hierarchical.NodeTestTask.lambda$executeRecursively$7(NodeTestTask.java:129)
	at org.junit.platform.engine.support.hierarchical.Node.around(Node.java:137)
	at org.junit.platform.engine.support.hierarchical.NodeTestTask.lambda$executeRecursively$8(NodeTestTask.java:127)
	at org.junit.platform.engine.support.hierarchical.ThrowableCollector.execute(ThrowableCollector.java:73)
	at org.junit.platform.engine.support.hierarchical.NodeTestTask.executeRecursively(NodeTestTask.java:126)
	at org.junit.platform.engine.support.hierarchical.NodeTestTask.execute(NodeTestTask.java:84)
	at java.util.ArrayList.forEach(ArrayList.java:1259)
	at org.junit.platform.engine.support.hierarchical.SameThreadHierarchicalTestExecutorService.invokeAll(SameThreadHierarchicalTestExecutorService.java:38)
	at org.junit.platform.engine.support.hierarchical.NodeTestTask.lambda$executeRecursively$5(NodeTestTask.java:143)
	at org.junit.platform.engine.support.hierarchical.ThrowableCollector.execute(ThrowableCollector.java:73)
	at org.junit.platform.engine.support.hierarchical.NodeTestTask.lambda$executeRecursively$7(NodeTestTask.java:129)
	at org.junit.platform.engine.support.hierarchical.Node.around(Node.java:137)
	at org.junit.platform.engine.support.hierarchical.NodeTestTask.lambda$executeRecursively$8(NodeTestTask.java:127)
	at org.junit.platform.engine.support.hierarchical.ThrowableCollector.execute(ThrowableCollector.java:73)
	at org.junit.platform.engine.support.hierarchical.NodeTestTask.executeRecursively(NodeTestTask.java:126)
	at org.junit.platform.engine.support.hierarchical.NodeTestTask.execute(NodeTestTask.java:84)
	at java.util.ArrayList.forEach(ArrayList.java:1259)
	at org.junit.platform.engine.support.hierarchical.SameThreadHierarchicalTestExecutorService.invokeAll(SameThreadHierarchicalTestExecutorService.java:38)
	at org.junit.platform.engine.support.hierarchical.NodeTestTask.lambda$executeRecursively$5(NodeTestTask.java:143)
	at org.junit.platform.engine.support.hierarchical.ThrowableCollector.execute(ThrowableCollector.java:73)
	at org.junit.platform.engine.support.hierarchical.NodeTestTask.lambda$executeRecursively$7(NodeTestTask.java:129)
	at org.junit.platform.engine.support.hierarchical.Node.around(Node.java:137)
	at org.junit.platform.engine.support.hierarchical.NodeTestTask.lambda$executeRecursively$8(NodeTestTask.java:127)
	at org.junit.platform.engine.support.hierarchical.ThrowableCollector.execute(ThrowableCollector.java:73)
	at org.junit.platform.engine.support.hierarchical.NodeTestTask.executeRecursively(NodeTestTask.java:126)
	at org.junit.platform.engine.support.hierarchical.NodeTestTask.execute(NodeTestTask.java:84)
	at org.junit.platform.engine.support.hierarchical.SameThreadHierarchicalTestExecutorService.submit(SameThreadHierarchicalTestExecutorService.java:32)
	at org.junit.platform.engine.support.hierarchical.HierarchicalTestExecutor.execute(HierarchicalTestExecutor.java:57)
	at org.junit.platform.engine.support.hierarchical.HierarchicalTestEngine.execute(HierarchicalTestEngine.java:51)
	at org.junit.platform.launcher.core.EngineExecutionOrchestrator.execute(EngineExecutionOrchestrator.java:108)
	at org.junit.platform.launcher.core.EngineExecutionOrchestrator.execute(EngineExecutionOrchestrator.java:88)
	at org.junit.platform.launcher.core.EngineExecutionOrchestrator.lambda$execute$0(EngineExecutionOrchestrator.java:54)
	at org.junit.platform.launcher.core.EngineExecutionOrchestrator.withInterceptedStreams(EngineExecutionOrchestrator.java:67)
	at org.junit.platform.launcher.core.EngineExecutionOrchestrator.execute(EngineExecutionOrchestrator.java:52)
	at org.junit.platform.launcher.core.DefaultLauncher.execute(DefaultLauncher.java:96)
	at org.junit.platform.launcher.core.DefaultLauncher.execute(DefaultLauncher.java:75)
	at org.apache.maven.surefire.junitplatform.JUnitPlatformProvider.execute(JUnitPlatformProvider.java:188)
	at org.apache.maven.surefire.junitplatform.JUnitPlatformProvider.invokeAllTests(JUnitPlatformProvider.java:154)
	at org.apache.maven.surefire.junitplatform.JUnitPlatformProvider.invoke(JUnitPlatformProvider.java:124)
	at org.apache.maven.surefire.booter.ForkedBooter.runSuitesInProcess(ForkedBooter.java:428)
	at org.apache.maven.surefire.booter.ForkedBooter.execute(ForkedBooter.java:162)
	at org.apache.maven.surefire.booter.ForkedBooter.run(ForkedBooter.java:562)
	at org.apache.maven.surefire.booter.ForkedBooter.main(ForkedBooter.java:548)
]]></failure>
    <system-out><![CDATA[2022-05-15 13:39:37,165 [main] WARN  server.ServerUtils (ServerUtils.java:getScmDbDir(148)) - ozone.scm.db.dirs is not configured. We recommend adding this setting. Falling back to ozone.metadata.dirs instead.
2022-05-15 13:39:37,238 [main] INFO  ha.SCMHANodeDetails (SCMHANodeDetails.java:loadSCMHAConfig(160)) - ServiceID for StorageContainerManager is null
2022-05-15 13:39:37,239 [main] INFO  ha.SCMHANodeDetails (SCMHANodeDetails.java:loadSCMHAConfig(165)) - ozone.scm.default.service.id is not defined, falling back to ozone.scm.service.ids to find serviceID for StorageContainerManager if it is HA enabled cluster
2022-05-15 13:39:37,338 [main] WARN  server.ServerUtils (ServerUtils.java:getScmDbDir(148)) - ozone.scm.db.dirs is not configured. We recommend adding this setting. Falling back to ozone.metadata.dirs instead.
2022-05-15 13:39:37,341 [main] INFO  upgrade.AbstractLayoutVersionManager (AbstractLayoutVersionManager.java:init(79)) - Initializing Layout version manager with metadata layout = ERASURE_CODED_STORAGE_SUPPORT (version = 3), software layout = ERASURE_CODED_STORAGE_SUPPORT (version = 3)
2022-05-15 13:39:37,508 [main] INFO  reflections.Reflections (Reflections.java:scan(232)) - Reflections took 105 ms to scan 7 urls, producing 126 keys and 289 values 
2022-05-15 13:39:37,987 [main] WARN  utils.HAUtils (HAUtils.java:getMetaDir(342)) - ozone.scm.db.dirs is not configured. We recommend adding this setting. Falling back to ozone.metadata.dirs instead.
2022-05-15 13:39:38,108 [main] WARN  db.DBStoreBuilder (DBStoreBuilder.java:applyDBDefinition(145)) - ozone.scm.db.dirs is not configured. We recommend adding this setting. Falling back to ozone.metadata.dirs instead.
2022-05-15 13:39:38,266 [main] INFO  net.NodeSchemaLoader (NodeSchemaLoader.java:loadSchemaFromFile(129)) - Loading schema from [jar:file:/home/runner/.m2/repository/org/apache/ozone/hdds-common/1.3.0-SNAPSHOT/hdds-common-1.3.0-SNAPSHOT.jar!/network-topology-default.xml]
2022-05-15 13:39:38,268 [main] INFO  net.NodeSchemaLoader (NodeSchemaLoader.java:loadSchema(176)) - Loading network topology layer schema file
2022-05-15 13:39:38,307 [main] INFO  metrics.MetricRegistries (MetricRegistriesLoader.java:load(64)) - Loaded MetricRegistries class org.apache.ratis.metrics.impl.MetricRegistriesImpl
2022-05-15 13:39:38,320 [main] INFO  ha.SequenceIdGenerator (SequenceIdGenerator.java:upgradeToSequenceId(347)) - upgrade localId to 109611004723200000
2022-05-15 13:39:38,321 [main] INFO  ha.SequenceIdGenerator (SequenceIdGenerator.java:upgradeToSequenceId(357)) - upgrade delTxnId to 0
2022-05-15 13:39:38,324 [main] INFO  ha.SequenceIdGenerator (SequenceIdGenerator.java:upgradeToSequenceId(371)) - upgrade containerId to 0
2022-05-15 13:39:38,326 [main] INFO  ha.SequenceIdGenerator (SequenceIdGenerator.java:<init>(218)) - Init the HA SequenceIdGenerator.
2022-05-15 13:39:38,361 [main] WARN  server.ServerUtils (ServerUtils.java:sanitizeUserArgs(73)) - ozone.scm.stale.node.interval value = 300000 is larger than max = 100000 based on the key value of ozone.scm.heartbeat.thread.interval, reset to the max value 100000.
2022-05-15 13:39:38,362 [main] WARN  server.ServerUtils (ServerUtils.java:sanitizeUserArgs(73)) - ozone.scm.stale.node.interval value = 300000 is larger than max = 100000 based on the key value of ozone.scm.heartbeat.thread.interval, reset to the max value 100000.
2022-05-15 13:39:38,368 [main] INFO  node.SCMNodeManager (SCMNodeManager.java:<init>(148)) - Entering startup safe mode.
2022-05-15 13:39:38,420 [main] INFO  algorithms.ContainerPlacementPolicyFactory (ContainerPlacementPolicyFactory.java:getPolicyInternal(86)) - Create container placement policy of type org.apache.hadoop.hdds.scm.container.placement.algorithms.SCMContainerPlacementRandom
2022-05-15 13:39:38,430 [main] INFO  pipeline.PipelineStateManagerImpl (PipelineStateManagerImpl.java:initialize(78)) - No pipeline exists in current db
2022-05-15 13:39:38,462 [main] INFO  algorithms.LeaderChoosePolicyFactory (LeaderChoosePolicyFactory.java:getPolicy(57)) - Create leader choose policy of type org.apache.hadoop.hdds.scm.pipeline.leader.choose.algorithms.MinLeaderCountChoosePolicy
2022-05-15 13:39:38,463 [main] INFO  algorithms.ContainerPlacementPolicyFactory (ContainerPlacementPolicyFactory.java:getPolicyInternal(86)) - Create container placement policy of type org.apache.hadoop.hdds.scm.container.placement.algorithms.SCMContainerPlacementRackScatter
2022-05-15 13:39:38,472 [main] INFO  pipeline.BackgroundPipelineCreator (BackgroundPipelineCreator.java:start(125)) - Starting RatisPipelineUtilsThread.
2022-05-15 13:39:38,474 [main] INFO  pipeline.BackgroundPipelineScrubber (BackgroundPipelineScrubber.java:start(126)) - Starting BackgroundPipelineScrubber Service.
2022-05-15 13:39:38,474 [main] INFO  ha.SCMServiceManager (SCMServiceManager.java:register(42)) - Registering service BackgroundPipelineCreator.
2022-05-15 13:39:38,475 [main] INFO  ha.SCMServiceManager (SCMServiceManager.java:register(42)) - Registering service BackgroundPipelineScrubber.
2022-05-15 13:39:38,500 [main] INFO  algorithms.PipelineChoosePolicyFactory (PipelineChoosePolicyFactory.java:createPipelineChoosePolicyFromClass(73)) - Create pipeline choose policy of type org.apache.hadoop.hdds.scm.pipeline.choose.algorithms.RandomPipelineChoosePolicy
2022-05-15 13:39:38,517 [main] INFO  ha.SCMServiceManager (SCMServiceManager.java:register(42)) - Registering service SCMBlockDeletingService.
2022-05-15 13:39:38,542 [main] INFO  ha.SCMServiceManager (SCMServiceManager.java:register(42)) - Registering service ReplicationManager.
2022-05-15 13:39:38,542 [main] INFO  replication.ReplicationManager (ReplicationManager.java:start(176)) - Starting Replication Monitor Thread.
2022-05-15 13:39:38,562 [main] INFO  safemode.ContainerSafeModeRule (ContainerSafeModeRule.java:<init>(89)) - containers with one replica threshold count 0
2022-05-15 13:39:38,562 [ReplicationMonitor] INFO  replication.ReplicationManager (ReplicationManager.java:processAll(225)) - Replication Manager is not ready to run until 3000ms after safemode exit
2022-05-15 13:39:38,566 [main] INFO  safemode.HealthyPipelineSafeModeRule (HealthyPipelineSafeModeRule.java:initializeRule(156)) - Total pipeline count is 0, healthy pipeline threshold count is 1
2022-05-15 13:39:38,568 [main] INFO  safemode.OneReplicaPipelineSafeModeRule (OneReplicaPipelineSafeModeRule.java:initializeRule(180)) - Total pipeline count is 0, pipeline's with at least one datanode reported threshold count is 0
2022-05-15 13:39:38,860 [main] INFO  audit.AuditLogger (AuditLogger.java:refreshDebugCmdSet(120)) - Refresh DebugCmdSet for SCMAudit to [].
2022-05-15 13:39:38,889 [main] INFO  ipc.CallQueueManager (CallQueueManager.java:<init>(90)) - Using callQueue: class java.util.concurrent.LinkedBlockingQueue, queueCapacity: 2000, scheduler: class org.apache.hadoop.ipc.DefaultRpcScheduler, ipcBackoff: false.
2022-05-15 13:39:38,927 [Socket Reader #1 for port 0] INFO  ipc.Server (Server.java:run(1265)) - Starting Socket Reader #1 for port 0
2022-05-15 13:39:38,989 [Listener at 0.0.0.0/37165] INFO  audit.AuditLogger (AuditLogger.java:refreshDebugCmdSet(120)) - Refresh DebugCmdSet for SCMAudit to [].
2022-05-15 13:39:38,996 [Listener at 0.0.0.0/37165] INFO  ipc.CallQueueManager (CallQueueManager.java:<init>(90)) - Using callQueue: class java.util.concurrent.LinkedBlockingQueue, queueCapacity: 2000, scheduler: class org.apache.hadoop.ipc.DefaultRpcScheduler, ipcBackoff: false.
2022-05-15 13:39:38,998 [Socket Reader #1 for port 0] INFO  ipc.Server (Server.java:run(1265)) - Starting Socket Reader #1 for port 0
2022-05-15 13:39:39,032 [Listener at 0.0.0.0/46385] INFO  audit.AuditLogger (AuditLogger.java:refreshDebugCmdSet(120)) - Refresh DebugCmdSet for SCMAudit to [].
2022-05-15 13:39:39,042 [Listener at 0.0.0.0/46385] INFO  ipc.CallQueueManager (CallQueueManager.java:<init>(90)) - Using callQueue: class java.util.concurrent.LinkedBlockingQueue, queueCapacity: 2000, scheduler: class org.apache.hadoop.ipc.DefaultRpcScheduler, ipcBackoff: false.
2022-05-15 13:39:39,042 [Socket Reader #1 for port 0] INFO  ipc.Server (Server.java:run(1265)) - Starting Socket Reader #1 for port 0
2022-05-15 13:39:39,088 [Listener at 0.0.0.0/46695] INFO  server.StorageContainerManager (StorageContainerManager.java:<init>(395)) - 
Container Balancer status:
Key                            Value
Running                        false
Container Balancer Configuration values:
Key                                                Value
Threshold                                          10
Max Datanodes to Involve per Iteration(percent)    20
Max Size to Move per Iteration                     500GB
Max Size Entering Target per Iteration             26GB
Max Size Leaving Source per Iteration              26GB

2022-05-15 13:39:39,088 [Listener at 0.0.0.0/46695] WARN  events.EventQueue (EventQueue.java:fireEvent(194)) - No event handler registered for event TypedEvent{payloadType=SafeModeStatus, name='Safe mode status'}
2022-05-15 13:39:39,089 [Listener at 0.0.0.0/46695] INFO  ha.SCMContext (SCMContext.java:updateSafeModeStatus(211)) - Update SafeModeStatus from SafeModeStatus{safeModeStatus=true, preCheckPassed=false} to SafeModeStatus{safeModeStatus=true, preCheckPassed=false}.
2022-05-15 13:39:39,091 [Listener at 0.0.0.0/46695] INFO  server.StorageContainerManager (StorageContainerManager.java:start(1347)) - StorageContainerLocationProtocol RPC server is listening at /0.0.0.0:46695
2022-05-15 13:39:39,155 [Listener at 0.0.0.0/46695] WARN  impl.MetricsConfig (MetricsConfig.java:loadFirst(136)) - Cannot locate configuration: tried hadoop-metrics2-storagecontainermanager.properties,hadoop-metrics2.properties
2022-05-15 13:39:39,168 [Listener at 0.0.0.0/46695] INFO  impl.MetricsSystemImpl (MetricsSystemImpl.java:startTimer(378)) - Scheduled Metric snapshot period at 10 second(s).
2022-05-15 13:39:39,168 [Listener at 0.0.0.0/46695] INFO  impl.MetricsSystemImpl (MetricsSystemImpl.java:start(191)) - StorageContainerManager metrics system started
2022-05-15 13:39:39,465 [Listener at 0.0.0.0/46695] INFO  server.SCMClientProtocolServer (SCMClientProtocolServer.java:start(169)) - RPC server for Client  is listening at /0.0.0.0:46695
2022-05-15 13:39:39,466 [IPC Server Responder] INFO  ipc.Server (Server.java:run(1507)) - IPC Server Responder: starting
2022-05-15 13:39:39,467 [IPC Server listener on 0] INFO  ipc.Server (Server.java:run(1344)) - IPC Server listener on 0: starting
2022-05-15 13:39:39,475 [Listener at 0.0.0.0/46695] INFO  server.StorageContainerManager (StorageContainerManager.java:start(1362)) - ScmBlockLocationProtocol RPC server is listening at /0.0.0.0:46385
2022-05-15 13:39:39,475 [Listener at 0.0.0.0/46695] INFO  server.SCMBlockProtocolServer (SCMBlockProtocolServer.java:start(151)) - RPC server for Block Protocol is listening at /0.0.0.0:46385
2022-05-15 13:39:39,476 [IPC Server Responder] INFO  ipc.Server (Server.java:run(1507)) - IPC Server Responder: starting
2022-05-15 13:39:39,476 [IPC Server listener on 0] INFO  ipc.Server (Server.java:run(1344)) - IPC Server listener on 0: starting
2022-05-15 13:39:39,480 [Listener at 0.0.0.0/46695] INFO  server.SCMDatanodeProtocolServer (SCMDatanodeProtocolServer.java:start(183)) - ScmDatanodeProtocol RPC server for DataNodes is listening at /0.0.0.0:37165
2022-05-15 13:39:39,481 [IPC Server Responder] INFO  ipc.Server (Server.java:run(1507)) - IPC Server Responder: starting
2022-05-15 13:39:39,481 [IPC Server listener on 0] INFO  ipc.Server (Server.java:run(1344)) - IPC Server listener on 0: starting
2022-05-15 13:39:39,493 [org.apache.hadoop.util.JvmPauseMonitor$Monitor@5ca8c904] INFO  util.JvmPauseMonitor (JvmPauseMonitor.java:run(188)) - Starting JVM pause monitor
2022-05-15 13:39:39,509 [Listener at 0.0.0.0/46695] INFO  http.BaseHttpServer (BaseHttpServer.java:newHttpServer2BuilderForOzone(209)) - Starting Web-server for scm at: http://0.0.0.0:0
2022-05-15 13:39:39,509 [Listener at 0.0.0.0/46695] INFO  http.BaseHttpServer (BaseHttpServer.java:<init>(107)) - Hadoop Security Enabled: false Ozone Security Enabled: false Ozone HTTP Security Enabled: false 
2022-05-15 13:39:39,534 [Listener at 0.0.0.0/46695] INFO  util.log (Log.java:initialized(170)) - Logging initialized @3648ms to org.eclipse.jetty.util.log.Slf4jLog
2022-05-15 13:39:39,627 [Listener at 0.0.0.0/46695] INFO  server.AuthenticationFilter (AuthenticationFilter.java:constructSecretProvider(240)) - Unable to initialize FileSignerSecretProvider, falling back to use random secrets.
2022-05-15 13:39:39,632 [Listener at 0.0.0.0/46695] WARN  http.HttpRequestLog (HttpRequestLog.java:getRequestLog(103)) - Jetty request log can only be enabled using Log4j
2022-05-15 13:39:39,636 [Listener at 0.0.0.0/46695] INFO  http.HttpServer2 (HttpServer2.java:addGlobalFilter(1030)) - Added global filter 'safety' (class=org.apache.hadoop.hdds.server.http.HttpServer2$QuotingInputFilter)
2022-05-15 13:39:39,641 [Listener at 0.0.0.0/46695] INFO  http.HttpServer2 (HttpServer2.java:addFilter(1006)) - Added filter static_user_filter (class=org.apache.hadoop.http.lib.StaticUserWebFilter$StaticUserFilter) to context scm
2022-05-15 13:39:39,641 [Listener at 0.0.0.0/46695] INFO  http.HttpServer2 (HttpServer2.java:addFilter(1014)) - Added filter static_user_filter (class=org.apache.hadoop.http.lib.StaticUserWebFilter$StaticUserFilter) to context logs
2022-05-15 13:39:39,642 [Listener at 0.0.0.0/46695] INFO  http.HttpServer2 (HttpServer2.java:addFilter(1014)) - Added filter static_user_filter (class=org.apache.hadoop.http.lib.StaticUserWebFilter$StaticUserFilter) to context static
2022-05-15 13:39:39,677 [Listener at 0.0.0.0/46695] INFO  http.HttpServer2 (HttpServer2.java:bindListener(1249)) - Jetty bound to port 34277
2022-05-15 13:39:39,678 [Listener at 0.0.0.0/46695] INFO  server.Server (Server.java:doStart(375)) - jetty-9.4.43.v20210629; built: 2021-06-30T11:07:22.254Z; git: 526006ecfa3af7f1a27ef3a288e2bef7ea9dd7e8; jvm 1.8.0_332-b09
2022-05-15 13:39:39,705 [Listener at 0.0.0.0/46695] INFO  server.session (DefaultSessionIdManager.java:doStart(334)) - DefaultSessionIdManager workerName=node0
2022-05-15 13:39:39,705 [Listener at 0.0.0.0/46695] INFO  server.session (DefaultSessionIdManager.java:doStart(339)) - No SessionScavenger set, using defaults
2022-05-15 13:39:39,707 [Listener at 0.0.0.0/46695] INFO  server.session (HouseKeeper.java:startScavenging(132)) - node0 Scavenging every 660000ms
2022-05-15 13:39:39,718 [Listener at 0.0.0.0/46695] INFO  handler.ContextHandler (ContextHandler.java:doStart(915)) - Started o.e.j.s.ServletContextHandler@3fecb076{logs,/logs,file:///home/runner/work/ozone/ozone/hadoop-ozone/integration-test/target/log,AVAILABLE}
2022-05-15 13:39:39,719 [Listener at 0.0.0.0/46695] INFO  handler.ContextHandler (ContextHandler.java:doStart(915)) - Started o.e.j.s.ServletContextHandler@44117b0d{static,/static,file:///home/runner/work/ozone/ozone/hadoop-ozone/integration-test/target/test-classes/webapps/static,AVAILABLE}
2022-05-15 13:39:39,759 [Listener at 0.0.0.0/46695] INFO  handler.ContextHandler (ContextHandler.java:doStart(915)) - Started o.e.j.w.WebAppContext@3673e211{scm,/,file:///home/runner/work/ozone/ozone/hadoop-ozone/integration-test/target/test-classes/webapps/scm/,AVAILABLE}{file:/home/runner/work/ozone/ozone/hadoop-ozone/integration-test/target/test-classes/webapps/scm}
2022-05-15 13:39:39,768 [Listener at 0.0.0.0/46695] INFO  server.AbstractConnector (AbstractConnector.java:doStart(331)) - Started ServerConnector@72c1bf75{HTTP/1.1, (http/1.1)}{0.0.0.0:34277}
2022-05-15 13:39:39,768 [Listener at 0.0.0.0/46695] INFO  server.Server (Server.java:doStart(415)) - Started @3883ms
2022-05-15 13:39:39,770 [Listener at 0.0.0.0/46695] INFO  impl.MetricsSinkAdapter (MetricsSinkAdapter.java:start(204)) - Sink prometheus started
2022-05-15 13:39:39,770 [Listener at 0.0.0.0/46695] INFO  impl.MetricsSystemImpl (MetricsSystemImpl.java:registerSink(305)) - Registered sink prometheus
2022-05-15 13:39:39,771 [Listener at 0.0.0.0/46695] INFO  http.BaseHttpServer (BaseHttpServer.java:updateConnectorAddress(329)) - HTTP server of scm listening at http://0.0.0.0:34277
2022-05-15 13:39:39,773 [Listener at 0.0.0.0/46695] WARN  server.ServerUtils (ServerUtils.java:getDBPath(225)) - ozone.om.db.dirs is not configured. We recommend adding this setting. Falling back to ozone.metadata.dirs instead.
2022-05-15 13:39:39,821 [Listener at 0.0.0.0/46695] INFO  audit.AuditLogger (AuditLogger.java:refreshDebugCmdSet(120)) - Refresh DebugCmdSet for OMAudit to [].
2022-05-15 13:39:39,896 [Listener at 0.0.0.0/46695] INFO  ha.OMHANodeDetails (OMHANodeDetails.java:loadOMHAConfig(115)) - ozone.om.internal.service.id is not defined, falling back to ozone.om.service.ids to find serviceID for OzoneManager if it is HA enabled cluster
2022-05-15 13:39:39,899 [Listener at 0.0.0.0/46695] INFO  ha.OMHANodeDetails (OMHANodeDetails.java:loadOMHAConfig(226)) - Configuration does not have ozone.om.address set. Falling back to the default OM address /127.0.0.1:0
2022-05-15 13:39:39,899 [Listener at 0.0.0.0/46695] INFO  ha.OMHANodeDetails (OMHANodeDetails.java:getOMNodeDetailsForNonHA(254)) - OM Service ID is not set. Setting it to the default ID: omServiceIdDefault
2022-05-15 13:39:39,900 [Listener at 0.0.0.0/46695] INFO  ha.OMHANodeDetails (OMHANodeDetails.java:getOMNodeDetailsForNonHA(261)) - OM Node ID is not set. Setting it to the default ID: om1
2022-05-15 13:39:39,903 [Listener at 0.0.0.0/46695] WARN  server.ServerUtils (ServerUtils.java:getDBPath(225)) - ozone.om.db.dirs is not configured. We recommend adding this setting. Falling back to ozone.metadata.dirs instead.
2022-05-15 13:39:39,905 [Listener at 0.0.0.0/46695] INFO  upgrade.AbstractLayoutVersionManager (AbstractLayoutVersionManager.java:init(79)) - Initializing Layout version manager with metadata layout = BUCKET_LAYOUT_SUPPORT (version = 2), software layout = BUCKET_LAYOUT_SUPPORT (version = 2)
2022-05-15 13:39:39,998 [Listener at 0.0.0.0/46695] INFO  reflections.Reflections (Reflections.java:scan(232)) - Reflections took 88 ms to scan 2 urls, producing 143 keys and 369 values [using 2 cores]
2022-05-15 13:39:40,002 [Listener at 0.0.0.0/46695] INFO  upgrade.OMLayoutVersionManager (OMLayoutVersionManager.java:lambda$0(115)) - Skipping Upgrade Action MockOmUpgradeAction since it has been finalized.
2022-05-15 13:39:40,003 [Listener at 0.0.0.0/46695] WARN  server.ServerUtils (ServerUtils.java:getDBPath(225)) - ozone.om.db.dirs is not configured. We recommend adding this setting. Falling back to ozone.metadata.dirs instead.
2022-05-15 13:39:40,450 [Listener at 0.0.0.0/46695] WARN  server.ServerUtils (ServerUtils.java:getDBPath(225)) - ozone.om.db.dirs is not configured. We recommend adding this setting. Falling back to ozone.metadata.dirs instead.
2022-05-15 13:39:40,456 [Listener at 0.0.0.0/46695] INFO  codec.OmKeyInfoCodec (OmKeyInfoCodec.java:<init>(49)) - OmKeyInfoCodec ignorePipeline = true
2022-05-15 13:39:40,457 [Listener at 0.0.0.0/46695] INFO  codec.RepeatedOmKeyInfoCodec (RepeatedOmKeyInfoCodec.java:<init>(41)) - RepeatedOmKeyInfoCodec ignorePipeline = true
2022-05-15 13:39:40,656 [Listener at 0.0.0.0/46695] INFO  om.OzoneManager (OzoneManager.java:addS3GVolumeToDB(3908)) - Created Volume s3v With Owner runner required for S3Gateway operations.
2022-05-15 13:39:40,698 [Listener at 0.0.0.0/46695] WARN  server.ServerUtils (ServerUtils.java:getDefaultRatisDirectory(237)) - Storage directory for Ratis is not configured. It is a good idea to map this to an SSD disk. Falling back to ozone.metadata.dirs
2022-05-15 13:39:40,698 [Listener at 0.0.0.0/46695] WARN  utils.OzoneManagerRatisUtils (OzoneManagerRatisUtils.java:getOMRatisSnapshotDirectory(395)) - ozone.om.ratis.snapshot.dir is not configured. Falling back to ozone.metadata.dirs config
2022-05-15 13:39:40,717 [Listener at 0.0.0.0/46695] WARN  server.ServerUtils (ServerUtils.java:getDefaultRatisDirectory(237)) - Storage directory for Ratis is not configured. It is a good idea to map this to an SSD disk. Falling back to ozone.metadata.dirs
2022-05-15 13:39:40,745 [Listener at 0.0.0.0/46695] INFO  ratis.OzoneManagerRatisServer (OzoneManagerRatisServer.java:<init>(159)) - Instantiating OM Ratis server with groupID: omServiceIdDefault and peers: localhost:9872
2022-05-15 13:39:40,756 [Listener at 0.0.0.0/46695] INFO  ratis.OzoneManagerStateMachine (OzoneManagerStateMachine.java:loadSnapshotInfoFromDB(627)) - LastAppliedIndex is set from TransactionInfo from OM DB as (t:0, i:~)
2022-05-15 13:39:40,787 [Listener at 0.0.0.0/46695] INFO  server.RaftServer (ConfUtils.java:logGet(44)) - raft.rpc.type = GRPC (default)
2022-05-15 13:39:40,878 [Listener at 0.0.0.0/46695] INFO  grpc.GrpcFactory (GrpcFactory.java:checkPooledByteBufAllocatorUseCacheForAllThreads(48)) - PERFORMANCE WARNING: useCacheForAllThreads is true that may cause Netty to create a lot garbage objects and, as a result, trigger GC.
	It is recommended to disable useCacheForAllThreads by setting -Dorg.apache.ratis.thirdparty.io.netty.allocator.useCacheForAllThreads=false in command line.
2022-05-15 13:39:40,882 [Listener at 0.0.0.0/46695] INFO  grpc.GrpcConfigKeys (ConfUtils.java:logGet(44)) - raft.grpc.admin.port = -1 (default)
2022-05-15 13:39:40,883 [Listener at 0.0.0.0/46695] INFO  grpc.GrpcConfigKeys (ConfUtils.java:logGet(44)) - raft.grpc.server.port = 9872 (custom)
2022-05-15 13:39:40,883 [Listener at 0.0.0.0/46695] INFO  grpc.GrpcConfigKeys (ConfUtils.java:logGet(44)) - raft.grpc.client.port = -1 (default)
2022-05-15 13:39:40,883 [Listener at 0.0.0.0/46695] INFO  grpc.GrpcConfigKeys (ConfUtils.java:logGet(44)) - raft.grpc.server.port = 9872 (custom)
2022-05-15 13:39:40,884 [Listener at 0.0.0.0/46695] INFO  grpc.GrpcConfigKeys (ConfUtils.java:logGet(44)) - raft.grpc.server.port = 9872 (custom)
2022-05-15 13:39:40,884 [Listener at 0.0.0.0/46695] INFO  server.GrpcService (ConfUtils.java:logGet(44)) - raft.grpc.message.size.max = 33554432 (custom)
2022-05-15 13:39:40,886 [Listener at 0.0.0.0/46695] INFO  server.RaftServerConfigKeys (ConfUtils.java:logGet(44)) - raft.server.log.appender.buffer.byte-limit = 33554432 (custom)
2022-05-15 13:39:40,886 [Listener at 0.0.0.0/46695] INFO  server.GrpcService (ConfUtils.java:logGet(44)) - raft.grpc.flow.control.window = 1MB (=1048576) (default)
2022-05-15 13:39:40,887 [Listener at 0.0.0.0/46695] INFO  server.RaftServerConfigKeys (ConfUtils.java:logGet(44)) - raft.server.rpc.request.timeout = 3000ms (default)
2022-05-15 13:39:41,152 [Listener at 0.0.0.0/46695] INFO  impl.DataStreamServerImpl (ConfUtils.java:logGet(44)) - raft.datastream.type = DISABLED (default)
2022-05-15 13:39:41,154 [Listener at 0.0.0.0/46695] INFO  server.RaftServerConfigKeys (ConfUtils.java:logGet(44)) - raft.server.rpc.slowness.timeout = 120s (custom)
2022-05-15 13:39:41,154 [Listener at 0.0.0.0/46695] INFO  server.RaftServerConfigKeys (ConfUtils.java:logGet(44)) - raft.server.leaderelection.leader.step-down.wait-time = 10s (default)
2022-05-15 13:39:41,170 [Listener at 0.0.0.0/46695] INFO  server.RaftServerConfigKeys (ConfUtils.java:logGet(44)) - raft.server.storage.dir = [/home/runner/work/ozone/ozone/hadoop-ozone/integration-test/target/test-dir/MiniOzoneClusterImpl-ba3764b4-de25-422b-9e99-6273bea7feb0/ozone-meta/ratis] (custom)
2022-05-15 13:39:41,179 [Listener at 0.0.0.0/46695] INFO  server.RaftServer (RaftServerProxy.java:addNew(95)) - om1: addNew group-C5BA1605619E:[om1|rpc:localhost:9872|priority:0] returns group-C5BA1605619E:java.util.concurrent.CompletableFuture@5d0d1e50[Not completed]
2022-05-15 13:39:41,179 [Listener at 0.0.0.0/46695] INFO  om.OzoneManager (OzoneManager.java:initializeRatisServer(1901)) - OzoneManager Ratis server initialized at port 9872
2022-05-15 13:39:41,189 [Listener at 0.0.0.0/46695] INFO  om.OzoneManager (OzoneManager.java:getRpcServer(1030)) - Creating RPC Server
2022-05-15 13:39:41,210 [pool-51-thread-1] INFO  server.RaftServer$Division (RaftServerImpl.java:<init>(184)) - om1: new RaftServerImpl for group-C5BA1605619E:[om1|rpc:localhost:9872|priority:0] with OzoneManagerStateMachine:uninitialized
2022-05-15 13:39:41,218 [pool-51-thread-1] INFO  server.RaftServerConfigKeys (ConfUtils.java:logGet(44)) - raft.server.rpc.timeout.min = 1s (custom)
2022-05-15 13:39:41,219 [pool-51-thread-1] INFO  server.RaftServerConfigKeys (ConfUtils.java:logGet(44)) - raft.server.rpc.timeout.max = 1200ms (custom)
2022-05-15 13:39:41,219 [pool-51-thread-1] INFO  server.RaftServerConfigKeys (ConfUtils.java:logGet(44)) - raft.server.rpc.sleep.time = 25ms (default)
2022-05-15 13:39:41,219 [pool-51-thread-1] INFO  server.RaftServerConfigKeys (ConfUtils.java:logGet(44)) - raft.server.rpc.slowness.timeout = 120s (custom)
2022-05-15 13:39:41,219 [pool-51-thread-1] INFO  server.RaftServerConfigKeys (ConfUtils.java:logGet(44)) - raft.server.leaderelection.leader.step-down.wait-time = 10s (default)
2022-05-15 13:39:41,219 [pool-51-thread-1] INFO  server.RaftServerConfigKeys (ConfUtils.java:logGet(44)) - raft.server.sleep.deviation.threshold = 300ms (default)
2022-05-15 13:39:41,220 [pool-51-thread-1] INFO  server.RaftServerConfigKeys (ConfUtils.java:logGet(44)) - raft.server.log.appender.install.snapshot.enabled = false (custom)
2022-05-15 13:39:41,227 [pool-51-thread-1] INFO  server.RaftServer$Division (ServerState.java:<init>(105)) - om1@group-C5BA1605619E: ConfigurationManager, init=-1: [om1|rpc:localhost:9872|priority:0], old=null, confs=<EMPTY_MAP>
2022-05-15 13:39:41,235 [pool-51-thread-1] INFO  server.RaftServerConfigKeys (ConfUtils.java:logGet(44)) - raft.server.storage.dir = [/home/runner/work/ozone/ozone/hadoop-ozone/integration-test/target/test-dir/MiniOzoneClusterImpl-ba3764b4-de25-422b-9e99-6273bea7feb0/ozone-meta/ratis] (custom)
2022-05-15 13:39:41,241 [pool-51-thread-1] INFO  server.RaftServerConfigKeys (ConfUtils.java:logGet(44)) - raft.server.log.corruption.policy = EXCEPTION (default)
2022-05-15 13:39:41,241 [pool-51-thread-1] INFO  server.RaftServerConfigKeys (ConfUtils.java:logGet(44)) - raft.server.storage.free-space.min = 0MB (=0) (default)
2022-05-15 13:39:41,253 [pool-51-thread-1] INFO  storage.RaftStorageDirectory (RaftStorageDirectoryImpl.java:analyzeStorage(135)) - The storage directory /home/runner/work/ozone/ozone/hadoop-ozone/integration-test/target/test-dir/MiniOzoneClusterImpl-ba3764b4-de25-422b-9e99-6273bea7feb0/ozone-meta/ratis/bf265839-605b-3f16-9796-c5ba1605619e does not exist. Creating ...
2022-05-15 13:39:41,258 [pool-51-thread-1] INFO  storage.RaftStorageDirectory (RaftStorageDirectoryImpl.java:tryLock(230)) - Lock on /home/runner/work/ozone/ozone/hadoop-ozone/integration-test/target/test-dir/MiniOzoneClusterImpl-ba3764b4-de25-422b-9e99-6273bea7feb0/ozone-meta/ratis/bf265839-605b-3f16-9796-c5ba1605619e/in_use.lock acquired by nodename 19587@fv-az40-973
2022-05-15 13:39:41,277 [pool-51-thread-1] INFO  storage.RaftStorage (RaftStorageImpl.java:format(89)) - Storage directory /home/runner/work/ozone/ozone/hadoop-ozone/integration-test/target/test-dir/MiniOzoneClusterImpl-ba3764b4-de25-422b-9e99-6273bea7feb0/ozone-meta/ratis/bf265839-605b-3f16-9796-c5ba1605619e has been successfully formatted.
2022-05-15 13:39:41,279 [pool-51-thread-1] INFO  server.RaftServerConfigKeys (ConfUtils.java:logGet(44)) - raft.server.notification.no-leader.timeout = 120s (custom)
2022-05-15 13:39:41,281 [pool-51-thread-1] INFO  server.RaftServerConfigKeys (ConfUtils.java:logGet(44)) - raft.server.log.use.memory = false (default)
2022-05-15 13:39:41,305 [pool-51-thread-1] INFO  server.RaftServerConfigKeys (ConfUtils.java:logGet(44)) - raft.server.log.purge.gap = 1000000 (custom)
2022-05-15 13:39:41,305 [pool-51-thread-1] INFO  server.RaftServerConfigKeys (ConfUtils.java:logGet(44)) - raft.server.log.appender.buffer.byte-limit = 33554432 (custom)
2022-05-15 13:39:41,321 [pool-51-thread-1] INFO  server.RaftServerConfigKeys (ConfUtils.java:logGet(44)) - raft.server.log.segment.size.max = 4194304 (custom)
2022-05-15 13:39:41,329 [pool-51-thread-1] INFO  server.RaftServerConfigKeys (ConfUtils.java:logGet(44)) - raft.server.log.segment.cache.num.max = 2 (custom)
2022-05-15 13:39:41,330 [pool-51-thread-1] INFO  server.RaftServerConfigKeys (ConfUtils.java:logGet(44)) - raft.server.log.segment.cache.size.max = 200MB (=209715200) (default)
2022-05-15 13:39:41,335 [pool-51-thread-1] INFO  segmented.SegmentedRaftLogWorker (SegmentedRaftLogWorker.java:<init>(182)) - new om1@group-C5BA1605619E-SegmentedRaftLogWorker for RaftStorageImpl:Storage Directory /home/runner/work/ozone/ozone/hadoop-ozone/integration-test/target/test-dir/MiniOzoneClusterImpl-ba3764b4-de25-422b-9e99-6273bea7feb0/ozone-meta/ratis/bf265839-605b-3f16-9796-c5ba1605619e
2022-05-15 13:39:41,335 [pool-51-thread-1] INFO  server.RaftServerConfigKeys (ConfUtils.java:logGet(44)) - raft.server.log.queue.byte-limit = 64MB (=67108864) (default)
2022-05-15 13:39:41,336 [pool-51-thread-1] INFO  server.RaftServerConfigKeys (ConfUtils.java:logGet(44)) - raft.server.log.queue.element-limit = 4096 (default)
2022-05-15 13:39:41,337 [pool-51-thread-1] INFO  server.RaftServerConfigKeys (ConfUtils.java:logGet(44)) - raft.server.log.segment.size.max = 4194304 (custom)
2022-05-15 13:39:41,337 [pool-51-thread-1] INFO  server.RaftServerConfigKeys (ConfUtils.java:logGet(44)) - raft.server.log.preallocated.size = 4194304 (custom)
2022-05-15 13:39:41,337 [pool-51-thread-1] INFO  server.RaftServerConfigKeys (ConfUtils.java:logGet(44)) - raft.server.log.force.sync.num = 128 (default)
2022-05-15 13:39:41,339 [pool-51-thread-1] INFO  server.RaftServerConfigKeys (ConfUtils.java:logGet(44)) - raft.server.log.statemachine.data.sync = true (default)
2022-05-15 13:39:41,339 [pool-51-thread-1] INFO  server.RaftServerConfigKeys (ConfUtils.java:logGet(44)) - raft.server.log.statemachine.data.sync.timeout = 10s (default)
2022-05-15 13:39:41,340 [pool-51-thread-1] INFO  server.RaftServerConfigKeys (ConfUtils.java:logGet(44)) - raft.server.log.statemachine.data.sync.timeout.retry = -1 (default)
2022-05-15 13:39:41,350 [pool-51-thread-1] INFO  server.RaftServerConfigKeys (ConfUtils.java:logGet(44)) - raft.server.log.write.buffer.size = 64KB (=65536) (default)
2022-05-15 13:39:41,350 [pool-51-thread-1] INFO  server.RaftServerConfigKeys (ConfUtils.java:logGet(44)) - raft.server.log.statemachine.data.caching.enabled = false (default)
2022-05-15 13:39:41,356 [pool-51-thread-1] INFO  segmented.SegmentedRaftLogWorker (SegmentedRaftLogWorker.java:lambda$new$0(133)) - om1@group-C5BA1605619E-SegmentedRaftLogWorker: flushIndex: setUnconditionally 0 -> -1
2022-05-15 13:39:41,356 [pool-51-thread-1] INFO  segmented.SegmentedRaftLogWorker (SegmentedRaftLogWorker.java:lambda$new$0(133)) - om1@group-C5BA1605619E-SegmentedRaftLogWorker: safeCacheEvictIndex: setUnconditionally 0 -> -1
2022-05-15 13:39:41,365 [pool-51-thread-1] INFO  server.RaftServerConfigKeys (ConfUtils.java:logGet(44)) - raft.server.snapshot.auto.trigger.enabled = true (custom)
2022-05-15 13:39:41,367 [pool-51-thread-1] INFO  server.RaftServerConfigKeys (ConfUtils.java:logGet(44)) - raft.server.snapshot.auto.trigger.threshold = 400000 (default)
2022-05-15 13:39:41,368 [pool-51-thread-1] INFO  server.RaftServerConfigKeys (ConfUtils.java:logGet(44)) - raft.server.snapshot.retention.file.num = -1 (default)
2022-05-15 13:39:41,369 [pool-51-thread-1] INFO  server.RaftServerConfigKeys (ConfUtils.java:logGet(44)) - raft.server.log.purge.upto.snapshot.index = true (custom)
2022-05-15 13:39:41,370 [pool-51-thread-1] INFO  server.RaftServerConfigKeys (ConfUtils.java:logGet(44)) - raft.server.retrycache.expirytime = 300s (custom)
2022-05-15 13:39:41,370 [pool-51-thread-1] INFO  server.RaftServerConfigKeys (ConfUtils.java:logGet(44)) - raft.server.retrycache.statistics.expirytime = 100μs (default)
2022-05-15 13:39:41,752 [Listener at 0.0.0.0/46695] INFO  reflections.Reflections (Reflections.java:scan(232)) - Reflections took 494 ms to scan 19 urls, producing 61 keys and 3686 values [using 2 cores]
2022-05-15 13:39:41,879 [Listener at 0.0.0.0/46695] INFO  ipc.CallQueueManager (CallQueueManager.java:<init>(90)) - Using callQueue: class java.util.concurrent.LinkedBlockingQueue, queueCapacity: 2000, scheduler: class org.apache.hadoop.ipc.DefaultRpcScheduler, ipcBackoff: false.
2022-05-15 13:39:41,880 [Socket Reader #1 for port 0] INFO  ipc.Server (Server.java:run(1265)) - Starting Socket Reader #1 for port 0
2022-05-15 13:39:41,938 [Listener at 127.0.0.1/34203] INFO  impl.MetricsSystemImpl (MetricsSystemImpl.java:init(158)) - OzoneManager metrics system started (again)
2022-05-15 13:39:41,957 [Listener at 127.0.0.1/34203] INFO  om.OzoneManager (OzoneManager.java:start(1405)) - OzoneManager RPC server is listening at localhost/127.0.0.1:34203
2022-05-15 13:39:41,957 [Listener at 127.0.0.1/34203] INFO  ratis.OzoneManagerRatisServer (OzoneManagerRatisServer.java:start(554)) - Starting OzoneManagerRatisServer om1 at port 9872
2022-05-15 13:39:41,960 [Listener at 127.0.0.1/34203] INFO  server.RaftServer$Division (RaftServerImpl.java:start(301)) - om1@group-C5BA1605619E: start as a follower, conf=-1: [om1|rpc:localhost:9872|priority:0], old=null
2022-05-15 13:39:41,967 [Listener at 127.0.0.1/34203] INFO  server.RaftServer$Division (RaftServerImpl.java:setRole(290)) - om1@group-C5BA1605619E: changes role from      null to FOLLOWER at term 0 for startAsFollower
2022-05-15 13:39:41,968 [Listener at 127.0.0.1/34203] INFO  impl.RoleInfo (RoleInfo.java:updateAndGet(130)) - om1: start om1@group-C5BA1605619E-FollowerState
2022-05-15 13:39:41,974 [Listener at 127.0.0.1/34203] INFO  util.JmxRegister (JmxRegister.java:tryRegister(44)) - Successfully registered JMX Bean with object name Ratis:service=RaftServer,group=group-C5BA1605619E,id=om1
2022-05-15 13:39:41,985 [Listener at 127.0.0.1/34203] INFO  server.RaftServer (RaftServerProxy.java:lambda$start$5(374)) - om1: start RPC server
2022-05-15 13:39:42,042 [Listener at 127.0.0.1/34203] INFO  server.GrpcService (GrpcService.java:startImpl(253)) - om1: GrpcService started, listening on 9872
2022-05-15 13:39:42,044 [org.apache.ratis.util.JvmPauseMonitor$$Lambda$622/1489821748@58830b31] INFO  util.JvmPauseMonitor (JvmPauseMonitor.java:run(103)) - JvmPauseMonitor-om1: Started
2022-05-15 13:39:42,044 [Listener at 127.0.0.1/34203] INFO  om.OzoneManager (OzoneManager.java:start(1421)) - Version File has different layout version (2) than OM DB (null). That is expected if this OM has never been finalized to a newer layout version.
2022-05-15 13:39:42,070 [Listener at 127.0.0.1/34203] INFO  http.BaseHttpServer (BaseHttpServer.java:newHttpServer2BuilderForOzone(209)) - Starting Web-server for ozoneManager at: http://0.0.0.0:0
2022-05-15 13:39:42,070 [Listener at 127.0.0.1/34203] INFO  http.BaseHttpServer (BaseHttpServer.java:<init>(107)) - Hadoop Security Enabled: false Ozone Security Enabled: false Ozone HTTP Security Enabled: false 
2022-05-15 13:39:42,072 [Listener at 127.0.0.1/34203] INFO  server.AuthenticationFilter (AuthenticationFilter.java:constructSecretProvider(240)) - Unable to initialize FileSignerSecretProvider, falling back to use random secrets.
2022-05-15 13:39:42,075 [Listener at 127.0.0.1/34203] WARN  http.HttpRequestLog (HttpRequestLog.java:getRequestLog(103)) - Jetty request log can only be enabled using Log4j
2022-05-15 13:39:42,076 [Listener at 127.0.0.1/34203] INFO  http.HttpServer2 (HttpServer2.java:addGlobalFilter(1030)) - Added global filter 'safety' (class=org.apache.hadoop.hdds.server.http.HttpServer2$QuotingInputFilter)
2022-05-15 13:39:42,077 [Listener at 127.0.0.1/34203] INFO  http.HttpServer2 (HttpServer2.java:addFilter(1006)) - Added filter static_user_filter (class=org.apache.hadoop.http.lib.StaticUserWebFilter$StaticUserFilter) to context ozoneManager
2022-05-15 13:39:42,077 [Listener at 127.0.0.1/34203] INFO  http.HttpServer2 (HttpServer2.java:addFilter(1014)) - Added filter static_user_filter (class=org.apache.hadoop.http.lib.StaticUserWebFilter$StaticUserFilter) to context static
2022-05-15 13:39:42,078 [Listener at 127.0.0.1/34203] INFO  http.HttpServer2 (HttpServer2.java:addFilter(1014)) - Added filter static_user_filter (class=org.apache.hadoop.http.lib.StaticUserWebFilter$StaticUserFilter) to context logs
2022-05-15 13:39:42,079 [Listener at 127.0.0.1/34203] INFO  http.HttpServer2 (HttpServer2.java:bindListener(1249)) - Jetty bound to port 42949
2022-05-15 13:39:42,080 [Listener at 127.0.0.1/34203] INFO  server.Server (Server.java:doStart(375)) - jetty-9.4.43.v20210629; built: 2021-06-30T11:07:22.254Z; git: 526006ecfa3af7f1a27ef3a288e2bef7ea9dd7e8; jvm 1.8.0_332-b09
2022-05-15 13:39:42,082 [Listener at 127.0.0.1/34203] INFO  server.session (DefaultSessionIdManager.java:doStart(334)) - DefaultSessionIdManager workerName=node0
2022-05-15 13:39:42,083 [Listener at 127.0.0.1/34203] INFO  server.session (DefaultSessionIdManager.java:doStart(339)) - No SessionScavenger set, using defaults
2022-05-15 13:39:42,083 [Listener at 127.0.0.1/34203] INFO  server.session (HouseKeeper.java:startScavenging(132)) - node0 Scavenging every 600000ms
2022-05-15 13:39:42,084 [Listener at 127.0.0.1/34203] INFO  handler.ContextHandler (ContextHandler.java:doStart(915)) - Started o.e.j.s.ServletContextHandler@56482084{logs,/logs,file:///home/runner/work/ozone/ozone/hadoop-ozone/integration-test/target/log,AVAILABLE}
2022-05-15 13:39:42,084 [Listener at 127.0.0.1/34203] INFO  handler.ContextHandler (ContextHandler.java:doStart(915)) - Started o.e.j.s.ServletContextHandler@4add8b8d{static,/static,file:///home/runner/work/ozone/ozone/hadoop-ozone/integration-test/target/test-classes/webapps/static,AVAILABLE}
2022-05-15 13:39:42,088 [Listener at 127.0.0.1/34203] INFO  handler.ContextHandler (ContextHandler.java:doStart(915)) - Started o.e.j.w.WebAppContext@2473eaa8{ozoneManager,/,file:///home/runner/work/ozone/ozone/hadoop-ozone/integration-test/target/test-classes/webapps/ozoneManager/,AVAILABLE}{file:/home/runner/work/ozone/ozone/hadoop-ozone/integration-test/target/test-classes/webapps/ozoneManager}
2022-05-15 13:39:42,094 [Listener at 127.0.0.1/34203] INFO  server.AbstractConnector (AbstractConnector.java:doStart(331)) - Started ServerConnector@f532961{HTTP/1.1, (http/1.1)}{0.0.0.0:42949}
2022-05-15 13:39:42,094 [Listener at 127.0.0.1/34203] INFO  server.Server (Server.java:doStart(415)) - Started @6208ms
2022-05-15 13:39:42,094 [Listener at 127.0.0.1/34203] WARN  impl.MetricsSystemImpl (MetricsSystemImpl.java:register(279)) - Sink prometheus already exists!
2022-05-15 13:39:42,095 [Listener at 127.0.0.1/34203] INFO  http.BaseHttpServer (BaseHttpServer.java:updateConnectorAddress(329)) - HTTP server of ozoneManager listening at http://0.0.0.0:42949
2022-05-15 13:39:42,095 [IPC Server Responder] INFO  ipc.Server (Server.java:run(1507)) - IPC Server Responder: starting
2022-05-15 13:39:42,095 [IPC Server listener on 0] INFO  ipc.Server (Server.java:run(1344)) - IPC Server listener on 0: starting
2022-05-15 13:39:42,101 [Listener at 127.0.0.1/34203] INFO  om.OzoneManager (OzoneManager.java:startTrashEmptier(1845)) - Trash Interval set to 0. Files deleted won't move to trash
2022-05-15 13:39:42,117 [org.apache.hadoop.util.JvmPauseMonitor$Monitor@3d2ee1a8] INFO  util.JvmPauseMonitor (JvmPauseMonitor.java:run(188)) - Starting JVM pause monitor
2022-05-15 13:39:42,240 [Listener at 127.0.0.1/34203] WARN  impl.MetricRegistriesImpl (MetricRegistriesImpl.java:addReporterRegistration(111)) - New reporters are added after registries were created. Some metrics will be missing from the reporter. Please add reporter before adding any new registry.
2022-05-15 13:39:42,240 [Listener at 127.0.0.1/34203] WARN  impl.MetricRegistriesImpl (MetricRegistriesImpl.java:addReporterRegistration(111)) - New reporters are added after registries were created. Some metrics will be missing from the reporter. Please add reporter before adding any new registry.
2022-05-15 13:39:42,240 [Listener at 127.0.0.1/34203] INFO  impl.MetricsSystemImpl (MetricsSystemImpl.java:init(158)) - HddsDatanode metrics system started (again)
2022-05-15 13:39:42,255 [Listener at 127.0.0.1/34203] INFO  ozone.HddsDatanodeService (HddsDatanodeService.java:start(236)) - HddsDatanodeService host:fv-az40-973.r1qzdtoifymehf5jtx2d0vwyfg.bx.internal.cloudapp.net ip:10.1.0.20
2022-05-15 13:39:42,284 [Listener at 127.0.0.1/34203] INFO  upgrade.AbstractLayoutVersionManager (AbstractLayoutVersionManager.java:init(79)) - Initializing Layout version manager with metadata layout = ERASURE_CODED_STORAGE_SUPPORT (version = 3), software layout = ERASURE_CODED_STORAGE_SUPPORT (version = 3)
2022-05-15 13:39:42,324 [Listener at 127.0.0.1/34203] INFO  reflections.Reflections (Reflections.java:scan(232)) - Reflections took 37 ms to scan 7 urls, producing 126 keys and 289 values 
2022-05-15 13:39:42,327 [Listener at 127.0.0.1/34203] INFO  statemachine.DatanodeStateMachine (DatanodeStateMachine.java:getEndPointTaskThreadPoolSize(224)) - Datanode State Machine Task Thread Pool size 2
2022-05-15 13:39:42,504 [Listener at 127.0.0.1/34203] INFO  volume.HddsVolume (HddsVolume.java:<init>(120)) - Creating HddsVolume: /home/runner/work/ozone/ozone/hadoop-ozone/integration-test/target/test-dir/MiniOzoneClusterImpl-ba3764b4-de25-422b-9e99-6273bea7feb0/datanode-0/data-0/containers/hdds of storage type : DISK capacity : 9223372036854775807
2022-05-15 13:39:42,506 [Listener at 127.0.0.1/34203] INFO  volume.MutableVolumeSet (MutableVolumeSet.java:initializeVolumeSet(168)) - Added Volume : /home/runner/work/ozone/ozone/hadoop-ozone/integration-test/target/test-dir/MiniOzoneClusterImpl-ba3764b4-de25-422b-9e99-6273bea7feb0/datanode-0/data-0/containers/hdds to VolumeSet
2022-05-15 13:39:42,507 [Listener at 127.0.0.1/34203] INFO  volume.ThrottledAsyncChecker (ThrottledAsyncChecker.java:schedule(141)) - Scheduling a check for /home/runner/work/ozone/ozone/hadoop-ozone/integration-test/target/test-dir/MiniOzoneClusterImpl-ba3764b4-de25-422b-9e99-6273bea7feb0/datanode-0/data-0/containers/hdds
2022-05-15 13:39:42,529 [Listener at 127.0.0.1/34203] INFO  volume.StorageVolumeChecker (StorageVolumeChecker.java:checkAllVolumes(202)) - Scheduled health check for volume /home/runner/work/ozone/ozone/hadoop-ozone/integration-test/target/test-dir/MiniOzoneClusterImpl-ba3764b4-de25-422b-9e99-6273bea7feb0/datanode-0/data-0/containers/hdds
2022-05-15 13:39:42,554 [Listener at 127.0.0.1/34203] INFO  volume.MutableVolumeSet (MutableVolumeSet.java:initializeVolumeSet(168)) - Added Volume : /home/runner/work/ozone/ozone/hadoop-ozone/integration-test/target/test-dir/MiniOzoneClusterImpl-ba3764b4-de25-422b-9e99-6273bea7feb0/datanode-0/data/ratis to VolumeSet
2022-05-15 13:39:42,554 [Listener at 127.0.0.1/34203] INFO  volume.ThrottledAsyncChecker (ThrottledAsyncChecker.java:schedule(141)) - Scheduling a check for /home/runner/work/ozone/ozone/hadoop-ozone/integration-test/target/test-dir/MiniOzoneClusterImpl-ba3764b4-de25-422b-9e99-6273bea7feb0/datanode-0/data/ratis
2022-05-15 13:39:42,554 [Listener at 127.0.0.1/34203] INFO  volume.StorageVolumeChecker (StorageVolumeChecker.java:checkAllVolumes(202)) - Scheduled health check for volume /home/runner/work/ozone/ozone/hadoop-ozone/integration-test/target/test-dir/MiniOzoneClusterImpl-ba3764b4-de25-422b-9e99-6273bea7feb0/datanode-0/data/ratis
2022-05-15 13:39:42,581 [Thread-131] INFO  ozoneimpl.ContainerReader (ContainerReader.java:readVolume(172)) - Finish verifying containers on volume /home/runner/work/ozone/ozone/hadoop-ozone/integration-test/target/test-dir/MiniOzoneClusterImpl-ba3764b4-de25-422b-9e99-6273bea7feb0/datanode-0/data-0/containers/hdds
2022-05-15 13:39:42,581 [Listener at 127.0.0.1/34203] INFO  ozoneimpl.OzoneContainer (OzoneContainer.java:buildContainerSet(257)) - Build ContainerSet costs 0s
2022-05-15 13:39:42,631 [Listener at 127.0.0.1/34203] INFO  audit.AuditLogger (AuditLogger.java:refreshDebugCmdSet(120)) - Refresh DebugCmdSet for DNAudit to [].
2022-05-15 13:39:42,660 [Listener at 127.0.0.1/34203] INFO  server.RaftServer (ConfUtils.java:logGet(44)) - raft.rpc.type = GRPC (default)
2022-05-15 13:39:42,661 [Listener at 127.0.0.1/34203] INFO  grpc.GrpcFactory (GrpcFactory.java:checkPooledByteBufAllocatorUseCacheForAllThreads(48)) - PERFORMANCE WARNING: useCacheForAllThreads is true that may cause Netty to create a lot garbage objects and, as a result, trigger GC.
	It is recommended to disable useCacheForAllThreads by setting -Dorg.apache.ratis.thirdparty.io.netty.allocator.useCacheForAllThreads=false in command line.
2022-05-15 13:39:42,661 [Listener at 127.0.0.1/34203] INFO  grpc.GrpcConfigKeys (ConfUtils.java:logGet(44)) - raft.grpc.admin.port = 0 (custom)
2022-05-15 13:39:42,661 [Listener at 127.0.0.1/34203] INFO  grpc.GrpcConfigKeys (ConfUtils.java:logGet(44)) - raft.grpc.client.port = 0 (custom)
2022-05-15 13:39:42,661 [Listener at 127.0.0.1/34203] INFO  grpc.GrpcConfigKeys (ConfUtils.java:logGet(44)) - raft.grpc.server.port = 0 (default)
2022-05-15 13:39:42,661 [Listener at 127.0.0.1/34203] INFO  server.GrpcService (ConfUtils.java:logGet(44)) - raft.grpc.message.size.max = 32MB (=33554432) (custom)
2022-05-15 13:39:42,662 [Listener at 127.0.0.1/34203] INFO  server.RaftServerConfigKeys (ConfUtils.java:logGet(44)) - raft.server.log.appender.buffer.byte-limit = 33554432 (custom)
2022-05-15 13:39:42,662 [Listener at 127.0.0.1/34203] INFO  server.GrpcService (ConfUtils.java:logGet(44)) - raft.grpc.flow.control.window = 5MB (=5242880) (custom)
2022-05-15 13:39:42,662 [Listener at 127.0.0.1/34203] INFO  server.RaftServerConfigKeys (ConfUtils.java:logGet(44)) - raft.server.rpc.request.timeout = 60s (custom)
2022-05-15 13:39:42,663 [Listener at 127.0.0.1/34203] INFO  impl.DataStreamServerImpl (ConfUtils.java:logGet(44)) - raft.datastream.type = DISABLED (default)
2022-05-15 13:39:42,664 [Listener at 127.0.0.1/34203] INFO  server.RaftServerConfigKeys (ConfUtils.java:logGet(44)) - raft.server.rpc.slowness.timeout = 300s (custom)
2022-05-15 13:39:42,664 [Listener at 127.0.0.1/34203] INFO  server.RaftServerConfigKeys (ConfUtils.java:logGet(44)) - raft.server.leaderelection.leader.step-down.wait-time = 10s (default)
2022-05-15 13:39:42,664 [Listener at 127.0.0.1/34203] INFO  server.RaftServerConfigKeys (ConfUtils.java:logGet(44)) - raft.server.storage.dir = [/home/runner/work/ozone/ozone/hadoop-ozone/integration-test/target/test-dir/MiniOzoneClusterImpl-ba3764b4-de25-422b-9e99-6273bea7feb0/datanode-0/data/ratis] (custom)
2022-05-15 13:39:42,681 [Listener at 127.0.0.1/34203] INFO  server.XceiverServerGrpc (XceiverServerGrpc.java:<init>(132)) - GrpcServer channel type EpollServerSocketChannel
2022-05-15 13:39:42,730 [Listener at 127.0.0.1/34203] INFO  http.BaseHttpServer (BaseHttpServer.java:newHttpServer2BuilderForOzone(209)) - Starting Web-server for hddsDatanode at: http://0.0.0.0:0
2022-05-15 13:39:42,731 [Listener at 127.0.0.1/34203] INFO  http.BaseHttpServer (BaseHttpServer.java:<init>(107)) - Hadoop Security Enabled: false Ozone Security Enabled: false Ozone HTTP Security Enabled: false 
2022-05-15 13:39:42,733 [Listener at 127.0.0.1/34203] INFO  server.AuthenticationFilter (AuthenticationFilter.java:constructSecretProvider(240)) - Unable to initialize FileSignerSecretProvider, falling back to use random secrets.
2022-05-15 13:39:42,733 [Listener at 127.0.0.1/34203] WARN  http.HttpRequestLog (HttpRequestLog.java:getRequestLog(103)) - Jetty request log can only be enabled using Log4j
2022-05-15 13:39:42,734 [Listener at 127.0.0.1/34203] INFO  http.HttpServer2 (HttpServer2.java:addGlobalFilter(1030)) - Added global filter 'safety' (class=org.apache.hadoop.hdds.server.http.HttpServer2$QuotingInputFilter)
2022-05-15 13:39:42,735 [Listener at 127.0.0.1/34203] INFO  http.HttpServer2 (HttpServer2.java:addFilter(1006)) - Added filter static_user_filter (class=org.apache.hadoop.http.lib.StaticUserWebFilter$StaticUserFilter) to context hddsDatanode
2022-05-15 13:39:42,735 [Listener at 127.0.0.1/34203] INFO  http.HttpServer2 (HttpServer2.java:addFilter(1014)) - Added filter static_user_filter (class=org.apache.hadoop.http.lib.StaticUserWebFilter$StaticUserFilter) to context logs
2022-05-15 13:39:42,735 [Listener at 127.0.0.1/34203] INFO  http.HttpServer2 (HttpServer2.java:addFilter(1014)) - Added filter static_user_filter (class=org.apache.hadoop.http.lib.StaticUserWebFilter$StaticUserFilter) to context static
2022-05-15 13:39:42,736 [Listener at 127.0.0.1/34203] INFO  http.HttpServer2 (HttpServer2.java:bindListener(1249)) - Jetty bound to port 33225
2022-05-15 13:39:42,736 [Listener at 127.0.0.1/34203] INFO  server.Server (Server.java:doStart(375)) - jetty-9.4.43.v20210629; built: 2021-06-30T11:07:22.254Z; git: 526006ecfa3af7f1a27ef3a288e2bef7ea9dd7e8; jvm 1.8.0_332-b09
2022-05-15 13:39:42,743 [Listener at 127.0.0.1/34203] INFO  server.session (DefaultSessionIdManager.java:doStart(334)) - DefaultSessionIdManager workerName=node0
2022-05-15 13:39:42,743 [Listener at 127.0.0.1/34203] INFO  server.session (DefaultSessionIdManager.java:doStart(339)) - No SessionScavenger set, using defaults
2022-05-15 13:39:42,743 [Listener at 127.0.0.1/34203] INFO  server.session (HouseKeeper.java:startScavenging(132)) - node0 Scavenging every 600000ms
2022-05-15 13:39:42,744 [Listener at 127.0.0.1/34203] INFO  handler.ContextHandler (ContextHandler.java:doStart(915)) - Started o.e.j.s.ServletContextHandler@583b844{logs,/logs,file:///home/runner/work/ozone/ozone/hadoop-ozone/integration-test/target/log,AVAILABLE}
2022-05-15 13:39:42,745 [Listener at 127.0.0.1/34203] INFO  handler.ContextHandler (ContextHandler.java:doStart(915)) - Started o.e.j.s.ServletContextHandler@482ac036{static,/static,jar:file:/home/runner/.m2/repository/org/apache/ozone/hdds-container-service/1.3.0-SNAPSHOT/hdds-container-service-1.3.0-SNAPSHOT.jar!/webapps/static,AVAILABLE}
2022-05-15 13:39:42,927 [Listener at 127.0.0.1/34203] INFO  handler.ContextHandler (ContextHandler.java:doStart(915)) - Started o.e.j.w.WebAppContext@306927de{hddsDatanode,/,file:///tmp/jetty-0_0_0_0-33225-hdds-container-service-1_3_0-SNAPSHOT_jar-_-any-8001380211624581444/webapp/,AVAILABLE}{jar:file:/home/runner/.m2/repository/org/apache/ozone/hdds-container-service/1.3.0-SNAPSHOT/hdds-container-service-1.3.0-SNAPSHOT.jar!/webapps/hddsDatanode}
2022-05-15 13:39:42,928 [Listener at 127.0.0.1/34203] INFO  server.AbstractConnector (AbstractConnector.java:doStart(331)) - Started ServerConnector@431147cb{HTTP/1.1, (http/1.1)}{0.0.0.0:33225}
2022-05-15 13:39:42,929 [Listener at 127.0.0.1/34203] INFO  server.Server (Server.java:doStart(415)) - Started @7043ms
2022-05-15 13:39:42,929 [Listener at 127.0.0.1/34203] WARN  impl.MetricsSystemImpl (MetricsSystemImpl.java:register(279)) - Sink prometheus already exists!
2022-05-15 13:39:42,930 [Listener at 127.0.0.1/34203] INFO  http.BaseHttpServer (BaseHttpServer.java:updateConnectorAddress(329)) - HTTP server of hddsDatanode listening at http://0.0.0.0:33225
2022-05-15 13:39:42,932 [Datanode State Machine Daemon Thread] INFO  statemachine.DatanodeStateMachine (DatanodeStateMachine.java:lambda$startDaemon$0(472)) - Ozone container server started.
2022-05-15 13:39:42,932 [Listener at 127.0.0.1/34203] WARN  impl.MetricRegistriesImpl (MetricRegistriesImpl.java:addReporterRegistration(111)) - New reporters are added after registries were created. Some metrics will be missing from the reporter. Please add reporter before adding any new registry.
2022-05-15 13:39:42,932 [Listener at 127.0.0.1/34203] WARN  impl.MetricRegistriesImpl (MetricRegistriesImpl.java:addReporterRegistration(111)) - New reporters are added after registries were created. Some metrics will be missing from the reporter. Please add reporter before adding any new registry.
2022-05-15 13:39:42,933 [Listener at 127.0.0.1/34203] INFO  impl.MetricsSystemImpl (MetricsSystemImpl.java:init(158)) - HddsDatanode metrics system started (again)
2022-05-15 13:39:42,945 [Listener at 127.0.0.1/34203] INFO  ozone.HddsDatanodeService (HddsDatanodeService.java:start(236)) - HddsDatanodeService host:fv-az40-973.r1qzdtoifymehf5jtx2d0vwyfg.bx.internal.cloudapp.net ip:10.1.0.20
2022-05-15 13:39:42,969 [Listener at 127.0.0.1/34203] INFO  upgrade.AbstractLayoutVersionManager (AbstractLayoutVersionManager.java:init(79)) - Initializing Layout version manager with metadata layout = ERASURE_CODED_STORAGE_SUPPORT (version = 3), software layout = ERASURE_CODED_STORAGE_SUPPORT (version = 3)
2022-05-15 13:39:42,978 [org.apache.hadoop.util.JvmPauseMonitor$Monitor@27a5e941] INFO  util.JvmPauseMonitor (JvmPauseMonitor.java:run(188)) - Starting JVM pause monitor
2022-05-15 13:39:43,052 [Listener at 127.0.0.1/34203] INFO  reflections.Reflections (Reflections.java:scan(232)) - Reflections took 81 ms to scan 7 urls, producing 126 keys and 289 values 
2022-05-15 13:39:43,056 [om1@group-C5BA1605619E-FollowerState] INFO  impl.FollowerState (FollowerState.java:run(134)) - om1@group-C5BA1605619E-FollowerState: change to CANDIDATE, lastRpcElapsedTime:1088565518ns, electionTimeout:1082ms
2022-05-15 13:39:43,057 [om1@group-C5BA1605619E-FollowerState] INFO  impl.RoleInfo (RoleInfo.java:shutdownFollowerState(108)) - om1: shutdown om1@group-C5BA1605619E-FollowerState
2022-05-15 13:39:43,059 [om1@group-C5BA1605619E-FollowerState] INFO  server.RaftServer$Division (RaftServerImpl.java:setRole(290)) - om1@group-C5BA1605619E: changes role from  FOLLOWER to CANDIDATE at term 0 for changeToCandidate
2022-05-15 13:39:43,061 [om1@group-C5BA1605619E-FollowerState] INFO  server.RaftServerConfigKeys (ConfUtils.java:logGet(44)) - raft.server.leaderelection.pre-vote = false (custom)
2022-05-15 13:39:43,061 [om1@group-C5BA1605619E-FollowerState] INFO  impl.RoleInfo (RoleInfo.java:updateAndGet(130)) - om1: start om1@group-C5BA1605619E-LeaderElection1
2022-05-15 13:39:43,070 [Listener at 127.0.0.1/34203] INFO  statemachine.DatanodeStateMachine (DatanodeStateMachine.java:getEndPointTaskThreadPoolSize(224)) - Datanode State Machine Task Thread Pool size 2
2022-05-15 13:39:43,075 [Listener at 127.0.0.1/34203] INFO  volume.HddsVolume (HddsVolume.java:<init>(120)) - Creating HddsVolume: /home/runner/work/ozone/ozone/hadoop-ozone/integration-test/target/test-dir/MiniOzoneClusterImpl-ba3764b4-de25-422b-9e99-6273bea7feb0/datanode-1/data-0/containers/hdds of storage type : DISK capacity : 9223372036854775807
2022-05-15 13:39:43,076 [Listener at 127.0.0.1/34203] INFO  volume.MutableVolumeSet (MutableVolumeSet.java:initializeVolumeSet(168)) - Added Volume : /home/runner/work/ozone/ozone/hadoop-ozone/integration-test/target/test-dir/MiniOzoneClusterImpl-ba3764b4-de25-422b-9e99-6273bea7feb0/datanode-1/data-0/containers/hdds to VolumeSet
2022-05-15 13:39:43,076 [Listener at 127.0.0.1/34203] INFO  volume.ThrottledAsyncChecker (ThrottledAsyncChecker.java:schedule(141)) - Scheduling a check for /home/runner/work/ozone/ozone/hadoop-ozone/integration-test/target/test-dir/MiniOzoneClusterImpl-ba3764b4-de25-422b-9e99-6273bea7feb0/datanode-1/data-0/containers/hdds
2022-05-15 13:39:43,079 [Listener at 127.0.0.1/34203] INFO  volume.StorageVolumeChecker (StorageVolumeChecker.java:checkAllVolumes(202)) - Scheduled health check for volume /home/runner/work/ozone/ozone/hadoop-ozone/integration-test/target/test-dir/MiniOzoneClusterImpl-ba3764b4-de25-422b-9e99-6273bea7feb0/datanode-1/data-0/containers/hdds
2022-05-15 13:39:43,096 [om1@group-C5BA1605619E-LeaderElection1] INFO  impl.LeaderElection (LeaderElection.java:askForVotes(306)) - om1@group-C5BA1605619E-LeaderElection1 ELECTION round 0: submit vote requests at term 1 for -1: [om1|rpc:localhost:9872|priority:0], old=null
2022-05-15 13:39:43,097 [om1@group-C5BA1605619E-LeaderElection1] INFO  impl.LeaderElection (LeaderElection.java:askForVotes(308)) - om1@group-C5BA1605619E-LeaderElection1 ELECTION round 0: result PASSED (term=1)
2022-05-15 13:39:43,097 [om1@group-C5BA1605619E-LeaderElection1] INFO  impl.RoleInfo (RoleInfo.java:shutdownLeaderElection(121)) - om1: shutdown om1@group-C5BA1605619E-LeaderElection1
2022-05-15 13:39:43,098 [om1@group-C5BA1605619E-LeaderElection1] INFO  server.RaftServer$Division (RaftServerImpl.java:setRole(290)) - om1@group-C5BA1605619E: changes role from CANDIDATE to LEADER at term 1 for changeToLeader
2022-05-15 13:39:43,099 [om1@group-C5BA1605619E-LeaderElection1] INFO  server.RaftServer$Division (ServerState.java:setLeader(285)) - om1@group-C5BA1605619E: change Leader from null to om1 at term 1 for becomeLeader, leader elected after 1819ms
2022-05-15 13:39:43,110 [om1@group-C5BA1605619E-LeaderElection1] INFO  server.RaftServerConfigKeys (ConfUtils.java:logGet(44)) - raft.server.staging.catchup.gap = 1000 (default)
2022-05-15 13:39:43,115 [om1@group-C5BA1605619E-LeaderElection1] INFO  server.RaftServerConfigKeys (ConfUtils.java:logGet(44)) - raft.server.write.element-limit = 4096 (default)
2022-05-15 13:39:43,115 [om1@group-C5BA1605619E-LeaderElection1] INFO  server.RaftServerConfigKeys (ConfUtils.java:logGet(44)) - raft.server.write.byte-limit = 64MB (=67108864) (default)
2022-05-15 13:39:43,120 [Listener at 127.0.0.1/34203] INFO  volume.MutableVolumeSet (MutableVolumeSet.java:initializeVolumeSet(168)) - Added Volume : /home/runner/work/ozone/ozone/hadoop-ozone/integration-test/target/test-dir/MiniOzoneClusterImpl-ba3764b4-de25-422b-9e99-6273bea7feb0/datanode-1/data/ratis to VolumeSet
2022-05-15 13:39:43,120 [Listener at 127.0.0.1/34203] INFO  volume.ThrottledAsyncChecker (ThrottledAsyncChecker.java:schedule(141)) - Scheduling a check for /home/runner/work/ozone/ozone/hadoop-ozone/integration-test/target/test-dir/MiniOzoneClusterImpl-ba3764b4-de25-422b-9e99-6273bea7feb0/datanode-1/data/ratis
2022-05-15 13:39:43,121 [Listener at 127.0.0.1/34203] INFO  volume.StorageVolumeChecker (StorageVolumeChecker.java:checkAllVolumes(202)) - Scheduled health check for volume /home/runner/work/ozone/ozone/hadoop-ozone/integration-test/target/test-dir/MiniOzoneClusterImpl-ba3764b4-de25-422b-9e99-6273bea7feb0/datanode-1/data/ratis
2022-05-15 13:39:43,135 [om1@group-C5BA1605619E-LeaderElection1] INFO  server.RaftServerConfigKeys (ConfUtils.java:logGet(44)) - raft.server.watch.timeout = 10s (default)
2022-05-15 13:39:43,135 [om1@group-C5BA1605619E-LeaderElection1] INFO  server.RaftServerConfigKeys (ConfUtils.java:logGet(44)) - raft.server.watch.timeout.denomination = 1s (default)
2022-05-15 13:39:43,136 [om1@group-C5BA1605619E-LeaderElection1] INFO  server.RaftServerConfigKeys (ConfUtils.java:logGet(44)) - raft.server.watch.element-limit = 65536 (default)
2022-05-15 13:39:43,135 [Datanode State Machine Task Thread - 0] INFO  datanode.InitDatanodeState (InitDatanodeState.java:persistContainerDatanodeDetails(138)) - DatanodeDetails is persisted to /home/runner/work/ozone/ozone/hadoop-ozone/integration-test/target/test-dir/MiniOzoneClusterImpl-ba3764b4-de25-422b-9e99-6273bea7feb0/datanode-0/meta/datanode.id
2022-05-15 13:39:43,139 [om1@group-C5BA1605619E-LeaderElection1] INFO  server.RaftServerConfigKeys (ConfUtils.java:logGet(44)) - raft.server.write.element-limit = 4096 (default)
2022-05-15 13:39:43,140 [Thread-145] INFO  ozoneimpl.ContainerReader (ContainerReader.java:readVolume(172)) - Finish verifying containers on volume /home/runner/work/ozone/ozone/hadoop-ozone/integration-test/target/test-dir/MiniOzoneClusterImpl-ba3764b4-de25-422b-9e99-6273bea7feb0/datanode-1/data-0/containers/hdds
2022-05-15 13:39:43,142 [Listener at 127.0.0.1/34203] INFO  ozoneimpl.OzoneContainer (OzoneContainer.java:buildContainerSet(257)) - Build ContainerSet costs 0s
2022-05-15 13:39:43,146 [Listener at 127.0.0.1/34203] INFO  server.RaftServer (ConfUtils.java:logGet(44)) - raft.rpc.type = GRPC (default)
2022-05-15 13:39:43,146 [Listener at 127.0.0.1/34203] INFO  grpc.GrpcFactory (GrpcFactory.java:checkPooledByteBufAllocatorUseCacheForAllThreads(48)) - PERFORMANCE WARNING: useCacheForAllThreads is true that may cause Netty to create a lot garbage objects and, as a result, trigger GC.
	It is recommended to disable useCacheForAllThreads by setting -Dorg.apache.ratis.thirdparty.io.netty.allocator.useCacheForAllThreads=false in command line.
2022-05-15 13:39:43,149 [om1@group-C5BA1605619E-LeaderElection1] INFO  server.RaftServerConfigKeys (ConfUtils.java:logGet(44)) - raft.server.write.follower.gap.ratio.max = -1.0 (default)
2022-05-15 13:39:43,151 [Listener at 127.0.0.1/34203] INFO  grpc.GrpcConfigKeys (ConfUtils.java:logGet(44)) - raft.grpc.admin.port = 0 (custom)
2022-05-15 13:39:43,151 [Listener at 127.0.0.1/34203] INFO  grpc.GrpcConfigKeys (ConfUtils.java:logGet(44)) - raft.grpc.client.port = 0 (custom)
2022-05-15 13:39:43,151 [Listener at 127.0.0.1/34203] INFO  grpc.GrpcConfigKeys (ConfUtils.java:logGet(44)) - raft.grpc.server.port = 0 (default)
2022-05-15 13:39:43,151 [Listener at 127.0.0.1/34203] INFO  server.GrpcService (ConfUtils.java:logGet(44)) - raft.grpc.message.size.max = 32MB (=33554432) (custom)
2022-05-15 13:39:43,151 [Listener at 127.0.0.1/34203] INFO  server.RaftServerConfigKeys (ConfUtils.java:logGet(44)) - raft.server.log.appender.buffer.byte-limit = 33554432 (custom)
2022-05-15 13:39:43,151 [Listener at 127.0.0.1/34203] INFO  server.GrpcService (ConfUtils.java:logGet(44)) - raft.grpc.flow.control.window = 5MB (=5242880) (custom)
2022-05-15 13:39:43,151 [Listener at 127.0.0.1/34203] INFO  server.RaftServerConfigKeys (ConfUtils.java:logGet(44)) - raft.server.rpc.request.timeout = 60s (custom)
2022-05-15 13:39:43,152 [Listener at 127.0.0.1/34203] INFO  impl.DataStreamServerImpl (ConfUtils.java:logGet(44)) - raft.datastream.type = DISABLED (default)
2022-05-15 13:39:43,153 [Listener at 127.0.0.1/34203] INFO  server.RaftServerConfigKeys (ConfUtils.java:logGet(44)) - raft.server.rpc.slowness.timeout = 300s (custom)
2022-05-15 13:39:43,153 [Listener at 127.0.0.1/34203] INFO  server.RaftServerConfigKeys (ConfUtils.java:logGet(44)) - raft.server.leaderelection.leader.step-down.wait-time = 10s (default)
2022-05-15 13:39:43,153 [Listener at 127.0.0.1/34203] INFO  server.RaftServerConfigKeys (ConfUtils.java:logGet(44)) - raft.server.storage.dir = [/home/runner/work/ozone/ozone/hadoop-ozone/integration-test/target/test-dir/MiniOzoneClusterImpl-ba3764b4-de25-422b-9e99-6273bea7feb0/datanode-1/data/ratis] (custom)
2022-05-15 13:39:43,154 [Listener at 127.0.0.1/34203] INFO  server.XceiverServerGrpc (XceiverServerGrpc.java:<init>(132)) - GrpcServer channel type EpollServerSocketChannel
2022-05-15 13:39:43,158 [om1@group-C5BA1605619E-LeaderElection1] INFO  impl.RoleInfo (RoleInfo.java:updateAndGet(130)) - om1: start om1@group-C5BA1605619E-LeaderStateImpl
2022-05-15 13:39:43,167 [Listener at 127.0.0.1/34203] INFO  http.BaseHttpServer (BaseHttpServer.java:newHttpServer2BuilderForOzone(209)) - Starting Web-server for hddsDatanode at: http://0.0.0.0:0
2022-05-15 13:39:43,167 [Listener at 127.0.0.1/34203] INFO  http.BaseHttpServer (BaseHttpServer.java:<init>(107)) - Hadoop Security Enabled: false Ozone Security Enabled: false Ozone HTTP Security Enabled: false 
2022-05-15 13:39:43,169 [Listener at 127.0.0.1/34203] INFO  server.AuthenticationFilter (AuthenticationFilter.java:constructSecretProvider(240)) - Unable to initialize FileSignerSecretProvider, falling back to use random secrets.
2022-05-15 13:39:43,174 [Listener at 127.0.0.1/34203] WARN  http.HttpRequestLog (HttpRequestLog.java:getRequestLog(103)) - Jetty request log can only be enabled using Log4j
2022-05-15 13:39:43,175 [Listener at 127.0.0.1/34203] INFO  http.HttpServer2 (HttpServer2.java:addGlobalFilter(1030)) - Added global filter 'safety' (class=org.apache.hadoop.hdds.server.http.HttpServer2$QuotingInputFilter)
2022-05-15 13:39:43,176 [Listener at 127.0.0.1/34203] INFO  http.HttpServer2 (HttpServer2.java:addFilter(1006)) - Added filter static_user_filter (class=org.apache.hadoop.http.lib.StaticUserWebFilter$StaticUserFilter) to context hddsDatanode
2022-05-15 13:39:43,176 [Listener at 127.0.0.1/34203] INFO  http.HttpServer2 (HttpServer2.java:addFilter(1014)) - Added filter static_user_filter (class=org.apache.hadoop.http.lib.StaticUserWebFilter$StaticUserFilter) to context logs
2022-05-15 13:39:43,176 [Listener at 127.0.0.1/34203] INFO  http.HttpServer2 (HttpServer2.java:addFilter(1014)) - Added filter static_user_filter (class=org.apache.hadoop.http.lib.StaticUserWebFilter$StaticUserFilter) to context static
2022-05-15 13:39:43,177 [Listener at 127.0.0.1/34203] INFO  http.HttpServer2 (HttpServer2.java:bindListener(1249)) - Jetty bound to port 38317
2022-05-15 13:39:43,177 [Listener at 127.0.0.1/34203] INFO  server.Server (Server.java:doStart(375)) - jetty-9.4.43.v20210629; built: 2021-06-30T11:07:22.254Z; git: 526006ecfa3af7f1a27ef3a288e2bef7ea9dd7e8; jvm 1.8.0_332-b09
2022-05-15 13:39:43,191 [Listener at 127.0.0.1/34203] INFO  server.session (DefaultSessionIdManager.java:doStart(334)) - DefaultSessionIdManager workerName=node0
2022-05-15 13:39:43,192 [Listener at 127.0.0.1/34203] INFO  server.session (DefaultSessionIdManager.java:doStart(339)) - No SessionScavenger set, using defaults
2022-05-15 13:39:43,192 [Listener at 127.0.0.1/34203] INFO  server.session (HouseKeeper.java:startScavenging(132)) - node0 Scavenging every 660000ms
2022-05-15 13:39:43,193 [Listener at 127.0.0.1/34203] INFO  handler.ContextHandler (ContextHandler.java:doStart(915)) - Started o.e.j.s.ServletContextHandler@6a230707{logs,/logs,file:///home/runner/work/ozone/ozone/hadoop-ozone/integration-test/target/log,AVAILABLE}
2022-05-15 13:39:43,194 [Listener at 127.0.0.1/34203] INFO  handler.ContextHandler (ContextHandler.java:doStart(915)) - Started o.e.j.s.ServletContextHandler@34106ddc{static,/static,jar:file:/home/runner/.m2/repository/org/apache/ozone/hdds-container-service/1.3.0-SNAPSHOT/hdds-container-service-1.3.0-SNAPSHOT.jar!/webapps/static,AVAILABLE}
2022-05-15 13:39:43,202 [om1@group-C5BA1605619E-LeaderElection1] INFO  segmented.SegmentedRaftLogWorker (SegmentedRaftLogWorker.java:startLogSegment(394)) - om1@group-C5BA1605619E-SegmentedRaftLogWorker: Starting segment from index:0
2022-05-15 13:39:43,276 [om1@group-C5BA1605619E-LeaderElection1] INFO  server.RaftServer$Division (ServerState.java:setRaftConf(387)) - om1@group-C5BA1605619E: set configuration 0: [om1|rpc:localhost:9872|admin:|client:|dataStream:|priority:0], old=null
2022-05-15 13:39:43,394 [om1@group-C5BA1605619E-SegmentedRaftLogWorker] INFO  segmented.SegmentedRaftLogWorker (SegmentedRaftLogWorker.java:execute(601)) - om1@group-C5BA1605619E-SegmentedRaftLogWorker: created new log segment /home/runner/work/ozone/ozone/hadoop-ozone/integration-test/target/test-dir/MiniOzoneClusterImpl-ba3764b4-de25-422b-9e99-6273bea7feb0/ozone-meta/ratis/bf265839-605b-3f16-9796-c5ba1605619e/current/log_inprogress_0
2022-05-15 13:39:43,507 [om1@group-C5BA1605619E-StateMachineUpdater] INFO  ratis.OzoneManagerStateMachine (OzoneManagerStateMachine.java:notifyConfigurationChanged(191)) - Received Configuration change notification from Ratis. New Peer list:
[id: "om1"
address: "localhost:9872"
]
2022-05-15 13:39:43,510 [Listener at 127.0.0.1/34203] INFO  handler.ContextHandler (ContextHandler.java:doStart(915)) - Started o.e.j.w.WebAppContext@3ed476a8{hddsDatanode,/,file:///tmp/jetty-0_0_0_0-38317-hdds-container-service-1_3_0-SNAPSHOT_jar-_-any-1814396732235337020/webapp/,AVAILABLE}{jar:file:/home/runner/.m2/repository/org/apache/ozone/hdds-container-service/1.3.0-SNAPSHOT/hdds-container-service-1.3.0-SNAPSHOT.jar!/webapps/hddsDatanode}
2022-05-15 13:39:43,512 [Listener at 127.0.0.1/34203] INFO  server.AbstractConnector (AbstractConnector.java:doStart(331)) - Started ServerConnector@10b648c0{HTTP/1.1, (http/1.1)}{0.0.0.0:38317}
2022-05-15 13:39:43,512 [Listener at 127.0.0.1/34203] INFO  server.Server (Server.java:doStart(415)) - Started @7627ms
2022-05-15 13:39:43,512 [Listener at 127.0.0.1/34203] WARN  impl.MetricsSystemImpl (MetricsSystemImpl.java:register(279)) - Sink prometheus already exists!
2022-05-15 13:39:43,513 [Listener at 127.0.0.1/34203] INFO  http.BaseHttpServer (BaseHttpServer.java:updateConnectorAddress(329)) - HTTP server of hddsDatanode listening at http://0.0.0.0:38317
2022-05-15 13:39:43,519 [Listener at 127.0.0.1/34203] WARN  impl.MetricRegistriesImpl (MetricRegistriesImpl.java:addReporterRegistration(111)) - New reporters are added after registries were created. Some metrics will be missing from the reporter. Please add reporter before adding any new registry.
2022-05-15 13:39:43,519 [Listener at 127.0.0.1/34203] WARN  impl.MetricRegistriesImpl (MetricRegistriesImpl.java:addReporterRegistration(111)) - New reporters are added after registries were created. Some metrics will be missing from the reporter. Please add reporter before adding any new registry.
2022-05-15 13:39:43,519 [Listener at 127.0.0.1/34203] INFO  impl.MetricsSystemImpl (MetricsSystemImpl.java:init(158)) - HddsDatanode metrics system started (again)
2022-05-15 13:39:43,520 [Datanode State Machine Daemon Thread] INFO  statemachine.DatanodeStateMachine (DatanodeStateMachine.java:lambda$startDaemon$0(472)) - Ozone container server started.
2022-05-15 13:39:43,531 [Listener at 127.0.0.1/34203] INFO  ozone.HddsDatanodeService (HddsDatanodeService.java:start(236)) - HddsDatanodeService host:fv-az40-973.r1qzdtoifymehf5jtx2d0vwyfg.bx.internal.cloudapp.net ip:10.1.0.20
2022-05-15 13:39:43,542 [org.apache.hadoop.util.JvmPauseMonitor$Monitor@41cb2038] INFO  util.JvmPauseMonitor (JvmPauseMonitor.java:run(188)) - Starting JVM pause monitor
2022-05-15 13:39:43,551 [Datanode State Machine Task Thread - 0] INFO  datanode.InitDatanodeState (InitDatanodeState.java:persistContainerDatanodeDetails(138)) - DatanodeDetails is persisted to /home/runner/work/ozone/ozone/hadoop-ozone/integration-test/target/test-dir/MiniOzoneClusterImpl-ba3764b4-de25-422b-9e99-6273bea7feb0/datanode-1/meta/datanode.id
2022-05-15 13:39:43,556 [Listener at 127.0.0.1/34203] INFO  upgrade.AbstractLayoutVersionManager (AbstractLayoutVersionManager.java:init(79)) - Initializing Layout version manager with metadata layout = ERASURE_CODED_STORAGE_SUPPORT (version = 3), software layout = ERASURE_CODED_STORAGE_SUPPORT (version = 3)
2022-05-15 13:39:43,596 [Listener at 127.0.0.1/34203] INFO  reflections.Reflections (Reflections.java:scan(232)) - Reflections took 39 ms to scan 7 urls, producing 126 keys and 289 values 
2022-05-15 13:39:43,597 [Listener at 127.0.0.1/34203] INFO  statemachine.DatanodeStateMachine (DatanodeStateMachine.java:getEndPointTaskThreadPoolSize(224)) - Datanode State Machine Task Thread Pool size 2
2022-05-15 13:39:43,599 [Listener at 127.0.0.1/34203] INFO  volume.HddsVolume (HddsVolume.java:<init>(120)) - Creating HddsVolume: /home/runner/work/ozone/ozone/hadoop-ozone/integration-test/target/test-dir/MiniOzoneClusterImpl-ba3764b4-de25-422b-9e99-6273bea7feb0/datanode-2/data-0/containers/hdds of storage type : DISK capacity : 9223372036854775807
2022-05-15 13:39:43,599 [Listener at 127.0.0.1/34203] INFO  volume.MutableVolumeSet (MutableVolumeSet.java:initializeVolumeSet(168)) - Added Volume : /home/runner/work/ozone/ozone/hadoop-ozone/integration-test/target/test-dir/MiniOzoneClusterImpl-ba3764b4-de25-422b-9e99-6273bea7feb0/datanode-2/data-0/containers/hdds to VolumeSet
2022-05-15 13:39:43,599 [Listener at 127.0.0.1/34203] INFO  volume.ThrottledAsyncChecker (ThrottledAsyncChecker.java:schedule(141)) - Scheduling a check for /home/runner/work/ozone/ozone/hadoop-ozone/integration-test/target/test-dir/MiniOzoneClusterImpl-ba3764b4-de25-422b-9e99-6273bea7feb0/datanode-2/data-0/containers/hdds
2022-05-15 13:39:43,606 [Listener at 127.0.0.1/34203] INFO  volume.StorageVolumeChecker (StorageVolumeChecker.java:checkAllVolumes(202)) - Scheduled health check for volume /home/runner/work/ozone/ozone/hadoop-ozone/integration-test/target/test-dir/MiniOzoneClusterImpl-ba3764b4-de25-422b-9e99-6273bea7feb0/datanode-2/data-0/containers/hdds
2022-05-15 13:39:43,617 [Listener at 127.0.0.1/34203] INFO  volume.MutableVolumeSet (MutableVolumeSet.java:initializeVolumeSet(168)) - Added Volume : /home/runner/work/ozone/ozone/hadoop-ozone/integration-test/target/test-dir/MiniOzoneClusterImpl-ba3764b4-de25-422b-9e99-6273bea7feb0/datanode-2/data/ratis to VolumeSet
2022-05-15 13:39:43,617 [Listener at 127.0.0.1/34203] INFO  volume.ThrottledAsyncChecker (ThrottledAsyncChecker.java:schedule(141)) - Scheduling a check for /home/runner/work/ozone/ozone/hadoop-ozone/integration-test/target/test-dir/MiniOzoneClusterImpl-ba3764b4-de25-422b-9e99-6273bea7feb0/datanode-2/data/ratis
2022-05-15 13:39:43,617 [Listener at 127.0.0.1/34203] INFO  volume.StorageVolumeChecker (StorageVolumeChecker.java:checkAllVolumes(202)) - Scheduled health check for volume /home/runner/work/ozone/ozone/hadoop-ozone/integration-test/target/test-dir/MiniOzoneClusterImpl-ba3764b4-de25-422b-9e99-6273bea7feb0/datanode-2/data/ratis
2022-05-15 13:39:43,627 [Thread-157] INFO  ozoneimpl.ContainerReader (ContainerReader.java:readVolume(172)) - Finish verifying containers on volume /home/runner/work/ozone/ozone/hadoop-ozone/integration-test/target/test-dir/MiniOzoneClusterImpl-ba3764b4-de25-422b-9e99-6273bea7feb0/datanode-2/data-0/containers/hdds
2022-05-15 13:39:43,627 [Listener at 127.0.0.1/34203] INFO  ozoneimpl.OzoneContainer (OzoneContainer.java:buildContainerSet(257)) - Build ContainerSet costs 0s
2022-05-15 13:39:43,630 [Listener at 127.0.0.1/34203] INFO  server.RaftServer (ConfUtils.java:logGet(44)) - raft.rpc.type = GRPC (default)
2022-05-15 13:39:43,630 [Listener at 127.0.0.1/34203] INFO  grpc.GrpcFactory (GrpcFactory.java:checkPooledByteBufAllocatorUseCacheForAllThreads(48)) - PERFORMANCE WARNING: useCacheForAllThreads is true that may cause Netty to create a lot garbage objects and, as a result, trigger GC.
	It is recommended to disable useCacheForAllThreads by setting -Dorg.apache.ratis.thirdparty.io.netty.allocator.useCacheForAllThreads=false in command line.
2022-05-15 13:39:43,630 [Listener at 127.0.0.1/34203] INFO  grpc.GrpcConfigKeys (ConfUtils.java:logGet(44)) - raft.grpc.admin.port = 0 (custom)
2022-05-15 13:39:43,630 [Listener at 127.0.0.1/34203] INFO  grpc.GrpcConfigKeys (ConfUtils.java:logGet(44)) - raft.grpc.client.port = 0 (custom)
2022-05-15 13:39:43,631 [Listener at 127.0.0.1/34203] INFO  grpc.GrpcConfigKeys (ConfUtils.java:logGet(44)) - raft.grpc.server.port = 0 (default)
2022-05-15 13:39:43,631 [Listener at 127.0.0.1/34203] INFO  server.GrpcService (ConfUtils.java:logGet(44)) - raft.grpc.message.size.max = 32MB (=33554432) (custom)
2022-05-15 13:39:43,631 [Listener at 127.0.0.1/34203] INFO  server.RaftServerConfigKeys (ConfUtils.java:logGet(44)) - raft.server.log.appender.buffer.byte-limit = 33554432 (custom)
2022-05-15 13:39:43,631 [Listener at 127.0.0.1/34203] INFO  server.GrpcService (ConfUtils.java:logGet(44)) - raft.grpc.flow.control.window = 5MB (=5242880) (custom)
2022-05-15 13:39:43,631 [Listener at 127.0.0.1/34203] INFO  server.RaftServerConfigKeys (ConfUtils.java:logGet(44)) - raft.server.rpc.request.timeout = 60s (custom)
2022-05-15 13:39:43,632 [Listener at 127.0.0.1/34203] INFO  impl.DataStreamServerImpl (ConfUtils.java:logGet(44)) - raft.datastream.type = DISABLED (default)
2022-05-15 13:39:43,632 [Listener at 127.0.0.1/34203] INFO  server.RaftServerConfigKeys (ConfUtils.java:logGet(44)) - raft.server.rpc.slowness.timeout = 300s (custom)
2022-05-15 13:39:43,633 [Listener at 127.0.0.1/34203] INFO  server.RaftServerConfigKeys (ConfUtils.java:logGet(44)) - raft.server.leaderelection.leader.step-down.wait-time = 10s (default)
2022-05-15 13:39:43,633 [Listener at 127.0.0.1/34203] INFO  server.RaftServerConfigKeys (ConfUtils.java:logGet(44)) - raft.server.storage.dir = [/home/runner/work/ozone/ozone/hadoop-ozone/integration-test/target/test-dir/MiniOzoneClusterImpl-ba3764b4-de25-422b-9e99-6273bea7feb0/datanode-2/data/ratis] (custom)
2022-05-15 13:39:43,634 [Listener at 127.0.0.1/34203] INFO  server.XceiverServerGrpc (XceiverServerGrpc.java:<init>(132)) - GrpcServer channel type EpollServerSocketChannel
2022-05-15 13:39:43,639 [Listener at 127.0.0.1/34203] INFO  http.BaseHttpServer (BaseHttpServer.java:newHttpServer2BuilderForOzone(209)) - Starting Web-server for hddsDatanode at: http://0.0.0.0:0
2022-05-15 13:39:43,639 [Listener at 127.0.0.1/34203] INFO  http.BaseHttpServer (BaseHttpServer.java:<init>(107)) - Hadoop Security Enabled: false Ozone Security Enabled: false Ozone HTTP Security Enabled: false 
2022-05-15 13:39:43,640 [Listener at 127.0.0.1/34203] INFO  server.AuthenticationFilter (AuthenticationFilter.java:constructSecretProvider(240)) - Unable to initialize FileSignerSecretProvider, falling back to use random secrets.
2022-05-15 13:39:43,641 [Listener at 127.0.0.1/34203] WARN  http.HttpRequestLog (HttpRequestLog.java:getRequestLog(103)) - Jetty request log can only be enabled using Log4j
2022-05-15 13:39:43,642 [Listener at 127.0.0.1/34203] INFO  http.HttpServer2 (HttpServer2.java:addGlobalFilter(1030)) - Added global filter 'safety' (class=org.apache.hadoop.hdds.server.http.HttpServer2$QuotingInputFilter)
2022-05-15 13:39:43,643 [Listener at 127.0.0.1/34203] INFO  http.HttpServer2 (HttpServer2.java:addFilter(1006)) - Added filter static_user_filter (class=org.apache.hadoop.http.lib.StaticUserWebFilter$StaticUserFilter) to context hddsDatanode
2022-05-15 13:39:43,643 [Listener at 127.0.0.1/34203] INFO  http.HttpServer2 (HttpServer2.java:addFilter(1014)) - Added filter static_user_filter (class=org.apache.hadoop.http.lib.StaticUserWebFilter$StaticUserFilter) to context static
2022-05-15 13:39:43,643 [Listener at 127.0.0.1/34203] INFO  http.HttpServer2 (HttpServer2.java:addFilter(1014)) - Added filter static_user_filter (class=org.apache.hadoop.http.lib.StaticUserWebFilter$StaticUserFilter) to context logs
2022-05-15 13:39:43,644 [Listener at 127.0.0.1/34203] INFO  http.HttpServer2 (HttpServer2.java:bindListener(1249)) - Jetty bound to port 35205
2022-05-15 13:39:43,644 [Listener at 127.0.0.1/34203] INFO  server.Server (Server.java:doStart(375)) - jetty-9.4.43.v20210629; built: 2021-06-30T11:07:22.254Z; git: 526006ecfa3af7f1a27ef3a288e2bef7ea9dd7e8; jvm 1.8.0_332-b09
2022-05-15 13:39:43,651 [Listener at 127.0.0.1/34203] INFO  server.session (DefaultSessionIdManager.java:doStart(334)) - DefaultSessionIdManager workerName=node0
2022-05-15 13:39:43,651 [Listener at 127.0.0.1/34203] INFO  server.session (DefaultSessionIdManager.java:doStart(339)) - No SessionScavenger set, using defaults
2022-05-15 13:39:43,652 [Listener at 127.0.0.1/34203] INFO  server.session (HouseKeeper.java:startScavenging(132)) - node0 Scavenging every 600000ms
2022-05-15 13:39:43,653 [Listener at 127.0.0.1/34203] INFO  handler.ContextHandler (ContextHandler.java:doStart(915)) - Started o.e.j.s.ServletContextHandler@4ddc0962{logs,/logs,file:///home/runner/work/ozone/ozone/hadoop-ozone/integration-test/target/log,AVAILABLE}
2022-05-15 13:39:43,654 [Listener at 127.0.0.1/34203] INFO  handler.ContextHandler (ContextHandler.java:doStart(915)) - Started o.e.j.s.ServletContextHandler@6376db97{static,/static,jar:file:/home/runner/.m2/repository/org/apache/ozone/hdds-container-service/1.3.0-SNAPSHOT/hdds-container-service-1.3.0-SNAPSHOT.jar!/webapps/static,AVAILABLE}
2022-05-15 13:39:43,814 [Listener at 127.0.0.1/34203] INFO  handler.ContextHandler (ContextHandler.java:doStart(915)) - Started o.e.j.w.WebAppContext@6ee60495{hddsDatanode,/,file:///tmp/jetty-0_0_0_0-35205-hdds-container-service-1_3_0-SNAPSHOT_jar-_-any-7871149574836244864/webapp/,AVAILABLE}{jar:file:/home/runner/.m2/repository/org/apache/ozone/hdds-container-service/1.3.0-SNAPSHOT/hdds-container-service-1.3.0-SNAPSHOT.jar!/webapps/hddsDatanode}
2022-05-15 13:39:43,816 [Listener at 127.0.0.1/34203] INFO  server.AbstractConnector (AbstractConnector.java:doStart(331)) - Started ServerConnector@710b37c0{HTTP/1.1, (http/1.1)}{0.0.0.0:35205}
2022-05-15 13:39:43,816 [Listener at 127.0.0.1/34203] INFO  server.Server (Server.java:doStart(415)) - Started @7930ms
2022-05-15 13:39:43,816 [Listener at 127.0.0.1/34203] WARN  impl.MetricsSystemImpl (MetricsSystemImpl.java:register(279)) - Sink prometheus already exists!
2022-05-15 13:39:43,817 [Listener at 127.0.0.1/34203] INFO  http.BaseHttpServer (BaseHttpServer.java:updateConnectorAddress(329)) - HTTP server of hddsDatanode listening at http://0.0.0.0:35205
2022-05-15 13:39:43,819 [Listener at 127.0.0.1/34203] INFO  ozone.MiniOzoneClusterImpl (MiniOzoneClusterImpl.java:lambda$waitForClusterToBeReady$0(221)) - Waiting for nodes to be ready. Got 0 of 3 DN Heartbeats.
2022-05-15 13:39:43,819 [Listener at 127.0.0.1/34203] INFO  ozone.MiniOzoneClusterImpl (MiniOzoneClusterImpl.java:lambda$waitForClusterToBeReady$0(224)) - Waiting for cluster to exit safe mode
2022-05-15 13:39:43,819 [Listener at 127.0.0.1/34203] INFO  ozone.MiniOzoneClusterImpl (MiniOzoneClusterImpl.java:lambda$waitForClusterToBeReady$0(226)) - SCM became leader
2022-05-15 13:39:43,819 [Datanode State Machine Daemon Thread] INFO  statemachine.DatanodeStateMachine (DatanodeStateMachine.java:lambda$startDaemon$0(472)) - Ozone container server started.
2022-05-15 13:39:43,833 [org.apache.hadoop.util.JvmPauseMonitor$Monitor@b5ab29d] INFO  util.JvmPauseMonitor (JvmPauseMonitor.java:run(188)) - Starting JVM pause monitor
2022-05-15 13:39:43,837 [Datanode State Machine Task Thread - 0] INFO  datanode.InitDatanodeState (InitDatanodeState.java:persistContainerDatanodeDetails(138)) - DatanodeDetails is persisted to /home/runner/work/ozone/ozone/hadoop-ozone/integration-test/target/test-dir/MiniOzoneClusterImpl-ba3764b4-de25-422b-9e99-6273bea7feb0/datanode-2/meta/datanode.id
2022-05-15 13:39:44,820 [Listener at 127.0.0.1/34203] INFO  ozone.MiniOzoneClusterImpl (MiniOzoneClusterImpl.java:lambda$waitForClusterToBeReady$0(221)) - Waiting for nodes to be ready. Got 0 of 3 DN Heartbeats.
2022-05-15 13:39:44,820 [Listener at 127.0.0.1/34203] INFO  ozone.MiniOzoneClusterImpl (MiniOzoneClusterImpl.java:lambda$waitForClusterToBeReady$0(224)) - Waiting for cluster to exit safe mode
2022-05-15 13:39:44,821 [Listener at 127.0.0.1/34203] INFO  ozone.MiniOzoneClusterImpl (MiniOzoneClusterImpl.java:lambda$waitForClusterToBeReady$0(226)) - SCM became leader
2022-05-15 13:39:45,042 [EndpointStateMachine task thread for /0.0.0.0:37165 - 0 ] INFO  ozoneimpl.OzoneContainer (OzoneContainer.java:start(335)) - Attempting to start container services.
2022-05-15 13:39:45,044 [EndpointStateMachine task thread for /0.0.0.0:37165 - 0 ] INFO  ozoneimpl.OzoneContainer (OzoneContainer.java:startContainerScrub(270)) - Background container scanner has been disabled.
2022-05-15 13:39:45,047 [EndpointStateMachine task thread for /0.0.0.0:37165 - 0 ] INFO  replication.ReplicationServer (ReplicationServer.java:start(111)) - ReplicationServer is started using port 33451
2022-05-15 13:39:45,050 [EndpointStateMachine task thread for /0.0.0.0:37165 - 0 ] INFO  ratis.XceiverServerRatis (XceiverServerRatis.java:start(481)) - Starting XceiverServerRatis a98e3fd9-023b-4e37-aef1-edb50590c409
2022-05-15 13:39:45,054 [EndpointStateMachine task thread for /0.0.0.0:37165 - 0 ] INFO  server.RaftServer (RaftServerProxy.java:lambda$start$5(374)) - a98e3fd9-023b-4e37-aef1-edb50590c409: start RPC server
2022-05-15 13:39:45,060 [EndpointStateMachine task thread for /0.0.0.0:37165 - 0 ] INFO  server.GrpcService (GrpcService.java:startImpl(253)) - a98e3fd9-023b-4e37-aef1-edb50590c409: GrpcService started, listening on 34959
2022-05-15 13:39:45,060 [EndpointStateMachine task thread for /0.0.0.0:37165 - 0 ] INFO  ratis.XceiverServerRatis (XceiverServerRatis.java:getRealPort(502)) - XceiverServerRatis a98e3fd9-023b-4e37-aef1-edb50590c409 is started using port 34959 for RATIS
2022-05-15 13:39:45,060 [EndpointStateMachine task thread for /0.0.0.0:37165 - 0 ] INFO  ratis.XceiverServerRatis (XceiverServerRatis.java:getRealPort(502)) - XceiverServerRatis a98e3fd9-023b-4e37-aef1-edb50590c409 is started using port 34959 for RATIS_ADMIN
2022-05-15 13:39:45,060 [EndpointStateMachine task thread for /0.0.0.0:37165 - 0 ] INFO  ratis.XceiverServerRatis (XceiverServerRatis.java:getRealPort(502)) - XceiverServerRatis a98e3fd9-023b-4e37-aef1-edb50590c409 is started using port 34959 for RATIS_SERVER
2022-05-15 13:39:45,061 [org.apache.ratis.util.JvmPauseMonitor$$Lambda$622/1489821748@6375839] INFO  util.JvmPauseMonitor (JvmPauseMonitor.java:run(103)) - JvmPauseMonitor-a98e3fd9-023b-4e37-aef1-edb50590c409: Started
2022-05-15 13:39:45,066 [EndpointStateMachine task thread for /0.0.0.0:37165 - 0 ] INFO  server.XceiverServerGrpc (XceiverServerGrpc.java:start(180)) - XceiverServerGrpc a98e3fd9-023b-4e37-aef1-edb50590c409 is started using port 41809
2022-05-15 13:39:45,547 [EndpointStateMachine task thread for /0.0.0.0:37165 - 0 ] INFO  ozoneimpl.OzoneContainer (OzoneContainer.java:start(335)) - Attempting to start container services.
2022-05-15 13:39:45,547 [EndpointStateMachine task thread for /0.0.0.0:37165 - 0 ] INFO  ozoneimpl.OzoneContainer (OzoneContainer.java:startContainerScrub(270)) - Background container scanner has been disabled.
2022-05-15 13:39:45,551 [EndpointStateMachine task thread for /0.0.0.0:37165 - 0 ] INFO  replication.ReplicationServer (ReplicationServer.java:start(111)) - ReplicationServer is started using port 41605
2022-05-15 13:39:45,552 [EndpointStateMachine task thread for /0.0.0.0:37165 - 0 ] INFO  ratis.XceiverServerRatis (XceiverServerRatis.java:start(481)) - Starting XceiverServerRatis 6001b742-1b53-4605-979c-f32d9fe31cac
2022-05-15 13:39:45,554 [EndpointStateMachine task thread for /0.0.0.0:37165 - 0 ] INFO  server.RaftServer (RaftServerProxy.java:lambda$start$5(374)) - 6001b742-1b53-4605-979c-f32d9fe31cac: start RPC server
2022-05-15 13:39:45,555 [EndpointStateMachine task thread for /0.0.0.0:37165 - 0 ] INFO  server.GrpcService (GrpcService.java:startImpl(253)) - 6001b742-1b53-4605-979c-f32d9fe31cac: GrpcService started, listening on 37473
2022-05-15 13:39:45,555 [EndpointStateMachine task thread for /0.0.0.0:37165 - 0 ] INFO  ratis.XceiverServerRatis (XceiverServerRatis.java:getRealPort(502)) - XceiverServerRatis 6001b742-1b53-4605-979c-f32d9fe31cac is started using port 37473 for RATIS
2022-05-15 13:39:45,555 [EndpointStateMachine task thread for /0.0.0.0:37165 - 0 ] INFO  ratis.XceiverServerRatis (XceiverServerRatis.java:getRealPort(502)) - XceiverServerRatis 6001b742-1b53-4605-979c-f32d9fe31cac is started using port 37473 for RATIS_ADMIN
2022-05-15 13:39:45,555 [EndpointStateMachine task thread for /0.0.0.0:37165 - 0 ] INFO  ratis.XceiverServerRatis (XceiverServerRatis.java:getRealPort(502)) - XceiverServerRatis 6001b742-1b53-4605-979c-f32d9fe31cac is started using port 37473 for RATIS_SERVER
2022-05-15 13:39:45,556 [org.apache.ratis.util.JvmPauseMonitor$$Lambda$622/1489821748@4f2d1c59] INFO  util.JvmPauseMonitor (JvmPauseMonitor.java:run(103)) - JvmPauseMonitor-6001b742-1b53-4605-979c-f32d9fe31cac: Started
2022-05-15 13:39:45,558 [EndpointStateMachine task thread for /0.0.0.0:37165 - 0 ] INFO  server.XceiverServerGrpc (XceiverServerGrpc.java:start(180)) - XceiverServerGrpc 6001b742-1b53-4605-979c-f32d9fe31cac is started using port 39553
2022-05-15 13:39:45,821 [Listener at 127.0.0.1/34203] INFO  ozone.MiniOzoneClusterImpl (MiniOzoneClusterImpl.java:lambda$waitForClusterToBeReady$0(221)) - Waiting for nodes to be ready. Got 0 of 3 DN Heartbeats.
2022-05-15 13:39:45,822 [Listener at 127.0.0.1/34203] INFO  ozone.MiniOzoneClusterImpl (MiniOzoneClusterImpl.java:lambda$waitForClusterToBeReady$0(224)) - Waiting for cluster to exit safe mode
2022-05-15 13:39:45,822 [Listener at 127.0.0.1/34203] INFO  ozone.MiniOzoneClusterImpl (MiniOzoneClusterImpl.java:lambda$waitForClusterToBeReady$0(226)) - SCM became leader
2022-05-15 13:39:45,837 [EndpointStateMachine task thread for /0.0.0.0:37165 - 0 ] INFO  ozoneimpl.OzoneContainer (OzoneContainer.java:start(335)) - Attempting to start container services.
2022-05-15 13:39:45,838 [EndpointStateMachine task thread for /0.0.0.0:37165 - 0 ] INFO  ozoneimpl.OzoneContainer (OzoneContainer.java:startContainerScrub(270)) - Background container scanner has been disabled.
2022-05-15 13:39:45,839 [EndpointStateMachine task thread for /0.0.0.0:37165 - 0 ] INFO  replication.ReplicationServer (ReplicationServer.java:start(111)) - ReplicationServer is started using port 44217
2022-05-15 13:39:45,840 [EndpointStateMachine task thread for /0.0.0.0:37165 - 0 ] INFO  ratis.XceiverServerRatis (XceiverServerRatis.java:start(481)) - Starting XceiverServerRatis 958a473c-4c13-4b03-9f61-0a9623a5b7c6
2022-05-15 13:39:45,841 [EndpointStateMachine task thread for /0.0.0.0:37165 - 0 ] INFO  server.RaftServer (RaftServerProxy.java:lambda$start$5(374)) - 958a473c-4c13-4b03-9f61-0a9623a5b7c6: start RPC server
2022-05-15 13:39:45,842 [EndpointStateMachine task thread for /0.0.0.0:37165 - 0 ] INFO  server.GrpcService (GrpcService.java:startImpl(253)) - 958a473c-4c13-4b03-9f61-0a9623a5b7c6: GrpcService started, listening on 39463
2022-05-15 13:39:45,842 [EndpointStateMachine task thread for /0.0.0.0:37165 - 0 ] INFO  ratis.XceiverServerRatis (XceiverServerRatis.java:getRealPort(502)) - XceiverServerRatis 958a473c-4c13-4b03-9f61-0a9623a5b7c6 is started using port 39463 for RATIS
2022-05-15 13:39:45,842 [org.apache.ratis.util.JvmPauseMonitor$$Lambda$622/1489821748@41a0d655] INFO  util.JvmPauseMonitor (JvmPauseMonitor.java:run(103)) - JvmPauseMonitor-958a473c-4c13-4b03-9f61-0a9623a5b7c6: Started
2022-05-15 13:39:45,842 [EndpointStateMachine task thread for /0.0.0.0:37165 - 0 ] INFO  ratis.XceiverServerRatis (XceiverServerRatis.java:getRealPort(502)) - XceiverServerRatis 958a473c-4c13-4b03-9f61-0a9623a5b7c6 is started using port 39463 for RATIS_ADMIN
2022-05-15 13:39:45,842 [EndpointStateMachine task thread for /0.0.0.0:37165 - 0 ] INFO  ratis.XceiverServerRatis (XceiverServerRatis.java:getRealPort(502)) - XceiverServerRatis 958a473c-4c13-4b03-9f61-0a9623a5b7c6 is started using port 39463 for RATIS_SERVER
2022-05-15 13:39:45,844 [EndpointStateMachine task thread for /0.0.0.0:37165 - 0 ] INFO  server.XceiverServerGrpc (XceiverServerGrpc.java:start(180)) - XceiverServerGrpc 958a473c-4c13-4b03-9f61-0a9623a5b7c6 is started using port 45325
2022-05-15 13:39:46,822 [Listener at 127.0.0.1/34203] INFO  ozone.MiniOzoneClusterImpl (MiniOzoneClusterImpl.java:lambda$waitForClusterToBeReady$0(221)) - Waiting for nodes to be ready. Got 0 of 3 DN Heartbeats.
2022-05-15 13:39:46,823 [Listener at 127.0.0.1/34203] INFO  ozone.MiniOzoneClusterImpl (MiniOzoneClusterImpl.java:lambda$waitForClusterToBeReady$0(224)) - Waiting for cluster to exit safe mode
2022-05-15 13:39:46,823 [Listener at 127.0.0.1/34203] INFO  ozone.MiniOzoneClusterImpl (MiniOzoneClusterImpl.java:lambda$waitForClusterToBeReady$0(226)) - SCM became leader
2022-05-15 13:39:47,008 [IPC Server handler 17 on default port 37165] INFO  net.NetworkTopologyImpl (NetworkTopologyImpl.java:add(112)) - Added a new node: /default-rack/a98e3fd9-023b-4e37-aef1-edb50590c409
2022-05-15 13:39:47,010 [IPC Server handler 17 on default port 37165] INFO  node.SCMNodeManager (SCMNodeManager.java:register(393)) - Registered Data node : a98e3fd9-023b-4e37-aef1-edb50590c409{ip: 10.1.0.20, host: fv-az40-973.r1qzdtoifymehf5jtx2d0vwyfg.bx.internal.cloudapp.net, ports: [REPLICATION=33451, RATIS=34959, RATIS_ADMIN=34959, RATIS_SERVER=34959, STANDALONE=41809], networkLocation: /default-rack, certSerialId: null, persistedOpState: null, persistedOpStateExpiryEpochSec: 0}
2022-05-15 13:39:47,014 [EventQueue-NewNodeForNewNodeHandler] INFO  pipeline.BackgroundPipelineCreator (BackgroundPipelineCreator.java:notifyEventTriggered(272)) - trigger a one-shot run on RatisPipelineUtilsThread.
2022-05-15 13:39:47,023 [RatisPipelineUtilsThread - 0] INFO  pipeline.RatisPipelineProvider (RatisPipelineProvider.java:lambda$create$0(195)) - Sending CreatePipelineCommand for pipeline:PipelineID=2afe00e2-49ae-4534-a684-4e1866ba808b to datanode:a98e3fd9-023b-4e37-aef1-edb50590c409
2022-05-15 13:39:47,024 [EventQueue-NodeRegistrationContainerReportForDataNodeSafeModeRule] INFO  safemode.SCMSafeModeManager (DataNodeSafeModeRule.java:process(71)) - SCM in safe mode. 1 DataNodes registered, 3 required.
2022-05-15 13:39:47,024 [EventQueue-NodeRegistrationContainerReportForContainerSafeModeRule] INFO  safemode.SCMSafeModeManager (SCMSafeModeManager.java:validateSafeModeExitRules(204)) - ContainerSafeModeRule rule is successfully validated
2022-05-15 13:39:47,025 [EventQueue-PipelineReportForOneReplicaPipelineSafeModeRule] INFO  safemode.SCMSafeModeManager (SCMSafeModeManager.java:validateSafeModeExitRules(204)) - AtleastOneDatanodeReportedRule rule is successfully validated
2022-05-15 13:39:47,036 [RatisPipelineUtilsThread - 0] INFO  pipeline.PipelineStateManagerImpl (PipelineStateManagerImpl.java:addPipeline(101)) - Created pipeline Pipeline[ Id: 2afe00e2-49ae-4534-a684-4e1866ba808b, Nodes: a98e3fd9-023b-4e37-aef1-edb50590c409{ip: 10.1.0.20, host: fv-az40-973.r1qzdtoifymehf5jtx2d0vwyfg.bx.internal.cloudapp.net, ports: [REPLICATION=33451, RATIS=34959, RATIS_ADMIN=34959, RATIS_SERVER=34959, STANDALONE=41809], networkLocation: /default-rack, certSerialId: null, persistedOpState: IN_SERVICE, persistedOpStateExpiryEpochSec: 0}, ReplicationConfig: RATIS/ONE, State:ALLOCATED, leaderId:, CreationTimestamp2022-05-15T13:39:47.020Z[Etc/UTC]].
2022-05-15 13:39:47,545 [IPC Server handler 15 on default port 37165] INFO  net.NetworkTopologyImpl (NetworkTopologyImpl.java:add(112)) - Added a new node: /default-rack/6001b742-1b53-4605-979c-f32d9fe31cac
2022-05-15 13:39:47,545 [IPC Server handler 15 on default port 37165] INFO  node.SCMNodeManager (SCMNodeManager.java:register(393)) - Registered Data node : 6001b742-1b53-4605-979c-f32d9fe31cac{ip: 10.1.0.20, host: fv-az40-973.r1qzdtoifymehf5jtx2d0vwyfg.bx.internal.cloudapp.net, ports: [REPLICATION=41605, RATIS=37473, RATIS_ADMIN=37473, RATIS_SERVER=37473, STANDALONE=39553], networkLocation: /default-rack, certSerialId: null, persistedOpState: null, persistedOpStateExpiryEpochSec: 0}
2022-05-15 13:39:47,545 [EventQueue-NewNodeForNewNodeHandler] INFO  pipeline.BackgroundPipelineCreator (BackgroundPipelineCreator.java:notifyEventTriggered(272)) - trigger a one-shot run on RatisPipelineUtilsThread.
2022-05-15 13:39:47,546 [EventQueue-NodeRegistrationContainerReportForDataNodeSafeModeRule] INFO  safemode.SCMSafeModeManager (DataNodeSafeModeRule.java:process(71)) - SCM in safe mode. 2 DataNodes registered, 3 required.
2022-05-15 13:39:47,547 [RatisPipelineUtilsThread - 0] INFO  pipeline.RatisPipelineProvider (RatisPipelineProvider.java:lambda$create$0(195)) - Sending CreatePipelineCommand for pipeline:PipelineID=baea96d7-1ac3-4c2a-a638-7baf78a97909 to datanode:6001b742-1b53-4605-979c-f32d9fe31cac
2022-05-15 13:39:47,548 [RatisPipelineUtilsThread - 0] INFO  pipeline.PipelineStateManagerImpl (PipelineStateManagerImpl.java:addPipeline(101)) - Created pipeline Pipeline[ Id: baea96d7-1ac3-4c2a-a638-7baf78a97909, Nodes: 6001b742-1b53-4605-979c-f32d9fe31cac{ip: 10.1.0.20, host: fv-az40-973.r1qzdtoifymehf5jtx2d0vwyfg.bx.internal.cloudapp.net, ports: [REPLICATION=41605, RATIS=37473, RATIS_ADMIN=37473, RATIS_SERVER=37473, STANDALONE=39553], networkLocation: /default-rack, certSerialId: null, persistedOpState: IN_SERVICE, persistedOpStateExpiryEpochSec: 0}, ReplicationConfig: RATIS/ONE, State:ALLOCATED, leaderId:, CreationTimestamp2022-05-15T13:39:47.547Z[Etc/UTC]].
2022-05-15 13:39:47,823 [Listener at 127.0.0.1/34203] INFO  ozone.MiniOzoneClusterImpl (MiniOzoneClusterImpl.java:lambda$waitForClusterToBeReady$0(221)) - Waiting for nodes to be ready. Got 2 of 3 DN Heartbeats.
2022-05-15 13:39:47,824 [Listener at 127.0.0.1/34203] INFO  ozone.MiniOzoneClusterImpl (MiniOzoneClusterImpl.java:lambda$waitForClusterToBeReady$0(224)) - Waiting for cluster to exit safe mode
2022-05-15 13:39:47,824 [Listener at 127.0.0.1/34203] INFO  ozone.MiniOzoneClusterImpl (MiniOzoneClusterImpl.java:lambda$waitForClusterToBeReady$0(226)) - SCM became leader
2022-05-15 13:39:47,836 [IPC Server handler 16 on default port 37165] INFO  net.NetworkTopologyImpl (NetworkTopologyImpl.java:add(112)) - Added a new node: /default-rack/958a473c-4c13-4b03-9f61-0a9623a5b7c6
2022-05-15 13:39:47,836 [IPC Server handler 16 on default port 37165] INFO  node.SCMNodeManager (SCMNodeManager.java:register(393)) - Registered Data node : 958a473c-4c13-4b03-9f61-0a9623a5b7c6{ip: 10.1.0.20, host: fv-az40-973.r1qzdtoifymehf5jtx2d0vwyfg.bx.internal.cloudapp.net, ports: [REPLICATION=44217, RATIS=39463, RATIS_ADMIN=39463, RATIS_SERVER=39463, STANDALONE=45325], networkLocation: /default-rack, certSerialId: null, persistedOpState: null, persistedOpStateExpiryEpochSec: 0}
2022-05-15 13:39:47,837 [EventQueue-NewNodeForNewNodeHandler] INFO  pipeline.BackgroundPipelineCreator (BackgroundPipelineCreator.java:notifyEventTriggered(272)) - trigger a one-shot run on RatisPipelineUtilsThread.
2022-05-15 13:39:47,837 [EventQueue-NodeRegistrationContainerReportForDataNodeSafeModeRule] INFO  safemode.SCMSafeModeManager (DataNodeSafeModeRule.java:process(71)) - SCM in safe mode. 3 DataNodes registered, 3 required.
2022-05-15 13:39:47,837 [EventQueue-NodeRegistrationContainerReportForDataNodeSafeModeRule] INFO  safemode.SCMSafeModeManager (SCMSafeModeManager.java:validateSafeModeExitRules(204)) - DataNodeSafeModeRule rule is successfully validated
2022-05-15 13:39:47,837 [EventQueue-NodeRegistrationContainerReportForDataNodeSafeModeRule] INFO  safemode.SCMSafeModeManager (SCMSafeModeManager.java:completePreCheck(233)) - All SCM safe mode pre check rules have passed
2022-05-15 13:39:47,837 [EventQueue-NodeRegistrationContainerReportForDataNodeSafeModeRule] WARN  events.EventQueue (EventQueue.java:fireEvent(194)) - No event handler registered for event TypedEvent{payloadType=SafeModeStatus, name='Safe mode status'}
2022-05-15 13:39:47,837 [EventQueue-NodeRegistrationContainerReportForDataNodeSafeModeRule] INFO  ha.SCMContext (SCMContext.java:updateSafeModeStatus(211)) - Update SafeModeStatus from SafeModeStatus{safeModeStatus=true, preCheckPassed=false} to SafeModeStatus{safeModeStatus=true, preCheckPassed=true}.
2022-05-15 13:39:47,838 [RatisPipelineUtilsThread - 0] INFO  pipeline.RatisPipelineProvider (RatisPipelineProvider.java:lambda$create$0(195)) - Sending CreatePipelineCommand for pipeline:PipelineID=4df8a6a0-3266-4583-91de-1b701b63ef77 to datanode:958a473c-4c13-4b03-9f61-0a9623a5b7c6
2022-05-15 13:39:47,838 [EventQueue-NodeRegistrationContainerReportForDataNodeSafeModeRule] INFO  pipeline.BackgroundPipelineCreator (BackgroundPipelineCreator.java:notifyEventTriggered(272)) - trigger a one-shot run on RatisPipelineUtilsThread.
2022-05-15 13:39:47,838 [RatisPipelineUtilsThread - 0] INFO  pipeline.PipelineStateManagerImpl (PipelineStateManagerImpl.java:addPipeline(101)) - Created pipeline Pipeline[ Id: 4df8a6a0-3266-4583-91de-1b701b63ef77, Nodes: 958a473c-4c13-4b03-9f61-0a9623a5b7c6{ip: 10.1.0.20, host: fv-az40-973.r1qzdtoifymehf5jtx2d0vwyfg.bx.internal.cloudapp.net, ports: [REPLICATION=44217, RATIS=39463, RATIS_ADMIN=39463, RATIS_SERVER=39463, STANDALONE=45325], networkLocation: /default-rack, certSerialId: null, persistedOpState: IN_SERVICE, persistedOpStateExpiryEpochSec: 0}, ReplicationConfig: RATIS/ONE, State:ALLOCATED, leaderId:, CreationTimestamp2022-05-15T13:39:47.837Z[Etc/UTC]].
2022-05-15 13:39:47,842 [RatisPipelineUtilsThread - 0] INFO  pipeline.RatisPipelineProvider (RatisPipelineProvider.java:lambda$create$0(195)) - Sending CreatePipelineCommand for pipeline:PipelineID=da4474e1-e98a-47d0-a26c-618aa8be2776 to datanode:958a473c-4c13-4b03-9f61-0a9623a5b7c6
2022-05-15 13:39:47,843 [RatisPipelineUtilsThread - 0] INFO  pipeline.RatisPipelineProvider (RatisPipelineProvider.java:lambda$create$0(195)) - Sending CreatePipelineCommand for pipeline:PipelineID=da4474e1-e98a-47d0-a26c-618aa8be2776 to datanode:6001b742-1b53-4605-979c-f32d9fe31cac
2022-05-15 13:39:47,843 [RatisPipelineUtilsThread - 0] INFO  pipeline.RatisPipelineProvider (RatisPipelineProvider.java:lambda$create$0(195)) - Sending CreatePipelineCommand for pipeline:PipelineID=da4474e1-e98a-47d0-a26c-618aa8be2776 to datanode:a98e3fd9-023b-4e37-aef1-edb50590c409
2022-05-15 13:39:47,844 [RatisPipelineUtilsThread - 0] INFO  pipeline.PipelineStateManagerImpl (PipelineStateManagerImpl.java:addPipeline(101)) - Created pipeline Pipeline[ Id: da4474e1-e98a-47d0-a26c-618aa8be2776, Nodes: 958a473c-4c13-4b03-9f61-0a9623a5b7c6{ip: 10.1.0.20, host: fv-az40-973.r1qzdtoifymehf5jtx2d0vwyfg.bx.internal.cloudapp.net, ports: [REPLICATION=44217, RATIS=39463, RATIS_ADMIN=39463, RATIS_SERVER=39463, STANDALONE=45325], networkLocation: /default-rack, certSerialId: null, persistedOpState: IN_SERVICE, persistedOpStateExpiryEpochSec: 0}6001b742-1b53-4605-979c-f32d9fe31cac{ip: 10.1.0.20, host: fv-az40-973.r1qzdtoifymehf5jtx2d0vwyfg.bx.internal.cloudapp.net, ports: [REPLICATION=41605, RATIS=37473, RATIS_ADMIN=37473, RATIS_SERVER=37473, STANDALONE=39553], networkLocation: /default-rack, certSerialId: null, persistedOpState: IN_SERVICE, persistedOpStateExpiryEpochSec: 0}a98e3fd9-023b-4e37-aef1-edb50590c409{ip: 10.1.0.20, host: fv-az40-973.r1qzdtoifymehf5jtx2d0vwyfg.bx.internal.cloudapp.net, ports: [REPLICATION=33451, RATIS=34959, RATIS_ADMIN=34959, RATIS_SERVER=34959, STANDALONE=41809], networkLocation: /default-rack, certSerialId: null, persistedOpState: IN_SERVICE, persistedOpStateExpiryEpochSec: 0}, ReplicationConfig: RATIS/THREE, State:ALLOCATED, leaderId:, CreationTimestamp2022-05-15T13:39:47.842Z[Etc/UTC]].
2022-05-15 13:39:47,845 [RatisPipelineUtilsThread - 0] INFO  pipeline.RatisPipelineProvider (RatisPipelineProvider.java:lambda$create$0(195)) - Sending CreatePipelineCommand for pipeline:PipelineID=add64664-5536-439f-bc5f-eaea9765d7c9 to datanode:a98e3fd9-023b-4e37-aef1-edb50590c409
2022-05-15 13:39:47,845 [RatisPipelineUtilsThread - 0] INFO  pipeline.RatisPipelineProvider (RatisPipelineProvider.java:lambda$create$0(195)) - Sending CreatePipelineCommand for pipeline:PipelineID=add64664-5536-439f-bc5f-eaea9765d7c9 to datanode:6001b742-1b53-4605-979c-f32d9fe31cac
2022-05-15 13:39:47,845 [RatisPipelineUtilsThread - 0] INFO  pipeline.RatisPipelineProvider (RatisPipelineProvider.java:lambda$create$0(195)) - Sending CreatePipelineCommand for pipeline:PipelineID=add64664-5536-439f-bc5f-eaea9765d7c9 to datanode:958a473c-4c13-4b03-9f61-0a9623a5b7c6
2022-05-15 13:39:47,846 [RatisPipelineUtilsThread - 0] INFO  pipeline.PipelineStateManagerImpl (PipelineStateManagerImpl.java:addPipeline(101)) - Created pipeline Pipeline[ Id: add64664-5536-439f-bc5f-eaea9765d7c9, Nodes: a98e3fd9-023b-4e37-aef1-edb50590c409{ip: 10.1.0.20, host: fv-az40-973.r1qzdtoifymehf5jtx2d0vwyfg.bx.internal.cloudapp.net, ports: [REPLICATION=33451, RATIS=34959, RATIS_ADMIN=34959, RATIS_SERVER=34959, STANDALONE=41809], networkLocation: /default-rack, certSerialId: null, persistedOpState: IN_SERVICE, persistedOpStateExpiryEpochSec: 0}6001b742-1b53-4605-979c-f32d9fe31cac{ip: 10.1.0.20, host: fv-az40-973.r1qzdtoifymehf5jtx2d0vwyfg.bx.internal.cloudapp.net, ports: [REPLICATION=41605, RATIS=37473, RATIS_ADMIN=37473, RATIS_SERVER=37473, STANDALONE=39553], networkLocation: /default-rack, certSerialId: null, persistedOpState: IN_SERVICE, persistedOpStateExpiryEpochSec: 0}958a473c-4c13-4b03-9f61-0a9623a5b7c6{ip: 10.1.0.20, host: fv-az40-973.r1qzdtoifymehf5jtx2d0vwyfg.bx.internal.cloudapp.net, ports: [REPLICATION=44217, RATIS=39463, RATIS_ADMIN=39463, RATIS_SERVER=39463, STANDALONE=45325], networkLocation: /default-rack, certSerialId: null, persistedOpState: IN_SERVICE, persistedOpStateExpiryEpochSec: 0}, ReplicationConfig: RATIS/THREE, State:ALLOCATED, leaderId:, CreationTimestamp2022-05-15T13:39:47.845Z[Etc/UTC]].
2022-05-15 13:39:47,846 [RatisPipelineUtilsThread - 0] INFO  pipeline.PipelineManagerImpl (PipelineManagerImpl.java:recordMetricsForPipeline(695)) - Pipeline: PipelineID=add64664-5536-439f-bc5f-eaea9765d7c9 contains same datanodes as previous pipelines: PipelineID=da4474e1-e98a-47d0-a26c-618aa8be2776 nodeIds: a98e3fd9-023b-4e37-aef1-edb50590c409, 6001b742-1b53-4605-979c-f32d9fe31cac, 958a473c-4c13-4b03-9f61-0a9623a5b7c6
2022-05-15 13:39:48,824 [Listener at 127.0.0.1/34203] INFO  ozone.MiniOzoneClusterImpl (MiniOzoneClusterImpl.java:lambda$waitForClusterToBeReady$0(221)) - Nodes are ready. Got 3 of 3 DN Heartbeats.
2022-05-15 13:39:48,825 [Listener at 127.0.0.1/34203] INFO  ozone.MiniOzoneClusterImpl (MiniOzoneClusterImpl.java:lambda$waitForClusterToBeReady$0(224)) - Waiting for cluster to exit safe mode
2022-05-15 13:39:48,825 [Listener at 127.0.0.1/34203] INFO  ozone.MiniOzoneClusterImpl (MiniOzoneClusterImpl.java:lambda$waitForClusterToBeReady$0(226)) - SCM became leader
2022-05-15 13:39:49,826 [Listener at 127.0.0.1/34203] INFO  ozone.MiniOzoneClusterImpl (MiniOzoneClusterImpl.java:lambda$waitForClusterToBeReady$0(221)) - Nodes are ready. Got 3 of 3 DN Heartbeats.
2022-05-15 13:39:49,826 [Listener at 127.0.0.1/34203] INFO  ozone.MiniOzoneClusterImpl (MiniOzoneClusterImpl.java:lambda$waitForClusterToBeReady$0(224)) - Waiting for cluster to exit safe mode
2022-05-15 13:39:49,826 [Listener at 127.0.0.1/34203] INFO  ozone.MiniOzoneClusterImpl (MiniOzoneClusterImpl.java:lambda$waitForClusterToBeReady$0(226)) - SCM became leader
2022-05-15 13:39:49,991 [Command processor thread] INFO  server.RaftServer (RaftServerProxy.java:addNew(95)) - a98e3fd9-023b-4e37-aef1-edb50590c409: addNew group-4E1866BA808B:[a98e3fd9-023b-4e37-aef1-edb50590c409|rpc:10.1.0.20:34959|priority:1] returns group-4E1866BA808B:java.util.concurrent.CompletableFuture@28dd80a7[Not completed]
2022-05-15 13:39:49,999 [pool-68-thread-1] INFO  server.RaftServer$Division (RaftServerImpl.java:<init>(184)) - a98e3fd9-023b-4e37-aef1-edb50590c409: new RaftServerImpl for group-4E1866BA808B:[a98e3fd9-023b-4e37-aef1-edb50590c409|rpc:10.1.0.20:34959|priority:1] with ContainerStateMachine:uninitialized
2022-05-15 13:39:50,000 [pool-68-thread-1] INFO  server.RaftServerConfigKeys (ConfUtils.java:logGet(44)) - raft.server.rpc.timeout.min = 5s (custom)
2022-05-15 13:39:50,000 [pool-68-thread-1] INFO  server.RaftServerConfigKeys (ConfUtils.java:logGet(44)) - raft.server.rpc.timeout.max = 5200ms (custom)
2022-05-15 13:39:50,000 [pool-68-thread-1] INFO  server.RaftServerConfigKeys (ConfUtils.java:logGet(44)) - raft.server.rpc.sleep.time = 25ms (default)
2022-05-15 13:39:50,000 [pool-68-thread-1] INFO  server.RaftServerConfigKeys (ConfUtils.java:logGet(44)) - raft.server.rpc.slowness.timeout = 300s (custom)
2022-05-15 13:39:50,000 [pool-68-thread-1] INFO  server.RaftServerConfigKeys (ConfUtils.java:logGet(44)) - raft.server.leaderelection.leader.step-down.wait-time = 10s (default)
2022-05-15 13:39:50,000 [pool-68-thread-1] INFO  server.RaftServerConfigKeys (ConfUtils.java:logGet(44)) - raft.server.sleep.deviation.threshold = 300ms (default)
2022-05-15 13:39:50,000 [pool-68-thread-1] INFO  server.RaftServerConfigKeys (ConfUtils.java:logGet(44)) - raft.server.log.appender.install.snapshot.enabled = false (custom)
2022-05-15 13:39:50,000 [pool-68-thread-1] INFO  server.RaftServer$Division (ServerState.java:<init>(105)) - a98e3fd9-023b-4e37-aef1-edb50590c409@group-4E1866BA808B: ConfigurationManager, init=-1: [a98e3fd9-023b-4e37-aef1-edb50590c409|rpc:10.1.0.20:34959|priority:1], old=null, confs=<EMPTY_MAP>
2022-05-15 13:39:50,000 [pool-68-thread-1] INFO  server.RaftServerConfigKeys (ConfUtils.java:logGet(44)) - raft.server.storage.dir = [/home/runner/work/ozone/ozone/hadoop-ozone/integration-test/target/test-dir/MiniOzoneClusterImpl-ba3764b4-de25-422b-9e99-6273bea7feb0/datanode-0/data/ratis] (custom)
2022-05-15 13:39:50,000 [pool-68-thread-1] INFO  server.RaftServerConfigKeys (ConfUtils.java:logGet(44)) - raft.server.log.corruption.policy = EXCEPTION (default)
2022-05-15 13:39:50,001 [pool-68-thread-1] INFO  server.RaftServerConfigKeys (ConfUtils.java:logGet(44)) - raft.server.storage.free-space.min = 0MB (=0) (default)
2022-05-15 13:39:50,001 [pool-68-thread-1] INFO  storage.RaftStorageDirectory (RaftStorageDirectoryImpl.java:analyzeStorage(135)) - The storage directory /home/runner/work/ozone/ozone/hadoop-ozone/integration-test/target/test-dir/MiniOzoneClusterImpl-ba3764b4-de25-422b-9e99-6273bea7feb0/datanode-0/data/ratis/2afe00e2-49ae-4534-a684-4e1866ba808b does not exist. Creating ...
2022-05-15 13:39:50,003 [pool-68-thread-1] INFO  storage.RaftStorageDirectory (RaftStorageDirectoryImpl.java:tryLock(230)) - Lock on /home/runner/work/ozone/ozone/hadoop-ozone/integration-test/target/test-dir/MiniOzoneClusterImpl-ba3764b4-de25-422b-9e99-6273bea7feb0/datanode-0/data/ratis/2afe00e2-49ae-4534-a684-4e1866ba808b/in_use.lock acquired by nodename 19587@fv-az40-973
2022-05-15 13:39:50,004 [pool-68-thread-1] INFO  storage.RaftStorage (RaftStorageImpl.java:format(89)) - Storage directory /home/runner/work/ozone/ozone/hadoop-ozone/integration-test/target/test-dir/MiniOzoneClusterImpl-ba3764b4-de25-422b-9e99-6273bea7feb0/datanode-0/data/ratis/2afe00e2-49ae-4534-a684-4e1866ba808b has been successfully formatted.
2022-05-15 13:39:50,007 [pool-68-thread-1] INFO  ratis.ContainerStateMachine (ContainerStateMachine.java:loadSnapshot(236)) - group-4E1866BA808B: The snapshot info is null. Setting the last applied indexto:(t:0, i:~)
2022-05-15 13:39:50,007 [pool-68-thread-1] INFO  server.RaftServerConfigKeys (ConfUtils.java:logGet(44)) - raft.server.notification.no-leader.timeout = 300s (custom)
2022-05-15 13:39:50,007 [pool-68-thread-1] INFO  server.RaftServerConfigKeys (ConfUtils.java:logGet(44)) - raft.server.log.use.memory = false (default)
2022-05-15 13:39:50,008 [pool-68-thread-1] INFO  server.RaftServerConfigKeys (ConfUtils.java:logGet(44)) - raft.server.log.purge.gap = 1000000 (custom)
2022-05-15 13:39:50,008 [pool-68-thread-1] INFO  server.RaftServerConfigKeys (ConfUtils.java:logGet(44)) - raft.server.log.appender.buffer.byte-limit = 33554432 (custom)
2022-05-15 13:39:50,008 [pool-68-thread-1] INFO  server.RaftServerConfigKeys (ConfUtils.java:logGet(44)) - raft.server.log.segment.size.max = 1048576 (custom)
2022-05-15 13:39:50,008 [pool-68-thread-1] INFO  server.RaftServerConfigKeys (ConfUtils.java:logGet(44)) - raft.server.log.segment.cache.num.max = 2 (custom)
2022-05-15 13:39:50,009 [pool-68-thread-1] INFO  server.RaftServerConfigKeys (ConfUtils.java:logGet(44)) - raft.server.log.segment.cache.size.max = 200MB (=209715200) (default)
2022-05-15 13:39:50,009 [pool-68-thread-1] INFO  segmented.SegmentedRaftLogWorker (SegmentedRaftLogWorker.java:<init>(182)) - new a98e3fd9-023b-4e37-aef1-edb50590c409@group-4E1866BA808B-SegmentedRaftLogWorker for RaftStorageImpl:Storage Directory /home/runner/work/ozone/ozone/hadoop-ozone/integration-test/target/test-dir/MiniOzoneClusterImpl-ba3764b4-de25-422b-9e99-6273bea7feb0/datanode-0/data/ratis/2afe00e2-49ae-4534-a684-4e1866ba808b
2022-05-15 13:39:50,009 [pool-68-thread-1] INFO  server.RaftServerConfigKeys (ConfUtils.java:logGet(44)) - raft.server.log.queue.byte-limit = 4294967296 (custom)
2022-05-15 13:39:50,009 [pool-68-thread-1] INFO  server.RaftServerConfigKeys (ConfUtils.java:logGet(44)) - raft.server.log.queue.element-limit = 1024 (custom)
2022-05-15 13:39:50,009 [pool-68-thread-1] INFO  server.RaftServerConfigKeys (ConfUtils.java:logGet(44)) - raft.server.log.segment.size.max = 1048576 (custom)
2022-05-15 13:39:50,009 [pool-68-thread-1] INFO  server.RaftServerConfigKeys (ConfUtils.java:logGet(44)) - raft.server.log.preallocated.size = 16384 (custom)
2022-05-15 13:39:50,009 [pool-68-thread-1] INFO  server.RaftServerConfigKeys (ConfUtils.java:logGet(44)) - raft.server.log.force.sync.num = 128 (default)
2022-05-15 13:39:50,009 [pool-68-thread-1] INFO  server.RaftServerConfigKeys (ConfUtils.java:logGet(44)) - raft.server.log.statemachine.data.sync = true (default)
2022-05-15 13:39:50,009 [pool-68-thread-1] INFO  server.RaftServerConfigKeys (ConfUtils.java:logGet(44)) - raft.server.log.statemachine.data.sync.timeout = 10s (default)
2022-05-15 13:39:50,009 [pool-68-thread-1] INFO  server.RaftServerConfigKeys (ConfUtils.java:logGet(44)) - raft.server.log.statemachine.data.sync.timeout.retry = -1 (default)
2022-05-15 13:39:50,010 [pool-68-thread-1] INFO  server.RaftServerConfigKeys (ConfUtils.java:logGet(44)) - raft.server.log.write.buffer.size = 1048576 (custom)
2022-05-15 13:39:50,011 [pool-68-thread-1] INFO  server.RaftServerConfigKeys (ConfUtils.java:logGet(44)) - raft.server.log.statemachine.data.caching.enabled = true (custom)
2022-05-15 13:39:50,011 [pool-68-thread-1] INFO  segmented.SegmentedRaftLogWorker (SegmentedRaftLogWorker.java:lambda$new$0(133)) - a98e3fd9-023b-4e37-aef1-edb50590c409@group-4E1866BA808B-SegmentedRaftLogWorker: flushIndex: setUnconditionally 0 -> -1
2022-05-15 13:39:50,011 [pool-68-thread-1] INFO  segmented.SegmentedRaftLogWorker (SegmentedRaftLogWorker.java:lambda$new$0(133)) - a98e3fd9-023b-4e37-aef1-edb50590c409@group-4E1866BA808B-SegmentedRaftLogWorker: safeCacheEvictIndex: setUnconditionally 0 -> -1
2022-05-15 13:39:50,014 [pool-68-thread-1] INFO  server.RaftServerConfigKeys (ConfUtils.java:logGet(44)) - raft.server.snapshot.auto.trigger.enabled = true (custom)
2022-05-15 13:39:50,015 [pool-68-thread-1] INFO  server.RaftServerConfigKeys (ConfUtils.java:logGet(44)) - raft.server.snapshot.auto.trigger.threshold = 10000 (custom)
2022-05-15 13:39:50,015 [pool-68-thread-1] INFO  server.RaftServerConfigKeys (ConfUtils.java:logGet(44)) - raft.server.snapshot.retention.file.num = 5 (custom)
2022-05-15 13:39:50,015 [pool-68-thread-1] INFO  server.RaftServerConfigKeys (ConfUtils.java:logGet(44)) - raft.server.log.purge.upto.snapshot.index = false (default)
2022-05-15 13:39:50,015 [pool-68-thread-1] INFO  server.RaftServerConfigKeys (ConfUtils.java:logGet(44)) - raft.server.retrycache.expirytime = 600000ms (custom)
2022-05-15 13:39:50,015 [pool-68-thread-1] INFO  server.RaftServerConfigKeys (ConfUtils.java:logGet(44)) - raft.server.retrycache.statistics.expirytime = 100μs (default)
2022-05-15 13:39:50,017 [pool-68-thread-1] INFO  server.RaftServer$Division (RaftServerImpl.java:start(301)) - a98e3fd9-023b-4e37-aef1-edb50590c409@group-4E1866BA808B: start as a follower, conf=-1: [a98e3fd9-023b-4e37-aef1-edb50590c409|rpc:10.1.0.20:34959|priority:1], old=null
2022-05-15 13:39:50,017 [pool-68-thread-1] INFO  server.RaftServer$Division (RaftServerImpl.java:setRole(290)) - a98e3fd9-023b-4e37-aef1-edb50590c409@group-4E1866BA808B: changes role from      null to FOLLOWER at term 0 for startAsFollower
2022-05-15 13:39:50,017 [pool-68-thread-1] INFO  impl.RoleInfo (RoleInfo.java:updateAndGet(130)) - a98e3fd9-023b-4e37-aef1-edb50590c409: start a98e3fd9-023b-4e37-aef1-edb50590c409@group-4E1866BA808B-FollowerState
2022-05-15 13:39:50,022 [pool-68-thread-1] INFO  util.JmxRegister (JmxRegister.java:tryRegister(44)) - Successfully registered JMX Bean with object name Ratis:service=RaftServer,group=group-4E1866BA808B,id=a98e3fd9-023b-4e37-aef1-edb50590c409
2022-05-15 13:39:50,038 [EventQueue-PipelineReportForPipelineReportHandler] INFO  pipeline.PipelineManagerImpl (PipelineManagerImpl.java:openPipeline(336)) - Pipeline Pipeline[ Id: 2afe00e2-49ae-4534-a684-4e1866ba808b, Nodes: a98e3fd9-023b-4e37-aef1-edb50590c409{ip: 10.1.0.20, host: fv-az40-973.r1qzdtoifymehf5jtx2d0vwyfg.bx.internal.cloudapp.net, ports: [REPLICATION=33451, RATIS=34959, RATIS_ADMIN=34959, RATIS_SERVER=34959, STANDALONE=41809], networkLocation: /default-rack, certSerialId: null, persistedOpState: IN_SERVICE, persistedOpStateExpiryEpochSec: 0}, ReplicationConfig: RATIS/ONE, State:ALLOCATED, leaderId:a98e3fd9-023b-4e37-aef1-edb50590c409, CreationTimestamp2022-05-15T13:39:47.020Z[Etc/UTC]] moved to OPEN state
2022-05-15 13:39:50,042 [Command processor thread] INFO  ratis.XceiverServerRatis (XceiverServerRatis.java:addGroup(765)) - Created group PipelineID=2afe00e2-49ae-4534-a684-4e1866ba808b
2022-05-15 13:39:50,042 [EventQueue-OpenPipelineForHealthyPipelineSafeModeRule] INFO  safemode.SCMSafeModeManager (HealthyPipelineSafeModeRule.java:process(124)) - SCM in safe mode. Healthy pipelines reported count is 0, required healthy pipeline reported count is 1
2022-05-15 13:39:50,043 [Command processor thread] INFO  commandhandler.CreatePipelineCommandHandler (CreatePipelineCommandHandler.java:handle(113)) - Created Pipeline RATIS ONE PipelineID=2afe00e2-49ae-4534-a684-4e1866ba808b.
2022-05-15 13:39:50,043 [Command processor thread] INFO  server.RaftServer (RaftServerProxy.java:addNew(95)) - a98e3fd9-023b-4e37-aef1-edb50590c409: addNew group-618AA8BE2776:[958a473c-4c13-4b03-9f61-0a9623a5b7c6|rpc:10.1.0.20:39463|priority:1, 6001b742-1b53-4605-979c-f32d9fe31cac|rpc:10.1.0.20:37473|priority:0, a98e3fd9-023b-4e37-aef1-edb50590c409|rpc:10.1.0.20:34959|priority:0] returns group-618AA8BE2776:java.util.concurrent.CompletableFuture@5e6bbfc9[Not completed]
2022-05-15 13:39:50,046 [pool-68-thread-1] INFO  server.RaftServer$Division (RaftServerImpl.java:<init>(184)) - a98e3fd9-023b-4e37-aef1-edb50590c409: new RaftServerImpl for group-618AA8BE2776:[958a473c-4c13-4b03-9f61-0a9623a5b7c6|rpc:10.1.0.20:39463|priority:1, 6001b742-1b53-4605-979c-f32d9fe31cac|rpc:10.1.0.20:37473|priority:0, a98e3fd9-023b-4e37-aef1-edb50590c409|rpc:10.1.0.20:34959|priority:0] with ContainerStateMachine:uninitialized
2022-05-15 13:39:50,046 [pool-68-thread-1] INFO  server.RaftServerConfigKeys (ConfUtils.java:logGet(44)) - raft.server.rpc.timeout.min = 5s (custom)
2022-05-15 13:39:50,046 [pool-68-thread-1] INFO  server.RaftServerConfigKeys (ConfUtils.java:logGet(44)) - raft.server.rpc.timeout.max = 5200ms (custom)
2022-05-15 13:39:50,046 [pool-68-thread-1] INFO  server.RaftServerConfigKeys (ConfUtils.java:logGet(44)) - raft.server.rpc.sleep.time = 25ms (default)
2022-05-15 13:39:50,046 [pool-68-thread-1] INFO  server.RaftServerConfigKeys (ConfUtils.java:logGet(44)) - raft.server.rpc.slowness.timeout = 300s (custom)
2022-05-15 13:39:50,046 [pool-68-thread-1] INFO  server.RaftServerConfigKeys (ConfUtils.java:logGet(44)) - raft.server.leaderelection.leader.step-down.wait-time = 10s (default)
2022-05-15 13:39:50,046 [pool-68-thread-1] INFO  server.RaftServerConfigKeys (ConfUtils.java:logGet(44)) - raft.server.sleep.deviation.threshold = 300ms (default)
2022-05-15 13:39:50,046 [pool-68-thread-1] INFO  server.RaftServerConfigKeys (ConfUtils.java:logGet(44)) - raft.server.log.appender.install.snapshot.enabled = false (custom)
2022-05-15 13:39:50,046 [pool-68-thread-1] INFO  server.RaftServer$Division (ServerState.java:<init>(105)) - a98e3fd9-023b-4e37-aef1-edb50590c409@group-618AA8BE2776: ConfigurationManager, init=-1: [958a473c-4c13-4b03-9f61-0a9623a5b7c6|rpc:10.1.0.20:39463|priority:1, 6001b742-1b53-4605-979c-f32d9fe31cac|rpc:10.1.0.20:37473|priority:0, a98e3fd9-023b-4e37-aef1-edb50590c409|rpc:10.1.0.20:34959|priority:0], old=null, confs=<EMPTY_MAP>
2022-05-15 13:39:50,046 [pool-68-thread-1] INFO  server.RaftServerConfigKeys (ConfUtils.java:logGet(44)) - raft.server.storage.dir = [/home/runner/work/ozone/ozone/hadoop-ozone/integration-test/target/test-dir/MiniOzoneClusterImpl-ba3764b4-de25-422b-9e99-6273bea7feb0/datanode-0/data/ratis] (custom)
2022-05-15 13:39:50,047 [pool-68-thread-1] INFO  server.RaftServerConfigKeys (ConfUtils.java:logGet(44)) - raft.server.log.corruption.policy = EXCEPTION (default)
2022-05-15 13:39:50,047 [pool-68-thread-1] INFO  server.RaftServerConfigKeys (ConfUtils.java:logGet(44)) - raft.server.storage.free-space.min = 0MB (=0) (default)
2022-05-15 13:39:50,047 [pool-68-thread-1] INFO  storage.RaftStorageDirectory (RaftStorageDirectoryImpl.java:analyzeStorage(135)) - The storage directory /home/runner/work/ozone/ozone/hadoop-ozone/integration-test/target/test-dir/MiniOzoneClusterImpl-ba3764b4-de25-422b-9e99-6273bea7feb0/datanode-0/data/ratis/da4474e1-e98a-47d0-a26c-618aa8be2776 does not exist. Creating ...
2022-05-15 13:39:50,049 [pool-68-thread-1] INFO  storage.RaftStorageDirectory (RaftStorageDirectoryImpl.java:tryLock(230)) - Lock on /home/runner/work/ozone/ozone/hadoop-ozone/integration-test/target/test-dir/MiniOzoneClusterImpl-ba3764b4-de25-422b-9e99-6273bea7feb0/datanode-0/data/ratis/da4474e1-e98a-47d0-a26c-618aa8be2776/in_use.lock acquired by nodename 19587@fv-az40-973
2022-05-15 13:39:50,050 [pool-68-thread-1] INFO  storage.RaftStorage (RaftStorageImpl.java:format(89)) - Storage directory /home/runner/work/ozone/ozone/hadoop-ozone/integration-test/target/test-dir/MiniOzoneClusterImpl-ba3764b4-de25-422b-9e99-6273bea7feb0/datanode-0/data/ratis/da4474e1-e98a-47d0-a26c-618aa8be2776 has been successfully formatted.
2022-05-15 13:39:50,051 [pool-68-thread-1] INFO  ratis.ContainerStateMachine (ContainerStateMachine.java:loadSnapshot(236)) - group-618AA8BE2776: The snapshot info is null. Setting the last applied indexto:(t:0, i:~)
2022-05-15 13:39:50,052 [pool-68-thread-1] INFO  server.RaftServerConfigKeys (ConfUtils.java:logGet(44)) - raft.server.notification.no-leader.timeout = 300s (custom)
2022-05-15 13:39:50,053 [pool-68-thread-1] INFO  server.RaftServerConfigKeys (ConfUtils.java:logGet(44)) - raft.server.log.use.memory = false (default)
2022-05-15 13:39:50,053 [pool-68-thread-1] INFO  server.RaftServerConfigKeys (ConfUtils.java:logGet(44)) - raft.server.log.purge.gap = 1000000 (custom)
2022-05-15 13:39:50,053 [pool-68-thread-1] INFO  server.RaftServerConfigKeys (ConfUtils.java:logGet(44)) - raft.server.log.appender.buffer.byte-limit = 33554432 (custom)
2022-05-15 13:39:50,053 [pool-68-thread-1] INFO  server.RaftServerConfigKeys (ConfUtils.java:logGet(44)) - raft.server.log.segment.size.max = 1048576 (custom)
2022-05-15 13:39:50,054 [pool-68-thread-1] INFO  server.RaftServerConfigKeys (ConfUtils.java:logGet(44)) - raft.server.log.segment.cache.num.max = 2 (custom)
2022-05-15 13:39:50,054 [pool-68-thread-1] INFO  server.RaftServerConfigKeys (ConfUtils.java:logGet(44)) - raft.server.log.segment.cache.size.max = 200MB (=209715200) (default)
2022-05-15 13:39:50,054 [pool-68-thread-1] INFO  segmented.SegmentedRaftLogWorker (SegmentedRaftLogWorker.java:<init>(182)) - new a98e3fd9-023b-4e37-aef1-edb50590c409@group-618AA8BE2776-SegmentedRaftLogWorker for RaftStorageImpl:Storage Directory /home/runner/work/ozone/ozone/hadoop-ozone/integration-test/target/test-dir/MiniOzoneClusterImpl-ba3764b4-de25-422b-9e99-6273bea7feb0/datanode-0/data/ratis/da4474e1-e98a-47d0-a26c-618aa8be2776
2022-05-15 13:39:50,054 [pool-68-thread-1] INFO  server.RaftServerConfigKeys (ConfUtils.java:logGet(44)) - raft.server.log.queue.byte-limit = 4294967296 (custom)
2022-05-15 13:39:50,054 [pool-68-thread-1] INFO  server.RaftServerConfigKeys (ConfUtils.java:logGet(44)) - raft.server.log.queue.element-limit = 1024 (custom)
2022-05-15 13:39:50,054 [pool-68-thread-1] INFO  server.RaftServerConfigKeys (ConfUtils.java:logGet(44)) - raft.server.log.segment.size.max = 1048576 (custom)
2022-05-15 13:39:50,054 [pool-68-thread-1] INFO  server.RaftServerConfigKeys (ConfUtils.java:logGet(44)) - raft.server.log.preallocated.size = 16384 (custom)
2022-05-15 13:39:50,054 [pool-68-thread-1] INFO  server.RaftServerConfigKeys (ConfUtils.java:logGet(44)) - raft.server.log.force.sync.num = 128 (default)
2022-05-15 13:39:50,054 [pool-68-thread-1] INFO  server.RaftServerConfigKeys (ConfUtils.java:logGet(44)) - raft.server.log.statemachine.data.sync = true (default)
2022-05-15 13:39:50,057 [pool-68-thread-1] INFO  server.RaftServerConfigKeys (ConfUtils.java:logGet(44)) - raft.server.log.statemachine.data.sync.timeout = 10s (default)
2022-05-15 13:39:50,057 [pool-68-thread-1] INFO  server.RaftServerConfigKeys (ConfUtils.java:logGet(44)) - raft.server.log.statemachine.data.sync.timeout.retry = -1 (default)
2022-05-15 13:39:50,052 [EventQueue-OpenPipelineForHealthyPipelineSafeModeRule] INFO  safemode.SCMSafeModeManager (HealthyPipelineSafeModeRule.java:process(124)) - SCM in safe mode. Healthy pipelines reported count is 0, required healthy pipeline reported count is 1
2022-05-15 13:39:50,059 [pool-68-thread-1] INFO  server.RaftServerConfigKeys (ConfUtils.java:logGet(44)) - raft.server.log.write.buffer.size = 1048576 (custom)
2022-05-15 13:39:50,060 [pool-68-thread-1] INFO  server.RaftServerConfigKeys (ConfUtils.java:logGet(44)) - raft.server.log.statemachine.data.caching.enabled = true (custom)
2022-05-15 13:39:50,060 [pool-68-thread-1] INFO  segmented.SegmentedRaftLogWorker (SegmentedRaftLogWorker.java:lambda$new$0(133)) - a98e3fd9-023b-4e37-aef1-edb50590c409@group-618AA8BE2776-SegmentedRaftLogWorker: flushIndex: setUnconditionally 0 -> -1
2022-05-15 13:39:50,060 [pool-68-thread-1] INFO  segmented.SegmentedRaftLogWorker (SegmentedRaftLogWorker.java:lambda$new$0(133)) - a98e3fd9-023b-4e37-aef1-edb50590c409@group-618AA8BE2776-SegmentedRaftLogWorker: safeCacheEvictIndex: setUnconditionally 0 -> -1
2022-05-15 13:39:50,062 [pool-68-thread-1] INFO  server.RaftServerConfigKeys (ConfUtils.java:logGet(44)) - raft.server.snapshot.auto.trigger.enabled = true (custom)
2022-05-15 13:39:50,062 [pool-68-thread-1] INFO  server.RaftServerConfigKeys (ConfUtils.java:logGet(44)) - raft.server.snapshot.auto.trigger.threshold = 10000 (custom)
2022-05-15 13:39:50,062 [pool-68-thread-1] INFO  server.RaftServerConfigKeys (ConfUtils.java:logGet(44)) - raft.server.snapshot.retention.file.num = 5 (custom)
2022-05-15 13:39:50,063 [pool-68-thread-1] INFO  server.RaftServerConfigKeys (ConfUtils.java:logGet(44)) - raft.server.log.purge.upto.snapshot.index = false (default)
2022-05-15 13:39:50,063 [pool-68-thread-1] INFO  server.RaftServerConfigKeys (ConfUtils.java:logGet(44)) - raft.server.retrycache.expirytime = 600000ms (custom)
2022-05-15 13:39:50,063 [pool-68-thread-1] INFO  server.RaftServerConfigKeys (ConfUtils.java:logGet(44)) - raft.server.retrycache.statistics.expirytime = 100μs (default)
2022-05-15 13:39:50,064 [pool-68-thread-1] INFO  server.RaftServer$Division (RaftServerImpl.java:start(301)) - a98e3fd9-023b-4e37-aef1-edb50590c409@group-618AA8BE2776: start as a follower, conf=-1: [958a473c-4c13-4b03-9f61-0a9623a5b7c6|rpc:10.1.0.20:39463|priority:1, 6001b742-1b53-4605-979c-f32d9fe31cac|rpc:10.1.0.20:37473|priority:0, a98e3fd9-023b-4e37-aef1-edb50590c409|rpc:10.1.0.20:34959|priority:0], old=null
2022-05-15 13:39:50,064 [pool-68-thread-1] INFO  server.RaftServer$Division (RaftServerImpl.java:setRole(290)) - a98e3fd9-023b-4e37-aef1-edb50590c409@group-618AA8BE2776: changes role from      null to FOLLOWER at term 0 for startAsFollower
2022-05-15 13:39:50,064 [pool-68-thread-1] INFO  impl.RoleInfo (RoleInfo.java:updateAndGet(130)) - a98e3fd9-023b-4e37-aef1-edb50590c409: start a98e3fd9-023b-4e37-aef1-edb50590c409@group-618AA8BE2776-FollowerState
2022-05-15 13:39:50,070 [pool-68-thread-1] INFO  util.JmxRegister (JmxRegister.java:tryRegister(44)) - Successfully registered JMX Bean with object name Ratis:service=RaftServer,group=group-618AA8BE2776,id=a98e3fd9-023b-4e37-aef1-edb50590c409
2022-05-15 13:39:50,072 [Command processor thread] INFO  ratis.XceiverServerRatis (XceiverServerRatis.java:addGroup(765)) - Created group PipelineID=da4474e1-e98a-47d0-a26c-618aa8be2776
2022-05-15 13:39:50,512 [grpc-default-executor-0] INFO  server.RaftServer (RaftServerProxy.java:addNew(95)) - 958a473c-4c13-4b03-9f61-0a9623a5b7c6: addNew group-618AA8BE2776:[958a473c-4c13-4b03-9f61-0a9623a5b7c6|rpc:10.1.0.20:39463|dataStream:|priority:1, 6001b742-1b53-4605-979c-f32d9fe31cac|rpc:10.1.0.20:37473|dataStream:|priority:0, a98e3fd9-023b-4e37-aef1-edb50590c409|rpc:10.1.0.20:34959|dataStream:|priority:0] returns group-618AA8BE2776:java.util.concurrent.CompletableFuture@381f9c8b[Not completed]
2022-05-15 13:39:50,515 [pool-110-thread-1] INFO  server.RaftServer$Division (RaftServerImpl.java:<init>(184)) - 958a473c-4c13-4b03-9f61-0a9623a5b7c6: new RaftServerImpl for group-618AA8BE2776:[958a473c-4c13-4b03-9f61-0a9623a5b7c6|rpc:10.1.0.20:39463|dataStream:|priority:1, 6001b742-1b53-4605-979c-f32d9fe31cac|rpc:10.1.0.20:37473|dataStream:|priority:0, a98e3fd9-023b-4e37-aef1-edb50590c409|rpc:10.1.0.20:34959|dataStream:|priority:0] with ContainerStateMachine:uninitialized
2022-05-15 13:39:50,515 [pool-110-thread-1] INFO  server.RaftServerConfigKeys (ConfUtils.java:logGet(44)) - raft.server.rpc.timeout.min = 5s (custom)
2022-05-15 13:39:50,515 [pool-110-thread-1] INFO  server.RaftServerConfigKeys (ConfUtils.java:logGet(44)) - raft.server.rpc.timeout.max = 5200ms (custom)
2022-05-15 13:39:50,515 [pool-110-thread-1] INFO  server.RaftServerConfigKeys (ConfUtils.java:logGet(44)) - raft.server.rpc.sleep.time = 25ms (default)
2022-05-15 13:39:50,515 [pool-110-thread-1] INFO  server.RaftServerConfigKeys (ConfUtils.java:logGet(44)) - raft.server.rpc.slowness.timeout = 300s (custom)
2022-05-15 13:39:50,515 [pool-110-thread-1] INFO  server.RaftServerConfigKeys (ConfUtils.java:logGet(44)) - raft.server.leaderelection.leader.step-down.wait-time = 10s (default)
2022-05-15 13:39:50,515 [pool-110-thread-1] INFO  server.RaftServerConfigKeys (ConfUtils.java:logGet(44)) - raft.server.sleep.deviation.threshold = 300ms (default)
2022-05-15 13:39:50,515 [pool-110-thread-1] INFO  server.RaftServerConfigKeys (ConfUtils.java:logGet(44)) - raft.server.log.appender.install.snapshot.enabled = false (custom)
2022-05-15 13:39:50,515 [pool-110-thread-1] INFO  server.RaftServer$Division (ServerState.java:<init>(105)) - 958a473c-4c13-4b03-9f61-0a9623a5b7c6@group-618AA8BE2776: ConfigurationManager, init=-1: [958a473c-4c13-4b03-9f61-0a9623a5b7c6|rpc:10.1.0.20:39463|dataStream:|priority:1, 6001b742-1b53-4605-979c-f32d9fe31cac|rpc:10.1.0.20:37473|dataStream:|priority:0, a98e3fd9-023b-4e37-aef1-edb50590c409|rpc:10.1.0.20:34959|dataStream:|priority:0], old=null, confs=<EMPTY_MAP>
2022-05-15 13:39:50,516 [pool-110-thread-1] INFO  server.RaftServerConfigKeys (ConfUtils.java:logGet(44)) - raft.server.storage.dir = [/home/runner/work/ozone/ozone/hadoop-ozone/integration-test/target/test-dir/MiniOzoneClusterImpl-ba3764b4-de25-422b-9e99-6273bea7feb0/datanode-2/data/ratis] (custom)
2022-05-15 13:39:50,516 [pool-110-thread-1] INFO  server.RaftServerConfigKeys (ConfUtils.java:logGet(44)) - raft.server.log.corruption.policy = EXCEPTION (default)
2022-05-15 13:39:50,516 [pool-110-thread-1] INFO  server.RaftServerConfigKeys (ConfUtils.java:logGet(44)) - raft.server.storage.free-space.min = 0MB (=0) (default)
2022-05-15 13:39:50,516 [pool-110-thread-1] INFO  storage.RaftStorageDirectory (RaftStorageDirectoryImpl.java:analyzeStorage(135)) - The storage directory /home/runner/work/ozone/ozone/hadoop-ozone/integration-test/target/test-dir/MiniOzoneClusterImpl-ba3764b4-de25-422b-9e99-6273bea7feb0/datanode-2/data/ratis/da4474e1-e98a-47d0-a26c-618aa8be2776 does not exist. Creating ...
2022-05-15 13:39:50,517 [pool-110-thread-1] INFO  storage.RaftStorageDirectory (RaftStorageDirectoryImpl.java:tryLock(230)) - Lock on /home/runner/work/ozone/ozone/hadoop-ozone/integration-test/target/test-dir/MiniOzoneClusterImpl-ba3764b4-de25-422b-9e99-6273bea7feb0/datanode-2/data/ratis/da4474e1-e98a-47d0-a26c-618aa8be2776/in_use.lock acquired by nodename 19587@fv-az40-973
2022-05-15 13:39:50,518 [pool-110-thread-1] INFO  storage.RaftStorage (RaftStorageImpl.java:format(89)) - Storage directory /home/runner/work/ozone/ozone/hadoop-ozone/integration-test/target/test-dir/MiniOzoneClusterImpl-ba3764b4-de25-422b-9e99-6273bea7feb0/datanode-2/data/ratis/da4474e1-e98a-47d0-a26c-618aa8be2776 has been successfully formatted.
2022-05-15 13:39:50,519 [pool-110-thread-1] INFO  ratis.ContainerStateMachine (ContainerStateMachine.java:loadSnapshot(236)) - group-618AA8BE2776: The snapshot info is null. Setting the last applied indexto:(t:0, i:~)
2022-05-15 13:39:50,530 [pool-110-thread-1] INFO  server.RaftServerConfigKeys (ConfUtils.java:logGet(44)) - raft.server.notification.no-leader.timeout = 300s (custom)
2022-05-15 13:39:50,530 [pool-110-thread-1] INFO  server.RaftServerConfigKeys (ConfUtils.java:logGet(44)) - raft.server.log.use.memory = false (default)
2022-05-15 13:39:50,530 [pool-110-thread-1] INFO  server.RaftServerConfigKeys (ConfUtils.java:logGet(44)) - raft.server.log.purge.gap = 1000000 (custom)
2022-05-15 13:39:50,530 [pool-110-thread-1] INFO  server.RaftServerConfigKeys (ConfUtils.java:logGet(44)) - raft.server.log.appender.buffer.byte-limit = 33554432 (custom)
2022-05-15 13:39:50,531 [pool-110-thread-1] INFO  server.RaftServerConfigKeys (ConfUtils.java:logGet(44)) - raft.server.log.segment.size.max = 1048576 (custom)
2022-05-15 13:39:50,531 [pool-110-thread-1] INFO  server.RaftServerConfigKeys (ConfUtils.java:logGet(44)) - raft.server.log.segment.cache.num.max = 2 (custom)
2022-05-15 13:39:50,531 [pool-110-thread-1] INFO  server.RaftServerConfigKeys (ConfUtils.java:logGet(44)) - raft.server.log.segment.cache.size.max = 200MB (=209715200) (default)
2022-05-15 13:39:50,531 [pool-110-thread-1] INFO  segmented.SegmentedRaftLogWorker (SegmentedRaftLogWorker.java:<init>(182)) - new 958a473c-4c13-4b03-9f61-0a9623a5b7c6@group-618AA8BE2776-SegmentedRaftLogWorker for RaftStorageImpl:Storage Directory /home/runner/work/ozone/ozone/hadoop-ozone/integration-test/target/test-dir/MiniOzoneClusterImpl-ba3764b4-de25-422b-9e99-6273bea7feb0/datanode-2/data/ratis/da4474e1-e98a-47d0-a26c-618aa8be2776
2022-05-15 13:39:50,531 [pool-110-thread-1] INFO  server.RaftServerConfigKeys (ConfUtils.java:logGet(44)) - raft.server.log.queue.byte-limit = 4294967296 (custom)
2022-05-15 13:39:50,531 [pool-110-thread-1] INFO  server.RaftServerConfigKeys (ConfUtils.java:logGet(44)) - raft.server.log.queue.element-limit = 1024 (custom)
2022-05-15 13:39:50,532 [pool-110-thread-1] INFO  server.RaftServerConfigKeys (ConfUtils.java:logGet(44)) - raft.server.log.segment.size.max = 1048576 (custom)
2022-05-15 13:39:50,532 [pool-110-thread-1] INFO  server.RaftServerConfigKeys (ConfUtils.java:logGet(44)) - raft.server.log.preallocated.size = 16384 (custom)
2022-05-15 13:39:50,532 [pool-110-thread-1] INFO  server.RaftServerConfigKeys (ConfUtils.java:logGet(44)) - raft.server.log.force.sync.num = 128 (default)
2022-05-15 13:39:50,532 [pool-110-thread-1] INFO  server.RaftServerConfigKeys (ConfUtils.java:logGet(44)) - raft.server.log.statemachine.data.sync = true (default)
2022-05-15 13:39:50,532 [pool-110-thread-1] INFO  server.RaftServerConfigKeys (ConfUtils.java:logGet(44)) - raft.server.log.statemachine.data.sync.timeout = 10s (default)
2022-05-15 13:39:50,532 [pool-110-thread-1] INFO  server.RaftServerConfigKeys (ConfUtils.java:logGet(44)) - raft.server.log.statemachine.data.sync.timeout.retry = -1 (default)
2022-05-15 13:39:50,533 [pool-110-thread-1] INFO  server.RaftServerConfigKeys (ConfUtils.java:logGet(44)) - raft.server.log.write.buffer.size = 1048576 (custom)
2022-05-15 13:39:50,533 [pool-110-thread-1] INFO  server.RaftServerConfigKeys (ConfUtils.java:logGet(44)) - raft.server.log.statemachine.data.caching.enabled = true (custom)
2022-05-15 13:39:50,534 [pool-110-thread-1] INFO  segmented.SegmentedRaftLogWorker (SegmentedRaftLogWorker.java:lambda$new$0(133)) - 958a473c-4c13-4b03-9f61-0a9623a5b7c6@group-618AA8BE2776-SegmentedRaftLogWorker: flushIndex: setUnconditionally 0 -> -1
2022-05-15 13:39:50,534 [pool-110-thread-1] INFO  segmented.SegmentedRaftLogWorker (SegmentedRaftLogWorker.java:lambda$new$0(133)) - 958a473c-4c13-4b03-9f61-0a9623a5b7c6@group-618AA8BE2776-SegmentedRaftLogWorker: safeCacheEvictIndex: setUnconditionally 0 -> -1
2022-05-15 13:39:50,534 [pool-110-thread-1] INFO  server.RaftServerConfigKeys (ConfUtils.java:logGet(44)) - raft.server.snapshot.auto.trigger.enabled = true (custom)
2022-05-15 13:39:50,534 [pool-110-thread-1] INFO  server.RaftServerConfigKeys (ConfUtils.java:logGet(44)) - raft.server.snapshot.auto.trigger.threshold = 10000 (custom)
2022-05-15 13:39:50,534 [pool-110-thread-1] INFO  server.RaftServerConfigKeys (ConfUtils.java:logGet(44)) - raft.server.snapshot.retention.file.num = 5 (custom)
2022-05-15 13:39:50,534 [pool-110-thread-1] INFO  server.RaftServerConfigKeys (ConfUtils.java:logGet(44)) - raft.server.log.purge.upto.snapshot.index = false (default)
2022-05-15 13:39:50,534 [pool-110-thread-1] INFO  server.RaftServerConfigKeys (ConfUtils.java:logGet(44)) - raft.server.retrycache.expirytime = 600000ms (custom)
2022-05-15 13:39:50,534 [pool-110-thread-1] INFO  server.RaftServerConfigKeys (ConfUtils.java:logGet(44)) - raft.server.retrycache.statistics.expirytime = 100μs (default)
2022-05-15 13:39:50,536 [pool-110-thread-1] INFO  server.RaftServer$Division (RaftServerImpl.java:start(301)) - 958a473c-4c13-4b03-9f61-0a9623a5b7c6@group-618AA8BE2776: start as a follower, conf=-1: [958a473c-4c13-4b03-9f61-0a9623a5b7c6|rpc:10.1.0.20:39463|dataStream:|priority:1, 6001b742-1b53-4605-979c-f32d9fe31cac|rpc:10.1.0.20:37473|dataStream:|priority:0, a98e3fd9-023b-4e37-aef1-edb50590c409|rpc:10.1.0.20:34959|dataStream:|priority:0], old=null
2022-05-15 13:39:50,536 [pool-110-thread-1] INFO  server.RaftServer$Division (RaftServerImpl.java:setRole(290)) - 958a473c-4c13-4b03-9f61-0a9623a5b7c6@group-618AA8BE2776: changes role from      null to FOLLOWER at term 0 for startAsFollower
2022-05-15 13:39:50,536 [pool-110-thread-1] INFO  impl.RoleInfo (RoleInfo.java:updateAndGet(130)) - 958a473c-4c13-4b03-9f61-0a9623a5b7c6: start 958a473c-4c13-4b03-9f61-0a9623a5b7c6@group-618AA8BE2776-FollowerState
2022-05-15 13:39:50,536 [pool-110-thread-1] INFO  util.JmxRegister (JmxRegister.java:tryRegister(44)) - Successfully registered JMX Bean with object name Ratis:service=RaftServer,group=group-618AA8BE2776,id=958a473c-4c13-4b03-9f61-0a9623a5b7c6
2022-05-15 13:39:50,555 [Command processor thread] INFO  server.RaftServer (RaftServerProxy.java:addNew(95)) - 6001b742-1b53-4605-979c-f32d9fe31cac: addNew group-7BAF78A97909:[6001b742-1b53-4605-979c-f32d9fe31cac|rpc:10.1.0.20:37473|priority:1] returns group-7BAF78A97909:java.util.concurrent.CompletableFuture@775b0057[Not completed]
2022-05-15 13:39:50,557 [pool-89-thread-1] INFO  server.RaftServer$Division (RaftServerImpl.java:<init>(184)) - 6001b742-1b53-4605-979c-f32d9fe31cac: new RaftServerImpl for group-7BAF78A97909:[6001b742-1b53-4605-979c-f32d9fe31cac|rpc:10.1.0.20:37473|priority:1] with ContainerStateMachine:uninitialized
2022-05-15 13:39:50,576 [pool-89-thread-1] INFO  server.RaftServerConfigKeys (ConfUtils.java:logGet(44)) - raft.server.rpc.timeout.min = 5s (custom)
2022-05-15 13:39:50,577 [pool-89-thread-1] INFO  server.RaftServerConfigKeys (ConfUtils.java:logGet(44)) - raft.server.rpc.timeout.max = 5200ms (custom)
2022-05-15 13:39:50,577 [pool-89-thread-1] INFO  server.RaftServerConfigKeys (ConfUtils.java:logGet(44)) - raft.server.rpc.sleep.time = 25ms (default)
2022-05-15 13:39:50,577 [pool-89-thread-1] INFO  server.RaftServerConfigKeys (ConfUtils.java:logGet(44)) - raft.server.rpc.slowness.timeout = 300s (custom)
2022-05-15 13:39:50,577 [pool-89-thread-1] INFO  server.RaftServerConfigKeys (ConfUtils.java:logGet(44)) - raft.server.leaderelection.leader.step-down.wait-time = 10s (default)
2022-05-15 13:39:50,577 [pool-89-thread-1] INFO  server.RaftServerConfigKeys (ConfUtils.java:logGet(44)) - raft.server.sleep.deviation.threshold = 300ms (default)
2022-05-15 13:39:50,577 [pool-89-thread-1] INFO  server.RaftServerConfigKeys (ConfUtils.java:logGet(44)) - raft.server.log.appender.install.snapshot.enabled = false (custom)
2022-05-15 13:39:50,577 [pool-89-thread-1] INFO  server.RaftServer$Division (ServerState.java:<init>(105)) - 6001b742-1b53-4605-979c-f32d9fe31cac@group-7BAF78A97909: ConfigurationManager, init=-1: [6001b742-1b53-4605-979c-f32d9fe31cac|rpc:10.1.0.20:37473|priority:1], old=null, confs=<EMPTY_MAP>
2022-05-15 13:39:50,577 [pool-89-thread-1] INFO  server.RaftServerConfigKeys (ConfUtils.java:logGet(44)) - raft.server.storage.dir = [/home/runner/work/ozone/ozone/hadoop-ozone/integration-test/target/test-dir/MiniOzoneClusterImpl-ba3764b4-de25-422b-9e99-6273bea7feb0/datanode-1/data/ratis] (custom)
2022-05-15 13:39:50,577 [pool-89-thread-1] INFO  server.RaftServerConfigKeys (ConfUtils.java:logGet(44)) - raft.server.log.corruption.policy = EXCEPTION (default)
2022-05-15 13:39:50,577 [pool-89-thread-1] INFO  server.RaftServerConfigKeys (ConfUtils.java:logGet(44)) - raft.server.storage.free-space.min = 0MB (=0) (default)
2022-05-15 13:39:50,577 [pool-89-thread-1] INFO  storage.RaftStorageDirectory (RaftStorageDirectoryImpl.java:analyzeStorage(135)) - The storage directory /home/runner/work/ozone/ozone/hadoop-ozone/integration-test/target/test-dir/MiniOzoneClusterImpl-ba3764b4-de25-422b-9e99-6273bea7feb0/datanode-1/data/ratis/baea96d7-1ac3-4c2a-a638-7baf78a97909 does not exist. Creating ...
2022-05-15 13:39:50,579 [pool-89-thread-1] INFO  storage.RaftStorageDirectory (RaftStorageDirectoryImpl.java:tryLock(230)) - Lock on /home/runner/work/ozone/ozone/hadoop-ozone/integration-test/target/test-dir/MiniOzoneClusterImpl-ba3764b4-de25-422b-9e99-6273bea7feb0/datanode-1/data/ratis/baea96d7-1ac3-4c2a-a638-7baf78a97909/in_use.lock acquired by nodename 19587@fv-az40-973
2022-05-15 13:39:50,580 [pool-89-thread-1] INFO  storage.RaftStorage (RaftStorageImpl.java:format(89)) - Storage directory /home/runner/work/ozone/ozone/hadoop-ozone/integration-test/target/test-dir/MiniOzoneClusterImpl-ba3764b4-de25-422b-9e99-6273bea7feb0/datanode-1/data/ratis/baea96d7-1ac3-4c2a-a638-7baf78a97909 has been successfully formatted.
2022-05-15 13:39:50,588 [pool-89-thread-1] INFO  ratis.ContainerStateMachine (ContainerStateMachine.java:loadSnapshot(236)) - group-7BAF78A97909: The snapshot info is null. Setting the last applied indexto:(t:0, i:~)
2022-05-15 13:39:50,588 [pool-89-thread-1] INFO  server.RaftServerConfigKeys (ConfUtils.java:logGet(44)) - raft.server.notification.no-leader.timeout = 300s (custom)
2022-05-15 13:39:50,588 [pool-89-thread-1] INFO  server.RaftServerConfigKeys (ConfUtils.java:logGet(44)) - raft.server.log.use.memory = false (default)
2022-05-15 13:39:50,588 [pool-89-thread-1] INFO  server.RaftServerConfigKeys (ConfUtils.java:logGet(44)) - raft.server.log.purge.gap = 1000000 (custom)
2022-05-15 13:39:50,588 [pool-89-thread-1] INFO  server.RaftServerConfigKeys (ConfUtils.java:logGet(44)) - raft.server.log.appender.buffer.byte-limit = 33554432 (custom)
2022-05-15 13:39:50,589 [pool-89-thread-1] INFO  server.RaftServerConfigKeys (ConfUtils.java:logGet(44)) - raft.server.log.segment.size.max = 1048576 (custom)
2022-05-15 13:39:50,589 [pool-89-thread-1] INFO  server.RaftServerConfigKeys (ConfUtils.java:logGet(44)) - raft.server.log.segment.cache.num.max = 2 (custom)
2022-05-15 13:39:50,589 [pool-89-thread-1] INFO  server.RaftServerConfigKeys (ConfUtils.java:logGet(44)) - raft.server.log.segment.cache.size.max = 200MB (=209715200) (default)
2022-05-15 13:39:50,589 [pool-89-thread-1] INFO  segmented.SegmentedRaftLogWorker (SegmentedRaftLogWorker.java:<init>(182)) - new 6001b742-1b53-4605-979c-f32d9fe31cac@group-7BAF78A97909-SegmentedRaftLogWorker for RaftStorageImpl:Storage Directory /home/runner/work/ozone/ozone/hadoop-ozone/integration-test/target/test-dir/MiniOzoneClusterImpl-ba3764b4-de25-422b-9e99-6273bea7feb0/datanode-1/data/ratis/baea96d7-1ac3-4c2a-a638-7baf78a97909
2022-05-15 13:39:50,589 [pool-89-thread-1] INFO  server.RaftServerConfigKeys (ConfUtils.java:logGet(44)) - raft.server.log.queue.byte-limit = 4294967296 (custom)
2022-05-15 13:39:50,590 [pool-89-thread-1] INFO  server.RaftServerConfigKeys (ConfUtils.java:logGet(44)) - raft.server.log.queue.element-limit = 1024 (custom)
2022-05-15 13:39:50,590 [pool-89-thread-1] INFO  server.RaftServerConfigKeys (ConfUtils.java:logGet(44)) - raft.server.log.segment.size.max = 1048576 (custom)
2022-05-15 13:39:50,590 [pool-89-thread-1] INFO  server.RaftServerConfigKeys (ConfUtils.java:logGet(44)) - raft.server.log.preallocated.size = 16384 (custom)
2022-05-15 13:39:50,590 [pool-89-thread-1] INFO  server.RaftServerConfigKeys (ConfUtils.java:logGet(44)) - raft.server.log.force.sync.num = 128 (default)
2022-05-15 13:39:50,590 [pool-89-thread-1] INFO  server.RaftServerConfigKeys (ConfUtils.java:logGet(44)) - raft.server.log.statemachine.data.sync = true (default)
2022-05-15 13:39:50,590 [pool-89-thread-1] INFO  server.RaftServerConfigKeys (ConfUtils.java:logGet(44)) - raft.server.log.statemachine.data.sync.timeout = 10s (default)
2022-05-15 13:39:50,590 [pool-89-thread-1] INFO  server.RaftServerConfigKeys (ConfUtils.java:logGet(44)) - raft.server.log.statemachine.data.sync.timeout.retry = -1 (default)
2022-05-15 13:39:50,592 [pool-89-thread-1] INFO  server.RaftServerConfigKeys (ConfUtils.java:logGet(44)) - raft.server.log.write.buffer.size = 1048576 (custom)
2022-05-15 13:39:50,594 [EventQueue-PipelineReportForPipelineReportHandler] INFO  pipeline.PipelineManagerImpl (PipelineManagerImpl.java:openPipeline(336)) - Pipeline Pipeline[ Id: baea96d7-1ac3-4c2a-a638-7baf78a97909, Nodes: 6001b742-1b53-4605-979c-f32d9fe31cac{ip: 10.1.0.20, host: fv-az40-973.r1qzdtoifymehf5jtx2d0vwyfg.bx.internal.cloudapp.net, ports: [REPLICATION=41605, RATIS=37473, RATIS_ADMIN=37473, RATIS_SERVER=37473, STANDALONE=39553], networkLocation: /default-rack, certSerialId: null, persistedOpState: IN_SERVICE, persistedOpStateExpiryEpochSec: 0}, ReplicationConfig: RATIS/ONE, State:ALLOCATED, leaderId:6001b742-1b53-4605-979c-f32d9fe31cac, CreationTimestamp2022-05-15T13:39:47.547Z[Etc/UTC]] moved to OPEN state
2022-05-15 13:39:50,595 [EventQueue-OpenPipelineForHealthyPipelineSafeModeRule] INFO  safemode.SCMSafeModeManager (HealthyPipelineSafeModeRule.java:process(124)) - SCM in safe mode. Healthy pipelines reported count is 0, required healthy pipeline reported count is 1
2022-05-15 13:39:50,601 [pool-89-thread-1] INFO  server.RaftServerConfigKeys (ConfUtils.java:logGet(44)) - raft.server.log.statemachine.data.caching.enabled = true (custom)
2022-05-15 13:39:50,606 [pool-89-thread-1] INFO  segmented.SegmentedRaftLogWorker (SegmentedRaftLogWorker.java:lambda$new$0(133)) - 6001b742-1b53-4605-979c-f32d9fe31cac@group-7BAF78A97909-SegmentedRaftLogWorker: flushIndex: setUnconditionally 0 -> -1
2022-05-15 13:39:50,606 [pool-89-thread-1] INFO  segmented.SegmentedRaftLogWorker (SegmentedRaftLogWorker.java:lambda$new$0(133)) - 6001b742-1b53-4605-979c-f32d9fe31cac@group-7BAF78A97909-SegmentedRaftLogWorker: safeCacheEvictIndex: setUnconditionally 0 -> -1
2022-05-15 13:39:50,621 [pool-89-thread-1] INFO  server.RaftServerConfigKeys (ConfUtils.java:logGet(44)) - raft.server.snapshot.auto.trigger.enabled = true (custom)
2022-05-15 13:39:50,622 [pool-89-thread-1] INFO  server.RaftServerConfigKeys (ConfUtils.java:logGet(44)) - raft.server.snapshot.auto.trigger.threshold = 10000 (custom)
2022-05-15 13:39:50,622 [pool-89-thread-1] INFO  server.RaftServerConfigKeys (ConfUtils.java:logGet(44)) - raft.server.snapshot.retention.file.num = 5 (custom)
2022-05-15 13:39:50,622 [pool-89-thread-1] INFO  server.RaftServerConfigKeys (ConfUtils.java:logGet(44)) - raft.server.log.purge.upto.snapshot.index = false (default)
2022-05-15 13:39:50,622 [pool-89-thread-1] INFO  server.RaftServerConfigKeys (ConfUtils.java:logGet(44)) - raft.server.retrycache.expirytime = 600000ms (custom)
2022-05-15 13:39:50,622 [pool-89-thread-1] INFO  server.RaftServerConfigKeys (ConfUtils.java:logGet(44)) - raft.server.retrycache.statistics.expirytime = 100μs (default)
2022-05-15 13:39:50,623 [pool-89-thread-1] INFO  server.RaftServer$Division (RaftServerImpl.java:start(301)) - 6001b742-1b53-4605-979c-f32d9fe31cac@group-7BAF78A97909: start as a follower, conf=-1: [6001b742-1b53-4605-979c-f32d9fe31cac|rpc:10.1.0.20:37473|priority:1], old=null
2022-05-15 13:39:50,623 [pool-89-thread-1] INFO  server.RaftServer$Division (RaftServerImpl.java:setRole(290)) - 6001b742-1b53-4605-979c-f32d9fe31cac@group-7BAF78A97909: changes role from      null to FOLLOWER at term 0 for startAsFollower
2022-05-15 13:39:50,623 [pool-89-thread-1] INFO  impl.RoleInfo (RoleInfo.java:updateAndGet(130)) - 6001b742-1b53-4605-979c-f32d9fe31cac: start 6001b742-1b53-4605-979c-f32d9fe31cac@group-7BAF78A97909-FollowerState
2022-05-15 13:39:50,624 [pool-89-thread-1] INFO  util.JmxRegister (JmxRegister.java:tryRegister(44)) - Successfully registered JMX Bean with object name Ratis:service=RaftServer,group=group-7BAF78A97909,id=6001b742-1b53-4605-979c-f32d9fe31cac
2022-05-15 13:39:50,625 [Command processor thread] INFO  ratis.XceiverServerRatis (XceiverServerRatis.java:addGroup(765)) - Created group PipelineID=baea96d7-1ac3-4c2a-a638-7baf78a97909
2022-05-15 13:39:50,625 [Command processor thread] INFO  commandhandler.CreatePipelineCommandHandler (CreatePipelineCommandHandler.java:handle(113)) - Created Pipeline RATIS ONE PipelineID=baea96d7-1ac3-4c2a-a638-7baf78a97909.
2022-05-15 13:39:50,629 [Command processor thread] INFO  server.RaftServer (RaftServerProxy.java:addNew(95)) - 6001b742-1b53-4605-979c-f32d9fe31cac: addNew group-618AA8BE2776:[958a473c-4c13-4b03-9f61-0a9623a5b7c6|rpc:10.1.0.20:39463|priority:1, 6001b742-1b53-4605-979c-f32d9fe31cac|rpc:10.1.0.20:37473|priority:0, a98e3fd9-023b-4e37-aef1-edb50590c409|rpc:10.1.0.20:34959|priority:0] returns group-618AA8BE2776:java.util.concurrent.CompletableFuture@73648a64[Not completed]
2022-05-15 13:39:50,630 [pool-89-thread-1] INFO  server.RaftServer$Division (RaftServerImpl.java:<init>(184)) - 6001b742-1b53-4605-979c-f32d9fe31cac: new RaftServerImpl for group-618AA8BE2776:[958a473c-4c13-4b03-9f61-0a9623a5b7c6|rpc:10.1.0.20:39463|priority:1, 6001b742-1b53-4605-979c-f32d9fe31cac|rpc:10.1.0.20:37473|priority:0, a98e3fd9-023b-4e37-aef1-edb50590c409|rpc:10.1.0.20:34959|priority:0] with ContainerStateMachine:uninitialized
2022-05-15 13:39:50,630 [pool-89-thread-1] INFO  server.RaftServerConfigKeys (ConfUtils.java:logGet(44)) - raft.server.rpc.timeout.min = 5s (custom)
2022-05-15 13:39:50,630 [pool-89-thread-1] INFO  server.RaftServerConfigKeys (ConfUtils.java:logGet(44)) - raft.server.rpc.timeout.max = 5200ms (custom)
2022-05-15 13:39:50,630 [pool-89-thread-1] INFO  server.RaftServerConfigKeys (ConfUtils.java:logGet(44)) - raft.server.rpc.sleep.time = 25ms (default)
2022-05-15 13:39:50,630 [pool-89-thread-1] INFO  server.RaftServerConfigKeys (ConfUtils.java:logGet(44)) - raft.server.rpc.slowness.timeout = 300s (custom)
2022-05-15 13:39:50,630 [pool-89-thread-1] INFO  server.RaftServerConfigKeys (ConfUtils.java:logGet(44)) - raft.server.leaderelection.leader.step-down.wait-time = 10s (default)
2022-05-15 13:39:50,630 [pool-89-thread-1] INFO  server.RaftServerConfigKeys (ConfUtils.java:logGet(44)) - raft.server.sleep.deviation.threshold = 300ms (default)
2022-05-15 13:39:50,630 [pool-89-thread-1] INFO  server.RaftServerConfigKeys (ConfUtils.java:logGet(44)) - raft.server.log.appender.install.snapshot.enabled = false (custom)
2022-05-15 13:39:50,630 [pool-89-thread-1] INFO  server.RaftServer$Division (ServerState.java:<init>(105)) - 6001b742-1b53-4605-979c-f32d9fe31cac@group-618AA8BE2776: ConfigurationManager, init=-1: [958a473c-4c13-4b03-9f61-0a9623a5b7c6|rpc:10.1.0.20:39463|priority:1, 6001b742-1b53-4605-979c-f32d9fe31cac|rpc:10.1.0.20:37473|priority:0, a98e3fd9-023b-4e37-aef1-edb50590c409|rpc:10.1.0.20:34959|priority:0], old=null, confs=<EMPTY_MAP>
2022-05-15 13:39:50,630 [pool-89-thread-1] INFO  server.RaftServerConfigKeys (ConfUtils.java:logGet(44)) - raft.server.storage.dir = [/home/runner/work/ozone/ozone/hadoop-ozone/integration-test/target/test-dir/MiniOzoneClusterImpl-ba3764b4-de25-422b-9e99-6273bea7feb0/datanode-1/data/ratis] (custom)
2022-05-15 13:39:50,630 [pool-89-thread-1] INFO  server.RaftServerConfigKeys (ConfUtils.java:logGet(44)) - raft.server.log.corruption.policy = EXCEPTION (default)
2022-05-15 13:39:50,631 [pool-89-thread-1] INFO  server.RaftServerConfigKeys (ConfUtils.java:logGet(44)) - raft.server.storage.free-space.min = 0MB (=0) (default)
2022-05-15 13:39:50,631 [pool-89-thread-1] INFO  storage.RaftStorageDirectory (RaftStorageDirectoryImpl.java:analyzeStorage(135)) - The storage directory /home/runner/work/ozone/ozone/hadoop-ozone/integration-test/target/test-dir/MiniOzoneClusterImpl-ba3764b4-de25-422b-9e99-6273bea7feb0/datanode-1/data/ratis/da4474e1-e98a-47d0-a26c-618aa8be2776 does not exist. Creating ...
2022-05-15 13:39:50,632 [pool-89-thread-1] INFO  storage.RaftStorageDirectory (RaftStorageDirectoryImpl.java:tryLock(230)) - Lock on /home/runner/work/ozone/ozone/hadoop-ozone/integration-test/target/test-dir/MiniOzoneClusterImpl-ba3764b4-de25-422b-9e99-6273bea7feb0/datanode-1/data/ratis/da4474e1-e98a-47d0-a26c-618aa8be2776/in_use.lock acquired by nodename 19587@fv-az40-973
2022-05-15 13:39:50,635 [pool-89-thread-1] INFO  storage.RaftStorage (RaftStorageImpl.java:format(89)) - Storage directory /home/runner/work/ozone/ozone/hadoop-ozone/integration-test/target/test-dir/MiniOzoneClusterImpl-ba3764b4-de25-422b-9e99-6273bea7feb0/datanode-1/data/ratis/da4474e1-e98a-47d0-a26c-618aa8be2776 has been successfully formatted.
2022-05-15 13:39:50,635 [pool-89-thread-1] INFO  ratis.ContainerStateMachine (ContainerStateMachine.java:loadSnapshot(236)) - group-618AA8BE2776: The snapshot info is null. Setting the last applied indexto:(t:0, i:~)
2022-05-15 13:39:50,635 [pool-89-thread-1] INFO  server.RaftServerConfigKeys (ConfUtils.java:logGet(44)) - raft.server.notification.no-leader.timeout = 300s (custom)
2022-05-15 13:39:50,635 [pool-89-thread-1] INFO  server.RaftServerConfigKeys (ConfUtils.java:logGet(44)) - raft.server.log.use.memory = false (default)
2022-05-15 13:39:50,635 [pool-89-thread-1] INFO  server.RaftServerConfigKeys (ConfUtils.java:logGet(44)) - raft.server.log.purge.gap = 1000000 (custom)
2022-05-15 13:39:50,635 [pool-89-thread-1] INFO  server.RaftServerConfigKeys (ConfUtils.java:logGet(44)) - raft.server.log.appender.buffer.byte-limit = 33554432 (custom)
2022-05-15 13:39:50,635 [pool-89-thread-1] INFO  server.RaftServerConfigKeys (ConfUtils.java:logGet(44)) - raft.server.log.segment.size.max = 1048576 (custom)
2022-05-15 13:39:50,640 [EventQueue-OpenPipelineForHealthyPipelineSafeModeRule] INFO  safemode.SCMSafeModeManager (HealthyPipelineSafeModeRule.java:process(124)) - SCM in safe mode. Healthy pipelines reported count is 0, required healthy pipeline reported count is 1
2022-05-15 13:39:50,641 [pool-89-thread-1] INFO  server.RaftServerConfigKeys (ConfUtils.java:logGet(44)) - raft.server.log.segment.cache.num.max = 2 (custom)
2022-05-15 13:39:50,641 [pool-89-thread-1] INFO  server.RaftServerConfigKeys (ConfUtils.java:logGet(44)) - raft.server.log.segment.cache.size.max = 200MB (=209715200) (default)
2022-05-15 13:39:50,641 [pool-89-thread-1] INFO  segmented.SegmentedRaftLogWorker (SegmentedRaftLogWorker.java:<init>(182)) - new 6001b742-1b53-4605-979c-f32d9fe31cac@group-618AA8BE2776-SegmentedRaftLogWorker for RaftStorageImpl:Storage Directory /home/runner/work/ozone/ozone/hadoop-ozone/integration-test/target/test-dir/MiniOzoneClusterImpl-ba3764b4-de25-422b-9e99-6273bea7feb0/datanode-1/data/ratis/da4474e1-e98a-47d0-a26c-618aa8be2776
2022-05-15 13:39:50,641 [pool-89-thread-1] INFO  server.RaftServerConfigKeys (ConfUtils.java:logGet(44)) - raft.server.log.queue.byte-limit = 4294967296 (custom)
2022-05-15 13:39:50,641 [pool-89-thread-1] INFO  server.RaftServerConfigKeys (ConfUtils.java:logGet(44)) - raft.server.log.queue.element-limit = 1024 (custom)
2022-05-15 13:39:50,642 [pool-89-thread-1] INFO  server.RaftServerConfigKeys (ConfUtils.java:logGet(44)) - raft.server.log.segment.size.max = 1048576 (custom)
2022-05-15 13:39:50,642 [pool-89-thread-1] INFO  server.RaftServerConfigKeys (ConfUtils.java:logGet(44)) - raft.server.log.preallocated.size = 16384 (custom)
2022-05-15 13:39:50,643 [pool-89-thread-1] INFO  server.RaftServerConfigKeys (ConfUtils.java:logGet(44)) - raft.server.log.force.sync.num = 128 (default)
2022-05-15 13:39:50,643 [pool-89-thread-1] INFO  server.RaftServerConfigKeys (ConfUtils.java:logGet(44)) - raft.server.log.statemachine.data.sync = true (default)
2022-05-15 13:39:50,643 [pool-89-thread-1] INFO  server.RaftServerConfigKeys (ConfUtils.java:logGet(44)) - raft.server.log.statemachine.data.sync.timeout = 10s (default)
2022-05-15 13:39:50,643 [pool-89-thread-1] INFO  server.RaftServerConfigKeys (ConfUtils.java:logGet(44)) - raft.server.log.statemachine.data.sync.timeout.retry = -1 (default)
2022-05-15 13:39:50,644 [pool-89-thread-1] INFO  server.RaftServerConfigKeys (ConfUtils.java:logGet(44)) - raft.server.log.write.buffer.size = 1048576 (custom)
2022-05-15 13:39:50,644 [pool-89-thread-1] INFO  server.RaftServerConfigKeys (ConfUtils.java:logGet(44)) - raft.server.log.statemachine.data.caching.enabled = true (custom)
2022-05-15 13:39:50,645 [pool-89-thread-1] INFO  segmented.SegmentedRaftLogWorker (SegmentedRaftLogWorker.java:lambda$new$0(133)) - 6001b742-1b53-4605-979c-f32d9fe31cac@group-618AA8BE2776-SegmentedRaftLogWorker: flushIndex: setUnconditionally 0 -> -1
2022-05-15 13:39:50,645 [pool-89-thread-1] INFO  segmented.SegmentedRaftLogWorker (SegmentedRaftLogWorker.java:lambda$new$0(133)) - 6001b742-1b53-4605-979c-f32d9fe31cac@group-618AA8BE2776-SegmentedRaftLogWorker: safeCacheEvictIndex: setUnconditionally 0 -> -1
2022-05-15 13:39:50,654 [pool-89-thread-1] INFO  server.RaftServerConfigKeys (ConfUtils.java:logGet(44)) - raft.server.snapshot.auto.trigger.enabled = true (custom)
2022-05-15 13:39:50,654 [pool-89-thread-1] INFO  server.RaftServerConfigKeys (ConfUtils.java:logGet(44)) - raft.server.snapshot.auto.trigger.threshold = 10000 (custom)
2022-05-15 13:39:50,654 [pool-89-thread-1] INFO  server.RaftServerConfigKeys (ConfUtils.java:logGet(44)) - raft.server.snapshot.retention.file.num = 5 (custom)
2022-05-15 13:39:50,654 [pool-89-thread-1] INFO  server.RaftServerConfigKeys (ConfUtils.java:logGet(44)) - raft.server.log.purge.upto.snapshot.index = false (default)
2022-05-15 13:39:50,654 [pool-89-thread-1] INFO  server.RaftServerConfigKeys (ConfUtils.java:logGet(44)) - raft.server.retrycache.expirytime = 600000ms (custom)
2022-05-15 13:39:50,654 [pool-89-thread-1] INFO  server.RaftServerConfigKeys (ConfUtils.java:logGet(44)) - raft.server.retrycache.statistics.expirytime = 100μs (default)
2022-05-15 13:39:50,655 [pool-89-thread-1] INFO  server.RaftServer$Division (RaftServerImpl.java:start(301)) - 6001b742-1b53-4605-979c-f32d9fe31cac@group-618AA8BE2776: start as a follower, conf=-1: [958a473c-4c13-4b03-9f61-0a9623a5b7c6|rpc:10.1.0.20:39463|priority:1, 6001b742-1b53-4605-979c-f32d9fe31cac|rpc:10.1.0.20:37473|priority:0, a98e3fd9-023b-4e37-aef1-edb50590c409|rpc:10.1.0.20:34959|priority:0], old=null
2022-05-15 13:39:50,656 [pool-89-thread-1] INFO  server.RaftServer$Division (RaftServerImpl.java:setRole(290)) - 6001b742-1b53-4605-979c-f32d9fe31cac@group-618AA8BE2776: changes role from      null to FOLLOWER at term 0 for startAsFollower
2022-05-15 13:39:50,656 [pool-89-thread-1] INFO  impl.RoleInfo (RoleInfo.java:updateAndGet(130)) - 6001b742-1b53-4605-979c-f32d9fe31cac: start 6001b742-1b53-4605-979c-f32d9fe31cac@group-618AA8BE2776-FollowerState
2022-05-15 13:39:50,659 [pool-89-thread-1] INFO  util.JmxRegister (JmxRegister.java:tryRegister(44)) - Successfully registered JMX Bean with object name Ratis:service=RaftServer,group=group-618AA8BE2776,id=6001b742-1b53-4605-979c-f32d9fe31cac
2022-05-15 13:39:50,661 [Command processor thread] INFO  ratis.XceiverServerRatis (XceiverServerRatis.java:addGroup(765)) - Created group PipelineID=da4474e1-e98a-47d0-a26c-618aa8be2776
2022-05-15 13:39:50,721 [Command processor thread] INFO  commandhandler.CreatePipelineCommandHandler (CreatePipelineCommandHandler.java:handle(113)) - Created Pipeline RATIS THREE PipelineID=da4474e1-e98a-47d0-a26c-618aa8be2776.
2022-05-15 13:39:50,728 [Command processor thread] INFO  server.RaftServer (RaftServerProxy.java:addNew(95)) - a98e3fd9-023b-4e37-aef1-edb50590c409: addNew group-EAEA9765D7C9:[958a473c-4c13-4b03-9f61-0a9623a5b7c6|rpc:10.1.0.20:39463|priority:0, 6001b742-1b53-4605-979c-f32d9fe31cac|rpc:10.1.0.20:37473|priority:0, a98e3fd9-023b-4e37-aef1-edb50590c409|rpc:10.1.0.20:34959|priority:1] returns group-EAEA9765D7C9:java.util.concurrent.CompletableFuture@d776186[Not completed]
2022-05-15 13:39:50,729 [pool-68-thread-1] INFO  server.RaftServer$Division (RaftServerImpl.java:<init>(184)) - a98e3fd9-023b-4e37-aef1-edb50590c409: new RaftServerImpl for group-EAEA9765D7C9:[958a473c-4c13-4b03-9f61-0a9623a5b7c6|rpc:10.1.0.20:39463|priority:0, 6001b742-1b53-4605-979c-f32d9fe31cac|rpc:10.1.0.20:37473|priority:0, a98e3fd9-023b-4e37-aef1-edb50590c409|rpc:10.1.0.20:34959|priority:1] with ContainerStateMachine:uninitialized
2022-05-15 13:39:50,729 [pool-68-thread-1] INFO  server.RaftServerConfigKeys (ConfUtils.java:logGet(44)) - raft.server.rpc.timeout.min = 5s (custom)
2022-05-15 13:39:50,729 [pool-68-thread-1] INFO  server.RaftServerConfigKeys (ConfUtils.java:logGet(44)) - raft.server.rpc.timeout.max = 5200ms (custom)
2022-05-15 13:39:50,729 [pool-68-thread-1] INFO  server.RaftServerConfigKeys (ConfUtils.java:logGet(44)) - raft.server.rpc.sleep.time = 25ms (default)
2022-05-15 13:39:50,729 [pool-68-thread-1] INFO  server.RaftServerConfigKeys (ConfUtils.java:logGet(44)) - raft.server.rpc.slowness.timeout = 300s (custom)
2022-05-15 13:39:50,729 [pool-68-thread-1] INFO  server.RaftServerConfigKeys (ConfUtils.java:logGet(44)) - raft.server.leaderelection.leader.step-down.wait-time = 10s (default)
2022-05-15 13:39:50,729 [pool-68-thread-1] INFO  server.RaftServerConfigKeys (ConfUtils.java:logGet(44)) - raft.server.sleep.deviation.threshold = 300ms (default)
2022-05-15 13:39:50,729 [pool-68-thread-1] INFO  server.RaftServerConfigKeys (ConfUtils.java:logGet(44)) - raft.server.log.appender.install.snapshot.enabled = false (custom)
2022-05-15 13:39:50,729 [pool-68-thread-1] INFO  server.RaftServer$Division (ServerState.java:<init>(105)) - a98e3fd9-023b-4e37-aef1-edb50590c409@group-EAEA9765D7C9: ConfigurationManager, init=-1: [958a473c-4c13-4b03-9f61-0a9623a5b7c6|rpc:10.1.0.20:39463|priority:0, 6001b742-1b53-4605-979c-f32d9fe31cac|rpc:10.1.0.20:37473|priority:0, a98e3fd9-023b-4e37-aef1-edb50590c409|rpc:10.1.0.20:34959|priority:1], old=null, confs=<EMPTY_MAP>
2022-05-15 13:39:50,729 [pool-68-thread-1] INFO  server.RaftServerConfigKeys (ConfUtils.java:logGet(44)) - raft.server.storage.dir = [/home/runner/work/ozone/ozone/hadoop-ozone/integration-test/target/test-dir/MiniOzoneClusterImpl-ba3764b4-de25-422b-9e99-6273bea7feb0/datanode-0/data/ratis] (custom)
2022-05-15 13:39:50,729 [pool-68-thread-1] INFO  server.RaftServerConfigKeys (ConfUtils.java:logGet(44)) - raft.server.log.corruption.policy = EXCEPTION (default)
2022-05-15 13:39:50,729 [pool-68-thread-1] INFO  server.RaftServerConfigKeys (ConfUtils.java:logGet(44)) - raft.server.storage.free-space.min = 0MB (=0) (default)
2022-05-15 13:39:50,730 [pool-68-thread-1] INFO  storage.RaftStorageDirectory (RaftStorageDirectoryImpl.java:analyzeStorage(135)) - The storage directory /home/runner/work/ozone/ozone/hadoop-ozone/integration-test/target/test-dir/MiniOzoneClusterImpl-ba3764b4-de25-422b-9e99-6273bea7feb0/datanode-0/data/ratis/add64664-5536-439f-bc5f-eaea9765d7c9 does not exist. Creating ...
2022-05-15 13:39:50,731 [pool-68-thread-1] INFO  storage.RaftStorageDirectory (RaftStorageDirectoryImpl.java:tryLock(230)) - Lock on /home/runner/work/ozone/ozone/hadoop-ozone/integration-test/target/test-dir/MiniOzoneClusterImpl-ba3764b4-de25-422b-9e99-6273bea7feb0/datanode-0/data/ratis/add64664-5536-439f-bc5f-eaea9765d7c9/in_use.lock acquired by nodename 19587@fv-az40-973
2022-05-15 13:39:50,733 [pool-68-thread-1] INFO  storage.RaftStorage (RaftStorageImpl.java:format(89)) - Storage directory /home/runner/work/ozone/ozone/hadoop-ozone/integration-test/target/test-dir/MiniOzoneClusterImpl-ba3764b4-de25-422b-9e99-6273bea7feb0/datanode-0/data/ratis/add64664-5536-439f-bc5f-eaea9765d7c9 has been successfully formatted.
2022-05-15 13:39:50,734 [pool-68-thread-1] INFO  ratis.ContainerStateMachine (ContainerStateMachine.java:loadSnapshot(236)) - group-EAEA9765D7C9: The snapshot info is null. Setting the last applied indexto:(t:0, i:~)
2022-05-15 13:39:50,734 [pool-68-thread-1] INFO  server.RaftServerConfigKeys (ConfUtils.java:logGet(44)) - raft.server.notification.no-leader.timeout = 300s (custom)
2022-05-15 13:39:50,734 [pool-68-thread-1] INFO  server.RaftServerConfigKeys (ConfUtils.java:logGet(44)) - raft.server.log.use.memory = false (default)
2022-05-15 13:39:50,735 [pool-68-thread-1] INFO  server.RaftServerConfigKeys (ConfUtils.java:logGet(44)) - raft.server.log.purge.gap = 1000000 (custom)
2022-05-15 13:39:50,735 [pool-68-thread-1] INFO  server.RaftServerConfigKeys (ConfUtils.java:logGet(44)) - raft.server.log.appender.buffer.byte-limit = 33554432 (custom)
2022-05-15 13:39:50,735 [EventQueue-OpenPipelineForHealthyPipelineSafeModeRule] INFO  safemode.SCMSafeModeManager (HealthyPipelineSafeModeRule.java:process(124)) - SCM in safe mode. Healthy pipelines reported count is 0, required healthy pipeline reported count is 1
2022-05-15 13:39:50,737 [pool-68-thread-1] INFO  server.RaftServerConfigKeys (ConfUtils.java:logGet(44)) - raft.server.log.segment.size.max = 1048576 (custom)
2022-05-15 13:39:50,738 [pool-68-thread-1] INFO  server.RaftServerConfigKeys (ConfUtils.java:logGet(44)) - raft.server.log.segment.cache.num.max = 2 (custom)
2022-05-15 13:39:50,738 [pool-68-thread-1] INFO  server.RaftServerConfigKeys (ConfUtils.java:logGet(44)) - raft.server.log.segment.cache.size.max = 200MB (=209715200) (default)
2022-05-15 13:39:50,738 [pool-68-thread-1] INFO  segmented.SegmentedRaftLogWorker (SegmentedRaftLogWorker.java:<init>(182)) - new a98e3fd9-023b-4e37-aef1-edb50590c409@group-EAEA9765D7C9-SegmentedRaftLogWorker for RaftStorageImpl:Storage Directory /home/runner/work/ozone/ozone/hadoop-ozone/integration-test/target/test-dir/MiniOzoneClusterImpl-ba3764b4-de25-422b-9e99-6273bea7feb0/datanode-0/data/ratis/add64664-5536-439f-bc5f-eaea9765d7c9
2022-05-15 13:39:50,738 [pool-68-thread-1] INFO  server.RaftServerConfigKeys (ConfUtils.java:logGet(44)) - raft.server.log.queue.byte-limit = 4294967296 (custom)
2022-05-15 13:39:50,738 [pool-68-thread-1] INFO  server.RaftServerConfigKeys (ConfUtils.java:logGet(44)) - raft.server.log.queue.element-limit = 1024 (custom)
2022-05-15 13:39:50,738 [pool-68-thread-1] INFO  server.RaftServerConfigKeys (ConfUtils.java:logGet(44)) - raft.server.log.segment.size.max = 1048576 (custom)
2022-05-15 13:39:50,738 [pool-68-thread-1] INFO  server.RaftServerConfigKeys (ConfUtils.java:logGet(44)) - raft.server.log.preallocated.size = 16384 (custom)
2022-05-15 13:39:50,738 [pool-68-thread-1] INFO  server.RaftServerConfigKeys (ConfUtils.java:logGet(44)) - raft.server.log.force.sync.num = 128 (default)
2022-05-15 13:39:50,738 [pool-68-thread-1] INFO  server.RaftServerConfigKeys (ConfUtils.java:logGet(44)) - raft.server.log.statemachine.data.sync = true (default)
2022-05-15 13:39:50,738 [pool-68-thread-1] INFO  server.RaftServerConfigKeys (ConfUtils.java:logGet(44)) - raft.server.log.statemachine.data.sync.timeout = 10s (default)
2022-05-15 13:39:50,738 [pool-68-thread-1] INFO  server.RaftServerConfigKeys (ConfUtils.java:logGet(44)) - raft.server.log.statemachine.data.sync.timeout.retry = -1 (default)
2022-05-15 13:39:50,739 [pool-68-thread-1] INFO  server.RaftServerConfigKeys (ConfUtils.java:logGet(44)) - raft.server.log.write.buffer.size = 1048576 (custom)
2022-05-15 13:39:50,740 [pool-68-thread-1] INFO  server.RaftServerConfigKeys (ConfUtils.java:logGet(44)) - raft.server.log.statemachine.data.caching.enabled = true (custom)
2022-05-15 13:39:50,740 [pool-68-thread-1] INFO  segmented.SegmentedRaftLogWorker (SegmentedRaftLogWorker.java:lambda$new$0(133)) - a98e3fd9-023b-4e37-aef1-edb50590c409@group-EAEA9765D7C9-SegmentedRaftLogWorker: flushIndex: setUnconditionally 0 -> -1
2022-05-15 13:39:50,740 [pool-68-thread-1] INFO  segmented.SegmentedRaftLogWorker (SegmentedRaftLogWorker.java:lambda$new$0(133)) - a98e3fd9-023b-4e37-aef1-edb50590c409@group-EAEA9765D7C9-SegmentedRaftLogWorker: safeCacheEvictIndex: setUnconditionally 0 -> -1
2022-05-15 13:39:50,752 [pool-68-thread-1] INFO  server.RaftServerConfigKeys (ConfUtils.java:logGet(44)) - raft.server.snapshot.auto.trigger.enabled = true (custom)
2022-05-15 13:39:50,752 [pool-68-thread-1] INFO  server.RaftServerConfigKeys (ConfUtils.java:logGet(44)) - raft.server.snapshot.auto.trigger.threshold = 10000 (custom)
2022-05-15 13:39:50,752 [pool-68-thread-1] INFO  server.RaftServerConfigKeys (ConfUtils.java:logGet(44)) - raft.server.snapshot.retention.file.num = 5 (custom)
2022-05-15 13:39:50,752 [pool-68-thread-1] INFO  server.RaftServerConfigKeys (ConfUtils.java:logGet(44)) - raft.server.log.purge.upto.snapshot.index = false (default)
2022-05-15 13:39:50,752 [pool-68-thread-1] INFO  server.RaftServerConfigKeys (ConfUtils.java:logGet(44)) - raft.server.retrycache.expirytime = 600000ms (custom)
2022-05-15 13:39:50,752 [pool-68-thread-1] INFO  server.RaftServerConfigKeys (ConfUtils.java:logGet(44)) - raft.server.retrycache.statistics.expirytime = 100μs (default)
2022-05-15 13:39:50,753 [pool-68-thread-1] INFO  server.RaftServer$Division (RaftServerImpl.java:start(301)) - a98e3fd9-023b-4e37-aef1-edb50590c409@group-EAEA9765D7C9: start as a follower, conf=-1: [958a473c-4c13-4b03-9f61-0a9623a5b7c6|rpc:10.1.0.20:39463|priority:0, 6001b742-1b53-4605-979c-f32d9fe31cac|rpc:10.1.0.20:37473|priority:0, a98e3fd9-023b-4e37-aef1-edb50590c409|rpc:10.1.0.20:34959|priority:1], old=null
2022-05-15 13:39:50,753 [pool-68-thread-1] INFO  server.RaftServer$Division (RaftServerImpl.java:setRole(290)) - a98e3fd9-023b-4e37-aef1-edb50590c409@group-EAEA9765D7C9: changes role from      null to FOLLOWER at term 0 for startAsFollower
2022-05-15 13:39:50,754 [pool-68-thread-1] INFO  impl.RoleInfo (RoleInfo.java:updateAndGet(130)) - a98e3fd9-023b-4e37-aef1-edb50590c409: start a98e3fd9-023b-4e37-aef1-edb50590c409@group-EAEA9765D7C9-FollowerState
2022-05-15 13:39:50,754 [pool-68-thread-1] INFO  util.JmxRegister (JmxRegister.java:tryRegister(44)) - Successfully registered JMX Bean with object name Ratis:service=RaftServer,group=group-EAEA9765D7C9,id=a98e3fd9-023b-4e37-aef1-edb50590c409
2022-05-15 13:39:50,758 [Command processor thread] INFO  ratis.XceiverServerRatis (XceiverServerRatis.java:addGroup(765)) - Created group PipelineID=add64664-5536-439f-bc5f-eaea9765d7c9
2022-05-15 13:39:50,769 [Command processor thread] INFO  commandhandler.CreatePipelineCommandHandler (CreatePipelineCommandHandler.java:handle(113)) - Created Pipeline RATIS THREE PipelineID=da4474e1-e98a-47d0-a26c-618aa8be2776.
2022-05-15 13:39:50,769 [Command processor thread] INFO  server.RaftServer (RaftServerProxy.java:addNew(95)) - 6001b742-1b53-4605-979c-f32d9fe31cac: addNew group-EAEA9765D7C9:[958a473c-4c13-4b03-9f61-0a9623a5b7c6|rpc:10.1.0.20:39463|priority:0, 6001b742-1b53-4605-979c-f32d9fe31cac|rpc:10.1.0.20:37473|priority:0, a98e3fd9-023b-4e37-aef1-edb50590c409|rpc:10.1.0.20:34959|priority:1] returns group-EAEA9765D7C9:java.util.concurrent.CompletableFuture@d064bda[Not completed]
2022-05-15 13:39:50,773 [pool-89-thread-1] INFO  server.RaftServer$Division (RaftServerImpl.java:<init>(184)) - 6001b742-1b53-4605-979c-f32d9fe31cac: new RaftServerImpl for group-EAEA9765D7C9:[958a473c-4c13-4b03-9f61-0a9623a5b7c6|rpc:10.1.0.20:39463|priority:0, 6001b742-1b53-4605-979c-f32d9fe31cac|rpc:10.1.0.20:37473|priority:0, a98e3fd9-023b-4e37-aef1-edb50590c409|rpc:10.1.0.20:34959|priority:1] with ContainerStateMachine:uninitialized
2022-05-15 13:39:50,773 [pool-89-thread-1] INFO  server.RaftServerConfigKeys (ConfUtils.java:logGet(44)) - raft.server.rpc.timeout.min = 5s (custom)
2022-05-15 13:39:50,773 [pool-89-thread-1] INFO  server.RaftServerConfigKeys (ConfUtils.java:logGet(44)) - raft.server.rpc.timeout.max = 5200ms (custom)
2022-05-15 13:39:50,774 [pool-89-thread-1] INFO  server.RaftServerConfigKeys (ConfUtils.java:logGet(44)) - raft.server.rpc.sleep.time = 25ms (default)
2022-05-15 13:39:50,774 [pool-89-thread-1] INFO  server.RaftServerConfigKeys (ConfUtils.java:logGet(44)) - raft.server.rpc.slowness.timeout = 300s (custom)
2022-05-15 13:39:50,774 [pool-89-thread-1] INFO  server.RaftServerConfigKeys (ConfUtils.java:logGet(44)) - raft.server.leaderelection.leader.step-down.wait-time = 10s (default)
2022-05-15 13:39:50,774 [pool-89-thread-1] INFO  server.RaftServerConfigKeys (ConfUtils.java:logGet(44)) - raft.server.sleep.deviation.threshold = 300ms (default)
2022-05-15 13:39:50,774 [pool-89-thread-1] INFO  server.RaftServerConfigKeys (ConfUtils.java:logGet(44)) - raft.server.log.appender.install.snapshot.enabled = false (custom)
2022-05-15 13:39:50,774 [pool-89-thread-1] INFO  server.RaftServer$Division (ServerState.java:<init>(105)) - 6001b742-1b53-4605-979c-f32d9fe31cac@group-EAEA9765D7C9: ConfigurationManager, init=-1: [958a473c-4c13-4b03-9f61-0a9623a5b7c6|rpc:10.1.0.20:39463|priority:0, 6001b742-1b53-4605-979c-f32d9fe31cac|rpc:10.1.0.20:37473|priority:0, a98e3fd9-023b-4e37-aef1-edb50590c409|rpc:10.1.0.20:34959|priority:1], old=null, confs=<EMPTY_MAP>
2022-05-15 13:39:50,774 [pool-89-thread-1] INFO  server.RaftServerConfigKeys (ConfUtils.java:logGet(44)) - raft.server.storage.dir = [/home/runner/work/ozone/ozone/hadoop-ozone/integration-test/target/test-dir/MiniOzoneClusterImpl-ba3764b4-de25-422b-9e99-6273bea7feb0/datanode-1/data/ratis] (custom)
2022-05-15 13:39:50,774 [pool-89-thread-1] INFO  server.RaftServerConfigKeys (ConfUtils.java:logGet(44)) - raft.server.log.corruption.policy = EXCEPTION (default)
2022-05-15 13:39:50,774 [pool-89-thread-1] INFO  server.RaftServerConfigKeys (ConfUtils.java:logGet(44)) - raft.server.storage.free-space.min = 0MB (=0) (default)
2022-05-15 13:39:50,774 [pool-89-thread-1] INFO  storage.RaftStorageDirectory (RaftStorageDirectoryImpl.java:analyzeStorage(135)) - The storage directory /home/runner/work/ozone/ozone/hadoop-ozone/integration-test/target/test-dir/MiniOzoneClusterImpl-ba3764b4-de25-422b-9e99-6273bea7feb0/datanode-1/data/ratis/add64664-5536-439f-bc5f-eaea9765d7c9 does not exist. Creating ...
2022-05-15 13:39:50,777 [pool-89-thread-1] INFO  storage.RaftStorageDirectory (RaftStorageDirectoryImpl.java:tryLock(230)) - Lock on /home/runner/work/ozone/ozone/hadoop-ozone/integration-test/target/test-dir/MiniOzoneClusterImpl-ba3764b4-de25-422b-9e99-6273bea7feb0/datanode-1/data/ratis/add64664-5536-439f-bc5f-eaea9765d7c9/in_use.lock acquired by nodename 19587@fv-az40-973
2022-05-15 13:39:50,778 [pool-89-thread-1] INFO  storage.RaftStorage (RaftStorageImpl.java:format(89)) - Storage directory /home/runner/work/ozone/ozone/hadoop-ozone/integration-test/target/test-dir/MiniOzoneClusterImpl-ba3764b4-de25-422b-9e99-6273bea7feb0/datanode-1/data/ratis/add64664-5536-439f-bc5f-eaea9765d7c9 has been successfully formatted.
2022-05-15 13:39:50,778 [pool-89-thread-1] INFO  ratis.ContainerStateMachine (ContainerStateMachine.java:loadSnapshot(236)) - group-EAEA9765D7C9: The snapshot info is null. Setting the last applied indexto:(t:0, i:~)
2022-05-15 13:39:50,778 [pool-89-thread-1] INFO  server.RaftServerConfigKeys (ConfUtils.java:logGet(44)) - raft.server.notification.no-leader.timeout = 300s (custom)
2022-05-15 13:39:50,778 [pool-89-thread-1] INFO  server.RaftServerConfigKeys (ConfUtils.java:logGet(44)) - raft.server.log.use.memory = false (default)
2022-05-15 13:39:50,778 [pool-89-thread-1] INFO  server.RaftServerConfigKeys (ConfUtils.java:logGet(44)) - raft.server.log.purge.gap = 1000000 (custom)
2022-05-15 13:39:50,778 [pool-89-thread-1] INFO  server.RaftServerConfigKeys (ConfUtils.java:logGet(44)) - raft.server.log.appender.buffer.byte-limit = 33554432 (custom)
2022-05-15 13:39:50,778 [pool-89-thread-1] INFO  server.RaftServerConfigKeys (ConfUtils.java:logGet(44)) - raft.server.log.segment.size.max = 1048576 (custom)
2022-05-15 13:39:50,779 [pool-89-thread-1] INFO  server.RaftServerConfigKeys (ConfUtils.java:logGet(44)) - raft.server.log.segment.cache.num.max = 2 (custom)
2022-05-15 13:39:50,779 [pool-89-thread-1] INFO  server.RaftServerConfigKeys (ConfUtils.java:logGet(44)) - raft.server.log.segment.cache.size.max = 200MB (=209715200) (default)
2022-05-15 13:39:50,779 [pool-89-thread-1] INFO  segmented.SegmentedRaftLogWorker (SegmentedRaftLogWorker.java:<init>(182)) - new 6001b742-1b53-4605-979c-f32d9fe31cac@group-EAEA9765D7C9-SegmentedRaftLogWorker for RaftStorageImpl:Storage Directory /home/runner/work/ozone/ozone/hadoop-ozone/integration-test/target/test-dir/MiniOzoneClusterImpl-ba3764b4-de25-422b-9e99-6273bea7feb0/datanode-1/data/ratis/add64664-5536-439f-bc5f-eaea9765d7c9
2022-05-15 13:39:50,779 [pool-89-thread-1] INFO  server.RaftServerConfigKeys (ConfUtils.java:logGet(44)) - raft.server.log.queue.byte-limit = 4294967296 (custom)
2022-05-15 13:39:50,779 [pool-89-thread-1] INFO  server.RaftServerConfigKeys (ConfUtils.java:logGet(44)) - raft.server.log.queue.element-limit = 1024 (custom)
2022-05-15 13:39:50,779 [pool-89-thread-1] INFO  server.RaftServerConfigKeys (ConfUtils.java:logGet(44)) - raft.server.log.segment.size.max = 1048576 (custom)
2022-05-15 13:39:50,779 [pool-89-thread-1] INFO  server.RaftServerConfigKeys (ConfUtils.java:logGet(44)) - raft.server.log.preallocated.size = 16384 (custom)
2022-05-15 13:39:50,779 [pool-89-thread-1] INFO  server.RaftServerConfigKeys (ConfUtils.java:logGet(44)) - raft.server.log.force.sync.num = 128 (default)
2022-05-15 13:39:50,779 [pool-89-thread-1] INFO  server.RaftServerConfigKeys (ConfUtils.java:logGet(44)) - raft.server.log.statemachine.data.sync = true (default)
2022-05-15 13:39:50,779 [pool-89-thread-1] INFO  server.RaftServerConfigKeys (ConfUtils.java:logGet(44)) - raft.server.log.statemachine.data.sync.timeout = 10s (default)
2022-05-15 13:39:50,779 [pool-89-thread-1] INFO  server.RaftServerConfigKeys (ConfUtils.java:logGet(44)) - raft.server.log.statemachine.data.sync.timeout.retry = -1 (default)
2022-05-15 13:39:50,780 [pool-89-thread-1] INFO  server.RaftServerConfigKeys (ConfUtils.java:logGet(44)) - raft.server.log.write.buffer.size = 1048576 (custom)
2022-05-15 13:39:50,781 [pool-89-thread-1] INFO  server.RaftServerConfigKeys (ConfUtils.java:logGet(44)) - raft.server.log.statemachine.data.caching.enabled = true (custom)
2022-05-15 13:39:50,781 [pool-89-thread-1] INFO  segmented.SegmentedRaftLogWorker (SegmentedRaftLogWorker.java:lambda$new$0(133)) - 6001b742-1b53-4605-979c-f32d9fe31cac@group-EAEA9765D7C9-SegmentedRaftLogWorker: flushIndex: setUnconditionally 0 -> -1
2022-05-15 13:39:50,781 [pool-89-thread-1] INFO  segmented.SegmentedRaftLogWorker (SegmentedRaftLogWorker.java:lambda$new$0(133)) - 6001b742-1b53-4605-979c-f32d9fe31cac@group-EAEA9765D7C9-SegmentedRaftLogWorker: safeCacheEvictIndex: setUnconditionally 0 -> -1
2022-05-15 13:39:50,781 [pool-89-thread-1] INFO  server.RaftServerConfigKeys (ConfUtils.java:logGet(44)) - raft.server.snapshot.auto.trigger.enabled = true (custom)
2022-05-15 13:39:50,782 [pool-89-thread-1] INFO  server.RaftServerConfigKeys (ConfUtils.java:logGet(44)) - raft.server.snapshot.auto.trigger.threshold = 10000 (custom)
2022-05-15 13:39:50,782 [pool-89-thread-1] INFO  server.RaftServerConfigKeys (ConfUtils.java:logGet(44)) - raft.server.snapshot.retention.file.num = 5 (custom)
2022-05-15 13:39:50,782 [pool-89-thread-1] INFO  server.RaftServerConfigKeys (ConfUtils.java:logGet(44)) - raft.server.log.purge.upto.snapshot.index = false (default)
2022-05-15 13:39:50,782 [pool-89-thread-1] INFO  server.RaftServerConfigKeys (ConfUtils.java:logGet(44)) - raft.server.retrycache.expirytime = 600000ms (custom)
2022-05-15 13:39:50,782 [pool-89-thread-1] INFO  server.RaftServerConfigKeys (ConfUtils.java:logGet(44)) - raft.server.retrycache.statistics.expirytime = 100μs (default)
2022-05-15 13:39:50,783 [pool-89-thread-1] INFO  server.RaftServer$Division (RaftServerImpl.java:start(301)) - 6001b742-1b53-4605-979c-f32d9fe31cac@group-EAEA9765D7C9: start as a follower, conf=-1: [958a473c-4c13-4b03-9f61-0a9623a5b7c6|rpc:10.1.0.20:39463|priority:0, 6001b742-1b53-4605-979c-f32d9fe31cac|rpc:10.1.0.20:37473|priority:0, a98e3fd9-023b-4e37-aef1-edb50590c409|rpc:10.1.0.20:34959|priority:1], old=null
2022-05-15 13:39:50,783 [pool-89-thread-1] INFO  server.RaftServer$Division (RaftServerImpl.java:setRole(290)) - 6001b742-1b53-4605-979c-f32d9fe31cac@group-EAEA9765D7C9: changes role from      null to FOLLOWER at term 0 for startAsFollower
2022-05-15 13:39:50,783 [pool-89-thread-1] INFO  impl.RoleInfo (RoleInfo.java:updateAndGet(130)) - 6001b742-1b53-4605-979c-f32d9fe31cac: start 6001b742-1b53-4605-979c-f32d9fe31cac@group-EAEA9765D7C9-FollowerState
2022-05-15 13:39:50,786 [pool-89-thread-1] INFO  util.JmxRegister (JmxRegister.java:tryRegister(44)) - Successfully registered JMX Bean with object name Ratis:service=RaftServer,group=group-EAEA9765D7C9,id=6001b742-1b53-4605-979c-f32d9fe31cac
2022-05-15 13:39:50,791 [Command processor thread] INFO  ratis.XceiverServerRatis (XceiverServerRatis.java:addGroup(765)) - Created group PipelineID=add64664-5536-439f-bc5f-eaea9765d7c9
2022-05-15 13:39:50,794 [EventQueue-OpenPipelineForHealthyPipelineSafeModeRule] INFO  safemode.SCMSafeModeManager (HealthyPipelineSafeModeRule.java:process(124)) - SCM in safe mode. Healthy pipelines reported count is 0, required healthy pipeline reported count is 1
2022-05-15 13:39:50,811 [grpc-default-executor-1] INFO  server.RaftServer (RaftServerProxy.java:addNew(95)) - 958a473c-4c13-4b03-9f61-0a9623a5b7c6: addNew group-EAEA9765D7C9:[958a473c-4c13-4b03-9f61-0a9623a5b7c6|rpc:10.1.0.20:39463|dataStream:|priority:0, 6001b742-1b53-4605-979c-f32d9fe31cac|rpc:10.1.0.20:37473|dataStream:|priority:0, a98e3fd9-023b-4e37-aef1-edb50590c409|rpc:10.1.0.20:34959|dataStream:|priority:1] returns group-EAEA9765D7C9:java.util.concurrent.CompletableFuture@557182b9[Not completed]
2022-05-15 13:39:50,812 [pool-110-thread-1] INFO  server.RaftServer$Division (RaftServerImpl.java:<init>(184)) - 958a473c-4c13-4b03-9f61-0a9623a5b7c6: new RaftServerImpl for group-EAEA9765D7C9:[958a473c-4c13-4b03-9f61-0a9623a5b7c6|rpc:10.1.0.20:39463|dataStream:|priority:0, 6001b742-1b53-4605-979c-f32d9fe31cac|rpc:10.1.0.20:37473|dataStream:|priority:0, a98e3fd9-023b-4e37-aef1-edb50590c409|rpc:10.1.0.20:34959|dataStream:|priority:1] with ContainerStateMachine:uninitialized
2022-05-15 13:39:50,812 [pool-110-thread-1] INFO  server.RaftServerConfigKeys (ConfUtils.java:logGet(44)) - raft.server.rpc.timeout.min = 5s (custom)
2022-05-15 13:39:50,813 [pool-110-thread-1] INFO  server.RaftServerConfigKeys (ConfUtils.java:logGet(44)) - raft.server.rpc.timeout.max = 5200ms (custom)
2022-05-15 13:39:50,813 [pool-110-thread-1] INFO  server.RaftServerConfigKeys (ConfUtils.java:logGet(44)) - raft.server.rpc.sleep.time = 25ms (default)
2022-05-15 13:39:50,813 [pool-110-thread-1] INFO  server.RaftServerConfigKeys (ConfUtils.java:logGet(44)) - raft.server.rpc.slowness.timeout = 300s (custom)
2022-05-15 13:39:50,813 [pool-110-thread-1] INFO  server.RaftServerConfigKeys (ConfUtils.java:logGet(44)) - raft.server.leaderelection.leader.step-down.wait-time = 10s (default)
2022-05-15 13:39:50,813 [pool-110-thread-1] INFO  server.RaftServerConfigKeys (ConfUtils.java:logGet(44)) - raft.server.sleep.deviation.threshold = 300ms (default)
2022-05-15 13:39:50,813 [pool-110-thread-1] INFO  server.RaftServerConfigKeys (ConfUtils.java:logGet(44)) - raft.server.log.appender.install.snapshot.enabled = false (custom)
2022-05-15 13:39:50,813 [pool-110-thread-1] INFO  server.RaftServer$Division (ServerState.java:<init>(105)) - 958a473c-4c13-4b03-9f61-0a9623a5b7c6@group-EAEA9765D7C9: ConfigurationManager, init=-1: [958a473c-4c13-4b03-9f61-0a9623a5b7c6|rpc:10.1.0.20:39463|dataStream:|priority:0, 6001b742-1b53-4605-979c-f32d9fe31cac|rpc:10.1.0.20:37473|dataStream:|priority:0, a98e3fd9-023b-4e37-aef1-edb50590c409|rpc:10.1.0.20:34959|dataStream:|priority:1], old=null, confs=<EMPTY_MAP>
2022-05-15 13:39:50,813 [pool-110-thread-1] INFO  server.RaftServerConfigKeys (ConfUtils.java:logGet(44)) - raft.server.storage.dir = [/home/runner/work/ozone/ozone/hadoop-ozone/integration-test/target/test-dir/MiniOzoneClusterImpl-ba3764b4-de25-422b-9e99-6273bea7feb0/datanode-2/data/ratis] (custom)
2022-05-15 13:39:50,813 [pool-110-thread-1] INFO  server.RaftServerConfigKeys (ConfUtils.java:logGet(44)) - raft.server.log.corruption.policy = EXCEPTION (default)
2022-05-15 13:39:50,813 [pool-110-thread-1] INFO  server.RaftServerConfigKeys (ConfUtils.java:logGet(44)) - raft.server.storage.free-space.min = 0MB (=0) (default)
2022-05-15 13:39:50,813 [pool-110-thread-1] INFO  storage.RaftStorageDirectory (RaftStorageDirectoryImpl.java:analyzeStorage(135)) - The storage directory /home/runner/work/ozone/ozone/hadoop-ozone/integration-test/target/test-dir/MiniOzoneClusterImpl-ba3764b4-de25-422b-9e99-6273bea7feb0/datanode-2/data/ratis/add64664-5536-439f-bc5f-eaea9765d7c9 does not exist. Creating ...
2022-05-15 13:39:50,814 [pool-110-thread-1] INFO  storage.RaftStorageDirectory (RaftStorageDirectoryImpl.java:tryLock(230)) - Lock on /home/runner/work/ozone/ozone/hadoop-ozone/integration-test/target/test-dir/MiniOzoneClusterImpl-ba3764b4-de25-422b-9e99-6273bea7feb0/datanode-2/data/ratis/add64664-5536-439f-bc5f-eaea9765d7c9/in_use.lock acquired by nodename 19587@fv-az40-973
2022-05-15 13:39:50,816 [pool-110-thread-1] INFO  storage.RaftStorage (RaftStorageImpl.java:format(89)) - Storage directory /home/runner/work/ozone/ozone/hadoop-ozone/integration-test/target/test-dir/MiniOzoneClusterImpl-ba3764b4-de25-422b-9e99-6273bea7feb0/datanode-2/data/ratis/add64664-5536-439f-bc5f-eaea9765d7c9 has been successfully formatted.
2022-05-15 13:39:50,816 [pool-110-thread-1] INFO  ratis.ContainerStateMachine (ContainerStateMachine.java:loadSnapshot(236)) - group-EAEA9765D7C9: The snapshot info is null. Setting the last applied indexto:(t:0, i:~)
2022-05-15 13:39:50,816 [pool-110-thread-1] INFO  server.RaftServerConfigKeys (ConfUtils.java:logGet(44)) - raft.server.notification.no-leader.timeout = 300s (custom)
2022-05-15 13:39:50,816 [pool-110-thread-1] INFO  server.RaftServerConfigKeys (ConfUtils.java:logGet(44)) - raft.server.log.use.memory = false (default)
2022-05-15 13:39:50,817 [pool-110-thread-1] INFO  server.RaftServerConfigKeys (ConfUtils.java:logGet(44)) - raft.server.log.purge.gap = 1000000 (custom)
2022-05-15 13:39:50,817 [pool-110-thread-1] INFO  server.RaftServerConfigKeys (ConfUtils.java:logGet(44)) - raft.server.log.appender.buffer.byte-limit = 33554432 (custom)
2022-05-15 13:39:50,817 [pool-110-thread-1] INFO  server.RaftServerConfigKeys (ConfUtils.java:logGet(44)) - raft.server.log.segment.size.max = 1048576 (custom)
2022-05-15 13:39:50,817 [pool-110-thread-1] INFO  server.RaftServerConfigKeys (ConfUtils.java:logGet(44)) - raft.server.log.segment.cache.num.max = 2 (custom)
2022-05-15 13:39:50,817 [pool-110-thread-1] INFO  server.RaftServerConfigKeys (ConfUtils.java:logGet(44)) - raft.server.log.segment.cache.size.max = 200MB (=209715200) (default)
2022-05-15 13:39:50,817 [pool-110-thread-1] INFO  segmented.SegmentedRaftLogWorker (SegmentedRaftLogWorker.java:<init>(182)) - new 958a473c-4c13-4b03-9f61-0a9623a5b7c6@group-EAEA9765D7C9-SegmentedRaftLogWorker for RaftStorageImpl:Storage Directory /home/runner/work/ozone/ozone/hadoop-ozone/integration-test/target/test-dir/MiniOzoneClusterImpl-ba3764b4-de25-422b-9e99-6273bea7feb0/datanode-2/data/ratis/add64664-5536-439f-bc5f-eaea9765d7c9
2022-05-15 13:39:50,817 [pool-110-thread-1] INFO  server.RaftServerConfigKeys (ConfUtils.java:logGet(44)) - raft.server.log.queue.byte-limit = 4294967296 (custom)
2022-05-15 13:39:50,817 [pool-110-thread-1] INFO  server.RaftServerConfigKeys (ConfUtils.java:logGet(44)) - raft.server.log.queue.element-limit = 1024 (custom)
2022-05-15 13:39:50,817 [pool-110-thread-1] INFO  server.RaftServerConfigKeys (ConfUtils.java:logGet(44)) - raft.server.log.segment.size.max = 1048576 (custom)
2022-05-15 13:39:50,817 [pool-110-thread-1] INFO  server.RaftServerConfigKeys (ConfUtils.java:logGet(44)) - raft.server.log.preallocated.size = 16384 (custom)
2022-05-15 13:39:50,817 [pool-110-thread-1] INFO  server.RaftServerConfigKeys (ConfUtils.java:logGet(44)) - raft.server.log.force.sync.num = 128 (default)
2022-05-15 13:39:50,817 [pool-110-thread-1] INFO  server.RaftServerConfigKeys (ConfUtils.java:logGet(44)) - raft.server.log.statemachine.data.sync = true (default)
2022-05-15 13:39:50,818 [pool-110-thread-1] INFO  server.RaftServerConfigKeys (ConfUtils.java:logGet(44)) - raft.server.log.statemachine.data.sync.timeout = 10s (default)
2022-05-15 13:39:50,818 [pool-110-thread-1] INFO  server.RaftServerConfigKeys (ConfUtils.java:logGet(44)) - raft.server.log.statemachine.data.sync.timeout.retry = -1 (default)
2022-05-15 13:39:50,818 [pool-110-thread-1] INFO  server.RaftServerConfigKeys (ConfUtils.java:logGet(44)) - raft.server.log.write.buffer.size = 1048576 (custom)
2022-05-15 13:39:50,818 [pool-110-thread-1] INFO  server.RaftServerConfigKeys (ConfUtils.java:logGet(44)) - raft.server.log.statemachine.data.caching.enabled = true (custom)
2022-05-15 13:39:50,818 [pool-110-thread-1] INFO  segmented.SegmentedRaftLogWorker (SegmentedRaftLogWorker.java:lambda$new$0(133)) - 958a473c-4c13-4b03-9f61-0a9623a5b7c6@group-EAEA9765D7C9-SegmentedRaftLogWorker: flushIndex: setUnconditionally 0 -> -1
2022-05-15 13:39:50,819 [pool-110-thread-1] INFO  segmented.SegmentedRaftLogWorker (SegmentedRaftLogWorker.java:lambda$new$0(133)) - 958a473c-4c13-4b03-9f61-0a9623a5b7c6@group-EAEA9765D7C9-SegmentedRaftLogWorker: safeCacheEvictIndex: setUnconditionally 0 -> -1
2022-05-15 13:39:50,825 [pool-110-thread-1] INFO  server.RaftServerConfigKeys (ConfUtils.java:logGet(44)) - raft.server.snapshot.auto.trigger.enabled = true (custom)
2022-05-15 13:39:50,825 [pool-110-thread-1] INFO  server.RaftServerConfigKeys (ConfUtils.java:logGet(44)) - raft.server.snapshot.auto.trigger.threshold = 10000 (custom)
2022-05-15 13:39:50,825 [pool-110-thread-1] INFO  server.RaftServerConfigKeys (ConfUtils.java:logGet(44)) - raft.server.snapshot.retention.file.num = 5 (custom)
2022-05-15 13:39:50,826 [pool-110-thread-1] INFO  server.RaftServerConfigKeys (ConfUtils.java:logGet(44)) - raft.server.log.purge.upto.snapshot.index = false (default)
2022-05-15 13:39:50,826 [pool-110-thread-1] INFO  server.RaftServerConfigKeys (ConfUtils.java:logGet(44)) - raft.server.retrycache.expirytime = 600000ms (custom)
2022-05-15 13:39:50,826 [pool-110-thread-1] INFO  server.RaftServerConfigKeys (ConfUtils.java:logGet(44)) - raft.server.retrycache.statistics.expirytime = 100μs (default)
2022-05-15 13:39:50,827 [Listener at 127.0.0.1/34203] INFO  ozone.MiniOzoneClusterImpl (MiniOzoneClusterImpl.java:lambda$waitForClusterToBeReady$0(221)) - Nodes are ready. Got 3 of 3 DN Heartbeats.
2022-05-15 13:39:50,827 [Listener at 127.0.0.1/34203] INFO  ozone.MiniOzoneClusterImpl (MiniOzoneClusterImpl.java:lambda$waitForClusterToBeReady$0(224)) - Waiting for cluster to exit safe mode
2022-05-15 13:39:50,827 [Listener at 127.0.0.1/34203] INFO  ozone.MiniOzoneClusterImpl (MiniOzoneClusterImpl.java:lambda$waitForClusterToBeReady$0(226)) - SCM became leader
2022-05-15 13:39:50,828 [pool-110-thread-1] INFO  server.RaftServer$Division (RaftServerImpl.java:start(301)) - 958a473c-4c13-4b03-9f61-0a9623a5b7c6@group-EAEA9765D7C9: start as a follower, conf=-1: [958a473c-4c13-4b03-9f61-0a9623a5b7c6|rpc:10.1.0.20:39463|dataStream:|priority:0, 6001b742-1b53-4605-979c-f32d9fe31cac|rpc:10.1.0.20:37473|dataStream:|priority:0, a98e3fd9-023b-4e37-aef1-edb50590c409|rpc:10.1.0.20:34959|dataStream:|priority:1], old=null
2022-05-15 13:39:50,828 [pool-110-thread-1] INFO  server.RaftServer$Division (RaftServerImpl.java:setRole(290)) - 958a473c-4c13-4b03-9f61-0a9623a5b7c6@group-EAEA9765D7C9: changes role from      null to FOLLOWER at term 0 for startAsFollower
2022-05-15 13:39:50,828 [pool-110-thread-1] INFO  impl.RoleInfo (RoleInfo.java:updateAndGet(130)) - 958a473c-4c13-4b03-9f61-0a9623a5b7c6: start 958a473c-4c13-4b03-9f61-0a9623a5b7c6@group-EAEA9765D7C9-FollowerState
2022-05-15 13:39:50,829 [pool-110-thread-1] INFO  util.JmxRegister (JmxRegister.java:tryRegister(44)) - Successfully registered JMX Bean with object name Ratis:service=RaftServer,group=group-EAEA9765D7C9,id=958a473c-4c13-4b03-9f61-0a9623a5b7c6
2022-05-15 13:39:50,834 [Command processor thread] INFO  server.RaftServer (RaftServerProxy.java:addNew(95)) - 958a473c-4c13-4b03-9f61-0a9623a5b7c6: addNew group-1B701B63EF77:[958a473c-4c13-4b03-9f61-0a9623a5b7c6|rpc:10.1.0.20:39463|priority:1] returns group-1B701B63EF77:java.util.concurrent.CompletableFuture@13d5246f[Not completed]
2022-05-15 13:39:50,839 [pool-110-thread-1] INFO  server.RaftServer$Division (RaftServerImpl.java:<init>(184)) - 958a473c-4c13-4b03-9f61-0a9623a5b7c6: new RaftServerImpl for group-1B701B63EF77:[958a473c-4c13-4b03-9f61-0a9623a5b7c6|rpc:10.1.0.20:39463|priority:1] with ContainerStateMachine:uninitialized
2022-05-15 13:39:50,839 [pool-110-thread-1] INFO  server.RaftServerConfigKeys (ConfUtils.java:logGet(44)) - raft.server.rpc.timeout.min = 5s (custom)
2022-05-15 13:39:50,839 [pool-110-thread-1] INFO  server.RaftServerConfigKeys (ConfUtils.java:logGet(44)) - raft.server.rpc.timeout.max = 5200ms (custom)
2022-05-15 13:39:50,839 [pool-110-thread-1] INFO  server.RaftServerConfigKeys (ConfUtils.java:logGet(44)) - raft.server.rpc.sleep.time = 25ms (default)
2022-05-15 13:39:50,839 [pool-110-thread-1] INFO  server.RaftServerConfigKeys (ConfUtils.java:logGet(44)) - raft.server.rpc.slowness.timeout = 300s (custom)
2022-05-15 13:39:50,839 [pool-110-thread-1] INFO  server.RaftServerConfigKeys (ConfUtils.java:logGet(44)) - raft.server.leaderelection.leader.step-down.wait-time = 10s (default)
2022-05-15 13:39:50,839 [pool-110-thread-1] INFO  server.RaftServerConfigKeys (ConfUtils.java:logGet(44)) - raft.server.sleep.deviation.threshold = 300ms (default)
2022-05-15 13:39:50,840 [pool-110-thread-1] INFO  server.RaftServerConfigKeys (ConfUtils.java:logGet(44)) - raft.server.log.appender.install.snapshot.enabled = false (custom)
2022-05-15 13:39:50,840 [pool-110-thread-1] INFO  server.RaftServer$Division (ServerState.java:<init>(105)) - 958a473c-4c13-4b03-9f61-0a9623a5b7c6@group-1B701B63EF77: ConfigurationManager, init=-1: [958a473c-4c13-4b03-9f61-0a9623a5b7c6|rpc:10.1.0.20:39463|priority:1], old=null, confs=<EMPTY_MAP>
2022-05-15 13:39:50,840 [pool-110-thread-1] INFO  server.RaftServerConfigKeys (ConfUtils.java:logGet(44)) - raft.server.storage.dir = [/home/runner/work/ozone/ozone/hadoop-ozone/integration-test/target/test-dir/MiniOzoneClusterImpl-ba3764b4-de25-422b-9e99-6273bea7feb0/datanode-2/data/ratis] (custom)
2022-05-15 13:39:50,840 [pool-110-thread-1] INFO  server.RaftServerConfigKeys (ConfUtils.java:logGet(44)) - raft.server.log.corruption.policy = EXCEPTION (default)
2022-05-15 13:39:50,840 [pool-110-thread-1] INFO  server.RaftServerConfigKeys (ConfUtils.java:logGet(44)) - raft.server.storage.free-space.min = 0MB (=0) (default)
2022-05-15 13:39:50,840 [pool-110-thread-1] INFO  storage.RaftStorageDirectory (RaftStorageDirectoryImpl.java:analyzeStorage(135)) - The storage directory /home/runner/work/ozone/ozone/hadoop-ozone/integration-test/target/test-dir/MiniOzoneClusterImpl-ba3764b4-de25-422b-9e99-6273bea7feb0/datanode-2/data/ratis/4df8a6a0-3266-4583-91de-1b701b63ef77 does not exist. Creating ...
2022-05-15 13:39:50,842 [pool-110-thread-1] INFO  storage.RaftStorageDirectory (RaftStorageDirectoryImpl.java:tryLock(230)) - Lock on /home/runner/work/ozone/ozone/hadoop-ozone/integration-test/target/test-dir/MiniOzoneClusterImpl-ba3764b4-de25-422b-9e99-6273bea7feb0/datanode-2/data/ratis/4df8a6a0-3266-4583-91de-1b701b63ef77/in_use.lock acquired by nodename 19587@fv-az40-973
2022-05-15 13:39:50,843 [pool-110-thread-1] INFO  storage.RaftStorage (RaftStorageImpl.java:format(89)) - Storage directory /home/runner/work/ozone/ozone/hadoop-ozone/integration-test/target/test-dir/MiniOzoneClusterImpl-ba3764b4-de25-422b-9e99-6273bea7feb0/datanode-2/data/ratis/4df8a6a0-3266-4583-91de-1b701b63ef77 has been successfully formatted.
2022-05-15 13:39:50,844 [pool-110-thread-1] INFO  ratis.ContainerStateMachine (ContainerStateMachine.java:loadSnapshot(236)) - group-1B701B63EF77: The snapshot info is null. Setting the last applied indexto:(t:0, i:~)
2022-05-15 13:39:50,844 [pool-110-thread-1] INFO  server.RaftServerConfigKeys (ConfUtils.java:logGet(44)) - raft.server.notification.no-leader.timeout = 300s (custom)
2022-05-15 13:39:50,844 [pool-110-thread-1] INFO  server.RaftServerConfigKeys (ConfUtils.java:logGet(44)) - raft.server.log.use.memory = false (default)
2022-05-15 13:39:50,844 [pool-110-thread-1] INFO  server.RaftServerConfigKeys (ConfUtils.java:logGet(44)) - raft.server.log.purge.gap = 1000000 (custom)
2022-05-15 13:39:50,844 [pool-110-thread-1] INFO  server.RaftServerConfigKeys (ConfUtils.java:logGet(44)) - raft.server.log.appender.buffer.byte-limit = 33554432 (custom)
2022-05-15 13:39:50,844 [pool-110-thread-1] INFO  server.RaftServerConfigKeys (ConfUtils.java:logGet(44)) - raft.server.log.segment.size.max = 1048576 (custom)
2022-05-15 13:39:50,845 [pool-110-thread-1] INFO  server.RaftServerConfigKeys (ConfUtils.java:logGet(44)) - raft.server.log.segment.cache.num.max = 2 (custom)
2022-05-15 13:39:50,845 [pool-110-thread-1] INFO  server.RaftServerConfigKeys (ConfUtils.java:logGet(44)) - raft.server.log.segment.cache.size.max = 200MB (=209715200) (default)
2022-05-15 13:39:50,845 [pool-110-thread-1] INFO  segmented.SegmentedRaftLogWorker (SegmentedRaftLogWorker.java:<init>(182)) - new 958a473c-4c13-4b03-9f61-0a9623a5b7c6@group-1B701B63EF77-SegmentedRaftLogWorker for RaftStorageImpl:Storage Directory /home/runner/work/ozone/ozone/hadoop-ozone/integration-test/target/test-dir/MiniOzoneClusterImpl-ba3764b4-de25-422b-9e99-6273bea7feb0/datanode-2/data/ratis/4df8a6a0-3266-4583-91de-1b701b63ef77
2022-05-15 13:39:50,845 [pool-110-thread-1] INFO  server.RaftServerConfigKeys (ConfUtils.java:logGet(44)) - raft.server.log.queue.byte-limit = 4294967296 (custom)
2022-05-15 13:39:50,845 [pool-110-thread-1] INFO  server.RaftServerConfigKeys (ConfUtils.java:logGet(44)) - raft.server.log.queue.element-limit = 1024 (custom)
2022-05-15 13:39:50,845 [pool-110-thread-1] INFO  server.RaftServerConfigKeys (ConfUtils.java:logGet(44)) - raft.server.log.segment.size.max = 1048576 (custom)
2022-05-15 13:39:50,845 [pool-110-thread-1] INFO  server.RaftServerConfigKeys (ConfUtils.java:logGet(44)) - raft.server.log.preallocated.size = 16384 (custom)
2022-05-15 13:39:50,845 [pool-110-thread-1] INFO  server.RaftServerConfigKeys (ConfUtils.java:logGet(44)) - raft.server.log.force.sync.num = 128 (default)
2022-05-15 13:39:50,846 [pool-110-thread-1] INFO  server.RaftServerConfigKeys (ConfUtils.java:logGet(44)) - raft.server.log.statemachine.data.sync = true (default)
2022-05-15 13:39:50,846 [pool-110-thread-1] INFO  server.RaftServerConfigKeys (ConfUtils.java:logGet(44)) - raft.server.log.statemachine.data.sync.timeout = 10s (default)
2022-05-15 13:39:50,846 [pool-110-thread-1] INFO  server.RaftServerConfigKeys (ConfUtils.java:logGet(44)) - raft.server.log.statemachine.data.sync.timeout.retry = -1 (default)
2022-05-15 13:39:50,846 [pool-110-thread-1] INFO  server.RaftServerConfigKeys (ConfUtils.java:logGet(44)) - raft.server.log.write.buffer.size = 1048576 (custom)
2022-05-15 13:39:50,846 [pool-110-thread-1] INFO  server.RaftServerConfigKeys (ConfUtils.java:logGet(44)) - raft.server.log.statemachine.data.caching.enabled = true (custom)
2022-05-15 13:39:50,846 [pool-110-thread-1] INFO  segmented.SegmentedRaftLogWorker (SegmentedRaftLogWorker.java:lambda$new$0(133)) - 958a473c-4c13-4b03-9f61-0a9623a5b7c6@group-1B701B63EF77-SegmentedRaftLogWorker: flushIndex: setUnconditionally 0 -> -1
2022-05-15 13:39:50,847 [pool-110-thread-1] INFO  segmented.SegmentedRaftLogWorker (SegmentedRaftLogWorker.java:lambda$new$0(133)) - 958a473c-4c13-4b03-9f61-0a9623a5b7c6@group-1B701B63EF77-SegmentedRaftLogWorker: safeCacheEvictIndex: setUnconditionally 0 -> -1
2022-05-15 13:39:50,851 [pool-110-thread-1] INFO  server.RaftServerConfigKeys (ConfUtils.java:logGet(44)) - raft.server.snapshot.auto.trigger.enabled = true (custom)
2022-05-15 13:39:50,851 [pool-110-thread-1] INFO  server.RaftServerConfigKeys (ConfUtils.java:logGet(44)) - raft.server.snapshot.auto.trigger.threshold = 10000 (custom)
2022-05-15 13:39:50,851 [pool-110-thread-1] INFO  server.RaftServerConfigKeys (ConfUtils.java:logGet(44)) - raft.server.snapshot.retention.file.num = 5 (custom)
2022-05-15 13:39:50,851 [pool-110-thread-1] INFO  server.RaftServerConfigKeys (ConfUtils.java:logGet(44)) - raft.server.log.purge.upto.snapshot.index = false (default)
2022-05-15 13:39:50,851 [pool-110-thread-1] INFO  server.RaftServerConfigKeys (ConfUtils.java:logGet(44)) - raft.server.retrycache.expirytime = 600000ms (custom)
2022-05-15 13:39:50,851 [pool-110-thread-1] INFO  server.RaftServerConfigKeys (ConfUtils.java:logGet(44)) - raft.server.retrycache.statistics.expirytime = 100μs (default)
2022-05-15 13:39:50,852 [pool-110-thread-1] INFO  server.RaftServer$Division (RaftServerImpl.java:start(301)) - 958a473c-4c13-4b03-9f61-0a9623a5b7c6@group-1B701B63EF77: start as a follower, conf=-1: [958a473c-4c13-4b03-9f61-0a9623a5b7c6|rpc:10.1.0.20:39463|priority:1], old=null
2022-05-15 13:39:50,852 [pool-110-thread-1] INFO  server.RaftServer$Division (RaftServerImpl.java:setRole(290)) - 958a473c-4c13-4b03-9f61-0a9623a5b7c6@group-1B701B63EF77: changes role from      null to FOLLOWER at term 0 for startAsFollower
2022-05-15 13:39:50,852 [pool-110-thread-1] INFO  impl.RoleInfo (RoleInfo.java:updateAndGet(130)) - 958a473c-4c13-4b03-9f61-0a9623a5b7c6: start 958a473c-4c13-4b03-9f61-0a9623a5b7c6@group-1B701B63EF77-FollowerState
2022-05-15 13:39:50,856 [pool-110-thread-1] INFO  util.JmxRegister (JmxRegister.java:tryRegister(44)) - Successfully registered JMX Bean with object name Ratis:service=RaftServer,group=group-1B701B63EF77,id=958a473c-4c13-4b03-9f61-0a9623a5b7c6
2022-05-15 13:39:50,861 [Command processor thread] INFO  commandhandler.CreatePipelineCommandHandler (CreatePipelineCommandHandler.java:handle(113)) - Created Pipeline RATIS THREE PipelineID=add64664-5536-439f-bc5f-eaea9765d7c9.
2022-05-15 13:39:50,862 [Command processor thread] INFO  ratis.XceiverServerRatis (XceiverServerRatis.java:addGroup(765)) - Created group PipelineID=4df8a6a0-3266-4583-91de-1b701b63ef77
2022-05-15 13:39:50,862 [Command processor thread] INFO  commandhandler.CreatePipelineCommandHandler (CreatePipelineCommandHandler.java:handle(113)) - Created Pipeline RATIS ONE PipelineID=4df8a6a0-3266-4583-91de-1b701b63ef77.
2022-05-15 13:39:50,867 [EventQueue-PipelineReportForPipelineReportHandler] INFO  pipeline.PipelineManagerImpl (PipelineManagerImpl.java:openPipeline(336)) - Pipeline Pipeline[ Id: 4df8a6a0-3266-4583-91de-1b701b63ef77, Nodes: 958a473c-4c13-4b03-9f61-0a9623a5b7c6{ip: 10.1.0.20, host: fv-az40-973.r1qzdtoifymehf5jtx2d0vwyfg.bx.internal.cloudapp.net, ports: [REPLICATION=44217, RATIS=39463, RATIS_ADMIN=39463, RATIS_SERVER=39463, STANDALONE=45325], networkLocation: /default-rack, certSerialId: null, persistedOpState: IN_SERVICE, persistedOpStateExpiryEpochSec: 0}, ReplicationConfig: RATIS/ONE, State:ALLOCATED, leaderId:958a473c-4c13-4b03-9f61-0a9623a5b7c6, CreationTimestamp2022-05-15T13:39:47.837Z[Etc/UTC]] moved to OPEN state
2022-05-15 13:39:50,870 [EventQueue-OpenPipelineForHealthyPipelineSafeModeRule] INFO  safemode.SCMSafeModeManager (HealthyPipelineSafeModeRule.java:process(124)) - SCM in safe mode. Healthy pipelines reported count is 0, required healthy pipeline reported count is 1
2022-05-15 13:39:50,884 [Command processor thread] INFO  commandhandler.CreatePipelineCommandHandler (CreatePipelineCommandHandler.java:handle(113)) - Created Pipeline RATIS THREE PipelineID=add64664-5536-439f-bc5f-eaea9765d7c9.
2022-05-15 13:39:51,827 [Listener at 127.0.0.1/34203] INFO  ozone.MiniOzoneClusterImpl (MiniOzoneClusterImpl.java:lambda$waitForClusterToBeReady$0(221)) - Nodes are ready. Got 3 of 3 DN Heartbeats.
2022-05-15 13:39:51,828 [Listener at 127.0.0.1/34203] INFO  ozone.MiniOzoneClusterImpl (MiniOzoneClusterImpl.java:lambda$waitForClusterToBeReady$0(224)) - Waiting for cluster to exit safe mode
2022-05-15 13:39:51,828 [Listener at 127.0.0.1/34203] INFO  ozone.MiniOzoneClusterImpl (MiniOzoneClusterImpl.java:lambda$waitForClusterToBeReady$0(226)) - SCM became leader
2022-05-15 13:39:52,828 [Listener at 127.0.0.1/34203] INFO  ozone.MiniOzoneClusterImpl (MiniOzoneClusterImpl.java:lambda$waitForClusterToBeReady$0(221)) - Nodes are ready. Got 3 of 3 DN Heartbeats.
2022-05-15 13:39:52,829 [Listener at 127.0.0.1/34203] INFO  ozone.MiniOzoneClusterImpl (MiniOzoneClusterImpl.java:lambda$waitForClusterToBeReady$0(224)) - Waiting for cluster to exit safe mode
2022-05-15 13:39:52,829 [Listener at 127.0.0.1/34203] INFO  ozone.MiniOzoneClusterImpl (MiniOzoneClusterImpl.java:lambda$waitForClusterToBeReady$0(226)) - SCM became leader
2022-05-15 13:39:53,829 [Listener at 127.0.0.1/34203] INFO  ozone.MiniOzoneClusterImpl (MiniOzoneClusterImpl.java:lambda$waitForClusterToBeReady$0(221)) - Nodes are ready. Got 3 of 3 DN Heartbeats.
2022-05-15 13:39:53,829 [Listener at 127.0.0.1/34203] INFO  ozone.MiniOzoneClusterImpl (MiniOzoneClusterImpl.java:lambda$waitForClusterToBeReady$0(224)) - Waiting for cluster to exit safe mode
2022-05-15 13:39:53,830 [Listener at 127.0.0.1/34203] INFO  ozone.MiniOzoneClusterImpl (MiniOzoneClusterImpl.java:lambda$waitForClusterToBeReady$0(226)) - SCM became leader
2022-05-15 13:39:54,830 [Listener at 127.0.0.1/34203] INFO  ozone.MiniOzoneClusterImpl (MiniOzoneClusterImpl.java:lambda$waitForClusterToBeReady$0(221)) - Nodes are ready. Got 3 of 3 DN Heartbeats.
2022-05-15 13:39:54,830 [Listener at 127.0.0.1/34203] INFO  ozone.MiniOzoneClusterImpl (MiniOzoneClusterImpl.java:lambda$waitForClusterToBeReady$0(224)) - Waiting for cluster to exit safe mode
2022-05-15 13:39:54,830 [Listener at 127.0.0.1/34203] INFO  ozone.MiniOzoneClusterImpl (MiniOzoneClusterImpl.java:lambda$waitForClusterToBeReady$0(226)) - SCM became leader
2022-05-15 13:39:55,133 [a98e3fd9-023b-4e37-aef1-edb50590c409@group-4E1866BA808B-FollowerState] INFO  impl.FollowerState (FollowerState.java:run(134)) - a98e3fd9-023b-4e37-aef1-edb50590c409@group-4E1866BA808B-FollowerState: change to CANDIDATE, lastRpcElapsedTime:5116288741ns, electionTimeout:5096ms
2022-05-15 13:39:55,134 [a98e3fd9-023b-4e37-aef1-edb50590c409@group-4E1866BA808B-FollowerState] INFO  impl.RoleInfo (RoleInfo.java:shutdownFollowerState(108)) - a98e3fd9-023b-4e37-aef1-edb50590c409: shutdown a98e3fd9-023b-4e37-aef1-edb50590c409@group-4E1866BA808B-FollowerState
2022-05-15 13:39:55,134 [a98e3fd9-023b-4e37-aef1-edb50590c409@group-4E1866BA808B-FollowerState] INFO  server.RaftServer$Division (RaftServerImpl.java:setRole(290)) - a98e3fd9-023b-4e37-aef1-edb50590c409@group-4E1866BA808B: changes role from  FOLLOWER to CANDIDATE at term 0 for changeToCandidate
2022-05-15 13:39:55,134 [a98e3fd9-023b-4e37-aef1-edb50590c409@group-4E1866BA808B-FollowerState] INFO  server.RaftServerConfigKeys (ConfUtils.java:logGet(44)) - raft.server.leaderelection.pre-vote = false (custom)
2022-05-15 13:39:55,134 [a98e3fd9-023b-4e37-aef1-edb50590c409@group-4E1866BA808B-FollowerState] INFO  impl.RoleInfo (RoleInfo.java:updateAndGet(130)) - a98e3fd9-023b-4e37-aef1-edb50590c409: start a98e3fd9-023b-4e37-aef1-edb50590c409@group-4E1866BA808B-LeaderElection2
2022-05-15 13:39:55,143 [a98e3fd9-023b-4e37-aef1-edb50590c409@group-4E1866BA808B-LeaderElection2] INFO  impl.LeaderElection (LeaderElection.java:askForVotes(306)) - a98e3fd9-023b-4e37-aef1-edb50590c409@group-4E1866BA808B-LeaderElection2 ELECTION round 0: submit vote requests at term 1 for -1: [a98e3fd9-023b-4e37-aef1-edb50590c409|rpc:10.1.0.20:34959|priority:1], old=null
2022-05-15 13:39:55,143 [a98e3fd9-023b-4e37-aef1-edb50590c409@group-4E1866BA808B-LeaderElection2] INFO  impl.LeaderElection (LeaderElection.java:askForVotes(308)) - a98e3fd9-023b-4e37-aef1-edb50590c409@group-4E1866BA808B-LeaderElection2 ELECTION round 0: result PASSED (term=1)
2022-05-15 13:39:55,143 [a98e3fd9-023b-4e37-aef1-edb50590c409@group-4E1866BA808B-LeaderElection2] INFO  impl.RoleInfo (RoleInfo.java:shutdownLeaderElection(121)) - a98e3fd9-023b-4e37-aef1-edb50590c409: shutdown a98e3fd9-023b-4e37-aef1-edb50590c409@group-4E1866BA808B-LeaderElection2
2022-05-15 13:39:55,143 [a98e3fd9-023b-4e37-aef1-edb50590c409@group-4E1866BA808B-LeaderElection2] INFO  server.RaftServer$Division (RaftServerImpl.java:setRole(290)) - a98e3fd9-023b-4e37-aef1-edb50590c409@group-4E1866BA808B: changes role from CANDIDATE to LEADER at term 1 for changeToLeader
2022-05-15 13:39:55,143 [a98e3fd9-023b-4e37-aef1-edb50590c409@group-4E1866BA808B-LeaderElection2] INFO  ratis.XceiverServerRatis (XceiverServerRatis.java:handleLeaderChangedNotification(863)) - Leader change notification received for group: group-4E1866BA808B with new leaderId: a98e3fd9-023b-4e37-aef1-edb50590c409
2022-05-15 13:39:55,144 [a98e3fd9-023b-4e37-aef1-edb50590c409@group-4E1866BA808B-LeaderElection2] INFO  server.RaftServer$Division (ServerState.java:setLeader(285)) - a98e3fd9-023b-4e37-aef1-edb50590c409@group-4E1866BA808B: change Leader from null to a98e3fd9-023b-4e37-aef1-edb50590c409 at term 1 for becomeLeader, leader elected after 5135ms
2022-05-15 13:39:55,144 [a98e3fd9-023b-4e37-aef1-edb50590c409@group-4E1866BA808B-LeaderElection2] INFO  server.RaftServerConfigKeys (ConfUtils.java:logGet(44)) - raft.server.staging.catchup.gap = 1000 (default)
2022-05-15 13:39:55,144 [a98e3fd9-023b-4e37-aef1-edb50590c409@group-4E1866BA808B-LeaderElection2] INFO  server.RaftServerConfigKeys (ConfUtils.java:logGet(44)) - raft.server.write.element-limit = 1024 (custom)
2022-05-15 13:39:55,144 [a98e3fd9-023b-4e37-aef1-edb50590c409@group-4E1866BA808B-LeaderElection2] INFO  server.RaftServerConfigKeys (ConfUtils.java:logGet(44)) - raft.server.write.byte-limit = 1024 M (=1073741824) (custom)
2022-05-15 13:39:55,144 [a98e3fd9-023b-4e37-aef1-edb50590c409@group-4E1866BA808B-LeaderElection2] INFO  server.RaftServerConfigKeys (ConfUtils.java:logGet(44)) - raft.server.watch.timeout = 180s (custom)
2022-05-15 13:39:55,145 [a98e3fd9-023b-4e37-aef1-edb50590c409@group-4E1866BA808B-LeaderElection2] INFO  server.RaftServerConfigKeys (ConfUtils.java:logGet(44)) - raft.server.watch.timeout.denomination = 1s (default)
2022-05-15 13:39:55,145 [a98e3fd9-023b-4e37-aef1-edb50590c409@group-4E1866BA808B-LeaderElection2] INFO  server.RaftServerConfigKeys (ConfUtils.java:logGet(44)) - raft.server.watch.element-limit = 65536 (default)
2022-05-15 13:39:55,145 [a98e3fd9-023b-4e37-aef1-edb50590c409@group-4E1866BA808B-LeaderElection2] INFO  server.RaftServerConfigKeys (ConfUtils.java:logGet(44)) - raft.server.write.element-limit = 1024 (custom)
2022-05-15 13:39:55,145 [a98e3fd9-023b-4e37-aef1-edb50590c409@group-4E1866BA808B-LeaderElection2] INFO  server.RaftServerConfigKeys (ConfUtils.java:logGet(44)) - raft.server.write.follower.gap.ratio.max = -1.0 (default)
2022-05-15 13:39:55,145 [a98e3fd9-023b-4e37-aef1-edb50590c409@group-4E1866BA808B-LeaderElection2] INFO  impl.RoleInfo (RoleInfo.java:updateAndGet(130)) - a98e3fd9-023b-4e37-aef1-edb50590c409: start a98e3fd9-023b-4e37-aef1-edb50590c409@group-4E1866BA808B-LeaderStateImpl
2022-05-15 13:39:55,145 [a98e3fd9-023b-4e37-aef1-edb50590c409@group-4E1866BA808B-LeaderElection2] INFO  segmented.SegmentedRaftLogWorker (SegmentedRaftLogWorker.java:startLogSegment(394)) - a98e3fd9-023b-4e37-aef1-edb50590c409@group-4E1866BA808B-SegmentedRaftLogWorker: Starting segment from index:0
2022-05-15 13:39:55,147 [a98e3fd9-023b-4e37-aef1-edb50590c409@group-4E1866BA808B-SegmentedRaftLogWorker] INFO  segmented.SegmentedRaftLogWorker (SegmentedRaftLogWorker.java:execute(601)) - a98e3fd9-023b-4e37-aef1-edb50590c409@group-4E1866BA808B-SegmentedRaftLogWorker: created new log segment /home/runner/work/ozone/ozone/hadoop-ozone/integration-test/target/test-dir/MiniOzoneClusterImpl-ba3764b4-de25-422b-9e99-6273bea7feb0/datanode-0/data/ratis/2afe00e2-49ae-4534-a684-4e1866ba808b/current/log_inprogress_0
2022-05-15 13:39:55,148 [a98e3fd9-023b-4e37-aef1-edb50590c409@group-4E1866BA808B-LeaderElection2] INFO  server.RaftServer$Division (ServerState.java:setRaftConf(387)) - a98e3fd9-023b-4e37-aef1-edb50590c409@group-4E1866BA808B: set configuration 0: [a98e3fd9-023b-4e37-aef1-edb50590c409|rpc:10.1.0.20:34959|dataStream:|priority:1], old=null
2022-05-15 13:39:55,150 [EventQueue-OpenPipelineForHealthyPipelineSafeModeRule] INFO  safemode.SCMSafeModeManager (HealthyPipelineSafeModeRule.java:process(124)) - SCM in safe mode. Healthy pipelines reported count is 0, required healthy pipeline reported count is 1
2022-05-15 13:39:55,224 [a98e3fd9-023b-4e37-aef1-edb50590c409@group-618AA8BE2776-FollowerState] INFO  impl.FollowerState (FollowerState.java:run(134)) - a98e3fd9-023b-4e37-aef1-edb50590c409@group-618AA8BE2776-FollowerState: change to CANDIDATE, lastRpcElapsedTime:5159619509ns, electionTimeout:5154ms
2022-05-15 13:39:55,225 [a98e3fd9-023b-4e37-aef1-edb50590c409@group-618AA8BE2776-FollowerState] INFO  impl.RoleInfo (RoleInfo.java:shutdownFollowerState(108)) - a98e3fd9-023b-4e37-aef1-edb50590c409: shutdown a98e3fd9-023b-4e37-aef1-edb50590c409@group-618AA8BE2776-FollowerState
2022-05-15 13:39:55,225 [a98e3fd9-023b-4e37-aef1-edb50590c409@group-618AA8BE2776-FollowerState] INFO  server.RaftServer$Division (RaftServerImpl.java:setRole(290)) - a98e3fd9-023b-4e37-aef1-edb50590c409@group-618AA8BE2776: changes role from  FOLLOWER to CANDIDATE at term 0 for changeToCandidate
2022-05-15 13:39:55,225 [a98e3fd9-023b-4e37-aef1-edb50590c409@group-618AA8BE2776-FollowerState] INFO  server.RaftServerConfigKeys (ConfUtils.java:logGet(44)) - raft.server.leaderelection.pre-vote = false (custom)
2022-05-15 13:39:55,225 [a98e3fd9-023b-4e37-aef1-edb50590c409@group-618AA8BE2776-FollowerState] INFO  impl.RoleInfo (RoleInfo.java:updateAndGet(130)) - a98e3fd9-023b-4e37-aef1-edb50590c409: start a98e3fd9-023b-4e37-aef1-edb50590c409@group-618AA8BE2776-LeaderElection3
2022-05-15 13:39:55,227 [a98e3fd9-023b-4e37-aef1-edb50590c409@group-618AA8BE2776-LeaderElection3] INFO  impl.LeaderElection (LeaderElection.java:askForVotes(306)) - a98e3fd9-023b-4e37-aef1-edb50590c409@group-618AA8BE2776-LeaderElection3 ELECTION round 0: submit vote requests at term 1 for -1: [958a473c-4c13-4b03-9f61-0a9623a5b7c6|rpc:10.1.0.20:39463|priority:1, 6001b742-1b53-4605-979c-f32d9fe31cac|rpc:10.1.0.20:37473|priority:0, a98e3fd9-023b-4e37-aef1-edb50590c409|rpc:10.1.0.20:34959|priority:0], old=null
2022-05-15 13:39:55,252 [grpc-default-executor-1] INFO  server.RaftServer$Division (RaftServerImpl.java:requestVote(1046)) - 6001b742-1b53-4605-979c-f32d9fe31cac@group-618AA8BE2776: receive requestVote(ELECTION, a98e3fd9-023b-4e37-aef1-edb50590c409, group-618AA8BE2776, 1, (t:0, i:0))
2022-05-15 13:39:55,254 [grpc-default-executor-1] INFO  impl.VoteContext (VoteContext.java:log(48)) - 6001b742-1b53-4605-979c-f32d9fe31cac@group-618AA8BE2776-FOLLOWER: accept ELECTION from a98e3fd9-023b-4e37-aef1-edb50590c409: our priority 0 <= candidate's priority 0
2022-05-15 13:39:55,254 [grpc-default-executor-1] INFO  server.RaftServer$Division (RaftServerImpl.java:setRole(290)) - 6001b742-1b53-4605-979c-f32d9fe31cac@group-618AA8BE2776: changes role from  FOLLOWER to FOLLOWER at term 1 for candidate:a98e3fd9-023b-4e37-aef1-edb50590c409
2022-05-15 13:39:55,254 [grpc-default-executor-1] INFO  impl.RoleInfo (RoleInfo.java:shutdownFollowerState(108)) - 6001b742-1b53-4605-979c-f32d9fe31cac: shutdown 6001b742-1b53-4605-979c-f32d9fe31cac@group-618AA8BE2776-FollowerState
2022-05-15 13:39:55,254 [grpc-default-executor-1] INFO  impl.RoleInfo (RoleInfo.java:updateAndGet(130)) - 6001b742-1b53-4605-979c-f32d9fe31cac: start 6001b742-1b53-4605-979c-f32d9fe31cac@group-618AA8BE2776-FollowerState
2022-05-15 13:39:55,255 [6001b742-1b53-4605-979c-f32d9fe31cac@group-618AA8BE2776-FollowerState] INFO  impl.FollowerState (FollowerState.java:run(143)) - 6001b742-1b53-4605-979c-f32d9fe31cac@group-618AA8BE2776-FollowerState was interrupted: {}
java.lang.InterruptedException: sleep interrupted
	at java.lang.Thread.sleep(Native Method)
	at java.lang.Thread.sleep(Thread.java:342)
	at java.util.concurrent.TimeUnit.sleep(TimeUnit.java:386)
	at org.apache.ratis.util.TimeDuration.sleep(TimeDuration.java:324)
	at org.apache.ratis.util.TimeDuration.sleep(TimeDuration.java:309)
	at org.apache.ratis.server.impl.FollowerState.run(FollowerState.java:118)
2022-05-15 13:39:55,262 [grpc-default-executor-0] INFO  server.RaftServer$Division (RaftServerImpl.java:requestVote(1046)) - 958a473c-4c13-4b03-9f61-0a9623a5b7c6@group-618AA8BE2776: receive requestVote(ELECTION, a98e3fd9-023b-4e37-aef1-edb50590c409, group-618AA8BE2776, 1, (t:0, i:0))
2022-05-15 13:39:55,262 [grpc-default-executor-0] INFO  impl.VoteContext (VoteContext.java:log(48)) - 958a473c-4c13-4b03-9f61-0a9623a5b7c6@group-618AA8BE2776-FOLLOWER: reject ELECTION from a98e3fd9-023b-4e37-aef1-edb50590c409: our priority 1 > candidate's priority 0
2022-05-15 13:39:55,263 [grpc-default-executor-0] INFO  server.RaftServer$Division (RaftServerImpl.java:setRole(290)) - 958a473c-4c13-4b03-9f61-0a9623a5b7c6@group-618AA8BE2776: changes role from  FOLLOWER to FOLLOWER at term 1 for candidate:a98e3fd9-023b-4e37-aef1-edb50590c409
2022-05-15 13:39:55,263 [grpc-default-executor-0] INFO  impl.RoleInfo (RoleInfo.java:shutdownFollowerState(108)) - 958a473c-4c13-4b03-9f61-0a9623a5b7c6: shutdown 958a473c-4c13-4b03-9f61-0a9623a5b7c6@group-618AA8BE2776-FollowerState
2022-05-15 13:39:55,263 [grpc-default-executor-0] INFO  impl.RoleInfo (RoleInfo.java:updateAndGet(130)) - 958a473c-4c13-4b03-9f61-0a9623a5b7c6: start 958a473c-4c13-4b03-9f61-0a9623a5b7c6@group-618AA8BE2776-FollowerState
2022-05-15 13:39:55,263 [958a473c-4c13-4b03-9f61-0a9623a5b7c6@group-618AA8BE2776-FollowerState] INFO  impl.FollowerState (FollowerState.java:run(143)) - 958a473c-4c13-4b03-9f61-0a9623a5b7c6@group-618AA8BE2776-FollowerState was interrupted: {}
java.lang.InterruptedException: sleep interrupted
	at java.lang.Thread.sleep(Native Method)
	at java.lang.Thread.sleep(Thread.java:342)
	at java.util.concurrent.TimeUnit.sleep(TimeUnit.java:386)
	at org.apache.ratis.util.TimeDuration.sleep(TimeDuration.java:324)
	at org.apache.ratis.util.TimeDuration.sleep(TimeDuration.java:309)
	at org.apache.ratis.server.impl.FollowerState.run(FollowerState.java:118)
2022-05-15 13:39:55,266 [grpc-default-executor-0] INFO  server.RaftServer$Division (RaftServerImpl.java:requestVote(1078)) - 958a473c-4c13-4b03-9f61-0a9623a5b7c6@group-618AA8BE2776 replies to ELECTION vote request: a98e3fd9-023b-4e37-aef1-edb50590c409<-958a473c-4c13-4b03-9f61-0a9623a5b7c6#0:FAIL-t1. Peer's state: 958a473c-4c13-4b03-9f61-0a9623a5b7c6@group-618AA8BE2776:t1, leader=null, voted=null, raftlog=958a473c-4c13-4b03-9f61-0a9623a5b7c6@group-618AA8BE2776-SegmentedRaftLog:OPENED:c-1, conf=-1: [958a473c-4c13-4b03-9f61-0a9623a5b7c6|rpc:10.1.0.20:39463|dataStream:|priority:1, 6001b742-1b53-4605-979c-f32d9fe31cac|rpc:10.1.0.20:37473|dataStream:|priority:0, a98e3fd9-023b-4e37-aef1-edb50590c409|rpc:10.1.0.20:34959|dataStream:|priority:0], old=null
2022-05-15 13:39:55,266 [grpc-default-executor-1] INFO  server.RaftServer$Division (RaftServerImpl.java:requestVote(1078)) - 6001b742-1b53-4605-979c-f32d9fe31cac@group-618AA8BE2776 replies to ELECTION vote request: a98e3fd9-023b-4e37-aef1-edb50590c409<-6001b742-1b53-4605-979c-f32d9fe31cac#0:OK-t1. Peer's state: 6001b742-1b53-4605-979c-f32d9fe31cac@group-618AA8BE2776:t1, leader=null, voted=a98e3fd9-023b-4e37-aef1-edb50590c409, raftlog=6001b742-1b53-4605-979c-f32d9fe31cac@group-618AA8BE2776-SegmentedRaftLog:OPENED:c-1, conf=-1: [958a473c-4c13-4b03-9f61-0a9623a5b7c6|rpc:10.1.0.20:39463|priority:1, 6001b742-1b53-4605-979c-f32d9fe31cac|rpc:10.1.0.20:37473|priority:0, a98e3fd9-023b-4e37-aef1-edb50590c409|rpc:10.1.0.20:34959|priority:0], old=null
2022-05-15 13:39:55,268 [a98e3fd9-023b-4e37-aef1-edb50590c409@group-618AA8BE2776-LeaderElection3] INFO  impl.LeaderElection (LeaderElection.java:logAndReturn(89)) - a98e3fd9-023b-4e37-aef1-edb50590c409@group-618AA8BE2776-LeaderElection3: ELECTION REJECTED received 1 response(s) and 0 exception(s):
2022-05-15 13:39:55,269 [a98e3fd9-023b-4e37-aef1-edb50590c409@group-618AA8BE2776-LeaderElection3] INFO  impl.LeaderElection (LeaderElection.java:logAndReturn(93)) -   Response 0: a98e3fd9-023b-4e37-aef1-edb50590c409<-958a473c-4c13-4b03-9f61-0a9623a5b7c6#0:FAIL-t1
2022-05-15 13:39:55,269 [a98e3fd9-023b-4e37-aef1-edb50590c409@group-618AA8BE2776-LeaderElection3] INFO  impl.LeaderElection (LeaderElection.java:askForVotes(308)) - a98e3fd9-023b-4e37-aef1-edb50590c409@group-618AA8BE2776-LeaderElection3 ELECTION round 0: result REJECTED
2022-05-15 13:39:55,269 [a98e3fd9-023b-4e37-aef1-edb50590c409@group-618AA8BE2776-LeaderElection3] INFO  server.RaftServer$Division (RaftServerImpl.java:setRole(290)) - a98e3fd9-023b-4e37-aef1-edb50590c409@group-618AA8BE2776: changes role from CANDIDATE to FOLLOWER at term 1 for REJECTED
2022-05-15 13:39:55,269 [a98e3fd9-023b-4e37-aef1-edb50590c409@group-618AA8BE2776-LeaderElection3] INFO  impl.RoleInfo (RoleInfo.java:shutdownLeaderElection(121)) - a98e3fd9-023b-4e37-aef1-edb50590c409: shutdown a98e3fd9-023b-4e37-aef1-edb50590c409@group-618AA8BE2776-LeaderElection3
2022-05-15 13:39:55,269 [a98e3fd9-023b-4e37-aef1-edb50590c409@group-618AA8BE2776-LeaderElection3] INFO  impl.RoleInfo (RoleInfo.java:updateAndGet(130)) - a98e3fd9-023b-4e37-aef1-edb50590c409: start a98e3fd9-023b-4e37-aef1-edb50590c409@group-618AA8BE2776-FollowerState
2022-05-15 13:39:55,731 [6001b742-1b53-4605-979c-f32d9fe31cac@group-7BAF78A97909-FollowerState] INFO  impl.FollowerState (FollowerState.java:run(134)) - 6001b742-1b53-4605-979c-f32d9fe31cac@group-7BAF78A97909-FollowerState: change to CANDIDATE, lastRpcElapsedTime:5107597823ns, electionTimeout:5106ms
2022-05-15 13:39:55,732 [6001b742-1b53-4605-979c-f32d9fe31cac@group-7BAF78A97909-FollowerState] INFO  impl.RoleInfo (RoleInfo.java:shutdownFollowerState(108)) - 6001b742-1b53-4605-979c-f32d9fe31cac: shutdown 6001b742-1b53-4605-979c-f32d9fe31cac@group-7BAF78A97909-FollowerState
2022-05-15 13:39:55,732 [6001b742-1b53-4605-979c-f32d9fe31cac@group-7BAF78A97909-FollowerState] INFO  server.RaftServer$Division (RaftServerImpl.java:setRole(290)) - 6001b742-1b53-4605-979c-f32d9fe31cac@group-7BAF78A97909: changes role from  FOLLOWER to CANDIDATE at term 0 for changeToCandidate
2022-05-15 13:39:55,732 [6001b742-1b53-4605-979c-f32d9fe31cac@group-7BAF78A97909-FollowerState] INFO  server.RaftServerConfigKeys (ConfUtils.java:logGet(44)) - raft.server.leaderelection.pre-vote = false (custom)
2022-05-15 13:39:55,732 [6001b742-1b53-4605-979c-f32d9fe31cac@group-7BAF78A97909-FollowerState] INFO  impl.RoleInfo (RoleInfo.java:updateAndGet(130)) - 6001b742-1b53-4605-979c-f32d9fe31cac: start 6001b742-1b53-4605-979c-f32d9fe31cac@group-7BAF78A97909-LeaderElection4
2022-05-15 13:39:55,736 [6001b742-1b53-4605-979c-f32d9fe31cac@group-7BAF78A97909-LeaderElection4] INFO  impl.LeaderElection (LeaderElection.java:askForVotes(306)) - 6001b742-1b53-4605-979c-f32d9fe31cac@group-7BAF78A97909-LeaderElection4 ELECTION round 0: submit vote requests at term 1 for -1: [6001b742-1b53-4605-979c-f32d9fe31cac|rpc:10.1.0.20:37473|priority:1], old=null
2022-05-15 13:39:55,736 [6001b742-1b53-4605-979c-f32d9fe31cac@group-7BAF78A97909-LeaderElection4] INFO  impl.LeaderElection (LeaderElection.java:askForVotes(308)) - 6001b742-1b53-4605-979c-f32d9fe31cac@group-7BAF78A97909-LeaderElection4 ELECTION round 0: result PASSED (term=1)
2022-05-15 13:39:55,736 [6001b742-1b53-4605-979c-f32d9fe31cac@group-7BAF78A97909-LeaderElection4] INFO  impl.RoleInfo (RoleInfo.java:shutdownLeaderElection(121)) - 6001b742-1b53-4605-979c-f32d9fe31cac: shutdown 6001b742-1b53-4605-979c-f32d9fe31cac@group-7BAF78A97909-LeaderElection4
2022-05-15 13:39:55,736 [6001b742-1b53-4605-979c-f32d9fe31cac@group-7BAF78A97909-LeaderElection4] INFO  server.RaftServer$Division (RaftServerImpl.java:setRole(290)) - 6001b742-1b53-4605-979c-f32d9fe31cac@group-7BAF78A97909: changes role from CANDIDATE to LEADER at term 1 for changeToLeader
2022-05-15 13:39:55,736 [6001b742-1b53-4605-979c-f32d9fe31cac@group-7BAF78A97909-LeaderElection4] INFO  ratis.XceiverServerRatis (XceiverServerRatis.java:handleLeaderChangedNotification(863)) - Leader change notification received for group: group-7BAF78A97909 with new leaderId: 6001b742-1b53-4605-979c-f32d9fe31cac
2022-05-15 13:39:55,736 [6001b742-1b53-4605-979c-f32d9fe31cac@group-7BAF78A97909-LeaderElection4] INFO  server.RaftServer$Division (ServerState.java:setLeader(285)) - 6001b742-1b53-4605-979c-f32d9fe31cac@group-7BAF78A97909: change Leader from null to 6001b742-1b53-4605-979c-f32d9fe31cac at term 1 for becomeLeader, leader elected after 5148ms
2022-05-15 13:39:55,737 [6001b742-1b53-4605-979c-f32d9fe31cac@group-7BAF78A97909-LeaderElection4] INFO  server.RaftServerConfigKeys (ConfUtils.java:logGet(44)) - raft.server.staging.catchup.gap = 1000 (default)
2022-05-15 13:39:55,737 [6001b742-1b53-4605-979c-f32d9fe31cac@group-7BAF78A97909-LeaderElection4] INFO  server.RaftServerConfigKeys (ConfUtils.java:logGet(44)) - raft.server.write.element-limit = 1024 (custom)
2022-05-15 13:39:55,737 [6001b742-1b53-4605-979c-f32d9fe31cac@group-7BAF78A97909-LeaderElection4] INFO  server.RaftServerConfigKeys (ConfUtils.java:logGet(44)) - raft.server.write.byte-limit = 1024 M (=1073741824) (custom)
2022-05-15 13:39:55,738 [6001b742-1b53-4605-979c-f32d9fe31cac@group-7BAF78A97909-LeaderElection4] INFO  server.RaftServerConfigKeys (ConfUtils.java:logGet(44)) - raft.server.watch.timeout = 180s (custom)
2022-05-15 13:39:55,738 [6001b742-1b53-4605-979c-f32d9fe31cac@group-7BAF78A97909-LeaderElection4] INFO  server.RaftServerConfigKeys (ConfUtils.java:logGet(44)) - raft.server.watch.timeout.denomination = 1s (default)
2022-05-15 13:39:55,738 [6001b742-1b53-4605-979c-f32d9fe31cac@group-7BAF78A97909-LeaderElection4] INFO  server.RaftServerConfigKeys (ConfUtils.java:logGet(44)) - raft.server.watch.element-limit = 65536 (default)
2022-05-15 13:39:55,738 [6001b742-1b53-4605-979c-f32d9fe31cac@group-7BAF78A97909-LeaderElection4] INFO  server.RaftServerConfigKeys (ConfUtils.java:logGet(44)) - raft.server.write.element-limit = 1024 (custom)
2022-05-15 13:39:55,738 [6001b742-1b53-4605-979c-f32d9fe31cac@group-7BAF78A97909-LeaderElection4] INFO  server.RaftServerConfigKeys (ConfUtils.java:logGet(44)) - raft.server.write.follower.gap.ratio.max = -1.0 (default)
2022-05-15 13:39:55,738 [6001b742-1b53-4605-979c-f32d9fe31cac@group-7BAF78A97909-LeaderElection4] INFO  impl.RoleInfo (RoleInfo.java:updateAndGet(130)) - 6001b742-1b53-4605-979c-f32d9fe31cac: start 6001b742-1b53-4605-979c-f32d9fe31cac@group-7BAF78A97909-LeaderStateImpl
2022-05-15 13:39:55,738 [6001b742-1b53-4605-979c-f32d9fe31cac@group-7BAF78A97909-LeaderElection4] INFO  segmented.SegmentedRaftLogWorker (SegmentedRaftLogWorker.java:startLogSegment(394)) - 6001b742-1b53-4605-979c-f32d9fe31cac@group-7BAF78A97909-SegmentedRaftLogWorker: Starting segment from index:0
2022-05-15 13:39:55,740 [EventQueue-OpenPipelineForHealthyPipelineSafeModeRule] INFO  safemode.SCMSafeModeManager (HealthyPipelineSafeModeRule.java:process(124)) - SCM in safe mode. Healthy pipelines reported count is 0, required healthy pipeline reported count is 1
2022-05-15 13:39:55,740 [6001b742-1b53-4605-979c-f32d9fe31cac@group-7BAF78A97909-SegmentedRaftLogWorker] INFO  segmented.SegmentedRaftLogWorker (SegmentedRaftLogWorker.java:execute(601)) - 6001b742-1b53-4605-979c-f32d9fe31cac@group-7BAF78A97909-SegmentedRaftLogWorker: created new log segment /home/runner/work/ozone/ozone/hadoop-ozone/integration-test/target/test-dir/MiniOzoneClusterImpl-ba3764b4-de25-422b-9e99-6273bea7feb0/datanode-1/data/ratis/baea96d7-1ac3-4c2a-a638-7baf78a97909/current/log_inprogress_0
2022-05-15 13:39:55,743 [6001b742-1b53-4605-979c-f32d9fe31cac@group-7BAF78A97909-LeaderElection4] INFO  server.RaftServer$Division (ServerState.java:setRaftConf(387)) - 6001b742-1b53-4605-979c-f32d9fe31cac@group-7BAF78A97909: set configuration 0: [6001b742-1b53-4605-979c-f32d9fe31cac|rpc:10.1.0.20:37473|dataStream:|priority:1], old=null
2022-05-15 13:39:55,831 [Listener at 127.0.0.1/34203] INFO  ozone.MiniOzoneClusterImpl (MiniOzoneClusterImpl.java:lambda$waitForClusterToBeReady$0(221)) - Nodes are ready. Got 3 of 3 DN Heartbeats.
2022-05-15 13:39:55,831 [Listener at 127.0.0.1/34203] INFO  ozone.MiniOzoneClusterImpl (MiniOzoneClusterImpl.java:lambda$waitForClusterToBeReady$0(224)) - Waiting for cluster to exit safe mode
2022-05-15 13:39:55,831 [Listener at 127.0.0.1/34203] INFO  ozone.MiniOzoneClusterImpl (MiniOzoneClusterImpl.java:lambda$waitForClusterToBeReady$0(226)) - SCM became leader
2022-05-15 13:39:55,843 [a98e3fd9-023b-4e37-aef1-edb50590c409@group-EAEA9765D7C9-FollowerState] INFO  impl.FollowerState (FollowerState.java:run(134)) - a98e3fd9-023b-4e37-aef1-edb50590c409@group-EAEA9765D7C9-FollowerState: change to CANDIDATE, lastRpcElapsedTime:5089009777ns, electionTimeout:5088ms
2022-05-15 13:39:55,843 [a98e3fd9-023b-4e37-aef1-edb50590c409@group-EAEA9765D7C9-FollowerState] INFO  impl.RoleInfo (RoleInfo.java:shutdownFollowerState(108)) - a98e3fd9-023b-4e37-aef1-edb50590c409: shutdown a98e3fd9-023b-4e37-aef1-edb50590c409@group-EAEA9765D7C9-FollowerState
2022-05-15 13:39:55,843 [a98e3fd9-023b-4e37-aef1-edb50590c409@group-EAEA9765D7C9-FollowerState] INFO  server.RaftServer$Division (RaftServerImpl.java:setRole(290)) - a98e3fd9-023b-4e37-aef1-edb50590c409@group-EAEA9765D7C9: changes role from  FOLLOWER to CANDIDATE at term 0 for changeToCandidate
2022-05-15 13:39:55,843 [a98e3fd9-023b-4e37-aef1-edb50590c409@group-EAEA9765D7C9-FollowerState] INFO  server.RaftServerConfigKeys (ConfUtils.java:logGet(44)) - raft.server.leaderelection.pre-vote = false (custom)
2022-05-15 13:39:55,843 [a98e3fd9-023b-4e37-aef1-edb50590c409@group-EAEA9765D7C9-FollowerState] INFO  impl.RoleInfo (RoleInfo.java:updateAndGet(130)) - a98e3fd9-023b-4e37-aef1-edb50590c409: start a98e3fd9-023b-4e37-aef1-edb50590c409@group-EAEA9765D7C9-LeaderElection5
2022-05-15 13:39:55,847 [a98e3fd9-023b-4e37-aef1-edb50590c409@group-EAEA9765D7C9-LeaderElection5] INFO  impl.LeaderElection (LeaderElection.java:askForVotes(306)) - a98e3fd9-023b-4e37-aef1-edb50590c409@group-EAEA9765D7C9-LeaderElection5 ELECTION round 0: submit vote requests at term 1 for -1: [958a473c-4c13-4b03-9f61-0a9623a5b7c6|rpc:10.1.0.20:39463|priority:0, 6001b742-1b53-4605-979c-f32d9fe31cac|rpc:10.1.0.20:37473|priority:0, a98e3fd9-023b-4e37-aef1-edb50590c409|rpc:10.1.0.20:34959|priority:1], old=null
2022-05-15 13:39:55,855 [grpc-default-executor-1] INFO  server.RaftServer$Division (RaftServerImpl.java:requestVote(1046)) - 958a473c-4c13-4b03-9f61-0a9623a5b7c6@group-EAEA9765D7C9: receive requestVote(ELECTION, a98e3fd9-023b-4e37-aef1-edb50590c409, group-EAEA9765D7C9, 1, (t:0, i:0))
2022-05-15 13:39:55,855 [grpc-default-executor-1] INFO  impl.VoteContext (VoteContext.java:log(48)) - 958a473c-4c13-4b03-9f61-0a9623a5b7c6@group-EAEA9765D7C9-FOLLOWER: accept ELECTION from a98e3fd9-023b-4e37-aef1-edb50590c409: our priority 0 <= candidate's priority 1
2022-05-15 13:39:55,855 [grpc-default-executor-1] INFO  server.RaftServer$Division (RaftServerImpl.java:setRole(290)) - 958a473c-4c13-4b03-9f61-0a9623a5b7c6@group-EAEA9765D7C9: changes role from  FOLLOWER to FOLLOWER at term 1 for candidate:a98e3fd9-023b-4e37-aef1-edb50590c409
2022-05-15 13:39:55,855 [grpc-default-executor-1] INFO  impl.RoleInfo (RoleInfo.java:shutdownFollowerState(108)) - 958a473c-4c13-4b03-9f61-0a9623a5b7c6: shutdown 958a473c-4c13-4b03-9f61-0a9623a5b7c6@group-EAEA9765D7C9-FollowerState
2022-05-15 13:39:55,855 [grpc-default-executor-1] INFO  impl.RoleInfo (RoleInfo.java:updateAndGet(130)) - 958a473c-4c13-4b03-9f61-0a9623a5b7c6: start 958a473c-4c13-4b03-9f61-0a9623a5b7c6@group-EAEA9765D7C9-FollowerState
2022-05-15 13:39:55,855 [958a473c-4c13-4b03-9f61-0a9623a5b7c6@group-EAEA9765D7C9-FollowerState] INFO  impl.FollowerState (FollowerState.java:run(143)) - 958a473c-4c13-4b03-9f61-0a9623a5b7c6@group-EAEA9765D7C9-FollowerState was interrupted: {}
java.lang.InterruptedException: sleep interrupted
	at java.lang.Thread.sleep(Native Method)
	at java.lang.Thread.sleep(Thread.java:342)
	at java.util.concurrent.TimeUnit.sleep(TimeUnit.java:386)
	at org.apache.ratis.util.TimeDuration.sleep(TimeDuration.java:324)
	at org.apache.ratis.util.TimeDuration.sleep(TimeDuration.java:309)
	at org.apache.ratis.server.impl.FollowerState.run(FollowerState.java:118)
2022-05-15 13:39:55,857 [grpc-default-executor-0] INFO  server.RaftServer$Division (RaftServerImpl.java:requestVote(1046)) - 6001b742-1b53-4605-979c-f32d9fe31cac@group-EAEA9765D7C9: receive requestVote(ELECTION, a98e3fd9-023b-4e37-aef1-edb50590c409, group-EAEA9765D7C9, 1, (t:0, i:0))
2022-05-15 13:39:55,857 [grpc-default-executor-0] INFO  impl.VoteContext (VoteContext.java:log(48)) - 6001b742-1b53-4605-979c-f32d9fe31cac@group-EAEA9765D7C9-FOLLOWER: accept ELECTION from a98e3fd9-023b-4e37-aef1-edb50590c409: our priority 0 <= candidate's priority 1
2022-05-15 13:39:55,857 [grpc-default-executor-0] INFO  server.RaftServer$Division (RaftServerImpl.java:setRole(290)) - 6001b742-1b53-4605-979c-f32d9fe31cac@group-EAEA9765D7C9: changes role from  FOLLOWER to FOLLOWER at term 1 for candidate:a98e3fd9-023b-4e37-aef1-edb50590c409
2022-05-15 13:39:55,857 [grpc-default-executor-0] INFO  impl.RoleInfo (RoleInfo.java:shutdownFollowerState(108)) - 6001b742-1b53-4605-979c-f32d9fe31cac: shutdown 6001b742-1b53-4605-979c-f32d9fe31cac@group-EAEA9765D7C9-FollowerState
2022-05-15 13:39:55,857 [grpc-default-executor-1] INFO  server.RaftServer$Division (RaftServerImpl.java:requestVote(1078)) - 958a473c-4c13-4b03-9f61-0a9623a5b7c6@group-EAEA9765D7C9 replies to ELECTION vote request: a98e3fd9-023b-4e37-aef1-edb50590c409<-958a473c-4c13-4b03-9f61-0a9623a5b7c6#0:OK-t1. Peer's state: 958a473c-4c13-4b03-9f61-0a9623a5b7c6@group-EAEA9765D7C9:t1, leader=null, voted=a98e3fd9-023b-4e37-aef1-edb50590c409, raftlog=958a473c-4c13-4b03-9f61-0a9623a5b7c6@group-EAEA9765D7C9-SegmentedRaftLog:OPENED:c-1, conf=-1: [958a473c-4c13-4b03-9f61-0a9623a5b7c6|rpc:10.1.0.20:39463|dataStream:|priority:0, 6001b742-1b53-4605-979c-f32d9fe31cac|rpc:10.1.0.20:37473|dataStream:|priority:0, a98e3fd9-023b-4e37-aef1-edb50590c409|rpc:10.1.0.20:34959|dataStream:|priority:1], old=null
2022-05-15 13:39:55,857 [grpc-default-executor-0] INFO  impl.RoleInfo (RoleInfo.java:updateAndGet(130)) - 6001b742-1b53-4605-979c-f32d9fe31cac: start 6001b742-1b53-4605-979c-f32d9fe31cac@group-EAEA9765D7C9-FollowerState
2022-05-15 13:39:55,857 [6001b742-1b53-4605-979c-f32d9fe31cac@group-EAEA9765D7C9-FollowerState] INFO  impl.FollowerState (FollowerState.java:run(143)) - 6001b742-1b53-4605-979c-f32d9fe31cac@group-EAEA9765D7C9-FollowerState was interrupted: {}
java.lang.InterruptedException: sleep interrupted
	at java.lang.Thread.sleep(Native Method)
	at java.lang.Thread.sleep(Thread.java:342)
	at java.util.concurrent.TimeUnit.sleep(TimeUnit.java:386)
	at org.apache.ratis.util.TimeDuration.sleep(TimeDuration.java:324)
	at org.apache.ratis.util.TimeDuration.sleep(TimeDuration.java:309)
	at org.apache.ratis.server.impl.FollowerState.run(FollowerState.java:118)
2022-05-15 13:39:55,867 [grpc-default-executor-0] INFO  server.RaftServer$Division (RaftServerImpl.java:requestVote(1078)) - 6001b742-1b53-4605-979c-f32d9fe31cac@group-EAEA9765D7C9 replies to ELECTION vote request: a98e3fd9-023b-4e37-aef1-edb50590c409<-6001b742-1b53-4605-979c-f32d9fe31cac#0:OK-t1. Peer's state: 6001b742-1b53-4605-979c-f32d9fe31cac@group-EAEA9765D7C9:t1, leader=null, voted=a98e3fd9-023b-4e37-aef1-edb50590c409, raftlog=6001b742-1b53-4605-979c-f32d9fe31cac@group-EAEA9765D7C9-SegmentedRaftLog:OPENED:c-1, conf=-1: [958a473c-4c13-4b03-9f61-0a9623a5b7c6|rpc:10.1.0.20:39463|priority:0, 6001b742-1b53-4605-979c-f32d9fe31cac|rpc:10.1.0.20:37473|priority:0, a98e3fd9-023b-4e37-aef1-edb50590c409|rpc:10.1.0.20:34959|priority:1], old=null
2022-05-15 13:39:55,868 [a98e3fd9-023b-4e37-aef1-edb50590c409@group-EAEA9765D7C9-LeaderElection5] INFO  impl.LeaderElection (LeaderElection.java:logAndReturn(89)) - a98e3fd9-023b-4e37-aef1-edb50590c409@group-EAEA9765D7C9-LeaderElection5: ELECTION PASSED received 1 response(s) and 0 exception(s):
2022-05-15 13:39:55,868 [a98e3fd9-023b-4e37-aef1-edb50590c409@group-EAEA9765D7C9-LeaderElection5] INFO  impl.LeaderElection (LeaderElection.java:logAndReturn(93)) -   Response 0: a98e3fd9-023b-4e37-aef1-edb50590c409<-6001b742-1b53-4605-979c-f32d9fe31cac#0:OK-t1
2022-05-15 13:39:55,869 [a98e3fd9-023b-4e37-aef1-edb50590c409@group-EAEA9765D7C9-LeaderElection5] INFO  impl.LeaderElection (LeaderElection.java:askForVotes(308)) - a98e3fd9-023b-4e37-aef1-edb50590c409@group-EAEA9765D7C9-LeaderElection5 ELECTION round 0: result PASSED
2022-05-15 13:39:55,869 [a98e3fd9-023b-4e37-aef1-edb50590c409@group-EAEA9765D7C9-LeaderElection5] INFO  impl.RoleInfo (RoleInfo.java:shutdownLeaderElection(121)) - a98e3fd9-023b-4e37-aef1-edb50590c409: shutdown a98e3fd9-023b-4e37-aef1-edb50590c409@group-EAEA9765D7C9-LeaderElection5
2022-05-15 13:39:55,869 [a98e3fd9-023b-4e37-aef1-edb50590c409@group-EAEA9765D7C9-LeaderElection5] INFO  server.RaftServer$Division (RaftServerImpl.java:setRole(290)) - a98e3fd9-023b-4e37-aef1-edb50590c409@group-EAEA9765D7C9: changes role from CANDIDATE to LEADER at term 1 for changeToLeader
2022-05-15 13:39:55,869 [a98e3fd9-023b-4e37-aef1-edb50590c409@group-EAEA9765D7C9-LeaderElection5] INFO  ratis.XceiverServerRatis (XceiverServerRatis.java:handleLeaderChangedNotification(863)) - Leader change notification received for group: group-EAEA9765D7C9 with new leaderId: a98e3fd9-023b-4e37-aef1-edb50590c409
2022-05-15 13:39:55,869 [a98e3fd9-023b-4e37-aef1-edb50590c409@group-EAEA9765D7C9-LeaderElection5] INFO  server.RaftServer$Division (ServerState.java:setLeader(285)) - a98e3fd9-023b-4e37-aef1-edb50590c409@group-EAEA9765D7C9: change Leader from null to a98e3fd9-023b-4e37-aef1-edb50590c409 at term 1 for becomeLeader, leader elected after 5134ms
2022-05-15 13:39:55,869 [a98e3fd9-023b-4e37-aef1-edb50590c409@group-EAEA9765D7C9-LeaderElection5] INFO  server.RaftServerConfigKeys (ConfUtils.java:logGet(44)) - raft.server.staging.catchup.gap = 1000 (default)
2022-05-15 13:39:55,869 [a98e3fd9-023b-4e37-aef1-edb50590c409@group-EAEA9765D7C9-LeaderElection5] INFO  server.RaftServerConfigKeys (ConfUtils.java:logGet(44)) - raft.server.write.element-limit = 1024 (custom)
2022-05-15 13:39:55,869 [a98e3fd9-023b-4e37-aef1-edb50590c409@group-EAEA9765D7C9-LeaderElection5] INFO  server.RaftServerConfigKeys (ConfUtils.java:logGet(44)) - raft.server.write.byte-limit = 1024 M (=1073741824) (custom)
2022-05-15 13:39:55,869 [a98e3fd9-023b-4e37-aef1-edb50590c409@group-EAEA9765D7C9-LeaderElection5] INFO  server.RaftServerConfigKeys (ConfUtils.java:logGet(44)) - raft.server.watch.timeout = 180s (custom)
2022-05-15 13:39:55,869 [a98e3fd9-023b-4e37-aef1-edb50590c409@group-EAEA9765D7C9-LeaderElection5] INFO  server.RaftServerConfigKeys (ConfUtils.java:logGet(44)) - raft.server.watch.timeout.denomination = 1s (default)
2022-05-15 13:39:55,870 [a98e3fd9-023b-4e37-aef1-edb50590c409@group-EAEA9765D7C9-LeaderElection5] INFO  server.RaftServerConfigKeys (ConfUtils.java:logGet(44)) - raft.server.watch.element-limit = 65536 (default)
2022-05-15 13:39:55,870 [a98e3fd9-023b-4e37-aef1-edb50590c409@group-EAEA9765D7C9-LeaderElection5] INFO  server.RaftServerConfigKeys (ConfUtils.java:logGet(44)) - raft.server.write.element-limit = 1024 (custom)
2022-05-15 13:39:55,870 [a98e3fd9-023b-4e37-aef1-edb50590c409@group-EAEA9765D7C9-LeaderElection5] INFO  server.RaftServerConfigKeys (ConfUtils.java:logGet(44)) - raft.server.write.follower.gap.ratio.max = -1.0 (default)
2022-05-15 13:39:55,876 [a98e3fd9-023b-4e37-aef1-edb50590c409@group-EAEA9765D7C9-LeaderElection5] INFO  server.RaftServerConfigKeys (ConfUtils.java:logGet(44)) - raft.server.log.appender.snapshot.chunk.size.max = 16MB (=16777216) (default)
2022-05-15 13:39:55,876 [a98e3fd9-023b-4e37-aef1-edb50590c409@group-EAEA9765D7C9-LeaderElection5] INFO  server.RaftServerConfigKeys (ConfUtils.java:logGet(44)) - raft.server.log.appender.buffer.byte-limit = 33554432 (custom)
2022-05-15 13:39:55,876 [EventQueue-PipelineReportForPipelineReportHandler] INFO  pipeline.PipelineManagerImpl (PipelineManagerImpl.java:openPipeline(336)) - Pipeline Pipeline[ Id: add64664-5536-439f-bc5f-eaea9765d7c9, Nodes: a98e3fd9-023b-4e37-aef1-edb50590c409{ip: 10.1.0.20, host: fv-az40-973.r1qzdtoifymehf5jtx2d0vwyfg.bx.internal.cloudapp.net, ports: [REPLICATION=33451, RATIS=34959, RATIS_ADMIN=34959, RATIS_SERVER=34959, STANDALONE=41809], networkLocation: /default-rack, certSerialId: null, persistedOpState: IN_SERVICE, persistedOpStateExpiryEpochSec: 0}6001b742-1b53-4605-979c-f32d9fe31cac{ip: 10.1.0.20, host: fv-az40-973.r1qzdtoifymehf5jtx2d0vwyfg.bx.internal.cloudapp.net, ports: [REPLICATION=41605, RATIS=37473, RATIS_ADMIN=37473, RATIS_SERVER=37473, STANDALONE=39553], networkLocation: /default-rack, certSerialId: null, persistedOpState: IN_SERVICE, persistedOpStateExpiryEpochSec: 0}958a473c-4c13-4b03-9f61-0a9623a5b7c6{ip: 10.1.0.20, host: fv-az40-973.r1qzdtoifymehf5jtx2d0vwyfg.bx.internal.cloudapp.net, ports: [REPLICATION=44217, RATIS=39463, RATIS_ADMIN=39463, RATIS_SERVER=39463, STANDALONE=45325], networkLocation: /default-rack, certSerialId: null, persistedOpState: IN_SERVICE, persistedOpStateExpiryEpochSec: 0}, ReplicationConfig: RATIS/THREE, State:ALLOCATED, leaderId:a98e3fd9-023b-4e37-aef1-edb50590c409, CreationTimestamp2022-05-15T13:39:47.845Z[Etc/UTC]] moved to OPEN state
2022-05-15 13:39:55,882 [EventQueue-OpenPipelineForHealthyPipelineSafeModeRule] INFO  safemode.SCMSafeModeManager (HealthyPipelineSafeModeRule.java:process(124)) - SCM in safe mode. Healthy pipelines reported count is 1, required healthy pipeline reported count is 1
2022-05-15 13:39:55,882 [EventQueue-OpenPipelineForHealthyPipelineSafeModeRule] INFO  safemode.SCMSafeModeManager (SCMSafeModeManager.java:validateSafeModeExitRules(204)) - HealthyPipelineSafeModeRule rule is successfully validated
2022-05-15 13:39:55,882 [EventQueue-OpenPipelineForHealthyPipelineSafeModeRule] INFO  safemode.SCMSafeModeManager (SCMSafeModeManager.java:validateSafeModeExitRules(219)) - ScmSafeModeManager, all rules are successfully validated
2022-05-15 13:39:55,882 [EventQueue-OpenPipelineForHealthyPipelineSafeModeRule] INFO  safemode.SCMSafeModeManager (SCMSafeModeManager.java:exitSafeMode(248)) - SCM exiting safe mode.
2022-05-15 13:39:55,882 [EventQueue-OpenPipelineForHealthyPipelineSafeModeRule] WARN  events.EventQueue (EventQueue.java:fireEvent(194)) - No event handler registered for event TypedEvent{payloadType=SafeModeStatus, name='Safe mode status'}
2022-05-15 13:39:55,882 [EventQueue-OpenPipelineForHealthyPipelineSafeModeRule] INFO  ha.SCMContext (SCMContext.java:updateSafeModeStatus(211)) - Update SafeModeStatus from SafeModeStatus{safeModeStatus=true, preCheckPassed=true} to SafeModeStatus{safeModeStatus=false, preCheckPassed=true}.
2022-05-15 13:39:55,882 [EventQueue-OpenPipelineForHealthyPipelineSafeModeRule] INFO  pipeline.BackgroundPipelineCreator (BackgroundPipelineCreator.java:notifyStatusChanged(251)) - Service BackgroundPipelineCreator transitions to RUNNING.
2022-05-15 13:39:55,882 [EventQueue-OpenPipelineForHealthyPipelineSafeModeRule] INFO  pipeline.BackgroundPipelineScrubber (BackgroundPipelineScrubber.java:notifyStatusChanged(88)) - Service BackgroundPipelineScrubber transitions to RUNNING.
2022-05-15 13:39:55,882 [EventQueue-OpenPipelineForHealthyPipelineSafeModeRule] INFO  replication.ReplicationManager (ReplicationManager.java:notifyStatusChanged(369)) - Service ReplicationManager transitions to RUNNING.
2022-05-15 13:39:55,883 [a98e3fd9-023b-4e37-aef1-edb50590c409@group-EAEA9765D7C9-LeaderElection5] INFO  server.RaftServerConfigKeys (ConfUtils.java:logGet(44)) - raft.server.log.appender.buffer.element-limit = 1 (custom)
2022-05-15 13:39:55,886 [a98e3fd9-023b-4e37-aef1-edb50590c409@group-EAEA9765D7C9-LeaderElection5] INFO  grpc.GrpcConfigKeys (ConfUtils.java:logGet(44)) - raft.grpc.server.leader.outstanding.appends.max = 128 (default)
2022-05-15 13:39:55,886 [a98e3fd9-023b-4e37-aef1-edb50590c409@group-EAEA9765D7C9-LeaderElection5] INFO  server.RaftServerConfigKeys (ConfUtils.java:logGet(44)) - raft.server.rpc.request.timeout = 60s (custom)
2022-05-15 13:39:55,886 [a98e3fd9-023b-4e37-aef1-edb50590c409@group-EAEA9765D7C9-LeaderElection5] INFO  server.RaftServerConfigKeys (ConfUtils.java:logGet(44)) - raft.server.log.appender.install.snapshot.enabled = false (custom)
2022-05-15 13:39:55,890 [a98e3fd9-023b-4e37-aef1-edb50590c409@group-EAEA9765D7C9-LeaderElection5] INFO  server.RaftServerConfigKeys (ConfUtils.java:logGet(44)) - raft.server.log.appender.snapshot.chunk.size.max = 16MB (=16777216) (default)
2022-05-15 13:39:55,890 [a98e3fd9-023b-4e37-aef1-edb50590c409@group-EAEA9765D7C9-LeaderElection5] INFO  server.RaftServerConfigKeys (ConfUtils.java:logGet(44)) - raft.server.log.appender.buffer.byte-limit = 33554432 (custom)
2022-05-15 13:39:55,890 [a98e3fd9-023b-4e37-aef1-edb50590c409@group-EAEA9765D7C9-LeaderElection5] INFO  server.RaftServerConfigKeys (ConfUtils.java:logGet(44)) - raft.server.log.appender.buffer.element-limit = 1 (custom)
2022-05-15 13:39:55,890 [a98e3fd9-023b-4e37-aef1-edb50590c409@group-EAEA9765D7C9-LeaderElection5] INFO  grpc.GrpcConfigKeys (ConfUtils.java:logGet(44)) - raft.grpc.server.leader.outstanding.appends.max = 128 (default)
2022-05-15 13:39:55,890 [a98e3fd9-023b-4e37-aef1-edb50590c409@group-EAEA9765D7C9-LeaderElection5] INFO  server.RaftServerConfigKeys (ConfUtils.java:logGet(44)) - raft.server.rpc.request.timeout = 60s (custom)
2022-05-15 13:39:55,890 [a98e3fd9-023b-4e37-aef1-edb50590c409@group-EAEA9765D7C9-LeaderElection5] INFO  server.RaftServerConfigKeys (ConfUtils.java:logGet(44)) - raft.server.log.appender.install.snapshot.enabled = false (custom)
2022-05-15 13:39:55,891 [a98e3fd9-023b-4e37-aef1-edb50590c409@group-EAEA9765D7C9-LeaderElection5] INFO  impl.RoleInfo (RoleInfo.java:updateAndGet(130)) - a98e3fd9-023b-4e37-aef1-edb50590c409: start a98e3fd9-023b-4e37-aef1-edb50590c409@group-EAEA9765D7C9-LeaderStateImpl
2022-05-15 13:39:55,892 [a98e3fd9-023b-4e37-aef1-edb50590c409@group-EAEA9765D7C9-LeaderElection5] INFO  segmented.SegmentedRaftLogWorker (SegmentedRaftLogWorker.java:startLogSegment(394)) - a98e3fd9-023b-4e37-aef1-edb50590c409@group-EAEA9765D7C9-SegmentedRaftLogWorker: Starting segment from index:0
2022-05-15 13:39:55,899 [a98e3fd9-023b-4e37-aef1-edb50590c409@group-EAEA9765D7C9-LeaderElection5] INFO  server.RaftServer$Division (ServerState.java:setRaftConf(387)) - a98e3fd9-023b-4e37-aef1-edb50590c409@group-EAEA9765D7C9: set configuration 0: [958a473c-4c13-4b03-9f61-0a9623a5b7c6|rpc:10.1.0.20:39463|dataStream:|priority:0, 6001b742-1b53-4605-979c-f32d9fe31cac|rpc:10.1.0.20:37473|dataStream:|priority:0, a98e3fd9-023b-4e37-aef1-edb50590c409|rpc:10.1.0.20:34959|dataStream:|priority:1], old=null
2022-05-15 13:39:55,899 [a98e3fd9-023b-4e37-aef1-edb50590c409@group-EAEA9765D7C9-SegmentedRaftLogWorker] INFO  segmented.SegmentedRaftLogWorker (SegmentedRaftLogWorker.java:execute(601)) - a98e3fd9-023b-4e37-aef1-edb50590c409@group-EAEA9765D7C9-SegmentedRaftLogWorker: created new log segment /home/runner/work/ozone/ozone/hadoop-ozone/integration-test/target/test-dir/MiniOzoneClusterImpl-ba3764b4-de25-422b-9e99-6273bea7feb0/datanode-0/data/ratis/add64664-5536-439f-bc5f-eaea9765d7c9/current/log_inprogress_0
2022-05-15 13:39:55,902 [958a473c-4c13-4b03-9f61-0a9623a5b7c6@group-1B701B63EF77-FollowerState] INFO  impl.FollowerState (FollowerState.java:run(134)) - 958a473c-4c13-4b03-9f61-0a9623a5b7c6@group-1B701B63EF77-FollowerState: change to CANDIDATE, lastRpcElapsedTime:5050273268ns, electionTimeout:5039ms
2022-05-15 13:39:55,902 [958a473c-4c13-4b03-9f61-0a9623a5b7c6@group-1B701B63EF77-FollowerState] INFO  impl.RoleInfo (RoleInfo.java:shutdownFollowerState(108)) - 958a473c-4c13-4b03-9f61-0a9623a5b7c6: shutdown 958a473c-4c13-4b03-9f61-0a9623a5b7c6@group-1B701B63EF77-FollowerState
2022-05-15 13:39:55,902 [958a473c-4c13-4b03-9f61-0a9623a5b7c6@group-1B701B63EF77-FollowerState] INFO  server.RaftServer$Division (RaftServerImpl.java:setRole(290)) - 958a473c-4c13-4b03-9f61-0a9623a5b7c6@group-1B701B63EF77: changes role from  FOLLOWER to CANDIDATE at term 0 for changeToCandidate
2022-05-15 13:39:55,902 [958a473c-4c13-4b03-9f61-0a9623a5b7c6@group-1B701B63EF77-FollowerState] INFO  server.RaftServerConfigKeys (ConfUtils.java:logGet(44)) - raft.server.leaderelection.pre-vote = false (custom)
2022-05-15 13:39:55,903 [958a473c-4c13-4b03-9f61-0a9623a5b7c6@group-1B701B63EF77-FollowerState] INFO  impl.RoleInfo (RoleInfo.java:updateAndGet(130)) - 958a473c-4c13-4b03-9f61-0a9623a5b7c6: start 958a473c-4c13-4b03-9f61-0a9623a5b7c6@group-1B701B63EF77-LeaderElection6
2022-05-15 13:39:55,917 [958a473c-4c13-4b03-9f61-0a9623a5b7c6@group-1B701B63EF77-LeaderElection6] INFO  impl.LeaderElection (LeaderElection.java:askForVotes(306)) - 958a473c-4c13-4b03-9f61-0a9623a5b7c6@group-1B701B63EF77-LeaderElection6 ELECTION round 0: submit vote requests at term 1 for -1: [958a473c-4c13-4b03-9f61-0a9623a5b7c6|rpc:10.1.0.20:39463|priority:1], old=null
2022-05-15 13:39:55,917 [958a473c-4c13-4b03-9f61-0a9623a5b7c6@group-1B701B63EF77-LeaderElection6] INFO  impl.LeaderElection (LeaderElection.java:askForVotes(308)) - 958a473c-4c13-4b03-9f61-0a9623a5b7c6@group-1B701B63EF77-LeaderElection6 ELECTION round 0: result PASSED (term=1)
2022-05-15 13:39:55,918 [958a473c-4c13-4b03-9f61-0a9623a5b7c6@group-1B701B63EF77-LeaderElection6] INFO  impl.RoleInfo (RoleInfo.java:shutdownLeaderElection(121)) - 958a473c-4c13-4b03-9f61-0a9623a5b7c6: shutdown 958a473c-4c13-4b03-9f61-0a9623a5b7c6@group-1B701B63EF77-LeaderElection6
2022-05-15 13:39:55,918 [958a473c-4c13-4b03-9f61-0a9623a5b7c6@group-1B701B63EF77-LeaderElection6] INFO  server.RaftServer$Division (RaftServerImpl.java:setRole(290)) - 958a473c-4c13-4b03-9f61-0a9623a5b7c6@group-1B701B63EF77: changes role from CANDIDATE to LEADER at term 1 for changeToLeader
2022-05-15 13:39:55,918 [958a473c-4c13-4b03-9f61-0a9623a5b7c6@group-1B701B63EF77-LeaderElection6] INFO  ratis.XceiverServerRatis (XceiverServerRatis.java:handleLeaderChangedNotification(863)) - Leader change notification received for group: group-1B701B63EF77 with new leaderId: 958a473c-4c13-4b03-9f61-0a9623a5b7c6
2022-05-15 13:39:55,929 [958a473c-4c13-4b03-9f61-0a9623a5b7c6@group-1B701B63EF77-LeaderElection6] INFO  server.RaftServer$Division (ServerState.java:setLeader(285)) - 958a473c-4c13-4b03-9f61-0a9623a5b7c6@group-1B701B63EF77: change Leader from null to 958a473c-4c13-4b03-9f61-0a9623a5b7c6 at term 1 for becomeLeader, leader elected after 5073ms
2022-05-15 13:39:55,934 [958a473c-4c13-4b03-9f61-0a9623a5b7c6@group-1B701B63EF77-LeaderElection6] INFO  server.RaftServerConfigKeys (ConfUtils.java:logGet(44)) - raft.server.staging.catchup.gap = 1000 (default)
2022-05-15 13:39:55,934 [958a473c-4c13-4b03-9f61-0a9623a5b7c6@group-1B701B63EF77-LeaderElection6] INFO  server.RaftServerConfigKeys (ConfUtils.java:logGet(44)) - raft.server.write.element-limit = 1024 (custom)
2022-05-15 13:39:55,934 [958a473c-4c13-4b03-9f61-0a9623a5b7c6@group-1B701B63EF77-LeaderElection6] INFO  server.RaftServerConfigKeys (ConfUtils.java:logGet(44)) - raft.server.write.byte-limit = 1024 M (=1073741824) (custom)
2022-05-15 13:39:55,934 [958a473c-4c13-4b03-9f61-0a9623a5b7c6@group-1B701B63EF77-LeaderElection6] INFO  server.RaftServerConfigKeys (ConfUtils.java:logGet(44)) - raft.server.watch.timeout = 180s (custom)
2022-05-15 13:39:55,934 [958a473c-4c13-4b03-9f61-0a9623a5b7c6@group-1B701B63EF77-LeaderElection6] INFO  server.RaftServerConfigKeys (ConfUtils.java:logGet(44)) - raft.server.watch.timeout.denomination = 1s (default)
2022-05-15 13:39:55,934 [958a473c-4c13-4b03-9f61-0a9623a5b7c6@group-1B701B63EF77-LeaderElection6] INFO  server.RaftServerConfigKeys (ConfUtils.java:logGet(44)) - raft.server.watch.element-limit = 65536 (default)
2022-05-15 13:39:55,934 [958a473c-4c13-4b03-9f61-0a9623a5b7c6@group-1B701B63EF77-LeaderElection6] INFO  server.RaftServerConfigKeys (ConfUtils.java:logGet(44)) - raft.server.write.element-limit = 1024 (custom)
2022-05-15 13:39:55,935 [958a473c-4c13-4b03-9f61-0a9623a5b7c6@group-1B701B63EF77-LeaderElection6] INFO  server.RaftServerConfigKeys (ConfUtils.java:logGet(44)) - raft.server.write.follower.gap.ratio.max = -1.0 (default)
2022-05-15 13:39:55,935 [958a473c-4c13-4b03-9f61-0a9623a5b7c6@group-1B701B63EF77-LeaderElection6] INFO  impl.RoleInfo (RoleInfo.java:updateAndGet(130)) - 958a473c-4c13-4b03-9f61-0a9623a5b7c6: start 958a473c-4c13-4b03-9f61-0a9623a5b7c6@group-1B701B63EF77-LeaderStateImpl
2022-05-15 13:39:55,935 [958a473c-4c13-4b03-9f61-0a9623a5b7c6@group-1B701B63EF77-LeaderElection6] INFO  segmented.SegmentedRaftLogWorker (SegmentedRaftLogWorker.java:startLogSegment(394)) - 958a473c-4c13-4b03-9f61-0a9623a5b7c6@group-1B701B63EF77-SegmentedRaftLogWorker: Starting segment from index:0
2022-05-15 13:39:55,929 [grpc-default-executor-1] INFO  ratis.XceiverServerRatis (XceiverServerRatis.java:handleLeaderChangedNotification(863)) - Leader change notification received for group: group-EAEA9765D7C9 with new leaderId: a98e3fd9-023b-4e37-aef1-edb50590c409
2022-05-15 13:39:55,935 [grpc-default-executor-1] INFO  server.RaftServer$Division (ServerState.java:setLeader(285)) - 6001b742-1b53-4605-979c-f32d9fe31cac@group-EAEA9765D7C9: change Leader from null to a98e3fd9-023b-4e37-aef1-edb50590c409 at term 1 for appendEntries, leader elected after 5151ms
2022-05-15 13:39:55,943 [grpc-default-executor-0] INFO  ratis.XceiverServerRatis (XceiverServerRatis.java:handleLeaderChangedNotification(863)) - Leader change notification received for group: group-EAEA9765D7C9 with new leaderId: a98e3fd9-023b-4e37-aef1-edb50590c409
2022-05-15 13:39:55,943 [grpc-default-executor-0] INFO  server.RaftServer$Division (ServerState.java:setLeader(285)) - 958a473c-4c13-4b03-9f61-0a9623a5b7c6@group-EAEA9765D7C9: change Leader from null to a98e3fd9-023b-4e37-aef1-edb50590c409 at term 1 for appendEntries, leader elected after 5126ms
2022-05-15 13:39:55,946 [958a473c-4c13-4b03-9f61-0a9623a5b7c6@group-1B701B63EF77-SegmentedRaftLogWorker] INFO  segmented.SegmentedRaftLogWorker (SegmentedRaftLogWorker.java:execute(601)) - 958a473c-4c13-4b03-9f61-0a9623a5b7c6@group-1B701B63EF77-SegmentedRaftLogWorker: created new log segment /home/runner/work/ozone/ozone/hadoop-ozone/integration-test/target/test-dir/MiniOzoneClusterImpl-ba3764b4-de25-422b-9e99-6273bea7feb0/datanode-2/data/ratis/4df8a6a0-3266-4583-91de-1b701b63ef77/current/log_inprogress_0
2022-05-15 13:39:55,951 [958a473c-4c13-4b03-9f61-0a9623a5b7c6@group-1B701B63EF77-LeaderElection6] INFO  server.RaftServer$Division (ServerState.java:setRaftConf(387)) - 958a473c-4c13-4b03-9f61-0a9623a5b7c6@group-1B701B63EF77: set configuration 0: [958a473c-4c13-4b03-9f61-0a9623a5b7c6|rpc:10.1.0.20:39463|dataStream:|priority:1], old=null
2022-05-15 13:39:55,952 [grpc-default-executor-0] INFO  server.RaftServer$Division (ServerState.java:setRaftConf(387)) - 958a473c-4c13-4b03-9f61-0a9623a5b7c6@group-EAEA9765D7C9: set configuration 0: [958a473c-4c13-4b03-9f61-0a9623a5b7c6|rpc:10.1.0.20:39463|dataStream:|priority:0, 6001b742-1b53-4605-979c-f32d9fe31cac|rpc:10.1.0.20:37473|dataStream:|priority:0, a98e3fd9-023b-4e37-aef1-edb50590c409|rpc:10.1.0.20:34959|dataStream:|priority:1], old=null
2022-05-15 13:39:55,952 [grpc-default-executor-0] INFO  segmented.SegmentedRaftLogWorker (SegmentedRaftLogWorker.java:startLogSegment(394)) - 958a473c-4c13-4b03-9f61-0a9623a5b7c6@group-EAEA9765D7C9-SegmentedRaftLogWorker: Starting segment from index:0
2022-05-15 13:39:55,954 [958a473c-4c13-4b03-9f61-0a9623a5b7c6@group-EAEA9765D7C9-SegmentedRaftLogWorker] INFO  segmented.SegmentedRaftLogWorker (SegmentedRaftLogWorker.java:execute(601)) - 958a473c-4c13-4b03-9f61-0a9623a5b7c6@group-EAEA9765D7C9-SegmentedRaftLogWorker: created new log segment /home/runner/work/ozone/ozone/hadoop-ozone/integration-test/target/test-dir/MiniOzoneClusterImpl-ba3764b4-de25-422b-9e99-6273bea7feb0/datanode-2/data/ratis/add64664-5536-439f-bc5f-eaea9765d7c9/current/log_inprogress_0
2022-05-15 13:39:55,954 [grpc-default-executor-1] INFO  server.RaftServer$Division (ServerState.java:setRaftConf(387)) - 6001b742-1b53-4605-979c-f32d9fe31cac@group-EAEA9765D7C9: set configuration 0: [958a473c-4c13-4b03-9f61-0a9623a5b7c6|rpc:10.1.0.20:39463|dataStream:|priority:0, 6001b742-1b53-4605-979c-f32d9fe31cac|rpc:10.1.0.20:37473|dataStream:|priority:0, a98e3fd9-023b-4e37-aef1-edb50590c409|rpc:10.1.0.20:34959|dataStream:|priority:1], old=null
2022-05-15 13:39:55,955 [grpc-default-executor-1] INFO  segmented.SegmentedRaftLogWorker (SegmentedRaftLogWorker.java:startLogSegment(394)) - 6001b742-1b53-4605-979c-f32d9fe31cac@group-EAEA9765D7C9-SegmentedRaftLogWorker: Starting segment from index:0
2022-05-15 13:39:55,957 [6001b742-1b53-4605-979c-f32d9fe31cac@group-EAEA9765D7C9-SegmentedRaftLogWorker] INFO  segmented.SegmentedRaftLogWorker (SegmentedRaftLogWorker.java:execute(601)) - 6001b742-1b53-4605-979c-f32d9fe31cac@group-EAEA9765D7C9-SegmentedRaftLogWorker: created new log segment /home/runner/work/ozone/ozone/hadoop-ozone/integration-test/target/test-dir/MiniOzoneClusterImpl-ba3764b4-de25-422b-9e99-6273bea7feb0/datanode-1/data/ratis/add64664-5536-439f-bc5f-eaea9765d7c9/current/log_inprogress_0
2022-05-15 13:39:56,831 [Listener at 127.0.0.1/34203] INFO  ozone.MiniOzoneClusterImpl (MiniOzoneClusterImpl.java:lambda$waitForClusterToBeReady$0(221)) - Nodes are ready. Got 3 of 3 DN Heartbeats.
2022-05-15 13:39:56,832 [Listener at 127.0.0.1/34203] INFO  ozone.MiniOzoneClusterImpl (MiniOzoneClusterImpl.java:lambda$waitForClusterToBeReady$0(224)) - Cluster exits safe mode
2022-05-15 13:39:56,832 [Listener at 127.0.0.1/34203] INFO  ozone.MiniOzoneClusterImpl (MiniOzoneClusterImpl.java:lambda$waitForClusterToBeReady$0(226)) - SCM became leader
]]></system-out>
    <rerunFailure type="java.lang.AssertionError">
      <stackTrace><![CDATA[java.lang.AssertionError
	at org.junit.Assert.fail(Assert.java:87)
	at org.junit.Assert.assertTrue(Assert.java:42)
	at org.junit.Assert.assertTrue(Assert.java:53)
	at org.apache.hadoop.hdds.scm.TestRatisPipelineLeader.testLeaderIdAfterLeaderChange(TestRatisPipelineLeader.java:119)
	at sun.reflect.NativeMethodAccessorImpl.invoke0(Native Method)
	at sun.reflect.NativeMethodAccessorImpl.invoke(NativeMethodAccessorImpl.java:62)
	at sun.reflect.DelegatingMethodAccessorImpl.invoke(DelegatingMethodAccessorImpl.java:43)
	at java.lang.reflect.Method.invoke(Method.java:498)
	at org.junit.platform.commons.util.ReflectionUtils.invokeMethod(ReflectionUtils.java:688)
	at org.junit.jupiter.engine.execution.MethodInvocation.proceed(MethodInvocation.java:60)
	at org.junit.jupiter.engine.execution.InvocationInterceptorChain$ValidatingInvocation.proceed(InvocationInterceptorChain.java:131)
	at org.junit.jupiter.engine.extension.TimeoutInvocation.proceed(TimeoutInvocation.java:46)
	at org.junit.jupiter.engine.extension.TimeoutExtension.intercept(TimeoutExtension.java:149)
	at org.junit.jupiter.engine.extension.TimeoutExtension.interceptTestableMethod(TimeoutExtension.java:140)
	at org.junit.jupiter.engine.extension.TimeoutExtension.interceptTestMethod(TimeoutExtension.java:84)
	at org.junit.jupiter.engine.execution.ExecutableInvoker$ReflectiveInterceptorCall.lambda$ofVoidMethod$0(ExecutableInvoker.java:115)
	at org.junit.jupiter.engine.execution.ExecutableInvoker.lambda$invoke$0(ExecutableInvoker.java:105)
	at org.junit.jupiter.engine.execution.InvocationInterceptorChain$InterceptedInvocation.proceed(InvocationInterceptorChain.java:106)
	at org.junit.jupiter.engine.execution.InvocationInterceptorChain.proceed(InvocationInterceptorChain.java:64)
	at org.junit.jupiter.engine.execution.InvocationInterceptorChain.chainAndInvoke(InvocationInterceptorChain.java:45)
	at org.junit.jupiter.engine.execution.InvocationInterceptorChain.invoke(InvocationInterceptorChain.java:37)
	at org.junit.jupiter.engine.execution.ExecutableInvoker.invoke(ExecutableInvoker.java:104)
	at org.junit.jupiter.engine.execution.ExecutableInvoker.invoke(ExecutableInvoker.java:98)
	at org.junit.jupiter.engine.descriptor.TestMethodTestDescriptor.lambda$invokeTestMethod$6(TestMethodTestDescriptor.java:210)
	at org.junit.platform.engine.support.hierarchical.ThrowableCollector.execute(ThrowableCollector.java:73)
	at org.junit.jupiter.engine.descriptor.TestMethodTestDescriptor.invokeTestMethod(TestMethodTestDescriptor.java:206)
	at org.junit.jupiter.engine.descriptor.TestMethodTestDescriptor.execute(TestMethodTestDescriptor.java:131)
	at org.junit.jupiter.engine.descriptor.TestMethodTestDescriptor.execute(TestMethodTestDescriptor.java:65)
	at org.junit.platform.engine.support.hierarchical.NodeTestTask.lambda$executeRecursively$5(NodeTestTask.java:139)
	at org.junit.platform.engine.support.hierarchical.ThrowableCollector.execute(ThrowableCollector.java:73)
	at org.junit.platform.engine.support.hierarchical.NodeTestTask.lambda$executeRecursively$7(NodeTestTask.java:129)
	at org.junit.platform.engine.support.hierarchical.Node.around(Node.java:137)
	at org.junit.platform.engine.support.hierarchical.NodeTestTask.lambda$executeRecursively$8(NodeTestTask.java:127)
	at org.junit.platform.engine.support.hierarchical.ThrowableCollector.execute(ThrowableCollector.java:73)
	at org.junit.platform.engine.support.hierarchical.NodeTestTask.executeRecursively(NodeTestTask.java:126)
	at org.junit.platform.engine.support.hierarchical.NodeTestTask.execute(NodeTestTask.java:84)
	at java.util.ArrayList.forEach(ArrayList.java:1259)
	at org.junit.platform.engine.support.hierarchical.SameThreadHierarchicalTestExecutorService.invokeAll(SameThreadHierarchicalTestExecutorService.java:38)
	at org.junit.platform.engine.support.hierarchical.NodeTestTask.lambda$executeRecursively$5(NodeTestTask.java:143)
	at org.junit.platform.engine.support.hierarchical.ThrowableCollector.execute(ThrowableCollector.java:73)
	at org.junit.platform.engine.support.hierarchical.NodeTestTask.lambda$executeRecursively$7(NodeTestTask.java:129)
	at org.junit.platform.engine.support.hierarchical.Node.around(Node.java:137)
	at org.junit.platform.engine.support.hierarchical.NodeTestTask.lambda$executeRecursively$8(NodeTestTask.java:127)
	at org.junit.platform.engine.support.hierarchical.ThrowableCollector.execute(ThrowableCollector.java:73)
	at org.junit.platform.engine.support.hierarchical.NodeTestTask.executeRecursively(NodeTestTask.java:126)
	at org.junit.platform.engine.support.hierarchical.NodeTestTask.execute(NodeTestTask.java:84)
	at java.util.ArrayList.forEach(ArrayList.java:1259)
	at org.junit.platform.engine.support.hierarchical.SameThreadHierarchicalTestExecutorService.invokeAll(SameThreadHierarchicalTestExecutorService.java:38)
	at org.junit.platform.engine.support.hierarchical.NodeTestTask.lambda$executeRecursively$5(NodeTestTask.java:143)
	at org.junit.platform.engine.support.hierarchical.ThrowableCollector.execute(ThrowableCollector.java:73)
	at org.junit.platform.engine.support.hierarchical.NodeTestTask.lambda$executeRecursively$7(NodeTestTask.java:129)
	at org.junit.platform.engine.support.hierarchical.Node.around(Node.java:137)
	at org.junit.platform.engine.support.hierarchical.NodeTestTask.lambda$executeRecursively$8(NodeTestTask.java:127)
	at org.junit.platform.engine.support.hierarchical.ThrowableCollector.execute(ThrowableCollector.java:73)
	at org.junit.platform.engine.support.hierarchical.NodeTestTask.executeRecursively(NodeTestTask.java:126)
	at org.junit.platform.engine.support.hierarchical.NodeTestTask.execute(NodeTestTask.java:84)
	at org.junit.platform.engine.support.hierarchical.SameThreadHierarchicalTestExecutorService.submit(SameThreadHierarchicalTestExecutorService.java:32)
	at org.junit.platform.engine.support.hierarchical.HierarchicalTestExecutor.execute(HierarchicalTestExecutor.java:57)
	at org.junit.platform.engine.support.hierarchical.HierarchicalTestEngine.execute(HierarchicalTestEngine.java:51)
	at org.junit.platform.launcher.core.EngineExecutionOrchestrator.execute(EngineExecutionOrchestrator.java:108)
	at org.junit.platform.launcher.core.EngineExecutionOrchestrator.execute(EngineExecutionOrchestrator.java:88)
	at org.junit.platform.launcher.core.EngineExecutionOrchestrator.lambda$execute$0(EngineExecutionOrchestrator.java:54)
	at org.junit.platform.launcher.core.EngineExecutionOrchestrator.withInterceptedStreams(EngineExecutionOrchestrator.java:67)
	at org.junit.platform.launcher.core.EngineExecutionOrchestrator.execute(EngineExecutionOrchestrator.java:52)
	at org.junit.platform.launcher.core.DefaultLauncher.execute(DefaultLauncher.java:96)
	at org.junit.platform.launcher.core.DefaultLauncher.execute(DefaultLauncher.java:75)
	at org.apache.maven.surefire.junitplatform.JUnitPlatformProvider.invokeAllTests(JUnitPlatformProvider.java:165)
	at org.apache.maven.surefire.junitplatform.JUnitPlatformProvider.invoke(JUnitPlatformProvider.java:124)
	at org.apache.maven.surefire.booter.ForkedBooter.runSuitesInProcess(ForkedBooter.java:428)
	at org.apache.maven.surefire.booter.ForkedBooter.execute(ForkedBooter.java:162)
	at org.apache.maven.surefire.booter.ForkedBooter.run(ForkedBooter.java:562)
	at org.apache.maven.surefire.booter.ForkedBooter.main(ForkedBooter.java:548)
]]></stackTrace>
      <system-out><![CDATA[2022-05-15 13:40:17,434 [Listener at 127.0.0.1/34203] WARN  server.ServerUtils (ServerUtils.java:getScmDbDir(148)) - ozone.scm.db.dirs is not configured. We recommend adding this setting. Falling back to ozone.metadata.dirs instead.
2022-05-15 13:40:17,446 [Listener at 127.0.0.1/34203] INFO  ha.SCMHANodeDetails (SCMHANodeDetails.java:loadSCMHAConfig(160)) - ServiceID for StorageContainerManager is null
2022-05-15 13:40:17,446 [Listener at 127.0.0.1/34203] INFO  ha.SCMHANodeDetails (SCMHANodeDetails.java:loadSCMHAConfig(165)) - ozone.scm.default.service.id is not defined, falling back to ozone.scm.service.ids to find serviceID for StorageContainerManager if it is HA enabled cluster
2022-05-15 13:40:17,448 [Listener at 127.0.0.1/34203] WARN  server.ServerUtils (ServerUtils.java:getScmDbDir(148)) - ozone.scm.db.dirs is not configured. We recommend adding this setting. Falling back to ozone.metadata.dirs instead.
2022-05-15 13:40:17,448 [Listener at 127.0.0.1/34203] INFO  upgrade.AbstractLayoutVersionManager (AbstractLayoutVersionManager.java:init(79)) - Initializing Layout version manager with metadata layout = ERASURE_CODED_STORAGE_SUPPORT (version = 3), software layout = ERASURE_CODED_STORAGE_SUPPORT (version = 3)
2022-05-15 13:40:17,557 [Listener at 127.0.0.1/34203] INFO  reflections.Reflections (Reflections.java:scan(232)) - Reflections took 108 ms to scan 7 urls, producing 126 keys and 289 values 
2022-05-15 13:40:17,559 [Listener at 127.0.0.1/34203] WARN  utils.HAUtils (HAUtils.java:getMetaDir(342)) - ozone.scm.db.dirs is not configured. We recommend adding this setting. Falling back to ozone.metadata.dirs instead.
2022-05-15 13:40:17,560 [Listener at 127.0.0.1/34203] WARN  db.DBStoreBuilder (DBStoreBuilder.java:applyDBDefinition(145)) - ozone.scm.db.dirs is not configured. We recommend adding this setting. Falling back to ozone.metadata.dirs instead.
2022-05-15 13:40:17,752 [Listener at 127.0.0.1/34203] INFO  net.NodeSchemaLoader (NodeSchemaLoader.java:loadSchemaFromFile(129)) - Loading schema from [jar:file:/home/runner/.m2/repository/org/apache/ozone/hdds-common/1.3.0-SNAPSHOT/hdds-common-1.3.0-SNAPSHOT.jar!/network-topology-default.xml]
2022-05-15 13:40:17,752 [Listener at 127.0.0.1/34203] INFO  net.NodeSchemaLoader (NodeSchemaLoader.java:loadSchema(176)) - Loading network topology layer schema file
2022-05-15 13:40:17,755 [Listener at 127.0.0.1/34203] INFO  ha.SequenceIdGenerator (SequenceIdGenerator.java:upgradeToSequenceId(347)) - upgrade localId to 109611004723200000
2022-05-15 13:40:17,755 [Listener at 127.0.0.1/34203] INFO  ha.SequenceIdGenerator (SequenceIdGenerator.java:upgradeToSequenceId(357)) - upgrade delTxnId to 0
2022-05-15 13:40:17,755 [Listener at 127.0.0.1/34203] INFO  ha.SequenceIdGenerator (SequenceIdGenerator.java:upgradeToSequenceId(371)) - upgrade containerId to 0
2022-05-15 13:40:17,755 [Listener at 127.0.0.1/34203] INFO  ha.SequenceIdGenerator (SequenceIdGenerator.java:<init>(218)) - Init the HA SequenceIdGenerator.
2022-05-15 13:40:17,755 [Listener at 127.0.0.1/34203] WARN  server.ServerUtils (ServerUtils.java:sanitizeUserArgs(73)) - ozone.scm.stale.node.interval value = 300000 is larger than max = 100000 based on the key value of ozone.scm.heartbeat.thread.interval, reset to the max value 100000.
2022-05-15 13:40:17,756 [Listener at 127.0.0.1/34203] WARN  server.ServerUtils (ServerUtils.java:sanitizeUserArgs(73)) - ozone.scm.stale.node.interval value = 300000 is larger than max = 100000 based on the key value of ozone.scm.heartbeat.thread.interval, reset to the max value 100000.
2022-05-15 13:40:17,766 [Listener at 127.0.0.1/34203] INFO  node.SCMNodeManager (SCMNodeManager.java:<init>(148)) - Entering startup safe mode.
2022-05-15 13:40:17,767 [Listener at 127.0.0.1/34203] INFO  algorithms.ContainerPlacementPolicyFactory (ContainerPlacementPolicyFactory.java:getPolicyInternal(86)) - Create container placement policy of type org.apache.hadoop.hdds.scm.container.placement.algorithms.SCMContainerPlacementRandom
2022-05-15 13:40:17,767 [Listener at 127.0.0.1/34203] INFO  pipeline.PipelineStateManagerImpl (PipelineStateManagerImpl.java:initialize(78)) - No pipeline exists in current db
2022-05-15 13:40:17,767 [Listener at 127.0.0.1/34203] INFO  algorithms.LeaderChoosePolicyFactory (LeaderChoosePolicyFactory.java:getPolicy(57)) - Create leader choose policy of type org.apache.hadoop.hdds.scm.pipeline.leader.choose.algorithms.MinLeaderCountChoosePolicy
2022-05-15 13:40:17,767 [Listener at 127.0.0.1/34203] INFO  algorithms.ContainerPlacementPolicyFactory (ContainerPlacementPolicyFactory.java:getPolicyInternal(86)) - Create container placement policy of type org.apache.hadoop.hdds.scm.container.placement.algorithms.SCMContainerPlacementRackScatter
2022-05-15 13:40:17,768 [Listener at 127.0.0.1/34203] INFO  pipeline.BackgroundPipelineCreator (BackgroundPipelineCreator.java:start(125)) - Starting RatisPipelineUtilsThread.
2022-05-15 13:40:17,774 [Listener at 127.0.0.1/34203] INFO  pipeline.BackgroundPipelineScrubber (BackgroundPipelineScrubber.java:start(126)) - Starting BackgroundPipelineScrubber Service.
2022-05-15 13:40:17,782 [Listener at 127.0.0.1/34203] INFO  ha.SCMServiceManager (SCMServiceManager.java:register(42)) - Registering service BackgroundPipelineCreator.
2022-05-15 13:40:17,782 [Listener at 127.0.0.1/34203] INFO  ha.SCMServiceManager (SCMServiceManager.java:register(42)) - Registering service BackgroundPipelineScrubber.
2022-05-15 13:40:17,783 [Listener at 127.0.0.1/34203] INFO  algorithms.PipelineChoosePolicyFactory (PipelineChoosePolicyFactory.java:createPipelineChoosePolicyFromClass(73)) - Create pipeline choose policy of type org.apache.hadoop.hdds.scm.pipeline.choose.algorithms.RandomPipelineChoosePolicy
2022-05-15 13:40:17,784 [Listener at 127.0.0.1/34203] INFO  ha.SCMServiceManager (SCMServiceManager.java:register(42)) - Registering service SCMBlockDeletingService.
2022-05-15 13:40:17,784 [Listener at 127.0.0.1/34203] INFO  ha.SCMServiceManager (SCMServiceManager.java:register(42)) - Registering service ReplicationManager.
2022-05-15 13:40:17,784 [Listener at 127.0.0.1/34203] INFO  replication.ReplicationManager (ReplicationManager.java:start(176)) - Starting Replication Monitor Thread.
2022-05-15 13:40:17,785 [Listener at 127.0.0.1/34203] INFO  safemode.ContainerSafeModeRule (ContainerSafeModeRule.java:<init>(89)) - containers with one replica threshold count 0
2022-05-15 13:40:17,785 [Listener at 127.0.0.1/34203] INFO  safemode.HealthyPipelineSafeModeRule (HealthyPipelineSafeModeRule.java:initializeRule(156)) - Total pipeline count is 0, healthy pipeline threshold count is 1
2022-05-15 13:40:17,785 [Listener at 127.0.0.1/34203] INFO  safemode.OneReplicaPipelineSafeModeRule (OneReplicaPipelineSafeModeRule.java:initializeRule(180)) - Total pipeline count is 0, pipeline's with at least one datanode reported threshold count is 0
2022-05-15 13:40:17,786 [Listener at 127.0.0.1/34203] INFO  ipc.CallQueueManager (CallQueueManager.java:<init>(90)) - Using callQueue: class java.util.concurrent.LinkedBlockingQueue, queueCapacity: 2000, scheduler: class org.apache.hadoop.ipc.DefaultRpcScheduler, ipcBackoff: false.
2022-05-15 13:40:17,786 [Socket Reader #1 for port 0] INFO  ipc.Server (Server.java:run(1265)) - Starting Socket Reader #1 for port 0
2022-05-15 13:40:17,787 [Listener at 0.0.0.0/45241] INFO  ipc.CallQueueManager (CallQueueManager.java:<init>(90)) - Using callQueue: class java.util.concurrent.LinkedBlockingQueue, queueCapacity: 2000, scheduler: class org.apache.hadoop.ipc.DefaultRpcScheduler, ipcBackoff: false.
2022-05-15 13:40:17,788 [Socket Reader #1 for port 0] INFO  ipc.Server (Server.java:run(1265)) - Starting Socket Reader #1 for port 0
2022-05-15 13:40:17,788 [Listener at 0.0.0.0/46225] INFO  ipc.CallQueueManager (CallQueueManager.java:<init>(90)) - Using callQueue: class java.util.concurrent.LinkedBlockingQueue, queueCapacity: 2000, scheduler: class org.apache.hadoop.ipc.DefaultRpcScheduler, ipcBackoff: false.
2022-05-15 13:40:17,789 [Socket Reader #1 for port 0] INFO  ipc.Server (Server.java:run(1265)) - Starting Socket Reader #1 for port 0
2022-05-15 13:40:17,798 [ReplicationMonitor] INFO  replication.ReplicationManager (ReplicationManager.java:processAll(225)) - Replication Manager is not ready to run until 3000ms after safemode exit
2022-05-15 13:40:17,833 [Listener at 0.0.0.0/44665] INFO  server.StorageContainerManager (StorageContainerManager.java:<init>(395)) - 
Container Balancer status:
Key                            Value
Running                        false
Container Balancer Configuration values:
Key                                                Value
Threshold                                          10
Max Datanodes to Involve per Iteration(percent)    20
Max Size to Move per Iteration                     500GB
Max Size Entering Target per Iteration             26GB
Max Size Leaving Source per Iteration              26GB

2022-05-15 13:40:17,833 [Listener at 0.0.0.0/44665] WARN  events.EventQueue (EventQueue.java:fireEvent(194)) - No event handler registered for event TypedEvent{payloadType=SafeModeStatus, name='Safe mode status'}
2022-05-15 13:40:17,833 [Listener at 0.0.0.0/44665] INFO  ha.SCMContext (SCMContext.java:updateSafeModeStatus(211)) - Update SafeModeStatus from SafeModeStatus{safeModeStatus=true, preCheckPassed=false} to SafeModeStatus{safeModeStatus=true, preCheckPassed=false}.
2022-05-15 13:40:17,833 [Listener at 0.0.0.0/44665] INFO  server.StorageContainerManager (StorageContainerManager.java:start(1347)) - StorageContainerLocationProtocol RPC server is listening at /0.0.0.0:44665
2022-05-15 13:40:17,834 [Listener at 0.0.0.0/44665] WARN  impl.MetricsConfig (MetricsConfig.java:loadFirst(136)) - Cannot locate configuration: tried hadoop-metrics2-storagecontainermanager.properties,hadoop-metrics2.properties
2022-05-15 13:40:17,842 [Listener at 0.0.0.0/44665] INFO  impl.MetricsSystemImpl (MetricsSystemImpl.java:startTimer(378)) - Scheduled Metric snapshot period at 10 second(s).
2022-05-15 13:40:17,842 [Listener at 0.0.0.0/44665] INFO  impl.MetricsSystemImpl (MetricsSystemImpl.java:start(191)) - StorageContainerManager metrics system started
2022-05-15 13:40:17,853 [Listener at 0.0.0.0/44665] INFO  impl.MetricsSinkAdapter (MetricsSinkAdapter.java:start(204)) - Sink prometheus started
2022-05-15 13:40:17,853 [Listener at 0.0.0.0/44665] INFO  impl.MetricsSystemImpl (MetricsSystemImpl.java:registerSink(305)) - Registered sink prometheus
2022-05-15 13:40:17,913 [Listener at 0.0.0.0/44665] INFO  server.SCMClientProtocolServer (SCMClientProtocolServer.java:start(169)) - RPC server for Client  is listening at /0.0.0.0:44665
2022-05-15 13:40:17,918 [IPC Server Responder] INFO  ipc.Server (Server.java:run(1507)) - IPC Server Responder: starting
2022-05-15 13:40:17,930 [IPC Server listener on 0] INFO  ipc.Server (Server.java:run(1344)) - IPC Server listener on 0: starting
2022-05-15 13:40:18,026 [Listener at 0.0.0.0/44665] INFO  server.StorageContainerManager (StorageContainerManager.java:start(1362)) - ScmBlockLocationProtocol RPC server is listening at /0.0.0.0:46225
2022-05-15 13:40:18,027 [Listener at 0.0.0.0/44665] INFO  server.SCMBlockProtocolServer (SCMBlockProtocolServer.java:start(151)) - RPC server for Block Protocol is listening at /0.0.0.0:46225
2022-05-15 13:40:18,027 [IPC Server Responder] INFO  ipc.Server (Server.java:run(1507)) - IPC Server Responder: starting
2022-05-15 13:40:18,030 [IPC Server listener on 0] INFO  ipc.Server (Server.java:run(1344)) - IPC Server listener on 0: starting
2022-05-15 13:40:18,035 [Listener at 0.0.0.0/44665] INFO  server.SCMDatanodeProtocolServer (SCMDatanodeProtocolServer.java:start(183)) - ScmDatanodeProtocol RPC server for DataNodes is listening at /0.0.0.0:45241
2022-05-15 13:40:18,035 [IPC Server Responder] INFO  ipc.Server (Server.java:run(1507)) - IPC Server Responder: starting
2022-05-15 13:40:18,035 [IPC Server listener on 0] INFO  ipc.Server (Server.java:run(1344)) - IPC Server listener on 0: starting
2022-05-15 13:40:18,042 [Listener at 0.0.0.0/44665] INFO  http.BaseHttpServer (BaseHttpServer.java:newHttpServer2BuilderForOzone(209)) - Starting Web-server for scm at: http://0.0.0.0:0
2022-05-15 13:40:18,042 [Listener at 0.0.0.0/44665] INFO  http.BaseHttpServer (BaseHttpServer.java:<init>(107)) - Hadoop Security Enabled: false Ozone Security Enabled: false Ozone HTTP Security Enabled: false 
2022-05-15 13:40:18,051 [org.apache.hadoop.util.JvmPauseMonitor$Monitor@65d8f9d2] INFO  util.JvmPauseMonitor (JvmPauseMonitor.java:run(188)) - Starting JVM pause monitor
2022-05-15 13:40:18,052 [Listener at 0.0.0.0/44665] INFO  server.AuthenticationFilter (AuthenticationFilter.java:constructSecretProvider(240)) - Unable to initialize FileSignerSecretProvider, falling back to use random secrets.
2022-05-15 13:40:18,054 [Listener at 0.0.0.0/44665] WARN  http.HttpRequestLog (HttpRequestLog.java:getRequestLog(103)) - Jetty request log can only be enabled using Log4j
2022-05-15 13:40:18,055 [Listener at 0.0.0.0/44665] INFO  http.HttpServer2 (HttpServer2.java:addGlobalFilter(1030)) - Added global filter 'safety' (class=org.apache.hadoop.hdds.server.http.HttpServer2$QuotingInputFilter)
2022-05-15 13:40:18,056 [Listener at 0.0.0.0/44665] INFO  http.HttpServer2 (HttpServer2.java:addFilter(1006)) - Added filter static_user_filter (class=org.apache.hadoop.http.lib.StaticUserWebFilter$StaticUserFilter) to context scm
2022-05-15 13:40:18,056 [Listener at 0.0.0.0/44665] INFO  http.HttpServer2 (HttpServer2.java:addFilter(1014)) - Added filter static_user_filter (class=org.apache.hadoop.http.lib.StaticUserWebFilter$StaticUserFilter) to context static
2022-05-15 13:40:18,056 [Listener at 0.0.0.0/44665] INFO  http.HttpServer2 (HttpServer2.java:addFilter(1014)) - Added filter static_user_filter (class=org.apache.hadoop.http.lib.StaticUserWebFilter$StaticUserFilter) to context logs
2022-05-15 13:40:18,056 [Listener at 0.0.0.0/44665] INFO  http.HttpServer2 (HttpServer2.java:bindListener(1249)) - Jetty bound to port 36777
2022-05-15 13:40:18,057 [Listener at 0.0.0.0/44665] INFO  server.Server (Server.java:doStart(375)) - jetty-9.4.43.v20210629; built: 2021-06-30T11:07:22.254Z; git: 526006ecfa3af7f1a27ef3a288e2bef7ea9dd7e8; jvm 1.8.0_332-b09
2022-05-15 13:40:18,059 [Listener at 0.0.0.0/44665] INFO  server.session (DefaultSessionIdManager.java:doStart(334)) - DefaultSessionIdManager workerName=node0
2022-05-15 13:40:18,059 [Listener at 0.0.0.0/44665] INFO  server.session (DefaultSessionIdManager.java:doStart(339)) - No SessionScavenger set, using defaults
2022-05-15 13:40:18,060 [Listener at 0.0.0.0/44665] INFO  server.session (HouseKeeper.java:startScavenging(132)) - node0 Scavenging every 600000ms
2022-05-15 13:40:18,060 [Listener at 0.0.0.0/44665] INFO  handler.ContextHandler (ContextHandler.java:doStart(915)) - Started o.e.j.s.ServletContextHandler@8fc8365{logs,/logs,file:///home/runner/work/ozone/ozone/hadoop-ozone/integration-test/target/log,AVAILABLE}
2022-05-15 13:40:18,061 [Listener at 0.0.0.0/44665] INFO  handler.ContextHandler (ContextHandler.java:doStart(915)) - Started o.e.j.s.ServletContextHandler@2e2fcbcf{static,/static,file:///home/runner/work/ozone/ozone/hadoop-ozone/integration-test/target/test-classes/webapps/static,AVAILABLE}
2022-05-15 13:40:18,064 [Listener at 0.0.0.0/44665] INFO  handler.ContextHandler (ContextHandler.java:doStart(915)) - Started o.e.j.w.WebAppContext@5867bfb6{scm,/,file:///home/runner/work/ozone/ozone/hadoop-ozone/integration-test/target/test-classes/webapps/scm/,AVAILABLE}{file:/home/runner/work/ozone/ozone/hadoop-ozone/integration-test/target/test-classes/webapps/scm}
2022-05-15 13:40:18,077 [Listener at 0.0.0.0/44665] INFO  server.AbstractConnector (AbstractConnector.java:doStart(331)) - Started ServerConnector@e4fa412{HTTP/1.1, (http/1.1)}{0.0.0.0:36777}
2022-05-15 13:40:18,077 [Listener at 0.0.0.0/44665] INFO  server.Server (Server.java:doStart(415)) - Started @42191ms
2022-05-15 13:40:18,077 [Listener at 0.0.0.0/44665] WARN  impl.MetricsSystemImpl (MetricsSystemImpl.java:register(279)) - Sink prometheus already exists!
2022-05-15 13:40:18,086 [Listener at 0.0.0.0/44665] INFO  http.BaseHttpServer (BaseHttpServer.java:updateConnectorAddress(329)) - HTTP server of scm listening at http://0.0.0.0:36777
2022-05-15 13:40:18,086 [Listener at 0.0.0.0/44665] WARN  server.ServerUtils (ServerUtils.java:getDBPath(225)) - ozone.om.db.dirs is not configured. We recommend adding this setting. Falling back to ozone.metadata.dirs instead.
2022-05-15 13:40:18,099 [Listener at 0.0.0.0/44665] INFO  ha.OMHANodeDetails (OMHANodeDetails.java:loadOMHAConfig(115)) - ozone.om.internal.service.id is not defined, falling back to ozone.om.service.ids to find serviceID for OzoneManager if it is HA enabled cluster
2022-05-15 13:40:18,099 [Listener at 0.0.0.0/44665] INFO  ha.OMHANodeDetails (OMHANodeDetails.java:loadOMHAConfig(226)) - Configuration does not have ozone.om.address set. Falling back to the default OM address /127.0.0.1:0
2022-05-15 13:40:18,099 [Listener at 0.0.0.0/44665] INFO  ha.OMHANodeDetails (OMHANodeDetails.java:getOMNodeDetailsForNonHA(254)) - OM Service ID is not set. Setting it to the default ID: omServiceIdDefault
2022-05-15 13:40:18,099 [Listener at 0.0.0.0/44665] INFO  ha.OMHANodeDetails (OMHANodeDetails.java:getOMNodeDetailsForNonHA(261)) - OM Node ID is not set. Setting it to the default ID: om1
2022-05-15 13:40:18,100 [Listener at 0.0.0.0/44665] WARN  server.ServerUtils (ServerUtils.java:getDBPath(225)) - ozone.om.db.dirs is not configured. We recommend adding this setting. Falling back to ozone.metadata.dirs instead.
2022-05-15 13:40:18,100 [Listener at 0.0.0.0/44665] INFO  upgrade.AbstractLayoutVersionManager (AbstractLayoutVersionManager.java:init(79)) - Initializing Layout version manager with metadata layout = BUCKET_LAYOUT_SUPPORT (version = 2), software layout = BUCKET_LAYOUT_SUPPORT (version = 2)
2022-05-15 13:40:18,233 [Listener at 0.0.0.0/44665] INFO  reflections.Reflections (Reflections.java:scan(232)) - Reflections took 131 ms to scan 2 urls, producing 143 keys and 369 values [using 2 cores]
2022-05-15 13:40:18,233 [Listener at 0.0.0.0/44665] INFO  upgrade.OMLayoutVersionManager (OMLayoutVersionManager.java:lambda$0(115)) - Skipping Upgrade Action MockOmUpgradeAction since it has been finalized.
2022-05-15 13:40:18,233 [Listener at 0.0.0.0/44665] WARN  server.ServerUtils (ServerUtils.java:getDBPath(225)) - ozone.om.db.dirs is not configured. We recommend adding this setting. Falling back to ozone.metadata.dirs instead.
2022-05-15 13:40:18,250 [Listener at 0.0.0.0/44665] WARN  server.ServerUtils (ServerUtils.java:getDBPath(225)) - ozone.om.db.dirs is not configured. We recommend adding this setting. Falling back to ozone.metadata.dirs instead.
2022-05-15 13:40:18,251 [Listener at 0.0.0.0/44665] INFO  codec.OmKeyInfoCodec (OmKeyInfoCodec.java:<init>(49)) - OmKeyInfoCodec ignorePipeline = true
2022-05-15 13:40:18,251 [Listener at 0.0.0.0/44665] INFO  codec.RepeatedOmKeyInfoCodec (RepeatedOmKeyInfoCodec.java:<init>(41)) - RepeatedOmKeyInfoCodec ignorePipeline = true
2022-05-15 13:40:18,448 [Listener at 0.0.0.0/44665] INFO  om.OzoneManager (OzoneManager.java:addS3GVolumeToDB(3908)) - Created Volume s3v With Owner runner required for S3Gateway operations.
2022-05-15 13:40:18,448 [Listener at 0.0.0.0/44665] WARN  server.ServerUtils (ServerUtils.java:getDefaultRatisDirectory(237)) - Storage directory for Ratis is not configured. It is a good idea to map this to an SSD disk. Falling back to ozone.metadata.dirs
2022-05-15 13:40:18,448 [Listener at 0.0.0.0/44665] WARN  utils.OzoneManagerRatisUtils (OzoneManagerRatisUtils.java:getOMRatisSnapshotDirectory(395)) - ozone.om.ratis.snapshot.dir is not configured. Falling back to ozone.metadata.dirs config
2022-05-15 13:40:18,449 [Listener at 0.0.0.0/44665] WARN  server.ServerUtils (ServerUtils.java:getDefaultRatisDirectory(237)) - Storage directory for Ratis is not configured. It is a good idea to map this to an SSD disk. Falling back to ozone.metadata.dirs
2022-05-15 13:40:18,450 [Listener at 0.0.0.0/44665] INFO  ratis.OzoneManagerRatisServer (OzoneManagerRatisServer.java:<init>(159)) - Instantiating OM Ratis server with groupID: omServiceIdDefault and peers: localhost:9872
2022-05-15 13:40:18,450 [Listener at 0.0.0.0/44665] INFO  ratis.OzoneManagerStateMachine (OzoneManagerStateMachine.java:loadSnapshotInfoFromDB(627)) - LastAppliedIndex is set from TransactionInfo from OM DB as (t:0, i:~)
2022-05-15 13:40:18,455 [Listener at 0.0.0.0/44665] INFO  server.RaftServer (ConfUtils.java:logGet(44)) - raft.rpc.type = GRPC (default)
2022-05-15 13:40:18,455 [Listener at 0.0.0.0/44665] INFO  grpc.GrpcFactory (GrpcFactory.java:checkPooledByteBufAllocatorUseCacheForAllThreads(48)) - PERFORMANCE WARNING: useCacheForAllThreads is true that may cause Netty to create a lot garbage objects and, as a result, trigger GC.
	It is recommended to disable useCacheForAllThreads by setting -Dorg.apache.ratis.thirdparty.io.netty.allocator.useCacheForAllThreads=false in command line.
2022-05-15 13:40:18,455 [Listener at 0.0.0.0/44665] INFO  grpc.GrpcConfigKeys (ConfUtils.java:logGet(44)) - raft.grpc.admin.port = -1 (default)
2022-05-15 13:40:18,456 [Listener at 0.0.0.0/44665] INFO  grpc.GrpcConfigKeys (ConfUtils.java:logGet(44)) - raft.grpc.server.port = 9872 (custom)
2022-05-15 13:40:18,456 [Listener at 0.0.0.0/44665] INFO  grpc.GrpcConfigKeys (ConfUtils.java:logGet(44)) - raft.grpc.client.port = -1 (default)
2022-05-15 13:40:18,456 [Listener at 0.0.0.0/44665] INFO  grpc.GrpcConfigKeys (ConfUtils.java:logGet(44)) - raft.grpc.server.port = 9872 (custom)
2022-05-15 13:40:18,456 [Listener at 0.0.0.0/44665] INFO  grpc.GrpcConfigKeys (ConfUtils.java:logGet(44)) - raft.grpc.server.port = 9872 (custom)
2022-05-15 13:40:18,456 [Listener at 0.0.0.0/44665] INFO  server.GrpcService (ConfUtils.java:logGet(44)) - raft.grpc.message.size.max = 33554432 (custom)
2022-05-15 13:40:18,456 [Listener at 0.0.0.0/44665] INFO  server.RaftServerConfigKeys (ConfUtils.java:logGet(44)) - raft.server.log.appender.buffer.byte-limit = 33554432 (custom)
2022-05-15 13:40:18,456 [Listener at 0.0.0.0/44665] INFO  server.GrpcService (ConfUtils.java:logGet(44)) - raft.grpc.flow.control.window = 1MB (=1048576) (default)
2022-05-15 13:40:18,456 [Listener at 0.0.0.0/44665] INFO  server.RaftServerConfigKeys (ConfUtils.java:logGet(44)) - raft.server.rpc.request.timeout = 3000ms (default)
2022-05-15 13:40:18,458 [Listener at 0.0.0.0/44665] INFO  impl.DataStreamServerImpl (ConfUtils.java:logGet(44)) - raft.datastream.type = DISABLED (default)
2022-05-15 13:40:18,458 [Listener at 0.0.0.0/44665] INFO  server.RaftServerConfigKeys (ConfUtils.java:logGet(44)) - raft.server.rpc.slowness.timeout = 120s (custom)
2022-05-15 13:40:18,458 [Listener at 0.0.0.0/44665] INFO  server.RaftServerConfigKeys (ConfUtils.java:logGet(44)) - raft.server.leaderelection.leader.step-down.wait-time = 10s (default)
2022-05-15 13:40:18,458 [Listener at 0.0.0.0/44665] INFO  server.RaftServerConfigKeys (ConfUtils.java:logGet(44)) - raft.server.storage.dir = [/home/runner/work/ozone/ozone/hadoop-ozone/integration-test/target/test-dir/MiniOzoneClusterImpl-e6988b2d-a82d-4438-baec-2e925de8cb09/ozone-meta/ratis] (custom)
2022-05-15 13:40:18,459 [Listener at 0.0.0.0/44665] INFO  server.RaftServer (RaftServerProxy.java:addNew(95)) - om1: addNew group-C5BA1605619E:[om1|rpc:localhost:9872|priority:0] returns group-C5BA1605619E:java.util.concurrent.CompletableFuture@7d6ac487[Not completed]
2022-05-15 13:40:18,459 [Listener at 0.0.0.0/44665] INFO  om.OzoneManager (OzoneManager.java:initializeRatisServer(1901)) - OzoneManager Ratis server initialized at port 9872
2022-05-15 13:40:18,460 [Listener at 0.0.0.0/44665] INFO  om.OzoneManager (OzoneManager.java:getRpcServer(1030)) - Creating RPC Server
2022-05-15 13:40:18,461 [pool-177-thread-1] INFO  server.RaftServer$Division (RaftServerImpl.java:<init>(184)) - om1: new RaftServerImpl for group-C5BA1605619E:[om1|rpc:localhost:9872|priority:0] with OzoneManagerStateMachine:uninitialized
2022-05-15 13:40:18,461 [pool-177-thread-1] INFO  server.RaftServerConfigKeys (ConfUtils.java:logGet(44)) - raft.server.rpc.timeout.min = 1s (custom)
2022-05-15 13:40:18,461 [pool-177-thread-1] INFO  server.RaftServerConfigKeys (ConfUtils.java:logGet(44)) - raft.server.rpc.timeout.max = 1200ms (custom)
2022-05-15 13:40:18,462 [pool-177-thread-1] INFO  server.RaftServerConfigKeys (ConfUtils.java:logGet(44)) - raft.server.rpc.sleep.time = 25ms (default)
2022-05-15 13:40:18,462 [pool-177-thread-1] INFO  server.RaftServerConfigKeys (ConfUtils.java:logGet(44)) - raft.server.rpc.slowness.timeout = 120s (custom)
2022-05-15 13:40:18,462 [pool-177-thread-1] INFO  server.RaftServerConfigKeys (ConfUtils.java:logGet(44)) - raft.server.leaderelection.leader.step-down.wait-time = 10s (default)
2022-05-15 13:40:18,462 [pool-177-thread-1] INFO  server.RaftServerConfigKeys (ConfUtils.java:logGet(44)) - raft.server.sleep.deviation.threshold = 300ms (default)
2022-05-15 13:40:18,474 [pool-177-thread-1] INFO  server.RaftServerConfigKeys (ConfUtils.java:logGet(44)) - raft.server.log.appender.install.snapshot.enabled = false (custom)
2022-05-15 13:40:18,474 [pool-177-thread-1] INFO  server.RaftServer$Division (ServerState.java:<init>(105)) - om1@group-C5BA1605619E: ConfigurationManager, init=-1: [om1|rpc:localhost:9872|priority:0], old=null, confs=<EMPTY_MAP>
2022-05-15 13:40:18,474 [pool-177-thread-1] INFO  server.RaftServerConfigKeys (ConfUtils.java:logGet(44)) - raft.server.storage.dir = [/home/runner/work/ozone/ozone/hadoop-ozone/integration-test/target/test-dir/MiniOzoneClusterImpl-e6988b2d-a82d-4438-baec-2e925de8cb09/ozone-meta/ratis] (custom)
2022-05-15 13:40:18,475 [pool-177-thread-1] INFO  server.RaftServerConfigKeys (ConfUtils.java:logGet(44)) - raft.server.log.corruption.policy = EXCEPTION (default)
2022-05-15 13:40:18,475 [pool-177-thread-1] INFO  server.RaftServerConfigKeys (ConfUtils.java:logGet(44)) - raft.server.storage.free-space.min = 0MB (=0) (default)
2022-05-15 13:40:18,475 [pool-177-thread-1] INFO  storage.RaftStorageDirectory (RaftStorageDirectoryImpl.java:analyzeStorage(135)) - The storage directory /home/runner/work/ozone/ozone/hadoop-ozone/integration-test/target/test-dir/MiniOzoneClusterImpl-e6988b2d-a82d-4438-baec-2e925de8cb09/ozone-meta/ratis/bf265839-605b-3f16-9796-c5ba1605619e does not exist. Creating ...
2022-05-15 13:40:18,476 [pool-177-thread-1] INFO  storage.RaftStorageDirectory (RaftStorageDirectoryImpl.java:tryLock(230)) - Lock on /home/runner/work/ozone/ozone/hadoop-ozone/integration-test/target/test-dir/MiniOzoneClusterImpl-e6988b2d-a82d-4438-baec-2e925de8cb09/ozone-meta/ratis/bf265839-605b-3f16-9796-c5ba1605619e/in_use.lock acquired by nodename 19587@fv-az40-973
2022-05-15 13:40:18,476 [pool-177-thread-1] INFO  storage.RaftStorage (RaftStorageImpl.java:format(89)) - Storage directory /home/runner/work/ozone/ozone/hadoop-ozone/integration-test/target/test-dir/MiniOzoneClusterImpl-e6988b2d-a82d-4438-baec-2e925de8cb09/ozone-meta/ratis/bf265839-605b-3f16-9796-c5ba1605619e has been successfully formatted.
2022-05-15 13:40:18,477 [pool-177-thread-1] INFO  server.RaftServerConfigKeys (ConfUtils.java:logGet(44)) - raft.server.notification.no-leader.timeout = 120s (custom)
2022-05-15 13:40:18,477 [pool-177-thread-1] INFO  server.RaftServerConfigKeys (ConfUtils.java:logGet(44)) - raft.server.log.use.memory = false (default)
2022-05-15 13:40:18,477 [pool-177-thread-1] INFO  server.RaftServerConfigKeys (ConfUtils.java:logGet(44)) - raft.server.log.purge.gap = 1000000 (custom)
2022-05-15 13:40:18,477 [pool-177-thread-1] INFO  server.RaftServerConfigKeys (ConfUtils.java:logGet(44)) - raft.server.log.appender.buffer.byte-limit = 33554432 (custom)
2022-05-15 13:40:18,477 [pool-177-thread-1] INFO  server.RaftServerConfigKeys (ConfUtils.java:logGet(44)) - raft.server.log.segment.size.max = 4194304 (custom)
2022-05-15 13:40:18,477 [pool-177-thread-1] INFO  server.RaftServerConfigKeys (ConfUtils.java:logGet(44)) - raft.server.log.segment.cache.num.max = 2 (custom)
2022-05-15 13:40:18,478 [pool-177-thread-1] INFO  server.RaftServerConfigKeys (ConfUtils.java:logGet(44)) - raft.server.log.segment.cache.size.max = 200MB (=209715200) (default)
2022-05-15 13:40:18,478 [pool-177-thread-1] INFO  segmented.SegmentedRaftLogWorker (SegmentedRaftLogWorker.java:<init>(182)) - new om1@group-C5BA1605619E-SegmentedRaftLogWorker for RaftStorageImpl:Storage Directory /home/runner/work/ozone/ozone/hadoop-ozone/integration-test/target/test-dir/MiniOzoneClusterImpl-e6988b2d-a82d-4438-baec-2e925de8cb09/ozone-meta/ratis/bf265839-605b-3f16-9796-c5ba1605619e
2022-05-15 13:40:18,478 [pool-177-thread-1] INFO  server.RaftServerConfigKeys (ConfUtils.java:logGet(44)) - raft.server.log.queue.byte-limit = 64MB (=67108864) (default)
2022-05-15 13:40:18,478 [pool-177-thread-1] INFO  server.RaftServerConfigKeys (ConfUtils.java:logGet(44)) - raft.server.log.queue.element-limit = 4096 (default)
2022-05-15 13:40:18,478 [pool-177-thread-1] INFO  server.RaftServerConfigKeys (ConfUtils.java:logGet(44)) - raft.server.log.segment.size.max = 4194304 (custom)
2022-05-15 13:40:18,478 [pool-177-thread-1] INFO  server.RaftServerConfigKeys (ConfUtils.java:logGet(44)) - raft.server.log.preallocated.size = 4194304 (custom)
2022-05-15 13:40:18,478 [pool-177-thread-1] INFO  server.RaftServerConfigKeys (ConfUtils.java:logGet(44)) - raft.server.log.force.sync.num = 128 (default)
2022-05-15 13:40:18,478 [pool-177-thread-1] INFO  server.RaftServerConfigKeys (ConfUtils.java:logGet(44)) - raft.server.log.statemachine.data.sync = true (default)
2022-05-15 13:40:18,478 [pool-177-thread-1] INFO  server.RaftServerConfigKeys (ConfUtils.java:logGet(44)) - raft.server.log.statemachine.data.sync.timeout = 10s (default)
2022-05-15 13:40:18,478 [pool-177-thread-1] INFO  server.RaftServerConfigKeys (ConfUtils.java:logGet(44)) - raft.server.log.statemachine.data.sync.timeout.retry = -1 (default)
2022-05-15 13:40:18,481 [pool-177-thread-1] INFO  server.RaftServerConfigKeys (ConfUtils.java:logGet(44)) - raft.server.log.write.buffer.size = 64KB (=65536) (default)
2022-05-15 13:40:18,481 [pool-177-thread-1] INFO  server.RaftServerConfigKeys (ConfUtils.java:logGet(44)) - raft.server.log.statemachine.data.caching.enabled = false (default)
2022-05-15 13:40:18,482 [pool-177-thread-1] INFO  segmented.SegmentedRaftLogWorker (SegmentedRaftLogWorker.java:lambda$new$0(133)) - om1@group-C5BA1605619E-SegmentedRaftLogWorker: flushIndex: setUnconditionally 0 -> -1
2022-05-15 13:40:18,482 [pool-177-thread-1] INFO  segmented.SegmentedRaftLogWorker (SegmentedRaftLogWorker.java:lambda$new$0(133)) - om1@group-C5BA1605619E-SegmentedRaftLogWorker: safeCacheEvictIndex: setUnconditionally 0 -> -1
2022-05-15 13:40:18,504 [pool-177-thread-1] INFO  server.RaftServerConfigKeys (ConfUtils.java:logGet(44)) - raft.server.snapshot.auto.trigger.enabled = true (custom)
2022-05-15 13:40:18,504 [pool-177-thread-1] INFO  server.RaftServerConfigKeys (ConfUtils.java:logGet(44)) - raft.server.snapshot.auto.trigger.threshold = 400000 (default)
2022-05-15 13:40:18,504 [pool-177-thread-1] INFO  server.RaftServerConfigKeys (ConfUtils.java:logGet(44)) - raft.server.snapshot.retention.file.num = -1 (default)
2022-05-15 13:40:18,504 [pool-177-thread-1] INFO  server.RaftServerConfigKeys (ConfUtils.java:logGet(44)) - raft.server.log.purge.upto.snapshot.index = true (custom)
2022-05-15 13:40:18,504 [pool-177-thread-1] INFO  server.RaftServerConfigKeys (ConfUtils.java:logGet(44)) - raft.server.retrycache.expirytime = 300s (custom)
2022-05-15 13:40:18,504 [pool-177-thread-1] INFO  server.RaftServerConfigKeys (ConfUtils.java:logGet(44)) - raft.server.retrycache.statistics.expirytime = 100μs (default)
2022-05-15 13:40:19,146 [Listener at 0.0.0.0/44665] INFO  reflections.Reflections (Reflections.java:scan(232)) - Reflections took 672 ms to scan 19 urls, producing 61 keys and 3686 values [using 2 cores]
2022-05-15 13:40:19,148 [Listener at 0.0.0.0/44665] INFO  ipc.CallQueueManager (CallQueueManager.java:<init>(90)) - Using callQueue: class java.util.concurrent.LinkedBlockingQueue, queueCapacity: 2000, scheduler: class org.apache.hadoop.ipc.DefaultRpcScheduler, ipcBackoff: false.
2022-05-15 13:40:19,148 [Socket Reader #1 for port 0] INFO  ipc.Server (Server.java:run(1265)) - Starting Socket Reader #1 for port 0
2022-05-15 13:40:19,199 [Listener at 127.0.0.1/44033] INFO  impl.MetricsSystemImpl (MetricsSystemImpl.java:init(158)) - OzoneManager metrics system started (again)
2022-05-15 13:40:19,221 [Listener at 127.0.0.1/44033] INFO  om.OzoneManager (OzoneManager.java:start(1405)) - OzoneManager RPC server is listening at localhost/127.0.0.1:44033
2022-05-15 13:40:19,221 [Listener at 127.0.0.1/44033] INFO  ratis.OzoneManagerRatisServer (OzoneManagerRatisServer.java:start(554)) - Starting OzoneManagerRatisServer om1 at port 9872
2022-05-15 13:40:19,221 [Listener at 127.0.0.1/44033] INFO  server.RaftServer$Division (RaftServerImpl.java:start(301)) - om1@group-C5BA1605619E: start as a follower, conf=-1: [om1|rpc:localhost:9872|priority:0], old=null
2022-05-15 13:40:19,222 [Listener at 127.0.0.1/44033] INFO  server.RaftServer$Division (RaftServerImpl.java:setRole(290)) - om1@group-C5BA1605619E: changes role from      null to FOLLOWER at term 0 for startAsFollower
2022-05-15 13:40:19,222 [Listener at 127.0.0.1/44033] INFO  impl.RoleInfo (RoleInfo.java:updateAndGet(130)) - om1: start om1@group-C5BA1605619E-FollowerState
2022-05-15 13:40:19,230 [Listener at 127.0.0.1/44033] INFO  util.JmxRegister (JmxRegister.java:tryRegister(44)) - Successfully registered JMX Bean with object name Ratis:service=RaftServer,group=group-C5BA1605619E,id=om1
2022-05-15 13:40:19,246 [Listener at 127.0.0.1/44033] INFO  server.RaftServer (RaftServerProxy.java:lambda$start$5(374)) - om1: start RPC server
2022-05-15 13:40:19,251 [Listener at 127.0.0.1/44033] INFO  server.GrpcService (GrpcService.java:startImpl(253)) - om1: GrpcService started, listening on 9872
2022-05-15 13:40:19,257 [Listener at 127.0.0.1/44033] INFO  om.OzoneManager (OzoneManager.java:start(1421)) - Version File has different layout version (2) than OM DB (null). That is expected if this OM has never been finalized to a newer layout version.
2022-05-15 13:40:19,258 [org.apache.ratis.util.JvmPauseMonitor$$Lambda$622/1489821748@2ff7685] INFO  util.JvmPauseMonitor (JvmPauseMonitor.java:run(103)) - JvmPauseMonitor-om1: Started
2022-05-15 13:40:19,272 [Listener at 127.0.0.1/44033] INFO  http.BaseHttpServer (BaseHttpServer.java:newHttpServer2BuilderForOzone(209)) - Starting Web-server for ozoneManager at: http://0.0.0.0:0
2022-05-15 13:40:19,272 [Listener at 127.0.0.1/44033] INFO  http.BaseHttpServer (BaseHttpServer.java:<init>(107)) - Hadoop Security Enabled: false Ozone Security Enabled: false Ozone HTTP Security Enabled: false 
2022-05-15 13:40:19,273 [Listener at 127.0.0.1/44033] INFO  server.AuthenticationFilter (AuthenticationFilter.java:constructSecretProvider(240)) - Unable to initialize FileSignerSecretProvider, falling back to use random secrets.
2022-05-15 13:40:19,278 [Listener at 127.0.0.1/44033] WARN  http.HttpRequestLog (HttpRequestLog.java:getRequestLog(103)) - Jetty request log can only be enabled using Log4j
2022-05-15 13:40:19,279 [Listener at 127.0.0.1/44033] INFO  http.HttpServer2 (HttpServer2.java:addGlobalFilter(1030)) - Added global filter 'safety' (class=org.apache.hadoop.hdds.server.http.HttpServer2$QuotingInputFilter)
2022-05-15 13:40:19,280 [Listener at 127.0.0.1/44033] INFO  http.HttpServer2 (HttpServer2.java:addFilter(1006)) - Added filter static_user_filter (class=org.apache.hadoop.http.lib.StaticUserWebFilter$StaticUserFilter) to context ozoneManager
2022-05-15 13:40:19,280 [Listener at 127.0.0.1/44033] INFO  http.HttpServer2 (HttpServer2.java:addFilter(1014)) - Added filter static_user_filter (class=org.apache.hadoop.http.lib.StaticUserWebFilter$StaticUserFilter) to context static
2022-05-15 13:40:19,281 [Listener at 127.0.0.1/44033] INFO  http.HttpServer2 (HttpServer2.java:addFilter(1014)) - Added filter static_user_filter (class=org.apache.hadoop.http.lib.StaticUserWebFilter$StaticUserFilter) to context logs
2022-05-15 13:40:19,281 [Listener at 127.0.0.1/44033] INFO  http.HttpServer2 (HttpServer2.java:bindListener(1249)) - Jetty bound to port 43757
2022-05-15 13:40:19,281 [Listener at 127.0.0.1/44033] INFO  server.Server (Server.java:doStart(375)) - jetty-9.4.43.v20210629; built: 2021-06-30T11:07:22.254Z; git: 526006ecfa3af7f1a27ef3a288e2bef7ea9dd7e8; jvm 1.8.0_332-b09
2022-05-15 13:40:19,315 [Listener at 127.0.0.1/44033] INFO  server.session (DefaultSessionIdManager.java:doStart(334)) - DefaultSessionIdManager workerName=node0
2022-05-15 13:40:19,315 [Listener at 127.0.0.1/44033] INFO  server.session (DefaultSessionIdManager.java:doStart(339)) - No SessionScavenger set, using defaults
2022-05-15 13:40:19,315 [Listener at 127.0.0.1/44033] INFO  server.session (HouseKeeper.java:startScavenging(132)) - node0 Scavenging every 600000ms
2022-05-15 13:40:19,323 [Listener at 127.0.0.1/44033] INFO  handler.ContextHandler (ContextHandler.java:doStart(915)) - Started o.e.j.s.ServletContextHandler@3c9be087{logs,/logs,file:///home/runner/work/ozone/ozone/hadoop-ozone/integration-test/target/log,AVAILABLE}
2022-05-15 13:40:19,323 [Listener at 127.0.0.1/44033] INFO  handler.ContextHandler (ContextHandler.java:doStart(915)) - Started o.e.j.s.ServletContextHandler@7a2f772a{static,/static,file:///home/runner/work/ozone/ozone/hadoop-ozone/integration-test/target/test-classes/webapps/static,AVAILABLE}
2022-05-15 13:40:19,326 [Listener at 127.0.0.1/44033] INFO  handler.ContextHandler (ContextHandler.java:doStart(915)) - Started o.e.j.w.WebAppContext@19d27788{ozoneManager,/,file:///home/runner/work/ozone/ozone/hadoop-ozone/integration-test/target/test-classes/webapps/ozoneManager/,AVAILABLE}{file:/home/runner/work/ozone/ozone/hadoop-ozone/integration-test/target/test-classes/webapps/ozoneManager}
2022-05-15 13:40:19,327 [Listener at 127.0.0.1/44033] INFO  server.AbstractConnector (AbstractConnector.java:doStart(331)) - Started ServerConnector@314f8420{HTTP/1.1, (http/1.1)}{0.0.0.0:43757}
2022-05-15 13:40:19,328 [Listener at 127.0.0.1/44033] INFO  server.Server (Server.java:doStart(415)) - Started @43442ms
2022-05-15 13:40:19,328 [Listener at 127.0.0.1/44033] WARN  impl.MetricsSystemImpl (MetricsSystemImpl.java:register(279)) - Sink prometheus already exists!
2022-05-15 13:40:19,328 [Listener at 127.0.0.1/44033] INFO  http.BaseHttpServer (BaseHttpServer.java:updateConnectorAddress(329)) - HTTP server of ozoneManager listening at http://0.0.0.0:43757
2022-05-15 13:40:19,334 [IPC Server Responder] INFO  ipc.Server (Server.java:run(1507)) - IPC Server Responder: starting
2022-05-15 13:40:19,338 [IPC Server listener on 0] INFO  ipc.Server (Server.java:run(1344)) - IPC Server listener on 0: starting
2022-05-15 13:40:19,419 [Listener at 127.0.0.1/44033] INFO  om.OzoneManager (OzoneManager.java:startTrashEmptier(1845)) - Trash Interval set to 0. Files deleted won't move to trash
2022-05-15 13:40:19,438 [Listener at 127.0.0.1/44033] WARN  impl.MetricRegistriesImpl (MetricRegistriesImpl.java:addReporterRegistration(111)) - New reporters are added after registries were created. Some metrics will be missing from the reporter. Please add reporter before adding any new registry.
2022-05-15 13:40:19,438 [Listener at 127.0.0.1/44033] WARN  impl.MetricRegistriesImpl (MetricRegistriesImpl.java:addReporterRegistration(111)) - New reporters are added after registries were created. Some metrics will be missing from the reporter. Please add reporter before adding any new registry.
2022-05-15 13:40:19,438 [Listener at 127.0.0.1/44033] INFO  impl.MetricsSystemImpl (MetricsSystemImpl.java:init(158)) - HddsDatanode metrics system started (again)
2022-05-15 13:40:19,449 [org.apache.hadoop.util.JvmPauseMonitor$Monitor@21f77c80] INFO  util.JvmPauseMonitor (JvmPauseMonitor.java:run(188)) - Starting JVM pause monitor
2022-05-15 13:40:19,475 [Listener at 127.0.0.1/44033] INFO  ozone.HddsDatanodeService (HddsDatanodeService.java:start(236)) - HddsDatanodeService host:fv-az40-973.r1qzdtoifymehf5jtx2d0vwyfg.bx.internal.cloudapp.net ip:10.1.0.20
2022-05-15 13:40:19,509 [Listener at 127.0.0.1/44033] INFO  upgrade.AbstractLayoutVersionManager (AbstractLayoutVersionManager.java:init(79)) - Initializing Layout version manager with metadata layout = ERASURE_CODED_STORAGE_SUPPORT (version = 3), software layout = ERASURE_CODED_STORAGE_SUPPORT (version = 3)
2022-05-15 13:40:19,546 [Listener at 127.0.0.1/44033] INFO  reflections.Reflections (Reflections.java:scan(232)) - Reflections took 35 ms to scan 7 urls, producing 126 keys and 289 values 
2022-05-15 13:40:19,547 [Listener at 127.0.0.1/44033] INFO  statemachine.DatanodeStateMachine (DatanodeStateMachine.java:getEndPointTaskThreadPoolSize(224)) - Datanode State Machine Task Thread Pool size 2
2022-05-15 13:40:19,548 [Listener at 127.0.0.1/44033] INFO  volume.HddsVolume (HddsVolume.java:<init>(120)) - Creating HddsVolume: /home/runner/work/ozone/ozone/hadoop-ozone/integration-test/target/test-dir/MiniOzoneClusterImpl-e6988b2d-a82d-4438-baec-2e925de8cb09/datanode-0/data-0/containers/hdds of storage type : DISK capacity : 9223372036854775807
2022-05-15 13:40:19,548 [Listener at 127.0.0.1/44033] INFO  volume.MutableVolumeSet (MutableVolumeSet.java:initializeVolumeSet(168)) - Added Volume : /home/runner/work/ozone/ozone/hadoop-ozone/integration-test/target/test-dir/MiniOzoneClusterImpl-e6988b2d-a82d-4438-baec-2e925de8cb09/datanode-0/data-0/containers/hdds to VolumeSet
2022-05-15 13:40:19,548 [Listener at 127.0.0.1/44033] INFO  volume.ThrottledAsyncChecker (ThrottledAsyncChecker.java:schedule(141)) - Scheduling a check for /home/runner/work/ozone/ozone/hadoop-ozone/integration-test/target/test-dir/MiniOzoneClusterImpl-e6988b2d-a82d-4438-baec-2e925de8cb09/datanode-0/data-0/containers/hdds
2022-05-15 13:40:19,549 [Listener at 127.0.0.1/44033] INFO  volume.StorageVolumeChecker (StorageVolumeChecker.java:checkAllVolumes(202)) - Scheduled health check for volume /home/runner/work/ozone/ozone/hadoop-ozone/integration-test/target/test-dir/MiniOzoneClusterImpl-e6988b2d-a82d-4438-baec-2e925de8cb09/datanode-0/data-0/containers/hdds
2022-05-15 13:40:19,560 [Listener at 127.0.0.1/44033] INFO  volume.MutableVolumeSet (MutableVolumeSet.java:initializeVolumeSet(168)) - Added Volume : /home/runner/work/ozone/ozone/hadoop-ozone/integration-test/target/test-dir/MiniOzoneClusterImpl-e6988b2d-a82d-4438-baec-2e925de8cb09/datanode-0/data/ratis to VolumeSet
2022-05-15 13:40:19,560 [Listener at 127.0.0.1/44033] INFO  volume.ThrottledAsyncChecker (ThrottledAsyncChecker.java:schedule(141)) - Scheduling a check for /home/runner/work/ozone/ozone/hadoop-ozone/integration-test/target/test-dir/MiniOzoneClusterImpl-e6988b2d-a82d-4438-baec-2e925de8cb09/datanode-0/data/ratis
2022-05-15 13:40:19,560 [Listener at 127.0.0.1/44033] INFO  volume.StorageVolumeChecker (StorageVolumeChecker.java:checkAllVolumes(202)) - Scheduled health check for volume /home/runner/work/ozone/ozone/hadoop-ozone/integration-test/target/test-dir/MiniOzoneClusterImpl-e6988b2d-a82d-4438-baec-2e925de8cb09/datanode-0/data/ratis
2022-05-15 13:40:19,570 [Thread-387] INFO  ozoneimpl.ContainerReader (ContainerReader.java:readVolume(172)) - Finish verifying containers on volume /home/runner/work/ozone/ozone/hadoop-ozone/integration-test/target/test-dir/MiniOzoneClusterImpl-e6988b2d-a82d-4438-baec-2e925de8cb09/datanode-0/data-0/containers/hdds
2022-05-15 13:40:19,570 [Listener at 127.0.0.1/44033] INFO  ozoneimpl.OzoneContainer (OzoneContainer.java:buildContainerSet(257)) - Build ContainerSet costs 0s
2022-05-15 13:40:19,572 [Listener at 127.0.0.1/44033] INFO  server.RaftServer (ConfUtils.java:logGet(44)) - raft.rpc.type = GRPC (default)
2022-05-15 13:40:19,572 [Listener at 127.0.0.1/44033] INFO  grpc.GrpcFactory (GrpcFactory.java:checkPooledByteBufAllocatorUseCacheForAllThreads(48)) - PERFORMANCE WARNING: useCacheForAllThreads is true that may cause Netty to create a lot garbage objects and, as a result, trigger GC.
	It is recommended to disable useCacheForAllThreads by setting -Dorg.apache.ratis.thirdparty.io.netty.allocator.useCacheForAllThreads=false in command line.
2022-05-15 13:40:19,572 [Listener at 127.0.0.1/44033] INFO  grpc.GrpcConfigKeys (ConfUtils.java:logGet(44)) - raft.grpc.admin.port = 0 (custom)
2022-05-15 13:40:19,572 [Listener at 127.0.0.1/44033] INFO  grpc.GrpcConfigKeys (ConfUtils.java:logGet(44)) - raft.grpc.client.port = 0 (custom)
2022-05-15 13:40:19,573 [Listener at 127.0.0.1/44033] INFO  grpc.GrpcConfigKeys (ConfUtils.java:logGet(44)) - raft.grpc.server.port = 0 (default)
2022-05-15 13:40:19,573 [Listener at 127.0.0.1/44033] INFO  server.GrpcService (ConfUtils.java:logGet(44)) - raft.grpc.message.size.max = 32MB (=33554432) (custom)
2022-05-15 13:40:19,573 [Listener at 127.0.0.1/44033] INFO  server.RaftServerConfigKeys (ConfUtils.java:logGet(44)) - raft.server.log.appender.buffer.byte-limit = 33554432 (custom)
2022-05-15 13:40:19,573 [Listener at 127.0.0.1/44033] INFO  server.GrpcService (ConfUtils.java:logGet(44)) - raft.grpc.flow.control.window = 5MB (=5242880) (custom)
2022-05-15 13:40:19,573 [Listener at 127.0.0.1/44033] INFO  server.RaftServerConfigKeys (ConfUtils.java:logGet(44)) - raft.server.rpc.request.timeout = 60s (custom)
2022-05-15 13:40:19,574 [Listener at 127.0.0.1/44033] INFO  impl.DataStreamServerImpl (ConfUtils.java:logGet(44)) - raft.datastream.type = DISABLED (default)
2022-05-15 13:40:19,574 [Listener at 127.0.0.1/44033] INFO  server.RaftServerConfigKeys (ConfUtils.java:logGet(44)) - raft.server.rpc.slowness.timeout = 300s (custom)
2022-05-15 13:40:19,574 [Listener at 127.0.0.1/44033] INFO  server.RaftServerConfigKeys (ConfUtils.java:logGet(44)) - raft.server.leaderelection.leader.step-down.wait-time = 10s (default)
2022-05-15 13:40:19,575 [Listener at 127.0.0.1/44033] INFO  server.RaftServerConfigKeys (ConfUtils.java:logGet(44)) - raft.server.storage.dir = [/home/runner/work/ozone/ozone/hadoop-ozone/integration-test/target/test-dir/MiniOzoneClusterImpl-e6988b2d-a82d-4438-baec-2e925de8cb09/datanode-0/data/ratis] (custom)
2022-05-15 13:40:19,576 [Listener at 127.0.0.1/44033] INFO  server.XceiverServerGrpc (XceiverServerGrpc.java:<init>(132)) - GrpcServer channel type EpollServerSocketChannel
2022-05-15 13:40:19,578 [Listener at 127.0.0.1/44033] INFO  http.BaseHttpServer (BaseHttpServer.java:newHttpServer2BuilderForOzone(209)) - Starting Web-server for hddsDatanode at: http://0.0.0.0:0
2022-05-15 13:40:19,578 [Listener at 127.0.0.1/44033] INFO  http.BaseHttpServer (BaseHttpServer.java:<init>(107)) - Hadoop Security Enabled: false Ozone Security Enabled: false Ozone HTTP Security Enabled: false 
2022-05-15 13:40:19,579 [Listener at 127.0.0.1/44033] INFO  server.AuthenticationFilter (AuthenticationFilter.java:constructSecretProvider(240)) - Unable to initialize FileSignerSecretProvider, falling back to use random secrets.
2022-05-15 13:40:19,593 [Listener at 127.0.0.1/44033] WARN  http.HttpRequestLog (HttpRequestLog.java:getRequestLog(103)) - Jetty request log can only be enabled using Log4j
2022-05-15 13:40:19,593 [Listener at 127.0.0.1/44033] INFO  http.HttpServer2 (HttpServer2.java:addGlobalFilter(1030)) - Added global filter 'safety' (class=org.apache.hadoop.hdds.server.http.HttpServer2$QuotingInputFilter)
2022-05-15 13:40:19,594 [Listener at 127.0.0.1/44033] INFO  http.HttpServer2 (HttpServer2.java:addFilter(1006)) - Added filter static_user_filter (class=org.apache.hadoop.http.lib.StaticUserWebFilter$StaticUserFilter) to context hddsDatanode
2022-05-15 13:40:19,594 [Listener at 127.0.0.1/44033] INFO  http.HttpServer2 (HttpServer2.java:addFilter(1014)) - Added filter static_user_filter (class=org.apache.hadoop.http.lib.StaticUserWebFilter$StaticUserFilter) to context logs
2022-05-15 13:40:19,595 [Listener at 127.0.0.1/44033] INFO  http.HttpServer2 (HttpServer2.java:addFilter(1014)) - Added filter static_user_filter (class=org.apache.hadoop.http.lib.StaticUserWebFilter$StaticUserFilter) to context static
2022-05-15 13:40:19,595 [Listener at 127.0.0.1/44033] INFO  http.HttpServer2 (HttpServer2.java:bindListener(1249)) - Jetty bound to port 34965
2022-05-15 13:40:19,595 [Listener at 127.0.0.1/44033] INFO  server.Server (Server.java:doStart(375)) - jetty-9.4.43.v20210629; built: 2021-06-30T11:07:22.254Z; git: 526006ecfa3af7f1a27ef3a288e2bef7ea9dd7e8; jvm 1.8.0_332-b09
2022-05-15 13:40:19,658 [Listener at 127.0.0.1/44033] INFO  server.session (DefaultSessionIdManager.java:doStart(334)) - DefaultSessionIdManager workerName=node0
2022-05-15 13:40:19,658 [Listener at 127.0.0.1/44033] INFO  server.session (DefaultSessionIdManager.java:doStart(339)) - No SessionScavenger set, using defaults
2022-05-15 13:40:19,658 [Listener at 127.0.0.1/44033] INFO  server.session (HouseKeeper.java:startScavenging(132)) - node0 Scavenging every 660000ms
2022-05-15 13:40:19,671 [Listener at 127.0.0.1/44033] INFO  handler.ContextHandler (ContextHandler.java:doStart(915)) - Started o.e.j.s.ServletContextHandler@246eba0{logs,/logs,file:///home/runner/work/ozone/ozone/hadoop-ozone/integration-test/target/log,AVAILABLE}
2022-05-15 13:40:19,671 [Listener at 127.0.0.1/44033] INFO  handler.ContextHandler (ContextHandler.java:doStart(915)) - Started o.e.j.s.ServletContextHandler@7931048d{static,/static,jar:file:/home/runner/.m2/repository/org/apache/ozone/hdds-container-service/1.3.0-SNAPSHOT/hdds-container-service-1.3.0-SNAPSHOT.jar!/webapps/static,AVAILABLE}
2022-05-15 13:40:19,930 [Listener at 127.0.0.1/44033] INFO  handler.ContextHandler (ContextHandler.java:doStart(915)) - Started o.e.j.w.WebAppContext@1b5a471d{hddsDatanode,/,file:///tmp/jetty-0_0_0_0-34965-hdds-container-service-1_3_0-SNAPSHOT_jar-_-any-1779695098583746079/webapp/,AVAILABLE}{jar:file:/home/runner/.m2/repository/org/apache/ozone/hdds-container-service/1.3.0-SNAPSHOT/hdds-container-service-1.3.0-SNAPSHOT.jar!/webapps/hddsDatanode}
2022-05-15 13:40:19,940 [Listener at 127.0.0.1/44033] INFO  server.AbstractConnector (AbstractConnector.java:doStart(331)) - Started ServerConnector@14992832{HTTP/1.1, (http/1.1)}{0.0.0.0:34965}
2022-05-15 13:40:19,941 [Listener at 127.0.0.1/44033] INFO  server.Server (Server.java:doStart(415)) - Started @44055ms
2022-05-15 13:40:19,941 [Listener at 127.0.0.1/44033] WARN  impl.MetricsSystemImpl (MetricsSystemImpl.java:register(279)) - Sink prometheus already exists!
2022-05-15 13:40:19,950 [Listener at 127.0.0.1/44033] INFO  http.BaseHttpServer (BaseHttpServer.java:updateConnectorAddress(329)) - HTTP server of hddsDatanode listening at http://0.0.0.0:34965
2022-05-15 13:40:19,954 [Datanode State Machine Daemon Thread] INFO  statemachine.DatanodeStateMachine (DatanodeStateMachine.java:lambda$startDaemon$0(472)) - Ozone container server started.
2022-05-15 13:40:19,955 [Listener at 127.0.0.1/44033] WARN  impl.MetricRegistriesImpl (MetricRegistriesImpl.java:addReporterRegistration(111)) - New reporters are added after registries were created. Some metrics will be missing from the reporter. Please add reporter before adding any new registry.
2022-05-15 13:40:19,955 [Listener at 127.0.0.1/44033] WARN  impl.MetricRegistriesImpl (MetricRegistriesImpl.java:addReporterRegistration(111)) - New reporters are added after registries were created. Some metrics will be missing from the reporter. Please add reporter before adding any new registry.
2022-05-15 13:40:19,955 [Listener at 127.0.0.1/44033] INFO  impl.MetricsSystemImpl (MetricsSystemImpl.java:init(158)) - HddsDatanode metrics system started (again)
2022-05-15 13:40:20,010 [org.apache.hadoop.util.JvmPauseMonitor$Monitor@706d260d] INFO  util.JvmPauseMonitor (JvmPauseMonitor.java:run(188)) - Starting JVM pause monitor
2022-05-15 13:40:20,025 [Datanode State Machine Task Thread - 0] INFO  datanode.InitDatanodeState (InitDatanodeState.java:persistContainerDatanodeDetails(138)) - DatanodeDetails is persisted to /home/runner/work/ozone/ozone/hadoop-ozone/integration-test/target/test-dir/MiniOzoneClusterImpl-e6988b2d-a82d-4438-baec-2e925de8cb09/datanode-0/meta/datanode.id
2022-05-15 13:40:20,029 [Listener at 127.0.0.1/44033] INFO  ozone.HddsDatanodeService (HddsDatanodeService.java:start(236)) - HddsDatanodeService host:fv-az40-973.r1qzdtoifymehf5jtx2d0vwyfg.bx.internal.cloudapp.net ip:10.1.0.20
2022-05-15 13:40:20,052 [Listener at 127.0.0.1/44033] INFO  upgrade.AbstractLayoutVersionManager (AbstractLayoutVersionManager.java:init(79)) - Initializing Layout version manager with metadata layout = ERASURE_CODED_STORAGE_SUPPORT (version = 3), software layout = ERASURE_CODED_STORAGE_SUPPORT (version = 3)
2022-05-15 13:40:20,137 [Listener at 127.0.0.1/44033] INFO  reflections.Reflections (Reflections.java:scan(232)) - Reflections took 84 ms to scan 7 urls, producing 126 keys and 289 values 
2022-05-15 13:40:20,147 [Listener at 127.0.0.1/44033] INFO  statemachine.DatanodeStateMachine (DatanodeStateMachine.java:getEndPointTaskThreadPoolSize(224)) - Datanode State Machine Task Thread Pool size 2
2022-05-15 13:40:20,163 [Listener at 127.0.0.1/44033] INFO  volume.HddsVolume (HddsVolume.java:<init>(120)) - Creating HddsVolume: /home/runner/work/ozone/ozone/hadoop-ozone/integration-test/target/test-dir/MiniOzoneClusterImpl-e6988b2d-a82d-4438-baec-2e925de8cb09/datanode-1/data-0/containers/hdds of storage type : DISK capacity : 9223372036854775807
2022-05-15 13:40:20,163 [Listener at 127.0.0.1/44033] INFO  volume.MutableVolumeSet (MutableVolumeSet.java:initializeVolumeSet(168)) - Added Volume : /home/runner/work/ozone/ozone/hadoop-ozone/integration-test/target/test-dir/MiniOzoneClusterImpl-e6988b2d-a82d-4438-baec-2e925de8cb09/datanode-1/data-0/containers/hdds to VolumeSet
2022-05-15 13:40:20,163 [Listener at 127.0.0.1/44033] INFO  volume.ThrottledAsyncChecker (ThrottledAsyncChecker.java:schedule(141)) - Scheduling a check for /home/runner/work/ozone/ozone/hadoop-ozone/integration-test/target/test-dir/MiniOzoneClusterImpl-e6988b2d-a82d-4438-baec-2e925de8cb09/datanode-1/data-0/containers/hdds
2022-05-15 13:40:20,191 [Listener at 127.0.0.1/44033] INFO  volume.StorageVolumeChecker (StorageVolumeChecker.java:checkAllVolumes(202)) - Scheduled health check for volume /home/runner/work/ozone/ozone/hadoop-ozone/integration-test/target/test-dir/MiniOzoneClusterImpl-e6988b2d-a82d-4438-baec-2e925de8cb09/datanode-1/data-0/containers/hdds
2022-05-15 13:40:20,202 [Listener at 127.0.0.1/44033] INFO  volume.MutableVolumeSet (MutableVolumeSet.java:initializeVolumeSet(168)) - Added Volume : /home/runner/work/ozone/ozone/hadoop-ozone/integration-test/target/test-dir/MiniOzoneClusterImpl-e6988b2d-a82d-4438-baec-2e925de8cb09/datanode-1/data/ratis to VolumeSet
2022-05-15 13:40:20,202 [Listener at 127.0.0.1/44033] INFO  volume.ThrottledAsyncChecker (ThrottledAsyncChecker.java:schedule(141)) - Scheduling a check for /home/runner/work/ozone/ozone/hadoop-ozone/integration-test/target/test-dir/MiniOzoneClusterImpl-e6988b2d-a82d-4438-baec-2e925de8cb09/datanode-1/data/ratis
2022-05-15 13:40:20,202 [Listener at 127.0.0.1/44033] INFO  volume.StorageVolumeChecker (StorageVolumeChecker.java:checkAllVolumes(202)) - Scheduled health check for volume /home/runner/work/ozone/ozone/hadoop-ozone/integration-test/target/test-dir/MiniOzoneClusterImpl-e6988b2d-a82d-4438-baec-2e925de8cb09/datanode-1/data/ratis
2022-05-15 13:40:20,234 [Thread-399] INFO  ozoneimpl.ContainerReader (ContainerReader.java:readVolume(172)) - Finish verifying containers on volume /home/runner/work/ozone/ozone/hadoop-ozone/integration-test/target/test-dir/MiniOzoneClusterImpl-e6988b2d-a82d-4438-baec-2e925de8cb09/datanode-1/data-0/containers/hdds
2022-05-15 13:40:20,235 [Listener at 127.0.0.1/44033] INFO  ozoneimpl.OzoneContainer (OzoneContainer.java:buildContainerSet(257)) - Build ContainerSet costs 0s
2022-05-15 13:40:20,239 [Listener at 127.0.0.1/44033] INFO  server.RaftServer (ConfUtils.java:logGet(44)) - raft.rpc.type = GRPC (default)
2022-05-15 13:40:20,240 [Listener at 127.0.0.1/44033] INFO  grpc.GrpcFactory (GrpcFactory.java:checkPooledByteBufAllocatorUseCacheForAllThreads(48)) - PERFORMANCE WARNING: useCacheForAllThreads is true that may cause Netty to create a lot garbage objects and, as a result, trigger GC.
	It is recommended to disable useCacheForAllThreads by setting -Dorg.apache.ratis.thirdparty.io.netty.allocator.useCacheForAllThreads=false in command line.
2022-05-15 13:40:20,240 [Listener at 127.0.0.1/44033] INFO  grpc.GrpcConfigKeys (ConfUtils.java:logGet(44)) - raft.grpc.admin.port = 0 (custom)
2022-05-15 13:40:20,240 [Listener at 127.0.0.1/44033] INFO  grpc.GrpcConfigKeys (ConfUtils.java:logGet(44)) - raft.grpc.client.port = 0 (custom)
2022-05-15 13:40:20,240 [Listener at 127.0.0.1/44033] INFO  grpc.GrpcConfigKeys (ConfUtils.java:logGet(44)) - raft.grpc.server.port = 0 (default)
2022-05-15 13:40:20,240 [Listener at 127.0.0.1/44033] INFO  server.GrpcService (ConfUtils.java:logGet(44)) - raft.grpc.message.size.max = 32MB (=33554432) (custom)
2022-05-15 13:40:20,240 [Listener at 127.0.0.1/44033] INFO  server.RaftServerConfigKeys (ConfUtils.java:logGet(44)) - raft.server.log.appender.buffer.byte-limit = 33554432 (custom)
2022-05-15 13:40:20,240 [Listener at 127.0.0.1/44033] INFO  server.GrpcService (ConfUtils.java:logGet(44)) - raft.grpc.flow.control.window = 5MB (=5242880) (custom)
2022-05-15 13:40:20,240 [Listener at 127.0.0.1/44033] INFO  server.RaftServerConfigKeys (ConfUtils.java:logGet(44)) - raft.server.rpc.request.timeout = 60s (custom)
2022-05-15 13:40:20,241 [Listener at 127.0.0.1/44033] INFO  impl.DataStreamServerImpl (ConfUtils.java:logGet(44)) - raft.datastream.type = DISABLED (default)
2022-05-15 13:40:20,243 [Listener at 127.0.0.1/44033] INFO  server.RaftServerConfigKeys (ConfUtils.java:logGet(44)) - raft.server.rpc.slowness.timeout = 300s (custom)
2022-05-15 13:40:20,243 [Listener at 127.0.0.1/44033] INFO  server.RaftServerConfigKeys (ConfUtils.java:logGet(44)) - raft.server.leaderelection.leader.step-down.wait-time = 10s (default)
2022-05-15 13:40:20,243 [Listener at 127.0.0.1/44033] INFO  server.RaftServerConfigKeys (ConfUtils.java:logGet(44)) - raft.server.storage.dir = [/home/runner/work/ozone/ozone/hadoop-ozone/integration-test/target/test-dir/MiniOzoneClusterImpl-e6988b2d-a82d-4438-baec-2e925de8cb09/datanode-1/data/ratis] (custom)
2022-05-15 13:40:20,244 [Listener at 127.0.0.1/44033] INFO  server.XceiverServerGrpc (XceiverServerGrpc.java:<init>(132)) - GrpcServer channel type EpollServerSocketChannel
2022-05-15 13:40:20,255 [Listener at 127.0.0.1/44033] INFO  http.BaseHttpServer (BaseHttpServer.java:newHttpServer2BuilderForOzone(209)) - Starting Web-server for hddsDatanode at: http://0.0.0.0:0
2022-05-15 13:40:20,255 [Listener at 127.0.0.1/44033] INFO  http.BaseHttpServer (BaseHttpServer.java:<init>(107)) - Hadoop Security Enabled: false Ozone Security Enabled: false Ozone HTTP Security Enabled: false 
2022-05-15 13:40:20,256 [Listener at 127.0.0.1/44033] INFO  server.AuthenticationFilter (AuthenticationFilter.java:constructSecretProvider(240)) - Unable to initialize FileSignerSecretProvider, falling back to use random secrets.
2022-05-15 13:40:20,261 [Listener at 127.0.0.1/44033] WARN  http.HttpRequestLog (HttpRequestLog.java:getRequestLog(103)) - Jetty request log can only be enabled using Log4j
2022-05-15 13:40:20,262 [Listener at 127.0.0.1/44033] INFO  http.HttpServer2 (HttpServer2.java:addGlobalFilter(1030)) - Added global filter 'safety' (class=org.apache.hadoop.hdds.server.http.HttpServer2$QuotingInputFilter)
2022-05-15 13:40:20,264 [Listener at 127.0.0.1/44033] INFO  http.HttpServer2 (HttpServer2.java:addFilter(1006)) - Added filter static_user_filter (class=org.apache.hadoop.http.lib.StaticUserWebFilter$StaticUserFilter) to context hddsDatanode
2022-05-15 13:40:20,264 [Listener at 127.0.0.1/44033] INFO  http.HttpServer2 (HttpServer2.java:addFilter(1014)) - Added filter static_user_filter (class=org.apache.hadoop.http.lib.StaticUserWebFilter$StaticUserFilter) to context logs
2022-05-15 13:40:20,264 [Listener at 127.0.0.1/44033] INFO  http.HttpServer2 (HttpServer2.java:addFilter(1014)) - Added filter static_user_filter (class=org.apache.hadoop.http.lib.StaticUserWebFilter$StaticUserFilter) to context static
2022-05-15 13:40:20,264 [Listener at 127.0.0.1/44033] INFO  http.HttpServer2 (HttpServer2.java:bindListener(1249)) - Jetty bound to port 37843
2022-05-15 13:40:20,264 [Listener at 127.0.0.1/44033] INFO  server.Server (Server.java:doStart(375)) - jetty-9.4.43.v20210629; built: 2021-06-30T11:07:22.254Z; git: 526006ecfa3af7f1a27ef3a288e2bef7ea9dd7e8; jvm 1.8.0_332-b09
2022-05-15 13:40:20,270 [Listener at 127.0.0.1/44033] INFO  server.session (DefaultSessionIdManager.java:doStart(334)) - DefaultSessionIdManager workerName=node0
2022-05-15 13:40:20,271 [Listener at 127.0.0.1/44033] INFO  server.session (DefaultSessionIdManager.java:doStart(339)) - No SessionScavenger set, using defaults
2022-05-15 13:40:20,271 [Listener at 127.0.0.1/44033] INFO  server.session (HouseKeeper.java:startScavenging(132)) - node0 Scavenging every 600000ms
2022-05-15 13:40:20,279 [Listener at 127.0.0.1/44033] INFO  handler.ContextHandler (ContextHandler.java:doStart(915)) - Started o.e.j.s.ServletContextHandler@761f241f{logs,/logs,file:///home/runner/work/ozone/ozone/hadoop-ozone/integration-test/target/log,AVAILABLE}
2022-05-15 13:40:20,279 [Listener at 127.0.0.1/44033] INFO  handler.ContextHandler (ContextHandler.java:doStart(915)) - Started o.e.j.s.ServletContextHandler@22cd1beb{static,/static,jar:file:/home/runner/.m2/repository/org/apache/ozone/hdds-container-service/1.3.0-SNAPSHOT/hdds-container-service-1.3.0-SNAPSHOT.jar!/webapps/static,AVAILABLE}
2022-05-15 13:40:20,330 [om1@group-C5BA1605619E-FollowerState] INFO  impl.FollowerState (FollowerState.java:run(134)) - om1@group-C5BA1605619E-FollowerState: change to CANDIDATE, lastRpcElapsedTime:1108529736ns, electionTimeout:1099ms
2022-05-15 13:40:20,330 [om1@group-C5BA1605619E-FollowerState] INFO  impl.RoleInfo (RoleInfo.java:shutdownFollowerState(108)) - om1: shutdown om1@group-C5BA1605619E-FollowerState
2022-05-15 13:40:20,330 [om1@group-C5BA1605619E-FollowerState] INFO  server.RaftServer$Division (RaftServerImpl.java:setRole(290)) - om1@group-C5BA1605619E: changes role from  FOLLOWER to CANDIDATE at term 0 for changeToCandidate
2022-05-15 13:40:20,331 [om1@group-C5BA1605619E-FollowerState] INFO  server.RaftServerConfigKeys (ConfUtils.java:logGet(44)) - raft.server.leaderelection.pre-vote = false (custom)
2022-05-15 13:40:20,331 [om1@group-C5BA1605619E-FollowerState] INFO  impl.RoleInfo (RoleInfo.java:updateAndGet(130)) - om1: start om1@group-C5BA1605619E-LeaderElection10
2022-05-15 13:40:20,359 [om1@group-C5BA1605619E-LeaderElection10] INFO  impl.LeaderElection (LeaderElection.java:askForVotes(306)) - om1@group-C5BA1605619E-LeaderElection10 ELECTION round 0: submit vote requests at term 1 for -1: [om1|rpc:localhost:9872|priority:0], old=null
2022-05-15 13:40:20,359 [om1@group-C5BA1605619E-LeaderElection10] INFO  impl.LeaderElection (LeaderElection.java:askForVotes(308)) - om1@group-C5BA1605619E-LeaderElection10 ELECTION round 0: result PASSED (term=1)
2022-05-15 13:40:20,359 [om1@group-C5BA1605619E-LeaderElection10] INFO  impl.RoleInfo (RoleInfo.java:shutdownLeaderElection(121)) - om1: shutdown om1@group-C5BA1605619E-LeaderElection10
2022-05-15 13:40:20,359 [om1@group-C5BA1605619E-LeaderElection10] INFO  server.RaftServer$Division (RaftServerImpl.java:setRole(290)) - om1@group-C5BA1605619E: changes role from CANDIDATE to LEADER at term 1 for changeToLeader
2022-05-15 13:40:20,359 [om1@group-C5BA1605619E-LeaderElection10] INFO  server.RaftServer$Division (ServerState.java:setLeader(285)) - om1@group-C5BA1605619E: change Leader from null to om1 at term 1 for becomeLeader, leader elected after 1882ms
2022-05-15 13:40:20,359 [om1@group-C5BA1605619E-LeaderElection10] INFO  server.RaftServerConfigKeys (ConfUtils.java:logGet(44)) - raft.server.staging.catchup.gap = 1000 (default)
2022-05-15 13:40:20,360 [om1@group-C5BA1605619E-LeaderElection10] INFO  server.RaftServerConfigKeys (ConfUtils.java:logGet(44)) - raft.server.write.element-limit = 4096 (default)
2022-05-15 13:40:20,360 [om1@group-C5BA1605619E-LeaderElection10] INFO  server.RaftServerConfigKeys (ConfUtils.java:logGet(44)) - raft.server.write.byte-limit = 64MB (=67108864) (default)
2022-05-15 13:40:20,360 [om1@group-C5BA1605619E-LeaderElection10] INFO  server.RaftServerConfigKeys (ConfUtils.java:logGet(44)) - raft.server.watch.timeout = 10s (default)
2022-05-15 13:40:20,360 [om1@group-C5BA1605619E-LeaderElection10] INFO  server.RaftServerConfigKeys (ConfUtils.java:logGet(44)) - raft.server.watch.timeout.denomination = 1s (default)
2022-05-15 13:40:20,360 [om1@group-C5BA1605619E-LeaderElection10] INFO  server.RaftServerConfigKeys (ConfUtils.java:logGet(44)) - raft.server.watch.element-limit = 65536 (default)
2022-05-15 13:40:20,360 [om1@group-C5BA1605619E-LeaderElection10] INFO  server.RaftServerConfigKeys (ConfUtils.java:logGet(44)) - raft.server.write.element-limit = 4096 (default)
2022-05-15 13:40:20,360 [om1@group-C5BA1605619E-LeaderElection10] INFO  server.RaftServerConfigKeys (ConfUtils.java:logGet(44)) - raft.server.write.follower.gap.ratio.max = -1.0 (default)
2022-05-15 13:40:20,360 [om1@group-C5BA1605619E-LeaderElection10] INFO  impl.RoleInfo (RoleInfo.java:updateAndGet(130)) - om1: start om1@group-C5BA1605619E-LeaderStateImpl
2022-05-15 13:40:20,360 [om1@group-C5BA1605619E-LeaderElection10] INFO  segmented.SegmentedRaftLogWorker (SegmentedRaftLogWorker.java:startLogSegment(394)) - om1@group-C5BA1605619E-SegmentedRaftLogWorker: Starting segment from index:0
2022-05-15 13:40:20,370 [om1@group-C5BA1605619E-LeaderElection10] INFO  server.RaftServer$Division (ServerState.java:setRaftConf(387)) - om1@group-C5BA1605619E: set configuration 0: [om1|rpc:localhost:9872|admin:|client:|dataStream:|priority:0], old=null
2022-05-15 13:40:20,378 [om1@group-C5BA1605619E-SegmentedRaftLogWorker] INFO  segmented.SegmentedRaftLogWorker (SegmentedRaftLogWorker.java:execute(601)) - om1@group-C5BA1605619E-SegmentedRaftLogWorker: created new log segment /home/runner/work/ozone/ozone/hadoop-ozone/integration-test/target/test-dir/MiniOzoneClusterImpl-e6988b2d-a82d-4438-baec-2e925de8cb09/ozone-meta/ratis/bf265839-605b-3f16-9796-c5ba1605619e/current/log_inprogress_0
2022-05-15 13:40:20,380 [om1@group-C5BA1605619E-StateMachineUpdater] INFO  ratis.OzoneManagerStateMachine (OzoneManagerStateMachine.java:notifyConfigurationChanged(191)) - Received Configuration change notification from Ratis. New Peer list:
[id: "om1"
address: "localhost:9872"
]
2022-05-15 13:40:20,635 [Listener at 127.0.0.1/44033] INFO  handler.ContextHandler (ContextHandler.java:doStart(915)) - Started o.e.j.w.WebAppContext@6025a000{hddsDatanode,/,file:///tmp/jetty-0_0_0_0-37843-hdds-container-service-1_3_0-SNAPSHOT_jar-_-any-6554511274936337663/webapp/,AVAILABLE}{jar:file:/home/runner/.m2/repository/org/apache/ozone/hdds-container-service/1.3.0-SNAPSHOT/hdds-container-service-1.3.0-SNAPSHOT.jar!/webapps/hddsDatanode}
2022-05-15 13:40:20,636 [Listener at 127.0.0.1/44033] INFO  server.AbstractConnector (AbstractConnector.java:doStart(331)) - Started ServerConnector@637bae77{HTTP/1.1, (http/1.1)}{0.0.0.0:37843}
2022-05-15 13:40:20,636 [Listener at 127.0.0.1/44033] INFO  server.Server (Server.java:doStart(415)) - Started @44751ms
2022-05-15 13:40:20,636 [Listener at 127.0.0.1/44033] WARN  impl.MetricsSystemImpl (MetricsSystemImpl.java:register(279)) - Sink prometheus already exists!
2022-05-15 13:40:20,638 [Listener at 127.0.0.1/44033] INFO  http.BaseHttpServer (BaseHttpServer.java:updateConnectorAddress(329)) - HTTP server of hddsDatanode listening at http://0.0.0.0:37843
2022-05-15 13:40:20,650 [Listener at 127.0.0.1/44033] WARN  impl.MetricRegistriesImpl (MetricRegistriesImpl.java:addReporterRegistration(111)) - New reporters are added after registries were created. Some metrics will be missing from the reporter. Please add reporter before adding any new registry.
2022-05-15 13:40:20,651 [Listener at 127.0.0.1/44033] WARN  impl.MetricRegistriesImpl (MetricRegistriesImpl.java:addReporterRegistration(111)) - New reporters are added after registries were created. Some metrics will be missing from the reporter. Please add reporter before adding any new registry.
2022-05-15 13:40:20,651 [Listener at 127.0.0.1/44033] INFO  impl.MetricsSystemImpl (MetricsSystemImpl.java:init(158)) - HddsDatanode metrics system started (again)
2022-05-15 13:40:20,658 [Datanode State Machine Daemon Thread] INFO  statemachine.DatanodeStateMachine (DatanodeStateMachine.java:lambda$startDaemon$0(472)) - Ozone container server started.
2022-05-15 13:40:20,678 [org.apache.hadoop.util.JvmPauseMonitor$Monitor@57bcccf4] INFO  util.JvmPauseMonitor (JvmPauseMonitor.java:run(188)) - Starting JVM pause monitor
2022-05-15 13:40:20,683 [Listener at 127.0.0.1/44033] INFO  ozone.HddsDatanodeService (HddsDatanodeService.java:start(236)) - HddsDatanodeService host:fv-az40-973.r1qzdtoifymehf5jtx2d0vwyfg.bx.internal.cloudapp.net ip:10.1.0.20
2022-05-15 13:40:20,693 [Datanode State Machine Task Thread - 0] INFO  datanode.InitDatanodeState (InitDatanodeState.java:persistContainerDatanodeDetails(138)) - DatanodeDetails is persisted to /home/runner/work/ozone/ozone/hadoop-ozone/integration-test/target/test-dir/MiniOzoneClusterImpl-e6988b2d-a82d-4438-baec-2e925de8cb09/datanode-1/meta/datanode.id
2022-05-15 13:40:20,710 [Listener at 127.0.0.1/44033] INFO  upgrade.AbstractLayoutVersionManager (AbstractLayoutVersionManager.java:init(79)) - Initializing Layout version manager with metadata layout = ERASURE_CODED_STORAGE_SUPPORT (version = 3), software layout = ERASURE_CODED_STORAGE_SUPPORT (version = 3)
2022-05-15 13:40:20,822 [Listener at 127.0.0.1/44033] INFO  reflections.Reflections (Reflections.java:scan(232)) - Reflections took 95 ms to scan 7 urls, producing 126 keys and 289 values 
2022-05-15 13:40:20,824 [Listener at 127.0.0.1/44033] INFO  statemachine.DatanodeStateMachine (DatanodeStateMachine.java:getEndPointTaskThreadPoolSize(224)) - Datanode State Machine Task Thread Pool size 2
2022-05-15 13:40:20,832 [Listener at 127.0.0.1/44033] INFO  volume.HddsVolume (HddsVolume.java:<init>(120)) - Creating HddsVolume: /home/runner/work/ozone/ozone/hadoop-ozone/integration-test/target/test-dir/MiniOzoneClusterImpl-e6988b2d-a82d-4438-baec-2e925de8cb09/datanode-2/data-0/containers/hdds of storage type : DISK capacity : 9223372036854775807
2022-05-15 13:40:20,832 [Listener at 127.0.0.1/44033] INFO  volume.MutableVolumeSet (MutableVolumeSet.java:initializeVolumeSet(168)) - Added Volume : /home/runner/work/ozone/ozone/hadoop-ozone/integration-test/target/test-dir/MiniOzoneClusterImpl-e6988b2d-a82d-4438-baec-2e925de8cb09/datanode-2/data-0/containers/hdds to VolumeSet
2022-05-15 13:40:20,832 [Listener at 127.0.0.1/44033] INFO  volume.ThrottledAsyncChecker (ThrottledAsyncChecker.java:schedule(141)) - Scheduling a check for /home/runner/work/ozone/ozone/hadoop-ozone/integration-test/target/test-dir/MiniOzoneClusterImpl-e6988b2d-a82d-4438-baec-2e925de8cb09/datanode-2/data-0/containers/hdds
2022-05-15 13:40:20,833 [Listener at 127.0.0.1/44033] INFO  volume.StorageVolumeChecker (StorageVolumeChecker.java:checkAllVolumes(202)) - Scheduled health check for volume /home/runner/work/ozone/ozone/hadoop-ozone/integration-test/target/test-dir/MiniOzoneClusterImpl-e6988b2d-a82d-4438-baec-2e925de8cb09/datanode-2/data-0/containers/hdds
2022-05-15 13:40:20,892 [Listener at 127.0.0.1/44033] INFO  volume.MutableVolumeSet (MutableVolumeSet.java:initializeVolumeSet(168)) - Added Volume : /home/runner/work/ozone/ozone/hadoop-ozone/integration-test/target/test-dir/MiniOzoneClusterImpl-e6988b2d-a82d-4438-baec-2e925de8cb09/datanode-2/data/ratis to VolumeSet
2022-05-15 13:40:20,900 [Listener at 127.0.0.1/44033] INFO  volume.ThrottledAsyncChecker (ThrottledAsyncChecker.java:schedule(141)) - Scheduling a check for /home/runner/work/ozone/ozone/hadoop-ozone/integration-test/target/test-dir/MiniOzoneClusterImpl-e6988b2d-a82d-4438-baec-2e925de8cb09/datanode-2/data/ratis
2022-05-15 13:40:20,900 [Listener at 127.0.0.1/44033] INFO  volume.StorageVolumeChecker (StorageVolumeChecker.java:checkAllVolumes(202)) - Scheduled health check for volume /home/runner/work/ozone/ozone/hadoop-ozone/integration-test/target/test-dir/MiniOzoneClusterImpl-e6988b2d-a82d-4438-baec-2e925de8cb09/datanode-2/data/ratis
2022-05-15 13:40:20,922 [Thread-413] INFO  ozoneimpl.ContainerReader (ContainerReader.java:readVolume(172)) - Finish verifying containers on volume /home/runner/work/ozone/ozone/hadoop-ozone/integration-test/target/test-dir/MiniOzoneClusterImpl-e6988b2d-a82d-4438-baec-2e925de8cb09/datanode-2/data-0/containers/hdds
2022-05-15 13:40:20,922 [Listener at 127.0.0.1/44033] INFO  ozoneimpl.OzoneContainer (OzoneContainer.java:buildContainerSet(257)) - Build ContainerSet costs 0s
2022-05-15 13:40:20,927 [Listener at 127.0.0.1/44033] INFO  server.RaftServer (ConfUtils.java:logGet(44)) - raft.rpc.type = GRPC (default)
2022-05-15 13:40:20,928 [Listener at 127.0.0.1/44033] INFO  grpc.GrpcFactory (GrpcFactory.java:checkPooledByteBufAllocatorUseCacheForAllThreads(48)) - PERFORMANCE WARNING: useCacheForAllThreads is true that may cause Netty to create a lot garbage objects and, as a result, trigger GC.
	It is recommended to disable useCacheForAllThreads by setting -Dorg.apache.ratis.thirdparty.io.netty.allocator.useCacheForAllThreads=false in command line.
2022-05-15 13:40:20,928 [Listener at 127.0.0.1/44033] INFO  grpc.GrpcConfigKeys (ConfUtils.java:logGet(44)) - raft.grpc.admin.port = 0 (custom)
2022-05-15 13:40:20,928 [Listener at 127.0.0.1/44033] INFO  grpc.GrpcConfigKeys (ConfUtils.java:logGet(44)) - raft.grpc.client.port = 0 (custom)
2022-05-15 13:40:20,928 [Listener at 127.0.0.1/44033] INFO  grpc.GrpcConfigKeys (ConfUtils.java:logGet(44)) - raft.grpc.server.port = 0 (default)
2022-05-15 13:40:20,928 [Listener at 127.0.0.1/44033] INFO  server.GrpcService (ConfUtils.java:logGet(44)) - raft.grpc.message.size.max = 32MB (=33554432) (custom)
2022-05-15 13:40:20,930 [Listener at 127.0.0.1/44033] INFO  server.RaftServerConfigKeys (ConfUtils.java:logGet(44)) - raft.server.log.appender.buffer.byte-limit = 33554432 (custom)
2022-05-15 13:40:20,930 [Listener at 127.0.0.1/44033] INFO  server.GrpcService (ConfUtils.java:logGet(44)) - raft.grpc.flow.control.window = 5MB (=5242880) (custom)
2022-05-15 13:40:20,930 [Listener at 127.0.0.1/44033] INFO  server.RaftServerConfigKeys (ConfUtils.java:logGet(44)) - raft.server.rpc.request.timeout = 60s (custom)
2022-05-15 13:40:20,932 [Listener at 127.0.0.1/44033] INFO  impl.DataStreamServerImpl (ConfUtils.java:logGet(44)) - raft.datastream.type = DISABLED (default)
2022-05-15 13:40:20,932 [Listener at 127.0.0.1/44033] INFO  server.RaftServerConfigKeys (ConfUtils.java:logGet(44)) - raft.server.rpc.slowness.timeout = 300s (custom)
2022-05-15 13:40:20,932 [Listener at 127.0.0.1/44033] INFO  server.RaftServerConfigKeys (ConfUtils.java:logGet(44)) - raft.server.leaderelection.leader.step-down.wait-time = 10s (default)
2022-05-15 13:40:20,932 [Listener at 127.0.0.1/44033] INFO  server.RaftServerConfigKeys (ConfUtils.java:logGet(44)) - raft.server.storage.dir = [/home/runner/work/ozone/ozone/hadoop-ozone/integration-test/target/test-dir/MiniOzoneClusterImpl-e6988b2d-a82d-4438-baec-2e925de8cb09/datanode-2/data/ratis] (custom)
2022-05-15 13:40:20,933 [Listener at 127.0.0.1/44033] INFO  server.XceiverServerGrpc (XceiverServerGrpc.java:<init>(132)) - GrpcServer channel type EpollServerSocketChannel
2022-05-15 13:40:20,945 [Listener at 127.0.0.1/44033] INFO  http.BaseHttpServer (BaseHttpServer.java:newHttpServer2BuilderForOzone(209)) - Starting Web-server for hddsDatanode at: http://0.0.0.0:0
2022-05-15 13:40:20,945 [Listener at 127.0.0.1/44033] INFO  http.BaseHttpServer (BaseHttpServer.java:<init>(107)) - Hadoop Security Enabled: false Ozone Security Enabled: false Ozone HTTP Security Enabled: false 
2022-05-15 13:40:20,946 [Listener at 127.0.0.1/44033] INFO  server.AuthenticationFilter (AuthenticationFilter.java:constructSecretProvider(240)) - Unable to initialize FileSignerSecretProvider, falling back to use random secrets.
2022-05-15 13:40:20,950 [Listener at 127.0.0.1/44033] WARN  http.HttpRequestLog (HttpRequestLog.java:getRequestLog(103)) - Jetty request log can only be enabled using Log4j
2022-05-15 13:40:20,951 [Listener at 127.0.0.1/44033] INFO  http.HttpServer2 (HttpServer2.java:addGlobalFilter(1030)) - Added global filter 'safety' (class=org.apache.hadoop.hdds.server.http.HttpServer2$QuotingInputFilter)
2022-05-15 13:40:20,952 [Listener at 127.0.0.1/44033] INFO  http.HttpServer2 (HttpServer2.java:addFilter(1006)) - Added filter static_user_filter (class=org.apache.hadoop.http.lib.StaticUserWebFilter$StaticUserFilter) to context hddsDatanode
2022-05-15 13:40:20,952 [Listener at 127.0.0.1/44033] INFO  http.HttpServer2 (HttpServer2.java:addFilter(1014)) - Added filter static_user_filter (class=org.apache.hadoop.http.lib.StaticUserWebFilter$StaticUserFilter) to context static
2022-05-15 13:40:20,952 [Listener at 127.0.0.1/44033] INFO  http.HttpServer2 (HttpServer2.java:addFilter(1014)) - Added filter static_user_filter (class=org.apache.hadoop.http.lib.StaticUserWebFilter$StaticUserFilter) to context logs
2022-05-15 13:40:20,953 [Listener at 127.0.0.1/44033] INFO  http.HttpServer2 (HttpServer2.java:bindListener(1249)) - Jetty bound to port 38891
2022-05-15 13:40:20,953 [Listener at 127.0.0.1/44033] INFO  server.Server (Server.java:doStart(375)) - jetty-9.4.43.v20210629; built: 2021-06-30T11:07:22.254Z; git: 526006ecfa3af7f1a27ef3a288e2bef7ea9dd7e8; jvm 1.8.0_332-b09
2022-05-15 13:40:20,991 [Listener at 127.0.0.1/44033] INFO  server.session (DefaultSessionIdManager.java:doStart(334)) - DefaultSessionIdManager workerName=node0
2022-05-15 13:40:20,991 [Listener at 127.0.0.1/44033] INFO  server.session (DefaultSessionIdManager.java:doStart(339)) - No SessionScavenger set, using defaults
2022-05-15 13:40:20,991 [Listener at 127.0.0.1/44033] INFO  server.session (HouseKeeper.java:startScavenging(132)) - node0 Scavenging every 600000ms
2022-05-15 13:40:20,992 [Listener at 127.0.0.1/44033] INFO  handler.ContextHandler (ContextHandler.java:doStart(915)) - Started o.e.j.s.ServletContextHandler@f5b7b13{logs,/logs,file:///home/runner/work/ozone/ozone/hadoop-ozone/integration-test/target/log,AVAILABLE}
2022-05-15 13:40:20,992 [Listener at 127.0.0.1/44033] INFO  handler.ContextHandler (ContextHandler.java:doStart(915)) - Started o.e.j.s.ServletContextHandler@3cd7ca94{static,/static,jar:file:/home/runner/.m2/repository/org/apache/ozone/hdds-container-service/1.3.0-SNAPSHOT/hdds-container-service-1.3.0-SNAPSHOT.jar!/webapps/static,AVAILABLE}
2022-05-15 13:40:21,177 [Listener at 127.0.0.1/44033] INFO  handler.ContextHandler (ContextHandler.java:doStart(915)) - Started o.e.j.w.WebAppContext@6e7103dd{hddsDatanode,/,file:///tmp/jetty-0_0_0_0-38891-hdds-container-service-1_3_0-SNAPSHOT_jar-_-any-2677656069605882665/webapp/,AVAILABLE}{jar:file:/home/runner/.m2/repository/org/apache/ozone/hdds-container-service/1.3.0-SNAPSHOT/hdds-container-service-1.3.0-SNAPSHOT.jar!/webapps/hddsDatanode}
2022-05-15 13:40:21,178 [Listener at 127.0.0.1/44033] INFO  server.AbstractConnector (AbstractConnector.java:doStart(331)) - Started ServerConnector@df98e69{HTTP/1.1, (http/1.1)}{0.0.0.0:38891}
2022-05-15 13:40:21,179 [Listener at 127.0.0.1/44033] INFO  server.Server (Server.java:doStart(415)) - Started @45293ms
2022-05-15 13:40:21,179 [Listener at 127.0.0.1/44033] WARN  impl.MetricsSystemImpl (MetricsSystemImpl.java:register(279)) - Sink prometheus already exists!
2022-05-15 13:40:21,179 [Listener at 127.0.0.1/44033] INFO  http.BaseHttpServer (BaseHttpServer.java:updateConnectorAddress(329)) - HTTP server of hddsDatanode listening at http://0.0.0.0:38891
2022-05-15 13:40:21,180 [Listener at 127.0.0.1/44033] INFO  ozone.MiniOzoneClusterImpl (MiniOzoneClusterImpl.java:lambda$waitForClusterToBeReady$0(221)) - Waiting for nodes to be ready. Got 0 of 3 DN Heartbeats.
2022-05-15 13:40:21,180 [Listener at 127.0.0.1/44033] INFO  ozone.MiniOzoneClusterImpl (MiniOzoneClusterImpl.java:lambda$waitForClusterToBeReady$0(224)) - Waiting for cluster to exit safe mode
2022-05-15 13:40:21,180 [Listener at 127.0.0.1/44033] INFO  ozone.MiniOzoneClusterImpl (MiniOzoneClusterImpl.java:lambda$waitForClusterToBeReady$0(226)) - SCM became leader
2022-05-15 13:40:21,181 [Datanode State Machine Daemon Thread] INFO  statemachine.DatanodeStateMachine (DatanodeStateMachine.java:lambda$startDaemon$0(472)) - Ozone container server started.
2022-05-15 13:40:21,241 [org.apache.hadoop.util.JvmPauseMonitor$Monitor@78300ede] INFO  util.JvmPauseMonitor (JvmPauseMonitor.java:run(188)) - Starting JVM pause monitor
2022-05-15 13:40:21,248 [Datanode State Machine Task Thread - 0] INFO  datanode.InitDatanodeState (InitDatanodeState.java:persistContainerDatanodeDetails(138)) - DatanodeDetails is persisted to /home/runner/work/ozone/ozone/hadoop-ozone/integration-test/target/test-dir/MiniOzoneClusterImpl-e6988b2d-a82d-4438-baec-2e925de8cb09/datanode-2/meta/datanode.id
2022-05-15 13:40:22,031 [EndpointStateMachine task thread for /0.0.0.0:45241 - 0 ] INFO  ozoneimpl.OzoneContainer (OzoneContainer.java:start(335)) - Attempting to start container services.
2022-05-15 13:40:22,032 [EndpointStateMachine task thread for /0.0.0.0:45241 - 0 ] INFO  ozoneimpl.OzoneContainer (OzoneContainer.java:startContainerScrub(270)) - Background container scanner has been disabled.
2022-05-15 13:40:22,033 [EndpointStateMachine task thread for /0.0.0.0:45241 - 0 ] INFO  replication.ReplicationServer (ReplicationServer.java:start(111)) - ReplicationServer is started using port 41791
2022-05-15 13:40:22,034 [EndpointStateMachine task thread for /0.0.0.0:45241 - 0 ] INFO  ratis.XceiverServerRatis (XceiverServerRatis.java:start(481)) - Starting XceiverServerRatis 202e9239-47c7-423a-9cd3-2de09b349c52
2022-05-15 13:40:22,039 [EndpointStateMachine task thread for /0.0.0.0:45241 - 0 ] INFO  server.RaftServer (RaftServerProxy.java:lambda$start$5(374)) - 202e9239-47c7-423a-9cd3-2de09b349c52: start RPC server
2022-05-15 13:40:22,050 [EndpointStateMachine task thread for /0.0.0.0:45241 - 0 ] INFO  server.GrpcService (GrpcService.java:startImpl(253)) - 202e9239-47c7-423a-9cd3-2de09b349c52: GrpcService started, listening on 36687
2022-05-15 13:40:22,054 [EndpointStateMachine task thread for /0.0.0.0:45241 - 0 ] INFO  ratis.XceiverServerRatis (XceiverServerRatis.java:getRealPort(502)) - XceiverServerRatis 202e9239-47c7-423a-9cd3-2de09b349c52 is started using port 36687 for RATIS
2022-05-15 13:40:22,054 [EndpointStateMachine task thread for /0.0.0.0:45241 - 0 ] INFO  ratis.XceiverServerRatis (XceiverServerRatis.java:getRealPort(502)) - XceiverServerRatis 202e9239-47c7-423a-9cd3-2de09b349c52 is started using port 36687 for RATIS_ADMIN
2022-05-15 13:40:22,054 [EndpointStateMachine task thread for /0.0.0.0:45241 - 0 ] INFO  ratis.XceiverServerRatis (XceiverServerRatis.java:getRealPort(502)) - XceiverServerRatis 202e9239-47c7-423a-9cd3-2de09b349c52 is started using port 36687 for RATIS_SERVER
2022-05-15 13:40:22,055 [org.apache.ratis.util.JvmPauseMonitor$$Lambda$622/1489821748@5ce0e95a] INFO  util.JvmPauseMonitor (JvmPauseMonitor.java:run(103)) - JvmPauseMonitor-202e9239-47c7-423a-9cd3-2de09b349c52: Started
2022-05-15 13:40:22,063 [EndpointStateMachine task thread for /0.0.0.0:45241 - 0 ] INFO  server.XceiverServerGrpc (XceiverServerGrpc.java:start(180)) - XceiverServerGrpc 202e9239-47c7-423a-9cd3-2de09b349c52 is started using port 40849
2022-05-15 13:40:22,180 [Listener at 127.0.0.1/44033] INFO  ozone.MiniOzoneClusterImpl (MiniOzoneClusterImpl.java:lambda$waitForClusterToBeReady$0(221)) - Waiting for nodes to be ready. Got 0 of 3 DN Heartbeats.
2022-05-15 13:40:22,180 [Listener at 127.0.0.1/44033] INFO  ozone.MiniOzoneClusterImpl (MiniOzoneClusterImpl.java:lambda$waitForClusterToBeReady$0(224)) - Waiting for cluster to exit safe mode
2022-05-15 13:40:22,180 [Listener at 127.0.0.1/44033] INFO  ozone.MiniOzoneClusterImpl (MiniOzoneClusterImpl.java:lambda$waitForClusterToBeReady$0(226)) - SCM became leader
2022-05-15 13:40:22,689 [EndpointStateMachine task thread for /0.0.0.0:45241 - 0 ] INFO  ozoneimpl.OzoneContainer (OzoneContainer.java:start(335)) - Attempting to start container services.
2022-05-15 13:40:22,689 [EndpointStateMachine task thread for /0.0.0.0:45241 - 0 ] INFO  ozoneimpl.OzoneContainer (OzoneContainer.java:startContainerScrub(270)) - Background container scanner has been disabled.
2022-05-15 13:40:22,689 [EndpointStateMachine task thread for /0.0.0.0:45241 - 0 ] INFO  replication.ReplicationServer (ReplicationServer.java:start(111)) - ReplicationServer is started using port 40037
2022-05-15 13:40:22,690 [EndpointStateMachine task thread for /0.0.0.0:45241 - 0 ] INFO  ratis.XceiverServerRatis (XceiverServerRatis.java:start(481)) - Starting XceiverServerRatis eda58b43-d835-4a06-8ae1-b7a54d57ec10
2022-05-15 13:40:22,706 [EndpointStateMachine task thread for /0.0.0.0:45241 - 0 ] INFO  server.RaftServer (RaftServerProxy.java:lambda$start$5(374)) - eda58b43-d835-4a06-8ae1-b7a54d57ec10: start RPC server
2022-05-15 13:40:22,707 [EndpointStateMachine task thread for /0.0.0.0:45241 - 0 ] INFO  server.GrpcService (GrpcService.java:startImpl(253)) - eda58b43-d835-4a06-8ae1-b7a54d57ec10: GrpcService started, listening on 42159
2022-05-15 13:40:22,708 [EndpointStateMachine task thread for /0.0.0.0:45241 - 0 ] INFO  ratis.XceiverServerRatis (XceiverServerRatis.java:getRealPort(502)) - XceiverServerRatis eda58b43-d835-4a06-8ae1-b7a54d57ec10 is started using port 42159 for RATIS
2022-05-15 13:40:22,708 [EndpointStateMachine task thread for /0.0.0.0:45241 - 0 ] INFO  ratis.XceiverServerRatis (XceiverServerRatis.java:getRealPort(502)) - XceiverServerRatis eda58b43-d835-4a06-8ae1-b7a54d57ec10 is started using port 42159 for RATIS_ADMIN
2022-05-15 13:40:22,708 [EndpointStateMachine task thread for /0.0.0.0:45241 - 0 ] INFO  ratis.XceiverServerRatis (XceiverServerRatis.java:getRealPort(502)) - XceiverServerRatis eda58b43-d835-4a06-8ae1-b7a54d57ec10 is started using port 42159 for RATIS_SERVER
2022-05-15 13:40:22,708 [org.apache.ratis.util.JvmPauseMonitor$$Lambda$622/1489821748@323d7b49] INFO  util.JvmPauseMonitor (JvmPauseMonitor.java:run(103)) - JvmPauseMonitor-eda58b43-d835-4a06-8ae1-b7a54d57ec10: Started
2022-05-15 13:40:22,715 [EndpointStateMachine task thread for /0.0.0.0:45241 - 0 ] INFO  server.XceiverServerGrpc (XceiverServerGrpc.java:start(180)) - XceiverServerGrpc eda58b43-d835-4a06-8ae1-b7a54d57ec10 is started using port 46199
2022-05-15 13:40:23,181 [Listener at 127.0.0.1/44033] INFO  ozone.MiniOzoneClusterImpl (MiniOzoneClusterImpl.java:lambda$waitForClusterToBeReady$0(221)) - Waiting for nodes to be ready. Got 0 of 3 DN Heartbeats.
2022-05-15 13:40:23,181 [Listener at 127.0.0.1/44033] INFO  ozone.MiniOzoneClusterImpl (MiniOzoneClusterImpl.java:lambda$waitForClusterToBeReady$0(224)) - Waiting for cluster to exit safe mode
2022-05-15 13:40:23,181 [Listener at 127.0.0.1/44033] INFO  ozone.MiniOzoneClusterImpl (MiniOzoneClusterImpl.java:lambda$waitForClusterToBeReady$0(226)) - SCM became leader
2022-05-15 13:40:23,256 [EndpointStateMachine task thread for /0.0.0.0:45241 - 0 ] INFO  ozoneimpl.OzoneContainer (OzoneContainer.java:start(335)) - Attempting to start container services.
2022-05-15 13:40:23,256 [EndpointStateMachine task thread for /0.0.0.0:45241 - 0 ] INFO  ozoneimpl.OzoneContainer (OzoneContainer.java:startContainerScrub(270)) - Background container scanner has been disabled.
2022-05-15 13:40:23,259 [EndpointStateMachine task thread for /0.0.0.0:45241 - 0 ] INFO  replication.ReplicationServer (ReplicationServer.java:start(111)) - ReplicationServer is started using port 39845
2022-05-15 13:40:23,261 [EndpointStateMachine task thread for /0.0.0.0:45241 - 0 ] INFO  ratis.XceiverServerRatis (XceiverServerRatis.java:start(481)) - Starting XceiverServerRatis 79ec004f-76c4-4937-a9ae-fe5f0a16577d
2022-05-15 13:40:23,262 [EndpointStateMachine task thread for /0.0.0.0:45241 - 0 ] INFO  server.RaftServer (RaftServerProxy.java:lambda$start$5(374)) - 79ec004f-76c4-4937-a9ae-fe5f0a16577d: start RPC server
2022-05-15 13:40:23,266 [EndpointStateMachine task thread for /0.0.0.0:45241 - 0 ] INFO  server.GrpcService (GrpcService.java:startImpl(253)) - 79ec004f-76c4-4937-a9ae-fe5f0a16577d: GrpcService started, listening on 40141
2022-05-15 13:40:23,270 [EndpointStateMachine task thread for /0.0.0.0:45241 - 0 ] INFO  ratis.XceiverServerRatis (XceiverServerRatis.java:getRealPort(502)) - XceiverServerRatis 79ec004f-76c4-4937-a9ae-fe5f0a16577d is started using port 40141 for RATIS
2022-05-15 13:40:23,270 [EndpointStateMachine task thread for /0.0.0.0:45241 - 0 ] INFO  ratis.XceiverServerRatis (XceiverServerRatis.java:getRealPort(502)) - XceiverServerRatis 79ec004f-76c4-4937-a9ae-fe5f0a16577d is started using port 40141 for RATIS_ADMIN
2022-05-15 13:40:23,270 [EndpointStateMachine task thread for /0.0.0.0:45241 - 0 ] INFO  ratis.XceiverServerRatis (XceiverServerRatis.java:getRealPort(502)) - XceiverServerRatis 79ec004f-76c4-4937-a9ae-fe5f0a16577d is started using port 40141 for RATIS_SERVER
2022-05-15 13:40:23,271 [org.apache.ratis.util.JvmPauseMonitor$$Lambda$622/1489821748@72180ba3] INFO  util.JvmPauseMonitor (JvmPauseMonitor.java:run(103)) - JvmPauseMonitor-79ec004f-76c4-4937-a9ae-fe5f0a16577d: Started
2022-05-15 13:40:23,277 [EndpointStateMachine task thread for /0.0.0.0:45241 - 0 ] INFO  server.XceiverServerGrpc (XceiverServerGrpc.java:start(180)) - XceiverServerGrpc 79ec004f-76c4-4937-a9ae-fe5f0a16577d is started using port 44393
2022-05-15 13:40:24,013 [IPC Server handler 17 on default port 45241] INFO  net.NetworkTopologyImpl (NetworkTopologyImpl.java:add(112)) - Added a new node: /default-rack/202e9239-47c7-423a-9cd3-2de09b349c52
2022-05-15 13:40:24,013 [IPC Server handler 17 on default port 45241] INFO  node.SCMNodeManager (SCMNodeManager.java:register(393)) - Registered Data node : 202e9239-47c7-423a-9cd3-2de09b349c52{ip: 10.1.0.20, host: fv-az40-973.r1qzdtoifymehf5jtx2d0vwyfg.bx.internal.cloudapp.net, ports: [REPLICATION=41791, RATIS=36687, RATIS_ADMIN=36687, RATIS_SERVER=36687, STANDALONE=40849], networkLocation: /default-rack, certSerialId: null, persistedOpState: null, persistedOpStateExpiryEpochSec: 0}
2022-05-15 13:40:24,028 [EventQueue-NodeRegistrationContainerReportForDataNodeSafeModeRule] INFO  safemode.SCMSafeModeManager (DataNodeSafeModeRule.java:process(71)) - SCM in safe mode. 1 DataNodes registered, 3 required.
2022-05-15 13:40:24,035 [EventQueue-NodeRegistrationContainerReportForContainerSafeModeRule] INFO  safemode.SCMSafeModeManager (SCMSafeModeManager.java:validateSafeModeExitRules(204)) - ContainerSafeModeRule rule is successfully validated
2022-05-15 13:40:24,051 [EventQueue-NewNodeForNewNodeHandler] INFO  pipeline.BackgroundPipelineCreator (BackgroundPipelineCreator.java:notifyEventTriggered(272)) - trigger a one-shot run on RatisPipelineUtilsThread.
2022-05-15 13:40:24,051 [RatisPipelineUtilsThread - 0] INFO  pipeline.RatisPipelineProvider (RatisPipelineProvider.java:lambda$create$0(195)) - Sending CreatePipelineCommand for pipeline:PipelineID=f8953f7a-435f-4d22-a768-0e406023599c to datanode:202e9239-47c7-423a-9cd3-2de09b349c52
2022-05-15 13:40:24,051 [EventQueue-PipelineReportForOneReplicaPipelineSafeModeRule] INFO  safemode.SCMSafeModeManager (SCMSafeModeManager.java:validateSafeModeExitRules(204)) - AtleastOneDatanodeReportedRule rule is successfully validated
2022-05-15 13:40:24,054 [RatisPipelineUtilsThread - 0] INFO  pipeline.PipelineStateManagerImpl (PipelineStateManagerImpl.java:addPipeline(101)) - Created pipeline Pipeline[ Id: f8953f7a-435f-4d22-a768-0e406023599c, Nodes: 202e9239-47c7-423a-9cd3-2de09b349c52{ip: 10.1.0.20, host: fv-az40-973.r1qzdtoifymehf5jtx2d0vwyfg.bx.internal.cloudapp.net, ports: [REPLICATION=41791, RATIS=36687, RATIS_ADMIN=36687, RATIS_SERVER=36687, STANDALONE=40849], networkLocation: /default-rack, certSerialId: null, persistedOpState: IN_SERVICE, persistedOpStateExpiryEpochSec: 0}, ReplicationConfig: RATIS/ONE, State:ALLOCATED, leaderId:, CreationTimestamp2022-05-15T13:40:24.051Z[Etc/UTC]].
2022-05-15 13:40:24,181 [Listener at 127.0.0.1/44033] INFO  ozone.MiniOzoneClusterImpl (MiniOzoneClusterImpl.java:lambda$waitForClusterToBeReady$0(221)) - Waiting for nodes to be ready. Got 1 of 3 DN Heartbeats.
2022-05-15 13:40:24,182 [Listener at 127.0.0.1/44033] INFO  ozone.MiniOzoneClusterImpl (MiniOzoneClusterImpl.java:lambda$waitForClusterToBeReady$0(224)) - Waiting for cluster to exit safe mode
2022-05-15 13:40:24,182 [Listener at 127.0.0.1/44033] INFO  ozone.MiniOzoneClusterImpl (MiniOzoneClusterImpl.java:lambda$waitForClusterToBeReady$0(226)) - SCM became leader
2022-05-15 13:40:24,674 [IPC Server handler 1 on default port 45241] INFO  net.NetworkTopologyImpl (NetworkTopologyImpl.java:add(112)) - Added a new node: /default-rack/eda58b43-d835-4a06-8ae1-b7a54d57ec10
2022-05-15 13:40:24,676 [IPC Server handler 1 on default port 45241] INFO  node.SCMNodeManager (SCMNodeManager.java:register(393)) - Registered Data node : eda58b43-d835-4a06-8ae1-b7a54d57ec10{ip: 10.1.0.20, host: fv-az40-973.r1qzdtoifymehf5jtx2d0vwyfg.bx.internal.cloudapp.net, ports: [REPLICATION=40037, RATIS=42159, RATIS_ADMIN=42159, RATIS_SERVER=42159, STANDALONE=46199], networkLocation: /default-rack, certSerialId: null, persistedOpState: null, persistedOpStateExpiryEpochSec: 0}
2022-05-15 13:40:24,676 [EventQueue-NewNodeForNewNodeHandler] INFO  pipeline.BackgroundPipelineCreator (BackgroundPipelineCreator.java:notifyEventTriggered(272)) - trigger a one-shot run on RatisPipelineUtilsThread.
2022-05-15 13:40:24,676 [EventQueue-NodeRegistrationContainerReportForDataNodeSafeModeRule] INFO  safemode.SCMSafeModeManager (DataNodeSafeModeRule.java:process(71)) - SCM in safe mode. 2 DataNodes registered, 3 required.
2022-05-15 13:40:24,683 [RatisPipelineUtilsThread - 0] INFO  pipeline.RatisPipelineProvider (RatisPipelineProvider.java:lambda$create$0(195)) - Sending CreatePipelineCommand for pipeline:PipelineID=ce380e23-ab4a-4212-affc-0a937d6a44f0 to datanode:eda58b43-d835-4a06-8ae1-b7a54d57ec10
2022-05-15 13:40:24,689 [RatisPipelineUtilsThread - 0] INFO  pipeline.PipelineStateManagerImpl (PipelineStateManagerImpl.java:addPipeline(101)) - Created pipeline Pipeline[ Id: ce380e23-ab4a-4212-affc-0a937d6a44f0, Nodes: eda58b43-d835-4a06-8ae1-b7a54d57ec10{ip: 10.1.0.20, host: fv-az40-973.r1qzdtoifymehf5jtx2d0vwyfg.bx.internal.cloudapp.net, ports: [REPLICATION=40037, RATIS=42159, RATIS_ADMIN=42159, RATIS_SERVER=42159, STANDALONE=46199], networkLocation: /default-rack, certSerialId: null, persistedOpState: IN_SERVICE, persistedOpStateExpiryEpochSec: 0}, ReplicationConfig: RATIS/ONE, State:ALLOCATED, leaderId:, CreationTimestamp2022-05-15T13:40:24.683Z[Etc/UTC]].
2022-05-15 13:40:25,182 [Listener at 127.0.0.1/44033] INFO  ozone.MiniOzoneClusterImpl (MiniOzoneClusterImpl.java:lambda$waitForClusterToBeReady$0(221)) - Waiting for nodes to be ready. Got 2 of 3 DN Heartbeats.
2022-05-15 13:40:25,182 [Listener at 127.0.0.1/44033] INFO  ozone.MiniOzoneClusterImpl (MiniOzoneClusterImpl.java:lambda$waitForClusterToBeReady$0(224)) - Waiting for cluster to exit safe mode
2022-05-15 13:40:25,182 [Listener at 127.0.0.1/44033] INFO  ozone.MiniOzoneClusterImpl (MiniOzoneClusterImpl.java:lambda$waitForClusterToBeReady$0(226)) - SCM became leader
2022-05-15 13:40:25,243 [IPC Server handler 0 on default port 45241] INFO  net.NetworkTopologyImpl (NetworkTopologyImpl.java:add(112)) - Added a new node: /default-rack/79ec004f-76c4-4937-a9ae-fe5f0a16577d
2022-05-15 13:40:25,244 [IPC Server handler 0 on default port 45241] INFO  node.SCMNodeManager (SCMNodeManager.java:register(393)) - Registered Data node : 79ec004f-76c4-4937-a9ae-fe5f0a16577d{ip: 10.1.0.20, host: fv-az40-973.r1qzdtoifymehf5jtx2d0vwyfg.bx.internal.cloudapp.net, ports: [REPLICATION=39845, RATIS=40141, RATIS_ADMIN=40141, RATIS_SERVER=40141, STANDALONE=44393], networkLocation: /default-rack, certSerialId: null, persistedOpState: null, persistedOpStateExpiryEpochSec: 0}
2022-05-15 13:40:25,244 [EventQueue-NewNodeForNewNodeHandler] INFO  pipeline.BackgroundPipelineCreator (BackgroundPipelineCreator.java:notifyEventTriggered(272)) - trigger a one-shot run on RatisPipelineUtilsThread.
2022-05-15 13:40:25,245 [RatisPipelineUtilsThread - 0] INFO  pipeline.RatisPipelineProvider (RatisPipelineProvider.java:lambda$create$0(195)) - Sending CreatePipelineCommand for pipeline:PipelineID=2b708ffe-1952-47fa-8db1-4a826171c8f8 to datanode:79ec004f-76c4-4937-a9ae-fe5f0a16577d
2022-05-15 13:40:25,245 [EventQueue-NodeRegistrationContainerReportForDataNodeSafeModeRule] INFO  safemode.SCMSafeModeManager (DataNodeSafeModeRule.java:process(71)) - SCM in safe mode. 3 DataNodes registered, 3 required.
2022-05-15 13:40:25,245 [EventQueue-NodeRegistrationContainerReportForDataNodeSafeModeRule] INFO  safemode.SCMSafeModeManager (SCMSafeModeManager.java:validateSafeModeExitRules(204)) - DataNodeSafeModeRule rule is successfully validated
2022-05-15 13:40:25,245 [EventQueue-NodeRegistrationContainerReportForDataNodeSafeModeRule] INFO  safemode.SCMSafeModeManager (SCMSafeModeManager.java:completePreCheck(233)) - All SCM safe mode pre check rules have passed
2022-05-15 13:40:25,245 [EventQueue-NodeRegistrationContainerReportForDataNodeSafeModeRule] WARN  events.EventQueue (EventQueue.java:fireEvent(194)) - No event handler registered for event TypedEvent{payloadType=SafeModeStatus, name='Safe mode status'}
2022-05-15 13:40:25,245 [EventQueue-NodeRegistrationContainerReportForDataNodeSafeModeRule] INFO  ha.SCMContext (SCMContext.java:updateSafeModeStatus(211)) - Update SafeModeStatus from SafeModeStatus{safeModeStatus=true, preCheckPassed=false} to SafeModeStatus{safeModeStatus=true, preCheckPassed=true}.
2022-05-15 13:40:25,245 [EventQueue-NodeRegistrationContainerReportForDataNodeSafeModeRule] INFO  pipeline.BackgroundPipelineCreator (BackgroundPipelineCreator.java:notifyEventTriggered(272)) - trigger a one-shot run on RatisPipelineUtilsThread.
2022-05-15 13:40:25,245 [RatisPipelineUtilsThread - 0] INFO  pipeline.PipelineStateManagerImpl (PipelineStateManagerImpl.java:addPipeline(101)) - Created pipeline Pipeline[ Id: 2b708ffe-1952-47fa-8db1-4a826171c8f8, Nodes: 79ec004f-76c4-4937-a9ae-fe5f0a16577d{ip: 10.1.0.20, host: fv-az40-973.r1qzdtoifymehf5jtx2d0vwyfg.bx.internal.cloudapp.net, ports: [REPLICATION=39845, RATIS=40141, RATIS_ADMIN=40141, RATIS_SERVER=40141, STANDALONE=44393], networkLocation: /default-rack, certSerialId: null, persistedOpState: IN_SERVICE, persistedOpStateExpiryEpochSec: 0}, ReplicationConfig: RATIS/ONE, State:ALLOCATED, leaderId:, CreationTimestamp2022-05-15T13:40:25.245Z[Etc/UTC]].
2022-05-15 13:40:25,246 [RatisPipelineUtilsThread - 0] INFO  pipeline.RatisPipelineProvider (RatisPipelineProvider.java:lambda$create$0(195)) - Sending CreatePipelineCommand for pipeline:PipelineID=e591fc53-ebba-420e-bbaa-da51d1b1407c to datanode:eda58b43-d835-4a06-8ae1-b7a54d57ec10
2022-05-15 13:40:25,246 [RatisPipelineUtilsThread - 0] INFO  pipeline.RatisPipelineProvider (RatisPipelineProvider.java:lambda$create$0(195)) - Sending CreatePipelineCommand for pipeline:PipelineID=e591fc53-ebba-420e-bbaa-da51d1b1407c to datanode:79ec004f-76c4-4937-a9ae-fe5f0a16577d
2022-05-15 13:40:25,246 [RatisPipelineUtilsThread - 0] INFO  pipeline.RatisPipelineProvider (RatisPipelineProvider.java:lambda$create$0(195)) - Sending CreatePipelineCommand for pipeline:PipelineID=e591fc53-ebba-420e-bbaa-da51d1b1407c to datanode:202e9239-47c7-423a-9cd3-2de09b349c52
2022-05-15 13:40:25,248 [RatisPipelineUtilsThread - 0] INFO  pipeline.PipelineStateManagerImpl (PipelineStateManagerImpl.java:addPipeline(101)) - Created pipeline Pipeline[ Id: e591fc53-ebba-420e-bbaa-da51d1b1407c, Nodes: eda58b43-d835-4a06-8ae1-b7a54d57ec10{ip: 10.1.0.20, host: fv-az40-973.r1qzdtoifymehf5jtx2d0vwyfg.bx.internal.cloudapp.net, ports: [REPLICATION=40037, RATIS=42159, RATIS_ADMIN=42159, RATIS_SERVER=42159, STANDALONE=46199], networkLocation: /default-rack, certSerialId: null, persistedOpState: IN_SERVICE, persistedOpStateExpiryEpochSec: 0}79ec004f-76c4-4937-a9ae-fe5f0a16577d{ip: 10.1.0.20, host: fv-az40-973.r1qzdtoifymehf5jtx2d0vwyfg.bx.internal.cloudapp.net, ports: [REPLICATION=39845, RATIS=40141, RATIS_ADMIN=40141, RATIS_SERVER=40141, STANDALONE=44393], networkLocation: /default-rack, certSerialId: null, persistedOpState: IN_SERVICE, persistedOpStateExpiryEpochSec: 0}202e9239-47c7-423a-9cd3-2de09b349c52{ip: 10.1.0.20, host: fv-az40-973.r1qzdtoifymehf5jtx2d0vwyfg.bx.internal.cloudapp.net, ports: [REPLICATION=41791, RATIS=36687, RATIS_ADMIN=36687, RATIS_SERVER=36687, STANDALONE=40849], networkLocation: /default-rack, certSerialId: null, persistedOpState: IN_SERVICE, persistedOpStateExpiryEpochSec: 0}, ReplicationConfig: RATIS/THREE, State:ALLOCATED, leaderId:, CreationTimestamp2022-05-15T13:40:25.246Z[Etc/UTC]].
2022-05-15 13:40:25,248 [RatisPipelineUtilsThread - 0] INFO  pipeline.RatisPipelineProvider (RatisPipelineProvider.java:lambda$create$0(195)) - Sending CreatePipelineCommand for pipeline:PipelineID=135be98c-0b36-48fb-a4ab-18fd4c7a5263 to datanode:79ec004f-76c4-4937-a9ae-fe5f0a16577d
2022-05-15 13:40:25,248 [RatisPipelineUtilsThread - 0] INFO  pipeline.RatisPipelineProvider (RatisPipelineProvider.java:lambda$create$0(195)) - Sending CreatePipelineCommand for pipeline:PipelineID=135be98c-0b36-48fb-a4ab-18fd4c7a5263 to datanode:202e9239-47c7-423a-9cd3-2de09b349c52
2022-05-15 13:40:25,249 [RatisPipelineUtilsThread - 0] INFO  pipeline.RatisPipelineProvider (RatisPipelineProvider.java:lambda$create$0(195)) - Sending CreatePipelineCommand for pipeline:PipelineID=135be98c-0b36-48fb-a4ab-18fd4c7a5263 to datanode:eda58b43-d835-4a06-8ae1-b7a54d57ec10
2022-05-15 13:40:25,249 [RatisPipelineUtilsThread - 0] INFO  pipeline.PipelineStateManagerImpl (PipelineStateManagerImpl.java:addPipeline(101)) - Created pipeline Pipeline[ Id: 135be98c-0b36-48fb-a4ab-18fd4c7a5263, Nodes: 79ec004f-76c4-4937-a9ae-fe5f0a16577d{ip: 10.1.0.20, host: fv-az40-973.r1qzdtoifymehf5jtx2d0vwyfg.bx.internal.cloudapp.net, ports: [REPLICATION=39845, RATIS=40141, RATIS_ADMIN=40141, RATIS_SERVER=40141, STANDALONE=44393], networkLocation: /default-rack, certSerialId: null, persistedOpState: IN_SERVICE, persistedOpStateExpiryEpochSec: 0}202e9239-47c7-423a-9cd3-2de09b349c52{ip: 10.1.0.20, host: fv-az40-973.r1qzdtoifymehf5jtx2d0vwyfg.bx.internal.cloudapp.net, ports: [REPLICATION=41791, RATIS=36687, RATIS_ADMIN=36687, RATIS_SERVER=36687, STANDALONE=40849], networkLocation: /default-rack, certSerialId: null, persistedOpState: IN_SERVICE, persistedOpStateExpiryEpochSec: 0}eda58b43-d835-4a06-8ae1-b7a54d57ec10{ip: 10.1.0.20, host: fv-az40-973.r1qzdtoifymehf5jtx2d0vwyfg.bx.internal.cloudapp.net, ports: [REPLICATION=40037, RATIS=42159, RATIS_ADMIN=42159, RATIS_SERVER=42159, STANDALONE=46199], networkLocation: /default-rack, certSerialId: null, persistedOpState: IN_SERVICE, persistedOpStateExpiryEpochSec: 0}, ReplicationConfig: RATIS/THREE, State:ALLOCATED, leaderId:, CreationTimestamp2022-05-15T13:40:25.248Z[Etc/UTC]].
2022-05-15 13:40:25,249 [RatisPipelineUtilsThread - 0] INFO  pipeline.PipelineManagerImpl (PipelineManagerImpl.java:recordMetricsForPipeline(695)) - Pipeline: PipelineID=135be98c-0b36-48fb-a4ab-18fd4c7a5263 contains same datanodes as previous pipelines: PipelineID=e591fc53-ebba-420e-bbaa-da51d1b1407c nodeIds: 79ec004f-76c4-4937-a9ae-fe5f0a16577d, 202e9239-47c7-423a-9cd3-2de09b349c52, eda58b43-d835-4a06-8ae1-b7a54d57ec10
2022-05-15 13:40:26,182 [Listener at 127.0.0.1/44033] INFO  ozone.MiniOzoneClusterImpl (MiniOzoneClusterImpl.java:lambda$waitForClusterToBeReady$0(221)) - Nodes are ready. Got 3 of 3 DN Heartbeats.
2022-05-15 13:40:26,187 [Listener at 127.0.0.1/44033] INFO  ozone.MiniOzoneClusterImpl (MiniOzoneClusterImpl.java:lambda$waitForClusterToBeReady$0(224)) - Waiting for cluster to exit safe mode
2022-05-15 13:40:26,187 [Listener at 127.0.0.1/44033] INFO  ozone.MiniOzoneClusterImpl (MiniOzoneClusterImpl.java:lambda$waitForClusterToBeReady$0(226)) - SCM became leader
2022-05-15 13:40:27,012 [Command processor thread] INFO  server.RaftServer (RaftServerProxy.java:addNew(95)) - 202e9239-47c7-423a-9cd3-2de09b349c52: addNew group-0E406023599C:[202e9239-47c7-423a-9cd3-2de09b349c52|rpc:10.1.0.20:36687|priority:1] returns group-0E406023599C:java.util.concurrent.CompletableFuture@26577240[Not completed]
2022-05-15 13:40:27,019 [pool-192-thread-1] INFO  server.RaftServer$Division (RaftServerImpl.java:<init>(184)) - 202e9239-47c7-423a-9cd3-2de09b349c52: new RaftServerImpl for group-0E406023599C:[202e9239-47c7-423a-9cd3-2de09b349c52|rpc:10.1.0.20:36687|priority:1] with ContainerStateMachine:uninitialized
2022-05-15 13:40:27,019 [pool-192-thread-1] INFO  server.RaftServerConfigKeys (ConfUtils.java:logGet(44)) - raft.server.rpc.timeout.min = 5s (custom)
2022-05-15 13:40:27,019 [pool-192-thread-1] INFO  server.RaftServerConfigKeys (ConfUtils.java:logGet(44)) - raft.server.rpc.timeout.max = 5200ms (custom)
2022-05-15 13:40:27,019 [pool-192-thread-1] INFO  server.RaftServerConfigKeys (ConfUtils.java:logGet(44)) - raft.server.rpc.sleep.time = 25ms (default)
2022-05-15 13:40:27,020 [pool-192-thread-1] INFO  server.RaftServerConfigKeys (ConfUtils.java:logGet(44)) - raft.server.rpc.slowness.timeout = 300s (custom)
2022-05-15 13:40:27,020 [pool-192-thread-1] INFO  server.RaftServerConfigKeys (ConfUtils.java:logGet(44)) - raft.server.leaderelection.leader.step-down.wait-time = 10s (default)
2022-05-15 13:40:27,020 [pool-192-thread-1] INFO  server.RaftServerConfigKeys (ConfUtils.java:logGet(44)) - raft.server.sleep.deviation.threshold = 300ms (default)
2022-05-15 13:40:27,020 [pool-192-thread-1] INFO  server.RaftServerConfigKeys (ConfUtils.java:logGet(44)) - raft.server.log.appender.install.snapshot.enabled = false (custom)
2022-05-15 13:40:27,020 [pool-192-thread-1] INFO  server.RaftServer$Division (ServerState.java:<init>(105)) - 202e9239-47c7-423a-9cd3-2de09b349c52@group-0E406023599C: ConfigurationManager, init=-1: [202e9239-47c7-423a-9cd3-2de09b349c52|rpc:10.1.0.20:36687|priority:1], old=null, confs=<EMPTY_MAP>
2022-05-15 13:40:27,020 [pool-192-thread-1] INFO  server.RaftServerConfigKeys (ConfUtils.java:logGet(44)) - raft.server.storage.dir = [/home/runner/work/ozone/ozone/hadoop-ozone/integration-test/target/test-dir/MiniOzoneClusterImpl-e6988b2d-a82d-4438-baec-2e925de8cb09/datanode-0/data/ratis] (custom)
2022-05-15 13:40:27,020 [pool-192-thread-1] INFO  server.RaftServerConfigKeys (ConfUtils.java:logGet(44)) - raft.server.log.corruption.policy = EXCEPTION (default)
2022-05-15 13:40:27,020 [pool-192-thread-1] INFO  server.RaftServerConfigKeys (ConfUtils.java:logGet(44)) - raft.server.storage.free-space.min = 0MB (=0) (default)
2022-05-15 13:40:27,020 [pool-192-thread-1] INFO  storage.RaftStorageDirectory (RaftStorageDirectoryImpl.java:analyzeStorage(135)) - The storage directory /home/runner/work/ozone/ozone/hadoop-ozone/integration-test/target/test-dir/MiniOzoneClusterImpl-e6988b2d-a82d-4438-baec-2e925de8cb09/datanode-0/data/ratis/f8953f7a-435f-4d22-a768-0e406023599c does not exist. Creating ...
2022-05-15 13:40:27,027 [pool-192-thread-1] INFO  storage.RaftStorageDirectory (RaftStorageDirectoryImpl.java:tryLock(230)) - Lock on /home/runner/work/ozone/ozone/hadoop-ozone/integration-test/target/test-dir/MiniOzoneClusterImpl-e6988b2d-a82d-4438-baec-2e925de8cb09/datanode-0/data/ratis/f8953f7a-435f-4d22-a768-0e406023599c/in_use.lock acquired by nodename 19587@fv-az40-973
2022-05-15 13:40:27,030 [pool-192-thread-1] INFO  storage.RaftStorage (RaftStorageImpl.java:format(89)) - Storage directory /home/runner/work/ozone/ozone/hadoop-ozone/integration-test/target/test-dir/MiniOzoneClusterImpl-e6988b2d-a82d-4438-baec-2e925de8cb09/datanode-0/data/ratis/f8953f7a-435f-4d22-a768-0e406023599c has been successfully formatted.
2022-05-15 13:40:27,033 [pool-192-thread-1] INFO  ratis.ContainerStateMachine (ContainerStateMachine.java:loadSnapshot(236)) - group-0E406023599C: The snapshot info is null. Setting the last applied indexto:(t:0, i:~)
2022-05-15 13:40:27,035 [EventQueue-PipelineReportForPipelineReportHandler] INFO  pipeline.PipelineManagerImpl (PipelineManagerImpl.java:openPipeline(336)) - Pipeline Pipeline[ Id: f8953f7a-435f-4d22-a768-0e406023599c, Nodes: 202e9239-47c7-423a-9cd3-2de09b349c52{ip: 10.1.0.20, host: fv-az40-973.r1qzdtoifymehf5jtx2d0vwyfg.bx.internal.cloudapp.net, ports: [REPLICATION=41791, RATIS=36687, RATIS_ADMIN=36687, RATIS_SERVER=36687, STANDALONE=40849], networkLocation: /default-rack, certSerialId: null, persistedOpState: IN_SERVICE, persistedOpStateExpiryEpochSec: 0}, ReplicationConfig: RATIS/ONE, State:ALLOCATED, leaderId:202e9239-47c7-423a-9cd3-2de09b349c52, CreationTimestamp2022-05-15T13:40:24.051Z[Etc/UTC]] moved to OPEN state
2022-05-15 13:40:27,036 [pool-192-thread-1] INFO  server.RaftServerConfigKeys (ConfUtils.java:logGet(44)) - raft.server.notification.no-leader.timeout = 300s (custom)
2022-05-15 13:40:27,036 [pool-192-thread-1] INFO  server.RaftServerConfigKeys (ConfUtils.java:logGet(44)) - raft.server.log.use.memory = false (default)
2022-05-15 13:40:27,036 [pool-192-thread-1] INFO  server.RaftServerConfigKeys (ConfUtils.java:logGet(44)) - raft.server.log.purge.gap = 1000000 (custom)
2022-05-15 13:40:27,036 [pool-192-thread-1] INFO  server.RaftServerConfigKeys (ConfUtils.java:logGet(44)) - raft.server.log.appender.buffer.byte-limit = 33554432 (custom)
2022-05-15 13:40:27,037 [pool-192-thread-1] INFO  server.RaftServerConfigKeys (ConfUtils.java:logGet(44)) - raft.server.log.segment.size.max = 1048576 (custom)
2022-05-15 13:40:27,037 [pool-192-thread-1] INFO  server.RaftServerConfigKeys (ConfUtils.java:logGet(44)) - raft.server.log.segment.cache.num.max = 2 (custom)
2022-05-15 13:40:27,037 [pool-192-thread-1] INFO  server.RaftServerConfigKeys (ConfUtils.java:logGet(44)) - raft.server.log.segment.cache.size.max = 200MB (=209715200) (default)
2022-05-15 13:40:27,037 [pool-192-thread-1] INFO  segmented.SegmentedRaftLogWorker (SegmentedRaftLogWorker.java:<init>(182)) - new 202e9239-47c7-423a-9cd3-2de09b349c52@group-0E406023599C-SegmentedRaftLogWorker for RaftStorageImpl:Storage Directory /home/runner/work/ozone/ozone/hadoop-ozone/integration-test/target/test-dir/MiniOzoneClusterImpl-e6988b2d-a82d-4438-baec-2e925de8cb09/datanode-0/data/ratis/f8953f7a-435f-4d22-a768-0e406023599c
2022-05-15 13:40:27,037 [pool-192-thread-1] INFO  server.RaftServerConfigKeys (ConfUtils.java:logGet(44)) - raft.server.log.queue.byte-limit = 4294967296 (custom)
2022-05-15 13:40:27,037 [pool-192-thread-1] INFO  server.RaftServerConfigKeys (ConfUtils.java:logGet(44)) - raft.server.log.queue.element-limit = 1024 (custom)
2022-05-15 13:40:27,037 [pool-192-thread-1] INFO  server.RaftServerConfigKeys (ConfUtils.java:logGet(44)) - raft.server.log.segment.size.max = 1048576 (custom)
2022-05-15 13:40:27,037 [pool-192-thread-1] INFO  server.RaftServerConfigKeys (ConfUtils.java:logGet(44)) - raft.server.log.preallocated.size = 16384 (custom)
2022-05-15 13:40:27,037 [pool-192-thread-1] INFO  server.RaftServerConfigKeys (ConfUtils.java:logGet(44)) - raft.server.log.force.sync.num = 128 (default)
2022-05-15 13:40:27,040 [pool-192-thread-1] INFO  server.RaftServerConfigKeys (ConfUtils.java:logGet(44)) - raft.server.log.statemachine.data.sync = true (default)
2022-05-15 13:40:27,041 [pool-192-thread-1] INFO  server.RaftServerConfigKeys (ConfUtils.java:logGet(44)) - raft.server.log.statemachine.data.sync.timeout = 10s (default)
2022-05-15 13:40:27,041 [pool-192-thread-1] INFO  server.RaftServerConfigKeys (ConfUtils.java:logGet(44)) - raft.server.log.statemachine.data.sync.timeout.retry = -1 (default)
2022-05-15 13:40:27,042 [pool-192-thread-1] INFO  server.RaftServerConfigKeys (ConfUtils.java:logGet(44)) - raft.server.log.write.buffer.size = 1048576 (custom)
2022-05-15 13:40:27,043 [pool-192-thread-1] INFO  server.RaftServerConfigKeys (ConfUtils.java:logGet(44)) - raft.server.log.statemachine.data.caching.enabled = true (custom)
2022-05-15 13:40:27,043 [pool-192-thread-1] INFO  segmented.SegmentedRaftLogWorker (SegmentedRaftLogWorker.java:lambda$new$0(133)) - 202e9239-47c7-423a-9cd3-2de09b349c52@group-0E406023599C-SegmentedRaftLogWorker: flushIndex: setUnconditionally 0 -> -1
2022-05-15 13:40:27,043 [pool-192-thread-1] INFO  segmented.SegmentedRaftLogWorker (SegmentedRaftLogWorker.java:lambda$new$0(133)) - 202e9239-47c7-423a-9cd3-2de09b349c52@group-0E406023599C-SegmentedRaftLogWorker: safeCacheEvictIndex: setUnconditionally 0 -> -1
2022-05-15 13:40:27,055 [pool-192-thread-1] INFO  server.RaftServerConfigKeys (ConfUtils.java:logGet(44)) - raft.server.snapshot.auto.trigger.enabled = true (custom)
2022-05-15 13:40:27,055 [pool-192-thread-1] INFO  server.RaftServerConfigKeys (ConfUtils.java:logGet(44)) - raft.server.snapshot.auto.trigger.threshold = 10000 (custom)
2022-05-15 13:40:27,055 [pool-192-thread-1] INFO  server.RaftServerConfigKeys (ConfUtils.java:logGet(44)) - raft.server.snapshot.retention.file.num = 5 (custom)
2022-05-15 13:40:27,055 [pool-192-thread-1] INFO  server.RaftServerConfigKeys (ConfUtils.java:logGet(44)) - raft.server.log.purge.upto.snapshot.index = false (default)
2022-05-15 13:40:27,055 [pool-192-thread-1] INFO  server.RaftServerConfigKeys (ConfUtils.java:logGet(44)) - raft.server.retrycache.expirytime = 600000ms (custom)
2022-05-15 13:40:27,055 [pool-192-thread-1] INFO  server.RaftServerConfigKeys (ConfUtils.java:logGet(44)) - raft.server.retrycache.statistics.expirytime = 100μs (default)
2022-05-15 13:40:27,056 [pool-192-thread-1] INFO  server.RaftServer$Division (RaftServerImpl.java:start(301)) - 202e9239-47c7-423a-9cd3-2de09b349c52@group-0E406023599C: start as a follower, conf=-1: [202e9239-47c7-423a-9cd3-2de09b349c52|rpc:10.1.0.20:36687|priority:1], old=null
2022-05-15 13:40:27,056 [pool-192-thread-1] INFO  server.RaftServer$Division (RaftServerImpl.java:setRole(290)) - 202e9239-47c7-423a-9cd3-2de09b349c52@group-0E406023599C: changes role from      null to FOLLOWER at term 0 for startAsFollower
2022-05-15 13:40:27,057 [pool-192-thread-1] INFO  impl.RoleInfo (RoleInfo.java:updateAndGet(130)) - 202e9239-47c7-423a-9cd3-2de09b349c52: start 202e9239-47c7-423a-9cd3-2de09b349c52@group-0E406023599C-FollowerState
2022-05-15 13:40:27,081 [pool-192-thread-1] INFO  util.JmxRegister (JmxRegister.java:tryRegister(44)) - Successfully registered JMX Bean with object name Ratis:service=RaftServer,group=group-0E406023599C,id=202e9239-47c7-423a-9cd3-2de09b349c52
2022-05-15 13:40:27,087 [EventQueue-OpenPipelineForHealthyPipelineSafeModeRule] INFO  safemode.SCMSafeModeManager (HealthyPipelineSafeModeRule.java:process(124)) - SCM in safe mode. Healthy pipelines reported count is 0, required healthy pipeline reported count is 1
2022-05-15 13:40:27,087 [Command processor thread] INFO  ratis.XceiverServerRatis (XceiverServerRatis.java:addGroup(765)) - Created group PipelineID=f8953f7a-435f-4d22-a768-0e406023599c
2022-05-15 13:40:27,094 [Command processor thread] INFO  commandhandler.CreatePipelineCommandHandler (CreatePipelineCommandHandler.java:handle(113)) - Created Pipeline RATIS ONE PipelineID=f8953f7a-435f-4d22-a768-0e406023599c.
2022-05-15 13:40:27,095 [Command processor thread] INFO  server.RaftServer (RaftServerProxy.java:addNew(95)) - 202e9239-47c7-423a-9cd3-2de09b349c52: addNew group-DA51D1B1407C:[79ec004f-76c4-4937-a9ae-fe5f0a16577d|rpc:10.1.0.20:40141|priority:0, eda58b43-d835-4a06-8ae1-b7a54d57ec10|rpc:10.1.0.20:42159|priority:1, 202e9239-47c7-423a-9cd3-2de09b349c52|rpc:10.1.0.20:36687|priority:0] returns group-DA51D1B1407C:java.util.concurrent.CompletableFuture@2268e252[Not completed]
2022-05-15 13:40:27,096 [pool-192-thread-1] INFO  server.RaftServer$Division (RaftServerImpl.java:<init>(184)) - 202e9239-47c7-423a-9cd3-2de09b349c52: new RaftServerImpl for group-DA51D1B1407C:[79ec004f-76c4-4937-a9ae-fe5f0a16577d|rpc:10.1.0.20:40141|priority:0, eda58b43-d835-4a06-8ae1-b7a54d57ec10|rpc:10.1.0.20:42159|priority:1, 202e9239-47c7-423a-9cd3-2de09b349c52|rpc:10.1.0.20:36687|priority:0] with ContainerStateMachine:uninitialized
2022-05-15 13:40:27,096 [pool-192-thread-1] INFO  server.RaftServerConfigKeys (ConfUtils.java:logGet(44)) - raft.server.rpc.timeout.min = 5s (custom)
2022-05-15 13:40:27,096 [pool-192-thread-1] INFO  server.RaftServerConfigKeys (ConfUtils.java:logGet(44)) - raft.server.rpc.timeout.max = 5200ms (custom)
2022-05-15 13:40:27,096 [pool-192-thread-1] INFO  server.RaftServerConfigKeys (ConfUtils.java:logGet(44)) - raft.server.rpc.sleep.time = 25ms (default)
2022-05-15 13:40:27,096 [pool-192-thread-1] INFO  server.RaftServerConfigKeys (ConfUtils.java:logGet(44)) - raft.server.rpc.slowness.timeout = 300s (custom)
2022-05-15 13:40:27,096 [pool-192-thread-1] INFO  server.RaftServerConfigKeys (ConfUtils.java:logGet(44)) - raft.server.leaderelection.leader.step-down.wait-time = 10s (default)
2022-05-15 13:40:27,096 [pool-192-thread-1] INFO  server.RaftServerConfigKeys (ConfUtils.java:logGet(44)) - raft.server.sleep.deviation.threshold = 300ms (default)
2022-05-15 13:40:27,096 [pool-192-thread-1] INFO  server.RaftServerConfigKeys (ConfUtils.java:logGet(44)) - raft.server.log.appender.install.snapshot.enabled = false (custom)
2022-05-15 13:40:27,096 [pool-192-thread-1] INFO  server.RaftServer$Division (ServerState.java:<init>(105)) - 202e9239-47c7-423a-9cd3-2de09b349c52@group-DA51D1B1407C: ConfigurationManager, init=-1: [79ec004f-76c4-4937-a9ae-fe5f0a16577d|rpc:10.1.0.20:40141|priority:0, eda58b43-d835-4a06-8ae1-b7a54d57ec10|rpc:10.1.0.20:42159|priority:1, 202e9239-47c7-423a-9cd3-2de09b349c52|rpc:10.1.0.20:36687|priority:0], old=null, confs=<EMPTY_MAP>
2022-05-15 13:40:27,096 [pool-192-thread-1] INFO  server.RaftServerConfigKeys (ConfUtils.java:logGet(44)) - raft.server.storage.dir = [/home/runner/work/ozone/ozone/hadoop-ozone/integration-test/target/test-dir/MiniOzoneClusterImpl-e6988b2d-a82d-4438-baec-2e925de8cb09/datanode-0/data/ratis] (custom)
2022-05-15 13:40:27,096 [pool-192-thread-1] INFO  server.RaftServerConfigKeys (ConfUtils.java:logGet(44)) - raft.server.log.corruption.policy = EXCEPTION (default)
2022-05-15 13:40:27,096 [pool-192-thread-1] INFO  server.RaftServerConfigKeys (ConfUtils.java:logGet(44)) - raft.server.storage.free-space.min = 0MB (=0) (default)
2022-05-15 13:40:27,096 [pool-192-thread-1] INFO  storage.RaftStorageDirectory (RaftStorageDirectoryImpl.java:analyzeStorage(135)) - The storage directory /home/runner/work/ozone/ozone/hadoop-ozone/integration-test/target/test-dir/MiniOzoneClusterImpl-e6988b2d-a82d-4438-baec-2e925de8cb09/datanode-0/data/ratis/e591fc53-ebba-420e-bbaa-da51d1b1407c does not exist. Creating ...
2022-05-15 13:40:27,097 [pool-192-thread-1] INFO  storage.RaftStorageDirectory (RaftStorageDirectoryImpl.java:tryLock(230)) - Lock on /home/runner/work/ozone/ozone/hadoop-ozone/integration-test/target/test-dir/MiniOzoneClusterImpl-e6988b2d-a82d-4438-baec-2e925de8cb09/datanode-0/data/ratis/e591fc53-ebba-420e-bbaa-da51d1b1407c/in_use.lock acquired by nodename 19587@fv-az40-973
2022-05-15 13:40:27,098 [pool-192-thread-1] INFO  storage.RaftStorage (RaftStorageImpl.java:format(89)) - Storage directory /home/runner/work/ozone/ozone/hadoop-ozone/integration-test/target/test-dir/MiniOzoneClusterImpl-e6988b2d-a82d-4438-baec-2e925de8cb09/datanode-0/data/ratis/e591fc53-ebba-420e-bbaa-da51d1b1407c has been successfully formatted.
2022-05-15 13:40:27,099 [pool-192-thread-1] INFO  ratis.ContainerStateMachine (ContainerStateMachine.java:loadSnapshot(236)) - group-DA51D1B1407C: The snapshot info is null. Setting the last applied indexto:(t:0, i:~)
2022-05-15 13:40:27,099 [pool-192-thread-1] INFO  server.RaftServerConfigKeys (ConfUtils.java:logGet(44)) - raft.server.notification.no-leader.timeout = 300s (custom)
2022-05-15 13:40:27,099 [pool-192-thread-1] INFO  server.RaftServerConfigKeys (ConfUtils.java:logGet(44)) - raft.server.log.use.memory = false (default)
2022-05-15 13:40:27,099 [pool-192-thread-1] INFO  server.RaftServerConfigKeys (ConfUtils.java:logGet(44)) - raft.server.log.purge.gap = 1000000 (custom)
2022-05-15 13:40:27,099 [pool-192-thread-1] INFO  server.RaftServerConfigKeys (ConfUtils.java:logGet(44)) - raft.server.log.appender.buffer.byte-limit = 33554432 (custom)
2022-05-15 13:40:27,099 [pool-192-thread-1] INFO  server.RaftServerConfigKeys (ConfUtils.java:logGet(44)) - raft.server.log.segment.size.max = 1048576 (custom)
2022-05-15 13:40:27,099 [pool-192-thread-1] INFO  server.RaftServerConfigKeys (ConfUtils.java:logGet(44)) - raft.server.log.segment.cache.num.max = 2 (custom)
2022-05-15 13:40:27,099 [pool-192-thread-1] INFO  server.RaftServerConfigKeys (ConfUtils.java:logGet(44)) - raft.server.log.segment.cache.size.max = 200MB (=209715200) (default)
2022-05-15 13:40:27,100 [pool-192-thread-1] INFO  segmented.SegmentedRaftLogWorker (SegmentedRaftLogWorker.java:<init>(182)) - new 202e9239-47c7-423a-9cd3-2de09b349c52@group-DA51D1B1407C-SegmentedRaftLogWorker for RaftStorageImpl:Storage Directory /home/runner/work/ozone/ozone/hadoop-ozone/integration-test/target/test-dir/MiniOzoneClusterImpl-e6988b2d-a82d-4438-baec-2e925de8cb09/datanode-0/data/ratis/e591fc53-ebba-420e-bbaa-da51d1b1407c
2022-05-15 13:40:27,100 [pool-192-thread-1] INFO  server.RaftServerConfigKeys (ConfUtils.java:logGet(44)) - raft.server.log.queue.byte-limit = 4294967296 (custom)
2022-05-15 13:40:27,100 [pool-192-thread-1] INFO  server.RaftServerConfigKeys (ConfUtils.java:logGet(44)) - raft.server.log.queue.element-limit = 1024 (custom)
2022-05-15 13:40:27,100 [pool-192-thread-1] INFO  server.RaftServerConfigKeys (ConfUtils.java:logGet(44)) - raft.server.log.segment.size.max = 1048576 (custom)
2022-05-15 13:40:27,100 [pool-192-thread-1] INFO  server.RaftServerConfigKeys (ConfUtils.java:logGet(44)) - raft.server.log.preallocated.size = 16384 (custom)
2022-05-15 13:40:27,100 [pool-192-thread-1] INFO  server.RaftServerConfigKeys (ConfUtils.java:logGet(44)) - raft.server.log.force.sync.num = 128 (default)
2022-05-15 13:40:27,100 [pool-192-thread-1] INFO  server.RaftServerConfigKeys (ConfUtils.java:logGet(44)) - raft.server.log.statemachine.data.sync = true (default)
2022-05-15 13:40:27,100 [pool-192-thread-1] INFO  server.RaftServerConfigKeys (ConfUtils.java:logGet(44)) - raft.server.log.statemachine.data.sync.timeout = 10s (default)
2022-05-15 13:40:27,100 [pool-192-thread-1] INFO  server.RaftServerConfigKeys (ConfUtils.java:logGet(44)) - raft.server.log.statemachine.data.sync.timeout.retry = -1 (default)
2022-05-15 13:40:27,101 [pool-192-thread-1] INFO  server.RaftServerConfigKeys (ConfUtils.java:logGet(44)) - raft.server.log.write.buffer.size = 1048576 (custom)
2022-05-15 13:40:27,101 [pool-192-thread-1] INFO  server.RaftServerConfigKeys (ConfUtils.java:logGet(44)) - raft.server.log.statemachine.data.caching.enabled = true (custom)
2022-05-15 13:40:27,101 [pool-192-thread-1] INFO  segmented.SegmentedRaftLogWorker (SegmentedRaftLogWorker.java:lambda$new$0(133)) - 202e9239-47c7-423a-9cd3-2de09b349c52@group-DA51D1B1407C-SegmentedRaftLogWorker: flushIndex: setUnconditionally 0 -> -1
2022-05-15 13:40:27,101 [pool-192-thread-1] INFO  segmented.SegmentedRaftLogWorker (SegmentedRaftLogWorker.java:lambda$new$0(133)) - 202e9239-47c7-423a-9cd3-2de09b349c52@group-DA51D1B1407C-SegmentedRaftLogWorker: safeCacheEvictIndex: setUnconditionally 0 -> -1
2022-05-15 13:40:27,108 [pool-192-thread-1] INFO  server.RaftServerConfigKeys (ConfUtils.java:logGet(44)) - raft.server.snapshot.auto.trigger.enabled = true (custom)
2022-05-15 13:40:27,108 [pool-192-thread-1] INFO  server.RaftServerConfigKeys (ConfUtils.java:logGet(44)) - raft.server.snapshot.auto.trigger.threshold = 10000 (custom)
2022-05-15 13:40:27,108 [pool-192-thread-1] INFO  server.RaftServerConfigKeys (ConfUtils.java:logGet(44)) - raft.server.snapshot.retention.file.num = 5 (custom)
2022-05-15 13:40:27,108 [pool-192-thread-1] INFO  server.RaftServerConfigKeys (ConfUtils.java:logGet(44)) - raft.server.log.purge.upto.snapshot.index = false (default)
2022-05-15 13:40:27,108 [pool-192-thread-1] INFO  server.RaftServerConfigKeys (ConfUtils.java:logGet(44)) - raft.server.retrycache.expirytime = 600000ms (custom)
2022-05-15 13:40:27,109 [pool-192-thread-1] INFO  server.RaftServerConfigKeys (ConfUtils.java:logGet(44)) - raft.server.retrycache.statistics.expirytime = 100μs (default)
2022-05-15 13:40:27,110 [pool-192-thread-1] INFO  server.RaftServer$Division (RaftServerImpl.java:start(301)) - 202e9239-47c7-423a-9cd3-2de09b349c52@group-DA51D1B1407C: start as a follower, conf=-1: [79ec004f-76c4-4937-a9ae-fe5f0a16577d|rpc:10.1.0.20:40141|priority:0, eda58b43-d835-4a06-8ae1-b7a54d57ec10|rpc:10.1.0.20:42159|priority:1, 202e9239-47c7-423a-9cd3-2de09b349c52|rpc:10.1.0.20:36687|priority:0], old=null
2022-05-15 13:40:27,110 [pool-192-thread-1] INFO  server.RaftServer$Division (RaftServerImpl.java:setRole(290)) - 202e9239-47c7-423a-9cd3-2de09b349c52@group-DA51D1B1407C: changes role from      null to FOLLOWER at term 0 for startAsFollower
2022-05-15 13:40:27,110 [pool-192-thread-1] INFO  impl.RoleInfo (RoleInfo.java:updateAndGet(130)) - 202e9239-47c7-423a-9cd3-2de09b349c52: start 202e9239-47c7-423a-9cd3-2de09b349c52@group-DA51D1B1407C-FollowerState
2022-05-15 13:40:27,110 [EventQueue-OpenPipelineForHealthyPipelineSafeModeRule] INFO  safemode.SCMSafeModeManager (HealthyPipelineSafeModeRule.java:process(124)) - SCM in safe mode. Healthy pipelines reported count is 0, required healthy pipeline reported count is 1
2022-05-15 13:40:27,114 [pool-192-thread-1] INFO  util.JmxRegister (JmxRegister.java:tryRegister(44)) - Successfully registered JMX Bean with object name Ratis:service=RaftServer,group=group-DA51D1B1407C,id=202e9239-47c7-423a-9cd3-2de09b349c52
2022-05-15 13:40:27,122 [Command processor thread] INFO  ratis.XceiverServerRatis (XceiverServerRatis.java:addGroup(765)) - Created group PipelineID=e591fc53-ebba-420e-bbaa-da51d1b1407c
2022-05-15 13:40:27,163 [grpc-default-executor-0] INFO  server.RaftServer (RaftServerProxy.java:addNew(95)) - eda58b43-d835-4a06-8ae1-b7a54d57ec10: addNew group-DA51D1B1407C:[79ec004f-76c4-4937-a9ae-fe5f0a16577d|rpc:10.1.0.20:40141|dataStream:|priority:0, eda58b43-d835-4a06-8ae1-b7a54d57ec10|rpc:10.1.0.20:42159|dataStream:|priority:1, 202e9239-47c7-423a-9cd3-2de09b349c52|rpc:10.1.0.20:36687|dataStream:|priority:0] returns group-DA51D1B1407C:java.util.concurrent.CompletableFuture@77da9a0f[Not completed]
2022-05-15 13:40:27,178 [pool-213-thread-1] INFO  server.RaftServer$Division (RaftServerImpl.java:<init>(184)) - eda58b43-d835-4a06-8ae1-b7a54d57ec10: new RaftServerImpl for group-DA51D1B1407C:[79ec004f-76c4-4937-a9ae-fe5f0a16577d|rpc:10.1.0.20:40141|dataStream:|priority:0, eda58b43-d835-4a06-8ae1-b7a54d57ec10|rpc:10.1.0.20:42159|dataStream:|priority:1, 202e9239-47c7-423a-9cd3-2de09b349c52|rpc:10.1.0.20:36687|dataStream:|priority:0] with ContainerStateMachine:uninitialized
2022-05-15 13:40:27,179 [pool-213-thread-1] INFO  server.RaftServerConfigKeys (ConfUtils.java:logGet(44)) - raft.server.rpc.timeout.min = 5s (custom)
2022-05-15 13:40:27,179 [pool-213-thread-1] INFO  server.RaftServerConfigKeys (ConfUtils.java:logGet(44)) - raft.server.rpc.timeout.max = 5200ms (custom)
2022-05-15 13:40:27,179 [pool-213-thread-1] INFO  server.RaftServerConfigKeys (ConfUtils.java:logGet(44)) - raft.server.rpc.sleep.time = 25ms (default)
2022-05-15 13:40:27,179 [pool-213-thread-1] INFO  server.RaftServerConfigKeys (ConfUtils.java:logGet(44)) - raft.server.rpc.slowness.timeout = 300s (custom)
2022-05-15 13:40:27,179 [pool-213-thread-1] INFO  server.RaftServerConfigKeys (ConfUtils.java:logGet(44)) - raft.server.leaderelection.leader.step-down.wait-time = 10s (default)
2022-05-15 13:40:27,179 [pool-213-thread-1] INFO  server.RaftServerConfigKeys (ConfUtils.java:logGet(44)) - raft.server.sleep.deviation.threshold = 300ms (default)
2022-05-15 13:40:27,179 [pool-213-thread-1] INFO  server.RaftServerConfigKeys (ConfUtils.java:logGet(44)) - raft.server.log.appender.install.snapshot.enabled = false (custom)
2022-05-15 13:40:27,179 [pool-213-thread-1] INFO  server.RaftServer$Division (ServerState.java:<init>(105)) - eda58b43-d835-4a06-8ae1-b7a54d57ec10@group-DA51D1B1407C: ConfigurationManager, init=-1: [79ec004f-76c4-4937-a9ae-fe5f0a16577d|rpc:10.1.0.20:40141|dataStream:|priority:0, eda58b43-d835-4a06-8ae1-b7a54d57ec10|rpc:10.1.0.20:42159|dataStream:|priority:1, 202e9239-47c7-423a-9cd3-2de09b349c52|rpc:10.1.0.20:36687|dataStream:|priority:0], old=null, confs=<EMPTY_MAP>
2022-05-15 13:40:27,179 [pool-213-thread-1] INFO  server.RaftServerConfigKeys (ConfUtils.java:logGet(44)) - raft.server.storage.dir = [/home/runner/work/ozone/ozone/hadoop-ozone/integration-test/target/test-dir/MiniOzoneClusterImpl-e6988b2d-a82d-4438-baec-2e925de8cb09/datanode-1/data/ratis] (custom)
2022-05-15 13:40:27,179 [pool-213-thread-1] INFO  server.RaftServerConfigKeys (ConfUtils.java:logGet(44)) - raft.server.log.corruption.policy = EXCEPTION (default)
2022-05-15 13:40:27,179 [pool-213-thread-1] INFO  server.RaftServerConfigKeys (ConfUtils.java:logGet(44)) - raft.server.storage.free-space.min = 0MB (=0) (default)
2022-05-15 13:40:27,179 [pool-213-thread-1] INFO  storage.RaftStorageDirectory (RaftStorageDirectoryImpl.java:analyzeStorage(135)) - The storage directory /home/runner/work/ozone/ozone/hadoop-ozone/integration-test/target/test-dir/MiniOzoneClusterImpl-e6988b2d-a82d-4438-baec-2e925de8cb09/datanode-1/data/ratis/e591fc53-ebba-420e-bbaa-da51d1b1407c does not exist. Creating ...
2022-05-15 13:40:27,180 [pool-213-thread-1] INFO  storage.RaftStorageDirectory (RaftStorageDirectoryImpl.java:tryLock(230)) - Lock on /home/runner/work/ozone/ozone/hadoop-ozone/integration-test/target/test-dir/MiniOzoneClusterImpl-e6988b2d-a82d-4438-baec-2e925de8cb09/datanode-1/data/ratis/e591fc53-ebba-420e-bbaa-da51d1b1407c/in_use.lock acquired by nodename 19587@fv-az40-973
2022-05-15 13:40:27,181 [pool-213-thread-1] INFO  storage.RaftStorage (RaftStorageImpl.java:format(89)) - Storage directory /home/runner/work/ozone/ozone/hadoop-ozone/integration-test/target/test-dir/MiniOzoneClusterImpl-e6988b2d-a82d-4438-baec-2e925de8cb09/datanode-1/data/ratis/e591fc53-ebba-420e-bbaa-da51d1b1407c has been successfully formatted.
2022-05-15 13:40:27,187 [pool-213-thread-1] INFO  ratis.ContainerStateMachine (ContainerStateMachine.java:loadSnapshot(236)) - group-DA51D1B1407C: The snapshot info is null. Setting the last applied indexto:(t:0, i:~)
2022-05-15 13:40:27,187 [pool-213-thread-1] INFO  server.RaftServerConfigKeys (ConfUtils.java:logGet(44)) - raft.server.notification.no-leader.timeout = 300s (custom)
2022-05-15 13:40:27,187 [pool-213-thread-1] INFO  server.RaftServerConfigKeys (ConfUtils.java:logGet(44)) - raft.server.log.use.memory = false (default)
2022-05-15 13:40:27,187 [pool-213-thread-1] INFO  server.RaftServerConfigKeys (ConfUtils.java:logGet(44)) - raft.server.log.purge.gap = 1000000 (custom)
2022-05-15 13:40:27,187 [Listener at 127.0.0.1/44033] INFO  ozone.MiniOzoneClusterImpl (MiniOzoneClusterImpl.java:lambda$waitForClusterToBeReady$0(221)) - Nodes are ready. Got 3 of 3 DN Heartbeats.
2022-05-15 13:40:27,188 [Listener at 127.0.0.1/44033] INFO  ozone.MiniOzoneClusterImpl (MiniOzoneClusterImpl.java:lambda$waitForClusterToBeReady$0(224)) - Waiting for cluster to exit safe mode
2022-05-15 13:40:27,188 [Listener at 127.0.0.1/44033] INFO  ozone.MiniOzoneClusterImpl (MiniOzoneClusterImpl.java:lambda$waitForClusterToBeReady$0(226)) - SCM became leader
2022-05-15 13:40:27,187 [pool-213-thread-1] INFO  server.RaftServerConfigKeys (ConfUtils.java:logGet(44)) - raft.server.log.appender.buffer.byte-limit = 33554432 (custom)
2022-05-15 13:40:27,188 [pool-213-thread-1] INFO  server.RaftServerConfigKeys (ConfUtils.java:logGet(44)) - raft.server.log.segment.size.max = 1048576 (custom)
2022-05-15 13:40:27,188 [pool-213-thread-1] INFO  server.RaftServerConfigKeys (ConfUtils.java:logGet(44)) - raft.server.log.segment.cache.num.max = 2 (custom)
2022-05-15 13:40:27,188 [pool-213-thread-1] INFO  server.RaftServerConfigKeys (ConfUtils.java:logGet(44)) - raft.server.log.segment.cache.size.max = 200MB (=209715200) (default)
2022-05-15 13:40:27,188 [pool-213-thread-1] INFO  segmented.SegmentedRaftLogWorker (SegmentedRaftLogWorker.java:<init>(182)) - new eda58b43-d835-4a06-8ae1-b7a54d57ec10@group-DA51D1B1407C-SegmentedRaftLogWorker for RaftStorageImpl:Storage Directory /home/runner/work/ozone/ozone/hadoop-ozone/integration-test/target/test-dir/MiniOzoneClusterImpl-e6988b2d-a82d-4438-baec-2e925de8cb09/datanode-1/data/ratis/e591fc53-ebba-420e-bbaa-da51d1b1407c
2022-05-15 13:40:27,188 [pool-213-thread-1] INFO  server.RaftServerConfigKeys (ConfUtils.java:logGet(44)) - raft.server.log.queue.byte-limit = 4294967296 (custom)
2022-05-15 13:40:27,188 [pool-213-thread-1] INFO  server.RaftServerConfigKeys (ConfUtils.java:logGet(44)) - raft.server.log.queue.element-limit = 1024 (custom)
2022-05-15 13:40:27,188 [pool-213-thread-1] INFO  server.RaftServerConfigKeys (ConfUtils.java:logGet(44)) - raft.server.log.segment.size.max = 1048576 (custom)
2022-05-15 13:40:27,189 [pool-213-thread-1] INFO  server.RaftServerConfigKeys (ConfUtils.java:logGet(44)) - raft.server.log.preallocated.size = 16384 (custom)
2022-05-15 13:40:27,189 [pool-213-thread-1] INFO  server.RaftServerConfigKeys (ConfUtils.java:logGet(44)) - raft.server.log.force.sync.num = 128 (default)
2022-05-15 13:40:27,189 [pool-213-thread-1] INFO  server.RaftServerConfigKeys (ConfUtils.java:logGet(44)) - raft.server.log.statemachine.data.sync = true (default)
2022-05-15 13:40:27,189 [pool-213-thread-1] INFO  server.RaftServerConfigKeys (ConfUtils.java:logGet(44)) - raft.server.log.statemachine.data.sync.timeout = 10s (default)
2022-05-15 13:40:27,189 [pool-213-thread-1] INFO  server.RaftServerConfigKeys (ConfUtils.java:logGet(44)) - raft.server.log.statemachine.data.sync.timeout.retry = -1 (default)
2022-05-15 13:40:27,190 [pool-213-thread-1] INFO  server.RaftServerConfigKeys (ConfUtils.java:logGet(44)) - raft.server.log.write.buffer.size = 1048576 (custom)
2022-05-15 13:40:27,191 [pool-213-thread-1] INFO  server.RaftServerConfigKeys (ConfUtils.java:logGet(44)) - raft.server.log.statemachine.data.caching.enabled = true (custom)
2022-05-15 13:40:27,191 [pool-213-thread-1] INFO  segmented.SegmentedRaftLogWorker (SegmentedRaftLogWorker.java:lambda$new$0(133)) - eda58b43-d835-4a06-8ae1-b7a54d57ec10@group-DA51D1B1407C-SegmentedRaftLogWorker: flushIndex: setUnconditionally 0 -> -1
2022-05-15 13:40:27,191 [pool-213-thread-1] INFO  segmented.SegmentedRaftLogWorker (SegmentedRaftLogWorker.java:lambda$new$0(133)) - eda58b43-d835-4a06-8ae1-b7a54d57ec10@group-DA51D1B1407C-SegmentedRaftLogWorker: safeCacheEvictIndex: setUnconditionally 0 -> -1
2022-05-15 13:40:27,194 [pool-213-thread-1] INFO  server.RaftServerConfigKeys (ConfUtils.java:logGet(44)) - raft.server.snapshot.auto.trigger.enabled = true (custom)
2022-05-15 13:40:27,194 [pool-213-thread-1] INFO  server.RaftServerConfigKeys (ConfUtils.java:logGet(44)) - raft.server.snapshot.auto.trigger.threshold = 10000 (custom)
2022-05-15 13:40:27,194 [pool-213-thread-1] INFO  server.RaftServerConfigKeys (ConfUtils.java:logGet(44)) - raft.server.snapshot.retention.file.num = 5 (custom)
2022-05-15 13:40:27,194 [pool-213-thread-1] INFO  server.RaftServerConfigKeys (ConfUtils.java:logGet(44)) - raft.server.log.purge.upto.snapshot.index = false (default)
2022-05-15 13:40:27,194 [pool-213-thread-1] INFO  server.RaftServerConfigKeys (ConfUtils.java:logGet(44)) - raft.server.retrycache.expirytime = 600000ms (custom)
2022-05-15 13:40:27,194 [pool-213-thread-1] INFO  server.RaftServerConfigKeys (ConfUtils.java:logGet(44)) - raft.server.retrycache.statistics.expirytime = 100μs (default)
2022-05-15 13:40:27,195 [pool-213-thread-1] INFO  server.RaftServer$Division (RaftServerImpl.java:start(301)) - eda58b43-d835-4a06-8ae1-b7a54d57ec10@group-DA51D1B1407C: start as a follower, conf=-1: [79ec004f-76c4-4937-a9ae-fe5f0a16577d|rpc:10.1.0.20:40141|dataStream:|priority:0, eda58b43-d835-4a06-8ae1-b7a54d57ec10|rpc:10.1.0.20:42159|dataStream:|priority:1, 202e9239-47c7-423a-9cd3-2de09b349c52|rpc:10.1.0.20:36687|dataStream:|priority:0], old=null
2022-05-15 13:40:27,195 [pool-213-thread-1] INFO  server.RaftServer$Division (RaftServerImpl.java:setRole(290)) - eda58b43-d835-4a06-8ae1-b7a54d57ec10@group-DA51D1B1407C: changes role from      null to FOLLOWER at term 0 for startAsFollower
2022-05-15 13:40:27,195 [pool-213-thread-1] INFO  impl.RoleInfo (RoleInfo.java:updateAndGet(130)) - eda58b43-d835-4a06-8ae1-b7a54d57ec10: start eda58b43-d835-4a06-8ae1-b7a54d57ec10@group-DA51D1B1407C-FollowerState
2022-05-15 13:40:27,196 [pool-213-thread-1] INFO  util.JmxRegister (JmxRegister.java:tryRegister(44)) - Successfully registered JMX Bean with object name Ratis:service=RaftServer,group=group-DA51D1B1407C,id=eda58b43-d835-4a06-8ae1-b7a54d57ec10
2022-05-15 13:40:27,217 [grpc-default-executor-0] INFO  server.RaftServer (RaftServerProxy.java:addNew(95)) - 79ec004f-76c4-4937-a9ae-fe5f0a16577d: addNew group-DA51D1B1407C:[79ec004f-76c4-4937-a9ae-fe5f0a16577d|rpc:10.1.0.20:40141|dataStream:|priority:0, eda58b43-d835-4a06-8ae1-b7a54d57ec10|rpc:10.1.0.20:42159|dataStream:|priority:1, 202e9239-47c7-423a-9cd3-2de09b349c52|rpc:10.1.0.20:36687|dataStream:|priority:0] returns group-DA51D1B1407C:java.util.concurrent.CompletableFuture@ca786af[Not completed]
2022-05-15 13:40:27,236 [pool-234-thread-1] INFO  server.RaftServer$Division (RaftServerImpl.java:<init>(184)) - 79ec004f-76c4-4937-a9ae-fe5f0a16577d: new RaftServerImpl for group-DA51D1B1407C:[79ec004f-76c4-4937-a9ae-fe5f0a16577d|rpc:10.1.0.20:40141|dataStream:|priority:0, eda58b43-d835-4a06-8ae1-b7a54d57ec10|rpc:10.1.0.20:42159|dataStream:|priority:1, 202e9239-47c7-423a-9cd3-2de09b349c52|rpc:10.1.0.20:36687|dataStream:|priority:0] with ContainerStateMachine:uninitialized
2022-05-15 13:40:27,242 [pool-234-thread-1] INFO  server.RaftServerConfigKeys (ConfUtils.java:logGet(44)) - raft.server.rpc.timeout.min = 5s (custom)
2022-05-15 13:40:27,247 [pool-234-thread-1] INFO  server.RaftServerConfigKeys (ConfUtils.java:logGet(44)) - raft.server.rpc.timeout.max = 5200ms (custom)
2022-05-15 13:40:27,247 [pool-234-thread-1] INFO  server.RaftServerConfigKeys (ConfUtils.java:logGet(44)) - raft.server.rpc.sleep.time = 25ms (default)
2022-05-15 13:40:27,247 [pool-234-thread-1] INFO  server.RaftServerConfigKeys (ConfUtils.java:logGet(44)) - raft.server.rpc.slowness.timeout = 300s (custom)
2022-05-15 13:40:27,247 [pool-234-thread-1] INFO  server.RaftServerConfigKeys (ConfUtils.java:logGet(44)) - raft.server.leaderelection.leader.step-down.wait-time = 10s (default)
2022-05-15 13:40:27,247 [pool-234-thread-1] INFO  server.RaftServerConfigKeys (ConfUtils.java:logGet(44)) - raft.server.sleep.deviation.threshold = 300ms (default)
2022-05-15 13:40:27,247 [pool-234-thread-1] INFO  server.RaftServerConfigKeys (ConfUtils.java:logGet(44)) - raft.server.log.appender.install.snapshot.enabled = false (custom)
2022-05-15 13:40:27,248 [pool-234-thread-1] INFO  server.RaftServer$Division (ServerState.java:<init>(105)) - 79ec004f-76c4-4937-a9ae-fe5f0a16577d@group-DA51D1B1407C: ConfigurationManager, init=-1: [79ec004f-76c4-4937-a9ae-fe5f0a16577d|rpc:10.1.0.20:40141|dataStream:|priority:0, eda58b43-d835-4a06-8ae1-b7a54d57ec10|rpc:10.1.0.20:42159|dataStream:|priority:1, 202e9239-47c7-423a-9cd3-2de09b349c52|rpc:10.1.0.20:36687|dataStream:|priority:0], old=null, confs=<EMPTY_MAP>
2022-05-15 13:40:27,248 [pool-234-thread-1] INFO  server.RaftServerConfigKeys (ConfUtils.java:logGet(44)) - raft.server.storage.dir = [/home/runner/work/ozone/ozone/hadoop-ozone/integration-test/target/test-dir/MiniOzoneClusterImpl-e6988b2d-a82d-4438-baec-2e925de8cb09/datanode-2/data/ratis] (custom)
2022-05-15 13:40:27,248 [pool-234-thread-1] INFO  server.RaftServerConfigKeys (ConfUtils.java:logGet(44)) - raft.server.log.corruption.policy = EXCEPTION (default)
2022-05-15 13:40:27,248 [pool-234-thread-1] INFO  server.RaftServerConfigKeys (ConfUtils.java:logGet(44)) - raft.server.storage.free-space.min = 0MB (=0) (default)
2022-05-15 13:40:27,248 [pool-234-thread-1] INFO  storage.RaftStorageDirectory (RaftStorageDirectoryImpl.java:analyzeStorage(135)) - The storage directory /home/runner/work/ozone/ozone/hadoop-ozone/integration-test/target/test-dir/MiniOzoneClusterImpl-e6988b2d-a82d-4438-baec-2e925de8cb09/datanode-2/data/ratis/e591fc53-ebba-420e-bbaa-da51d1b1407c does not exist. Creating ...
2022-05-15 13:40:27,250 [pool-234-thread-1] INFO  storage.RaftStorageDirectory (RaftStorageDirectoryImpl.java:tryLock(230)) - Lock on /home/runner/work/ozone/ozone/hadoop-ozone/integration-test/target/test-dir/MiniOzoneClusterImpl-e6988b2d-a82d-4438-baec-2e925de8cb09/datanode-2/data/ratis/e591fc53-ebba-420e-bbaa-da51d1b1407c/in_use.lock acquired by nodename 19587@fv-az40-973
2022-05-15 13:40:27,255 [pool-234-thread-1] INFO  storage.RaftStorage (RaftStorageImpl.java:format(89)) - Storage directory /home/runner/work/ozone/ozone/hadoop-ozone/integration-test/target/test-dir/MiniOzoneClusterImpl-e6988b2d-a82d-4438-baec-2e925de8cb09/datanode-2/data/ratis/e591fc53-ebba-420e-bbaa-da51d1b1407c has been successfully formatted.
2022-05-15 13:40:27,267 [pool-234-thread-1] INFO  ratis.ContainerStateMachine (ContainerStateMachine.java:loadSnapshot(236)) - group-DA51D1B1407C: The snapshot info is null. Setting the last applied indexto:(t:0, i:~)
2022-05-15 13:40:27,267 [pool-234-thread-1] INFO  server.RaftServerConfigKeys (ConfUtils.java:logGet(44)) - raft.server.notification.no-leader.timeout = 300s (custom)
2022-05-15 13:40:27,267 [pool-234-thread-1] INFO  server.RaftServerConfigKeys (ConfUtils.java:logGet(44)) - raft.server.log.use.memory = false (default)
2022-05-15 13:40:27,267 [pool-234-thread-1] INFO  server.RaftServerConfigKeys (ConfUtils.java:logGet(44)) - raft.server.log.purge.gap = 1000000 (custom)
2022-05-15 13:40:27,267 [pool-234-thread-1] INFO  server.RaftServerConfigKeys (ConfUtils.java:logGet(44)) - raft.server.log.appender.buffer.byte-limit = 33554432 (custom)
2022-05-15 13:40:27,267 [pool-234-thread-1] INFO  server.RaftServerConfigKeys (ConfUtils.java:logGet(44)) - raft.server.log.segment.size.max = 1048576 (custom)
2022-05-15 13:40:27,268 [pool-234-thread-1] INFO  server.RaftServerConfigKeys (ConfUtils.java:logGet(44)) - raft.server.log.segment.cache.num.max = 2 (custom)
2022-05-15 13:40:27,268 [pool-234-thread-1] INFO  server.RaftServerConfigKeys (ConfUtils.java:logGet(44)) - raft.server.log.segment.cache.size.max = 200MB (=209715200) (default)
2022-05-15 13:40:27,268 [pool-234-thread-1] INFO  segmented.SegmentedRaftLogWorker (SegmentedRaftLogWorker.java:<init>(182)) - new 79ec004f-76c4-4937-a9ae-fe5f0a16577d@group-DA51D1B1407C-SegmentedRaftLogWorker for RaftStorageImpl:Storage Directory /home/runner/work/ozone/ozone/hadoop-ozone/integration-test/target/test-dir/MiniOzoneClusterImpl-e6988b2d-a82d-4438-baec-2e925de8cb09/datanode-2/data/ratis/e591fc53-ebba-420e-bbaa-da51d1b1407c
2022-05-15 13:40:27,268 [pool-234-thread-1] INFO  server.RaftServerConfigKeys (ConfUtils.java:logGet(44)) - raft.server.log.queue.byte-limit = 4294967296 (custom)
2022-05-15 13:40:27,268 [pool-234-thread-1] INFO  server.RaftServerConfigKeys (ConfUtils.java:logGet(44)) - raft.server.log.queue.element-limit = 1024 (custom)
2022-05-15 13:40:27,268 [pool-234-thread-1] INFO  server.RaftServerConfigKeys (ConfUtils.java:logGet(44)) - raft.server.log.segment.size.max = 1048576 (custom)
2022-05-15 13:40:27,268 [pool-234-thread-1] INFO  server.RaftServerConfigKeys (ConfUtils.java:logGet(44)) - raft.server.log.preallocated.size = 16384 (custom)
2022-05-15 13:40:27,268 [pool-234-thread-1] INFO  server.RaftServerConfigKeys (ConfUtils.java:logGet(44)) - raft.server.log.force.sync.num = 128 (default)
2022-05-15 13:40:27,268 [pool-234-thread-1] INFO  server.RaftServerConfigKeys (ConfUtils.java:logGet(44)) - raft.server.log.statemachine.data.sync = true (default)
2022-05-15 13:40:27,268 [pool-234-thread-1] INFO  server.RaftServerConfigKeys (ConfUtils.java:logGet(44)) - raft.server.log.statemachine.data.sync.timeout = 10s (default)
2022-05-15 13:40:27,268 [pool-234-thread-1] INFO  server.RaftServerConfigKeys (ConfUtils.java:logGet(44)) - raft.server.log.statemachine.data.sync.timeout.retry = -1 (default)
2022-05-15 13:40:27,269 [pool-234-thread-1] INFO  server.RaftServerConfigKeys (ConfUtils.java:logGet(44)) - raft.server.log.write.buffer.size = 1048576 (custom)
2022-05-15 13:40:27,270 [pool-234-thread-1] INFO  server.RaftServerConfigKeys (ConfUtils.java:logGet(44)) - raft.server.log.statemachine.data.caching.enabled = true (custom)
2022-05-15 13:40:27,270 [pool-234-thread-1] INFO  segmented.SegmentedRaftLogWorker (SegmentedRaftLogWorker.java:lambda$new$0(133)) - 79ec004f-76c4-4937-a9ae-fe5f0a16577d@group-DA51D1B1407C-SegmentedRaftLogWorker: flushIndex: setUnconditionally 0 -> -1
2022-05-15 13:40:27,270 [pool-234-thread-1] INFO  segmented.SegmentedRaftLogWorker (SegmentedRaftLogWorker.java:lambda$new$0(133)) - 79ec004f-76c4-4937-a9ae-fe5f0a16577d@group-DA51D1B1407C-SegmentedRaftLogWorker: safeCacheEvictIndex: setUnconditionally 0 -> -1
2022-05-15 13:40:27,274 [pool-234-thread-1] INFO  server.RaftServerConfigKeys (ConfUtils.java:logGet(44)) - raft.server.snapshot.auto.trigger.enabled = true (custom)
2022-05-15 13:40:27,274 [pool-234-thread-1] INFO  server.RaftServerConfigKeys (ConfUtils.java:logGet(44)) - raft.server.snapshot.auto.trigger.threshold = 10000 (custom)
2022-05-15 13:40:27,274 [pool-234-thread-1] INFO  server.RaftServerConfigKeys (ConfUtils.java:logGet(44)) - raft.server.snapshot.retention.file.num = 5 (custom)
2022-05-15 13:40:27,274 [pool-234-thread-1] INFO  server.RaftServerConfigKeys (ConfUtils.java:logGet(44)) - raft.server.log.purge.upto.snapshot.index = false (default)
2022-05-15 13:40:27,275 [pool-234-thread-1] INFO  server.RaftServerConfigKeys (ConfUtils.java:logGet(44)) - raft.server.retrycache.expirytime = 600000ms (custom)
2022-05-15 13:40:27,275 [pool-234-thread-1] INFO  server.RaftServerConfigKeys (ConfUtils.java:logGet(44)) - raft.server.retrycache.statistics.expirytime = 100μs (default)
2022-05-15 13:40:27,276 [pool-234-thread-1] INFO  server.RaftServer$Division (RaftServerImpl.java:start(301)) - 79ec004f-76c4-4937-a9ae-fe5f0a16577d@group-DA51D1B1407C: start as a follower, conf=-1: [79ec004f-76c4-4937-a9ae-fe5f0a16577d|rpc:10.1.0.20:40141|dataStream:|priority:0, eda58b43-d835-4a06-8ae1-b7a54d57ec10|rpc:10.1.0.20:42159|dataStream:|priority:1, 202e9239-47c7-423a-9cd3-2de09b349c52|rpc:10.1.0.20:36687|dataStream:|priority:0], old=null
2022-05-15 13:40:27,276 [pool-234-thread-1] INFO  server.RaftServer$Division (RaftServerImpl.java:setRole(290)) - 79ec004f-76c4-4937-a9ae-fe5f0a16577d@group-DA51D1B1407C: changes role from      null to FOLLOWER at term 0 for startAsFollower
2022-05-15 13:40:27,276 [pool-234-thread-1] INFO  impl.RoleInfo (RoleInfo.java:updateAndGet(130)) - 79ec004f-76c4-4937-a9ae-fe5f0a16577d: start 79ec004f-76c4-4937-a9ae-fe5f0a16577d@group-DA51D1B1407C-FollowerState
2022-05-15 13:40:27,279 [pool-234-thread-1] INFO  util.JmxRegister (JmxRegister.java:tryRegister(44)) - Successfully registered JMX Bean with object name Ratis:service=RaftServer,group=group-DA51D1B1407C,id=79ec004f-76c4-4937-a9ae-fe5f0a16577d
2022-05-15 13:40:27,302 [Command processor thread] INFO  commandhandler.CreatePipelineCommandHandler (CreatePipelineCommandHandler.java:handle(113)) - Created Pipeline RATIS THREE PipelineID=e591fc53-ebba-420e-bbaa-da51d1b1407c.
2022-05-15 13:40:27,302 [Command processor thread] INFO  server.RaftServer (RaftServerProxy.java:addNew(95)) - 202e9239-47c7-423a-9cd3-2de09b349c52: addNew group-18FD4C7A5263:[79ec004f-76c4-4937-a9ae-fe5f0a16577d|rpc:10.1.0.20:40141|priority:1, eda58b43-d835-4a06-8ae1-b7a54d57ec10|rpc:10.1.0.20:42159|priority:0, 202e9239-47c7-423a-9cd3-2de09b349c52|rpc:10.1.0.20:36687|priority:0] returns group-18FD4C7A5263:java.util.concurrent.CompletableFuture@2a5a9d2e[Not completed]
2022-05-15 13:40:27,306 [pool-192-thread-1] INFO  server.RaftServer$Division (RaftServerImpl.java:<init>(184)) - 202e9239-47c7-423a-9cd3-2de09b349c52: new RaftServerImpl for group-18FD4C7A5263:[79ec004f-76c4-4937-a9ae-fe5f0a16577d|rpc:10.1.0.20:40141|priority:1, eda58b43-d835-4a06-8ae1-b7a54d57ec10|rpc:10.1.0.20:42159|priority:0, 202e9239-47c7-423a-9cd3-2de09b349c52|rpc:10.1.0.20:36687|priority:0] with ContainerStateMachine:uninitialized
2022-05-15 13:40:27,306 [pool-192-thread-1] INFO  server.RaftServerConfigKeys (ConfUtils.java:logGet(44)) - raft.server.rpc.timeout.min = 5s (custom)
2022-05-15 13:40:27,306 [pool-192-thread-1] INFO  server.RaftServerConfigKeys (ConfUtils.java:logGet(44)) - raft.server.rpc.timeout.max = 5200ms (custom)
2022-05-15 13:40:27,306 [pool-192-thread-1] INFO  server.RaftServerConfigKeys (ConfUtils.java:logGet(44)) - raft.server.rpc.sleep.time = 25ms (default)
2022-05-15 13:40:27,306 [pool-192-thread-1] INFO  server.RaftServerConfigKeys (ConfUtils.java:logGet(44)) - raft.server.rpc.slowness.timeout = 300s (custom)
2022-05-15 13:40:27,306 [pool-192-thread-1] INFO  server.RaftServerConfigKeys (ConfUtils.java:logGet(44)) - raft.server.leaderelection.leader.step-down.wait-time = 10s (default)
2022-05-15 13:40:27,306 [pool-192-thread-1] INFO  server.RaftServerConfigKeys (ConfUtils.java:logGet(44)) - raft.server.sleep.deviation.threshold = 300ms (default)
2022-05-15 13:40:27,306 [pool-192-thread-1] INFO  server.RaftServerConfigKeys (ConfUtils.java:logGet(44)) - raft.server.log.appender.install.snapshot.enabled = false (custom)
2022-05-15 13:40:27,306 [pool-192-thread-1] INFO  server.RaftServer$Division (ServerState.java:<init>(105)) - 202e9239-47c7-423a-9cd3-2de09b349c52@group-18FD4C7A5263: ConfigurationManager, init=-1: [79ec004f-76c4-4937-a9ae-fe5f0a16577d|rpc:10.1.0.20:40141|priority:1, eda58b43-d835-4a06-8ae1-b7a54d57ec10|rpc:10.1.0.20:42159|priority:0, 202e9239-47c7-423a-9cd3-2de09b349c52|rpc:10.1.0.20:36687|priority:0], old=null, confs=<EMPTY_MAP>
2022-05-15 13:40:27,306 [pool-192-thread-1] INFO  server.RaftServerConfigKeys (ConfUtils.java:logGet(44)) - raft.server.storage.dir = [/home/runner/work/ozone/ozone/hadoop-ozone/integration-test/target/test-dir/MiniOzoneClusterImpl-e6988b2d-a82d-4438-baec-2e925de8cb09/datanode-0/data/ratis] (custom)
2022-05-15 13:40:27,306 [pool-192-thread-1] INFO  server.RaftServerConfigKeys (ConfUtils.java:logGet(44)) - raft.server.log.corruption.policy = EXCEPTION (default)
2022-05-15 13:40:27,306 [pool-192-thread-1] INFO  server.RaftServerConfigKeys (ConfUtils.java:logGet(44)) - raft.server.storage.free-space.min = 0MB (=0) (default)
2022-05-15 13:40:27,306 [pool-192-thread-1] INFO  storage.RaftStorageDirectory (RaftStorageDirectoryImpl.java:analyzeStorage(135)) - The storage directory /home/runner/work/ozone/ozone/hadoop-ozone/integration-test/target/test-dir/MiniOzoneClusterImpl-e6988b2d-a82d-4438-baec-2e925de8cb09/datanode-0/data/ratis/135be98c-0b36-48fb-a4ab-18fd4c7a5263 does not exist. Creating ...
2022-05-15 13:40:27,311 [pool-192-thread-1] INFO  storage.RaftStorageDirectory (RaftStorageDirectoryImpl.java:tryLock(230)) - Lock on /home/runner/work/ozone/ozone/hadoop-ozone/integration-test/target/test-dir/MiniOzoneClusterImpl-e6988b2d-a82d-4438-baec-2e925de8cb09/datanode-0/data/ratis/135be98c-0b36-48fb-a4ab-18fd4c7a5263/in_use.lock acquired by nodename 19587@fv-az40-973
2022-05-15 13:40:27,315 [pool-192-thread-1] INFO  storage.RaftStorage (RaftStorageImpl.java:format(89)) - Storage directory /home/runner/work/ozone/ozone/hadoop-ozone/integration-test/target/test-dir/MiniOzoneClusterImpl-e6988b2d-a82d-4438-baec-2e925de8cb09/datanode-0/data/ratis/135be98c-0b36-48fb-a4ab-18fd4c7a5263 has been successfully formatted.
2022-05-15 13:40:27,316 [pool-192-thread-1] INFO  ratis.ContainerStateMachine (ContainerStateMachine.java:loadSnapshot(236)) - group-18FD4C7A5263: The snapshot info is null. Setting the last applied indexto:(t:0, i:~)
2022-05-15 13:40:27,316 [pool-192-thread-1] INFO  server.RaftServerConfigKeys (ConfUtils.java:logGet(44)) - raft.server.notification.no-leader.timeout = 300s (custom)
2022-05-15 13:40:27,316 [pool-192-thread-1] INFO  server.RaftServerConfigKeys (ConfUtils.java:logGet(44)) - raft.server.log.use.memory = false (default)
2022-05-15 13:40:27,316 [pool-192-thread-1] INFO  server.RaftServerConfigKeys (ConfUtils.java:logGet(44)) - raft.server.log.purge.gap = 1000000 (custom)
2022-05-15 13:40:27,316 [pool-192-thread-1] INFO  server.RaftServerConfigKeys (ConfUtils.java:logGet(44)) - raft.server.log.appender.buffer.byte-limit = 33554432 (custom)
2022-05-15 13:40:27,316 [pool-192-thread-1] INFO  server.RaftServerConfigKeys (ConfUtils.java:logGet(44)) - raft.server.log.segment.size.max = 1048576 (custom)
2022-05-15 13:40:27,316 [EventQueue-OpenPipelineForHealthyPipelineSafeModeRule] INFO  safemode.SCMSafeModeManager (HealthyPipelineSafeModeRule.java:process(124)) - SCM in safe mode. Healthy pipelines reported count is 0, required healthy pipeline reported count is 1
2022-05-15 13:40:27,317 [pool-192-thread-1] INFO  server.RaftServerConfigKeys (ConfUtils.java:logGet(44)) - raft.server.log.segment.cache.num.max = 2 (custom)
2022-05-15 13:40:27,317 [pool-192-thread-1] INFO  server.RaftServerConfigKeys (ConfUtils.java:logGet(44)) - raft.server.log.segment.cache.size.max = 200MB (=209715200) (default)
2022-05-15 13:40:27,317 [pool-192-thread-1] INFO  segmented.SegmentedRaftLogWorker (SegmentedRaftLogWorker.java:<init>(182)) - new 202e9239-47c7-423a-9cd3-2de09b349c52@group-18FD4C7A5263-SegmentedRaftLogWorker for RaftStorageImpl:Storage Directory /home/runner/work/ozone/ozone/hadoop-ozone/integration-test/target/test-dir/MiniOzoneClusterImpl-e6988b2d-a82d-4438-baec-2e925de8cb09/datanode-0/data/ratis/135be98c-0b36-48fb-a4ab-18fd4c7a5263
2022-05-15 13:40:27,317 [pool-192-thread-1] INFO  server.RaftServerConfigKeys (ConfUtils.java:logGet(44)) - raft.server.log.queue.byte-limit = 4294967296 (custom)
2022-05-15 13:40:27,317 [pool-192-thread-1] INFO  server.RaftServerConfigKeys (ConfUtils.java:logGet(44)) - raft.server.log.queue.element-limit = 1024 (custom)
2022-05-15 13:40:27,317 [pool-192-thread-1] INFO  server.RaftServerConfigKeys (ConfUtils.java:logGet(44)) - raft.server.log.segment.size.max = 1048576 (custom)
2022-05-15 13:40:27,317 [pool-192-thread-1] INFO  server.RaftServerConfigKeys (ConfUtils.java:logGet(44)) - raft.server.log.preallocated.size = 16384 (custom)
2022-05-15 13:40:27,317 [pool-192-thread-1] INFO  server.RaftServerConfigKeys (ConfUtils.java:logGet(44)) - raft.server.log.force.sync.num = 128 (default)
2022-05-15 13:40:27,317 [pool-192-thread-1] INFO  server.RaftServerConfigKeys (ConfUtils.java:logGet(44)) - raft.server.log.statemachine.data.sync = true (default)
2022-05-15 13:40:27,317 [pool-192-thread-1] INFO  server.RaftServerConfigKeys (ConfUtils.java:logGet(44)) - raft.server.log.statemachine.data.sync.timeout = 10s (default)
2022-05-15 13:40:27,317 [pool-192-thread-1] INFO  server.RaftServerConfigKeys (ConfUtils.java:logGet(44)) - raft.server.log.statemachine.data.sync.timeout.retry = -1 (default)
2022-05-15 13:40:27,318 [pool-192-thread-1] INFO  server.RaftServerConfigKeys (ConfUtils.java:logGet(44)) - raft.server.log.write.buffer.size = 1048576 (custom)
2022-05-15 13:40:27,319 [pool-192-thread-1] INFO  server.RaftServerConfigKeys (ConfUtils.java:logGet(44)) - raft.server.log.statemachine.data.caching.enabled = true (custom)
2022-05-15 13:40:27,319 [pool-192-thread-1] INFO  segmented.SegmentedRaftLogWorker (SegmentedRaftLogWorker.java:lambda$new$0(133)) - 202e9239-47c7-423a-9cd3-2de09b349c52@group-18FD4C7A5263-SegmentedRaftLogWorker: flushIndex: setUnconditionally 0 -> -1
2022-05-15 13:40:27,319 [pool-192-thread-1] INFO  segmented.SegmentedRaftLogWorker (SegmentedRaftLogWorker.java:lambda$new$0(133)) - 202e9239-47c7-423a-9cd3-2de09b349c52@group-18FD4C7A5263-SegmentedRaftLogWorker: safeCacheEvictIndex: setUnconditionally 0 -> -1
2022-05-15 13:40:27,326 [pool-192-thread-1] INFO  server.RaftServerConfigKeys (ConfUtils.java:logGet(44)) - raft.server.snapshot.auto.trigger.enabled = true (custom)
2022-05-15 13:40:27,326 [pool-192-thread-1] INFO  server.RaftServerConfigKeys (ConfUtils.java:logGet(44)) - raft.server.snapshot.auto.trigger.threshold = 10000 (custom)
2022-05-15 13:40:27,326 [pool-192-thread-1] INFO  server.RaftServerConfigKeys (ConfUtils.java:logGet(44)) - raft.server.snapshot.retention.file.num = 5 (custom)
2022-05-15 13:40:27,326 [pool-192-thread-1] INFO  server.RaftServerConfigKeys (ConfUtils.java:logGet(44)) - raft.server.log.purge.upto.snapshot.index = false (default)
2022-05-15 13:40:27,327 [pool-192-thread-1] INFO  server.RaftServerConfigKeys (ConfUtils.java:logGet(44)) - raft.server.retrycache.expirytime = 600000ms (custom)
2022-05-15 13:40:27,327 [pool-192-thread-1] INFO  server.RaftServerConfigKeys (ConfUtils.java:logGet(44)) - raft.server.retrycache.statistics.expirytime = 100μs (default)
2022-05-15 13:40:27,327 [pool-192-thread-1] INFO  server.RaftServer$Division (RaftServerImpl.java:start(301)) - 202e9239-47c7-423a-9cd3-2de09b349c52@group-18FD4C7A5263: start as a follower, conf=-1: [79ec004f-76c4-4937-a9ae-fe5f0a16577d|rpc:10.1.0.20:40141|priority:1, eda58b43-d835-4a06-8ae1-b7a54d57ec10|rpc:10.1.0.20:42159|priority:0, 202e9239-47c7-423a-9cd3-2de09b349c52|rpc:10.1.0.20:36687|priority:0], old=null
2022-05-15 13:40:27,328 [pool-192-thread-1] INFO  server.RaftServer$Division (RaftServerImpl.java:setRole(290)) - 202e9239-47c7-423a-9cd3-2de09b349c52@group-18FD4C7A5263: changes role from      null to FOLLOWER at term 0 for startAsFollower
2022-05-15 13:40:27,328 [pool-192-thread-1] INFO  impl.RoleInfo (RoleInfo.java:updateAndGet(130)) - 202e9239-47c7-423a-9cd3-2de09b349c52: start 202e9239-47c7-423a-9cd3-2de09b349c52@group-18FD4C7A5263-FollowerState
2022-05-15 13:40:27,336 [pool-192-thread-1] INFO  util.JmxRegister (JmxRegister.java:tryRegister(44)) - Successfully registered JMX Bean with object name Ratis:service=RaftServer,group=group-18FD4C7A5263,id=202e9239-47c7-423a-9cd3-2de09b349c52
2022-05-15 13:40:27,349 [Command processor thread] INFO  ratis.XceiverServerRatis (XceiverServerRatis.java:addGroup(765)) - Created group PipelineID=135be98c-0b36-48fb-a4ab-18fd4c7a5263
2022-05-15 13:40:27,379 [grpc-default-executor-0] INFO  server.RaftServer (RaftServerProxy.java:addNew(95)) - 79ec004f-76c4-4937-a9ae-fe5f0a16577d: addNew group-18FD4C7A5263:[79ec004f-76c4-4937-a9ae-fe5f0a16577d|rpc:10.1.0.20:40141|dataStream:|priority:1, eda58b43-d835-4a06-8ae1-b7a54d57ec10|rpc:10.1.0.20:42159|dataStream:|priority:0, 202e9239-47c7-423a-9cd3-2de09b349c52|rpc:10.1.0.20:36687|dataStream:|priority:0] returns group-18FD4C7A5263:java.util.concurrent.CompletableFuture@8dc880b[Not completed]
2022-05-15 13:40:27,380 [pool-234-thread-1] INFO  server.RaftServer$Division (RaftServerImpl.java:<init>(184)) - 79ec004f-76c4-4937-a9ae-fe5f0a16577d: new RaftServerImpl for group-18FD4C7A5263:[79ec004f-76c4-4937-a9ae-fe5f0a16577d|rpc:10.1.0.20:40141|dataStream:|priority:1, eda58b43-d835-4a06-8ae1-b7a54d57ec10|rpc:10.1.0.20:42159|dataStream:|priority:0, 202e9239-47c7-423a-9cd3-2de09b349c52|rpc:10.1.0.20:36687|dataStream:|priority:0] with ContainerStateMachine:uninitialized
2022-05-15 13:40:27,380 [pool-234-thread-1] INFO  server.RaftServerConfigKeys (ConfUtils.java:logGet(44)) - raft.server.rpc.timeout.min = 5s (custom)
2022-05-15 13:40:27,380 [pool-234-thread-1] INFO  server.RaftServerConfigKeys (ConfUtils.java:logGet(44)) - raft.server.rpc.timeout.max = 5200ms (custom)
2022-05-15 13:40:27,380 [pool-234-thread-1] INFO  server.RaftServerConfigKeys (ConfUtils.java:logGet(44)) - raft.server.rpc.sleep.time = 25ms (default)
2022-05-15 13:40:27,380 [pool-234-thread-1] INFO  server.RaftServerConfigKeys (ConfUtils.java:logGet(44)) - raft.server.rpc.slowness.timeout = 300s (custom)
2022-05-15 13:40:27,380 [pool-234-thread-1] INFO  server.RaftServerConfigKeys (ConfUtils.java:logGet(44)) - raft.server.leaderelection.leader.step-down.wait-time = 10s (default)
2022-05-15 13:40:27,380 [pool-234-thread-1] INFO  server.RaftServerConfigKeys (ConfUtils.java:logGet(44)) - raft.server.sleep.deviation.threshold = 300ms (default)
2022-05-15 13:40:27,380 [pool-234-thread-1] INFO  server.RaftServerConfigKeys (ConfUtils.java:logGet(44)) - raft.server.log.appender.install.snapshot.enabled = false (custom)
2022-05-15 13:40:27,380 [pool-234-thread-1] INFO  server.RaftServer$Division (ServerState.java:<init>(105)) - 79ec004f-76c4-4937-a9ae-fe5f0a16577d@group-18FD4C7A5263: ConfigurationManager, init=-1: [79ec004f-76c4-4937-a9ae-fe5f0a16577d|rpc:10.1.0.20:40141|dataStream:|priority:1, eda58b43-d835-4a06-8ae1-b7a54d57ec10|rpc:10.1.0.20:42159|dataStream:|priority:0, 202e9239-47c7-423a-9cd3-2de09b349c52|rpc:10.1.0.20:36687|dataStream:|priority:0], old=null, confs=<EMPTY_MAP>
2022-05-15 13:40:27,380 [pool-234-thread-1] INFO  server.RaftServerConfigKeys (ConfUtils.java:logGet(44)) - raft.server.storage.dir = [/home/runner/work/ozone/ozone/hadoop-ozone/integration-test/target/test-dir/MiniOzoneClusterImpl-e6988b2d-a82d-4438-baec-2e925de8cb09/datanode-2/data/ratis] (custom)
2022-05-15 13:40:27,381 [pool-234-thread-1] INFO  server.RaftServerConfigKeys (ConfUtils.java:logGet(44)) - raft.server.log.corruption.policy = EXCEPTION (default)
2022-05-15 13:40:27,381 [pool-234-thread-1] INFO  server.RaftServerConfigKeys (ConfUtils.java:logGet(44)) - raft.server.storage.free-space.min = 0MB (=0) (default)
2022-05-15 13:40:27,381 [pool-234-thread-1] INFO  storage.RaftStorageDirectory (RaftStorageDirectoryImpl.java:analyzeStorage(135)) - The storage directory /home/runner/work/ozone/ozone/hadoop-ozone/integration-test/target/test-dir/MiniOzoneClusterImpl-e6988b2d-a82d-4438-baec-2e925de8cb09/datanode-2/data/ratis/135be98c-0b36-48fb-a4ab-18fd4c7a5263 does not exist. Creating ...
2022-05-15 13:40:27,382 [pool-234-thread-1] INFO  storage.RaftStorageDirectory (RaftStorageDirectoryImpl.java:tryLock(230)) - Lock on /home/runner/work/ozone/ozone/hadoop-ozone/integration-test/target/test-dir/MiniOzoneClusterImpl-e6988b2d-a82d-4438-baec-2e925de8cb09/datanode-2/data/ratis/135be98c-0b36-48fb-a4ab-18fd4c7a5263/in_use.lock acquired by nodename 19587@fv-az40-973
2022-05-15 13:40:27,383 [pool-234-thread-1] INFO  storage.RaftStorage (RaftStorageImpl.java:format(89)) - Storage directory /home/runner/work/ozone/ozone/hadoop-ozone/integration-test/target/test-dir/MiniOzoneClusterImpl-e6988b2d-a82d-4438-baec-2e925de8cb09/datanode-2/data/ratis/135be98c-0b36-48fb-a4ab-18fd4c7a5263 has been successfully formatted.
2022-05-15 13:40:27,383 [pool-234-thread-1] INFO  ratis.ContainerStateMachine (ContainerStateMachine.java:loadSnapshot(236)) - group-18FD4C7A5263: The snapshot info is null. Setting the last applied indexto:(t:0, i:~)
2022-05-15 13:40:27,384 [pool-234-thread-1] INFO  server.RaftServerConfigKeys (ConfUtils.java:logGet(44)) - raft.server.notification.no-leader.timeout = 300s (custom)
2022-05-15 13:40:27,384 [pool-234-thread-1] INFO  server.RaftServerConfigKeys (ConfUtils.java:logGet(44)) - raft.server.log.use.memory = false (default)
2022-05-15 13:40:27,384 [pool-234-thread-1] INFO  server.RaftServerConfigKeys (ConfUtils.java:logGet(44)) - raft.server.log.purge.gap = 1000000 (custom)
2022-05-15 13:40:27,384 [pool-234-thread-1] INFO  server.RaftServerConfigKeys (ConfUtils.java:logGet(44)) - raft.server.log.appender.buffer.byte-limit = 33554432 (custom)
2022-05-15 13:40:27,384 [pool-234-thread-1] INFO  server.RaftServerConfigKeys (ConfUtils.java:logGet(44)) - raft.server.log.segment.size.max = 1048576 (custom)
2022-05-15 13:40:27,385 [pool-234-thread-1] INFO  server.RaftServerConfigKeys (ConfUtils.java:logGet(44)) - raft.server.log.segment.cache.num.max = 2 (custom)
2022-05-15 13:40:27,385 [pool-234-thread-1] INFO  server.RaftServerConfigKeys (ConfUtils.java:logGet(44)) - raft.server.log.segment.cache.size.max = 200MB (=209715200) (default)
2022-05-15 13:40:27,385 [pool-234-thread-1] INFO  segmented.SegmentedRaftLogWorker (SegmentedRaftLogWorker.java:<init>(182)) - new 79ec004f-76c4-4937-a9ae-fe5f0a16577d@group-18FD4C7A5263-SegmentedRaftLogWorker for RaftStorageImpl:Storage Directory /home/runner/work/ozone/ozone/hadoop-ozone/integration-test/target/test-dir/MiniOzoneClusterImpl-e6988b2d-a82d-4438-baec-2e925de8cb09/datanode-2/data/ratis/135be98c-0b36-48fb-a4ab-18fd4c7a5263
2022-05-15 13:40:27,385 [pool-234-thread-1] INFO  server.RaftServerConfigKeys (ConfUtils.java:logGet(44)) - raft.server.log.queue.byte-limit = 4294967296 (custom)
2022-05-15 13:40:27,385 [pool-234-thread-1] INFO  server.RaftServerConfigKeys (ConfUtils.java:logGet(44)) - raft.server.log.queue.element-limit = 1024 (custom)
2022-05-15 13:40:27,385 [pool-234-thread-1] INFO  server.RaftServerConfigKeys (ConfUtils.java:logGet(44)) - raft.server.log.segment.size.max = 1048576 (custom)
2022-05-15 13:40:27,385 [pool-234-thread-1] INFO  server.RaftServerConfigKeys (ConfUtils.java:logGet(44)) - raft.server.log.preallocated.size = 16384 (custom)
2022-05-15 13:40:27,385 [pool-234-thread-1] INFO  server.RaftServerConfigKeys (ConfUtils.java:logGet(44)) - raft.server.log.force.sync.num = 128 (default)
2022-05-15 13:40:27,385 [pool-234-thread-1] INFO  server.RaftServerConfigKeys (ConfUtils.java:logGet(44)) - raft.server.log.statemachine.data.sync = true (default)
2022-05-15 13:40:27,385 [pool-234-thread-1] INFO  server.RaftServerConfigKeys (ConfUtils.java:logGet(44)) - raft.server.log.statemachine.data.sync.timeout = 10s (default)
2022-05-15 13:40:27,385 [pool-234-thread-1] INFO  server.RaftServerConfigKeys (ConfUtils.java:logGet(44)) - raft.server.log.statemachine.data.sync.timeout.retry = -1 (default)
2022-05-15 13:40:27,386 [pool-234-thread-1] INFO  server.RaftServerConfigKeys (ConfUtils.java:logGet(44)) - raft.server.log.write.buffer.size = 1048576 (custom)
2022-05-15 13:40:27,387 [pool-234-thread-1] INFO  server.RaftServerConfigKeys (ConfUtils.java:logGet(44)) - raft.server.log.statemachine.data.caching.enabled = true (custom)
2022-05-15 13:40:27,387 [pool-234-thread-1] INFO  segmented.SegmentedRaftLogWorker (SegmentedRaftLogWorker.java:lambda$new$0(133)) - 79ec004f-76c4-4937-a9ae-fe5f0a16577d@group-18FD4C7A5263-SegmentedRaftLogWorker: flushIndex: setUnconditionally 0 -> -1
2022-05-15 13:40:27,387 [pool-234-thread-1] INFO  segmented.SegmentedRaftLogWorker (SegmentedRaftLogWorker.java:lambda$new$0(133)) - 79ec004f-76c4-4937-a9ae-fe5f0a16577d@group-18FD4C7A5263-SegmentedRaftLogWorker: safeCacheEvictIndex: setUnconditionally 0 -> -1
2022-05-15 13:40:27,398 [pool-234-thread-1] INFO  server.RaftServerConfigKeys (ConfUtils.java:logGet(44)) - raft.server.snapshot.auto.trigger.enabled = true (custom)
2022-05-15 13:40:27,398 [pool-234-thread-1] INFO  server.RaftServerConfigKeys (ConfUtils.java:logGet(44)) - raft.server.snapshot.auto.trigger.threshold = 10000 (custom)
2022-05-15 13:40:27,398 [pool-234-thread-1] INFO  server.RaftServerConfigKeys (ConfUtils.java:logGet(44)) - raft.server.snapshot.retention.file.num = 5 (custom)
2022-05-15 13:40:27,398 [pool-234-thread-1] INFO  server.RaftServerConfigKeys (ConfUtils.java:logGet(44)) - raft.server.log.purge.upto.snapshot.index = false (default)
2022-05-15 13:40:27,399 [pool-234-thread-1] INFO  server.RaftServerConfigKeys (ConfUtils.java:logGet(44)) - raft.server.retrycache.expirytime = 600000ms (custom)
2022-05-15 13:40:27,399 [pool-234-thread-1] INFO  server.RaftServerConfigKeys (ConfUtils.java:logGet(44)) - raft.server.retrycache.statistics.expirytime = 100μs (default)
2022-05-15 13:40:27,400 [pool-234-thread-1] INFO  server.RaftServer$Division (RaftServerImpl.java:start(301)) - 79ec004f-76c4-4937-a9ae-fe5f0a16577d@group-18FD4C7A5263: start as a follower, conf=-1: [79ec004f-76c4-4937-a9ae-fe5f0a16577d|rpc:10.1.0.20:40141|dataStream:|priority:1, eda58b43-d835-4a06-8ae1-b7a54d57ec10|rpc:10.1.0.20:42159|dataStream:|priority:0, 202e9239-47c7-423a-9cd3-2de09b349c52|rpc:10.1.0.20:36687|dataStream:|priority:0], old=null
2022-05-15 13:40:27,400 [pool-234-thread-1] INFO  server.RaftServer$Division (RaftServerImpl.java:setRole(290)) - 79ec004f-76c4-4937-a9ae-fe5f0a16577d@group-18FD4C7A5263: changes role from      null to FOLLOWER at term 0 for startAsFollower
2022-05-15 13:40:27,400 [pool-234-thread-1] INFO  impl.RoleInfo (RoleInfo.java:updateAndGet(130)) - 79ec004f-76c4-4937-a9ae-fe5f0a16577d: start 79ec004f-76c4-4937-a9ae-fe5f0a16577d@group-18FD4C7A5263-FollowerState
2022-05-15 13:40:27,402 [pool-234-thread-1] INFO  util.JmxRegister (JmxRegister.java:tryRegister(44)) - Successfully registered JMX Bean with object name Ratis:service=RaftServer,group=group-18FD4C7A5263,id=79ec004f-76c4-4937-a9ae-fe5f0a16577d
2022-05-15 13:40:27,423 [grpc-default-executor-0] INFO  server.RaftServer (RaftServerProxy.java:addNew(95)) - eda58b43-d835-4a06-8ae1-b7a54d57ec10: addNew group-18FD4C7A5263:[79ec004f-76c4-4937-a9ae-fe5f0a16577d|rpc:10.1.0.20:40141|dataStream:|priority:1, eda58b43-d835-4a06-8ae1-b7a54d57ec10|rpc:10.1.0.20:42159|dataStream:|priority:0, 202e9239-47c7-423a-9cd3-2de09b349c52|rpc:10.1.0.20:36687|dataStream:|priority:0] returns group-18FD4C7A5263:java.util.concurrent.CompletableFuture@24cd265d[Not completed]
2022-05-15 13:40:27,424 [pool-213-thread-1] INFO  server.RaftServer$Division (RaftServerImpl.java:<init>(184)) - eda58b43-d835-4a06-8ae1-b7a54d57ec10: new RaftServerImpl for group-18FD4C7A5263:[79ec004f-76c4-4937-a9ae-fe5f0a16577d|rpc:10.1.0.20:40141|dataStream:|priority:1, eda58b43-d835-4a06-8ae1-b7a54d57ec10|rpc:10.1.0.20:42159|dataStream:|priority:0, 202e9239-47c7-423a-9cd3-2de09b349c52|rpc:10.1.0.20:36687|dataStream:|priority:0] with ContainerStateMachine:uninitialized
2022-05-15 13:40:27,424 [pool-213-thread-1] INFO  server.RaftServerConfigKeys (ConfUtils.java:logGet(44)) - raft.server.rpc.timeout.min = 5s (custom)
2022-05-15 13:40:27,424 [pool-213-thread-1] INFO  server.RaftServerConfigKeys (ConfUtils.java:logGet(44)) - raft.server.rpc.timeout.max = 5200ms (custom)
2022-05-15 13:40:27,424 [pool-213-thread-1] INFO  server.RaftServerConfigKeys (ConfUtils.java:logGet(44)) - raft.server.rpc.sleep.time = 25ms (default)
2022-05-15 13:40:27,424 [pool-213-thread-1] INFO  server.RaftServerConfigKeys (ConfUtils.java:logGet(44)) - raft.server.rpc.slowness.timeout = 300s (custom)
2022-05-15 13:40:27,424 [pool-213-thread-1] INFO  server.RaftServerConfigKeys (ConfUtils.java:logGet(44)) - raft.server.leaderelection.leader.step-down.wait-time = 10s (default)
2022-05-15 13:40:27,424 [pool-213-thread-1] INFO  server.RaftServerConfigKeys (ConfUtils.java:logGet(44)) - raft.server.sleep.deviation.threshold = 300ms (default)
2022-05-15 13:40:27,424 [pool-213-thread-1] INFO  server.RaftServerConfigKeys (ConfUtils.java:logGet(44)) - raft.server.log.appender.install.snapshot.enabled = false (custom)
2022-05-15 13:40:27,424 [pool-213-thread-1] INFO  server.RaftServer$Division (ServerState.java:<init>(105)) - eda58b43-d835-4a06-8ae1-b7a54d57ec10@group-18FD4C7A5263: ConfigurationManager, init=-1: [79ec004f-76c4-4937-a9ae-fe5f0a16577d|rpc:10.1.0.20:40141|dataStream:|priority:1, eda58b43-d835-4a06-8ae1-b7a54d57ec10|rpc:10.1.0.20:42159|dataStream:|priority:0, 202e9239-47c7-423a-9cd3-2de09b349c52|rpc:10.1.0.20:36687|dataStream:|priority:0], old=null, confs=<EMPTY_MAP>
2022-05-15 13:40:27,424 [pool-213-thread-1] INFO  server.RaftServerConfigKeys (ConfUtils.java:logGet(44)) - raft.server.storage.dir = [/home/runner/work/ozone/ozone/hadoop-ozone/integration-test/target/test-dir/MiniOzoneClusterImpl-e6988b2d-a82d-4438-baec-2e925de8cb09/datanode-1/data/ratis] (custom)
2022-05-15 13:40:27,424 [pool-213-thread-1] INFO  server.RaftServerConfigKeys (ConfUtils.java:logGet(44)) - raft.server.log.corruption.policy = EXCEPTION (default)
2022-05-15 13:40:27,424 [pool-213-thread-1] INFO  server.RaftServerConfigKeys (ConfUtils.java:logGet(44)) - raft.server.storage.free-space.min = 0MB (=0) (default)
2022-05-15 13:40:27,424 [pool-213-thread-1] INFO  storage.RaftStorageDirectory (RaftStorageDirectoryImpl.java:analyzeStorage(135)) - The storage directory /home/runner/work/ozone/ozone/hadoop-ozone/integration-test/target/test-dir/MiniOzoneClusterImpl-e6988b2d-a82d-4438-baec-2e925de8cb09/datanode-1/data/ratis/135be98c-0b36-48fb-a4ab-18fd4c7a5263 does not exist. Creating ...
2022-05-15 13:40:27,426 [pool-213-thread-1] INFO  storage.RaftStorageDirectory (RaftStorageDirectoryImpl.java:tryLock(230)) - Lock on /home/runner/work/ozone/ozone/hadoop-ozone/integration-test/target/test-dir/MiniOzoneClusterImpl-e6988b2d-a82d-4438-baec-2e925de8cb09/datanode-1/data/ratis/135be98c-0b36-48fb-a4ab-18fd4c7a5263/in_use.lock acquired by nodename 19587@fv-az40-973
2022-05-15 13:40:27,427 [pool-213-thread-1] INFO  storage.RaftStorage (RaftStorageImpl.java:format(89)) - Storage directory /home/runner/work/ozone/ozone/hadoop-ozone/integration-test/target/test-dir/MiniOzoneClusterImpl-e6988b2d-a82d-4438-baec-2e925de8cb09/datanode-1/data/ratis/135be98c-0b36-48fb-a4ab-18fd4c7a5263 has been successfully formatted.
2022-05-15 13:40:27,430 [pool-213-thread-1] INFO  ratis.ContainerStateMachine (ContainerStateMachine.java:loadSnapshot(236)) - group-18FD4C7A5263: The snapshot info is null. Setting the last applied indexto:(t:0, i:~)
2022-05-15 13:40:27,430 [pool-213-thread-1] INFO  server.RaftServerConfigKeys (ConfUtils.java:logGet(44)) - raft.server.notification.no-leader.timeout = 300s (custom)
2022-05-15 13:40:27,430 [pool-213-thread-1] INFO  server.RaftServerConfigKeys (ConfUtils.java:logGet(44)) - raft.server.log.use.memory = false (default)
2022-05-15 13:40:27,431 [pool-213-thread-1] INFO  server.RaftServerConfigKeys (ConfUtils.java:logGet(44)) - raft.server.log.purge.gap = 1000000 (custom)
2022-05-15 13:40:27,431 [pool-213-thread-1] INFO  server.RaftServerConfigKeys (ConfUtils.java:logGet(44)) - raft.server.log.appender.buffer.byte-limit = 33554432 (custom)
2022-05-15 13:40:27,431 [pool-213-thread-1] INFO  server.RaftServerConfigKeys (ConfUtils.java:logGet(44)) - raft.server.log.segment.size.max = 1048576 (custom)
2022-05-15 13:40:27,431 [pool-213-thread-1] INFO  server.RaftServerConfigKeys (ConfUtils.java:logGet(44)) - raft.server.log.segment.cache.num.max = 2 (custom)
2022-05-15 13:40:27,431 [pool-213-thread-1] INFO  server.RaftServerConfigKeys (ConfUtils.java:logGet(44)) - raft.server.log.segment.cache.size.max = 200MB (=209715200) (default)
2022-05-15 13:40:27,431 [pool-213-thread-1] INFO  segmented.SegmentedRaftLogWorker (SegmentedRaftLogWorker.java:<init>(182)) - new eda58b43-d835-4a06-8ae1-b7a54d57ec10@group-18FD4C7A5263-SegmentedRaftLogWorker for RaftStorageImpl:Storage Directory /home/runner/work/ozone/ozone/hadoop-ozone/integration-test/target/test-dir/MiniOzoneClusterImpl-e6988b2d-a82d-4438-baec-2e925de8cb09/datanode-1/data/ratis/135be98c-0b36-48fb-a4ab-18fd4c7a5263
2022-05-15 13:40:27,431 [pool-213-thread-1] INFO  server.RaftServerConfigKeys (ConfUtils.java:logGet(44)) - raft.server.log.queue.byte-limit = 4294967296 (custom)
2022-05-15 13:40:27,431 [pool-213-thread-1] INFO  server.RaftServerConfigKeys (ConfUtils.java:logGet(44)) - raft.server.log.queue.element-limit = 1024 (custom)
2022-05-15 13:40:27,431 [pool-213-thread-1] INFO  server.RaftServerConfigKeys (ConfUtils.java:logGet(44)) - raft.server.log.segment.size.max = 1048576 (custom)
2022-05-15 13:40:27,431 [pool-213-thread-1] INFO  server.RaftServerConfigKeys (ConfUtils.java:logGet(44)) - raft.server.log.preallocated.size = 16384 (custom)
2022-05-15 13:40:27,431 [pool-213-thread-1] INFO  server.RaftServerConfigKeys (ConfUtils.java:logGet(44)) - raft.server.log.force.sync.num = 128 (default)
2022-05-15 13:40:27,431 [pool-213-thread-1] INFO  server.RaftServerConfigKeys (ConfUtils.java:logGet(44)) - raft.server.log.statemachine.data.sync = true (default)
2022-05-15 13:40:27,432 [pool-213-thread-1] INFO  server.RaftServerConfigKeys (ConfUtils.java:logGet(44)) - raft.server.log.statemachine.data.sync.timeout = 10s (default)
2022-05-15 13:40:27,432 [pool-213-thread-1] INFO  server.RaftServerConfigKeys (ConfUtils.java:logGet(44)) - raft.server.log.statemachine.data.sync.timeout.retry = -1 (default)
2022-05-15 13:40:27,432 [pool-213-thread-1] INFO  server.RaftServerConfigKeys (ConfUtils.java:logGet(44)) - raft.server.log.write.buffer.size = 1048576 (custom)
2022-05-15 13:40:27,433 [pool-213-thread-1] INFO  server.RaftServerConfigKeys (ConfUtils.java:logGet(44)) - raft.server.log.statemachine.data.caching.enabled = true (custom)
2022-05-15 13:40:27,433 [pool-213-thread-1] INFO  segmented.SegmentedRaftLogWorker (SegmentedRaftLogWorker.java:lambda$new$0(133)) - eda58b43-d835-4a06-8ae1-b7a54d57ec10@group-18FD4C7A5263-SegmentedRaftLogWorker: flushIndex: setUnconditionally 0 -> -1
2022-05-15 13:40:27,433 [pool-213-thread-1] INFO  segmented.SegmentedRaftLogWorker (SegmentedRaftLogWorker.java:lambda$new$0(133)) - eda58b43-d835-4a06-8ae1-b7a54d57ec10@group-18FD4C7A5263-SegmentedRaftLogWorker: safeCacheEvictIndex: setUnconditionally 0 -> -1
2022-05-15 13:40:27,440 [pool-213-thread-1] INFO  server.RaftServerConfigKeys (ConfUtils.java:logGet(44)) - raft.server.snapshot.auto.trigger.enabled = true (custom)
2022-05-15 13:40:27,440 [pool-213-thread-1] INFO  server.RaftServerConfigKeys (ConfUtils.java:logGet(44)) - raft.server.snapshot.auto.trigger.threshold = 10000 (custom)
2022-05-15 13:40:27,440 [pool-213-thread-1] INFO  server.RaftServerConfigKeys (ConfUtils.java:logGet(44)) - raft.server.snapshot.retention.file.num = 5 (custom)
2022-05-15 13:40:27,441 [pool-213-thread-1] INFO  server.RaftServerConfigKeys (ConfUtils.java:logGet(44)) - raft.server.log.purge.upto.snapshot.index = false (default)
2022-05-15 13:40:27,441 [pool-213-thread-1] INFO  server.RaftServerConfigKeys (ConfUtils.java:logGet(44)) - raft.server.retrycache.expirytime = 600000ms (custom)
2022-05-15 13:40:27,441 [pool-213-thread-1] INFO  server.RaftServerConfigKeys (ConfUtils.java:logGet(44)) - raft.server.retrycache.statistics.expirytime = 100μs (default)
2022-05-15 13:40:27,442 [pool-213-thread-1] INFO  server.RaftServer$Division (RaftServerImpl.java:start(301)) - eda58b43-d835-4a06-8ae1-b7a54d57ec10@group-18FD4C7A5263: start as a follower, conf=-1: [79ec004f-76c4-4937-a9ae-fe5f0a16577d|rpc:10.1.0.20:40141|dataStream:|priority:1, eda58b43-d835-4a06-8ae1-b7a54d57ec10|rpc:10.1.0.20:42159|dataStream:|priority:0, 202e9239-47c7-423a-9cd3-2de09b349c52|rpc:10.1.0.20:36687|dataStream:|priority:0], old=null
2022-05-15 13:40:27,442 [pool-213-thread-1] INFO  server.RaftServer$Division (RaftServerImpl.java:setRole(290)) - eda58b43-d835-4a06-8ae1-b7a54d57ec10@group-18FD4C7A5263: changes role from      null to FOLLOWER at term 0 for startAsFollower
2022-05-15 13:40:27,442 [pool-213-thread-1] INFO  impl.RoleInfo (RoleInfo.java:updateAndGet(130)) - eda58b43-d835-4a06-8ae1-b7a54d57ec10: start eda58b43-d835-4a06-8ae1-b7a54d57ec10@group-18FD4C7A5263-FollowerState
2022-05-15 13:40:27,459 [pool-213-thread-1] INFO  util.JmxRegister (JmxRegister.java:tryRegister(44)) - Successfully registered JMX Bean with object name Ratis:service=RaftServer,group=group-18FD4C7A5263,id=eda58b43-d835-4a06-8ae1-b7a54d57ec10
2022-05-15 13:40:27,486 [Command processor thread] INFO  commandhandler.CreatePipelineCommandHandler (CreatePipelineCommandHandler.java:handle(113)) - Created Pipeline RATIS THREE PipelineID=135be98c-0b36-48fb-a4ab-18fd4c7a5263.
2022-05-15 13:40:27,671 [Command processor thread] INFO  server.RaftServer (RaftServerProxy.java:addNew(95)) - eda58b43-d835-4a06-8ae1-b7a54d57ec10: addNew group-0A937D6A44F0:[eda58b43-d835-4a06-8ae1-b7a54d57ec10|rpc:10.1.0.20:42159|priority:1] returns group-0A937D6A44F0:java.util.concurrent.CompletableFuture@45f9f41a[Not completed]
2022-05-15 13:40:27,672 [pool-213-thread-1] INFO  server.RaftServer$Division (RaftServerImpl.java:<init>(184)) - eda58b43-d835-4a06-8ae1-b7a54d57ec10: new RaftServerImpl for group-0A937D6A44F0:[eda58b43-d835-4a06-8ae1-b7a54d57ec10|rpc:10.1.0.20:42159|priority:1] with ContainerStateMachine:uninitialized
2022-05-15 13:40:27,672 [pool-213-thread-1] INFO  server.RaftServerConfigKeys (ConfUtils.java:logGet(44)) - raft.server.rpc.timeout.min = 5s (custom)
2022-05-15 13:40:27,672 [pool-213-thread-1] INFO  server.RaftServerConfigKeys (ConfUtils.java:logGet(44)) - raft.server.rpc.timeout.max = 5200ms (custom)
2022-05-15 13:40:27,672 [pool-213-thread-1] INFO  server.RaftServerConfigKeys (ConfUtils.java:logGet(44)) - raft.server.rpc.sleep.time = 25ms (default)
2022-05-15 13:40:27,672 [pool-213-thread-1] INFO  server.RaftServerConfigKeys (ConfUtils.java:logGet(44)) - raft.server.rpc.slowness.timeout = 300s (custom)
2022-05-15 13:40:27,672 [pool-213-thread-1] INFO  server.RaftServerConfigKeys (ConfUtils.java:logGet(44)) - raft.server.leaderelection.leader.step-down.wait-time = 10s (default)
2022-05-15 13:40:27,672 [pool-213-thread-1] INFO  server.RaftServerConfigKeys (ConfUtils.java:logGet(44)) - raft.server.sleep.deviation.threshold = 300ms (default)
2022-05-15 13:40:27,672 [pool-213-thread-1] INFO  server.RaftServerConfigKeys (ConfUtils.java:logGet(44)) - raft.server.log.appender.install.snapshot.enabled = false (custom)
2022-05-15 13:40:27,672 [pool-213-thread-1] INFO  server.RaftServer$Division (ServerState.java:<init>(105)) - eda58b43-d835-4a06-8ae1-b7a54d57ec10@group-0A937D6A44F0: ConfigurationManager, init=-1: [eda58b43-d835-4a06-8ae1-b7a54d57ec10|rpc:10.1.0.20:42159|priority:1], old=null, confs=<EMPTY_MAP>
2022-05-15 13:40:27,672 [pool-213-thread-1] INFO  server.RaftServerConfigKeys (ConfUtils.java:logGet(44)) - raft.server.storage.dir = [/home/runner/work/ozone/ozone/hadoop-ozone/integration-test/target/test-dir/MiniOzoneClusterImpl-e6988b2d-a82d-4438-baec-2e925de8cb09/datanode-1/data/ratis] (custom)
2022-05-15 13:40:27,673 [pool-213-thread-1] INFO  server.RaftServerConfigKeys (ConfUtils.java:logGet(44)) - raft.server.log.corruption.policy = EXCEPTION (default)
2022-05-15 13:40:27,673 [pool-213-thread-1] INFO  server.RaftServerConfigKeys (ConfUtils.java:logGet(44)) - raft.server.storage.free-space.min = 0MB (=0) (default)
2022-05-15 13:40:27,673 [pool-213-thread-1] INFO  storage.RaftStorageDirectory (RaftStorageDirectoryImpl.java:analyzeStorage(135)) - The storage directory /home/runner/work/ozone/ozone/hadoop-ozone/integration-test/target/test-dir/MiniOzoneClusterImpl-e6988b2d-a82d-4438-baec-2e925de8cb09/datanode-1/data/ratis/ce380e23-ab4a-4212-affc-0a937d6a44f0 does not exist. Creating ...
2022-05-15 13:40:27,674 [pool-213-thread-1] INFO  storage.RaftStorageDirectory (RaftStorageDirectoryImpl.java:tryLock(230)) - Lock on /home/runner/work/ozone/ozone/hadoop-ozone/integration-test/target/test-dir/MiniOzoneClusterImpl-e6988b2d-a82d-4438-baec-2e925de8cb09/datanode-1/data/ratis/ce380e23-ab4a-4212-affc-0a937d6a44f0/in_use.lock acquired by nodename 19587@fv-az40-973
2022-05-15 13:40:27,675 [pool-213-thread-1] INFO  storage.RaftStorage (RaftStorageImpl.java:format(89)) - Storage directory /home/runner/work/ozone/ozone/hadoop-ozone/integration-test/target/test-dir/MiniOzoneClusterImpl-e6988b2d-a82d-4438-baec-2e925de8cb09/datanode-1/data/ratis/ce380e23-ab4a-4212-affc-0a937d6a44f0 has been successfully formatted.
2022-05-15 13:40:27,675 [pool-213-thread-1] INFO  ratis.ContainerStateMachine (ContainerStateMachine.java:loadSnapshot(236)) - group-0A937D6A44F0: The snapshot info is null. Setting the last applied indexto:(t:0, i:~)
2022-05-15 13:40:27,676 [pool-213-thread-1] INFO  server.RaftServerConfigKeys (ConfUtils.java:logGet(44)) - raft.server.notification.no-leader.timeout = 300s (custom)
2022-05-15 13:40:27,676 [pool-213-thread-1] INFO  server.RaftServerConfigKeys (ConfUtils.java:logGet(44)) - raft.server.log.use.memory = false (default)
2022-05-15 13:40:27,676 [pool-213-thread-1] INFO  server.RaftServerConfigKeys (ConfUtils.java:logGet(44)) - raft.server.log.purge.gap = 1000000 (custom)
2022-05-15 13:40:27,676 [pool-213-thread-1] INFO  server.RaftServerConfigKeys (ConfUtils.java:logGet(44)) - raft.server.log.appender.buffer.byte-limit = 33554432 (custom)
2022-05-15 13:40:27,676 [pool-213-thread-1] INFO  server.RaftServerConfigKeys (ConfUtils.java:logGet(44)) - raft.server.log.segment.size.max = 1048576 (custom)
2022-05-15 13:40:27,676 [pool-213-thread-1] INFO  server.RaftServerConfigKeys (ConfUtils.java:logGet(44)) - raft.server.log.segment.cache.num.max = 2 (custom)
2022-05-15 13:40:27,676 [pool-213-thread-1] INFO  server.RaftServerConfigKeys (ConfUtils.java:logGet(44)) - raft.server.log.segment.cache.size.max = 200MB (=209715200) (default)
2022-05-15 13:40:27,676 [pool-213-thread-1] INFO  segmented.SegmentedRaftLogWorker (SegmentedRaftLogWorker.java:<init>(182)) - new eda58b43-d835-4a06-8ae1-b7a54d57ec10@group-0A937D6A44F0-SegmentedRaftLogWorker for RaftStorageImpl:Storage Directory /home/runner/work/ozone/ozone/hadoop-ozone/integration-test/target/test-dir/MiniOzoneClusterImpl-e6988b2d-a82d-4438-baec-2e925de8cb09/datanode-1/data/ratis/ce380e23-ab4a-4212-affc-0a937d6a44f0
2022-05-15 13:40:27,677 [pool-213-thread-1] INFO  server.RaftServerConfigKeys (ConfUtils.java:logGet(44)) - raft.server.log.queue.byte-limit = 4294967296 (custom)
2022-05-15 13:40:27,677 [pool-213-thread-1] INFO  server.RaftServerConfigKeys (ConfUtils.java:logGet(44)) - raft.server.log.queue.element-limit = 1024 (custom)
2022-05-15 13:40:27,677 [pool-213-thread-1] INFO  server.RaftServerConfigKeys (ConfUtils.java:logGet(44)) - raft.server.log.segment.size.max = 1048576 (custom)
2022-05-15 13:40:27,677 [pool-213-thread-1] INFO  server.RaftServerConfigKeys (ConfUtils.java:logGet(44)) - raft.server.log.preallocated.size = 16384 (custom)
2022-05-15 13:40:27,677 [pool-213-thread-1] INFO  server.RaftServerConfigKeys (ConfUtils.java:logGet(44)) - raft.server.log.force.sync.num = 128 (default)
2022-05-15 13:40:27,677 [pool-213-thread-1] INFO  server.RaftServerConfigKeys (ConfUtils.java:logGet(44)) - raft.server.log.statemachine.data.sync = true (default)
2022-05-15 13:40:27,677 [pool-213-thread-1] INFO  server.RaftServerConfigKeys (ConfUtils.java:logGet(44)) - raft.server.log.statemachine.data.sync.timeout = 10s (default)
2022-05-15 13:40:27,677 [pool-213-thread-1] INFO  server.RaftServerConfigKeys (ConfUtils.java:logGet(44)) - raft.server.log.statemachine.data.sync.timeout.retry = -1 (default)
2022-05-15 13:40:27,678 [pool-213-thread-1] INFO  server.RaftServerConfigKeys (ConfUtils.java:logGet(44)) - raft.server.log.write.buffer.size = 1048576 (custom)
2022-05-15 13:40:27,678 [EventQueue-PipelineReportForPipelineReportHandler] INFO  pipeline.PipelineManagerImpl (PipelineManagerImpl.java:openPipeline(336)) - Pipeline Pipeline[ Id: ce380e23-ab4a-4212-affc-0a937d6a44f0, Nodes: eda58b43-d835-4a06-8ae1-b7a54d57ec10{ip: 10.1.0.20, host: fv-az40-973.r1qzdtoifymehf5jtx2d0vwyfg.bx.internal.cloudapp.net, ports: [REPLICATION=40037, RATIS=42159, RATIS_ADMIN=42159, RATIS_SERVER=42159, STANDALONE=46199], networkLocation: /default-rack, certSerialId: null, persistedOpState: IN_SERVICE, persistedOpStateExpiryEpochSec: 0}, ReplicationConfig: RATIS/ONE, State:ALLOCATED, leaderId:eda58b43-d835-4a06-8ae1-b7a54d57ec10, CreationTimestamp2022-05-15T13:40:24.683Z[Etc/UTC]] moved to OPEN state
2022-05-15 13:40:27,678 [EventQueue-OpenPipelineForHealthyPipelineSafeModeRule] INFO  safemode.SCMSafeModeManager (HealthyPipelineSafeModeRule.java:process(124)) - SCM in safe mode. Healthy pipelines reported count is 0, required healthy pipeline reported count is 1
2022-05-15 13:40:27,678 [pool-213-thread-1] INFO  server.RaftServerConfigKeys (ConfUtils.java:logGet(44)) - raft.server.log.statemachine.data.caching.enabled = true (custom)
2022-05-15 13:40:27,686 [pool-213-thread-1] INFO  segmented.SegmentedRaftLogWorker (SegmentedRaftLogWorker.java:lambda$new$0(133)) - eda58b43-d835-4a06-8ae1-b7a54d57ec10@group-0A937D6A44F0-SegmentedRaftLogWorker: flushIndex: setUnconditionally 0 -> -1
2022-05-15 13:40:27,686 [pool-213-thread-1] INFO  segmented.SegmentedRaftLogWorker (SegmentedRaftLogWorker.java:lambda$new$0(133)) - eda58b43-d835-4a06-8ae1-b7a54d57ec10@group-0A937D6A44F0-SegmentedRaftLogWorker: safeCacheEvictIndex: setUnconditionally 0 -> -1
2022-05-15 13:40:27,698 [pool-213-thread-1] INFO  server.RaftServerConfigKeys (ConfUtils.java:logGet(44)) - raft.server.snapshot.auto.trigger.enabled = true (custom)
2022-05-15 13:40:27,698 [pool-213-thread-1] INFO  server.RaftServerConfigKeys (ConfUtils.java:logGet(44)) - raft.server.snapshot.auto.trigger.threshold = 10000 (custom)
2022-05-15 13:40:27,698 [pool-213-thread-1] INFO  server.RaftServerConfigKeys (ConfUtils.java:logGet(44)) - raft.server.snapshot.retention.file.num = 5 (custom)
2022-05-15 13:40:27,698 [pool-213-thread-1] INFO  server.RaftServerConfigKeys (ConfUtils.java:logGet(44)) - raft.server.log.purge.upto.snapshot.index = false (default)
2022-05-15 13:40:27,699 [pool-213-thread-1] INFO  server.RaftServerConfigKeys (ConfUtils.java:logGet(44)) - raft.server.retrycache.expirytime = 600000ms (custom)
2022-05-15 13:40:27,699 [pool-213-thread-1] INFO  server.RaftServerConfigKeys (ConfUtils.java:logGet(44)) - raft.server.retrycache.statistics.expirytime = 100μs (default)
2022-05-15 13:40:27,700 [pool-213-thread-1] INFO  server.RaftServer$Division (RaftServerImpl.java:start(301)) - eda58b43-d835-4a06-8ae1-b7a54d57ec10@group-0A937D6A44F0: start as a follower, conf=-1: [eda58b43-d835-4a06-8ae1-b7a54d57ec10|rpc:10.1.0.20:42159|priority:1], old=null
2022-05-15 13:40:27,700 [pool-213-thread-1] INFO  server.RaftServer$Division (RaftServerImpl.java:setRole(290)) - eda58b43-d835-4a06-8ae1-b7a54d57ec10@group-0A937D6A44F0: changes role from      null to FOLLOWER at term 0 for startAsFollower
2022-05-15 13:40:27,700 [pool-213-thread-1] INFO  impl.RoleInfo (RoleInfo.java:updateAndGet(130)) - eda58b43-d835-4a06-8ae1-b7a54d57ec10: start eda58b43-d835-4a06-8ae1-b7a54d57ec10@group-0A937D6A44F0-FollowerState
2022-05-15 13:40:27,700 [pool-213-thread-1] INFO  util.JmxRegister (JmxRegister.java:tryRegister(44)) - Successfully registered JMX Bean with object name Ratis:service=RaftServer,group=group-0A937D6A44F0,id=eda58b43-d835-4a06-8ae1-b7a54d57ec10
2022-05-15 13:40:27,701 [Command processor thread] INFO  ratis.XceiverServerRatis (XceiverServerRatis.java:addGroup(765)) - Created group PipelineID=ce380e23-ab4a-4212-affc-0a937d6a44f0
2022-05-15 13:40:27,701 [Command processor thread] INFO  commandhandler.CreatePipelineCommandHandler (CreatePipelineCommandHandler.java:handle(113)) - Created Pipeline RATIS ONE PipelineID=ce380e23-ab4a-4212-affc-0a937d6a44f0.
2022-05-15 13:40:28,188 [Listener at 127.0.0.1/44033] INFO  ozone.MiniOzoneClusterImpl (MiniOzoneClusterImpl.java:lambda$waitForClusterToBeReady$0(221)) - Nodes are ready. Got 3 of 3 DN Heartbeats.
2022-05-15 13:40:28,188 [Listener at 127.0.0.1/44033] INFO  ozone.MiniOzoneClusterImpl (MiniOzoneClusterImpl.java:lambda$waitForClusterToBeReady$0(224)) - Waiting for cluster to exit safe mode
2022-05-15 13:40:28,188 [Listener at 127.0.0.1/44033] INFO  ozone.MiniOzoneClusterImpl (MiniOzoneClusterImpl.java:lambda$waitForClusterToBeReady$0(226)) - SCM became leader
2022-05-15 13:40:28,242 [Command processor thread] INFO  server.RaftServer (RaftServerProxy.java:addNew(95)) - 79ec004f-76c4-4937-a9ae-fe5f0a16577d: addNew group-4A826171C8F8:[79ec004f-76c4-4937-a9ae-fe5f0a16577d|rpc:10.1.0.20:40141|priority:1] returns group-4A826171C8F8:java.util.concurrent.CompletableFuture@602a0122[Not completed]
2022-05-15 13:40:28,243 [pool-234-thread-1] INFO  server.RaftServer$Division (RaftServerImpl.java:<init>(184)) - 79ec004f-76c4-4937-a9ae-fe5f0a16577d: new RaftServerImpl for group-4A826171C8F8:[79ec004f-76c4-4937-a9ae-fe5f0a16577d|rpc:10.1.0.20:40141|priority:1] with ContainerStateMachine:uninitialized
2022-05-15 13:40:28,243 [pool-234-thread-1] INFO  server.RaftServerConfigKeys (ConfUtils.java:logGet(44)) - raft.server.rpc.timeout.min = 5s (custom)
2022-05-15 13:40:28,243 [pool-234-thread-1] INFO  server.RaftServerConfigKeys (ConfUtils.java:logGet(44)) - raft.server.rpc.timeout.max = 5200ms (custom)
2022-05-15 13:40:28,243 [pool-234-thread-1] INFO  server.RaftServerConfigKeys (ConfUtils.java:logGet(44)) - raft.server.rpc.sleep.time = 25ms (default)
2022-05-15 13:40:28,243 [pool-234-thread-1] INFO  server.RaftServerConfigKeys (ConfUtils.java:logGet(44)) - raft.server.rpc.slowness.timeout = 300s (custom)
2022-05-15 13:40:28,243 [pool-234-thread-1] INFO  server.RaftServerConfigKeys (ConfUtils.java:logGet(44)) - raft.server.leaderelection.leader.step-down.wait-time = 10s (default)
2022-05-15 13:40:28,243 [pool-234-thread-1] INFO  server.RaftServerConfigKeys (ConfUtils.java:logGet(44)) - raft.server.sleep.deviation.threshold = 300ms (default)
2022-05-15 13:40:28,243 [pool-234-thread-1] INFO  server.RaftServerConfigKeys (ConfUtils.java:logGet(44)) - raft.server.log.appender.install.snapshot.enabled = false (custom)
2022-05-15 13:40:28,243 [pool-234-thread-1] INFO  server.RaftServer$Division (ServerState.java:<init>(105)) - 79ec004f-76c4-4937-a9ae-fe5f0a16577d@group-4A826171C8F8: ConfigurationManager, init=-1: [79ec004f-76c4-4937-a9ae-fe5f0a16577d|rpc:10.1.0.20:40141|priority:1], old=null, confs=<EMPTY_MAP>
2022-05-15 13:40:28,243 [pool-234-thread-1] INFO  server.RaftServerConfigKeys (ConfUtils.java:logGet(44)) - raft.server.storage.dir = [/home/runner/work/ozone/ozone/hadoop-ozone/integration-test/target/test-dir/MiniOzoneClusterImpl-e6988b2d-a82d-4438-baec-2e925de8cb09/datanode-2/data/ratis] (custom)
2022-05-15 13:40:28,243 [pool-234-thread-1] INFO  server.RaftServerConfigKeys (ConfUtils.java:logGet(44)) - raft.server.log.corruption.policy = EXCEPTION (default)
2022-05-15 13:40:28,243 [pool-234-thread-1] INFO  server.RaftServerConfigKeys (ConfUtils.java:logGet(44)) - raft.server.storage.free-space.min = 0MB (=0) (default)
2022-05-15 13:40:28,244 [pool-234-thread-1] INFO  storage.RaftStorageDirectory (RaftStorageDirectoryImpl.java:analyzeStorage(135)) - The storage directory /home/runner/work/ozone/ozone/hadoop-ozone/integration-test/target/test-dir/MiniOzoneClusterImpl-e6988b2d-a82d-4438-baec-2e925de8cb09/datanode-2/data/ratis/2b708ffe-1952-47fa-8db1-4a826171c8f8 does not exist. Creating ...
2022-05-15 13:40:28,245 [pool-234-thread-1] INFO  storage.RaftStorageDirectory (RaftStorageDirectoryImpl.java:tryLock(230)) - Lock on /home/runner/work/ozone/ozone/hadoop-ozone/integration-test/target/test-dir/MiniOzoneClusterImpl-e6988b2d-a82d-4438-baec-2e925de8cb09/datanode-2/data/ratis/2b708ffe-1952-47fa-8db1-4a826171c8f8/in_use.lock acquired by nodename 19587@fv-az40-973
2022-05-15 13:40:28,246 [pool-234-thread-1] INFO  storage.RaftStorage (RaftStorageImpl.java:format(89)) - Storage directory /home/runner/work/ozone/ozone/hadoop-ozone/integration-test/target/test-dir/MiniOzoneClusterImpl-e6988b2d-a82d-4438-baec-2e925de8cb09/datanode-2/data/ratis/2b708ffe-1952-47fa-8db1-4a826171c8f8 has been successfully formatted.
2022-05-15 13:40:28,247 [pool-234-thread-1] INFO  ratis.ContainerStateMachine (ContainerStateMachine.java:loadSnapshot(236)) - group-4A826171C8F8: The snapshot info is null. Setting the last applied indexto:(t:0, i:~)
2022-05-15 13:40:28,247 [pool-234-thread-1] INFO  server.RaftServerConfigKeys (ConfUtils.java:logGet(44)) - raft.server.notification.no-leader.timeout = 300s (custom)
2022-05-15 13:40:28,247 [pool-234-thread-1] INFO  server.RaftServerConfigKeys (ConfUtils.java:logGet(44)) - raft.server.log.use.memory = false (default)
2022-05-15 13:40:28,247 [pool-234-thread-1] INFO  server.RaftServerConfigKeys (ConfUtils.java:logGet(44)) - raft.server.log.purge.gap = 1000000 (custom)
2022-05-15 13:40:28,247 [pool-234-thread-1] INFO  server.RaftServerConfigKeys (ConfUtils.java:logGet(44)) - raft.server.log.appender.buffer.byte-limit = 33554432 (custom)
2022-05-15 13:40:28,247 [pool-234-thread-1] INFO  server.RaftServerConfigKeys (ConfUtils.java:logGet(44)) - raft.server.log.segment.size.max = 1048576 (custom)
2022-05-15 13:40:28,247 [pool-234-thread-1] INFO  server.RaftServerConfigKeys (ConfUtils.java:logGet(44)) - raft.server.log.segment.cache.num.max = 2 (custom)
2022-05-15 13:40:28,248 [pool-234-thread-1] INFO  server.RaftServerConfigKeys (ConfUtils.java:logGet(44)) - raft.server.log.segment.cache.size.max = 200MB (=209715200) (default)
2022-05-15 13:40:28,248 [pool-234-thread-1] INFO  segmented.SegmentedRaftLogWorker (SegmentedRaftLogWorker.java:<init>(182)) - new 79ec004f-76c4-4937-a9ae-fe5f0a16577d@group-4A826171C8F8-SegmentedRaftLogWorker for RaftStorageImpl:Storage Directory /home/runner/work/ozone/ozone/hadoop-ozone/integration-test/target/test-dir/MiniOzoneClusterImpl-e6988b2d-a82d-4438-baec-2e925de8cb09/datanode-2/data/ratis/2b708ffe-1952-47fa-8db1-4a826171c8f8
2022-05-15 13:40:28,248 [pool-234-thread-1] INFO  server.RaftServerConfigKeys (ConfUtils.java:logGet(44)) - raft.server.log.queue.byte-limit = 4294967296 (custom)
2022-05-15 13:40:28,248 [pool-234-thread-1] INFO  server.RaftServerConfigKeys (ConfUtils.java:logGet(44)) - raft.server.log.queue.element-limit = 1024 (custom)
2022-05-15 13:40:28,248 [pool-234-thread-1] INFO  server.RaftServerConfigKeys (ConfUtils.java:logGet(44)) - raft.server.log.segment.size.max = 1048576 (custom)
2022-05-15 13:40:28,250 [EventQueue-PipelineReportForPipelineReportHandler] INFO  pipeline.PipelineManagerImpl (PipelineManagerImpl.java:openPipeline(336)) - Pipeline Pipeline[ Id: 2b708ffe-1952-47fa-8db1-4a826171c8f8, Nodes: 79ec004f-76c4-4937-a9ae-fe5f0a16577d{ip: 10.1.0.20, host: fv-az40-973.r1qzdtoifymehf5jtx2d0vwyfg.bx.internal.cloudapp.net, ports: [REPLICATION=39845, RATIS=40141, RATIS_ADMIN=40141, RATIS_SERVER=40141, STANDALONE=44393], networkLocation: /default-rack, certSerialId: null, persistedOpState: IN_SERVICE, persistedOpStateExpiryEpochSec: 0}, ReplicationConfig: RATIS/ONE, State:ALLOCATED, leaderId:79ec004f-76c4-4937-a9ae-fe5f0a16577d, CreationTimestamp2022-05-15T13:40:25.245Z[Etc/UTC]] moved to OPEN state
2022-05-15 13:40:28,257 [EventQueue-OpenPipelineForHealthyPipelineSafeModeRule] INFO  safemode.SCMSafeModeManager (HealthyPipelineSafeModeRule.java:process(124)) - SCM in safe mode. Healthy pipelines reported count is 0, required healthy pipeline reported count is 1
2022-05-15 13:40:28,257 [pool-234-thread-1] INFO  server.RaftServerConfigKeys (ConfUtils.java:logGet(44)) - raft.server.log.preallocated.size = 16384 (custom)
2022-05-15 13:40:28,265 [pool-234-thread-1] INFO  server.RaftServerConfigKeys (ConfUtils.java:logGet(44)) - raft.server.log.force.sync.num = 128 (default)
2022-05-15 13:40:28,265 [pool-234-thread-1] INFO  server.RaftServerConfigKeys (ConfUtils.java:logGet(44)) - raft.server.log.statemachine.data.sync = true (default)
2022-05-15 13:40:28,265 [pool-234-thread-1] INFO  server.RaftServerConfigKeys (ConfUtils.java:logGet(44)) - raft.server.log.statemachine.data.sync.timeout = 10s (default)
2022-05-15 13:40:28,265 [pool-234-thread-1] INFO  server.RaftServerConfigKeys (ConfUtils.java:logGet(44)) - raft.server.log.statemachine.data.sync.timeout.retry = -1 (default)
2022-05-15 13:40:28,266 [pool-234-thread-1] INFO  server.RaftServerConfigKeys (ConfUtils.java:logGet(44)) - raft.server.log.write.buffer.size = 1048576 (custom)
2022-05-15 13:40:28,267 [pool-234-thread-1] INFO  server.RaftServerConfigKeys (ConfUtils.java:logGet(44)) - raft.server.log.statemachine.data.caching.enabled = true (custom)
2022-05-15 13:40:28,267 [pool-234-thread-1] INFO  segmented.SegmentedRaftLogWorker (SegmentedRaftLogWorker.java:lambda$new$0(133)) - 79ec004f-76c4-4937-a9ae-fe5f0a16577d@group-4A826171C8F8-SegmentedRaftLogWorker: flushIndex: setUnconditionally 0 -> -1
2022-05-15 13:40:28,267 [pool-234-thread-1] INFO  segmented.SegmentedRaftLogWorker (SegmentedRaftLogWorker.java:lambda$new$0(133)) - 79ec004f-76c4-4937-a9ae-fe5f0a16577d@group-4A826171C8F8-SegmentedRaftLogWorker: safeCacheEvictIndex: setUnconditionally 0 -> -1
2022-05-15 13:40:28,274 [pool-234-thread-1] INFO  server.RaftServerConfigKeys (ConfUtils.java:logGet(44)) - raft.server.snapshot.auto.trigger.enabled = true (custom)
2022-05-15 13:40:28,274 [pool-234-thread-1] INFO  server.RaftServerConfigKeys (ConfUtils.java:logGet(44)) - raft.server.snapshot.auto.trigger.threshold = 10000 (custom)
2022-05-15 13:40:28,274 [pool-234-thread-1] INFO  server.RaftServerConfigKeys (ConfUtils.java:logGet(44)) - raft.server.snapshot.retention.file.num = 5 (custom)
2022-05-15 13:40:28,274 [pool-234-thread-1] INFO  server.RaftServerConfigKeys (ConfUtils.java:logGet(44)) - raft.server.log.purge.upto.snapshot.index = false (default)
2022-05-15 13:40:28,275 [pool-234-thread-1] INFO  server.RaftServerConfigKeys (ConfUtils.java:logGet(44)) - raft.server.retrycache.expirytime = 600000ms (custom)
2022-05-15 13:40:28,275 [pool-234-thread-1] INFO  server.RaftServerConfigKeys (ConfUtils.java:logGet(44)) - raft.server.retrycache.statistics.expirytime = 100μs (default)
2022-05-15 13:40:28,276 [pool-234-thread-1] INFO  server.RaftServer$Division (RaftServerImpl.java:start(301)) - 79ec004f-76c4-4937-a9ae-fe5f0a16577d@group-4A826171C8F8: start as a follower, conf=-1: [79ec004f-76c4-4937-a9ae-fe5f0a16577d|rpc:10.1.0.20:40141|priority:1], old=null
2022-05-15 13:40:28,276 [pool-234-thread-1] INFO  server.RaftServer$Division (RaftServerImpl.java:setRole(290)) - 79ec004f-76c4-4937-a9ae-fe5f0a16577d@group-4A826171C8F8: changes role from      null to FOLLOWER at term 0 for startAsFollower
2022-05-15 13:40:28,276 [pool-234-thread-1] INFO  impl.RoleInfo (RoleInfo.java:updateAndGet(130)) - 79ec004f-76c4-4937-a9ae-fe5f0a16577d: start 79ec004f-76c4-4937-a9ae-fe5f0a16577d@group-4A826171C8F8-FollowerState
2022-05-15 13:40:28,281 [pool-234-thread-1] INFO  util.JmxRegister (JmxRegister.java:tryRegister(44)) - Successfully registered JMX Bean with object name Ratis:service=RaftServer,group=group-4A826171C8F8,id=79ec004f-76c4-4937-a9ae-fe5f0a16577d
2022-05-15 13:40:28,286 [Command processor thread] INFO  ratis.XceiverServerRatis (XceiverServerRatis.java:addGroup(765)) - Created group PipelineID=2b708ffe-1952-47fa-8db1-4a826171c8f8
2022-05-15 13:40:28,286 [Command processor thread] INFO  commandhandler.CreatePipelineCommandHandler (CreatePipelineCommandHandler.java:handle(113)) - Created Pipeline RATIS ONE PipelineID=2b708ffe-1952-47fa-8db1-4a826171c8f8.
2022-05-15 13:40:29,188 [Listener at 127.0.0.1/44033] INFO  ozone.MiniOzoneClusterImpl (MiniOzoneClusterImpl.java:lambda$waitForClusterToBeReady$0(221)) - Nodes are ready. Got 3 of 3 DN Heartbeats.
2022-05-15 13:40:29,189 [Listener at 127.0.0.1/44033] INFO  ozone.MiniOzoneClusterImpl (MiniOzoneClusterImpl.java:lambda$waitForClusterToBeReady$0(224)) - Waiting for cluster to exit safe mode
2022-05-15 13:40:29,189 [Listener at 127.0.0.1/44033] INFO  ozone.MiniOzoneClusterImpl (MiniOzoneClusterImpl.java:lambda$waitForClusterToBeReady$0(226)) - SCM became leader
2022-05-15 13:40:30,189 [Listener at 127.0.0.1/44033] INFO  ozone.MiniOzoneClusterImpl (MiniOzoneClusterImpl.java:lambda$waitForClusterToBeReady$0(221)) - Nodes are ready. Got 3 of 3 DN Heartbeats.
2022-05-15 13:40:30,189 [Listener at 127.0.0.1/44033] INFO  ozone.MiniOzoneClusterImpl (MiniOzoneClusterImpl.java:lambda$waitForClusterToBeReady$0(224)) - Waiting for cluster to exit safe mode
2022-05-15 13:40:30,189 [Listener at 127.0.0.1/44033] INFO  ozone.MiniOzoneClusterImpl (MiniOzoneClusterImpl.java:lambda$waitForClusterToBeReady$0(226)) - SCM became leader
2022-05-15 13:40:31,190 [Listener at 127.0.0.1/44033] INFO  ozone.MiniOzoneClusterImpl (MiniOzoneClusterImpl.java:lambda$waitForClusterToBeReady$0(221)) - Nodes are ready. Got 3 of 3 DN Heartbeats.
2022-05-15 13:40:31,190 [Listener at 127.0.0.1/44033] INFO  ozone.MiniOzoneClusterImpl (MiniOzoneClusterImpl.java:lambda$waitForClusterToBeReady$0(224)) - Waiting for cluster to exit safe mode
2022-05-15 13:40:31,190 [Listener at 127.0.0.1/44033] INFO  ozone.MiniOzoneClusterImpl (MiniOzoneClusterImpl.java:lambda$waitForClusterToBeReady$0(226)) - SCM became leader
2022-05-15 13:40:32,107 [202e9239-47c7-423a-9cd3-2de09b349c52@group-0E406023599C-FollowerState] INFO  impl.FollowerState (FollowerState.java:run(134)) - 202e9239-47c7-423a-9cd3-2de09b349c52@group-0E406023599C-FollowerState: change to CANDIDATE, lastRpcElapsedTime:5050500171ns, electionTimeout:5025ms
2022-05-15 13:40:32,107 [202e9239-47c7-423a-9cd3-2de09b349c52@group-0E406023599C-FollowerState] INFO  impl.RoleInfo (RoleInfo.java:shutdownFollowerState(108)) - 202e9239-47c7-423a-9cd3-2de09b349c52: shutdown 202e9239-47c7-423a-9cd3-2de09b349c52@group-0E406023599C-FollowerState
2022-05-15 13:40:32,107 [202e9239-47c7-423a-9cd3-2de09b349c52@group-0E406023599C-FollowerState] INFO  server.RaftServer$Division (RaftServerImpl.java:setRole(290)) - 202e9239-47c7-423a-9cd3-2de09b349c52@group-0E406023599C: changes role from  FOLLOWER to CANDIDATE at term 0 for changeToCandidate
2022-05-15 13:40:32,108 [202e9239-47c7-423a-9cd3-2de09b349c52@group-0E406023599C-FollowerState] INFO  server.RaftServerConfigKeys (ConfUtils.java:logGet(44)) - raft.server.leaderelection.pre-vote = false (custom)
2022-05-15 13:40:32,109 [202e9239-47c7-423a-9cd3-2de09b349c52@group-0E406023599C-FollowerState] INFO  impl.RoleInfo (RoleInfo.java:updateAndGet(130)) - 202e9239-47c7-423a-9cd3-2de09b349c52: start 202e9239-47c7-423a-9cd3-2de09b349c52@group-0E406023599C-LeaderElection11
2022-05-15 13:40:32,124 [202e9239-47c7-423a-9cd3-2de09b349c52@group-0E406023599C-LeaderElection11] INFO  impl.LeaderElection (LeaderElection.java:askForVotes(306)) - 202e9239-47c7-423a-9cd3-2de09b349c52@group-0E406023599C-LeaderElection11 ELECTION round 0: submit vote requests at term 1 for -1: [202e9239-47c7-423a-9cd3-2de09b349c52|rpc:10.1.0.20:36687|priority:1], old=null
2022-05-15 13:40:32,124 [202e9239-47c7-423a-9cd3-2de09b349c52@group-0E406023599C-LeaderElection11] INFO  impl.LeaderElection (LeaderElection.java:askForVotes(308)) - 202e9239-47c7-423a-9cd3-2de09b349c52@group-0E406023599C-LeaderElection11 ELECTION round 0: result PASSED (term=1)
2022-05-15 13:40:32,124 [202e9239-47c7-423a-9cd3-2de09b349c52@group-0E406023599C-LeaderElection11] INFO  impl.RoleInfo (RoleInfo.java:shutdownLeaderElection(121)) - 202e9239-47c7-423a-9cd3-2de09b349c52: shutdown 202e9239-47c7-423a-9cd3-2de09b349c52@group-0E406023599C-LeaderElection11
2022-05-15 13:40:32,125 [202e9239-47c7-423a-9cd3-2de09b349c52@group-0E406023599C-LeaderElection11] INFO  server.RaftServer$Division (RaftServerImpl.java:setRole(290)) - 202e9239-47c7-423a-9cd3-2de09b349c52@group-0E406023599C: changes role from CANDIDATE to LEADER at term 1 for changeToLeader
2022-05-15 13:40:32,125 [202e9239-47c7-423a-9cd3-2de09b349c52@group-0E406023599C-LeaderElection11] INFO  ratis.XceiverServerRatis (XceiverServerRatis.java:handleLeaderChangedNotification(863)) - Leader change notification received for group: group-0E406023599C with new leaderId: 202e9239-47c7-423a-9cd3-2de09b349c52
2022-05-15 13:40:32,125 [202e9239-47c7-423a-9cd3-2de09b349c52@group-0E406023599C-LeaderElection11] INFO  server.RaftServer$Division (ServerState.java:setLeader(285)) - 202e9239-47c7-423a-9cd3-2de09b349c52@group-0E406023599C: change Leader from null to 202e9239-47c7-423a-9cd3-2de09b349c52 at term 1 for becomeLeader, leader elected after 5090ms
2022-05-15 13:40:32,125 [202e9239-47c7-423a-9cd3-2de09b349c52@group-0E406023599C-LeaderElection11] INFO  server.RaftServerConfigKeys (ConfUtils.java:logGet(44)) - raft.server.staging.catchup.gap = 1000 (default)
2022-05-15 13:40:32,125 [202e9239-47c7-423a-9cd3-2de09b349c52@group-0E406023599C-LeaderElection11] INFO  server.RaftServerConfigKeys (ConfUtils.java:logGet(44)) - raft.server.write.element-limit = 1024 (custom)
2022-05-15 13:40:32,125 [202e9239-47c7-423a-9cd3-2de09b349c52@group-0E406023599C-LeaderElection11] INFO  server.RaftServerConfigKeys (ConfUtils.java:logGet(44)) - raft.server.write.byte-limit = 1024 M (=1073741824) (custom)
2022-05-15 13:40:32,125 [202e9239-47c7-423a-9cd3-2de09b349c52@group-0E406023599C-LeaderElection11] INFO  server.RaftServerConfigKeys (ConfUtils.java:logGet(44)) - raft.server.watch.timeout = 180s (custom)
2022-05-15 13:40:32,125 [202e9239-47c7-423a-9cd3-2de09b349c52@group-0E406023599C-LeaderElection11] INFO  server.RaftServerConfigKeys (ConfUtils.java:logGet(44)) - raft.server.watch.timeout.denomination = 1s (default)
2022-05-15 13:40:32,125 [202e9239-47c7-423a-9cd3-2de09b349c52@group-0E406023599C-LeaderElection11] INFO  server.RaftServerConfigKeys (ConfUtils.java:logGet(44)) - raft.server.watch.element-limit = 65536 (default)
2022-05-15 13:40:32,126 [202e9239-47c7-423a-9cd3-2de09b349c52@group-0E406023599C-LeaderElection11] INFO  server.RaftServerConfigKeys (ConfUtils.java:logGet(44)) - raft.server.write.element-limit = 1024 (custom)
2022-05-15 13:40:32,126 [202e9239-47c7-423a-9cd3-2de09b349c52@group-0E406023599C-LeaderElection11] INFO  server.RaftServerConfigKeys (ConfUtils.java:logGet(44)) - raft.server.write.follower.gap.ratio.max = -1.0 (default)
2022-05-15 13:40:32,126 [202e9239-47c7-423a-9cd3-2de09b349c52@group-0E406023599C-LeaderElection11] INFO  impl.RoleInfo (RoleInfo.java:updateAndGet(130)) - 202e9239-47c7-423a-9cd3-2de09b349c52: start 202e9239-47c7-423a-9cd3-2de09b349c52@group-0E406023599C-LeaderStateImpl
2022-05-15 13:40:32,126 [202e9239-47c7-423a-9cd3-2de09b349c52@group-0E406023599C-LeaderElection11] INFO  segmented.SegmentedRaftLogWorker (SegmentedRaftLogWorker.java:startLogSegment(394)) - 202e9239-47c7-423a-9cd3-2de09b349c52@group-0E406023599C-SegmentedRaftLogWorker: Starting segment from index:0
2022-05-15 13:40:32,129 [202e9239-47c7-423a-9cd3-2de09b349c52@group-0E406023599C-SegmentedRaftLogWorker] INFO  segmented.SegmentedRaftLogWorker (SegmentedRaftLogWorker.java:execute(601)) - 202e9239-47c7-423a-9cd3-2de09b349c52@group-0E406023599C-SegmentedRaftLogWorker: created new log segment /home/runner/work/ozone/ozone/hadoop-ozone/integration-test/target/test-dir/MiniOzoneClusterImpl-e6988b2d-a82d-4438-baec-2e925de8cb09/datanode-0/data/ratis/f8953f7a-435f-4d22-a768-0e406023599c/current/log_inprogress_0
2022-05-15 13:40:32,129 [EventQueue-OpenPipelineForHealthyPipelineSafeModeRule] INFO  safemode.SCMSafeModeManager (HealthyPipelineSafeModeRule.java:process(124)) - SCM in safe mode. Healthy pipelines reported count is 0, required healthy pipeline reported count is 1
2022-05-15 13:40:32,139 [202e9239-47c7-423a-9cd3-2de09b349c52@group-0E406023599C-LeaderElection11] INFO  server.RaftServer$Division (ServerState.java:setRaftConf(387)) - 202e9239-47c7-423a-9cd3-2de09b349c52@group-0E406023599C: set configuration 0: [202e9239-47c7-423a-9cd3-2de09b349c52|rpc:10.1.0.20:36687|dataStream:|priority:1], old=null
2022-05-15 13:40:32,190 [Listener at 127.0.0.1/44033] INFO  ozone.MiniOzoneClusterImpl (MiniOzoneClusterImpl.java:lambda$waitForClusterToBeReady$0(221)) - Nodes are ready. Got 3 of 3 DN Heartbeats.
2022-05-15 13:40:32,190 [Listener at 127.0.0.1/44033] INFO  ozone.MiniOzoneClusterImpl (MiniOzoneClusterImpl.java:lambda$waitForClusterToBeReady$0(224)) - Waiting for cluster to exit safe mode
2022-05-15 13:40:32,191 [Listener at 127.0.0.1/44033] INFO  ozone.MiniOzoneClusterImpl (MiniOzoneClusterImpl.java:lambda$waitForClusterToBeReady$0(226)) - SCM became leader
2022-05-15 13:40:32,194 [202e9239-47c7-423a-9cd3-2de09b349c52@group-DA51D1B1407C-FollowerState] INFO  impl.FollowerState (FollowerState.java:run(134)) - 202e9239-47c7-423a-9cd3-2de09b349c52@group-DA51D1B1407C-FollowerState: change to CANDIDATE, lastRpcElapsedTime:5084433316ns, electionTimeout:5077ms
2022-05-15 13:40:32,194 [202e9239-47c7-423a-9cd3-2de09b349c52@group-DA51D1B1407C-FollowerState] INFO  impl.RoleInfo (RoleInfo.java:shutdownFollowerState(108)) - 202e9239-47c7-423a-9cd3-2de09b349c52: shutdown 202e9239-47c7-423a-9cd3-2de09b349c52@group-DA51D1B1407C-FollowerState
2022-05-15 13:40:32,194 [202e9239-47c7-423a-9cd3-2de09b349c52@group-DA51D1B1407C-FollowerState] INFO  server.RaftServer$Division (RaftServerImpl.java:setRole(290)) - 202e9239-47c7-423a-9cd3-2de09b349c52@group-DA51D1B1407C: changes role from  FOLLOWER to CANDIDATE at term 0 for changeToCandidate
2022-05-15 13:40:32,194 [202e9239-47c7-423a-9cd3-2de09b349c52@group-DA51D1B1407C-FollowerState] INFO  server.RaftServerConfigKeys (ConfUtils.java:logGet(44)) - raft.server.leaderelection.pre-vote = false (custom)
2022-05-15 13:40:32,194 [202e9239-47c7-423a-9cd3-2de09b349c52@group-DA51D1B1407C-FollowerState] INFO  impl.RoleInfo (RoleInfo.java:updateAndGet(130)) - 202e9239-47c7-423a-9cd3-2de09b349c52: start 202e9239-47c7-423a-9cd3-2de09b349c52@group-DA51D1B1407C-LeaderElection12
2022-05-15 13:40:32,217 [202e9239-47c7-423a-9cd3-2de09b349c52@group-DA51D1B1407C-LeaderElection12] INFO  impl.LeaderElection (LeaderElection.java:askForVotes(306)) - 202e9239-47c7-423a-9cd3-2de09b349c52@group-DA51D1B1407C-LeaderElection12 ELECTION round 0: submit vote requests at term 1 for -1: [79ec004f-76c4-4937-a9ae-fe5f0a16577d|rpc:10.1.0.20:40141|priority:0, eda58b43-d835-4a06-8ae1-b7a54d57ec10|rpc:10.1.0.20:42159|priority:1, 202e9239-47c7-423a-9cd3-2de09b349c52|rpc:10.1.0.20:36687|priority:0], old=null
2022-05-15 13:40:32,252 [grpc-default-executor-0] INFO  server.RaftServer$Division (RaftServerImpl.java:requestVote(1046)) - eda58b43-d835-4a06-8ae1-b7a54d57ec10@group-DA51D1B1407C: receive requestVote(ELECTION, 202e9239-47c7-423a-9cd3-2de09b349c52, group-DA51D1B1407C, 1, (t:0, i:0))
2022-05-15 13:40:32,252 [grpc-default-executor-0] INFO  impl.VoteContext (VoteContext.java:log(48)) - eda58b43-d835-4a06-8ae1-b7a54d57ec10@group-DA51D1B1407C-FOLLOWER: reject ELECTION from 202e9239-47c7-423a-9cd3-2de09b349c52: our priority 1 > candidate's priority 0
2022-05-15 13:40:32,252 [grpc-default-executor-0] INFO  server.RaftServer$Division (RaftServerImpl.java:setRole(290)) - eda58b43-d835-4a06-8ae1-b7a54d57ec10@group-DA51D1B1407C: changes role from  FOLLOWER to FOLLOWER at term 1 for candidate:202e9239-47c7-423a-9cd3-2de09b349c52
2022-05-15 13:40:32,252 [grpc-default-executor-0] INFO  impl.RoleInfo (RoleInfo.java:shutdownFollowerState(108)) - eda58b43-d835-4a06-8ae1-b7a54d57ec10: shutdown eda58b43-d835-4a06-8ae1-b7a54d57ec10@group-DA51D1B1407C-FollowerState
2022-05-15 13:40:32,252 [grpc-default-executor-0] INFO  impl.RoleInfo (RoleInfo.java:updateAndGet(130)) - eda58b43-d835-4a06-8ae1-b7a54d57ec10: start eda58b43-d835-4a06-8ae1-b7a54d57ec10@group-DA51D1B1407C-FollowerState
2022-05-15 13:40:32,252 [eda58b43-d835-4a06-8ae1-b7a54d57ec10@group-DA51D1B1407C-FollowerState] INFO  impl.FollowerState (FollowerState.java:run(143)) - eda58b43-d835-4a06-8ae1-b7a54d57ec10@group-DA51D1B1407C-FollowerState was interrupted: {}
java.lang.InterruptedException: sleep interrupted
	at java.lang.Thread.sleep(Native Method)
	at java.lang.Thread.sleep(Thread.java:342)
	at java.util.concurrent.TimeUnit.sleep(TimeUnit.java:386)
	at org.apache.ratis.util.TimeDuration.sleep(TimeDuration.java:324)
	at org.apache.ratis.util.TimeDuration.sleep(TimeDuration.java:309)
	at org.apache.ratis.server.impl.FollowerState.run(FollowerState.java:118)
2022-05-15 13:40:32,252 [grpc-default-executor-1] INFO  server.RaftServer$Division (RaftServerImpl.java:requestVote(1046)) - 79ec004f-76c4-4937-a9ae-fe5f0a16577d@group-DA51D1B1407C: receive requestVote(ELECTION, 202e9239-47c7-423a-9cd3-2de09b349c52, group-DA51D1B1407C, 1, (t:0, i:0))
2022-05-15 13:40:32,252 [grpc-default-executor-1] INFO  impl.VoteContext (VoteContext.java:log(48)) - 79ec004f-76c4-4937-a9ae-fe5f0a16577d@group-DA51D1B1407C-FOLLOWER: accept ELECTION from 202e9239-47c7-423a-9cd3-2de09b349c52: our priority 0 <= candidate's priority 0
2022-05-15 13:40:32,252 [grpc-default-executor-1] INFO  server.RaftServer$Division (RaftServerImpl.java:setRole(290)) - 79ec004f-76c4-4937-a9ae-fe5f0a16577d@group-DA51D1B1407C: changes role from  FOLLOWER to FOLLOWER at term 1 for candidate:202e9239-47c7-423a-9cd3-2de09b349c52
2022-05-15 13:40:32,252 [grpc-default-executor-1] INFO  impl.RoleInfo (RoleInfo.java:shutdownFollowerState(108)) - 79ec004f-76c4-4937-a9ae-fe5f0a16577d: shutdown 79ec004f-76c4-4937-a9ae-fe5f0a16577d@group-DA51D1B1407C-FollowerState
2022-05-15 13:40:32,268 [79ec004f-76c4-4937-a9ae-fe5f0a16577d@group-DA51D1B1407C-FollowerState] INFO  impl.FollowerState (FollowerState.java:run(143)) - 79ec004f-76c4-4937-a9ae-fe5f0a16577d@group-DA51D1B1407C-FollowerState was interrupted: {}
java.lang.InterruptedException: sleep interrupted
	at java.lang.Thread.sleep(Native Method)
	at java.lang.Thread.sleep(Thread.java:342)
	at java.util.concurrent.TimeUnit.sleep(TimeUnit.java:386)
	at org.apache.ratis.util.TimeDuration.sleep(TimeDuration.java:324)
	at org.apache.ratis.util.TimeDuration.sleep(TimeDuration.java:309)
	at org.apache.ratis.server.impl.FollowerState.run(FollowerState.java:118)
2022-05-15 13:40:32,270 [grpc-default-executor-0] INFO  server.RaftServer$Division (RaftServerImpl.java:requestVote(1078)) - eda58b43-d835-4a06-8ae1-b7a54d57ec10@group-DA51D1B1407C replies to ELECTION vote request: 202e9239-47c7-423a-9cd3-2de09b349c52<-eda58b43-d835-4a06-8ae1-b7a54d57ec10#0:FAIL-t1. Peer's state: eda58b43-d835-4a06-8ae1-b7a54d57ec10@group-DA51D1B1407C:t1, leader=null, voted=null, raftlog=eda58b43-d835-4a06-8ae1-b7a54d57ec10@group-DA51D1B1407C-SegmentedRaftLog:OPENED:c-1, conf=-1: [79ec004f-76c4-4937-a9ae-fe5f0a16577d|rpc:10.1.0.20:40141|dataStream:|priority:0, eda58b43-d835-4a06-8ae1-b7a54d57ec10|rpc:10.1.0.20:42159|dataStream:|priority:1, 202e9239-47c7-423a-9cd3-2de09b349c52|rpc:10.1.0.20:36687|dataStream:|priority:0], old=null
2022-05-15 13:40:32,275 [202e9239-47c7-423a-9cd3-2de09b349c52@group-DA51D1B1407C-LeaderElection12] INFO  impl.LeaderElection (LeaderElection.java:logAndReturn(89)) - 202e9239-47c7-423a-9cd3-2de09b349c52@group-DA51D1B1407C-LeaderElection12: ELECTION REJECTED received 1 response(s) and 0 exception(s):
2022-05-15 13:40:32,275 [202e9239-47c7-423a-9cd3-2de09b349c52@group-DA51D1B1407C-LeaderElection12] INFO  impl.LeaderElection (LeaderElection.java:logAndReturn(93)) -   Response 0: 202e9239-47c7-423a-9cd3-2de09b349c52<-eda58b43-d835-4a06-8ae1-b7a54d57ec10#0:FAIL-t1
2022-05-15 13:40:32,275 [202e9239-47c7-423a-9cd3-2de09b349c52@group-DA51D1B1407C-LeaderElection12] INFO  impl.LeaderElection (LeaderElection.java:askForVotes(308)) - 202e9239-47c7-423a-9cd3-2de09b349c52@group-DA51D1B1407C-LeaderElection12 ELECTION round 0: result REJECTED
2022-05-15 13:40:32,275 [202e9239-47c7-423a-9cd3-2de09b349c52@group-DA51D1B1407C-LeaderElection12] INFO  server.RaftServer$Division (RaftServerImpl.java:setRole(290)) - 202e9239-47c7-423a-9cd3-2de09b349c52@group-DA51D1B1407C: changes role from CANDIDATE to FOLLOWER at term 1 for REJECTED
2022-05-15 13:40:32,275 [202e9239-47c7-423a-9cd3-2de09b349c52@group-DA51D1B1407C-LeaderElection12] INFO  impl.RoleInfo (RoleInfo.java:shutdownLeaderElection(121)) - 202e9239-47c7-423a-9cd3-2de09b349c52: shutdown 202e9239-47c7-423a-9cd3-2de09b349c52@group-DA51D1B1407C-LeaderElection12
2022-05-15 13:40:32,275 [202e9239-47c7-423a-9cd3-2de09b349c52@group-DA51D1B1407C-LeaderElection12] INFO  impl.RoleInfo (RoleInfo.java:updateAndGet(130)) - 202e9239-47c7-423a-9cd3-2de09b349c52: start 202e9239-47c7-423a-9cd3-2de09b349c52@group-DA51D1B1407C-FollowerState
2022-05-15 13:40:32,283 [grpc-default-executor-1] INFO  impl.RoleInfo (RoleInfo.java:updateAndGet(130)) - 79ec004f-76c4-4937-a9ae-fe5f0a16577d: start 79ec004f-76c4-4937-a9ae-fe5f0a16577d@group-DA51D1B1407C-FollowerState
2022-05-15 13:40:32,285 [grpc-default-executor-1] INFO  server.RaftServer$Division (RaftServerImpl.java:requestVote(1078)) - 79ec004f-76c4-4937-a9ae-fe5f0a16577d@group-DA51D1B1407C replies to ELECTION vote request: 202e9239-47c7-423a-9cd3-2de09b349c52<-79ec004f-76c4-4937-a9ae-fe5f0a16577d#0:OK-t1. Peer's state: 79ec004f-76c4-4937-a9ae-fe5f0a16577d@group-DA51D1B1407C:t1, leader=null, voted=202e9239-47c7-423a-9cd3-2de09b349c52, raftlog=79ec004f-76c4-4937-a9ae-fe5f0a16577d@group-DA51D1B1407C-SegmentedRaftLog:OPENED:c-1, conf=-1: [79ec004f-76c4-4937-a9ae-fe5f0a16577d|rpc:10.1.0.20:40141|dataStream:|priority:0, eda58b43-d835-4a06-8ae1-b7a54d57ec10|rpc:10.1.0.20:42159|dataStream:|priority:1, 202e9239-47c7-423a-9cd3-2de09b349c52|rpc:10.1.0.20:36687|dataStream:|priority:0], old=null
2022-05-15 13:40:32,426 [202e9239-47c7-423a-9cd3-2de09b349c52@group-18FD4C7A5263-FollowerState] INFO  impl.FollowerState (FollowerState.java:run(134)) - 202e9239-47c7-423a-9cd3-2de09b349c52@group-18FD4C7A5263-FollowerState: change to CANDIDATE, lastRpcElapsedTime:5097296582ns, electionTimeout:5086ms
2022-05-15 13:40:32,426 [202e9239-47c7-423a-9cd3-2de09b349c52@group-18FD4C7A5263-FollowerState] INFO  impl.RoleInfo (RoleInfo.java:shutdownFollowerState(108)) - 202e9239-47c7-423a-9cd3-2de09b349c52: shutdown 202e9239-47c7-423a-9cd3-2de09b349c52@group-18FD4C7A5263-FollowerState
2022-05-15 13:40:32,426 [202e9239-47c7-423a-9cd3-2de09b349c52@group-18FD4C7A5263-FollowerState] INFO  server.RaftServer$Division (RaftServerImpl.java:setRole(290)) - 202e9239-47c7-423a-9cd3-2de09b349c52@group-18FD4C7A5263: changes role from  FOLLOWER to CANDIDATE at term 0 for changeToCandidate
2022-05-15 13:40:32,426 [202e9239-47c7-423a-9cd3-2de09b349c52@group-18FD4C7A5263-FollowerState] INFO  server.RaftServerConfigKeys (ConfUtils.java:logGet(44)) - raft.server.leaderelection.pre-vote = false (custom)
2022-05-15 13:40:32,426 [202e9239-47c7-423a-9cd3-2de09b349c52@group-18FD4C7A5263-FollowerState] INFO  impl.RoleInfo (RoleInfo.java:updateAndGet(130)) - 202e9239-47c7-423a-9cd3-2de09b349c52: start 202e9239-47c7-423a-9cd3-2de09b349c52@group-18FD4C7A5263-LeaderElection13
2022-05-15 13:40:32,447 [202e9239-47c7-423a-9cd3-2de09b349c52@group-18FD4C7A5263-LeaderElection13] INFO  impl.LeaderElection (LeaderElection.java:askForVotes(306)) - 202e9239-47c7-423a-9cd3-2de09b349c52@group-18FD4C7A5263-LeaderElection13 ELECTION round 0: submit vote requests at term 1 for -1: [79ec004f-76c4-4937-a9ae-fe5f0a16577d|rpc:10.1.0.20:40141|priority:1, eda58b43-d835-4a06-8ae1-b7a54d57ec10|rpc:10.1.0.20:42159|priority:0, 202e9239-47c7-423a-9cd3-2de09b349c52|rpc:10.1.0.20:36687|priority:0], old=null
2022-05-15 13:40:32,469 [grpc-default-executor-1] INFO  server.RaftServer$Division (RaftServerImpl.java:requestVote(1046)) - 79ec004f-76c4-4937-a9ae-fe5f0a16577d@group-18FD4C7A5263: receive requestVote(ELECTION, 202e9239-47c7-423a-9cd3-2de09b349c52, group-18FD4C7A5263, 1, (t:0, i:0))
2022-05-15 13:40:32,470 [grpc-default-executor-1] INFO  impl.VoteContext (VoteContext.java:log(48)) - 79ec004f-76c4-4937-a9ae-fe5f0a16577d@group-18FD4C7A5263-FOLLOWER: reject ELECTION from 202e9239-47c7-423a-9cd3-2de09b349c52: our priority 1 > candidate's priority 0
2022-05-15 13:40:32,470 [grpc-default-executor-1] INFO  server.RaftServer$Division (RaftServerImpl.java:setRole(290)) - 79ec004f-76c4-4937-a9ae-fe5f0a16577d@group-18FD4C7A5263: changes role from  FOLLOWER to FOLLOWER at term 1 for candidate:202e9239-47c7-423a-9cd3-2de09b349c52
2022-05-15 13:40:32,470 [grpc-default-executor-1] INFO  impl.RoleInfo (RoleInfo.java:shutdownFollowerState(108)) - 79ec004f-76c4-4937-a9ae-fe5f0a16577d: shutdown 79ec004f-76c4-4937-a9ae-fe5f0a16577d@group-18FD4C7A5263-FollowerState
2022-05-15 13:40:32,470 [grpc-default-executor-1] INFO  impl.RoleInfo (RoleInfo.java:updateAndGet(130)) - 79ec004f-76c4-4937-a9ae-fe5f0a16577d: start 79ec004f-76c4-4937-a9ae-fe5f0a16577d@group-18FD4C7A5263-FollowerState
2022-05-15 13:40:32,470 [79ec004f-76c4-4937-a9ae-fe5f0a16577d@group-18FD4C7A5263-FollowerState] INFO  impl.FollowerState (FollowerState.java:run(143)) - 79ec004f-76c4-4937-a9ae-fe5f0a16577d@group-18FD4C7A5263-FollowerState was interrupted: {}
java.lang.InterruptedException: sleep interrupted
	at java.lang.Thread.sleep(Native Method)
	at java.lang.Thread.sleep(Thread.java:342)
	at java.util.concurrent.TimeUnit.sleep(TimeUnit.java:386)
	at org.apache.ratis.util.TimeDuration.sleep(TimeDuration.java:324)
	at org.apache.ratis.util.TimeDuration.sleep(TimeDuration.java:309)
	at org.apache.ratis.server.impl.FollowerState.run(FollowerState.java:118)
2022-05-15 13:40:32,476 [grpc-default-executor-1] INFO  server.RaftServer$Division (RaftServerImpl.java:requestVote(1078)) - 79ec004f-76c4-4937-a9ae-fe5f0a16577d@group-18FD4C7A5263 replies to ELECTION vote request: 202e9239-47c7-423a-9cd3-2de09b349c52<-79ec004f-76c4-4937-a9ae-fe5f0a16577d#0:FAIL-t1. Peer's state: 79ec004f-76c4-4937-a9ae-fe5f0a16577d@group-18FD4C7A5263:t1, leader=null, voted=null, raftlog=79ec004f-76c4-4937-a9ae-fe5f0a16577d@group-18FD4C7A5263-SegmentedRaftLog:OPENED:c-1, conf=-1: [79ec004f-76c4-4937-a9ae-fe5f0a16577d|rpc:10.1.0.20:40141|dataStream:|priority:1, eda58b43-d835-4a06-8ae1-b7a54d57ec10|rpc:10.1.0.20:42159|dataStream:|priority:0, 202e9239-47c7-423a-9cd3-2de09b349c52|rpc:10.1.0.20:36687|dataStream:|priority:0], old=null
2022-05-15 13:40:32,478 [202e9239-47c7-423a-9cd3-2de09b349c52@group-18FD4C7A5263-LeaderElection13] INFO  impl.LeaderElection (LeaderElection.java:logAndReturn(89)) - 202e9239-47c7-423a-9cd3-2de09b349c52@group-18FD4C7A5263-LeaderElection13: ELECTION REJECTED received 1 response(s) and 0 exception(s):
2022-05-15 13:40:32,478 [202e9239-47c7-423a-9cd3-2de09b349c52@group-18FD4C7A5263-LeaderElection13] INFO  impl.LeaderElection (LeaderElection.java:logAndReturn(93)) -   Response 0: 202e9239-47c7-423a-9cd3-2de09b349c52<-79ec004f-76c4-4937-a9ae-fe5f0a16577d#0:FAIL-t1
2022-05-15 13:40:32,478 [202e9239-47c7-423a-9cd3-2de09b349c52@group-18FD4C7A5263-LeaderElection13] INFO  impl.LeaderElection (LeaderElection.java:askForVotes(308)) - 202e9239-47c7-423a-9cd3-2de09b349c52@group-18FD4C7A5263-LeaderElection13 ELECTION round 0: result REJECTED
2022-05-15 13:40:32,478 [202e9239-47c7-423a-9cd3-2de09b349c52@group-18FD4C7A5263-LeaderElection13] INFO  server.RaftServer$Division (RaftServerImpl.java:setRole(290)) - 202e9239-47c7-423a-9cd3-2de09b349c52@group-18FD4C7A5263: changes role from CANDIDATE to FOLLOWER at term 1 for REJECTED
2022-05-15 13:40:32,478 [202e9239-47c7-423a-9cd3-2de09b349c52@group-18FD4C7A5263-LeaderElection13] INFO  impl.RoleInfo (RoleInfo.java:shutdownLeaderElection(121)) - 202e9239-47c7-423a-9cd3-2de09b349c52: shutdown 202e9239-47c7-423a-9cd3-2de09b349c52@group-18FD4C7A5263-LeaderElection13
2022-05-15 13:40:32,478 [202e9239-47c7-423a-9cd3-2de09b349c52@group-18FD4C7A5263-LeaderElection13] INFO  impl.RoleInfo (RoleInfo.java:updateAndGet(130)) - 202e9239-47c7-423a-9cd3-2de09b349c52: start 202e9239-47c7-423a-9cd3-2de09b349c52@group-18FD4C7A5263-FollowerState
2022-05-15 13:40:32,503 [grpc-default-executor-1] INFO  server.RaftServer$Division (RaftServerImpl.java:requestVote(1046)) - eda58b43-d835-4a06-8ae1-b7a54d57ec10@group-18FD4C7A5263: receive requestVote(ELECTION, 202e9239-47c7-423a-9cd3-2de09b349c52, group-18FD4C7A5263, 1, (t:0, i:0))
2022-05-15 13:40:32,503 [grpc-default-executor-1] INFO  impl.VoteContext (VoteContext.java:log(48)) - eda58b43-d835-4a06-8ae1-b7a54d57ec10@group-18FD4C7A5263-FOLLOWER: accept ELECTION from 202e9239-47c7-423a-9cd3-2de09b349c52: our priority 0 <= candidate's priority 0
2022-05-15 13:40:32,503 [grpc-default-executor-1] INFO  server.RaftServer$Division (RaftServerImpl.java:setRole(290)) - eda58b43-d835-4a06-8ae1-b7a54d57ec10@group-18FD4C7A5263: changes role from  FOLLOWER to FOLLOWER at term 1 for candidate:202e9239-47c7-423a-9cd3-2de09b349c52
2022-05-15 13:40:32,503 [grpc-default-executor-1] INFO  impl.RoleInfo (RoleInfo.java:shutdownFollowerState(108)) - eda58b43-d835-4a06-8ae1-b7a54d57ec10: shutdown eda58b43-d835-4a06-8ae1-b7a54d57ec10@group-18FD4C7A5263-FollowerState
2022-05-15 13:40:32,504 [grpc-default-executor-1] INFO  impl.RoleInfo (RoleInfo.java:updateAndGet(130)) - eda58b43-d835-4a06-8ae1-b7a54d57ec10: start eda58b43-d835-4a06-8ae1-b7a54d57ec10@group-18FD4C7A5263-FollowerState
2022-05-15 13:40:32,504 [eda58b43-d835-4a06-8ae1-b7a54d57ec10@group-18FD4C7A5263-FollowerState] INFO  impl.FollowerState (FollowerState.java:run(143)) - eda58b43-d835-4a06-8ae1-b7a54d57ec10@group-18FD4C7A5263-FollowerState was interrupted: {}
java.lang.InterruptedException: sleep interrupted
	at java.lang.Thread.sleep(Native Method)
	at java.lang.Thread.sleep(Thread.java:342)
	at java.util.concurrent.TimeUnit.sleep(TimeUnit.java:386)
	at org.apache.ratis.util.TimeDuration.sleep(TimeDuration.java:324)
	at org.apache.ratis.util.TimeDuration.sleep(TimeDuration.java:309)
	at org.apache.ratis.server.impl.FollowerState.run(FollowerState.java:118)
2022-05-15 13:40:32,505 [grpc-default-executor-1] INFO  server.RaftServer$Division (RaftServerImpl.java:requestVote(1078)) - eda58b43-d835-4a06-8ae1-b7a54d57ec10@group-18FD4C7A5263 replies to ELECTION vote request: 202e9239-47c7-423a-9cd3-2de09b349c52<-eda58b43-d835-4a06-8ae1-b7a54d57ec10#0:OK-t1. Peer's state: eda58b43-d835-4a06-8ae1-b7a54d57ec10@group-18FD4C7A5263:t1, leader=null, voted=202e9239-47c7-423a-9cd3-2de09b349c52, raftlog=eda58b43-d835-4a06-8ae1-b7a54d57ec10@group-18FD4C7A5263-SegmentedRaftLog:OPENED:c-1, conf=-1: [79ec004f-76c4-4937-a9ae-fe5f0a16577d|rpc:10.1.0.20:40141|dataStream:|priority:1, eda58b43-d835-4a06-8ae1-b7a54d57ec10|rpc:10.1.0.20:42159|dataStream:|priority:0, 202e9239-47c7-423a-9cd3-2de09b349c52|rpc:10.1.0.20:36687|dataStream:|priority:0], old=null
2022-05-15 13:40:32,830 [eda58b43-d835-4a06-8ae1-b7a54d57ec10@group-0A937D6A44F0-FollowerState] INFO  impl.FollowerState (FollowerState.java:run(134)) - eda58b43-d835-4a06-8ae1-b7a54d57ec10@group-0A937D6A44F0-FollowerState: change to CANDIDATE, lastRpcElapsedTime:5129850307ns, electionTimeout:5129ms
2022-05-15 13:40:32,830 [eda58b43-d835-4a06-8ae1-b7a54d57ec10@group-0A937D6A44F0-FollowerState] INFO  impl.RoleInfo (RoleInfo.java:shutdownFollowerState(108)) - eda58b43-d835-4a06-8ae1-b7a54d57ec10: shutdown eda58b43-d835-4a06-8ae1-b7a54d57ec10@group-0A937D6A44F0-FollowerState
2022-05-15 13:40:32,830 [eda58b43-d835-4a06-8ae1-b7a54d57ec10@group-0A937D6A44F0-FollowerState] INFO  server.RaftServer$Division (RaftServerImpl.java:setRole(290)) - eda58b43-d835-4a06-8ae1-b7a54d57ec10@group-0A937D6A44F0: changes role from  FOLLOWER to CANDIDATE at term 0 for changeToCandidate
2022-05-15 13:40:32,831 [eda58b43-d835-4a06-8ae1-b7a54d57ec10@group-0A937D6A44F0-FollowerState] INFO  server.RaftServerConfigKeys (ConfUtils.java:logGet(44)) - raft.server.leaderelection.pre-vote = false (custom)
2022-05-15 13:40:32,831 [eda58b43-d835-4a06-8ae1-b7a54d57ec10@group-0A937D6A44F0-FollowerState] INFO  impl.RoleInfo (RoleInfo.java:updateAndGet(130)) - eda58b43-d835-4a06-8ae1-b7a54d57ec10: start eda58b43-d835-4a06-8ae1-b7a54d57ec10@group-0A937D6A44F0-LeaderElection14
2022-05-15 13:40:32,856 [eda58b43-d835-4a06-8ae1-b7a54d57ec10@group-0A937D6A44F0-LeaderElection14] INFO  impl.LeaderElection (LeaderElection.java:askForVotes(306)) - eda58b43-d835-4a06-8ae1-b7a54d57ec10@group-0A937D6A44F0-LeaderElection14 ELECTION round 0: submit vote requests at term 1 for -1: [eda58b43-d835-4a06-8ae1-b7a54d57ec10|rpc:10.1.0.20:42159|priority:1], old=null
2022-05-15 13:40:32,859 [eda58b43-d835-4a06-8ae1-b7a54d57ec10@group-0A937D6A44F0-LeaderElection14] INFO  impl.LeaderElection (LeaderElection.java:askForVotes(308)) - eda58b43-d835-4a06-8ae1-b7a54d57ec10@group-0A937D6A44F0-LeaderElection14 ELECTION round 0: result PASSED (term=1)
2022-05-15 13:40:32,859 [eda58b43-d835-4a06-8ae1-b7a54d57ec10@group-0A937D6A44F0-LeaderElection14] INFO  impl.RoleInfo (RoleInfo.java:shutdownLeaderElection(121)) - eda58b43-d835-4a06-8ae1-b7a54d57ec10: shutdown eda58b43-d835-4a06-8ae1-b7a54d57ec10@group-0A937D6A44F0-LeaderElection14
2022-05-15 13:40:32,859 [eda58b43-d835-4a06-8ae1-b7a54d57ec10@group-0A937D6A44F0-LeaderElection14] INFO  server.RaftServer$Division (RaftServerImpl.java:setRole(290)) - eda58b43-d835-4a06-8ae1-b7a54d57ec10@group-0A937D6A44F0: changes role from CANDIDATE to LEADER at term 1 for changeToLeader
2022-05-15 13:40:32,859 [eda58b43-d835-4a06-8ae1-b7a54d57ec10@group-0A937D6A44F0-LeaderElection14] INFO  ratis.XceiverServerRatis (XceiverServerRatis.java:handleLeaderChangedNotification(863)) - Leader change notification received for group: group-0A937D6A44F0 with new leaderId: eda58b43-d835-4a06-8ae1-b7a54d57ec10
2022-05-15 13:40:32,860 [eda58b43-d835-4a06-8ae1-b7a54d57ec10@group-0A937D6A44F0-LeaderElection14] INFO  server.RaftServer$Division (ServerState.java:setLeader(285)) - eda58b43-d835-4a06-8ae1-b7a54d57ec10@group-0A937D6A44F0: change Leader from null to eda58b43-d835-4a06-8ae1-b7a54d57ec10 at term 1 for becomeLeader, leader elected after 5183ms
2022-05-15 13:40:32,860 [eda58b43-d835-4a06-8ae1-b7a54d57ec10@group-0A937D6A44F0-LeaderElection14] INFO  server.RaftServerConfigKeys (ConfUtils.java:logGet(44)) - raft.server.staging.catchup.gap = 1000 (default)
2022-05-15 13:40:32,860 [eda58b43-d835-4a06-8ae1-b7a54d57ec10@group-0A937D6A44F0-LeaderElection14] INFO  server.RaftServerConfigKeys (ConfUtils.java:logGet(44)) - raft.server.write.element-limit = 1024 (custom)
2022-05-15 13:40:32,860 [eda58b43-d835-4a06-8ae1-b7a54d57ec10@group-0A937D6A44F0-LeaderElection14] INFO  server.RaftServerConfigKeys (ConfUtils.java:logGet(44)) - raft.server.write.byte-limit = 1024 M (=1073741824) (custom)
2022-05-15 13:40:32,860 [eda58b43-d835-4a06-8ae1-b7a54d57ec10@group-0A937D6A44F0-LeaderElection14] INFO  server.RaftServerConfigKeys (ConfUtils.java:logGet(44)) - raft.server.watch.timeout = 180s (custom)
2022-05-15 13:40:32,860 [eda58b43-d835-4a06-8ae1-b7a54d57ec10@group-0A937D6A44F0-LeaderElection14] INFO  server.RaftServerConfigKeys (ConfUtils.java:logGet(44)) - raft.server.watch.timeout.denomination = 1s (default)
2022-05-15 13:40:32,860 [eda58b43-d835-4a06-8ae1-b7a54d57ec10@group-0A937D6A44F0-LeaderElection14] INFO  server.RaftServerConfigKeys (ConfUtils.java:logGet(44)) - raft.server.watch.element-limit = 65536 (default)
2022-05-15 13:40:32,860 [eda58b43-d835-4a06-8ae1-b7a54d57ec10@group-0A937D6A44F0-LeaderElection14] INFO  server.RaftServerConfigKeys (ConfUtils.java:logGet(44)) - raft.server.write.element-limit = 1024 (custom)
2022-05-15 13:40:32,860 [eda58b43-d835-4a06-8ae1-b7a54d57ec10@group-0A937D6A44F0-LeaderElection14] INFO  server.RaftServerConfigKeys (ConfUtils.java:logGet(44)) - raft.server.write.follower.gap.ratio.max = -1.0 (default)
2022-05-15 13:40:32,861 [eda58b43-d835-4a06-8ae1-b7a54d57ec10@group-0A937D6A44F0-LeaderElection14] INFO  impl.RoleInfo (RoleInfo.java:updateAndGet(130)) - eda58b43-d835-4a06-8ae1-b7a54d57ec10: start eda58b43-d835-4a06-8ae1-b7a54d57ec10@group-0A937D6A44F0-LeaderStateImpl
2022-05-15 13:40:32,861 [eda58b43-d835-4a06-8ae1-b7a54d57ec10@group-0A937D6A44F0-LeaderElection14] INFO  segmented.SegmentedRaftLogWorker (SegmentedRaftLogWorker.java:startLogSegment(394)) - eda58b43-d835-4a06-8ae1-b7a54d57ec10@group-0A937D6A44F0-SegmentedRaftLogWorker: Starting segment from index:0
2022-05-15 13:40:32,865 [eda58b43-d835-4a06-8ae1-b7a54d57ec10@group-0A937D6A44F0-SegmentedRaftLogWorker] INFO  segmented.SegmentedRaftLogWorker (SegmentedRaftLogWorker.java:execute(601)) - eda58b43-d835-4a06-8ae1-b7a54d57ec10@group-0A937D6A44F0-SegmentedRaftLogWorker: created new log segment /home/runner/work/ozone/ozone/hadoop-ozone/integration-test/target/test-dir/MiniOzoneClusterImpl-e6988b2d-a82d-4438-baec-2e925de8cb09/datanode-1/data/ratis/ce380e23-ab4a-4212-affc-0a937d6a44f0/current/log_inprogress_0
2022-05-15 13:40:32,875 [eda58b43-d835-4a06-8ae1-b7a54d57ec10@group-0A937D6A44F0-LeaderElection14] INFO  server.RaftServer$Division (ServerState.java:setRaftConf(387)) - eda58b43-d835-4a06-8ae1-b7a54d57ec10@group-0A937D6A44F0: set configuration 0: [eda58b43-d835-4a06-8ae1-b7a54d57ec10|rpc:10.1.0.20:42159|dataStream:|priority:1], old=null
2022-05-15 13:40:32,880 [EventQueue-OpenPipelineForHealthyPipelineSafeModeRule] INFO  safemode.SCMSafeModeManager (HealthyPipelineSafeModeRule.java:process(124)) - SCM in safe mode. Healthy pipelines reported count is 0, required healthy pipeline reported count is 1
2022-05-15 13:40:33,191 [Listener at 127.0.0.1/44033] INFO  ozone.MiniOzoneClusterImpl (MiniOzoneClusterImpl.java:lambda$waitForClusterToBeReady$0(221)) - Nodes are ready. Got 3 of 3 DN Heartbeats.
2022-05-15 13:40:33,191 [Listener at 127.0.0.1/44033] INFO  ozone.MiniOzoneClusterImpl (MiniOzoneClusterImpl.java:lambda$waitForClusterToBeReady$0(224)) - Waiting for cluster to exit safe mode
2022-05-15 13:40:33,191 [Listener at 127.0.0.1/44033] INFO  ozone.MiniOzoneClusterImpl (MiniOzoneClusterImpl.java:lambda$waitForClusterToBeReady$0(226)) - SCM became leader
2022-05-15 13:40:33,290 [79ec004f-76c4-4937-a9ae-fe5f0a16577d@group-4A826171C8F8-FollowerState] INFO  impl.FollowerState (FollowerState.java:run(134)) - 79ec004f-76c4-4937-a9ae-fe5f0a16577d@group-4A826171C8F8-FollowerState: change to CANDIDATE, lastRpcElapsedTime:5014389292ns, electionTimeout:5003ms
2022-05-15 13:40:33,290 [79ec004f-76c4-4937-a9ae-fe5f0a16577d@group-4A826171C8F8-FollowerState] INFO  impl.RoleInfo (RoleInfo.java:shutdownFollowerState(108)) - 79ec004f-76c4-4937-a9ae-fe5f0a16577d: shutdown 79ec004f-76c4-4937-a9ae-fe5f0a16577d@group-4A826171C8F8-FollowerState
2022-05-15 13:40:33,290 [79ec004f-76c4-4937-a9ae-fe5f0a16577d@group-4A826171C8F8-FollowerState] INFO  server.RaftServer$Division (RaftServerImpl.java:setRole(290)) - 79ec004f-76c4-4937-a9ae-fe5f0a16577d@group-4A826171C8F8: changes role from  FOLLOWER to CANDIDATE at term 0 for changeToCandidate
2022-05-15 13:40:33,291 [79ec004f-76c4-4937-a9ae-fe5f0a16577d@group-4A826171C8F8-FollowerState] INFO  server.RaftServerConfigKeys (ConfUtils.java:logGet(44)) - raft.server.leaderelection.pre-vote = false (custom)
2022-05-15 13:40:33,291 [79ec004f-76c4-4937-a9ae-fe5f0a16577d@group-4A826171C8F8-FollowerState] INFO  impl.RoleInfo (RoleInfo.java:updateAndGet(130)) - 79ec004f-76c4-4937-a9ae-fe5f0a16577d: start 79ec004f-76c4-4937-a9ae-fe5f0a16577d@group-4A826171C8F8-LeaderElection15
2022-05-15 13:40:33,305 [79ec004f-76c4-4937-a9ae-fe5f0a16577d@group-4A826171C8F8-LeaderElection15] INFO  impl.LeaderElection (LeaderElection.java:askForVotes(306)) - 79ec004f-76c4-4937-a9ae-fe5f0a16577d@group-4A826171C8F8-LeaderElection15 ELECTION round 0: submit vote requests at term 1 for -1: [79ec004f-76c4-4937-a9ae-fe5f0a16577d|rpc:10.1.0.20:40141|priority:1], old=null
2022-05-15 13:40:33,305 [79ec004f-76c4-4937-a9ae-fe5f0a16577d@group-4A826171C8F8-LeaderElection15] INFO  impl.LeaderElection (LeaderElection.java:askForVotes(308)) - 79ec004f-76c4-4937-a9ae-fe5f0a16577d@group-4A826171C8F8-LeaderElection15 ELECTION round 0: result PASSED (term=1)
2022-05-15 13:40:33,305 [79ec004f-76c4-4937-a9ae-fe5f0a16577d@group-4A826171C8F8-LeaderElection15] INFO  impl.RoleInfo (RoleInfo.java:shutdownLeaderElection(121)) - 79ec004f-76c4-4937-a9ae-fe5f0a16577d: shutdown 79ec004f-76c4-4937-a9ae-fe5f0a16577d@group-4A826171C8F8-LeaderElection15
2022-05-15 13:40:33,305 [79ec004f-76c4-4937-a9ae-fe5f0a16577d@group-4A826171C8F8-LeaderElection15] INFO  server.RaftServer$Division (RaftServerImpl.java:setRole(290)) - 79ec004f-76c4-4937-a9ae-fe5f0a16577d@group-4A826171C8F8: changes role from CANDIDATE to LEADER at term 1 for changeToLeader
2022-05-15 13:40:33,305 [79ec004f-76c4-4937-a9ae-fe5f0a16577d@group-4A826171C8F8-LeaderElection15] INFO  ratis.XceiverServerRatis (XceiverServerRatis.java:handleLeaderChangedNotification(863)) - Leader change notification received for group: group-4A826171C8F8 with new leaderId: 79ec004f-76c4-4937-a9ae-fe5f0a16577d
2022-05-15 13:40:33,305 [79ec004f-76c4-4937-a9ae-fe5f0a16577d@group-4A826171C8F8-LeaderElection15] INFO  server.RaftServer$Division (ServerState.java:setLeader(285)) - 79ec004f-76c4-4937-a9ae-fe5f0a16577d@group-4A826171C8F8: change Leader from null to 79ec004f-76c4-4937-a9ae-fe5f0a16577d at term 1 for becomeLeader, leader elected after 5058ms
2022-05-15 13:40:33,305 [79ec004f-76c4-4937-a9ae-fe5f0a16577d@group-4A826171C8F8-LeaderElection15] INFO  server.RaftServerConfigKeys (ConfUtils.java:logGet(44)) - raft.server.staging.catchup.gap = 1000 (default)
2022-05-15 13:40:33,305 [79ec004f-76c4-4937-a9ae-fe5f0a16577d@group-4A826171C8F8-LeaderElection15] INFO  server.RaftServerConfigKeys (ConfUtils.java:logGet(44)) - raft.server.write.element-limit = 1024 (custom)
2022-05-15 13:40:33,305 [79ec004f-76c4-4937-a9ae-fe5f0a16577d@group-4A826171C8F8-LeaderElection15] INFO  server.RaftServerConfigKeys (ConfUtils.java:logGet(44)) - raft.server.write.byte-limit = 1024 M (=1073741824) (custom)
2022-05-15 13:40:33,306 [79ec004f-76c4-4937-a9ae-fe5f0a16577d@group-4A826171C8F8-LeaderElection15] INFO  server.RaftServerConfigKeys (ConfUtils.java:logGet(44)) - raft.server.watch.timeout = 180s (custom)
2022-05-15 13:40:33,306 [79ec004f-76c4-4937-a9ae-fe5f0a16577d@group-4A826171C8F8-LeaderElection15] INFO  server.RaftServerConfigKeys (ConfUtils.java:logGet(44)) - raft.server.watch.timeout.denomination = 1s (default)
2022-05-15 13:40:33,306 [79ec004f-76c4-4937-a9ae-fe5f0a16577d@group-4A826171C8F8-LeaderElection15] INFO  server.RaftServerConfigKeys (ConfUtils.java:logGet(44)) - raft.server.watch.element-limit = 65536 (default)
2022-05-15 13:40:33,306 [79ec004f-76c4-4937-a9ae-fe5f0a16577d@group-4A826171C8F8-LeaderElection15] INFO  server.RaftServerConfigKeys (ConfUtils.java:logGet(44)) - raft.server.write.element-limit = 1024 (custom)
2022-05-15 13:40:33,306 [79ec004f-76c4-4937-a9ae-fe5f0a16577d@group-4A826171C8F8-LeaderElection15] INFO  server.RaftServerConfigKeys (ConfUtils.java:logGet(44)) - raft.server.write.follower.gap.ratio.max = -1.0 (default)
2022-05-15 13:40:33,306 [79ec004f-76c4-4937-a9ae-fe5f0a16577d@group-4A826171C8F8-LeaderElection15] INFO  impl.RoleInfo (RoleInfo.java:updateAndGet(130)) - 79ec004f-76c4-4937-a9ae-fe5f0a16577d: start 79ec004f-76c4-4937-a9ae-fe5f0a16577d@group-4A826171C8F8-LeaderStateImpl
2022-05-15 13:40:33,306 [79ec004f-76c4-4937-a9ae-fe5f0a16577d@group-4A826171C8F8-LeaderElection15] INFO  segmented.SegmentedRaftLogWorker (SegmentedRaftLogWorker.java:startLogSegment(394)) - 79ec004f-76c4-4937-a9ae-fe5f0a16577d@group-4A826171C8F8-SegmentedRaftLogWorker: Starting segment from index:0
2022-05-15 13:40:33,312 [EventQueue-OpenPipelineForHealthyPipelineSafeModeRule] INFO  safemode.SCMSafeModeManager (HealthyPipelineSafeModeRule.java:process(124)) - SCM in safe mode. Healthy pipelines reported count is 0, required healthy pipeline reported count is 1
2022-05-15 13:40:33,313 [79ec004f-76c4-4937-a9ae-fe5f0a16577d@group-4A826171C8F8-SegmentedRaftLogWorker] INFO  segmented.SegmentedRaftLogWorker (SegmentedRaftLogWorker.java:execute(601)) - 79ec004f-76c4-4937-a9ae-fe5f0a16577d@group-4A826171C8F8-SegmentedRaftLogWorker: created new log segment /home/runner/work/ozone/ozone/hadoop-ozone/integration-test/target/test-dir/MiniOzoneClusterImpl-e6988b2d-a82d-4438-baec-2e925de8cb09/datanode-2/data/ratis/2b708ffe-1952-47fa-8db1-4a826171c8f8/current/log_inprogress_0
2022-05-15 13:40:33,319 [79ec004f-76c4-4937-a9ae-fe5f0a16577d@group-4A826171C8F8-LeaderElection15] INFO  server.RaftServer$Division (ServerState.java:setRaftConf(387)) - 79ec004f-76c4-4937-a9ae-fe5f0a16577d@group-4A826171C8F8: set configuration 0: [79ec004f-76c4-4937-a9ae-fe5f0a16577d|rpc:10.1.0.20:40141|dataStream:|priority:1], old=null
2022-05-15 13:40:34,191 [Listener at 127.0.0.1/44033] INFO  ozone.MiniOzoneClusterImpl (MiniOzoneClusterImpl.java:lambda$waitForClusterToBeReady$0(221)) - Nodes are ready. Got 3 of 3 DN Heartbeats.
2022-05-15 13:40:34,192 [Listener at 127.0.0.1/44033] INFO  ozone.MiniOzoneClusterImpl (MiniOzoneClusterImpl.java:lambda$waitForClusterToBeReady$0(224)) - Waiting for cluster to exit safe mode
2022-05-15 13:40:34,192 [Listener at 127.0.0.1/44033] INFO  ozone.MiniOzoneClusterImpl (MiniOzoneClusterImpl.java:lambda$waitForClusterToBeReady$0(226)) - SCM became leader
2022-05-15 13:40:35,192 [Listener at 127.0.0.1/44033] INFO  ozone.MiniOzoneClusterImpl (MiniOzoneClusterImpl.java:lambda$waitForClusterToBeReady$0(221)) - Nodes are ready. Got 3 of 3 DN Heartbeats.
2022-05-15 13:40:35,192 [Listener at 127.0.0.1/44033] INFO  ozone.MiniOzoneClusterImpl (MiniOzoneClusterImpl.java:lambda$waitForClusterToBeReady$0(224)) - Waiting for cluster to exit safe mode
2022-05-15 13:40:35,192 [Listener at 127.0.0.1/44033] INFO  ozone.MiniOzoneClusterImpl (MiniOzoneClusterImpl.java:lambda$waitForClusterToBeReady$0(226)) - SCM became leader
2022-05-15 13:40:36,192 [Listener at 127.0.0.1/44033] INFO  ozone.MiniOzoneClusterImpl (MiniOzoneClusterImpl.java:lambda$waitForClusterToBeReady$0(221)) - Nodes are ready. Got 3 of 3 DN Heartbeats.
2022-05-15 13:40:36,193 [Listener at 127.0.0.1/44033] INFO  ozone.MiniOzoneClusterImpl (MiniOzoneClusterImpl.java:lambda$waitForClusterToBeReady$0(224)) - Waiting for cluster to exit safe mode
2022-05-15 13:40:36,193 [Listener at 127.0.0.1/44033] INFO  ozone.MiniOzoneClusterImpl (MiniOzoneClusterImpl.java:lambda$waitForClusterToBeReady$0(226)) - SCM became leader
2022-05-15 13:40:37,193 [Listener at 127.0.0.1/44033] INFO  ozone.MiniOzoneClusterImpl (MiniOzoneClusterImpl.java:lambda$waitForClusterToBeReady$0(221)) - Nodes are ready. Got 3 of 3 DN Heartbeats.
2022-05-15 13:40:37,193 [Listener at 127.0.0.1/44033] INFO  ozone.MiniOzoneClusterImpl (MiniOzoneClusterImpl.java:lambda$waitForClusterToBeReady$0(224)) - Waiting for cluster to exit safe mode
2022-05-15 13:40:37,193 [Listener at 127.0.0.1/44033] INFO  ozone.MiniOzoneClusterImpl (MiniOzoneClusterImpl.java:lambda$waitForClusterToBeReady$0(226)) - SCM became leader
2022-05-15 13:40:37,309 [202e9239-47c7-423a-9cd3-2de09b349c52@group-DA51D1B1407C-FollowerState] INFO  impl.FollowerState (FollowerState.java:run(134)) - 202e9239-47c7-423a-9cd3-2de09b349c52@group-DA51D1B1407C-FollowerState: change to CANDIDATE, lastRpcElapsedTime:5034230830ns, electionTimeout:5015ms
2022-05-15 13:40:37,309 [202e9239-47c7-423a-9cd3-2de09b349c52@group-DA51D1B1407C-FollowerState] INFO  impl.RoleInfo (RoleInfo.java:shutdownFollowerState(108)) - 202e9239-47c7-423a-9cd3-2de09b349c52: shutdown 202e9239-47c7-423a-9cd3-2de09b349c52@group-DA51D1B1407C-FollowerState
2022-05-15 13:40:37,309 [202e9239-47c7-423a-9cd3-2de09b349c52@group-DA51D1B1407C-FollowerState] INFO  server.RaftServer$Division (RaftServerImpl.java:setRole(290)) - 202e9239-47c7-423a-9cd3-2de09b349c52@group-DA51D1B1407C: changes role from  FOLLOWER to CANDIDATE at term 1 for changeToCandidate
2022-05-15 13:40:37,309 [202e9239-47c7-423a-9cd3-2de09b349c52@group-DA51D1B1407C-FollowerState] INFO  server.RaftServerConfigKeys (ConfUtils.java:logGet(44)) - raft.server.leaderelection.pre-vote = false (custom)
2022-05-15 13:40:37,309 [202e9239-47c7-423a-9cd3-2de09b349c52@group-DA51D1B1407C-FollowerState] INFO  impl.RoleInfo (RoleInfo.java:updateAndGet(130)) - 202e9239-47c7-423a-9cd3-2de09b349c52: start 202e9239-47c7-423a-9cd3-2de09b349c52@group-DA51D1B1407C-LeaderElection16
2022-05-15 13:40:37,324 [202e9239-47c7-423a-9cd3-2de09b349c52@group-DA51D1B1407C-LeaderElection16] INFO  impl.LeaderElection (LeaderElection.java:askForVotes(306)) - 202e9239-47c7-423a-9cd3-2de09b349c52@group-DA51D1B1407C-LeaderElection16 ELECTION round 0: submit vote requests at term 2 for -1: [79ec004f-76c4-4937-a9ae-fe5f0a16577d|rpc:10.1.0.20:40141|priority:0, eda58b43-d835-4a06-8ae1-b7a54d57ec10|rpc:10.1.0.20:42159|priority:1, 202e9239-47c7-423a-9cd3-2de09b349c52|rpc:10.1.0.20:36687|priority:0], old=null
2022-05-15 13:40:37,343 [79ec004f-76c4-4937-a9ae-fe5f0a16577d@group-DA51D1B1407C-FollowerState] INFO  impl.FollowerState (FollowerState.java:run(134)) - 79ec004f-76c4-4937-a9ae-fe5f0a16577d@group-DA51D1B1407C-FollowerState: change to CANDIDATE, lastRpcElapsedTime:5057560736ns, electionTimeout:5042ms
2022-05-15 13:40:37,343 [79ec004f-76c4-4937-a9ae-fe5f0a16577d@group-DA51D1B1407C-FollowerState] INFO  impl.RoleInfo (RoleInfo.java:shutdownFollowerState(108)) - 79ec004f-76c4-4937-a9ae-fe5f0a16577d: shutdown 79ec004f-76c4-4937-a9ae-fe5f0a16577d@group-DA51D1B1407C-FollowerState
2022-05-15 13:40:37,343 [79ec004f-76c4-4937-a9ae-fe5f0a16577d@group-DA51D1B1407C-FollowerState] INFO  server.RaftServer$Division (RaftServerImpl.java:setRole(290)) - 79ec004f-76c4-4937-a9ae-fe5f0a16577d@group-DA51D1B1407C: changes role from  FOLLOWER to CANDIDATE at term 1 for changeToCandidate
2022-05-15 13:40:37,343 [79ec004f-76c4-4937-a9ae-fe5f0a16577d@group-DA51D1B1407C-FollowerState] INFO  server.RaftServerConfigKeys (ConfUtils.java:logGet(44)) - raft.server.leaderelection.pre-vote = false (custom)
2022-05-15 13:40:37,343 [79ec004f-76c4-4937-a9ae-fe5f0a16577d@group-DA51D1B1407C-FollowerState] INFO  impl.RoleInfo (RoleInfo.java:updateAndGet(130)) - 79ec004f-76c4-4937-a9ae-fe5f0a16577d: start 79ec004f-76c4-4937-a9ae-fe5f0a16577d@group-DA51D1B1407C-LeaderElection17
2022-05-15 13:40:37,348 [grpc-default-executor-1] INFO  server.RaftServer$Division (RaftServerImpl.java:requestVote(1046)) - 79ec004f-76c4-4937-a9ae-fe5f0a16577d@group-DA51D1B1407C: receive requestVote(ELECTION, 202e9239-47c7-423a-9cd3-2de09b349c52, group-DA51D1B1407C, 2, (t:0, i:0))
2022-05-15 13:40:37,348 [grpc-default-executor-1] INFO  impl.VoteContext (VoteContext.java:log(48)) - 79ec004f-76c4-4937-a9ae-fe5f0a16577d@group-DA51D1B1407C-CANDIDATE: accept ELECTION from 202e9239-47c7-423a-9cd3-2de09b349c52: our priority 0 <= candidate's priority 0
2022-05-15 13:40:37,348 [grpc-default-executor-1] INFO  server.RaftServer$Division (RaftServerImpl.java:setRole(290)) - 79ec004f-76c4-4937-a9ae-fe5f0a16577d@group-DA51D1B1407C: changes role from CANDIDATE to FOLLOWER at term 2 for candidate:202e9239-47c7-423a-9cd3-2de09b349c52
2022-05-15 13:40:37,348 [grpc-default-executor-1] INFO  impl.RoleInfo (RoleInfo.java:shutdownLeaderElection(121)) - 79ec004f-76c4-4937-a9ae-fe5f0a16577d: shutdown 79ec004f-76c4-4937-a9ae-fe5f0a16577d@group-DA51D1B1407C-LeaderElection17
2022-05-15 13:40:37,348 [grpc-default-executor-1] INFO  impl.RoleInfo (RoleInfo.java:updateAndGet(130)) - 79ec004f-76c4-4937-a9ae-fe5f0a16577d: start 79ec004f-76c4-4937-a9ae-fe5f0a16577d@group-DA51D1B1407C-FollowerState
2022-05-15 13:40:37,351 [79ec004f-76c4-4937-a9ae-fe5f0a16577d@group-DA51D1B1407C-LeaderElection17] INFO  impl.LeaderElection (LeaderElection.java:run(230)) - 79ec004f-76c4-4937-a9ae-fe5f0a16577d@group-DA51D1B1407C-LeaderElection17: skip running since this is already CLOSING
2022-05-15 13:40:37,351 [grpc-default-executor-1] INFO  server.RaftServer$Division (RaftServerImpl.java:requestVote(1078)) - 79ec004f-76c4-4937-a9ae-fe5f0a16577d@group-DA51D1B1407C replies to ELECTION vote request: 202e9239-47c7-423a-9cd3-2de09b349c52<-79ec004f-76c4-4937-a9ae-fe5f0a16577d#0:OK-t2. Peer's state: 79ec004f-76c4-4937-a9ae-fe5f0a16577d@group-DA51D1B1407C:t2, leader=null, voted=202e9239-47c7-423a-9cd3-2de09b349c52, raftlog=79ec004f-76c4-4937-a9ae-fe5f0a16577d@group-DA51D1B1407C-SegmentedRaftLog:OPENED:c-1, conf=-1: [79ec004f-76c4-4937-a9ae-fe5f0a16577d|rpc:10.1.0.20:40141|dataStream:|priority:0, eda58b43-d835-4a06-8ae1-b7a54d57ec10|rpc:10.1.0.20:42159|dataStream:|priority:1, 202e9239-47c7-423a-9cd3-2de09b349c52|rpc:10.1.0.20:36687|dataStream:|priority:0], old=null
2022-05-15 13:40:37,352 [grpc-default-executor-0] INFO  server.RaftServer$Division (RaftServerImpl.java:requestVote(1046)) - eda58b43-d835-4a06-8ae1-b7a54d57ec10@group-DA51D1B1407C: receive requestVote(ELECTION, 202e9239-47c7-423a-9cd3-2de09b349c52, group-DA51D1B1407C, 2, (t:0, i:0))
2022-05-15 13:40:37,353 [grpc-default-executor-0] INFO  impl.VoteContext (VoteContext.java:log(48)) - eda58b43-d835-4a06-8ae1-b7a54d57ec10@group-DA51D1B1407C-FOLLOWER: reject ELECTION from 202e9239-47c7-423a-9cd3-2de09b349c52: our priority 1 > candidate's priority 0
2022-05-15 13:40:37,353 [grpc-default-executor-0] INFO  server.RaftServer$Division (RaftServerImpl.java:setRole(290)) - eda58b43-d835-4a06-8ae1-b7a54d57ec10@group-DA51D1B1407C: changes role from  FOLLOWER to FOLLOWER at term 2 for candidate:202e9239-47c7-423a-9cd3-2de09b349c52
2022-05-15 13:40:37,353 [grpc-default-executor-0] INFO  impl.RoleInfo (RoleInfo.java:shutdownFollowerState(108)) - eda58b43-d835-4a06-8ae1-b7a54d57ec10: shutdown eda58b43-d835-4a06-8ae1-b7a54d57ec10@group-DA51D1B1407C-FollowerState
2022-05-15 13:40:37,353 [grpc-default-executor-0] INFO  impl.RoleInfo (RoleInfo.java:updateAndGet(130)) - eda58b43-d835-4a06-8ae1-b7a54d57ec10: start eda58b43-d835-4a06-8ae1-b7a54d57ec10@group-DA51D1B1407C-FollowerState
2022-05-15 13:40:37,353 [eda58b43-d835-4a06-8ae1-b7a54d57ec10@group-DA51D1B1407C-FollowerState] INFO  impl.FollowerState (FollowerState.java:run(143)) - eda58b43-d835-4a06-8ae1-b7a54d57ec10@group-DA51D1B1407C-FollowerState was interrupted: {}
java.lang.InterruptedException: sleep interrupted
	at java.lang.Thread.sleep(Native Method)
	at java.lang.Thread.sleep(Thread.java:342)
	at java.util.concurrent.TimeUnit.sleep(TimeUnit.java:386)
	at org.apache.ratis.util.TimeDuration.sleep(TimeDuration.java:324)
	at org.apache.ratis.util.TimeDuration.sleep(TimeDuration.java:309)
	at org.apache.ratis.server.impl.FollowerState.run(FollowerState.java:118)
2022-05-15 13:40:37,375 [grpc-default-executor-0] INFO  server.RaftServer$Division (RaftServerImpl.java:requestVote(1078)) - eda58b43-d835-4a06-8ae1-b7a54d57ec10@group-DA51D1B1407C replies to ELECTION vote request: 202e9239-47c7-423a-9cd3-2de09b349c52<-eda58b43-d835-4a06-8ae1-b7a54d57ec10#0:FAIL-t2. Peer's state: eda58b43-d835-4a06-8ae1-b7a54d57ec10@group-DA51D1B1407C:t2, leader=null, voted=null, raftlog=eda58b43-d835-4a06-8ae1-b7a54d57ec10@group-DA51D1B1407C-SegmentedRaftLog:OPENED:c-1, conf=-1: [79ec004f-76c4-4937-a9ae-fe5f0a16577d|rpc:10.1.0.20:40141|dataStream:|priority:0, eda58b43-d835-4a06-8ae1-b7a54d57ec10|rpc:10.1.0.20:42159|dataStream:|priority:1, 202e9239-47c7-423a-9cd3-2de09b349c52|rpc:10.1.0.20:36687|dataStream:|priority:0], old=null
2022-05-15 13:40:37,379 [202e9239-47c7-423a-9cd3-2de09b349c52@group-DA51D1B1407C-LeaderElection16] INFO  impl.LeaderElection (LeaderElection.java:logAndReturn(89)) - 202e9239-47c7-423a-9cd3-2de09b349c52@group-DA51D1B1407C-LeaderElection16: ELECTION REJECTED received 2 response(s) and 0 exception(s):
2022-05-15 13:40:37,379 [202e9239-47c7-423a-9cd3-2de09b349c52@group-DA51D1B1407C-LeaderElection16] INFO  impl.LeaderElection (LeaderElection.java:logAndReturn(93)) -   Response 0: 202e9239-47c7-423a-9cd3-2de09b349c52<-79ec004f-76c4-4937-a9ae-fe5f0a16577d#0:OK-t2
2022-05-15 13:40:37,379 [202e9239-47c7-423a-9cd3-2de09b349c52@group-DA51D1B1407C-LeaderElection16] INFO  impl.LeaderElection (LeaderElection.java:logAndReturn(93)) -   Response 1: 202e9239-47c7-423a-9cd3-2de09b349c52<-eda58b43-d835-4a06-8ae1-b7a54d57ec10#0:FAIL-t2
2022-05-15 13:40:37,380 [202e9239-47c7-423a-9cd3-2de09b349c52@group-DA51D1B1407C-LeaderElection16] INFO  impl.LeaderElection (LeaderElection.java:askForVotes(308)) - 202e9239-47c7-423a-9cd3-2de09b349c52@group-DA51D1B1407C-LeaderElection16 ELECTION round 0: result REJECTED
2022-05-15 13:40:37,380 [202e9239-47c7-423a-9cd3-2de09b349c52@group-DA51D1B1407C-LeaderElection16] INFO  server.RaftServer$Division (RaftServerImpl.java:setRole(290)) - 202e9239-47c7-423a-9cd3-2de09b349c52@group-DA51D1B1407C: changes role from CANDIDATE to FOLLOWER at term 2 for REJECTED
2022-05-15 13:40:37,380 [202e9239-47c7-423a-9cd3-2de09b349c52@group-DA51D1B1407C-LeaderElection16] INFO  impl.RoleInfo (RoleInfo.java:shutdownLeaderElection(121)) - 202e9239-47c7-423a-9cd3-2de09b349c52: shutdown 202e9239-47c7-423a-9cd3-2de09b349c52@group-DA51D1B1407C-LeaderElection16
2022-05-15 13:40:37,380 [202e9239-47c7-423a-9cd3-2de09b349c52@group-DA51D1B1407C-LeaderElection16] INFO  impl.RoleInfo (RoleInfo.java:updateAndGet(130)) - 202e9239-47c7-423a-9cd3-2de09b349c52: start 202e9239-47c7-423a-9cd3-2de09b349c52@group-DA51D1B1407C-FollowerState
2022-05-15 13:40:37,582 [eda58b43-d835-4a06-8ae1-b7a54d57ec10@group-18FD4C7A5263-FollowerState] INFO  impl.FollowerState (FollowerState.java:run(134)) - eda58b43-d835-4a06-8ae1-b7a54d57ec10@group-18FD4C7A5263-FollowerState: change to CANDIDATE, lastRpcElapsedTime:5077129791ns, electionTimeout:5066ms
2022-05-15 13:40:37,583 [eda58b43-d835-4a06-8ae1-b7a54d57ec10@group-18FD4C7A5263-FollowerState] INFO  impl.RoleInfo (RoleInfo.java:shutdownFollowerState(108)) - eda58b43-d835-4a06-8ae1-b7a54d57ec10: shutdown eda58b43-d835-4a06-8ae1-b7a54d57ec10@group-18FD4C7A5263-FollowerState
2022-05-15 13:40:37,583 [eda58b43-d835-4a06-8ae1-b7a54d57ec10@group-18FD4C7A5263-FollowerState] INFO  server.RaftServer$Division (RaftServerImpl.java:setRole(290)) - eda58b43-d835-4a06-8ae1-b7a54d57ec10@group-18FD4C7A5263: changes role from  FOLLOWER to CANDIDATE at term 1 for changeToCandidate
2022-05-15 13:40:37,583 [eda58b43-d835-4a06-8ae1-b7a54d57ec10@group-18FD4C7A5263-FollowerState] INFO  server.RaftServerConfigKeys (ConfUtils.java:logGet(44)) - raft.server.leaderelection.pre-vote = false (custom)
2022-05-15 13:40:37,583 [eda58b43-d835-4a06-8ae1-b7a54d57ec10@group-18FD4C7A5263-FollowerState] INFO  impl.RoleInfo (RoleInfo.java:updateAndGet(130)) - eda58b43-d835-4a06-8ae1-b7a54d57ec10: start eda58b43-d835-4a06-8ae1-b7a54d57ec10@group-18FD4C7A5263-LeaderElection18
2022-05-15 13:40:37,607 [eda58b43-d835-4a06-8ae1-b7a54d57ec10@group-18FD4C7A5263-LeaderElection18] INFO  impl.LeaderElection (LeaderElection.java:askForVotes(306)) - eda58b43-d835-4a06-8ae1-b7a54d57ec10@group-18FD4C7A5263-LeaderElection18 ELECTION round 0: submit vote requests at term 2 for -1: [79ec004f-76c4-4937-a9ae-fe5f0a16577d|rpc:10.1.0.20:40141|dataStream:|priority:1, eda58b43-d835-4a06-8ae1-b7a54d57ec10|rpc:10.1.0.20:42159|dataStream:|priority:0, 202e9239-47c7-423a-9cd3-2de09b349c52|rpc:10.1.0.20:36687|dataStream:|priority:0], old=null
2022-05-15 13:40:37,620 [79ec004f-76c4-4937-a9ae-fe5f0a16577d@group-18FD4C7A5263-FollowerState] INFO  impl.FollowerState (FollowerState.java:run(134)) - 79ec004f-76c4-4937-a9ae-fe5f0a16577d@group-18FD4C7A5263-FollowerState: change to CANDIDATE, lastRpcElapsedTime:5150133348ns, electionTimeout:5134ms
2022-05-15 13:40:37,620 [79ec004f-76c4-4937-a9ae-fe5f0a16577d@group-18FD4C7A5263-FollowerState] INFO  impl.RoleInfo (RoleInfo.java:shutdownFollowerState(108)) - 79ec004f-76c4-4937-a9ae-fe5f0a16577d: shutdown 79ec004f-76c4-4937-a9ae-fe5f0a16577d@group-18FD4C7A5263-FollowerState
2022-05-15 13:40:37,620 [79ec004f-76c4-4937-a9ae-fe5f0a16577d@group-18FD4C7A5263-FollowerState] INFO  server.RaftServer$Division (RaftServerImpl.java:setRole(290)) - 79ec004f-76c4-4937-a9ae-fe5f0a16577d@group-18FD4C7A5263: changes role from  FOLLOWER to CANDIDATE at term 1 for changeToCandidate
2022-05-15 13:40:37,627 [79ec004f-76c4-4937-a9ae-fe5f0a16577d@group-18FD4C7A5263-FollowerState] INFO  server.RaftServerConfigKeys (ConfUtils.java:logGet(44)) - raft.server.leaderelection.pre-vote = false (custom)
2022-05-15 13:40:37,627 [79ec004f-76c4-4937-a9ae-fe5f0a16577d@group-18FD4C7A5263-FollowerState] INFO  impl.RoleInfo (RoleInfo.java:updateAndGet(130)) - 79ec004f-76c4-4937-a9ae-fe5f0a16577d: start 79ec004f-76c4-4937-a9ae-fe5f0a16577d@group-18FD4C7A5263-LeaderElection19
2022-05-15 13:40:37,642 [79ec004f-76c4-4937-a9ae-fe5f0a16577d@group-18FD4C7A5263-LeaderElection19] INFO  impl.LeaderElection (LeaderElection.java:askForVotes(306)) - 79ec004f-76c4-4937-a9ae-fe5f0a16577d@group-18FD4C7A5263-LeaderElection19 ELECTION round 0: submit vote requests at term 2 for -1: [79ec004f-76c4-4937-a9ae-fe5f0a16577d|rpc:10.1.0.20:40141|dataStream:|priority:1, eda58b43-d835-4a06-8ae1-b7a54d57ec10|rpc:10.1.0.20:42159|dataStream:|priority:0, 202e9239-47c7-423a-9cd3-2de09b349c52|rpc:10.1.0.20:36687|dataStream:|priority:0], old=null
2022-05-15 13:40:37,643 [grpc-default-executor-0] INFO  server.RaftServer$Division (RaftServerImpl.java:requestVote(1046)) - 79ec004f-76c4-4937-a9ae-fe5f0a16577d@group-18FD4C7A5263: receive requestVote(ELECTION, eda58b43-d835-4a06-8ae1-b7a54d57ec10, group-18FD4C7A5263, 2, (t:0, i:0))
2022-05-15 13:40:37,643 [grpc-default-executor-0] INFO  impl.VoteContext (VoteContext.java:log(48)) - 79ec004f-76c4-4937-a9ae-fe5f0a16577d@group-18FD4C7A5263-CANDIDATE: reject ELECTION from eda58b43-d835-4a06-8ae1-b7a54d57ec10: already has voted for 79ec004f-76c4-4937-a9ae-fe5f0a16577d at current term 2
2022-05-15 13:40:37,643 [grpc-default-executor-0] INFO  server.RaftServer$Division (RaftServerImpl.java:requestVote(1078)) - 79ec004f-76c4-4937-a9ae-fe5f0a16577d@group-18FD4C7A5263 replies to ELECTION vote request: eda58b43-d835-4a06-8ae1-b7a54d57ec10<-79ec004f-76c4-4937-a9ae-fe5f0a16577d#0:FAIL-t2. Peer's state: 79ec004f-76c4-4937-a9ae-fe5f0a16577d@group-18FD4C7A5263:t2, leader=null, voted=79ec004f-76c4-4937-a9ae-fe5f0a16577d, raftlog=79ec004f-76c4-4937-a9ae-fe5f0a16577d@group-18FD4C7A5263-SegmentedRaftLog:OPENED:c-1, conf=-1: [79ec004f-76c4-4937-a9ae-fe5f0a16577d|rpc:10.1.0.20:40141|dataStream:|priority:1, eda58b43-d835-4a06-8ae1-b7a54d57ec10|rpc:10.1.0.20:42159|dataStream:|priority:0, 202e9239-47c7-423a-9cd3-2de09b349c52|rpc:10.1.0.20:36687|dataStream:|priority:0], old=null
2022-05-15 13:40:37,643 [grpc-default-executor-1] INFO  server.RaftServer$Division (RaftServerImpl.java:requestVote(1046)) - 202e9239-47c7-423a-9cd3-2de09b349c52@group-18FD4C7A5263: receive requestVote(ELECTION, eda58b43-d835-4a06-8ae1-b7a54d57ec10, group-18FD4C7A5263, 2, (t:0, i:0))
2022-05-15 13:40:37,647 [grpc-default-executor-1] INFO  impl.VoteContext (VoteContext.java:log(48)) - 202e9239-47c7-423a-9cd3-2de09b349c52@group-18FD4C7A5263-FOLLOWER: accept ELECTION from eda58b43-d835-4a06-8ae1-b7a54d57ec10: our priority 0 <= candidate's priority 0
2022-05-15 13:40:37,647 [grpc-default-executor-1] INFO  server.RaftServer$Division (RaftServerImpl.java:setRole(290)) - 202e9239-47c7-423a-9cd3-2de09b349c52@group-18FD4C7A5263: changes role from  FOLLOWER to FOLLOWER at term 2 for candidate:eda58b43-d835-4a06-8ae1-b7a54d57ec10
2022-05-15 13:40:37,647 [grpc-default-executor-1] INFO  impl.RoleInfo (RoleInfo.java:shutdownFollowerState(108)) - 202e9239-47c7-423a-9cd3-2de09b349c52: shutdown 202e9239-47c7-423a-9cd3-2de09b349c52@group-18FD4C7A5263-FollowerState
2022-05-15 13:40:37,647 [grpc-default-executor-1] INFO  impl.RoleInfo (RoleInfo.java:updateAndGet(130)) - 202e9239-47c7-423a-9cd3-2de09b349c52: start 202e9239-47c7-423a-9cd3-2de09b349c52@group-18FD4C7A5263-FollowerState
2022-05-15 13:40:37,647 [202e9239-47c7-423a-9cd3-2de09b349c52@group-18FD4C7A5263-FollowerState] INFO  impl.FollowerState (FollowerState.java:run(143)) - 202e9239-47c7-423a-9cd3-2de09b349c52@group-18FD4C7A5263-FollowerState was interrupted: {}
java.lang.InterruptedException: sleep interrupted
	at java.lang.Thread.sleep(Native Method)
	at java.lang.Thread.sleep(Thread.java:342)
	at java.util.concurrent.TimeUnit.sleep(TimeUnit.java:386)
	at org.apache.ratis.util.TimeDuration.sleep(TimeDuration.java:324)
	at org.apache.ratis.util.TimeDuration.sleep(TimeDuration.java:309)
	at org.apache.ratis.server.impl.FollowerState.run(FollowerState.java:118)
2022-05-15 13:40:37,647 [eda58b43-d835-4a06-8ae1-b7a54d57ec10@group-18FD4C7A5263-LeaderElection18] INFO  impl.LeaderElection (LeaderElection.java:logAndReturn(89)) - eda58b43-d835-4a06-8ae1-b7a54d57ec10@group-18FD4C7A5263-LeaderElection18: ELECTION REJECTED received 1 response(s) and 0 exception(s):
2022-05-15 13:40:37,648 [eda58b43-d835-4a06-8ae1-b7a54d57ec10@group-18FD4C7A5263-LeaderElection18] INFO  impl.LeaderElection (LeaderElection.java:logAndReturn(93)) -   Response 0: eda58b43-d835-4a06-8ae1-b7a54d57ec10<-79ec004f-76c4-4937-a9ae-fe5f0a16577d#0:FAIL-t2
2022-05-15 13:40:37,648 [eda58b43-d835-4a06-8ae1-b7a54d57ec10@group-18FD4C7A5263-LeaderElection18] INFO  impl.LeaderElection (LeaderElection.java:askForVotes(308)) - eda58b43-d835-4a06-8ae1-b7a54d57ec10@group-18FD4C7A5263-LeaderElection18 ELECTION round 0: result REJECTED
2022-05-15 13:40:37,648 [eda58b43-d835-4a06-8ae1-b7a54d57ec10@group-18FD4C7A5263-LeaderElection18] INFO  server.RaftServer$Division (RaftServerImpl.java:setRole(290)) - eda58b43-d835-4a06-8ae1-b7a54d57ec10@group-18FD4C7A5263: changes role from CANDIDATE to FOLLOWER at term 2 for REJECTED
2022-05-15 13:40:37,648 [eda58b43-d835-4a06-8ae1-b7a54d57ec10@group-18FD4C7A5263-LeaderElection18] INFO  impl.RoleInfo (RoleInfo.java:shutdownLeaderElection(121)) - eda58b43-d835-4a06-8ae1-b7a54d57ec10: shutdown eda58b43-d835-4a06-8ae1-b7a54d57ec10@group-18FD4C7A5263-LeaderElection18
2022-05-15 13:40:37,648 [eda58b43-d835-4a06-8ae1-b7a54d57ec10@group-18FD4C7A5263-LeaderElection18] INFO  impl.RoleInfo (RoleInfo.java:updateAndGet(130)) - eda58b43-d835-4a06-8ae1-b7a54d57ec10: start eda58b43-d835-4a06-8ae1-b7a54d57ec10@group-18FD4C7A5263-FollowerState
2022-05-15 13:40:37,660 [grpc-default-executor-1] INFO  server.RaftServer$Division (RaftServerImpl.java:requestVote(1078)) - 202e9239-47c7-423a-9cd3-2de09b349c52@group-18FD4C7A5263 replies to ELECTION vote request: eda58b43-d835-4a06-8ae1-b7a54d57ec10<-202e9239-47c7-423a-9cd3-2de09b349c52#0:OK-t2. Peer's state: 202e9239-47c7-423a-9cd3-2de09b349c52@group-18FD4C7A5263:t2, leader=null, voted=eda58b43-d835-4a06-8ae1-b7a54d57ec10, raftlog=202e9239-47c7-423a-9cd3-2de09b349c52@group-18FD4C7A5263-SegmentedRaftLog:OPENED:c-1, conf=-1: [79ec004f-76c4-4937-a9ae-fe5f0a16577d|rpc:10.1.0.20:40141|priority:1, eda58b43-d835-4a06-8ae1-b7a54d57ec10|rpc:10.1.0.20:42159|priority:0, 202e9239-47c7-423a-9cd3-2de09b349c52|rpc:10.1.0.20:36687|priority:0], old=null
2022-05-15 13:40:37,689 [grpc-default-executor-1] INFO  server.RaftServer$Division (RaftServerImpl.java:requestVote(1046)) - eda58b43-d835-4a06-8ae1-b7a54d57ec10@group-18FD4C7A5263: receive requestVote(ELECTION, 79ec004f-76c4-4937-a9ae-fe5f0a16577d, group-18FD4C7A5263, 2, (t:0, i:0))
2022-05-15 13:40:37,689 [grpc-default-executor-1] INFO  impl.VoteContext (VoteContext.java:log(48)) - eda58b43-d835-4a06-8ae1-b7a54d57ec10@group-18FD4C7A5263-FOLLOWER: reject ELECTION from 79ec004f-76c4-4937-a9ae-fe5f0a16577d: already has voted for eda58b43-d835-4a06-8ae1-b7a54d57ec10 at current term 2
2022-05-15 13:40:37,689 [grpc-default-executor-1] INFO  server.RaftServer$Division (RaftServerImpl.java:requestVote(1078)) - eda58b43-d835-4a06-8ae1-b7a54d57ec10@group-18FD4C7A5263 replies to ELECTION vote request: 79ec004f-76c4-4937-a9ae-fe5f0a16577d<-eda58b43-d835-4a06-8ae1-b7a54d57ec10#0:FAIL-t2. Peer's state: eda58b43-d835-4a06-8ae1-b7a54d57ec10@group-18FD4C7A5263:t2, leader=null, voted=eda58b43-d835-4a06-8ae1-b7a54d57ec10, raftlog=eda58b43-d835-4a06-8ae1-b7a54d57ec10@group-18FD4C7A5263-SegmentedRaftLog:OPENED:c-1, conf=-1: [79ec004f-76c4-4937-a9ae-fe5f0a16577d|rpc:10.1.0.20:40141|dataStream:|priority:1, eda58b43-d835-4a06-8ae1-b7a54d57ec10|rpc:10.1.0.20:42159|dataStream:|priority:0, 202e9239-47c7-423a-9cd3-2de09b349c52|rpc:10.1.0.20:36687|dataStream:|priority:0], old=null
2022-05-15 13:40:37,694 [grpc-default-executor-1] INFO  server.RaftServer$Division (RaftServerImpl.java:requestVote(1046)) - 202e9239-47c7-423a-9cd3-2de09b349c52@group-18FD4C7A5263: receive requestVote(ELECTION, 79ec004f-76c4-4937-a9ae-fe5f0a16577d, group-18FD4C7A5263, 2, (t:0, i:0))
2022-05-15 13:40:37,694 [grpc-default-executor-1] INFO  impl.VoteContext (VoteContext.java:log(48)) - 202e9239-47c7-423a-9cd3-2de09b349c52@group-18FD4C7A5263-FOLLOWER: reject ELECTION from 79ec004f-76c4-4937-a9ae-fe5f0a16577d: already has voted for eda58b43-d835-4a06-8ae1-b7a54d57ec10 at current term 2
2022-05-15 13:40:37,694 [grpc-default-executor-1] INFO  server.RaftServer$Division (RaftServerImpl.java:requestVote(1078)) - 202e9239-47c7-423a-9cd3-2de09b349c52@group-18FD4C7A5263 replies to ELECTION vote request: 79ec004f-76c4-4937-a9ae-fe5f0a16577d<-202e9239-47c7-423a-9cd3-2de09b349c52#0:FAIL-t2. Peer's state: 202e9239-47c7-423a-9cd3-2de09b349c52@group-18FD4C7A5263:t2, leader=null, voted=eda58b43-d835-4a06-8ae1-b7a54d57ec10, raftlog=202e9239-47c7-423a-9cd3-2de09b349c52@group-18FD4C7A5263-SegmentedRaftLog:OPENED:c-1, conf=-1: [79ec004f-76c4-4937-a9ae-fe5f0a16577d|rpc:10.1.0.20:40141|priority:1, eda58b43-d835-4a06-8ae1-b7a54d57ec10|rpc:10.1.0.20:42159|priority:0, 202e9239-47c7-423a-9cd3-2de09b349c52|rpc:10.1.0.20:36687|priority:0], old=null
2022-05-15 13:40:37,695 [79ec004f-76c4-4937-a9ae-fe5f0a16577d@group-18FD4C7A5263-LeaderElection19] INFO  impl.LeaderElection (LeaderElection.java:logAndReturn(89)) - 79ec004f-76c4-4937-a9ae-fe5f0a16577d@group-18FD4C7A5263-LeaderElection19: ELECTION REJECTED received 2 response(s) and 0 exception(s):
2022-05-15 13:40:37,696 [79ec004f-76c4-4937-a9ae-fe5f0a16577d@group-18FD4C7A5263-LeaderElection19] INFO  impl.LeaderElection (LeaderElection.java:logAndReturn(93)) -   Response 0: 79ec004f-76c4-4937-a9ae-fe5f0a16577d<-eda58b43-d835-4a06-8ae1-b7a54d57ec10#0:FAIL-t2
2022-05-15 13:40:37,696 [79ec004f-76c4-4937-a9ae-fe5f0a16577d@group-18FD4C7A5263-LeaderElection19] INFO  impl.LeaderElection (LeaderElection.java:logAndReturn(93)) -   Response 1: 79ec004f-76c4-4937-a9ae-fe5f0a16577d<-202e9239-47c7-423a-9cd3-2de09b349c52#0:FAIL-t2
2022-05-15 13:40:37,696 [79ec004f-76c4-4937-a9ae-fe5f0a16577d@group-18FD4C7A5263-LeaderElection19] INFO  impl.LeaderElection (LeaderElection.java:askForVotes(308)) - 79ec004f-76c4-4937-a9ae-fe5f0a16577d@group-18FD4C7A5263-LeaderElection19 ELECTION round 0: result REJECTED
2022-05-15 13:40:37,696 [79ec004f-76c4-4937-a9ae-fe5f0a16577d@group-18FD4C7A5263-LeaderElection19] INFO  server.RaftServer$Division (RaftServerImpl.java:setRole(290)) - 79ec004f-76c4-4937-a9ae-fe5f0a16577d@group-18FD4C7A5263: changes role from CANDIDATE to FOLLOWER at term 2 for REJECTED
2022-05-15 13:40:37,696 [79ec004f-76c4-4937-a9ae-fe5f0a16577d@group-18FD4C7A5263-LeaderElection19] INFO  impl.RoleInfo (RoleInfo.java:shutdownLeaderElection(121)) - 79ec004f-76c4-4937-a9ae-fe5f0a16577d: shutdown 79ec004f-76c4-4937-a9ae-fe5f0a16577d@group-18FD4C7A5263-LeaderElection19
2022-05-15 13:40:37,696 [79ec004f-76c4-4937-a9ae-fe5f0a16577d@group-18FD4C7A5263-LeaderElection19] INFO  impl.RoleInfo (RoleInfo.java:updateAndGet(130)) - 79ec004f-76c4-4937-a9ae-fe5f0a16577d: start 79ec004f-76c4-4937-a9ae-fe5f0a16577d@group-18FD4C7A5263-FollowerState
2022-05-15 13:40:38,194 [Listener at 127.0.0.1/44033] INFO  ozone.MiniOzoneClusterImpl (MiniOzoneClusterImpl.java:lambda$waitForClusterToBeReady$0(221)) - Nodes are ready. Got 3 of 3 DN Heartbeats.
2022-05-15 13:40:38,195 [Listener at 127.0.0.1/44033] INFO  ozone.MiniOzoneClusterImpl (MiniOzoneClusterImpl.java:lambda$waitForClusterToBeReady$0(224)) - Waiting for cluster to exit safe mode
2022-05-15 13:40:38,195 [Listener at 127.0.0.1/44033] INFO  ozone.MiniOzoneClusterImpl (MiniOzoneClusterImpl.java:lambda$waitForClusterToBeReady$0(226)) - SCM became leader
2022-05-15 13:40:39,195 [Listener at 127.0.0.1/44033] INFO  ozone.MiniOzoneClusterImpl (MiniOzoneClusterImpl.java:lambda$waitForClusterToBeReady$0(221)) - Nodes are ready. Got 3 of 3 DN Heartbeats.
2022-05-15 13:40:39,195 [Listener at 127.0.0.1/44033] INFO  ozone.MiniOzoneClusterImpl (MiniOzoneClusterImpl.java:lambda$waitForClusterToBeReady$0(224)) - Waiting for cluster to exit safe mode
2022-05-15 13:40:39,195 [Listener at 127.0.0.1/44033] INFO  ozone.MiniOzoneClusterImpl (MiniOzoneClusterImpl.java:lambda$waitForClusterToBeReady$0(226)) - SCM became leader
2022-05-15 13:40:40,196 [Listener at 127.0.0.1/44033] INFO  ozone.MiniOzoneClusterImpl (MiniOzoneClusterImpl.java:lambda$waitForClusterToBeReady$0(221)) - Nodes are ready. Got 3 of 3 DN Heartbeats.
2022-05-15 13:40:40,196 [Listener at 127.0.0.1/44033] INFO  ozone.MiniOzoneClusterImpl (MiniOzoneClusterImpl.java:lambda$waitForClusterToBeReady$0(224)) - Waiting for cluster to exit safe mode
2022-05-15 13:40:40,196 [Listener at 127.0.0.1/44033] INFO  ozone.MiniOzoneClusterImpl (MiniOzoneClusterImpl.java:lambda$waitForClusterToBeReady$0(226)) - SCM became leader
2022-05-15 13:40:41,196 [Listener at 127.0.0.1/44033] INFO  ozone.MiniOzoneClusterImpl (MiniOzoneClusterImpl.java:lambda$waitForClusterToBeReady$0(221)) - Nodes are ready. Got 3 of 3 DN Heartbeats.
2022-05-15 13:40:41,196 [Listener at 127.0.0.1/44033] INFO  ozone.MiniOzoneClusterImpl (MiniOzoneClusterImpl.java:lambda$waitForClusterToBeReady$0(224)) - Waiting for cluster to exit safe mode
2022-05-15 13:40:41,196 [Listener at 127.0.0.1/44033] INFO  ozone.MiniOzoneClusterImpl (MiniOzoneClusterImpl.java:lambda$waitForClusterToBeReady$0(226)) - SCM became leader
2022-05-15 13:40:42,197 [Listener at 127.0.0.1/44033] INFO  ozone.MiniOzoneClusterImpl (MiniOzoneClusterImpl.java:lambda$waitForClusterToBeReady$0(221)) - Nodes are ready. Got 3 of 3 DN Heartbeats.
2022-05-15 13:40:42,197 [Listener at 127.0.0.1/44033] INFO  ozone.MiniOzoneClusterImpl (MiniOzoneClusterImpl.java:lambda$waitForClusterToBeReady$0(224)) - Waiting for cluster to exit safe mode
2022-05-15 13:40:42,197 [Listener at 127.0.0.1/44033] INFO  ozone.MiniOzoneClusterImpl (MiniOzoneClusterImpl.java:lambda$waitForClusterToBeReady$0(226)) - SCM became leader
2022-05-15 13:40:42,460 [202e9239-47c7-423a-9cd3-2de09b349c52@group-DA51D1B1407C-FollowerState] INFO  impl.FollowerState (FollowerState.java:run(134)) - 202e9239-47c7-423a-9cd3-2de09b349c52@group-DA51D1B1407C-FollowerState: change to CANDIDATE, lastRpcElapsedTime:5080839015ns, electionTimeout:5069ms
2022-05-15 13:40:42,461 [202e9239-47c7-423a-9cd3-2de09b349c52@group-DA51D1B1407C-FollowerState] INFO  impl.RoleInfo (RoleInfo.java:shutdownFollowerState(108)) - 202e9239-47c7-423a-9cd3-2de09b349c52: shutdown 202e9239-47c7-423a-9cd3-2de09b349c52@group-DA51D1B1407C-FollowerState
2022-05-15 13:40:42,461 [202e9239-47c7-423a-9cd3-2de09b349c52@group-DA51D1B1407C-FollowerState] INFO  server.RaftServer$Division (RaftServerImpl.java:setRole(290)) - 202e9239-47c7-423a-9cd3-2de09b349c52@group-DA51D1B1407C: changes role from  FOLLOWER to CANDIDATE at term 2 for changeToCandidate
2022-05-15 13:40:42,461 [202e9239-47c7-423a-9cd3-2de09b349c52@group-DA51D1B1407C-FollowerState] INFO  server.RaftServerConfigKeys (ConfUtils.java:logGet(44)) - raft.server.leaderelection.pre-vote = false (custom)
2022-05-15 13:40:42,461 [202e9239-47c7-423a-9cd3-2de09b349c52@group-DA51D1B1407C-FollowerState] INFO  impl.RoleInfo (RoleInfo.java:updateAndGet(130)) - 202e9239-47c7-423a-9cd3-2de09b349c52: start 202e9239-47c7-423a-9cd3-2de09b349c52@group-DA51D1B1407C-LeaderElection20
2022-05-15 13:40:42,471 [202e9239-47c7-423a-9cd3-2de09b349c52@group-DA51D1B1407C-LeaderElection20] INFO  impl.LeaderElection (LeaderElection.java:askForVotes(306)) - 202e9239-47c7-423a-9cd3-2de09b349c52@group-DA51D1B1407C-LeaderElection20 ELECTION round 0: submit vote requests at term 3 for -1: [79ec004f-76c4-4937-a9ae-fe5f0a16577d|rpc:10.1.0.20:40141|priority:0, eda58b43-d835-4a06-8ae1-b7a54d57ec10|rpc:10.1.0.20:42159|priority:1, 202e9239-47c7-423a-9cd3-2de09b349c52|rpc:10.1.0.20:36687|priority:0], old=null
2022-05-15 13:40:42,480 [eda58b43-d835-4a06-8ae1-b7a54d57ec10@group-DA51D1B1407C-FollowerState] INFO  impl.FollowerState (FollowerState.java:run(134)) - eda58b43-d835-4a06-8ae1-b7a54d57ec10@group-DA51D1B1407C-FollowerState: change to CANDIDATE, lastRpcElapsedTime:5127044519ns, electionTimeout:5099ms
2022-05-15 13:40:42,480 [eda58b43-d835-4a06-8ae1-b7a54d57ec10@group-DA51D1B1407C-FollowerState] INFO  impl.RoleInfo (RoleInfo.java:shutdownFollowerState(108)) - eda58b43-d835-4a06-8ae1-b7a54d57ec10: shutdown eda58b43-d835-4a06-8ae1-b7a54d57ec10@group-DA51D1B1407C-FollowerState
2022-05-15 13:40:42,480 [eda58b43-d835-4a06-8ae1-b7a54d57ec10@group-DA51D1B1407C-FollowerState] INFO  server.RaftServer$Division (RaftServerImpl.java:setRole(290)) - eda58b43-d835-4a06-8ae1-b7a54d57ec10@group-DA51D1B1407C: changes role from  FOLLOWER to CANDIDATE at term 2 for changeToCandidate
2022-05-15 13:40:42,480 [eda58b43-d835-4a06-8ae1-b7a54d57ec10@group-DA51D1B1407C-FollowerState] INFO  server.RaftServerConfigKeys (ConfUtils.java:logGet(44)) - raft.server.leaderelection.pre-vote = false (custom)
2022-05-15 13:40:42,480 [eda58b43-d835-4a06-8ae1-b7a54d57ec10@group-DA51D1B1407C-FollowerState] INFO  impl.RoleInfo (RoleInfo.java:updateAndGet(130)) - eda58b43-d835-4a06-8ae1-b7a54d57ec10: start eda58b43-d835-4a06-8ae1-b7a54d57ec10@group-DA51D1B1407C-LeaderElection21
2022-05-15 13:40:42,495 [grpc-default-executor-1] INFO  server.RaftServer$Division (RaftServerImpl.java:requestVote(1046)) - 79ec004f-76c4-4937-a9ae-fe5f0a16577d@group-DA51D1B1407C: receive requestVote(ELECTION, 202e9239-47c7-423a-9cd3-2de09b349c52, group-DA51D1B1407C, 3, (t:0, i:0))
2022-05-15 13:40:42,495 [grpc-default-executor-1] INFO  impl.VoteContext (VoteContext.java:log(48)) - 79ec004f-76c4-4937-a9ae-fe5f0a16577d@group-DA51D1B1407C-FOLLOWER: accept ELECTION from 202e9239-47c7-423a-9cd3-2de09b349c52: our priority 0 <= candidate's priority 0
2022-05-15 13:40:42,495 [grpc-default-executor-1] INFO  server.RaftServer$Division (RaftServerImpl.java:setRole(290)) - 79ec004f-76c4-4937-a9ae-fe5f0a16577d@group-DA51D1B1407C: changes role from  FOLLOWER to FOLLOWER at term 3 for candidate:202e9239-47c7-423a-9cd3-2de09b349c52
2022-05-15 13:40:42,495 [grpc-default-executor-1] INFO  impl.RoleInfo (RoleInfo.java:shutdownFollowerState(108)) - 79ec004f-76c4-4937-a9ae-fe5f0a16577d: shutdown 79ec004f-76c4-4937-a9ae-fe5f0a16577d@group-DA51D1B1407C-FollowerState
2022-05-15 13:40:42,495 [grpc-default-executor-1] INFO  impl.RoleInfo (RoleInfo.java:updateAndGet(130)) - 79ec004f-76c4-4937-a9ae-fe5f0a16577d: start 79ec004f-76c4-4937-a9ae-fe5f0a16577d@group-DA51D1B1407C-FollowerState
2022-05-15 13:40:42,495 [79ec004f-76c4-4937-a9ae-fe5f0a16577d@group-DA51D1B1407C-FollowerState] INFO  impl.FollowerState (FollowerState.java:run(143)) - 79ec004f-76c4-4937-a9ae-fe5f0a16577d@group-DA51D1B1407C-FollowerState was interrupted: {}
java.lang.InterruptedException: sleep interrupted
	at java.lang.Thread.sleep(Native Method)
	at java.lang.Thread.sleep(Thread.java:342)
	at java.util.concurrent.TimeUnit.sleep(TimeUnit.java:386)
	at org.apache.ratis.util.TimeDuration.sleep(TimeDuration.java:324)
	at org.apache.ratis.util.TimeDuration.sleep(TimeDuration.java:309)
	at org.apache.ratis.server.impl.FollowerState.run(FollowerState.java:118)
2022-05-15 13:40:42,502 [grpc-default-executor-1] INFO  server.RaftServer$Division (RaftServerImpl.java:requestVote(1078)) - 79ec004f-76c4-4937-a9ae-fe5f0a16577d@group-DA51D1B1407C replies to ELECTION vote request: 202e9239-47c7-423a-9cd3-2de09b349c52<-79ec004f-76c4-4937-a9ae-fe5f0a16577d#0:OK-t3. Peer's state: 79ec004f-76c4-4937-a9ae-fe5f0a16577d@group-DA51D1B1407C:t3, leader=null, voted=202e9239-47c7-423a-9cd3-2de09b349c52, raftlog=79ec004f-76c4-4937-a9ae-fe5f0a16577d@group-DA51D1B1407C-SegmentedRaftLog:OPENED:c-1, conf=-1: [79ec004f-76c4-4937-a9ae-fe5f0a16577d|rpc:10.1.0.20:40141|dataStream:|priority:0, eda58b43-d835-4a06-8ae1-b7a54d57ec10|rpc:10.1.0.20:42159|dataStream:|priority:1, 202e9239-47c7-423a-9cd3-2de09b349c52|rpc:10.1.0.20:36687|dataStream:|priority:0], old=null
2022-05-15 13:40:42,508 [eda58b43-d835-4a06-8ae1-b7a54d57ec10@group-DA51D1B1407C-LeaderElection21] INFO  impl.LeaderElection (LeaderElection.java:askForVotes(306)) - eda58b43-d835-4a06-8ae1-b7a54d57ec10@group-DA51D1B1407C-LeaderElection21 ELECTION round 0: submit vote requests at term 3 for -1: [79ec004f-76c4-4937-a9ae-fe5f0a16577d|rpc:10.1.0.20:40141|dataStream:|priority:0, eda58b43-d835-4a06-8ae1-b7a54d57ec10|rpc:10.1.0.20:42159|dataStream:|priority:1, 202e9239-47c7-423a-9cd3-2de09b349c52|rpc:10.1.0.20:36687|dataStream:|priority:0], old=null
2022-05-15 13:40:42,525 [grpc-default-executor-1] INFO  server.RaftServer$Division (RaftServerImpl.java:requestVote(1046)) - eda58b43-d835-4a06-8ae1-b7a54d57ec10@group-DA51D1B1407C: receive requestVote(ELECTION, 202e9239-47c7-423a-9cd3-2de09b349c52, group-DA51D1B1407C, 3, (t:0, i:0))
2022-05-15 13:40:42,530 [grpc-default-executor-0] INFO  server.RaftServer$Division (RaftServerImpl.java:requestVote(1046)) - 79ec004f-76c4-4937-a9ae-fe5f0a16577d@group-DA51D1B1407C: receive requestVote(ELECTION, eda58b43-d835-4a06-8ae1-b7a54d57ec10, group-DA51D1B1407C, 3, (t:0, i:0))
2022-05-15 13:40:42,535 [grpc-default-executor-0] INFO  impl.VoteContext (VoteContext.java:log(48)) - 79ec004f-76c4-4937-a9ae-fe5f0a16577d@group-DA51D1B1407C-FOLLOWER: reject ELECTION from eda58b43-d835-4a06-8ae1-b7a54d57ec10: already has voted for 202e9239-47c7-423a-9cd3-2de09b349c52 at current term 3
2022-05-15 13:40:42,535 [grpc-default-executor-0] INFO  server.RaftServer$Division (RaftServerImpl.java:requestVote(1078)) - 79ec004f-76c4-4937-a9ae-fe5f0a16577d@group-DA51D1B1407C replies to ELECTION vote request: eda58b43-d835-4a06-8ae1-b7a54d57ec10<-79ec004f-76c4-4937-a9ae-fe5f0a16577d#0:FAIL-t3. Peer's state: 79ec004f-76c4-4937-a9ae-fe5f0a16577d@group-DA51D1B1407C:t3, leader=null, voted=202e9239-47c7-423a-9cd3-2de09b349c52, raftlog=79ec004f-76c4-4937-a9ae-fe5f0a16577d@group-DA51D1B1407C-SegmentedRaftLog:OPENED:c-1, conf=-1: [79ec004f-76c4-4937-a9ae-fe5f0a16577d|rpc:10.1.0.20:40141|dataStream:|priority:0, eda58b43-d835-4a06-8ae1-b7a54d57ec10|rpc:10.1.0.20:42159|dataStream:|priority:1, 202e9239-47c7-423a-9cd3-2de09b349c52|rpc:10.1.0.20:36687|dataStream:|priority:0], old=null
2022-05-15 13:40:42,530 [grpc-default-executor-1] INFO  impl.VoteContext (VoteContext.java:log(48)) - eda58b43-d835-4a06-8ae1-b7a54d57ec10@group-DA51D1B1407C-CANDIDATE: reject ELECTION from 202e9239-47c7-423a-9cd3-2de09b349c52: already has voted for eda58b43-d835-4a06-8ae1-b7a54d57ec10 at current term 3
2022-05-15 13:40:42,535 [grpc-default-executor-1] INFO  server.RaftServer$Division (RaftServerImpl.java:requestVote(1078)) - eda58b43-d835-4a06-8ae1-b7a54d57ec10@group-DA51D1B1407C replies to ELECTION vote request: 202e9239-47c7-423a-9cd3-2de09b349c52<-eda58b43-d835-4a06-8ae1-b7a54d57ec10#0:FAIL-t3. Peer's state: eda58b43-d835-4a06-8ae1-b7a54d57ec10@group-DA51D1B1407C:t3, leader=null, voted=eda58b43-d835-4a06-8ae1-b7a54d57ec10, raftlog=eda58b43-d835-4a06-8ae1-b7a54d57ec10@group-DA51D1B1407C-SegmentedRaftLog:OPENED:c-1, conf=-1: [79ec004f-76c4-4937-a9ae-fe5f0a16577d|rpc:10.1.0.20:40141|dataStream:|priority:0, eda58b43-d835-4a06-8ae1-b7a54d57ec10|rpc:10.1.0.20:42159|dataStream:|priority:1, 202e9239-47c7-423a-9cd3-2de09b349c52|rpc:10.1.0.20:36687|dataStream:|priority:0], old=null
2022-05-15 13:40:42,537 [202e9239-47c7-423a-9cd3-2de09b349c52@group-DA51D1B1407C-LeaderElection20] INFO  impl.LeaderElection (LeaderElection.java:logAndReturn(89)) - 202e9239-47c7-423a-9cd3-2de09b349c52@group-DA51D1B1407C-LeaderElection20: ELECTION REJECTED received 2 response(s) and 0 exception(s):
2022-05-15 13:40:42,540 [202e9239-47c7-423a-9cd3-2de09b349c52@group-DA51D1B1407C-LeaderElection20] INFO  impl.LeaderElection (LeaderElection.java:logAndReturn(93)) -   Response 0: 202e9239-47c7-423a-9cd3-2de09b349c52<-79ec004f-76c4-4937-a9ae-fe5f0a16577d#0:OK-t3
2022-05-15 13:40:42,541 [202e9239-47c7-423a-9cd3-2de09b349c52@group-DA51D1B1407C-LeaderElection20] INFO  impl.LeaderElection (LeaderElection.java:logAndReturn(93)) -   Response 1: 202e9239-47c7-423a-9cd3-2de09b349c52<-eda58b43-d835-4a06-8ae1-b7a54d57ec10#0:FAIL-t3
2022-05-15 13:40:42,541 [202e9239-47c7-423a-9cd3-2de09b349c52@group-DA51D1B1407C-LeaderElection20] INFO  impl.LeaderElection (LeaderElection.java:askForVotes(308)) - 202e9239-47c7-423a-9cd3-2de09b349c52@group-DA51D1B1407C-LeaderElection20 ELECTION round 0: result REJECTED
2022-05-15 13:40:42,541 [202e9239-47c7-423a-9cd3-2de09b349c52@group-DA51D1B1407C-LeaderElection20] INFO  server.RaftServer$Division (RaftServerImpl.java:setRole(290)) - 202e9239-47c7-423a-9cd3-2de09b349c52@group-DA51D1B1407C: changes role from CANDIDATE to FOLLOWER at term 3 for REJECTED
2022-05-15 13:40:42,541 [202e9239-47c7-423a-9cd3-2de09b349c52@group-DA51D1B1407C-LeaderElection20] INFO  impl.RoleInfo (RoleInfo.java:shutdownLeaderElection(121)) - 202e9239-47c7-423a-9cd3-2de09b349c52: shutdown 202e9239-47c7-423a-9cd3-2de09b349c52@group-DA51D1B1407C-LeaderElection20
2022-05-15 13:40:42,541 [202e9239-47c7-423a-9cd3-2de09b349c52@group-DA51D1B1407C-LeaderElection20] INFO  impl.RoleInfo (RoleInfo.java:updateAndGet(130)) - 202e9239-47c7-423a-9cd3-2de09b349c52: start 202e9239-47c7-423a-9cd3-2de09b349c52@group-DA51D1B1407C-FollowerState
2022-05-15 13:40:42,549 [grpc-default-executor-2] INFO  server.RaftServer$Division (RaftServerImpl.java:requestVote(1046)) - 202e9239-47c7-423a-9cd3-2de09b349c52@group-DA51D1B1407C: receive requestVote(ELECTION, eda58b43-d835-4a06-8ae1-b7a54d57ec10, group-DA51D1B1407C, 3, (t:0, i:0))
2022-05-15 13:40:42,549 [grpc-default-executor-2] INFO  impl.VoteContext (VoteContext.java:log(48)) - 202e9239-47c7-423a-9cd3-2de09b349c52@group-DA51D1B1407C-FOLLOWER: reject ELECTION from eda58b43-d835-4a06-8ae1-b7a54d57ec10: already has voted for 202e9239-47c7-423a-9cd3-2de09b349c52 at current term 3
2022-05-15 13:40:42,549 [grpc-default-executor-2] INFO  server.RaftServer$Division (RaftServerImpl.java:requestVote(1078)) - 202e9239-47c7-423a-9cd3-2de09b349c52@group-DA51D1B1407C replies to ELECTION vote request: eda58b43-d835-4a06-8ae1-b7a54d57ec10<-202e9239-47c7-423a-9cd3-2de09b349c52#0:FAIL-t3. Peer's state: 202e9239-47c7-423a-9cd3-2de09b349c52@group-DA51D1B1407C:t3, leader=null, voted=202e9239-47c7-423a-9cd3-2de09b349c52, raftlog=202e9239-47c7-423a-9cd3-2de09b349c52@group-DA51D1B1407C-SegmentedRaftLog:OPENED:c-1, conf=-1: [79ec004f-76c4-4937-a9ae-fe5f0a16577d|rpc:10.1.0.20:40141|priority:0, eda58b43-d835-4a06-8ae1-b7a54d57ec10|rpc:10.1.0.20:42159|priority:1, 202e9239-47c7-423a-9cd3-2de09b349c52|rpc:10.1.0.20:36687|priority:0], old=null
2022-05-15 13:40:42,550 [eda58b43-d835-4a06-8ae1-b7a54d57ec10@group-DA51D1B1407C-LeaderElection21] INFO  impl.LeaderElection (LeaderElection.java:logAndReturn(89)) - eda58b43-d835-4a06-8ae1-b7a54d57ec10@group-DA51D1B1407C-LeaderElection21: ELECTION REJECTED received 2 response(s) and 0 exception(s):
2022-05-15 13:40:42,550 [eda58b43-d835-4a06-8ae1-b7a54d57ec10@group-DA51D1B1407C-LeaderElection21] INFO  impl.LeaderElection (LeaderElection.java:logAndReturn(93)) -   Response 0: eda58b43-d835-4a06-8ae1-b7a54d57ec10<-79ec004f-76c4-4937-a9ae-fe5f0a16577d#0:FAIL-t3
2022-05-15 13:40:42,551 [eda58b43-d835-4a06-8ae1-b7a54d57ec10@group-DA51D1B1407C-LeaderElection21] INFO  impl.LeaderElection (LeaderElection.java:logAndReturn(93)) -   Response 1: eda58b43-d835-4a06-8ae1-b7a54d57ec10<-202e9239-47c7-423a-9cd3-2de09b349c52#0:FAIL-t3
2022-05-15 13:40:42,551 [eda58b43-d835-4a06-8ae1-b7a54d57ec10@group-DA51D1B1407C-LeaderElection21] INFO  impl.LeaderElection (LeaderElection.java:askForVotes(308)) - eda58b43-d835-4a06-8ae1-b7a54d57ec10@group-DA51D1B1407C-LeaderElection21 ELECTION round 0: result REJECTED
2022-05-15 13:40:42,551 [eda58b43-d835-4a06-8ae1-b7a54d57ec10@group-DA51D1B1407C-LeaderElection21] INFO  server.RaftServer$Division (RaftServerImpl.java:setRole(290)) - eda58b43-d835-4a06-8ae1-b7a54d57ec10@group-DA51D1B1407C: changes role from CANDIDATE to FOLLOWER at term 3 for REJECTED
2022-05-15 13:40:42,551 [eda58b43-d835-4a06-8ae1-b7a54d57ec10@group-DA51D1B1407C-LeaderElection21] INFO  impl.RoleInfo (RoleInfo.java:shutdownLeaderElection(121)) - eda58b43-d835-4a06-8ae1-b7a54d57ec10: shutdown eda58b43-d835-4a06-8ae1-b7a54d57ec10@group-DA51D1B1407C-LeaderElection21
2022-05-15 13:40:42,551 [eda58b43-d835-4a06-8ae1-b7a54d57ec10@group-DA51D1B1407C-LeaderElection21] INFO  impl.RoleInfo (RoleInfo.java:updateAndGet(130)) - eda58b43-d835-4a06-8ae1-b7a54d57ec10: start eda58b43-d835-4a06-8ae1-b7a54d57ec10@group-DA51D1B1407C-FollowerState
2022-05-15 13:40:42,701 [eda58b43-d835-4a06-8ae1-b7a54d57ec10@group-18FD4C7A5263-FollowerState] INFO  impl.FollowerState (FollowerState.java:run(134)) - eda58b43-d835-4a06-8ae1-b7a54d57ec10@group-18FD4C7A5263-FollowerState: change to CANDIDATE, lastRpcElapsedTime:5053402254ns, electionTimeout:5021ms
2022-05-15 13:40:42,701 [eda58b43-d835-4a06-8ae1-b7a54d57ec10@group-18FD4C7A5263-FollowerState] INFO  impl.RoleInfo (RoleInfo.java:shutdownFollowerState(108)) - eda58b43-d835-4a06-8ae1-b7a54d57ec10: shutdown eda58b43-d835-4a06-8ae1-b7a54d57ec10@group-18FD4C7A5263-FollowerState
2022-05-15 13:40:42,701 [eda58b43-d835-4a06-8ae1-b7a54d57ec10@group-18FD4C7A5263-FollowerState] INFO  server.RaftServer$Division (RaftServerImpl.java:setRole(290)) - eda58b43-d835-4a06-8ae1-b7a54d57ec10@group-18FD4C7A5263: changes role from  FOLLOWER to CANDIDATE at term 2 for changeToCandidate
2022-05-15 13:40:42,701 [eda58b43-d835-4a06-8ae1-b7a54d57ec10@group-18FD4C7A5263-FollowerState] INFO  server.RaftServerConfigKeys (ConfUtils.java:logGet(44)) - raft.server.leaderelection.pre-vote = false (custom)
2022-05-15 13:40:42,701 [eda58b43-d835-4a06-8ae1-b7a54d57ec10@group-18FD4C7A5263-FollowerState] INFO  impl.RoleInfo (RoleInfo.java:updateAndGet(130)) - eda58b43-d835-4a06-8ae1-b7a54d57ec10: start eda58b43-d835-4a06-8ae1-b7a54d57ec10@group-18FD4C7A5263-LeaderElection22
2022-05-15 13:40:42,716 [eda58b43-d835-4a06-8ae1-b7a54d57ec10@group-18FD4C7A5263-LeaderElection22] INFO  impl.LeaderElection (LeaderElection.java:askForVotes(306)) - eda58b43-d835-4a06-8ae1-b7a54d57ec10@group-18FD4C7A5263-LeaderElection22 ELECTION round 0: submit vote requests at term 3 for -1: [79ec004f-76c4-4937-a9ae-fe5f0a16577d|rpc:10.1.0.20:40141|dataStream:|priority:1, eda58b43-d835-4a06-8ae1-b7a54d57ec10|rpc:10.1.0.20:42159|dataStream:|priority:0, 202e9239-47c7-423a-9cd3-2de09b349c52|rpc:10.1.0.20:36687|dataStream:|priority:0], old=null
2022-05-15 13:40:42,719 [202e9239-47c7-423a-9cd3-2de09b349c52@group-18FD4C7A5263-FollowerState] INFO  impl.FollowerState (FollowerState.java:run(134)) - 202e9239-47c7-423a-9cd3-2de09b349c52@group-18FD4C7A5263-FollowerState: change to CANDIDATE, lastRpcElapsedTime:5059455733ns, electionTimeout:5049ms
2022-05-15 13:40:42,719 [202e9239-47c7-423a-9cd3-2de09b349c52@group-18FD4C7A5263-FollowerState] INFO  impl.RoleInfo (RoleInfo.java:shutdownFollowerState(108)) - 202e9239-47c7-423a-9cd3-2de09b349c52: shutdown 202e9239-47c7-423a-9cd3-2de09b349c52@group-18FD4C7A5263-FollowerState
2022-05-15 13:40:42,719 [202e9239-47c7-423a-9cd3-2de09b349c52@group-18FD4C7A5263-FollowerState] INFO  server.RaftServer$Division (RaftServerImpl.java:setRole(290)) - 202e9239-47c7-423a-9cd3-2de09b349c52@group-18FD4C7A5263: changes role from  FOLLOWER to CANDIDATE at term 2 for changeToCandidate
2022-05-15 13:40:42,730 [202e9239-47c7-423a-9cd3-2de09b349c52@group-18FD4C7A5263-FollowerState] INFO  server.RaftServerConfigKeys (ConfUtils.java:logGet(44)) - raft.server.leaderelection.pre-vote = false (custom)
2022-05-15 13:40:42,730 [202e9239-47c7-423a-9cd3-2de09b349c52@group-18FD4C7A5263-FollowerState] INFO  impl.RoleInfo (RoleInfo.java:updateAndGet(130)) - 202e9239-47c7-423a-9cd3-2de09b349c52: start 202e9239-47c7-423a-9cd3-2de09b349c52@group-18FD4C7A5263-LeaderElection23
2022-05-15 13:40:42,743 [grpc-default-executor-2] INFO  server.RaftServer$Division (RaftServerImpl.java:requestVote(1046)) - 79ec004f-76c4-4937-a9ae-fe5f0a16577d@group-18FD4C7A5263: receive requestVote(ELECTION, eda58b43-d835-4a06-8ae1-b7a54d57ec10, group-18FD4C7A5263, 3, (t:0, i:0))
2022-05-15 13:40:42,743 [grpc-default-executor-2] INFO  impl.VoteContext (VoteContext.java:log(48)) - 79ec004f-76c4-4937-a9ae-fe5f0a16577d@group-18FD4C7A5263-FOLLOWER: reject ELECTION from eda58b43-d835-4a06-8ae1-b7a54d57ec10: our priority 1 > candidate's priority 0
2022-05-15 13:40:42,743 [grpc-default-executor-2] INFO  server.RaftServer$Division (RaftServerImpl.java:setRole(290)) - 79ec004f-76c4-4937-a9ae-fe5f0a16577d@group-18FD4C7A5263: changes role from  FOLLOWER to FOLLOWER at term 3 for candidate:eda58b43-d835-4a06-8ae1-b7a54d57ec10
2022-05-15 13:40:42,743 [grpc-default-executor-2] INFO  impl.RoleInfo (RoleInfo.java:shutdownFollowerState(108)) - 79ec004f-76c4-4937-a9ae-fe5f0a16577d: shutdown 79ec004f-76c4-4937-a9ae-fe5f0a16577d@group-18FD4C7A5263-FollowerState
2022-05-15 13:40:42,743 [grpc-default-executor-2] INFO  impl.RoleInfo (RoleInfo.java:updateAndGet(130)) - 79ec004f-76c4-4937-a9ae-fe5f0a16577d: start 79ec004f-76c4-4937-a9ae-fe5f0a16577d@group-18FD4C7A5263-FollowerState
2022-05-15 13:40:42,745 [79ec004f-76c4-4937-a9ae-fe5f0a16577d@group-18FD4C7A5263-FollowerState] INFO  impl.FollowerState (FollowerState.java:run(143)) - 79ec004f-76c4-4937-a9ae-fe5f0a16577d@group-18FD4C7A5263-FollowerState was interrupted: {}
java.lang.InterruptedException: sleep interrupted
	at java.lang.Thread.sleep(Native Method)
	at java.lang.Thread.sleep(Thread.java:342)
	at java.util.concurrent.TimeUnit.sleep(TimeUnit.java:386)
	at org.apache.ratis.util.TimeDuration.sleep(TimeDuration.java:324)
	at org.apache.ratis.util.TimeDuration.sleep(TimeDuration.java:309)
	at org.apache.ratis.server.impl.FollowerState.run(FollowerState.java:118)
2022-05-15 13:40:42,746 [grpc-default-executor-2] INFO  server.RaftServer$Division (RaftServerImpl.java:requestVote(1078)) - 79ec004f-76c4-4937-a9ae-fe5f0a16577d@group-18FD4C7A5263 replies to ELECTION vote request: eda58b43-d835-4a06-8ae1-b7a54d57ec10<-79ec004f-76c4-4937-a9ae-fe5f0a16577d#0:FAIL-t3. Peer's state: 79ec004f-76c4-4937-a9ae-fe5f0a16577d@group-18FD4C7A5263:t3, leader=null, voted=null, raftlog=79ec004f-76c4-4937-a9ae-fe5f0a16577d@group-18FD4C7A5263-SegmentedRaftLog:OPENED:c-1, conf=-1: [79ec004f-76c4-4937-a9ae-fe5f0a16577d|rpc:10.1.0.20:40141|dataStream:|priority:1, eda58b43-d835-4a06-8ae1-b7a54d57ec10|rpc:10.1.0.20:42159|dataStream:|priority:0, 202e9239-47c7-423a-9cd3-2de09b349c52|rpc:10.1.0.20:36687|dataStream:|priority:0], old=null
2022-05-15 13:40:42,750 [eda58b43-d835-4a06-8ae1-b7a54d57ec10@group-18FD4C7A5263-LeaderElection22] INFO  impl.LeaderElection (LeaderElection.java:logAndReturn(89)) - eda58b43-d835-4a06-8ae1-b7a54d57ec10@group-18FD4C7A5263-LeaderElection22: ELECTION REJECTED received 1 response(s) and 0 exception(s):
2022-05-15 13:40:42,750 [eda58b43-d835-4a06-8ae1-b7a54d57ec10@group-18FD4C7A5263-LeaderElection22] INFO  impl.LeaderElection (LeaderElection.java:logAndReturn(93)) -   Response 0: eda58b43-d835-4a06-8ae1-b7a54d57ec10<-79ec004f-76c4-4937-a9ae-fe5f0a16577d#0:FAIL-t3
2022-05-15 13:40:42,750 [eda58b43-d835-4a06-8ae1-b7a54d57ec10@group-18FD4C7A5263-LeaderElection22] INFO  impl.LeaderElection (LeaderElection.java:askForVotes(308)) - eda58b43-d835-4a06-8ae1-b7a54d57ec10@group-18FD4C7A5263-LeaderElection22 ELECTION round 0: result REJECTED
2022-05-15 13:40:42,751 [eda58b43-d835-4a06-8ae1-b7a54d57ec10@group-18FD4C7A5263-LeaderElection22] INFO  server.RaftServer$Division (RaftServerImpl.java:setRole(290)) - eda58b43-d835-4a06-8ae1-b7a54d57ec10@group-18FD4C7A5263: changes role from CANDIDATE to FOLLOWER at term 3 for REJECTED
2022-05-15 13:40:42,751 [eda58b43-d835-4a06-8ae1-b7a54d57ec10@group-18FD4C7A5263-LeaderElection22] INFO  impl.RoleInfo (RoleInfo.java:shutdownLeaderElection(121)) - eda58b43-d835-4a06-8ae1-b7a54d57ec10: shutdown eda58b43-d835-4a06-8ae1-b7a54d57ec10@group-18FD4C7A5263-LeaderElection22
2022-05-15 13:40:42,751 [eda58b43-d835-4a06-8ae1-b7a54d57ec10@group-18FD4C7A5263-LeaderElection22] INFO  impl.RoleInfo (RoleInfo.java:updateAndGet(130)) - eda58b43-d835-4a06-8ae1-b7a54d57ec10: start eda58b43-d835-4a06-8ae1-b7a54d57ec10@group-18FD4C7A5263-FollowerState
2022-05-15 13:40:42,758 [grpc-default-executor-2] INFO  server.RaftServer$Division (RaftServerImpl.java:requestVote(1046)) - 202e9239-47c7-423a-9cd3-2de09b349c52@group-18FD4C7A5263: receive requestVote(ELECTION, eda58b43-d835-4a06-8ae1-b7a54d57ec10, group-18FD4C7A5263, 3, (t:0, i:0))
2022-05-15 13:40:42,759 [202e9239-47c7-423a-9cd3-2de09b349c52@group-18FD4C7A5263-LeaderElection23] INFO  impl.LeaderElection (LeaderElection.java:askForVotes(306)) - 202e9239-47c7-423a-9cd3-2de09b349c52@group-18FD4C7A5263-LeaderElection23 ELECTION round 0: submit vote requests at term 3 for -1: [79ec004f-76c4-4937-a9ae-fe5f0a16577d|rpc:10.1.0.20:40141|priority:1, eda58b43-d835-4a06-8ae1-b7a54d57ec10|rpc:10.1.0.20:42159|priority:0, 202e9239-47c7-423a-9cd3-2de09b349c52|rpc:10.1.0.20:36687|priority:0], old=null
2022-05-15 13:40:42,759 [grpc-default-executor-2] INFO  impl.VoteContext (VoteContext.java:log(48)) - 202e9239-47c7-423a-9cd3-2de09b349c52@group-18FD4C7A5263-CANDIDATE: reject ELECTION from eda58b43-d835-4a06-8ae1-b7a54d57ec10: already has voted for 202e9239-47c7-423a-9cd3-2de09b349c52 at current term 3
2022-05-15 13:40:42,760 [grpc-default-executor-2] INFO  server.RaftServer$Division (RaftServerImpl.java:requestVote(1078)) - 202e9239-47c7-423a-9cd3-2de09b349c52@group-18FD4C7A5263 replies to ELECTION vote request: eda58b43-d835-4a06-8ae1-b7a54d57ec10<-202e9239-47c7-423a-9cd3-2de09b349c52#0:FAIL-t3. Peer's state: 202e9239-47c7-423a-9cd3-2de09b349c52@group-18FD4C7A5263:t3, leader=null, voted=202e9239-47c7-423a-9cd3-2de09b349c52, raftlog=202e9239-47c7-423a-9cd3-2de09b349c52@group-18FD4C7A5263-SegmentedRaftLog:OPENED:c-1, conf=-1: [79ec004f-76c4-4937-a9ae-fe5f0a16577d|rpc:10.1.0.20:40141|priority:1, eda58b43-d835-4a06-8ae1-b7a54d57ec10|rpc:10.1.0.20:42159|priority:0, 202e9239-47c7-423a-9cd3-2de09b349c52|rpc:10.1.0.20:36687|priority:0], old=null
2022-05-15 13:40:42,781 [grpc-default-executor-2] INFO  server.RaftServer$Division (RaftServerImpl.java:requestVote(1046)) - 79ec004f-76c4-4937-a9ae-fe5f0a16577d@group-18FD4C7A5263: receive requestVote(ELECTION, 202e9239-47c7-423a-9cd3-2de09b349c52, group-18FD4C7A5263, 3, (t:0, i:0))
2022-05-15 13:40:42,782 [grpc-default-executor-2] INFO  impl.VoteContext (VoteContext.java:log(48)) - 79ec004f-76c4-4937-a9ae-fe5f0a16577d@group-18FD4C7A5263-FOLLOWER: reject ELECTION from 202e9239-47c7-423a-9cd3-2de09b349c52: our priority 1 > candidate's priority 0
2022-05-15 13:40:42,782 [grpc-default-executor-2] INFO  server.RaftServer$Division (RaftServerImpl.java:setRole(290)) - 79ec004f-76c4-4937-a9ae-fe5f0a16577d@group-18FD4C7A5263: changes role from  FOLLOWER to FOLLOWER at term 3 for candidate:202e9239-47c7-423a-9cd3-2de09b349c52
2022-05-15 13:40:42,782 [grpc-default-executor-2] INFO  impl.RoleInfo (RoleInfo.java:shutdownFollowerState(108)) - 79ec004f-76c4-4937-a9ae-fe5f0a16577d: shutdown 79ec004f-76c4-4937-a9ae-fe5f0a16577d@group-18FD4C7A5263-FollowerState
2022-05-15 13:40:42,782 [grpc-default-executor-2] INFO  impl.RoleInfo (RoleInfo.java:updateAndGet(130)) - 79ec004f-76c4-4937-a9ae-fe5f0a16577d: start 79ec004f-76c4-4937-a9ae-fe5f0a16577d@group-18FD4C7A5263-FollowerState
2022-05-15 13:40:42,782 [79ec004f-76c4-4937-a9ae-fe5f0a16577d@group-18FD4C7A5263-FollowerState] INFO  impl.FollowerState (FollowerState.java:run(143)) - 79ec004f-76c4-4937-a9ae-fe5f0a16577d@group-18FD4C7A5263-FollowerState was interrupted: {}
java.lang.InterruptedException: sleep interrupted
	at java.lang.Thread.sleep(Native Method)
	at java.lang.Thread.sleep(Thread.java:342)
	at java.util.concurrent.TimeUnit.sleep(TimeUnit.java:386)
	at org.apache.ratis.util.TimeDuration.sleep(TimeDuration.java:324)
	at org.apache.ratis.util.TimeDuration.sleep(TimeDuration.java:309)
	at org.apache.ratis.server.impl.FollowerState.run(FollowerState.java:118)
2022-05-15 13:40:42,785 [grpc-default-executor-2] INFO  server.RaftServer$Division (RaftServerImpl.java:requestVote(1078)) - 79ec004f-76c4-4937-a9ae-fe5f0a16577d@group-18FD4C7A5263 replies to ELECTION vote request: 202e9239-47c7-423a-9cd3-2de09b349c52<-79ec004f-76c4-4937-a9ae-fe5f0a16577d#0:FAIL-t3. Peer's state: 79ec004f-76c4-4937-a9ae-fe5f0a16577d@group-18FD4C7A5263:t3, leader=null, voted=null, raftlog=79ec004f-76c4-4937-a9ae-fe5f0a16577d@group-18FD4C7A5263-SegmentedRaftLog:OPENED:c-1, conf=-1: [79ec004f-76c4-4937-a9ae-fe5f0a16577d|rpc:10.1.0.20:40141|dataStream:|priority:1, eda58b43-d835-4a06-8ae1-b7a54d57ec10|rpc:10.1.0.20:42159|dataStream:|priority:0, 202e9239-47c7-423a-9cd3-2de09b349c52|rpc:10.1.0.20:36687|dataStream:|priority:0], old=null
2022-05-15 13:40:42,792 [grpc-default-executor-0] INFO  server.RaftServer$Division (RaftServerImpl.java:requestVote(1046)) - eda58b43-d835-4a06-8ae1-b7a54d57ec10@group-18FD4C7A5263: receive requestVote(ELECTION, 202e9239-47c7-423a-9cd3-2de09b349c52, group-18FD4C7A5263, 3, (t:0, i:0))
2022-05-15 13:40:42,792 [grpc-default-executor-0] INFO  impl.VoteContext (VoteContext.java:log(48)) - eda58b43-d835-4a06-8ae1-b7a54d57ec10@group-18FD4C7A5263-FOLLOWER: reject ELECTION from 202e9239-47c7-423a-9cd3-2de09b349c52: already has voted for eda58b43-d835-4a06-8ae1-b7a54d57ec10 at current term 3
2022-05-15 13:40:42,792 [grpc-default-executor-0] INFO  server.RaftServer$Division (RaftServerImpl.java:requestVote(1078)) - eda58b43-d835-4a06-8ae1-b7a54d57ec10@group-18FD4C7A5263 replies to ELECTION vote request: 202e9239-47c7-423a-9cd3-2de09b349c52<-eda58b43-d835-4a06-8ae1-b7a54d57ec10#0:FAIL-t3. Peer's state: eda58b43-d835-4a06-8ae1-b7a54d57ec10@group-18FD4C7A5263:t3, leader=null, voted=eda58b43-d835-4a06-8ae1-b7a54d57ec10, raftlog=eda58b43-d835-4a06-8ae1-b7a54d57ec10@group-18FD4C7A5263-SegmentedRaftLog:OPENED:c-1, conf=-1: [79ec004f-76c4-4937-a9ae-fe5f0a16577d|rpc:10.1.0.20:40141|dataStream:|priority:1, eda58b43-d835-4a06-8ae1-b7a54d57ec10|rpc:10.1.0.20:42159|dataStream:|priority:0, 202e9239-47c7-423a-9cd3-2de09b349c52|rpc:10.1.0.20:36687|dataStream:|priority:0], old=null
2022-05-15 13:40:42,793 [202e9239-47c7-423a-9cd3-2de09b349c52@group-18FD4C7A5263-LeaderElection23] INFO  impl.LeaderElection (LeaderElection.java:logAndReturn(89)) - 202e9239-47c7-423a-9cd3-2de09b349c52@group-18FD4C7A5263-LeaderElection23: ELECTION REJECTED received 2 response(s) and 0 exception(s):
2022-05-15 13:40:42,793 [202e9239-47c7-423a-9cd3-2de09b349c52@group-18FD4C7A5263-LeaderElection23] INFO  impl.LeaderElection (LeaderElection.java:logAndReturn(93)) -   Response 0: 202e9239-47c7-423a-9cd3-2de09b349c52<-79ec004f-76c4-4937-a9ae-fe5f0a16577d#0:FAIL-t3
2022-05-15 13:40:42,793 [202e9239-47c7-423a-9cd3-2de09b349c52@group-18FD4C7A5263-LeaderElection23] INFO  impl.LeaderElection (LeaderElection.java:logAndReturn(93)) -   Response 1: 202e9239-47c7-423a-9cd3-2de09b349c52<-eda58b43-d835-4a06-8ae1-b7a54d57ec10#0:FAIL-t3
2022-05-15 13:40:42,793 [202e9239-47c7-423a-9cd3-2de09b349c52@group-18FD4C7A5263-LeaderElection23] INFO  impl.LeaderElection (LeaderElection.java:askForVotes(308)) - 202e9239-47c7-423a-9cd3-2de09b349c52@group-18FD4C7A5263-LeaderElection23 ELECTION round 0: result REJECTED
2022-05-15 13:40:42,793 [202e9239-47c7-423a-9cd3-2de09b349c52@group-18FD4C7A5263-LeaderElection23] INFO  server.RaftServer$Division (RaftServerImpl.java:setRole(290)) - 202e9239-47c7-423a-9cd3-2de09b349c52@group-18FD4C7A5263: changes role from CANDIDATE to FOLLOWER at term 3 for REJECTED
2022-05-15 13:40:42,793 [202e9239-47c7-423a-9cd3-2de09b349c52@group-18FD4C7A5263-LeaderElection23] INFO  impl.RoleInfo (RoleInfo.java:shutdownLeaderElection(121)) - 202e9239-47c7-423a-9cd3-2de09b349c52: shutdown 202e9239-47c7-423a-9cd3-2de09b349c52@group-18FD4C7A5263-LeaderElection23
2022-05-15 13:40:42,793 [202e9239-47c7-423a-9cd3-2de09b349c52@group-18FD4C7A5263-LeaderElection23] INFO  impl.RoleInfo (RoleInfo.java:updateAndGet(130)) - 202e9239-47c7-423a-9cd3-2de09b349c52: start 202e9239-47c7-423a-9cd3-2de09b349c52@group-18FD4C7A5263-FollowerState
2022-05-15 13:40:43,197 [Listener at 127.0.0.1/44033] INFO  ozone.MiniOzoneClusterImpl (MiniOzoneClusterImpl.java:lambda$waitForClusterToBeReady$0(221)) - Nodes are ready. Got 3 of 3 DN Heartbeats.
2022-05-15 13:40:43,198 [Listener at 127.0.0.1/44033] INFO  ozone.MiniOzoneClusterImpl (MiniOzoneClusterImpl.java:lambda$waitForClusterToBeReady$0(224)) - Waiting for cluster to exit safe mode
2022-05-15 13:40:43,198 [Listener at 127.0.0.1/44033] INFO  ozone.MiniOzoneClusterImpl (MiniOzoneClusterImpl.java:lambda$waitForClusterToBeReady$0(226)) - SCM became leader
2022-05-15 13:40:44,198 [Listener at 127.0.0.1/44033] INFO  ozone.MiniOzoneClusterImpl (MiniOzoneClusterImpl.java:lambda$waitForClusterToBeReady$0(221)) - Nodes are ready. Got 3 of 3 DN Heartbeats.
2022-05-15 13:40:44,198 [Listener at 127.0.0.1/44033] INFO  ozone.MiniOzoneClusterImpl (MiniOzoneClusterImpl.java:lambda$waitForClusterToBeReady$0(224)) - Waiting for cluster to exit safe mode
2022-05-15 13:40:44,198 [Listener at 127.0.0.1/44033] INFO  ozone.MiniOzoneClusterImpl (MiniOzoneClusterImpl.java:lambda$waitForClusterToBeReady$0(226)) - SCM became leader
2022-05-15 13:40:45,198 [Listener at 127.0.0.1/44033] INFO  ozone.MiniOzoneClusterImpl (MiniOzoneClusterImpl.java:lambda$waitForClusterToBeReady$0(221)) - Nodes are ready. Got 3 of 3 DN Heartbeats.
2022-05-15 13:40:45,199 [Listener at 127.0.0.1/44033] INFO  ozone.MiniOzoneClusterImpl (MiniOzoneClusterImpl.java:lambda$waitForClusterToBeReady$0(224)) - Waiting for cluster to exit safe mode
2022-05-15 13:40:45,199 [Listener at 127.0.0.1/44033] INFO  ozone.MiniOzoneClusterImpl (MiniOzoneClusterImpl.java:lambda$waitForClusterToBeReady$0(226)) - SCM became leader
2022-05-15 13:40:46,199 [Listener at 127.0.0.1/44033] INFO  ozone.MiniOzoneClusterImpl (MiniOzoneClusterImpl.java:lambda$waitForClusterToBeReady$0(221)) - Nodes are ready. Got 3 of 3 DN Heartbeats.
2022-05-15 13:40:46,199 [Listener at 127.0.0.1/44033] INFO  ozone.MiniOzoneClusterImpl (MiniOzoneClusterImpl.java:lambda$waitForClusterToBeReady$0(224)) - Waiting for cluster to exit safe mode
2022-05-15 13:40:46,199 [Listener at 127.0.0.1/44033] INFO  ozone.MiniOzoneClusterImpl (MiniOzoneClusterImpl.java:lambda$waitForClusterToBeReady$0(226)) - SCM became leader
2022-05-15 13:40:47,199 [Listener at 127.0.0.1/44033] INFO  ozone.MiniOzoneClusterImpl (MiniOzoneClusterImpl.java:lambda$waitForClusterToBeReady$0(221)) - Nodes are ready. Got 3 of 3 DN Heartbeats.
2022-05-15 13:40:47,200 [Listener at 127.0.0.1/44033] INFO  ozone.MiniOzoneClusterImpl (MiniOzoneClusterImpl.java:lambda$waitForClusterToBeReady$0(224)) - Waiting for cluster to exit safe mode
2022-05-15 13:40:47,200 [Listener at 127.0.0.1/44033] INFO  ozone.MiniOzoneClusterImpl (MiniOzoneClusterImpl.java:lambda$waitForClusterToBeReady$0(226)) - SCM became leader
2022-05-15 13:40:47,557 [202e9239-47c7-423a-9cd3-2de09b349c52@group-DA51D1B1407C-FollowerState] INFO  impl.FollowerState (FollowerState.java:run(134)) - 202e9239-47c7-423a-9cd3-2de09b349c52@group-DA51D1B1407C-FollowerState: change to CANDIDATE, lastRpcElapsedTime:5016019639ns, electionTimeout:5007ms
2022-05-15 13:40:47,557 [202e9239-47c7-423a-9cd3-2de09b349c52@group-DA51D1B1407C-FollowerState] INFO  impl.RoleInfo (RoleInfo.java:shutdownFollowerState(108)) - 202e9239-47c7-423a-9cd3-2de09b349c52: shutdown 202e9239-47c7-423a-9cd3-2de09b349c52@group-DA51D1B1407C-FollowerState
2022-05-15 13:40:47,557 [202e9239-47c7-423a-9cd3-2de09b349c52@group-DA51D1B1407C-FollowerState] INFO  server.RaftServer$Division (RaftServerImpl.java:setRole(290)) - 202e9239-47c7-423a-9cd3-2de09b349c52@group-DA51D1B1407C: changes role from  FOLLOWER to CANDIDATE at term 3 for changeToCandidate
2022-05-15 13:40:47,557 [202e9239-47c7-423a-9cd3-2de09b349c52@group-DA51D1B1407C-FollowerState] INFO  server.RaftServerConfigKeys (ConfUtils.java:logGet(44)) - raft.server.leaderelection.pre-vote = false (custom)
2022-05-15 13:40:47,557 [202e9239-47c7-423a-9cd3-2de09b349c52@group-DA51D1B1407C-FollowerState] INFO  impl.RoleInfo (RoleInfo.java:updateAndGet(130)) - 202e9239-47c7-423a-9cd3-2de09b349c52: start 202e9239-47c7-423a-9cd3-2de09b349c52@group-DA51D1B1407C-LeaderElection24
2022-05-15 13:40:47,580 [202e9239-47c7-423a-9cd3-2de09b349c52@group-DA51D1B1407C-LeaderElection24] INFO  impl.LeaderElection (LeaderElection.java:askForVotes(306)) - 202e9239-47c7-423a-9cd3-2de09b349c52@group-DA51D1B1407C-LeaderElection24 ELECTION round 0: submit vote requests at term 4 for -1: [79ec004f-76c4-4937-a9ae-fe5f0a16577d|rpc:10.1.0.20:40141|priority:0, eda58b43-d835-4a06-8ae1-b7a54d57ec10|rpc:10.1.0.20:42159|priority:1, 202e9239-47c7-423a-9cd3-2de09b349c52|rpc:10.1.0.20:36687|priority:0], old=null
2022-05-15 13:40:47,581 [79ec004f-76c4-4937-a9ae-fe5f0a16577d@group-DA51D1B1407C-FollowerState] INFO  impl.FollowerState (FollowerState.java:run(134)) - 79ec004f-76c4-4937-a9ae-fe5f0a16577d@group-DA51D1B1407C-FollowerState: change to CANDIDATE, lastRpcElapsedTime:5078910262ns, electionTimeout:5074ms
2022-05-15 13:40:47,581 [79ec004f-76c4-4937-a9ae-fe5f0a16577d@group-DA51D1B1407C-FollowerState] INFO  impl.RoleInfo (RoleInfo.java:shutdownFollowerState(108)) - 79ec004f-76c4-4937-a9ae-fe5f0a16577d: shutdown 79ec004f-76c4-4937-a9ae-fe5f0a16577d@group-DA51D1B1407C-FollowerState
2022-05-15 13:40:47,581 [79ec004f-76c4-4937-a9ae-fe5f0a16577d@group-DA51D1B1407C-FollowerState] INFO  server.RaftServer$Division (RaftServerImpl.java:setRole(290)) - 79ec004f-76c4-4937-a9ae-fe5f0a16577d@group-DA51D1B1407C: changes role from  FOLLOWER to CANDIDATE at term 3 for changeToCandidate
2022-05-15 13:40:47,602 [79ec004f-76c4-4937-a9ae-fe5f0a16577d@group-DA51D1B1407C-FollowerState] INFO  server.RaftServerConfigKeys (ConfUtils.java:logGet(44)) - raft.server.leaderelection.pre-vote = false (custom)
2022-05-15 13:40:47,602 [79ec004f-76c4-4937-a9ae-fe5f0a16577d@group-DA51D1B1407C-FollowerState] INFO  impl.RoleInfo (RoleInfo.java:updateAndGet(130)) - 79ec004f-76c4-4937-a9ae-fe5f0a16577d: start 79ec004f-76c4-4937-a9ae-fe5f0a16577d@group-DA51D1B1407C-LeaderElection25
2022-05-15 13:40:47,626 [grpc-default-executor-0] INFO  server.RaftServer$Division (RaftServerImpl.java:requestVote(1046)) - 79ec004f-76c4-4937-a9ae-fe5f0a16577d@group-DA51D1B1407C: receive requestVote(ELECTION, 202e9239-47c7-423a-9cd3-2de09b349c52, group-DA51D1B1407C, 4, (t:0, i:0))
2022-05-15 13:40:47,626 [grpc-default-executor-2] INFO  server.RaftServer$Division (RaftServerImpl.java:requestVote(1046)) - eda58b43-d835-4a06-8ae1-b7a54d57ec10@group-DA51D1B1407C: receive requestVote(ELECTION, 202e9239-47c7-423a-9cd3-2de09b349c52, group-DA51D1B1407C, 4, (t:0, i:0))
2022-05-15 13:40:47,627 [grpc-default-executor-2] INFO  impl.VoteContext (VoteContext.java:log(48)) - eda58b43-d835-4a06-8ae1-b7a54d57ec10@group-DA51D1B1407C-FOLLOWER: reject ELECTION from 202e9239-47c7-423a-9cd3-2de09b349c52: our priority 1 > candidate's priority 0
2022-05-15 13:40:47,627 [grpc-default-executor-2] INFO  server.RaftServer$Division (RaftServerImpl.java:setRole(290)) - eda58b43-d835-4a06-8ae1-b7a54d57ec10@group-DA51D1B1407C: changes role from  FOLLOWER to FOLLOWER at term 4 for candidate:202e9239-47c7-423a-9cd3-2de09b349c52
2022-05-15 13:40:47,627 [grpc-default-executor-0] INFO  impl.VoteContext (VoteContext.java:log(48)) - 79ec004f-76c4-4937-a9ae-fe5f0a16577d@group-DA51D1B1407C-CANDIDATE: accept ELECTION from 202e9239-47c7-423a-9cd3-2de09b349c52: our priority 0 <= candidate's priority 0
2022-05-15 13:40:47,627 [grpc-default-executor-2] INFO  impl.RoleInfo (RoleInfo.java:shutdownFollowerState(108)) - eda58b43-d835-4a06-8ae1-b7a54d57ec10: shutdown eda58b43-d835-4a06-8ae1-b7a54d57ec10@group-DA51D1B1407C-FollowerState
2022-05-15 13:40:47,627 [grpc-default-executor-0] INFO  server.RaftServer$Division (RaftServerImpl.java:setRole(290)) - 79ec004f-76c4-4937-a9ae-fe5f0a16577d@group-DA51D1B1407C: changes role from CANDIDATE to FOLLOWER at term 4 for candidate:202e9239-47c7-423a-9cd3-2de09b349c52
2022-05-15 13:40:47,627 [grpc-default-executor-0] INFO  impl.RoleInfo (RoleInfo.java:shutdownLeaderElection(121)) - 79ec004f-76c4-4937-a9ae-fe5f0a16577d: shutdown 79ec004f-76c4-4937-a9ae-fe5f0a16577d@group-DA51D1B1407C-LeaderElection25
2022-05-15 13:40:47,627 [grpc-default-executor-2] INFO  impl.RoleInfo (RoleInfo.java:updateAndGet(130)) - eda58b43-d835-4a06-8ae1-b7a54d57ec10: start eda58b43-d835-4a06-8ae1-b7a54d57ec10@group-DA51D1B1407C-FollowerState
2022-05-15 13:40:47,627 [grpc-default-executor-0] INFO  impl.RoleInfo (RoleInfo.java:updateAndGet(130)) - 79ec004f-76c4-4937-a9ae-fe5f0a16577d: start 79ec004f-76c4-4937-a9ae-fe5f0a16577d@group-DA51D1B1407C-FollowerState
2022-05-15 13:40:47,627 [eda58b43-d835-4a06-8ae1-b7a54d57ec10@group-DA51D1B1407C-FollowerState] INFO  impl.FollowerState (FollowerState.java:run(143)) - eda58b43-d835-4a06-8ae1-b7a54d57ec10@group-DA51D1B1407C-FollowerState was interrupted: {}
java.lang.InterruptedException: sleep interrupted
	at java.lang.Thread.sleep(Native Method)
	at java.lang.Thread.sleep(Thread.java:342)
	at java.util.concurrent.TimeUnit.sleep(TimeUnit.java:386)
	at org.apache.ratis.util.TimeDuration.sleep(TimeDuration.java:324)
	at org.apache.ratis.util.TimeDuration.sleep(TimeDuration.java:309)
	at org.apache.ratis.server.impl.FollowerState.run(FollowerState.java:118)
2022-05-15 13:40:47,635 [grpc-default-executor-2] INFO  server.RaftServer$Division (RaftServerImpl.java:requestVote(1078)) - eda58b43-d835-4a06-8ae1-b7a54d57ec10@group-DA51D1B1407C replies to ELECTION vote request: 202e9239-47c7-423a-9cd3-2de09b349c52<-eda58b43-d835-4a06-8ae1-b7a54d57ec10#0:FAIL-t4. Peer's state: eda58b43-d835-4a06-8ae1-b7a54d57ec10@group-DA51D1B1407C:t4, leader=null, voted=null, raftlog=eda58b43-d835-4a06-8ae1-b7a54d57ec10@group-DA51D1B1407C-SegmentedRaftLog:OPENED:c-1, conf=-1: [79ec004f-76c4-4937-a9ae-fe5f0a16577d|rpc:10.1.0.20:40141|dataStream:|priority:0, eda58b43-d835-4a06-8ae1-b7a54d57ec10|rpc:10.1.0.20:42159|dataStream:|priority:1, 202e9239-47c7-423a-9cd3-2de09b349c52|rpc:10.1.0.20:36687|dataStream:|priority:0], old=null
2022-05-15 13:40:47,635 [grpc-default-executor-0] INFO  server.RaftServer$Division (RaftServerImpl.java:requestVote(1078)) - 79ec004f-76c4-4937-a9ae-fe5f0a16577d@group-DA51D1B1407C replies to ELECTION vote request: 202e9239-47c7-423a-9cd3-2de09b349c52<-79ec004f-76c4-4937-a9ae-fe5f0a16577d#0:OK-t4. Peer's state: 79ec004f-76c4-4937-a9ae-fe5f0a16577d@group-DA51D1B1407C:t4, leader=null, voted=202e9239-47c7-423a-9cd3-2de09b349c52, raftlog=79ec004f-76c4-4937-a9ae-fe5f0a16577d@group-DA51D1B1407C-SegmentedRaftLog:OPENED:c-1, conf=-1: [79ec004f-76c4-4937-a9ae-fe5f0a16577d|rpc:10.1.0.20:40141|dataStream:|priority:0, eda58b43-d835-4a06-8ae1-b7a54d57ec10|rpc:10.1.0.20:42159|dataStream:|priority:1, 202e9239-47c7-423a-9cd3-2de09b349c52|rpc:10.1.0.20:36687|dataStream:|priority:0], old=null
2022-05-15 13:40:47,637 [202e9239-47c7-423a-9cd3-2de09b349c52@group-DA51D1B1407C-LeaderElection24] INFO  impl.LeaderElection (LeaderElection.java:logAndReturn(89)) - 202e9239-47c7-423a-9cd3-2de09b349c52@group-DA51D1B1407C-LeaderElection24: ELECTION REJECTED received 1 response(s) and 0 exception(s):
2022-05-15 13:40:47,637 [202e9239-47c7-423a-9cd3-2de09b349c52@group-DA51D1B1407C-LeaderElection24] INFO  impl.LeaderElection (LeaderElection.java:logAndReturn(93)) -   Response 0: 202e9239-47c7-423a-9cd3-2de09b349c52<-eda58b43-d835-4a06-8ae1-b7a54d57ec10#0:FAIL-t4
2022-05-15 13:40:47,637 [202e9239-47c7-423a-9cd3-2de09b349c52@group-DA51D1B1407C-LeaderElection24] INFO  impl.LeaderElection (LeaderElection.java:askForVotes(308)) - 202e9239-47c7-423a-9cd3-2de09b349c52@group-DA51D1B1407C-LeaderElection24 ELECTION round 0: result REJECTED
2022-05-15 13:40:47,637 [202e9239-47c7-423a-9cd3-2de09b349c52@group-DA51D1B1407C-LeaderElection24] INFO  server.RaftServer$Division (RaftServerImpl.java:setRole(290)) - 202e9239-47c7-423a-9cd3-2de09b349c52@group-DA51D1B1407C: changes role from CANDIDATE to FOLLOWER at term 4 for REJECTED
2022-05-15 13:40:47,637 [202e9239-47c7-423a-9cd3-2de09b349c52@group-DA51D1B1407C-LeaderElection24] INFO  impl.RoleInfo (RoleInfo.java:shutdownLeaderElection(121)) - 202e9239-47c7-423a-9cd3-2de09b349c52: shutdown 202e9239-47c7-423a-9cd3-2de09b349c52@group-DA51D1B1407C-LeaderElection24
2022-05-15 13:40:47,637 [202e9239-47c7-423a-9cd3-2de09b349c52@group-DA51D1B1407C-LeaderElection24] INFO  impl.RoleInfo (RoleInfo.java:updateAndGet(130)) - 202e9239-47c7-423a-9cd3-2de09b349c52: start 202e9239-47c7-423a-9cd3-2de09b349c52@group-DA51D1B1407C-FollowerState
2022-05-15 13:40:47,854 [79ec004f-76c4-4937-a9ae-fe5f0a16577d@group-18FD4C7A5263-FollowerState] INFO  impl.FollowerState (FollowerState.java:run(134)) - 79ec004f-76c4-4937-a9ae-fe5f0a16577d@group-18FD4C7A5263-FollowerState: change to CANDIDATE, lastRpcElapsedTime:5072596778ns, electionTimeout:5069ms
2022-05-15 13:40:47,855 [79ec004f-76c4-4937-a9ae-fe5f0a16577d@group-18FD4C7A5263-FollowerState] INFO  impl.RoleInfo (RoleInfo.java:shutdownFollowerState(108)) - 79ec004f-76c4-4937-a9ae-fe5f0a16577d: shutdown 79ec004f-76c4-4937-a9ae-fe5f0a16577d@group-18FD4C7A5263-FollowerState
2022-05-15 13:40:47,855 [79ec004f-76c4-4937-a9ae-fe5f0a16577d@group-18FD4C7A5263-FollowerState] INFO  server.RaftServer$Division (RaftServerImpl.java:setRole(290)) - 79ec004f-76c4-4937-a9ae-fe5f0a16577d@group-18FD4C7A5263: changes role from  FOLLOWER to CANDIDATE at term 3 for changeToCandidate
2022-05-15 13:40:47,855 [79ec004f-76c4-4937-a9ae-fe5f0a16577d@group-18FD4C7A5263-FollowerState] INFO  server.RaftServerConfigKeys (ConfUtils.java:logGet(44)) - raft.server.leaderelection.pre-vote = false (custom)
2022-05-15 13:40:47,855 [79ec004f-76c4-4937-a9ae-fe5f0a16577d@group-18FD4C7A5263-FollowerState] INFO  impl.RoleInfo (RoleInfo.java:updateAndGet(130)) - 79ec004f-76c4-4937-a9ae-fe5f0a16577d: start 79ec004f-76c4-4937-a9ae-fe5f0a16577d@group-18FD4C7A5263-LeaderElection26
2022-05-15 13:40:47,864 [eda58b43-d835-4a06-8ae1-b7a54d57ec10@group-18FD4C7A5263-FollowerState] INFO  impl.FollowerState (FollowerState.java:run(134)) - eda58b43-d835-4a06-8ae1-b7a54d57ec10@group-18FD4C7A5263-FollowerState: change to CANDIDATE, lastRpcElapsedTime:5112903206ns, electionTimeout:5087ms
2022-05-15 13:40:47,864 [eda58b43-d835-4a06-8ae1-b7a54d57ec10@group-18FD4C7A5263-FollowerState] INFO  impl.RoleInfo (RoleInfo.java:shutdownFollowerState(108)) - eda58b43-d835-4a06-8ae1-b7a54d57ec10: shutdown eda58b43-d835-4a06-8ae1-b7a54d57ec10@group-18FD4C7A5263-FollowerState
2022-05-15 13:40:47,864 [eda58b43-d835-4a06-8ae1-b7a54d57ec10@group-18FD4C7A5263-FollowerState] INFO  server.RaftServer$Division (RaftServerImpl.java:setRole(290)) - eda58b43-d835-4a06-8ae1-b7a54d57ec10@group-18FD4C7A5263: changes role from  FOLLOWER to CANDIDATE at term 3 for changeToCandidate
2022-05-15 13:40:47,887 [eda58b43-d835-4a06-8ae1-b7a54d57ec10@group-18FD4C7A5263-FollowerState] INFO  server.RaftServerConfigKeys (ConfUtils.java:logGet(44)) - raft.server.leaderelection.pre-vote = false (custom)
2022-05-15 13:40:47,887 [eda58b43-d835-4a06-8ae1-b7a54d57ec10@group-18FD4C7A5263-FollowerState] INFO  impl.RoleInfo (RoleInfo.java:updateAndGet(130)) - eda58b43-d835-4a06-8ae1-b7a54d57ec10: start eda58b43-d835-4a06-8ae1-b7a54d57ec10@group-18FD4C7A5263-LeaderElection27
2022-05-15 13:40:47,888 [79ec004f-76c4-4937-a9ae-fe5f0a16577d@group-18FD4C7A5263-LeaderElection26] INFO  impl.LeaderElection (LeaderElection.java:askForVotes(306)) - 79ec004f-76c4-4937-a9ae-fe5f0a16577d@group-18FD4C7A5263-LeaderElection26 ELECTION round 0: submit vote requests at term 4 for -1: [79ec004f-76c4-4937-a9ae-fe5f0a16577d|rpc:10.1.0.20:40141|dataStream:|priority:1, eda58b43-d835-4a06-8ae1-b7a54d57ec10|rpc:10.1.0.20:42159|dataStream:|priority:0, 202e9239-47c7-423a-9cd3-2de09b349c52|rpc:10.1.0.20:36687|dataStream:|priority:0], old=null
2022-05-15 13:40:47,896 [eda58b43-d835-4a06-8ae1-b7a54d57ec10@group-18FD4C7A5263-LeaderElection27] INFO  impl.LeaderElection (LeaderElection.java:askForVotes(306)) - eda58b43-d835-4a06-8ae1-b7a54d57ec10@group-18FD4C7A5263-LeaderElection27 ELECTION round 0: submit vote requests at term 4 for -1: [79ec004f-76c4-4937-a9ae-fe5f0a16577d|rpc:10.1.0.20:40141|dataStream:|priority:1, eda58b43-d835-4a06-8ae1-b7a54d57ec10|rpc:10.1.0.20:42159|dataStream:|priority:0, 202e9239-47c7-423a-9cd3-2de09b349c52|rpc:10.1.0.20:36687|dataStream:|priority:0], old=null
2022-05-15 13:40:47,910 [grpc-default-executor-0] INFO  server.RaftServer$Division (RaftServerImpl.java:requestVote(1046)) - eda58b43-d835-4a06-8ae1-b7a54d57ec10@group-18FD4C7A5263: receive requestVote(ELECTION, 79ec004f-76c4-4937-a9ae-fe5f0a16577d, group-18FD4C7A5263, 4, (t:0, i:0))
2022-05-15 13:40:47,911 [grpc-default-executor-0] INFO  impl.VoteContext (VoteContext.java:log(48)) - eda58b43-d835-4a06-8ae1-b7a54d57ec10@group-18FD4C7A5263-CANDIDATE: reject ELECTION from 79ec004f-76c4-4937-a9ae-fe5f0a16577d: already has voted for eda58b43-d835-4a06-8ae1-b7a54d57ec10 at current term 4
2022-05-15 13:40:47,911 [grpc-default-executor-0] INFO  server.RaftServer$Division (RaftServerImpl.java:requestVote(1078)) - eda58b43-d835-4a06-8ae1-b7a54d57ec10@group-18FD4C7A5263 replies to ELECTION vote request: 79ec004f-76c4-4937-a9ae-fe5f0a16577d<-eda58b43-d835-4a06-8ae1-b7a54d57ec10#0:FAIL-t4. Peer's state: eda58b43-d835-4a06-8ae1-b7a54d57ec10@group-18FD4C7A5263:t4, leader=null, voted=eda58b43-d835-4a06-8ae1-b7a54d57ec10, raftlog=eda58b43-d835-4a06-8ae1-b7a54d57ec10@group-18FD4C7A5263-SegmentedRaftLog:OPENED:c-1, conf=-1: [79ec004f-76c4-4937-a9ae-fe5f0a16577d|rpc:10.1.0.20:40141|dataStream:|priority:1, eda58b43-d835-4a06-8ae1-b7a54d57ec10|rpc:10.1.0.20:42159|dataStream:|priority:0, 202e9239-47c7-423a-9cd3-2de09b349c52|rpc:10.1.0.20:36687|dataStream:|priority:0], old=null
2022-05-15 13:40:47,928 [202e9239-47c7-423a-9cd3-2de09b349c52@group-18FD4C7A5263-FollowerState] INFO  impl.FollowerState (FollowerState.java:run(134)) - 202e9239-47c7-423a-9cd3-2de09b349c52@group-18FD4C7A5263-FollowerState: change to CANDIDATE, lastRpcElapsedTime:5135087296ns, electionTimeout:5114ms
2022-05-15 13:40:47,928 [202e9239-47c7-423a-9cd3-2de09b349c52@group-18FD4C7A5263-FollowerState] INFO  impl.RoleInfo (RoleInfo.java:shutdownFollowerState(108)) - 202e9239-47c7-423a-9cd3-2de09b349c52: shutdown 202e9239-47c7-423a-9cd3-2de09b349c52@group-18FD4C7A5263-FollowerState
2022-05-15 13:40:47,929 [202e9239-47c7-423a-9cd3-2de09b349c52@group-18FD4C7A5263-FollowerState] INFO  server.RaftServer$Division (RaftServerImpl.java:setRole(290)) - 202e9239-47c7-423a-9cd3-2de09b349c52@group-18FD4C7A5263: changes role from  FOLLOWER to CANDIDATE at term 3 for changeToCandidate
2022-05-15 13:40:47,955 [202e9239-47c7-423a-9cd3-2de09b349c52@group-18FD4C7A5263-FollowerState] INFO  server.RaftServerConfigKeys (ConfUtils.java:logGet(44)) - raft.server.leaderelection.pre-vote = false (custom)
2022-05-15 13:40:47,955 [202e9239-47c7-423a-9cd3-2de09b349c52@group-18FD4C7A5263-FollowerState] INFO  impl.RoleInfo (RoleInfo.java:updateAndGet(130)) - 202e9239-47c7-423a-9cd3-2de09b349c52: start 202e9239-47c7-423a-9cd3-2de09b349c52@group-18FD4C7A5263-LeaderElection28
2022-05-15 13:40:47,964 [grpc-default-executor-0] INFO  server.RaftServer$Division (RaftServerImpl.java:requestVote(1046)) - 79ec004f-76c4-4937-a9ae-fe5f0a16577d@group-18FD4C7A5263: receive requestVote(ELECTION, eda58b43-d835-4a06-8ae1-b7a54d57ec10, group-18FD4C7A5263, 4, (t:0, i:0))
2022-05-15 13:40:47,964 [grpc-default-executor-0] INFO  impl.VoteContext (VoteContext.java:log(48)) - 79ec004f-76c4-4937-a9ae-fe5f0a16577d@group-18FD4C7A5263-CANDIDATE: reject ELECTION from eda58b43-d835-4a06-8ae1-b7a54d57ec10: already has voted for 79ec004f-76c4-4937-a9ae-fe5f0a16577d at current term 4
2022-05-15 13:40:47,964 [grpc-default-executor-0] INFO  server.RaftServer$Division (RaftServerImpl.java:requestVote(1078)) - 79ec004f-76c4-4937-a9ae-fe5f0a16577d@group-18FD4C7A5263 replies to ELECTION vote request: eda58b43-d835-4a06-8ae1-b7a54d57ec10<-79ec004f-76c4-4937-a9ae-fe5f0a16577d#0:FAIL-t4. Peer's state: 79ec004f-76c4-4937-a9ae-fe5f0a16577d@group-18FD4C7A5263:t4, leader=null, voted=79ec004f-76c4-4937-a9ae-fe5f0a16577d, raftlog=79ec004f-76c4-4937-a9ae-fe5f0a16577d@group-18FD4C7A5263-SegmentedRaftLog:OPENED:c-1, conf=-1: [79ec004f-76c4-4937-a9ae-fe5f0a16577d|rpc:10.1.0.20:40141|dataStream:|priority:1, eda58b43-d835-4a06-8ae1-b7a54d57ec10|rpc:10.1.0.20:42159|dataStream:|priority:0, 202e9239-47c7-423a-9cd3-2de09b349c52|rpc:10.1.0.20:36687|dataStream:|priority:0], old=null
2022-05-15 13:40:47,965 [grpc-default-executor-2] INFO  server.RaftServer$Division (RaftServerImpl.java:requestVote(1046)) - 202e9239-47c7-423a-9cd3-2de09b349c52@group-18FD4C7A5263: receive requestVote(ELECTION, 79ec004f-76c4-4937-a9ae-fe5f0a16577d, group-18FD4C7A5263, 4, (t:0, i:0))
2022-05-15 13:40:47,965 [grpc-default-executor-1] INFO  server.RaftServer$Division (RaftServerImpl.java:requestVote(1046)) - 202e9239-47c7-423a-9cd3-2de09b349c52@group-18FD4C7A5263: receive requestVote(ELECTION, eda58b43-d835-4a06-8ae1-b7a54d57ec10, group-18FD4C7A5263, 4, (t:0, i:0))
2022-05-15 13:40:47,966 [eda58b43-d835-4a06-8ae1-b7a54d57ec10@group-18FD4C7A5263-LeaderElection27] INFO  impl.LeaderElection (LeaderElection.java:logAndReturn(89)) - eda58b43-d835-4a06-8ae1-b7a54d57ec10@group-18FD4C7A5263-LeaderElection27: ELECTION REJECTED received 1 response(s) and 0 exception(s):
2022-05-15 13:40:47,966 [eda58b43-d835-4a06-8ae1-b7a54d57ec10@group-18FD4C7A5263-LeaderElection27] INFO  impl.LeaderElection (LeaderElection.java:logAndReturn(93)) -   Response 0: eda58b43-d835-4a06-8ae1-b7a54d57ec10<-79ec004f-76c4-4937-a9ae-fe5f0a16577d#0:FAIL-t4
2022-05-15 13:40:47,966 [eda58b43-d835-4a06-8ae1-b7a54d57ec10@group-18FD4C7A5263-LeaderElection27] INFO  impl.LeaderElection (LeaderElection.java:askForVotes(308)) - eda58b43-d835-4a06-8ae1-b7a54d57ec10@group-18FD4C7A5263-LeaderElection27 ELECTION round 0: result REJECTED
2022-05-15 13:40:47,966 [eda58b43-d835-4a06-8ae1-b7a54d57ec10@group-18FD4C7A5263-LeaderElection27] INFO  server.RaftServer$Division (RaftServerImpl.java:setRole(290)) - eda58b43-d835-4a06-8ae1-b7a54d57ec10@group-18FD4C7A5263: changes role from CANDIDATE to FOLLOWER at term 4 for REJECTED
2022-05-15 13:40:47,966 [eda58b43-d835-4a06-8ae1-b7a54d57ec10@group-18FD4C7A5263-LeaderElection27] INFO  impl.RoleInfo (RoleInfo.java:shutdownLeaderElection(121)) - eda58b43-d835-4a06-8ae1-b7a54d57ec10: shutdown eda58b43-d835-4a06-8ae1-b7a54d57ec10@group-18FD4C7A5263-LeaderElection27
2022-05-15 13:40:47,966 [eda58b43-d835-4a06-8ae1-b7a54d57ec10@group-18FD4C7A5263-LeaderElection27] INFO  impl.RoleInfo (RoleInfo.java:updateAndGet(130)) - eda58b43-d835-4a06-8ae1-b7a54d57ec10: start eda58b43-d835-4a06-8ae1-b7a54d57ec10@group-18FD4C7A5263-FollowerState
2022-05-15 13:40:47,967 [202e9239-47c7-423a-9cd3-2de09b349c52@group-18FD4C7A5263-LeaderElection28] INFO  impl.LeaderElection (LeaderElection.java:askForVotes(306)) - 202e9239-47c7-423a-9cd3-2de09b349c52@group-18FD4C7A5263-LeaderElection28 ELECTION round 0: submit vote requests at term 4 for -1: [79ec004f-76c4-4937-a9ae-fe5f0a16577d|rpc:10.1.0.20:40141|priority:1, eda58b43-d835-4a06-8ae1-b7a54d57ec10|rpc:10.1.0.20:42159|priority:0, 202e9239-47c7-423a-9cd3-2de09b349c52|rpc:10.1.0.20:36687|priority:0], old=null
2022-05-15 13:40:47,967 [grpc-default-executor-1] INFO  impl.VoteContext (VoteContext.java:log(48)) - 202e9239-47c7-423a-9cd3-2de09b349c52@group-18FD4C7A5263-CANDIDATE: reject ELECTION from eda58b43-d835-4a06-8ae1-b7a54d57ec10: already has voted for 202e9239-47c7-423a-9cd3-2de09b349c52 at current term 4
2022-05-15 13:40:47,967 [grpc-default-executor-1] INFO  server.RaftServer$Division (RaftServerImpl.java:requestVote(1078)) - 202e9239-47c7-423a-9cd3-2de09b349c52@group-18FD4C7A5263 replies to ELECTION vote request: eda58b43-d835-4a06-8ae1-b7a54d57ec10<-202e9239-47c7-423a-9cd3-2de09b349c52#0:FAIL-t4. Peer's state: 202e9239-47c7-423a-9cd3-2de09b349c52@group-18FD4C7A5263:t4, leader=null, voted=202e9239-47c7-423a-9cd3-2de09b349c52, raftlog=202e9239-47c7-423a-9cd3-2de09b349c52@group-18FD4C7A5263-SegmentedRaftLog:OPENED:c-1, conf=-1: [79ec004f-76c4-4937-a9ae-fe5f0a16577d|rpc:10.1.0.20:40141|priority:1, eda58b43-d835-4a06-8ae1-b7a54d57ec10|rpc:10.1.0.20:42159|priority:0, 202e9239-47c7-423a-9cd3-2de09b349c52|rpc:10.1.0.20:36687|priority:0], old=null
2022-05-15 13:40:47,967 [grpc-default-executor-2] INFO  impl.VoteContext (VoteContext.java:log(48)) - 202e9239-47c7-423a-9cd3-2de09b349c52@group-18FD4C7A5263-CANDIDATE: reject ELECTION from 79ec004f-76c4-4937-a9ae-fe5f0a16577d: already has voted for 202e9239-47c7-423a-9cd3-2de09b349c52 at current term 4
2022-05-15 13:40:47,967 [grpc-default-executor-2] INFO  server.RaftServer$Division (RaftServerImpl.java:requestVote(1078)) - 202e9239-47c7-423a-9cd3-2de09b349c52@group-18FD4C7A5263 replies to ELECTION vote request: 79ec004f-76c4-4937-a9ae-fe5f0a16577d<-202e9239-47c7-423a-9cd3-2de09b349c52#0:FAIL-t4. Peer's state: 202e9239-47c7-423a-9cd3-2de09b349c52@group-18FD4C7A5263:t4, leader=null, voted=202e9239-47c7-423a-9cd3-2de09b349c52, raftlog=202e9239-47c7-423a-9cd3-2de09b349c52@group-18FD4C7A5263-SegmentedRaftLog:OPENED:c-1, conf=-1: [79ec004f-76c4-4937-a9ae-fe5f0a16577d|rpc:10.1.0.20:40141|priority:1, eda58b43-d835-4a06-8ae1-b7a54d57ec10|rpc:10.1.0.20:42159|priority:0, 202e9239-47c7-423a-9cd3-2de09b349c52|rpc:10.1.0.20:36687|priority:0], old=null
2022-05-15 13:40:47,995 [79ec004f-76c4-4937-a9ae-fe5f0a16577d@group-18FD4C7A5263-LeaderElection26] INFO  impl.LeaderElection (LeaderElection.java:logAndReturn(89)) - 79ec004f-76c4-4937-a9ae-fe5f0a16577d@group-18FD4C7A5263-LeaderElection26: ELECTION REJECTED received 2 response(s) and 0 exception(s):
2022-05-15 13:40:47,996 [79ec004f-76c4-4937-a9ae-fe5f0a16577d@group-18FD4C7A5263-LeaderElection26] INFO  impl.LeaderElection (LeaderElection.java:logAndReturn(93)) -   Response 0: 79ec004f-76c4-4937-a9ae-fe5f0a16577d<-eda58b43-d835-4a06-8ae1-b7a54d57ec10#0:FAIL-t4
2022-05-15 13:40:47,996 [79ec004f-76c4-4937-a9ae-fe5f0a16577d@group-18FD4C7A5263-LeaderElection26] INFO  impl.LeaderElection (LeaderElection.java:logAndReturn(93)) -   Response 1: 79ec004f-76c4-4937-a9ae-fe5f0a16577d<-202e9239-47c7-423a-9cd3-2de09b349c52#0:FAIL-t4
2022-05-15 13:40:47,996 [79ec004f-76c4-4937-a9ae-fe5f0a16577d@group-18FD4C7A5263-LeaderElection26] INFO  impl.LeaderElection (LeaderElection.java:askForVotes(308)) - 79ec004f-76c4-4937-a9ae-fe5f0a16577d@group-18FD4C7A5263-LeaderElection26 ELECTION round 0: result REJECTED
2022-05-15 13:40:47,996 [79ec004f-76c4-4937-a9ae-fe5f0a16577d@group-18FD4C7A5263-LeaderElection26] INFO  server.RaftServer$Division (RaftServerImpl.java:setRole(290)) - 79ec004f-76c4-4937-a9ae-fe5f0a16577d@group-18FD4C7A5263: changes role from CANDIDATE to FOLLOWER at term 4 for REJECTED
2022-05-15 13:40:47,996 [79ec004f-76c4-4937-a9ae-fe5f0a16577d@group-18FD4C7A5263-LeaderElection26] INFO  impl.RoleInfo (RoleInfo.java:shutdownLeaderElection(121)) - 79ec004f-76c4-4937-a9ae-fe5f0a16577d: shutdown 79ec004f-76c4-4937-a9ae-fe5f0a16577d@group-18FD4C7A5263-LeaderElection26
2022-05-15 13:40:47,996 [79ec004f-76c4-4937-a9ae-fe5f0a16577d@group-18FD4C7A5263-LeaderElection26] INFO  impl.RoleInfo (RoleInfo.java:updateAndGet(130)) - 79ec004f-76c4-4937-a9ae-fe5f0a16577d: start 79ec004f-76c4-4937-a9ae-fe5f0a16577d@group-18FD4C7A5263-FollowerState
2022-05-15 13:40:47,997 [grpc-default-executor-1] INFO  server.RaftServer$Division (RaftServerImpl.java:requestVote(1046)) - 79ec004f-76c4-4937-a9ae-fe5f0a16577d@group-18FD4C7A5263: receive requestVote(ELECTION, 202e9239-47c7-423a-9cd3-2de09b349c52, group-18FD4C7A5263, 4, (t:0, i:0))
2022-05-15 13:40:47,997 [grpc-default-executor-2] INFO  server.RaftServer$Division (RaftServerImpl.java:requestVote(1046)) - eda58b43-d835-4a06-8ae1-b7a54d57ec10@group-18FD4C7A5263: receive requestVote(ELECTION, 202e9239-47c7-423a-9cd3-2de09b349c52, group-18FD4C7A5263, 4, (t:0, i:0))
2022-05-15 13:40:47,998 [grpc-default-executor-2] INFO  impl.VoteContext (VoteContext.java:log(48)) - eda58b43-d835-4a06-8ae1-b7a54d57ec10@group-18FD4C7A5263-FOLLOWER: reject ELECTION from 202e9239-47c7-423a-9cd3-2de09b349c52: already has voted for eda58b43-d835-4a06-8ae1-b7a54d57ec10 at current term 4
2022-05-15 13:40:47,998 [grpc-default-executor-2] INFO  server.RaftServer$Division (RaftServerImpl.java:requestVote(1078)) - eda58b43-d835-4a06-8ae1-b7a54d57ec10@group-18FD4C7A5263 replies to ELECTION vote request: 202e9239-47c7-423a-9cd3-2de09b349c52<-eda58b43-d835-4a06-8ae1-b7a54d57ec10#0:FAIL-t4. Peer's state: eda58b43-d835-4a06-8ae1-b7a54d57ec10@group-18FD4C7A5263:t4, leader=null, voted=eda58b43-d835-4a06-8ae1-b7a54d57ec10, raftlog=eda58b43-d835-4a06-8ae1-b7a54d57ec10@group-18FD4C7A5263-SegmentedRaftLog:OPENED:c-1, conf=-1: [79ec004f-76c4-4937-a9ae-fe5f0a16577d|rpc:10.1.0.20:40141|dataStream:|priority:1, eda58b43-d835-4a06-8ae1-b7a54d57ec10|rpc:10.1.0.20:42159|dataStream:|priority:0, 202e9239-47c7-423a-9cd3-2de09b349c52|rpc:10.1.0.20:36687|dataStream:|priority:0], old=null
2022-05-15 13:40:48,015 [grpc-default-executor-1] INFO  impl.VoteContext (VoteContext.java:log(48)) - 79ec004f-76c4-4937-a9ae-fe5f0a16577d@group-18FD4C7A5263-FOLLOWER: reject ELECTION from 202e9239-47c7-423a-9cd3-2de09b349c52: already has voted for 79ec004f-76c4-4937-a9ae-fe5f0a16577d at current term 4
2022-05-15 13:40:48,015 [grpc-default-executor-1] INFO  server.RaftServer$Division (RaftServerImpl.java:requestVote(1078)) - 79ec004f-76c4-4937-a9ae-fe5f0a16577d@group-18FD4C7A5263 replies to ELECTION vote request: 202e9239-47c7-423a-9cd3-2de09b349c52<-79ec004f-76c4-4937-a9ae-fe5f0a16577d#0:FAIL-t4. Peer's state: 79ec004f-76c4-4937-a9ae-fe5f0a16577d@group-18FD4C7A5263:t4, leader=null, voted=79ec004f-76c4-4937-a9ae-fe5f0a16577d, raftlog=79ec004f-76c4-4937-a9ae-fe5f0a16577d@group-18FD4C7A5263-SegmentedRaftLog:OPENED:c-1, conf=-1: [79ec004f-76c4-4937-a9ae-fe5f0a16577d|rpc:10.1.0.20:40141|dataStream:|priority:1, eda58b43-d835-4a06-8ae1-b7a54d57ec10|rpc:10.1.0.20:42159|dataStream:|priority:0, 202e9239-47c7-423a-9cd3-2de09b349c52|rpc:10.1.0.20:36687|dataStream:|priority:0], old=null
2022-05-15 13:40:48,017 [202e9239-47c7-423a-9cd3-2de09b349c52@group-18FD4C7A5263-LeaderElection28] INFO  impl.LeaderElection (LeaderElection.java:logAndReturn(89)) - 202e9239-47c7-423a-9cd3-2de09b349c52@group-18FD4C7A5263-LeaderElection28: ELECTION REJECTED received 2 response(s) and 0 exception(s):
2022-05-15 13:40:48,017 [202e9239-47c7-423a-9cd3-2de09b349c52@group-18FD4C7A5263-LeaderElection28] INFO  impl.LeaderElection (LeaderElection.java:logAndReturn(93)) -   Response 0: 202e9239-47c7-423a-9cd3-2de09b349c52<-79ec004f-76c4-4937-a9ae-fe5f0a16577d#0:FAIL-t4
2022-05-15 13:40:48,017 [202e9239-47c7-423a-9cd3-2de09b349c52@group-18FD4C7A5263-LeaderElection28] INFO  impl.LeaderElection (LeaderElection.java:logAndReturn(93)) -   Response 1: 202e9239-47c7-423a-9cd3-2de09b349c52<-eda58b43-d835-4a06-8ae1-b7a54d57ec10#0:FAIL-t4
2022-05-15 13:40:48,017 [202e9239-47c7-423a-9cd3-2de09b349c52@group-18FD4C7A5263-LeaderElection28] INFO  impl.LeaderElection (LeaderElection.java:askForVotes(308)) - 202e9239-47c7-423a-9cd3-2de09b349c52@group-18FD4C7A5263-LeaderElection28 ELECTION round 0: result REJECTED
2022-05-15 13:40:48,017 [202e9239-47c7-423a-9cd3-2de09b349c52@group-18FD4C7A5263-LeaderElection28] INFO  server.RaftServer$Division (RaftServerImpl.java:setRole(290)) - 202e9239-47c7-423a-9cd3-2de09b349c52@group-18FD4C7A5263: changes role from CANDIDATE to FOLLOWER at term 4 for REJECTED
2022-05-15 13:40:48,017 [202e9239-47c7-423a-9cd3-2de09b349c52@group-18FD4C7A5263-LeaderElection28] INFO  impl.RoleInfo (RoleInfo.java:shutdownLeaderElection(121)) - 202e9239-47c7-423a-9cd3-2de09b349c52: shutdown 202e9239-47c7-423a-9cd3-2de09b349c52@group-18FD4C7A5263-LeaderElection28
2022-05-15 13:40:48,017 [202e9239-47c7-423a-9cd3-2de09b349c52@group-18FD4C7A5263-LeaderElection28] INFO  impl.RoleInfo (RoleInfo.java:updateAndGet(130)) - 202e9239-47c7-423a-9cd3-2de09b349c52: start 202e9239-47c7-423a-9cd3-2de09b349c52@group-18FD4C7A5263-FollowerState
2022-05-15 13:40:48,200 [Listener at 127.0.0.1/44033] INFO  ozone.MiniOzoneClusterImpl (MiniOzoneClusterImpl.java:lambda$waitForClusterToBeReady$0(221)) - Nodes are ready. Got 3 of 3 DN Heartbeats.
2022-05-15 13:40:48,200 [Listener at 127.0.0.1/44033] INFO  ozone.MiniOzoneClusterImpl (MiniOzoneClusterImpl.java:lambda$waitForClusterToBeReady$0(224)) - Waiting for cluster to exit safe mode
2022-05-15 13:40:48,200 [Listener at 127.0.0.1/44033] INFO  ozone.MiniOzoneClusterImpl (MiniOzoneClusterImpl.java:lambda$waitForClusterToBeReady$0(226)) - SCM became leader
2022-05-15 13:40:49,201 [Listener at 127.0.0.1/44033] INFO  ozone.MiniOzoneClusterImpl (MiniOzoneClusterImpl.java:lambda$waitForClusterToBeReady$0(221)) - Nodes are ready. Got 3 of 3 DN Heartbeats.
2022-05-15 13:40:49,201 [Listener at 127.0.0.1/44033] INFO  ozone.MiniOzoneClusterImpl (MiniOzoneClusterImpl.java:lambda$waitForClusterToBeReady$0(224)) - Waiting for cluster to exit safe mode
2022-05-15 13:40:49,201 [Listener at 127.0.0.1/44033] INFO  ozone.MiniOzoneClusterImpl (MiniOzoneClusterImpl.java:lambda$waitForClusterToBeReady$0(226)) - SCM became leader
2022-05-15 13:40:50,201 [Listener at 127.0.0.1/44033] INFO  ozone.MiniOzoneClusterImpl (MiniOzoneClusterImpl.java:lambda$waitForClusterToBeReady$0(221)) - Nodes are ready. Got 3 of 3 DN Heartbeats.
2022-05-15 13:40:50,201 [Listener at 127.0.0.1/44033] INFO  ozone.MiniOzoneClusterImpl (MiniOzoneClusterImpl.java:lambda$waitForClusterToBeReady$0(224)) - Waiting for cluster to exit safe mode
2022-05-15 13:40:50,201 [Listener at 127.0.0.1/44033] INFO  ozone.MiniOzoneClusterImpl (MiniOzoneClusterImpl.java:lambda$waitForClusterToBeReady$0(226)) - SCM became leader
2022-05-15 13:40:51,202 [Listener at 127.0.0.1/44033] INFO  ozone.MiniOzoneClusterImpl (MiniOzoneClusterImpl.java:lambda$waitForClusterToBeReady$0(221)) - Nodes are ready. Got 3 of 3 DN Heartbeats.
2022-05-15 13:40:51,202 [Listener at 127.0.0.1/44033] INFO  ozone.MiniOzoneClusterImpl (MiniOzoneClusterImpl.java:lambda$waitForClusterToBeReady$0(224)) - Waiting for cluster to exit safe mode
2022-05-15 13:40:51,202 [Listener at 127.0.0.1/44033] INFO  ozone.MiniOzoneClusterImpl (MiniOzoneClusterImpl.java:lambda$waitForClusterToBeReady$0(226)) - SCM became leader
2022-05-15 13:40:52,202 [Listener at 127.0.0.1/44033] INFO  ozone.MiniOzoneClusterImpl (MiniOzoneClusterImpl.java:lambda$waitForClusterToBeReady$0(221)) - Nodes are ready. Got 3 of 3 DN Heartbeats.
2022-05-15 13:40:52,202 [Listener at 127.0.0.1/44033] INFO  ozone.MiniOzoneClusterImpl (MiniOzoneClusterImpl.java:lambda$waitForClusterToBeReady$0(224)) - Waiting for cluster to exit safe mode
2022-05-15 13:40:52,203 [Listener at 127.0.0.1/44033] INFO  ozone.MiniOzoneClusterImpl (MiniOzoneClusterImpl.java:lambda$waitForClusterToBeReady$0(226)) - SCM became leader
2022-05-15 13:40:52,655 [79ec004f-76c4-4937-a9ae-fe5f0a16577d@group-DA51D1B1407C-FollowerState] INFO  impl.FollowerState (FollowerState.java:run(134)) - 79ec004f-76c4-4937-a9ae-fe5f0a16577d@group-DA51D1B1407C-FollowerState: change to CANDIDATE, lastRpcElapsedTime:5020075667ns, electionTimeout:5013ms
2022-05-15 13:40:52,655 [79ec004f-76c4-4937-a9ae-fe5f0a16577d@group-DA51D1B1407C-FollowerState] INFO  impl.RoleInfo (RoleInfo.java:shutdownFollowerState(108)) - 79ec004f-76c4-4937-a9ae-fe5f0a16577d: shutdown 79ec004f-76c4-4937-a9ae-fe5f0a16577d@group-DA51D1B1407C-FollowerState
2022-05-15 13:40:52,655 [79ec004f-76c4-4937-a9ae-fe5f0a16577d@group-DA51D1B1407C-FollowerState] INFO  server.RaftServer$Division (RaftServerImpl.java:setRole(290)) - 79ec004f-76c4-4937-a9ae-fe5f0a16577d@group-DA51D1B1407C: changes role from  FOLLOWER to CANDIDATE at term 4 for changeToCandidate
2022-05-15 13:40:52,655 [79ec004f-76c4-4937-a9ae-fe5f0a16577d@group-DA51D1B1407C-FollowerState] INFO  server.RaftServerConfigKeys (ConfUtils.java:logGet(44)) - raft.server.leaderelection.pre-vote = false (custom)
2022-05-15 13:40:52,656 [79ec004f-76c4-4937-a9ae-fe5f0a16577d@group-DA51D1B1407C-FollowerState] INFO  impl.RoleInfo (RoleInfo.java:updateAndGet(130)) - 79ec004f-76c4-4937-a9ae-fe5f0a16577d: start 79ec004f-76c4-4937-a9ae-fe5f0a16577d@group-DA51D1B1407C-LeaderElection29
2022-05-15 13:40:52,666 [79ec004f-76c4-4937-a9ae-fe5f0a16577d@group-DA51D1B1407C-LeaderElection29] INFO  impl.LeaderElection (LeaderElection.java:askForVotes(306)) - 79ec004f-76c4-4937-a9ae-fe5f0a16577d@group-DA51D1B1407C-LeaderElection29 ELECTION round 0: submit vote requests at term 5 for -1: [79ec004f-76c4-4937-a9ae-fe5f0a16577d|rpc:10.1.0.20:40141|dataStream:|priority:0, eda58b43-d835-4a06-8ae1-b7a54d57ec10|rpc:10.1.0.20:42159|dataStream:|priority:1, 202e9239-47c7-423a-9cd3-2de09b349c52|rpc:10.1.0.20:36687|dataStream:|priority:0], old=null
2022-05-15 13:40:52,679 [grpc-default-executor-1] INFO  server.RaftServer$Division (RaftServerImpl.java:requestVote(1046)) - eda58b43-d835-4a06-8ae1-b7a54d57ec10@group-DA51D1B1407C: receive requestVote(ELECTION, 79ec004f-76c4-4937-a9ae-fe5f0a16577d, group-DA51D1B1407C, 5, (t:0, i:0))
2022-05-15 13:40:52,679 [grpc-default-executor-1] INFO  impl.VoteContext (VoteContext.java:log(48)) - eda58b43-d835-4a06-8ae1-b7a54d57ec10@group-DA51D1B1407C-FOLLOWER: reject ELECTION from 79ec004f-76c4-4937-a9ae-fe5f0a16577d: our priority 1 > candidate's priority 0
2022-05-15 13:40:52,679 [grpc-default-executor-1] INFO  server.RaftServer$Division (RaftServerImpl.java:setRole(290)) - eda58b43-d835-4a06-8ae1-b7a54d57ec10@group-DA51D1B1407C: changes role from  FOLLOWER to FOLLOWER at term 5 for candidate:79ec004f-76c4-4937-a9ae-fe5f0a16577d
2022-05-15 13:40:52,679 [grpc-default-executor-1] INFO  impl.RoleInfo (RoleInfo.java:shutdownFollowerState(108)) - eda58b43-d835-4a06-8ae1-b7a54d57ec10: shutdown eda58b43-d835-4a06-8ae1-b7a54d57ec10@group-DA51D1B1407C-FollowerState
2022-05-15 13:40:52,682 [grpc-default-executor-1] INFO  impl.RoleInfo (RoleInfo.java:updateAndGet(130)) - eda58b43-d835-4a06-8ae1-b7a54d57ec10: start eda58b43-d835-4a06-8ae1-b7a54d57ec10@group-DA51D1B1407C-FollowerState
2022-05-15 13:40:52,682 [eda58b43-d835-4a06-8ae1-b7a54d57ec10@group-DA51D1B1407C-FollowerState] INFO  impl.FollowerState (FollowerState.java:run(143)) - eda58b43-d835-4a06-8ae1-b7a54d57ec10@group-DA51D1B1407C-FollowerState was interrupted: {}
java.lang.InterruptedException: sleep interrupted
	at java.lang.Thread.sleep(Native Method)
	at java.lang.Thread.sleep(Thread.java:342)
	at java.util.concurrent.TimeUnit.sleep(TimeUnit.java:386)
	at org.apache.ratis.util.TimeDuration.sleep(TimeDuration.java:324)
	at org.apache.ratis.util.TimeDuration.sleep(TimeDuration.java:309)
	at org.apache.ratis.server.impl.FollowerState.run(FollowerState.java:118)
2022-05-15 13:40:52,687 [grpc-default-executor-2] INFO  server.RaftServer$Division (RaftServerImpl.java:requestVote(1046)) - 202e9239-47c7-423a-9cd3-2de09b349c52@group-DA51D1B1407C: receive requestVote(ELECTION, 79ec004f-76c4-4937-a9ae-fe5f0a16577d, group-DA51D1B1407C, 5, (t:0, i:0))
2022-05-15 13:40:52,687 [grpc-default-executor-2] INFO  impl.VoteContext (VoteContext.java:log(48)) - 202e9239-47c7-423a-9cd3-2de09b349c52@group-DA51D1B1407C-FOLLOWER: accept ELECTION from 79ec004f-76c4-4937-a9ae-fe5f0a16577d: our priority 0 <= candidate's priority 0
2022-05-15 13:40:52,687 [grpc-default-executor-2] INFO  server.RaftServer$Division (RaftServerImpl.java:setRole(290)) - 202e9239-47c7-423a-9cd3-2de09b349c52@group-DA51D1B1407C: changes role from  FOLLOWER to FOLLOWER at term 5 for candidate:79ec004f-76c4-4937-a9ae-fe5f0a16577d
2022-05-15 13:40:52,687 [grpc-default-executor-2] INFO  impl.RoleInfo (RoleInfo.java:shutdownFollowerState(108)) - 202e9239-47c7-423a-9cd3-2de09b349c52: shutdown 202e9239-47c7-423a-9cd3-2de09b349c52@group-DA51D1B1407C-FollowerState
2022-05-15 13:40:52,695 [202e9239-47c7-423a-9cd3-2de09b349c52@group-DA51D1B1407C-FollowerState] INFO  impl.FollowerState (FollowerState.java:run(143)) - 202e9239-47c7-423a-9cd3-2de09b349c52@group-DA51D1B1407C-FollowerState was interrupted: {}
java.lang.InterruptedException: sleep interrupted
	at java.lang.Thread.sleep(Native Method)
	at java.lang.Thread.sleep(Thread.java:342)
	at java.util.concurrent.TimeUnit.sleep(TimeUnit.java:386)
	at org.apache.ratis.util.TimeDuration.sleep(TimeDuration.java:324)
	at org.apache.ratis.util.TimeDuration.sleep(TimeDuration.java:309)
	at org.apache.ratis.server.impl.FollowerState.run(FollowerState.java:118)
2022-05-15 13:40:52,695 [grpc-default-executor-2] INFO  impl.RoleInfo (RoleInfo.java:updateAndGet(130)) - 202e9239-47c7-423a-9cd3-2de09b349c52: start 202e9239-47c7-423a-9cd3-2de09b349c52@group-DA51D1B1407C-FollowerState
2022-05-15 13:40:52,695 [grpc-default-executor-1] INFO  server.RaftServer$Division (RaftServerImpl.java:requestVote(1078)) - eda58b43-d835-4a06-8ae1-b7a54d57ec10@group-DA51D1B1407C replies to ELECTION vote request: 79ec004f-76c4-4937-a9ae-fe5f0a16577d<-eda58b43-d835-4a06-8ae1-b7a54d57ec10#0:FAIL-t5. Peer's state: eda58b43-d835-4a06-8ae1-b7a54d57ec10@group-DA51D1B1407C:t5, leader=null, voted=null, raftlog=eda58b43-d835-4a06-8ae1-b7a54d57ec10@group-DA51D1B1407C-SegmentedRaftLog:OPENED:c-1, conf=-1: [79ec004f-76c4-4937-a9ae-fe5f0a16577d|rpc:10.1.0.20:40141|dataStream:|priority:0, eda58b43-d835-4a06-8ae1-b7a54d57ec10|rpc:10.1.0.20:42159|dataStream:|priority:1, 202e9239-47c7-423a-9cd3-2de09b349c52|rpc:10.1.0.20:36687|dataStream:|priority:0], old=null
2022-05-15 13:40:52,703 [79ec004f-76c4-4937-a9ae-fe5f0a16577d@group-DA51D1B1407C-LeaderElection29] INFO  impl.LeaderElection (LeaderElection.java:logAndReturn(89)) - 79ec004f-76c4-4937-a9ae-fe5f0a16577d@group-DA51D1B1407C-LeaderElection29: ELECTION REJECTED received 1 response(s) and 0 exception(s):
2022-05-15 13:40:52,703 [79ec004f-76c4-4937-a9ae-fe5f0a16577d@group-DA51D1B1407C-LeaderElection29] INFO  impl.LeaderElection (LeaderElection.java:logAndReturn(93)) -   Response 0: 79ec004f-76c4-4937-a9ae-fe5f0a16577d<-eda58b43-d835-4a06-8ae1-b7a54d57ec10#0:FAIL-t5
2022-05-15 13:40:52,703 [79ec004f-76c4-4937-a9ae-fe5f0a16577d@group-DA51D1B1407C-LeaderElection29] INFO  impl.LeaderElection (LeaderElection.java:askForVotes(308)) - 79ec004f-76c4-4937-a9ae-fe5f0a16577d@group-DA51D1B1407C-LeaderElection29 ELECTION round 0: result REJECTED
2022-05-15 13:40:52,703 [grpc-default-executor-2] INFO  server.RaftServer$Division (RaftServerImpl.java:requestVote(1078)) - 202e9239-47c7-423a-9cd3-2de09b349c52@group-DA51D1B1407C replies to ELECTION vote request: 79ec004f-76c4-4937-a9ae-fe5f0a16577d<-202e9239-47c7-423a-9cd3-2de09b349c52#0:OK-t5. Peer's state: 202e9239-47c7-423a-9cd3-2de09b349c52@group-DA51D1B1407C:t5, leader=null, voted=79ec004f-76c4-4937-a9ae-fe5f0a16577d, raftlog=202e9239-47c7-423a-9cd3-2de09b349c52@group-DA51D1B1407C-SegmentedRaftLog:OPENED:c-1, conf=-1: [79ec004f-76c4-4937-a9ae-fe5f0a16577d|rpc:10.1.0.20:40141|priority:0, eda58b43-d835-4a06-8ae1-b7a54d57ec10|rpc:10.1.0.20:42159|priority:1, 202e9239-47c7-423a-9cd3-2de09b349c52|rpc:10.1.0.20:36687|priority:0], old=null
2022-05-15 13:40:52,704 [79ec004f-76c4-4937-a9ae-fe5f0a16577d@group-DA51D1B1407C-LeaderElection29] INFO  server.RaftServer$Division (RaftServerImpl.java:setRole(290)) - 79ec004f-76c4-4937-a9ae-fe5f0a16577d@group-DA51D1B1407C: changes role from CANDIDATE to FOLLOWER at term 5 for REJECTED
2022-05-15 13:40:52,704 [79ec004f-76c4-4937-a9ae-fe5f0a16577d@group-DA51D1B1407C-LeaderElection29] INFO  impl.RoleInfo (RoleInfo.java:shutdownLeaderElection(121)) - 79ec004f-76c4-4937-a9ae-fe5f0a16577d: shutdown 79ec004f-76c4-4937-a9ae-fe5f0a16577d@group-DA51D1B1407C-LeaderElection29
2022-05-15 13:40:52,704 [79ec004f-76c4-4937-a9ae-fe5f0a16577d@group-DA51D1B1407C-LeaderElection29] INFO  impl.RoleInfo (RoleInfo.java:updateAndGet(130)) - 79ec004f-76c4-4937-a9ae-fe5f0a16577d: start 79ec004f-76c4-4937-a9ae-fe5f0a16577d@group-DA51D1B1407C-FollowerState
2022-05-15 13:40:53,098 [eda58b43-d835-4a06-8ae1-b7a54d57ec10@group-18FD4C7A5263-FollowerState] INFO  impl.FollowerState (FollowerState.java:run(134)) - eda58b43-d835-4a06-8ae1-b7a54d57ec10@group-18FD4C7A5263-FollowerState: change to CANDIDATE, lastRpcElapsedTime:5132451634ns, electionTimeout:5103ms
2022-05-15 13:40:53,099 [eda58b43-d835-4a06-8ae1-b7a54d57ec10@group-18FD4C7A5263-FollowerState] INFO  impl.RoleInfo (RoleInfo.java:shutdownFollowerState(108)) - eda58b43-d835-4a06-8ae1-b7a54d57ec10: shutdown eda58b43-d835-4a06-8ae1-b7a54d57ec10@group-18FD4C7A5263-FollowerState
2022-05-15 13:40:53,099 [eda58b43-d835-4a06-8ae1-b7a54d57ec10@group-18FD4C7A5263-FollowerState] INFO  server.RaftServer$Division (RaftServerImpl.java:setRole(290)) - eda58b43-d835-4a06-8ae1-b7a54d57ec10@group-18FD4C7A5263: changes role from  FOLLOWER to CANDIDATE at term 4 for changeToCandidate
2022-05-15 13:40:53,099 [eda58b43-d835-4a06-8ae1-b7a54d57ec10@group-18FD4C7A5263-FollowerState] INFO  server.RaftServerConfigKeys (ConfUtils.java:logGet(44)) - raft.server.leaderelection.pre-vote = false (custom)
2022-05-15 13:40:53,099 [eda58b43-d835-4a06-8ae1-b7a54d57ec10@group-18FD4C7A5263-FollowerState] INFO  impl.RoleInfo (RoleInfo.java:updateAndGet(130)) - eda58b43-d835-4a06-8ae1-b7a54d57ec10: start eda58b43-d835-4a06-8ae1-b7a54d57ec10@group-18FD4C7A5263-LeaderElection30
2022-05-15 13:40:53,112 [eda58b43-d835-4a06-8ae1-b7a54d57ec10@group-18FD4C7A5263-LeaderElection30] INFO  impl.LeaderElection (LeaderElection.java:askForVotes(306)) - eda58b43-d835-4a06-8ae1-b7a54d57ec10@group-18FD4C7A5263-LeaderElection30 ELECTION round 0: submit vote requests at term 5 for -1: [79ec004f-76c4-4937-a9ae-fe5f0a16577d|rpc:10.1.0.20:40141|dataStream:|priority:1, eda58b43-d835-4a06-8ae1-b7a54d57ec10|rpc:10.1.0.20:42159|dataStream:|priority:0, 202e9239-47c7-423a-9cd3-2de09b349c52|rpc:10.1.0.20:36687|dataStream:|priority:0], old=null
2022-05-15 13:40:53,124 [grpc-default-executor-2] INFO  server.RaftServer$Division (RaftServerImpl.java:requestVote(1046)) - 79ec004f-76c4-4937-a9ae-fe5f0a16577d@group-18FD4C7A5263: receive requestVote(ELECTION, eda58b43-d835-4a06-8ae1-b7a54d57ec10, group-18FD4C7A5263, 5, (t:0, i:0))
2022-05-15 13:40:53,125 [grpc-default-executor-2] INFO  impl.VoteContext (VoteContext.java:log(48)) - 79ec004f-76c4-4937-a9ae-fe5f0a16577d@group-18FD4C7A5263-FOLLOWER: reject ELECTION from eda58b43-d835-4a06-8ae1-b7a54d57ec10: our priority 1 > candidate's priority 0
2022-05-15 13:40:53,125 [grpc-default-executor-2] INFO  server.RaftServer$Division (RaftServerImpl.java:setRole(290)) - 79ec004f-76c4-4937-a9ae-fe5f0a16577d@group-18FD4C7A5263: changes role from  FOLLOWER to FOLLOWER at term 5 for candidate:eda58b43-d835-4a06-8ae1-b7a54d57ec10
2022-05-15 13:40:53,125 [grpc-default-executor-2] INFO  impl.RoleInfo (RoleInfo.java:shutdownFollowerState(108)) - 79ec004f-76c4-4937-a9ae-fe5f0a16577d: shutdown 79ec004f-76c4-4937-a9ae-fe5f0a16577d@group-18FD4C7A5263-FollowerState
2022-05-15 13:40:53,132 [grpc-default-executor-2] INFO  impl.RoleInfo (RoleInfo.java:updateAndGet(130)) - 79ec004f-76c4-4937-a9ae-fe5f0a16577d: start 79ec004f-76c4-4937-a9ae-fe5f0a16577d@group-18FD4C7A5263-FollowerState
2022-05-15 13:40:53,132 [79ec004f-76c4-4937-a9ae-fe5f0a16577d@group-18FD4C7A5263-FollowerState] INFO  impl.FollowerState (FollowerState.java:run(143)) - 79ec004f-76c4-4937-a9ae-fe5f0a16577d@group-18FD4C7A5263-FollowerState was interrupted: {}
java.lang.InterruptedException: sleep interrupted
	at java.lang.Thread.sleep(Native Method)
	at java.lang.Thread.sleep(Thread.java:342)
	at java.util.concurrent.TimeUnit.sleep(TimeUnit.java:386)
	at org.apache.ratis.util.TimeDuration.sleep(TimeDuration.java:324)
	at org.apache.ratis.util.TimeDuration.sleep(TimeDuration.java:309)
	at org.apache.ratis.server.impl.FollowerState.run(FollowerState.java:118)
2022-05-15 13:40:53,134 [grpc-default-executor-1] INFO  server.RaftServer$Division (RaftServerImpl.java:requestVote(1046)) - 202e9239-47c7-423a-9cd3-2de09b349c52@group-18FD4C7A5263: receive requestVote(ELECTION, eda58b43-d835-4a06-8ae1-b7a54d57ec10, group-18FD4C7A5263, 5, (t:0, i:0))
2022-05-15 13:40:53,135 [grpc-default-executor-1] INFO  impl.VoteContext (VoteContext.java:log(48)) - 202e9239-47c7-423a-9cd3-2de09b349c52@group-18FD4C7A5263-FOLLOWER: accept ELECTION from eda58b43-d835-4a06-8ae1-b7a54d57ec10: our priority 0 <= candidate's priority 0
2022-05-15 13:40:53,135 [grpc-default-executor-1] INFO  server.RaftServer$Division (RaftServerImpl.java:setRole(290)) - 202e9239-47c7-423a-9cd3-2de09b349c52@group-18FD4C7A5263: changes role from  FOLLOWER to FOLLOWER at term 5 for candidate:eda58b43-d835-4a06-8ae1-b7a54d57ec10
2022-05-15 13:40:53,135 [grpc-default-executor-1] INFO  impl.RoleInfo (RoleInfo.java:shutdownFollowerState(108)) - 202e9239-47c7-423a-9cd3-2de09b349c52: shutdown 202e9239-47c7-423a-9cd3-2de09b349c52@group-18FD4C7A5263-FollowerState
2022-05-15 13:40:53,135 [grpc-default-executor-1] INFO  impl.RoleInfo (RoleInfo.java:updateAndGet(130)) - 202e9239-47c7-423a-9cd3-2de09b349c52: start 202e9239-47c7-423a-9cd3-2de09b349c52@group-18FD4C7A5263-FollowerState
2022-05-15 13:40:53,136 [202e9239-47c7-423a-9cd3-2de09b349c52@group-18FD4C7A5263-FollowerState] INFO  impl.FollowerState (FollowerState.java:run(143)) - 202e9239-47c7-423a-9cd3-2de09b349c52@group-18FD4C7A5263-FollowerState was interrupted: {}
java.lang.InterruptedException: sleep interrupted
	at java.lang.Thread.sleep(Native Method)
	at java.lang.Thread.sleep(Thread.java:342)
	at java.util.concurrent.TimeUnit.sleep(TimeUnit.java:386)
	at org.apache.ratis.util.TimeDuration.sleep(TimeDuration.java:324)
	at org.apache.ratis.util.TimeDuration.sleep(TimeDuration.java:309)
	at org.apache.ratis.server.impl.FollowerState.run(FollowerState.java:118)
2022-05-15 13:40:53,136 [grpc-default-executor-2] INFO  server.RaftServer$Division (RaftServerImpl.java:requestVote(1078)) - 79ec004f-76c4-4937-a9ae-fe5f0a16577d@group-18FD4C7A5263 replies to ELECTION vote request: eda58b43-d835-4a06-8ae1-b7a54d57ec10<-79ec004f-76c4-4937-a9ae-fe5f0a16577d#0:FAIL-t5. Peer's state: 79ec004f-76c4-4937-a9ae-fe5f0a16577d@group-18FD4C7A5263:t5, leader=null, voted=null, raftlog=79ec004f-76c4-4937-a9ae-fe5f0a16577d@group-18FD4C7A5263-SegmentedRaftLog:OPENED:c-1, conf=-1: [79ec004f-76c4-4937-a9ae-fe5f0a16577d|rpc:10.1.0.20:40141|dataStream:|priority:1, eda58b43-d835-4a06-8ae1-b7a54d57ec10|rpc:10.1.0.20:42159|dataStream:|priority:0, 202e9239-47c7-423a-9cd3-2de09b349c52|rpc:10.1.0.20:36687|dataStream:|priority:0], old=null
2022-05-15 13:40:53,139 [eda58b43-d835-4a06-8ae1-b7a54d57ec10@group-18FD4C7A5263-LeaderElection30] INFO  impl.LeaderElection (LeaderElection.java:logAndReturn(89)) - eda58b43-d835-4a06-8ae1-b7a54d57ec10@group-18FD4C7A5263-LeaderElection30: ELECTION REJECTED received 1 response(s) and 0 exception(s):
2022-05-15 13:40:53,140 [eda58b43-d835-4a06-8ae1-b7a54d57ec10@group-18FD4C7A5263-LeaderElection30] INFO  impl.LeaderElection (LeaderElection.java:logAndReturn(93)) -   Response 0: eda58b43-d835-4a06-8ae1-b7a54d57ec10<-79ec004f-76c4-4937-a9ae-fe5f0a16577d#0:FAIL-t5
2022-05-15 13:40:53,140 [eda58b43-d835-4a06-8ae1-b7a54d57ec10@group-18FD4C7A5263-LeaderElection30] INFO  impl.LeaderElection (LeaderElection.java:askForVotes(308)) - eda58b43-d835-4a06-8ae1-b7a54d57ec10@group-18FD4C7A5263-LeaderElection30 ELECTION round 0: result REJECTED
2022-05-15 13:40:53,140 [eda58b43-d835-4a06-8ae1-b7a54d57ec10@group-18FD4C7A5263-LeaderElection30] INFO  server.RaftServer$Division (RaftServerImpl.java:setRole(290)) - eda58b43-d835-4a06-8ae1-b7a54d57ec10@group-18FD4C7A5263: changes role from CANDIDATE to FOLLOWER at term 5 for REJECTED
2022-05-15 13:40:53,140 [eda58b43-d835-4a06-8ae1-b7a54d57ec10@group-18FD4C7A5263-LeaderElection30] INFO  impl.RoleInfo (RoleInfo.java:shutdownLeaderElection(121)) - eda58b43-d835-4a06-8ae1-b7a54d57ec10: shutdown eda58b43-d835-4a06-8ae1-b7a54d57ec10@group-18FD4C7A5263-LeaderElection30
2022-05-15 13:40:53,140 [eda58b43-d835-4a06-8ae1-b7a54d57ec10@group-18FD4C7A5263-LeaderElection30] INFO  impl.RoleInfo (RoleInfo.java:updateAndGet(130)) - eda58b43-d835-4a06-8ae1-b7a54d57ec10: start eda58b43-d835-4a06-8ae1-b7a54d57ec10@group-18FD4C7A5263-FollowerState
2022-05-15 13:40:53,143 [grpc-default-executor-1] INFO  server.RaftServer$Division (RaftServerImpl.java:requestVote(1078)) - 202e9239-47c7-423a-9cd3-2de09b349c52@group-18FD4C7A5263 replies to ELECTION vote request: eda58b43-d835-4a06-8ae1-b7a54d57ec10<-202e9239-47c7-423a-9cd3-2de09b349c52#0:OK-t5. Peer's state: 202e9239-47c7-423a-9cd3-2de09b349c52@group-18FD4C7A5263:t5, leader=null, voted=eda58b43-d835-4a06-8ae1-b7a54d57ec10, raftlog=202e9239-47c7-423a-9cd3-2de09b349c52@group-18FD4C7A5263-SegmentedRaftLog:OPENED:c-1, conf=-1: [79ec004f-76c4-4937-a9ae-fe5f0a16577d|rpc:10.1.0.20:40141|priority:1, eda58b43-d835-4a06-8ae1-b7a54d57ec10|rpc:10.1.0.20:42159|priority:0, 202e9239-47c7-423a-9cd3-2de09b349c52|rpc:10.1.0.20:36687|priority:0], old=null
2022-05-15 13:40:53,203 [Listener at 127.0.0.1/44033] INFO  ozone.MiniOzoneClusterImpl (MiniOzoneClusterImpl.java:lambda$waitForClusterToBeReady$0(221)) - Nodes are ready. Got 3 of 3 DN Heartbeats.
2022-05-15 13:40:53,203 [Listener at 127.0.0.1/44033] INFO  ozone.MiniOzoneClusterImpl (MiniOzoneClusterImpl.java:lambda$waitForClusterToBeReady$0(224)) - Waiting for cluster to exit safe mode
2022-05-15 13:40:53,203 [Listener at 127.0.0.1/44033] INFO  ozone.MiniOzoneClusterImpl (MiniOzoneClusterImpl.java:lambda$waitForClusterToBeReady$0(226)) - SCM became leader
2022-05-15 13:40:54,203 [Listener at 127.0.0.1/44033] INFO  ozone.MiniOzoneClusterImpl (MiniOzoneClusterImpl.java:lambda$waitForClusterToBeReady$0(221)) - Nodes are ready. Got 3 of 3 DN Heartbeats.
2022-05-15 13:40:54,203 [Listener at 127.0.0.1/44033] INFO  ozone.MiniOzoneClusterImpl (MiniOzoneClusterImpl.java:lambda$waitForClusterToBeReady$0(224)) - Waiting for cluster to exit safe mode
2022-05-15 13:40:54,204 [Listener at 127.0.0.1/44033] INFO  ozone.MiniOzoneClusterImpl (MiniOzoneClusterImpl.java:lambda$waitForClusterToBeReady$0(226)) - SCM became leader
2022-05-15 13:40:55,204 [Listener at 127.0.0.1/44033] INFO  ozone.MiniOzoneClusterImpl (MiniOzoneClusterImpl.java:lambda$waitForClusterToBeReady$0(221)) - Nodes are ready. Got 3 of 3 DN Heartbeats.
2022-05-15 13:40:55,204 [Listener at 127.0.0.1/44033] INFO  ozone.MiniOzoneClusterImpl (MiniOzoneClusterImpl.java:lambda$waitForClusterToBeReady$0(224)) - Waiting for cluster to exit safe mode
2022-05-15 13:40:55,204 [Listener at 127.0.0.1/44033] INFO  ozone.MiniOzoneClusterImpl (MiniOzoneClusterImpl.java:lambda$waitForClusterToBeReady$0(226)) - SCM became leader
2022-05-15 13:40:56,204 [Listener at 127.0.0.1/44033] INFO  ozone.MiniOzoneClusterImpl (MiniOzoneClusterImpl.java:lambda$waitForClusterToBeReady$0(221)) - Nodes are ready. Got 3 of 3 DN Heartbeats.
2022-05-15 13:40:56,205 [Listener at 127.0.0.1/44033] INFO  ozone.MiniOzoneClusterImpl (MiniOzoneClusterImpl.java:lambda$waitForClusterToBeReady$0(224)) - Waiting for cluster to exit safe mode
2022-05-15 13:40:56,205 [Listener at 127.0.0.1/44033] INFO  ozone.MiniOzoneClusterImpl (MiniOzoneClusterImpl.java:lambda$waitForClusterToBeReady$0(226)) - SCM became leader
2022-05-15 13:40:57,205 [Listener at 127.0.0.1/44033] INFO  ozone.MiniOzoneClusterImpl (MiniOzoneClusterImpl.java:lambda$waitForClusterToBeReady$0(221)) - Nodes are ready. Got 3 of 3 DN Heartbeats.
2022-05-15 13:40:57,205 [Listener at 127.0.0.1/44033] INFO  ozone.MiniOzoneClusterImpl (MiniOzoneClusterImpl.java:lambda$waitForClusterToBeReady$0(224)) - Waiting for cluster to exit safe mode
2022-05-15 13:40:57,205 [Listener at 127.0.0.1/44033] INFO  ozone.MiniOzoneClusterImpl (MiniOzoneClusterImpl.java:lambda$waitForClusterToBeReady$0(226)) - SCM became leader
2022-05-15 13:40:57,713 [79ec004f-76c4-4937-a9ae-fe5f0a16577d@group-DA51D1B1407C-FollowerState] INFO  impl.FollowerState (FollowerState.java:run(134)) - 79ec004f-76c4-4937-a9ae-fe5f0a16577d@group-DA51D1B1407C-FollowerState: change to CANDIDATE, lastRpcElapsedTime:5009399601ns, electionTimeout:5008ms
2022-05-15 13:40:57,714 [79ec004f-76c4-4937-a9ae-fe5f0a16577d@group-DA51D1B1407C-FollowerState] INFO  impl.RoleInfo (RoleInfo.java:shutdownFollowerState(108)) - 79ec004f-76c4-4937-a9ae-fe5f0a16577d: shutdown 79ec004f-76c4-4937-a9ae-fe5f0a16577d@group-DA51D1B1407C-FollowerState
2022-05-15 13:40:57,714 [79ec004f-76c4-4937-a9ae-fe5f0a16577d@group-DA51D1B1407C-FollowerState] INFO  server.RaftServer$Division (RaftServerImpl.java:setRole(290)) - 79ec004f-76c4-4937-a9ae-fe5f0a16577d@group-DA51D1B1407C: changes role from  FOLLOWER to CANDIDATE at term 5 for changeToCandidate
2022-05-15 13:40:57,714 [79ec004f-76c4-4937-a9ae-fe5f0a16577d@group-DA51D1B1407C-FollowerState] INFO  server.RaftServerConfigKeys (ConfUtils.java:logGet(44)) - raft.server.leaderelection.pre-vote = false (custom)
2022-05-15 13:40:57,714 [79ec004f-76c4-4937-a9ae-fe5f0a16577d@group-DA51D1B1407C-FollowerState] INFO  impl.RoleInfo (RoleInfo.java:updateAndGet(130)) - 79ec004f-76c4-4937-a9ae-fe5f0a16577d: start 79ec004f-76c4-4937-a9ae-fe5f0a16577d@group-DA51D1B1407C-LeaderElection31
2022-05-15 13:40:57,720 [202e9239-47c7-423a-9cd3-2de09b349c52@group-DA51D1B1407C-FollowerState] INFO  impl.FollowerState (FollowerState.java:run(134)) - 202e9239-47c7-423a-9cd3-2de09b349c52@group-DA51D1B1407C-FollowerState: change to CANDIDATE, lastRpcElapsedTime:5016722497ns, electionTimeout:5013ms
2022-05-15 13:40:57,720 [202e9239-47c7-423a-9cd3-2de09b349c52@group-DA51D1B1407C-FollowerState] INFO  impl.RoleInfo (RoleInfo.java:shutdownFollowerState(108)) - 202e9239-47c7-423a-9cd3-2de09b349c52: shutdown 202e9239-47c7-423a-9cd3-2de09b349c52@group-DA51D1B1407C-FollowerState
2022-05-15 13:40:57,720 [202e9239-47c7-423a-9cd3-2de09b349c52@group-DA51D1B1407C-FollowerState] INFO  server.RaftServer$Division (RaftServerImpl.java:setRole(290)) - 202e9239-47c7-423a-9cd3-2de09b349c52@group-DA51D1B1407C: changes role from  FOLLOWER to CANDIDATE at term 5 for changeToCandidate
2022-05-15 13:40:57,724 [202e9239-47c7-423a-9cd3-2de09b349c52@group-DA51D1B1407C-FollowerState] INFO  server.RaftServerConfigKeys (ConfUtils.java:logGet(44)) - raft.server.leaderelection.pre-vote = false (custom)
2022-05-15 13:40:57,724 [202e9239-47c7-423a-9cd3-2de09b349c52@group-DA51D1B1407C-FollowerState] INFO  impl.RoleInfo (RoleInfo.java:updateAndGet(130)) - 202e9239-47c7-423a-9cd3-2de09b349c52: start 202e9239-47c7-423a-9cd3-2de09b349c52@group-DA51D1B1407C-LeaderElection32
2022-05-15 13:40:57,736 [79ec004f-76c4-4937-a9ae-fe5f0a16577d@group-DA51D1B1407C-LeaderElection31] INFO  impl.LeaderElection (LeaderElection.java:askForVotes(306)) - 79ec004f-76c4-4937-a9ae-fe5f0a16577d@group-DA51D1B1407C-LeaderElection31 ELECTION round 0: submit vote requests at term 6 for -1: [79ec004f-76c4-4937-a9ae-fe5f0a16577d|rpc:10.1.0.20:40141|dataStream:|priority:0, eda58b43-d835-4a06-8ae1-b7a54d57ec10|rpc:10.1.0.20:42159|dataStream:|priority:1, 202e9239-47c7-423a-9cd3-2de09b349c52|rpc:10.1.0.20:36687|dataStream:|priority:0], old=null
2022-05-15 13:40:57,736 [202e9239-47c7-423a-9cd3-2de09b349c52@group-DA51D1B1407C-LeaderElection32] INFO  impl.LeaderElection (LeaderElection.java:askForVotes(306)) - 202e9239-47c7-423a-9cd3-2de09b349c52@group-DA51D1B1407C-LeaderElection32 ELECTION round 0: submit vote requests at term 6 for -1: [79ec004f-76c4-4937-a9ae-fe5f0a16577d|rpc:10.1.0.20:40141|priority:0, eda58b43-d835-4a06-8ae1-b7a54d57ec10|rpc:10.1.0.20:42159|priority:1, 202e9239-47c7-423a-9cd3-2de09b349c52|rpc:10.1.0.20:36687|priority:0], old=null
2022-05-15 13:40:57,742 [grpc-default-executor-1] INFO  server.RaftServer$Division (RaftServerImpl.java:requestVote(1046)) - eda58b43-d835-4a06-8ae1-b7a54d57ec10@group-DA51D1B1407C: receive requestVote(ELECTION, 79ec004f-76c4-4937-a9ae-fe5f0a16577d, group-DA51D1B1407C, 6, (t:0, i:0))
2022-05-15 13:40:57,742 [grpc-default-executor-1] INFO  impl.VoteContext (VoteContext.java:log(48)) - eda58b43-d835-4a06-8ae1-b7a54d57ec10@group-DA51D1B1407C-FOLLOWER: reject ELECTION from 79ec004f-76c4-4937-a9ae-fe5f0a16577d: our priority 1 > candidate's priority 0
2022-05-15 13:40:57,742 [grpc-default-executor-1] INFO  server.RaftServer$Division (RaftServerImpl.java:setRole(290)) - eda58b43-d835-4a06-8ae1-b7a54d57ec10@group-DA51D1B1407C: changes role from  FOLLOWER to FOLLOWER at term 6 for candidate:79ec004f-76c4-4937-a9ae-fe5f0a16577d
2022-05-15 13:40:57,742 [grpc-default-executor-1] INFO  impl.RoleInfo (RoleInfo.java:shutdownFollowerState(108)) - eda58b43-d835-4a06-8ae1-b7a54d57ec10: shutdown eda58b43-d835-4a06-8ae1-b7a54d57ec10@group-DA51D1B1407C-FollowerState
2022-05-15 13:40:57,754 [grpc-default-executor-2] INFO  server.RaftServer$Division (RaftServerImpl.java:requestVote(1046)) - 79ec004f-76c4-4937-a9ae-fe5f0a16577d@group-DA51D1B1407C: receive requestVote(ELECTION, 202e9239-47c7-423a-9cd3-2de09b349c52, group-DA51D1B1407C, 6, (t:0, i:0))
2022-05-15 13:40:57,754 [grpc-default-executor-2] INFO  impl.VoteContext (VoteContext.java:log(48)) - 79ec004f-76c4-4937-a9ae-fe5f0a16577d@group-DA51D1B1407C-CANDIDATE: reject ELECTION from 202e9239-47c7-423a-9cd3-2de09b349c52: already has voted for 79ec004f-76c4-4937-a9ae-fe5f0a16577d at current term 6
2022-05-15 13:40:57,754 [grpc-default-executor-2] INFO  server.RaftServer$Division (RaftServerImpl.java:requestVote(1078)) - 79ec004f-76c4-4937-a9ae-fe5f0a16577d@group-DA51D1B1407C replies to ELECTION vote request: 202e9239-47c7-423a-9cd3-2de09b349c52<-79ec004f-76c4-4937-a9ae-fe5f0a16577d#0:FAIL-t6. Peer's state: 79ec004f-76c4-4937-a9ae-fe5f0a16577d@group-DA51D1B1407C:t6, leader=null, voted=79ec004f-76c4-4937-a9ae-fe5f0a16577d, raftlog=79ec004f-76c4-4937-a9ae-fe5f0a16577d@group-DA51D1B1407C-SegmentedRaftLog:OPENED:c-1, conf=-1: [79ec004f-76c4-4937-a9ae-fe5f0a16577d|rpc:10.1.0.20:40141|dataStream:|priority:0, eda58b43-d835-4a06-8ae1-b7a54d57ec10|rpc:10.1.0.20:42159|dataStream:|priority:1, 202e9239-47c7-423a-9cd3-2de09b349c52|rpc:10.1.0.20:36687|dataStream:|priority:0], old=null
2022-05-15 13:40:57,758 [grpc-default-executor-1] INFO  impl.RoleInfo (RoleInfo.java:updateAndGet(130)) - eda58b43-d835-4a06-8ae1-b7a54d57ec10: start eda58b43-d835-4a06-8ae1-b7a54d57ec10@group-DA51D1B1407C-FollowerState
2022-05-15 13:40:57,758 [eda58b43-d835-4a06-8ae1-b7a54d57ec10@group-DA51D1B1407C-FollowerState] INFO  impl.FollowerState (FollowerState.java:run(143)) - eda58b43-d835-4a06-8ae1-b7a54d57ec10@group-DA51D1B1407C-FollowerState was interrupted: {}
java.lang.InterruptedException: sleep interrupted
	at java.lang.Thread.sleep(Native Method)
	at java.lang.Thread.sleep(Thread.java:342)
	at java.util.concurrent.TimeUnit.sleep(TimeUnit.java:386)
	at org.apache.ratis.util.TimeDuration.sleep(TimeDuration.java:324)
	at org.apache.ratis.util.TimeDuration.sleep(TimeDuration.java:309)
	at org.apache.ratis.server.impl.FollowerState.run(FollowerState.java:118)
2022-05-15 13:40:57,764 [grpc-default-executor-1] INFO  server.RaftServer$Division (RaftServerImpl.java:requestVote(1078)) - eda58b43-d835-4a06-8ae1-b7a54d57ec10@group-DA51D1B1407C replies to ELECTION vote request: 79ec004f-76c4-4937-a9ae-fe5f0a16577d<-eda58b43-d835-4a06-8ae1-b7a54d57ec10#0:FAIL-t6. Peer's state: eda58b43-d835-4a06-8ae1-b7a54d57ec10@group-DA51D1B1407C:t6, leader=null, voted=null, raftlog=eda58b43-d835-4a06-8ae1-b7a54d57ec10@group-DA51D1B1407C-SegmentedRaftLog:OPENED:c-1, conf=-1: [79ec004f-76c4-4937-a9ae-fe5f0a16577d|rpc:10.1.0.20:40141|dataStream:|priority:0, eda58b43-d835-4a06-8ae1-b7a54d57ec10|rpc:10.1.0.20:42159|dataStream:|priority:1, 202e9239-47c7-423a-9cd3-2de09b349c52|rpc:10.1.0.20:36687|dataStream:|priority:0], old=null
2022-05-15 13:40:57,772 [grpc-default-executor-2] INFO  server.RaftServer$Division (RaftServerImpl.java:requestVote(1046)) - eda58b43-d835-4a06-8ae1-b7a54d57ec10@group-DA51D1B1407C: receive requestVote(ELECTION, 202e9239-47c7-423a-9cd3-2de09b349c52, group-DA51D1B1407C, 6, (t:0, i:0))
2022-05-15 13:40:57,772 [grpc-default-executor-2] INFO  impl.VoteContext (VoteContext.java:log(48)) - eda58b43-d835-4a06-8ae1-b7a54d57ec10@group-DA51D1B1407C-FOLLOWER: reject ELECTION from 202e9239-47c7-423a-9cd3-2de09b349c52: our priority 1 > candidate's priority 0
2022-05-15 13:40:57,772 [grpc-default-executor-2] INFO  server.RaftServer$Division (RaftServerImpl.java:setRole(290)) - eda58b43-d835-4a06-8ae1-b7a54d57ec10@group-DA51D1B1407C: changes role from  FOLLOWER to FOLLOWER at term 6 for candidate:202e9239-47c7-423a-9cd3-2de09b349c52
2022-05-15 13:40:57,772 [grpc-default-executor-2] INFO  impl.RoleInfo (RoleInfo.java:shutdownFollowerState(108)) - eda58b43-d835-4a06-8ae1-b7a54d57ec10: shutdown eda58b43-d835-4a06-8ae1-b7a54d57ec10@group-DA51D1B1407C-FollowerState
2022-05-15 13:40:57,772 [grpc-default-executor-2] INFO  impl.RoleInfo (RoleInfo.java:updateAndGet(130)) - eda58b43-d835-4a06-8ae1-b7a54d57ec10: start eda58b43-d835-4a06-8ae1-b7a54d57ec10@group-DA51D1B1407C-FollowerState
2022-05-15 13:40:57,773 [eda58b43-d835-4a06-8ae1-b7a54d57ec10@group-DA51D1B1407C-FollowerState] INFO  impl.FollowerState (FollowerState.java:run(143)) - eda58b43-d835-4a06-8ae1-b7a54d57ec10@group-DA51D1B1407C-FollowerState was interrupted: {}
java.lang.InterruptedException: sleep interrupted
	at java.lang.Thread.sleep(Native Method)
	at java.lang.Thread.sleep(Thread.java:342)
	at java.util.concurrent.TimeUnit.sleep(TimeUnit.java:386)
	at org.apache.ratis.util.TimeDuration.sleep(TimeDuration.java:324)
	at org.apache.ratis.util.TimeDuration.sleep(TimeDuration.java:309)
	at org.apache.ratis.server.impl.FollowerState.run(FollowerState.java:118)
2022-05-15 13:40:57,773 [grpc-default-executor-2] INFO  server.RaftServer$Division (RaftServerImpl.java:requestVote(1078)) - eda58b43-d835-4a06-8ae1-b7a54d57ec10@group-DA51D1B1407C replies to ELECTION vote request: 202e9239-47c7-423a-9cd3-2de09b349c52<-eda58b43-d835-4a06-8ae1-b7a54d57ec10#0:FAIL-t6. Peer's state: eda58b43-d835-4a06-8ae1-b7a54d57ec10@group-DA51D1B1407C:t6, leader=null, voted=null, raftlog=eda58b43-d835-4a06-8ae1-b7a54d57ec10@group-DA51D1B1407C-SegmentedRaftLog:OPENED:c-1, conf=-1: [79ec004f-76c4-4937-a9ae-fe5f0a16577d|rpc:10.1.0.20:40141|dataStream:|priority:0, eda58b43-d835-4a06-8ae1-b7a54d57ec10|rpc:10.1.0.20:42159|dataStream:|priority:1, 202e9239-47c7-423a-9cd3-2de09b349c52|rpc:10.1.0.20:36687|dataStream:|priority:0], old=null
2022-05-15 13:40:57,773 [79ec004f-76c4-4937-a9ae-fe5f0a16577d@group-DA51D1B1407C-LeaderElection31] INFO  impl.LeaderElection (LeaderElection.java:logAndReturn(89)) - 79ec004f-76c4-4937-a9ae-fe5f0a16577d@group-DA51D1B1407C-LeaderElection31: ELECTION REJECTED received 1 response(s) and 0 exception(s):
2022-05-15 13:40:57,773 [79ec004f-76c4-4937-a9ae-fe5f0a16577d@group-DA51D1B1407C-LeaderElection31] INFO  impl.LeaderElection (LeaderElection.java:logAndReturn(93)) -   Response 0: 79ec004f-76c4-4937-a9ae-fe5f0a16577d<-eda58b43-d835-4a06-8ae1-b7a54d57ec10#0:FAIL-t6
2022-05-15 13:40:57,773 [79ec004f-76c4-4937-a9ae-fe5f0a16577d@group-DA51D1B1407C-LeaderElection31] INFO  impl.LeaderElection (LeaderElection.java:askForVotes(308)) - 79ec004f-76c4-4937-a9ae-fe5f0a16577d@group-DA51D1B1407C-LeaderElection31 ELECTION round 0: result REJECTED
2022-05-15 13:40:57,773 [79ec004f-76c4-4937-a9ae-fe5f0a16577d@group-DA51D1B1407C-LeaderElection31] INFO  server.RaftServer$Division (RaftServerImpl.java:setRole(290)) - 79ec004f-76c4-4937-a9ae-fe5f0a16577d@group-DA51D1B1407C: changes role from CANDIDATE to FOLLOWER at term 6 for REJECTED
2022-05-15 13:40:57,773 [79ec004f-76c4-4937-a9ae-fe5f0a16577d@group-DA51D1B1407C-LeaderElection31] INFO  impl.RoleInfo (RoleInfo.java:shutdownLeaderElection(121)) - 79ec004f-76c4-4937-a9ae-fe5f0a16577d: shutdown 79ec004f-76c4-4937-a9ae-fe5f0a16577d@group-DA51D1B1407C-LeaderElection31
2022-05-15 13:40:57,773 [79ec004f-76c4-4937-a9ae-fe5f0a16577d@group-DA51D1B1407C-LeaderElection31] INFO  impl.RoleInfo (RoleInfo.java:updateAndGet(130)) - 79ec004f-76c4-4937-a9ae-fe5f0a16577d: start 79ec004f-76c4-4937-a9ae-fe5f0a16577d@group-DA51D1B1407C-FollowerState
2022-05-15 13:40:57,775 [202e9239-47c7-423a-9cd3-2de09b349c52@group-DA51D1B1407C-LeaderElection32] INFO  impl.LeaderElection (LeaderElection.java:logAndReturn(89)) - 202e9239-47c7-423a-9cd3-2de09b349c52@group-DA51D1B1407C-LeaderElection32: ELECTION REJECTED received 2 response(s) and 0 exception(s):
2022-05-15 13:40:57,775 [202e9239-47c7-423a-9cd3-2de09b349c52@group-DA51D1B1407C-LeaderElection32] INFO  impl.LeaderElection (LeaderElection.java:logAndReturn(93)) -   Response 0: 202e9239-47c7-423a-9cd3-2de09b349c52<-79ec004f-76c4-4937-a9ae-fe5f0a16577d#0:FAIL-t6
2022-05-15 13:40:57,776 [202e9239-47c7-423a-9cd3-2de09b349c52@group-DA51D1B1407C-LeaderElection32] INFO  impl.LeaderElection (LeaderElection.java:logAndReturn(93)) -   Response 1: 202e9239-47c7-423a-9cd3-2de09b349c52<-eda58b43-d835-4a06-8ae1-b7a54d57ec10#0:FAIL-t6
2022-05-15 13:40:57,776 [202e9239-47c7-423a-9cd3-2de09b349c52@group-DA51D1B1407C-LeaderElection32] INFO  impl.LeaderElection (LeaderElection.java:askForVotes(308)) - 202e9239-47c7-423a-9cd3-2de09b349c52@group-DA51D1B1407C-LeaderElection32 ELECTION round 0: result REJECTED
2022-05-15 13:40:57,776 [202e9239-47c7-423a-9cd3-2de09b349c52@group-DA51D1B1407C-LeaderElection32] INFO  server.RaftServer$Division (RaftServerImpl.java:setRole(290)) - 202e9239-47c7-423a-9cd3-2de09b349c52@group-DA51D1B1407C: changes role from CANDIDATE to FOLLOWER at term 6 for REJECTED
2022-05-15 13:40:57,776 [202e9239-47c7-423a-9cd3-2de09b349c52@group-DA51D1B1407C-LeaderElection32] INFO  impl.RoleInfo (RoleInfo.java:shutdownLeaderElection(121)) - 202e9239-47c7-423a-9cd3-2de09b349c52: shutdown 202e9239-47c7-423a-9cd3-2de09b349c52@group-DA51D1B1407C-LeaderElection32
2022-05-15 13:40:57,776 [202e9239-47c7-423a-9cd3-2de09b349c52@group-DA51D1B1407C-LeaderElection32] INFO  impl.RoleInfo (RoleInfo.java:updateAndGet(130)) - 202e9239-47c7-423a-9cd3-2de09b349c52: start 202e9239-47c7-423a-9cd3-2de09b349c52@group-DA51D1B1407C-FollowerState
2022-05-15 13:40:57,806 [grpc-default-executor-2] INFO  server.RaftServer$Division (RaftServerImpl.java:requestVote(1046)) - 202e9239-47c7-423a-9cd3-2de09b349c52@group-DA51D1B1407C: receive requestVote(ELECTION, 79ec004f-76c4-4937-a9ae-fe5f0a16577d, group-DA51D1B1407C, 6, (t:0, i:0))
2022-05-15 13:40:57,807 [grpc-default-executor-2] INFO  impl.VoteContext (VoteContext.java:log(48)) - 202e9239-47c7-423a-9cd3-2de09b349c52@group-DA51D1B1407C-FOLLOWER: reject ELECTION from 79ec004f-76c4-4937-a9ae-fe5f0a16577d: already has voted for 202e9239-47c7-423a-9cd3-2de09b349c52 at current term 6
2022-05-15 13:40:57,807 [grpc-default-executor-2] INFO  server.RaftServer$Division (RaftServerImpl.java:requestVote(1078)) - 202e9239-47c7-423a-9cd3-2de09b349c52@group-DA51D1B1407C replies to ELECTION vote request: 79ec004f-76c4-4937-a9ae-fe5f0a16577d<-202e9239-47c7-423a-9cd3-2de09b349c52#0:FAIL-t6. Peer's state: 202e9239-47c7-423a-9cd3-2de09b349c52@group-DA51D1B1407C:t6, leader=null, voted=202e9239-47c7-423a-9cd3-2de09b349c52, raftlog=202e9239-47c7-423a-9cd3-2de09b349c52@group-DA51D1B1407C-SegmentedRaftLog:OPENED:c-1, conf=-1: [79ec004f-76c4-4937-a9ae-fe5f0a16577d|rpc:10.1.0.20:40141|priority:0, eda58b43-d835-4a06-8ae1-b7a54d57ec10|rpc:10.1.0.20:42159|priority:1, 202e9239-47c7-423a-9cd3-2de09b349c52|rpc:10.1.0.20:36687|priority:0], old=null
2022-05-15 13:40:58,205 [Listener at 127.0.0.1/44033] INFO  ozone.MiniOzoneClusterImpl (MiniOzoneClusterImpl.java:lambda$waitForClusterToBeReady$0(221)) - Nodes are ready. Got 3 of 3 DN Heartbeats.
2022-05-15 13:40:58,206 [Listener at 127.0.0.1/44033] INFO  ozone.MiniOzoneClusterImpl (MiniOzoneClusterImpl.java:lambda$waitForClusterToBeReady$0(224)) - Waiting for cluster to exit safe mode
2022-05-15 13:40:58,206 [Listener at 127.0.0.1/44033] INFO  ozone.MiniOzoneClusterImpl (MiniOzoneClusterImpl.java:lambda$waitForClusterToBeReady$0(226)) - SCM became leader
2022-05-15 13:40:58,258 [202e9239-47c7-423a-9cd3-2de09b349c52@group-18FD4C7A5263-FollowerState] INFO  impl.FollowerState (FollowerState.java:run(134)) - 202e9239-47c7-423a-9cd3-2de09b349c52@group-18FD4C7A5263-FollowerState: change to CANDIDATE, lastRpcElapsedTime:5115137681ns, electionTimeout:5111ms
2022-05-15 13:40:58,258 [202e9239-47c7-423a-9cd3-2de09b349c52@group-18FD4C7A5263-FollowerState] INFO  impl.RoleInfo (RoleInfo.java:shutdownFollowerState(108)) - 202e9239-47c7-423a-9cd3-2de09b349c52: shutdown 202e9239-47c7-423a-9cd3-2de09b349c52@group-18FD4C7A5263-FollowerState
2022-05-15 13:40:58,258 [202e9239-47c7-423a-9cd3-2de09b349c52@group-18FD4C7A5263-FollowerState] INFO  server.RaftServer$Division (RaftServerImpl.java:setRole(290)) - 202e9239-47c7-423a-9cd3-2de09b349c52@group-18FD4C7A5263: changes role from  FOLLOWER to CANDIDATE at term 5 for changeToCandidate
2022-05-15 13:40:58,258 [202e9239-47c7-423a-9cd3-2de09b349c52@group-18FD4C7A5263-FollowerState] INFO  server.RaftServerConfigKeys (ConfUtils.java:logGet(44)) - raft.server.leaderelection.pre-vote = false (custom)
2022-05-15 13:40:58,258 [202e9239-47c7-423a-9cd3-2de09b349c52@group-18FD4C7A5263-FollowerState] INFO  impl.RoleInfo (RoleInfo.java:updateAndGet(130)) - 202e9239-47c7-423a-9cd3-2de09b349c52: start 202e9239-47c7-423a-9cd3-2de09b349c52@group-18FD4C7A5263-LeaderElection33
2022-05-15 13:40:58,276 [202e9239-47c7-423a-9cd3-2de09b349c52@group-18FD4C7A5263-LeaderElection33] INFO  impl.LeaderElection (LeaderElection.java:askForVotes(306)) - 202e9239-47c7-423a-9cd3-2de09b349c52@group-18FD4C7A5263-LeaderElection33 ELECTION round 0: submit vote requests at term 6 for -1: [79ec004f-76c4-4937-a9ae-fe5f0a16577d|rpc:10.1.0.20:40141|priority:1, eda58b43-d835-4a06-8ae1-b7a54d57ec10|rpc:10.1.0.20:42159|priority:0, 202e9239-47c7-423a-9cd3-2de09b349c52|rpc:10.1.0.20:36687|priority:0], old=null
2022-05-15 13:40:58,284 [grpc-default-executor-2] INFO  server.RaftServer$Division (RaftServerImpl.java:requestVote(1046)) - 79ec004f-76c4-4937-a9ae-fe5f0a16577d@group-18FD4C7A5263: receive requestVote(ELECTION, 202e9239-47c7-423a-9cd3-2de09b349c52, group-18FD4C7A5263, 6, (t:0, i:0))
2022-05-15 13:40:58,284 [grpc-default-executor-2] INFO  impl.VoteContext (VoteContext.java:log(48)) - 79ec004f-76c4-4937-a9ae-fe5f0a16577d@group-18FD4C7A5263-FOLLOWER: reject ELECTION from 202e9239-47c7-423a-9cd3-2de09b349c52: our priority 1 > candidate's priority 0
2022-05-15 13:40:58,284 [grpc-default-executor-2] INFO  server.RaftServer$Division (RaftServerImpl.java:setRole(290)) - 79ec004f-76c4-4937-a9ae-fe5f0a16577d@group-18FD4C7A5263: changes role from  FOLLOWER to FOLLOWER at term 6 for candidate:202e9239-47c7-423a-9cd3-2de09b349c52
2022-05-15 13:40:58,284 [grpc-default-executor-2] INFO  impl.RoleInfo (RoleInfo.java:shutdownFollowerState(108)) - 79ec004f-76c4-4937-a9ae-fe5f0a16577d: shutdown 79ec004f-76c4-4937-a9ae-fe5f0a16577d@group-18FD4C7A5263-FollowerState
2022-05-15 13:40:58,290 [79ec004f-76c4-4937-a9ae-fe5f0a16577d@group-18FD4C7A5263-FollowerState] INFO  impl.FollowerState (FollowerState.java:run(127)) - 79ec004f-76c4-4937-a9ae-fe5f0a16577d@group-18FD4C7A5263-FollowerState: Stopping now (isRunning? false, isFollower? true)
2022-05-15 13:40:58,295 [grpc-default-executor-2] INFO  impl.RoleInfo (RoleInfo.java:updateAndGet(130)) - 79ec004f-76c4-4937-a9ae-fe5f0a16577d: start 79ec004f-76c4-4937-a9ae-fe5f0a16577d@group-18FD4C7A5263-FollowerState
2022-05-15 13:40:58,296 [grpc-default-executor-2] INFO  server.RaftServer$Division (RaftServerImpl.java:requestVote(1078)) - 79ec004f-76c4-4937-a9ae-fe5f0a16577d@group-18FD4C7A5263 replies to ELECTION vote request: 202e9239-47c7-423a-9cd3-2de09b349c52<-79ec004f-76c4-4937-a9ae-fe5f0a16577d#0:FAIL-t6. Peer's state: 79ec004f-76c4-4937-a9ae-fe5f0a16577d@group-18FD4C7A5263:t6, leader=null, voted=null, raftlog=79ec004f-76c4-4937-a9ae-fe5f0a16577d@group-18FD4C7A5263-SegmentedRaftLog:OPENED:c-1, conf=-1: [79ec004f-76c4-4937-a9ae-fe5f0a16577d|rpc:10.1.0.20:40141|dataStream:|priority:1, eda58b43-d835-4a06-8ae1-b7a54d57ec10|rpc:10.1.0.20:42159|dataStream:|priority:0, 202e9239-47c7-423a-9cd3-2de09b349c52|rpc:10.1.0.20:36687|dataStream:|priority:0], old=null
2022-05-15 13:40:58,297 [eda58b43-d835-4a06-8ae1-b7a54d57ec10@group-18FD4C7A5263-FollowerState] INFO  impl.FollowerState (FollowerState.java:run(134)) - eda58b43-d835-4a06-8ae1-b7a54d57ec10@group-18FD4C7A5263-FollowerState: change to CANDIDATE, lastRpcElapsedTime:5156766426ns, electionTimeout:5140ms
2022-05-15 13:40:58,297 [eda58b43-d835-4a06-8ae1-b7a54d57ec10@group-18FD4C7A5263-FollowerState] INFO  impl.RoleInfo (RoleInfo.java:shutdownFollowerState(108)) - eda58b43-d835-4a06-8ae1-b7a54d57ec10: shutdown eda58b43-d835-4a06-8ae1-b7a54d57ec10@group-18FD4C7A5263-FollowerState
2022-05-15 13:40:58,297 [eda58b43-d835-4a06-8ae1-b7a54d57ec10@group-18FD4C7A5263-FollowerState] INFO  server.RaftServer$Division (RaftServerImpl.java:setRole(290)) - eda58b43-d835-4a06-8ae1-b7a54d57ec10@group-18FD4C7A5263: changes role from  FOLLOWER to CANDIDATE at term 5 for changeToCandidate
2022-05-15 13:40:58,297 [eda58b43-d835-4a06-8ae1-b7a54d57ec10@group-18FD4C7A5263-FollowerState] INFO  server.RaftServerConfigKeys (ConfUtils.java:logGet(44)) - raft.server.leaderelection.pre-vote = false (custom)
2022-05-15 13:40:58,297 [eda58b43-d835-4a06-8ae1-b7a54d57ec10@group-18FD4C7A5263-FollowerState] INFO  impl.RoleInfo (RoleInfo.java:updateAndGet(130)) - eda58b43-d835-4a06-8ae1-b7a54d57ec10: start eda58b43-d835-4a06-8ae1-b7a54d57ec10@group-18FD4C7A5263-LeaderElection34
2022-05-15 13:40:58,307 [202e9239-47c7-423a-9cd3-2de09b349c52@group-18FD4C7A5263-LeaderElection33] INFO  impl.LeaderElection (LeaderElection.java:logAndReturn(89)) - 202e9239-47c7-423a-9cd3-2de09b349c52@group-18FD4C7A5263-LeaderElection33: ELECTION REJECTED received 1 response(s) and 0 exception(s):
2022-05-15 13:40:58,307 [202e9239-47c7-423a-9cd3-2de09b349c52@group-18FD4C7A5263-LeaderElection33] INFO  impl.LeaderElection (LeaderElection.java:logAndReturn(93)) -   Response 0: 202e9239-47c7-423a-9cd3-2de09b349c52<-79ec004f-76c4-4937-a9ae-fe5f0a16577d#0:FAIL-t6
2022-05-15 13:40:58,307 [202e9239-47c7-423a-9cd3-2de09b349c52@group-18FD4C7A5263-LeaderElection33] INFO  impl.LeaderElection (LeaderElection.java:askForVotes(308)) - 202e9239-47c7-423a-9cd3-2de09b349c52@group-18FD4C7A5263-LeaderElection33 ELECTION round 0: result REJECTED
2022-05-15 13:40:58,307 [202e9239-47c7-423a-9cd3-2de09b349c52@group-18FD4C7A5263-LeaderElection33] INFO  server.RaftServer$Division (RaftServerImpl.java:setRole(290)) - 202e9239-47c7-423a-9cd3-2de09b349c52@group-18FD4C7A5263: changes role from CANDIDATE to FOLLOWER at term 6 for REJECTED
2022-05-15 13:40:58,307 [202e9239-47c7-423a-9cd3-2de09b349c52@group-18FD4C7A5263-LeaderElection33] INFO  impl.RoleInfo (RoleInfo.java:shutdownLeaderElection(121)) - 202e9239-47c7-423a-9cd3-2de09b349c52: shutdown 202e9239-47c7-423a-9cd3-2de09b349c52@group-18FD4C7A5263-LeaderElection33
2022-05-15 13:40:58,307 [202e9239-47c7-423a-9cd3-2de09b349c52@group-18FD4C7A5263-LeaderElection33] INFO  impl.RoleInfo (RoleInfo.java:updateAndGet(130)) - 202e9239-47c7-423a-9cd3-2de09b349c52: start 202e9239-47c7-423a-9cd3-2de09b349c52@group-18FD4C7A5263-FollowerState
2022-05-15 13:40:58,310 [grpc-default-executor-2] INFO  server.RaftServer$Division (RaftServerImpl.java:requestVote(1046)) - eda58b43-d835-4a06-8ae1-b7a54d57ec10@group-18FD4C7A5263: receive requestVote(ELECTION, 202e9239-47c7-423a-9cd3-2de09b349c52, group-18FD4C7A5263, 6, (t:0, i:0))
2022-05-15 13:40:58,310 [grpc-default-executor-2] INFO  impl.VoteContext (VoteContext.java:log(48)) - eda58b43-d835-4a06-8ae1-b7a54d57ec10@group-18FD4C7A5263-CANDIDATE: accept ELECTION from 202e9239-47c7-423a-9cd3-2de09b349c52: our priority 0 <= candidate's priority 0
2022-05-15 13:40:58,310 [grpc-default-executor-2] INFO  server.RaftServer$Division (RaftServerImpl.java:setRole(290)) - eda58b43-d835-4a06-8ae1-b7a54d57ec10@group-18FD4C7A5263: changes role from CANDIDATE to FOLLOWER at term 6 for candidate:202e9239-47c7-423a-9cd3-2de09b349c52
2022-05-15 13:40:58,310 [grpc-default-executor-2] INFO  impl.RoleInfo (RoleInfo.java:shutdownLeaderElection(121)) - eda58b43-d835-4a06-8ae1-b7a54d57ec10: shutdown eda58b43-d835-4a06-8ae1-b7a54d57ec10@group-18FD4C7A5263-LeaderElection34
2022-05-15 13:40:58,311 [eda58b43-d835-4a06-8ae1-b7a54d57ec10@group-18FD4C7A5263-LeaderElection34] INFO  impl.LeaderElection (LeaderElection.java:run(230)) - eda58b43-d835-4a06-8ae1-b7a54d57ec10@group-18FD4C7A5263-LeaderElection34: skip running since this is already CLOSING
2022-05-15 13:40:58,319 [grpc-default-executor-2] INFO  impl.RoleInfo (RoleInfo.java:updateAndGet(130)) - eda58b43-d835-4a06-8ae1-b7a54d57ec10: start eda58b43-d835-4a06-8ae1-b7a54d57ec10@group-18FD4C7A5263-FollowerState
2022-05-15 13:40:58,342 [grpc-default-executor-2] INFO  server.RaftServer$Division (RaftServerImpl.java:requestVote(1078)) - eda58b43-d835-4a06-8ae1-b7a54d57ec10@group-18FD4C7A5263 replies to ELECTION vote request: 202e9239-47c7-423a-9cd3-2de09b349c52<-eda58b43-d835-4a06-8ae1-b7a54d57ec10#0:OK-t6. Peer's state: eda58b43-d835-4a06-8ae1-b7a54d57ec10@group-18FD4C7A5263:t6, leader=null, voted=202e9239-47c7-423a-9cd3-2de09b349c52, raftlog=eda58b43-d835-4a06-8ae1-b7a54d57ec10@group-18FD4C7A5263-SegmentedRaftLog:OPENED:c-1, conf=-1: [79ec004f-76c4-4937-a9ae-fe5f0a16577d|rpc:10.1.0.20:40141|dataStream:|priority:1, eda58b43-d835-4a06-8ae1-b7a54d57ec10|rpc:10.1.0.20:42159|dataStream:|priority:0, 202e9239-47c7-423a-9cd3-2de09b349c52|rpc:10.1.0.20:36687|dataStream:|priority:0], old=null
2022-05-15 13:40:59,206 [Listener at 127.0.0.1/44033] INFO  ozone.MiniOzoneClusterImpl (MiniOzoneClusterImpl.java:lambda$waitForClusterToBeReady$0(221)) - Nodes are ready. Got 3 of 3 DN Heartbeats.
2022-05-15 13:40:59,206 [Listener at 127.0.0.1/44033] INFO  ozone.MiniOzoneClusterImpl (MiniOzoneClusterImpl.java:lambda$waitForClusterToBeReady$0(224)) - Waiting for cluster to exit safe mode
2022-05-15 13:40:59,206 [Listener at 127.0.0.1/44033] INFO  ozone.MiniOzoneClusterImpl (MiniOzoneClusterImpl.java:lambda$waitForClusterToBeReady$0(226)) - SCM became leader
2022-05-15 13:41:00,207 [Listener at 127.0.0.1/44033] INFO  ozone.MiniOzoneClusterImpl (MiniOzoneClusterImpl.java:lambda$waitForClusterToBeReady$0(221)) - Nodes are ready. Got 3 of 3 DN Heartbeats.
2022-05-15 13:41:00,207 [Listener at 127.0.0.1/44033] INFO  ozone.MiniOzoneClusterImpl (MiniOzoneClusterImpl.java:lambda$waitForClusterToBeReady$0(224)) - Waiting for cluster to exit safe mode
2022-05-15 13:41:00,207 [Listener at 127.0.0.1/44033] INFO  ozone.MiniOzoneClusterImpl (MiniOzoneClusterImpl.java:lambda$waitForClusterToBeReady$0(226)) - SCM became leader
2022-05-15 13:41:01,207 [Listener at 127.0.0.1/44033] INFO  ozone.MiniOzoneClusterImpl (MiniOzoneClusterImpl.java:lambda$waitForClusterToBeReady$0(221)) - Nodes are ready. Got 3 of 3 DN Heartbeats.
2022-05-15 13:41:01,208 [Listener at 127.0.0.1/44033] INFO  ozone.MiniOzoneClusterImpl (MiniOzoneClusterImpl.java:lambda$waitForClusterToBeReady$0(224)) - Waiting for cluster to exit safe mode
2022-05-15 13:41:01,208 [Listener at 127.0.0.1/44033] INFO  ozone.MiniOzoneClusterImpl (MiniOzoneClusterImpl.java:lambda$waitForClusterToBeReady$0(226)) - SCM became leader
2022-05-15 13:41:02,208 [Listener at 127.0.0.1/44033] INFO  ozone.MiniOzoneClusterImpl (MiniOzoneClusterImpl.java:lambda$waitForClusterToBeReady$0(221)) - Nodes are ready. Got 3 of 3 DN Heartbeats.
2022-05-15 13:41:02,208 [Listener at 127.0.0.1/44033] INFO  ozone.MiniOzoneClusterImpl (MiniOzoneClusterImpl.java:lambda$waitForClusterToBeReady$0(224)) - Waiting for cluster to exit safe mode
2022-05-15 13:41:02,208 [Listener at 127.0.0.1/44033] INFO  ozone.MiniOzoneClusterImpl (MiniOzoneClusterImpl.java:lambda$waitForClusterToBeReady$0(226)) - SCM became leader
2022-05-15 13:41:02,833 [202e9239-47c7-423a-9cd3-2de09b349c52@group-DA51D1B1407C-FollowerState] INFO  impl.FollowerState (FollowerState.java:run(134)) - 202e9239-47c7-423a-9cd3-2de09b349c52@group-DA51D1B1407C-FollowerState: change to CANDIDATE, lastRpcElapsedTime:5057033399ns, electionTimeout:5032ms
2022-05-15 13:41:02,833 [202e9239-47c7-423a-9cd3-2de09b349c52@group-DA51D1B1407C-FollowerState] INFO  impl.RoleInfo (RoleInfo.java:shutdownFollowerState(108)) - 202e9239-47c7-423a-9cd3-2de09b349c52: shutdown 202e9239-47c7-423a-9cd3-2de09b349c52@group-DA51D1B1407C-FollowerState
2022-05-15 13:41:02,833 [202e9239-47c7-423a-9cd3-2de09b349c52@group-DA51D1B1407C-FollowerState] INFO  server.RaftServer$Division (RaftServerImpl.java:setRole(290)) - 202e9239-47c7-423a-9cd3-2de09b349c52@group-DA51D1B1407C: changes role from  FOLLOWER to CANDIDATE at term 6 for changeToCandidate
2022-05-15 13:41:02,833 [202e9239-47c7-423a-9cd3-2de09b349c52@group-DA51D1B1407C-FollowerState] INFO  server.RaftServerConfigKeys (ConfUtils.java:logGet(44)) - raft.server.leaderelection.pre-vote = false (custom)
2022-05-15 13:41:02,833 [202e9239-47c7-423a-9cd3-2de09b349c52@group-DA51D1B1407C-FollowerState] INFO  impl.RoleInfo (RoleInfo.java:updateAndGet(130)) - 202e9239-47c7-423a-9cd3-2de09b349c52: start 202e9239-47c7-423a-9cd3-2de09b349c52@group-DA51D1B1407C-LeaderElection35
2022-05-15 13:41:02,866 [202e9239-47c7-423a-9cd3-2de09b349c52@group-DA51D1B1407C-LeaderElection35] INFO  impl.LeaderElection (LeaderElection.java:askForVotes(306)) - 202e9239-47c7-423a-9cd3-2de09b349c52@group-DA51D1B1407C-LeaderElection35 ELECTION round 0: submit vote requests at term 7 for -1: [79ec004f-76c4-4937-a9ae-fe5f0a16577d|rpc:10.1.0.20:40141|priority:0, eda58b43-d835-4a06-8ae1-b7a54d57ec10|rpc:10.1.0.20:42159|priority:1, 202e9239-47c7-423a-9cd3-2de09b349c52|rpc:10.1.0.20:36687|priority:0], old=null
2022-05-15 13:41:02,879 [79ec004f-76c4-4937-a9ae-fe5f0a16577d@group-DA51D1B1407C-FollowerState] INFO  impl.FollowerState (FollowerState.java:run(134)) - 79ec004f-76c4-4937-a9ae-fe5f0a16577d@group-DA51D1B1407C-FollowerState: change to CANDIDATE, lastRpcElapsedTime:5105724735ns, electionTimeout:5105ms
2022-05-15 13:41:02,879 [79ec004f-76c4-4937-a9ae-fe5f0a16577d@group-DA51D1B1407C-FollowerState] INFO  impl.RoleInfo (RoleInfo.java:shutdownFollowerState(108)) - 79ec004f-76c4-4937-a9ae-fe5f0a16577d: shutdown 79ec004f-76c4-4937-a9ae-fe5f0a16577d@group-DA51D1B1407C-FollowerState
2022-05-15 13:41:02,879 [79ec004f-76c4-4937-a9ae-fe5f0a16577d@group-DA51D1B1407C-FollowerState] INFO  server.RaftServer$Division (RaftServerImpl.java:setRole(290)) - 79ec004f-76c4-4937-a9ae-fe5f0a16577d@group-DA51D1B1407C: changes role from  FOLLOWER to CANDIDATE at term 6 for changeToCandidate
2022-05-15 13:41:02,880 [grpc-default-executor-2] INFO  server.RaftServer$Division (RaftServerImpl.java:requestVote(1046)) - 79ec004f-76c4-4937-a9ae-fe5f0a16577d@group-DA51D1B1407C: receive requestVote(ELECTION, 202e9239-47c7-423a-9cd3-2de09b349c52, group-DA51D1B1407C, 7, (t:0, i:0))
2022-05-15 13:41:02,882 [79ec004f-76c4-4937-a9ae-fe5f0a16577d@group-DA51D1B1407C-FollowerState] INFO  server.RaftServerConfigKeys (ConfUtils.java:logGet(44)) - raft.server.leaderelection.pre-vote = false (custom)
2022-05-15 13:41:02,882 [79ec004f-76c4-4937-a9ae-fe5f0a16577d@group-DA51D1B1407C-FollowerState] INFO  impl.RoleInfo (RoleInfo.java:updateAndGet(130)) - 79ec004f-76c4-4937-a9ae-fe5f0a16577d: start 79ec004f-76c4-4937-a9ae-fe5f0a16577d@group-DA51D1B1407C-LeaderElection36
2022-05-15 13:41:02,890 [grpc-default-executor-1] INFO  server.RaftServer$Division (RaftServerImpl.java:requestVote(1046)) - eda58b43-d835-4a06-8ae1-b7a54d57ec10@group-DA51D1B1407C: receive requestVote(ELECTION, 202e9239-47c7-423a-9cd3-2de09b349c52, group-DA51D1B1407C, 7, (t:0, i:0))
2022-05-15 13:41:02,891 [grpc-default-executor-1] INFO  impl.VoteContext (VoteContext.java:log(48)) - eda58b43-d835-4a06-8ae1-b7a54d57ec10@group-DA51D1B1407C-FOLLOWER: reject ELECTION from 202e9239-47c7-423a-9cd3-2de09b349c52: our priority 1 > candidate's priority 0
2022-05-15 13:41:02,891 [grpc-default-executor-1] INFO  server.RaftServer$Division (RaftServerImpl.java:setRole(290)) - eda58b43-d835-4a06-8ae1-b7a54d57ec10@group-DA51D1B1407C: changes role from  FOLLOWER to FOLLOWER at term 7 for candidate:202e9239-47c7-423a-9cd3-2de09b349c52
2022-05-15 13:41:02,891 [grpc-default-executor-1] INFO  impl.RoleInfo (RoleInfo.java:shutdownFollowerState(108)) - eda58b43-d835-4a06-8ae1-b7a54d57ec10: shutdown eda58b43-d835-4a06-8ae1-b7a54d57ec10@group-DA51D1B1407C-FollowerState
2022-05-15 13:41:02,906 [eda58b43-d835-4a06-8ae1-b7a54d57ec10@group-DA51D1B1407C-FollowerState] INFO  impl.FollowerState (FollowerState.java:run(143)) - eda58b43-d835-4a06-8ae1-b7a54d57ec10@group-DA51D1B1407C-FollowerState was interrupted: {}
java.lang.InterruptedException: sleep interrupted
	at java.lang.Thread.sleep(Native Method)
	at java.lang.Thread.sleep(Thread.java:342)
	at java.util.concurrent.TimeUnit.sleep(TimeUnit.java:386)
	at org.apache.ratis.util.TimeDuration.sleep(TimeDuration.java:324)
	at org.apache.ratis.util.TimeDuration.sleep(TimeDuration.java:309)
	at org.apache.ratis.server.impl.FollowerState.run(FollowerState.java:118)
2022-05-15 13:41:02,907 [grpc-default-executor-2] INFO  impl.VoteContext (VoteContext.java:log(48)) - 79ec004f-76c4-4937-a9ae-fe5f0a16577d@group-DA51D1B1407C-CANDIDATE: accept ELECTION from 202e9239-47c7-423a-9cd3-2de09b349c52: our priority 0 <= candidate's priority 0
2022-05-15 13:41:02,907 [grpc-default-executor-2] INFO  server.RaftServer$Division (RaftServerImpl.java:setRole(290)) - 79ec004f-76c4-4937-a9ae-fe5f0a16577d@group-DA51D1B1407C: changes role from CANDIDATE to FOLLOWER at term 7 for candidate:202e9239-47c7-423a-9cd3-2de09b349c52
2022-05-15 13:41:02,907 [grpc-default-executor-2] INFO  impl.RoleInfo (RoleInfo.java:shutdownLeaderElection(121)) - 79ec004f-76c4-4937-a9ae-fe5f0a16577d: shutdown 79ec004f-76c4-4937-a9ae-fe5f0a16577d@group-DA51D1B1407C-LeaderElection36
2022-05-15 13:41:02,908 [grpc-default-executor-2] INFO  impl.RoleInfo (RoleInfo.java:updateAndGet(130)) - 79ec004f-76c4-4937-a9ae-fe5f0a16577d: start 79ec004f-76c4-4937-a9ae-fe5f0a16577d@group-DA51D1B1407C-FollowerState
2022-05-15 13:41:02,907 [grpc-default-executor-1] INFO  impl.RoleInfo (RoleInfo.java:updateAndGet(130)) - eda58b43-d835-4a06-8ae1-b7a54d57ec10: start eda58b43-d835-4a06-8ae1-b7a54d57ec10@group-DA51D1B1407C-FollowerState
2022-05-15 13:41:02,909 [grpc-default-executor-2] INFO  server.RaftServer$Division (RaftServerImpl.java:requestVote(1078)) - 79ec004f-76c4-4937-a9ae-fe5f0a16577d@group-DA51D1B1407C replies to ELECTION vote request: 202e9239-47c7-423a-9cd3-2de09b349c52<-79ec004f-76c4-4937-a9ae-fe5f0a16577d#0:OK-t7. Peer's state: 79ec004f-76c4-4937-a9ae-fe5f0a16577d@group-DA51D1B1407C:t7, leader=null, voted=202e9239-47c7-423a-9cd3-2de09b349c52, raftlog=79ec004f-76c4-4937-a9ae-fe5f0a16577d@group-DA51D1B1407C-SegmentedRaftLog:OPENED:c-1, conf=-1: [79ec004f-76c4-4937-a9ae-fe5f0a16577d|rpc:10.1.0.20:40141|dataStream:|priority:0, eda58b43-d835-4a06-8ae1-b7a54d57ec10|rpc:10.1.0.20:42159|dataStream:|priority:1, 202e9239-47c7-423a-9cd3-2de09b349c52|rpc:10.1.0.20:36687|dataStream:|priority:0], old=null
2022-05-15 13:41:02,919 [grpc-default-executor-1] INFO  server.RaftServer$Division (RaftServerImpl.java:requestVote(1078)) - eda58b43-d835-4a06-8ae1-b7a54d57ec10@group-DA51D1B1407C replies to ELECTION vote request: 202e9239-47c7-423a-9cd3-2de09b349c52<-eda58b43-d835-4a06-8ae1-b7a54d57ec10#0:FAIL-t7. Peer's state: eda58b43-d835-4a06-8ae1-b7a54d57ec10@group-DA51D1B1407C:t7, leader=null, voted=null, raftlog=eda58b43-d835-4a06-8ae1-b7a54d57ec10@group-DA51D1B1407C-SegmentedRaftLog:OPENED:c-1, conf=-1: [79ec004f-76c4-4937-a9ae-fe5f0a16577d|rpc:10.1.0.20:40141|dataStream:|priority:0, eda58b43-d835-4a06-8ae1-b7a54d57ec10|rpc:10.1.0.20:42159|dataStream:|priority:1, 202e9239-47c7-423a-9cd3-2de09b349c52|rpc:10.1.0.20:36687|dataStream:|priority:0], old=null
2022-05-15 13:41:02,920 [202e9239-47c7-423a-9cd3-2de09b349c52@group-DA51D1B1407C-LeaderElection35] INFO  impl.LeaderElection (LeaderElection.java:logAndReturn(89)) - 202e9239-47c7-423a-9cd3-2de09b349c52@group-DA51D1B1407C-LeaderElection35: ELECTION REJECTED received 2 response(s) and 0 exception(s):
2022-05-15 13:41:02,920 [202e9239-47c7-423a-9cd3-2de09b349c52@group-DA51D1B1407C-LeaderElection35] INFO  impl.LeaderElection (LeaderElection.java:logAndReturn(93)) -   Response 0: 202e9239-47c7-423a-9cd3-2de09b349c52<-79ec004f-76c4-4937-a9ae-fe5f0a16577d#0:OK-t7
2022-05-15 13:41:02,920 [202e9239-47c7-423a-9cd3-2de09b349c52@group-DA51D1B1407C-LeaderElection35] INFO  impl.LeaderElection (LeaderElection.java:logAndReturn(93)) -   Response 1: 202e9239-47c7-423a-9cd3-2de09b349c52<-eda58b43-d835-4a06-8ae1-b7a54d57ec10#0:FAIL-t7
2022-05-15 13:41:02,920 [202e9239-47c7-423a-9cd3-2de09b349c52@group-DA51D1B1407C-LeaderElection35] INFO  impl.LeaderElection (LeaderElection.java:askForVotes(308)) - 202e9239-47c7-423a-9cd3-2de09b349c52@group-DA51D1B1407C-LeaderElection35 ELECTION round 0: result REJECTED
2022-05-15 13:41:02,920 [202e9239-47c7-423a-9cd3-2de09b349c52@group-DA51D1B1407C-LeaderElection35] INFO  server.RaftServer$Division (RaftServerImpl.java:setRole(290)) - 202e9239-47c7-423a-9cd3-2de09b349c52@group-DA51D1B1407C: changes role from CANDIDATE to FOLLOWER at term 7 for REJECTED
2022-05-15 13:41:02,920 [202e9239-47c7-423a-9cd3-2de09b349c52@group-DA51D1B1407C-LeaderElection35] INFO  impl.RoleInfo (RoleInfo.java:shutdownLeaderElection(121)) - 202e9239-47c7-423a-9cd3-2de09b349c52: shutdown 202e9239-47c7-423a-9cd3-2de09b349c52@group-DA51D1B1407C-LeaderElection35
2022-05-15 13:41:02,920 [202e9239-47c7-423a-9cd3-2de09b349c52@group-DA51D1B1407C-LeaderElection35] INFO  impl.RoleInfo (RoleInfo.java:updateAndGet(130)) - 202e9239-47c7-423a-9cd3-2de09b349c52: start 202e9239-47c7-423a-9cd3-2de09b349c52@group-DA51D1B1407C-FollowerState
2022-05-15 13:41:03,208 [Listener at 127.0.0.1/44033] INFO  ozone.MiniOzoneClusterImpl (MiniOzoneClusterImpl.java:lambda$waitForClusterToBeReady$0(221)) - Nodes are ready. Got 3 of 3 DN Heartbeats.
2022-05-15 13:41:03,209 [Listener at 127.0.0.1/44033] INFO  ozone.MiniOzoneClusterImpl (MiniOzoneClusterImpl.java:lambda$waitForClusterToBeReady$0(224)) - Waiting for cluster to exit safe mode
2022-05-15 13:41:03,209 [Listener at 127.0.0.1/44033] INFO  ozone.MiniOzoneClusterImpl (MiniOzoneClusterImpl.java:lambda$waitForClusterToBeReady$0(226)) - SCM became leader
2022-05-15 13:41:03,344 [79ec004f-76c4-4937-a9ae-fe5f0a16577d@group-18FD4C7A5263-FollowerState] INFO  impl.FollowerState (FollowerState.java:run(134)) - 79ec004f-76c4-4937-a9ae-fe5f0a16577d@group-18FD4C7A5263-FollowerState: change to CANDIDATE, lastRpcElapsedTime:5049384696ns, electionTimeout:5038ms
2022-05-15 13:41:03,344 [79ec004f-76c4-4937-a9ae-fe5f0a16577d@group-18FD4C7A5263-FollowerState] INFO  impl.RoleInfo (RoleInfo.java:shutdownFollowerState(108)) - 79ec004f-76c4-4937-a9ae-fe5f0a16577d: shutdown 79ec004f-76c4-4937-a9ae-fe5f0a16577d@group-18FD4C7A5263-FollowerState
2022-05-15 13:41:03,344 [79ec004f-76c4-4937-a9ae-fe5f0a16577d@group-18FD4C7A5263-FollowerState] INFO  server.RaftServer$Division (RaftServerImpl.java:setRole(290)) - 79ec004f-76c4-4937-a9ae-fe5f0a16577d@group-18FD4C7A5263: changes role from  FOLLOWER to CANDIDATE at term 6 for changeToCandidate
2022-05-15 13:41:03,345 [79ec004f-76c4-4937-a9ae-fe5f0a16577d@group-18FD4C7A5263-FollowerState] INFO  server.RaftServerConfigKeys (ConfUtils.java:logGet(44)) - raft.server.leaderelection.pre-vote = false (custom)
2022-05-15 13:41:03,345 [79ec004f-76c4-4937-a9ae-fe5f0a16577d@group-18FD4C7A5263-FollowerState] INFO  impl.RoleInfo (RoleInfo.java:updateAndGet(130)) - 79ec004f-76c4-4937-a9ae-fe5f0a16577d: start 79ec004f-76c4-4937-a9ae-fe5f0a16577d@group-18FD4C7A5263-LeaderElection37
2022-05-15 13:41:03,358 [79ec004f-76c4-4937-a9ae-fe5f0a16577d@group-18FD4C7A5263-LeaderElection37] INFO  impl.LeaderElection (LeaderElection.java:askForVotes(306)) - 79ec004f-76c4-4937-a9ae-fe5f0a16577d@group-18FD4C7A5263-LeaderElection37 ELECTION round 0: submit vote requests at term 7 for -1: [79ec004f-76c4-4937-a9ae-fe5f0a16577d|rpc:10.1.0.20:40141|dataStream:|priority:1, eda58b43-d835-4a06-8ae1-b7a54d57ec10|rpc:10.1.0.20:42159|dataStream:|priority:0, 202e9239-47c7-423a-9cd3-2de09b349c52|rpc:10.1.0.20:36687|dataStream:|priority:0], old=null
2022-05-15 13:41:03,361 [grpc-default-executor-1] INFO  server.RaftServer$Division (RaftServerImpl.java:requestVote(1046)) - eda58b43-d835-4a06-8ae1-b7a54d57ec10@group-18FD4C7A5263: receive requestVote(ELECTION, 79ec004f-76c4-4937-a9ae-fe5f0a16577d, group-18FD4C7A5263, 7, (t:0, i:0))
2022-05-15 13:41:03,361 [grpc-default-executor-1] INFO  impl.VoteContext (VoteContext.java:log(48)) - eda58b43-d835-4a06-8ae1-b7a54d57ec10@group-18FD4C7A5263-FOLLOWER: accept ELECTION from 79ec004f-76c4-4937-a9ae-fe5f0a16577d: our priority 0 <= candidate's priority 1
2022-05-15 13:41:03,361 [grpc-default-executor-1] INFO  server.RaftServer$Division (RaftServerImpl.java:setRole(290)) - eda58b43-d835-4a06-8ae1-b7a54d57ec10@group-18FD4C7A5263: changes role from  FOLLOWER to FOLLOWER at term 7 for candidate:79ec004f-76c4-4937-a9ae-fe5f0a16577d
2022-05-15 13:41:03,361 [grpc-default-executor-1] INFO  impl.RoleInfo (RoleInfo.java:shutdownFollowerState(108)) - eda58b43-d835-4a06-8ae1-b7a54d57ec10: shutdown eda58b43-d835-4a06-8ae1-b7a54d57ec10@group-18FD4C7A5263-FollowerState
2022-05-15 13:41:03,362 [eda58b43-d835-4a06-8ae1-b7a54d57ec10@group-18FD4C7A5263-FollowerState] INFO  impl.FollowerState (FollowerState.java:run(143)) - eda58b43-d835-4a06-8ae1-b7a54d57ec10@group-18FD4C7A5263-FollowerState was interrupted: {}
java.lang.InterruptedException: sleep interrupted
	at java.lang.Thread.sleep(Native Method)
	at java.lang.Thread.sleep(Thread.java:342)
	at java.util.concurrent.TimeUnit.sleep(TimeUnit.java:386)
	at org.apache.ratis.util.TimeDuration.sleep(TimeDuration.java:324)
	at org.apache.ratis.util.TimeDuration.sleep(TimeDuration.java:309)
	at org.apache.ratis.server.impl.FollowerState.run(FollowerState.java:118)
2022-05-15 13:41:03,362 [grpc-default-executor-1] INFO  impl.RoleInfo (RoleInfo.java:updateAndGet(130)) - eda58b43-d835-4a06-8ae1-b7a54d57ec10: start eda58b43-d835-4a06-8ae1-b7a54d57ec10@group-18FD4C7A5263-FollowerState
2022-05-15 13:41:03,382 [grpc-default-executor-2] INFO  server.RaftServer$Division (RaftServerImpl.java:requestVote(1046)) - 202e9239-47c7-423a-9cd3-2de09b349c52@group-18FD4C7A5263: receive requestVote(ELECTION, 79ec004f-76c4-4937-a9ae-fe5f0a16577d, group-18FD4C7A5263, 7, (t:0, i:0))
2022-05-15 13:41:03,382 [grpc-default-executor-2] INFO  impl.VoteContext (VoteContext.java:log(48)) - 202e9239-47c7-423a-9cd3-2de09b349c52@group-18FD4C7A5263-FOLLOWER: accept ELECTION from 79ec004f-76c4-4937-a9ae-fe5f0a16577d: our priority 0 <= candidate's priority 1
2022-05-15 13:41:03,382 [grpc-default-executor-2] INFO  server.RaftServer$Division (RaftServerImpl.java:setRole(290)) - 202e9239-47c7-423a-9cd3-2de09b349c52@group-18FD4C7A5263: changes role from  FOLLOWER to FOLLOWER at term 7 for candidate:79ec004f-76c4-4937-a9ae-fe5f0a16577d
2022-05-15 13:41:03,382 [grpc-default-executor-2] INFO  impl.RoleInfo (RoleInfo.java:shutdownFollowerState(108)) - 202e9239-47c7-423a-9cd3-2de09b349c52: shutdown 202e9239-47c7-423a-9cd3-2de09b349c52@group-18FD4C7A5263-FollowerState
2022-05-15 13:41:03,382 [grpc-default-executor-2] INFO  impl.RoleInfo (RoleInfo.java:updateAndGet(130)) - 202e9239-47c7-423a-9cd3-2de09b349c52: start 202e9239-47c7-423a-9cd3-2de09b349c52@group-18FD4C7A5263-FollowerState
2022-05-15 13:41:03,382 [202e9239-47c7-423a-9cd3-2de09b349c52@group-18FD4C7A5263-FollowerState] INFO  impl.FollowerState (FollowerState.java:run(143)) - 202e9239-47c7-423a-9cd3-2de09b349c52@group-18FD4C7A5263-FollowerState was interrupted: {}
java.lang.InterruptedException: sleep interrupted
	at java.lang.Thread.sleep(Native Method)
	at java.lang.Thread.sleep(Thread.java:342)
	at java.util.concurrent.TimeUnit.sleep(TimeUnit.java:386)
	at org.apache.ratis.util.TimeDuration.sleep(TimeDuration.java:324)
	at org.apache.ratis.util.TimeDuration.sleep(TimeDuration.java:309)
	at org.apache.ratis.server.impl.FollowerState.run(FollowerState.java:118)
2022-05-15 13:41:03,383 [grpc-default-executor-1] INFO  server.RaftServer$Division (RaftServerImpl.java:requestVote(1078)) - eda58b43-d835-4a06-8ae1-b7a54d57ec10@group-18FD4C7A5263 replies to ELECTION vote request: 79ec004f-76c4-4937-a9ae-fe5f0a16577d<-eda58b43-d835-4a06-8ae1-b7a54d57ec10#0:OK-t7. Peer's state: eda58b43-d835-4a06-8ae1-b7a54d57ec10@group-18FD4C7A5263:t7, leader=null, voted=79ec004f-76c4-4937-a9ae-fe5f0a16577d, raftlog=eda58b43-d835-4a06-8ae1-b7a54d57ec10@group-18FD4C7A5263-SegmentedRaftLog:OPENED:c-1, conf=-1: [79ec004f-76c4-4937-a9ae-fe5f0a16577d|rpc:10.1.0.20:40141|dataStream:|priority:1, eda58b43-d835-4a06-8ae1-b7a54d57ec10|rpc:10.1.0.20:42159|dataStream:|priority:0, 202e9239-47c7-423a-9cd3-2de09b349c52|rpc:10.1.0.20:36687|dataStream:|priority:0], old=null
2022-05-15 13:41:03,390 [grpc-default-executor-2] INFO  server.RaftServer$Division (RaftServerImpl.java:requestVote(1078)) - 202e9239-47c7-423a-9cd3-2de09b349c52@group-18FD4C7A5263 replies to ELECTION vote request: 79ec004f-76c4-4937-a9ae-fe5f0a16577d<-202e9239-47c7-423a-9cd3-2de09b349c52#0:OK-t7. Peer's state: 202e9239-47c7-423a-9cd3-2de09b349c52@group-18FD4C7A5263:t7, leader=null, voted=79ec004f-76c4-4937-a9ae-fe5f0a16577d, raftlog=202e9239-47c7-423a-9cd3-2de09b349c52@group-18FD4C7A5263-SegmentedRaftLog:OPENED:c-1, conf=-1: [79ec004f-76c4-4937-a9ae-fe5f0a16577d|rpc:10.1.0.20:40141|priority:1, eda58b43-d835-4a06-8ae1-b7a54d57ec10|rpc:10.1.0.20:42159|priority:0, 202e9239-47c7-423a-9cd3-2de09b349c52|rpc:10.1.0.20:36687|priority:0], old=null
2022-05-15 13:41:03,391 [79ec004f-76c4-4937-a9ae-fe5f0a16577d@group-18FD4C7A5263-LeaderElection37] INFO  impl.LeaderElection (LeaderElection.java:logAndReturn(89)) - 79ec004f-76c4-4937-a9ae-fe5f0a16577d@group-18FD4C7A5263-LeaderElection37: ELECTION PASSED received 1 response(s) and 0 exception(s):
2022-05-15 13:41:03,391 [79ec004f-76c4-4937-a9ae-fe5f0a16577d@group-18FD4C7A5263-LeaderElection37] INFO  impl.LeaderElection (LeaderElection.java:logAndReturn(93)) -   Response 0: 79ec004f-76c4-4937-a9ae-fe5f0a16577d<-202e9239-47c7-423a-9cd3-2de09b349c52#0:OK-t7
2022-05-15 13:41:03,391 [79ec004f-76c4-4937-a9ae-fe5f0a16577d@group-18FD4C7A5263-LeaderElection37] INFO  impl.LeaderElection (LeaderElection.java:askForVotes(308)) - 79ec004f-76c4-4937-a9ae-fe5f0a16577d@group-18FD4C7A5263-LeaderElection37 ELECTION round 0: result PASSED
2022-05-15 13:41:03,391 [79ec004f-76c4-4937-a9ae-fe5f0a16577d@group-18FD4C7A5263-LeaderElection37] INFO  impl.RoleInfo (RoleInfo.java:shutdownLeaderElection(121)) - 79ec004f-76c4-4937-a9ae-fe5f0a16577d: shutdown 79ec004f-76c4-4937-a9ae-fe5f0a16577d@group-18FD4C7A5263-LeaderElection37
2022-05-15 13:41:03,391 [79ec004f-76c4-4937-a9ae-fe5f0a16577d@group-18FD4C7A5263-LeaderElection37] INFO  server.RaftServer$Division (RaftServerImpl.java:setRole(290)) - 79ec004f-76c4-4937-a9ae-fe5f0a16577d@group-18FD4C7A5263: changes role from CANDIDATE to LEADER at term 7 for changeToLeader
2022-05-15 13:41:03,391 [79ec004f-76c4-4937-a9ae-fe5f0a16577d@group-18FD4C7A5263-LeaderElection37] INFO  ratis.XceiverServerRatis (XceiverServerRatis.java:handleLeaderChangedNotification(863)) - Leader change notification received for group: group-18FD4C7A5263 with new leaderId: 79ec004f-76c4-4937-a9ae-fe5f0a16577d
2022-05-15 13:41:03,391 [79ec004f-76c4-4937-a9ae-fe5f0a16577d@group-18FD4C7A5263-LeaderElection37] INFO  server.RaftServer$Division (ServerState.java:setLeader(285)) - 79ec004f-76c4-4937-a9ae-fe5f0a16577d@group-18FD4C7A5263: change Leader from null to 79ec004f-76c4-4937-a9ae-fe5f0a16577d at term 7 for becomeLeader, leader elected after 36007ms
2022-05-15 13:41:03,391 [79ec004f-76c4-4937-a9ae-fe5f0a16577d@group-18FD4C7A5263-LeaderElection37] INFO  server.RaftServerConfigKeys (ConfUtils.java:logGet(44)) - raft.server.staging.catchup.gap = 1000 (default)
2022-05-15 13:41:03,391 [79ec004f-76c4-4937-a9ae-fe5f0a16577d@group-18FD4C7A5263-LeaderElection37] INFO  server.RaftServerConfigKeys (ConfUtils.java:logGet(44)) - raft.server.write.element-limit = 1024 (custom)
2022-05-15 13:41:03,391 [79ec004f-76c4-4937-a9ae-fe5f0a16577d@group-18FD4C7A5263-LeaderElection37] INFO  server.RaftServerConfigKeys (ConfUtils.java:logGet(44)) - raft.server.write.byte-limit = 1024 M (=1073741824) (custom)
2022-05-15 13:41:03,392 [79ec004f-76c4-4937-a9ae-fe5f0a16577d@group-18FD4C7A5263-LeaderElection37] INFO  server.RaftServerConfigKeys (ConfUtils.java:logGet(44)) - raft.server.watch.timeout = 180s (custom)
2022-05-15 13:41:03,392 [79ec004f-76c4-4937-a9ae-fe5f0a16577d@group-18FD4C7A5263-LeaderElection37] INFO  server.RaftServerConfigKeys (ConfUtils.java:logGet(44)) - raft.server.watch.timeout.denomination = 1s (default)
2022-05-15 13:41:03,392 [79ec004f-76c4-4937-a9ae-fe5f0a16577d@group-18FD4C7A5263-LeaderElection37] INFO  server.RaftServerConfigKeys (ConfUtils.java:logGet(44)) - raft.server.watch.element-limit = 65536 (default)
2022-05-15 13:41:03,392 [79ec004f-76c4-4937-a9ae-fe5f0a16577d@group-18FD4C7A5263-LeaderElection37] INFO  server.RaftServerConfigKeys (ConfUtils.java:logGet(44)) - raft.server.write.element-limit = 1024 (custom)
2022-05-15 13:41:03,392 [79ec004f-76c4-4937-a9ae-fe5f0a16577d@group-18FD4C7A5263-LeaderElection37] INFO  server.RaftServerConfigKeys (ConfUtils.java:logGet(44)) - raft.server.write.follower.gap.ratio.max = -1.0 (default)
2022-05-15 13:41:03,392 [79ec004f-76c4-4937-a9ae-fe5f0a16577d@group-18FD4C7A5263-LeaderElection37] INFO  server.RaftServerConfigKeys (ConfUtils.java:logGet(44)) - raft.server.log.appender.snapshot.chunk.size.max = 16MB (=16777216) (default)
2022-05-15 13:41:03,392 [79ec004f-76c4-4937-a9ae-fe5f0a16577d@group-18FD4C7A5263-LeaderElection37] INFO  server.RaftServerConfigKeys (ConfUtils.java:logGet(44)) - raft.server.log.appender.buffer.byte-limit = 33554432 (custom)
2022-05-15 13:41:03,392 [79ec004f-76c4-4937-a9ae-fe5f0a16577d@group-18FD4C7A5263-LeaderElection37] INFO  server.RaftServerConfigKeys (ConfUtils.java:logGet(44)) - raft.server.log.appender.buffer.element-limit = 1 (custom)
2022-05-15 13:41:03,392 [79ec004f-76c4-4937-a9ae-fe5f0a16577d@group-18FD4C7A5263-LeaderElection37] INFO  grpc.GrpcConfigKeys (ConfUtils.java:logGet(44)) - raft.grpc.server.leader.outstanding.appends.max = 128 (default)
2022-05-15 13:41:03,392 [79ec004f-76c4-4937-a9ae-fe5f0a16577d@group-18FD4C7A5263-LeaderElection37] INFO  server.RaftServerConfigKeys (ConfUtils.java:logGet(44)) - raft.server.rpc.request.timeout = 60s (custom)
2022-05-15 13:41:03,392 [79ec004f-76c4-4937-a9ae-fe5f0a16577d@group-18FD4C7A5263-LeaderElection37] INFO  server.RaftServerConfigKeys (ConfUtils.java:logGet(44)) - raft.server.log.appender.install.snapshot.enabled = false (custom)
2022-05-15 13:41:03,393 [79ec004f-76c4-4937-a9ae-fe5f0a16577d@group-18FD4C7A5263-LeaderElection37] INFO  server.RaftServerConfigKeys (ConfUtils.java:logGet(44)) - raft.server.log.appender.snapshot.chunk.size.max = 16MB (=16777216) (default)
2022-05-15 13:41:03,393 [79ec004f-76c4-4937-a9ae-fe5f0a16577d@group-18FD4C7A5263-LeaderElection37] INFO  server.RaftServerConfigKeys (ConfUtils.java:logGet(44)) - raft.server.log.appender.buffer.byte-limit = 33554432 (custom)
2022-05-15 13:41:03,393 [79ec004f-76c4-4937-a9ae-fe5f0a16577d@group-18FD4C7A5263-LeaderElection37] INFO  server.RaftServerConfigKeys (ConfUtils.java:logGet(44)) - raft.server.log.appender.buffer.element-limit = 1 (custom)
2022-05-15 13:41:03,393 [79ec004f-76c4-4937-a9ae-fe5f0a16577d@group-18FD4C7A5263-LeaderElection37] INFO  grpc.GrpcConfigKeys (ConfUtils.java:logGet(44)) - raft.grpc.server.leader.outstanding.appends.max = 128 (default)
2022-05-15 13:41:03,394 [79ec004f-76c4-4937-a9ae-fe5f0a16577d@group-18FD4C7A5263-LeaderElection37] INFO  server.RaftServerConfigKeys (ConfUtils.java:logGet(44)) - raft.server.rpc.request.timeout = 60s (custom)
2022-05-15 13:41:03,394 [79ec004f-76c4-4937-a9ae-fe5f0a16577d@group-18FD4C7A5263-LeaderElection37] INFO  server.RaftServerConfigKeys (ConfUtils.java:logGet(44)) - raft.server.log.appender.install.snapshot.enabled = false (custom)
2022-05-15 13:41:03,395 [EventQueue-PipelineReportForPipelineReportHandler] INFO  pipeline.PipelineManagerImpl (PipelineManagerImpl.java:openPipeline(336)) - Pipeline Pipeline[ Id: 135be98c-0b36-48fb-a4ab-18fd4c7a5263, Nodes: 79ec004f-76c4-4937-a9ae-fe5f0a16577d{ip: 10.1.0.20, host: fv-az40-973.r1qzdtoifymehf5jtx2d0vwyfg.bx.internal.cloudapp.net, ports: [REPLICATION=39845, RATIS=40141, RATIS_ADMIN=40141, RATIS_SERVER=40141, STANDALONE=44393], networkLocation: /default-rack, certSerialId: null, persistedOpState: IN_SERVICE, persistedOpStateExpiryEpochSec: 0}202e9239-47c7-423a-9cd3-2de09b349c52{ip: 10.1.0.20, host: fv-az40-973.r1qzdtoifymehf5jtx2d0vwyfg.bx.internal.cloudapp.net, ports: [REPLICATION=41791, RATIS=36687, RATIS_ADMIN=36687, RATIS_SERVER=36687, STANDALONE=40849], networkLocation: /default-rack, certSerialId: null, persistedOpState: IN_SERVICE, persistedOpStateExpiryEpochSec: 0}eda58b43-d835-4a06-8ae1-b7a54d57ec10{ip: 10.1.0.20, host: fv-az40-973.r1qzdtoifymehf5jtx2d0vwyfg.bx.internal.cloudapp.net, ports: [REPLICATION=40037, RATIS=42159, RATIS_ADMIN=42159, RATIS_SERVER=42159, STANDALONE=46199], networkLocation: /default-rack, certSerialId: null, persistedOpState: IN_SERVICE, persistedOpStateExpiryEpochSec: 0}, ReplicationConfig: RATIS/THREE, State:ALLOCATED, leaderId:79ec004f-76c4-4937-a9ae-fe5f0a16577d, CreationTimestamp2022-05-15T13:40:25.248Z[Etc/UTC]] moved to OPEN state
2022-05-15 13:41:03,395 [79ec004f-76c4-4937-a9ae-fe5f0a16577d@group-18FD4C7A5263-LeaderElection37] INFO  impl.RoleInfo (RoleInfo.java:updateAndGet(130)) - 79ec004f-76c4-4937-a9ae-fe5f0a16577d: start 79ec004f-76c4-4937-a9ae-fe5f0a16577d@group-18FD4C7A5263-LeaderStateImpl
2022-05-15 13:41:03,395 [EventQueue-OpenPipelineForHealthyPipelineSafeModeRule] INFO  safemode.SCMSafeModeManager (HealthyPipelineSafeModeRule.java:process(124)) - SCM in safe mode. Healthy pipelines reported count is 1, required healthy pipeline reported count is 1
2022-05-15 13:41:03,395 [EventQueue-OpenPipelineForHealthyPipelineSafeModeRule] INFO  safemode.SCMSafeModeManager (SCMSafeModeManager.java:validateSafeModeExitRules(204)) - HealthyPipelineSafeModeRule rule is successfully validated
2022-05-15 13:41:03,395 [EventQueue-OpenPipelineForHealthyPipelineSafeModeRule] INFO  safemode.SCMSafeModeManager (SCMSafeModeManager.java:validateSafeModeExitRules(219)) - ScmSafeModeManager, all rules are successfully validated
2022-05-15 13:41:03,395 [EventQueue-OpenPipelineForHealthyPipelineSafeModeRule] INFO  safemode.SCMSafeModeManager (SCMSafeModeManager.java:exitSafeMode(248)) - SCM exiting safe mode.
2022-05-15 13:41:03,395 [EventQueue-OpenPipelineForHealthyPipelineSafeModeRule] WARN  events.EventQueue (EventQueue.java:fireEvent(194)) - No event handler registered for event TypedEvent{payloadType=SafeModeStatus, name='Safe mode status'}
2022-05-15 13:41:03,395 [EventQueue-OpenPipelineForHealthyPipelineSafeModeRule] INFO  ha.SCMContext (SCMContext.java:updateSafeModeStatus(211)) - Update SafeModeStatus from SafeModeStatus{safeModeStatus=true, preCheckPassed=true} to SafeModeStatus{safeModeStatus=false, preCheckPassed=true}.
2022-05-15 13:41:03,395 [EventQueue-OpenPipelineForHealthyPipelineSafeModeRule] INFO  pipeline.BackgroundPipelineCreator (BackgroundPipelineCreator.java:notifyStatusChanged(251)) - Service BackgroundPipelineCreator transitions to RUNNING.
2022-05-15 13:41:03,396 [EventQueue-OpenPipelineForHealthyPipelineSafeModeRule] INFO  pipeline.BackgroundPipelineScrubber (BackgroundPipelineScrubber.java:notifyStatusChanged(88)) - Service BackgroundPipelineScrubber transitions to RUNNING.
2022-05-15 13:41:03,396 [EventQueue-OpenPipelineForHealthyPipelineSafeModeRule] INFO  replication.ReplicationManager (ReplicationManager.java:notifyStatusChanged(369)) - Service ReplicationManager transitions to RUNNING.
2022-05-15 13:41:03,396 [79ec004f-76c4-4937-a9ae-fe5f0a16577d@group-18FD4C7A5263-LeaderElection37] INFO  segmented.SegmentedRaftLogWorker (SegmentedRaftLogWorker.java:startLogSegment(394)) - 79ec004f-76c4-4937-a9ae-fe5f0a16577d@group-18FD4C7A5263-SegmentedRaftLogWorker: Starting segment from index:0
2022-05-15 13:41:03,397 [79ec004f-76c4-4937-a9ae-fe5f0a16577d@group-18FD4C7A5263-SegmentedRaftLogWorker] INFO  segmented.SegmentedRaftLogWorker (SegmentedRaftLogWorker.java:execute(601)) - 79ec004f-76c4-4937-a9ae-fe5f0a16577d@group-18FD4C7A5263-SegmentedRaftLogWorker: created new log segment /home/runner/work/ozone/ozone/hadoop-ozone/integration-test/target/test-dir/MiniOzoneClusterImpl-e6988b2d-a82d-4438-baec-2e925de8cb09/datanode-2/data/ratis/135be98c-0b36-48fb-a4ab-18fd4c7a5263/current/log_inprogress_0
2022-05-15 13:41:03,411 [grpc-default-executor-1] INFO  ratis.XceiverServerRatis (XceiverServerRatis.java:handleLeaderChangedNotification(863)) - Leader change notification received for group: group-18FD4C7A5263 with new leaderId: 79ec004f-76c4-4937-a9ae-fe5f0a16577d
2022-05-15 13:41:03,412 [grpc-default-executor-1] INFO  server.RaftServer$Division (ServerState.java:setLeader(285)) - 202e9239-47c7-423a-9cd3-2de09b349c52@group-18FD4C7A5263: change Leader from null to 79ec004f-76c4-4937-a9ae-fe5f0a16577d at term 7 for appendEntries, leader elected after 36095ms
2022-05-15 13:41:03,416 [grpc-default-executor-0] INFO  ratis.XceiverServerRatis (XceiverServerRatis.java:handleLeaderChangedNotification(863)) - Leader change notification received for group: group-18FD4C7A5263 with new leaderId: 79ec004f-76c4-4937-a9ae-fe5f0a16577d
2022-05-15 13:41:03,416 [grpc-default-executor-0] INFO  server.RaftServer$Division (ServerState.java:setLeader(285)) - eda58b43-d835-4a06-8ae1-b7a54d57ec10@group-18FD4C7A5263: change Leader from null to 79ec004f-76c4-4937-a9ae-fe5f0a16577d at term 7 for appendEntries, leader elected after 35985ms
2022-05-15 13:41:03,429 [79ec004f-76c4-4937-a9ae-fe5f0a16577d@group-18FD4C7A5263-LeaderElection37] INFO  server.RaftServer$Division (ServerState.java:setRaftConf(387)) - 79ec004f-76c4-4937-a9ae-fe5f0a16577d@group-18FD4C7A5263: set configuration 0: [79ec004f-76c4-4937-a9ae-fe5f0a16577d|rpc:10.1.0.20:40141|dataStream:|priority:1, eda58b43-d835-4a06-8ae1-b7a54d57ec10|rpc:10.1.0.20:42159|dataStream:|priority:0, 202e9239-47c7-423a-9cd3-2de09b349c52|rpc:10.1.0.20:36687|dataStream:|priority:0], old=null
2022-05-15 13:41:03,448 [grpc-default-executor-0] INFO  server.RaftServer$Division (ServerState.java:setRaftConf(387)) - eda58b43-d835-4a06-8ae1-b7a54d57ec10@group-18FD4C7A5263: set configuration 0: [79ec004f-76c4-4937-a9ae-fe5f0a16577d|rpc:10.1.0.20:40141|dataStream:|priority:1, eda58b43-d835-4a06-8ae1-b7a54d57ec10|rpc:10.1.0.20:42159|dataStream:|priority:0, 202e9239-47c7-423a-9cd3-2de09b349c52|rpc:10.1.0.20:36687|dataStream:|priority:0], old=null
2022-05-15 13:41:03,449 [grpc-default-executor-0] INFO  segmented.SegmentedRaftLogWorker (SegmentedRaftLogWorker.java:startLogSegment(394)) - eda58b43-d835-4a06-8ae1-b7a54d57ec10@group-18FD4C7A5263-SegmentedRaftLogWorker: Starting segment from index:0
2022-05-15 13:41:03,449 [grpc-default-executor-1] INFO  server.RaftServer$Division (ServerState.java:setRaftConf(387)) - 202e9239-47c7-423a-9cd3-2de09b349c52@group-18FD4C7A5263: set configuration 0: [79ec004f-76c4-4937-a9ae-fe5f0a16577d|rpc:10.1.0.20:40141|dataStream:|priority:1, eda58b43-d835-4a06-8ae1-b7a54d57ec10|rpc:10.1.0.20:42159|dataStream:|priority:0, 202e9239-47c7-423a-9cd3-2de09b349c52|rpc:10.1.0.20:36687|dataStream:|priority:0], old=null
2022-05-15 13:41:03,449 [grpc-default-executor-1] INFO  segmented.SegmentedRaftLogWorker (SegmentedRaftLogWorker.java:startLogSegment(394)) - 202e9239-47c7-423a-9cd3-2de09b349c52@group-18FD4C7A5263-SegmentedRaftLogWorker: Starting segment from index:0
2022-05-15 13:41:03,450 [eda58b43-d835-4a06-8ae1-b7a54d57ec10@group-18FD4C7A5263-SegmentedRaftLogWorker] INFO  segmented.SegmentedRaftLogWorker (SegmentedRaftLogWorker.java:execute(601)) - eda58b43-d835-4a06-8ae1-b7a54d57ec10@group-18FD4C7A5263-SegmentedRaftLogWorker: created new log segment /home/runner/work/ozone/ozone/hadoop-ozone/integration-test/target/test-dir/MiniOzoneClusterImpl-e6988b2d-a82d-4438-baec-2e925de8cb09/datanode-1/data/ratis/135be98c-0b36-48fb-a4ab-18fd4c7a5263/current/log_inprogress_0
2022-05-15 13:41:03,450 [202e9239-47c7-423a-9cd3-2de09b349c52@group-18FD4C7A5263-SegmentedRaftLogWorker] INFO  segmented.SegmentedRaftLogWorker (SegmentedRaftLogWorker.java:execute(601)) - 202e9239-47c7-423a-9cd3-2de09b349c52@group-18FD4C7A5263-SegmentedRaftLogWorker: created new log segment /home/runner/work/ozone/ozone/hadoop-ozone/integration-test/target/test-dir/MiniOzoneClusterImpl-e6988b2d-a82d-4438-baec-2e925de8cb09/datanode-0/data/ratis/135be98c-0b36-48fb-a4ab-18fd4c7a5263/current/log_inprogress_0
2022-05-15 13:41:04,209 [Listener at 127.0.0.1/44033] INFO  ozone.MiniOzoneClusterImpl (MiniOzoneClusterImpl.java:lambda$waitForClusterToBeReady$0(221)) - Nodes are ready. Got 3 of 3 DN Heartbeats.
2022-05-15 13:41:04,209 [Listener at 127.0.0.1/44033] INFO  ozone.MiniOzoneClusterImpl (MiniOzoneClusterImpl.java:lambda$waitForClusterToBeReady$0(224)) - Cluster exits safe mode
2022-05-15 13:41:04,209 [Listener at 127.0.0.1/44033] INFO  ozone.MiniOzoneClusterImpl (MiniOzoneClusterImpl.java:lambda$waitForClusterToBeReady$0(226)) - SCM became leader
]]></system-out>
    </rerunFailure>
    <rerunFailure type="java.lang.AssertionError">
      <stackTrace><![CDATA[java.lang.AssertionError
	at org.junit.Assert.fail(Assert.java:87)
	at org.junit.Assert.assertTrue(Assert.java:42)
	at org.junit.Assert.assertTrue(Assert.java:53)
	at org.apache.hadoop.hdds.scm.TestRatisPipelineLeader.testLeaderIdAfterLeaderChange(TestRatisPipelineLeader.java:119)
	at sun.reflect.NativeMethodAccessorImpl.invoke0(Native Method)
	at sun.reflect.NativeMethodAccessorImpl.invoke(NativeMethodAccessorImpl.java:62)
	at sun.reflect.DelegatingMethodAccessorImpl.invoke(DelegatingMethodAccessorImpl.java:43)
	at java.lang.reflect.Method.invoke(Method.java:498)
	at org.junit.platform.commons.util.ReflectionUtils.invokeMethod(ReflectionUtils.java:688)
	at org.junit.jupiter.engine.execution.MethodInvocation.proceed(MethodInvocation.java:60)
	at org.junit.jupiter.engine.execution.InvocationInterceptorChain$ValidatingInvocation.proceed(InvocationInterceptorChain.java:131)
	at org.junit.jupiter.engine.extension.TimeoutInvocation.proceed(TimeoutInvocation.java:46)
	at org.junit.jupiter.engine.extension.TimeoutExtension.intercept(TimeoutExtension.java:149)
	at org.junit.jupiter.engine.extension.TimeoutExtension.interceptTestableMethod(TimeoutExtension.java:140)
	at org.junit.jupiter.engine.extension.TimeoutExtension.interceptTestMethod(TimeoutExtension.java:84)
	at org.junit.jupiter.engine.execution.ExecutableInvoker$ReflectiveInterceptorCall.lambda$ofVoidMethod$0(ExecutableInvoker.java:115)
	at org.junit.jupiter.engine.execution.ExecutableInvoker.lambda$invoke$0(ExecutableInvoker.java:105)
	at org.junit.jupiter.engine.execution.InvocationInterceptorChain$InterceptedInvocation.proceed(InvocationInterceptorChain.java:106)
	at org.junit.jupiter.engine.execution.InvocationInterceptorChain.proceed(InvocationInterceptorChain.java:64)
	at org.junit.jupiter.engine.execution.InvocationInterceptorChain.chainAndInvoke(InvocationInterceptorChain.java:45)
	at org.junit.jupiter.engine.execution.InvocationInterceptorChain.invoke(InvocationInterceptorChain.java:37)
	at org.junit.jupiter.engine.execution.ExecutableInvoker.invoke(ExecutableInvoker.java:104)
	at org.junit.jupiter.engine.execution.ExecutableInvoker.invoke(ExecutableInvoker.java:98)
	at org.junit.jupiter.engine.descriptor.TestMethodTestDescriptor.lambda$invokeTestMethod$6(TestMethodTestDescriptor.java:210)
	at org.junit.platform.engine.support.hierarchical.ThrowableCollector.execute(ThrowableCollector.java:73)
	at org.junit.jupiter.engine.descriptor.TestMethodTestDescriptor.invokeTestMethod(TestMethodTestDescriptor.java:206)
	at org.junit.jupiter.engine.descriptor.TestMethodTestDescriptor.execute(TestMethodTestDescriptor.java:131)
	at org.junit.jupiter.engine.descriptor.TestMethodTestDescriptor.execute(TestMethodTestDescriptor.java:65)
	at org.junit.platform.engine.support.hierarchical.NodeTestTask.lambda$executeRecursively$5(NodeTestTask.java:139)
	at org.junit.platform.engine.support.hierarchical.ThrowableCollector.execute(ThrowableCollector.java:73)
	at org.junit.platform.engine.support.hierarchical.NodeTestTask.lambda$executeRecursively$7(NodeTestTask.java:129)
	at org.junit.platform.engine.support.hierarchical.Node.around(Node.java:137)
	at org.junit.platform.engine.support.hierarchical.NodeTestTask.lambda$executeRecursively$8(NodeTestTask.java:127)
	at org.junit.platform.engine.support.hierarchical.ThrowableCollector.execute(ThrowableCollector.java:73)
	at org.junit.platform.engine.support.hierarchical.NodeTestTask.executeRecursively(NodeTestTask.java:126)
	at org.junit.platform.engine.support.hierarchical.NodeTestTask.execute(NodeTestTask.java:84)
	at java.util.ArrayList.forEach(ArrayList.java:1259)
	at org.junit.platform.engine.support.hierarchical.SameThreadHierarchicalTestExecutorService.invokeAll(SameThreadHierarchicalTestExecutorService.java:38)
	at org.junit.platform.engine.support.hierarchical.NodeTestTask.lambda$executeRecursively$5(NodeTestTask.java:143)
	at org.junit.platform.engine.support.hierarchical.ThrowableCollector.execute(ThrowableCollector.java:73)
	at org.junit.platform.engine.support.hierarchical.NodeTestTask.lambda$executeRecursively$7(NodeTestTask.java:129)
	at org.junit.platform.engine.support.hierarchical.Node.around(Node.java:137)
	at org.junit.platform.engine.support.hierarchical.NodeTestTask.lambda$executeRecursively$8(NodeTestTask.java:127)
	at org.junit.platform.engine.support.hierarchical.ThrowableCollector.execute(ThrowableCollector.java:73)
	at org.junit.platform.engine.support.hierarchical.NodeTestTask.executeRecursively(NodeTestTask.java:126)
	at org.junit.platform.engine.support.hierarchical.NodeTestTask.execute(NodeTestTask.java:84)
	at java.util.ArrayList.forEach(ArrayList.java:1259)
	at org.junit.platform.engine.support.hierarchical.SameThreadHierarchicalTestExecutorService.invokeAll(SameThreadHierarchicalTestExecutorService.java:38)
	at org.junit.platform.engine.support.hierarchical.NodeTestTask.lambda$executeRecursively$5(NodeTestTask.java:143)
	at org.junit.platform.engine.support.hierarchical.ThrowableCollector.execute(ThrowableCollector.java:73)
	at org.junit.platform.engine.support.hierarchical.NodeTestTask.lambda$executeRecursively$7(NodeTestTask.java:129)
	at org.junit.platform.engine.support.hierarchical.Node.around(Node.java:137)
	at org.junit.platform.engine.support.hierarchical.NodeTestTask.lambda$executeRecursively$8(NodeTestTask.java:127)
	at org.junit.platform.engine.support.hierarchical.ThrowableCollector.execute(ThrowableCollector.java:73)
	at org.junit.platform.engine.support.hierarchical.NodeTestTask.executeRecursively(NodeTestTask.java:126)
	at org.junit.platform.engine.support.hierarchical.NodeTestTask.execute(NodeTestTask.java:84)
	at org.junit.platform.engine.support.hierarchical.SameThreadHierarchicalTestExecutorService.submit(SameThreadHierarchicalTestExecutorService.java:32)
	at org.junit.platform.engine.support.hierarchical.HierarchicalTestExecutor.execute(HierarchicalTestExecutor.java:57)
	at org.junit.platform.engine.support.hierarchical.HierarchicalTestEngine.execute(HierarchicalTestEngine.java:51)
	at org.junit.platform.launcher.core.EngineExecutionOrchestrator.execute(EngineExecutionOrchestrator.java:108)
	at org.junit.platform.launcher.core.EngineExecutionOrchestrator.execute(EngineExecutionOrchestrator.java:88)
	at org.junit.platform.launcher.core.EngineExecutionOrchestrator.lambda$execute$0(EngineExecutionOrchestrator.java:54)
	at org.junit.platform.launcher.core.EngineExecutionOrchestrator.withInterceptedStreams(EngineExecutionOrchestrator.java:67)
	at org.junit.platform.launcher.core.EngineExecutionOrchestrator.execute(EngineExecutionOrchestrator.java:52)
	at org.junit.platform.launcher.core.DefaultLauncher.execute(DefaultLauncher.java:96)
	at org.junit.platform.launcher.core.DefaultLauncher.execute(DefaultLauncher.java:75)
	at org.apache.maven.surefire.junitplatform.JUnitPlatformProvider.invokeAllTests(JUnitPlatformProvider.java:165)
	at org.apache.maven.surefire.junitplatform.JUnitPlatformProvider.invoke(JUnitPlatformProvider.java:124)
	at org.apache.maven.surefire.booter.ForkedBooter.runSuitesInProcess(ForkedBooter.java:428)
	at org.apache.maven.surefire.booter.ForkedBooter.execute(ForkedBooter.java:162)
	at org.apache.maven.surefire.booter.ForkedBooter.run(ForkedBooter.java:562)
	at org.apache.maven.surefire.booter.ForkedBooter.main(ForkedBooter.java:548)
]]></stackTrace>
      <system-out><![CDATA[2022-05-15 13:41:24,886 [Listener at 127.0.0.1/44033] WARN  server.ServerUtils (ServerUtils.java:getScmDbDir(148)) - ozone.scm.db.dirs is not configured. We recommend adding this setting. Falling back to ozone.metadata.dirs instead.
2022-05-15 13:41:24,899 [Listener at 127.0.0.1/44033] INFO  ha.SCMHANodeDetails (SCMHANodeDetails.java:loadSCMHAConfig(160)) - ServiceID for StorageContainerManager is null
2022-05-15 13:41:24,899 [Listener at 127.0.0.1/44033] INFO  ha.SCMHANodeDetails (SCMHANodeDetails.java:loadSCMHAConfig(165)) - ozone.scm.default.service.id is not defined, falling back to ozone.scm.service.ids to find serviceID for StorageContainerManager if it is HA enabled cluster
2022-05-15 13:41:24,899 [Listener at 127.0.0.1/44033] WARN  server.ServerUtils (ServerUtils.java:getScmDbDir(148)) - ozone.scm.db.dirs is not configured. We recommend adding this setting. Falling back to ozone.metadata.dirs instead.
2022-05-15 13:41:24,900 [Listener at 127.0.0.1/44033] INFO  upgrade.AbstractLayoutVersionManager (AbstractLayoutVersionManager.java:init(79)) - Initializing Layout version manager with metadata layout = ERASURE_CODED_STORAGE_SUPPORT (version = 3), software layout = ERASURE_CODED_STORAGE_SUPPORT (version = 3)
2022-05-15 13:41:24,964 [Listener at 127.0.0.1/44033] INFO  reflections.Reflections (Reflections.java:scan(232)) - Reflections took 63 ms to scan 7 urls, producing 126 keys and 289 values 
2022-05-15 13:41:24,965 [Listener at 127.0.0.1/44033] WARN  utils.HAUtils (HAUtils.java:getMetaDir(342)) - ozone.scm.db.dirs is not configured. We recommend adding this setting. Falling back to ozone.metadata.dirs instead.
2022-05-15 13:41:24,978 [Listener at 127.0.0.1/44033] WARN  db.DBStoreBuilder (DBStoreBuilder.java:applyDBDefinition(145)) - ozone.scm.db.dirs is not configured. We recommend adding this setting. Falling back to ozone.metadata.dirs instead.
2022-05-15 13:41:25,236 [Listener at 127.0.0.1/44033] INFO  net.NodeSchemaLoader (NodeSchemaLoader.java:loadSchemaFromFile(129)) - Loading schema from [jar:file:/home/runner/.m2/repository/org/apache/ozone/hdds-common/1.3.0-SNAPSHOT/hdds-common-1.3.0-SNAPSHOT.jar!/network-topology-default.xml]
2022-05-15 13:41:25,236 [Listener at 127.0.0.1/44033] INFO  net.NodeSchemaLoader (NodeSchemaLoader.java:loadSchema(176)) - Loading network topology layer schema file
2022-05-15 13:41:25,241 [Listener at 127.0.0.1/44033] INFO  ha.SequenceIdGenerator (SequenceIdGenerator.java:upgradeToSequenceId(347)) - upgrade localId to 109611004723200000
2022-05-15 13:41:25,242 [Listener at 127.0.0.1/44033] INFO  ha.SequenceIdGenerator (SequenceIdGenerator.java:upgradeToSequenceId(357)) - upgrade delTxnId to 0
2022-05-15 13:41:25,243 [Listener at 127.0.0.1/44033] INFO  ha.SequenceIdGenerator (SequenceIdGenerator.java:upgradeToSequenceId(371)) - upgrade containerId to 0
2022-05-15 13:41:25,243 [Listener at 127.0.0.1/44033] INFO  ha.SequenceIdGenerator (SequenceIdGenerator.java:<init>(218)) - Init the HA SequenceIdGenerator.
2022-05-15 13:41:25,243 [Listener at 127.0.0.1/44033] WARN  server.ServerUtils (ServerUtils.java:sanitizeUserArgs(73)) - ozone.scm.stale.node.interval value = 300000 is larger than max = 100000 based on the key value of ozone.scm.heartbeat.thread.interval, reset to the max value 100000.
2022-05-15 13:41:25,243 [Listener at 127.0.0.1/44033] WARN  server.ServerUtils (ServerUtils.java:sanitizeUserArgs(73)) - ozone.scm.stale.node.interval value = 300000 is larger than max = 100000 based on the key value of ozone.scm.heartbeat.thread.interval, reset to the max value 100000.
2022-05-15 13:41:25,254 [Listener at 127.0.0.1/44033] INFO  node.SCMNodeManager (SCMNodeManager.java:<init>(148)) - Entering startup safe mode.
2022-05-15 13:41:25,254 [Listener at 127.0.0.1/44033] INFO  algorithms.ContainerPlacementPolicyFactory (ContainerPlacementPolicyFactory.java:getPolicyInternal(86)) - Create container placement policy of type org.apache.hadoop.hdds.scm.container.placement.algorithms.SCMContainerPlacementRandom
2022-05-15 13:41:25,254 [Listener at 127.0.0.1/44033] INFO  pipeline.PipelineStateManagerImpl (PipelineStateManagerImpl.java:initialize(78)) - No pipeline exists in current db
2022-05-15 13:41:25,255 [Listener at 127.0.0.1/44033] INFO  algorithms.LeaderChoosePolicyFactory (LeaderChoosePolicyFactory.java:getPolicy(57)) - Create leader choose policy of type org.apache.hadoop.hdds.scm.pipeline.leader.choose.algorithms.MinLeaderCountChoosePolicy
2022-05-15 13:41:25,255 [Listener at 127.0.0.1/44033] INFO  algorithms.ContainerPlacementPolicyFactory (ContainerPlacementPolicyFactory.java:getPolicyInternal(86)) - Create container placement policy of type org.apache.hadoop.hdds.scm.container.placement.algorithms.SCMContainerPlacementRackScatter
2022-05-15 13:41:25,255 [Listener at 127.0.0.1/44033] INFO  pipeline.BackgroundPipelineCreator (BackgroundPipelineCreator.java:start(125)) - Starting RatisPipelineUtilsThread.
2022-05-15 13:41:25,260 [Listener at 127.0.0.1/44033] INFO  pipeline.BackgroundPipelineScrubber (BackgroundPipelineScrubber.java:start(126)) - Starting BackgroundPipelineScrubber Service.
2022-05-15 13:41:25,264 [Listener at 127.0.0.1/44033] INFO  ha.SCMServiceManager (SCMServiceManager.java:register(42)) - Registering service BackgroundPipelineCreator.
2022-05-15 13:41:25,264 [Listener at 127.0.0.1/44033] INFO  ha.SCMServiceManager (SCMServiceManager.java:register(42)) - Registering service BackgroundPipelineScrubber.
2022-05-15 13:41:25,265 [Listener at 127.0.0.1/44033] INFO  algorithms.PipelineChoosePolicyFactory (PipelineChoosePolicyFactory.java:createPipelineChoosePolicyFromClass(73)) - Create pipeline choose policy of type org.apache.hadoop.hdds.scm.pipeline.choose.algorithms.RandomPipelineChoosePolicy
2022-05-15 13:41:25,265 [Listener at 127.0.0.1/44033] INFO  ha.SCMServiceManager (SCMServiceManager.java:register(42)) - Registering service SCMBlockDeletingService.
2022-05-15 13:41:25,265 [Listener at 127.0.0.1/44033] INFO  ha.SCMServiceManager (SCMServiceManager.java:register(42)) - Registering service ReplicationManager.
2022-05-15 13:41:25,265 [Listener at 127.0.0.1/44033] INFO  replication.ReplicationManager (ReplicationManager.java:start(176)) - Starting Replication Monitor Thread.
2022-05-15 13:41:25,287 [Listener at 127.0.0.1/44033] INFO  safemode.ContainerSafeModeRule (ContainerSafeModeRule.java:<init>(89)) - containers with one replica threshold count 0
2022-05-15 13:41:25,288 [Listener at 127.0.0.1/44033] INFO  safemode.HealthyPipelineSafeModeRule (HealthyPipelineSafeModeRule.java:initializeRule(156)) - Total pipeline count is 0, healthy pipeline threshold count is 1
2022-05-15 13:41:25,288 [Listener at 127.0.0.1/44033] INFO  safemode.OneReplicaPipelineSafeModeRule (OneReplicaPipelineSafeModeRule.java:initializeRule(180)) - Total pipeline count is 0, pipeline's with at least one datanode reported threshold count is 0
2022-05-15 13:41:25,290 [ReplicationMonitor] INFO  replication.ReplicationManager (ReplicationManager.java:processAll(225)) - Replication Manager is not ready to run until 3000ms after safemode exit
2022-05-15 13:41:25,298 [Listener at 127.0.0.1/44033] INFO  ipc.CallQueueManager (CallQueueManager.java:<init>(90)) - Using callQueue: class java.util.concurrent.LinkedBlockingQueue, queueCapacity: 2000, scheduler: class org.apache.hadoop.ipc.DefaultRpcScheduler, ipcBackoff: false.
2022-05-15 13:41:25,308 [Socket Reader #1 for port 0] INFO  ipc.Server (Server.java:run(1265)) - Starting Socket Reader #1 for port 0
2022-05-15 13:41:25,319 [Listener at 0.0.0.0/45279] INFO  ipc.CallQueueManager (CallQueueManager.java:<init>(90)) - Using callQueue: class java.util.concurrent.LinkedBlockingQueue, queueCapacity: 2000, scheduler: class org.apache.hadoop.ipc.DefaultRpcScheduler, ipcBackoff: false.
2022-05-15 13:41:25,333 [Socket Reader #1 for port 0] INFO  ipc.Server (Server.java:run(1265)) - Starting Socket Reader #1 for port 0
2022-05-15 13:41:25,359 [Listener at 0.0.0.0/44237] INFO  ipc.CallQueueManager (CallQueueManager.java:<init>(90)) - Using callQueue: class java.util.concurrent.LinkedBlockingQueue, queueCapacity: 2000, scheduler: class org.apache.hadoop.ipc.DefaultRpcScheduler, ipcBackoff: false.
2022-05-15 13:41:25,374 [Socket Reader #1 for port 0] INFO  ipc.Server (Server.java:run(1265)) - Starting Socket Reader #1 for port 0
2022-05-15 13:41:25,439 [Listener at 0.0.0.0/44117] INFO  server.StorageContainerManager (StorageContainerManager.java:<init>(395)) - 
Container Balancer status:
Key                            Value
Running                        false
Container Balancer Configuration values:
Key                                                Value
Threshold                                          10
Max Datanodes to Involve per Iteration(percent)    20
Max Size to Move per Iteration                     500GB
Max Size Entering Target per Iteration             26GB
Max Size Leaving Source per Iteration              26GB

2022-05-15 13:41:25,440 [Listener at 0.0.0.0/44117] WARN  events.EventQueue (EventQueue.java:fireEvent(194)) - No event handler registered for event TypedEvent{payloadType=SafeModeStatus, name='Safe mode status'}
2022-05-15 13:41:25,440 [Listener at 0.0.0.0/44117] INFO  ha.SCMContext (SCMContext.java:updateSafeModeStatus(211)) - Update SafeModeStatus from SafeModeStatus{safeModeStatus=true, preCheckPassed=false} to SafeModeStatus{safeModeStatus=true, preCheckPassed=false}.
2022-05-15 13:41:25,440 [Listener at 0.0.0.0/44117] INFO  server.StorageContainerManager (StorageContainerManager.java:start(1347)) - StorageContainerLocationProtocol RPC server is listening at /0.0.0.0:44117
2022-05-15 13:41:25,444 [Listener at 0.0.0.0/44117] WARN  impl.MetricsConfig (MetricsConfig.java:loadFirst(136)) - Cannot locate configuration: tried hadoop-metrics2-storagecontainermanager.properties,hadoop-metrics2.properties
2022-05-15 13:41:25,446 [Listener at 0.0.0.0/44117] INFO  impl.MetricsSystemImpl (MetricsSystemImpl.java:startTimer(378)) - Scheduled Metric snapshot period at 10 second(s).
2022-05-15 13:41:25,446 [Listener at 0.0.0.0/44117] INFO  impl.MetricsSystemImpl (MetricsSystemImpl.java:start(191)) - StorageContainerManager metrics system started
2022-05-15 13:41:25,494 [Listener at 0.0.0.0/44117] INFO  impl.MetricsSinkAdapter (MetricsSinkAdapter.java:start(204)) - Sink prometheus started
2022-05-15 13:41:25,494 [Listener at 0.0.0.0/44117] INFO  impl.MetricsSystemImpl (MetricsSystemImpl.java:registerSink(305)) - Registered sink prometheus
2022-05-15 13:41:25,519 [Listener at 0.0.0.0/44117] INFO  server.SCMClientProtocolServer (SCMClientProtocolServer.java:start(169)) - RPC server for Client  is listening at /0.0.0.0:44117
2022-05-15 13:41:25,531 [IPC Server Responder] INFO  ipc.Server (Server.java:run(1507)) - IPC Server Responder: starting
2022-05-15 13:41:25,532 [IPC Server listener on 0] INFO  ipc.Server (Server.java:run(1344)) - IPC Server listener on 0: starting
2022-05-15 13:41:25,588 [Listener at 0.0.0.0/44117] INFO  server.StorageContainerManager (StorageContainerManager.java:start(1362)) - ScmBlockLocationProtocol RPC server is listening at /0.0.0.0:44237
2022-05-15 13:41:25,588 [Listener at 0.0.0.0/44117] INFO  server.SCMBlockProtocolServer (SCMBlockProtocolServer.java:start(151)) - RPC server for Block Protocol is listening at /0.0.0.0:44237
2022-05-15 13:41:25,588 [IPC Server Responder] INFO  ipc.Server (Server.java:run(1507)) - IPC Server Responder: starting
2022-05-15 13:41:25,589 [IPC Server listener on 0] INFO  ipc.Server (Server.java:run(1344)) - IPC Server listener on 0: starting
2022-05-15 13:41:25,647 [Listener at 0.0.0.0/44117] INFO  server.SCMDatanodeProtocolServer (SCMDatanodeProtocolServer.java:start(183)) - ScmDatanodeProtocol RPC server for DataNodes is listening at /0.0.0.0:45279
2022-05-15 13:41:25,647 [IPC Server Responder] INFO  ipc.Server (Server.java:run(1507)) - IPC Server Responder: starting
2022-05-15 13:41:25,648 [IPC Server listener on 0] INFO  ipc.Server (Server.java:run(1344)) - IPC Server listener on 0: starting
2022-05-15 13:41:25,657 [Listener at 0.0.0.0/44117] INFO  http.BaseHttpServer (BaseHttpServer.java:newHttpServer2BuilderForOzone(209)) - Starting Web-server for scm at: http://0.0.0.0:0
2022-05-15 13:41:25,657 [Listener at 0.0.0.0/44117] INFO  http.BaseHttpServer (BaseHttpServer.java:<init>(107)) - Hadoop Security Enabled: false Ozone Security Enabled: false Ozone HTTP Security Enabled: false 
2022-05-15 13:41:25,658 [Listener at 0.0.0.0/44117] INFO  server.AuthenticationFilter (AuthenticationFilter.java:constructSecretProvider(240)) - Unable to initialize FileSignerSecretProvider, falling back to use random secrets.
2022-05-15 13:41:25,674 [Listener at 0.0.0.0/44117] WARN  http.HttpRequestLog (HttpRequestLog.java:getRequestLog(103)) - Jetty request log can only be enabled using Log4j
2022-05-15 13:41:25,675 [Listener at 0.0.0.0/44117] INFO  http.HttpServer2 (HttpServer2.java:addGlobalFilter(1030)) - Added global filter 'safety' (class=org.apache.hadoop.hdds.server.http.HttpServer2$QuotingInputFilter)
2022-05-15 13:41:25,676 [Listener at 0.0.0.0/44117] INFO  http.HttpServer2 (HttpServer2.java:addFilter(1006)) - Added filter static_user_filter (class=org.apache.hadoop.http.lib.StaticUserWebFilter$StaticUserFilter) to context scm
2022-05-15 13:41:25,676 [Listener at 0.0.0.0/44117] INFO  http.HttpServer2 (HttpServer2.java:addFilter(1014)) - Added filter static_user_filter (class=org.apache.hadoop.http.lib.StaticUserWebFilter$StaticUserFilter) to context logs
2022-05-15 13:41:25,676 [Listener at 0.0.0.0/44117] INFO  http.HttpServer2 (HttpServer2.java:addFilter(1014)) - Added filter static_user_filter (class=org.apache.hadoop.http.lib.StaticUserWebFilter$StaticUserFilter) to context static
2022-05-15 13:41:25,676 [Listener at 0.0.0.0/44117] INFO  http.HttpServer2 (HttpServer2.java:bindListener(1249)) - Jetty bound to port 44385
2022-05-15 13:41:25,677 [Listener at 0.0.0.0/44117] INFO  server.Server (Server.java:doStart(375)) - jetty-9.4.43.v20210629; built: 2021-06-30T11:07:22.254Z; git: 526006ecfa3af7f1a27ef3a288e2bef7ea9dd7e8; jvm 1.8.0_332-b09
2022-05-15 13:41:25,711 [org.apache.hadoop.util.JvmPauseMonitor$Monitor@407ed4ce] INFO  util.JvmPauseMonitor (JvmPauseMonitor.java:run(188)) - Starting JVM pause monitor
2022-05-15 13:41:25,731 [Listener at 0.0.0.0/44117] INFO  server.session (DefaultSessionIdManager.java:doStart(334)) - DefaultSessionIdManager workerName=node0
2022-05-15 13:41:25,731 [Listener at 0.0.0.0/44117] INFO  server.session (DefaultSessionIdManager.java:doStart(339)) - No SessionScavenger set, using defaults
2022-05-15 13:41:25,732 [Listener at 0.0.0.0/44117] INFO  server.session (HouseKeeper.java:startScavenging(132)) - node0 Scavenging every 600000ms
2022-05-15 13:41:25,732 [Listener at 0.0.0.0/44117] INFO  handler.ContextHandler (ContextHandler.java:doStart(915)) - Started o.e.j.s.ServletContextHandler@41de90fa{logs,/logs,file:///home/runner/work/ozone/ozone/hadoop-ozone/integration-test/target/log,AVAILABLE}
2022-05-15 13:41:25,733 [Listener at 0.0.0.0/44117] INFO  handler.ContextHandler (ContextHandler.java:doStart(915)) - Started o.e.j.s.ServletContextHandler@4d7ddc1b{static,/static,file:///home/runner/work/ozone/ozone/hadoop-ozone/integration-test/target/test-classes/webapps/static,AVAILABLE}
2022-05-15 13:41:25,735 [Listener at 0.0.0.0/44117] INFO  handler.ContextHandler (ContextHandler.java:doStart(915)) - Started o.e.j.w.WebAppContext@511b37e4{scm,/,file:///home/runner/work/ozone/ozone/hadoop-ozone/integration-test/target/test-classes/webapps/scm/,AVAILABLE}{file:/home/runner/work/ozone/ozone/hadoop-ozone/integration-test/target/test-classes/webapps/scm}
2022-05-15 13:41:25,745 [Listener at 0.0.0.0/44117] INFO  server.AbstractConnector (AbstractConnector.java:doStart(331)) - Started ServerConnector@15780ba8{HTTP/1.1, (http/1.1)}{0.0.0.0:44385}
2022-05-15 13:41:25,745 [Listener at 0.0.0.0/44117] INFO  server.Server (Server.java:doStart(415)) - Started @109860ms
2022-05-15 13:41:25,745 [Listener at 0.0.0.0/44117] WARN  impl.MetricsSystemImpl (MetricsSystemImpl.java:register(279)) - Sink prometheus already exists!
2022-05-15 13:41:25,746 [Listener at 0.0.0.0/44117] INFO  http.BaseHttpServer (BaseHttpServer.java:updateConnectorAddress(329)) - HTTP server of scm listening at http://0.0.0.0:44385
2022-05-15 13:41:25,746 [Listener at 0.0.0.0/44117] WARN  server.ServerUtils (ServerUtils.java:getDBPath(225)) - ozone.om.db.dirs is not configured. We recommend adding this setting. Falling back to ozone.metadata.dirs instead.
2022-05-15 13:41:25,748 [Listener at 0.0.0.0/44117] INFO  ha.OMHANodeDetails (OMHANodeDetails.java:loadOMHAConfig(115)) - ozone.om.internal.service.id is not defined, falling back to ozone.om.service.ids to find serviceID for OzoneManager if it is HA enabled cluster
2022-05-15 13:41:25,748 [Listener at 0.0.0.0/44117] INFO  ha.OMHANodeDetails (OMHANodeDetails.java:loadOMHAConfig(226)) - Configuration does not have ozone.om.address set. Falling back to the default OM address /127.0.0.1:0
2022-05-15 13:41:25,748 [Listener at 0.0.0.0/44117] INFO  ha.OMHANodeDetails (OMHANodeDetails.java:getOMNodeDetailsForNonHA(254)) - OM Service ID is not set. Setting it to the default ID: omServiceIdDefault
2022-05-15 13:41:25,748 [Listener at 0.0.0.0/44117] INFO  ha.OMHANodeDetails (OMHANodeDetails.java:getOMNodeDetailsForNonHA(261)) - OM Node ID is not set. Setting it to the default ID: om1
2022-05-15 13:41:25,749 [Listener at 0.0.0.0/44117] WARN  server.ServerUtils (ServerUtils.java:getDBPath(225)) - ozone.om.db.dirs is not configured. We recommend adding this setting. Falling back to ozone.metadata.dirs instead.
2022-05-15 13:41:25,749 [Listener at 0.0.0.0/44117] INFO  upgrade.AbstractLayoutVersionManager (AbstractLayoutVersionManager.java:init(79)) - Initializing Layout version manager with metadata layout = BUCKET_LAYOUT_SUPPORT (version = 2), software layout = BUCKET_LAYOUT_SUPPORT (version = 2)
2022-05-15 13:41:25,919 [Listener at 0.0.0.0/44117] INFO  reflections.Reflections (Reflections.java:scan(232)) - Reflections took 169 ms to scan 2 urls, producing 143 keys and 369 values [using 2 cores]
2022-05-15 13:41:25,920 [Listener at 0.0.0.0/44117] INFO  upgrade.OMLayoutVersionManager (OMLayoutVersionManager.java:lambda$0(115)) - Skipping Upgrade Action MockOmUpgradeAction since it has been finalized.
2022-05-15 13:41:25,920 [Listener at 0.0.0.0/44117] WARN  server.ServerUtils (ServerUtils.java:getDBPath(225)) - ozone.om.db.dirs is not configured. We recommend adding this setting. Falling back to ozone.metadata.dirs instead.
2022-05-15 13:41:25,979 [Listener at 0.0.0.0/44117] WARN  server.ServerUtils (ServerUtils.java:getDBPath(225)) - ozone.om.db.dirs is not configured. We recommend adding this setting. Falling back to ozone.metadata.dirs instead.
2022-05-15 13:41:25,980 [Listener at 0.0.0.0/44117] INFO  codec.OmKeyInfoCodec (OmKeyInfoCodec.java:<init>(49)) - OmKeyInfoCodec ignorePipeline = true
2022-05-15 13:41:25,980 [Listener at 0.0.0.0/44117] INFO  codec.RepeatedOmKeyInfoCodec (RepeatedOmKeyInfoCodec.java:<init>(41)) - RepeatedOmKeyInfoCodec ignorePipeline = true
2022-05-15 13:41:26,276 [Listener at 0.0.0.0/44117] INFO  om.OzoneManager (OzoneManager.java:addS3GVolumeToDB(3908)) - Created Volume s3v With Owner runner required for S3Gateway operations.
2022-05-15 13:41:26,294 [Listener at 0.0.0.0/44117] WARN  server.ServerUtils (ServerUtils.java:getDefaultRatisDirectory(237)) - Storage directory for Ratis is not configured. It is a good idea to map this to an SSD disk. Falling back to ozone.metadata.dirs
2022-05-15 13:41:26,295 [Listener at 0.0.0.0/44117] WARN  utils.OzoneManagerRatisUtils (OzoneManagerRatisUtils.java:getOMRatisSnapshotDirectory(395)) - ozone.om.ratis.snapshot.dir is not configured. Falling back to ozone.metadata.dirs config
2022-05-15 13:41:26,295 [Listener at 0.0.0.0/44117] WARN  server.ServerUtils (ServerUtils.java:getDefaultRatisDirectory(237)) - Storage directory for Ratis is not configured. It is a good idea to map this to an SSD disk. Falling back to ozone.metadata.dirs
2022-05-15 13:41:26,296 [Listener at 0.0.0.0/44117] INFO  ratis.OzoneManagerRatisServer (OzoneManagerRatisServer.java:<init>(159)) - Instantiating OM Ratis server with groupID: omServiceIdDefault and peers: localhost:9872
2022-05-15 13:41:26,296 [Listener at 0.0.0.0/44117] INFO  ratis.OzoneManagerStateMachine (OzoneManagerStateMachine.java:loadSnapshotInfoFromDB(627)) - LastAppliedIndex is set from TransactionInfo from OM DB as (t:0, i:~)
2022-05-15 13:41:26,299 [Listener at 0.0.0.0/44117] INFO  server.RaftServer (ConfUtils.java:logGet(44)) - raft.rpc.type = GRPC (default)
2022-05-15 13:41:26,299 [Listener at 0.0.0.0/44117] INFO  grpc.GrpcFactory (GrpcFactory.java:checkPooledByteBufAllocatorUseCacheForAllThreads(48)) - PERFORMANCE WARNING: useCacheForAllThreads is true that may cause Netty to create a lot garbage objects and, as a result, trigger GC.
	It is recommended to disable useCacheForAllThreads by setting -Dorg.apache.ratis.thirdparty.io.netty.allocator.useCacheForAllThreads=false in command line.
2022-05-15 13:41:26,299 [Listener at 0.0.0.0/44117] INFO  grpc.GrpcConfigKeys (ConfUtils.java:logGet(44)) - raft.grpc.admin.port = -1 (default)
2022-05-15 13:41:26,299 [Listener at 0.0.0.0/44117] INFO  grpc.GrpcConfigKeys (ConfUtils.java:logGet(44)) - raft.grpc.server.port = 9872 (custom)
2022-05-15 13:41:26,299 [Listener at 0.0.0.0/44117] INFO  grpc.GrpcConfigKeys (ConfUtils.java:logGet(44)) - raft.grpc.client.port = -1 (default)
2022-05-15 13:41:26,299 [Listener at 0.0.0.0/44117] INFO  grpc.GrpcConfigKeys (ConfUtils.java:logGet(44)) - raft.grpc.server.port = 9872 (custom)
2022-05-15 13:41:26,299 [Listener at 0.0.0.0/44117] INFO  grpc.GrpcConfigKeys (ConfUtils.java:logGet(44)) - raft.grpc.server.port = 9872 (custom)
2022-05-15 13:41:26,299 [Listener at 0.0.0.0/44117] INFO  server.GrpcService (ConfUtils.java:logGet(44)) - raft.grpc.message.size.max = 33554432 (custom)
2022-05-15 13:41:26,300 [Listener at 0.0.0.0/44117] INFO  server.RaftServerConfigKeys (ConfUtils.java:logGet(44)) - raft.server.log.appender.buffer.byte-limit = 33554432 (custom)
2022-05-15 13:41:26,300 [Listener at 0.0.0.0/44117] INFO  server.GrpcService (ConfUtils.java:logGet(44)) - raft.grpc.flow.control.window = 1MB (=1048576) (default)
2022-05-15 13:41:26,300 [Listener at 0.0.0.0/44117] INFO  server.RaftServerConfigKeys (ConfUtils.java:logGet(44)) - raft.server.rpc.request.timeout = 3000ms (default)
2022-05-15 13:41:26,301 [Listener at 0.0.0.0/44117] INFO  impl.DataStreamServerImpl (ConfUtils.java:logGet(44)) - raft.datastream.type = DISABLED (default)
2022-05-15 13:41:26,301 [Listener at 0.0.0.0/44117] INFO  server.RaftServerConfigKeys (ConfUtils.java:logGet(44)) - raft.server.rpc.slowness.timeout = 120s (custom)
2022-05-15 13:41:26,301 [Listener at 0.0.0.0/44117] INFO  server.RaftServerConfigKeys (ConfUtils.java:logGet(44)) - raft.server.leaderelection.leader.step-down.wait-time = 10s (default)
2022-05-15 13:41:26,302 [Listener at 0.0.0.0/44117] INFO  server.RaftServerConfigKeys (ConfUtils.java:logGet(44)) - raft.server.storage.dir = [/home/runner/work/ozone/ozone/hadoop-ozone/integration-test/target/test-dir/MiniOzoneClusterImpl-e86d4cca-927e-4c63-aa7c-55f5088052e8/ozone-meta/ratis] (custom)
2022-05-15 13:41:26,309 [Listener at 0.0.0.0/44117] INFO  server.RaftServer (RaftServerProxy.java:addNew(95)) - om1: addNew group-C5BA1605619E:[om1|rpc:localhost:9872|priority:0] returns group-C5BA1605619E:java.util.concurrent.CompletableFuture@62fc75fa[Not completed]
2022-05-15 13:41:26,309 [Listener at 0.0.0.0/44117] INFO  om.OzoneManager (OzoneManager.java:initializeRatisServer(1901)) - OzoneManager Ratis server initialized at port 9872
2022-05-15 13:41:26,310 [Listener at 0.0.0.0/44117] INFO  om.OzoneManager (OzoneManager.java:getRpcServer(1030)) - Creating RPC Server
2022-05-15 13:41:26,311 [pool-301-thread-1] INFO  server.RaftServer$Division (RaftServerImpl.java:<init>(184)) - om1: new RaftServerImpl for group-C5BA1605619E:[om1|rpc:localhost:9872|priority:0] with OzoneManagerStateMachine:uninitialized
2022-05-15 13:41:26,326 [pool-301-thread-1] INFO  server.RaftServerConfigKeys (ConfUtils.java:logGet(44)) - raft.server.rpc.timeout.min = 1s (custom)
2022-05-15 13:41:26,326 [pool-301-thread-1] INFO  server.RaftServerConfigKeys (ConfUtils.java:logGet(44)) - raft.server.rpc.timeout.max = 1200ms (custom)
2022-05-15 13:41:26,326 [pool-301-thread-1] INFO  server.RaftServerConfigKeys (ConfUtils.java:logGet(44)) - raft.server.rpc.sleep.time = 25ms (default)
2022-05-15 13:41:26,326 [pool-301-thread-1] INFO  server.RaftServerConfigKeys (ConfUtils.java:logGet(44)) - raft.server.rpc.slowness.timeout = 120s (custom)
2022-05-15 13:41:26,326 [pool-301-thread-1] INFO  server.RaftServerConfigKeys (ConfUtils.java:logGet(44)) - raft.server.leaderelection.leader.step-down.wait-time = 10s (default)
2022-05-15 13:41:26,326 [pool-301-thread-1] INFO  server.RaftServerConfigKeys (ConfUtils.java:logGet(44)) - raft.server.sleep.deviation.threshold = 300ms (default)
2022-05-15 13:41:26,326 [pool-301-thread-1] INFO  server.RaftServerConfigKeys (ConfUtils.java:logGet(44)) - raft.server.log.appender.install.snapshot.enabled = false (custom)
2022-05-15 13:41:26,326 [pool-301-thread-1] INFO  server.RaftServer$Division (ServerState.java:<init>(105)) - om1@group-C5BA1605619E: ConfigurationManager, init=-1: [om1|rpc:localhost:9872|priority:0], old=null, confs=<EMPTY_MAP>
2022-05-15 13:41:26,326 [pool-301-thread-1] INFO  server.RaftServerConfigKeys (ConfUtils.java:logGet(44)) - raft.server.storage.dir = [/home/runner/work/ozone/ozone/hadoop-ozone/integration-test/target/test-dir/MiniOzoneClusterImpl-e86d4cca-927e-4c63-aa7c-55f5088052e8/ozone-meta/ratis] (custom)
2022-05-15 13:41:26,326 [pool-301-thread-1] INFO  server.RaftServerConfigKeys (ConfUtils.java:logGet(44)) - raft.server.log.corruption.policy = EXCEPTION (default)
2022-05-15 13:41:26,326 [pool-301-thread-1] INFO  server.RaftServerConfigKeys (ConfUtils.java:logGet(44)) - raft.server.storage.free-space.min = 0MB (=0) (default)
2022-05-15 13:41:26,326 [pool-301-thread-1] INFO  storage.RaftStorageDirectory (RaftStorageDirectoryImpl.java:analyzeStorage(135)) - The storage directory /home/runner/work/ozone/ozone/hadoop-ozone/integration-test/target/test-dir/MiniOzoneClusterImpl-e86d4cca-927e-4c63-aa7c-55f5088052e8/ozone-meta/ratis/bf265839-605b-3f16-9796-c5ba1605619e does not exist. Creating ...
2022-05-15 13:41:26,331 [pool-301-thread-1] INFO  storage.RaftStorageDirectory (RaftStorageDirectoryImpl.java:tryLock(230)) - Lock on /home/runner/work/ozone/ozone/hadoop-ozone/integration-test/target/test-dir/MiniOzoneClusterImpl-e86d4cca-927e-4c63-aa7c-55f5088052e8/ozone-meta/ratis/bf265839-605b-3f16-9796-c5ba1605619e/in_use.lock acquired by nodename 19587@fv-az40-973
2022-05-15 13:41:26,339 [pool-301-thread-1] INFO  storage.RaftStorage (RaftStorageImpl.java:format(89)) - Storage directory /home/runner/work/ozone/ozone/hadoop-ozone/integration-test/target/test-dir/MiniOzoneClusterImpl-e86d4cca-927e-4c63-aa7c-55f5088052e8/ozone-meta/ratis/bf265839-605b-3f16-9796-c5ba1605619e has been successfully formatted.
2022-05-15 13:41:26,339 [pool-301-thread-1] INFO  server.RaftServerConfigKeys (ConfUtils.java:logGet(44)) - raft.server.notification.no-leader.timeout = 120s (custom)
2022-05-15 13:41:26,339 [pool-301-thread-1] INFO  server.RaftServerConfigKeys (ConfUtils.java:logGet(44)) - raft.server.log.use.memory = false (default)
2022-05-15 13:41:26,339 [pool-301-thread-1] INFO  server.RaftServerConfigKeys (ConfUtils.java:logGet(44)) - raft.server.log.purge.gap = 1000000 (custom)
2022-05-15 13:41:26,339 [pool-301-thread-1] INFO  server.RaftServerConfigKeys (ConfUtils.java:logGet(44)) - raft.server.log.appender.buffer.byte-limit = 33554432 (custom)
2022-05-15 13:41:26,339 [pool-301-thread-1] INFO  server.RaftServerConfigKeys (ConfUtils.java:logGet(44)) - raft.server.log.segment.size.max = 4194304 (custom)
2022-05-15 13:41:26,340 [pool-301-thread-1] INFO  server.RaftServerConfigKeys (ConfUtils.java:logGet(44)) - raft.server.log.segment.cache.num.max = 2 (custom)
2022-05-15 13:41:26,340 [pool-301-thread-1] INFO  server.RaftServerConfigKeys (ConfUtils.java:logGet(44)) - raft.server.log.segment.cache.size.max = 200MB (=209715200) (default)
2022-05-15 13:41:26,340 [pool-301-thread-1] INFO  segmented.SegmentedRaftLogWorker (SegmentedRaftLogWorker.java:<init>(182)) - new om1@group-C5BA1605619E-SegmentedRaftLogWorker for RaftStorageImpl:Storage Directory /home/runner/work/ozone/ozone/hadoop-ozone/integration-test/target/test-dir/MiniOzoneClusterImpl-e86d4cca-927e-4c63-aa7c-55f5088052e8/ozone-meta/ratis/bf265839-605b-3f16-9796-c5ba1605619e
2022-05-15 13:41:26,340 [pool-301-thread-1] INFO  server.RaftServerConfigKeys (ConfUtils.java:logGet(44)) - raft.server.log.queue.byte-limit = 64MB (=67108864) (default)
2022-05-15 13:41:26,340 [pool-301-thread-1] INFO  server.RaftServerConfigKeys (ConfUtils.java:logGet(44)) - raft.server.log.queue.element-limit = 4096 (default)
2022-05-15 13:41:26,340 [pool-301-thread-1] INFO  server.RaftServerConfigKeys (ConfUtils.java:logGet(44)) - raft.server.log.segment.size.max = 4194304 (custom)
2022-05-15 13:41:26,340 [pool-301-thread-1] INFO  server.RaftServerConfigKeys (ConfUtils.java:logGet(44)) - raft.server.log.preallocated.size = 4194304 (custom)
2022-05-15 13:41:26,340 [pool-301-thread-1] INFO  server.RaftServerConfigKeys (ConfUtils.java:logGet(44)) - raft.server.log.force.sync.num = 128 (default)
2022-05-15 13:41:26,340 [pool-301-thread-1] INFO  server.RaftServerConfigKeys (ConfUtils.java:logGet(44)) - raft.server.log.statemachine.data.sync = true (default)
2022-05-15 13:41:26,340 [pool-301-thread-1] INFO  server.RaftServerConfigKeys (ConfUtils.java:logGet(44)) - raft.server.log.statemachine.data.sync.timeout = 10s (default)
2022-05-15 13:41:26,340 [pool-301-thread-1] INFO  server.RaftServerConfigKeys (ConfUtils.java:logGet(44)) - raft.server.log.statemachine.data.sync.timeout.retry = -1 (default)
2022-05-15 13:41:26,367 [pool-301-thread-1] INFO  server.RaftServerConfigKeys (ConfUtils.java:logGet(44)) - raft.server.log.write.buffer.size = 64KB (=65536) (default)
2022-05-15 13:41:26,367 [pool-301-thread-1] INFO  server.RaftServerConfigKeys (ConfUtils.java:logGet(44)) - raft.server.log.statemachine.data.caching.enabled = false (default)
2022-05-15 13:41:26,367 [pool-301-thread-1] INFO  segmented.SegmentedRaftLogWorker (SegmentedRaftLogWorker.java:lambda$new$0(133)) - om1@group-C5BA1605619E-SegmentedRaftLogWorker: flushIndex: setUnconditionally 0 -> -1
2022-05-15 13:41:26,367 [pool-301-thread-1] INFO  segmented.SegmentedRaftLogWorker (SegmentedRaftLogWorker.java:lambda$new$0(133)) - om1@group-C5BA1605619E-SegmentedRaftLogWorker: safeCacheEvictIndex: setUnconditionally 0 -> -1
2022-05-15 13:41:26,370 [pool-301-thread-1] INFO  server.RaftServerConfigKeys (ConfUtils.java:logGet(44)) - raft.server.snapshot.auto.trigger.enabled = true (custom)
2022-05-15 13:41:26,370 [pool-301-thread-1] INFO  server.RaftServerConfigKeys (ConfUtils.java:logGet(44)) - raft.server.snapshot.auto.trigger.threshold = 400000 (default)
2022-05-15 13:41:26,370 [pool-301-thread-1] INFO  server.RaftServerConfigKeys (ConfUtils.java:logGet(44)) - raft.server.snapshot.retention.file.num = -1 (default)
2022-05-15 13:41:26,370 [pool-301-thread-1] INFO  server.RaftServerConfigKeys (ConfUtils.java:logGet(44)) - raft.server.log.purge.upto.snapshot.index = true (custom)
2022-05-15 13:41:26,371 [pool-301-thread-1] INFO  server.RaftServerConfigKeys (ConfUtils.java:logGet(44)) - raft.server.retrycache.expirytime = 300s (custom)
2022-05-15 13:41:26,371 [pool-301-thread-1] INFO  server.RaftServerConfigKeys (ConfUtils.java:logGet(44)) - raft.server.retrycache.statistics.expirytime = 100μs (default)
2022-05-15 13:41:27,386 [Listener at 0.0.0.0/44117] INFO  reflections.Reflections (Reflections.java:scan(232)) - Reflections took 1075 ms to scan 19 urls, producing 61 keys and 3686 values [using 2 cores]
2022-05-15 13:41:27,387 [Listener at 0.0.0.0/44117] INFO  ipc.CallQueueManager (CallQueueManager.java:<init>(90)) - Using callQueue: class java.util.concurrent.LinkedBlockingQueue, queueCapacity: 2000, scheduler: class org.apache.hadoop.ipc.DefaultRpcScheduler, ipcBackoff: false.
2022-05-15 13:41:27,401 [Socket Reader #1 for port 0] INFO  ipc.Server (Server.java:run(1265)) - Starting Socket Reader #1 for port 0
2022-05-15 13:41:27,468 [Listener at 127.0.0.1/44889] INFO  impl.MetricsSystemImpl (MetricsSystemImpl.java:init(158)) - OzoneManager metrics system started (again)
2022-05-15 13:41:27,484 [Listener at 127.0.0.1/44889] INFO  om.OzoneManager (OzoneManager.java:start(1405)) - OzoneManager RPC server is listening at localhost/127.0.0.1:44889
2022-05-15 13:41:27,484 [Listener at 127.0.0.1/44889] INFO  ratis.OzoneManagerRatisServer (OzoneManagerRatisServer.java:start(554)) - Starting OzoneManagerRatisServer om1 at port 9872
2022-05-15 13:41:27,484 [Listener at 127.0.0.1/44889] INFO  server.RaftServer$Division (RaftServerImpl.java:start(301)) - om1@group-C5BA1605619E: start as a follower, conf=-1: [om1|rpc:localhost:9872|priority:0], old=null
2022-05-15 13:41:27,485 [Listener at 127.0.0.1/44889] INFO  server.RaftServer$Division (RaftServerImpl.java:setRole(290)) - om1@group-C5BA1605619E: changes role from      null to FOLLOWER at term 0 for startAsFollower
2022-05-15 13:41:27,485 [Listener at 127.0.0.1/44889] INFO  impl.RoleInfo (RoleInfo.java:updateAndGet(130)) - om1: start om1@group-C5BA1605619E-FollowerState
2022-05-15 13:41:27,497 [Listener at 127.0.0.1/44889] INFO  util.JmxRegister (JmxRegister.java:tryRegister(44)) - Successfully registered JMX Bean with object name Ratis:service=RaftServer,group=group-C5BA1605619E,id=om1
2022-05-15 13:41:27,499 [Listener at 127.0.0.1/44889] INFO  server.RaftServer (RaftServerProxy.java:lambda$start$5(374)) - om1: start RPC server
2022-05-15 13:41:27,503 [Listener at 127.0.0.1/44889] INFO  server.GrpcService (GrpcService.java:startImpl(253)) - om1: GrpcService started, listening on 9872
2022-05-15 13:41:27,526 [Listener at 127.0.0.1/44889] INFO  om.OzoneManager (OzoneManager.java:start(1421)) - Version File has different layout version (2) than OM DB (null). That is expected if this OM has never been finalized to a newer layout version.
2022-05-15 13:41:27,529 [org.apache.ratis.util.JvmPauseMonitor$$Lambda$622/1489821748@61a13ade] INFO  util.JvmPauseMonitor (JvmPauseMonitor.java:run(103)) - JvmPauseMonitor-om1: Started
2022-05-15 13:41:27,555 [Listener at 127.0.0.1/44889] INFO  http.BaseHttpServer (BaseHttpServer.java:newHttpServer2BuilderForOzone(209)) - Starting Web-server for ozoneManager at: http://0.0.0.0:0
2022-05-15 13:41:27,555 [Listener at 127.0.0.1/44889] INFO  http.BaseHttpServer (BaseHttpServer.java:<init>(107)) - Hadoop Security Enabled: false Ozone Security Enabled: false Ozone HTTP Security Enabled: false 
2022-05-15 13:41:27,556 [Listener at 127.0.0.1/44889] INFO  server.AuthenticationFilter (AuthenticationFilter.java:constructSecretProvider(240)) - Unable to initialize FileSignerSecretProvider, falling back to use random secrets.
2022-05-15 13:41:27,560 [Listener at 127.0.0.1/44889] WARN  http.HttpRequestLog (HttpRequestLog.java:getRequestLog(103)) - Jetty request log can only be enabled using Log4j
2022-05-15 13:41:27,561 [Listener at 127.0.0.1/44889] INFO  http.HttpServer2 (HttpServer2.java:addGlobalFilter(1030)) - Added global filter 'safety' (class=org.apache.hadoop.hdds.server.http.HttpServer2$QuotingInputFilter)
2022-05-15 13:41:27,561 [Listener at 127.0.0.1/44889] INFO  http.HttpServer2 (HttpServer2.java:addFilter(1006)) - Added filter static_user_filter (class=org.apache.hadoop.http.lib.StaticUserWebFilter$StaticUserFilter) to context ozoneManager
2022-05-15 13:41:27,561 [Listener at 127.0.0.1/44889] INFO  http.HttpServer2 (HttpServer2.java:addFilter(1014)) - Added filter static_user_filter (class=org.apache.hadoop.http.lib.StaticUserWebFilter$StaticUserFilter) to context static
2022-05-15 13:41:27,561 [Listener at 127.0.0.1/44889] INFO  http.HttpServer2 (HttpServer2.java:addFilter(1014)) - Added filter static_user_filter (class=org.apache.hadoop.http.lib.StaticUserWebFilter$StaticUserFilter) to context logs
2022-05-15 13:41:27,562 [Listener at 127.0.0.1/44889] INFO  http.HttpServer2 (HttpServer2.java:bindListener(1249)) - Jetty bound to port 43737
2022-05-15 13:41:27,562 [Listener at 127.0.0.1/44889] INFO  server.Server (Server.java:doStart(375)) - jetty-9.4.43.v20210629; built: 2021-06-30T11:07:22.254Z; git: 526006ecfa3af7f1a27ef3a288e2bef7ea9dd7e8; jvm 1.8.0_332-b09
2022-05-15 13:41:27,600 [Listener at 127.0.0.1/44889] INFO  server.session (DefaultSessionIdManager.java:doStart(334)) - DefaultSessionIdManager workerName=node0
2022-05-15 13:41:27,601 [Listener at 127.0.0.1/44889] INFO  server.session (DefaultSessionIdManager.java:doStart(339)) - No SessionScavenger set, using defaults
2022-05-15 13:41:27,601 [Listener at 127.0.0.1/44889] INFO  server.session (HouseKeeper.java:startScavenging(132)) - node0 Scavenging every 600000ms
2022-05-15 13:41:27,602 [Listener at 127.0.0.1/44889] INFO  handler.ContextHandler (ContextHandler.java:doStart(915)) - Started o.e.j.s.ServletContextHandler@220700c1{logs,/logs,file:///home/runner/work/ozone/ozone/hadoop-ozone/integration-test/target/log,AVAILABLE}
2022-05-15 13:41:27,602 [Listener at 127.0.0.1/44889] INFO  handler.ContextHandler (ContextHandler.java:doStart(915)) - Started o.e.j.s.ServletContextHandler@10e0c815{static,/static,file:///home/runner/work/ozone/ozone/hadoop-ozone/integration-test/target/test-classes/webapps/static,AVAILABLE}
2022-05-15 13:41:27,608 [Listener at 127.0.0.1/44889] INFO  handler.ContextHandler (ContextHandler.java:doStart(915)) - Started o.e.j.w.WebAppContext@1816701b{ozoneManager,/,file:///home/runner/work/ozone/ozone/hadoop-ozone/integration-test/target/test-classes/webapps/ozoneManager/,AVAILABLE}{file:/home/runner/work/ozone/ozone/hadoop-ozone/integration-test/target/test-classes/webapps/ozoneManager}
2022-05-15 13:41:27,616 [Listener at 127.0.0.1/44889] INFO  server.AbstractConnector (AbstractConnector.java:doStart(331)) - Started ServerConnector@6f6c01d9{HTTP/1.1, (http/1.1)}{0.0.0.0:43737}
2022-05-15 13:41:27,616 [Listener at 127.0.0.1/44889] INFO  server.Server (Server.java:doStart(415)) - Started @111730ms
2022-05-15 13:41:27,616 [Listener at 127.0.0.1/44889] WARN  impl.MetricsSystemImpl (MetricsSystemImpl.java:register(279)) - Sink prometheus already exists!
2022-05-15 13:41:27,617 [Listener at 127.0.0.1/44889] INFO  http.BaseHttpServer (BaseHttpServer.java:updateConnectorAddress(329)) - HTTP server of ozoneManager listening at http://0.0.0.0:43737
2022-05-15 13:41:27,642 [IPC Server Responder] INFO  ipc.Server (Server.java:run(1507)) - IPC Server Responder: starting
2022-05-15 13:41:27,666 [IPC Server listener on 0] INFO  ipc.Server (Server.java:run(1344)) - IPC Server listener on 0: starting
2022-05-15 13:41:27,676 [Listener at 127.0.0.1/44889] INFO  om.OzoneManager (OzoneManager.java:startTrashEmptier(1845)) - Trash Interval set to 0. Files deleted won't move to trash
2022-05-15 13:41:27,690 [org.apache.hadoop.util.JvmPauseMonitor$Monitor@649f48f6] INFO  util.JvmPauseMonitor (JvmPauseMonitor.java:run(188)) - Starting JVM pause monitor
2022-05-15 13:41:27,696 [Listener at 127.0.0.1/44889] WARN  impl.MetricRegistriesImpl (MetricRegistriesImpl.java:addReporterRegistration(111)) - New reporters are added after registries were created. Some metrics will be missing from the reporter. Please add reporter before adding any new registry.
2022-05-15 13:41:27,696 [Listener at 127.0.0.1/44889] WARN  impl.MetricRegistriesImpl (MetricRegistriesImpl.java:addReporterRegistration(111)) - New reporters are added after registries were created. Some metrics will be missing from the reporter. Please add reporter before adding any new registry.
2022-05-15 13:41:27,696 [Listener at 127.0.0.1/44889] INFO  impl.MetricsSystemImpl (MetricsSystemImpl.java:init(158)) - HddsDatanode metrics system started (again)
2022-05-15 13:41:27,707 [Listener at 127.0.0.1/44889] INFO  ozone.HddsDatanodeService (HddsDatanodeService.java:start(236)) - HddsDatanodeService host:fv-az40-973.r1qzdtoifymehf5jtx2d0vwyfg.bx.internal.cloudapp.net ip:10.1.0.20
2022-05-15 13:41:27,756 [Listener at 127.0.0.1/44889] INFO  upgrade.AbstractLayoutVersionManager (AbstractLayoutVersionManager.java:init(79)) - Initializing Layout version manager with metadata layout = ERASURE_CODED_STORAGE_SUPPORT (version = 3), software layout = ERASURE_CODED_STORAGE_SUPPORT (version = 3)
2022-05-15 13:41:27,884 [Listener at 127.0.0.1/44889] INFO  reflections.Reflections (Reflections.java:scan(232)) - Reflections took 116 ms to scan 7 urls, producing 126 keys and 289 values 
2022-05-15 13:41:27,903 [Listener at 127.0.0.1/44889] INFO  statemachine.DatanodeStateMachine (DatanodeStateMachine.java:getEndPointTaskThreadPoolSize(224)) - Datanode State Machine Task Thread Pool size 2
2022-05-15 13:41:27,912 [Listener at 127.0.0.1/44889] INFO  volume.HddsVolume (HddsVolume.java:<init>(120)) - Creating HddsVolume: /home/runner/work/ozone/ozone/hadoop-ozone/integration-test/target/test-dir/MiniOzoneClusterImpl-e86d4cca-927e-4c63-aa7c-55f5088052e8/datanode-0/data-0/containers/hdds of storage type : DISK capacity : 9223372036854775807
2022-05-15 13:41:27,912 [Listener at 127.0.0.1/44889] INFO  volume.MutableVolumeSet (MutableVolumeSet.java:initializeVolumeSet(168)) - Added Volume : /home/runner/work/ozone/ozone/hadoop-ozone/integration-test/target/test-dir/MiniOzoneClusterImpl-e86d4cca-927e-4c63-aa7c-55f5088052e8/datanode-0/data-0/containers/hdds to VolumeSet
2022-05-15 13:41:27,913 [Listener at 127.0.0.1/44889] INFO  volume.ThrottledAsyncChecker (ThrottledAsyncChecker.java:schedule(141)) - Scheduling a check for /home/runner/work/ozone/ozone/hadoop-ozone/integration-test/target/test-dir/MiniOzoneClusterImpl-e86d4cca-927e-4c63-aa7c-55f5088052e8/datanode-0/data-0/containers/hdds
2022-05-15 13:41:27,946 [Listener at 127.0.0.1/44889] INFO  volume.StorageVolumeChecker (StorageVolumeChecker.java:checkAllVolumes(202)) - Scheduled health check for volume /home/runner/work/ozone/ozone/hadoop-ozone/integration-test/target/test-dir/MiniOzoneClusterImpl-e86d4cca-927e-4c63-aa7c-55f5088052e8/datanode-0/data-0/containers/hdds
2022-05-15 13:41:27,958 [Listener at 127.0.0.1/44889] INFO  volume.MutableVolumeSet (MutableVolumeSet.java:initializeVolumeSet(168)) - Added Volume : /home/runner/work/ozone/ozone/hadoop-ozone/integration-test/target/test-dir/MiniOzoneClusterImpl-e86d4cca-927e-4c63-aa7c-55f5088052e8/datanode-0/data/ratis to VolumeSet
2022-05-15 13:41:27,970 [Listener at 127.0.0.1/44889] INFO  volume.ThrottledAsyncChecker (ThrottledAsyncChecker.java:schedule(141)) - Scheduling a check for /home/runner/work/ozone/ozone/hadoop-ozone/integration-test/target/test-dir/MiniOzoneClusterImpl-e86d4cca-927e-4c63-aa7c-55f5088052e8/datanode-0/data/ratis
2022-05-15 13:41:27,971 [Listener at 127.0.0.1/44889] INFO  volume.StorageVolumeChecker (StorageVolumeChecker.java:checkAllVolumes(202)) - Scheduled health check for volume /home/runner/work/ozone/ozone/hadoop-ozone/integration-test/target/test-dir/MiniOzoneClusterImpl-e86d4cca-927e-4c63-aa7c-55f5088052e8/datanode-0/data/ratis
2022-05-15 13:41:28,010 [Thread-729] INFO  ozoneimpl.ContainerReader (ContainerReader.java:readVolume(172)) - Finish verifying containers on volume /home/runner/work/ozone/ozone/hadoop-ozone/integration-test/target/test-dir/MiniOzoneClusterImpl-e86d4cca-927e-4c63-aa7c-55f5088052e8/datanode-0/data-0/containers/hdds
2022-05-15 13:41:28,011 [Listener at 127.0.0.1/44889] INFO  ozoneimpl.OzoneContainer (OzoneContainer.java:buildContainerSet(257)) - Build ContainerSet costs 0s
2022-05-15 13:41:28,025 [Listener at 127.0.0.1/44889] INFO  server.RaftServer (ConfUtils.java:logGet(44)) - raft.rpc.type = GRPC (default)
2022-05-15 13:41:28,025 [Listener at 127.0.0.1/44889] INFO  grpc.GrpcFactory (GrpcFactory.java:checkPooledByteBufAllocatorUseCacheForAllThreads(48)) - PERFORMANCE WARNING: useCacheForAllThreads is true that may cause Netty to create a lot garbage objects and, as a result, trigger GC.
	It is recommended to disable useCacheForAllThreads by setting -Dorg.apache.ratis.thirdparty.io.netty.allocator.useCacheForAllThreads=false in command line.
2022-05-15 13:41:28,025 [Listener at 127.0.0.1/44889] INFO  grpc.GrpcConfigKeys (ConfUtils.java:logGet(44)) - raft.grpc.admin.port = 0 (custom)
2022-05-15 13:41:28,025 [Listener at 127.0.0.1/44889] INFO  grpc.GrpcConfigKeys (ConfUtils.java:logGet(44)) - raft.grpc.client.port = 0 (custom)
2022-05-15 13:41:28,025 [Listener at 127.0.0.1/44889] INFO  grpc.GrpcConfigKeys (ConfUtils.java:logGet(44)) - raft.grpc.server.port = 0 (default)
2022-05-15 13:41:28,025 [Listener at 127.0.0.1/44889] INFO  server.GrpcService (ConfUtils.java:logGet(44)) - raft.grpc.message.size.max = 32MB (=33554432) (custom)
2022-05-15 13:41:28,034 [Listener at 127.0.0.1/44889] INFO  server.RaftServerConfigKeys (ConfUtils.java:logGet(44)) - raft.server.log.appender.buffer.byte-limit = 33554432 (custom)
2022-05-15 13:41:28,034 [Listener at 127.0.0.1/44889] INFO  server.GrpcService (ConfUtils.java:logGet(44)) - raft.grpc.flow.control.window = 5MB (=5242880) (custom)
2022-05-15 13:41:28,035 [Listener at 127.0.0.1/44889] INFO  server.RaftServerConfigKeys (ConfUtils.java:logGet(44)) - raft.server.rpc.request.timeout = 60s (custom)
2022-05-15 13:41:28,036 [Listener at 127.0.0.1/44889] INFO  impl.DataStreamServerImpl (ConfUtils.java:logGet(44)) - raft.datastream.type = DISABLED (default)
2022-05-15 13:41:28,036 [Listener at 127.0.0.1/44889] INFO  server.RaftServerConfigKeys (ConfUtils.java:logGet(44)) - raft.server.rpc.slowness.timeout = 300s (custom)
2022-05-15 13:41:28,036 [Listener at 127.0.0.1/44889] INFO  server.RaftServerConfigKeys (ConfUtils.java:logGet(44)) - raft.server.leaderelection.leader.step-down.wait-time = 10s (default)
2022-05-15 13:41:28,036 [Listener at 127.0.0.1/44889] INFO  server.RaftServerConfigKeys (ConfUtils.java:logGet(44)) - raft.server.storage.dir = [/home/runner/work/ozone/ozone/hadoop-ozone/integration-test/target/test-dir/MiniOzoneClusterImpl-e86d4cca-927e-4c63-aa7c-55f5088052e8/datanode-0/data/ratis] (custom)
2022-05-15 13:41:28,037 [Listener at 127.0.0.1/44889] INFO  server.XceiverServerGrpc (XceiverServerGrpc.java:<init>(132)) - GrpcServer channel type EpollServerSocketChannel
2022-05-15 13:41:28,068 [Listener at 127.0.0.1/44889] INFO  http.BaseHttpServer (BaseHttpServer.java:newHttpServer2BuilderForOzone(209)) - Starting Web-server for hddsDatanode at: http://0.0.0.0:0
2022-05-15 13:41:28,068 [Listener at 127.0.0.1/44889] INFO  http.BaseHttpServer (BaseHttpServer.java:<init>(107)) - Hadoop Security Enabled: false Ozone Security Enabled: false Ozone HTTP Security Enabled: false 
2022-05-15 13:41:28,069 [Listener at 127.0.0.1/44889] INFO  server.AuthenticationFilter (AuthenticationFilter.java:constructSecretProvider(240)) - Unable to initialize FileSignerSecretProvider, falling back to use random secrets.
2022-05-15 13:41:28,074 [Listener at 127.0.0.1/44889] WARN  http.HttpRequestLog (HttpRequestLog.java:getRequestLog(103)) - Jetty request log can only be enabled using Log4j
2022-05-15 13:41:28,075 [Listener at 127.0.0.1/44889] INFO  http.HttpServer2 (HttpServer2.java:addGlobalFilter(1030)) - Added global filter 'safety' (class=org.apache.hadoop.hdds.server.http.HttpServer2$QuotingInputFilter)
2022-05-15 13:41:28,075 [Listener at 127.0.0.1/44889] INFO  http.HttpServer2 (HttpServer2.java:addFilter(1006)) - Added filter static_user_filter (class=org.apache.hadoop.http.lib.StaticUserWebFilter$StaticUserFilter) to context hddsDatanode
2022-05-15 13:41:28,075 [Listener at 127.0.0.1/44889] INFO  http.HttpServer2 (HttpServer2.java:addFilter(1014)) - Added filter static_user_filter (class=org.apache.hadoop.http.lib.StaticUserWebFilter$StaticUserFilter) to context static
2022-05-15 13:41:28,075 [Listener at 127.0.0.1/44889] INFO  http.HttpServer2 (HttpServer2.java:addFilter(1014)) - Added filter static_user_filter (class=org.apache.hadoop.http.lib.StaticUserWebFilter$StaticUserFilter) to context logs
2022-05-15 13:41:28,077 [Listener at 127.0.0.1/44889] INFO  http.HttpServer2 (HttpServer2.java:bindListener(1249)) - Jetty bound to port 41293
2022-05-15 13:41:28,077 [Listener at 127.0.0.1/44889] INFO  server.Server (Server.java:doStart(375)) - jetty-9.4.43.v20210629; built: 2021-06-30T11:07:22.254Z; git: 526006ecfa3af7f1a27ef3a288e2bef7ea9dd7e8; jvm 1.8.0_332-b09
2022-05-15 13:41:28,114 [Listener at 127.0.0.1/44889] INFO  server.session (DefaultSessionIdManager.java:doStart(334)) - DefaultSessionIdManager workerName=node0
2022-05-15 13:41:28,114 [Listener at 127.0.0.1/44889] INFO  server.session (DefaultSessionIdManager.java:doStart(339)) - No SessionScavenger set, using defaults
2022-05-15 13:41:28,115 [Listener at 127.0.0.1/44889] INFO  server.session (HouseKeeper.java:startScavenging(132)) - node0 Scavenging every 600000ms
2022-05-15 13:41:28,123 [Listener at 127.0.0.1/44889] INFO  handler.ContextHandler (ContextHandler.java:doStart(915)) - Started o.e.j.s.ServletContextHandler@e9b3a77{logs,/logs,file:///home/runner/work/ozone/ozone/hadoop-ozone/integration-test/target/log,AVAILABLE}
2022-05-15 13:41:28,123 [Listener at 127.0.0.1/44889] INFO  handler.ContextHandler (ContextHandler.java:doStart(915)) - Started o.e.j.s.ServletContextHandler@63049f07{static,/static,jar:file:/home/runner/.m2/repository/org/apache/ozone/hdds-container-service/1.3.0-SNAPSHOT/hdds-container-service-1.3.0-SNAPSHOT.jar!/webapps/static,AVAILABLE}
2022-05-15 13:41:28,483 [Listener at 127.0.0.1/44889] INFO  handler.ContextHandler (ContextHandler.java:doStart(915)) - Started o.e.j.w.WebAppContext@23fbc6b2{hddsDatanode,/,file:///tmp/jetty-0_0_0_0-41293-hdds-container-service-1_3_0-SNAPSHOT_jar-_-any-4760182733214153189/webapp/,AVAILABLE}{jar:file:/home/runner/.m2/repository/org/apache/ozone/hdds-container-service/1.3.0-SNAPSHOT/hdds-container-service-1.3.0-SNAPSHOT.jar!/webapps/hddsDatanode}
2022-05-15 13:41:28,498 [Listener at 127.0.0.1/44889] INFO  server.AbstractConnector (AbstractConnector.java:doStart(331)) - Started ServerConnector@582e8393{HTTP/1.1, (http/1.1)}{0.0.0.0:41293}
2022-05-15 13:41:28,499 [Listener at 127.0.0.1/44889] INFO  server.Server (Server.java:doStart(415)) - Started @112613ms
2022-05-15 13:41:28,499 [Listener at 127.0.0.1/44889] WARN  impl.MetricsSystemImpl (MetricsSystemImpl.java:register(279)) - Sink prometheus already exists!
2022-05-15 13:41:28,500 [Listener at 127.0.0.1/44889] INFO  http.BaseHttpServer (BaseHttpServer.java:updateConnectorAddress(329)) - HTTP server of hddsDatanode listening at http://0.0.0.0:41293
2022-05-15 13:41:28,500 [Listener at 127.0.0.1/44889] WARN  impl.MetricRegistriesImpl (MetricRegistriesImpl.java:addReporterRegistration(111)) - New reporters are added after registries were created. Some metrics will be missing from the reporter. Please add reporter before adding any new registry.
2022-05-15 13:41:28,500 [Listener at 127.0.0.1/44889] WARN  impl.MetricRegistriesImpl (MetricRegistriesImpl.java:addReporterRegistration(111)) - New reporters are added after registries were created. Some metrics will be missing from the reporter. Please add reporter before adding any new registry.
2022-05-15 13:41:28,500 [Listener at 127.0.0.1/44889] INFO  impl.MetricsSystemImpl (MetricsSystemImpl.java:init(158)) - HddsDatanode metrics system started (again)
2022-05-15 13:41:28,518 [Datanode State Machine Daemon Thread] INFO  statemachine.DatanodeStateMachine (DatanodeStateMachine.java:lambda$startDaemon$0(472)) - Ozone container server started.
2022-05-15 13:41:28,545 [Listener at 127.0.0.1/44889] INFO  ozone.HddsDatanodeService (HddsDatanodeService.java:start(236)) - HddsDatanodeService host:fv-az40-973.r1qzdtoifymehf5jtx2d0vwyfg.bx.internal.cloudapp.net ip:10.1.0.20
2022-05-15 13:41:28,576 [om1@group-C5BA1605619E-FollowerState] INFO  impl.FollowerState (FollowerState.java:run(134)) - om1@group-C5BA1605619E-FollowerState: change to CANDIDATE, lastRpcElapsedTime:1091046932ns, electionTimeout:1078ms
2022-05-15 13:41:28,576 [om1@group-C5BA1605619E-FollowerState] INFO  impl.RoleInfo (RoleInfo.java:shutdownFollowerState(108)) - om1: shutdown om1@group-C5BA1605619E-FollowerState
2022-05-15 13:41:28,576 [om1@group-C5BA1605619E-FollowerState] INFO  server.RaftServer$Division (RaftServerImpl.java:setRole(290)) - om1@group-C5BA1605619E: changes role from  FOLLOWER to CANDIDATE at term 0 for changeToCandidate
2022-05-15 13:41:28,594 [org.apache.hadoop.util.JvmPauseMonitor$Monitor@443ae241] INFO  util.JvmPauseMonitor (JvmPauseMonitor.java:run(188)) - Starting JVM pause monitor
2022-05-15 13:41:28,599 [Listener at 127.0.0.1/44889] INFO  upgrade.AbstractLayoutVersionManager (AbstractLayoutVersionManager.java:init(79)) - Initializing Layout version manager with metadata layout = ERASURE_CODED_STORAGE_SUPPORT (version = 3), software layout = ERASURE_CODED_STORAGE_SUPPORT (version = 3)
2022-05-15 13:41:28,630 [om1@group-C5BA1605619E-FollowerState] INFO  server.RaftServerConfigKeys (ConfUtils.java:logGet(44)) - raft.server.leaderelection.pre-vote = false (custom)
2022-05-15 13:41:28,630 [om1@group-C5BA1605619E-FollowerState] INFO  impl.RoleInfo (RoleInfo.java:updateAndGet(130)) - om1: start om1@group-C5BA1605619E-LeaderElection41
2022-05-15 13:41:28,632 [Datanode State Machine Task Thread - 0] INFO  datanode.InitDatanodeState (InitDatanodeState.java:persistContainerDatanodeDetails(138)) - DatanodeDetails is persisted to /home/runner/work/ozone/ozone/hadoop-ozone/integration-test/target/test-dir/MiniOzoneClusterImpl-e86d4cca-927e-4c63-aa7c-55f5088052e8/datanode-0/meta/datanode.id
2022-05-15 13:41:28,654 [om1@group-C5BA1605619E-LeaderElection41] INFO  impl.LeaderElection (LeaderElection.java:askForVotes(306)) - om1@group-C5BA1605619E-LeaderElection41 ELECTION round 0: submit vote requests at term 1 for -1: [om1|rpc:localhost:9872|priority:0], old=null
2022-05-15 13:41:28,654 [om1@group-C5BA1605619E-LeaderElection41] INFO  impl.LeaderElection (LeaderElection.java:askForVotes(308)) - om1@group-C5BA1605619E-LeaderElection41 ELECTION round 0: result PASSED (term=1)
2022-05-15 13:41:28,654 [om1@group-C5BA1605619E-LeaderElection41] INFO  impl.RoleInfo (RoleInfo.java:shutdownLeaderElection(121)) - om1: shutdown om1@group-C5BA1605619E-LeaderElection41
2022-05-15 13:41:28,655 [om1@group-C5BA1605619E-LeaderElection41] INFO  server.RaftServer$Division (RaftServerImpl.java:setRole(290)) - om1@group-C5BA1605619E: changes role from CANDIDATE to LEADER at term 1 for changeToLeader
2022-05-15 13:41:28,655 [om1@group-C5BA1605619E-LeaderElection41] INFO  server.RaftServer$Division (ServerState.java:setLeader(285)) - om1@group-C5BA1605619E: change Leader from null to om1 at term 1 for becomeLeader, leader elected after 2316ms
2022-05-15 13:41:28,655 [om1@group-C5BA1605619E-LeaderElection41] INFO  server.RaftServerConfigKeys (ConfUtils.java:logGet(44)) - raft.server.staging.catchup.gap = 1000 (default)
2022-05-15 13:41:28,656 [om1@group-C5BA1605619E-LeaderElection41] INFO  server.RaftServerConfigKeys (ConfUtils.java:logGet(44)) - raft.server.write.element-limit = 4096 (default)
2022-05-15 13:41:28,656 [om1@group-C5BA1605619E-LeaderElection41] INFO  server.RaftServerConfigKeys (ConfUtils.java:logGet(44)) - raft.server.write.byte-limit = 64MB (=67108864) (default)
2022-05-15 13:41:28,656 [om1@group-C5BA1605619E-LeaderElection41] INFO  server.RaftServerConfigKeys (ConfUtils.java:logGet(44)) - raft.server.watch.timeout = 10s (default)
2022-05-15 13:41:28,656 [om1@group-C5BA1605619E-LeaderElection41] INFO  server.RaftServerConfigKeys (ConfUtils.java:logGet(44)) - raft.server.watch.timeout.denomination = 1s (default)
2022-05-15 13:41:28,656 [om1@group-C5BA1605619E-LeaderElection41] INFO  server.RaftServerConfigKeys (ConfUtils.java:logGet(44)) - raft.server.watch.element-limit = 65536 (default)
2022-05-15 13:41:28,656 [om1@group-C5BA1605619E-LeaderElection41] INFO  server.RaftServerConfigKeys (ConfUtils.java:logGet(44)) - raft.server.write.element-limit = 4096 (default)
2022-05-15 13:41:28,659 [om1@group-C5BA1605619E-LeaderElection41] INFO  server.RaftServerConfigKeys (ConfUtils.java:logGet(44)) - raft.server.write.follower.gap.ratio.max = -1.0 (default)
2022-05-15 13:41:28,659 [om1@group-C5BA1605619E-LeaderElection41] INFO  impl.RoleInfo (RoleInfo.java:updateAndGet(130)) - om1: start om1@group-C5BA1605619E-LeaderStateImpl
2022-05-15 13:41:28,659 [om1@group-C5BA1605619E-LeaderElection41] INFO  segmented.SegmentedRaftLogWorker (SegmentedRaftLogWorker.java:startLogSegment(394)) - om1@group-C5BA1605619E-SegmentedRaftLogWorker: Starting segment from index:0
2022-05-15 13:41:28,667 [om1@group-C5BA1605619E-LeaderElection41] INFO  server.RaftServer$Division (ServerState.java:setRaftConf(387)) - om1@group-C5BA1605619E: set configuration 0: [om1|rpc:localhost:9872|admin:|client:|dataStream:|priority:0], old=null
2022-05-15 13:41:28,687 [om1@group-C5BA1605619E-SegmentedRaftLogWorker] INFO  segmented.SegmentedRaftLogWorker (SegmentedRaftLogWorker.java:execute(601)) - om1@group-C5BA1605619E-SegmentedRaftLogWorker: created new log segment /home/runner/work/ozone/ozone/hadoop-ozone/integration-test/target/test-dir/MiniOzoneClusterImpl-e86d4cca-927e-4c63-aa7c-55f5088052e8/ozone-meta/ratis/bf265839-605b-3f16-9796-c5ba1605619e/current/log_inprogress_0
2022-05-15 13:41:28,695 [om1@group-C5BA1605619E-StateMachineUpdater] INFO  ratis.OzoneManagerStateMachine (OzoneManagerStateMachine.java:notifyConfigurationChanged(191)) - Received Configuration change notification from Ratis. New Peer list:
[id: "om1"
address: "localhost:9872"
]
2022-05-15 13:41:28,745 [Listener at 127.0.0.1/44889] INFO  reflections.Reflections (Reflections.java:scan(232)) - Reflections took 145 ms to scan 7 urls, producing 126 keys and 289 values 
2022-05-15 13:41:28,746 [Listener at 127.0.0.1/44889] INFO  statemachine.DatanodeStateMachine (DatanodeStateMachine.java:getEndPointTaskThreadPoolSize(224)) - Datanode State Machine Task Thread Pool size 2
2022-05-15 13:41:28,749 [Listener at 127.0.0.1/44889] INFO  volume.HddsVolume (HddsVolume.java:<init>(120)) - Creating HddsVolume: /home/runner/work/ozone/ozone/hadoop-ozone/integration-test/target/test-dir/MiniOzoneClusterImpl-e86d4cca-927e-4c63-aa7c-55f5088052e8/datanode-1/data-0/containers/hdds of storage type : DISK capacity : 9223372036854775807
2022-05-15 13:41:28,749 [Listener at 127.0.0.1/44889] INFO  volume.MutableVolumeSet (MutableVolumeSet.java:initializeVolumeSet(168)) - Added Volume : /home/runner/work/ozone/ozone/hadoop-ozone/integration-test/target/test-dir/MiniOzoneClusterImpl-e86d4cca-927e-4c63-aa7c-55f5088052e8/datanode-1/data-0/containers/hdds to VolumeSet
2022-05-15 13:41:28,750 [Listener at 127.0.0.1/44889] INFO  volume.ThrottledAsyncChecker (ThrottledAsyncChecker.java:schedule(141)) - Scheduling a check for /home/runner/work/ozone/ozone/hadoop-ozone/integration-test/target/test-dir/MiniOzoneClusterImpl-e86d4cca-927e-4c63-aa7c-55f5088052e8/datanode-1/data-0/containers/hdds
2022-05-15 13:41:28,750 [Listener at 127.0.0.1/44889] INFO  volume.StorageVolumeChecker (StorageVolumeChecker.java:checkAllVolumes(202)) - Scheduled health check for volume /home/runner/work/ozone/ozone/hadoop-ozone/integration-test/target/test-dir/MiniOzoneClusterImpl-e86d4cca-927e-4c63-aa7c-55f5088052e8/datanode-1/data-0/containers/hdds
2022-05-15 13:41:28,815 [Listener at 127.0.0.1/44889] INFO  volume.MutableVolumeSet (MutableVolumeSet.java:initializeVolumeSet(168)) - Added Volume : /home/runner/work/ozone/ozone/hadoop-ozone/integration-test/target/test-dir/MiniOzoneClusterImpl-e86d4cca-927e-4c63-aa7c-55f5088052e8/datanode-1/data/ratis to VolumeSet
2022-05-15 13:41:28,816 [Listener at 127.0.0.1/44889] INFO  volume.ThrottledAsyncChecker (ThrottledAsyncChecker.java:schedule(141)) - Scheduling a check for /home/runner/work/ozone/ozone/hadoop-ozone/integration-test/target/test-dir/MiniOzoneClusterImpl-e86d4cca-927e-4c63-aa7c-55f5088052e8/datanode-1/data/ratis
2022-05-15 13:41:28,816 [Listener at 127.0.0.1/44889] INFO  volume.StorageVolumeChecker (StorageVolumeChecker.java:checkAllVolumes(202)) - Scheduled health check for volume /home/runner/work/ozone/ozone/hadoop-ozone/integration-test/target/test-dir/MiniOzoneClusterImpl-e86d4cca-927e-4c63-aa7c-55f5088052e8/datanode-1/data/ratis
2022-05-15 13:41:28,826 [Thread-743] INFO  ozoneimpl.ContainerReader (ContainerReader.java:readVolume(172)) - Finish verifying containers on volume /home/runner/work/ozone/ozone/hadoop-ozone/integration-test/target/test-dir/MiniOzoneClusterImpl-e86d4cca-927e-4c63-aa7c-55f5088052e8/datanode-1/data-0/containers/hdds
2022-05-15 13:41:28,826 [Listener at 127.0.0.1/44889] INFO  ozoneimpl.OzoneContainer (OzoneContainer.java:buildContainerSet(257)) - Build ContainerSet costs 0s
2022-05-15 13:41:28,828 [Listener at 127.0.0.1/44889] INFO  server.RaftServer (ConfUtils.java:logGet(44)) - raft.rpc.type = GRPC (default)
2022-05-15 13:41:28,828 [Listener at 127.0.0.1/44889] INFO  grpc.GrpcFactory (GrpcFactory.java:checkPooledByteBufAllocatorUseCacheForAllThreads(48)) - PERFORMANCE WARNING: useCacheForAllThreads is true that may cause Netty to create a lot garbage objects and, as a result, trigger GC.
	It is recommended to disable useCacheForAllThreads by setting -Dorg.apache.ratis.thirdparty.io.netty.allocator.useCacheForAllThreads=false in command line.
2022-05-15 13:41:28,829 [Listener at 127.0.0.1/44889] INFO  grpc.GrpcConfigKeys (ConfUtils.java:logGet(44)) - raft.grpc.admin.port = 0 (custom)
2022-05-15 13:41:28,829 [Listener at 127.0.0.1/44889] INFO  grpc.GrpcConfigKeys (ConfUtils.java:logGet(44)) - raft.grpc.client.port = 0 (custom)
2022-05-15 13:41:28,829 [Listener at 127.0.0.1/44889] INFO  grpc.GrpcConfigKeys (ConfUtils.java:logGet(44)) - raft.grpc.server.port = 0 (default)
2022-05-15 13:41:28,829 [Listener at 127.0.0.1/44889] INFO  server.GrpcService (ConfUtils.java:logGet(44)) - raft.grpc.message.size.max = 32MB (=33554432) (custom)
2022-05-15 13:41:28,829 [Listener at 127.0.0.1/44889] INFO  server.RaftServerConfigKeys (ConfUtils.java:logGet(44)) - raft.server.log.appender.buffer.byte-limit = 33554432 (custom)
2022-05-15 13:41:28,829 [Listener at 127.0.0.1/44889] INFO  server.GrpcService (ConfUtils.java:logGet(44)) - raft.grpc.flow.control.window = 5MB (=5242880) (custom)
2022-05-15 13:41:28,829 [Listener at 127.0.0.1/44889] INFO  server.RaftServerConfigKeys (ConfUtils.java:logGet(44)) - raft.server.rpc.request.timeout = 60s (custom)
2022-05-15 13:41:28,830 [Listener at 127.0.0.1/44889] INFO  impl.DataStreamServerImpl (ConfUtils.java:logGet(44)) - raft.datastream.type = DISABLED (default)
2022-05-15 13:41:28,831 [Listener at 127.0.0.1/44889] INFO  server.RaftServerConfigKeys (ConfUtils.java:logGet(44)) - raft.server.rpc.slowness.timeout = 300s (custom)
2022-05-15 13:41:28,831 [Listener at 127.0.0.1/44889] INFO  server.RaftServerConfigKeys (ConfUtils.java:logGet(44)) - raft.server.leaderelection.leader.step-down.wait-time = 10s (default)
2022-05-15 13:41:28,831 [Listener at 127.0.0.1/44889] INFO  server.RaftServerConfigKeys (ConfUtils.java:logGet(44)) - raft.server.storage.dir = [/home/runner/work/ozone/ozone/hadoop-ozone/integration-test/target/test-dir/MiniOzoneClusterImpl-e86d4cca-927e-4c63-aa7c-55f5088052e8/datanode-1/data/ratis] (custom)
2022-05-15 13:41:28,832 [Listener at 127.0.0.1/44889] INFO  server.XceiverServerGrpc (XceiverServerGrpc.java:<init>(132)) - GrpcServer channel type EpollServerSocketChannel
2022-05-15 13:41:28,842 [Listener at 127.0.0.1/44889] INFO  http.BaseHttpServer (BaseHttpServer.java:newHttpServer2BuilderForOzone(209)) - Starting Web-server for hddsDatanode at: http://0.0.0.0:0
2022-05-15 13:41:28,842 [Listener at 127.0.0.1/44889] INFO  http.BaseHttpServer (BaseHttpServer.java:<init>(107)) - Hadoop Security Enabled: false Ozone Security Enabled: false Ozone HTTP Security Enabled: false 
2022-05-15 13:41:28,843 [Listener at 127.0.0.1/44889] INFO  server.AuthenticationFilter (AuthenticationFilter.java:constructSecretProvider(240)) - Unable to initialize FileSignerSecretProvider, falling back to use random secrets.
2022-05-15 13:41:28,850 [Listener at 127.0.0.1/44889] WARN  http.HttpRequestLog (HttpRequestLog.java:getRequestLog(103)) - Jetty request log can only be enabled using Log4j
2022-05-15 13:41:28,851 [Listener at 127.0.0.1/44889] INFO  http.HttpServer2 (HttpServer2.java:addGlobalFilter(1030)) - Added global filter 'safety' (class=org.apache.hadoop.hdds.server.http.HttpServer2$QuotingInputFilter)
2022-05-15 13:41:28,851 [Listener at 127.0.0.1/44889] INFO  http.HttpServer2 (HttpServer2.java:addFilter(1006)) - Added filter static_user_filter (class=org.apache.hadoop.http.lib.StaticUserWebFilter$StaticUserFilter) to context hddsDatanode
2022-05-15 13:41:28,852 [Listener at 127.0.0.1/44889] INFO  http.HttpServer2 (HttpServer2.java:addFilter(1014)) - Added filter static_user_filter (class=org.apache.hadoop.http.lib.StaticUserWebFilter$StaticUserFilter) to context static
2022-05-15 13:41:28,852 [Listener at 127.0.0.1/44889] INFO  http.HttpServer2 (HttpServer2.java:addFilter(1014)) - Added filter static_user_filter (class=org.apache.hadoop.http.lib.StaticUserWebFilter$StaticUserFilter) to context logs
2022-05-15 13:41:28,852 [Listener at 127.0.0.1/44889] INFO  http.HttpServer2 (HttpServer2.java:bindListener(1249)) - Jetty bound to port 39019
2022-05-15 13:41:28,852 [Listener at 127.0.0.1/44889] INFO  server.Server (Server.java:doStart(375)) - jetty-9.4.43.v20210629; built: 2021-06-30T11:07:22.254Z; git: 526006ecfa3af7f1a27ef3a288e2bef7ea9dd7e8; jvm 1.8.0_332-b09
2022-05-15 13:41:28,854 [Listener at 127.0.0.1/44889] INFO  server.session (DefaultSessionIdManager.java:doStart(334)) - DefaultSessionIdManager workerName=node0
2022-05-15 13:41:28,854 [Listener at 127.0.0.1/44889] INFO  server.session (DefaultSessionIdManager.java:doStart(339)) - No SessionScavenger set, using defaults
2022-05-15 13:41:28,854 [Listener at 127.0.0.1/44889] INFO  server.session (HouseKeeper.java:startScavenging(132)) - node0 Scavenging every 660000ms
2022-05-15 13:41:28,875 [Listener at 127.0.0.1/44889] INFO  handler.ContextHandler (ContextHandler.java:doStart(915)) - Started o.e.j.s.ServletContextHandler@3ba46dd7{logs,/logs,file:///home/runner/work/ozone/ozone/hadoop-ozone/integration-test/target/log,AVAILABLE}
2022-05-15 13:41:28,875 [Listener at 127.0.0.1/44889] INFO  handler.ContextHandler (ContextHandler.java:doStart(915)) - Started o.e.j.s.ServletContextHandler@19781ca8{static,/static,jar:file:/home/runner/.m2/repository/org/apache/ozone/hdds-container-service/1.3.0-SNAPSHOT/hdds-container-service-1.3.0-SNAPSHOT.jar!/webapps/static,AVAILABLE}
2022-05-15 13:41:29,117 [Listener at 127.0.0.1/44889] INFO  handler.ContextHandler (ContextHandler.java:doStart(915)) - Started o.e.j.w.WebAppContext@27f3c057{hddsDatanode,/,file:///tmp/jetty-0_0_0_0-39019-hdds-container-service-1_3_0-SNAPSHOT_jar-_-any-8972543285950459814/webapp/,AVAILABLE}{jar:file:/home/runner/.m2/repository/org/apache/ozone/hdds-container-service/1.3.0-SNAPSHOT/hdds-container-service-1.3.0-SNAPSHOT.jar!/webapps/hddsDatanode}
2022-05-15 13:41:29,129 [Listener at 127.0.0.1/44889] INFO  server.AbstractConnector (AbstractConnector.java:doStart(331)) - Started ServerConnector@395272b8{HTTP/1.1, (http/1.1)}{0.0.0.0:39019}
2022-05-15 13:41:29,130 [Listener at 127.0.0.1/44889] INFO  server.Server (Server.java:doStart(415)) - Started @113244ms
2022-05-15 13:41:29,130 [Listener at 127.0.0.1/44889] WARN  impl.MetricsSystemImpl (MetricsSystemImpl.java:register(279)) - Sink prometheus already exists!
2022-05-15 13:41:29,130 [Listener at 127.0.0.1/44889] INFO  http.BaseHttpServer (BaseHttpServer.java:updateConnectorAddress(329)) - HTTP server of hddsDatanode listening at http://0.0.0.0:39019
2022-05-15 13:41:29,132 [Listener at 127.0.0.1/44889] WARN  impl.MetricRegistriesImpl (MetricRegistriesImpl.java:addReporterRegistration(111)) - New reporters are added after registries were created. Some metrics will be missing from the reporter. Please add reporter before adding any new registry.
2022-05-15 13:41:29,132 [Listener at 127.0.0.1/44889] WARN  impl.MetricRegistriesImpl (MetricRegistriesImpl.java:addReporterRegistration(111)) - New reporters are added after registries were created. Some metrics will be missing from the reporter. Please add reporter before adding any new registry.
2022-05-15 13:41:29,132 [Listener at 127.0.0.1/44889] INFO  impl.MetricsSystemImpl (MetricsSystemImpl.java:init(158)) - HddsDatanode metrics system started (again)
2022-05-15 13:41:29,142 [Datanode State Machine Daemon Thread] INFO  statemachine.DatanodeStateMachine (DatanodeStateMachine.java:lambda$startDaemon$0(472)) - Ozone container server started.
2022-05-15 13:41:29,165 [Listener at 127.0.0.1/44889] INFO  ozone.HddsDatanodeService (HddsDatanodeService.java:start(236)) - HddsDatanodeService host:fv-az40-973.r1qzdtoifymehf5jtx2d0vwyfg.bx.internal.cloudapp.net ip:10.1.0.20
2022-05-15 13:41:29,170 [org.apache.hadoop.util.JvmPauseMonitor$Monitor@7cac991b] INFO  util.JvmPauseMonitor (JvmPauseMonitor.java:run(188)) - Starting JVM pause monitor
2022-05-15 13:41:29,208 [Datanode State Machine Task Thread - 0] INFO  datanode.InitDatanodeState (InitDatanodeState.java:persistContainerDatanodeDetails(138)) - DatanodeDetails is persisted to /home/runner/work/ozone/ozone/hadoop-ozone/integration-test/target/test-dir/MiniOzoneClusterImpl-e86d4cca-927e-4c63-aa7c-55f5088052e8/datanode-1/meta/datanode.id
2022-05-15 13:41:29,222 [Listener at 127.0.0.1/44889] INFO  upgrade.AbstractLayoutVersionManager (AbstractLayoutVersionManager.java:init(79)) - Initializing Layout version manager with metadata layout = ERASURE_CODED_STORAGE_SUPPORT (version = 3), software layout = ERASURE_CODED_STORAGE_SUPPORT (version = 3)
2022-05-15 13:41:29,332 [Listener at 127.0.0.1/44889] INFO  reflections.Reflections (Reflections.java:scan(232)) - Reflections took 97 ms to scan 7 urls, producing 126 keys and 289 values 
2022-05-15 13:41:29,334 [Listener at 127.0.0.1/44889] INFO  statemachine.DatanodeStateMachine (DatanodeStateMachine.java:getEndPointTaskThreadPoolSize(224)) - Datanode State Machine Task Thread Pool size 2
2022-05-15 13:41:29,364 [Listener at 127.0.0.1/44889] INFO  volume.HddsVolume (HddsVolume.java:<init>(120)) - Creating HddsVolume: /home/runner/work/ozone/ozone/hadoop-ozone/integration-test/target/test-dir/MiniOzoneClusterImpl-e86d4cca-927e-4c63-aa7c-55f5088052e8/datanode-2/data-0/containers/hdds of storage type : DISK capacity : 9223372036854775807
2022-05-15 13:41:29,364 [Listener at 127.0.0.1/44889] INFO  volume.MutableVolumeSet (MutableVolumeSet.java:initializeVolumeSet(168)) - Added Volume : /home/runner/work/ozone/ozone/hadoop-ozone/integration-test/target/test-dir/MiniOzoneClusterImpl-e86d4cca-927e-4c63-aa7c-55f5088052e8/datanode-2/data-0/containers/hdds to VolumeSet
2022-05-15 13:41:29,364 [Listener at 127.0.0.1/44889] INFO  volume.ThrottledAsyncChecker (ThrottledAsyncChecker.java:schedule(141)) - Scheduling a check for /home/runner/work/ozone/ozone/hadoop-ozone/integration-test/target/test-dir/MiniOzoneClusterImpl-e86d4cca-927e-4c63-aa7c-55f5088052e8/datanode-2/data-0/containers/hdds
2022-05-15 13:41:29,370 [Listener at 127.0.0.1/44889] INFO  volume.StorageVolumeChecker (StorageVolumeChecker.java:checkAllVolumes(202)) - Scheduled health check for volume /home/runner/work/ozone/ozone/hadoop-ozone/integration-test/target/test-dir/MiniOzoneClusterImpl-e86d4cca-927e-4c63-aa7c-55f5088052e8/datanode-2/data-0/containers/hdds
2022-05-15 13:41:29,395 [Listener at 127.0.0.1/44889] INFO  volume.MutableVolumeSet (MutableVolumeSet.java:initializeVolumeSet(168)) - Added Volume : /home/runner/work/ozone/ozone/hadoop-ozone/integration-test/target/test-dir/MiniOzoneClusterImpl-e86d4cca-927e-4c63-aa7c-55f5088052e8/datanode-2/data/ratis to VolumeSet
2022-05-15 13:41:29,395 [Listener at 127.0.0.1/44889] INFO  volume.ThrottledAsyncChecker (ThrottledAsyncChecker.java:schedule(141)) - Scheduling a check for /home/runner/work/ozone/ozone/hadoop-ozone/integration-test/target/test-dir/MiniOzoneClusterImpl-e86d4cca-927e-4c63-aa7c-55f5088052e8/datanode-2/data/ratis
2022-05-15 13:41:29,395 [Listener at 127.0.0.1/44889] INFO  volume.StorageVolumeChecker (StorageVolumeChecker.java:checkAllVolumes(202)) - Scheduled health check for volume /home/runner/work/ozone/ozone/hadoop-ozone/integration-test/target/test-dir/MiniOzoneClusterImpl-e86d4cca-927e-4c63-aa7c-55f5088052e8/datanode-2/data/ratis
2022-05-15 13:41:29,450 [Thread-755] INFO  ozoneimpl.ContainerReader (ContainerReader.java:readVolume(172)) - Finish verifying containers on volume /home/runner/work/ozone/ozone/hadoop-ozone/integration-test/target/test-dir/MiniOzoneClusterImpl-e86d4cca-927e-4c63-aa7c-55f5088052e8/datanode-2/data-0/containers/hdds
2022-05-15 13:41:29,451 [Listener at 127.0.0.1/44889] INFO  ozoneimpl.OzoneContainer (OzoneContainer.java:buildContainerSet(257)) - Build ContainerSet costs 0s
2022-05-15 13:41:29,461 [Listener at 127.0.0.1/44889] INFO  server.RaftServer (ConfUtils.java:logGet(44)) - raft.rpc.type = GRPC (default)
2022-05-15 13:41:29,461 [Listener at 127.0.0.1/44889] INFO  grpc.GrpcFactory (GrpcFactory.java:checkPooledByteBufAllocatorUseCacheForAllThreads(48)) - PERFORMANCE WARNING: useCacheForAllThreads is true that may cause Netty to create a lot garbage objects and, as a result, trigger GC.
	It is recommended to disable useCacheForAllThreads by setting -Dorg.apache.ratis.thirdparty.io.netty.allocator.useCacheForAllThreads=false in command line.
2022-05-15 13:41:29,461 [Listener at 127.0.0.1/44889] INFO  grpc.GrpcConfigKeys (ConfUtils.java:logGet(44)) - raft.grpc.admin.port = 0 (custom)
2022-05-15 13:41:29,461 [Listener at 127.0.0.1/44889] INFO  grpc.GrpcConfigKeys (ConfUtils.java:logGet(44)) - raft.grpc.client.port = 0 (custom)
2022-05-15 13:41:29,462 [Listener at 127.0.0.1/44889] INFO  grpc.GrpcConfigKeys (ConfUtils.java:logGet(44)) - raft.grpc.server.port = 0 (default)
2022-05-15 13:41:29,462 [Listener at 127.0.0.1/44889] INFO  server.GrpcService (ConfUtils.java:logGet(44)) - raft.grpc.message.size.max = 32MB (=33554432) (custom)
2022-05-15 13:41:29,462 [Listener at 127.0.0.1/44889] INFO  server.RaftServerConfigKeys (ConfUtils.java:logGet(44)) - raft.server.log.appender.buffer.byte-limit = 33554432 (custom)
2022-05-15 13:41:29,462 [Listener at 127.0.0.1/44889] INFO  server.GrpcService (ConfUtils.java:logGet(44)) - raft.grpc.flow.control.window = 5MB (=5242880) (custom)
2022-05-15 13:41:29,462 [Listener at 127.0.0.1/44889] INFO  server.RaftServerConfigKeys (ConfUtils.java:logGet(44)) - raft.server.rpc.request.timeout = 60s (custom)
2022-05-15 13:41:29,463 [Listener at 127.0.0.1/44889] INFO  impl.DataStreamServerImpl (ConfUtils.java:logGet(44)) - raft.datastream.type = DISABLED (default)
2022-05-15 13:41:29,463 [Listener at 127.0.0.1/44889] INFO  server.RaftServerConfigKeys (ConfUtils.java:logGet(44)) - raft.server.rpc.slowness.timeout = 300s (custom)
2022-05-15 13:41:29,463 [Listener at 127.0.0.1/44889] INFO  server.RaftServerConfigKeys (ConfUtils.java:logGet(44)) - raft.server.leaderelection.leader.step-down.wait-time = 10s (default)
2022-05-15 13:41:29,464 [Listener at 127.0.0.1/44889] INFO  server.RaftServerConfigKeys (ConfUtils.java:logGet(44)) - raft.server.storage.dir = [/home/runner/work/ozone/ozone/hadoop-ozone/integration-test/target/test-dir/MiniOzoneClusterImpl-e86d4cca-927e-4c63-aa7c-55f5088052e8/datanode-2/data/ratis] (custom)
2022-05-15 13:41:29,465 [Listener at 127.0.0.1/44889] INFO  server.XceiverServerGrpc (XceiverServerGrpc.java:<init>(132)) - GrpcServer channel type EpollServerSocketChannel
2022-05-15 13:41:29,507 [Listener at 127.0.0.1/44889] INFO  http.BaseHttpServer (BaseHttpServer.java:newHttpServer2BuilderForOzone(209)) - Starting Web-server for hddsDatanode at: http://0.0.0.0:0
2022-05-15 13:41:29,508 [Listener at 127.0.0.1/44889] INFO  http.BaseHttpServer (BaseHttpServer.java:<init>(107)) - Hadoop Security Enabled: false Ozone Security Enabled: false Ozone HTTP Security Enabled: false 
2022-05-15 13:41:29,508 [Listener at 127.0.0.1/44889] INFO  server.AuthenticationFilter (AuthenticationFilter.java:constructSecretProvider(240)) - Unable to initialize FileSignerSecretProvider, falling back to use random secrets.
2022-05-15 13:41:29,518 [Listener at 127.0.0.1/44889] WARN  http.HttpRequestLog (HttpRequestLog.java:getRequestLog(103)) - Jetty request log can only be enabled using Log4j
2022-05-15 13:41:29,519 [Listener at 127.0.0.1/44889] INFO  http.HttpServer2 (HttpServer2.java:addGlobalFilter(1030)) - Added global filter 'safety' (class=org.apache.hadoop.hdds.server.http.HttpServer2$QuotingInputFilter)
2022-05-15 13:41:29,520 [Listener at 127.0.0.1/44889] INFO  http.HttpServer2 (HttpServer2.java:addFilter(1006)) - Added filter static_user_filter (class=org.apache.hadoop.http.lib.StaticUserWebFilter$StaticUserFilter) to context hddsDatanode
2022-05-15 13:41:29,520 [Listener at 127.0.0.1/44889] INFO  http.HttpServer2 (HttpServer2.java:addFilter(1014)) - Added filter static_user_filter (class=org.apache.hadoop.http.lib.StaticUserWebFilter$StaticUserFilter) to context logs
2022-05-15 13:41:29,520 [Listener at 127.0.0.1/44889] INFO  http.HttpServer2 (HttpServer2.java:addFilter(1014)) - Added filter static_user_filter (class=org.apache.hadoop.http.lib.StaticUserWebFilter$StaticUserFilter) to context static
2022-05-15 13:41:29,520 [Listener at 127.0.0.1/44889] INFO  http.HttpServer2 (HttpServer2.java:bindListener(1249)) - Jetty bound to port 43291
2022-05-15 13:41:29,520 [Listener at 127.0.0.1/44889] INFO  server.Server (Server.java:doStart(375)) - jetty-9.4.43.v20210629; built: 2021-06-30T11:07:22.254Z; git: 526006ecfa3af7f1a27ef3a288e2bef7ea9dd7e8; jvm 1.8.0_332-b09
2022-05-15 13:41:29,582 [Listener at 127.0.0.1/44889] INFO  server.session (DefaultSessionIdManager.java:doStart(334)) - DefaultSessionIdManager workerName=node0
2022-05-15 13:41:29,583 [Listener at 127.0.0.1/44889] INFO  server.session (DefaultSessionIdManager.java:doStart(339)) - No SessionScavenger set, using defaults
2022-05-15 13:41:29,583 [Listener at 127.0.0.1/44889] INFO  server.session (HouseKeeper.java:startScavenging(132)) - node0 Scavenging every 600000ms
2022-05-15 13:41:29,588 [Listener at 127.0.0.1/44889] INFO  handler.ContextHandler (ContextHandler.java:doStart(915)) - Started o.e.j.s.ServletContextHandler@5d2ded{logs,/logs,file:///home/runner/work/ozone/ozone/hadoop-ozone/integration-test/target/log,AVAILABLE}
2022-05-15 13:41:29,588 [Listener at 127.0.0.1/44889] INFO  handler.ContextHandler (ContextHandler.java:doStart(915)) - Started o.e.j.s.ServletContextHandler@3c927907{static,/static,jar:file:/home/runner/.m2/repository/org/apache/ozone/hdds-container-service/1.3.0-SNAPSHOT/hdds-container-service-1.3.0-SNAPSHOT.jar!/webapps/static,AVAILABLE}
2022-05-15 13:41:30,070 [Listener at 127.0.0.1/44889] INFO  handler.ContextHandler (ContextHandler.java:doStart(915)) - Started o.e.j.w.WebAppContext@5d9d1953{hddsDatanode,/,file:///tmp/jetty-0_0_0_0-43291-hdds-container-service-1_3_0-SNAPSHOT_jar-_-any-2396591118645039094/webapp/,AVAILABLE}{jar:file:/home/runner/.m2/repository/org/apache/ozone/hdds-container-service/1.3.0-SNAPSHOT/hdds-container-service-1.3.0-SNAPSHOT.jar!/webapps/hddsDatanode}
2022-05-15 13:41:30,099 [Listener at 127.0.0.1/44889] INFO  server.AbstractConnector (AbstractConnector.java:doStart(331)) - Started ServerConnector@e48dfaf{HTTP/1.1, (http/1.1)}{0.0.0.0:43291}
2022-05-15 13:41:30,099 [Listener at 127.0.0.1/44889] INFO  server.Server (Server.java:doStart(415)) - Started @114214ms
2022-05-15 13:41:30,099 [Listener at 127.0.0.1/44889] WARN  impl.MetricsSystemImpl (MetricsSystemImpl.java:register(279)) - Sink prometheus already exists!
2022-05-15 13:41:30,100 [Listener at 127.0.0.1/44889] INFO  http.BaseHttpServer (BaseHttpServer.java:updateConnectorAddress(329)) - HTTP server of hddsDatanode listening at http://0.0.0.0:43291
2022-05-15 13:41:30,110 [Listener at 127.0.0.1/44889] INFO  ozone.MiniOzoneClusterImpl (MiniOzoneClusterImpl.java:lambda$waitForClusterToBeReady$0(221)) - Waiting for nodes to be ready. Got 0 of 3 DN Heartbeats.
2022-05-15 13:41:30,111 [Listener at 127.0.0.1/44889] INFO  ozone.MiniOzoneClusterImpl (MiniOzoneClusterImpl.java:lambda$waitForClusterToBeReady$0(224)) - Waiting for cluster to exit safe mode
2022-05-15 13:41:30,111 [Listener at 127.0.0.1/44889] INFO  ozone.MiniOzoneClusterImpl (MiniOzoneClusterImpl.java:lambda$waitForClusterToBeReady$0(226)) - SCM became leader
2022-05-15 13:41:30,111 [Datanode State Machine Daemon Thread] INFO  statemachine.DatanodeStateMachine (DatanodeStateMachine.java:lambda$startDaemon$0(472)) - Ozone container server started.
2022-05-15 13:41:30,182 [org.apache.hadoop.util.JvmPauseMonitor$Monitor@7d39b433] INFO  util.JvmPauseMonitor (JvmPauseMonitor.java:run(188)) - Starting JVM pause monitor
2022-05-15 13:41:30,196 [Datanode State Machine Task Thread - 0] INFO  datanode.InitDatanodeState (InitDatanodeState.java:persistContainerDatanodeDetails(138)) - DatanodeDetails is persisted to /home/runner/work/ozone/ozone/hadoop-ozone/integration-test/target/test-dir/MiniOzoneClusterImpl-e86d4cca-927e-4c63-aa7c-55f5088052e8/datanode-2/meta/datanode.id
2022-05-15 13:41:30,662 [EndpointStateMachine task thread for /0.0.0.0:45279 - 0 ] INFO  ozoneimpl.OzoneContainer (OzoneContainer.java:start(335)) - Attempting to start container services.
2022-05-15 13:41:30,662 [EndpointStateMachine task thread for /0.0.0.0:45279 - 0 ] INFO  ozoneimpl.OzoneContainer (OzoneContainer.java:startContainerScrub(270)) - Background container scanner has been disabled.
2022-05-15 13:41:30,663 [EndpointStateMachine task thread for /0.0.0.0:45279 - 0 ] INFO  replication.ReplicationServer (ReplicationServer.java:start(111)) - ReplicationServer is started using port 46455
2022-05-15 13:41:30,664 [EndpointStateMachine task thread for /0.0.0.0:45279 - 0 ] INFO  ratis.XceiverServerRatis (XceiverServerRatis.java:start(481)) - Starting XceiverServerRatis 62110aa0-c05a-4ca3-9370-20a62204988f
2022-05-15 13:41:30,670 [EndpointStateMachine task thread for /0.0.0.0:45279 - 0 ] INFO  server.RaftServer (RaftServerProxy.java:lambda$start$5(374)) - 62110aa0-c05a-4ca3-9370-20a62204988f: start RPC server
2022-05-15 13:41:30,677 [EndpointStateMachine task thread for /0.0.0.0:45279 - 0 ] INFO  server.GrpcService (GrpcService.java:startImpl(253)) - 62110aa0-c05a-4ca3-9370-20a62204988f: GrpcService started, listening on 35533
2022-05-15 13:41:30,686 [EndpointStateMachine task thread for /0.0.0.0:45279 - 0 ] INFO  ratis.XceiverServerRatis (XceiverServerRatis.java:getRealPort(502)) - XceiverServerRatis 62110aa0-c05a-4ca3-9370-20a62204988f is started using port 35533 for RATIS
2022-05-15 13:41:30,686 [EndpointStateMachine task thread for /0.0.0.0:45279 - 0 ] INFO  ratis.XceiverServerRatis (XceiverServerRatis.java:getRealPort(502)) - XceiverServerRatis 62110aa0-c05a-4ca3-9370-20a62204988f is started using port 35533 for RATIS_ADMIN
2022-05-15 13:41:30,686 [EndpointStateMachine task thread for /0.0.0.0:45279 - 0 ] INFO  ratis.XceiverServerRatis (XceiverServerRatis.java:getRealPort(502)) - XceiverServerRatis 62110aa0-c05a-4ca3-9370-20a62204988f is started using port 35533 for RATIS_SERVER
2022-05-15 13:41:30,687 [org.apache.ratis.util.JvmPauseMonitor$$Lambda$622/1489821748@1f829ef2] INFO  util.JvmPauseMonitor (JvmPauseMonitor.java:run(103)) - JvmPauseMonitor-62110aa0-c05a-4ca3-9370-20a62204988f: Started
2022-05-15 13:41:30,687 [EndpointStateMachine task thread for /0.0.0.0:45279 - 0 ] INFO  server.XceiverServerGrpc (XceiverServerGrpc.java:start(180)) - XceiverServerGrpc 62110aa0-c05a-4ca3-9370-20a62204988f is started using port 42089
2022-05-15 13:41:31,111 [Listener at 127.0.0.1/44889] INFO  ozone.MiniOzoneClusterImpl (MiniOzoneClusterImpl.java:lambda$waitForClusterToBeReady$0(221)) - Waiting for nodes to be ready. Got 0 of 3 DN Heartbeats.
2022-05-15 13:41:31,111 [Listener at 127.0.0.1/44889] INFO  ozone.MiniOzoneClusterImpl (MiniOzoneClusterImpl.java:lambda$waitForClusterToBeReady$0(224)) - Waiting for cluster to exit safe mode
2022-05-15 13:41:31,111 [Listener at 127.0.0.1/44889] INFO  ozone.MiniOzoneClusterImpl (MiniOzoneClusterImpl.java:lambda$waitForClusterToBeReady$0(226)) - SCM became leader
2022-05-15 13:41:31,201 [EndpointStateMachine task thread for /0.0.0.0:45279 - 0 ] INFO  ozoneimpl.OzoneContainer (OzoneContainer.java:start(335)) - Attempting to start container services.
2022-05-15 13:41:31,201 [EndpointStateMachine task thread for /0.0.0.0:45279 - 0 ] INFO  ozoneimpl.OzoneContainer (OzoneContainer.java:startContainerScrub(270)) - Background container scanner has been disabled.
2022-05-15 13:41:31,201 [EndpointStateMachine task thread for /0.0.0.0:45279 - 0 ] INFO  replication.ReplicationServer (ReplicationServer.java:start(111)) - ReplicationServer is started using port 40617
2022-05-15 13:41:31,203 [EndpointStateMachine task thread for /0.0.0.0:45279 - 0 ] INFO  ratis.XceiverServerRatis (XceiverServerRatis.java:start(481)) - Starting XceiverServerRatis af85fa71-cc4a-45b4-bde1-582dc540ff8f
2022-05-15 13:41:31,234 [EndpointStateMachine task thread for /0.0.0.0:45279 - 0 ] INFO  server.RaftServer (RaftServerProxy.java:lambda$start$5(374)) - af85fa71-cc4a-45b4-bde1-582dc540ff8f: start RPC server
2022-05-15 13:41:31,242 [EndpointStateMachine task thread for /0.0.0.0:45279 - 0 ] INFO  server.GrpcService (GrpcService.java:startImpl(253)) - af85fa71-cc4a-45b4-bde1-582dc540ff8f: GrpcService started, listening on 34911
2022-05-15 13:41:31,250 [EndpointStateMachine task thread for /0.0.0.0:45279 - 0 ] INFO  ratis.XceiverServerRatis (XceiverServerRatis.java:getRealPort(502)) - XceiverServerRatis af85fa71-cc4a-45b4-bde1-582dc540ff8f is started using port 34911 for RATIS
2022-05-15 13:41:31,250 [EndpointStateMachine task thread for /0.0.0.0:45279 - 0 ] INFO  ratis.XceiverServerRatis (XceiverServerRatis.java:getRealPort(502)) - XceiverServerRatis af85fa71-cc4a-45b4-bde1-582dc540ff8f is started using port 34911 for RATIS_ADMIN
2022-05-15 13:41:31,250 [EndpointStateMachine task thread for /0.0.0.0:45279 - 0 ] INFO  ratis.XceiverServerRatis (XceiverServerRatis.java:getRealPort(502)) - XceiverServerRatis af85fa71-cc4a-45b4-bde1-582dc540ff8f is started using port 34911 for RATIS_SERVER
2022-05-15 13:41:31,251 [org.apache.ratis.util.JvmPauseMonitor$$Lambda$622/1489821748@4f064c76] INFO  util.JvmPauseMonitor (JvmPauseMonitor.java:run(103)) - JvmPauseMonitor-af85fa71-cc4a-45b4-bde1-582dc540ff8f: Started
2022-05-15 13:41:31,252 [EndpointStateMachine task thread for /0.0.0.0:45279 - 0 ] INFO  server.XceiverServerGrpc (XceiverServerGrpc.java:start(180)) - XceiverServerGrpc af85fa71-cc4a-45b4-bde1-582dc540ff8f is started using port 37043
2022-05-15 13:41:32,112 [Listener at 127.0.0.1/44889] INFO  ozone.MiniOzoneClusterImpl (MiniOzoneClusterImpl.java:lambda$waitForClusterToBeReady$0(221)) - Waiting for nodes to be ready. Got 0 of 3 DN Heartbeats.
2022-05-15 13:41:32,112 [Listener at 127.0.0.1/44889] INFO  ozone.MiniOzoneClusterImpl (MiniOzoneClusterImpl.java:lambda$waitForClusterToBeReady$0(224)) - Waiting for cluster to exit safe mode
2022-05-15 13:41:32,112 [Listener at 127.0.0.1/44889] INFO  ozone.MiniOzoneClusterImpl (MiniOzoneClusterImpl.java:lambda$waitForClusterToBeReady$0(226)) - SCM became leader
2022-05-15 13:41:32,197 [EndpointStateMachine task thread for /0.0.0.0:45279 - 0 ] INFO  ozoneimpl.OzoneContainer (OzoneContainer.java:start(335)) - Attempting to start container services.
2022-05-15 13:41:32,197 [EndpointStateMachine task thread for /0.0.0.0:45279 - 0 ] INFO  ozoneimpl.OzoneContainer (OzoneContainer.java:startContainerScrub(270)) - Background container scanner has been disabled.
2022-05-15 13:41:32,198 [EndpointStateMachine task thread for /0.0.0.0:45279 - 0 ] INFO  replication.ReplicationServer (ReplicationServer.java:start(111)) - ReplicationServer is started using port 37679
2022-05-15 13:41:32,198 [EndpointStateMachine task thread for /0.0.0.0:45279 - 0 ] INFO  ratis.XceiverServerRatis (XceiverServerRatis.java:start(481)) - Starting XceiverServerRatis 973cc8cb-e509-4233-af3a-79f51edd0087
2022-05-15 13:41:32,214 [EndpointStateMachine task thread for /0.0.0.0:45279 - 0 ] INFO  server.RaftServer (RaftServerProxy.java:lambda$start$5(374)) - 973cc8cb-e509-4233-af3a-79f51edd0087: start RPC server
2022-05-15 13:41:32,218 [EndpointStateMachine task thread for /0.0.0.0:45279 - 0 ] INFO  server.GrpcService (GrpcService.java:startImpl(253)) - 973cc8cb-e509-4233-af3a-79f51edd0087: GrpcService started, listening on 40659
2022-05-15 13:41:32,242 [EndpointStateMachine task thread for /0.0.0.0:45279 - 0 ] INFO  ratis.XceiverServerRatis (XceiverServerRatis.java:getRealPort(502)) - XceiverServerRatis 973cc8cb-e509-4233-af3a-79f51edd0087 is started using port 40659 for RATIS
2022-05-15 13:41:32,242 [org.apache.ratis.util.JvmPauseMonitor$$Lambda$622/1489821748@7e7a4340] INFO  util.JvmPauseMonitor (JvmPauseMonitor.java:run(103)) - JvmPauseMonitor-973cc8cb-e509-4233-af3a-79f51edd0087: Started
2022-05-15 13:41:32,242 [EndpointStateMachine task thread for /0.0.0.0:45279 - 0 ] INFO  ratis.XceiverServerRatis (XceiverServerRatis.java:getRealPort(502)) - XceiverServerRatis 973cc8cb-e509-4233-af3a-79f51edd0087 is started using port 40659 for RATIS_ADMIN
2022-05-15 13:41:32,243 [EndpointStateMachine task thread for /0.0.0.0:45279 - 0 ] INFO  ratis.XceiverServerRatis (XceiverServerRatis.java:getRealPort(502)) - XceiverServerRatis 973cc8cb-e509-4233-af3a-79f51edd0087 is started using port 40659 for RATIS_SERVER
2022-05-15 13:41:32,255 [EndpointStateMachine task thread for /0.0.0.0:45279 - 0 ] INFO  server.XceiverServerGrpc (XceiverServerGrpc.java:start(180)) - XceiverServerGrpc 973cc8cb-e509-4233-af3a-79f51edd0087 is started using port 40827
2022-05-15 13:41:32,596 [IPC Server handler 7 on default port 45279] INFO  net.NetworkTopologyImpl (NetworkTopologyImpl.java:add(112)) - Added a new node: /default-rack/62110aa0-c05a-4ca3-9370-20a62204988f
2022-05-15 13:41:32,597 [IPC Server handler 7 on default port 45279] INFO  node.SCMNodeManager (SCMNodeManager.java:register(393)) - Registered Data node : 62110aa0-c05a-4ca3-9370-20a62204988f{ip: 10.1.0.20, host: fv-az40-973.r1qzdtoifymehf5jtx2d0vwyfg.bx.internal.cloudapp.net, ports: [REPLICATION=46455, RATIS=35533, RATIS_ADMIN=35533, RATIS_SERVER=35533, STANDALONE=42089], networkLocation: /default-rack, certSerialId: null, persistedOpState: null, persistedOpStateExpiryEpochSec: 0}
2022-05-15 13:41:32,598 [EventQueue-NodeRegistrationContainerReportForContainerSafeModeRule] INFO  safemode.SCMSafeModeManager (SCMSafeModeManager.java:validateSafeModeExitRules(204)) - ContainerSafeModeRule rule is successfully validated
2022-05-15 13:41:32,599 [EventQueue-NodeRegistrationContainerReportForDataNodeSafeModeRule] INFO  safemode.SCMSafeModeManager (DataNodeSafeModeRule.java:process(71)) - SCM in safe mode. 1 DataNodes registered, 3 required.
2022-05-15 13:41:32,615 [EventQueue-NewNodeForNewNodeHandler] INFO  pipeline.BackgroundPipelineCreator (BackgroundPipelineCreator.java:notifyEventTriggered(272)) - trigger a one-shot run on RatisPipelineUtilsThread.
2022-05-15 13:41:32,615 [RatisPipelineUtilsThread - 0] INFO  pipeline.RatisPipelineProvider (RatisPipelineProvider.java:lambda$create$0(195)) - Sending CreatePipelineCommand for pipeline:PipelineID=455ebb88-c6ad-42a3-81f3-16816c6910c6 to datanode:62110aa0-c05a-4ca3-9370-20a62204988f
2022-05-15 13:41:32,616 [EventQueue-PipelineReportForOneReplicaPipelineSafeModeRule] INFO  safemode.SCMSafeModeManager (SCMSafeModeManager.java:validateSafeModeExitRules(204)) - AtleastOneDatanodeReportedRule rule is successfully validated
2022-05-15 13:41:32,619 [RatisPipelineUtilsThread - 0] INFO  pipeline.PipelineStateManagerImpl (PipelineStateManagerImpl.java:addPipeline(101)) - Created pipeline Pipeline[ Id: 455ebb88-c6ad-42a3-81f3-16816c6910c6, Nodes: 62110aa0-c05a-4ca3-9370-20a62204988f{ip: 10.1.0.20, host: fv-az40-973.r1qzdtoifymehf5jtx2d0vwyfg.bx.internal.cloudapp.net, ports: [REPLICATION=46455, RATIS=35533, RATIS_ADMIN=35533, RATIS_SERVER=35533, STANDALONE=42089], networkLocation: /default-rack, certSerialId: null, persistedOpState: IN_SERVICE, persistedOpStateExpiryEpochSec: 0}, ReplicationConfig: RATIS/ONE, State:ALLOCATED, leaderId:, CreationTimestamp2022-05-15T13:41:32.615Z[Etc/UTC]].
2022-05-15 13:41:33,112 [Listener at 127.0.0.1/44889] INFO  ozone.MiniOzoneClusterImpl (MiniOzoneClusterImpl.java:lambda$waitForClusterToBeReady$0(221)) - Waiting for nodes to be ready. Got 1 of 3 DN Heartbeats.
2022-05-15 13:41:33,113 [Listener at 127.0.0.1/44889] INFO  ozone.MiniOzoneClusterImpl (MiniOzoneClusterImpl.java:lambda$waitForClusterToBeReady$0(224)) - Waiting for cluster to exit safe mode
2022-05-15 13:41:33,113 [Listener at 127.0.0.1/44889] INFO  ozone.MiniOzoneClusterImpl (MiniOzoneClusterImpl.java:lambda$waitForClusterToBeReady$0(226)) - SCM became leader
2022-05-15 13:41:33,176 [IPC Server handler 6 on default port 45279] INFO  net.NetworkTopologyImpl (NetworkTopologyImpl.java:add(112)) - Added a new node: /default-rack/af85fa71-cc4a-45b4-bde1-582dc540ff8f
2022-05-15 13:41:33,176 [IPC Server handler 6 on default port 45279] INFO  node.SCMNodeManager (SCMNodeManager.java:register(393)) - Registered Data node : af85fa71-cc4a-45b4-bde1-582dc540ff8f{ip: 10.1.0.20, host: fv-az40-973.r1qzdtoifymehf5jtx2d0vwyfg.bx.internal.cloudapp.net, ports: [REPLICATION=40617, RATIS=34911, RATIS_ADMIN=34911, RATIS_SERVER=34911, STANDALONE=37043], networkLocation: /default-rack, certSerialId: null, persistedOpState: null, persistedOpStateExpiryEpochSec: 0}
2022-05-15 13:41:33,176 [EventQueue-NewNodeForNewNodeHandler] INFO  pipeline.BackgroundPipelineCreator (BackgroundPipelineCreator.java:notifyEventTriggered(272)) - trigger a one-shot run on RatisPipelineUtilsThread.
2022-05-15 13:41:33,185 [EventQueue-NodeRegistrationContainerReportForDataNodeSafeModeRule] INFO  safemode.SCMSafeModeManager (DataNodeSafeModeRule.java:process(71)) - SCM in safe mode. 2 DataNodes registered, 3 required.
2022-05-15 13:41:33,186 [RatisPipelineUtilsThread - 0] INFO  pipeline.RatisPipelineProvider (RatisPipelineProvider.java:lambda$create$0(195)) - Sending CreatePipelineCommand for pipeline:PipelineID=32ed6e36-e054-47b1-9fc0-2e3f02200b31 to datanode:af85fa71-cc4a-45b4-bde1-582dc540ff8f
2022-05-15 13:41:33,186 [RatisPipelineUtilsThread - 0] INFO  pipeline.PipelineStateManagerImpl (PipelineStateManagerImpl.java:addPipeline(101)) - Created pipeline Pipeline[ Id: 32ed6e36-e054-47b1-9fc0-2e3f02200b31, Nodes: af85fa71-cc4a-45b4-bde1-582dc540ff8f{ip: 10.1.0.20, host: fv-az40-973.r1qzdtoifymehf5jtx2d0vwyfg.bx.internal.cloudapp.net, ports: [REPLICATION=40617, RATIS=34911, RATIS_ADMIN=34911, RATIS_SERVER=34911, STANDALONE=37043], networkLocation: /default-rack, certSerialId: null, persistedOpState: IN_SERVICE, persistedOpStateExpiryEpochSec: 0}, ReplicationConfig: RATIS/ONE, State:ALLOCATED, leaderId:, CreationTimestamp2022-05-15T13:41:33.186Z[Etc/UTC]].
2022-05-15 13:41:34,113 [Listener at 127.0.0.1/44889] INFO  ozone.MiniOzoneClusterImpl (MiniOzoneClusterImpl.java:lambda$waitForClusterToBeReady$0(221)) - Waiting for nodes to be ready. Got 2 of 3 DN Heartbeats.
2022-05-15 13:41:34,113 [Listener at 127.0.0.1/44889] INFO  ozone.MiniOzoneClusterImpl (MiniOzoneClusterImpl.java:lambda$waitForClusterToBeReady$0(224)) - Waiting for cluster to exit safe mode
2022-05-15 13:41:34,113 [Listener at 127.0.0.1/44889] INFO  ozone.MiniOzoneClusterImpl (MiniOzoneClusterImpl.java:lambda$waitForClusterToBeReady$0(226)) - SCM became leader
2022-05-15 13:41:34,193 [IPC Server handler 7 on default port 45279] INFO  net.NetworkTopologyImpl (NetworkTopologyImpl.java:add(112)) - Added a new node: /default-rack/973cc8cb-e509-4233-af3a-79f51edd0087
2022-05-15 13:41:34,193 [IPC Server handler 7 on default port 45279] INFO  node.SCMNodeManager (SCMNodeManager.java:register(393)) - Registered Data node : 973cc8cb-e509-4233-af3a-79f51edd0087{ip: 10.1.0.20, host: fv-az40-973.r1qzdtoifymehf5jtx2d0vwyfg.bx.internal.cloudapp.net, ports: [REPLICATION=37679, RATIS=40659, RATIS_ADMIN=40659, RATIS_SERVER=40659, STANDALONE=40827], networkLocation: /default-rack, certSerialId: null, persistedOpState: null, persistedOpStateExpiryEpochSec: 0}
2022-05-15 13:41:34,193 [EventQueue-NewNodeForNewNodeHandler] INFO  pipeline.BackgroundPipelineCreator (BackgroundPipelineCreator.java:notifyEventTriggered(272)) - trigger a one-shot run on RatisPipelineUtilsThread.
2022-05-15 13:41:34,194 [EventQueue-NodeRegistrationContainerReportForDataNodeSafeModeRule] INFO  safemode.SCMSafeModeManager (DataNodeSafeModeRule.java:process(71)) - SCM in safe mode. 3 DataNodes registered, 3 required.
2022-05-15 13:41:34,194 [EventQueue-NodeRegistrationContainerReportForDataNodeSafeModeRule] INFO  safemode.SCMSafeModeManager (SCMSafeModeManager.java:validateSafeModeExitRules(204)) - DataNodeSafeModeRule rule is successfully validated
2022-05-15 13:41:34,194 [EventQueue-NodeRegistrationContainerReportForDataNodeSafeModeRule] INFO  safemode.SCMSafeModeManager (SCMSafeModeManager.java:completePreCheck(233)) - All SCM safe mode pre check rules have passed
2022-05-15 13:41:34,194 [EventQueue-NodeRegistrationContainerReportForDataNodeSafeModeRule] WARN  events.EventQueue (EventQueue.java:fireEvent(194)) - No event handler registered for event TypedEvent{payloadType=SafeModeStatus, name='Safe mode status'}
2022-05-15 13:41:34,194 [EventQueue-NodeRegistrationContainerReportForDataNodeSafeModeRule] INFO  ha.SCMContext (SCMContext.java:updateSafeModeStatus(211)) - Update SafeModeStatus from SafeModeStatus{safeModeStatus=true, preCheckPassed=false} to SafeModeStatus{safeModeStatus=true, preCheckPassed=true}.
2022-05-15 13:41:34,194 [EventQueue-NodeRegistrationContainerReportForDataNodeSafeModeRule] INFO  pipeline.BackgroundPipelineCreator (BackgroundPipelineCreator.java:notifyEventTriggered(272)) - trigger a one-shot run on RatisPipelineUtilsThread.
2022-05-15 13:41:34,194 [RatisPipelineUtilsThread - 0] INFO  pipeline.RatisPipelineProvider (RatisPipelineProvider.java:lambda$create$0(195)) - Sending CreatePipelineCommand for pipeline:PipelineID=25f2907f-4443-470b-964d-7737d9faf0e1 to datanode:973cc8cb-e509-4233-af3a-79f51edd0087
2022-05-15 13:41:34,194 [RatisPipelineUtilsThread - 0] INFO  pipeline.PipelineStateManagerImpl (PipelineStateManagerImpl.java:addPipeline(101)) - Created pipeline Pipeline[ Id: 25f2907f-4443-470b-964d-7737d9faf0e1, Nodes: 973cc8cb-e509-4233-af3a-79f51edd0087{ip: 10.1.0.20, host: fv-az40-973.r1qzdtoifymehf5jtx2d0vwyfg.bx.internal.cloudapp.net, ports: [REPLICATION=37679, RATIS=40659, RATIS_ADMIN=40659, RATIS_SERVER=40659, STANDALONE=40827], networkLocation: /default-rack, certSerialId: null, persistedOpState: IN_SERVICE, persistedOpStateExpiryEpochSec: 0}, ReplicationConfig: RATIS/ONE, State:ALLOCATED, leaderId:, CreationTimestamp2022-05-15T13:41:34.194Z[Etc/UTC]].
2022-05-15 13:41:34,195 [RatisPipelineUtilsThread - 0] INFO  pipeline.RatisPipelineProvider (RatisPipelineProvider.java:lambda$create$0(195)) - Sending CreatePipelineCommand for pipeline:PipelineID=41bc3f13-16a7-4014-b00c-cf99767b2349 to datanode:62110aa0-c05a-4ca3-9370-20a62204988f
2022-05-15 13:41:34,195 [RatisPipelineUtilsThread - 0] INFO  pipeline.RatisPipelineProvider (RatisPipelineProvider.java:lambda$create$0(195)) - Sending CreatePipelineCommand for pipeline:PipelineID=41bc3f13-16a7-4014-b00c-cf99767b2349 to datanode:af85fa71-cc4a-45b4-bde1-582dc540ff8f
2022-05-15 13:41:34,195 [RatisPipelineUtilsThread - 0] INFO  pipeline.RatisPipelineProvider (RatisPipelineProvider.java:lambda$create$0(195)) - Sending CreatePipelineCommand for pipeline:PipelineID=41bc3f13-16a7-4014-b00c-cf99767b2349 to datanode:973cc8cb-e509-4233-af3a-79f51edd0087
2022-05-15 13:41:34,195 [RatisPipelineUtilsThread - 0] INFO  pipeline.PipelineStateManagerImpl (PipelineStateManagerImpl.java:addPipeline(101)) - Created pipeline Pipeline[ Id: 41bc3f13-16a7-4014-b00c-cf99767b2349, Nodes: 62110aa0-c05a-4ca3-9370-20a62204988f{ip: 10.1.0.20, host: fv-az40-973.r1qzdtoifymehf5jtx2d0vwyfg.bx.internal.cloudapp.net, ports: [REPLICATION=46455, RATIS=35533, RATIS_ADMIN=35533, RATIS_SERVER=35533, STANDALONE=42089], networkLocation: /default-rack, certSerialId: null, persistedOpState: IN_SERVICE, persistedOpStateExpiryEpochSec: 0}af85fa71-cc4a-45b4-bde1-582dc540ff8f{ip: 10.1.0.20, host: fv-az40-973.r1qzdtoifymehf5jtx2d0vwyfg.bx.internal.cloudapp.net, ports: [REPLICATION=40617, RATIS=34911, RATIS_ADMIN=34911, RATIS_SERVER=34911, STANDALONE=37043], networkLocation: /default-rack, certSerialId: null, persistedOpState: IN_SERVICE, persistedOpStateExpiryEpochSec: 0}973cc8cb-e509-4233-af3a-79f51edd0087{ip: 10.1.0.20, host: fv-az40-973.r1qzdtoifymehf5jtx2d0vwyfg.bx.internal.cloudapp.net, ports: [REPLICATION=37679, RATIS=40659, RATIS_ADMIN=40659, RATIS_SERVER=40659, STANDALONE=40827], networkLocation: /default-rack, certSerialId: null, persistedOpState: IN_SERVICE, persistedOpStateExpiryEpochSec: 0}, ReplicationConfig: RATIS/THREE, State:ALLOCATED, leaderId:, CreationTimestamp2022-05-15T13:41:34.195Z[Etc/UTC]].
2022-05-15 13:41:34,196 [RatisPipelineUtilsThread - 0] INFO  pipeline.RatisPipelineProvider (RatisPipelineProvider.java:lambda$create$0(195)) - Sending CreatePipelineCommand for pipeline:PipelineID=dd54e02f-5f73-4249-ae6a-fee219a666f6 to datanode:af85fa71-cc4a-45b4-bde1-582dc540ff8f
2022-05-15 13:41:34,196 [RatisPipelineUtilsThread - 0] INFO  pipeline.RatisPipelineProvider (RatisPipelineProvider.java:lambda$create$0(195)) - Sending CreatePipelineCommand for pipeline:PipelineID=dd54e02f-5f73-4249-ae6a-fee219a666f6 to datanode:62110aa0-c05a-4ca3-9370-20a62204988f
2022-05-15 13:41:34,196 [RatisPipelineUtilsThread - 0] INFO  pipeline.RatisPipelineProvider (RatisPipelineProvider.java:lambda$create$0(195)) - Sending CreatePipelineCommand for pipeline:PipelineID=dd54e02f-5f73-4249-ae6a-fee219a666f6 to datanode:973cc8cb-e509-4233-af3a-79f51edd0087
2022-05-15 13:41:34,197 [RatisPipelineUtilsThread - 0] INFO  pipeline.PipelineStateManagerImpl (PipelineStateManagerImpl.java:addPipeline(101)) - Created pipeline Pipeline[ Id: dd54e02f-5f73-4249-ae6a-fee219a666f6, Nodes: af85fa71-cc4a-45b4-bde1-582dc540ff8f{ip: 10.1.0.20, host: fv-az40-973.r1qzdtoifymehf5jtx2d0vwyfg.bx.internal.cloudapp.net, ports: [REPLICATION=40617, RATIS=34911, RATIS_ADMIN=34911, RATIS_SERVER=34911, STANDALONE=37043], networkLocation: /default-rack, certSerialId: null, persistedOpState: IN_SERVICE, persistedOpStateExpiryEpochSec: 0}62110aa0-c05a-4ca3-9370-20a62204988f{ip: 10.1.0.20, host: fv-az40-973.r1qzdtoifymehf5jtx2d0vwyfg.bx.internal.cloudapp.net, ports: [REPLICATION=46455, RATIS=35533, RATIS_ADMIN=35533, RATIS_SERVER=35533, STANDALONE=42089], networkLocation: /default-rack, certSerialId: null, persistedOpState: IN_SERVICE, persistedOpStateExpiryEpochSec: 0}973cc8cb-e509-4233-af3a-79f51edd0087{ip: 10.1.0.20, host: fv-az40-973.r1qzdtoifymehf5jtx2d0vwyfg.bx.internal.cloudapp.net, ports: [REPLICATION=37679, RATIS=40659, RATIS_ADMIN=40659, RATIS_SERVER=40659, STANDALONE=40827], networkLocation: /default-rack, certSerialId: null, persistedOpState: IN_SERVICE, persistedOpStateExpiryEpochSec: 0}, ReplicationConfig: RATIS/THREE, State:ALLOCATED, leaderId:, CreationTimestamp2022-05-15T13:41:34.196Z[Etc/UTC]].
2022-05-15 13:41:34,197 [RatisPipelineUtilsThread - 0] INFO  pipeline.PipelineManagerImpl (PipelineManagerImpl.java:recordMetricsForPipeline(695)) - Pipeline: PipelineID=dd54e02f-5f73-4249-ae6a-fee219a666f6 contains same datanodes as previous pipelines: PipelineID=41bc3f13-16a7-4014-b00c-cf99767b2349 nodeIds: af85fa71-cc4a-45b4-bde1-582dc540ff8f, 62110aa0-c05a-4ca3-9370-20a62204988f, 973cc8cb-e509-4233-af3a-79f51edd0087
2022-05-15 13:41:35,114 [Listener at 127.0.0.1/44889] INFO  ozone.MiniOzoneClusterImpl (MiniOzoneClusterImpl.java:lambda$waitForClusterToBeReady$0(221)) - Nodes are ready. Got 3 of 3 DN Heartbeats.
2022-05-15 13:41:35,114 [Listener at 127.0.0.1/44889] INFO  ozone.MiniOzoneClusterImpl (MiniOzoneClusterImpl.java:lambda$waitForClusterToBeReady$0(224)) - Waiting for cluster to exit safe mode
2022-05-15 13:41:35,114 [Listener at 127.0.0.1/44889] INFO  ozone.MiniOzoneClusterImpl (MiniOzoneClusterImpl.java:lambda$waitForClusterToBeReady$0(226)) - SCM became leader
2022-05-15 13:41:35,599 [Command processor thread] INFO  server.RaftServer (RaftServerProxy.java:addNew(95)) - 62110aa0-c05a-4ca3-9370-20a62204988f: addNew group-16816C6910C6:[62110aa0-c05a-4ca3-9370-20a62204988f|rpc:10.1.0.20:35533|priority:1] returns group-16816C6910C6:java.util.concurrent.CompletableFuture@75bc7156[Not completed]
2022-05-15 13:41:35,623 [pool-316-thread-1] INFO  server.RaftServer$Division (RaftServerImpl.java:<init>(184)) - 62110aa0-c05a-4ca3-9370-20a62204988f: new RaftServerImpl for group-16816C6910C6:[62110aa0-c05a-4ca3-9370-20a62204988f|rpc:10.1.0.20:35533|priority:1] with ContainerStateMachine:uninitialized
2022-05-15 13:41:35,642 [pool-316-thread-1] INFO  server.RaftServerConfigKeys (ConfUtils.java:logGet(44)) - raft.server.rpc.timeout.min = 5s (custom)
2022-05-15 13:41:35,642 [pool-316-thread-1] INFO  server.RaftServerConfigKeys (ConfUtils.java:logGet(44)) - raft.server.rpc.timeout.max = 5200ms (custom)
2022-05-15 13:41:35,643 [pool-316-thread-1] INFO  server.RaftServerConfigKeys (ConfUtils.java:logGet(44)) - raft.server.rpc.sleep.time = 25ms (default)
2022-05-15 13:41:35,643 [pool-316-thread-1] INFO  server.RaftServerConfigKeys (ConfUtils.java:logGet(44)) - raft.server.rpc.slowness.timeout = 300s (custom)
2022-05-15 13:41:35,643 [pool-316-thread-1] INFO  server.RaftServerConfigKeys (ConfUtils.java:logGet(44)) - raft.server.leaderelection.leader.step-down.wait-time = 10s (default)
2022-05-15 13:41:35,643 [pool-316-thread-1] INFO  server.RaftServerConfigKeys (ConfUtils.java:logGet(44)) - raft.server.sleep.deviation.threshold = 300ms (default)
2022-05-15 13:41:35,643 [pool-316-thread-1] INFO  server.RaftServerConfigKeys (ConfUtils.java:logGet(44)) - raft.server.log.appender.install.snapshot.enabled = false (custom)
2022-05-15 13:41:35,643 [pool-316-thread-1] INFO  server.RaftServer$Division (ServerState.java:<init>(105)) - 62110aa0-c05a-4ca3-9370-20a62204988f@group-16816C6910C6: ConfigurationManager, init=-1: [62110aa0-c05a-4ca3-9370-20a62204988f|rpc:10.1.0.20:35533|priority:1], old=null, confs=<EMPTY_MAP>
2022-05-15 13:41:35,643 [pool-316-thread-1] INFO  server.RaftServerConfigKeys (ConfUtils.java:logGet(44)) - raft.server.storage.dir = [/home/runner/work/ozone/ozone/hadoop-ozone/integration-test/target/test-dir/MiniOzoneClusterImpl-e86d4cca-927e-4c63-aa7c-55f5088052e8/datanode-0/data/ratis] (custom)
2022-05-15 13:41:35,643 [pool-316-thread-1] INFO  server.RaftServerConfigKeys (ConfUtils.java:logGet(44)) - raft.server.log.corruption.policy = EXCEPTION (default)
2022-05-15 13:41:35,643 [pool-316-thread-1] INFO  server.RaftServerConfigKeys (ConfUtils.java:logGet(44)) - raft.server.storage.free-space.min = 0MB (=0) (default)
2022-05-15 13:41:35,643 [pool-316-thread-1] INFO  storage.RaftStorageDirectory (RaftStorageDirectoryImpl.java:analyzeStorage(135)) - The storage directory /home/runner/work/ozone/ozone/hadoop-ozone/integration-test/target/test-dir/MiniOzoneClusterImpl-e86d4cca-927e-4c63-aa7c-55f5088052e8/datanode-0/data/ratis/455ebb88-c6ad-42a3-81f3-16816c6910c6 does not exist. Creating ...
2022-05-15 13:41:35,644 [pool-316-thread-1] INFO  storage.RaftStorageDirectory (RaftStorageDirectoryImpl.java:tryLock(230)) - Lock on /home/runner/work/ozone/ozone/hadoop-ozone/integration-test/target/test-dir/MiniOzoneClusterImpl-e86d4cca-927e-4c63-aa7c-55f5088052e8/datanode-0/data/ratis/455ebb88-c6ad-42a3-81f3-16816c6910c6/in_use.lock acquired by nodename 19587@fv-az40-973
2022-05-15 13:41:35,646 [pool-316-thread-1] INFO  storage.RaftStorage (RaftStorageImpl.java:format(89)) - Storage directory /home/runner/work/ozone/ozone/hadoop-ozone/integration-test/target/test-dir/MiniOzoneClusterImpl-e86d4cca-927e-4c63-aa7c-55f5088052e8/datanode-0/data/ratis/455ebb88-c6ad-42a3-81f3-16816c6910c6 has been successfully formatted.
2022-05-15 13:41:35,647 [pool-316-thread-1] INFO  ratis.ContainerStateMachine (ContainerStateMachine.java:loadSnapshot(236)) - group-16816C6910C6: The snapshot info is null. Setting the last applied indexto:(t:0, i:~)
2022-05-15 13:41:35,647 [pool-316-thread-1] INFO  server.RaftServerConfigKeys (ConfUtils.java:logGet(44)) - raft.server.notification.no-leader.timeout = 300s (custom)
2022-05-15 13:41:35,647 [pool-316-thread-1] INFO  server.RaftServerConfigKeys (ConfUtils.java:logGet(44)) - raft.server.log.use.memory = false (default)
2022-05-15 13:41:35,647 [pool-316-thread-1] INFO  server.RaftServerConfigKeys (ConfUtils.java:logGet(44)) - raft.server.log.purge.gap = 1000000 (custom)
2022-05-15 13:41:35,647 [pool-316-thread-1] INFO  server.RaftServerConfigKeys (ConfUtils.java:logGet(44)) - raft.server.log.appender.buffer.byte-limit = 33554432 (custom)
2022-05-15 13:41:35,648 [pool-316-thread-1] INFO  server.RaftServerConfigKeys (ConfUtils.java:logGet(44)) - raft.server.log.segment.size.max = 1048576 (custom)
2022-05-15 13:41:35,648 [pool-316-thread-1] INFO  server.RaftServerConfigKeys (ConfUtils.java:logGet(44)) - raft.server.log.segment.cache.num.max = 2 (custom)
2022-05-15 13:41:35,648 [pool-316-thread-1] INFO  server.RaftServerConfigKeys (ConfUtils.java:logGet(44)) - raft.server.log.segment.cache.size.max = 200MB (=209715200) (default)
2022-05-15 13:41:35,648 [pool-316-thread-1] INFO  segmented.SegmentedRaftLogWorker (SegmentedRaftLogWorker.java:<init>(182)) - new 62110aa0-c05a-4ca3-9370-20a62204988f@group-16816C6910C6-SegmentedRaftLogWorker for RaftStorageImpl:Storage Directory /home/runner/work/ozone/ozone/hadoop-ozone/integration-test/target/test-dir/MiniOzoneClusterImpl-e86d4cca-927e-4c63-aa7c-55f5088052e8/datanode-0/data/ratis/455ebb88-c6ad-42a3-81f3-16816c6910c6
2022-05-15 13:41:35,648 [pool-316-thread-1] INFO  server.RaftServerConfigKeys (ConfUtils.java:logGet(44)) - raft.server.log.queue.byte-limit = 4294967296 (custom)
2022-05-15 13:41:35,648 [pool-316-thread-1] INFO  server.RaftServerConfigKeys (ConfUtils.java:logGet(44)) - raft.server.log.queue.element-limit = 1024 (custom)
2022-05-15 13:41:35,648 [pool-316-thread-1] INFO  server.RaftServerConfigKeys (ConfUtils.java:logGet(44)) - raft.server.log.segment.size.max = 1048576 (custom)
2022-05-15 13:41:35,648 [pool-316-thread-1] INFO  server.RaftServerConfigKeys (ConfUtils.java:logGet(44)) - raft.server.log.preallocated.size = 16384 (custom)
2022-05-15 13:41:35,648 [pool-316-thread-1] INFO  server.RaftServerConfigKeys (ConfUtils.java:logGet(44)) - raft.server.log.force.sync.num = 128 (default)
2022-05-15 13:41:35,648 [pool-316-thread-1] INFO  server.RaftServerConfigKeys (ConfUtils.java:logGet(44)) - raft.server.log.statemachine.data.sync = true (default)
2022-05-15 13:41:35,648 [pool-316-thread-1] INFO  server.RaftServerConfigKeys (ConfUtils.java:logGet(44)) - raft.server.log.statemachine.data.sync.timeout = 10s (default)
2022-05-15 13:41:35,648 [pool-316-thread-1] INFO  server.RaftServerConfigKeys (ConfUtils.java:logGet(44)) - raft.server.log.statemachine.data.sync.timeout.retry = -1 (default)
2022-05-15 13:41:35,649 [pool-316-thread-1] INFO  server.RaftServerConfigKeys (ConfUtils.java:logGet(44)) - raft.server.log.write.buffer.size = 1048576 (custom)
2022-05-15 13:41:35,650 [pool-316-thread-1] INFO  server.RaftServerConfigKeys (ConfUtils.java:logGet(44)) - raft.server.log.statemachine.data.caching.enabled = true (custom)
2022-05-15 13:41:35,650 [pool-316-thread-1] INFO  segmented.SegmentedRaftLogWorker (SegmentedRaftLogWorker.java:lambda$new$0(133)) - 62110aa0-c05a-4ca3-9370-20a62204988f@group-16816C6910C6-SegmentedRaftLogWorker: flushIndex: setUnconditionally 0 -> -1
2022-05-15 13:41:35,650 [pool-316-thread-1] INFO  segmented.SegmentedRaftLogWorker (SegmentedRaftLogWorker.java:lambda$new$0(133)) - 62110aa0-c05a-4ca3-9370-20a62204988f@group-16816C6910C6-SegmentedRaftLogWorker: safeCacheEvictIndex: setUnconditionally 0 -> -1
2022-05-15 13:41:35,656 [pool-316-thread-1] INFO  server.RaftServerConfigKeys (ConfUtils.java:logGet(44)) - raft.server.snapshot.auto.trigger.enabled = true (custom)
2022-05-15 13:41:35,657 [pool-316-thread-1] INFO  server.RaftServerConfigKeys (ConfUtils.java:logGet(44)) - raft.server.snapshot.auto.trigger.threshold = 10000 (custom)
2022-05-15 13:41:35,657 [pool-316-thread-1] INFO  server.RaftServerConfigKeys (ConfUtils.java:logGet(44)) - raft.server.snapshot.retention.file.num = 5 (custom)
2022-05-15 13:41:35,657 [pool-316-thread-1] INFO  server.RaftServerConfigKeys (ConfUtils.java:logGet(44)) - raft.server.log.purge.upto.snapshot.index = false (default)
2022-05-15 13:41:35,657 [pool-316-thread-1] INFO  server.RaftServerConfigKeys (ConfUtils.java:logGet(44)) - raft.server.retrycache.expirytime = 600000ms (custom)
2022-05-15 13:41:35,657 [pool-316-thread-1] INFO  server.RaftServerConfigKeys (ConfUtils.java:logGet(44)) - raft.server.retrycache.statistics.expirytime = 100μs (default)
2022-05-15 13:41:35,658 [pool-316-thread-1] INFO  server.RaftServer$Division (RaftServerImpl.java:start(301)) - 62110aa0-c05a-4ca3-9370-20a62204988f@group-16816C6910C6: start as a follower, conf=-1: [62110aa0-c05a-4ca3-9370-20a62204988f|rpc:10.1.0.20:35533|priority:1], old=null
2022-05-15 13:41:35,658 [pool-316-thread-1] INFO  server.RaftServer$Division (RaftServerImpl.java:setRole(290)) - 62110aa0-c05a-4ca3-9370-20a62204988f@group-16816C6910C6: changes role from      null to FOLLOWER at term 0 for startAsFollower
2022-05-15 13:41:35,658 [pool-316-thread-1] INFO  impl.RoleInfo (RoleInfo.java:updateAndGet(130)) - 62110aa0-c05a-4ca3-9370-20a62204988f: start 62110aa0-c05a-4ca3-9370-20a62204988f@group-16816C6910C6-FollowerState
2022-05-15 13:41:35,669 [EventQueue-PipelineReportForPipelineReportHandler] INFO  pipeline.PipelineManagerImpl (PipelineManagerImpl.java:openPipeline(336)) - Pipeline Pipeline[ Id: 455ebb88-c6ad-42a3-81f3-16816c6910c6, Nodes: 62110aa0-c05a-4ca3-9370-20a62204988f{ip: 10.1.0.20, host: fv-az40-973.r1qzdtoifymehf5jtx2d0vwyfg.bx.internal.cloudapp.net, ports: [REPLICATION=46455, RATIS=35533, RATIS_ADMIN=35533, RATIS_SERVER=35533, STANDALONE=42089], networkLocation: /default-rack, certSerialId: null, persistedOpState: IN_SERVICE, persistedOpStateExpiryEpochSec: 0}, ReplicationConfig: RATIS/ONE, State:ALLOCATED, leaderId:62110aa0-c05a-4ca3-9370-20a62204988f, CreationTimestamp2022-05-15T13:41:32.615Z[Etc/UTC]] moved to OPEN state
2022-05-15 13:41:35,674 [pool-316-thread-1] INFO  util.JmxRegister (JmxRegister.java:tryRegister(44)) - Successfully registered JMX Bean with object name Ratis:service=RaftServer,group=group-16816C6910C6,id=62110aa0-c05a-4ca3-9370-20a62204988f
2022-05-15 13:41:35,678 [Command processor thread] INFO  ratis.XceiverServerRatis (XceiverServerRatis.java:addGroup(765)) - Created group PipelineID=455ebb88-c6ad-42a3-81f3-16816c6910c6
2022-05-15 13:41:35,678 [Command processor thread] INFO  commandhandler.CreatePipelineCommandHandler (CreatePipelineCommandHandler.java:handle(113)) - Created Pipeline RATIS ONE PipelineID=455ebb88-c6ad-42a3-81f3-16816c6910c6.
2022-05-15 13:41:35,678 [Command processor thread] INFO  server.RaftServer (RaftServerProxy.java:addNew(95)) - 62110aa0-c05a-4ca3-9370-20a62204988f: addNew group-CF99767B2349:[973cc8cb-e509-4233-af3a-79f51edd0087|rpc:10.1.0.20:40659|priority:0, af85fa71-cc4a-45b4-bde1-582dc540ff8f|rpc:10.1.0.20:34911|priority:0, 62110aa0-c05a-4ca3-9370-20a62204988f|rpc:10.1.0.20:35533|priority:1] returns group-CF99767B2349:java.util.concurrent.CompletableFuture@7183fb39[Not completed]
2022-05-15 13:41:35,679 [pool-316-thread-1] INFO  server.RaftServer$Division (RaftServerImpl.java:<init>(184)) - 62110aa0-c05a-4ca3-9370-20a62204988f: new RaftServerImpl for group-CF99767B2349:[973cc8cb-e509-4233-af3a-79f51edd0087|rpc:10.1.0.20:40659|priority:0, af85fa71-cc4a-45b4-bde1-582dc540ff8f|rpc:10.1.0.20:34911|priority:0, 62110aa0-c05a-4ca3-9370-20a62204988f|rpc:10.1.0.20:35533|priority:1] with ContainerStateMachine:uninitialized
2022-05-15 13:41:35,679 [pool-316-thread-1] INFO  server.RaftServerConfigKeys (ConfUtils.java:logGet(44)) - raft.server.rpc.timeout.min = 5s (custom)
2022-05-15 13:41:35,679 [pool-316-thread-1] INFO  server.RaftServerConfigKeys (ConfUtils.java:logGet(44)) - raft.server.rpc.timeout.max = 5200ms (custom)
2022-05-15 13:41:35,679 [pool-316-thread-1] INFO  server.RaftServerConfigKeys (ConfUtils.java:logGet(44)) - raft.server.rpc.sleep.time = 25ms (default)
2022-05-15 13:41:35,679 [pool-316-thread-1] INFO  server.RaftServerConfigKeys (ConfUtils.java:logGet(44)) - raft.server.rpc.slowness.timeout = 300s (custom)
2022-05-15 13:41:35,679 [pool-316-thread-1] INFO  server.RaftServerConfigKeys (ConfUtils.java:logGet(44)) - raft.server.leaderelection.leader.step-down.wait-time = 10s (default)
2022-05-15 13:41:35,679 [pool-316-thread-1] INFO  server.RaftServerConfigKeys (ConfUtils.java:logGet(44)) - raft.server.sleep.deviation.threshold = 300ms (default)
2022-05-15 13:41:35,679 [pool-316-thread-1] INFO  server.RaftServerConfigKeys (ConfUtils.java:logGet(44)) - raft.server.log.appender.install.snapshot.enabled = false (custom)
2022-05-15 13:41:35,679 [pool-316-thread-1] INFO  server.RaftServer$Division (ServerState.java:<init>(105)) - 62110aa0-c05a-4ca3-9370-20a62204988f@group-CF99767B2349: ConfigurationManager, init=-1: [973cc8cb-e509-4233-af3a-79f51edd0087|rpc:10.1.0.20:40659|priority:0, af85fa71-cc4a-45b4-bde1-582dc540ff8f|rpc:10.1.0.20:34911|priority:0, 62110aa0-c05a-4ca3-9370-20a62204988f|rpc:10.1.0.20:35533|priority:1], old=null, confs=<EMPTY_MAP>
2022-05-15 13:41:35,679 [pool-316-thread-1] INFO  server.RaftServerConfigKeys (ConfUtils.java:logGet(44)) - raft.server.storage.dir = [/home/runner/work/ozone/ozone/hadoop-ozone/integration-test/target/test-dir/MiniOzoneClusterImpl-e86d4cca-927e-4c63-aa7c-55f5088052e8/datanode-0/data/ratis] (custom)
2022-05-15 13:41:35,680 [pool-316-thread-1] INFO  server.RaftServerConfigKeys (ConfUtils.java:logGet(44)) - raft.server.log.corruption.policy = EXCEPTION (default)
2022-05-15 13:41:35,680 [pool-316-thread-1] INFO  server.RaftServerConfigKeys (ConfUtils.java:logGet(44)) - raft.server.storage.free-space.min = 0MB (=0) (default)
2022-05-15 13:41:35,680 [pool-316-thread-1] INFO  storage.RaftStorageDirectory (RaftStorageDirectoryImpl.java:analyzeStorage(135)) - The storage directory /home/runner/work/ozone/ozone/hadoop-ozone/integration-test/target/test-dir/MiniOzoneClusterImpl-e86d4cca-927e-4c63-aa7c-55f5088052e8/datanode-0/data/ratis/41bc3f13-16a7-4014-b00c-cf99767b2349 does not exist. Creating ...
2022-05-15 13:41:35,682 [pool-316-thread-1] INFO  storage.RaftStorageDirectory (RaftStorageDirectoryImpl.java:tryLock(230)) - Lock on /home/runner/work/ozone/ozone/hadoop-ozone/integration-test/target/test-dir/MiniOzoneClusterImpl-e86d4cca-927e-4c63-aa7c-55f5088052e8/datanode-0/data/ratis/41bc3f13-16a7-4014-b00c-cf99767b2349/in_use.lock acquired by nodename 19587@fv-az40-973
2022-05-15 13:41:35,703 [EventQueue-OpenPipelineForHealthyPipelineSafeModeRule] INFO  safemode.SCMSafeModeManager (HealthyPipelineSafeModeRule.java:process(124)) - SCM in safe mode. Healthy pipelines reported count is 0, required healthy pipeline reported count is 1
2022-05-15 13:41:35,704 [pool-316-thread-1] INFO  storage.RaftStorage (RaftStorageImpl.java:format(89)) - Storage directory /home/runner/work/ozone/ozone/hadoop-ozone/integration-test/target/test-dir/MiniOzoneClusterImpl-e86d4cca-927e-4c63-aa7c-55f5088052e8/datanode-0/data/ratis/41bc3f13-16a7-4014-b00c-cf99767b2349 has been successfully formatted.
2022-05-15 13:41:35,704 [pool-316-thread-1] INFO  ratis.ContainerStateMachine (ContainerStateMachine.java:loadSnapshot(236)) - group-CF99767B2349: The snapshot info is null. Setting the last applied indexto:(t:0, i:~)
2022-05-15 13:41:35,704 [pool-316-thread-1] INFO  server.RaftServerConfigKeys (ConfUtils.java:logGet(44)) - raft.server.notification.no-leader.timeout = 300s (custom)
2022-05-15 13:41:35,704 [pool-316-thread-1] INFO  server.RaftServerConfigKeys (ConfUtils.java:logGet(44)) - raft.server.log.use.memory = false (default)
2022-05-15 13:41:35,704 [pool-316-thread-1] INFO  server.RaftServerConfigKeys (ConfUtils.java:logGet(44)) - raft.server.log.purge.gap = 1000000 (custom)
2022-05-15 13:41:35,704 [pool-316-thread-1] INFO  server.RaftServerConfigKeys (ConfUtils.java:logGet(44)) - raft.server.log.appender.buffer.byte-limit = 33554432 (custom)
2022-05-15 13:41:35,705 [pool-316-thread-1] INFO  server.RaftServerConfigKeys (ConfUtils.java:logGet(44)) - raft.server.log.segment.size.max = 1048576 (custom)
2022-05-15 13:41:35,705 [pool-316-thread-1] INFO  server.RaftServerConfigKeys (ConfUtils.java:logGet(44)) - raft.server.log.segment.cache.num.max = 2 (custom)
2022-05-15 13:41:35,705 [pool-316-thread-1] INFO  server.RaftServerConfigKeys (ConfUtils.java:logGet(44)) - raft.server.log.segment.cache.size.max = 200MB (=209715200) (default)
2022-05-15 13:41:35,705 [pool-316-thread-1] INFO  segmented.SegmentedRaftLogWorker (SegmentedRaftLogWorker.java:<init>(182)) - new 62110aa0-c05a-4ca3-9370-20a62204988f@group-CF99767B2349-SegmentedRaftLogWorker for RaftStorageImpl:Storage Directory /home/runner/work/ozone/ozone/hadoop-ozone/integration-test/target/test-dir/MiniOzoneClusterImpl-e86d4cca-927e-4c63-aa7c-55f5088052e8/datanode-0/data/ratis/41bc3f13-16a7-4014-b00c-cf99767b2349
2022-05-15 13:41:35,705 [pool-316-thread-1] INFO  server.RaftServerConfigKeys (ConfUtils.java:logGet(44)) - raft.server.log.queue.byte-limit = 4294967296 (custom)
2022-05-15 13:41:35,705 [pool-316-thread-1] INFO  server.RaftServerConfigKeys (ConfUtils.java:logGet(44)) - raft.server.log.queue.element-limit = 1024 (custom)
2022-05-15 13:41:35,705 [pool-316-thread-1] INFO  server.RaftServerConfigKeys (ConfUtils.java:logGet(44)) - raft.server.log.segment.size.max = 1048576 (custom)
2022-05-15 13:41:35,705 [pool-316-thread-1] INFO  server.RaftServerConfigKeys (ConfUtils.java:logGet(44)) - raft.server.log.preallocated.size = 16384 (custom)
2022-05-15 13:41:35,705 [pool-316-thread-1] INFO  server.RaftServerConfigKeys (ConfUtils.java:logGet(44)) - raft.server.log.force.sync.num = 128 (default)
2022-05-15 13:41:35,705 [pool-316-thread-1] INFO  server.RaftServerConfigKeys (ConfUtils.java:logGet(44)) - raft.server.log.statemachine.data.sync = true (default)
2022-05-15 13:41:35,705 [pool-316-thread-1] INFO  server.RaftServerConfigKeys (ConfUtils.java:logGet(44)) - raft.server.log.statemachine.data.sync.timeout = 10s (default)
2022-05-15 13:41:35,705 [pool-316-thread-1] INFO  server.RaftServerConfigKeys (ConfUtils.java:logGet(44)) - raft.server.log.statemachine.data.sync.timeout.retry = -1 (default)
2022-05-15 13:41:35,706 [pool-316-thread-1] INFO  server.RaftServerConfigKeys (ConfUtils.java:logGet(44)) - raft.server.log.write.buffer.size = 1048576 (custom)
2022-05-15 13:41:35,708 [EventQueue-OpenPipelineForHealthyPipelineSafeModeRule] INFO  safemode.SCMSafeModeManager (HealthyPipelineSafeModeRule.java:process(124)) - SCM in safe mode. Healthy pipelines reported count is 0, required healthy pipeline reported count is 1
2022-05-15 13:41:35,709 [pool-316-thread-1] INFO  server.RaftServerConfigKeys (ConfUtils.java:logGet(44)) - raft.server.log.statemachine.data.caching.enabled = true (custom)
2022-05-15 13:41:35,709 [pool-316-thread-1] INFO  segmented.SegmentedRaftLogWorker (SegmentedRaftLogWorker.java:lambda$new$0(133)) - 62110aa0-c05a-4ca3-9370-20a62204988f@group-CF99767B2349-SegmentedRaftLogWorker: flushIndex: setUnconditionally 0 -> -1
2022-05-15 13:41:35,709 [pool-316-thread-1] INFO  segmented.SegmentedRaftLogWorker (SegmentedRaftLogWorker.java:lambda$new$0(133)) - 62110aa0-c05a-4ca3-9370-20a62204988f@group-CF99767B2349-SegmentedRaftLogWorker: safeCacheEvictIndex: setUnconditionally 0 -> -1
2022-05-15 13:41:35,720 [pool-316-thread-1] INFO  server.RaftServerConfigKeys (ConfUtils.java:logGet(44)) - raft.server.snapshot.auto.trigger.enabled = true (custom)
2022-05-15 13:41:35,720 [pool-316-thread-1] INFO  server.RaftServerConfigKeys (ConfUtils.java:logGet(44)) - raft.server.snapshot.auto.trigger.threshold = 10000 (custom)
2022-05-15 13:41:35,720 [pool-316-thread-1] INFO  server.RaftServerConfigKeys (ConfUtils.java:logGet(44)) - raft.server.snapshot.retention.file.num = 5 (custom)
2022-05-15 13:41:35,720 [pool-316-thread-1] INFO  server.RaftServerConfigKeys (ConfUtils.java:logGet(44)) - raft.server.log.purge.upto.snapshot.index = false (default)
2022-05-15 13:41:35,720 [pool-316-thread-1] INFO  server.RaftServerConfigKeys (ConfUtils.java:logGet(44)) - raft.server.retrycache.expirytime = 600000ms (custom)
2022-05-15 13:41:35,720 [pool-316-thread-1] INFO  server.RaftServerConfigKeys (ConfUtils.java:logGet(44)) - raft.server.retrycache.statistics.expirytime = 100μs (default)
2022-05-15 13:41:35,721 [pool-316-thread-1] INFO  server.RaftServer$Division (RaftServerImpl.java:start(301)) - 62110aa0-c05a-4ca3-9370-20a62204988f@group-CF99767B2349: start as a follower, conf=-1: [973cc8cb-e509-4233-af3a-79f51edd0087|rpc:10.1.0.20:40659|priority:0, af85fa71-cc4a-45b4-bde1-582dc540ff8f|rpc:10.1.0.20:34911|priority:0, 62110aa0-c05a-4ca3-9370-20a62204988f|rpc:10.1.0.20:35533|priority:1], old=null
2022-05-15 13:41:35,721 [pool-316-thread-1] INFO  server.RaftServer$Division (RaftServerImpl.java:setRole(290)) - 62110aa0-c05a-4ca3-9370-20a62204988f@group-CF99767B2349: changes role from      null to FOLLOWER at term 0 for startAsFollower
2022-05-15 13:41:35,721 [pool-316-thread-1] INFO  impl.RoleInfo (RoleInfo.java:updateAndGet(130)) - 62110aa0-c05a-4ca3-9370-20a62204988f: start 62110aa0-c05a-4ca3-9370-20a62204988f@group-CF99767B2349-FollowerState
2022-05-15 13:41:35,722 [pool-316-thread-1] INFO  util.JmxRegister (JmxRegister.java:tryRegister(44)) - Successfully registered JMX Bean with object name Ratis:service=RaftServer,group=group-CF99767B2349,id=62110aa0-c05a-4ca3-9370-20a62204988f
2022-05-15 13:41:35,730 [Command processor thread] INFO  ratis.XceiverServerRatis (XceiverServerRatis.java:addGroup(765)) - Created group PipelineID=41bc3f13-16a7-4014-b00c-cf99767b2349
2022-05-15 13:41:35,782 [grpc-default-executor-0] INFO  server.RaftServer (RaftServerProxy.java:addNew(95)) - af85fa71-cc4a-45b4-bde1-582dc540ff8f: addNew group-CF99767B2349:[973cc8cb-e509-4233-af3a-79f51edd0087|rpc:10.1.0.20:40659|dataStream:|priority:0, af85fa71-cc4a-45b4-bde1-582dc540ff8f|rpc:10.1.0.20:34911|dataStream:|priority:0, 62110aa0-c05a-4ca3-9370-20a62204988f|rpc:10.1.0.20:35533|dataStream:|priority:1] returns group-CF99767B2349:java.util.concurrent.CompletableFuture@7ac13b3e[Not completed]
2022-05-15 13:41:35,793 [pool-337-thread-1] INFO  server.RaftServer$Division (RaftServerImpl.java:<init>(184)) - af85fa71-cc4a-45b4-bde1-582dc540ff8f: new RaftServerImpl for group-CF99767B2349:[973cc8cb-e509-4233-af3a-79f51edd0087|rpc:10.1.0.20:40659|dataStream:|priority:0, af85fa71-cc4a-45b4-bde1-582dc540ff8f|rpc:10.1.0.20:34911|dataStream:|priority:0, 62110aa0-c05a-4ca3-9370-20a62204988f|rpc:10.1.0.20:35533|dataStream:|priority:1] with ContainerStateMachine:uninitialized
2022-05-15 13:41:35,795 [pool-337-thread-1] INFO  server.RaftServerConfigKeys (ConfUtils.java:logGet(44)) - raft.server.rpc.timeout.min = 5s (custom)
2022-05-15 13:41:35,795 [pool-337-thread-1] INFO  server.RaftServerConfigKeys (ConfUtils.java:logGet(44)) - raft.server.rpc.timeout.max = 5200ms (custom)
2022-05-15 13:41:35,795 [pool-337-thread-1] INFO  server.RaftServerConfigKeys (ConfUtils.java:logGet(44)) - raft.server.rpc.sleep.time = 25ms (default)
2022-05-15 13:41:35,795 [pool-337-thread-1] INFO  server.RaftServerConfigKeys (ConfUtils.java:logGet(44)) - raft.server.rpc.slowness.timeout = 300s (custom)
2022-05-15 13:41:35,795 [pool-337-thread-1] INFO  server.RaftServerConfigKeys (ConfUtils.java:logGet(44)) - raft.server.leaderelection.leader.step-down.wait-time = 10s (default)
2022-05-15 13:41:35,795 [pool-337-thread-1] INFO  server.RaftServerConfigKeys (ConfUtils.java:logGet(44)) - raft.server.sleep.deviation.threshold = 300ms (default)
2022-05-15 13:41:35,795 [pool-337-thread-1] INFO  server.RaftServerConfigKeys (ConfUtils.java:logGet(44)) - raft.server.log.appender.install.snapshot.enabled = false (custom)
2022-05-15 13:41:35,795 [pool-337-thread-1] INFO  server.RaftServer$Division (ServerState.java:<init>(105)) - af85fa71-cc4a-45b4-bde1-582dc540ff8f@group-CF99767B2349: ConfigurationManager, init=-1: [973cc8cb-e509-4233-af3a-79f51edd0087|rpc:10.1.0.20:40659|dataStream:|priority:0, af85fa71-cc4a-45b4-bde1-582dc540ff8f|rpc:10.1.0.20:34911|dataStream:|priority:0, 62110aa0-c05a-4ca3-9370-20a62204988f|rpc:10.1.0.20:35533|dataStream:|priority:1], old=null, confs=<EMPTY_MAP>
2022-05-15 13:41:35,795 [pool-337-thread-1] INFO  server.RaftServerConfigKeys (ConfUtils.java:logGet(44)) - raft.server.storage.dir = [/home/runner/work/ozone/ozone/hadoop-ozone/integration-test/target/test-dir/MiniOzoneClusterImpl-e86d4cca-927e-4c63-aa7c-55f5088052e8/datanode-1/data/ratis] (custom)
2022-05-15 13:41:35,795 [pool-337-thread-1] INFO  server.RaftServerConfigKeys (ConfUtils.java:logGet(44)) - raft.server.log.corruption.policy = EXCEPTION (default)
2022-05-15 13:41:35,795 [pool-337-thread-1] INFO  server.RaftServerConfigKeys (ConfUtils.java:logGet(44)) - raft.server.storage.free-space.min = 0MB (=0) (default)
2022-05-15 13:41:35,795 [pool-337-thread-1] INFO  storage.RaftStorageDirectory (RaftStorageDirectoryImpl.java:analyzeStorage(135)) - The storage directory /home/runner/work/ozone/ozone/hadoop-ozone/integration-test/target/test-dir/MiniOzoneClusterImpl-e86d4cca-927e-4c63-aa7c-55f5088052e8/datanode-1/data/ratis/41bc3f13-16a7-4014-b00c-cf99767b2349 does not exist. Creating ...
2022-05-15 13:41:35,796 [pool-337-thread-1] INFO  storage.RaftStorageDirectory (RaftStorageDirectoryImpl.java:tryLock(230)) - Lock on /home/runner/work/ozone/ozone/hadoop-ozone/integration-test/target/test-dir/MiniOzoneClusterImpl-e86d4cca-927e-4c63-aa7c-55f5088052e8/datanode-1/data/ratis/41bc3f13-16a7-4014-b00c-cf99767b2349/in_use.lock acquired by nodename 19587@fv-az40-973
2022-05-15 13:41:35,799 [pool-337-thread-1] INFO  storage.RaftStorage (RaftStorageImpl.java:format(89)) - Storage directory /home/runner/work/ozone/ozone/hadoop-ozone/integration-test/target/test-dir/MiniOzoneClusterImpl-e86d4cca-927e-4c63-aa7c-55f5088052e8/datanode-1/data/ratis/41bc3f13-16a7-4014-b00c-cf99767b2349 has been successfully formatted.
2022-05-15 13:41:35,803 [pool-337-thread-1] INFO  ratis.ContainerStateMachine (ContainerStateMachine.java:loadSnapshot(236)) - group-CF99767B2349: The snapshot info is null. Setting the last applied indexto:(t:0, i:~)
2022-05-15 13:41:35,803 [pool-337-thread-1] INFO  server.RaftServerConfigKeys (ConfUtils.java:logGet(44)) - raft.server.notification.no-leader.timeout = 300s (custom)
2022-05-15 13:41:35,803 [pool-337-thread-1] INFO  server.RaftServerConfigKeys (ConfUtils.java:logGet(44)) - raft.server.log.use.memory = false (default)
2022-05-15 13:41:35,803 [pool-337-thread-1] INFO  server.RaftServerConfigKeys (ConfUtils.java:logGet(44)) - raft.server.log.purge.gap = 1000000 (custom)
2022-05-15 13:41:35,803 [pool-337-thread-1] INFO  server.RaftServerConfigKeys (ConfUtils.java:logGet(44)) - raft.server.log.appender.buffer.byte-limit = 33554432 (custom)
2022-05-15 13:41:35,803 [pool-337-thread-1] INFO  server.RaftServerConfigKeys (ConfUtils.java:logGet(44)) - raft.server.log.segment.size.max = 1048576 (custom)
2022-05-15 13:41:35,804 [pool-337-thread-1] INFO  server.RaftServerConfigKeys (ConfUtils.java:logGet(44)) - raft.server.log.segment.cache.num.max = 2 (custom)
2022-05-15 13:41:35,804 [pool-337-thread-1] INFO  server.RaftServerConfigKeys (ConfUtils.java:logGet(44)) - raft.server.log.segment.cache.size.max = 200MB (=209715200) (default)
2022-05-15 13:41:35,804 [pool-337-thread-1] INFO  segmented.SegmentedRaftLogWorker (SegmentedRaftLogWorker.java:<init>(182)) - new af85fa71-cc4a-45b4-bde1-582dc540ff8f@group-CF99767B2349-SegmentedRaftLogWorker for RaftStorageImpl:Storage Directory /home/runner/work/ozone/ozone/hadoop-ozone/integration-test/target/test-dir/MiniOzoneClusterImpl-e86d4cca-927e-4c63-aa7c-55f5088052e8/datanode-1/data/ratis/41bc3f13-16a7-4014-b00c-cf99767b2349
2022-05-15 13:41:35,804 [pool-337-thread-1] INFO  server.RaftServerConfigKeys (ConfUtils.java:logGet(44)) - raft.server.log.queue.byte-limit = 4294967296 (custom)
2022-05-15 13:41:35,804 [pool-337-thread-1] INFO  server.RaftServerConfigKeys (ConfUtils.java:logGet(44)) - raft.server.log.queue.element-limit = 1024 (custom)
2022-05-15 13:41:35,804 [pool-337-thread-1] INFO  server.RaftServerConfigKeys (ConfUtils.java:logGet(44)) - raft.server.log.segment.size.max = 1048576 (custom)
2022-05-15 13:41:35,804 [pool-337-thread-1] INFO  server.RaftServerConfigKeys (ConfUtils.java:logGet(44)) - raft.server.log.preallocated.size = 16384 (custom)
2022-05-15 13:41:35,804 [pool-337-thread-1] INFO  server.RaftServerConfigKeys (ConfUtils.java:logGet(44)) - raft.server.log.force.sync.num = 128 (default)
2022-05-15 13:41:35,804 [pool-337-thread-1] INFO  server.RaftServerConfigKeys (ConfUtils.java:logGet(44)) - raft.server.log.statemachine.data.sync = true (default)
2022-05-15 13:41:35,804 [pool-337-thread-1] INFO  server.RaftServerConfigKeys (ConfUtils.java:logGet(44)) - raft.server.log.statemachine.data.sync.timeout = 10s (default)
2022-05-15 13:41:35,804 [pool-337-thread-1] INFO  server.RaftServerConfigKeys (ConfUtils.java:logGet(44)) - raft.server.log.statemachine.data.sync.timeout.retry = -1 (default)
2022-05-15 13:41:35,805 [pool-337-thread-1] INFO  server.RaftServerConfigKeys (ConfUtils.java:logGet(44)) - raft.server.log.write.buffer.size = 1048576 (custom)
2022-05-15 13:41:35,805 [pool-337-thread-1] INFO  server.RaftServerConfigKeys (ConfUtils.java:logGet(44)) - raft.server.log.statemachine.data.caching.enabled = true (custom)
2022-05-15 13:41:35,805 [pool-337-thread-1] INFO  segmented.SegmentedRaftLogWorker (SegmentedRaftLogWorker.java:lambda$new$0(133)) - af85fa71-cc4a-45b4-bde1-582dc540ff8f@group-CF99767B2349-SegmentedRaftLogWorker: flushIndex: setUnconditionally 0 -> -1
2022-05-15 13:41:35,805 [pool-337-thread-1] INFO  segmented.SegmentedRaftLogWorker (SegmentedRaftLogWorker.java:lambda$new$0(133)) - af85fa71-cc4a-45b4-bde1-582dc540ff8f@group-CF99767B2349-SegmentedRaftLogWorker: safeCacheEvictIndex: setUnconditionally 0 -> -1
2022-05-15 13:41:35,814 [pool-337-thread-1] INFO  server.RaftServerConfigKeys (ConfUtils.java:logGet(44)) - raft.server.snapshot.auto.trigger.enabled = true (custom)
2022-05-15 13:41:35,814 [pool-337-thread-1] INFO  server.RaftServerConfigKeys (ConfUtils.java:logGet(44)) - raft.server.snapshot.auto.trigger.threshold = 10000 (custom)
2022-05-15 13:41:35,814 [pool-337-thread-1] INFO  server.RaftServerConfigKeys (ConfUtils.java:logGet(44)) - raft.server.snapshot.retention.file.num = 5 (custom)
2022-05-15 13:41:35,814 [pool-337-thread-1] INFO  server.RaftServerConfigKeys (ConfUtils.java:logGet(44)) - raft.server.log.purge.upto.snapshot.index = false (default)
2022-05-15 13:41:35,815 [pool-337-thread-1] INFO  server.RaftServerConfigKeys (ConfUtils.java:logGet(44)) - raft.server.retrycache.expirytime = 600000ms (custom)
2022-05-15 13:41:35,815 [pool-337-thread-1] INFO  server.RaftServerConfigKeys (ConfUtils.java:logGet(44)) - raft.server.retrycache.statistics.expirytime = 100μs (default)
2022-05-15 13:41:35,816 [pool-337-thread-1] INFO  server.RaftServer$Division (RaftServerImpl.java:start(301)) - af85fa71-cc4a-45b4-bde1-582dc540ff8f@group-CF99767B2349: start as a follower, conf=-1: [973cc8cb-e509-4233-af3a-79f51edd0087|rpc:10.1.0.20:40659|dataStream:|priority:0, af85fa71-cc4a-45b4-bde1-582dc540ff8f|rpc:10.1.0.20:34911|dataStream:|priority:0, 62110aa0-c05a-4ca3-9370-20a62204988f|rpc:10.1.0.20:35533|dataStream:|priority:1], old=null
2022-05-15 13:41:35,816 [pool-337-thread-1] INFO  server.RaftServer$Division (RaftServerImpl.java:setRole(290)) - af85fa71-cc4a-45b4-bde1-582dc540ff8f@group-CF99767B2349: changes role from      null to FOLLOWER at term 0 for startAsFollower
2022-05-15 13:41:35,816 [pool-337-thread-1] INFO  impl.RoleInfo (RoleInfo.java:updateAndGet(130)) - af85fa71-cc4a-45b4-bde1-582dc540ff8f: start af85fa71-cc4a-45b4-bde1-582dc540ff8f@group-CF99767B2349-FollowerState
2022-05-15 13:41:35,816 [pool-337-thread-1] INFO  util.JmxRegister (JmxRegister.java:tryRegister(44)) - Successfully registered JMX Bean with object name Ratis:service=RaftServer,group=group-CF99767B2349,id=af85fa71-cc4a-45b4-bde1-582dc540ff8f
2022-05-15 13:41:35,847 [grpc-default-executor-0] INFO  server.RaftServer (RaftServerProxy.java:addNew(95)) - 973cc8cb-e509-4233-af3a-79f51edd0087: addNew group-CF99767B2349:[973cc8cb-e509-4233-af3a-79f51edd0087|rpc:10.1.0.20:40659|dataStream:|priority:0, af85fa71-cc4a-45b4-bde1-582dc540ff8f|rpc:10.1.0.20:34911|dataStream:|priority:0, 62110aa0-c05a-4ca3-9370-20a62204988f|rpc:10.1.0.20:35533|dataStream:|priority:1] returns group-CF99767B2349:java.util.concurrent.CompletableFuture@146d6a4c[Not completed]
2022-05-15 13:41:35,868 [pool-358-thread-1] INFO  server.RaftServer$Division (RaftServerImpl.java:<init>(184)) - 973cc8cb-e509-4233-af3a-79f51edd0087: new RaftServerImpl for group-CF99767B2349:[973cc8cb-e509-4233-af3a-79f51edd0087|rpc:10.1.0.20:40659|dataStream:|priority:0, af85fa71-cc4a-45b4-bde1-582dc540ff8f|rpc:10.1.0.20:34911|dataStream:|priority:0, 62110aa0-c05a-4ca3-9370-20a62204988f|rpc:10.1.0.20:35533|dataStream:|priority:1] with ContainerStateMachine:uninitialized
2022-05-15 13:41:35,886 [pool-358-thread-1] INFO  server.RaftServerConfigKeys (ConfUtils.java:logGet(44)) - raft.server.rpc.timeout.min = 5s (custom)
2022-05-15 13:41:35,886 [pool-358-thread-1] INFO  server.RaftServerConfigKeys (ConfUtils.java:logGet(44)) - raft.server.rpc.timeout.max = 5200ms (custom)
2022-05-15 13:41:35,886 [pool-358-thread-1] INFO  server.RaftServerConfigKeys (ConfUtils.java:logGet(44)) - raft.server.rpc.sleep.time = 25ms (default)
2022-05-15 13:41:35,886 [pool-358-thread-1] INFO  server.RaftServerConfigKeys (ConfUtils.java:logGet(44)) - raft.server.rpc.slowness.timeout = 300s (custom)
2022-05-15 13:41:35,886 [pool-358-thread-1] INFO  server.RaftServerConfigKeys (ConfUtils.java:logGet(44)) - raft.server.leaderelection.leader.step-down.wait-time = 10s (default)
2022-05-15 13:41:35,887 [pool-358-thread-1] INFO  server.RaftServerConfigKeys (ConfUtils.java:logGet(44)) - raft.server.sleep.deviation.threshold = 300ms (default)
2022-05-15 13:41:35,887 [pool-358-thread-1] INFO  server.RaftServerConfigKeys (ConfUtils.java:logGet(44)) - raft.server.log.appender.install.snapshot.enabled = false (custom)
2022-05-15 13:41:35,887 [pool-358-thread-1] INFO  server.RaftServer$Division (ServerState.java:<init>(105)) - 973cc8cb-e509-4233-af3a-79f51edd0087@group-CF99767B2349: ConfigurationManager, init=-1: [973cc8cb-e509-4233-af3a-79f51edd0087|rpc:10.1.0.20:40659|dataStream:|priority:0, af85fa71-cc4a-45b4-bde1-582dc540ff8f|rpc:10.1.0.20:34911|dataStream:|priority:0, 62110aa0-c05a-4ca3-9370-20a62204988f|rpc:10.1.0.20:35533|dataStream:|priority:1], old=null, confs=<EMPTY_MAP>
2022-05-15 13:41:35,887 [pool-358-thread-1] INFO  server.RaftServerConfigKeys (ConfUtils.java:logGet(44)) - raft.server.storage.dir = [/home/runner/work/ozone/ozone/hadoop-ozone/integration-test/target/test-dir/MiniOzoneClusterImpl-e86d4cca-927e-4c63-aa7c-55f5088052e8/datanode-2/data/ratis] (custom)
2022-05-15 13:41:35,887 [pool-358-thread-1] INFO  server.RaftServerConfigKeys (ConfUtils.java:logGet(44)) - raft.server.log.corruption.policy = EXCEPTION (default)
2022-05-15 13:41:35,887 [pool-358-thread-1] INFO  server.RaftServerConfigKeys (ConfUtils.java:logGet(44)) - raft.server.storage.free-space.min = 0MB (=0) (default)
2022-05-15 13:41:35,887 [pool-358-thread-1] INFO  storage.RaftStorageDirectory (RaftStorageDirectoryImpl.java:analyzeStorage(135)) - The storage directory /home/runner/work/ozone/ozone/hadoop-ozone/integration-test/target/test-dir/MiniOzoneClusterImpl-e86d4cca-927e-4c63-aa7c-55f5088052e8/datanode-2/data/ratis/41bc3f13-16a7-4014-b00c-cf99767b2349 does not exist. Creating ...
2022-05-15 13:41:35,888 [pool-358-thread-1] INFO  storage.RaftStorageDirectory (RaftStorageDirectoryImpl.java:tryLock(230)) - Lock on /home/runner/work/ozone/ozone/hadoop-ozone/integration-test/target/test-dir/MiniOzoneClusterImpl-e86d4cca-927e-4c63-aa7c-55f5088052e8/datanode-2/data/ratis/41bc3f13-16a7-4014-b00c-cf99767b2349/in_use.lock acquired by nodename 19587@fv-az40-973
2022-05-15 13:41:35,889 [pool-358-thread-1] INFO  storage.RaftStorage (RaftStorageImpl.java:format(89)) - Storage directory /home/runner/work/ozone/ozone/hadoop-ozone/integration-test/target/test-dir/MiniOzoneClusterImpl-e86d4cca-927e-4c63-aa7c-55f5088052e8/datanode-2/data/ratis/41bc3f13-16a7-4014-b00c-cf99767b2349 has been successfully formatted.
2022-05-15 13:41:35,889 [pool-358-thread-1] INFO  ratis.ContainerStateMachine (ContainerStateMachine.java:loadSnapshot(236)) - group-CF99767B2349: The snapshot info is null. Setting the last applied indexto:(t:0, i:~)
2022-05-15 13:41:35,890 [pool-358-thread-1] INFO  server.RaftServerConfigKeys (ConfUtils.java:logGet(44)) - raft.server.notification.no-leader.timeout = 300s (custom)
2022-05-15 13:41:35,890 [pool-358-thread-1] INFO  server.RaftServerConfigKeys (ConfUtils.java:logGet(44)) - raft.server.log.use.memory = false (default)
2022-05-15 13:41:35,890 [pool-358-thread-1] INFO  server.RaftServerConfigKeys (ConfUtils.java:logGet(44)) - raft.server.log.purge.gap = 1000000 (custom)
2022-05-15 13:41:35,890 [pool-358-thread-1] INFO  server.RaftServerConfigKeys (ConfUtils.java:logGet(44)) - raft.server.log.appender.buffer.byte-limit = 33554432 (custom)
2022-05-15 13:41:35,890 [pool-358-thread-1] INFO  server.RaftServerConfigKeys (ConfUtils.java:logGet(44)) - raft.server.log.segment.size.max = 1048576 (custom)
2022-05-15 13:41:35,890 [pool-358-thread-1] INFO  server.RaftServerConfigKeys (ConfUtils.java:logGet(44)) - raft.server.log.segment.cache.num.max = 2 (custom)
2022-05-15 13:41:35,890 [pool-358-thread-1] INFO  server.RaftServerConfigKeys (ConfUtils.java:logGet(44)) - raft.server.log.segment.cache.size.max = 200MB (=209715200) (default)
2022-05-15 13:41:35,890 [pool-358-thread-1] INFO  segmented.SegmentedRaftLogWorker (SegmentedRaftLogWorker.java:<init>(182)) - new 973cc8cb-e509-4233-af3a-79f51edd0087@group-CF99767B2349-SegmentedRaftLogWorker for RaftStorageImpl:Storage Directory /home/runner/work/ozone/ozone/hadoop-ozone/integration-test/target/test-dir/MiniOzoneClusterImpl-e86d4cca-927e-4c63-aa7c-55f5088052e8/datanode-2/data/ratis/41bc3f13-16a7-4014-b00c-cf99767b2349
2022-05-15 13:41:35,890 [pool-358-thread-1] INFO  server.RaftServerConfigKeys (ConfUtils.java:logGet(44)) - raft.server.log.queue.byte-limit = 4294967296 (custom)
2022-05-15 13:41:35,890 [pool-358-thread-1] INFO  server.RaftServerConfigKeys (ConfUtils.java:logGet(44)) - raft.server.log.queue.element-limit = 1024 (custom)
2022-05-15 13:41:35,891 [pool-358-thread-1] INFO  server.RaftServerConfigKeys (ConfUtils.java:logGet(44)) - raft.server.log.segment.size.max = 1048576 (custom)
2022-05-15 13:41:35,891 [pool-358-thread-1] INFO  server.RaftServerConfigKeys (ConfUtils.java:logGet(44)) - raft.server.log.preallocated.size = 16384 (custom)
2022-05-15 13:41:35,891 [pool-358-thread-1] INFO  server.RaftServerConfigKeys (ConfUtils.java:logGet(44)) - raft.server.log.force.sync.num = 128 (default)
2022-05-15 13:41:35,891 [pool-358-thread-1] INFO  server.RaftServerConfigKeys (ConfUtils.java:logGet(44)) - raft.server.log.statemachine.data.sync = true (default)
2022-05-15 13:41:35,891 [pool-358-thread-1] INFO  server.RaftServerConfigKeys (ConfUtils.java:logGet(44)) - raft.server.log.statemachine.data.sync.timeout = 10s (default)
2022-05-15 13:41:35,891 [pool-358-thread-1] INFO  server.RaftServerConfigKeys (ConfUtils.java:logGet(44)) - raft.server.log.statemachine.data.sync.timeout.retry = -1 (default)
2022-05-15 13:41:35,891 [pool-358-thread-1] INFO  server.RaftServerConfigKeys (ConfUtils.java:logGet(44)) - raft.server.log.write.buffer.size = 1048576 (custom)
2022-05-15 13:41:35,892 [pool-358-thread-1] INFO  server.RaftServerConfigKeys (ConfUtils.java:logGet(44)) - raft.server.log.statemachine.data.caching.enabled = true (custom)
2022-05-15 13:41:35,892 [pool-358-thread-1] INFO  segmented.SegmentedRaftLogWorker (SegmentedRaftLogWorker.java:lambda$new$0(133)) - 973cc8cb-e509-4233-af3a-79f51edd0087@group-CF99767B2349-SegmentedRaftLogWorker: flushIndex: setUnconditionally 0 -> -1
2022-05-15 13:41:35,892 [pool-358-thread-1] INFO  segmented.SegmentedRaftLogWorker (SegmentedRaftLogWorker.java:lambda$new$0(133)) - 973cc8cb-e509-4233-af3a-79f51edd0087@group-CF99767B2349-SegmentedRaftLogWorker: safeCacheEvictIndex: setUnconditionally 0 -> -1
2022-05-15 13:41:35,922 [pool-358-thread-1] INFO  server.RaftServerConfigKeys (ConfUtils.java:logGet(44)) - raft.server.snapshot.auto.trigger.enabled = true (custom)
2022-05-15 13:41:35,922 [pool-358-thread-1] INFO  server.RaftServerConfigKeys (ConfUtils.java:logGet(44)) - raft.server.snapshot.auto.trigger.threshold = 10000 (custom)
2022-05-15 13:41:35,923 [pool-358-thread-1] INFO  server.RaftServerConfigKeys (ConfUtils.java:logGet(44)) - raft.server.snapshot.retention.file.num = 5 (custom)
2022-05-15 13:41:35,923 [pool-358-thread-1] INFO  server.RaftServerConfigKeys (ConfUtils.java:logGet(44)) - raft.server.log.purge.upto.snapshot.index = false (default)
2022-05-15 13:41:35,923 [pool-358-thread-1] INFO  server.RaftServerConfigKeys (ConfUtils.java:logGet(44)) - raft.server.retrycache.expirytime = 600000ms (custom)
2022-05-15 13:41:35,923 [pool-358-thread-1] INFO  server.RaftServerConfigKeys (ConfUtils.java:logGet(44)) - raft.server.retrycache.statistics.expirytime = 100μs (default)
2022-05-15 13:41:35,924 [pool-358-thread-1] INFO  server.RaftServer$Division (RaftServerImpl.java:start(301)) - 973cc8cb-e509-4233-af3a-79f51edd0087@group-CF99767B2349: start as a follower, conf=-1: [973cc8cb-e509-4233-af3a-79f51edd0087|rpc:10.1.0.20:40659|dataStream:|priority:0, af85fa71-cc4a-45b4-bde1-582dc540ff8f|rpc:10.1.0.20:34911|dataStream:|priority:0, 62110aa0-c05a-4ca3-9370-20a62204988f|rpc:10.1.0.20:35533|dataStream:|priority:1], old=null
2022-05-15 13:41:35,924 [pool-358-thread-1] INFO  server.RaftServer$Division (RaftServerImpl.java:setRole(290)) - 973cc8cb-e509-4233-af3a-79f51edd0087@group-CF99767B2349: changes role from      null to FOLLOWER at term 0 for startAsFollower
2022-05-15 13:41:35,924 [pool-358-thread-1] INFO  impl.RoleInfo (RoleInfo.java:updateAndGet(130)) - 973cc8cb-e509-4233-af3a-79f51edd0087: start 973cc8cb-e509-4233-af3a-79f51edd0087@group-CF99767B2349-FollowerState
2022-05-15 13:41:35,942 [pool-358-thread-1] INFO  util.JmxRegister (JmxRegister.java:tryRegister(44)) - Successfully registered JMX Bean with object name Ratis:service=RaftServer,group=group-CF99767B2349,id=973cc8cb-e509-4233-af3a-79f51edd0087
2022-05-15 13:41:35,974 [Command processor thread] INFO  commandhandler.CreatePipelineCommandHandler (CreatePipelineCommandHandler.java:handle(113)) - Created Pipeline RATIS THREE PipelineID=41bc3f13-16a7-4014-b00c-cf99767b2349.
2022-05-15 13:41:35,974 [Command processor thread] INFO  server.RaftServer (RaftServerProxy.java:addNew(95)) - 62110aa0-c05a-4ca3-9370-20a62204988f: addNew group-FEE219A666F6:[973cc8cb-e509-4233-af3a-79f51edd0087|rpc:10.1.0.20:40659|priority:1, af85fa71-cc4a-45b4-bde1-582dc540ff8f|rpc:10.1.0.20:34911|priority:0, 62110aa0-c05a-4ca3-9370-20a62204988f|rpc:10.1.0.20:35533|priority:0] returns group-FEE219A666F6:java.util.concurrent.CompletableFuture@4fb64cc6[Not completed]
2022-05-15 13:41:35,975 [pool-316-thread-1] INFO  server.RaftServer$Division (RaftServerImpl.java:<init>(184)) - 62110aa0-c05a-4ca3-9370-20a62204988f: new RaftServerImpl for group-FEE219A666F6:[973cc8cb-e509-4233-af3a-79f51edd0087|rpc:10.1.0.20:40659|priority:1, af85fa71-cc4a-45b4-bde1-582dc540ff8f|rpc:10.1.0.20:34911|priority:0, 62110aa0-c05a-4ca3-9370-20a62204988f|rpc:10.1.0.20:35533|priority:0] with ContainerStateMachine:uninitialized
2022-05-15 13:41:35,975 [pool-316-thread-1] INFO  server.RaftServerConfigKeys (ConfUtils.java:logGet(44)) - raft.server.rpc.timeout.min = 5s (custom)
2022-05-15 13:41:35,975 [pool-316-thread-1] INFO  server.RaftServerConfigKeys (ConfUtils.java:logGet(44)) - raft.server.rpc.timeout.max = 5200ms (custom)
2022-05-15 13:41:35,975 [pool-316-thread-1] INFO  server.RaftServerConfigKeys (ConfUtils.java:logGet(44)) - raft.server.rpc.sleep.time = 25ms (default)
2022-05-15 13:41:35,975 [pool-316-thread-1] INFO  server.RaftServerConfigKeys (ConfUtils.java:logGet(44)) - raft.server.rpc.slowness.timeout = 300s (custom)
2022-05-15 13:41:35,975 [pool-316-thread-1] INFO  server.RaftServerConfigKeys (ConfUtils.java:logGet(44)) - raft.server.leaderelection.leader.step-down.wait-time = 10s (default)
2022-05-15 13:41:35,975 [pool-316-thread-1] INFO  server.RaftServerConfigKeys (ConfUtils.java:logGet(44)) - raft.server.sleep.deviation.threshold = 300ms (default)
2022-05-15 13:41:35,975 [pool-316-thread-1] INFO  server.RaftServerConfigKeys (ConfUtils.java:logGet(44)) - raft.server.log.appender.install.snapshot.enabled = false (custom)
2022-05-15 13:41:35,975 [pool-316-thread-1] INFO  server.RaftServer$Division (ServerState.java:<init>(105)) - 62110aa0-c05a-4ca3-9370-20a62204988f@group-FEE219A666F6: ConfigurationManager, init=-1: [973cc8cb-e509-4233-af3a-79f51edd0087|rpc:10.1.0.20:40659|priority:1, af85fa71-cc4a-45b4-bde1-582dc540ff8f|rpc:10.1.0.20:34911|priority:0, 62110aa0-c05a-4ca3-9370-20a62204988f|rpc:10.1.0.20:35533|priority:0], old=null, confs=<EMPTY_MAP>
2022-05-15 13:41:35,975 [pool-316-thread-1] INFO  server.RaftServerConfigKeys (ConfUtils.java:logGet(44)) - raft.server.storage.dir = [/home/runner/work/ozone/ozone/hadoop-ozone/integration-test/target/test-dir/MiniOzoneClusterImpl-e86d4cca-927e-4c63-aa7c-55f5088052e8/datanode-0/data/ratis] (custom)
2022-05-15 13:41:35,976 [pool-316-thread-1] INFO  server.RaftServerConfigKeys (ConfUtils.java:logGet(44)) - raft.server.log.corruption.policy = EXCEPTION (default)
2022-05-15 13:41:35,976 [pool-316-thread-1] INFO  server.RaftServerConfigKeys (ConfUtils.java:logGet(44)) - raft.server.storage.free-space.min = 0MB (=0) (default)
2022-05-15 13:41:35,976 [pool-316-thread-1] INFO  storage.RaftStorageDirectory (RaftStorageDirectoryImpl.java:analyzeStorage(135)) - The storage directory /home/runner/work/ozone/ozone/hadoop-ozone/integration-test/target/test-dir/MiniOzoneClusterImpl-e86d4cca-927e-4c63-aa7c-55f5088052e8/datanode-0/data/ratis/dd54e02f-5f73-4249-ae6a-fee219a666f6 does not exist. Creating ...
2022-05-15 13:41:35,978 [pool-316-thread-1] INFO  storage.RaftStorageDirectory (RaftStorageDirectoryImpl.java:tryLock(230)) - Lock on /home/runner/work/ozone/ozone/hadoop-ozone/integration-test/target/test-dir/MiniOzoneClusterImpl-e86d4cca-927e-4c63-aa7c-55f5088052e8/datanode-0/data/ratis/dd54e02f-5f73-4249-ae6a-fee219a666f6/in_use.lock acquired by nodename 19587@fv-az40-973
2022-05-15 13:41:35,983 [pool-316-thread-1] INFO  storage.RaftStorage (RaftStorageImpl.java:format(89)) - Storage directory /home/runner/work/ozone/ozone/hadoop-ozone/integration-test/target/test-dir/MiniOzoneClusterImpl-e86d4cca-927e-4c63-aa7c-55f5088052e8/datanode-0/data/ratis/dd54e02f-5f73-4249-ae6a-fee219a666f6 has been successfully formatted.
2022-05-15 13:41:35,984 [EventQueue-OpenPipelineForHealthyPipelineSafeModeRule] INFO  safemode.SCMSafeModeManager (HealthyPipelineSafeModeRule.java:process(124)) - SCM in safe mode. Healthy pipelines reported count is 0, required healthy pipeline reported count is 1
2022-05-15 13:41:35,986 [pool-316-thread-1] INFO  ratis.ContainerStateMachine (ContainerStateMachine.java:loadSnapshot(236)) - group-FEE219A666F6: The snapshot info is null. Setting the last applied indexto:(t:0, i:~)
2022-05-15 13:41:35,986 [pool-316-thread-1] INFO  server.RaftServerConfigKeys (ConfUtils.java:logGet(44)) - raft.server.notification.no-leader.timeout = 300s (custom)
2022-05-15 13:41:35,986 [pool-316-thread-1] INFO  server.RaftServerConfigKeys (ConfUtils.java:logGet(44)) - raft.server.log.use.memory = false (default)
2022-05-15 13:41:35,986 [pool-316-thread-1] INFO  server.RaftServerConfigKeys (ConfUtils.java:logGet(44)) - raft.server.log.purge.gap = 1000000 (custom)
2022-05-15 13:41:35,987 [pool-316-thread-1] INFO  server.RaftServerConfigKeys (ConfUtils.java:logGet(44)) - raft.server.log.appender.buffer.byte-limit = 33554432 (custom)
2022-05-15 13:41:35,987 [pool-316-thread-1] INFO  server.RaftServerConfigKeys (ConfUtils.java:logGet(44)) - raft.server.log.segment.size.max = 1048576 (custom)
2022-05-15 13:41:35,987 [pool-316-thread-1] INFO  server.RaftServerConfigKeys (ConfUtils.java:logGet(44)) - raft.server.log.segment.cache.num.max = 2 (custom)
2022-05-15 13:41:35,987 [pool-316-thread-1] INFO  server.RaftServerConfigKeys (ConfUtils.java:logGet(44)) - raft.server.log.segment.cache.size.max = 200MB (=209715200) (default)
2022-05-15 13:41:35,987 [pool-316-thread-1] INFO  segmented.SegmentedRaftLogWorker (SegmentedRaftLogWorker.java:<init>(182)) - new 62110aa0-c05a-4ca3-9370-20a62204988f@group-FEE219A666F6-SegmentedRaftLogWorker for RaftStorageImpl:Storage Directory /home/runner/work/ozone/ozone/hadoop-ozone/integration-test/target/test-dir/MiniOzoneClusterImpl-e86d4cca-927e-4c63-aa7c-55f5088052e8/datanode-0/data/ratis/dd54e02f-5f73-4249-ae6a-fee219a666f6
2022-05-15 13:41:35,987 [pool-316-thread-1] INFO  server.RaftServerConfigKeys (ConfUtils.java:logGet(44)) - raft.server.log.queue.byte-limit = 4294967296 (custom)
2022-05-15 13:41:35,987 [pool-316-thread-1] INFO  server.RaftServerConfigKeys (ConfUtils.java:logGet(44)) - raft.server.log.queue.element-limit = 1024 (custom)
2022-05-15 13:41:35,987 [pool-316-thread-1] INFO  server.RaftServerConfigKeys (ConfUtils.java:logGet(44)) - raft.server.log.segment.size.max = 1048576 (custom)
2022-05-15 13:41:35,987 [pool-316-thread-1] INFO  server.RaftServerConfigKeys (ConfUtils.java:logGet(44)) - raft.server.log.preallocated.size = 16384 (custom)
2022-05-15 13:41:35,987 [pool-316-thread-1] INFO  server.RaftServerConfigKeys (ConfUtils.java:logGet(44)) - raft.server.log.force.sync.num = 128 (default)
2022-05-15 13:41:35,987 [pool-316-thread-1] INFO  server.RaftServerConfigKeys (ConfUtils.java:logGet(44)) - raft.server.log.statemachine.data.sync = true (default)
2022-05-15 13:41:35,987 [pool-316-thread-1] INFO  server.RaftServerConfigKeys (ConfUtils.java:logGet(44)) - raft.server.log.statemachine.data.sync.timeout = 10s (default)
2022-05-15 13:41:35,987 [pool-316-thread-1] INFO  server.RaftServerConfigKeys (ConfUtils.java:logGet(44)) - raft.server.log.statemachine.data.sync.timeout.retry = -1 (default)
2022-05-15 13:41:35,988 [pool-316-thread-1] INFO  server.RaftServerConfigKeys (ConfUtils.java:logGet(44)) - raft.server.log.write.buffer.size = 1048576 (custom)
2022-05-15 13:41:35,989 [pool-316-thread-1] INFO  server.RaftServerConfigKeys (ConfUtils.java:logGet(44)) - raft.server.log.statemachine.data.caching.enabled = true (custom)
2022-05-15 13:41:35,989 [pool-316-thread-1] INFO  segmented.SegmentedRaftLogWorker (SegmentedRaftLogWorker.java:lambda$new$0(133)) - 62110aa0-c05a-4ca3-9370-20a62204988f@group-FEE219A666F6-SegmentedRaftLogWorker: flushIndex: setUnconditionally 0 -> -1
2022-05-15 13:41:35,989 [pool-316-thread-1] INFO  segmented.SegmentedRaftLogWorker (SegmentedRaftLogWorker.java:lambda$new$0(133)) - 62110aa0-c05a-4ca3-9370-20a62204988f@group-FEE219A666F6-SegmentedRaftLogWorker: safeCacheEvictIndex: setUnconditionally 0 -> -1
2022-05-15 13:41:36,007 [pool-316-thread-1] INFO  server.RaftServerConfigKeys (ConfUtils.java:logGet(44)) - raft.server.snapshot.auto.trigger.enabled = true (custom)
2022-05-15 13:41:36,007 [pool-316-thread-1] INFO  server.RaftServerConfigKeys (ConfUtils.java:logGet(44)) - raft.server.snapshot.auto.trigger.threshold = 10000 (custom)
2022-05-15 13:41:36,007 [pool-316-thread-1] INFO  server.RaftServerConfigKeys (ConfUtils.java:logGet(44)) - raft.server.snapshot.retention.file.num = 5 (custom)
2022-05-15 13:41:36,007 [pool-316-thread-1] INFO  server.RaftServerConfigKeys (ConfUtils.java:logGet(44)) - raft.server.log.purge.upto.snapshot.index = false (default)
2022-05-15 13:41:36,008 [pool-316-thread-1] INFO  server.RaftServerConfigKeys (ConfUtils.java:logGet(44)) - raft.server.retrycache.expirytime = 600000ms (custom)
2022-05-15 13:41:36,008 [pool-316-thread-1] INFO  server.RaftServerConfigKeys (ConfUtils.java:logGet(44)) - raft.server.retrycache.statistics.expirytime = 100μs (default)
2022-05-15 13:41:36,009 [pool-316-thread-1] INFO  server.RaftServer$Division (RaftServerImpl.java:start(301)) - 62110aa0-c05a-4ca3-9370-20a62204988f@group-FEE219A666F6: start as a follower, conf=-1: [973cc8cb-e509-4233-af3a-79f51edd0087|rpc:10.1.0.20:40659|priority:1, af85fa71-cc4a-45b4-bde1-582dc540ff8f|rpc:10.1.0.20:34911|priority:0, 62110aa0-c05a-4ca3-9370-20a62204988f|rpc:10.1.0.20:35533|priority:0], old=null
2022-05-15 13:41:36,009 [pool-316-thread-1] INFO  server.RaftServer$Division (RaftServerImpl.java:setRole(290)) - 62110aa0-c05a-4ca3-9370-20a62204988f@group-FEE219A666F6: changes role from      null to FOLLOWER at term 0 for startAsFollower
2022-05-15 13:41:36,009 [pool-316-thread-1] INFO  impl.RoleInfo (RoleInfo.java:updateAndGet(130)) - 62110aa0-c05a-4ca3-9370-20a62204988f: start 62110aa0-c05a-4ca3-9370-20a62204988f@group-FEE219A666F6-FollowerState
2022-05-15 13:41:36,013 [pool-316-thread-1] INFO  util.JmxRegister (JmxRegister.java:tryRegister(44)) - Successfully registered JMX Bean with object name Ratis:service=RaftServer,group=group-FEE219A666F6,id=62110aa0-c05a-4ca3-9370-20a62204988f
2022-05-15 13:41:36,022 [Command processor thread] INFO  ratis.XceiverServerRatis (XceiverServerRatis.java:addGroup(765)) - Created group PipelineID=dd54e02f-5f73-4249-ae6a-fee219a666f6
2022-05-15 13:41:36,028 [grpc-default-executor-0] INFO  server.RaftServer (RaftServerProxy.java:addNew(95)) - af85fa71-cc4a-45b4-bde1-582dc540ff8f: addNew group-FEE219A666F6:[973cc8cb-e509-4233-af3a-79f51edd0087|rpc:10.1.0.20:40659|dataStream:|priority:1, af85fa71-cc4a-45b4-bde1-582dc540ff8f|rpc:10.1.0.20:34911|dataStream:|priority:0, 62110aa0-c05a-4ca3-9370-20a62204988f|rpc:10.1.0.20:35533|dataStream:|priority:0] returns group-FEE219A666F6:java.util.concurrent.CompletableFuture@56631ca7[Not completed]
2022-05-15 13:41:36,029 [pool-337-thread-1] INFO  server.RaftServer$Division (RaftServerImpl.java:<init>(184)) - af85fa71-cc4a-45b4-bde1-582dc540ff8f: new RaftServerImpl for group-FEE219A666F6:[973cc8cb-e509-4233-af3a-79f51edd0087|rpc:10.1.0.20:40659|dataStream:|priority:1, af85fa71-cc4a-45b4-bde1-582dc540ff8f|rpc:10.1.0.20:34911|dataStream:|priority:0, 62110aa0-c05a-4ca3-9370-20a62204988f|rpc:10.1.0.20:35533|dataStream:|priority:0] with ContainerStateMachine:uninitialized
2022-05-15 13:41:36,029 [pool-337-thread-1] INFO  server.RaftServerConfigKeys (ConfUtils.java:logGet(44)) - raft.server.rpc.timeout.min = 5s (custom)
2022-05-15 13:41:36,029 [pool-337-thread-1] INFO  server.RaftServerConfigKeys (ConfUtils.java:logGet(44)) - raft.server.rpc.timeout.max = 5200ms (custom)
2022-05-15 13:41:36,029 [pool-337-thread-1] INFO  server.RaftServerConfigKeys (ConfUtils.java:logGet(44)) - raft.server.rpc.sleep.time = 25ms (default)
2022-05-15 13:41:36,029 [pool-337-thread-1] INFO  server.RaftServerConfigKeys (ConfUtils.java:logGet(44)) - raft.server.rpc.slowness.timeout = 300s (custom)
2022-05-15 13:41:36,029 [pool-337-thread-1] INFO  server.RaftServerConfigKeys (ConfUtils.java:logGet(44)) - raft.server.leaderelection.leader.step-down.wait-time = 10s (default)
2022-05-15 13:41:36,029 [pool-337-thread-1] INFO  server.RaftServerConfigKeys (ConfUtils.java:logGet(44)) - raft.server.sleep.deviation.threshold = 300ms (default)
2022-05-15 13:41:36,029 [pool-337-thread-1] INFO  server.RaftServerConfigKeys (ConfUtils.java:logGet(44)) - raft.server.log.appender.install.snapshot.enabled = false (custom)
2022-05-15 13:41:36,029 [pool-337-thread-1] INFO  server.RaftServer$Division (ServerState.java:<init>(105)) - af85fa71-cc4a-45b4-bde1-582dc540ff8f@group-FEE219A666F6: ConfigurationManager, init=-1: [973cc8cb-e509-4233-af3a-79f51edd0087|rpc:10.1.0.20:40659|dataStream:|priority:1, af85fa71-cc4a-45b4-bde1-582dc540ff8f|rpc:10.1.0.20:34911|dataStream:|priority:0, 62110aa0-c05a-4ca3-9370-20a62204988f|rpc:10.1.0.20:35533|dataStream:|priority:0], old=null, confs=<EMPTY_MAP>
2022-05-15 13:41:36,029 [pool-337-thread-1] INFO  server.RaftServerConfigKeys (ConfUtils.java:logGet(44)) - raft.server.storage.dir = [/home/runner/work/ozone/ozone/hadoop-ozone/integration-test/target/test-dir/MiniOzoneClusterImpl-e86d4cca-927e-4c63-aa7c-55f5088052e8/datanode-1/data/ratis] (custom)
2022-05-15 13:41:36,030 [pool-337-thread-1] INFO  server.RaftServerConfigKeys (ConfUtils.java:logGet(44)) - raft.server.log.corruption.policy = EXCEPTION (default)
2022-05-15 13:41:36,030 [pool-337-thread-1] INFO  server.RaftServerConfigKeys (ConfUtils.java:logGet(44)) - raft.server.storage.free-space.min = 0MB (=0) (default)
2022-05-15 13:41:36,030 [pool-337-thread-1] INFO  storage.RaftStorageDirectory (RaftStorageDirectoryImpl.java:analyzeStorage(135)) - The storage directory /home/runner/work/ozone/ozone/hadoop-ozone/integration-test/target/test-dir/MiniOzoneClusterImpl-e86d4cca-927e-4c63-aa7c-55f5088052e8/datanode-1/data/ratis/dd54e02f-5f73-4249-ae6a-fee219a666f6 does not exist. Creating ...
2022-05-15 13:41:36,030 [pool-337-thread-1] INFO  storage.RaftStorageDirectory (RaftStorageDirectoryImpl.java:tryLock(230)) - Lock on /home/runner/work/ozone/ozone/hadoop-ozone/integration-test/target/test-dir/MiniOzoneClusterImpl-e86d4cca-927e-4c63-aa7c-55f5088052e8/datanode-1/data/ratis/dd54e02f-5f73-4249-ae6a-fee219a666f6/in_use.lock acquired by nodename 19587@fv-az40-973
2022-05-15 13:41:36,035 [pool-337-thread-1] INFO  storage.RaftStorage (RaftStorageImpl.java:format(89)) - Storage directory /home/runner/work/ozone/ozone/hadoop-ozone/integration-test/target/test-dir/MiniOzoneClusterImpl-e86d4cca-927e-4c63-aa7c-55f5088052e8/datanode-1/data/ratis/dd54e02f-5f73-4249-ae6a-fee219a666f6 has been successfully formatted.
2022-05-15 13:41:36,037 [pool-337-thread-1] INFO  ratis.ContainerStateMachine (ContainerStateMachine.java:loadSnapshot(236)) - group-FEE219A666F6: The snapshot info is null. Setting the last applied indexto:(t:0, i:~)
2022-05-15 13:41:36,037 [pool-337-thread-1] INFO  server.RaftServerConfigKeys (ConfUtils.java:logGet(44)) - raft.server.notification.no-leader.timeout = 300s (custom)
2022-05-15 13:41:36,037 [pool-337-thread-1] INFO  server.RaftServerConfigKeys (ConfUtils.java:logGet(44)) - raft.server.log.use.memory = false (default)
2022-05-15 13:41:36,037 [pool-337-thread-1] INFO  server.RaftServerConfigKeys (ConfUtils.java:logGet(44)) - raft.server.log.purge.gap = 1000000 (custom)
2022-05-15 13:41:36,037 [pool-337-thread-1] INFO  server.RaftServerConfigKeys (ConfUtils.java:logGet(44)) - raft.server.log.appender.buffer.byte-limit = 33554432 (custom)
2022-05-15 13:41:36,037 [pool-337-thread-1] INFO  server.RaftServerConfigKeys (ConfUtils.java:logGet(44)) - raft.server.log.segment.size.max = 1048576 (custom)
2022-05-15 13:41:36,038 [pool-337-thread-1] INFO  server.RaftServerConfigKeys (ConfUtils.java:logGet(44)) - raft.server.log.segment.cache.num.max = 2 (custom)
2022-05-15 13:41:36,038 [pool-337-thread-1] INFO  server.RaftServerConfigKeys (ConfUtils.java:logGet(44)) - raft.server.log.segment.cache.size.max = 200MB (=209715200) (default)
2022-05-15 13:41:36,038 [pool-337-thread-1] INFO  segmented.SegmentedRaftLogWorker (SegmentedRaftLogWorker.java:<init>(182)) - new af85fa71-cc4a-45b4-bde1-582dc540ff8f@group-FEE219A666F6-SegmentedRaftLogWorker for RaftStorageImpl:Storage Directory /home/runner/work/ozone/ozone/hadoop-ozone/integration-test/target/test-dir/MiniOzoneClusterImpl-e86d4cca-927e-4c63-aa7c-55f5088052e8/datanode-1/data/ratis/dd54e02f-5f73-4249-ae6a-fee219a666f6
2022-05-15 13:41:36,038 [pool-337-thread-1] INFO  server.RaftServerConfigKeys (ConfUtils.java:logGet(44)) - raft.server.log.queue.byte-limit = 4294967296 (custom)
2022-05-15 13:41:36,038 [pool-337-thread-1] INFO  server.RaftServerConfigKeys (ConfUtils.java:logGet(44)) - raft.server.log.queue.element-limit = 1024 (custom)
2022-05-15 13:41:36,038 [pool-337-thread-1] INFO  server.RaftServerConfigKeys (ConfUtils.java:logGet(44)) - raft.server.log.segment.size.max = 1048576 (custom)
2022-05-15 13:41:36,038 [pool-337-thread-1] INFO  server.RaftServerConfigKeys (ConfUtils.java:logGet(44)) - raft.server.log.preallocated.size = 16384 (custom)
2022-05-15 13:41:36,038 [pool-337-thread-1] INFO  server.RaftServerConfigKeys (ConfUtils.java:logGet(44)) - raft.server.log.force.sync.num = 128 (default)
2022-05-15 13:41:36,038 [pool-337-thread-1] INFO  server.RaftServerConfigKeys (ConfUtils.java:logGet(44)) - raft.server.log.statemachine.data.sync = true (default)
2022-05-15 13:41:36,038 [pool-337-thread-1] INFO  server.RaftServerConfigKeys (ConfUtils.java:logGet(44)) - raft.server.log.statemachine.data.sync.timeout = 10s (default)
2022-05-15 13:41:36,038 [pool-337-thread-1] INFO  server.RaftServerConfigKeys (ConfUtils.java:logGet(44)) - raft.server.log.statemachine.data.sync.timeout.retry = -1 (default)
2022-05-15 13:41:36,039 [pool-337-thread-1] INFO  server.RaftServerConfigKeys (ConfUtils.java:logGet(44)) - raft.server.log.write.buffer.size = 1048576 (custom)
2022-05-15 13:41:36,039 [pool-337-thread-1] INFO  server.RaftServerConfigKeys (ConfUtils.java:logGet(44)) - raft.server.log.statemachine.data.caching.enabled = true (custom)
2022-05-15 13:41:36,039 [pool-337-thread-1] INFO  segmented.SegmentedRaftLogWorker (SegmentedRaftLogWorker.java:lambda$new$0(133)) - af85fa71-cc4a-45b4-bde1-582dc540ff8f@group-FEE219A666F6-SegmentedRaftLogWorker: flushIndex: setUnconditionally 0 -> -1
2022-05-15 13:41:36,039 [pool-337-thread-1] INFO  segmented.SegmentedRaftLogWorker (SegmentedRaftLogWorker.java:lambda$new$0(133)) - af85fa71-cc4a-45b4-bde1-582dc540ff8f@group-FEE219A666F6-SegmentedRaftLogWorker: safeCacheEvictIndex: setUnconditionally 0 -> -1
2022-05-15 13:41:36,051 [pool-337-thread-1] INFO  server.RaftServerConfigKeys (ConfUtils.java:logGet(44)) - raft.server.snapshot.auto.trigger.enabled = true (custom)
2022-05-15 13:41:36,051 [pool-337-thread-1] INFO  server.RaftServerConfigKeys (ConfUtils.java:logGet(44)) - raft.server.snapshot.auto.trigger.threshold = 10000 (custom)
2022-05-15 13:41:36,051 [pool-337-thread-1] INFO  server.RaftServerConfigKeys (ConfUtils.java:logGet(44)) - raft.server.snapshot.retention.file.num = 5 (custom)
2022-05-15 13:41:36,051 [pool-337-thread-1] INFO  server.RaftServerConfigKeys (ConfUtils.java:logGet(44)) - raft.server.log.purge.upto.snapshot.index = false (default)
2022-05-15 13:41:36,051 [pool-337-thread-1] INFO  server.RaftServerConfigKeys (ConfUtils.java:logGet(44)) - raft.server.retrycache.expirytime = 600000ms (custom)
2022-05-15 13:41:36,051 [pool-337-thread-1] INFO  server.RaftServerConfigKeys (ConfUtils.java:logGet(44)) - raft.server.retrycache.statistics.expirytime = 100μs (default)
2022-05-15 13:41:36,052 [pool-337-thread-1] INFO  server.RaftServer$Division (RaftServerImpl.java:start(301)) - af85fa71-cc4a-45b4-bde1-582dc540ff8f@group-FEE219A666F6: start as a follower, conf=-1: [973cc8cb-e509-4233-af3a-79f51edd0087|rpc:10.1.0.20:40659|dataStream:|priority:1, af85fa71-cc4a-45b4-bde1-582dc540ff8f|rpc:10.1.0.20:34911|dataStream:|priority:0, 62110aa0-c05a-4ca3-9370-20a62204988f|rpc:10.1.0.20:35533|dataStream:|priority:0], old=null
2022-05-15 13:41:36,052 [pool-337-thread-1] INFO  server.RaftServer$Division (RaftServerImpl.java:setRole(290)) - af85fa71-cc4a-45b4-bde1-582dc540ff8f@group-FEE219A666F6: changes role from      null to FOLLOWER at term 0 for startAsFollower
2022-05-15 13:41:36,052 [pool-337-thread-1] INFO  impl.RoleInfo (RoleInfo.java:updateAndGet(130)) - af85fa71-cc4a-45b4-bde1-582dc540ff8f: start af85fa71-cc4a-45b4-bde1-582dc540ff8f@group-FEE219A666F6-FollowerState
2022-05-15 13:41:36,062 [pool-337-thread-1] INFO  util.JmxRegister (JmxRegister.java:tryRegister(44)) - Successfully registered JMX Bean with object name Ratis:service=RaftServer,group=group-FEE219A666F6,id=af85fa71-cc4a-45b4-bde1-582dc540ff8f
2022-05-15 13:41:36,114 [Listener at 127.0.0.1/44889] INFO  ozone.MiniOzoneClusterImpl (MiniOzoneClusterImpl.java:lambda$waitForClusterToBeReady$0(221)) - Nodes are ready. Got 3 of 3 DN Heartbeats.
2022-05-15 13:41:36,114 [Listener at 127.0.0.1/44889] INFO  ozone.MiniOzoneClusterImpl (MiniOzoneClusterImpl.java:lambda$waitForClusterToBeReady$0(224)) - Waiting for cluster to exit safe mode
2022-05-15 13:41:36,114 [Listener at 127.0.0.1/44889] INFO  ozone.MiniOzoneClusterImpl (MiniOzoneClusterImpl.java:lambda$waitForClusterToBeReady$0(226)) - SCM became leader
2022-05-15 13:41:36,139 [grpc-default-executor-0] INFO  server.RaftServer (RaftServerProxy.java:addNew(95)) - 973cc8cb-e509-4233-af3a-79f51edd0087: addNew group-FEE219A666F6:[973cc8cb-e509-4233-af3a-79f51edd0087|rpc:10.1.0.20:40659|dataStream:|priority:1, af85fa71-cc4a-45b4-bde1-582dc540ff8f|rpc:10.1.0.20:34911|dataStream:|priority:0, 62110aa0-c05a-4ca3-9370-20a62204988f|rpc:10.1.0.20:35533|dataStream:|priority:0] returns group-FEE219A666F6:java.util.concurrent.CompletableFuture@703bc581[Not completed]
2022-05-15 13:41:36,140 [pool-358-thread-1] INFO  server.RaftServer$Division (RaftServerImpl.java:<init>(184)) - 973cc8cb-e509-4233-af3a-79f51edd0087: new RaftServerImpl for group-FEE219A666F6:[973cc8cb-e509-4233-af3a-79f51edd0087|rpc:10.1.0.20:40659|dataStream:|priority:1, af85fa71-cc4a-45b4-bde1-582dc540ff8f|rpc:10.1.0.20:34911|dataStream:|priority:0, 62110aa0-c05a-4ca3-9370-20a62204988f|rpc:10.1.0.20:35533|dataStream:|priority:0] with ContainerStateMachine:uninitialized
2022-05-15 13:41:36,140 [pool-358-thread-1] INFO  server.RaftServerConfigKeys (ConfUtils.java:logGet(44)) - raft.server.rpc.timeout.min = 5s (custom)
2022-05-15 13:41:36,140 [pool-358-thread-1] INFO  server.RaftServerConfigKeys (ConfUtils.java:logGet(44)) - raft.server.rpc.timeout.max = 5200ms (custom)
2022-05-15 13:41:36,140 [pool-358-thread-1] INFO  server.RaftServerConfigKeys (ConfUtils.java:logGet(44)) - raft.server.rpc.sleep.time = 25ms (default)
2022-05-15 13:41:36,140 [pool-358-thread-1] INFO  server.RaftServerConfigKeys (ConfUtils.java:logGet(44)) - raft.server.rpc.slowness.timeout = 300s (custom)
2022-05-15 13:41:36,140 [pool-358-thread-1] INFO  server.RaftServerConfigKeys (ConfUtils.java:logGet(44)) - raft.server.leaderelection.leader.step-down.wait-time = 10s (default)
2022-05-15 13:41:36,140 [pool-358-thread-1] INFO  server.RaftServerConfigKeys (ConfUtils.java:logGet(44)) - raft.server.sleep.deviation.threshold = 300ms (default)
2022-05-15 13:41:36,140 [pool-358-thread-1] INFO  server.RaftServerConfigKeys (ConfUtils.java:logGet(44)) - raft.server.log.appender.install.snapshot.enabled = false (custom)
2022-05-15 13:41:36,140 [pool-358-thread-1] INFO  server.RaftServer$Division (ServerState.java:<init>(105)) - 973cc8cb-e509-4233-af3a-79f51edd0087@group-FEE219A666F6: ConfigurationManager, init=-1: [973cc8cb-e509-4233-af3a-79f51edd0087|rpc:10.1.0.20:40659|dataStream:|priority:1, af85fa71-cc4a-45b4-bde1-582dc540ff8f|rpc:10.1.0.20:34911|dataStream:|priority:0, 62110aa0-c05a-4ca3-9370-20a62204988f|rpc:10.1.0.20:35533|dataStream:|priority:0], old=null, confs=<EMPTY_MAP>
2022-05-15 13:41:36,140 [pool-358-thread-1] INFO  server.RaftServerConfigKeys (ConfUtils.java:logGet(44)) - raft.server.storage.dir = [/home/runner/work/ozone/ozone/hadoop-ozone/integration-test/target/test-dir/MiniOzoneClusterImpl-e86d4cca-927e-4c63-aa7c-55f5088052e8/datanode-2/data/ratis] (custom)
2022-05-15 13:41:36,140 [pool-358-thread-1] INFO  server.RaftServerConfigKeys (ConfUtils.java:logGet(44)) - raft.server.log.corruption.policy = EXCEPTION (default)
2022-05-15 13:41:36,140 [pool-358-thread-1] INFO  server.RaftServerConfigKeys (ConfUtils.java:logGet(44)) - raft.server.storage.free-space.min = 0MB (=0) (default)
2022-05-15 13:41:36,141 [pool-358-thread-1] INFO  storage.RaftStorageDirectory (RaftStorageDirectoryImpl.java:analyzeStorage(135)) - The storage directory /home/runner/work/ozone/ozone/hadoop-ozone/integration-test/target/test-dir/MiniOzoneClusterImpl-e86d4cca-927e-4c63-aa7c-55f5088052e8/datanode-2/data/ratis/dd54e02f-5f73-4249-ae6a-fee219a666f6 does not exist. Creating ...
2022-05-15 13:41:36,148 [pool-358-thread-1] INFO  storage.RaftStorageDirectory (RaftStorageDirectoryImpl.java:tryLock(230)) - Lock on /home/runner/work/ozone/ozone/hadoop-ozone/integration-test/target/test-dir/MiniOzoneClusterImpl-e86d4cca-927e-4c63-aa7c-55f5088052e8/datanode-2/data/ratis/dd54e02f-5f73-4249-ae6a-fee219a666f6/in_use.lock acquired by nodename 19587@fv-az40-973
2022-05-15 13:41:36,149 [pool-358-thread-1] INFO  storage.RaftStorage (RaftStorageImpl.java:format(89)) - Storage directory /home/runner/work/ozone/ozone/hadoop-ozone/integration-test/target/test-dir/MiniOzoneClusterImpl-e86d4cca-927e-4c63-aa7c-55f5088052e8/datanode-2/data/ratis/dd54e02f-5f73-4249-ae6a-fee219a666f6 has been successfully formatted.
2022-05-15 13:41:36,150 [pool-358-thread-1] INFO  ratis.ContainerStateMachine (ContainerStateMachine.java:loadSnapshot(236)) - group-FEE219A666F6: The snapshot info is null. Setting the last applied indexto:(t:0, i:~)
2022-05-15 13:41:36,150 [pool-358-thread-1] INFO  server.RaftServerConfigKeys (ConfUtils.java:logGet(44)) - raft.server.notification.no-leader.timeout = 300s (custom)
2022-05-15 13:41:36,150 [pool-358-thread-1] INFO  server.RaftServerConfigKeys (ConfUtils.java:logGet(44)) - raft.server.log.use.memory = false (default)
2022-05-15 13:41:36,150 [pool-358-thread-1] INFO  server.RaftServerConfigKeys (ConfUtils.java:logGet(44)) - raft.server.log.purge.gap = 1000000 (custom)
2022-05-15 13:41:36,150 [pool-358-thread-1] INFO  server.RaftServerConfigKeys (ConfUtils.java:logGet(44)) - raft.server.log.appender.buffer.byte-limit = 33554432 (custom)
2022-05-15 13:41:36,150 [pool-358-thread-1] INFO  server.RaftServerConfigKeys (ConfUtils.java:logGet(44)) - raft.server.log.segment.size.max = 1048576 (custom)
2022-05-15 13:41:36,151 [pool-358-thread-1] INFO  server.RaftServerConfigKeys (ConfUtils.java:logGet(44)) - raft.server.log.segment.cache.num.max = 2 (custom)
2022-05-15 13:41:36,151 [pool-358-thread-1] INFO  server.RaftServerConfigKeys (ConfUtils.java:logGet(44)) - raft.server.log.segment.cache.size.max = 200MB (=209715200) (default)
2022-05-15 13:41:36,151 [pool-358-thread-1] INFO  segmented.SegmentedRaftLogWorker (SegmentedRaftLogWorker.java:<init>(182)) - new 973cc8cb-e509-4233-af3a-79f51edd0087@group-FEE219A666F6-SegmentedRaftLogWorker for RaftStorageImpl:Storage Directory /home/runner/work/ozone/ozone/hadoop-ozone/integration-test/target/test-dir/MiniOzoneClusterImpl-e86d4cca-927e-4c63-aa7c-55f5088052e8/datanode-2/data/ratis/dd54e02f-5f73-4249-ae6a-fee219a666f6
2022-05-15 13:41:36,151 [pool-358-thread-1] INFO  server.RaftServerConfigKeys (ConfUtils.java:logGet(44)) - raft.server.log.queue.byte-limit = 4294967296 (custom)
2022-05-15 13:41:36,151 [pool-358-thread-1] INFO  server.RaftServerConfigKeys (ConfUtils.java:logGet(44)) - raft.server.log.queue.element-limit = 1024 (custom)
2022-05-15 13:41:36,151 [pool-358-thread-1] INFO  server.RaftServerConfigKeys (ConfUtils.java:logGet(44)) - raft.server.log.segment.size.max = 1048576 (custom)
2022-05-15 13:41:36,151 [pool-358-thread-1] INFO  server.RaftServerConfigKeys (ConfUtils.java:logGet(44)) - raft.server.log.preallocated.size = 16384 (custom)
2022-05-15 13:41:36,151 [pool-358-thread-1] INFO  server.RaftServerConfigKeys (ConfUtils.java:logGet(44)) - raft.server.log.force.sync.num = 128 (default)
2022-05-15 13:41:36,151 [pool-358-thread-1] INFO  server.RaftServerConfigKeys (ConfUtils.java:logGet(44)) - raft.server.log.statemachine.data.sync = true (default)
2022-05-15 13:41:36,151 [pool-358-thread-1] INFO  server.RaftServerConfigKeys (ConfUtils.java:logGet(44)) - raft.server.log.statemachine.data.sync.timeout = 10s (default)
2022-05-15 13:41:36,151 [pool-358-thread-1] INFO  server.RaftServerConfigKeys (ConfUtils.java:logGet(44)) - raft.server.log.statemachine.data.sync.timeout.retry = -1 (default)
2022-05-15 13:41:36,152 [pool-358-thread-1] INFO  server.RaftServerConfigKeys (ConfUtils.java:logGet(44)) - raft.server.log.write.buffer.size = 1048576 (custom)
2022-05-15 13:41:36,152 [pool-358-thread-1] INFO  server.RaftServerConfigKeys (ConfUtils.java:logGet(44)) - raft.server.log.statemachine.data.caching.enabled = true (custom)
2022-05-15 13:41:36,152 [pool-358-thread-1] INFO  segmented.SegmentedRaftLogWorker (SegmentedRaftLogWorker.java:lambda$new$0(133)) - 973cc8cb-e509-4233-af3a-79f51edd0087@group-FEE219A666F6-SegmentedRaftLogWorker: flushIndex: setUnconditionally 0 -> -1
2022-05-15 13:41:36,153 [pool-358-thread-1] INFO  segmented.SegmentedRaftLogWorker (SegmentedRaftLogWorker.java:lambda$new$0(133)) - 973cc8cb-e509-4233-af3a-79f51edd0087@group-FEE219A666F6-SegmentedRaftLogWorker: safeCacheEvictIndex: setUnconditionally 0 -> -1
2022-05-15 13:41:36,159 [pool-358-thread-1] INFO  server.RaftServerConfigKeys (ConfUtils.java:logGet(44)) - raft.server.snapshot.auto.trigger.enabled = true (custom)
2022-05-15 13:41:36,159 [pool-358-thread-1] INFO  server.RaftServerConfigKeys (ConfUtils.java:logGet(44)) - raft.server.snapshot.auto.trigger.threshold = 10000 (custom)
2022-05-15 13:41:36,159 [pool-358-thread-1] INFO  server.RaftServerConfigKeys (ConfUtils.java:logGet(44)) - raft.server.snapshot.retention.file.num = 5 (custom)
2022-05-15 13:41:36,159 [pool-358-thread-1] INFO  server.RaftServerConfigKeys (ConfUtils.java:logGet(44)) - raft.server.log.purge.upto.snapshot.index = false (default)
2022-05-15 13:41:36,159 [pool-358-thread-1] INFO  server.RaftServerConfigKeys (ConfUtils.java:logGet(44)) - raft.server.retrycache.expirytime = 600000ms (custom)
2022-05-15 13:41:36,159 [pool-358-thread-1] INFO  server.RaftServerConfigKeys (ConfUtils.java:logGet(44)) - raft.server.retrycache.statistics.expirytime = 100μs (default)
2022-05-15 13:41:36,160 [pool-358-thread-1] INFO  server.RaftServer$Division (RaftServerImpl.java:start(301)) - 973cc8cb-e509-4233-af3a-79f51edd0087@group-FEE219A666F6: start as a follower, conf=-1: [973cc8cb-e509-4233-af3a-79f51edd0087|rpc:10.1.0.20:40659|dataStream:|priority:1, af85fa71-cc4a-45b4-bde1-582dc540ff8f|rpc:10.1.0.20:34911|dataStream:|priority:0, 62110aa0-c05a-4ca3-9370-20a62204988f|rpc:10.1.0.20:35533|dataStream:|priority:0], old=null
2022-05-15 13:41:36,160 [pool-358-thread-1] INFO  server.RaftServer$Division (RaftServerImpl.java:setRole(290)) - 973cc8cb-e509-4233-af3a-79f51edd0087@group-FEE219A666F6: changes role from      null to FOLLOWER at term 0 for startAsFollower
2022-05-15 13:41:36,160 [pool-358-thread-1] INFO  impl.RoleInfo (RoleInfo.java:updateAndGet(130)) - 973cc8cb-e509-4233-af3a-79f51edd0087: start 973cc8cb-e509-4233-af3a-79f51edd0087@group-FEE219A666F6-FollowerState
2022-05-15 13:41:36,166 [pool-358-thread-1] INFO  util.JmxRegister (JmxRegister.java:tryRegister(44)) - Successfully registered JMX Bean with object name Ratis:service=RaftServer,group=group-FEE219A666F6,id=973cc8cb-e509-4233-af3a-79f51edd0087
2022-05-15 13:41:36,175 [Command processor thread] INFO  server.RaftServer (RaftServerProxy.java:addNew(95)) - af85fa71-cc4a-45b4-bde1-582dc540ff8f: addNew group-2E3F02200B31:[af85fa71-cc4a-45b4-bde1-582dc540ff8f|rpc:10.1.0.20:34911|priority:1] returns group-2E3F02200B31:java.util.concurrent.CompletableFuture@67afff97[Not completed]
2022-05-15 13:41:36,176 [pool-337-thread-1] INFO  server.RaftServer$Division (RaftServerImpl.java:<init>(184)) - af85fa71-cc4a-45b4-bde1-582dc540ff8f: new RaftServerImpl for group-2E3F02200B31:[af85fa71-cc4a-45b4-bde1-582dc540ff8f|rpc:10.1.0.20:34911|priority:1] with ContainerStateMachine:uninitialized
2022-05-15 13:41:36,176 [pool-337-thread-1] INFO  server.RaftServerConfigKeys (ConfUtils.java:logGet(44)) - raft.server.rpc.timeout.min = 5s (custom)
2022-05-15 13:41:36,176 [pool-337-thread-1] INFO  server.RaftServerConfigKeys (ConfUtils.java:logGet(44)) - raft.server.rpc.timeout.max = 5200ms (custom)
2022-05-15 13:41:36,176 [pool-337-thread-1] INFO  server.RaftServerConfigKeys (ConfUtils.java:logGet(44)) - raft.server.rpc.sleep.time = 25ms (default)
2022-05-15 13:41:36,176 [pool-337-thread-1] INFO  server.RaftServerConfigKeys (ConfUtils.java:logGet(44)) - raft.server.rpc.slowness.timeout = 300s (custom)
2022-05-15 13:41:36,176 [pool-337-thread-1] INFO  server.RaftServerConfigKeys (ConfUtils.java:logGet(44)) - raft.server.leaderelection.leader.step-down.wait-time = 10s (default)
2022-05-15 13:41:36,176 [pool-337-thread-1] INFO  server.RaftServerConfigKeys (ConfUtils.java:logGet(44)) - raft.server.sleep.deviation.threshold = 300ms (default)
2022-05-15 13:41:36,176 [pool-337-thread-1] INFO  server.RaftServerConfigKeys (ConfUtils.java:logGet(44)) - raft.server.log.appender.install.snapshot.enabled = false (custom)
2022-05-15 13:41:36,176 [pool-337-thread-1] INFO  server.RaftServer$Division (ServerState.java:<init>(105)) - af85fa71-cc4a-45b4-bde1-582dc540ff8f@group-2E3F02200B31: ConfigurationManager, init=-1: [af85fa71-cc4a-45b4-bde1-582dc540ff8f|rpc:10.1.0.20:34911|priority:1], old=null, confs=<EMPTY_MAP>
2022-05-15 13:41:36,176 [pool-337-thread-1] INFO  server.RaftServerConfigKeys (ConfUtils.java:logGet(44)) - raft.server.storage.dir = [/home/runner/work/ozone/ozone/hadoop-ozone/integration-test/target/test-dir/MiniOzoneClusterImpl-e86d4cca-927e-4c63-aa7c-55f5088052e8/datanode-1/data/ratis] (custom)
2022-05-15 13:41:36,176 [pool-337-thread-1] INFO  server.RaftServerConfigKeys (ConfUtils.java:logGet(44)) - raft.server.log.corruption.policy = EXCEPTION (default)
2022-05-15 13:41:36,176 [pool-337-thread-1] INFO  server.RaftServerConfigKeys (ConfUtils.java:logGet(44)) - raft.server.storage.free-space.min = 0MB (=0) (default)
2022-05-15 13:41:36,176 [pool-337-thread-1] INFO  storage.RaftStorageDirectory (RaftStorageDirectoryImpl.java:analyzeStorage(135)) - The storage directory /home/runner/work/ozone/ozone/hadoop-ozone/integration-test/target/test-dir/MiniOzoneClusterImpl-e86d4cca-927e-4c63-aa7c-55f5088052e8/datanode-1/data/ratis/32ed6e36-e054-47b1-9fc0-2e3f02200b31 does not exist. Creating ...
2022-05-15 13:41:36,178 [Command processor thread] INFO  commandhandler.CreatePipelineCommandHandler (CreatePipelineCommandHandler.java:handle(113)) - Created Pipeline RATIS THREE PipelineID=dd54e02f-5f73-4249-ae6a-fee219a666f6.
2022-05-15 13:41:36,178 [pool-337-thread-1] INFO  storage.RaftStorageDirectory (RaftStorageDirectoryImpl.java:tryLock(230)) - Lock on /home/runner/work/ozone/ozone/hadoop-ozone/integration-test/target/test-dir/MiniOzoneClusterImpl-e86d4cca-927e-4c63-aa7c-55f5088052e8/datanode-1/data/ratis/32ed6e36-e054-47b1-9fc0-2e3f02200b31/in_use.lock acquired by nodename 19587@fv-az40-973
2022-05-15 13:41:36,182 [pool-337-thread-1] INFO  storage.RaftStorage (RaftStorageImpl.java:format(89)) - Storage directory /home/runner/work/ozone/ozone/hadoop-ozone/integration-test/target/test-dir/MiniOzoneClusterImpl-e86d4cca-927e-4c63-aa7c-55f5088052e8/datanode-1/data/ratis/32ed6e36-e054-47b1-9fc0-2e3f02200b31 has been successfully formatted.
2022-05-15 13:41:36,183 [pool-337-thread-1] INFO  ratis.ContainerStateMachine (ContainerStateMachine.java:loadSnapshot(236)) - group-2E3F02200B31: The snapshot info is null. Setting the last applied indexto:(t:0, i:~)
2022-05-15 13:41:36,183 [pool-337-thread-1] INFO  server.RaftServerConfigKeys (ConfUtils.java:logGet(44)) - raft.server.notification.no-leader.timeout = 300s (custom)
2022-05-15 13:41:36,183 [pool-337-thread-1] INFO  server.RaftServerConfigKeys (ConfUtils.java:logGet(44)) - raft.server.log.use.memory = false (default)
2022-05-15 13:41:36,183 [pool-337-thread-1] INFO  server.RaftServerConfigKeys (ConfUtils.java:logGet(44)) - raft.server.log.purge.gap = 1000000 (custom)
2022-05-15 13:41:36,183 [pool-337-thread-1] INFO  server.RaftServerConfigKeys (ConfUtils.java:logGet(44)) - raft.server.log.appender.buffer.byte-limit = 33554432 (custom)
2022-05-15 13:41:36,183 [pool-337-thread-1] INFO  server.RaftServerConfigKeys (ConfUtils.java:logGet(44)) - raft.server.log.segment.size.max = 1048576 (custom)
2022-05-15 13:41:36,183 [pool-337-thread-1] INFO  server.RaftServerConfigKeys (ConfUtils.java:logGet(44)) - raft.server.log.segment.cache.num.max = 2 (custom)
2022-05-15 13:41:36,183 [pool-337-thread-1] INFO  server.RaftServerConfigKeys (ConfUtils.java:logGet(44)) - raft.server.log.segment.cache.size.max = 200MB (=209715200) (default)
2022-05-15 13:41:36,183 [pool-337-thread-1] INFO  segmented.SegmentedRaftLogWorker (SegmentedRaftLogWorker.java:<init>(182)) - new af85fa71-cc4a-45b4-bde1-582dc540ff8f@group-2E3F02200B31-SegmentedRaftLogWorker for RaftStorageImpl:Storage Directory /home/runner/work/ozone/ozone/hadoop-ozone/integration-test/target/test-dir/MiniOzoneClusterImpl-e86d4cca-927e-4c63-aa7c-55f5088052e8/datanode-1/data/ratis/32ed6e36-e054-47b1-9fc0-2e3f02200b31
2022-05-15 13:41:36,183 [pool-337-thread-1] INFO  server.RaftServerConfigKeys (ConfUtils.java:logGet(44)) - raft.server.log.queue.byte-limit = 4294967296 (custom)
2022-05-15 13:41:36,185 [EventQueue-PipelineReportForPipelineReportHandler] INFO  pipeline.PipelineManagerImpl (PipelineManagerImpl.java:openPipeline(336)) - Pipeline Pipeline[ Id: 32ed6e36-e054-47b1-9fc0-2e3f02200b31, Nodes: af85fa71-cc4a-45b4-bde1-582dc540ff8f{ip: 10.1.0.20, host: fv-az40-973.r1qzdtoifymehf5jtx2d0vwyfg.bx.internal.cloudapp.net, ports: [REPLICATION=40617, RATIS=34911, RATIS_ADMIN=34911, RATIS_SERVER=34911, STANDALONE=37043], networkLocation: /default-rack, certSerialId: null, persistedOpState: IN_SERVICE, persistedOpStateExpiryEpochSec: 0}, ReplicationConfig: RATIS/ONE, State:ALLOCATED, leaderId:af85fa71-cc4a-45b4-bde1-582dc540ff8f, CreationTimestamp2022-05-15T13:41:33.186Z[Etc/UTC]] moved to OPEN state
2022-05-15 13:41:36,193 [pool-337-thread-1] INFO  server.RaftServerConfigKeys (ConfUtils.java:logGet(44)) - raft.server.log.queue.element-limit = 1024 (custom)
2022-05-15 13:41:36,193 [pool-337-thread-1] INFO  server.RaftServerConfigKeys (ConfUtils.java:logGet(44)) - raft.server.log.segment.size.max = 1048576 (custom)
2022-05-15 13:41:36,193 [pool-337-thread-1] INFO  server.RaftServerConfigKeys (ConfUtils.java:logGet(44)) - raft.server.log.preallocated.size = 16384 (custom)
2022-05-15 13:41:36,194 [pool-337-thread-1] INFO  server.RaftServerConfigKeys (ConfUtils.java:logGet(44)) - raft.server.log.force.sync.num = 128 (default)
2022-05-15 13:41:36,194 [pool-337-thread-1] INFO  server.RaftServerConfigKeys (ConfUtils.java:logGet(44)) - raft.server.log.statemachine.data.sync = true (default)
2022-05-15 13:41:36,194 [pool-337-thread-1] INFO  server.RaftServerConfigKeys (ConfUtils.java:logGet(44)) - raft.server.log.statemachine.data.sync.timeout = 10s (default)
2022-05-15 13:41:36,194 [pool-337-thread-1] INFO  server.RaftServerConfigKeys (ConfUtils.java:logGet(44)) - raft.server.log.statemachine.data.sync.timeout.retry = -1 (default)
2022-05-15 13:41:36,194 [EventQueue-OpenPipelineForHealthyPipelineSafeModeRule] INFO  safemode.SCMSafeModeManager (HealthyPipelineSafeModeRule.java:process(124)) - SCM in safe mode. Healthy pipelines reported count is 0, required healthy pipeline reported count is 1
2022-05-15 13:41:36,194 [pool-337-thread-1] INFO  server.RaftServerConfigKeys (ConfUtils.java:logGet(44)) - raft.server.log.write.buffer.size = 1048576 (custom)
2022-05-15 13:41:36,195 [pool-337-thread-1] INFO  server.RaftServerConfigKeys (ConfUtils.java:logGet(44)) - raft.server.log.statemachine.data.caching.enabled = true (custom)
2022-05-15 13:41:36,195 [pool-337-thread-1] INFO  segmented.SegmentedRaftLogWorker (SegmentedRaftLogWorker.java:lambda$new$0(133)) - af85fa71-cc4a-45b4-bde1-582dc540ff8f@group-2E3F02200B31-SegmentedRaftLogWorker: flushIndex: setUnconditionally 0 -> -1
2022-05-15 13:41:36,195 [pool-337-thread-1] INFO  segmented.SegmentedRaftLogWorker (SegmentedRaftLogWorker.java:lambda$new$0(133)) - af85fa71-cc4a-45b4-bde1-582dc540ff8f@group-2E3F02200B31-SegmentedRaftLogWorker: safeCacheEvictIndex: setUnconditionally 0 -> -1
2022-05-15 13:41:36,196 [pool-337-thread-1] INFO  server.RaftServerConfigKeys (ConfUtils.java:logGet(44)) - raft.server.snapshot.auto.trigger.enabled = true (custom)
2022-05-15 13:41:36,196 [pool-337-thread-1] INFO  server.RaftServerConfigKeys (ConfUtils.java:logGet(44)) - raft.server.snapshot.auto.trigger.threshold = 10000 (custom)
2022-05-15 13:41:36,196 [pool-337-thread-1] INFO  server.RaftServerConfigKeys (ConfUtils.java:logGet(44)) - raft.server.snapshot.retention.file.num = 5 (custom)
2022-05-15 13:41:36,196 [pool-337-thread-1] INFO  server.RaftServerConfigKeys (ConfUtils.java:logGet(44)) - raft.server.log.purge.upto.snapshot.index = false (default)
2022-05-15 13:41:36,197 [pool-337-thread-1] INFO  server.RaftServerConfigKeys (ConfUtils.java:logGet(44)) - raft.server.retrycache.expirytime = 600000ms (custom)
2022-05-15 13:41:36,197 [pool-337-thread-1] INFO  server.RaftServerConfigKeys (ConfUtils.java:logGet(44)) - raft.server.retrycache.statistics.expirytime = 100μs (default)
2022-05-15 13:41:36,198 [pool-337-thread-1] INFO  server.RaftServer$Division (RaftServerImpl.java:start(301)) - af85fa71-cc4a-45b4-bde1-582dc540ff8f@group-2E3F02200B31: start as a follower, conf=-1: [af85fa71-cc4a-45b4-bde1-582dc540ff8f|rpc:10.1.0.20:34911|priority:1], old=null
2022-05-15 13:41:36,198 [pool-337-thread-1] INFO  server.RaftServer$Division (RaftServerImpl.java:setRole(290)) - af85fa71-cc4a-45b4-bde1-582dc540ff8f@group-2E3F02200B31: changes role from      null to FOLLOWER at term 0 for startAsFollower
2022-05-15 13:41:36,198 [pool-337-thread-1] INFO  impl.RoleInfo (RoleInfo.java:updateAndGet(130)) - af85fa71-cc4a-45b4-bde1-582dc540ff8f: start af85fa71-cc4a-45b4-bde1-582dc540ff8f@group-2E3F02200B31-FollowerState
2022-05-15 13:41:36,198 [pool-337-thread-1] INFO  util.JmxRegister (JmxRegister.java:tryRegister(44)) - Successfully registered JMX Bean with object name Ratis:service=RaftServer,group=group-2E3F02200B31,id=af85fa71-cc4a-45b4-bde1-582dc540ff8f
2022-05-15 13:41:36,233 [Command processor thread] INFO  ratis.XceiverServerRatis (XceiverServerRatis.java:addGroup(765)) - Created group PipelineID=32ed6e36-e054-47b1-9fc0-2e3f02200b31
2022-05-15 13:41:36,233 [Command processor thread] INFO  commandhandler.CreatePipelineCommandHandler (CreatePipelineCommandHandler.java:handle(113)) - Created Pipeline RATIS ONE PipelineID=32ed6e36-e054-47b1-9fc0-2e3f02200b31.
2022-05-15 13:41:37,115 [Listener at 127.0.0.1/44889] INFO  ozone.MiniOzoneClusterImpl (MiniOzoneClusterImpl.java:lambda$waitForClusterToBeReady$0(221)) - Nodes are ready. Got 3 of 3 DN Heartbeats.
2022-05-15 13:41:37,115 [Listener at 127.0.0.1/44889] INFO  ozone.MiniOzoneClusterImpl (MiniOzoneClusterImpl.java:lambda$waitForClusterToBeReady$0(224)) - Waiting for cluster to exit safe mode
2022-05-15 13:41:37,115 [Listener at 127.0.0.1/44889] INFO  ozone.MiniOzoneClusterImpl (MiniOzoneClusterImpl.java:lambda$waitForClusterToBeReady$0(226)) - SCM became leader
2022-05-15 13:41:37,190 [Command processor thread] INFO  server.RaftServer (RaftServerProxy.java:addNew(95)) - 973cc8cb-e509-4233-af3a-79f51edd0087: addNew group-7737D9FAF0E1:[973cc8cb-e509-4233-af3a-79f51edd0087|rpc:10.1.0.20:40659|priority:1] returns group-7737D9FAF0E1:java.util.concurrent.CompletableFuture@48e5b5fd[Not completed]
2022-05-15 13:41:37,191 [pool-358-thread-1] INFO  server.RaftServer$Division (RaftServerImpl.java:<init>(184)) - 973cc8cb-e509-4233-af3a-79f51edd0087: new RaftServerImpl for group-7737D9FAF0E1:[973cc8cb-e509-4233-af3a-79f51edd0087|rpc:10.1.0.20:40659|priority:1] with ContainerStateMachine:uninitialized
2022-05-15 13:41:37,191 [pool-358-thread-1] INFO  server.RaftServerConfigKeys (ConfUtils.java:logGet(44)) - raft.server.rpc.timeout.min = 5s (custom)
2022-05-15 13:41:37,191 [pool-358-thread-1] INFO  server.RaftServerConfigKeys (ConfUtils.java:logGet(44)) - raft.server.rpc.timeout.max = 5200ms (custom)
2022-05-15 13:41:37,191 [pool-358-thread-1] INFO  server.RaftServerConfigKeys (ConfUtils.java:logGet(44)) - raft.server.rpc.sleep.time = 25ms (default)
2022-05-15 13:41:37,191 [pool-358-thread-1] INFO  server.RaftServerConfigKeys (ConfUtils.java:logGet(44)) - raft.server.rpc.slowness.timeout = 300s (custom)
2022-05-15 13:41:37,191 [pool-358-thread-1] INFO  server.RaftServerConfigKeys (ConfUtils.java:logGet(44)) - raft.server.leaderelection.leader.step-down.wait-time = 10s (default)
2022-05-15 13:41:37,191 [pool-358-thread-1] INFO  server.RaftServerConfigKeys (ConfUtils.java:logGet(44)) - raft.server.sleep.deviation.threshold = 300ms (default)
2022-05-15 13:41:37,191 [pool-358-thread-1] INFO  server.RaftServerConfigKeys (ConfUtils.java:logGet(44)) - raft.server.log.appender.install.snapshot.enabled = false (custom)
2022-05-15 13:41:37,191 [pool-358-thread-1] INFO  server.RaftServer$Division (ServerState.java:<init>(105)) - 973cc8cb-e509-4233-af3a-79f51edd0087@group-7737D9FAF0E1: ConfigurationManager, init=-1: [973cc8cb-e509-4233-af3a-79f51edd0087|rpc:10.1.0.20:40659|priority:1], old=null, confs=<EMPTY_MAP>
2022-05-15 13:41:37,192 [pool-358-thread-1] INFO  server.RaftServerConfigKeys (ConfUtils.java:logGet(44)) - raft.server.storage.dir = [/home/runner/work/ozone/ozone/hadoop-ozone/integration-test/target/test-dir/MiniOzoneClusterImpl-e86d4cca-927e-4c63-aa7c-55f5088052e8/datanode-2/data/ratis] (custom)
2022-05-15 13:41:37,192 [pool-358-thread-1] INFO  server.RaftServerConfigKeys (ConfUtils.java:logGet(44)) - raft.server.log.corruption.policy = EXCEPTION (default)
2022-05-15 13:41:37,192 [pool-358-thread-1] INFO  server.RaftServerConfigKeys (ConfUtils.java:logGet(44)) - raft.server.storage.free-space.min = 0MB (=0) (default)
2022-05-15 13:41:37,192 [pool-358-thread-1] INFO  storage.RaftStorageDirectory (RaftStorageDirectoryImpl.java:analyzeStorage(135)) - The storage directory /home/runner/work/ozone/ozone/hadoop-ozone/integration-test/target/test-dir/MiniOzoneClusterImpl-e86d4cca-927e-4c63-aa7c-55f5088052e8/datanode-2/data/ratis/25f2907f-4443-470b-964d-7737d9faf0e1 does not exist. Creating ...
2022-05-15 13:41:37,193 [pool-358-thread-1] INFO  storage.RaftStorageDirectory (RaftStorageDirectoryImpl.java:tryLock(230)) - Lock on /home/runner/work/ozone/ozone/hadoop-ozone/integration-test/target/test-dir/MiniOzoneClusterImpl-e86d4cca-927e-4c63-aa7c-55f5088052e8/datanode-2/data/ratis/25f2907f-4443-470b-964d-7737d9faf0e1/in_use.lock acquired by nodename 19587@fv-az40-973
2022-05-15 13:41:37,194 [pool-358-thread-1] INFO  storage.RaftStorage (RaftStorageImpl.java:format(89)) - Storage directory /home/runner/work/ozone/ozone/hadoop-ozone/integration-test/target/test-dir/MiniOzoneClusterImpl-e86d4cca-927e-4c63-aa7c-55f5088052e8/datanode-2/data/ratis/25f2907f-4443-470b-964d-7737d9faf0e1 has been successfully formatted.
2022-05-15 13:41:37,195 [pool-358-thread-1] INFO  ratis.ContainerStateMachine (ContainerStateMachine.java:loadSnapshot(236)) - group-7737D9FAF0E1: The snapshot info is null. Setting the last applied indexto:(t:0, i:~)
2022-05-15 13:41:37,195 [pool-358-thread-1] INFO  server.RaftServerConfigKeys (ConfUtils.java:logGet(44)) - raft.server.notification.no-leader.timeout = 300s (custom)
2022-05-15 13:41:37,195 [pool-358-thread-1] INFO  server.RaftServerConfigKeys (ConfUtils.java:logGet(44)) - raft.server.log.use.memory = false (default)
2022-05-15 13:41:37,195 [pool-358-thread-1] INFO  server.RaftServerConfigKeys (ConfUtils.java:logGet(44)) - raft.server.log.purge.gap = 1000000 (custom)
2022-05-15 13:41:37,195 [pool-358-thread-1] INFO  server.RaftServerConfigKeys (ConfUtils.java:logGet(44)) - raft.server.log.appender.buffer.byte-limit = 33554432 (custom)
2022-05-15 13:41:37,196 [EventQueue-PipelineReportForPipelineReportHandler] INFO  pipeline.PipelineManagerImpl (PipelineManagerImpl.java:openPipeline(336)) - Pipeline Pipeline[ Id: 25f2907f-4443-470b-964d-7737d9faf0e1, Nodes: 973cc8cb-e509-4233-af3a-79f51edd0087{ip: 10.1.0.20, host: fv-az40-973.r1qzdtoifymehf5jtx2d0vwyfg.bx.internal.cloudapp.net, ports: [REPLICATION=37679, RATIS=40659, RATIS_ADMIN=40659, RATIS_SERVER=40659, STANDALONE=40827], networkLocation: /default-rack, certSerialId: null, persistedOpState: IN_SERVICE, persistedOpStateExpiryEpochSec: 0}, ReplicationConfig: RATIS/ONE, State:ALLOCATED, leaderId:973cc8cb-e509-4233-af3a-79f51edd0087, CreationTimestamp2022-05-15T13:41:34.194Z[Etc/UTC]] moved to OPEN state
2022-05-15 13:41:37,196 [pool-358-thread-1] INFO  server.RaftServerConfigKeys (ConfUtils.java:logGet(44)) - raft.server.log.segment.size.max = 1048576 (custom)
2022-05-15 13:41:37,196 [EventQueue-OpenPipelineForHealthyPipelineSafeModeRule] INFO  safemode.SCMSafeModeManager (HealthyPipelineSafeModeRule.java:process(124)) - SCM in safe mode. Healthy pipelines reported count is 0, required healthy pipeline reported count is 1
2022-05-15 13:41:37,196 [pool-358-thread-1] INFO  server.RaftServerConfigKeys (ConfUtils.java:logGet(44)) - raft.server.log.segment.cache.num.max = 2 (custom)
2022-05-15 13:41:37,196 [pool-358-thread-1] INFO  server.RaftServerConfigKeys (ConfUtils.java:logGet(44)) - raft.server.log.segment.cache.size.max = 200MB (=209715200) (default)
2022-05-15 13:41:37,196 [pool-358-thread-1] INFO  segmented.SegmentedRaftLogWorker (SegmentedRaftLogWorker.java:<init>(182)) - new 973cc8cb-e509-4233-af3a-79f51edd0087@group-7737D9FAF0E1-SegmentedRaftLogWorker for RaftStorageImpl:Storage Directory /home/runner/work/ozone/ozone/hadoop-ozone/integration-test/target/test-dir/MiniOzoneClusterImpl-e86d4cca-927e-4c63-aa7c-55f5088052e8/datanode-2/data/ratis/25f2907f-4443-470b-964d-7737d9faf0e1
2022-05-15 13:41:37,196 [pool-358-thread-1] INFO  server.RaftServerConfigKeys (ConfUtils.java:logGet(44)) - raft.server.log.queue.byte-limit = 4294967296 (custom)
2022-05-15 13:41:37,196 [pool-358-thread-1] INFO  server.RaftServerConfigKeys (ConfUtils.java:logGet(44)) - raft.server.log.queue.element-limit = 1024 (custom)
2022-05-15 13:41:37,196 [pool-358-thread-1] INFO  server.RaftServerConfigKeys (ConfUtils.java:logGet(44)) - raft.server.log.segment.size.max = 1048576 (custom)
2022-05-15 13:41:37,196 [pool-358-thread-1] INFO  server.RaftServerConfigKeys (ConfUtils.java:logGet(44)) - raft.server.log.preallocated.size = 16384 (custom)
2022-05-15 13:41:37,196 [pool-358-thread-1] INFO  server.RaftServerConfigKeys (ConfUtils.java:logGet(44)) - raft.server.log.force.sync.num = 128 (default)
2022-05-15 13:41:37,197 [pool-358-thread-1] INFO  server.RaftServerConfigKeys (ConfUtils.java:logGet(44)) - raft.server.log.statemachine.data.sync = true (default)
2022-05-15 13:41:37,197 [pool-358-thread-1] INFO  server.RaftServerConfigKeys (ConfUtils.java:logGet(44)) - raft.server.log.statemachine.data.sync.timeout = 10s (default)
2022-05-15 13:41:37,197 [pool-358-thread-1] INFO  server.RaftServerConfigKeys (ConfUtils.java:logGet(44)) - raft.server.log.statemachine.data.sync.timeout.retry = -1 (default)
2022-05-15 13:41:37,197 [pool-358-thread-1] INFO  server.RaftServerConfigKeys (ConfUtils.java:logGet(44)) - raft.server.log.write.buffer.size = 1048576 (custom)
2022-05-15 13:41:37,201 [pool-358-thread-1] INFO  server.RaftServerConfigKeys (ConfUtils.java:logGet(44)) - raft.server.log.statemachine.data.caching.enabled = true (custom)
2022-05-15 13:41:37,202 [pool-358-thread-1] INFO  segmented.SegmentedRaftLogWorker (SegmentedRaftLogWorker.java:lambda$new$0(133)) - 973cc8cb-e509-4233-af3a-79f51edd0087@group-7737D9FAF0E1-SegmentedRaftLogWorker: flushIndex: setUnconditionally 0 -> -1
2022-05-15 13:41:37,202 [pool-358-thread-1] INFO  segmented.SegmentedRaftLogWorker (SegmentedRaftLogWorker.java:lambda$new$0(133)) - 973cc8cb-e509-4233-af3a-79f51edd0087@group-7737D9FAF0E1-SegmentedRaftLogWorker: safeCacheEvictIndex: setUnconditionally 0 -> -1
2022-05-15 13:41:37,209 [pool-358-thread-1] INFO  server.RaftServerConfigKeys (ConfUtils.java:logGet(44)) - raft.server.snapshot.auto.trigger.enabled = true (custom)
2022-05-15 13:41:37,209 [pool-358-thread-1] INFO  server.RaftServerConfigKeys (ConfUtils.java:logGet(44)) - raft.server.snapshot.auto.trigger.threshold = 10000 (custom)
2022-05-15 13:41:37,209 [pool-358-thread-1] INFO  server.RaftServerConfigKeys (ConfUtils.java:logGet(44)) - raft.server.snapshot.retention.file.num = 5 (custom)
2022-05-15 13:41:37,209 [pool-358-thread-1] INFO  server.RaftServerConfigKeys (ConfUtils.java:logGet(44)) - raft.server.log.purge.upto.snapshot.index = false (default)
2022-05-15 13:41:37,209 [pool-358-thread-1] INFO  server.RaftServerConfigKeys (ConfUtils.java:logGet(44)) - raft.server.retrycache.expirytime = 600000ms (custom)
2022-05-15 13:41:37,209 [pool-358-thread-1] INFO  server.RaftServerConfigKeys (ConfUtils.java:logGet(44)) - raft.server.retrycache.statistics.expirytime = 100μs (default)
2022-05-15 13:41:37,210 [pool-358-thread-1] INFO  server.RaftServer$Division (RaftServerImpl.java:start(301)) - 973cc8cb-e509-4233-af3a-79f51edd0087@group-7737D9FAF0E1: start as a follower, conf=-1: [973cc8cb-e509-4233-af3a-79f51edd0087|rpc:10.1.0.20:40659|priority:1], old=null
2022-05-15 13:41:37,210 [pool-358-thread-1] INFO  server.RaftServer$Division (RaftServerImpl.java:setRole(290)) - 973cc8cb-e509-4233-af3a-79f51edd0087@group-7737D9FAF0E1: changes role from      null to FOLLOWER at term 0 for startAsFollower
2022-05-15 13:41:37,210 [pool-358-thread-1] INFO  impl.RoleInfo (RoleInfo.java:updateAndGet(130)) - 973cc8cb-e509-4233-af3a-79f51edd0087: start 973cc8cb-e509-4233-af3a-79f51edd0087@group-7737D9FAF0E1-FollowerState
2022-05-15 13:41:37,219 [pool-358-thread-1] INFO  util.JmxRegister (JmxRegister.java:tryRegister(44)) - Successfully registered JMX Bean with object name Ratis:service=RaftServer,group=group-7737D9FAF0E1,id=973cc8cb-e509-4233-af3a-79f51edd0087
2022-05-15 13:41:37,226 [Command processor thread] INFO  ratis.XceiverServerRatis (XceiverServerRatis.java:addGroup(765)) - Created group PipelineID=25f2907f-4443-470b-964d-7737d9faf0e1
2022-05-15 13:41:37,226 [Command processor thread] INFO  commandhandler.CreatePipelineCommandHandler (CreatePipelineCommandHandler.java:handle(113)) - Created Pipeline RATIS ONE PipelineID=25f2907f-4443-470b-964d-7737d9faf0e1.
2022-05-15 13:41:38,115 [Listener at 127.0.0.1/44889] INFO  ozone.MiniOzoneClusterImpl (MiniOzoneClusterImpl.java:lambda$waitForClusterToBeReady$0(221)) - Nodes are ready. Got 3 of 3 DN Heartbeats.
2022-05-15 13:41:38,116 [Listener at 127.0.0.1/44889] INFO  ozone.MiniOzoneClusterImpl (MiniOzoneClusterImpl.java:lambda$waitForClusterToBeReady$0(224)) - Waiting for cluster to exit safe mode
2022-05-15 13:41:38,116 [Listener at 127.0.0.1/44889] INFO  ozone.MiniOzoneClusterImpl (MiniOzoneClusterImpl.java:lambda$waitForClusterToBeReady$0(226)) - SCM became leader
2022-05-15 13:41:39,116 [Listener at 127.0.0.1/44889] INFO  ozone.MiniOzoneClusterImpl (MiniOzoneClusterImpl.java:lambda$waitForClusterToBeReady$0(221)) - Nodes are ready. Got 3 of 3 DN Heartbeats.
2022-05-15 13:41:39,116 [Listener at 127.0.0.1/44889] INFO  ozone.MiniOzoneClusterImpl (MiniOzoneClusterImpl.java:lambda$waitForClusterToBeReady$0(224)) - Waiting for cluster to exit safe mode
2022-05-15 13:41:39,116 [Listener at 127.0.0.1/44889] INFO  ozone.MiniOzoneClusterImpl (MiniOzoneClusterImpl.java:lambda$waitForClusterToBeReady$0(226)) - SCM became leader
2022-05-15 13:41:40,116 [Listener at 127.0.0.1/44889] INFO  ozone.MiniOzoneClusterImpl (MiniOzoneClusterImpl.java:lambda$waitForClusterToBeReady$0(221)) - Nodes are ready. Got 3 of 3 DN Heartbeats.
2022-05-15 13:41:40,117 [Listener at 127.0.0.1/44889] INFO  ozone.MiniOzoneClusterImpl (MiniOzoneClusterImpl.java:lambda$waitForClusterToBeReady$0(224)) - Waiting for cluster to exit safe mode
2022-05-15 13:41:40,117 [Listener at 127.0.0.1/44889] INFO  ozone.MiniOzoneClusterImpl (MiniOzoneClusterImpl.java:lambda$waitForClusterToBeReady$0(226)) - SCM became leader
2022-05-15 13:41:40,718 [62110aa0-c05a-4ca3-9370-20a62204988f@group-16816C6910C6-FollowerState] INFO  impl.FollowerState (FollowerState.java:run(134)) - 62110aa0-c05a-4ca3-9370-20a62204988f@group-16816C6910C6-FollowerState: change to CANDIDATE, lastRpcElapsedTime:5060137556ns, electionTimeout:5043ms
2022-05-15 13:41:40,718 [62110aa0-c05a-4ca3-9370-20a62204988f@group-16816C6910C6-FollowerState] INFO  impl.RoleInfo (RoleInfo.java:shutdownFollowerState(108)) - 62110aa0-c05a-4ca3-9370-20a62204988f: shutdown 62110aa0-c05a-4ca3-9370-20a62204988f@group-16816C6910C6-FollowerState
2022-05-15 13:41:40,719 [62110aa0-c05a-4ca3-9370-20a62204988f@group-16816C6910C6-FollowerState] INFO  server.RaftServer$Division (RaftServerImpl.java:setRole(290)) - 62110aa0-c05a-4ca3-9370-20a62204988f@group-16816C6910C6: changes role from  FOLLOWER to CANDIDATE at term 0 for changeToCandidate
2022-05-15 13:41:40,719 [62110aa0-c05a-4ca3-9370-20a62204988f@group-16816C6910C6-FollowerState] INFO  server.RaftServerConfigKeys (ConfUtils.java:logGet(44)) - raft.server.leaderelection.pre-vote = false (custom)
2022-05-15 13:41:40,719 [62110aa0-c05a-4ca3-9370-20a62204988f@group-16816C6910C6-FollowerState] INFO  impl.RoleInfo (RoleInfo.java:updateAndGet(130)) - 62110aa0-c05a-4ca3-9370-20a62204988f: start 62110aa0-c05a-4ca3-9370-20a62204988f@group-16816C6910C6-LeaderElection42
2022-05-15 13:41:40,737 [62110aa0-c05a-4ca3-9370-20a62204988f@group-CF99767B2349-FollowerState] INFO  impl.FollowerState (FollowerState.java:run(134)) - 62110aa0-c05a-4ca3-9370-20a62204988f@group-CF99767B2349-FollowerState: change to CANDIDATE, lastRpcElapsedTime:5015350672ns, electionTimeout:5012ms
2022-05-15 13:41:40,737 [62110aa0-c05a-4ca3-9370-20a62204988f@group-CF99767B2349-FollowerState] INFO  impl.RoleInfo (RoleInfo.java:shutdownFollowerState(108)) - 62110aa0-c05a-4ca3-9370-20a62204988f: shutdown 62110aa0-c05a-4ca3-9370-20a62204988f@group-CF99767B2349-FollowerState
2022-05-15 13:41:40,737 [62110aa0-c05a-4ca3-9370-20a62204988f@group-CF99767B2349-FollowerState] INFO  server.RaftServer$Division (RaftServerImpl.java:setRole(290)) - 62110aa0-c05a-4ca3-9370-20a62204988f@group-CF99767B2349: changes role from  FOLLOWER to CANDIDATE at term 0 for changeToCandidate
2022-05-15 13:41:40,747 [62110aa0-c05a-4ca3-9370-20a62204988f@group-CF99767B2349-FollowerState] INFO  server.RaftServerConfigKeys (ConfUtils.java:logGet(44)) - raft.server.leaderelection.pre-vote = false (custom)
2022-05-15 13:41:40,747 [62110aa0-c05a-4ca3-9370-20a62204988f@group-CF99767B2349-FollowerState] INFO  impl.RoleInfo (RoleInfo.java:updateAndGet(130)) - 62110aa0-c05a-4ca3-9370-20a62204988f: start 62110aa0-c05a-4ca3-9370-20a62204988f@group-CF99767B2349-LeaderElection43
2022-05-15 13:41:40,768 [62110aa0-c05a-4ca3-9370-20a62204988f@group-CF99767B2349-LeaderElection43] INFO  impl.LeaderElection (LeaderElection.java:askForVotes(306)) - 62110aa0-c05a-4ca3-9370-20a62204988f@group-CF99767B2349-LeaderElection43 ELECTION round 0: submit vote requests at term 1 for -1: [973cc8cb-e509-4233-af3a-79f51edd0087|rpc:10.1.0.20:40659|priority:0, af85fa71-cc4a-45b4-bde1-582dc540ff8f|rpc:10.1.0.20:34911|priority:0, 62110aa0-c05a-4ca3-9370-20a62204988f|rpc:10.1.0.20:35533|priority:1], old=null
2022-05-15 13:41:40,768 [62110aa0-c05a-4ca3-9370-20a62204988f@group-16816C6910C6-LeaderElection42] INFO  impl.LeaderElection (LeaderElection.java:askForVotes(306)) - 62110aa0-c05a-4ca3-9370-20a62204988f@group-16816C6910C6-LeaderElection42 ELECTION round 0: submit vote requests at term 1 for -1: [62110aa0-c05a-4ca3-9370-20a62204988f|rpc:10.1.0.20:35533|priority:1], old=null
2022-05-15 13:41:40,768 [62110aa0-c05a-4ca3-9370-20a62204988f@group-16816C6910C6-LeaderElection42] INFO  impl.LeaderElection (LeaderElection.java:askForVotes(308)) - 62110aa0-c05a-4ca3-9370-20a62204988f@group-16816C6910C6-LeaderElection42 ELECTION round 0: result PASSED (term=1)
2022-05-15 13:41:40,768 [62110aa0-c05a-4ca3-9370-20a62204988f@group-16816C6910C6-LeaderElection42] INFO  impl.RoleInfo (RoleInfo.java:shutdownLeaderElection(121)) - 62110aa0-c05a-4ca3-9370-20a62204988f: shutdown 62110aa0-c05a-4ca3-9370-20a62204988f@group-16816C6910C6-LeaderElection42
2022-05-15 13:41:40,768 [62110aa0-c05a-4ca3-9370-20a62204988f@group-16816C6910C6-LeaderElection42] INFO  server.RaftServer$Division (RaftServerImpl.java:setRole(290)) - 62110aa0-c05a-4ca3-9370-20a62204988f@group-16816C6910C6: changes role from CANDIDATE to LEADER at term 1 for changeToLeader
2022-05-15 13:41:40,768 [62110aa0-c05a-4ca3-9370-20a62204988f@group-16816C6910C6-LeaderElection42] INFO  ratis.XceiverServerRatis (XceiverServerRatis.java:handleLeaderChangedNotification(863)) - Leader change notification received for group: group-16816C6910C6 with new leaderId: 62110aa0-c05a-4ca3-9370-20a62204988f
2022-05-15 13:41:40,797 [62110aa0-c05a-4ca3-9370-20a62204988f@group-16816C6910C6-LeaderElection42] INFO  server.RaftServer$Division (ServerState.java:setLeader(285)) - 62110aa0-c05a-4ca3-9370-20a62204988f@group-16816C6910C6: change Leader from null to 62110aa0-c05a-4ca3-9370-20a62204988f at term 1 for becomeLeader, leader elected after 5121ms
2022-05-15 13:41:40,797 [62110aa0-c05a-4ca3-9370-20a62204988f@group-16816C6910C6-LeaderElection42] INFO  server.RaftServerConfigKeys (ConfUtils.java:logGet(44)) - raft.server.staging.catchup.gap = 1000 (default)
2022-05-15 13:41:40,797 [62110aa0-c05a-4ca3-9370-20a62204988f@group-16816C6910C6-LeaderElection42] INFO  server.RaftServerConfigKeys (ConfUtils.java:logGet(44)) - raft.server.write.element-limit = 1024 (custom)
2022-05-15 13:41:40,797 [62110aa0-c05a-4ca3-9370-20a62204988f@group-16816C6910C6-LeaderElection42] INFO  server.RaftServerConfigKeys (ConfUtils.java:logGet(44)) - raft.server.write.byte-limit = 1024 M (=1073741824) (custom)
2022-05-15 13:41:40,798 [62110aa0-c05a-4ca3-9370-20a62204988f@group-16816C6910C6-LeaderElection42] INFO  server.RaftServerConfigKeys (ConfUtils.java:logGet(44)) - raft.server.watch.timeout = 180s (custom)
2022-05-15 13:41:40,798 [62110aa0-c05a-4ca3-9370-20a62204988f@group-16816C6910C6-LeaderElection42] INFO  server.RaftServerConfigKeys (ConfUtils.java:logGet(44)) - raft.server.watch.timeout.denomination = 1s (default)
2022-05-15 13:41:40,798 [62110aa0-c05a-4ca3-9370-20a62204988f@group-16816C6910C6-LeaderElection42] INFO  server.RaftServerConfigKeys (ConfUtils.java:logGet(44)) - raft.server.watch.element-limit = 65536 (default)
2022-05-15 13:41:40,798 [62110aa0-c05a-4ca3-9370-20a62204988f@group-16816C6910C6-LeaderElection42] INFO  server.RaftServerConfigKeys (ConfUtils.java:logGet(44)) - raft.server.write.element-limit = 1024 (custom)
2022-05-15 13:41:40,798 [62110aa0-c05a-4ca3-9370-20a62204988f@group-16816C6910C6-LeaderElection42] INFO  server.RaftServerConfigKeys (ConfUtils.java:logGet(44)) - raft.server.write.follower.gap.ratio.max = -1.0 (default)
2022-05-15 13:41:40,798 [62110aa0-c05a-4ca3-9370-20a62204988f@group-16816C6910C6-LeaderElection42] INFO  impl.RoleInfo (RoleInfo.java:updateAndGet(130)) - 62110aa0-c05a-4ca3-9370-20a62204988f: start 62110aa0-c05a-4ca3-9370-20a62204988f@group-16816C6910C6-LeaderStateImpl
2022-05-15 13:41:40,798 [62110aa0-c05a-4ca3-9370-20a62204988f@group-16816C6910C6-LeaderElection42] INFO  segmented.SegmentedRaftLogWorker (SegmentedRaftLogWorker.java:startLogSegment(394)) - 62110aa0-c05a-4ca3-9370-20a62204988f@group-16816C6910C6-SegmentedRaftLogWorker: Starting segment from index:0
2022-05-15 13:41:40,799 [EventQueue-OpenPipelineForHealthyPipelineSafeModeRule] INFO  safemode.SCMSafeModeManager (HealthyPipelineSafeModeRule.java:process(124)) - SCM in safe mode. Healthy pipelines reported count is 0, required healthy pipeline reported count is 1
2022-05-15 13:41:40,802 [62110aa0-c05a-4ca3-9370-20a62204988f@group-16816C6910C6-SegmentedRaftLogWorker] INFO  segmented.SegmentedRaftLogWorker (SegmentedRaftLogWorker.java:execute(601)) - 62110aa0-c05a-4ca3-9370-20a62204988f@group-16816C6910C6-SegmentedRaftLogWorker: created new log segment /home/runner/work/ozone/ozone/hadoop-ozone/integration-test/target/test-dir/MiniOzoneClusterImpl-e86d4cca-927e-4c63-aa7c-55f5088052e8/datanode-0/data/ratis/455ebb88-c6ad-42a3-81f3-16816c6910c6/current/log_inprogress_0
2022-05-15 13:41:40,813 [62110aa0-c05a-4ca3-9370-20a62204988f@group-16816C6910C6-LeaderElection42] INFO  server.RaftServer$Division (ServerState.java:setRaftConf(387)) - 62110aa0-c05a-4ca3-9370-20a62204988f@group-16816C6910C6: set configuration 0: [62110aa0-c05a-4ca3-9370-20a62204988f|rpc:10.1.0.20:35533|dataStream:|priority:1], old=null
2022-05-15 13:41:40,816 [grpc-default-executor-1] INFO  server.RaftServer$Division (RaftServerImpl.java:requestVote(1046)) - 973cc8cb-e509-4233-af3a-79f51edd0087@group-CF99767B2349: receive requestVote(ELECTION, 62110aa0-c05a-4ca3-9370-20a62204988f, group-CF99767B2349, 1, (t:0, i:0))
2022-05-15 13:41:40,816 [grpc-default-executor-1] INFO  impl.VoteContext (VoteContext.java:log(48)) - 973cc8cb-e509-4233-af3a-79f51edd0087@group-CF99767B2349-FOLLOWER: accept ELECTION from 62110aa0-c05a-4ca3-9370-20a62204988f: our priority 0 <= candidate's priority 1
2022-05-15 13:41:40,816 [grpc-default-executor-1] INFO  server.RaftServer$Division (RaftServerImpl.java:setRole(290)) - 973cc8cb-e509-4233-af3a-79f51edd0087@group-CF99767B2349: changes role from  FOLLOWER to FOLLOWER at term 1 for candidate:62110aa0-c05a-4ca3-9370-20a62204988f
2022-05-15 13:41:40,816 [grpc-default-executor-1] INFO  impl.RoleInfo (RoleInfo.java:shutdownFollowerState(108)) - 973cc8cb-e509-4233-af3a-79f51edd0087: shutdown 973cc8cb-e509-4233-af3a-79f51edd0087@group-CF99767B2349-FollowerState
2022-05-15 13:41:40,816 [973cc8cb-e509-4233-af3a-79f51edd0087@group-CF99767B2349-FollowerState] INFO  impl.FollowerState (FollowerState.java:run(143)) - 973cc8cb-e509-4233-af3a-79f51edd0087@group-CF99767B2349-FollowerState was interrupted: {}
java.lang.InterruptedException: sleep interrupted
	at java.lang.Thread.sleep(Native Method)
	at java.lang.Thread.sleep(Thread.java:342)
	at java.util.concurrent.TimeUnit.sleep(TimeUnit.java:386)
	at org.apache.ratis.util.TimeDuration.sleep(TimeDuration.java:324)
	at org.apache.ratis.util.TimeDuration.sleep(TimeDuration.java:309)
	at org.apache.ratis.server.impl.FollowerState.run(FollowerState.java:118)
2022-05-15 13:41:40,816 [grpc-default-executor-1] INFO  impl.RoleInfo (RoleInfo.java:updateAndGet(130)) - 973cc8cb-e509-4233-af3a-79f51edd0087: start 973cc8cb-e509-4233-af3a-79f51edd0087@group-CF99767B2349-FollowerState
2022-05-15 13:41:40,821 [grpc-default-executor-1] INFO  server.RaftServer$Division (RaftServerImpl.java:requestVote(1078)) - 973cc8cb-e509-4233-af3a-79f51edd0087@group-CF99767B2349 replies to ELECTION vote request: 62110aa0-c05a-4ca3-9370-20a62204988f<-973cc8cb-e509-4233-af3a-79f51edd0087#0:OK-t1. Peer's state: 973cc8cb-e509-4233-af3a-79f51edd0087@group-CF99767B2349:t1, leader=null, voted=62110aa0-c05a-4ca3-9370-20a62204988f, raftlog=973cc8cb-e509-4233-af3a-79f51edd0087@group-CF99767B2349-SegmentedRaftLog:OPENED:c-1, conf=-1: [973cc8cb-e509-4233-af3a-79f51edd0087|rpc:10.1.0.20:40659|dataStream:|priority:0, af85fa71-cc4a-45b4-bde1-582dc540ff8f|rpc:10.1.0.20:34911|dataStream:|priority:0, 62110aa0-c05a-4ca3-9370-20a62204988f|rpc:10.1.0.20:35533|dataStream:|priority:1], old=null
2022-05-15 13:41:40,841 [grpc-default-executor-1] INFO  server.RaftServer$Division (RaftServerImpl.java:requestVote(1046)) - af85fa71-cc4a-45b4-bde1-582dc540ff8f@group-CF99767B2349: receive requestVote(ELECTION, 62110aa0-c05a-4ca3-9370-20a62204988f, group-CF99767B2349, 1, (t:0, i:0))
2022-05-15 13:41:40,841 [af85fa71-cc4a-45b4-bde1-582dc540ff8f@group-CF99767B2349-FollowerState] INFO  impl.FollowerState (FollowerState.java:run(134)) - af85fa71-cc4a-45b4-bde1-582dc540ff8f@group-CF99767B2349-FollowerState: change to CANDIDATE, lastRpcElapsedTime:5024854795ns, electionTimeout:5024ms
2022-05-15 13:41:40,841 [62110aa0-c05a-4ca3-9370-20a62204988f@group-CF99767B2349-LeaderElection43] INFO  impl.LeaderElection (LeaderElection.java:logAndReturn(89)) - 62110aa0-c05a-4ca3-9370-20a62204988f@group-CF99767B2349-LeaderElection43: ELECTION PASSED received 1 response(s) and 0 exception(s):
2022-05-15 13:41:40,841 [62110aa0-c05a-4ca3-9370-20a62204988f@group-CF99767B2349-LeaderElection43] INFO  impl.LeaderElection (LeaderElection.java:logAndReturn(93)) -   Response 0: 62110aa0-c05a-4ca3-9370-20a62204988f<-973cc8cb-e509-4233-af3a-79f51edd0087#0:OK-t1
2022-05-15 13:41:40,841 [62110aa0-c05a-4ca3-9370-20a62204988f@group-CF99767B2349-LeaderElection43] INFO  impl.LeaderElection (LeaderElection.java:askForVotes(308)) - 62110aa0-c05a-4ca3-9370-20a62204988f@group-CF99767B2349-LeaderElection43 ELECTION round 0: result PASSED
2022-05-15 13:41:40,841 [62110aa0-c05a-4ca3-9370-20a62204988f@group-CF99767B2349-LeaderElection43] INFO  impl.RoleInfo (RoleInfo.java:shutdownLeaderElection(121)) - 62110aa0-c05a-4ca3-9370-20a62204988f: shutdown 62110aa0-c05a-4ca3-9370-20a62204988f@group-CF99767B2349-LeaderElection43
2022-05-15 13:41:40,841 [62110aa0-c05a-4ca3-9370-20a62204988f@group-CF99767B2349-LeaderElection43] INFO  server.RaftServer$Division (RaftServerImpl.java:setRole(290)) - 62110aa0-c05a-4ca3-9370-20a62204988f@group-CF99767B2349: changes role from CANDIDATE to LEADER at term 1 for changeToLeader
2022-05-15 13:41:40,841 [af85fa71-cc4a-45b4-bde1-582dc540ff8f@group-CF99767B2349-FollowerState] INFO  impl.RoleInfo (RoleInfo.java:shutdownFollowerState(108)) - af85fa71-cc4a-45b4-bde1-582dc540ff8f: shutdown af85fa71-cc4a-45b4-bde1-582dc540ff8f@group-CF99767B2349-FollowerState
2022-05-15 13:41:40,842 [af85fa71-cc4a-45b4-bde1-582dc540ff8f@group-CF99767B2349-FollowerState] INFO  server.RaftServer$Division (RaftServerImpl.java:setRole(290)) - af85fa71-cc4a-45b4-bde1-582dc540ff8f@group-CF99767B2349: changes role from  FOLLOWER to CANDIDATE at term 0 for changeToCandidate
2022-05-15 13:41:40,842 [af85fa71-cc4a-45b4-bde1-582dc540ff8f@group-CF99767B2349-FollowerState] INFO  server.RaftServerConfigKeys (ConfUtils.java:logGet(44)) - raft.server.leaderelection.pre-vote = false (custom)
2022-05-15 13:41:40,842 [af85fa71-cc4a-45b4-bde1-582dc540ff8f@group-CF99767B2349-FollowerState] INFO  impl.RoleInfo (RoleInfo.java:updateAndGet(130)) - af85fa71-cc4a-45b4-bde1-582dc540ff8f: start af85fa71-cc4a-45b4-bde1-582dc540ff8f@group-CF99767B2349-LeaderElection44
2022-05-15 13:41:40,841 [62110aa0-c05a-4ca3-9370-20a62204988f@group-CF99767B2349-LeaderElection43] INFO  ratis.XceiverServerRatis (XceiverServerRatis.java:handleLeaderChangedNotification(863)) - Leader change notification received for group: group-CF99767B2349 with new leaderId: 62110aa0-c05a-4ca3-9370-20a62204988f
2022-05-15 13:41:40,842 [grpc-default-executor-1] INFO  impl.VoteContext (VoteContext.java:log(48)) - af85fa71-cc4a-45b4-bde1-582dc540ff8f@group-CF99767B2349-CANDIDATE: accept ELECTION from 62110aa0-c05a-4ca3-9370-20a62204988f: our priority 0 <= candidate's priority 1
2022-05-15 13:41:40,842 [grpc-default-executor-1] INFO  server.RaftServer$Division (RaftServerImpl.java:setRole(290)) - af85fa71-cc4a-45b4-bde1-582dc540ff8f@group-CF99767B2349: changes role from CANDIDATE to FOLLOWER at term 1 for candidate:62110aa0-c05a-4ca3-9370-20a62204988f
2022-05-15 13:41:40,842 [grpc-default-executor-1] INFO  impl.RoleInfo (RoleInfo.java:shutdownLeaderElection(121)) - af85fa71-cc4a-45b4-bde1-582dc540ff8f: shutdown af85fa71-cc4a-45b4-bde1-582dc540ff8f@group-CF99767B2349-LeaderElection44
2022-05-15 13:41:40,843 [grpc-default-executor-1] INFO  impl.RoleInfo (RoleInfo.java:updateAndGet(130)) - af85fa71-cc4a-45b4-bde1-582dc540ff8f: start af85fa71-cc4a-45b4-bde1-582dc540ff8f@group-CF99767B2349-FollowerState
2022-05-15 13:41:40,843 [af85fa71-cc4a-45b4-bde1-582dc540ff8f@group-CF99767B2349-LeaderElection44] INFO  impl.LeaderElection (LeaderElection.java:run(230)) - af85fa71-cc4a-45b4-bde1-582dc540ff8f@group-CF99767B2349-LeaderElection44: skip running since this is already CLOSING
2022-05-15 13:41:40,847 [grpc-default-executor-1] INFO  server.RaftServer$Division (RaftServerImpl.java:requestVote(1078)) - af85fa71-cc4a-45b4-bde1-582dc540ff8f@group-CF99767B2349 replies to ELECTION vote request: 62110aa0-c05a-4ca3-9370-20a62204988f<-af85fa71-cc4a-45b4-bde1-582dc540ff8f#0:OK-t1. Peer's state: af85fa71-cc4a-45b4-bde1-582dc540ff8f@group-CF99767B2349:t1, leader=null, voted=62110aa0-c05a-4ca3-9370-20a62204988f, raftlog=af85fa71-cc4a-45b4-bde1-582dc540ff8f@group-CF99767B2349-SegmentedRaftLog:OPENED:c-1, conf=-1: [973cc8cb-e509-4233-af3a-79f51edd0087|rpc:10.1.0.20:40659|dataStream:|priority:0, af85fa71-cc4a-45b4-bde1-582dc540ff8f|rpc:10.1.0.20:34911|dataStream:|priority:0, 62110aa0-c05a-4ca3-9370-20a62204988f|rpc:10.1.0.20:35533|dataStream:|priority:1], old=null
2022-05-15 13:41:40,862 [62110aa0-c05a-4ca3-9370-20a62204988f@group-CF99767B2349-LeaderElection43] INFO  server.RaftServer$Division (ServerState.java:setLeader(285)) - 62110aa0-c05a-4ca3-9370-20a62204988f@group-CF99767B2349: change Leader from null to 62110aa0-c05a-4ca3-9370-20a62204988f at term 1 for becomeLeader, leader elected after 5136ms
2022-05-15 13:41:40,862 [62110aa0-c05a-4ca3-9370-20a62204988f@group-CF99767B2349-LeaderElection43] INFO  server.RaftServerConfigKeys (ConfUtils.java:logGet(44)) - raft.server.staging.catchup.gap = 1000 (default)
2022-05-15 13:41:40,862 [62110aa0-c05a-4ca3-9370-20a62204988f@group-CF99767B2349-LeaderElection43] INFO  server.RaftServerConfigKeys (ConfUtils.java:logGet(44)) - raft.server.write.element-limit = 1024 (custom)
2022-05-15 13:41:40,862 [62110aa0-c05a-4ca3-9370-20a62204988f@group-CF99767B2349-LeaderElection43] INFO  server.RaftServerConfigKeys (ConfUtils.java:logGet(44)) - raft.server.write.byte-limit = 1024 M (=1073741824) (custom)
2022-05-15 13:41:40,862 [62110aa0-c05a-4ca3-9370-20a62204988f@group-CF99767B2349-LeaderElection43] INFO  server.RaftServerConfigKeys (ConfUtils.java:logGet(44)) - raft.server.watch.timeout = 180s (custom)
2022-05-15 13:41:40,863 [62110aa0-c05a-4ca3-9370-20a62204988f@group-CF99767B2349-LeaderElection43] INFO  server.RaftServerConfigKeys (ConfUtils.java:logGet(44)) - raft.server.watch.timeout.denomination = 1s (default)
2022-05-15 13:41:40,863 [62110aa0-c05a-4ca3-9370-20a62204988f@group-CF99767B2349-LeaderElection43] INFO  server.RaftServerConfigKeys (ConfUtils.java:logGet(44)) - raft.server.watch.element-limit = 65536 (default)
2022-05-15 13:41:40,863 [62110aa0-c05a-4ca3-9370-20a62204988f@group-CF99767B2349-LeaderElection43] INFO  server.RaftServerConfigKeys (ConfUtils.java:logGet(44)) - raft.server.write.element-limit = 1024 (custom)
2022-05-15 13:41:40,863 [62110aa0-c05a-4ca3-9370-20a62204988f@group-CF99767B2349-LeaderElection43] INFO  server.RaftServerConfigKeys (ConfUtils.java:logGet(44)) - raft.server.write.follower.gap.ratio.max = -1.0 (default)
2022-05-15 13:41:40,863 [62110aa0-c05a-4ca3-9370-20a62204988f@group-CF99767B2349-LeaderElection43] INFO  server.RaftServerConfigKeys (ConfUtils.java:logGet(44)) - raft.server.log.appender.snapshot.chunk.size.max = 16MB (=16777216) (default)
2022-05-15 13:41:40,863 [62110aa0-c05a-4ca3-9370-20a62204988f@group-CF99767B2349-LeaderElection43] INFO  server.RaftServerConfigKeys (ConfUtils.java:logGet(44)) - raft.server.log.appender.buffer.byte-limit = 33554432 (custom)
2022-05-15 13:41:40,863 [62110aa0-c05a-4ca3-9370-20a62204988f@group-CF99767B2349-LeaderElection43] INFO  server.RaftServerConfigKeys (ConfUtils.java:logGet(44)) - raft.server.log.appender.buffer.element-limit = 1 (custom)
2022-05-15 13:41:40,863 [62110aa0-c05a-4ca3-9370-20a62204988f@group-CF99767B2349-LeaderElection43] INFO  grpc.GrpcConfigKeys (ConfUtils.java:logGet(44)) - raft.grpc.server.leader.outstanding.appends.max = 128 (default)
2022-05-15 13:41:40,863 [62110aa0-c05a-4ca3-9370-20a62204988f@group-CF99767B2349-LeaderElection43] INFO  server.RaftServerConfigKeys (ConfUtils.java:logGet(44)) - raft.server.rpc.request.timeout = 60s (custom)
2022-05-15 13:41:40,863 [62110aa0-c05a-4ca3-9370-20a62204988f@group-CF99767B2349-LeaderElection43] INFO  server.RaftServerConfigKeys (ConfUtils.java:logGet(44)) - raft.server.log.appender.install.snapshot.enabled = false (custom)
2022-05-15 13:41:40,863 [EventQueue-PipelineReportForPipelineReportHandler] INFO  pipeline.PipelineManagerImpl (PipelineManagerImpl.java:openPipeline(336)) - Pipeline Pipeline[ Id: 41bc3f13-16a7-4014-b00c-cf99767b2349, Nodes: 62110aa0-c05a-4ca3-9370-20a62204988f{ip: 10.1.0.20, host: fv-az40-973.r1qzdtoifymehf5jtx2d0vwyfg.bx.internal.cloudapp.net, ports: [REPLICATION=46455, RATIS=35533, RATIS_ADMIN=35533, RATIS_SERVER=35533, STANDALONE=42089], networkLocation: /default-rack, certSerialId: null, persistedOpState: IN_SERVICE, persistedOpStateExpiryEpochSec: 0}af85fa71-cc4a-45b4-bde1-582dc540ff8f{ip: 10.1.0.20, host: fv-az40-973.r1qzdtoifymehf5jtx2d0vwyfg.bx.internal.cloudapp.net, ports: [REPLICATION=40617, RATIS=34911, RATIS_ADMIN=34911, RATIS_SERVER=34911, STANDALONE=37043], networkLocation: /default-rack, certSerialId: null, persistedOpState: IN_SERVICE, persistedOpStateExpiryEpochSec: 0}973cc8cb-e509-4233-af3a-79f51edd0087{ip: 10.1.0.20, host: fv-az40-973.r1qzdtoifymehf5jtx2d0vwyfg.bx.internal.cloudapp.net, ports: [REPLICATION=37679, RATIS=40659, RATIS_ADMIN=40659, RATIS_SERVER=40659, STANDALONE=40827], networkLocation: /default-rack, certSerialId: null, persistedOpState: IN_SERVICE, persistedOpStateExpiryEpochSec: 0}, ReplicationConfig: RATIS/THREE, State:ALLOCATED, leaderId:62110aa0-c05a-4ca3-9370-20a62204988f, CreationTimestamp2022-05-15T13:41:34.195Z[Etc/UTC]] moved to OPEN state
2022-05-15 13:41:40,864 [62110aa0-c05a-4ca3-9370-20a62204988f@group-CF99767B2349-LeaderElection43] INFO  server.RaftServerConfigKeys (ConfUtils.java:logGet(44)) - raft.server.log.appender.snapshot.chunk.size.max = 16MB (=16777216) (default)
2022-05-15 13:41:40,864 [62110aa0-c05a-4ca3-9370-20a62204988f@group-CF99767B2349-LeaderElection43] INFO  server.RaftServerConfigKeys (ConfUtils.java:logGet(44)) - raft.server.log.appender.buffer.byte-limit = 33554432 (custom)
2022-05-15 13:41:40,864 [62110aa0-c05a-4ca3-9370-20a62204988f@group-CF99767B2349-LeaderElection43] INFO  server.RaftServerConfigKeys (ConfUtils.java:logGet(44)) - raft.server.log.appender.buffer.element-limit = 1 (custom)
2022-05-15 13:41:40,864 [62110aa0-c05a-4ca3-9370-20a62204988f@group-CF99767B2349-LeaderElection43] INFO  grpc.GrpcConfigKeys (ConfUtils.java:logGet(44)) - raft.grpc.server.leader.outstanding.appends.max = 128 (default)
2022-05-15 13:41:40,864 [62110aa0-c05a-4ca3-9370-20a62204988f@group-CF99767B2349-LeaderElection43] INFO  server.RaftServerConfigKeys (ConfUtils.java:logGet(44)) - raft.server.rpc.request.timeout = 60s (custom)
2022-05-15 13:41:40,864 [62110aa0-c05a-4ca3-9370-20a62204988f@group-CF99767B2349-LeaderElection43] INFO  server.RaftServerConfigKeys (ConfUtils.java:logGet(44)) - raft.server.log.appender.install.snapshot.enabled = false (custom)
2022-05-15 13:41:40,865 [62110aa0-c05a-4ca3-9370-20a62204988f@group-CF99767B2349-LeaderElection43] INFO  impl.RoleInfo (RoleInfo.java:updateAndGet(130)) - 62110aa0-c05a-4ca3-9370-20a62204988f: start 62110aa0-c05a-4ca3-9370-20a62204988f@group-CF99767B2349-LeaderStateImpl
2022-05-15 13:41:40,865 [62110aa0-c05a-4ca3-9370-20a62204988f@group-CF99767B2349-LeaderElection43] INFO  segmented.SegmentedRaftLogWorker (SegmentedRaftLogWorker.java:startLogSegment(394)) - 62110aa0-c05a-4ca3-9370-20a62204988f@group-CF99767B2349-SegmentedRaftLogWorker: Starting segment from index:0
2022-05-15 13:41:40,865 [EventQueue-OpenPipelineForHealthyPipelineSafeModeRule] INFO  safemode.SCMSafeModeManager (HealthyPipelineSafeModeRule.java:process(124)) - SCM in safe mode. Healthy pipelines reported count is 0, required healthy pipeline reported count is 1
2022-05-15 13:41:40,865 [EventQueue-OpenPipelineForHealthyPipelineSafeModeRule] INFO  safemode.SCMSafeModeManager (HealthyPipelineSafeModeRule.java:process(124)) - SCM in safe mode. Healthy pipelines reported count is 1, required healthy pipeline reported count is 1
2022-05-15 13:41:40,866 [EventQueue-OpenPipelineForHealthyPipelineSafeModeRule] INFO  safemode.SCMSafeModeManager (SCMSafeModeManager.java:validateSafeModeExitRules(204)) - HealthyPipelineSafeModeRule rule is successfully validated
2022-05-15 13:41:40,866 [EventQueue-OpenPipelineForHealthyPipelineSafeModeRule] INFO  safemode.SCMSafeModeManager (SCMSafeModeManager.java:validateSafeModeExitRules(219)) - ScmSafeModeManager, all rules are successfully validated
2022-05-15 13:41:40,866 [EventQueue-OpenPipelineForHealthyPipelineSafeModeRule] INFO  safemode.SCMSafeModeManager (SCMSafeModeManager.java:exitSafeMode(248)) - SCM exiting safe mode.
2022-05-15 13:41:40,866 [EventQueue-OpenPipelineForHealthyPipelineSafeModeRule] WARN  events.EventQueue (EventQueue.java:fireEvent(194)) - No event handler registered for event TypedEvent{payloadType=SafeModeStatus, name='Safe mode status'}
2022-05-15 13:41:40,866 [EventQueue-OpenPipelineForHealthyPipelineSafeModeRule] INFO  ha.SCMContext (SCMContext.java:updateSafeModeStatus(211)) - Update SafeModeStatus from SafeModeStatus{safeModeStatus=true, preCheckPassed=true} to SafeModeStatus{safeModeStatus=false, preCheckPassed=true}.
2022-05-15 13:41:40,866 [EventQueue-OpenPipelineForHealthyPipelineSafeModeRule] INFO  pipeline.BackgroundPipelineCreator (BackgroundPipelineCreator.java:notifyStatusChanged(251)) - Service BackgroundPipelineCreator transitions to RUNNING.
2022-05-15 13:41:40,866 [EventQueue-OpenPipelineForHealthyPipelineSafeModeRule] INFO  pipeline.BackgroundPipelineScrubber (BackgroundPipelineScrubber.java:notifyStatusChanged(88)) - Service BackgroundPipelineScrubber transitions to RUNNING.
2022-05-15 13:41:40,866 [EventQueue-OpenPipelineForHealthyPipelineSafeModeRule] INFO  replication.ReplicationManager (ReplicationManager.java:notifyStatusChanged(369)) - Service ReplicationManager transitions to RUNNING.
2022-05-15 13:41:40,866 [62110aa0-c05a-4ca3-9370-20a62204988f@group-CF99767B2349-SegmentedRaftLogWorker] INFO  segmented.SegmentedRaftLogWorker (SegmentedRaftLogWorker.java:execute(601)) - 62110aa0-c05a-4ca3-9370-20a62204988f@group-CF99767B2349-SegmentedRaftLogWorker: created new log segment /home/runner/work/ozone/ozone/hadoop-ozone/integration-test/target/test-dir/MiniOzoneClusterImpl-e86d4cca-927e-4c63-aa7c-55f5088052e8/datanode-0/data/ratis/41bc3f13-16a7-4014-b00c-cf99767b2349/current/log_inprogress_0
2022-05-15 13:41:40,915 [grpc-default-executor-1] INFO  ratis.XceiverServerRatis (XceiverServerRatis.java:handleLeaderChangedNotification(863)) - Leader change notification received for group: group-CF99767B2349 with new leaderId: 62110aa0-c05a-4ca3-9370-20a62204988f
2022-05-15 13:41:40,915 [grpc-default-executor-1] INFO  server.RaftServer$Division (ServerState.java:setLeader(285)) - af85fa71-cc4a-45b4-bde1-582dc540ff8f@group-CF99767B2349: change Leader from null to 62110aa0-c05a-4ca3-9370-20a62204988f at term 1 for appendEntries, leader elected after 5112ms
2022-05-15 13:41:40,931 [grpc-default-executor-0] INFO  ratis.XceiverServerRatis (XceiverServerRatis.java:handleLeaderChangedNotification(863)) - Leader change notification received for group: group-CF99767B2349 with new leaderId: 62110aa0-c05a-4ca3-9370-20a62204988f
2022-05-15 13:41:40,931 [grpc-default-executor-0] INFO  server.RaftServer$Division (ServerState.java:setLeader(285)) - 973cc8cb-e509-4233-af3a-79f51edd0087@group-CF99767B2349: change Leader from null to 62110aa0-c05a-4ca3-9370-20a62204988f at term 1 for appendEntries, leader elected after 5041ms
2022-05-15 13:41:40,931 [62110aa0-c05a-4ca3-9370-20a62204988f@group-CF99767B2349-LeaderElection43] INFO  server.RaftServer$Division (ServerState.java:setRaftConf(387)) - 62110aa0-c05a-4ca3-9370-20a62204988f@group-CF99767B2349: set configuration 0: [973cc8cb-e509-4233-af3a-79f51edd0087|rpc:10.1.0.20:40659|dataStream:|priority:0, af85fa71-cc4a-45b4-bde1-582dc540ff8f|rpc:10.1.0.20:34911|dataStream:|priority:0, 62110aa0-c05a-4ca3-9370-20a62204988f|rpc:10.1.0.20:35533|dataStream:|priority:1], old=null
2022-05-15 13:41:40,964 [grpc-default-executor-0] INFO  server.RaftServer$Division (ServerState.java:setRaftConf(387)) - af85fa71-cc4a-45b4-bde1-582dc540ff8f@group-CF99767B2349: set configuration 0: [973cc8cb-e509-4233-af3a-79f51edd0087|rpc:10.1.0.20:40659|dataStream:|priority:0, af85fa71-cc4a-45b4-bde1-582dc540ff8f|rpc:10.1.0.20:34911|dataStream:|priority:0, 62110aa0-c05a-4ca3-9370-20a62204988f|rpc:10.1.0.20:35533|dataStream:|priority:1], old=null
2022-05-15 13:41:40,964 [grpc-default-executor-0] INFO  segmented.SegmentedRaftLogWorker (SegmentedRaftLogWorker.java:startLogSegment(394)) - af85fa71-cc4a-45b4-bde1-582dc540ff8f@group-CF99767B2349-SegmentedRaftLogWorker: Starting segment from index:0
2022-05-15 13:41:40,966 [grpc-default-executor-0] INFO  server.RaftServer$Division (ServerState.java:setRaftConf(387)) - 973cc8cb-e509-4233-af3a-79f51edd0087@group-CF99767B2349: set configuration 0: [973cc8cb-e509-4233-af3a-79f51edd0087|rpc:10.1.0.20:40659|dataStream:|priority:0, af85fa71-cc4a-45b4-bde1-582dc540ff8f|rpc:10.1.0.20:34911|dataStream:|priority:0, 62110aa0-c05a-4ca3-9370-20a62204988f|rpc:10.1.0.20:35533|dataStream:|priority:1], old=null
2022-05-15 13:41:40,966 [grpc-default-executor-0] INFO  segmented.SegmentedRaftLogWorker (SegmentedRaftLogWorker.java:startLogSegment(394)) - 973cc8cb-e509-4233-af3a-79f51edd0087@group-CF99767B2349-SegmentedRaftLogWorker: Starting segment from index:0
2022-05-15 13:41:40,967 [af85fa71-cc4a-45b4-bde1-582dc540ff8f@group-CF99767B2349-SegmentedRaftLogWorker] INFO  segmented.SegmentedRaftLogWorker (SegmentedRaftLogWorker.java:execute(601)) - af85fa71-cc4a-45b4-bde1-582dc540ff8f@group-CF99767B2349-SegmentedRaftLogWorker: created new log segment /home/runner/work/ozone/ozone/hadoop-ozone/integration-test/target/test-dir/MiniOzoneClusterImpl-e86d4cca-927e-4c63-aa7c-55f5088052e8/datanode-1/data/ratis/41bc3f13-16a7-4014-b00c-cf99767b2349/current/log_inprogress_0
2022-05-15 13:41:40,967 [973cc8cb-e509-4233-af3a-79f51edd0087@group-CF99767B2349-SegmentedRaftLogWorker] INFO  segmented.SegmentedRaftLogWorker (SegmentedRaftLogWorker.java:execute(601)) - 973cc8cb-e509-4233-af3a-79f51edd0087@group-CF99767B2349-SegmentedRaftLogWorker: created new log segment /home/runner/work/ozone/ozone/hadoop-ozone/integration-test/target/test-dir/MiniOzoneClusterImpl-e86d4cca-927e-4c63-aa7c-55f5088052e8/datanode-2/data/ratis/41bc3f13-16a7-4014-b00c-cf99767b2349/current/log_inprogress_0
2022-05-15 13:41:41,108 [62110aa0-c05a-4ca3-9370-20a62204988f@group-FEE219A666F6-FollowerState] INFO  impl.FollowerState (FollowerState.java:run(134)) - 62110aa0-c05a-4ca3-9370-20a62204988f@group-FEE219A666F6-FollowerState: change to CANDIDATE, lastRpcElapsedTime:5098591555ns, electionTimeout:5094ms
2022-05-15 13:41:41,108 [62110aa0-c05a-4ca3-9370-20a62204988f@group-FEE219A666F6-FollowerState] INFO  impl.RoleInfo (RoleInfo.java:shutdownFollowerState(108)) - 62110aa0-c05a-4ca3-9370-20a62204988f: shutdown 62110aa0-c05a-4ca3-9370-20a62204988f@group-FEE219A666F6-FollowerState
2022-05-15 13:41:41,108 [62110aa0-c05a-4ca3-9370-20a62204988f@group-FEE219A666F6-FollowerState] INFO  server.RaftServer$Division (RaftServerImpl.java:setRole(290)) - 62110aa0-c05a-4ca3-9370-20a62204988f@group-FEE219A666F6: changes role from  FOLLOWER to CANDIDATE at term 0 for changeToCandidate
2022-05-15 13:41:41,108 [62110aa0-c05a-4ca3-9370-20a62204988f@group-FEE219A666F6-FollowerState] INFO  server.RaftServerConfigKeys (ConfUtils.java:logGet(44)) - raft.server.leaderelection.pre-vote = false (custom)
2022-05-15 13:41:41,108 [62110aa0-c05a-4ca3-9370-20a62204988f@group-FEE219A666F6-FollowerState] INFO  impl.RoleInfo (RoleInfo.java:updateAndGet(130)) - 62110aa0-c05a-4ca3-9370-20a62204988f: start 62110aa0-c05a-4ca3-9370-20a62204988f@group-FEE219A666F6-LeaderElection45
2022-05-15 13:41:41,117 [Listener at 127.0.0.1/44889] INFO  ozone.MiniOzoneClusterImpl (MiniOzoneClusterImpl.java:lambda$waitForClusterToBeReady$0(221)) - Nodes are ready. Got 3 of 3 DN Heartbeats.
2022-05-15 13:41:41,117 [Listener at 127.0.0.1/44889] INFO  ozone.MiniOzoneClusterImpl (MiniOzoneClusterImpl.java:lambda$waitForClusterToBeReady$0(224)) - Cluster exits safe mode
2022-05-15 13:41:41,117 [Listener at 127.0.0.1/44889] INFO  ozone.MiniOzoneClusterImpl (MiniOzoneClusterImpl.java:lambda$waitForClusterToBeReady$0(226)) - SCM became leader
2022-05-15 13:41:41,130 [af85fa71-cc4a-45b4-bde1-582dc540ff8f@group-FEE219A666F6-FollowerState] INFO  impl.FollowerState (FollowerState.java:run(134)) - af85fa71-cc4a-45b4-bde1-582dc540ff8f@group-FEE219A666F6-FollowerState: change to CANDIDATE, lastRpcElapsedTime:5077611981ns, electionTimeout:5067ms
2022-05-15 13:41:41,130 [af85fa71-cc4a-45b4-bde1-582dc540ff8f@group-FEE219A666F6-FollowerState] INFO  impl.RoleInfo (RoleInfo.java:shutdownFollowerState(108)) - af85fa71-cc4a-45b4-bde1-582dc540ff8f: shutdown af85fa71-cc4a-45b4-bde1-582dc540ff8f@group-FEE219A666F6-FollowerState
2022-05-15 13:41:41,130 [af85fa71-cc4a-45b4-bde1-582dc540ff8f@group-FEE219A666F6-FollowerState] INFO  server.RaftServer$Division (RaftServerImpl.java:setRole(290)) - af85fa71-cc4a-45b4-bde1-582dc540ff8f@group-FEE219A666F6: changes role from  FOLLOWER to CANDIDATE at term 0 for changeToCandidate
2022-05-15 13:41:41,130 [af85fa71-cc4a-45b4-bde1-582dc540ff8f@group-FEE219A666F6-FollowerState] INFO  server.RaftServerConfigKeys (ConfUtils.java:logGet(44)) - raft.server.leaderelection.pre-vote = false (custom)
2022-05-15 13:41:41,130 [af85fa71-cc4a-45b4-bde1-582dc540ff8f@group-FEE219A666F6-FollowerState] INFO  impl.RoleInfo (RoleInfo.java:updateAndGet(130)) - af85fa71-cc4a-45b4-bde1-582dc540ff8f: start af85fa71-cc4a-45b4-bde1-582dc540ff8f@group-FEE219A666F6-LeaderElection46
]]></system-out>
    </rerunFailure>
    <rerunFailure type="java.lang.AssertionError">
      <stackTrace><![CDATA[java.lang.AssertionError
	at org.junit.Assert.fail(Assert.java:87)
	at org.junit.Assert.assertTrue(Assert.java:42)
	at org.junit.Assert.assertTrue(Assert.java:53)
	at org.apache.hadoop.hdds.scm.TestRatisPipelineLeader.testLeaderIdAfterLeaderChange(TestRatisPipelineLeader.java:119)
	at sun.reflect.NativeMethodAccessorImpl.invoke0(Native Method)
	at sun.reflect.NativeMethodAccessorImpl.invoke(NativeMethodAccessorImpl.java:62)
	at sun.reflect.DelegatingMethodAccessorImpl.invoke(DelegatingMethodAccessorImpl.java:43)
	at java.lang.reflect.Method.invoke(Method.java:498)
	at org.junit.platform.commons.util.ReflectionUtils.invokeMethod(ReflectionUtils.java:688)
	at org.junit.jupiter.engine.execution.MethodInvocation.proceed(MethodInvocation.java:60)
	at org.junit.jupiter.engine.execution.InvocationInterceptorChain$ValidatingInvocation.proceed(InvocationInterceptorChain.java:131)
	at org.junit.jupiter.engine.extension.TimeoutInvocation.proceed(TimeoutInvocation.java:46)
	at org.junit.jupiter.engine.extension.TimeoutExtension.intercept(TimeoutExtension.java:149)
	at org.junit.jupiter.engine.extension.TimeoutExtension.interceptTestableMethod(TimeoutExtension.java:140)
	at org.junit.jupiter.engine.extension.TimeoutExtension.interceptTestMethod(TimeoutExtension.java:84)
	at org.junit.jupiter.engine.execution.ExecutableInvoker$ReflectiveInterceptorCall.lambda$ofVoidMethod$0(ExecutableInvoker.java:115)
	at org.junit.jupiter.engine.execution.ExecutableInvoker.lambda$invoke$0(ExecutableInvoker.java:105)
	at org.junit.jupiter.engine.execution.InvocationInterceptorChain$InterceptedInvocation.proceed(InvocationInterceptorChain.java:106)
	at org.junit.jupiter.engine.execution.InvocationInterceptorChain.proceed(InvocationInterceptorChain.java:64)
	at org.junit.jupiter.engine.execution.InvocationInterceptorChain.chainAndInvoke(InvocationInterceptorChain.java:45)
	at org.junit.jupiter.engine.execution.InvocationInterceptorChain.invoke(InvocationInterceptorChain.java:37)
	at org.junit.jupiter.engine.execution.ExecutableInvoker.invoke(ExecutableInvoker.java:104)
	at org.junit.jupiter.engine.execution.ExecutableInvoker.invoke(ExecutableInvoker.java:98)
	at org.junit.jupiter.engine.descriptor.TestMethodTestDescriptor.lambda$invokeTestMethod$6(TestMethodTestDescriptor.java:210)
	at org.junit.platform.engine.support.hierarchical.ThrowableCollector.execute(ThrowableCollector.java:73)
	at org.junit.jupiter.engine.descriptor.TestMethodTestDescriptor.invokeTestMethod(TestMethodTestDescriptor.java:206)
	at org.junit.jupiter.engine.descriptor.TestMethodTestDescriptor.execute(TestMethodTestDescriptor.java:131)
	at org.junit.jupiter.engine.descriptor.TestMethodTestDescriptor.execute(TestMethodTestDescriptor.java:65)
	at org.junit.platform.engine.support.hierarchical.NodeTestTask.lambda$executeRecursively$5(NodeTestTask.java:139)
	at org.junit.platform.engine.support.hierarchical.ThrowableCollector.execute(ThrowableCollector.java:73)
	at org.junit.platform.engine.support.hierarchical.NodeTestTask.lambda$executeRecursively$7(NodeTestTask.java:129)
	at org.junit.platform.engine.support.hierarchical.Node.around(Node.java:137)
	at org.junit.platform.engine.support.hierarchical.NodeTestTask.lambda$executeRecursively$8(NodeTestTask.java:127)
	at org.junit.platform.engine.support.hierarchical.ThrowableCollector.execute(ThrowableCollector.java:73)
	at org.junit.platform.engine.support.hierarchical.NodeTestTask.executeRecursively(NodeTestTask.java:126)
	at org.junit.platform.engine.support.hierarchical.NodeTestTask.execute(NodeTestTask.java:84)
	at java.util.ArrayList.forEach(ArrayList.java:1259)
	at org.junit.platform.engine.support.hierarchical.SameThreadHierarchicalTestExecutorService.invokeAll(SameThreadHierarchicalTestExecutorService.java:38)
	at org.junit.platform.engine.support.hierarchical.NodeTestTask.lambda$executeRecursively$5(NodeTestTask.java:143)
	at org.junit.platform.engine.support.hierarchical.ThrowableCollector.execute(ThrowableCollector.java:73)
	at org.junit.platform.engine.support.hierarchical.NodeTestTask.lambda$executeRecursively$7(NodeTestTask.java:129)
	at org.junit.platform.engine.support.hierarchical.Node.around(Node.java:137)
	at org.junit.platform.engine.support.hierarchical.NodeTestTask.lambda$executeRecursively$8(NodeTestTask.java:127)
	at org.junit.platform.engine.support.hierarchical.ThrowableCollector.execute(ThrowableCollector.java:73)
	at org.junit.platform.engine.support.hierarchical.NodeTestTask.executeRecursively(NodeTestTask.java:126)
	at org.junit.platform.engine.support.hierarchical.NodeTestTask.execute(NodeTestTask.java:84)
	at java.util.ArrayList.forEach(ArrayList.java:1259)
	at org.junit.platform.engine.support.hierarchical.SameThreadHierarchicalTestExecutorService.invokeAll(SameThreadHierarchicalTestExecutorService.java:38)
	at org.junit.platform.engine.support.hierarchical.NodeTestTask.lambda$executeRecursively$5(NodeTestTask.java:143)
	at org.junit.platform.engine.support.hierarchical.ThrowableCollector.execute(ThrowableCollector.java:73)
	at org.junit.platform.engine.support.hierarchical.NodeTestTask.lambda$executeRecursively$7(NodeTestTask.java:129)
	at org.junit.platform.engine.support.hierarchical.Node.around(Node.java:137)
	at org.junit.platform.engine.support.hierarchical.NodeTestTask.lambda$executeRecursively$8(NodeTestTask.java:127)
	at org.junit.platform.engine.support.hierarchical.ThrowableCollector.execute(ThrowableCollector.java:73)
	at org.junit.platform.engine.support.hierarchical.NodeTestTask.executeRecursively(NodeTestTask.java:126)
	at org.junit.platform.engine.support.hierarchical.NodeTestTask.execute(NodeTestTask.java:84)
	at org.junit.platform.engine.support.hierarchical.SameThreadHierarchicalTestExecutorService.submit(SameThreadHierarchicalTestExecutorService.java:32)
	at org.junit.platform.engine.support.hierarchical.HierarchicalTestExecutor.execute(HierarchicalTestExecutor.java:57)
	at org.junit.platform.engine.support.hierarchical.HierarchicalTestEngine.execute(HierarchicalTestEngine.java:51)
	at org.junit.platform.launcher.core.EngineExecutionOrchestrator.execute(EngineExecutionOrchestrator.java:108)
	at org.junit.platform.launcher.core.EngineExecutionOrchestrator.execute(EngineExecutionOrchestrator.java:88)
	at org.junit.platform.launcher.core.EngineExecutionOrchestrator.lambda$execute$0(EngineExecutionOrchestrator.java:54)
	at org.junit.platform.launcher.core.EngineExecutionOrchestrator.withInterceptedStreams(EngineExecutionOrchestrator.java:67)
	at org.junit.platform.launcher.core.EngineExecutionOrchestrator.execute(EngineExecutionOrchestrator.java:52)
	at org.junit.platform.launcher.core.DefaultLauncher.execute(DefaultLauncher.java:96)
	at org.junit.platform.launcher.core.DefaultLauncher.execute(DefaultLauncher.java:75)
	at org.apache.maven.surefire.junitplatform.JUnitPlatformProvider.invokeAllTests(JUnitPlatformProvider.java:165)
	at org.apache.maven.surefire.junitplatform.JUnitPlatformProvider.invoke(JUnitPlatformProvider.java:124)
	at org.apache.maven.surefire.booter.ForkedBooter.runSuitesInProcess(ForkedBooter.java:428)
	at org.apache.maven.surefire.booter.ForkedBooter.execute(ForkedBooter.java:162)
	at org.apache.maven.surefire.booter.ForkedBooter.run(ForkedBooter.java:562)
	at org.apache.maven.surefire.booter.ForkedBooter.main(ForkedBooter.java:548)
]]></stackTrace>
      <system-out><![CDATA[2022-05-15 13:42:01,965 [Listener at 127.0.0.1/44889] WARN  server.ServerUtils (ServerUtils.java:getScmDbDir(148)) - ozone.scm.db.dirs is not configured. We recommend adding this setting. Falling back to ozone.metadata.dirs instead.
2022-05-15 13:42:01,978 [Listener at 127.0.0.1/44889] INFO  ha.SCMHANodeDetails (SCMHANodeDetails.java:loadSCMHAConfig(160)) - ServiceID for StorageContainerManager is null
2022-05-15 13:42:01,978 [Listener at 127.0.0.1/44889] INFO  ha.SCMHANodeDetails (SCMHANodeDetails.java:loadSCMHAConfig(165)) - ozone.scm.default.service.id is not defined, falling back to ozone.scm.service.ids to find serviceID for StorageContainerManager if it is HA enabled cluster
2022-05-15 13:42:01,979 [Listener at 127.0.0.1/44889] WARN  server.ServerUtils (ServerUtils.java:getScmDbDir(148)) - ozone.scm.db.dirs is not configured. We recommend adding this setting. Falling back to ozone.metadata.dirs instead.
2022-05-15 13:42:01,979 [Listener at 127.0.0.1/44889] INFO  upgrade.AbstractLayoutVersionManager (AbstractLayoutVersionManager.java:init(79)) - Initializing Layout version manager with metadata layout = ERASURE_CODED_STORAGE_SUPPORT (version = 3), software layout = ERASURE_CODED_STORAGE_SUPPORT (version = 3)
2022-05-15 13:42:02,119 [Listener at 127.0.0.1/44889] INFO  reflections.Reflections (Reflections.java:scan(232)) - Reflections took 139 ms to scan 7 urls, producing 126 keys and 289 values 
2022-05-15 13:42:02,121 [Listener at 127.0.0.1/44889] WARN  utils.HAUtils (HAUtils.java:getMetaDir(342)) - ozone.scm.db.dirs is not configured. We recommend adding this setting. Falling back to ozone.metadata.dirs instead.
2022-05-15 13:42:02,122 [Listener at 127.0.0.1/44889] WARN  db.DBStoreBuilder (DBStoreBuilder.java:applyDBDefinition(145)) - ozone.scm.db.dirs is not configured. We recommend adding this setting. Falling back to ozone.metadata.dirs instead.
2022-05-15 13:42:02,380 [Listener at 127.0.0.1/44889] INFO  net.NodeSchemaLoader (NodeSchemaLoader.java:loadSchemaFromFile(129)) - Loading schema from [jar:file:/home/runner/.m2/repository/org/apache/ozone/hdds-common/1.3.0-SNAPSHOT/hdds-common-1.3.0-SNAPSHOT.jar!/network-topology-default.xml]
2022-05-15 13:42:02,380 [Listener at 127.0.0.1/44889] INFO  net.NodeSchemaLoader (NodeSchemaLoader.java:loadSchema(176)) - Loading network topology layer schema file
2022-05-15 13:42:02,402 [Listener at 127.0.0.1/44889] INFO  ha.SequenceIdGenerator (SequenceIdGenerator.java:upgradeToSequenceId(347)) - upgrade localId to 109611004723200000
2022-05-15 13:42:02,402 [Listener at 127.0.0.1/44889] INFO  ha.SequenceIdGenerator (SequenceIdGenerator.java:upgradeToSequenceId(357)) - upgrade delTxnId to 0
2022-05-15 13:42:02,402 [Listener at 127.0.0.1/44889] INFO  ha.SequenceIdGenerator (SequenceIdGenerator.java:upgradeToSequenceId(371)) - upgrade containerId to 0
2022-05-15 13:42:02,402 [Listener at 127.0.0.1/44889] INFO  ha.SequenceIdGenerator (SequenceIdGenerator.java:<init>(218)) - Init the HA SequenceIdGenerator.
2022-05-15 13:42:02,403 [Listener at 127.0.0.1/44889] WARN  server.ServerUtils (ServerUtils.java:sanitizeUserArgs(73)) - ozone.scm.stale.node.interval value = 300000 is larger than max = 100000 based on the key value of ozone.scm.heartbeat.thread.interval, reset to the max value 100000.
2022-05-15 13:42:02,403 [Listener at 127.0.0.1/44889] WARN  server.ServerUtils (ServerUtils.java:sanitizeUserArgs(73)) - ozone.scm.stale.node.interval value = 300000 is larger than max = 100000 based on the key value of ozone.scm.heartbeat.thread.interval, reset to the max value 100000.
2022-05-15 13:42:02,403 [Listener at 127.0.0.1/44889] INFO  node.SCMNodeManager (SCMNodeManager.java:<init>(148)) - Entering startup safe mode.
2022-05-15 13:42:02,404 [Listener at 127.0.0.1/44889] INFO  algorithms.ContainerPlacementPolicyFactory (ContainerPlacementPolicyFactory.java:getPolicyInternal(86)) - Create container placement policy of type org.apache.hadoop.hdds.scm.container.placement.algorithms.SCMContainerPlacementRandom
2022-05-15 13:42:02,404 [Listener at 127.0.0.1/44889] INFO  pipeline.PipelineStateManagerImpl (PipelineStateManagerImpl.java:initialize(78)) - No pipeline exists in current db
2022-05-15 13:42:02,404 [Listener at 127.0.0.1/44889] INFO  algorithms.LeaderChoosePolicyFactory (LeaderChoosePolicyFactory.java:getPolicy(57)) - Create leader choose policy of type org.apache.hadoop.hdds.scm.pipeline.leader.choose.algorithms.MinLeaderCountChoosePolicy
2022-05-15 13:42:02,404 [Listener at 127.0.0.1/44889] INFO  algorithms.ContainerPlacementPolicyFactory (ContainerPlacementPolicyFactory.java:getPolicyInternal(86)) - Create container placement policy of type org.apache.hadoop.hdds.scm.container.placement.algorithms.SCMContainerPlacementRackScatter
2022-05-15 13:42:02,404 [Listener at 127.0.0.1/44889] INFO  pipeline.BackgroundPipelineCreator (BackgroundPipelineCreator.java:start(125)) - Starting RatisPipelineUtilsThread.
2022-05-15 13:42:02,405 [Listener at 127.0.0.1/44889] INFO  pipeline.BackgroundPipelineScrubber (BackgroundPipelineScrubber.java:start(126)) - Starting BackgroundPipelineScrubber Service.
2022-05-15 13:42:02,405 [Listener at 127.0.0.1/44889] INFO  ha.SCMServiceManager (SCMServiceManager.java:register(42)) - Registering service BackgroundPipelineCreator.
2022-05-15 13:42:02,405 [Listener at 127.0.0.1/44889] INFO  ha.SCMServiceManager (SCMServiceManager.java:register(42)) - Registering service BackgroundPipelineScrubber.
2022-05-15 13:42:02,406 [Listener at 127.0.0.1/44889] INFO  algorithms.PipelineChoosePolicyFactory (PipelineChoosePolicyFactory.java:createPipelineChoosePolicyFromClass(73)) - Create pipeline choose policy of type org.apache.hadoop.hdds.scm.pipeline.choose.algorithms.RandomPipelineChoosePolicy
2022-05-15 13:42:02,406 [Listener at 127.0.0.1/44889] INFO  ha.SCMServiceManager (SCMServiceManager.java:register(42)) - Registering service SCMBlockDeletingService.
2022-05-15 13:42:02,406 [Listener at 127.0.0.1/44889] INFO  ha.SCMServiceManager (SCMServiceManager.java:register(42)) - Registering service ReplicationManager.
2022-05-15 13:42:02,406 [Listener at 127.0.0.1/44889] INFO  replication.ReplicationManager (ReplicationManager.java:start(176)) - Starting Replication Monitor Thread.
2022-05-15 13:42:02,411 [Listener at 127.0.0.1/44889] INFO  safemode.ContainerSafeModeRule (ContainerSafeModeRule.java:<init>(89)) - containers with one replica threshold count 0
2022-05-15 13:42:02,411 [Listener at 127.0.0.1/44889] INFO  safemode.HealthyPipelineSafeModeRule (HealthyPipelineSafeModeRule.java:initializeRule(156)) - Total pipeline count is 0, healthy pipeline threshold count is 1
2022-05-15 13:42:02,412 [Listener at 127.0.0.1/44889] INFO  safemode.OneReplicaPipelineSafeModeRule (OneReplicaPipelineSafeModeRule.java:initializeRule(180)) - Total pipeline count is 0, pipeline's with at least one datanode reported threshold count is 0
2022-05-15 13:42:02,412 [Listener at 127.0.0.1/44889] INFO  ipc.CallQueueManager (CallQueueManager.java:<init>(90)) - Using callQueue: class java.util.concurrent.LinkedBlockingQueue, queueCapacity: 2000, scheduler: class org.apache.hadoop.ipc.DefaultRpcScheduler, ipcBackoff: false.
2022-05-15 13:42:02,413 [Socket Reader #1 for port 0] INFO  ipc.Server (Server.java:run(1265)) - Starting Socket Reader #1 for port 0
2022-05-15 13:42:02,413 [Listener at 0.0.0.0/34127] INFO  ipc.CallQueueManager (CallQueueManager.java:<init>(90)) - Using callQueue: class java.util.concurrent.LinkedBlockingQueue, queueCapacity: 2000, scheduler: class org.apache.hadoop.ipc.DefaultRpcScheduler, ipcBackoff: false.
2022-05-15 13:42:02,414 [Socket Reader #1 for port 0] INFO  ipc.Server (Server.java:run(1265)) - Starting Socket Reader #1 for port 0
2022-05-15 13:42:02,414 [Listener at 0.0.0.0/43861] INFO  ipc.CallQueueManager (CallQueueManager.java:<init>(90)) - Using callQueue: class java.util.concurrent.LinkedBlockingQueue, queueCapacity: 2000, scheduler: class org.apache.hadoop.ipc.DefaultRpcScheduler, ipcBackoff: false.
2022-05-15 13:42:02,427 [ReplicationMonitor] INFO  replication.ReplicationManager (ReplicationManager.java:processAll(225)) - Replication Manager is not ready to run until 3000ms after safemode exit
2022-05-15 13:42:02,451 [Socket Reader #1 for port 0] INFO  ipc.Server (Server.java:run(1265)) - Starting Socket Reader #1 for port 0
2022-05-15 13:42:02,546 [Listener at 0.0.0.0/39997] INFO  server.StorageContainerManager (StorageContainerManager.java:<init>(395)) - 
Container Balancer status:
Key                            Value
Running                        false
Container Balancer Configuration values:
Key                                                Value
Threshold                                          10
Max Datanodes to Involve per Iteration(percent)    20
Max Size to Move per Iteration                     500GB
Max Size Entering Target per Iteration             26GB
Max Size Leaving Source per Iteration              26GB

2022-05-15 13:42:02,546 [Listener at 0.0.0.0/39997] WARN  events.EventQueue (EventQueue.java:fireEvent(194)) - No event handler registered for event TypedEvent{payloadType=SafeModeStatus, name='Safe mode status'}
2022-05-15 13:42:02,546 [Listener at 0.0.0.0/39997] INFO  ha.SCMContext (SCMContext.java:updateSafeModeStatus(211)) - Update SafeModeStatus from SafeModeStatus{safeModeStatus=true, preCheckPassed=false} to SafeModeStatus{safeModeStatus=true, preCheckPassed=false}.
2022-05-15 13:42:02,547 [Listener at 0.0.0.0/39997] INFO  server.StorageContainerManager (StorageContainerManager.java:start(1347)) - StorageContainerLocationProtocol RPC server is listening at /0.0.0.0:39997
2022-05-15 13:42:02,563 [Listener at 0.0.0.0/39997] WARN  impl.MetricsConfig (MetricsConfig.java:loadFirst(136)) - Cannot locate configuration: tried hadoop-metrics2-storagecontainermanager.properties,hadoop-metrics2.properties
2022-05-15 13:42:02,565 [Listener at 0.0.0.0/39997] INFO  impl.MetricsSystemImpl (MetricsSystemImpl.java:startTimer(378)) - Scheduled Metric snapshot period at 10 second(s).
2022-05-15 13:42:02,565 [Listener at 0.0.0.0/39997] INFO  impl.MetricsSystemImpl (MetricsSystemImpl.java:start(191)) - StorageContainerManager metrics system started
2022-05-15 13:42:02,610 [Listener at 0.0.0.0/39997] INFO  impl.MetricsSinkAdapter (MetricsSinkAdapter.java:start(204)) - Sink prometheus started
2022-05-15 13:42:02,610 [Listener at 0.0.0.0/39997] INFO  impl.MetricsSystemImpl (MetricsSystemImpl.java:registerSink(305)) - Registered sink prometheus
2022-05-15 13:42:02,632 [Listener at 0.0.0.0/39997] INFO  server.SCMClientProtocolServer (SCMClientProtocolServer.java:start(169)) - RPC server for Client  is listening at /0.0.0.0:39997
2022-05-15 13:42:02,632 [IPC Server Responder] INFO  ipc.Server (Server.java:run(1507)) - IPC Server Responder: starting
2022-05-15 13:42:02,662 [IPC Server listener on 0] INFO  ipc.Server (Server.java:run(1344)) - IPC Server listener on 0: starting
2022-05-15 13:42:02,842 [Listener at 0.0.0.0/39997] INFO  server.StorageContainerManager (StorageContainerManager.java:start(1362)) - ScmBlockLocationProtocol RPC server is listening at /0.0.0.0:43861
2022-05-15 13:42:02,843 [Listener at 0.0.0.0/39997] INFO  server.SCMBlockProtocolServer (SCMBlockProtocolServer.java:start(151)) - RPC server for Block Protocol is listening at /0.0.0.0:43861
2022-05-15 13:42:02,848 [IPC Server Responder] INFO  ipc.Server (Server.java:run(1507)) - IPC Server Responder: starting
2022-05-15 13:42:02,848 [IPC Server listener on 0] INFO  ipc.Server (Server.java:run(1344)) - IPC Server listener on 0: starting
2022-05-15 13:42:02,849 [Listener at 0.0.0.0/39997] INFO  server.SCMDatanodeProtocolServer (SCMDatanodeProtocolServer.java:start(183)) - ScmDatanodeProtocol RPC server for DataNodes is listening at /0.0.0.0:34127
2022-05-15 13:42:02,863 [IPC Server Responder] INFO  ipc.Server (Server.java:run(1507)) - IPC Server Responder: starting
2022-05-15 13:42:02,870 [IPC Server listener on 0] INFO  ipc.Server (Server.java:run(1344)) - IPC Server listener on 0: starting
2022-05-15 13:42:02,898 [Listener at 0.0.0.0/39997] INFO  http.BaseHttpServer (BaseHttpServer.java:newHttpServer2BuilderForOzone(209)) - Starting Web-server for scm at: http://0.0.0.0:0
2022-05-15 13:42:02,898 [Listener at 0.0.0.0/39997] INFO  http.BaseHttpServer (BaseHttpServer.java:<init>(107)) - Hadoop Security Enabled: false Ozone Security Enabled: false Ozone HTTP Security Enabled: false 
2022-05-15 13:42:02,900 [Listener at 0.0.0.0/39997] INFO  server.AuthenticationFilter (AuthenticationFilter.java:constructSecretProvider(240)) - Unable to initialize FileSignerSecretProvider, falling back to use random secrets.
2022-05-15 13:42:02,918 [Listener at 0.0.0.0/39997] WARN  http.HttpRequestLog (HttpRequestLog.java:getRequestLog(103)) - Jetty request log can only be enabled using Log4j
2022-05-15 13:42:02,919 [Listener at 0.0.0.0/39997] INFO  http.HttpServer2 (HttpServer2.java:addGlobalFilter(1030)) - Added global filter 'safety' (class=org.apache.hadoop.hdds.server.http.HttpServer2$QuotingInputFilter)
2022-05-15 13:42:02,920 [Listener at 0.0.0.0/39997] INFO  http.HttpServer2 (HttpServer2.java:addFilter(1006)) - Added filter static_user_filter (class=org.apache.hadoop.http.lib.StaticUserWebFilter$StaticUserFilter) to context scm
2022-05-15 13:42:02,920 [Listener at 0.0.0.0/39997] INFO  http.HttpServer2 (HttpServer2.java:addFilter(1014)) - Added filter static_user_filter (class=org.apache.hadoop.http.lib.StaticUserWebFilter$StaticUserFilter) to context logs
2022-05-15 13:42:02,920 [Listener at 0.0.0.0/39997] INFO  http.HttpServer2 (HttpServer2.java:addFilter(1014)) - Added filter static_user_filter (class=org.apache.hadoop.http.lib.StaticUserWebFilter$StaticUserFilter) to context static
2022-05-15 13:42:02,921 [Listener at 0.0.0.0/39997] INFO  http.HttpServer2 (HttpServer2.java:bindListener(1249)) - Jetty bound to port 38461
2022-05-15 13:42:02,921 [Listener at 0.0.0.0/39997] INFO  server.Server (Server.java:doStart(375)) - jetty-9.4.43.v20210629; built: 2021-06-30T11:07:22.254Z; git: 526006ecfa3af7f1a27ef3a288e2bef7ea9dd7e8; jvm 1.8.0_332-b09
2022-05-15 13:42:02,938 [org.apache.hadoop.util.JvmPauseMonitor$Monitor@2f900d97] INFO  util.JvmPauseMonitor (JvmPauseMonitor.java:run(188)) - Starting JVM pause monitor
2022-05-15 13:42:02,950 [Listener at 0.0.0.0/39997] INFO  server.session (DefaultSessionIdManager.java:doStart(334)) - DefaultSessionIdManager workerName=node0
2022-05-15 13:42:02,950 [Listener at 0.0.0.0/39997] INFO  server.session (DefaultSessionIdManager.java:doStart(339)) - No SessionScavenger set, using defaults
2022-05-15 13:42:02,950 [Listener at 0.0.0.0/39997] INFO  server.session (HouseKeeper.java:startScavenging(132)) - node0 Scavenging every 660000ms
2022-05-15 13:42:02,952 [Listener at 0.0.0.0/39997] INFO  handler.ContextHandler (ContextHandler.java:doStart(915)) - Started o.e.j.s.ServletContextHandler@445f0cad{logs,/logs,file:///home/runner/work/ozone/ozone/hadoop-ozone/integration-test/target/log,AVAILABLE}
2022-05-15 13:42:02,952 [Listener at 0.0.0.0/39997] INFO  handler.ContextHandler (ContextHandler.java:doStart(915)) - Started o.e.j.s.ServletContextHandler@717a02a2{static,/static,file:///home/runner/work/ozone/ozone/hadoop-ozone/integration-test/target/test-classes/webapps/static,AVAILABLE}
2022-05-15 13:42:02,968 [Listener at 0.0.0.0/39997] INFO  handler.ContextHandler (ContextHandler.java:doStart(915)) - Started o.e.j.w.WebAppContext@59c81e46{scm,/,file:///home/runner/work/ozone/ozone/hadoop-ozone/integration-test/target/test-classes/webapps/scm/,AVAILABLE}{file:/home/runner/work/ozone/ozone/hadoop-ozone/integration-test/target/test-classes/webapps/scm}
2022-05-15 13:42:02,986 [Listener at 0.0.0.0/39997] INFO  server.AbstractConnector (AbstractConnector.java:doStart(331)) - Started ServerConnector@f76dae9{HTTP/1.1, (http/1.1)}{0.0.0.0:38461}
2022-05-15 13:42:02,986 [Listener at 0.0.0.0/39997] INFO  server.Server (Server.java:doStart(415)) - Started @147101ms
2022-05-15 13:42:02,987 [Listener at 0.0.0.0/39997] WARN  impl.MetricsSystemImpl (MetricsSystemImpl.java:register(279)) - Sink prometheus already exists!
2022-05-15 13:42:02,990 [Listener at 0.0.0.0/39997] INFO  http.BaseHttpServer (BaseHttpServer.java:updateConnectorAddress(329)) - HTTP server of scm listening at http://0.0.0.0:38461
2022-05-15 13:42:02,991 [Listener at 0.0.0.0/39997] WARN  server.ServerUtils (ServerUtils.java:getDBPath(225)) - ozone.om.db.dirs is not configured. We recommend adding this setting. Falling back to ozone.metadata.dirs instead.
2022-05-15 13:42:02,992 [Listener at 0.0.0.0/39997] INFO  ha.OMHANodeDetails (OMHANodeDetails.java:loadOMHAConfig(115)) - ozone.om.internal.service.id is not defined, falling back to ozone.om.service.ids to find serviceID for OzoneManager if it is HA enabled cluster
2022-05-15 13:42:02,993 [Listener at 0.0.0.0/39997] INFO  ha.OMHANodeDetails (OMHANodeDetails.java:loadOMHAConfig(226)) - Configuration does not have ozone.om.address set. Falling back to the default OM address /127.0.0.1:0
2022-05-15 13:42:02,993 [Listener at 0.0.0.0/39997] INFO  ha.OMHANodeDetails (OMHANodeDetails.java:getOMNodeDetailsForNonHA(254)) - OM Service ID is not set. Setting it to the default ID: omServiceIdDefault
2022-05-15 13:42:02,993 [Listener at 0.0.0.0/39997] INFO  ha.OMHANodeDetails (OMHANodeDetails.java:getOMNodeDetailsForNonHA(261)) - OM Node ID is not set. Setting it to the default ID: om1
2022-05-15 13:42:02,993 [Listener at 0.0.0.0/39997] WARN  server.ServerUtils (ServerUtils.java:getDBPath(225)) - ozone.om.db.dirs is not configured. We recommend adding this setting. Falling back to ozone.metadata.dirs instead.
2022-05-15 13:42:02,993 [Listener at 0.0.0.0/39997] INFO  upgrade.AbstractLayoutVersionManager (AbstractLayoutVersionManager.java:init(79)) - Initializing Layout version manager with metadata layout = BUCKET_LAYOUT_SUPPORT (version = 2), software layout = BUCKET_LAYOUT_SUPPORT (version = 2)
2022-05-15 13:42:03,224 [Listener at 0.0.0.0/39997] INFO  reflections.Reflections (Reflections.java:scan(232)) - Reflections took 230 ms to scan 2 urls, producing 143 keys and 369 values [using 2 cores]
2022-05-15 13:42:03,225 [Listener at 0.0.0.0/39997] INFO  upgrade.OMLayoutVersionManager (OMLayoutVersionManager.java:lambda$0(115)) - Skipping Upgrade Action MockOmUpgradeAction since it has been finalized.
2022-05-15 13:42:03,225 [Listener at 0.0.0.0/39997] WARN  server.ServerUtils (ServerUtils.java:getDBPath(225)) - ozone.om.db.dirs is not configured. We recommend adding this setting. Falling back to ozone.metadata.dirs instead.
2022-05-15 13:42:03,284 [Listener at 0.0.0.0/39997] WARN  server.ServerUtils (ServerUtils.java:getDBPath(225)) - ozone.om.db.dirs is not configured. We recommend adding this setting. Falling back to ozone.metadata.dirs instead.
2022-05-15 13:42:03,285 [Listener at 0.0.0.0/39997] INFO  codec.OmKeyInfoCodec (OmKeyInfoCodec.java:<init>(49)) - OmKeyInfoCodec ignorePipeline = true
2022-05-15 13:42:03,285 [Listener at 0.0.0.0/39997] INFO  codec.RepeatedOmKeyInfoCodec (RepeatedOmKeyInfoCodec.java:<init>(41)) - RepeatedOmKeyInfoCodec ignorePipeline = true
2022-05-15 13:42:03,614 [Listener at 0.0.0.0/39997] INFO  om.OzoneManager (OzoneManager.java:addS3GVolumeToDB(3908)) - Created Volume s3v With Owner runner required for S3Gateway operations.
2022-05-15 13:42:03,614 [Listener at 0.0.0.0/39997] WARN  server.ServerUtils (ServerUtils.java:getDefaultRatisDirectory(237)) - Storage directory for Ratis is not configured. It is a good idea to map this to an SSD disk. Falling back to ozone.metadata.dirs
2022-05-15 13:42:03,623 [Listener at 0.0.0.0/39997] WARN  utils.OzoneManagerRatisUtils (OzoneManagerRatisUtils.java:getOMRatisSnapshotDirectory(395)) - ozone.om.ratis.snapshot.dir is not configured. Falling back to ozone.metadata.dirs config
2022-05-15 13:42:03,623 [Listener at 0.0.0.0/39997] WARN  server.ServerUtils (ServerUtils.java:getDefaultRatisDirectory(237)) - Storage directory for Ratis is not configured. It is a good idea to map this to an SSD disk. Falling back to ozone.metadata.dirs
2022-05-15 13:42:03,624 [Listener at 0.0.0.0/39997] INFO  ratis.OzoneManagerRatisServer (OzoneManagerRatisServer.java:<init>(159)) - Instantiating OM Ratis server with groupID: omServiceIdDefault and peers: localhost:9872
2022-05-15 13:42:03,624 [Listener at 0.0.0.0/39997] INFO  ratis.OzoneManagerStateMachine (OzoneManagerStateMachine.java:loadSnapshotInfoFromDB(627)) - LastAppliedIndex is set from TransactionInfo from OM DB as (t:0, i:~)
2022-05-15 13:42:03,634 [Listener at 0.0.0.0/39997] INFO  server.RaftServer (ConfUtils.java:logGet(44)) - raft.rpc.type = GRPC (default)
2022-05-15 13:42:03,634 [Listener at 0.0.0.0/39997] INFO  grpc.GrpcFactory (GrpcFactory.java:checkPooledByteBufAllocatorUseCacheForAllThreads(48)) - PERFORMANCE WARNING: useCacheForAllThreads is true that may cause Netty to create a lot garbage objects and, as a result, trigger GC.
	It is recommended to disable useCacheForAllThreads by setting -Dorg.apache.ratis.thirdparty.io.netty.allocator.useCacheForAllThreads=false in command line.
2022-05-15 13:42:03,634 [Listener at 0.0.0.0/39997] INFO  grpc.GrpcConfigKeys (ConfUtils.java:logGet(44)) - raft.grpc.admin.port = -1 (default)
2022-05-15 13:42:03,634 [Listener at 0.0.0.0/39997] INFO  grpc.GrpcConfigKeys (ConfUtils.java:logGet(44)) - raft.grpc.server.port = 9872 (custom)
2022-05-15 13:42:03,634 [Listener at 0.0.0.0/39997] INFO  grpc.GrpcConfigKeys (ConfUtils.java:logGet(44)) - raft.grpc.client.port = -1 (default)
2022-05-15 13:42:03,635 [Listener at 0.0.0.0/39997] INFO  grpc.GrpcConfigKeys (ConfUtils.java:logGet(44)) - raft.grpc.server.port = 9872 (custom)
2022-05-15 13:42:03,635 [Listener at 0.0.0.0/39997] INFO  grpc.GrpcConfigKeys (ConfUtils.java:logGet(44)) - raft.grpc.server.port = 9872 (custom)
2022-05-15 13:42:03,635 [Listener at 0.0.0.0/39997] INFO  server.GrpcService (ConfUtils.java:logGet(44)) - raft.grpc.message.size.max = 33554432 (custom)
2022-05-15 13:42:03,635 [Listener at 0.0.0.0/39997] INFO  server.RaftServerConfigKeys (ConfUtils.java:logGet(44)) - raft.server.log.appender.buffer.byte-limit = 33554432 (custom)
2022-05-15 13:42:03,635 [Listener at 0.0.0.0/39997] INFO  server.GrpcService (ConfUtils.java:logGet(44)) - raft.grpc.flow.control.window = 1MB (=1048576) (default)
2022-05-15 13:42:03,635 [Listener at 0.0.0.0/39997] INFO  server.RaftServerConfigKeys (ConfUtils.java:logGet(44)) - raft.server.rpc.request.timeout = 3000ms (default)
2022-05-15 13:42:03,636 [Listener at 0.0.0.0/39997] INFO  impl.DataStreamServerImpl (ConfUtils.java:logGet(44)) - raft.datastream.type = DISABLED (default)
2022-05-15 13:42:03,637 [Listener at 0.0.0.0/39997] INFO  server.RaftServerConfigKeys (ConfUtils.java:logGet(44)) - raft.server.rpc.slowness.timeout = 120s (custom)
2022-05-15 13:42:03,637 [Listener at 0.0.0.0/39997] INFO  server.RaftServerConfigKeys (ConfUtils.java:logGet(44)) - raft.server.leaderelection.leader.step-down.wait-time = 10s (default)
2022-05-15 13:42:03,637 [Listener at 0.0.0.0/39997] INFO  server.RaftServerConfigKeys (ConfUtils.java:logGet(44)) - raft.server.storage.dir = [/home/runner/work/ozone/ozone/hadoop-ozone/integration-test/target/test-dir/MiniOzoneClusterImpl-0719730d-bbb5-4727-bcaf-feedb78ac099/ozone-meta/ratis] (custom)
2022-05-15 13:42:03,654 [Listener at 0.0.0.0/39997] INFO  server.RaftServer (RaftServerProxy.java:addNew(95)) - om1: addNew group-C5BA1605619E:[om1|rpc:localhost:9872|priority:0] returns group-C5BA1605619E:java.util.concurrent.CompletableFuture@6e9f587[Not completed]
2022-05-15 13:42:03,654 [Listener at 0.0.0.0/39997] INFO  om.OzoneManager (OzoneManager.java:initializeRatisServer(1901)) - OzoneManager Ratis server initialized at port 9872
2022-05-15 13:42:03,655 [Listener at 0.0.0.0/39997] INFO  om.OzoneManager (OzoneManager.java:getRpcServer(1030)) - Creating RPC Server
2022-05-15 13:42:03,656 [pool-425-thread-1] INFO  server.RaftServer$Division (RaftServerImpl.java:<init>(184)) - om1: new RaftServerImpl for group-C5BA1605619E:[om1|rpc:localhost:9872|priority:0] with OzoneManagerStateMachine:uninitialized
2022-05-15 13:42:03,675 [pool-425-thread-1] INFO  server.RaftServerConfigKeys (ConfUtils.java:logGet(44)) - raft.server.rpc.timeout.min = 1s (custom)
2022-05-15 13:42:03,675 [pool-425-thread-1] INFO  server.RaftServerConfigKeys (ConfUtils.java:logGet(44)) - raft.server.rpc.timeout.max = 1200ms (custom)
2022-05-15 13:42:03,675 [pool-425-thread-1] INFO  server.RaftServerConfigKeys (ConfUtils.java:logGet(44)) - raft.server.rpc.sleep.time = 25ms (default)
2022-05-15 13:42:03,675 [pool-425-thread-1] INFO  server.RaftServerConfigKeys (ConfUtils.java:logGet(44)) - raft.server.rpc.slowness.timeout = 120s (custom)
2022-05-15 13:42:03,675 [pool-425-thread-1] INFO  server.RaftServerConfigKeys (ConfUtils.java:logGet(44)) - raft.server.leaderelection.leader.step-down.wait-time = 10s (default)
2022-05-15 13:42:03,675 [pool-425-thread-1] INFO  server.RaftServerConfigKeys (ConfUtils.java:logGet(44)) - raft.server.sleep.deviation.threshold = 300ms (default)
2022-05-15 13:42:03,675 [pool-425-thread-1] INFO  server.RaftServerConfigKeys (ConfUtils.java:logGet(44)) - raft.server.log.appender.install.snapshot.enabled = false (custom)
2022-05-15 13:42:03,675 [pool-425-thread-1] INFO  server.RaftServer$Division (ServerState.java:<init>(105)) - om1@group-C5BA1605619E: ConfigurationManager, init=-1: [om1|rpc:localhost:9872|priority:0], old=null, confs=<EMPTY_MAP>
2022-05-15 13:42:03,675 [pool-425-thread-1] INFO  server.RaftServerConfigKeys (ConfUtils.java:logGet(44)) - raft.server.storage.dir = [/home/runner/work/ozone/ozone/hadoop-ozone/integration-test/target/test-dir/MiniOzoneClusterImpl-0719730d-bbb5-4727-bcaf-feedb78ac099/ozone-meta/ratis] (custom)
2022-05-15 13:42:03,675 [pool-425-thread-1] INFO  server.RaftServerConfigKeys (ConfUtils.java:logGet(44)) - raft.server.log.corruption.policy = EXCEPTION (default)
2022-05-15 13:42:03,675 [pool-425-thread-1] INFO  server.RaftServerConfigKeys (ConfUtils.java:logGet(44)) - raft.server.storage.free-space.min = 0MB (=0) (default)
2022-05-15 13:42:03,675 [pool-425-thread-1] INFO  storage.RaftStorageDirectory (RaftStorageDirectoryImpl.java:analyzeStorage(135)) - The storage directory /home/runner/work/ozone/ozone/hadoop-ozone/integration-test/target/test-dir/MiniOzoneClusterImpl-0719730d-bbb5-4727-bcaf-feedb78ac099/ozone-meta/ratis/bf265839-605b-3f16-9796-c5ba1605619e does not exist. Creating ...
2022-05-15 13:42:03,680 [pool-425-thread-1] INFO  storage.RaftStorageDirectory (RaftStorageDirectoryImpl.java:tryLock(230)) - Lock on /home/runner/work/ozone/ozone/hadoop-ozone/integration-test/target/test-dir/MiniOzoneClusterImpl-0719730d-bbb5-4727-bcaf-feedb78ac099/ozone-meta/ratis/bf265839-605b-3f16-9796-c5ba1605619e/in_use.lock acquired by nodename 19587@fv-az40-973
2022-05-15 13:42:03,684 [pool-425-thread-1] INFO  storage.RaftStorage (RaftStorageImpl.java:format(89)) - Storage directory /home/runner/work/ozone/ozone/hadoop-ozone/integration-test/target/test-dir/MiniOzoneClusterImpl-0719730d-bbb5-4727-bcaf-feedb78ac099/ozone-meta/ratis/bf265839-605b-3f16-9796-c5ba1605619e has been successfully formatted.
2022-05-15 13:42:03,684 [pool-425-thread-1] INFO  server.RaftServerConfigKeys (ConfUtils.java:logGet(44)) - raft.server.notification.no-leader.timeout = 120s (custom)
2022-05-15 13:42:03,684 [pool-425-thread-1] INFO  server.RaftServerConfigKeys (ConfUtils.java:logGet(44)) - raft.server.log.use.memory = false (default)
2022-05-15 13:42:03,685 [pool-425-thread-1] INFO  server.RaftServerConfigKeys (ConfUtils.java:logGet(44)) - raft.server.log.purge.gap = 1000000 (custom)
2022-05-15 13:42:03,685 [pool-425-thread-1] INFO  server.RaftServerConfigKeys (ConfUtils.java:logGet(44)) - raft.server.log.appender.buffer.byte-limit = 33554432 (custom)
2022-05-15 13:42:03,685 [pool-425-thread-1] INFO  server.RaftServerConfigKeys (ConfUtils.java:logGet(44)) - raft.server.log.segment.size.max = 4194304 (custom)
2022-05-15 13:42:03,685 [pool-425-thread-1] INFO  server.RaftServerConfigKeys (ConfUtils.java:logGet(44)) - raft.server.log.segment.cache.num.max = 2 (custom)
2022-05-15 13:42:03,685 [pool-425-thread-1] INFO  server.RaftServerConfigKeys (ConfUtils.java:logGet(44)) - raft.server.log.segment.cache.size.max = 200MB (=209715200) (default)
2022-05-15 13:42:03,685 [pool-425-thread-1] INFO  segmented.SegmentedRaftLogWorker (SegmentedRaftLogWorker.java:<init>(182)) - new om1@group-C5BA1605619E-SegmentedRaftLogWorker for RaftStorageImpl:Storage Directory /home/runner/work/ozone/ozone/hadoop-ozone/integration-test/target/test-dir/MiniOzoneClusterImpl-0719730d-bbb5-4727-bcaf-feedb78ac099/ozone-meta/ratis/bf265839-605b-3f16-9796-c5ba1605619e
2022-05-15 13:42:03,685 [pool-425-thread-1] INFO  server.RaftServerConfigKeys (ConfUtils.java:logGet(44)) - raft.server.log.queue.byte-limit = 64MB (=67108864) (default)
2022-05-15 13:42:03,685 [pool-425-thread-1] INFO  server.RaftServerConfigKeys (ConfUtils.java:logGet(44)) - raft.server.log.queue.element-limit = 4096 (default)
2022-05-15 13:42:03,685 [pool-425-thread-1] INFO  server.RaftServerConfigKeys (ConfUtils.java:logGet(44)) - raft.server.log.segment.size.max = 4194304 (custom)
2022-05-15 13:42:03,685 [pool-425-thread-1] INFO  server.RaftServerConfigKeys (ConfUtils.java:logGet(44)) - raft.server.log.preallocated.size = 4194304 (custom)
2022-05-15 13:42:03,685 [pool-425-thread-1] INFO  server.RaftServerConfigKeys (ConfUtils.java:logGet(44)) - raft.server.log.force.sync.num = 128 (default)
2022-05-15 13:42:03,685 [pool-425-thread-1] INFO  server.RaftServerConfigKeys (ConfUtils.java:logGet(44)) - raft.server.log.statemachine.data.sync = true (default)
2022-05-15 13:42:03,685 [pool-425-thread-1] INFO  server.RaftServerConfigKeys (ConfUtils.java:logGet(44)) - raft.server.log.statemachine.data.sync.timeout = 10s (default)
2022-05-15 13:42:03,685 [pool-425-thread-1] INFO  server.RaftServerConfigKeys (ConfUtils.java:logGet(44)) - raft.server.log.statemachine.data.sync.timeout.retry = -1 (default)
2022-05-15 13:42:03,686 [pool-425-thread-1] INFO  server.RaftServerConfigKeys (ConfUtils.java:logGet(44)) - raft.server.log.write.buffer.size = 64KB (=65536) (default)
2022-05-15 13:42:03,686 [pool-425-thread-1] INFO  server.RaftServerConfigKeys (ConfUtils.java:logGet(44)) - raft.server.log.statemachine.data.caching.enabled = false (default)
2022-05-15 13:42:03,688 [pool-425-thread-1] INFO  segmented.SegmentedRaftLogWorker (SegmentedRaftLogWorker.java:lambda$new$0(133)) - om1@group-C5BA1605619E-SegmentedRaftLogWorker: flushIndex: setUnconditionally 0 -> -1
2022-05-15 13:42:03,688 [pool-425-thread-1] INFO  segmented.SegmentedRaftLogWorker (SegmentedRaftLogWorker.java:lambda$new$0(133)) - om1@group-C5BA1605619E-SegmentedRaftLogWorker: safeCacheEvictIndex: setUnconditionally 0 -> -1
2022-05-15 13:42:03,706 [pool-425-thread-1] INFO  server.RaftServerConfigKeys (ConfUtils.java:logGet(44)) - raft.server.snapshot.auto.trigger.enabled = true (custom)
2022-05-15 13:42:03,706 [pool-425-thread-1] INFO  server.RaftServerConfigKeys (ConfUtils.java:logGet(44)) - raft.server.snapshot.auto.trigger.threshold = 400000 (default)
2022-05-15 13:42:03,706 [pool-425-thread-1] INFO  server.RaftServerConfigKeys (ConfUtils.java:logGet(44)) - raft.server.snapshot.retention.file.num = -1 (default)
2022-05-15 13:42:03,706 [pool-425-thread-1] INFO  server.RaftServerConfigKeys (ConfUtils.java:logGet(44)) - raft.server.log.purge.upto.snapshot.index = true (custom)
2022-05-15 13:42:03,707 [pool-425-thread-1] INFO  server.RaftServerConfigKeys (ConfUtils.java:logGet(44)) - raft.server.retrycache.expirytime = 300s (custom)
2022-05-15 13:42:03,707 [pool-425-thread-1] INFO  server.RaftServerConfigKeys (ConfUtils.java:logGet(44)) - raft.server.retrycache.statistics.expirytime = 100μs (default)
2022-05-15 13:42:04,891 [Listener at 0.0.0.0/39997] INFO  reflections.Reflections (Reflections.java:scan(232)) - Reflections took 1235 ms to scan 19 urls, producing 61 keys and 3686 values [using 2 cores]
2022-05-15 13:42:04,893 [Listener at 0.0.0.0/39997] INFO  ipc.CallQueueManager (CallQueueManager.java:<init>(90)) - Using callQueue: class java.util.concurrent.LinkedBlockingQueue, queueCapacity: 2000, scheduler: class org.apache.hadoop.ipc.DefaultRpcScheduler, ipcBackoff: false.
2022-05-15 13:42:04,910 [Socket Reader #1 for port 0] INFO  ipc.Server (Server.java:run(1265)) - Starting Socket Reader #1 for port 0
2022-05-15 13:42:04,955 [Listener at 127.0.0.1/33073] INFO  impl.MetricsSystemImpl (MetricsSystemImpl.java:init(158)) - OzoneManager metrics system started (again)
2022-05-15 13:42:05,008 [Listener at 127.0.0.1/33073] INFO  om.OzoneManager (OzoneManager.java:start(1405)) - OzoneManager RPC server is listening at localhost/127.0.0.1:33073
2022-05-15 13:42:05,009 [Listener at 127.0.0.1/33073] INFO  ratis.OzoneManagerRatisServer (OzoneManagerRatisServer.java:start(554)) - Starting OzoneManagerRatisServer om1 at port 9872
2022-05-15 13:42:05,009 [Listener at 127.0.0.1/33073] INFO  server.RaftServer$Division (RaftServerImpl.java:start(301)) - om1@group-C5BA1605619E: start as a follower, conf=-1: [om1|rpc:localhost:9872|priority:0], old=null
2022-05-15 13:42:05,009 [Listener at 127.0.0.1/33073] INFO  server.RaftServer$Division (RaftServerImpl.java:setRole(290)) - om1@group-C5BA1605619E: changes role from      null to FOLLOWER at term 0 for startAsFollower
2022-05-15 13:42:05,009 [Listener at 127.0.0.1/33073] INFO  impl.RoleInfo (RoleInfo.java:updateAndGet(130)) - om1: start om1@group-C5BA1605619E-FollowerState
2022-05-15 13:42:05,027 [Listener at 127.0.0.1/33073] INFO  util.JmxRegister (JmxRegister.java:tryRegister(44)) - Successfully registered JMX Bean with object name Ratis:service=RaftServer,group=group-C5BA1605619E,id=om1
2022-05-15 13:42:05,045 [Listener at 127.0.0.1/33073] INFO  server.RaftServer (RaftServerProxy.java:lambda$start$5(374)) - om1: start RPC server
2022-05-15 13:42:05,059 [Listener at 127.0.0.1/33073] INFO  server.GrpcService (GrpcService.java:startImpl(253)) - om1: GrpcService started, listening on 9872
2022-05-15 13:42:05,062 [Listener at 127.0.0.1/33073] INFO  om.OzoneManager (OzoneManager.java:start(1421)) - Version File has different layout version (2) than OM DB (null). That is expected if this OM has never been finalized to a newer layout version.
2022-05-15 13:42:05,062 [org.apache.ratis.util.JvmPauseMonitor$$Lambda$622/1489821748@380d2312] INFO  util.JvmPauseMonitor (JvmPauseMonitor.java:run(103)) - JvmPauseMonitor-om1: Started
2022-05-15 13:42:05,082 [Listener at 127.0.0.1/33073] INFO  http.BaseHttpServer (BaseHttpServer.java:newHttpServer2BuilderForOzone(209)) - Starting Web-server for ozoneManager at: http://0.0.0.0:0
2022-05-15 13:42:05,083 [Listener at 127.0.0.1/33073] INFO  http.BaseHttpServer (BaseHttpServer.java:<init>(107)) - Hadoop Security Enabled: false Ozone Security Enabled: false Ozone HTTP Security Enabled: false 
2022-05-15 13:42:05,084 [Listener at 127.0.0.1/33073] INFO  server.AuthenticationFilter (AuthenticationFilter.java:constructSecretProvider(240)) - Unable to initialize FileSignerSecretProvider, falling back to use random secrets.
2022-05-15 13:42:05,084 [Listener at 127.0.0.1/33073] WARN  http.HttpRequestLog (HttpRequestLog.java:getRequestLog(103)) - Jetty request log can only be enabled using Log4j
2022-05-15 13:42:05,085 [Listener at 127.0.0.1/33073] INFO  http.HttpServer2 (HttpServer2.java:addGlobalFilter(1030)) - Added global filter 'safety' (class=org.apache.hadoop.hdds.server.http.HttpServer2$QuotingInputFilter)
2022-05-15 13:42:05,085 [Listener at 127.0.0.1/33073] INFO  http.HttpServer2 (HttpServer2.java:addFilter(1006)) - Added filter static_user_filter (class=org.apache.hadoop.http.lib.StaticUserWebFilter$StaticUserFilter) to context ozoneManager
2022-05-15 13:42:05,085 [Listener at 127.0.0.1/33073] INFO  http.HttpServer2 (HttpServer2.java:addFilter(1014)) - Added filter static_user_filter (class=org.apache.hadoop.http.lib.StaticUserWebFilter$StaticUserFilter) to context static
2022-05-15 13:42:05,086 [Listener at 127.0.0.1/33073] INFO  http.HttpServer2 (HttpServer2.java:addFilter(1014)) - Added filter static_user_filter (class=org.apache.hadoop.http.lib.StaticUserWebFilter$StaticUserFilter) to context logs
2022-05-15 13:42:05,086 [Listener at 127.0.0.1/33073] INFO  http.HttpServer2 (HttpServer2.java:bindListener(1249)) - Jetty bound to port 43433
2022-05-15 13:42:05,086 [Listener at 127.0.0.1/33073] INFO  server.Server (Server.java:doStart(375)) - jetty-9.4.43.v20210629; built: 2021-06-30T11:07:22.254Z; git: 526006ecfa3af7f1a27ef3a288e2bef7ea9dd7e8; jvm 1.8.0_332-b09
2022-05-15 13:42:05,100 [Listener at 127.0.0.1/33073] INFO  server.session (DefaultSessionIdManager.java:doStart(334)) - DefaultSessionIdManager workerName=node0
2022-05-15 13:42:05,100 [Listener at 127.0.0.1/33073] INFO  server.session (DefaultSessionIdManager.java:doStart(339)) - No SessionScavenger set, using defaults
2022-05-15 13:42:05,100 [Listener at 127.0.0.1/33073] INFO  server.session (HouseKeeper.java:startScavenging(132)) - node0 Scavenging every 660000ms
2022-05-15 13:42:05,101 [Listener at 127.0.0.1/33073] INFO  handler.ContextHandler (ContextHandler.java:doStart(915)) - Started o.e.j.s.ServletContextHandler@10a0bd3c{logs,/logs,file:///home/runner/work/ozone/ozone/hadoop-ozone/integration-test/target/log,AVAILABLE}
2022-05-15 13:42:05,101 [Listener at 127.0.0.1/33073] INFO  handler.ContextHandler (ContextHandler.java:doStart(915)) - Started o.e.j.s.ServletContextHandler@5ac59c34{static,/static,file:///home/runner/work/ozone/ozone/hadoop-ozone/integration-test/target/test-classes/webapps/static,AVAILABLE}
2022-05-15 13:42:05,104 [Listener at 127.0.0.1/33073] INFO  handler.ContextHandler (ContextHandler.java:doStart(915)) - Started o.e.j.w.WebAppContext@37ad86cb{ozoneManager,/,file:///home/runner/work/ozone/ozone/hadoop-ozone/integration-test/target/test-classes/webapps/ozoneManager/,AVAILABLE}{file:/home/runner/work/ozone/ozone/hadoop-ozone/integration-test/target/test-classes/webapps/ozoneManager}
2022-05-15 13:42:05,126 [Listener at 127.0.0.1/33073] INFO  server.AbstractConnector (AbstractConnector.java:doStart(331)) - Started ServerConnector@12f1cdab{HTTP/1.1, (http/1.1)}{0.0.0.0:43433}
2022-05-15 13:42:05,126 [Listener at 127.0.0.1/33073] INFO  server.Server (Server.java:doStart(415)) - Started @149241ms
2022-05-15 13:42:05,126 [Listener at 127.0.0.1/33073] WARN  impl.MetricsSystemImpl (MetricsSystemImpl.java:register(279)) - Sink prometheus already exists!
2022-05-15 13:42:05,134 [Listener at 127.0.0.1/33073] INFO  http.BaseHttpServer (BaseHttpServer.java:updateConnectorAddress(329)) - HTTP server of ozoneManager listening at http://0.0.0.0:43433
2022-05-15 13:42:05,134 [IPC Server Responder] INFO  ipc.Server (Server.java:run(1507)) - IPC Server Responder: starting
2022-05-15 13:42:05,134 [IPC Server listener on 0] INFO  ipc.Server (Server.java:run(1344)) - IPC Server listener on 0: starting
2022-05-15 13:42:05,247 [Listener at 127.0.0.1/33073] INFO  om.OzoneManager (OzoneManager.java:startTrashEmptier(1845)) - Trash Interval set to 0. Files deleted won't move to trash
2022-05-15 13:42:05,276 [org.apache.hadoop.util.JvmPauseMonitor$Monitor@2a2fda9e] INFO  util.JvmPauseMonitor (JvmPauseMonitor.java:run(188)) - Starting JVM pause monitor
2022-05-15 13:42:05,284 [Listener at 127.0.0.1/33073] WARN  impl.MetricRegistriesImpl (MetricRegistriesImpl.java:addReporterRegistration(111)) - New reporters are added after registries were created. Some metrics will be missing from the reporter. Please add reporter before adding any new registry.
2022-05-15 13:42:05,284 [Listener at 127.0.0.1/33073] WARN  impl.MetricRegistriesImpl (MetricRegistriesImpl.java:addReporterRegistration(111)) - New reporters are added after registries were created. Some metrics will be missing from the reporter. Please add reporter before adding any new registry.
2022-05-15 13:42:05,285 [Listener at 127.0.0.1/33073] INFO  impl.MetricsSystemImpl (MetricsSystemImpl.java:init(158)) - HddsDatanode metrics system started (again)
2022-05-15 13:42:05,308 [Listener at 127.0.0.1/33073] INFO  ozone.HddsDatanodeService (HddsDatanodeService.java:start(236)) - HddsDatanodeService host:fv-az40-973.r1qzdtoifymehf5jtx2d0vwyfg.bx.internal.cloudapp.net ip:10.1.0.20
2022-05-15 13:42:05,399 [Listener at 127.0.0.1/33073] INFO  upgrade.AbstractLayoutVersionManager (AbstractLayoutVersionManager.java:init(79)) - Initializing Layout version manager with metadata layout = ERASURE_CODED_STORAGE_SUPPORT (version = 3), software layout = ERASURE_CODED_STORAGE_SUPPORT (version = 3)
2022-05-15 13:42:05,560 [Listener at 127.0.0.1/33073] INFO  reflections.Reflections (Reflections.java:scan(232)) - Reflections took 156 ms to scan 7 urls, producing 126 keys and 289 values 
2022-05-15 13:42:05,584 [Listener at 127.0.0.1/33073] INFO  statemachine.DatanodeStateMachine (DatanodeStateMachine.java:getEndPointTaskThreadPoolSize(224)) - Datanode State Machine Task Thread Pool size 2
2022-05-15 13:42:05,605 [Listener at 127.0.0.1/33073] INFO  volume.HddsVolume (HddsVolume.java:<init>(120)) - Creating HddsVolume: /home/runner/work/ozone/ozone/hadoop-ozone/integration-test/target/test-dir/MiniOzoneClusterImpl-0719730d-bbb5-4727-bcaf-feedb78ac099/datanode-0/data-0/containers/hdds of storage type : DISK capacity : 9223372036854775807
2022-05-15 13:42:05,605 [Listener at 127.0.0.1/33073] INFO  volume.MutableVolumeSet (MutableVolumeSet.java:initializeVolumeSet(168)) - Added Volume : /home/runner/work/ozone/ozone/hadoop-ozone/integration-test/target/test-dir/MiniOzoneClusterImpl-0719730d-bbb5-4727-bcaf-feedb78ac099/datanode-0/data-0/containers/hdds to VolumeSet
2022-05-15 13:42:05,605 [Listener at 127.0.0.1/33073] INFO  volume.ThrottledAsyncChecker (ThrottledAsyncChecker.java:schedule(141)) - Scheduling a check for /home/runner/work/ozone/ozone/hadoop-ozone/integration-test/target/test-dir/MiniOzoneClusterImpl-0719730d-bbb5-4727-bcaf-feedb78ac099/datanode-0/data-0/containers/hdds
2022-05-15 13:42:05,666 [Listener at 127.0.0.1/33073] INFO  volume.StorageVolumeChecker (StorageVolumeChecker.java:checkAllVolumes(202)) - Scheduled health check for volume /home/runner/work/ozone/ozone/hadoop-ozone/integration-test/target/test-dir/MiniOzoneClusterImpl-0719730d-bbb5-4727-bcaf-feedb78ac099/datanode-0/data-0/containers/hdds
2022-05-15 13:42:05,690 [Listener at 127.0.0.1/33073] INFO  volume.MutableVolumeSet (MutableVolumeSet.java:initializeVolumeSet(168)) - Added Volume : /home/runner/work/ozone/ozone/hadoop-ozone/integration-test/target/test-dir/MiniOzoneClusterImpl-0719730d-bbb5-4727-bcaf-feedb78ac099/datanode-0/data/ratis to VolumeSet
2022-05-15 13:42:05,690 [Listener at 127.0.0.1/33073] INFO  volume.ThrottledAsyncChecker (ThrottledAsyncChecker.java:schedule(141)) - Scheduling a check for /home/runner/work/ozone/ozone/hadoop-ozone/integration-test/target/test-dir/MiniOzoneClusterImpl-0719730d-bbb5-4727-bcaf-feedb78ac099/datanode-0/data/ratis
2022-05-15 13:42:05,694 [Listener at 127.0.0.1/33073] INFO  volume.StorageVolumeChecker (StorageVolumeChecker.java:checkAllVolumes(202)) - Scheduled health check for volume /home/runner/work/ozone/ozone/hadoop-ozone/integration-test/target/test-dir/MiniOzoneClusterImpl-0719730d-bbb5-4727-bcaf-feedb78ac099/datanode-0/data/ratis
2022-05-15 13:42:05,733 [Thread-978] INFO  ozoneimpl.ContainerReader (ContainerReader.java:readVolume(172)) - Finish verifying containers on volume /home/runner/work/ozone/ozone/hadoop-ozone/integration-test/target/test-dir/MiniOzoneClusterImpl-0719730d-bbb5-4727-bcaf-feedb78ac099/datanode-0/data-0/containers/hdds
2022-05-15 13:42:05,733 [Listener at 127.0.0.1/33073] INFO  ozoneimpl.OzoneContainer (OzoneContainer.java:buildContainerSet(257)) - Build ContainerSet costs 0s
2022-05-15 13:42:05,748 [Listener at 127.0.0.1/33073] INFO  server.RaftServer (ConfUtils.java:logGet(44)) - raft.rpc.type = GRPC (default)
2022-05-15 13:42:05,748 [Listener at 127.0.0.1/33073] INFO  grpc.GrpcFactory (GrpcFactory.java:checkPooledByteBufAllocatorUseCacheForAllThreads(48)) - PERFORMANCE WARNING: useCacheForAllThreads is true that may cause Netty to create a lot garbage objects and, as a result, trigger GC.
	It is recommended to disable useCacheForAllThreads by setting -Dorg.apache.ratis.thirdparty.io.netty.allocator.useCacheForAllThreads=false in command line.
2022-05-15 13:42:05,748 [Listener at 127.0.0.1/33073] INFO  grpc.GrpcConfigKeys (ConfUtils.java:logGet(44)) - raft.grpc.admin.port = 0 (custom)
2022-05-15 13:42:05,748 [Listener at 127.0.0.1/33073] INFO  grpc.GrpcConfigKeys (ConfUtils.java:logGet(44)) - raft.grpc.client.port = 0 (custom)
2022-05-15 13:42:05,748 [Listener at 127.0.0.1/33073] INFO  grpc.GrpcConfigKeys (ConfUtils.java:logGet(44)) - raft.grpc.server.port = 0 (default)
2022-05-15 13:42:05,748 [Listener at 127.0.0.1/33073] INFO  server.GrpcService (ConfUtils.java:logGet(44)) - raft.grpc.message.size.max = 32MB (=33554432) (custom)
2022-05-15 13:42:05,748 [Listener at 127.0.0.1/33073] INFO  server.RaftServerConfigKeys (ConfUtils.java:logGet(44)) - raft.server.log.appender.buffer.byte-limit = 33554432 (custom)
2022-05-15 13:42:05,748 [Listener at 127.0.0.1/33073] INFO  server.GrpcService (ConfUtils.java:logGet(44)) - raft.grpc.flow.control.window = 5MB (=5242880) (custom)
2022-05-15 13:42:05,749 [Listener at 127.0.0.1/33073] INFO  server.RaftServerConfigKeys (ConfUtils.java:logGet(44)) - raft.server.rpc.request.timeout = 60s (custom)
2022-05-15 13:42:05,750 [Listener at 127.0.0.1/33073] INFO  impl.DataStreamServerImpl (ConfUtils.java:logGet(44)) - raft.datastream.type = DISABLED (default)
2022-05-15 13:42:05,750 [Listener at 127.0.0.1/33073] INFO  server.RaftServerConfigKeys (ConfUtils.java:logGet(44)) - raft.server.rpc.slowness.timeout = 300s (custom)
2022-05-15 13:42:05,750 [Listener at 127.0.0.1/33073] INFO  server.RaftServerConfigKeys (ConfUtils.java:logGet(44)) - raft.server.leaderelection.leader.step-down.wait-time = 10s (default)
2022-05-15 13:42:05,750 [Listener at 127.0.0.1/33073] INFO  server.RaftServerConfigKeys (ConfUtils.java:logGet(44)) - raft.server.storage.dir = [/home/runner/work/ozone/ozone/hadoop-ozone/integration-test/target/test-dir/MiniOzoneClusterImpl-0719730d-bbb5-4727-bcaf-feedb78ac099/datanode-0/data/ratis] (custom)
2022-05-15 13:42:05,751 [Listener at 127.0.0.1/33073] INFO  server.XceiverServerGrpc (XceiverServerGrpc.java:<init>(132)) - GrpcServer channel type EpollServerSocketChannel
2022-05-15 13:42:05,761 [Listener at 127.0.0.1/33073] INFO  http.BaseHttpServer (BaseHttpServer.java:newHttpServer2BuilderForOzone(209)) - Starting Web-server for hddsDatanode at: http://0.0.0.0:0
2022-05-15 13:42:05,761 [Listener at 127.0.0.1/33073] INFO  http.BaseHttpServer (BaseHttpServer.java:<init>(107)) - Hadoop Security Enabled: false Ozone Security Enabled: false Ozone HTTP Security Enabled: false 
2022-05-15 13:42:05,763 [Listener at 127.0.0.1/33073] INFO  server.AuthenticationFilter (AuthenticationFilter.java:constructSecretProvider(240)) - Unable to initialize FileSignerSecretProvider, falling back to use random secrets.
2022-05-15 13:42:05,763 [Listener at 127.0.0.1/33073] WARN  http.HttpRequestLog (HttpRequestLog.java:getRequestLog(103)) - Jetty request log can only be enabled using Log4j
2022-05-15 13:42:05,764 [Listener at 127.0.0.1/33073] INFO  http.HttpServer2 (HttpServer2.java:addGlobalFilter(1030)) - Added global filter 'safety' (class=org.apache.hadoop.hdds.server.http.HttpServer2$QuotingInputFilter)
2022-05-15 13:42:05,764 [Listener at 127.0.0.1/33073] INFO  http.HttpServer2 (HttpServer2.java:addFilter(1006)) - Added filter static_user_filter (class=org.apache.hadoop.http.lib.StaticUserWebFilter$StaticUserFilter) to context hddsDatanode
2022-05-15 13:42:05,764 [Listener at 127.0.0.1/33073] INFO  http.HttpServer2 (HttpServer2.java:addFilter(1014)) - Added filter static_user_filter (class=org.apache.hadoop.http.lib.StaticUserWebFilter$StaticUserFilter) to context static
2022-05-15 13:42:05,764 [Listener at 127.0.0.1/33073] INFO  http.HttpServer2 (HttpServer2.java:addFilter(1014)) - Added filter static_user_filter (class=org.apache.hadoop.http.lib.StaticUserWebFilter$StaticUserFilter) to context logs
2022-05-15 13:42:05,765 [Listener at 127.0.0.1/33073] INFO  http.HttpServer2 (HttpServer2.java:bindListener(1249)) - Jetty bound to port 39647
2022-05-15 13:42:05,765 [Listener at 127.0.0.1/33073] INFO  server.Server (Server.java:doStart(375)) - jetty-9.4.43.v20210629; built: 2021-06-30T11:07:22.254Z; git: 526006ecfa3af7f1a27ef3a288e2bef7ea9dd7e8; jvm 1.8.0_332-b09
2022-05-15 13:42:05,767 [Listener at 127.0.0.1/33073] INFO  server.session (DefaultSessionIdManager.java:doStart(334)) - DefaultSessionIdManager workerName=node0
2022-05-15 13:42:05,767 [Listener at 127.0.0.1/33073] INFO  server.session (DefaultSessionIdManager.java:doStart(339)) - No SessionScavenger set, using defaults
2022-05-15 13:42:05,767 [Listener at 127.0.0.1/33073] INFO  server.session (HouseKeeper.java:startScavenging(132)) - node0 Scavenging every 600000ms
2022-05-15 13:42:05,768 [Listener at 127.0.0.1/33073] INFO  handler.ContextHandler (ContextHandler.java:doStart(915)) - Started o.e.j.s.ServletContextHandler@18370c6f{logs,/logs,file:///home/runner/work/ozone/ozone/hadoop-ozone/integration-test/target/log,AVAILABLE}
2022-05-15 13:42:05,768 [Listener at 127.0.0.1/33073] INFO  handler.ContextHandler (ContextHandler.java:doStart(915)) - Started o.e.j.s.ServletContextHandler@5bdaeec8{static,/static,jar:file:/home/runner/.m2/repository/org/apache/ozone/hdds-container-service/1.3.0-SNAPSHOT/hdds-container-service-1.3.0-SNAPSHOT.jar!/webapps/static,AVAILABLE}
2022-05-15 13:42:06,035 [om1@group-C5BA1605619E-FollowerState] INFO  impl.FollowerState (FollowerState.java:run(134)) - om1@group-C5BA1605619E-FollowerState: change to CANDIDATE, lastRpcElapsedTime:1025811446ns, electionTimeout:1012ms
2022-05-15 13:42:06,035 [om1@group-C5BA1605619E-FollowerState] INFO  impl.RoleInfo (RoleInfo.java:shutdownFollowerState(108)) - om1: shutdown om1@group-C5BA1605619E-FollowerState
2022-05-15 13:42:06,035 [om1@group-C5BA1605619E-FollowerState] INFO  server.RaftServer$Division (RaftServerImpl.java:setRole(290)) - om1@group-C5BA1605619E: changes role from  FOLLOWER to CANDIDATE at term 0 for changeToCandidate
2022-05-15 13:42:06,035 [om1@group-C5BA1605619E-FollowerState] INFO  server.RaftServerConfigKeys (ConfUtils.java:logGet(44)) - raft.server.leaderelection.pre-vote = false (custom)
2022-05-15 13:42:06,035 [om1@group-C5BA1605619E-FollowerState] INFO  impl.RoleInfo (RoleInfo.java:updateAndGet(130)) - om1: start om1@group-C5BA1605619E-LeaderElection53
2022-05-15 13:42:06,073 [om1@group-C5BA1605619E-LeaderElection53] INFO  impl.LeaderElection (LeaderElection.java:askForVotes(306)) - om1@group-C5BA1605619E-LeaderElection53 ELECTION round 0: submit vote requests at term 1 for -1: [om1|rpc:localhost:9872|priority:0], old=null
2022-05-15 13:42:06,074 [om1@group-C5BA1605619E-LeaderElection53] INFO  impl.LeaderElection (LeaderElection.java:askForVotes(308)) - om1@group-C5BA1605619E-LeaderElection53 ELECTION round 0: result PASSED (term=1)
2022-05-15 13:42:06,074 [om1@group-C5BA1605619E-LeaderElection53] INFO  impl.RoleInfo (RoleInfo.java:shutdownLeaderElection(121)) - om1: shutdown om1@group-C5BA1605619E-LeaderElection53
2022-05-15 13:42:06,074 [om1@group-C5BA1605619E-LeaderElection53] INFO  server.RaftServer$Division (RaftServerImpl.java:setRole(290)) - om1@group-C5BA1605619E: changes role from CANDIDATE to LEADER at term 1 for changeToLeader
2022-05-15 13:42:06,074 [om1@group-C5BA1605619E-LeaderElection53] INFO  server.RaftServer$Division (ServerState.java:setLeader(285)) - om1@group-C5BA1605619E: change Leader from null to om1 at term 1 for becomeLeader, leader elected after 2389ms
2022-05-15 13:42:06,074 [om1@group-C5BA1605619E-LeaderElection53] INFO  server.RaftServerConfigKeys (ConfUtils.java:logGet(44)) - raft.server.staging.catchup.gap = 1000 (default)
2022-05-15 13:42:06,074 [om1@group-C5BA1605619E-LeaderElection53] INFO  server.RaftServerConfigKeys (ConfUtils.java:logGet(44)) - raft.server.write.element-limit = 4096 (default)
2022-05-15 13:42:06,074 [om1@group-C5BA1605619E-LeaderElection53] INFO  server.RaftServerConfigKeys (ConfUtils.java:logGet(44)) - raft.server.write.byte-limit = 64MB (=67108864) (default)
2022-05-15 13:42:06,074 [om1@group-C5BA1605619E-LeaderElection53] INFO  server.RaftServerConfigKeys (ConfUtils.java:logGet(44)) - raft.server.watch.timeout = 10s (default)
2022-05-15 13:42:06,074 [om1@group-C5BA1605619E-LeaderElection53] INFO  server.RaftServerConfigKeys (ConfUtils.java:logGet(44)) - raft.server.watch.timeout.denomination = 1s (default)
2022-05-15 13:42:06,074 [om1@group-C5BA1605619E-LeaderElection53] INFO  server.RaftServerConfigKeys (ConfUtils.java:logGet(44)) - raft.server.watch.element-limit = 65536 (default)
2022-05-15 13:42:06,074 [om1@group-C5BA1605619E-LeaderElection53] INFO  server.RaftServerConfigKeys (ConfUtils.java:logGet(44)) - raft.server.write.element-limit = 4096 (default)
2022-05-15 13:42:06,075 [om1@group-C5BA1605619E-LeaderElection53] INFO  server.RaftServerConfigKeys (ConfUtils.java:logGet(44)) - raft.server.write.follower.gap.ratio.max = -1.0 (default)
2022-05-15 13:42:06,075 [om1@group-C5BA1605619E-LeaderElection53] INFO  impl.RoleInfo (RoleInfo.java:updateAndGet(130)) - om1: start om1@group-C5BA1605619E-LeaderStateImpl
2022-05-15 13:42:06,075 [om1@group-C5BA1605619E-LeaderElection53] INFO  segmented.SegmentedRaftLogWorker (SegmentedRaftLogWorker.java:startLogSegment(394)) - om1@group-C5BA1605619E-SegmentedRaftLogWorker: Starting segment from index:0
2022-05-15 13:42:06,083 [om1@group-C5BA1605619E-LeaderElection53] INFO  server.RaftServer$Division (ServerState.java:setRaftConf(387)) - om1@group-C5BA1605619E: set configuration 0: [om1|rpc:localhost:9872|admin:|client:|dataStream:|priority:0], old=null
2022-05-15 13:42:06,118 [om1@group-C5BA1605619E-SegmentedRaftLogWorker] INFO  segmented.SegmentedRaftLogWorker (SegmentedRaftLogWorker.java:execute(601)) - om1@group-C5BA1605619E-SegmentedRaftLogWorker: created new log segment /home/runner/work/ozone/ozone/hadoop-ozone/integration-test/target/test-dir/MiniOzoneClusterImpl-0719730d-bbb5-4727-bcaf-feedb78ac099/ozone-meta/ratis/bf265839-605b-3f16-9796-c5ba1605619e/current/log_inprogress_0
2022-05-15 13:42:06,119 [om1@group-C5BA1605619E-StateMachineUpdater] INFO  ratis.OzoneManagerStateMachine (OzoneManagerStateMachine.java:notifyConfigurationChanged(191)) - Received Configuration change notification from Ratis. New Peer list:
[id: "om1"
address: "localhost:9872"
]
2022-05-15 13:42:06,446 [Listener at 127.0.0.1/33073] INFO  handler.ContextHandler (ContextHandler.java:doStart(915)) - Started o.e.j.w.WebAppContext@399daaa9{hddsDatanode,/,file:///tmp/jetty-0_0_0_0-39647-hdds-container-service-1_3_0-SNAPSHOT_jar-_-any-3565484440265852191/webapp/,AVAILABLE}{jar:file:/home/runner/.m2/repository/org/apache/ozone/hdds-container-service/1.3.0-SNAPSHOT/hdds-container-service-1.3.0-SNAPSHOT.jar!/webapps/hddsDatanode}
2022-05-15 13:42:06,456 [Listener at 127.0.0.1/33073] INFO  server.AbstractConnector (AbstractConnector.java:doStart(331)) - Started ServerConnector@355583e4{HTTP/1.1, (http/1.1)}{0.0.0.0:39647}
2022-05-15 13:42:06,456 [Listener at 127.0.0.1/33073] INFO  server.Server (Server.java:doStart(415)) - Started @150571ms
2022-05-15 13:42:06,456 [Listener at 127.0.0.1/33073] WARN  impl.MetricsSystemImpl (MetricsSystemImpl.java:register(279)) - Sink prometheus already exists!
2022-05-15 13:42:06,457 [Listener at 127.0.0.1/33073] INFO  http.BaseHttpServer (BaseHttpServer.java:updateConnectorAddress(329)) - HTTP server of hddsDatanode listening at http://0.0.0.0:39647
2022-05-15 13:42:06,470 [Datanode State Machine Daemon Thread] INFO  statemachine.DatanodeStateMachine (DatanodeStateMachine.java:lambda$startDaemon$0(472)) - Ozone container server started.
2022-05-15 13:42:06,498 [Listener at 127.0.0.1/33073] WARN  impl.MetricRegistriesImpl (MetricRegistriesImpl.java:addReporterRegistration(111)) - New reporters are added after registries were created. Some metrics will be missing from the reporter. Please add reporter before adding any new registry.
2022-05-15 13:42:06,499 [Listener at 127.0.0.1/33073] WARN  impl.MetricRegistriesImpl (MetricRegistriesImpl.java:addReporterRegistration(111)) - New reporters are added after registries were created. Some metrics will be missing from the reporter. Please add reporter before adding any new registry.
2022-05-15 13:42:06,499 [Listener at 127.0.0.1/33073] INFO  impl.MetricsSystemImpl (MetricsSystemImpl.java:init(158)) - HddsDatanode metrics system started (again)
2022-05-15 13:42:06,540 [Listener at 127.0.0.1/33073] INFO  ozone.HddsDatanodeService (HddsDatanodeService.java:start(236)) - HddsDatanodeService host:fv-az40-973.r1qzdtoifymehf5jtx2d0vwyfg.bx.internal.cloudapp.net ip:10.1.0.20
2022-05-15 13:42:06,554 [org.apache.hadoop.util.JvmPauseMonitor$Monitor@411bd9ad] INFO  util.JvmPauseMonitor (JvmPauseMonitor.java:run(188)) - Starting JVM pause monitor
2022-05-15 13:42:06,576 [Datanode State Machine Task Thread - 0] INFO  datanode.InitDatanodeState (InitDatanodeState.java:persistContainerDatanodeDetails(138)) - DatanodeDetails is persisted to /home/runner/work/ozone/ozone/hadoop-ozone/integration-test/target/test-dir/MiniOzoneClusterImpl-0719730d-bbb5-4727-bcaf-feedb78ac099/datanode-0/meta/datanode.id
2022-05-15 13:42:06,602 [Listener at 127.0.0.1/33073] INFO  upgrade.AbstractLayoutVersionManager (AbstractLayoutVersionManager.java:init(79)) - Initializing Layout version manager with metadata layout = ERASURE_CODED_STORAGE_SUPPORT (version = 3), software layout = ERASURE_CODED_STORAGE_SUPPORT (version = 3)
2022-05-15 13:42:06,662 [Listener at 127.0.0.1/33073] INFO  reflections.Reflections (Reflections.java:scan(232)) - Reflections took 59 ms to scan 7 urls, producing 126 keys and 289 values 
2022-05-15 13:42:06,664 [Listener at 127.0.0.1/33073] INFO  statemachine.DatanodeStateMachine (DatanodeStateMachine.java:getEndPointTaskThreadPoolSize(224)) - Datanode State Machine Task Thread Pool size 2
2022-05-15 13:42:06,702 [Listener at 127.0.0.1/33073] INFO  volume.HddsVolume (HddsVolume.java:<init>(120)) - Creating HddsVolume: /home/runner/work/ozone/ozone/hadoop-ozone/integration-test/target/test-dir/MiniOzoneClusterImpl-0719730d-bbb5-4727-bcaf-feedb78ac099/datanode-1/data-0/containers/hdds of storage type : DISK capacity : 9223372036854775807
2022-05-15 13:42:06,703 [Listener at 127.0.0.1/33073] INFO  volume.MutableVolumeSet (MutableVolumeSet.java:initializeVolumeSet(168)) - Added Volume : /home/runner/work/ozone/ozone/hadoop-ozone/integration-test/target/test-dir/MiniOzoneClusterImpl-0719730d-bbb5-4727-bcaf-feedb78ac099/datanode-1/data-0/containers/hdds to VolumeSet
2022-05-15 13:42:06,703 [Listener at 127.0.0.1/33073] INFO  volume.ThrottledAsyncChecker (ThrottledAsyncChecker.java:schedule(141)) - Scheduling a check for /home/runner/work/ozone/ozone/hadoop-ozone/integration-test/target/test-dir/MiniOzoneClusterImpl-0719730d-bbb5-4727-bcaf-feedb78ac099/datanode-1/data-0/containers/hdds
2022-05-15 13:42:06,704 [Listener at 127.0.0.1/33073] INFO  volume.StorageVolumeChecker (StorageVolumeChecker.java:checkAllVolumes(202)) - Scheduled health check for volume /home/runner/work/ozone/ozone/hadoop-ozone/integration-test/target/test-dir/MiniOzoneClusterImpl-0719730d-bbb5-4727-bcaf-feedb78ac099/datanode-1/data-0/containers/hdds
2022-05-15 13:42:06,740 [Listener at 127.0.0.1/33073] INFO  volume.MutableVolumeSet (MutableVolumeSet.java:initializeVolumeSet(168)) - Added Volume : /home/runner/work/ozone/ozone/hadoop-ozone/integration-test/target/test-dir/MiniOzoneClusterImpl-0719730d-bbb5-4727-bcaf-feedb78ac099/datanode-1/data/ratis to VolumeSet
2022-05-15 13:42:06,740 [Listener at 127.0.0.1/33073] INFO  volume.ThrottledAsyncChecker (ThrottledAsyncChecker.java:schedule(141)) - Scheduling a check for /home/runner/work/ozone/ozone/hadoop-ozone/integration-test/target/test-dir/MiniOzoneClusterImpl-0719730d-bbb5-4727-bcaf-feedb78ac099/datanode-1/data/ratis
2022-05-15 13:42:06,745 [Listener at 127.0.0.1/33073] INFO  volume.StorageVolumeChecker (StorageVolumeChecker.java:checkAllVolumes(202)) - Scheduled health check for volume /home/runner/work/ozone/ozone/hadoop-ozone/integration-test/target/test-dir/MiniOzoneClusterImpl-0719730d-bbb5-4727-bcaf-feedb78ac099/datanode-1/data/ratis
2022-05-15 13:42:06,778 [Thread-992] INFO  ozoneimpl.ContainerReader (ContainerReader.java:readVolume(172)) - Finish verifying containers on volume /home/runner/work/ozone/ozone/hadoop-ozone/integration-test/target/test-dir/MiniOzoneClusterImpl-0719730d-bbb5-4727-bcaf-feedb78ac099/datanode-1/data-0/containers/hdds
2022-05-15 13:42:06,778 [Listener at 127.0.0.1/33073] INFO  ozoneimpl.OzoneContainer (OzoneContainer.java:buildContainerSet(257)) - Build ContainerSet costs 0s
2022-05-15 13:42:06,780 [Listener at 127.0.0.1/33073] INFO  server.RaftServer (ConfUtils.java:logGet(44)) - raft.rpc.type = GRPC (default)
2022-05-15 13:42:06,780 [Listener at 127.0.0.1/33073] INFO  grpc.GrpcFactory (GrpcFactory.java:checkPooledByteBufAllocatorUseCacheForAllThreads(48)) - PERFORMANCE WARNING: useCacheForAllThreads is true that may cause Netty to create a lot garbage objects and, as a result, trigger GC.
	It is recommended to disable useCacheForAllThreads by setting -Dorg.apache.ratis.thirdparty.io.netty.allocator.useCacheForAllThreads=false in command line.
2022-05-15 13:42:06,781 [Listener at 127.0.0.1/33073] INFO  grpc.GrpcConfigKeys (ConfUtils.java:logGet(44)) - raft.grpc.admin.port = 0 (custom)
2022-05-15 13:42:06,781 [Listener at 127.0.0.1/33073] INFO  grpc.GrpcConfigKeys (ConfUtils.java:logGet(44)) - raft.grpc.client.port = 0 (custom)
2022-05-15 13:42:06,781 [Listener at 127.0.0.1/33073] INFO  grpc.GrpcConfigKeys (ConfUtils.java:logGet(44)) - raft.grpc.server.port = 0 (default)
2022-05-15 13:42:06,781 [Listener at 127.0.0.1/33073] INFO  server.GrpcService (ConfUtils.java:logGet(44)) - raft.grpc.message.size.max = 32MB (=33554432) (custom)
2022-05-15 13:42:06,781 [Listener at 127.0.0.1/33073] INFO  server.RaftServerConfigKeys (ConfUtils.java:logGet(44)) - raft.server.log.appender.buffer.byte-limit = 33554432 (custom)
2022-05-15 13:42:06,781 [Listener at 127.0.0.1/33073] INFO  server.GrpcService (ConfUtils.java:logGet(44)) - raft.grpc.flow.control.window = 5MB (=5242880) (custom)
2022-05-15 13:42:06,781 [Listener at 127.0.0.1/33073] INFO  server.RaftServerConfigKeys (ConfUtils.java:logGet(44)) - raft.server.rpc.request.timeout = 60s (custom)
2022-05-15 13:42:06,796 [Listener at 127.0.0.1/33073] INFO  impl.DataStreamServerImpl (ConfUtils.java:logGet(44)) - raft.datastream.type = DISABLED (default)
2022-05-15 13:42:06,796 [Listener at 127.0.0.1/33073] INFO  server.RaftServerConfigKeys (ConfUtils.java:logGet(44)) - raft.server.rpc.slowness.timeout = 300s (custom)
2022-05-15 13:42:06,797 [Listener at 127.0.0.1/33073] INFO  server.RaftServerConfigKeys (ConfUtils.java:logGet(44)) - raft.server.leaderelection.leader.step-down.wait-time = 10s (default)
2022-05-15 13:42:06,797 [Listener at 127.0.0.1/33073] INFO  server.RaftServerConfigKeys (ConfUtils.java:logGet(44)) - raft.server.storage.dir = [/home/runner/work/ozone/ozone/hadoop-ozone/integration-test/target/test-dir/MiniOzoneClusterImpl-0719730d-bbb5-4727-bcaf-feedb78ac099/datanode-1/data/ratis] (custom)
2022-05-15 13:42:06,798 [Listener at 127.0.0.1/33073] INFO  server.XceiverServerGrpc (XceiverServerGrpc.java:<init>(132)) - GrpcServer channel type EpollServerSocketChannel
2022-05-15 13:42:06,815 [Listener at 127.0.0.1/33073] INFO  http.BaseHttpServer (BaseHttpServer.java:newHttpServer2BuilderForOzone(209)) - Starting Web-server for hddsDatanode at: http://0.0.0.0:0
2022-05-15 13:42:06,815 [Listener at 127.0.0.1/33073] INFO  http.BaseHttpServer (BaseHttpServer.java:<init>(107)) - Hadoop Security Enabled: false Ozone Security Enabled: false Ozone HTTP Security Enabled: false 
2022-05-15 13:42:06,816 [Listener at 127.0.0.1/33073] INFO  server.AuthenticationFilter (AuthenticationFilter.java:constructSecretProvider(240)) - Unable to initialize FileSignerSecretProvider, falling back to use random secrets.
2022-05-15 13:42:06,816 [Listener at 127.0.0.1/33073] WARN  http.HttpRequestLog (HttpRequestLog.java:getRequestLog(103)) - Jetty request log can only be enabled using Log4j
2022-05-15 13:42:06,817 [Listener at 127.0.0.1/33073] INFO  http.HttpServer2 (HttpServer2.java:addGlobalFilter(1030)) - Added global filter 'safety' (class=org.apache.hadoop.hdds.server.http.HttpServer2$QuotingInputFilter)
2022-05-15 13:42:06,817 [Listener at 127.0.0.1/33073] INFO  http.HttpServer2 (HttpServer2.java:addFilter(1006)) - Added filter static_user_filter (class=org.apache.hadoop.http.lib.StaticUserWebFilter$StaticUserFilter) to context hddsDatanode
2022-05-15 13:42:06,818 [Listener at 127.0.0.1/33073] INFO  http.HttpServer2 (HttpServer2.java:addFilter(1014)) - Added filter static_user_filter (class=org.apache.hadoop.http.lib.StaticUserWebFilter$StaticUserFilter) to context logs
2022-05-15 13:42:06,818 [Listener at 127.0.0.1/33073] INFO  http.HttpServer2 (HttpServer2.java:addFilter(1014)) - Added filter static_user_filter (class=org.apache.hadoop.http.lib.StaticUserWebFilter$StaticUserFilter) to context static
2022-05-15 13:42:06,820 [Listener at 127.0.0.1/33073] INFO  http.HttpServer2 (HttpServer2.java:bindListener(1249)) - Jetty bound to port 45713
2022-05-15 13:42:06,820 [Listener at 127.0.0.1/33073] INFO  server.Server (Server.java:doStart(375)) - jetty-9.4.43.v20210629; built: 2021-06-30T11:07:22.254Z; git: 526006ecfa3af7f1a27ef3a288e2bef7ea9dd7e8; jvm 1.8.0_332-b09
2022-05-15 13:42:06,821 [Listener at 127.0.0.1/33073] INFO  server.session (DefaultSessionIdManager.java:doStart(334)) - DefaultSessionIdManager workerName=node0
2022-05-15 13:42:06,821 [Listener at 127.0.0.1/33073] INFO  server.session (DefaultSessionIdManager.java:doStart(339)) - No SessionScavenger set, using defaults
2022-05-15 13:42:06,821 [Listener at 127.0.0.1/33073] INFO  server.session (HouseKeeper.java:startScavenging(132)) - node0 Scavenging every 600000ms
2022-05-15 13:42:06,829 [Listener at 127.0.0.1/33073] INFO  handler.ContextHandler (ContextHandler.java:doStart(915)) - Started o.e.j.s.ServletContextHandler@19b27fd5{logs,/logs,file:///home/runner/work/ozone/ozone/hadoop-ozone/integration-test/target/log,AVAILABLE}
2022-05-15 13:42:06,830 [Listener at 127.0.0.1/33073] INFO  handler.ContextHandler (ContextHandler.java:doStart(915)) - Started o.e.j.s.ServletContextHandler@626fd424{static,/static,jar:file:/home/runner/.m2/repository/org/apache/ozone/hdds-container-service/1.3.0-SNAPSHOT/hdds-container-service-1.3.0-SNAPSHOT.jar!/webapps/static,AVAILABLE}
2022-05-15 13:42:07,313 [Listener at 127.0.0.1/33073] INFO  handler.ContextHandler (ContextHandler.java:doStart(915)) - Started o.e.j.w.WebAppContext@7dca9c94{hddsDatanode,/,file:///tmp/jetty-0_0_0_0-45713-hdds-container-service-1_3_0-SNAPSHOT_jar-_-any-7045099647104864136/webapp/,AVAILABLE}{jar:file:/home/runner/.m2/repository/org/apache/ozone/hdds-container-service/1.3.0-SNAPSHOT/hdds-container-service-1.3.0-SNAPSHOT.jar!/webapps/hddsDatanode}
2022-05-15 13:42:07,337 [Listener at 127.0.0.1/33073] INFO  server.AbstractConnector (AbstractConnector.java:doStart(331)) - Started ServerConnector@6452da5f{HTTP/1.1, (http/1.1)}{0.0.0.0:45713}
2022-05-15 13:42:07,337 [Listener at 127.0.0.1/33073] INFO  server.Server (Server.java:doStart(415)) - Started @151452ms
2022-05-15 13:42:07,337 [Listener at 127.0.0.1/33073] WARN  impl.MetricsSystemImpl (MetricsSystemImpl.java:register(279)) - Sink prometheus already exists!
2022-05-15 13:42:07,341 [Listener at 127.0.0.1/33073] INFO  http.BaseHttpServer (BaseHttpServer.java:updateConnectorAddress(329)) - HTTP server of hddsDatanode listening at http://0.0.0.0:45713
2022-05-15 13:42:07,363 [Listener at 127.0.0.1/33073] WARN  impl.MetricRegistriesImpl (MetricRegistriesImpl.java:addReporterRegistration(111)) - New reporters are added after registries were created. Some metrics will be missing from the reporter. Please add reporter before adding any new registry.
2022-05-15 13:42:07,363 [Listener at 127.0.0.1/33073] WARN  impl.MetricRegistriesImpl (MetricRegistriesImpl.java:addReporterRegistration(111)) - New reporters are added after registries were created. Some metrics will be missing from the reporter. Please add reporter before adding any new registry.
2022-05-15 13:42:07,363 [Listener at 127.0.0.1/33073] INFO  impl.MetricsSystemImpl (MetricsSystemImpl.java:init(158)) - HddsDatanode metrics system started (again)
2022-05-15 13:42:07,366 [Datanode State Machine Daemon Thread] INFO  statemachine.DatanodeStateMachine (DatanodeStateMachine.java:lambda$startDaemon$0(472)) - Ozone container server started.
2022-05-15 13:42:07,456 [org.apache.hadoop.util.JvmPauseMonitor$Monitor@6b4e1569] INFO  util.JvmPauseMonitor (JvmPauseMonitor.java:run(188)) - Starting JVM pause monitor
2022-05-15 13:42:07,473 [Listener at 127.0.0.1/33073] INFO  ozone.HddsDatanodeService (HddsDatanodeService.java:start(236)) - HddsDatanodeService host:fv-az40-973.r1qzdtoifymehf5jtx2d0vwyfg.bx.internal.cloudapp.net ip:10.1.0.20
2022-05-15 13:42:07,480 [Datanode State Machine Task Thread - 0] INFO  datanode.InitDatanodeState (InitDatanodeState.java:persistContainerDatanodeDetails(138)) - DatanodeDetails is persisted to /home/runner/work/ozone/ozone/hadoop-ozone/integration-test/target/test-dir/MiniOzoneClusterImpl-0719730d-bbb5-4727-bcaf-feedb78ac099/datanode-1/meta/datanode.id
2022-05-15 13:42:07,544 [Listener at 127.0.0.1/33073] INFO  upgrade.AbstractLayoutVersionManager (AbstractLayoutVersionManager.java:init(79)) - Initializing Layout version manager with metadata layout = ERASURE_CODED_STORAGE_SUPPORT (version = 3), software layout = ERASURE_CODED_STORAGE_SUPPORT (version = 3)
2022-05-15 13:42:07,673 [Listener at 127.0.0.1/33073] INFO  reflections.Reflections (Reflections.java:scan(232)) - Reflections took 127 ms to scan 7 urls, producing 126 keys and 289 values 
2022-05-15 13:42:07,675 [Listener at 127.0.0.1/33073] INFO  statemachine.DatanodeStateMachine (DatanodeStateMachine.java:getEndPointTaskThreadPoolSize(224)) - Datanode State Machine Task Thread Pool size 2
2022-05-15 13:42:07,676 [Listener at 127.0.0.1/33073] INFO  volume.HddsVolume (HddsVolume.java:<init>(120)) - Creating HddsVolume: /home/runner/work/ozone/ozone/hadoop-ozone/integration-test/target/test-dir/MiniOzoneClusterImpl-0719730d-bbb5-4727-bcaf-feedb78ac099/datanode-2/data-0/containers/hdds of storage type : DISK capacity : 9223372036854775807
2022-05-15 13:42:07,676 [Listener at 127.0.0.1/33073] INFO  volume.MutableVolumeSet (MutableVolumeSet.java:initializeVolumeSet(168)) - Added Volume : /home/runner/work/ozone/ozone/hadoop-ozone/integration-test/target/test-dir/MiniOzoneClusterImpl-0719730d-bbb5-4727-bcaf-feedb78ac099/datanode-2/data-0/containers/hdds to VolumeSet
2022-05-15 13:42:07,676 [Listener at 127.0.0.1/33073] INFO  volume.ThrottledAsyncChecker (ThrottledAsyncChecker.java:schedule(141)) - Scheduling a check for /home/runner/work/ozone/ozone/hadoop-ozone/integration-test/target/test-dir/MiniOzoneClusterImpl-0719730d-bbb5-4727-bcaf-feedb78ac099/datanode-2/data-0/containers/hdds
2022-05-15 13:42:07,677 [Listener at 127.0.0.1/33073] INFO  volume.StorageVolumeChecker (StorageVolumeChecker.java:checkAllVolumes(202)) - Scheduled health check for volume /home/runner/work/ozone/ozone/hadoop-ozone/integration-test/target/test-dir/MiniOzoneClusterImpl-0719730d-bbb5-4727-bcaf-feedb78ac099/datanode-2/data-0/containers/hdds
2022-05-15 13:42:07,687 [Listener at 127.0.0.1/33073] INFO  volume.MutableVolumeSet (MutableVolumeSet.java:initializeVolumeSet(168)) - Added Volume : /home/runner/work/ozone/ozone/hadoop-ozone/integration-test/target/test-dir/MiniOzoneClusterImpl-0719730d-bbb5-4727-bcaf-feedb78ac099/datanode-2/data/ratis to VolumeSet
2022-05-15 13:42:07,687 [Listener at 127.0.0.1/33073] INFO  volume.ThrottledAsyncChecker (ThrottledAsyncChecker.java:schedule(141)) - Scheduling a check for /home/runner/work/ozone/ozone/hadoop-ozone/integration-test/target/test-dir/MiniOzoneClusterImpl-0719730d-bbb5-4727-bcaf-feedb78ac099/datanode-2/data/ratis
2022-05-15 13:42:07,687 [Listener at 127.0.0.1/33073] INFO  volume.StorageVolumeChecker (StorageVolumeChecker.java:checkAllVolumes(202)) - Scheduled health check for volume /home/runner/work/ozone/ozone/hadoop-ozone/integration-test/target/test-dir/MiniOzoneClusterImpl-0719730d-bbb5-4727-bcaf-feedb78ac099/datanode-2/data/ratis
2022-05-15 13:42:07,710 [Thread-1004] INFO  ozoneimpl.ContainerReader (ContainerReader.java:readVolume(172)) - Finish verifying containers on volume /home/runner/work/ozone/ozone/hadoop-ozone/integration-test/target/test-dir/MiniOzoneClusterImpl-0719730d-bbb5-4727-bcaf-feedb78ac099/datanode-2/data-0/containers/hdds
2022-05-15 13:42:07,710 [Listener at 127.0.0.1/33073] INFO  ozoneimpl.OzoneContainer (OzoneContainer.java:buildContainerSet(257)) - Build ContainerSet costs 0s
2022-05-15 13:42:07,712 [Listener at 127.0.0.1/33073] INFO  server.RaftServer (ConfUtils.java:logGet(44)) - raft.rpc.type = GRPC (default)
2022-05-15 13:42:07,712 [Listener at 127.0.0.1/33073] INFO  grpc.GrpcFactory (GrpcFactory.java:checkPooledByteBufAllocatorUseCacheForAllThreads(48)) - PERFORMANCE WARNING: useCacheForAllThreads is true that may cause Netty to create a lot garbage objects and, as a result, trigger GC.
	It is recommended to disable useCacheForAllThreads by setting -Dorg.apache.ratis.thirdparty.io.netty.allocator.useCacheForAllThreads=false in command line.
2022-05-15 13:42:07,712 [Listener at 127.0.0.1/33073] INFO  grpc.GrpcConfigKeys (ConfUtils.java:logGet(44)) - raft.grpc.admin.port = 0 (custom)
2022-05-15 13:42:07,712 [Listener at 127.0.0.1/33073] INFO  grpc.GrpcConfigKeys (ConfUtils.java:logGet(44)) - raft.grpc.client.port = 0 (custom)
2022-05-15 13:42:07,713 [Listener at 127.0.0.1/33073] INFO  grpc.GrpcConfigKeys (ConfUtils.java:logGet(44)) - raft.grpc.server.port = 0 (default)
2022-05-15 13:42:07,713 [Listener at 127.0.0.1/33073] INFO  server.GrpcService (ConfUtils.java:logGet(44)) - raft.grpc.message.size.max = 32MB (=33554432) (custom)
2022-05-15 13:42:07,713 [Listener at 127.0.0.1/33073] INFO  server.RaftServerConfigKeys (ConfUtils.java:logGet(44)) - raft.server.log.appender.buffer.byte-limit = 33554432 (custom)
2022-05-15 13:42:07,713 [Listener at 127.0.0.1/33073] INFO  server.GrpcService (ConfUtils.java:logGet(44)) - raft.grpc.flow.control.window = 5MB (=5242880) (custom)
2022-05-15 13:42:07,713 [Listener at 127.0.0.1/33073] INFO  server.RaftServerConfigKeys (ConfUtils.java:logGet(44)) - raft.server.rpc.request.timeout = 60s (custom)
2022-05-15 13:42:07,714 [Listener at 127.0.0.1/33073] INFO  impl.DataStreamServerImpl (ConfUtils.java:logGet(44)) - raft.datastream.type = DISABLED (default)
2022-05-15 13:42:07,730 [Listener at 127.0.0.1/33073] INFO  server.RaftServerConfigKeys (ConfUtils.java:logGet(44)) - raft.server.rpc.slowness.timeout = 300s (custom)
2022-05-15 13:42:07,734 [Listener at 127.0.0.1/33073] INFO  server.RaftServerConfigKeys (ConfUtils.java:logGet(44)) - raft.server.leaderelection.leader.step-down.wait-time = 10s (default)
2022-05-15 13:42:07,735 [Listener at 127.0.0.1/33073] INFO  server.RaftServerConfigKeys (ConfUtils.java:logGet(44)) - raft.server.storage.dir = [/home/runner/work/ozone/ozone/hadoop-ozone/integration-test/target/test-dir/MiniOzoneClusterImpl-0719730d-bbb5-4727-bcaf-feedb78ac099/datanode-2/data/ratis] (custom)
2022-05-15 13:42:07,736 [Listener at 127.0.0.1/33073] INFO  server.XceiverServerGrpc (XceiverServerGrpc.java:<init>(132)) - GrpcServer channel type EpollServerSocketChannel
2022-05-15 13:42:07,747 [Listener at 127.0.0.1/33073] INFO  http.BaseHttpServer (BaseHttpServer.java:newHttpServer2BuilderForOzone(209)) - Starting Web-server for hddsDatanode at: http://0.0.0.0:0
2022-05-15 13:42:07,747 [Listener at 127.0.0.1/33073] INFO  http.BaseHttpServer (BaseHttpServer.java:<init>(107)) - Hadoop Security Enabled: false Ozone Security Enabled: false Ozone HTTP Security Enabled: false 
2022-05-15 13:42:07,748 [Listener at 127.0.0.1/33073] INFO  server.AuthenticationFilter (AuthenticationFilter.java:constructSecretProvider(240)) - Unable to initialize FileSignerSecretProvider, falling back to use random secrets.
2022-05-15 13:42:07,769 [Listener at 127.0.0.1/33073] WARN  http.HttpRequestLog (HttpRequestLog.java:getRequestLog(103)) - Jetty request log can only be enabled using Log4j
2022-05-15 13:42:07,770 [Listener at 127.0.0.1/33073] INFO  http.HttpServer2 (HttpServer2.java:addGlobalFilter(1030)) - Added global filter 'safety' (class=org.apache.hadoop.hdds.server.http.HttpServer2$QuotingInputFilter)
2022-05-15 13:42:07,771 [Listener at 127.0.0.1/33073] INFO  http.HttpServer2 (HttpServer2.java:addFilter(1006)) - Added filter static_user_filter (class=org.apache.hadoop.http.lib.StaticUserWebFilter$StaticUserFilter) to context hddsDatanode
2022-05-15 13:42:07,771 [Listener at 127.0.0.1/33073] INFO  http.HttpServer2 (HttpServer2.java:addFilter(1014)) - Added filter static_user_filter (class=org.apache.hadoop.http.lib.StaticUserWebFilter$StaticUserFilter) to context static
2022-05-15 13:42:07,771 [Listener at 127.0.0.1/33073] INFO  http.HttpServer2 (HttpServer2.java:addFilter(1014)) - Added filter static_user_filter (class=org.apache.hadoop.http.lib.StaticUserWebFilter$StaticUserFilter) to context logs
2022-05-15 13:42:07,771 [Listener at 127.0.0.1/33073] INFO  http.HttpServer2 (HttpServer2.java:bindListener(1249)) - Jetty bound to port 36129
2022-05-15 13:42:07,771 [Listener at 127.0.0.1/33073] INFO  server.Server (Server.java:doStart(375)) - jetty-9.4.43.v20210629; built: 2021-06-30T11:07:22.254Z; git: 526006ecfa3af7f1a27ef3a288e2bef7ea9dd7e8; jvm 1.8.0_332-b09
2022-05-15 13:42:07,801 [Listener at 127.0.0.1/33073] INFO  server.session (DefaultSessionIdManager.java:doStart(334)) - DefaultSessionIdManager workerName=node0
2022-05-15 13:42:07,801 [Listener at 127.0.0.1/33073] INFO  server.session (DefaultSessionIdManager.java:doStart(339)) - No SessionScavenger set, using defaults
2022-05-15 13:42:07,801 [Listener at 127.0.0.1/33073] INFO  server.session (HouseKeeper.java:startScavenging(132)) - node0 Scavenging every 600000ms
2022-05-15 13:42:07,802 [Listener at 127.0.0.1/33073] INFO  handler.ContextHandler (ContextHandler.java:doStart(915)) - Started o.e.j.s.ServletContextHandler@446fe9f1{logs,/logs,file:///home/runner/work/ozone/ozone/hadoop-ozone/integration-test/target/log,AVAILABLE}
2022-05-15 13:42:07,802 [Listener at 127.0.0.1/33073] INFO  handler.ContextHandler (ContextHandler.java:doStart(915)) - Started o.e.j.s.ServletContextHandler@ec168c5{static,/static,jar:file:/home/runner/.m2/repository/org/apache/ozone/hdds-container-service/1.3.0-SNAPSHOT/hdds-container-service-1.3.0-SNAPSHOT.jar!/webapps/static,AVAILABLE}
2022-05-15 13:42:08,503 [Listener at 127.0.0.1/33073] INFO  handler.ContextHandler (ContextHandler.java:doStart(915)) - Started o.e.j.w.WebAppContext@3ab4abce{hddsDatanode,/,file:///tmp/jetty-0_0_0_0-36129-hdds-container-service-1_3_0-SNAPSHOT_jar-_-any-7282693667284612918/webapp/,AVAILABLE}{jar:file:/home/runner/.m2/repository/org/apache/ozone/hdds-container-service/1.3.0-SNAPSHOT/hdds-container-service-1.3.0-SNAPSHOT.jar!/webapps/hddsDatanode}
2022-05-15 13:42:08,534 [Listener at 127.0.0.1/33073] INFO  server.AbstractConnector (AbstractConnector.java:doStart(331)) - Started ServerConnector@4490b985{HTTP/1.1, (http/1.1)}{0.0.0.0:36129}
2022-05-15 13:42:08,535 [Listener at 127.0.0.1/33073] INFO  server.Server (Server.java:doStart(415)) - Started @152649ms
2022-05-15 13:42:08,535 [Listener at 127.0.0.1/33073] WARN  impl.MetricsSystemImpl (MetricsSystemImpl.java:register(279)) - Sink prometheus already exists!
2022-05-15 13:42:08,536 [Listener at 127.0.0.1/33073] INFO  http.BaseHttpServer (BaseHttpServer.java:updateConnectorAddress(329)) - HTTP server of hddsDatanode listening at http://0.0.0.0:36129
2022-05-15 13:42:08,538 [Listener at 127.0.0.1/33073] INFO  ozone.MiniOzoneClusterImpl (MiniOzoneClusterImpl.java:lambda$waitForClusterToBeReady$0(221)) - Waiting for nodes to be ready. Got 0 of 3 DN Heartbeats.
2022-05-15 13:42:08,538 [Listener at 127.0.0.1/33073] INFO  ozone.MiniOzoneClusterImpl (MiniOzoneClusterImpl.java:lambda$waitForClusterToBeReady$0(224)) - Waiting for cluster to exit safe mode
2022-05-15 13:42:08,538 [Listener at 127.0.0.1/33073] INFO  ozone.MiniOzoneClusterImpl (MiniOzoneClusterImpl.java:lambda$waitForClusterToBeReady$0(226)) - SCM became leader
2022-05-15 13:42:08,538 [Datanode State Machine Daemon Thread] INFO  statemachine.DatanodeStateMachine (DatanodeStateMachine.java:lambda$startDaemon$0(472)) - Ozone container server started.
2022-05-15 13:42:08,698 [org.apache.hadoop.util.JvmPauseMonitor$Monitor@3f620653] INFO  util.JvmPauseMonitor (JvmPauseMonitor.java:run(188)) - Starting JVM pause monitor
2022-05-15 13:42:08,714 [EndpointStateMachine task thread for /0.0.0.0:34127 - 0 ] INFO  ozoneimpl.OzoneContainer (OzoneContainer.java:start(335)) - Attempting to start container services.
2022-05-15 13:42:08,714 [EndpointStateMachine task thread for /0.0.0.0:34127 - 0 ] INFO  ozoneimpl.OzoneContainer (OzoneContainer.java:startContainerScrub(270)) - Background container scanner has been disabled.
2022-05-15 13:42:08,715 [EndpointStateMachine task thread for /0.0.0.0:34127 - 0 ] INFO  replication.ReplicationServer (ReplicationServer.java:start(111)) - ReplicationServer is started using port 43875
2022-05-15 13:42:08,717 [EndpointStateMachine task thread for /0.0.0.0:34127 - 0 ] INFO  ratis.XceiverServerRatis (XceiverServerRatis.java:start(481)) - Starting XceiverServerRatis bb4037bd-da51-447a-80ce-84e82c128da1
2022-05-15 13:42:08,717 [EndpointStateMachine task thread for /0.0.0.0:34127 - 0 ] INFO  server.RaftServer (RaftServerProxy.java:lambda$start$5(374)) - bb4037bd-da51-447a-80ce-84e82c128da1: start RPC server
2022-05-15 13:42:08,726 [EndpointStateMachine task thread for /0.0.0.0:34127 - 0 ] INFO  server.GrpcService (GrpcService.java:startImpl(253)) - bb4037bd-da51-447a-80ce-84e82c128da1: GrpcService started, listening on 33025
2022-05-15 13:42:08,737 [Datanode State Machine Task Thread - 0] INFO  datanode.InitDatanodeState (InitDatanodeState.java:persistContainerDatanodeDetails(138)) - DatanodeDetails is persisted to /home/runner/work/ozone/ozone/hadoop-ozone/integration-test/target/test-dir/MiniOzoneClusterImpl-0719730d-bbb5-4727-bcaf-feedb78ac099/datanode-2/meta/datanode.id
2022-05-15 13:42:08,742 [EndpointStateMachine task thread for /0.0.0.0:34127 - 0 ] INFO  ratis.XceiverServerRatis (XceiverServerRatis.java:getRealPort(502)) - XceiverServerRatis bb4037bd-da51-447a-80ce-84e82c128da1 is started using port 33025 for RATIS
2022-05-15 13:42:08,742 [EndpointStateMachine task thread for /0.0.0.0:34127 - 0 ] INFO  ratis.XceiverServerRatis (XceiverServerRatis.java:getRealPort(502)) - XceiverServerRatis bb4037bd-da51-447a-80ce-84e82c128da1 is started using port 33025 for RATIS_ADMIN
2022-05-15 13:42:08,742 [EndpointStateMachine task thread for /0.0.0.0:34127 - 0 ] INFO  ratis.XceiverServerRatis (XceiverServerRatis.java:getRealPort(502)) - XceiverServerRatis bb4037bd-da51-447a-80ce-84e82c128da1 is started using port 33025 for RATIS_SERVER
2022-05-15 13:42:08,746 [org.apache.ratis.util.JvmPauseMonitor$$Lambda$622/1489821748@136031a5] INFO  util.JvmPauseMonitor (JvmPauseMonitor.java:run(103)) - JvmPauseMonitor-bb4037bd-da51-447a-80ce-84e82c128da1: Started
2022-05-15 13:42:08,757 [EndpointStateMachine task thread for /0.0.0.0:34127 - 0 ] INFO  server.XceiverServerGrpc (XceiverServerGrpc.java:start(180)) - XceiverServerGrpc bb4037bd-da51-447a-80ce-84e82c128da1 is started using port 45849
2022-05-15 13:42:09,484 [EndpointStateMachine task thread for /0.0.0.0:34127 - 0 ] INFO  ozoneimpl.OzoneContainer (OzoneContainer.java:start(335)) - Attempting to start container services.
2022-05-15 13:42:09,486 [EndpointStateMachine task thread for /0.0.0.0:34127 - 0 ] INFO  ozoneimpl.OzoneContainer (OzoneContainer.java:startContainerScrub(270)) - Background container scanner has been disabled.
2022-05-15 13:42:09,490 [EndpointStateMachine task thread for /0.0.0.0:34127 - 0 ] INFO  replication.ReplicationServer (ReplicationServer.java:start(111)) - ReplicationServer is started using port 44389
2022-05-15 13:42:09,508 [EndpointStateMachine task thread for /0.0.0.0:34127 - 0 ] INFO  ratis.XceiverServerRatis (XceiverServerRatis.java:start(481)) - Starting XceiverServerRatis 96ca5511-bfe1-4197-a424-aeb838a33d2a
2022-05-15 13:42:09,510 [EndpointStateMachine task thread for /0.0.0.0:34127 - 0 ] INFO  server.RaftServer (RaftServerProxy.java:lambda$start$5(374)) - 96ca5511-bfe1-4197-a424-aeb838a33d2a: start RPC server
2022-05-15 13:42:09,511 [EndpointStateMachine task thread for /0.0.0.0:34127 - 0 ] INFO  server.GrpcService (GrpcService.java:startImpl(253)) - 96ca5511-bfe1-4197-a424-aeb838a33d2a: GrpcService started, listening on 34347
2022-05-15 13:42:09,511 [EndpointStateMachine task thread for /0.0.0.0:34127 - 0 ] INFO  ratis.XceiverServerRatis (XceiverServerRatis.java:getRealPort(502)) - XceiverServerRatis 96ca5511-bfe1-4197-a424-aeb838a33d2a is started using port 34347 for RATIS
2022-05-15 13:42:09,511 [EndpointStateMachine task thread for /0.0.0.0:34127 - 0 ] INFO  ratis.XceiverServerRatis (XceiverServerRatis.java:getRealPort(502)) - XceiverServerRatis 96ca5511-bfe1-4197-a424-aeb838a33d2a is started using port 34347 for RATIS_ADMIN
2022-05-15 13:42:09,511 [EndpointStateMachine task thread for /0.0.0.0:34127 - 0 ] INFO  ratis.XceiverServerRatis (XceiverServerRatis.java:getRealPort(502)) - XceiverServerRatis 96ca5511-bfe1-4197-a424-aeb838a33d2a is started using port 34347 for RATIS_SERVER
2022-05-15 13:42:09,511 [org.apache.ratis.util.JvmPauseMonitor$$Lambda$622/1489821748@71743dfc] INFO  util.JvmPauseMonitor (JvmPauseMonitor.java:run(103)) - JvmPauseMonitor-96ca5511-bfe1-4197-a424-aeb838a33d2a: Started
2022-05-15 13:42:09,512 [EndpointStateMachine task thread for /0.0.0.0:34127 - 0 ] INFO  server.XceiverServerGrpc (XceiverServerGrpc.java:start(180)) - XceiverServerGrpc 96ca5511-bfe1-4197-a424-aeb838a33d2a is started using port 45285
2022-05-15 13:42:09,538 [Listener at 127.0.0.1/33073] INFO  ozone.MiniOzoneClusterImpl (MiniOzoneClusterImpl.java:lambda$waitForClusterToBeReady$0(221)) - Waiting for nodes to be ready. Got 0 of 3 DN Heartbeats.
2022-05-15 13:42:09,539 [Listener at 127.0.0.1/33073] INFO  ozone.MiniOzoneClusterImpl (MiniOzoneClusterImpl.java:lambda$waitForClusterToBeReady$0(224)) - Waiting for cluster to exit safe mode
2022-05-15 13:42:09,539 [Listener at 127.0.0.1/33073] INFO  ozone.MiniOzoneClusterImpl (MiniOzoneClusterImpl.java:lambda$waitForClusterToBeReady$0(226)) - SCM became leader
2022-05-15 13:42:10,540 [Listener at 127.0.0.1/33073] INFO  ozone.MiniOzoneClusterImpl (MiniOzoneClusterImpl.java:lambda$waitForClusterToBeReady$0(221)) - Waiting for nodes to be ready. Got 0 of 3 DN Heartbeats.
2022-05-15 13:42:10,540 [Listener at 127.0.0.1/33073] INFO  ozone.MiniOzoneClusterImpl (MiniOzoneClusterImpl.java:lambda$waitForClusterToBeReady$0(224)) - Waiting for cluster to exit safe mode
2022-05-15 13:42:10,540 [Listener at 127.0.0.1/33073] INFO  ozone.MiniOzoneClusterImpl (MiniOzoneClusterImpl.java:lambda$waitForClusterToBeReady$0(226)) - SCM became leader
2022-05-15 13:42:10,558 [IPC Server handler 0 on default port 34127] INFO  net.NetworkTopologyImpl (NetworkTopologyImpl.java:add(112)) - Added a new node: /default-rack/bb4037bd-da51-447a-80ce-84e82c128da1
2022-05-15 13:42:10,558 [IPC Server handler 0 on default port 34127] INFO  node.SCMNodeManager (SCMNodeManager.java:register(393)) - Registered Data node : bb4037bd-da51-447a-80ce-84e82c128da1{ip: 10.1.0.20, host: fv-az40-973.r1qzdtoifymehf5jtx2d0vwyfg.bx.internal.cloudapp.net, ports: [REPLICATION=43875, RATIS=33025, RATIS_ADMIN=33025, RATIS_SERVER=33025, STANDALONE=45849], networkLocation: /default-rack, certSerialId: null, persistedOpState: null, persistedOpStateExpiryEpochSec: 0}
2022-05-15 13:42:10,563 [EventQueue-NodeRegistrationContainerReportForContainerSafeModeRule] INFO  safemode.SCMSafeModeManager (SCMSafeModeManager.java:validateSafeModeExitRules(204)) - ContainerSafeModeRule rule is successfully validated
2022-05-15 13:42:10,563 [EventQueue-NodeRegistrationContainerReportForDataNodeSafeModeRule] INFO  safemode.SCMSafeModeManager (DataNodeSafeModeRule.java:process(71)) - SCM in safe mode. 1 DataNodes registered, 3 required.
2022-05-15 13:42:10,567 [EventQueue-NewNodeForNewNodeHandler] INFO  pipeline.BackgroundPipelineCreator (BackgroundPipelineCreator.java:notifyEventTriggered(272)) - trigger a one-shot run on RatisPipelineUtilsThread.
2022-05-15 13:42:10,567 [RatisPipelineUtilsThread - 0] INFO  pipeline.RatisPipelineProvider (RatisPipelineProvider.java:lambda$create$0(195)) - Sending CreatePipelineCommand for pipeline:PipelineID=843b8817-d7bf-4e23-96c8-1ad4c5b4ff74 to datanode:bb4037bd-da51-447a-80ce-84e82c128da1
2022-05-15 13:42:10,575 [RatisPipelineUtilsThread - 0] INFO  pipeline.PipelineStateManagerImpl (PipelineStateManagerImpl.java:addPipeline(101)) - Created pipeline Pipeline[ Id: 843b8817-d7bf-4e23-96c8-1ad4c5b4ff74, Nodes: bb4037bd-da51-447a-80ce-84e82c128da1{ip: 10.1.0.20, host: fv-az40-973.r1qzdtoifymehf5jtx2d0vwyfg.bx.internal.cloudapp.net, ports: [REPLICATION=43875, RATIS=33025, RATIS_ADMIN=33025, RATIS_SERVER=33025, STANDALONE=45849], networkLocation: /default-rack, certSerialId: null, persistedOpState: IN_SERVICE, persistedOpStateExpiryEpochSec: 0}, ReplicationConfig: RATIS/ONE, State:ALLOCATED, leaderId:, CreationTimestamp2022-05-15T13:42:10.567Z[Etc/UTC]].
2022-05-15 13:42:10,598 [EventQueue-PipelineReportForOneReplicaPipelineSafeModeRule] INFO  safemode.SCMSafeModeManager (SCMSafeModeManager.java:validateSafeModeExitRules(204)) - AtleastOneDatanodeReportedRule rule is successfully validated
2022-05-15 13:42:10,741 [EndpointStateMachine task thread for /0.0.0.0:34127 - 0 ] INFO  ozoneimpl.OzoneContainer (OzoneContainer.java:start(335)) - Attempting to start container services.
2022-05-15 13:42:10,741 [EndpointStateMachine task thread for /0.0.0.0:34127 - 0 ] INFO  ozoneimpl.OzoneContainer (OzoneContainer.java:startContainerScrub(270)) - Background container scanner has been disabled.
2022-05-15 13:42:10,747 [EndpointStateMachine task thread for /0.0.0.0:34127 - 0 ] INFO  replication.ReplicationServer (ReplicationServer.java:start(111)) - ReplicationServer is started using port 40653
2022-05-15 13:42:10,774 [EndpointStateMachine task thread for /0.0.0.0:34127 - 0 ] INFO  ratis.XceiverServerRatis (XceiverServerRatis.java:start(481)) - Starting XceiverServerRatis 7ba9dbf1-2e7d-46da-8543-6f273c29c523
2022-05-15 13:42:10,818 [EndpointStateMachine task thread for /0.0.0.0:34127 - 0 ] INFO  server.RaftServer (RaftServerProxy.java:lambda$start$5(374)) - 7ba9dbf1-2e7d-46da-8543-6f273c29c523: start RPC server
2022-05-15 13:42:10,821 [EndpointStateMachine task thread for /0.0.0.0:34127 - 0 ] INFO  server.GrpcService (GrpcService.java:startImpl(253)) - 7ba9dbf1-2e7d-46da-8543-6f273c29c523: GrpcService started, listening on 34001
2022-05-15 13:42:10,838 [EndpointStateMachine task thread for /0.0.0.0:34127 - 0 ] INFO  ratis.XceiverServerRatis (XceiverServerRatis.java:getRealPort(502)) - XceiverServerRatis 7ba9dbf1-2e7d-46da-8543-6f273c29c523 is started using port 34001 for RATIS
2022-05-15 13:42:10,838 [EndpointStateMachine task thread for /0.0.0.0:34127 - 0 ] INFO  ratis.XceiverServerRatis (XceiverServerRatis.java:getRealPort(502)) - XceiverServerRatis 7ba9dbf1-2e7d-46da-8543-6f273c29c523 is started using port 34001 for RATIS_ADMIN
2022-05-15 13:42:10,838 [EndpointStateMachine task thread for /0.0.0.0:34127 - 0 ] INFO  ratis.XceiverServerRatis (XceiverServerRatis.java:getRealPort(502)) - XceiverServerRatis 7ba9dbf1-2e7d-46da-8543-6f273c29c523 is started using port 34001 for RATIS_SERVER
2022-05-15 13:42:10,849 [org.apache.ratis.util.JvmPauseMonitor$$Lambda$622/1489821748@50e08b0b] INFO  util.JvmPauseMonitor (JvmPauseMonitor.java:run(103)) - JvmPauseMonitor-7ba9dbf1-2e7d-46da-8543-6f273c29c523: Started
2022-05-15 13:42:10,849 [EndpointStateMachine task thread for /0.0.0.0:34127 - 0 ] INFO  server.XceiverServerGrpc (XceiverServerGrpc.java:start(180)) - XceiverServerGrpc 7ba9dbf1-2e7d-46da-8543-6f273c29c523 is started using port 34941
2022-05-15 13:42:11,458 [IPC Server handler 18 on default port 34127] INFO  net.NetworkTopologyImpl (NetworkTopologyImpl.java:add(112)) - Added a new node: /default-rack/96ca5511-bfe1-4197-a424-aeb838a33d2a
2022-05-15 13:42:11,458 [IPC Server handler 18 on default port 34127] INFO  node.SCMNodeManager (SCMNodeManager.java:register(393)) - Registered Data node : 96ca5511-bfe1-4197-a424-aeb838a33d2a{ip: 10.1.0.20, host: fv-az40-973.r1qzdtoifymehf5jtx2d0vwyfg.bx.internal.cloudapp.net, ports: [REPLICATION=44389, RATIS=34347, RATIS_ADMIN=34347, RATIS_SERVER=34347, STANDALONE=45285], networkLocation: /default-rack, certSerialId: null, persistedOpState: null, persistedOpStateExpiryEpochSec: 0}
2022-05-15 13:42:11,458 [EventQueue-NewNodeForNewNodeHandler] INFO  pipeline.BackgroundPipelineCreator (BackgroundPipelineCreator.java:notifyEventTriggered(272)) - trigger a one-shot run on RatisPipelineUtilsThread.
2022-05-15 13:42:11,467 [EventQueue-NodeRegistrationContainerReportForDataNodeSafeModeRule] INFO  safemode.SCMSafeModeManager (DataNodeSafeModeRule.java:process(71)) - SCM in safe mode. 2 DataNodes registered, 3 required.
2022-05-15 13:42:11,474 [RatisPipelineUtilsThread - 0] INFO  pipeline.RatisPipelineProvider (RatisPipelineProvider.java:lambda$create$0(195)) - Sending CreatePipelineCommand for pipeline:PipelineID=29c28dcd-cf87-4f14-b105-7b34d900d28a to datanode:96ca5511-bfe1-4197-a424-aeb838a33d2a
2022-05-15 13:42:11,474 [RatisPipelineUtilsThread - 0] INFO  pipeline.PipelineStateManagerImpl (PipelineStateManagerImpl.java:addPipeline(101)) - Created pipeline Pipeline[ Id: 29c28dcd-cf87-4f14-b105-7b34d900d28a, Nodes: 96ca5511-bfe1-4197-a424-aeb838a33d2a{ip: 10.1.0.20, host: fv-az40-973.r1qzdtoifymehf5jtx2d0vwyfg.bx.internal.cloudapp.net, ports: [REPLICATION=44389, RATIS=34347, RATIS_ADMIN=34347, RATIS_SERVER=34347, STANDALONE=45285], networkLocation: /default-rack, certSerialId: null, persistedOpState: IN_SERVICE, persistedOpStateExpiryEpochSec: 0}, ReplicationConfig: RATIS/ONE, State:ALLOCATED, leaderId:, CreationTimestamp2022-05-15T13:42:11.474Z[Etc/UTC]].
2022-05-15 13:42:11,540 [Listener at 127.0.0.1/33073] INFO  ozone.MiniOzoneClusterImpl (MiniOzoneClusterImpl.java:lambda$waitForClusterToBeReady$0(221)) - Waiting for nodes to be ready. Got 2 of 3 DN Heartbeats.
2022-05-15 13:42:11,541 [Listener at 127.0.0.1/33073] INFO  ozone.MiniOzoneClusterImpl (MiniOzoneClusterImpl.java:lambda$waitForClusterToBeReady$0(224)) - Waiting for cluster to exit safe mode
2022-05-15 13:42:11,541 [Listener at 127.0.0.1/33073] INFO  ozone.MiniOzoneClusterImpl (MiniOzoneClusterImpl.java:lambda$waitForClusterToBeReady$0(226)) - SCM became leader
2022-05-15 13:42:12,541 [Listener at 127.0.0.1/33073] INFO  ozone.MiniOzoneClusterImpl (MiniOzoneClusterImpl.java:lambda$waitForClusterToBeReady$0(221)) - Waiting for nodes to be ready. Got 2 of 3 DN Heartbeats.
2022-05-15 13:42:12,541 [Listener at 127.0.0.1/33073] INFO  ozone.MiniOzoneClusterImpl (MiniOzoneClusterImpl.java:lambda$waitForClusterToBeReady$0(224)) - Waiting for cluster to exit safe mode
2022-05-15 13:42:12,541 [Listener at 127.0.0.1/33073] INFO  ozone.MiniOzoneClusterImpl (MiniOzoneClusterImpl.java:lambda$waitForClusterToBeReady$0(226)) - SCM became leader
2022-05-15 13:42:12,719 [IPC Server handler 19 on default port 34127] INFO  net.NetworkTopologyImpl (NetworkTopologyImpl.java:add(112)) - Added a new node: /default-rack/7ba9dbf1-2e7d-46da-8543-6f273c29c523
2022-05-15 13:42:12,720 [IPC Server handler 19 on default port 34127] INFO  node.SCMNodeManager (SCMNodeManager.java:register(393)) - Registered Data node : 7ba9dbf1-2e7d-46da-8543-6f273c29c523{ip: 10.1.0.20, host: fv-az40-973.r1qzdtoifymehf5jtx2d0vwyfg.bx.internal.cloudapp.net, ports: [REPLICATION=40653, RATIS=34001, RATIS_ADMIN=34001, RATIS_SERVER=34001, STANDALONE=34941], networkLocation: /default-rack, certSerialId: null, persistedOpState: null, persistedOpStateExpiryEpochSec: 0}
2022-05-15 13:42:12,720 [EventQueue-NewNodeForNewNodeHandler] INFO  pipeline.BackgroundPipelineCreator (BackgroundPipelineCreator.java:notifyEventTriggered(272)) - trigger a one-shot run on RatisPipelineUtilsThread.
2022-05-15 13:42:12,724 [EventQueue-NodeRegistrationContainerReportForDataNodeSafeModeRule] INFO  safemode.SCMSafeModeManager (DataNodeSafeModeRule.java:process(71)) - SCM in safe mode. 3 DataNodes registered, 3 required.
2022-05-15 13:42:12,724 [EventQueue-NodeRegistrationContainerReportForDataNodeSafeModeRule] INFO  safemode.SCMSafeModeManager (SCMSafeModeManager.java:validateSafeModeExitRules(204)) - DataNodeSafeModeRule rule is successfully validated
2022-05-15 13:42:12,724 [EventQueue-NodeRegistrationContainerReportForDataNodeSafeModeRule] INFO  safemode.SCMSafeModeManager (SCMSafeModeManager.java:completePreCheck(233)) - All SCM safe mode pre check rules have passed
2022-05-15 13:42:12,724 [EventQueue-NodeRegistrationContainerReportForDataNodeSafeModeRule] WARN  events.EventQueue (EventQueue.java:fireEvent(194)) - No event handler registered for event TypedEvent{payloadType=SafeModeStatus, name='Safe mode status'}
2022-05-15 13:42:12,724 [EventQueue-NodeRegistrationContainerReportForDataNodeSafeModeRule] INFO  ha.SCMContext (SCMContext.java:updateSafeModeStatus(211)) - Update SafeModeStatus from SafeModeStatus{safeModeStatus=true, preCheckPassed=false} to SafeModeStatus{safeModeStatus=true, preCheckPassed=true}.
2022-05-15 13:42:12,724 [EventQueue-NodeRegistrationContainerReportForDataNodeSafeModeRule] INFO  pipeline.BackgroundPipelineCreator (BackgroundPipelineCreator.java:notifyEventTriggered(272)) - trigger a one-shot run on RatisPipelineUtilsThread.
2022-05-15 13:42:12,769 [RatisPipelineUtilsThread - 0] INFO  pipeline.RatisPipelineProvider (RatisPipelineProvider.java:lambda$create$0(195)) - Sending CreatePipelineCommand for pipeline:PipelineID=28d23577-ab7e-415d-9953-6c8cee63d6a4 to datanode:7ba9dbf1-2e7d-46da-8543-6f273c29c523
2022-05-15 13:42:12,770 [RatisPipelineUtilsThread - 0] INFO  pipeline.PipelineStateManagerImpl (PipelineStateManagerImpl.java:addPipeline(101)) - Created pipeline Pipeline[ Id: 28d23577-ab7e-415d-9953-6c8cee63d6a4, Nodes: 7ba9dbf1-2e7d-46da-8543-6f273c29c523{ip: 10.1.0.20, host: fv-az40-973.r1qzdtoifymehf5jtx2d0vwyfg.bx.internal.cloudapp.net, ports: [REPLICATION=40653, RATIS=34001, RATIS_ADMIN=34001, RATIS_SERVER=34001, STANDALONE=34941], networkLocation: /default-rack, certSerialId: null, persistedOpState: IN_SERVICE, persistedOpStateExpiryEpochSec: 0}, ReplicationConfig: RATIS/ONE, State:ALLOCATED, leaderId:, CreationTimestamp2022-05-15T13:42:12.769Z[Etc/UTC]].
2022-05-15 13:42:12,770 [RatisPipelineUtilsThread - 0] INFO  pipeline.RatisPipelineProvider (RatisPipelineProvider.java:lambda$create$0(195)) - Sending CreatePipelineCommand for pipeline:PipelineID=8704619f-a2af-4afd-a332-01cacfaa4aa8 to datanode:96ca5511-bfe1-4197-a424-aeb838a33d2a
2022-05-15 13:42:12,770 [RatisPipelineUtilsThread - 0] INFO  pipeline.RatisPipelineProvider (RatisPipelineProvider.java:lambda$create$0(195)) - Sending CreatePipelineCommand for pipeline:PipelineID=8704619f-a2af-4afd-a332-01cacfaa4aa8 to datanode:7ba9dbf1-2e7d-46da-8543-6f273c29c523
2022-05-15 13:42:12,770 [RatisPipelineUtilsThread - 0] INFO  pipeline.RatisPipelineProvider (RatisPipelineProvider.java:lambda$create$0(195)) - Sending CreatePipelineCommand for pipeline:PipelineID=8704619f-a2af-4afd-a332-01cacfaa4aa8 to datanode:bb4037bd-da51-447a-80ce-84e82c128da1
2022-05-15 13:42:12,770 [RatisPipelineUtilsThread - 0] INFO  pipeline.PipelineStateManagerImpl (PipelineStateManagerImpl.java:addPipeline(101)) - Created pipeline Pipeline[ Id: 8704619f-a2af-4afd-a332-01cacfaa4aa8, Nodes: 96ca5511-bfe1-4197-a424-aeb838a33d2a{ip: 10.1.0.20, host: fv-az40-973.r1qzdtoifymehf5jtx2d0vwyfg.bx.internal.cloudapp.net, ports: [REPLICATION=44389, RATIS=34347, RATIS_ADMIN=34347, RATIS_SERVER=34347, STANDALONE=45285], networkLocation: /default-rack, certSerialId: null, persistedOpState: IN_SERVICE, persistedOpStateExpiryEpochSec: 0}7ba9dbf1-2e7d-46da-8543-6f273c29c523{ip: 10.1.0.20, host: fv-az40-973.r1qzdtoifymehf5jtx2d0vwyfg.bx.internal.cloudapp.net, ports: [REPLICATION=40653, RATIS=34001, RATIS_ADMIN=34001, RATIS_SERVER=34001, STANDALONE=34941], networkLocation: /default-rack, certSerialId: null, persistedOpState: IN_SERVICE, persistedOpStateExpiryEpochSec: 0}bb4037bd-da51-447a-80ce-84e82c128da1{ip: 10.1.0.20, host: fv-az40-973.r1qzdtoifymehf5jtx2d0vwyfg.bx.internal.cloudapp.net, ports: [REPLICATION=43875, RATIS=33025, RATIS_ADMIN=33025, RATIS_SERVER=33025, STANDALONE=45849], networkLocation: /default-rack, certSerialId: null, persistedOpState: IN_SERVICE, persistedOpStateExpiryEpochSec: 0}, ReplicationConfig: RATIS/THREE, State:ALLOCATED, leaderId:, CreationTimestamp2022-05-15T13:42:12.770Z[Etc/UTC]].
2022-05-15 13:42:12,771 [RatisPipelineUtilsThread - 0] INFO  pipeline.RatisPipelineProvider (RatisPipelineProvider.java:lambda$create$0(195)) - Sending CreatePipelineCommand for pipeline:PipelineID=ce86e5a4-abb6-4563-afe1-995ef8eb4c20 to datanode:bb4037bd-da51-447a-80ce-84e82c128da1
2022-05-15 13:42:12,771 [RatisPipelineUtilsThread - 0] INFO  pipeline.RatisPipelineProvider (RatisPipelineProvider.java:lambda$create$0(195)) - Sending CreatePipelineCommand for pipeline:PipelineID=ce86e5a4-abb6-4563-afe1-995ef8eb4c20 to datanode:7ba9dbf1-2e7d-46da-8543-6f273c29c523
2022-05-15 13:42:12,771 [RatisPipelineUtilsThread - 0] INFO  pipeline.RatisPipelineProvider (RatisPipelineProvider.java:lambda$create$0(195)) - Sending CreatePipelineCommand for pipeline:PipelineID=ce86e5a4-abb6-4563-afe1-995ef8eb4c20 to datanode:96ca5511-bfe1-4197-a424-aeb838a33d2a
2022-05-15 13:42:12,774 [RatisPipelineUtilsThread - 0] INFO  pipeline.PipelineStateManagerImpl (PipelineStateManagerImpl.java:addPipeline(101)) - Created pipeline Pipeline[ Id: ce86e5a4-abb6-4563-afe1-995ef8eb4c20, Nodes: bb4037bd-da51-447a-80ce-84e82c128da1{ip: 10.1.0.20, host: fv-az40-973.r1qzdtoifymehf5jtx2d0vwyfg.bx.internal.cloudapp.net, ports: [REPLICATION=43875, RATIS=33025, RATIS_ADMIN=33025, RATIS_SERVER=33025, STANDALONE=45849], networkLocation: /default-rack, certSerialId: null, persistedOpState: IN_SERVICE, persistedOpStateExpiryEpochSec: 0}7ba9dbf1-2e7d-46da-8543-6f273c29c523{ip: 10.1.0.20, host: fv-az40-973.r1qzdtoifymehf5jtx2d0vwyfg.bx.internal.cloudapp.net, ports: [REPLICATION=40653, RATIS=34001, RATIS_ADMIN=34001, RATIS_SERVER=34001, STANDALONE=34941], networkLocation: /default-rack, certSerialId: null, persistedOpState: IN_SERVICE, persistedOpStateExpiryEpochSec: 0}96ca5511-bfe1-4197-a424-aeb838a33d2a{ip: 10.1.0.20, host: fv-az40-973.r1qzdtoifymehf5jtx2d0vwyfg.bx.internal.cloudapp.net, ports: [REPLICATION=44389, RATIS=34347, RATIS_ADMIN=34347, RATIS_SERVER=34347, STANDALONE=45285], networkLocation: /default-rack, certSerialId: null, persistedOpState: IN_SERVICE, persistedOpStateExpiryEpochSec: 0}, ReplicationConfig: RATIS/THREE, State:ALLOCATED, leaderId:, CreationTimestamp2022-05-15T13:42:12.771Z[Etc/UTC]].
2022-05-15 13:42:12,774 [RatisPipelineUtilsThread - 0] INFO  pipeline.PipelineManagerImpl (PipelineManagerImpl.java:recordMetricsForPipeline(695)) - Pipeline: PipelineID=ce86e5a4-abb6-4563-afe1-995ef8eb4c20 contains same datanodes as previous pipelines: PipelineID=8704619f-a2af-4afd-a332-01cacfaa4aa8 nodeIds: bb4037bd-da51-447a-80ce-84e82c128da1, 7ba9dbf1-2e7d-46da-8543-6f273c29c523, 96ca5511-bfe1-4197-a424-aeb838a33d2a
2022-05-15 13:42:13,541 [Listener at 127.0.0.1/33073] INFO  ozone.MiniOzoneClusterImpl (MiniOzoneClusterImpl.java:lambda$waitForClusterToBeReady$0(221)) - Nodes are ready. Got 3 of 3 DN Heartbeats.
2022-05-15 13:42:13,542 [Listener at 127.0.0.1/33073] INFO  ozone.MiniOzoneClusterImpl (MiniOzoneClusterImpl.java:lambda$waitForClusterToBeReady$0(224)) - Waiting for cluster to exit safe mode
2022-05-15 13:42:13,542 [Listener at 127.0.0.1/33073] INFO  ozone.MiniOzoneClusterImpl (MiniOzoneClusterImpl.java:lambda$waitForClusterToBeReady$0(226)) - SCM became leader
2022-05-15 13:42:13,560 [Command processor thread] INFO  server.RaftServer (RaftServerProxy.java:addNew(95)) - bb4037bd-da51-447a-80ce-84e82c128da1: addNew group-1AD4C5B4FF74:[bb4037bd-da51-447a-80ce-84e82c128da1|rpc:10.1.0.20:33025|priority:1] returns group-1AD4C5B4FF74:java.util.concurrent.CompletableFuture@3d6bfc70[Not completed]
2022-05-15 13:42:13,569 [pool-440-thread-1] INFO  server.RaftServer$Division (RaftServerImpl.java:<init>(184)) - bb4037bd-da51-447a-80ce-84e82c128da1: new RaftServerImpl for group-1AD4C5B4FF74:[bb4037bd-da51-447a-80ce-84e82c128da1|rpc:10.1.0.20:33025|priority:1] with ContainerStateMachine:uninitialized
2022-05-15 13:42:13,569 [pool-440-thread-1] INFO  server.RaftServerConfigKeys (ConfUtils.java:logGet(44)) - raft.server.rpc.timeout.min = 5s (custom)
2022-05-15 13:42:13,569 [pool-440-thread-1] INFO  server.RaftServerConfigKeys (ConfUtils.java:logGet(44)) - raft.server.rpc.timeout.max = 5200ms (custom)
2022-05-15 13:42:13,569 [pool-440-thread-1] INFO  server.RaftServerConfigKeys (ConfUtils.java:logGet(44)) - raft.server.rpc.sleep.time = 25ms (default)
2022-05-15 13:42:13,569 [pool-440-thread-1] INFO  server.RaftServerConfigKeys (ConfUtils.java:logGet(44)) - raft.server.rpc.slowness.timeout = 300s (custom)
2022-05-15 13:42:13,569 [pool-440-thread-1] INFO  server.RaftServerConfigKeys (ConfUtils.java:logGet(44)) - raft.server.leaderelection.leader.step-down.wait-time = 10s (default)
2022-05-15 13:42:13,569 [pool-440-thread-1] INFO  server.RaftServerConfigKeys (ConfUtils.java:logGet(44)) - raft.server.sleep.deviation.threshold = 300ms (default)
2022-05-15 13:42:13,569 [pool-440-thread-1] INFO  server.RaftServerConfigKeys (ConfUtils.java:logGet(44)) - raft.server.log.appender.install.snapshot.enabled = false (custom)
2022-05-15 13:42:13,569 [pool-440-thread-1] INFO  server.RaftServer$Division (ServerState.java:<init>(105)) - bb4037bd-da51-447a-80ce-84e82c128da1@group-1AD4C5B4FF74: ConfigurationManager, init=-1: [bb4037bd-da51-447a-80ce-84e82c128da1|rpc:10.1.0.20:33025|priority:1], old=null, confs=<EMPTY_MAP>
2022-05-15 13:42:13,569 [pool-440-thread-1] INFO  server.RaftServerConfigKeys (ConfUtils.java:logGet(44)) - raft.server.storage.dir = [/home/runner/work/ozone/ozone/hadoop-ozone/integration-test/target/test-dir/MiniOzoneClusterImpl-0719730d-bbb5-4727-bcaf-feedb78ac099/datanode-0/data/ratis] (custom)
2022-05-15 13:42:13,569 [pool-440-thread-1] INFO  server.RaftServerConfigKeys (ConfUtils.java:logGet(44)) - raft.server.log.corruption.policy = EXCEPTION (default)
2022-05-15 13:42:13,569 [pool-440-thread-1] INFO  server.RaftServerConfigKeys (ConfUtils.java:logGet(44)) - raft.server.storage.free-space.min = 0MB (=0) (default)
2022-05-15 13:42:13,569 [pool-440-thread-1] INFO  storage.RaftStorageDirectory (RaftStorageDirectoryImpl.java:analyzeStorage(135)) - The storage directory /home/runner/work/ozone/ozone/hadoop-ozone/integration-test/target/test-dir/MiniOzoneClusterImpl-0719730d-bbb5-4727-bcaf-feedb78ac099/datanode-0/data/ratis/843b8817-d7bf-4e23-96c8-1ad4c5b4ff74 does not exist. Creating ...
2022-05-15 13:42:13,578 [pool-440-thread-1] INFO  storage.RaftStorageDirectory (RaftStorageDirectoryImpl.java:tryLock(230)) - Lock on /home/runner/work/ozone/ozone/hadoop-ozone/integration-test/target/test-dir/MiniOzoneClusterImpl-0719730d-bbb5-4727-bcaf-feedb78ac099/datanode-0/data/ratis/843b8817-d7bf-4e23-96c8-1ad4c5b4ff74/in_use.lock acquired by nodename 19587@fv-az40-973
2022-05-15 13:42:13,615 [pool-440-thread-1] INFO  storage.RaftStorage (RaftStorageImpl.java:format(89)) - Storage directory /home/runner/work/ozone/ozone/hadoop-ozone/integration-test/target/test-dir/MiniOzoneClusterImpl-0719730d-bbb5-4727-bcaf-feedb78ac099/datanode-0/data/ratis/843b8817-d7bf-4e23-96c8-1ad4c5b4ff74 has been successfully formatted.
2022-05-15 13:42:13,638 [pool-440-thread-1] INFO  ratis.ContainerStateMachine (ContainerStateMachine.java:loadSnapshot(236)) - group-1AD4C5B4FF74: The snapshot info is null. Setting the last applied indexto:(t:0, i:~)
2022-05-15 13:42:13,638 [pool-440-thread-1] INFO  server.RaftServerConfigKeys (ConfUtils.java:logGet(44)) - raft.server.notification.no-leader.timeout = 300s (custom)
2022-05-15 13:42:13,639 [pool-440-thread-1] INFO  server.RaftServerConfigKeys (ConfUtils.java:logGet(44)) - raft.server.log.use.memory = false (default)
2022-05-15 13:42:13,639 [pool-440-thread-1] INFO  server.RaftServerConfigKeys (ConfUtils.java:logGet(44)) - raft.server.log.purge.gap = 1000000 (custom)
2022-05-15 13:42:13,639 [pool-440-thread-1] INFO  server.RaftServerConfigKeys (ConfUtils.java:logGet(44)) - raft.server.log.appender.buffer.byte-limit = 33554432 (custom)
2022-05-15 13:42:13,639 [pool-440-thread-1] INFO  server.RaftServerConfigKeys (ConfUtils.java:logGet(44)) - raft.server.log.segment.size.max = 1048576 (custom)
2022-05-15 13:42:13,639 [pool-440-thread-1] INFO  server.RaftServerConfigKeys (ConfUtils.java:logGet(44)) - raft.server.log.segment.cache.num.max = 2 (custom)
2022-05-15 13:42:13,639 [pool-440-thread-1] INFO  server.RaftServerConfigKeys (ConfUtils.java:logGet(44)) - raft.server.log.segment.cache.size.max = 200MB (=209715200) (default)
2022-05-15 13:42:13,639 [pool-440-thread-1] INFO  segmented.SegmentedRaftLogWorker (SegmentedRaftLogWorker.java:<init>(182)) - new bb4037bd-da51-447a-80ce-84e82c128da1@group-1AD4C5B4FF74-SegmentedRaftLogWorker for RaftStorageImpl:Storage Directory /home/runner/work/ozone/ozone/hadoop-ozone/integration-test/target/test-dir/MiniOzoneClusterImpl-0719730d-bbb5-4727-bcaf-feedb78ac099/datanode-0/data/ratis/843b8817-d7bf-4e23-96c8-1ad4c5b4ff74
2022-05-15 13:42:13,639 [pool-440-thread-1] INFO  server.RaftServerConfigKeys (ConfUtils.java:logGet(44)) - raft.server.log.queue.byte-limit = 4294967296 (custom)
2022-05-15 13:42:13,639 [pool-440-thread-1] INFO  server.RaftServerConfigKeys (ConfUtils.java:logGet(44)) - raft.server.log.queue.element-limit = 1024 (custom)
2022-05-15 13:42:13,639 [pool-440-thread-1] INFO  server.RaftServerConfigKeys (ConfUtils.java:logGet(44)) - raft.server.log.segment.size.max = 1048576 (custom)
2022-05-15 13:42:13,639 [pool-440-thread-1] INFO  server.RaftServerConfigKeys (ConfUtils.java:logGet(44)) - raft.server.log.preallocated.size = 16384 (custom)
2022-05-15 13:42:13,639 [pool-440-thread-1] INFO  server.RaftServerConfigKeys (ConfUtils.java:logGet(44)) - raft.server.log.force.sync.num = 128 (default)
2022-05-15 13:42:13,640 [pool-440-thread-1] INFO  server.RaftServerConfigKeys (ConfUtils.java:logGet(44)) - raft.server.log.statemachine.data.sync = true (default)
2022-05-15 13:42:13,640 [pool-440-thread-1] INFO  server.RaftServerConfigKeys (ConfUtils.java:logGet(44)) - raft.server.log.statemachine.data.sync.timeout = 10s (default)
2022-05-15 13:42:13,640 [pool-440-thread-1] INFO  server.RaftServerConfigKeys (ConfUtils.java:logGet(44)) - raft.server.log.statemachine.data.sync.timeout.retry = -1 (default)
2022-05-15 13:42:13,640 [pool-440-thread-1] INFO  server.RaftServerConfigKeys (ConfUtils.java:logGet(44)) - raft.server.log.write.buffer.size = 1048576 (custom)
2022-05-15 13:42:13,641 [pool-440-thread-1] INFO  server.RaftServerConfigKeys (ConfUtils.java:logGet(44)) - raft.server.log.statemachine.data.caching.enabled = true (custom)
2022-05-15 13:42:13,641 [pool-440-thread-1] INFO  segmented.SegmentedRaftLogWorker (SegmentedRaftLogWorker.java:lambda$new$0(133)) - bb4037bd-da51-447a-80ce-84e82c128da1@group-1AD4C5B4FF74-SegmentedRaftLogWorker: flushIndex: setUnconditionally 0 -> -1
2022-05-15 13:42:13,641 [pool-440-thread-1] INFO  segmented.SegmentedRaftLogWorker (SegmentedRaftLogWorker.java:lambda$new$0(133)) - bb4037bd-da51-447a-80ce-84e82c128da1@group-1AD4C5B4FF74-SegmentedRaftLogWorker: safeCacheEvictIndex: setUnconditionally 0 -> -1
2022-05-15 13:42:13,645 [EventQueue-PipelineReportForPipelineReportHandler] INFO  pipeline.PipelineManagerImpl (PipelineManagerImpl.java:openPipeline(336)) - Pipeline Pipeline[ Id: 843b8817-d7bf-4e23-96c8-1ad4c5b4ff74, Nodes: bb4037bd-da51-447a-80ce-84e82c128da1{ip: 10.1.0.20, host: fv-az40-973.r1qzdtoifymehf5jtx2d0vwyfg.bx.internal.cloudapp.net, ports: [REPLICATION=43875, RATIS=33025, RATIS_ADMIN=33025, RATIS_SERVER=33025, STANDALONE=45849], networkLocation: /default-rack, certSerialId: null, persistedOpState: IN_SERVICE, persistedOpStateExpiryEpochSec: 0}, ReplicationConfig: RATIS/ONE, State:ALLOCATED, leaderId:bb4037bd-da51-447a-80ce-84e82c128da1, CreationTimestamp2022-05-15T13:42:10.567Z[Etc/UTC]] moved to OPEN state
2022-05-15 13:42:13,658 [pool-440-thread-1] INFO  server.RaftServerConfigKeys (ConfUtils.java:logGet(44)) - raft.server.snapshot.auto.trigger.enabled = true (custom)
2022-05-15 13:42:13,658 [pool-440-thread-1] INFO  server.RaftServerConfigKeys (ConfUtils.java:logGet(44)) - raft.server.snapshot.auto.trigger.threshold = 10000 (custom)
2022-05-15 13:42:13,658 [pool-440-thread-1] INFO  server.RaftServerConfigKeys (ConfUtils.java:logGet(44)) - raft.server.snapshot.retention.file.num = 5 (custom)
2022-05-15 13:42:13,658 [pool-440-thread-1] INFO  server.RaftServerConfigKeys (ConfUtils.java:logGet(44)) - raft.server.log.purge.upto.snapshot.index = false (default)
2022-05-15 13:42:13,659 [pool-440-thread-1] INFO  server.RaftServerConfigKeys (ConfUtils.java:logGet(44)) - raft.server.retrycache.expirytime = 600000ms (custom)
2022-05-15 13:42:13,659 [pool-440-thread-1] INFO  server.RaftServerConfigKeys (ConfUtils.java:logGet(44)) - raft.server.retrycache.statistics.expirytime = 100μs (default)
2022-05-15 13:42:13,660 [pool-440-thread-1] INFO  server.RaftServer$Division (RaftServerImpl.java:start(301)) - bb4037bd-da51-447a-80ce-84e82c128da1@group-1AD4C5B4FF74: start as a follower, conf=-1: [bb4037bd-da51-447a-80ce-84e82c128da1|rpc:10.1.0.20:33025|priority:1], old=null
2022-05-15 13:42:13,660 [pool-440-thread-1] INFO  server.RaftServer$Division (RaftServerImpl.java:setRole(290)) - bb4037bd-da51-447a-80ce-84e82c128da1@group-1AD4C5B4FF74: changes role from      null to FOLLOWER at term 0 for startAsFollower
2022-05-15 13:42:13,660 [pool-440-thread-1] INFO  impl.RoleInfo (RoleInfo.java:updateAndGet(130)) - bb4037bd-da51-447a-80ce-84e82c128da1: start bb4037bd-da51-447a-80ce-84e82c128da1@group-1AD4C5B4FF74-FollowerState
2022-05-15 13:42:13,677 [pool-440-thread-1] INFO  util.JmxRegister (JmxRegister.java:tryRegister(44)) - Successfully registered JMX Bean with object name Ratis:service=RaftServer,group=group-1AD4C5B4FF74,id=bb4037bd-da51-447a-80ce-84e82c128da1
2022-05-15 13:42:13,702 [EventQueue-OpenPipelineForHealthyPipelineSafeModeRule] INFO  safemode.SCMSafeModeManager (HealthyPipelineSafeModeRule.java:process(124)) - SCM in safe mode. Healthy pipelines reported count is 0, required healthy pipeline reported count is 1
2022-05-15 13:42:13,721 [Command processor thread] INFO  ratis.XceiverServerRatis (XceiverServerRatis.java:addGroup(765)) - Created group PipelineID=843b8817-d7bf-4e23-96c8-1ad4c5b4ff74
2022-05-15 13:42:13,721 [Command processor thread] INFO  commandhandler.CreatePipelineCommandHandler (CreatePipelineCommandHandler.java:handle(113)) - Created Pipeline RATIS ONE PipelineID=843b8817-d7bf-4e23-96c8-1ad4c5b4ff74.
2022-05-15 13:42:13,721 [Command processor thread] INFO  server.RaftServer (RaftServerProxy.java:addNew(95)) - bb4037bd-da51-447a-80ce-84e82c128da1: addNew group-01CACFAA4AA8:[7ba9dbf1-2e7d-46da-8543-6f273c29c523|rpc:10.1.0.20:34001|priority:1, 96ca5511-bfe1-4197-a424-aeb838a33d2a|rpc:10.1.0.20:34347|priority:0, bb4037bd-da51-447a-80ce-84e82c128da1|rpc:10.1.0.20:33025|priority:0] returns group-01CACFAA4AA8:java.util.concurrent.CompletableFuture@39547f05[Not completed]
2022-05-15 13:42:13,723 [pool-440-thread-1] INFO  server.RaftServer$Division (RaftServerImpl.java:<init>(184)) - bb4037bd-da51-447a-80ce-84e82c128da1: new RaftServerImpl for group-01CACFAA4AA8:[7ba9dbf1-2e7d-46da-8543-6f273c29c523|rpc:10.1.0.20:34001|priority:1, 96ca5511-bfe1-4197-a424-aeb838a33d2a|rpc:10.1.0.20:34347|priority:0, bb4037bd-da51-447a-80ce-84e82c128da1|rpc:10.1.0.20:33025|priority:0] with ContainerStateMachine:uninitialized
2022-05-15 13:42:13,723 [pool-440-thread-1] INFO  server.RaftServerConfigKeys (ConfUtils.java:logGet(44)) - raft.server.rpc.timeout.min = 5s (custom)
2022-05-15 13:42:13,723 [pool-440-thread-1] INFO  server.RaftServerConfigKeys (ConfUtils.java:logGet(44)) - raft.server.rpc.timeout.max = 5200ms (custom)
2022-05-15 13:42:13,723 [pool-440-thread-1] INFO  server.RaftServerConfigKeys (ConfUtils.java:logGet(44)) - raft.server.rpc.sleep.time = 25ms (default)
2022-05-15 13:42:13,723 [pool-440-thread-1] INFO  server.RaftServerConfigKeys (ConfUtils.java:logGet(44)) - raft.server.rpc.slowness.timeout = 300s (custom)
2022-05-15 13:42:13,723 [pool-440-thread-1] INFO  server.RaftServerConfigKeys (ConfUtils.java:logGet(44)) - raft.server.leaderelection.leader.step-down.wait-time = 10s (default)
2022-05-15 13:42:13,723 [pool-440-thread-1] INFO  server.RaftServerConfigKeys (ConfUtils.java:logGet(44)) - raft.server.sleep.deviation.threshold = 300ms (default)
2022-05-15 13:42:13,723 [pool-440-thread-1] INFO  server.RaftServerConfigKeys (ConfUtils.java:logGet(44)) - raft.server.log.appender.install.snapshot.enabled = false (custom)
2022-05-15 13:42:13,723 [pool-440-thread-1] INFO  server.RaftServer$Division (ServerState.java:<init>(105)) - bb4037bd-da51-447a-80ce-84e82c128da1@group-01CACFAA4AA8: ConfigurationManager, init=-1: [7ba9dbf1-2e7d-46da-8543-6f273c29c523|rpc:10.1.0.20:34001|priority:1, 96ca5511-bfe1-4197-a424-aeb838a33d2a|rpc:10.1.0.20:34347|priority:0, bb4037bd-da51-447a-80ce-84e82c128da1|rpc:10.1.0.20:33025|priority:0], old=null, confs=<EMPTY_MAP>
2022-05-15 13:42:13,723 [pool-440-thread-1] INFO  server.RaftServerConfigKeys (ConfUtils.java:logGet(44)) - raft.server.storage.dir = [/home/runner/work/ozone/ozone/hadoop-ozone/integration-test/target/test-dir/MiniOzoneClusterImpl-0719730d-bbb5-4727-bcaf-feedb78ac099/datanode-0/data/ratis] (custom)
2022-05-15 13:42:13,724 [pool-440-thread-1] INFO  server.RaftServerConfigKeys (ConfUtils.java:logGet(44)) - raft.server.log.corruption.policy = EXCEPTION (default)
2022-05-15 13:42:13,724 [pool-440-thread-1] INFO  server.RaftServerConfigKeys (ConfUtils.java:logGet(44)) - raft.server.storage.free-space.min = 0MB (=0) (default)
2022-05-15 13:42:13,724 [pool-440-thread-1] INFO  storage.RaftStorageDirectory (RaftStorageDirectoryImpl.java:analyzeStorage(135)) - The storage directory /home/runner/work/ozone/ozone/hadoop-ozone/integration-test/target/test-dir/MiniOzoneClusterImpl-0719730d-bbb5-4727-bcaf-feedb78ac099/datanode-0/data/ratis/8704619f-a2af-4afd-a332-01cacfaa4aa8 does not exist. Creating ...
2022-05-15 13:42:13,727 [pool-440-thread-1] INFO  storage.RaftStorageDirectory (RaftStorageDirectoryImpl.java:tryLock(230)) - Lock on /home/runner/work/ozone/ozone/hadoop-ozone/integration-test/target/test-dir/MiniOzoneClusterImpl-0719730d-bbb5-4727-bcaf-feedb78ac099/datanode-0/data/ratis/8704619f-a2af-4afd-a332-01cacfaa4aa8/in_use.lock acquired by nodename 19587@fv-az40-973
2022-05-15 13:42:13,728 [pool-440-thread-1] INFO  storage.RaftStorage (RaftStorageImpl.java:format(89)) - Storage directory /home/runner/work/ozone/ozone/hadoop-ozone/integration-test/target/test-dir/MiniOzoneClusterImpl-0719730d-bbb5-4727-bcaf-feedb78ac099/datanode-0/data/ratis/8704619f-a2af-4afd-a332-01cacfaa4aa8 has been successfully formatted.
2022-05-15 13:42:13,728 [pool-440-thread-1] INFO  ratis.ContainerStateMachine (ContainerStateMachine.java:loadSnapshot(236)) - group-01CACFAA4AA8: The snapshot info is null. Setting the last applied indexto:(t:0, i:~)
2022-05-15 13:42:13,728 [pool-440-thread-1] INFO  server.RaftServerConfigKeys (ConfUtils.java:logGet(44)) - raft.server.notification.no-leader.timeout = 300s (custom)
2022-05-15 13:42:13,728 [pool-440-thread-1] INFO  server.RaftServerConfigKeys (ConfUtils.java:logGet(44)) - raft.server.log.use.memory = false (default)
2022-05-15 13:42:13,728 [pool-440-thread-1] INFO  server.RaftServerConfigKeys (ConfUtils.java:logGet(44)) - raft.server.log.purge.gap = 1000000 (custom)
2022-05-15 13:42:13,728 [pool-440-thread-1] INFO  server.RaftServerConfigKeys (ConfUtils.java:logGet(44)) - raft.server.log.appender.buffer.byte-limit = 33554432 (custom)
2022-05-15 13:42:13,728 [pool-440-thread-1] INFO  server.RaftServerConfigKeys (ConfUtils.java:logGet(44)) - raft.server.log.segment.size.max = 1048576 (custom)
2022-05-15 13:42:13,729 [pool-440-thread-1] INFO  server.RaftServerConfigKeys (ConfUtils.java:logGet(44)) - raft.server.log.segment.cache.num.max = 2 (custom)
2022-05-15 13:42:13,729 [pool-440-thread-1] INFO  server.RaftServerConfigKeys (ConfUtils.java:logGet(44)) - raft.server.log.segment.cache.size.max = 200MB (=209715200) (default)
2022-05-15 13:42:13,729 [pool-440-thread-1] INFO  segmented.SegmentedRaftLogWorker (SegmentedRaftLogWorker.java:<init>(182)) - new bb4037bd-da51-447a-80ce-84e82c128da1@group-01CACFAA4AA8-SegmentedRaftLogWorker for RaftStorageImpl:Storage Directory /home/runner/work/ozone/ozone/hadoop-ozone/integration-test/target/test-dir/MiniOzoneClusterImpl-0719730d-bbb5-4727-bcaf-feedb78ac099/datanode-0/data/ratis/8704619f-a2af-4afd-a332-01cacfaa4aa8
2022-05-15 13:42:13,729 [pool-440-thread-1] INFO  server.RaftServerConfigKeys (ConfUtils.java:logGet(44)) - raft.server.log.queue.byte-limit = 4294967296 (custom)
2022-05-15 13:42:13,729 [pool-440-thread-1] INFO  server.RaftServerConfigKeys (ConfUtils.java:logGet(44)) - raft.server.log.queue.element-limit = 1024 (custom)
2022-05-15 13:42:13,729 [pool-440-thread-1] INFO  server.RaftServerConfigKeys (ConfUtils.java:logGet(44)) - raft.server.log.segment.size.max = 1048576 (custom)
2022-05-15 13:42:13,729 [pool-440-thread-1] INFO  server.RaftServerConfigKeys (ConfUtils.java:logGet(44)) - raft.server.log.preallocated.size = 16384 (custom)
2022-05-15 13:42:13,729 [pool-440-thread-1] INFO  server.RaftServerConfigKeys (ConfUtils.java:logGet(44)) - raft.server.log.force.sync.num = 128 (default)
2022-05-15 13:42:13,729 [pool-440-thread-1] INFO  server.RaftServerConfigKeys (ConfUtils.java:logGet(44)) - raft.server.log.statemachine.data.sync = true (default)
2022-05-15 13:42:13,729 [pool-440-thread-1] INFO  server.RaftServerConfigKeys (ConfUtils.java:logGet(44)) - raft.server.log.statemachine.data.sync.timeout = 10s (default)
2022-05-15 13:42:13,729 [pool-440-thread-1] INFO  server.RaftServerConfigKeys (ConfUtils.java:logGet(44)) - raft.server.log.statemachine.data.sync.timeout.retry = -1 (default)
2022-05-15 13:42:13,730 [pool-440-thread-1] INFO  server.RaftServerConfigKeys (ConfUtils.java:logGet(44)) - raft.server.log.write.buffer.size = 1048576 (custom)
2022-05-15 13:42:13,731 [pool-440-thread-1] INFO  server.RaftServerConfigKeys (ConfUtils.java:logGet(44)) - raft.server.log.statemachine.data.caching.enabled = true (custom)
2022-05-15 13:42:13,733 [EventQueue-OpenPipelineForHealthyPipelineSafeModeRule] INFO  safemode.SCMSafeModeManager (HealthyPipelineSafeModeRule.java:process(124)) - SCM in safe mode. Healthy pipelines reported count is 0, required healthy pipeline reported count is 1
2022-05-15 13:42:13,736 [pool-440-thread-1] INFO  segmented.SegmentedRaftLogWorker (SegmentedRaftLogWorker.java:lambda$new$0(133)) - bb4037bd-da51-447a-80ce-84e82c128da1@group-01CACFAA4AA8-SegmentedRaftLogWorker: flushIndex: setUnconditionally 0 -> -1
2022-05-15 13:42:13,736 [pool-440-thread-1] INFO  segmented.SegmentedRaftLogWorker (SegmentedRaftLogWorker.java:lambda$new$0(133)) - bb4037bd-da51-447a-80ce-84e82c128da1@group-01CACFAA4AA8-SegmentedRaftLogWorker: safeCacheEvictIndex: setUnconditionally 0 -> -1
2022-05-15 13:42:13,758 [pool-440-thread-1] INFO  server.RaftServerConfigKeys (ConfUtils.java:logGet(44)) - raft.server.snapshot.auto.trigger.enabled = true (custom)
2022-05-15 13:42:13,758 [pool-440-thread-1] INFO  server.RaftServerConfigKeys (ConfUtils.java:logGet(44)) - raft.server.snapshot.auto.trigger.threshold = 10000 (custom)
2022-05-15 13:42:13,758 [pool-440-thread-1] INFO  server.RaftServerConfigKeys (ConfUtils.java:logGet(44)) - raft.server.snapshot.retention.file.num = 5 (custom)
2022-05-15 13:42:13,758 [pool-440-thread-1] INFO  server.RaftServerConfigKeys (ConfUtils.java:logGet(44)) - raft.server.log.purge.upto.snapshot.index = false (default)
2022-05-15 13:42:13,758 [pool-440-thread-1] INFO  server.RaftServerConfigKeys (ConfUtils.java:logGet(44)) - raft.server.retrycache.expirytime = 600000ms (custom)
2022-05-15 13:42:13,758 [pool-440-thread-1] INFO  server.RaftServerConfigKeys (ConfUtils.java:logGet(44)) - raft.server.retrycache.statistics.expirytime = 100μs (default)
2022-05-15 13:42:13,759 [pool-440-thread-1] INFO  server.RaftServer$Division (RaftServerImpl.java:start(301)) - bb4037bd-da51-447a-80ce-84e82c128da1@group-01CACFAA4AA8: start as a follower, conf=-1: [7ba9dbf1-2e7d-46da-8543-6f273c29c523|rpc:10.1.0.20:34001|priority:1, 96ca5511-bfe1-4197-a424-aeb838a33d2a|rpc:10.1.0.20:34347|priority:0, bb4037bd-da51-447a-80ce-84e82c128da1|rpc:10.1.0.20:33025|priority:0], old=null
2022-05-15 13:42:13,759 [pool-440-thread-1] INFO  server.RaftServer$Division (RaftServerImpl.java:setRole(290)) - bb4037bd-da51-447a-80ce-84e82c128da1@group-01CACFAA4AA8: changes role from      null to FOLLOWER at term 0 for startAsFollower
2022-05-15 13:42:13,759 [pool-440-thread-1] INFO  impl.RoleInfo (RoleInfo.java:updateAndGet(130)) - bb4037bd-da51-447a-80ce-84e82c128da1: start bb4037bd-da51-447a-80ce-84e82c128da1@group-01CACFAA4AA8-FollowerState
2022-05-15 13:42:13,774 [pool-440-thread-1] INFO  util.JmxRegister (JmxRegister.java:tryRegister(44)) - Successfully registered JMX Bean with object name Ratis:service=RaftServer,group=group-01CACFAA4AA8,id=bb4037bd-da51-447a-80ce-84e82c128da1
2022-05-15 13:42:13,786 [Command processor thread] INFO  ratis.XceiverServerRatis (XceiverServerRatis.java:addGroup(765)) - Created group PipelineID=8704619f-a2af-4afd-a332-01cacfaa4aa8
2022-05-15 13:42:13,824 [grpc-default-executor-0] INFO  server.RaftServer (RaftServerProxy.java:addNew(95)) - 96ca5511-bfe1-4197-a424-aeb838a33d2a: addNew group-01CACFAA4AA8:[7ba9dbf1-2e7d-46da-8543-6f273c29c523|rpc:10.1.0.20:34001|dataStream:|priority:1, 96ca5511-bfe1-4197-a424-aeb838a33d2a|rpc:10.1.0.20:34347|dataStream:|priority:0, bb4037bd-da51-447a-80ce-84e82c128da1|rpc:10.1.0.20:33025|dataStream:|priority:0] returns group-01CACFAA4AA8:java.util.concurrent.CompletableFuture@5aa5246d[Not completed]
2022-05-15 13:42:13,859 [pool-461-thread-1] INFO  server.RaftServer$Division (RaftServerImpl.java:<init>(184)) - 96ca5511-bfe1-4197-a424-aeb838a33d2a: new RaftServerImpl for group-01CACFAA4AA8:[7ba9dbf1-2e7d-46da-8543-6f273c29c523|rpc:10.1.0.20:34001|dataStream:|priority:1, 96ca5511-bfe1-4197-a424-aeb838a33d2a|rpc:10.1.0.20:34347|dataStream:|priority:0, bb4037bd-da51-447a-80ce-84e82c128da1|rpc:10.1.0.20:33025|dataStream:|priority:0] with ContainerStateMachine:uninitialized
2022-05-15 13:42:13,859 [pool-461-thread-1] INFO  server.RaftServerConfigKeys (ConfUtils.java:logGet(44)) - raft.server.rpc.timeout.min = 5s (custom)
2022-05-15 13:42:13,859 [pool-461-thread-1] INFO  server.RaftServerConfigKeys (ConfUtils.java:logGet(44)) - raft.server.rpc.timeout.max = 5200ms (custom)
2022-05-15 13:42:13,859 [pool-461-thread-1] INFO  server.RaftServerConfigKeys (ConfUtils.java:logGet(44)) - raft.server.rpc.sleep.time = 25ms (default)
2022-05-15 13:42:13,859 [pool-461-thread-1] INFO  server.RaftServerConfigKeys (ConfUtils.java:logGet(44)) - raft.server.rpc.slowness.timeout = 300s (custom)
2022-05-15 13:42:13,860 [pool-461-thread-1] INFO  server.RaftServerConfigKeys (ConfUtils.java:logGet(44)) - raft.server.leaderelection.leader.step-down.wait-time = 10s (default)
2022-05-15 13:42:13,860 [pool-461-thread-1] INFO  server.RaftServerConfigKeys (ConfUtils.java:logGet(44)) - raft.server.sleep.deviation.threshold = 300ms (default)
2022-05-15 13:42:13,860 [pool-461-thread-1] INFO  server.RaftServerConfigKeys (ConfUtils.java:logGet(44)) - raft.server.log.appender.install.snapshot.enabled = false (custom)
2022-05-15 13:42:13,860 [pool-461-thread-1] INFO  server.RaftServer$Division (ServerState.java:<init>(105)) - 96ca5511-bfe1-4197-a424-aeb838a33d2a@group-01CACFAA4AA8: ConfigurationManager, init=-1: [7ba9dbf1-2e7d-46da-8543-6f273c29c523|rpc:10.1.0.20:34001|dataStream:|priority:1, 96ca5511-bfe1-4197-a424-aeb838a33d2a|rpc:10.1.0.20:34347|dataStream:|priority:0, bb4037bd-da51-447a-80ce-84e82c128da1|rpc:10.1.0.20:33025|dataStream:|priority:0], old=null, confs=<EMPTY_MAP>
2022-05-15 13:42:13,860 [pool-461-thread-1] INFO  server.RaftServerConfigKeys (ConfUtils.java:logGet(44)) - raft.server.storage.dir = [/home/runner/work/ozone/ozone/hadoop-ozone/integration-test/target/test-dir/MiniOzoneClusterImpl-0719730d-bbb5-4727-bcaf-feedb78ac099/datanode-1/data/ratis] (custom)
2022-05-15 13:42:13,860 [pool-461-thread-1] INFO  server.RaftServerConfigKeys (ConfUtils.java:logGet(44)) - raft.server.log.corruption.policy = EXCEPTION (default)
2022-05-15 13:42:13,860 [pool-461-thread-1] INFO  server.RaftServerConfigKeys (ConfUtils.java:logGet(44)) - raft.server.storage.free-space.min = 0MB (=0) (default)
2022-05-15 13:42:13,860 [pool-461-thread-1] INFO  storage.RaftStorageDirectory (RaftStorageDirectoryImpl.java:analyzeStorage(135)) - The storage directory /home/runner/work/ozone/ozone/hadoop-ozone/integration-test/target/test-dir/MiniOzoneClusterImpl-0719730d-bbb5-4727-bcaf-feedb78ac099/datanode-1/data/ratis/8704619f-a2af-4afd-a332-01cacfaa4aa8 does not exist. Creating ...
2022-05-15 13:42:13,882 [pool-461-thread-1] INFO  storage.RaftStorageDirectory (RaftStorageDirectoryImpl.java:tryLock(230)) - Lock on /home/runner/work/ozone/ozone/hadoop-ozone/integration-test/target/test-dir/MiniOzoneClusterImpl-0719730d-bbb5-4727-bcaf-feedb78ac099/datanode-1/data/ratis/8704619f-a2af-4afd-a332-01cacfaa4aa8/in_use.lock acquired by nodename 19587@fv-az40-973
2022-05-15 13:42:13,887 [pool-461-thread-1] INFO  storage.RaftStorage (RaftStorageImpl.java:format(89)) - Storage directory /home/runner/work/ozone/ozone/hadoop-ozone/integration-test/target/test-dir/MiniOzoneClusterImpl-0719730d-bbb5-4727-bcaf-feedb78ac099/datanode-1/data/ratis/8704619f-a2af-4afd-a332-01cacfaa4aa8 has been successfully formatted.
2022-05-15 13:42:13,926 [pool-461-thread-1] INFO  ratis.ContainerStateMachine (ContainerStateMachine.java:loadSnapshot(236)) - group-01CACFAA4AA8: The snapshot info is null. Setting the last applied indexto:(t:0, i:~)
2022-05-15 13:42:13,926 [pool-461-thread-1] INFO  server.RaftServerConfigKeys (ConfUtils.java:logGet(44)) - raft.server.notification.no-leader.timeout = 300s (custom)
2022-05-15 13:42:13,926 [pool-461-thread-1] INFO  server.RaftServerConfigKeys (ConfUtils.java:logGet(44)) - raft.server.log.use.memory = false (default)
2022-05-15 13:42:13,927 [pool-461-thread-1] INFO  server.RaftServerConfigKeys (ConfUtils.java:logGet(44)) - raft.server.log.purge.gap = 1000000 (custom)
2022-05-15 13:42:13,927 [pool-461-thread-1] INFO  server.RaftServerConfigKeys (ConfUtils.java:logGet(44)) - raft.server.log.appender.buffer.byte-limit = 33554432 (custom)
2022-05-15 13:42:13,927 [pool-461-thread-1] INFO  server.RaftServerConfigKeys (ConfUtils.java:logGet(44)) - raft.server.log.segment.size.max = 1048576 (custom)
2022-05-15 13:42:13,927 [pool-461-thread-1] INFO  server.RaftServerConfigKeys (ConfUtils.java:logGet(44)) - raft.server.log.segment.cache.num.max = 2 (custom)
2022-05-15 13:42:13,927 [pool-461-thread-1] INFO  server.RaftServerConfigKeys (ConfUtils.java:logGet(44)) - raft.server.log.segment.cache.size.max = 200MB (=209715200) (default)
2022-05-15 13:42:13,927 [pool-461-thread-1] INFO  segmented.SegmentedRaftLogWorker (SegmentedRaftLogWorker.java:<init>(182)) - new 96ca5511-bfe1-4197-a424-aeb838a33d2a@group-01CACFAA4AA8-SegmentedRaftLogWorker for RaftStorageImpl:Storage Directory /home/runner/work/ozone/ozone/hadoop-ozone/integration-test/target/test-dir/MiniOzoneClusterImpl-0719730d-bbb5-4727-bcaf-feedb78ac099/datanode-1/data/ratis/8704619f-a2af-4afd-a332-01cacfaa4aa8
2022-05-15 13:42:13,927 [pool-461-thread-1] INFO  server.RaftServerConfigKeys (ConfUtils.java:logGet(44)) - raft.server.log.queue.byte-limit = 4294967296 (custom)
2022-05-15 13:42:13,927 [pool-461-thread-1] INFO  server.RaftServerConfigKeys (ConfUtils.java:logGet(44)) - raft.server.log.queue.element-limit = 1024 (custom)
2022-05-15 13:42:13,927 [pool-461-thread-1] INFO  server.RaftServerConfigKeys (ConfUtils.java:logGet(44)) - raft.server.log.segment.size.max = 1048576 (custom)
2022-05-15 13:42:13,927 [pool-461-thread-1] INFO  server.RaftServerConfigKeys (ConfUtils.java:logGet(44)) - raft.server.log.preallocated.size = 16384 (custom)
2022-05-15 13:42:13,927 [pool-461-thread-1] INFO  server.RaftServerConfigKeys (ConfUtils.java:logGet(44)) - raft.server.log.force.sync.num = 128 (default)
2022-05-15 13:42:13,927 [pool-461-thread-1] INFO  server.RaftServerConfigKeys (ConfUtils.java:logGet(44)) - raft.server.log.statemachine.data.sync = true (default)
2022-05-15 13:42:13,927 [pool-461-thread-1] INFO  server.RaftServerConfigKeys (ConfUtils.java:logGet(44)) - raft.server.log.statemachine.data.sync.timeout = 10s (default)
2022-05-15 13:42:13,928 [pool-461-thread-1] INFO  server.RaftServerConfigKeys (ConfUtils.java:logGet(44)) - raft.server.log.statemachine.data.sync.timeout.retry = -1 (default)
2022-05-15 13:42:13,928 [pool-461-thread-1] INFO  server.RaftServerConfigKeys (ConfUtils.java:logGet(44)) - raft.server.log.write.buffer.size = 1048576 (custom)
2022-05-15 13:42:13,929 [pool-461-thread-1] INFO  server.RaftServerConfigKeys (ConfUtils.java:logGet(44)) - raft.server.log.statemachine.data.caching.enabled = true (custom)
2022-05-15 13:42:13,929 [pool-461-thread-1] INFO  segmented.SegmentedRaftLogWorker (SegmentedRaftLogWorker.java:lambda$new$0(133)) - 96ca5511-bfe1-4197-a424-aeb838a33d2a@group-01CACFAA4AA8-SegmentedRaftLogWorker: flushIndex: setUnconditionally 0 -> -1
2022-05-15 13:42:13,929 [pool-461-thread-1] INFO  segmented.SegmentedRaftLogWorker (SegmentedRaftLogWorker.java:lambda$new$0(133)) - 96ca5511-bfe1-4197-a424-aeb838a33d2a@group-01CACFAA4AA8-SegmentedRaftLogWorker: safeCacheEvictIndex: setUnconditionally 0 -> -1
2022-05-15 13:42:13,938 [pool-461-thread-1] INFO  server.RaftServerConfigKeys (ConfUtils.java:logGet(44)) - raft.server.snapshot.auto.trigger.enabled = true (custom)
2022-05-15 13:42:13,938 [pool-461-thread-1] INFO  server.RaftServerConfigKeys (ConfUtils.java:logGet(44)) - raft.server.snapshot.auto.trigger.threshold = 10000 (custom)
2022-05-15 13:42:13,938 [pool-461-thread-1] INFO  server.RaftServerConfigKeys (ConfUtils.java:logGet(44)) - raft.server.snapshot.retention.file.num = 5 (custom)
2022-05-15 13:42:13,938 [pool-461-thread-1] INFO  server.RaftServerConfigKeys (ConfUtils.java:logGet(44)) - raft.server.log.purge.upto.snapshot.index = false (default)
2022-05-15 13:42:13,939 [pool-461-thread-1] INFO  server.RaftServerConfigKeys (ConfUtils.java:logGet(44)) - raft.server.retrycache.expirytime = 600000ms (custom)
2022-05-15 13:42:13,939 [pool-461-thread-1] INFO  server.RaftServerConfigKeys (ConfUtils.java:logGet(44)) - raft.server.retrycache.statistics.expirytime = 100μs (default)
2022-05-15 13:42:13,940 [pool-461-thread-1] INFO  server.RaftServer$Division (RaftServerImpl.java:start(301)) - 96ca5511-bfe1-4197-a424-aeb838a33d2a@group-01CACFAA4AA8: start as a follower, conf=-1: [7ba9dbf1-2e7d-46da-8543-6f273c29c523|rpc:10.1.0.20:34001|dataStream:|priority:1, 96ca5511-bfe1-4197-a424-aeb838a33d2a|rpc:10.1.0.20:34347|dataStream:|priority:0, bb4037bd-da51-447a-80ce-84e82c128da1|rpc:10.1.0.20:33025|dataStream:|priority:0], old=null
2022-05-15 13:42:13,940 [pool-461-thread-1] INFO  server.RaftServer$Division (RaftServerImpl.java:setRole(290)) - 96ca5511-bfe1-4197-a424-aeb838a33d2a@group-01CACFAA4AA8: changes role from      null to FOLLOWER at term 0 for startAsFollower
2022-05-15 13:42:13,940 [pool-461-thread-1] INFO  impl.RoleInfo (RoleInfo.java:updateAndGet(130)) - 96ca5511-bfe1-4197-a424-aeb838a33d2a: start 96ca5511-bfe1-4197-a424-aeb838a33d2a@group-01CACFAA4AA8-FollowerState
2022-05-15 13:42:13,940 [pool-461-thread-1] INFO  util.JmxRegister (JmxRegister.java:tryRegister(44)) - Successfully registered JMX Bean with object name Ratis:service=RaftServer,group=group-01CACFAA4AA8,id=96ca5511-bfe1-4197-a424-aeb838a33d2a
2022-05-15 13:42:14,034 [grpc-default-executor-0] INFO  server.RaftServer (RaftServerProxy.java:addNew(95)) - 7ba9dbf1-2e7d-46da-8543-6f273c29c523: addNew group-01CACFAA4AA8:[7ba9dbf1-2e7d-46da-8543-6f273c29c523|rpc:10.1.0.20:34001|dataStream:|priority:1, 96ca5511-bfe1-4197-a424-aeb838a33d2a|rpc:10.1.0.20:34347|dataStream:|priority:0, bb4037bd-da51-447a-80ce-84e82c128da1|rpc:10.1.0.20:33025|dataStream:|priority:0] returns group-01CACFAA4AA8:java.util.concurrent.CompletableFuture@316fd46e[Not completed]
2022-05-15 13:42:14,035 [pool-482-thread-1] INFO  server.RaftServer$Division (RaftServerImpl.java:<init>(184)) - 7ba9dbf1-2e7d-46da-8543-6f273c29c523: new RaftServerImpl for group-01CACFAA4AA8:[7ba9dbf1-2e7d-46da-8543-6f273c29c523|rpc:10.1.0.20:34001|dataStream:|priority:1, 96ca5511-bfe1-4197-a424-aeb838a33d2a|rpc:10.1.0.20:34347|dataStream:|priority:0, bb4037bd-da51-447a-80ce-84e82c128da1|rpc:10.1.0.20:33025|dataStream:|priority:0] with ContainerStateMachine:uninitialized
2022-05-15 13:42:14,061 [pool-482-thread-1] INFO  server.RaftServerConfigKeys (ConfUtils.java:logGet(44)) - raft.server.rpc.timeout.min = 5s (custom)
2022-05-15 13:42:14,061 [pool-482-thread-1] INFO  server.RaftServerConfigKeys (ConfUtils.java:logGet(44)) - raft.server.rpc.timeout.max = 5200ms (custom)
2022-05-15 13:42:14,061 [pool-482-thread-1] INFO  server.RaftServerConfigKeys (ConfUtils.java:logGet(44)) - raft.server.rpc.sleep.time = 25ms (default)
2022-05-15 13:42:14,061 [pool-482-thread-1] INFO  server.RaftServerConfigKeys (ConfUtils.java:logGet(44)) - raft.server.rpc.slowness.timeout = 300s (custom)
2022-05-15 13:42:14,061 [pool-482-thread-1] INFO  server.RaftServerConfigKeys (ConfUtils.java:logGet(44)) - raft.server.leaderelection.leader.step-down.wait-time = 10s (default)
2022-05-15 13:42:14,061 [pool-482-thread-1] INFO  server.RaftServerConfigKeys (ConfUtils.java:logGet(44)) - raft.server.sleep.deviation.threshold = 300ms (default)
2022-05-15 13:42:14,062 [pool-482-thread-1] INFO  server.RaftServerConfigKeys (ConfUtils.java:logGet(44)) - raft.server.log.appender.install.snapshot.enabled = false (custom)
2022-05-15 13:42:14,062 [pool-482-thread-1] INFO  server.RaftServer$Division (ServerState.java:<init>(105)) - 7ba9dbf1-2e7d-46da-8543-6f273c29c523@group-01CACFAA4AA8: ConfigurationManager, init=-1: [7ba9dbf1-2e7d-46da-8543-6f273c29c523|rpc:10.1.0.20:34001|dataStream:|priority:1, 96ca5511-bfe1-4197-a424-aeb838a33d2a|rpc:10.1.0.20:34347|dataStream:|priority:0, bb4037bd-da51-447a-80ce-84e82c128da1|rpc:10.1.0.20:33025|dataStream:|priority:0], old=null, confs=<EMPTY_MAP>
2022-05-15 13:42:14,062 [pool-482-thread-1] INFO  server.RaftServerConfigKeys (ConfUtils.java:logGet(44)) - raft.server.storage.dir = [/home/runner/work/ozone/ozone/hadoop-ozone/integration-test/target/test-dir/MiniOzoneClusterImpl-0719730d-bbb5-4727-bcaf-feedb78ac099/datanode-2/data/ratis] (custom)
2022-05-15 13:42:14,062 [pool-482-thread-1] INFO  server.RaftServerConfigKeys (ConfUtils.java:logGet(44)) - raft.server.log.corruption.policy = EXCEPTION (default)
2022-05-15 13:42:14,062 [pool-482-thread-1] INFO  server.RaftServerConfigKeys (ConfUtils.java:logGet(44)) - raft.server.storage.free-space.min = 0MB (=0) (default)
2022-05-15 13:42:14,062 [pool-482-thread-1] INFO  storage.RaftStorageDirectory (RaftStorageDirectoryImpl.java:analyzeStorage(135)) - The storage directory /home/runner/work/ozone/ozone/hadoop-ozone/integration-test/target/test-dir/MiniOzoneClusterImpl-0719730d-bbb5-4727-bcaf-feedb78ac099/datanode-2/data/ratis/8704619f-a2af-4afd-a332-01cacfaa4aa8 does not exist. Creating ...
2022-05-15 13:42:14,063 [pool-482-thread-1] INFO  storage.RaftStorageDirectory (RaftStorageDirectoryImpl.java:tryLock(230)) - Lock on /home/runner/work/ozone/ozone/hadoop-ozone/integration-test/target/test-dir/MiniOzoneClusterImpl-0719730d-bbb5-4727-bcaf-feedb78ac099/datanode-2/data/ratis/8704619f-a2af-4afd-a332-01cacfaa4aa8/in_use.lock acquired by nodename 19587@fv-az40-973
2022-05-15 13:42:14,070 [pool-482-thread-1] INFO  storage.RaftStorage (RaftStorageImpl.java:format(89)) - Storage directory /home/runner/work/ozone/ozone/hadoop-ozone/integration-test/target/test-dir/MiniOzoneClusterImpl-0719730d-bbb5-4727-bcaf-feedb78ac099/datanode-2/data/ratis/8704619f-a2af-4afd-a332-01cacfaa4aa8 has been successfully formatted.
2022-05-15 13:42:14,071 [pool-482-thread-1] INFO  ratis.ContainerStateMachine (ContainerStateMachine.java:loadSnapshot(236)) - group-01CACFAA4AA8: The snapshot info is null. Setting the last applied indexto:(t:0, i:~)
2022-05-15 13:42:14,071 [pool-482-thread-1] INFO  server.RaftServerConfigKeys (ConfUtils.java:logGet(44)) - raft.server.notification.no-leader.timeout = 300s (custom)
2022-05-15 13:42:14,071 [pool-482-thread-1] INFO  server.RaftServerConfigKeys (ConfUtils.java:logGet(44)) - raft.server.log.use.memory = false (default)
2022-05-15 13:42:14,071 [pool-482-thread-1] INFO  server.RaftServerConfigKeys (ConfUtils.java:logGet(44)) - raft.server.log.purge.gap = 1000000 (custom)
2022-05-15 13:42:14,071 [pool-482-thread-1] INFO  server.RaftServerConfigKeys (ConfUtils.java:logGet(44)) - raft.server.log.appender.buffer.byte-limit = 33554432 (custom)
2022-05-15 13:42:14,071 [pool-482-thread-1] INFO  server.RaftServerConfigKeys (ConfUtils.java:logGet(44)) - raft.server.log.segment.size.max = 1048576 (custom)
2022-05-15 13:42:14,071 [pool-482-thread-1] INFO  server.RaftServerConfigKeys (ConfUtils.java:logGet(44)) - raft.server.log.segment.cache.num.max = 2 (custom)
2022-05-15 13:42:14,071 [pool-482-thread-1] INFO  server.RaftServerConfigKeys (ConfUtils.java:logGet(44)) - raft.server.log.segment.cache.size.max = 200MB (=209715200) (default)
2022-05-15 13:42:14,072 [pool-482-thread-1] INFO  segmented.SegmentedRaftLogWorker (SegmentedRaftLogWorker.java:<init>(182)) - new 7ba9dbf1-2e7d-46da-8543-6f273c29c523@group-01CACFAA4AA8-SegmentedRaftLogWorker for RaftStorageImpl:Storage Directory /home/runner/work/ozone/ozone/hadoop-ozone/integration-test/target/test-dir/MiniOzoneClusterImpl-0719730d-bbb5-4727-bcaf-feedb78ac099/datanode-2/data/ratis/8704619f-a2af-4afd-a332-01cacfaa4aa8
2022-05-15 13:42:14,072 [pool-482-thread-1] INFO  server.RaftServerConfigKeys (ConfUtils.java:logGet(44)) - raft.server.log.queue.byte-limit = 4294967296 (custom)
2022-05-15 13:42:14,072 [pool-482-thread-1] INFO  server.RaftServerConfigKeys (ConfUtils.java:logGet(44)) - raft.server.log.queue.element-limit = 1024 (custom)
2022-05-15 13:42:14,072 [pool-482-thread-1] INFO  server.RaftServerConfigKeys (ConfUtils.java:logGet(44)) - raft.server.log.segment.size.max = 1048576 (custom)
2022-05-15 13:42:14,072 [pool-482-thread-1] INFO  server.RaftServerConfigKeys (ConfUtils.java:logGet(44)) - raft.server.log.preallocated.size = 16384 (custom)
2022-05-15 13:42:14,072 [pool-482-thread-1] INFO  server.RaftServerConfigKeys (ConfUtils.java:logGet(44)) - raft.server.log.force.sync.num = 128 (default)
2022-05-15 13:42:14,072 [pool-482-thread-1] INFO  server.RaftServerConfigKeys (ConfUtils.java:logGet(44)) - raft.server.log.statemachine.data.sync = true (default)
2022-05-15 13:42:14,072 [pool-482-thread-1] INFO  server.RaftServerConfigKeys (ConfUtils.java:logGet(44)) - raft.server.log.statemachine.data.sync.timeout = 10s (default)
2022-05-15 13:42:14,072 [pool-482-thread-1] INFO  server.RaftServerConfigKeys (ConfUtils.java:logGet(44)) - raft.server.log.statemachine.data.sync.timeout.retry = -1 (default)
2022-05-15 13:42:14,073 [pool-482-thread-1] INFO  server.RaftServerConfigKeys (ConfUtils.java:logGet(44)) - raft.server.log.write.buffer.size = 1048576 (custom)
2022-05-15 13:42:14,073 [pool-482-thread-1] INFO  server.RaftServerConfigKeys (ConfUtils.java:logGet(44)) - raft.server.log.statemachine.data.caching.enabled = true (custom)
2022-05-15 13:42:14,073 [pool-482-thread-1] INFO  segmented.SegmentedRaftLogWorker (SegmentedRaftLogWorker.java:lambda$new$0(133)) - 7ba9dbf1-2e7d-46da-8543-6f273c29c523@group-01CACFAA4AA8-SegmentedRaftLogWorker: flushIndex: setUnconditionally 0 -> -1
2022-05-15 13:42:14,073 [pool-482-thread-1] INFO  segmented.SegmentedRaftLogWorker (SegmentedRaftLogWorker.java:lambda$new$0(133)) - 7ba9dbf1-2e7d-46da-8543-6f273c29c523@group-01CACFAA4AA8-SegmentedRaftLogWorker: safeCacheEvictIndex: setUnconditionally 0 -> -1
2022-05-15 13:42:14,132 [pool-482-thread-1] INFO  server.RaftServerConfigKeys (ConfUtils.java:logGet(44)) - raft.server.snapshot.auto.trigger.enabled = true (custom)
2022-05-15 13:42:14,132 [pool-482-thread-1] INFO  server.RaftServerConfigKeys (ConfUtils.java:logGet(44)) - raft.server.snapshot.auto.trigger.threshold = 10000 (custom)
2022-05-15 13:42:14,132 [pool-482-thread-1] INFO  server.RaftServerConfigKeys (ConfUtils.java:logGet(44)) - raft.server.snapshot.retention.file.num = 5 (custom)
2022-05-15 13:42:14,132 [pool-482-thread-1] INFO  server.RaftServerConfigKeys (ConfUtils.java:logGet(44)) - raft.server.log.purge.upto.snapshot.index = false (default)
2022-05-15 13:42:14,132 [pool-482-thread-1] INFO  server.RaftServerConfigKeys (ConfUtils.java:logGet(44)) - raft.server.retrycache.expirytime = 600000ms (custom)
2022-05-15 13:42:14,132 [pool-482-thread-1] INFO  server.RaftServerConfigKeys (ConfUtils.java:logGet(44)) - raft.server.retrycache.statistics.expirytime = 100μs (default)
2022-05-15 13:42:14,133 [pool-482-thread-1] INFO  server.RaftServer$Division (RaftServerImpl.java:start(301)) - 7ba9dbf1-2e7d-46da-8543-6f273c29c523@group-01CACFAA4AA8: start as a follower, conf=-1: [7ba9dbf1-2e7d-46da-8543-6f273c29c523|rpc:10.1.0.20:34001|dataStream:|priority:1, 96ca5511-bfe1-4197-a424-aeb838a33d2a|rpc:10.1.0.20:34347|dataStream:|priority:0, bb4037bd-da51-447a-80ce-84e82c128da1|rpc:10.1.0.20:33025|dataStream:|priority:0], old=null
2022-05-15 13:42:14,133 [pool-482-thread-1] INFO  server.RaftServer$Division (RaftServerImpl.java:setRole(290)) - 7ba9dbf1-2e7d-46da-8543-6f273c29c523@group-01CACFAA4AA8: changes role from      null to FOLLOWER at term 0 for startAsFollower
2022-05-15 13:42:14,133 [pool-482-thread-1] INFO  impl.RoleInfo (RoleInfo.java:updateAndGet(130)) - 7ba9dbf1-2e7d-46da-8543-6f273c29c523: start 7ba9dbf1-2e7d-46da-8543-6f273c29c523@group-01CACFAA4AA8-FollowerState
2022-05-15 13:42:14,146 [pool-482-thread-1] INFO  util.JmxRegister (JmxRegister.java:tryRegister(44)) - Successfully registered JMX Bean with object name Ratis:service=RaftServer,group=group-01CACFAA4AA8,id=7ba9dbf1-2e7d-46da-8543-6f273c29c523
2022-05-15 13:42:14,201 [Command processor thread] INFO  commandhandler.CreatePipelineCommandHandler (CreatePipelineCommandHandler.java:handle(113)) - Created Pipeline RATIS THREE PipelineID=8704619f-a2af-4afd-a332-01cacfaa4aa8.
2022-05-15 13:42:14,202 [Command processor thread] INFO  server.RaftServer (RaftServerProxy.java:addNew(95)) - bb4037bd-da51-447a-80ce-84e82c128da1: addNew group-995EF8EB4C20:[7ba9dbf1-2e7d-46da-8543-6f273c29c523|rpc:10.1.0.20:34001|priority:0, 96ca5511-bfe1-4197-a424-aeb838a33d2a|rpc:10.1.0.20:34347|priority:0, bb4037bd-da51-447a-80ce-84e82c128da1|rpc:10.1.0.20:33025|priority:1] returns group-995EF8EB4C20:java.util.concurrent.CompletableFuture@3dc297dc[Not completed]
2022-05-15 13:42:14,202 [pool-440-thread-1] INFO  server.RaftServer$Division (RaftServerImpl.java:<init>(184)) - bb4037bd-da51-447a-80ce-84e82c128da1: new RaftServerImpl for group-995EF8EB4C20:[7ba9dbf1-2e7d-46da-8543-6f273c29c523|rpc:10.1.0.20:34001|priority:0, 96ca5511-bfe1-4197-a424-aeb838a33d2a|rpc:10.1.0.20:34347|priority:0, bb4037bd-da51-447a-80ce-84e82c128da1|rpc:10.1.0.20:33025|priority:1] with ContainerStateMachine:uninitialized
2022-05-15 13:42:14,203 [pool-440-thread-1] INFO  server.RaftServerConfigKeys (ConfUtils.java:logGet(44)) - raft.server.rpc.timeout.min = 5s (custom)
2022-05-15 13:42:14,203 [pool-440-thread-1] INFO  server.RaftServerConfigKeys (ConfUtils.java:logGet(44)) - raft.server.rpc.timeout.max = 5200ms (custom)
2022-05-15 13:42:14,203 [pool-440-thread-1] INFO  server.RaftServerConfigKeys (ConfUtils.java:logGet(44)) - raft.server.rpc.sleep.time = 25ms (default)
2022-05-15 13:42:14,203 [pool-440-thread-1] INFO  server.RaftServerConfigKeys (ConfUtils.java:logGet(44)) - raft.server.rpc.slowness.timeout = 300s (custom)
2022-05-15 13:42:14,203 [pool-440-thread-1] INFO  server.RaftServerConfigKeys (ConfUtils.java:logGet(44)) - raft.server.leaderelection.leader.step-down.wait-time = 10s (default)
2022-05-15 13:42:14,203 [pool-440-thread-1] INFO  server.RaftServerConfigKeys (ConfUtils.java:logGet(44)) - raft.server.sleep.deviation.threshold = 300ms (default)
2022-05-15 13:42:14,203 [pool-440-thread-1] INFO  server.RaftServerConfigKeys (ConfUtils.java:logGet(44)) - raft.server.log.appender.install.snapshot.enabled = false (custom)
2022-05-15 13:42:14,203 [pool-440-thread-1] INFO  server.RaftServer$Division (ServerState.java:<init>(105)) - bb4037bd-da51-447a-80ce-84e82c128da1@group-995EF8EB4C20: ConfigurationManager, init=-1: [7ba9dbf1-2e7d-46da-8543-6f273c29c523|rpc:10.1.0.20:34001|priority:0, 96ca5511-bfe1-4197-a424-aeb838a33d2a|rpc:10.1.0.20:34347|priority:0, bb4037bd-da51-447a-80ce-84e82c128da1|rpc:10.1.0.20:33025|priority:1], old=null, confs=<EMPTY_MAP>
2022-05-15 13:42:14,203 [pool-440-thread-1] INFO  server.RaftServerConfigKeys (ConfUtils.java:logGet(44)) - raft.server.storage.dir = [/home/runner/work/ozone/ozone/hadoop-ozone/integration-test/target/test-dir/MiniOzoneClusterImpl-0719730d-bbb5-4727-bcaf-feedb78ac099/datanode-0/data/ratis] (custom)
2022-05-15 13:42:14,203 [pool-440-thread-1] INFO  server.RaftServerConfigKeys (ConfUtils.java:logGet(44)) - raft.server.log.corruption.policy = EXCEPTION (default)
2022-05-15 13:42:14,203 [pool-440-thread-1] INFO  server.RaftServerConfigKeys (ConfUtils.java:logGet(44)) - raft.server.storage.free-space.min = 0MB (=0) (default)
2022-05-15 13:42:14,203 [pool-440-thread-1] INFO  storage.RaftStorageDirectory (RaftStorageDirectoryImpl.java:analyzeStorage(135)) - The storage directory /home/runner/work/ozone/ozone/hadoop-ozone/integration-test/target/test-dir/MiniOzoneClusterImpl-0719730d-bbb5-4727-bcaf-feedb78ac099/datanode-0/data/ratis/ce86e5a4-abb6-4563-afe1-995ef8eb4c20 does not exist. Creating ...
2022-05-15 13:42:14,204 [pool-440-thread-1] INFO  storage.RaftStorageDirectory (RaftStorageDirectoryImpl.java:tryLock(230)) - Lock on /home/runner/work/ozone/ozone/hadoop-ozone/integration-test/target/test-dir/MiniOzoneClusterImpl-0719730d-bbb5-4727-bcaf-feedb78ac099/datanode-0/data/ratis/ce86e5a4-abb6-4563-afe1-995ef8eb4c20/in_use.lock acquired by nodename 19587@fv-az40-973
2022-05-15 13:42:14,208 [pool-440-thread-1] INFO  storage.RaftStorage (RaftStorageImpl.java:format(89)) - Storage directory /home/runner/work/ozone/ozone/hadoop-ozone/integration-test/target/test-dir/MiniOzoneClusterImpl-0719730d-bbb5-4727-bcaf-feedb78ac099/datanode-0/data/ratis/ce86e5a4-abb6-4563-afe1-995ef8eb4c20 has been successfully formatted.
2022-05-15 13:42:14,208 [pool-440-thread-1] INFO  ratis.ContainerStateMachine (ContainerStateMachine.java:loadSnapshot(236)) - group-995EF8EB4C20: The snapshot info is null. Setting the last applied indexto:(t:0, i:~)
2022-05-15 13:42:14,208 [pool-440-thread-1] INFO  server.RaftServerConfigKeys (ConfUtils.java:logGet(44)) - raft.server.notification.no-leader.timeout = 300s (custom)
2022-05-15 13:42:14,209 [pool-440-thread-1] INFO  server.RaftServerConfigKeys (ConfUtils.java:logGet(44)) - raft.server.log.use.memory = false (default)
2022-05-15 13:42:14,209 [pool-440-thread-1] INFO  server.RaftServerConfigKeys (ConfUtils.java:logGet(44)) - raft.server.log.purge.gap = 1000000 (custom)
2022-05-15 13:42:14,209 [pool-440-thread-1] INFO  server.RaftServerConfigKeys (ConfUtils.java:logGet(44)) - raft.server.log.appender.buffer.byte-limit = 33554432 (custom)
2022-05-15 13:42:14,209 [pool-440-thread-1] INFO  server.RaftServerConfigKeys (ConfUtils.java:logGet(44)) - raft.server.log.segment.size.max = 1048576 (custom)
2022-05-15 13:42:14,209 [pool-440-thread-1] INFO  server.RaftServerConfigKeys (ConfUtils.java:logGet(44)) - raft.server.log.segment.cache.num.max = 2 (custom)
2022-05-15 13:42:14,209 [pool-440-thread-1] INFO  server.RaftServerConfigKeys (ConfUtils.java:logGet(44)) - raft.server.log.segment.cache.size.max = 200MB (=209715200) (default)
2022-05-15 13:42:14,209 [pool-440-thread-1] INFO  segmented.SegmentedRaftLogWorker (SegmentedRaftLogWorker.java:<init>(182)) - new bb4037bd-da51-447a-80ce-84e82c128da1@group-995EF8EB4C20-SegmentedRaftLogWorker for RaftStorageImpl:Storage Directory /home/runner/work/ozone/ozone/hadoop-ozone/integration-test/target/test-dir/MiniOzoneClusterImpl-0719730d-bbb5-4727-bcaf-feedb78ac099/datanode-0/data/ratis/ce86e5a4-abb6-4563-afe1-995ef8eb4c20
2022-05-15 13:42:14,209 [pool-440-thread-1] INFO  server.RaftServerConfigKeys (ConfUtils.java:logGet(44)) - raft.server.log.queue.byte-limit = 4294967296 (custom)
2022-05-15 13:42:14,209 [pool-440-thread-1] INFO  server.RaftServerConfigKeys (ConfUtils.java:logGet(44)) - raft.server.log.queue.element-limit = 1024 (custom)
2022-05-15 13:42:14,209 [pool-440-thread-1] INFO  server.RaftServerConfigKeys (ConfUtils.java:logGet(44)) - raft.server.log.segment.size.max = 1048576 (custom)
2022-05-15 13:42:14,209 [pool-440-thread-1] INFO  server.RaftServerConfigKeys (ConfUtils.java:logGet(44)) - raft.server.log.preallocated.size = 16384 (custom)
2022-05-15 13:42:14,209 [pool-440-thread-1] INFO  server.RaftServerConfigKeys (ConfUtils.java:logGet(44)) - raft.server.log.force.sync.num = 128 (default)
2022-05-15 13:42:14,209 [pool-440-thread-1] INFO  server.RaftServerConfigKeys (ConfUtils.java:logGet(44)) - raft.server.log.statemachine.data.sync = true (default)
2022-05-15 13:42:14,209 [pool-440-thread-1] INFO  server.RaftServerConfigKeys (ConfUtils.java:logGet(44)) - raft.server.log.statemachine.data.sync.timeout = 10s (default)
2022-05-15 13:42:14,209 [pool-440-thread-1] INFO  server.RaftServerConfigKeys (ConfUtils.java:logGet(44)) - raft.server.log.statemachine.data.sync.timeout.retry = -1 (default)
2022-05-15 13:42:14,211 [EventQueue-OpenPipelineForHealthyPipelineSafeModeRule] INFO  safemode.SCMSafeModeManager (HealthyPipelineSafeModeRule.java:process(124)) - SCM in safe mode. Healthy pipelines reported count is 0, required healthy pipeline reported count is 1
2022-05-15 13:42:14,218 [pool-440-thread-1] INFO  server.RaftServerConfigKeys (ConfUtils.java:logGet(44)) - raft.server.log.write.buffer.size = 1048576 (custom)
2022-05-15 13:42:14,218 [pool-440-thread-1] INFO  server.RaftServerConfigKeys (ConfUtils.java:logGet(44)) - raft.server.log.statemachine.data.caching.enabled = true (custom)
2022-05-15 13:42:14,218 [pool-440-thread-1] INFO  segmented.SegmentedRaftLogWorker (SegmentedRaftLogWorker.java:lambda$new$0(133)) - bb4037bd-da51-447a-80ce-84e82c128da1@group-995EF8EB4C20-SegmentedRaftLogWorker: flushIndex: setUnconditionally 0 -> -1
2022-05-15 13:42:14,219 [pool-440-thread-1] INFO  segmented.SegmentedRaftLogWorker (SegmentedRaftLogWorker.java:lambda$new$0(133)) - bb4037bd-da51-447a-80ce-84e82c128da1@group-995EF8EB4C20-SegmentedRaftLogWorker: safeCacheEvictIndex: setUnconditionally 0 -> -1
2022-05-15 13:42:14,232 [pool-440-thread-1] INFO  server.RaftServerConfigKeys (ConfUtils.java:logGet(44)) - raft.server.snapshot.auto.trigger.enabled = true (custom)
2022-05-15 13:42:14,232 [pool-440-thread-1] INFO  server.RaftServerConfigKeys (ConfUtils.java:logGet(44)) - raft.server.snapshot.auto.trigger.threshold = 10000 (custom)
2022-05-15 13:42:14,233 [pool-440-thread-1] INFO  server.RaftServerConfigKeys (ConfUtils.java:logGet(44)) - raft.server.snapshot.retention.file.num = 5 (custom)
2022-05-15 13:42:14,233 [pool-440-thread-1] INFO  server.RaftServerConfigKeys (ConfUtils.java:logGet(44)) - raft.server.log.purge.upto.snapshot.index = false (default)
2022-05-15 13:42:14,233 [pool-440-thread-1] INFO  server.RaftServerConfigKeys (ConfUtils.java:logGet(44)) - raft.server.retrycache.expirytime = 600000ms (custom)
2022-05-15 13:42:14,233 [pool-440-thread-1] INFO  server.RaftServerConfigKeys (ConfUtils.java:logGet(44)) - raft.server.retrycache.statistics.expirytime = 100μs (default)
2022-05-15 13:42:14,234 [pool-440-thread-1] INFO  server.RaftServer$Division (RaftServerImpl.java:start(301)) - bb4037bd-da51-447a-80ce-84e82c128da1@group-995EF8EB4C20: start as a follower, conf=-1: [7ba9dbf1-2e7d-46da-8543-6f273c29c523|rpc:10.1.0.20:34001|priority:0, 96ca5511-bfe1-4197-a424-aeb838a33d2a|rpc:10.1.0.20:34347|priority:0, bb4037bd-da51-447a-80ce-84e82c128da1|rpc:10.1.0.20:33025|priority:1], old=null
2022-05-15 13:42:14,234 [pool-440-thread-1] INFO  server.RaftServer$Division (RaftServerImpl.java:setRole(290)) - bb4037bd-da51-447a-80ce-84e82c128da1@group-995EF8EB4C20: changes role from      null to FOLLOWER at term 0 for startAsFollower
2022-05-15 13:42:14,234 [pool-440-thread-1] INFO  impl.RoleInfo (RoleInfo.java:updateAndGet(130)) - bb4037bd-da51-447a-80ce-84e82c128da1: start bb4037bd-da51-447a-80ce-84e82c128da1@group-995EF8EB4C20-FollowerState
2022-05-15 13:42:14,238 [pool-440-thread-1] INFO  util.JmxRegister (JmxRegister.java:tryRegister(44)) - Successfully registered JMX Bean with object name Ratis:service=RaftServer,group=group-995EF8EB4C20,id=bb4037bd-da51-447a-80ce-84e82c128da1
2022-05-15 13:42:14,251 [Command processor thread] INFO  ratis.XceiverServerRatis (XceiverServerRatis.java:addGroup(765)) - Created group PipelineID=ce86e5a4-abb6-4563-afe1-995ef8eb4c20
2022-05-15 13:42:14,296 [grpc-default-executor-0] INFO  server.RaftServer (RaftServerProxy.java:addNew(95)) - 7ba9dbf1-2e7d-46da-8543-6f273c29c523: addNew group-995EF8EB4C20:[7ba9dbf1-2e7d-46da-8543-6f273c29c523|rpc:10.1.0.20:34001|dataStream:|priority:0, 96ca5511-bfe1-4197-a424-aeb838a33d2a|rpc:10.1.0.20:34347|dataStream:|priority:0, bb4037bd-da51-447a-80ce-84e82c128da1|rpc:10.1.0.20:33025|dataStream:|priority:1] returns group-995EF8EB4C20:java.util.concurrent.CompletableFuture@40ffa57b[Not completed]
2022-05-15 13:42:14,297 [pool-482-thread-1] INFO  server.RaftServer$Division (RaftServerImpl.java:<init>(184)) - 7ba9dbf1-2e7d-46da-8543-6f273c29c523: new RaftServerImpl for group-995EF8EB4C20:[7ba9dbf1-2e7d-46da-8543-6f273c29c523|rpc:10.1.0.20:34001|dataStream:|priority:0, 96ca5511-bfe1-4197-a424-aeb838a33d2a|rpc:10.1.0.20:34347|dataStream:|priority:0, bb4037bd-da51-447a-80ce-84e82c128da1|rpc:10.1.0.20:33025|dataStream:|priority:1] with ContainerStateMachine:uninitialized
2022-05-15 13:42:14,297 [pool-482-thread-1] INFO  server.RaftServerConfigKeys (ConfUtils.java:logGet(44)) - raft.server.rpc.timeout.min = 5s (custom)
2022-05-15 13:42:14,297 [pool-482-thread-1] INFO  server.RaftServerConfigKeys (ConfUtils.java:logGet(44)) - raft.server.rpc.timeout.max = 5200ms (custom)
2022-05-15 13:42:14,297 [pool-482-thread-1] INFO  server.RaftServerConfigKeys (ConfUtils.java:logGet(44)) - raft.server.rpc.sleep.time = 25ms (default)
2022-05-15 13:42:14,297 [pool-482-thread-1] INFO  server.RaftServerConfigKeys (ConfUtils.java:logGet(44)) - raft.server.rpc.slowness.timeout = 300s (custom)
2022-05-15 13:42:14,297 [pool-482-thread-1] INFO  server.RaftServerConfigKeys (ConfUtils.java:logGet(44)) - raft.server.leaderelection.leader.step-down.wait-time = 10s (default)
2022-05-15 13:42:14,297 [pool-482-thread-1] INFO  server.RaftServerConfigKeys (ConfUtils.java:logGet(44)) - raft.server.sleep.deviation.threshold = 300ms (default)
2022-05-15 13:42:14,297 [pool-482-thread-1] INFO  server.RaftServerConfigKeys (ConfUtils.java:logGet(44)) - raft.server.log.appender.install.snapshot.enabled = false (custom)
2022-05-15 13:42:14,297 [pool-482-thread-1] INFO  server.RaftServer$Division (ServerState.java:<init>(105)) - 7ba9dbf1-2e7d-46da-8543-6f273c29c523@group-995EF8EB4C20: ConfigurationManager, init=-1: [7ba9dbf1-2e7d-46da-8543-6f273c29c523|rpc:10.1.0.20:34001|dataStream:|priority:0, 96ca5511-bfe1-4197-a424-aeb838a33d2a|rpc:10.1.0.20:34347|dataStream:|priority:0, bb4037bd-da51-447a-80ce-84e82c128da1|rpc:10.1.0.20:33025|dataStream:|priority:1], old=null, confs=<EMPTY_MAP>
2022-05-15 13:42:14,297 [pool-482-thread-1] INFO  server.RaftServerConfigKeys (ConfUtils.java:logGet(44)) - raft.server.storage.dir = [/home/runner/work/ozone/ozone/hadoop-ozone/integration-test/target/test-dir/MiniOzoneClusterImpl-0719730d-bbb5-4727-bcaf-feedb78ac099/datanode-2/data/ratis] (custom)
2022-05-15 13:42:14,297 [pool-482-thread-1] INFO  server.RaftServerConfigKeys (ConfUtils.java:logGet(44)) - raft.server.log.corruption.policy = EXCEPTION (default)
2022-05-15 13:42:14,298 [pool-482-thread-1] INFO  server.RaftServerConfigKeys (ConfUtils.java:logGet(44)) - raft.server.storage.free-space.min = 0MB (=0) (default)
2022-05-15 13:42:14,298 [pool-482-thread-1] INFO  storage.RaftStorageDirectory (RaftStorageDirectoryImpl.java:analyzeStorage(135)) - The storage directory /home/runner/work/ozone/ozone/hadoop-ozone/integration-test/target/test-dir/MiniOzoneClusterImpl-0719730d-bbb5-4727-bcaf-feedb78ac099/datanode-2/data/ratis/ce86e5a4-abb6-4563-afe1-995ef8eb4c20 does not exist. Creating ...
2022-05-15 13:42:14,299 [pool-482-thread-1] INFO  storage.RaftStorageDirectory (RaftStorageDirectoryImpl.java:tryLock(230)) - Lock on /home/runner/work/ozone/ozone/hadoop-ozone/integration-test/target/test-dir/MiniOzoneClusterImpl-0719730d-bbb5-4727-bcaf-feedb78ac099/datanode-2/data/ratis/ce86e5a4-abb6-4563-afe1-995ef8eb4c20/in_use.lock acquired by nodename 19587@fv-az40-973
2022-05-15 13:42:14,300 [pool-482-thread-1] INFO  storage.RaftStorage (RaftStorageImpl.java:format(89)) - Storage directory /home/runner/work/ozone/ozone/hadoop-ozone/integration-test/target/test-dir/MiniOzoneClusterImpl-0719730d-bbb5-4727-bcaf-feedb78ac099/datanode-2/data/ratis/ce86e5a4-abb6-4563-afe1-995ef8eb4c20 has been successfully formatted.
2022-05-15 13:42:14,300 [pool-482-thread-1] INFO  ratis.ContainerStateMachine (ContainerStateMachine.java:loadSnapshot(236)) - group-995EF8EB4C20: The snapshot info is null. Setting the last applied indexto:(t:0, i:~)
2022-05-15 13:42:14,300 [pool-482-thread-1] INFO  server.RaftServerConfigKeys (ConfUtils.java:logGet(44)) - raft.server.notification.no-leader.timeout = 300s (custom)
2022-05-15 13:42:14,300 [pool-482-thread-1] INFO  server.RaftServerConfigKeys (ConfUtils.java:logGet(44)) - raft.server.log.use.memory = false (default)
2022-05-15 13:42:14,300 [pool-482-thread-1] INFO  server.RaftServerConfigKeys (ConfUtils.java:logGet(44)) - raft.server.log.purge.gap = 1000000 (custom)
2022-05-15 13:42:14,300 [pool-482-thread-1] INFO  server.RaftServerConfigKeys (ConfUtils.java:logGet(44)) - raft.server.log.appender.buffer.byte-limit = 33554432 (custom)
2022-05-15 13:42:14,300 [pool-482-thread-1] INFO  server.RaftServerConfigKeys (ConfUtils.java:logGet(44)) - raft.server.log.segment.size.max = 1048576 (custom)
2022-05-15 13:42:14,301 [pool-482-thread-1] INFO  server.RaftServerConfigKeys (ConfUtils.java:logGet(44)) - raft.server.log.segment.cache.num.max = 2 (custom)
2022-05-15 13:42:14,301 [pool-482-thread-1] INFO  server.RaftServerConfigKeys (ConfUtils.java:logGet(44)) - raft.server.log.segment.cache.size.max = 200MB (=209715200) (default)
2022-05-15 13:42:14,301 [pool-482-thread-1] INFO  segmented.SegmentedRaftLogWorker (SegmentedRaftLogWorker.java:<init>(182)) - new 7ba9dbf1-2e7d-46da-8543-6f273c29c523@group-995EF8EB4C20-SegmentedRaftLogWorker for RaftStorageImpl:Storage Directory /home/runner/work/ozone/ozone/hadoop-ozone/integration-test/target/test-dir/MiniOzoneClusterImpl-0719730d-bbb5-4727-bcaf-feedb78ac099/datanode-2/data/ratis/ce86e5a4-abb6-4563-afe1-995ef8eb4c20
2022-05-15 13:42:14,301 [pool-482-thread-1] INFO  server.RaftServerConfigKeys (ConfUtils.java:logGet(44)) - raft.server.log.queue.byte-limit = 4294967296 (custom)
2022-05-15 13:42:14,301 [pool-482-thread-1] INFO  server.RaftServerConfigKeys (ConfUtils.java:logGet(44)) - raft.server.log.queue.element-limit = 1024 (custom)
2022-05-15 13:42:14,303 [pool-482-thread-1] INFO  server.RaftServerConfigKeys (ConfUtils.java:logGet(44)) - raft.server.log.segment.size.max = 1048576 (custom)
2022-05-15 13:42:14,303 [pool-482-thread-1] INFO  server.RaftServerConfigKeys (ConfUtils.java:logGet(44)) - raft.server.log.preallocated.size = 16384 (custom)
2022-05-15 13:42:14,303 [pool-482-thread-1] INFO  server.RaftServerConfigKeys (ConfUtils.java:logGet(44)) - raft.server.log.force.sync.num = 128 (default)
2022-05-15 13:42:14,303 [pool-482-thread-1] INFO  server.RaftServerConfigKeys (ConfUtils.java:logGet(44)) - raft.server.log.statemachine.data.sync = true (default)
2022-05-15 13:42:14,303 [pool-482-thread-1] INFO  server.RaftServerConfigKeys (ConfUtils.java:logGet(44)) - raft.server.log.statemachine.data.sync.timeout = 10s (default)
2022-05-15 13:42:14,303 [pool-482-thread-1] INFO  server.RaftServerConfigKeys (ConfUtils.java:logGet(44)) - raft.server.log.statemachine.data.sync.timeout.retry = -1 (default)
2022-05-15 13:42:14,304 [pool-482-thread-1] INFO  server.RaftServerConfigKeys (ConfUtils.java:logGet(44)) - raft.server.log.write.buffer.size = 1048576 (custom)
2022-05-15 13:42:14,305 [pool-482-thread-1] INFO  server.RaftServerConfigKeys (ConfUtils.java:logGet(44)) - raft.server.log.statemachine.data.caching.enabled = true (custom)
2022-05-15 13:42:14,305 [pool-482-thread-1] INFO  segmented.SegmentedRaftLogWorker (SegmentedRaftLogWorker.java:lambda$new$0(133)) - 7ba9dbf1-2e7d-46da-8543-6f273c29c523@group-995EF8EB4C20-SegmentedRaftLogWorker: flushIndex: setUnconditionally 0 -> -1
2022-05-15 13:42:14,305 [pool-482-thread-1] INFO  segmented.SegmentedRaftLogWorker (SegmentedRaftLogWorker.java:lambda$new$0(133)) - 7ba9dbf1-2e7d-46da-8543-6f273c29c523@group-995EF8EB4C20-SegmentedRaftLogWorker: safeCacheEvictIndex: setUnconditionally 0 -> -1
2022-05-15 13:42:14,316 [pool-482-thread-1] INFO  server.RaftServerConfigKeys (ConfUtils.java:logGet(44)) - raft.server.snapshot.auto.trigger.enabled = true (custom)
2022-05-15 13:42:14,316 [pool-482-thread-1] INFO  server.RaftServerConfigKeys (ConfUtils.java:logGet(44)) - raft.server.snapshot.auto.trigger.threshold = 10000 (custom)
2022-05-15 13:42:14,316 [pool-482-thread-1] INFO  server.RaftServerConfigKeys (ConfUtils.java:logGet(44)) - raft.server.snapshot.retention.file.num = 5 (custom)
2022-05-15 13:42:14,316 [pool-482-thread-1] INFO  server.RaftServerConfigKeys (ConfUtils.java:logGet(44)) - raft.server.log.purge.upto.snapshot.index = false (default)
2022-05-15 13:42:14,316 [pool-482-thread-1] INFO  server.RaftServerConfigKeys (ConfUtils.java:logGet(44)) - raft.server.retrycache.expirytime = 600000ms (custom)
2022-05-15 13:42:14,317 [pool-482-thread-1] INFO  server.RaftServerConfigKeys (ConfUtils.java:logGet(44)) - raft.server.retrycache.statistics.expirytime = 100μs (default)
2022-05-15 13:42:14,318 [pool-482-thread-1] INFO  server.RaftServer$Division (RaftServerImpl.java:start(301)) - 7ba9dbf1-2e7d-46da-8543-6f273c29c523@group-995EF8EB4C20: start as a follower, conf=-1: [7ba9dbf1-2e7d-46da-8543-6f273c29c523|rpc:10.1.0.20:34001|dataStream:|priority:0, 96ca5511-bfe1-4197-a424-aeb838a33d2a|rpc:10.1.0.20:34347|dataStream:|priority:0, bb4037bd-da51-447a-80ce-84e82c128da1|rpc:10.1.0.20:33025|dataStream:|priority:1], old=null
2022-05-15 13:42:14,318 [pool-482-thread-1] INFO  server.RaftServer$Division (RaftServerImpl.java:setRole(290)) - 7ba9dbf1-2e7d-46da-8543-6f273c29c523@group-995EF8EB4C20: changes role from      null to FOLLOWER at term 0 for startAsFollower
2022-05-15 13:42:14,318 [pool-482-thread-1] INFO  impl.RoleInfo (RoleInfo.java:updateAndGet(130)) - 7ba9dbf1-2e7d-46da-8543-6f273c29c523: start 7ba9dbf1-2e7d-46da-8543-6f273c29c523@group-995EF8EB4C20-FollowerState
2022-05-15 13:42:14,322 [pool-482-thread-1] INFO  util.JmxRegister (JmxRegister.java:tryRegister(44)) - Successfully registered JMX Bean with object name Ratis:service=RaftServer,group=group-995EF8EB4C20,id=7ba9dbf1-2e7d-46da-8543-6f273c29c523
2022-05-15 13:42:14,374 [grpc-default-executor-0] INFO  server.RaftServer (RaftServerProxy.java:addNew(95)) - 96ca5511-bfe1-4197-a424-aeb838a33d2a: addNew group-995EF8EB4C20:[7ba9dbf1-2e7d-46da-8543-6f273c29c523|rpc:10.1.0.20:34001|dataStream:|priority:0, 96ca5511-bfe1-4197-a424-aeb838a33d2a|rpc:10.1.0.20:34347|dataStream:|priority:0, bb4037bd-da51-447a-80ce-84e82c128da1|rpc:10.1.0.20:33025|dataStream:|priority:1] returns group-995EF8EB4C20:java.util.concurrent.CompletableFuture@6019e4e8[Not completed]
2022-05-15 13:42:14,375 [pool-461-thread-1] INFO  server.RaftServer$Division (RaftServerImpl.java:<init>(184)) - 96ca5511-bfe1-4197-a424-aeb838a33d2a: new RaftServerImpl for group-995EF8EB4C20:[7ba9dbf1-2e7d-46da-8543-6f273c29c523|rpc:10.1.0.20:34001|dataStream:|priority:0, 96ca5511-bfe1-4197-a424-aeb838a33d2a|rpc:10.1.0.20:34347|dataStream:|priority:0, bb4037bd-da51-447a-80ce-84e82c128da1|rpc:10.1.0.20:33025|dataStream:|priority:1] with ContainerStateMachine:uninitialized
2022-05-15 13:42:14,375 [pool-461-thread-1] INFO  server.RaftServerConfigKeys (ConfUtils.java:logGet(44)) - raft.server.rpc.timeout.min = 5s (custom)
2022-05-15 13:42:14,375 [pool-461-thread-1] INFO  server.RaftServerConfigKeys (ConfUtils.java:logGet(44)) - raft.server.rpc.timeout.max = 5200ms (custom)
2022-05-15 13:42:14,375 [pool-461-thread-1] INFO  server.RaftServerConfigKeys (ConfUtils.java:logGet(44)) - raft.server.rpc.sleep.time = 25ms (default)
2022-05-15 13:42:14,375 [pool-461-thread-1] INFO  server.RaftServerConfigKeys (ConfUtils.java:logGet(44)) - raft.server.rpc.slowness.timeout = 300s (custom)
2022-05-15 13:42:14,375 [pool-461-thread-1] INFO  server.RaftServerConfigKeys (ConfUtils.java:logGet(44)) - raft.server.leaderelection.leader.step-down.wait-time = 10s (default)
2022-05-15 13:42:14,375 [pool-461-thread-1] INFO  server.RaftServerConfigKeys (ConfUtils.java:logGet(44)) - raft.server.sleep.deviation.threshold = 300ms (default)
2022-05-15 13:42:14,375 [pool-461-thread-1] INFO  server.RaftServerConfigKeys (ConfUtils.java:logGet(44)) - raft.server.log.appender.install.snapshot.enabled = false (custom)
2022-05-15 13:42:14,375 [pool-461-thread-1] INFO  server.RaftServer$Division (ServerState.java:<init>(105)) - 96ca5511-bfe1-4197-a424-aeb838a33d2a@group-995EF8EB4C20: ConfigurationManager, init=-1: [7ba9dbf1-2e7d-46da-8543-6f273c29c523|rpc:10.1.0.20:34001|dataStream:|priority:0, 96ca5511-bfe1-4197-a424-aeb838a33d2a|rpc:10.1.0.20:34347|dataStream:|priority:0, bb4037bd-da51-447a-80ce-84e82c128da1|rpc:10.1.0.20:33025|dataStream:|priority:1], old=null, confs=<EMPTY_MAP>
2022-05-15 13:42:14,376 [pool-461-thread-1] INFO  server.RaftServerConfigKeys (ConfUtils.java:logGet(44)) - raft.server.storage.dir = [/home/runner/work/ozone/ozone/hadoop-ozone/integration-test/target/test-dir/MiniOzoneClusterImpl-0719730d-bbb5-4727-bcaf-feedb78ac099/datanode-1/data/ratis] (custom)
2022-05-15 13:42:14,376 [pool-461-thread-1] INFO  server.RaftServerConfigKeys (ConfUtils.java:logGet(44)) - raft.server.log.corruption.policy = EXCEPTION (default)
2022-05-15 13:42:14,376 [pool-461-thread-1] INFO  server.RaftServerConfigKeys (ConfUtils.java:logGet(44)) - raft.server.storage.free-space.min = 0MB (=0) (default)
2022-05-15 13:42:14,376 [pool-461-thread-1] INFO  storage.RaftStorageDirectory (RaftStorageDirectoryImpl.java:analyzeStorage(135)) - The storage directory /home/runner/work/ozone/ozone/hadoop-ozone/integration-test/target/test-dir/MiniOzoneClusterImpl-0719730d-bbb5-4727-bcaf-feedb78ac099/datanode-1/data/ratis/ce86e5a4-abb6-4563-afe1-995ef8eb4c20 does not exist. Creating ...
2022-05-15 13:42:14,377 [pool-461-thread-1] INFO  storage.RaftStorageDirectory (RaftStorageDirectoryImpl.java:tryLock(230)) - Lock on /home/runner/work/ozone/ozone/hadoop-ozone/integration-test/target/test-dir/MiniOzoneClusterImpl-0719730d-bbb5-4727-bcaf-feedb78ac099/datanode-1/data/ratis/ce86e5a4-abb6-4563-afe1-995ef8eb4c20/in_use.lock acquired by nodename 19587@fv-az40-973
2022-05-15 13:42:14,378 [pool-461-thread-1] INFO  storage.RaftStorage (RaftStorageImpl.java:format(89)) - Storage directory /home/runner/work/ozone/ozone/hadoop-ozone/integration-test/target/test-dir/MiniOzoneClusterImpl-0719730d-bbb5-4727-bcaf-feedb78ac099/datanode-1/data/ratis/ce86e5a4-abb6-4563-afe1-995ef8eb4c20 has been successfully formatted.
2022-05-15 13:42:14,378 [pool-461-thread-1] INFO  ratis.ContainerStateMachine (ContainerStateMachine.java:loadSnapshot(236)) - group-995EF8EB4C20: The snapshot info is null. Setting the last applied indexto:(t:0, i:~)
2022-05-15 13:42:14,378 [pool-461-thread-1] INFO  server.RaftServerConfigKeys (ConfUtils.java:logGet(44)) - raft.server.notification.no-leader.timeout = 300s (custom)
2022-05-15 13:42:14,378 [pool-461-thread-1] INFO  server.RaftServerConfigKeys (ConfUtils.java:logGet(44)) - raft.server.log.use.memory = false (default)
2022-05-15 13:42:14,378 [pool-461-thread-1] INFO  server.RaftServerConfigKeys (ConfUtils.java:logGet(44)) - raft.server.log.purge.gap = 1000000 (custom)
2022-05-15 13:42:14,378 [pool-461-thread-1] INFO  server.RaftServerConfigKeys (ConfUtils.java:logGet(44)) - raft.server.log.appender.buffer.byte-limit = 33554432 (custom)
2022-05-15 13:42:14,379 [pool-461-thread-1] INFO  server.RaftServerConfigKeys (ConfUtils.java:logGet(44)) - raft.server.log.segment.size.max = 1048576 (custom)
2022-05-15 13:42:14,379 [pool-461-thread-1] INFO  server.RaftServerConfigKeys (ConfUtils.java:logGet(44)) - raft.server.log.segment.cache.num.max = 2 (custom)
2022-05-15 13:42:14,379 [pool-461-thread-1] INFO  server.RaftServerConfigKeys (ConfUtils.java:logGet(44)) - raft.server.log.segment.cache.size.max = 200MB (=209715200) (default)
2022-05-15 13:42:14,379 [pool-461-thread-1] INFO  segmented.SegmentedRaftLogWorker (SegmentedRaftLogWorker.java:<init>(182)) - new 96ca5511-bfe1-4197-a424-aeb838a33d2a@group-995EF8EB4C20-SegmentedRaftLogWorker for RaftStorageImpl:Storage Directory /home/runner/work/ozone/ozone/hadoop-ozone/integration-test/target/test-dir/MiniOzoneClusterImpl-0719730d-bbb5-4727-bcaf-feedb78ac099/datanode-1/data/ratis/ce86e5a4-abb6-4563-afe1-995ef8eb4c20
2022-05-15 13:42:14,379 [pool-461-thread-1] INFO  server.RaftServerConfigKeys (ConfUtils.java:logGet(44)) - raft.server.log.queue.byte-limit = 4294967296 (custom)
2022-05-15 13:42:14,379 [pool-461-thread-1] INFO  server.RaftServerConfigKeys (ConfUtils.java:logGet(44)) - raft.server.log.queue.element-limit = 1024 (custom)
2022-05-15 13:42:14,379 [pool-461-thread-1] INFO  server.RaftServerConfigKeys (ConfUtils.java:logGet(44)) - raft.server.log.segment.size.max = 1048576 (custom)
2022-05-15 13:42:14,379 [pool-461-thread-1] INFO  server.RaftServerConfigKeys (ConfUtils.java:logGet(44)) - raft.server.log.preallocated.size = 16384 (custom)
2022-05-15 13:42:14,379 [pool-461-thread-1] INFO  server.RaftServerConfigKeys (ConfUtils.java:logGet(44)) - raft.server.log.force.sync.num = 128 (default)
2022-05-15 13:42:14,379 [pool-461-thread-1] INFO  server.RaftServerConfigKeys (ConfUtils.java:logGet(44)) - raft.server.log.statemachine.data.sync = true (default)
2022-05-15 13:42:14,379 [pool-461-thread-1] INFO  server.RaftServerConfigKeys (ConfUtils.java:logGet(44)) - raft.server.log.statemachine.data.sync.timeout = 10s (default)
2022-05-15 13:42:14,379 [pool-461-thread-1] INFO  server.RaftServerConfigKeys (ConfUtils.java:logGet(44)) - raft.server.log.statemachine.data.sync.timeout.retry = -1 (default)
2022-05-15 13:42:14,380 [pool-461-thread-1] INFO  server.RaftServerConfigKeys (ConfUtils.java:logGet(44)) - raft.server.log.write.buffer.size = 1048576 (custom)
2022-05-15 13:42:14,381 [pool-461-thread-1] INFO  server.RaftServerConfigKeys (ConfUtils.java:logGet(44)) - raft.server.log.statemachine.data.caching.enabled = true (custom)
2022-05-15 13:42:14,381 [pool-461-thread-1] INFO  segmented.SegmentedRaftLogWorker (SegmentedRaftLogWorker.java:lambda$new$0(133)) - 96ca5511-bfe1-4197-a424-aeb838a33d2a@group-995EF8EB4C20-SegmentedRaftLogWorker: flushIndex: setUnconditionally 0 -> -1
2022-05-15 13:42:14,381 [pool-461-thread-1] INFO  segmented.SegmentedRaftLogWorker (SegmentedRaftLogWorker.java:lambda$new$0(133)) - 96ca5511-bfe1-4197-a424-aeb838a33d2a@group-995EF8EB4C20-SegmentedRaftLogWorker: safeCacheEvictIndex: setUnconditionally 0 -> -1
2022-05-15 13:42:14,402 [pool-461-thread-1] INFO  server.RaftServerConfigKeys (ConfUtils.java:logGet(44)) - raft.server.snapshot.auto.trigger.enabled = true (custom)
2022-05-15 13:42:14,402 [pool-461-thread-1] INFO  server.RaftServerConfigKeys (ConfUtils.java:logGet(44)) - raft.server.snapshot.auto.trigger.threshold = 10000 (custom)
2022-05-15 13:42:14,402 [pool-461-thread-1] INFO  server.RaftServerConfigKeys (ConfUtils.java:logGet(44)) - raft.server.snapshot.retention.file.num = 5 (custom)
2022-05-15 13:42:14,402 [pool-461-thread-1] INFO  server.RaftServerConfigKeys (ConfUtils.java:logGet(44)) - raft.server.log.purge.upto.snapshot.index = false (default)
2022-05-15 13:42:14,402 [pool-461-thread-1] INFO  server.RaftServerConfigKeys (ConfUtils.java:logGet(44)) - raft.server.retrycache.expirytime = 600000ms (custom)
2022-05-15 13:42:14,403 [pool-461-thread-1] INFO  server.RaftServerConfigKeys (ConfUtils.java:logGet(44)) - raft.server.retrycache.statistics.expirytime = 100μs (default)
2022-05-15 13:42:14,404 [pool-461-thread-1] INFO  server.RaftServer$Division (RaftServerImpl.java:start(301)) - 96ca5511-bfe1-4197-a424-aeb838a33d2a@group-995EF8EB4C20: start as a follower, conf=-1: [7ba9dbf1-2e7d-46da-8543-6f273c29c523|rpc:10.1.0.20:34001|dataStream:|priority:0, 96ca5511-bfe1-4197-a424-aeb838a33d2a|rpc:10.1.0.20:34347|dataStream:|priority:0, bb4037bd-da51-447a-80ce-84e82c128da1|rpc:10.1.0.20:33025|dataStream:|priority:1], old=null
2022-05-15 13:42:14,404 [pool-461-thread-1] INFO  server.RaftServer$Division (RaftServerImpl.java:setRole(290)) - 96ca5511-bfe1-4197-a424-aeb838a33d2a@group-995EF8EB4C20: changes role from      null to FOLLOWER at term 0 for startAsFollower
2022-05-15 13:42:14,404 [pool-461-thread-1] INFO  impl.RoleInfo (RoleInfo.java:updateAndGet(130)) - 96ca5511-bfe1-4197-a424-aeb838a33d2a: start 96ca5511-bfe1-4197-a424-aeb838a33d2a@group-995EF8EB4C20-FollowerState
2022-05-15 13:42:14,415 [pool-461-thread-1] INFO  util.JmxRegister (JmxRegister.java:tryRegister(44)) - Successfully registered JMX Bean with object name Ratis:service=RaftServer,group=group-995EF8EB4C20,id=96ca5511-bfe1-4197-a424-aeb838a33d2a
2022-05-15 13:42:14,450 [Command processor thread] INFO  commandhandler.CreatePipelineCommandHandler (CreatePipelineCommandHandler.java:handle(113)) - Created Pipeline RATIS THREE PipelineID=ce86e5a4-abb6-4563-afe1-995ef8eb4c20.
2022-05-15 13:42:14,457 [Command processor thread] INFO  server.RaftServer (RaftServerProxy.java:addNew(95)) - 96ca5511-bfe1-4197-a424-aeb838a33d2a: addNew group-7B34D900D28A:[96ca5511-bfe1-4197-a424-aeb838a33d2a|rpc:10.1.0.20:34347|priority:1] returns group-7B34D900D28A:java.util.concurrent.CompletableFuture@68d76b7f[Not completed]
2022-05-15 13:42:14,458 [pool-461-thread-1] INFO  server.RaftServer$Division (RaftServerImpl.java:<init>(184)) - 96ca5511-bfe1-4197-a424-aeb838a33d2a: new RaftServerImpl for group-7B34D900D28A:[96ca5511-bfe1-4197-a424-aeb838a33d2a|rpc:10.1.0.20:34347|priority:1] with ContainerStateMachine:uninitialized
2022-05-15 13:42:14,458 [pool-461-thread-1] INFO  server.RaftServerConfigKeys (ConfUtils.java:logGet(44)) - raft.server.rpc.timeout.min = 5s (custom)
2022-05-15 13:42:14,458 [pool-461-thread-1] INFO  server.RaftServerConfigKeys (ConfUtils.java:logGet(44)) - raft.server.rpc.timeout.max = 5200ms (custom)
2022-05-15 13:42:14,458 [pool-461-thread-1] INFO  server.RaftServerConfigKeys (ConfUtils.java:logGet(44)) - raft.server.rpc.sleep.time = 25ms (default)
2022-05-15 13:42:14,458 [pool-461-thread-1] INFO  server.RaftServerConfigKeys (ConfUtils.java:logGet(44)) - raft.server.rpc.slowness.timeout = 300s (custom)
2022-05-15 13:42:14,458 [pool-461-thread-1] INFO  server.RaftServerConfigKeys (ConfUtils.java:logGet(44)) - raft.server.leaderelection.leader.step-down.wait-time = 10s (default)
2022-05-15 13:42:14,458 [pool-461-thread-1] INFO  server.RaftServerConfigKeys (ConfUtils.java:logGet(44)) - raft.server.sleep.deviation.threshold = 300ms (default)
2022-05-15 13:42:14,458 [pool-461-thread-1] INFO  server.RaftServerConfigKeys (ConfUtils.java:logGet(44)) - raft.server.log.appender.install.snapshot.enabled = false (custom)
2022-05-15 13:42:14,458 [pool-461-thread-1] INFO  server.RaftServer$Division (ServerState.java:<init>(105)) - 96ca5511-bfe1-4197-a424-aeb838a33d2a@group-7B34D900D28A: ConfigurationManager, init=-1: [96ca5511-bfe1-4197-a424-aeb838a33d2a|rpc:10.1.0.20:34347|priority:1], old=null, confs=<EMPTY_MAP>
2022-05-15 13:42:14,458 [pool-461-thread-1] INFO  server.RaftServerConfigKeys (ConfUtils.java:logGet(44)) - raft.server.storage.dir = [/home/runner/work/ozone/ozone/hadoop-ozone/integration-test/target/test-dir/MiniOzoneClusterImpl-0719730d-bbb5-4727-bcaf-feedb78ac099/datanode-1/data/ratis] (custom)
2022-05-15 13:42:14,458 [pool-461-thread-1] INFO  server.RaftServerConfigKeys (ConfUtils.java:logGet(44)) - raft.server.log.corruption.policy = EXCEPTION (default)
2022-05-15 13:42:14,458 [pool-461-thread-1] INFO  server.RaftServerConfigKeys (ConfUtils.java:logGet(44)) - raft.server.storage.free-space.min = 0MB (=0) (default)
2022-05-15 13:42:14,458 [pool-461-thread-1] INFO  storage.RaftStorageDirectory (RaftStorageDirectoryImpl.java:analyzeStorage(135)) - The storage directory /home/runner/work/ozone/ozone/hadoop-ozone/integration-test/target/test-dir/MiniOzoneClusterImpl-0719730d-bbb5-4727-bcaf-feedb78ac099/datanode-1/data/ratis/29c28dcd-cf87-4f14-b105-7b34d900d28a does not exist. Creating ...
2022-05-15 13:42:14,460 [pool-461-thread-1] INFO  storage.RaftStorageDirectory (RaftStorageDirectoryImpl.java:tryLock(230)) - Lock on /home/runner/work/ozone/ozone/hadoop-ozone/integration-test/target/test-dir/MiniOzoneClusterImpl-0719730d-bbb5-4727-bcaf-feedb78ac099/datanode-1/data/ratis/29c28dcd-cf87-4f14-b105-7b34d900d28a/in_use.lock acquired by nodename 19587@fv-az40-973
2022-05-15 13:42:14,470 [pool-461-thread-1] INFO  storage.RaftStorage (RaftStorageImpl.java:format(89)) - Storage directory /home/runner/work/ozone/ozone/hadoop-ozone/integration-test/target/test-dir/MiniOzoneClusterImpl-0719730d-bbb5-4727-bcaf-feedb78ac099/datanode-1/data/ratis/29c28dcd-cf87-4f14-b105-7b34d900d28a has been successfully formatted.
2022-05-15 13:42:14,470 [pool-461-thread-1] INFO  ratis.ContainerStateMachine (ContainerStateMachine.java:loadSnapshot(236)) - group-7B34D900D28A: The snapshot info is null. Setting the last applied indexto:(t:0, i:~)
2022-05-15 13:42:14,471 [pool-461-thread-1] INFO  server.RaftServerConfigKeys (ConfUtils.java:logGet(44)) - raft.server.notification.no-leader.timeout = 300s (custom)
2022-05-15 13:42:14,471 [pool-461-thread-1] INFO  server.RaftServerConfigKeys (ConfUtils.java:logGet(44)) - raft.server.log.use.memory = false (default)
2022-05-15 13:42:14,471 [pool-461-thread-1] INFO  server.RaftServerConfigKeys (ConfUtils.java:logGet(44)) - raft.server.log.purge.gap = 1000000 (custom)
2022-05-15 13:42:14,471 [pool-461-thread-1] INFO  server.RaftServerConfigKeys (ConfUtils.java:logGet(44)) - raft.server.log.appender.buffer.byte-limit = 33554432 (custom)
2022-05-15 13:42:14,471 [pool-461-thread-1] INFO  server.RaftServerConfigKeys (ConfUtils.java:logGet(44)) - raft.server.log.segment.size.max = 1048576 (custom)
2022-05-15 13:42:14,471 [pool-461-thread-1] INFO  server.RaftServerConfigKeys (ConfUtils.java:logGet(44)) - raft.server.log.segment.cache.num.max = 2 (custom)
2022-05-15 13:42:14,471 [pool-461-thread-1] INFO  server.RaftServerConfigKeys (ConfUtils.java:logGet(44)) - raft.server.log.segment.cache.size.max = 200MB (=209715200) (default)
2022-05-15 13:42:14,471 [pool-461-thread-1] INFO  segmented.SegmentedRaftLogWorker (SegmentedRaftLogWorker.java:<init>(182)) - new 96ca5511-bfe1-4197-a424-aeb838a33d2a@group-7B34D900D28A-SegmentedRaftLogWorker for RaftStorageImpl:Storage Directory /home/runner/work/ozone/ozone/hadoop-ozone/integration-test/target/test-dir/MiniOzoneClusterImpl-0719730d-bbb5-4727-bcaf-feedb78ac099/datanode-1/data/ratis/29c28dcd-cf87-4f14-b105-7b34d900d28a
2022-05-15 13:42:14,471 [pool-461-thread-1] INFO  server.RaftServerConfigKeys (ConfUtils.java:logGet(44)) - raft.server.log.queue.byte-limit = 4294967296 (custom)
2022-05-15 13:42:14,471 [pool-461-thread-1] INFO  server.RaftServerConfigKeys (ConfUtils.java:logGet(44)) - raft.server.log.queue.element-limit = 1024 (custom)
2022-05-15 13:42:14,472 [pool-461-thread-1] INFO  server.RaftServerConfigKeys (ConfUtils.java:logGet(44)) - raft.server.log.segment.size.max = 1048576 (custom)
2022-05-15 13:42:14,472 [pool-461-thread-1] INFO  server.RaftServerConfigKeys (ConfUtils.java:logGet(44)) - raft.server.log.preallocated.size = 16384 (custom)
2022-05-15 13:42:14,472 [pool-461-thread-1] INFO  server.RaftServerConfigKeys (ConfUtils.java:logGet(44)) - raft.server.log.force.sync.num = 128 (default)
2022-05-15 13:42:14,472 [pool-461-thread-1] INFO  server.RaftServerConfigKeys (ConfUtils.java:logGet(44)) - raft.server.log.statemachine.data.sync = true (default)
2022-05-15 13:42:14,472 [pool-461-thread-1] INFO  server.RaftServerConfigKeys (ConfUtils.java:logGet(44)) - raft.server.log.statemachine.data.sync.timeout = 10s (default)
2022-05-15 13:42:14,472 [pool-461-thread-1] INFO  server.RaftServerConfigKeys (ConfUtils.java:logGet(44)) - raft.server.log.statemachine.data.sync.timeout.retry = -1 (default)
2022-05-15 13:42:14,472 [pool-461-thread-1] INFO  server.RaftServerConfigKeys (ConfUtils.java:logGet(44)) - raft.server.log.write.buffer.size = 1048576 (custom)
2022-05-15 13:42:14,473 [pool-461-thread-1] INFO  server.RaftServerConfigKeys (ConfUtils.java:logGet(44)) - raft.server.log.statemachine.data.caching.enabled = true (custom)
2022-05-15 13:42:14,473 [pool-461-thread-1] INFO  segmented.SegmentedRaftLogWorker (SegmentedRaftLogWorker.java:lambda$new$0(133)) - 96ca5511-bfe1-4197-a424-aeb838a33d2a@group-7B34D900D28A-SegmentedRaftLogWorker: flushIndex: setUnconditionally 0 -> -1
2022-05-15 13:42:14,473 [pool-461-thread-1] INFO  segmented.SegmentedRaftLogWorker (SegmentedRaftLogWorker.java:lambda$new$0(133)) - 96ca5511-bfe1-4197-a424-aeb838a33d2a@group-7B34D900D28A-SegmentedRaftLogWorker: safeCacheEvictIndex: setUnconditionally 0 -> -1
2022-05-15 13:42:14,489 [pool-461-thread-1] INFO  server.RaftServerConfigKeys (ConfUtils.java:logGet(44)) - raft.server.snapshot.auto.trigger.enabled = true (custom)
2022-05-15 13:42:14,489 [pool-461-thread-1] INFO  server.RaftServerConfigKeys (ConfUtils.java:logGet(44)) - raft.server.snapshot.auto.trigger.threshold = 10000 (custom)
2022-05-15 13:42:14,489 [pool-461-thread-1] INFO  server.RaftServerConfigKeys (ConfUtils.java:logGet(44)) - raft.server.snapshot.retention.file.num = 5 (custom)
2022-05-15 13:42:14,489 [pool-461-thread-1] INFO  server.RaftServerConfigKeys (ConfUtils.java:logGet(44)) - raft.server.log.purge.upto.snapshot.index = false (default)
2022-05-15 13:42:14,489 [pool-461-thread-1] INFO  server.RaftServerConfigKeys (ConfUtils.java:logGet(44)) - raft.server.retrycache.expirytime = 600000ms (custom)
2022-05-15 13:42:14,490 [pool-461-thread-1] INFO  server.RaftServerConfigKeys (ConfUtils.java:logGet(44)) - raft.server.retrycache.statistics.expirytime = 100μs (default)
2022-05-15 13:42:14,491 [pool-461-thread-1] INFO  server.RaftServer$Division (RaftServerImpl.java:start(301)) - 96ca5511-bfe1-4197-a424-aeb838a33d2a@group-7B34D900D28A: start as a follower, conf=-1: [96ca5511-bfe1-4197-a424-aeb838a33d2a|rpc:10.1.0.20:34347|priority:1], old=null
2022-05-15 13:42:14,491 [pool-461-thread-1] INFO  server.RaftServer$Division (RaftServerImpl.java:setRole(290)) - 96ca5511-bfe1-4197-a424-aeb838a33d2a@group-7B34D900D28A: changes role from      null to FOLLOWER at term 0 for startAsFollower
2022-05-15 13:42:14,491 [pool-461-thread-1] INFO  impl.RoleInfo (RoleInfo.java:updateAndGet(130)) - 96ca5511-bfe1-4197-a424-aeb838a33d2a: start 96ca5511-bfe1-4197-a424-aeb838a33d2a@group-7B34D900D28A-FollowerState
2022-05-15 13:42:14,494 [pool-461-thread-1] INFO  util.JmxRegister (JmxRegister.java:tryRegister(44)) - Successfully registered JMX Bean with object name Ratis:service=RaftServer,group=group-7B34D900D28A,id=96ca5511-bfe1-4197-a424-aeb838a33d2a
2022-05-15 13:42:14,515 [EventQueue-PipelineReportForPipelineReportHandler] INFO  pipeline.PipelineManagerImpl (PipelineManagerImpl.java:openPipeline(336)) - Pipeline Pipeline[ Id: 29c28dcd-cf87-4f14-b105-7b34d900d28a, Nodes: 96ca5511-bfe1-4197-a424-aeb838a33d2a{ip: 10.1.0.20, host: fv-az40-973.r1qzdtoifymehf5jtx2d0vwyfg.bx.internal.cloudapp.net, ports: [REPLICATION=44389, RATIS=34347, RATIS_ADMIN=34347, RATIS_SERVER=34347, STANDALONE=45285], networkLocation: /default-rack, certSerialId: null, persistedOpState: IN_SERVICE, persistedOpStateExpiryEpochSec: 0}, ReplicationConfig: RATIS/ONE, State:ALLOCATED, leaderId:96ca5511-bfe1-4197-a424-aeb838a33d2a, CreationTimestamp2022-05-15T13:42:11.474Z[Etc/UTC]] moved to OPEN state
2022-05-15 13:42:14,516 [EventQueue-OpenPipelineForHealthyPipelineSafeModeRule] INFO  safemode.SCMSafeModeManager (HealthyPipelineSafeModeRule.java:process(124)) - SCM in safe mode. Healthy pipelines reported count is 0, required healthy pipeline reported count is 1
2022-05-15 13:42:14,517 [Command processor thread] INFO  ratis.XceiverServerRatis (XceiverServerRatis.java:addGroup(765)) - Created group PipelineID=29c28dcd-cf87-4f14-b105-7b34d900d28a
2022-05-15 13:42:14,517 [Command processor thread] INFO  commandhandler.CreatePipelineCommandHandler (CreatePipelineCommandHandler.java:handle(113)) - Created Pipeline RATIS ONE PipelineID=29c28dcd-cf87-4f14-b105-7b34d900d28a.
2022-05-15 13:42:14,542 [Listener at 127.0.0.1/33073] INFO  ozone.MiniOzoneClusterImpl (MiniOzoneClusterImpl.java:lambda$waitForClusterToBeReady$0(221)) - Nodes are ready. Got 3 of 3 DN Heartbeats.
2022-05-15 13:42:14,542 [Listener at 127.0.0.1/33073] INFO  ozone.MiniOzoneClusterImpl (MiniOzoneClusterImpl.java:lambda$waitForClusterToBeReady$0(224)) - Waiting for cluster to exit safe mode
2022-05-15 13:42:14,542 [Listener at 127.0.0.1/33073] INFO  ozone.MiniOzoneClusterImpl (MiniOzoneClusterImpl.java:lambda$waitForClusterToBeReady$0(226)) - SCM became leader
2022-05-15 13:42:15,546 [Listener at 127.0.0.1/33073] INFO  ozone.MiniOzoneClusterImpl (MiniOzoneClusterImpl.java:lambda$waitForClusterToBeReady$0(221)) - Nodes are ready. Got 3 of 3 DN Heartbeats.
2022-05-15 13:42:15,547 [Listener at 127.0.0.1/33073] INFO  ozone.MiniOzoneClusterImpl (MiniOzoneClusterImpl.java:lambda$waitForClusterToBeReady$0(224)) - Waiting for cluster to exit safe mode
2022-05-15 13:42:15,547 [Listener at 127.0.0.1/33073] INFO  ozone.MiniOzoneClusterImpl (MiniOzoneClusterImpl.java:lambda$waitForClusterToBeReady$0(226)) - SCM became leader
2022-05-15 13:42:15,695 [Command processor thread] INFO  server.RaftServer (RaftServerProxy.java:addNew(95)) - 7ba9dbf1-2e7d-46da-8543-6f273c29c523: addNew group-6C8CEE63D6A4:[7ba9dbf1-2e7d-46da-8543-6f273c29c523|rpc:10.1.0.20:34001|priority:1] returns group-6C8CEE63D6A4:java.util.concurrent.CompletableFuture@197f5625[Not completed]
2022-05-15 13:42:15,696 [pool-482-thread-1] INFO  server.RaftServer$Division (RaftServerImpl.java:<init>(184)) - 7ba9dbf1-2e7d-46da-8543-6f273c29c523: new RaftServerImpl for group-6C8CEE63D6A4:[7ba9dbf1-2e7d-46da-8543-6f273c29c523|rpc:10.1.0.20:34001|priority:1] with ContainerStateMachine:uninitialized
2022-05-15 13:42:15,696 [pool-482-thread-1] INFO  server.RaftServerConfigKeys (ConfUtils.java:logGet(44)) - raft.server.rpc.timeout.min = 5s (custom)
2022-05-15 13:42:15,696 [pool-482-thread-1] INFO  server.RaftServerConfigKeys (ConfUtils.java:logGet(44)) - raft.server.rpc.timeout.max = 5200ms (custom)
2022-05-15 13:42:15,696 [pool-482-thread-1] INFO  server.RaftServerConfigKeys (ConfUtils.java:logGet(44)) - raft.server.rpc.sleep.time = 25ms (default)
2022-05-15 13:42:15,697 [pool-482-thread-1] INFO  server.RaftServerConfigKeys (ConfUtils.java:logGet(44)) - raft.server.rpc.slowness.timeout = 300s (custom)
2022-05-15 13:42:15,697 [pool-482-thread-1] INFO  server.RaftServerConfigKeys (ConfUtils.java:logGet(44)) - raft.server.leaderelection.leader.step-down.wait-time = 10s (default)
2022-05-15 13:42:15,697 [pool-482-thread-1] INFO  server.RaftServerConfigKeys (ConfUtils.java:logGet(44)) - raft.server.sleep.deviation.threshold = 300ms (default)
2022-05-15 13:42:15,697 [pool-482-thread-1] INFO  server.RaftServerConfigKeys (ConfUtils.java:logGet(44)) - raft.server.log.appender.install.snapshot.enabled = false (custom)
2022-05-15 13:42:15,697 [pool-482-thread-1] INFO  server.RaftServer$Division (ServerState.java:<init>(105)) - 7ba9dbf1-2e7d-46da-8543-6f273c29c523@group-6C8CEE63D6A4: ConfigurationManager, init=-1: [7ba9dbf1-2e7d-46da-8543-6f273c29c523|rpc:10.1.0.20:34001|priority:1], old=null, confs=<EMPTY_MAP>
2022-05-15 13:42:15,697 [pool-482-thread-1] INFO  server.RaftServerConfigKeys (ConfUtils.java:logGet(44)) - raft.server.storage.dir = [/home/runner/work/ozone/ozone/hadoop-ozone/integration-test/target/test-dir/MiniOzoneClusterImpl-0719730d-bbb5-4727-bcaf-feedb78ac099/datanode-2/data/ratis] (custom)
2022-05-15 13:42:15,697 [pool-482-thread-1] INFO  server.RaftServerConfigKeys (ConfUtils.java:logGet(44)) - raft.server.log.corruption.policy = EXCEPTION (default)
2022-05-15 13:42:15,697 [pool-482-thread-1] INFO  server.RaftServerConfigKeys (ConfUtils.java:logGet(44)) - raft.server.storage.free-space.min = 0MB (=0) (default)
2022-05-15 13:42:15,697 [pool-482-thread-1] INFO  storage.RaftStorageDirectory (RaftStorageDirectoryImpl.java:analyzeStorage(135)) - The storage directory /home/runner/work/ozone/ozone/hadoop-ozone/integration-test/target/test-dir/MiniOzoneClusterImpl-0719730d-bbb5-4727-bcaf-feedb78ac099/datanode-2/data/ratis/28d23577-ab7e-415d-9953-6c8cee63d6a4 does not exist. Creating ...
2022-05-15 13:42:15,702 [pool-482-thread-1] INFO  storage.RaftStorageDirectory (RaftStorageDirectoryImpl.java:tryLock(230)) - Lock on /home/runner/work/ozone/ozone/hadoop-ozone/integration-test/target/test-dir/MiniOzoneClusterImpl-0719730d-bbb5-4727-bcaf-feedb78ac099/datanode-2/data/ratis/28d23577-ab7e-415d-9953-6c8cee63d6a4/in_use.lock acquired by nodename 19587@fv-az40-973
2022-05-15 13:42:15,706 [pool-482-thread-1] INFO  storage.RaftStorage (RaftStorageImpl.java:format(89)) - Storage directory /home/runner/work/ozone/ozone/hadoop-ozone/integration-test/target/test-dir/MiniOzoneClusterImpl-0719730d-bbb5-4727-bcaf-feedb78ac099/datanode-2/data/ratis/28d23577-ab7e-415d-9953-6c8cee63d6a4 has been successfully formatted.
2022-05-15 13:42:15,707 [pool-482-thread-1] INFO  ratis.ContainerStateMachine (ContainerStateMachine.java:loadSnapshot(236)) - group-6C8CEE63D6A4: The snapshot info is null. Setting the last applied indexto:(t:0, i:~)
2022-05-15 13:42:15,707 [pool-482-thread-1] INFO  server.RaftServerConfigKeys (ConfUtils.java:logGet(44)) - raft.server.notification.no-leader.timeout = 300s (custom)
2022-05-15 13:42:15,707 [pool-482-thread-1] INFO  server.RaftServerConfigKeys (ConfUtils.java:logGet(44)) - raft.server.log.use.memory = false (default)
2022-05-15 13:42:15,707 [pool-482-thread-1] INFO  server.RaftServerConfigKeys (ConfUtils.java:logGet(44)) - raft.server.log.purge.gap = 1000000 (custom)
2022-05-15 13:42:15,707 [pool-482-thread-1] INFO  server.RaftServerConfigKeys (ConfUtils.java:logGet(44)) - raft.server.log.appender.buffer.byte-limit = 33554432 (custom)
2022-05-15 13:42:15,707 [pool-482-thread-1] INFO  server.RaftServerConfigKeys (ConfUtils.java:logGet(44)) - raft.server.log.segment.size.max = 1048576 (custom)
2022-05-15 13:42:15,707 [pool-482-thread-1] INFO  server.RaftServerConfigKeys (ConfUtils.java:logGet(44)) - raft.server.log.segment.cache.num.max = 2 (custom)
2022-05-15 13:42:15,707 [pool-482-thread-1] INFO  server.RaftServerConfigKeys (ConfUtils.java:logGet(44)) - raft.server.log.segment.cache.size.max = 200MB (=209715200) (default)
2022-05-15 13:42:15,707 [pool-482-thread-1] INFO  segmented.SegmentedRaftLogWorker (SegmentedRaftLogWorker.java:<init>(182)) - new 7ba9dbf1-2e7d-46da-8543-6f273c29c523@group-6C8CEE63D6A4-SegmentedRaftLogWorker for RaftStorageImpl:Storage Directory /home/runner/work/ozone/ozone/hadoop-ozone/integration-test/target/test-dir/MiniOzoneClusterImpl-0719730d-bbb5-4727-bcaf-feedb78ac099/datanode-2/data/ratis/28d23577-ab7e-415d-9953-6c8cee63d6a4
2022-05-15 13:42:15,707 [pool-482-thread-1] INFO  server.RaftServerConfigKeys (ConfUtils.java:logGet(44)) - raft.server.log.queue.byte-limit = 4294967296 (custom)
2022-05-15 13:42:15,707 [pool-482-thread-1] INFO  server.RaftServerConfigKeys (ConfUtils.java:logGet(44)) - raft.server.log.queue.element-limit = 1024 (custom)
2022-05-15 13:42:15,708 [pool-482-thread-1] INFO  server.RaftServerConfigKeys (ConfUtils.java:logGet(44)) - raft.server.log.segment.size.max = 1048576 (custom)
2022-05-15 13:42:15,708 [pool-482-thread-1] INFO  server.RaftServerConfigKeys (ConfUtils.java:logGet(44)) - raft.server.log.preallocated.size = 16384 (custom)
2022-05-15 13:42:15,709 [EventQueue-PipelineReportForPipelineReportHandler] INFO  pipeline.PipelineManagerImpl (PipelineManagerImpl.java:openPipeline(336)) - Pipeline Pipeline[ Id: 28d23577-ab7e-415d-9953-6c8cee63d6a4, Nodes: 7ba9dbf1-2e7d-46da-8543-6f273c29c523{ip: 10.1.0.20, host: fv-az40-973.r1qzdtoifymehf5jtx2d0vwyfg.bx.internal.cloudapp.net, ports: [REPLICATION=40653, RATIS=34001, RATIS_ADMIN=34001, RATIS_SERVER=34001, STANDALONE=34941], networkLocation: /default-rack, certSerialId: null, persistedOpState: IN_SERVICE, persistedOpStateExpiryEpochSec: 0}, ReplicationConfig: RATIS/ONE, State:ALLOCATED, leaderId:7ba9dbf1-2e7d-46da-8543-6f273c29c523, CreationTimestamp2022-05-15T13:42:12.769Z[Etc/UTC]] moved to OPEN state
2022-05-15 13:42:15,712 [EventQueue-OpenPipelineForHealthyPipelineSafeModeRule] INFO  safemode.SCMSafeModeManager (HealthyPipelineSafeModeRule.java:process(124)) - SCM in safe mode. Healthy pipelines reported count is 0, required healthy pipeline reported count is 1
2022-05-15 13:42:15,711 [pool-482-thread-1] INFO  server.RaftServerConfigKeys (ConfUtils.java:logGet(44)) - raft.server.log.force.sync.num = 128 (default)
2022-05-15 13:42:15,713 [pool-482-thread-1] INFO  server.RaftServerConfigKeys (ConfUtils.java:logGet(44)) - raft.server.log.statemachine.data.sync = true (default)
2022-05-15 13:42:15,713 [pool-482-thread-1] INFO  server.RaftServerConfigKeys (ConfUtils.java:logGet(44)) - raft.server.log.statemachine.data.sync.timeout = 10s (default)
2022-05-15 13:42:15,713 [pool-482-thread-1] INFO  server.RaftServerConfigKeys (ConfUtils.java:logGet(44)) - raft.server.log.statemachine.data.sync.timeout.retry = -1 (default)
2022-05-15 13:42:15,713 [pool-482-thread-1] INFO  server.RaftServerConfigKeys (ConfUtils.java:logGet(44)) - raft.server.log.write.buffer.size = 1048576 (custom)
2022-05-15 13:42:15,714 [pool-482-thread-1] INFO  server.RaftServerConfigKeys (ConfUtils.java:logGet(44)) - raft.server.log.statemachine.data.caching.enabled = true (custom)
2022-05-15 13:42:15,714 [pool-482-thread-1] INFO  segmented.SegmentedRaftLogWorker (SegmentedRaftLogWorker.java:lambda$new$0(133)) - 7ba9dbf1-2e7d-46da-8543-6f273c29c523@group-6C8CEE63D6A4-SegmentedRaftLogWorker: flushIndex: setUnconditionally 0 -> -1
2022-05-15 13:42:15,724 [pool-482-thread-1] INFO  segmented.SegmentedRaftLogWorker (SegmentedRaftLogWorker.java:lambda$new$0(133)) - 7ba9dbf1-2e7d-46da-8543-6f273c29c523@group-6C8CEE63D6A4-SegmentedRaftLogWorker: safeCacheEvictIndex: setUnconditionally 0 -> -1
2022-05-15 13:42:15,730 [pool-482-thread-1] INFO  server.RaftServerConfigKeys (ConfUtils.java:logGet(44)) - raft.server.snapshot.auto.trigger.enabled = true (custom)
2022-05-15 13:42:15,730 [pool-482-thread-1] INFO  server.RaftServerConfigKeys (ConfUtils.java:logGet(44)) - raft.server.snapshot.auto.trigger.threshold = 10000 (custom)
2022-05-15 13:42:15,730 [pool-482-thread-1] INFO  server.RaftServerConfigKeys (ConfUtils.java:logGet(44)) - raft.server.snapshot.retention.file.num = 5 (custom)
2022-05-15 13:42:15,730 [pool-482-thread-1] INFO  server.RaftServerConfigKeys (ConfUtils.java:logGet(44)) - raft.server.log.purge.upto.snapshot.index = false (default)
2022-05-15 13:42:15,731 [pool-482-thread-1] INFO  server.RaftServerConfigKeys (ConfUtils.java:logGet(44)) - raft.server.retrycache.expirytime = 600000ms (custom)
2022-05-15 13:42:15,731 [pool-482-thread-1] INFO  server.RaftServerConfigKeys (ConfUtils.java:logGet(44)) - raft.server.retrycache.statistics.expirytime = 100μs (default)
2022-05-15 13:42:15,732 [pool-482-thread-1] INFO  server.RaftServer$Division (RaftServerImpl.java:start(301)) - 7ba9dbf1-2e7d-46da-8543-6f273c29c523@group-6C8CEE63D6A4: start as a follower, conf=-1: [7ba9dbf1-2e7d-46da-8543-6f273c29c523|rpc:10.1.0.20:34001|priority:1], old=null
2022-05-15 13:42:15,732 [pool-482-thread-1] INFO  server.RaftServer$Division (RaftServerImpl.java:setRole(290)) - 7ba9dbf1-2e7d-46da-8543-6f273c29c523@group-6C8CEE63D6A4: changes role from      null to FOLLOWER at term 0 for startAsFollower
2022-05-15 13:42:15,732 [pool-482-thread-1] INFO  impl.RoleInfo (RoleInfo.java:updateAndGet(130)) - 7ba9dbf1-2e7d-46da-8543-6f273c29c523: start 7ba9dbf1-2e7d-46da-8543-6f273c29c523@group-6C8CEE63D6A4-FollowerState
2022-05-15 13:42:15,778 [pool-482-thread-1] INFO  util.JmxRegister (JmxRegister.java:tryRegister(44)) - Successfully registered JMX Bean with object name Ratis:service=RaftServer,group=group-6C8CEE63D6A4,id=7ba9dbf1-2e7d-46da-8543-6f273c29c523
2022-05-15 13:42:15,782 [Command processor thread] INFO  ratis.XceiverServerRatis (XceiverServerRatis.java:addGroup(765)) - Created group PipelineID=28d23577-ab7e-415d-9953-6c8cee63d6a4
2022-05-15 13:42:15,782 [Command processor thread] INFO  commandhandler.CreatePipelineCommandHandler (CreatePipelineCommandHandler.java:handle(113)) - Created Pipeline RATIS ONE PipelineID=28d23577-ab7e-415d-9953-6c8cee63d6a4.
2022-05-15 13:42:16,547 [Listener at 127.0.0.1/33073] INFO  ozone.MiniOzoneClusterImpl (MiniOzoneClusterImpl.java:lambda$waitForClusterToBeReady$0(221)) - Nodes are ready. Got 3 of 3 DN Heartbeats.
2022-05-15 13:42:16,547 [Listener at 127.0.0.1/33073] INFO  ozone.MiniOzoneClusterImpl (MiniOzoneClusterImpl.java:lambda$waitForClusterToBeReady$0(224)) - Waiting for cluster to exit safe mode
2022-05-15 13:42:16,547 [Listener at 127.0.0.1/33073] INFO  ozone.MiniOzoneClusterImpl (MiniOzoneClusterImpl.java:lambda$waitForClusterToBeReady$0(226)) - SCM became leader
2022-05-15 13:42:17,547 [Listener at 127.0.0.1/33073] INFO  ozone.MiniOzoneClusterImpl (MiniOzoneClusterImpl.java:lambda$waitForClusterToBeReady$0(221)) - Nodes are ready. Got 3 of 3 DN Heartbeats.
2022-05-15 13:42:17,548 [Listener at 127.0.0.1/33073] INFO  ozone.MiniOzoneClusterImpl (MiniOzoneClusterImpl.java:lambda$waitForClusterToBeReady$0(224)) - Waiting for cluster to exit safe mode
2022-05-15 13:42:17,548 [Listener at 127.0.0.1/33073] INFO  ozone.MiniOzoneClusterImpl (MiniOzoneClusterImpl.java:lambda$waitForClusterToBeReady$0(226)) - SCM became leader
2022-05-15 13:42:18,548 [Listener at 127.0.0.1/33073] INFO  ozone.MiniOzoneClusterImpl (MiniOzoneClusterImpl.java:lambda$waitForClusterToBeReady$0(221)) - Nodes are ready. Got 3 of 3 DN Heartbeats.
2022-05-15 13:42:18,548 [Listener at 127.0.0.1/33073] INFO  ozone.MiniOzoneClusterImpl (MiniOzoneClusterImpl.java:lambda$waitForClusterToBeReady$0(224)) - Waiting for cluster to exit safe mode
2022-05-15 13:42:18,548 [Listener at 127.0.0.1/33073] INFO  ozone.MiniOzoneClusterImpl (MiniOzoneClusterImpl.java:lambda$waitForClusterToBeReady$0(226)) - SCM became leader
2022-05-15 13:42:18,831 [bb4037bd-da51-447a-80ce-84e82c128da1@group-01CACFAA4AA8-FollowerState] INFO  impl.FollowerState (FollowerState.java:run(134)) - bb4037bd-da51-447a-80ce-84e82c128da1@group-01CACFAA4AA8-FollowerState: change to CANDIDATE, lastRpcElapsedTime:5072147641ns, electionTimeout:5057ms
2022-05-15 13:42:18,832 [bb4037bd-da51-447a-80ce-84e82c128da1@group-01CACFAA4AA8-FollowerState] INFO  impl.RoleInfo (RoleInfo.java:shutdownFollowerState(108)) - bb4037bd-da51-447a-80ce-84e82c128da1: shutdown bb4037bd-da51-447a-80ce-84e82c128da1@group-01CACFAA4AA8-FollowerState
2022-05-15 13:42:18,832 [bb4037bd-da51-447a-80ce-84e82c128da1@group-01CACFAA4AA8-FollowerState] INFO  server.RaftServer$Division (RaftServerImpl.java:setRole(290)) - bb4037bd-da51-447a-80ce-84e82c128da1@group-01CACFAA4AA8: changes role from  FOLLOWER to CANDIDATE at term 0 for changeToCandidate
2022-05-15 13:42:18,839 [bb4037bd-da51-447a-80ce-84e82c128da1@group-01CACFAA4AA8-FollowerState] INFO  server.RaftServerConfigKeys (ConfUtils.java:logGet(44)) - raft.server.leaderelection.pre-vote = false (custom)
2022-05-15 13:42:18,839 [bb4037bd-da51-447a-80ce-84e82c128da1@group-01CACFAA4AA8-FollowerState] INFO  impl.RoleInfo (RoleInfo.java:updateAndGet(130)) - bb4037bd-da51-447a-80ce-84e82c128da1: start bb4037bd-da51-447a-80ce-84e82c128da1@group-01CACFAA4AA8-LeaderElection54
2022-05-15 13:42:18,854 [bb4037bd-da51-447a-80ce-84e82c128da1@group-1AD4C5B4FF74-FollowerState] INFO  impl.FollowerState (FollowerState.java:run(134)) - bb4037bd-da51-447a-80ce-84e82c128da1@group-1AD4C5B4FF74-FollowerState: change to CANDIDATE, lastRpcElapsedTime:5194506131ns, electionTimeout:5154ms
2022-05-15 13:42:18,854 [bb4037bd-da51-447a-80ce-84e82c128da1@group-1AD4C5B4FF74-FollowerState] INFO  impl.RoleInfo (RoleInfo.java:shutdownFollowerState(108)) - bb4037bd-da51-447a-80ce-84e82c128da1: shutdown bb4037bd-da51-447a-80ce-84e82c128da1@group-1AD4C5B4FF74-FollowerState
2022-05-15 13:42:18,855 [bb4037bd-da51-447a-80ce-84e82c128da1@group-1AD4C5B4FF74-FollowerState] INFO  server.RaftServer$Division (RaftServerImpl.java:setRole(290)) - bb4037bd-da51-447a-80ce-84e82c128da1@group-1AD4C5B4FF74: changes role from  FOLLOWER to CANDIDATE at term 0 for changeToCandidate
2022-05-15 13:42:18,855 [bb4037bd-da51-447a-80ce-84e82c128da1@group-1AD4C5B4FF74-FollowerState] INFO  server.RaftServerConfigKeys (ConfUtils.java:logGet(44)) - raft.server.leaderelection.pre-vote = false (custom)
2022-05-15 13:42:18,855 [bb4037bd-da51-447a-80ce-84e82c128da1@group-1AD4C5B4FF74-FollowerState] INFO  impl.RoleInfo (RoleInfo.java:updateAndGet(130)) - bb4037bd-da51-447a-80ce-84e82c128da1: start bb4037bd-da51-447a-80ce-84e82c128da1@group-1AD4C5B4FF74-LeaderElection55
2022-05-15 13:42:18,858 [bb4037bd-da51-447a-80ce-84e82c128da1@group-01CACFAA4AA8-LeaderElection54] INFO  impl.LeaderElection (LeaderElection.java:askForVotes(306)) - bb4037bd-da51-447a-80ce-84e82c128da1@group-01CACFAA4AA8-LeaderElection54 ELECTION round 0: submit vote requests at term 1 for -1: [7ba9dbf1-2e7d-46da-8543-6f273c29c523|rpc:10.1.0.20:34001|priority:1, 96ca5511-bfe1-4197-a424-aeb838a33d2a|rpc:10.1.0.20:34347|priority:0, bb4037bd-da51-447a-80ce-84e82c128da1|rpc:10.1.0.20:33025|priority:0], old=null
2022-05-15 13:42:18,882 [bb4037bd-da51-447a-80ce-84e82c128da1@group-1AD4C5B4FF74-LeaderElection55] INFO  impl.LeaderElection (LeaderElection.java:askForVotes(306)) - bb4037bd-da51-447a-80ce-84e82c128da1@group-1AD4C5B4FF74-LeaderElection55 ELECTION round 0: submit vote requests at term 1 for -1: [bb4037bd-da51-447a-80ce-84e82c128da1|rpc:10.1.0.20:33025|priority:1], old=null
2022-05-15 13:42:18,882 [bb4037bd-da51-447a-80ce-84e82c128da1@group-1AD4C5B4FF74-LeaderElection55] INFO  impl.LeaderElection (LeaderElection.java:askForVotes(308)) - bb4037bd-da51-447a-80ce-84e82c128da1@group-1AD4C5B4FF74-LeaderElection55 ELECTION round 0: result PASSED (term=1)
2022-05-15 13:42:18,882 [bb4037bd-da51-447a-80ce-84e82c128da1@group-1AD4C5B4FF74-LeaderElection55] INFO  impl.RoleInfo (RoleInfo.java:shutdownLeaderElection(121)) - bb4037bd-da51-447a-80ce-84e82c128da1: shutdown bb4037bd-da51-447a-80ce-84e82c128da1@group-1AD4C5B4FF74-LeaderElection55
2022-05-15 13:42:18,882 [bb4037bd-da51-447a-80ce-84e82c128da1@group-1AD4C5B4FF74-LeaderElection55] INFO  server.RaftServer$Division (RaftServerImpl.java:setRole(290)) - bb4037bd-da51-447a-80ce-84e82c128da1@group-1AD4C5B4FF74: changes role from CANDIDATE to LEADER at term 1 for changeToLeader
2022-05-15 13:42:18,882 [bb4037bd-da51-447a-80ce-84e82c128da1@group-1AD4C5B4FF74-LeaderElection55] INFO  ratis.XceiverServerRatis (XceiverServerRatis.java:handleLeaderChangedNotification(863)) - Leader change notification received for group: group-1AD4C5B4FF74 with new leaderId: bb4037bd-da51-447a-80ce-84e82c128da1
2022-05-15 13:42:18,882 [bb4037bd-da51-447a-80ce-84e82c128da1@group-1AD4C5B4FF74-LeaderElection55] INFO  server.RaftServer$Division (ServerState.java:setLeader(285)) - bb4037bd-da51-447a-80ce-84e82c128da1@group-1AD4C5B4FF74: change Leader from null to bb4037bd-da51-447a-80ce-84e82c128da1 at term 1 for becomeLeader, leader elected after 5243ms
2022-05-15 13:42:18,882 [bb4037bd-da51-447a-80ce-84e82c128da1@group-1AD4C5B4FF74-LeaderElection55] INFO  server.RaftServerConfigKeys (ConfUtils.java:logGet(44)) - raft.server.staging.catchup.gap = 1000 (default)
2022-05-15 13:42:18,883 [bb4037bd-da51-447a-80ce-84e82c128da1@group-1AD4C5B4FF74-LeaderElection55] INFO  server.RaftServerConfigKeys (ConfUtils.java:logGet(44)) - raft.server.write.element-limit = 1024 (custom)
2022-05-15 13:42:18,883 [bb4037bd-da51-447a-80ce-84e82c128da1@group-1AD4C5B4FF74-LeaderElection55] INFO  server.RaftServerConfigKeys (ConfUtils.java:logGet(44)) - raft.server.write.byte-limit = 1024 M (=1073741824) (custom)
2022-05-15 13:42:18,883 [bb4037bd-da51-447a-80ce-84e82c128da1@group-1AD4C5B4FF74-LeaderElection55] INFO  server.RaftServerConfigKeys (ConfUtils.java:logGet(44)) - raft.server.watch.timeout = 180s (custom)
2022-05-15 13:42:18,883 [bb4037bd-da51-447a-80ce-84e82c128da1@group-1AD4C5B4FF74-LeaderElection55] INFO  server.RaftServerConfigKeys (ConfUtils.java:logGet(44)) - raft.server.watch.timeout.denomination = 1s (default)
2022-05-15 13:42:18,883 [bb4037bd-da51-447a-80ce-84e82c128da1@group-1AD4C5B4FF74-LeaderElection55] INFO  server.RaftServerConfigKeys (ConfUtils.java:logGet(44)) - raft.server.watch.element-limit = 65536 (default)
2022-05-15 13:42:18,883 [bb4037bd-da51-447a-80ce-84e82c128da1@group-1AD4C5B4FF74-LeaderElection55] INFO  server.RaftServerConfigKeys (ConfUtils.java:logGet(44)) - raft.server.write.element-limit = 1024 (custom)
2022-05-15 13:42:18,883 [bb4037bd-da51-447a-80ce-84e82c128da1@group-1AD4C5B4FF74-LeaderElection55] INFO  server.RaftServerConfigKeys (ConfUtils.java:logGet(44)) - raft.server.write.follower.gap.ratio.max = -1.0 (default)
2022-05-15 13:42:18,883 [bb4037bd-da51-447a-80ce-84e82c128da1@group-1AD4C5B4FF74-LeaderElection55] INFO  impl.RoleInfo (RoleInfo.java:updateAndGet(130)) - bb4037bd-da51-447a-80ce-84e82c128da1: start bb4037bd-da51-447a-80ce-84e82c128da1@group-1AD4C5B4FF74-LeaderStateImpl
2022-05-15 13:42:18,883 [bb4037bd-da51-447a-80ce-84e82c128da1@group-1AD4C5B4FF74-LeaderElection55] INFO  segmented.SegmentedRaftLogWorker (SegmentedRaftLogWorker.java:startLogSegment(394)) - bb4037bd-da51-447a-80ce-84e82c128da1@group-1AD4C5B4FF74-SegmentedRaftLogWorker: Starting segment from index:0
2022-05-15 13:42:18,885 [bb4037bd-da51-447a-80ce-84e82c128da1@group-1AD4C5B4FF74-SegmentedRaftLogWorker] INFO  segmented.SegmentedRaftLogWorker (SegmentedRaftLogWorker.java:execute(601)) - bb4037bd-da51-447a-80ce-84e82c128da1@group-1AD4C5B4FF74-SegmentedRaftLogWorker: created new log segment /home/runner/work/ozone/ozone/hadoop-ozone/integration-test/target/test-dir/MiniOzoneClusterImpl-0719730d-bbb5-4727-bcaf-feedb78ac099/datanode-0/data/ratis/843b8817-d7bf-4e23-96c8-1ad4c5b4ff74/current/log_inprogress_0
2022-05-15 13:42:18,888 [EventQueue-OpenPipelineForHealthyPipelineSafeModeRule] INFO  safemode.SCMSafeModeManager (HealthyPipelineSafeModeRule.java:process(124)) - SCM in safe mode. Healthy pipelines reported count is 0, required healthy pipeline reported count is 1
2022-05-15 13:42:18,899 [bb4037bd-da51-447a-80ce-84e82c128da1@group-1AD4C5B4FF74-LeaderElection55] INFO  server.RaftServer$Division (ServerState.java:setRaftConf(387)) - bb4037bd-da51-447a-80ce-84e82c128da1@group-1AD4C5B4FF74: set configuration 0: [bb4037bd-da51-447a-80ce-84e82c128da1|rpc:10.1.0.20:33025|dataStream:|priority:1], old=null
2022-05-15 13:42:18,939 [grpc-default-executor-0] INFO  server.RaftServer$Division (RaftServerImpl.java:requestVote(1046)) - 7ba9dbf1-2e7d-46da-8543-6f273c29c523@group-01CACFAA4AA8: receive requestVote(ELECTION, bb4037bd-da51-447a-80ce-84e82c128da1, group-01CACFAA4AA8, 1, (t:0, i:0))
2022-05-15 13:42:18,939 [grpc-default-executor-0] INFO  impl.VoteContext (VoteContext.java:log(48)) - 7ba9dbf1-2e7d-46da-8543-6f273c29c523@group-01CACFAA4AA8-FOLLOWER: reject ELECTION from bb4037bd-da51-447a-80ce-84e82c128da1: our priority 1 > candidate's priority 0
2022-05-15 13:42:18,939 [grpc-default-executor-0] INFO  server.RaftServer$Division (RaftServerImpl.java:setRole(290)) - 7ba9dbf1-2e7d-46da-8543-6f273c29c523@group-01CACFAA4AA8: changes role from  FOLLOWER to FOLLOWER at term 1 for candidate:bb4037bd-da51-447a-80ce-84e82c128da1
2022-05-15 13:42:18,939 [grpc-default-executor-0] INFO  impl.RoleInfo (RoleInfo.java:shutdownFollowerState(108)) - 7ba9dbf1-2e7d-46da-8543-6f273c29c523: shutdown 7ba9dbf1-2e7d-46da-8543-6f273c29c523@group-01CACFAA4AA8-FollowerState
2022-05-15 13:42:18,939 [grpc-default-executor-0] INFO  impl.RoleInfo (RoleInfo.java:updateAndGet(130)) - 7ba9dbf1-2e7d-46da-8543-6f273c29c523: start 7ba9dbf1-2e7d-46da-8543-6f273c29c523@group-01CACFAA4AA8-FollowerState
2022-05-15 13:42:18,939 [7ba9dbf1-2e7d-46da-8543-6f273c29c523@group-01CACFAA4AA8-FollowerState] INFO  impl.FollowerState (FollowerState.java:run(143)) - 7ba9dbf1-2e7d-46da-8543-6f273c29c523@group-01CACFAA4AA8-FollowerState was interrupted: {}
java.lang.InterruptedException: sleep interrupted
	at java.lang.Thread.sleep(Native Method)
	at java.lang.Thread.sleep(Thread.java:342)
	at java.util.concurrent.TimeUnit.sleep(TimeUnit.java:386)
	at org.apache.ratis.util.TimeDuration.sleep(TimeDuration.java:324)
	at org.apache.ratis.util.TimeDuration.sleep(TimeDuration.java:309)
	at org.apache.ratis.server.impl.FollowerState.run(FollowerState.java:118)
2022-05-15 13:42:18,949 [grpc-default-executor-0] INFO  server.RaftServer$Division (RaftServerImpl.java:requestVote(1078)) - 7ba9dbf1-2e7d-46da-8543-6f273c29c523@group-01CACFAA4AA8 replies to ELECTION vote request: bb4037bd-da51-447a-80ce-84e82c128da1<-7ba9dbf1-2e7d-46da-8543-6f273c29c523#0:FAIL-t1. Peer's state: 7ba9dbf1-2e7d-46da-8543-6f273c29c523@group-01CACFAA4AA8:t1, leader=null, voted=null, raftlog=7ba9dbf1-2e7d-46da-8543-6f273c29c523@group-01CACFAA4AA8-SegmentedRaftLog:OPENED:c-1, conf=-1: [7ba9dbf1-2e7d-46da-8543-6f273c29c523|rpc:10.1.0.20:34001|dataStream:|priority:1, 96ca5511-bfe1-4197-a424-aeb838a33d2a|rpc:10.1.0.20:34347|dataStream:|priority:0, bb4037bd-da51-447a-80ce-84e82c128da1|rpc:10.1.0.20:33025|dataStream:|priority:0], old=null
2022-05-15 13:42:18,961 [bb4037bd-da51-447a-80ce-84e82c128da1@group-01CACFAA4AA8-LeaderElection54] INFO  impl.LeaderElection (LeaderElection.java:logAndReturn(89)) - bb4037bd-da51-447a-80ce-84e82c128da1@group-01CACFAA4AA8-LeaderElection54: ELECTION REJECTED received 1 response(s) and 0 exception(s):
2022-05-15 13:42:18,961 [bb4037bd-da51-447a-80ce-84e82c128da1@group-01CACFAA4AA8-LeaderElection54] INFO  impl.LeaderElection (LeaderElection.java:logAndReturn(93)) -   Response 0: bb4037bd-da51-447a-80ce-84e82c128da1<-7ba9dbf1-2e7d-46da-8543-6f273c29c523#0:FAIL-t1
2022-05-15 13:42:18,961 [bb4037bd-da51-447a-80ce-84e82c128da1@group-01CACFAA4AA8-LeaderElection54] INFO  impl.LeaderElection (LeaderElection.java:askForVotes(308)) - bb4037bd-da51-447a-80ce-84e82c128da1@group-01CACFAA4AA8-LeaderElection54 ELECTION round 0: result REJECTED
2022-05-15 13:42:18,961 [bb4037bd-da51-447a-80ce-84e82c128da1@group-01CACFAA4AA8-LeaderElection54] INFO  server.RaftServer$Division (RaftServerImpl.java:setRole(290)) - bb4037bd-da51-447a-80ce-84e82c128da1@group-01CACFAA4AA8: changes role from CANDIDATE to FOLLOWER at term 1 for REJECTED
2022-05-15 13:42:18,961 [bb4037bd-da51-447a-80ce-84e82c128da1@group-01CACFAA4AA8-LeaderElection54] INFO  impl.RoleInfo (RoleInfo.java:shutdownLeaderElection(121)) - bb4037bd-da51-447a-80ce-84e82c128da1: shutdown bb4037bd-da51-447a-80ce-84e82c128da1@group-01CACFAA4AA8-LeaderElection54
2022-05-15 13:42:18,961 [bb4037bd-da51-447a-80ce-84e82c128da1@group-01CACFAA4AA8-LeaderElection54] INFO  impl.RoleInfo (RoleInfo.java:updateAndGet(130)) - bb4037bd-da51-447a-80ce-84e82c128da1: start bb4037bd-da51-447a-80ce-84e82c128da1@group-01CACFAA4AA8-FollowerState
2022-05-15 13:42:18,963 [grpc-default-executor-1] INFO  server.RaftServer$Division (RaftServerImpl.java:requestVote(1046)) - 96ca5511-bfe1-4197-a424-aeb838a33d2a@group-01CACFAA4AA8: receive requestVote(ELECTION, bb4037bd-da51-447a-80ce-84e82c128da1, group-01CACFAA4AA8, 1, (t:0, i:0))
2022-05-15 13:42:18,963 [grpc-default-executor-1] INFO  impl.VoteContext (VoteContext.java:log(48)) - 96ca5511-bfe1-4197-a424-aeb838a33d2a@group-01CACFAA4AA8-FOLLOWER: accept ELECTION from bb4037bd-da51-447a-80ce-84e82c128da1: our priority 0 <= candidate's priority 0
2022-05-15 13:42:18,963 [grpc-default-executor-1] INFO  server.RaftServer$Division (RaftServerImpl.java:setRole(290)) - 96ca5511-bfe1-4197-a424-aeb838a33d2a@group-01CACFAA4AA8: changes role from  FOLLOWER to FOLLOWER at term 1 for candidate:bb4037bd-da51-447a-80ce-84e82c128da1
2022-05-15 13:42:18,963 [grpc-default-executor-1] INFO  impl.RoleInfo (RoleInfo.java:shutdownFollowerState(108)) - 96ca5511-bfe1-4197-a424-aeb838a33d2a: shutdown 96ca5511-bfe1-4197-a424-aeb838a33d2a@group-01CACFAA4AA8-FollowerState
2022-05-15 13:42:18,964 [96ca5511-bfe1-4197-a424-aeb838a33d2a@group-01CACFAA4AA8-FollowerState] INFO  impl.FollowerState (FollowerState.java:run(143)) - 96ca5511-bfe1-4197-a424-aeb838a33d2a@group-01CACFAA4AA8-FollowerState was interrupted: {}
java.lang.InterruptedException: sleep interrupted
	at java.lang.Thread.sleep(Native Method)
	at java.lang.Thread.sleep(Thread.java:342)
	at java.util.concurrent.TimeUnit.sleep(TimeUnit.java:386)
	at org.apache.ratis.util.TimeDuration.sleep(TimeDuration.java:324)
	at org.apache.ratis.util.TimeDuration.sleep(TimeDuration.java:309)
	at org.apache.ratis.server.impl.FollowerState.run(FollowerState.java:118)
2022-05-15 13:42:18,964 [grpc-default-executor-1] INFO  impl.RoleInfo (RoleInfo.java:updateAndGet(130)) - 96ca5511-bfe1-4197-a424-aeb838a33d2a: start 96ca5511-bfe1-4197-a424-aeb838a33d2a@group-01CACFAA4AA8-FollowerState
2022-05-15 13:42:18,975 [grpc-default-executor-1] INFO  server.RaftServer$Division (RaftServerImpl.java:requestVote(1078)) - 96ca5511-bfe1-4197-a424-aeb838a33d2a@group-01CACFAA4AA8 replies to ELECTION vote request: bb4037bd-da51-447a-80ce-84e82c128da1<-96ca5511-bfe1-4197-a424-aeb838a33d2a#0:OK-t1. Peer's state: 96ca5511-bfe1-4197-a424-aeb838a33d2a@group-01CACFAA4AA8:t1, leader=null, voted=bb4037bd-da51-447a-80ce-84e82c128da1, raftlog=96ca5511-bfe1-4197-a424-aeb838a33d2a@group-01CACFAA4AA8-SegmentedRaftLog:OPENED:c-1, conf=-1: [7ba9dbf1-2e7d-46da-8543-6f273c29c523|rpc:10.1.0.20:34001|dataStream:|priority:1, 96ca5511-bfe1-4197-a424-aeb838a33d2a|rpc:10.1.0.20:34347|dataStream:|priority:0, bb4037bd-da51-447a-80ce-84e82c128da1|rpc:10.1.0.20:33025|dataStream:|priority:0], old=null
2022-05-15 13:42:19,358 [bb4037bd-da51-447a-80ce-84e82c128da1@group-995EF8EB4C20-FollowerState] INFO  impl.FollowerState (FollowerState.java:run(134)) - bb4037bd-da51-447a-80ce-84e82c128da1@group-995EF8EB4C20-FollowerState: change to CANDIDATE, lastRpcElapsedTime:5124164815ns, electionTimeout:5119ms
2022-05-15 13:42:19,358 [bb4037bd-da51-447a-80ce-84e82c128da1@group-995EF8EB4C20-FollowerState] INFO  impl.RoleInfo (RoleInfo.java:shutdownFollowerState(108)) - bb4037bd-da51-447a-80ce-84e82c128da1: shutdown bb4037bd-da51-447a-80ce-84e82c128da1@group-995EF8EB4C20-FollowerState
2022-05-15 13:42:19,358 [bb4037bd-da51-447a-80ce-84e82c128da1@group-995EF8EB4C20-FollowerState] INFO  server.RaftServer$Division (RaftServerImpl.java:setRole(290)) - bb4037bd-da51-447a-80ce-84e82c128da1@group-995EF8EB4C20: changes role from  FOLLOWER to CANDIDATE at term 0 for changeToCandidate
2022-05-15 13:42:19,358 [bb4037bd-da51-447a-80ce-84e82c128da1@group-995EF8EB4C20-FollowerState] INFO  server.RaftServerConfigKeys (ConfUtils.java:logGet(44)) - raft.server.leaderelection.pre-vote = false (custom)
2022-05-15 13:42:19,358 [bb4037bd-da51-447a-80ce-84e82c128da1@group-995EF8EB4C20-FollowerState] INFO  impl.RoleInfo (RoleInfo.java:updateAndGet(130)) - bb4037bd-da51-447a-80ce-84e82c128da1: start bb4037bd-da51-447a-80ce-84e82c128da1@group-995EF8EB4C20-LeaderElection56
2022-05-15 13:42:19,396 [bb4037bd-da51-447a-80ce-84e82c128da1@group-995EF8EB4C20-LeaderElection56] INFO  impl.LeaderElection (LeaderElection.java:askForVotes(306)) - bb4037bd-da51-447a-80ce-84e82c128da1@group-995EF8EB4C20-LeaderElection56 ELECTION round 0: submit vote requests at term 1 for -1: [7ba9dbf1-2e7d-46da-8543-6f273c29c523|rpc:10.1.0.20:34001|priority:0, 96ca5511-bfe1-4197-a424-aeb838a33d2a|rpc:10.1.0.20:34347|priority:0, bb4037bd-da51-447a-80ce-84e82c128da1|rpc:10.1.0.20:33025|priority:1], old=null
2022-05-15 13:42:19,450 [grpc-default-executor-1] INFO  server.RaftServer$Division (RaftServerImpl.java:requestVote(1046)) - 7ba9dbf1-2e7d-46da-8543-6f273c29c523@group-995EF8EB4C20: receive requestVote(ELECTION, bb4037bd-da51-447a-80ce-84e82c128da1, group-995EF8EB4C20, 1, (t:0, i:0))
2022-05-15 13:42:19,451 [grpc-default-executor-1] INFO  impl.VoteContext (VoteContext.java:log(48)) - 7ba9dbf1-2e7d-46da-8543-6f273c29c523@group-995EF8EB4C20-FOLLOWER: accept ELECTION from bb4037bd-da51-447a-80ce-84e82c128da1: our priority 0 <= candidate's priority 1
2022-05-15 13:42:19,451 [grpc-default-executor-1] INFO  server.RaftServer$Division (RaftServerImpl.java:setRole(290)) - 7ba9dbf1-2e7d-46da-8543-6f273c29c523@group-995EF8EB4C20: changes role from  FOLLOWER to FOLLOWER at term 1 for candidate:bb4037bd-da51-447a-80ce-84e82c128da1
2022-05-15 13:42:19,451 [grpc-default-executor-1] INFO  impl.RoleInfo (RoleInfo.java:shutdownFollowerState(108)) - 7ba9dbf1-2e7d-46da-8543-6f273c29c523: shutdown 7ba9dbf1-2e7d-46da-8543-6f273c29c523@group-995EF8EB4C20-FollowerState
2022-05-15 13:42:19,451 [grpc-default-executor-1] INFO  impl.RoleInfo (RoleInfo.java:updateAndGet(130)) - 7ba9dbf1-2e7d-46da-8543-6f273c29c523: start 7ba9dbf1-2e7d-46da-8543-6f273c29c523@group-995EF8EB4C20-FollowerState
2022-05-15 13:42:19,452 [7ba9dbf1-2e7d-46da-8543-6f273c29c523@group-995EF8EB4C20-FollowerState] INFO  impl.FollowerState (FollowerState.java:run(143)) - 7ba9dbf1-2e7d-46da-8543-6f273c29c523@group-995EF8EB4C20-FollowerState was interrupted: {}
java.lang.InterruptedException: sleep interrupted
	at java.lang.Thread.sleep(Native Method)
	at java.lang.Thread.sleep(Thread.java:342)
	at java.util.concurrent.TimeUnit.sleep(TimeUnit.java:386)
	at org.apache.ratis.util.TimeDuration.sleep(TimeDuration.java:324)
	at org.apache.ratis.util.TimeDuration.sleep(TimeDuration.java:309)
	at org.apache.ratis.server.impl.FollowerState.run(FollowerState.java:118)
2022-05-15 13:42:19,462 [grpc-default-executor-1] INFO  server.RaftServer$Division (RaftServerImpl.java:requestVote(1078)) - 7ba9dbf1-2e7d-46da-8543-6f273c29c523@group-995EF8EB4C20 replies to ELECTION vote request: bb4037bd-da51-447a-80ce-84e82c128da1<-7ba9dbf1-2e7d-46da-8543-6f273c29c523#0:OK-t1. Peer's state: 7ba9dbf1-2e7d-46da-8543-6f273c29c523@group-995EF8EB4C20:t1, leader=null, voted=bb4037bd-da51-447a-80ce-84e82c128da1, raftlog=7ba9dbf1-2e7d-46da-8543-6f273c29c523@group-995EF8EB4C20-SegmentedRaftLog:OPENED:c-1, conf=-1: [7ba9dbf1-2e7d-46da-8543-6f273c29c523|rpc:10.1.0.20:34001|dataStream:|priority:0, 96ca5511-bfe1-4197-a424-aeb838a33d2a|rpc:10.1.0.20:34347|dataStream:|priority:0, bb4037bd-da51-447a-80ce-84e82c128da1|rpc:10.1.0.20:33025|dataStream:|priority:1], old=null
2022-05-15 13:42:19,463 [bb4037bd-da51-447a-80ce-84e82c128da1@group-995EF8EB4C20-LeaderElection56] INFO  impl.LeaderElection (LeaderElection.java:logAndReturn(89)) - bb4037bd-da51-447a-80ce-84e82c128da1@group-995EF8EB4C20-LeaderElection56: ELECTION PASSED received 1 response(s) and 0 exception(s):
2022-05-15 13:42:19,463 [bb4037bd-da51-447a-80ce-84e82c128da1@group-995EF8EB4C20-LeaderElection56] INFO  impl.LeaderElection (LeaderElection.java:logAndReturn(93)) -   Response 0: bb4037bd-da51-447a-80ce-84e82c128da1<-7ba9dbf1-2e7d-46da-8543-6f273c29c523#0:OK-t1
2022-05-15 13:42:19,463 [bb4037bd-da51-447a-80ce-84e82c128da1@group-995EF8EB4C20-LeaderElection56] INFO  impl.LeaderElection (LeaderElection.java:askForVotes(308)) - bb4037bd-da51-447a-80ce-84e82c128da1@group-995EF8EB4C20-LeaderElection56 ELECTION round 0: result PASSED
2022-05-15 13:42:19,463 [bb4037bd-da51-447a-80ce-84e82c128da1@group-995EF8EB4C20-LeaderElection56] INFO  impl.RoleInfo (RoleInfo.java:shutdownLeaderElection(121)) - bb4037bd-da51-447a-80ce-84e82c128da1: shutdown bb4037bd-da51-447a-80ce-84e82c128da1@group-995EF8EB4C20-LeaderElection56
2022-05-15 13:42:19,463 [bb4037bd-da51-447a-80ce-84e82c128da1@group-995EF8EB4C20-LeaderElection56] INFO  server.RaftServer$Division (RaftServerImpl.java:setRole(290)) - bb4037bd-da51-447a-80ce-84e82c128da1@group-995EF8EB4C20: changes role from CANDIDATE to LEADER at term 1 for changeToLeader
2022-05-15 13:42:19,463 [bb4037bd-da51-447a-80ce-84e82c128da1@group-995EF8EB4C20-LeaderElection56] INFO  ratis.XceiverServerRatis (XceiverServerRatis.java:handleLeaderChangedNotification(863)) - Leader change notification received for group: group-995EF8EB4C20 with new leaderId: bb4037bd-da51-447a-80ce-84e82c128da1
2022-05-15 13:42:19,463 [bb4037bd-da51-447a-80ce-84e82c128da1@group-995EF8EB4C20-LeaderElection56] INFO  server.RaftServer$Division (ServerState.java:setLeader(285)) - bb4037bd-da51-447a-80ce-84e82c128da1@group-995EF8EB4C20: change Leader from null to bb4037bd-da51-447a-80ce-84e82c128da1 at term 1 for becomeLeader, leader elected after 5254ms
2022-05-15 13:42:19,463 [bb4037bd-da51-447a-80ce-84e82c128da1@group-995EF8EB4C20-LeaderElection56] INFO  server.RaftServerConfigKeys (ConfUtils.java:logGet(44)) - raft.server.staging.catchup.gap = 1000 (default)
2022-05-15 13:42:19,464 [bb4037bd-da51-447a-80ce-84e82c128da1@group-995EF8EB4C20-LeaderElection56] INFO  server.RaftServerConfigKeys (ConfUtils.java:logGet(44)) - raft.server.write.element-limit = 1024 (custom)
2022-05-15 13:42:19,464 [bb4037bd-da51-447a-80ce-84e82c128da1@group-995EF8EB4C20-LeaderElection56] INFO  server.RaftServerConfigKeys (ConfUtils.java:logGet(44)) - raft.server.write.byte-limit = 1024 M (=1073741824) (custom)
2022-05-15 13:42:19,464 [bb4037bd-da51-447a-80ce-84e82c128da1@group-995EF8EB4C20-LeaderElection56] INFO  server.RaftServerConfigKeys (ConfUtils.java:logGet(44)) - raft.server.watch.timeout = 180s (custom)
2022-05-15 13:42:19,464 [bb4037bd-da51-447a-80ce-84e82c128da1@group-995EF8EB4C20-LeaderElection56] INFO  server.RaftServerConfigKeys (ConfUtils.java:logGet(44)) - raft.server.watch.timeout.denomination = 1s (default)
2022-05-15 13:42:19,464 [bb4037bd-da51-447a-80ce-84e82c128da1@group-995EF8EB4C20-LeaderElection56] INFO  server.RaftServerConfigKeys (ConfUtils.java:logGet(44)) - raft.server.watch.element-limit = 65536 (default)
2022-05-15 13:42:19,464 [bb4037bd-da51-447a-80ce-84e82c128da1@group-995EF8EB4C20-LeaderElection56] INFO  server.RaftServerConfigKeys (ConfUtils.java:logGet(44)) - raft.server.write.element-limit = 1024 (custom)
2022-05-15 13:42:19,464 [bb4037bd-da51-447a-80ce-84e82c128da1@group-995EF8EB4C20-LeaderElection56] INFO  server.RaftServerConfigKeys (ConfUtils.java:logGet(44)) - raft.server.write.follower.gap.ratio.max = -1.0 (default)
2022-05-15 13:42:19,464 [bb4037bd-da51-447a-80ce-84e82c128da1@group-995EF8EB4C20-LeaderElection56] INFO  server.RaftServerConfigKeys (ConfUtils.java:logGet(44)) - raft.server.log.appender.snapshot.chunk.size.max = 16MB (=16777216) (default)
2022-05-15 13:42:19,464 [bb4037bd-da51-447a-80ce-84e82c128da1@group-995EF8EB4C20-LeaderElection56] INFO  server.RaftServerConfigKeys (ConfUtils.java:logGet(44)) - raft.server.log.appender.buffer.byte-limit = 33554432 (custom)
2022-05-15 13:42:19,464 [bb4037bd-da51-447a-80ce-84e82c128da1@group-995EF8EB4C20-LeaderElection56] INFO  server.RaftServerConfigKeys (ConfUtils.java:logGet(44)) - raft.server.log.appender.buffer.element-limit = 1 (custom)
2022-05-15 13:42:19,464 [bb4037bd-da51-447a-80ce-84e82c128da1@group-995EF8EB4C20-LeaderElection56] INFO  grpc.GrpcConfigKeys (ConfUtils.java:logGet(44)) - raft.grpc.server.leader.outstanding.appends.max = 128 (default)
2022-05-15 13:42:19,464 [bb4037bd-da51-447a-80ce-84e82c128da1@group-995EF8EB4C20-LeaderElection56] INFO  server.RaftServerConfigKeys (ConfUtils.java:logGet(44)) - raft.server.rpc.request.timeout = 60s (custom)
2022-05-15 13:42:19,465 [bb4037bd-da51-447a-80ce-84e82c128da1@group-995EF8EB4C20-LeaderElection56] INFO  server.RaftServerConfigKeys (ConfUtils.java:logGet(44)) - raft.server.log.appender.install.snapshot.enabled = false (custom)
2022-05-15 13:42:19,465 [bb4037bd-da51-447a-80ce-84e82c128da1@group-995EF8EB4C20-LeaderElection56] INFO  server.RaftServerConfigKeys (ConfUtils.java:logGet(44)) - raft.server.log.appender.snapshot.chunk.size.max = 16MB (=16777216) (default)
2022-05-15 13:42:19,465 [bb4037bd-da51-447a-80ce-84e82c128da1@group-995EF8EB4C20-LeaderElection56] INFO  server.RaftServerConfigKeys (ConfUtils.java:logGet(44)) - raft.server.log.appender.buffer.byte-limit = 33554432 (custom)
2022-05-15 13:42:19,465 [bb4037bd-da51-447a-80ce-84e82c128da1@group-995EF8EB4C20-LeaderElection56] INFO  server.RaftServerConfigKeys (ConfUtils.java:logGet(44)) - raft.server.log.appender.buffer.element-limit = 1 (custom)
2022-05-15 13:42:19,465 [bb4037bd-da51-447a-80ce-84e82c128da1@group-995EF8EB4C20-LeaderElection56] INFO  grpc.GrpcConfigKeys (ConfUtils.java:logGet(44)) - raft.grpc.server.leader.outstanding.appends.max = 128 (default)
2022-05-15 13:42:19,466 [bb4037bd-da51-447a-80ce-84e82c128da1@group-995EF8EB4C20-LeaderElection56] INFO  server.RaftServerConfigKeys (ConfUtils.java:logGet(44)) - raft.server.rpc.request.timeout = 60s (custom)
2022-05-15 13:42:19,466 [bb4037bd-da51-447a-80ce-84e82c128da1@group-995EF8EB4C20-LeaderElection56] INFO  server.RaftServerConfigKeys (ConfUtils.java:logGet(44)) - raft.server.log.appender.install.snapshot.enabled = false (custom)
2022-05-15 13:42:19,471 [EventQueue-PipelineReportForPipelineReportHandler] INFO  pipeline.PipelineManagerImpl (PipelineManagerImpl.java:openPipeline(336)) - Pipeline Pipeline[ Id: ce86e5a4-abb6-4563-afe1-995ef8eb4c20, Nodes: bb4037bd-da51-447a-80ce-84e82c128da1{ip: 10.1.0.20, host: fv-az40-973.r1qzdtoifymehf5jtx2d0vwyfg.bx.internal.cloudapp.net, ports: [REPLICATION=43875, RATIS=33025, RATIS_ADMIN=33025, RATIS_SERVER=33025, STANDALONE=45849], networkLocation: /default-rack, certSerialId: null, persistedOpState: IN_SERVICE, persistedOpStateExpiryEpochSec: 0}7ba9dbf1-2e7d-46da-8543-6f273c29c523{ip: 10.1.0.20, host: fv-az40-973.r1qzdtoifymehf5jtx2d0vwyfg.bx.internal.cloudapp.net, ports: [REPLICATION=40653, RATIS=34001, RATIS_ADMIN=34001, RATIS_SERVER=34001, STANDALONE=34941], networkLocation: /default-rack, certSerialId: null, persistedOpState: IN_SERVICE, persistedOpStateExpiryEpochSec: 0}96ca5511-bfe1-4197-a424-aeb838a33d2a{ip: 10.1.0.20, host: fv-az40-973.r1qzdtoifymehf5jtx2d0vwyfg.bx.internal.cloudapp.net, ports: [REPLICATION=44389, RATIS=34347, RATIS_ADMIN=34347, RATIS_SERVER=34347, STANDALONE=45285], networkLocation: /default-rack, certSerialId: null, persistedOpState: IN_SERVICE, persistedOpStateExpiryEpochSec: 0}, ReplicationConfig: RATIS/THREE, State:ALLOCATED, leaderId:bb4037bd-da51-447a-80ce-84e82c128da1, CreationTimestamp2022-05-15T13:42:12.771Z[Etc/UTC]] moved to OPEN state
2022-05-15 13:42:19,471 [EventQueue-OpenPipelineForHealthyPipelineSafeModeRule] INFO  safemode.SCMSafeModeManager (HealthyPipelineSafeModeRule.java:process(124)) - SCM in safe mode. Healthy pipelines reported count is 1, required healthy pipeline reported count is 1
2022-05-15 13:42:19,471 [EventQueue-OpenPipelineForHealthyPipelineSafeModeRule] INFO  safemode.SCMSafeModeManager (SCMSafeModeManager.java:validateSafeModeExitRules(204)) - HealthyPipelineSafeModeRule rule is successfully validated
2022-05-15 13:42:19,471 [EventQueue-OpenPipelineForHealthyPipelineSafeModeRule] INFO  safemode.SCMSafeModeManager (SCMSafeModeManager.java:validateSafeModeExitRules(219)) - ScmSafeModeManager, all rules are successfully validated
2022-05-15 13:42:19,471 [EventQueue-OpenPipelineForHealthyPipelineSafeModeRule] INFO  safemode.SCMSafeModeManager (SCMSafeModeManager.java:exitSafeMode(248)) - SCM exiting safe mode.
2022-05-15 13:42:19,471 [EventQueue-OpenPipelineForHealthyPipelineSafeModeRule] WARN  events.EventQueue (EventQueue.java:fireEvent(194)) - No event handler registered for event TypedEvent{payloadType=SafeModeStatus, name='Safe mode status'}
2022-05-15 13:42:19,471 [EventQueue-OpenPipelineForHealthyPipelineSafeModeRule] INFO  ha.SCMContext (SCMContext.java:updateSafeModeStatus(211)) - Update SafeModeStatus from SafeModeStatus{safeModeStatus=true, preCheckPassed=true} to SafeModeStatus{safeModeStatus=false, preCheckPassed=true}.
2022-05-15 13:42:19,471 [EventQueue-OpenPipelineForHealthyPipelineSafeModeRule] INFO  pipeline.BackgroundPipelineCreator (BackgroundPipelineCreator.java:notifyStatusChanged(251)) - Service BackgroundPipelineCreator transitions to RUNNING.
2022-05-15 13:42:19,472 [EventQueue-OpenPipelineForHealthyPipelineSafeModeRule] INFO  pipeline.BackgroundPipelineScrubber (BackgroundPipelineScrubber.java:notifyStatusChanged(88)) - Service BackgroundPipelineScrubber transitions to RUNNING.
2022-05-15 13:42:19,472 [EventQueue-OpenPipelineForHealthyPipelineSafeModeRule] INFO  replication.ReplicationManager (ReplicationManager.java:notifyStatusChanged(369)) - Service ReplicationManager transitions to RUNNING.
2022-05-15 13:42:19,473 [grpc-default-executor-0] INFO  server.RaftServer$Division (RaftServerImpl.java:requestVote(1046)) - 96ca5511-bfe1-4197-a424-aeb838a33d2a@group-995EF8EB4C20: receive requestVote(ELECTION, bb4037bd-da51-447a-80ce-84e82c128da1, group-995EF8EB4C20, 1, (t:0, i:0))
2022-05-15 13:42:19,473 [grpc-default-executor-0] INFO  impl.VoteContext (VoteContext.java:log(48)) - 96ca5511-bfe1-4197-a424-aeb838a33d2a@group-995EF8EB4C20-FOLLOWER: accept ELECTION from bb4037bd-da51-447a-80ce-84e82c128da1: our priority 0 <= candidate's priority 1
2022-05-15 13:42:19,473 [grpc-default-executor-0] INFO  server.RaftServer$Division (RaftServerImpl.java:setRole(290)) - 96ca5511-bfe1-4197-a424-aeb838a33d2a@group-995EF8EB4C20: changes role from  FOLLOWER to FOLLOWER at term 1 for candidate:bb4037bd-da51-447a-80ce-84e82c128da1
2022-05-15 13:42:19,473 [grpc-default-executor-0] INFO  impl.RoleInfo (RoleInfo.java:shutdownFollowerState(108)) - 96ca5511-bfe1-4197-a424-aeb838a33d2a: shutdown 96ca5511-bfe1-4197-a424-aeb838a33d2a@group-995EF8EB4C20-FollowerState
2022-05-15 13:42:19,473 [grpc-default-executor-0] INFO  impl.RoleInfo (RoleInfo.java:updateAndGet(130)) - 96ca5511-bfe1-4197-a424-aeb838a33d2a: start 96ca5511-bfe1-4197-a424-aeb838a33d2a@group-995EF8EB4C20-FollowerState
2022-05-15 13:42:19,473 [96ca5511-bfe1-4197-a424-aeb838a33d2a@group-995EF8EB4C20-FollowerState] INFO  impl.FollowerState (FollowerState.java:run(143)) - 96ca5511-bfe1-4197-a424-aeb838a33d2a@group-995EF8EB4C20-FollowerState was interrupted: {}
java.lang.InterruptedException: sleep interrupted
	at java.lang.Thread.sleep(Native Method)
	at java.lang.Thread.sleep(Thread.java:342)
	at java.util.concurrent.TimeUnit.sleep(TimeUnit.java:386)
	at org.apache.ratis.util.TimeDuration.sleep(TimeDuration.java:324)
	at org.apache.ratis.util.TimeDuration.sleep(TimeDuration.java:309)
	at org.apache.ratis.server.impl.FollowerState.run(FollowerState.java:118)
2022-05-15 13:42:19,475 [bb4037bd-da51-447a-80ce-84e82c128da1@group-995EF8EB4C20-LeaderElection56] INFO  impl.RoleInfo (RoleInfo.java:updateAndGet(130)) - bb4037bd-da51-447a-80ce-84e82c128da1: start bb4037bd-da51-447a-80ce-84e82c128da1@group-995EF8EB4C20-LeaderStateImpl
2022-05-15 13:42:19,475 [bb4037bd-da51-447a-80ce-84e82c128da1@group-995EF8EB4C20-LeaderElection56] INFO  segmented.SegmentedRaftLogWorker (SegmentedRaftLogWorker.java:startLogSegment(394)) - bb4037bd-da51-447a-80ce-84e82c128da1@group-995EF8EB4C20-SegmentedRaftLogWorker: Starting segment from index:0
2022-05-15 13:42:19,492 [bb4037bd-da51-447a-80ce-84e82c128da1@group-995EF8EB4C20-SegmentedRaftLogWorker] INFO  segmented.SegmentedRaftLogWorker (SegmentedRaftLogWorker.java:execute(601)) - bb4037bd-da51-447a-80ce-84e82c128da1@group-995EF8EB4C20-SegmentedRaftLogWorker: created new log segment /home/runner/work/ozone/ozone/hadoop-ozone/integration-test/target/test-dir/MiniOzoneClusterImpl-0719730d-bbb5-4727-bcaf-feedb78ac099/datanode-0/data/ratis/ce86e5a4-abb6-4563-afe1-995ef8eb4c20/current/log_inprogress_0
2022-05-15 13:42:19,492 [grpc-default-executor-0] INFO  server.RaftServer$Division (RaftServerImpl.java:requestVote(1078)) - 96ca5511-bfe1-4197-a424-aeb838a33d2a@group-995EF8EB4C20 replies to ELECTION vote request: bb4037bd-da51-447a-80ce-84e82c128da1<-96ca5511-bfe1-4197-a424-aeb838a33d2a#0:OK-t1. Peer's state: 96ca5511-bfe1-4197-a424-aeb838a33d2a@group-995EF8EB4C20:t1, leader=null, voted=bb4037bd-da51-447a-80ce-84e82c128da1, raftlog=96ca5511-bfe1-4197-a424-aeb838a33d2a@group-995EF8EB4C20-SegmentedRaftLog:OPENED:c-1, conf=-1: [7ba9dbf1-2e7d-46da-8543-6f273c29c523|rpc:10.1.0.20:34001|dataStream:|priority:0, 96ca5511-bfe1-4197-a424-aeb838a33d2a|rpc:10.1.0.20:34347|dataStream:|priority:0, bb4037bd-da51-447a-80ce-84e82c128da1|rpc:10.1.0.20:33025|dataStream:|priority:1], old=null
2022-05-15 13:42:19,548 [Listener at 127.0.0.1/33073] INFO  ozone.MiniOzoneClusterImpl (MiniOzoneClusterImpl.java:lambda$waitForClusterToBeReady$0(221)) - Nodes are ready. Got 3 of 3 DN Heartbeats.
2022-05-15 13:42:19,549 [Listener at 127.0.0.1/33073] INFO  ozone.MiniOzoneClusterImpl (MiniOzoneClusterImpl.java:lambda$waitForClusterToBeReady$0(224)) - Cluster exits safe mode
2022-05-15 13:42:19,549 [Listener at 127.0.0.1/33073] INFO  ozone.MiniOzoneClusterImpl (MiniOzoneClusterImpl.java:lambda$waitForClusterToBeReady$0(226)) - SCM became leader
2022-05-15 13:42:19,580 [grpc-default-executor-1] INFO  ratis.XceiverServerRatis (XceiverServerRatis.java:handleLeaderChangedNotification(863)) - Leader change notification received for group: group-995EF8EB4C20 with new leaderId: bb4037bd-da51-447a-80ce-84e82c128da1
2022-05-15 13:42:19,580 [grpc-default-executor-1] INFO  server.RaftServer$Division (ServerState.java:setLeader(285)) - 96ca5511-bfe1-4197-a424-aeb838a33d2a@group-995EF8EB4C20: change Leader from null to bb4037bd-da51-447a-80ce-84e82c128da1 at term 1 for appendEntries, leader elected after 5202ms
2022-05-15 13:42:19,581 [bb4037bd-da51-447a-80ce-84e82c128da1@group-995EF8EB4C20-LeaderElection56] INFO  server.RaftServer$Division (ServerState.java:setRaftConf(387)) - bb4037bd-da51-447a-80ce-84e82c128da1@group-995EF8EB4C20: set configuration 0: [7ba9dbf1-2e7d-46da-8543-6f273c29c523|rpc:10.1.0.20:34001|dataStream:|priority:0, 96ca5511-bfe1-4197-a424-aeb838a33d2a|rpc:10.1.0.20:34347|dataStream:|priority:0, bb4037bd-da51-447a-80ce-84e82c128da1|rpc:10.1.0.20:33025|dataStream:|priority:1], old=null
2022-05-15 13:42:19,581 [grpc-default-executor-0] INFO  ratis.XceiverServerRatis (XceiverServerRatis.java:handleLeaderChangedNotification(863)) - Leader change notification received for group: group-995EF8EB4C20 with new leaderId: bb4037bd-da51-447a-80ce-84e82c128da1
2022-05-15 13:42:19,581 [grpc-default-executor-0] INFO  server.RaftServer$Division (ServerState.java:setLeader(285)) - 7ba9dbf1-2e7d-46da-8543-6f273c29c523@group-995EF8EB4C20: change Leader from null to bb4037bd-da51-447a-80ce-84e82c128da1 at term 1 for appendEntries, leader elected after 5280ms
]]></system-out>
    </rerunFailure>
    <rerunFailure type="java.lang.AssertionError">
      <stackTrace><![CDATA[java.lang.AssertionError
	at org.junit.Assert.fail(Assert.java:87)
	at org.junit.Assert.assertTrue(Assert.java:42)
	at org.junit.Assert.assertTrue(Assert.java:53)
	at org.apache.hadoop.hdds.scm.TestRatisPipelineLeader.testLeaderIdAfterLeaderChange(TestRatisPipelineLeader.java:119)
	at sun.reflect.NativeMethodAccessorImpl.invoke0(Native Method)
	at sun.reflect.NativeMethodAccessorImpl.invoke(NativeMethodAccessorImpl.java:62)
	at sun.reflect.DelegatingMethodAccessorImpl.invoke(DelegatingMethodAccessorImpl.java:43)
	at java.lang.reflect.Method.invoke(Method.java:498)
	at org.junit.platform.commons.util.ReflectionUtils.invokeMethod(ReflectionUtils.java:688)
	at org.junit.jupiter.engine.execution.MethodInvocation.proceed(MethodInvocation.java:60)
	at org.junit.jupiter.engine.execution.InvocationInterceptorChain$ValidatingInvocation.proceed(InvocationInterceptorChain.java:131)
	at org.junit.jupiter.engine.extension.TimeoutInvocation.proceed(TimeoutInvocation.java:46)
	at org.junit.jupiter.engine.extension.TimeoutExtension.intercept(TimeoutExtension.java:149)
	at org.junit.jupiter.engine.extension.TimeoutExtension.interceptTestableMethod(TimeoutExtension.java:140)
	at org.junit.jupiter.engine.extension.TimeoutExtension.interceptTestMethod(TimeoutExtension.java:84)
	at org.junit.jupiter.engine.execution.ExecutableInvoker$ReflectiveInterceptorCall.lambda$ofVoidMethod$0(ExecutableInvoker.java:115)
	at org.junit.jupiter.engine.execution.ExecutableInvoker.lambda$invoke$0(ExecutableInvoker.java:105)
	at org.junit.jupiter.engine.execution.InvocationInterceptorChain$InterceptedInvocation.proceed(InvocationInterceptorChain.java:106)
	at org.junit.jupiter.engine.execution.InvocationInterceptorChain.proceed(InvocationInterceptorChain.java:64)
	at org.junit.jupiter.engine.execution.InvocationInterceptorChain.chainAndInvoke(InvocationInterceptorChain.java:45)
	at org.junit.jupiter.engine.execution.InvocationInterceptorChain.invoke(InvocationInterceptorChain.java:37)
	at org.junit.jupiter.engine.execution.ExecutableInvoker.invoke(ExecutableInvoker.java:104)
	at org.junit.jupiter.engine.execution.ExecutableInvoker.invoke(ExecutableInvoker.java:98)
	at org.junit.jupiter.engine.descriptor.TestMethodTestDescriptor.lambda$invokeTestMethod$6(TestMethodTestDescriptor.java:210)
	at org.junit.platform.engine.support.hierarchical.ThrowableCollector.execute(ThrowableCollector.java:73)
	at org.junit.jupiter.engine.descriptor.TestMethodTestDescriptor.invokeTestMethod(TestMethodTestDescriptor.java:206)
	at org.junit.jupiter.engine.descriptor.TestMethodTestDescriptor.execute(TestMethodTestDescriptor.java:131)
	at org.junit.jupiter.engine.descriptor.TestMethodTestDescriptor.execute(TestMethodTestDescriptor.java:65)
	at org.junit.platform.engine.support.hierarchical.NodeTestTask.lambda$executeRecursively$5(NodeTestTask.java:139)
	at org.junit.platform.engine.support.hierarchical.ThrowableCollector.execute(ThrowableCollector.java:73)
	at org.junit.platform.engine.support.hierarchical.NodeTestTask.lambda$executeRecursively$7(NodeTestTask.java:129)
	at org.junit.platform.engine.support.hierarchical.Node.around(Node.java:137)
	at org.junit.platform.engine.support.hierarchical.NodeTestTask.lambda$executeRecursively$8(NodeTestTask.java:127)
	at org.junit.platform.engine.support.hierarchical.ThrowableCollector.execute(ThrowableCollector.java:73)
	at org.junit.platform.engine.support.hierarchical.NodeTestTask.executeRecursively(NodeTestTask.java:126)
	at org.junit.platform.engine.support.hierarchical.NodeTestTask.execute(NodeTestTask.java:84)
	at java.util.ArrayList.forEach(ArrayList.java:1259)
	at org.junit.platform.engine.support.hierarchical.SameThreadHierarchicalTestExecutorService.invokeAll(SameThreadHierarchicalTestExecutorService.java:38)
	at org.junit.platform.engine.support.hierarchical.NodeTestTask.lambda$executeRecursively$5(NodeTestTask.java:143)
	at org.junit.platform.engine.support.hierarchical.ThrowableCollector.execute(ThrowableCollector.java:73)
	at org.junit.platform.engine.support.hierarchical.NodeTestTask.lambda$executeRecursively$7(NodeTestTask.java:129)
	at org.junit.platform.engine.support.hierarchical.Node.around(Node.java:137)
	at org.junit.platform.engine.support.hierarchical.NodeTestTask.lambda$executeRecursively$8(NodeTestTask.java:127)
	at org.junit.platform.engine.support.hierarchical.ThrowableCollector.execute(ThrowableCollector.java:73)
	at org.junit.platform.engine.support.hierarchical.NodeTestTask.executeRecursively(NodeTestTask.java:126)
	at org.junit.platform.engine.support.hierarchical.NodeTestTask.execute(NodeTestTask.java:84)
	at java.util.ArrayList.forEach(ArrayList.java:1259)
	at org.junit.platform.engine.support.hierarchical.SameThreadHierarchicalTestExecutorService.invokeAll(SameThreadHierarchicalTestExecutorService.java:38)
	at org.junit.platform.engine.support.hierarchical.NodeTestTask.lambda$executeRecursively$5(NodeTestTask.java:143)
	at org.junit.platform.engine.support.hierarchical.ThrowableCollector.execute(ThrowableCollector.java:73)
	at org.junit.platform.engine.support.hierarchical.NodeTestTask.lambda$executeRecursively$7(NodeTestTask.java:129)
	at org.junit.platform.engine.support.hierarchical.Node.around(Node.java:137)
	at org.junit.platform.engine.support.hierarchical.NodeTestTask.lambda$executeRecursively$8(NodeTestTask.java:127)
	at org.junit.platform.engine.support.hierarchical.ThrowableCollector.execute(ThrowableCollector.java:73)
	at org.junit.platform.engine.support.hierarchical.NodeTestTask.executeRecursively(NodeTestTask.java:126)
	at org.junit.platform.engine.support.hierarchical.NodeTestTask.execute(NodeTestTask.java:84)
	at org.junit.platform.engine.support.hierarchical.SameThreadHierarchicalTestExecutorService.submit(SameThreadHierarchicalTestExecutorService.java:32)
	at org.junit.platform.engine.support.hierarchical.HierarchicalTestExecutor.execute(HierarchicalTestExecutor.java:57)
	at org.junit.platform.engine.support.hierarchical.HierarchicalTestEngine.execute(HierarchicalTestEngine.java:51)
	at org.junit.platform.launcher.core.EngineExecutionOrchestrator.execute(EngineExecutionOrchestrator.java:108)
	at org.junit.platform.launcher.core.EngineExecutionOrchestrator.execute(EngineExecutionOrchestrator.java:88)
	at org.junit.platform.launcher.core.EngineExecutionOrchestrator.lambda$execute$0(EngineExecutionOrchestrator.java:54)
	at org.junit.platform.launcher.core.EngineExecutionOrchestrator.withInterceptedStreams(EngineExecutionOrchestrator.java:67)
	at org.junit.platform.launcher.core.EngineExecutionOrchestrator.execute(EngineExecutionOrchestrator.java:52)
	at org.junit.platform.launcher.core.DefaultLauncher.execute(DefaultLauncher.java:96)
	at org.junit.platform.launcher.core.DefaultLauncher.execute(DefaultLauncher.java:75)
	at org.apache.maven.surefire.junitplatform.JUnitPlatformProvider.invokeAllTests(JUnitPlatformProvider.java:165)
	at org.apache.maven.surefire.junitplatform.JUnitPlatformProvider.invoke(JUnitPlatformProvider.java:124)
	at org.apache.maven.surefire.booter.ForkedBooter.runSuitesInProcess(ForkedBooter.java:428)
	at org.apache.maven.surefire.booter.ForkedBooter.execute(ForkedBooter.java:162)
	at org.apache.maven.surefire.booter.ForkedBooter.run(ForkedBooter.java:562)
	at org.apache.maven.surefire.booter.ForkedBooter.main(ForkedBooter.java:548)
]]></stackTrace>
      <system-out><![CDATA[2022-05-15 13:42:40,474 [Listener at 127.0.0.1/33073] WARN  server.ServerUtils (ServerUtils.java:getScmDbDir(148)) - ozone.scm.db.dirs is not configured. We recommend adding this setting. Falling back to ozone.metadata.dirs instead.
2022-05-15 13:42:40,485 [Listener at 127.0.0.1/33073] INFO  ha.SCMHANodeDetails (SCMHANodeDetails.java:loadSCMHAConfig(160)) - ServiceID for StorageContainerManager is null
2022-05-15 13:42:40,485 [Listener at 127.0.0.1/33073] INFO  ha.SCMHANodeDetails (SCMHANodeDetails.java:loadSCMHAConfig(165)) - ozone.scm.default.service.id is not defined, falling back to ozone.scm.service.ids to find serviceID for StorageContainerManager if it is HA enabled cluster
2022-05-15 13:42:40,486 [Listener at 127.0.0.1/33073] WARN  server.ServerUtils (ServerUtils.java:getScmDbDir(148)) - ozone.scm.db.dirs is not configured. We recommend adding this setting. Falling back to ozone.metadata.dirs instead.
2022-05-15 13:42:40,486 [Listener at 127.0.0.1/33073] INFO  upgrade.AbstractLayoutVersionManager (AbstractLayoutVersionManager.java:init(79)) - Initializing Layout version manager with metadata layout = ERASURE_CODED_STORAGE_SUPPORT (version = 3), software layout = ERASURE_CODED_STORAGE_SUPPORT (version = 3)
2022-05-15 13:42:40,695 [Listener at 127.0.0.1/33073] INFO  reflections.Reflections (Reflections.java:scan(232)) - Reflections took 208 ms to scan 7 urls, producing 126 keys and 289 values 
2022-05-15 13:42:40,696 [Listener at 127.0.0.1/33073] WARN  utils.HAUtils (HAUtils.java:getMetaDir(342)) - ozone.scm.db.dirs is not configured. We recommend adding this setting. Falling back to ozone.metadata.dirs instead.
2022-05-15 13:42:40,715 [Listener at 127.0.0.1/33073] WARN  db.DBStoreBuilder (DBStoreBuilder.java:applyDBDefinition(145)) - ozone.scm.db.dirs is not configured. We recommend adding this setting. Falling back to ozone.metadata.dirs instead.
2022-05-15 13:42:41,084 [Listener at 127.0.0.1/33073] INFO  net.NodeSchemaLoader (NodeSchemaLoader.java:loadSchemaFromFile(129)) - Loading schema from [jar:file:/home/runner/.m2/repository/org/apache/ozone/hdds-common/1.3.0-SNAPSHOT/hdds-common-1.3.0-SNAPSHOT.jar!/network-topology-default.xml]
2022-05-15 13:42:41,085 [Listener at 127.0.0.1/33073] INFO  net.NodeSchemaLoader (NodeSchemaLoader.java:loadSchema(176)) - Loading network topology layer schema file
2022-05-15 13:42:41,087 [Listener at 127.0.0.1/33073] INFO  ha.SequenceIdGenerator (SequenceIdGenerator.java:upgradeToSequenceId(347)) - upgrade localId to 109611004723200000
2022-05-15 13:42:41,087 [Listener at 127.0.0.1/33073] INFO  ha.SequenceIdGenerator (SequenceIdGenerator.java:upgradeToSequenceId(357)) - upgrade delTxnId to 0
2022-05-15 13:42:41,087 [Listener at 127.0.0.1/33073] INFO  ha.SequenceIdGenerator (SequenceIdGenerator.java:upgradeToSequenceId(371)) - upgrade containerId to 0
2022-05-15 13:42:41,087 [Listener at 127.0.0.1/33073] INFO  ha.SequenceIdGenerator (SequenceIdGenerator.java:<init>(218)) - Init the HA SequenceIdGenerator.
2022-05-15 13:42:41,088 [Listener at 127.0.0.1/33073] WARN  server.ServerUtils (ServerUtils.java:sanitizeUserArgs(73)) - ozone.scm.stale.node.interval value = 300000 is larger than max = 100000 based on the key value of ozone.scm.heartbeat.thread.interval, reset to the max value 100000.
2022-05-15 13:42:41,088 [Listener at 127.0.0.1/33073] WARN  server.ServerUtils (ServerUtils.java:sanitizeUserArgs(73)) - ozone.scm.stale.node.interval value = 300000 is larger than max = 100000 based on the key value of ozone.scm.heartbeat.thread.interval, reset to the max value 100000.
2022-05-15 13:42:41,093 [Listener at 127.0.0.1/33073] INFO  node.SCMNodeManager (SCMNodeManager.java:<init>(148)) - Entering startup safe mode.
2022-05-15 13:42:41,094 [Listener at 127.0.0.1/33073] INFO  algorithms.ContainerPlacementPolicyFactory (ContainerPlacementPolicyFactory.java:getPolicyInternal(86)) - Create container placement policy of type org.apache.hadoop.hdds.scm.container.placement.algorithms.SCMContainerPlacementRandom
2022-05-15 13:42:41,095 [Listener at 127.0.0.1/33073] INFO  pipeline.PipelineStateManagerImpl (PipelineStateManagerImpl.java:initialize(78)) - No pipeline exists in current db
2022-05-15 13:42:41,096 [Listener at 127.0.0.1/33073] INFO  algorithms.LeaderChoosePolicyFactory (LeaderChoosePolicyFactory.java:getPolicy(57)) - Create leader choose policy of type org.apache.hadoop.hdds.scm.pipeline.leader.choose.algorithms.MinLeaderCountChoosePolicy
2022-05-15 13:42:41,096 [Listener at 127.0.0.1/33073] INFO  algorithms.ContainerPlacementPolicyFactory (ContainerPlacementPolicyFactory.java:getPolicyInternal(86)) - Create container placement policy of type org.apache.hadoop.hdds.scm.container.placement.algorithms.SCMContainerPlacementRackScatter
2022-05-15 13:42:41,096 [Listener at 127.0.0.1/33073] INFO  pipeline.BackgroundPipelineCreator (BackgroundPipelineCreator.java:start(125)) - Starting RatisPipelineUtilsThread.
2022-05-15 13:42:41,098 [Listener at 127.0.0.1/33073] INFO  pipeline.BackgroundPipelineScrubber (BackgroundPipelineScrubber.java:start(126)) - Starting BackgroundPipelineScrubber Service.
2022-05-15 13:42:41,102 [Listener at 127.0.0.1/33073] INFO  ha.SCMServiceManager (SCMServiceManager.java:register(42)) - Registering service BackgroundPipelineCreator.
2022-05-15 13:42:41,102 [Listener at 127.0.0.1/33073] INFO  ha.SCMServiceManager (SCMServiceManager.java:register(42)) - Registering service BackgroundPipelineScrubber.
2022-05-15 13:42:41,102 [Listener at 127.0.0.1/33073] INFO  algorithms.PipelineChoosePolicyFactory (PipelineChoosePolicyFactory.java:createPipelineChoosePolicyFromClass(73)) - Create pipeline choose policy of type org.apache.hadoop.hdds.scm.pipeline.choose.algorithms.RandomPipelineChoosePolicy
2022-05-15 13:42:41,103 [Listener at 127.0.0.1/33073] INFO  ha.SCMServiceManager (SCMServiceManager.java:register(42)) - Registering service SCMBlockDeletingService.
2022-05-15 13:42:41,103 [Listener at 127.0.0.1/33073] INFO  ha.SCMServiceManager (SCMServiceManager.java:register(42)) - Registering service ReplicationManager.
2022-05-15 13:42:41,103 [Listener at 127.0.0.1/33073] INFO  replication.ReplicationManager (ReplicationManager.java:start(176)) - Starting Replication Monitor Thread.
2022-05-15 13:42:41,110 [Listener at 127.0.0.1/33073] INFO  safemode.ContainerSafeModeRule (ContainerSafeModeRule.java:<init>(89)) - containers with one replica threshold count 0
2022-05-15 13:42:41,110 [Listener at 127.0.0.1/33073] INFO  safemode.HealthyPipelineSafeModeRule (HealthyPipelineSafeModeRule.java:initializeRule(156)) - Total pipeline count is 0, healthy pipeline threshold count is 1
2022-05-15 13:42:41,110 [Listener at 127.0.0.1/33073] INFO  safemode.OneReplicaPipelineSafeModeRule (OneReplicaPipelineSafeModeRule.java:initializeRule(180)) - Total pipeline count is 0, pipeline's with at least one datanode reported threshold count is 0
2022-05-15 13:42:41,111 [Listener at 127.0.0.1/33073] INFO  ipc.CallQueueManager (CallQueueManager.java:<init>(90)) - Using callQueue: class java.util.concurrent.LinkedBlockingQueue, queueCapacity: 2000, scheduler: class org.apache.hadoop.ipc.DefaultRpcScheduler, ipcBackoff: false.
2022-05-15 13:42:41,112 [Socket Reader #1 for port 0] INFO  ipc.Server (Server.java:run(1265)) - Starting Socket Reader #1 for port 0
2022-05-15 13:42:41,112 [Listener at 0.0.0.0/43157] INFO  ipc.CallQueueManager (CallQueueManager.java:<init>(90)) - Using callQueue: class java.util.concurrent.LinkedBlockingQueue, queueCapacity: 2000, scheduler: class org.apache.hadoop.ipc.DefaultRpcScheduler, ipcBackoff: false.
2022-05-15 13:42:41,113 [Socket Reader #1 for port 0] INFO  ipc.Server (Server.java:run(1265)) - Starting Socket Reader #1 for port 0
2022-05-15 13:42:41,113 [Listener at 0.0.0.0/43971] INFO  ipc.CallQueueManager (CallQueueManager.java:<init>(90)) - Using callQueue: class java.util.concurrent.LinkedBlockingQueue, queueCapacity: 2000, scheduler: class org.apache.hadoop.ipc.DefaultRpcScheduler, ipcBackoff: false.
2022-05-15 13:42:41,114 [Socket Reader #1 for port 0] INFO  ipc.Server (Server.java:run(1265)) - Starting Socket Reader #1 for port 0
2022-05-15 13:42:41,119 [ReplicationMonitor] INFO  replication.ReplicationManager (ReplicationManager.java:processAll(225)) - Replication Manager is not ready to run until 3000ms after safemode exit
2022-05-15 13:42:41,203 [Listener at 0.0.0.0/43945] INFO  server.StorageContainerManager (StorageContainerManager.java:<init>(395)) - 
Container Balancer status:
Key                            Value
Running                        false
Container Balancer Configuration values:
Key                                                Value
Threshold                                          10
Max Datanodes to Involve per Iteration(percent)    20
Max Size to Move per Iteration                     500GB
Max Size Entering Target per Iteration             26GB
Max Size Leaving Source per Iteration              26GB

2022-05-15 13:42:41,203 [Listener at 0.0.0.0/43945] WARN  events.EventQueue (EventQueue.java:fireEvent(194)) - No event handler registered for event TypedEvent{payloadType=SafeModeStatus, name='Safe mode status'}
2022-05-15 13:42:41,203 [Listener at 0.0.0.0/43945] INFO  ha.SCMContext (SCMContext.java:updateSafeModeStatus(211)) - Update SafeModeStatus from SafeModeStatus{safeModeStatus=true, preCheckPassed=false} to SafeModeStatus{safeModeStatus=true, preCheckPassed=false}.
2022-05-15 13:42:41,203 [Listener at 0.0.0.0/43945] INFO  server.StorageContainerManager (StorageContainerManager.java:start(1347)) - StorageContainerLocationProtocol RPC server is listening at /0.0.0.0:43945
2022-05-15 13:42:41,205 [Listener at 0.0.0.0/43945] WARN  impl.MetricsConfig (MetricsConfig.java:loadFirst(136)) - Cannot locate configuration: tried hadoop-metrics2-storagecontainermanager.properties,hadoop-metrics2.properties
2022-05-15 13:42:41,214 [Listener at 0.0.0.0/43945] INFO  impl.MetricsSystemImpl (MetricsSystemImpl.java:startTimer(378)) - Scheduled Metric snapshot period at 10 second(s).
2022-05-15 13:42:41,214 [Listener at 0.0.0.0/43945] INFO  impl.MetricsSystemImpl (MetricsSystemImpl.java:start(191)) - StorageContainerManager metrics system started
2022-05-15 13:42:41,266 [Listener at 0.0.0.0/43945] INFO  impl.MetricsSinkAdapter (MetricsSinkAdapter.java:start(204)) - Sink prometheus started
2022-05-15 13:42:41,266 [Listener at 0.0.0.0/43945] INFO  impl.MetricsSystemImpl (MetricsSystemImpl.java:registerSink(305)) - Registered sink prometheus
2022-05-15 13:42:41,347 [Listener at 0.0.0.0/43945] INFO  server.SCMClientProtocolServer (SCMClientProtocolServer.java:start(169)) - RPC server for Client  is listening at /0.0.0.0:43945
2022-05-15 13:42:41,362 [IPC Server Responder] INFO  ipc.Server (Server.java:run(1507)) - IPC Server Responder: starting
2022-05-15 13:42:41,410 [IPC Server listener on 0] INFO  ipc.Server (Server.java:run(1344)) - IPC Server listener on 0: starting
2022-05-15 13:42:41,569 [Listener at 0.0.0.0/43945] INFO  server.StorageContainerManager (StorageContainerManager.java:start(1362)) - ScmBlockLocationProtocol RPC server is listening at /0.0.0.0:43971
2022-05-15 13:42:41,569 [Listener at 0.0.0.0/43945] INFO  server.SCMBlockProtocolServer (SCMBlockProtocolServer.java:start(151)) - RPC server for Block Protocol is listening at /0.0.0.0:43971
2022-05-15 13:42:41,569 [IPC Server Responder] INFO  ipc.Server (Server.java:run(1507)) - IPC Server Responder: starting
2022-05-15 13:42:41,582 [IPC Server listener on 0] INFO  ipc.Server (Server.java:run(1344)) - IPC Server listener on 0: starting
2022-05-15 13:42:41,592 [Listener at 0.0.0.0/43945] INFO  server.SCMDatanodeProtocolServer (SCMDatanodeProtocolServer.java:start(183)) - ScmDatanodeProtocol RPC server for DataNodes is listening at /0.0.0.0:43157
2022-05-15 13:42:41,593 [IPC Server Responder] INFO  ipc.Server (Server.java:run(1507)) - IPC Server Responder: starting
2022-05-15 13:42:41,593 [IPC Server listener on 0] INFO  ipc.Server (Server.java:run(1344)) - IPC Server listener on 0: starting
2022-05-15 13:42:41,698 [org.apache.hadoop.util.JvmPauseMonitor$Monitor@4220fef7] INFO  util.JvmPauseMonitor (JvmPauseMonitor.java:run(188)) - Starting JVM pause monitor
2022-05-15 13:42:41,698 [Listener at 0.0.0.0/43945] INFO  http.BaseHttpServer (BaseHttpServer.java:newHttpServer2BuilderForOzone(209)) - Starting Web-server for scm at: http://0.0.0.0:0
2022-05-15 13:42:41,699 [Listener at 0.0.0.0/43945] INFO  http.BaseHttpServer (BaseHttpServer.java:<init>(107)) - Hadoop Security Enabled: false Ozone Security Enabled: false Ozone HTTP Security Enabled: false 
2022-05-15 13:42:41,702 [Listener at 0.0.0.0/43945] INFO  server.AuthenticationFilter (AuthenticationFilter.java:constructSecretProvider(240)) - Unable to initialize FileSignerSecretProvider, falling back to use random secrets.
2022-05-15 13:42:41,706 [Listener at 0.0.0.0/43945] WARN  http.HttpRequestLog (HttpRequestLog.java:getRequestLog(103)) - Jetty request log can only be enabled using Log4j
2022-05-15 13:42:41,707 [Listener at 0.0.0.0/43945] INFO  http.HttpServer2 (HttpServer2.java:addGlobalFilter(1030)) - Added global filter 'safety' (class=org.apache.hadoop.hdds.server.http.HttpServer2$QuotingInputFilter)
2022-05-15 13:42:41,708 [Listener at 0.0.0.0/43945] INFO  http.HttpServer2 (HttpServer2.java:addFilter(1006)) - Added filter static_user_filter (class=org.apache.hadoop.http.lib.StaticUserWebFilter$StaticUserFilter) to context scm
2022-05-15 13:42:41,708 [Listener at 0.0.0.0/43945] INFO  http.HttpServer2 (HttpServer2.java:addFilter(1014)) - Added filter static_user_filter (class=org.apache.hadoop.http.lib.StaticUserWebFilter$StaticUserFilter) to context logs
2022-05-15 13:42:41,708 [Listener at 0.0.0.0/43945] INFO  http.HttpServer2 (HttpServer2.java:addFilter(1014)) - Added filter static_user_filter (class=org.apache.hadoop.http.lib.StaticUserWebFilter$StaticUserFilter) to context static
2022-05-15 13:42:41,708 [Listener at 0.0.0.0/43945] INFO  http.HttpServer2 (HttpServer2.java:bindListener(1249)) - Jetty bound to port 39927
2022-05-15 13:42:41,708 [Listener at 0.0.0.0/43945] INFO  server.Server (Server.java:doStart(375)) - jetty-9.4.43.v20210629; built: 2021-06-30T11:07:22.254Z; git: 526006ecfa3af7f1a27ef3a288e2bef7ea9dd7e8; jvm 1.8.0_332-b09
2022-05-15 13:42:41,715 [Listener at 0.0.0.0/43945] INFO  server.session (DefaultSessionIdManager.java:doStart(334)) - DefaultSessionIdManager workerName=node0
2022-05-15 13:42:41,715 [Listener at 0.0.0.0/43945] INFO  server.session (DefaultSessionIdManager.java:doStart(339)) - No SessionScavenger set, using defaults
2022-05-15 13:42:41,730 [Listener at 0.0.0.0/43945] INFO  server.session (HouseKeeper.java:startScavenging(132)) - node0 Scavenging every 660000ms
2022-05-15 13:42:41,736 [Listener at 0.0.0.0/43945] INFO  handler.ContextHandler (ContextHandler.java:doStart(915)) - Started o.e.j.s.ServletContextHandler@75642787{logs,/logs,file:///home/runner/work/ozone/ozone/hadoop-ozone/integration-test/target/log,AVAILABLE}
2022-05-15 13:42:41,736 [Listener at 0.0.0.0/43945] INFO  handler.ContextHandler (ContextHandler.java:doStart(915)) - Started o.e.j.s.ServletContextHandler@459e7774{static,/static,file:///home/runner/work/ozone/ozone/hadoop-ozone/integration-test/target/test-classes/webapps/static,AVAILABLE}
2022-05-15 13:42:41,747 [Listener at 0.0.0.0/43945] INFO  handler.ContextHandler (ContextHandler.java:doStart(915)) - Started o.e.j.w.WebAppContext@7bc40c88{scm,/,file:///home/runner/work/ozone/ozone/hadoop-ozone/integration-test/target/test-classes/webapps/scm/,AVAILABLE}{file:/home/runner/work/ozone/ozone/hadoop-ozone/integration-test/target/test-classes/webapps/scm}
2022-05-15 13:42:41,770 [Listener at 0.0.0.0/43945] INFO  server.AbstractConnector (AbstractConnector.java:doStart(331)) - Started ServerConnector@78f00ec{HTTP/1.1, (http/1.1)}{0.0.0.0:39927}
2022-05-15 13:42:41,770 [Listener at 0.0.0.0/43945] INFO  server.Server (Server.java:doStart(415)) - Started @185885ms
2022-05-15 13:42:41,771 [Listener at 0.0.0.0/43945] WARN  impl.MetricsSystemImpl (MetricsSystemImpl.java:register(279)) - Sink prometheus already exists!
2022-05-15 13:42:41,771 [Listener at 0.0.0.0/43945] INFO  http.BaseHttpServer (BaseHttpServer.java:updateConnectorAddress(329)) - HTTP server of scm listening at http://0.0.0.0:39927
2022-05-15 13:42:41,771 [Listener at 0.0.0.0/43945] WARN  server.ServerUtils (ServerUtils.java:getDBPath(225)) - ozone.om.db.dirs is not configured. We recommend adding this setting. Falling back to ozone.metadata.dirs instead.
2022-05-15 13:42:41,793 [Listener at 0.0.0.0/43945] INFO  ha.OMHANodeDetails (OMHANodeDetails.java:loadOMHAConfig(115)) - ozone.om.internal.service.id is not defined, falling back to ozone.om.service.ids to find serviceID for OzoneManager if it is HA enabled cluster
2022-05-15 13:42:41,793 [Listener at 0.0.0.0/43945] INFO  ha.OMHANodeDetails (OMHANodeDetails.java:loadOMHAConfig(226)) - Configuration does not have ozone.om.address set. Falling back to the default OM address /127.0.0.1:0
2022-05-15 13:42:41,793 [Listener at 0.0.0.0/43945] INFO  ha.OMHANodeDetails (OMHANodeDetails.java:getOMNodeDetailsForNonHA(254)) - OM Service ID is not set. Setting it to the default ID: omServiceIdDefault
2022-05-15 13:42:41,793 [Listener at 0.0.0.0/43945] INFO  ha.OMHANodeDetails (OMHANodeDetails.java:getOMNodeDetailsForNonHA(261)) - OM Node ID is not set. Setting it to the default ID: om1
2022-05-15 13:42:41,794 [Listener at 0.0.0.0/43945] WARN  server.ServerUtils (ServerUtils.java:getDBPath(225)) - ozone.om.db.dirs is not configured. We recommend adding this setting. Falling back to ozone.metadata.dirs instead.
2022-05-15 13:42:41,794 [Listener at 0.0.0.0/43945] INFO  upgrade.AbstractLayoutVersionManager (AbstractLayoutVersionManager.java:init(79)) - Initializing Layout version manager with metadata layout = BUCKET_LAYOUT_SUPPORT (version = 2), software layout = BUCKET_LAYOUT_SUPPORT (version = 2)
2022-05-15 13:42:42,053 [Listener at 0.0.0.0/43945] INFO  reflections.Reflections (Reflections.java:scan(232)) - Reflections took 257 ms to scan 2 urls, producing 143 keys and 369 values [using 2 cores]
2022-05-15 13:42:42,053 [Listener at 0.0.0.0/43945] INFO  upgrade.OMLayoutVersionManager (OMLayoutVersionManager.java:lambda$0(115)) - Skipping Upgrade Action MockOmUpgradeAction since it has been finalized.
2022-05-15 13:42:42,053 [Listener at 0.0.0.0/43945] WARN  server.ServerUtils (ServerUtils.java:getDBPath(225)) - ozone.om.db.dirs is not configured. We recommend adding this setting. Falling back to ozone.metadata.dirs instead.
2022-05-15 13:42:42,123 [Listener at 0.0.0.0/43945] WARN  server.ServerUtils (ServerUtils.java:getDBPath(225)) - ozone.om.db.dirs is not configured. We recommend adding this setting. Falling back to ozone.metadata.dirs instead.
2022-05-15 13:42:42,124 [Listener at 0.0.0.0/43945] INFO  codec.OmKeyInfoCodec (OmKeyInfoCodec.java:<init>(49)) - OmKeyInfoCodec ignorePipeline = true
2022-05-15 13:42:42,124 [Listener at 0.0.0.0/43945] INFO  codec.RepeatedOmKeyInfoCodec (RepeatedOmKeyInfoCodec.java:<init>(41)) - RepeatedOmKeyInfoCodec ignorePipeline = true
2022-05-15 13:42:42,599 [Listener at 0.0.0.0/43945] INFO  om.OzoneManager (OzoneManager.java:addS3GVolumeToDB(3908)) - Created Volume s3v With Owner runner required for S3Gateway operations.
2022-05-15 13:42:42,599 [Listener at 0.0.0.0/43945] WARN  server.ServerUtils (ServerUtils.java:getDefaultRatisDirectory(237)) - Storage directory for Ratis is not configured. It is a good idea to map this to an SSD disk. Falling back to ozone.metadata.dirs
2022-05-15 13:42:42,599 [Listener at 0.0.0.0/43945] WARN  utils.OzoneManagerRatisUtils (OzoneManagerRatisUtils.java:getOMRatisSnapshotDirectory(395)) - ozone.om.ratis.snapshot.dir is not configured. Falling back to ozone.metadata.dirs config
2022-05-15 13:42:42,605 [Listener at 0.0.0.0/43945] WARN  server.ServerUtils (ServerUtils.java:getDefaultRatisDirectory(237)) - Storage directory for Ratis is not configured. It is a good idea to map this to an SSD disk. Falling back to ozone.metadata.dirs
2022-05-15 13:42:42,609 [Listener at 0.0.0.0/43945] INFO  ratis.OzoneManagerRatisServer (OzoneManagerRatisServer.java:<init>(159)) - Instantiating OM Ratis server with groupID: omServiceIdDefault and peers: localhost:9872
2022-05-15 13:42:42,609 [Listener at 0.0.0.0/43945] INFO  ratis.OzoneManagerStateMachine (OzoneManagerStateMachine.java:loadSnapshotInfoFromDB(627)) - LastAppliedIndex is set from TransactionInfo from OM DB as (t:0, i:~)
2022-05-15 13:42:42,618 [Listener at 0.0.0.0/43945] INFO  server.RaftServer (ConfUtils.java:logGet(44)) - raft.rpc.type = GRPC (default)
2022-05-15 13:42:42,619 [Listener at 0.0.0.0/43945] INFO  grpc.GrpcFactory (GrpcFactory.java:checkPooledByteBufAllocatorUseCacheForAllThreads(48)) - PERFORMANCE WARNING: useCacheForAllThreads is true that may cause Netty to create a lot garbage objects and, as a result, trigger GC.
	It is recommended to disable useCacheForAllThreads by setting -Dorg.apache.ratis.thirdparty.io.netty.allocator.useCacheForAllThreads=false in command line.
2022-05-15 13:42:42,619 [Listener at 0.0.0.0/43945] INFO  grpc.GrpcConfigKeys (ConfUtils.java:logGet(44)) - raft.grpc.admin.port = -1 (default)
2022-05-15 13:42:42,619 [Listener at 0.0.0.0/43945] INFO  grpc.GrpcConfigKeys (ConfUtils.java:logGet(44)) - raft.grpc.server.port = 9872 (custom)
2022-05-15 13:42:42,619 [Listener at 0.0.0.0/43945] INFO  grpc.GrpcConfigKeys (ConfUtils.java:logGet(44)) - raft.grpc.client.port = -1 (default)
2022-05-15 13:42:42,619 [Listener at 0.0.0.0/43945] INFO  grpc.GrpcConfigKeys (ConfUtils.java:logGet(44)) - raft.grpc.server.port = 9872 (custom)
2022-05-15 13:42:42,619 [Listener at 0.0.0.0/43945] INFO  grpc.GrpcConfigKeys (ConfUtils.java:logGet(44)) - raft.grpc.server.port = 9872 (custom)
2022-05-15 13:42:42,619 [Listener at 0.0.0.0/43945] INFO  server.GrpcService (ConfUtils.java:logGet(44)) - raft.grpc.message.size.max = 33554432 (custom)
2022-05-15 13:42:42,619 [Listener at 0.0.0.0/43945] INFO  server.RaftServerConfigKeys (ConfUtils.java:logGet(44)) - raft.server.log.appender.buffer.byte-limit = 33554432 (custom)
2022-05-15 13:42:42,619 [Listener at 0.0.0.0/43945] INFO  server.GrpcService (ConfUtils.java:logGet(44)) - raft.grpc.flow.control.window = 1MB (=1048576) (default)
2022-05-15 13:42:42,619 [Listener at 0.0.0.0/43945] INFO  server.RaftServerConfigKeys (ConfUtils.java:logGet(44)) - raft.server.rpc.request.timeout = 3000ms (default)
2022-05-15 13:42:42,621 [Listener at 0.0.0.0/43945] INFO  impl.DataStreamServerImpl (ConfUtils.java:logGet(44)) - raft.datastream.type = DISABLED (default)
2022-05-15 13:42:42,622 [Listener at 0.0.0.0/43945] INFO  server.RaftServerConfigKeys (ConfUtils.java:logGet(44)) - raft.server.rpc.slowness.timeout = 120s (custom)
2022-05-15 13:42:42,622 [Listener at 0.0.0.0/43945] INFO  server.RaftServerConfigKeys (ConfUtils.java:logGet(44)) - raft.server.leaderelection.leader.step-down.wait-time = 10s (default)
2022-05-15 13:42:42,622 [Listener at 0.0.0.0/43945] INFO  server.RaftServerConfigKeys (ConfUtils.java:logGet(44)) - raft.server.storage.dir = [/home/runner/work/ozone/ozone/hadoop-ozone/integration-test/target/test-dir/MiniOzoneClusterImpl-0cd62ba4-9e34-4333-8104-a5cbd1bd15a2/ozone-meta/ratis] (custom)
2022-05-15 13:42:42,626 [Listener at 0.0.0.0/43945] INFO  server.RaftServer (RaftServerProxy.java:addNew(95)) - om1: addNew group-C5BA1605619E:[om1|rpc:localhost:9872|priority:0] returns group-C5BA1605619E:java.util.concurrent.CompletableFuture@18ca542f[Not completed]
2022-05-15 13:42:42,626 [Listener at 0.0.0.0/43945] INFO  om.OzoneManager (OzoneManager.java:initializeRatisServer(1901)) - OzoneManager Ratis server initialized at port 9872
2022-05-15 13:42:42,627 [Listener at 0.0.0.0/43945] INFO  om.OzoneManager (OzoneManager.java:getRpcServer(1030)) - Creating RPC Server
2022-05-15 13:42:42,629 [pool-549-thread-1] INFO  server.RaftServer$Division (RaftServerImpl.java:<init>(184)) - om1: new RaftServerImpl for group-C5BA1605619E:[om1|rpc:localhost:9872|priority:0] with OzoneManagerStateMachine:uninitialized
2022-05-15 13:42:42,678 [pool-549-thread-1] INFO  server.RaftServerConfigKeys (ConfUtils.java:logGet(44)) - raft.server.rpc.timeout.min = 1s (custom)
2022-05-15 13:42:42,678 [pool-549-thread-1] INFO  server.RaftServerConfigKeys (ConfUtils.java:logGet(44)) - raft.server.rpc.timeout.max = 1200ms (custom)
2022-05-15 13:42:42,678 [pool-549-thread-1] INFO  server.RaftServerConfigKeys (ConfUtils.java:logGet(44)) - raft.server.rpc.sleep.time = 25ms (default)
2022-05-15 13:42:42,678 [pool-549-thread-1] INFO  server.RaftServerConfigKeys (ConfUtils.java:logGet(44)) - raft.server.rpc.slowness.timeout = 120s (custom)
2022-05-15 13:42:42,678 [pool-549-thread-1] INFO  server.RaftServerConfigKeys (ConfUtils.java:logGet(44)) - raft.server.leaderelection.leader.step-down.wait-time = 10s (default)
2022-05-15 13:42:42,678 [pool-549-thread-1] INFO  server.RaftServerConfigKeys (ConfUtils.java:logGet(44)) - raft.server.sleep.deviation.threshold = 300ms (default)
2022-05-15 13:42:42,678 [pool-549-thread-1] INFO  server.RaftServerConfigKeys (ConfUtils.java:logGet(44)) - raft.server.log.appender.install.snapshot.enabled = false (custom)
2022-05-15 13:42:42,679 [pool-549-thread-1] INFO  server.RaftServer$Division (ServerState.java:<init>(105)) - om1@group-C5BA1605619E: ConfigurationManager, init=-1: [om1|rpc:localhost:9872|priority:0], old=null, confs=<EMPTY_MAP>
2022-05-15 13:42:42,679 [pool-549-thread-1] INFO  server.RaftServerConfigKeys (ConfUtils.java:logGet(44)) - raft.server.storage.dir = [/home/runner/work/ozone/ozone/hadoop-ozone/integration-test/target/test-dir/MiniOzoneClusterImpl-0cd62ba4-9e34-4333-8104-a5cbd1bd15a2/ozone-meta/ratis] (custom)
2022-05-15 13:42:42,679 [pool-549-thread-1] INFO  server.RaftServerConfigKeys (ConfUtils.java:logGet(44)) - raft.server.log.corruption.policy = EXCEPTION (default)
2022-05-15 13:42:42,679 [pool-549-thread-1] INFO  server.RaftServerConfigKeys (ConfUtils.java:logGet(44)) - raft.server.storage.free-space.min = 0MB (=0) (default)
2022-05-15 13:42:42,679 [pool-549-thread-1] INFO  storage.RaftStorageDirectory (RaftStorageDirectoryImpl.java:analyzeStorage(135)) - The storage directory /home/runner/work/ozone/ozone/hadoop-ozone/integration-test/target/test-dir/MiniOzoneClusterImpl-0cd62ba4-9e34-4333-8104-a5cbd1bd15a2/ozone-meta/ratis/bf265839-605b-3f16-9796-c5ba1605619e does not exist. Creating ...
2022-05-15 13:42:42,680 [pool-549-thread-1] INFO  storage.RaftStorageDirectory (RaftStorageDirectoryImpl.java:tryLock(230)) - Lock on /home/runner/work/ozone/ozone/hadoop-ozone/integration-test/target/test-dir/MiniOzoneClusterImpl-0cd62ba4-9e34-4333-8104-a5cbd1bd15a2/ozone-meta/ratis/bf265839-605b-3f16-9796-c5ba1605619e/in_use.lock acquired by nodename 19587@fv-az40-973
2022-05-15 13:42:42,681 [pool-549-thread-1] INFO  storage.RaftStorage (RaftStorageImpl.java:format(89)) - Storage directory /home/runner/work/ozone/ozone/hadoop-ozone/integration-test/target/test-dir/MiniOzoneClusterImpl-0cd62ba4-9e34-4333-8104-a5cbd1bd15a2/ozone-meta/ratis/bf265839-605b-3f16-9796-c5ba1605619e has been successfully formatted.
2022-05-15 13:42:42,682 [pool-549-thread-1] INFO  server.RaftServerConfigKeys (ConfUtils.java:logGet(44)) - raft.server.notification.no-leader.timeout = 120s (custom)
2022-05-15 13:42:42,682 [pool-549-thread-1] INFO  server.RaftServerConfigKeys (ConfUtils.java:logGet(44)) - raft.server.log.use.memory = false (default)
2022-05-15 13:42:42,682 [pool-549-thread-1] INFO  server.RaftServerConfigKeys (ConfUtils.java:logGet(44)) - raft.server.log.purge.gap = 1000000 (custom)
2022-05-15 13:42:42,682 [pool-549-thread-1] INFO  server.RaftServerConfigKeys (ConfUtils.java:logGet(44)) - raft.server.log.appender.buffer.byte-limit = 33554432 (custom)
2022-05-15 13:42:42,682 [pool-549-thread-1] INFO  server.RaftServerConfigKeys (ConfUtils.java:logGet(44)) - raft.server.log.segment.size.max = 4194304 (custom)
2022-05-15 13:42:42,682 [pool-549-thread-1] INFO  server.RaftServerConfigKeys (ConfUtils.java:logGet(44)) - raft.server.log.segment.cache.num.max = 2 (custom)
2022-05-15 13:42:42,682 [pool-549-thread-1] INFO  server.RaftServerConfigKeys (ConfUtils.java:logGet(44)) - raft.server.log.segment.cache.size.max = 200MB (=209715200) (default)
2022-05-15 13:42:42,682 [pool-549-thread-1] INFO  segmented.SegmentedRaftLogWorker (SegmentedRaftLogWorker.java:<init>(182)) - new om1@group-C5BA1605619E-SegmentedRaftLogWorker for RaftStorageImpl:Storage Directory /home/runner/work/ozone/ozone/hadoop-ozone/integration-test/target/test-dir/MiniOzoneClusterImpl-0cd62ba4-9e34-4333-8104-a5cbd1bd15a2/ozone-meta/ratis/bf265839-605b-3f16-9796-c5ba1605619e
2022-05-15 13:42:42,682 [pool-549-thread-1] INFO  server.RaftServerConfigKeys (ConfUtils.java:logGet(44)) - raft.server.log.queue.byte-limit = 64MB (=67108864) (default)
2022-05-15 13:42:42,682 [pool-549-thread-1] INFO  server.RaftServerConfigKeys (ConfUtils.java:logGet(44)) - raft.server.log.queue.element-limit = 4096 (default)
2022-05-15 13:42:42,682 [pool-549-thread-1] INFO  server.RaftServerConfigKeys (ConfUtils.java:logGet(44)) - raft.server.log.segment.size.max = 4194304 (custom)
2022-05-15 13:42:42,682 [pool-549-thread-1] INFO  server.RaftServerConfigKeys (ConfUtils.java:logGet(44)) - raft.server.log.preallocated.size = 4194304 (custom)
2022-05-15 13:42:42,683 [pool-549-thread-1] INFO  server.RaftServerConfigKeys (ConfUtils.java:logGet(44)) - raft.server.log.force.sync.num = 128 (default)
2022-05-15 13:42:42,683 [pool-549-thread-1] INFO  server.RaftServerConfigKeys (ConfUtils.java:logGet(44)) - raft.server.log.statemachine.data.sync = true (default)
2022-05-15 13:42:42,683 [pool-549-thread-1] INFO  server.RaftServerConfigKeys (ConfUtils.java:logGet(44)) - raft.server.log.statemachine.data.sync.timeout = 10s (default)
2022-05-15 13:42:42,683 [pool-549-thread-1] INFO  server.RaftServerConfigKeys (ConfUtils.java:logGet(44)) - raft.server.log.statemachine.data.sync.timeout.retry = -1 (default)
2022-05-15 13:42:42,683 [pool-549-thread-1] INFO  server.RaftServerConfigKeys (ConfUtils.java:logGet(44)) - raft.server.log.write.buffer.size = 64KB (=65536) (default)
2022-05-15 13:42:42,684 [pool-549-thread-1] INFO  server.RaftServerConfigKeys (ConfUtils.java:logGet(44)) - raft.server.log.statemachine.data.caching.enabled = false (default)
2022-05-15 13:42:42,684 [pool-549-thread-1] INFO  segmented.SegmentedRaftLogWorker (SegmentedRaftLogWorker.java:lambda$new$0(133)) - om1@group-C5BA1605619E-SegmentedRaftLogWorker: flushIndex: setUnconditionally 0 -> -1
2022-05-15 13:42:42,684 [pool-549-thread-1] INFO  segmented.SegmentedRaftLogWorker (SegmentedRaftLogWorker.java:lambda$new$0(133)) - om1@group-C5BA1605619E-SegmentedRaftLogWorker: safeCacheEvictIndex: setUnconditionally 0 -> -1
2022-05-15 13:42:42,703 [pool-549-thread-1] INFO  server.RaftServerConfigKeys (ConfUtils.java:logGet(44)) - raft.server.snapshot.auto.trigger.enabled = true (custom)
2022-05-15 13:42:42,704 [pool-549-thread-1] INFO  server.RaftServerConfigKeys (ConfUtils.java:logGet(44)) - raft.server.snapshot.auto.trigger.threshold = 400000 (default)
2022-05-15 13:42:42,704 [pool-549-thread-1] INFO  server.RaftServerConfigKeys (ConfUtils.java:logGet(44)) - raft.server.snapshot.retention.file.num = -1 (default)
2022-05-15 13:42:42,704 [pool-549-thread-1] INFO  server.RaftServerConfigKeys (ConfUtils.java:logGet(44)) - raft.server.log.purge.upto.snapshot.index = true (custom)
2022-05-15 13:42:42,704 [pool-549-thread-1] INFO  server.RaftServerConfigKeys (ConfUtils.java:logGet(44)) - raft.server.retrycache.expirytime = 300s (custom)
2022-05-15 13:42:42,704 [pool-549-thread-1] INFO  server.RaftServerConfigKeys (ConfUtils.java:logGet(44)) - raft.server.retrycache.statistics.expirytime = 100μs (default)
2022-05-15 13:42:44,053 [Listener at 0.0.0.0/43945] INFO  reflections.Reflections (Reflections.java:scan(232)) - Reflections took 1424 ms to scan 19 urls, producing 61 keys and 3686 values [using 2 cores]
2022-05-15 13:42:44,054 [Listener at 0.0.0.0/43945] INFO  ipc.CallQueueManager (CallQueueManager.java:<init>(90)) - Using callQueue: class java.util.concurrent.LinkedBlockingQueue, queueCapacity: 2000, scheduler: class org.apache.hadoop.ipc.DefaultRpcScheduler, ipcBackoff: false.
2022-05-15 13:42:44,054 [Socket Reader #1 for port 0] INFO  ipc.Server (Server.java:run(1265)) - Starting Socket Reader #1 for port 0
2022-05-15 13:42:44,133 [Listener at 127.0.0.1/34565] INFO  impl.MetricsSystemImpl (MetricsSystemImpl.java:init(158)) - OzoneManager metrics system started (again)
2022-05-15 13:42:44,171 [Listener at 127.0.0.1/34565] INFO  om.OzoneManager (OzoneManager.java:start(1405)) - OzoneManager RPC server is listening at localhost/127.0.0.1:34565
2022-05-15 13:42:44,172 [Listener at 127.0.0.1/34565] INFO  ratis.OzoneManagerRatisServer (OzoneManagerRatisServer.java:start(554)) - Starting OzoneManagerRatisServer om1 at port 9872
2022-05-15 13:42:44,172 [Listener at 127.0.0.1/34565] INFO  server.RaftServer$Division (RaftServerImpl.java:start(301)) - om1@group-C5BA1605619E: start as a follower, conf=-1: [om1|rpc:localhost:9872|priority:0], old=null
2022-05-15 13:42:44,172 [Listener at 127.0.0.1/34565] INFO  server.RaftServer$Division (RaftServerImpl.java:setRole(290)) - om1@group-C5BA1605619E: changes role from      null to FOLLOWER at term 0 for startAsFollower
2022-05-15 13:42:44,172 [Listener at 127.0.0.1/34565] INFO  impl.RoleInfo (RoleInfo.java:updateAndGet(130)) - om1: start om1@group-C5BA1605619E-FollowerState
2022-05-15 13:42:44,176 [Listener at 127.0.0.1/34565] INFO  util.JmxRegister (JmxRegister.java:tryRegister(44)) - Successfully registered JMX Bean with object name Ratis:service=RaftServer,group=group-C5BA1605619E,id=om1
2022-05-15 13:42:44,186 [Listener at 127.0.0.1/34565] INFO  server.RaftServer (RaftServerProxy.java:lambda$start$5(374)) - om1: start RPC server
2022-05-15 13:42:44,195 [Listener at 127.0.0.1/34565] INFO  server.GrpcService (GrpcService.java:startImpl(253)) - om1: GrpcService started, listening on 9872
2022-05-15 13:42:44,202 [Listener at 127.0.0.1/34565] INFO  om.OzoneManager (OzoneManager.java:start(1421)) - Version File has different layout version (2) than OM DB (null). That is expected if this OM has never been finalized to a newer layout version.
2022-05-15 13:42:44,203 [org.apache.ratis.util.JvmPauseMonitor$$Lambda$622/1489821748@ba27c12] INFO  util.JvmPauseMonitor (JvmPauseMonitor.java:run(103)) - JvmPauseMonitor-om1: Started
2022-05-15 13:42:44,216 [Listener at 127.0.0.1/34565] INFO  http.BaseHttpServer (BaseHttpServer.java:newHttpServer2BuilderForOzone(209)) - Starting Web-server for ozoneManager at: http://0.0.0.0:0
2022-05-15 13:42:44,216 [Listener at 127.0.0.1/34565] INFO  http.BaseHttpServer (BaseHttpServer.java:<init>(107)) - Hadoop Security Enabled: false Ozone Security Enabled: false Ozone HTTP Security Enabled: false 
2022-05-15 13:42:44,216 [Listener at 127.0.0.1/34565] INFO  server.AuthenticationFilter (AuthenticationFilter.java:constructSecretProvider(240)) - Unable to initialize FileSignerSecretProvider, falling back to use random secrets.
2022-05-15 13:42:44,217 [Listener at 127.0.0.1/34565] WARN  http.HttpRequestLog (HttpRequestLog.java:getRequestLog(103)) - Jetty request log can only be enabled using Log4j
2022-05-15 13:42:44,218 [Listener at 127.0.0.1/34565] INFO  http.HttpServer2 (HttpServer2.java:addGlobalFilter(1030)) - Added global filter 'safety' (class=org.apache.hadoop.hdds.server.http.HttpServer2$QuotingInputFilter)
2022-05-15 13:42:44,219 [Listener at 127.0.0.1/34565] INFO  http.HttpServer2 (HttpServer2.java:addFilter(1006)) - Added filter static_user_filter (class=org.apache.hadoop.http.lib.StaticUserWebFilter$StaticUserFilter) to context ozoneManager
2022-05-15 13:42:44,219 [Listener at 127.0.0.1/34565] INFO  http.HttpServer2 (HttpServer2.java:addFilter(1014)) - Added filter static_user_filter (class=org.apache.hadoop.http.lib.StaticUserWebFilter$StaticUserFilter) to context logs
2022-05-15 13:42:44,219 [Listener at 127.0.0.1/34565] INFO  http.HttpServer2 (HttpServer2.java:addFilter(1014)) - Added filter static_user_filter (class=org.apache.hadoop.http.lib.StaticUserWebFilter$StaticUserFilter) to context static
2022-05-15 13:42:44,219 [Listener at 127.0.0.1/34565] INFO  http.HttpServer2 (HttpServer2.java:bindListener(1249)) - Jetty bound to port 36941
2022-05-15 13:42:44,219 [Listener at 127.0.0.1/34565] INFO  server.Server (Server.java:doStart(375)) - jetty-9.4.43.v20210629; built: 2021-06-30T11:07:22.254Z; git: 526006ecfa3af7f1a27ef3a288e2bef7ea9dd7e8; jvm 1.8.0_332-b09
2022-05-15 13:42:44,250 [Listener at 127.0.0.1/34565] INFO  server.session (DefaultSessionIdManager.java:doStart(334)) - DefaultSessionIdManager workerName=node0
2022-05-15 13:42:44,251 [Listener at 127.0.0.1/34565] INFO  server.session (DefaultSessionIdManager.java:doStart(339)) - No SessionScavenger set, using defaults
2022-05-15 13:42:44,251 [Listener at 127.0.0.1/34565] INFO  server.session (HouseKeeper.java:startScavenging(132)) - node0 Scavenging every 600000ms
2022-05-15 13:42:44,267 [Listener at 127.0.0.1/34565] INFO  handler.ContextHandler (ContextHandler.java:doStart(915)) - Started o.e.j.s.ServletContextHandler@3e83943c{logs,/logs,file:///home/runner/work/ozone/ozone/hadoop-ozone/integration-test/target/log,AVAILABLE}
2022-05-15 13:42:44,267 [Listener at 127.0.0.1/34565] INFO  handler.ContextHandler (ContextHandler.java:doStart(915)) - Started o.e.j.s.ServletContextHandler@2deb0e44{static,/static,file:///home/runner/work/ozone/ozone/hadoop-ozone/integration-test/target/test-classes/webapps/static,AVAILABLE}
2022-05-15 13:42:44,270 [Listener at 127.0.0.1/34565] INFO  handler.ContextHandler (ContextHandler.java:doStart(915)) - Started o.e.j.w.WebAppContext@542e3b11{ozoneManager,/,file:///home/runner/work/ozone/ozone/hadoop-ozone/integration-test/target/test-classes/webapps/ozoneManager/,AVAILABLE}{file:/home/runner/work/ozone/ozone/hadoop-ozone/integration-test/target/test-classes/webapps/ozoneManager}
2022-05-15 13:42:44,272 [Listener at 127.0.0.1/34565] INFO  server.AbstractConnector (AbstractConnector.java:doStart(331)) - Started ServerConnector@20d6a76b{HTTP/1.1, (http/1.1)}{0.0.0.0:36941}
2022-05-15 13:42:44,273 [Listener at 127.0.0.1/34565] INFO  server.Server (Server.java:doStart(415)) - Started @188387ms
2022-05-15 13:42:44,273 [Listener at 127.0.0.1/34565] WARN  impl.MetricsSystemImpl (MetricsSystemImpl.java:register(279)) - Sink prometheus already exists!
2022-05-15 13:42:44,274 [Listener at 127.0.0.1/34565] INFO  http.BaseHttpServer (BaseHttpServer.java:updateConnectorAddress(329)) - HTTP server of ozoneManager listening at http://0.0.0.0:36941
2022-05-15 13:42:44,290 [IPC Server Responder] INFO  ipc.Server (Server.java:run(1507)) - IPC Server Responder: starting
2022-05-15 13:42:44,306 [IPC Server listener on 0] INFO  ipc.Server (Server.java:run(1344)) - IPC Server listener on 0: starting
2022-05-15 13:42:44,364 [Listener at 127.0.0.1/34565] INFO  om.OzoneManager (OzoneManager.java:startTrashEmptier(1845)) - Trash Interval set to 0. Files deleted won't move to trash
2022-05-15 13:42:44,379 [org.apache.hadoop.util.JvmPauseMonitor$Monitor@45ac5ad1] INFO  util.JvmPauseMonitor (JvmPauseMonitor.java:run(188)) - Starting JVM pause monitor
2022-05-15 13:42:44,383 [Listener at 127.0.0.1/34565] WARN  impl.MetricRegistriesImpl (MetricRegistriesImpl.java:addReporterRegistration(111)) - New reporters are added after registries were created. Some metrics will be missing from the reporter. Please add reporter before adding any new registry.
2022-05-15 13:42:44,384 [Listener at 127.0.0.1/34565] WARN  impl.MetricRegistriesImpl (MetricRegistriesImpl.java:addReporterRegistration(111)) - New reporters are added after registries were created. Some metrics will be missing from the reporter. Please add reporter before adding any new registry.
2022-05-15 13:42:44,384 [Listener at 127.0.0.1/34565] INFO  impl.MetricsSystemImpl (MetricsSystemImpl.java:init(158)) - HddsDatanode metrics system started (again)
2022-05-15 13:42:44,427 [Listener at 127.0.0.1/34565] INFO  ozone.HddsDatanodeService (HddsDatanodeService.java:start(236)) - HddsDatanodeService host:fv-az40-973.r1qzdtoifymehf5jtx2d0vwyfg.bx.internal.cloudapp.net ip:10.1.0.20
2022-05-15 13:42:44,478 [Listener at 127.0.0.1/34565] INFO  upgrade.AbstractLayoutVersionManager (AbstractLayoutVersionManager.java:init(79)) - Initializing Layout version manager with metadata layout = ERASURE_CODED_STORAGE_SUPPORT (version = 3), software layout = ERASURE_CODED_STORAGE_SUPPORT (version = 3)
2022-05-15 13:42:44,585 [Listener at 127.0.0.1/34565] INFO  reflections.Reflections (Reflections.java:scan(232)) - Reflections took 96 ms to scan 7 urls, producing 126 keys and 289 values 
2022-05-15 13:42:44,586 [Listener at 127.0.0.1/34565] INFO  statemachine.DatanodeStateMachine (DatanodeStateMachine.java:getEndPointTaskThreadPoolSize(224)) - Datanode State Machine Task Thread Pool size 2
2022-05-15 13:42:44,592 [Listener at 127.0.0.1/34565] INFO  volume.HddsVolume (HddsVolume.java:<init>(120)) - Creating HddsVolume: /home/runner/work/ozone/ozone/hadoop-ozone/integration-test/target/test-dir/MiniOzoneClusterImpl-0cd62ba4-9e34-4333-8104-a5cbd1bd15a2/datanode-0/data-0/containers/hdds of storage type : DISK capacity : 9223372036854775807
2022-05-15 13:42:44,592 [Listener at 127.0.0.1/34565] INFO  volume.MutableVolumeSet (MutableVolumeSet.java:initializeVolumeSet(168)) - Added Volume : /home/runner/work/ozone/ozone/hadoop-ozone/integration-test/target/test-dir/MiniOzoneClusterImpl-0cd62ba4-9e34-4333-8104-a5cbd1bd15a2/datanode-0/data-0/containers/hdds to VolumeSet
2022-05-15 13:42:44,592 [Listener at 127.0.0.1/34565] INFO  volume.ThrottledAsyncChecker (ThrottledAsyncChecker.java:schedule(141)) - Scheduling a check for /home/runner/work/ozone/ozone/hadoop-ozone/integration-test/target/test-dir/MiniOzoneClusterImpl-0cd62ba4-9e34-4333-8104-a5cbd1bd15a2/datanode-0/data-0/containers/hdds
2022-05-15 13:42:44,593 [Listener at 127.0.0.1/34565] INFO  volume.StorageVolumeChecker (StorageVolumeChecker.java:checkAllVolumes(202)) - Scheduled health check for volume /home/runner/work/ozone/ozone/hadoop-ozone/integration-test/target/test-dir/MiniOzoneClusterImpl-0cd62ba4-9e34-4333-8104-a5cbd1bd15a2/datanode-0/data-0/containers/hdds
2022-05-15 13:42:44,603 [Listener at 127.0.0.1/34565] INFO  volume.MutableVolumeSet (MutableVolumeSet.java:initializeVolumeSet(168)) - Added Volume : /home/runner/work/ozone/ozone/hadoop-ozone/integration-test/target/test-dir/MiniOzoneClusterImpl-0cd62ba4-9e34-4333-8104-a5cbd1bd15a2/datanode-0/data/ratis to VolumeSet
2022-05-15 13:42:44,603 [Listener at 127.0.0.1/34565] INFO  volume.ThrottledAsyncChecker (ThrottledAsyncChecker.java:schedule(141)) - Scheduling a check for /home/runner/work/ozone/ozone/hadoop-ozone/integration-test/target/test-dir/MiniOzoneClusterImpl-0cd62ba4-9e34-4333-8104-a5cbd1bd15a2/datanode-0/data/ratis
2022-05-15 13:42:44,603 [Listener at 127.0.0.1/34565] INFO  volume.StorageVolumeChecker (StorageVolumeChecker.java:checkAllVolumes(202)) - Scheduled health check for volume /home/runner/work/ozone/ozone/hadoop-ozone/integration-test/target/test-dir/MiniOzoneClusterImpl-0cd62ba4-9e34-4333-8104-a5cbd1bd15a2/datanode-0/data/ratis
2022-05-15 13:42:44,658 [Thread-1232] INFO  ozoneimpl.ContainerReader (ContainerReader.java:readVolume(172)) - Finish verifying containers on volume /home/runner/work/ozone/ozone/hadoop-ozone/integration-test/target/test-dir/MiniOzoneClusterImpl-0cd62ba4-9e34-4333-8104-a5cbd1bd15a2/datanode-0/data-0/containers/hdds
2022-05-15 13:42:44,658 [Listener at 127.0.0.1/34565] INFO  ozoneimpl.OzoneContainer (OzoneContainer.java:buildContainerSet(257)) - Build ContainerSet costs 0s
2022-05-15 13:42:44,660 [Listener at 127.0.0.1/34565] INFO  server.RaftServer (ConfUtils.java:logGet(44)) - raft.rpc.type = GRPC (default)
2022-05-15 13:42:44,660 [Listener at 127.0.0.1/34565] INFO  grpc.GrpcFactory (GrpcFactory.java:checkPooledByteBufAllocatorUseCacheForAllThreads(48)) - PERFORMANCE WARNING: useCacheForAllThreads is true that may cause Netty to create a lot garbage objects and, as a result, trigger GC.
	It is recommended to disable useCacheForAllThreads by setting -Dorg.apache.ratis.thirdparty.io.netty.allocator.useCacheForAllThreads=false in command line.
2022-05-15 13:42:44,660 [Listener at 127.0.0.1/34565] INFO  grpc.GrpcConfigKeys (ConfUtils.java:logGet(44)) - raft.grpc.admin.port = 0 (custom)
2022-05-15 13:42:44,660 [Listener at 127.0.0.1/34565] INFO  grpc.GrpcConfigKeys (ConfUtils.java:logGet(44)) - raft.grpc.client.port = 0 (custom)
2022-05-15 13:42:44,660 [Listener at 127.0.0.1/34565] INFO  grpc.GrpcConfigKeys (ConfUtils.java:logGet(44)) - raft.grpc.server.port = 0 (default)
2022-05-15 13:42:44,660 [Listener at 127.0.0.1/34565] INFO  server.GrpcService (ConfUtils.java:logGet(44)) - raft.grpc.message.size.max = 32MB (=33554432) (custom)
2022-05-15 13:42:44,661 [Listener at 127.0.0.1/34565] INFO  server.RaftServerConfigKeys (ConfUtils.java:logGet(44)) - raft.server.log.appender.buffer.byte-limit = 33554432 (custom)
2022-05-15 13:42:44,661 [Listener at 127.0.0.1/34565] INFO  server.GrpcService (ConfUtils.java:logGet(44)) - raft.grpc.flow.control.window = 5MB (=5242880) (custom)
2022-05-15 13:42:44,661 [Listener at 127.0.0.1/34565] INFO  server.RaftServerConfigKeys (ConfUtils.java:logGet(44)) - raft.server.rpc.request.timeout = 60s (custom)
2022-05-15 13:42:44,662 [Listener at 127.0.0.1/34565] INFO  impl.DataStreamServerImpl (ConfUtils.java:logGet(44)) - raft.datastream.type = DISABLED (default)
2022-05-15 13:42:44,662 [Listener at 127.0.0.1/34565] INFO  server.RaftServerConfigKeys (ConfUtils.java:logGet(44)) - raft.server.rpc.slowness.timeout = 300s (custom)
2022-05-15 13:42:44,662 [Listener at 127.0.0.1/34565] INFO  server.RaftServerConfigKeys (ConfUtils.java:logGet(44)) - raft.server.leaderelection.leader.step-down.wait-time = 10s (default)
2022-05-15 13:42:44,662 [Listener at 127.0.0.1/34565] INFO  server.RaftServerConfigKeys (ConfUtils.java:logGet(44)) - raft.server.storage.dir = [/home/runner/work/ozone/ozone/hadoop-ozone/integration-test/target/test-dir/MiniOzoneClusterImpl-0cd62ba4-9e34-4333-8104-a5cbd1bd15a2/datanode-0/data/ratis] (custom)
2022-05-15 13:42:44,670 [Listener at 127.0.0.1/34565] INFO  server.XceiverServerGrpc (XceiverServerGrpc.java:<init>(132)) - GrpcServer channel type EpollServerSocketChannel
2022-05-15 13:42:44,686 [Listener at 127.0.0.1/34565] INFO  http.BaseHttpServer (BaseHttpServer.java:newHttpServer2BuilderForOzone(209)) - Starting Web-server for hddsDatanode at: http://0.0.0.0:0
2022-05-15 13:42:44,686 [Listener at 127.0.0.1/34565] INFO  http.BaseHttpServer (BaseHttpServer.java:<init>(107)) - Hadoop Security Enabled: false Ozone Security Enabled: false Ozone HTTP Security Enabled: false 
2022-05-15 13:42:44,689 [Listener at 127.0.0.1/34565] INFO  server.AuthenticationFilter (AuthenticationFilter.java:constructSecretProvider(240)) - Unable to initialize FileSignerSecretProvider, falling back to use random secrets.
2022-05-15 13:42:44,705 [Listener at 127.0.0.1/34565] WARN  http.HttpRequestLog (HttpRequestLog.java:getRequestLog(103)) - Jetty request log can only be enabled using Log4j
2022-05-15 13:42:44,706 [Listener at 127.0.0.1/34565] INFO  http.HttpServer2 (HttpServer2.java:addGlobalFilter(1030)) - Added global filter 'safety' (class=org.apache.hadoop.hdds.server.http.HttpServer2$QuotingInputFilter)
2022-05-15 13:42:44,706 [Listener at 127.0.0.1/34565] INFO  http.HttpServer2 (HttpServer2.java:addFilter(1006)) - Added filter static_user_filter (class=org.apache.hadoop.http.lib.StaticUserWebFilter$StaticUserFilter) to context hddsDatanode
2022-05-15 13:42:44,706 [Listener at 127.0.0.1/34565] INFO  http.HttpServer2 (HttpServer2.java:addFilter(1014)) - Added filter static_user_filter (class=org.apache.hadoop.http.lib.StaticUserWebFilter$StaticUserFilter) to context logs
2022-05-15 13:42:44,706 [Listener at 127.0.0.1/34565] INFO  http.HttpServer2 (HttpServer2.java:addFilter(1014)) - Added filter static_user_filter (class=org.apache.hadoop.http.lib.StaticUserWebFilter$StaticUserFilter) to context static
2022-05-15 13:42:44,707 [Listener at 127.0.0.1/34565] INFO  http.HttpServer2 (HttpServer2.java:bindListener(1249)) - Jetty bound to port 40627
2022-05-15 13:42:44,707 [Listener at 127.0.0.1/34565] INFO  server.Server (Server.java:doStart(375)) - jetty-9.4.43.v20210629; built: 2021-06-30T11:07:22.254Z; git: 526006ecfa3af7f1a27ef3a288e2bef7ea9dd7e8; jvm 1.8.0_332-b09
2022-05-15 13:42:44,716 [Listener at 127.0.0.1/34565] INFO  server.session (DefaultSessionIdManager.java:doStart(334)) - DefaultSessionIdManager workerName=node0
2022-05-15 13:42:44,717 [Listener at 127.0.0.1/34565] INFO  server.session (DefaultSessionIdManager.java:doStart(339)) - No SessionScavenger set, using defaults
2022-05-15 13:42:44,717 [Listener at 127.0.0.1/34565] INFO  server.session (HouseKeeper.java:startScavenging(132)) - node0 Scavenging every 600000ms
2022-05-15 13:42:44,718 [Listener at 127.0.0.1/34565] INFO  handler.ContextHandler (ContextHandler.java:doStart(915)) - Started o.e.j.s.ServletContextHandler@6e18d3f9{logs,/logs,file:///home/runner/work/ozone/ozone/hadoop-ozone/integration-test/target/log,AVAILABLE}
2022-05-15 13:42:44,718 [Listener at 127.0.0.1/34565] INFO  handler.ContextHandler (ContextHandler.java:doStart(915)) - Started o.e.j.s.ServletContextHandler@1e414c99{static,/static,jar:file:/home/runner/.m2/repository/org/apache/ozone/hdds-container-service/1.3.0-SNAPSHOT/hdds-container-service-1.3.0-SNAPSHOT.jar!/webapps/static,AVAILABLE}
2022-05-15 13:42:45,210 [om1@group-C5BA1605619E-FollowerState] INFO  impl.FollowerState (FollowerState.java:run(134)) - om1@group-C5BA1605619E-FollowerState: change to CANDIDATE, lastRpcElapsedTime:1038373175ns, electionTimeout:1033ms
2022-05-15 13:42:45,211 [om1@group-C5BA1605619E-FollowerState] INFO  impl.RoleInfo (RoleInfo.java:shutdownFollowerState(108)) - om1: shutdown om1@group-C5BA1605619E-FollowerState
2022-05-15 13:42:45,211 [om1@group-C5BA1605619E-FollowerState] INFO  server.RaftServer$Division (RaftServerImpl.java:setRole(290)) - om1@group-C5BA1605619E: changes role from  FOLLOWER to CANDIDATE at term 0 for changeToCandidate
2022-05-15 13:42:45,211 [om1@group-C5BA1605619E-FollowerState] INFO  server.RaftServerConfigKeys (ConfUtils.java:logGet(44)) - raft.server.leaderelection.pre-vote = false (custom)
2022-05-15 13:42:45,211 [om1@group-C5BA1605619E-FollowerState] INFO  impl.RoleInfo (RoleInfo.java:updateAndGet(130)) - om1: start om1@group-C5BA1605619E-LeaderElection64
2022-05-15 13:42:45,244 [om1@group-C5BA1605619E-LeaderElection64] INFO  impl.LeaderElection (LeaderElection.java:askForVotes(306)) - om1@group-C5BA1605619E-LeaderElection64 ELECTION round 0: submit vote requests at term 1 for -1: [om1|rpc:localhost:9872|priority:0], old=null
2022-05-15 13:42:45,244 [om1@group-C5BA1605619E-LeaderElection64] INFO  impl.LeaderElection (LeaderElection.java:askForVotes(308)) - om1@group-C5BA1605619E-LeaderElection64 ELECTION round 0: result PASSED (term=1)
2022-05-15 13:42:45,244 [om1@group-C5BA1605619E-LeaderElection64] INFO  impl.RoleInfo (RoleInfo.java:shutdownLeaderElection(121)) - om1: shutdown om1@group-C5BA1605619E-LeaderElection64
2022-05-15 13:42:45,244 [om1@group-C5BA1605619E-LeaderElection64] INFO  server.RaftServer$Division (RaftServerImpl.java:setRole(290)) - om1@group-C5BA1605619E: changes role from CANDIDATE to LEADER at term 1 for changeToLeader
2022-05-15 13:42:45,244 [om1@group-C5BA1605619E-LeaderElection64] INFO  server.RaftServer$Division (ServerState.java:setLeader(285)) - om1@group-C5BA1605619E: change Leader from null to om1 at term 1 for becomeLeader, leader elected after 2562ms
2022-05-15 13:42:45,244 [om1@group-C5BA1605619E-LeaderElection64] INFO  server.RaftServerConfigKeys (ConfUtils.java:logGet(44)) - raft.server.staging.catchup.gap = 1000 (default)
2022-05-15 13:42:45,244 [om1@group-C5BA1605619E-LeaderElection64] INFO  server.RaftServerConfigKeys (ConfUtils.java:logGet(44)) - raft.server.write.element-limit = 4096 (default)
2022-05-15 13:42:45,244 [om1@group-C5BA1605619E-LeaderElection64] INFO  server.RaftServerConfigKeys (ConfUtils.java:logGet(44)) - raft.server.write.byte-limit = 64MB (=67108864) (default)
2022-05-15 13:42:45,245 [om1@group-C5BA1605619E-LeaderElection64] INFO  server.RaftServerConfigKeys (ConfUtils.java:logGet(44)) - raft.server.watch.timeout = 10s (default)
2022-05-15 13:42:45,245 [om1@group-C5BA1605619E-LeaderElection64] INFO  server.RaftServerConfigKeys (ConfUtils.java:logGet(44)) - raft.server.watch.timeout.denomination = 1s (default)
2022-05-15 13:42:45,245 [om1@group-C5BA1605619E-LeaderElection64] INFO  server.RaftServerConfigKeys (ConfUtils.java:logGet(44)) - raft.server.watch.element-limit = 65536 (default)
2022-05-15 13:42:45,245 [om1@group-C5BA1605619E-LeaderElection64] INFO  server.RaftServerConfigKeys (ConfUtils.java:logGet(44)) - raft.server.write.element-limit = 4096 (default)
2022-05-15 13:42:45,245 [om1@group-C5BA1605619E-LeaderElection64] INFO  server.RaftServerConfigKeys (ConfUtils.java:logGet(44)) - raft.server.write.follower.gap.ratio.max = -1.0 (default)
2022-05-15 13:42:45,245 [om1@group-C5BA1605619E-LeaderElection64] INFO  impl.RoleInfo (RoleInfo.java:updateAndGet(130)) - om1: start om1@group-C5BA1605619E-LeaderStateImpl
2022-05-15 13:42:45,245 [om1@group-C5BA1605619E-LeaderElection64] INFO  segmented.SegmentedRaftLogWorker (SegmentedRaftLogWorker.java:startLogSegment(394)) - om1@group-C5BA1605619E-SegmentedRaftLogWorker: Starting segment from index:0
2022-05-15 13:42:45,250 [om1@group-C5BA1605619E-LeaderElection64] INFO  server.RaftServer$Division (ServerState.java:setRaftConf(387)) - om1@group-C5BA1605619E: set configuration 0: [om1|rpc:localhost:9872|admin:|client:|dataStream:|priority:0], old=null
2022-05-15 13:42:45,289 [Listener at 127.0.0.1/34565] INFO  handler.ContextHandler (ContextHandler.java:doStart(915)) - Started o.e.j.w.WebAppContext@55c6e0d0{hddsDatanode,/,file:///tmp/jetty-0_0_0_0-40627-hdds-container-service-1_3_0-SNAPSHOT_jar-_-any-7472866628047723842/webapp/,AVAILABLE}{jar:file:/home/runner/.m2/repository/org/apache/ozone/hdds-container-service/1.3.0-SNAPSHOT/hdds-container-service-1.3.0-SNAPSHOT.jar!/webapps/hddsDatanode}
2022-05-15 13:42:45,295 [om1@group-C5BA1605619E-SegmentedRaftLogWorker] INFO  segmented.SegmentedRaftLogWorker (SegmentedRaftLogWorker.java:execute(601)) - om1@group-C5BA1605619E-SegmentedRaftLogWorker: created new log segment /home/runner/work/ozone/ozone/hadoop-ozone/integration-test/target/test-dir/MiniOzoneClusterImpl-0cd62ba4-9e34-4333-8104-a5cbd1bd15a2/ozone-meta/ratis/bf265839-605b-3f16-9796-c5ba1605619e/current/log_inprogress_0
2022-05-15 13:42:45,295 [Listener at 127.0.0.1/34565] INFO  server.AbstractConnector (AbstractConnector.java:doStart(331)) - Started ServerConnector@3c4f0087{HTTP/1.1, (http/1.1)}{0.0.0.0:40627}
2022-05-15 13:42:45,296 [Listener at 127.0.0.1/34565] INFO  server.Server (Server.java:doStart(415)) - Started @189410ms
2022-05-15 13:42:45,296 [Listener at 127.0.0.1/34565] WARN  impl.MetricsSystemImpl (MetricsSystemImpl.java:register(279)) - Sink prometheus already exists!
2022-05-15 13:42:45,296 [Listener at 127.0.0.1/34565] INFO  http.BaseHttpServer (BaseHttpServer.java:updateConnectorAddress(329)) - HTTP server of hddsDatanode listening at http://0.0.0.0:40627
2022-05-15 13:42:45,333 [Listener at 127.0.0.1/34565] WARN  impl.MetricRegistriesImpl (MetricRegistriesImpl.java:addReporterRegistration(111)) - New reporters are added after registries were created. Some metrics will be missing from the reporter. Please add reporter before adding any new registry.
2022-05-15 13:42:45,333 [Listener at 127.0.0.1/34565] WARN  impl.MetricRegistriesImpl (MetricRegistriesImpl.java:addReporterRegistration(111)) - New reporters are added after registries were created. Some metrics will be missing from the reporter. Please add reporter before adding any new registry.
2022-05-15 13:42:45,333 [Listener at 127.0.0.1/34565] INFO  impl.MetricsSystemImpl (MetricsSystemImpl.java:init(158)) - HddsDatanode metrics system started (again)
2022-05-15 13:42:45,359 [om1@group-C5BA1605619E-StateMachineUpdater] INFO  ratis.OzoneManagerStateMachine (OzoneManagerStateMachine.java:notifyConfigurationChanged(191)) - Received Configuration change notification from Ratis. New Peer list:
[id: "om1"
address: "localhost:9872"
]
2022-05-15 13:42:45,406 [Datanode State Machine Daemon Thread] INFO  statemachine.DatanodeStateMachine (DatanodeStateMachine.java:lambda$startDaemon$0(472)) - Ozone container server started.
2022-05-15 13:42:45,430 [org.apache.hadoop.util.JvmPauseMonitor$Monitor@1682c4cc] INFO  util.JvmPauseMonitor (JvmPauseMonitor.java:run(188)) - Starting JVM pause monitor
2022-05-15 13:42:45,432 [Listener at 127.0.0.1/34565] INFO  ozone.HddsDatanodeService (HddsDatanodeService.java:start(236)) - HddsDatanodeService host:fv-az40-973.r1qzdtoifymehf5jtx2d0vwyfg.bx.internal.cloudapp.net ip:10.1.0.20
2022-05-15 13:42:45,470 [Datanode State Machine Task Thread - 0] INFO  datanode.InitDatanodeState (InitDatanodeState.java:persistContainerDatanodeDetails(138)) - DatanodeDetails is persisted to /home/runner/work/ozone/ozone/hadoop-ozone/integration-test/target/test-dir/MiniOzoneClusterImpl-0cd62ba4-9e34-4333-8104-a5cbd1bd15a2/datanode-0/meta/datanode.id
2022-05-15 13:42:45,505 [Listener at 127.0.0.1/34565] INFO  upgrade.AbstractLayoutVersionManager (AbstractLayoutVersionManager.java:init(79)) - Initializing Layout version manager with metadata layout = ERASURE_CODED_STORAGE_SUPPORT (version = 3), software layout = ERASURE_CODED_STORAGE_SUPPORT (version = 3)
2022-05-15 13:42:45,697 [Listener at 127.0.0.1/34565] INFO  reflections.Reflections (Reflections.java:scan(232)) - Reflections took 188 ms to scan 7 urls, producing 126 keys and 289 values 
2022-05-15 13:42:45,712 [Listener at 127.0.0.1/34565] INFO  statemachine.DatanodeStateMachine (DatanodeStateMachine.java:getEndPointTaskThreadPoolSize(224)) - Datanode State Machine Task Thread Pool size 2
2022-05-15 13:42:45,719 [Listener at 127.0.0.1/34565] INFO  volume.HddsVolume (HddsVolume.java:<init>(120)) - Creating HddsVolume: /home/runner/work/ozone/ozone/hadoop-ozone/integration-test/target/test-dir/MiniOzoneClusterImpl-0cd62ba4-9e34-4333-8104-a5cbd1bd15a2/datanode-1/data-0/containers/hdds of storage type : DISK capacity : 9223372036854775807
2022-05-15 13:42:45,719 [Listener at 127.0.0.1/34565] INFO  volume.MutableVolumeSet (MutableVolumeSet.java:initializeVolumeSet(168)) - Added Volume : /home/runner/work/ozone/ozone/hadoop-ozone/integration-test/target/test-dir/MiniOzoneClusterImpl-0cd62ba4-9e34-4333-8104-a5cbd1bd15a2/datanode-1/data-0/containers/hdds to VolumeSet
2022-05-15 13:42:45,719 [Listener at 127.0.0.1/34565] INFO  volume.ThrottledAsyncChecker (ThrottledAsyncChecker.java:schedule(141)) - Scheduling a check for /home/runner/work/ozone/ozone/hadoop-ozone/integration-test/target/test-dir/MiniOzoneClusterImpl-0cd62ba4-9e34-4333-8104-a5cbd1bd15a2/datanode-1/data-0/containers/hdds
2022-05-15 13:42:45,727 [Listener at 127.0.0.1/34565] INFO  volume.StorageVolumeChecker (StorageVolumeChecker.java:checkAllVolumes(202)) - Scheduled health check for volume /home/runner/work/ozone/ozone/hadoop-ozone/integration-test/target/test-dir/MiniOzoneClusterImpl-0cd62ba4-9e34-4333-8104-a5cbd1bd15a2/datanode-1/data-0/containers/hdds
2022-05-15 13:42:45,744 [Listener at 127.0.0.1/34565] INFO  volume.MutableVolumeSet (MutableVolumeSet.java:initializeVolumeSet(168)) - Added Volume : /home/runner/work/ozone/ozone/hadoop-ozone/integration-test/target/test-dir/MiniOzoneClusterImpl-0cd62ba4-9e34-4333-8104-a5cbd1bd15a2/datanode-1/data/ratis to VolumeSet
2022-05-15 13:42:45,744 [Listener at 127.0.0.1/34565] INFO  volume.ThrottledAsyncChecker (ThrottledAsyncChecker.java:schedule(141)) - Scheduling a check for /home/runner/work/ozone/ozone/hadoop-ozone/integration-test/target/test-dir/MiniOzoneClusterImpl-0cd62ba4-9e34-4333-8104-a5cbd1bd15a2/datanode-1/data/ratis
2022-05-15 13:42:45,745 [Listener at 127.0.0.1/34565] INFO  volume.StorageVolumeChecker (StorageVolumeChecker.java:checkAllVolumes(202)) - Scheduled health check for volume /home/runner/work/ozone/ozone/hadoop-ozone/integration-test/target/test-dir/MiniOzoneClusterImpl-0cd62ba4-9e34-4333-8104-a5cbd1bd15a2/datanode-1/data/ratis
2022-05-15 13:42:45,810 [Thread-1246] INFO  ozoneimpl.ContainerReader (ContainerReader.java:readVolume(172)) - Finish verifying containers on volume /home/runner/work/ozone/ozone/hadoop-ozone/integration-test/target/test-dir/MiniOzoneClusterImpl-0cd62ba4-9e34-4333-8104-a5cbd1bd15a2/datanode-1/data-0/containers/hdds
2022-05-15 13:42:45,811 [Listener at 127.0.0.1/34565] INFO  ozoneimpl.OzoneContainer (OzoneContainer.java:buildContainerSet(257)) - Build ContainerSet costs 0s
2022-05-15 13:42:45,815 [Listener at 127.0.0.1/34565] INFO  server.RaftServer (ConfUtils.java:logGet(44)) - raft.rpc.type = GRPC (default)
2022-05-15 13:42:45,815 [Listener at 127.0.0.1/34565] INFO  grpc.GrpcFactory (GrpcFactory.java:checkPooledByteBufAllocatorUseCacheForAllThreads(48)) - PERFORMANCE WARNING: useCacheForAllThreads is true that may cause Netty to create a lot garbage objects and, as a result, trigger GC.
	It is recommended to disable useCacheForAllThreads by setting -Dorg.apache.ratis.thirdparty.io.netty.allocator.useCacheForAllThreads=false in command line.
2022-05-15 13:42:45,816 [Listener at 127.0.0.1/34565] INFO  grpc.GrpcConfigKeys (ConfUtils.java:logGet(44)) - raft.grpc.admin.port = 0 (custom)
2022-05-15 13:42:45,816 [Listener at 127.0.0.1/34565] INFO  grpc.GrpcConfigKeys (ConfUtils.java:logGet(44)) - raft.grpc.client.port = 0 (custom)
2022-05-15 13:42:45,816 [Listener at 127.0.0.1/34565] INFO  grpc.GrpcConfigKeys (ConfUtils.java:logGet(44)) - raft.grpc.server.port = 0 (default)
2022-05-15 13:42:45,816 [Listener at 127.0.0.1/34565] INFO  server.GrpcService (ConfUtils.java:logGet(44)) - raft.grpc.message.size.max = 32MB (=33554432) (custom)
2022-05-15 13:42:45,816 [Listener at 127.0.0.1/34565] INFO  server.RaftServerConfigKeys (ConfUtils.java:logGet(44)) - raft.server.log.appender.buffer.byte-limit = 33554432 (custom)
2022-05-15 13:42:45,816 [Listener at 127.0.0.1/34565] INFO  server.GrpcService (ConfUtils.java:logGet(44)) - raft.grpc.flow.control.window = 5MB (=5242880) (custom)
2022-05-15 13:42:45,816 [Listener at 127.0.0.1/34565] INFO  server.RaftServerConfigKeys (ConfUtils.java:logGet(44)) - raft.server.rpc.request.timeout = 60s (custom)
2022-05-15 13:42:45,817 [Listener at 127.0.0.1/34565] INFO  impl.DataStreamServerImpl (ConfUtils.java:logGet(44)) - raft.datastream.type = DISABLED (default)
2022-05-15 13:42:45,817 [Listener at 127.0.0.1/34565] INFO  server.RaftServerConfigKeys (ConfUtils.java:logGet(44)) - raft.server.rpc.slowness.timeout = 300s (custom)
2022-05-15 13:42:45,817 [Listener at 127.0.0.1/34565] INFO  server.RaftServerConfigKeys (ConfUtils.java:logGet(44)) - raft.server.leaderelection.leader.step-down.wait-time = 10s (default)
2022-05-15 13:42:45,818 [Listener at 127.0.0.1/34565] INFO  server.RaftServerConfigKeys (ConfUtils.java:logGet(44)) - raft.server.storage.dir = [/home/runner/work/ozone/ozone/hadoop-ozone/integration-test/target/test-dir/MiniOzoneClusterImpl-0cd62ba4-9e34-4333-8104-a5cbd1bd15a2/datanode-1/data/ratis] (custom)
2022-05-15 13:42:45,819 [Listener at 127.0.0.1/34565] INFO  server.XceiverServerGrpc (XceiverServerGrpc.java:<init>(132)) - GrpcServer channel type EpollServerSocketChannel
2022-05-15 13:42:45,842 [Listener at 127.0.0.1/34565] INFO  http.BaseHttpServer (BaseHttpServer.java:newHttpServer2BuilderForOzone(209)) - Starting Web-server for hddsDatanode at: http://0.0.0.0:0
2022-05-15 13:42:45,842 [Listener at 127.0.0.1/34565] INFO  http.BaseHttpServer (BaseHttpServer.java:<init>(107)) - Hadoop Security Enabled: false Ozone Security Enabled: false Ozone HTTP Security Enabled: false 
2022-05-15 13:42:45,843 [Listener at 127.0.0.1/34565] INFO  server.AuthenticationFilter (AuthenticationFilter.java:constructSecretProvider(240)) - Unable to initialize FileSignerSecretProvider, falling back to use random secrets.
2022-05-15 13:42:45,863 [Listener at 127.0.0.1/34565] WARN  http.HttpRequestLog (HttpRequestLog.java:getRequestLog(103)) - Jetty request log can only be enabled using Log4j
2022-05-15 13:42:45,864 [Listener at 127.0.0.1/34565] INFO  http.HttpServer2 (HttpServer2.java:addGlobalFilter(1030)) - Added global filter 'safety' (class=org.apache.hadoop.hdds.server.http.HttpServer2$QuotingInputFilter)
2022-05-15 13:42:45,864 [Listener at 127.0.0.1/34565] INFO  http.HttpServer2 (HttpServer2.java:addFilter(1006)) - Added filter static_user_filter (class=org.apache.hadoop.http.lib.StaticUserWebFilter$StaticUserFilter) to context hddsDatanode
2022-05-15 13:42:45,864 [Listener at 127.0.0.1/34565] INFO  http.HttpServer2 (HttpServer2.java:addFilter(1014)) - Added filter static_user_filter (class=org.apache.hadoop.http.lib.StaticUserWebFilter$StaticUserFilter) to context static
2022-05-15 13:42:45,864 [Listener at 127.0.0.1/34565] INFO  http.HttpServer2 (HttpServer2.java:addFilter(1014)) - Added filter static_user_filter (class=org.apache.hadoop.http.lib.StaticUserWebFilter$StaticUserFilter) to context logs
2022-05-15 13:42:45,865 [Listener at 127.0.0.1/34565] INFO  http.HttpServer2 (HttpServer2.java:bindListener(1249)) - Jetty bound to port 43775
2022-05-15 13:42:45,865 [Listener at 127.0.0.1/34565] INFO  server.Server (Server.java:doStart(375)) - jetty-9.4.43.v20210629; built: 2021-06-30T11:07:22.254Z; git: 526006ecfa3af7f1a27ef3a288e2bef7ea9dd7e8; jvm 1.8.0_332-b09
2022-05-15 13:42:45,883 [Listener at 127.0.0.1/34565] INFO  server.session (DefaultSessionIdManager.java:doStart(334)) - DefaultSessionIdManager workerName=node0
2022-05-15 13:42:45,883 [Listener at 127.0.0.1/34565] INFO  server.session (DefaultSessionIdManager.java:doStart(339)) - No SessionScavenger set, using defaults
2022-05-15 13:42:45,884 [Listener at 127.0.0.1/34565] INFO  server.session (HouseKeeper.java:startScavenging(132)) - node0 Scavenging every 660000ms
2022-05-15 13:42:45,884 [Listener at 127.0.0.1/34565] INFO  handler.ContextHandler (ContextHandler.java:doStart(915)) - Started o.e.j.s.ServletContextHandler@53a1b32f{logs,/logs,file:///home/runner/work/ozone/ozone/hadoop-ozone/integration-test/target/log,AVAILABLE}
2022-05-15 13:42:45,885 [Listener at 127.0.0.1/34565] INFO  handler.ContextHandler (ContextHandler.java:doStart(915)) - Started o.e.j.s.ServletContextHandler@7f40fae0{static,/static,jar:file:/home/runner/.m2/repository/org/apache/ozone/hdds-container-service/1.3.0-SNAPSHOT/hdds-container-service-1.3.0-SNAPSHOT.jar!/webapps/static,AVAILABLE}
2022-05-15 13:42:46,591 [Listener at 127.0.0.1/34565] INFO  handler.ContextHandler (ContextHandler.java:doStart(915)) - Started o.e.j.w.WebAppContext@3be7ff76{hddsDatanode,/,file:///tmp/jetty-0_0_0_0-43775-hdds-container-service-1_3_0-SNAPSHOT_jar-_-any-6250192410873138877/webapp/,AVAILABLE}{jar:file:/home/runner/.m2/repository/org/apache/ozone/hdds-container-service/1.3.0-SNAPSHOT/hdds-container-service-1.3.0-SNAPSHOT.jar!/webapps/hddsDatanode}
2022-05-15 13:42:46,602 [Listener at 127.0.0.1/34565] INFO  server.AbstractConnector (AbstractConnector.java:doStart(331)) - Started ServerConnector@34f661d3{HTTP/1.1, (http/1.1)}{0.0.0.0:43775}
2022-05-15 13:42:46,602 [Listener at 127.0.0.1/34565] INFO  server.Server (Server.java:doStart(415)) - Started @190717ms
2022-05-15 13:42:46,603 [Listener at 127.0.0.1/34565] WARN  impl.MetricsSystemImpl (MetricsSystemImpl.java:register(279)) - Sink prometheus already exists!
2022-05-15 13:42:46,603 [Listener at 127.0.0.1/34565] INFO  http.BaseHttpServer (BaseHttpServer.java:updateConnectorAddress(329)) - HTTP server of hddsDatanode listening at http://0.0.0.0:43775
2022-05-15 13:42:46,610 [Listener at 127.0.0.1/34565] WARN  impl.MetricRegistriesImpl (MetricRegistriesImpl.java:addReporterRegistration(111)) - New reporters are added after registries were created. Some metrics will be missing from the reporter. Please add reporter before adding any new registry.
2022-05-15 13:42:46,611 [Listener at 127.0.0.1/34565] WARN  impl.MetricRegistriesImpl (MetricRegistriesImpl.java:addReporterRegistration(111)) - New reporters are added after registries were created. Some metrics will be missing from the reporter. Please add reporter before adding any new registry.
2022-05-15 13:42:46,611 [Listener at 127.0.0.1/34565] INFO  impl.MetricsSystemImpl (MetricsSystemImpl.java:init(158)) - HddsDatanode metrics system started (again)
2022-05-15 13:42:46,613 [Datanode State Machine Daemon Thread] INFO  statemachine.DatanodeStateMachine (DatanodeStateMachine.java:lambda$startDaemon$0(472)) - Ozone container server started.
2022-05-15 13:42:46,664 [Listener at 127.0.0.1/34565] INFO  ozone.HddsDatanodeService (HddsDatanodeService.java:start(236)) - HddsDatanodeService host:fv-az40-973.r1qzdtoifymehf5jtx2d0vwyfg.bx.internal.cloudapp.net ip:10.1.0.20
2022-05-15 13:42:46,682 [org.apache.hadoop.util.JvmPauseMonitor$Monitor@5e38ed66] INFO  util.JvmPauseMonitor (JvmPauseMonitor.java:run(188)) - Starting JVM pause monitor
2022-05-15 13:42:46,689 [Datanode State Machine Task Thread - 0] INFO  datanode.InitDatanodeState (InitDatanodeState.java:persistContainerDatanodeDetails(138)) - DatanodeDetails is persisted to /home/runner/work/ozone/ozone/hadoop-ozone/integration-test/target/test-dir/MiniOzoneClusterImpl-0cd62ba4-9e34-4333-8104-a5cbd1bd15a2/datanode-1/meta/datanode.id
2022-05-15 13:42:46,711 [Listener at 127.0.0.1/34565] INFO  upgrade.AbstractLayoutVersionManager (AbstractLayoutVersionManager.java:init(79)) - Initializing Layout version manager with metadata layout = ERASURE_CODED_STORAGE_SUPPORT (version = 3), software layout = ERASURE_CODED_STORAGE_SUPPORT (version = 3)
2022-05-15 13:42:46,779 [Listener at 127.0.0.1/34565] INFO  reflections.Reflections (Reflections.java:scan(232)) - Reflections took 67 ms to scan 7 urls, producing 126 keys and 289 values 
2022-05-15 13:42:46,780 [Listener at 127.0.0.1/34565] INFO  statemachine.DatanodeStateMachine (DatanodeStateMachine.java:getEndPointTaskThreadPoolSize(224)) - Datanode State Machine Task Thread Pool size 2
2022-05-15 13:42:46,781 [Listener at 127.0.0.1/34565] INFO  volume.HddsVolume (HddsVolume.java:<init>(120)) - Creating HddsVolume: /home/runner/work/ozone/ozone/hadoop-ozone/integration-test/target/test-dir/MiniOzoneClusterImpl-0cd62ba4-9e34-4333-8104-a5cbd1bd15a2/datanode-2/data-0/containers/hdds of storage type : DISK capacity : 9223372036854775807
2022-05-15 13:42:46,781 [Listener at 127.0.0.1/34565] INFO  volume.MutableVolumeSet (MutableVolumeSet.java:initializeVolumeSet(168)) - Added Volume : /home/runner/work/ozone/ozone/hadoop-ozone/integration-test/target/test-dir/MiniOzoneClusterImpl-0cd62ba4-9e34-4333-8104-a5cbd1bd15a2/datanode-2/data-0/containers/hdds to VolumeSet
2022-05-15 13:42:46,781 [Listener at 127.0.0.1/34565] INFO  volume.ThrottledAsyncChecker (ThrottledAsyncChecker.java:schedule(141)) - Scheduling a check for /home/runner/work/ozone/ozone/hadoop-ozone/integration-test/target/test-dir/MiniOzoneClusterImpl-0cd62ba4-9e34-4333-8104-a5cbd1bd15a2/datanode-2/data-0/containers/hdds
2022-05-15 13:42:46,783 [Listener at 127.0.0.1/34565] INFO  volume.StorageVolumeChecker (StorageVolumeChecker.java:checkAllVolumes(202)) - Scheduled health check for volume /home/runner/work/ozone/ozone/hadoop-ozone/integration-test/target/test-dir/MiniOzoneClusterImpl-0cd62ba4-9e34-4333-8104-a5cbd1bd15a2/datanode-2/data-0/containers/hdds
2022-05-15 13:42:46,794 [Listener at 127.0.0.1/34565] INFO  volume.MutableVolumeSet (MutableVolumeSet.java:initializeVolumeSet(168)) - Added Volume : /home/runner/work/ozone/ozone/hadoop-ozone/integration-test/target/test-dir/MiniOzoneClusterImpl-0cd62ba4-9e34-4333-8104-a5cbd1bd15a2/datanode-2/data/ratis to VolumeSet
2022-05-15 13:42:46,812 [Listener at 127.0.0.1/34565] INFO  volume.ThrottledAsyncChecker (ThrottledAsyncChecker.java:schedule(141)) - Scheduling a check for /home/runner/work/ozone/ozone/hadoop-ozone/integration-test/target/test-dir/MiniOzoneClusterImpl-0cd62ba4-9e34-4333-8104-a5cbd1bd15a2/datanode-2/data/ratis
2022-05-15 13:42:46,812 [Listener at 127.0.0.1/34565] INFO  volume.StorageVolumeChecker (StorageVolumeChecker.java:checkAllVolumes(202)) - Scheduled health check for volume /home/runner/work/ozone/ozone/hadoop-ozone/integration-test/target/test-dir/MiniOzoneClusterImpl-0cd62ba4-9e34-4333-8104-a5cbd1bd15a2/datanode-2/data/ratis
2022-05-15 13:42:46,837 [Thread-1258] INFO  ozoneimpl.ContainerReader (ContainerReader.java:readVolume(172)) - Finish verifying containers on volume /home/runner/work/ozone/ozone/hadoop-ozone/integration-test/target/test-dir/MiniOzoneClusterImpl-0cd62ba4-9e34-4333-8104-a5cbd1bd15a2/datanode-2/data-0/containers/hdds
2022-05-15 13:42:46,837 [Listener at 127.0.0.1/34565] INFO  ozoneimpl.OzoneContainer (OzoneContainer.java:buildContainerSet(257)) - Build ContainerSet costs 0s
2022-05-15 13:42:46,839 [Listener at 127.0.0.1/34565] INFO  server.RaftServer (ConfUtils.java:logGet(44)) - raft.rpc.type = GRPC (default)
2022-05-15 13:42:46,839 [Listener at 127.0.0.1/34565] INFO  grpc.GrpcFactory (GrpcFactory.java:checkPooledByteBufAllocatorUseCacheForAllThreads(48)) - PERFORMANCE WARNING: useCacheForAllThreads is true that may cause Netty to create a lot garbage objects and, as a result, trigger GC.
	It is recommended to disable useCacheForAllThreads by setting -Dorg.apache.ratis.thirdparty.io.netty.allocator.useCacheForAllThreads=false in command line.
2022-05-15 13:42:46,839 [Listener at 127.0.0.1/34565] INFO  grpc.GrpcConfigKeys (ConfUtils.java:logGet(44)) - raft.grpc.admin.port = 0 (custom)
2022-05-15 13:42:46,839 [Listener at 127.0.0.1/34565] INFO  grpc.GrpcConfigKeys (ConfUtils.java:logGet(44)) - raft.grpc.client.port = 0 (custom)
2022-05-15 13:42:46,839 [Listener at 127.0.0.1/34565] INFO  grpc.GrpcConfigKeys (ConfUtils.java:logGet(44)) - raft.grpc.server.port = 0 (default)
2022-05-15 13:42:46,839 [Listener at 127.0.0.1/34565] INFO  server.GrpcService (ConfUtils.java:logGet(44)) - raft.grpc.message.size.max = 32MB (=33554432) (custom)
2022-05-15 13:42:46,840 [Listener at 127.0.0.1/34565] INFO  server.RaftServerConfigKeys (ConfUtils.java:logGet(44)) - raft.server.log.appender.buffer.byte-limit = 33554432 (custom)
2022-05-15 13:42:46,840 [Listener at 127.0.0.1/34565] INFO  server.GrpcService (ConfUtils.java:logGet(44)) - raft.grpc.flow.control.window = 5MB (=5242880) (custom)
2022-05-15 13:42:46,840 [Listener at 127.0.0.1/34565] INFO  server.RaftServerConfigKeys (ConfUtils.java:logGet(44)) - raft.server.rpc.request.timeout = 60s (custom)
2022-05-15 13:42:46,841 [Listener at 127.0.0.1/34565] INFO  impl.DataStreamServerImpl (ConfUtils.java:logGet(44)) - raft.datastream.type = DISABLED (default)
2022-05-15 13:42:46,841 [Listener at 127.0.0.1/34565] INFO  server.RaftServerConfigKeys (ConfUtils.java:logGet(44)) - raft.server.rpc.slowness.timeout = 300s (custom)
2022-05-15 13:42:46,841 [Listener at 127.0.0.1/34565] INFO  server.RaftServerConfigKeys (ConfUtils.java:logGet(44)) - raft.server.leaderelection.leader.step-down.wait-time = 10s (default)
2022-05-15 13:42:46,841 [Listener at 127.0.0.1/34565] INFO  server.RaftServerConfigKeys (ConfUtils.java:logGet(44)) - raft.server.storage.dir = [/home/runner/work/ozone/ozone/hadoop-ozone/integration-test/target/test-dir/MiniOzoneClusterImpl-0cd62ba4-9e34-4333-8104-a5cbd1bd15a2/datanode-2/data/ratis] (custom)
2022-05-15 13:42:46,842 [Listener at 127.0.0.1/34565] INFO  server.XceiverServerGrpc (XceiverServerGrpc.java:<init>(132)) - GrpcServer channel type EpollServerSocketChannel
2022-05-15 13:42:46,879 [Listener at 127.0.0.1/34565] INFO  http.BaseHttpServer (BaseHttpServer.java:newHttpServer2BuilderForOzone(209)) - Starting Web-server for hddsDatanode at: http://0.0.0.0:0
2022-05-15 13:42:46,879 [Listener at 127.0.0.1/34565] INFO  http.BaseHttpServer (BaseHttpServer.java:<init>(107)) - Hadoop Security Enabled: false Ozone Security Enabled: false Ozone HTTP Security Enabled: false 
2022-05-15 13:42:46,880 [Listener at 127.0.0.1/34565] INFO  server.AuthenticationFilter (AuthenticationFilter.java:constructSecretProvider(240)) - Unable to initialize FileSignerSecretProvider, falling back to use random secrets.
2022-05-15 13:42:46,882 [Listener at 127.0.0.1/34565] WARN  http.HttpRequestLog (HttpRequestLog.java:getRequestLog(103)) - Jetty request log can only be enabled using Log4j
2022-05-15 13:42:46,883 [Listener at 127.0.0.1/34565] INFO  http.HttpServer2 (HttpServer2.java:addGlobalFilter(1030)) - Added global filter 'safety' (class=org.apache.hadoop.hdds.server.http.HttpServer2$QuotingInputFilter)
2022-05-15 13:42:46,883 [Listener at 127.0.0.1/34565] INFO  http.HttpServer2 (HttpServer2.java:addFilter(1006)) - Added filter static_user_filter (class=org.apache.hadoop.http.lib.StaticUserWebFilter$StaticUserFilter) to context hddsDatanode
2022-05-15 13:42:46,883 [Listener at 127.0.0.1/34565] INFO  http.HttpServer2 (HttpServer2.java:addFilter(1014)) - Added filter static_user_filter (class=org.apache.hadoop.http.lib.StaticUserWebFilter$StaticUserFilter) to context logs
2022-05-15 13:42:46,883 [Listener at 127.0.0.1/34565] INFO  http.HttpServer2 (HttpServer2.java:addFilter(1014)) - Added filter static_user_filter (class=org.apache.hadoop.http.lib.StaticUserWebFilter$StaticUserFilter) to context static
2022-05-15 13:42:46,884 [Listener at 127.0.0.1/34565] INFO  http.HttpServer2 (HttpServer2.java:bindListener(1249)) - Jetty bound to port 39911
2022-05-15 13:42:46,884 [Listener at 127.0.0.1/34565] INFO  server.Server (Server.java:doStart(375)) - jetty-9.4.43.v20210629; built: 2021-06-30T11:07:22.254Z; git: 526006ecfa3af7f1a27ef3a288e2bef7ea9dd7e8; jvm 1.8.0_332-b09
2022-05-15 13:42:46,915 [Listener at 127.0.0.1/34565] INFO  server.session (DefaultSessionIdManager.java:doStart(334)) - DefaultSessionIdManager workerName=node0
2022-05-15 13:42:46,915 [Listener at 127.0.0.1/34565] INFO  server.session (DefaultSessionIdManager.java:doStart(339)) - No SessionScavenger set, using defaults
2022-05-15 13:42:46,915 [Listener at 127.0.0.1/34565] INFO  server.session (HouseKeeper.java:startScavenging(132)) - node0 Scavenging every 600000ms
2022-05-15 13:42:46,916 [Listener at 127.0.0.1/34565] INFO  handler.ContextHandler (ContextHandler.java:doStart(915)) - Started o.e.j.s.ServletContextHandler@2488fd50{logs,/logs,file:///home/runner/work/ozone/ozone/hadoop-ozone/integration-test/target/log,AVAILABLE}
2022-05-15 13:42:46,916 [Listener at 127.0.0.1/34565] INFO  handler.ContextHandler (ContextHandler.java:doStart(915)) - Started o.e.j.s.ServletContextHandler@982f64d{static,/static,jar:file:/home/runner/.m2/repository/org/apache/ozone/hdds-container-service/1.3.0-SNAPSHOT/hdds-container-service-1.3.0-SNAPSHOT.jar!/webapps/static,AVAILABLE}
2022-05-15 13:42:47,516 [EndpointStateMachine task thread for /0.0.0.0:43157 - 0 ] INFO  ozoneimpl.OzoneContainer (OzoneContainer.java:start(335)) - Attempting to start container services.
2022-05-15 13:42:47,517 [EndpointStateMachine task thread for /0.0.0.0:43157 - 0 ] INFO  ozoneimpl.OzoneContainer (OzoneContainer.java:startContainerScrub(270)) - Background container scanner has been disabled.
2022-05-15 13:42:47,517 [EndpointStateMachine task thread for /0.0.0.0:43157 - 0 ] INFO  replication.ReplicationServer (ReplicationServer.java:start(111)) - ReplicationServer is started using port 42207
2022-05-15 13:42:47,523 [EndpointStateMachine task thread for /0.0.0.0:43157 - 0 ] INFO  ratis.XceiverServerRatis (XceiverServerRatis.java:start(481)) - Starting XceiverServerRatis 94699813-60c4-4d79-967a-f363ce32bd3e
2022-05-15 13:42:47,523 [EndpointStateMachine task thread for /0.0.0.0:43157 - 0 ] INFO  server.RaftServer (RaftServerProxy.java:lambda$start$5(374)) - 94699813-60c4-4d79-967a-f363ce32bd3e: start RPC server
2022-05-15 13:42:47,524 [EndpointStateMachine task thread for /0.0.0.0:43157 - 0 ] INFO  server.GrpcService (GrpcService.java:startImpl(253)) - 94699813-60c4-4d79-967a-f363ce32bd3e: GrpcService started, listening on 41971
2022-05-15 13:42:47,524 [EndpointStateMachine task thread for /0.0.0.0:43157 - 0 ] INFO  ratis.XceiverServerRatis (XceiverServerRatis.java:getRealPort(502)) - XceiverServerRatis 94699813-60c4-4d79-967a-f363ce32bd3e is started using port 41971 for RATIS
2022-05-15 13:42:47,524 [EndpointStateMachine task thread for /0.0.0.0:43157 - 0 ] INFO  ratis.XceiverServerRatis (XceiverServerRatis.java:getRealPort(502)) - XceiverServerRatis 94699813-60c4-4d79-967a-f363ce32bd3e is started using port 41971 for RATIS_ADMIN
2022-05-15 13:42:47,524 [EndpointStateMachine task thread for /0.0.0.0:43157 - 0 ] INFO  ratis.XceiverServerRatis (XceiverServerRatis.java:getRealPort(502)) - XceiverServerRatis 94699813-60c4-4d79-967a-f363ce32bd3e is started using port 41971 for RATIS_SERVER
2022-05-15 13:42:47,525 [org.apache.ratis.util.JvmPauseMonitor$$Lambda$622/1489821748@717cf469] INFO  util.JvmPauseMonitor (JvmPauseMonitor.java:run(103)) - JvmPauseMonitor-94699813-60c4-4d79-967a-f363ce32bd3e: Started
2022-05-15 13:42:47,525 [EndpointStateMachine task thread for /0.0.0.0:43157 - 0 ] INFO  server.XceiverServerGrpc (XceiverServerGrpc.java:start(180)) - XceiverServerGrpc 94699813-60c4-4d79-967a-f363ce32bd3e is started using port 35563
2022-05-15 13:42:47,542 [Listener at 127.0.0.1/34565] INFO  handler.ContextHandler (ContextHandler.java:doStart(915)) - Started o.e.j.w.WebAppContext@6ec0315f{hddsDatanode,/,file:///tmp/jetty-0_0_0_0-39911-hdds-container-service-1_3_0-SNAPSHOT_jar-_-any-7406503294747453546/webapp/,AVAILABLE}{jar:file:/home/runner/.m2/repository/org/apache/ozone/hdds-container-service/1.3.0-SNAPSHOT/hdds-container-service-1.3.0-SNAPSHOT.jar!/webapps/hddsDatanode}
2022-05-15 13:42:47,599 [Listener at 127.0.0.1/34565] INFO  server.AbstractConnector (AbstractConnector.java:doStart(331)) - Started ServerConnector@a5de4af{HTTP/1.1, (http/1.1)}{0.0.0.0:39911}
2022-05-15 13:42:47,599 [Listener at 127.0.0.1/34565] INFO  server.Server (Server.java:doStart(415)) - Started @191713ms
2022-05-15 13:42:47,599 [Listener at 127.0.0.1/34565] WARN  impl.MetricsSystemImpl (MetricsSystemImpl.java:register(279)) - Sink prometheus already exists!
2022-05-15 13:42:47,600 [Listener at 127.0.0.1/34565] INFO  http.BaseHttpServer (BaseHttpServer.java:updateConnectorAddress(329)) - HTTP server of hddsDatanode listening at http://0.0.0.0:39911
2022-05-15 13:42:47,612 [Listener at 127.0.0.1/34565] INFO  ozone.MiniOzoneClusterImpl (MiniOzoneClusterImpl.java:lambda$waitForClusterToBeReady$0(221)) - Waiting for nodes to be ready. Got 0 of 3 DN Heartbeats.
2022-05-15 13:42:47,612 [Listener at 127.0.0.1/34565] INFO  ozone.MiniOzoneClusterImpl (MiniOzoneClusterImpl.java:lambda$waitForClusterToBeReady$0(224)) - Waiting for cluster to exit safe mode
2022-05-15 13:42:47,612 [Listener at 127.0.0.1/34565] INFO  ozone.MiniOzoneClusterImpl (MiniOzoneClusterImpl.java:lambda$waitForClusterToBeReady$0(226)) - SCM became leader
2022-05-15 13:42:47,612 [Datanode State Machine Daemon Thread] INFO  statemachine.DatanodeStateMachine (DatanodeStateMachine.java:lambda$startDaemon$0(472)) - Ozone container server started.
2022-05-15 13:42:47,686 [org.apache.hadoop.util.JvmPauseMonitor$Monitor@4359720] INFO  util.JvmPauseMonitor (JvmPauseMonitor.java:run(188)) - Starting JVM pause monitor
2022-05-15 13:42:47,718 [Datanode State Machine Task Thread - 0] INFO  datanode.InitDatanodeState (InitDatanodeState.java:persistContainerDatanodeDetails(138)) - DatanodeDetails is persisted to /home/runner/work/ozone/ozone/hadoop-ozone/integration-test/target/test-dir/MiniOzoneClusterImpl-0cd62ba4-9e34-4333-8104-a5cbd1bd15a2/datanode-2/meta/datanode.id
2022-05-15 13:42:48,612 [Listener at 127.0.0.1/34565] INFO  ozone.MiniOzoneClusterImpl (MiniOzoneClusterImpl.java:lambda$waitForClusterToBeReady$0(221)) - Waiting for nodes to be ready. Got 0 of 3 DN Heartbeats.
2022-05-15 13:42:48,613 [Listener at 127.0.0.1/34565] INFO  ozone.MiniOzoneClusterImpl (MiniOzoneClusterImpl.java:lambda$waitForClusterToBeReady$0(224)) - Waiting for cluster to exit safe mode
2022-05-15 13:42:48,613 [Listener at 127.0.0.1/34565] INFO  ozone.MiniOzoneClusterImpl (MiniOzoneClusterImpl.java:lambda$waitForClusterToBeReady$0(226)) - SCM became leader
2022-05-15 13:42:48,735 [EndpointStateMachine task thread for /0.0.0.0:43157 - 0 ] INFO  ozoneimpl.OzoneContainer (OzoneContainer.java:start(335)) - Attempting to start container services.
2022-05-15 13:42:48,735 [EndpointStateMachine task thread for /0.0.0.0:43157 - 0 ] INFO  ozoneimpl.OzoneContainer (OzoneContainer.java:startContainerScrub(270)) - Background container scanner has been disabled.
2022-05-15 13:42:48,736 [EndpointStateMachine task thread for /0.0.0.0:43157 - 0 ] INFO  replication.ReplicationServer (ReplicationServer.java:start(111)) - ReplicationServer is started using port 37171
2022-05-15 13:42:48,739 [EndpointStateMachine task thread for /0.0.0.0:43157 - 0 ] INFO  ratis.XceiverServerRatis (XceiverServerRatis.java:start(481)) - Starting XceiverServerRatis 7eb4ec08-9634-460b-95c0-6bd60621f433
2022-05-15 13:42:48,742 [EndpointStateMachine task thread for /0.0.0.0:43157 - 0 ] INFO  server.RaftServer (RaftServerProxy.java:lambda$start$5(374)) - 7eb4ec08-9634-460b-95c0-6bd60621f433: start RPC server
2022-05-15 13:42:48,758 [EndpointStateMachine task thread for /0.0.0.0:43157 - 0 ] INFO  server.GrpcService (GrpcService.java:startImpl(253)) - 7eb4ec08-9634-460b-95c0-6bd60621f433: GrpcService started, listening on 36861
2022-05-15 13:42:48,775 [EndpointStateMachine task thread for /0.0.0.0:43157 - 0 ] INFO  ratis.XceiverServerRatis (XceiverServerRatis.java:getRealPort(502)) - XceiverServerRatis 7eb4ec08-9634-460b-95c0-6bd60621f433 is started using port 36861 for RATIS
2022-05-15 13:42:48,775 [EndpointStateMachine task thread for /0.0.0.0:43157 - 0 ] INFO  ratis.XceiverServerRatis (XceiverServerRatis.java:getRealPort(502)) - XceiverServerRatis 7eb4ec08-9634-460b-95c0-6bd60621f433 is started using port 36861 for RATIS_ADMIN
2022-05-15 13:42:48,775 [EndpointStateMachine task thread for /0.0.0.0:43157 - 0 ] INFO  ratis.XceiverServerRatis (XceiverServerRatis.java:getRealPort(502)) - XceiverServerRatis 7eb4ec08-9634-460b-95c0-6bd60621f433 is started using port 36861 for RATIS_SERVER
2022-05-15 13:42:48,775 [org.apache.ratis.util.JvmPauseMonitor$$Lambda$622/1489821748@2e83b5db] INFO  util.JvmPauseMonitor (JvmPauseMonitor.java:run(103)) - JvmPauseMonitor-7eb4ec08-9634-460b-95c0-6bd60621f433: Started
2022-05-15 13:42:48,791 [EndpointStateMachine task thread for /0.0.0.0:43157 - 0 ] INFO  server.XceiverServerGrpc (XceiverServerGrpc.java:start(180)) - XceiverServerGrpc 7eb4ec08-9634-460b-95c0-6bd60621f433 is started using port 42543
2022-05-15 13:42:49,430 [IPC Server handler 0 on default port 43157] INFO  net.NetworkTopologyImpl (NetworkTopologyImpl.java:add(112)) - Added a new node: /default-rack/94699813-60c4-4d79-967a-f363ce32bd3e
2022-05-15 13:42:49,430 [IPC Server handler 0 on default port 43157] INFO  node.SCMNodeManager (SCMNodeManager.java:register(393)) - Registered Data node : 94699813-60c4-4d79-967a-f363ce32bd3e{ip: 10.1.0.20, host: fv-az40-973.r1qzdtoifymehf5jtx2d0vwyfg.bx.internal.cloudapp.net, ports: [REPLICATION=42207, RATIS=41971, RATIS_ADMIN=41971, RATIS_SERVER=41971, STANDALONE=35563], networkLocation: /default-rack, certSerialId: null, persistedOpState: null, persistedOpStateExpiryEpochSec: 0}
2022-05-15 13:42:49,434 [EventQueue-NodeRegistrationContainerReportForDataNodeSafeModeRule] INFO  safemode.SCMSafeModeManager (DataNodeSafeModeRule.java:process(71)) - SCM in safe mode. 1 DataNodes registered, 3 required.
2022-05-15 13:42:49,434 [EventQueue-NodeRegistrationContainerReportForContainerSafeModeRule] INFO  safemode.SCMSafeModeManager (SCMSafeModeManager.java:validateSafeModeExitRules(204)) - ContainerSafeModeRule rule is successfully validated
2022-05-15 13:42:49,467 [EventQueue-NewNodeForNewNodeHandler] INFO  pipeline.BackgroundPipelineCreator (BackgroundPipelineCreator.java:notifyEventTriggered(272)) - trigger a one-shot run on RatisPipelineUtilsThread.
2022-05-15 13:42:49,467 [RatisPipelineUtilsThread - 0] INFO  pipeline.RatisPipelineProvider (RatisPipelineProvider.java:lambda$create$0(195)) - Sending CreatePipelineCommand for pipeline:PipelineID=33bffe62-1c0e-4cc9-9fb2-73a2186e5559 to datanode:94699813-60c4-4d79-967a-f363ce32bd3e
2022-05-15 13:42:49,471 [RatisPipelineUtilsThread - 0] INFO  pipeline.PipelineStateManagerImpl (PipelineStateManagerImpl.java:addPipeline(101)) - Created pipeline Pipeline[ Id: 33bffe62-1c0e-4cc9-9fb2-73a2186e5559, Nodes: 94699813-60c4-4d79-967a-f363ce32bd3e{ip: 10.1.0.20, host: fv-az40-973.r1qzdtoifymehf5jtx2d0vwyfg.bx.internal.cloudapp.net, ports: [REPLICATION=42207, RATIS=41971, RATIS_ADMIN=41971, RATIS_SERVER=41971, STANDALONE=35563], networkLocation: /default-rack, certSerialId: null, persistedOpState: IN_SERVICE, persistedOpStateExpiryEpochSec: 0}, ReplicationConfig: RATIS/ONE, State:ALLOCATED, leaderId:, CreationTimestamp2022-05-15T13:42:49.467Z[Etc/UTC]].
2022-05-15 13:42:49,489 [EventQueue-PipelineReportForOneReplicaPipelineSafeModeRule] INFO  safemode.SCMSafeModeManager (SCMSafeModeManager.java:validateSafeModeExitRules(204)) - AtleastOneDatanodeReportedRule rule is successfully validated
2022-05-15 13:42:49,613 [Listener at 127.0.0.1/34565] INFO  ozone.MiniOzoneClusterImpl (MiniOzoneClusterImpl.java:lambda$waitForClusterToBeReady$0(221)) - Waiting for nodes to be ready. Got 1 of 3 DN Heartbeats.
2022-05-15 13:42:49,613 [Listener at 127.0.0.1/34565] INFO  ozone.MiniOzoneClusterImpl (MiniOzoneClusterImpl.java:lambda$waitForClusterToBeReady$0(224)) - Waiting for cluster to exit safe mode
2022-05-15 13:42:49,613 [Listener at 127.0.0.1/34565] INFO  ozone.MiniOzoneClusterImpl (MiniOzoneClusterImpl.java:lambda$waitForClusterToBeReady$0(226)) - SCM became leader
2022-05-15 13:42:49,700 [EndpointStateMachine task thread for /0.0.0.0:43157 - 0 ] INFO  ozoneimpl.OzoneContainer (OzoneContainer.java:start(335)) - Attempting to start container services.
2022-05-15 13:42:49,700 [EndpointStateMachine task thread for /0.0.0.0:43157 - 0 ] INFO  ozoneimpl.OzoneContainer (OzoneContainer.java:startContainerScrub(270)) - Background container scanner has been disabled.
2022-05-15 13:42:49,702 [EndpointStateMachine task thread for /0.0.0.0:43157 - 0 ] INFO  replication.ReplicationServer (ReplicationServer.java:start(111)) - ReplicationServer is started using port 36599
2022-05-15 13:42:49,703 [EndpointStateMachine task thread for /0.0.0.0:43157 - 0 ] INFO  ratis.XceiverServerRatis (XceiverServerRatis.java:start(481)) - Starting XceiverServerRatis 19f7afb5-3674-4b31-b368-bacfe26f5f53
2022-05-15 13:42:49,706 [EndpointStateMachine task thread for /0.0.0.0:43157 - 0 ] INFO  server.RaftServer (RaftServerProxy.java:lambda$start$5(374)) - 19f7afb5-3674-4b31-b368-bacfe26f5f53: start RPC server
2022-05-15 13:42:49,714 [EndpointStateMachine task thread for /0.0.0.0:43157 - 0 ] INFO  server.GrpcService (GrpcService.java:startImpl(253)) - 19f7afb5-3674-4b31-b368-bacfe26f5f53: GrpcService started, listening on 38475
2022-05-15 13:42:49,723 [EndpointStateMachine task thread for /0.0.0.0:43157 - 0 ] INFO  ratis.XceiverServerRatis (XceiverServerRatis.java:getRealPort(502)) - XceiverServerRatis 19f7afb5-3674-4b31-b368-bacfe26f5f53 is started using port 38475 for RATIS
2022-05-15 13:42:49,723 [EndpointStateMachine task thread for /0.0.0.0:43157 - 0 ] INFO  ratis.XceiverServerRatis (XceiverServerRatis.java:getRealPort(502)) - XceiverServerRatis 19f7afb5-3674-4b31-b368-bacfe26f5f53 is started using port 38475 for RATIS_ADMIN
2022-05-15 13:42:49,723 [EndpointStateMachine task thread for /0.0.0.0:43157 - 0 ] INFO  ratis.XceiverServerRatis (XceiverServerRatis.java:getRealPort(502)) - XceiverServerRatis 19f7afb5-3674-4b31-b368-bacfe26f5f53 is started using port 38475 for RATIS_SERVER
2022-05-15 13:42:49,723 [org.apache.ratis.util.JvmPauseMonitor$$Lambda$622/1489821748@7eaa75cc] INFO  util.JvmPauseMonitor (JvmPauseMonitor.java:run(103)) - JvmPauseMonitor-19f7afb5-3674-4b31-b368-bacfe26f5f53: Started
2022-05-15 13:42:49,742 [EndpointStateMachine task thread for /0.0.0.0:43157 - 0 ] INFO  server.XceiverServerGrpc (XceiverServerGrpc.java:start(180)) - XceiverServerGrpc 19f7afb5-3674-4b31-b368-bacfe26f5f53 is started using port 38529
2022-05-15 13:42:50,613 [Listener at 127.0.0.1/34565] INFO  ozone.MiniOzoneClusterImpl (MiniOzoneClusterImpl.java:lambda$waitForClusterToBeReady$0(221)) - Waiting for nodes to be ready. Got 1 of 3 DN Heartbeats.
2022-05-15 13:42:50,614 [Listener at 127.0.0.1/34565] INFO  ozone.MiniOzoneClusterImpl (MiniOzoneClusterImpl.java:lambda$waitForClusterToBeReady$0(224)) - Waiting for cluster to exit safe mode
2022-05-15 13:42:50,614 [Listener at 127.0.0.1/34565] INFO  ozone.MiniOzoneClusterImpl (MiniOzoneClusterImpl.java:lambda$waitForClusterToBeReady$0(226)) - SCM became leader
2022-05-15 13:42:50,686 [IPC Server handler 14 on default port 43157] INFO  net.NetworkTopologyImpl (NetworkTopologyImpl.java:add(112)) - Added a new node: /default-rack/7eb4ec08-9634-460b-95c0-6bd60621f433
2022-05-15 13:42:50,686 [IPC Server handler 14 on default port 43157] INFO  node.SCMNodeManager (SCMNodeManager.java:register(393)) - Registered Data node : 7eb4ec08-9634-460b-95c0-6bd60621f433{ip: 10.1.0.20, host: fv-az40-973.r1qzdtoifymehf5jtx2d0vwyfg.bx.internal.cloudapp.net, ports: [REPLICATION=37171, RATIS=36861, RATIS_ADMIN=36861, RATIS_SERVER=36861, STANDALONE=42543], networkLocation: /default-rack, certSerialId: null, persistedOpState: null, persistedOpStateExpiryEpochSec: 0}
2022-05-15 13:42:50,686 [EventQueue-NewNodeForNewNodeHandler] INFO  pipeline.BackgroundPipelineCreator (BackgroundPipelineCreator.java:notifyEventTriggered(272)) - trigger a one-shot run on RatisPipelineUtilsThread.
2022-05-15 13:42:50,711 [EventQueue-NodeRegistrationContainerReportForDataNodeSafeModeRule] INFO  safemode.SCMSafeModeManager (DataNodeSafeModeRule.java:process(71)) - SCM in safe mode. 2 DataNodes registered, 3 required.
2022-05-15 13:42:50,722 [RatisPipelineUtilsThread - 0] INFO  pipeline.RatisPipelineProvider (RatisPipelineProvider.java:lambda$create$0(195)) - Sending CreatePipelineCommand for pipeline:PipelineID=a49d786d-2f4f-42db-8ba8-6cd5529a45b7 to datanode:7eb4ec08-9634-460b-95c0-6bd60621f433
2022-05-15 13:42:50,723 [RatisPipelineUtilsThread - 0] INFO  pipeline.PipelineStateManagerImpl (PipelineStateManagerImpl.java:addPipeline(101)) - Created pipeline Pipeline[ Id: a49d786d-2f4f-42db-8ba8-6cd5529a45b7, Nodes: 7eb4ec08-9634-460b-95c0-6bd60621f433{ip: 10.1.0.20, host: fv-az40-973.r1qzdtoifymehf5jtx2d0vwyfg.bx.internal.cloudapp.net, ports: [REPLICATION=37171, RATIS=36861, RATIS_ADMIN=36861, RATIS_SERVER=36861, STANDALONE=42543], networkLocation: /default-rack, certSerialId: null, persistedOpState: IN_SERVICE, persistedOpStateExpiryEpochSec: 0}, ReplicationConfig: RATIS/ONE, State:ALLOCATED, leaderId:, CreationTimestamp2022-05-15T13:42:50.722Z[Etc/UTC]].
2022-05-15 13:42:51,614 [Listener at 127.0.0.1/34565] INFO  ozone.MiniOzoneClusterImpl (MiniOzoneClusterImpl.java:lambda$waitForClusterToBeReady$0(221)) - Waiting for nodes to be ready. Got 2 of 3 DN Heartbeats.
2022-05-15 13:42:51,614 [Listener at 127.0.0.1/34565] INFO  ozone.MiniOzoneClusterImpl (MiniOzoneClusterImpl.java:lambda$waitForClusterToBeReady$0(224)) - Waiting for cluster to exit safe mode
2022-05-15 13:42:51,614 [Listener at 127.0.0.1/34565] INFO  ozone.MiniOzoneClusterImpl (MiniOzoneClusterImpl.java:lambda$waitForClusterToBeReady$0(226)) - SCM became leader
2022-05-15 13:42:51,692 [IPC Server handler 14 on default port 43157] INFO  net.NetworkTopologyImpl (NetworkTopologyImpl.java:add(112)) - Added a new node: /default-rack/19f7afb5-3674-4b31-b368-bacfe26f5f53
2022-05-15 13:42:51,693 [IPC Server handler 14 on default port 43157] INFO  node.SCMNodeManager (SCMNodeManager.java:register(393)) - Registered Data node : 19f7afb5-3674-4b31-b368-bacfe26f5f53{ip: 10.1.0.20, host: fv-az40-973.r1qzdtoifymehf5jtx2d0vwyfg.bx.internal.cloudapp.net, ports: [REPLICATION=36599, RATIS=38475, RATIS_ADMIN=38475, RATIS_SERVER=38475, STANDALONE=38529], networkLocation: /default-rack, certSerialId: null, persistedOpState: null, persistedOpStateExpiryEpochSec: 0}
2022-05-15 13:42:51,693 [EventQueue-NewNodeForNewNodeHandler] INFO  pipeline.BackgroundPipelineCreator (BackgroundPipelineCreator.java:notifyEventTriggered(272)) - trigger a one-shot run on RatisPipelineUtilsThread.
2022-05-15 13:42:51,699 [RatisPipelineUtilsThread - 0] INFO  pipeline.RatisPipelineProvider (RatisPipelineProvider.java:lambda$create$0(195)) - Sending CreatePipelineCommand for pipeline:PipelineID=76cb8114-7652-4c5c-979a-7b5b0b9fbcd4 to datanode:19f7afb5-3674-4b31-b368-bacfe26f5f53
2022-05-15 13:42:51,699 [RatisPipelineUtilsThread - 0] INFO  pipeline.PipelineStateManagerImpl (PipelineStateManagerImpl.java:addPipeline(101)) - Created pipeline Pipeline[ Id: 76cb8114-7652-4c5c-979a-7b5b0b9fbcd4, Nodes: 19f7afb5-3674-4b31-b368-bacfe26f5f53{ip: 10.1.0.20, host: fv-az40-973.r1qzdtoifymehf5jtx2d0vwyfg.bx.internal.cloudapp.net, ports: [REPLICATION=36599, RATIS=38475, RATIS_ADMIN=38475, RATIS_SERVER=38475, STANDALONE=38529], networkLocation: /default-rack, certSerialId: null, persistedOpState: IN_SERVICE, persistedOpStateExpiryEpochSec: 0}, ReplicationConfig: RATIS/ONE, State:ALLOCATED, leaderId:, CreationTimestamp2022-05-15T13:42:51.699Z[Etc/UTC]].
2022-05-15 13:42:51,700 [EventQueue-NodeRegistrationContainerReportForDataNodeSafeModeRule] INFO  safemode.SCMSafeModeManager (DataNodeSafeModeRule.java:process(71)) - SCM in safe mode. 3 DataNodes registered, 3 required.
2022-05-15 13:42:51,700 [EventQueue-NodeRegistrationContainerReportForDataNodeSafeModeRule] INFO  safemode.SCMSafeModeManager (SCMSafeModeManager.java:validateSafeModeExitRules(204)) - DataNodeSafeModeRule rule is successfully validated
2022-05-15 13:42:51,700 [EventQueue-NodeRegistrationContainerReportForDataNodeSafeModeRule] INFO  safemode.SCMSafeModeManager (SCMSafeModeManager.java:completePreCheck(233)) - All SCM safe mode pre check rules have passed
2022-05-15 13:42:51,700 [EventQueue-NodeRegistrationContainerReportForDataNodeSafeModeRule] WARN  events.EventQueue (EventQueue.java:fireEvent(194)) - No event handler registered for event TypedEvent{payloadType=SafeModeStatus, name='Safe mode status'}
2022-05-15 13:42:51,700 [EventQueue-NodeRegistrationContainerReportForDataNodeSafeModeRule] INFO  ha.SCMContext (SCMContext.java:updateSafeModeStatus(211)) - Update SafeModeStatus from SafeModeStatus{safeModeStatus=true, preCheckPassed=false} to SafeModeStatus{safeModeStatus=true, preCheckPassed=true}.
2022-05-15 13:42:51,700 [EventQueue-NodeRegistrationContainerReportForDataNodeSafeModeRule] INFO  pipeline.BackgroundPipelineCreator (BackgroundPipelineCreator.java:notifyEventTriggered(272)) - trigger a one-shot run on RatisPipelineUtilsThread.
2022-05-15 13:42:51,700 [RatisPipelineUtilsThread - 0] INFO  pipeline.RatisPipelineProvider (RatisPipelineProvider.java:lambda$create$0(195)) - Sending CreatePipelineCommand for pipeline:PipelineID=67bfdcc1-e7fe-4427-b74e-4ba9d62e3729 to datanode:7eb4ec08-9634-460b-95c0-6bd60621f433
2022-05-15 13:42:51,700 [RatisPipelineUtilsThread - 0] INFO  pipeline.RatisPipelineProvider (RatisPipelineProvider.java:lambda$create$0(195)) - Sending CreatePipelineCommand for pipeline:PipelineID=67bfdcc1-e7fe-4427-b74e-4ba9d62e3729 to datanode:19f7afb5-3674-4b31-b368-bacfe26f5f53
2022-05-15 13:42:51,700 [RatisPipelineUtilsThread - 0] INFO  pipeline.RatisPipelineProvider (RatisPipelineProvider.java:lambda$create$0(195)) - Sending CreatePipelineCommand for pipeline:PipelineID=67bfdcc1-e7fe-4427-b74e-4ba9d62e3729 to datanode:94699813-60c4-4d79-967a-f363ce32bd3e
2022-05-15 13:42:51,701 [RatisPipelineUtilsThread - 0] INFO  pipeline.PipelineStateManagerImpl (PipelineStateManagerImpl.java:addPipeline(101)) - Created pipeline Pipeline[ Id: 67bfdcc1-e7fe-4427-b74e-4ba9d62e3729, Nodes: 7eb4ec08-9634-460b-95c0-6bd60621f433{ip: 10.1.0.20, host: fv-az40-973.r1qzdtoifymehf5jtx2d0vwyfg.bx.internal.cloudapp.net, ports: [REPLICATION=37171, RATIS=36861, RATIS_ADMIN=36861, RATIS_SERVER=36861, STANDALONE=42543], networkLocation: /default-rack, certSerialId: null, persistedOpState: IN_SERVICE, persistedOpStateExpiryEpochSec: 0}19f7afb5-3674-4b31-b368-bacfe26f5f53{ip: 10.1.0.20, host: fv-az40-973.r1qzdtoifymehf5jtx2d0vwyfg.bx.internal.cloudapp.net, ports: [REPLICATION=36599, RATIS=38475, RATIS_ADMIN=38475, RATIS_SERVER=38475, STANDALONE=38529], networkLocation: /default-rack, certSerialId: null, persistedOpState: IN_SERVICE, persistedOpStateExpiryEpochSec: 0}94699813-60c4-4d79-967a-f363ce32bd3e{ip: 10.1.0.20, host: fv-az40-973.r1qzdtoifymehf5jtx2d0vwyfg.bx.internal.cloudapp.net, ports: [REPLICATION=42207, RATIS=41971, RATIS_ADMIN=41971, RATIS_SERVER=41971, STANDALONE=35563], networkLocation: /default-rack, certSerialId: null, persistedOpState: IN_SERVICE, persistedOpStateExpiryEpochSec: 0}, ReplicationConfig: RATIS/THREE, State:ALLOCATED, leaderId:, CreationTimestamp2022-05-15T13:42:51.700Z[Etc/UTC]].
2022-05-15 13:42:51,701 [RatisPipelineUtilsThread - 0] INFO  pipeline.RatisPipelineProvider (RatisPipelineProvider.java:lambda$create$0(195)) - Sending CreatePipelineCommand for pipeline:PipelineID=a923349d-2e9e-4683-9f35-f8eb742a08c6 to datanode:94699813-60c4-4d79-967a-f363ce32bd3e
2022-05-15 13:42:51,701 [RatisPipelineUtilsThread - 0] INFO  pipeline.RatisPipelineProvider (RatisPipelineProvider.java:lambda$create$0(195)) - Sending CreatePipelineCommand for pipeline:PipelineID=a923349d-2e9e-4683-9f35-f8eb742a08c6 to datanode:7eb4ec08-9634-460b-95c0-6bd60621f433
2022-05-15 13:42:51,701 [RatisPipelineUtilsThread - 0] INFO  pipeline.RatisPipelineProvider (RatisPipelineProvider.java:lambda$create$0(195)) - Sending CreatePipelineCommand for pipeline:PipelineID=a923349d-2e9e-4683-9f35-f8eb742a08c6 to datanode:19f7afb5-3674-4b31-b368-bacfe26f5f53
2022-05-15 13:42:51,702 [RatisPipelineUtilsThread - 0] INFO  pipeline.PipelineStateManagerImpl (PipelineStateManagerImpl.java:addPipeline(101)) - Created pipeline Pipeline[ Id: a923349d-2e9e-4683-9f35-f8eb742a08c6, Nodes: 94699813-60c4-4d79-967a-f363ce32bd3e{ip: 10.1.0.20, host: fv-az40-973.r1qzdtoifymehf5jtx2d0vwyfg.bx.internal.cloudapp.net, ports: [REPLICATION=42207, RATIS=41971, RATIS_ADMIN=41971, RATIS_SERVER=41971, STANDALONE=35563], networkLocation: /default-rack, certSerialId: null, persistedOpState: IN_SERVICE, persistedOpStateExpiryEpochSec: 0}7eb4ec08-9634-460b-95c0-6bd60621f433{ip: 10.1.0.20, host: fv-az40-973.r1qzdtoifymehf5jtx2d0vwyfg.bx.internal.cloudapp.net, ports: [REPLICATION=37171, RATIS=36861, RATIS_ADMIN=36861, RATIS_SERVER=36861, STANDALONE=42543], networkLocation: /default-rack, certSerialId: null, persistedOpState: IN_SERVICE, persistedOpStateExpiryEpochSec: 0}19f7afb5-3674-4b31-b368-bacfe26f5f53{ip: 10.1.0.20, host: fv-az40-973.r1qzdtoifymehf5jtx2d0vwyfg.bx.internal.cloudapp.net, ports: [REPLICATION=36599, RATIS=38475, RATIS_ADMIN=38475, RATIS_SERVER=38475, STANDALONE=38529], networkLocation: /default-rack, certSerialId: null, persistedOpState: IN_SERVICE, persistedOpStateExpiryEpochSec: 0}, ReplicationConfig: RATIS/THREE, State:ALLOCATED, leaderId:, CreationTimestamp2022-05-15T13:42:51.701Z[Etc/UTC]].
2022-05-15 13:42:51,702 [RatisPipelineUtilsThread - 0] INFO  pipeline.PipelineManagerImpl (PipelineManagerImpl.java:recordMetricsForPipeline(695)) - Pipeline: PipelineID=a923349d-2e9e-4683-9f35-f8eb742a08c6 contains same datanodes as previous pipelines: PipelineID=67bfdcc1-e7fe-4427-b74e-4ba9d62e3729 nodeIds: 94699813-60c4-4d79-967a-f363ce32bd3e, 7eb4ec08-9634-460b-95c0-6bd60621f433, 19f7afb5-3674-4b31-b368-bacfe26f5f53
2022-05-15 13:42:52,422 [Command processor thread] INFO  server.RaftServer (RaftServerProxy.java:addNew(95)) - 94699813-60c4-4d79-967a-f363ce32bd3e: addNew group-73A2186E5559:[94699813-60c4-4d79-967a-f363ce32bd3e|rpc:10.1.0.20:41971|priority:1] returns group-73A2186E5559:java.util.concurrent.CompletableFuture@4b55c0f[Not completed]
2022-05-15 13:42:52,425 [pool-564-thread-1] INFO  server.RaftServer$Division (RaftServerImpl.java:<init>(184)) - 94699813-60c4-4d79-967a-f363ce32bd3e: new RaftServerImpl for group-73A2186E5559:[94699813-60c4-4d79-967a-f363ce32bd3e|rpc:10.1.0.20:41971|priority:1] with ContainerStateMachine:uninitialized
2022-05-15 13:42:52,458 [pool-564-thread-1] INFO  server.RaftServerConfigKeys (ConfUtils.java:logGet(44)) - raft.server.rpc.timeout.min = 5s (custom)
2022-05-15 13:42:52,458 [pool-564-thread-1] INFO  server.RaftServerConfigKeys (ConfUtils.java:logGet(44)) - raft.server.rpc.timeout.max = 5200ms (custom)
2022-05-15 13:42:52,458 [pool-564-thread-1] INFO  server.RaftServerConfigKeys (ConfUtils.java:logGet(44)) - raft.server.rpc.sleep.time = 25ms (default)
2022-05-15 13:42:52,458 [pool-564-thread-1] INFO  server.RaftServerConfigKeys (ConfUtils.java:logGet(44)) - raft.server.rpc.slowness.timeout = 300s (custom)
2022-05-15 13:42:52,458 [pool-564-thread-1] INFO  server.RaftServerConfigKeys (ConfUtils.java:logGet(44)) - raft.server.leaderelection.leader.step-down.wait-time = 10s (default)
2022-05-15 13:42:52,459 [pool-564-thread-1] INFO  server.RaftServerConfigKeys (ConfUtils.java:logGet(44)) - raft.server.sleep.deviation.threshold = 300ms (default)
2022-05-15 13:42:52,459 [pool-564-thread-1] INFO  server.RaftServerConfigKeys (ConfUtils.java:logGet(44)) - raft.server.log.appender.install.snapshot.enabled = false (custom)
2022-05-15 13:42:52,459 [pool-564-thread-1] INFO  server.RaftServer$Division (ServerState.java:<init>(105)) - 94699813-60c4-4d79-967a-f363ce32bd3e@group-73A2186E5559: ConfigurationManager, init=-1: [94699813-60c4-4d79-967a-f363ce32bd3e|rpc:10.1.0.20:41971|priority:1], old=null, confs=<EMPTY_MAP>
2022-05-15 13:42:52,459 [pool-564-thread-1] INFO  server.RaftServerConfigKeys (ConfUtils.java:logGet(44)) - raft.server.storage.dir = [/home/runner/work/ozone/ozone/hadoop-ozone/integration-test/target/test-dir/MiniOzoneClusterImpl-0cd62ba4-9e34-4333-8104-a5cbd1bd15a2/datanode-0/data/ratis] (custom)
2022-05-15 13:42:52,459 [pool-564-thread-1] INFO  server.RaftServerConfigKeys (ConfUtils.java:logGet(44)) - raft.server.log.corruption.policy = EXCEPTION (default)
2022-05-15 13:42:52,459 [pool-564-thread-1] INFO  server.RaftServerConfigKeys (ConfUtils.java:logGet(44)) - raft.server.storage.free-space.min = 0MB (=0) (default)
2022-05-15 13:42:52,459 [pool-564-thread-1] INFO  storage.RaftStorageDirectory (RaftStorageDirectoryImpl.java:analyzeStorage(135)) - The storage directory /home/runner/work/ozone/ozone/hadoop-ozone/integration-test/target/test-dir/MiniOzoneClusterImpl-0cd62ba4-9e34-4333-8104-a5cbd1bd15a2/datanode-0/data/ratis/33bffe62-1c0e-4cc9-9fb2-73a2186e5559 does not exist. Creating ...
2022-05-15 13:42:52,467 [pool-564-thread-1] INFO  storage.RaftStorageDirectory (RaftStorageDirectoryImpl.java:tryLock(230)) - Lock on /home/runner/work/ozone/ozone/hadoop-ozone/integration-test/target/test-dir/MiniOzoneClusterImpl-0cd62ba4-9e34-4333-8104-a5cbd1bd15a2/datanode-0/data/ratis/33bffe62-1c0e-4cc9-9fb2-73a2186e5559/in_use.lock acquired by nodename 19587@fv-az40-973
2022-05-15 13:42:52,468 [pool-564-thread-1] INFO  storage.RaftStorage (RaftStorageImpl.java:format(89)) - Storage directory /home/runner/work/ozone/ozone/hadoop-ozone/integration-test/target/test-dir/MiniOzoneClusterImpl-0cd62ba4-9e34-4333-8104-a5cbd1bd15a2/datanode-0/data/ratis/33bffe62-1c0e-4cc9-9fb2-73a2186e5559 has been successfully formatted.
2022-05-15 13:42:52,484 [pool-564-thread-1] INFO  ratis.ContainerStateMachine (ContainerStateMachine.java:loadSnapshot(236)) - group-73A2186E5559: The snapshot info is null. Setting the last applied indexto:(t:0, i:~)
2022-05-15 13:42:52,485 [pool-564-thread-1] INFO  server.RaftServerConfigKeys (ConfUtils.java:logGet(44)) - raft.server.notification.no-leader.timeout = 300s (custom)
2022-05-15 13:42:52,485 [pool-564-thread-1] INFO  server.RaftServerConfigKeys (ConfUtils.java:logGet(44)) - raft.server.log.use.memory = false (default)
2022-05-15 13:42:52,485 [pool-564-thread-1] INFO  server.RaftServerConfigKeys (ConfUtils.java:logGet(44)) - raft.server.log.purge.gap = 1000000 (custom)
2022-05-15 13:42:52,485 [pool-564-thread-1] INFO  server.RaftServerConfigKeys (ConfUtils.java:logGet(44)) - raft.server.log.appender.buffer.byte-limit = 33554432 (custom)
2022-05-15 13:42:52,485 [pool-564-thread-1] INFO  server.RaftServerConfigKeys (ConfUtils.java:logGet(44)) - raft.server.log.segment.size.max = 1048576 (custom)
2022-05-15 13:42:52,485 [pool-564-thread-1] INFO  server.RaftServerConfigKeys (ConfUtils.java:logGet(44)) - raft.server.log.segment.cache.num.max = 2 (custom)
2022-05-15 13:42:52,485 [pool-564-thread-1] INFO  server.RaftServerConfigKeys (ConfUtils.java:logGet(44)) - raft.server.log.segment.cache.size.max = 200MB (=209715200) (default)
2022-05-15 13:42:52,485 [pool-564-thread-1] INFO  segmented.SegmentedRaftLogWorker (SegmentedRaftLogWorker.java:<init>(182)) - new 94699813-60c4-4d79-967a-f363ce32bd3e@group-73A2186E5559-SegmentedRaftLogWorker for RaftStorageImpl:Storage Directory /home/runner/work/ozone/ozone/hadoop-ozone/integration-test/target/test-dir/MiniOzoneClusterImpl-0cd62ba4-9e34-4333-8104-a5cbd1bd15a2/datanode-0/data/ratis/33bffe62-1c0e-4cc9-9fb2-73a2186e5559
2022-05-15 13:42:52,485 [pool-564-thread-1] INFO  server.RaftServerConfigKeys (ConfUtils.java:logGet(44)) - raft.server.log.queue.byte-limit = 4294967296 (custom)
2022-05-15 13:42:52,485 [pool-564-thread-1] INFO  server.RaftServerConfigKeys (ConfUtils.java:logGet(44)) - raft.server.log.queue.element-limit = 1024 (custom)
2022-05-15 13:42:52,486 [pool-564-thread-1] INFO  server.RaftServerConfigKeys (ConfUtils.java:logGet(44)) - raft.server.log.segment.size.max = 1048576 (custom)
2022-05-15 13:42:52,486 [pool-564-thread-1] INFO  server.RaftServerConfigKeys (ConfUtils.java:logGet(44)) - raft.server.log.preallocated.size = 16384 (custom)
2022-05-15 13:42:52,486 [pool-564-thread-1] INFO  server.RaftServerConfigKeys (ConfUtils.java:logGet(44)) - raft.server.log.force.sync.num = 128 (default)
2022-05-15 13:42:52,486 [pool-564-thread-1] INFO  server.RaftServerConfigKeys (ConfUtils.java:logGet(44)) - raft.server.log.statemachine.data.sync = true (default)
2022-05-15 13:42:52,486 [pool-564-thread-1] INFO  server.RaftServerConfigKeys (ConfUtils.java:logGet(44)) - raft.server.log.statemachine.data.sync.timeout = 10s (default)
2022-05-15 13:42:52,486 [pool-564-thread-1] INFO  server.RaftServerConfigKeys (ConfUtils.java:logGet(44)) - raft.server.log.statemachine.data.sync.timeout.retry = -1 (default)
2022-05-15 13:42:52,487 [EventQueue-PipelineReportForPipelineReportHandler] INFO  pipeline.PipelineManagerImpl (PipelineManagerImpl.java:openPipeline(336)) - Pipeline Pipeline[ Id: 33bffe62-1c0e-4cc9-9fb2-73a2186e5559, Nodes: 94699813-60c4-4d79-967a-f363ce32bd3e{ip: 10.1.0.20, host: fv-az40-973.r1qzdtoifymehf5jtx2d0vwyfg.bx.internal.cloudapp.net, ports: [REPLICATION=42207, RATIS=41971, RATIS_ADMIN=41971, RATIS_SERVER=41971, STANDALONE=35563], networkLocation: /default-rack, certSerialId: null, persistedOpState: IN_SERVICE, persistedOpStateExpiryEpochSec: 0}, ReplicationConfig: RATIS/ONE, State:ALLOCATED, leaderId:94699813-60c4-4d79-967a-f363ce32bd3e, CreationTimestamp2022-05-15T13:42:49.467Z[Etc/UTC]] moved to OPEN state
2022-05-15 13:42:52,511 [pool-564-thread-1] INFO  server.RaftServerConfigKeys (ConfUtils.java:logGet(44)) - raft.server.log.write.buffer.size = 1048576 (custom)
2022-05-15 13:42:52,512 [pool-564-thread-1] INFO  server.RaftServerConfigKeys (ConfUtils.java:logGet(44)) - raft.server.log.statemachine.data.caching.enabled = true (custom)
2022-05-15 13:42:52,512 [pool-564-thread-1] INFO  segmented.SegmentedRaftLogWorker (SegmentedRaftLogWorker.java:lambda$new$0(133)) - 94699813-60c4-4d79-967a-f363ce32bd3e@group-73A2186E5559-SegmentedRaftLogWorker: flushIndex: setUnconditionally 0 -> -1
2022-05-15 13:42:52,512 [pool-564-thread-1] INFO  segmented.SegmentedRaftLogWorker (SegmentedRaftLogWorker.java:lambda$new$0(133)) - 94699813-60c4-4d79-967a-f363ce32bd3e@group-73A2186E5559-SegmentedRaftLogWorker: safeCacheEvictIndex: setUnconditionally 0 -> -1
2022-05-15 13:42:52,512 [pool-564-thread-1] INFO  server.RaftServerConfigKeys (ConfUtils.java:logGet(44)) - raft.server.snapshot.auto.trigger.enabled = true (custom)
2022-05-15 13:42:52,512 [pool-564-thread-1] INFO  server.RaftServerConfigKeys (ConfUtils.java:logGet(44)) - raft.server.snapshot.auto.trigger.threshold = 10000 (custom)
2022-05-15 13:42:52,512 [pool-564-thread-1] INFO  server.RaftServerConfigKeys (ConfUtils.java:logGet(44)) - raft.server.snapshot.retention.file.num = 5 (custom)
2022-05-15 13:42:52,512 [pool-564-thread-1] INFO  server.RaftServerConfigKeys (ConfUtils.java:logGet(44)) - raft.server.log.purge.upto.snapshot.index = false (default)
2022-05-15 13:42:52,512 [pool-564-thread-1] INFO  server.RaftServerConfigKeys (ConfUtils.java:logGet(44)) - raft.server.retrycache.expirytime = 600000ms (custom)
2022-05-15 13:42:52,512 [pool-564-thread-1] INFO  server.RaftServerConfigKeys (ConfUtils.java:logGet(44)) - raft.server.retrycache.statistics.expirytime = 100μs (default)
2022-05-15 13:42:52,514 [pool-564-thread-1] INFO  server.RaftServer$Division (RaftServerImpl.java:start(301)) - 94699813-60c4-4d79-967a-f363ce32bd3e@group-73A2186E5559: start as a follower, conf=-1: [94699813-60c4-4d79-967a-f363ce32bd3e|rpc:10.1.0.20:41971|priority:1], old=null
2022-05-15 13:42:52,514 [pool-564-thread-1] INFO  server.RaftServer$Division (RaftServerImpl.java:setRole(290)) - 94699813-60c4-4d79-967a-f363ce32bd3e@group-73A2186E5559: changes role from      null to FOLLOWER at term 0 for startAsFollower
2022-05-15 13:42:52,514 [pool-564-thread-1] INFO  impl.RoleInfo (RoleInfo.java:updateAndGet(130)) - 94699813-60c4-4d79-967a-f363ce32bd3e: start 94699813-60c4-4d79-967a-f363ce32bd3e@group-73A2186E5559-FollowerState
2022-05-15 13:42:52,514 [pool-564-thread-1] INFO  util.JmxRegister (JmxRegister.java:tryRegister(44)) - Successfully registered JMX Bean with object name Ratis:service=RaftServer,group=group-73A2186E5559,id=94699813-60c4-4d79-967a-f363ce32bd3e
2022-05-15 13:42:52,518 [EventQueue-OpenPipelineForHealthyPipelineSafeModeRule] INFO  safemode.SCMSafeModeManager (HealthyPipelineSafeModeRule.java:process(124)) - SCM in safe mode. Healthy pipelines reported count is 0, required healthy pipeline reported count is 1
2022-05-15 13:42:52,574 [Command processor thread] INFO  ratis.XceiverServerRatis (XceiverServerRatis.java:addGroup(765)) - Created group PipelineID=33bffe62-1c0e-4cc9-9fb2-73a2186e5559
2022-05-15 13:42:52,574 [Command processor thread] INFO  commandhandler.CreatePipelineCommandHandler (CreatePipelineCommandHandler.java:handle(113)) - Created Pipeline RATIS ONE PipelineID=33bffe62-1c0e-4cc9-9fb2-73a2186e5559.
2022-05-15 13:42:52,575 [Command processor thread] INFO  server.RaftServer (RaftServerProxy.java:addNew(95)) - 94699813-60c4-4d79-967a-f363ce32bd3e: addNew group-4BA9D62E3729:[94699813-60c4-4d79-967a-f363ce32bd3e|rpc:10.1.0.20:41971|priority:1, 19f7afb5-3674-4b31-b368-bacfe26f5f53|rpc:10.1.0.20:38475|priority:0, 7eb4ec08-9634-460b-95c0-6bd60621f433|rpc:10.1.0.20:36861|priority:0] returns group-4BA9D62E3729:java.util.concurrent.CompletableFuture@8ad841[Not completed]
2022-05-15 13:42:52,575 [pool-564-thread-1] INFO  server.RaftServer$Division (RaftServerImpl.java:<init>(184)) - 94699813-60c4-4d79-967a-f363ce32bd3e: new RaftServerImpl for group-4BA9D62E3729:[94699813-60c4-4d79-967a-f363ce32bd3e|rpc:10.1.0.20:41971|priority:1, 19f7afb5-3674-4b31-b368-bacfe26f5f53|rpc:10.1.0.20:38475|priority:0, 7eb4ec08-9634-460b-95c0-6bd60621f433|rpc:10.1.0.20:36861|priority:0] with ContainerStateMachine:uninitialized
2022-05-15 13:42:52,576 [pool-564-thread-1] INFO  server.RaftServerConfigKeys (ConfUtils.java:logGet(44)) - raft.server.rpc.timeout.min = 5s (custom)
2022-05-15 13:42:52,576 [pool-564-thread-1] INFO  server.RaftServerConfigKeys (ConfUtils.java:logGet(44)) - raft.server.rpc.timeout.max = 5200ms (custom)
2022-05-15 13:42:52,576 [pool-564-thread-1] INFO  server.RaftServerConfigKeys (ConfUtils.java:logGet(44)) - raft.server.rpc.sleep.time = 25ms (default)
2022-05-15 13:42:52,576 [pool-564-thread-1] INFO  server.RaftServerConfigKeys (ConfUtils.java:logGet(44)) - raft.server.rpc.slowness.timeout = 300s (custom)
2022-05-15 13:42:52,576 [pool-564-thread-1] INFO  server.RaftServerConfigKeys (ConfUtils.java:logGet(44)) - raft.server.leaderelection.leader.step-down.wait-time = 10s (default)
2022-05-15 13:42:52,576 [pool-564-thread-1] INFO  server.RaftServerConfigKeys (ConfUtils.java:logGet(44)) - raft.server.sleep.deviation.threshold = 300ms (default)
2022-05-15 13:42:52,576 [pool-564-thread-1] INFO  server.RaftServerConfigKeys (ConfUtils.java:logGet(44)) - raft.server.log.appender.install.snapshot.enabled = false (custom)
2022-05-15 13:42:52,576 [pool-564-thread-1] INFO  server.RaftServer$Division (ServerState.java:<init>(105)) - 94699813-60c4-4d79-967a-f363ce32bd3e@group-4BA9D62E3729: ConfigurationManager, init=-1: [94699813-60c4-4d79-967a-f363ce32bd3e|rpc:10.1.0.20:41971|priority:1, 19f7afb5-3674-4b31-b368-bacfe26f5f53|rpc:10.1.0.20:38475|priority:0, 7eb4ec08-9634-460b-95c0-6bd60621f433|rpc:10.1.0.20:36861|priority:0], old=null, confs=<EMPTY_MAP>
2022-05-15 13:42:52,576 [pool-564-thread-1] INFO  server.RaftServerConfigKeys (ConfUtils.java:logGet(44)) - raft.server.storage.dir = [/home/runner/work/ozone/ozone/hadoop-ozone/integration-test/target/test-dir/MiniOzoneClusterImpl-0cd62ba4-9e34-4333-8104-a5cbd1bd15a2/datanode-0/data/ratis] (custom)
2022-05-15 13:42:52,576 [pool-564-thread-1] INFO  server.RaftServerConfigKeys (ConfUtils.java:logGet(44)) - raft.server.log.corruption.policy = EXCEPTION (default)
2022-05-15 13:42:52,576 [pool-564-thread-1] INFO  server.RaftServerConfigKeys (ConfUtils.java:logGet(44)) - raft.server.storage.free-space.min = 0MB (=0) (default)
2022-05-15 13:42:52,576 [pool-564-thread-1] INFO  storage.RaftStorageDirectory (RaftStorageDirectoryImpl.java:analyzeStorage(135)) - The storage directory /home/runner/work/ozone/ozone/hadoop-ozone/integration-test/target/test-dir/MiniOzoneClusterImpl-0cd62ba4-9e34-4333-8104-a5cbd1bd15a2/datanode-0/data/ratis/67bfdcc1-e7fe-4427-b74e-4ba9d62e3729 does not exist. Creating ...
2022-05-15 13:42:52,582 [pool-564-thread-1] INFO  storage.RaftStorageDirectory (RaftStorageDirectoryImpl.java:tryLock(230)) - Lock on /home/runner/work/ozone/ozone/hadoop-ozone/integration-test/target/test-dir/MiniOzoneClusterImpl-0cd62ba4-9e34-4333-8104-a5cbd1bd15a2/datanode-0/data/ratis/67bfdcc1-e7fe-4427-b74e-4ba9d62e3729/in_use.lock acquired by nodename 19587@fv-az40-973
2022-05-15 13:42:52,585 [pool-564-thread-1] INFO  storage.RaftStorage (RaftStorageImpl.java:format(89)) - Storage directory /home/runner/work/ozone/ozone/hadoop-ozone/integration-test/target/test-dir/MiniOzoneClusterImpl-0cd62ba4-9e34-4333-8104-a5cbd1bd15a2/datanode-0/data/ratis/67bfdcc1-e7fe-4427-b74e-4ba9d62e3729 has been successfully formatted.
2022-05-15 13:42:52,586 [pool-564-thread-1] INFO  ratis.ContainerStateMachine (ContainerStateMachine.java:loadSnapshot(236)) - group-4BA9D62E3729: The snapshot info is null. Setting the last applied indexto:(t:0, i:~)
2022-05-15 13:42:52,586 [pool-564-thread-1] INFO  server.RaftServerConfigKeys (ConfUtils.java:logGet(44)) - raft.server.notification.no-leader.timeout = 300s (custom)
2022-05-15 13:42:52,586 [pool-564-thread-1] INFO  server.RaftServerConfigKeys (ConfUtils.java:logGet(44)) - raft.server.log.use.memory = false (default)
2022-05-15 13:42:52,586 [pool-564-thread-1] INFO  server.RaftServerConfigKeys (ConfUtils.java:logGet(44)) - raft.server.log.purge.gap = 1000000 (custom)
2022-05-15 13:42:52,586 [pool-564-thread-1] INFO  server.RaftServerConfigKeys (ConfUtils.java:logGet(44)) - raft.server.log.appender.buffer.byte-limit = 33554432 (custom)
2022-05-15 13:42:52,586 [pool-564-thread-1] INFO  server.RaftServerConfigKeys (ConfUtils.java:logGet(44)) - raft.server.log.segment.size.max = 1048576 (custom)
2022-05-15 13:42:52,587 [pool-564-thread-1] INFO  server.RaftServerConfigKeys (ConfUtils.java:logGet(44)) - raft.server.log.segment.cache.num.max = 2 (custom)
2022-05-15 13:42:52,587 [pool-564-thread-1] INFO  server.RaftServerConfigKeys (ConfUtils.java:logGet(44)) - raft.server.log.segment.cache.size.max = 200MB (=209715200) (default)
2022-05-15 13:42:52,587 [EventQueue-OpenPipelineForHealthyPipelineSafeModeRule] INFO  safemode.SCMSafeModeManager (HealthyPipelineSafeModeRule.java:process(124)) - SCM in safe mode. Healthy pipelines reported count is 0, required healthy pipeline reported count is 1
2022-05-15 13:42:52,587 [pool-564-thread-1] INFO  segmented.SegmentedRaftLogWorker (SegmentedRaftLogWorker.java:<init>(182)) - new 94699813-60c4-4d79-967a-f363ce32bd3e@group-4BA9D62E3729-SegmentedRaftLogWorker for RaftStorageImpl:Storage Directory /home/runner/work/ozone/ozone/hadoop-ozone/integration-test/target/test-dir/MiniOzoneClusterImpl-0cd62ba4-9e34-4333-8104-a5cbd1bd15a2/datanode-0/data/ratis/67bfdcc1-e7fe-4427-b74e-4ba9d62e3729
2022-05-15 13:42:52,591 [pool-564-thread-1] INFO  server.RaftServerConfigKeys (ConfUtils.java:logGet(44)) - raft.server.log.queue.byte-limit = 4294967296 (custom)
2022-05-15 13:42:52,591 [pool-564-thread-1] INFO  server.RaftServerConfigKeys (ConfUtils.java:logGet(44)) - raft.server.log.queue.element-limit = 1024 (custom)
2022-05-15 13:42:52,591 [pool-564-thread-1] INFO  server.RaftServerConfigKeys (ConfUtils.java:logGet(44)) - raft.server.log.segment.size.max = 1048576 (custom)
2022-05-15 13:42:52,591 [pool-564-thread-1] INFO  server.RaftServerConfigKeys (ConfUtils.java:logGet(44)) - raft.server.log.preallocated.size = 16384 (custom)
2022-05-15 13:42:52,591 [pool-564-thread-1] INFO  server.RaftServerConfigKeys (ConfUtils.java:logGet(44)) - raft.server.log.force.sync.num = 128 (default)
2022-05-15 13:42:52,591 [pool-564-thread-1] INFO  server.RaftServerConfigKeys (ConfUtils.java:logGet(44)) - raft.server.log.statemachine.data.sync = true (default)
2022-05-15 13:42:52,591 [pool-564-thread-1] INFO  server.RaftServerConfigKeys (ConfUtils.java:logGet(44)) - raft.server.log.statemachine.data.sync.timeout = 10s (default)
2022-05-15 13:42:52,591 [pool-564-thread-1] INFO  server.RaftServerConfigKeys (ConfUtils.java:logGet(44)) - raft.server.log.statemachine.data.sync.timeout.retry = -1 (default)
2022-05-15 13:42:52,597 [pool-564-thread-1] INFO  server.RaftServerConfigKeys (ConfUtils.java:logGet(44)) - raft.server.log.write.buffer.size = 1048576 (custom)
2022-05-15 13:42:52,597 [pool-564-thread-1] INFO  server.RaftServerConfigKeys (ConfUtils.java:logGet(44)) - raft.server.log.statemachine.data.caching.enabled = true (custom)
2022-05-15 13:42:52,597 [pool-564-thread-1] INFO  segmented.SegmentedRaftLogWorker (SegmentedRaftLogWorker.java:lambda$new$0(133)) - 94699813-60c4-4d79-967a-f363ce32bd3e@group-4BA9D62E3729-SegmentedRaftLogWorker: flushIndex: setUnconditionally 0 -> -1
2022-05-15 13:42:52,598 [pool-564-thread-1] INFO  segmented.SegmentedRaftLogWorker (SegmentedRaftLogWorker.java:lambda$new$0(133)) - 94699813-60c4-4d79-967a-f363ce32bd3e@group-4BA9D62E3729-SegmentedRaftLogWorker: safeCacheEvictIndex: setUnconditionally 0 -> -1
2022-05-15 13:42:52,610 [pool-564-thread-1] INFO  server.RaftServerConfigKeys (ConfUtils.java:logGet(44)) - raft.server.snapshot.auto.trigger.enabled = true (custom)
2022-05-15 13:42:52,610 [pool-564-thread-1] INFO  server.RaftServerConfigKeys (ConfUtils.java:logGet(44)) - raft.server.snapshot.auto.trigger.threshold = 10000 (custom)
2022-05-15 13:42:52,610 [pool-564-thread-1] INFO  server.RaftServerConfigKeys (ConfUtils.java:logGet(44)) - raft.server.snapshot.retention.file.num = 5 (custom)
2022-05-15 13:42:52,610 [pool-564-thread-1] INFO  server.RaftServerConfigKeys (ConfUtils.java:logGet(44)) - raft.server.log.purge.upto.snapshot.index = false (default)
2022-05-15 13:42:52,610 [pool-564-thread-1] INFO  server.RaftServerConfigKeys (ConfUtils.java:logGet(44)) - raft.server.retrycache.expirytime = 600000ms (custom)
2022-05-15 13:42:52,610 [pool-564-thread-1] INFO  server.RaftServerConfigKeys (ConfUtils.java:logGet(44)) - raft.server.retrycache.statistics.expirytime = 100μs (default)
2022-05-15 13:42:52,612 [pool-564-thread-1] INFO  server.RaftServer$Division (RaftServerImpl.java:start(301)) - 94699813-60c4-4d79-967a-f363ce32bd3e@group-4BA9D62E3729: start as a follower, conf=-1: [94699813-60c4-4d79-967a-f363ce32bd3e|rpc:10.1.0.20:41971|priority:1, 19f7afb5-3674-4b31-b368-bacfe26f5f53|rpc:10.1.0.20:38475|priority:0, 7eb4ec08-9634-460b-95c0-6bd60621f433|rpc:10.1.0.20:36861|priority:0], old=null
2022-05-15 13:42:52,612 [pool-564-thread-1] INFO  server.RaftServer$Division (RaftServerImpl.java:setRole(290)) - 94699813-60c4-4d79-967a-f363ce32bd3e@group-4BA9D62E3729: changes role from      null to FOLLOWER at term 0 for startAsFollower
2022-05-15 13:42:52,612 [pool-564-thread-1] INFO  impl.RoleInfo (RoleInfo.java:updateAndGet(130)) - 94699813-60c4-4d79-967a-f363ce32bd3e: start 94699813-60c4-4d79-967a-f363ce32bd3e@group-4BA9D62E3729-FollowerState
2022-05-15 13:42:52,612 [pool-564-thread-1] INFO  util.JmxRegister (JmxRegister.java:tryRegister(44)) - Successfully registered JMX Bean with object name Ratis:service=RaftServer,group=group-4BA9D62E3729,id=94699813-60c4-4d79-967a-f363ce32bd3e
2022-05-15 13:42:52,613 [Command processor thread] INFO  ratis.XceiverServerRatis (XceiverServerRatis.java:addGroup(765)) - Created group PipelineID=67bfdcc1-e7fe-4427-b74e-4ba9d62e3729
2022-05-15 13:42:52,614 [Listener at 127.0.0.1/34565] INFO  ozone.MiniOzoneClusterImpl (MiniOzoneClusterImpl.java:lambda$waitForClusterToBeReady$0(221)) - Nodes are ready. Got 3 of 3 DN Heartbeats.
2022-05-15 13:42:52,615 [Listener at 127.0.0.1/34565] INFO  ozone.MiniOzoneClusterImpl (MiniOzoneClusterImpl.java:lambda$waitForClusterToBeReady$0(224)) - Waiting for cluster to exit safe mode
2022-05-15 13:42:52,615 [Listener at 127.0.0.1/34565] INFO  ozone.MiniOzoneClusterImpl (MiniOzoneClusterImpl.java:lambda$waitForClusterToBeReady$0(226)) - SCM became leader
2022-05-15 13:42:52,666 [grpc-default-executor-0] INFO  server.RaftServer (RaftServerProxy.java:addNew(95)) - 7eb4ec08-9634-460b-95c0-6bd60621f433: addNew group-4BA9D62E3729:[94699813-60c4-4d79-967a-f363ce32bd3e|rpc:10.1.0.20:41971|dataStream:|priority:1, 19f7afb5-3674-4b31-b368-bacfe26f5f53|rpc:10.1.0.20:38475|dataStream:|priority:0, 7eb4ec08-9634-460b-95c0-6bd60621f433|rpc:10.1.0.20:36861|dataStream:|priority:0] returns group-4BA9D62E3729:java.util.concurrent.CompletableFuture@297f4400[Not completed]
2022-05-15 13:42:52,667 [pool-585-thread-1] INFO  server.RaftServer$Division (RaftServerImpl.java:<init>(184)) - 7eb4ec08-9634-460b-95c0-6bd60621f433: new RaftServerImpl for group-4BA9D62E3729:[94699813-60c4-4d79-967a-f363ce32bd3e|rpc:10.1.0.20:41971|dataStream:|priority:1, 19f7afb5-3674-4b31-b368-bacfe26f5f53|rpc:10.1.0.20:38475|dataStream:|priority:0, 7eb4ec08-9634-460b-95c0-6bd60621f433|rpc:10.1.0.20:36861|dataStream:|priority:0] with ContainerStateMachine:uninitialized
2022-05-15 13:42:52,688 [pool-585-thread-1] INFO  server.RaftServerConfigKeys (ConfUtils.java:logGet(44)) - raft.server.rpc.timeout.min = 5s (custom)
2022-05-15 13:42:52,688 [pool-585-thread-1] INFO  server.RaftServerConfigKeys (ConfUtils.java:logGet(44)) - raft.server.rpc.timeout.max = 5200ms (custom)
2022-05-15 13:42:52,688 [pool-585-thread-1] INFO  server.RaftServerConfigKeys (ConfUtils.java:logGet(44)) - raft.server.rpc.sleep.time = 25ms (default)
2022-05-15 13:42:52,688 [pool-585-thread-1] INFO  server.RaftServerConfigKeys (ConfUtils.java:logGet(44)) - raft.server.rpc.slowness.timeout = 300s (custom)
2022-05-15 13:42:52,688 [pool-585-thread-1] INFO  server.RaftServerConfigKeys (ConfUtils.java:logGet(44)) - raft.server.leaderelection.leader.step-down.wait-time = 10s (default)
2022-05-15 13:42:52,688 [pool-585-thread-1] INFO  server.RaftServerConfigKeys (ConfUtils.java:logGet(44)) - raft.server.sleep.deviation.threshold = 300ms (default)
2022-05-15 13:42:52,688 [pool-585-thread-1] INFO  server.RaftServerConfigKeys (ConfUtils.java:logGet(44)) - raft.server.log.appender.install.snapshot.enabled = false (custom)
2022-05-15 13:42:52,688 [pool-585-thread-1] INFO  server.RaftServer$Division (ServerState.java:<init>(105)) - 7eb4ec08-9634-460b-95c0-6bd60621f433@group-4BA9D62E3729: ConfigurationManager, init=-1: [94699813-60c4-4d79-967a-f363ce32bd3e|rpc:10.1.0.20:41971|dataStream:|priority:1, 19f7afb5-3674-4b31-b368-bacfe26f5f53|rpc:10.1.0.20:38475|dataStream:|priority:0, 7eb4ec08-9634-460b-95c0-6bd60621f433|rpc:10.1.0.20:36861|dataStream:|priority:0], old=null, confs=<EMPTY_MAP>
2022-05-15 13:42:52,688 [pool-585-thread-1] INFO  server.RaftServerConfigKeys (ConfUtils.java:logGet(44)) - raft.server.storage.dir = [/home/runner/work/ozone/ozone/hadoop-ozone/integration-test/target/test-dir/MiniOzoneClusterImpl-0cd62ba4-9e34-4333-8104-a5cbd1bd15a2/datanode-1/data/ratis] (custom)
2022-05-15 13:42:52,688 [pool-585-thread-1] INFO  server.RaftServerConfigKeys (ConfUtils.java:logGet(44)) - raft.server.log.corruption.policy = EXCEPTION (default)
2022-05-15 13:42:52,688 [pool-585-thread-1] INFO  server.RaftServerConfigKeys (ConfUtils.java:logGet(44)) - raft.server.storage.free-space.min = 0MB (=0) (default)
2022-05-15 13:42:52,688 [pool-585-thread-1] INFO  storage.RaftStorageDirectory (RaftStorageDirectoryImpl.java:analyzeStorage(135)) - The storage directory /home/runner/work/ozone/ozone/hadoop-ozone/integration-test/target/test-dir/MiniOzoneClusterImpl-0cd62ba4-9e34-4333-8104-a5cbd1bd15a2/datanode-1/data/ratis/67bfdcc1-e7fe-4427-b74e-4ba9d62e3729 does not exist. Creating ...
2022-05-15 13:42:52,697 [pool-585-thread-1] INFO  storage.RaftStorageDirectory (RaftStorageDirectoryImpl.java:tryLock(230)) - Lock on /home/runner/work/ozone/ozone/hadoop-ozone/integration-test/target/test-dir/MiniOzoneClusterImpl-0cd62ba4-9e34-4333-8104-a5cbd1bd15a2/datanode-1/data/ratis/67bfdcc1-e7fe-4427-b74e-4ba9d62e3729/in_use.lock acquired by nodename 19587@fv-az40-973
2022-05-15 13:42:52,699 [pool-585-thread-1] INFO  storage.RaftStorage (RaftStorageImpl.java:format(89)) - Storage directory /home/runner/work/ozone/ozone/hadoop-ozone/integration-test/target/test-dir/MiniOzoneClusterImpl-0cd62ba4-9e34-4333-8104-a5cbd1bd15a2/datanode-1/data/ratis/67bfdcc1-e7fe-4427-b74e-4ba9d62e3729 has been successfully formatted.
2022-05-15 13:42:52,718 [pool-585-thread-1] INFO  ratis.ContainerStateMachine (ContainerStateMachine.java:loadSnapshot(236)) - group-4BA9D62E3729: The snapshot info is null. Setting the last applied indexto:(t:0, i:~)
2022-05-15 13:42:52,719 [pool-585-thread-1] INFO  server.RaftServerConfigKeys (ConfUtils.java:logGet(44)) - raft.server.notification.no-leader.timeout = 300s (custom)
2022-05-15 13:42:52,719 [pool-585-thread-1] INFO  server.RaftServerConfigKeys (ConfUtils.java:logGet(44)) - raft.server.log.use.memory = false (default)
2022-05-15 13:42:52,719 [pool-585-thread-1] INFO  server.RaftServerConfigKeys (ConfUtils.java:logGet(44)) - raft.server.log.purge.gap = 1000000 (custom)
2022-05-15 13:42:52,719 [pool-585-thread-1] INFO  server.RaftServerConfigKeys (ConfUtils.java:logGet(44)) - raft.server.log.appender.buffer.byte-limit = 33554432 (custom)
2022-05-15 13:42:52,719 [pool-585-thread-1] INFO  server.RaftServerConfigKeys (ConfUtils.java:logGet(44)) - raft.server.log.segment.size.max = 1048576 (custom)
2022-05-15 13:42:52,719 [pool-585-thread-1] INFO  server.RaftServerConfigKeys (ConfUtils.java:logGet(44)) - raft.server.log.segment.cache.num.max = 2 (custom)
2022-05-15 13:42:52,719 [pool-585-thread-1] INFO  server.RaftServerConfigKeys (ConfUtils.java:logGet(44)) - raft.server.log.segment.cache.size.max = 200MB (=209715200) (default)
2022-05-15 13:42:52,719 [pool-585-thread-1] INFO  segmented.SegmentedRaftLogWorker (SegmentedRaftLogWorker.java:<init>(182)) - new 7eb4ec08-9634-460b-95c0-6bd60621f433@group-4BA9D62E3729-SegmentedRaftLogWorker for RaftStorageImpl:Storage Directory /home/runner/work/ozone/ozone/hadoop-ozone/integration-test/target/test-dir/MiniOzoneClusterImpl-0cd62ba4-9e34-4333-8104-a5cbd1bd15a2/datanode-1/data/ratis/67bfdcc1-e7fe-4427-b74e-4ba9d62e3729
2022-05-15 13:42:52,719 [pool-585-thread-1] INFO  server.RaftServerConfigKeys (ConfUtils.java:logGet(44)) - raft.server.log.queue.byte-limit = 4294967296 (custom)
2022-05-15 13:42:52,719 [pool-585-thread-1] INFO  server.RaftServerConfigKeys (ConfUtils.java:logGet(44)) - raft.server.log.queue.element-limit = 1024 (custom)
2022-05-15 13:42:52,719 [pool-585-thread-1] INFO  server.RaftServerConfigKeys (ConfUtils.java:logGet(44)) - raft.server.log.segment.size.max = 1048576 (custom)
2022-05-15 13:42:52,719 [pool-585-thread-1] INFO  server.RaftServerConfigKeys (ConfUtils.java:logGet(44)) - raft.server.log.preallocated.size = 16384 (custom)
2022-05-15 13:42:52,719 [pool-585-thread-1] INFO  server.RaftServerConfigKeys (ConfUtils.java:logGet(44)) - raft.server.log.force.sync.num = 128 (default)
2022-05-15 13:42:52,720 [pool-585-thread-1] INFO  server.RaftServerConfigKeys (ConfUtils.java:logGet(44)) - raft.server.log.statemachine.data.sync = true (default)
2022-05-15 13:42:52,720 [pool-585-thread-1] INFO  server.RaftServerConfigKeys (ConfUtils.java:logGet(44)) - raft.server.log.statemachine.data.sync.timeout = 10s (default)
2022-05-15 13:42:52,720 [pool-585-thread-1] INFO  server.RaftServerConfigKeys (ConfUtils.java:logGet(44)) - raft.server.log.statemachine.data.sync.timeout.retry = -1 (default)
2022-05-15 13:42:52,720 [pool-585-thread-1] INFO  server.RaftServerConfigKeys (ConfUtils.java:logGet(44)) - raft.server.log.write.buffer.size = 1048576 (custom)
2022-05-15 13:42:52,721 [pool-585-thread-1] INFO  server.RaftServerConfigKeys (ConfUtils.java:logGet(44)) - raft.server.log.statemachine.data.caching.enabled = true (custom)
2022-05-15 13:42:52,721 [pool-585-thread-1] INFO  segmented.SegmentedRaftLogWorker (SegmentedRaftLogWorker.java:lambda$new$0(133)) - 7eb4ec08-9634-460b-95c0-6bd60621f433@group-4BA9D62E3729-SegmentedRaftLogWorker: flushIndex: setUnconditionally 0 -> -1
2022-05-15 13:42:52,721 [pool-585-thread-1] INFO  segmented.SegmentedRaftLogWorker (SegmentedRaftLogWorker.java:lambda$new$0(133)) - 7eb4ec08-9634-460b-95c0-6bd60621f433@group-4BA9D62E3729-SegmentedRaftLogWorker: safeCacheEvictIndex: setUnconditionally 0 -> -1
2022-05-15 13:42:52,735 [pool-585-thread-1] INFO  server.RaftServerConfigKeys (ConfUtils.java:logGet(44)) - raft.server.snapshot.auto.trigger.enabled = true (custom)
2022-05-15 13:42:52,735 [pool-585-thread-1] INFO  server.RaftServerConfigKeys (ConfUtils.java:logGet(44)) - raft.server.snapshot.auto.trigger.threshold = 10000 (custom)
2022-05-15 13:42:52,735 [pool-585-thread-1] INFO  server.RaftServerConfigKeys (ConfUtils.java:logGet(44)) - raft.server.snapshot.retention.file.num = 5 (custom)
2022-05-15 13:42:52,735 [pool-585-thread-1] INFO  server.RaftServerConfigKeys (ConfUtils.java:logGet(44)) - raft.server.log.purge.upto.snapshot.index = false (default)
2022-05-15 13:42:52,735 [pool-585-thread-1] INFO  server.RaftServerConfigKeys (ConfUtils.java:logGet(44)) - raft.server.retrycache.expirytime = 600000ms (custom)
2022-05-15 13:42:52,735 [pool-585-thread-1] INFO  server.RaftServerConfigKeys (ConfUtils.java:logGet(44)) - raft.server.retrycache.statistics.expirytime = 100μs (default)
2022-05-15 13:42:52,736 [pool-585-thread-1] INFO  server.RaftServer$Division (RaftServerImpl.java:start(301)) - 7eb4ec08-9634-460b-95c0-6bd60621f433@group-4BA9D62E3729: start as a follower, conf=-1: [94699813-60c4-4d79-967a-f363ce32bd3e|rpc:10.1.0.20:41971|dataStream:|priority:1, 19f7afb5-3674-4b31-b368-bacfe26f5f53|rpc:10.1.0.20:38475|dataStream:|priority:0, 7eb4ec08-9634-460b-95c0-6bd60621f433|rpc:10.1.0.20:36861|dataStream:|priority:0], old=null
2022-05-15 13:42:52,736 [pool-585-thread-1] INFO  server.RaftServer$Division (RaftServerImpl.java:setRole(290)) - 7eb4ec08-9634-460b-95c0-6bd60621f433@group-4BA9D62E3729: changes role from      null to FOLLOWER at term 0 for startAsFollower
2022-05-15 13:42:52,736 [pool-585-thread-1] INFO  impl.RoleInfo (RoleInfo.java:updateAndGet(130)) - 7eb4ec08-9634-460b-95c0-6bd60621f433: start 7eb4ec08-9634-460b-95c0-6bd60621f433@group-4BA9D62E3729-FollowerState
2022-05-15 13:42:52,747 [pool-585-thread-1] INFO  util.JmxRegister (JmxRegister.java:tryRegister(44)) - Successfully registered JMX Bean with object name Ratis:service=RaftServer,group=group-4BA9D62E3729,id=7eb4ec08-9634-460b-95c0-6bd60621f433
2022-05-15 13:42:52,862 [grpc-default-executor-0] INFO  server.RaftServer (RaftServerProxy.java:addNew(95)) - 19f7afb5-3674-4b31-b368-bacfe26f5f53: addNew group-4BA9D62E3729:[94699813-60c4-4d79-967a-f363ce32bd3e|rpc:10.1.0.20:41971|dataStream:|priority:1, 19f7afb5-3674-4b31-b368-bacfe26f5f53|rpc:10.1.0.20:38475|dataStream:|priority:0, 7eb4ec08-9634-460b-95c0-6bd60621f433|rpc:10.1.0.20:36861|dataStream:|priority:0] returns group-4BA9D62E3729:java.util.concurrent.CompletableFuture@15bcc5bb[Not completed]
2022-05-15 13:42:52,863 [pool-606-thread-1] INFO  server.RaftServer$Division (RaftServerImpl.java:<init>(184)) - 19f7afb5-3674-4b31-b368-bacfe26f5f53: new RaftServerImpl for group-4BA9D62E3729:[94699813-60c4-4d79-967a-f363ce32bd3e|rpc:10.1.0.20:41971|dataStream:|priority:1, 19f7afb5-3674-4b31-b368-bacfe26f5f53|rpc:10.1.0.20:38475|dataStream:|priority:0, 7eb4ec08-9634-460b-95c0-6bd60621f433|rpc:10.1.0.20:36861|dataStream:|priority:0] with ContainerStateMachine:uninitialized
2022-05-15 13:42:52,924 [pool-606-thread-1] INFO  server.RaftServerConfigKeys (ConfUtils.java:logGet(44)) - raft.server.rpc.timeout.min = 5s (custom)
2022-05-15 13:42:52,924 [pool-606-thread-1] INFO  server.RaftServerConfigKeys (ConfUtils.java:logGet(44)) - raft.server.rpc.timeout.max = 5200ms (custom)
2022-05-15 13:42:52,924 [pool-606-thread-1] INFO  server.RaftServerConfigKeys (ConfUtils.java:logGet(44)) - raft.server.rpc.sleep.time = 25ms (default)
2022-05-15 13:42:52,924 [pool-606-thread-1] INFO  server.RaftServerConfigKeys (ConfUtils.java:logGet(44)) - raft.server.rpc.slowness.timeout = 300s (custom)
2022-05-15 13:42:52,924 [pool-606-thread-1] INFO  server.RaftServerConfigKeys (ConfUtils.java:logGet(44)) - raft.server.leaderelection.leader.step-down.wait-time = 10s (default)
2022-05-15 13:42:52,924 [pool-606-thread-1] INFO  server.RaftServerConfigKeys (ConfUtils.java:logGet(44)) - raft.server.sleep.deviation.threshold = 300ms (default)
2022-05-15 13:42:52,924 [pool-606-thread-1] INFO  server.RaftServerConfigKeys (ConfUtils.java:logGet(44)) - raft.server.log.appender.install.snapshot.enabled = false (custom)
2022-05-15 13:42:52,924 [pool-606-thread-1] INFO  server.RaftServer$Division (ServerState.java:<init>(105)) - 19f7afb5-3674-4b31-b368-bacfe26f5f53@group-4BA9D62E3729: ConfigurationManager, init=-1: [94699813-60c4-4d79-967a-f363ce32bd3e|rpc:10.1.0.20:41971|dataStream:|priority:1, 19f7afb5-3674-4b31-b368-bacfe26f5f53|rpc:10.1.0.20:38475|dataStream:|priority:0, 7eb4ec08-9634-460b-95c0-6bd60621f433|rpc:10.1.0.20:36861|dataStream:|priority:0], old=null, confs=<EMPTY_MAP>
2022-05-15 13:42:52,924 [pool-606-thread-1] INFO  server.RaftServerConfigKeys (ConfUtils.java:logGet(44)) - raft.server.storage.dir = [/home/runner/work/ozone/ozone/hadoop-ozone/integration-test/target/test-dir/MiniOzoneClusterImpl-0cd62ba4-9e34-4333-8104-a5cbd1bd15a2/datanode-2/data/ratis] (custom)
2022-05-15 13:42:52,924 [pool-606-thread-1] INFO  server.RaftServerConfigKeys (ConfUtils.java:logGet(44)) - raft.server.log.corruption.policy = EXCEPTION (default)
2022-05-15 13:42:52,924 [pool-606-thread-1] INFO  server.RaftServerConfigKeys (ConfUtils.java:logGet(44)) - raft.server.storage.free-space.min = 0MB (=0) (default)
2022-05-15 13:42:52,925 [pool-606-thread-1] INFO  storage.RaftStorageDirectory (RaftStorageDirectoryImpl.java:analyzeStorage(135)) - The storage directory /home/runner/work/ozone/ozone/hadoop-ozone/integration-test/target/test-dir/MiniOzoneClusterImpl-0cd62ba4-9e34-4333-8104-a5cbd1bd15a2/datanode-2/data/ratis/67bfdcc1-e7fe-4427-b74e-4ba9d62e3729 does not exist. Creating ...
2022-05-15 13:42:52,930 [pool-606-thread-1] INFO  storage.RaftStorageDirectory (RaftStorageDirectoryImpl.java:tryLock(230)) - Lock on /home/runner/work/ozone/ozone/hadoop-ozone/integration-test/target/test-dir/MiniOzoneClusterImpl-0cd62ba4-9e34-4333-8104-a5cbd1bd15a2/datanode-2/data/ratis/67bfdcc1-e7fe-4427-b74e-4ba9d62e3729/in_use.lock acquired by nodename 19587@fv-az40-973
2022-05-15 13:42:52,931 [pool-606-thread-1] INFO  storage.RaftStorage (RaftStorageImpl.java:format(89)) - Storage directory /home/runner/work/ozone/ozone/hadoop-ozone/integration-test/target/test-dir/MiniOzoneClusterImpl-0cd62ba4-9e34-4333-8104-a5cbd1bd15a2/datanode-2/data/ratis/67bfdcc1-e7fe-4427-b74e-4ba9d62e3729 has been successfully formatted.
2022-05-15 13:42:52,932 [pool-606-thread-1] INFO  ratis.ContainerStateMachine (ContainerStateMachine.java:loadSnapshot(236)) - group-4BA9D62E3729: The snapshot info is null. Setting the last applied indexto:(t:0, i:~)
2022-05-15 13:42:52,932 [pool-606-thread-1] INFO  server.RaftServerConfigKeys (ConfUtils.java:logGet(44)) - raft.server.notification.no-leader.timeout = 300s (custom)
2022-05-15 13:42:52,932 [pool-606-thread-1] INFO  server.RaftServerConfigKeys (ConfUtils.java:logGet(44)) - raft.server.log.use.memory = false (default)
2022-05-15 13:42:52,932 [pool-606-thread-1] INFO  server.RaftServerConfigKeys (ConfUtils.java:logGet(44)) - raft.server.log.purge.gap = 1000000 (custom)
2022-05-15 13:42:52,932 [pool-606-thread-1] INFO  server.RaftServerConfigKeys (ConfUtils.java:logGet(44)) - raft.server.log.appender.buffer.byte-limit = 33554432 (custom)
2022-05-15 13:42:52,932 [pool-606-thread-1] INFO  server.RaftServerConfigKeys (ConfUtils.java:logGet(44)) - raft.server.log.segment.size.max = 1048576 (custom)
2022-05-15 13:42:52,932 [pool-606-thread-1] INFO  server.RaftServerConfigKeys (ConfUtils.java:logGet(44)) - raft.server.log.segment.cache.num.max = 2 (custom)
2022-05-15 13:42:52,932 [pool-606-thread-1] INFO  server.RaftServerConfigKeys (ConfUtils.java:logGet(44)) - raft.server.log.segment.cache.size.max = 200MB (=209715200) (default)
2022-05-15 13:42:52,932 [pool-606-thread-1] INFO  segmented.SegmentedRaftLogWorker (SegmentedRaftLogWorker.java:<init>(182)) - new 19f7afb5-3674-4b31-b368-bacfe26f5f53@group-4BA9D62E3729-SegmentedRaftLogWorker for RaftStorageImpl:Storage Directory /home/runner/work/ozone/ozone/hadoop-ozone/integration-test/target/test-dir/MiniOzoneClusterImpl-0cd62ba4-9e34-4333-8104-a5cbd1bd15a2/datanode-2/data/ratis/67bfdcc1-e7fe-4427-b74e-4ba9d62e3729
2022-05-15 13:42:52,932 [pool-606-thread-1] INFO  server.RaftServerConfigKeys (ConfUtils.java:logGet(44)) - raft.server.log.queue.byte-limit = 4294967296 (custom)
2022-05-15 13:42:52,932 [pool-606-thread-1] INFO  server.RaftServerConfigKeys (ConfUtils.java:logGet(44)) - raft.server.log.queue.element-limit = 1024 (custom)
2022-05-15 13:42:52,933 [pool-606-thread-1] INFO  server.RaftServerConfigKeys (ConfUtils.java:logGet(44)) - raft.server.log.segment.size.max = 1048576 (custom)
2022-05-15 13:42:52,933 [pool-606-thread-1] INFO  server.RaftServerConfigKeys (ConfUtils.java:logGet(44)) - raft.server.log.preallocated.size = 16384 (custom)
2022-05-15 13:42:52,933 [pool-606-thread-1] INFO  server.RaftServerConfigKeys (ConfUtils.java:logGet(44)) - raft.server.log.force.sync.num = 128 (default)
2022-05-15 13:42:52,933 [pool-606-thread-1] INFO  server.RaftServerConfigKeys (ConfUtils.java:logGet(44)) - raft.server.log.statemachine.data.sync = true (default)
2022-05-15 13:42:52,933 [pool-606-thread-1] INFO  server.RaftServerConfigKeys (ConfUtils.java:logGet(44)) - raft.server.log.statemachine.data.sync.timeout = 10s (default)
2022-05-15 13:42:52,933 [pool-606-thread-1] INFO  server.RaftServerConfigKeys (ConfUtils.java:logGet(44)) - raft.server.log.statemachine.data.sync.timeout.retry = -1 (default)
2022-05-15 13:42:52,934 [pool-606-thread-1] INFO  server.RaftServerConfigKeys (ConfUtils.java:logGet(44)) - raft.server.log.write.buffer.size = 1048576 (custom)
2022-05-15 13:42:52,948 [pool-606-thread-1] INFO  server.RaftServerConfigKeys (ConfUtils.java:logGet(44)) - raft.server.log.statemachine.data.caching.enabled = true (custom)
2022-05-15 13:42:52,948 [pool-606-thread-1] INFO  segmented.SegmentedRaftLogWorker (SegmentedRaftLogWorker.java:lambda$new$0(133)) - 19f7afb5-3674-4b31-b368-bacfe26f5f53@group-4BA9D62E3729-SegmentedRaftLogWorker: flushIndex: setUnconditionally 0 -> -1
2022-05-15 13:42:52,949 [pool-606-thread-1] INFO  segmented.SegmentedRaftLogWorker (SegmentedRaftLogWorker.java:lambda$new$0(133)) - 19f7afb5-3674-4b31-b368-bacfe26f5f53@group-4BA9D62E3729-SegmentedRaftLogWorker: safeCacheEvictIndex: setUnconditionally 0 -> -1
2022-05-15 13:42:52,963 [pool-606-thread-1] INFO  server.RaftServerConfigKeys (ConfUtils.java:logGet(44)) - raft.server.snapshot.auto.trigger.enabled = true (custom)
2022-05-15 13:42:52,963 [pool-606-thread-1] INFO  server.RaftServerConfigKeys (ConfUtils.java:logGet(44)) - raft.server.snapshot.auto.trigger.threshold = 10000 (custom)
2022-05-15 13:42:52,963 [pool-606-thread-1] INFO  server.RaftServerConfigKeys (ConfUtils.java:logGet(44)) - raft.server.snapshot.retention.file.num = 5 (custom)
2022-05-15 13:42:52,963 [pool-606-thread-1] INFO  server.RaftServerConfigKeys (ConfUtils.java:logGet(44)) - raft.server.log.purge.upto.snapshot.index = false (default)
2022-05-15 13:42:52,963 [pool-606-thread-1] INFO  server.RaftServerConfigKeys (ConfUtils.java:logGet(44)) - raft.server.retrycache.expirytime = 600000ms (custom)
2022-05-15 13:42:52,963 [pool-606-thread-1] INFO  server.RaftServerConfigKeys (ConfUtils.java:logGet(44)) - raft.server.retrycache.statistics.expirytime = 100μs (default)
2022-05-15 13:42:52,964 [pool-606-thread-1] INFO  server.RaftServer$Division (RaftServerImpl.java:start(301)) - 19f7afb5-3674-4b31-b368-bacfe26f5f53@group-4BA9D62E3729: start as a follower, conf=-1: [94699813-60c4-4d79-967a-f363ce32bd3e|rpc:10.1.0.20:41971|dataStream:|priority:1, 19f7afb5-3674-4b31-b368-bacfe26f5f53|rpc:10.1.0.20:38475|dataStream:|priority:0, 7eb4ec08-9634-460b-95c0-6bd60621f433|rpc:10.1.0.20:36861|dataStream:|priority:0], old=null
2022-05-15 13:42:52,964 [pool-606-thread-1] INFO  server.RaftServer$Division (RaftServerImpl.java:setRole(290)) - 19f7afb5-3674-4b31-b368-bacfe26f5f53@group-4BA9D62E3729: changes role from      null to FOLLOWER at term 0 for startAsFollower
2022-05-15 13:42:52,964 [pool-606-thread-1] INFO  impl.RoleInfo (RoleInfo.java:updateAndGet(130)) - 19f7afb5-3674-4b31-b368-bacfe26f5f53: start 19f7afb5-3674-4b31-b368-bacfe26f5f53@group-4BA9D62E3729-FollowerState
2022-05-15 13:42:52,982 [pool-606-thread-1] INFO  util.JmxRegister (JmxRegister.java:tryRegister(44)) - Successfully registered JMX Bean with object name Ratis:service=RaftServer,group=group-4BA9D62E3729,id=19f7afb5-3674-4b31-b368-bacfe26f5f53
2022-05-15 13:42:53,035 [Command processor thread] INFO  commandhandler.CreatePipelineCommandHandler (CreatePipelineCommandHandler.java:handle(113)) - Created Pipeline RATIS THREE PipelineID=67bfdcc1-e7fe-4427-b74e-4ba9d62e3729.
2022-05-15 13:42:53,055 [Command processor thread] INFO  server.RaftServer (RaftServerProxy.java:addNew(95)) - 94699813-60c4-4d79-967a-f363ce32bd3e: addNew group-F8EB742A08C6:[94699813-60c4-4d79-967a-f363ce32bd3e|rpc:10.1.0.20:41971|priority:0, 19f7afb5-3674-4b31-b368-bacfe26f5f53|rpc:10.1.0.20:38475|priority:0, 7eb4ec08-9634-460b-95c0-6bd60621f433|rpc:10.1.0.20:36861|priority:1] returns group-F8EB742A08C6:java.util.concurrent.CompletableFuture@59acced0[Not completed]
2022-05-15 13:42:53,055 [pool-564-thread-1] INFO  server.RaftServer$Division (RaftServerImpl.java:<init>(184)) - 94699813-60c4-4d79-967a-f363ce32bd3e: new RaftServerImpl for group-F8EB742A08C6:[94699813-60c4-4d79-967a-f363ce32bd3e|rpc:10.1.0.20:41971|priority:0, 19f7afb5-3674-4b31-b368-bacfe26f5f53|rpc:10.1.0.20:38475|priority:0, 7eb4ec08-9634-460b-95c0-6bd60621f433|rpc:10.1.0.20:36861|priority:1] with ContainerStateMachine:uninitialized
2022-05-15 13:42:53,055 [pool-564-thread-1] INFO  server.RaftServerConfigKeys (ConfUtils.java:logGet(44)) - raft.server.rpc.timeout.min = 5s (custom)
2022-05-15 13:42:53,055 [pool-564-thread-1] INFO  server.RaftServerConfigKeys (ConfUtils.java:logGet(44)) - raft.server.rpc.timeout.max = 5200ms (custom)
2022-05-15 13:42:53,055 [pool-564-thread-1] INFO  server.RaftServerConfigKeys (ConfUtils.java:logGet(44)) - raft.server.rpc.sleep.time = 25ms (default)
2022-05-15 13:42:53,055 [pool-564-thread-1] INFO  server.RaftServerConfigKeys (ConfUtils.java:logGet(44)) - raft.server.rpc.slowness.timeout = 300s (custom)
2022-05-15 13:42:53,055 [pool-564-thread-1] INFO  server.RaftServerConfigKeys (ConfUtils.java:logGet(44)) - raft.server.leaderelection.leader.step-down.wait-time = 10s (default)
2022-05-15 13:42:53,055 [pool-564-thread-1] INFO  server.RaftServerConfigKeys (ConfUtils.java:logGet(44)) - raft.server.sleep.deviation.threshold = 300ms (default)
2022-05-15 13:42:53,055 [pool-564-thread-1] INFO  server.RaftServerConfigKeys (ConfUtils.java:logGet(44)) - raft.server.log.appender.install.snapshot.enabled = false (custom)
2022-05-15 13:42:53,056 [pool-564-thread-1] INFO  server.RaftServer$Division (ServerState.java:<init>(105)) - 94699813-60c4-4d79-967a-f363ce32bd3e@group-F8EB742A08C6: ConfigurationManager, init=-1: [94699813-60c4-4d79-967a-f363ce32bd3e|rpc:10.1.0.20:41971|priority:0, 19f7afb5-3674-4b31-b368-bacfe26f5f53|rpc:10.1.0.20:38475|priority:0, 7eb4ec08-9634-460b-95c0-6bd60621f433|rpc:10.1.0.20:36861|priority:1], old=null, confs=<EMPTY_MAP>
2022-05-15 13:42:53,056 [pool-564-thread-1] INFO  server.RaftServerConfigKeys (ConfUtils.java:logGet(44)) - raft.server.storage.dir = [/home/runner/work/ozone/ozone/hadoop-ozone/integration-test/target/test-dir/MiniOzoneClusterImpl-0cd62ba4-9e34-4333-8104-a5cbd1bd15a2/datanode-0/data/ratis] (custom)
2022-05-15 13:42:53,056 [pool-564-thread-1] INFO  server.RaftServerConfigKeys (ConfUtils.java:logGet(44)) - raft.server.log.corruption.policy = EXCEPTION (default)
2022-05-15 13:42:53,056 [pool-564-thread-1] INFO  server.RaftServerConfigKeys (ConfUtils.java:logGet(44)) - raft.server.storage.free-space.min = 0MB (=0) (default)
2022-05-15 13:42:53,056 [pool-564-thread-1] INFO  storage.RaftStorageDirectory (RaftStorageDirectoryImpl.java:analyzeStorage(135)) - The storage directory /home/runner/work/ozone/ozone/hadoop-ozone/integration-test/target/test-dir/MiniOzoneClusterImpl-0cd62ba4-9e34-4333-8104-a5cbd1bd15a2/datanode-0/data/ratis/a923349d-2e9e-4683-9f35-f8eb742a08c6 does not exist. Creating ...
2022-05-15 13:42:53,059 [pool-564-thread-1] INFO  storage.RaftStorageDirectory (RaftStorageDirectoryImpl.java:tryLock(230)) - Lock on /home/runner/work/ozone/ozone/hadoop-ozone/integration-test/target/test-dir/MiniOzoneClusterImpl-0cd62ba4-9e34-4333-8104-a5cbd1bd15a2/datanode-0/data/ratis/a923349d-2e9e-4683-9f35-f8eb742a08c6/in_use.lock acquired by nodename 19587@fv-az40-973
2022-05-15 13:42:53,067 [pool-564-thread-1] INFO  storage.RaftStorage (RaftStorageImpl.java:format(89)) - Storage directory /home/runner/work/ozone/ozone/hadoop-ozone/integration-test/target/test-dir/MiniOzoneClusterImpl-0cd62ba4-9e34-4333-8104-a5cbd1bd15a2/datanode-0/data/ratis/a923349d-2e9e-4683-9f35-f8eb742a08c6 has been successfully formatted.
2022-05-15 13:42:53,067 [pool-564-thread-1] INFO  ratis.ContainerStateMachine (ContainerStateMachine.java:loadSnapshot(236)) - group-F8EB742A08C6: The snapshot info is null. Setting the last applied indexto:(t:0, i:~)
2022-05-15 13:42:53,067 [pool-564-thread-1] INFO  server.RaftServerConfigKeys (ConfUtils.java:logGet(44)) - raft.server.notification.no-leader.timeout = 300s (custom)
2022-05-15 13:42:53,067 [pool-564-thread-1] INFO  server.RaftServerConfigKeys (ConfUtils.java:logGet(44)) - raft.server.log.use.memory = false (default)
2022-05-15 13:42:53,067 [pool-564-thread-1] INFO  server.RaftServerConfigKeys (ConfUtils.java:logGet(44)) - raft.server.log.purge.gap = 1000000 (custom)
2022-05-15 13:42:53,068 [EventQueue-OpenPipelineForHealthyPipelineSafeModeRule] INFO  safemode.SCMSafeModeManager (HealthyPipelineSafeModeRule.java:process(124)) - SCM in safe mode. Healthy pipelines reported count is 0, required healthy pipeline reported count is 1
2022-05-15 13:42:53,070 [pool-564-thread-1] INFO  server.RaftServerConfigKeys (ConfUtils.java:logGet(44)) - raft.server.log.appender.buffer.byte-limit = 33554432 (custom)
2022-05-15 13:42:53,072 [pool-564-thread-1] INFO  server.RaftServerConfigKeys (ConfUtils.java:logGet(44)) - raft.server.log.segment.size.max = 1048576 (custom)
2022-05-15 13:42:53,073 [pool-564-thread-1] INFO  server.RaftServerConfigKeys (ConfUtils.java:logGet(44)) - raft.server.log.segment.cache.num.max = 2 (custom)
2022-05-15 13:42:53,073 [pool-564-thread-1] INFO  server.RaftServerConfigKeys (ConfUtils.java:logGet(44)) - raft.server.log.segment.cache.size.max = 200MB (=209715200) (default)
2022-05-15 13:42:53,073 [pool-564-thread-1] INFO  segmented.SegmentedRaftLogWorker (SegmentedRaftLogWorker.java:<init>(182)) - new 94699813-60c4-4d79-967a-f363ce32bd3e@group-F8EB742A08C6-SegmentedRaftLogWorker for RaftStorageImpl:Storage Directory /home/runner/work/ozone/ozone/hadoop-ozone/integration-test/target/test-dir/MiniOzoneClusterImpl-0cd62ba4-9e34-4333-8104-a5cbd1bd15a2/datanode-0/data/ratis/a923349d-2e9e-4683-9f35-f8eb742a08c6
2022-05-15 13:42:53,073 [pool-564-thread-1] INFO  server.RaftServerConfigKeys (ConfUtils.java:logGet(44)) - raft.server.log.queue.byte-limit = 4294967296 (custom)
2022-05-15 13:42:53,073 [pool-564-thread-1] INFO  server.RaftServerConfigKeys (ConfUtils.java:logGet(44)) - raft.server.log.queue.element-limit = 1024 (custom)
2022-05-15 13:42:53,073 [pool-564-thread-1] INFO  server.RaftServerConfigKeys (ConfUtils.java:logGet(44)) - raft.server.log.segment.size.max = 1048576 (custom)
2022-05-15 13:42:53,073 [pool-564-thread-1] INFO  server.RaftServerConfigKeys (ConfUtils.java:logGet(44)) - raft.server.log.preallocated.size = 16384 (custom)
2022-05-15 13:42:53,073 [pool-564-thread-1] INFO  server.RaftServerConfigKeys (ConfUtils.java:logGet(44)) - raft.server.log.force.sync.num = 128 (default)
2022-05-15 13:42:53,073 [pool-564-thread-1] INFO  server.RaftServerConfigKeys (ConfUtils.java:logGet(44)) - raft.server.log.statemachine.data.sync = true (default)
2022-05-15 13:42:53,073 [pool-564-thread-1] INFO  server.RaftServerConfigKeys (ConfUtils.java:logGet(44)) - raft.server.log.statemachine.data.sync.timeout = 10s (default)
2022-05-15 13:42:53,073 [pool-564-thread-1] INFO  server.RaftServerConfigKeys (ConfUtils.java:logGet(44)) - raft.server.log.statemachine.data.sync.timeout.retry = -1 (default)
2022-05-15 13:42:53,075 [pool-564-thread-1] INFO  server.RaftServerConfigKeys (ConfUtils.java:logGet(44)) - raft.server.log.write.buffer.size = 1048576 (custom)
2022-05-15 13:42:53,076 [pool-564-thread-1] INFO  server.RaftServerConfigKeys (ConfUtils.java:logGet(44)) - raft.server.log.statemachine.data.caching.enabled = true (custom)
2022-05-15 13:42:53,076 [pool-564-thread-1] INFO  segmented.SegmentedRaftLogWorker (SegmentedRaftLogWorker.java:lambda$new$0(133)) - 94699813-60c4-4d79-967a-f363ce32bd3e@group-F8EB742A08C6-SegmentedRaftLogWorker: flushIndex: setUnconditionally 0 -> -1
2022-05-15 13:42:53,076 [pool-564-thread-1] INFO  segmented.SegmentedRaftLogWorker (SegmentedRaftLogWorker.java:lambda$new$0(133)) - 94699813-60c4-4d79-967a-f363ce32bd3e@group-F8EB742A08C6-SegmentedRaftLogWorker: safeCacheEvictIndex: setUnconditionally 0 -> -1
2022-05-15 13:42:53,083 [pool-564-thread-1] INFO  server.RaftServerConfigKeys (ConfUtils.java:logGet(44)) - raft.server.snapshot.auto.trigger.enabled = true (custom)
2022-05-15 13:42:53,083 [pool-564-thread-1] INFO  server.RaftServerConfigKeys (ConfUtils.java:logGet(44)) - raft.server.snapshot.auto.trigger.threshold = 10000 (custom)
2022-05-15 13:42:53,083 [pool-564-thread-1] INFO  server.RaftServerConfigKeys (ConfUtils.java:logGet(44)) - raft.server.snapshot.retention.file.num = 5 (custom)
2022-05-15 13:42:53,083 [pool-564-thread-1] INFO  server.RaftServerConfigKeys (ConfUtils.java:logGet(44)) - raft.server.log.purge.upto.snapshot.index = false (default)
2022-05-15 13:42:53,083 [pool-564-thread-1] INFO  server.RaftServerConfigKeys (ConfUtils.java:logGet(44)) - raft.server.retrycache.expirytime = 600000ms (custom)
2022-05-15 13:42:53,083 [pool-564-thread-1] INFO  server.RaftServerConfigKeys (ConfUtils.java:logGet(44)) - raft.server.retrycache.statistics.expirytime = 100μs (default)
2022-05-15 13:42:53,085 [pool-564-thread-1] INFO  server.RaftServer$Division (RaftServerImpl.java:start(301)) - 94699813-60c4-4d79-967a-f363ce32bd3e@group-F8EB742A08C6: start as a follower, conf=-1: [94699813-60c4-4d79-967a-f363ce32bd3e|rpc:10.1.0.20:41971|priority:0, 19f7afb5-3674-4b31-b368-bacfe26f5f53|rpc:10.1.0.20:38475|priority:0, 7eb4ec08-9634-460b-95c0-6bd60621f433|rpc:10.1.0.20:36861|priority:1], old=null
2022-05-15 13:42:53,085 [pool-564-thread-1] INFO  server.RaftServer$Division (RaftServerImpl.java:setRole(290)) - 94699813-60c4-4d79-967a-f363ce32bd3e@group-F8EB742A08C6: changes role from      null to FOLLOWER at term 0 for startAsFollower
2022-05-15 13:42:53,085 [pool-564-thread-1] INFO  impl.RoleInfo (RoleInfo.java:updateAndGet(130)) - 94699813-60c4-4d79-967a-f363ce32bd3e: start 94699813-60c4-4d79-967a-f363ce32bd3e@group-F8EB742A08C6-FollowerState
2022-05-15 13:42:53,085 [pool-564-thread-1] INFO  util.JmxRegister (JmxRegister.java:tryRegister(44)) - Successfully registered JMX Bean with object name Ratis:service=RaftServer,group=group-F8EB742A08C6,id=94699813-60c4-4d79-967a-f363ce32bd3e
2022-05-15 13:42:53,100 [Command processor thread] INFO  ratis.XceiverServerRatis (XceiverServerRatis.java:addGroup(765)) - Created group PipelineID=a923349d-2e9e-4683-9f35-f8eb742a08c6
2022-05-15 13:42:53,138 [grpc-default-executor-0] INFO  server.RaftServer (RaftServerProxy.java:addNew(95)) - 7eb4ec08-9634-460b-95c0-6bd60621f433: addNew group-F8EB742A08C6:[94699813-60c4-4d79-967a-f363ce32bd3e|rpc:10.1.0.20:41971|dataStream:|priority:0, 19f7afb5-3674-4b31-b368-bacfe26f5f53|rpc:10.1.0.20:38475|dataStream:|priority:0, 7eb4ec08-9634-460b-95c0-6bd60621f433|rpc:10.1.0.20:36861|dataStream:|priority:1] returns group-F8EB742A08C6:java.util.concurrent.CompletableFuture@f1317ad[Not completed]
2022-05-15 13:42:53,139 [pool-585-thread-1] INFO  server.RaftServer$Division (RaftServerImpl.java:<init>(184)) - 7eb4ec08-9634-460b-95c0-6bd60621f433: new RaftServerImpl for group-F8EB742A08C6:[94699813-60c4-4d79-967a-f363ce32bd3e|rpc:10.1.0.20:41971|dataStream:|priority:0, 19f7afb5-3674-4b31-b368-bacfe26f5f53|rpc:10.1.0.20:38475|dataStream:|priority:0, 7eb4ec08-9634-460b-95c0-6bd60621f433|rpc:10.1.0.20:36861|dataStream:|priority:1] with ContainerStateMachine:uninitialized
2022-05-15 13:42:53,139 [pool-585-thread-1] INFO  server.RaftServerConfigKeys (ConfUtils.java:logGet(44)) - raft.server.rpc.timeout.min = 5s (custom)
2022-05-15 13:42:53,139 [pool-585-thread-1] INFO  server.RaftServerConfigKeys (ConfUtils.java:logGet(44)) - raft.server.rpc.timeout.max = 5200ms (custom)
2022-05-15 13:42:53,139 [pool-585-thread-1] INFO  server.RaftServerConfigKeys (ConfUtils.java:logGet(44)) - raft.server.rpc.sleep.time = 25ms (default)
2022-05-15 13:42:53,139 [pool-585-thread-1] INFO  server.RaftServerConfigKeys (ConfUtils.java:logGet(44)) - raft.server.rpc.slowness.timeout = 300s (custom)
2022-05-15 13:42:53,139 [pool-585-thread-1] INFO  server.RaftServerConfigKeys (ConfUtils.java:logGet(44)) - raft.server.leaderelection.leader.step-down.wait-time = 10s (default)
2022-05-15 13:42:53,139 [pool-585-thread-1] INFO  server.RaftServerConfigKeys (ConfUtils.java:logGet(44)) - raft.server.sleep.deviation.threshold = 300ms (default)
2022-05-15 13:42:53,139 [pool-585-thread-1] INFO  server.RaftServerConfigKeys (ConfUtils.java:logGet(44)) - raft.server.log.appender.install.snapshot.enabled = false (custom)
2022-05-15 13:42:53,139 [pool-585-thread-1] INFO  server.RaftServer$Division (ServerState.java:<init>(105)) - 7eb4ec08-9634-460b-95c0-6bd60621f433@group-F8EB742A08C6: ConfigurationManager, init=-1: [94699813-60c4-4d79-967a-f363ce32bd3e|rpc:10.1.0.20:41971|dataStream:|priority:0, 19f7afb5-3674-4b31-b368-bacfe26f5f53|rpc:10.1.0.20:38475|dataStream:|priority:0, 7eb4ec08-9634-460b-95c0-6bd60621f433|rpc:10.1.0.20:36861|dataStream:|priority:1], old=null, confs=<EMPTY_MAP>
2022-05-15 13:42:53,139 [pool-585-thread-1] INFO  server.RaftServerConfigKeys (ConfUtils.java:logGet(44)) - raft.server.storage.dir = [/home/runner/work/ozone/ozone/hadoop-ozone/integration-test/target/test-dir/MiniOzoneClusterImpl-0cd62ba4-9e34-4333-8104-a5cbd1bd15a2/datanode-1/data/ratis] (custom)
2022-05-15 13:42:53,139 [pool-585-thread-1] INFO  server.RaftServerConfigKeys (ConfUtils.java:logGet(44)) - raft.server.log.corruption.policy = EXCEPTION (default)
2022-05-15 13:42:53,139 [pool-585-thread-1] INFO  server.RaftServerConfigKeys (ConfUtils.java:logGet(44)) - raft.server.storage.free-space.min = 0MB (=0) (default)
2022-05-15 13:42:53,139 [pool-585-thread-1] INFO  storage.RaftStorageDirectory (RaftStorageDirectoryImpl.java:analyzeStorage(135)) - The storage directory /home/runner/work/ozone/ozone/hadoop-ozone/integration-test/target/test-dir/MiniOzoneClusterImpl-0cd62ba4-9e34-4333-8104-a5cbd1bd15a2/datanode-1/data/ratis/a923349d-2e9e-4683-9f35-f8eb742a08c6 does not exist. Creating ...
2022-05-15 13:42:53,140 [pool-585-thread-1] INFO  storage.RaftStorageDirectory (RaftStorageDirectoryImpl.java:tryLock(230)) - Lock on /home/runner/work/ozone/ozone/hadoop-ozone/integration-test/target/test-dir/MiniOzoneClusterImpl-0cd62ba4-9e34-4333-8104-a5cbd1bd15a2/datanode-1/data/ratis/a923349d-2e9e-4683-9f35-f8eb742a08c6/in_use.lock acquired by nodename 19587@fv-az40-973
2022-05-15 13:42:53,142 [pool-585-thread-1] INFO  storage.RaftStorage (RaftStorageImpl.java:format(89)) - Storage directory /home/runner/work/ozone/ozone/hadoop-ozone/integration-test/target/test-dir/MiniOzoneClusterImpl-0cd62ba4-9e34-4333-8104-a5cbd1bd15a2/datanode-1/data/ratis/a923349d-2e9e-4683-9f35-f8eb742a08c6 has been successfully formatted.
2022-05-15 13:42:53,143 [pool-585-thread-1] INFO  ratis.ContainerStateMachine (ContainerStateMachine.java:loadSnapshot(236)) - group-F8EB742A08C6: The snapshot info is null. Setting the last applied indexto:(t:0, i:~)
2022-05-15 13:42:53,144 [pool-585-thread-1] INFO  server.RaftServerConfigKeys (ConfUtils.java:logGet(44)) - raft.server.notification.no-leader.timeout = 300s (custom)
2022-05-15 13:42:53,144 [pool-585-thread-1] INFO  server.RaftServerConfigKeys (ConfUtils.java:logGet(44)) - raft.server.log.use.memory = false (default)
2022-05-15 13:42:53,144 [pool-585-thread-1] INFO  server.RaftServerConfigKeys (ConfUtils.java:logGet(44)) - raft.server.log.purge.gap = 1000000 (custom)
2022-05-15 13:42:53,144 [pool-585-thread-1] INFO  server.RaftServerConfigKeys (ConfUtils.java:logGet(44)) - raft.server.log.appender.buffer.byte-limit = 33554432 (custom)
2022-05-15 13:42:53,144 [pool-585-thread-1] INFO  server.RaftServerConfigKeys (ConfUtils.java:logGet(44)) - raft.server.log.segment.size.max = 1048576 (custom)
2022-05-15 13:42:53,144 [pool-585-thread-1] INFO  server.RaftServerConfigKeys (ConfUtils.java:logGet(44)) - raft.server.log.segment.cache.num.max = 2 (custom)
2022-05-15 13:42:53,144 [pool-585-thread-1] INFO  server.RaftServerConfigKeys (ConfUtils.java:logGet(44)) - raft.server.log.segment.cache.size.max = 200MB (=209715200) (default)
2022-05-15 13:42:53,145 [pool-585-thread-1] INFO  segmented.SegmentedRaftLogWorker (SegmentedRaftLogWorker.java:<init>(182)) - new 7eb4ec08-9634-460b-95c0-6bd60621f433@group-F8EB742A08C6-SegmentedRaftLogWorker for RaftStorageImpl:Storage Directory /home/runner/work/ozone/ozone/hadoop-ozone/integration-test/target/test-dir/MiniOzoneClusterImpl-0cd62ba4-9e34-4333-8104-a5cbd1bd15a2/datanode-1/data/ratis/a923349d-2e9e-4683-9f35-f8eb742a08c6
2022-05-15 13:42:53,145 [pool-585-thread-1] INFO  server.RaftServerConfigKeys (ConfUtils.java:logGet(44)) - raft.server.log.queue.byte-limit = 4294967296 (custom)
2022-05-15 13:42:53,145 [pool-585-thread-1] INFO  server.RaftServerConfigKeys (ConfUtils.java:logGet(44)) - raft.server.log.queue.element-limit = 1024 (custom)
2022-05-15 13:42:53,145 [pool-585-thread-1] INFO  server.RaftServerConfigKeys (ConfUtils.java:logGet(44)) - raft.server.log.segment.size.max = 1048576 (custom)
2022-05-15 13:42:53,145 [pool-585-thread-1] INFO  server.RaftServerConfigKeys (ConfUtils.java:logGet(44)) - raft.server.log.preallocated.size = 16384 (custom)
2022-05-15 13:42:53,145 [pool-585-thread-1] INFO  server.RaftServerConfigKeys (ConfUtils.java:logGet(44)) - raft.server.log.force.sync.num = 128 (default)
2022-05-15 13:42:53,145 [pool-585-thread-1] INFO  server.RaftServerConfigKeys (ConfUtils.java:logGet(44)) - raft.server.log.statemachine.data.sync = true (default)
2022-05-15 13:42:53,145 [pool-585-thread-1] INFO  server.RaftServerConfigKeys (ConfUtils.java:logGet(44)) - raft.server.log.statemachine.data.sync.timeout = 10s (default)
2022-05-15 13:42:53,145 [pool-585-thread-1] INFO  server.RaftServerConfigKeys (ConfUtils.java:logGet(44)) - raft.server.log.statemachine.data.sync.timeout.retry = -1 (default)
2022-05-15 13:42:53,146 [pool-585-thread-1] INFO  server.RaftServerConfigKeys (ConfUtils.java:logGet(44)) - raft.server.log.write.buffer.size = 1048576 (custom)
2022-05-15 13:42:53,147 [pool-585-thread-1] INFO  server.RaftServerConfigKeys (ConfUtils.java:logGet(44)) - raft.server.log.statemachine.data.caching.enabled = true (custom)
2022-05-15 13:42:53,147 [pool-585-thread-1] INFO  segmented.SegmentedRaftLogWorker (SegmentedRaftLogWorker.java:lambda$new$0(133)) - 7eb4ec08-9634-460b-95c0-6bd60621f433@group-F8EB742A08C6-SegmentedRaftLogWorker: flushIndex: setUnconditionally 0 -> -1
2022-05-15 13:42:53,147 [pool-585-thread-1] INFO  segmented.SegmentedRaftLogWorker (SegmentedRaftLogWorker.java:lambda$new$0(133)) - 7eb4ec08-9634-460b-95c0-6bd60621f433@group-F8EB742A08C6-SegmentedRaftLogWorker: safeCacheEvictIndex: setUnconditionally 0 -> -1
2022-05-15 13:42:53,152 [pool-585-thread-1] INFO  server.RaftServerConfigKeys (ConfUtils.java:logGet(44)) - raft.server.snapshot.auto.trigger.enabled = true (custom)
2022-05-15 13:42:53,152 [pool-585-thread-1] INFO  server.RaftServerConfigKeys (ConfUtils.java:logGet(44)) - raft.server.snapshot.auto.trigger.threshold = 10000 (custom)
2022-05-15 13:42:53,152 [pool-585-thread-1] INFO  server.RaftServerConfigKeys (ConfUtils.java:logGet(44)) - raft.server.snapshot.retention.file.num = 5 (custom)
2022-05-15 13:42:53,152 [pool-585-thread-1] INFO  server.RaftServerConfigKeys (ConfUtils.java:logGet(44)) - raft.server.log.purge.upto.snapshot.index = false (default)
2022-05-15 13:42:53,152 [pool-585-thread-1] INFO  server.RaftServerConfigKeys (ConfUtils.java:logGet(44)) - raft.server.retrycache.expirytime = 600000ms (custom)
2022-05-15 13:42:53,152 [pool-585-thread-1] INFO  server.RaftServerConfigKeys (ConfUtils.java:logGet(44)) - raft.server.retrycache.statistics.expirytime = 100μs (default)
2022-05-15 13:42:53,156 [pool-585-thread-1] INFO  server.RaftServer$Division (RaftServerImpl.java:start(301)) - 7eb4ec08-9634-460b-95c0-6bd60621f433@group-F8EB742A08C6: start as a follower, conf=-1: [94699813-60c4-4d79-967a-f363ce32bd3e|rpc:10.1.0.20:41971|dataStream:|priority:0, 19f7afb5-3674-4b31-b368-bacfe26f5f53|rpc:10.1.0.20:38475|dataStream:|priority:0, 7eb4ec08-9634-460b-95c0-6bd60621f433|rpc:10.1.0.20:36861|dataStream:|priority:1], old=null
2022-05-15 13:42:53,156 [pool-585-thread-1] INFO  server.RaftServer$Division (RaftServerImpl.java:setRole(290)) - 7eb4ec08-9634-460b-95c0-6bd60621f433@group-F8EB742A08C6: changes role from      null to FOLLOWER at term 0 for startAsFollower
2022-05-15 13:42:53,156 [pool-585-thread-1] INFO  impl.RoleInfo (RoleInfo.java:updateAndGet(130)) - 7eb4ec08-9634-460b-95c0-6bd60621f433: start 7eb4ec08-9634-460b-95c0-6bd60621f433@group-F8EB742A08C6-FollowerState
2022-05-15 13:42:53,185 [pool-585-thread-1] INFO  util.JmxRegister (JmxRegister.java:tryRegister(44)) - Successfully registered JMX Bean with object name Ratis:service=RaftServer,group=group-F8EB742A08C6,id=7eb4ec08-9634-460b-95c0-6bd60621f433
2022-05-15 13:42:53,264 [grpc-default-executor-0] INFO  server.RaftServer (RaftServerProxy.java:addNew(95)) - 19f7afb5-3674-4b31-b368-bacfe26f5f53: addNew group-F8EB742A08C6:[94699813-60c4-4d79-967a-f363ce32bd3e|rpc:10.1.0.20:41971|dataStream:|priority:0, 19f7afb5-3674-4b31-b368-bacfe26f5f53|rpc:10.1.0.20:38475|dataStream:|priority:0, 7eb4ec08-9634-460b-95c0-6bd60621f433|rpc:10.1.0.20:36861|dataStream:|priority:1] returns group-F8EB742A08C6:java.util.concurrent.CompletableFuture@209d586b[Not completed]
2022-05-15 13:42:53,264 [pool-606-thread-1] INFO  server.RaftServer$Division (RaftServerImpl.java:<init>(184)) - 19f7afb5-3674-4b31-b368-bacfe26f5f53: new RaftServerImpl for group-F8EB742A08C6:[94699813-60c4-4d79-967a-f363ce32bd3e|rpc:10.1.0.20:41971|dataStream:|priority:0, 19f7afb5-3674-4b31-b368-bacfe26f5f53|rpc:10.1.0.20:38475|dataStream:|priority:0, 7eb4ec08-9634-460b-95c0-6bd60621f433|rpc:10.1.0.20:36861|dataStream:|priority:1] with ContainerStateMachine:uninitialized
2022-05-15 13:42:53,265 [pool-606-thread-1] INFO  server.RaftServerConfigKeys (ConfUtils.java:logGet(44)) - raft.server.rpc.timeout.min = 5s (custom)
2022-05-15 13:42:53,265 [pool-606-thread-1] INFO  server.RaftServerConfigKeys (ConfUtils.java:logGet(44)) - raft.server.rpc.timeout.max = 5200ms (custom)
2022-05-15 13:42:53,265 [pool-606-thread-1] INFO  server.RaftServerConfigKeys (ConfUtils.java:logGet(44)) - raft.server.rpc.sleep.time = 25ms (default)
2022-05-15 13:42:53,265 [pool-606-thread-1] INFO  server.RaftServerConfigKeys (ConfUtils.java:logGet(44)) - raft.server.rpc.slowness.timeout = 300s (custom)
2022-05-15 13:42:53,265 [pool-606-thread-1] INFO  server.RaftServerConfigKeys (ConfUtils.java:logGet(44)) - raft.server.leaderelection.leader.step-down.wait-time = 10s (default)
2022-05-15 13:42:53,265 [pool-606-thread-1] INFO  server.RaftServerConfigKeys (ConfUtils.java:logGet(44)) - raft.server.sleep.deviation.threshold = 300ms (default)
2022-05-15 13:42:53,265 [pool-606-thread-1] INFO  server.RaftServerConfigKeys (ConfUtils.java:logGet(44)) - raft.server.log.appender.install.snapshot.enabled = false (custom)
2022-05-15 13:42:53,265 [pool-606-thread-1] INFO  server.RaftServer$Division (ServerState.java:<init>(105)) - 19f7afb5-3674-4b31-b368-bacfe26f5f53@group-F8EB742A08C6: ConfigurationManager, init=-1: [94699813-60c4-4d79-967a-f363ce32bd3e|rpc:10.1.0.20:41971|dataStream:|priority:0, 19f7afb5-3674-4b31-b368-bacfe26f5f53|rpc:10.1.0.20:38475|dataStream:|priority:0, 7eb4ec08-9634-460b-95c0-6bd60621f433|rpc:10.1.0.20:36861|dataStream:|priority:1], old=null, confs=<EMPTY_MAP>
2022-05-15 13:42:53,265 [pool-606-thread-1] INFO  server.RaftServerConfigKeys (ConfUtils.java:logGet(44)) - raft.server.storage.dir = [/home/runner/work/ozone/ozone/hadoop-ozone/integration-test/target/test-dir/MiniOzoneClusterImpl-0cd62ba4-9e34-4333-8104-a5cbd1bd15a2/datanode-2/data/ratis] (custom)
2022-05-15 13:42:53,265 [pool-606-thread-1] INFO  server.RaftServerConfigKeys (ConfUtils.java:logGet(44)) - raft.server.log.corruption.policy = EXCEPTION (default)
2022-05-15 13:42:53,265 [pool-606-thread-1] INFO  server.RaftServerConfigKeys (ConfUtils.java:logGet(44)) - raft.server.storage.free-space.min = 0MB (=0) (default)
2022-05-15 13:42:53,265 [pool-606-thread-1] INFO  storage.RaftStorageDirectory (RaftStorageDirectoryImpl.java:analyzeStorage(135)) - The storage directory /home/runner/work/ozone/ozone/hadoop-ozone/integration-test/target/test-dir/MiniOzoneClusterImpl-0cd62ba4-9e34-4333-8104-a5cbd1bd15a2/datanode-2/data/ratis/a923349d-2e9e-4683-9f35-f8eb742a08c6 does not exist. Creating ...
2022-05-15 13:42:53,266 [pool-606-thread-1] INFO  storage.RaftStorageDirectory (RaftStorageDirectoryImpl.java:tryLock(230)) - Lock on /home/runner/work/ozone/ozone/hadoop-ozone/integration-test/target/test-dir/MiniOzoneClusterImpl-0cd62ba4-9e34-4333-8104-a5cbd1bd15a2/datanode-2/data/ratis/a923349d-2e9e-4683-9f35-f8eb742a08c6/in_use.lock acquired by nodename 19587@fv-az40-973
2022-05-15 13:42:53,267 [pool-606-thread-1] INFO  storage.RaftStorage (RaftStorageImpl.java:format(89)) - Storage directory /home/runner/work/ozone/ozone/hadoop-ozone/integration-test/target/test-dir/MiniOzoneClusterImpl-0cd62ba4-9e34-4333-8104-a5cbd1bd15a2/datanode-2/data/ratis/a923349d-2e9e-4683-9f35-f8eb742a08c6 has been successfully formatted.
2022-05-15 13:42:53,268 [pool-606-thread-1] INFO  ratis.ContainerStateMachine (ContainerStateMachine.java:loadSnapshot(236)) - group-F8EB742A08C6: The snapshot info is null. Setting the last applied indexto:(t:0, i:~)
2022-05-15 13:42:53,268 [pool-606-thread-1] INFO  server.RaftServerConfigKeys (ConfUtils.java:logGet(44)) - raft.server.notification.no-leader.timeout = 300s (custom)
2022-05-15 13:42:53,268 [pool-606-thread-1] INFO  server.RaftServerConfigKeys (ConfUtils.java:logGet(44)) - raft.server.log.use.memory = false (default)
2022-05-15 13:42:53,268 [pool-606-thread-1] INFO  server.RaftServerConfigKeys (ConfUtils.java:logGet(44)) - raft.server.log.purge.gap = 1000000 (custom)
2022-05-15 13:42:53,268 [pool-606-thread-1] INFO  server.RaftServerConfigKeys (ConfUtils.java:logGet(44)) - raft.server.log.appender.buffer.byte-limit = 33554432 (custom)
2022-05-15 13:42:53,268 [pool-606-thread-1] INFO  server.RaftServerConfigKeys (ConfUtils.java:logGet(44)) - raft.server.log.segment.size.max = 1048576 (custom)
2022-05-15 13:42:53,268 [pool-606-thread-1] INFO  server.RaftServerConfigKeys (ConfUtils.java:logGet(44)) - raft.server.log.segment.cache.num.max = 2 (custom)
2022-05-15 13:42:53,268 [pool-606-thread-1] INFO  server.RaftServerConfigKeys (ConfUtils.java:logGet(44)) - raft.server.log.segment.cache.size.max = 200MB (=209715200) (default)
2022-05-15 13:42:53,269 [pool-606-thread-1] INFO  segmented.SegmentedRaftLogWorker (SegmentedRaftLogWorker.java:<init>(182)) - new 19f7afb5-3674-4b31-b368-bacfe26f5f53@group-F8EB742A08C6-SegmentedRaftLogWorker for RaftStorageImpl:Storage Directory /home/runner/work/ozone/ozone/hadoop-ozone/integration-test/target/test-dir/MiniOzoneClusterImpl-0cd62ba4-9e34-4333-8104-a5cbd1bd15a2/datanode-2/data/ratis/a923349d-2e9e-4683-9f35-f8eb742a08c6
2022-05-15 13:42:53,269 [pool-606-thread-1] INFO  server.RaftServerConfigKeys (ConfUtils.java:logGet(44)) - raft.server.log.queue.byte-limit = 4294967296 (custom)
2022-05-15 13:42:53,269 [pool-606-thread-1] INFO  server.RaftServerConfigKeys (ConfUtils.java:logGet(44)) - raft.server.log.queue.element-limit = 1024 (custom)
2022-05-15 13:42:53,269 [pool-606-thread-1] INFO  server.RaftServerConfigKeys (ConfUtils.java:logGet(44)) - raft.server.log.segment.size.max = 1048576 (custom)
2022-05-15 13:42:53,269 [pool-606-thread-1] INFO  server.RaftServerConfigKeys (ConfUtils.java:logGet(44)) - raft.server.log.preallocated.size = 16384 (custom)
2022-05-15 13:42:53,269 [pool-606-thread-1] INFO  server.RaftServerConfigKeys (ConfUtils.java:logGet(44)) - raft.server.log.force.sync.num = 128 (default)
2022-05-15 13:42:53,269 [pool-606-thread-1] INFO  server.RaftServerConfigKeys (ConfUtils.java:logGet(44)) - raft.server.log.statemachine.data.sync = true (default)
2022-05-15 13:42:53,269 [pool-606-thread-1] INFO  server.RaftServerConfigKeys (ConfUtils.java:logGet(44)) - raft.server.log.statemachine.data.sync.timeout = 10s (default)
2022-05-15 13:42:53,269 [pool-606-thread-1] INFO  server.RaftServerConfigKeys (ConfUtils.java:logGet(44)) - raft.server.log.statemachine.data.sync.timeout.retry = -1 (default)
2022-05-15 13:42:53,271 [pool-606-thread-1] INFO  server.RaftServerConfigKeys (ConfUtils.java:logGet(44)) - raft.server.log.write.buffer.size = 1048576 (custom)
2022-05-15 13:42:53,272 [pool-606-thread-1] INFO  server.RaftServerConfigKeys (ConfUtils.java:logGet(44)) - raft.server.log.statemachine.data.caching.enabled = true (custom)
2022-05-15 13:42:53,272 [pool-606-thread-1] INFO  segmented.SegmentedRaftLogWorker (SegmentedRaftLogWorker.java:lambda$new$0(133)) - 19f7afb5-3674-4b31-b368-bacfe26f5f53@group-F8EB742A08C6-SegmentedRaftLogWorker: flushIndex: setUnconditionally 0 -> -1
2022-05-15 13:42:53,272 [pool-606-thread-1] INFO  segmented.SegmentedRaftLogWorker (SegmentedRaftLogWorker.java:lambda$new$0(133)) - 19f7afb5-3674-4b31-b368-bacfe26f5f53@group-F8EB742A08C6-SegmentedRaftLogWorker: safeCacheEvictIndex: setUnconditionally 0 -> -1
2022-05-15 13:42:53,278 [pool-606-thread-1] INFO  server.RaftServerConfigKeys (ConfUtils.java:logGet(44)) - raft.server.snapshot.auto.trigger.enabled = true (custom)
2022-05-15 13:42:53,278 [pool-606-thread-1] INFO  server.RaftServerConfigKeys (ConfUtils.java:logGet(44)) - raft.server.snapshot.auto.trigger.threshold = 10000 (custom)
2022-05-15 13:42:53,278 [pool-606-thread-1] INFO  server.RaftServerConfigKeys (ConfUtils.java:logGet(44)) - raft.server.snapshot.retention.file.num = 5 (custom)
2022-05-15 13:42:53,278 [pool-606-thread-1] INFO  server.RaftServerConfigKeys (ConfUtils.java:logGet(44)) - raft.server.log.purge.upto.snapshot.index = false (default)
2022-05-15 13:42:53,278 [pool-606-thread-1] INFO  server.RaftServerConfigKeys (ConfUtils.java:logGet(44)) - raft.server.retrycache.expirytime = 600000ms (custom)
2022-05-15 13:42:53,278 [pool-606-thread-1] INFO  server.RaftServerConfigKeys (ConfUtils.java:logGet(44)) - raft.server.retrycache.statistics.expirytime = 100μs (default)
2022-05-15 13:42:53,281 [pool-606-thread-1] INFO  server.RaftServer$Division (RaftServerImpl.java:start(301)) - 19f7afb5-3674-4b31-b368-bacfe26f5f53@group-F8EB742A08C6: start as a follower, conf=-1: [94699813-60c4-4d79-967a-f363ce32bd3e|rpc:10.1.0.20:41971|dataStream:|priority:0, 19f7afb5-3674-4b31-b368-bacfe26f5f53|rpc:10.1.0.20:38475|dataStream:|priority:0, 7eb4ec08-9634-460b-95c0-6bd60621f433|rpc:10.1.0.20:36861|dataStream:|priority:1], old=null
2022-05-15 13:42:53,281 [pool-606-thread-1] INFO  server.RaftServer$Division (RaftServerImpl.java:setRole(290)) - 19f7afb5-3674-4b31-b368-bacfe26f5f53@group-F8EB742A08C6: changes role from      null to FOLLOWER at term 0 for startAsFollower
2022-05-15 13:42:53,281 [pool-606-thread-1] INFO  impl.RoleInfo (RoleInfo.java:updateAndGet(130)) - 19f7afb5-3674-4b31-b368-bacfe26f5f53: start 19f7afb5-3674-4b31-b368-bacfe26f5f53@group-F8EB742A08C6-FollowerState
2022-05-15 13:42:53,285 [pool-606-thread-1] INFO  util.JmxRegister (JmxRegister.java:tryRegister(44)) - Successfully registered JMX Bean with object name Ratis:service=RaftServer,group=group-F8EB742A08C6,id=19f7afb5-3674-4b31-b368-bacfe26f5f53
2022-05-15 13:42:53,338 [Command processor thread] INFO  commandhandler.CreatePipelineCommandHandler (CreatePipelineCommandHandler.java:handle(113)) - Created Pipeline RATIS THREE PipelineID=a923349d-2e9e-4683-9f35-f8eb742a08c6.
2022-05-15 13:42:53,615 [Listener at 127.0.0.1/34565] INFO  ozone.MiniOzoneClusterImpl (MiniOzoneClusterImpl.java:lambda$waitForClusterToBeReady$0(221)) - Nodes are ready. Got 3 of 3 DN Heartbeats.
2022-05-15 13:42:53,615 [Listener at 127.0.0.1/34565] INFO  ozone.MiniOzoneClusterImpl (MiniOzoneClusterImpl.java:lambda$waitForClusterToBeReady$0(224)) - Waiting for cluster to exit safe mode
2022-05-15 13:42:53,615 [Listener at 127.0.0.1/34565] INFO  ozone.MiniOzoneClusterImpl (MiniOzoneClusterImpl.java:lambda$waitForClusterToBeReady$0(226)) - SCM became leader
2022-05-15 13:42:53,683 [Command processor thread] INFO  server.RaftServer (RaftServerProxy.java:addNew(95)) - 7eb4ec08-9634-460b-95c0-6bd60621f433: addNew group-6CD5529A45B7:[7eb4ec08-9634-460b-95c0-6bd60621f433|rpc:10.1.0.20:36861|priority:1] returns group-6CD5529A45B7:java.util.concurrent.CompletableFuture@cc54153[Not completed]
2022-05-15 13:42:53,685 [pool-585-thread-1] INFO  server.RaftServer$Division (RaftServerImpl.java:<init>(184)) - 7eb4ec08-9634-460b-95c0-6bd60621f433: new RaftServerImpl for group-6CD5529A45B7:[7eb4ec08-9634-460b-95c0-6bd60621f433|rpc:10.1.0.20:36861|priority:1] with ContainerStateMachine:uninitialized
2022-05-15 13:42:53,685 [pool-585-thread-1] INFO  server.RaftServerConfigKeys (ConfUtils.java:logGet(44)) - raft.server.rpc.timeout.min = 5s (custom)
2022-05-15 13:42:53,685 [pool-585-thread-1] INFO  server.RaftServerConfigKeys (ConfUtils.java:logGet(44)) - raft.server.rpc.timeout.max = 5200ms (custom)
2022-05-15 13:42:53,685 [pool-585-thread-1] INFO  server.RaftServerConfigKeys (ConfUtils.java:logGet(44)) - raft.server.rpc.sleep.time = 25ms (default)
2022-05-15 13:42:53,685 [pool-585-thread-1] INFO  server.RaftServerConfigKeys (ConfUtils.java:logGet(44)) - raft.server.rpc.slowness.timeout = 300s (custom)
2022-05-15 13:42:53,685 [pool-585-thread-1] INFO  server.RaftServerConfigKeys (ConfUtils.java:logGet(44)) - raft.server.leaderelection.leader.step-down.wait-time = 10s (default)
2022-05-15 13:42:53,685 [pool-585-thread-1] INFO  server.RaftServerConfigKeys (ConfUtils.java:logGet(44)) - raft.server.sleep.deviation.threshold = 300ms (default)
2022-05-15 13:42:53,686 [pool-585-thread-1] INFO  server.RaftServerConfigKeys (ConfUtils.java:logGet(44)) - raft.server.log.appender.install.snapshot.enabled = false (custom)
2022-05-15 13:42:53,686 [pool-585-thread-1] INFO  server.RaftServer$Division (ServerState.java:<init>(105)) - 7eb4ec08-9634-460b-95c0-6bd60621f433@group-6CD5529A45B7: ConfigurationManager, init=-1: [7eb4ec08-9634-460b-95c0-6bd60621f433|rpc:10.1.0.20:36861|priority:1], old=null, confs=<EMPTY_MAP>
2022-05-15 13:42:53,686 [pool-585-thread-1] INFO  server.RaftServerConfigKeys (ConfUtils.java:logGet(44)) - raft.server.storage.dir = [/home/runner/work/ozone/ozone/hadoop-ozone/integration-test/target/test-dir/MiniOzoneClusterImpl-0cd62ba4-9e34-4333-8104-a5cbd1bd15a2/datanode-1/data/ratis] (custom)
2022-05-15 13:42:53,686 [pool-585-thread-1] INFO  server.RaftServerConfigKeys (ConfUtils.java:logGet(44)) - raft.server.log.corruption.policy = EXCEPTION (default)
2022-05-15 13:42:53,686 [pool-585-thread-1] INFO  server.RaftServerConfigKeys (ConfUtils.java:logGet(44)) - raft.server.storage.free-space.min = 0MB (=0) (default)
2022-05-15 13:42:53,686 [pool-585-thread-1] INFO  storage.RaftStorageDirectory (RaftStorageDirectoryImpl.java:analyzeStorage(135)) - The storage directory /home/runner/work/ozone/ozone/hadoop-ozone/integration-test/target/test-dir/MiniOzoneClusterImpl-0cd62ba4-9e34-4333-8104-a5cbd1bd15a2/datanode-1/data/ratis/a49d786d-2f4f-42db-8ba8-6cd5529a45b7 does not exist. Creating ...
2022-05-15 13:42:53,688 [pool-585-thread-1] INFO  storage.RaftStorageDirectory (RaftStorageDirectoryImpl.java:tryLock(230)) - Lock on /home/runner/work/ozone/ozone/hadoop-ozone/integration-test/target/test-dir/MiniOzoneClusterImpl-0cd62ba4-9e34-4333-8104-a5cbd1bd15a2/datanode-1/data/ratis/a49d786d-2f4f-42db-8ba8-6cd5529a45b7/in_use.lock acquired by nodename 19587@fv-az40-973
2022-05-15 13:42:53,689 [pool-585-thread-1] INFO  storage.RaftStorage (RaftStorageImpl.java:format(89)) - Storage directory /home/runner/work/ozone/ozone/hadoop-ozone/integration-test/target/test-dir/MiniOzoneClusterImpl-0cd62ba4-9e34-4333-8104-a5cbd1bd15a2/datanode-1/data/ratis/a49d786d-2f4f-42db-8ba8-6cd5529a45b7 has been successfully formatted.
2022-05-15 13:42:53,689 [pool-585-thread-1] INFO  ratis.ContainerStateMachine (ContainerStateMachine.java:loadSnapshot(236)) - group-6CD5529A45B7: The snapshot info is null. Setting the last applied indexto:(t:0, i:~)
2022-05-15 13:42:53,689 [pool-585-thread-1] INFO  server.RaftServerConfigKeys (ConfUtils.java:logGet(44)) - raft.server.notification.no-leader.timeout = 300s (custom)
2022-05-15 13:42:53,689 [pool-585-thread-1] INFO  server.RaftServerConfigKeys (ConfUtils.java:logGet(44)) - raft.server.log.use.memory = false (default)
2022-05-15 13:42:53,689 [pool-585-thread-1] INFO  server.RaftServerConfigKeys (ConfUtils.java:logGet(44)) - raft.server.log.purge.gap = 1000000 (custom)
2022-05-15 13:42:53,690 [pool-585-thread-1] INFO  server.RaftServerConfigKeys (ConfUtils.java:logGet(44)) - raft.server.log.appender.buffer.byte-limit = 33554432 (custom)
2022-05-15 13:42:53,690 [pool-585-thread-1] INFO  server.RaftServerConfigKeys (ConfUtils.java:logGet(44)) - raft.server.log.segment.size.max = 1048576 (custom)
2022-05-15 13:42:53,690 [pool-585-thread-1] INFO  server.RaftServerConfigKeys (ConfUtils.java:logGet(44)) - raft.server.log.segment.cache.num.max = 2 (custom)
2022-05-15 13:42:53,690 [pool-585-thread-1] INFO  server.RaftServerConfigKeys (ConfUtils.java:logGet(44)) - raft.server.log.segment.cache.size.max = 200MB (=209715200) (default)
2022-05-15 13:42:53,690 [pool-585-thread-1] INFO  segmented.SegmentedRaftLogWorker (SegmentedRaftLogWorker.java:<init>(182)) - new 7eb4ec08-9634-460b-95c0-6bd60621f433@group-6CD5529A45B7-SegmentedRaftLogWorker for RaftStorageImpl:Storage Directory /home/runner/work/ozone/ozone/hadoop-ozone/integration-test/target/test-dir/MiniOzoneClusterImpl-0cd62ba4-9e34-4333-8104-a5cbd1bd15a2/datanode-1/data/ratis/a49d786d-2f4f-42db-8ba8-6cd5529a45b7
2022-05-15 13:42:53,690 [pool-585-thread-1] INFO  server.RaftServerConfigKeys (ConfUtils.java:logGet(44)) - raft.server.log.queue.byte-limit = 4294967296 (custom)
2022-05-15 13:42:53,690 [pool-585-thread-1] INFO  server.RaftServerConfigKeys (ConfUtils.java:logGet(44)) - raft.server.log.queue.element-limit = 1024 (custom)
2022-05-15 13:42:53,690 [pool-585-thread-1] INFO  server.RaftServerConfigKeys (ConfUtils.java:logGet(44)) - raft.server.log.segment.size.max = 1048576 (custom)
2022-05-15 13:42:53,690 [pool-585-thread-1] INFO  server.RaftServerConfigKeys (ConfUtils.java:logGet(44)) - raft.server.log.preallocated.size = 16384 (custom)
2022-05-15 13:42:53,690 [pool-585-thread-1] INFO  server.RaftServerConfigKeys (ConfUtils.java:logGet(44)) - raft.server.log.force.sync.num = 128 (default)
2022-05-15 13:42:53,690 [pool-585-thread-1] INFO  server.RaftServerConfigKeys (ConfUtils.java:logGet(44)) - raft.server.log.statemachine.data.sync = true (default)
2022-05-15 13:42:53,690 [pool-585-thread-1] INFO  server.RaftServerConfigKeys (ConfUtils.java:logGet(44)) - raft.server.log.statemachine.data.sync.timeout = 10s (default)
2022-05-15 13:42:53,691 [pool-585-thread-1] INFO  server.RaftServerConfigKeys (ConfUtils.java:logGet(44)) - raft.server.log.statemachine.data.sync.timeout.retry = -1 (default)
2022-05-15 13:42:53,691 [EventQueue-PipelineReportForPipelineReportHandler] INFO  pipeline.PipelineManagerImpl (PipelineManagerImpl.java:openPipeline(336)) - Pipeline Pipeline[ Id: a49d786d-2f4f-42db-8ba8-6cd5529a45b7, Nodes: 7eb4ec08-9634-460b-95c0-6bd60621f433{ip: 10.1.0.20, host: fv-az40-973.r1qzdtoifymehf5jtx2d0vwyfg.bx.internal.cloudapp.net, ports: [REPLICATION=37171, RATIS=36861, RATIS_ADMIN=36861, RATIS_SERVER=36861, STANDALONE=42543], networkLocation: /default-rack, certSerialId: null, persistedOpState: IN_SERVICE, persistedOpStateExpiryEpochSec: 0}, ReplicationConfig: RATIS/ONE, State:ALLOCATED, leaderId:7eb4ec08-9634-460b-95c0-6bd60621f433, CreationTimestamp2022-05-15T13:42:50.722Z[Etc/UTC]] moved to OPEN state
2022-05-15 13:42:53,691 [EventQueue-OpenPipelineForHealthyPipelineSafeModeRule] INFO  safemode.SCMSafeModeManager (HealthyPipelineSafeModeRule.java:process(124)) - SCM in safe mode. Healthy pipelines reported count is 0, required healthy pipeline reported count is 1
2022-05-15 13:42:53,691 [pool-585-thread-1] INFO  server.RaftServerConfigKeys (ConfUtils.java:logGet(44)) - raft.server.log.write.buffer.size = 1048576 (custom)
2022-05-15 13:42:53,692 [pool-585-thread-1] INFO  server.RaftServerConfigKeys (ConfUtils.java:logGet(44)) - raft.server.log.statemachine.data.caching.enabled = true (custom)
2022-05-15 13:42:53,692 [pool-585-thread-1] INFO  segmented.SegmentedRaftLogWorker (SegmentedRaftLogWorker.java:lambda$new$0(133)) - 7eb4ec08-9634-460b-95c0-6bd60621f433@group-6CD5529A45B7-SegmentedRaftLogWorker: flushIndex: setUnconditionally 0 -> -1
2022-05-15 13:42:53,692 [pool-585-thread-1] INFO  segmented.SegmentedRaftLogWorker (SegmentedRaftLogWorker.java:lambda$new$0(133)) - 7eb4ec08-9634-460b-95c0-6bd60621f433@group-6CD5529A45B7-SegmentedRaftLogWorker: safeCacheEvictIndex: setUnconditionally 0 -> -1
2022-05-15 13:42:53,703 [pool-585-thread-1] INFO  server.RaftServerConfigKeys (ConfUtils.java:logGet(44)) - raft.server.snapshot.auto.trigger.enabled = true (custom)
2022-05-15 13:42:53,703 [pool-585-thread-1] INFO  server.RaftServerConfigKeys (ConfUtils.java:logGet(44)) - raft.server.snapshot.auto.trigger.threshold = 10000 (custom)
2022-05-15 13:42:53,703 [pool-585-thread-1] INFO  server.RaftServerConfigKeys (ConfUtils.java:logGet(44)) - raft.server.snapshot.retention.file.num = 5 (custom)
2022-05-15 13:42:53,703 [pool-585-thread-1] INFO  server.RaftServerConfigKeys (ConfUtils.java:logGet(44)) - raft.server.log.purge.upto.snapshot.index = false (default)
2022-05-15 13:42:53,703 [pool-585-thread-1] INFO  server.RaftServerConfigKeys (ConfUtils.java:logGet(44)) - raft.server.retrycache.expirytime = 600000ms (custom)
2022-05-15 13:42:53,703 [pool-585-thread-1] INFO  server.RaftServerConfigKeys (ConfUtils.java:logGet(44)) - raft.server.retrycache.statistics.expirytime = 100μs (default)
2022-05-15 13:42:53,704 [pool-585-thread-1] INFO  server.RaftServer$Division (RaftServerImpl.java:start(301)) - 7eb4ec08-9634-460b-95c0-6bd60621f433@group-6CD5529A45B7: start as a follower, conf=-1: [7eb4ec08-9634-460b-95c0-6bd60621f433|rpc:10.1.0.20:36861|priority:1], old=null
2022-05-15 13:42:53,704 [pool-585-thread-1] INFO  server.RaftServer$Division (RaftServerImpl.java:setRole(290)) - 7eb4ec08-9634-460b-95c0-6bd60621f433@group-6CD5529A45B7: changes role from      null to FOLLOWER at term 0 for startAsFollower
2022-05-15 13:42:53,704 [pool-585-thread-1] INFO  impl.RoleInfo (RoleInfo.java:updateAndGet(130)) - 7eb4ec08-9634-460b-95c0-6bd60621f433: start 7eb4ec08-9634-460b-95c0-6bd60621f433@group-6CD5529A45B7-FollowerState
2022-05-15 13:42:53,704 [pool-585-thread-1] INFO  util.JmxRegister (JmxRegister.java:tryRegister(44)) - Successfully registered JMX Bean with object name Ratis:service=RaftServer,group=group-6CD5529A45B7,id=7eb4ec08-9634-460b-95c0-6bd60621f433
2022-05-15 13:42:53,712 [Command processor thread] INFO  ratis.XceiverServerRatis (XceiverServerRatis.java:addGroup(765)) - Created group PipelineID=a49d786d-2f4f-42db-8ba8-6cd5529a45b7
2022-05-15 13:42:53,713 [Command processor thread] INFO  commandhandler.CreatePipelineCommandHandler (CreatePipelineCommandHandler.java:handle(113)) - Created Pipeline RATIS ONE PipelineID=a49d786d-2f4f-42db-8ba8-6cd5529a45b7.
2022-05-15 13:42:54,615 [Listener at 127.0.0.1/34565] INFO  ozone.MiniOzoneClusterImpl (MiniOzoneClusterImpl.java:lambda$waitForClusterToBeReady$0(221)) - Nodes are ready. Got 3 of 3 DN Heartbeats.
2022-05-15 13:42:54,616 [Listener at 127.0.0.1/34565] INFO  ozone.MiniOzoneClusterImpl (MiniOzoneClusterImpl.java:lambda$waitForClusterToBeReady$0(224)) - Waiting for cluster to exit safe mode
2022-05-15 13:42:54,616 [Listener at 127.0.0.1/34565] INFO  ozone.MiniOzoneClusterImpl (MiniOzoneClusterImpl.java:lambda$waitForClusterToBeReady$0(226)) - SCM became leader
2022-05-15 13:42:54,691 [Command processor thread] INFO  server.RaftServer (RaftServerProxy.java:addNew(95)) - 19f7afb5-3674-4b31-b368-bacfe26f5f53: addNew group-7B5B0B9FBCD4:[19f7afb5-3674-4b31-b368-bacfe26f5f53|rpc:10.1.0.20:38475|priority:1] returns group-7B5B0B9FBCD4:java.util.concurrent.CompletableFuture@53eb355b[Not completed]
2022-05-15 13:42:54,692 [pool-606-thread-1] INFO  server.RaftServer$Division (RaftServerImpl.java:<init>(184)) - 19f7afb5-3674-4b31-b368-bacfe26f5f53: new RaftServerImpl for group-7B5B0B9FBCD4:[19f7afb5-3674-4b31-b368-bacfe26f5f53|rpc:10.1.0.20:38475|priority:1] with ContainerStateMachine:uninitialized
2022-05-15 13:42:54,692 [pool-606-thread-1] INFO  server.RaftServerConfigKeys (ConfUtils.java:logGet(44)) - raft.server.rpc.timeout.min = 5s (custom)
2022-05-15 13:42:54,692 [pool-606-thread-1] INFO  server.RaftServerConfigKeys (ConfUtils.java:logGet(44)) - raft.server.rpc.timeout.max = 5200ms (custom)
2022-05-15 13:42:54,692 [pool-606-thread-1] INFO  server.RaftServerConfigKeys (ConfUtils.java:logGet(44)) - raft.server.rpc.sleep.time = 25ms (default)
2022-05-15 13:42:54,692 [pool-606-thread-1] INFO  server.RaftServerConfigKeys (ConfUtils.java:logGet(44)) - raft.server.rpc.slowness.timeout = 300s (custom)
2022-05-15 13:42:54,692 [pool-606-thread-1] INFO  server.RaftServerConfigKeys (ConfUtils.java:logGet(44)) - raft.server.leaderelection.leader.step-down.wait-time = 10s (default)
2022-05-15 13:42:54,692 [pool-606-thread-1] INFO  server.RaftServerConfigKeys (ConfUtils.java:logGet(44)) - raft.server.sleep.deviation.threshold = 300ms (default)
2022-05-15 13:42:54,692 [pool-606-thread-1] INFO  server.RaftServerConfigKeys (ConfUtils.java:logGet(44)) - raft.server.log.appender.install.snapshot.enabled = false (custom)
2022-05-15 13:42:54,692 [pool-606-thread-1] INFO  server.RaftServer$Division (ServerState.java:<init>(105)) - 19f7afb5-3674-4b31-b368-bacfe26f5f53@group-7B5B0B9FBCD4: ConfigurationManager, init=-1: [19f7afb5-3674-4b31-b368-bacfe26f5f53|rpc:10.1.0.20:38475|priority:1], old=null, confs=<EMPTY_MAP>
2022-05-15 13:42:54,692 [pool-606-thread-1] INFO  server.RaftServerConfigKeys (ConfUtils.java:logGet(44)) - raft.server.storage.dir = [/home/runner/work/ozone/ozone/hadoop-ozone/integration-test/target/test-dir/MiniOzoneClusterImpl-0cd62ba4-9e34-4333-8104-a5cbd1bd15a2/datanode-2/data/ratis] (custom)
2022-05-15 13:42:54,692 [pool-606-thread-1] INFO  server.RaftServerConfigKeys (ConfUtils.java:logGet(44)) - raft.server.log.corruption.policy = EXCEPTION (default)
2022-05-15 13:42:54,692 [pool-606-thread-1] INFO  server.RaftServerConfigKeys (ConfUtils.java:logGet(44)) - raft.server.storage.free-space.min = 0MB (=0) (default)
2022-05-15 13:42:54,693 [pool-606-thread-1] INFO  storage.RaftStorageDirectory (RaftStorageDirectoryImpl.java:analyzeStorage(135)) - The storage directory /home/runner/work/ozone/ozone/hadoop-ozone/integration-test/target/test-dir/MiniOzoneClusterImpl-0cd62ba4-9e34-4333-8104-a5cbd1bd15a2/datanode-2/data/ratis/76cb8114-7652-4c5c-979a-7b5b0b9fbcd4 does not exist. Creating ...
2022-05-15 13:42:54,694 [pool-606-thread-1] INFO  storage.RaftStorageDirectory (RaftStorageDirectoryImpl.java:tryLock(230)) - Lock on /home/runner/work/ozone/ozone/hadoop-ozone/integration-test/target/test-dir/MiniOzoneClusterImpl-0cd62ba4-9e34-4333-8104-a5cbd1bd15a2/datanode-2/data/ratis/76cb8114-7652-4c5c-979a-7b5b0b9fbcd4/in_use.lock acquired by nodename 19587@fv-az40-973
2022-05-15 13:42:54,695 [pool-606-thread-1] INFO  storage.RaftStorage (RaftStorageImpl.java:format(89)) - Storage directory /home/runner/work/ozone/ozone/hadoop-ozone/integration-test/target/test-dir/MiniOzoneClusterImpl-0cd62ba4-9e34-4333-8104-a5cbd1bd15a2/datanode-2/data/ratis/76cb8114-7652-4c5c-979a-7b5b0b9fbcd4 has been successfully formatted.
2022-05-15 13:42:54,695 [pool-606-thread-1] INFO  ratis.ContainerStateMachine (ContainerStateMachine.java:loadSnapshot(236)) - group-7B5B0B9FBCD4: The snapshot info is null. Setting the last applied indexto:(t:0, i:~)
2022-05-15 13:42:54,695 [pool-606-thread-1] INFO  server.RaftServerConfigKeys (ConfUtils.java:logGet(44)) - raft.server.notification.no-leader.timeout = 300s (custom)
2022-05-15 13:42:54,695 [pool-606-thread-1] INFO  server.RaftServerConfigKeys (ConfUtils.java:logGet(44)) - raft.server.log.use.memory = false (default)
2022-05-15 13:42:54,695 [pool-606-thread-1] INFO  server.RaftServerConfigKeys (ConfUtils.java:logGet(44)) - raft.server.log.purge.gap = 1000000 (custom)
2022-05-15 13:42:54,695 [pool-606-thread-1] INFO  server.RaftServerConfigKeys (ConfUtils.java:logGet(44)) - raft.server.log.appender.buffer.byte-limit = 33554432 (custom)
2022-05-15 13:42:54,696 [EventQueue-PipelineReportForPipelineReportHandler] INFO  pipeline.PipelineManagerImpl (PipelineManagerImpl.java:openPipeline(336)) - Pipeline Pipeline[ Id: 76cb8114-7652-4c5c-979a-7b5b0b9fbcd4, Nodes: 19f7afb5-3674-4b31-b368-bacfe26f5f53{ip: 10.1.0.20, host: fv-az40-973.r1qzdtoifymehf5jtx2d0vwyfg.bx.internal.cloudapp.net, ports: [REPLICATION=36599, RATIS=38475, RATIS_ADMIN=38475, RATIS_SERVER=38475, STANDALONE=38529], networkLocation: /default-rack, certSerialId: null, persistedOpState: IN_SERVICE, persistedOpStateExpiryEpochSec: 0}, ReplicationConfig: RATIS/ONE, State:ALLOCATED, leaderId:19f7afb5-3674-4b31-b368-bacfe26f5f53, CreationTimestamp2022-05-15T13:42:51.699Z[Etc/UTC]] moved to OPEN state
2022-05-15 13:42:54,697 [EventQueue-OpenPipelineForHealthyPipelineSafeModeRule] INFO  safemode.SCMSafeModeManager (HealthyPipelineSafeModeRule.java:process(124)) - SCM in safe mode. Healthy pipelines reported count is 0, required healthy pipeline reported count is 1
2022-05-15 13:42:54,697 [pool-606-thread-1] INFO  server.RaftServerConfigKeys (ConfUtils.java:logGet(44)) - raft.server.log.segment.size.max = 1048576 (custom)
2022-05-15 13:42:54,697 [pool-606-thread-1] INFO  server.RaftServerConfigKeys (ConfUtils.java:logGet(44)) - raft.server.log.segment.cache.num.max = 2 (custom)
2022-05-15 13:42:54,697 [pool-606-thread-1] INFO  server.RaftServerConfigKeys (ConfUtils.java:logGet(44)) - raft.server.log.segment.cache.size.max = 200MB (=209715200) (default)
2022-05-15 13:42:54,697 [pool-606-thread-1] INFO  segmented.SegmentedRaftLogWorker (SegmentedRaftLogWorker.java:<init>(182)) - new 19f7afb5-3674-4b31-b368-bacfe26f5f53@group-7B5B0B9FBCD4-SegmentedRaftLogWorker for RaftStorageImpl:Storage Directory /home/runner/work/ozone/ozone/hadoop-ozone/integration-test/target/test-dir/MiniOzoneClusterImpl-0cd62ba4-9e34-4333-8104-a5cbd1bd15a2/datanode-2/data/ratis/76cb8114-7652-4c5c-979a-7b5b0b9fbcd4
2022-05-15 13:42:54,697 [pool-606-thread-1] INFO  server.RaftServerConfigKeys (ConfUtils.java:logGet(44)) - raft.server.log.queue.byte-limit = 4294967296 (custom)
2022-05-15 13:42:54,697 [pool-606-thread-1] INFO  server.RaftServerConfigKeys (ConfUtils.java:logGet(44)) - raft.server.log.queue.element-limit = 1024 (custom)
2022-05-15 13:42:54,697 [pool-606-thread-1] INFO  server.RaftServerConfigKeys (ConfUtils.java:logGet(44)) - raft.server.log.segment.size.max = 1048576 (custom)
2022-05-15 13:42:54,697 [pool-606-thread-1] INFO  server.RaftServerConfigKeys (ConfUtils.java:logGet(44)) - raft.server.log.preallocated.size = 16384 (custom)
2022-05-15 13:42:54,697 [pool-606-thread-1] INFO  server.RaftServerConfigKeys (ConfUtils.java:logGet(44)) - raft.server.log.force.sync.num = 128 (default)
2022-05-15 13:42:54,697 [pool-606-thread-1] INFO  server.RaftServerConfigKeys (ConfUtils.java:logGet(44)) - raft.server.log.statemachine.data.sync = true (default)
2022-05-15 13:42:54,698 [pool-606-thread-1] INFO  server.RaftServerConfigKeys (ConfUtils.java:logGet(44)) - raft.server.log.statemachine.data.sync.timeout = 10s (default)
2022-05-15 13:42:54,698 [pool-606-thread-1] INFO  server.RaftServerConfigKeys (ConfUtils.java:logGet(44)) - raft.server.log.statemachine.data.sync.timeout.retry = -1 (default)
2022-05-15 13:42:54,702 [pool-606-thread-1] INFO  server.RaftServerConfigKeys (ConfUtils.java:logGet(44)) - raft.server.log.write.buffer.size = 1048576 (custom)
2022-05-15 13:42:54,703 [pool-606-thread-1] INFO  server.RaftServerConfigKeys (ConfUtils.java:logGet(44)) - raft.server.log.statemachine.data.caching.enabled = true (custom)
2022-05-15 13:42:54,703 [pool-606-thread-1] INFO  segmented.SegmentedRaftLogWorker (SegmentedRaftLogWorker.java:lambda$new$0(133)) - 19f7afb5-3674-4b31-b368-bacfe26f5f53@group-7B5B0B9FBCD4-SegmentedRaftLogWorker: flushIndex: setUnconditionally 0 -> -1
2022-05-15 13:42:54,703 [pool-606-thread-1] INFO  segmented.SegmentedRaftLogWorker (SegmentedRaftLogWorker.java:lambda$new$0(133)) - 19f7afb5-3674-4b31-b368-bacfe26f5f53@group-7B5B0B9FBCD4-SegmentedRaftLogWorker: safeCacheEvictIndex: setUnconditionally 0 -> -1
2022-05-15 13:42:54,711 [pool-606-thread-1] INFO  server.RaftServerConfigKeys (ConfUtils.java:logGet(44)) - raft.server.snapshot.auto.trigger.enabled = true (custom)
2022-05-15 13:42:54,711 [pool-606-thread-1] INFO  server.RaftServerConfigKeys (ConfUtils.java:logGet(44)) - raft.server.snapshot.auto.trigger.threshold = 10000 (custom)
2022-05-15 13:42:54,711 [pool-606-thread-1] INFO  server.RaftServerConfigKeys (ConfUtils.java:logGet(44)) - raft.server.snapshot.retention.file.num = 5 (custom)
2022-05-15 13:42:54,711 [pool-606-thread-1] INFO  server.RaftServerConfigKeys (ConfUtils.java:logGet(44)) - raft.server.log.purge.upto.snapshot.index = false (default)
2022-05-15 13:42:54,711 [pool-606-thread-1] INFO  server.RaftServerConfigKeys (ConfUtils.java:logGet(44)) - raft.server.retrycache.expirytime = 600000ms (custom)
2022-05-15 13:42:54,711 [pool-606-thread-1] INFO  server.RaftServerConfigKeys (ConfUtils.java:logGet(44)) - raft.server.retrycache.statistics.expirytime = 100μs (default)
2022-05-15 13:42:54,713 [pool-606-thread-1] INFO  server.RaftServer$Division (RaftServerImpl.java:start(301)) - 19f7afb5-3674-4b31-b368-bacfe26f5f53@group-7B5B0B9FBCD4: start as a follower, conf=-1: [19f7afb5-3674-4b31-b368-bacfe26f5f53|rpc:10.1.0.20:38475|priority:1], old=null
2022-05-15 13:42:54,713 [pool-606-thread-1] INFO  server.RaftServer$Division (RaftServerImpl.java:setRole(290)) - 19f7afb5-3674-4b31-b368-bacfe26f5f53@group-7B5B0B9FBCD4: changes role from      null to FOLLOWER at term 0 for startAsFollower
2022-05-15 13:42:54,713 [pool-606-thread-1] INFO  impl.RoleInfo (RoleInfo.java:updateAndGet(130)) - 19f7afb5-3674-4b31-b368-bacfe26f5f53: start 19f7afb5-3674-4b31-b368-bacfe26f5f53@group-7B5B0B9FBCD4-FollowerState
2022-05-15 13:42:54,726 [pool-606-thread-1] INFO  util.JmxRegister (JmxRegister.java:tryRegister(44)) - Successfully registered JMX Bean with object name Ratis:service=RaftServer,group=group-7B5B0B9FBCD4,id=19f7afb5-3674-4b31-b368-bacfe26f5f53
2022-05-15 13:42:54,762 [Command processor thread] INFO  ratis.XceiverServerRatis (XceiverServerRatis.java:addGroup(765)) - Created group PipelineID=76cb8114-7652-4c5c-979a-7b5b0b9fbcd4
2022-05-15 13:42:54,762 [Command processor thread] INFO  commandhandler.CreatePipelineCommandHandler (CreatePipelineCommandHandler.java:handle(113)) - Created Pipeline RATIS ONE PipelineID=76cb8114-7652-4c5c-979a-7b5b0b9fbcd4.
2022-05-15 13:42:55,616 [Listener at 127.0.0.1/34565] INFO  ozone.MiniOzoneClusterImpl (MiniOzoneClusterImpl.java:lambda$waitForClusterToBeReady$0(221)) - Nodes are ready. Got 3 of 3 DN Heartbeats.
2022-05-15 13:42:55,616 [Listener at 127.0.0.1/34565] INFO  ozone.MiniOzoneClusterImpl (MiniOzoneClusterImpl.java:lambda$waitForClusterToBeReady$0(224)) - Waiting for cluster to exit safe mode
2022-05-15 13:42:55,616 [Listener at 127.0.0.1/34565] INFO  ozone.MiniOzoneClusterImpl (MiniOzoneClusterImpl.java:lambda$waitForClusterToBeReady$0(226)) - SCM became leader
2022-05-15 13:42:56,616 [Listener at 127.0.0.1/34565] INFO  ozone.MiniOzoneClusterImpl (MiniOzoneClusterImpl.java:lambda$waitForClusterToBeReady$0(221)) - Nodes are ready. Got 3 of 3 DN Heartbeats.
2022-05-15 13:42:56,617 [Listener at 127.0.0.1/34565] INFO  ozone.MiniOzoneClusterImpl (MiniOzoneClusterImpl.java:lambda$waitForClusterToBeReady$0(224)) - Waiting for cluster to exit safe mode
2022-05-15 13:42:56,617 [Listener at 127.0.0.1/34565] INFO  ozone.MiniOzoneClusterImpl (MiniOzoneClusterImpl.java:lambda$waitForClusterToBeReady$0(226)) - SCM became leader
2022-05-15 13:42:57,557 [94699813-60c4-4d79-967a-f363ce32bd3e@group-73A2186E5559-FollowerState] INFO  impl.FollowerState (FollowerState.java:run(134)) - 94699813-60c4-4d79-967a-f363ce32bd3e@group-73A2186E5559-FollowerState: change to CANDIDATE, lastRpcElapsedTime:5042817899ns, electionTimeout:5037ms
2022-05-15 13:42:57,557 [94699813-60c4-4d79-967a-f363ce32bd3e@group-73A2186E5559-FollowerState] INFO  impl.RoleInfo (RoleInfo.java:shutdownFollowerState(108)) - 94699813-60c4-4d79-967a-f363ce32bd3e: shutdown 94699813-60c4-4d79-967a-f363ce32bd3e@group-73A2186E5559-FollowerState
2022-05-15 13:42:57,557 [94699813-60c4-4d79-967a-f363ce32bd3e@group-73A2186E5559-FollowerState] INFO  server.RaftServer$Division (RaftServerImpl.java:setRole(290)) - 94699813-60c4-4d79-967a-f363ce32bd3e@group-73A2186E5559: changes role from  FOLLOWER to CANDIDATE at term 0 for changeToCandidate
2022-05-15 13:42:57,557 [94699813-60c4-4d79-967a-f363ce32bd3e@group-73A2186E5559-FollowerState] INFO  server.RaftServerConfigKeys (ConfUtils.java:logGet(44)) - raft.server.leaderelection.pre-vote = false (custom)
2022-05-15 13:42:57,557 [94699813-60c4-4d79-967a-f363ce32bd3e@group-73A2186E5559-FollowerState] INFO  impl.RoleInfo (RoleInfo.java:updateAndGet(130)) - 94699813-60c4-4d79-967a-f363ce32bd3e: start 94699813-60c4-4d79-967a-f363ce32bd3e@group-73A2186E5559-LeaderElection65
2022-05-15 13:42:57,602 [94699813-60c4-4d79-967a-f363ce32bd3e@group-73A2186E5559-LeaderElection65] INFO  impl.LeaderElection (LeaderElection.java:askForVotes(306)) - 94699813-60c4-4d79-967a-f363ce32bd3e@group-73A2186E5559-LeaderElection65 ELECTION round 0: submit vote requests at term 1 for -1: [94699813-60c4-4d79-967a-f363ce32bd3e|rpc:10.1.0.20:41971|priority:1], old=null
2022-05-15 13:42:57,602 [94699813-60c4-4d79-967a-f363ce32bd3e@group-73A2186E5559-LeaderElection65] INFO  impl.LeaderElection (LeaderElection.java:askForVotes(308)) - 94699813-60c4-4d79-967a-f363ce32bd3e@group-73A2186E5559-LeaderElection65 ELECTION round 0: result PASSED (term=1)
2022-05-15 13:42:57,603 [94699813-60c4-4d79-967a-f363ce32bd3e@group-73A2186E5559-LeaderElection65] INFO  impl.RoleInfo (RoleInfo.java:shutdownLeaderElection(121)) - 94699813-60c4-4d79-967a-f363ce32bd3e: shutdown 94699813-60c4-4d79-967a-f363ce32bd3e@group-73A2186E5559-LeaderElection65
2022-05-15 13:42:57,603 [94699813-60c4-4d79-967a-f363ce32bd3e@group-73A2186E5559-LeaderElection65] INFO  server.RaftServer$Division (RaftServerImpl.java:setRole(290)) - 94699813-60c4-4d79-967a-f363ce32bd3e@group-73A2186E5559: changes role from CANDIDATE to LEADER at term 1 for changeToLeader
2022-05-15 13:42:57,603 [94699813-60c4-4d79-967a-f363ce32bd3e@group-73A2186E5559-LeaderElection65] INFO  ratis.XceiverServerRatis (XceiverServerRatis.java:handleLeaderChangedNotification(863)) - Leader change notification received for group: group-73A2186E5559 with new leaderId: 94699813-60c4-4d79-967a-f363ce32bd3e
2022-05-15 13:42:57,604 [EventQueue-OpenPipelineForHealthyPipelineSafeModeRule] INFO  safemode.SCMSafeModeManager (HealthyPipelineSafeModeRule.java:process(124)) - SCM in safe mode. Healthy pipelines reported count is 0, required healthy pipeline reported count is 1
2022-05-15 13:42:57,605 [94699813-60c4-4d79-967a-f363ce32bd3e@group-73A2186E5559-LeaderElection65] INFO  server.RaftServer$Division (ServerState.java:setLeader(285)) - 94699813-60c4-4d79-967a-f363ce32bd3e@group-73A2186E5559: change Leader from null to 94699813-60c4-4d79-967a-f363ce32bd3e at term 1 for becomeLeader, leader elected after 5118ms
2022-05-15 13:42:57,605 [94699813-60c4-4d79-967a-f363ce32bd3e@group-73A2186E5559-LeaderElection65] INFO  server.RaftServerConfigKeys (ConfUtils.java:logGet(44)) - raft.server.staging.catchup.gap = 1000 (default)
2022-05-15 13:42:57,606 [94699813-60c4-4d79-967a-f363ce32bd3e@group-73A2186E5559-LeaderElection65] INFO  server.RaftServerConfigKeys (ConfUtils.java:logGet(44)) - raft.server.write.element-limit = 1024 (custom)
2022-05-15 13:42:57,606 [94699813-60c4-4d79-967a-f363ce32bd3e@group-73A2186E5559-LeaderElection65] INFO  server.RaftServerConfigKeys (ConfUtils.java:logGet(44)) - raft.server.write.byte-limit = 1024 M (=1073741824) (custom)
2022-05-15 13:42:57,606 [94699813-60c4-4d79-967a-f363ce32bd3e@group-73A2186E5559-LeaderElection65] INFO  server.RaftServerConfigKeys (ConfUtils.java:logGet(44)) - raft.server.watch.timeout = 180s (custom)
2022-05-15 13:42:57,606 [94699813-60c4-4d79-967a-f363ce32bd3e@group-73A2186E5559-LeaderElection65] INFO  server.RaftServerConfigKeys (ConfUtils.java:logGet(44)) - raft.server.watch.timeout.denomination = 1s (default)
2022-05-15 13:42:57,606 [94699813-60c4-4d79-967a-f363ce32bd3e@group-73A2186E5559-LeaderElection65] INFO  server.RaftServerConfigKeys (ConfUtils.java:logGet(44)) - raft.server.watch.element-limit = 65536 (default)
2022-05-15 13:42:57,606 [94699813-60c4-4d79-967a-f363ce32bd3e@group-73A2186E5559-LeaderElection65] INFO  server.RaftServerConfigKeys (ConfUtils.java:logGet(44)) - raft.server.write.element-limit = 1024 (custom)
2022-05-15 13:42:57,606 [94699813-60c4-4d79-967a-f363ce32bd3e@group-73A2186E5559-LeaderElection65] INFO  server.RaftServerConfigKeys (ConfUtils.java:logGet(44)) - raft.server.write.follower.gap.ratio.max = -1.0 (default)
2022-05-15 13:42:57,606 [94699813-60c4-4d79-967a-f363ce32bd3e@group-73A2186E5559-LeaderElection65] INFO  impl.RoleInfo (RoleInfo.java:updateAndGet(130)) - 94699813-60c4-4d79-967a-f363ce32bd3e: start 94699813-60c4-4d79-967a-f363ce32bd3e@group-73A2186E5559-LeaderStateImpl
2022-05-15 13:42:57,607 [94699813-60c4-4d79-967a-f363ce32bd3e@group-73A2186E5559-LeaderElection65] INFO  segmented.SegmentedRaftLogWorker (SegmentedRaftLogWorker.java:startLogSegment(394)) - 94699813-60c4-4d79-967a-f363ce32bd3e@group-73A2186E5559-SegmentedRaftLogWorker: Starting segment from index:0
2022-05-15 13:42:57,611 [94699813-60c4-4d79-967a-f363ce32bd3e@group-73A2186E5559-SegmentedRaftLogWorker] INFO  segmented.SegmentedRaftLogWorker (SegmentedRaftLogWorker.java:execute(601)) - 94699813-60c4-4d79-967a-f363ce32bd3e@group-73A2186E5559-SegmentedRaftLogWorker: created new log segment /home/runner/work/ozone/ozone/hadoop-ozone/integration-test/target/test-dir/MiniOzoneClusterImpl-0cd62ba4-9e34-4333-8104-a5cbd1bd15a2/datanode-0/data/ratis/33bffe62-1c0e-4cc9-9fb2-73a2186e5559/current/log_inprogress_0
2022-05-15 13:42:57,617 [Listener at 127.0.0.1/34565] INFO  ozone.MiniOzoneClusterImpl (MiniOzoneClusterImpl.java:lambda$waitForClusterToBeReady$0(221)) - Nodes are ready. Got 3 of 3 DN Heartbeats.
2022-05-15 13:42:57,617 [Listener at 127.0.0.1/34565] INFO  ozone.MiniOzoneClusterImpl (MiniOzoneClusterImpl.java:lambda$waitForClusterToBeReady$0(224)) - Waiting for cluster to exit safe mode
2022-05-15 13:42:57,617 [Listener at 127.0.0.1/34565] INFO  ozone.MiniOzoneClusterImpl (MiniOzoneClusterImpl.java:lambda$waitForClusterToBeReady$0(226)) - SCM became leader
2022-05-15 13:42:57,631 [94699813-60c4-4d79-967a-f363ce32bd3e@group-73A2186E5559-LeaderElection65] INFO  server.RaftServer$Division (ServerState.java:setRaftConf(387)) - 94699813-60c4-4d79-967a-f363ce32bd3e@group-73A2186E5559: set configuration 0: [94699813-60c4-4d79-967a-f363ce32bd3e|rpc:10.1.0.20:41971|dataStream:|priority:1], old=null
2022-05-15 13:42:57,792 [94699813-60c4-4d79-967a-f363ce32bd3e@group-4BA9D62E3729-FollowerState] INFO  impl.FollowerState (FollowerState.java:run(134)) - 94699813-60c4-4d79-967a-f363ce32bd3e@group-4BA9D62E3729-FollowerState: change to CANDIDATE, lastRpcElapsedTime:5179822975ns, electionTimeout:5179ms
2022-05-15 13:42:57,792 [94699813-60c4-4d79-967a-f363ce32bd3e@group-4BA9D62E3729-FollowerState] INFO  impl.RoleInfo (RoleInfo.java:shutdownFollowerState(108)) - 94699813-60c4-4d79-967a-f363ce32bd3e: shutdown 94699813-60c4-4d79-967a-f363ce32bd3e@group-4BA9D62E3729-FollowerState
2022-05-15 13:42:57,792 [94699813-60c4-4d79-967a-f363ce32bd3e@group-4BA9D62E3729-FollowerState] INFO  server.RaftServer$Division (RaftServerImpl.java:setRole(290)) - 94699813-60c4-4d79-967a-f363ce32bd3e@group-4BA9D62E3729: changes role from  FOLLOWER to CANDIDATE at term 0 for changeToCandidate
2022-05-15 13:42:57,792 [94699813-60c4-4d79-967a-f363ce32bd3e@group-4BA9D62E3729-FollowerState] INFO  server.RaftServerConfigKeys (ConfUtils.java:logGet(44)) - raft.server.leaderelection.pre-vote = false (custom)
2022-05-15 13:42:57,792 [94699813-60c4-4d79-967a-f363ce32bd3e@group-4BA9D62E3729-FollowerState] INFO  impl.RoleInfo (RoleInfo.java:updateAndGet(130)) - 94699813-60c4-4d79-967a-f363ce32bd3e: start 94699813-60c4-4d79-967a-f363ce32bd3e@group-4BA9D62E3729-LeaderElection66
2022-05-15 13:42:57,814 [94699813-60c4-4d79-967a-f363ce32bd3e@group-4BA9D62E3729-LeaderElection66] INFO  impl.LeaderElection (LeaderElection.java:askForVotes(306)) - 94699813-60c4-4d79-967a-f363ce32bd3e@group-4BA9D62E3729-LeaderElection66 ELECTION round 0: submit vote requests at term 1 for -1: [94699813-60c4-4d79-967a-f363ce32bd3e|rpc:10.1.0.20:41971|priority:1, 19f7afb5-3674-4b31-b368-bacfe26f5f53|rpc:10.1.0.20:38475|priority:0, 7eb4ec08-9634-460b-95c0-6bd60621f433|rpc:10.1.0.20:36861|priority:0], old=null
2022-05-15 13:42:57,819 [grpc-default-executor-0] INFO  server.RaftServer$Division (RaftServerImpl.java:requestVote(1046)) - 19f7afb5-3674-4b31-b368-bacfe26f5f53@group-4BA9D62E3729: receive requestVote(ELECTION, 94699813-60c4-4d79-967a-f363ce32bd3e, group-4BA9D62E3729, 1, (t:0, i:0))
2022-05-15 13:42:57,820 [grpc-default-executor-0] INFO  impl.VoteContext (VoteContext.java:log(48)) - 19f7afb5-3674-4b31-b368-bacfe26f5f53@group-4BA9D62E3729-FOLLOWER: accept ELECTION from 94699813-60c4-4d79-967a-f363ce32bd3e: our priority 0 <= candidate's priority 1
2022-05-15 13:42:57,820 [grpc-default-executor-0] INFO  server.RaftServer$Division (RaftServerImpl.java:setRole(290)) - 19f7afb5-3674-4b31-b368-bacfe26f5f53@group-4BA9D62E3729: changes role from  FOLLOWER to FOLLOWER at term 1 for candidate:94699813-60c4-4d79-967a-f363ce32bd3e
2022-05-15 13:42:57,820 [grpc-default-executor-0] INFO  impl.RoleInfo (RoleInfo.java:shutdownFollowerState(108)) - 19f7afb5-3674-4b31-b368-bacfe26f5f53: shutdown 19f7afb5-3674-4b31-b368-bacfe26f5f53@group-4BA9D62E3729-FollowerState
2022-05-15 13:42:57,820 [grpc-default-executor-0] INFO  impl.RoleInfo (RoleInfo.java:updateAndGet(130)) - 19f7afb5-3674-4b31-b368-bacfe26f5f53: start 19f7afb5-3674-4b31-b368-bacfe26f5f53@group-4BA9D62E3729-FollowerState
2022-05-15 13:42:57,820 [19f7afb5-3674-4b31-b368-bacfe26f5f53@group-4BA9D62E3729-FollowerState] INFO  impl.FollowerState (FollowerState.java:run(143)) - 19f7afb5-3674-4b31-b368-bacfe26f5f53@group-4BA9D62E3729-FollowerState was interrupted: {}
java.lang.InterruptedException: sleep interrupted
	at java.lang.Thread.sleep(Native Method)
	at java.lang.Thread.sleep(Thread.java:342)
	at java.util.concurrent.TimeUnit.sleep(TimeUnit.java:386)
	at org.apache.ratis.util.TimeDuration.sleep(TimeDuration.java:324)
	at org.apache.ratis.util.TimeDuration.sleep(TimeDuration.java:309)
	at org.apache.ratis.server.impl.FollowerState.run(FollowerState.java:118)
2022-05-15 13:42:57,834 [grpc-default-executor-0] INFO  server.RaftServer$Division (RaftServerImpl.java:requestVote(1078)) - 19f7afb5-3674-4b31-b368-bacfe26f5f53@group-4BA9D62E3729 replies to ELECTION vote request: 94699813-60c4-4d79-967a-f363ce32bd3e<-19f7afb5-3674-4b31-b368-bacfe26f5f53#0:OK-t1. Peer's state: 19f7afb5-3674-4b31-b368-bacfe26f5f53@group-4BA9D62E3729:t1, leader=null, voted=94699813-60c4-4d79-967a-f363ce32bd3e, raftlog=19f7afb5-3674-4b31-b368-bacfe26f5f53@group-4BA9D62E3729-SegmentedRaftLog:OPENED:c-1, conf=-1: [94699813-60c4-4d79-967a-f363ce32bd3e|rpc:10.1.0.20:41971|dataStream:|priority:1, 19f7afb5-3674-4b31-b368-bacfe26f5f53|rpc:10.1.0.20:38475|dataStream:|priority:0, 7eb4ec08-9634-460b-95c0-6bd60621f433|rpc:10.1.0.20:36861|dataStream:|priority:0], old=null
2022-05-15 13:42:57,836 [94699813-60c4-4d79-967a-f363ce32bd3e@group-4BA9D62E3729-LeaderElection66] INFO  impl.LeaderElection (LeaderElection.java:logAndReturn(89)) - 94699813-60c4-4d79-967a-f363ce32bd3e@group-4BA9D62E3729-LeaderElection66: ELECTION PASSED received 1 response(s) and 0 exception(s):
2022-05-15 13:42:57,836 [94699813-60c4-4d79-967a-f363ce32bd3e@group-4BA9D62E3729-LeaderElection66] INFO  impl.LeaderElection (LeaderElection.java:logAndReturn(93)) -   Response 0: 94699813-60c4-4d79-967a-f363ce32bd3e<-19f7afb5-3674-4b31-b368-bacfe26f5f53#0:OK-t1
2022-05-15 13:42:57,836 [94699813-60c4-4d79-967a-f363ce32bd3e@group-4BA9D62E3729-LeaderElection66] INFO  impl.LeaderElection (LeaderElection.java:askForVotes(308)) - 94699813-60c4-4d79-967a-f363ce32bd3e@group-4BA9D62E3729-LeaderElection66 ELECTION round 0: result PASSED
2022-05-15 13:42:57,836 [94699813-60c4-4d79-967a-f363ce32bd3e@group-4BA9D62E3729-LeaderElection66] INFO  impl.RoleInfo (RoleInfo.java:shutdownLeaderElection(121)) - 94699813-60c4-4d79-967a-f363ce32bd3e: shutdown 94699813-60c4-4d79-967a-f363ce32bd3e@group-4BA9D62E3729-LeaderElection66
2022-05-15 13:42:57,836 [94699813-60c4-4d79-967a-f363ce32bd3e@group-4BA9D62E3729-LeaderElection66] INFO  server.RaftServer$Division (RaftServerImpl.java:setRole(290)) - 94699813-60c4-4d79-967a-f363ce32bd3e@group-4BA9D62E3729: changes role from CANDIDATE to LEADER at term 1 for changeToLeader
2022-05-15 13:42:57,836 [94699813-60c4-4d79-967a-f363ce32bd3e@group-4BA9D62E3729-LeaderElection66] INFO  ratis.XceiverServerRatis (XceiverServerRatis.java:handleLeaderChangedNotification(863)) - Leader change notification received for group: group-4BA9D62E3729 with new leaderId: 94699813-60c4-4d79-967a-f363ce32bd3e
2022-05-15 13:42:57,836 [94699813-60c4-4d79-967a-f363ce32bd3e@group-4BA9D62E3729-LeaderElection66] INFO  server.RaftServer$Division (ServerState.java:setLeader(285)) - 94699813-60c4-4d79-967a-f363ce32bd3e@group-4BA9D62E3729: change Leader from null to 94699813-60c4-4d79-967a-f363ce32bd3e at term 1 for becomeLeader, leader elected after 5249ms
2022-05-15 13:42:57,836 [94699813-60c4-4d79-967a-f363ce32bd3e@group-4BA9D62E3729-LeaderElection66] INFO  server.RaftServerConfigKeys (ConfUtils.java:logGet(44)) - raft.server.staging.catchup.gap = 1000 (default)
2022-05-15 13:42:57,836 [94699813-60c4-4d79-967a-f363ce32bd3e@group-4BA9D62E3729-LeaderElection66] INFO  server.RaftServerConfigKeys (ConfUtils.java:logGet(44)) - raft.server.write.element-limit = 1024 (custom)
2022-05-15 13:42:57,836 [94699813-60c4-4d79-967a-f363ce32bd3e@group-4BA9D62E3729-LeaderElection66] INFO  server.RaftServerConfigKeys (ConfUtils.java:logGet(44)) - raft.server.write.byte-limit = 1024 M (=1073741824) (custom)
2022-05-15 13:42:57,837 [94699813-60c4-4d79-967a-f363ce32bd3e@group-4BA9D62E3729-LeaderElection66] INFO  server.RaftServerConfigKeys (ConfUtils.java:logGet(44)) - raft.server.watch.timeout = 180s (custom)
2022-05-15 13:42:57,837 [94699813-60c4-4d79-967a-f363ce32bd3e@group-4BA9D62E3729-LeaderElection66] INFO  server.RaftServerConfigKeys (ConfUtils.java:logGet(44)) - raft.server.watch.timeout.denomination = 1s (default)
2022-05-15 13:42:57,837 [94699813-60c4-4d79-967a-f363ce32bd3e@group-4BA9D62E3729-LeaderElection66] INFO  server.RaftServerConfigKeys (ConfUtils.java:logGet(44)) - raft.server.watch.element-limit = 65536 (default)
2022-05-15 13:42:57,837 [94699813-60c4-4d79-967a-f363ce32bd3e@group-4BA9D62E3729-LeaderElection66] INFO  server.RaftServerConfigKeys (ConfUtils.java:logGet(44)) - raft.server.write.element-limit = 1024 (custom)
2022-05-15 13:42:57,837 [94699813-60c4-4d79-967a-f363ce32bd3e@group-4BA9D62E3729-LeaderElection66] INFO  server.RaftServerConfigKeys (ConfUtils.java:logGet(44)) - raft.server.write.follower.gap.ratio.max = -1.0 (default)
2022-05-15 13:42:57,837 [94699813-60c4-4d79-967a-f363ce32bd3e@group-4BA9D62E3729-LeaderElection66] INFO  server.RaftServerConfigKeys (ConfUtils.java:logGet(44)) - raft.server.log.appender.snapshot.chunk.size.max = 16MB (=16777216) (default)
2022-05-15 13:42:57,837 [94699813-60c4-4d79-967a-f363ce32bd3e@group-4BA9D62E3729-LeaderElection66] INFO  server.RaftServerConfigKeys (ConfUtils.java:logGet(44)) - raft.server.log.appender.buffer.byte-limit = 33554432 (custom)
2022-05-15 13:42:57,837 [94699813-60c4-4d79-967a-f363ce32bd3e@group-4BA9D62E3729-LeaderElection66] INFO  server.RaftServerConfigKeys (ConfUtils.java:logGet(44)) - raft.server.log.appender.buffer.element-limit = 1 (custom)
2022-05-15 13:42:57,837 [94699813-60c4-4d79-967a-f363ce32bd3e@group-4BA9D62E3729-LeaderElection66] INFO  grpc.GrpcConfigKeys (ConfUtils.java:logGet(44)) - raft.grpc.server.leader.outstanding.appends.max = 128 (default)
2022-05-15 13:42:57,837 [94699813-60c4-4d79-967a-f363ce32bd3e@group-4BA9D62E3729-LeaderElection66] INFO  server.RaftServerConfigKeys (ConfUtils.java:logGet(44)) - raft.server.rpc.request.timeout = 60s (custom)
2022-05-15 13:42:57,837 [94699813-60c4-4d79-967a-f363ce32bd3e@group-4BA9D62E3729-LeaderElection66] INFO  server.RaftServerConfigKeys (ConfUtils.java:logGet(44)) - raft.server.log.appender.install.snapshot.enabled = false (custom)
2022-05-15 13:42:57,838 [94699813-60c4-4d79-967a-f363ce32bd3e@group-4BA9D62E3729-LeaderElection66] INFO  server.RaftServerConfigKeys (ConfUtils.java:logGet(44)) - raft.server.log.appender.snapshot.chunk.size.max = 16MB (=16777216) (default)
2022-05-15 13:42:57,838 [94699813-60c4-4d79-967a-f363ce32bd3e@group-4BA9D62E3729-LeaderElection66] INFO  server.RaftServerConfigKeys (ConfUtils.java:logGet(44)) - raft.server.log.appender.buffer.byte-limit = 33554432 (custom)
2022-05-15 13:42:57,838 [94699813-60c4-4d79-967a-f363ce32bd3e@group-4BA9D62E3729-LeaderElection66] INFO  server.RaftServerConfigKeys (ConfUtils.java:logGet(44)) - raft.server.log.appender.buffer.element-limit = 1 (custom)
2022-05-15 13:42:57,838 [94699813-60c4-4d79-967a-f363ce32bd3e@group-4BA9D62E3729-LeaderElection66] INFO  grpc.GrpcConfigKeys (ConfUtils.java:logGet(44)) - raft.grpc.server.leader.outstanding.appends.max = 128 (default)
2022-05-15 13:42:57,839 [EventQueue-PipelineReportForPipelineReportHandler] INFO  pipeline.PipelineManagerImpl (PipelineManagerImpl.java:openPipeline(336)) - Pipeline Pipeline[ Id: 67bfdcc1-e7fe-4427-b74e-4ba9d62e3729, Nodes: 7eb4ec08-9634-460b-95c0-6bd60621f433{ip: 10.1.0.20, host: fv-az40-973.r1qzdtoifymehf5jtx2d0vwyfg.bx.internal.cloudapp.net, ports: [REPLICATION=37171, RATIS=36861, RATIS_ADMIN=36861, RATIS_SERVER=36861, STANDALONE=42543], networkLocation: /default-rack, certSerialId: null, persistedOpState: IN_SERVICE, persistedOpStateExpiryEpochSec: 0}19f7afb5-3674-4b31-b368-bacfe26f5f53{ip: 10.1.0.20, host: fv-az40-973.r1qzdtoifymehf5jtx2d0vwyfg.bx.internal.cloudapp.net, ports: [REPLICATION=36599, RATIS=38475, RATIS_ADMIN=38475, RATIS_SERVER=38475, STANDALONE=38529], networkLocation: /default-rack, certSerialId: null, persistedOpState: IN_SERVICE, persistedOpStateExpiryEpochSec: 0}94699813-60c4-4d79-967a-f363ce32bd3e{ip: 10.1.0.20, host: fv-az40-973.r1qzdtoifymehf5jtx2d0vwyfg.bx.internal.cloudapp.net, ports: [REPLICATION=42207, RATIS=41971, RATIS_ADMIN=41971, RATIS_SERVER=41971, STANDALONE=35563], networkLocation: /default-rack, certSerialId: null, persistedOpState: IN_SERVICE, persistedOpStateExpiryEpochSec: 0}, ReplicationConfig: RATIS/THREE, State:ALLOCATED, leaderId:94699813-60c4-4d79-967a-f363ce32bd3e, CreationTimestamp2022-05-15T13:42:51.700Z[Etc/UTC]] moved to OPEN state
2022-05-15 13:42:57,843 [EventQueue-OpenPipelineForHealthyPipelineSafeModeRule] INFO  safemode.SCMSafeModeManager (HealthyPipelineSafeModeRule.java:process(124)) - SCM in safe mode. Healthy pipelines reported count is 1, required healthy pipeline reported count is 1
2022-05-15 13:42:57,843 [94699813-60c4-4d79-967a-f363ce32bd3e@group-4BA9D62E3729-LeaderElection66] INFO  server.RaftServerConfigKeys (ConfUtils.java:logGet(44)) - raft.server.rpc.request.timeout = 60s (custom)
2022-05-15 13:42:57,843 [EventQueue-OpenPipelineForHealthyPipelineSafeModeRule] INFO  safemode.SCMSafeModeManager (SCMSafeModeManager.java:validateSafeModeExitRules(204)) - HealthyPipelineSafeModeRule rule is successfully validated
2022-05-15 13:42:57,843 [EventQueue-OpenPipelineForHealthyPipelineSafeModeRule] INFO  safemode.SCMSafeModeManager (SCMSafeModeManager.java:validateSafeModeExitRules(219)) - ScmSafeModeManager, all rules are successfully validated
2022-05-15 13:42:57,843 [EventQueue-OpenPipelineForHealthyPipelineSafeModeRule] INFO  safemode.SCMSafeModeManager (SCMSafeModeManager.java:exitSafeMode(248)) - SCM exiting safe mode.
2022-05-15 13:42:57,843 [EventQueue-OpenPipelineForHealthyPipelineSafeModeRule] WARN  events.EventQueue (EventQueue.java:fireEvent(194)) - No event handler registered for event TypedEvent{payloadType=SafeModeStatus, name='Safe mode status'}
2022-05-15 13:42:57,843 [EventQueue-OpenPipelineForHealthyPipelineSafeModeRule] INFO  ha.SCMContext (SCMContext.java:updateSafeModeStatus(211)) - Update SafeModeStatus from SafeModeStatus{safeModeStatus=true, preCheckPassed=true} to SafeModeStatus{safeModeStatus=false, preCheckPassed=true}.
2022-05-15 13:42:57,843 [EventQueue-OpenPipelineForHealthyPipelineSafeModeRule] INFO  pipeline.BackgroundPipelineCreator (BackgroundPipelineCreator.java:notifyStatusChanged(251)) - Service BackgroundPipelineCreator transitions to RUNNING.
2022-05-15 13:42:57,843 [EventQueue-OpenPipelineForHealthyPipelineSafeModeRule] INFO  pipeline.BackgroundPipelineScrubber (BackgroundPipelineScrubber.java:notifyStatusChanged(88)) - Service BackgroundPipelineScrubber transitions to RUNNING.
2022-05-15 13:42:57,843 [EventQueue-OpenPipelineForHealthyPipelineSafeModeRule] INFO  replication.ReplicationManager (ReplicationManager.java:notifyStatusChanged(369)) - Service ReplicationManager transitions to RUNNING.
2022-05-15 13:42:57,843 [94699813-60c4-4d79-967a-f363ce32bd3e@group-4BA9D62E3729-LeaderElection66] INFO  server.RaftServerConfigKeys (ConfUtils.java:logGet(44)) - raft.server.log.appender.install.snapshot.enabled = false (custom)
2022-05-15 13:42:57,847 [94699813-60c4-4d79-967a-f363ce32bd3e@group-4BA9D62E3729-LeaderElection66] INFO  impl.RoleInfo (RoleInfo.java:updateAndGet(130)) - 94699813-60c4-4d79-967a-f363ce32bd3e: start 94699813-60c4-4d79-967a-f363ce32bd3e@group-4BA9D62E3729-LeaderStateImpl
2022-05-15 13:42:57,847 [94699813-60c4-4d79-967a-f363ce32bd3e@group-4BA9D62E3729-LeaderElection66] INFO  segmented.SegmentedRaftLogWorker (SegmentedRaftLogWorker.java:startLogSegment(394)) - 94699813-60c4-4d79-967a-f363ce32bd3e@group-4BA9D62E3729-SegmentedRaftLogWorker: Starting segment from index:0
2022-05-15 13:42:57,850 [94699813-60c4-4d79-967a-f363ce32bd3e@group-4BA9D62E3729-SegmentedRaftLogWorker] INFO  segmented.SegmentedRaftLogWorker (SegmentedRaftLogWorker.java:execute(601)) - 94699813-60c4-4d79-967a-f363ce32bd3e@group-4BA9D62E3729-SegmentedRaftLogWorker: created new log segment /home/runner/work/ozone/ozone/hadoop-ozone/integration-test/target/test-dir/MiniOzoneClusterImpl-0cd62ba4-9e34-4333-8104-a5cbd1bd15a2/datanode-0/data/ratis/67bfdcc1-e7fe-4427-b74e-4ba9d62e3729/current/log_inprogress_0
2022-05-15 13:42:57,876 [grpc-default-executor-0] INFO  server.RaftServer$Division (RaftServerImpl.java:requestVote(1046)) - 7eb4ec08-9634-460b-95c0-6bd60621f433@group-4BA9D62E3729: receive requestVote(ELECTION, 94699813-60c4-4d79-967a-f363ce32bd3e, group-4BA9D62E3729, 1, (t:0, i:0))
2022-05-15 13:42:57,876 [grpc-default-executor-0] INFO  impl.VoteContext (VoteContext.java:log(48)) - 7eb4ec08-9634-460b-95c0-6bd60621f433@group-4BA9D62E3729-FOLLOWER: accept ELECTION from 94699813-60c4-4d79-967a-f363ce32bd3e: our priority 0 <= candidate's priority 1
2022-05-15 13:42:57,876 [grpc-default-executor-0] INFO  server.RaftServer$Division (RaftServerImpl.java:setRole(290)) - 7eb4ec08-9634-460b-95c0-6bd60621f433@group-4BA9D62E3729: changes role from  FOLLOWER to FOLLOWER at term 1 for candidate:94699813-60c4-4d79-967a-f363ce32bd3e
2022-05-15 13:42:57,877 [grpc-default-executor-0] INFO  impl.RoleInfo (RoleInfo.java:shutdownFollowerState(108)) - 7eb4ec08-9634-460b-95c0-6bd60621f433: shutdown 7eb4ec08-9634-460b-95c0-6bd60621f433@group-4BA9D62E3729-FollowerState
2022-05-15 13:42:57,899 [7eb4ec08-9634-460b-95c0-6bd60621f433@group-4BA9D62E3729-FollowerState] INFO  impl.FollowerState (FollowerState.java:run(143)) - 7eb4ec08-9634-460b-95c0-6bd60621f433@group-4BA9D62E3729-FollowerState was interrupted: {}
java.lang.InterruptedException: sleep interrupted
	at java.lang.Thread.sleep(Native Method)
	at java.lang.Thread.sleep(Thread.java:342)
	at java.util.concurrent.TimeUnit.sleep(TimeUnit.java:386)
	at org.apache.ratis.util.TimeDuration.sleep(TimeDuration.java:324)
	at org.apache.ratis.util.TimeDuration.sleep(TimeDuration.java:309)
	at org.apache.ratis.server.impl.FollowerState.run(FollowerState.java:118)
2022-05-15 13:42:57,903 [94699813-60c4-4d79-967a-f363ce32bd3e@group-4BA9D62E3729-LeaderElection66] INFO  server.RaftServer$Division (ServerState.java:setRaftConf(387)) - 94699813-60c4-4d79-967a-f363ce32bd3e@group-4BA9D62E3729: set configuration 0: [94699813-60c4-4d79-967a-f363ce32bd3e|rpc:10.1.0.20:41971|dataStream:|priority:1, 19f7afb5-3674-4b31-b368-bacfe26f5f53|rpc:10.1.0.20:38475|dataStream:|priority:0, 7eb4ec08-9634-460b-95c0-6bd60621f433|rpc:10.1.0.20:36861|dataStream:|priority:0], old=null
2022-05-15 13:42:57,899 [grpc-default-executor-0] INFO  impl.RoleInfo (RoleInfo.java:updateAndGet(130)) - 7eb4ec08-9634-460b-95c0-6bd60621f433: start 7eb4ec08-9634-460b-95c0-6bd60621f433@group-4BA9D62E3729-FollowerState
2022-05-15 13:42:57,910 [grpc-default-executor-0] INFO  server.RaftServer$Division (RaftServerImpl.java:requestVote(1078)) - 7eb4ec08-9634-460b-95c0-6bd60621f433@group-4BA9D62E3729 replies to ELECTION vote request: 94699813-60c4-4d79-967a-f363ce32bd3e<-7eb4ec08-9634-460b-95c0-6bd60621f433#0:OK-t1. Peer's state: 7eb4ec08-9634-460b-95c0-6bd60621f433@group-4BA9D62E3729:t1, leader=null, voted=94699813-60c4-4d79-967a-f363ce32bd3e, raftlog=7eb4ec08-9634-460b-95c0-6bd60621f433@group-4BA9D62E3729-SegmentedRaftLog:OPENED:c-1, conf=-1: [94699813-60c4-4d79-967a-f363ce32bd3e|rpc:10.1.0.20:41971|dataStream:|priority:1, 19f7afb5-3674-4b31-b368-bacfe26f5f53|rpc:10.1.0.20:38475|dataStream:|priority:0, 7eb4ec08-9634-460b-95c0-6bd60621f433|rpc:10.1.0.20:36861|dataStream:|priority:0], old=null
2022-05-15 13:42:57,930 [grpc-default-executor-1] INFO  ratis.XceiverServerRatis (XceiverServerRatis.java:handleLeaderChangedNotification(863)) - Leader change notification received for group: group-4BA9D62E3729 with new leaderId: 94699813-60c4-4d79-967a-f363ce32bd3e
2022-05-15 13:42:57,930 [grpc-default-executor-1] INFO  server.RaftServer$Division (ServerState.java:setLeader(285)) - 7eb4ec08-9634-460b-95c0-6bd60621f433@group-4BA9D62E3729: change Leader from null to 94699813-60c4-4d79-967a-f363ce32bd3e at term 1 for appendEntries, leader elected after 5211ms
2022-05-15 13:42:57,947 [grpc-default-executor-1] INFO  server.RaftServer$Division (ServerState.java:setRaftConf(387)) - 7eb4ec08-9634-460b-95c0-6bd60621f433@group-4BA9D62E3729: set configuration 0: [94699813-60c4-4d79-967a-f363ce32bd3e|rpc:10.1.0.20:41971|dataStream:|priority:1, 19f7afb5-3674-4b31-b368-bacfe26f5f53|rpc:10.1.0.20:38475|dataStream:|priority:0, 7eb4ec08-9634-460b-95c0-6bd60621f433|rpc:10.1.0.20:36861|dataStream:|priority:0], old=null
2022-05-15 13:42:57,947 [grpc-default-executor-1] INFO  segmented.SegmentedRaftLogWorker (SegmentedRaftLogWorker.java:startLogSegment(394)) - 7eb4ec08-9634-460b-95c0-6bd60621f433@group-4BA9D62E3729-SegmentedRaftLogWorker: Starting segment from index:0
2022-05-15 13:42:57,953 [grpc-default-executor-0] INFO  ratis.XceiverServerRatis (XceiverServerRatis.java:handleLeaderChangedNotification(863)) - Leader change notification received for group: group-4BA9D62E3729 with new leaderId: 94699813-60c4-4d79-967a-f363ce32bd3e
2022-05-15 13:42:57,953 [grpc-default-executor-0] INFO  server.RaftServer$Division (ServerState.java:setLeader(285)) - 19f7afb5-3674-4b31-b368-bacfe26f5f53@group-4BA9D62E3729: change Leader from null to 94699813-60c4-4d79-967a-f363ce32bd3e at term 1 for appendEntries, leader elected after 5021ms
2022-05-15 13:42:57,955 [7eb4ec08-9634-460b-95c0-6bd60621f433@group-4BA9D62E3729-SegmentedRaftLogWorker] INFO  segmented.SegmentedRaftLogWorker (SegmentedRaftLogWorker.java:execute(601)) - 7eb4ec08-9634-460b-95c0-6bd60621f433@group-4BA9D62E3729-SegmentedRaftLogWorker: created new log segment /home/runner/work/ozone/ozone/hadoop-ozone/integration-test/target/test-dir/MiniOzoneClusterImpl-0cd62ba4-9e34-4333-8104-a5cbd1bd15a2/datanode-1/data/ratis/67bfdcc1-e7fe-4427-b74e-4ba9d62e3729/current/log_inprogress_0
2022-05-15 13:42:57,987 [grpc-default-executor-0] INFO  server.RaftServer$Division (ServerState.java:setRaftConf(387)) - 19f7afb5-3674-4b31-b368-bacfe26f5f53@group-4BA9D62E3729: set configuration 0: [94699813-60c4-4d79-967a-f363ce32bd3e|rpc:10.1.0.20:41971|dataStream:|priority:1, 19f7afb5-3674-4b31-b368-bacfe26f5f53|rpc:10.1.0.20:38475|dataStream:|priority:0, 7eb4ec08-9634-460b-95c0-6bd60621f433|rpc:10.1.0.20:36861|dataStream:|priority:0], old=null
2022-05-15 13:42:57,987 [grpc-default-executor-0] INFO  segmented.SegmentedRaftLogWorker (SegmentedRaftLogWorker.java:startLogSegment(394)) - 19f7afb5-3674-4b31-b368-bacfe26f5f53@group-4BA9D62E3729-SegmentedRaftLogWorker: Starting segment from index:0
2022-05-15 13:42:57,992 [19f7afb5-3674-4b31-b368-bacfe26f5f53@group-4BA9D62E3729-SegmentedRaftLogWorker] INFO  segmented.SegmentedRaftLogWorker (SegmentedRaftLogWorker.java:execute(601)) - 19f7afb5-3674-4b31-b368-bacfe26f5f53@group-4BA9D62E3729-SegmentedRaftLogWorker: created new log segment /home/runner/work/ozone/ozone/hadoop-ozone/integration-test/target/test-dir/MiniOzoneClusterImpl-0cd62ba4-9e34-4333-8104-a5cbd1bd15a2/datanode-2/data/ratis/67bfdcc1-e7fe-4427-b74e-4ba9d62e3729/current/log_inprogress_0
2022-05-15 13:42:58,188 [94699813-60c4-4d79-967a-f363ce32bd3e@group-F8EB742A08C6-FollowerState] INFO  impl.FollowerState (FollowerState.java:run(134)) - 94699813-60c4-4d79-967a-f363ce32bd3e@group-F8EB742A08C6-FollowerState: change to CANDIDATE, lastRpcElapsedTime:5103818087ns, electionTimeout:5103ms
2022-05-15 13:42:58,189 [94699813-60c4-4d79-967a-f363ce32bd3e@group-F8EB742A08C6-FollowerState] INFO  impl.RoleInfo (RoleInfo.java:shutdownFollowerState(108)) - 94699813-60c4-4d79-967a-f363ce32bd3e: shutdown 94699813-60c4-4d79-967a-f363ce32bd3e@group-F8EB742A08C6-FollowerState
2022-05-15 13:42:58,189 [94699813-60c4-4d79-967a-f363ce32bd3e@group-F8EB742A08C6-FollowerState] INFO  server.RaftServer$Division (RaftServerImpl.java:setRole(290)) - 94699813-60c4-4d79-967a-f363ce32bd3e@group-F8EB742A08C6: changes role from  FOLLOWER to CANDIDATE at term 0 for changeToCandidate
2022-05-15 13:42:58,189 [94699813-60c4-4d79-967a-f363ce32bd3e@group-F8EB742A08C6-FollowerState] INFO  server.RaftServerConfigKeys (ConfUtils.java:logGet(44)) - raft.server.leaderelection.pre-vote = false (custom)
2022-05-15 13:42:58,189 [94699813-60c4-4d79-967a-f363ce32bd3e@group-F8EB742A08C6-FollowerState] INFO  impl.RoleInfo (RoleInfo.java:updateAndGet(130)) - 94699813-60c4-4d79-967a-f363ce32bd3e: start 94699813-60c4-4d79-967a-f363ce32bd3e@group-F8EB742A08C6-LeaderElection67
2022-05-15 13:42:58,216 [94699813-60c4-4d79-967a-f363ce32bd3e@group-F8EB742A08C6-LeaderElection67] INFO  impl.LeaderElection (LeaderElection.java:askForVotes(306)) - 94699813-60c4-4d79-967a-f363ce32bd3e@group-F8EB742A08C6-LeaderElection67 ELECTION round 0: submit vote requests at term 1 for -1: [94699813-60c4-4d79-967a-f363ce32bd3e|rpc:10.1.0.20:41971|priority:0, 19f7afb5-3674-4b31-b368-bacfe26f5f53|rpc:10.1.0.20:38475|priority:0, 7eb4ec08-9634-460b-95c0-6bd60621f433|rpc:10.1.0.20:36861|priority:1], old=null
2022-05-15 13:42:58,232 [grpc-default-executor-0] INFO  server.RaftServer$Division (RaftServerImpl.java:requestVote(1046)) - 19f7afb5-3674-4b31-b368-bacfe26f5f53@group-F8EB742A08C6: receive requestVote(ELECTION, 94699813-60c4-4d79-967a-f363ce32bd3e, group-F8EB742A08C6, 1, (t:0, i:0))
2022-05-15 13:42:58,233 [grpc-default-executor-0] INFO  impl.VoteContext (VoteContext.java:log(48)) - 19f7afb5-3674-4b31-b368-bacfe26f5f53@group-F8EB742A08C6-FOLLOWER: accept ELECTION from 94699813-60c4-4d79-967a-f363ce32bd3e: our priority 0 <= candidate's priority 0
2022-05-15 13:42:58,233 [grpc-default-executor-0] INFO  server.RaftServer$Division (RaftServerImpl.java:setRole(290)) - 19f7afb5-3674-4b31-b368-bacfe26f5f53@group-F8EB742A08C6: changes role from  FOLLOWER to FOLLOWER at term 1 for candidate:94699813-60c4-4d79-967a-f363ce32bd3e
2022-05-15 13:42:58,233 [grpc-default-executor-0] INFO  impl.RoleInfo (RoleInfo.java:shutdownFollowerState(108)) - 19f7afb5-3674-4b31-b368-bacfe26f5f53: shutdown 19f7afb5-3674-4b31-b368-bacfe26f5f53@group-F8EB742A08C6-FollowerState
2022-05-15 13:42:58,237 [7eb4ec08-9634-460b-95c0-6bd60621f433@group-F8EB742A08C6-FollowerState] INFO  impl.FollowerState (FollowerState.java:run(134)) - 7eb4ec08-9634-460b-95c0-6bd60621f433@group-F8EB742A08C6-FollowerState: change to CANDIDATE, lastRpcElapsedTime:5081116993ns, electionTimeout:5051ms
2022-05-15 13:42:58,237 [grpc-default-executor-0] INFO  impl.RoleInfo (RoleInfo.java:updateAndGet(130)) - 19f7afb5-3674-4b31-b368-bacfe26f5f53: start 19f7afb5-3674-4b31-b368-bacfe26f5f53@group-F8EB742A08C6-FollowerState
2022-05-15 13:42:58,237 [7eb4ec08-9634-460b-95c0-6bd60621f433@group-F8EB742A08C6-FollowerState] INFO  impl.RoleInfo (RoleInfo.java:shutdownFollowerState(108)) - 7eb4ec08-9634-460b-95c0-6bd60621f433: shutdown 7eb4ec08-9634-460b-95c0-6bd60621f433@group-F8EB742A08C6-FollowerState
2022-05-15 13:42:58,237 [7eb4ec08-9634-460b-95c0-6bd60621f433@group-F8EB742A08C6-FollowerState] INFO  server.RaftServer$Division (RaftServerImpl.java:setRole(290)) - 7eb4ec08-9634-460b-95c0-6bd60621f433@group-F8EB742A08C6: changes role from  FOLLOWER to CANDIDATE at term 0 for changeToCandidate
2022-05-15 13:42:58,241 [grpc-default-executor-1] INFO  server.RaftServer$Division (RaftServerImpl.java:requestVote(1046)) - 7eb4ec08-9634-460b-95c0-6bd60621f433@group-F8EB742A08C6: receive requestVote(ELECTION, 94699813-60c4-4d79-967a-f363ce32bd3e, group-F8EB742A08C6, 1, (t:0, i:0))
2022-05-15 13:42:58,243 [7eb4ec08-9634-460b-95c0-6bd60621f433@group-F8EB742A08C6-FollowerState] INFO  server.RaftServerConfigKeys (ConfUtils.java:logGet(44)) - raft.server.leaderelection.pre-vote = false (custom)
2022-05-15 13:42:58,243 [7eb4ec08-9634-460b-95c0-6bd60621f433@group-F8EB742A08C6-FollowerState] INFO  impl.RoleInfo (RoleInfo.java:updateAndGet(130)) - 7eb4ec08-9634-460b-95c0-6bd60621f433: start 7eb4ec08-9634-460b-95c0-6bd60621f433@group-F8EB742A08C6-LeaderElection68
2022-05-15 13:42:58,243 [grpc-default-executor-1] INFO  impl.VoteContext (VoteContext.java:log(48)) - 7eb4ec08-9634-460b-95c0-6bd60621f433@group-F8EB742A08C6-CANDIDATE: reject ELECTION from 94699813-60c4-4d79-967a-f363ce32bd3e: our priority 1 > candidate's priority 0
2022-05-15 13:42:58,243 [grpc-default-executor-1] INFO  server.RaftServer$Division (RaftServerImpl.java:setRole(290)) - 7eb4ec08-9634-460b-95c0-6bd60621f433@group-F8EB742A08C6: changes role from CANDIDATE to FOLLOWER at term 1 for candidate:94699813-60c4-4d79-967a-f363ce32bd3e
2022-05-15 13:42:58,243 [grpc-default-executor-1] INFO  impl.RoleInfo (RoleInfo.java:shutdownLeaderElection(121)) - 7eb4ec08-9634-460b-95c0-6bd60621f433: shutdown 7eb4ec08-9634-460b-95c0-6bd60621f433@group-F8EB742A08C6-LeaderElection68
2022-05-15 13:42:58,243 [grpc-default-executor-1] INFO  impl.RoleInfo (RoleInfo.java:updateAndGet(130)) - 7eb4ec08-9634-460b-95c0-6bd60621f433: start 7eb4ec08-9634-460b-95c0-6bd60621f433@group-F8EB742A08C6-FollowerState
2022-05-15 13:42:58,248 [grpc-default-executor-1] INFO  server.RaftServer$Division (RaftServerImpl.java:requestVote(1078)) - 7eb4ec08-9634-460b-95c0-6bd60621f433@group-F8EB742A08C6 replies to ELECTION vote request: 94699813-60c4-4d79-967a-f363ce32bd3e<-7eb4ec08-9634-460b-95c0-6bd60621f433#0:FAIL-t1. Peer's state: 7eb4ec08-9634-460b-95c0-6bd60621f433@group-F8EB742A08C6:t1, leader=null, voted=null, raftlog=7eb4ec08-9634-460b-95c0-6bd60621f433@group-F8EB742A08C6-SegmentedRaftLog:OPENED:c-1, conf=-1: [94699813-60c4-4d79-967a-f363ce32bd3e|rpc:10.1.0.20:41971|dataStream:|priority:0, 19f7afb5-3674-4b31-b368-bacfe26f5f53|rpc:10.1.0.20:38475|dataStream:|priority:0, 7eb4ec08-9634-460b-95c0-6bd60621f433|rpc:10.1.0.20:36861|dataStream:|priority:1], old=null
2022-05-15 13:42:58,251 [94699813-60c4-4d79-967a-f363ce32bd3e@group-F8EB742A08C6-LeaderElection67] INFO  impl.LeaderElection (LeaderElection.java:logAndReturn(89)) - 94699813-60c4-4d79-967a-f363ce32bd3e@group-F8EB742A08C6-LeaderElection67: ELECTION REJECTED received 1 response(s) and 0 exception(s):
2022-05-15 13:42:58,251 [94699813-60c4-4d79-967a-f363ce32bd3e@group-F8EB742A08C6-LeaderElection67] INFO  impl.LeaderElection (LeaderElection.java:logAndReturn(93)) -   Response 0: 94699813-60c4-4d79-967a-f363ce32bd3e<-7eb4ec08-9634-460b-95c0-6bd60621f433#0:FAIL-t1
2022-05-15 13:42:58,251 [94699813-60c4-4d79-967a-f363ce32bd3e@group-F8EB742A08C6-LeaderElection67] INFO  impl.LeaderElection (LeaderElection.java:askForVotes(308)) - 94699813-60c4-4d79-967a-f363ce32bd3e@group-F8EB742A08C6-LeaderElection67 ELECTION round 0: result REJECTED
2022-05-15 13:42:58,251 [94699813-60c4-4d79-967a-f363ce32bd3e@group-F8EB742A08C6-LeaderElection67] INFO  server.RaftServer$Division (RaftServerImpl.java:setRole(290)) - 94699813-60c4-4d79-967a-f363ce32bd3e@group-F8EB742A08C6: changes role from CANDIDATE to FOLLOWER at term 1 for REJECTED
2022-05-15 13:42:58,251 [94699813-60c4-4d79-967a-f363ce32bd3e@group-F8EB742A08C6-LeaderElection67] INFO  impl.RoleInfo (RoleInfo.java:shutdownLeaderElection(121)) - 94699813-60c4-4d79-967a-f363ce32bd3e: shutdown 94699813-60c4-4d79-967a-f363ce32bd3e@group-F8EB742A08C6-LeaderElection67
2022-05-15 13:42:58,251 [94699813-60c4-4d79-967a-f363ce32bd3e@group-F8EB742A08C6-LeaderElection67] INFO  impl.RoleInfo (RoleInfo.java:updateAndGet(130)) - 94699813-60c4-4d79-967a-f363ce32bd3e: start 94699813-60c4-4d79-967a-f363ce32bd3e@group-F8EB742A08C6-FollowerState
2022-05-15 13:42:58,254 [19f7afb5-3674-4b31-b368-bacfe26f5f53@group-F8EB742A08C6-FollowerState] INFO  impl.FollowerState (FollowerState.java:run(143)) - 19f7afb5-3674-4b31-b368-bacfe26f5f53@group-F8EB742A08C6-FollowerState was interrupted: {}
java.lang.InterruptedException: sleep interrupted
	at java.lang.Thread.sleep(Native Method)
	at java.lang.Thread.sleep(Thread.java:342)
	at java.util.concurrent.TimeUnit.sleep(TimeUnit.java:386)
	at org.apache.ratis.util.TimeDuration.sleep(TimeDuration.java:324)
	at org.apache.ratis.util.TimeDuration.sleep(TimeDuration.java:309)
	at org.apache.ratis.server.impl.FollowerState.run(FollowerState.java:118)
2022-05-15 13:42:58,258 [grpc-default-executor-0] INFO  server.RaftServer$Division (RaftServerImpl.java:requestVote(1078)) - 19f7afb5-3674-4b31-b368-bacfe26f5f53@group-F8EB742A08C6 replies to ELECTION vote request: 94699813-60c4-4d79-967a-f363ce32bd3e<-19f7afb5-3674-4b31-b368-bacfe26f5f53#0:OK-t1. Peer's state: 19f7afb5-3674-4b31-b368-bacfe26f5f53@group-F8EB742A08C6:t1, leader=null, voted=94699813-60c4-4d79-967a-f363ce32bd3e, raftlog=19f7afb5-3674-4b31-b368-bacfe26f5f53@group-F8EB742A08C6-SegmentedRaftLog:OPENED:c-1, conf=-1: [94699813-60c4-4d79-967a-f363ce32bd3e|rpc:10.1.0.20:41971|dataStream:|priority:0, 19f7afb5-3674-4b31-b368-bacfe26f5f53|rpc:10.1.0.20:38475|dataStream:|priority:0, 7eb4ec08-9634-460b-95c0-6bd60621f433|rpc:10.1.0.20:36861|dataStream:|priority:1], old=null
2022-05-15 13:42:58,617 [Listener at 127.0.0.1/34565] INFO  ozone.MiniOzoneClusterImpl (MiniOzoneClusterImpl.java:lambda$waitForClusterToBeReady$0(221)) - Nodes are ready. Got 3 of 3 DN Heartbeats.
2022-05-15 13:42:58,618 [Listener at 127.0.0.1/34565] INFO  ozone.MiniOzoneClusterImpl (MiniOzoneClusterImpl.java:lambda$waitForClusterToBeReady$0(224)) - Cluster exits safe mode
2022-05-15 13:42:58,618 [Listener at 127.0.0.1/34565] INFO  ozone.MiniOzoneClusterImpl (MiniOzoneClusterImpl.java:lambda$waitForClusterToBeReady$0(226)) - SCM became leader
]]></system-out>
    </rerunFailure>
    <rerunFailure type="java.lang.AssertionError">
      <stackTrace><![CDATA[java.lang.AssertionError
	at org.junit.Assert.fail(Assert.java:87)
	at org.junit.Assert.assertTrue(Assert.java:42)
	at org.junit.Assert.assertTrue(Assert.java:53)
	at org.apache.hadoop.hdds.scm.TestRatisPipelineLeader.testLeaderIdAfterLeaderChange(TestRatisPipelineLeader.java:119)
	at sun.reflect.NativeMethodAccessorImpl.invoke0(Native Method)
	at sun.reflect.NativeMethodAccessorImpl.invoke(NativeMethodAccessorImpl.java:62)
	at sun.reflect.DelegatingMethodAccessorImpl.invoke(DelegatingMethodAccessorImpl.java:43)
	at java.lang.reflect.Method.invoke(Method.java:498)
	at org.junit.platform.commons.util.ReflectionUtils.invokeMethod(ReflectionUtils.java:688)
	at org.junit.jupiter.engine.execution.MethodInvocation.proceed(MethodInvocation.java:60)
	at org.junit.jupiter.engine.execution.InvocationInterceptorChain$ValidatingInvocation.proceed(InvocationInterceptorChain.java:131)
	at org.junit.jupiter.engine.extension.TimeoutInvocation.proceed(TimeoutInvocation.java:46)
	at org.junit.jupiter.engine.extension.TimeoutExtension.intercept(TimeoutExtension.java:149)
	at org.junit.jupiter.engine.extension.TimeoutExtension.interceptTestableMethod(TimeoutExtension.java:140)
	at org.junit.jupiter.engine.extension.TimeoutExtension.interceptTestMethod(TimeoutExtension.java:84)
	at org.junit.jupiter.engine.execution.ExecutableInvoker$ReflectiveInterceptorCall.lambda$ofVoidMethod$0(ExecutableInvoker.java:115)
	at org.junit.jupiter.engine.execution.ExecutableInvoker.lambda$invoke$0(ExecutableInvoker.java:105)
	at org.junit.jupiter.engine.execution.InvocationInterceptorChain$InterceptedInvocation.proceed(InvocationInterceptorChain.java:106)
	at org.junit.jupiter.engine.execution.InvocationInterceptorChain.proceed(InvocationInterceptorChain.java:64)
	at org.junit.jupiter.engine.execution.InvocationInterceptorChain.chainAndInvoke(InvocationInterceptorChain.java:45)
	at org.junit.jupiter.engine.execution.InvocationInterceptorChain.invoke(InvocationInterceptorChain.java:37)
	at org.junit.jupiter.engine.execution.ExecutableInvoker.invoke(ExecutableInvoker.java:104)
	at org.junit.jupiter.engine.execution.ExecutableInvoker.invoke(ExecutableInvoker.java:98)
	at org.junit.jupiter.engine.descriptor.TestMethodTestDescriptor.lambda$invokeTestMethod$6(TestMethodTestDescriptor.java:210)
	at org.junit.platform.engine.support.hierarchical.ThrowableCollector.execute(ThrowableCollector.java:73)
	at org.junit.jupiter.engine.descriptor.TestMethodTestDescriptor.invokeTestMethod(TestMethodTestDescriptor.java:206)
	at org.junit.jupiter.engine.descriptor.TestMethodTestDescriptor.execute(TestMethodTestDescriptor.java:131)
	at org.junit.jupiter.engine.descriptor.TestMethodTestDescriptor.execute(TestMethodTestDescriptor.java:65)
	at org.junit.platform.engine.support.hierarchical.NodeTestTask.lambda$executeRecursively$5(NodeTestTask.java:139)
	at org.junit.platform.engine.support.hierarchical.ThrowableCollector.execute(ThrowableCollector.java:73)
	at org.junit.platform.engine.support.hierarchical.NodeTestTask.lambda$executeRecursively$7(NodeTestTask.java:129)
	at org.junit.platform.engine.support.hierarchical.Node.around(Node.java:137)
	at org.junit.platform.engine.support.hierarchical.NodeTestTask.lambda$executeRecursively$8(NodeTestTask.java:127)
	at org.junit.platform.engine.support.hierarchical.ThrowableCollector.execute(ThrowableCollector.java:73)
	at org.junit.platform.engine.support.hierarchical.NodeTestTask.executeRecursively(NodeTestTask.java:126)
	at org.junit.platform.engine.support.hierarchical.NodeTestTask.execute(NodeTestTask.java:84)
	at java.util.ArrayList.forEach(ArrayList.java:1259)
	at org.junit.platform.engine.support.hierarchical.SameThreadHierarchicalTestExecutorService.invokeAll(SameThreadHierarchicalTestExecutorService.java:38)
	at org.junit.platform.engine.support.hierarchical.NodeTestTask.lambda$executeRecursively$5(NodeTestTask.java:143)
	at org.junit.platform.engine.support.hierarchical.ThrowableCollector.execute(ThrowableCollector.java:73)
	at org.junit.platform.engine.support.hierarchical.NodeTestTask.lambda$executeRecursively$7(NodeTestTask.java:129)
	at org.junit.platform.engine.support.hierarchical.Node.around(Node.java:137)
	at org.junit.platform.engine.support.hierarchical.NodeTestTask.lambda$executeRecursively$8(NodeTestTask.java:127)
	at org.junit.platform.engine.support.hierarchical.ThrowableCollector.execute(ThrowableCollector.java:73)
	at org.junit.platform.engine.support.hierarchical.NodeTestTask.executeRecursively(NodeTestTask.java:126)
	at org.junit.platform.engine.support.hierarchical.NodeTestTask.execute(NodeTestTask.java:84)
	at java.util.ArrayList.forEach(ArrayList.java:1259)
	at org.junit.platform.engine.support.hierarchical.SameThreadHierarchicalTestExecutorService.invokeAll(SameThreadHierarchicalTestExecutorService.java:38)
	at org.junit.platform.engine.support.hierarchical.NodeTestTask.lambda$executeRecursively$5(NodeTestTask.java:143)
	at org.junit.platform.engine.support.hierarchical.ThrowableCollector.execute(ThrowableCollector.java:73)
	at org.junit.platform.engine.support.hierarchical.NodeTestTask.lambda$executeRecursively$7(NodeTestTask.java:129)
	at org.junit.platform.engine.support.hierarchical.Node.around(Node.java:137)
	at org.junit.platform.engine.support.hierarchical.NodeTestTask.lambda$executeRecursively$8(NodeTestTask.java:127)
	at org.junit.platform.engine.support.hierarchical.ThrowableCollector.execute(ThrowableCollector.java:73)
	at org.junit.platform.engine.support.hierarchical.NodeTestTask.executeRecursively(NodeTestTask.java:126)
	at org.junit.platform.engine.support.hierarchical.NodeTestTask.execute(NodeTestTask.java:84)
	at org.junit.platform.engine.support.hierarchical.SameThreadHierarchicalTestExecutorService.submit(SameThreadHierarchicalTestExecutorService.java:32)
	at org.junit.platform.engine.support.hierarchical.HierarchicalTestExecutor.execute(HierarchicalTestExecutor.java:57)
	at org.junit.platform.engine.support.hierarchical.HierarchicalTestEngine.execute(HierarchicalTestEngine.java:51)
	at org.junit.platform.launcher.core.EngineExecutionOrchestrator.execute(EngineExecutionOrchestrator.java:108)
	at org.junit.platform.launcher.core.EngineExecutionOrchestrator.execute(EngineExecutionOrchestrator.java:88)
	at org.junit.platform.launcher.core.EngineExecutionOrchestrator.lambda$execute$0(EngineExecutionOrchestrator.java:54)
	at org.junit.platform.launcher.core.EngineExecutionOrchestrator.withInterceptedStreams(EngineExecutionOrchestrator.java:67)
	at org.junit.platform.launcher.core.EngineExecutionOrchestrator.execute(EngineExecutionOrchestrator.java:52)
	at org.junit.platform.launcher.core.DefaultLauncher.execute(DefaultLauncher.java:96)
	at org.junit.platform.launcher.core.DefaultLauncher.execute(DefaultLauncher.java:75)
	at org.apache.maven.surefire.junitplatform.JUnitPlatformProvider.invokeAllTests(JUnitPlatformProvider.java:165)
	at org.apache.maven.surefire.junitplatform.JUnitPlatformProvider.invoke(JUnitPlatformProvider.java:124)
	at org.apache.maven.surefire.booter.ForkedBooter.runSuitesInProcess(ForkedBooter.java:428)
	at org.apache.maven.surefire.booter.ForkedBooter.execute(ForkedBooter.java:162)
	at org.apache.maven.surefire.booter.ForkedBooter.run(ForkedBooter.java:562)
	at org.apache.maven.surefire.booter.ForkedBooter.main(ForkedBooter.java:548)
]]></stackTrace>
      <system-out><![CDATA[2022-05-15 13:43:19,769 [Listener at 127.0.0.1/34565] WARN  server.ServerUtils (ServerUtils.java:getScmDbDir(148)) - ozone.scm.db.dirs is not configured. We recommend adding this setting. Falling back to ozone.metadata.dirs instead.
2022-05-15 13:43:19,776 [Listener at 127.0.0.1/34565] INFO  ha.SCMHANodeDetails (SCMHANodeDetails.java:loadSCMHAConfig(160)) - ServiceID for StorageContainerManager is null
2022-05-15 13:43:19,777 [Listener at 127.0.0.1/34565] INFO  ha.SCMHANodeDetails (SCMHANodeDetails.java:loadSCMHAConfig(165)) - ozone.scm.default.service.id is not defined, falling back to ozone.scm.service.ids to find serviceID for StorageContainerManager if it is HA enabled cluster
2022-05-15 13:43:19,777 [Listener at 127.0.0.1/34565] WARN  server.ServerUtils (ServerUtils.java:getScmDbDir(148)) - ozone.scm.db.dirs is not configured. We recommend adding this setting. Falling back to ozone.metadata.dirs instead.
2022-05-15 13:43:19,777 [Listener at 127.0.0.1/34565] INFO  upgrade.AbstractLayoutVersionManager (AbstractLayoutVersionManager.java:init(79)) - Initializing Layout version manager with metadata layout = ERASURE_CODED_STORAGE_SUPPORT (version = 3), software layout = ERASURE_CODED_STORAGE_SUPPORT (version = 3)
2022-05-15 13:43:19,839 [Listener at 127.0.0.1/34565] INFO  reflections.Reflections (Reflections.java:scan(232)) - Reflections took 61 ms to scan 7 urls, producing 126 keys and 289 values 
2022-05-15 13:43:19,867 [Listener at 127.0.0.1/34565] WARN  utils.HAUtils (HAUtils.java:getMetaDir(342)) - ozone.scm.db.dirs is not configured. We recommend adding this setting. Falling back to ozone.metadata.dirs instead.
2022-05-15 13:43:19,868 [Listener at 127.0.0.1/34565] WARN  db.DBStoreBuilder (DBStoreBuilder.java:applyDBDefinition(145)) - ozone.scm.db.dirs is not configured. We recommend adding this setting. Falling back to ozone.metadata.dirs instead.
2022-05-15 13:43:20,227 [Listener at 127.0.0.1/34565] INFO  net.NodeSchemaLoader (NodeSchemaLoader.java:loadSchemaFromFile(129)) - Loading schema from [jar:file:/home/runner/.m2/repository/org/apache/ozone/hdds-common/1.3.0-SNAPSHOT/hdds-common-1.3.0-SNAPSHOT.jar!/network-topology-default.xml]
2022-05-15 13:43:20,227 [Listener at 127.0.0.1/34565] INFO  net.NodeSchemaLoader (NodeSchemaLoader.java:loadSchema(176)) - Loading network topology layer schema file
2022-05-15 13:43:20,231 [Listener at 127.0.0.1/34565] INFO  ha.SequenceIdGenerator (SequenceIdGenerator.java:upgradeToSequenceId(347)) - upgrade localId to 109611004723200000
2022-05-15 13:43:20,231 [Listener at 127.0.0.1/34565] INFO  ha.SequenceIdGenerator (SequenceIdGenerator.java:upgradeToSequenceId(357)) - upgrade delTxnId to 0
2022-05-15 13:43:20,231 [Listener at 127.0.0.1/34565] INFO  ha.SequenceIdGenerator (SequenceIdGenerator.java:upgradeToSequenceId(371)) - upgrade containerId to 0
2022-05-15 13:43:20,231 [Listener at 127.0.0.1/34565] INFO  ha.SequenceIdGenerator (SequenceIdGenerator.java:<init>(218)) - Init the HA SequenceIdGenerator.
2022-05-15 13:43:20,262 [Listener at 127.0.0.1/34565] WARN  server.ServerUtils (ServerUtils.java:sanitizeUserArgs(73)) - ozone.scm.stale.node.interval value = 300000 is larger than max = 100000 based on the key value of ozone.scm.heartbeat.thread.interval, reset to the max value 100000.
2022-05-15 13:43:20,262 [Listener at 127.0.0.1/34565] WARN  server.ServerUtils (ServerUtils.java:sanitizeUserArgs(73)) - ozone.scm.stale.node.interval value = 300000 is larger than max = 100000 based on the key value of ozone.scm.heartbeat.thread.interval, reset to the max value 100000.
2022-05-15 13:43:20,267 [Listener at 127.0.0.1/34565] INFO  node.SCMNodeManager (SCMNodeManager.java:<init>(148)) - Entering startup safe mode.
2022-05-15 13:43:20,268 [Listener at 127.0.0.1/34565] INFO  algorithms.ContainerPlacementPolicyFactory (ContainerPlacementPolicyFactory.java:getPolicyInternal(86)) - Create container placement policy of type org.apache.hadoop.hdds.scm.container.placement.algorithms.SCMContainerPlacementRandom
2022-05-15 13:43:20,268 [Listener at 127.0.0.1/34565] INFO  pipeline.PipelineStateManagerImpl (PipelineStateManagerImpl.java:initialize(78)) - No pipeline exists in current db
2022-05-15 13:43:20,268 [Listener at 127.0.0.1/34565] INFO  algorithms.LeaderChoosePolicyFactory (LeaderChoosePolicyFactory.java:getPolicy(57)) - Create leader choose policy of type org.apache.hadoop.hdds.scm.pipeline.leader.choose.algorithms.MinLeaderCountChoosePolicy
2022-05-15 13:43:20,268 [Listener at 127.0.0.1/34565] INFO  algorithms.ContainerPlacementPolicyFactory (ContainerPlacementPolicyFactory.java:getPolicyInternal(86)) - Create container placement policy of type org.apache.hadoop.hdds.scm.container.placement.algorithms.SCMContainerPlacementRackScatter
2022-05-15 13:43:20,268 [Listener at 127.0.0.1/34565] INFO  pipeline.BackgroundPipelineCreator (BackgroundPipelineCreator.java:start(125)) - Starting RatisPipelineUtilsThread.
2022-05-15 13:43:20,270 [Listener at 127.0.0.1/34565] INFO  pipeline.BackgroundPipelineScrubber (BackgroundPipelineScrubber.java:start(126)) - Starting BackgroundPipelineScrubber Service.
2022-05-15 13:43:20,277 [Listener at 127.0.0.1/34565] INFO  ha.SCMServiceManager (SCMServiceManager.java:register(42)) - Registering service BackgroundPipelineCreator.
2022-05-15 13:43:20,277 [Listener at 127.0.0.1/34565] INFO  ha.SCMServiceManager (SCMServiceManager.java:register(42)) - Registering service BackgroundPipelineScrubber.
2022-05-15 13:43:20,278 [Listener at 127.0.0.1/34565] INFO  algorithms.PipelineChoosePolicyFactory (PipelineChoosePolicyFactory.java:createPipelineChoosePolicyFromClass(73)) - Create pipeline choose policy of type org.apache.hadoop.hdds.scm.pipeline.choose.algorithms.RandomPipelineChoosePolicy
2022-05-15 13:43:20,278 [Listener at 127.0.0.1/34565] INFO  ha.SCMServiceManager (SCMServiceManager.java:register(42)) - Registering service SCMBlockDeletingService.
2022-05-15 13:43:20,279 [Listener at 127.0.0.1/34565] INFO  ha.SCMServiceManager (SCMServiceManager.java:register(42)) - Registering service ReplicationManager.
2022-05-15 13:43:20,279 [Listener at 127.0.0.1/34565] INFO  replication.ReplicationManager (ReplicationManager.java:start(176)) - Starting Replication Monitor Thread.
2022-05-15 13:43:20,279 [Listener at 127.0.0.1/34565] INFO  safemode.ContainerSafeModeRule (ContainerSafeModeRule.java:<init>(89)) - containers with one replica threshold count 0
2022-05-15 13:43:20,279 [Listener at 127.0.0.1/34565] INFO  safemode.HealthyPipelineSafeModeRule (HealthyPipelineSafeModeRule.java:initializeRule(156)) - Total pipeline count is 0, healthy pipeline threshold count is 1
2022-05-15 13:43:20,280 [Listener at 127.0.0.1/34565] INFO  safemode.OneReplicaPipelineSafeModeRule (OneReplicaPipelineSafeModeRule.java:initializeRule(180)) - Total pipeline count is 0, pipeline's with at least one datanode reported threshold count is 0
2022-05-15 13:43:20,280 [Listener at 127.0.0.1/34565] INFO  ipc.CallQueueManager (CallQueueManager.java:<init>(90)) - Using callQueue: class java.util.concurrent.LinkedBlockingQueue, queueCapacity: 2000, scheduler: class org.apache.hadoop.ipc.DefaultRpcScheduler, ipcBackoff: false.
2022-05-15 13:43:20,281 [Socket Reader #1 for port 0] INFO  ipc.Server (Server.java:run(1265)) - Starting Socket Reader #1 for port 0
2022-05-15 13:43:20,282 [Listener at 0.0.0.0/45337] INFO  ipc.CallQueueManager (CallQueueManager.java:<init>(90)) - Using callQueue: class java.util.concurrent.LinkedBlockingQueue, queueCapacity: 2000, scheduler: class org.apache.hadoop.ipc.DefaultRpcScheduler, ipcBackoff: false.
2022-05-15 13:43:20,282 [Socket Reader #1 for port 0] INFO  ipc.Server (Server.java:run(1265)) - Starting Socket Reader #1 for port 0
2022-05-15 13:43:20,283 [Listener at 0.0.0.0/40249] INFO  ipc.CallQueueManager (CallQueueManager.java:<init>(90)) - Using callQueue: class java.util.concurrent.LinkedBlockingQueue, queueCapacity: 2000, scheduler: class org.apache.hadoop.ipc.DefaultRpcScheduler, ipcBackoff: false.
2022-05-15 13:43:20,284 [Socket Reader #1 for port 0] INFO  ipc.Server (Server.java:run(1265)) - Starting Socket Reader #1 for port 0
2022-05-15 13:43:20,291 [ReplicationMonitor] INFO  replication.ReplicationManager (ReplicationManager.java:processAll(225)) - Replication Manager is not ready to run until 3000ms after safemode exit
2022-05-15 13:43:20,382 [Listener at 0.0.0.0/38163] INFO  server.StorageContainerManager (StorageContainerManager.java:<init>(395)) - 
Container Balancer status:
Key                            Value
Running                        false
Container Balancer Configuration values:
Key                                                Value
Threshold                                          10
Max Datanodes to Involve per Iteration(percent)    20
Max Size to Move per Iteration                     500GB
Max Size Entering Target per Iteration             26GB
Max Size Leaving Source per Iteration              26GB

2022-05-15 13:43:20,382 [Listener at 0.0.0.0/38163] WARN  events.EventQueue (EventQueue.java:fireEvent(194)) - No event handler registered for event TypedEvent{payloadType=SafeModeStatus, name='Safe mode status'}
2022-05-15 13:43:20,382 [Listener at 0.0.0.0/38163] INFO  ha.SCMContext (SCMContext.java:updateSafeModeStatus(211)) - Update SafeModeStatus from SafeModeStatus{safeModeStatus=true, preCheckPassed=false} to SafeModeStatus{safeModeStatus=true, preCheckPassed=false}.
2022-05-15 13:43:20,383 [Listener at 0.0.0.0/38163] INFO  server.StorageContainerManager (StorageContainerManager.java:start(1347)) - StorageContainerLocationProtocol RPC server is listening at /0.0.0.0:38163
2022-05-15 13:43:20,385 [Listener at 0.0.0.0/38163] WARN  impl.MetricsConfig (MetricsConfig.java:loadFirst(136)) - Cannot locate configuration: tried hadoop-metrics2-storagecontainermanager.properties,hadoop-metrics2.properties
2022-05-15 13:43:20,395 [Listener at 0.0.0.0/38163] INFO  impl.MetricsSystemImpl (MetricsSystemImpl.java:startTimer(378)) - Scheduled Metric snapshot period at 10 second(s).
2022-05-15 13:43:20,395 [Listener at 0.0.0.0/38163] INFO  impl.MetricsSystemImpl (MetricsSystemImpl.java:start(191)) - StorageContainerManager metrics system started
2022-05-15 13:43:20,474 [Listener at 0.0.0.0/38163] INFO  impl.MetricsSinkAdapter (MetricsSinkAdapter.java:start(204)) - Sink prometheus started
2022-05-15 13:43:20,475 [Listener at 0.0.0.0/38163] INFO  impl.MetricsSystemImpl (MetricsSystemImpl.java:registerSink(305)) - Registered sink prometheus
2022-05-15 13:43:20,499 [Listener at 0.0.0.0/38163] INFO  server.SCMClientProtocolServer (SCMClientProtocolServer.java:start(169)) - RPC server for Client  is listening at /0.0.0.0:38163
2022-05-15 13:43:20,500 [IPC Server Responder] INFO  ipc.Server (Server.java:run(1507)) - IPC Server Responder: starting
2022-05-15 13:43:20,500 [IPC Server listener on 0] INFO  ipc.Server (Server.java:run(1344)) - IPC Server listener on 0: starting
2022-05-15 13:43:20,501 [Listener at 0.0.0.0/38163] INFO  server.StorageContainerManager (StorageContainerManager.java:start(1362)) - ScmBlockLocationProtocol RPC server is listening at /0.0.0.0:40249
2022-05-15 13:43:20,501 [Listener at 0.0.0.0/38163] INFO  server.SCMBlockProtocolServer (SCMBlockProtocolServer.java:start(151)) - RPC server for Block Protocol is listening at /0.0.0.0:40249
2022-05-15 13:43:20,502 [IPC Server Responder] INFO  ipc.Server (Server.java:run(1507)) - IPC Server Responder: starting
2022-05-15 13:43:20,502 [IPC Server listener on 0] INFO  ipc.Server (Server.java:run(1344)) - IPC Server listener on 0: starting
2022-05-15 13:43:20,735 [Listener at 0.0.0.0/38163] INFO  server.SCMDatanodeProtocolServer (SCMDatanodeProtocolServer.java:start(183)) - ScmDatanodeProtocol RPC server for DataNodes is listening at /0.0.0.0:45337
2022-05-15 13:43:20,736 [IPC Server Responder] INFO  ipc.Server (Server.java:run(1507)) - IPC Server Responder: starting
2022-05-15 13:43:20,750 [IPC Server listener on 0] INFO  ipc.Server (Server.java:run(1344)) - IPC Server listener on 0: starting
2022-05-15 13:43:20,795 [Listener at 0.0.0.0/38163] INFO  http.BaseHttpServer (BaseHttpServer.java:newHttpServer2BuilderForOzone(209)) - Starting Web-server for scm at: http://0.0.0.0:0
2022-05-15 13:43:20,795 [org.apache.hadoop.util.JvmPauseMonitor$Monitor@6e8fc7a3] INFO  util.JvmPauseMonitor (JvmPauseMonitor.java:run(188)) - Starting JVM pause monitor
2022-05-15 13:43:20,795 [Listener at 0.0.0.0/38163] INFO  http.BaseHttpServer (BaseHttpServer.java:<init>(107)) - Hadoop Security Enabled: false Ozone Security Enabled: false Ozone HTTP Security Enabled: false 
2022-05-15 13:43:20,796 [Listener at 0.0.0.0/38163] INFO  server.AuthenticationFilter (AuthenticationFilter.java:constructSecretProvider(240)) - Unable to initialize FileSignerSecretProvider, falling back to use random secrets.
2022-05-15 13:43:20,856 [Listener at 0.0.0.0/38163] WARN  http.HttpRequestLog (HttpRequestLog.java:getRequestLog(103)) - Jetty request log can only be enabled using Log4j
2022-05-15 13:43:20,857 [Listener at 0.0.0.0/38163] INFO  http.HttpServer2 (HttpServer2.java:addGlobalFilter(1030)) - Added global filter 'safety' (class=org.apache.hadoop.hdds.server.http.HttpServer2$QuotingInputFilter)
2022-05-15 13:43:20,858 [Listener at 0.0.0.0/38163] INFO  http.HttpServer2 (HttpServer2.java:addFilter(1006)) - Added filter static_user_filter (class=org.apache.hadoop.http.lib.StaticUserWebFilter$StaticUserFilter) to context scm
2022-05-15 13:43:20,858 [Listener at 0.0.0.0/38163] INFO  http.HttpServer2 (HttpServer2.java:addFilter(1014)) - Added filter static_user_filter (class=org.apache.hadoop.http.lib.StaticUserWebFilter$StaticUserFilter) to context logs
2022-05-15 13:43:20,858 [Listener at 0.0.0.0/38163] INFO  http.HttpServer2 (HttpServer2.java:addFilter(1014)) - Added filter static_user_filter (class=org.apache.hadoop.http.lib.StaticUserWebFilter$StaticUserFilter) to context static
2022-05-15 13:43:20,858 [Listener at 0.0.0.0/38163] INFO  http.HttpServer2 (HttpServer2.java:bindListener(1249)) - Jetty bound to port 36501
2022-05-15 13:43:20,859 [Listener at 0.0.0.0/38163] INFO  server.Server (Server.java:doStart(375)) - jetty-9.4.43.v20210629; built: 2021-06-30T11:07:22.254Z; git: 526006ecfa3af7f1a27ef3a288e2bef7ea9dd7e8; jvm 1.8.0_332-b09
2022-05-15 13:43:20,974 [Listener at 0.0.0.0/38163] INFO  server.session (DefaultSessionIdManager.java:doStart(334)) - DefaultSessionIdManager workerName=node0
2022-05-15 13:43:20,975 [Listener at 0.0.0.0/38163] INFO  server.session (DefaultSessionIdManager.java:doStart(339)) - No SessionScavenger set, using defaults
2022-05-15 13:43:20,975 [Listener at 0.0.0.0/38163] INFO  server.session (HouseKeeper.java:startScavenging(132)) - node0 Scavenging every 600000ms
2022-05-15 13:43:20,991 [Listener at 0.0.0.0/38163] INFO  handler.ContextHandler (ContextHandler.java:doStart(915)) - Started o.e.j.s.ServletContextHandler@161722eb{logs,/logs,file:///home/runner/work/ozone/ozone/hadoop-ozone/integration-test/target/log,AVAILABLE}
2022-05-15 13:43:20,991 [Listener at 0.0.0.0/38163] INFO  handler.ContextHandler (ContextHandler.java:doStart(915)) - Started o.e.j.s.ServletContextHandler@74c7ba2a{static,/static,file:///home/runner/work/ozone/ozone/hadoop-ozone/integration-test/target/test-classes/webapps/static,AVAILABLE}
2022-05-15 13:43:20,994 [Listener at 0.0.0.0/38163] INFO  handler.ContextHandler (ContextHandler.java:doStart(915)) - Started o.e.j.w.WebAppContext@37c34207{scm,/,file:///home/runner/work/ozone/ozone/hadoop-ozone/integration-test/target/test-classes/webapps/scm/,AVAILABLE}{file:/home/runner/work/ozone/ozone/hadoop-ozone/integration-test/target/test-classes/webapps/scm}
2022-05-15 13:43:21,007 [Listener at 0.0.0.0/38163] INFO  server.AbstractConnector (AbstractConnector.java:doStart(331)) - Started ServerConnector@48d1ff1c{HTTP/1.1, (http/1.1)}{0.0.0.0:36501}
2022-05-15 13:43:21,007 [Listener at 0.0.0.0/38163] INFO  server.Server (Server.java:doStart(415)) - Started @225121ms
2022-05-15 13:43:21,007 [Listener at 0.0.0.0/38163] WARN  impl.MetricsSystemImpl (MetricsSystemImpl.java:register(279)) - Sink prometheus already exists!
2022-05-15 13:43:21,008 [Listener at 0.0.0.0/38163] INFO  http.BaseHttpServer (BaseHttpServer.java:updateConnectorAddress(329)) - HTTP server of scm listening at http://0.0.0.0:36501
2022-05-15 13:43:21,008 [Listener at 0.0.0.0/38163] WARN  server.ServerUtils (ServerUtils.java:getDBPath(225)) - ozone.om.db.dirs is not configured. We recommend adding this setting. Falling back to ozone.metadata.dirs instead.
2022-05-15 13:43:21,010 [Listener at 0.0.0.0/38163] INFO  ha.OMHANodeDetails (OMHANodeDetails.java:loadOMHAConfig(115)) - ozone.om.internal.service.id is not defined, falling back to ozone.om.service.ids to find serviceID for OzoneManager if it is HA enabled cluster
2022-05-15 13:43:21,010 [Listener at 0.0.0.0/38163] INFO  ha.OMHANodeDetails (OMHANodeDetails.java:loadOMHAConfig(226)) - Configuration does not have ozone.om.address set. Falling back to the default OM address /127.0.0.1:0
2022-05-15 13:43:21,010 [Listener at 0.0.0.0/38163] INFO  ha.OMHANodeDetails (OMHANodeDetails.java:getOMNodeDetailsForNonHA(254)) - OM Service ID is not set. Setting it to the default ID: omServiceIdDefault
2022-05-15 13:43:21,010 [Listener at 0.0.0.0/38163] INFO  ha.OMHANodeDetails (OMHANodeDetails.java:getOMNodeDetailsForNonHA(261)) - OM Node ID is not set. Setting it to the default ID: om1
2022-05-15 13:43:21,011 [Listener at 0.0.0.0/38163] WARN  server.ServerUtils (ServerUtils.java:getDBPath(225)) - ozone.om.db.dirs is not configured. We recommend adding this setting. Falling back to ozone.metadata.dirs instead.
2022-05-15 13:43:21,011 [Listener at 0.0.0.0/38163] INFO  upgrade.AbstractLayoutVersionManager (AbstractLayoutVersionManager.java:init(79)) - Initializing Layout version manager with metadata layout = BUCKET_LAYOUT_SUPPORT (version = 2), software layout = BUCKET_LAYOUT_SUPPORT (version = 2)
2022-05-15 13:43:21,293 [Listener at 0.0.0.0/38163] INFO  reflections.Reflections (Reflections.java:scan(232)) - Reflections took 281 ms to scan 2 urls, producing 143 keys and 369 values [using 2 cores]
2022-05-15 13:43:21,293 [Listener at 0.0.0.0/38163] INFO  upgrade.OMLayoutVersionManager (OMLayoutVersionManager.java:lambda$0(115)) - Skipping Upgrade Action MockOmUpgradeAction since it has been finalized.
2022-05-15 13:43:21,293 [Listener at 0.0.0.0/38163] WARN  server.ServerUtils (ServerUtils.java:getDBPath(225)) - ozone.om.db.dirs is not configured. We recommend adding this setting. Falling back to ozone.metadata.dirs instead.
2022-05-15 13:43:21,355 [Listener at 0.0.0.0/38163] WARN  server.ServerUtils (ServerUtils.java:getDBPath(225)) - ozone.om.db.dirs is not configured. We recommend adding this setting. Falling back to ozone.metadata.dirs instead.
2022-05-15 13:43:21,356 [Listener at 0.0.0.0/38163] INFO  codec.OmKeyInfoCodec (OmKeyInfoCodec.java:<init>(49)) - OmKeyInfoCodec ignorePipeline = true
2022-05-15 13:43:21,356 [Listener at 0.0.0.0/38163] INFO  codec.RepeatedOmKeyInfoCodec (RepeatedOmKeyInfoCodec.java:<init>(41)) - RepeatedOmKeyInfoCodec ignorePipeline = true
2022-05-15 13:43:21,729 [Listener at 0.0.0.0/38163] INFO  om.OzoneManager (OzoneManager.java:addS3GVolumeToDB(3908)) - Created Volume s3v With Owner runner required for S3Gateway operations.
2022-05-15 13:43:21,729 [Listener at 0.0.0.0/38163] WARN  server.ServerUtils (ServerUtils.java:getDefaultRatisDirectory(237)) - Storage directory for Ratis is not configured. It is a good idea to map this to an SSD disk. Falling back to ozone.metadata.dirs
2022-05-15 13:43:21,730 [Listener at 0.0.0.0/38163] WARN  utils.OzoneManagerRatisUtils (OzoneManagerRatisUtils.java:getOMRatisSnapshotDirectory(395)) - ozone.om.ratis.snapshot.dir is not configured. Falling back to ozone.metadata.dirs config
2022-05-15 13:43:21,730 [Listener at 0.0.0.0/38163] WARN  server.ServerUtils (ServerUtils.java:getDefaultRatisDirectory(237)) - Storage directory for Ratis is not configured. It is a good idea to map this to an SSD disk. Falling back to ozone.metadata.dirs
2022-05-15 13:43:21,731 [Listener at 0.0.0.0/38163] INFO  ratis.OzoneManagerRatisServer (OzoneManagerRatisServer.java:<init>(159)) - Instantiating OM Ratis server with groupID: omServiceIdDefault and peers: localhost:9872
2022-05-15 13:43:21,731 [Listener at 0.0.0.0/38163] INFO  ratis.OzoneManagerStateMachine (OzoneManagerStateMachine.java:loadSnapshotInfoFromDB(627)) - LastAppliedIndex is set from TransactionInfo from OM DB as (t:0, i:~)
2022-05-15 13:43:21,742 [Listener at 0.0.0.0/38163] INFO  server.RaftServer (ConfUtils.java:logGet(44)) - raft.rpc.type = GRPC (default)
2022-05-15 13:43:21,743 [Listener at 0.0.0.0/38163] INFO  grpc.GrpcFactory (GrpcFactory.java:checkPooledByteBufAllocatorUseCacheForAllThreads(48)) - PERFORMANCE WARNING: useCacheForAllThreads is true that may cause Netty to create a lot garbage objects and, as a result, trigger GC.
	It is recommended to disable useCacheForAllThreads by setting -Dorg.apache.ratis.thirdparty.io.netty.allocator.useCacheForAllThreads=false in command line.
2022-05-15 13:43:21,743 [Listener at 0.0.0.0/38163] INFO  grpc.GrpcConfigKeys (ConfUtils.java:logGet(44)) - raft.grpc.admin.port = -1 (default)
2022-05-15 13:43:21,743 [Listener at 0.0.0.0/38163] INFO  grpc.GrpcConfigKeys (ConfUtils.java:logGet(44)) - raft.grpc.server.port = 9872 (custom)
2022-05-15 13:43:21,743 [Listener at 0.0.0.0/38163] INFO  grpc.GrpcConfigKeys (ConfUtils.java:logGet(44)) - raft.grpc.client.port = -1 (default)
2022-05-15 13:43:21,743 [Listener at 0.0.0.0/38163] INFO  grpc.GrpcConfigKeys (ConfUtils.java:logGet(44)) - raft.grpc.server.port = 9872 (custom)
2022-05-15 13:43:21,743 [Listener at 0.0.0.0/38163] INFO  grpc.GrpcConfigKeys (ConfUtils.java:logGet(44)) - raft.grpc.server.port = 9872 (custom)
2022-05-15 13:43:21,743 [Listener at 0.0.0.0/38163] INFO  server.GrpcService (ConfUtils.java:logGet(44)) - raft.grpc.message.size.max = 33554432 (custom)
2022-05-15 13:43:21,743 [Listener at 0.0.0.0/38163] INFO  server.RaftServerConfigKeys (ConfUtils.java:logGet(44)) - raft.server.log.appender.buffer.byte-limit = 33554432 (custom)
2022-05-15 13:43:21,743 [Listener at 0.0.0.0/38163] INFO  server.GrpcService (ConfUtils.java:logGet(44)) - raft.grpc.flow.control.window = 1MB (=1048576) (default)
2022-05-15 13:43:21,743 [Listener at 0.0.0.0/38163] INFO  server.RaftServerConfigKeys (ConfUtils.java:logGet(44)) - raft.server.rpc.request.timeout = 3000ms (default)
2022-05-15 13:43:21,745 [Listener at 0.0.0.0/38163] INFO  impl.DataStreamServerImpl (ConfUtils.java:logGet(44)) - raft.datastream.type = DISABLED (default)
2022-05-15 13:43:21,745 [Listener at 0.0.0.0/38163] INFO  server.RaftServerConfigKeys (ConfUtils.java:logGet(44)) - raft.server.rpc.slowness.timeout = 120s (custom)
2022-05-15 13:43:21,745 [Listener at 0.0.0.0/38163] INFO  server.RaftServerConfigKeys (ConfUtils.java:logGet(44)) - raft.server.leaderelection.leader.step-down.wait-time = 10s (default)
2022-05-15 13:43:21,745 [Listener at 0.0.0.0/38163] INFO  server.RaftServerConfigKeys (ConfUtils.java:logGet(44)) - raft.server.storage.dir = [/home/runner/work/ozone/ozone/hadoop-ozone/integration-test/target/test-dir/MiniOzoneClusterImpl-84148938-d4e7-44f7-8424-958744cac302/ozone-meta/ratis] (custom)
2022-05-15 13:43:21,750 [Listener at 0.0.0.0/38163] INFO  server.RaftServer (RaftServerProxy.java:addNew(95)) - om1: addNew group-C5BA1605619E:[om1|rpc:localhost:9872|priority:0] returns group-C5BA1605619E:java.util.concurrent.CompletableFuture@120ed76a[Not completed]
2022-05-15 13:43:21,750 [Listener at 0.0.0.0/38163] INFO  om.OzoneManager (OzoneManager.java:initializeRatisServer(1901)) - OzoneManager Ratis server initialized at port 9872
2022-05-15 13:43:21,755 [Listener at 0.0.0.0/38163] INFO  om.OzoneManager (OzoneManager.java:getRpcServer(1030)) - Creating RPC Server
2022-05-15 13:43:21,803 [pool-673-thread-1] INFO  server.RaftServer$Division (RaftServerImpl.java:<init>(184)) - om1: new RaftServerImpl for group-C5BA1605619E:[om1|rpc:localhost:9872|priority:0] with OzoneManagerStateMachine:uninitialized
2022-05-15 13:43:21,822 [pool-673-thread-1] INFO  server.RaftServerConfigKeys (ConfUtils.java:logGet(44)) - raft.server.rpc.timeout.min = 1s (custom)
2022-05-15 13:43:21,823 [pool-673-thread-1] INFO  server.RaftServerConfigKeys (ConfUtils.java:logGet(44)) - raft.server.rpc.timeout.max = 1200ms (custom)
2022-05-15 13:43:21,823 [pool-673-thread-1] INFO  server.RaftServerConfigKeys (ConfUtils.java:logGet(44)) - raft.server.rpc.sleep.time = 25ms (default)
2022-05-15 13:43:21,823 [pool-673-thread-1] INFO  server.RaftServerConfigKeys (ConfUtils.java:logGet(44)) - raft.server.rpc.slowness.timeout = 120s (custom)
2022-05-15 13:43:21,823 [pool-673-thread-1] INFO  server.RaftServerConfigKeys (ConfUtils.java:logGet(44)) - raft.server.leaderelection.leader.step-down.wait-time = 10s (default)
2022-05-15 13:43:21,823 [pool-673-thread-1] INFO  server.RaftServerConfigKeys (ConfUtils.java:logGet(44)) - raft.server.sleep.deviation.threshold = 300ms (default)
2022-05-15 13:43:21,823 [pool-673-thread-1] INFO  server.RaftServerConfigKeys (ConfUtils.java:logGet(44)) - raft.server.log.appender.install.snapshot.enabled = false (custom)
2022-05-15 13:43:21,823 [pool-673-thread-1] INFO  server.RaftServer$Division (ServerState.java:<init>(105)) - om1@group-C5BA1605619E: ConfigurationManager, init=-1: [om1|rpc:localhost:9872|priority:0], old=null, confs=<EMPTY_MAP>
2022-05-15 13:43:21,823 [pool-673-thread-1] INFO  server.RaftServerConfigKeys (ConfUtils.java:logGet(44)) - raft.server.storage.dir = [/home/runner/work/ozone/ozone/hadoop-ozone/integration-test/target/test-dir/MiniOzoneClusterImpl-84148938-d4e7-44f7-8424-958744cac302/ozone-meta/ratis] (custom)
2022-05-15 13:43:21,823 [pool-673-thread-1] INFO  server.RaftServerConfigKeys (ConfUtils.java:logGet(44)) - raft.server.log.corruption.policy = EXCEPTION (default)
2022-05-15 13:43:21,823 [pool-673-thread-1] INFO  server.RaftServerConfigKeys (ConfUtils.java:logGet(44)) - raft.server.storage.free-space.min = 0MB (=0) (default)
2022-05-15 13:43:21,823 [pool-673-thread-1] INFO  storage.RaftStorageDirectory (RaftStorageDirectoryImpl.java:analyzeStorage(135)) - The storage directory /home/runner/work/ozone/ozone/hadoop-ozone/integration-test/target/test-dir/MiniOzoneClusterImpl-84148938-d4e7-44f7-8424-958744cac302/ozone-meta/ratis/bf265839-605b-3f16-9796-c5ba1605619e does not exist. Creating ...
2022-05-15 13:43:21,827 [pool-673-thread-1] INFO  storage.RaftStorageDirectory (RaftStorageDirectoryImpl.java:tryLock(230)) - Lock on /home/runner/work/ozone/ozone/hadoop-ozone/integration-test/target/test-dir/MiniOzoneClusterImpl-84148938-d4e7-44f7-8424-958744cac302/ozone-meta/ratis/bf265839-605b-3f16-9796-c5ba1605619e/in_use.lock acquired by nodename 19587@fv-az40-973
2022-05-15 13:43:21,828 [pool-673-thread-1] INFO  storage.RaftStorage (RaftStorageImpl.java:format(89)) - Storage directory /home/runner/work/ozone/ozone/hadoop-ozone/integration-test/target/test-dir/MiniOzoneClusterImpl-84148938-d4e7-44f7-8424-958744cac302/ozone-meta/ratis/bf265839-605b-3f16-9796-c5ba1605619e has been successfully formatted.
2022-05-15 13:43:21,829 [pool-673-thread-1] INFO  server.RaftServerConfigKeys (ConfUtils.java:logGet(44)) - raft.server.notification.no-leader.timeout = 120s (custom)
2022-05-15 13:43:21,829 [pool-673-thread-1] INFO  server.RaftServerConfigKeys (ConfUtils.java:logGet(44)) - raft.server.log.use.memory = false (default)
2022-05-15 13:43:21,829 [pool-673-thread-1] INFO  server.RaftServerConfigKeys (ConfUtils.java:logGet(44)) - raft.server.log.purge.gap = 1000000 (custom)
2022-05-15 13:43:21,829 [pool-673-thread-1] INFO  server.RaftServerConfigKeys (ConfUtils.java:logGet(44)) - raft.server.log.appender.buffer.byte-limit = 33554432 (custom)
2022-05-15 13:43:21,829 [pool-673-thread-1] INFO  server.RaftServerConfigKeys (ConfUtils.java:logGet(44)) - raft.server.log.segment.size.max = 4194304 (custom)
2022-05-15 13:43:21,829 [pool-673-thread-1] INFO  server.RaftServerConfigKeys (ConfUtils.java:logGet(44)) - raft.server.log.segment.cache.num.max = 2 (custom)
2022-05-15 13:43:21,829 [pool-673-thread-1] INFO  server.RaftServerConfigKeys (ConfUtils.java:logGet(44)) - raft.server.log.segment.cache.size.max = 200MB (=209715200) (default)
2022-05-15 13:43:21,829 [pool-673-thread-1] INFO  segmented.SegmentedRaftLogWorker (SegmentedRaftLogWorker.java:<init>(182)) - new om1@group-C5BA1605619E-SegmentedRaftLogWorker for RaftStorageImpl:Storage Directory /home/runner/work/ozone/ozone/hadoop-ozone/integration-test/target/test-dir/MiniOzoneClusterImpl-84148938-d4e7-44f7-8424-958744cac302/ozone-meta/ratis/bf265839-605b-3f16-9796-c5ba1605619e
2022-05-15 13:43:21,829 [pool-673-thread-1] INFO  server.RaftServerConfigKeys (ConfUtils.java:logGet(44)) - raft.server.log.queue.byte-limit = 64MB (=67108864) (default)
2022-05-15 13:43:21,829 [pool-673-thread-1] INFO  server.RaftServerConfigKeys (ConfUtils.java:logGet(44)) - raft.server.log.queue.element-limit = 4096 (default)
2022-05-15 13:43:21,830 [pool-673-thread-1] INFO  server.RaftServerConfigKeys (ConfUtils.java:logGet(44)) - raft.server.log.segment.size.max = 4194304 (custom)
2022-05-15 13:43:21,830 [pool-673-thread-1] INFO  server.RaftServerConfigKeys (ConfUtils.java:logGet(44)) - raft.server.log.preallocated.size = 4194304 (custom)
2022-05-15 13:43:21,830 [pool-673-thread-1] INFO  server.RaftServerConfigKeys (ConfUtils.java:logGet(44)) - raft.server.log.force.sync.num = 128 (default)
2022-05-15 13:43:21,830 [pool-673-thread-1] INFO  server.RaftServerConfigKeys (ConfUtils.java:logGet(44)) - raft.server.log.statemachine.data.sync = true (default)
2022-05-15 13:43:21,830 [pool-673-thread-1] INFO  server.RaftServerConfigKeys (ConfUtils.java:logGet(44)) - raft.server.log.statemachine.data.sync.timeout = 10s (default)
2022-05-15 13:43:21,830 [pool-673-thread-1] INFO  server.RaftServerConfigKeys (ConfUtils.java:logGet(44)) - raft.server.log.statemachine.data.sync.timeout.retry = -1 (default)
2022-05-15 13:43:21,831 [pool-673-thread-1] INFO  server.RaftServerConfigKeys (ConfUtils.java:logGet(44)) - raft.server.log.write.buffer.size = 64KB (=65536) (default)
2022-05-15 13:43:21,831 [pool-673-thread-1] INFO  server.RaftServerConfigKeys (ConfUtils.java:logGet(44)) - raft.server.log.statemachine.data.caching.enabled = false (default)
2022-05-15 13:43:21,831 [pool-673-thread-1] INFO  segmented.SegmentedRaftLogWorker (SegmentedRaftLogWorker.java:lambda$new$0(133)) - om1@group-C5BA1605619E-SegmentedRaftLogWorker: flushIndex: setUnconditionally 0 -> -1
2022-05-15 13:43:21,831 [pool-673-thread-1] INFO  segmented.SegmentedRaftLogWorker (SegmentedRaftLogWorker.java:lambda$new$0(133)) - om1@group-C5BA1605619E-SegmentedRaftLogWorker: safeCacheEvictIndex: setUnconditionally 0 -> -1
2022-05-15 13:43:21,838 [pool-673-thread-1] INFO  server.RaftServerConfigKeys (ConfUtils.java:logGet(44)) - raft.server.snapshot.auto.trigger.enabled = true (custom)
2022-05-15 13:43:21,838 [pool-673-thread-1] INFO  server.RaftServerConfigKeys (ConfUtils.java:logGet(44)) - raft.server.snapshot.auto.trigger.threshold = 400000 (default)
2022-05-15 13:43:21,838 [pool-673-thread-1] INFO  server.RaftServerConfigKeys (ConfUtils.java:logGet(44)) - raft.server.snapshot.retention.file.num = -1 (default)
2022-05-15 13:43:21,838 [pool-673-thread-1] INFO  server.RaftServerConfigKeys (ConfUtils.java:logGet(44)) - raft.server.log.purge.upto.snapshot.index = true (custom)
2022-05-15 13:43:21,838 [pool-673-thread-1] INFO  server.RaftServerConfigKeys (ConfUtils.java:logGet(44)) - raft.server.retrycache.expirytime = 300s (custom)
2022-05-15 13:43:21,839 [pool-673-thread-1] INFO  server.RaftServerConfigKeys (ConfUtils.java:logGet(44)) - raft.server.retrycache.statistics.expirytime = 100μs (default)
2022-05-15 13:43:23,022 [Listener at 0.0.0.0/38163] INFO  reflections.Reflections (Reflections.java:scan(232)) - Reflections took 1219 ms to scan 19 urls, producing 61 keys and 3686 values [using 2 cores]
2022-05-15 13:43:23,023 [Listener at 0.0.0.0/38163] INFO  ipc.CallQueueManager (CallQueueManager.java:<init>(90)) - Using callQueue: class java.util.concurrent.LinkedBlockingQueue, queueCapacity: 2000, scheduler: class org.apache.hadoop.ipc.DefaultRpcScheduler, ipcBackoff: false.
2022-05-15 13:43:23,034 [Socket Reader #1 for port 0] INFO  ipc.Server (Server.java:run(1265)) - Starting Socket Reader #1 for port 0
2022-05-15 13:43:23,114 [Listener at 127.0.0.1/40095] INFO  impl.MetricsSystemImpl (MetricsSystemImpl.java:init(158)) - OzoneManager metrics system started (again)
2022-05-15 13:43:23,178 [Listener at 127.0.0.1/40095] INFO  om.OzoneManager (OzoneManager.java:start(1405)) - OzoneManager RPC server is listening at localhost/127.0.0.1:40095
2022-05-15 13:43:23,179 [Listener at 127.0.0.1/40095] INFO  ratis.OzoneManagerRatisServer (OzoneManagerRatisServer.java:start(554)) - Starting OzoneManagerRatisServer om1 at port 9872
2022-05-15 13:43:23,179 [Listener at 127.0.0.1/40095] INFO  server.RaftServer$Division (RaftServerImpl.java:start(301)) - om1@group-C5BA1605619E: start as a follower, conf=-1: [om1|rpc:localhost:9872|priority:0], old=null
2022-05-15 13:43:23,179 [Listener at 127.0.0.1/40095] INFO  server.RaftServer$Division (RaftServerImpl.java:setRole(290)) - om1@group-C5BA1605619E: changes role from      null to FOLLOWER at term 0 for startAsFollower
2022-05-15 13:43:23,179 [Listener at 127.0.0.1/40095] INFO  impl.RoleInfo (RoleInfo.java:updateAndGet(130)) - om1: start om1@group-C5BA1605619E-FollowerState
2022-05-15 13:43:23,207 [Listener at 127.0.0.1/40095] INFO  util.JmxRegister (JmxRegister.java:tryRegister(44)) - Successfully registered JMX Bean with object name Ratis:service=RaftServer,group=group-C5BA1605619E,id=om1
2022-05-15 13:43:23,208 [Listener at 127.0.0.1/40095] INFO  server.RaftServer (RaftServerProxy.java:lambda$start$5(374)) - om1: start RPC server
2022-05-15 13:43:23,215 [Listener at 127.0.0.1/40095] INFO  server.GrpcService (GrpcService.java:startImpl(253)) - om1: GrpcService started, listening on 9872
2022-05-15 13:43:23,242 [Listener at 127.0.0.1/40095] INFO  om.OzoneManager (OzoneManager.java:start(1421)) - Version File has different layout version (2) than OM DB (null). That is expected if this OM has never been finalized to a newer layout version.
2022-05-15 13:43:23,243 [org.apache.ratis.util.JvmPauseMonitor$$Lambda$622/1489821748@673036e3] INFO  util.JvmPauseMonitor (JvmPauseMonitor.java:run(103)) - JvmPauseMonitor-om1: Started
2022-05-15 13:43:23,244 [Listener at 127.0.0.1/40095] INFO  http.BaseHttpServer (BaseHttpServer.java:newHttpServer2BuilderForOzone(209)) - Starting Web-server for ozoneManager at: http://0.0.0.0:0
2022-05-15 13:43:23,244 [Listener at 127.0.0.1/40095] INFO  http.BaseHttpServer (BaseHttpServer.java:<init>(107)) - Hadoop Security Enabled: false Ozone Security Enabled: false Ozone HTTP Security Enabled: false 
2022-05-15 13:43:23,245 [Listener at 127.0.0.1/40095] INFO  server.AuthenticationFilter (AuthenticationFilter.java:constructSecretProvider(240)) - Unable to initialize FileSignerSecretProvider, falling back to use random secrets.
2022-05-15 13:43:23,246 [Listener at 127.0.0.1/40095] WARN  http.HttpRequestLog (HttpRequestLog.java:getRequestLog(103)) - Jetty request log can only be enabled using Log4j
2022-05-15 13:43:23,247 [Listener at 127.0.0.1/40095] INFO  http.HttpServer2 (HttpServer2.java:addGlobalFilter(1030)) - Added global filter 'safety' (class=org.apache.hadoop.hdds.server.http.HttpServer2$QuotingInputFilter)
2022-05-15 13:43:23,247 [Listener at 127.0.0.1/40095] INFO  http.HttpServer2 (HttpServer2.java:addFilter(1006)) - Added filter static_user_filter (class=org.apache.hadoop.http.lib.StaticUserWebFilter$StaticUserFilter) to context ozoneManager
2022-05-15 13:43:23,248 [Listener at 127.0.0.1/40095] INFO  http.HttpServer2 (HttpServer2.java:addFilter(1014)) - Added filter static_user_filter (class=org.apache.hadoop.http.lib.StaticUserWebFilter$StaticUserFilter) to context logs
2022-05-15 13:43:23,248 [Listener at 127.0.0.1/40095] INFO  http.HttpServer2 (HttpServer2.java:addFilter(1014)) - Added filter static_user_filter (class=org.apache.hadoop.http.lib.StaticUserWebFilter$StaticUserFilter) to context static
2022-05-15 13:43:23,248 [Listener at 127.0.0.1/40095] INFO  http.HttpServer2 (HttpServer2.java:bindListener(1249)) - Jetty bound to port 35063
2022-05-15 13:43:23,248 [Listener at 127.0.0.1/40095] INFO  server.Server (Server.java:doStart(375)) - jetty-9.4.43.v20210629; built: 2021-06-30T11:07:22.254Z; git: 526006ecfa3af7f1a27ef3a288e2bef7ea9dd7e8; jvm 1.8.0_332-b09
2022-05-15 13:43:23,345 [Listener at 127.0.0.1/40095] INFO  server.session (DefaultSessionIdManager.java:doStart(334)) - DefaultSessionIdManager workerName=node0
2022-05-15 13:43:23,345 [Listener at 127.0.0.1/40095] INFO  server.session (DefaultSessionIdManager.java:doStart(339)) - No SessionScavenger set, using defaults
2022-05-15 13:43:23,345 [Listener at 127.0.0.1/40095] INFO  server.session (HouseKeeper.java:startScavenging(132)) - node0 Scavenging every 600000ms
2022-05-15 13:43:23,346 [Listener at 127.0.0.1/40095] INFO  handler.ContextHandler (ContextHandler.java:doStart(915)) - Started o.e.j.s.ServletContextHandler@68661b94{logs,/logs,file:///home/runner/work/ozone/ozone/hadoop-ozone/integration-test/target/log,AVAILABLE}
2022-05-15 13:43:23,346 [Listener at 127.0.0.1/40095] INFO  handler.ContextHandler (ContextHandler.java:doStart(915)) - Started o.e.j.s.ServletContextHandler@510fb2d8{static,/static,file:///home/runner/work/ozone/ozone/hadoop-ozone/integration-test/target/test-classes/webapps/static,AVAILABLE}
2022-05-15 13:43:23,363 [Listener at 127.0.0.1/40095] INFO  handler.ContextHandler (ContextHandler.java:doStart(915)) - Started o.e.j.w.WebAppContext@2cc753a0{ozoneManager,/,file:///home/runner/work/ozone/ozone/hadoop-ozone/integration-test/target/test-classes/webapps/ozoneManager/,AVAILABLE}{file:/home/runner/work/ozone/ozone/hadoop-ozone/integration-test/target/test-classes/webapps/ozoneManager}
2022-05-15 13:43:23,364 [Listener at 127.0.0.1/40095] INFO  server.AbstractConnector (AbstractConnector.java:doStart(331)) - Started ServerConnector@55fd31ad{HTTP/1.1, (http/1.1)}{0.0.0.0:35063}
2022-05-15 13:43:23,364 [Listener at 127.0.0.1/40095] INFO  server.Server (Server.java:doStart(415)) - Started @227479ms
2022-05-15 13:43:23,364 [Listener at 127.0.0.1/40095] WARN  impl.MetricsSystemImpl (MetricsSystemImpl.java:register(279)) - Sink prometheus already exists!
2022-05-15 13:43:23,365 [Listener at 127.0.0.1/40095] INFO  http.BaseHttpServer (BaseHttpServer.java:updateConnectorAddress(329)) - HTTP server of ozoneManager listening at http://0.0.0.0:35063
2022-05-15 13:43:23,367 [IPC Server Responder] INFO  ipc.Server (Server.java:run(1507)) - IPC Server Responder: starting
2022-05-15 13:43:23,367 [IPC Server listener on 0] INFO  ipc.Server (Server.java:run(1344)) - IPC Server listener on 0: starting
2022-05-15 13:43:23,375 [Listener at 127.0.0.1/40095] INFO  om.OzoneManager (OzoneManager.java:startTrashEmptier(1845)) - Trash Interval set to 0. Files deleted won't move to trash
2022-05-15 13:43:23,441 [Listener at 127.0.0.1/40095] WARN  impl.MetricRegistriesImpl (MetricRegistriesImpl.java:addReporterRegistration(111)) - New reporters are added after registries were created. Some metrics will be missing from the reporter. Please add reporter before adding any new registry.
2022-05-15 13:43:23,441 [Listener at 127.0.0.1/40095] WARN  impl.MetricRegistriesImpl (MetricRegistriesImpl.java:addReporterRegistration(111)) - New reporters are added after registries were created. Some metrics will be missing from the reporter. Please add reporter before adding any new registry.
2022-05-15 13:43:23,441 [Listener at 127.0.0.1/40095] INFO  impl.MetricsSystemImpl (MetricsSystemImpl.java:init(158)) - HddsDatanode metrics system started (again)
2022-05-15 13:43:23,450 [org.apache.hadoop.util.JvmPauseMonitor$Monitor@4ddbfab2] INFO  util.JvmPauseMonitor (JvmPauseMonitor.java:run(188)) - Starting JVM pause monitor
2022-05-15 13:43:23,528 [Listener at 127.0.0.1/40095] INFO  ozone.HddsDatanodeService (HddsDatanodeService.java:start(236)) - HddsDatanodeService host:fv-az40-973.r1qzdtoifymehf5jtx2d0vwyfg.bx.internal.cloudapp.net ip:10.1.0.20
2022-05-15 13:43:23,600 [Listener at 127.0.0.1/40095] INFO  upgrade.AbstractLayoutVersionManager (AbstractLayoutVersionManager.java:init(79)) - Initializing Layout version manager with metadata layout = ERASURE_CODED_STORAGE_SUPPORT (version = 3), software layout = ERASURE_CODED_STORAGE_SUPPORT (version = 3)
2022-05-15 13:43:23,776 [Listener at 127.0.0.1/40095] INFO  reflections.Reflections (Reflections.java:scan(232)) - Reflections took 175 ms to scan 7 urls, producing 126 keys and 289 values 
2022-05-15 13:43:23,778 [Listener at 127.0.0.1/40095] INFO  statemachine.DatanodeStateMachine (DatanodeStateMachine.java:getEndPointTaskThreadPoolSize(224)) - Datanode State Machine Task Thread Pool size 2
2022-05-15 13:43:23,803 [Listener at 127.0.0.1/40095] INFO  volume.HddsVolume (HddsVolume.java:<init>(120)) - Creating HddsVolume: /home/runner/work/ozone/ozone/hadoop-ozone/integration-test/target/test-dir/MiniOzoneClusterImpl-84148938-d4e7-44f7-8424-958744cac302/datanode-0/data-0/containers/hdds of storage type : DISK capacity : 9223372036854775807
2022-05-15 13:43:23,803 [Listener at 127.0.0.1/40095] INFO  volume.MutableVolumeSet (MutableVolumeSet.java:initializeVolumeSet(168)) - Added Volume : /home/runner/work/ozone/ozone/hadoop-ozone/integration-test/target/test-dir/MiniOzoneClusterImpl-84148938-d4e7-44f7-8424-958744cac302/datanode-0/data-0/containers/hdds to VolumeSet
2022-05-15 13:43:23,803 [Listener at 127.0.0.1/40095] INFO  volume.ThrottledAsyncChecker (ThrottledAsyncChecker.java:schedule(141)) - Scheduling a check for /home/runner/work/ozone/ozone/hadoop-ozone/integration-test/target/test-dir/MiniOzoneClusterImpl-84148938-d4e7-44f7-8424-958744cac302/datanode-0/data-0/containers/hdds
2022-05-15 13:43:23,823 [Listener at 127.0.0.1/40095] INFO  volume.StorageVolumeChecker (StorageVolumeChecker.java:checkAllVolumes(202)) - Scheduled health check for volume /home/runner/work/ozone/ozone/hadoop-ozone/integration-test/target/test-dir/MiniOzoneClusterImpl-84148938-d4e7-44f7-8424-958744cac302/datanode-0/data-0/containers/hdds
2022-05-15 13:43:23,846 [Listener at 127.0.0.1/40095] INFO  volume.MutableVolumeSet (MutableVolumeSet.java:initializeVolumeSet(168)) - Added Volume : /home/runner/work/ozone/ozone/hadoop-ozone/integration-test/target/test-dir/MiniOzoneClusterImpl-84148938-d4e7-44f7-8424-958744cac302/datanode-0/data/ratis to VolumeSet
2022-05-15 13:43:23,846 [Listener at 127.0.0.1/40095] INFO  volume.ThrottledAsyncChecker (ThrottledAsyncChecker.java:schedule(141)) - Scheduling a check for /home/runner/work/ozone/ozone/hadoop-ozone/integration-test/target/test-dir/MiniOzoneClusterImpl-84148938-d4e7-44f7-8424-958744cac302/datanode-0/data/ratis
2022-05-15 13:43:23,874 [Listener at 127.0.0.1/40095] INFO  volume.StorageVolumeChecker (StorageVolumeChecker.java:checkAllVolumes(202)) - Scheduled health check for volume /home/runner/work/ozone/ozone/hadoop-ozone/integration-test/target/test-dir/MiniOzoneClusterImpl-84148938-d4e7-44f7-8424-958744cac302/datanode-0/data/ratis
2022-05-15 13:43:23,920 [Thread-1490] INFO  ozoneimpl.ContainerReader (ContainerReader.java:readVolume(172)) - Finish verifying containers on volume /home/runner/work/ozone/ozone/hadoop-ozone/integration-test/target/test-dir/MiniOzoneClusterImpl-84148938-d4e7-44f7-8424-958744cac302/datanode-0/data-0/containers/hdds
2022-05-15 13:43:23,920 [Listener at 127.0.0.1/40095] INFO  ozoneimpl.OzoneContainer (OzoneContainer.java:buildContainerSet(257)) - Build ContainerSet costs 0s
2022-05-15 13:43:23,922 [Listener at 127.0.0.1/40095] INFO  server.RaftServer (ConfUtils.java:logGet(44)) - raft.rpc.type = GRPC (default)
2022-05-15 13:43:23,923 [Listener at 127.0.0.1/40095] INFO  grpc.GrpcFactory (GrpcFactory.java:checkPooledByteBufAllocatorUseCacheForAllThreads(48)) - PERFORMANCE WARNING: useCacheForAllThreads is true that may cause Netty to create a lot garbage objects and, as a result, trigger GC.
	It is recommended to disable useCacheForAllThreads by setting -Dorg.apache.ratis.thirdparty.io.netty.allocator.useCacheForAllThreads=false in command line.
2022-05-15 13:43:23,923 [Listener at 127.0.0.1/40095] INFO  grpc.GrpcConfigKeys (ConfUtils.java:logGet(44)) - raft.grpc.admin.port = 0 (custom)
2022-05-15 13:43:23,923 [Listener at 127.0.0.1/40095] INFO  grpc.GrpcConfigKeys (ConfUtils.java:logGet(44)) - raft.grpc.client.port = 0 (custom)
2022-05-15 13:43:23,924 [Listener at 127.0.0.1/40095] INFO  grpc.GrpcConfigKeys (ConfUtils.java:logGet(44)) - raft.grpc.server.port = 0 (default)
2022-05-15 13:43:23,924 [Listener at 127.0.0.1/40095] INFO  server.GrpcService (ConfUtils.java:logGet(44)) - raft.grpc.message.size.max = 32MB (=33554432) (custom)
2022-05-15 13:43:23,924 [Listener at 127.0.0.1/40095] INFO  server.RaftServerConfigKeys (ConfUtils.java:logGet(44)) - raft.server.log.appender.buffer.byte-limit = 33554432 (custom)
2022-05-15 13:43:23,924 [Listener at 127.0.0.1/40095] INFO  server.GrpcService (ConfUtils.java:logGet(44)) - raft.grpc.flow.control.window = 5MB (=5242880) (custom)
2022-05-15 13:43:23,924 [Listener at 127.0.0.1/40095] INFO  server.RaftServerConfigKeys (ConfUtils.java:logGet(44)) - raft.server.rpc.request.timeout = 60s (custom)
2022-05-15 13:43:23,925 [Listener at 127.0.0.1/40095] INFO  impl.DataStreamServerImpl (ConfUtils.java:logGet(44)) - raft.datastream.type = DISABLED (default)
2022-05-15 13:43:23,925 [Listener at 127.0.0.1/40095] INFO  server.RaftServerConfigKeys (ConfUtils.java:logGet(44)) - raft.server.rpc.slowness.timeout = 300s (custom)
2022-05-15 13:43:23,925 [Listener at 127.0.0.1/40095] INFO  server.RaftServerConfigKeys (ConfUtils.java:logGet(44)) - raft.server.leaderelection.leader.step-down.wait-time = 10s (default)
2022-05-15 13:43:23,925 [Listener at 127.0.0.1/40095] INFO  server.RaftServerConfigKeys (ConfUtils.java:logGet(44)) - raft.server.storage.dir = [/home/runner/work/ozone/ozone/hadoop-ozone/integration-test/target/test-dir/MiniOzoneClusterImpl-84148938-d4e7-44f7-8424-958744cac302/datanode-0/data/ratis] (custom)
2022-05-15 13:43:23,928 [Listener at 127.0.0.1/40095] INFO  server.XceiverServerGrpc (XceiverServerGrpc.java:<init>(132)) - GrpcServer channel type EpollServerSocketChannel
2022-05-15 13:43:23,968 [Listener at 127.0.0.1/40095] INFO  http.BaseHttpServer (BaseHttpServer.java:newHttpServer2BuilderForOzone(209)) - Starting Web-server for hddsDatanode at: http://0.0.0.0:0
2022-05-15 13:43:23,969 [Listener at 127.0.0.1/40095] INFO  http.BaseHttpServer (BaseHttpServer.java:<init>(107)) - Hadoop Security Enabled: false Ozone Security Enabled: false Ozone HTTP Security Enabled: false 
2022-05-15 13:43:23,969 [Listener at 127.0.0.1/40095] INFO  server.AuthenticationFilter (AuthenticationFilter.java:constructSecretProvider(240)) - Unable to initialize FileSignerSecretProvider, falling back to use random secrets.
2022-05-15 13:43:23,973 [Listener at 127.0.0.1/40095] WARN  http.HttpRequestLog (HttpRequestLog.java:getRequestLog(103)) - Jetty request log can only be enabled using Log4j
2022-05-15 13:43:23,974 [Listener at 127.0.0.1/40095] INFO  http.HttpServer2 (HttpServer2.java:addGlobalFilter(1030)) - Added global filter 'safety' (class=org.apache.hadoop.hdds.server.http.HttpServer2$QuotingInputFilter)
2022-05-15 13:43:23,974 [Listener at 127.0.0.1/40095] INFO  http.HttpServer2 (HttpServer2.java:addFilter(1006)) - Added filter static_user_filter (class=org.apache.hadoop.http.lib.StaticUserWebFilter$StaticUserFilter) to context hddsDatanode
2022-05-15 13:43:23,974 [Listener at 127.0.0.1/40095] INFO  http.HttpServer2 (HttpServer2.java:addFilter(1014)) - Added filter static_user_filter (class=org.apache.hadoop.http.lib.StaticUserWebFilter$StaticUserFilter) to context logs
2022-05-15 13:43:23,974 [Listener at 127.0.0.1/40095] INFO  http.HttpServer2 (HttpServer2.java:addFilter(1014)) - Added filter static_user_filter (class=org.apache.hadoop.http.lib.StaticUserWebFilter$StaticUserFilter) to context static
2022-05-15 13:43:23,975 [Listener at 127.0.0.1/40095] INFO  http.HttpServer2 (HttpServer2.java:bindListener(1249)) - Jetty bound to port 39785
2022-05-15 13:43:23,975 [Listener at 127.0.0.1/40095] INFO  server.Server (Server.java:doStart(375)) - jetty-9.4.43.v20210629; built: 2021-06-30T11:07:22.254Z; git: 526006ecfa3af7f1a27ef3a288e2bef7ea9dd7e8; jvm 1.8.0_332-b09
2022-05-15 13:43:23,984 [Listener at 127.0.0.1/40095] INFO  server.session (DefaultSessionIdManager.java:doStart(334)) - DefaultSessionIdManager workerName=node0
2022-05-15 13:43:23,984 [Listener at 127.0.0.1/40095] INFO  server.session (DefaultSessionIdManager.java:doStart(339)) - No SessionScavenger set, using defaults
2022-05-15 13:43:23,984 [Listener at 127.0.0.1/40095] INFO  server.session (HouseKeeper.java:startScavenging(132)) - node0 Scavenging every 660000ms
2022-05-15 13:43:23,985 [Listener at 127.0.0.1/40095] INFO  handler.ContextHandler (ContextHandler.java:doStart(915)) - Started o.e.j.s.ServletContextHandler@5460c665{logs,/logs,file:///home/runner/work/ozone/ozone/hadoop-ozone/integration-test/target/log,AVAILABLE}
2022-05-15 13:43:23,985 [Listener at 127.0.0.1/40095] INFO  handler.ContextHandler (ContextHandler.java:doStart(915)) - Started o.e.j.s.ServletContextHandler@3adeb7d5{static,/static,jar:file:/home/runner/.m2/repository/org/apache/ozone/hdds-container-service/1.3.0-SNAPSHOT/hdds-container-service-1.3.0-SNAPSHOT.jar!/webapps/static,AVAILABLE}
2022-05-15 13:43:24,249 [om1@group-C5BA1605619E-FollowerState] INFO  impl.FollowerState (FollowerState.java:run(134)) - om1@group-C5BA1605619E-FollowerState: change to CANDIDATE, lastRpcElapsedTime:1069718449ns, electionTimeout:1041ms
2022-05-15 13:43:24,249 [om1@group-C5BA1605619E-FollowerState] INFO  impl.RoleInfo (RoleInfo.java:shutdownFollowerState(108)) - om1: shutdown om1@group-C5BA1605619E-FollowerState
2022-05-15 13:43:24,249 [om1@group-C5BA1605619E-FollowerState] INFO  server.RaftServer$Division (RaftServerImpl.java:setRole(290)) - om1@group-C5BA1605619E: changes role from  FOLLOWER to CANDIDATE at term 0 for changeToCandidate
2022-05-15 13:43:24,249 [om1@group-C5BA1605619E-FollowerState] INFO  server.RaftServerConfigKeys (ConfUtils.java:logGet(44)) - raft.server.leaderelection.pre-vote = false (custom)
2022-05-15 13:43:24,249 [om1@group-C5BA1605619E-FollowerState] INFO  impl.RoleInfo (RoleInfo.java:updateAndGet(130)) - om1: start om1@group-C5BA1605619E-LeaderElection76
2022-05-15 13:43:24,291 [om1@group-C5BA1605619E-LeaderElection76] INFO  impl.LeaderElection (LeaderElection.java:askForVotes(306)) - om1@group-C5BA1605619E-LeaderElection76 ELECTION round 0: submit vote requests at term 1 for -1: [om1|rpc:localhost:9872|priority:0], old=null
2022-05-15 13:43:24,291 [om1@group-C5BA1605619E-LeaderElection76] INFO  impl.LeaderElection (LeaderElection.java:askForVotes(308)) - om1@group-C5BA1605619E-LeaderElection76 ELECTION round 0: result PASSED (term=1)
2022-05-15 13:43:24,291 [om1@group-C5BA1605619E-LeaderElection76] INFO  impl.RoleInfo (RoleInfo.java:shutdownLeaderElection(121)) - om1: shutdown om1@group-C5BA1605619E-LeaderElection76
2022-05-15 13:43:24,291 [om1@group-C5BA1605619E-LeaderElection76] INFO  server.RaftServer$Division (RaftServerImpl.java:setRole(290)) - om1@group-C5BA1605619E: changes role from CANDIDATE to LEADER at term 1 for changeToLeader
2022-05-15 13:43:24,291 [om1@group-C5BA1605619E-LeaderElection76] INFO  server.RaftServer$Division (ServerState.java:setLeader(285)) - om1@group-C5BA1605619E: change Leader from null to om1 at term 1 for becomeLeader, leader elected after 2462ms
2022-05-15 13:43:24,292 [om1@group-C5BA1605619E-LeaderElection76] INFO  server.RaftServerConfigKeys (ConfUtils.java:logGet(44)) - raft.server.staging.catchup.gap = 1000 (default)
2022-05-15 13:43:24,292 [om1@group-C5BA1605619E-LeaderElection76] INFO  server.RaftServerConfigKeys (ConfUtils.java:logGet(44)) - raft.server.write.element-limit = 4096 (default)
2022-05-15 13:43:24,292 [om1@group-C5BA1605619E-LeaderElection76] INFO  server.RaftServerConfigKeys (ConfUtils.java:logGet(44)) - raft.server.write.byte-limit = 64MB (=67108864) (default)
2022-05-15 13:43:24,292 [om1@group-C5BA1605619E-LeaderElection76] INFO  server.RaftServerConfigKeys (ConfUtils.java:logGet(44)) - raft.server.watch.timeout = 10s (default)
2022-05-15 13:43:24,292 [om1@group-C5BA1605619E-LeaderElection76] INFO  server.RaftServerConfigKeys (ConfUtils.java:logGet(44)) - raft.server.watch.timeout.denomination = 1s (default)
2022-05-15 13:43:24,292 [om1@group-C5BA1605619E-LeaderElection76] INFO  server.RaftServerConfigKeys (ConfUtils.java:logGet(44)) - raft.server.watch.element-limit = 65536 (default)
2022-05-15 13:43:24,292 [om1@group-C5BA1605619E-LeaderElection76] INFO  server.RaftServerConfigKeys (ConfUtils.java:logGet(44)) - raft.server.write.element-limit = 4096 (default)
2022-05-15 13:43:24,292 [om1@group-C5BA1605619E-LeaderElection76] INFO  server.RaftServerConfigKeys (ConfUtils.java:logGet(44)) - raft.server.write.follower.gap.ratio.max = -1.0 (default)
2022-05-15 13:43:24,292 [om1@group-C5BA1605619E-LeaderElection76] INFO  impl.RoleInfo (RoleInfo.java:updateAndGet(130)) - om1: start om1@group-C5BA1605619E-LeaderStateImpl
2022-05-15 13:43:24,293 [om1@group-C5BA1605619E-LeaderElection76] INFO  segmented.SegmentedRaftLogWorker (SegmentedRaftLogWorker.java:startLogSegment(394)) - om1@group-C5BA1605619E-SegmentedRaftLogWorker: Starting segment from index:0
2022-05-15 13:43:24,305 [om1@group-C5BA1605619E-SegmentedRaftLogWorker] INFO  segmented.SegmentedRaftLogWorker (SegmentedRaftLogWorker.java:execute(601)) - om1@group-C5BA1605619E-SegmentedRaftLogWorker: created new log segment /home/runner/work/ozone/ozone/hadoop-ozone/integration-test/target/test-dir/MiniOzoneClusterImpl-84148938-d4e7-44f7-8424-958744cac302/ozone-meta/ratis/bf265839-605b-3f16-9796-c5ba1605619e/current/log_inprogress_0
2022-05-15 13:43:24,315 [om1@group-C5BA1605619E-LeaderElection76] INFO  server.RaftServer$Division (ServerState.java:setRaftConf(387)) - om1@group-C5BA1605619E: set configuration 0: [om1|rpc:localhost:9872|admin:|client:|dataStream:|priority:0], old=null
2022-05-15 13:43:24,360 [om1@group-C5BA1605619E-StateMachineUpdater] INFO  ratis.OzoneManagerStateMachine (OzoneManagerStateMachine.java:notifyConfigurationChanged(191)) - Received Configuration change notification from Ratis. New Peer list:
[id: "om1"
address: "localhost:9872"
]
2022-05-15 13:43:24,672 [Listener at 127.0.0.1/40095] INFO  handler.ContextHandler (ContextHandler.java:doStart(915)) - Started o.e.j.w.WebAppContext@1138b3b0{hddsDatanode,/,file:///tmp/jetty-0_0_0_0-39785-hdds-container-service-1_3_0-SNAPSHOT_jar-_-any-8679421317419729950/webapp/,AVAILABLE}{jar:file:/home/runner/.m2/repository/org/apache/ozone/hdds-container-service/1.3.0-SNAPSHOT/hdds-container-service-1.3.0-SNAPSHOT.jar!/webapps/hddsDatanode}
2022-05-15 13:43:24,699 [Listener at 127.0.0.1/40095] INFO  server.AbstractConnector (AbstractConnector.java:doStart(331)) - Started ServerConnector@2c60cab8{HTTP/1.1, (http/1.1)}{0.0.0.0:39785}
2022-05-15 13:43:24,699 [Listener at 127.0.0.1/40095] INFO  server.Server (Server.java:doStart(415)) - Started @228813ms
2022-05-15 13:43:24,699 [Listener at 127.0.0.1/40095] WARN  impl.MetricsSystemImpl (MetricsSystemImpl.java:register(279)) - Sink prometheus already exists!
2022-05-15 13:43:24,701 [Listener at 127.0.0.1/40095] INFO  http.BaseHttpServer (BaseHttpServer.java:updateConnectorAddress(329)) - HTTP server of hddsDatanode listening at http://0.0.0.0:39785
2022-05-15 13:43:24,716 [Listener at 127.0.0.1/40095] WARN  impl.MetricRegistriesImpl (MetricRegistriesImpl.java:addReporterRegistration(111)) - New reporters are added after registries were created. Some metrics will be missing from the reporter. Please add reporter before adding any new registry.
2022-05-15 13:43:24,717 [Listener at 127.0.0.1/40095] WARN  impl.MetricRegistriesImpl (MetricRegistriesImpl.java:addReporterRegistration(111)) - New reporters are added after registries were created. Some metrics will be missing from the reporter. Please add reporter before adding any new registry.
2022-05-15 13:43:24,717 [Listener at 127.0.0.1/40095] INFO  impl.MetricsSystemImpl (MetricsSystemImpl.java:init(158)) - HddsDatanode metrics system started (again)
2022-05-15 13:43:24,726 [Datanode State Machine Daemon Thread] INFO  statemachine.DatanodeStateMachine (DatanodeStateMachine.java:lambda$startDaemon$0(472)) - Ozone container server started.
2022-05-15 13:43:24,818 [org.apache.hadoop.util.JvmPauseMonitor$Monitor@a0634bd] INFO  util.JvmPauseMonitor (JvmPauseMonitor.java:run(188)) - Starting JVM pause monitor
2022-05-15 13:43:24,842 [Listener at 127.0.0.1/40095] INFO  ozone.HddsDatanodeService (HddsDatanodeService.java:start(236)) - HddsDatanodeService host:fv-az40-973.r1qzdtoifymehf5jtx2d0vwyfg.bx.internal.cloudapp.net ip:10.1.0.20
2022-05-15 13:43:24,861 [Datanode State Machine Task Thread - 0] INFO  datanode.InitDatanodeState (InitDatanodeState.java:persistContainerDatanodeDetails(138)) - DatanodeDetails is persisted to /home/runner/work/ozone/ozone/hadoop-ozone/integration-test/target/test-dir/MiniOzoneClusterImpl-84148938-d4e7-44f7-8424-958744cac302/datanode-0/meta/datanode.id
2022-05-15 13:43:24,923 [Listener at 127.0.0.1/40095] INFO  upgrade.AbstractLayoutVersionManager (AbstractLayoutVersionManager.java:init(79)) - Initializing Layout version manager with metadata layout = ERASURE_CODED_STORAGE_SUPPORT (version = 3), software layout = ERASURE_CODED_STORAGE_SUPPORT (version = 3)
2022-05-15 13:43:25,018 [Listener at 127.0.0.1/40095] INFO  reflections.Reflections (Reflections.java:scan(232)) - Reflections took 87 ms to scan 7 urls, producing 126 keys and 289 values 
2022-05-15 13:43:25,040 [Listener at 127.0.0.1/40095] INFO  statemachine.DatanodeStateMachine (DatanodeStateMachine.java:getEndPointTaskThreadPoolSize(224)) - Datanode State Machine Task Thread Pool size 2
2022-05-15 13:43:25,042 [Listener at 127.0.0.1/40095] INFO  volume.HddsVolume (HddsVolume.java:<init>(120)) - Creating HddsVolume: /home/runner/work/ozone/ozone/hadoop-ozone/integration-test/target/test-dir/MiniOzoneClusterImpl-84148938-d4e7-44f7-8424-958744cac302/datanode-1/data-0/containers/hdds of storage type : DISK capacity : 9223372036854775807
2022-05-15 13:43:25,042 [Listener at 127.0.0.1/40095] INFO  volume.MutableVolumeSet (MutableVolumeSet.java:initializeVolumeSet(168)) - Added Volume : /home/runner/work/ozone/ozone/hadoop-ozone/integration-test/target/test-dir/MiniOzoneClusterImpl-84148938-d4e7-44f7-8424-958744cac302/datanode-1/data-0/containers/hdds to VolumeSet
2022-05-15 13:43:25,043 [Listener at 127.0.0.1/40095] INFO  volume.ThrottledAsyncChecker (ThrottledAsyncChecker.java:schedule(141)) - Scheduling a check for /home/runner/work/ozone/ozone/hadoop-ozone/integration-test/target/test-dir/MiniOzoneClusterImpl-84148938-d4e7-44f7-8424-958744cac302/datanode-1/data-0/containers/hdds
2022-05-15 13:43:25,045 [Listener at 127.0.0.1/40095] INFO  volume.StorageVolumeChecker (StorageVolumeChecker.java:checkAllVolumes(202)) - Scheduled health check for volume /home/runner/work/ozone/ozone/hadoop-ozone/integration-test/target/test-dir/MiniOzoneClusterImpl-84148938-d4e7-44f7-8424-958744cac302/datanode-1/data-0/containers/hdds
2022-05-15 13:43:25,059 [Listener at 127.0.0.1/40095] INFO  volume.MutableVolumeSet (MutableVolumeSet.java:initializeVolumeSet(168)) - Added Volume : /home/runner/work/ozone/ozone/hadoop-ozone/integration-test/target/test-dir/MiniOzoneClusterImpl-84148938-d4e7-44f7-8424-958744cac302/datanode-1/data/ratis to VolumeSet
2022-05-15 13:43:25,059 [Listener at 127.0.0.1/40095] INFO  volume.ThrottledAsyncChecker (ThrottledAsyncChecker.java:schedule(141)) - Scheduling a check for /home/runner/work/ozone/ozone/hadoop-ozone/integration-test/target/test-dir/MiniOzoneClusterImpl-84148938-d4e7-44f7-8424-958744cac302/datanode-1/data/ratis
2022-05-15 13:43:25,059 [Listener at 127.0.0.1/40095] INFO  volume.StorageVolumeChecker (StorageVolumeChecker.java:checkAllVolumes(202)) - Scheduled health check for volume /home/runner/work/ozone/ozone/hadoop-ozone/integration-test/target/test-dir/MiniOzoneClusterImpl-84148938-d4e7-44f7-8424-958744cac302/datanode-1/data/ratis
2022-05-15 13:43:25,122 [Thread-1504] INFO  ozoneimpl.ContainerReader (ContainerReader.java:readVolume(172)) - Finish verifying containers on volume /home/runner/work/ozone/ozone/hadoop-ozone/integration-test/target/test-dir/MiniOzoneClusterImpl-84148938-d4e7-44f7-8424-958744cac302/datanode-1/data-0/containers/hdds
2022-05-15 13:43:25,122 [Listener at 127.0.0.1/40095] INFO  ozoneimpl.OzoneContainer (OzoneContainer.java:buildContainerSet(257)) - Build ContainerSet costs 0s
2022-05-15 13:43:25,124 [Listener at 127.0.0.1/40095] INFO  server.RaftServer (ConfUtils.java:logGet(44)) - raft.rpc.type = GRPC (default)
2022-05-15 13:43:25,124 [Listener at 127.0.0.1/40095] INFO  grpc.GrpcFactory (GrpcFactory.java:checkPooledByteBufAllocatorUseCacheForAllThreads(48)) - PERFORMANCE WARNING: useCacheForAllThreads is true that may cause Netty to create a lot garbage objects and, as a result, trigger GC.
	It is recommended to disable useCacheForAllThreads by setting -Dorg.apache.ratis.thirdparty.io.netty.allocator.useCacheForAllThreads=false in command line.
2022-05-15 13:43:25,124 [Listener at 127.0.0.1/40095] INFO  grpc.GrpcConfigKeys (ConfUtils.java:logGet(44)) - raft.grpc.admin.port = 0 (custom)
2022-05-15 13:43:25,124 [Listener at 127.0.0.1/40095] INFO  grpc.GrpcConfigKeys (ConfUtils.java:logGet(44)) - raft.grpc.client.port = 0 (custom)
2022-05-15 13:43:25,125 [Listener at 127.0.0.1/40095] INFO  grpc.GrpcConfigKeys (ConfUtils.java:logGet(44)) - raft.grpc.server.port = 0 (default)
2022-05-15 13:43:25,125 [Listener at 127.0.0.1/40095] INFO  server.GrpcService (ConfUtils.java:logGet(44)) - raft.grpc.message.size.max = 32MB (=33554432) (custom)
2022-05-15 13:43:25,125 [Listener at 127.0.0.1/40095] INFO  server.RaftServerConfigKeys (ConfUtils.java:logGet(44)) - raft.server.log.appender.buffer.byte-limit = 33554432 (custom)
2022-05-15 13:43:25,125 [Listener at 127.0.0.1/40095] INFO  server.GrpcService (ConfUtils.java:logGet(44)) - raft.grpc.flow.control.window = 5MB (=5242880) (custom)
2022-05-15 13:43:25,125 [Listener at 127.0.0.1/40095] INFO  server.RaftServerConfigKeys (ConfUtils.java:logGet(44)) - raft.server.rpc.request.timeout = 60s (custom)
2022-05-15 13:43:25,126 [Listener at 127.0.0.1/40095] INFO  impl.DataStreamServerImpl (ConfUtils.java:logGet(44)) - raft.datastream.type = DISABLED (default)
2022-05-15 13:43:25,126 [Listener at 127.0.0.1/40095] INFO  server.RaftServerConfigKeys (ConfUtils.java:logGet(44)) - raft.server.rpc.slowness.timeout = 300s (custom)
2022-05-15 13:43:25,126 [Listener at 127.0.0.1/40095] INFO  server.RaftServerConfigKeys (ConfUtils.java:logGet(44)) - raft.server.leaderelection.leader.step-down.wait-time = 10s (default)
2022-05-15 13:43:25,126 [Listener at 127.0.0.1/40095] INFO  server.RaftServerConfigKeys (ConfUtils.java:logGet(44)) - raft.server.storage.dir = [/home/runner/work/ozone/ozone/hadoop-ozone/integration-test/target/test-dir/MiniOzoneClusterImpl-84148938-d4e7-44f7-8424-958744cac302/datanode-1/data/ratis] (custom)
2022-05-15 13:43:25,127 [Listener at 127.0.0.1/40095] INFO  server.XceiverServerGrpc (XceiverServerGrpc.java:<init>(132)) - GrpcServer channel type EpollServerSocketChannel
2022-05-15 13:43:25,170 [Listener at 127.0.0.1/40095] INFO  http.BaseHttpServer (BaseHttpServer.java:newHttpServer2BuilderForOzone(209)) - Starting Web-server for hddsDatanode at: http://0.0.0.0:0
2022-05-15 13:43:25,170 [Listener at 127.0.0.1/40095] INFO  http.BaseHttpServer (BaseHttpServer.java:<init>(107)) - Hadoop Security Enabled: false Ozone Security Enabled: false Ozone HTTP Security Enabled: false 
2022-05-15 13:43:25,171 [Listener at 127.0.0.1/40095] INFO  server.AuthenticationFilter (AuthenticationFilter.java:constructSecretProvider(240)) - Unable to initialize FileSignerSecretProvider, falling back to use random secrets.
2022-05-15 13:43:25,190 [Listener at 127.0.0.1/40095] WARN  http.HttpRequestLog (HttpRequestLog.java:getRequestLog(103)) - Jetty request log can only be enabled using Log4j
2022-05-15 13:43:25,208 [Listener at 127.0.0.1/40095] INFO  http.HttpServer2 (HttpServer2.java:addGlobalFilter(1030)) - Added global filter 'safety' (class=org.apache.hadoop.hdds.server.http.HttpServer2$QuotingInputFilter)
2022-05-15 13:43:25,209 [Listener at 127.0.0.1/40095] INFO  http.HttpServer2 (HttpServer2.java:addFilter(1006)) - Added filter static_user_filter (class=org.apache.hadoop.http.lib.StaticUserWebFilter$StaticUserFilter) to context hddsDatanode
2022-05-15 13:43:25,209 [Listener at 127.0.0.1/40095] INFO  http.HttpServer2 (HttpServer2.java:addFilter(1014)) - Added filter static_user_filter (class=org.apache.hadoop.http.lib.StaticUserWebFilter$StaticUserFilter) to context static
2022-05-15 13:43:25,209 [Listener at 127.0.0.1/40095] INFO  http.HttpServer2 (HttpServer2.java:addFilter(1014)) - Added filter static_user_filter (class=org.apache.hadoop.http.lib.StaticUserWebFilter$StaticUserFilter) to context logs
2022-05-15 13:43:25,209 [Listener at 127.0.0.1/40095] INFO  http.HttpServer2 (HttpServer2.java:bindListener(1249)) - Jetty bound to port 35621
2022-05-15 13:43:25,210 [Listener at 127.0.0.1/40095] INFO  server.Server (Server.java:doStart(375)) - jetty-9.4.43.v20210629; built: 2021-06-30T11:07:22.254Z; git: 526006ecfa3af7f1a27ef3a288e2bef7ea9dd7e8; jvm 1.8.0_332-b09
2022-05-15 13:43:25,212 [Listener at 127.0.0.1/40095] INFO  server.session (DefaultSessionIdManager.java:doStart(334)) - DefaultSessionIdManager workerName=node0
2022-05-15 13:43:25,212 [Listener at 127.0.0.1/40095] INFO  server.session (DefaultSessionIdManager.java:doStart(339)) - No SessionScavenger set, using defaults
2022-05-15 13:43:25,212 [Listener at 127.0.0.1/40095] INFO  server.session (HouseKeeper.java:startScavenging(132)) - node0 Scavenging every 660000ms
2022-05-15 13:43:25,213 [Listener at 127.0.0.1/40095] INFO  handler.ContextHandler (ContextHandler.java:doStart(915)) - Started o.e.j.s.ServletContextHandler@72d1d903{logs,/logs,file:///home/runner/work/ozone/ozone/hadoop-ozone/integration-test/target/log,AVAILABLE}
2022-05-15 13:43:25,213 [Listener at 127.0.0.1/40095] INFO  handler.ContextHandler (ContextHandler.java:doStart(915)) - Started o.e.j.s.ServletContextHandler@4c91e8b0{static,/static,jar:file:/home/runner/.m2/repository/org/apache/ozone/hdds-container-service/1.3.0-SNAPSHOT/hdds-container-service-1.3.0-SNAPSHOT.jar!/webapps/static,AVAILABLE}
2022-05-15 13:43:25,765 [Listener at 127.0.0.1/40095] INFO  handler.ContextHandler (ContextHandler.java:doStart(915)) - Started o.e.j.w.WebAppContext@307bd31f{hddsDatanode,/,file:///tmp/jetty-0_0_0_0-35621-hdds-container-service-1_3_0-SNAPSHOT_jar-_-any-9062746776003310576/webapp/,AVAILABLE}{jar:file:/home/runner/.m2/repository/org/apache/ozone/hdds-container-service/1.3.0-SNAPSHOT/hdds-container-service-1.3.0-SNAPSHOT.jar!/webapps/hddsDatanode}
2022-05-15 13:43:25,779 [Listener at 127.0.0.1/40095] INFO  server.AbstractConnector (AbstractConnector.java:doStart(331)) - Started ServerConnector@5eb82ec9{HTTP/1.1, (http/1.1)}{0.0.0.0:35621}
2022-05-15 13:43:25,779 [Listener at 127.0.0.1/40095] INFO  server.Server (Server.java:doStart(415)) - Started @229893ms
2022-05-15 13:43:25,779 [Listener at 127.0.0.1/40095] WARN  impl.MetricsSystemImpl (MetricsSystemImpl.java:register(279)) - Sink prometheus already exists!
2022-05-15 13:43:25,780 [Listener at 127.0.0.1/40095] INFO  http.BaseHttpServer (BaseHttpServer.java:updateConnectorAddress(329)) - HTTP server of hddsDatanode listening at http://0.0.0.0:35621
2022-05-15 13:43:25,798 [Listener at 127.0.0.1/40095] WARN  impl.MetricRegistriesImpl (MetricRegistriesImpl.java:addReporterRegistration(111)) - New reporters are added after registries were created. Some metrics will be missing from the reporter. Please add reporter before adding any new registry.
2022-05-15 13:43:25,799 [Listener at 127.0.0.1/40095] WARN  impl.MetricRegistriesImpl (MetricRegistriesImpl.java:addReporterRegistration(111)) - New reporters are added after registries were created. Some metrics will be missing from the reporter. Please add reporter before adding any new registry.
2022-05-15 13:43:25,799 [Listener at 127.0.0.1/40095] INFO  impl.MetricsSystemImpl (MetricsSystemImpl.java:init(158)) - HddsDatanode metrics system started (again)
2022-05-15 13:43:25,806 [Datanode State Machine Daemon Thread] INFO  statemachine.DatanodeStateMachine (DatanodeStateMachine.java:lambda$startDaemon$0(472)) - Ozone container server started.
2022-05-15 13:43:25,848 [Listener at 127.0.0.1/40095] INFO  ozone.HddsDatanodeService (HddsDatanodeService.java:start(236)) - HddsDatanodeService host:fv-az40-973.r1qzdtoifymehf5jtx2d0vwyfg.bx.internal.cloudapp.net ip:10.1.0.20
2022-05-15 13:43:25,915 [org.apache.hadoop.util.JvmPauseMonitor$Monitor@49c38de7] INFO  util.JvmPauseMonitor (JvmPauseMonitor.java:run(188)) - Starting JVM pause monitor
2022-05-15 13:43:25,937 [Listener at 127.0.0.1/40095] INFO  upgrade.AbstractLayoutVersionManager (AbstractLayoutVersionManager.java:init(79)) - Initializing Layout version manager with metadata layout = ERASURE_CODED_STORAGE_SUPPORT (version = 3), software layout = ERASURE_CODED_STORAGE_SUPPORT (version = 3)
2022-05-15 13:43:25,955 [Datanode State Machine Task Thread - 0] INFO  datanode.InitDatanodeState (InitDatanodeState.java:persistContainerDatanodeDetails(138)) - DatanodeDetails is persisted to /home/runner/work/ozone/ozone/hadoop-ozone/integration-test/target/test-dir/MiniOzoneClusterImpl-84148938-d4e7-44f7-8424-958744cac302/datanode-1/meta/datanode.id
2022-05-15 13:43:26,048 [Listener at 127.0.0.1/40095] INFO  reflections.Reflections (Reflections.java:scan(232)) - Reflections took 110 ms to scan 7 urls, producing 126 keys and 289 values 
2022-05-15 13:43:26,049 [Listener at 127.0.0.1/40095] INFO  statemachine.DatanodeStateMachine (DatanodeStateMachine.java:getEndPointTaskThreadPoolSize(224)) - Datanode State Machine Task Thread Pool size 2
2022-05-15 13:43:26,094 [Listener at 127.0.0.1/40095] INFO  volume.HddsVolume (HddsVolume.java:<init>(120)) - Creating HddsVolume: /home/runner/work/ozone/ozone/hadoop-ozone/integration-test/target/test-dir/MiniOzoneClusterImpl-84148938-d4e7-44f7-8424-958744cac302/datanode-2/data-0/containers/hdds of storage type : DISK capacity : 9223372036854775807
2022-05-15 13:43:26,096 [Listener at 127.0.0.1/40095] INFO  volume.MutableVolumeSet (MutableVolumeSet.java:initializeVolumeSet(168)) - Added Volume : /home/runner/work/ozone/ozone/hadoop-ozone/integration-test/target/test-dir/MiniOzoneClusterImpl-84148938-d4e7-44f7-8424-958744cac302/datanode-2/data-0/containers/hdds to VolumeSet
2022-05-15 13:43:26,097 [Listener at 127.0.0.1/40095] INFO  volume.ThrottledAsyncChecker (ThrottledAsyncChecker.java:schedule(141)) - Scheduling a check for /home/runner/work/ozone/ozone/hadoop-ozone/integration-test/target/test-dir/MiniOzoneClusterImpl-84148938-d4e7-44f7-8424-958744cac302/datanode-2/data-0/containers/hdds
2022-05-15 13:43:26,107 [Listener at 127.0.0.1/40095] INFO  volume.StorageVolumeChecker (StorageVolumeChecker.java:checkAllVolumes(202)) - Scheduled health check for volume /home/runner/work/ozone/ozone/hadoop-ozone/integration-test/target/test-dir/MiniOzoneClusterImpl-84148938-d4e7-44f7-8424-958744cac302/datanode-2/data-0/containers/hdds
2022-05-15 13:43:26,155 [Listener at 127.0.0.1/40095] INFO  volume.MutableVolumeSet (MutableVolumeSet.java:initializeVolumeSet(168)) - Added Volume : /home/runner/work/ozone/ozone/hadoop-ozone/integration-test/target/test-dir/MiniOzoneClusterImpl-84148938-d4e7-44f7-8424-958744cac302/datanode-2/data/ratis to VolumeSet
2022-05-15 13:43:26,155 [Listener at 127.0.0.1/40095] INFO  volume.ThrottledAsyncChecker (ThrottledAsyncChecker.java:schedule(141)) - Scheduling a check for /home/runner/work/ozone/ozone/hadoop-ozone/integration-test/target/test-dir/MiniOzoneClusterImpl-84148938-d4e7-44f7-8424-958744cac302/datanode-2/data/ratis
2022-05-15 13:43:26,155 [Listener at 127.0.0.1/40095] INFO  volume.StorageVolumeChecker (StorageVolumeChecker.java:checkAllVolumes(202)) - Scheduled health check for volume /home/runner/work/ozone/ozone/hadoop-ozone/integration-test/target/test-dir/MiniOzoneClusterImpl-84148938-d4e7-44f7-8424-958744cac302/datanode-2/data/ratis
2022-05-15 13:43:26,203 [Thread-1516] INFO  ozoneimpl.ContainerReader (ContainerReader.java:readVolume(172)) - Finish verifying containers on volume /home/runner/work/ozone/ozone/hadoop-ozone/integration-test/target/test-dir/MiniOzoneClusterImpl-84148938-d4e7-44f7-8424-958744cac302/datanode-2/data-0/containers/hdds
2022-05-15 13:43:26,203 [Listener at 127.0.0.1/40095] INFO  ozoneimpl.OzoneContainer (OzoneContainer.java:buildContainerSet(257)) - Build ContainerSet costs 0s
2022-05-15 13:43:26,204 [Listener at 127.0.0.1/40095] INFO  server.RaftServer (ConfUtils.java:logGet(44)) - raft.rpc.type = GRPC (default)
2022-05-15 13:43:26,205 [Listener at 127.0.0.1/40095] INFO  grpc.GrpcFactory (GrpcFactory.java:checkPooledByteBufAllocatorUseCacheForAllThreads(48)) - PERFORMANCE WARNING: useCacheForAllThreads is true that may cause Netty to create a lot garbage objects and, as a result, trigger GC.
	It is recommended to disable useCacheForAllThreads by setting -Dorg.apache.ratis.thirdparty.io.netty.allocator.useCacheForAllThreads=false in command line.
2022-05-15 13:43:26,205 [Listener at 127.0.0.1/40095] INFO  grpc.GrpcConfigKeys (ConfUtils.java:logGet(44)) - raft.grpc.admin.port = 0 (custom)
2022-05-15 13:43:26,205 [Listener at 127.0.0.1/40095] INFO  grpc.GrpcConfigKeys (ConfUtils.java:logGet(44)) - raft.grpc.client.port = 0 (custom)
2022-05-15 13:43:26,205 [Listener at 127.0.0.1/40095] INFO  grpc.GrpcConfigKeys (ConfUtils.java:logGet(44)) - raft.grpc.server.port = 0 (default)
2022-05-15 13:43:26,205 [Listener at 127.0.0.1/40095] INFO  server.GrpcService (ConfUtils.java:logGet(44)) - raft.grpc.message.size.max = 32MB (=33554432) (custom)
2022-05-15 13:43:26,205 [Listener at 127.0.0.1/40095] INFO  server.RaftServerConfigKeys (ConfUtils.java:logGet(44)) - raft.server.log.appender.buffer.byte-limit = 33554432 (custom)
2022-05-15 13:43:26,205 [Listener at 127.0.0.1/40095] INFO  server.GrpcService (ConfUtils.java:logGet(44)) - raft.grpc.flow.control.window = 5MB (=5242880) (custom)
2022-05-15 13:43:26,205 [Listener at 127.0.0.1/40095] INFO  server.RaftServerConfigKeys (ConfUtils.java:logGet(44)) - raft.server.rpc.request.timeout = 60s (custom)
2022-05-15 13:43:26,239 [Listener at 127.0.0.1/40095] INFO  impl.DataStreamServerImpl (ConfUtils.java:logGet(44)) - raft.datastream.type = DISABLED (default)
2022-05-15 13:43:26,239 [Listener at 127.0.0.1/40095] INFO  server.RaftServerConfigKeys (ConfUtils.java:logGet(44)) - raft.server.rpc.slowness.timeout = 300s (custom)
2022-05-15 13:43:26,239 [Listener at 127.0.0.1/40095] INFO  server.RaftServerConfigKeys (ConfUtils.java:logGet(44)) - raft.server.leaderelection.leader.step-down.wait-time = 10s (default)
2022-05-15 13:43:26,239 [Listener at 127.0.0.1/40095] INFO  server.RaftServerConfigKeys (ConfUtils.java:logGet(44)) - raft.server.storage.dir = [/home/runner/work/ozone/ozone/hadoop-ozone/integration-test/target/test-dir/MiniOzoneClusterImpl-84148938-d4e7-44f7-8424-958744cac302/datanode-2/data/ratis] (custom)
2022-05-15 13:43:26,240 [Listener at 127.0.0.1/40095] INFO  server.XceiverServerGrpc (XceiverServerGrpc.java:<init>(132)) - GrpcServer channel type EpollServerSocketChannel
2022-05-15 13:43:26,273 [Listener at 127.0.0.1/40095] INFO  http.BaseHttpServer (BaseHttpServer.java:newHttpServer2BuilderForOzone(209)) - Starting Web-server for hddsDatanode at: http://0.0.0.0:0
2022-05-15 13:43:26,273 [Listener at 127.0.0.1/40095] INFO  http.BaseHttpServer (BaseHttpServer.java:<init>(107)) - Hadoop Security Enabled: false Ozone Security Enabled: false Ozone HTTP Security Enabled: false 
2022-05-15 13:43:26,278 [Listener at 127.0.0.1/40095] INFO  server.AuthenticationFilter (AuthenticationFilter.java:constructSecretProvider(240)) - Unable to initialize FileSignerSecretProvider, falling back to use random secrets.
2022-05-15 13:43:26,282 [Listener at 127.0.0.1/40095] WARN  http.HttpRequestLog (HttpRequestLog.java:getRequestLog(103)) - Jetty request log can only be enabled using Log4j
2022-05-15 13:43:26,283 [Listener at 127.0.0.1/40095] INFO  http.HttpServer2 (HttpServer2.java:addGlobalFilter(1030)) - Added global filter 'safety' (class=org.apache.hadoop.hdds.server.http.HttpServer2$QuotingInputFilter)
2022-05-15 13:43:26,283 [Listener at 127.0.0.1/40095] INFO  http.HttpServer2 (HttpServer2.java:addFilter(1006)) - Added filter static_user_filter (class=org.apache.hadoop.http.lib.StaticUserWebFilter$StaticUserFilter) to context hddsDatanode
2022-05-15 13:43:26,283 [Listener at 127.0.0.1/40095] INFO  http.HttpServer2 (HttpServer2.java:addFilter(1014)) - Added filter static_user_filter (class=org.apache.hadoop.http.lib.StaticUserWebFilter$StaticUserFilter) to context logs
2022-05-15 13:43:26,284 [Listener at 127.0.0.1/40095] INFO  http.HttpServer2 (HttpServer2.java:addFilter(1014)) - Added filter static_user_filter (class=org.apache.hadoop.http.lib.StaticUserWebFilter$StaticUserFilter) to context static
2022-05-15 13:43:26,284 [Listener at 127.0.0.1/40095] INFO  http.HttpServer2 (HttpServer2.java:bindListener(1249)) - Jetty bound to port 40023
2022-05-15 13:43:26,284 [Listener at 127.0.0.1/40095] INFO  server.Server (Server.java:doStart(375)) - jetty-9.4.43.v20210629; built: 2021-06-30T11:07:22.254Z; git: 526006ecfa3af7f1a27ef3a288e2bef7ea9dd7e8; jvm 1.8.0_332-b09
2022-05-15 13:43:26,335 [Listener at 127.0.0.1/40095] INFO  server.session (DefaultSessionIdManager.java:doStart(334)) - DefaultSessionIdManager workerName=node0
2022-05-15 13:43:26,335 [Listener at 127.0.0.1/40095] INFO  server.session (DefaultSessionIdManager.java:doStart(339)) - No SessionScavenger set, using defaults
2022-05-15 13:43:26,335 [Listener at 127.0.0.1/40095] INFO  server.session (HouseKeeper.java:startScavenging(132)) - node0 Scavenging every 600000ms
2022-05-15 13:43:26,336 [Listener at 127.0.0.1/40095] INFO  handler.ContextHandler (ContextHandler.java:doStart(915)) - Started o.e.j.s.ServletContextHandler@37f0eb2b{logs,/logs,file:///home/runner/work/ozone/ozone/hadoop-ozone/integration-test/target/log,AVAILABLE}
2022-05-15 13:43:26,336 [Listener at 127.0.0.1/40095] INFO  handler.ContextHandler (ContextHandler.java:doStart(915)) - Started o.e.j.s.ServletContextHandler@39298187{static,/static,jar:file:/home/runner/.m2/repository/org/apache/ozone/hdds-container-service/1.3.0-SNAPSHOT/hdds-container-service-1.3.0-SNAPSHOT.jar!/webapps/static,AVAILABLE}
2022-05-15 13:43:26,833 [Listener at 127.0.0.1/40095] INFO  handler.ContextHandler (ContextHandler.java:doStart(915)) - Started o.e.j.w.WebAppContext@2c18bd39{hddsDatanode,/,file:///tmp/jetty-0_0_0_0-40023-hdds-container-service-1_3_0-SNAPSHOT_jar-_-any-2658095352571596296/webapp/,AVAILABLE}{jar:file:/home/runner/.m2/repository/org/apache/ozone/hdds-container-service/1.3.0-SNAPSHOT/hdds-container-service-1.3.0-SNAPSHOT.jar!/webapps/hddsDatanode}
2022-05-15 13:43:26,881 [Listener at 127.0.0.1/40095] INFO  server.AbstractConnector (AbstractConnector.java:doStart(331)) - Started ServerConnector@770632c5{HTTP/1.1, (http/1.1)}{0.0.0.0:40023}
2022-05-15 13:43:26,881 [Listener at 127.0.0.1/40095] INFO  server.Server (Server.java:doStart(415)) - Started @230996ms
2022-05-15 13:43:26,881 [Listener at 127.0.0.1/40095] WARN  impl.MetricsSystemImpl (MetricsSystemImpl.java:register(279)) - Sink prometheus already exists!
2022-05-15 13:43:26,882 [Listener at 127.0.0.1/40095] INFO  http.BaseHttpServer (BaseHttpServer.java:updateConnectorAddress(329)) - HTTP server of hddsDatanode listening at http://0.0.0.0:40023
2022-05-15 13:43:26,887 [Listener at 127.0.0.1/40095] INFO  ozone.MiniOzoneClusterImpl (MiniOzoneClusterImpl.java:lambda$waitForClusterToBeReady$0(221)) - Waiting for nodes to be ready. Got 0 of 3 DN Heartbeats.
2022-05-15 13:43:26,887 [Listener at 127.0.0.1/40095] INFO  ozone.MiniOzoneClusterImpl (MiniOzoneClusterImpl.java:lambda$waitForClusterToBeReady$0(224)) - Waiting for cluster to exit safe mode
2022-05-15 13:43:26,887 [Listener at 127.0.0.1/40095] INFO  ozone.MiniOzoneClusterImpl (MiniOzoneClusterImpl.java:lambda$waitForClusterToBeReady$0(226)) - SCM became leader
2022-05-15 13:43:26,889 [Datanode State Machine Daemon Thread] INFO  statemachine.DatanodeStateMachine (DatanodeStateMachine.java:lambda$startDaemon$0(472)) - Ozone container server started.
2022-05-15 13:43:27,072 [Datanode State Machine Task Thread - 0] INFO  datanode.InitDatanodeState (InitDatanodeState.java:persistContainerDatanodeDetails(138)) - DatanodeDetails is persisted to /home/runner/work/ozone/ozone/hadoop-ozone/integration-test/target/test-dir/MiniOzoneClusterImpl-84148938-d4e7-44f7-8424-958744cac302/datanode-2/meta/datanode.id
2022-05-15 13:43:27,101 [org.apache.hadoop.util.JvmPauseMonitor$Monitor@33d0625b] INFO  util.JvmPauseMonitor (JvmPauseMonitor.java:run(188)) - Starting JVM pause monitor
2022-05-15 13:43:27,103 [EndpointStateMachine task thread for /0.0.0.0:45337 - 0 ] INFO  ozoneimpl.OzoneContainer (OzoneContainer.java:start(335)) - Attempting to start container services.
2022-05-15 13:43:27,104 [EndpointStateMachine task thread for /0.0.0.0:45337 - 0 ] INFO  ozoneimpl.OzoneContainer (OzoneContainer.java:startContainerScrub(270)) - Background container scanner has been disabled.
2022-05-15 13:43:27,105 [EndpointStateMachine task thread for /0.0.0.0:45337 - 0 ] INFO  replication.ReplicationServer (ReplicationServer.java:start(111)) - ReplicationServer is started using port 35567
2022-05-15 13:43:27,106 [EndpointStateMachine task thread for /0.0.0.0:45337 - 0 ] INFO  ratis.XceiverServerRatis (XceiverServerRatis.java:start(481)) - Starting XceiverServerRatis 0d3cae59-4282-4496-a4e1-90b2fca61e2c
2022-05-15 13:43:27,106 [EndpointStateMachine task thread for /0.0.0.0:45337 - 0 ] INFO  server.RaftServer (RaftServerProxy.java:lambda$start$5(374)) - 0d3cae59-4282-4496-a4e1-90b2fca61e2c: start RPC server
2022-05-15 13:43:27,139 [EndpointStateMachine task thread for /0.0.0.0:45337 - 0 ] INFO  server.GrpcService (GrpcService.java:startImpl(253)) - 0d3cae59-4282-4496-a4e1-90b2fca61e2c: GrpcService started, listening on 45501
2022-05-15 13:43:27,146 [EndpointStateMachine task thread for /0.0.0.0:45337 - 0 ] INFO  ratis.XceiverServerRatis (XceiverServerRatis.java:getRealPort(502)) - XceiverServerRatis 0d3cae59-4282-4496-a4e1-90b2fca61e2c is started using port 45501 for RATIS
2022-05-15 13:43:27,146 [org.apache.ratis.util.JvmPauseMonitor$$Lambda$622/1489821748@76de4a8b] INFO  util.JvmPauseMonitor (JvmPauseMonitor.java:run(103)) - JvmPauseMonitor-0d3cae59-4282-4496-a4e1-90b2fca61e2c: Started
2022-05-15 13:43:27,146 [EndpointStateMachine task thread for /0.0.0.0:45337 - 0 ] INFO  ratis.XceiverServerRatis (XceiverServerRatis.java:getRealPort(502)) - XceiverServerRatis 0d3cae59-4282-4496-a4e1-90b2fca61e2c is started using port 45501 for RATIS_ADMIN
2022-05-15 13:43:27,146 [EndpointStateMachine task thread for /0.0.0.0:45337 - 0 ] INFO  ratis.XceiverServerRatis (XceiverServerRatis.java:getRealPort(502)) - XceiverServerRatis 0d3cae59-4282-4496-a4e1-90b2fca61e2c is started using port 45501 for RATIS_SERVER
2022-05-15 13:43:27,153 [EndpointStateMachine task thread for /0.0.0.0:45337 - 0 ] INFO  server.XceiverServerGrpc (XceiverServerGrpc.java:start(180)) - XceiverServerGrpc 0d3cae59-4282-4496-a4e1-90b2fca61e2c is started using port 41909
2022-05-15 13:43:27,893 [Listener at 127.0.0.1/40095] INFO  ozone.MiniOzoneClusterImpl (MiniOzoneClusterImpl.java:lambda$waitForClusterToBeReady$0(221)) - Waiting for nodes to be ready. Got 0 of 3 DN Heartbeats.
2022-05-15 13:43:27,893 [Listener at 127.0.0.1/40095] INFO  ozone.MiniOzoneClusterImpl (MiniOzoneClusterImpl.java:lambda$waitForClusterToBeReady$0(224)) - Waiting for cluster to exit safe mode
2022-05-15 13:43:27,893 [Listener at 127.0.0.1/40095] INFO  ozone.MiniOzoneClusterImpl (MiniOzoneClusterImpl.java:lambda$waitForClusterToBeReady$0(226)) - SCM became leader
2022-05-15 13:43:27,944 [EndpointStateMachine task thread for /0.0.0.0:45337 - 0 ] INFO  ozoneimpl.OzoneContainer (OzoneContainer.java:start(335)) - Attempting to start container services.
2022-05-15 13:43:27,944 [EndpointStateMachine task thread for /0.0.0.0:45337 - 0 ] INFO  ozoneimpl.OzoneContainer (OzoneContainer.java:startContainerScrub(270)) - Background container scanner has been disabled.
2022-05-15 13:43:27,946 [EndpointStateMachine task thread for /0.0.0.0:45337 - 0 ] INFO  replication.ReplicationServer (ReplicationServer.java:start(111)) - ReplicationServer is started using port 42143
2022-05-15 13:43:27,956 [EndpointStateMachine task thread for /0.0.0.0:45337 - 0 ] INFO  ratis.XceiverServerRatis (XceiverServerRatis.java:start(481)) - Starting XceiverServerRatis 2dee7481-997e-4819-9eb0-c9795558e67b
2022-05-15 13:43:27,979 [EndpointStateMachine task thread for /0.0.0.0:45337 - 0 ] INFO  server.RaftServer (RaftServerProxy.java:lambda$start$5(374)) - 2dee7481-997e-4819-9eb0-c9795558e67b: start RPC server
2022-05-15 13:43:27,979 [EndpointStateMachine task thread for /0.0.0.0:45337 - 0 ] INFO  server.GrpcService (GrpcService.java:startImpl(253)) - 2dee7481-997e-4819-9eb0-c9795558e67b: GrpcService started, listening on 44031
2022-05-15 13:43:27,980 [EndpointStateMachine task thread for /0.0.0.0:45337 - 0 ] INFO  ratis.XceiverServerRatis (XceiverServerRatis.java:getRealPort(502)) - XceiverServerRatis 2dee7481-997e-4819-9eb0-c9795558e67b is started using port 44031 for RATIS
2022-05-15 13:43:27,980 [EndpointStateMachine task thread for /0.0.0.0:45337 - 0 ] INFO  ratis.XceiverServerRatis (XceiverServerRatis.java:getRealPort(502)) - XceiverServerRatis 2dee7481-997e-4819-9eb0-c9795558e67b is started using port 44031 for RATIS_ADMIN
2022-05-15 13:43:27,980 [EndpointStateMachine task thread for /0.0.0.0:45337 - 0 ] INFO  ratis.XceiverServerRatis (XceiverServerRatis.java:getRealPort(502)) - XceiverServerRatis 2dee7481-997e-4819-9eb0-c9795558e67b is started using port 44031 for RATIS_SERVER
2022-05-15 13:43:27,980 [org.apache.ratis.util.JvmPauseMonitor$$Lambda$622/1489821748@11dd65f6] INFO  util.JvmPauseMonitor (JvmPauseMonitor.java:run(103)) - JvmPauseMonitor-2dee7481-997e-4819-9eb0-c9795558e67b: Started
2022-05-15 13:43:27,980 [EndpointStateMachine task thread for /0.0.0.0:45337 - 0 ] INFO  server.XceiverServerGrpc (XceiverServerGrpc.java:start(180)) - XceiverServerGrpc 2dee7481-997e-4819-9eb0-c9795558e67b is started using port 34403
2022-05-15 13:43:28,820 [IPC Server handler 4 on default port 45337] INFO  net.NetworkTopologyImpl (NetworkTopologyImpl.java:add(112)) - Added a new node: /default-rack/0d3cae59-4282-4496-a4e1-90b2fca61e2c
2022-05-15 13:43:28,820 [IPC Server handler 4 on default port 45337] INFO  node.SCMNodeManager (SCMNodeManager.java:register(393)) - Registered Data node : 0d3cae59-4282-4496-a4e1-90b2fca61e2c{ip: 10.1.0.20, host: fv-az40-973.r1qzdtoifymehf5jtx2d0vwyfg.bx.internal.cloudapp.net, ports: [REPLICATION=35567, RATIS=45501, RATIS_ADMIN=45501, RATIS_SERVER=45501, STANDALONE=41909], networkLocation: /default-rack, certSerialId: null, persistedOpState: null, persistedOpStateExpiryEpochSec: 0}
2022-05-15 13:43:28,850 [EventQueue-NewNodeForNewNodeHandler] INFO  pipeline.BackgroundPipelineCreator (BackgroundPipelineCreator.java:notifyEventTriggered(272)) - trigger a one-shot run on RatisPipelineUtilsThread.
2022-05-15 13:43:28,858 [RatisPipelineUtilsThread - 0] INFO  pipeline.RatisPipelineProvider (RatisPipelineProvider.java:lambda$create$0(195)) - Sending CreatePipelineCommand for pipeline:PipelineID=ff7ec09d-0258-4b70-9869-0628becf0b34 to datanode:0d3cae59-4282-4496-a4e1-90b2fca61e2c
2022-05-15 13:43:28,867 [RatisPipelineUtilsThread - 0] INFO  pipeline.PipelineStateManagerImpl (PipelineStateManagerImpl.java:addPipeline(101)) - Created pipeline Pipeline[ Id: ff7ec09d-0258-4b70-9869-0628becf0b34, Nodes: 0d3cae59-4282-4496-a4e1-90b2fca61e2c{ip: 10.1.0.20, host: fv-az40-973.r1qzdtoifymehf5jtx2d0vwyfg.bx.internal.cloudapp.net, ports: [REPLICATION=35567, RATIS=45501, RATIS_ADMIN=45501, RATIS_SERVER=45501, STANDALONE=41909], networkLocation: /default-rack, certSerialId: null, persistedOpState: IN_SERVICE, persistedOpStateExpiryEpochSec: 0}, ReplicationConfig: RATIS/ONE, State:ALLOCATED, leaderId:, CreationTimestamp2022-05-15T13:43:28.858Z[Etc/UTC]].
2022-05-15 13:43:28,890 [EventQueue-NodeRegistrationContainerReportForDataNodeSafeModeRule] INFO  safemode.SCMSafeModeManager (DataNodeSafeModeRule.java:process(71)) - SCM in safe mode. 1 DataNodes registered, 3 required.
2022-05-15 13:43:28,893 [Listener at 127.0.0.1/40095] INFO  ozone.MiniOzoneClusterImpl (MiniOzoneClusterImpl.java:lambda$waitForClusterToBeReady$0(221)) - Waiting for nodes to be ready. Got 1 of 3 DN Heartbeats.
2022-05-15 13:43:28,893 [Listener at 127.0.0.1/40095] INFO  ozone.MiniOzoneClusterImpl (MiniOzoneClusterImpl.java:lambda$waitForClusterToBeReady$0(224)) - Waiting for cluster to exit safe mode
2022-05-15 13:43:28,893 [Listener at 127.0.0.1/40095] INFO  ozone.MiniOzoneClusterImpl (MiniOzoneClusterImpl.java:lambda$waitForClusterToBeReady$0(226)) - SCM became leader
2022-05-15 13:43:28,905 [EventQueue-NodeRegistrationContainerReportForContainerSafeModeRule] INFO  safemode.SCMSafeModeManager (SCMSafeModeManager.java:validateSafeModeExitRules(204)) - ContainerSafeModeRule rule is successfully validated
2022-05-15 13:43:28,918 [EventQueue-PipelineReportForOneReplicaPipelineSafeModeRule] INFO  safemode.SCMSafeModeManager (SCMSafeModeManager.java:validateSafeModeExitRules(204)) - AtleastOneDatanodeReportedRule rule is successfully validated
2022-05-15 13:43:29,105 [EndpointStateMachine task thread for /0.0.0.0:45337 - 0 ] INFO  ozoneimpl.OzoneContainer (OzoneContainer.java:start(335)) - Attempting to start container services.
2022-05-15 13:43:29,110 [EndpointStateMachine task thread for /0.0.0.0:45337 - 0 ] INFO  ozoneimpl.OzoneContainer (OzoneContainer.java:startContainerScrub(270)) - Background container scanner has been disabled.
2022-05-15 13:43:29,114 [EndpointStateMachine task thread for /0.0.0.0:45337 - 0 ] INFO  replication.ReplicationServer (ReplicationServer.java:start(111)) - ReplicationServer is started using port 39569
2022-05-15 13:43:29,134 [EndpointStateMachine task thread for /0.0.0.0:45337 - 0 ] INFO  ratis.XceiverServerRatis (XceiverServerRatis.java:start(481)) - Starting XceiverServerRatis 2225bdd7-82df-4a59-8045-7d84ab374bd3
2022-05-15 13:43:29,171 [EndpointStateMachine task thread for /0.0.0.0:45337 - 0 ] INFO  server.RaftServer (RaftServerProxy.java:lambda$start$5(374)) - 2225bdd7-82df-4a59-8045-7d84ab374bd3: start RPC server
2022-05-15 13:43:29,172 [EndpointStateMachine task thread for /0.0.0.0:45337 - 0 ] INFO  server.GrpcService (GrpcService.java:startImpl(253)) - 2225bdd7-82df-4a59-8045-7d84ab374bd3: GrpcService started, listening on 39819
2022-05-15 13:43:29,184 [EndpointStateMachine task thread for /0.0.0.0:45337 - 0 ] INFO  ratis.XceiverServerRatis (XceiverServerRatis.java:getRealPort(502)) - XceiverServerRatis 2225bdd7-82df-4a59-8045-7d84ab374bd3 is started using port 39819 for RATIS
2022-05-15 13:43:29,184 [EndpointStateMachine task thread for /0.0.0.0:45337 - 0 ] INFO  ratis.XceiverServerRatis (XceiverServerRatis.java:getRealPort(502)) - XceiverServerRatis 2225bdd7-82df-4a59-8045-7d84ab374bd3 is started using port 39819 for RATIS_ADMIN
2022-05-15 13:43:29,184 [EndpointStateMachine task thread for /0.0.0.0:45337 - 0 ] INFO  ratis.XceiverServerRatis (XceiverServerRatis.java:getRealPort(502)) - XceiverServerRatis 2225bdd7-82df-4a59-8045-7d84ab374bd3 is started using port 39819 for RATIS_SERVER
2022-05-15 13:43:29,185 [org.apache.ratis.util.JvmPauseMonitor$$Lambda$622/1489821748@5413f481] INFO  util.JvmPauseMonitor (JvmPauseMonitor.java:run(103)) - JvmPauseMonitor-2225bdd7-82df-4a59-8045-7d84ab374bd3: Started
2022-05-15 13:43:29,185 [EndpointStateMachine task thread for /0.0.0.0:45337 - 0 ] INFO  server.XceiverServerGrpc (XceiverServerGrpc.java:start(180)) - XceiverServerGrpc 2225bdd7-82df-4a59-8045-7d84ab374bd3 is started using port 38309
2022-05-15 13:43:29,894 [Listener at 127.0.0.1/40095] INFO  ozone.MiniOzoneClusterImpl (MiniOzoneClusterImpl.java:lambda$waitForClusterToBeReady$0(221)) - Waiting for nodes to be ready. Got 1 of 3 DN Heartbeats.
2022-05-15 13:43:29,894 [Listener at 127.0.0.1/40095] INFO  ozone.MiniOzoneClusterImpl (MiniOzoneClusterImpl.java:lambda$waitForClusterToBeReady$0(224)) - Waiting for cluster to exit safe mode
2022-05-15 13:43:29,894 [Listener at 127.0.0.1/40095] INFO  ozone.MiniOzoneClusterImpl (MiniOzoneClusterImpl.java:lambda$waitForClusterToBeReady$0(226)) - SCM became leader
2022-05-15 13:43:29,920 [IPC Server handler 4 on default port 45337] INFO  net.NetworkTopologyImpl (NetworkTopologyImpl.java:add(112)) - Added a new node: /default-rack/2dee7481-997e-4819-9eb0-c9795558e67b
2022-05-15 13:43:29,920 [IPC Server handler 4 on default port 45337] INFO  node.SCMNodeManager (SCMNodeManager.java:register(393)) - Registered Data node : 2dee7481-997e-4819-9eb0-c9795558e67b{ip: 10.1.0.20, host: fv-az40-973.r1qzdtoifymehf5jtx2d0vwyfg.bx.internal.cloudapp.net, ports: [REPLICATION=42143, RATIS=44031, RATIS_ADMIN=44031, RATIS_SERVER=44031, STANDALONE=34403], networkLocation: /default-rack, certSerialId: null, persistedOpState: null, persistedOpStateExpiryEpochSec: 0}
2022-05-15 13:43:29,921 [EventQueue-NewNodeForNewNodeHandler] INFO  pipeline.BackgroundPipelineCreator (BackgroundPipelineCreator.java:notifyEventTriggered(272)) - trigger a one-shot run on RatisPipelineUtilsThread.
2022-05-15 13:43:29,926 [EventQueue-NodeRegistrationContainerReportForDataNodeSafeModeRule] INFO  safemode.SCMSafeModeManager (DataNodeSafeModeRule.java:process(71)) - SCM in safe mode. 2 DataNodes registered, 3 required.
2022-05-15 13:43:29,954 [RatisPipelineUtilsThread - 0] INFO  pipeline.RatisPipelineProvider (RatisPipelineProvider.java:lambda$create$0(195)) - Sending CreatePipelineCommand for pipeline:PipelineID=4144ab6e-0423-451d-b650-fa98f6803dfc to datanode:2dee7481-997e-4819-9eb0-c9795558e67b
2022-05-15 13:43:29,955 [RatisPipelineUtilsThread - 0] INFO  pipeline.PipelineStateManagerImpl (PipelineStateManagerImpl.java:addPipeline(101)) - Created pipeline Pipeline[ Id: 4144ab6e-0423-451d-b650-fa98f6803dfc, Nodes: 2dee7481-997e-4819-9eb0-c9795558e67b{ip: 10.1.0.20, host: fv-az40-973.r1qzdtoifymehf5jtx2d0vwyfg.bx.internal.cloudapp.net, ports: [REPLICATION=42143, RATIS=44031, RATIS_ADMIN=44031, RATIS_SERVER=44031, STANDALONE=34403], networkLocation: /default-rack, certSerialId: null, persistedOpState: IN_SERVICE, persistedOpStateExpiryEpochSec: 0}, ReplicationConfig: RATIS/ONE, State:ALLOCATED, leaderId:, CreationTimestamp2022-05-15T13:43:29.954Z[Etc/UTC]].
2022-05-15 13:43:30,894 [Listener at 127.0.0.1/40095] INFO  ozone.MiniOzoneClusterImpl (MiniOzoneClusterImpl.java:lambda$waitForClusterToBeReady$0(221)) - Waiting for nodes to be ready. Got 2 of 3 DN Heartbeats.
2022-05-15 13:43:30,894 [Listener at 127.0.0.1/40095] INFO  ozone.MiniOzoneClusterImpl (MiniOzoneClusterImpl.java:lambda$waitForClusterToBeReady$0(224)) - Waiting for cluster to exit safe mode
2022-05-15 13:43:30,894 [Listener at 127.0.0.1/40095] INFO  ozone.MiniOzoneClusterImpl (MiniOzoneClusterImpl.java:lambda$waitForClusterToBeReady$0(226)) - SCM became leader
2022-05-15 13:43:31,067 [IPC Server handler 17 on default port 45337] INFO  net.NetworkTopologyImpl (NetworkTopologyImpl.java:add(112)) - Added a new node: /default-rack/2225bdd7-82df-4a59-8045-7d84ab374bd3
2022-05-15 13:43:31,068 [IPC Server handler 17 on default port 45337] INFO  node.SCMNodeManager (SCMNodeManager.java:register(393)) - Registered Data node : 2225bdd7-82df-4a59-8045-7d84ab374bd3{ip: 10.1.0.20, host: fv-az40-973.r1qzdtoifymehf5jtx2d0vwyfg.bx.internal.cloudapp.net, ports: [REPLICATION=39569, RATIS=39819, RATIS_ADMIN=39819, RATIS_SERVER=39819, STANDALONE=38309], networkLocation: /default-rack, certSerialId: null, persistedOpState: null, persistedOpStateExpiryEpochSec: 0}
2022-05-15 13:43:31,070 [EventQueue-NewNodeForNewNodeHandler] INFO  pipeline.BackgroundPipelineCreator (BackgroundPipelineCreator.java:notifyEventTriggered(272)) - trigger a one-shot run on RatisPipelineUtilsThread.
2022-05-15 13:43:31,077 [RatisPipelineUtilsThread - 0] INFO  pipeline.RatisPipelineProvider (RatisPipelineProvider.java:lambda$create$0(195)) - Sending CreatePipelineCommand for pipeline:PipelineID=38e491e0-917d-4916-9fde-e4a98b788e48 to datanode:2225bdd7-82df-4a59-8045-7d84ab374bd3
2022-05-15 13:43:31,077 [RatisPipelineUtilsThread - 0] INFO  pipeline.PipelineStateManagerImpl (PipelineStateManagerImpl.java:addPipeline(101)) - Created pipeline Pipeline[ Id: 38e491e0-917d-4916-9fde-e4a98b788e48, Nodes: 2225bdd7-82df-4a59-8045-7d84ab374bd3{ip: 10.1.0.20, host: fv-az40-973.r1qzdtoifymehf5jtx2d0vwyfg.bx.internal.cloudapp.net, ports: [REPLICATION=39569, RATIS=39819, RATIS_ADMIN=39819, RATIS_SERVER=39819, STANDALONE=38309], networkLocation: /default-rack, certSerialId: null, persistedOpState: IN_SERVICE, persistedOpStateExpiryEpochSec: 0}, ReplicationConfig: RATIS/ONE, State:ALLOCATED, leaderId:, CreationTimestamp2022-05-15T13:43:31.077Z[Etc/UTC]].
2022-05-15 13:43:31,077 [EventQueue-NodeRegistrationContainerReportForDataNodeSafeModeRule] INFO  safemode.SCMSafeModeManager (DataNodeSafeModeRule.java:process(71)) - SCM in safe mode. 3 DataNodes registered, 3 required.
2022-05-15 13:43:31,077 [EventQueue-NodeRegistrationContainerReportForDataNodeSafeModeRule] INFO  safemode.SCMSafeModeManager (SCMSafeModeManager.java:validateSafeModeExitRules(204)) - DataNodeSafeModeRule rule is successfully validated
2022-05-15 13:43:31,078 [EventQueue-NodeRegistrationContainerReportForDataNodeSafeModeRule] INFO  safemode.SCMSafeModeManager (SCMSafeModeManager.java:completePreCheck(233)) - All SCM safe mode pre check rules have passed
2022-05-15 13:43:31,078 [EventQueue-NodeRegistrationContainerReportForDataNodeSafeModeRule] WARN  events.EventQueue (EventQueue.java:fireEvent(194)) - No event handler registered for event TypedEvent{payloadType=SafeModeStatus, name='Safe mode status'}
2022-05-15 13:43:31,078 [EventQueue-NodeRegistrationContainerReportForDataNodeSafeModeRule] INFO  ha.SCMContext (SCMContext.java:updateSafeModeStatus(211)) - Update SafeModeStatus from SafeModeStatus{safeModeStatus=true, preCheckPassed=false} to SafeModeStatus{safeModeStatus=true, preCheckPassed=true}.
2022-05-15 13:43:31,078 [EventQueue-NodeRegistrationContainerReportForDataNodeSafeModeRule] INFO  pipeline.BackgroundPipelineCreator (BackgroundPipelineCreator.java:notifyEventTriggered(272)) - trigger a one-shot run on RatisPipelineUtilsThread.
2022-05-15 13:43:31,078 [RatisPipelineUtilsThread - 0] INFO  pipeline.RatisPipelineProvider (RatisPipelineProvider.java:lambda$create$0(195)) - Sending CreatePipelineCommand for pipeline:PipelineID=aa5b17bc-d30d-4849-b4e0-c79f83506aaa to datanode:2dee7481-997e-4819-9eb0-c9795558e67b
2022-05-15 13:43:31,078 [RatisPipelineUtilsThread - 0] INFO  pipeline.RatisPipelineProvider (RatisPipelineProvider.java:lambda$create$0(195)) - Sending CreatePipelineCommand for pipeline:PipelineID=aa5b17bc-d30d-4849-b4e0-c79f83506aaa to datanode:2225bdd7-82df-4a59-8045-7d84ab374bd3
2022-05-15 13:43:31,078 [RatisPipelineUtilsThread - 0] INFO  pipeline.RatisPipelineProvider (RatisPipelineProvider.java:lambda$create$0(195)) - Sending CreatePipelineCommand for pipeline:PipelineID=aa5b17bc-d30d-4849-b4e0-c79f83506aaa to datanode:0d3cae59-4282-4496-a4e1-90b2fca61e2c
2022-05-15 13:43:31,079 [RatisPipelineUtilsThread - 0] INFO  pipeline.PipelineStateManagerImpl (PipelineStateManagerImpl.java:addPipeline(101)) - Created pipeline Pipeline[ Id: aa5b17bc-d30d-4849-b4e0-c79f83506aaa, Nodes: 2dee7481-997e-4819-9eb0-c9795558e67b{ip: 10.1.0.20, host: fv-az40-973.r1qzdtoifymehf5jtx2d0vwyfg.bx.internal.cloudapp.net, ports: [REPLICATION=42143, RATIS=44031, RATIS_ADMIN=44031, RATIS_SERVER=44031, STANDALONE=34403], networkLocation: /default-rack, certSerialId: null, persistedOpState: IN_SERVICE, persistedOpStateExpiryEpochSec: 0}2225bdd7-82df-4a59-8045-7d84ab374bd3{ip: 10.1.0.20, host: fv-az40-973.r1qzdtoifymehf5jtx2d0vwyfg.bx.internal.cloudapp.net, ports: [REPLICATION=39569, RATIS=39819, RATIS_ADMIN=39819, RATIS_SERVER=39819, STANDALONE=38309], networkLocation: /default-rack, certSerialId: null, persistedOpState: IN_SERVICE, persistedOpStateExpiryEpochSec: 0}0d3cae59-4282-4496-a4e1-90b2fca61e2c{ip: 10.1.0.20, host: fv-az40-973.r1qzdtoifymehf5jtx2d0vwyfg.bx.internal.cloudapp.net, ports: [REPLICATION=35567, RATIS=45501, RATIS_ADMIN=45501, RATIS_SERVER=45501, STANDALONE=41909], networkLocation: /default-rack, certSerialId: null, persistedOpState: IN_SERVICE, persistedOpStateExpiryEpochSec: 0}, ReplicationConfig: RATIS/THREE, State:ALLOCATED, leaderId:, CreationTimestamp2022-05-15T13:43:31.078Z[Etc/UTC]].
2022-05-15 13:43:31,079 [RatisPipelineUtilsThread - 0] INFO  pipeline.RatisPipelineProvider (RatisPipelineProvider.java:lambda$create$0(195)) - Sending CreatePipelineCommand for pipeline:PipelineID=be7fde93-f4a0-4b65-a92e-fb14a4985cfd to datanode:0d3cae59-4282-4496-a4e1-90b2fca61e2c
2022-05-15 13:43:31,079 [RatisPipelineUtilsThread - 0] INFO  pipeline.RatisPipelineProvider (RatisPipelineProvider.java:lambda$create$0(195)) - Sending CreatePipelineCommand for pipeline:PipelineID=be7fde93-f4a0-4b65-a92e-fb14a4985cfd to datanode:2dee7481-997e-4819-9eb0-c9795558e67b
2022-05-15 13:43:31,079 [RatisPipelineUtilsThread - 0] INFO  pipeline.RatisPipelineProvider (RatisPipelineProvider.java:lambda$create$0(195)) - Sending CreatePipelineCommand for pipeline:PipelineID=be7fde93-f4a0-4b65-a92e-fb14a4985cfd to datanode:2225bdd7-82df-4a59-8045-7d84ab374bd3
2022-05-15 13:43:31,079 [RatisPipelineUtilsThread - 0] INFO  pipeline.PipelineStateManagerImpl (PipelineStateManagerImpl.java:addPipeline(101)) - Created pipeline Pipeline[ Id: be7fde93-f4a0-4b65-a92e-fb14a4985cfd, Nodes: 0d3cae59-4282-4496-a4e1-90b2fca61e2c{ip: 10.1.0.20, host: fv-az40-973.r1qzdtoifymehf5jtx2d0vwyfg.bx.internal.cloudapp.net, ports: [REPLICATION=35567, RATIS=45501, RATIS_ADMIN=45501, RATIS_SERVER=45501, STANDALONE=41909], networkLocation: /default-rack, certSerialId: null, persistedOpState: IN_SERVICE, persistedOpStateExpiryEpochSec: 0}2dee7481-997e-4819-9eb0-c9795558e67b{ip: 10.1.0.20, host: fv-az40-973.r1qzdtoifymehf5jtx2d0vwyfg.bx.internal.cloudapp.net, ports: [REPLICATION=42143, RATIS=44031, RATIS_ADMIN=44031, RATIS_SERVER=44031, STANDALONE=34403], networkLocation: /default-rack, certSerialId: null, persistedOpState: IN_SERVICE, persistedOpStateExpiryEpochSec: 0}2225bdd7-82df-4a59-8045-7d84ab374bd3{ip: 10.1.0.20, host: fv-az40-973.r1qzdtoifymehf5jtx2d0vwyfg.bx.internal.cloudapp.net, ports: [REPLICATION=39569, RATIS=39819, RATIS_ADMIN=39819, RATIS_SERVER=39819, STANDALONE=38309], networkLocation: /default-rack, certSerialId: null, persistedOpState: IN_SERVICE, persistedOpStateExpiryEpochSec: 0}, ReplicationConfig: RATIS/THREE, State:ALLOCATED, leaderId:, CreationTimestamp2022-05-15T13:43:31.079Z[Etc/UTC]].
2022-05-15 13:43:31,079 [RatisPipelineUtilsThread - 0] INFO  pipeline.PipelineManagerImpl (PipelineManagerImpl.java:recordMetricsForPipeline(695)) - Pipeline: PipelineID=be7fde93-f4a0-4b65-a92e-fb14a4985cfd contains same datanodes as previous pipelines: PipelineID=aa5b17bc-d30d-4849-b4e0-c79f83506aaa nodeIds: 0d3cae59-4282-4496-a4e1-90b2fca61e2c, 2dee7481-997e-4819-9eb0-c9795558e67b, 2225bdd7-82df-4a59-8045-7d84ab374bd3
2022-05-15 13:43:31,820 [Command processor thread] INFO  server.RaftServer (RaftServerProxy.java:addNew(95)) - 0d3cae59-4282-4496-a4e1-90b2fca61e2c: addNew group-0628BECF0B34:[0d3cae59-4282-4496-a4e1-90b2fca61e2c|rpc:10.1.0.20:45501|priority:1] returns group-0628BECF0B34:java.util.concurrent.CompletableFuture@1bd1644b[Not completed]
2022-05-15 13:43:31,821 [pool-688-thread-1] INFO  server.RaftServer$Division (RaftServerImpl.java:<init>(184)) - 0d3cae59-4282-4496-a4e1-90b2fca61e2c: new RaftServerImpl for group-0628BECF0B34:[0d3cae59-4282-4496-a4e1-90b2fca61e2c|rpc:10.1.0.20:45501|priority:1] with ContainerStateMachine:uninitialized
2022-05-15 13:43:31,821 [pool-688-thread-1] INFO  server.RaftServerConfigKeys (ConfUtils.java:logGet(44)) - raft.server.rpc.timeout.min = 5s (custom)
2022-05-15 13:43:31,821 [pool-688-thread-1] INFO  server.RaftServerConfigKeys (ConfUtils.java:logGet(44)) - raft.server.rpc.timeout.max = 5200ms (custom)
2022-05-15 13:43:31,821 [pool-688-thread-1] INFO  server.RaftServerConfigKeys (ConfUtils.java:logGet(44)) - raft.server.rpc.sleep.time = 25ms (default)
2022-05-15 13:43:31,821 [pool-688-thread-1] INFO  server.RaftServerConfigKeys (ConfUtils.java:logGet(44)) - raft.server.rpc.slowness.timeout = 300s (custom)
2022-05-15 13:43:31,821 [pool-688-thread-1] INFO  server.RaftServerConfigKeys (ConfUtils.java:logGet(44)) - raft.server.leaderelection.leader.step-down.wait-time = 10s (default)
2022-05-15 13:43:31,821 [pool-688-thread-1] INFO  server.RaftServerConfigKeys (ConfUtils.java:logGet(44)) - raft.server.sleep.deviation.threshold = 300ms (default)
2022-05-15 13:43:31,821 [pool-688-thread-1] INFO  server.RaftServerConfigKeys (ConfUtils.java:logGet(44)) - raft.server.log.appender.install.snapshot.enabled = false (custom)
2022-05-15 13:43:31,821 [pool-688-thread-1] INFO  server.RaftServer$Division (ServerState.java:<init>(105)) - 0d3cae59-4282-4496-a4e1-90b2fca61e2c@group-0628BECF0B34: ConfigurationManager, init=-1: [0d3cae59-4282-4496-a4e1-90b2fca61e2c|rpc:10.1.0.20:45501|priority:1], old=null, confs=<EMPTY_MAP>
2022-05-15 13:43:31,821 [pool-688-thread-1] INFO  server.RaftServerConfigKeys (ConfUtils.java:logGet(44)) - raft.server.storage.dir = [/home/runner/work/ozone/ozone/hadoop-ozone/integration-test/target/test-dir/MiniOzoneClusterImpl-84148938-d4e7-44f7-8424-958744cac302/datanode-0/data/ratis] (custom)
2022-05-15 13:43:31,821 [pool-688-thread-1] INFO  server.RaftServerConfigKeys (ConfUtils.java:logGet(44)) - raft.server.log.corruption.policy = EXCEPTION (default)
2022-05-15 13:43:31,822 [pool-688-thread-1] INFO  server.RaftServerConfigKeys (ConfUtils.java:logGet(44)) - raft.server.storage.free-space.min = 0MB (=0) (default)
2022-05-15 13:43:31,822 [pool-688-thread-1] INFO  storage.RaftStorageDirectory (RaftStorageDirectoryImpl.java:analyzeStorage(135)) - The storage directory /home/runner/work/ozone/ozone/hadoop-ozone/integration-test/target/test-dir/MiniOzoneClusterImpl-84148938-d4e7-44f7-8424-958744cac302/datanode-0/data/ratis/ff7ec09d-0258-4b70-9869-0628becf0b34 does not exist. Creating ...
2022-05-15 13:43:31,829 [pool-688-thread-1] INFO  storage.RaftStorageDirectory (RaftStorageDirectoryImpl.java:tryLock(230)) - Lock on /home/runner/work/ozone/ozone/hadoop-ozone/integration-test/target/test-dir/MiniOzoneClusterImpl-84148938-d4e7-44f7-8424-958744cac302/datanode-0/data/ratis/ff7ec09d-0258-4b70-9869-0628becf0b34/in_use.lock acquired by nodename 19587@fv-az40-973
2022-05-15 13:43:31,850 [pool-688-thread-1] INFO  storage.RaftStorage (RaftStorageImpl.java:format(89)) - Storage directory /home/runner/work/ozone/ozone/hadoop-ozone/integration-test/target/test-dir/MiniOzoneClusterImpl-84148938-d4e7-44f7-8424-958744cac302/datanode-0/data/ratis/ff7ec09d-0258-4b70-9869-0628becf0b34 has been successfully formatted.
2022-05-15 13:43:31,882 [pool-688-thread-1] INFO  ratis.ContainerStateMachine (ContainerStateMachine.java:loadSnapshot(236)) - group-0628BECF0B34: The snapshot info is null. Setting the last applied indexto:(t:0, i:~)
2022-05-15 13:43:31,892 [pool-688-thread-1] INFO  server.RaftServerConfigKeys (ConfUtils.java:logGet(44)) - raft.server.notification.no-leader.timeout = 300s (custom)
2022-05-15 13:43:31,892 [pool-688-thread-1] INFO  server.RaftServerConfigKeys (ConfUtils.java:logGet(44)) - raft.server.log.use.memory = false (default)
2022-05-15 13:43:31,892 [pool-688-thread-1] INFO  server.RaftServerConfigKeys (ConfUtils.java:logGet(44)) - raft.server.log.purge.gap = 1000000 (custom)
2022-05-15 13:43:31,892 [pool-688-thread-1] INFO  server.RaftServerConfigKeys (ConfUtils.java:logGet(44)) - raft.server.log.appender.buffer.byte-limit = 33554432 (custom)
2022-05-15 13:43:31,892 [pool-688-thread-1] INFO  server.RaftServerConfigKeys (ConfUtils.java:logGet(44)) - raft.server.log.segment.size.max = 1048576 (custom)
2022-05-15 13:43:31,892 [pool-688-thread-1] INFO  server.RaftServerConfigKeys (ConfUtils.java:logGet(44)) - raft.server.log.segment.cache.num.max = 2 (custom)
2022-05-15 13:43:31,893 [pool-688-thread-1] INFO  server.RaftServerConfigKeys (ConfUtils.java:logGet(44)) - raft.server.log.segment.cache.size.max = 200MB (=209715200) (default)
2022-05-15 13:43:31,893 [pool-688-thread-1] INFO  segmented.SegmentedRaftLogWorker (SegmentedRaftLogWorker.java:<init>(182)) - new 0d3cae59-4282-4496-a4e1-90b2fca61e2c@group-0628BECF0B34-SegmentedRaftLogWorker for RaftStorageImpl:Storage Directory /home/runner/work/ozone/ozone/hadoop-ozone/integration-test/target/test-dir/MiniOzoneClusterImpl-84148938-d4e7-44f7-8424-958744cac302/datanode-0/data/ratis/ff7ec09d-0258-4b70-9869-0628becf0b34
2022-05-15 13:43:31,893 [pool-688-thread-1] INFO  server.RaftServerConfigKeys (ConfUtils.java:logGet(44)) - raft.server.log.queue.byte-limit = 4294967296 (custom)
2022-05-15 13:43:31,893 [pool-688-thread-1] INFO  server.RaftServerConfigKeys (ConfUtils.java:logGet(44)) - raft.server.log.queue.element-limit = 1024 (custom)
2022-05-15 13:43:31,893 [pool-688-thread-1] INFO  server.RaftServerConfigKeys (ConfUtils.java:logGet(44)) - raft.server.log.segment.size.max = 1048576 (custom)
2022-05-15 13:43:31,893 [pool-688-thread-1] INFO  server.RaftServerConfigKeys (ConfUtils.java:logGet(44)) - raft.server.log.preallocated.size = 16384 (custom)
2022-05-15 13:43:31,893 [pool-688-thread-1] INFO  server.RaftServerConfigKeys (ConfUtils.java:logGet(44)) - raft.server.log.force.sync.num = 128 (default)
2022-05-15 13:43:31,893 [pool-688-thread-1] INFO  server.RaftServerConfigKeys (ConfUtils.java:logGet(44)) - raft.server.log.statemachine.data.sync = true (default)
2022-05-15 13:43:31,893 [pool-688-thread-1] INFO  server.RaftServerConfigKeys (ConfUtils.java:logGet(44)) - raft.server.log.statemachine.data.sync.timeout = 10s (default)
2022-05-15 13:43:31,893 [pool-688-thread-1] INFO  server.RaftServerConfigKeys (ConfUtils.java:logGet(44)) - raft.server.log.statemachine.data.sync.timeout.retry = -1 (default)
2022-05-15 13:43:31,894 [pool-688-thread-1] INFO  server.RaftServerConfigKeys (ConfUtils.java:logGet(44)) - raft.server.log.write.buffer.size = 1048576 (custom)
2022-05-15 13:43:31,895 [Listener at 127.0.0.1/40095] INFO  ozone.MiniOzoneClusterImpl (MiniOzoneClusterImpl.java:lambda$waitForClusterToBeReady$0(221)) - Nodes are ready. Got 3 of 3 DN Heartbeats.
2022-05-15 13:43:31,895 [Listener at 127.0.0.1/40095] INFO  ozone.MiniOzoneClusterImpl (MiniOzoneClusterImpl.java:lambda$waitForClusterToBeReady$0(224)) - Waiting for cluster to exit safe mode
2022-05-15 13:43:31,895 [Listener at 127.0.0.1/40095] INFO  ozone.MiniOzoneClusterImpl (MiniOzoneClusterImpl.java:lambda$waitForClusterToBeReady$0(226)) - SCM became leader
2022-05-15 13:43:31,896 [pool-688-thread-1] INFO  server.RaftServerConfigKeys (ConfUtils.java:logGet(44)) - raft.server.log.statemachine.data.caching.enabled = true (custom)
2022-05-15 13:43:31,896 [pool-688-thread-1] INFO  segmented.SegmentedRaftLogWorker (SegmentedRaftLogWorker.java:lambda$new$0(133)) - 0d3cae59-4282-4496-a4e1-90b2fca61e2c@group-0628BECF0B34-SegmentedRaftLogWorker: flushIndex: setUnconditionally 0 -> -1
2022-05-15 13:43:31,897 [pool-688-thread-1] INFO  segmented.SegmentedRaftLogWorker (SegmentedRaftLogWorker.java:lambda$new$0(133)) - 0d3cae59-4282-4496-a4e1-90b2fca61e2c@group-0628BECF0B34-SegmentedRaftLogWorker: safeCacheEvictIndex: setUnconditionally 0 -> -1
2022-05-15 13:43:31,899 [EventQueue-PipelineReportForPipelineReportHandler] INFO  pipeline.PipelineManagerImpl (PipelineManagerImpl.java:openPipeline(336)) - Pipeline Pipeline[ Id: ff7ec09d-0258-4b70-9869-0628becf0b34, Nodes: 0d3cae59-4282-4496-a4e1-90b2fca61e2c{ip: 10.1.0.20, host: fv-az40-973.r1qzdtoifymehf5jtx2d0vwyfg.bx.internal.cloudapp.net, ports: [REPLICATION=35567, RATIS=45501, RATIS_ADMIN=45501, RATIS_SERVER=45501, STANDALONE=41909], networkLocation: /default-rack, certSerialId: null, persistedOpState: IN_SERVICE, persistedOpStateExpiryEpochSec: 0}, ReplicationConfig: RATIS/ONE, State:ALLOCATED, leaderId:0d3cae59-4282-4496-a4e1-90b2fca61e2c, CreationTimestamp2022-05-15T13:43:28.858Z[Etc/UTC]] moved to OPEN state
2022-05-15 13:43:31,903 [pool-688-thread-1] INFO  server.RaftServerConfigKeys (ConfUtils.java:logGet(44)) - raft.server.snapshot.auto.trigger.enabled = true (custom)
2022-05-15 13:43:31,903 [pool-688-thread-1] INFO  server.RaftServerConfigKeys (ConfUtils.java:logGet(44)) - raft.server.snapshot.auto.trigger.threshold = 10000 (custom)
2022-05-15 13:43:31,903 [pool-688-thread-1] INFO  server.RaftServerConfigKeys (ConfUtils.java:logGet(44)) - raft.server.snapshot.retention.file.num = 5 (custom)
2022-05-15 13:43:31,903 [pool-688-thread-1] INFO  server.RaftServerConfigKeys (ConfUtils.java:logGet(44)) - raft.server.log.purge.upto.snapshot.index = false (default)
2022-05-15 13:43:31,903 [pool-688-thread-1] INFO  server.RaftServerConfigKeys (ConfUtils.java:logGet(44)) - raft.server.retrycache.expirytime = 600000ms (custom)
2022-05-15 13:43:31,903 [pool-688-thread-1] INFO  server.RaftServerConfigKeys (ConfUtils.java:logGet(44)) - raft.server.retrycache.statistics.expirytime = 100μs (default)
2022-05-15 13:43:31,905 [pool-688-thread-1] INFO  server.RaftServer$Division (RaftServerImpl.java:start(301)) - 0d3cae59-4282-4496-a4e1-90b2fca61e2c@group-0628BECF0B34: start as a follower, conf=-1: [0d3cae59-4282-4496-a4e1-90b2fca61e2c|rpc:10.1.0.20:45501|priority:1], old=null
2022-05-15 13:43:31,905 [pool-688-thread-1] INFO  server.RaftServer$Division (RaftServerImpl.java:setRole(290)) - 0d3cae59-4282-4496-a4e1-90b2fca61e2c@group-0628BECF0B34: changes role from      null to FOLLOWER at term 0 for startAsFollower
2022-05-15 13:43:31,905 [pool-688-thread-1] INFO  impl.RoleInfo (RoleInfo.java:updateAndGet(130)) - 0d3cae59-4282-4496-a4e1-90b2fca61e2c: start 0d3cae59-4282-4496-a4e1-90b2fca61e2c@group-0628BECF0B34-FollowerState
2022-05-15 13:43:31,905 [pool-688-thread-1] INFO  util.JmxRegister (JmxRegister.java:tryRegister(44)) - Successfully registered JMX Bean with object name Ratis:service=RaftServer,group=group-0628BECF0B34,id=0d3cae59-4282-4496-a4e1-90b2fca61e2c
2022-05-15 13:43:31,944 [Command processor thread] INFO  ratis.XceiverServerRatis (XceiverServerRatis.java:addGroup(765)) - Created group PipelineID=ff7ec09d-0258-4b70-9869-0628becf0b34
2022-05-15 13:43:31,944 [Command processor thread] INFO  commandhandler.CreatePipelineCommandHandler (CreatePipelineCommandHandler.java:handle(113)) - Created Pipeline RATIS ONE PipelineID=ff7ec09d-0258-4b70-9869-0628becf0b34.
2022-05-15 13:43:31,945 [Command processor thread] INFO  server.RaftServer (RaftServerProxy.java:addNew(95)) - 0d3cae59-4282-4496-a4e1-90b2fca61e2c: addNew group-C79F83506AAA:[0d3cae59-4282-4496-a4e1-90b2fca61e2c|rpc:10.1.0.20:45501|priority:0, 2dee7481-997e-4819-9eb0-c9795558e67b|rpc:10.1.0.20:44031|priority:0, 2225bdd7-82df-4a59-8045-7d84ab374bd3|rpc:10.1.0.20:39819|priority:1] returns group-C79F83506AAA:java.util.concurrent.CompletableFuture@1feef3e9[Not completed]
2022-05-15 13:43:31,945 [pool-688-thread-1] INFO  server.RaftServer$Division (RaftServerImpl.java:<init>(184)) - 0d3cae59-4282-4496-a4e1-90b2fca61e2c: new RaftServerImpl for group-C79F83506AAA:[0d3cae59-4282-4496-a4e1-90b2fca61e2c|rpc:10.1.0.20:45501|priority:0, 2dee7481-997e-4819-9eb0-c9795558e67b|rpc:10.1.0.20:44031|priority:0, 2225bdd7-82df-4a59-8045-7d84ab374bd3|rpc:10.1.0.20:39819|priority:1] with ContainerStateMachine:uninitialized
2022-05-15 13:43:31,945 [pool-688-thread-1] INFO  server.RaftServerConfigKeys (ConfUtils.java:logGet(44)) - raft.server.rpc.timeout.min = 5s (custom)
2022-05-15 13:43:31,945 [pool-688-thread-1] INFO  server.RaftServerConfigKeys (ConfUtils.java:logGet(44)) - raft.server.rpc.timeout.max = 5200ms (custom)
2022-05-15 13:43:31,945 [pool-688-thread-1] INFO  server.RaftServerConfigKeys (ConfUtils.java:logGet(44)) - raft.server.rpc.sleep.time = 25ms (default)
2022-05-15 13:43:31,945 [pool-688-thread-1] INFO  server.RaftServerConfigKeys (ConfUtils.java:logGet(44)) - raft.server.rpc.slowness.timeout = 300s (custom)
2022-05-15 13:43:31,945 [pool-688-thread-1] INFO  server.RaftServerConfigKeys (ConfUtils.java:logGet(44)) - raft.server.leaderelection.leader.step-down.wait-time = 10s (default)
2022-05-15 13:43:31,945 [pool-688-thread-1] INFO  server.RaftServerConfigKeys (ConfUtils.java:logGet(44)) - raft.server.sleep.deviation.threshold = 300ms (default)
2022-05-15 13:43:31,945 [pool-688-thread-1] INFO  server.RaftServerConfigKeys (ConfUtils.java:logGet(44)) - raft.server.log.appender.install.snapshot.enabled = false (custom)
2022-05-15 13:43:31,946 [pool-688-thread-1] INFO  server.RaftServer$Division (ServerState.java:<init>(105)) - 0d3cae59-4282-4496-a4e1-90b2fca61e2c@group-C79F83506AAA: ConfigurationManager, init=-1: [0d3cae59-4282-4496-a4e1-90b2fca61e2c|rpc:10.1.0.20:45501|priority:0, 2dee7481-997e-4819-9eb0-c9795558e67b|rpc:10.1.0.20:44031|priority:0, 2225bdd7-82df-4a59-8045-7d84ab374bd3|rpc:10.1.0.20:39819|priority:1], old=null, confs=<EMPTY_MAP>
2022-05-15 13:43:31,946 [pool-688-thread-1] INFO  server.RaftServerConfigKeys (ConfUtils.java:logGet(44)) - raft.server.storage.dir = [/home/runner/work/ozone/ozone/hadoop-ozone/integration-test/target/test-dir/MiniOzoneClusterImpl-84148938-d4e7-44f7-8424-958744cac302/datanode-0/data/ratis] (custom)
2022-05-15 13:43:31,946 [pool-688-thread-1] INFO  server.RaftServerConfigKeys (ConfUtils.java:logGet(44)) - raft.server.log.corruption.policy = EXCEPTION (default)
2022-05-15 13:43:31,946 [pool-688-thread-1] INFO  server.RaftServerConfigKeys (ConfUtils.java:logGet(44)) - raft.server.storage.free-space.min = 0MB (=0) (default)
2022-05-15 13:43:31,946 [pool-688-thread-1] INFO  storage.RaftStorageDirectory (RaftStorageDirectoryImpl.java:analyzeStorage(135)) - The storage directory /home/runner/work/ozone/ozone/hadoop-ozone/integration-test/target/test-dir/MiniOzoneClusterImpl-84148938-d4e7-44f7-8424-958744cac302/datanode-0/data/ratis/aa5b17bc-d30d-4849-b4e0-c79f83506aaa does not exist. Creating ...
2022-05-15 13:43:31,947 [EventQueue-OpenPipelineForHealthyPipelineSafeModeRule] INFO  safemode.SCMSafeModeManager (HealthyPipelineSafeModeRule.java:process(124)) - SCM in safe mode. Healthy pipelines reported count is 0, required healthy pipeline reported count is 1
2022-05-15 13:43:31,952 [pool-688-thread-1] INFO  storage.RaftStorageDirectory (RaftStorageDirectoryImpl.java:tryLock(230)) - Lock on /home/runner/work/ozone/ozone/hadoop-ozone/integration-test/target/test-dir/MiniOzoneClusterImpl-84148938-d4e7-44f7-8424-958744cac302/datanode-0/data/ratis/aa5b17bc-d30d-4849-b4e0-c79f83506aaa/in_use.lock acquired by nodename 19587@fv-az40-973
2022-05-15 13:43:31,953 [pool-688-thread-1] INFO  storage.RaftStorage (RaftStorageImpl.java:format(89)) - Storage directory /home/runner/work/ozone/ozone/hadoop-ozone/integration-test/target/test-dir/MiniOzoneClusterImpl-84148938-d4e7-44f7-8424-958744cac302/datanode-0/data/ratis/aa5b17bc-d30d-4849-b4e0-c79f83506aaa has been successfully formatted.
2022-05-15 13:43:31,953 [pool-688-thread-1] INFO  ratis.ContainerStateMachine (ContainerStateMachine.java:loadSnapshot(236)) - group-C79F83506AAA: The snapshot info is null. Setting the last applied indexto:(t:0, i:~)
2022-05-15 13:43:31,953 [pool-688-thread-1] INFO  server.RaftServerConfigKeys (ConfUtils.java:logGet(44)) - raft.server.notification.no-leader.timeout = 300s (custom)
2022-05-15 13:43:31,953 [pool-688-thread-1] INFO  server.RaftServerConfigKeys (ConfUtils.java:logGet(44)) - raft.server.log.use.memory = false (default)
2022-05-15 13:43:31,953 [pool-688-thread-1] INFO  server.RaftServerConfigKeys (ConfUtils.java:logGet(44)) - raft.server.log.purge.gap = 1000000 (custom)
2022-05-15 13:43:31,953 [pool-688-thread-1] INFO  server.RaftServerConfigKeys (ConfUtils.java:logGet(44)) - raft.server.log.appender.buffer.byte-limit = 33554432 (custom)
2022-05-15 13:43:31,953 [pool-688-thread-1] INFO  server.RaftServerConfigKeys (ConfUtils.java:logGet(44)) - raft.server.log.segment.size.max = 1048576 (custom)
2022-05-15 13:43:31,954 [pool-688-thread-1] INFO  server.RaftServerConfigKeys (ConfUtils.java:logGet(44)) - raft.server.log.segment.cache.num.max = 2 (custom)
2022-05-15 13:43:31,954 [pool-688-thread-1] INFO  server.RaftServerConfigKeys (ConfUtils.java:logGet(44)) - raft.server.log.segment.cache.size.max = 200MB (=209715200) (default)
2022-05-15 13:43:31,954 [pool-688-thread-1] INFO  segmented.SegmentedRaftLogWorker (SegmentedRaftLogWorker.java:<init>(182)) - new 0d3cae59-4282-4496-a4e1-90b2fca61e2c@group-C79F83506AAA-SegmentedRaftLogWorker for RaftStorageImpl:Storage Directory /home/runner/work/ozone/ozone/hadoop-ozone/integration-test/target/test-dir/MiniOzoneClusterImpl-84148938-d4e7-44f7-8424-958744cac302/datanode-0/data/ratis/aa5b17bc-d30d-4849-b4e0-c79f83506aaa
2022-05-15 13:43:31,954 [EventQueue-OpenPipelineForHealthyPipelineSafeModeRule] INFO  safemode.SCMSafeModeManager (HealthyPipelineSafeModeRule.java:process(124)) - SCM in safe mode. Healthy pipelines reported count is 0, required healthy pipeline reported count is 1
2022-05-15 13:43:31,955 [pool-688-thread-1] INFO  server.RaftServerConfigKeys (ConfUtils.java:logGet(44)) - raft.server.log.queue.byte-limit = 4294967296 (custom)
2022-05-15 13:43:31,955 [pool-688-thread-1] INFO  server.RaftServerConfigKeys (ConfUtils.java:logGet(44)) - raft.server.log.queue.element-limit = 1024 (custom)
2022-05-15 13:43:31,955 [pool-688-thread-1] INFO  server.RaftServerConfigKeys (ConfUtils.java:logGet(44)) - raft.server.log.segment.size.max = 1048576 (custom)
2022-05-15 13:43:31,955 [pool-688-thread-1] INFO  server.RaftServerConfigKeys (ConfUtils.java:logGet(44)) - raft.server.log.preallocated.size = 16384 (custom)
2022-05-15 13:43:31,955 [pool-688-thread-1] INFO  server.RaftServerConfigKeys (ConfUtils.java:logGet(44)) - raft.server.log.force.sync.num = 128 (default)
2022-05-15 13:43:31,955 [pool-688-thread-1] INFO  server.RaftServerConfigKeys (ConfUtils.java:logGet(44)) - raft.server.log.statemachine.data.sync = true (default)
2022-05-15 13:43:31,955 [pool-688-thread-1] INFO  server.RaftServerConfigKeys (ConfUtils.java:logGet(44)) - raft.server.log.statemachine.data.sync.timeout = 10s (default)
2022-05-15 13:43:31,955 [pool-688-thread-1] INFO  server.RaftServerConfigKeys (ConfUtils.java:logGet(44)) - raft.server.log.statemachine.data.sync.timeout.retry = -1 (default)
2022-05-15 13:43:31,956 [pool-688-thread-1] INFO  server.RaftServerConfigKeys (ConfUtils.java:logGet(44)) - raft.server.log.write.buffer.size = 1048576 (custom)
2022-05-15 13:43:31,958 [pool-688-thread-1] INFO  server.RaftServerConfigKeys (ConfUtils.java:logGet(44)) - raft.server.log.statemachine.data.caching.enabled = true (custom)
2022-05-15 13:43:31,959 [pool-688-thread-1] INFO  segmented.SegmentedRaftLogWorker (SegmentedRaftLogWorker.java:lambda$new$0(133)) - 0d3cae59-4282-4496-a4e1-90b2fca61e2c@group-C79F83506AAA-SegmentedRaftLogWorker: flushIndex: setUnconditionally 0 -> -1
2022-05-15 13:43:31,959 [pool-688-thread-1] INFO  segmented.SegmentedRaftLogWorker (SegmentedRaftLogWorker.java:lambda$new$0(133)) - 0d3cae59-4282-4496-a4e1-90b2fca61e2c@group-C79F83506AAA-SegmentedRaftLogWorker: safeCacheEvictIndex: setUnconditionally 0 -> -1
2022-05-15 13:43:31,973 [pool-688-thread-1] INFO  server.RaftServerConfigKeys (ConfUtils.java:logGet(44)) - raft.server.snapshot.auto.trigger.enabled = true (custom)
2022-05-15 13:43:31,973 [pool-688-thread-1] INFO  server.RaftServerConfigKeys (ConfUtils.java:logGet(44)) - raft.server.snapshot.auto.trigger.threshold = 10000 (custom)
2022-05-15 13:43:31,973 [pool-688-thread-1] INFO  server.RaftServerConfigKeys (ConfUtils.java:logGet(44)) - raft.server.snapshot.retention.file.num = 5 (custom)
2022-05-15 13:43:31,973 [pool-688-thread-1] INFO  server.RaftServerConfigKeys (ConfUtils.java:logGet(44)) - raft.server.log.purge.upto.snapshot.index = false (default)
2022-05-15 13:43:31,973 [pool-688-thread-1] INFO  server.RaftServerConfigKeys (ConfUtils.java:logGet(44)) - raft.server.retrycache.expirytime = 600000ms (custom)
2022-05-15 13:43:31,973 [pool-688-thread-1] INFO  server.RaftServerConfigKeys (ConfUtils.java:logGet(44)) - raft.server.retrycache.statistics.expirytime = 100μs (default)
2022-05-15 13:43:31,975 [pool-688-thread-1] INFO  server.RaftServer$Division (RaftServerImpl.java:start(301)) - 0d3cae59-4282-4496-a4e1-90b2fca61e2c@group-C79F83506AAA: start as a follower, conf=-1: [0d3cae59-4282-4496-a4e1-90b2fca61e2c|rpc:10.1.0.20:45501|priority:0, 2dee7481-997e-4819-9eb0-c9795558e67b|rpc:10.1.0.20:44031|priority:0, 2225bdd7-82df-4a59-8045-7d84ab374bd3|rpc:10.1.0.20:39819|priority:1], old=null
2022-05-15 13:43:31,975 [pool-688-thread-1] INFO  server.RaftServer$Division (RaftServerImpl.java:setRole(290)) - 0d3cae59-4282-4496-a4e1-90b2fca61e2c@group-C79F83506AAA: changes role from      null to FOLLOWER at term 0 for startAsFollower
2022-05-15 13:43:31,975 [pool-688-thread-1] INFO  impl.RoleInfo (RoleInfo.java:updateAndGet(130)) - 0d3cae59-4282-4496-a4e1-90b2fca61e2c: start 0d3cae59-4282-4496-a4e1-90b2fca61e2c@group-C79F83506AAA-FollowerState
2022-05-15 13:43:31,982 [pool-688-thread-1] INFO  util.JmxRegister (JmxRegister.java:tryRegister(44)) - Successfully registered JMX Bean with object name Ratis:service=RaftServer,group=group-C79F83506AAA,id=0d3cae59-4282-4496-a4e1-90b2fca61e2c
2022-05-15 13:43:32,002 [Command processor thread] INFO  ratis.XceiverServerRatis (XceiverServerRatis.java:addGroup(765)) - Created group PipelineID=aa5b17bc-d30d-4849-b4e0-c79f83506aaa
2022-05-15 13:43:32,066 [grpc-default-executor-0] INFO  server.RaftServer (RaftServerProxy.java:addNew(95)) - 2dee7481-997e-4819-9eb0-c9795558e67b: addNew group-C79F83506AAA:[0d3cae59-4282-4496-a4e1-90b2fca61e2c|rpc:10.1.0.20:45501|dataStream:|priority:0, 2dee7481-997e-4819-9eb0-c9795558e67b|rpc:10.1.0.20:44031|dataStream:|priority:0, 2225bdd7-82df-4a59-8045-7d84ab374bd3|rpc:10.1.0.20:39819|dataStream:|priority:1] returns group-C79F83506AAA:java.util.concurrent.CompletableFuture@25a2c80c[Not completed]
2022-05-15 13:43:32,067 [pool-709-thread-1] INFO  server.RaftServer$Division (RaftServerImpl.java:<init>(184)) - 2dee7481-997e-4819-9eb0-c9795558e67b: new RaftServerImpl for group-C79F83506AAA:[0d3cae59-4282-4496-a4e1-90b2fca61e2c|rpc:10.1.0.20:45501|dataStream:|priority:0, 2dee7481-997e-4819-9eb0-c9795558e67b|rpc:10.1.0.20:44031|dataStream:|priority:0, 2225bdd7-82df-4a59-8045-7d84ab374bd3|rpc:10.1.0.20:39819|dataStream:|priority:1] with ContainerStateMachine:uninitialized
2022-05-15 13:43:32,067 [pool-709-thread-1] INFO  server.RaftServerConfigKeys (ConfUtils.java:logGet(44)) - raft.server.rpc.timeout.min = 5s (custom)
2022-05-15 13:43:32,067 [pool-709-thread-1] INFO  server.RaftServerConfigKeys (ConfUtils.java:logGet(44)) - raft.server.rpc.timeout.max = 5200ms (custom)
2022-05-15 13:43:32,067 [pool-709-thread-1] INFO  server.RaftServerConfigKeys (ConfUtils.java:logGet(44)) - raft.server.rpc.sleep.time = 25ms (default)
2022-05-15 13:43:32,067 [pool-709-thread-1] INFO  server.RaftServerConfigKeys (ConfUtils.java:logGet(44)) - raft.server.rpc.slowness.timeout = 300s (custom)
2022-05-15 13:43:32,067 [pool-709-thread-1] INFO  server.RaftServerConfigKeys (ConfUtils.java:logGet(44)) - raft.server.leaderelection.leader.step-down.wait-time = 10s (default)
2022-05-15 13:43:32,067 [pool-709-thread-1] INFO  server.RaftServerConfigKeys (ConfUtils.java:logGet(44)) - raft.server.sleep.deviation.threshold = 300ms (default)
2022-05-15 13:43:32,068 [pool-709-thread-1] INFO  server.RaftServerConfigKeys (ConfUtils.java:logGet(44)) - raft.server.log.appender.install.snapshot.enabled = false (custom)
2022-05-15 13:43:32,068 [pool-709-thread-1] INFO  server.RaftServer$Division (ServerState.java:<init>(105)) - 2dee7481-997e-4819-9eb0-c9795558e67b@group-C79F83506AAA: ConfigurationManager, init=-1: [0d3cae59-4282-4496-a4e1-90b2fca61e2c|rpc:10.1.0.20:45501|dataStream:|priority:0, 2dee7481-997e-4819-9eb0-c9795558e67b|rpc:10.1.0.20:44031|dataStream:|priority:0, 2225bdd7-82df-4a59-8045-7d84ab374bd3|rpc:10.1.0.20:39819|dataStream:|priority:1], old=null, confs=<EMPTY_MAP>
2022-05-15 13:43:32,068 [pool-709-thread-1] INFO  server.RaftServerConfigKeys (ConfUtils.java:logGet(44)) - raft.server.storage.dir = [/home/runner/work/ozone/ozone/hadoop-ozone/integration-test/target/test-dir/MiniOzoneClusterImpl-84148938-d4e7-44f7-8424-958744cac302/datanode-1/data/ratis] (custom)
2022-05-15 13:43:32,068 [pool-709-thread-1] INFO  server.RaftServerConfigKeys (ConfUtils.java:logGet(44)) - raft.server.log.corruption.policy = EXCEPTION (default)
2022-05-15 13:43:32,068 [pool-709-thread-1] INFO  server.RaftServerConfigKeys (ConfUtils.java:logGet(44)) - raft.server.storage.free-space.min = 0MB (=0) (default)
2022-05-15 13:43:32,068 [pool-709-thread-1] INFO  storage.RaftStorageDirectory (RaftStorageDirectoryImpl.java:analyzeStorage(135)) - The storage directory /home/runner/work/ozone/ozone/hadoop-ozone/integration-test/target/test-dir/MiniOzoneClusterImpl-84148938-d4e7-44f7-8424-958744cac302/datanode-1/data/ratis/aa5b17bc-d30d-4849-b4e0-c79f83506aaa does not exist. Creating ...
2022-05-15 13:43:32,074 [pool-709-thread-1] INFO  storage.RaftStorageDirectory (RaftStorageDirectoryImpl.java:tryLock(230)) - Lock on /home/runner/work/ozone/ozone/hadoop-ozone/integration-test/target/test-dir/MiniOzoneClusterImpl-84148938-d4e7-44f7-8424-958744cac302/datanode-1/data/ratis/aa5b17bc-d30d-4849-b4e0-c79f83506aaa/in_use.lock acquired by nodename 19587@fv-az40-973
2022-05-15 13:43:32,079 [pool-709-thread-1] INFO  storage.RaftStorage (RaftStorageImpl.java:format(89)) - Storage directory /home/runner/work/ozone/ozone/hadoop-ozone/integration-test/target/test-dir/MiniOzoneClusterImpl-84148938-d4e7-44f7-8424-958744cac302/datanode-1/data/ratis/aa5b17bc-d30d-4849-b4e0-c79f83506aaa has been successfully formatted.
2022-05-15 13:43:32,106 [pool-709-thread-1] INFO  ratis.ContainerStateMachine (ContainerStateMachine.java:loadSnapshot(236)) - group-C79F83506AAA: The snapshot info is null. Setting the last applied indexto:(t:0, i:~)
2022-05-15 13:43:32,106 [pool-709-thread-1] INFO  server.RaftServerConfigKeys (ConfUtils.java:logGet(44)) - raft.server.notification.no-leader.timeout = 300s (custom)
2022-05-15 13:43:32,106 [pool-709-thread-1] INFO  server.RaftServerConfigKeys (ConfUtils.java:logGet(44)) - raft.server.log.use.memory = false (default)
2022-05-15 13:43:32,107 [pool-709-thread-1] INFO  server.RaftServerConfigKeys (ConfUtils.java:logGet(44)) - raft.server.log.purge.gap = 1000000 (custom)
2022-05-15 13:43:32,107 [pool-709-thread-1] INFO  server.RaftServerConfigKeys (ConfUtils.java:logGet(44)) - raft.server.log.appender.buffer.byte-limit = 33554432 (custom)
2022-05-15 13:43:32,107 [pool-709-thread-1] INFO  server.RaftServerConfigKeys (ConfUtils.java:logGet(44)) - raft.server.log.segment.size.max = 1048576 (custom)
2022-05-15 13:43:32,107 [pool-709-thread-1] INFO  server.RaftServerConfigKeys (ConfUtils.java:logGet(44)) - raft.server.log.segment.cache.num.max = 2 (custom)
2022-05-15 13:43:32,107 [pool-709-thread-1] INFO  server.RaftServerConfigKeys (ConfUtils.java:logGet(44)) - raft.server.log.segment.cache.size.max = 200MB (=209715200) (default)
2022-05-15 13:43:32,107 [pool-709-thread-1] INFO  segmented.SegmentedRaftLogWorker (SegmentedRaftLogWorker.java:<init>(182)) - new 2dee7481-997e-4819-9eb0-c9795558e67b@group-C79F83506AAA-SegmentedRaftLogWorker for RaftStorageImpl:Storage Directory /home/runner/work/ozone/ozone/hadoop-ozone/integration-test/target/test-dir/MiniOzoneClusterImpl-84148938-d4e7-44f7-8424-958744cac302/datanode-1/data/ratis/aa5b17bc-d30d-4849-b4e0-c79f83506aaa
2022-05-15 13:43:32,107 [pool-709-thread-1] INFO  server.RaftServerConfigKeys (ConfUtils.java:logGet(44)) - raft.server.log.queue.byte-limit = 4294967296 (custom)
2022-05-15 13:43:32,107 [pool-709-thread-1] INFO  server.RaftServerConfigKeys (ConfUtils.java:logGet(44)) - raft.server.log.queue.element-limit = 1024 (custom)
2022-05-15 13:43:32,107 [pool-709-thread-1] INFO  server.RaftServerConfigKeys (ConfUtils.java:logGet(44)) - raft.server.log.segment.size.max = 1048576 (custom)
2022-05-15 13:43:32,107 [pool-709-thread-1] INFO  server.RaftServerConfigKeys (ConfUtils.java:logGet(44)) - raft.server.log.preallocated.size = 16384 (custom)
2022-05-15 13:43:32,107 [pool-709-thread-1] INFO  server.RaftServerConfigKeys (ConfUtils.java:logGet(44)) - raft.server.log.force.sync.num = 128 (default)
2022-05-15 13:43:32,107 [pool-709-thread-1] INFO  server.RaftServerConfigKeys (ConfUtils.java:logGet(44)) - raft.server.log.statemachine.data.sync = true (default)
2022-05-15 13:43:32,107 [pool-709-thread-1] INFO  server.RaftServerConfigKeys (ConfUtils.java:logGet(44)) - raft.server.log.statemachine.data.sync.timeout = 10s (default)
2022-05-15 13:43:32,108 [pool-709-thread-1] INFO  server.RaftServerConfigKeys (ConfUtils.java:logGet(44)) - raft.server.log.statemachine.data.sync.timeout.retry = -1 (default)
2022-05-15 13:43:32,108 [pool-709-thread-1] INFO  server.RaftServerConfigKeys (ConfUtils.java:logGet(44)) - raft.server.log.write.buffer.size = 1048576 (custom)
2022-05-15 13:43:32,109 [pool-709-thread-1] INFO  server.RaftServerConfigKeys (ConfUtils.java:logGet(44)) - raft.server.log.statemachine.data.caching.enabled = true (custom)
2022-05-15 13:43:32,109 [pool-709-thread-1] INFO  segmented.SegmentedRaftLogWorker (SegmentedRaftLogWorker.java:lambda$new$0(133)) - 2dee7481-997e-4819-9eb0-c9795558e67b@group-C79F83506AAA-SegmentedRaftLogWorker: flushIndex: setUnconditionally 0 -> -1
2022-05-15 13:43:32,109 [pool-709-thread-1] INFO  segmented.SegmentedRaftLogWorker (SegmentedRaftLogWorker.java:lambda$new$0(133)) - 2dee7481-997e-4819-9eb0-c9795558e67b@group-C79F83506AAA-SegmentedRaftLogWorker: safeCacheEvictIndex: setUnconditionally 0 -> -1
2022-05-15 13:43:32,126 [pool-709-thread-1] INFO  server.RaftServerConfigKeys (ConfUtils.java:logGet(44)) - raft.server.snapshot.auto.trigger.enabled = true (custom)
2022-05-15 13:43:32,126 [pool-709-thread-1] INFO  server.RaftServerConfigKeys (ConfUtils.java:logGet(44)) - raft.server.snapshot.auto.trigger.threshold = 10000 (custom)
2022-05-15 13:43:32,126 [pool-709-thread-1] INFO  server.RaftServerConfigKeys (ConfUtils.java:logGet(44)) - raft.server.snapshot.retention.file.num = 5 (custom)
2022-05-15 13:43:32,126 [pool-709-thread-1] INFO  server.RaftServerConfigKeys (ConfUtils.java:logGet(44)) - raft.server.log.purge.upto.snapshot.index = false (default)
2022-05-15 13:43:32,126 [pool-709-thread-1] INFO  server.RaftServerConfigKeys (ConfUtils.java:logGet(44)) - raft.server.retrycache.expirytime = 600000ms (custom)
2022-05-15 13:43:32,127 [pool-709-thread-1] INFO  server.RaftServerConfigKeys (ConfUtils.java:logGet(44)) - raft.server.retrycache.statistics.expirytime = 100μs (default)
2022-05-15 13:43:32,128 [pool-709-thread-1] INFO  server.RaftServer$Division (RaftServerImpl.java:start(301)) - 2dee7481-997e-4819-9eb0-c9795558e67b@group-C79F83506AAA: start as a follower, conf=-1: [0d3cae59-4282-4496-a4e1-90b2fca61e2c|rpc:10.1.0.20:45501|dataStream:|priority:0, 2dee7481-997e-4819-9eb0-c9795558e67b|rpc:10.1.0.20:44031|dataStream:|priority:0, 2225bdd7-82df-4a59-8045-7d84ab374bd3|rpc:10.1.0.20:39819|dataStream:|priority:1], old=null
2022-05-15 13:43:32,128 [pool-709-thread-1] INFO  server.RaftServer$Division (RaftServerImpl.java:setRole(290)) - 2dee7481-997e-4819-9eb0-c9795558e67b@group-C79F83506AAA: changes role from      null to FOLLOWER at term 0 for startAsFollower
2022-05-15 13:43:32,128 [pool-709-thread-1] INFO  impl.RoleInfo (RoleInfo.java:updateAndGet(130)) - 2dee7481-997e-4819-9eb0-c9795558e67b: start 2dee7481-997e-4819-9eb0-c9795558e67b@group-C79F83506AAA-FollowerState
2022-05-15 13:43:32,128 [pool-709-thread-1] INFO  util.JmxRegister (JmxRegister.java:tryRegister(44)) - Successfully registered JMX Bean with object name Ratis:service=RaftServer,group=group-C79F83506AAA,id=2dee7481-997e-4819-9eb0-c9795558e67b
2022-05-15 13:43:32,198 [grpc-default-executor-0] INFO  server.RaftServer (RaftServerProxy.java:addNew(95)) - 2225bdd7-82df-4a59-8045-7d84ab374bd3: addNew group-C79F83506AAA:[0d3cae59-4282-4496-a4e1-90b2fca61e2c|rpc:10.1.0.20:45501|dataStream:|priority:0, 2dee7481-997e-4819-9eb0-c9795558e67b|rpc:10.1.0.20:44031|dataStream:|priority:0, 2225bdd7-82df-4a59-8045-7d84ab374bd3|rpc:10.1.0.20:39819|dataStream:|priority:1] returns group-C79F83506AAA:java.util.concurrent.CompletableFuture@6e61475d[Not completed]
2022-05-15 13:43:32,239 [pool-730-thread-1] INFO  server.RaftServer$Division (RaftServerImpl.java:<init>(184)) - 2225bdd7-82df-4a59-8045-7d84ab374bd3: new RaftServerImpl for group-C79F83506AAA:[0d3cae59-4282-4496-a4e1-90b2fca61e2c|rpc:10.1.0.20:45501|dataStream:|priority:0, 2dee7481-997e-4819-9eb0-c9795558e67b|rpc:10.1.0.20:44031|dataStream:|priority:0, 2225bdd7-82df-4a59-8045-7d84ab374bd3|rpc:10.1.0.20:39819|dataStream:|priority:1] with ContainerStateMachine:uninitialized
2022-05-15 13:43:32,281 [pool-730-thread-1] INFO  server.RaftServerConfigKeys (ConfUtils.java:logGet(44)) - raft.server.rpc.timeout.min = 5s (custom)
2022-05-15 13:43:32,281 [pool-730-thread-1] INFO  server.RaftServerConfigKeys (ConfUtils.java:logGet(44)) - raft.server.rpc.timeout.max = 5200ms (custom)
2022-05-15 13:43:32,281 [pool-730-thread-1] INFO  server.RaftServerConfigKeys (ConfUtils.java:logGet(44)) - raft.server.rpc.sleep.time = 25ms (default)
2022-05-15 13:43:32,281 [pool-730-thread-1] INFO  server.RaftServerConfigKeys (ConfUtils.java:logGet(44)) - raft.server.rpc.slowness.timeout = 300s (custom)
2022-05-15 13:43:32,281 [pool-730-thread-1] INFO  server.RaftServerConfigKeys (ConfUtils.java:logGet(44)) - raft.server.leaderelection.leader.step-down.wait-time = 10s (default)
2022-05-15 13:43:32,281 [pool-730-thread-1] INFO  server.RaftServerConfigKeys (ConfUtils.java:logGet(44)) - raft.server.sleep.deviation.threshold = 300ms (default)
2022-05-15 13:43:32,281 [pool-730-thread-1] INFO  server.RaftServerConfigKeys (ConfUtils.java:logGet(44)) - raft.server.log.appender.install.snapshot.enabled = false (custom)
2022-05-15 13:43:32,281 [pool-730-thread-1] INFO  server.RaftServer$Division (ServerState.java:<init>(105)) - 2225bdd7-82df-4a59-8045-7d84ab374bd3@group-C79F83506AAA: ConfigurationManager, init=-1: [0d3cae59-4282-4496-a4e1-90b2fca61e2c|rpc:10.1.0.20:45501|dataStream:|priority:0, 2dee7481-997e-4819-9eb0-c9795558e67b|rpc:10.1.0.20:44031|dataStream:|priority:0, 2225bdd7-82df-4a59-8045-7d84ab374bd3|rpc:10.1.0.20:39819|dataStream:|priority:1], old=null, confs=<EMPTY_MAP>
2022-05-15 13:43:32,281 [pool-730-thread-1] INFO  server.RaftServerConfigKeys (ConfUtils.java:logGet(44)) - raft.server.storage.dir = [/home/runner/work/ozone/ozone/hadoop-ozone/integration-test/target/test-dir/MiniOzoneClusterImpl-84148938-d4e7-44f7-8424-958744cac302/datanode-2/data/ratis] (custom)
2022-05-15 13:43:32,282 [pool-730-thread-1] INFO  server.RaftServerConfigKeys (ConfUtils.java:logGet(44)) - raft.server.log.corruption.policy = EXCEPTION (default)
2022-05-15 13:43:32,282 [pool-730-thread-1] INFO  server.RaftServerConfigKeys (ConfUtils.java:logGet(44)) - raft.server.storage.free-space.min = 0MB (=0) (default)
2022-05-15 13:43:32,282 [pool-730-thread-1] INFO  storage.RaftStorageDirectory (RaftStorageDirectoryImpl.java:analyzeStorage(135)) - The storage directory /home/runner/work/ozone/ozone/hadoop-ozone/integration-test/target/test-dir/MiniOzoneClusterImpl-84148938-d4e7-44f7-8424-958744cac302/datanode-2/data/ratis/aa5b17bc-d30d-4849-b4e0-c79f83506aaa does not exist. Creating ...
2022-05-15 13:43:32,291 [pool-730-thread-1] INFO  storage.RaftStorageDirectory (RaftStorageDirectoryImpl.java:tryLock(230)) - Lock on /home/runner/work/ozone/ozone/hadoop-ozone/integration-test/target/test-dir/MiniOzoneClusterImpl-84148938-d4e7-44f7-8424-958744cac302/datanode-2/data/ratis/aa5b17bc-d30d-4849-b4e0-c79f83506aaa/in_use.lock acquired by nodename 19587@fv-az40-973
2022-05-15 13:43:32,292 [pool-730-thread-1] INFO  storage.RaftStorage (RaftStorageImpl.java:format(89)) - Storage directory /home/runner/work/ozone/ozone/hadoop-ozone/integration-test/target/test-dir/MiniOzoneClusterImpl-84148938-d4e7-44f7-8424-958744cac302/datanode-2/data/ratis/aa5b17bc-d30d-4849-b4e0-c79f83506aaa has been successfully formatted.
2022-05-15 13:43:32,292 [pool-730-thread-1] INFO  ratis.ContainerStateMachine (ContainerStateMachine.java:loadSnapshot(236)) - group-C79F83506AAA: The snapshot info is null. Setting the last applied indexto:(t:0, i:~)
2022-05-15 13:43:32,292 [pool-730-thread-1] INFO  server.RaftServerConfigKeys (ConfUtils.java:logGet(44)) - raft.server.notification.no-leader.timeout = 300s (custom)
2022-05-15 13:43:32,292 [pool-730-thread-1] INFO  server.RaftServerConfigKeys (ConfUtils.java:logGet(44)) - raft.server.log.use.memory = false (default)
2022-05-15 13:43:32,292 [pool-730-thread-1] INFO  server.RaftServerConfigKeys (ConfUtils.java:logGet(44)) - raft.server.log.purge.gap = 1000000 (custom)
2022-05-15 13:43:32,292 [pool-730-thread-1] INFO  server.RaftServerConfigKeys (ConfUtils.java:logGet(44)) - raft.server.log.appender.buffer.byte-limit = 33554432 (custom)
2022-05-15 13:43:32,293 [pool-730-thread-1] INFO  server.RaftServerConfigKeys (ConfUtils.java:logGet(44)) - raft.server.log.segment.size.max = 1048576 (custom)
2022-05-15 13:43:32,293 [pool-730-thread-1] INFO  server.RaftServerConfigKeys (ConfUtils.java:logGet(44)) - raft.server.log.segment.cache.num.max = 2 (custom)
2022-05-15 13:43:32,326 [pool-730-thread-1] INFO  server.RaftServerConfigKeys (ConfUtils.java:logGet(44)) - raft.server.log.segment.cache.size.max = 200MB (=209715200) (default)
2022-05-15 13:43:32,326 [pool-730-thread-1] INFO  segmented.SegmentedRaftLogWorker (SegmentedRaftLogWorker.java:<init>(182)) - new 2225bdd7-82df-4a59-8045-7d84ab374bd3@group-C79F83506AAA-SegmentedRaftLogWorker for RaftStorageImpl:Storage Directory /home/runner/work/ozone/ozone/hadoop-ozone/integration-test/target/test-dir/MiniOzoneClusterImpl-84148938-d4e7-44f7-8424-958744cac302/datanode-2/data/ratis/aa5b17bc-d30d-4849-b4e0-c79f83506aaa
2022-05-15 13:43:32,326 [pool-730-thread-1] INFO  server.RaftServerConfigKeys (ConfUtils.java:logGet(44)) - raft.server.log.queue.byte-limit = 4294967296 (custom)
2022-05-15 13:43:32,326 [pool-730-thread-1] INFO  server.RaftServerConfigKeys (ConfUtils.java:logGet(44)) - raft.server.log.queue.element-limit = 1024 (custom)
2022-05-15 13:43:32,326 [pool-730-thread-1] INFO  server.RaftServerConfigKeys (ConfUtils.java:logGet(44)) - raft.server.log.segment.size.max = 1048576 (custom)
2022-05-15 13:43:32,326 [pool-730-thread-1] INFO  server.RaftServerConfigKeys (ConfUtils.java:logGet(44)) - raft.server.log.preallocated.size = 16384 (custom)
2022-05-15 13:43:32,327 [pool-730-thread-1] INFO  server.RaftServerConfigKeys (ConfUtils.java:logGet(44)) - raft.server.log.force.sync.num = 128 (default)
2022-05-15 13:43:32,327 [pool-730-thread-1] INFO  server.RaftServerConfigKeys (ConfUtils.java:logGet(44)) - raft.server.log.statemachine.data.sync = true (default)
2022-05-15 13:43:32,327 [pool-730-thread-1] INFO  server.RaftServerConfigKeys (ConfUtils.java:logGet(44)) - raft.server.log.statemachine.data.sync.timeout = 10s (default)
2022-05-15 13:43:32,327 [pool-730-thread-1] INFO  server.RaftServerConfigKeys (ConfUtils.java:logGet(44)) - raft.server.log.statemachine.data.sync.timeout.retry = -1 (default)
2022-05-15 13:43:32,328 [pool-730-thread-1] INFO  server.RaftServerConfigKeys (ConfUtils.java:logGet(44)) - raft.server.log.write.buffer.size = 1048576 (custom)
2022-05-15 13:43:32,328 [pool-730-thread-1] INFO  server.RaftServerConfigKeys (ConfUtils.java:logGet(44)) - raft.server.log.statemachine.data.caching.enabled = true (custom)
2022-05-15 13:43:32,328 [pool-730-thread-1] INFO  segmented.SegmentedRaftLogWorker (SegmentedRaftLogWorker.java:lambda$new$0(133)) - 2225bdd7-82df-4a59-8045-7d84ab374bd3@group-C79F83506AAA-SegmentedRaftLogWorker: flushIndex: setUnconditionally 0 -> -1
2022-05-15 13:43:32,328 [pool-730-thread-1] INFO  segmented.SegmentedRaftLogWorker (SegmentedRaftLogWorker.java:lambda$new$0(133)) - 2225bdd7-82df-4a59-8045-7d84ab374bd3@group-C79F83506AAA-SegmentedRaftLogWorker: safeCacheEvictIndex: setUnconditionally 0 -> -1
2022-05-15 13:43:32,352 [pool-730-thread-1] INFO  server.RaftServerConfigKeys (ConfUtils.java:logGet(44)) - raft.server.snapshot.auto.trigger.enabled = true (custom)
2022-05-15 13:43:32,352 [pool-730-thread-1] INFO  server.RaftServerConfigKeys (ConfUtils.java:logGet(44)) - raft.server.snapshot.auto.trigger.threshold = 10000 (custom)
2022-05-15 13:43:32,352 [pool-730-thread-1] INFO  server.RaftServerConfigKeys (ConfUtils.java:logGet(44)) - raft.server.snapshot.retention.file.num = 5 (custom)
2022-05-15 13:43:32,352 [pool-730-thread-1] INFO  server.RaftServerConfigKeys (ConfUtils.java:logGet(44)) - raft.server.log.purge.upto.snapshot.index = false (default)
2022-05-15 13:43:32,352 [pool-730-thread-1] INFO  server.RaftServerConfigKeys (ConfUtils.java:logGet(44)) - raft.server.retrycache.expirytime = 600000ms (custom)
2022-05-15 13:43:32,352 [pool-730-thread-1] INFO  server.RaftServerConfigKeys (ConfUtils.java:logGet(44)) - raft.server.retrycache.statistics.expirytime = 100μs (default)
2022-05-15 13:43:32,353 [pool-730-thread-1] INFO  server.RaftServer$Division (RaftServerImpl.java:start(301)) - 2225bdd7-82df-4a59-8045-7d84ab374bd3@group-C79F83506AAA: start as a follower, conf=-1: [0d3cae59-4282-4496-a4e1-90b2fca61e2c|rpc:10.1.0.20:45501|dataStream:|priority:0, 2dee7481-997e-4819-9eb0-c9795558e67b|rpc:10.1.0.20:44031|dataStream:|priority:0, 2225bdd7-82df-4a59-8045-7d84ab374bd3|rpc:10.1.0.20:39819|dataStream:|priority:1], old=null
2022-05-15 13:43:32,353 [pool-730-thread-1] INFO  server.RaftServer$Division (RaftServerImpl.java:setRole(290)) - 2225bdd7-82df-4a59-8045-7d84ab374bd3@group-C79F83506AAA: changes role from      null to FOLLOWER at term 0 for startAsFollower
2022-05-15 13:43:32,353 [pool-730-thread-1] INFO  impl.RoleInfo (RoleInfo.java:updateAndGet(130)) - 2225bdd7-82df-4a59-8045-7d84ab374bd3: start 2225bdd7-82df-4a59-8045-7d84ab374bd3@group-C79F83506AAA-FollowerState
2022-05-15 13:43:32,377 [pool-730-thread-1] INFO  util.JmxRegister (JmxRegister.java:tryRegister(44)) - Successfully registered JMX Bean with object name Ratis:service=RaftServer,group=group-C79F83506AAA,id=2225bdd7-82df-4a59-8045-7d84ab374bd3
2022-05-15 13:43:32,454 [Command processor thread] INFO  commandhandler.CreatePipelineCommandHandler (CreatePipelineCommandHandler.java:handle(113)) - Created Pipeline RATIS THREE PipelineID=aa5b17bc-d30d-4849-b4e0-c79f83506aaa.
2022-05-15 13:43:32,470 [Command processor thread] INFO  server.RaftServer (RaftServerProxy.java:addNew(95)) - 0d3cae59-4282-4496-a4e1-90b2fca61e2c: addNew group-FB14A4985CFD:[0d3cae59-4282-4496-a4e1-90b2fca61e2c|rpc:10.1.0.20:45501|priority:0, 2dee7481-997e-4819-9eb0-c9795558e67b|rpc:10.1.0.20:44031|priority:1, 2225bdd7-82df-4a59-8045-7d84ab374bd3|rpc:10.1.0.20:39819|priority:0] returns group-FB14A4985CFD:java.util.concurrent.CompletableFuture@5fcfb464[Not completed]
2022-05-15 13:43:32,471 [pool-688-thread-1] INFO  server.RaftServer$Division (RaftServerImpl.java:<init>(184)) - 0d3cae59-4282-4496-a4e1-90b2fca61e2c: new RaftServerImpl for group-FB14A4985CFD:[0d3cae59-4282-4496-a4e1-90b2fca61e2c|rpc:10.1.0.20:45501|priority:0, 2dee7481-997e-4819-9eb0-c9795558e67b|rpc:10.1.0.20:44031|priority:1, 2225bdd7-82df-4a59-8045-7d84ab374bd3|rpc:10.1.0.20:39819|priority:0] with ContainerStateMachine:uninitialized
2022-05-15 13:43:32,471 [pool-688-thread-1] INFO  server.RaftServerConfigKeys (ConfUtils.java:logGet(44)) - raft.server.rpc.timeout.min = 5s (custom)
2022-05-15 13:43:32,471 [pool-688-thread-1] INFO  server.RaftServerConfigKeys (ConfUtils.java:logGet(44)) - raft.server.rpc.timeout.max = 5200ms (custom)
2022-05-15 13:43:32,472 [pool-688-thread-1] INFO  server.RaftServerConfigKeys (ConfUtils.java:logGet(44)) - raft.server.rpc.sleep.time = 25ms (default)
2022-05-15 13:43:32,472 [pool-688-thread-1] INFO  server.RaftServerConfigKeys (ConfUtils.java:logGet(44)) - raft.server.rpc.slowness.timeout = 300s (custom)
2022-05-15 13:43:32,472 [pool-688-thread-1] INFO  server.RaftServerConfigKeys (ConfUtils.java:logGet(44)) - raft.server.leaderelection.leader.step-down.wait-time = 10s (default)
2022-05-15 13:43:32,472 [pool-688-thread-1] INFO  server.RaftServerConfigKeys (ConfUtils.java:logGet(44)) - raft.server.sleep.deviation.threshold = 300ms (default)
2022-05-15 13:43:32,472 [pool-688-thread-1] INFO  server.RaftServerConfigKeys (ConfUtils.java:logGet(44)) - raft.server.log.appender.install.snapshot.enabled = false (custom)
2022-05-15 13:43:32,472 [pool-688-thread-1] INFO  server.RaftServer$Division (ServerState.java:<init>(105)) - 0d3cae59-4282-4496-a4e1-90b2fca61e2c@group-FB14A4985CFD: ConfigurationManager, init=-1: [0d3cae59-4282-4496-a4e1-90b2fca61e2c|rpc:10.1.0.20:45501|priority:0, 2dee7481-997e-4819-9eb0-c9795558e67b|rpc:10.1.0.20:44031|priority:1, 2225bdd7-82df-4a59-8045-7d84ab374bd3|rpc:10.1.0.20:39819|priority:0], old=null, confs=<EMPTY_MAP>
2022-05-15 13:43:32,472 [pool-688-thread-1] INFO  server.RaftServerConfigKeys (ConfUtils.java:logGet(44)) - raft.server.storage.dir = [/home/runner/work/ozone/ozone/hadoop-ozone/integration-test/target/test-dir/MiniOzoneClusterImpl-84148938-d4e7-44f7-8424-958744cac302/datanode-0/data/ratis] (custom)
2022-05-15 13:43:32,472 [pool-688-thread-1] INFO  server.RaftServerConfigKeys (ConfUtils.java:logGet(44)) - raft.server.log.corruption.policy = EXCEPTION (default)
2022-05-15 13:43:32,472 [pool-688-thread-1] INFO  server.RaftServerConfigKeys (ConfUtils.java:logGet(44)) - raft.server.storage.free-space.min = 0MB (=0) (default)
2022-05-15 13:43:32,472 [pool-688-thread-1] INFO  storage.RaftStorageDirectory (RaftStorageDirectoryImpl.java:analyzeStorage(135)) - The storage directory /home/runner/work/ozone/ozone/hadoop-ozone/integration-test/target/test-dir/MiniOzoneClusterImpl-84148938-d4e7-44f7-8424-958744cac302/datanode-0/data/ratis/be7fde93-f4a0-4b65-a92e-fb14a4985cfd does not exist. Creating ...
2022-05-15 13:43:32,476 [pool-688-thread-1] INFO  storage.RaftStorageDirectory (RaftStorageDirectoryImpl.java:tryLock(230)) - Lock on /home/runner/work/ozone/ozone/hadoop-ozone/integration-test/target/test-dir/MiniOzoneClusterImpl-84148938-d4e7-44f7-8424-958744cac302/datanode-0/data/ratis/be7fde93-f4a0-4b65-a92e-fb14a4985cfd/in_use.lock acquired by nodename 19587@fv-az40-973
2022-05-15 13:43:32,477 [pool-688-thread-1] INFO  storage.RaftStorage (RaftStorageImpl.java:format(89)) - Storage directory /home/runner/work/ozone/ozone/hadoop-ozone/integration-test/target/test-dir/MiniOzoneClusterImpl-84148938-d4e7-44f7-8424-958744cac302/datanode-0/data/ratis/be7fde93-f4a0-4b65-a92e-fb14a4985cfd has been successfully formatted.
2022-05-15 13:43:32,477 [pool-688-thread-1] INFO  ratis.ContainerStateMachine (ContainerStateMachine.java:loadSnapshot(236)) - group-FB14A4985CFD: The snapshot info is null. Setting the last applied indexto:(t:0, i:~)
2022-05-15 13:43:32,477 [pool-688-thread-1] INFO  server.RaftServerConfigKeys (ConfUtils.java:logGet(44)) - raft.server.notification.no-leader.timeout = 300s (custom)
2022-05-15 13:43:32,477 [pool-688-thread-1] INFO  server.RaftServerConfigKeys (ConfUtils.java:logGet(44)) - raft.server.log.use.memory = false (default)
2022-05-15 13:43:32,477 [pool-688-thread-1] INFO  server.RaftServerConfigKeys (ConfUtils.java:logGet(44)) - raft.server.log.purge.gap = 1000000 (custom)
2022-05-15 13:43:32,477 [pool-688-thread-1] INFO  server.RaftServerConfigKeys (ConfUtils.java:logGet(44)) - raft.server.log.appender.buffer.byte-limit = 33554432 (custom)
2022-05-15 13:43:32,478 [pool-688-thread-1] INFO  server.RaftServerConfigKeys (ConfUtils.java:logGet(44)) - raft.server.log.segment.size.max = 1048576 (custom)
2022-05-15 13:43:32,478 [pool-688-thread-1] INFO  server.RaftServerConfigKeys (ConfUtils.java:logGet(44)) - raft.server.log.segment.cache.num.max = 2 (custom)
2022-05-15 13:43:32,478 [pool-688-thread-1] INFO  server.RaftServerConfigKeys (ConfUtils.java:logGet(44)) - raft.server.log.segment.cache.size.max = 200MB (=209715200) (default)
2022-05-15 13:43:32,478 [pool-688-thread-1] INFO  segmented.SegmentedRaftLogWorker (SegmentedRaftLogWorker.java:<init>(182)) - new 0d3cae59-4282-4496-a4e1-90b2fca61e2c@group-FB14A4985CFD-SegmentedRaftLogWorker for RaftStorageImpl:Storage Directory /home/runner/work/ozone/ozone/hadoop-ozone/integration-test/target/test-dir/MiniOzoneClusterImpl-84148938-d4e7-44f7-8424-958744cac302/datanode-0/data/ratis/be7fde93-f4a0-4b65-a92e-fb14a4985cfd
2022-05-15 13:43:32,478 [pool-688-thread-1] INFO  server.RaftServerConfigKeys (ConfUtils.java:logGet(44)) - raft.server.log.queue.byte-limit = 4294967296 (custom)
2022-05-15 13:43:32,478 [pool-688-thread-1] INFO  server.RaftServerConfigKeys (ConfUtils.java:logGet(44)) - raft.server.log.queue.element-limit = 1024 (custom)
2022-05-15 13:43:32,478 [pool-688-thread-1] INFO  server.RaftServerConfigKeys (ConfUtils.java:logGet(44)) - raft.server.log.segment.size.max = 1048576 (custom)
2022-05-15 13:43:32,478 [pool-688-thread-1] INFO  server.RaftServerConfigKeys (ConfUtils.java:logGet(44)) - raft.server.log.preallocated.size = 16384 (custom)
2022-05-15 13:43:32,478 [pool-688-thread-1] INFO  server.RaftServerConfigKeys (ConfUtils.java:logGet(44)) - raft.server.log.force.sync.num = 128 (default)
2022-05-15 13:43:32,478 [pool-688-thread-1] INFO  server.RaftServerConfigKeys (ConfUtils.java:logGet(44)) - raft.server.log.statemachine.data.sync = true (default)
2022-05-15 13:43:32,478 [pool-688-thread-1] INFO  server.RaftServerConfigKeys (ConfUtils.java:logGet(44)) - raft.server.log.statemachine.data.sync.timeout = 10s (default)
2022-05-15 13:43:32,478 [pool-688-thread-1] INFO  server.RaftServerConfigKeys (ConfUtils.java:logGet(44)) - raft.server.log.statemachine.data.sync.timeout.retry = -1 (default)
2022-05-15 13:43:32,479 [pool-688-thread-1] INFO  server.RaftServerConfigKeys (ConfUtils.java:logGet(44)) - raft.server.log.write.buffer.size = 1048576 (custom)
2022-05-15 13:43:32,480 [pool-688-thread-1] INFO  server.RaftServerConfigKeys (ConfUtils.java:logGet(44)) - raft.server.log.statemachine.data.caching.enabled = true (custom)
2022-05-15 13:43:32,480 [pool-688-thread-1] INFO  segmented.SegmentedRaftLogWorker (SegmentedRaftLogWorker.java:lambda$new$0(133)) - 0d3cae59-4282-4496-a4e1-90b2fca61e2c@group-FB14A4985CFD-SegmentedRaftLogWorker: flushIndex: setUnconditionally 0 -> -1
2022-05-15 13:43:32,480 [pool-688-thread-1] INFO  segmented.SegmentedRaftLogWorker (SegmentedRaftLogWorker.java:lambda$new$0(133)) - 0d3cae59-4282-4496-a4e1-90b2fca61e2c@group-FB14A4985CFD-SegmentedRaftLogWorker: safeCacheEvictIndex: setUnconditionally 0 -> -1
2022-05-15 13:43:32,481 [EventQueue-OpenPipelineForHealthyPipelineSafeModeRule] INFO  safemode.SCMSafeModeManager (HealthyPipelineSafeModeRule.java:process(124)) - SCM in safe mode. Healthy pipelines reported count is 0, required healthy pipeline reported count is 1
2022-05-15 13:43:32,495 [pool-688-thread-1] INFO  server.RaftServerConfigKeys (ConfUtils.java:logGet(44)) - raft.server.snapshot.auto.trigger.enabled = true (custom)
2022-05-15 13:43:32,495 [pool-688-thread-1] INFO  server.RaftServerConfigKeys (ConfUtils.java:logGet(44)) - raft.server.snapshot.auto.trigger.threshold = 10000 (custom)
2022-05-15 13:43:32,495 [pool-688-thread-1] INFO  server.RaftServerConfigKeys (ConfUtils.java:logGet(44)) - raft.server.snapshot.retention.file.num = 5 (custom)
2022-05-15 13:43:32,495 [pool-688-thread-1] INFO  server.RaftServerConfigKeys (ConfUtils.java:logGet(44)) - raft.server.log.purge.upto.snapshot.index = false (default)
2022-05-15 13:43:32,495 [pool-688-thread-1] INFO  server.RaftServerConfigKeys (ConfUtils.java:logGet(44)) - raft.server.retrycache.expirytime = 600000ms (custom)
2022-05-15 13:43:32,495 [pool-688-thread-1] INFO  server.RaftServerConfigKeys (ConfUtils.java:logGet(44)) - raft.server.retrycache.statistics.expirytime = 100μs (default)
2022-05-15 13:43:32,496 [pool-688-thread-1] INFO  server.RaftServer$Division (RaftServerImpl.java:start(301)) - 0d3cae59-4282-4496-a4e1-90b2fca61e2c@group-FB14A4985CFD: start as a follower, conf=-1: [0d3cae59-4282-4496-a4e1-90b2fca61e2c|rpc:10.1.0.20:45501|priority:0, 2dee7481-997e-4819-9eb0-c9795558e67b|rpc:10.1.0.20:44031|priority:1, 2225bdd7-82df-4a59-8045-7d84ab374bd3|rpc:10.1.0.20:39819|priority:0], old=null
2022-05-15 13:43:32,496 [pool-688-thread-1] INFO  server.RaftServer$Division (RaftServerImpl.java:setRole(290)) - 0d3cae59-4282-4496-a4e1-90b2fca61e2c@group-FB14A4985CFD: changes role from      null to FOLLOWER at term 0 for startAsFollower
2022-05-15 13:43:32,496 [pool-688-thread-1] INFO  impl.RoleInfo (RoleInfo.java:updateAndGet(130)) - 0d3cae59-4282-4496-a4e1-90b2fca61e2c: start 0d3cae59-4282-4496-a4e1-90b2fca61e2c@group-FB14A4985CFD-FollowerState
2022-05-15 13:43:32,502 [pool-688-thread-1] INFO  util.JmxRegister (JmxRegister.java:tryRegister(44)) - Successfully registered JMX Bean with object name Ratis:service=RaftServer,group=group-FB14A4985CFD,id=0d3cae59-4282-4496-a4e1-90b2fca61e2c
2022-05-15 13:43:32,540 [Command processor thread] INFO  ratis.XceiverServerRatis (XceiverServerRatis.java:addGroup(765)) - Created group PipelineID=be7fde93-f4a0-4b65-a92e-fb14a4985cfd
2022-05-15 13:43:32,551 [grpc-default-executor-0] INFO  server.RaftServer (RaftServerProxy.java:addNew(95)) - 2dee7481-997e-4819-9eb0-c9795558e67b: addNew group-FB14A4985CFD:[0d3cae59-4282-4496-a4e1-90b2fca61e2c|rpc:10.1.0.20:45501|dataStream:|priority:0, 2dee7481-997e-4819-9eb0-c9795558e67b|rpc:10.1.0.20:44031|dataStream:|priority:1, 2225bdd7-82df-4a59-8045-7d84ab374bd3|rpc:10.1.0.20:39819|dataStream:|priority:0] returns group-FB14A4985CFD:java.util.concurrent.CompletableFuture@7a69f183[Not completed]
2022-05-15 13:43:32,551 [pool-709-thread-1] INFO  server.RaftServer$Division (RaftServerImpl.java:<init>(184)) - 2dee7481-997e-4819-9eb0-c9795558e67b: new RaftServerImpl for group-FB14A4985CFD:[0d3cae59-4282-4496-a4e1-90b2fca61e2c|rpc:10.1.0.20:45501|dataStream:|priority:0, 2dee7481-997e-4819-9eb0-c9795558e67b|rpc:10.1.0.20:44031|dataStream:|priority:1, 2225bdd7-82df-4a59-8045-7d84ab374bd3|rpc:10.1.0.20:39819|dataStream:|priority:0] with ContainerStateMachine:uninitialized
2022-05-15 13:43:32,551 [pool-709-thread-1] INFO  server.RaftServerConfigKeys (ConfUtils.java:logGet(44)) - raft.server.rpc.timeout.min = 5s (custom)
2022-05-15 13:43:32,551 [pool-709-thread-1] INFO  server.RaftServerConfigKeys (ConfUtils.java:logGet(44)) - raft.server.rpc.timeout.max = 5200ms (custom)
2022-05-15 13:43:32,551 [pool-709-thread-1] INFO  server.RaftServerConfigKeys (ConfUtils.java:logGet(44)) - raft.server.rpc.sleep.time = 25ms (default)
2022-05-15 13:43:32,552 [pool-709-thread-1] INFO  server.RaftServerConfigKeys (ConfUtils.java:logGet(44)) - raft.server.rpc.slowness.timeout = 300s (custom)
2022-05-15 13:43:32,552 [pool-709-thread-1] INFO  server.RaftServerConfigKeys (ConfUtils.java:logGet(44)) - raft.server.leaderelection.leader.step-down.wait-time = 10s (default)
2022-05-15 13:43:32,552 [pool-709-thread-1] INFO  server.RaftServerConfigKeys (ConfUtils.java:logGet(44)) - raft.server.sleep.deviation.threshold = 300ms (default)
2022-05-15 13:43:32,552 [pool-709-thread-1] INFO  server.RaftServerConfigKeys (ConfUtils.java:logGet(44)) - raft.server.log.appender.install.snapshot.enabled = false (custom)
2022-05-15 13:43:32,552 [pool-709-thread-1] INFO  server.RaftServer$Division (ServerState.java:<init>(105)) - 2dee7481-997e-4819-9eb0-c9795558e67b@group-FB14A4985CFD: ConfigurationManager, init=-1: [0d3cae59-4282-4496-a4e1-90b2fca61e2c|rpc:10.1.0.20:45501|dataStream:|priority:0, 2dee7481-997e-4819-9eb0-c9795558e67b|rpc:10.1.0.20:44031|dataStream:|priority:1, 2225bdd7-82df-4a59-8045-7d84ab374bd3|rpc:10.1.0.20:39819|dataStream:|priority:0], old=null, confs=<EMPTY_MAP>
2022-05-15 13:43:32,552 [pool-709-thread-1] INFO  server.RaftServerConfigKeys (ConfUtils.java:logGet(44)) - raft.server.storage.dir = [/home/runner/work/ozone/ozone/hadoop-ozone/integration-test/target/test-dir/MiniOzoneClusterImpl-84148938-d4e7-44f7-8424-958744cac302/datanode-1/data/ratis] (custom)
2022-05-15 13:43:32,552 [pool-709-thread-1] INFO  server.RaftServerConfigKeys (ConfUtils.java:logGet(44)) - raft.server.log.corruption.policy = EXCEPTION (default)
2022-05-15 13:43:32,552 [pool-709-thread-1] INFO  server.RaftServerConfigKeys (ConfUtils.java:logGet(44)) - raft.server.storage.free-space.min = 0MB (=0) (default)
2022-05-15 13:43:32,552 [pool-709-thread-1] INFO  storage.RaftStorageDirectory (RaftStorageDirectoryImpl.java:analyzeStorage(135)) - The storage directory /home/runner/work/ozone/ozone/hadoop-ozone/integration-test/target/test-dir/MiniOzoneClusterImpl-84148938-d4e7-44f7-8424-958744cac302/datanode-1/data/ratis/be7fde93-f4a0-4b65-a92e-fb14a4985cfd does not exist. Creating ...
2022-05-15 13:43:32,555 [pool-709-thread-1] INFO  storage.RaftStorageDirectory (RaftStorageDirectoryImpl.java:tryLock(230)) - Lock on /home/runner/work/ozone/ozone/hadoop-ozone/integration-test/target/test-dir/MiniOzoneClusterImpl-84148938-d4e7-44f7-8424-958744cac302/datanode-1/data/ratis/be7fde93-f4a0-4b65-a92e-fb14a4985cfd/in_use.lock acquired by nodename 19587@fv-az40-973
2022-05-15 13:43:32,558 [pool-709-thread-1] INFO  storage.RaftStorage (RaftStorageImpl.java:format(89)) - Storage directory /home/runner/work/ozone/ozone/hadoop-ozone/integration-test/target/test-dir/MiniOzoneClusterImpl-84148938-d4e7-44f7-8424-958744cac302/datanode-1/data/ratis/be7fde93-f4a0-4b65-a92e-fb14a4985cfd has been successfully formatted.
2022-05-15 13:43:32,558 [pool-709-thread-1] INFO  ratis.ContainerStateMachine (ContainerStateMachine.java:loadSnapshot(236)) - group-FB14A4985CFD: The snapshot info is null. Setting the last applied indexto:(t:0, i:~)
2022-05-15 13:43:32,558 [pool-709-thread-1] INFO  server.RaftServerConfigKeys (ConfUtils.java:logGet(44)) - raft.server.notification.no-leader.timeout = 300s (custom)
2022-05-15 13:43:32,558 [pool-709-thread-1] INFO  server.RaftServerConfigKeys (ConfUtils.java:logGet(44)) - raft.server.log.use.memory = false (default)
2022-05-15 13:43:32,558 [pool-709-thread-1] INFO  server.RaftServerConfigKeys (ConfUtils.java:logGet(44)) - raft.server.log.purge.gap = 1000000 (custom)
2022-05-15 13:43:32,558 [pool-709-thread-1] INFO  server.RaftServerConfigKeys (ConfUtils.java:logGet(44)) - raft.server.log.appender.buffer.byte-limit = 33554432 (custom)
2022-05-15 13:43:32,559 [pool-709-thread-1] INFO  server.RaftServerConfigKeys (ConfUtils.java:logGet(44)) - raft.server.log.segment.size.max = 1048576 (custom)
2022-05-15 13:43:32,559 [pool-709-thread-1] INFO  server.RaftServerConfigKeys (ConfUtils.java:logGet(44)) - raft.server.log.segment.cache.num.max = 2 (custom)
2022-05-15 13:43:32,559 [pool-709-thread-1] INFO  server.RaftServerConfigKeys (ConfUtils.java:logGet(44)) - raft.server.log.segment.cache.size.max = 200MB (=209715200) (default)
2022-05-15 13:43:32,559 [pool-709-thread-1] INFO  segmented.SegmentedRaftLogWorker (SegmentedRaftLogWorker.java:<init>(182)) - new 2dee7481-997e-4819-9eb0-c9795558e67b@group-FB14A4985CFD-SegmentedRaftLogWorker for RaftStorageImpl:Storage Directory /home/runner/work/ozone/ozone/hadoop-ozone/integration-test/target/test-dir/MiniOzoneClusterImpl-84148938-d4e7-44f7-8424-958744cac302/datanode-1/data/ratis/be7fde93-f4a0-4b65-a92e-fb14a4985cfd
2022-05-15 13:43:32,559 [pool-709-thread-1] INFO  server.RaftServerConfigKeys (ConfUtils.java:logGet(44)) - raft.server.log.queue.byte-limit = 4294967296 (custom)
2022-05-15 13:43:32,561 [pool-709-thread-1] INFO  server.RaftServerConfigKeys (ConfUtils.java:logGet(44)) - raft.server.log.queue.element-limit = 1024 (custom)
2022-05-15 13:43:32,561 [pool-709-thread-1] INFO  server.RaftServerConfigKeys (ConfUtils.java:logGet(44)) - raft.server.log.segment.size.max = 1048576 (custom)
2022-05-15 13:43:32,561 [pool-709-thread-1] INFO  server.RaftServerConfigKeys (ConfUtils.java:logGet(44)) - raft.server.log.preallocated.size = 16384 (custom)
2022-05-15 13:43:32,561 [pool-709-thread-1] INFO  server.RaftServerConfigKeys (ConfUtils.java:logGet(44)) - raft.server.log.force.sync.num = 128 (default)
2022-05-15 13:43:32,561 [pool-709-thread-1] INFO  server.RaftServerConfigKeys (ConfUtils.java:logGet(44)) - raft.server.log.statemachine.data.sync = true (default)
2022-05-15 13:43:32,561 [pool-709-thread-1] INFO  server.RaftServerConfigKeys (ConfUtils.java:logGet(44)) - raft.server.log.statemachine.data.sync.timeout = 10s (default)
2022-05-15 13:43:32,561 [pool-709-thread-1] INFO  server.RaftServerConfigKeys (ConfUtils.java:logGet(44)) - raft.server.log.statemachine.data.sync.timeout.retry = -1 (default)
2022-05-15 13:43:32,562 [pool-709-thread-1] INFO  server.RaftServerConfigKeys (ConfUtils.java:logGet(44)) - raft.server.log.write.buffer.size = 1048576 (custom)
2022-05-15 13:43:32,563 [pool-709-thread-1] INFO  server.RaftServerConfigKeys (ConfUtils.java:logGet(44)) - raft.server.log.statemachine.data.caching.enabled = true (custom)
2022-05-15 13:43:32,563 [pool-709-thread-1] INFO  segmented.SegmentedRaftLogWorker (SegmentedRaftLogWorker.java:lambda$new$0(133)) - 2dee7481-997e-4819-9eb0-c9795558e67b@group-FB14A4985CFD-SegmentedRaftLogWorker: flushIndex: setUnconditionally 0 -> -1
2022-05-15 13:43:32,563 [pool-709-thread-1] INFO  segmented.SegmentedRaftLogWorker (SegmentedRaftLogWorker.java:lambda$new$0(133)) - 2dee7481-997e-4819-9eb0-c9795558e67b@group-FB14A4985CFD-SegmentedRaftLogWorker: safeCacheEvictIndex: setUnconditionally 0 -> -1
2022-05-15 13:43:32,576 [pool-709-thread-1] INFO  server.RaftServerConfigKeys (ConfUtils.java:logGet(44)) - raft.server.snapshot.auto.trigger.enabled = true (custom)
2022-05-15 13:43:32,577 [pool-709-thread-1] INFO  server.RaftServerConfigKeys (ConfUtils.java:logGet(44)) - raft.server.snapshot.auto.trigger.threshold = 10000 (custom)
2022-05-15 13:43:32,577 [pool-709-thread-1] INFO  server.RaftServerConfigKeys (ConfUtils.java:logGet(44)) - raft.server.snapshot.retention.file.num = 5 (custom)
2022-05-15 13:43:32,577 [pool-709-thread-1] INFO  server.RaftServerConfigKeys (ConfUtils.java:logGet(44)) - raft.server.log.purge.upto.snapshot.index = false (default)
2022-05-15 13:43:32,577 [pool-709-thread-1] INFO  server.RaftServerConfigKeys (ConfUtils.java:logGet(44)) - raft.server.retrycache.expirytime = 600000ms (custom)
2022-05-15 13:43:32,577 [pool-709-thread-1] INFO  server.RaftServerConfigKeys (ConfUtils.java:logGet(44)) - raft.server.retrycache.statistics.expirytime = 100μs (default)
2022-05-15 13:43:32,578 [pool-709-thread-1] INFO  server.RaftServer$Division (RaftServerImpl.java:start(301)) - 2dee7481-997e-4819-9eb0-c9795558e67b@group-FB14A4985CFD: start as a follower, conf=-1: [0d3cae59-4282-4496-a4e1-90b2fca61e2c|rpc:10.1.0.20:45501|dataStream:|priority:0, 2dee7481-997e-4819-9eb0-c9795558e67b|rpc:10.1.0.20:44031|dataStream:|priority:1, 2225bdd7-82df-4a59-8045-7d84ab374bd3|rpc:10.1.0.20:39819|dataStream:|priority:0], old=null
2022-05-15 13:43:32,578 [pool-709-thread-1] INFO  server.RaftServer$Division (RaftServerImpl.java:setRole(290)) - 2dee7481-997e-4819-9eb0-c9795558e67b@group-FB14A4985CFD: changes role from      null to FOLLOWER at term 0 for startAsFollower
2022-05-15 13:43:32,578 [pool-709-thread-1] INFO  impl.RoleInfo (RoleInfo.java:updateAndGet(130)) - 2dee7481-997e-4819-9eb0-c9795558e67b: start 2dee7481-997e-4819-9eb0-c9795558e67b@group-FB14A4985CFD-FollowerState
2022-05-15 13:43:32,592 [pool-709-thread-1] INFO  util.JmxRegister (JmxRegister.java:tryRegister(44)) - Successfully registered JMX Bean with object name Ratis:service=RaftServer,group=group-FB14A4985CFD,id=2dee7481-997e-4819-9eb0-c9795558e67b
2022-05-15 13:43:32,633 [grpc-default-executor-0] INFO  server.RaftServer (RaftServerProxy.java:addNew(95)) - 2225bdd7-82df-4a59-8045-7d84ab374bd3: addNew group-FB14A4985CFD:[0d3cae59-4282-4496-a4e1-90b2fca61e2c|rpc:10.1.0.20:45501|dataStream:|priority:0, 2dee7481-997e-4819-9eb0-c9795558e67b|rpc:10.1.0.20:44031|dataStream:|priority:1, 2225bdd7-82df-4a59-8045-7d84ab374bd3|rpc:10.1.0.20:39819|dataStream:|priority:0] returns group-FB14A4985CFD:java.util.concurrent.CompletableFuture@7225eaf5[Not completed]
2022-05-15 13:43:32,634 [pool-730-thread-1] INFO  server.RaftServer$Division (RaftServerImpl.java:<init>(184)) - 2225bdd7-82df-4a59-8045-7d84ab374bd3: new RaftServerImpl for group-FB14A4985CFD:[0d3cae59-4282-4496-a4e1-90b2fca61e2c|rpc:10.1.0.20:45501|dataStream:|priority:0, 2dee7481-997e-4819-9eb0-c9795558e67b|rpc:10.1.0.20:44031|dataStream:|priority:1, 2225bdd7-82df-4a59-8045-7d84ab374bd3|rpc:10.1.0.20:39819|dataStream:|priority:0] with ContainerStateMachine:uninitialized
2022-05-15 13:43:32,634 [pool-730-thread-1] INFO  server.RaftServerConfigKeys (ConfUtils.java:logGet(44)) - raft.server.rpc.timeout.min = 5s (custom)
2022-05-15 13:43:32,634 [pool-730-thread-1] INFO  server.RaftServerConfigKeys (ConfUtils.java:logGet(44)) - raft.server.rpc.timeout.max = 5200ms (custom)
2022-05-15 13:43:32,634 [pool-730-thread-1] INFO  server.RaftServerConfigKeys (ConfUtils.java:logGet(44)) - raft.server.rpc.sleep.time = 25ms (default)
2022-05-15 13:43:32,634 [pool-730-thread-1] INFO  server.RaftServerConfigKeys (ConfUtils.java:logGet(44)) - raft.server.rpc.slowness.timeout = 300s (custom)
2022-05-15 13:43:32,634 [pool-730-thread-1] INFO  server.RaftServerConfigKeys (ConfUtils.java:logGet(44)) - raft.server.leaderelection.leader.step-down.wait-time = 10s (default)
2022-05-15 13:43:32,634 [pool-730-thread-1] INFO  server.RaftServerConfigKeys (ConfUtils.java:logGet(44)) - raft.server.sleep.deviation.threshold = 300ms (default)
2022-05-15 13:43:32,634 [pool-730-thread-1] INFO  server.RaftServerConfigKeys (ConfUtils.java:logGet(44)) - raft.server.log.appender.install.snapshot.enabled = false (custom)
2022-05-15 13:43:32,634 [pool-730-thread-1] INFO  server.RaftServer$Division (ServerState.java:<init>(105)) - 2225bdd7-82df-4a59-8045-7d84ab374bd3@group-FB14A4985CFD: ConfigurationManager, init=-1: [0d3cae59-4282-4496-a4e1-90b2fca61e2c|rpc:10.1.0.20:45501|dataStream:|priority:0, 2dee7481-997e-4819-9eb0-c9795558e67b|rpc:10.1.0.20:44031|dataStream:|priority:1, 2225bdd7-82df-4a59-8045-7d84ab374bd3|rpc:10.1.0.20:39819|dataStream:|priority:0], old=null, confs=<EMPTY_MAP>
2022-05-15 13:43:32,634 [pool-730-thread-1] INFO  server.RaftServerConfigKeys (ConfUtils.java:logGet(44)) - raft.server.storage.dir = [/home/runner/work/ozone/ozone/hadoop-ozone/integration-test/target/test-dir/MiniOzoneClusterImpl-84148938-d4e7-44f7-8424-958744cac302/datanode-2/data/ratis] (custom)
2022-05-15 13:43:32,634 [pool-730-thread-1] INFO  server.RaftServerConfigKeys (ConfUtils.java:logGet(44)) - raft.server.log.corruption.policy = EXCEPTION (default)
2022-05-15 13:43:32,634 [pool-730-thread-1] INFO  server.RaftServerConfigKeys (ConfUtils.java:logGet(44)) - raft.server.storage.free-space.min = 0MB (=0) (default)
2022-05-15 13:43:32,634 [pool-730-thread-1] INFO  storage.RaftStorageDirectory (RaftStorageDirectoryImpl.java:analyzeStorage(135)) - The storage directory /home/runner/work/ozone/ozone/hadoop-ozone/integration-test/target/test-dir/MiniOzoneClusterImpl-84148938-d4e7-44f7-8424-958744cac302/datanode-2/data/ratis/be7fde93-f4a0-4b65-a92e-fb14a4985cfd does not exist. Creating ...
2022-05-15 13:43:32,636 [pool-730-thread-1] INFO  storage.RaftStorageDirectory (RaftStorageDirectoryImpl.java:tryLock(230)) - Lock on /home/runner/work/ozone/ozone/hadoop-ozone/integration-test/target/test-dir/MiniOzoneClusterImpl-84148938-d4e7-44f7-8424-958744cac302/datanode-2/data/ratis/be7fde93-f4a0-4b65-a92e-fb14a4985cfd/in_use.lock acquired by nodename 19587@fv-az40-973
2022-05-15 13:43:32,640 [pool-730-thread-1] INFO  storage.RaftStorage (RaftStorageImpl.java:format(89)) - Storage directory /home/runner/work/ozone/ozone/hadoop-ozone/integration-test/target/test-dir/MiniOzoneClusterImpl-84148938-d4e7-44f7-8424-958744cac302/datanode-2/data/ratis/be7fde93-f4a0-4b65-a92e-fb14a4985cfd has been successfully formatted.
2022-05-15 13:43:32,640 [pool-730-thread-1] INFO  ratis.ContainerStateMachine (ContainerStateMachine.java:loadSnapshot(236)) - group-FB14A4985CFD: The snapshot info is null. Setting the last applied indexto:(t:0, i:~)
2022-05-15 13:43:32,640 [pool-730-thread-1] INFO  server.RaftServerConfigKeys (ConfUtils.java:logGet(44)) - raft.server.notification.no-leader.timeout = 300s (custom)
2022-05-15 13:43:32,640 [pool-730-thread-1] INFO  server.RaftServerConfigKeys (ConfUtils.java:logGet(44)) - raft.server.log.use.memory = false (default)
2022-05-15 13:43:32,640 [pool-730-thread-1] INFO  server.RaftServerConfigKeys (ConfUtils.java:logGet(44)) - raft.server.log.purge.gap = 1000000 (custom)
2022-05-15 13:43:32,640 [pool-730-thread-1] INFO  server.RaftServerConfigKeys (ConfUtils.java:logGet(44)) - raft.server.log.appender.buffer.byte-limit = 33554432 (custom)
2022-05-15 13:43:32,641 [pool-730-thread-1] INFO  server.RaftServerConfigKeys (ConfUtils.java:logGet(44)) - raft.server.log.segment.size.max = 1048576 (custom)
2022-05-15 13:43:32,642 [pool-730-thread-1] INFO  server.RaftServerConfigKeys (ConfUtils.java:logGet(44)) - raft.server.log.segment.cache.num.max = 2 (custom)
2022-05-15 13:43:32,642 [pool-730-thread-1] INFO  server.RaftServerConfigKeys (ConfUtils.java:logGet(44)) - raft.server.log.segment.cache.size.max = 200MB (=209715200) (default)
2022-05-15 13:43:32,642 [pool-730-thread-1] INFO  segmented.SegmentedRaftLogWorker (SegmentedRaftLogWorker.java:<init>(182)) - new 2225bdd7-82df-4a59-8045-7d84ab374bd3@group-FB14A4985CFD-SegmentedRaftLogWorker for RaftStorageImpl:Storage Directory /home/runner/work/ozone/ozone/hadoop-ozone/integration-test/target/test-dir/MiniOzoneClusterImpl-84148938-d4e7-44f7-8424-958744cac302/datanode-2/data/ratis/be7fde93-f4a0-4b65-a92e-fb14a4985cfd
2022-05-15 13:43:32,642 [pool-730-thread-1] INFO  server.RaftServerConfigKeys (ConfUtils.java:logGet(44)) - raft.server.log.queue.byte-limit = 4294967296 (custom)
2022-05-15 13:43:32,642 [pool-730-thread-1] INFO  server.RaftServerConfigKeys (ConfUtils.java:logGet(44)) - raft.server.log.queue.element-limit = 1024 (custom)
2022-05-15 13:43:32,642 [pool-730-thread-1] INFO  server.RaftServerConfigKeys (ConfUtils.java:logGet(44)) - raft.server.log.segment.size.max = 1048576 (custom)
2022-05-15 13:43:32,642 [pool-730-thread-1] INFO  server.RaftServerConfigKeys (ConfUtils.java:logGet(44)) - raft.server.log.preallocated.size = 16384 (custom)
2022-05-15 13:43:32,642 [pool-730-thread-1] INFO  server.RaftServerConfigKeys (ConfUtils.java:logGet(44)) - raft.server.log.force.sync.num = 128 (default)
2022-05-15 13:43:32,642 [pool-730-thread-1] INFO  server.RaftServerConfigKeys (ConfUtils.java:logGet(44)) - raft.server.log.statemachine.data.sync = true (default)
2022-05-15 13:43:32,642 [pool-730-thread-1] INFO  server.RaftServerConfigKeys (ConfUtils.java:logGet(44)) - raft.server.log.statemachine.data.sync.timeout = 10s (default)
2022-05-15 13:43:32,642 [pool-730-thread-1] INFO  server.RaftServerConfigKeys (ConfUtils.java:logGet(44)) - raft.server.log.statemachine.data.sync.timeout.retry = -1 (default)
2022-05-15 13:43:32,643 [pool-730-thread-1] INFO  server.RaftServerConfigKeys (ConfUtils.java:logGet(44)) - raft.server.log.write.buffer.size = 1048576 (custom)
2022-05-15 13:43:32,644 [pool-730-thread-1] INFO  server.RaftServerConfigKeys (ConfUtils.java:logGet(44)) - raft.server.log.statemachine.data.caching.enabled = true (custom)
2022-05-15 13:43:32,644 [pool-730-thread-1] INFO  segmented.SegmentedRaftLogWorker (SegmentedRaftLogWorker.java:lambda$new$0(133)) - 2225bdd7-82df-4a59-8045-7d84ab374bd3@group-FB14A4985CFD-SegmentedRaftLogWorker: flushIndex: setUnconditionally 0 -> -1
2022-05-15 13:43:32,644 [pool-730-thread-1] INFO  segmented.SegmentedRaftLogWorker (SegmentedRaftLogWorker.java:lambda$new$0(133)) - 2225bdd7-82df-4a59-8045-7d84ab374bd3@group-FB14A4985CFD-SegmentedRaftLogWorker: safeCacheEvictIndex: setUnconditionally 0 -> -1
2022-05-15 13:43:32,663 [pool-730-thread-1] INFO  server.RaftServerConfigKeys (ConfUtils.java:logGet(44)) - raft.server.snapshot.auto.trigger.enabled = true (custom)
2022-05-15 13:43:32,663 [pool-730-thread-1] INFO  server.RaftServerConfigKeys (ConfUtils.java:logGet(44)) - raft.server.snapshot.auto.trigger.threshold = 10000 (custom)
2022-05-15 13:43:32,663 [pool-730-thread-1] INFO  server.RaftServerConfigKeys (ConfUtils.java:logGet(44)) - raft.server.snapshot.retention.file.num = 5 (custom)
2022-05-15 13:43:32,663 [pool-730-thread-1] INFO  server.RaftServerConfigKeys (ConfUtils.java:logGet(44)) - raft.server.log.purge.upto.snapshot.index = false (default)
2022-05-15 13:43:32,663 [pool-730-thread-1] INFO  server.RaftServerConfigKeys (ConfUtils.java:logGet(44)) - raft.server.retrycache.expirytime = 600000ms (custom)
2022-05-15 13:43:32,663 [pool-730-thread-1] INFO  server.RaftServerConfigKeys (ConfUtils.java:logGet(44)) - raft.server.retrycache.statistics.expirytime = 100μs (default)
2022-05-15 13:43:32,664 [pool-730-thread-1] INFO  server.RaftServer$Division (RaftServerImpl.java:start(301)) - 2225bdd7-82df-4a59-8045-7d84ab374bd3@group-FB14A4985CFD: start as a follower, conf=-1: [0d3cae59-4282-4496-a4e1-90b2fca61e2c|rpc:10.1.0.20:45501|dataStream:|priority:0, 2dee7481-997e-4819-9eb0-c9795558e67b|rpc:10.1.0.20:44031|dataStream:|priority:1, 2225bdd7-82df-4a59-8045-7d84ab374bd3|rpc:10.1.0.20:39819|dataStream:|priority:0], old=null
2022-05-15 13:43:32,665 [pool-730-thread-1] INFO  server.RaftServer$Division (RaftServerImpl.java:setRole(290)) - 2225bdd7-82df-4a59-8045-7d84ab374bd3@group-FB14A4985CFD: changes role from      null to FOLLOWER at term 0 for startAsFollower
2022-05-15 13:43:32,665 [pool-730-thread-1] INFO  impl.RoleInfo (RoleInfo.java:updateAndGet(130)) - 2225bdd7-82df-4a59-8045-7d84ab374bd3: start 2225bdd7-82df-4a59-8045-7d84ab374bd3@group-FB14A4985CFD-FollowerState
2022-05-15 13:43:32,670 [pool-730-thread-1] INFO  util.JmxRegister (JmxRegister.java:tryRegister(44)) - Successfully registered JMX Bean with object name Ratis:service=RaftServer,group=group-FB14A4985CFD,id=2225bdd7-82df-4a59-8045-7d84ab374bd3
2022-05-15 13:43:32,739 [Command processor thread] INFO  commandhandler.CreatePipelineCommandHandler (CreatePipelineCommandHandler.java:handle(113)) - Created Pipeline RATIS THREE PipelineID=be7fde93-f4a0-4b65-a92e-fb14a4985cfd.
2022-05-15 13:43:32,895 [Listener at 127.0.0.1/40095] INFO  ozone.MiniOzoneClusterImpl (MiniOzoneClusterImpl.java:lambda$waitForClusterToBeReady$0(221)) - Nodes are ready. Got 3 of 3 DN Heartbeats.
2022-05-15 13:43:32,895 [Listener at 127.0.0.1/40095] INFO  ozone.MiniOzoneClusterImpl (MiniOzoneClusterImpl.java:lambda$waitForClusterToBeReady$0(224)) - Waiting for cluster to exit safe mode
2022-05-15 13:43:32,895 [Listener at 127.0.0.1/40095] INFO  ozone.MiniOzoneClusterImpl (MiniOzoneClusterImpl.java:lambda$waitForClusterToBeReady$0(226)) - SCM became leader
2022-05-15 13:43:32,918 [Command processor thread] INFO  server.RaftServer (RaftServerProxy.java:addNew(95)) - 2dee7481-997e-4819-9eb0-c9795558e67b: addNew group-FA98F6803DFC:[2dee7481-997e-4819-9eb0-c9795558e67b|rpc:10.1.0.20:44031|priority:1] returns group-FA98F6803DFC:java.util.concurrent.CompletableFuture@4fa041d8[Not completed]
2022-05-15 13:43:32,919 [pool-709-thread-1] INFO  server.RaftServer$Division (RaftServerImpl.java:<init>(184)) - 2dee7481-997e-4819-9eb0-c9795558e67b: new RaftServerImpl for group-FA98F6803DFC:[2dee7481-997e-4819-9eb0-c9795558e67b|rpc:10.1.0.20:44031|priority:1] with ContainerStateMachine:uninitialized
2022-05-15 13:43:32,919 [pool-709-thread-1] INFO  server.RaftServerConfigKeys (ConfUtils.java:logGet(44)) - raft.server.rpc.timeout.min = 5s (custom)
2022-05-15 13:43:32,919 [pool-709-thread-1] INFO  server.RaftServerConfigKeys (ConfUtils.java:logGet(44)) - raft.server.rpc.timeout.max = 5200ms (custom)
2022-05-15 13:43:32,919 [pool-709-thread-1] INFO  server.RaftServerConfigKeys (ConfUtils.java:logGet(44)) - raft.server.rpc.sleep.time = 25ms (default)
2022-05-15 13:43:32,919 [pool-709-thread-1] INFO  server.RaftServerConfigKeys (ConfUtils.java:logGet(44)) - raft.server.rpc.slowness.timeout = 300s (custom)
2022-05-15 13:43:32,919 [pool-709-thread-1] INFO  server.RaftServerConfigKeys (ConfUtils.java:logGet(44)) - raft.server.leaderelection.leader.step-down.wait-time = 10s (default)
2022-05-15 13:43:32,919 [pool-709-thread-1] INFO  server.RaftServerConfigKeys (ConfUtils.java:logGet(44)) - raft.server.sleep.deviation.threshold = 300ms (default)
2022-05-15 13:43:32,919 [pool-709-thread-1] INFO  server.RaftServerConfigKeys (ConfUtils.java:logGet(44)) - raft.server.log.appender.install.snapshot.enabled = false (custom)
2022-05-15 13:43:32,919 [pool-709-thread-1] INFO  server.RaftServer$Division (ServerState.java:<init>(105)) - 2dee7481-997e-4819-9eb0-c9795558e67b@group-FA98F6803DFC: ConfigurationManager, init=-1: [2dee7481-997e-4819-9eb0-c9795558e67b|rpc:10.1.0.20:44031|priority:1], old=null, confs=<EMPTY_MAP>
2022-05-15 13:43:32,919 [pool-709-thread-1] INFO  server.RaftServerConfigKeys (ConfUtils.java:logGet(44)) - raft.server.storage.dir = [/home/runner/work/ozone/ozone/hadoop-ozone/integration-test/target/test-dir/MiniOzoneClusterImpl-84148938-d4e7-44f7-8424-958744cac302/datanode-1/data/ratis] (custom)
2022-05-15 13:43:32,919 [pool-709-thread-1] INFO  server.RaftServerConfigKeys (ConfUtils.java:logGet(44)) - raft.server.log.corruption.policy = EXCEPTION (default)
2022-05-15 13:43:32,919 [pool-709-thread-1] INFO  server.RaftServerConfigKeys (ConfUtils.java:logGet(44)) - raft.server.storage.free-space.min = 0MB (=0) (default)
2022-05-15 13:43:32,919 [pool-709-thread-1] INFO  storage.RaftStorageDirectory (RaftStorageDirectoryImpl.java:analyzeStorage(135)) - The storage directory /home/runner/work/ozone/ozone/hadoop-ozone/integration-test/target/test-dir/MiniOzoneClusterImpl-84148938-d4e7-44f7-8424-958744cac302/datanode-1/data/ratis/4144ab6e-0423-451d-b650-fa98f6803dfc does not exist. Creating ...
2022-05-15 13:43:32,922 [pool-709-thread-1] INFO  storage.RaftStorageDirectory (RaftStorageDirectoryImpl.java:tryLock(230)) - Lock on /home/runner/work/ozone/ozone/hadoop-ozone/integration-test/target/test-dir/MiniOzoneClusterImpl-84148938-d4e7-44f7-8424-958744cac302/datanode-1/data/ratis/4144ab6e-0423-451d-b650-fa98f6803dfc/in_use.lock acquired by nodename 19587@fv-az40-973
2022-05-15 13:43:32,923 [pool-709-thread-1] INFO  storage.RaftStorage (RaftStorageImpl.java:format(89)) - Storage directory /home/runner/work/ozone/ozone/hadoop-ozone/integration-test/target/test-dir/MiniOzoneClusterImpl-84148938-d4e7-44f7-8424-958744cac302/datanode-1/data/ratis/4144ab6e-0423-451d-b650-fa98f6803dfc has been successfully formatted.
2022-05-15 13:43:32,925 [EventQueue-PipelineReportForPipelineReportHandler] INFO  pipeline.PipelineManagerImpl (PipelineManagerImpl.java:openPipeline(336)) - Pipeline Pipeline[ Id: 4144ab6e-0423-451d-b650-fa98f6803dfc, Nodes: 2dee7481-997e-4819-9eb0-c9795558e67b{ip: 10.1.0.20, host: fv-az40-973.r1qzdtoifymehf5jtx2d0vwyfg.bx.internal.cloudapp.net, ports: [REPLICATION=42143, RATIS=44031, RATIS_ADMIN=44031, RATIS_SERVER=44031, STANDALONE=34403], networkLocation: /default-rack, certSerialId: null, persistedOpState: IN_SERVICE, persistedOpStateExpiryEpochSec: 0}, ReplicationConfig: RATIS/ONE, State:ALLOCATED, leaderId:2dee7481-997e-4819-9eb0-c9795558e67b, CreationTimestamp2022-05-15T13:43:29.954Z[Etc/UTC]] moved to OPEN state
2022-05-15 13:43:32,925 [EventQueue-OpenPipelineForHealthyPipelineSafeModeRule] INFO  safemode.SCMSafeModeManager (HealthyPipelineSafeModeRule.java:process(124)) - SCM in safe mode. Healthy pipelines reported count is 0, required healthy pipeline reported count is 1
2022-05-15 13:43:32,926 [pool-709-thread-1] INFO  ratis.ContainerStateMachine (ContainerStateMachine.java:loadSnapshot(236)) - group-FA98F6803DFC: The snapshot info is null. Setting the last applied indexto:(t:0, i:~)
2022-05-15 13:43:32,926 [pool-709-thread-1] INFO  server.RaftServerConfigKeys (ConfUtils.java:logGet(44)) - raft.server.notification.no-leader.timeout = 300s (custom)
2022-05-15 13:43:32,926 [pool-709-thread-1] INFO  server.RaftServerConfigKeys (ConfUtils.java:logGet(44)) - raft.server.log.use.memory = false (default)
2022-05-15 13:43:32,926 [pool-709-thread-1] INFO  server.RaftServerConfigKeys (ConfUtils.java:logGet(44)) - raft.server.log.purge.gap = 1000000 (custom)
2022-05-15 13:43:32,927 [pool-709-thread-1] INFO  server.RaftServerConfigKeys (ConfUtils.java:logGet(44)) - raft.server.log.appender.buffer.byte-limit = 33554432 (custom)
2022-05-15 13:43:32,927 [pool-709-thread-1] INFO  server.RaftServerConfigKeys (ConfUtils.java:logGet(44)) - raft.server.log.segment.size.max = 1048576 (custom)
2022-05-15 13:43:32,927 [pool-709-thread-1] INFO  server.RaftServerConfigKeys (ConfUtils.java:logGet(44)) - raft.server.log.segment.cache.num.max = 2 (custom)
2022-05-15 13:43:32,927 [pool-709-thread-1] INFO  server.RaftServerConfigKeys (ConfUtils.java:logGet(44)) - raft.server.log.segment.cache.size.max = 200MB (=209715200) (default)
2022-05-15 13:43:32,927 [pool-709-thread-1] INFO  segmented.SegmentedRaftLogWorker (SegmentedRaftLogWorker.java:<init>(182)) - new 2dee7481-997e-4819-9eb0-c9795558e67b@group-FA98F6803DFC-SegmentedRaftLogWorker for RaftStorageImpl:Storage Directory /home/runner/work/ozone/ozone/hadoop-ozone/integration-test/target/test-dir/MiniOzoneClusterImpl-84148938-d4e7-44f7-8424-958744cac302/datanode-1/data/ratis/4144ab6e-0423-451d-b650-fa98f6803dfc
2022-05-15 13:43:32,927 [pool-709-thread-1] INFO  server.RaftServerConfigKeys (ConfUtils.java:logGet(44)) - raft.server.log.queue.byte-limit = 4294967296 (custom)
2022-05-15 13:43:32,928 [pool-709-thread-1] INFO  server.RaftServerConfigKeys (ConfUtils.java:logGet(44)) - raft.server.log.queue.element-limit = 1024 (custom)
2022-05-15 13:43:32,928 [pool-709-thread-1] INFO  server.RaftServerConfigKeys (ConfUtils.java:logGet(44)) - raft.server.log.segment.size.max = 1048576 (custom)
2022-05-15 13:43:32,928 [pool-709-thread-1] INFO  server.RaftServerConfigKeys (ConfUtils.java:logGet(44)) - raft.server.log.preallocated.size = 16384 (custom)
2022-05-15 13:43:32,928 [pool-709-thread-1] INFO  server.RaftServerConfigKeys (ConfUtils.java:logGet(44)) - raft.server.log.force.sync.num = 128 (default)
2022-05-15 13:43:32,928 [pool-709-thread-1] INFO  server.RaftServerConfigKeys (ConfUtils.java:logGet(44)) - raft.server.log.statemachine.data.sync = true (default)
2022-05-15 13:43:32,928 [pool-709-thread-1] INFO  server.RaftServerConfigKeys (ConfUtils.java:logGet(44)) - raft.server.log.statemachine.data.sync.timeout = 10s (default)
2022-05-15 13:43:32,928 [pool-709-thread-1] INFO  server.RaftServerConfigKeys (ConfUtils.java:logGet(44)) - raft.server.log.statemachine.data.sync.timeout.retry = -1 (default)
2022-05-15 13:43:32,929 [pool-709-thread-1] INFO  server.RaftServerConfigKeys (ConfUtils.java:logGet(44)) - raft.server.log.write.buffer.size = 1048576 (custom)
2022-05-15 13:43:32,929 [pool-709-thread-1] INFO  server.RaftServerConfigKeys (ConfUtils.java:logGet(44)) - raft.server.log.statemachine.data.caching.enabled = true (custom)
2022-05-15 13:43:32,930 [pool-709-thread-1] INFO  segmented.SegmentedRaftLogWorker (SegmentedRaftLogWorker.java:lambda$new$0(133)) - 2dee7481-997e-4819-9eb0-c9795558e67b@group-FA98F6803DFC-SegmentedRaftLogWorker: flushIndex: setUnconditionally 0 -> -1
2022-05-15 13:43:32,930 [pool-709-thread-1] INFO  segmented.SegmentedRaftLogWorker (SegmentedRaftLogWorker.java:lambda$new$0(133)) - 2dee7481-997e-4819-9eb0-c9795558e67b@group-FA98F6803DFC-SegmentedRaftLogWorker: safeCacheEvictIndex: setUnconditionally 0 -> -1
2022-05-15 13:43:32,942 [pool-709-thread-1] INFO  server.RaftServerConfigKeys (ConfUtils.java:logGet(44)) - raft.server.snapshot.auto.trigger.enabled = true (custom)
2022-05-15 13:43:32,942 [pool-709-thread-1] INFO  server.RaftServerConfigKeys (ConfUtils.java:logGet(44)) - raft.server.snapshot.auto.trigger.threshold = 10000 (custom)
2022-05-15 13:43:32,942 [pool-709-thread-1] INFO  server.RaftServerConfigKeys (ConfUtils.java:logGet(44)) - raft.server.snapshot.retention.file.num = 5 (custom)
2022-05-15 13:43:32,942 [pool-709-thread-1] INFO  server.RaftServerConfigKeys (ConfUtils.java:logGet(44)) - raft.server.log.purge.upto.snapshot.index = false (default)
2022-05-15 13:43:32,942 [pool-709-thread-1] INFO  server.RaftServerConfigKeys (ConfUtils.java:logGet(44)) - raft.server.retrycache.expirytime = 600000ms (custom)
2022-05-15 13:43:32,943 [pool-709-thread-1] INFO  server.RaftServerConfigKeys (ConfUtils.java:logGet(44)) - raft.server.retrycache.statistics.expirytime = 100μs (default)
2022-05-15 13:43:32,944 [pool-709-thread-1] INFO  server.RaftServer$Division (RaftServerImpl.java:start(301)) - 2dee7481-997e-4819-9eb0-c9795558e67b@group-FA98F6803DFC: start as a follower, conf=-1: [2dee7481-997e-4819-9eb0-c9795558e67b|rpc:10.1.0.20:44031|priority:1], old=null
2022-05-15 13:43:32,944 [pool-709-thread-1] INFO  server.RaftServer$Division (RaftServerImpl.java:setRole(290)) - 2dee7481-997e-4819-9eb0-c9795558e67b@group-FA98F6803DFC: changes role from      null to FOLLOWER at term 0 for startAsFollower
2022-05-15 13:43:32,944 [pool-709-thread-1] INFO  impl.RoleInfo (RoleInfo.java:updateAndGet(130)) - 2dee7481-997e-4819-9eb0-c9795558e67b: start 2dee7481-997e-4819-9eb0-c9795558e67b@group-FA98F6803DFC-FollowerState
2022-05-15 13:43:32,944 [pool-709-thread-1] INFO  util.JmxRegister (JmxRegister.java:tryRegister(44)) - Successfully registered JMX Bean with object name Ratis:service=RaftServer,group=group-FA98F6803DFC,id=2dee7481-997e-4819-9eb0-c9795558e67b
2022-05-15 13:43:32,945 [Command processor thread] INFO  ratis.XceiverServerRatis (XceiverServerRatis.java:addGroup(765)) - Created group PipelineID=4144ab6e-0423-451d-b650-fa98f6803dfc
2022-05-15 13:43:32,945 [Command processor thread] INFO  commandhandler.CreatePipelineCommandHandler (CreatePipelineCommandHandler.java:handle(113)) - Created Pipeline RATIS ONE PipelineID=4144ab6e-0423-451d-b650-fa98f6803dfc.
2022-05-15 13:43:33,896 [Listener at 127.0.0.1/40095] INFO  ozone.MiniOzoneClusterImpl (MiniOzoneClusterImpl.java:lambda$waitForClusterToBeReady$0(221)) - Nodes are ready. Got 3 of 3 DN Heartbeats.
2022-05-15 13:43:33,896 [Listener at 127.0.0.1/40095] INFO  ozone.MiniOzoneClusterImpl (MiniOzoneClusterImpl.java:lambda$waitForClusterToBeReady$0(224)) - Waiting for cluster to exit safe mode
2022-05-15 13:43:33,896 [Listener at 127.0.0.1/40095] INFO  ozone.MiniOzoneClusterImpl (MiniOzoneClusterImpl.java:lambda$waitForClusterToBeReady$0(226)) - SCM became leader
2022-05-15 13:43:34,066 [Command processor thread] INFO  server.RaftServer (RaftServerProxy.java:addNew(95)) - 2225bdd7-82df-4a59-8045-7d84ab374bd3: addNew group-E4A98B788E48:[2225bdd7-82df-4a59-8045-7d84ab374bd3|rpc:10.1.0.20:39819|priority:1] returns group-E4A98B788E48:java.util.concurrent.CompletableFuture@53bc166a[Not completed]
2022-05-15 13:43:34,067 [pool-730-thread-1] INFO  server.RaftServer$Division (RaftServerImpl.java:<init>(184)) - 2225bdd7-82df-4a59-8045-7d84ab374bd3: new RaftServerImpl for group-E4A98B788E48:[2225bdd7-82df-4a59-8045-7d84ab374bd3|rpc:10.1.0.20:39819|priority:1] with ContainerStateMachine:uninitialized
2022-05-15 13:43:34,067 [pool-730-thread-1] INFO  server.RaftServerConfigKeys (ConfUtils.java:logGet(44)) - raft.server.rpc.timeout.min = 5s (custom)
2022-05-15 13:43:34,067 [pool-730-thread-1] INFO  server.RaftServerConfigKeys (ConfUtils.java:logGet(44)) - raft.server.rpc.timeout.max = 5200ms (custom)
2022-05-15 13:43:34,067 [pool-730-thread-1] INFO  server.RaftServerConfigKeys (ConfUtils.java:logGet(44)) - raft.server.rpc.sleep.time = 25ms (default)
2022-05-15 13:43:34,067 [pool-730-thread-1] INFO  server.RaftServerConfigKeys (ConfUtils.java:logGet(44)) - raft.server.rpc.slowness.timeout = 300s (custom)
2022-05-15 13:43:34,067 [pool-730-thread-1] INFO  server.RaftServerConfigKeys (ConfUtils.java:logGet(44)) - raft.server.leaderelection.leader.step-down.wait-time = 10s (default)
2022-05-15 13:43:34,067 [pool-730-thread-1] INFO  server.RaftServerConfigKeys (ConfUtils.java:logGet(44)) - raft.server.sleep.deviation.threshold = 300ms (default)
2022-05-15 13:43:34,067 [pool-730-thread-1] INFO  server.RaftServerConfigKeys (ConfUtils.java:logGet(44)) - raft.server.log.appender.install.snapshot.enabled = false (custom)
2022-05-15 13:43:34,067 [pool-730-thread-1] INFO  server.RaftServer$Division (ServerState.java:<init>(105)) - 2225bdd7-82df-4a59-8045-7d84ab374bd3@group-E4A98B788E48: ConfigurationManager, init=-1: [2225bdd7-82df-4a59-8045-7d84ab374bd3|rpc:10.1.0.20:39819|priority:1], old=null, confs=<EMPTY_MAP>
2022-05-15 13:43:34,067 [pool-730-thread-1] INFO  server.RaftServerConfigKeys (ConfUtils.java:logGet(44)) - raft.server.storage.dir = [/home/runner/work/ozone/ozone/hadoop-ozone/integration-test/target/test-dir/MiniOzoneClusterImpl-84148938-d4e7-44f7-8424-958744cac302/datanode-2/data/ratis] (custom)
2022-05-15 13:43:34,067 [pool-730-thread-1] INFO  server.RaftServerConfigKeys (ConfUtils.java:logGet(44)) - raft.server.log.corruption.policy = EXCEPTION (default)
2022-05-15 13:43:34,067 [pool-730-thread-1] INFO  server.RaftServerConfigKeys (ConfUtils.java:logGet(44)) - raft.server.storage.free-space.min = 0MB (=0) (default)
2022-05-15 13:43:34,067 [pool-730-thread-1] INFO  storage.RaftStorageDirectory (RaftStorageDirectoryImpl.java:analyzeStorage(135)) - The storage directory /home/runner/work/ozone/ozone/hadoop-ozone/integration-test/target/test-dir/MiniOzoneClusterImpl-84148938-d4e7-44f7-8424-958744cac302/datanode-2/data/ratis/38e491e0-917d-4916-9fde-e4a98b788e48 does not exist. Creating ...
2022-05-15 13:43:34,079 [pool-730-thread-1] INFO  storage.RaftStorageDirectory (RaftStorageDirectoryImpl.java:tryLock(230)) - Lock on /home/runner/work/ozone/ozone/hadoop-ozone/integration-test/target/test-dir/MiniOzoneClusterImpl-84148938-d4e7-44f7-8424-958744cac302/datanode-2/data/ratis/38e491e0-917d-4916-9fde-e4a98b788e48/in_use.lock acquired by nodename 19587@fv-az40-973
2022-05-15 13:43:34,080 [pool-730-thread-1] INFO  storage.RaftStorage (RaftStorageImpl.java:format(89)) - Storage directory /home/runner/work/ozone/ozone/hadoop-ozone/integration-test/target/test-dir/MiniOzoneClusterImpl-84148938-d4e7-44f7-8424-958744cac302/datanode-2/data/ratis/38e491e0-917d-4916-9fde-e4a98b788e48 has been successfully formatted.
2022-05-15 13:43:34,081 [EventQueue-PipelineReportForPipelineReportHandler] INFO  pipeline.PipelineManagerImpl (PipelineManagerImpl.java:openPipeline(336)) - Pipeline Pipeline[ Id: 38e491e0-917d-4916-9fde-e4a98b788e48, Nodes: 2225bdd7-82df-4a59-8045-7d84ab374bd3{ip: 10.1.0.20, host: fv-az40-973.r1qzdtoifymehf5jtx2d0vwyfg.bx.internal.cloudapp.net, ports: [REPLICATION=39569, RATIS=39819, RATIS_ADMIN=39819, RATIS_SERVER=39819, STANDALONE=38309], networkLocation: /default-rack, certSerialId: null, persistedOpState: IN_SERVICE, persistedOpStateExpiryEpochSec: 0}, ReplicationConfig: RATIS/ONE, State:ALLOCATED, leaderId:2225bdd7-82df-4a59-8045-7d84ab374bd3, CreationTimestamp2022-05-15T13:43:31.077Z[Etc/UTC]] moved to OPEN state
2022-05-15 13:43:34,081 [pool-730-thread-1] INFO  ratis.ContainerStateMachine (ContainerStateMachine.java:loadSnapshot(236)) - group-E4A98B788E48: The snapshot info is null. Setting the last applied indexto:(t:0, i:~)
2022-05-15 13:43:34,082 [pool-730-thread-1] INFO  server.RaftServerConfigKeys (ConfUtils.java:logGet(44)) - raft.server.notification.no-leader.timeout = 300s (custom)
2022-05-15 13:43:34,082 [EventQueue-OpenPipelineForHealthyPipelineSafeModeRule] INFO  safemode.SCMSafeModeManager (HealthyPipelineSafeModeRule.java:process(124)) - SCM in safe mode. Healthy pipelines reported count is 0, required healthy pipeline reported count is 1
2022-05-15 13:43:34,082 [pool-730-thread-1] INFO  server.RaftServerConfigKeys (ConfUtils.java:logGet(44)) - raft.server.log.use.memory = false (default)
2022-05-15 13:43:34,083 [pool-730-thread-1] INFO  server.RaftServerConfigKeys (ConfUtils.java:logGet(44)) - raft.server.log.purge.gap = 1000000 (custom)
2022-05-15 13:43:34,083 [pool-730-thread-1] INFO  server.RaftServerConfigKeys (ConfUtils.java:logGet(44)) - raft.server.log.appender.buffer.byte-limit = 33554432 (custom)
2022-05-15 13:43:34,083 [pool-730-thread-1] INFO  server.RaftServerConfigKeys (ConfUtils.java:logGet(44)) - raft.server.log.segment.size.max = 1048576 (custom)
2022-05-15 13:43:34,083 [pool-730-thread-1] INFO  server.RaftServerConfigKeys (ConfUtils.java:logGet(44)) - raft.server.log.segment.cache.num.max = 2 (custom)
2022-05-15 13:43:34,083 [pool-730-thread-1] INFO  server.RaftServerConfigKeys (ConfUtils.java:logGet(44)) - raft.server.log.segment.cache.size.max = 200MB (=209715200) (default)
2022-05-15 13:43:34,083 [pool-730-thread-1] INFO  segmented.SegmentedRaftLogWorker (SegmentedRaftLogWorker.java:<init>(182)) - new 2225bdd7-82df-4a59-8045-7d84ab374bd3@group-E4A98B788E48-SegmentedRaftLogWorker for RaftStorageImpl:Storage Directory /home/runner/work/ozone/ozone/hadoop-ozone/integration-test/target/test-dir/MiniOzoneClusterImpl-84148938-d4e7-44f7-8424-958744cac302/datanode-2/data/ratis/38e491e0-917d-4916-9fde-e4a98b788e48
2022-05-15 13:43:34,083 [pool-730-thread-1] INFO  server.RaftServerConfigKeys (ConfUtils.java:logGet(44)) - raft.server.log.queue.byte-limit = 4294967296 (custom)
2022-05-15 13:43:34,084 [pool-730-thread-1] INFO  server.RaftServerConfigKeys (ConfUtils.java:logGet(44)) - raft.server.log.queue.element-limit = 1024 (custom)
2022-05-15 13:43:34,084 [pool-730-thread-1] INFO  server.RaftServerConfigKeys (ConfUtils.java:logGet(44)) - raft.server.log.segment.size.max = 1048576 (custom)
2022-05-15 13:43:34,084 [pool-730-thread-1] INFO  server.RaftServerConfigKeys (ConfUtils.java:logGet(44)) - raft.server.log.preallocated.size = 16384 (custom)
2022-05-15 13:43:34,084 [pool-730-thread-1] INFO  server.RaftServerConfigKeys (ConfUtils.java:logGet(44)) - raft.server.log.force.sync.num = 128 (default)
2022-05-15 13:43:34,084 [pool-730-thread-1] INFO  server.RaftServerConfigKeys (ConfUtils.java:logGet(44)) - raft.server.log.statemachine.data.sync = true (default)
2022-05-15 13:43:34,084 [pool-730-thread-1] INFO  server.RaftServerConfigKeys (ConfUtils.java:logGet(44)) - raft.server.log.statemachine.data.sync.timeout = 10s (default)
2022-05-15 13:43:34,084 [pool-730-thread-1] INFO  server.RaftServerConfigKeys (ConfUtils.java:logGet(44)) - raft.server.log.statemachine.data.sync.timeout.retry = -1 (default)
2022-05-15 13:43:34,085 [pool-730-thread-1] INFO  server.RaftServerConfigKeys (ConfUtils.java:logGet(44)) - raft.server.log.write.buffer.size = 1048576 (custom)
2022-05-15 13:43:34,085 [pool-730-thread-1] INFO  server.RaftServerConfigKeys (ConfUtils.java:logGet(44)) - raft.server.log.statemachine.data.caching.enabled = true (custom)
2022-05-15 13:43:34,086 [pool-730-thread-1] INFO  segmented.SegmentedRaftLogWorker (SegmentedRaftLogWorker.java:lambda$new$0(133)) - 2225bdd7-82df-4a59-8045-7d84ab374bd3@group-E4A98B788E48-SegmentedRaftLogWorker: flushIndex: setUnconditionally 0 -> -1
2022-05-15 13:43:34,086 [pool-730-thread-1] INFO  segmented.SegmentedRaftLogWorker (SegmentedRaftLogWorker.java:lambda$new$0(133)) - 2225bdd7-82df-4a59-8045-7d84ab374bd3@group-E4A98B788E48-SegmentedRaftLogWorker: safeCacheEvictIndex: setUnconditionally 0 -> -1
2022-05-15 13:43:34,087 [pool-730-thread-1] INFO  server.RaftServerConfigKeys (ConfUtils.java:logGet(44)) - raft.server.snapshot.auto.trigger.enabled = true (custom)
2022-05-15 13:43:34,087 [pool-730-thread-1] INFO  server.RaftServerConfigKeys (ConfUtils.java:logGet(44)) - raft.server.snapshot.auto.trigger.threshold = 10000 (custom)
2022-05-15 13:43:34,087 [pool-730-thread-1] INFO  server.RaftServerConfigKeys (ConfUtils.java:logGet(44)) - raft.server.snapshot.retention.file.num = 5 (custom)
2022-05-15 13:43:34,087 [pool-730-thread-1] INFO  server.RaftServerConfigKeys (ConfUtils.java:logGet(44)) - raft.server.log.purge.upto.snapshot.index = false (default)
2022-05-15 13:43:34,087 [pool-730-thread-1] INFO  server.RaftServerConfigKeys (ConfUtils.java:logGet(44)) - raft.server.retrycache.expirytime = 600000ms (custom)
2022-05-15 13:43:34,087 [pool-730-thread-1] INFO  server.RaftServerConfigKeys (ConfUtils.java:logGet(44)) - raft.server.retrycache.statistics.expirytime = 100μs (default)
2022-05-15 13:43:34,088 [pool-730-thread-1] INFO  server.RaftServer$Division (RaftServerImpl.java:start(301)) - 2225bdd7-82df-4a59-8045-7d84ab374bd3@group-E4A98B788E48: start as a follower, conf=-1: [2225bdd7-82df-4a59-8045-7d84ab374bd3|rpc:10.1.0.20:39819|priority:1], old=null
2022-05-15 13:43:34,089 [pool-730-thread-1] INFO  server.RaftServer$Division (RaftServerImpl.java:setRole(290)) - 2225bdd7-82df-4a59-8045-7d84ab374bd3@group-E4A98B788E48: changes role from      null to FOLLOWER at term 0 for startAsFollower
2022-05-15 13:43:34,089 [pool-730-thread-1] INFO  impl.RoleInfo (RoleInfo.java:updateAndGet(130)) - 2225bdd7-82df-4a59-8045-7d84ab374bd3: start 2225bdd7-82df-4a59-8045-7d84ab374bd3@group-E4A98B788E48-FollowerState
2022-05-15 13:43:34,104 [pool-730-thread-1] INFO  util.JmxRegister (JmxRegister.java:tryRegister(44)) - Successfully registered JMX Bean with object name Ratis:service=RaftServer,group=group-E4A98B788E48,id=2225bdd7-82df-4a59-8045-7d84ab374bd3
2022-05-15 13:43:34,105 [Command processor thread] INFO  ratis.XceiverServerRatis (XceiverServerRatis.java:addGroup(765)) - Created group PipelineID=38e491e0-917d-4916-9fde-e4a98b788e48
2022-05-15 13:43:34,105 [Command processor thread] INFO  commandhandler.CreatePipelineCommandHandler (CreatePipelineCommandHandler.java:handle(113)) - Created Pipeline RATIS ONE PipelineID=38e491e0-917d-4916-9fde-e4a98b788e48.
2022-05-15 13:43:34,897 [Listener at 127.0.0.1/40095] INFO  ozone.MiniOzoneClusterImpl (MiniOzoneClusterImpl.java:lambda$waitForClusterToBeReady$0(221)) - Nodes are ready. Got 3 of 3 DN Heartbeats.
2022-05-15 13:43:34,897 [Listener at 127.0.0.1/40095] INFO  ozone.MiniOzoneClusterImpl (MiniOzoneClusterImpl.java:lambda$waitForClusterToBeReady$0(224)) - Waiting for cluster to exit safe mode
2022-05-15 13:43:34,897 [Listener at 127.0.0.1/40095] INFO  ozone.MiniOzoneClusterImpl (MiniOzoneClusterImpl.java:lambda$waitForClusterToBeReady$0(226)) - SCM became leader
2022-05-15 13:43:35,897 [Listener at 127.0.0.1/40095] INFO  ozone.MiniOzoneClusterImpl (MiniOzoneClusterImpl.java:lambda$waitForClusterToBeReady$0(221)) - Nodes are ready. Got 3 of 3 DN Heartbeats.
2022-05-15 13:43:35,897 [Listener at 127.0.0.1/40095] INFO  ozone.MiniOzoneClusterImpl (MiniOzoneClusterImpl.java:lambda$waitForClusterToBeReady$0(224)) - Waiting for cluster to exit safe mode
2022-05-15 13:43:35,897 [Listener at 127.0.0.1/40095] INFO  ozone.MiniOzoneClusterImpl (MiniOzoneClusterImpl.java:lambda$waitForClusterToBeReady$0(226)) - SCM became leader
2022-05-15 13:43:36,898 [Listener at 127.0.0.1/40095] INFO  ozone.MiniOzoneClusterImpl (MiniOzoneClusterImpl.java:lambda$waitForClusterToBeReady$0(221)) - Nodes are ready. Got 3 of 3 DN Heartbeats.
2022-05-15 13:43:36,898 [Listener at 127.0.0.1/40095] INFO  ozone.MiniOzoneClusterImpl (MiniOzoneClusterImpl.java:lambda$waitForClusterToBeReady$0(224)) - Waiting for cluster to exit safe mode
2022-05-15 13:43:36,898 [Listener at 127.0.0.1/40095] INFO  ozone.MiniOzoneClusterImpl (MiniOzoneClusterImpl.java:lambda$waitForClusterToBeReady$0(226)) - SCM became leader
2022-05-15 13:43:36,972 [0d3cae59-4282-4496-a4e1-90b2fca61e2c@group-0628BECF0B34-FollowerState] INFO  impl.FollowerState (FollowerState.java:run(134)) - 0d3cae59-4282-4496-a4e1-90b2fca61e2c@group-0628BECF0B34-FollowerState: change to CANDIDATE, lastRpcElapsedTime:5067288264ns, electionTimeout:5066ms
2022-05-15 13:43:36,972 [0d3cae59-4282-4496-a4e1-90b2fca61e2c@group-0628BECF0B34-FollowerState] INFO  impl.RoleInfo (RoleInfo.java:shutdownFollowerState(108)) - 0d3cae59-4282-4496-a4e1-90b2fca61e2c: shutdown 0d3cae59-4282-4496-a4e1-90b2fca61e2c@group-0628BECF0B34-FollowerState
2022-05-15 13:43:36,972 [0d3cae59-4282-4496-a4e1-90b2fca61e2c@group-0628BECF0B34-FollowerState] INFO  server.RaftServer$Division (RaftServerImpl.java:setRole(290)) - 0d3cae59-4282-4496-a4e1-90b2fca61e2c@group-0628BECF0B34: changes role from  FOLLOWER to CANDIDATE at term 0 for changeToCandidate
2022-05-15 13:43:36,978 [0d3cae59-4282-4496-a4e1-90b2fca61e2c@group-0628BECF0B34-FollowerState] INFO  server.RaftServerConfigKeys (ConfUtils.java:logGet(44)) - raft.server.leaderelection.pre-vote = false (custom)
2022-05-15 13:43:36,978 [0d3cae59-4282-4496-a4e1-90b2fca61e2c@group-0628BECF0B34-FollowerState] INFO  impl.RoleInfo (RoleInfo.java:updateAndGet(130)) - 0d3cae59-4282-4496-a4e1-90b2fca61e2c: start 0d3cae59-4282-4496-a4e1-90b2fca61e2c@group-0628BECF0B34-LeaderElection77
2022-05-15 13:43:37,033 [0d3cae59-4282-4496-a4e1-90b2fca61e2c@group-C79F83506AAA-FollowerState] INFO  impl.FollowerState (FollowerState.java:run(134)) - 0d3cae59-4282-4496-a4e1-90b2fca61e2c@group-C79F83506AAA-FollowerState: change to CANDIDATE, lastRpcElapsedTime:5058532250ns, electionTimeout:5051ms
2022-05-15 13:43:37,034 [0d3cae59-4282-4496-a4e1-90b2fca61e2c@group-C79F83506AAA-FollowerState] INFO  impl.RoleInfo (RoleInfo.java:shutdownFollowerState(108)) - 0d3cae59-4282-4496-a4e1-90b2fca61e2c: shutdown 0d3cae59-4282-4496-a4e1-90b2fca61e2c@group-C79F83506AAA-FollowerState
2022-05-15 13:43:37,034 [0d3cae59-4282-4496-a4e1-90b2fca61e2c@group-C79F83506AAA-FollowerState] INFO  server.RaftServer$Division (RaftServerImpl.java:setRole(290)) - 0d3cae59-4282-4496-a4e1-90b2fca61e2c@group-C79F83506AAA: changes role from  FOLLOWER to CANDIDATE at term 0 for changeToCandidate
2022-05-15 13:43:37,034 [0d3cae59-4282-4496-a4e1-90b2fca61e2c@group-C79F83506AAA-FollowerState] INFO  server.RaftServerConfigKeys (ConfUtils.java:logGet(44)) - raft.server.leaderelection.pre-vote = false (custom)
2022-05-15 13:43:37,034 [0d3cae59-4282-4496-a4e1-90b2fca61e2c@group-C79F83506AAA-FollowerState] INFO  impl.RoleInfo (RoleInfo.java:updateAndGet(130)) - 0d3cae59-4282-4496-a4e1-90b2fca61e2c: start 0d3cae59-4282-4496-a4e1-90b2fca61e2c@group-C79F83506AAA-LeaderElection78
2022-05-15 13:43:37,089 [0d3cae59-4282-4496-a4e1-90b2fca61e2c@group-0628BECF0B34-LeaderElection77] INFO  impl.LeaderElection (LeaderElection.java:askForVotes(306)) - 0d3cae59-4282-4496-a4e1-90b2fca61e2c@group-0628BECF0B34-LeaderElection77 ELECTION round 0: submit vote requests at term 1 for -1: [0d3cae59-4282-4496-a4e1-90b2fca61e2c|rpc:10.1.0.20:45501|priority:1], old=null
2022-05-15 13:43:37,089 [0d3cae59-4282-4496-a4e1-90b2fca61e2c@group-0628BECF0B34-LeaderElection77] INFO  impl.LeaderElection (LeaderElection.java:askForVotes(308)) - 0d3cae59-4282-4496-a4e1-90b2fca61e2c@group-0628BECF0B34-LeaderElection77 ELECTION round 0: result PASSED (term=1)
2022-05-15 13:43:37,089 [0d3cae59-4282-4496-a4e1-90b2fca61e2c@group-0628BECF0B34-LeaderElection77] INFO  impl.RoleInfo (RoleInfo.java:shutdownLeaderElection(121)) - 0d3cae59-4282-4496-a4e1-90b2fca61e2c: shutdown 0d3cae59-4282-4496-a4e1-90b2fca61e2c@group-0628BECF0B34-LeaderElection77
2022-05-15 13:43:37,089 [0d3cae59-4282-4496-a4e1-90b2fca61e2c@group-0628BECF0B34-LeaderElection77] INFO  server.RaftServer$Division (RaftServerImpl.java:setRole(290)) - 0d3cae59-4282-4496-a4e1-90b2fca61e2c@group-0628BECF0B34: changes role from CANDIDATE to LEADER at term 1 for changeToLeader
2022-05-15 13:43:37,089 [0d3cae59-4282-4496-a4e1-90b2fca61e2c@group-0628BECF0B34-LeaderElection77] INFO  ratis.XceiverServerRatis (XceiverServerRatis.java:handleLeaderChangedNotification(863)) - Leader change notification received for group: group-0628BECF0B34 with new leaderId: 0d3cae59-4282-4496-a4e1-90b2fca61e2c
2022-05-15 13:43:37,089 [0d3cae59-4282-4496-a4e1-90b2fca61e2c@group-0628BECF0B34-LeaderElection77] INFO  server.RaftServer$Division (ServerState.java:setLeader(285)) - 0d3cae59-4282-4496-a4e1-90b2fca61e2c@group-0628BECF0B34: change Leader from null to 0d3cae59-4282-4496-a4e1-90b2fca61e2c at term 1 for becomeLeader, leader elected after 5197ms
2022-05-15 13:43:37,089 [0d3cae59-4282-4496-a4e1-90b2fca61e2c@group-0628BECF0B34-LeaderElection77] INFO  server.RaftServerConfigKeys (ConfUtils.java:logGet(44)) - raft.server.staging.catchup.gap = 1000 (default)
2022-05-15 13:43:37,089 [0d3cae59-4282-4496-a4e1-90b2fca61e2c@group-0628BECF0B34-LeaderElection77] INFO  server.RaftServerConfigKeys (ConfUtils.java:logGet(44)) - raft.server.write.element-limit = 1024 (custom)
2022-05-15 13:43:37,090 [0d3cae59-4282-4496-a4e1-90b2fca61e2c@group-0628BECF0B34-LeaderElection77] INFO  server.RaftServerConfigKeys (ConfUtils.java:logGet(44)) - raft.server.write.byte-limit = 1024 M (=1073741824) (custom)
2022-05-15 13:43:37,090 [0d3cae59-4282-4496-a4e1-90b2fca61e2c@group-C79F83506AAA-LeaderElection78] INFO  impl.LeaderElection (LeaderElection.java:askForVotes(306)) - 0d3cae59-4282-4496-a4e1-90b2fca61e2c@group-C79F83506AAA-LeaderElection78 ELECTION round 0: submit vote requests at term 1 for -1: [0d3cae59-4282-4496-a4e1-90b2fca61e2c|rpc:10.1.0.20:45501|priority:0, 2dee7481-997e-4819-9eb0-c9795558e67b|rpc:10.1.0.20:44031|priority:0, 2225bdd7-82df-4a59-8045-7d84ab374bd3|rpc:10.1.0.20:39819|priority:1], old=null
2022-05-15 13:43:37,090 [0d3cae59-4282-4496-a4e1-90b2fca61e2c@group-0628BECF0B34-LeaderElection77] INFO  server.RaftServerConfigKeys (ConfUtils.java:logGet(44)) - raft.server.watch.timeout = 180s (custom)
2022-05-15 13:43:37,091 [0d3cae59-4282-4496-a4e1-90b2fca61e2c@group-0628BECF0B34-LeaderElection77] INFO  server.RaftServerConfigKeys (ConfUtils.java:logGet(44)) - raft.server.watch.timeout.denomination = 1s (default)
2022-05-15 13:43:37,091 [0d3cae59-4282-4496-a4e1-90b2fca61e2c@group-0628BECF0B34-LeaderElection77] INFO  server.RaftServerConfigKeys (ConfUtils.java:logGet(44)) - raft.server.watch.element-limit = 65536 (default)
2022-05-15 13:43:37,091 [0d3cae59-4282-4496-a4e1-90b2fca61e2c@group-0628BECF0B34-LeaderElection77] INFO  server.RaftServerConfigKeys (ConfUtils.java:logGet(44)) - raft.server.write.element-limit = 1024 (custom)
2022-05-15 13:43:37,091 [0d3cae59-4282-4496-a4e1-90b2fca61e2c@group-0628BECF0B34-LeaderElection77] INFO  server.RaftServerConfigKeys (ConfUtils.java:logGet(44)) - raft.server.write.follower.gap.ratio.max = -1.0 (default)
2022-05-15 13:43:37,091 [0d3cae59-4282-4496-a4e1-90b2fca61e2c@group-0628BECF0B34-LeaderElection77] INFO  impl.RoleInfo (RoleInfo.java:updateAndGet(130)) - 0d3cae59-4282-4496-a4e1-90b2fca61e2c: start 0d3cae59-4282-4496-a4e1-90b2fca61e2c@group-0628BECF0B34-LeaderStateImpl
2022-05-15 13:43:37,091 [EventQueue-OpenPipelineForHealthyPipelineSafeModeRule] INFO  safemode.SCMSafeModeManager (HealthyPipelineSafeModeRule.java:process(124)) - SCM in safe mode. Healthy pipelines reported count is 0, required healthy pipeline reported count is 1
2022-05-15 13:43:37,091 [0d3cae59-4282-4496-a4e1-90b2fca61e2c@group-0628BECF0B34-LeaderElection77] INFO  segmented.SegmentedRaftLogWorker (SegmentedRaftLogWorker.java:startLogSegment(394)) - 0d3cae59-4282-4496-a4e1-90b2fca61e2c@group-0628BECF0B34-SegmentedRaftLogWorker: Starting segment from index:0
2022-05-15 13:43:37,109 [0d3cae59-4282-4496-a4e1-90b2fca61e2c@group-0628BECF0B34-SegmentedRaftLogWorker] INFO  segmented.SegmentedRaftLogWorker (SegmentedRaftLogWorker.java:execute(601)) - 0d3cae59-4282-4496-a4e1-90b2fca61e2c@group-0628BECF0B34-SegmentedRaftLogWorker: created new log segment /home/runner/work/ozone/ozone/hadoop-ozone/integration-test/target/test-dir/MiniOzoneClusterImpl-84148938-d4e7-44f7-8424-958744cac302/datanode-0/data/ratis/ff7ec09d-0258-4b70-9869-0628becf0b34/current/log_inprogress_0
2022-05-15 13:43:37,137 [0d3cae59-4282-4496-a4e1-90b2fca61e2c@group-0628BECF0B34-LeaderElection77] INFO  server.RaftServer$Division (ServerState.java:setRaftConf(387)) - 0d3cae59-4282-4496-a4e1-90b2fca61e2c@group-0628BECF0B34: set configuration 0: [0d3cae59-4282-4496-a4e1-90b2fca61e2c|rpc:10.1.0.20:45501|dataStream:|priority:1], old=null
2022-05-15 13:43:37,142 [2dee7481-997e-4819-9eb0-c9795558e67b@group-C79F83506AAA-FollowerState] INFO  impl.FollowerState (FollowerState.java:run(134)) - 2dee7481-997e-4819-9eb0-c9795558e67b@group-C79F83506AAA-FollowerState: change to CANDIDATE, lastRpcElapsedTime:5013970074ns, electionTimeout:5010ms
2022-05-15 13:43:37,142 [2dee7481-997e-4819-9eb0-c9795558e67b@group-C79F83506AAA-FollowerState] INFO  impl.RoleInfo (RoleInfo.java:shutdownFollowerState(108)) - 2dee7481-997e-4819-9eb0-c9795558e67b: shutdown 2dee7481-997e-4819-9eb0-c9795558e67b@group-C79F83506AAA-FollowerState
2022-05-15 13:43:37,142 [2dee7481-997e-4819-9eb0-c9795558e67b@group-C79F83506AAA-FollowerState] INFO  server.RaftServer$Division (RaftServerImpl.java:setRole(290)) - 2dee7481-997e-4819-9eb0-c9795558e67b@group-C79F83506AAA: changes role from  FOLLOWER to CANDIDATE at term 0 for changeToCandidate
2022-05-15 13:43:37,147 [2dee7481-997e-4819-9eb0-c9795558e67b@group-C79F83506AAA-FollowerState] INFO  server.RaftServerConfigKeys (ConfUtils.java:logGet(44)) - raft.server.leaderelection.pre-vote = false (custom)
2022-05-15 13:43:37,147 [2dee7481-997e-4819-9eb0-c9795558e67b@group-C79F83506AAA-FollowerState] INFO  impl.RoleInfo (RoleInfo.java:updateAndGet(130)) - 2dee7481-997e-4819-9eb0-c9795558e67b: start 2dee7481-997e-4819-9eb0-c9795558e67b@group-C79F83506AAA-LeaderElection79
2022-05-15 13:43:37,202 [2dee7481-997e-4819-9eb0-c9795558e67b@group-C79F83506AAA-LeaderElection79] INFO  impl.LeaderElection (LeaderElection.java:askForVotes(306)) - 2dee7481-997e-4819-9eb0-c9795558e67b@group-C79F83506AAA-LeaderElection79 ELECTION round 0: submit vote requests at term 1 for -1: [0d3cae59-4282-4496-a4e1-90b2fca61e2c|rpc:10.1.0.20:45501|dataStream:|priority:0, 2dee7481-997e-4819-9eb0-c9795558e67b|rpc:10.1.0.20:44031|dataStream:|priority:0, 2225bdd7-82df-4a59-8045-7d84ab374bd3|rpc:10.1.0.20:39819|dataStream:|priority:1], old=null
2022-05-15 13:43:37,226 [grpc-default-executor-0] INFO  server.RaftServer$Division (RaftServerImpl.java:requestVote(1046)) - 2dee7481-997e-4819-9eb0-c9795558e67b@group-C79F83506AAA: receive requestVote(ELECTION, 0d3cae59-4282-4496-a4e1-90b2fca61e2c, group-C79F83506AAA, 1, (t:0, i:0))
2022-05-15 13:43:37,226 [grpc-default-executor-0] INFO  impl.VoteContext (VoteContext.java:log(48)) - 2dee7481-997e-4819-9eb0-c9795558e67b@group-C79F83506AAA-CANDIDATE: reject ELECTION from 0d3cae59-4282-4496-a4e1-90b2fca61e2c: already has voted for 2dee7481-997e-4819-9eb0-c9795558e67b at current term 1
2022-05-15 13:43:37,226 [grpc-default-executor-0] INFO  server.RaftServer$Division (RaftServerImpl.java:requestVote(1078)) - 2dee7481-997e-4819-9eb0-c9795558e67b@group-C79F83506AAA replies to ELECTION vote request: 0d3cae59-4282-4496-a4e1-90b2fca61e2c<-2dee7481-997e-4819-9eb0-c9795558e67b#0:FAIL-t1. Peer's state: 2dee7481-997e-4819-9eb0-c9795558e67b@group-C79F83506AAA:t1, leader=null, voted=2dee7481-997e-4819-9eb0-c9795558e67b, raftlog=2dee7481-997e-4819-9eb0-c9795558e67b@group-C79F83506AAA-SegmentedRaftLog:OPENED:c-1, conf=-1: [0d3cae59-4282-4496-a4e1-90b2fca61e2c|rpc:10.1.0.20:45501|dataStream:|priority:0, 2dee7481-997e-4819-9eb0-c9795558e67b|rpc:10.1.0.20:44031|dataStream:|priority:0, 2225bdd7-82df-4a59-8045-7d84ab374bd3|rpc:10.1.0.20:39819|dataStream:|priority:1], old=null
2022-05-15 13:43:37,229 [grpc-default-executor-0] INFO  server.RaftServer$Division (RaftServerImpl.java:requestVote(1046)) - 2225bdd7-82df-4a59-8045-7d84ab374bd3@group-C79F83506AAA: receive requestVote(ELECTION, 0d3cae59-4282-4496-a4e1-90b2fca61e2c, group-C79F83506AAA, 1, (t:0, i:0))
2022-05-15 13:43:37,229 [grpc-default-executor-0] INFO  impl.VoteContext (VoteContext.java:log(48)) - 2225bdd7-82df-4a59-8045-7d84ab374bd3@group-C79F83506AAA-FOLLOWER: reject ELECTION from 0d3cae59-4282-4496-a4e1-90b2fca61e2c: our priority 1 > candidate's priority 0
2022-05-15 13:43:37,229 [grpc-default-executor-0] INFO  server.RaftServer$Division (RaftServerImpl.java:setRole(290)) - 2225bdd7-82df-4a59-8045-7d84ab374bd3@group-C79F83506AAA: changes role from  FOLLOWER to FOLLOWER at term 1 for candidate:0d3cae59-4282-4496-a4e1-90b2fca61e2c
2022-05-15 13:43:37,229 [grpc-default-executor-0] INFO  impl.RoleInfo (RoleInfo.java:shutdownFollowerState(108)) - 2225bdd7-82df-4a59-8045-7d84ab374bd3: shutdown 2225bdd7-82df-4a59-8045-7d84ab374bd3@group-C79F83506AAA-FollowerState
2022-05-15 13:43:37,229 [grpc-default-executor-0] INFO  impl.RoleInfo (RoleInfo.java:updateAndGet(130)) - 2225bdd7-82df-4a59-8045-7d84ab374bd3: start 2225bdd7-82df-4a59-8045-7d84ab374bd3@group-C79F83506AAA-FollowerState
2022-05-15 13:43:37,229 [2225bdd7-82df-4a59-8045-7d84ab374bd3@group-C79F83506AAA-FollowerState] INFO  impl.FollowerState (FollowerState.java:run(143)) - 2225bdd7-82df-4a59-8045-7d84ab374bd3@group-C79F83506AAA-FollowerState was interrupted: {}
java.lang.InterruptedException: sleep interrupted
	at java.lang.Thread.sleep(Native Method)
	at java.lang.Thread.sleep(Thread.java:342)
	at java.util.concurrent.TimeUnit.sleep(TimeUnit.java:386)
	at org.apache.ratis.util.TimeDuration.sleep(TimeDuration.java:324)
	at org.apache.ratis.util.TimeDuration.sleep(TimeDuration.java:309)
	at org.apache.ratis.server.impl.FollowerState.run(FollowerState.java:118)
2022-05-15 13:43:37,294 [grpc-default-executor-0] INFO  server.RaftServer$Division (RaftServerImpl.java:requestVote(1078)) - 2225bdd7-82df-4a59-8045-7d84ab374bd3@group-C79F83506AAA replies to ELECTION vote request: 0d3cae59-4282-4496-a4e1-90b2fca61e2c<-2225bdd7-82df-4a59-8045-7d84ab374bd3#0:FAIL-t1. Peer's state: 2225bdd7-82df-4a59-8045-7d84ab374bd3@group-C79F83506AAA:t1, leader=null, voted=null, raftlog=2225bdd7-82df-4a59-8045-7d84ab374bd3@group-C79F83506AAA-SegmentedRaftLog:OPENED:c-1, conf=-1: [0d3cae59-4282-4496-a4e1-90b2fca61e2c|rpc:10.1.0.20:45501|dataStream:|priority:0, 2dee7481-997e-4819-9eb0-c9795558e67b|rpc:10.1.0.20:44031|dataStream:|priority:0, 2225bdd7-82df-4a59-8045-7d84ab374bd3|rpc:10.1.0.20:39819|dataStream:|priority:1], old=null
2022-05-15 13:43:37,301 [grpc-default-executor-1] INFO  server.RaftServer$Division (RaftServerImpl.java:requestVote(1046)) - 0d3cae59-4282-4496-a4e1-90b2fca61e2c@group-C79F83506AAA: receive requestVote(ELECTION, 2dee7481-997e-4819-9eb0-c9795558e67b, group-C79F83506AAA, 1, (t:0, i:0))
2022-05-15 13:43:37,301 [grpc-default-executor-1] INFO  impl.VoteContext (VoteContext.java:log(48)) - 0d3cae59-4282-4496-a4e1-90b2fca61e2c@group-C79F83506AAA-CANDIDATE: reject ELECTION from 2dee7481-997e-4819-9eb0-c9795558e67b: already has voted for 0d3cae59-4282-4496-a4e1-90b2fca61e2c at current term 1
2022-05-15 13:43:37,301 [grpc-default-executor-1] INFO  server.RaftServer$Division (RaftServerImpl.java:requestVote(1078)) - 0d3cae59-4282-4496-a4e1-90b2fca61e2c@group-C79F83506AAA replies to ELECTION vote request: 2dee7481-997e-4819-9eb0-c9795558e67b<-0d3cae59-4282-4496-a4e1-90b2fca61e2c#0:FAIL-t1. Peer's state: 0d3cae59-4282-4496-a4e1-90b2fca61e2c@group-C79F83506AAA:t1, leader=null, voted=0d3cae59-4282-4496-a4e1-90b2fca61e2c, raftlog=0d3cae59-4282-4496-a4e1-90b2fca61e2c@group-C79F83506AAA-SegmentedRaftLog:OPENED:c-1, conf=-1: [0d3cae59-4282-4496-a4e1-90b2fca61e2c|rpc:10.1.0.20:45501|priority:0, 2dee7481-997e-4819-9eb0-c9795558e67b|rpc:10.1.0.20:44031|priority:0, 2225bdd7-82df-4a59-8045-7d84ab374bd3|rpc:10.1.0.20:39819|priority:1], old=null
2022-05-15 13:43:37,302 [0d3cae59-4282-4496-a4e1-90b2fca61e2c@group-C79F83506AAA-LeaderElection78] INFO  impl.LeaderElection (LeaderElection.java:logAndReturn(89)) - 0d3cae59-4282-4496-a4e1-90b2fca61e2c@group-C79F83506AAA-LeaderElection78: ELECTION REJECTED received 2 response(s) and 0 exception(s):
2022-05-15 13:43:37,302 [0d3cae59-4282-4496-a4e1-90b2fca61e2c@group-C79F83506AAA-LeaderElection78] INFO  impl.LeaderElection (LeaderElection.java:logAndReturn(93)) -   Response 0: 0d3cae59-4282-4496-a4e1-90b2fca61e2c<-2dee7481-997e-4819-9eb0-c9795558e67b#0:FAIL-t1
2022-05-15 13:43:37,302 [0d3cae59-4282-4496-a4e1-90b2fca61e2c@group-C79F83506AAA-LeaderElection78] INFO  impl.LeaderElection (LeaderElection.java:logAndReturn(93)) -   Response 1: 0d3cae59-4282-4496-a4e1-90b2fca61e2c<-2225bdd7-82df-4a59-8045-7d84ab374bd3#0:FAIL-t1
2022-05-15 13:43:37,302 [0d3cae59-4282-4496-a4e1-90b2fca61e2c@group-C79F83506AAA-LeaderElection78] INFO  impl.LeaderElection (LeaderElection.java:askForVotes(308)) - 0d3cae59-4282-4496-a4e1-90b2fca61e2c@group-C79F83506AAA-LeaderElection78 ELECTION round 0: result REJECTED
2022-05-15 13:43:37,302 [0d3cae59-4282-4496-a4e1-90b2fca61e2c@group-C79F83506AAA-LeaderElection78] INFO  server.RaftServer$Division (RaftServerImpl.java:setRole(290)) - 0d3cae59-4282-4496-a4e1-90b2fca61e2c@group-C79F83506AAA: changes role from CANDIDATE to FOLLOWER at term 1 for REJECTED
2022-05-15 13:43:37,302 [0d3cae59-4282-4496-a4e1-90b2fca61e2c@group-C79F83506AAA-LeaderElection78] INFO  impl.RoleInfo (RoleInfo.java:shutdownLeaderElection(121)) - 0d3cae59-4282-4496-a4e1-90b2fca61e2c: shutdown 0d3cae59-4282-4496-a4e1-90b2fca61e2c@group-C79F83506AAA-LeaderElection78
2022-05-15 13:43:37,302 [0d3cae59-4282-4496-a4e1-90b2fca61e2c@group-C79F83506AAA-LeaderElection78] INFO  impl.RoleInfo (RoleInfo.java:updateAndGet(130)) - 0d3cae59-4282-4496-a4e1-90b2fca61e2c: start 0d3cae59-4282-4496-a4e1-90b2fca61e2c@group-C79F83506AAA-FollowerState
2022-05-15 13:43:37,376 [grpc-default-executor-2] INFO  server.RaftServer$Division (RaftServerImpl.java:requestVote(1046)) - 2225bdd7-82df-4a59-8045-7d84ab374bd3@group-C79F83506AAA: receive requestVote(ELECTION, 2dee7481-997e-4819-9eb0-c9795558e67b, group-C79F83506AAA, 1, (t:0, i:0))
2022-05-15 13:43:37,376 [grpc-default-executor-2] INFO  impl.VoteContext (VoteContext.java:log(48)) - 2225bdd7-82df-4a59-8045-7d84ab374bd3@group-C79F83506AAA-FOLLOWER: reject ELECTION from 2dee7481-997e-4819-9eb0-c9795558e67b: our priority 1 > candidate's priority 0
2022-05-15 13:43:37,377 [grpc-default-executor-2] INFO  server.RaftServer$Division (RaftServerImpl.java:setRole(290)) - 2225bdd7-82df-4a59-8045-7d84ab374bd3@group-C79F83506AAA: changes role from  FOLLOWER to FOLLOWER at term 1 for candidate:2dee7481-997e-4819-9eb0-c9795558e67b
2022-05-15 13:43:37,377 [grpc-default-executor-2] INFO  impl.RoleInfo (RoleInfo.java:shutdownFollowerState(108)) - 2225bdd7-82df-4a59-8045-7d84ab374bd3: shutdown 2225bdd7-82df-4a59-8045-7d84ab374bd3@group-C79F83506AAA-FollowerState
2022-05-15 13:43:37,377 [grpc-default-executor-2] INFO  impl.RoleInfo (RoleInfo.java:updateAndGet(130)) - 2225bdd7-82df-4a59-8045-7d84ab374bd3: start 2225bdd7-82df-4a59-8045-7d84ab374bd3@group-C79F83506AAA-FollowerState
2022-05-15 13:43:37,377 [2225bdd7-82df-4a59-8045-7d84ab374bd3@group-C79F83506AAA-FollowerState] INFO  impl.FollowerState (FollowerState.java:run(143)) - 2225bdd7-82df-4a59-8045-7d84ab374bd3@group-C79F83506AAA-FollowerState was interrupted: {}
java.lang.InterruptedException: sleep interrupted
	at java.lang.Thread.sleep(Native Method)
	at java.lang.Thread.sleep(Thread.java:342)
	at java.util.concurrent.TimeUnit.sleep(TimeUnit.java:386)
	at org.apache.ratis.util.TimeDuration.sleep(TimeDuration.java:324)
	at org.apache.ratis.util.TimeDuration.sleep(TimeDuration.java:309)
	at org.apache.ratis.server.impl.FollowerState.run(FollowerState.java:118)
2022-05-15 13:43:37,377 [grpc-default-executor-2] INFO  server.RaftServer$Division (RaftServerImpl.java:requestVote(1078)) - 2225bdd7-82df-4a59-8045-7d84ab374bd3@group-C79F83506AAA replies to ELECTION vote request: 2dee7481-997e-4819-9eb0-c9795558e67b<-2225bdd7-82df-4a59-8045-7d84ab374bd3#0:FAIL-t1. Peer's state: 2225bdd7-82df-4a59-8045-7d84ab374bd3@group-C79F83506AAA:t1, leader=null, voted=null, raftlog=2225bdd7-82df-4a59-8045-7d84ab374bd3@group-C79F83506AAA-SegmentedRaftLog:OPENED:c-1, conf=-1: [0d3cae59-4282-4496-a4e1-90b2fca61e2c|rpc:10.1.0.20:45501|dataStream:|priority:0, 2dee7481-997e-4819-9eb0-c9795558e67b|rpc:10.1.0.20:44031|dataStream:|priority:0, 2225bdd7-82df-4a59-8045-7d84ab374bd3|rpc:10.1.0.20:39819|dataStream:|priority:1], old=null
2022-05-15 13:43:37,395 [2dee7481-997e-4819-9eb0-c9795558e67b@group-C79F83506AAA-LeaderElection79] INFO  impl.LeaderElection (LeaderElection.java:logAndReturn(89)) - 2dee7481-997e-4819-9eb0-c9795558e67b@group-C79F83506AAA-LeaderElection79: ELECTION REJECTED received 2 response(s) and 0 exception(s):
2022-05-15 13:43:37,395 [2dee7481-997e-4819-9eb0-c9795558e67b@group-C79F83506AAA-LeaderElection79] INFO  impl.LeaderElection (LeaderElection.java:logAndReturn(93)) -   Response 0: 2dee7481-997e-4819-9eb0-c9795558e67b<-0d3cae59-4282-4496-a4e1-90b2fca61e2c#0:FAIL-t1
2022-05-15 13:43:37,395 [2dee7481-997e-4819-9eb0-c9795558e67b@group-C79F83506AAA-LeaderElection79] INFO  impl.LeaderElection (LeaderElection.java:logAndReturn(93)) -   Response 1: 2dee7481-997e-4819-9eb0-c9795558e67b<-2225bdd7-82df-4a59-8045-7d84ab374bd3#0:FAIL-t1
2022-05-15 13:43:37,395 [2dee7481-997e-4819-9eb0-c9795558e67b@group-C79F83506AAA-LeaderElection79] INFO  impl.LeaderElection (LeaderElection.java:askForVotes(308)) - 2dee7481-997e-4819-9eb0-c9795558e67b@group-C79F83506AAA-LeaderElection79 ELECTION round 0: result REJECTED
2022-05-15 13:43:37,395 [2dee7481-997e-4819-9eb0-c9795558e67b@group-C79F83506AAA-LeaderElection79] INFO  server.RaftServer$Division (RaftServerImpl.java:setRole(290)) - 2dee7481-997e-4819-9eb0-c9795558e67b@group-C79F83506AAA: changes role from CANDIDATE to FOLLOWER at term 1 for REJECTED
2022-05-15 13:43:37,395 [2dee7481-997e-4819-9eb0-c9795558e67b@group-C79F83506AAA-LeaderElection79] INFO  impl.RoleInfo (RoleInfo.java:shutdownLeaderElection(121)) - 2dee7481-997e-4819-9eb0-c9795558e67b: shutdown 2dee7481-997e-4819-9eb0-c9795558e67b@group-C79F83506AAA-LeaderElection79
2022-05-15 13:43:37,395 [2dee7481-997e-4819-9eb0-c9795558e67b@group-C79F83506AAA-LeaderElection79] INFO  impl.RoleInfo (RoleInfo.java:updateAndGet(130)) - 2dee7481-997e-4819-9eb0-c9795558e67b: start 2dee7481-997e-4819-9eb0-c9795558e67b@group-C79F83506AAA-FollowerState
2022-05-15 13:43:37,653 [0d3cae59-4282-4496-a4e1-90b2fca61e2c@group-FB14A4985CFD-FollowerState] INFO  impl.FollowerState (FollowerState.java:run(134)) - 0d3cae59-4282-4496-a4e1-90b2fca61e2c@group-FB14A4985CFD-FollowerState: change to CANDIDATE, lastRpcElapsedTime:5156513716ns, electionTimeout:5150ms
2022-05-15 13:43:37,653 [0d3cae59-4282-4496-a4e1-90b2fca61e2c@group-FB14A4985CFD-FollowerState] INFO  impl.RoleInfo (RoleInfo.java:shutdownFollowerState(108)) - 0d3cae59-4282-4496-a4e1-90b2fca61e2c: shutdown 0d3cae59-4282-4496-a4e1-90b2fca61e2c@group-FB14A4985CFD-FollowerState
2022-05-15 13:43:37,653 [0d3cae59-4282-4496-a4e1-90b2fca61e2c@group-FB14A4985CFD-FollowerState] INFO  server.RaftServer$Division (RaftServerImpl.java:setRole(290)) - 0d3cae59-4282-4496-a4e1-90b2fca61e2c@group-FB14A4985CFD: changes role from  FOLLOWER to CANDIDATE at term 0 for changeToCandidate
2022-05-15 13:43:37,653 [0d3cae59-4282-4496-a4e1-90b2fca61e2c@group-FB14A4985CFD-FollowerState] INFO  server.RaftServerConfigKeys (ConfUtils.java:logGet(44)) - raft.server.leaderelection.pre-vote = false (custom)
2022-05-15 13:43:37,653 [0d3cae59-4282-4496-a4e1-90b2fca61e2c@group-FB14A4985CFD-FollowerState] INFO  impl.RoleInfo (RoleInfo.java:updateAndGet(130)) - 0d3cae59-4282-4496-a4e1-90b2fca61e2c: start 0d3cae59-4282-4496-a4e1-90b2fca61e2c@group-FB14A4985CFD-LeaderElection80
2022-05-15 13:43:37,664 [0d3cae59-4282-4496-a4e1-90b2fca61e2c@group-FB14A4985CFD-LeaderElection80] INFO  impl.LeaderElection (LeaderElection.java:askForVotes(306)) - 0d3cae59-4282-4496-a4e1-90b2fca61e2c@group-FB14A4985CFD-LeaderElection80 ELECTION round 0: submit vote requests at term 1 for -1: [0d3cae59-4282-4496-a4e1-90b2fca61e2c|rpc:10.1.0.20:45501|priority:0, 2dee7481-997e-4819-9eb0-c9795558e67b|rpc:10.1.0.20:44031|priority:1, 2225bdd7-82df-4a59-8045-7d84ab374bd3|rpc:10.1.0.20:39819|priority:0], old=null
2022-05-15 13:43:37,679 [grpc-default-executor-2] INFO  server.RaftServer$Division (RaftServerImpl.java:requestVote(1046)) - 2dee7481-997e-4819-9eb0-c9795558e67b@group-FB14A4985CFD: receive requestVote(ELECTION, 0d3cae59-4282-4496-a4e1-90b2fca61e2c, group-FB14A4985CFD, 1, (t:0, i:0))
2022-05-15 13:43:37,679 [grpc-default-executor-2] INFO  impl.VoteContext (VoteContext.java:log(48)) - 2dee7481-997e-4819-9eb0-c9795558e67b@group-FB14A4985CFD-FOLLOWER: reject ELECTION from 0d3cae59-4282-4496-a4e1-90b2fca61e2c: our priority 1 > candidate's priority 0
2022-05-15 13:43:37,679 [grpc-default-executor-2] INFO  server.RaftServer$Division (RaftServerImpl.java:setRole(290)) - 2dee7481-997e-4819-9eb0-c9795558e67b@group-FB14A4985CFD: changes role from  FOLLOWER to FOLLOWER at term 1 for candidate:0d3cae59-4282-4496-a4e1-90b2fca61e2c
2022-05-15 13:43:37,679 [grpc-default-executor-2] INFO  impl.RoleInfo (RoleInfo.java:shutdownFollowerState(108)) - 2dee7481-997e-4819-9eb0-c9795558e67b: shutdown 2dee7481-997e-4819-9eb0-c9795558e67b@group-FB14A4985CFD-FollowerState
2022-05-15 13:43:37,679 [grpc-default-executor-2] INFO  impl.RoleInfo (RoleInfo.java:updateAndGet(130)) - 2dee7481-997e-4819-9eb0-c9795558e67b: start 2dee7481-997e-4819-9eb0-c9795558e67b@group-FB14A4985CFD-FollowerState
2022-05-15 13:43:37,682 [2dee7481-997e-4819-9eb0-c9795558e67b@group-FB14A4985CFD-FollowerState] INFO  impl.FollowerState (FollowerState.java:run(143)) - 2dee7481-997e-4819-9eb0-c9795558e67b@group-FB14A4985CFD-FollowerState was interrupted: {}
java.lang.InterruptedException: sleep interrupted
	at java.lang.Thread.sleep(Native Method)
	at java.lang.Thread.sleep(Thread.java:342)
	at java.util.concurrent.TimeUnit.sleep(TimeUnit.java:386)
	at org.apache.ratis.util.TimeDuration.sleep(TimeDuration.java:324)
	at org.apache.ratis.util.TimeDuration.sleep(TimeDuration.java:309)
	at org.apache.ratis.server.impl.FollowerState.run(FollowerState.java:118)
2022-05-15 13:43:37,694 [grpc-default-executor-0] INFO  server.RaftServer$Division (RaftServerImpl.java:requestVote(1046)) - 2225bdd7-82df-4a59-8045-7d84ab374bd3@group-FB14A4985CFD: receive requestVote(ELECTION, 0d3cae59-4282-4496-a4e1-90b2fca61e2c, group-FB14A4985CFD, 1, (t:0, i:0))
2022-05-15 13:43:37,694 [grpc-default-executor-0] INFO  impl.VoteContext (VoteContext.java:log(48)) - 2225bdd7-82df-4a59-8045-7d84ab374bd3@group-FB14A4985CFD-FOLLOWER: accept ELECTION from 0d3cae59-4282-4496-a4e1-90b2fca61e2c: our priority 0 <= candidate's priority 0
2022-05-15 13:43:37,694 [grpc-default-executor-0] INFO  server.RaftServer$Division (RaftServerImpl.java:setRole(290)) - 2225bdd7-82df-4a59-8045-7d84ab374bd3@group-FB14A4985CFD: changes role from  FOLLOWER to FOLLOWER at term 1 for candidate:0d3cae59-4282-4496-a4e1-90b2fca61e2c
2022-05-15 13:43:37,694 [grpc-default-executor-0] INFO  impl.RoleInfo (RoleInfo.java:shutdownFollowerState(108)) - 2225bdd7-82df-4a59-8045-7d84ab374bd3: shutdown 2225bdd7-82df-4a59-8045-7d84ab374bd3@group-FB14A4985CFD-FollowerState
2022-05-15 13:43:37,694 [grpc-default-executor-0] INFO  impl.RoleInfo (RoleInfo.java:updateAndGet(130)) - 2225bdd7-82df-4a59-8045-7d84ab374bd3: start 2225bdd7-82df-4a59-8045-7d84ab374bd3@group-FB14A4985CFD-FollowerState
2022-05-15 13:43:37,694 [2225bdd7-82df-4a59-8045-7d84ab374bd3@group-FB14A4985CFD-FollowerState] INFO  impl.FollowerState (FollowerState.java:run(143)) - 2225bdd7-82df-4a59-8045-7d84ab374bd3@group-FB14A4985CFD-FollowerState was interrupted: {}
java.lang.InterruptedException: sleep interrupted
	at java.lang.Thread.sleep(Native Method)
	at java.lang.Thread.sleep(Thread.java:342)
	at java.util.concurrent.TimeUnit.sleep(TimeUnit.java:386)
	at org.apache.ratis.util.TimeDuration.sleep(TimeDuration.java:324)
	at org.apache.ratis.util.TimeDuration.sleep(TimeDuration.java:309)
	at org.apache.ratis.server.impl.FollowerState.run(FollowerState.java:118)
2022-05-15 13:43:37,695 [grpc-default-executor-2] INFO  server.RaftServer$Division (RaftServerImpl.java:requestVote(1078)) - 2dee7481-997e-4819-9eb0-c9795558e67b@group-FB14A4985CFD replies to ELECTION vote request: 0d3cae59-4282-4496-a4e1-90b2fca61e2c<-2dee7481-997e-4819-9eb0-c9795558e67b#0:FAIL-t1. Peer's state: 2dee7481-997e-4819-9eb0-c9795558e67b@group-FB14A4985CFD:t1, leader=null, voted=null, raftlog=2dee7481-997e-4819-9eb0-c9795558e67b@group-FB14A4985CFD-SegmentedRaftLog:OPENED:c-1, conf=-1: [0d3cae59-4282-4496-a4e1-90b2fca61e2c|rpc:10.1.0.20:45501|dataStream:|priority:0, 2dee7481-997e-4819-9eb0-c9795558e67b|rpc:10.1.0.20:44031|dataStream:|priority:1, 2225bdd7-82df-4a59-8045-7d84ab374bd3|rpc:10.1.0.20:39819|dataStream:|priority:0], old=null
2022-05-15 13:43:37,708 [0d3cae59-4282-4496-a4e1-90b2fca61e2c@group-FB14A4985CFD-LeaderElection80] INFO  impl.LeaderElection (LeaderElection.java:logAndReturn(89)) - 0d3cae59-4282-4496-a4e1-90b2fca61e2c@group-FB14A4985CFD-LeaderElection80: ELECTION REJECTED received 1 response(s) and 0 exception(s):
2022-05-15 13:43:37,708 [0d3cae59-4282-4496-a4e1-90b2fca61e2c@group-FB14A4985CFD-LeaderElection80] INFO  impl.LeaderElection (LeaderElection.java:logAndReturn(93)) -   Response 0: 0d3cae59-4282-4496-a4e1-90b2fca61e2c<-2dee7481-997e-4819-9eb0-c9795558e67b#0:FAIL-t1
2022-05-15 13:43:37,708 [0d3cae59-4282-4496-a4e1-90b2fca61e2c@group-FB14A4985CFD-LeaderElection80] INFO  impl.LeaderElection (LeaderElection.java:askForVotes(308)) - 0d3cae59-4282-4496-a4e1-90b2fca61e2c@group-FB14A4985CFD-LeaderElection80 ELECTION round 0: result REJECTED
2022-05-15 13:43:37,708 [0d3cae59-4282-4496-a4e1-90b2fca61e2c@group-FB14A4985CFD-LeaderElection80] INFO  server.RaftServer$Division (RaftServerImpl.java:setRole(290)) - 0d3cae59-4282-4496-a4e1-90b2fca61e2c@group-FB14A4985CFD: changes role from CANDIDATE to FOLLOWER at term 1 for REJECTED
2022-05-15 13:43:37,708 [0d3cae59-4282-4496-a4e1-90b2fca61e2c@group-FB14A4985CFD-LeaderElection80] INFO  impl.RoleInfo (RoleInfo.java:shutdownLeaderElection(121)) - 0d3cae59-4282-4496-a4e1-90b2fca61e2c: shutdown 0d3cae59-4282-4496-a4e1-90b2fca61e2c@group-FB14A4985CFD-LeaderElection80
2022-05-15 13:43:37,708 [0d3cae59-4282-4496-a4e1-90b2fca61e2c@group-FB14A4985CFD-LeaderElection80] INFO  impl.RoleInfo (RoleInfo.java:updateAndGet(130)) - 0d3cae59-4282-4496-a4e1-90b2fca61e2c: start 0d3cae59-4282-4496-a4e1-90b2fca61e2c@group-FB14A4985CFD-FollowerState
2022-05-15 13:43:37,709 [grpc-default-executor-0] INFO  server.RaftServer$Division (RaftServerImpl.java:requestVote(1078)) - 2225bdd7-82df-4a59-8045-7d84ab374bd3@group-FB14A4985CFD replies to ELECTION vote request: 0d3cae59-4282-4496-a4e1-90b2fca61e2c<-2225bdd7-82df-4a59-8045-7d84ab374bd3#0:OK-t1. Peer's state: 2225bdd7-82df-4a59-8045-7d84ab374bd3@group-FB14A4985CFD:t1, leader=null, voted=0d3cae59-4282-4496-a4e1-90b2fca61e2c, raftlog=2225bdd7-82df-4a59-8045-7d84ab374bd3@group-FB14A4985CFD-SegmentedRaftLog:OPENED:c-1, conf=-1: [0d3cae59-4282-4496-a4e1-90b2fca61e2c|rpc:10.1.0.20:45501|dataStream:|priority:0, 2dee7481-997e-4819-9eb0-c9795558e67b|rpc:10.1.0.20:44031|dataStream:|priority:1, 2225bdd7-82df-4a59-8045-7d84ab374bd3|rpc:10.1.0.20:39819|dataStream:|priority:0], old=null
2022-05-15 13:43:37,898 [Listener at 127.0.0.1/40095] INFO  ozone.MiniOzoneClusterImpl (MiniOzoneClusterImpl.java:lambda$waitForClusterToBeReady$0(221)) - Nodes are ready. Got 3 of 3 DN Heartbeats.
2022-05-15 13:43:37,898 [Listener at 127.0.0.1/40095] INFO  ozone.MiniOzoneClusterImpl (MiniOzoneClusterImpl.java:lambda$waitForClusterToBeReady$0(224)) - Waiting for cluster to exit safe mode
2022-05-15 13:43:37,899 [Listener at 127.0.0.1/40095] INFO  ozone.MiniOzoneClusterImpl (MiniOzoneClusterImpl.java:lambda$waitForClusterToBeReady$0(226)) - SCM became leader
2022-05-15 13:43:38,063 [2dee7481-997e-4819-9eb0-c9795558e67b@group-FA98F6803DFC-FollowerState] INFO  impl.FollowerState (FollowerState.java:run(134)) - 2dee7481-997e-4819-9eb0-c9795558e67b@group-FA98F6803DFC-FollowerState: change to CANDIDATE, lastRpcElapsedTime:5118904628ns, electionTimeout:5118ms
2022-05-15 13:43:38,063 [2dee7481-997e-4819-9eb0-c9795558e67b@group-FA98F6803DFC-FollowerState] INFO  impl.RoleInfo (RoleInfo.java:shutdownFollowerState(108)) - 2dee7481-997e-4819-9eb0-c9795558e67b: shutdown 2dee7481-997e-4819-9eb0-c9795558e67b@group-FA98F6803DFC-FollowerState
2022-05-15 13:43:38,063 [2dee7481-997e-4819-9eb0-c9795558e67b@group-FA98F6803DFC-FollowerState] INFO  server.RaftServer$Division (RaftServerImpl.java:setRole(290)) - 2dee7481-997e-4819-9eb0-c9795558e67b@group-FA98F6803DFC: changes role from  FOLLOWER to CANDIDATE at term 0 for changeToCandidate
2022-05-15 13:43:38,063 [2dee7481-997e-4819-9eb0-c9795558e67b@group-FA98F6803DFC-FollowerState] INFO  server.RaftServerConfigKeys (ConfUtils.java:logGet(44)) - raft.server.leaderelection.pre-vote = false (custom)
2022-05-15 13:43:38,063 [2dee7481-997e-4819-9eb0-c9795558e67b@group-FA98F6803DFC-FollowerState] INFO  impl.RoleInfo (RoleInfo.java:updateAndGet(130)) - 2dee7481-997e-4819-9eb0-c9795558e67b: start 2dee7481-997e-4819-9eb0-c9795558e67b@group-FA98F6803DFC-LeaderElection81
2022-05-15 13:43:38,110 [2dee7481-997e-4819-9eb0-c9795558e67b@group-FA98F6803DFC-LeaderElection81] INFO  impl.LeaderElection (LeaderElection.java:askForVotes(306)) - 2dee7481-997e-4819-9eb0-c9795558e67b@group-FA98F6803DFC-LeaderElection81 ELECTION round 0: submit vote requests at term 1 for -1: [2dee7481-997e-4819-9eb0-c9795558e67b|rpc:10.1.0.20:44031|priority:1], old=null
2022-05-15 13:43:38,110 [2dee7481-997e-4819-9eb0-c9795558e67b@group-FA98F6803DFC-LeaderElection81] INFO  impl.LeaderElection (LeaderElection.java:askForVotes(308)) - 2dee7481-997e-4819-9eb0-c9795558e67b@group-FA98F6803DFC-LeaderElection81 ELECTION round 0: result PASSED (term=1)
2022-05-15 13:43:38,110 [2dee7481-997e-4819-9eb0-c9795558e67b@group-FA98F6803DFC-LeaderElection81] INFO  impl.RoleInfo (RoleInfo.java:shutdownLeaderElection(121)) - 2dee7481-997e-4819-9eb0-c9795558e67b: shutdown 2dee7481-997e-4819-9eb0-c9795558e67b@group-FA98F6803DFC-LeaderElection81
2022-05-15 13:43:38,110 [2dee7481-997e-4819-9eb0-c9795558e67b@group-FA98F6803DFC-LeaderElection81] INFO  server.RaftServer$Division (RaftServerImpl.java:setRole(290)) - 2dee7481-997e-4819-9eb0-c9795558e67b@group-FA98F6803DFC: changes role from CANDIDATE to LEADER at term 1 for changeToLeader
2022-05-15 13:43:38,111 [2dee7481-997e-4819-9eb0-c9795558e67b@group-FA98F6803DFC-LeaderElection81] INFO  ratis.XceiverServerRatis (XceiverServerRatis.java:handleLeaderChangedNotification(863)) - Leader change notification received for group: group-FA98F6803DFC with new leaderId: 2dee7481-997e-4819-9eb0-c9795558e67b
2022-05-15 13:43:38,111 [2dee7481-997e-4819-9eb0-c9795558e67b@group-FA98F6803DFC-LeaderElection81] INFO  server.RaftServer$Division (ServerState.java:setLeader(285)) - 2dee7481-997e-4819-9eb0-c9795558e67b@group-FA98F6803DFC: change Leader from null to 2dee7481-997e-4819-9eb0-c9795558e67b at term 1 for becomeLeader, leader elected after 5184ms
2022-05-15 13:43:38,111 [2dee7481-997e-4819-9eb0-c9795558e67b@group-FA98F6803DFC-LeaderElection81] INFO  server.RaftServerConfigKeys (ConfUtils.java:logGet(44)) - raft.server.staging.catchup.gap = 1000 (default)
2022-05-15 13:43:38,111 [2dee7481-997e-4819-9eb0-c9795558e67b@group-FA98F6803DFC-LeaderElection81] INFO  server.RaftServerConfigKeys (ConfUtils.java:logGet(44)) - raft.server.write.element-limit = 1024 (custom)
2022-05-15 13:43:38,111 [2dee7481-997e-4819-9eb0-c9795558e67b@group-FA98F6803DFC-LeaderElection81] INFO  server.RaftServerConfigKeys (ConfUtils.java:logGet(44)) - raft.server.write.byte-limit = 1024 M (=1073741824) (custom)
2022-05-15 13:43:38,111 [2dee7481-997e-4819-9eb0-c9795558e67b@group-FA98F6803DFC-LeaderElection81] INFO  server.RaftServerConfigKeys (ConfUtils.java:logGet(44)) - raft.server.watch.timeout = 180s (custom)
2022-05-15 13:43:38,111 [2dee7481-997e-4819-9eb0-c9795558e67b@group-FA98F6803DFC-LeaderElection81] INFO  server.RaftServerConfigKeys (ConfUtils.java:logGet(44)) - raft.server.watch.timeout.denomination = 1s (default)
2022-05-15 13:43:38,111 [2dee7481-997e-4819-9eb0-c9795558e67b@group-FA98F6803DFC-LeaderElection81] INFO  server.RaftServerConfigKeys (ConfUtils.java:logGet(44)) - raft.server.watch.element-limit = 65536 (default)
2022-05-15 13:43:38,111 [2dee7481-997e-4819-9eb0-c9795558e67b@group-FA98F6803DFC-LeaderElection81] INFO  server.RaftServerConfigKeys (ConfUtils.java:logGet(44)) - raft.server.write.element-limit = 1024 (custom)
2022-05-15 13:43:38,112 [2dee7481-997e-4819-9eb0-c9795558e67b@group-FA98F6803DFC-LeaderElection81] INFO  server.RaftServerConfigKeys (ConfUtils.java:logGet(44)) - raft.server.write.follower.gap.ratio.max = -1.0 (default)
2022-05-15 13:43:38,112 [2dee7481-997e-4819-9eb0-c9795558e67b@group-FA98F6803DFC-LeaderElection81] INFO  impl.RoleInfo (RoleInfo.java:updateAndGet(130)) - 2dee7481-997e-4819-9eb0-c9795558e67b: start 2dee7481-997e-4819-9eb0-c9795558e67b@group-FA98F6803DFC-LeaderStateImpl
2022-05-15 13:43:38,112 [2dee7481-997e-4819-9eb0-c9795558e67b@group-FA98F6803DFC-LeaderElection81] INFO  segmented.SegmentedRaftLogWorker (SegmentedRaftLogWorker.java:startLogSegment(394)) - 2dee7481-997e-4819-9eb0-c9795558e67b@group-FA98F6803DFC-SegmentedRaftLogWorker: Starting segment from index:0
2022-05-15 13:43:38,113 [2dee7481-997e-4819-9eb0-c9795558e67b@group-FA98F6803DFC-SegmentedRaftLogWorker] INFO  segmented.SegmentedRaftLogWorker (SegmentedRaftLogWorker.java:execute(601)) - 2dee7481-997e-4819-9eb0-c9795558e67b@group-FA98F6803DFC-SegmentedRaftLogWorker: created new log segment /home/runner/work/ozone/ozone/hadoop-ozone/integration-test/target/test-dir/MiniOzoneClusterImpl-84148938-d4e7-44f7-8424-958744cac302/datanode-1/data/ratis/4144ab6e-0423-451d-b650-fa98f6803dfc/current/log_inprogress_0
2022-05-15 13:43:38,114 [EventQueue-OpenPipelineForHealthyPipelineSafeModeRule] INFO  safemode.SCMSafeModeManager (HealthyPipelineSafeModeRule.java:process(124)) - SCM in safe mode. Healthy pipelines reported count is 0, required healthy pipeline reported count is 1
2022-05-15 13:43:38,124 [2dee7481-997e-4819-9eb0-c9795558e67b@group-FA98F6803DFC-LeaderElection81] INFO  server.RaftServer$Division (ServerState.java:setRaftConf(387)) - 2dee7481-997e-4819-9eb0-c9795558e67b@group-FA98F6803DFC: set configuration 0: [2dee7481-997e-4819-9eb0-c9795558e67b|rpc:10.1.0.20:44031|dataStream:|priority:1], old=null
2022-05-15 13:43:38,899 [Listener at 127.0.0.1/40095] INFO  ozone.MiniOzoneClusterImpl (MiniOzoneClusterImpl.java:lambda$waitForClusterToBeReady$0(221)) - Nodes are ready. Got 3 of 3 DN Heartbeats.
2022-05-15 13:43:38,899 [Listener at 127.0.0.1/40095] INFO  ozone.MiniOzoneClusterImpl (MiniOzoneClusterImpl.java:lambda$waitForClusterToBeReady$0(224)) - Waiting for cluster to exit safe mode
2022-05-15 13:43:38,899 [Listener at 127.0.0.1/40095] INFO  ozone.MiniOzoneClusterImpl (MiniOzoneClusterImpl.java:lambda$waitForClusterToBeReady$0(226)) - SCM became leader
2022-05-15 13:43:39,178 [2225bdd7-82df-4a59-8045-7d84ab374bd3@group-E4A98B788E48-FollowerState] INFO  impl.FollowerState (FollowerState.java:run(134)) - 2225bdd7-82df-4a59-8045-7d84ab374bd3@group-E4A98B788E48-FollowerState: change to CANDIDATE, lastRpcElapsedTime:5089617745ns, electionTimeout:5038ms
2022-05-15 13:43:39,178 [2225bdd7-82df-4a59-8045-7d84ab374bd3@group-E4A98B788E48-FollowerState] INFO  impl.RoleInfo (RoleInfo.java:shutdownFollowerState(108)) - 2225bdd7-82df-4a59-8045-7d84ab374bd3: shutdown 2225bdd7-82df-4a59-8045-7d84ab374bd3@group-E4A98B788E48-FollowerState
2022-05-15 13:43:39,179 [2225bdd7-82df-4a59-8045-7d84ab374bd3@group-E4A98B788E48-FollowerState] INFO  server.RaftServer$Division (RaftServerImpl.java:setRole(290)) - 2225bdd7-82df-4a59-8045-7d84ab374bd3@group-E4A98B788E48: changes role from  FOLLOWER to CANDIDATE at term 0 for changeToCandidate
2022-05-15 13:43:39,179 [2225bdd7-82df-4a59-8045-7d84ab374bd3@group-E4A98B788E48-FollowerState] INFO  server.RaftServerConfigKeys (ConfUtils.java:logGet(44)) - raft.server.leaderelection.pre-vote = false (custom)
2022-05-15 13:43:39,179 [2225bdd7-82df-4a59-8045-7d84ab374bd3@group-E4A98B788E48-FollowerState] INFO  impl.RoleInfo (RoleInfo.java:updateAndGet(130)) - 2225bdd7-82df-4a59-8045-7d84ab374bd3: start 2225bdd7-82df-4a59-8045-7d84ab374bd3@group-E4A98B788E48-LeaderElection82
2022-05-15 13:43:39,211 [2225bdd7-82df-4a59-8045-7d84ab374bd3@group-E4A98B788E48-LeaderElection82] INFO  impl.LeaderElection (LeaderElection.java:askForVotes(306)) - 2225bdd7-82df-4a59-8045-7d84ab374bd3@group-E4A98B788E48-LeaderElection82 ELECTION round 0: submit vote requests at term 1 for -1: [2225bdd7-82df-4a59-8045-7d84ab374bd3|rpc:10.1.0.20:39819|priority:1], old=null
2022-05-15 13:43:39,212 [2225bdd7-82df-4a59-8045-7d84ab374bd3@group-E4A98B788E48-LeaderElection82] INFO  impl.LeaderElection (LeaderElection.java:askForVotes(308)) - 2225bdd7-82df-4a59-8045-7d84ab374bd3@group-E4A98B788E48-LeaderElection82 ELECTION round 0: result PASSED (term=1)
2022-05-15 13:43:39,212 [2225bdd7-82df-4a59-8045-7d84ab374bd3@group-E4A98B788E48-LeaderElection82] INFO  impl.RoleInfo (RoleInfo.java:shutdownLeaderElection(121)) - 2225bdd7-82df-4a59-8045-7d84ab374bd3: shutdown 2225bdd7-82df-4a59-8045-7d84ab374bd3@group-E4A98B788E48-LeaderElection82
2022-05-15 13:43:39,212 [2225bdd7-82df-4a59-8045-7d84ab374bd3@group-E4A98B788E48-LeaderElection82] INFO  server.RaftServer$Division (RaftServerImpl.java:setRole(290)) - 2225bdd7-82df-4a59-8045-7d84ab374bd3@group-E4A98B788E48: changes role from CANDIDATE to LEADER at term 1 for changeToLeader
2022-05-15 13:43:39,212 [2225bdd7-82df-4a59-8045-7d84ab374bd3@group-E4A98B788E48-LeaderElection82] INFO  ratis.XceiverServerRatis (XceiverServerRatis.java:handleLeaderChangedNotification(863)) - Leader change notification received for group: group-E4A98B788E48 with new leaderId: 2225bdd7-82df-4a59-8045-7d84ab374bd3
2022-05-15 13:43:39,213 [EventQueue-OpenPipelineForHealthyPipelineSafeModeRule] INFO  safemode.SCMSafeModeManager (HealthyPipelineSafeModeRule.java:process(124)) - SCM in safe mode. Healthy pipelines reported count is 0, required healthy pipeline reported count is 1
2022-05-15 13:43:39,217 [2225bdd7-82df-4a59-8045-7d84ab374bd3@group-E4A98B788E48-LeaderElection82] INFO  server.RaftServer$Division (ServerState.java:setLeader(285)) - 2225bdd7-82df-4a59-8045-7d84ab374bd3@group-E4A98B788E48: change Leader from null to 2225bdd7-82df-4a59-8045-7d84ab374bd3 at term 1 for becomeLeader, leader elected after 5130ms
2022-05-15 13:43:39,217 [2225bdd7-82df-4a59-8045-7d84ab374bd3@group-E4A98B788E48-LeaderElection82] INFO  server.RaftServerConfigKeys (ConfUtils.java:logGet(44)) - raft.server.staging.catchup.gap = 1000 (default)
2022-05-15 13:43:39,217 [2225bdd7-82df-4a59-8045-7d84ab374bd3@group-E4A98B788E48-LeaderElection82] INFO  server.RaftServerConfigKeys (ConfUtils.java:logGet(44)) - raft.server.write.element-limit = 1024 (custom)
2022-05-15 13:43:39,217 [2225bdd7-82df-4a59-8045-7d84ab374bd3@group-E4A98B788E48-LeaderElection82] INFO  server.RaftServerConfigKeys (ConfUtils.java:logGet(44)) - raft.server.write.byte-limit = 1024 M (=1073741824) (custom)
2022-05-15 13:43:39,217 [2225bdd7-82df-4a59-8045-7d84ab374bd3@group-E4A98B788E48-LeaderElection82] INFO  server.RaftServerConfigKeys (ConfUtils.java:logGet(44)) - raft.server.watch.timeout = 180s (custom)
2022-05-15 13:43:39,217 [2225bdd7-82df-4a59-8045-7d84ab374bd3@group-E4A98B788E48-LeaderElection82] INFO  server.RaftServerConfigKeys (ConfUtils.java:logGet(44)) - raft.server.watch.timeout.denomination = 1s (default)
2022-05-15 13:43:39,217 [2225bdd7-82df-4a59-8045-7d84ab374bd3@group-E4A98B788E48-LeaderElection82] INFO  server.RaftServerConfigKeys (ConfUtils.java:logGet(44)) - raft.server.watch.element-limit = 65536 (default)
2022-05-15 13:43:39,219 [2225bdd7-82df-4a59-8045-7d84ab374bd3@group-E4A98B788E48-LeaderElection82] INFO  server.RaftServerConfigKeys (ConfUtils.java:logGet(44)) - raft.server.write.element-limit = 1024 (custom)
2022-05-15 13:43:39,219 [2225bdd7-82df-4a59-8045-7d84ab374bd3@group-E4A98B788E48-LeaderElection82] INFO  server.RaftServerConfigKeys (ConfUtils.java:logGet(44)) - raft.server.write.follower.gap.ratio.max = -1.0 (default)
2022-05-15 13:43:39,219 [2225bdd7-82df-4a59-8045-7d84ab374bd3@group-E4A98B788E48-LeaderElection82] INFO  impl.RoleInfo (RoleInfo.java:updateAndGet(130)) - 2225bdd7-82df-4a59-8045-7d84ab374bd3: start 2225bdd7-82df-4a59-8045-7d84ab374bd3@group-E4A98B788E48-LeaderStateImpl
2022-05-15 13:43:39,220 [2225bdd7-82df-4a59-8045-7d84ab374bd3@group-E4A98B788E48-LeaderElection82] INFO  segmented.SegmentedRaftLogWorker (SegmentedRaftLogWorker.java:startLogSegment(394)) - 2225bdd7-82df-4a59-8045-7d84ab374bd3@group-E4A98B788E48-SegmentedRaftLogWorker: Starting segment from index:0
2022-05-15 13:43:39,221 [2225bdd7-82df-4a59-8045-7d84ab374bd3@group-E4A98B788E48-SegmentedRaftLogWorker] INFO  segmented.SegmentedRaftLogWorker (SegmentedRaftLogWorker.java:execute(601)) - 2225bdd7-82df-4a59-8045-7d84ab374bd3@group-E4A98B788E48-SegmentedRaftLogWorker: created new log segment /home/runner/work/ozone/ozone/hadoop-ozone/integration-test/target/test-dir/MiniOzoneClusterImpl-84148938-d4e7-44f7-8424-958744cac302/datanode-2/data/ratis/38e491e0-917d-4916-9fde-e4a98b788e48/current/log_inprogress_0
2022-05-15 13:43:39,234 [2225bdd7-82df-4a59-8045-7d84ab374bd3@group-E4A98B788E48-LeaderElection82] INFO  server.RaftServer$Division (ServerState.java:setRaftConf(387)) - 2225bdd7-82df-4a59-8045-7d84ab374bd3@group-E4A98B788E48: set configuration 0: [2225bdd7-82df-4a59-8045-7d84ab374bd3|rpc:10.1.0.20:39819|dataStream:|priority:1], old=null
2022-05-15 13:43:39,906 [Listener at 127.0.0.1/40095] INFO  ozone.MiniOzoneClusterImpl (MiniOzoneClusterImpl.java:lambda$waitForClusterToBeReady$0(221)) - Nodes are ready. Got 3 of 3 DN Heartbeats.
2022-05-15 13:43:39,906 [Listener at 127.0.0.1/40095] INFO  ozone.MiniOzoneClusterImpl (MiniOzoneClusterImpl.java:lambda$waitForClusterToBeReady$0(224)) - Waiting for cluster to exit safe mode
2022-05-15 13:43:39,906 [Listener at 127.0.0.1/40095] INFO  ozone.MiniOzoneClusterImpl (MiniOzoneClusterImpl.java:lambda$waitForClusterToBeReady$0(226)) - SCM became leader
2022-05-15 13:43:40,907 [Listener at 127.0.0.1/40095] INFO  ozone.MiniOzoneClusterImpl (MiniOzoneClusterImpl.java:lambda$waitForClusterToBeReady$0(221)) - Nodes are ready. Got 3 of 3 DN Heartbeats.
2022-05-15 13:43:40,908 [Listener at 127.0.0.1/40095] INFO  ozone.MiniOzoneClusterImpl (MiniOzoneClusterImpl.java:lambda$waitForClusterToBeReady$0(224)) - Waiting for cluster to exit safe mode
2022-05-15 13:43:40,908 [Listener at 127.0.0.1/40095] INFO  ozone.MiniOzoneClusterImpl (MiniOzoneClusterImpl.java:lambda$waitForClusterToBeReady$0(226)) - SCM became leader
2022-05-15 13:43:41,908 [Listener at 127.0.0.1/40095] INFO  ozone.MiniOzoneClusterImpl (MiniOzoneClusterImpl.java:lambda$waitForClusterToBeReady$0(221)) - Nodes are ready. Got 3 of 3 DN Heartbeats.
2022-05-15 13:43:41,908 [Listener at 127.0.0.1/40095] INFO  ozone.MiniOzoneClusterImpl (MiniOzoneClusterImpl.java:lambda$waitForClusterToBeReady$0(224)) - Waiting for cluster to exit safe mode
2022-05-15 13:43:41,908 [Listener at 127.0.0.1/40095] INFO  ozone.MiniOzoneClusterImpl (MiniOzoneClusterImpl.java:lambda$waitForClusterToBeReady$0(226)) - SCM became leader
2022-05-15 13:43:42,442 [2dee7481-997e-4819-9eb0-c9795558e67b@group-C79F83506AAA-FollowerState] INFO  impl.FollowerState (FollowerState.java:run(134)) - 2dee7481-997e-4819-9eb0-c9795558e67b@group-C79F83506AAA-FollowerState: change to CANDIDATE, lastRpcElapsedTime:5046838980ns, electionTimeout:5018ms
2022-05-15 13:43:42,442 [2dee7481-997e-4819-9eb0-c9795558e67b@group-C79F83506AAA-FollowerState] INFO  impl.RoleInfo (RoleInfo.java:shutdownFollowerState(108)) - 2dee7481-997e-4819-9eb0-c9795558e67b: shutdown 2dee7481-997e-4819-9eb0-c9795558e67b@group-C79F83506AAA-FollowerState
2022-05-15 13:43:42,442 [2dee7481-997e-4819-9eb0-c9795558e67b@group-C79F83506AAA-FollowerState] INFO  server.RaftServer$Division (RaftServerImpl.java:setRole(290)) - 2dee7481-997e-4819-9eb0-c9795558e67b@group-C79F83506AAA: changes role from  FOLLOWER to CANDIDATE at term 1 for changeToCandidate
2022-05-15 13:43:42,443 [2dee7481-997e-4819-9eb0-c9795558e67b@group-C79F83506AAA-FollowerState] INFO  server.RaftServerConfigKeys (ConfUtils.java:logGet(44)) - raft.server.leaderelection.pre-vote = false (custom)
2022-05-15 13:43:42,443 [2dee7481-997e-4819-9eb0-c9795558e67b@group-C79F83506AAA-FollowerState] INFO  impl.RoleInfo (RoleInfo.java:updateAndGet(130)) - 2dee7481-997e-4819-9eb0-c9795558e67b: start 2dee7481-997e-4819-9eb0-c9795558e67b@group-C79F83506AAA-LeaderElection83
2022-05-15 13:43:42,459 [2dee7481-997e-4819-9eb0-c9795558e67b@group-C79F83506AAA-LeaderElection83] INFO  impl.LeaderElection (LeaderElection.java:askForVotes(306)) - 2dee7481-997e-4819-9eb0-c9795558e67b@group-C79F83506AAA-LeaderElection83 ELECTION round 0: submit vote requests at term 2 for -1: [0d3cae59-4282-4496-a4e1-90b2fca61e2c|rpc:10.1.0.20:45501|dataStream:|priority:0, 2dee7481-997e-4819-9eb0-c9795558e67b|rpc:10.1.0.20:44031|dataStream:|priority:0, 2225bdd7-82df-4a59-8045-7d84ab374bd3|rpc:10.1.0.20:39819|dataStream:|priority:1], old=null
2022-05-15 13:43:42,466 [0d3cae59-4282-4496-a4e1-90b2fca61e2c@group-C79F83506AAA-FollowerState] INFO  impl.FollowerState (FollowerState.java:run(134)) - 0d3cae59-4282-4496-a4e1-90b2fca61e2c@group-C79F83506AAA-FollowerState: change to CANDIDATE, lastRpcElapsedTime:5163499288ns, electionTimeout:5163ms
2022-05-15 13:43:42,466 [0d3cae59-4282-4496-a4e1-90b2fca61e2c@group-C79F83506AAA-FollowerState] INFO  impl.RoleInfo (RoleInfo.java:shutdownFollowerState(108)) - 0d3cae59-4282-4496-a4e1-90b2fca61e2c: shutdown 0d3cae59-4282-4496-a4e1-90b2fca61e2c@group-C79F83506AAA-FollowerState
2022-05-15 13:43:42,466 [0d3cae59-4282-4496-a4e1-90b2fca61e2c@group-C79F83506AAA-FollowerState] INFO  server.RaftServer$Division (RaftServerImpl.java:setRole(290)) - 0d3cae59-4282-4496-a4e1-90b2fca61e2c@group-C79F83506AAA: changes role from  FOLLOWER to CANDIDATE at term 1 for changeToCandidate
2022-05-15 13:43:42,487 [0d3cae59-4282-4496-a4e1-90b2fca61e2c@group-C79F83506AAA-FollowerState] INFO  server.RaftServerConfigKeys (ConfUtils.java:logGet(44)) - raft.server.leaderelection.pre-vote = false (custom)
2022-05-15 13:43:42,487 [0d3cae59-4282-4496-a4e1-90b2fca61e2c@group-C79F83506AAA-FollowerState] INFO  impl.RoleInfo (RoleInfo.java:updateAndGet(130)) - 0d3cae59-4282-4496-a4e1-90b2fca61e2c: start 0d3cae59-4282-4496-a4e1-90b2fca61e2c@group-C79F83506AAA-LeaderElection84
2022-05-15 13:43:42,489 [grpc-default-executor-0] INFO  server.RaftServer$Division (RaftServerImpl.java:requestVote(1046)) - 0d3cae59-4282-4496-a4e1-90b2fca61e2c@group-C79F83506AAA: receive requestVote(ELECTION, 2dee7481-997e-4819-9eb0-c9795558e67b, group-C79F83506AAA, 2, (t:0, i:0))
2022-05-15 13:43:42,498 [grpc-default-executor-2] INFO  server.RaftServer$Division (RaftServerImpl.java:requestVote(1046)) - 2225bdd7-82df-4a59-8045-7d84ab374bd3@group-C79F83506AAA: receive requestVote(ELECTION, 2dee7481-997e-4819-9eb0-c9795558e67b, group-C79F83506AAA, 2, (t:0, i:0))
2022-05-15 13:43:42,498 [grpc-default-executor-2] INFO  impl.VoteContext (VoteContext.java:log(48)) - 2225bdd7-82df-4a59-8045-7d84ab374bd3@group-C79F83506AAA-FOLLOWER: reject ELECTION from 2dee7481-997e-4819-9eb0-c9795558e67b: our priority 1 > candidate's priority 0
2022-05-15 13:43:42,498 [grpc-default-executor-2] INFO  server.RaftServer$Division (RaftServerImpl.java:setRole(290)) - 2225bdd7-82df-4a59-8045-7d84ab374bd3@group-C79F83506AAA: changes role from  FOLLOWER to FOLLOWER at term 2 for candidate:2dee7481-997e-4819-9eb0-c9795558e67b
2022-05-15 13:43:42,498 [grpc-default-executor-2] INFO  impl.RoleInfo (RoleInfo.java:shutdownFollowerState(108)) - 2225bdd7-82df-4a59-8045-7d84ab374bd3: shutdown 2225bdd7-82df-4a59-8045-7d84ab374bd3@group-C79F83506AAA-FollowerState
2022-05-15 13:43:42,518 [grpc-default-executor-2] INFO  impl.RoleInfo (RoleInfo.java:updateAndGet(130)) - 2225bdd7-82df-4a59-8045-7d84ab374bd3: start 2225bdd7-82df-4a59-8045-7d84ab374bd3@group-C79F83506AAA-FollowerState
2022-05-15 13:43:42,519 [grpc-default-executor-0] INFO  impl.VoteContext (VoteContext.java:log(48)) - 0d3cae59-4282-4496-a4e1-90b2fca61e2c@group-C79F83506AAA-CANDIDATE: accept ELECTION from 2dee7481-997e-4819-9eb0-c9795558e67b: our priority 0 <= candidate's priority 0
2022-05-15 13:43:42,519 [grpc-default-executor-0] INFO  server.RaftServer$Division (RaftServerImpl.java:setRole(290)) - 0d3cae59-4282-4496-a4e1-90b2fca61e2c@group-C79F83506AAA: changes role from CANDIDATE to FOLLOWER at term 2 for candidate:2dee7481-997e-4819-9eb0-c9795558e67b
2022-05-15 13:43:42,519 [grpc-default-executor-0] INFO  impl.RoleInfo (RoleInfo.java:shutdownLeaderElection(121)) - 0d3cae59-4282-4496-a4e1-90b2fca61e2c: shutdown 0d3cae59-4282-4496-a4e1-90b2fca61e2c@group-C79F83506AAA-LeaderElection84
2022-05-15 13:43:42,519 [2225bdd7-82df-4a59-8045-7d84ab374bd3@group-C79F83506AAA-FollowerState] INFO  impl.FollowerState (FollowerState.java:run(143)) - 2225bdd7-82df-4a59-8045-7d84ab374bd3@group-C79F83506AAA-FollowerState was interrupted: {}
java.lang.InterruptedException: sleep interrupted
	at java.lang.Thread.sleep(Native Method)
	at java.lang.Thread.sleep(Thread.java:342)
	at java.util.concurrent.TimeUnit.sleep(TimeUnit.java:386)
	at org.apache.ratis.util.TimeDuration.sleep(TimeDuration.java:324)
	at org.apache.ratis.util.TimeDuration.sleep(TimeDuration.java:309)
	at org.apache.ratis.server.impl.FollowerState.run(FollowerState.java:118)
2022-05-15 13:43:42,519 [0d3cae59-4282-4496-a4e1-90b2fca61e2c@group-C79F83506AAA-LeaderElection84] INFO  impl.LeaderElection (LeaderElection.java:run(230)) - 0d3cae59-4282-4496-a4e1-90b2fca61e2c@group-C79F83506AAA-LeaderElection84: skip running since this is already CLOSING
2022-05-15 13:43:42,524 [grpc-default-executor-0] INFO  impl.RoleInfo (RoleInfo.java:updateAndGet(130)) - 0d3cae59-4282-4496-a4e1-90b2fca61e2c: start 0d3cae59-4282-4496-a4e1-90b2fca61e2c@group-C79F83506AAA-FollowerState
2022-05-15 13:43:42,525 [grpc-default-executor-2] INFO  server.RaftServer$Division (RaftServerImpl.java:requestVote(1078)) - 2225bdd7-82df-4a59-8045-7d84ab374bd3@group-C79F83506AAA replies to ELECTION vote request: 2dee7481-997e-4819-9eb0-c9795558e67b<-2225bdd7-82df-4a59-8045-7d84ab374bd3#0:FAIL-t2. Peer's state: 2225bdd7-82df-4a59-8045-7d84ab374bd3@group-C79F83506AAA:t2, leader=null, voted=null, raftlog=2225bdd7-82df-4a59-8045-7d84ab374bd3@group-C79F83506AAA-SegmentedRaftLog:OPENED:c-1, conf=-1: [0d3cae59-4282-4496-a4e1-90b2fca61e2c|rpc:10.1.0.20:45501|dataStream:|priority:0, 2dee7481-997e-4819-9eb0-c9795558e67b|rpc:10.1.0.20:44031|dataStream:|priority:0, 2225bdd7-82df-4a59-8045-7d84ab374bd3|rpc:10.1.0.20:39819|dataStream:|priority:1], old=null
2022-05-15 13:43:42,531 [2dee7481-997e-4819-9eb0-c9795558e67b@group-C79F83506AAA-LeaderElection83] INFO  impl.LeaderElection (LeaderElection.java:logAndReturn(89)) - 2dee7481-997e-4819-9eb0-c9795558e67b@group-C79F83506AAA-LeaderElection83: ELECTION REJECTED received 1 response(s) and 0 exception(s):
2022-05-15 13:43:42,531 [2dee7481-997e-4819-9eb0-c9795558e67b@group-C79F83506AAA-LeaderElection83] INFO  impl.LeaderElection (LeaderElection.java:logAndReturn(93)) -   Response 0: 2dee7481-997e-4819-9eb0-c9795558e67b<-2225bdd7-82df-4a59-8045-7d84ab374bd3#0:FAIL-t2
2022-05-15 13:43:42,531 [2dee7481-997e-4819-9eb0-c9795558e67b@group-C79F83506AAA-LeaderElection83] INFO  impl.LeaderElection (LeaderElection.java:askForVotes(308)) - 2dee7481-997e-4819-9eb0-c9795558e67b@group-C79F83506AAA-LeaderElection83 ELECTION round 0: result REJECTED
2022-05-15 13:43:42,531 [2dee7481-997e-4819-9eb0-c9795558e67b@group-C79F83506AAA-LeaderElection83] INFO  server.RaftServer$Division (RaftServerImpl.java:setRole(290)) - 2dee7481-997e-4819-9eb0-c9795558e67b@group-C79F83506AAA: changes role from CANDIDATE to FOLLOWER at term 2 for REJECTED
2022-05-15 13:43:42,531 [2dee7481-997e-4819-9eb0-c9795558e67b@group-C79F83506AAA-LeaderElection83] INFO  impl.RoleInfo (RoleInfo.java:shutdownLeaderElection(121)) - 2dee7481-997e-4819-9eb0-c9795558e67b: shutdown 2dee7481-997e-4819-9eb0-c9795558e67b@group-C79F83506AAA-LeaderElection83
2022-05-15 13:43:42,531 [2dee7481-997e-4819-9eb0-c9795558e67b@group-C79F83506AAA-LeaderElection83] INFO  impl.RoleInfo (RoleInfo.java:updateAndGet(130)) - 2dee7481-997e-4819-9eb0-c9795558e67b: start 2dee7481-997e-4819-9eb0-c9795558e67b@group-C79F83506AAA-FollowerState
2022-05-15 13:43:42,535 [grpc-default-executor-0] INFO  server.RaftServer$Division (RaftServerImpl.java:requestVote(1078)) - 0d3cae59-4282-4496-a4e1-90b2fca61e2c@group-C79F83506AAA replies to ELECTION vote request: 2dee7481-997e-4819-9eb0-c9795558e67b<-0d3cae59-4282-4496-a4e1-90b2fca61e2c#0:OK-t2. Peer's state: 0d3cae59-4282-4496-a4e1-90b2fca61e2c@group-C79F83506AAA:t2, leader=null, voted=2dee7481-997e-4819-9eb0-c9795558e67b, raftlog=0d3cae59-4282-4496-a4e1-90b2fca61e2c@group-C79F83506AAA-SegmentedRaftLog:OPENED:c-1, conf=-1: [0d3cae59-4282-4496-a4e1-90b2fca61e2c|rpc:10.1.0.20:45501|priority:0, 2dee7481-997e-4819-9eb0-c9795558e67b|rpc:10.1.0.20:44031|priority:0, 2225bdd7-82df-4a59-8045-7d84ab374bd3|rpc:10.1.0.20:39819|priority:1], old=null
2022-05-15 13:43:42,784 [2dee7481-997e-4819-9eb0-c9795558e67b@group-FB14A4985CFD-FollowerState] INFO  impl.FollowerState (FollowerState.java:run(134)) - 2dee7481-997e-4819-9eb0-c9795558e67b@group-FB14A4985CFD-FollowerState: change to CANDIDATE, lastRpcElapsedTime:5105088331ns, electionTimeout:5086ms
2022-05-15 13:43:42,784 [2dee7481-997e-4819-9eb0-c9795558e67b@group-FB14A4985CFD-FollowerState] INFO  impl.RoleInfo (RoleInfo.java:shutdownFollowerState(108)) - 2dee7481-997e-4819-9eb0-c9795558e67b: shutdown 2dee7481-997e-4819-9eb0-c9795558e67b@group-FB14A4985CFD-FollowerState
2022-05-15 13:43:42,784 [2dee7481-997e-4819-9eb0-c9795558e67b@group-FB14A4985CFD-FollowerState] INFO  server.RaftServer$Division (RaftServerImpl.java:setRole(290)) - 2dee7481-997e-4819-9eb0-c9795558e67b@group-FB14A4985CFD: changes role from  FOLLOWER to CANDIDATE at term 1 for changeToCandidate
2022-05-15 13:43:42,784 [2dee7481-997e-4819-9eb0-c9795558e67b@group-FB14A4985CFD-FollowerState] INFO  server.RaftServerConfigKeys (ConfUtils.java:logGet(44)) - raft.server.leaderelection.pre-vote = false (custom)
2022-05-15 13:43:42,784 [2dee7481-997e-4819-9eb0-c9795558e67b@group-FB14A4985CFD-FollowerState] INFO  impl.RoleInfo (RoleInfo.java:updateAndGet(130)) - 2dee7481-997e-4819-9eb0-c9795558e67b: start 2dee7481-997e-4819-9eb0-c9795558e67b@group-FB14A4985CFD-LeaderElection85
2022-05-15 13:43:42,797 [2dee7481-997e-4819-9eb0-c9795558e67b@group-FB14A4985CFD-LeaderElection85] INFO  impl.LeaderElection (LeaderElection.java:askForVotes(306)) - 2dee7481-997e-4819-9eb0-c9795558e67b@group-FB14A4985CFD-LeaderElection85 ELECTION round 0: submit vote requests at term 2 for -1: [0d3cae59-4282-4496-a4e1-90b2fca61e2c|rpc:10.1.0.20:45501|dataStream:|priority:0, 2dee7481-997e-4819-9eb0-c9795558e67b|rpc:10.1.0.20:44031|dataStream:|priority:1, 2225bdd7-82df-4a59-8045-7d84ab374bd3|rpc:10.1.0.20:39819|dataStream:|priority:0], old=null
2022-05-15 13:43:42,805 [grpc-default-executor-0] INFO  server.RaftServer$Division (RaftServerImpl.java:requestVote(1046)) - 0d3cae59-4282-4496-a4e1-90b2fca61e2c@group-FB14A4985CFD: receive requestVote(ELECTION, 2dee7481-997e-4819-9eb0-c9795558e67b, group-FB14A4985CFD, 2, (t:0, i:0))
2022-05-15 13:43:42,805 [grpc-default-executor-0] INFO  impl.VoteContext (VoteContext.java:log(48)) - 0d3cae59-4282-4496-a4e1-90b2fca61e2c@group-FB14A4985CFD-FOLLOWER: accept ELECTION from 2dee7481-997e-4819-9eb0-c9795558e67b: our priority 0 <= candidate's priority 1
2022-05-15 13:43:42,806 [grpc-default-executor-0] INFO  server.RaftServer$Division (RaftServerImpl.java:setRole(290)) - 0d3cae59-4282-4496-a4e1-90b2fca61e2c@group-FB14A4985CFD: changes role from  FOLLOWER to FOLLOWER at term 2 for candidate:2dee7481-997e-4819-9eb0-c9795558e67b
2022-05-15 13:43:42,806 [grpc-default-executor-0] INFO  impl.RoleInfo (RoleInfo.java:shutdownFollowerState(108)) - 0d3cae59-4282-4496-a4e1-90b2fca61e2c: shutdown 0d3cae59-4282-4496-a4e1-90b2fca61e2c@group-FB14A4985CFD-FollowerState
2022-05-15 13:43:42,811 [grpc-default-executor-0] INFO  impl.RoleInfo (RoleInfo.java:updateAndGet(130)) - 0d3cae59-4282-4496-a4e1-90b2fca61e2c: start 0d3cae59-4282-4496-a4e1-90b2fca61e2c@group-FB14A4985CFD-FollowerState
2022-05-15 13:43:42,818 [0d3cae59-4282-4496-a4e1-90b2fca61e2c@group-FB14A4985CFD-FollowerState] INFO  impl.FollowerState (FollowerState.java:run(143)) - 0d3cae59-4282-4496-a4e1-90b2fca61e2c@group-FB14A4985CFD-FollowerState was interrupted: {}
java.lang.InterruptedException: sleep interrupted
	at java.lang.Thread.sleep(Native Method)
	at java.lang.Thread.sleep(Thread.java:342)
	at java.util.concurrent.TimeUnit.sleep(TimeUnit.java:386)
	at org.apache.ratis.util.TimeDuration.sleep(TimeDuration.java:324)
	at org.apache.ratis.util.TimeDuration.sleep(TimeDuration.java:309)
	at org.apache.ratis.server.impl.FollowerState.run(FollowerState.java:118)
2022-05-15 13:43:42,823 [grpc-default-executor-2] INFO  server.RaftServer$Division (RaftServerImpl.java:requestVote(1046)) - 2225bdd7-82df-4a59-8045-7d84ab374bd3@group-FB14A4985CFD: receive requestVote(ELECTION, 2dee7481-997e-4819-9eb0-c9795558e67b, group-FB14A4985CFD, 2, (t:0, i:0))
2022-05-15 13:43:42,827 [grpc-default-executor-2] INFO  impl.VoteContext (VoteContext.java:log(48)) - 2225bdd7-82df-4a59-8045-7d84ab374bd3@group-FB14A4985CFD-FOLLOWER: accept ELECTION from 2dee7481-997e-4819-9eb0-c9795558e67b: our priority 0 <= candidate's priority 1
2022-05-15 13:43:42,827 [grpc-default-executor-2] INFO  server.RaftServer$Division (RaftServerImpl.java:setRole(290)) - 2225bdd7-82df-4a59-8045-7d84ab374bd3@group-FB14A4985CFD: changes role from  FOLLOWER to FOLLOWER at term 2 for candidate:2dee7481-997e-4819-9eb0-c9795558e67b
2022-05-15 13:43:42,827 [grpc-default-executor-2] INFO  impl.RoleInfo (RoleInfo.java:shutdownFollowerState(108)) - 2225bdd7-82df-4a59-8045-7d84ab374bd3: shutdown 2225bdd7-82df-4a59-8045-7d84ab374bd3@group-FB14A4985CFD-FollowerState
2022-05-15 13:43:42,827 [grpc-default-executor-0] INFO  server.RaftServer$Division (RaftServerImpl.java:requestVote(1078)) - 0d3cae59-4282-4496-a4e1-90b2fca61e2c@group-FB14A4985CFD replies to ELECTION vote request: 2dee7481-997e-4819-9eb0-c9795558e67b<-0d3cae59-4282-4496-a4e1-90b2fca61e2c#0:OK-t2. Peer's state: 0d3cae59-4282-4496-a4e1-90b2fca61e2c@group-FB14A4985CFD:t2, leader=null, voted=2dee7481-997e-4819-9eb0-c9795558e67b, raftlog=0d3cae59-4282-4496-a4e1-90b2fca61e2c@group-FB14A4985CFD-SegmentedRaftLog:OPENED:c-1, conf=-1: [0d3cae59-4282-4496-a4e1-90b2fca61e2c|rpc:10.1.0.20:45501|priority:0, 2dee7481-997e-4819-9eb0-c9795558e67b|rpc:10.1.0.20:44031|priority:1, 2225bdd7-82df-4a59-8045-7d84ab374bd3|rpc:10.1.0.20:39819|priority:0], old=null
2022-05-15 13:43:42,828 [2225bdd7-82df-4a59-8045-7d84ab374bd3@group-FB14A4985CFD-FollowerState] INFO  impl.FollowerState (FollowerState.java:run(143)) - 2225bdd7-82df-4a59-8045-7d84ab374bd3@group-FB14A4985CFD-FollowerState was interrupted: {}
java.lang.InterruptedException: sleep interrupted
	at java.lang.Thread.sleep(Native Method)
	at java.lang.Thread.sleep(Thread.java:342)
	at java.util.concurrent.TimeUnit.sleep(TimeUnit.java:386)
	at org.apache.ratis.util.TimeDuration.sleep(TimeDuration.java:324)
	at org.apache.ratis.util.TimeDuration.sleep(TimeDuration.java:309)
	at org.apache.ratis.server.impl.FollowerState.run(FollowerState.java:118)
2022-05-15 13:43:42,828 [grpc-default-executor-2] INFO  impl.RoleInfo (RoleInfo.java:updateAndGet(130)) - 2225bdd7-82df-4a59-8045-7d84ab374bd3: start 2225bdd7-82df-4a59-8045-7d84ab374bd3@group-FB14A4985CFD-FollowerState
2022-05-15 13:43:42,839 [grpc-default-executor-2] INFO  server.RaftServer$Division (RaftServerImpl.java:requestVote(1078)) - 2225bdd7-82df-4a59-8045-7d84ab374bd3@group-FB14A4985CFD replies to ELECTION vote request: 2dee7481-997e-4819-9eb0-c9795558e67b<-2225bdd7-82df-4a59-8045-7d84ab374bd3#0:OK-t2. Peer's state: 2225bdd7-82df-4a59-8045-7d84ab374bd3@group-FB14A4985CFD:t2, leader=null, voted=2dee7481-997e-4819-9eb0-c9795558e67b, raftlog=2225bdd7-82df-4a59-8045-7d84ab374bd3@group-FB14A4985CFD-SegmentedRaftLog:OPENED:c-1, conf=-1: [0d3cae59-4282-4496-a4e1-90b2fca61e2c|rpc:10.1.0.20:45501|dataStream:|priority:0, 2dee7481-997e-4819-9eb0-c9795558e67b|rpc:10.1.0.20:44031|dataStream:|priority:1, 2225bdd7-82df-4a59-8045-7d84ab374bd3|rpc:10.1.0.20:39819|dataStream:|priority:0], old=null
2022-05-15 13:43:42,854 [2dee7481-997e-4819-9eb0-c9795558e67b@group-FB14A4985CFD-LeaderElection85] INFO  impl.LeaderElection (LeaderElection.java:logAndReturn(89)) - 2dee7481-997e-4819-9eb0-c9795558e67b@group-FB14A4985CFD-LeaderElection85: ELECTION PASSED received 1 response(s) and 0 exception(s):
2022-05-15 13:43:42,854 [2dee7481-997e-4819-9eb0-c9795558e67b@group-FB14A4985CFD-LeaderElection85] INFO  impl.LeaderElection (LeaderElection.java:logAndReturn(93)) -   Response 0: 2dee7481-997e-4819-9eb0-c9795558e67b<-0d3cae59-4282-4496-a4e1-90b2fca61e2c#0:OK-t2
2022-05-15 13:43:42,854 [2dee7481-997e-4819-9eb0-c9795558e67b@group-FB14A4985CFD-LeaderElection85] INFO  impl.LeaderElection (LeaderElection.java:askForVotes(308)) - 2dee7481-997e-4819-9eb0-c9795558e67b@group-FB14A4985CFD-LeaderElection85 ELECTION round 0: result PASSED
2022-05-15 13:43:42,854 [2dee7481-997e-4819-9eb0-c9795558e67b@group-FB14A4985CFD-LeaderElection85] INFO  impl.RoleInfo (RoleInfo.java:shutdownLeaderElection(121)) - 2dee7481-997e-4819-9eb0-c9795558e67b: shutdown 2dee7481-997e-4819-9eb0-c9795558e67b@group-FB14A4985CFD-LeaderElection85
2022-05-15 13:43:42,854 [2dee7481-997e-4819-9eb0-c9795558e67b@group-FB14A4985CFD-LeaderElection85] INFO  server.RaftServer$Division (RaftServerImpl.java:setRole(290)) - 2dee7481-997e-4819-9eb0-c9795558e67b@group-FB14A4985CFD: changes role from CANDIDATE to LEADER at term 2 for changeToLeader
2022-05-15 13:43:42,854 [2dee7481-997e-4819-9eb0-c9795558e67b@group-FB14A4985CFD-LeaderElection85] INFO  ratis.XceiverServerRatis (XceiverServerRatis.java:handleLeaderChangedNotification(863)) - Leader change notification received for group: group-FB14A4985CFD with new leaderId: 2dee7481-997e-4819-9eb0-c9795558e67b
2022-05-15 13:43:42,854 [2dee7481-997e-4819-9eb0-c9795558e67b@group-FB14A4985CFD-LeaderElection85] INFO  server.RaftServer$Division (ServerState.java:setLeader(285)) - 2dee7481-997e-4819-9eb0-c9795558e67b@group-FB14A4985CFD: change Leader from null to 2dee7481-997e-4819-9eb0-c9795558e67b at term 2 for becomeLeader, leader elected after 10295ms
2022-05-15 13:43:42,854 [2dee7481-997e-4819-9eb0-c9795558e67b@group-FB14A4985CFD-LeaderElection85] INFO  server.RaftServerConfigKeys (ConfUtils.java:logGet(44)) - raft.server.staging.catchup.gap = 1000 (default)
2022-05-15 13:43:42,854 [2dee7481-997e-4819-9eb0-c9795558e67b@group-FB14A4985CFD-LeaderElection85] INFO  server.RaftServerConfigKeys (ConfUtils.java:logGet(44)) - raft.server.write.element-limit = 1024 (custom)
2022-05-15 13:43:42,855 [2dee7481-997e-4819-9eb0-c9795558e67b@group-FB14A4985CFD-LeaderElection85] INFO  server.RaftServerConfigKeys (ConfUtils.java:logGet(44)) - raft.server.write.byte-limit = 1024 M (=1073741824) (custom)
2022-05-15 13:43:42,855 [2dee7481-997e-4819-9eb0-c9795558e67b@group-FB14A4985CFD-LeaderElection85] INFO  server.RaftServerConfigKeys (ConfUtils.java:logGet(44)) - raft.server.watch.timeout = 180s (custom)
2022-05-15 13:43:42,855 [2dee7481-997e-4819-9eb0-c9795558e67b@group-FB14A4985CFD-LeaderElection85] INFO  server.RaftServerConfigKeys (ConfUtils.java:logGet(44)) - raft.server.watch.timeout.denomination = 1s (default)
2022-05-15 13:43:42,855 [2dee7481-997e-4819-9eb0-c9795558e67b@group-FB14A4985CFD-LeaderElection85] INFO  server.RaftServerConfigKeys (ConfUtils.java:logGet(44)) - raft.server.watch.element-limit = 65536 (default)
2022-05-15 13:43:42,855 [2dee7481-997e-4819-9eb0-c9795558e67b@group-FB14A4985CFD-LeaderElection85] INFO  server.RaftServerConfigKeys (ConfUtils.java:logGet(44)) - raft.server.write.element-limit = 1024 (custom)
2022-05-15 13:43:42,855 [2dee7481-997e-4819-9eb0-c9795558e67b@group-FB14A4985CFD-LeaderElection85] INFO  server.RaftServerConfigKeys (ConfUtils.java:logGet(44)) - raft.server.write.follower.gap.ratio.max = -1.0 (default)
2022-05-15 13:43:42,855 [2dee7481-997e-4819-9eb0-c9795558e67b@group-FB14A4985CFD-LeaderElection85] INFO  server.RaftServerConfigKeys (ConfUtils.java:logGet(44)) - raft.server.log.appender.snapshot.chunk.size.max = 16MB (=16777216) (default)
2022-05-15 13:43:42,855 [2dee7481-997e-4819-9eb0-c9795558e67b@group-FB14A4985CFD-LeaderElection85] INFO  server.RaftServerConfigKeys (ConfUtils.java:logGet(44)) - raft.server.log.appender.buffer.byte-limit = 33554432 (custom)
2022-05-15 13:43:42,855 [2dee7481-997e-4819-9eb0-c9795558e67b@group-FB14A4985CFD-LeaderElection85] INFO  server.RaftServerConfigKeys (ConfUtils.java:logGet(44)) - raft.server.log.appender.buffer.element-limit = 1 (custom)
2022-05-15 13:43:42,855 [2dee7481-997e-4819-9eb0-c9795558e67b@group-FB14A4985CFD-LeaderElection85] INFO  grpc.GrpcConfigKeys (ConfUtils.java:logGet(44)) - raft.grpc.server.leader.outstanding.appends.max = 128 (default)
2022-05-15 13:43:42,855 [2dee7481-997e-4819-9eb0-c9795558e67b@group-FB14A4985CFD-LeaderElection85] INFO  server.RaftServerConfigKeys (ConfUtils.java:logGet(44)) - raft.server.rpc.request.timeout = 60s (custom)
2022-05-15 13:43:42,855 [2dee7481-997e-4819-9eb0-c9795558e67b@group-FB14A4985CFD-LeaderElection85] INFO  server.RaftServerConfigKeys (ConfUtils.java:logGet(44)) - raft.server.log.appender.install.snapshot.enabled = false (custom)
2022-05-15 13:43:42,857 [2dee7481-997e-4819-9eb0-c9795558e67b@group-FB14A4985CFD-LeaderElection85] INFO  server.RaftServerConfigKeys (ConfUtils.java:logGet(44)) - raft.server.log.appender.snapshot.chunk.size.max = 16MB (=16777216) (default)
2022-05-15 13:43:42,857 [2dee7481-997e-4819-9eb0-c9795558e67b@group-FB14A4985CFD-LeaderElection85] INFO  server.RaftServerConfigKeys (ConfUtils.java:logGet(44)) - raft.server.log.appender.buffer.byte-limit = 33554432 (custom)
2022-05-15 13:43:42,857 [2dee7481-997e-4819-9eb0-c9795558e67b@group-FB14A4985CFD-LeaderElection85] INFO  server.RaftServerConfigKeys (ConfUtils.java:logGet(44)) - raft.server.log.appender.buffer.element-limit = 1 (custom)
2022-05-15 13:43:42,857 [2dee7481-997e-4819-9eb0-c9795558e67b@group-FB14A4985CFD-LeaderElection85] INFO  grpc.GrpcConfigKeys (ConfUtils.java:logGet(44)) - raft.grpc.server.leader.outstanding.appends.max = 128 (default)
2022-05-15 13:43:42,857 [2dee7481-997e-4819-9eb0-c9795558e67b@group-FB14A4985CFD-LeaderElection85] INFO  server.RaftServerConfigKeys (ConfUtils.java:logGet(44)) - raft.server.rpc.request.timeout = 60s (custom)
2022-05-15 13:43:42,857 [2dee7481-997e-4819-9eb0-c9795558e67b@group-FB14A4985CFD-LeaderElection85] INFO  server.RaftServerConfigKeys (ConfUtils.java:logGet(44)) - raft.server.log.appender.install.snapshot.enabled = false (custom)
2022-05-15 13:43:42,858 [EventQueue-PipelineReportForPipelineReportHandler] INFO  pipeline.PipelineManagerImpl (PipelineManagerImpl.java:openPipeline(336)) - Pipeline Pipeline[ Id: be7fde93-f4a0-4b65-a92e-fb14a4985cfd, Nodes: 0d3cae59-4282-4496-a4e1-90b2fca61e2c{ip: 10.1.0.20, host: fv-az40-973.r1qzdtoifymehf5jtx2d0vwyfg.bx.internal.cloudapp.net, ports: [REPLICATION=35567, RATIS=45501, RATIS_ADMIN=45501, RATIS_SERVER=45501, STANDALONE=41909], networkLocation: /default-rack, certSerialId: null, persistedOpState: IN_SERVICE, persistedOpStateExpiryEpochSec: 0}2dee7481-997e-4819-9eb0-c9795558e67b{ip: 10.1.0.20, host: fv-az40-973.r1qzdtoifymehf5jtx2d0vwyfg.bx.internal.cloudapp.net, ports: [REPLICATION=42143, RATIS=44031, RATIS_ADMIN=44031, RATIS_SERVER=44031, STANDALONE=34403], networkLocation: /default-rack, certSerialId: null, persistedOpState: IN_SERVICE, persistedOpStateExpiryEpochSec: 0}2225bdd7-82df-4a59-8045-7d84ab374bd3{ip: 10.1.0.20, host: fv-az40-973.r1qzdtoifymehf5jtx2d0vwyfg.bx.internal.cloudapp.net, ports: [REPLICATION=39569, RATIS=39819, RATIS_ADMIN=39819, RATIS_SERVER=39819, STANDALONE=38309], networkLocation: /default-rack, certSerialId: null, persistedOpState: IN_SERVICE, persistedOpStateExpiryEpochSec: 0}, ReplicationConfig: RATIS/THREE, State:ALLOCATED, leaderId:2dee7481-997e-4819-9eb0-c9795558e67b, CreationTimestamp2022-05-15T13:43:31.079Z[Etc/UTC]] moved to OPEN state
2022-05-15 13:43:42,859 [EventQueue-OpenPipelineForHealthyPipelineSafeModeRule] INFO  safemode.SCMSafeModeManager (HealthyPipelineSafeModeRule.java:process(124)) - SCM in safe mode. Healthy pipelines reported count is 0, required healthy pipeline reported count is 1
2022-05-15 13:43:42,859 [EventQueue-OpenPipelineForHealthyPipelineSafeModeRule] INFO  safemode.SCMSafeModeManager (HealthyPipelineSafeModeRule.java:process(124)) - SCM in safe mode. Healthy pipelines reported count is 1, required healthy pipeline reported count is 1
2022-05-15 13:43:42,859 [EventQueue-OpenPipelineForHealthyPipelineSafeModeRule] INFO  safemode.SCMSafeModeManager (SCMSafeModeManager.java:validateSafeModeExitRules(204)) - HealthyPipelineSafeModeRule rule is successfully validated
2022-05-15 13:43:42,859 [EventQueue-OpenPipelineForHealthyPipelineSafeModeRule] INFO  safemode.SCMSafeModeManager (SCMSafeModeManager.java:validateSafeModeExitRules(219)) - ScmSafeModeManager, all rules are successfully validated
2022-05-15 13:43:42,859 [EventQueue-OpenPipelineForHealthyPipelineSafeModeRule] INFO  safemode.SCMSafeModeManager (SCMSafeModeManager.java:exitSafeMode(248)) - SCM exiting safe mode.
2022-05-15 13:43:42,859 [EventQueue-OpenPipelineForHealthyPipelineSafeModeRule] WARN  events.EventQueue (EventQueue.java:fireEvent(194)) - No event handler registered for event TypedEvent{payloadType=SafeModeStatus, name='Safe mode status'}
2022-05-15 13:43:42,859 [EventQueue-OpenPipelineForHealthyPipelineSafeModeRule] INFO  ha.SCMContext (SCMContext.java:updateSafeModeStatus(211)) - Update SafeModeStatus from SafeModeStatus{safeModeStatus=true, preCheckPassed=true} to SafeModeStatus{safeModeStatus=false, preCheckPassed=true}.
2022-05-15 13:43:42,859 [EventQueue-OpenPipelineForHealthyPipelineSafeModeRule] INFO  pipeline.BackgroundPipelineCreator (BackgroundPipelineCreator.java:notifyStatusChanged(251)) - Service BackgroundPipelineCreator transitions to RUNNING.
2022-05-15 13:43:42,859 [EventQueue-OpenPipelineForHealthyPipelineSafeModeRule] INFO  pipeline.BackgroundPipelineScrubber (BackgroundPipelineScrubber.java:notifyStatusChanged(88)) - Service BackgroundPipelineScrubber transitions to RUNNING.
2022-05-15 13:43:42,859 [EventQueue-OpenPipelineForHealthyPipelineSafeModeRule] INFO  replication.ReplicationManager (ReplicationManager.java:notifyStatusChanged(369)) - Service ReplicationManager transitions to RUNNING.
2022-05-15 13:43:42,860 [2dee7481-997e-4819-9eb0-c9795558e67b@group-FB14A4985CFD-LeaderElection85] INFO  impl.RoleInfo (RoleInfo.java:updateAndGet(130)) - 2dee7481-997e-4819-9eb0-c9795558e67b: start 2dee7481-997e-4819-9eb0-c9795558e67b@group-FB14A4985CFD-LeaderStateImpl
2022-05-15 13:43:42,860 [2dee7481-997e-4819-9eb0-c9795558e67b@group-FB14A4985CFD-LeaderElection85] INFO  segmented.SegmentedRaftLogWorker (SegmentedRaftLogWorker.java:startLogSegment(394)) - 2dee7481-997e-4819-9eb0-c9795558e67b@group-FB14A4985CFD-SegmentedRaftLogWorker: Starting segment from index:0
2022-05-15 13:43:42,870 [2dee7481-997e-4819-9eb0-c9795558e67b@group-FB14A4985CFD-SegmentedRaftLogWorker] INFO  segmented.SegmentedRaftLogWorker (SegmentedRaftLogWorker.java:execute(601)) - 2dee7481-997e-4819-9eb0-c9795558e67b@group-FB14A4985CFD-SegmentedRaftLogWorker: created new log segment /home/runner/work/ozone/ozone/hadoop-ozone/integration-test/target/test-dir/MiniOzoneClusterImpl-84148938-d4e7-44f7-8424-958744cac302/datanode-1/data/ratis/be7fde93-f4a0-4b65-a92e-fb14a4985cfd/current/log_inprogress_0
2022-05-15 13:43:42,908 [Listener at 127.0.0.1/40095] INFO  ozone.MiniOzoneClusterImpl (MiniOzoneClusterImpl.java:lambda$waitForClusterToBeReady$0(221)) - Nodes are ready. Got 3 of 3 DN Heartbeats.
2022-05-15 13:43:42,909 [Listener at 127.0.0.1/40095] INFO  ozone.MiniOzoneClusterImpl (MiniOzoneClusterImpl.java:lambda$waitForClusterToBeReady$0(224)) - Cluster exits safe mode
2022-05-15 13:43:42,909 [Listener at 127.0.0.1/40095] INFO  ozone.MiniOzoneClusterImpl (MiniOzoneClusterImpl.java:lambda$waitForClusterToBeReady$0(226)) - SCM became leader
2022-05-15 13:43:42,909 [grpc-default-executor-0] INFO  ratis.XceiverServerRatis (XceiverServerRatis.java:handleLeaderChangedNotification(863)) - Leader change notification received for group: group-FB14A4985CFD with new leaderId: 2dee7481-997e-4819-9eb0-c9795558e67b
2022-05-15 13:43:42,909 [grpc-default-executor-0] INFO  server.RaftServer$Division (ServerState.java:setLeader(285)) - 2225bdd7-82df-4a59-8045-7d84ab374bd3@group-FB14A4985CFD: change Leader from null to 2dee7481-997e-4819-9eb0-c9795558e67b at term 2 for appendEntries, leader elected after 10268ms
2022-05-15 13:43:42,910 [2dee7481-997e-4819-9eb0-c9795558e67b@group-FB14A4985CFD-LeaderElection85] INFO  server.RaftServer$Division (ServerState.java:setRaftConf(387)) - 2dee7481-997e-4819-9eb0-c9795558e67b@group-FB14A4985CFD: set configuration 0: [0d3cae59-4282-4496-a4e1-90b2fca61e2c|rpc:10.1.0.20:45501|dataStream:|priority:0, 2dee7481-997e-4819-9eb0-c9795558e67b|rpc:10.1.0.20:44031|dataStream:|priority:1, 2225bdd7-82df-4a59-8045-7d84ab374bd3|rpc:10.1.0.20:39819|dataStream:|priority:0], old=null
2022-05-15 13:43:42,914 [grpc-default-executor-1] INFO  ratis.XceiverServerRatis (XceiverServerRatis.java:handleLeaderChangedNotification(863)) - Leader change notification received for group: group-FB14A4985CFD with new leaderId: 2dee7481-997e-4819-9eb0-c9795558e67b
2022-05-15 13:43:42,915 [grpc-default-executor-1] INFO  server.RaftServer$Division (ServerState.java:setLeader(285)) - 0d3cae59-4282-4496-a4e1-90b2fca61e2c@group-FB14A4985CFD: change Leader from null to 2dee7481-997e-4819-9eb0-c9795558e67b at term 2 for appendEntries, leader elected after 10437ms
]]></system-out>
    </rerunFailure>
  </testcase>
  <testcase name="testLeaderIdUsedOnFirstCall" classname="org.apache.hadoop.hdds.scm.TestRatisPipelineLeader" time="0">
    <failure type="java.lang.AssertionError"><![CDATA[java.lang.AssertionError
	at org.junit.Assert.fail(Assert.java:87)
	at org.junit.Assert.assertTrue(Assert.java:42)
	at org.junit.Assert.assertTrue(Assert.java:53)
	at org.apache.hadoop.hdds.scm.TestRatisPipelineLeader.testLeaderIdUsedOnFirstCall(TestRatisPipelineLeader.java:85)
	at sun.reflect.NativeMethodAccessorImpl.invoke0(Native Method)
	at sun.reflect.NativeMethodAccessorImpl.invoke(NativeMethodAccessorImpl.java:62)
	at sun.reflect.DelegatingMethodAccessorImpl.invoke(DelegatingMethodAccessorImpl.java:43)
	at java.lang.reflect.Method.invoke(Method.java:498)
	at org.junit.platform.commons.util.ReflectionUtils.invokeMethod(ReflectionUtils.java:688)
	at org.junit.jupiter.engine.execution.MethodInvocation.proceed(MethodInvocation.java:60)
	at org.junit.jupiter.engine.execution.InvocationInterceptorChain$ValidatingInvocation.proceed(InvocationInterceptorChain.java:131)
	at org.junit.jupiter.engine.extension.TimeoutInvocation.proceed(TimeoutInvocation.java:46)
	at org.junit.jupiter.engine.extension.TimeoutExtension.intercept(TimeoutExtension.java:149)
	at org.junit.jupiter.engine.extension.TimeoutExtension.interceptTestableMethod(TimeoutExtension.java:140)
	at org.junit.jupiter.engine.extension.TimeoutExtension.interceptTestMethod(TimeoutExtension.java:84)
	at org.junit.jupiter.engine.execution.ExecutableInvoker$ReflectiveInterceptorCall.lambda$ofVoidMethod$0(ExecutableInvoker.java:115)
	at org.junit.jupiter.engine.execution.ExecutableInvoker.lambda$invoke$0(ExecutableInvoker.java:105)
	at org.junit.jupiter.engine.execution.InvocationInterceptorChain$InterceptedInvocation.proceed(InvocationInterceptorChain.java:106)
	at org.junit.jupiter.engine.execution.InvocationInterceptorChain.proceed(InvocationInterceptorChain.java:64)
	at org.junit.jupiter.engine.execution.InvocationInterceptorChain.chainAndInvoke(InvocationInterceptorChain.java:45)
	at org.junit.jupiter.engine.execution.InvocationInterceptorChain.invoke(InvocationInterceptorChain.java:37)
	at org.junit.jupiter.engine.execution.ExecutableInvoker.invoke(ExecutableInvoker.java:104)
	at org.junit.jupiter.engine.execution.ExecutableInvoker.invoke(ExecutableInvoker.java:98)
	at org.junit.jupiter.engine.descriptor.TestMethodTestDescriptor.lambda$invokeTestMethod$6(TestMethodTestDescriptor.java:210)
	at org.junit.platform.engine.support.hierarchical.ThrowableCollector.execute(ThrowableCollector.java:73)
	at org.junit.jupiter.engine.descriptor.TestMethodTestDescriptor.invokeTestMethod(TestMethodTestDescriptor.java:206)
	at org.junit.jupiter.engine.descriptor.TestMethodTestDescriptor.execute(TestMethodTestDescriptor.java:131)
	at org.junit.jupiter.engine.descriptor.TestMethodTestDescriptor.execute(TestMethodTestDescriptor.java:65)
	at org.junit.platform.engine.support.hierarchical.NodeTestTask.lambda$executeRecursively$5(NodeTestTask.java:139)
	at org.junit.platform.engine.support.hierarchical.ThrowableCollector.execute(ThrowableCollector.java:73)
	at org.junit.platform.engine.support.hierarchical.NodeTestTask.lambda$executeRecursively$7(NodeTestTask.java:129)
	at org.junit.platform.engine.support.hierarchical.Node.around(Node.java:137)
	at org.junit.platform.engine.support.hierarchical.NodeTestTask.lambda$executeRecursively$8(NodeTestTask.java:127)
	at org.junit.platform.engine.support.hierarchical.ThrowableCollector.execute(ThrowableCollector.java:73)
	at org.junit.platform.engine.support.hierarchical.NodeTestTask.executeRecursively(NodeTestTask.java:126)
	at org.junit.platform.engine.support.hierarchical.NodeTestTask.execute(NodeTestTask.java:84)
	at java.util.ArrayList.forEach(ArrayList.java:1259)
	at org.junit.platform.engine.support.hierarchical.SameThreadHierarchicalTestExecutorService.invokeAll(SameThreadHierarchicalTestExecutorService.java:38)
	at org.junit.platform.engine.support.hierarchical.NodeTestTask.lambda$executeRecursively$5(NodeTestTask.java:143)
	at org.junit.platform.engine.support.hierarchical.ThrowableCollector.execute(ThrowableCollector.java:73)
	at org.junit.platform.engine.support.hierarchical.NodeTestTask.lambda$executeRecursively$7(NodeTestTask.java:129)
	at org.junit.platform.engine.support.hierarchical.Node.around(Node.java:137)
	at org.junit.platform.engine.support.hierarchical.NodeTestTask.lambda$executeRecursively$8(NodeTestTask.java:127)
	at org.junit.platform.engine.support.hierarchical.ThrowableCollector.execute(ThrowableCollector.java:73)
	at org.junit.platform.engine.support.hierarchical.NodeTestTask.executeRecursively(NodeTestTask.java:126)
	at org.junit.platform.engine.support.hierarchical.NodeTestTask.execute(NodeTestTask.java:84)
	at java.util.ArrayList.forEach(ArrayList.java:1259)
	at org.junit.platform.engine.support.hierarchical.SameThreadHierarchicalTestExecutorService.invokeAll(SameThreadHierarchicalTestExecutorService.java:38)
	at org.junit.platform.engine.support.hierarchical.NodeTestTask.lambda$executeRecursively$5(NodeTestTask.java:143)
	at org.junit.platform.engine.support.hierarchical.ThrowableCollector.execute(ThrowableCollector.java:73)
	at org.junit.platform.engine.support.hierarchical.NodeTestTask.lambda$executeRecursively$7(NodeTestTask.java:129)
	at org.junit.platform.engine.support.hierarchical.Node.around(Node.java:137)
	at org.junit.platform.engine.support.hierarchical.NodeTestTask.lambda$executeRecursively$8(NodeTestTask.java:127)
	at org.junit.platform.engine.support.hierarchical.ThrowableCollector.execute(ThrowableCollector.java:73)
	at org.junit.platform.engine.support.hierarchical.NodeTestTask.executeRecursively(NodeTestTask.java:126)
	at org.junit.platform.engine.support.hierarchical.NodeTestTask.execute(NodeTestTask.java:84)
	at org.junit.platform.engine.support.hierarchical.SameThreadHierarchicalTestExecutorService.submit(SameThreadHierarchicalTestExecutorService.java:32)
	at org.junit.platform.engine.support.hierarchical.HierarchicalTestExecutor.execute(HierarchicalTestExecutor.java:57)
	at org.junit.platform.engine.support.hierarchical.HierarchicalTestEngine.execute(HierarchicalTestEngine.java:51)
	at org.junit.platform.launcher.core.EngineExecutionOrchestrator.execute(EngineExecutionOrchestrator.java:108)
	at org.junit.platform.launcher.core.EngineExecutionOrchestrator.execute(EngineExecutionOrchestrator.java:88)
	at org.junit.platform.launcher.core.EngineExecutionOrchestrator.lambda$execute$0(EngineExecutionOrchestrator.java:54)
	at org.junit.platform.launcher.core.EngineExecutionOrchestrator.withInterceptedStreams(EngineExecutionOrchestrator.java:67)
	at org.junit.platform.launcher.core.EngineExecutionOrchestrator.execute(EngineExecutionOrchestrator.java:52)
	at org.junit.platform.launcher.core.DefaultLauncher.execute(DefaultLauncher.java:96)
	at org.junit.platform.launcher.core.DefaultLauncher.execute(DefaultLauncher.java:75)
	at org.apache.maven.surefire.junitplatform.JUnitPlatformProvider.execute(JUnitPlatformProvider.java:188)
	at org.apache.maven.surefire.junitplatform.JUnitPlatformProvider.invokeAllTests(JUnitPlatformProvider.java:154)
	at org.apache.maven.surefire.junitplatform.JUnitPlatformProvider.invoke(JUnitPlatformProvider.java:124)
	at org.apache.maven.surefire.booter.ForkedBooter.runSuitesInProcess(ForkedBooter.java:428)
	at org.apache.maven.surefire.booter.ForkedBooter.execute(ForkedBooter.java:162)
	at org.apache.maven.surefire.booter.ForkedBooter.run(ForkedBooter.java:562)
	at org.apache.maven.surefire.booter.ForkedBooter.main(ForkedBooter.java:548)
]]></failure>
    <rerunFailure type="java.lang.AssertionError">
      <stackTrace><![CDATA[java.lang.AssertionError
	at org.junit.Assert.fail(Assert.java:87)
	at org.junit.Assert.assertTrue(Assert.java:42)
	at org.junit.Assert.assertTrue(Assert.java:53)
	at org.apache.hadoop.hdds.scm.TestRatisPipelineLeader.testLeaderIdUsedOnFirstCall(TestRatisPipelineLeader.java:85)
	at sun.reflect.NativeMethodAccessorImpl.invoke0(Native Method)
	at sun.reflect.NativeMethodAccessorImpl.invoke(NativeMethodAccessorImpl.java:62)
	at sun.reflect.DelegatingMethodAccessorImpl.invoke(DelegatingMethodAccessorImpl.java:43)
	at java.lang.reflect.Method.invoke(Method.java:498)
	at org.junit.platform.commons.util.ReflectionUtils.invokeMethod(ReflectionUtils.java:688)
	at org.junit.jupiter.engine.execution.MethodInvocation.proceed(MethodInvocation.java:60)
	at org.junit.jupiter.engine.execution.InvocationInterceptorChain$ValidatingInvocation.proceed(InvocationInterceptorChain.java:131)
	at org.junit.jupiter.engine.extension.TimeoutInvocation.proceed(TimeoutInvocation.java:46)
	at org.junit.jupiter.engine.extension.TimeoutExtension.intercept(TimeoutExtension.java:149)
	at org.junit.jupiter.engine.extension.TimeoutExtension.interceptTestableMethod(TimeoutExtension.java:140)
	at org.junit.jupiter.engine.extension.TimeoutExtension.interceptTestMethod(TimeoutExtension.java:84)
	at org.junit.jupiter.engine.execution.ExecutableInvoker$ReflectiveInterceptorCall.lambda$ofVoidMethod$0(ExecutableInvoker.java:115)
	at org.junit.jupiter.engine.execution.ExecutableInvoker.lambda$invoke$0(ExecutableInvoker.java:105)
	at org.junit.jupiter.engine.execution.InvocationInterceptorChain$InterceptedInvocation.proceed(InvocationInterceptorChain.java:106)
	at org.junit.jupiter.engine.execution.InvocationInterceptorChain.proceed(InvocationInterceptorChain.java:64)
	at org.junit.jupiter.engine.execution.InvocationInterceptorChain.chainAndInvoke(InvocationInterceptorChain.java:45)
	at org.junit.jupiter.engine.execution.InvocationInterceptorChain.invoke(InvocationInterceptorChain.java:37)
	at org.junit.jupiter.engine.execution.ExecutableInvoker.invoke(ExecutableInvoker.java:104)
	at org.junit.jupiter.engine.execution.ExecutableInvoker.invoke(ExecutableInvoker.java:98)
	at org.junit.jupiter.engine.descriptor.TestMethodTestDescriptor.lambda$invokeTestMethod$6(TestMethodTestDescriptor.java:210)
	at org.junit.platform.engine.support.hierarchical.ThrowableCollector.execute(ThrowableCollector.java:73)
	at org.junit.jupiter.engine.descriptor.TestMethodTestDescriptor.invokeTestMethod(TestMethodTestDescriptor.java:206)
	at org.junit.jupiter.engine.descriptor.TestMethodTestDescriptor.execute(TestMethodTestDescriptor.java:131)
	at org.junit.jupiter.engine.descriptor.TestMethodTestDescriptor.execute(TestMethodTestDescriptor.java:65)
	at org.junit.platform.engine.support.hierarchical.NodeTestTask.lambda$executeRecursively$5(NodeTestTask.java:139)
	at org.junit.platform.engine.support.hierarchical.ThrowableCollector.execute(ThrowableCollector.java:73)
	at org.junit.platform.engine.support.hierarchical.NodeTestTask.lambda$executeRecursively$7(NodeTestTask.java:129)
	at org.junit.platform.engine.support.hierarchical.Node.around(Node.java:137)
	at org.junit.platform.engine.support.hierarchical.NodeTestTask.lambda$executeRecursively$8(NodeTestTask.java:127)
	at org.junit.platform.engine.support.hierarchical.ThrowableCollector.execute(ThrowableCollector.java:73)
	at org.junit.platform.engine.support.hierarchical.NodeTestTask.executeRecursively(NodeTestTask.java:126)
	at org.junit.platform.engine.support.hierarchical.NodeTestTask.execute(NodeTestTask.java:84)
	at java.util.ArrayList.forEach(ArrayList.java:1259)
	at org.junit.platform.engine.support.hierarchical.SameThreadHierarchicalTestExecutorService.invokeAll(SameThreadHierarchicalTestExecutorService.java:38)
	at org.junit.platform.engine.support.hierarchical.NodeTestTask.lambda$executeRecursively$5(NodeTestTask.java:143)
	at org.junit.platform.engine.support.hierarchical.ThrowableCollector.execute(ThrowableCollector.java:73)
	at org.junit.platform.engine.support.hierarchical.NodeTestTask.lambda$executeRecursively$7(NodeTestTask.java:129)
	at org.junit.platform.engine.support.hierarchical.Node.around(Node.java:137)
	at org.junit.platform.engine.support.hierarchical.NodeTestTask.lambda$executeRecursively$8(NodeTestTask.java:127)
	at org.junit.platform.engine.support.hierarchical.ThrowableCollector.execute(ThrowableCollector.java:73)
	at org.junit.platform.engine.support.hierarchical.NodeTestTask.executeRecursively(NodeTestTask.java:126)
	at org.junit.platform.engine.support.hierarchical.NodeTestTask.execute(NodeTestTask.java:84)
	at java.util.ArrayList.forEach(ArrayList.java:1259)
	at org.junit.platform.engine.support.hierarchical.SameThreadHierarchicalTestExecutorService.invokeAll(SameThreadHierarchicalTestExecutorService.java:38)
	at org.junit.platform.engine.support.hierarchical.NodeTestTask.lambda$executeRecursively$5(NodeTestTask.java:143)
	at org.junit.platform.engine.support.hierarchical.ThrowableCollector.execute(ThrowableCollector.java:73)
	at org.junit.platform.engine.support.hierarchical.NodeTestTask.lambda$executeRecursively$7(NodeTestTask.java:129)
	at org.junit.platform.engine.support.hierarchical.Node.around(Node.java:137)
	at org.junit.platform.engine.support.hierarchical.NodeTestTask.lambda$executeRecursively$8(NodeTestTask.java:127)
	at org.junit.platform.engine.support.hierarchical.ThrowableCollector.execute(ThrowableCollector.java:73)
	at org.junit.platform.engine.support.hierarchical.NodeTestTask.executeRecursively(NodeTestTask.java:126)
	at org.junit.platform.engine.support.hierarchical.NodeTestTask.execute(NodeTestTask.java:84)
	at org.junit.platform.engine.support.hierarchical.SameThreadHierarchicalTestExecutorService.submit(SameThreadHierarchicalTestExecutorService.java:32)
	at org.junit.platform.engine.support.hierarchical.HierarchicalTestExecutor.execute(HierarchicalTestExecutor.java:57)
	at org.junit.platform.engine.support.hierarchical.HierarchicalTestEngine.execute(HierarchicalTestEngine.java:51)
	at org.junit.platform.launcher.core.EngineExecutionOrchestrator.execute(EngineExecutionOrchestrator.java:108)
	at org.junit.platform.launcher.core.EngineExecutionOrchestrator.execute(EngineExecutionOrchestrator.java:88)
	at org.junit.platform.launcher.core.EngineExecutionOrchestrator.lambda$execute$0(EngineExecutionOrchestrator.java:54)
	at org.junit.platform.launcher.core.EngineExecutionOrchestrator.withInterceptedStreams(EngineExecutionOrchestrator.java:67)
	at org.junit.platform.launcher.core.EngineExecutionOrchestrator.execute(EngineExecutionOrchestrator.java:52)
	at org.junit.platform.launcher.core.DefaultLauncher.execute(DefaultLauncher.java:96)
	at org.junit.platform.launcher.core.DefaultLauncher.execute(DefaultLauncher.java:75)
	at org.apache.maven.surefire.junitplatform.JUnitPlatformProvider.invokeAllTests(JUnitPlatformProvider.java:165)
	at org.apache.maven.surefire.junitplatform.JUnitPlatformProvider.invoke(JUnitPlatformProvider.java:124)
	at org.apache.maven.surefire.booter.ForkedBooter.runSuitesInProcess(ForkedBooter.java:428)
	at org.apache.maven.surefire.booter.ForkedBooter.execute(ForkedBooter.java:162)
	at org.apache.maven.surefire.booter.ForkedBooter.run(ForkedBooter.java:562)
	at org.apache.maven.surefire.booter.ForkedBooter.main(ForkedBooter.java:548)
]]></stackTrace>
    </rerunFailure>
    <rerunFailure type="java.lang.AssertionError">
      <stackTrace><![CDATA[java.lang.AssertionError
	at org.junit.Assert.fail(Assert.java:87)
	at org.junit.Assert.assertTrue(Assert.java:42)
	at org.junit.Assert.assertTrue(Assert.java:53)
	at org.apache.hadoop.hdds.scm.TestRatisPipelineLeader.testLeaderIdUsedOnFirstCall(TestRatisPipelineLeader.java:85)
	at sun.reflect.NativeMethodAccessorImpl.invoke0(Native Method)
	at sun.reflect.NativeMethodAccessorImpl.invoke(NativeMethodAccessorImpl.java:62)
	at sun.reflect.DelegatingMethodAccessorImpl.invoke(DelegatingMethodAccessorImpl.java:43)
	at java.lang.reflect.Method.invoke(Method.java:498)
	at org.junit.platform.commons.util.ReflectionUtils.invokeMethod(ReflectionUtils.java:688)
	at org.junit.jupiter.engine.execution.MethodInvocation.proceed(MethodInvocation.java:60)
	at org.junit.jupiter.engine.execution.InvocationInterceptorChain$ValidatingInvocation.proceed(InvocationInterceptorChain.java:131)
	at org.junit.jupiter.engine.extension.TimeoutInvocation.proceed(TimeoutInvocation.java:46)
	at org.junit.jupiter.engine.extension.TimeoutExtension.intercept(TimeoutExtension.java:149)
	at org.junit.jupiter.engine.extension.TimeoutExtension.interceptTestableMethod(TimeoutExtension.java:140)
	at org.junit.jupiter.engine.extension.TimeoutExtension.interceptTestMethod(TimeoutExtension.java:84)
	at org.junit.jupiter.engine.execution.ExecutableInvoker$ReflectiveInterceptorCall.lambda$ofVoidMethod$0(ExecutableInvoker.java:115)
	at org.junit.jupiter.engine.execution.ExecutableInvoker.lambda$invoke$0(ExecutableInvoker.java:105)
	at org.junit.jupiter.engine.execution.InvocationInterceptorChain$InterceptedInvocation.proceed(InvocationInterceptorChain.java:106)
	at org.junit.jupiter.engine.execution.InvocationInterceptorChain.proceed(InvocationInterceptorChain.java:64)
	at org.junit.jupiter.engine.execution.InvocationInterceptorChain.chainAndInvoke(InvocationInterceptorChain.java:45)
	at org.junit.jupiter.engine.execution.InvocationInterceptorChain.invoke(InvocationInterceptorChain.java:37)
	at org.junit.jupiter.engine.execution.ExecutableInvoker.invoke(ExecutableInvoker.java:104)
	at org.junit.jupiter.engine.execution.ExecutableInvoker.invoke(ExecutableInvoker.java:98)
	at org.junit.jupiter.engine.descriptor.TestMethodTestDescriptor.lambda$invokeTestMethod$6(TestMethodTestDescriptor.java:210)
	at org.junit.platform.engine.support.hierarchical.ThrowableCollector.execute(ThrowableCollector.java:73)
	at org.junit.jupiter.engine.descriptor.TestMethodTestDescriptor.invokeTestMethod(TestMethodTestDescriptor.java:206)
	at org.junit.jupiter.engine.descriptor.TestMethodTestDescriptor.execute(TestMethodTestDescriptor.java:131)
	at org.junit.jupiter.engine.descriptor.TestMethodTestDescriptor.execute(TestMethodTestDescriptor.java:65)
	at org.junit.platform.engine.support.hierarchical.NodeTestTask.lambda$executeRecursively$5(NodeTestTask.java:139)
	at org.junit.platform.engine.support.hierarchical.ThrowableCollector.execute(ThrowableCollector.java:73)
	at org.junit.platform.engine.support.hierarchical.NodeTestTask.lambda$executeRecursively$7(NodeTestTask.java:129)
	at org.junit.platform.engine.support.hierarchical.Node.around(Node.java:137)
	at org.junit.platform.engine.support.hierarchical.NodeTestTask.lambda$executeRecursively$8(NodeTestTask.java:127)
	at org.junit.platform.engine.support.hierarchical.ThrowableCollector.execute(ThrowableCollector.java:73)
	at org.junit.platform.engine.support.hierarchical.NodeTestTask.executeRecursively(NodeTestTask.java:126)
	at org.junit.platform.engine.support.hierarchical.NodeTestTask.execute(NodeTestTask.java:84)
	at java.util.ArrayList.forEach(ArrayList.java:1259)
	at org.junit.platform.engine.support.hierarchical.SameThreadHierarchicalTestExecutorService.invokeAll(SameThreadHierarchicalTestExecutorService.java:38)
	at org.junit.platform.engine.support.hierarchical.NodeTestTask.lambda$executeRecursively$5(NodeTestTask.java:143)
	at org.junit.platform.engine.support.hierarchical.ThrowableCollector.execute(ThrowableCollector.java:73)
	at org.junit.platform.engine.support.hierarchical.NodeTestTask.lambda$executeRecursively$7(NodeTestTask.java:129)
	at org.junit.platform.engine.support.hierarchical.Node.around(Node.java:137)
	at org.junit.platform.engine.support.hierarchical.NodeTestTask.lambda$executeRecursively$8(NodeTestTask.java:127)
	at org.junit.platform.engine.support.hierarchical.ThrowableCollector.execute(ThrowableCollector.java:73)
	at org.junit.platform.engine.support.hierarchical.NodeTestTask.executeRecursively(NodeTestTask.java:126)
	at org.junit.platform.engine.support.hierarchical.NodeTestTask.execute(NodeTestTask.java:84)
	at java.util.ArrayList.forEach(ArrayList.java:1259)
	at org.junit.platform.engine.support.hierarchical.SameThreadHierarchicalTestExecutorService.invokeAll(SameThreadHierarchicalTestExecutorService.java:38)
	at org.junit.platform.engine.support.hierarchical.NodeTestTask.lambda$executeRecursively$5(NodeTestTask.java:143)
	at org.junit.platform.engine.support.hierarchical.ThrowableCollector.execute(ThrowableCollector.java:73)
	at org.junit.platform.engine.support.hierarchical.NodeTestTask.lambda$executeRecursively$7(NodeTestTask.java:129)
	at org.junit.platform.engine.support.hierarchical.Node.around(Node.java:137)
	at org.junit.platform.engine.support.hierarchical.NodeTestTask.lambda$executeRecursively$8(NodeTestTask.java:127)
	at org.junit.platform.engine.support.hierarchical.ThrowableCollector.execute(ThrowableCollector.java:73)
	at org.junit.platform.engine.support.hierarchical.NodeTestTask.executeRecursively(NodeTestTask.java:126)
	at org.junit.platform.engine.support.hierarchical.NodeTestTask.execute(NodeTestTask.java:84)
	at org.junit.platform.engine.support.hierarchical.SameThreadHierarchicalTestExecutorService.submit(SameThreadHierarchicalTestExecutorService.java:32)
	at org.junit.platform.engine.support.hierarchical.HierarchicalTestExecutor.execute(HierarchicalTestExecutor.java:57)
	at org.junit.platform.engine.support.hierarchical.HierarchicalTestEngine.execute(HierarchicalTestEngine.java:51)
	at org.junit.platform.launcher.core.EngineExecutionOrchestrator.execute(EngineExecutionOrchestrator.java:108)
	at org.junit.platform.launcher.core.EngineExecutionOrchestrator.execute(EngineExecutionOrchestrator.java:88)
	at org.junit.platform.launcher.core.EngineExecutionOrchestrator.lambda$execute$0(EngineExecutionOrchestrator.java:54)
	at org.junit.platform.launcher.core.EngineExecutionOrchestrator.withInterceptedStreams(EngineExecutionOrchestrator.java:67)
	at org.junit.platform.launcher.core.EngineExecutionOrchestrator.execute(EngineExecutionOrchestrator.java:52)
	at org.junit.platform.launcher.core.DefaultLauncher.execute(DefaultLauncher.java:96)
	at org.junit.platform.launcher.core.DefaultLauncher.execute(DefaultLauncher.java:75)
	at org.apache.maven.surefire.junitplatform.JUnitPlatformProvider.invokeAllTests(JUnitPlatformProvider.java:165)
	at org.apache.maven.surefire.junitplatform.JUnitPlatformProvider.invoke(JUnitPlatformProvider.java:124)
	at org.apache.maven.surefire.booter.ForkedBooter.runSuitesInProcess(ForkedBooter.java:428)
	at org.apache.maven.surefire.booter.ForkedBooter.execute(ForkedBooter.java:162)
	at org.apache.maven.surefire.booter.ForkedBooter.run(ForkedBooter.java:562)
	at org.apache.maven.surefire.booter.ForkedBooter.main(ForkedBooter.java:548)
]]></stackTrace>
    </rerunFailure>
    <rerunFailure type="java.lang.AssertionError">
      <stackTrace><![CDATA[java.lang.AssertionError
	at org.junit.Assert.fail(Assert.java:87)
	at org.junit.Assert.assertTrue(Assert.java:42)
	at org.junit.Assert.assertTrue(Assert.java:53)
	at org.apache.hadoop.hdds.scm.TestRatisPipelineLeader.testLeaderIdUsedOnFirstCall(TestRatisPipelineLeader.java:85)
	at sun.reflect.NativeMethodAccessorImpl.invoke0(Native Method)
	at sun.reflect.NativeMethodAccessorImpl.invoke(NativeMethodAccessorImpl.java:62)
	at sun.reflect.DelegatingMethodAccessorImpl.invoke(DelegatingMethodAccessorImpl.java:43)
	at java.lang.reflect.Method.invoke(Method.java:498)
	at org.junit.platform.commons.util.ReflectionUtils.invokeMethod(ReflectionUtils.java:688)
	at org.junit.jupiter.engine.execution.MethodInvocation.proceed(MethodInvocation.java:60)
	at org.junit.jupiter.engine.execution.InvocationInterceptorChain$ValidatingInvocation.proceed(InvocationInterceptorChain.java:131)
	at org.junit.jupiter.engine.extension.TimeoutInvocation.proceed(TimeoutInvocation.java:46)
	at org.junit.jupiter.engine.extension.TimeoutExtension.intercept(TimeoutExtension.java:149)
	at org.junit.jupiter.engine.extension.TimeoutExtension.interceptTestableMethod(TimeoutExtension.java:140)
	at org.junit.jupiter.engine.extension.TimeoutExtension.interceptTestMethod(TimeoutExtension.java:84)
	at org.junit.jupiter.engine.execution.ExecutableInvoker$ReflectiveInterceptorCall.lambda$ofVoidMethod$0(ExecutableInvoker.java:115)
	at org.junit.jupiter.engine.execution.ExecutableInvoker.lambda$invoke$0(ExecutableInvoker.java:105)
	at org.junit.jupiter.engine.execution.InvocationInterceptorChain$InterceptedInvocation.proceed(InvocationInterceptorChain.java:106)
	at org.junit.jupiter.engine.execution.InvocationInterceptorChain.proceed(InvocationInterceptorChain.java:64)
	at org.junit.jupiter.engine.execution.InvocationInterceptorChain.chainAndInvoke(InvocationInterceptorChain.java:45)
	at org.junit.jupiter.engine.execution.InvocationInterceptorChain.invoke(InvocationInterceptorChain.java:37)
	at org.junit.jupiter.engine.execution.ExecutableInvoker.invoke(ExecutableInvoker.java:104)
	at org.junit.jupiter.engine.execution.ExecutableInvoker.invoke(ExecutableInvoker.java:98)
	at org.junit.jupiter.engine.descriptor.TestMethodTestDescriptor.lambda$invokeTestMethod$6(TestMethodTestDescriptor.java:210)
	at org.junit.platform.engine.support.hierarchical.ThrowableCollector.execute(ThrowableCollector.java:73)
	at org.junit.jupiter.engine.descriptor.TestMethodTestDescriptor.invokeTestMethod(TestMethodTestDescriptor.java:206)
	at org.junit.jupiter.engine.descriptor.TestMethodTestDescriptor.execute(TestMethodTestDescriptor.java:131)
	at org.junit.jupiter.engine.descriptor.TestMethodTestDescriptor.execute(TestMethodTestDescriptor.java:65)
	at org.junit.platform.engine.support.hierarchical.NodeTestTask.lambda$executeRecursively$5(NodeTestTask.java:139)
	at org.junit.platform.engine.support.hierarchical.ThrowableCollector.execute(ThrowableCollector.java:73)
	at org.junit.platform.engine.support.hierarchical.NodeTestTask.lambda$executeRecursively$7(NodeTestTask.java:129)
	at org.junit.platform.engine.support.hierarchical.Node.around(Node.java:137)
	at org.junit.platform.engine.support.hierarchical.NodeTestTask.lambda$executeRecursively$8(NodeTestTask.java:127)
	at org.junit.platform.engine.support.hierarchical.ThrowableCollector.execute(ThrowableCollector.java:73)
	at org.junit.platform.engine.support.hierarchical.NodeTestTask.executeRecursively(NodeTestTask.java:126)
	at org.junit.platform.engine.support.hierarchical.NodeTestTask.execute(NodeTestTask.java:84)
	at java.util.ArrayList.forEach(ArrayList.java:1259)
	at org.junit.platform.engine.support.hierarchical.SameThreadHierarchicalTestExecutorService.invokeAll(SameThreadHierarchicalTestExecutorService.java:38)
	at org.junit.platform.engine.support.hierarchical.NodeTestTask.lambda$executeRecursively$5(NodeTestTask.java:143)
	at org.junit.platform.engine.support.hierarchical.ThrowableCollector.execute(ThrowableCollector.java:73)
	at org.junit.platform.engine.support.hierarchical.NodeTestTask.lambda$executeRecursively$7(NodeTestTask.java:129)
	at org.junit.platform.engine.support.hierarchical.Node.around(Node.java:137)
	at org.junit.platform.engine.support.hierarchical.NodeTestTask.lambda$executeRecursively$8(NodeTestTask.java:127)
	at org.junit.platform.engine.support.hierarchical.ThrowableCollector.execute(ThrowableCollector.java:73)
	at org.junit.platform.engine.support.hierarchical.NodeTestTask.executeRecursively(NodeTestTask.java:126)
	at org.junit.platform.engine.support.hierarchical.NodeTestTask.execute(NodeTestTask.java:84)
	at java.util.ArrayList.forEach(ArrayList.java:1259)
	at org.junit.platform.engine.support.hierarchical.SameThreadHierarchicalTestExecutorService.invokeAll(SameThreadHierarchicalTestExecutorService.java:38)
	at org.junit.platform.engine.support.hierarchical.NodeTestTask.lambda$executeRecursively$5(NodeTestTask.java:143)
	at org.junit.platform.engine.support.hierarchical.ThrowableCollector.execute(ThrowableCollector.java:73)
	at org.junit.platform.engine.support.hierarchical.NodeTestTask.lambda$executeRecursively$7(NodeTestTask.java:129)
	at org.junit.platform.engine.support.hierarchical.Node.around(Node.java:137)
	at org.junit.platform.engine.support.hierarchical.NodeTestTask.lambda$executeRecursively$8(NodeTestTask.java:127)
	at org.junit.platform.engine.support.hierarchical.ThrowableCollector.execute(ThrowableCollector.java:73)
	at org.junit.platform.engine.support.hierarchical.NodeTestTask.executeRecursively(NodeTestTask.java:126)
	at org.junit.platform.engine.support.hierarchical.NodeTestTask.execute(NodeTestTask.java:84)
	at org.junit.platform.engine.support.hierarchical.SameThreadHierarchicalTestExecutorService.submit(SameThreadHierarchicalTestExecutorService.java:32)
	at org.junit.platform.engine.support.hierarchical.HierarchicalTestExecutor.execute(HierarchicalTestExecutor.java:57)
	at org.junit.platform.engine.support.hierarchical.HierarchicalTestEngine.execute(HierarchicalTestEngine.java:51)
	at org.junit.platform.launcher.core.EngineExecutionOrchestrator.execute(EngineExecutionOrchestrator.java:108)
	at org.junit.platform.launcher.core.EngineExecutionOrchestrator.execute(EngineExecutionOrchestrator.java:88)
	at org.junit.platform.launcher.core.EngineExecutionOrchestrator.lambda$execute$0(EngineExecutionOrchestrator.java:54)
	at org.junit.platform.launcher.core.EngineExecutionOrchestrator.withInterceptedStreams(EngineExecutionOrchestrator.java:67)
	at org.junit.platform.launcher.core.EngineExecutionOrchestrator.execute(EngineExecutionOrchestrator.java:52)
	at org.junit.platform.launcher.core.DefaultLauncher.execute(DefaultLauncher.java:96)
	at org.junit.platform.launcher.core.DefaultLauncher.execute(DefaultLauncher.java:75)
	at org.apache.maven.surefire.junitplatform.JUnitPlatformProvider.invokeAllTests(JUnitPlatformProvider.java:165)
	at org.apache.maven.surefire.junitplatform.JUnitPlatformProvider.invoke(JUnitPlatformProvider.java:124)
	at org.apache.maven.surefire.booter.ForkedBooter.runSuitesInProcess(ForkedBooter.java:428)
	at org.apache.maven.surefire.booter.ForkedBooter.execute(ForkedBooter.java:162)
	at org.apache.maven.surefire.booter.ForkedBooter.run(ForkedBooter.java:562)
	at org.apache.maven.surefire.booter.ForkedBooter.main(ForkedBooter.java:548)
]]></stackTrace>
    </rerunFailure>
    <rerunFailure type="java.lang.AssertionError">
      <stackTrace><![CDATA[java.lang.AssertionError
	at org.junit.Assert.fail(Assert.java:87)
	at org.junit.Assert.assertTrue(Assert.java:42)
	at org.junit.Assert.assertTrue(Assert.java:53)
	at org.apache.hadoop.hdds.scm.TestRatisPipelineLeader.testLeaderIdUsedOnFirstCall(TestRatisPipelineLeader.java:85)
	at sun.reflect.NativeMethodAccessorImpl.invoke0(Native Method)
	at sun.reflect.NativeMethodAccessorImpl.invoke(NativeMethodAccessorImpl.java:62)
	at sun.reflect.DelegatingMethodAccessorImpl.invoke(DelegatingMethodAccessorImpl.java:43)
	at java.lang.reflect.Method.invoke(Method.java:498)
	at org.junit.platform.commons.util.ReflectionUtils.invokeMethod(ReflectionUtils.java:688)
	at org.junit.jupiter.engine.execution.MethodInvocation.proceed(MethodInvocation.java:60)
	at org.junit.jupiter.engine.execution.InvocationInterceptorChain$ValidatingInvocation.proceed(InvocationInterceptorChain.java:131)
	at org.junit.jupiter.engine.extension.TimeoutInvocation.proceed(TimeoutInvocation.java:46)
	at org.junit.jupiter.engine.extension.TimeoutExtension.intercept(TimeoutExtension.java:149)
	at org.junit.jupiter.engine.extension.TimeoutExtension.interceptTestableMethod(TimeoutExtension.java:140)
	at org.junit.jupiter.engine.extension.TimeoutExtension.interceptTestMethod(TimeoutExtension.java:84)
	at org.junit.jupiter.engine.execution.ExecutableInvoker$ReflectiveInterceptorCall.lambda$ofVoidMethod$0(ExecutableInvoker.java:115)
	at org.junit.jupiter.engine.execution.ExecutableInvoker.lambda$invoke$0(ExecutableInvoker.java:105)
	at org.junit.jupiter.engine.execution.InvocationInterceptorChain$InterceptedInvocation.proceed(InvocationInterceptorChain.java:106)
	at org.junit.jupiter.engine.execution.InvocationInterceptorChain.proceed(InvocationInterceptorChain.java:64)
	at org.junit.jupiter.engine.execution.InvocationInterceptorChain.chainAndInvoke(InvocationInterceptorChain.java:45)
	at org.junit.jupiter.engine.execution.InvocationInterceptorChain.invoke(InvocationInterceptorChain.java:37)
	at org.junit.jupiter.engine.execution.ExecutableInvoker.invoke(ExecutableInvoker.java:104)
	at org.junit.jupiter.engine.execution.ExecutableInvoker.invoke(ExecutableInvoker.java:98)
	at org.junit.jupiter.engine.descriptor.TestMethodTestDescriptor.lambda$invokeTestMethod$6(TestMethodTestDescriptor.java:210)
	at org.junit.platform.engine.support.hierarchical.ThrowableCollector.execute(ThrowableCollector.java:73)
	at org.junit.jupiter.engine.descriptor.TestMethodTestDescriptor.invokeTestMethod(TestMethodTestDescriptor.java:206)
	at org.junit.jupiter.engine.descriptor.TestMethodTestDescriptor.execute(TestMethodTestDescriptor.java:131)
	at org.junit.jupiter.engine.descriptor.TestMethodTestDescriptor.execute(TestMethodTestDescriptor.java:65)
	at org.junit.platform.engine.support.hierarchical.NodeTestTask.lambda$executeRecursively$5(NodeTestTask.java:139)
	at org.junit.platform.engine.support.hierarchical.ThrowableCollector.execute(ThrowableCollector.java:73)
	at org.junit.platform.engine.support.hierarchical.NodeTestTask.lambda$executeRecursively$7(NodeTestTask.java:129)
	at org.junit.platform.engine.support.hierarchical.Node.around(Node.java:137)
	at org.junit.platform.engine.support.hierarchical.NodeTestTask.lambda$executeRecursively$8(NodeTestTask.java:127)
	at org.junit.platform.engine.support.hierarchical.ThrowableCollector.execute(ThrowableCollector.java:73)
	at org.junit.platform.engine.support.hierarchical.NodeTestTask.executeRecursively(NodeTestTask.java:126)
	at org.junit.platform.engine.support.hierarchical.NodeTestTask.execute(NodeTestTask.java:84)
	at java.util.ArrayList.forEach(ArrayList.java:1259)
	at org.junit.platform.engine.support.hierarchical.SameThreadHierarchicalTestExecutorService.invokeAll(SameThreadHierarchicalTestExecutorService.java:38)
	at org.junit.platform.engine.support.hierarchical.NodeTestTask.lambda$executeRecursively$5(NodeTestTask.java:143)
	at org.junit.platform.engine.support.hierarchical.ThrowableCollector.execute(ThrowableCollector.java:73)
	at org.junit.platform.engine.support.hierarchical.NodeTestTask.lambda$executeRecursively$7(NodeTestTask.java:129)
	at org.junit.platform.engine.support.hierarchical.Node.around(Node.java:137)
	at org.junit.platform.engine.support.hierarchical.NodeTestTask.lambda$executeRecursively$8(NodeTestTask.java:127)
	at org.junit.platform.engine.support.hierarchical.ThrowableCollector.execute(ThrowableCollector.java:73)
	at org.junit.platform.engine.support.hierarchical.NodeTestTask.executeRecursively(NodeTestTask.java:126)
	at org.junit.platform.engine.support.hierarchical.NodeTestTask.execute(NodeTestTask.java:84)
	at java.util.ArrayList.forEach(ArrayList.java:1259)
	at org.junit.platform.engine.support.hierarchical.SameThreadHierarchicalTestExecutorService.invokeAll(SameThreadHierarchicalTestExecutorService.java:38)
	at org.junit.platform.engine.support.hierarchical.NodeTestTask.lambda$executeRecursively$5(NodeTestTask.java:143)
	at org.junit.platform.engine.support.hierarchical.ThrowableCollector.execute(ThrowableCollector.java:73)
	at org.junit.platform.engine.support.hierarchical.NodeTestTask.lambda$executeRecursively$7(NodeTestTask.java:129)
	at org.junit.platform.engine.support.hierarchical.Node.around(Node.java:137)
	at org.junit.platform.engine.support.hierarchical.NodeTestTask.lambda$executeRecursively$8(NodeTestTask.java:127)
	at org.junit.platform.engine.support.hierarchical.ThrowableCollector.execute(ThrowableCollector.java:73)
	at org.junit.platform.engine.support.hierarchical.NodeTestTask.executeRecursively(NodeTestTask.java:126)
	at org.junit.platform.engine.support.hierarchical.NodeTestTask.execute(NodeTestTask.java:84)
	at org.junit.platform.engine.support.hierarchical.SameThreadHierarchicalTestExecutorService.submit(SameThreadHierarchicalTestExecutorService.java:32)
	at org.junit.platform.engine.support.hierarchical.HierarchicalTestExecutor.execute(HierarchicalTestExecutor.java:57)
	at org.junit.platform.engine.support.hierarchical.HierarchicalTestEngine.execute(HierarchicalTestEngine.java:51)
	at org.junit.platform.launcher.core.EngineExecutionOrchestrator.execute(EngineExecutionOrchestrator.java:108)
	at org.junit.platform.launcher.core.EngineExecutionOrchestrator.execute(EngineExecutionOrchestrator.java:88)
	at org.junit.platform.launcher.core.EngineExecutionOrchestrator.lambda$execute$0(EngineExecutionOrchestrator.java:54)
	at org.junit.platform.launcher.core.EngineExecutionOrchestrator.withInterceptedStreams(EngineExecutionOrchestrator.java:67)
	at org.junit.platform.launcher.core.EngineExecutionOrchestrator.execute(EngineExecutionOrchestrator.java:52)
	at org.junit.platform.launcher.core.DefaultLauncher.execute(DefaultLauncher.java:96)
	at org.junit.platform.launcher.core.DefaultLauncher.execute(DefaultLauncher.java:75)
	at org.apache.maven.surefire.junitplatform.JUnitPlatformProvider.invokeAllTests(JUnitPlatformProvider.java:165)
	at org.apache.maven.surefire.junitplatform.JUnitPlatformProvider.invoke(JUnitPlatformProvider.java:124)
	at org.apache.maven.surefire.booter.ForkedBooter.runSuitesInProcess(ForkedBooter.java:428)
	at org.apache.maven.surefire.booter.ForkedBooter.execute(ForkedBooter.java:162)
	at org.apache.maven.surefire.booter.ForkedBooter.run(ForkedBooter.java:562)
	at org.apache.maven.surefire.booter.ForkedBooter.main(ForkedBooter.java:548)
]]></stackTrace>
    </rerunFailure>
    <rerunFailure type="java.lang.AssertionError">
      <stackTrace><![CDATA[java.lang.AssertionError
	at org.junit.Assert.fail(Assert.java:87)
	at org.junit.Assert.assertTrue(Assert.java:42)
	at org.junit.Assert.assertTrue(Assert.java:53)
	at org.apache.hadoop.hdds.scm.TestRatisPipelineLeader.testLeaderIdUsedOnFirstCall(TestRatisPipelineLeader.java:85)
	at sun.reflect.NativeMethodAccessorImpl.invoke0(Native Method)
	at sun.reflect.NativeMethodAccessorImpl.invoke(NativeMethodAccessorImpl.java:62)
	at sun.reflect.DelegatingMethodAccessorImpl.invoke(DelegatingMethodAccessorImpl.java:43)
	at java.lang.reflect.Method.invoke(Method.java:498)
	at org.junit.platform.commons.util.ReflectionUtils.invokeMethod(ReflectionUtils.java:688)
	at org.junit.jupiter.engine.execution.MethodInvocation.proceed(MethodInvocation.java:60)
	at org.junit.jupiter.engine.execution.InvocationInterceptorChain$ValidatingInvocation.proceed(InvocationInterceptorChain.java:131)
	at org.junit.jupiter.engine.extension.TimeoutInvocation.proceed(TimeoutInvocation.java:46)
	at org.junit.jupiter.engine.extension.TimeoutExtension.intercept(TimeoutExtension.java:149)
	at org.junit.jupiter.engine.extension.TimeoutExtension.interceptTestableMethod(TimeoutExtension.java:140)
	at org.junit.jupiter.engine.extension.TimeoutExtension.interceptTestMethod(TimeoutExtension.java:84)
	at org.junit.jupiter.engine.execution.ExecutableInvoker$ReflectiveInterceptorCall.lambda$ofVoidMethod$0(ExecutableInvoker.java:115)
	at org.junit.jupiter.engine.execution.ExecutableInvoker.lambda$invoke$0(ExecutableInvoker.java:105)
	at org.junit.jupiter.engine.execution.InvocationInterceptorChain$InterceptedInvocation.proceed(InvocationInterceptorChain.java:106)
	at org.junit.jupiter.engine.execution.InvocationInterceptorChain.proceed(InvocationInterceptorChain.java:64)
	at org.junit.jupiter.engine.execution.InvocationInterceptorChain.chainAndInvoke(InvocationInterceptorChain.java:45)
	at org.junit.jupiter.engine.execution.InvocationInterceptorChain.invoke(InvocationInterceptorChain.java:37)
	at org.junit.jupiter.engine.execution.ExecutableInvoker.invoke(ExecutableInvoker.java:104)
	at org.junit.jupiter.engine.execution.ExecutableInvoker.invoke(ExecutableInvoker.java:98)
	at org.junit.jupiter.engine.descriptor.TestMethodTestDescriptor.lambda$invokeTestMethod$6(TestMethodTestDescriptor.java:210)
	at org.junit.platform.engine.support.hierarchical.ThrowableCollector.execute(ThrowableCollector.java:73)
	at org.junit.jupiter.engine.descriptor.TestMethodTestDescriptor.invokeTestMethod(TestMethodTestDescriptor.java:206)
	at org.junit.jupiter.engine.descriptor.TestMethodTestDescriptor.execute(TestMethodTestDescriptor.java:131)
	at org.junit.jupiter.engine.descriptor.TestMethodTestDescriptor.execute(TestMethodTestDescriptor.java:65)
	at org.junit.platform.engine.support.hierarchical.NodeTestTask.lambda$executeRecursively$5(NodeTestTask.java:139)
	at org.junit.platform.engine.support.hierarchical.ThrowableCollector.execute(ThrowableCollector.java:73)
	at org.junit.platform.engine.support.hierarchical.NodeTestTask.lambda$executeRecursively$7(NodeTestTask.java:129)
	at org.junit.platform.engine.support.hierarchical.Node.around(Node.java:137)
	at org.junit.platform.engine.support.hierarchical.NodeTestTask.lambda$executeRecursively$8(NodeTestTask.java:127)
	at org.junit.platform.engine.support.hierarchical.ThrowableCollector.execute(ThrowableCollector.java:73)
	at org.junit.platform.engine.support.hierarchical.NodeTestTask.executeRecursively(NodeTestTask.java:126)
	at org.junit.platform.engine.support.hierarchical.NodeTestTask.execute(NodeTestTask.java:84)
	at java.util.ArrayList.forEach(ArrayList.java:1259)
	at org.junit.platform.engine.support.hierarchical.SameThreadHierarchicalTestExecutorService.invokeAll(SameThreadHierarchicalTestExecutorService.java:38)
	at org.junit.platform.engine.support.hierarchical.NodeTestTask.lambda$executeRecursively$5(NodeTestTask.java:143)
	at org.junit.platform.engine.support.hierarchical.ThrowableCollector.execute(ThrowableCollector.java:73)
	at org.junit.platform.engine.support.hierarchical.NodeTestTask.lambda$executeRecursively$7(NodeTestTask.java:129)
	at org.junit.platform.engine.support.hierarchical.Node.around(Node.java:137)
	at org.junit.platform.engine.support.hierarchical.NodeTestTask.lambda$executeRecursively$8(NodeTestTask.java:127)
	at org.junit.platform.engine.support.hierarchical.ThrowableCollector.execute(ThrowableCollector.java:73)
	at org.junit.platform.engine.support.hierarchical.NodeTestTask.executeRecursively(NodeTestTask.java:126)
	at org.junit.platform.engine.support.hierarchical.NodeTestTask.execute(NodeTestTask.java:84)
	at java.util.ArrayList.forEach(ArrayList.java:1259)
	at org.junit.platform.engine.support.hierarchical.SameThreadHierarchicalTestExecutorService.invokeAll(SameThreadHierarchicalTestExecutorService.java:38)
	at org.junit.platform.engine.support.hierarchical.NodeTestTask.lambda$executeRecursively$5(NodeTestTask.java:143)
	at org.junit.platform.engine.support.hierarchical.ThrowableCollector.execute(ThrowableCollector.java:73)
	at org.junit.platform.engine.support.hierarchical.NodeTestTask.lambda$executeRecursively$7(NodeTestTask.java:129)
	at org.junit.platform.engine.support.hierarchical.Node.around(Node.java:137)
	at org.junit.platform.engine.support.hierarchical.NodeTestTask.lambda$executeRecursively$8(NodeTestTask.java:127)
	at org.junit.platform.engine.support.hierarchical.ThrowableCollector.execute(ThrowableCollector.java:73)
	at org.junit.platform.engine.support.hierarchical.NodeTestTask.executeRecursively(NodeTestTask.java:126)
	at org.junit.platform.engine.support.hierarchical.NodeTestTask.execute(NodeTestTask.java:84)
	at org.junit.platform.engine.support.hierarchical.SameThreadHierarchicalTestExecutorService.submit(SameThreadHierarchicalTestExecutorService.java:32)
	at org.junit.platform.engine.support.hierarchical.HierarchicalTestExecutor.execute(HierarchicalTestExecutor.java:57)
	at org.junit.platform.engine.support.hierarchical.HierarchicalTestEngine.execute(HierarchicalTestEngine.java:51)
	at org.junit.platform.launcher.core.EngineExecutionOrchestrator.execute(EngineExecutionOrchestrator.java:108)
	at org.junit.platform.launcher.core.EngineExecutionOrchestrator.execute(EngineExecutionOrchestrator.java:88)
	at org.junit.platform.launcher.core.EngineExecutionOrchestrator.lambda$execute$0(EngineExecutionOrchestrator.java:54)
	at org.junit.platform.launcher.core.EngineExecutionOrchestrator.withInterceptedStreams(EngineExecutionOrchestrator.java:67)
	at org.junit.platform.launcher.core.EngineExecutionOrchestrator.execute(EngineExecutionOrchestrator.java:52)
	at org.junit.platform.launcher.core.DefaultLauncher.execute(DefaultLauncher.java:96)
	at org.junit.platform.launcher.core.DefaultLauncher.execute(DefaultLauncher.java:75)
	at org.apache.maven.surefire.junitplatform.JUnitPlatformProvider.invokeAllTests(JUnitPlatformProvider.java:165)
	at org.apache.maven.surefire.junitplatform.JUnitPlatformProvider.invoke(JUnitPlatformProvider.java:124)
	at org.apache.maven.surefire.booter.ForkedBooter.runSuitesInProcess(ForkedBooter.java:428)
	at org.apache.maven.surefire.booter.ForkedBooter.execute(ForkedBooter.java:162)
	at org.apache.maven.surefire.booter.ForkedBooter.run(ForkedBooter.java:562)
	at org.apache.maven.surefire.booter.ForkedBooter.main(ForkedBooter.java:548)
]]></stackTrace>
    </rerunFailure>
  </testcase>
</testsuite>