<?xml version="1.0" encoding="UTF-8"?>
<testsuite xmlns:xsi="http://www.w3.org/2001/XMLSchema-instance" xsi:noNamespaceSchemaLocation="https://maven.apache.org/surefire/maven-surefire-plugin/xsd/surefire-test-report.xsd" name="org.apache.hadoop.ozone.client.rpc.TestBlockOutputStreamWithFailuresFlushDelay" time="699.623" tests="5" errors="1" skipped="0" failures="0">
  <properties>
    <property name="awt.toolkit" value="sun.awt.X11.XToolkit"/>
    <property name="file.encoding.pkg" value="sun.io"/>
    <property name="java.specification.version" value="1.8"/>
    <property name="sun.cpu.isalist" value=""/>
    <property name="sun.jnu.encoding" value="UTF-8"/>
    <property name="java.class.path" value="/home/runner/work/ozone/ozone/hadoop-ozone/integration-test/target/test-classes:/home/runner/work/ozone/ozone/hadoop-ozone/integration-test/target/classes:/home/runner/.m2/repository/org/apache/ozone/ozone-common/1.3.0-SNAPSHOT/ozone-common-1.3.0-SNAPSHOT.jar:/home/runner/.m2/repository/org/apache/commons/commons-compress/1.21/commons-compress-1.21.jar:/home/runner/.m2/repository/org/apache/ozone/hdds-common/1.3.0-SNAPSHOT/hdds-common-1.3.0-SNAPSHOT.jar:/home/runner/.m2/repository/org/apache/ozone/hdds-client/1.3.0-SNAPSHOT/hdds-client-1.3.0-SNAPSHOT.jar:/home/runner/.m2/repository/org/apache/ozone/ozone-interface-client/1.3.0-SNAPSHOT/ozone-interface-client-1.3.0-SNAPSHOT.jar:/home/runner/.m2/repository/org/apache/ozone/hdds-test-utils/1.3.0-SNAPSHOT/hdds-test-utils-1.3.0-SNAPSHOT.jar:/home/runner/.m2/repository/com/google/guava/guava/30.1.1-jre/guava-30.1.1-jre.jar:/home/runner/.m2/repository/com/google/guava/failureaccess/1.0.1/failureaccess-1.0.1.jar:/home/runner/.m2/repository/com/google/guava/listenablefuture/9999.0-empty-to-avoid-conflict-with-guava/listenablefuture-9999.0-empty-to-avoid-conflict-with-guava.jar:/home/runner/.m2/repository/com/google/code/findbugs/jsr305/3.0.0/jsr305-3.0.0.jar:/home/runner/.m2/repository/org/checkerframework/checker-qual/3.8.0/checker-qual-3.8.0.jar:/home/runner/.m2/repository/com/google/errorprone/error_prone_annotations/2.2.0/error_prone_annotations-2.2.0.jar:/home/runner/.m2/repository/com/google/j2objc/j2objc-annotations/1.3/j2objc-annotations-1.3.jar:/home/runner/.m2/repository/commons-io/commons-io/2.11.0/commons-io-2.11.0.jar:/home/runner/.m2/repository/commons-logging/commons-logging/1.2/commons-logging-1.2.jar:/home/runner/.m2/repository/log4j/log4j/1.2.17/log4j-1.2.17.jar:/home/runner/.m2/repository/org/slf4j/slf4j-api/1.7.30/slf4j-api-1.7.30.jar:/home/runner/.m2/repository/org/apache/ozone/hdds-server-scm/1.3.0-SNAPSHOT/hdds-server-scm-1.3.0-SNAPSHOT.jar:/home/runner/.m2/repository/org/apache/ozone/hdds-container-service/1.3.0-SNAPSHOT/hdds-container-service-1.3.0-SNAPSHOT.jar:/home/runner/.m2/repository/org/apache/ozone/hdds-hadoop-dependency-server/1.3.0-SNAPSHOT/hdds-hadoop-dependency-server-1.3.0-SNAPSHOT.jar:/home/runner/.m2/repository/org/apache/hadoop/hadoop-hdfs/3.3.1/hadoop-hdfs-3.3.1.jar:/home/runner/.m2/repository/org/apache/ozone/hdds-server-framework/1.3.0-SNAPSHOT/hdds-server-framework-1.3.0-SNAPSHOT.jar:/home/runner/.m2/repository/org/apache/ozone/hdds-interface-server/1.3.0-SNAPSHOT/hdds-interface-server-1.3.0-SNAPSHOT.jar:/home/runner/.m2/repository/org/eclipse/jetty/jetty-servlet/9.4.43.v20210629/jetty-servlet-9.4.43.v20210629.jar:/home/runner/.m2/repository/org/eclipse/jetty/jetty-security/9.4.43.v20210629/jetty-security-9.4.43.v20210629.jar:/home/runner/.m2/repository/org/rocksdb/rocksdbjni/6.25.3/rocksdbjni-6.25.3.jar:/home/runner/.m2/repository/io/prometheus/simpleclient_dropwizard/0.7.0/simpleclient_dropwizard-0.7.0.jar:/home/runner/.m2/repository/io/prometheus/simpleclient/0.7.0/simpleclient-0.7.0.jar:/home/runner/.m2/repository/io/prometheus/simpleclient_common/0.7.0/simpleclient_common-0.7.0.jar:/home/runner/.m2/repository/com/fasterxml/jackson/datatype/jackson-datatype-jsr310/2.12.1/jackson-datatype-jsr310-2.12.1.jar:/home/runner/.m2/repository/io/dropwizard/metrics/metrics-core/3.2.4/metrics-core-3.2.4.jar:/home/runner/.m2/repository/org/apache/hadoop/hadoop-hdfs-client/3.3.1/hadoop-hdfs-client-3.3.1.jar:/home/runner/.m2/repository/org/bouncycastle/bcprov-jdk15on/1.67/bcprov-jdk15on-1.67.jar:/home/runner/.m2/repository/com/google/protobuf/protobuf-java/2.5.0/protobuf-java-2.5.0.jar:/home/runner/.m2/repository/org/apache/ozone/ozone-manager/1.3.0-SNAPSHOT/ozone-manager-1.3.0-SNAPSHOT.jar:/home/runner/.m2/repository/org/aspectj/aspectjrt/1.9.7/aspectjrt-1.9.7.jar:/home/runner/.m2/repository/org/aspectj/aspectjweaver/1.9.7/aspectjweaver-1.9.7.jar:/home/runner/.m2/repository/org/apache/ozone/hdds-interface-client/1.3.0-SNAPSHOT/hdds-interface-client-1.3.0-SNAPSHOT.jar:/home/runner/.m2/repository/org/apache/hadoop/thirdparty/hadoop-shaded-protobuf_3_7/1.1.1/hadoop-shaded-protobuf_3_7-1.1.1.jar:/home/runner/.m2/repository/org/apache/ozone/ozone-interface-storage/1.3.0-SNAPSHOT/ozone-interface-storage-1.3.0-SNAPSHOT.jar:/home/runner/.m2/repository/org/reflections/reflections/0.9.11/reflections-0.9.11.jar:/home/runner/.m2/repository/org/apache/hadoop/hadoop-minikdc/3.3.1/hadoop-minikdc-3.3.1.jar:/home/runner/.m2/repository/org/apache/kerby/kerb-simplekdc/1.0.1/kerb-simplekdc-1.0.1.jar:/home/runner/.m2/repository/org/apache/kerby/kerb-client/1.0.1/kerb-client-1.0.1.jar:/home/runner/.m2/repository/org/apache/kerby/kerby-config/1.0.1/kerby-config-1.0.1.jar:/home/runner/.m2/repository/org/apache/kerby/kerb-common/1.0.1/kerb-common-1.0.1.jar:/home/runner/.m2/repository/org/apache/kerby/kerb-crypto/1.0.1/kerb-crypto-1.0.1.jar:/home/runner/.m2/repository/org/apache/kerby/kerb-util/1.0.1/kerb-util-1.0.1.jar:/home/runner/.m2/repository/org/apache/kerby/token-provider/1.0.1/token-provider-1.0.1.jar:/home/runner/.m2/repository/org/apache/kerby/kerb-admin/1.0.1/kerb-admin-1.0.1.jar:/home/runner/.m2/repository/org/apache/kerby/kerb-server/1.0.1/kerb-server-1.0.1.jar:/home/runner/.m2/repository/org/apache/kerby/kerb-identity/1.0.1/kerb-identity-1.0.1.jar:/home/runner/.m2/repository/org/apache/kerby/kerby-xdr/1.0.1/kerby-xdr-1.0.1.jar:/home/runner/.m2/repository/org/slf4j/slf4j-log4j12/1.7.30/slf4j-log4j12-1.7.30.jar:/home/runner/.m2/repository/org/apache/ozone/ozone-s3gateway/1.3.0-SNAPSHOT/ozone-s3gateway-1.3.0-SNAPSHOT.jar:/home/runner/.m2/repository/org/javassist/javassist/3.21.0-GA/javassist-3.21.0-GA.jar:/home/runner/.m2/repository/org/jboss/weld/servlet/weld-servlet/2.4.7.Final/weld-servlet-2.4.7.Final.jar:/home/runner/.m2/repository/org/glassfish/jersey/containers/jersey-container-servlet-core/2.33/jersey-container-servlet-core-2.33.jar:/home/runner/.m2/repository/org/glassfish/hk2/external/jakarta.inject/2.6.1/jakarta.inject-2.6.1.jar:/home/runner/.m2/repository/org/glassfish/jersey/core/jersey-common/2.33/jersey-common-2.33.jar:/home/runner/.m2/repository/jakarta/ws/rs/jakarta.ws.rs-api/2.1.6/jakarta.ws.rs-api-2.1.6.jar:/home/runner/.m2/repository/org/glassfish/jersey/ext/cdi/jersey-cdi1x/2.33/jersey-cdi1x-2.33.jar:/home/runner/.m2/repository/org/glassfish/jersey/inject/jersey-hk2/2.33/jersey-hk2-2.33.jar:/home/runner/.m2/repository/org/glassfish/hk2/hk2-locator/2.6.1/hk2-locator-2.6.1.jar:/home/runner/.m2/repository/org/glassfish/jersey/media/jersey-media-jaxb/2.33/jersey-media-jaxb-2.33.jar:/home/runner/.m2/repository/org/glassfish/hk2/osgi-resource-locator/1.0.3/osgi-resource-locator-1.0.3.jar:/home/runner/.m2/repository/org/glassfish/hk2/hk2-api/2.5.0/hk2-api-2.5.0.jar:/home/runner/.m2/repository/org/glassfish/hk2/hk2-utils/2.5.0/hk2-utils-2.5.0.jar:/home/runner/.m2/repository/org/glassfish/hk2/external/aopalliance-repackaged/2.5.0/aopalliance-repackaged-2.5.0.jar:/home/runner/.m2/repository/com/fasterxml/jackson/dataformat/jackson-dataformat-xml/2.12.1/jackson-dataformat-xml-2.12.1.jar:/home/runner/.m2/repository/com/fasterxml/jackson/core/jackson-core/2.12.1/jackson-core-2.12.1.jar:/home/runner/.m2/repository/com/fasterxml/jackson/module/jackson-module-jaxb-annotations/2.12.1/jackson-module-jaxb-annotations-2.12.1.jar:/home/runner/.m2/repository/jakarta/xml/bind/jakarta.xml.bind-api/2.3.2/jakarta.xml.bind-api-2.3.2.jar:/home/runner/.m2/repository/org/codehaus/woodstox/stax2-api/3.1.4/stax2-api-3.1.4.jar:/home/runner/.m2/repository/com/fasterxml/woodstox/woodstox-core/5.0.3/woodstox-core-5.0.3.jar:/home/runner/.m2/repository/javax/enterprise/cdi-api/1.2/cdi-api-1.2.jar:/home/runner/.m2/repository/javax/el/javax.el-api/3.0.0/javax.el-api-3.0.0.jar:/home/runner/.m2/repository/javax/interceptor/javax.interceptor-api/1.2/javax.interceptor-api-1.2.jar:/home/runner/.m2/repository/javax/inject/javax.inject/1/javax.inject-1.jar:/home/runner/.m2/repository/javax/xml/bind/jaxb-api/2.3.0/jaxb-api-2.3.0.jar:/home/runner/.m2/repository/org/glassfish/jaxb/jaxb-runtime/2.3.0.1/jaxb-runtime-2.3.0.1.jar:/home/runner/.m2/repository/org/glassfish/jaxb/jaxb-core/2.3.0.1/jaxb-core-2.3.0.1.jar:/home/runner/.m2/repository/org/glassfish/jaxb/txw2/2.3.0.1/txw2-2.3.0.1.jar:/home/runner/.m2/repository/com/sun/istack/istack-commons-runtime/3.0.5/istack-commons-runtime-3.0.5.jar:/home/runner/.m2/repository/org/jvnet/staxex/stax-ex/1.7.8/stax-ex-1.7.8.jar:/home/runner/.m2/repository/com/sun/xml/fastinfoset/FastInfoset/1.2.13/FastInfoset-1.2.13.jar:/home/runner/.m2/repository/javax/activation/activation/1.1.1/activation-1.1.1.jar:/home/runner/.m2/repository/org/apache/ozone/ozone-csi/1.3.0-SNAPSHOT/ozone-csi-1.3.0-SNAPSHOT.jar:/home/runner/.m2/repository/com/google/protobuf/protobuf-java-util/3.12.0/protobuf-java-util-3.12.0.jar:/home/runner/.m2/repository/com/google/code/gson/gson/2.2.4/gson-2.2.4.jar:/home/runner/.m2/repository/org/apache/ozone/hdds-config/1.3.0-SNAPSHOT/hdds-config-1.3.0-SNAPSHOT.jar:/home/runner/.m2/repository/io/grpc/grpc-netty/1.33.0/grpc-netty-1.33.0.jar:/home/runner/.m2/repository/io/grpc/grpc-core/1.33.0/grpc-core-1.33.0.jar:/home/runner/.m2/repository/com/google/android/annotations/4.1.1.4/annotations-4.1.1.4.jar:/home/runner/.m2/repository/io/netty/netty-codec-http2/4.1.63.Final/netty-codec-http2-4.1.63.Final.jar:/home/runner/.m2/repository/io/netty/netty-codec-http/4.1.63.Final/netty-codec-http-4.1.63.Final.jar:/home/runner/.m2/repository/io/netty/netty-handler-proxy/4.1.63.Final/netty-handler-proxy-4.1.63.Final.jar:/home/runner/.m2/repository/io/netty/netty-codec-socks/4.1.63.Final/netty-codec-socks-4.1.63.Final.jar:/home/runner/.m2/repository/io/perfmark/perfmark-api/0.19.0/perfmark-api-0.19.0.jar:/home/runner/.m2/repository/org/codehaus/mojo/animal-sniffer-annotations/1.18/animal-sniffer-annotations-1.18.jar:/home/runner/.m2/repository/io/netty/netty-transport-native-epoll/4.1.63.Final/netty-transport-native-epoll-4.1.63.Final.jar:/home/runner/.m2/repository/io/netty/netty-common/4.1.63.Final/netty-common-4.1.63.Final.jar:/home/runner/.m2/repository/io/netty/netty-buffer/4.1.63.Final/netty-buffer-4.1.63.Final.jar:/home/runner/.m2/repository/io/netty/netty-transport-native-unix-common/4.1.63.Final/netty-transport-native-unix-common-4.1.63.Final.jar:/home/runner/.m2/repository/io/grpc/grpc-protobuf/1.33.0/grpc-protobuf-1.33.0.jar:/home/runner/.m2/repository/io/grpc/grpc-api/1.33.0/grpc-api-1.33.0.jar:/home/runner/.m2/repository/io/grpc/grpc-context/1.33.0/grpc-context-1.33.0.jar:/home/runner/.m2/repository/com/google/api/grpc/proto-google-common-protos/1.17.0/proto-google-common-protos-1.17.0.jar:/home/runner/.m2/repository/io/grpc/grpc-protobuf-lite/1.33.0/grpc-protobuf-lite-1.33.0.jar:/home/runner/.m2/repository/io/grpc/grpc-stub/1.33.0/grpc-stub-1.33.0.jar:/home/runner/.m2/repository/org/apache/ozone/ozone-recon/1.3.0-SNAPSHOT/ozone-recon-1.3.0-SNAPSHOT.jar:/home/runner/.m2/repository/org/apache/ozone/ozone-reconcodegen/1.3.0-SNAPSHOT/ozone-reconcodegen-1.3.0-SNAPSHOT.jar:/home/runner/.m2/repository/com/google/inject/extensions/guice-multibindings/4.0/guice-multibindings-4.0.jar:/home/runner/.m2/repository/com/google/inject/guice/4.0/guice-4.0.jar:/home/runner/.m2/repository/aopalliance/aopalliance/1.0/aopalliance-1.0.jar:/home/runner/.m2/repository/com/google/inject/extensions/guice-assistedinject/4.0/guice-assistedinject-4.0.jar:/home/runner/.m2/repository/com/google/inject/extensions/guice-servlet/4.0/guice-servlet-4.0.jar:/home/runner/.m2/repository/org/glassfish/jersey/containers/jersey-container-servlet/2.33/jersey-container-servlet-2.33.jar:/home/runner/.m2/repository/org/glassfish/hk2/guice-bridge/2.5.0/guice-bridge-2.5.0.jar:/home/runner/.m2/repository/org/glassfish/jersey/core/jersey-server/2.33/jersey-server-2.33.jar:/home/runner/.m2/repository/org/glassfish/jersey/core/jersey-client/2.33/jersey-client-2.33.jar:/home/runner/.m2/repository/jakarta/annotation/jakarta.annotation-api/1.3.5/jakarta.annotation-api-1.3.5.jar:/home/runner/.m2/repository/jakarta/validation/jakarta.validation-api/2.0.2/jakarta.validation-api-2.0.2.jar:/home/runner/.m2/repository/org/glassfish/jersey/media/jersey-media-json-jackson/2.33/jersey-media-json-jackson-2.33.jar:/home/runner/.m2/repository/org/glassfish/jersey/ext/jersey-entity-filtering/2.33/jersey-entity-filtering-2.33.jar:/home/runner/.m2/repository/org/jooq/jooq/3.11.10/jooq-3.11.10.jar:/home/runner/.m2/repository/org/jooq/jooq-meta/3.11.10/jooq-meta-3.11.10.jar:/home/runner/.m2/repository/org/jooq/jooq-codegen/3.11.10/jooq-codegen-3.11.10.jar:/home/runner/.m2/repository/com/jolbox/bonecp/0.8.0.RELEASE/bonecp-0.8.0.RELEASE.jar:/home/runner/.m2/repository/org/apache/derby/derby/10.14.2.0/derby-10.14.2.0.jar:/home/runner/.m2/repository/org/xerial/sqlite-jdbc/3.25.2/sqlite-jdbc-3.25.2.jar:/home/runner/.m2/repository/org/springframework/spring-jdbc/5.2.18.RELEASE/spring-jdbc-5.2.18.RELEASE.jar:/home/runner/.m2/repository/org/springframework/spring-beans/5.2.18.RELEASE/spring-beans-5.2.18.RELEASE.jar:/home/runner/.m2/repository/org/springframework/spring-core/5.2.18.RELEASE/spring-core-5.2.18.RELEASE.jar:/home/runner/.m2/repository/org/springframework/spring-jcl/5.2.18.RELEASE/spring-jcl-5.2.18.RELEASE.jar:/home/runner/.m2/repository/org/springframework/spring-tx/5.2.18.RELEASE/spring-tx-5.2.18.RELEASE.jar:/home/runner/.m2/repository/org/apache/ozone/ozone-client/1.3.0-SNAPSHOT/ozone-client-1.3.0-SNAPSHOT.jar:/home/runner/.m2/repository/org/apache/ozone/ozone-filesystem/1.3.0-SNAPSHOT/ozone-filesystem-1.3.0-SNAPSHOT.jar:/home/runner/.m2/repository/org/apache/ozone/ozone-filesystem-common/1.3.0-SNAPSHOT/ozone-filesystem-common-1.3.0-SNAPSHOT.jar:/home/runner/.m2/repository/org/apache/ozone/ozone-tools/1.3.0-SNAPSHOT/ozone-tools-1.3.0-SNAPSHOT.jar:/home/runner/.m2/repository/org/apache/ratis/ratis-tools/2.2.0/ratis-tools-2.2.0.jar:/home/runner/.m2/repository/com/amazonaws/aws-java-sdk-core/1.12.124/aws-java-sdk-core-1.12.124.jar:/home/runner/.m2/repository/org/apache/httpcomponents/httpclient/4.5.13/httpclient-4.5.13.jar:/home/runner/.m2/repository/org/apache/httpcomponents/httpcore/4.4.13/httpcore-4.4.13.jar:/home/runner/.m2/repository/software/amazon/ion/ion-java/1.0.2/ion-java-1.0.2.jar:/home/runner/.m2/repository/com/fasterxml/jackson/dataformat/jackson-dataformat-cbor/2.12.1/jackson-dataformat-cbor-2.12.1.jar:/home/runner/.m2/repository/joda-time/joda-time/2.8.1/joda-time-2.8.1.jar:/home/runner/.m2/repository/com/amazonaws/aws-java-sdk-s3/1.12.124/aws-java-sdk-s3-1.12.124.jar:/home/runner/.m2/repository/com/amazonaws/aws-java-sdk-kms/1.12.124/aws-java-sdk-kms-1.12.124.jar:/home/runner/.m2/repository/com/amazonaws/jmespath-java/1.12.124/jmespath-java-1.12.124.jar:/home/runner/.m2/repository/org/kohsuke/metainf-services/metainf-services/1.8/metainf-services-1.8.jar:/home/runner/.m2/repository/org/apache/ozone/hdds-tools/1.3.0-SNAPSHOT/hdds-tools-1.3.0-SNAPSHOT.jar:/home/runner/.m2/repository/commons-cli/commons-cli/1.2/commons-cli-1.2.jar:/home/runner/.m2/repository/org/apache/commons/commons-lang3/3.7/commons-lang3-3.7.jar:/home/runner/.m2/repository/org/apache/ozone/ozone-manager/1.3.0-SNAPSHOT/ozone-manager-1.3.0-SNAPSHOT-tests.jar:/home/runner/.m2/repository/org/apache/ozone/hdds-common/1.3.0-SNAPSHOT/hdds-common-1.3.0-SNAPSHOT-tests.jar:/home/runner/.m2/repository/org/apache/ozone/hdds-hadoop-dependency-client/1.3.0-SNAPSHOT/hdds-hadoop-dependency-client-1.3.0-SNAPSHOT.jar:/home/runner/.m2/repository/info/picocli/picocli/4.6.1/picocli-4.6.1.jar:/home/runner/.m2/repository/com/fasterxml/jackson/core/jackson-annotations/2.12.1/jackson-annotations-2.12.1.jar:/home/runner/.m2/repository/javax/annotation/javax.annotation-api/1.2/javax.annotation-api-1.2.jar:/home/runner/.m2/repository/org/apache/ratis/ratis-server/2.2.0/ratis-server-2.2.0.jar:/home/runner/.m2/repository/org/apache/ratis/ratis-client/2.2.0/ratis-client-2.2.0.jar:/home/runner/.m2/repository/org/apache/ratis/ratis-server-api/2.2.0/ratis-server-api-2.2.0.jar:/home/runner/.m2/repository/org/apache/ratis/ratis-metrics/2.2.0/ratis-metrics-2.2.0.jar:/home/runner/.m2/repository/org/apache/ratis/ratis-netty/2.2.0/ratis-netty-2.2.0.jar:/home/runner/.m2/repository/org/apache/ratis/ratis-grpc/2.2.0/ratis-grpc-2.2.0.jar:/home/runner/.m2/repository/org/apache/logging/log4j/log4j-api/2.17.1/log4j-api-2.17.1.jar:/home/runner/.m2/repository/org/apache/logging/log4j/log4j-core/2.17.1/log4j-core-2.17.1.jar:/home/runner/.m2/repository/com/lmax/disruptor/3.4.2/disruptor-3.4.2.jar:/home/runner/.m2/repository/org/apache/commons/commons-pool2/2.6.0/commons-pool2-2.6.0.jar:/home/runner/.m2/repository/org/bouncycastle/bcpkix-jdk15on/1.67/bcpkix-jdk15on-1.67.jar:/home/runner/.m2/repository/commons-validator/commons-validator/1.6/commons-validator-1.6.jar:/home/runner/.m2/repository/commons-beanutils/commons-beanutils/1.9.4/commons-beanutils-1.9.4.jar:/home/runner/.m2/repository/commons-digester/commons-digester/1.8.1/commons-digester-1.8.1.jar:/home/runner/.m2/repository/commons-collections/commons-collections/3.2.2/commons-collections-3.2.2.jar:/home/runner/.m2/repository/io/jaegertracing/jaeger-client/1.6.0/jaeger-client-1.6.0.jar:/home/runner/.m2/repository/io/jaegertracing/jaeger-thrift/1.6.0/jaeger-thrift-1.6.0.jar:/home/runner/.m2/repository/org/apache/thrift/libthrift/0.14.1/libthrift-0.14.1.jar:/home/runner/.m2/repository/com/squareup/okhttp3/okhttp/4.9.0/okhttp-4.9.0.jar:/home/runner/.m2/repository/com/squareup/okio/okio/2.8.0/okio-2.8.0.jar:/home/runner/.m2/repository/io/jaegertracing/jaeger-core/1.6.0/jaeger-core-1.6.0.jar:/home/runner/.m2/repository/io/jaegertracing/jaeger-tracerresolver/1.6.0/jaeger-tracerresolver-1.6.0.jar:/home/runner/.m2/repository/io/opentracing/contrib/opentracing-tracerresolver/0.1.8/opentracing-tracerresolver-0.1.8.jar:/home/runner/.m2/repository/org/jetbrains/kotlin/kotlin-stdlib/1.4.31/kotlin-stdlib-1.4.31.jar:/home/runner/.m2/repository/org/jetbrains/kotlin/kotlin-stdlib-common/1.4.31/kotlin-stdlib-common-1.4.31.jar:/home/runner/.m2/repository/org/jetbrains/annotations/13.0/annotations-13.0.jar:/home/runner/.m2/repository/io/opentracing/opentracing-util/0.33.0/opentracing-util-0.33.0.jar:/home/runner/.m2/repository/io/opentracing/opentracing-api/0.33.0/opentracing-api-0.33.0.jar:/home/runner/.m2/repository/io/opentracing/opentracing-noop/0.33.0/opentracing-noop-0.33.0.jar:/home/runner/.m2/repository/org/yaml/snakeyaml/1.26/snakeyaml-1.26.jar:/home/runner/.m2/repository/org/apache/ozone/hdds-interface-admin/1.3.0-SNAPSHOT/hdds-interface-admin-1.3.0-SNAPSHOT.jar:/home/runner/.m2/repository/junit/junit/4.13.1/junit-4.13.1.jar:/home/runner/.m2/repository/org/hamcrest/hamcrest-core/1.3/hamcrest-core-1.3.jar:/home/runner/.m2/repository/org/junit/jupiter/junit-jupiter-api/5.7.0/junit-jupiter-api-5.7.0.jar:/home/runner/.m2/repository/org/apiguardian/apiguardian-api/1.1.0/apiguardian-api-1.1.0.jar:/home/runner/.m2/repository/org/opentest4j/opentest4j/1.2.0/opentest4j-1.2.0.jar:/home/runner/.m2/repository/org/junit/platform/junit-platform-commons/1.7.0/junit-platform-commons-1.7.0.jar:/home/runner/.m2/repository/org/junit/jupiter/junit-jupiter-engine/5.7.0/junit-jupiter-engine-5.7.0.jar:/home/runner/.m2/repository/org/junit/platform/junit-platform-engine/1.7.0/junit-platform-engine-1.7.0.jar:/home/runner/.m2/repository/org/junit/vintage/junit-vintage-engine/5.7.0/junit-vintage-engine-5.7.0.jar:/home/runner/.m2/repository/org/junit/platform/junit-platform-launcher/1.7.0/junit-platform-launcher-1.7.0.jar:/home/runner/.m2/repository/org/openjdk/jmh/jmh-core/1.19/jmh-core-1.19.jar:/home/runner/.m2/repository/net/sf/jopt-simple/jopt-simple/4.6/jopt-simple-4.6.jar:/home/runner/.m2/repository/org/apache/commons/commons-math3/3.1.1/commons-math3-3.1.1.jar:/home/runner/.m2/repository/org/openjdk/jmh/jmh-generator-annprocess/1.19/jmh-generator-annprocess-1.19.jar:/home/runner/.m2/repository/org/mockito/mockito-core/2.28.2/mockito-core-2.28.2.jar:/home/runner/.m2/repository/net/bytebuddy/byte-buddy/1.9.10/byte-buddy-1.9.10.jar:/home/runner/.m2/repository/net/bytebuddy/byte-buddy-agent/1.9.10/byte-buddy-agent-1.9.10.jar:/home/runner/.m2/repository/org/objenesis/objenesis/1.0/objenesis-1.0.jar:/home/runner/.m2/repository/org/apache/hadoop/hadoop-kms/3.3.1/hadoop-kms-3.3.1.jar:/home/runner/.m2/repository/org/apache/hadoop/hadoop-auth/3.3.1/hadoop-auth-3.3.1.jar:/home/runner/.m2/repository/com/nimbusds/nimbus-jose-jwt/7.9/nimbus-jose-jwt-7.9.jar:/home/runner/.m2/repository/com/github/stephenc/jcip/jcip-annotations/1.0-1/jcip-annotations-1.0-1.jar:/home/runner/.m2/repository/net/minidev/json-smart/2.3.1/json-smart-2.3.1.jar:/home/runner/.m2/repository/net/minidev/accessors-smart/2.3.1/accessors-smart-2.3.1.jar:/home/runner/.m2/repository/org/ow2/asm/asm/5.0.4/asm-5.0.4.jar:/home/runner/.m2/repository/org/apache/zookeeper/zookeeper/3.5.6/zookeeper-3.5.6.jar:/home/runner/.m2/repository/org/apache/zookeeper/zookeeper-jute/3.5.6/zookeeper-jute-3.5.6.jar:/home/runner/.m2/repository/org/apache/yetus/audience-annotations/0.5.0/audience-annotations-0.5.0.jar:/home/runner/.m2/repository/org/apache/curator/curator-framework/4.2.0/curator-framework-4.2.0.jar:/home/runner/.m2/repository/org/apache/hadoop/thirdparty/hadoop-shaded-guava/1.1.1/hadoop-shaded-guava-1.1.1.jar:/home/runner/.m2/repository/com/sun/jersey/jersey-core/1.19/jersey-core-1.19.jar:/home/runner/.m2/repository/javax/ws/rs/jsr311-api/1.1.1/jsr311-api-1.1.1.jar:/home/runner/.m2/repository/com/sun/jersey/jersey-server/1.19/jersey-server-1.19.jar:/home/runner/.m2/repository/javax/servlet/javax.servlet-api/3.1.0/javax.servlet-api-3.1.0.jar:/home/runner/.m2/repository/org/eclipse/jetty/jetty-server/9.4.43.v20210629/jetty-server-9.4.43.v20210629.jar:/home/runner/.m2/repository/org/eclipse/jetty/jetty-http/9.4.43.v20210629/jetty-http-9.4.43.v20210629.jar:/home/runner/.m2/repository/org/eclipse/jetty/jetty-io/9.4.43.v20210629/jetty-io-9.4.43.v20210629.jar:/home/runner/.m2/repository/org/eclipse/jetty/jetty-webapp/9.4.43.v20210629/jetty-webapp-9.4.43.v20210629.jar:/home/runner/.m2/repository/org/eclipse/jetty/jetty-xml/9.4.43.v20210629/jetty-xml-9.4.43.v20210629.jar:/home/runner/.m2/repository/org/apache/hadoop/hadoop-common/3.3.1/hadoop-common-3.3.1.jar:/home/runner/.m2/repository/commons-net/commons-net/3.6/commons-net-3.6.jar:/home/runner/.m2/repository/jakarta/activation/jakarta.activation-api/1.2.1/jakarta.activation-api-1.2.1.jar:/home/runner/.m2/repository/com/sun/jersey/jersey-servlet/1.19/jersey-servlet-1.19.jar:/home/runner/.m2/repository/com/sun/jersey/jersey-json/1.19/jersey-json-1.19.jar:/home/runner/.m2/repository/org/codehaus/jettison/jettison/1.1/jettison-1.1.jar:/home/runner/.m2/repository/com/sun/xml/bind/jaxb-impl/2.2.3-1/jaxb-impl-2.2.3-1.jar:/home/runner/.m2/repository/org/codehaus/jackson/jackson-jaxrs/1.9.2/jackson-jaxrs-1.9.2.jar:/home/runner/.m2/repository/org/codehaus/jackson/jackson-xc/1.9.2/jackson-xc-1.9.2.jar:/home/runner/.m2/repository/org/apache/commons/commons-configuration2/2.1.1/commons-configuration2-2.1.1.jar:/home/runner/.m2/repository/org/apache/commons/commons-text/1.4/commons-text-1.4.jar:/home/runner/.m2/repository/com/google/re2j/re2j/1.1/re2j-1.1.jar:/home/runner/.m2/repository/com/jcraft/jsch/0.1.54/jsch-0.1.54.jar:/home/runner/.m2/repository/org/apache/curator/curator-client/4.2.0/curator-client-4.2.0.jar:/home/runner/.m2/repository/org/apache/curator/curator-recipes/4.2.0/curator-recipes-4.2.0.jar:/home/runner/.m2/repository/org/apache/kerby/kerb-core/1.0.1/kerb-core-1.0.1.jar:/home/runner/.m2/repository/org/apache/kerby/kerby-pkix/1.0.1/kerby-pkix-1.0.1.jar:/home/runner/.m2/repository/org/apache/kerby/kerby-asn1/1.0.1/kerby-asn1-1.0.1.jar:/home/runner/.m2/repository/org/apache/kerby/kerby-util/1.0.1/kerby-util-1.0.1.jar:/home/runner/.m2/repository/dnsjava/dnsjava/2.1.7/dnsjava-2.1.7.jar:/home/runner/.m2/repository/org/xerial/snappy/snappy-java/1.1.8.2/snappy-java-1.1.8.2.jar:/home/runner/.m2/repository/org/slf4j/jul-to-slf4j/1.7.30/jul-to-slf4j-1.7.30.jar:/home/runner/.m2/repository/org/eclipse/jetty/jetty-util/9.4.43.v20210629/jetty-util-9.4.43.v20210629.jar:/home/runner/.m2/repository/com/fasterxml/jackson/core/jackson-databind/2.12.1/jackson-databind-2.12.1.jar:/home/runner/.m2/repository/org/apache/hadoop/hadoop-kms/3.3.1/hadoop-kms-3.3.1-tests.jar:/home/runner/.m2/repository/org/apache/ozone/hdds-server-scm/1.3.0-SNAPSHOT/hdds-server-scm-1.3.0-SNAPSHOT-tests.jar:/home/runner/.m2/repository/org/apache/ozone/hdds-container-service/1.3.0-SNAPSHOT/hdds-container-service-1.3.0-SNAPSHOT-tests.jar:/home/runner/.m2/repository/commons-codec/commons-codec/1.11/commons-codec-1.11.jar:/home/runner/.m2/repository/io/netty/netty-transport/4.1.63.Final/netty-transport-4.1.63.Final.jar:/home/runner/.m2/repository/io/netty/netty-resolver/4.1.63.Final/netty-resolver-4.1.63.Final.jar:/home/runner/.m2/repository/io/netty/netty-codec/4.1.63.Final/netty-codec-4.1.63.Final.jar:/home/runner/.m2/repository/io/netty/netty-handler/4.1.63.Final/netty-handler-4.1.63.Final.jar:/home/runner/.m2/repository/org/apache/ozone/hdds-hadoop-dependency-test/1.3.0-SNAPSHOT/hdds-hadoop-dependency-test-1.3.0-SNAPSHOT.jar:/home/runner/.m2/repository/org/apache/hadoop/hadoop-common/3.3.1/hadoop-common-3.3.1-tests.jar:/home/runner/.m2/repository/org/assertj/assertj-core/3.12.2/assertj-core-3.12.2.jar:/home/runner/.m2/repository/org/apache/hadoop/hadoop-hdfs/3.3.1/hadoop-hdfs-3.3.1-tests.jar:/home/runner/.m2/repository/org/eclipse/jetty/jetty-util-ajax/9.4.43.v20210629/jetty-util-ajax-9.4.43.v20210629.jar:/home/runner/.m2/repository/commons-daemon/commons-daemon/1.0.13/commons-daemon-1.0.13.jar:/home/runner/.m2/repository/io/netty/netty/3.10.6.Final/netty-3.10.6.Final.jar:/home/runner/.m2/repository/io/netty/netty-all/4.1.63.Final/netty-all-4.1.63.Final.jar:/home/runner/.m2/repository/org/apache/htrace/htrace-core4/4.1.0-incubating/htrace-core4-4.1.0-incubating.jar:/home/runner/.m2/repository/org/fusesource/leveldbjni/leveldbjni-all/1.8/leveldbjni-all-1.8.jar:/home/runner/.m2/repository/org/apache/hadoop/hadoop-distcp/3.3.1/hadoop-distcp-3.3.1.jar:/home/runner/.m2/repository/org/apache/hadoop/hadoop-mapreduce-client-jobclient/3.3.1/hadoop-mapreduce-client-jobclient-3.3.1.jar:/home/runner/.m2/repository/org/apache/hadoop/hadoop-mapreduce-client-common/3.3.1/hadoop-mapreduce-client-common-3.3.1.jar:/home/runner/.m2/repository/org/apache/hadoop/hadoop-yarn-common/3.3.1/hadoop-yarn-common-3.3.1.jar:/home/runner/.m2/repository/org/apache/hadoop/hadoop-yarn-api/3.3.1/hadoop-yarn-api-3.3.1.jar:/home/runner/.m2/repository/com/sun/jersey/jersey-client/1.19/jersey-client-1.19.jar:/home/runner/.m2/repository/com/sun/jersey/contribs/jersey-guice/1.19/jersey-guice-1.19.jar:/home/runner/.m2/repository/com/fasterxml/jackson/jaxrs/jackson-jaxrs-json-provider/2.12.1/jackson-jaxrs-json-provider-2.12.1.jar:/home/runner/.m2/repository/com/fasterxml/jackson/jaxrs/jackson-jaxrs-base/2.12.1/jackson-jaxrs-base-2.12.1.jar:/home/runner/.m2/repository/org/apache/hadoop/hadoop-yarn-client/3.3.1/hadoop-yarn-client-3.3.1.jar:/home/runner/.m2/repository/org/eclipse/jetty/websocket/websocket-client/9.4.40.v20210413/websocket-client-9.4.40.v20210413.jar:/home/runner/.m2/repository/org/eclipse/jetty/jetty-client/9.4.40.v20210413/jetty-client-9.4.40.v20210413.jar:/home/runner/.m2/repository/org/eclipse/jetty/websocket/websocket-common/9.4.40.v20210413/websocket-common-9.4.40.v20210413.jar:/home/runner/.m2/repository/org/eclipse/jetty/websocket/websocket-api/9.4.40.v20210413/websocket-api-9.4.40.v20210413.jar:/home/runner/.m2/repository/org/jline/jline/3.9.0/jline-3.9.0.jar:/home/runner/.m2/repository/org/apache/hadoop/hadoop-mapreduce-client-core/3.3.1/hadoop-mapreduce-client-core-3.3.1.jar:/home/runner/.m2/repository/org/apache/avro/avro/1.7.7/avro-1.7.7.jar:/home/runner/.m2/repository/org/codehaus/jackson/jackson-core-asl/1.9.13/jackson-core-asl-1.9.13.jar:/home/runner/.m2/repository/org/codehaus/jackson/jackson-mapper-asl/1.9.13/jackson-mapper-asl-1.9.13.jar:/home/runner/.m2/repository/com/thoughtworks/paranamer/paranamer/2.3/paranamer-2.3.jar:/home/runner/.m2/repository/org/apache/hadoop/hadoop-annotations/3.3.1/hadoop-annotations-3.3.1.jar:/usr/lib/jvm/adoptopenjdk-8-hotspot-amd64/jre/../lib/tools.jar:/home/runner/.m2/repository/org/apache/hadoop/hadoop-distcp/3.3.1/hadoop-distcp-3.3.1-tests.jar:/home/runner/.m2/repository/org/apache/ratis/ratis-common/2.2.0/ratis-common-2.2.0.jar:/home/runner/.m2/repository/org/apache/ratis/ratis-thirdparty-misc/0.7.0/ratis-thirdparty-misc-0.7.0.jar:/home/runner/.m2/repository/org/apache/ratis/ratis-proto/2.2.0/ratis-proto-2.2.0.jar:"/>
    <property name="java.vm.vendor" value="AdoptOpenJDK"/>
    <property name="sun.arch.data.model" value="64"/>
    <property name="test.build.dir" value="/home/runner/work/ozone/ozone/hadoop-ozone/integration-test/target/test-dir"/>
    <property name="test.cache.data" value=""/>
    <property name="java.vendor.url" value="https://adoptopenjdk.net/"/>
    <property name="user.timezone" value=""/>
    <property name="java.vm.specification.version" value="1.8"/>
    <property name="os.name" value="Linux"/>
    <property name="test.build.data" value="/home/runner/work/ozone/ozone/hadoop-ozone/integration-test/target/test-dir"/>
    <property name="sun.java.launcher" value="SUN_STANDARD"/>
    <property name="sun.boot.library.path" value="/usr/lib/jvm/adoptopenjdk-8-hotspot-amd64/jre/lib/amd64"/>
    <property name="sun.java.command" value="/home/runner/work/ozone/ozone/hadoop-ozone/integration-test/target/surefire/surefirebooter4538928346687316386.jar /home/runner/work/ozone/ozone/hadoop-ozone/integration-test/target/surefire 2022-01-08T00-54-25_483-jvmRun1 surefire7574588509232016008tmp surefire_276272078087429437936tmp"/>
    <property name="surefire.test.class.path" value="/home/runner/work/ozone/ozone/hadoop-ozone/integration-test/target/test-classes:/home/runner/work/ozone/ozone/hadoop-ozone/integration-test/target/classes:/home/runner/.m2/repository/org/apache/ozone/ozone-common/1.3.0-SNAPSHOT/ozone-common-1.3.0-SNAPSHOT.jar:/home/runner/.m2/repository/org/apache/commons/commons-compress/1.21/commons-compress-1.21.jar:/home/runner/.m2/repository/org/apache/ozone/hdds-common/1.3.0-SNAPSHOT/hdds-common-1.3.0-SNAPSHOT.jar:/home/runner/.m2/repository/org/apache/ozone/hdds-client/1.3.0-SNAPSHOT/hdds-client-1.3.0-SNAPSHOT.jar:/home/runner/.m2/repository/org/apache/ozone/ozone-interface-client/1.3.0-SNAPSHOT/ozone-interface-client-1.3.0-SNAPSHOT.jar:/home/runner/.m2/repository/org/apache/ozone/hdds-test-utils/1.3.0-SNAPSHOT/hdds-test-utils-1.3.0-SNAPSHOT.jar:/home/runner/.m2/repository/com/google/guava/guava/30.1.1-jre/guava-30.1.1-jre.jar:/home/runner/.m2/repository/com/google/guava/failureaccess/1.0.1/failureaccess-1.0.1.jar:/home/runner/.m2/repository/com/google/guava/listenablefuture/9999.0-empty-to-avoid-conflict-with-guava/listenablefuture-9999.0-empty-to-avoid-conflict-with-guava.jar:/home/runner/.m2/repository/com/google/code/findbugs/jsr305/3.0.0/jsr305-3.0.0.jar:/home/runner/.m2/repository/org/checkerframework/checker-qual/3.8.0/checker-qual-3.8.0.jar:/home/runner/.m2/repository/com/google/errorprone/error_prone_annotations/2.2.0/error_prone_annotations-2.2.0.jar:/home/runner/.m2/repository/com/google/j2objc/j2objc-annotations/1.3/j2objc-annotations-1.3.jar:/home/runner/.m2/repository/commons-io/commons-io/2.11.0/commons-io-2.11.0.jar:/home/runner/.m2/repository/commons-logging/commons-logging/1.2/commons-logging-1.2.jar:/home/runner/.m2/repository/log4j/log4j/1.2.17/log4j-1.2.17.jar:/home/runner/.m2/repository/org/slf4j/slf4j-api/1.7.30/slf4j-api-1.7.30.jar:/home/runner/.m2/repository/org/apache/ozone/hdds-server-scm/1.3.0-SNAPSHOT/hdds-server-scm-1.3.0-SNAPSHOT.jar:/home/runner/.m2/repository/org/apache/ozone/hdds-container-service/1.3.0-SNAPSHOT/hdds-container-service-1.3.0-SNAPSHOT.jar:/home/runner/.m2/repository/org/apache/ozone/hdds-hadoop-dependency-server/1.3.0-SNAPSHOT/hdds-hadoop-dependency-server-1.3.0-SNAPSHOT.jar:/home/runner/.m2/repository/org/apache/hadoop/hadoop-hdfs/3.3.1/hadoop-hdfs-3.3.1.jar:/home/runner/.m2/repository/org/apache/ozone/hdds-server-framework/1.3.0-SNAPSHOT/hdds-server-framework-1.3.0-SNAPSHOT.jar:/home/runner/.m2/repository/org/apache/ozone/hdds-interface-server/1.3.0-SNAPSHOT/hdds-interface-server-1.3.0-SNAPSHOT.jar:/home/runner/.m2/repository/org/eclipse/jetty/jetty-servlet/9.4.43.v20210629/jetty-servlet-9.4.43.v20210629.jar:/home/runner/.m2/repository/org/eclipse/jetty/jetty-security/9.4.43.v20210629/jetty-security-9.4.43.v20210629.jar:/home/runner/.m2/repository/org/rocksdb/rocksdbjni/6.25.3/rocksdbjni-6.25.3.jar:/home/runner/.m2/repository/io/prometheus/simpleclient_dropwizard/0.7.0/simpleclient_dropwizard-0.7.0.jar:/home/runner/.m2/repository/io/prometheus/simpleclient/0.7.0/simpleclient-0.7.0.jar:/home/runner/.m2/repository/io/prometheus/simpleclient_common/0.7.0/simpleclient_common-0.7.0.jar:/home/runner/.m2/repository/com/fasterxml/jackson/datatype/jackson-datatype-jsr310/2.12.1/jackson-datatype-jsr310-2.12.1.jar:/home/runner/.m2/repository/io/dropwizard/metrics/metrics-core/3.2.4/metrics-core-3.2.4.jar:/home/runner/.m2/repository/org/apache/hadoop/hadoop-hdfs-client/3.3.1/hadoop-hdfs-client-3.3.1.jar:/home/runner/.m2/repository/org/bouncycastle/bcprov-jdk15on/1.67/bcprov-jdk15on-1.67.jar:/home/runner/.m2/repository/com/google/protobuf/protobuf-java/2.5.0/protobuf-java-2.5.0.jar:/home/runner/.m2/repository/org/apache/ozone/ozone-manager/1.3.0-SNAPSHOT/ozone-manager-1.3.0-SNAPSHOT.jar:/home/runner/.m2/repository/org/aspectj/aspectjrt/1.9.7/aspectjrt-1.9.7.jar:/home/runner/.m2/repository/org/aspectj/aspectjweaver/1.9.7/aspectjweaver-1.9.7.jar:/home/runner/.m2/repository/org/apache/ozone/hdds-interface-client/1.3.0-SNAPSHOT/hdds-interface-client-1.3.0-SNAPSHOT.jar:/home/runner/.m2/repository/org/apache/hadoop/thirdparty/hadoop-shaded-protobuf_3_7/1.1.1/hadoop-shaded-protobuf_3_7-1.1.1.jar:/home/runner/.m2/repository/org/apache/ozone/ozone-interface-storage/1.3.0-SNAPSHOT/ozone-interface-storage-1.3.0-SNAPSHOT.jar:/home/runner/.m2/repository/org/reflections/reflections/0.9.11/reflections-0.9.11.jar:/home/runner/.m2/repository/org/apache/hadoop/hadoop-minikdc/3.3.1/hadoop-minikdc-3.3.1.jar:/home/runner/.m2/repository/org/apache/kerby/kerb-simplekdc/1.0.1/kerb-simplekdc-1.0.1.jar:/home/runner/.m2/repository/org/apache/kerby/kerb-client/1.0.1/kerb-client-1.0.1.jar:/home/runner/.m2/repository/org/apache/kerby/kerby-config/1.0.1/kerby-config-1.0.1.jar:/home/runner/.m2/repository/org/apache/kerby/kerb-common/1.0.1/kerb-common-1.0.1.jar:/home/runner/.m2/repository/org/apache/kerby/kerb-crypto/1.0.1/kerb-crypto-1.0.1.jar:/home/runner/.m2/repository/org/apache/kerby/kerb-util/1.0.1/kerb-util-1.0.1.jar:/home/runner/.m2/repository/org/apache/kerby/token-provider/1.0.1/token-provider-1.0.1.jar:/home/runner/.m2/repository/org/apache/kerby/kerb-admin/1.0.1/kerb-admin-1.0.1.jar:/home/runner/.m2/repository/org/apache/kerby/kerb-server/1.0.1/kerb-server-1.0.1.jar:/home/runner/.m2/repository/org/apache/kerby/kerb-identity/1.0.1/kerb-identity-1.0.1.jar:/home/runner/.m2/repository/org/apache/kerby/kerby-xdr/1.0.1/kerby-xdr-1.0.1.jar:/home/runner/.m2/repository/org/slf4j/slf4j-log4j12/1.7.30/slf4j-log4j12-1.7.30.jar:/home/runner/.m2/repository/org/apache/ozone/ozone-s3gateway/1.3.0-SNAPSHOT/ozone-s3gateway-1.3.0-SNAPSHOT.jar:/home/runner/.m2/repository/org/javassist/javassist/3.21.0-GA/javassist-3.21.0-GA.jar:/home/runner/.m2/repository/org/jboss/weld/servlet/weld-servlet/2.4.7.Final/weld-servlet-2.4.7.Final.jar:/home/runner/.m2/repository/org/glassfish/jersey/containers/jersey-container-servlet-core/2.33/jersey-container-servlet-core-2.33.jar:/home/runner/.m2/repository/org/glassfish/hk2/external/jakarta.inject/2.6.1/jakarta.inject-2.6.1.jar:/home/runner/.m2/repository/org/glassfish/jersey/core/jersey-common/2.33/jersey-common-2.33.jar:/home/runner/.m2/repository/jakarta/ws/rs/jakarta.ws.rs-api/2.1.6/jakarta.ws.rs-api-2.1.6.jar:/home/runner/.m2/repository/org/glassfish/jersey/ext/cdi/jersey-cdi1x/2.33/jersey-cdi1x-2.33.jar:/home/runner/.m2/repository/org/glassfish/jersey/inject/jersey-hk2/2.33/jersey-hk2-2.33.jar:/home/runner/.m2/repository/org/glassfish/hk2/hk2-locator/2.6.1/hk2-locator-2.6.1.jar:/home/runner/.m2/repository/org/glassfish/jersey/media/jersey-media-jaxb/2.33/jersey-media-jaxb-2.33.jar:/home/runner/.m2/repository/org/glassfish/hk2/osgi-resource-locator/1.0.3/osgi-resource-locator-1.0.3.jar:/home/runner/.m2/repository/org/glassfish/hk2/hk2-api/2.5.0/hk2-api-2.5.0.jar:/home/runner/.m2/repository/org/glassfish/hk2/hk2-utils/2.5.0/hk2-utils-2.5.0.jar:/home/runner/.m2/repository/org/glassfish/hk2/external/aopalliance-repackaged/2.5.0/aopalliance-repackaged-2.5.0.jar:/home/runner/.m2/repository/com/fasterxml/jackson/dataformat/jackson-dataformat-xml/2.12.1/jackson-dataformat-xml-2.12.1.jar:/home/runner/.m2/repository/com/fasterxml/jackson/core/jackson-core/2.12.1/jackson-core-2.12.1.jar:/home/runner/.m2/repository/com/fasterxml/jackson/module/jackson-module-jaxb-annotations/2.12.1/jackson-module-jaxb-annotations-2.12.1.jar:/home/runner/.m2/repository/jakarta/xml/bind/jakarta.xml.bind-api/2.3.2/jakarta.xml.bind-api-2.3.2.jar:/home/runner/.m2/repository/org/codehaus/woodstox/stax2-api/3.1.4/stax2-api-3.1.4.jar:/home/runner/.m2/repository/com/fasterxml/woodstox/woodstox-core/5.0.3/woodstox-core-5.0.3.jar:/home/runner/.m2/repository/javax/enterprise/cdi-api/1.2/cdi-api-1.2.jar:/home/runner/.m2/repository/javax/el/javax.el-api/3.0.0/javax.el-api-3.0.0.jar:/home/runner/.m2/repository/javax/interceptor/javax.interceptor-api/1.2/javax.interceptor-api-1.2.jar:/home/runner/.m2/repository/javax/inject/javax.inject/1/javax.inject-1.jar:/home/runner/.m2/repository/javax/xml/bind/jaxb-api/2.3.0/jaxb-api-2.3.0.jar:/home/runner/.m2/repository/org/glassfish/jaxb/jaxb-runtime/2.3.0.1/jaxb-runtime-2.3.0.1.jar:/home/runner/.m2/repository/org/glassfish/jaxb/jaxb-core/2.3.0.1/jaxb-core-2.3.0.1.jar:/home/runner/.m2/repository/org/glassfish/jaxb/txw2/2.3.0.1/txw2-2.3.0.1.jar:/home/runner/.m2/repository/com/sun/istack/istack-commons-runtime/3.0.5/istack-commons-runtime-3.0.5.jar:/home/runner/.m2/repository/org/jvnet/staxex/stax-ex/1.7.8/stax-ex-1.7.8.jar:/home/runner/.m2/repository/com/sun/xml/fastinfoset/FastInfoset/1.2.13/FastInfoset-1.2.13.jar:/home/runner/.m2/repository/javax/activation/activation/1.1.1/activation-1.1.1.jar:/home/runner/.m2/repository/org/apache/ozone/ozone-csi/1.3.0-SNAPSHOT/ozone-csi-1.3.0-SNAPSHOT.jar:/home/runner/.m2/repository/com/google/protobuf/protobuf-java-util/3.12.0/protobuf-java-util-3.12.0.jar:/home/runner/.m2/repository/com/google/code/gson/gson/2.2.4/gson-2.2.4.jar:/home/runner/.m2/repository/org/apache/ozone/hdds-config/1.3.0-SNAPSHOT/hdds-config-1.3.0-SNAPSHOT.jar:/home/runner/.m2/repository/io/grpc/grpc-netty/1.33.0/grpc-netty-1.33.0.jar:/home/runner/.m2/repository/io/grpc/grpc-core/1.33.0/grpc-core-1.33.0.jar:/home/runner/.m2/repository/com/google/android/annotations/4.1.1.4/annotations-4.1.1.4.jar:/home/runner/.m2/repository/io/netty/netty-codec-http2/4.1.63.Final/netty-codec-http2-4.1.63.Final.jar:/home/runner/.m2/repository/io/netty/netty-codec-http/4.1.63.Final/netty-codec-http-4.1.63.Final.jar:/home/runner/.m2/repository/io/netty/netty-handler-proxy/4.1.63.Final/netty-handler-proxy-4.1.63.Final.jar:/home/runner/.m2/repository/io/netty/netty-codec-socks/4.1.63.Final/netty-codec-socks-4.1.63.Final.jar:/home/runner/.m2/repository/io/perfmark/perfmark-api/0.19.0/perfmark-api-0.19.0.jar:/home/runner/.m2/repository/org/codehaus/mojo/animal-sniffer-annotations/1.18/animal-sniffer-annotations-1.18.jar:/home/runner/.m2/repository/io/netty/netty-transport-native-epoll/4.1.63.Final/netty-transport-native-epoll-4.1.63.Final.jar:/home/runner/.m2/repository/io/netty/netty-common/4.1.63.Final/netty-common-4.1.63.Final.jar:/home/runner/.m2/repository/io/netty/netty-buffer/4.1.63.Final/netty-buffer-4.1.63.Final.jar:/home/runner/.m2/repository/io/netty/netty-transport-native-unix-common/4.1.63.Final/netty-transport-native-unix-common-4.1.63.Final.jar:/home/runner/.m2/repository/io/grpc/grpc-protobuf/1.33.0/grpc-protobuf-1.33.0.jar:/home/runner/.m2/repository/io/grpc/grpc-api/1.33.0/grpc-api-1.33.0.jar:/home/runner/.m2/repository/io/grpc/grpc-context/1.33.0/grpc-context-1.33.0.jar:/home/runner/.m2/repository/com/google/api/grpc/proto-google-common-protos/1.17.0/proto-google-common-protos-1.17.0.jar:/home/runner/.m2/repository/io/grpc/grpc-protobuf-lite/1.33.0/grpc-protobuf-lite-1.33.0.jar:/home/runner/.m2/repository/io/grpc/grpc-stub/1.33.0/grpc-stub-1.33.0.jar:/home/runner/.m2/repository/org/apache/ozone/ozone-recon/1.3.0-SNAPSHOT/ozone-recon-1.3.0-SNAPSHOT.jar:/home/runner/.m2/repository/org/apache/ozone/ozone-reconcodegen/1.3.0-SNAPSHOT/ozone-reconcodegen-1.3.0-SNAPSHOT.jar:/home/runner/.m2/repository/com/google/inject/extensions/guice-multibindings/4.0/guice-multibindings-4.0.jar:/home/runner/.m2/repository/com/google/inject/guice/4.0/guice-4.0.jar:/home/runner/.m2/repository/aopalliance/aopalliance/1.0/aopalliance-1.0.jar:/home/runner/.m2/repository/com/google/inject/extensions/guice-assistedinject/4.0/guice-assistedinject-4.0.jar:/home/runner/.m2/repository/com/google/inject/extensions/guice-servlet/4.0/guice-servlet-4.0.jar:/home/runner/.m2/repository/org/glassfish/jersey/containers/jersey-container-servlet/2.33/jersey-container-servlet-2.33.jar:/home/runner/.m2/repository/org/glassfish/hk2/guice-bridge/2.5.0/guice-bridge-2.5.0.jar:/home/runner/.m2/repository/org/glassfish/jersey/core/jersey-server/2.33/jersey-server-2.33.jar:/home/runner/.m2/repository/org/glassfish/jersey/core/jersey-client/2.33/jersey-client-2.33.jar:/home/runner/.m2/repository/jakarta/annotation/jakarta.annotation-api/1.3.5/jakarta.annotation-api-1.3.5.jar:/home/runner/.m2/repository/jakarta/validation/jakarta.validation-api/2.0.2/jakarta.validation-api-2.0.2.jar:/home/runner/.m2/repository/org/glassfish/jersey/media/jersey-media-json-jackson/2.33/jersey-media-json-jackson-2.33.jar:/home/runner/.m2/repository/org/glassfish/jersey/ext/jersey-entity-filtering/2.33/jersey-entity-filtering-2.33.jar:/home/runner/.m2/repository/org/jooq/jooq/3.11.10/jooq-3.11.10.jar:/home/runner/.m2/repository/org/jooq/jooq-meta/3.11.10/jooq-meta-3.11.10.jar:/home/runner/.m2/repository/org/jooq/jooq-codegen/3.11.10/jooq-codegen-3.11.10.jar:/home/runner/.m2/repository/com/jolbox/bonecp/0.8.0.RELEASE/bonecp-0.8.0.RELEASE.jar:/home/runner/.m2/repository/org/apache/derby/derby/10.14.2.0/derby-10.14.2.0.jar:/home/runner/.m2/repository/org/xerial/sqlite-jdbc/3.25.2/sqlite-jdbc-3.25.2.jar:/home/runner/.m2/repository/org/springframework/spring-jdbc/5.2.18.RELEASE/spring-jdbc-5.2.18.RELEASE.jar:/home/runner/.m2/repository/org/springframework/spring-beans/5.2.18.RELEASE/spring-beans-5.2.18.RELEASE.jar:/home/runner/.m2/repository/org/springframework/spring-core/5.2.18.RELEASE/spring-core-5.2.18.RELEASE.jar:/home/runner/.m2/repository/org/springframework/spring-jcl/5.2.18.RELEASE/spring-jcl-5.2.18.RELEASE.jar:/home/runner/.m2/repository/org/springframework/spring-tx/5.2.18.RELEASE/spring-tx-5.2.18.RELEASE.jar:/home/runner/.m2/repository/org/apache/ozone/ozone-client/1.3.0-SNAPSHOT/ozone-client-1.3.0-SNAPSHOT.jar:/home/runner/.m2/repository/org/apache/ozone/ozone-filesystem/1.3.0-SNAPSHOT/ozone-filesystem-1.3.0-SNAPSHOT.jar:/home/runner/.m2/repository/org/apache/ozone/ozone-filesystem-common/1.3.0-SNAPSHOT/ozone-filesystem-common-1.3.0-SNAPSHOT.jar:/home/runner/.m2/repository/org/apache/ozone/ozone-tools/1.3.0-SNAPSHOT/ozone-tools-1.3.0-SNAPSHOT.jar:/home/runner/.m2/repository/org/apache/ratis/ratis-tools/2.2.0/ratis-tools-2.2.0.jar:/home/runner/.m2/repository/com/amazonaws/aws-java-sdk-core/1.12.124/aws-java-sdk-core-1.12.124.jar:/home/runner/.m2/repository/org/apache/httpcomponents/httpclient/4.5.13/httpclient-4.5.13.jar:/home/runner/.m2/repository/org/apache/httpcomponents/httpcore/4.4.13/httpcore-4.4.13.jar:/home/runner/.m2/repository/software/amazon/ion/ion-java/1.0.2/ion-java-1.0.2.jar:/home/runner/.m2/repository/com/fasterxml/jackson/dataformat/jackson-dataformat-cbor/2.12.1/jackson-dataformat-cbor-2.12.1.jar:/home/runner/.m2/repository/joda-time/joda-time/2.8.1/joda-time-2.8.1.jar:/home/runner/.m2/repository/com/amazonaws/aws-java-sdk-s3/1.12.124/aws-java-sdk-s3-1.12.124.jar:/home/runner/.m2/repository/com/amazonaws/aws-java-sdk-kms/1.12.124/aws-java-sdk-kms-1.12.124.jar:/home/runner/.m2/repository/com/amazonaws/jmespath-java/1.12.124/jmespath-java-1.12.124.jar:/home/runner/.m2/repository/org/kohsuke/metainf-services/metainf-services/1.8/metainf-services-1.8.jar:/home/runner/.m2/repository/org/apache/ozone/hdds-tools/1.3.0-SNAPSHOT/hdds-tools-1.3.0-SNAPSHOT.jar:/home/runner/.m2/repository/commons-cli/commons-cli/1.2/commons-cli-1.2.jar:/home/runner/.m2/repository/org/apache/commons/commons-lang3/3.7/commons-lang3-3.7.jar:/home/runner/.m2/repository/org/apache/ozone/ozone-manager/1.3.0-SNAPSHOT/ozone-manager-1.3.0-SNAPSHOT-tests.jar:/home/runner/.m2/repository/org/apache/ozone/hdds-common/1.3.0-SNAPSHOT/hdds-common-1.3.0-SNAPSHOT-tests.jar:/home/runner/.m2/repository/org/apache/ozone/hdds-hadoop-dependency-client/1.3.0-SNAPSHOT/hdds-hadoop-dependency-client-1.3.0-SNAPSHOT.jar:/home/runner/.m2/repository/info/picocli/picocli/4.6.1/picocli-4.6.1.jar:/home/runner/.m2/repository/com/fasterxml/jackson/core/jackson-annotations/2.12.1/jackson-annotations-2.12.1.jar:/home/runner/.m2/repository/javax/annotation/javax.annotation-api/1.2/javax.annotation-api-1.2.jar:/home/runner/.m2/repository/org/apache/ratis/ratis-server/2.2.0/ratis-server-2.2.0.jar:/home/runner/.m2/repository/org/apache/ratis/ratis-client/2.2.0/ratis-client-2.2.0.jar:/home/runner/.m2/repository/org/apache/ratis/ratis-server-api/2.2.0/ratis-server-api-2.2.0.jar:/home/runner/.m2/repository/org/apache/ratis/ratis-metrics/2.2.0/ratis-metrics-2.2.0.jar:/home/runner/.m2/repository/org/apache/ratis/ratis-netty/2.2.0/ratis-netty-2.2.0.jar:/home/runner/.m2/repository/org/apache/ratis/ratis-grpc/2.2.0/ratis-grpc-2.2.0.jar:/home/runner/.m2/repository/org/apache/logging/log4j/log4j-api/2.17.1/log4j-api-2.17.1.jar:/home/runner/.m2/repository/org/apache/logging/log4j/log4j-core/2.17.1/log4j-core-2.17.1.jar:/home/runner/.m2/repository/com/lmax/disruptor/3.4.2/disruptor-3.4.2.jar:/home/runner/.m2/repository/org/apache/commons/commons-pool2/2.6.0/commons-pool2-2.6.0.jar:/home/runner/.m2/repository/org/bouncycastle/bcpkix-jdk15on/1.67/bcpkix-jdk15on-1.67.jar:/home/runner/.m2/repository/commons-validator/commons-validator/1.6/commons-validator-1.6.jar:/home/runner/.m2/repository/commons-beanutils/commons-beanutils/1.9.4/commons-beanutils-1.9.4.jar:/home/runner/.m2/repository/commons-digester/commons-digester/1.8.1/commons-digester-1.8.1.jar:/home/runner/.m2/repository/commons-collections/commons-collections/3.2.2/commons-collections-3.2.2.jar:/home/runner/.m2/repository/io/jaegertracing/jaeger-client/1.6.0/jaeger-client-1.6.0.jar:/home/runner/.m2/repository/io/jaegertracing/jaeger-thrift/1.6.0/jaeger-thrift-1.6.0.jar:/home/runner/.m2/repository/org/apache/thrift/libthrift/0.14.1/libthrift-0.14.1.jar:/home/runner/.m2/repository/com/squareup/okhttp3/okhttp/4.9.0/okhttp-4.9.0.jar:/home/runner/.m2/repository/com/squareup/okio/okio/2.8.0/okio-2.8.0.jar:/home/runner/.m2/repository/io/jaegertracing/jaeger-core/1.6.0/jaeger-core-1.6.0.jar:/home/runner/.m2/repository/io/jaegertracing/jaeger-tracerresolver/1.6.0/jaeger-tracerresolver-1.6.0.jar:/home/runner/.m2/repository/io/opentracing/contrib/opentracing-tracerresolver/0.1.8/opentracing-tracerresolver-0.1.8.jar:/home/runner/.m2/repository/org/jetbrains/kotlin/kotlin-stdlib/1.4.31/kotlin-stdlib-1.4.31.jar:/home/runner/.m2/repository/org/jetbrains/kotlin/kotlin-stdlib-common/1.4.31/kotlin-stdlib-common-1.4.31.jar:/home/runner/.m2/repository/org/jetbrains/annotations/13.0/annotations-13.0.jar:/home/runner/.m2/repository/io/opentracing/opentracing-util/0.33.0/opentracing-util-0.33.0.jar:/home/runner/.m2/repository/io/opentracing/opentracing-api/0.33.0/opentracing-api-0.33.0.jar:/home/runner/.m2/repository/io/opentracing/opentracing-noop/0.33.0/opentracing-noop-0.33.0.jar:/home/runner/.m2/repository/org/yaml/snakeyaml/1.26/snakeyaml-1.26.jar:/home/runner/.m2/repository/org/apache/ozone/hdds-interface-admin/1.3.0-SNAPSHOT/hdds-interface-admin-1.3.0-SNAPSHOT.jar:/home/runner/.m2/repository/junit/junit/4.13.1/junit-4.13.1.jar:/home/runner/.m2/repository/org/hamcrest/hamcrest-core/1.3/hamcrest-core-1.3.jar:/home/runner/.m2/repository/org/junit/jupiter/junit-jupiter-api/5.7.0/junit-jupiter-api-5.7.0.jar:/home/runner/.m2/repository/org/apiguardian/apiguardian-api/1.1.0/apiguardian-api-1.1.0.jar:/home/runner/.m2/repository/org/opentest4j/opentest4j/1.2.0/opentest4j-1.2.0.jar:/home/runner/.m2/repository/org/junit/platform/junit-platform-commons/1.7.0/junit-platform-commons-1.7.0.jar:/home/runner/.m2/repository/org/junit/jupiter/junit-jupiter-engine/5.7.0/junit-jupiter-engine-5.7.0.jar:/home/runner/.m2/repository/org/junit/platform/junit-platform-engine/1.7.0/junit-platform-engine-1.7.0.jar:/home/runner/.m2/repository/org/junit/vintage/junit-vintage-engine/5.7.0/junit-vintage-engine-5.7.0.jar:/home/runner/.m2/repository/org/junit/platform/junit-platform-launcher/1.7.0/junit-platform-launcher-1.7.0.jar:/home/runner/.m2/repository/org/openjdk/jmh/jmh-core/1.19/jmh-core-1.19.jar:/home/runner/.m2/repository/net/sf/jopt-simple/jopt-simple/4.6/jopt-simple-4.6.jar:/home/runner/.m2/repository/org/apache/commons/commons-math3/3.1.1/commons-math3-3.1.1.jar:/home/runner/.m2/repository/org/openjdk/jmh/jmh-generator-annprocess/1.19/jmh-generator-annprocess-1.19.jar:/home/runner/.m2/repository/org/mockito/mockito-core/2.28.2/mockito-core-2.28.2.jar:/home/runner/.m2/repository/net/bytebuddy/byte-buddy/1.9.10/byte-buddy-1.9.10.jar:/home/runner/.m2/repository/net/bytebuddy/byte-buddy-agent/1.9.10/byte-buddy-agent-1.9.10.jar:/home/runner/.m2/repository/org/objenesis/objenesis/1.0/objenesis-1.0.jar:/home/runner/.m2/repository/org/apache/hadoop/hadoop-kms/3.3.1/hadoop-kms-3.3.1.jar:/home/runner/.m2/repository/org/apache/hadoop/hadoop-auth/3.3.1/hadoop-auth-3.3.1.jar:/home/runner/.m2/repository/com/nimbusds/nimbus-jose-jwt/7.9/nimbus-jose-jwt-7.9.jar:/home/runner/.m2/repository/com/github/stephenc/jcip/jcip-annotations/1.0-1/jcip-annotations-1.0-1.jar:/home/runner/.m2/repository/net/minidev/json-smart/2.3.1/json-smart-2.3.1.jar:/home/runner/.m2/repository/net/minidev/accessors-smart/2.3.1/accessors-smart-2.3.1.jar:/home/runner/.m2/repository/org/ow2/asm/asm/5.0.4/asm-5.0.4.jar:/home/runner/.m2/repository/org/apache/zookeeper/zookeeper/3.5.6/zookeeper-3.5.6.jar:/home/runner/.m2/repository/org/apache/zookeeper/zookeeper-jute/3.5.6/zookeeper-jute-3.5.6.jar:/home/runner/.m2/repository/org/apache/yetus/audience-annotations/0.5.0/audience-annotations-0.5.0.jar:/home/runner/.m2/repository/org/apache/curator/curator-framework/4.2.0/curator-framework-4.2.0.jar:/home/runner/.m2/repository/org/apache/hadoop/thirdparty/hadoop-shaded-guava/1.1.1/hadoop-shaded-guava-1.1.1.jar:/home/runner/.m2/repository/com/sun/jersey/jersey-core/1.19/jersey-core-1.19.jar:/home/runner/.m2/repository/javax/ws/rs/jsr311-api/1.1.1/jsr311-api-1.1.1.jar:/home/runner/.m2/repository/com/sun/jersey/jersey-server/1.19/jersey-server-1.19.jar:/home/runner/.m2/repository/javax/servlet/javax.servlet-api/3.1.0/javax.servlet-api-3.1.0.jar:/home/runner/.m2/repository/org/eclipse/jetty/jetty-server/9.4.43.v20210629/jetty-server-9.4.43.v20210629.jar:/home/runner/.m2/repository/org/eclipse/jetty/jetty-http/9.4.43.v20210629/jetty-http-9.4.43.v20210629.jar:/home/runner/.m2/repository/org/eclipse/jetty/jetty-io/9.4.43.v20210629/jetty-io-9.4.43.v20210629.jar:/home/runner/.m2/repository/org/eclipse/jetty/jetty-webapp/9.4.43.v20210629/jetty-webapp-9.4.43.v20210629.jar:/home/runner/.m2/repository/org/eclipse/jetty/jetty-xml/9.4.43.v20210629/jetty-xml-9.4.43.v20210629.jar:/home/runner/.m2/repository/org/apache/hadoop/hadoop-common/3.3.1/hadoop-common-3.3.1.jar:/home/runner/.m2/repository/commons-net/commons-net/3.6/commons-net-3.6.jar:/home/runner/.m2/repository/jakarta/activation/jakarta.activation-api/1.2.1/jakarta.activation-api-1.2.1.jar:/home/runner/.m2/repository/com/sun/jersey/jersey-servlet/1.19/jersey-servlet-1.19.jar:/home/runner/.m2/repository/com/sun/jersey/jersey-json/1.19/jersey-json-1.19.jar:/home/runner/.m2/repository/org/codehaus/jettison/jettison/1.1/jettison-1.1.jar:/home/runner/.m2/repository/com/sun/xml/bind/jaxb-impl/2.2.3-1/jaxb-impl-2.2.3-1.jar:/home/runner/.m2/repository/org/codehaus/jackson/jackson-jaxrs/1.9.2/jackson-jaxrs-1.9.2.jar:/home/runner/.m2/repository/org/codehaus/jackson/jackson-xc/1.9.2/jackson-xc-1.9.2.jar:/home/runner/.m2/repository/org/apache/commons/commons-configuration2/2.1.1/commons-configuration2-2.1.1.jar:/home/runner/.m2/repository/org/apache/commons/commons-text/1.4/commons-text-1.4.jar:/home/runner/.m2/repository/com/google/re2j/re2j/1.1/re2j-1.1.jar:/home/runner/.m2/repository/com/jcraft/jsch/0.1.54/jsch-0.1.54.jar:/home/runner/.m2/repository/org/apache/curator/curator-client/4.2.0/curator-client-4.2.0.jar:/home/runner/.m2/repository/org/apache/curator/curator-recipes/4.2.0/curator-recipes-4.2.0.jar:/home/runner/.m2/repository/org/apache/kerby/kerb-core/1.0.1/kerb-core-1.0.1.jar:/home/runner/.m2/repository/org/apache/kerby/kerby-pkix/1.0.1/kerby-pkix-1.0.1.jar:/home/runner/.m2/repository/org/apache/kerby/kerby-asn1/1.0.1/kerby-asn1-1.0.1.jar:/home/runner/.m2/repository/org/apache/kerby/kerby-util/1.0.1/kerby-util-1.0.1.jar:/home/runner/.m2/repository/dnsjava/dnsjava/2.1.7/dnsjava-2.1.7.jar:/home/runner/.m2/repository/org/xerial/snappy/snappy-java/1.1.8.2/snappy-java-1.1.8.2.jar:/home/runner/.m2/repository/org/slf4j/jul-to-slf4j/1.7.30/jul-to-slf4j-1.7.30.jar:/home/runner/.m2/repository/org/eclipse/jetty/jetty-util/9.4.43.v20210629/jetty-util-9.4.43.v20210629.jar:/home/runner/.m2/repository/com/fasterxml/jackson/core/jackson-databind/2.12.1/jackson-databind-2.12.1.jar:/home/runner/.m2/repository/org/apache/hadoop/hadoop-kms/3.3.1/hadoop-kms-3.3.1-tests.jar:/home/runner/.m2/repository/org/apache/ozone/hdds-server-scm/1.3.0-SNAPSHOT/hdds-server-scm-1.3.0-SNAPSHOT-tests.jar:/home/runner/.m2/repository/org/apache/ozone/hdds-container-service/1.3.0-SNAPSHOT/hdds-container-service-1.3.0-SNAPSHOT-tests.jar:/home/runner/.m2/repository/commons-codec/commons-codec/1.11/commons-codec-1.11.jar:/home/runner/.m2/repository/io/netty/netty-transport/4.1.63.Final/netty-transport-4.1.63.Final.jar:/home/runner/.m2/repository/io/netty/netty-resolver/4.1.63.Final/netty-resolver-4.1.63.Final.jar:/home/runner/.m2/repository/io/netty/netty-codec/4.1.63.Final/netty-codec-4.1.63.Final.jar:/home/runner/.m2/repository/io/netty/netty-handler/4.1.63.Final/netty-handler-4.1.63.Final.jar:/home/runner/.m2/repository/org/apache/ozone/hdds-hadoop-dependency-test/1.3.0-SNAPSHOT/hdds-hadoop-dependency-test-1.3.0-SNAPSHOT.jar:/home/runner/.m2/repository/org/apache/hadoop/hadoop-common/3.3.1/hadoop-common-3.3.1-tests.jar:/home/runner/.m2/repository/org/assertj/assertj-core/3.12.2/assertj-core-3.12.2.jar:/home/runner/.m2/repository/org/apache/hadoop/hadoop-hdfs/3.3.1/hadoop-hdfs-3.3.1-tests.jar:/home/runner/.m2/repository/org/eclipse/jetty/jetty-util-ajax/9.4.43.v20210629/jetty-util-ajax-9.4.43.v20210629.jar:/home/runner/.m2/repository/commons-daemon/commons-daemon/1.0.13/commons-daemon-1.0.13.jar:/home/runner/.m2/repository/io/netty/netty/3.10.6.Final/netty-3.10.6.Final.jar:/home/runner/.m2/repository/io/netty/netty-all/4.1.63.Final/netty-all-4.1.63.Final.jar:/home/runner/.m2/repository/org/apache/htrace/htrace-core4/4.1.0-incubating/htrace-core4-4.1.0-incubating.jar:/home/runner/.m2/repository/org/fusesource/leveldbjni/leveldbjni-all/1.8/leveldbjni-all-1.8.jar:/home/runner/.m2/repository/org/apache/hadoop/hadoop-distcp/3.3.1/hadoop-distcp-3.3.1.jar:/home/runner/.m2/repository/org/apache/hadoop/hadoop-mapreduce-client-jobclient/3.3.1/hadoop-mapreduce-client-jobclient-3.3.1.jar:/home/runner/.m2/repository/org/apache/hadoop/hadoop-mapreduce-client-common/3.3.1/hadoop-mapreduce-client-common-3.3.1.jar:/home/runner/.m2/repository/org/apache/hadoop/hadoop-yarn-common/3.3.1/hadoop-yarn-common-3.3.1.jar:/home/runner/.m2/repository/org/apache/hadoop/hadoop-yarn-api/3.3.1/hadoop-yarn-api-3.3.1.jar:/home/runner/.m2/repository/com/sun/jersey/jersey-client/1.19/jersey-client-1.19.jar:/home/runner/.m2/repository/com/sun/jersey/contribs/jersey-guice/1.19/jersey-guice-1.19.jar:/home/runner/.m2/repository/com/fasterxml/jackson/jaxrs/jackson-jaxrs-json-provider/2.12.1/jackson-jaxrs-json-provider-2.12.1.jar:/home/runner/.m2/repository/com/fasterxml/jackson/jaxrs/jackson-jaxrs-base/2.12.1/jackson-jaxrs-base-2.12.1.jar:/home/runner/.m2/repository/org/apache/hadoop/hadoop-yarn-client/3.3.1/hadoop-yarn-client-3.3.1.jar:/home/runner/.m2/repository/org/eclipse/jetty/websocket/websocket-client/9.4.40.v20210413/websocket-client-9.4.40.v20210413.jar:/home/runner/.m2/repository/org/eclipse/jetty/jetty-client/9.4.40.v20210413/jetty-client-9.4.40.v20210413.jar:/home/runner/.m2/repository/org/eclipse/jetty/websocket/websocket-common/9.4.40.v20210413/websocket-common-9.4.40.v20210413.jar:/home/runner/.m2/repository/org/eclipse/jetty/websocket/websocket-api/9.4.40.v20210413/websocket-api-9.4.40.v20210413.jar:/home/runner/.m2/repository/org/jline/jline/3.9.0/jline-3.9.0.jar:/home/runner/.m2/repository/org/apache/hadoop/hadoop-mapreduce-client-core/3.3.1/hadoop-mapreduce-client-core-3.3.1.jar:/home/runner/.m2/repository/org/apache/avro/avro/1.7.7/avro-1.7.7.jar:/home/runner/.m2/repository/org/codehaus/jackson/jackson-core-asl/1.9.13/jackson-core-asl-1.9.13.jar:/home/runner/.m2/repository/org/codehaus/jackson/jackson-mapper-asl/1.9.13/jackson-mapper-asl-1.9.13.jar:/home/runner/.m2/repository/com/thoughtworks/paranamer/paranamer/2.3/paranamer-2.3.jar:/home/runner/.m2/repository/org/apache/hadoop/hadoop-annotations/3.3.1/hadoop-annotations-3.3.1.jar:/usr/lib/jvm/adoptopenjdk-8-hotspot-amd64/jre/../lib/tools.jar:/home/runner/.m2/repository/org/apache/hadoop/hadoop-distcp/3.3.1/hadoop-distcp-3.3.1-tests.jar:/home/runner/.m2/repository/org/apache/ratis/ratis-common/2.2.0/ratis-common-2.2.0.jar:/home/runner/.m2/repository/org/apache/ratis/ratis-thirdparty-misc/0.7.0/ratis-thirdparty-misc-0.7.0.jar:/home/runner/.m2/repository/org/apache/ratis/ratis-proto/2.2.0/ratis-proto-2.2.0.jar:"/>
    <property name="sun.cpu.endian" value="little"/>
    <property name="user.home" value="/home/runner"/>
    <property name="user.language" value="en"/>
    <property name="java.specification.vendor" value="Oracle Corporation"/>
    <property name="java.home" value="/usr/lib/jvm/adoptopenjdk-8-hotspot-amd64/jre"/>
    <property name="java.security.krb5.conf" value="/home/runner/work/ozone/ozone/hadoop-ozone/integration-test/target/test-classes/krb5.conf"/>
    <property name="basedir" value="/home/runner/work/ozone/ozone/hadoop-ozone/integration-test"/>
    <property name="file.separator" value="/"/>
    <property name="line.separator" value="&#10;"/>
    <property name="java.vm.specification.vendor" value="Oracle Corporation"/>
    <property name="java.specification.name" value="Java Platform API Specification"/>
    <property name="java.awt.graphicsenv" value="sun.awt.X11GraphicsEnvironment"/>
    <property name="skip.installnpx" value="true"/>
    <property name="surefire.real.class.path" value="/home/runner/work/ozone/ozone/hadoop-ozone/integration-test/target/surefire/surefirebooter4538928346687316386.jar:/home/runner/.m2/repository/org/jacoco/org.jacoco.agent/0.8.5/org.jacoco.agent-0.8.5-runtime.jar"/>
    <property name="hadoop.log.dir" value="/home/runner/work/ozone/ozone/hadoop-ozone/integration-test/target/log"/>
    <property name="sun.boot.class.path" value="/usr/lib/jvm/adoptopenjdk-8-hotspot-amd64/jre/lib/resources.jar:/usr/lib/jvm/adoptopenjdk-8-hotspot-amd64/jre/lib/rt.jar:/usr/lib/jvm/adoptopenjdk-8-hotspot-amd64/jre/lib/sunrsasign.jar:/usr/lib/jvm/adoptopenjdk-8-hotspot-amd64/jre/lib/jsse.jar:/usr/lib/jvm/adoptopenjdk-8-hotspot-amd64/jre/lib/jce.jar:/usr/lib/jvm/adoptopenjdk-8-hotspot-amd64/jre/lib/charsets.jar:/usr/lib/jvm/adoptopenjdk-8-hotspot-amd64/jre/lib/jfr.jar:/usr/lib/jvm/adoptopenjdk-8-hotspot-amd64/jre/classes"/>
    <property name="sun.management.compiler" value="HotSpot 64-Bit Tiered Compilers"/>
    <property name="skip.npx" value="true"/>
    <property name="java.runtime.version" value="1.8.0_292-b10"/>
    <property name="java.net.preferIPv4Stack" value="true"/>
    <property name="user.name" value="runner"/>
    <property name="path.separator" value=":"/>
    <property name="java.security.egd" value="file:///dev/urandom"/>
    <property name="os.version" value="5.4.0-1064-azure"/>
    <property name="java.endorsed.dirs" value="/usr/lib/jvm/adoptopenjdk-8-hotspot-amd64/jre/lib/endorsed"/>
    <property name="java.runtime.name" value="OpenJDK Runtime Environment"/>
    <property name="file.encoding" value="UTF-8"/>
    <property name="java.vm.name" value="OpenJDK 64-Bit Server VM"/>
    <property name="test.build.webapps" value=""/>
    <property name="localRepository" value="/home/runner/.m2/repository"/>
    <property name="java.vendor.url.bug" value="https://github.com/AdoptOpenJDK/openjdk-support/issues"/>
    <property name="java.io.tmpdir" value="/tmp"/>
    <property name="require.test.libhadoop" value=""/>
    <property name="java.version" value="1.8.0_292"/>
    <property name="user.dir" value="/home/runner/work/ozone/ozone/hadoop-ozone/integration-test"/>
    <property name="os.arch" value="amd64"/>
    <property name="java.vm.specification.name" value="Java Virtual Machine Specification"/>
    <property name="test.build.classes" value="/home/runner/work/ozone/ozone/hadoop-ozone/integration-test/target/test-classes"/>
    <property name="java.awt.printerjob" value="sun.print.PSPrinterJob"/>
    <property name="sun.os.patch.level" value="unknown"/>
    <property name="hadoop.tmp.dir" value="/home/runner/work/ozone/ozone/hadoop-ozone/integration-test/target/tmp"/>
    <property name="java.library.path" value="/usr/java/packages/lib/amd64:/usr/lib64:/lib64:/lib:/usr/lib"/>
    <property name="java.vm.info" value="mixed mode"/>
    <property name="java.vendor" value="AdoptOpenJDK"/>
    <property name="java.vm.version" value="25.292-b10"/>
    <property name="java.ext.dirs" value="/usr/lib/jvm/adoptopenjdk-8-hotspot-amd64/jre/lib/ext:/usr/java/packages/lib/ext"/>
    <property name="sun.io.unicode.encoding" value="UnicodeLittle"/>
    <property name="java.class.version" value="52.0"/>
  </properties>
  <testcase name="test2DatanodesFailure" classname="org.apache.hadoop.ozone.client.rpc.TestBlockOutputStreamWithFailuresFlushDelay" time="87.336"/>
  <testcase name="testDatanodeFailureWithPreAllocation" classname="org.apache.hadoop.ozone.client.rpc.TestBlockOutputStreamWithFailuresFlushDelay" time="120.333"/>
  <testcase name="testDatanodeFailureWithSingleNodeRatis" classname="org.apache.hadoop.ozone.client.rpc.TestBlockOutputStreamWithFailuresFlushDelay" time="300.041">
    <error message="test timed out after 300 seconds" type="org.junit.runners.model.TestTimedOutException">org.junit.runners.model.TestTimedOutException: test timed out after 300 seconds
	at java.lang.Object.wait(Native Method)
	at java.util.concurrent.ForkJoinTask.externalAwaitDone(ForkJoinTask.java:334)
	at java.util.concurrent.ForkJoinTask.doInvoke(ForkJoinTask.java:405)
	at java.util.concurrent.ForkJoinTask.invoke(ForkJoinTask.java:734)
	at java.util.stream.ForEachOps$ForEachOp.evaluateParallel(ForEachOps.java:159)
	at java.util.stream.ForEachOps$ForEachOp$OfRef.evaluateParallel(ForEachOps.java:173)
	at java.util.stream.AbstractPipeline.evaluate(AbstractPipeline.java:233)
	at java.util.stream.ReferencePipeline.forEach(ReferencePipeline.java:485)
	at java.util.stream.ReferencePipeline$Head.forEach(ReferencePipeline.java:650)
	at org.apache.hadoop.ozone.MiniOzoneClusterImpl.stopDatanodes(MiniOzoneClusterImpl.java:529)
	at org.apache.hadoop.ozone.MiniOzoneClusterImpl.stop(MiniOzoneClusterImpl.java:470)
	at org.apache.hadoop.ozone.MiniOzoneClusterImpl.shutdown(MiniOzoneClusterImpl.java:457)
	at org.apache.hadoop.ozone.client.rpc.TestBlockOutputStreamWithFailuresFlushDelay.shutdown(TestBlockOutputStreamWithFailuresFlushDelay.java:160)
	at sun.reflect.NativeMethodAccessorImpl.invoke0(Native Method)
	at sun.reflect.NativeMethodAccessorImpl.invoke(NativeMethodAccessorImpl.java:62)
	at sun.reflect.DelegatingMethodAccessorImpl.invoke(DelegatingMethodAccessorImpl.java:43)
	at java.lang.reflect.Method.invoke(Method.java:498)
	at org.junit.runners.model.FrameworkMethod$1.runReflectiveCall(FrameworkMethod.java:59)
	at org.junit.internal.runners.model.ReflectiveCallable.run(ReflectiveCallable.java:12)
	at org.junit.runners.model.FrameworkMethod.invokeExplosively(FrameworkMethod.java:56)
	at org.junit.internal.runners.statements.RunAfters.invokeMethod(RunAfters.java:46)
	at org.junit.internal.runners.statements.RunAfters.evaluate(RunAfters.java:33)
	at org.junit.internal.runners.statements.FailOnTimeout$CallableStatement.call(FailOnTimeout.java:288)
	at org.junit.internal.runners.statements.FailOnTimeout$CallableStatement.call(FailOnTimeout.java:282)
	at java.util.concurrent.FutureTask.run(FutureTask.java:266)
	at java.lang.Thread.run(Thread.java:748)
</error>
    <system-out><![CDATA[2022-01-08 01:46:29,739 [Time-limited test] WARN  server.ServerUtils (ServerUtils.java:getScmDbDir(148)) - ozone.scm.db.dirs is not configured. We recommend adding this setting. Falling back to ozone.metadata.dirs instead.
2022-01-08 01:46:29,771 [Time-limited test] INFO  ha.SCMHANodeDetails (SCMHANodeDetails.java:loadSCMHAConfig(157)) - ServiceID for StorageContainerManager is null
2022-01-08 01:46:29,771 [Time-limited test] INFO  ha.SCMHANodeDetails (SCMHANodeDetails.java:loadSCMHAConfig(162)) - ozone.scm.default.service.id is not defined, falling back to ozone.scm.service.ids to find serviceID for StorageContainerManager if it is HA enabled cluster
2022-01-08 01:46:29,771 [Time-limited test] WARN  server.ServerUtils (ServerUtils.java:getScmDbDir(148)) - ozone.scm.db.dirs is not configured. We recommend adding this setting. Falling back to ozone.metadata.dirs instead.
2022-01-08 01:46:29,772 [Time-limited test] INFO  upgrade.AbstractLayoutVersionManager (AbstractLayoutVersionManager.java:init(79)) - Initializing Layout version manager with metadata layout = SCM_HA (version = 2), software layout = SCM_HA (version = 2)
2022-01-08 01:46:29,849 [Time-limited test] INFO  reflections.Reflections (Reflections.java:scan(232)) - Reflections took 77 ms to scan 7 urls, producing 119 keys and 279 values 
2022-01-08 01:46:29,856 [Time-limited test] WARN  utils.HAUtils (HAUtils.java:getMetaDir(342)) - ozone.scm.db.dirs is not configured. We recommend adding this setting. Falling back to ozone.metadata.dirs instead.
2022-01-08 01:46:29,858 [Time-limited test] WARN  db.DBStoreBuilder (DBStoreBuilder.java:applyDBDefinition(145)) - ozone.scm.db.dirs is not configured. We recommend adding this setting. Falling back to ozone.metadata.dirs instead.
2022-01-08 01:46:30,025 [Time-limited test] INFO  net.NodeSchemaLoader (NodeSchemaLoader.java:loadSchemaFromFile(129)) - Loading schema from [jar:file:/home/runner/.m2/repository/org/apache/ozone/hdds-common/1.3.0-SNAPSHOT/hdds-common-1.3.0-SNAPSHOT.jar!/network-topology-default.xml]
2022-01-08 01:46:30,025 [Time-limited test] INFO  net.NodeSchemaLoader (NodeSchemaLoader.java:loadSchema(176)) - Loading network topology layer schema file
2022-01-08 01:46:30,043 [Time-limited test] WARN  impl.MetricRegistriesImpl (MetricRegistriesImpl.java:addReporterRegistration(111)) - New reporters are added after registries were created. Some metrics will be missing from the reporter. Please add reporter before adding any new registry.
2022-01-08 01:46:30,043 [Time-limited test] WARN  impl.MetricRegistriesImpl (MetricRegistriesImpl.java:addReporterRegistration(111)) - New reporters are added after registries were created. Some metrics will be missing from the reporter. Please add reporter before adding any new registry.
2022-01-08 01:46:30,044 [Time-limited test] INFO  ha.SequenceIdGenerator (SequenceIdGenerator.java:upgradeToSequenceId(347)) - upgrade localId to 109611004723200000
2022-01-08 01:46:30,047 [Time-limited test] INFO  ha.SequenceIdGenerator (SequenceIdGenerator.java:upgradeToSequenceId(357)) - upgrade delTxnId to 0
2022-01-08 01:46:30,047 [Time-limited test] INFO  ha.SequenceIdGenerator (SequenceIdGenerator.java:upgradeToSequenceId(371)) - upgrade containerId to 0
2022-01-08 01:46:30,047 [Time-limited test] INFO  ha.SequenceIdGenerator (SequenceIdGenerator.java:<init>(218)) - Init the HA SequenceIdGenerator.
2022-01-08 01:46:30,048 [Time-limited test] WARN  server.ServerUtils (ServerUtils.java:sanitizeUserArgs(67)) - ozone.scm.dead.node.interval value = 10000 is smaller than min = 20000 based on the key value of ozone.scm.stale.node.interval, reset to the min value 20000.
2022-01-08 01:46:30,067 [Time-limited test] INFO  node.SCMNodeManager (SCMNodeManager.java:<init>(144)) - Entering startup safe mode.
2022-01-08 01:46:30,068 [Time-limited test] INFO  algorithms.ContainerPlacementPolicyFactory (ContainerPlacementPolicyFactory.java:getPolicy(60)) - Create container placement policy of type org.apache.hadoop.hdds.scm.container.placement.algorithms.SCMContainerPlacementRandom
2022-01-08 01:46:30,068 [Time-limited test] INFO  pipeline.PipelineStateManagerImpl (PipelineStateManagerImpl.java:initialize(78)) - No pipeline exists in current db
2022-01-08 01:46:30,068 [Time-limited test] INFO  algorithms.LeaderChoosePolicyFactory (LeaderChoosePolicyFactory.java:getPolicy(57)) - Create leader choose policy of type org.apache.hadoop.hdds.scm.pipeline.leader.choose.algorithms.MinLeaderCountChoosePolicy
2022-01-08 01:46:30,068 [Time-limited test] INFO  ha.SCMServiceManager (SCMServiceManager.java:register(43)) - Registering service BackgroundPipelineCreator.
2022-01-08 01:46:30,068 [Time-limited test] INFO  pipeline.BackgroundPipelineCreator (BackgroundPipelineCreator.java:start(130)) - Starting RatisPipelineUtilsThread.
2022-01-08 01:46:30,069 [Time-limited test] INFO  algorithms.PipelineChoosePolicyFactory (PipelineChoosePolicyFactory.java:createPipelineChoosePolicyFromClass(73)) - Create pipeline choose policy of type org.apache.hadoop.hdds.scm.pipeline.choose.algorithms.RandomPipelineChoosePolicy
2022-01-08 01:46:30,070 [Time-limited test] INFO  ha.SCMServiceManager (SCMServiceManager.java:register(43)) - Registering service SCMBlockDeletingService.
2022-01-08 01:46:30,070 [Time-limited test] INFO  ha.SCMServiceManager (SCMServiceManager.java:register(43)) - Registering service ReplicationManager.
2022-01-08 01:46:30,070 [Time-limited test] INFO  container.ReplicationManager (ReplicationManager.java:start(319)) - Starting Replication Monitor Thread.
2022-01-08 01:46:30,071 [Time-limited test] INFO  safemode.ContainerSafeModeRule (ContainerSafeModeRule.java:<init>(89)) - containers with one replica threshold count 0
2022-01-08 01:46:30,071 [Time-limited test] INFO  safemode.HealthyPipelineSafeModeRule (HealthyPipelineSafeModeRule.java:initializeRule(156)) - Total pipeline count is 0, healthy pipeline threshold count is 1
2022-01-08 01:46:30,072 [Time-limited test] INFO  safemode.OneReplicaPipelineSafeModeRule (OneReplicaPipelineSafeModeRule.java:initializeRule(180)) - Total pipeline count is 0, pipeline's with at least one datanode reported threshold count is 0
2022-01-08 01:46:30,072 [Time-limited test] INFO  ipc.CallQueueManager (CallQueueManager.java:<init>(90)) - Using callQueue: class java.util.concurrent.LinkedBlockingQueue, queueCapacity: 2000, scheduler: class org.apache.hadoop.ipc.DefaultRpcScheduler, ipcBackoff: false.
2022-01-08 01:46:30,073 [Socket Reader #1 for port 0] INFO  ipc.Server (Server.java:run(1265)) - Starting Socket Reader #1 for port 0
2022-01-08 01:46:30,074 [Listener at 0.0.0.0/40019] INFO  ipc.CallQueueManager (CallQueueManager.java:<init>(90)) - Using callQueue: class java.util.concurrent.LinkedBlockingQueue, queueCapacity: 2000, scheduler: class org.apache.hadoop.ipc.DefaultRpcScheduler, ipcBackoff: false.
2022-01-08 01:46:30,074 [Socket Reader #1 for port 0] INFO  ipc.Server (Server.java:run(1265)) - Starting Socket Reader #1 for port 0
2022-01-08 01:46:30,075 [Listener at 0.0.0.0/34457] INFO  ipc.CallQueueManager (CallQueueManager.java:<init>(90)) - Using callQueue: class java.util.concurrent.LinkedBlockingQueue, queueCapacity: 2000, scheduler: class org.apache.hadoop.ipc.DefaultRpcScheduler, ipcBackoff: false.
2022-01-08 01:46:30,076 [Socket Reader #1 for port 0] INFO  ipc.Server (Server.java:run(1265)) - Starting Socket Reader #1 for port 0
2022-01-08 01:46:30,080 [ReplicationMonitor] INFO  container.ReplicationManager (ReplicationManager.java:processAll(371)) - Replication Monitor Thread took 0 milliseconds for processing 0 containers.
2022-01-08 01:46:30,134 [Listener at 0.0.0.0/39879] INFO  algorithms.ContainerPlacementPolicyFactory (ContainerPlacementPolicyFactory.java:getPolicy(60)) - Create container placement policy of type org.apache.hadoop.hdds.scm.container.placement.algorithms.SCMContainerPlacementRandom
2022-01-08 01:46:30,135 [Listener at 0.0.0.0/39879] INFO  server.StorageContainerManager (StorageContainerManager.java:<init>(388)) - 
Container Balancer status:
Key                            Value
Running                        false
Container Balancer Configuration values:
Key                                                Value
Threshold                                          0.1
Max Datanodes to Involve per Iteration(ratio)      0.2
Max Size to Move per Iteration                     30GB
Max Size Entering Target per Iteration             26GB
Max Size Leaving Source per Iteration              26GB

2022-01-08 01:46:30,135 [Listener at 0.0.0.0/39879] WARN  events.EventQueue (EventQueue.java:fireEvent(194)) - No event handler registered for event TypedEvent{payloadType=SafeModeStatus, name='Safe mode status'}
2022-01-08 01:46:30,135 [Listener at 0.0.0.0/39879] INFO  ha.SCMContext (SCMContext.java:updateSafeModeStatus(211)) - Update SafeModeStatus from SafeModeStatus{safeModeStatus=true, preCheckPassed=false} to SafeModeStatus{safeModeStatus=true, preCheckPassed=false}.
2022-01-08 01:46:30,135 [Listener at 0.0.0.0/39879] INFO  server.StorageContainerManager (StorageContainerManager.java:start(1303)) - StorageContainerLocationProtocol RPC server is listening at /0.0.0.0:39879
2022-01-08 01:46:30,138 [Listener at 0.0.0.0/39879] WARN  impl.MetricsConfig (MetricsConfig.java:loadFirst(136)) - Cannot locate configuration: tried hadoop-metrics2-storagecontainermanager.properties,hadoop-metrics2.properties
2022-01-08 01:46:30,139 [Listener at 0.0.0.0/39879] INFO  impl.MetricsSystemImpl (MetricsSystemImpl.java:startTimer(378)) - Scheduled Metric snapshot period at 10 second(s).
2022-01-08 01:46:30,139 [Listener at 0.0.0.0/39879] INFO  impl.MetricsSystemImpl (MetricsSystemImpl.java:start(191)) - StorageContainerManager metrics system started
2022-01-08 01:46:30,188 [Listener at 0.0.0.0/39879] INFO  impl.MetricsSinkAdapter (MetricsSinkAdapter.java:start(204)) - Sink prometheus started
2022-01-08 01:46:30,189 [Listener at 0.0.0.0/39879] INFO  impl.MetricsSystemImpl (MetricsSystemImpl.java:registerSink(305)) - Registered sink prometheus
2022-01-08 01:46:30,238 [Listener at 0.0.0.0/39879] INFO  server.SCMClientProtocolServer (SCMClientProtocolServer.java:start(164)) - RPC server for Client  is listening at /0.0.0.0:39879
2022-01-08 01:46:30,240 [IPC Server Responder] INFO  ipc.Server (Server.java:run(1507)) - IPC Server Responder: starting
2022-01-08 01:46:30,241 [IPC Server listener on 0] INFO  ipc.Server (Server.java:run(1344)) - IPC Server listener on 0: starting
2022-01-08 01:46:30,311 [Listener at 0.0.0.0/39879] INFO  server.StorageContainerManager (StorageContainerManager.java:start(1318)) - ScmBlockLocationProtocol RPC server is listening at /0.0.0.0:34457
2022-01-08 01:46:30,311 [Listener at 0.0.0.0/39879] INFO  server.SCMBlockProtocolServer (SCMBlockProtocolServer.java:start(151)) - RPC server for Block Protocol is listening at /0.0.0.0:34457
2022-01-08 01:46:30,312 [IPC Server Responder] INFO  ipc.Server (Server.java:run(1507)) - IPC Server Responder: starting
2022-01-08 01:46:30,312 [IPC Server listener on 0] INFO  ipc.Server (Server.java:run(1344)) - IPC Server listener on 0: starting
2022-01-08 01:46:30,340 [Listener at 0.0.0.0/39879] INFO  server.SCMDatanodeProtocolServer (SCMDatanodeProtocolServer.java:start(181)) - ScmDatanodeProtocol RPC server for DataNodes is listening at /0.0.0.0:40019
2022-01-08 01:46:30,341 [IPC Server Responder] INFO  ipc.Server (Server.java:run(1507)) - IPC Server Responder: starting
2022-01-08 01:46:30,341 [IPC Server listener on 0] INFO  ipc.Server (Server.java:run(1344)) - IPC Server listener on 0: starting
2022-01-08 01:46:30,358 [Listener at 0.0.0.0/39879] INFO  http.BaseHttpServer (BaseHttpServer.java:newHttpServer2BuilderForOzone(209)) - Starting Web-server for scm at: http://0.0.0.0:0
2022-01-08 01:46:30,358 [Listener at 0.0.0.0/39879] INFO  http.BaseHttpServer (BaseHttpServer.java:<init>(107)) - Hadoop Security Enabled: false Ozone Security Enabled: false Ozone HTTP Security Enabled: false 
2022-01-08 01:46:30,359 [Listener at 0.0.0.0/39879] INFO  server.AuthenticationFilter (AuthenticationFilter.java:constructSecretProvider(240)) - Unable to initialize FileSignerSecretProvider, falling back to use random secrets.
2022-01-08 01:46:30,369 [Listener at 0.0.0.0/39879] WARN  http.HttpRequestLog (HttpRequestLog.java:getRequestLog(103)) - Jetty request log can only be enabled using Log4j
2022-01-08 01:46:30,370 [Listener at 0.0.0.0/39879] INFO  http.HttpServer2 (HttpServer2.java:addGlobalFilter(1030)) - Added global filter 'safety' (class=org.apache.hadoop.hdds.server.http.HttpServer2$QuotingInputFilter)
2022-01-08 01:46:30,370 [Listener at 0.0.0.0/39879] INFO  http.HttpServer2 (HttpServer2.java:addFilter(1006)) - Added filter static_user_filter (class=org.apache.hadoop.http.lib.StaticUserWebFilter$StaticUserFilter) to context scm
2022-01-08 01:46:30,370 [Listener at 0.0.0.0/39879] INFO  http.HttpServer2 (HttpServer2.java:addFilter(1014)) - Added filter static_user_filter (class=org.apache.hadoop.http.lib.StaticUserWebFilter$StaticUserFilter) to context logs
2022-01-08 01:46:30,370 [Listener at 0.0.0.0/39879] INFO  http.HttpServer2 (HttpServer2.java:addFilter(1014)) - Added filter static_user_filter (class=org.apache.hadoop.http.lib.StaticUserWebFilter$StaticUserFilter) to context static
2022-01-08 01:46:30,371 [Listener at 0.0.0.0/39879] INFO  http.HttpServer2 (HttpServer2.java:bindListener(1249)) - Jetty bound to port 34009
2022-01-08 01:46:30,371 [Listener at 0.0.0.0/39879] INFO  server.Server (Server.java:doStart(375)) - jetty-9.4.43.v20210629; built: 2021-06-30T11:07:22.254Z; git: 526006ecfa3af7f1a27ef3a288e2bef7ea9dd7e8; jvm 1.8.0_292-b10
2022-01-08 01:46:30,395 [org.apache.hadoop.util.JvmPauseMonitor$Monitor@775bc973] INFO  util.JvmPauseMonitor (JvmPauseMonitor.java:run(188)) - Starting JVM pause monitor
2022-01-08 01:46:30,404 [Listener at 0.0.0.0/39879] INFO  server.session (DefaultSessionIdManager.java:doStart(334)) - DefaultSessionIdManager workerName=node0
2022-01-08 01:46:30,404 [Listener at 0.0.0.0/39879] INFO  server.session (DefaultSessionIdManager.java:doStart(339)) - No SessionScavenger set, using defaults
2022-01-08 01:46:30,404 [Listener at 0.0.0.0/39879] INFO  server.session (HouseKeeper.java:startScavenging(132)) - node0 Scavenging every 660000ms
2022-01-08 01:46:30,406 [Listener at 0.0.0.0/39879] INFO  handler.ContextHandler (ContextHandler.java:doStart(915)) - Started o.e.j.s.ServletContextHandler@504a8d1f{logs,/logs,file:///home/runner/work/ozone/ozone/hadoop-ozone/integration-test/target/log,AVAILABLE}
2022-01-08 01:46:30,406 [Listener at 0.0.0.0/39879] INFO  handler.ContextHandler (ContextHandler.java:doStart(915)) - Started o.e.j.s.ServletContextHandler@1856ce73{static,/static,file:///home/runner/work/ozone/ozone/hadoop-ozone/integration-test/target/test-classes/webapps/static,AVAILABLE}
2022-01-08 01:46:30,409 [Listener at 0.0.0.0/39879] INFO  handler.ContextHandler (ContextHandler.java:doStart(915)) - Started o.e.j.w.WebAppContext@13319eb9{scm,/,file:///home/runner/work/ozone/ozone/hadoop-ozone/integration-test/target/test-classes/webapps/scm/,AVAILABLE}{file:/home/runner/work/ozone/ozone/hadoop-ozone/integration-test/target/test-classes/webapps/scm}
2022-01-08 01:46:30,438 [Listener at 0.0.0.0/39879] INFO  server.AbstractConnector (AbstractConnector.java:doStart(331)) - Started ServerConnector@25ac4595{HTTP/1.1, (http/1.1)}{0.0.0.0:34009}
2022-01-08 01:46:30,438 [Listener at 0.0.0.0/39879] INFO  server.Server (Server.java:doStart(415)) - Started @209406ms
2022-01-08 01:46:30,439 [Listener at 0.0.0.0/39879] WARN  impl.MetricsSystemImpl (MetricsSystemImpl.java:register(279)) - Sink prometheus already exists!
2022-01-08 01:46:30,439 [Listener at 0.0.0.0/39879] INFO  http.BaseHttpServer (BaseHttpServer.java:updateConnectorAddress(329)) - HTTP server of scm listening at http://0.0.0.0:34009
2022-01-08 01:46:30,439 [Listener at 0.0.0.0/39879] WARN  server.ServerUtils (ServerUtils.java:getDBPath(225)) - ozone.om.db.dirs is not configured. We recommend adding this setting. Falling back to ozone.metadata.dirs instead.
2022-01-08 01:46:30,444 [Listener at 0.0.0.0/39879] INFO  ha.OMHANodeDetails (OMHANodeDetails.java:loadOMHAConfig(112)) - ozone.om.internal.service.id is not defined, falling back to ozone.om.service.ids to find serviceID for OzoneManager if it is HA enabled cluster
2022-01-08 01:46:30,445 [Listener at 0.0.0.0/39879] INFO  ha.OMHANodeDetails (OMHANodeDetails.java:loadOMHAConfig(218)) - Configuration does not have ozone.om.address set. Falling back to the default OM address /127.0.0.1:0
2022-01-08 01:46:30,445 [Listener at 0.0.0.0/39879] INFO  ha.OMHANodeDetails (OMHANodeDetails.java:getOMNodeDetailsForNonHA(246)) - OM Service ID is not set. Setting it to the default ID: omServiceIdDefault
2022-01-08 01:46:30,445 [Listener at 0.0.0.0/39879] INFO  ha.OMHANodeDetails (OMHANodeDetails.java:getOMNodeDetailsForNonHA(253)) - OM Node ID is not set. Setting it to the default ID: om1
2022-01-08 01:46:30,445 [Listener at 0.0.0.0/39879] WARN  server.ServerUtils (ServerUtils.java:getDBPath(225)) - ozone.om.db.dirs is not configured. We recommend adding this setting. Falling back to ozone.metadata.dirs instead.
2022-01-08 01:46:30,445 [Listener at 0.0.0.0/39879] INFO  upgrade.AbstractLayoutVersionManager (AbstractLayoutVersionManager.java:init(79)) - Initializing Layout version manager with metadata layout = INITIAL_VERSION (version = 0), software layout = INITIAL_VERSION (version = 0)
2022-01-08 01:46:30,624 [Listener at 0.0.0.0/39879] INFO  reflections.Reflections (Reflections.java:scan(232)) - Reflections took 178 ms to scan 2 urls, producing 133 keys and 345 values [using 2 cores]
2022-01-08 01:46:30,625 [Listener at 0.0.0.0/39879] INFO  upgrade.OMLayoutVersionManager (OMLayoutVersionManager.java:lambda$0(115)) - Skipping Upgrade Action MockOmUpgradeAction since it has been finalized.
2022-01-08 01:46:30,625 [Listener at 0.0.0.0/39879] WARN  server.ServerUtils (ServerUtils.java:getDBPath(225)) - ozone.om.db.dirs is not configured. We recommend adding this setting. Falling back to ozone.metadata.dirs instead.
2022-01-08 01:46:30,674 [Listener at 0.0.0.0/39879] WARN  server.ServerUtils (ServerUtils.java:getDBPath(225)) - ozone.om.db.dirs is not configured. We recommend adding this setting. Falling back to ozone.metadata.dirs instead.
2022-01-08 01:46:30,675 [Listener at 0.0.0.0/39879] INFO  codec.OmKeyInfoCodec (OmKeyInfoCodec.java:<init>(50)) - OmKeyInfoCodec ignorePipeline = true
2022-01-08 01:46:30,690 [Listener at 0.0.0.0/39879] INFO  codec.RepeatedOmKeyInfoCodec (RepeatedOmKeyInfoCodec.java:<init>(42)) - RepeatedOmKeyInfoCodec ignorePipeline = true
2022-01-08 01:46:30,864 [Listener at 0.0.0.0/39879] INFO  om.OzoneManager (OzoneManager.java:addS3GVolumeToDB(3728)) - Created Volume s3v With Owner runner required for S3Gateway operations.
2022-01-08 01:46:30,869 [Listener at 0.0.0.0/39879] WARN  server.ServerUtils (ServerUtils.java:getDefaultRatisDirectory(237)) - Storage directory for Ratis is not configured. It is a good idea to map this to an SSD disk. Falling back to ozone.metadata.dirs
2022-01-08 01:46:30,870 [Listener at 0.0.0.0/39879] WARN  utils.OzoneManagerRatisUtils (OzoneManagerRatisUtils.java:getOMRatisSnapshotDirectory(323)) - ozone.om.ratis.snapshot.dir is not configured. Falling back to ozone.metadata.dirs config
2022-01-08 01:46:30,874 [Listener at 0.0.0.0/39879] WARN  impl.MetricRegistriesImpl (MetricRegistriesImpl.java:addReporterRegistration(111)) - New reporters are added after registries were created. Some metrics will be missing from the reporter. Please add reporter before adding any new registry.
2022-01-08 01:46:30,874 [Listener at 0.0.0.0/39879] WARN  impl.MetricRegistriesImpl (MetricRegistriesImpl.java:addReporterRegistration(111)) - New reporters are added after registries were created. Some metrics will be missing from the reporter. Please add reporter before adding any new registry.
2022-01-08 01:46:30,875 [Listener at 0.0.0.0/39879] WARN  server.ServerUtils (ServerUtils.java:getDefaultRatisDirectory(237)) - Storage directory for Ratis is not configured. It is a good idea to map this to an SSD disk. Falling back to ozone.metadata.dirs
2022-01-08 01:46:30,876 [Listener at 0.0.0.0/39879] INFO  ratis.OzoneManagerRatisServer (OzoneManagerRatisServer.java:<init>(159)) - Instantiating OM Ratis server with groupID: omServiceIdDefault and peers: localhost:9872
2022-01-08 01:46:30,887 [Listener at 0.0.0.0/39879] INFO  ratis.OzoneManagerStateMachine (OzoneManagerStateMachine.java:loadSnapshotInfoFromDB(605)) - LastAppliedIndex is set from TransactionInfo from OM DB as (t:0, i:~)
2022-01-08 01:46:30,889 [Listener at 0.0.0.0/39879] INFO  server.RaftServer (ConfUtils.java:logGet(44)) - raft.rpc.type = GRPC (default)
2022-01-08 01:46:30,889 [Listener at 0.0.0.0/39879] INFO  grpc.GrpcFactory (GrpcFactory.java:checkPooledByteBufAllocatorUseCacheForAllThreads(48)) - PERFORMANCE WARNING: useCacheForAllThreads is true that may cause Netty to create a lot garbage objects and, as a result, trigger GC.
	It is recommended to disable useCacheForAllThreads by setting -Dorg.apache.ratis.thirdparty.io.netty.allocator.useCacheForAllThreads=false in command line.
2022-01-08 01:46:30,903 [Listener at 0.0.0.0/39879] INFO  grpc.GrpcConfigKeys (ConfUtils.java:logGet(44)) - raft.grpc.admin.port = -1 (default)
2022-01-08 01:46:30,903 [Listener at 0.0.0.0/39879] INFO  grpc.GrpcConfigKeys (ConfUtils.java:logGet(44)) - raft.grpc.server.port = 9872 (custom)
2022-01-08 01:46:30,904 [Listener at 0.0.0.0/39879] INFO  grpc.GrpcConfigKeys (ConfUtils.java:logGet(44)) - raft.grpc.client.port = -1 (default)
2022-01-08 01:46:30,904 [Listener at 0.0.0.0/39879] INFO  grpc.GrpcConfigKeys (ConfUtils.java:logGet(44)) - raft.grpc.server.port = 9872 (custom)
2022-01-08 01:46:30,904 [Listener at 0.0.0.0/39879] INFO  grpc.GrpcConfigKeys (ConfUtils.java:logGet(44)) - raft.grpc.server.port = 9872 (custom)
2022-01-08 01:46:30,904 [Listener at 0.0.0.0/39879] INFO  server.GrpcService (ConfUtils.java:logGet(44)) - raft.grpc.message.size.max = 33554432 (custom)
2022-01-08 01:46:30,904 [Listener at 0.0.0.0/39879] INFO  server.RaftServerConfigKeys (ConfUtils.java:logGet(44)) - raft.server.log.appender.buffer.byte-limit = 33554432 (custom)
2022-01-08 01:46:30,904 [Listener at 0.0.0.0/39879] INFO  server.GrpcService (ConfUtils.java:logGet(44)) - raft.grpc.flow.control.window = 1MB (=1048576) (default)
2022-01-08 01:46:30,904 [Listener at 0.0.0.0/39879] INFO  server.RaftServerConfigKeys (ConfUtils.java:logGet(44)) - raft.server.rpc.request.timeout = 3000ms (default)
2022-01-08 01:46:30,905 [Listener at 0.0.0.0/39879] INFO  impl.DataStreamServerImpl (ConfUtils.java:logGet(44)) - raft.datastream.type = DISABLED (default)
2022-01-08 01:46:30,916 [Listener at 0.0.0.0/39879] INFO  server.RaftServerConfigKeys (ConfUtils.java:logGet(44)) - raft.server.rpc.slowness.timeout = 120s (custom)
2022-01-08 01:46:30,916 [Listener at 0.0.0.0/39879] INFO  server.RaftServerConfigKeys (ConfUtils.java:logGet(44)) - raft.server.leaderelection.leader.step-down.wait-time = 10s (default)
2022-01-08 01:46:30,916 [Listener at 0.0.0.0/39879] INFO  server.RaftServerConfigKeys (ConfUtils.java:logGet(44)) - raft.server.storage.dir = [/home/runner/work/ozone/ozone/hadoop-ozone/integration-test/target/test-dir/MiniOzoneClusterImpl-6a132c25-3902-4d06-b1e4-79a7ed3e0f57/ozone-meta/ratis] (custom)
2022-01-08 01:46:30,917 [Listener at 0.0.0.0/39879] INFO  server.RaftServer (RaftServerProxy.java:addNew(95)) - om1: addNew group-C5BA1605619E:[om1|rpc:localhost:9872|priority:0] returns group-C5BA1605619E:java.util.concurrent.CompletableFuture@1db0b367[Not completed]
2022-01-08 01:46:30,917 [Listener at 0.0.0.0/39879] INFO  om.OzoneManager (OzoneManager.java:initializeRatisServer(1834)) - OzoneManager Ratis server initialized at port 9872
2022-01-08 01:46:30,917 [pool-538-thread-1] INFO  server.RaftServer$Division (RaftServerImpl.java:<init>(184)) - om1: new RaftServerImpl for group-C5BA1605619E:[om1|rpc:localhost:9872|priority:0] with OzoneManagerStateMachine:uninitialized
2022-01-08 01:46:30,921 [Listener at 0.0.0.0/39879] INFO  ipc.CallQueueManager (CallQueueManager.java:<init>(90)) - Using callQueue: class java.util.concurrent.LinkedBlockingQueue, queueCapacity: 2000, scheduler: class org.apache.hadoop.ipc.DefaultRpcScheduler, ipcBackoff: false.
2022-01-08 01:46:30,923 [Socket Reader #1 for port 0] INFO  ipc.Server (Server.java:run(1265)) - Starting Socket Reader #1 for port 0
2022-01-08 01:46:30,963 [pool-538-thread-1] INFO  server.RaftServerConfigKeys (ConfUtils.java:logGet(44)) - raft.server.rpc.timeout.min = 1s (custom)
2022-01-08 01:46:30,963 [pool-538-thread-1] INFO  server.RaftServerConfigKeys (ConfUtils.java:logGet(44)) - raft.server.rpc.timeout.max = 1200ms (custom)
2022-01-08 01:46:30,963 [pool-538-thread-1] INFO  server.RaftServerConfigKeys (ConfUtils.java:logGet(44)) - raft.server.rpc.sleep.time = 25ms (default)
2022-01-08 01:46:30,963 [pool-538-thread-1] INFO  server.RaftServerConfigKeys (ConfUtils.java:logGet(44)) - raft.server.rpc.slowness.timeout = 120s (custom)
2022-01-08 01:46:30,963 [pool-538-thread-1] INFO  server.RaftServerConfigKeys (ConfUtils.java:logGet(44)) - raft.server.leaderelection.leader.step-down.wait-time = 10s (default)
2022-01-08 01:46:30,963 [pool-538-thread-1] INFO  server.RaftServerConfigKeys (ConfUtils.java:logGet(44)) - raft.server.sleep.deviation.threshold = 300ms (default)
2022-01-08 01:46:30,963 [pool-538-thread-1] INFO  server.RaftServerConfigKeys (ConfUtils.java:logGet(44)) - raft.server.log.appender.install.snapshot.enabled = false (custom)
2022-01-08 01:46:30,963 [pool-538-thread-1] INFO  server.RaftServer$Division (ServerState.java:<init>(105)) - om1@group-C5BA1605619E: ConfigurationManager, init=-1: [om1|rpc:localhost:9872|priority:0], old=null, confs=<EMPTY_MAP>
2022-01-08 01:46:30,963 [pool-538-thread-1] INFO  server.RaftServerConfigKeys (ConfUtils.java:logGet(44)) - raft.server.storage.dir = [/home/runner/work/ozone/ozone/hadoop-ozone/integration-test/target/test-dir/MiniOzoneClusterImpl-6a132c25-3902-4d06-b1e4-79a7ed3e0f57/ozone-meta/ratis] (custom)
2022-01-08 01:46:30,963 [pool-538-thread-1] INFO  server.RaftServerConfigKeys (ConfUtils.java:logGet(44)) - raft.server.log.corruption.policy = EXCEPTION (default)
2022-01-08 01:46:30,963 [pool-538-thread-1] INFO  server.RaftServerConfigKeys (ConfUtils.java:logGet(44)) - raft.server.storage.free-space.min = 0MB (=0) (default)
2022-01-08 01:46:30,963 [pool-538-thread-1] INFO  storage.RaftStorageDirectory (RaftStorageDirectoryImpl.java:analyzeStorage(135)) - The storage directory /home/runner/work/ozone/ozone/hadoop-ozone/integration-test/target/test-dir/MiniOzoneClusterImpl-6a132c25-3902-4d06-b1e4-79a7ed3e0f57/ozone-meta/ratis/bf265839-605b-3f16-9796-c5ba1605619e does not exist. Creating ...
2022-01-08 01:46:30,965 [pool-538-thread-1] INFO  storage.RaftStorageDirectory (RaftStorageDirectoryImpl.java:tryLock(230)) - Lock on /home/runner/work/ozone/ozone/hadoop-ozone/integration-test/target/test-dir/MiniOzoneClusterImpl-6a132c25-3902-4d06-b1e4-79a7ed3e0f57/ozone-meta/ratis/bf265839-605b-3f16-9796-c5ba1605619e/in_use.lock acquired by nodename 32692@fv-az116-279
2022-01-08 01:46:30,966 [pool-538-thread-1] INFO  storage.RaftStorage (RaftStorageImpl.java:format(89)) - Storage directory /home/runner/work/ozone/ozone/hadoop-ozone/integration-test/target/test-dir/MiniOzoneClusterImpl-6a132c25-3902-4d06-b1e4-79a7ed3e0f57/ozone-meta/ratis/bf265839-605b-3f16-9796-c5ba1605619e has been successfully formatted.
2022-01-08 01:46:30,966 [pool-538-thread-1] INFO  server.RaftServerConfigKeys (ConfUtils.java:logGet(44)) - raft.server.notification.no-leader.timeout = 120s (custom)
2022-01-08 01:46:30,966 [pool-538-thread-1] INFO  server.RaftServerConfigKeys (ConfUtils.java:logGet(44)) - raft.server.log.use.memory = false (default)
2022-01-08 01:46:30,967 [pool-538-thread-1] INFO  server.RaftServerConfigKeys (ConfUtils.java:logGet(44)) - raft.server.log.purge.gap = 1000000 (custom)
2022-01-08 01:46:30,967 [pool-538-thread-1] INFO  server.RaftServerConfigKeys (ConfUtils.java:logGet(44)) - raft.server.log.appender.buffer.byte-limit = 33554432 (custom)
2022-01-08 01:46:30,967 [pool-538-thread-1] INFO  server.RaftServerConfigKeys (ConfUtils.java:logGet(44)) - raft.server.log.segment.size.max = 4194304 (custom)
2022-01-08 01:46:30,967 [pool-538-thread-1] INFO  server.RaftServerConfigKeys (ConfUtils.java:logGet(44)) - raft.server.log.segment.cache.num.max = 2 (custom)
2022-01-08 01:46:30,967 [pool-538-thread-1] INFO  server.RaftServerConfigKeys (ConfUtils.java:logGet(44)) - raft.server.log.segment.cache.size.max = 200MB (=209715200) (default)
2022-01-08 01:46:30,967 [pool-538-thread-1] INFO  segmented.SegmentedRaftLogWorker (SegmentedRaftLogWorker.java:<init>(182)) - new om1@group-C5BA1605619E-SegmentedRaftLogWorker for RaftStorageImpl:Storage Directory /home/runner/work/ozone/ozone/hadoop-ozone/integration-test/target/test-dir/MiniOzoneClusterImpl-6a132c25-3902-4d06-b1e4-79a7ed3e0f57/ozone-meta/ratis/bf265839-605b-3f16-9796-c5ba1605619e
2022-01-08 01:46:30,967 [pool-538-thread-1] INFO  server.RaftServerConfigKeys (ConfUtils.java:logGet(44)) - raft.server.log.queue.byte-limit = 64MB (=67108864) (default)
2022-01-08 01:46:30,967 [pool-538-thread-1] INFO  server.RaftServerConfigKeys (ConfUtils.java:logGet(44)) - raft.server.log.queue.element-limit = 4096 (default)
2022-01-08 01:46:30,967 [pool-538-thread-1] INFO  server.RaftServerConfigKeys (ConfUtils.java:logGet(44)) - raft.server.log.segment.size.max = 4194304 (custom)
2022-01-08 01:46:30,967 [pool-538-thread-1] INFO  server.RaftServerConfigKeys (ConfUtils.java:logGet(44)) - raft.server.log.preallocated.size = 4194304 (custom)
2022-01-08 01:46:30,967 [pool-538-thread-1] INFO  server.RaftServerConfigKeys (ConfUtils.java:logGet(44)) - raft.server.log.force.sync.num = 128 (default)
2022-01-08 01:46:30,967 [pool-538-thread-1] INFO  server.RaftServerConfigKeys (ConfUtils.java:logGet(44)) - raft.server.log.statemachine.data.sync = true (default)
2022-01-08 01:46:30,968 [pool-538-thread-1] INFO  server.RaftServerConfigKeys (ConfUtils.java:logGet(44)) - raft.server.log.statemachine.data.sync.timeout = 10s (default)
2022-01-08 01:46:30,968 [pool-538-thread-1] INFO  server.RaftServerConfigKeys (ConfUtils.java:logGet(44)) - raft.server.log.statemachine.data.sync.timeout.retry = -1 (default)
2022-01-08 01:46:30,968 [pool-538-thread-1] INFO  server.RaftServerConfigKeys (ConfUtils.java:logGet(44)) - raft.server.log.write.buffer.size = 64KB (=65536) (default)
2022-01-08 01:46:30,968 [pool-538-thread-1] INFO  server.RaftServerConfigKeys (ConfUtils.java:logGet(44)) - raft.server.log.statemachine.data.caching.enabled = false (default)
2022-01-08 01:46:30,968 [pool-538-thread-1] INFO  segmented.SegmentedRaftLogWorker (SegmentedRaftLogWorker.java:lambda$new$0(133)) - om1@group-C5BA1605619E-SegmentedRaftLogWorker: flushIndex: setUnconditionally 0 -> -1
2022-01-08 01:46:30,968 [pool-538-thread-1] INFO  segmented.SegmentedRaftLogWorker (SegmentedRaftLogWorker.java:lambda$new$0(133)) - om1@group-C5BA1605619E-SegmentedRaftLogWorker: safeCacheEvictIndex: setUnconditionally 0 -> -1
2022-01-08 01:46:30,969 [pool-538-thread-1] INFO  server.RaftServerConfigKeys (ConfUtils.java:logGet(44)) - raft.server.snapshot.auto.trigger.enabled = true (custom)
2022-01-08 01:46:30,969 [pool-538-thread-1] INFO  server.RaftServerConfigKeys (ConfUtils.java:logGet(44)) - raft.server.snapshot.auto.trigger.threshold = 400000 (default)
2022-01-08 01:46:30,969 [pool-538-thread-1] INFO  server.RaftServerConfigKeys (ConfUtils.java:logGet(44)) - raft.server.snapshot.retention.file.num = -1 (default)
2022-01-08 01:46:30,969 [pool-538-thread-1] INFO  server.RaftServerConfigKeys (ConfUtils.java:logGet(44)) - raft.server.log.purge.upto.snapshot.index = true (custom)
2022-01-08 01:46:30,969 [pool-538-thread-1] INFO  server.RaftServerConfigKeys (ConfUtils.java:logGet(44)) - raft.server.retrycache.expirytime = 300s (custom)
2022-01-08 01:46:30,969 [pool-538-thread-1] INFO  server.RaftServerConfigKeys (ConfUtils.java:logGet(44)) - raft.server.retrycache.statistics.expirytime = 100μs (default)
2022-01-08 01:46:30,987 [Listener at 127.0.0.1/40645] INFO  impl.MetricsSystemImpl (MetricsSystemImpl.java:init(158)) - OzoneManager metrics system started (again)
2022-01-08 01:46:31,003 [Listener at 127.0.0.1/40645] INFO  om.OzoneManager (OzoneManager.java:start(1365)) - OzoneManager RPC server is listening at localhost/127.0.0.1:40645
2022-01-08 01:46:31,004 [Listener at 127.0.0.1/40645] INFO  ratis.OzoneManagerRatisServer (OzoneManagerRatisServer.java:start(554)) - Starting OzoneManagerRatisServer om1 at port 9872
2022-01-08 01:46:31,004 [Listener at 127.0.0.1/40645] INFO  server.RaftServer$Division (RaftServerImpl.java:start(301)) - om1@group-C5BA1605619E: start as a follower, conf=-1: [om1|rpc:localhost:9872|priority:0], old=null
2022-01-08 01:46:31,010 [Listener at 127.0.0.1/40645] INFO  server.RaftServer$Division (RaftServerImpl.java:setRole(290)) - om1@group-C5BA1605619E: changes role from      null to FOLLOWER at term 0 for startAsFollower
2022-01-08 01:46:31,010 [Listener at 127.0.0.1/40645] INFO  impl.RoleInfo (RoleInfo.java:updateAndGet(130)) - om1: start om1@group-C5BA1605619E-FollowerState
2022-01-08 01:46:31,010 [Listener at 127.0.0.1/40645] INFO  util.JmxRegister (JmxRegister.java:tryRegister(44)) - Successfully registered JMX Bean with object name Ratis:service=RaftServer,group=group-C5BA1605619E,id=om1
2022-01-08 01:46:31,015 [Listener at 127.0.0.1/40645] INFO  server.RaftServer (RaftServerProxy.java:lambda$start$5(374)) - om1: start RPC server
2022-01-08 01:46:31,020 [Listener at 127.0.0.1/40645] INFO  server.GrpcService (GrpcService.java:startImpl(253)) - om1: GrpcService started, listening on 9872
2022-01-08 01:46:31,021 [Listener at 127.0.0.1/40645] INFO  om.OzoneManager (OzoneManager.java:start(1381)) - Version File has different layout version (0) than OM DB (null). That is expected if this OM has never been finalized to a newer layout version.
2022-01-08 01:46:31,021 [org.apache.ratis.util.JvmPauseMonitor$$Lambda$539/2045747304@460a2116] INFO  util.JvmPauseMonitor (JvmPauseMonitor.java:run(103)) - JvmPauseMonitor-om1: Started
2022-01-08 01:46:31,024 [Listener at 127.0.0.1/40645] INFO  http.BaseHttpServer (BaseHttpServer.java:newHttpServer2BuilderForOzone(209)) - Starting Web-server for ozoneManager at: http://0.0.0.0:0
2022-01-08 01:46:31,024 [Listener at 127.0.0.1/40645] INFO  http.BaseHttpServer (BaseHttpServer.java:<init>(107)) - Hadoop Security Enabled: false Ozone Security Enabled: false Ozone HTTP Security Enabled: false 
2022-01-08 01:46:31,027 [Listener at 127.0.0.1/40645] INFO  server.AuthenticationFilter (AuthenticationFilter.java:constructSecretProvider(240)) - Unable to initialize FileSignerSecretProvider, falling back to use random secrets.
2022-01-08 01:46:31,028 [Listener at 127.0.0.1/40645] WARN  http.HttpRequestLog (HttpRequestLog.java:getRequestLog(103)) - Jetty request log can only be enabled using Log4j
2022-01-08 01:46:31,029 [Listener at 127.0.0.1/40645] INFO  http.HttpServer2 (HttpServer2.java:addGlobalFilter(1030)) - Added global filter 'safety' (class=org.apache.hadoop.hdds.server.http.HttpServer2$QuotingInputFilter)
2022-01-08 01:46:31,029 [Listener at 127.0.0.1/40645] INFO  http.HttpServer2 (HttpServer2.java:addFilter(1006)) - Added filter static_user_filter (class=org.apache.hadoop.http.lib.StaticUserWebFilter$StaticUserFilter) to context ozoneManager
2022-01-08 01:46:31,029 [Listener at 127.0.0.1/40645] INFO  http.HttpServer2 (HttpServer2.java:addFilter(1014)) - Added filter static_user_filter (class=org.apache.hadoop.http.lib.StaticUserWebFilter$StaticUserFilter) to context logs
2022-01-08 01:46:31,029 [Listener at 127.0.0.1/40645] INFO  http.HttpServer2 (HttpServer2.java:addFilter(1014)) - Added filter static_user_filter (class=org.apache.hadoop.http.lib.StaticUserWebFilter$StaticUserFilter) to context static
2022-01-08 01:46:31,030 [Listener at 127.0.0.1/40645] INFO  http.HttpServer2 (HttpServer2.java:bindListener(1249)) - Jetty bound to port 39669
2022-01-08 01:46:31,030 [Listener at 127.0.0.1/40645] INFO  server.Server (Server.java:doStart(375)) - jetty-9.4.43.v20210629; built: 2021-06-30T11:07:22.254Z; git: 526006ecfa3af7f1a27ef3a288e2bef7ea9dd7e8; jvm 1.8.0_292-b10
2022-01-08 01:46:31,033 [Listener at 127.0.0.1/40645] INFO  server.session (DefaultSessionIdManager.java:doStart(334)) - DefaultSessionIdManager workerName=node0
2022-01-08 01:46:31,034 [Listener at 127.0.0.1/40645] INFO  server.session (DefaultSessionIdManager.java:doStart(339)) - No SessionScavenger set, using defaults
2022-01-08 01:46:31,040 [Listener at 127.0.0.1/40645] INFO  server.session (HouseKeeper.java:startScavenging(132)) - node0 Scavenging every 660000ms
2022-01-08 01:46:31,040 [Listener at 127.0.0.1/40645] INFO  handler.ContextHandler (ContextHandler.java:doStart(915)) - Started o.e.j.s.ServletContextHandler@2c836a4f{logs,/logs,file:///home/runner/work/ozone/ozone/hadoop-ozone/integration-test/target/log,AVAILABLE}
2022-01-08 01:46:31,040 [Listener at 127.0.0.1/40645] INFO  handler.ContextHandler (ContextHandler.java:doStart(915)) - Started o.e.j.s.ServletContextHandler@1ee43b1b{static,/static,file:///home/runner/work/ozone/ozone/hadoop-ozone/integration-test/target/test-classes/webapps/static,AVAILABLE}
2022-01-08 01:46:31,043 [Listener at 127.0.0.1/40645] INFO  handler.ContextHandler (ContextHandler.java:doStart(915)) - Started o.e.j.w.WebAppContext@2d7eef5d{ozoneManager,/,file:///home/runner/work/ozone/ozone/hadoop-ozone/integration-test/target/test-classes/webapps/ozoneManager/,AVAILABLE}{file:/home/runner/work/ozone/ozone/hadoop-ozone/integration-test/target/test-classes/webapps/ozoneManager}
2022-01-08 01:46:31,065 [Listener at 127.0.0.1/40645] INFO  server.AbstractConnector (AbstractConnector.java:doStart(331)) - Started ServerConnector@5a05f480{HTTP/1.1, (http/1.1)}{0.0.0.0:39669}
2022-01-08 01:46:31,065 [Listener at 127.0.0.1/40645] INFO  server.Server (Server.java:doStart(415)) - Started @210032ms
2022-01-08 01:46:31,065 [Listener at 127.0.0.1/40645] WARN  impl.MetricsSystemImpl (MetricsSystemImpl.java:register(279)) - Sink prometheus already exists!
2022-01-08 01:46:31,066 [Listener at 127.0.0.1/40645] INFO  http.BaseHttpServer (BaseHttpServer.java:updateConnectorAddress(329)) - HTTP server of ozoneManager listening at http://0.0.0.0:39669
2022-01-08 01:46:31,067 [IPC Server Responder] INFO  ipc.Server (Server.java:run(1507)) - IPC Server Responder: starting
2022-01-08 01:46:31,068 [IPC Server listener on 0] INFO  ipc.Server (Server.java:run(1344)) - IPC Server listener on 0: starting
2022-01-08 01:46:31,072 [Listener at 127.0.0.1/40645] INFO  om.OzoneManager (OzoneManager.java:startTrashEmptier(1792)) - Trash Interval set to 0. Files deleted will not move to trash
2022-01-08 01:46:31,088 [org.apache.hadoop.util.JvmPauseMonitor$Monitor@41910ea3] INFO  util.JvmPauseMonitor (JvmPauseMonitor.java:run(188)) - Starting JVM pause monitor
2022-01-08 01:46:31,120 [Listener at 127.0.0.1/40645] WARN  impl.MetricRegistriesImpl (MetricRegistriesImpl.java:addReporterRegistration(111)) - New reporters are added after registries were created. Some metrics will be missing from the reporter. Please add reporter before adding any new registry.
2022-01-08 01:46:31,120 [Listener at 127.0.0.1/40645] WARN  impl.MetricRegistriesImpl (MetricRegistriesImpl.java:addReporterRegistration(111)) - New reporters are added after registries were created. Some metrics will be missing from the reporter. Please add reporter before adding any new registry.
2022-01-08 01:46:31,120 [Listener at 127.0.0.1/40645] INFO  impl.MetricsSystemImpl (MetricsSystemImpl.java:init(158)) - HddsDatanode metrics system started (again)
2022-01-08 01:46:31,141 [Listener at 127.0.0.1/40645] INFO  ozone.HddsDatanodeService (HddsDatanodeService.java:start(234)) - HddsDatanodeService host:fv-az116-279.vzw04321ajxubdbcnpick5nqva.xx.internal.cloudapp.net ip:10.1.0.34
2022-01-08 01:46:31,181 [Listener at 127.0.0.1/40645] INFO  upgrade.AbstractLayoutVersionManager (AbstractLayoutVersionManager.java:init(79)) - Initializing Layout version manager with metadata layout = SCM_HA (version = 2), software layout = SCM_HA (version = 2)
2022-01-08 01:46:31,249 [Listener at 127.0.0.1/40645] INFO  reflections.Reflections (Reflections.java:scan(232)) - Reflections took 67 ms to scan 7 urls, producing 119 keys and 279 values 
2022-01-08 01:46:31,264 [Listener at 127.0.0.1/40645] INFO  statemachine.DatanodeStateMachine (DatanodeStateMachine.java:getEndPointTaskThreadPoolSize(219)) - Datanode State Machine Task Thread Pool size 2
2022-01-08 01:46:31,265 [Listener at 127.0.0.1/40645] INFO  volume.HddsVolume (HddsVolume.java:<init>(120)) - Creating HddsVolume: /home/runner/work/ozone/ozone/hadoop-ozone/integration-test/target/test-dir/MiniOzoneClusterImpl-6a132c25-3902-4d06-b1e4-79a7ed3e0f57/datanode-0/data-0/containers/hdds of storage type : DISK capacity : 9223372036854775807
2022-01-08 01:46:31,266 [Listener at 127.0.0.1/40645] INFO  volume.MutableVolumeSet (MutableVolumeSet.java:initializeVolumeSet(168)) - Added Volume : /home/runner/work/ozone/ozone/hadoop-ozone/integration-test/target/test-dir/MiniOzoneClusterImpl-6a132c25-3902-4d06-b1e4-79a7ed3e0f57/datanode-0/data-0/containers/hdds to VolumeSet
2022-01-08 01:46:31,267 [Listener at 127.0.0.1/40645] INFO  volume.ThrottledAsyncChecker (ThrottledAsyncChecker.java:schedule(141)) - Scheduling a check for /home/runner/work/ozone/ozone/hadoop-ozone/integration-test/target/test-dir/MiniOzoneClusterImpl-6a132c25-3902-4d06-b1e4-79a7ed3e0f57/datanode-0/data-0/containers/hdds
2022-01-08 01:46:31,277 [Listener at 127.0.0.1/40645] INFO  volume.StorageVolumeChecker (StorageVolumeChecker.java:checkAllVolumes(202)) - Scheduled health check for volume /home/runner/work/ozone/ozone/hadoop-ozone/integration-test/target/test-dir/MiniOzoneClusterImpl-6a132c25-3902-4d06-b1e4-79a7ed3e0f57/datanode-0/data-0/containers/hdds
2022-01-08 01:46:31,305 [Listener at 127.0.0.1/40645] INFO  volume.MutableVolumeSet (MutableVolumeSet.java:initializeVolumeSet(168)) - Added Volume : /home/runner/work/ozone/ozone/hadoop-ozone/integration-test/target/test-dir/MiniOzoneClusterImpl-6a132c25-3902-4d06-b1e4-79a7ed3e0f57/datanode-0/data/ratis to VolumeSet
2022-01-08 01:46:31,305 [Listener at 127.0.0.1/40645] INFO  volume.ThrottledAsyncChecker (ThrottledAsyncChecker.java:schedule(141)) - Scheduling a check for /home/runner/work/ozone/ozone/hadoop-ozone/integration-test/target/test-dir/MiniOzoneClusterImpl-6a132c25-3902-4d06-b1e4-79a7ed3e0f57/datanode-0/data/ratis
2022-01-08 01:46:31,305 [Listener at 127.0.0.1/40645] INFO  volume.StorageVolumeChecker (StorageVolumeChecker.java:checkAllVolumes(202)) - Scheduled health check for volume /home/runner/work/ozone/ozone/hadoop-ozone/integration-test/target/test-dir/MiniOzoneClusterImpl-6a132c25-3902-4d06-b1e4-79a7ed3e0f57/datanode-0/data/ratis
2022-01-08 01:46:31,332 [Thread-1670] INFO  ozoneimpl.ContainerReader (ContainerReader.java:readVolume(172)) - Finish verifying containers on volume /home/runner/work/ozone/ozone/hadoop-ozone/integration-test/target/test-dir/MiniOzoneClusterImpl-6a132c25-3902-4d06-b1e4-79a7ed3e0f57/datanode-0/data-0/containers/hdds
2022-01-08 01:46:31,332 [Listener at 127.0.0.1/40645] INFO  ozoneimpl.OzoneContainer (OzoneContainer.java:buildContainerSet(237)) - Build ContainerSet costs 0s
2022-01-08 01:46:31,334 [Listener at 127.0.0.1/40645] INFO  server.RaftServer (ConfUtils.java:logGet(44)) - raft.rpc.type = GRPC (default)
2022-01-08 01:46:31,334 [Listener at 127.0.0.1/40645] INFO  grpc.GrpcFactory (GrpcFactory.java:checkPooledByteBufAllocatorUseCacheForAllThreads(48)) - PERFORMANCE WARNING: useCacheForAllThreads is true that may cause Netty to create a lot garbage objects and, as a result, trigger GC.
	It is recommended to disable useCacheForAllThreads by setting -Dorg.apache.ratis.thirdparty.io.netty.allocator.useCacheForAllThreads=false in command line.
2022-01-08 01:46:31,337 [Listener at 127.0.0.1/40645] INFO  grpc.GrpcConfigKeys (ConfUtils.java:logGet(44)) - raft.grpc.admin.port = 0 (custom)
2022-01-08 01:46:31,337 [Listener at 127.0.0.1/40645] INFO  grpc.GrpcConfigKeys (ConfUtils.java:logGet(44)) - raft.grpc.client.port = 0 (custom)
2022-01-08 01:46:31,337 [Listener at 127.0.0.1/40645] INFO  grpc.GrpcConfigKeys (ConfUtils.java:logGet(44)) - raft.grpc.server.port = 0 (default)
2022-01-08 01:46:31,337 [Listener at 127.0.0.1/40645] INFO  server.GrpcService (ConfUtils.java:logGet(44)) - raft.grpc.message.size.max = 32MB (=33554432) (custom)
2022-01-08 01:46:31,337 [Listener at 127.0.0.1/40645] INFO  server.RaftServerConfigKeys (ConfUtils.java:logGet(44)) - raft.server.log.appender.buffer.byte-limit = 33554432 (custom)
2022-01-08 01:46:31,337 [Listener at 127.0.0.1/40645] INFO  server.GrpcService (ConfUtils.java:logGet(44)) - raft.grpc.flow.control.window = 5MB (=5242880) (custom)
2022-01-08 01:46:31,337 [Listener at 127.0.0.1/40645] INFO  server.RaftServerConfigKeys (ConfUtils.java:logGet(44)) - raft.server.rpc.request.timeout = 3000ms (default)
2022-01-08 01:46:31,338 [Listener at 127.0.0.1/40645] INFO  impl.DataStreamServerImpl (ConfUtils.java:logGet(44)) - raft.datastream.type = DISABLED (default)
2022-01-08 01:46:31,338 [Listener at 127.0.0.1/40645] INFO  server.RaftServerConfigKeys (ConfUtils.java:logGet(44)) - raft.server.rpc.slowness.timeout = 300000ms (custom)
2022-01-08 01:46:31,340 [Listener at 127.0.0.1/40645] INFO  server.RaftServerConfigKeys (ConfUtils.java:logGet(44)) - raft.server.leaderelection.leader.step-down.wait-time = 10s (default)
2022-01-08 01:46:31,341 [Listener at 127.0.0.1/40645] INFO  server.RaftServerConfigKeys (ConfUtils.java:logGet(44)) - raft.server.storage.dir = [/home/runner/work/ozone/ozone/hadoop-ozone/integration-test/target/test-dir/MiniOzoneClusterImpl-6a132c25-3902-4d06-b1e4-79a7ed3e0f57/datanode-0/data/ratis] (custom)
2022-01-08 01:46:31,342 [Listener at 127.0.0.1/40645] INFO  server.XceiverServerGrpc (XceiverServerGrpc.java:<init>(132)) - GrpcServer channel type EpollServerSocketChannel
2022-01-08 01:46:31,361 [Listener at 127.0.0.1/40645] INFO  http.BaseHttpServer (BaseHttpServer.java:newHttpServer2BuilderForOzone(209)) - Starting Web-server for hddsDatanode at: http://0.0.0.0:0
2022-01-08 01:46:31,362 [Listener at 127.0.0.1/40645] INFO  http.BaseHttpServer (BaseHttpServer.java:<init>(107)) - Hadoop Security Enabled: false Ozone Security Enabled: false Ozone HTTP Security Enabled: false 
2022-01-08 01:46:31,362 [Listener at 127.0.0.1/40645] INFO  server.AuthenticationFilter (AuthenticationFilter.java:constructSecretProvider(240)) - Unable to initialize FileSignerSecretProvider, falling back to use random secrets.
2022-01-08 01:46:31,363 [Listener at 127.0.0.1/40645] WARN  http.HttpRequestLog (HttpRequestLog.java:getRequestLog(103)) - Jetty request log can only be enabled using Log4j
2022-01-08 01:46:31,363 [Listener at 127.0.0.1/40645] INFO  http.HttpServer2 (HttpServer2.java:addGlobalFilter(1030)) - Added global filter 'safety' (class=org.apache.hadoop.hdds.server.http.HttpServer2$QuotingInputFilter)
2022-01-08 01:46:31,364 [Listener at 127.0.0.1/40645] INFO  http.HttpServer2 (HttpServer2.java:addFilter(1006)) - Added filter static_user_filter (class=org.apache.hadoop.http.lib.StaticUserWebFilter$StaticUserFilter) to context hddsDatanode
2022-01-08 01:46:31,364 [Listener at 127.0.0.1/40645] INFO  http.HttpServer2 (HttpServer2.java:addFilter(1014)) - Added filter static_user_filter (class=org.apache.hadoop.http.lib.StaticUserWebFilter$StaticUserFilter) to context static
2022-01-08 01:46:31,364 [Listener at 127.0.0.1/40645] INFO  http.HttpServer2 (HttpServer2.java:addFilter(1014)) - Added filter static_user_filter (class=org.apache.hadoop.http.lib.StaticUserWebFilter$StaticUserFilter) to context logs
2022-01-08 01:46:31,364 [Listener at 127.0.0.1/40645] INFO  http.HttpServer2 (HttpServer2.java:bindListener(1249)) - Jetty bound to port 46603
2022-01-08 01:46:31,364 [Listener at 127.0.0.1/40645] INFO  server.Server (Server.java:doStart(375)) - jetty-9.4.43.v20210629; built: 2021-06-30T11:07:22.254Z; git: 526006ecfa3af7f1a27ef3a288e2bef7ea9dd7e8; jvm 1.8.0_292-b10
2022-01-08 01:46:31,366 [Listener at 127.0.0.1/40645] INFO  server.session (DefaultSessionIdManager.java:doStart(334)) - DefaultSessionIdManager workerName=node0
2022-01-08 01:46:31,366 [Listener at 127.0.0.1/40645] INFO  server.session (DefaultSessionIdManager.java:doStart(339)) - No SessionScavenger set, using defaults
2022-01-08 01:46:31,366 [Listener at 127.0.0.1/40645] INFO  server.session (HouseKeeper.java:startScavenging(132)) - node0 Scavenging every 660000ms
2022-01-08 01:46:31,366 [Listener at 127.0.0.1/40645] INFO  handler.ContextHandler (ContextHandler.java:doStart(915)) - Started o.e.j.s.ServletContextHandler@4e6e4a0b{logs,/logs,file:///home/runner/work/ozone/ozone/hadoop-ozone/integration-test/target/log,AVAILABLE}
2022-01-08 01:46:31,367 [Listener at 127.0.0.1/40645] INFO  handler.ContextHandler (ContextHandler.java:doStart(915)) - Started o.e.j.s.ServletContextHandler@52aaa229{static,/static,jar:file:/home/runner/.m2/repository/org/apache/ozone/hdds-container-service/1.3.0-SNAPSHOT/hdds-container-service-1.3.0-SNAPSHOT.jar!/webapps/static,AVAILABLE}
2022-01-08 01:46:31,448 [Listener at 127.0.0.1/40645] INFO  handler.ContextHandler (ContextHandler.java:doStart(915)) - Started o.e.j.w.WebAppContext@17111e55{hddsDatanode,/,file:///tmp/jetty-0_0_0_0-46603-hdds-container-service-1_3_0-SNAPSHOT_jar-_-any-1216275088331146991/webapp/,AVAILABLE}{jar:file:/home/runner/.m2/repository/org/apache/ozone/hdds-container-service/1.3.0-SNAPSHOT/hdds-container-service-1.3.0-SNAPSHOT.jar!/webapps/hddsDatanode}
2022-01-08 01:46:31,450 [Listener at 127.0.0.1/40645] INFO  server.AbstractConnector (AbstractConnector.java:doStart(331)) - Started ServerConnector@a2f6562{HTTP/1.1, (http/1.1)}{0.0.0.0:46603}
2022-01-08 01:46:31,450 [Listener at 127.0.0.1/40645] INFO  server.Server (Server.java:doStart(415)) - Started @210417ms
2022-01-08 01:46:31,450 [Listener at 127.0.0.1/40645] WARN  impl.MetricsSystemImpl (MetricsSystemImpl.java:register(279)) - Sink prometheus already exists!
2022-01-08 01:46:31,451 [Listener at 127.0.0.1/40645] INFO  http.BaseHttpServer (BaseHttpServer.java:updateConnectorAddress(329)) - HTTP server of hddsDatanode listening at http://0.0.0.0:46603
2022-01-08 01:46:31,454 [Listener at 127.0.0.1/40645] WARN  impl.MetricRegistriesImpl (MetricRegistriesImpl.java:addReporterRegistration(111)) - New reporters are added after registries were created. Some metrics will be missing from the reporter. Please add reporter before adding any new registry.
2022-01-08 01:46:31,454 [Listener at 127.0.0.1/40645] WARN  impl.MetricRegistriesImpl (MetricRegistriesImpl.java:addReporterRegistration(111)) - New reporters are added after registries were created. Some metrics will be missing from the reporter. Please add reporter before adding any new registry.
2022-01-08 01:46:31,454 [Listener at 127.0.0.1/40645] INFO  impl.MetricsSystemImpl (MetricsSystemImpl.java:init(158)) - HddsDatanode metrics system started (again)
2022-01-08 01:46:31,463 [Datanode State Machine Daemon Thread] INFO  statemachine.DatanodeStateMachine (DatanodeStateMachine.java:lambda$startDaemon$0(467)) - Ozone container server started.
2022-01-08 01:46:31,465 [Listener at 127.0.0.1/40645] INFO  ozone.HddsDatanodeService (HddsDatanodeService.java:start(234)) - HddsDatanodeService host:fv-az116-279.vzw04321ajxubdbcnpick5nqva.xx.internal.cloudapp.net ip:10.1.0.34
2022-01-08 01:46:31,492 [org.apache.hadoop.util.JvmPauseMonitor$Monitor@322869e8] INFO  util.JvmPauseMonitor (JvmPauseMonitor.java:run(188)) - Starting JVM pause monitor
2022-01-08 01:46:31,503 [Datanode State Machine Task Thread - 0] INFO  datanode.InitDatanodeState (InitDatanodeState.java:persistContainerDatanodeDetails(145)) - DatanodeDetails is persisted to /home/runner/work/ozone/ozone/hadoop-ozone/integration-test/target/test-dir/MiniOzoneClusterImpl-6a132c25-3902-4d06-b1e4-79a7ed3e0f57/datanode-0/meta/datanode.id
2022-01-08 01:46:31,515 [Listener at 127.0.0.1/40645] INFO  upgrade.AbstractLayoutVersionManager (AbstractLayoutVersionManager.java:init(79)) - Initializing Layout version manager with metadata layout = SCM_HA (version = 2), software layout = SCM_HA (version = 2)
2022-01-08 01:46:31,603 [Listener at 127.0.0.1/40645] INFO  reflections.Reflections (Reflections.java:scan(232)) - Reflections took 87 ms to scan 7 urls, producing 119 keys and 279 values 
2022-01-08 01:46:31,604 [Listener at 127.0.0.1/40645] INFO  statemachine.DatanodeStateMachine (DatanodeStateMachine.java:getEndPointTaskThreadPoolSize(219)) - Datanode State Machine Task Thread Pool size 2
2022-01-08 01:46:31,605 [Listener at 127.0.0.1/40645] INFO  volume.HddsVolume (HddsVolume.java:<init>(120)) - Creating HddsVolume: /home/runner/work/ozone/ozone/hadoop-ozone/integration-test/target/test-dir/MiniOzoneClusterImpl-6a132c25-3902-4d06-b1e4-79a7ed3e0f57/datanode-1/data-0/containers/hdds of storage type : DISK capacity : 9223372036854775807
2022-01-08 01:46:31,605 [Listener at 127.0.0.1/40645] INFO  volume.MutableVolumeSet (MutableVolumeSet.java:initializeVolumeSet(168)) - Added Volume : /home/runner/work/ozone/ozone/hadoop-ozone/integration-test/target/test-dir/MiniOzoneClusterImpl-6a132c25-3902-4d06-b1e4-79a7ed3e0f57/datanode-1/data-0/containers/hdds to VolumeSet
2022-01-08 01:46:31,605 [Listener at 127.0.0.1/40645] INFO  volume.ThrottledAsyncChecker (ThrottledAsyncChecker.java:schedule(141)) - Scheduling a check for /home/runner/work/ozone/ozone/hadoop-ozone/integration-test/target/test-dir/MiniOzoneClusterImpl-6a132c25-3902-4d06-b1e4-79a7ed3e0f57/datanode-1/data-0/containers/hdds
2022-01-08 01:46:31,618 [Listener at 127.0.0.1/40645] INFO  volume.StorageVolumeChecker (StorageVolumeChecker.java:checkAllVolumes(202)) - Scheduled health check for volume /home/runner/work/ozone/ozone/hadoop-ozone/integration-test/target/test-dir/MiniOzoneClusterImpl-6a132c25-3902-4d06-b1e4-79a7ed3e0f57/datanode-1/data-0/containers/hdds
2022-01-08 01:46:31,629 [Listener at 127.0.0.1/40645] INFO  volume.MutableVolumeSet (MutableVolumeSet.java:initializeVolumeSet(168)) - Added Volume : /home/runner/work/ozone/ozone/hadoop-ozone/integration-test/target/test-dir/MiniOzoneClusterImpl-6a132c25-3902-4d06-b1e4-79a7ed3e0f57/datanode-1/data/ratis to VolumeSet
2022-01-08 01:46:31,634 [Listener at 127.0.0.1/40645] INFO  volume.ThrottledAsyncChecker (ThrottledAsyncChecker.java:schedule(141)) - Scheduling a check for /home/runner/work/ozone/ozone/hadoop-ozone/integration-test/target/test-dir/MiniOzoneClusterImpl-6a132c25-3902-4d06-b1e4-79a7ed3e0f57/datanode-1/data/ratis
2022-01-08 01:46:31,634 [Listener at 127.0.0.1/40645] INFO  volume.StorageVolumeChecker (StorageVolumeChecker.java:checkAllVolumes(202)) - Scheduled health check for volume /home/runner/work/ozone/ozone/hadoop-ozone/integration-test/target/test-dir/MiniOzoneClusterImpl-6a132c25-3902-4d06-b1e4-79a7ed3e0f57/datanode-1/data/ratis
2022-01-08 01:46:31,653 [Thread-1682] INFO  ozoneimpl.ContainerReader (ContainerReader.java:readVolume(172)) - Finish verifying containers on volume /home/runner/work/ozone/ozone/hadoop-ozone/integration-test/target/test-dir/MiniOzoneClusterImpl-6a132c25-3902-4d06-b1e4-79a7ed3e0f57/datanode-1/data-0/containers/hdds
2022-01-08 01:46:31,653 [Listener at 127.0.0.1/40645] INFO  ozoneimpl.OzoneContainer (OzoneContainer.java:buildContainerSet(237)) - Build ContainerSet costs 0s
2022-01-08 01:46:31,655 [Listener at 127.0.0.1/40645] INFO  server.RaftServer (ConfUtils.java:logGet(44)) - raft.rpc.type = GRPC (default)
2022-01-08 01:46:31,655 [Listener at 127.0.0.1/40645] INFO  grpc.GrpcFactory (GrpcFactory.java:checkPooledByteBufAllocatorUseCacheForAllThreads(48)) - PERFORMANCE WARNING: useCacheForAllThreads is true that may cause Netty to create a lot garbage objects and, as a result, trigger GC.
	It is recommended to disable useCacheForAllThreads by setting -Dorg.apache.ratis.thirdparty.io.netty.allocator.useCacheForAllThreads=false in command line.
2022-01-08 01:46:31,655 [Listener at 127.0.0.1/40645] INFO  grpc.GrpcConfigKeys (ConfUtils.java:logGet(44)) - raft.grpc.admin.port = 0 (custom)
2022-01-08 01:46:31,655 [Listener at 127.0.0.1/40645] INFO  grpc.GrpcConfigKeys (ConfUtils.java:logGet(44)) - raft.grpc.client.port = 0 (custom)
2022-01-08 01:46:31,655 [Listener at 127.0.0.1/40645] INFO  grpc.GrpcConfigKeys (ConfUtils.java:logGet(44)) - raft.grpc.server.port = 0 (default)
2022-01-08 01:46:31,655 [Listener at 127.0.0.1/40645] INFO  server.GrpcService (ConfUtils.java:logGet(44)) - raft.grpc.message.size.max = 32MB (=33554432) (custom)
2022-01-08 01:46:31,655 [Listener at 127.0.0.1/40645] INFO  server.RaftServerConfigKeys (ConfUtils.java:logGet(44)) - raft.server.log.appender.buffer.byte-limit = 33554432 (custom)
2022-01-08 01:46:31,655 [Listener at 127.0.0.1/40645] INFO  server.GrpcService (ConfUtils.java:logGet(44)) - raft.grpc.flow.control.window = 5MB (=5242880) (custom)
2022-01-08 01:46:31,655 [Listener at 127.0.0.1/40645] INFO  server.RaftServerConfigKeys (ConfUtils.java:logGet(44)) - raft.server.rpc.request.timeout = 3000ms (default)
2022-01-08 01:46:31,656 [Listener at 127.0.0.1/40645] INFO  impl.DataStreamServerImpl (ConfUtils.java:logGet(44)) - raft.datastream.type = DISABLED (default)
2022-01-08 01:46:31,656 [Listener at 127.0.0.1/40645] INFO  server.RaftServerConfigKeys (ConfUtils.java:logGet(44)) - raft.server.rpc.slowness.timeout = 300000ms (custom)
2022-01-08 01:46:31,656 [Listener at 127.0.0.1/40645] INFO  server.RaftServerConfigKeys (ConfUtils.java:logGet(44)) - raft.server.leaderelection.leader.step-down.wait-time = 10s (default)
2022-01-08 01:46:31,656 [Listener at 127.0.0.1/40645] INFO  server.RaftServerConfigKeys (ConfUtils.java:logGet(44)) - raft.server.storage.dir = [/home/runner/work/ozone/ozone/hadoop-ozone/integration-test/target/test-dir/MiniOzoneClusterImpl-6a132c25-3902-4d06-b1e4-79a7ed3e0f57/datanode-1/data/ratis] (custom)
2022-01-08 01:46:31,657 [Listener at 127.0.0.1/40645] INFO  server.XceiverServerGrpc (XceiverServerGrpc.java:<init>(132)) - GrpcServer channel type EpollServerSocketChannel
2022-01-08 01:46:31,678 [Listener at 127.0.0.1/40645] INFO  http.BaseHttpServer (BaseHttpServer.java:newHttpServer2BuilderForOzone(209)) - Starting Web-server for hddsDatanode at: http://0.0.0.0:0
2022-01-08 01:46:31,678 [Listener at 127.0.0.1/40645] INFO  http.BaseHttpServer (BaseHttpServer.java:<init>(107)) - Hadoop Security Enabled: false Ozone Security Enabled: false Ozone HTTP Security Enabled: false 
2022-01-08 01:46:31,679 [Listener at 127.0.0.1/40645] INFO  server.AuthenticationFilter (AuthenticationFilter.java:constructSecretProvider(240)) - Unable to initialize FileSignerSecretProvider, falling back to use random secrets.
2022-01-08 01:46:31,681 [Listener at 127.0.0.1/40645] WARN  http.HttpRequestLog (HttpRequestLog.java:getRequestLog(103)) - Jetty request log can only be enabled using Log4j
2022-01-08 01:46:31,682 [Listener at 127.0.0.1/40645] INFO  http.HttpServer2 (HttpServer2.java:addGlobalFilter(1030)) - Added global filter 'safety' (class=org.apache.hadoop.hdds.server.http.HttpServer2$QuotingInputFilter)
2022-01-08 01:46:31,683 [Listener at 127.0.0.1/40645] INFO  http.HttpServer2 (HttpServer2.java:addFilter(1006)) - Added filter static_user_filter (class=org.apache.hadoop.http.lib.StaticUserWebFilter$StaticUserFilter) to context hddsDatanode
2022-01-08 01:46:31,683 [Listener at 127.0.0.1/40645] INFO  http.HttpServer2 (HttpServer2.java:addFilter(1014)) - Added filter static_user_filter (class=org.apache.hadoop.http.lib.StaticUserWebFilter$StaticUserFilter) to context static
2022-01-08 01:46:31,683 [Listener at 127.0.0.1/40645] INFO  http.HttpServer2 (HttpServer2.java:addFilter(1014)) - Added filter static_user_filter (class=org.apache.hadoop.http.lib.StaticUserWebFilter$StaticUserFilter) to context logs
2022-01-08 01:46:31,683 [Listener at 127.0.0.1/40645] INFO  http.HttpServer2 (HttpServer2.java:bindListener(1249)) - Jetty bound to port 34799
2022-01-08 01:46:31,683 [Listener at 127.0.0.1/40645] INFO  server.Server (Server.java:doStart(375)) - jetty-9.4.43.v20210629; built: 2021-06-30T11:07:22.254Z; git: 526006ecfa3af7f1a27ef3a288e2bef7ea9dd7e8; jvm 1.8.0_292-b10
2022-01-08 01:46:31,685 [Listener at 127.0.0.1/40645] INFO  server.session (DefaultSessionIdManager.java:doStart(334)) - DefaultSessionIdManager workerName=node0
2022-01-08 01:46:31,685 [Listener at 127.0.0.1/40645] INFO  server.session (DefaultSessionIdManager.java:doStart(339)) - No SessionScavenger set, using defaults
2022-01-08 01:46:31,685 [Listener at 127.0.0.1/40645] INFO  server.session (HouseKeeper.java:startScavenging(132)) - node0 Scavenging every 600000ms
2022-01-08 01:46:31,686 [Listener at 127.0.0.1/40645] INFO  handler.ContextHandler (ContextHandler.java:doStart(915)) - Started o.e.j.s.ServletContextHandler@728fcb8e{logs,/logs,file:///home/runner/work/ozone/ozone/hadoop-ozone/integration-test/target/log,AVAILABLE}
2022-01-08 01:46:31,686 [Listener at 127.0.0.1/40645] INFO  handler.ContextHandler (ContextHandler.java:doStart(915)) - Started o.e.j.s.ServletContextHandler@7dbcaa8c{static,/static,jar:file:/home/runner/.m2/repository/org/apache/ozone/hdds-container-service/1.3.0-SNAPSHOT/hdds-container-service-1.3.0-SNAPSHOT.jar!/webapps/static,AVAILABLE}
2022-01-08 01:46:31,821 [Listener at 127.0.0.1/40645] INFO  handler.ContextHandler (ContextHandler.java:doStart(915)) - Started o.e.j.w.WebAppContext@4233587f{hddsDatanode,/,file:///tmp/jetty-0_0_0_0-34799-hdds-container-service-1_3_0-SNAPSHOT_jar-_-any-1922383961488086923/webapp/,AVAILABLE}{jar:file:/home/runner/.m2/repository/org/apache/ozone/hdds-container-service/1.3.0-SNAPSHOT/hdds-container-service-1.3.0-SNAPSHOT.jar!/webapps/hddsDatanode}
2022-01-08 01:46:31,822 [Listener at 127.0.0.1/40645] INFO  server.AbstractConnector (AbstractConnector.java:doStart(331)) - Started ServerConnector@43fb8d97{HTTP/1.1, (http/1.1)}{0.0.0.0:34799}
2022-01-08 01:46:31,823 [Listener at 127.0.0.1/40645] INFO  server.Server (Server.java:doStart(415)) - Started @210790ms
2022-01-08 01:46:31,824 [Listener at 127.0.0.1/40645] WARN  impl.MetricsSystemImpl (MetricsSystemImpl.java:register(279)) - Sink prometheus already exists!
2022-01-08 01:46:31,827 [Listener at 127.0.0.1/40645] INFO  http.BaseHttpServer (BaseHttpServer.java:updateConnectorAddress(329)) - HTTP server of hddsDatanode listening at http://0.0.0.0:34799
2022-01-08 01:46:31,835 [Listener at 127.0.0.1/40645] WARN  impl.MetricRegistriesImpl (MetricRegistriesImpl.java:addReporterRegistration(111)) - New reporters are added after registries were created. Some metrics will be missing from the reporter. Please add reporter before adding any new registry.
2022-01-08 01:46:31,835 [Listener at 127.0.0.1/40645] WARN  impl.MetricRegistriesImpl (MetricRegistriesImpl.java:addReporterRegistration(111)) - New reporters are added after registries were created. Some metrics will be missing from the reporter. Please add reporter before adding any new registry.
2022-01-08 01:46:31,835 [Listener at 127.0.0.1/40645] INFO  impl.MetricsSystemImpl (MetricsSystemImpl.java:init(158)) - HddsDatanode metrics system started (again)
2022-01-08 01:46:31,842 [Datanode State Machine Daemon Thread] INFO  statemachine.DatanodeStateMachine (DatanodeStateMachine.java:lambda$startDaemon$0(467)) - Ozone container server started.
2022-01-08 01:46:31,970 [org.apache.hadoop.util.JvmPauseMonitor$Monitor@5bad24bd] INFO  util.JvmPauseMonitor (JvmPauseMonitor.java:run(188)) - Starting JVM pause monitor
2022-01-08 01:46:31,974 [Listener at 127.0.0.1/40645] INFO  ozone.HddsDatanodeService (HddsDatanodeService.java:start(234)) - HddsDatanodeService host:fv-az116-279.vzw04321ajxubdbcnpick5nqva.xx.internal.cloudapp.net ip:10.1.0.34
2022-01-08 01:46:32,005 [Datanode State Machine Task Thread - 0] INFO  datanode.InitDatanodeState (InitDatanodeState.java:persistContainerDatanodeDetails(145)) - DatanodeDetails is persisted to /home/runner/work/ozone/ozone/hadoop-ozone/integration-test/target/test-dir/MiniOzoneClusterImpl-6a132c25-3902-4d06-b1e4-79a7ed3e0f57/datanode-1/meta/datanode.id
2022-01-08 01:46:32,065 [om1@group-C5BA1605619E-FollowerState] INFO  impl.FollowerState (FollowerState.java:run(134)) - om1@group-C5BA1605619E-FollowerState: change to CANDIDATE, lastRpcElapsedTime:1055448608ns, electionTimeout:1054ms
2022-01-08 01:46:32,066 [om1@group-C5BA1605619E-FollowerState] INFO  impl.RoleInfo (RoleInfo.java:shutdownFollowerState(108)) - om1: shutdown om1@group-C5BA1605619E-FollowerState
2022-01-08 01:46:32,066 [om1@group-C5BA1605619E-FollowerState] INFO  server.RaftServer$Division (RaftServerImpl.java:setRole(290)) - om1@group-C5BA1605619E: changes role from  FOLLOWER to CANDIDATE at term 0 for changeToCandidate
2022-01-08 01:46:32,066 [om1@group-C5BA1605619E-FollowerState] INFO  server.RaftServerConfigKeys (ConfUtils.java:logGet(44)) - raft.server.leaderelection.pre-vote = false (custom)
2022-01-08 01:46:32,066 [om1@group-C5BA1605619E-FollowerState] INFO  impl.RoleInfo (RoleInfo.java:updateAndGet(130)) - om1: start om1@group-C5BA1605619E-LeaderElection70
2022-01-08 01:46:32,090 [Listener at 127.0.0.1/40645] INFO  upgrade.AbstractLayoutVersionManager (AbstractLayoutVersionManager.java:init(79)) - Initializing Layout version manager with metadata layout = SCM_HA (version = 2), software layout = SCM_HA (version = 2)
2022-01-08 01:46:32,110 [om1@group-C5BA1605619E-LeaderElection70] INFO  impl.LeaderElection (LeaderElection.java:askForVotes(306)) - om1@group-C5BA1605619E-LeaderElection70 ELECTION round 0: submit vote requests at term 1 for -1: [om1|rpc:localhost:9872|priority:0], old=null
2022-01-08 01:46:32,110 [om1@group-C5BA1605619E-LeaderElection70] INFO  impl.LeaderElection (LeaderElection.java:askForVotes(308)) - om1@group-C5BA1605619E-LeaderElection70 ELECTION round 0: result PASSED (term=1)
2022-01-08 01:46:32,110 [om1@group-C5BA1605619E-LeaderElection70] INFO  impl.RoleInfo (RoleInfo.java:shutdownLeaderElection(121)) - om1: shutdown om1@group-C5BA1605619E-LeaderElection70
2022-01-08 01:46:32,110 [om1@group-C5BA1605619E-LeaderElection70] INFO  server.RaftServer$Division (RaftServerImpl.java:setRole(290)) - om1@group-C5BA1605619E: changes role from CANDIDATE to LEADER at term 1 for changeToLeader
2022-01-08 01:46:32,110 [om1@group-C5BA1605619E-LeaderElection70] INFO  server.RaftServer$Division (ServerState.java:setLeader(285)) - om1@group-C5BA1605619E: change Leader from null to om1 at term 1 for becomeLeader, leader elected after 1143ms
2022-01-08 01:46:32,110 [om1@group-C5BA1605619E-LeaderElection70] INFO  server.RaftServerConfigKeys (ConfUtils.java:logGet(44)) - raft.server.staging.catchup.gap = 1000 (default)
2022-01-08 01:46:32,111 [om1@group-C5BA1605619E-LeaderElection70] INFO  server.RaftServerConfigKeys (ConfUtils.java:logGet(44)) - raft.server.write.element-limit = 4096 (default)
2022-01-08 01:46:32,111 [om1@group-C5BA1605619E-LeaderElection70] INFO  server.RaftServerConfigKeys (ConfUtils.java:logGet(44)) - raft.server.write.byte-limit = 64MB (=67108864) (default)
2022-01-08 01:46:32,111 [om1@group-C5BA1605619E-LeaderElection70] INFO  server.RaftServerConfigKeys (ConfUtils.java:logGet(44)) - raft.server.watch.timeout = 10s (default)
2022-01-08 01:46:32,111 [om1@group-C5BA1605619E-LeaderElection70] INFO  server.RaftServerConfigKeys (ConfUtils.java:logGet(44)) - raft.server.watch.timeout.denomination = 1s (default)
2022-01-08 01:46:32,111 [om1@group-C5BA1605619E-LeaderElection70] INFO  server.RaftServerConfigKeys (ConfUtils.java:logGet(44)) - raft.server.watch.element-limit = 65536 (default)
2022-01-08 01:46:32,111 [om1@group-C5BA1605619E-LeaderElection70] INFO  server.RaftServerConfigKeys (ConfUtils.java:logGet(44)) - raft.server.write.element-limit = 4096 (default)
2022-01-08 01:46:32,111 [om1@group-C5BA1605619E-LeaderElection70] INFO  server.RaftServerConfigKeys (ConfUtils.java:logGet(44)) - raft.server.write.follower.gap.ratio.max = -1.0 (default)
2022-01-08 01:46:32,111 [om1@group-C5BA1605619E-LeaderElection70] INFO  impl.RoleInfo (RoleInfo.java:updateAndGet(130)) - om1: start om1@group-C5BA1605619E-LeaderStateImpl
2022-01-08 01:46:32,112 [om1@group-C5BA1605619E-LeaderElection70] INFO  segmented.SegmentedRaftLogWorker (SegmentedRaftLogWorker.java:startLogSegment(394)) - om1@group-C5BA1605619E-SegmentedRaftLogWorker: Starting segment from index:0
2022-01-08 01:46:32,119 [om1@group-C5BA1605619E-LeaderElection70] INFO  server.RaftServer$Division (ServerState.java:setRaftConf(387)) - om1@group-C5BA1605619E: set configuration 0: [om1|rpc:localhost:9872|admin:|client:|dataStream:|priority:0], old=null
2022-01-08 01:46:32,123 [om1@group-C5BA1605619E-SegmentedRaftLogWorker] INFO  segmented.SegmentedRaftLogWorker (SegmentedRaftLogWorker.java:execute(601)) - om1@group-C5BA1605619E-SegmentedRaftLogWorker: created new log segment /home/runner/work/ozone/ozone/hadoop-ozone/integration-test/target/test-dir/MiniOzoneClusterImpl-6a132c25-3902-4d06-b1e4-79a7ed3e0f57/ozone-meta/ratis/bf265839-605b-3f16-9796-c5ba1605619e/current/log_inprogress_0
2022-01-08 01:46:32,156 [om1@group-C5BA1605619E-StateMachineUpdater] INFO  ratis.OzoneManagerStateMachine (OzoneManagerStateMachine.java:notifyConfigurationChanged(188)) - Received Configuration change notification from Ratis. New Peer list:
[id: "om1"
address: "localhost:9872"
]
2022-01-08 01:46:32,244 [Listener at 127.0.0.1/40645] INFO  reflections.Reflections (Reflections.java:scan(232)) - Reflections took 152 ms to scan 7 urls, producing 119 keys and 279 values 
2022-01-08 01:46:32,265 [Listener at 127.0.0.1/40645] INFO  statemachine.DatanodeStateMachine (DatanodeStateMachine.java:getEndPointTaskThreadPoolSize(219)) - Datanode State Machine Task Thread Pool size 2
2022-01-08 01:46:32,288 [Listener at 127.0.0.1/40645] INFO  volume.HddsVolume (HddsVolume.java:<init>(120)) - Creating HddsVolume: /home/runner/work/ozone/ozone/hadoop-ozone/integration-test/target/test-dir/MiniOzoneClusterImpl-6a132c25-3902-4d06-b1e4-79a7ed3e0f57/datanode-2/data-0/containers/hdds of storage type : DISK capacity : 9223372036854775807
2022-01-08 01:46:32,288 [Listener at 127.0.0.1/40645] INFO  volume.MutableVolumeSet (MutableVolumeSet.java:initializeVolumeSet(168)) - Added Volume : /home/runner/work/ozone/ozone/hadoop-ozone/integration-test/target/test-dir/MiniOzoneClusterImpl-6a132c25-3902-4d06-b1e4-79a7ed3e0f57/datanode-2/data-0/containers/hdds to VolumeSet
2022-01-08 01:46:32,288 [Listener at 127.0.0.1/40645] INFO  volume.ThrottledAsyncChecker (ThrottledAsyncChecker.java:schedule(141)) - Scheduling a check for /home/runner/work/ozone/ozone/hadoop-ozone/integration-test/target/test-dir/MiniOzoneClusterImpl-6a132c25-3902-4d06-b1e4-79a7ed3e0f57/datanode-2/data-0/containers/hdds
2022-01-08 01:46:32,314 [Listener at 127.0.0.1/40645] INFO  volume.StorageVolumeChecker (StorageVolumeChecker.java:checkAllVolumes(202)) - Scheduled health check for volume /home/runner/work/ozone/ozone/hadoop-ozone/integration-test/target/test-dir/MiniOzoneClusterImpl-6a132c25-3902-4d06-b1e4-79a7ed3e0f57/datanode-2/data-0/containers/hdds
2022-01-08 01:46:32,340 [Listener at 127.0.0.1/40645] INFO  volume.MutableVolumeSet (MutableVolumeSet.java:initializeVolumeSet(168)) - Added Volume : /home/runner/work/ozone/ozone/hadoop-ozone/integration-test/target/test-dir/MiniOzoneClusterImpl-6a132c25-3902-4d06-b1e4-79a7ed3e0f57/datanode-2/data/ratis to VolumeSet
2022-01-08 01:46:32,340 [Listener at 127.0.0.1/40645] INFO  volume.ThrottledAsyncChecker (ThrottledAsyncChecker.java:schedule(141)) - Scheduling a check for /home/runner/work/ozone/ozone/hadoop-ozone/integration-test/target/test-dir/MiniOzoneClusterImpl-6a132c25-3902-4d06-b1e4-79a7ed3e0f57/datanode-2/data/ratis
2022-01-08 01:46:32,341 [Listener at 127.0.0.1/40645] INFO  volume.StorageVolumeChecker (StorageVolumeChecker.java:checkAllVolumes(202)) - Scheduled health check for volume /home/runner/work/ozone/ozone/hadoop-ozone/integration-test/target/test-dir/MiniOzoneClusterImpl-6a132c25-3902-4d06-b1e4-79a7ed3e0f57/datanode-2/data/ratis
2022-01-08 01:46:32,409 [Thread-1696] INFO  ozoneimpl.ContainerReader (ContainerReader.java:readVolume(172)) - Finish verifying containers on volume /home/runner/work/ozone/ozone/hadoop-ozone/integration-test/target/test-dir/MiniOzoneClusterImpl-6a132c25-3902-4d06-b1e4-79a7ed3e0f57/datanode-2/data-0/containers/hdds
2022-01-08 01:46:32,409 [Listener at 127.0.0.1/40645] INFO  ozoneimpl.OzoneContainer (OzoneContainer.java:buildContainerSet(237)) - Build ContainerSet costs 0s
2022-01-08 01:46:32,411 [Listener at 127.0.0.1/40645] INFO  server.RaftServer (ConfUtils.java:logGet(44)) - raft.rpc.type = GRPC (default)
2022-01-08 01:46:32,411 [Listener at 127.0.0.1/40645] INFO  grpc.GrpcFactory (GrpcFactory.java:checkPooledByteBufAllocatorUseCacheForAllThreads(48)) - PERFORMANCE WARNING: useCacheForAllThreads is true that may cause Netty to create a lot garbage objects and, as a result, trigger GC.
	It is recommended to disable useCacheForAllThreads by setting -Dorg.apache.ratis.thirdparty.io.netty.allocator.useCacheForAllThreads=false in command line.
2022-01-08 01:46:32,411 [Listener at 127.0.0.1/40645] INFO  grpc.GrpcConfigKeys (ConfUtils.java:logGet(44)) - raft.grpc.admin.port = 0 (custom)
2022-01-08 01:46:32,411 [Listener at 127.0.0.1/40645] INFO  grpc.GrpcConfigKeys (ConfUtils.java:logGet(44)) - raft.grpc.client.port = 0 (custom)
2022-01-08 01:46:32,412 [Listener at 127.0.0.1/40645] INFO  grpc.GrpcConfigKeys (ConfUtils.java:logGet(44)) - raft.grpc.server.port = 0 (default)
2022-01-08 01:46:32,412 [Listener at 127.0.0.1/40645] INFO  server.GrpcService (ConfUtils.java:logGet(44)) - raft.grpc.message.size.max = 32MB (=33554432) (custom)
2022-01-08 01:46:32,412 [Listener at 127.0.0.1/40645] INFO  server.RaftServerConfigKeys (ConfUtils.java:logGet(44)) - raft.server.log.appender.buffer.byte-limit = 33554432 (custom)
2022-01-08 01:46:32,412 [Listener at 127.0.0.1/40645] INFO  server.GrpcService (ConfUtils.java:logGet(44)) - raft.grpc.flow.control.window = 5MB (=5242880) (custom)
2022-01-08 01:46:32,412 [Listener at 127.0.0.1/40645] INFO  server.RaftServerConfigKeys (ConfUtils.java:logGet(44)) - raft.server.rpc.request.timeout = 3000ms (default)
2022-01-08 01:46:32,413 [Listener at 127.0.0.1/40645] INFO  impl.DataStreamServerImpl (ConfUtils.java:logGet(44)) - raft.datastream.type = DISABLED (default)
2022-01-08 01:46:32,413 [Listener at 127.0.0.1/40645] INFO  server.RaftServerConfigKeys (ConfUtils.java:logGet(44)) - raft.server.rpc.slowness.timeout = 300000ms (custom)
2022-01-08 01:46:32,413 [Listener at 127.0.0.1/40645] INFO  server.RaftServerConfigKeys (ConfUtils.java:logGet(44)) - raft.server.leaderelection.leader.step-down.wait-time = 10s (default)
2022-01-08 01:46:32,413 [Listener at 127.0.0.1/40645] INFO  server.RaftServerConfigKeys (ConfUtils.java:logGet(44)) - raft.server.storage.dir = [/home/runner/work/ozone/ozone/hadoop-ozone/integration-test/target/test-dir/MiniOzoneClusterImpl-6a132c25-3902-4d06-b1e4-79a7ed3e0f57/datanode-2/data/ratis] (custom)
2022-01-08 01:46:32,415 [Listener at 127.0.0.1/40645] INFO  server.XceiverServerGrpc (XceiverServerGrpc.java:<init>(132)) - GrpcServer channel type EpollServerSocketChannel
2022-01-08 01:46:32,417 [Listener at 127.0.0.1/40645] INFO  http.BaseHttpServer (BaseHttpServer.java:newHttpServer2BuilderForOzone(209)) - Starting Web-server for hddsDatanode at: http://0.0.0.0:0
2022-01-08 01:46:32,417 [Listener at 127.0.0.1/40645] INFO  http.BaseHttpServer (BaseHttpServer.java:<init>(107)) - Hadoop Security Enabled: false Ozone Security Enabled: false Ozone HTTP Security Enabled: false 
2022-01-08 01:46:32,418 [Listener at 127.0.0.1/40645] INFO  server.AuthenticationFilter (AuthenticationFilter.java:constructSecretProvider(240)) - Unable to initialize FileSignerSecretProvider, falling back to use random secrets.
2022-01-08 01:46:32,431 [Listener at 127.0.0.1/40645] WARN  http.HttpRequestLog (HttpRequestLog.java:getRequestLog(103)) - Jetty request log can only be enabled using Log4j
2022-01-08 01:46:32,431 [Listener at 127.0.0.1/40645] INFO  http.HttpServer2 (HttpServer2.java:addGlobalFilter(1030)) - Added global filter 'safety' (class=org.apache.hadoop.hdds.server.http.HttpServer2$QuotingInputFilter)
2022-01-08 01:46:32,432 [Listener at 127.0.0.1/40645] INFO  http.HttpServer2 (HttpServer2.java:addFilter(1006)) - Added filter static_user_filter (class=org.apache.hadoop.http.lib.StaticUserWebFilter$StaticUserFilter) to context hddsDatanode
2022-01-08 01:46:32,432 [Listener at 127.0.0.1/40645] INFO  http.HttpServer2 (HttpServer2.java:addFilter(1014)) - Added filter static_user_filter (class=org.apache.hadoop.http.lib.StaticUserWebFilter$StaticUserFilter) to context static
2022-01-08 01:46:32,432 [Listener at 127.0.0.1/40645] INFO  http.HttpServer2 (HttpServer2.java:addFilter(1014)) - Added filter static_user_filter (class=org.apache.hadoop.http.lib.StaticUserWebFilter$StaticUserFilter) to context logs
2022-01-08 01:46:32,432 [Listener at 127.0.0.1/40645] INFO  http.HttpServer2 (HttpServer2.java:bindListener(1249)) - Jetty bound to port 34773
2022-01-08 01:46:32,432 [Listener at 127.0.0.1/40645] INFO  server.Server (Server.java:doStart(375)) - jetty-9.4.43.v20210629; built: 2021-06-30T11:07:22.254Z; git: 526006ecfa3af7f1a27ef3a288e2bef7ea9dd7e8; jvm 1.8.0_292-b10
2022-01-08 01:46:32,488 [Listener at 127.0.0.1/40645] INFO  server.session (DefaultSessionIdManager.java:doStart(334)) - DefaultSessionIdManager workerName=node0
2022-01-08 01:46:32,489 [Listener at 127.0.0.1/40645] INFO  server.session (DefaultSessionIdManager.java:doStart(339)) - No SessionScavenger set, using defaults
2022-01-08 01:46:32,489 [Listener at 127.0.0.1/40645] INFO  server.session (HouseKeeper.java:startScavenging(132)) - node0 Scavenging every 600000ms
2022-01-08 01:46:32,489 [Listener at 127.0.0.1/40645] INFO  handler.ContextHandler (ContextHandler.java:doStart(915)) - Started o.e.j.s.ServletContextHandler@65a3425a{logs,/logs,file:///home/runner/work/ozone/ozone/hadoop-ozone/integration-test/target/log,AVAILABLE}
2022-01-08 01:46:32,490 [Listener at 127.0.0.1/40645] INFO  handler.ContextHandler (ContextHandler.java:doStart(915)) - Started o.e.j.s.ServletContextHandler@719596d4{static,/static,jar:file:/home/runner/.m2/repository/org/apache/ozone/hdds-container-service/1.3.0-SNAPSHOT/hdds-container-service-1.3.0-SNAPSHOT.jar!/webapps/static,AVAILABLE}
2022-01-08 01:46:32,580 [Listener at 127.0.0.1/40645] INFO  handler.ContextHandler (ContextHandler.java:doStart(915)) - Started o.e.j.w.WebAppContext@1be77fc1{hddsDatanode,/,file:///tmp/jetty-0_0_0_0-34773-hdds-container-service-1_3_0-SNAPSHOT_jar-_-any-1026912635264106035/webapp/,AVAILABLE}{jar:file:/home/runner/.m2/repository/org/apache/ozone/hdds-container-service/1.3.0-SNAPSHOT/hdds-container-service-1.3.0-SNAPSHOT.jar!/webapps/hddsDatanode}
2022-01-08 01:46:32,611 [Listener at 127.0.0.1/40645] INFO  server.AbstractConnector (AbstractConnector.java:doStart(331)) - Started ServerConnector@73e49181{HTTP/1.1, (http/1.1)}{0.0.0.0:34773}
2022-01-08 01:46:32,611 [Listener at 127.0.0.1/40645] INFO  server.Server (Server.java:doStart(415)) - Started @211578ms
2022-01-08 01:46:32,611 [Listener at 127.0.0.1/40645] WARN  impl.MetricsSystemImpl (MetricsSystemImpl.java:register(279)) - Sink prometheus already exists!
2022-01-08 01:46:32,612 [Listener at 127.0.0.1/40645] INFO  http.BaseHttpServer (BaseHttpServer.java:updateConnectorAddress(329)) - HTTP server of hddsDatanode listening at http://0.0.0.0:34773
2022-01-08 01:46:32,651 [Listener at 127.0.0.1/40645] WARN  impl.MetricRegistriesImpl (MetricRegistriesImpl.java:addReporterRegistration(111)) - New reporters are added after registries were created. Some metrics will be missing from the reporter. Please add reporter before adding any new registry.
2022-01-08 01:46:32,652 [Listener at 127.0.0.1/40645] WARN  impl.MetricRegistriesImpl (MetricRegistriesImpl.java:addReporterRegistration(111)) - New reporters are added after registries were created. Some metrics will be missing from the reporter. Please add reporter before adding any new registry.
2022-01-08 01:46:32,652 [Listener at 127.0.0.1/40645] INFO  impl.MetricsSystemImpl (MetricsSystemImpl.java:init(158)) - HddsDatanode metrics system started (again)
2022-01-08 01:46:32,659 [Datanode State Machine Daemon Thread] INFO  statemachine.DatanodeStateMachine (DatanodeStateMachine.java:lambda$startDaemon$0(467)) - Ozone container server started.
2022-01-08 01:46:32,719 [Listener at 127.0.0.1/40645] INFO  ozone.HddsDatanodeService (HddsDatanodeService.java:start(234)) - HddsDatanodeService host:fv-az116-279.vzw04321ajxubdbcnpick5nqva.xx.internal.cloudapp.net ip:10.1.0.34
2022-01-08 01:46:32,759 [org.apache.hadoop.util.JvmPauseMonitor$Monitor@27edc1eb] INFO  util.JvmPauseMonitor (JvmPauseMonitor.java:run(188)) - Starting JVM pause monitor
2022-01-08 01:46:32,807 [Datanode State Machine Task Thread - 0] INFO  datanode.InitDatanodeState (InitDatanodeState.java:persistContainerDatanodeDetails(145)) - DatanodeDetails is persisted to /home/runner/work/ozone/ozone/hadoop-ozone/integration-test/target/test-dir/MiniOzoneClusterImpl-6a132c25-3902-4d06-b1e4-79a7ed3e0f57/datanode-2/meta/datanode.id
2022-01-08 01:46:32,840 [Listener at 127.0.0.1/40645] INFO  upgrade.AbstractLayoutVersionManager (AbstractLayoutVersionManager.java:init(79)) - Initializing Layout version manager with metadata layout = SCM_HA (version = 2), software layout = SCM_HA (version = 2)
2022-01-08 01:46:32,934 [Listener at 127.0.0.1/40645] INFO  reflections.Reflections (Reflections.java:scan(232)) - Reflections took 78 ms to scan 7 urls, producing 119 keys and 279 values 
2022-01-08 01:46:32,948 [Listener at 127.0.0.1/40645] INFO  statemachine.DatanodeStateMachine (DatanodeStateMachine.java:getEndPointTaskThreadPoolSize(219)) - Datanode State Machine Task Thread Pool size 2
2022-01-08 01:46:32,967 [Listener at 127.0.0.1/40645] INFO  volume.HddsVolume (HddsVolume.java:<init>(120)) - Creating HddsVolume: /home/runner/work/ozone/ozone/hadoop-ozone/integration-test/target/test-dir/MiniOzoneClusterImpl-6a132c25-3902-4d06-b1e4-79a7ed3e0f57/datanode-3/data-0/containers/hdds of storage type : DISK capacity : 9223372036854775807
2022-01-08 01:46:32,967 [Listener at 127.0.0.1/40645] INFO  volume.MutableVolumeSet (MutableVolumeSet.java:initializeVolumeSet(168)) - Added Volume : /home/runner/work/ozone/ozone/hadoop-ozone/integration-test/target/test-dir/MiniOzoneClusterImpl-6a132c25-3902-4d06-b1e4-79a7ed3e0f57/datanode-3/data-0/containers/hdds to VolumeSet
2022-01-08 01:46:32,967 [Listener at 127.0.0.1/40645] INFO  volume.ThrottledAsyncChecker (ThrottledAsyncChecker.java:schedule(141)) - Scheduling a check for /home/runner/work/ozone/ozone/hadoop-ozone/integration-test/target/test-dir/MiniOzoneClusterImpl-6a132c25-3902-4d06-b1e4-79a7ed3e0f57/datanode-3/data-0/containers/hdds
2022-01-08 01:46:33,018 [Listener at 127.0.0.1/40645] INFO  volume.StorageVolumeChecker (StorageVolumeChecker.java:checkAllVolumes(202)) - Scheduled health check for volume /home/runner/work/ozone/ozone/hadoop-ozone/integration-test/target/test-dir/MiniOzoneClusterImpl-6a132c25-3902-4d06-b1e4-79a7ed3e0f57/datanode-3/data-0/containers/hdds
2022-01-08 01:46:33,030 [Listener at 127.0.0.1/40645] INFO  volume.MutableVolumeSet (MutableVolumeSet.java:initializeVolumeSet(168)) - Added Volume : /home/runner/work/ozone/ozone/hadoop-ozone/integration-test/target/test-dir/MiniOzoneClusterImpl-6a132c25-3902-4d06-b1e4-79a7ed3e0f57/datanode-3/data/ratis to VolumeSet
2022-01-08 01:46:33,035 [Listener at 127.0.0.1/40645] INFO  volume.ThrottledAsyncChecker (ThrottledAsyncChecker.java:schedule(141)) - Scheduling a check for /home/runner/work/ozone/ozone/hadoop-ozone/integration-test/target/test-dir/MiniOzoneClusterImpl-6a132c25-3902-4d06-b1e4-79a7ed3e0f57/datanode-3/data/ratis
2022-01-08 01:46:33,035 [Listener at 127.0.0.1/40645] INFO  volume.StorageVolumeChecker (StorageVolumeChecker.java:checkAllVolumes(202)) - Scheduled health check for volume /home/runner/work/ozone/ozone/hadoop-ozone/integration-test/target/test-dir/MiniOzoneClusterImpl-6a132c25-3902-4d06-b1e4-79a7ed3e0f57/datanode-3/data/ratis
2022-01-08 01:46:33,051 [Thread-1708] INFO  ozoneimpl.ContainerReader (ContainerReader.java:readVolume(172)) - Finish verifying containers on volume /home/runner/work/ozone/ozone/hadoop-ozone/integration-test/target/test-dir/MiniOzoneClusterImpl-6a132c25-3902-4d06-b1e4-79a7ed3e0f57/datanode-3/data-0/containers/hdds
2022-01-08 01:46:33,051 [Listener at 127.0.0.1/40645] INFO  ozoneimpl.OzoneContainer (OzoneContainer.java:buildContainerSet(237)) - Build ContainerSet costs 0s
2022-01-08 01:46:33,053 [Listener at 127.0.0.1/40645] INFO  server.RaftServer (ConfUtils.java:logGet(44)) - raft.rpc.type = GRPC (default)
2022-01-08 01:46:33,053 [Listener at 127.0.0.1/40645] INFO  grpc.GrpcFactory (GrpcFactory.java:checkPooledByteBufAllocatorUseCacheForAllThreads(48)) - PERFORMANCE WARNING: useCacheForAllThreads is true that may cause Netty to create a lot garbage objects and, as a result, trigger GC.
	It is recommended to disable useCacheForAllThreads by setting -Dorg.apache.ratis.thirdparty.io.netty.allocator.useCacheForAllThreads=false in command line.
2022-01-08 01:46:33,053 [Listener at 127.0.0.1/40645] INFO  grpc.GrpcConfigKeys (ConfUtils.java:logGet(44)) - raft.grpc.admin.port = 0 (custom)
2022-01-08 01:46:33,053 [Listener at 127.0.0.1/40645] INFO  grpc.GrpcConfigKeys (ConfUtils.java:logGet(44)) - raft.grpc.client.port = 0 (custom)
2022-01-08 01:46:33,053 [Listener at 127.0.0.1/40645] INFO  grpc.GrpcConfigKeys (ConfUtils.java:logGet(44)) - raft.grpc.server.port = 0 (default)
2022-01-08 01:46:33,053 [Listener at 127.0.0.1/40645] INFO  server.GrpcService (ConfUtils.java:logGet(44)) - raft.grpc.message.size.max = 32MB (=33554432) (custom)
2022-01-08 01:46:33,053 [Listener at 127.0.0.1/40645] INFO  server.RaftServerConfigKeys (ConfUtils.java:logGet(44)) - raft.server.log.appender.buffer.byte-limit = 33554432 (custom)
2022-01-08 01:46:33,054 [Listener at 127.0.0.1/40645] INFO  server.GrpcService (ConfUtils.java:logGet(44)) - raft.grpc.flow.control.window = 5MB (=5242880) (custom)
2022-01-08 01:46:33,054 [Listener at 127.0.0.1/40645] INFO  server.RaftServerConfigKeys (ConfUtils.java:logGet(44)) - raft.server.rpc.request.timeout = 3000ms (default)
2022-01-08 01:46:33,056 [Listener at 127.0.0.1/40645] INFO  impl.DataStreamServerImpl (ConfUtils.java:logGet(44)) - raft.datastream.type = DISABLED (default)
2022-01-08 01:46:33,057 [Listener at 127.0.0.1/40645] INFO  server.RaftServerConfigKeys (ConfUtils.java:logGet(44)) - raft.server.rpc.slowness.timeout = 300000ms (custom)
2022-01-08 01:46:33,057 [Listener at 127.0.0.1/40645] INFO  server.RaftServerConfigKeys (ConfUtils.java:logGet(44)) - raft.server.leaderelection.leader.step-down.wait-time = 10s (default)
2022-01-08 01:46:33,057 [Listener at 127.0.0.1/40645] INFO  server.RaftServerConfigKeys (ConfUtils.java:logGet(44)) - raft.server.storage.dir = [/home/runner/work/ozone/ozone/hadoop-ozone/integration-test/target/test-dir/MiniOzoneClusterImpl-6a132c25-3902-4d06-b1e4-79a7ed3e0f57/datanode-3/data/ratis] (custom)
2022-01-08 01:46:33,058 [Listener at 127.0.0.1/40645] INFO  server.XceiverServerGrpc (XceiverServerGrpc.java:<init>(132)) - GrpcServer channel type EpollServerSocketChannel
2022-01-08 01:46:33,066 [Listener at 127.0.0.1/40645] INFO  http.BaseHttpServer (BaseHttpServer.java:newHttpServer2BuilderForOzone(209)) - Starting Web-server for hddsDatanode at: http://0.0.0.0:0
2022-01-08 01:46:33,066 [Listener at 127.0.0.1/40645] INFO  http.BaseHttpServer (BaseHttpServer.java:<init>(107)) - Hadoop Security Enabled: false Ozone Security Enabled: false Ozone HTTP Security Enabled: false 
2022-01-08 01:46:33,066 [Listener at 127.0.0.1/40645] INFO  server.AuthenticationFilter (AuthenticationFilter.java:constructSecretProvider(240)) - Unable to initialize FileSignerSecretProvider, falling back to use random secrets.
2022-01-08 01:46:33,067 [Listener at 127.0.0.1/40645] WARN  http.HttpRequestLog (HttpRequestLog.java:getRequestLog(103)) - Jetty request log can only be enabled using Log4j
2022-01-08 01:46:33,068 [Listener at 127.0.0.1/40645] INFO  http.HttpServer2 (HttpServer2.java:addGlobalFilter(1030)) - Added global filter 'safety' (class=org.apache.hadoop.hdds.server.http.HttpServer2$QuotingInputFilter)
2022-01-08 01:46:33,068 [Listener at 127.0.0.1/40645] INFO  http.HttpServer2 (HttpServer2.java:addFilter(1006)) - Added filter static_user_filter (class=org.apache.hadoop.http.lib.StaticUserWebFilter$StaticUserFilter) to context hddsDatanode
2022-01-08 01:46:33,068 [Listener at 127.0.0.1/40645] INFO  http.HttpServer2 (HttpServer2.java:addFilter(1014)) - Added filter static_user_filter (class=org.apache.hadoop.http.lib.StaticUserWebFilter$StaticUserFilter) to context logs
2022-01-08 01:46:33,068 [Listener at 127.0.0.1/40645] INFO  http.HttpServer2 (HttpServer2.java:addFilter(1014)) - Added filter static_user_filter (class=org.apache.hadoop.http.lib.StaticUserWebFilter$StaticUserFilter) to context static
2022-01-08 01:46:33,068 [Listener at 127.0.0.1/40645] INFO  http.HttpServer2 (HttpServer2.java:bindListener(1249)) - Jetty bound to port 36269
2022-01-08 01:46:33,068 [Listener at 127.0.0.1/40645] INFO  server.Server (Server.java:doStart(375)) - jetty-9.4.43.v20210629; built: 2021-06-30T11:07:22.254Z; git: 526006ecfa3af7f1a27ef3a288e2bef7ea9dd7e8; jvm 1.8.0_292-b10
2022-01-08 01:46:33,088 [Listener at 127.0.0.1/40645] INFO  server.session (DefaultSessionIdManager.java:doStart(334)) - DefaultSessionIdManager workerName=node0
2022-01-08 01:46:33,088 [Listener at 127.0.0.1/40645] INFO  server.session (DefaultSessionIdManager.java:doStart(339)) - No SessionScavenger set, using defaults
2022-01-08 01:46:33,089 [Listener at 127.0.0.1/40645] INFO  server.session (HouseKeeper.java:startScavenging(132)) - node0 Scavenging every 600000ms
2022-01-08 01:46:33,089 [Listener at 127.0.0.1/40645] INFO  handler.ContextHandler (ContextHandler.java:doStart(915)) - Started o.e.j.s.ServletContextHandler@6326fd7f{logs,/logs,file:///home/runner/work/ozone/ozone/hadoop-ozone/integration-test/target/log,AVAILABLE}
2022-01-08 01:46:33,089 [Listener at 127.0.0.1/40645] INFO  handler.ContextHandler (ContextHandler.java:doStart(915)) - Started o.e.j.s.ServletContextHandler@4d222e1b{static,/static,jar:file:/home/runner/.m2/repository/org/apache/ozone/hdds-container-service/1.3.0-SNAPSHOT/hdds-container-service-1.3.0-SNAPSHOT.jar!/webapps/static,AVAILABLE}
2022-01-08 01:46:33,131 [Listener at 127.0.0.1/40645] INFO  handler.ContextHandler (ContextHandler.java:doStart(915)) - Started o.e.j.w.WebAppContext@80d0577{hddsDatanode,/,file:///tmp/jetty-0_0_0_0-36269-hdds-container-service-1_3_0-SNAPSHOT_jar-_-any-1474532882918572660/webapp/,AVAILABLE}{jar:file:/home/runner/.m2/repository/org/apache/ozone/hdds-container-service/1.3.0-SNAPSHOT/hdds-container-service-1.3.0-SNAPSHOT.jar!/webapps/hddsDatanode}
2022-01-08 01:46:33,133 [Listener at 127.0.0.1/40645] INFO  server.AbstractConnector (AbstractConnector.java:doStart(331)) - Started ServerConnector@25f20f74{HTTP/1.1, (http/1.1)}{0.0.0.0:36269}
2022-01-08 01:46:33,133 [Listener at 127.0.0.1/40645] INFO  server.Server (Server.java:doStart(415)) - Started @212100ms
2022-01-08 01:46:33,133 [Listener at 127.0.0.1/40645] WARN  impl.MetricsSystemImpl (MetricsSystemImpl.java:register(279)) - Sink prometheus already exists!
2022-01-08 01:46:33,133 [Listener at 127.0.0.1/40645] INFO  http.BaseHttpServer (BaseHttpServer.java:updateConnectorAddress(329)) - HTTP server of hddsDatanode listening at http://0.0.0.0:36269
2022-01-08 01:46:33,134 [Listener at 127.0.0.1/40645] WARN  impl.MetricRegistriesImpl (MetricRegistriesImpl.java:addReporterRegistration(111)) - New reporters are added after registries were created. Some metrics will be missing from the reporter. Please add reporter before adding any new registry.
2022-01-08 01:46:33,134 [Listener at 127.0.0.1/40645] WARN  impl.MetricRegistriesImpl (MetricRegistriesImpl.java:addReporterRegistration(111)) - New reporters are added after registries were created. Some metrics will be missing from the reporter. Please add reporter before adding any new registry.
2022-01-08 01:46:33,134 [Listener at 127.0.0.1/40645] INFO  impl.MetricsSystemImpl (MetricsSystemImpl.java:init(158)) - HddsDatanode metrics system started (again)
2022-01-08 01:46:33,144 [Listener at 127.0.0.1/40645] INFO  ozone.HddsDatanodeService (HddsDatanodeService.java:start(234)) - HddsDatanodeService host:fv-az116-279.vzw04321ajxubdbcnpick5nqva.xx.internal.cloudapp.net ip:10.1.0.34
2022-01-08 01:46:33,144 [Datanode State Machine Daemon Thread] INFO  statemachine.DatanodeStateMachine (DatanodeStateMachine.java:lambda$startDaemon$0(467)) - Ozone container server started.
2022-01-08 01:46:33,163 [org.apache.hadoop.util.JvmPauseMonitor$Monitor@4533eded] INFO  util.JvmPauseMonitor (JvmPauseMonitor.java:run(188)) - Starting JVM pause monitor
2022-01-08 01:46:33,164 [Datanode State Machine Task Thread - 0] INFO  datanode.InitDatanodeState (InitDatanodeState.java:persistContainerDatanodeDetails(145)) - DatanodeDetails is persisted to /home/runner/work/ozone/ozone/hadoop-ozone/integration-test/target/test-dir/MiniOzoneClusterImpl-6a132c25-3902-4d06-b1e4-79a7ed3e0f57/datanode-3/meta/datanode.id
2022-01-08 01:46:33,191 [Listener at 127.0.0.1/40645] INFO  upgrade.AbstractLayoutVersionManager (AbstractLayoutVersionManager.java:init(79)) - Initializing Layout version manager with metadata layout = SCM_HA (version = 2), software layout = SCM_HA (version = 2)
2022-01-08 01:46:33,234 [Listener at 127.0.0.1/40645] INFO  reflections.Reflections (Reflections.java:scan(232)) - Reflections took 42 ms to scan 7 urls, producing 119 keys and 279 values 
2022-01-08 01:46:33,235 [Listener at 127.0.0.1/40645] INFO  statemachine.DatanodeStateMachine (DatanodeStateMachine.java:getEndPointTaskThreadPoolSize(219)) - Datanode State Machine Task Thread Pool size 2
2022-01-08 01:46:33,237 [Listener at 127.0.0.1/40645] INFO  volume.HddsVolume (HddsVolume.java:<init>(120)) - Creating HddsVolume: /home/runner/work/ozone/ozone/hadoop-ozone/integration-test/target/test-dir/MiniOzoneClusterImpl-6a132c25-3902-4d06-b1e4-79a7ed3e0f57/datanode-4/data-0/containers/hdds of storage type : DISK capacity : 9223372036854775807
2022-01-08 01:46:33,237 [Listener at 127.0.0.1/40645] INFO  volume.MutableVolumeSet (MutableVolumeSet.java:initializeVolumeSet(168)) - Added Volume : /home/runner/work/ozone/ozone/hadoop-ozone/integration-test/target/test-dir/MiniOzoneClusterImpl-6a132c25-3902-4d06-b1e4-79a7ed3e0f57/datanode-4/data-0/containers/hdds to VolumeSet
2022-01-08 01:46:33,237 [Listener at 127.0.0.1/40645] INFO  volume.ThrottledAsyncChecker (ThrottledAsyncChecker.java:schedule(141)) - Scheduling a check for /home/runner/work/ozone/ozone/hadoop-ozone/integration-test/target/test-dir/MiniOzoneClusterImpl-6a132c25-3902-4d06-b1e4-79a7ed3e0f57/datanode-4/data-0/containers/hdds
2022-01-08 01:46:33,239 [Listener at 127.0.0.1/40645] INFO  volume.StorageVolumeChecker (StorageVolumeChecker.java:checkAllVolumes(202)) - Scheduled health check for volume /home/runner/work/ozone/ozone/hadoop-ozone/integration-test/target/test-dir/MiniOzoneClusterImpl-6a132c25-3902-4d06-b1e4-79a7ed3e0f57/datanode-4/data-0/containers/hdds
2022-01-08 01:46:33,253 [Listener at 127.0.0.1/40645] INFO  volume.MutableVolumeSet (MutableVolumeSet.java:initializeVolumeSet(168)) - Added Volume : /home/runner/work/ozone/ozone/hadoop-ozone/integration-test/target/test-dir/MiniOzoneClusterImpl-6a132c25-3902-4d06-b1e4-79a7ed3e0f57/datanode-4/data/ratis to VolumeSet
2022-01-08 01:46:33,253 [Listener at 127.0.0.1/40645] INFO  volume.ThrottledAsyncChecker (ThrottledAsyncChecker.java:schedule(141)) - Scheduling a check for /home/runner/work/ozone/ozone/hadoop-ozone/integration-test/target/test-dir/MiniOzoneClusterImpl-6a132c25-3902-4d06-b1e4-79a7ed3e0f57/datanode-4/data/ratis
2022-01-08 01:46:33,253 [Listener at 127.0.0.1/40645] INFO  volume.StorageVolumeChecker (StorageVolumeChecker.java:checkAllVolumes(202)) - Scheduled health check for volume /home/runner/work/ozone/ozone/hadoop-ozone/integration-test/target/test-dir/MiniOzoneClusterImpl-6a132c25-3902-4d06-b1e4-79a7ed3e0f57/datanode-4/data/ratis
2022-01-08 01:46:33,280 [Thread-1720] INFO  ozoneimpl.ContainerReader (ContainerReader.java:readVolume(172)) - Finish verifying containers on volume /home/runner/work/ozone/ozone/hadoop-ozone/integration-test/target/test-dir/MiniOzoneClusterImpl-6a132c25-3902-4d06-b1e4-79a7ed3e0f57/datanode-4/data-0/containers/hdds
2022-01-08 01:46:33,280 [Listener at 127.0.0.1/40645] INFO  ozoneimpl.OzoneContainer (OzoneContainer.java:buildContainerSet(237)) - Build ContainerSet costs 0s
2022-01-08 01:46:33,282 [Listener at 127.0.0.1/40645] INFO  server.RaftServer (ConfUtils.java:logGet(44)) - raft.rpc.type = GRPC (default)
2022-01-08 01:46:33,282 [Listener at 127.0.0.1/40645] INFO  grpc.GrpcFactory (GrpcFactory.java:checkPooledByteBufAllocatorUseCacheForAllThreads(48)) - PERFORMANCE WARNING: useCacheForAllThreads is true that may cause Netty to create a lot garbage objects and, as a result, trigger GC.
	It is recommended to disable useCacheForAllThreads by setting -Dorg.apache.ratis.thirdparty.io.netty.allocator.useCacheForAllThreads=false in command line.
2022-01-08 01:46:33,282 [Listener at 127.0.0.1/40645] INFO  grpc.GrpcConfigKeys (ConfUtils.java:logGet(44)) - raft.grpc.admin.port = 0 (custom)
2022-01-08 01:46:33,282 [Listener at 127.0.0.1/40645] INFO  grpc.GrpcConfigKeys (ConfUtils.java:logGet(44)) - raft.grpc.client.port = 0 (custom)
2022-01-08 01:46:33,282 [Listener at 127.0.0.1/40645] INFO  grpc.GrpcConfigKeys (ConfUtils.java:logGet(44)) - raft.grpc.server.port = 0 (default)
2022-01-08 01:46:33,282 [Listener at 127.0.0.1/40645] INFO  server.GrpcService (ConfUtils.java:logGet(44)) - raft.grpc.message.size.max = 32MB (=33554432) (custom)
2022-01-08 01:46:33,282 [Listener at 127.0.0.1/40645] INFO  server.RaftServerConfigKeys (ConfUtils.java:logGet(44)) - raft.server.log.appender.buffer.byte-limit = 33554432 (custom)
2022-01-08 01:46:33,283 [Listener at 127.0.0.1/40645] INFO  server.GrpcService (ConfUtils.java:logGet(44)) - raft.grpc.flow.control.window = 5MB (=5242880) (custom)
2022-01-08 01:46:33,283 [Listener at 127.0.0.1/40645] INFO  server.RaftServerConfigKeys (ConfUtils.java:logGet(44)) - raft.server.rpc.request.timeout = 3000ms (default)
2022-01-08 01:46:33,284 [Listener at 127.0.0.1/40645] INFO  impl.DataStreamServerImpl (ConfUtils.java:logGet(44)) - raft.datastream.type = DISABLED (default)
2022-01-08 01:46:33,284 [Listener at 127.0.0.1/40645] INFO  server.RaftServerConfigKeys (ConfUtils.java:logGet(44)) - raft.server.rpc.slowness.timeout = 300000ms (custom)
2022-01-08 01:46:33,284 [Listener at 127.0.0.1/40645] INFO  server.RaftServerConfigKeys (ConfUtils.java:logGet(44)) - raft.server.leaderelection.leader.step-down.wait-time = 10s (default)
2022-01-08 01:46:33,284 [Listener at 127.0.0.1/40645] INFO  server.RaftServerConfigKeys (ConfUtils.java:logGet(44)) - raft.server.storage.dir = [/home/runner/work/ozone/ozone/hadoop-ozone/integration-test/target/test-dir/MiniOzoneClusterImpl-6a132c25-3902-4d06-b1e4-79a7ed3e0f57/datanode-4/data/ratis] (custom)
2022-01-08 01:46:33,285 [Listener at 127.0.0.1/40645] INFO  server.XceiverServerGrpc (XceiverServerGrpc.java:<init>(132)) - GrpcServer channel type EpollServerSocketChannel
2022-01-08 01:46:33,289 [Listener at 127.0.0.1/40645] INFO  http.BaseHttpServer (BaseHttpServer.java:newHttpServer2BuilderForOzone(209)) - Starting Web-server for hddsDatanode at: http://0.0.0.0:0
2022-01-08 01:46:33,290 [Listener at 127.0.0.1/40645] INFO  http.BaseHttpServer (BaseHttpServer.java:<init>(107)) - Hadoop Security Enabled: false Ozone Security Enabled: false Ozone HTTP Security Enabled: false 
2022-01-08 01:46:33,290 [Listener at 127.0.0.1/40645] INFO  server.AuthenticationFilter (AuthenticationFilter.java:constructSecretProvider(240)) - Unable to initialize FileSignerSecretProvider, falling back to use random secrets.
2022-01-08 01:46:33,291 [Listener at 127.0.0.1/40645] WARN  http.HttpRequestLog (HttpRequestLog.java:getRequestLog(103)) - Jetty request log can only be enabled using Log4j
2022-01-08 01:46:33,291 [Listener at 127.0.0.1/40645] INFO  http.HttpServer2 (HttpServer2.java:addGlobalFilter(1030)) - Added global filter 'safety' (class=org.apache.hadoop.hdds.server.http.HttpServer2$QuotingInputFilter)
2022-01-08 01:46:33,292 [Listener at 127.0.0.1/40645] INFO  http.HttpServer2 (HttpServer2.java:addFilter(1006)) - Added filter static_user_filter (class=org.apache.hadoop.http.lib.StaticUserWebFilter$StaticUserFilter) to context hddsDatanode
2022-01-08 01:46:33,292 [Listener at 127.0.0.1/40645] INFO  http.HttpServer2 (HttpServer2.java:addFilter(1014)) - Added filter static_user_filter (class=org.apache.hadoop.http.lib.StaticUserWebFilter$StaticUserFilter) to context static
2022-01-08 01:46:33,292 [Listener at 127.0.0.1/40645] INFO  http.HttpServer2 (HttpServer2.java:addFilter(1014)) - Added filter static_user_filter (class=org.apache.hadoop.http.lib.StaticUserWebFilter$StaticUserFilter) to context logs
2022-01-08 01:46:33,292 [Listener at 127.0.0.1/40645] INFO  http.HttpServer2 (HttpServer2.java:bindListener(1249)) - Jetty bound to port 41047
2022-01-08 01:46:33,292 [Listener at 127.0.0.1/40645] INFO  server.Server (Server.java:doStart(375)) - jetty-9.4.43.v20210629; built: 2021-06-30T11:07:22.254Z; git: 526006ecfa3af7f1a27ef3a288e2bef7ea9dd7e8; jvm 1.8.0_292-b10
2022-01-08 01:46:33,294 [Listener at 127.0.0.1/40645] INFO  server.session (DefaultSessionIdManager.java:doStart(334)) - DefaultSessionIdManager workerName=node0
2022-01-08 01:46:33,294 [Listener at 127.0.0.1/40645] INFO  server.session (DefaultSessionIdManager.java:doStart(339)) - No SessionScavenger set, using defaults
2022-01-08 01:46:33,294 [Listener at 127.0.0.1/40645] INFO  server.session (HouseKeeper.java:startScavenging(132)) - node0 Scavenging every 660000ms
2022-01-08 01:46:33,295 [Listener at 127.0.0.1/40645] INFO  handler.ContextHandler (ContextHandler.java:doStart(915)) - Started o.e.j.s.ServletContextHandler@533623cc{logs,/logs,file:///home/runner/work/ozone/ozone/hadoop-ozone/integration-test/target/log,AVAILABLE}
2022-01-08 01:46:33,295 [Listener at 127.0.0.1/40645] INFO  handler.ContextHandler (ContextHandler.java:doStart(915)) - Started o.e.j.s.ServletContextHandler@60399a5f{static,/static,jar:file:/home/runner/.m2/repository/org/apache/ozone/hdds-container-service/1.3.0-SNAPSHOT/hdds-container-service-1.3.0-SNAPSHOT.jar!/webapps/static,AVAILABLE}
2022-01-08 01:46:33,337 [Listener at 127.0.0.1/40645] INFO  handler.ContextHandler (ContextHandler.java:doStart(915)) - Started o.e.j.w.WebAppContext@41b9e17b{hddsDatanode,/,file:///tmp/jetty-0_0_0_0-41047-hdds-container-service-1_3_0-SNAPSHOT_jar-_-any-2766692334228933139/webapp/,AVAILABLE}{jar:file:/home/runner/.m2/repository/org/apache/ozone/hdds-container-service/1.3.0-SNAPSHOT/hdds-container-service-1.3.0-SNAPSHOT.jar!/webapps/hddsDatanode}
2022-01-08 01:46:33,339 [Listener at 127.0.0.1/40645] INFO  server.AbstractConnector (AbstractConnector.java:doStart(331)) - Started ServerConnector@89e0d20{HTTP/1.1, (http/1.1)}{0.0.0.0:41047}
2022-01-08 01:46:33,339 [Listener at 127.0.0.1/40645] INFO  server.Server (Server.java:doStart(415)) - Started @212306ms
2022-01-08 01:46:33,339 [Listener at 127.0.0.1/40645] WARN  impl.MetricsSystemImpl (MetricsSystemImpl.java:register(279)) - Sink prometheus already exists!
2022-01-08 01:46:33,340 [Listener at 127.0.0.1/40645] INFO  http.BaseHttpServer (BaseHttpServer.java:updateConnectorAddress(329)) - HTTP server of hddsDatanode listening at http://0.0.0.0:41047
2022-01-08 01:46:33,340 [Datanode State Machine Daemon Thread] INFO  statemachine.DatanodeStateMachine (DatanodeStateMachine.java:lambda$startDaemon$0(467)) - Ozone container server started.
2022-01-08 01:46:33,350 [Listener at 127.0.0.1/40645] WARN  impl.MetricRegistriesImpl (MetricRegistriesImpl.java:addReporterRegistration(111)) - New reporters are added after registries were created. Some metrics will be missing from the reporter. Please add reporter before adding any new registry.
2022-01-08 01:46:33,350 [Listener at 127.0.0.1/40645] WARN  impl.MetricRegistriesImpl (MetricRegistriesImpl.java:addReporterRegistration(111)) - New reporters are added after registries were created. Some metrics will be missing from the reporter. Please add reporter before adding any new registry.
2022-01-08 01:46:33,350 [Listener at 127.0.0.1/40645] INFO  impl.MetricsSystemImpl (MetricsSystemImpl.java:init(158)) - HddsDatanode metrics system started (again)
2022-01-08 01:46:33,368 [org.apache.hadoop.util.JvmPauseMonitor$Monitor@662155a] INFO  util.JvmPauseMonitor (JvmPauseMonitor.java:run(188)) - Starting JVM pause monitor
2022-01-08 01:46:33,373 [Listener at 127.0.0.1/40645] INFO  ozone.HddsDatanodeService (HddsDatanodeService.java:start(234)) - HddsDatanodeService host:fv-az116-279.vzw04321ajxubdbcnpick5nqva.xx.internal.cloudapp.net ip:10.1.0.34
2022-01-08 01:46:33,383 [Datanode State Machine Task Thread - 0] INFO  datanode.InitDatanodeState (InitDatanodeState.java:persistContainerDatanodeDetails(145)) - DatanodeDetails is persisted to /home/runner/work/ozone/ozone/hadoop-ozone/integration-test/target/test-dir/MiniOzoneClusterImpl-6a132c25-3902-4d06-b1e4-79a7ed3e0f57/datanode-4/meta/datanode.id
2022-01-08 01:46:33,419 [Listener at 127.0.0.1/40645] INFO  upgrade.AbstractLayoutVersionManager (AbstractLayoutVersionManager.java:init(79)) - Initializing Layout version manager with metadata layout = SCM_HA (version = 2), software layout = SCM_HA (version = 2)
2022-01-08 01:46:33,464 [Listener at 127.0.0.1/40645] INFO  reflections.Reflections (Reflections.java:scan(232)) - Reflections took 44 ms to scan 7 urls, producing 119 keys and 279 values 
2022-01-08 01:46:33,469 [Listener at 127.0.0.1/40645] INFO  statemachine.DatanodeStateMachine (DatanodeStateMachine.java:getEndPointTaskThreadPoolSize(219)) - Datanode State Machine Task Thread Pool size 2
2022-01-08 01:46:33,476 [Listener at 127.0.0.1/40645] INFO  volume.HddsVolume (HddsVolume.java:<init>(120)) - Creating HddsVolume: /home/runner/work/ozone/ozone/hadoop-ozone/integration-test/target/test-dir/MiniOzoneClusterImpl-6a132c25-3902-4d06-b1e4-79a7ed3e0f57/datanode-5/data-0/containers/hdds of storage type : DISK capacity : 9223372036854775807
2022-01-08 01:46:33,476 [Listener at 127.0.0.1/40645] INFO  volume.MutableVolumeSet (MutableVolumeSet.java:initializeVolumeSet(168)) - Added Volume : /home/runner/work/ozone/ozone/hadoop-ozone/integration-test/target/test-dir/MiniOzoneClusterImpl-6a132c25-3902-4d06-b1e4-79a7ed3e0f57/datanode-5/data-0/containers/hdds to VolumeSet
2022-01-08 01:46:33,477 [Listener at 127.0.0.1/40645] INFO  volume.ThrottledAsyncChecker (ThrottledAsyncChecker.java:schedule(141)) - Scheduling a check for /home/runner/work/ozone/ozone/hadoop-ozone/integration-test/target/test-dir/MiniOzoneClusterImpl-6a132c25-3902-4d06-b1e4-79a7ed3e0f57/datanode-5/data-0/containers/hdds
2022-01-08 01:46:33,478 [Listener at 127.0.0.1/40645] INFO  volume.StorageVolumeChecker (StorageVolumeChecker.java:checkAllVolumes(202)) - Scheduled health check for volume /home/runner/work/ozone/ozone/hadoop-ozone/integration-test/target/test-dir/MiniOzoneClusterImpl-6a132c25-3902-4d06-b1e4-79a7ed3e0f57/datanode-5/data-0/containers/hdds
2022-01-08 01:46:33,495 [Listener at 127.0.0.1/40645] INFO  volume.MutableVolumeSet (MutableVolumeSet.java:initializeVolumeSet(168)) - Added Volume : /home/runner/work/ozone/ozone/hadoop-ozone/integration-test/target/test-dir/MiniOzoneClusterImpl-6a132c25-3902-4d06-b1e4-79a7ed3e0f57/datanode-5/data/ratis to VolumeSet
2022-01-08 01:46:33,495 [Listener at 127.0.0.1/40645] INFO  volume.ThrottledAsyncChecker (ThrottledAsyncChecker.java:schedule(141)) - Scheduling a check for /home/runner/work/ozone/ozone/hadoop-ozone/integration-test/target/test-dir/MiniOzoneClusterImpl-6a132c25-3902-4d06-b1e4-79a7ed3e0f57/datanode-5/data/ratis
2022-01-08 01:46:33,495 [Listener at 127.0.0.1/40645] INFO  volume.StorageVolumeChecker (StorageVolumeChecker.java:checkAllVolumes(202)) - Scheduled health check for volume /home/runner/work/ozone/ozone/hadoop-ozone/integration-test/target/test-dir/MiniOzoneClusterImpl-6a132c25-3902-4d06-b1e4-79a7ed3e0f57/datanode-5/data/ratis
2022-01-08 01:46:33,507 [Thread-1732] INFO  ozoneimpl.ContainerReader (ContainerReader.java:readVolume(172)) - Finish verifying containers on volume /home/runner/work/ozone/ozone/hadoop-ozone/integration-test/target/test-dir/MiniOzoneClusterImpl-6a132c25-3902-4d06-b1e4-79a7ed3e0f57/datanode-5/data-0/containers/hdds
2022-01-08 01:46:33,507 [Listener at 127.0.0.1/40645] INFO  ozoneimpl.OzoneContainer (OzoneContainer.java:buildContainerSet(237)) - Build ContainerSet costs 0s
2022-01-08 01:46:33,508 [Listener at 127.0.0.1/40645] INFO  server.RaftServer (ConfUtils.java:logGet(44)) - raft.rpc.type = GRPC (default)
2022-01-08 01:46:33,508 [Listener at 127.0.0.1/40645] INFO  grpc.GrpcFactory (GrpcFactory.java:checkPooledByteBufAllocatorUseCacheForAllThreads(48)) - PERFORMANCE WARNING: useCacheForAllThreads is true that may cause Netty to create a lot garbage objects and, as a result, trigger GC.
	It is recommended to disable useCacheForAllThreads by setting -Dorg.apache.ratis.thirdparty.io.netty.allocator.useCacheForAllThreads=false in command line.
2022-01-08 01:46:33,509 [Listener at 127.0.0.1/40645] INFO  grpc.GrpcConfigKeys (ConfUtils.java:logGet(44)) - raft.grpc.admin.port = 0 (custom)
2022-01-08 01:46:33,509 [Listener at 127.0.0.1/40645] INFO  grpc.GrpcConfigKeys (ConfUtils.java:logGet(44)) - raft.grpc.client.port = 0 (custom)
2022-01-08 01:46:33,509 [Listener at 127.0.0.1/40645] INFO  grpc.GrpcConfigKeys (ConfUtils.java:logGet(44)) - raft.grpc.server.port = 0 (default)
2022-01-08 01:46:33,509 [Listener at 127.0.0.1/40645] INFO  server.GrpcService (ConfUtils.java:logGet(44)) - raft.grpc.message.size.max = 32MB (=33554432) (custom)
2022-01-08 01:46:33,509 [Listener at 127.0.0.1/40645] INFO  server.RaftServerConfigKeys (ConfUtils.java:logGet(44)) - raft.server.log.appender.buffer.byte-limit = 33554432 (custom)
2022-01-08 01:46:33,509 [Listener at 127.0.0.1/40645] INFO  server.GrpcService (ConfUtils.java:logGet(44)) - raft.grpc.flow.control.window = 5MB (=5242880) (custom)
2022-01-08 01:46:33,509 [Listener at 127.0.0.1/40645] INFO  server.RaftServerConfigKeys (ConfUtils.java:logGet(44)) - raft.server.rpc.request.timeout = 3000ms (default)
2022-01-08 01:46:33,510 [Listener at 127.0.0.1/40645] INFO  impl.DataStreamServerImpl (ConfUtils.java:logGet(44)) - raft.datastream.type = DISABLED (default)
2022-01-08 01:46:33,510 [Listener at 127.0.0.1/40645] INFO  server.RaftServerConfigKeys (ConfUtils.java:logGet(44)) - raft.server.rpc.slowness.timeout = 300000ms (custom)
2022-01-08 01:46:33,510 [Listener at 127.0.0.1/40645] INFO  server.RaftServerConfigKeys (ConfUtils.java:logGet(44)) - raft.server.leaderelection.leader.step-down.wait-time = 10s (default)
2022-01-08 01:46:33,510 [Listener at 127.0.0.1/40645] INFO  server.RaftServerConfigKeys (ConfUtils.java:logGet(44)) - raft.server.storage.dir = [/home/runner/work/ozone/ozone/hadoop-ozone/integration-test/target/test-dir/MiniOzoneClusterImpl-6a132c25-3902-4d06-b1e4-79a7ed3e0f57/datanode-5/data/ratis] (custom)
2022-01-08 01:46:33,515 [Listener at 127.0.0.1/40645] INFO  server.XceiverServerGrpc (XceiverServerGrpc.java:<init>(132)) - GrpcServer channel type EpollServerSocketChannel
2022-01-08 01:46:33,524 [Listener at 127.0.0.1/40645] INFO  http.BaseHttpServer (BaseHttpServer.java:newHttpServer2BuilderForOzone(209)) - Starting Web-server for hddsDatanode at: http://0.0.0.0:0
2022-01-08 01:46:33,524 [Listener at 127.0.0.1/40645] INFO  http.BaseHttpServer (BaseHttpServer.java:<init>(107)) - Hadoop Security Enabled: false Ozone Security Enabled: false Ozone HTTP Security Enabled: false 
2022-01-08 01:46:33,525 [Listener at 127.0.0.1/40645] INFO  server.AuthenticationFilter (AuthenticationFilter.java:constructSecretProvider(240)) - Unable to initialize FileSignerSecretProvider, falling back to use random secrets.
2022-01-08 01:46:33,527 [Listener at 127.0.0.1/40645] WARN  http.HttpRequestLog (HttpRequestLog.java:getRequestLog(103)) - Jetty request log can only be enabled using Log4j
2022-01-08 01:46:33,528 [Listener at 127.0.0.1/40645] INFO  http.HttpServer2 (HttpServer2.java:addGlobalFilter(1030)) - Added global filter 'safety' (class=org.apache.hadoop.hdds.server.http.HttpServer2$QuotingInputFilter)
2022-01-08 01:46:33,528 [Listener at 127.0.0.1/40645] INFO  http.HttpServer2 (HttpServer2.java:addFilter(1006)) - Added filter static_user_filter (class=org.apache.hadoop.http.lib.StaticUserWebFilter$StaticUserFilter) to context hddsDatanode
2022-01-08 01:46:33,528 [Listener at 127.0.0.1/40645] INFO  http.HttpServer2 (HttpServer2.java:addFilter(1014)) - Added filter static_user_filter (class=org.apache.hadoop.http.lib.StaticUserWebFilter$StaticUserFilter) to context logs
2022-01-08 01:46:33,528 [Listener at 127.0.0.1/40645] INFO  http.HttpServer2 (HttpServer2.java:addFilter(1014)) - Added filter static_user_filter (class=org.apache.hadoop.http.lib.StaticUserWebFilter$StaticUserFilter) to context static
2022-01-08 01:46:33,529 [Listener at 127.0.0.1/40645] INFO  http.HttpServer2 (HttpServer2.java:bindListener(1249)) - Jetty bound to port 41141
2022-01-08 01:46:33,529 [Listener at 127.0.0.1/40645] INFO  server.Server (Server.java:doStart(375)) - jetty-9.4.43.v20210629; built: 2021-06-30T11:07:22.254Z; git: 526006ecfa3af7f1a27ef3a288e2bef7ea9dd7e8; jvm 1.8.0_292-b10
2022-01-08 01:46:33,540 [Listener at 127.0.0.1/40645] INFO  server.session (DefaultSessionIdManager.java:doStart(334)) - DefaultSessionIdManager workerName=node0
2022-01-08 01:46:33,540 [Listener at 127.0.0.1/40645] INFO  server.session (DefaultSessionIdManager.java:doStart(339)) - No SessionScavenger set, using defaults
2022-01-08 01:46:33,540 [Listener at 127.0.0.1/40645] INFO  server.session (HouseKeeper.java:startScavenging(132)) - node0 Scavenging every 660000ms
2022-01-08 01:46:33,541 [Listener at 127.0.0.1/40645] INFO  handler.ContextHandler (ContextHandler.java:doStart(915)) - Started o.e.j.s.ServletContextHandler@37df58be{logs,/logs,file:///home/runner/work/ozone/ozone/hadoop-ozone/integration-test/target/log,AVAILABLE}
2022-01-08 01:46:33,542 [Listener at 127.0.0.1/40645] INFO  handler.ContextHandler (ContextHandler.java:doStart(915)) - Started o.e.j.s.ServletContextHandler@4233bbfa{static,/static,jar:file:/home/runner/.m2/repository/org/apache/ozone/hdds-container-service/1.3.0-SNAPSHOT/hdds-container-service-1.3.0-SNAPSHOT.jar!/webapps/static,AVAILABLE}
2022-01-08 01:46:33,567 [EndpointStateMachine task thread for /0.0.0.0:40019 - 0 ] INFO  ozoneimpl.OzoneContainer (OzoneContainer.java:start(315)) - Attempting to start container services.
2022-01-08 01:46:33,567 [EndpointStateMachine task thread for /0.0.0.0:40019 - 0 ] INFO  ozoneimpl.OzoneContainer (OzoneContainer.java:startContainerScrub(250)) - Background container scanner has been disabled.
2022-01-08 01:46:33,568 [EndpointStateMachine task thread for /0.0.0.0:40019 - 0 ] INFO  replication.ReplicationServer (ReplicationServer.java:start(107)) - ReplicationServer is started using port 32997
2022-01-08 01:46:33,568 [EndpointStateMachine task thread for /0.0.0.0:40019 - 0 ] INFO  ratis.XceiverServerRatis (XceiverServerRatis.java:start(484)) - Starting XceiverServerRatis 6477641b-710a-49ab-b56b-e0f600eb5c24
2022-01-08 01:46:33,570 [EndpointStateMachine task thread for /0.0.0.0:40019 - 0 ] INFO  server.RaftServer (RaftServerProxy.java:lambda$start$5(374)) - 6477641b-710a-49ab-b56b-e0f600eb5c24: start RPC server
2022-01-08 01:46:33,575 [EndpointStateMachine task thread for /0.0.0.0:40019 - 0 ] INFO  server.GrpcService (GrpcService.java:startImpl(253)) - 6477641b-710a-49ab-b56b-e0f600eb5c24: GrpcService started, listening on 38417
2022-01-08 01:46:33,593 [EndpointStateMachine task thread for /0.0.0.0:40019 - 0 ] INFO  ratis.XceiverServerRatis (XceiverServerRatis.java:getRealPort(505)) - XceiverServerRatis 6477641b-710a-49ab-b56b-e0f600eb5c24 is started using port 38417 for RATIS
2022-01-08 01:46:33,593 [EndpointStateMachine task thread for /0.0.0.0:40019 - 0 ] INFO  ratis.XceiverServerRatis (XceiverServerRatis.java:getRealPort(505)) - XceiverServerRatis 6477641b-710a-49ab-b56b-e0f600eb5c24 is started using port 38417 for RATIS_ADMIN
2022-01-08 01:46:33,593 [EndpointStateMachine task thread for /0.0.0.0:40019 - 0 ] INFO  ratis.XceiverServerRatis (XceiverServerRatis.java:getRealPort(505)) - XceiverServerRatis 6477641b-710a-49ab-b56b-e0f600eb5c24 is started using port 38417 for RATIS_SERVER
2022-01-08 01:46:33,593 [org.apache.ratis.util.JvmPauseMonitor$$Lambda$539/2045747304@5e6a544b] INFO  util.JvmPauseMonitor (JvmPauseMonitor.java:run(103)) - JvmPauseMonitor-6477641b-710a-49ab-b56b-e0f600eb5c24: Started
2022-01-08 01:46:33,595 [Listener at 127.0.0.1/40645] INFO  handler.ContextHandler (ContextHandler.java:doStart(915)) - Started o.e.j.w.WebAppContext@60e47fbc{hddsDatanode,/,file:///tmp/jetty-0_0_0_0-41141-hdds-container-service-1_3_0-SNAPSHOT_jar-_-any-4776029005522421360/webapp/,AVAILABLE}{jar:file:/home/runner/.m2/repository/org/apache/ozone/hdds-container-service/1.3.0-SNAPSHOT/hdds-container-service-1.3.0-SNAPSHOT.jar!/webapps/hddsDatanode}
2022-01-08 01:46:33,600 [Listener at 127.0.0.1/40645] INFO  server.AbstractConnector (AbstractConnector.java:doStart(331)) - Started ServerConnector@27599cd9{HTTP/1.1, (http/1.1)}{0.0.0.0:41141}
2022-01-08 01:46:33,600 [Listener at 127.0.0.1/40645] INFO  server.Server (Server.java:doStart(415)) - Started @212567ms
2022-01-08 01:46:33,600 [Listener at 127.0.0.1/40645] WARN  impl.MetricsSystemImpl (MetricsSystemImpl.java:register(279)) - Sink prometheus already exists!
2022-01-08 01:46:33,601 [Listener at 127.0.0.1/40645] INFO  http.BaseHttpServer (BaseHttpServer.java:updateConnectorAddress(329)) - HTTP server of hddsDatanode listening at http://0.0.0.0:41141
2022-01-08 01:46:33,603 [Listener at 127.0.0.1/40645] WARN  impl.MetricRegistriesImpl (MetricRegistriesImpl.java:addReporterRegistration(111)) - New reporters are added after registries were created. Some metrics will be missing from the reporter. Please add reporter before adding any new registry.
2022-01-08 01:46:33,603 [Listener at 127.0.0.1/40645] WARN  impl.MetricRegistriesImpl (MetricRegistriesImpl.java:addReporterRegistration(111)) - New reporters are added after registries were created. Some metrics will be missing from the reporter. Please add reporter before adding any new registry.
2022-01-08 01:46:33,603 [Listener at 127.0.0.1/40645] INFO  impl.MetricsSystemImpl (MetricsSystemImpl.java:init(158)) - HddsDatanode metrics system started (again)
2022-01-08 01:46:33,611 [Datanode State Machine Daemon Thread] INFO  statemachine.DatanodeStateMachine (DatanodeStateMachine.java:lambda$startDaemon$0(467)) - Ozone container server started.
2022-01-08 01:46:33,634 [Listener at 127.0.0.1/40645] INFO  ozone.HddsDatanodeService (HddsDatanodeService.java:start(234)) - HddsDatanodeService host:fv-az116-279.vzw04321ajxubdbcnpick5nqva.xx.internal.cloudapp.net ip:10.1.0.34
2022-01-08 01:46:33,649 [org.apache.hadoop.util.JvmPauseMonitor$Monitor@6a4b7be5] INFO  util.JvmPauseMonitor (JvmPauseMonitor.java:run(188)) - Starting JVM pause monitor
2022-01-08 01:46:33,655 [EndpointStateMachine task thread for /0.0.0.0:40019 - 0 ] INFO  server.XceiverServerGrpc (XceiverServerGrpc.java:start(180)) - XceiverServerGrpc 6477641b-710a-49ab-b56b-e0f600eb5c24 is started using port 42453
2022-01-08 01:46:33,671 [Listener at 127.0.0.1/40645] INFO  upgrade.AbstractLayoutVersionManager (AbstractLayoutVersionManager.java:init(79)) - Initializing Layout version manager with metadata layout = SCM_HA (version = 2), software layout = SCM_HA (version = 2)
2022-01-08 01:46:33,695 [Datanode State Machine Task Thread - 0] INFO  datanode.InitDatanodeState (InitDatanodeState.java:persistContainerDatanodeDetails(145)) - DatanodeDetails is persisted to /home/runner/work/ozone/ozone/hadoop-ozone/integration-test/target/test-dir/MiniOzoneClusterImpl-6a132c25-3902-4d06-b1e4-79a7ed3e0f57/datanode-5/meta/datanode.id
2022-01-08 01:46:33,726 [Listener at 127.0.0.1/40645] INFO  reflections.Reflections (Reflections.java:scan(232)) - Reflections took 54 ms to scan 7 urls, producing 119 keys and 279 values 
2022-01-08 01:46:33,727 [Listener at 127.0.0.1/40645] INFO  statemachine.DatanodeStateMachine (DatanodeStateMachine.java:getEndPointTaskThreadPoolSize(219)) - Datanode State Machine Task Thread Pool size 2
2022-01-08 01:46:33,728 [Listener at 127.0.0.1/40645] INFO  volume.HddsVolume (HddsVolume.java:<init>(120)) - Creating HddsVolume: /home/runner/work/ozone/ozone/hadoop-ozone/integration-test/target/test-dir/MiniOzoneClusterImpl-6a132c25-3902-4d06-b1e4-79a7ed3e0f57/datanode-6/data-0/containers/hdds of storage type : DISK capacity : 9223372036854775807
2022-01-08 01:46:33,728 [Listener at 127.0.0.1/40645] INFO  volume.MutableVolumeSet (MutableVolumeSet.java:initializeVolumeSet(168)) - Added Volume : /home/runner/work/ozone/ozone/hadoop-ozone/integration-test/target/test-dir/MiniOzoneClusterImpl-6a132c25-3902-4d06-b1e4-79a7ed3e0f57/datanode-6/data-0/containers/hdds to VolumeSet
2022-01-08 01:46:33,729 [Listener at 127.0.0.1/40645] INFO  volume.ThrottledAsyncChecker (ThrottledAsyncChecker.java:schedule(141)) - Scheduling a check for /home/runner/work/ozone/ozone/hadoop-ozone/integration-test/target/test-dir/MiniOzoneClusterImpl-6a132c25-3902-4d06-b1e4-79a7ed3e0f57/datanode-6/data-0/containers/hdds
2022-01-08 01:46:33,732 [Listener at 127.0.0.1/40645] INFO  volume.StorageVolumeChecker (StorageVolumeChecker.java:checkAllVolumes(202)) - Scheduled health check for volume /home/runner/work/ozone/ozone/hadoop-ozone/integration-test/target/test-dir/MiniOzoneClusterImpl-6a132c25-3902-4d06-b1e4-79a7ed3e0f57/datanode-6/data-0/containers/hdds
2022-01-08 01:46:33,751 [Listener at 127.0.0.1/40645] INFO  volume.MutableVolumeSet (MutableVolumeSet.java:initializeVolumeSet(168)) - Added Volume : /home/runner/work/ozone/ozone/hadoop-ozone/integration-test/target/test-dir/MiniOzoneClusterImpl-6a132c25-3902-4d06-b1e4-79a7ed3e0f57/datanode-6/data/ratis to VolumeSet
2022-01-08 01:46:33,755 [Listener at 127.0.0.1/40645] INFO  volume.ThrottledAsyncChecker (ThrottledAsyncChecker.java:schedule(141)) - Scheduling a check for /home/runner/work/ozone/ozone/hadoop-ozone/integration-test/target/test-dir/MiniOzoneClusterImpl-6a132c25-3902-4d06-b1e4-79a7ed3e0f57/datanode-6/data/ratis
2022-01-08 01:46:33,766 [Listener at 127.0.0.1/40645] INFO  volume.StorageVolumeChecker (StorageVolumeChecker.java:checkAllVolumes(202)) - Scheduled health check for volume /home/runner/work/ozone/ozone/hadoop-ozone/integration-test/target/test-dir/MiniOzoneClusterImpl-6a132c25-3902-4d06-b1e4-79a7ed3e0f57/datanode-6/data/ratis
2022-01-08 01:46:33,778 [Thread-1748] INFO  ozoneimpl.ContainerReader (ContainerReader.java:readVolume(172)) - Finish verifying containers on volume /home/runner/work/ozone/ozone/hadoop-ozone/integration-test/target/test-dir/MiniOzoneClusterImpl-6a132c25-3902-4d06-b1e4-79a7ed3e0f57/datanode-6/data-0/containers/hdds
2022-01-08 01:46:33,778 [Listener at 127.0.0.1/40645] INFO  ozoneimpl.OzoneContainer (OzoneContainer.java:buildContainerSet(237)) - Build ContainerSet costs 0s
2022-01-08 01:46:33,780 [Listener at 127.0.0.1/40645] INFO  server.RaftServer (ConfUtils.java:logGet(44)) - raft.rpc.type = GRPC (default)
2022-01-08 01:46:33,781 [Listener at 127.0.0.1/40645] INFO  grpc.GrpcFactory (GrpcFactory.java:checkPooledByteBufAllocatorUseCacheForAllThreads(48)) - PERFORMANCE WARNING: useCacheForAllThreads is true that may cause Netty to create a lot garbage objects and, as a result, trigger GC.
	It is recommended to disable useCacheForAllThreads by setting -Dorg.apache.ratis.thirdparty.io.netty.allocator.useCacheForAllThreads=false in command line.
2022-01-08 01:46:33,781 [Listener at 127.0.0.1/40645] INFO  grpc.GrpcConfigKeys (ConfUtils.java:logGet(44)) - raft.grpc.admin.port = 0 (custom)
2022-01-08 01:46:33,781 [Listener at 127.0.0.1/40645] INFO  grpc.GrpcConfigKeys (ConfUtils.java:logGet(44)) - raft.grpc.client.port = 0 (custom)
2022-01-08 01:46:33,782 [Listener at 127.0.0.1/40645] INFO  grpc.GrpcConfigKeys (ConfUtils.java:logGet(44)) - raft.grpc.server.port = 0 (default)
2022-01-08 01:46:33,782 [Listener at 127.0.0.1/40645] INFO  server.GrpcService (ConfUtils.java:logGet(44)) - raft.grpc.message.size.max = 32MB (=33554432) (custom)
2022-01-08 01:46:33,782 [Listener at 127.0.0.1/40645] INFO  server.RaftServerConfigKeys (ConfUtils.java:logGet(44)) - raft.server.log.appender.buffer.byte-limit = 33554432 (custom)
2022-01-08 01:46:33,782 [Listener at 127.0.0.1/40645] INFO  server.GrpcService (ConfUtils.java:logGet(44)) - raft.grpc.flow.control.window = 5MB (=5242880) (custom)
2022-01-08 01:46:33,782 [Listener at 127.0.0.1/40645] INFO  server.RaftServerConfigKeys (ConfUtils.java:logGet(44)) - raft.server.rpc.request.timeout = 3000ms (default)
2022-01-08 01:46:33,783 [Listener at 127.0.0.1/40645] INFO  impl.DataStreamServerImpl (ConfUtils.java:logGet(44)) - raft.datastream.type = DISABLED (default)
2022-01-08 01:46:33,783 [Listener at 127.0.0.1/40645] INFO  server.RaftServerConfigKeys (ConfUtils.java:logGet(44)) - raft.server.rpc.slowness.timeout = 300000ms (custom)
2022-01-08 01:46:33,783 [Listener at 127.0.0.1/40645] INFO  server.RaftServerConfigKeys (ConfUtils.java:logGet(44)) - raft.server.leaderelection.leader.step-down.wait-time = 10s (default)
2022-01-08 01:46:33,783 [Listener at 127.0.0.1/40645] INFO  server.RaftServerConfigKeys (ConfUtils.java:logGet(44)) - raft.server.storage.dir = [/home/runner/work/ozone/ozone/hadoop-ozone/integration-test/target/test-dir/MiniOzoneClusterImpl-6a132c25-3902-4d06-b1e4-79a7ed3e0f57/datanode-6/data/ratis] (custom)
2022-01-08 01:46:33,784 [Listener at 127.0.0.1/40645] INFO  server.XceiverServerGrpc (XceiverServerGrpc.java:<init>(132)) - GrpcServer channel type EpollServerSocketChannel
2022-01-08 01:46:33,788 [Listener at 127.0.0.1/40645] INFO  http.BaseHttpServer (BaseHttpServer.java:newHttpServer2BuilderForOzone(209)) - Starting Web-server for hddsDatanode at: http://0.0.0.0:0
2022-01-08 01:46:33,788 [Listener at 127.0.0.1/40645] INFO  http.BaseHttpServer (BaseHttpServer.java:<init>(107)) - Hadoop Security Enabled: false Ozone Security Enabled: false Ozone HTTP Security Enabled: false 
2022-01-08 01:46:33,789 [Listener at 127.0.0.1/40645] INFO  server.AuthenticationFilter (AuthenticationFilter.java:constructSecretProvider(240)) - Unable to initialize FileSignerSecretProvider, falling back to use random secrets.
2022-01-08 01:46:33,792 [Listener at 127.0.0.1/40645] WARN  http.HttpRequestLog (HttpRequestLog.java:getRequestLog(103)) - Jetty request log can only be enabled using Log4j
2022-01-08 01:46:33,793 [Listener at 127.0.0.1/40645] INFO  http.HttpServer2 (HttpServer2.java:addGlobalFilter(1030)) - Added global filter 'safety' (class=org.apache.hadoop.hdds.server.http.HttpServer2$QuotingInputFilter)
2022-01-08 01:46:33,793 [Listener at 127.0.0.1/40645] INFO  http.HttpServer2 (HttpServer2.java:addFilter(1006)) - Added filter static_user_filter (class=org.apache.hadoop.http.lib.StaticUserWebFilter$StaticUserFilter) to context hddsDatanode
2022-01-08 01:46:33,793 [Listener at 127.0.0.1/40645] INFO  http.HttpServer2 (HttpServer2.java:addFilter(1014)) - Added filter static_user_filter (class=org.apache.hadoop.http.lib.StaticUserWebFilter$StaticUserFilter) to context logs
2022-01-08 01:46:33,793 [Listener at 127.0.0.1/40645] INFO  http.HttpServer2 (HttpServer2.java:addFilter(1014)) - Added filter static_user_filter (class=org.apache.hadoop.http.lib.StaticUserWebFilter$StaticUserFilter) to context static
2022-01-08 01:46:33,794 [Listener at 127.0.0.1/40645] INFO  http.HttpServer2 (HttpServer2.java:bindListener(1249)) - Jetty bound to port 33601
2022-01-08 01:46:33,794 [Listener at 127.0.0.1/40645] INFO  server.Server (Server.java:doStart(375)) - jetty-9.4.43.v20210629; built: 2021-06-30T11:07:22.254Z; git: 526006ecfa3af7f1a27ef3a288e2bef7ea9dd7e8; jvm 1.8.0_292-b10
2022-01-08 01:46:33,796 [Listener at 127.0.0.1/40645] INFO  server.session (DefaultSessionIdManager.java:doStart(334)) - DefaultSessionIdManager workerName=node0
2022-01-08 01:46:33,796 [Listener at 127.0.0.1/40645] INFO  server.session (DefaultSessionIdManager.java:doStart(339)) - No SessionScavenger set, using defaults
2022-01-08 01:46:33,797 [Listener at 127.0.0.1/40645] INFO  server.session (HouseKeeper.java:startScavenging(132)) - node0 Scavenging every 600000ms
2022-01-08 01:46:33,798 [Listener at 127.0.0.1/40645] INFO  handler.ContextHandler (ContextHandler.java:doStart(915)) - Started o.e.j.s.ServletContextHandler@dbd1aad{logs,/logs,file:///home/runner/work/ozone/ozone/hadoop-ozone/integration-test/target/log,AVAILABLE}
2022-01-08 01:46:33,798 [Listener at 127.0.0.1/40645] INFO  handler.ContextHandler (ContextHandler.java:doStart(915)) - Started o.e.j.s.ServletContextHandler@40779fec{static,/static,jar:file:/home/runner/.m2/repository/org/apache/ozone/hdds-container-service/1.3.0-SNAPSHOT/hdds-container-service-1.3.0-SNAPSHOT.jar!/webapps/static,AVAILABLE}
2022-01-08 01:46:33,840 [Listener at 127.0.0.1/40645] INFO  handler.ContextHandler (ContextHandler.java:doStart(915)) - Started o.e.j.w.WebAppContext@100998f{hddsDatanode,/,file:///tmp/jetty-0_0_0_0-33601-hdds-container-service-1_3_0-SNAPSHOT_jar-_-any-6335029179221884140/webapp/,AVAILABLE}{jar:file:/home/runner/.m2/repository/org/apache/ozone/hdds-container-service/1.3.0-SNAPSHOT/hdds-container-service-1.3.0-SNAPSHOT.jar!/webapps/hddsDatanode}
2022-01-08 01:46:33,842 [Listener at 127.0.0.1/40645] INFO  server.AbstractConnector (AbstractConnector.java:doStart(331)) - Started ServerConnector@40c303f7{HTTP/1.1, (http/1.1)}{0.0.0.0:33601}
2022-01-08 01:46:33,843 [Listener at 127.0.0.1/40645] INFO  server.Server (Server.java:doStart(415)) - Started @212810ms
2022-01-08 01:46:33,843 [Listener at 127.0.0.1/40645] WARN  impl.MetricsSystemImpl (MetricsSystemImpl.java:register(279)) - Sink prometheus already exists!
2022-01-08 01:46:33,843 [Listener at 127.0.0.1/40645] INFO  http.BaseHttpServer (BaseHttpServer.java:updateConnectorAddress(329)) - HTTP server of hddsDatanode listening at http://0.0.0.0:33601
2022-01-08 01:46:33,847 [Listener at 127.0.0.1/40645] INFO  ozone.MiniOzoneClusterImpl (MiniOzoneClusterImpl.java:lambda$waitForClusterToBeReady$0(235)) - Waiting for nodes to be ready. Got 0 of 7 DN Heartbeats.
2022-01-08 01:46:33,851 [Listener at 127.0.0.1/40645] INFO  ozone.MiniOzoneClusterImpl (MiniOzoneClusterImpl.java:lambda$waitForClusterToBeReady$0(238)) - Waiting for cluster to exit safe mode
2022-01-08 01:46:33,851 [Listener at 127.0.0.1/40645] INFO  ozone.MiniOzoneClusterImpl (MiniOzoneClusterImpl.java:lambda$waitForClusterToBeReady$0(240)) - SCM became leader
2022-01-08 01:46:33,860 [Datanode State Machine Daemon Thread] INFO  statemachine.DatanodeStateMachine (DatanodeStateMachine.java:lambda$startDaemon$0(467)) - Ozone container server started.
2022-01-08 01:46:33,883 [org.apache.hadoop.util.JvmPauseMonitor$Monitor@4e968bd9] INFO  util.JvmPauseMonitor (JvmPauseMonitor.java:run(188)) - Starting JVM pause monitor
2022-01-08 01:46:33,889 [Datanode State Machine Task Thread - 0] INFO  datanode.InitDatanodeState (InitDatanodeState.java:persistContainerDatanodeDetails(145)) - DatanodeDetails is persisted to /home/runner/work/ozone/ozone/hadoop-ozone/integration-test/target/test-dir/MiniOzoneClusterImpl-6a132c25-3902-4d06-b1e4-79a7ed3e0f57/datanode-6/meta/datanode.id
2022-01-08 01:46:33,981 [EndpointStateMachine task thread for /0.0.0.0:40019 - 0 ] INFO  ozoneimpl.OzoneContainer (OzoneContainer.java:start(315)) - Attempting to start container services.
2022-01-08 01:46:33,982 [EndpointStateMachine task thread for /0.0.0.0:40019 - 0 ] INFO  ozoneimpl.OzoneContainer (OzoneContainer.java:startContainerScrub(250)) - Background container scanner has been disabled.
2022-01-08 01:46:33,984 [EndpointStateMachine task thread for /0.0.0.0:40019 - 0 ] INFO  replication.ReplicationServer (ReplicationServer.java:start(107)) - ReplicationServer is started using port 45495
2022-01-08 01:46:33,984 [EndpointStateMachine task thread for /0.0.0.0:40019 - 0 ] INFO  ratis.XceiverServerRatis (XceiverServerRatis.java:start(484)) - Starting XceiverServerRatis 9d6916e6-e933-4839-a7aa-b025ed7fd068
2022-01-08 01:46:33,990 [EndpointStateMachine task thread for /0.0.0.0:40019 - 0 ] INFO  server.RaftServer (RaftServerProxy.java:lambda$start$5(374)) - 9d6916e6-e933-4839-a7aa-b025ed7fd068: start RPC server
2022-01-08 01:46:33,992 [EndpointStateMachine task thread for /0.0.0.0:40019 - 0 ] INFO  server.GrpcService (GrpcService.java:startImpl(253)) - 9d6916e6-e933-4839-a7aa-b025ed7fd068: GrpcService started, listening on 40543
2022-01-08 01:46:33,992 [EndpointStateMachine task thread for /0.0.0.0:40019 - 0 ] INFO  ratis.XceiverServerRatis (XceiverServerRatis.java:getRealPort(505)) - XceiverServerRatis 9d6916e6-e933-4839-a7aa-b025ed7fd068 is started using port 40543 for RATIS
2022-01-08 01:46:33,993 [EndpointStateMachine task thread for /0.0.0.0:40019 - 0 ] INFO  ratis.XceiverServerRatis (XceiverServerRatis.java:getRealPort(505)) - XceiverServerRatis 9d6916e6-e933-4839-a7aa-b025ed7fd068 is started using port 40543 for RATIS_ADMIN
2022-01-08 01:46:33,993 [EndpointStateMachine task thread for /0.0.0.0:40019 - 0 ] INFO  ratis.XceiverServerRatis (XceiverServerRatis.java:getRealPort(505)) - XceiverServerRatis 9d6916e6-e933-4839-a7aa-b025ed7fd068 is started using port 40543 for RATIS_SERVER
2022-01-08 01:46:33,993 [org.apache.ratis.util.JvmPauseMonitor$$Lambda$539/2045747304@72db5286] INFO  util.JvmPauseMonitor (JvmPauseMonitor.java:run(103)) - JvmPauseMonitor-9d6916e6-e933-4839-a7aa-b025ed7fd068: Started
2022-01-08 01:46:34,003 [EndpointStateMachine task thread for /0.0.0.0:40019 - 0 ] INFO  server.XceiverServerGrpc (XceiverServerGrpc.java:start(180)) - XceiverServerGrpc 9d6916e6-e933-4839-a7aa-b025ed7fd068 is started using port 40997
2022-01-08 01:46:34,764 [EndpointStateMachine task thread for /0.0.0.0:40019 - 0 ] INFO  ozoneimpl.OzoneContainer (OzoneContainer.java:start(315)) - Attempting to start container services.
2022-01-08 01:46:34,764 [EndpointStateMachine task thread for /0.0.0.0:40019 - 0 ] INFO  ozoneimpl.OzoneContainer (OzoneContainer.java:startContainerScrub(250)) - Background container scanner has been disabled.
2022-01-08 01:46:34,765 [EndpointStateMachine task thread for /0.0.0.0:40019 - 0 ] INFO  replication.ReplicationServer (ReplicationServer.java:start(107)) - ReplicationServer is started using port 36939
2022-01-08 01:46:34,776 [EndpointStateMachine task thread for /0.0.0.0:40019 - 0 ] INFO  ratis.XceiverServerRatis (XceiverServerRatis.java:start(484)) - Starting XceiverServerRatis 44471f42-9a01-4764-8909-e7e02c044ebe
2022-01-08 01:46:34,783 [EndpointStateMachine task thread for /0.0.0.0:40019 - 0 ] INFO  server.RaftServer (RaftServerProxy.java:lambda$start$5(374)) - 44471f42-9a01-4764-8909-e7e02c044ebe: start RPC server
2022-01-08 01:46:34,784 [EndpointStateMachine task thread for /0.0.0.0:40019 - 0 ] INFO  server.GrpcService (GrpcService.java:startImpl(253)) - 44471f42-9a01-4764-8909-e7e02c044ebe: GrpcService started, listening on 44109
2022-01-08 01:46:34,784 [EndpointStateMachine task thread for /0.0.0.0:40019 - 0 ] INFO  ratis.XceiverServerRatis (XceiverServerRatis.java:getRealPort(505)) - XceiverServerRatis 44471f42-9a01-4764-8909-e7e02c044ebe is started using port 44109 for RATIS
2022-01-08 01:46:34,784 [EndpointStateMachine task thread for /0.0.0.0:40019 - 0 ] INFO  ratis.XceiverServerRatis (XceiverServerRatis.java:getRealPort(505)) - XceiverServerRatis 44471f42-9a01-4764-8909-e7e02c044ebe is started using port 44109 for RATIS_ADMIN
2022-01-08 01:46:34,784 [EndpointStateMachine task thread for /0.0.0.0:40019 - 0 ] INFO  ratis.XceiverServerRatis (XceiverServerRatis.java:getRealPort(505)) - XceiverServerRatis 44471f42-9a01-4764-8909-e7e02c044ebe is started using port 44109 for RATIS_SERVER
2022-01-08 01:46:34,784 [org.apache.ratis.util.JvmPauseMonitor$$Lambda$539/2045747304@33ea6cb6] INFO  util.JvmPauseMonitor (JvmPauseMonitor.java:run(103)) - JvmPauseMonitor-44471f42-9a01-4764-8909-e7e02c044ebe: Started
2022-01-08 01:46:34,785 [EndpointStateMachine task thread for /0.0.0.0:40019 - 0 ] INFO  server.XceiverServerGrpc (XceiverServerGrpc.java:start(180)) - XceiverServerGrpc 44471f42-9a01-4764-8909-e7e02c044ebe is started using port 34571
2022-01-08 01:46:34,852 [Listener at 127.0.0.1/40645] INFO  ozone.MiniOzoneClusterImpl (MiniOzoneClusterImpl.java:lambda$waitForClusterToBeReady$0(235)) - Waiting for nodes to be ready. Got 0 of 7 DN Heartbeats.
2022-01-08 01:46:34,852 [Listener at 127.0.0.1/40645] INFO  ozone.MiniOzoneClusterImpl (MiniOzoneClusterImpl.java:lambda$waitForClusterToBeReady$0(238)) - Waiting for cluster to exit safe mode
2022-01-08 01:46:34,852 [Listener at 127.0.0.1/40645] INFO  ozone.MiniOzoneClusterImpl (MiniOzoneClusterImpl.java:lambda$waitForClusterToBeReady$0(240)) - SCM became leader
2022-01-08 01:46:35,189 [EndpointStateMachine task thread for /0.0.0.0:40019 - 0 ] INFO  ozoneimpl.OzoneContainer (OzoneContainer.java:start(315)) - Attempting to start container services.
2022-01-08 01:46:35,189 [EndpointStateMachine task thread for /0.0.0.0:40019 - 0 ] INFO  ozoneimpl.OzoneContainer (OzoneContainer.java:startContainerScrub(250)) - Background container scanner has been disabled.
2022-01-08 01:46:35,190 [EndpointStateMachine task thread for /0.0.0.0:40019 - 0 ] INFO  replication.ReplicationServer (ReplicationServer.java:start(107)) - ReplicationServer is started using port 42195
2022-01-08 01:46:35,192 [EndpointStateMachine task thread for /0.0.0.0:40019 - 0 ] INFO  ratis.XceiverServerRatis (XceiverServerRatis.java:start(484)) - Starting XceiverServerRatis 46dea062-dbed-4f29-9927-38d96de780a1
2022-01-08 01:46:35,199 [EndpointStateMachine task thread for /0.0.0.0:40019 - 0 ] INFO  server.RaftServer (RaftServerProxy.java:lambda$start$5(374)) - 46dea062-dbed-4f29-9927-38d96de780a1: start RPC server
2022-01-08 01:46:35,201 [EndpointStateMachine task thread for /0.0.0.0:40019 - 0 ] INFO  server.GrpcService (GrpcService.java:startImpl(253)) - 46dea062-dbed-4f29-9927-38d96de780a1: GrpcService started, listening on 40963
2022-01-08 01:46:35,201 [EndpointStateMachine task thread for /0.0.0.0:40019 - 0 ] INFO  ratis.XceiverServerRatis (XceiverServerRatis.java:getRealPort(505)) - XceiverServerRatis 46dea062-dbed-4f29-9927-38d96de780a1 is started using port 40963 for RATIS
2022-01-08 01:46:35,202 [EndpointStateMachine task thread for /0.0.0.0:40019 - 0 ] INFO  ratis.XceiverServerRatis (XceiverServerRatis.java:getRealPort(505)) - XceiverServerRatis 46dea062-dbed-4f29-9927-38d96de780a1 is started using port 40963 for RATIS_ADMIN
2022-01-08 01:46:35,202 [EndpointStateMachine task thread for /0.0.0.0:40019 - 0 ] INFO  ratis.XceiverServerRatis (XceiverServerRatis.java:getRealPort(505)) - XceiverServerRatis 46dea062-dbed-4f29-9927-38d96de780a1 is started using port 40963 for RATIS_SERVER
2022-01-08 01:46:35,207 [org.apache.ratis.util.JvmPauseMonitor$$Lambda$539/2045747304@3a3f0a75] INFO  util.JvmPauseMonitor (JvmPauseMonitor.java:run(103)) - JvmPauseMonitor-46dea062-dbed-4f29-9927-38d96de780a1: Started
2022-01-08 01:46:35,208 [EndpointStateMachine task thread for /0.0.0.0:40019 - 0 ] INFO  server.XceiverServerGrpc (XceiverServerGrpc.java:start(180)) - XceiverServerGrpc 46dea062-dbed-4f29-9927-38d96de780a1 is started using port 39759
2022-01-08 01:46:35,441 [EndpointStateMachine task thread for /0.0.0.0:40019 - 0 ] INFO  ozoneimpl.OzoneContainer (OzoneContainer.java:start(315)) - Attempting to start container services.
2022-01-08 01:46:35,441 [EndpointStateMachine task thread for /0.0.0.0:40019 - 0 ] INFO  ozoneimpl.OzoneContainer (OzoneContainer.java:startContainerScrub(250)) - Background container scanner has been disabled.
2022-01-08 01:46:35,444 [EndpointStateMachine task thread for /0.0.0.0:40019 - 0 ] INFO  replication.ReplicationServer (ReplicationServer.java:start(107)) - ReplicationServer is started using port 46817
2022-01-08 01:46:35,471 [EndpointStateMachine task thread for /0.0.0.0:40019 - 0 ] INFO  ratis.XceiverServerRatis (XceiverServerRatis.java:start(484)) - Starting XceiverServerRatis a6c260a2-0fcb-4cbe-bb3c-7bbe6bc0f1a0
2022-01-08 01:46:35,500 [IPC Server handler 1 on default port 40019] INFO  net.NetworkTopologyImpl (NetworkTopologyImpl.java:add(112)) - Added a new node: /default-rack/6477641b-710a-49ab-b56b-e0f600eb5c24
2022-01-08 01:46:35,500 [IPC Server handler 1 on default port 40019] INFO  node.SCMNodeManager (SCMNodeManager.java:register(389)) - Registered Data node : 6477641b-710a-49ab-b56b-e0f600eb5c24{ip: 10.1.0.34, host: fv-az116-279.vzw04321ajxubdbcnpick5nqva.xx.internal.cloudapp.net, ports: [REPLICATION=32997, RATIS=38417, RATIS_ADMIN=38417, RATIS_SERVER=38417, STANDALONE=42453], networkLocation: /default-rack, certSerialId: null, persistedOpState: null, persistedOpStateExpiryEpochSec: 0}
2022-01-08 01:46:35,520 [EventQueue-NodeRegistrationContainerReportForContainerSafeModeRule] INFO  safemode.SCMSafeModeManager (SCMSafeModeManager.java:validateSafeModeExitRules(204)) - ContainerSafeModeRule rule is successfully validated
2022-01-08 01:46:35,520 [EventQueue-NodeRegistrationContainerReportForDataNodeSafeModeRule] INFO  safemode.SCMSafeModeManager (DataNodeSafeModeRule.java:process(71)) - SCM in safe mode. 1 DataNodes registered, 3 required.
2022-01-08 01:46:35,543 [EndpointStateMachine task thread for /0.0.0.0:40019 - 0 ] INFO  server.RaftServer (RaftServerProxy.java:lambda$start$5(374)) - a6c260a2-0fcb-4cbe-bb3c-7bbe6bc0f1a0: start RPC server
2022-01-08 01:46:35,543 [EndpointStateMachine task thread for /0.0.0.0:40019 - 0 ] INFO  server.GrpcService (GrpcService.java:startImpl(253)) - a6c260a2-0fcb-4cbe-bb3c-7bbe6bc0f1a0: GrpcService started, listening on 44223
2022-01-08 01:46:35,557 [EndpointStateMachine task thread for /0.0.0.0:40019 - 0 ] INFO  ratis.XceiverServerRatis (XceiverServerRatis.java:getRealPort(505)) - XceiverServerRatis a6c260a2-0fcb-4cbe-bb3c-7bbe6bc0f1a0 is started using port 44223 for RATIS
2022-01-08 01:46:35,557 [EndpointStateMachine task thread for /0.0.0.0:40019 - 0 ] INFO  ratis.XceiverServerRatis (XceiverServerRatis.java:getRealPort(505)) - XceiverServerRatis a6c260a2-0fcb-4cbe-bb3c-7bbe6bc0f1a0 is started using port 44223 for RATIS_ADMIN
2022-01-08 01:46:35,557 [EndpointStateMachine task thread for /0.0.0.0:40019 - 0 ] INFO  ratis.XceiverServerRatis (XceiverServerRatis.java:getRealPort(505)) - XceiverServerRatis a6c260a2-0fcb-4cbe-bb3c-7bbe6bc0f1a0 is started using port 44223 for RATIS_SERVER
2022-01-08 01:46:35,557 [org.apache.ratis.util.JvmPauseMonitor$$Lambda$539/2045747304@6ea00fbf] INFO  util.JvmPauseMonitor (JvmPauseMonitor.java:run(103)) - JvmPauseMonitor-a6c260a2-0fcb-4cbe-bb3c-7bbe6bc0f1a0: Started
2022-01-08 01:46:35,563 [EventQueue-PipelineReportForOneReplicaPipelineSafeModeRule] INFO  safemode.SCMSafeModeManager (SCMSafeModeManager.java:validateSafeModeExitRules(204)) - AtleastOneDatanodeReportedRule rule is successfully validated
2022-01-08 01:46:35,563 [EventQueue-NewNodeForNewNodeHandler] INFO  pipeline.BackgroundPipelineCreator (BackgroundPipelineCreator.java:notifyEventTriggered(285)) - trigger a one-shot run on RatisPipelineUtilsThread.
2022-01-08 01:46:35,567 [RatisPipelineUtilsThread - 0] INFO  pipeline.RatisPipelineProvider (RatisPipelineProvider.java:lambda$create$0(183)) - Sending CreatePipelineCommand for pipeline:PipelineID=bf4d661f-df7b-4090-a893-0140cc601dfd to datanode:6477641b-710a-49ab-b56b-e0f600eb5c24
2022-01-08 01:46:35,578 [RatisPipelineUtilsThread - 0] INFO  pipeline.PipelineStateManagerImpl (PipelineStateManagerImpl.java:addPipeline(101)) - Created pipeline Pipeline[ Id: bf4d661f-df7b-4090-a893-0140cc601dfd, Nodes: 6477641b-710a-49ab-b56b-e0f600eb5c24{ip: 10.1.0.34, host: fv-az116-279.vzw04321ajxubdbcnpick5nqva.xx.internal.cloudapp.net, ports: [REPLICATION=32997, RATIS=38417, RATIS_ADMIN=38417, RATIS_SERVER=38417, STANDALONE=42453], networkLocation: /default-rack, certSerialId: null, persistedOpState: IN_SERVICE, persistedOpStateExpiryEpochSec: 0}, ReplicationConfig: RATIS/ONE, State:ALLOCATED, leaderId:, CreationTimestamp2022-01-08T01:46:35.567Z[Etc/UTC]].
2022-01-08 01:46:35,594 [EndpointStateMachine task thread for /0.0.0.0:40019 - 0 ] INFO  server.XceiverServerGrpc (XceiverServerGrpc.java:start(180)) - XceiverServerGrpc a6c260a2-0fcb-4cbe-bb3c-7bbe6bc0f1a0 is started using port 36635
2022-01-08 01:46:35,667 [EndpointStateMachine task thread for /0.0.0.0:40019 - 0 ] INFO  ozoneimpl.OzoneContainer (OzoneContainer.java:start(315)) - Attempting to start container services.
2022-01-08 01:46:35,667 [EndpointStateMachine task thread for /0.0.0.0:40019 - 0 ] INFO  ozoneimpl.OzoneContainer (OzoneContainer.java:startContainerScrub(250)) - Background container scanner has been disabled.
2022-01-08 01:46:35,674 [EndpointStateMachine task thread for /0.0.0.0:40019 - 0 ] INFO  replication.ReplicationServer (ReplicationServer.java:start(107)) - ReplicationServer is started using port 40371
2022-01-08 01:46:35,694 [EndpointStateMachine task thread for /0.0.0.0:40019 - 0 ] INFO  ratis.XceiverServerRatis (XceiverServerRatis.java:start(484)) - Starting XceiverServerRatis 81a3d3bc-df93-482d-841e-57d386bb5ebf
2022-01-08 01:46:35,723 [EndpointStateMachine task thread for /0.0.0.0:40019 - 0 ] INFO  server.RaftServer (RaftServerProxy.java:lambda$start$5(374)) - 81a3d3bc-df93-482d-841e-57d386bb5ebf: start RPC server
2022-01-08 01:46:35,723 [EndpointStateMachine task thread for /0.0.0.0:40019 - 0 ] INFO  server.GrpcService (GrpcService.java:startImpl(253)) - 81a3d3bc-df93-482d-841e-57d386bb5ebf: GrpcService started, listening on 40489
2022-01-08 01:46:35,728 [EndpointStateMachine task thread for /0.0.0.0:40019 - 0 ] INFO  ratis.XceiverServerRatis (XceiverServerRatis.java:getRealPort(505)) - XceiverServerRatis 81a3d3bc-df93-482d-841e-57d386bb5ebf is started using port 40489 for RATIS
2022-01-08 01:46:35,728 [EndpointStateMachine task thread for /0.0.0.0:40019 - 0 ] INFO  ratis.XceiverServerRatis (XceiverServerRatis.java:getRealPort(505)) - XceiverServerRatis 81a3d3bc-df93-482d-841e-57d386bb5ebf is started using port 40489 for RATIS_ADMIN
2022-01-08 01:46:35,728 [EndpointStateMachine task thread for /0.0.0.0:40019 - 0 ] INFO  ratis.XceiverServerRatis (XceiverServerRatis.java:getRealPort(505)) - XceiverServerRatis 81a3d3bc-df93-482d-841e-57d386bb5ebf is started using port 40489 for RATIS_SERVER
2022-01-08 01:46:35,729 [org.apache.ratis.util.JvmPauseMonitor$$Lambda$539/2045747304@48aea9f1] INFO  util.JvmPauseMonitor (JvmPauseMonitor.java:run(103)) - JvmPauseMonitor-81a3d3bc-df93-482d-841e-57d386bb5ebf: Started
2022-01-08 01:46:35,744 [EndpointStateMachine task thread for /0.0.0.0:40019 - 0 ] INFO  server.XceiverServerGrpc (XceiverServerGrpc.java:start(180)) - XceiverServerGrpc 81a3d3bc-df93-482d-841e-57d386bb5ebf is started using port 35775
2022-01-08 01:46:35,852 [Listener at 127.0.0.1/40645] INFO  ozone.MiniOzoneClusterImpl (MiniOzoneClusterImpl.java:lambda$waitForClusterToBeReady$0(235)) - Waiting for nodes to be ready. Got 1 of 7 DN Heartbeats.
2022-01-08 01:46:35,852 [Listener at 127.0.0.1/40645] INFO  ozone.MiniOzoneClusterImpl (MiniOzoneClusterImpl.java:lambda$waitForClusterToBeReady$0(238)) - Waiting for cluster to exit safe mode
2022-01-08 01:46:35,852 [Listener at 127.0.0.1/40645] INFO  ozone.MiniOzoneClusterImpl (MiniOzoneClusterImpl.java:lambda$waitForClusterToBeReady$0(240)) - SCM became leader
2022-01-08 01:46:35,909 [EndpointStateMachine task thread for /0.0.0.0:40019 - 0 ] INFO  ozoneimpl.OzoneContainer (OzoneContainer.java:start(315)) - Attempting to start container services.
2022-01-08 01:46:35,909 [EndpointStateMachine task thread for /0.0.0.0:40019 - 0 ] INFO  ozoneimpl.OzoneContainer (OzoneContainer.java:startContainerScrub(250)) - Background container scanner has been disabled.
2022-01-08 01:46:35,909 [EndpointStateMachine task thread for /0.0.0.0:40019 - 0 ] INFO  replication.ReplicationServer (ReplicationServer.java:start(107)) - ReplicationServer is started using port 45487
2022-01-08 01:46:35,912 [EndpointStateMachine task thread for /0.0.0.0:40019 - 0 ] INFO  ratis.XceiverServerRatis (XceiverServerRatis.java:start(484)) - Starting XceiverServerRatis a0cd68b1-75b0-4717-86f8-69ceed32178b
2022-01-08 01:46:35,913 [EndpointStateMachine task thread for /0.0.0.0:40019 - 0 ] INFO  server.RaftServer (RaftServerProxy.java:lambda$start$5(374)) - a0cd68b1-75b0-4717-86f8-69ceed32178b: start RPC server
2022-01-08 01:46:35,919 [EndpointStateMachine task thread for /0.0.0.0:40019 - 0 ] INFO  server.GrpcService (GrpcService.java:startImpl(253)) - a0cd68b1-75b0-4717-86f8-69ceed32178b: GrpcService started, listening on 43001
2022-01-08 01:46:35,922 [EndpointStateMachine task thread for /0.0.0.0:40019 - 0 ] INFO  ratis.XceiverServerRatis (XceiverServerRatis.java:getRealPort(505)) - XceiverServerRatis a0cd68b1-75b0-4717-86f8-69ceed32178b is started using port 43001 for RATIS
2022-01-08 01:46:35,922 [EndpointStateMachine task thread for /0.0.0.0:40019 - 0 ] INFO  ratis.XceiverServerRatis (XceiverServerRatis.java:getRealPort(505)) - XceiverServerRatis a0cd68b1-75b0-4717-86f8-69ceed32178b is started using port 43001 for RATIS_ADMIN
2022-01-08 01:46:35,922 [EndpointStateMachine task thread for /0.0.0.0:40019 - 0 ] INFO  ratis.XceiverServerRatis (XceiverServerRatis.java:getRealPort(505)) - XceiverServerRatis a0cd68b1-75b0-4717-86f8-69ceed32178b is started using port 43001 for RATIS_SERVER
2022-01-08 01:46:35,922 [org.apache.ratis.util.JvmPauseMonitor$$Lambda$539/2045747304@41e4041b] INFO  util.JvmPauseMonitor (JvmPauseMonitor.java:run(103)) - JvmPauseMonitor-a0cd68b1-75b0-4717-86f8-69ceed32178b: Started
2022-01-08 01:46:35,935 [EndpointStateMachine task thread for /0.0.0.0:40019 - 0 ] INFO  server.XceiverServerGrpc (XceiverServerGrpc.java:start(180)) - XceiverServerGrpc a0cd68b1-75b0-4717-86f8-69ceed32178b is started using port 37831
2022-01-08 01:46:35,976 [IPC Server handler 4 on default port 40019] INFO  net.NetworkTopologyImpl (NetworkTopologyImpl.java:add(112)) - Added a new node: /default-rack/9d6916e6-e933-4839-a7aa-b025ed7fd068
2022-01-08 01:46:35,976 [IPC Server handler 4 on default port 40019] INFO  node.SCMNodeManager (SCMNodeManager.java:register(389)) - Registered Data node : 9d6916e6-e933-4839-a7aa-b025ed7fd068{ip: 10.1.0.34, host: fv-az116-279.vzw04321ajxubdbcnpick5nqva.xx.internal.cloudapp.net, ports: [REPLICATION=45495, RATIS=40543, RATIS_ADMIN=40543, RATIS_SERVER=40543, STANDALONE=40997], networkLocation: /default-rack, certSerialId: null, persistedOpState: null, persistedOpStateExpiryEpochSec: 0}
2022-01-08 01:46:35,976 [EventQueue-NewNodeForNewNodeHandler] INFO  pipeline.BackgroundPipelineCreator (BackgroundPipelineCreator.java:notifyEventTriggered(285)) - trigger a one-shot run on RatisPipelineUtilsThread.
2022-01-08 01:46:35,977 [EventQueue-NodeRegistrationContainerReportForDataNodeSafeModeRule] INFO  safemode.SCMSafeModeManager (DataNodeSafeModeRule.java:process(71)) - SCM in safe mode. 2 DataNodes registered, 3 required.
2022-01-08 01:46:35,984 [RatisPipelineUtilsThread - 0] INFO  pipeline.RatisPipelineProvider (RatisPipelineProvider.java:lambda$create$0(183)) - Sending CreatePipelineCommand for pipeline:PipelineID=3c427e93-4362-4243-92cd-f33b4351ac6e to datanode:9d6916e6-e933-4839-a7aa-b025ed7fd068
2022-01-08 01:46:35,984 [RatisPipelineUtilsThread - 0] INFO  pipeline.PipelineStateManagerImpl (PipelineStateManagerImpl.java:addPipeline(101)) - Created pipeline Pipeline[ Id: 3c427e93-4362-4243-92cd-f33b4351ac6e, Nodes: 9d6916e6-e933-4839-a7aa-b025ed7fd068{ip: 10.1.0.34, host: fv-az116-279.vzw04321ajxubdbcnpick5nqva.xx.internal.cloudapp.net, ports: [REPLICATION=45495, RATIS=40543, RATIS_ADMIN=40543, RATIS_SERVER=40543, STANDALONE=40997], networkLocation: /default-rack, certSerialId: null, persistedOpState: IN_SERVICE, persistedOpStateExpiryEpochSec: 0}, ReplicationConfig: RATIS/ONE, State:ALLOCATED, leaderId:, CreationTimestamp2022-01-08T01:46:35.984Z[Etc/UTC]].
2022-01-08 01:46:36,760 [IPC Server handler 3 on default port 40019] INFO  net.NetworkTopologyImpl (NetworkTopologyImpl.java:add(112)) - Added a new node: /default-rack/44471f42-9a01-4764-8909-e7e02c044ebe
2022-01-08 01:46:36,760 [IPC Server handler 3 on default port 40019] INFO  node.SCMNodeManager (SCMNodeManager.java:register(389)) - Registered Data node : 44471f42-9a01-4764-8909-e7e02c044ebe{ip: 10.1.0.34, host: fv-az116-279.vzw04321ajxubdbcnpick5nqva.xx.internal.cloudapp.net, ports: [REPLICATION=36939, RATIS=44109, RATIS_ADMIN=44109, RATIS_SERVER=44109, STANDALONE=34571], networkLocation: /default-rack, certSerialId: null, persistedOpState: null, persistedOpStateExpiryEpochSec: 0}
2022-01-08 01:46:36,761 [EventQueue-NewNodeForNewNodeHandler] INFO  pipeline.BackgroundPipelineCreator (BackgroundPipelineCreator.java:notifyEventTriggered(285)) - trigger a one-shot run on RatisPipelineUtilsThread.
2022-01-08 01:46:36,761 [EventQueue-NodeRegistrationContainerReportForDataNodeSafeModeRule] INFO  safemode.SCMSafeModeManager (DataNodeSafeModeRule.java:process(71)) - SCM in safe mode. 3 DataNodes registered, 3 required.
2022-01-08 01:46:36,761 [EventQueue-NodeRegistrationContainerReportForDataNodeSafeModeRule] INFO  safemode.SCMSafeModeManager (SCMSafeModeManager.java:validateSafeModeExitRules(204)) - DataNodeSafeModeRule rule is successfully validated
2022-01-08 01:46:36,761 [EventQueue-NodeRegistrationContainerReportForDataNodeSafeModeRule] INFO  safemode.SCMSafeModeManager (SCMSafeModeManager.java:completePreCheck(233)) - All SCM safe mode pre check rules have passed
2022-01-08 01:46:36,761 [EventQueue-NodeRegistrationContainerReportForDataNodeSafeModeRule] WARN  events.EventQueue (EventQueue.java:fireEvent(194)) - No event handler registered for event TypedEvent{payloadType=SafeModeStatus, name='Safe mode status'}
2022-01-08 01:46:36,761 [EventQueue-NodeRegistrationContainerReportForDataNodeSafeModeRule] INFO  ha.SCMContext (SCMContext.java:updateSafeModeStatus(211)) - Update SafeModeStatus from SafeModeStatus{safeModeStatus=true, preCheckPassed=false} to SafeModeStatus{safeModeStatus=true, preCheckPassed=true}.
2022-01-08 01:46:36,761 [EventQueue-NodeRegistrationContainerReportForDataNodeSafeModeRule] INFO  pipeline.BackgroundPipelineCreator (BackgroundPipelineCreator.java:notifyEventTriggered(285)) - trigger a one-shot run on RatisPipelineUtilsThread.
2022-01-08 01:46:36,766 [RatisPipelineUtilsThread - 0] INFO  pipeline.RatisPipelineProvider (RatisPipelineProvider.java:lambda$create$0(183)) - Sending CreatePipelineCommand for pipeline:PipelineID=5d32d0ed-d79b-48e3-9bab-43bd03022839 to datanode:44471f42-9a01-4764-8909-e7e02c044ebe
2022-01-08 01:46:36,767 [RatisPipelineUtilsThread - 0] INFO  pipeline.PipelineStateManagerImpl (PipelineStateManagerImpl.java:addPipeline(101)) - Created pipeline Pipeline[ Id: 5d32d0ed-d79b-48e3-9bab-43bd03022839, Nodes: 44471f42-9a01-4764-8909-e7e02c044ebe{ip: 10.1.0.34, host: fv-az116-279.vzw04321ajxubdbcnpick5nqva.xx.internal.cloudapp.net, ports: [REPLICATION=36939, RATIS=44109, RATIS_ADMIN=44109, RATIS_SERVER=44109, STANDALONE=34571], networkLocation: /default-rack, certSerialId: null, persistedOpState: IN_SERVICE, persistedOpStateExpiryEpochSec: 0}, ReplicationConfig: RATIS/ONE, State:ALLOCATED, leaderId:, CreationTimestamp2022-01-08T01:46:36.766Z[Etc/UTC]].
2022-01-08 01:46:36,767 [RatisPipelineUtilsThread - 0] INFO  pipeline.RatisPipelineProvider (RatisPipelineProvider.java:lambda$create$0(183)) - Sending CreatePipelineCommand for pipeline:PipelineID=f6ab5375-c2fe-4a61-b67f-d4b31538e167 to datanode:44471f42-9a01-4764-8909-e7e02c044ebe
2022-01-08 01:46:36,767 [RatisPipelineUtilsThread - 0] INFO  pipeline.RatisPipelineProvider (RatisPipelineProvider.java:lambda$create$0(183)) - Sending CreatePipelineCommand for pipeline:PipelineID=f6ab5375-c2fe-4a61-b67f-d4b31538e167 to datanode:6477641b-710a-49ab-b56b-e0f600eb5c24
2022-01-08 01:46:36,767 [RatisPipelineUtilsThread - 0] INFO  pipeline.RatisPipelineProvider (RatisPipelineProvider.java:lambda$create$0(183)) - Sending CreatePipelineCommand for pipeline:PipelineID=f6ab5375-c2fe-4a61-b67f-d4b31538e167 to datanode:9d6916e6-e933-4839-a7aa-b025ed7fd068
2022-01-08 01:46:36,767 [RatisPipelineUtilsThread - 0] INFO  pipeline.PipelineStateManagerImpl (PipelineStateManagerImpl.java:addPipeline(101)) - Created pipeline Pipeline[ Id: f6ab5375-c2fe-4a61-b67f-d4b31538e167, Nodes: 44471f42-9a01-4764-8909-e7e02c044ebe{ip: 10.1.0.34, host: fv-az116-279.vzw04321ajxubdbcnpick5nqva.xx.internal.cloudapp.net, ports: [REPLICATION=36939, RATIS=44109, RATIS_ADMIN=44109, RATIS_SERVER=44109, STANDALONE=34571], networkLocation: /default-rack, certSerialId: null, persistedOpState: IN_SERVICE, persistedOpStateExpiryEpochSec: 0}6477641b-710a-49ab-b56b-e0f600eb5c24{ip: 10.1.0.34, host: fv-az116-279.vzw04321ajxubdbcnpick5nqva.xx.internal.cloudapp.net, ports: [REPLICATION=32997, RATIS=38417, RATIS_ADMIN=38417, RATIS_SERVER=38417, STANDALONE=42453], networkLocation: /default-rack, certSerialId: null, persistedOpState: IN_SERVICE, persistedOpStateExpiryEpochSec: 0}9d6916e6-e933-4839-a7aa-b025ed7fd068{ip: 10.1.0.34, host: fv-az116-279.vzw04321ajxubdbcnpick5nqva.xx.internal.cloudapp.net, ports: [REPLICATION=45495, RATIS=40543, RATIS_ADMIN=40543, RATIS_SERVER=40543, STANDALONE=40997], networkLocation: /default-rack, certSerialId: null, persistedOpState: IN_SERVICE, persistedOpStateExpiryEpochSec: 0}, ReplicationConfig: RATIS/THREE, State:ALLOCATED, leaderId:, CreationTimestamp2022-01-08T01:46:36.767Z[Etc/UTC]].
2022-01-08 01:46:36,779 [RatisPipelineUtilsThread - 0] INFO  pipeline.RatisPipelineProvider (RatisPipelineProvider.java:lambda$create$0(183)) - Sending CreatePipelineCommand for pipeline:PipelineID=ebe7d31a-a166-4fb1-b6b3-04e649e6ef01 to datanode:44471f42-9a01-4764-8909-e7e02c044ebe
2022-01-08 01:46:36,780 [RatisPipelineUtilsThread - 0] INFO  pipeline.RatisPipelineProvider (RatisPipelineProvider.java:lambda$create$0(183)) - Sending CreatePipelineCommand for pipeline:PipelineID=ebe7d31a-a166-4fb1-b6b3-04e649e6ef01 to datanode:9d6916e6-e933-4839-a7aa-b025ed7fd068
2022-01-08 01:46:36,780 [RatisPipelineUtilsThread - 0] INFO  pipeline.RatisPipelineProvider (RatisPipelineProvider.java:lambda$create$0(183)) - Sending CreatePipelineCommand for pipeline:PipelineID=ebe7d31a-a166-4fb1-b6b3-04e649e6ef01 to datanode:6477641b-710a-49ab-b56b-e0f600eb5c24
2022-01-08 01:46:36,780 [RatisPipelineUtilsThread - 0] INFO  pipeline.PipelineStateManagerImpl (PipelineStateManagerImpl.java:addPipeline(101)) - Created pipeline Pipeline[ Id: ebe7d31a-a166-4fb1-b6b3-04e649e6ef01, Nodes: 44471f42-9a01-4764-8909-e7e02c044ebe{ip: 10.1.0.34, host: fv-az116-279.vzw04321ajxubdbcnpick5nqva.xx.internal.cloudapp.net, ports: [REPLICATION=36939, RATIS=44109, RATIS_ADMIN=44109, RATIS_SERVER=44109, STANDALONE=34571], networkLocation: /default-rack, certSerialId: null, persistedOpState: IN_SERVICE, persistedOpStateExpiryEpochSec: 0}9d6916e6-e933-4839-a7aa-b025ed7fd068{ip: 10.1.0.34, host: fv-az116-279.vzw04321ajxubdbcnpick5nqva.xx.internal.cloudapp.net, ports: [REPLICATION=45495, RATIS=40543, RATIS_ADMIN=40543, RATIS_SERVER=40543, STANDALONE=40997], networkLocation: /default-rack, certSerialId: null, persistedOpState: IN_SERVICE, persistedOpStateExpiryEpochSec: 0}6477641b-710a-49ab-b56b-e0f600eb5c24{ip: 10.1.0.34, host: fv-az116-279.vzw04321ajxubdbcnpick5nqva.xx.internal.cloudapp.net, ports: [REPLICATION=32997, RATIS=38417, RATIS_ADMIN=38417, RATIS_SERVER=38417, STANDALONE=42453], networkLocation: /default-rack, certSerialId: null, persistedOpState: IN_SERVICE, persistedOpStateExpiryEpochSec: 0}, ReplicationConfig: RATIS/THREE, State:ALLOCATED, leaderId:, CreationTimestamp2022-01-08T01:46:36.779Z[Etc/UTC]].
2022-01-08 01:46:36,783 [RatisPipelineUtilsThread - 0] INFO  pipeline.PipelineManagerImpl (PipelineManagerImpl.java:recordMetricsForPipeline(639)) - Pipeline: PipelineID=ebe7d31a-a166-4fb1-b6b3-04e649e6ef01 contains same datanodes as previous pipelines: PipelineID=f6ab5375-c2fe-4a61-b67f-d4b31538e167 nodeIds: 44471f42-9a01-4764-8909-e7e02c044ebe, 9d6916e6-e933-4839-a7aa-b025ed7fd068, 6477641b-710a-49ab-b56b-e0f600eb5c24
2022-01-08 01:46:36,784 [RatisPipelineUtilsThread - 0] INFO  pipeline.RatisPipelineProvider (RatisPipelineProvider.java:lambda$create$0(183)) - Sending CreatePipelineCommand for pipeline:PipelineID=f2ed03a6-aac7-4283-93ce-ab80fe323eb3 to datanode:6477641b-710a-49ab-b56b-e0f600eb5c24
2022-01-08 01:46:36,784 [RatisPipelineUtilsThread - 0] INFO  pipeline.RatisPipelineProvider (RatisPipelineProvider.java:lambda$create$0(183)) - Sending CreatePipelineCommand for pipeline:PipelineID=f2ed03a6-aac7-4283-93ce-ab80fe323eb3 to datanode:44471f42-9a01-4764-8909-e7e02c044ebe
2022-01-08 01:46:36,784 [RatisPipelineUtilsThread - 0] INFO  pipeline.RatisPipelineProvider (RatisPipelineProvider.java:lambda$create$0(183)) - Sending CreatePipelineCommand for pipeline:PipelineID=f2ed03a6-aac7-4283-93ce-ab80fe323eb3 to datanode:9d6916e6-e933-4839-a7aa-b025ed7fd068
2022-01-08 01:46:36,785 [RatisPipelineUtilsThread - 0] INFO  pipeline.PipelineStateManagerImpl (PipelineStateManagerImpl.java:addPipeline(101)) - Created pipeline Pipeline[ Id: f2ed03a6-aac7-4283-93ce-ab80fe323eb3, Nodes: 6477641b-710a-49ab-b56b-e0f600eb5c24{ip: 10.1.0.34, host: fv-az116-279.vzw04321ajxubdbcnpick5nqva.xx.internal.cloudapp.net, ports: [REPLICATION=32997, RATIS=38417, RATIS_ADMIN=38417, RATIS_SERVER=38417, STANDALONE=42453], networkLocation: /default-rack, certSerialId: null, persistedOpState: IN_SERVICE, persistedOpStateExpiryEpochSec: 0}44471f42-9a01-4764-8909-e7e02c044ebe{ip: 10.1.0.34, host: fv-az116-279.vzw04321ajxubdbcnpick5nqva.xx.internal.cloudapp.net, ports: [REPLICATION=36939, RATIS=44109, RATIS_ADMIN=44109, RATIS_SERVER=44109, STANDALONE=34571], networkLocation: /default-rack, certSerialId: null, persistedOpState: IN_SERVICE, persistedOpStateExpiryEpochSec: 0}9d6916e6-e933-4839-a7aa-b025ed7fd068{ip: 10.1.0.34, host: fv-az116-279.vzw04321ajxubdbcnpick5nqva.xx.internal.cloudapp.net, ports: [REPLICATION=45495, RATIS=40543, RATIS_ADMIN=40543, RATIS_SERVER=40543, STANDALONE=40997], networkLocation: /default-rack, certSerialId: null, persistedOpState: IN_SERVICE, persistedOpStateExpiryEpochSec: 0}, ReplicationConfig: RATIS/THREE, State:ALLOCATED, leaderId:, CreationTimestamp2022-01-08T01:46:36.783Z[Etc/UTC]].
2022-01-08 01:46:36,786 [RatisPipelineUtilsThread - 0] INFO  pipeline.PipelineManagerImpl (PipelineManagerImpl.java:recordMetricsForPipeline(639)) - Pipeline: PipelineID=f2ed03a6-aac7-4283-93ce-ab80fe323eb3 contains same datanodes as previous pipelines: PipelineID=f6ab5375-c2fe-4a61-b67f-d4b31538e167 nodeIds: 6477641b-710a-49ab-b56b-e0f600eb5c24, 44471f42-9a01-4764-8909-e7e02c044ebe, 9d6916e6-e933-4839-a7aa-b025ed7fd068
2022-01-08 01:46:36,786 [RatisPipelineUtilsThread - 0] INFO  pipeline.PipelineManagerImpl (PipelineManagerImpl.java:recordMetricsForPipeline(639)) - Pipeline: PipelineID=f2ed03a6-aac7-4283-93ce-ab80fe323eb3 contains same datanodes as previous pipelines: PipelineID=ebe7d31a-a166-4fb1-b6b3-04e649e6ef01 nodeIds: 6477641b-710a-49ab-b56b-e0f600eb5c24, 44471f42-9a01-4764-8909-e7e02c044ebe, 9d6916e6-e933-4839-a7aa-b025ed7fd068
2022-01-08 01:46:36,852 [Listener at 127.0.0.1/40645] INFO  ozone.MiniOzoneClusterImpl (MiniOzoneClusterImpl.java:lambda$waitForClusterToBeReady$0(235)) - Waiting for nodes to be ready. Got 3 of 7 DN Heartbeats.
2022-01-08 01:46:36,852 [Listener at 127.0.0.1/40645] INFO  ozone.MiniOzoneClusterImpl (MiniOzoneClusterImpl.java:lambda$waitForClusterToBeReady$0(238)) - Waiting for cluster to exit safe mode
2022-01-08 01:46:36,853 [Listener at 127.0.0.1/40645] INFO  ozone.MiniOzoneClusterImpl (MiniOzoneClusterImpl.java:lambda$waitForClusterToBeReady$0(240)) - SCM became leader
2022-01-08 01:46:37,164 [IPC Server handler 5 on default port 40019] INFO  net.NetworkTopologyImpl (NetworkTopologyImpl.java:add(112)) - Added a new node: /default-rack/46dea062-dbed-4f29-9927-38d96de780a1
2022-01-08 01:46:37,164 [IPC Server handler 5 on default port 40019] INFO  node.SCMNodeManager (SCMNodeManager.java:register(389)) - Registered Data node : 46dea062-dbed-4f29-9927-38d96de780a1{ip: 10.1.0.34, host: fv-az116-279.vzw04321ajxubdbcnpick5nqva.xx.internal.cloudapp.net, ports: [REPLICATION=42195, RATIS=40963, RATIS_ADMIN=40963, RATIS_SERVER=40963, STANDALONE=39759], networkLocation: /default-rack, certSerialId: null, persistedOpState: null, persistedOpStateExpiryEpochSec: 0}
2022-01-08 01:46:37,166 [EventQueue-NewNodeForNewNodeHandler] INFO  pipeline.BackgroundPipelineCreator (BackgroundPipelineCreator.java:notifyEventTriggered(285)) - trigger a one-shot run on RatisPipelineUtilsThread.
2022-01-08 01:46:37,167 [RatisPipelineUtilsThread - 0] INFO  pipeline.RatisPipelineProvider (RatisPipelineProvider.java:lambda$create$0(183)) - Sending CreatePipelineCommand for pipeline:PipelineID=07045353-53d7-48c2-843c-5c48197daf44 to datanode:46dea062-dbed-4f29-9927-38d96de780a1
2022-01-08 01:46:37,167 [RatisPipelineUtilsThread - 0] INFO  pipeline.PipelineStateManagerImpl (PipelineStateManagerImpl.java:addPipeline(101)) - Created pipeline Pipeline[ Id: 07045353-53d7-48c2-843c-5c48197daf44, Nodes: 46dea062-dbed-4f29-9927-38d96de780a1{ip: 10.1.0.34, host: fv-az116-279.vzw04321ajxubdbcnpick5nqva.xx.internal.cloudapp.net, ports: [REPLICATION=42195, RATIS=40963, RATIS_ADMIN=40963, RATIS_SERVER=40963, STANDALONE=39759], networkLocation: /default-rack, certSerialId: null, persistedOpState: IN_SERVICE, persistedOpStateExpiryEpochSec: 0}, ReplicationConfig: RATIS/ONE, State:ALLOCATED, leaderId:, CreationTimestamp2022-01-08T01:46:37.167Z[Etc/UTC]].
2022-01-08 01:46:37,369 [IPC Server handler 0 on default port 40019] INFO  net.NetworkTopologyImpl (NetworkTopologyImpl.java:add(112)) - Added a new node: /default-rack/a6c260a2-0fcb-4cbe-bb3c-7bbe6bc0f1a0
2022-01-08 01:46:37,369 [IPC Server handler 0 on default port 40019] INFO  node.SCMNodeManager (SCMNodeManager.java:register(389)) - Registered Data node : a6c260a2-0fcb-4cbe-bb3c-7bbe6bc0f1a0{ip: 10.1.0.34, host: fv-az116-279.vzw04321ajxubdbcnpick5nqva.xx.internal.cloudapp.net, ports: [REPLICATION=46817, RATIS=44223, RATIS_ADMIN=44223, RATIS_SERVER=44223, STANDALONE=36635], networkLocation: /default-rack, certSerialId: null, persistedOpState: null, persistedOpStateExpiryEpochSec: 0}
2022-01-08 01:46:37,369 [EventQueue-NewNodeForNewNodeHandler] INFO  pipeline.BackgroundPipelineCreator (BackgroundPipelineCreator.java:notifyEventTriggered(285)) - trigger a one-shot run on RatisPipelineUtilsThread.
2022-01-08 01:46:37,371 [RatisPipelineUtilsThread - 0] INFO  pipeline.RatisPipelineProvider (RatisPipelineProvider.java:lambda$create$0(183)) - Sending CreatePipelineCommand for pipeline:PipelineID=3da49daf-5669-450e-8f63-4ec77f673555 to datanode:a6c260a2-0fcb-4cbe-bb3c-7bbe6bc0f1a0
2022-01-08 01:46:37,371 [RatisPipelineUtilsThread - 0] INFO  pipeline.PipelineStateManagerImpl (PipelineStateManagerImpl.java:addPipeline(101)) - Created pipeline Pipeline[ Id: 3da49daf-5669-450e-8f63-4ec77f673555, Nodes: a6c260a2-0fcb-4cbe-bb3c-7bbe6bc0f1a0{ip: 10.1.0.34, host: fv-az116-279.vzw04321ajxubdbcnpick5nqva.xx.internal.cloudapp.net, ports: [REPLICATION=46817, RATIS=44223, RATIS_ADMIN=44223, RATIS_SERVER=44223, STANDALONE=36635], networkLocation: /default-rack, certSerialId: null, persistedOpState: IN_SERVICE, persistedOpStateExpiryEpochSec: 0}, ReplicationConfig: RATIS/ONE, State:ALLOCATED, leaderId:, CreationTimestamp2022-01-08T01:46:37.370Z[Etc/UTC]].
2022-01-08 01:46:37,652 [IPC Server handler 2 on default port 40019] INFO  net.NetworkTopologyImpl (NetworkTopologyImpl.java:add(112)) - Added a new node: /default-rack/81a3d3bc-df93-482d-841e-57d386bb5ebf
2022-01-08 01:46:37,652 [IPC Server handler 2 on default port 40019] INFO  node.SCMNodeManager (SCMNodeManager.java:register(389)) - Registered Data node : 81a3d3bc-df93-482d-841e-57d386bb5ebf{ip: 10.1.0.34, host: fv-az116-279.vzw04321ajxubdbcnpick5nqva.xx.internal.cloudapp.net, ports: [REPLICATION=40371, RATIS=40489, RATIS_ADMIN=40489, RATIS_SERVER=40489, STANDALONE=35775], networkLocation: /default-rack, certSerialId: null, persistedOpState: null, persistedOpStateExpiryEpochSec: 0}
2022-01-08 01:46:37,652 [EventQueue-NewNodeForNewNodeHandler] INFO  pipeline.BackgroundPipelineCreator (BackgroundPipelineCreator.java:notifyEventTriggered(285)) - trigger a one-shot run on RatisPipelineUtilsThread.
2022-01-08 01:46:37,653 [RatisPipelineUtilsThread - 0] INFO  pipeline.RatisPipelineProvider (RatisPipelineProvider.java:lambda$create$0(183)) - Sending CreatePipelineCommand for pipeline:PipelineID=1d1fcdb2-5ca5-44eb-8b21-901439e60dcf to datanode:81a3d3bc-df93-482d-841e-57d386bb5ebf
2022-01-08 01:46:37,653 [RatisPipelineUtilsThread - 0] INFO  pipeline.PipelineStateManagerImpl (PipelineStateManagerImpl.java:addPipeline(101)) - Created pipeline Pipeline[ Id: 1d1fcdb2-5ca5-44eb-8b21-901439e60dcf, Nodes: 81a3d3bc-df93-482d-841e-57d386bb5ebf{ip: 10.1.0.34, host: fv-az116-279.vzw04321ajxubdbcnpick5nqva.xx.internal.cloudapp.net, ports: [REPLICATION=40371, RATIS=40489, RATIS_ADMIN=40489, RATIS_SERVER=40489, STANDALONE=35775], networkLocation: /default-rack, certSerialId: null, persistedOpState: IN_SERVICE, persistedOpStateExpiryEpochSec: 0}, ReplicationConfig: RATIS/ONE, State:ALLOCATED, leaderId:, CreationTimestamp2022-01-08T01:46:37.653Z[Etc/UTC]].
2022-01-08 01:46:37,653 [RatisPipelineUtilsThread - 0] INFO  pipeline.RatisPipelineProvider (RatisPipelineProvider.java:lambda$create$0(183)) - Sending CreatePipelineCommand for pipeline:PipelineID=11e6a4f4-e93b-49ef-a845-e4867fac98dd to datanode:46dea062-dbed-4f29-9927-38d96de780a1
2022-01-08 01:46:37,653 [RatisPipelineUtilsThread - 0] INFO  pipeline.RatisPipelineProvider (RatisPipelineProvider.java:lambda$create$0(183)) - Sending CreatePipelineCommand for pipeline:PipelineID=11e6a4f4-e93b-49ef-a845-e4867fac98dd to datanode:a6c260a2-0fcb-4cbe-bb3c-7bbe6bc0f1a0
2022-01-08 01:46:37,653 [RatisPipelineUtilsThread - 0] INFO  pipeline.RatisPipelineProvider (RatisPipelineProvider.java:lambda$create$0(183)) - Sending CreatePipelineCommand for pipeline:PipelineID=11e6a4f4-e93b-49ef-a845-e4867fac98dd to datanode:81a3d3bc-df93-482d-841e-57d386bb5ebf
2022-01-08 01:46:37,654 [RatisPipelineUtilsThread - 0] INFO  pipeline.PipelineStateManagerImpl (PipelineStateManagerImpl.java:addPipeline(101)) - Created pipeline Pipeline[ Id: 11e6a4f4-e93b-49ef-a845-e4867fac98dd, Nodes: 46dea062-dbed-4f29-9927-38d96de780a1{ip: 10.1.0.34, host: fv-az116-279.vzw04321ajxubdbcnpick5nqva.xx.internal.cloudapp.net, ports: [REPLICATION=42195, RATIS=40963, RATIS_ADMIN=40963, RATIS_SERVER=40963, STANDALONE=39759], networkLocation: /default-rack, certSerialId: null, persistedOpState: IN_SERVICE, persistedOpStateExpiryEpochSec: 0}a6c260a2-0fcb-4cbe-bb3c-7bbe6bc0f1a0{ip: 10.1.0.34, host: fv-az116-279.vzw04321ajxubdbcnpick5nqva.xx.internal.cloudapp.net, ports: [REPLICATION=46817, RATIS=44223, RATIS_ADMIN=44223, RATIS_SERVER=44223, STANDALONE=36635], networkLocation: /default-rack, certSerialId: null, persistedOpState: IN_SERVICE, persistedOpStateExpiryEpochSec: 0}81a3d3bc-df93-482d-841e-57d386bb5ebf{ip: 10.1.0.34, host: fv-az116-279.vzw04321ajxubdbcnpick5nqva.xx.internal.cloudapp.net, ports: [REPLICATION=40371, RATIS=40489, RATIS_ADMIN=40489, RATIS_SERVER=40489, STANDALONE=35775], networkLocation: /default-rack, certSerialId: null, persistedOpState: IN_SERVICE, persistedOpStateExpiryEpochSec: 0}, ReplicationConfig: RATIS/THREE, State:ALLOCATED, leaderId:, CreationTimestamp2022-01-08T01:46:37.653Z[Etc/UTC]].
2022-01-08 01:46:37,654 [RatisPipelineUtilsThread - 0] INFO  pipeline.RatisPipelineProvider (RatisPipelineProvider.java:lambda$create$0(183)) - Sending CreatePipelineCommand for pipeline:PipelineID=ed7d7f98-d33b-43a4-b8f6-53a1d7cf6d66 to datanode:46dea062-dbed-4f29-9927-38d96de780a1
2022-01-08 01:46:37,654 [RatisPipelineUtilsThread - 0] INFO  pipeline.RatisPipelineProvider (RatisPipelineProvider.java:lambda$create$0(183)) - Sending CreatePipelineCommand for pipeline:PipelineID=ed7d7f98-d33b-43a4-b8f6-53a1d7cf6d66 to datanode:a6c260a2-0fcb-4cbe-bb3c-7bbe6bc0f1a0
2022-01-08 01:46:37,654 [RatisPipelineUtilsThread - 0] INFO  pipeline.RatisPipelineProvider (RatisPipelineProvider.java:lambda$create$0(183)) - Sending CreatePipelineCommand for pipeline:PipelineID=ed7d7f98-d33b-43a4-b8f6-53a1d7cf6d66 to datanode:81a3d3bc-df93-482d-841e-57d386bb5ebf
2022-01-08 01:46:37,654 [RatisPipelineUtilsThread - 0] INFO  pipeline.PipelineStateManagerImpl (PipelineStateManagerImpl.java:addPipeline(101)) - Created pipeline Pipeline[ Id: ed7d7f98-d33b-43a4-b8f6-53a1d7cf6d66, Nodes: 46dea062-dbed-4f29-9927-38d96de780a1{ip: 10.1.0.34, host: fv-az116-279.vzw04321ajxubdbcnpick5nqva.xx.internal.cloudapp.net, ports: [REPLICATION=42195, RATIS=40963, RATIS_ADMIN=40963, RATIS_SERVER=40963, STANDALONE=39759], networkLocation: /default-rack, certSerialId: null, persistedOpState: IN_SERVICE, persistedOpStateExpiryEpochSec: 0}a6c260a2-0fcb-4cbe-bb3c-7bbe6bc0f1a0{ip: 10.1.0.34, host: fv-az116-279.vzw04321ajxubdbcnpick5nqva.xx.internal.cloudapp.net, ports: [REPLICATION=46817, RATIS=44223, RATIS_ADMIN=44223, RATIS_SERVER=44223, STANDALONE=36635], networkLocation: /default-rack, certSerialId: null, persistedOpState: IN_SERVICE, persistedOpStateExpiryEpochSec: 0}81a3d3bc-df93-482d-841e-57d386bb5ebf{ip: 10.1.0.34, host: fv-az116-279.vzw04321ajxubdbcnpick5nqva.xx.internal.cloudapp.net, ports: [REPLICATION=40371, RATIS=40489, RATIS_ADMIN=40489, RATIS_SERVER=40489, STANDALONE=35775], networkLocation: /default-rack, certSerialId: null, persistedOpState: IN_SERVICE, persistedOpStateExpiryEpochSec: 0}, ReplicationConfig: RATIS/THREE, State:ALLOCATED, leaderId:, CreationTimestamp2022-01-08T01:46:37.654Z[Etc/UTC]].
2022-01-08 01:46:37,656 [RatisPipelineUtilsThread - 0] INFO  pipeline.PipelineManagerImpl (PipelineManagerImpl.java:recordMetricsForPipeline(639)) - Pipeline: PipelineID=ed7d7f98-d33b-43a4-b8f6-53a1d7cf6d66 contains same datanodes as previous pipelines: PipelineID=11e6a4f4-e93b-49ef-a845-e4867fac98dd nodeIds: 46dea062-dbed-4f29-9927-38d96de780a1, a6c260a2-0fcb-4cbe-bb3c-7bbe6bc0f1a0, 81a3d3bc-df93-482d-841e-57d386bb5ebf
2022-01-08 01:46:37,657 [RatisPipelineUtilsThread - 0] INFO  pipeline.RatisPipelineProvider (RatisPipelineProvider.java:lambda$create$0(183)) - Sending CreatePipelineCommand for pipeline:PipelineID=f15b3aaa-cebb-4a2e-9180-225dce1d33ee to datanode:81a3d3bc-df93-482d-841e-57d386bb5ebf
2022-01-08 01:46:37,657 [RatisPipelineUtilsThread - 0] INFO  pipeline.RatisPipelineProvider (RatisPipelineProvider.java:lambda$create$0(183)) - Sending CreatePipelineCommand for pipeline:PipelineID=f15b3aaa-cebb-4a2e-9180-225dce1d33ee to datanode:46dea062-dbed-4f29-9927-38d96de780a1
2022-01-08 01:46:37,657 [RatisPipelineUtilsThread - 0] INFO  pipeline.RatisPipelineProvider (RatisPipelineProvider.java:lambda$create$0(183)) - Sending CreatePipelineCommand for pipeline:PipelineID=f15b3aaa-cebb-4a2e-9180-225dce1d33ee to datanode:a6c260a2-0fcb-4cbe-bb3c-7bbe6bc0f1a0
2022-01-08 01:46:37,658 [RatisPipelineUtilsThread - 0] INFO  pipeline.PipelineStateManagerImpl (PipelineStateManagerImpl.java:addPipeline(101)) - Created pipeline Pipeline[ Id: f15b3aaa-cebb-4a2e-9180-225dce1d33ee, Nodes: 81a3d3bc-df93-482d-841e-57d386bb5ebf{ip: 10.1.0.34, host: fv-az116-279.vzw04321ajxubdbcnpick5nqva.xx.internal.cloudapp.net, ports: [REPLICATION=40371, RATIS=40489, RATIS_ADMIN=40489, RATIS_SERVER=40489, STANDALONE=35775], networkLocation: /default-rack, certSerialId: null, persistedOpState: IN_SERVICE, persistedOpStateExpiryEpochSec: 0}46dea062-dbed-4f29-9927-38d96de780a1{ip: 10.1.0.34, host: fv-az116-279.vzw04321ajxubdbcnpick5nqva.xx.internal.cloudapp.net, ports: [REPLICATION=42195, RATIS=40963, RATIS_ADMIN=40963, RATIS_SERVER=40963, STANDALONE=39759], networkLocation: /default-rack, certSerialId: null, persistedOpState: IN_SERVICE, persistedOpStateExpiryEpochSec: 0}a6c260a2-0fcb-4cbe-bb3c-7bbe6bc0f1a0{ip: 10.1.0.34, host: fv-az116-279.vzw04321ajxubdbcnpick5nqva.xx.internal.cloudapp.net, ports: [REPLICATION=46817, RATIS=44223, RATIS_ADMIN=44223, RATIS_SERVER=44223, STANDALONE=36635], networkLocation: /default-rack, certSerialId: null, persistedOpState: IN_SERVICE, persistedOpStateExpiryEpochSec: 0}, ReplicationConfig: RATIS/THREE, State:ALLOCATED, leaderId:, CreationTimestamp2022-01-08T01:46:37.657Z[Etc/UTC]].
2022-01-08 01:46:37,658 [RatisPipelineUtilsThread - 0] INFO  pipeline.PipelineManagerImpl (PipelineManagerImpl.java:recordMetricsForPipeline(639)) - Pipeline: PipelineID=f15b3aaa-cebb-4a2e-9180-225dce1d33ee contains same datanodes as previous pipelines: PipelineID=ed7d7f98-d33b-43a4-b8f6-53a1d7cf6d66 nodeIds: 81a3d3bc-df93-482d-841e-57d386bb5ebf, 46dea062-dbed-4f29-9927-38d96de780a1, a6c260a2-0fcb-4cbe-bb3c-7bbe6bc0f1a0
2022-01-08 01:46:37,658 [RatisPipelineUtilsThread - 0] INFO  pipeline.PipelineManagerImpl (PipelineManagerImpl.java:recordMetricsForPipeline(639)) - Pipeline: PipelineID=f15b3aaa-cebb-4a2e-9180-225dce1d33ee contains same datanodes as previous pipelines: PipelineID=11e6a4f4-e93b-49ef-a845-e4867fac98dd nodeIds: 81a3d3bc-df93-482d-841e-57d386bb5ebf, 46dea062-dbed-4f29-9927-38d96de780a1, a6c260a2-0fcb-4cbe-bb3c-7bbe6bc0f1a0
2022-01-08 01:46:37,855 [Listener at 127.0.0.1/40645] INFO  ozone.MiniOzoneClusterImpl (MiniOzoneClusterImpl.java:lambda$waitForClusterToBeReady$0(235)) - Waiting for nodes to be ready. Got 6 of 7 DN Heartbeats.
2022-01-08 01:46:37,855 [Listener at 127.0.0.1/40645] INFO  ozone.MiniOzoneClusterImpl (MiniOzoneClusterImpl.java:lambda$waitForClusterToBeReady$0(238)) - Waiting for cluster to exit safe mode
2022-01-08 01:46:37,856 [Listener at 127.0.0.1/40645] INFO  ozone.MiniOzoneClusterImpl (MiniOzoneClusterImpl.java:lambda$waitForClusterToBeReady$0(240)) - SCM became leader
2022-01-08 01:46:37,883 [IPC Server handler 4 on default port 40019] INFO  net.NetworkTopologyImpl (NetworkTopologyImpl.java:add(112)) - Added a new node: /default-rack/a0cd68b1-75b0-4717-86f8-69ceed32178b
2022-01-08 01:46:37,883 [IPC Server handler 4 on default port 40019] INFO  node.SCMNodeManager (SCMNodeManager.java:register(389)) - Registered Data node : a0cd68b1-75b0-4717-86f8-69ceed32178b{ip: 10.1.0.34, host: fv-az116-279.vzw04321ajxubdbcnpick5nqva.xx.internal.cloudapp.net, ports: [REPLICATION=45487, RATIS=43001, RATIS_ADMIN=43001, RATIS_SERVER=43001, STANDALONE=37831], networkLocation: /default-rack, certSerialId: null, persistedOpState: null, persistedOpStateExpiryEpochSec: 0}
2022-01-08 01:46:37,884 [EventQueue-NewNodeForNewNodeHandler] INFO  pipeline.BackgroundPipelineCreator (BackgroundPipelineCreator.java:notifyEventTriggered(285)) - trigger a one-shot run on RatisPipelineUtilsThread.
2022-01-08 01:46:37,884 [RatisPipelineUtilsThread - 0] INFO  pipeline.RatisPipelineProvider (RatisPipelineProvider.java:lambda$create$0(183)) - Sending CreatePipelineCommand for pipeline:PipelineID=5bf4701b-80ba-4d85-8f7b-2547dcd1978d to datanode:a0cd68b1-75b0-4717-86f8-69ceed32178b
2022-01-08 01:46:37,885 [RatisPipelineUtilsThread - 0] INFO  pipeline.PipelineStateManagerImpl (PipelineStateManagerImpl.java:addPipeline(101)) - Created pipeline Pipeline[ Id: 5bf4701b-80ba-4d85-8f7b-2547dcd1978d, Nodes: a0cd68b1-75b0-4717-86f8-69ceed32178b{ip: 10.1.0.34, host: fv-az116-279.vzw04321ajxubdbcnpick5nqva.xx.internal.cloudapp.net, ports: [REPLICATION=45487, RATIS=43001, RATIS_ADMIN=43001, RATIS_SERVER=43001, STANDALONE=37831], networkLocation: /default-rack, certSerialId: null, persistedOpState: IN_SERVICE, persistedOpStateExpiryEpochSec: 0}, ReplicationConfig: RATIS/ONE, State:ALLOCATED, leaderId:, CreationTimestamp2022-01-08T01:46:37.884Z[Etc/UTC]].
2022-01-08 01:46:38,479 [Command processor thread] INFO  server.RaftServer (RaftServerProxy.java:addNew(95)) - 6477641b-710a-49ab-b56b-e0f600eb5c24: addNew group-0140CC601DFD:[6477641b-710a-49ab-b56b-e0f600eb5c24|rpc:10.1.0.34:38417|priority:1] returns group-0140CC601DFD:java.util.concurrent.CompletableFuture@1d00e656[Not completed]
2022-01-08 01:46:38,489 [pool-551-thread-1] INFO  server.RaftServer$Division (RaftServerImpl.java:<init>(184)) - 6477641b-710a-49ab-b56b-e0f600eb5c24: new RaftServerImpl for group-0140CC601DFD:[6477641b-710a-49ab-b56b-e0f600eb5c24|rpc:10.1.0.34:38417|priority:1] with ContainerStateMachine:uninitialized
2022-01-08 01:46:38,536 [pool-551-thread-1] INFO  server.RaftServerConfigKeys (ConfUtils.java:logGet(44)) - raft.server.rpc.timeout.min = 5s (custom)
2022-01-08 01:46:38,536 [pool-551-thread-1] INFO  server.RaftServerConfigKeys (ConfUtils.java:logGet(44)) - raft.server.rpc.timeout.max = 5200ms (custom)
2022-01-08 01:46:38,536 [pool-551-thread-1] INFO  server.RaftServerConfigKeys (ConfUtils.java:logGet(44)) - raft.server.rpc.sleep.time = 25ms (default)
2022-01-08 01:46:38,536 [pool-551-thread-1] INFO  server.RaftServerConfigKeys (ConfUtils.java:logGet(44)) - raft.server.rpc.slowness.timeout = 300000ms (custom)
2022-01-08 01:46:38,536 [pool-551-thread-1] INFO  server.RaftServerConfigKeys (ConfUtils.java:logGet(44)) - raft.server.leaderelection.leader.step-down.wait-time = 10s (default)
2022-01-08 01:46:38,536 [pool-551-thread-1] INFO  server.RaftServerConfigKeys (ConfUtils.java:logGet(44)) - raft.server.sleep.deviation.threshold = 300ms (default)
2022-01-08 01:46:38,536 [pool-551-thread-1] INFO  server.RaftServerConfigKeys (ConfUtils.java:logGet(44)) - raft.server.log.appender.install.snapshot.enabled = false (custom)
2022-01-08 01:46:38,543 [pool-551-thread-1] INFO  server.RaftServer$Division (ServerState.java:<init>(105)) - 6477641b-710a-49ab-b56b-e0f600eb5c24@group-0140CC601DFD: ConfigurationManager, init=-1: [6477641b-710a-49ab-b56b-e0f600eb5c24|rpc:10.1.0.34:38417|priority:1], old=null, confs=<EMPTY_MAP>
2022-01-08 01:46:38,543 [pool-551-thread-1] INFO  server.RaftServerConfigKeys (ConfUtils.java:logGet(44)) - raft.server.storage.dir = [/home/runner/work/ozone/ozone/hadoop-ozone/integration-test/target/test-dir/MiniOzoneClusterImpl-6a132c25-3902-4d06-b1e4-79a7ed3e0f57/datanode-0/data/ratis] (custom)
2022-01-08 01:46:38,544 [pool-551-thread-1] INFO  server.RaftServerConfigKeys (ConfUtils.java:logGet(44)) - raft.server.log.corruption.policy = EXCEPTION (default)
2022-01-08 01:46:38,544 [pool-551-thread-1] INFO  server.RaftServerConfigKeys (ConfUtils.java:logGet(44)) - raft.server.storage.free-space.min = 0MB (=0) (default)
2022-01-08 01:46:38,544 [pool-551-thread-1] INFO  storage.RaftStorageDirectory (RaftStorageDirectoryImpl.java:analyzeStorage(135)) - The storage directory /home/runner/work/ozone/ozone/hadoop-ozone/integration-test/target/test-dir/MiniOzoneClusterImpl-6a132c25-3902-4d06-b1e4-79a7ed3e0f57/datanode-0/data/ratis/bf4d661f-df7b-4090-a893-0140cc601dfd does not exist. Creating ...
2022-01-08 01:46:38,546 [pool-551-thread-1] INFO  storage.RaftStorageDirectory (RaftStorageDirectoryImpl.java:tryLock(230)) - Lock on /home/runner/work/ozone/ozone/hadoop-ozone/integration-test/target/test-dir/MiniOzoneClusterImpl-6a132c25-3902-4d06-b1e4-79a7ed3e0f57/datanode-0/data/ratis/bf4d661f-df7b-4090-a893-0140cc601dfd/in_use.lock acquired by nodename 32692@fv-az116-279
2022-01-08 01:46:38,552 [pool-551-thread-1] INFO  storage.RaftStorage (RaftStorageImpl.java:format(89)) - Storage directory /home/runner/work/ozone/ozone/hadoop-ozone/integration-test/target/test-dir/MiniOzoneClusterImpl-6a132c25-3902-4d06-b1e4-79a7ed3e0f57/datanode-0/data/ratis/bf4d661f-df7b-4090-a893-0140cc601dfd has been successfully formatted.
2022-01-08 01:46:38,582 [pool-551-thread-1] INFO  ratis.ContainerStateMachine (ContainerStateMachine.java:loadSnapshot(231)) - group-0140CC601DFD: The snapshot info is null. Setting the last applied indexto:(t:0, i:~)
2022-01-08 01:46:38,582 [pool-551-thread-1] INFO  server.RaftServerConfigKeys (ConfUtils.java:logGet(44)) - raft.server.notification.no-leader.timeout = 300000ms (custom)
2022-01-08 01:46:38,582 [pool-551-thread-1] INFO  server.RaftServerConfigKeys (ConfUtils.java:logGet(44)) - raft.server.log.use.memory = false (default)
2022-01-08 01:46:38,582 [pool-551-thread-1] INFO  server.RaftServerConfigKeys (ConfUtils.java:logGet(44)) - raft.server.log.purge.gap = 1000000 (custom)
2022-01-08 01:46:38,582 [pool-551-thread-1] INFO  server.RaftServerConfigKeys (ConfUtils.java:logGet(44)) - raft.server.log.appender.buffer.byte-limit = 33554432 (custom)
2022-01-08 01:46:38,582 [pool-551-thread-1] INFO  server.RaftServerConfigKeys (ConfUtils.java:logGet(44)) - raft.server.log.segment.size.max = 1048576 (custom)
2022-01-08 01:46:38,584 [pool-551-thread-1] INFO  server.RaftServerConfigKeys (ConfUtils.java:logGet(44)) - raft.server.log.segment.cache.num.max = 2 (custom)
2022-01-08 01:46:38,584 [pool-551-thread-1] INFO  server.RaftServerConfigKeys (ConfUtils.java:logGet(44)) - raft.server.log.segment.cache.size.max = 200MB (=209715200) (default)
2022-01-08 01:46:38,584 [pool-551-thread-1] INFO  segmented.SegmentedRaftLogWorker (SegmentedRaftLogWorker.java:<init>(182)) - new 6477641b-710a-49ab-b56b-e0f600eb5c24@group-0140CC601DFD-SegmentedRaftLogWorker for RaftStorageImpl:Storage Directory /home/runner/work/ozone/ozone/hadoop-ozone/integration-test/target/test-dir/MiniOzoneClusterImpl-6a132c25-3902-4d06-b1e4-79a7ed3e0f57/datanode-0/data/ratis/bf4d661f-df7b-4090-a893-0140cc601dfd
2022-01-08 01:46:38,584 [pool-551-thread-1] INFO  server.RaftServerConfigKeys (ConfUtils.java:logGet(44)) - raft.server.log.queue.byte-limit = 2147483647 (custom)
2022-01-08 01:46:38,584 [pool-551-thread-1] INFO  server.RaftServerConfigKeys (ConfUtils.java:logGet(44)) - raft.server.log.queue.element-limit = 1024 (custom)
2022-01-08 01:46:38,584 [pool-551-thread-1] INFO  server.RaftServerConfigKeys (ConfUtils.java:logGet(44)) - raft.server.log.segment.size.max = 1048576 (custom)
2022-01-08 01:46:38,584 [pool-551-thread-1] INFO  server.RaftServerConfigKeys (ConfUtils.java:logGet(44)) - raft.server.log.preallocated.size = 16384 (custom)
2022-01-08 01:46:38,584 [pool-551-thread-1] INFO  server.RaftServerConfigKeys (ConfUtils.java:logGet(44)) - raft.server.log.force.sync.num = 128 (default)
2022-01-08 01:46:38,584 [pool-551-thread-1] INFO  server.RaftServerConfigKeys (ConfUtils.java:logGet(44)) - raft.server.log.statemachine.data.sync = true (default)
2022-01-08 01:46:38,584 [pool-551-thread-1] INFO  server.RaftServerConfigKeys (ConfUtils.java:logGet(44)) - raft.server.log.statemachine.data.sync.timeout = 10s (default)
2022-01-08 01:46:38,584 [pool-551-thread-1] INFO  server.RaftServerConfigKeys (ConfUtils.java:logGet(44)) - raft.server.log.statemachine.data.sync.timeout.retry = -1 (default)
2022-01-08 01:46:38,585 [pool-551-thread-1] INFO  server.RaftServerConfigKeys (ConfUtils.java:logGet(44)) - raft.server.log.write.buffer.size = 1048576 (custom)
2022-01-08 01:46:38,587 [pool-551-thread-1] INFO  server.RaftServerConfigKeys (ConfUtils.java:logGet(44)) - raft.server.log.statemachine.data.caching.enabled = true (custom)
2022-01-08 01:46:38,587 [pool-551-thread-1] INFO  segmented.SegmentedRaftLogWorker (SegmentedRaftLogWorker.java:lambda$new$0(133)) - 6477641b-710a-49ab-b56b-e0f600eb5c24@group-0140CC601DFD-SegmentedRaftLogWorker: flushIndex: setUnconditionally 0 -> -1
2022-01-08 01:46:38,587 [EventQueue-PipelineReportForPipelineReportHandler] INFO  pipeline.PipelineManagerImpl (PipelineManagerImpl.java:openPipeline(291)) - Pipeline Pipeline[ Id: bf4d661f-df7b-4090-a893-0140cc601dfd, Nodes: 6477641b-710a-49ab-b56b-e0f600eb5c24{ip: 10.1.0.34, host: fv-az116-279.vzw04321ajxubdbcnpick5nqva.xx.internal.cloudapp.net, ports: [REPLICATION=32997, RATIS=38417, RATIS_ADMIN=38417, RATIS_SERVER=38417, STANDALONE=42453], networkLocation: /default-rack, certSerialId: null, persistedOpState: IN_SERVICE, persistedOpStateExpiryEpochSec: 0}, ReplicationConfig: RATIS/ONE, State:ALLOCATED, leaderId:6477641b-710a-49ab-b56b-e0f600eb5c24, CreationTimestamp2022-01-08T01:46:35.567Z[Etc/UTC]] moved to OPEN state
2022-01-08 01:46:38,587 [pool-551-thread-1] INFO  segmented.SegmentedRaftLogWorker (SegmentedRaftLogWorker.java:lambda$new$0(133)) - 6477641b-710a-49ab-b56b-e0f600eb5c24@group-0140CC601DFD-SegmentedRaftLogWorker: safeCacheEvictIndex: setUnconditionally 0 -> -1
2022-01-08 01:46:38,621 [pool-551-thread-1] INFO  server.RaftServerConfigKeys (ConfUtils.java:logGet(44)) - raft.server.snapshot.auto.trigger.enabled = true (custom)
2022-01-08 01:46:38,621 [pool-551-thread-1] INFO  server.RaftServerConfigKeys (ConfUtils.java:logGet(44)) - raft.server.snapshot.auto.trigger.threshold = 10000 (custom)
2022-01-08 01:46:38,621 [pool-551-thread-1] INFO  server.RaftServerConfigKeys (ConfUtils.java:logGet(44)) - raft.server.snapshot.retention.file.num = 5 (custom)
2022-01-08 01:46:38,621 [pool-551-thread-1] INFO  server.RaftServerConfigKeys (ConfUtils.java:logGet(44)) - raft.server.log.purge.upto.snapshot.index = false (default)
2022-01-08 01:46:38,621 [pool-551-thread-1] INFO  server.RaftServerConfigKeys (ConfUtils.java:logGet(44)) - raft.server.retrycache.expirytime = 600000ms (custom)
2022-01-08 01:46:38,622 [pool-551-thread-1] INFO  server.RaftServerConfigKeys (ConfUtils.java:logGet(44)) - raft.server.retrycache.statistics.expirytime = 100μs (default)
2022-01-08 01:46:38,623 [pool-551-thread-1] INFO  server.RaftServer$Division (RaftServerImpl.java:start(301)) - 6477641b-710a-49ab-b56b-e0f600eb5c24@group-0140CC601DFD: start as a follower, conf=-1: [6477641b-710a-49ab-b56b-e0f600eb5c24|rpc:10.1.0.34:38417|priority:1], old=null
2022-01-08 01:46:38,623 [pool-551-thread-1] INFO  server.RaftServer$Division (RaftServerImpl.java:setRole(290)) - 6477641b-710a-49ab-b56b-e0f600eb5c24@group-0140CC601DFD: changes role from      null to FOLLOWER at term 0 for startAsFollower
2022-01-08 01:46:38,623 [pool-551-thread-1] INFO  impl.RoleInfo (RoleInfo.java:updateAndGet(130)) - 6477641b-710a-49ab-b56b-e0f600eb5c24: start 6477641b-710a-49ab-b56b-e0f600eb5c24@group-0140CC601DFD-FollowerState
2022-01-08 01:46:38,624 [pool-551-thread-1] INFO  util.JmxRegister (JmxRegister.java:tryRegister(44)) - Successfully registered JMX Bean with object name Ratis:service=RaftServer,group=group-0140CC601DFD,id=6477641b-710a-49ab-b56b-e0f600eb5c24
2022-01-08 01:46:38,631 [EventQueue-OpenPipelineForHealthyPipelineSafeModeRule] INFO  safemode.SCMSafeModeManager (HealthyPipelineSafeModeRule.java:process(124)) - SCM in safe mode. Healthy pipelines reported count is 0, required healthy pipeline reported count is 1
2022-01-08 01:46:38,659 [Command processor thread] INFO  ratis.XceiverServerRatis (XceiverServerRatis.java:addGroup(768)) - Created group PipelineID=bf4d661f-df7b-4090-a893-0140cc601dfd
2022-01-08 01:46:38,659 [Command processor thread] INFO  commandhandler.CreatePipelineCommandHandler (CreatePipelineCommandHandler.java:handle(106)) - Created Pipeline RATIS ONE PipelineID=bf4d661f-df7b-4090-a893-0140cc601dfd.
2022-01-08 01:46:38,659 [Command processor thread] INFO  server.RaftServer (RaftServerProxy.java:addNew(95)) - 6477641b-710a-49ab-b56b-e0f600eb5c24: addNew group-D4B31538E167:[6477641b-710a-49ab-b56b-e0f600eb5c24|rpc:10.1.0.34:38417|priority:0, 44471f42-9a01-4764-8909-e7e02c044ebe|rpc:10.1.0.34:44109|priority:1, 9d6916e6-e933-4839-a7aa-b025ed7fd068|rpc:10.1.0.34:40543|priority:0] returns group-D4B31538E167:java.util.concurrent.CompletableFuture@193f612e[Not completed]
2022-01-08 01:46:38,660 [pool-551-thread-1] INFO  server.RaftServer$Division (RaftServerImpl.java:<init>(184)) - 6477641b-710a-49ab-b56b-e0f600eb5c24: new RaftServerImpl for group-D4B31538E167:[6477641b-710a-49ab-b56b-e0f600eb5c24|rpc:10.1.0.34:38417|priority:0, 44471f42-9a01-4764-8909-e7e02c044ebe|rpc:10.1.0.34:44109|priority:1, 9d6916e6-e933-4839-a7aa-b025ed7fd068|rpc:10.1.0.34:40543|priority:0] with ContainerStateMachine:uninitialized
2022-01-08 01:46:38,660 [pool-551-thread-1] INFO  server.RaftServerConfigKeys (ConfUtils.java:logGet(44)) - raft.server.rpc.timeout.min = 5s (custom)
2022-01-08 01:46:38,660 [pool-551-thread-1] INFO  server.RaftServerConfigKeys (ConfUtils.java:logGet(44)) - raft.server.rpc.timeout.max = 5200ms (custom)
2022-01-08 01:46:38,660 [pool-551-thread-1] INFO  server.RaftServerConfigKeys (ConfUtils.java:logGet(44)) - raft.server.rpc.sleep.time = 25ms (default)
2022-01-08 01:46:38,660 [pool-551-thread-1] INFO  server.RaftServerConfigKeys (ConfUtils.java:logGet(44)) - raft.server.rpc.slowness.timeout = 300000ms (custom)
2022-01-08 01:46:38,660 [pool-551-thread-1] INFO  server.RaftServerConfigKeys (ConfUtils.java:logGet(44)) - raft.server.leaderelection.leader.step-down.wait-time = 10s (default)
2022-01-08 01:46:38,660 [pool-551-thread-1] INFO  server.RaftServerConfigKeys (ConfUtils.java:logGet(44)) - raft.server.sleep.deviation.threshold = 300ms (default)
2022-01-08 01:46:38,660 [pool-551-thread-1] INFO  server.RaftServerConfigKeys (ConfUtils.java:logGet(44)) - raft.server.log.appender.install.snapshot.enabled = false (custom)
2022-01-08 01:46:38,660 [pool-551-thread-1] INFO  server.RaftServer$Division (ServerState.java:<init>(105)) - 6477641b-710a-49ab-b56b-e0f600eb5c24@group-D4B31538E167: ConfigurationManager, init=-1: [6477641b-710a-49ab-b56b-e0f600eb5c24|rpc:10.1.0.34:38417|priority:0, 44471f42-9a01-4764-8909-e7e02c044ebe|rpc:10.1.0.34:44109|priority:1, 9d6916e6-e933-4839-a7aa-b025ed7fd068|rpc:10.1.0.34:40543|priority:0], old=null, confs=<EMPTY_MAP>
2022-01-08 01:46:38,660 [pool-551-thread-1] INFO  server.RaftServerConfigKeys (ConfUtils.java:logGet(44)) - raft.server.storage.dir = [/home/runner/work/ozone/ozone/hadoop-ozone/integration-test/target/test-dir/MiniOzoneClusterImpl-6a132c25-3902-4d06-b1e4-79a7ed3e0f57/datanode-0/data/ratis] (custom)
2022-01-08 01:46:38,661 [pool-551-thread-1] INFO  server.RaftServerConfigKeys (ConfUtils.java:logGet(44)) - raft.server.log.corruption.policy = EXCEPTION (default)
2022-01-08 01:46:38,661 [pool-551-thread-1] INFO  server.RaftServerConfigKeys (ConfUtils.java:logGet(44)) - raft.server.storage.free-space.min = 0MB (=0) (default)
2022-01-08 01:46:38,661 [pool-551-thread-1] INFO  storage.RaftStorageDirectory (RaftStorageDirectoryImpl.java:analyzeStorage(135)) - The storage directory /home/runner/work/ozone/ozone/hadoop-ozone/integration-test/target/test-dir/MiniOzoneClusterImpl-6a132c25-3902-4d06-b1e4-79a7ed3e0f57/datanode-0/data/ratis/f6ab5375-c2fe-4a61-b67f-d4b31538e167 does not exist. Creating ...
2022-01-08 01:46:38,667 [pool-551-thread-1] INFO  storage.RaftStorageDirectory (RaftStorageDirectoryImpl.java:tryLock(230)) - Lock on /home/runner/work/ozone/ozone/hadoop-ozone/integration-test/target/test-dir/MiniOzoneClusterImpl-6a132c25-3902-4d06-b1e4-79a7ed3e0f57/datanode-0/data/ratis/f6ab5375-c2fe-4a61-b67f-d4b31538e167/in_use.lock acquired by nodename 32692@fv-az116-279
2022-01-08 01:46:38,669 [pool-551-thread-1] INFO  storage.RaftStorage (RaftStorageImpl.java:format(89)) - Storage directory /home/runner/work/ozone/ozone/hadoop-ozone/integration-test/target/test-dir/MiniOzoneClusterImpl-6a132c25-3902-4d06-b1e4-79a7ed3e0f57/datanode-0/data/ratis/f6ab5375-c2fe-4a61-b67f-d4b31538e167 has been successfully formatted.
2022-01-08 01:46:38,670 [pool-551-thread-1] INFO  ratis.ContainerStateMachine (ContainerStateMachine.java:loadSnapshot(231)) - group-D4B31538E167: The snapshot info is null. Setting the last applied indexto:(t:0, i:~)
2022-01-08 01:46:38,670 [pool-551-thread-1] INFO  server.RaftServerConfigKeys (ConfUtils.java:logGet(44)) - raft.server.notification.no-leader.timeout = 300000ms (custom)
2022-01-08 01:46:38,670 [pool-551-thread-1] INFO  server.RaftServerConfigKeys (ConfUtils.java:logGet(44)) - raft.server.log.use.memory = false (default)
2022-01-08 01:46:38,670 [pool-551-thread-1] INFO  server.RaftServerConfigKeys (ConfUtils.java:logGet(44)) - raft.server.log.purge.gap = 1000000 (custom)
2022-01-08 01:46:38,670 [pool-551-thread-1] INFO  server.RaftServerConfigKeys (ConfUtils.java:logGet(44)) - raft.server.log.appender.buffer.byte-limit = 33554432 (custom)
2022-01-08 01:46:38,670 [pool-551-thread-1] INFO  server.RaftServerConfigKeys (ConfUtils.java:logGet(44)) - raft.server.log.segment.size.max = 1048576 (custom)
2022-01-08 01:46:38,671 [pool-551-thread-1] INFO  server.RaftServerConfigKeys (ConfUtils.java:logGet(44)) - raft.server.log.segment.cache.num.max = 2 (custom)
2022-01-08 01:46:38,671 [pool-551-thread-1] INFO  server.RaftServerConfigKeys (ConfUtils.java:logGet(44)) - raft.server.log.segment.cache.size.max = 200MB (=209715200) (default)
2022-01-08 01:46:38,671 [pool-551-thread-1] INFO  segmented.SegmentedRaftLogWorker (SegmentedRaftLogWorker.java:<init>(182)) - new 6477641b-710a-49ab-b56b-e0f600eb5c24@group-D4B31538E167-SegmentedRaftLogWorker for RaftStorageImpl:Storage Directory /home/runner/work/ozone/ozone/hadoop-ozone/integration-test/target/test-dir/MiniOzoneClusterImpl-6a132c25-3902-4d06-b1e4-79a7ed3e0f57/datanode-0/data/ratis/f6ab5375-c2fe-4a61-b67f-d4b31538e167
2022-01-08 01:46:38,671 [pool-551-thread-1] INFO  server.RaftServerConfigKeys (ConfUtils.java:logGet(44)) - raft.server.log.queue.byte-limit = 2147483647 (custom)
2022-01-08 01:46:38,671 [pool-551-thread-1] INFO  server.RaftServerConfigKeys (ConfUtils.java:logGet(44)) - raft.server.log.queue.element-limit = 1024 (custom)
2022-01-08 01:46:38,671 [pool-551-thread-1] INFO  server.RaftServerConfigKeys (ConfUtils.java:logGet(44)) - raft.server.log.segment.size.max = 1048576 (custom)
2022-01-08 01:46:38,672 [pool-551-thread-1] INFO  server.RaftServerConfigKeys (ConfUtils.java:logGet(44)) - raft.server.log.preallocated.size = 16384 (custom)
2022-01-08 01:46:38,672 [pool-551-thread-1] INFO  server.RaftServerConfigKeys (ConfUtils.java:logGet(44)) - raft.server.log.force.sync.num = 128 (default)
2022-01-08 01:46:38,672 [pool-551-thread-1] INFO  server.RaftServerConfigKeys (ConfUtils.java:logGet(44)) - raft.server.log.statemachine.data.sync = true (default)
2022-01-08 01:46:38,672 [pool-551-thread-1] INFO  server.RaftServerConfigKeys (ConfUtils.java:logGet(44)) - raft.server.log.statemachine.data.sync.timeout = 10s (default)
2022-01-08 01:46:38,672 [pool-551-thread-1] INFO  server.RaftServerConfigKeys (ConfUtils.java:logGet(44)) - raft.server.log.statemachine.data.sync.timeout.retry = -1 (default)
2022-01-08 01:46:38,673 [pool-551-thread-1] INFO  server.RaftServerConfigKeys (ConfUtils.java:logGet(44)) - raft.server.log.write.buffer.size = 1048576 (custom)
2022-01-08 01:46:38,673 [pool-551-thread-1] INFO  server.RaftServerConfigKeys (ConfUtils.java:logGet(44)) - raft.server.log.statemachine.data.caching.enabled = true (custom)
2022-01-08 01:46:38,673 [pool-551-thread-1] INFO  segmented.SegmentedRaftLogWorker (SegmentedRaftLogWorker.java:lambda$new$0(133)) - 6477641b-710a-49ab-b56b-e0f600eb5c24@group-D4B31538E167-SegmentedRaftLogWorker: flushIndex: setUnconditionally 0 -> -1
2022-01-08 01:46:38,674 [pool-551-thread-1] INFO  segmented.SegmentedRaftLogWorker (SegmentedRaftLogWorker.java:lambda$new$0(133)) - 6477641b-710a-49ab-b56b-e0f600eb5c24@group-D4B31538E167-SegmentedRaftLogWorker: safeCacheEvictIndex: setUnconditionally 0 -> -1
2022-01-08 01:46:38,674 [pool-551-thread-1] INFO  server.RaftServerConfigKeys (ConfUtils.java:logGet(44)) - raft.server.snapshot.auto.trigger.enabled = true (custom)
2022-01-08 01:46:38,674 [pool-551-thread-1] INFO  server.RaftServerConfigKeys (ConfUtils.java:logGet(44)) - raft.server.snapshot.auto.trigger.threshold = 10000 (custom)
2022-01-08 01:46:38,675 [pool-551-thread-1] INFO  server.RaftServerConfigKeys (ConfUtils.java:logGet(44)) - raft.server.snapshot.retention.file.num = 5 (custom)
2022-01-08 01:46:38,675 [pool-551-thread-1] INFO  server.RaftServerConfigKeys (ConfUtils.java:logGet(44)) - raft.server.log.purge.upto.snapshot.index = false (default)
2022-01-08 01:46:38,675 [pool-551-thread-1] INFO  server.RaftServerConfigKeys (ConfUtils.java:logGet(44)) - raft.server.retrycache.expirytime = 600000ms (custom)
2022-01-08 01:46:38,675 [pool-551-thread-1] INFO  server.RaftServerConfigKeys (ConfUtils.java:logGet(44)) - raft.server.retrycache.statistics.expirytime = 100μs (default)
2022-01-08 01:46:38,676 [pool-551-thread-1] INFO  server.RaftServer$Division (RaftServerImpl.java:start(301)) - 6477641b-710a-49ab-b56b-e0f600eb5c24@group-D4B31538E167: start as a follower, conf=-1: [6477641b-710a-49ab-b56b-e0f600eb5c24|rpc:10.1.0.34:38417|priority:0, 44471f42-9a01-4764-8909-e7e02c044ebe|rpc:10.1.0.34:44109|priority:1, 9d6916e6-e933-4839-a7aa-b025ed7fd068|rpc:10.1.0.34:40543|priority:0], old=null
2022-01-08 01:46:38,676 [pool-551-thread-1] INFO  server.RaftServer$Division (RaftServerImpl.java:setRole(290)) - 6477641b-710a-49ab-b56b-e0f600eb5c24@group-D4B31538E167: changes role from      null to FOLLOWER at term 0 for startAsFollower
2022-01-08 01:46:38,676 [pool-551-thread-1] INFO  impl.RoleInfo (RoleInfo.java:updateAndGet(130)) - 6477641b-710a-49ab-b56b-e0f600eb5c24: start 6477641b-710a-49ab-b56b-e0f600eb5c24@group-D4B31538E167-FollowerState
2022-01-08 01:46:38,676 [pool-551-thread-1] INFO  util.JmxRegister (JmxRegister.java:tryRegister(44)) - Successfully registered JMX Bean with object name Ratis:service=RaftServer,group=group-D4B31538E167,id=6477641b-710a-49ab-b56b-e0f600eb5c24
2022-01-08 01:46:38,677 [Command processor thread] INFO  ratis.XceiverServerRatis (XceiverServerRatis.java:addGroup(768)) - Created group PipelineID=f6ab5375-c2fe-4a61-b67f-d4b31538e167
2022-01-08 01:46:38,681 [EventQueue-OpenPipelineForHealthyPipelineSafeModeRule] INFO  safemode.SCMSafeModeManager (HealthyPipelineSafeModeRule.java:process(124)) - SCM in safe mode. Healthy pipelines reported count is 0, required healthy pipeline reported count is 1
2022-01-08 01:46:38,697 [grpc-default-executor-3] INFO  server.RaftServer (RaftServerProxy.java:addNew(95)) - 44471f42-9a01-4764-8909-e7e02c044ebe: addNew group-D4B31538E167:[6477641b-710a-49ab-b56b-e0f600eb5c24|rpc:10.1.0.34:38417|dataStream:|priority:0, 44471f42-9a01-4764-8909-e7e02c044ebe|rpc:10.1.0.34:44109|dataStream:|priority:1, 9d6916e6-e933-4839-a7aa-b025ed7fd068|rpc:10.1.0.34:40543|dataStream:|priority:0] returns group-D4B31538E167:java.util.concurrent.CompletableFuture@7f91b48e[Not completed]
2022-01-08 01:46:38,709 [pool-593-thread-1] INFO  server.RaftServer$Division (RaftServerImpl.java:<init>(184)) - 44471f42-9a01-4764-8909-e7e02c044ebe: new RaftServerImpl for group-D4B31538E167:[6477641b-710a-49ab-b56b-e0f600eb5c24|rpc:10.1.0.34:38417|dataStream:|priority:0, 44471f42-9a01-4764-8909-e7e02c044ebe|rpc:10.1.0.34:44109|dataStream:|priority:1, 9d6916e6-e933-4839-a7aa-b025ed7fd068|rpc:10.1.0.34:40543|dataStream:|priority:0] with ContainerStateMachine:uninitialized
2022-01-08 01:46:38,709 [pool-593-thread-1] INFO  server.RaftServerConfigKeys (ConfUtils.java:logGet(44)) - raft.server.rpc.timeout.min = 5s (custom)
2022-01-08 01:46:38,710 [pool-593-thread-1] INFO  server.RaftServerConfigKeys (ConfUtils.java:logGet(44)) - raft.server.rpc.timeout.max = 5200ms (custom)
2022-01-08 01:46:38,710 [pool-593-thread-1] INFO  server.RaftServerConfigKeys (ConfUtils.java:logGet(44)) - raft.server.rpc.sleep.time = 25ms (default)
2022-01-08 01:46:38,710 [pool-593-thread-1] INFO  server.RaftServerConfigKeys (ConfUtils.java:logGet(44)) - raft.server.rpc.slowness.timeout = 300000ms (custom)
2022-01-08 01:46:38,710 [pool-593-thread-1] INFO  server.RaftServerConfigKeys (ConfUtils.java:logGet(44)) - raft.server.leaderelection.leader.step-down.wait-time = 10s (default)
2022-01-08 01:46:38,710 [pool-593-thread-1] INFO  server.RaftServerConfigKeys (ConfUtils.java:logGet(44)) - raft.server.sleep.deviation.threshold = 300ms (default)
2022-01-08 01:46:38,710 [pool-593-thread-1] INFO  server.RaftServerConfigKeys (ConfUtils.java:logGet(44)) - raft.server.log.appender.install.snapshot.enabled = false (custom)
2022-01-08 01:46:38,710 [pool-593-thread-1] INFO  server.RaftServer$Division (ServerState.java:<init>(105)) - 44471f42-9a01-4764-8909-e7e02c044ebe@group-D4B31538E167: ConfigurationManager, init=-1: [6477641b-710a-49ab-b56b-e0f600eb5c24|rpc:10.1.0.34:38417|dataStream:|priority:0, 44471f42-9a01-4764-8909-e7e02c044ebe|rpc:10.1.0.34:44109|dataStream:|priority:1, 9d6916e6-e933-4839-a7aa-b025ed7fd068|rpc:10.1.0.34:40543|dataStream:|priority:0], old=null, confs=<EMPTY_MAP>
2022-01-08 01:46:38,710 [pool-593-thread-1] INFO  server.RaftServerConfigKeys (ConfUtils.java:logGet(44)) - raft.server.storage.dir = [/home/runner/work/ozone/ozone/hadoop-ozone/integration-test/target/test-dir/MiniOzoneClusterImpl-6a132c25-3902-4d06-b1e4-79a7ed3e0f57/datanode-2/data/ratis] (custom)
2022-01-08 01:46:38,710 [pool-593-thread-1] INFO  server.RaftServerConfigKeys (ConfUtils.java:logGet(44)) - raft.server.log.corruption.policy = EXCEPTION (default)
2022-01-08 01:46:38,710 [pool-593-thread-1] INFO  server.RaftServerConfigKeys (ConfUtils.java:logGet(44)) - raft.server.storage.free-space.min = 0MB (=0) (default)
2022-01-08 01:46:38,711 [pool-593-thread-1] INFO  storage.RaftStorageDirectory (RaftStorageDirectoryImpl.java:analyzeStorage(135)) - The storage directory /home/runner/work/ozone/ozone/hadoop-ozone/integration-test/target/test-dir/MiniOzoneClusterImpl-6a132c25-3902-4d06-b1e4-79a7ed3e0f57/datanode-2/data/ratis/f6ab5375-c2fe-4a61-b67f-d4b31538e167 does not exist. Creating ...
2022-01-08 01:46:38,718 [pool-593-thread-1] INFO  storage.RaftStorageDirectory (RaftStorageDirectoryImpl.java:tryLock(230)) - Lock on /home/runner/work/ozone/ozone/hadoop-ozone/integration-test/target/test-dir/MiniOzoneClusterImpl-6a132c25-3902-4d06-b1e4-79a7ed3e0f57/datanode-2/data/ratis/f6ab5375-c2fe-4a61-b67f-d4b31538e167/in_use.lock acquired by nodename 32692@fv-az116-279
2022-01-08 01:46:38,726 [pool-593-thread-1] INFO  storage.RaftStorage (RaftStorageImpl.java:format(89)) - Storage directory /home/runner/work/ozone/ozone/hadoop-ozone/integration-test/target/test-dir/MiniOzoneClusterImpl-6a132c25-3902-4d06-b1e4-79a7ed3e0f57/datanode-2/data/ratis/f6ab5375-c2fe-4a61-b67f-d4b31538e167 has been successfully formatted.
2022-01-08 01:46:38,727 [pool-593-thread-1] INFO  ratis.ContainerStateMachine (ContainerStateMachine.java:loadSnapshot(231)) - group-D4B31538E167: The snapshot info is null. Setting the last applied indexto:(t:0, i:~)
2022-01-08 01:46:38,727 [pool-593-thread-1] INFO  server.RaftServerConfigKeys (ConfUtils.java:logGet(44)) - raft.server.notification.no-leader.timeout = 300000ms (custom)
2022-01-08 01:46:38,727 [pool-593-thread-1] INFO  server.RaftServerConfigKeys (ConfUtils.java:logGet(44)) - raft.server.log.use.memory = false (default)
2022-01-08 01:46:38,727 [pool-593-thread-1] INFO  server.RaftServerConfigKeys (ConfUtils.java:logGet(44)) - raft.server.log.purge.gap = 1000000 (custom)
2022-01-08 01:46:38,727 [pool-593-thread-1] INFO  server.RaftServerConfigKeys (ConfUtils.java:logGet(44)) - raft.server.log.appender.buffer.byte-limit = 33554432 (custom)
2022-01-08 01:46:38,727 [pool-593-thread-1] INFO  server.RaftServerConfigKeys (ConfUtils.java:logGet(44)) - raft.server.log.segment.size.max = 1048576 (custom)
2022-01-08 01:46:38,728 [pool-593-thread-1] INFO  server.RaftServerConfigKeys (ConfUtils.java:logGet(44)) - raft.server.log.segment.cache.num.max = 2 (custom)
2022-01-08 01:46:38,728 [pool-593-thread-1] INFO  server.RaftServerConfigKeys (ConfUtils.java:logGet(44)) - raft.server.log.segment.cache.size.max = 200MB (=209715200) (default)
2022-01-08 01:46:38,728 [pool-593-thread-1] INFO  segmented.SegmentedRaftLogWorker (SegmentedRaftLogWorker.java:<init>(182)) - new 44471f42-9a01-4764-8909-e7e02c044ebe@group-D4B31538E167-SegmentedRaftLogWorker for RaftStorageImpl:Storage Directory /home/runner/work/ozone/ozone/hadoop-ozone/integration-test/target/test-dir/MiniOzoneClusterImpl-6a132c25-3902-4d06-b1e4-79a7ed3e0f57/datanode-2/data/ratis/f6ab5375-c2fe-4a61-b67f-d4b31538e167
2022-01-08 01:46:38,728 [pool-593-thread-1] INFO  server.RaftServerConfigKeys (ConfUtils.java:logGet(44)) - raft.server.log.queue.byte-limit = 2147483647 (custom)
2022-01-08 01:46:38,728 [pool-593-thread-1] INFO  server.RaftServerConfigKeys (ConfUtils.java:logGet(44)) - raft.server.log.queue.element-limit = 1024 (custom)
2022-01-08 01:46:38,728 [pool-593-thread-1] INFO  server.RaftServerConfigKeys (ConfUtils.java:logGet(44)) - raft.server.log.segment.size.max = 1048576 (custom)
2022-01-08 01:46:38,729 [pool-593-thread-1] INFO  server.RaftServerConfigKeys (ConfUtils.java:logGet(44)) - raft.server.log.preallocated.size = 16384 (custom)
2022-01-08 01:46:38,729 [pool-593-thread-1] INFO  server.RaftServerConfigKeys (ConfUtils.java:logGet(44)) - raft.server.log.force.sync.num = 128 (default)
2022-01-08 01:46:38,729 [pool-593-thread-1] INFO  server.RaftServerConfigKeys (ConfUtils.java:logGet(44)) - raft.server.log.statemachine.data.sync = true (default)
2022-01-08 01:46:38,729 [pool-593-thread-1] INFO  server.RaftServerConfigKeys (ConfUtils.java:logGet(44)) - raft.server.log.statemachine.data.sync.timeout = 10s (default)
2022-01-08 01:46:38,729 [pool-593-thread-1] INFO  server.RaftServerConfigKeys (ConfUtils.java:logGet(44)) - raft.server.log.statemachine.data.sync.timeout.retry = -1 (default)
2022-01-08 01:46:38,730 [pool-593-thread-1] INFO  server.RaftServerConfigKeys (ConfUtils.java:logGet(44)) - raft.server.log.write.buffer.size = 1048576 (custom)
2022-01-08 01:46:38,730 [pool-593-thread-1] INFO  server.RaftServerConfigKeys (ConfUtils.java:logGet(44)) - raft.server.log.statemachine.data.caching.enabled = true (custom)
2022-01-08 01:46:38,731 [pool-593-thread-1] INFO  segmented.SegmentedRaftLogWorker (SegmentedRaftLogWorker.java:lambda$new$0(133)) - 44471f42-9a01-4764-8909-e7e02c044ebe@group-D4B31538E167-SegmentedRaftLogWorker: flushIndex: setUnconditionally 0 -> -1
2022-01-08 01:46:38,731 [pool-593-thread-1] INFO  segmented.SegmentedRaftLogWorker (SegmentedRaftLogWorker.java:lambda$new$0(133)) - 44471f42-9a01-4764-8909-e7e02c044ebe@group-D4B31538E167-SegmentedRaftLogWorker: safeCacheEvictIndex: setUnconditionally 0 -> -1
2022-01-08 01:46:38,731 [pool-593-thread-1] INFO  server.RaftServerConfigKeys (ConfUtils.java:logGet(44)) - raft.server.snapshot.auto.trigger.enabled = true (custom)
2022-01-08 01:46:38,731 [pool-593-thread-1] INFO  server.RaftServerConfigKeys (ConfUtils.java:logGet(44)) - raft.server.snapshot.auto.trigger.threshold = 10000 (custom)
2022-01-08 01:46:38,731 [pool-593-thread-1] INFO  server.RaftServerConfigKeys (ConfUtils.java:logGet(44)) - raft.server.snapshot.retention.file.num = 5 (custom)
2022-01-08 01:46:38,731 [pool-593-thread-1] INFO  server.RaftServerConfigKeys (ConfUtils.java:logGet(44)) - raft.server.log.purge.upto.snapshot.index = false (default)
2022-01-08 01:46:38,731 [pool-593-thread-1] INFO  server.RaftServerConfigKeys (ConfUtils.java:logGet(44)) - raft.server.retrycache.expirytime = 600000ms (custom)
2022-01-08 01:46:38,731 [pool-593-thread-1] INFO  server.RaftServerConfigKeys (ConfUtils.java:logGet(44)) - raft.server.retrycache.statistics.expirytime = 100μs (default)
2022-01-08 01:46:38,733 [pool-593-thread-1] INFO  server.RaftServer$Division (RaftServerImpl.java:start(301)) - 44471f42-9a01-4764-8909-e7e02c044ebe@group-D4B31538E167: start as a follower, conf=-1: [6477641b-710a-49ab-b56b-e0f600eb5c24|rpc:10.1.0.34:38417|dataStream:|priority:0, 44471f42-9a01-4764-8909-e7e02c044ebe|rpc:10.1.0.34:44109|dataStream:|priority:1, 9d6916e6-e933-4839-a7aa-b025ed7fd068|rpc:10.1.0.34:40543|dataStream:|priority:0], old=null
2022-01-08 01:46:38,733 [pool-593-thread-1] INFO  server.RaftServer$Division (RaftServerImpl.java:setRole(290)) - 44471f42-9a01-4764-8909-e7e02c044ebe@group-D4B31538E167: changes role from      null to FOLLOWER at term 0 for startAsFollower
2022-01-08 01:46:38,733 [pool-593-thread-1] INFO  impl.RoleInfo (RoleInfo.java:updateAndGet(130)) - 44471f42-9a01-4764-8909-e7e02c044ebe: start 44471f42-9a01-4764-8909-e7e02c044ebe@group-D4B31538E167-FollowerState
2022-01-08 01:46:38,763 [pool-593-thread-1] INFO  util.JmxRegister (JmxRegister.java:tryRegister(44)) - Successfully registered JMX Bean with object name Ratis:service=RaftServer,group=group-D4B31538E167,id=44471f42-9a01-4764-8909-e7e02c044ebe
2022-01-08 01:46:38,807 [grpc-default-executor-3] INFO  server.RaftServer (RaftServerProxy.java:addNew(95)) - 9d6916e6-e933-4839-a7aa-b025ed7fd068: addNew group-D4B31538E167:[6477641b-710a-49ab-b56b-e0f600eb5c24|rpc:10.1.0.34:38417|dataStream:|priority:0, 44471f42-9a01-4764-8909-e7e02c044ebe|rpc:10.1.0.34:44109|dataStream:|priority:1, 9d6916e6-e933-4839-a7aa-b025ed7fd068|rpc:10.1.0.34:40543|dataStream:|priority:0] returns group-D4B31538E167:java.util.concurrent.CompletableFuture@55bb378a[Not completed]
2022-01-08 01:46:38,817 [pool-572-thread-1] INFO  server.RaftServer$Division (RaftServerImpl.java:<init>(184)) - 9d6916e6-e933-4839-a7aa-b025ed7fd068: new RaftServerImpl for group-D4B31538E167:[6477641b-710a-49ab-b56b-e0f600eb5c24|rpc:10.1.0.34:38417|dataStream:|priority:0, 44471f42-9a01-4764-8909-e7e02c044ebe|rpc:10.1.0.34:44109|dataStream:|priority:1, 9d6916e6-e933-4839-a7aa-b025ed7fd068|rpc:10.1.0.34:40543|dataStream:|priority:0] with ContainerStateMachine:uninitialized
2022-01-08 01:46:38,818 [pool-572-thread-1] INFO  server.RaftServerConfigKeys (ConfUtils.java:logGet(44)) - raft.server.rpc.timeout.min = 5s (custom)
2022-01-08 01:46:38,818 [pool-572-thread-1] INFO  server.RaftServerConfigKeys (ConfUtils.java:logGet(44)) - raft.server.rpc.timeout.max = 5200ms (custom)
2022-01-08 01:46:38,818 [pool-572-thread-1] INFO  server.RaftServerConfigKeys (ConfUtils.java:logGet(44)) - raft.server.rpc.sleep.time = 25ms (default)
2022-01-08 01:46:38,818 [pool-572-thread-1] INFO  server.RaftServerConfigKeys (ConfUtils.java:logGet(44)) - raft.server.rpc.slowness.timeout = 300000ms (custom)
2022-01-08 01:46:38,818 [pool-572-thread-1] INFO  server.RaftServerConfigKeys (ConfUtils.java:logGet(44)) - raft.server.leaderelection.leader.step-down.wait-time = 10s (default)
2022-01-08 01:46:38,818 [pool-572-thread-1] INFO  server.RaftServerConfigKeys (ConfUtils.java:logGet(44)) - raft.server.sleep.deviation.threshold = 300ms (default)
2022-01-08 01:46:38,818 [pool-572-thread-1] INFO  server.RaftServerConfigKeys (ConfUtils.java:logGet(44)) - raft.server.log.appender.install.snapshot.enabled = false (custom)
2022-01-08 01:46:38,818 [pool-572-thread-1] INFO  server.RaftServer$Division (ServerState.java:<init>(105)) - 9d6916e6-e933-4839-a7aa-b025ed7fd068@group-D4B31538E167: ConfigurationManager, init=-1: [6477641b-710a-49ab-b56b-e0f600eb5c24|rpc:10.1.0.34:38417|dataStream:|priority:0, 44471f42-9a01-4764-8909-e7e02c044ebe|rpc:10.1.0.34:44109|dataStream:|priority:1, 9d6916e6-e933-4839-a7aa-b025ed7fd068|rpc:10.1.0.34:40543|dataStream:|priority:0], old=null, confs=<EMPTY_MAP>
2022-01-08 01:46:38,818 [pool-572-thread-1] INFO  server.RaftServerConfigKeys (ConfUtils.java:logGet(44)) - raft.server.storage.dir = [/home/runner/work/ozone/ozone/hadoop-ozone/integration-test/target/test-dir/MiniOzoneClusterImpl-6a132c25-3902-4d06-b1e4-79a7ed3e0f57/datanode-1/data/ratis] (custom)
2022-01-08 01:46:38,818 [pool-572-thread-1] INFO  server.RaftServerConfigKeys (ConfUtils.java:logGet(44)) - raft.server.log.corruption.policy = EXCEPTION (default)
2022-01-08 01:46:38,835 [pool-572-thread-1] INFO  server.RaftServerConfigKeys (ConfUtils.java:logGet(44)) - raft.server.storage.free-space.min = 0MB (=0) (default)
2022-01-08 01:46:38,835 [pool-572-thread-1] INFO  storage.RaftStorageDirectory (RaftStorageDirectoryImpl.java:analyzeStorage(135)) - The storage directory /home/runner/work/ozone/ozone/hadoop-ozone/integration-test/target/test-dir/MiniOzoneClusterImpl-6a132c25-3902-4d06-b1e4-79a7ed3e0f57/datanode-1/data/ratis/f6ab5375-c2fe-4a61-b67f-d4b31538e167 does not exist. Creating ...
2022-01-08 01:46:38,856 [Listener at 127.0.0.1/40645] INFO  ozone.MiniOzoneClusterImpl (MiniOzoneClusterImpl.java:lambda$waitForClusterToBeReady$0(235)) - Nodes are ready. Got 7 of 7 DN Heartbeats.
2022-01-08 01:46:38,856 [Listener at 127.0.0.1/40645] INFO  ozone.MiniOzoneClusterImpl (MiniOzoneClusterImpl.java:lambda$waitForClusterToBeReady$0(238)) - Waiting for cluster to exit safe mode
2022-01-08 01:46:38,856 [Listener at 127.0.0.1/40645] INFO  ozone.MiniOzoneClusterImpl (MiniOzoneClusterImpl.java:lambda$waitForClusterToBeReady$0(240)) - SCM became leader
2022-01-08 01:46:38,861 [pool-572-thread-1] INFO  storage.RaftStorageDirectory (RaftStorageDirectoryImpl.java:tryLock(230)) - Lock on /home/runner/work/ozone/ozone/hadoop-ozone/integration-test/target/test-dir/MiniOzoneClusterImpl-6a132c25-3902-4d06-b1e4-79a7ed3e0f57/datanode-1/data/ratis/f6ab5375-c2fe-4a61-b67f-d4b31538e167/in_use.lock acquired by nodename 32692@fv-az116-279
2022-01-08 01:46:38,869 [pool-572-thread-1] INFO  storage.RaftStorage (RaftStorageImpl.java:format(89)) - Storage directory /home/runner/work/ozone/ozone/hadoop-ozone/integration-test/target/test-dir/MiniOzoneClusterImpl-6a132c25-3902-4d06-b1e4-79a7ed3e0f57/datanode-1/data/ratis/f6ab5375-c2fe-4a61-b67f-d4b31538e167 has been successfully formatted.
2022-01-08 01:46:38,871 [pool-572-thread-1] INFO  ratis.ContainerStateMachine (ContainerStateMachine.java:loadSnapshot(231)) - group-D4B31538E167: The snapshot info is null. Setting the last applied indexto:(t:0, i:~)
2022-01-08 01:46:38,883 [pool-572-thread-1] INFO  server.RaftServerConfigKeys (ConfUtils.java:logGet(44)) - raft.server.notification.no-leader.timeout = 300000ms (custom)
2022-01-08 01:46:38,883 [pool-572-thread-1] INFO  server.RaftServerConfigKeys (ConfUtils.java:logGet(44)) - raft.server.log.use.memory = false (default)
2022-01-08 01:46:38,883 [pool-572-thread-1] INFO  server.RaftServerConfigKeys (ConfUtils.java:logGet(44)) - raft.server.log.purge.gap = 1000000 (custom)
2022-01-08 01:46:38,883 [pool-572-thread-1] INFO  server.RaftServerConfigKeys (ConfUtils.java:logGet(44)) - raft.server.log.appender.buffer.byte-limit = 33554432 (custom)
2022-01-08 01:46:38,883 [pool-572-thread-1] INFO  server.RaftServerConfigKeys (ConfUtils.java:logGet(44)) - raft.server.log.segment.size.max = 1048576 (custom)
2022-01-08 01:46:38,884 [pool-572-thread-1] INFO  server.RaftServerConfigKeys (ConfUtils.java:logGet(44)) - raft.server.log.segment.cache.num.max = 2 (custom)
2022-01-08 01:46:38,884 [pool-572-thread-1] INFO  server.RaftServerConfigKeys (ConfUtils.java:logGet(44)) - raft.server.log.segment.cache.size.max = 200MB (=209715200) (default)
2022-01-08 01:46:38,884 [pool-572-thread-1] INFO  segmented.SegmentedRaftLogWorker (SegmentedRaftLogWorker.java:<init>(182)) - new 9d6916e6-e933-4839-a7aa-b025ed7fd068@group-D4B31538E167-SegmentedRaftLogWorker for RaftStorageImpl:Storage Directory /home/runner/work/ozone/ozone/hadoop-ozone/integration-test/target/test-dir/MiniOzoneClusterImpl-6a132c25-3902-4d06-b1e4-79a7ed3e0f57/datanode-1/data/ratis/f6ab5375-c2fe-4a61-b67f-d4b31538e167
2022-01-08 01:46:38,884 [pool-572-thread-1] INFO  server.RaftServerConfigKeys (ConfUtils.java:logGet(44)) - raft.server.log.queue.byte-limit = 2147483647 (custom)
2022-01-08 01:46:38,884 [pool-572-thread-1] INFO  server.RaftServerConfigKeys (ConfUtils.java:logGet(44)) - raft.server.log.queue.element-limit = 1024 (custom)
2022-01-08 01:46:38,884 [pool-572-thread-1] INFO  server.RaftServerConfigKeys (ConfUtils.java:logGet(44)) - raft.server.log.segment.size.max = 1048576 (custom)
2022-01-08 01:46:38,884 [pool-572-thread-1] INFO  server.RaftServerConfigKeys (ConfUtils.java:logGet(44)) - raft.server.log.preallocated.size = 16384 (custom)
2022-01-08 01:46:38,884 [pool-572-thread-1] INFO  server.RaftServerConfigKeys (ConfUtils.java:logGet(44)) - raft.server.log.force.sync.num = 128 (default)
2022-01-08 01:46:38,884 [pool-572-thread-1] INFO  server.RaftServerConfigKeys (ConfUtils.java:logGet(44)) - raft.server.log.statemachine.data.sync = true (default)
2022-01-08 01:46:38,885 [pool-572-thread-1] INFO  server.RaftServerConfigKeys (ConfUtils.java:logGet(44)) - raft.server.log.statemachine.data.sync.timeout = 10s (default)
2022-01-08 01:46:38,885 [pool-572-thread-1] INFO  server.RaftServerConfigKeys (ConfUtils.java:logGet(44)) - raft.server.log.statemachine.data.sync.timeout.retry = -1 (default)
2022-01-08 01:46:38,886 [pool-572-thread-1] INFO  server.RaftServerConfigKeys (ConfUtils.java:logGet(44)) - raft.server.log.write.buffer.size = 1048576 (custom)
2022-01-08 01:46:38,888 [pool-572-thread-1] INFO  server.RaftServerConfigKeys (ConfUtils.java:logGet(44)) - raft.server.log.statemachine.data.caching.enabled = true (custom)
2022-01-08 01:46:38,888 [pool-572-thread-1] INFO  segmented.SegmentedRaftLogWorker (SegmentedRaftLogWorker.java:lambda$new$0(133)) - 9d6916e6-e933-4839-a7aa-b025ed7fd068@group-D4B31538E167-SegmentedRaftLogWorker: flushIndex: setUnconditionally 0 -> -1
2022-01-08 01:46:38,888 [pool-572-thread-1] INFO  segmented.SegmentedRaftLogWorker (SegmentedRaftLogWorker.java:lambda$new$0(133)) - 9d6916e6-e933-4839-a7aa-b025ed7fd068@group-D4B31538E167-SegmentedRaftLogWorker: safeCacheEvictIndex: setUnconditionally 0 -> -1
2022-01-08 01:46:38,911 [pool-572-thread-1] INFO  server.RaftServerConfigKeys (ConfUtils.java:logGet(44)) - raft.server.snapshot.auto.trigger.enabled = true (custom)
2022-01-08 01:46:38,911 [pool-572-thread-1] INFO  server.RaftServerConfigKeys (ConfUtils.java:logGet(44)) - raft.server.snapshot.auto.trigger.threshold = 10000 (custom)
2022-01-08 01:46:38,911 [pool-572-thread-1] INFO  server.RaftServerConfigKeys (ConfUtils.java:logGet(44)) - raft.server.snapshot.retention.file.num = 5 (custom)
2022-01-08 01:46:38,911 [pool-572-thread-1] INFO  server.RaftServerConfigKeys (ConfUtils.java:logGet(44)) - raft.server.log.purge.upto.snapshot.index = false (default)
2022-01-08 01:46:38,911 [pool-572-thread-1] INFO  server.RaftServerConfigKeys (ConfUtils.java:logGet(44)) - raft.server.retrycache.expirytime = 600000ms (custom)
2022-01-08 01:46:38,911 [pool-572-thread-1] INFO  server.RaftServerConfigKeys (ConfUtils.java:logGet(44)) - raft.server.retrycache.statistics.expirytime = 100μs (default)
2022-01-08 01:46:38,913 [pool-572-thread-1] INFO  server.RaftServer$Division (RaftServerImpl.java:start(301)) - 9d6916e6-e933-4839-a7aa-b025ed7fd068@group-D4B31538E167: start as a follower, conf=-1: [6477641b-710a-49ab-b56b-e0f600eb5c24|rpc:10.1.0.34:38417|dataStream:|priority:0, 44471f42-9a01-4764-8909-e7e02c044ebe|rpc:10.1.0.34:44109|dataStream:|priority:1, 9d6916e6-e933-4839-a7aa-b025ed7fd068|rpc:10.1.0.34:40543|dataStream:|priority:0], old=null
2022-01-08 01:46:38,913 [pool-572-thread-1] INFO  server.RaftServer$Division (RaftServerImpl.java:setRole(290)) - 9d6916e6-e933-4839-a7aa-b025ed7fd068@group-D4B31538E167: changes role from      null to FOLLOWER at term 0 for startAsFollower
2022-01-08 01:46:38,913 [pool-572-thread-1] INFO  impl.RoleInfo (RoleInfo.java:updateAndGet(130)) - 9d6916e6-e933-4839-a7aa-b025ed7fd068: start 9d6916e6-e933-4839-a7aa-b025ed7fd068@group-D4B31538E167-FollowerState
2022-01-08 01:46:38,925 [pool-572-thread-1] INFO  util.JmxRegister (JmxRegister.java:tryRegister(44)) - Successfully registered JMX Bean with object name Ratis:service=RaftServer,group=group-D4B31538E167,id=9d6916e6-e933-4839-a7aa-b025ed7fd068
2022-01-08 01:46:38,936 [Command processor thread] INFO  commandhandler.CreatePipelineCommandHandler (CreatePipelineCommandHandler.java:handle(106)) - Created Pipeline RATIS THREE PipelineID=f6ab5375-c2fe-4a61-b67f-d4b31538e167.
2022-01-08 01:46:38,936 [Command processor thread] INFO  server.RaftServer (RaftServerProxy.java:addNew(95)) - 6477641b-710a-49ab-b56b-e0f600eb5c24: addNew group-04E649E6EF01:[6477641b-710a-49ab-b56b-e0f600eb5c24|rpc:10.1.0.34:38417|priority:0, 44471f42-9a01-4764-8909-e7e02c044ebe|rpc:10.1.0.34:44109|priority:0, 9d6916e6-e933-4839-a7aa-b025ed7fd068|rpc:10.1.0.34:40543|priority:1] returns group-04E649E6EF01:java.util.concurrent.CompletableFuture@26e9467[Not completed]
2022-01-08 01:46:38,937 [pool-551-thread-1] INFO  server.RaftServer$Division (RaftServerImpl.java:<init>(184)) - 6477641b-710a-49ab-b56b-e0f600eb5c24: new RaftServerImpl for group-04E649E6EF01:[6477641b-710a-49ab-b56b-e0f600eb5c24|rpc:10.1.0.34:38417|priority:0, 44471f42-9a01-4764-8909-e7e02c044ebe|rpc:10.1.0.34:44109|priority:0, 9d6916e6-e933-4839-a7aa-b025ed7fd068|rpc:10.1.0.34:40543|priority:1] with ContainerStateMachine:uninitialized
2022-01-08 01:46:38,937 [pool-551-thread-1] INFO  server.RaftServerConfigKeys (ConfUtils.java:logGet(44)) - raft.server.rpc.timeout.min = 5s (custom)
2022-01-08 01:46:38,937 [pool-551-thread-1] INFO  server.RaftServerConfigKeys (ConfUtils.java:logGet(44)) - raft.server.rpc.timeout.max = 5200ms (custom)
2022-01-08 01:46:38,937 [pool-551-thread-1] INFO  server.RaftServerConfigKeys (ConfUtils.java:logGet(44)) - raft.server.rpc.sleep.time = 25ms (default)
2022-01-08 01:46:38,938 [pool-551-thread-1] INFO  server.RaftServerConfigKeys (ConfUtils.java:logGet(44)) - raft.server.rpc.slowness.timeout = 300000ms (custom)
2022-01-08 01:46:38,938 [pool-551-thread-1] INFO  server.RaftServerConfigKeys (ConfUtils.java:logGet(44)) - raft.server.leaderelection.leader.step-down.wait-time = 10s (default)
2022-01-08 01:46:38,938 [pool-551-thread-1] INFO  server.RaftServerConfigKeys (ConfUtils.java:logGet(44)) - raft.server.sleep.deviation.threshold = 300ms (default)
2022-01-08 01:46:38,938 [pool-551-thread-1] INFO  server.RaftServerConfigKeys (ConfUtils.java:logGet(44)) - raft.server.log.appender.install.snapshot.enabled = false (custom)
2022-01-08 01:46:38,938 [pool-551-thread-1] INFO  server.RaftServer$Division (ServerState.java:<init>(105)) - 6477641b-710a-49ab-b56b-e0f600eb5c24@group-04E649E6EF01: ConfigurationManager, init=-1: [6477641b-710a-49ab-b56b-e0f600eb5c24|rpc:10.1.0.34:38417|priority:0, 44471f42-9a01-4764-8909-e7e02c044ebe|rpc:10.1.0.34:44109|priority:0, 9d6916e6-e933-4839-a7aa-b025ed7fd068|rpc:10.1.0.34:40543|priority:1], old=null, confs=<EMPTY_MAP>
2022-01-08 01:46:38,938 [pool-551-thread-1] INFO  server.RaftServerConfigKeys (ConfUtils.java:logGet(44)) - raft.server.storage.dir = [/home/runner/work/ozone/ozone/hadoop-ozone/integration-test/target/test-dir/MiniOzoneClusterImpl-6a132c25-3902-4d06-b1e4-79a7ed3e0f57/datanode-0/data/ratis] (custom)
2022-01-08 01:46:38,938 [pool-551-thread-1] INFO  server.RaftServerConfigKeys (ConfUtils.java:logGet(44)) - raft.server.log.corruption.policy = EXCEPTION (default)
2022-01-08 01:46:38,938 [pool-551-thread-1] INFO  server.RaftServerConfigKeys (ConfUtils.java:logGet(44)) - raft.server.storage.free-space.min = 0MB (=0) (default)
2022-01-08 01:46:38,938 [pool-551-thread-1] INFO  storage.RaftStorageDirectory (RaftStorageDirectoryImpl.java:analyzeStorage(135)) - The storage directory /home/runner/work/ozone/ozone/hadoop-ozone/integration-test/target/test-dir/MiniOzoneClusterImpl-6a132c25-3902-4d06-b1e4-79a7ed3e0f57/datanode-0/data/ratis/ebe7d31a-a166-4fb1-b6b3-04e649e6ef01 does not exist. Creating ...
2022-01-08 01:46:38,943 [pool-551-thread-1] INFO  storage.RaftStorageDirectory (RaftStorageDirectoryImpl.java:tryLock(230)) - Lock on /home/runner/work/ozone/ozone/hadoop-ozone/integration-test/target/test-dir/MiniOzoneClusterImpl-6a132c25-3902-4d06-b1e4-79a7ed3e0f57/datanode-0/data/ratis/ebe7d31a-a166-4fb1-b6b3-04e649e6ef01/in_use.lock acquired by nodename 32692@fv-az116-279
2022-01-08 01:46:38,948 [pool-551-thread-1] INFO  storage.RaftStorage (RaftStorageImpl.java:format(89)) - Storage directory /home/runner/work/ozone/ozone/hadoop-ozone/integration-test/target/test-dir/MiniOzoneClusterImpl-6a132c25-3902-4d06-b1e4-79a7ed3e0f57/datanode-0/data/ratis/ebe7d31a-a166-4fb1-b6b3-04e649e6ef01 has been successfully formatted.
2022-01-08 01:46:38,950 [EventQueue-OpenPipelineForHealthyPipelineSafeModeRule] INFO  safemode.SCMSafeModeManager (HealthyPipelineSafeModeRule.java:process(124)) - SCM in safe mode. Healthy pipelines reported count is 0, required healthy pipeline reported count is 1
2022-01-08 01:46:38,951 [pool-551-thread-1] INFO  ratis.ContainerStateMachine (ContainerStateMachine.java:loadSnapshot(231)) - group-04E649E6EF01: The snapshot info is null. Setting the last applied indexto:(t:0, i:~)
2022-01-08 01:46:38,951 [pool-551-thread-1] INFO  server.RaftServerConfigKeys (ConfUtils.java:logGet(44)) - raft.server.notification.no-leader.timeout = 300000ms (custom)
2022-01-08 01:46:38,951 [pool-551-thread-1] INFO  server.RaftServerConfigKeys (ConfUtils.java:logGet(44)) - raft.server.log.use.memory = false (default)
2022-01-08 01:46:38,951 [pool-551-thread-1] INFO  server.RaftServerConfigKeys (ConfUtils.java:logGet(44)) - raft.server.log.purge.gap = 1000000 (custom)
2022-01-08 01:46:38,951 [pool-551-thread-1] INFO  server.RaftServerConfigKeys (ConfUtils.java:logGet(44)) - raft.server.log.appender.buffer.byte-limit = 33554432 (custom)
2022-01-08 01:46:38,951 [pool-551-thread-1] INFO  server.RaftServerConfigKeys (ConfUtils.java:logGet(44)) - raft.server.log.segment.size.max = 1048576 (custom)
2022-01-08 01:46:38,952 [pool-551-thread-1] INFO  server.RaftServerConfigKeys (ConfUtils.java:logGet(44)) - raft.server.log.segment.cache.num.max = 2 (custom)
2022-01-08 01:46:38,952 [pool-551-thread-1] INFO  server.RaftServerConfigKeys (ConfUtils.java:logGet(44)) - raft.server.log.segment.cache.size.max = 200MB (=209715200) (default)
2022-01-08 01:46:38,952 [pool-551-thread-1] INFO  segmented.SegmentedRaftLogWorker (SegmentedRaftLogWorker.java:<init>(182)) - new 6477641b-710a-49ab-b56b-e0f600eb5c24@group-04E649E6EF01-SegmentedRaftLogWorker for RaftStorageImpl:Storage Directory /home/runner/work/ozone/ozone/hadoop-ozone/integration-test/target/test-dir/MiniOzoneClusterImpl-6a132c25-3902-4d06-b1e4-79a7ed3e0f57/datanode-0/data/ratis/ebe7d31a-a166-4fb1-b6b3-04e649e6ef01
2022-01-08 01:46:38,952 [pool-551-thread-1] INFO  server.RaftServerConfigKeys (ConfUtils.java:logGet(44)) - raft.server.log.queue.byte-limit = 2147483647 (custom)
2022-01-08 01:46:38,952 [pool-551-thread-1] INFO  server.RaftServerConfigKeys (ConfUtils.java:logGet(44)) - raft.server.log.queue.element-limit = 1024 (custom)
2022-01-08 01:46:38,952 [pool-551-thread-1] INFO  server.RaftServerConfigKeys (ConfUtils.java:logGet(44)) - raft.server.log.segment.size.max = 1048576 (custom)
2022-01-08 01:46:38,952 [pool-551-thread-1] INFO  server.RaftServerConfigKeys (ConfUtils.java:logGet(44)) - raft.server.log.preallocated.size = 16384 (custom)
2022-01-08 01:46:38,952 [pool-551-thread-1] INFO  server.RaftServerConfigKeys (ConfUtils.java:logGet(44)) - raft.server.log.force.sync.num = 128 (default)
2022-01-08 01:46:38,952 [pool-551-thread-1] INFO  server.RaftServerConfigKeys (ConfUtils.java:logGet(44)) - raft.server.log.statemachine.data.sync = true (default)
2022-01-08 01:46:38,952 [pool-551-thread-1] INFO  server.RaftServerConfigKeys (ConfUtils.java:logGet(44)) - raft.server.log.statemachine.data.sync.timeout = 10s (default)
2022-01-08 01:46:38,952 [pool-551-thread-1] INFO  server.RaftServerConfigKeys (ConfUtils.java:logGet(44)) - raft.server.log.statemachine.data.sync.timeout.retry = -1 (default)
2022-01-08 01:46:38,953 [pool-551-thread-1] INFO  server.RaftServerConfigKeys (ConfUtils.java:logGet(44)) - raft.server.log.write.buffer.size = 1048576 (custom)
2022-01-08 01:46:38,954 [pool-551-thread-1] INFO  server.RaftServerConfigKeys (ConfUtils.java:logGet(44)) - raft.server.log.statemachine.data.caching.enabled = true (custom)
2022-01-08 01:46:38,954 [pool-551-thread-1] INFO  segmented.SegmentedRaftLogWorker (SegmentedRaftLogWorker.java:lambda$new$0(133)) - 6477641b-710a-49ab-b56b-e0f600eb5c24@group-04E649E6EF01-SegmentedRaftLogWorker: flushIndex: setUnconditionally 0 -> -1
2022-01-08 01:46:38,954 [pool-551-thread-1] INFO  segmented.SegmentedRaftLogWorker (SegmentedRaftLogWorker.java:lambda$new$0(133)) - 6477641b-710a-49ab-b56b-e0f600eb5c24@group-04E649E6EF01-SegmentedRaftLogWorker: safeCacheEvictIndex: setUnconditionally 0 -> -1
2022-01-08 01:46:38,954 [pool-551-thread-1] INFO  server.RaftServerConfigKeys (ConfUtils.java:logGet(44)) - raft.server.snapshot.auto.trigger.enabled = true (custom)
2022-01-08 01:46:38,954 [pool-551-thread-1] INFO  server.RaftServerConfigKeys (ConfUtils.java:logGet(44)) - raft.server.snapshot.auto.trigger.threshold = 10000 (custom)
2022-01-08 01:46:38,954 [pool-551-thread-1] INFO  server.RaftServerConfigKeys (ConfUtils.java:logGet(44)) - raft.server.snapshot.retention.file.num = 5 (custom)
2022-01-08 01:46:38,954 [pool-551-thread-1] INFO  server.RaftServerConfigKeys (ConfUtils.java:logGet(44)) - raft.server.log.purge.upto.snapshot.index = false (default)
2022-01-08 01:46:38,954 [pool-551-thread-1] INFO  server.RaftServerConfigKeys (ConfUtils.java:logGet(44)) - raft.server.retrycache.expirytime = 600000ms (custom)
2022-01-08 01:46:38,954 [pool-551-thread-1] INFO  server.RaftServerConfigKeys (ConfUtils.java:logGet(44)) - raft.server.retrycache.statistics.expirytime = 100μs (default)
2022-01-08 01:46:38,956 [pool-551-thread-1] INFO  server.RaftServer$Division (RaftServerImpl.java:start(301)) - 6477641b-710a-49ab-b56b-e0f600eb5c24@group-04E649E6EF01: start as a follower, conf=-1: [6477641b-710a-49ab-b56b-e0f600eb5c24|rpc:10.1.0.34:38417|priority:0, 44471f42-9a01-4764-8909-e7e02c044ebe|rpc:10.1.0.34:44109|priority:0, 9d6916e6-e933-4839-a7aa-b025ed7fd068|rpc:10.1.0.34:40543|priority:1], old=null
2022-01-08 01:46:38,956 [pool-551-thread-1] INFO  server.RaftServer$Division (RaftServerImpl.java:setRole(290)) - 6477641b-710a-49ab-b56b-e0f600eb5c24@group-04E649E6EF01: changes role from      null to FOLLOWER at term 0 for startAsFollower
2022-01-08 01:46:38,956 [pool-551-thread-1] INFO  impl.RoleInfo (RoleInfo.java:updateAndGet(130)) - 6477641b-710a-49ab-b56b-e0f600eb5c24: start 6477641b-710a-49ab-b56b-e0f600eb5c24@group-04E649E6EF01-FollowerState
2022-01-08 01:46:38,965 [pool-551-thread-1] INFO  util.JmxRegister (JmxRegister.java:tryRegister(44)) - Successfully registered JMX Bean with object name Ratis:service=RaftServer,group=group-04E649E6EF01,id=6477641b-710a-49ab-b56b-e0f600eb5c24
2022-01-08 01:46:38,975 [Command processor thread] INFO  ratis.XceiverServerRatis (XceiverServerRatis.java:addGroup(768)) - Created group PipelineID=ebe7d31a-a166-4fb1-b6b3-04e649e6ef01
2022-01-08 01:46:38,975 [Command processor thread] INFO  server.RaftServer (RaftServerProxy.java:addNew(95)) - 9d6916e6-e933-4839-a7aa-b025ed7fd068: addNew group-F33B4351AC6E:[9d6916e6-e933-4839-a7aa-b025ed7fd068|rpc:10.1.0.34:40543|priority:1] returns group-F33B4351AC6E:java.util.concurrent.CompletableFuture@3da03627[Not completed]
2022-01-08 01:46:38,980 [pool-572-thread-1] INFO  server.RaftServer$Division (RaftServerImpl.java:<init>(184)) - 9d6916e6-e933-4839-a7aa-b025ed7fd068: new RaftServerImpl for group-F33B4351AC6E:[9d6916e6-e933-4839-a7aa-b025ed7fd068|rpc:10.1.0.34:40543|priority:1] with ContainerStateMachine:uninitialized
2022-01-08 01:46:38,980 [pool-572-thread-1] INFO  server.RaftServerConfigKeys (ConfUtils.java:logGet(44)) - raft.server.rpc.timeout.min = 5s (custom)
2022-01-08 01:46:38,980 [pool-572-thread-1] INFO  server.RaftServerConfigKeys (ConfUtils.java:logGet(44)) - raft.server.rpc.timeout.max = 5200ms (custom)
2022-01-08 01:46:38,981 [pool-572-thread-1] INFO  server.RaftServerConfigKeys (ConfUtils.java:logGet(44)) - raft.server.rpc.sleep.time = 25ms (default)
2022-01-08 01:46:38,981 [pool-572-thread-1] INFO  server.RaftServerConfigKeys (ConfUtils.java:logGet(44)) - raft.server.rpc.slowness.timeout = 300000ms (custom)
2022-01-08 01:46:38,981 [pool-572-thread-1] INFO  server.RaftServerConfigKeys (ConfUtils.java:logGet(44)) - raft.server.leaderelection.leader.step-down.wait-time = 10s (default)
2022-01-08 01:46:38,981 [pool-572-thread-1] INFO  server.RaftServerConfigKeys (ConfUtils.java:logGet(44)) - raft.server.sleep.deviation.threshold = 300ms (default)
2022-01-08 01:46:38,981 [pool-572-thread-1] INFO  server.RaftServerConfigKeys (ConfUtils.java:logGet(44)) - raft.server.log.appender.install.snapshot.enabled = false (custom)
2022-01-08 01:46:38,981 [pool-572-thread-1] INFO  server.RaftServer$Division (ServerState.java:<init>(105)) - 9d6916e6-e933-4839-a7aa-b025ed7fd068@group-F33B4351AC6E: ConfigurationManager, init=-1: [9d6916e6-e933-4839-a7aa-b025ed7fd068|rpc:10.1.0.34:40543|priority:1], old=null, confs=<EMPTY_MAP>
2022-01-08 01:46:38,981 [pool-572-thread-1] INFO  server.RaftServerConfigKeys (ConfUtils.java:logGet(44)) - raft.server.storage.dir = [/home/runner/work/ozone/ozone/hadoop-ozone/integration-test/target/test-dir/MiniOzoneClusterImpl-6a132c25-3902-4d06-b1e4-79a7ed3e0f57/datanode-1/data/ratis] (custom)
2022-01-08 01:46:38,981 [pool-572-thread-1] INFO  server.RaftServerConfigKeys (ConfUtils.java:logGet(44)) - raft.server.log.corruption.policy = EXCEPTION (default)
2022-01-08 01:46:38,981 [pool-572-thread-1] INFO  server.RaftServerConfigKeys (ConfUtils.java:logGet(44)) - raft.server.storage.free-space.min = 0MB (=0) (default)
2022-01-08 01:46:38,981 [pool-572-thread-1] INFO  storage.RaftStorageDirectory (RaftStorageDirectoryImpl.java:analyzeStorage(135)) - The storage directory /home/runner/work/ozone/ozone/hadoop-ozone/integration-test/target/test-dir/MiniOzoneClusterImpl-6a132c25-3902-4d06-b1e4-79a7ed3e0f57/datanode-1/data/ratis/3c427e93-4362-4243-92cd-f33b4351ac6e does not exist. Creating ...
2022-01-08 01:46:38,985 [pool-572-thread-1] INFO  storage.RaftStorageDirectory (RaftStorageDirectoryImpl.java:tryLock(230)) - Lock on /home/runner/work/ozone/ozone/hadoop-ozone/integration-test/target/test-dir/MiniOzoneClusterImpl-6a132c25-3902-4d06-b1e4-79a7ed3e0f57/datanode-1/data/ratis/3c427e93-4362-4243-92cd-f33b4351ac6e/in_use.lock acquired by nodename 32692@fv-az116-279
2022-01-08 01:46:38,985 [grpc-default-executor-3] INFO  server.RaftServer (RaftServerProxy.java:addNew(95)) - 44471f42-9a01-4764-8909-e7e02c044ebe: addNew group-04E649E6EF01:[6477641b-710a-49ab-b56b-e0f600eb5c24|rpc:10.1.0.34:38417|dataStream:|priority:0, 44471f42-9a01-4764-8909-e7e02c044ebe|rpc:10.1.0.34:44109|dataStream:|priority:0, 9d6916e6-e933-4839-a7aa-b025ed7fd068|rpc:10.1.0.34:40543|dataStream:|priority:1] returns group-04E649E6EF01:java.util.concurrent.CompletableFuture@65b8c123[Not completed]
2022-01-08 01:46:38,986 [pool-593-thread-1] INFO  server.RaftServer$Division (RaftServerImpl.java:<init>(184)) - 44471f42-9a01-4764-8909-e7e02c044ebe: new RaftServerImpl for group-04E649E6EF01:[6477641b-710a-49ab-b56b-e0f600eb5c24|rpc:10.1.0.34:38417|dataStream:|priority:0, 44471f42-9a01-4764-8909-e7e02c044ebe|rpc:10.1.0.34:44109|dataStream:|priority:0, 9d6916e6-e933-4839-a7aa-b025ed7fd068|rpc:10.1.0.34:40543|dataStream:|priority:1] with ContainerStateMachine:uninitialized
2022-01-08 01:46:38,986 [pool-593-thread-1] INFO  server.RaftServerConfigKeys (ConfUtils.java:logGet(44)) - raft.server.rpc.timeout.min = 5s (custom)
2022-01-08 01:46:38,986 [pool-593-thread-1] INFO  server.RaftServerConfigKeys (ConfUtils.java:logGet(44)) - raft.server.rpc.timeout.max = 5200ms (custom)
2022-01-08 01:46:38,986 [pool-593-thread-1] INFO  server.RaftServerConfigKeys (ConfUtils.java:logGet(44)) - raft.server.rpc.sleep.time = 25ms (default)
2022-01-08 01:46:38,986 [pool-593-thread-1] INFO  server.RaftServerConfigKeys (ConfUtils.java:logGet(44)) - raft.server.rpc.slowness.timeout = 300000ms (custom)
2022-01-08 01:46:38,987 [pool-593-thread-1] INFO  server.RaftServerConfigKeys (ConfUtils.java:logGet(44)) - raft.server.leaderelection.leader.step-down.wait-time = 10s (default)
2022-01-08 01:46:38,987 [pool-593-thread-1] INFO  server.RaftServerConfigKeys (ConfUtils.java:logGet(44)) - raft.server.sleep.deviation.threshold = 300ms (default)
2022-01-08 01:46:38,987 [pool-593-thread-1] INFO  server.RaftServerConfigKeys (ConfUtils.java:logGet(44)) - raft.server.log.appender.install.snapshot.enabled = false (custom)
2022-01-08 01:46:38,987 [pool-593-thread-1] INFO  server.RaftServer$Division (ServerState.java:<init>(105)) - 44471f42-9a01-4764-8909-e7e02c044ebe@group-04E649E6EF01: ConfigurationManager, init=-1: [6477641b-710a-49ab-b56b-e0f600eb5c24|rpc:10.1.0.34:38417|dataStream:|priority:0, 44471f42-9a01-4764-8909-e7e02c044ebe|rpc:10.1.0.34:44109|dataStream:|priority:0, 9d6916e6-e933-4839-a7aa-b025ed7fd068|rpc:10.1.0.34:40543|dataStream:|priority:1], old=null, confs=<EMPTY_MAP>
2022-01-08 01:46:38,987 [pool-593-thread-1] INFO  server.RaftServerConfigKeys (ConfUtils.java:logGet(44)) - raft.server.storage.dir = [/home/runner/work/ozone/ozone/hadoop-ozone/integration-test/target/test-dir/MiniOzoneClusterImpl-6a132c25-3902-4d06-b1e4-79a7ed3e0f57/datanode-2/data/ratis] (custom)
2022-01-08 01:46:38,987 [pool-593-thread-1] INFO  server.RaftServerConfigKeys (ConfUtils.java:logGet(44)) - raft.server.log.corruption.policy = EXCEPTION (default)
2022-01-08 01:46:38,987 [pool-593-thread-1] INFO  server.RaftServerConfigKeys (ConfUtils.java:logGet(44)) - raft.server.storage.free-space.min = 0MB (=0) (default)
2022-01-08 01:46:38,987 [pool-593-thread-1] INFO  storage.RaftStorageDirectory (RaftStorageDirectoryImpl.java:analyzeStorage(135)) - The storage directory /home/runner/work/ozone/ozone/hadoop-ozone/integration-test/target/test-dir/MiniOzoneClusterImpl-6a132c25-3902-4d06-b1e4-79a7ed3e0f57/datanode-2/data/ratis/ebe7d31a-a166-4fb1-b6b3-04e649e6ef01 does not exist. Creating ...
2022-01-08 01:46:38,995 [pool-572-thread-1] INFO  storage.RaftStorage (RaftStorageImpl.java:format(89)) - Storage directory /home/runner/work/ozone/ozone/hadoop-ozone/integration-test/target/test-dir/MiniOzoneClusterImpl-6a132c25-3902-4d06-b1e4-79a7ed3e0f57/datanode-1/data/ratis/3c427e93-4362-4243-92cd-f33b4351ac6e has been successfully formatted.
2022-01-08 01:46:38,995 [pool-572-thread-1] INFO  ratis.ContainerStateMachine (ContainerStateMachine.java:loadSnapshot(231)) - group-F33B4351AC6E: The snapshot info is null. Setting the last applied indexto:(t:0, i:~)
2022-01-08 01:46:38,995 [pool-572-thread-1] INFO  server.RaftServerConfigKeys (ConfUtils.java:logGet(44)) - raft.server.notification.no-leader.timeout = 300000ms (custom)
2022-01-08 01:46:38,995 [pool-572-thread-1] INFO  server.RaftServerConfigKeys (ConfUtils.java:logGet(44)) - raft.server.log.use.memory = false (default)
2022-01-08 01:46:38,995 [pool-572-thread-1] INFO  server.RaftServerConfigKeys (ConfUtils.java:logGet(44)) - raft.server.log.purge.gap = 1000000 (custom)
2022-01-08 01:46:38,995 [pool-572-thread-1] INFO  server.RaftServerConfigKeys (ConfUtils.java:logGet(44)) - raft.server.log.appender.buffer.byte-limit = 33554432 (custom)
2022-01-08 01:46:38,995 [pool-572-thread-1] INFO  server.RaftServerConfigKeys (ConfUtils.java:logGet(44)) - raft.server.log.segment.size.max = 1048576 (custom)
2022-01-08 01:46:38,996 [pool-572-thread-1] INFO  server.RaftServerConfigKeys (ConfUtils.java:logGet(44)) - raft.server.log.segment.cache.num.max = 2 (custom)
2022-01-08 01:46:38,996 [pool-572-thread-1] INFO  server.RaftServerConfigKeys (ConfUtils.java:logGet(44)) - raft.server.log.segment.cache.size.max = 200MB (=209715200) (default)
2022-01-08 01:46:38,996 [pool-572-thread-1] INFO  segmented.SegmentedRaftLogWorker (SegmentedRaftLogWorker.java:<init>(182)) - new 9d6916e6-e933-4839-a7aa-b025ed7fd068@group-F33B4351AC6E-SegmentedRaftLogWorker for RaftStorageImpl:Storage Directory /home/runner/work/ozone/ozone/hadoop-ozone/integration-test/target/test-dir/MiniOzoneClusterImpl-6a132c25-3902-4d06-b1e4-79a7ed3e0f57/datanode-1/data/ratis/3c427e93-4362-4243-92cd-f33b4351ac6e
2022-01-08 01:46:38,996 [pool-572-thread-1] INFO  server.RaftServerConfigKeys (ConfUtils.java:logGet(44)) - raft.server.log.queue.byte-limit = 2147483647 (custom)
2022-01-08 01:46:38,996 [pool-572-thread-1] INFO  server.RaftServerConfigKeys (ConfUtils.java:logGet(44)) - raft.server.log.queue.element-limit = 1024 (custom)
2022-01-08 01:46:38,996 [pool-572-thread-1] INFO  server.RaftServerConfigKeys (ConfUtils.java:logGet(44)) - raft.server.log.segment.size.max = 1048576 (custom)
2022-01-08 01:46:38,996 [pool-572-thread-1] INFO  server.RaftServerConfigKeys (ConfUtils.java:logGet(44)) - raft.server.log.preallocated.size = 16384 (custom)
2022-01-08 01:46:38,996 [pool-572-thread-1] INFO  server.RaftServerConfigKeys (ConfUtils.java:logGet(44)) - raft.server.log.force.sync.num = 128 (default)
2022-01-08 01:46:38,996 [pool-572-thread-1] INFO  server.RaftServerConfigKeys (ConfUtils.java:logGet(44)) - raft.server.log.statemachine.data.sync = true (default)
2022-01-08 01:46:38,996 [pool-572-thread-1] INFO  server.RaftServerConfigKeys (ConfUtils.java:logGet(44)) - raft.server.log.statemachine.data.sync.timeout = 10s (default)
2022-01-08 01:46:38,996 [pool-572-thread-1] INFO  server.RaftServerConfigKeys (ConfUtils.java:logGet(44)) - raft.server.log.statemachine.data.sync.timeout.retry = -1 (default)
2022-01-08 01:46:38,997 [pool-572-thread-1] INFO  server.RaftServerConfigKeys (ConfUtils.java:logGet(44)) - raft.server.log.write.buffer.size = 1048576 (custom)
2022-01-08 01:46:38,998 [pool-572-thread-1] INFO  server.RaftServerConfigKeys (ConfUtils.java:logGet(44)) - raft.server.log.statemachine.data.caching.enabled = true (custom)
2022-01-08 01:46:38,998 [pool-572-thread-1] INFO  segmented.SegmentedRaftLogWorker (SegmentedRaftLogWorker.java:lambda$new$0(133)) - 9d6916e6-e933-4839-a7aa-b025ed7fd068@group-F33B4351AC6E-SegmentedRaftLogWorker: flushIndex: setUnconditionally 0 -> -1
2022-01-08 01:46:38,998 [pool-572-thread-1] INFO  segmented.SegmentedRaftLogWorker (SegmentedRaftLogWorker.java:lambda$new$0(133)) - 9d6916e6-e933-4839-a7aa-b025ed7fd068@group-F33B4351AC6E-SegmentedRaftLogWorker: safeCacheEvictIndex: setUnconditionally 0 -> -1
2022-01-08 01:46:38,999 [pool-593-thread-1] INFO  storage.RaftStorageDirectory (RaftStorageDirectoryImpl.java:tryLock(230)) - Lock on /home/runner/work/ozone/ozone/hadoop-ozone/integration-test/target/test-dir/MiniOzoneClusterImpl-6a132c25-3902-4d06-b1e4-79a7ed3e0f57/datanode-2/data/ratis/ebe7d31a-a166-4fb1-b6b3-04e649e6ef01/in_use.lock acquired by nodename 32692@fv-az116-279
2022-01-08 01:46:39,002 [pool-593-thread-1] INFO  storage.RaftStorage (RaftStorageImpl.java:format(89)) - Storage directory /home/runner/work/ozone/ozone/hadoop-ozone/integration-test/target/test-dir/MiniOzoneClusterImpl-6a132c25-3902-4d06-b1e4-79a7ed3e0f57/datanode-2/data/ratis/ebe7d31a-a166-4fb1-b6b3-04e649e6ef01 has been successfully formatted.
2022-01-08 01:46:39,007 [pool-572-thread-1] INFO  server.RaftServerConfigKeys (ConfUtils.java:logGet(44)) - raft.server.snapshot.auto.trigger.enabled = true (custom)
2022-01-08 01:46:39,007 [pool-572-thread-1] INFO  server.RaftServerConfigKeys (ConfUtils.java:logGet(44)) - raft.server.snapshot.auto.trigger.threshold = 10000 (custom)
2022-01-08 01:46:39,007 [pool-572-thread-1] INFO  server.RaftServerConfigKeys (ConfUtils.java:logGet(44)) - raft.server.snapshot.retention.file.num = 5 (custom)
2022-01-08 01:46:39,007 [pool-572-thread-1] INFO  server.RaftServerConfigKeys (ConfUtils.java:logGet(44)) - raft.server.log.purge.upto.snapshot.index = false (default)
2022-01-08 01:46:39,008 [pool-572-thread-1] INFO  server.RaftServerConfigKeys (ConfUtils.java:logGet(44)) - raft.server.retrycache.expirytime = 600000ms (custom)
2022-01-08 01:46:39,008 [pool-572-thread-1] INFO  server.RaftServerConfigKeys (ConfUtils.java:logGet(44)) - raft.server.retrycache.statistics.expirytime = 100μs (default)
2022-01-08 01:46:39,009 [pool-572-thread-1] INFO  server.RaftServer$Division (RaftServerImpl.java:start(301)) - 9d6916e6-e933-4839-a7aa-b025ed7fd068@group-F33B4351AC6E: start as a follower, conf=-1: [9d6916e6-e933-4839-a7aa-b025ed7fd068|rpc:10.1.0.34:40543|priority:1], old=null
2022-01-08 01:46:39,009 [pool-572-thread-1] INFO  server.RaftServer$Division (RaftServerImpl.java:setRole(290)) - 9d6916e6-e933-4839-a7aa-b025ed7fd068@group-F33B4351AC6E: changes role from      null to FOLLOWER at term 0 for startAsFollower
2022-01-08 01:46:39,009 [pool-572-thread-1] INFO  impl.RoleInfo (RoleInfo.java:updateAndGet(130)) - 9d6916e6-e933-4839-a7aa-b025ed7fd068: start 9d6916e6-e933-4839-a7aa-b025ed7fd068@group-F33B4351AC6E-FollowerState
2022-01-08 01:46:39,015 [pool-572-thread-1] INFO  util.JmxRegister (JmxRegister.java:tryRegister(44)) - Successfully registered JMX Bean with object name Ratis:service=RaftServer,group=group-F33B4351AC6E,id=9d6916e6-e933-4839-a7aa-b025ed7fd068
2022-01-08 01:46:39,035 [Command processor thread] INFO  ratis.XceiverServerRatis (XceiverServerRatis.java:addGroup(768)) - Created group PipelineID=3c427e93-4362-4243-92cd-f33b4351ac6e
2022-01-08 01:46:39,035 [Command processor thread] INFO  commandhandler.CreatePipelineCommandHandler (CreatePipelineCommandHandler.java:handle(106)) - Created Pipeline RATIS ONE PipelineID=3c427e93-4362-4243-92cd-f33b4351ac6e.
2022-01-08 01:46:39,035 [Command processor thread] INFO  server.RaftServer (RaftServerProxy.java:addNew(95)) - 9d6916e6-e933-4839-a7aa-b025ed7fd068: addNew group-04E649E6EF01:[6477641b-710a-49ab-b56b-e0f600eb5c24|rpc:10.1.0.34:38417|priority:0, 44471f42-9a01-4764-8909-e7e02c044ebe|rpc:10.1.0.34:44109|priority:0, 9d6916e6-e933-4839-a7aa-b025ed7fd068|rpc:10.1.0.34:40543|priority:1] returns group-04E649E6EF01:java.util.concurrent.CompletableFuture@3367dfe3[Not completed]
2022-01-08 01:46:39,044 [pool-572-thread-1] INFO  server.RaftServer$Division (RaftServerImpl.java:<init>(184)) - 9d6916e6-e933-4839-a7aa-b025ed7fd068: new RaftServerImpl for group-04E649E6EF01:[6477641b-710a-49ab-b56b-e0f600eb5c24|rpc:10.1.0.34:38417|priority:0, 44471f42-9a01-4764-8909-e7e02c044ebe|rpc:10.1.0.34:44109|priority:0, 9d6916e6-e933-4839-a7aa-b025ed7fd068|rpc:10.1.0.34:40543|priority:1] with ContainerStateMachine:uninitialized
2022-01-08 01:46:39,044 [pool-572-thread-1] INFO  server.RaftServerConfigKeys (ConfUtils.java:logGet(44)) - raft.server.rpc.timeout.min = 5s (custom)
2022-01-08 01:46:39,044 [pool-572-thread-1] INFO  server.RaftServerConfigKeys (ConfUtils.java:logGet(44)) - raft.server.rpc.timeout.max = 5200ms (custom)
2022-01-08 01:46:39,044 [pool-572-thread-1] INFO  server.RaftServerConfigKeys (ConfUtils.java:logGet(44)) - raft.server.rpc.sleep.time = 25ms (default)
2022-01-08 01:46:39,044 [pool-572-thread-1] INFO  server.RaftServerConfigKeys (ConfUtils.java:logGet(44)) - raft.server.rpc.slowness.timeout = 300000ms (custom)
2022-01-08 01:46:39,044 [pool-572-thread-1] INFO  server.RaftServerConfigKeys (ConfUtils.java:logGet(44)) - raft.server.leaderelection.leader.step-down.wait-time = 10s (default)
2022-01-08 01:46:39,044 [pool-572-thread-1] INFO  server.RaftServerConfigKeys (ConfUtils.java:logGet(44)) - raft.server.sleep.deviation.threshold = 300ms (default)
2022-01-08 01:46:39,044 [pool-572-thread-1] INFO  server.RaftServerConfigKeys (ConfUtils.java:logGet(44)) - raft.server.log.appender.install.snapshot.enabled = false (custom)
2022-01-08 01:46:39,044 [pool-572-thread-1] INFO  server.RaftServer$Division (ServerState.java:<init>(105)) - 9d6916e6-e933-4839-a7aa-b025ed7fd068@group-04E649E6EF01: ConfigurationManager, init=-1: [6477641b-710a-49ab-b56b-e0f600eb5c24|rpc:10.1.0.34:38417|priority:0, 44471f42-9a01-4764-8909-e7e02c044ebe|rpc:10.1.0.34:44109|priority:0, 9d6916e6-e933-4839-a7aa-b025ed7fd068|rpc:10.1.0.34:40543|priority:1], old=null, confs=<EMPTY_MAP>
2022-01-08 01:46:39,044 [pool-572-thread-1] INFO  server.RaftServerConfigKeys (ConfUtils.java:logGet(44)) - raft.server.storage.dir = [/home/runner/work/ozone/ozone/hadoop-ozone/integration-test/target/test-dir/MiniOzoneClusterImpl-6a132c25-3902-4d06-b1e4-79a7ed3e0f57/datanode-1/data/ratis] (custom)
2022-01-08 01:46:39,044 [pool-572-thread-1] INFO  server.RaftServerConfigKeys (ConfUtils.java:logGet(44)) - raft.server.log.corruption.policy = EXCEPTION (default)
2022-01-08 01:46:39,044 [pool-572-thread-1] INFO  server.RaftServerConfigKeys (ConfUtils.java:logGet(44)) - raft.server.storage.free-space.min = 0MB (=0) (default)
2022-01-08 01:46:39,044 [pool-572-thread-1] INFO  storage.RaftStorageDirectory (RaftStorageDirectoryImpl.java:analyzeStorage(135)) - The storage directory /home/runner/work/ozone/ozone/hadoop-ozone/integration-test/target/test-dir/MiniOzoneClusterImpl-6a132c25-3902-4d06-b1e4-79a7ed3e0f57/datanode-1/data/ratis/ebe7d31a-a166-4fb1-b6b3-04e649e6ef01 does not exist. Creating ...
2022-01-08 01:46:39,045 [pool-593-thread-1] INFO  ratis.ContainerStateMachine (ContainerStateMachine.java:loadSnapshot(231)) - group-04E649E6EF01: The snapshot info is null. Setting the last applied indexto:(t:0, i:~)
2022-01-08 01:46:39,045 [pool-593-thread-1] INFO  server.RaftServerConfigKeys (ConfUtils.java:logGet(44)) - raft.server.notification.no-leader.timeout = 300000ms (custom)
2022-01-08 01:46:39,045 [pool-593-thread-1] INFO  server.RaftServerConfigKeys (ConfUtils.java:logGet(44)) - raft.server.log.use.memory = false (default)
2022-01-08 01:46:39,045 [pool-593-thread-1] INFO  server.RaftServerConfigKeys (ConfUtils.java:logGet(44)) - raft.server.log.purge.gap = 1000000 (custom)
2022-01-08 01:46:39,045 [pool-593-thread-1] INFO  server.RaftServerConfigKeys (ConfUtils.java:logGet(44)) - raft.server.log.appender.buffer.byte-limit = 33554432 (custom)
2022-01-08 01:46:39,046 [pool-593-thread-1] INFO  server.RaftServerConfigKeys (ConfUtils.java:logGet(44)) - raft.server.log.segment.size.max = 1048576 (custom)
2022-01-08 01:46:39,046 [pool-593-thread-1] INFO  server.RaftServerConfigKeys (ConfUtils.java:logGet(44)) - raft.server.log.segment.cache.num.max = 2 (custom)
2022-01-08 01:46:39,046 [pool-593-thread-1] INFO  server.RaftServerConfigKeys (ConfUtils.java:logGet(44)) - raft.server.log.segment.cache.size.max = 200MB (=209715200) (default)
2022-01-08 01:46:39,046 [pool-593-thread-1] INFO  segmented.SegmentedRaftLogWorker (SegmentedRaftLogWorker.java:<init>(182)) - new 44471f42-9a01-4764-8909-e7e02c044ebe@group-04E649E6EF01-SegmentedRaftLogWorker for RaftStorageImpl:Storage Directory /home/runner/work/ozone/ozone/hadoop-ozone/integration-test/target/test-dir/MiniOzoneClusterImpl-6a132c25-3902-4d06-b1e4-79a7ed3e0f57/datanode-2/data/ratis/ebe7d31a-a166-4fb1-b6b3-04e649e6ef01
2022-01-08 01:46:39,046 [pool-593-thread-1] INFO  server.RaftServerConfigKeys (ConfUtils.java:logGet(44)) - raft.server.log.queue.byte-limit = 2147483647 (custom)
2022-01-08 01:46:39,046 [pool-593-thread-1] INFO  server.RaftServerConfigKeys (ConfUtils.java:logGet(44)) - raft.server.log.queue.element-limit = 1024 (custom)
2022-01-08 01:46:39,046 [pool-593-thread-1] INFO  server.RaftServerConfigKeys (ConfUtils.java:logGet(44)) - raft.server.log.segment.size.max = 1048576 (custom)
2022-01-08 01:46:39,046 [pool-593-thread-1] INFO  server.RaftServerConfigKeys (ConfUtils.java:logGet(44)) - raft.server.log.preallocated.size = 16384 (custom)
2022-01-08 01:46:39,046 [pool-593-thread-1] INFO  server.RaftServerConfigKeys (ConfUtils.java:logGet(44)) - raft.server.log.force.sync.num = 128 (default)
2022-01-08 01:46:39,046 [pool-593-thread-1] INFO  server.RaftServerConfigKeys (ConfUtils.java:logGet(44)) - raft.server.log.statemachine.data.sync = true (default)
2022-01-08 01:46:39,046 [pool-593-thread-1] INFO  server.RaftServerConfigKeys (ConfUtils.java:logGet(44)) - raft.server.log.statemachine.data.sync.timeout = 10s (default)
2022-01-08 01:46:39,046 [pool-593-thread-1] INFO  server.RaftServerConfigKeys (ConfUtils.java:logGet(44)) - raft.server.log.statemachine.data.sync.timeout.retry = -1 (default)
2022-01-08 01:46:39,047 [pool-572-thread-1] INFO  storage.RaftStorageDirectory (RaftStorageDirectoryImpl.java:tryLock(230)) - Lock on /home/runner/work/ozone/ozone/hadoop-ozone/integration-test/target/test-dir/MiniOzoneClusterImpl-6a132c25-3902-4d06-b1e4-79a7ed3e0f57/datanode-1/data/ratis/ebe7d31a-a166-4fb1-b6b3-04e649e6ef01/in_use.lock acquired by nodename 32692@fv-az116-279
2022-01-08 01:46:39,048 [pool-593-thread-1] INFO  server.RaftServerConfigKeys (ConfUtils.java:logGet(44)) - raft.server.log.write.buffer.size = 1048576 (custom)
2022-01-08 01:46:39,048 [pool-593-thread-1] INFO  server.RaftServerConfigKeys (ConfUtils.java:logGet(44)) - raft.server.log.statemachine.data.caching.enabled = true (custom)
2022-01-08 01:46:39,049 [pool-572-thread-1] INFO  storage.RaftStorage (RaftStorageImpl.java:format(89)) - Storage directory /home/runner/work/ozone/ozone/hadoop-ozone/integration-test/target/test-dir/MiniOzoneClusterImpl-6a132c25-3902-4d06-b1e4-79a7ed3e0f57/datanode-1/data/ratis/ebe7d31a-a166-4fb1-b6b3-04e649e6ef01 has been successfully formatted.
2022-01-08 01:46:39,049 [pool-593-thread-1] INFO  segmented.SegmentedRaftLogWorker (SegmentedRaftLogWorker.java:lambda$new$0(133)) - 44471f42-9a01-4764-8909-e7e02c044ebe@group-04E649E6EF01-SegmentedRaftLogWorker: flushIndex: setUnconditionally 0 -> -1
2022-01-08 01:46:39,049 [pool-593-thread-1] INFO  segmented.SegmentedRaftLogWorker (SegmentedRaftLogWorker.java:lambda$new$0(133)) - 44471f42-9a01-4764-8909-e7e02c044ebe@group-04E649E6EF01-SegmentedRaftLogWorker: safeCacheEvictIndex: setUnconditionally 0 -> -1
2022-01-08 01:46:39,052 [pool-593-thread-1] INFO  server.RaftServerConfigKeys (ConfUtils.java:logGet(44)) - raft.server.snapshot.auto.trigger.enabled = true (custom)
2022-01-08 01:46:39,052 [pool-593-thread-1] INFO  server.RaftServerConfigKeys (ConfUtils.java:logGet(44)) - raft.server.snapshot.auto.trigger.threshold = 10000 (custom)
2022-01-08 01:46:39,052 [pool-593-thread-1] INFO  server.RaftServerConfigKeys (ConfUtils.java:logGet(44)) - raft.server.snapshot.retention.file.num = 5 (custom)
2022-01-08 01:46:39,052 [pool-593-thread-1] INFO  server.RaftServerConfigKeys (ConfUtils.java:logGet(44)) - raft.server.log.purge.upto.snapshot.index = false (default)
2022-01-08 01:46:39,053 [pool-593-thread-1] INFO  server.RaftServerConfigKeys (ConfUtils.java:logGet(44)) - raft.server.retrycache.expirytime = 600000ms (custom)
2022-01-08 01:46:39,053 [pool-593-thread-1] INFO  server.RaftServerConfigKeys (ConfUtils.java:logGet(44)) - raft.server.retrycache.statistics.expirytime = 100μs (default)
2022-01-08 01:46:39,054 [pool-593-thread-1] INFO  server.RaftServer$Division (RaftServerImpl.java:start(301)) - 44471f42-9a01-4764-8909-e7e02c044ebe@group-04E649E6EF01: start as a follower, conf=-1: [6477641b-710a-49ab-b56b-e0f600eb5c24|rpc:10.1.0.34:38417|dataStream:|priority:0, 44471f42-9a01-4764-8909-e7e02c044ebe|rpc:10.1.0.34:44109|dataStream:|priority:0, 9d6916e6-e933-4839-a7aa-b025ed7fd068|rpc:10.1.0.34:40543|dataStream:|priority:1], old=null
2022-01-08 01:46:39,054 [pool-593-thread-1] INFO  server.RaftServer$Division (RaftServerImpl.java:setRole(290)) - 44471f42-9a01-4764-8909-e7e02c044ebe@group-04E649E6EF01: changes role from      null to FOLLOWER at term 0 for startAsFollower
2022-01-08 01:46:39,054 [pool-593-thread-1] INFO  impl.RoleInfo (RoleInfo.java:updateAndGet(130)) - 44471f42-9a01-4764-8909-e7e02c044ebe: start 44471f42-9a01-4764-8909-e7e02c044ebe@group-04E649E6EF01-FollowerState
2022-01-08 01:46:39,056 [pool-593-thread-1] INFO  util.JmxRegister (JmxRegister.java:tryRegister(44)) - Successfully registered JMX Bean with object name Ratis:service=RaftServer,group=group-04E649E6EF01,id=44471f42-9a01-4764-8909-e7e02c044ebe
2022-01-08 01:46:39,072 [pool-572-thread-1] INFO  ratis.ContainerStateMachine (ContainerStateMachine.java:loadSnapshot(231)) - group-04E649E6EF01: The snapshot info is null. Setting the last applied indexto:(t:0, i:~)
2022-01-08 01:46:39,072 [pool-572-thread-1] INFO  server.RaftServerConfigKeys (ConfUtils.java:logGet(44)) - raft.server.notification.no-leader.timeout = 300000ms (custom)
2022-01-08 01:46:39,072 [pool-572-thread-1] INFO  server.RaftServerConfigKeys (ConfUtils.java:logGet(44)) - raft.server.log.use.memory = false (default)
2022-01-08 01:46:39,072 [pool-572-thread-1] INFO  server.RaftServerConfigKeys (ConfUtils.java:logGet(44)) - raft.server.log.purge.gap = 1000000 (custom)
2022-01-08 01:46:39,072 [pool-572-thread-1] INFO  server.RaftServerConfigKeys (ConfUtils.java:logGet(44)) - raft.server.log.appender.buffer.byte-limit = 33554432 (custom)
2022-01-08 01:46:39,073 [pool-572-thread-1] INFO  server.RaftServerConfigKeys (ConfUtils.java:logGet(44)) - raft.server.log.segment.size.max = 1048576 (custom)
2022-01-08 01:46:39,073 [pool-572-thread-1] INFO  server.RaftServerConfigKeys (ConfUtils.java:logGet(44)) - raft.server.log.segment.cache.num.max = 2 (custom)
2022-01-08 01:46:39,073 [pool-572-thread-1] INFO  server.RaftServerConfigKeys (ConfUtils.java:logGet(44)) - raft.server.log.segment.cache.size.max = 200MB (=209715200) (default)
2022-01-08 01:46:39,073 [pool-572-thread-1] INFO  segmented.SegmentedRaftLogWorker (SegmentedRaftLogWorker.java:<init>(182)) - new 9d6916e6-e933-4839-a7aa-b025ed7fd068@group-04E649E6EF01-SegmentedRaftLogWorker for RaftStorageImpl:Storage Directory /home/runner/work/ozone/ozone/hadoop-ozone/integration-test/target/test-dir/MiniOzoneClusterImpl-6a132c25-3902-4d06-b1e4-79a7ed3e0f57/datanode-1/data/ratis/ebe7d31a-a166-4fb1-b6b3-04e649e6ef01
2022-01-08 01:46:39,073 [pool-572-thread-1] INFO  server.RaftServerConfigKeys (ConfUtils.java:logGet(44)) - raft.server.log.queue.byte-limit = 2147483647 (custom)
2022-01-08 01:46:39,073 [pool-572-thread-1] INFO  server.RaftServerConfigKeys (ConfUtils.java:logGet(44)) - raft.server.log.queue.element-limit = 1024 (custom)
2022-01-08 01:46:39,073 [pool-572-thread-1] INFO  server.RaftServerConfigKeys (ConfUtils.java:logGet(44)) - raft.server.log.segment.size.max = 1048576 (custom)
2022-01-08 01:46:39,073 [pool-572-thread-1] INFO  server.RaftServerConfigKeys (ConfUtils.java:logGet(44)) - raft.server.log.preallocated.size = 16384 (custom)
2022-01-08 01:46:39,073 [pool-572-thread-1] INFO  server.RaftServerConfigKeys (ConfUtils.java:logGet(44)) - raft.server.log.force.sync.num = 128 (default)
2022-01-08 01:46:39,074 [pool-572-thread-1] INFO  server.RaftServerConfigKeys (ConfUtils.java:logGet(44)) - raft.server.log.statemachine.data.sync = true (default)
2022-01-08 01:46:39,074 [pool-572-thread-1] INFO  server.RaftServerConfigKeys (ConfUtils.java:logGet(44)) - raft.server.log.statemachine.data.sync.timeout = 10s (default)
2022-01-08 01:46:39,074 [pool-572-thread-1] INFO  server.RaftServerConfigKeys (ConfUtils.java:logGet(44)) - raft.server.log.statemachine.data.sync.timeout.retry = -1 (default)
2022-01-08 01:46:39,075 [EventQueue-PipelineReportForPipelineReportHandler] INFO  pipeline.PipelineManagerImpl (PipelineManagerImpl.java:openPipeline(291)) - Pipeline Pipeline[ Id: 3c427e93-4362-4243-92cd-f33b4351ac6e, Nodes: 9d6916e6-e933-4839-a7aa-b025ed7fd068{ip: 10.1.0.34, host: fv-az116-279.vzw04321ajxubdbcnpick5nqva.xx.internal.cloudapp.net, ports: [REPLICATION=45495, RATIS=40543, RATIS_ADMIN=40543, RATIS_SERVER=40543, STANDALONE=40997], networkLocation: /default-rack, certSerialId: null, persistedOpState: IN_SERVICE, persistedOpStateExpiryEpochSec: 0}, ReplicationConfig: RATIS/ONE, State:ALLOCATED, leaderId:9d6916e6-e933-4839-a7aa-b025ed7fd068, CreationTimestamp2022-01-08T01:46:35.984Z[Etc/UTC]] moved to OPEN state
2022-01-08 01:46:39,079 [EventQueue-OpenPipelineForHealthyPipelineSafeModeRule] INFO  safemode.SCMSafeModeManager (HealthyPipelineSafeModeRule.java:process(124)) - SCM in safe mode. Healthy pipelines reported count is 0, required healthy pipeline reported count is 1
2022-01-08 01:46:39,079 [EventQueue-OpenPipelineForHealthyPipelineSafeModeRule] INFO  safemode.SCMSafeModeManager (HealthyPipelineSafeModeRule.java:process(124)) - SCM in safe mode. Healthy pipelines reported count is 0, required healthy pipeline reported count is 1
2022-01-08 01:46:39,087 [pool-572-thread-1] INFO  server.RaftServerConfigKeys (ConfUtils.java:logGet(44)) - raft.server.log.write.buffer.size = 1048576 (custom)
2022-01-08 01:46:39,087 [pool-572-thread-1] INFO  server.RaftServerConfigKeys (ConfUtils.java:logGet(44)) - raft.server.log.statemachine.data.caching.enabled = true (custom)
2022-01-08 01:46:39,088 [pool-572-thread-1] INFO  segmented.SegmentedRaftLogWorker (SegmentedRaftLogWorker.java:lambda$new$0(133)) - 9d6916e6-e933-4839-a7aa-b025ed7fd068@group-04E649E6EF01-SegmentedRaftLogWorker: flushIndex: setUnconditionally 0 -> -1
2022-01-08 01:46:39,091 [pool-572-thread-1] INFO  segmented.SegmentedRaftLogWorker (SegmentedRaftLogWorker.java:lambda$new$0(133)) - 9d6916e6-e933-4839-a7aa-b025ed7fd068@group-04E649E6EF01-SegmentedRaftLogWorker: safeCacheEvictIndex: setUnconditionally 0 -> -1
2022-01-08 01:46:39,100 [pool-572-thread-1] INFO  server.RaftServerConfigKeys (ConfUtils.java:logGet(44)) - raft.server.snapshot.auto.trigger.enabled = true (custom)
2022-01-08 01:46:39,100 [pool-572-thread-1] INFO  server.RaftServerConfigKeys (ConfUtils.java:logGet(44)) - raft.server.snapshot.auto.trigger.threshold = 10000 (custom)
2022-01-08 01:46:39,100 [pool-572-thread-1] INFO  server.RaftServerConfigKeys (ConfUtils.java:logGet(44)) - raft.server.snapshot.retention.file.num = 5 (custom)
2022-01-08 01:46:39,100 [pool-572-thread-1] INFO  server.RaftServerConfigKeys (ConfUtils.java:logGet(44)) - raft.server.log.purge.upto.snapshot.index = false (default)
2022-01-08 01:46:39,100 [pool-572-thread-1] INFO  server.RaftServerConfigKeys (ConfUtils.java:logGet(44)) - raft.server.retrycache.expirytime = 600000ms (custom)
2022-01-08 01:46:39,100 [pool-572-thread-1] INFO  server.RaftServerConfigKeys (ConfUtils.java:logGet(44)) - raft.server.retrycache.statistics.expirytime = 100μs (default)
2022-01-08 01:46:39,102 [pool-572-thread-1] INFO  server.RaftServer$Division (RaftServerImpl.java:start(301)) - 9d6916e6-e933-4839-a7aa-b025ed7fd068@group-04E649E6EF01: start as a follower, conf=-1: [6477641b-710a-49ab-b56b-e0f600eb5c24|rpc:10.1.0.34:38417|priority:0, 44471f42-9a01-4764-8909-e7e02c044ebe|rpc:10.1.0.34:44109|priority:0, 9d6916e6-e933-4839-a7aa-b025ed7fd068|rpc:10.1.0.34:40543|priority:1], old=null
2022-01-08 01:46:39,102 [pool-572-thread-1] INFO  server.RaftServer$Division (RaftServerImpl.java:setRole(290)) - 9d6916e6-e933-4839-a7aa-b025ed7fd068@group-04E649E6EF01: changes role from      null to FOLLOWER at term 0 for startAsFollower
2022-01-08 01:46:39,102 [pool-572-thread-1] INFO  impl.RoleInfo (RoleInfo.java:updateAndGet(130)) - 9d6916e6-e933-4839-a7aa-b025ed7fd068: start 9d6916e6-e933-4839-a7aa-b025ed7fd068@group-04E649E6EF01-FollowerState
2022-01-08 01:46:39,103 [pool-572-thread-1] INFO  util.JmxRegister (JmxRegister.java:tryRegister(44)) - Successfully registered JMX Bean with object name Ratis:service=RaftServer,group=group-04E649E6EF01,id=9d6916e6-e933-4839-a7aa-b025ed7fd068
2022-01-08 01:46:39,139 [Command processor thread] INFO  ratis.XceiverServerRatis (XceiverServerRatis.java:addGroup(768)) - Created group PipelineID=ebe7d31a-a166-4fb1-b6b3-04e649e6ef01
2022-01-08 01:46:39,200 [Command processor thread] INFO  commandhandler.CreatePipelineCommandHandler (CreatePipelineCommandHandler.java:handle(106)) - Created Pipeline RATIS THREE PipelineID=ebe7d31a-a166-4fb1-b6b3-04e649e6ef01.
2022-01-08 01:46:39,201 [pool-551-thread-1] INFO  server.RaftServer$Division (RaftServerImpl.java:<init>(184)) - 6477641b-710a-49ab-b56b-e0f600eb5c24: new RaftServerImpl for group-AB80FE323EB3:[6477641b-710a-49ab-b56b-e0f600eb5c24|rpc:10.1.0.34:38417|priority:1, 44471f42-9a01-4764-8909-e7e02c044ebe|rpc:10.1.0.34:44109|priority:0, 9d6916e6-e933-4839-a7aa-b025ed7fd068|rpc:10.1.0.34:40543|priority:0] with ContainerStateMachine:uninitialized
2022-01-08 01:46:39,201 [pool-551-thread-1] INFO  server.RaftServerConfigKeys (ConfUtils.java:logGet(44)) - raft.server.rpc.timeout.min = 5s (custom)
2022-01-08 01:46:39,202 [pool-551-thread-1] INFO  server.RaftServerConfigKeys (ConfUtils.java:logGet(44)) - raft.server.rpc.timeout.max = 5200ms (custom)
2022-01-08 01:46:39,202 [pool-551-thread-1] INFO  server.RaftServerConfigKeys (ConfUtils.java:logGet(44)) - raft.server.rpc.sleep.time = 25ms (default)
2022-01-08 01:46:39,202 [pool-551-thread-1] INFO  server.RaftServerConfigKeys (ConfUtils.java:logGet(44)) - raft.server.rpc.slowness.timeout = 300000ms (custom)
2022-01-08 01:46:39,202 [pool-551-thread-1] INFO  server.RaftServerConfigKeys (ConfUtils.java:logGet(44)) - raft.server.leaderelection.leader.step-down.wait-time = 10s (default)
2022-01-08 01:46:39,202 [pool-551-thread-1] INFO  server.RaftServerConfigKeys (ConfUtils.java:logGet(44)) - raft.server.sleep.deviation.threshold = 300ms (default)
2022-01-08 01:46:39,202 [pool-551-thread-1] INFO  server.RaftServerConfigKeys (ConfUtils.java:logGet(44)) - raft.server.log.appender.install.snapshot.enabled = false (custom)
2022-01-08 01:46:39,202 [pool-551-thread-1] INFO  server.RaftServer$Division (ServerState.java:<init>(105)) - 6477641b-710a-49ab-b56b-e0f600eb5c24@group-AB80FE323EB3: ConfigurationManager, init=-1: [6477641b-710a-49ab-b56b-e0f600eb5c24|rpc:10.1.0.34:38417|priority:1, 44471f42-9a01-4764-8909-e7e02c044ebe|rpc:10.1.0.34:44109|priority:0, 9d6916e6-e933-4839-a7aa-b025ed7fd068|rpc:10.1.0.34:40543|priority:0], old=null, confs=<EMPTY_MAP>
2022-01-08 01:46:39,202 [pool-551-thread-1] INFO  server.RaftServerConfigKeys (ConfUtils.java:logGet(44)) - raft.server.storage.dir = [/home/runner/work/ozone/ozone/hadoop-ozone/integration-test/target/test-dir/MiniOzoneClusterImpl-6a132c25-3902-4d06-b1e4-79a7ed3e0f57/datanode-0/data/ratis] (custom)
2022-01-08 01:46:39,202 [pool-551-thread-1] INFO  server.RaftServerConfigKeys (ConfUtils.java:logGet(44)) - raft.server.log.corruption.policy = EXCEPTION (default)
2022-01-08 01:46:39,202 [pool-551-thread-1] INFO  server.RaftServerConfigKeys (ConfUtils.java:logGet(44)) - raft.server.storage.free-space.min = 0MB (=0) (default)
2022-01-08 01:46:39,203 [pool-551-thread-1] INFO  storage.RaftStorageDirectory (RaftStorageDirectoryImpl.java:analyzeStorage(135)) - The storage directory /home/runner/work/ozone/ozone/hadoop-ozone/integration-test/target/test-dir/MiniOzoneClusterImpl-6a132c25-3902-4d06-b1e4-79a7ed3e0f57/datanode-0/data/ratis/f2ed03a6-aac7-4283-93ce-ab80fe323eb3 does not exist. Creating ...
2022-01-08 01:46:39,203 [Command processor thread] INFO  server.RaftServer (RaftServerProxy.java:addNew(95)) - 6477641b-710a-49ab-b56b-e0f600eb5c24: addNew group-AB80FE323EB3:[6477641b-710a-49ab-b56b-e0f600eb5c24|rpc:10.1.0.34:38417|priority:1, 44471f42-9a01-4764-8909-e7e02c044ebe|rpc:10.1.0.34:44109|priority:0, 9d6916e6-e933-4839-a7aa-b025ed7fd068|rpc:10.1.0.34:40543|priority:0] returns group-AB80FE323EB3:java.util.concurrent.CompletableFuture@3180d7dc[Not completed]
2022-01-08 01:46:39,220 [pool-551-thread-1] INFO  storage.RaftStorageDirectory (RaftStorageDirectoryImpl.java:tryLock(230)) - Lock on /home/runner/work/ozone/ozone/hadoop-ozone/integration-test/target/test-dir/MiniOzoneClusterImpl-6a132c25-3902-4d06-b1e4-79a7ed3e0f57/datanode-0/data/ratis/f2ed03a6-aac7-4283-93ce-ab80fe323eb3/in_use.lock acquired by nodename 32692@fv-az116-279
2022-01-08 01:46:39,222 [pool-551-thread-1] INFO  storage.RaftStorage (RaftStorageImpl.java:format(89)) - Storage directory /home/runner/work/ozone/ozone/hadoop-ozone/integration-test/target/test-dir/MiniOzoneClusterImpl-6a132c25-3902-4d06-b1e4-79a7ed3e0f57/datanode-0/data/ratis/f2ed03a6-aac7-4283-93ce-ab80fe323eb3 has been successfully formatted.
2022-01-08 01:46:39,222 [pool-551-thread-1] INFO  ratis.ContainerStateMachine (ContainerStateMachine.java:loadSnapshot(231)) - group-AB80FE323EB3: The snapshot info is null. Setting the last applied indexto:(t:0, i:~)
2022-01-08 01:46:39,223 [pool-551-thread-1] INFO  server.RaftServerConfigKeys (ConfUtils.java:logGet(44)) - raft.server.notification.no-leader.timeout = 300000ms (custom)
2022-01-08 01:46:39,223 [pool-551-thread-1] INFO  server.RaftServerConfigKeys (ConfUtils.java:logGet(44)) - raft.server.log.use.memory = false (default)
2022-01-08 01:46:39,223 [pool-551-thread-1] INFO  server.RaftServerConfigKeys (ConfUtils.java:logGet(44)) - raft.server.log.purge.gap = 1000000 (custom)
2022-01-08 01:46:39,223 [pool-551-thread-1] INFO  server.RaftServerConfigKeys (ConfUtils.java:logGet(44)) - raft.server.log.appender.buffer.byte-limit = 33554432 (custom)
2022-01-08 01:46:39,223 [pool-551-thread-1] INFO  server.RaftServerConfigKeys (ConfUtils.java:logGet(44)) - raft.server.log.segment.size.max = 1048576 (custom)
2022-01-08 01:46:39,223 [pool-551-thread-1] INFO  server.RaftServerConfigKeys (ConfUtils.java:logGet(44)) - raft.server.log.segment.cache.num.max = 2 (custom)
2022-01-08 01:46:39,224 [pool-551-thread-1] INFO  server.RaftServerConfigKeys (ConfUtils.java:logGet(44)) - raft.server.log.segment.cache.size.max = 200MB (=209715200) (default)
2022-01-08 01:46:39,224 [pool-551-thread-1] INFO  segmented.SegmentedRaftLogWorker (SegmentedRaftLogWorker.java:<init>(182)) - new 6477641b-710a-49ab-b56b-e0f600eb5c24@group-AB80FE323EB3-SegmentedRaftLogWorker for RaftStorageImpl:Storage Directory /home/runner/work/ozone/ozone/hadoop-ozone/integration-test/target/test-dir/MiniOzoneClusterImpl-6a132c25-3902-4d06-b1e4-79a7ed3e0f57/datanode-0/data/ratis/f2ed03a6-aac7-4283-93ce-ab80fe323eb3
2022-01-08 01:46:39,224 [pool-551-thread-1] INFO  server.RaftServerConfigKeys (ConfUtils.java:logGet(44)) - raft.server.log.queue.byte-limit = 2147483647 (custom)
2022-01-08 01:46:39,224 [pool-551-thread-1] INFO  server.RaftServerConfigKeys (ConfUtils.java:logGet(44)) - raft.server.log.queue.element-limit = 1024 (custom)
2022-01-08 01:46:39,224 [pool-551-thread-1] INFO  server.RaftServerConfigKeys (ConfUtils.java:logGet(44)) - raft.server.log.segment.size.max = 1048576 (custom)
2022-01-08 01:46:39,224 [pool-551-thread-1] INFO  server.RaftServerConfigKeys (ConfUtils.java:logGet(44)) - raft.server.log.preallocated.size = 16384 (custom)
2022-01-08 01:46:39,224 [pool-551-thread-1] INFO  server.RaftServerConfigKeys (ConfUtils.java:logGet(44)) - raft.server.log.force.sync.num = 128 (default)
2022-01-08 01:46:39,224 [pool-551-thread-1] INFO  server.RaftServerConfigKeys (ConfUtils.java:logGet(44)) - raft.server.log.statemachine.data.sync = true (default)
2022-01-08 01:46:39,224 [pool-551-thread-1] INFO  server.RaftServerConfigKeys (ConfUtils.java:logGet(44)) - raft.server.log.statemachine.data.sync.timeout = 10s (default)
2022-01-08 01:46:39,224 [pool-551-thread-1] INFO  server.RaftServerConfigKeys (ConfUtils.java:logGet(44)) - raft.server.log.statemachine.data.sync.timeout.retry = -1 (default)
2022-01-08 01:46:39,225 [pool-551-thread-1] INFO  server.RaftServerConfigKeys (ConfUtils.java:logGet(44)) - raft.server.log.write.buffer.size = 1048576 (custom)
2022-01-08 01:46:39,225 [pool-551-thread-1] INFO  server.RaftServerConfigKeys (ConfUtils.java:logGet(44)) - raft.server.log.statemachine.data.caching.enabled = true (custom)
2022-01-08 01:46:39,225 [pool-551-thread-1] INFO  segmented.SegmentedRaftLogWorker (SegmentedRaftLogWorker.java:lambda$new$0(133)) - 6477641b-710a-49ab-b56b-e0f600eb5c24@group-AB80FE323EB3-SegmentedRaftLogWorker: flushIndex: setUnconditionally 0 -> -1
2022-01-08 01:46:39,225 [pool-551-thread-1] INFO  segmented.SegmentedRaftLogWorker (SegmentedRaftLogWorker.java:lambda$new$0(133)) - 6477641b-710a-49ab-b56b-e0f600eb5c24@group-AB80FE323EB3-SegmentedRaftLogWorker: safeCacheEvictIndex: setUnconditionally 0 -> -1
2022-01-08 01:46:39,226 [EventQueue-OpenPipelineForHealthyPipelineSafeModeRule] INFO  safemode.SCMSafeModeManager (HealthyPipelineSafeModeRule.java:process(124)) - SCM in safe mode. Healthy pipelines reported count is 0, required healthy pipeline reported count is 1
2022-01-08 01:46:39,226 [pool-551-thread-1] INFO  server.RaftServerConfigKeys (ConfUtils.java:logGet(44)) - raft.server.snapshot.auto.trigger.enabled = true (custom)
2022-01-08 01:46:39,226 [pool-551-thread-1] INFO  server.RaftServerConfigKeys (ConfUtils.java:logGet(44)) - raft.server.snapshot.auto.trigger.threshold = 10000 (custom)
2022-01-08 01:46:39,227 [pool-551-thread-1] INFO  server.RaftServerConfigKeys (ConfUtils.java:logGet(44)) - raft.server.snapshot.retention.file.num = 5 (custom)
2022-01-08 01:46:39,227 [pool-551-thread-1] INFO  server.RaftServerConfigKeys (ConfUtils.java:logGet(44)) - raft.server.log.purge.upto.snapshot.index = false (default)
2022-01-08 01:46:39,227 [pool-551-thread-1] INFO  server.RaftServerConfigKeys (ConfUtils.java:logGet(44)) - raft.server.retrycache.expirytime = 600000ms (custom)
2022-01-08 01:46:39,227 [pool-551-thread-1] INFO  server.RaftServerConfigKeys (ConfUtils.java:logGet(44)) - raft.server.retrycache.statistics.expirytime = 100μs (default)
2022-01-08 01:46:39,228 [pool-551-thread-1] INFO  server.RaftServer$Division (RaftServerImpl.java:start(301)) - 6477641b-710a-49ab-b56b-e0f600eb5c24@group-AB80FE323EB3: start as a follower, conf=-1: [6477641b-710a-49ab-b56b-e0f600eb5c24|rpc:10.1.0.34:38417|priority:1, 44471f42-9a01-4764-8909-e7e02c044ebe|rpc:10.1.0.34:44109|priority:0, 9d6916e6-e933-4839-a7aa-b025ed7fd068|rpc:10.1.0.34:40543|priority:0], old=null
2022-01-08 01:46:39,228 [pool-551-thread-1] INFO  server.RaftServer$Division (RaftServerImpl.java:setRole(290)) - 6477641b-710a-49ab-b56b-e0f600eb5c24@group-AB80FE323EB3: changes role from      null to FOLLOWER at term 0 for startAsFollower
2022-01-08 01:46:39,228 [pool-551-thread-1] INFO  impl.RoleInfo (RoleInfo.java:updateAndGet(130)) - 6477641b-710a-49ab-b56b-e0f600eb5c24: start 6477641b-710a-49ab-b56b-e0f600eb5c24@group-AB80FE323EB3-FollowerState
2022-01-08 01:46:39,231 [pool-551-thread-1] INFO  util.JmxRegister (JmxRegister.java:tryRegister(44)) - Successfully registered JMX Bean with object name Ratis:service=RaftServer,group=group-AB80FE323EB3,id=6477641b-710a-49ab-b56b-e0f600eb5c24
2022-01-08 01:46:39,232 [Command processor thread] INFO  ratis.XceiverServerRatis (XceiverServerRatis.java:addGroup(768)) - Created group PipelineID=f2ed03a6-aac7-4283-93ce-ab80fe323eb3
2022-01-08 01:46:39,256 [grpc-default-executor-1] INFO  server.RaftServer (RaftServerProxy.java:addNew(95)) - 44471f42-9a01-4764-8909-e7e02c044ebe: addNew group-AB80FE323EB3:[6477641b-710a-49ab-b56b-e0f600eb5c24|rpc:10.1.0.34:38417|dataStream:|priority:1, 44471f42-9a01-4764-8909-e7e02c044ebe|rpc:10.1.0.34:44109|dataStream:|priority:0, 9d6916e6-e933-4839-a7aa-b025ed7fd068|rpc:10.1.0.34:40543|dataStream:|priority:0] returns group-AB80FE323EB3:java.util.concurrent.CompletableFuture@54476860[Not completed]
2022-01-08 01:46:39,257 [pool-593-thread-1] INFO  server.RaftServer$Division (RaftServerImpl.java:<init>(184)) - 44471f42-9a01-4764-8909-e7e02c044ebe: new RaftServerImpl for group-AB80FE323EB3:[6477641b-710a-49ab-b56b-e0f600eb5c24|rpc:10.1.0.34:38417|dataStream:|priority:1, 44471f42-9a01-4764-8909-e7e02c044ebe|rpc:10.1.0.34:44109|dataStream:|priority:0, 9d6916e6-e933-4839-a7aa-b025ed7fd068|rpc:10.1.0.34:40543|dataStream:|priority:0] with ContainerStateMachine:uninitialized
2022-01-08 01:46:39,257 [pool-593-thread-1] INFO  server.RaftServerConfigKeys (ConfUtils.java:logGet(44)) - raft.server.rpc.timeout.min = 5s (custom)
2022-01-08 01:46:39,257 [pool-593-thread-1] INFO  server.RaftServerConfigKeys (ConfUtils.java:logGet(44)) - raft.server.rpc.timeout.max = 5200ms (custom)
2022-01-08 01:46:39,257 [pool-593-thread-1] INFO  server.RaftServerConfigKeys (ConfUtils.java:logGet(44)) - raft.server.rpc.sleep.time = 25ms (default)
2022-01-08 01:46:39,257 [pool-593-thread-1] INFO  server.RaftServerConfigKeys (ConfUtils.java:logGet(44)) - raft.server.rpc.slowness.timeout = 300000ms (custom)
2022-01-08 01:46:39,257 [pool-593-thread-1] INFO  server.RaftServerConfigKeys (ConfUtils.java:logGet(44)) - raft.server.leaderelection.leader.step-down.wait-time = 10s (default)
2022-01-08 01:46:39,257 [pool-593-thread-1] INFO  server.RaftServerConfigKeys (ConfUtils.java:logGet(44)) - raft.server.sleep.deviation.threshold = 300ms (default)
2022-01-08 01:46:39,257 [pool-593-thread-1] INFO  server.RaftServerConfigKeys (ConfUtils.java:logGet(44)) - raft.server.log.appender.install.snapshot.enabled = false (custom)
2022-01-08 01:46:39,257 [pool-593-thread-1] INFO  server.RaftServer$Division (ServerState.java:<init>(105)) - 44471f42-9a01-4764-8909-e7e02c044ebe@group-AB80FE323EB3: ConfigurationManager, init=-1: [6477641b-710a-49ab-b56b-e0f600eb5c24|rpc:10.1.0.34:38417|dataStream:|priority:1, 44471f42-9a01-4764-8909-e7e02c044ebe|rpc:10.1.0.34:44109|dataStream:|priority:0, 9d6916e6-e933-4839-a7aa-b025ed7fd068|rpc:10.1.0.34:40543|dataStream:|priority:0], old=null, confs=<EMPTY_MAP>
2022-01-08 01:46:39,257 [pool-593-thread-1] INFO  server.RaftServerConfigKeys (ConfUtils.java:logGet(44)) - raft.server.storage.dir = [/home/runner/work/ozone/ozone/hadoop-ozone/integration-test/target/test-dir/MiniOzoneClusterImpl-6a132c25-3902-4d06-b1e4-79a7ed3e0f57/datanode-2/data/ratis] (custom)
2022-01-08 01:46:39,257 [pool-593-thread-1] INFO  server.RaftServerConfigKeys (ConfUtils.java:logGet(44)) - raft.server.log.corruption.policy = EXCEPTION (default)
2022-01-08 01:46:39,258 [pool-593-thread-1] INFO  server.RaftServerConfigKeys (ConfUtils.java:logGet(44)) - raft.server.storage.free-space.min = 0MB (=0) (default)
2022-01-08 01:46:39,258 [pool-593-thread-1] INFO  storage.RaftStorageDirectory (RaftStorageDirectoryImpl.java:analyzeStorage(135)) - The storage directory /home/runner/work/ozone/ozone/hadoop-ozone/integration-test/target/test-dir/MiniOzoneClusterImpl-6a132c25-3902-4d06-b1e4-79a7ed3e0f57/datanode-2/data/ratis/f2ed03a6-aac7-4283-93ce-ab80fe323eb3 does not exist. Creating ...
2022-01-08 01:46:39,259 [pool-593-thread-1] INFO  storage.RaftStorageDirectory (RaftStorageDirectoryImpl.java:tryLock(230)) - Lock on /home/runner/work/ozone/ozone/hadoop-ozone/integration-test/target/test-dir/MiniOzoneClusterImpl-6a132c25-3902-4d06-b1e4-79a7ed3e0f57/datanode-2/data/ratis/f2ed03a6-aac7-4283-93ce-ab80fe323eb3/in_use.lock acquired by nodename 32692@fv-az116-279
2022-01-08 01:46:39,264 [Command processor thread] INFO  commandhandler.CreatePipelineCommandHandler (CreatePipelineCommandHandler.java:handle(106)) - Created Pipeline RATIS THREE PipelineID=ebe7d31a-a166-4fb1-b6b3-04e649e6ef01.
2022-01-08 01:46:39,264 [Command processor thread] INFO  server.RaftServer (RaftServerProxy.java:addNew(95)) - 9d6916e6-e933-4839-a7aa-b025ed7fd068: addNew group-AB80FE323EB3:[6477641b-710a-49ab-b56b-e0f600eb5c24|rpc:10.1.0.34:38417|priority:1, 44471f42-9a01-4764-8909-e7e02c044ebe|rpc:10.1.0.34:44109|priority:0, 9d6916e6-e933-4839-a7aa-b025ed7fd068|rpc:10.1.0.34:40543|priority:0] returns group-AB80FE323EB3:java.util.concurrent.CompletableFuture@211f6911[Not completed]
2022-01-08 01:46:39,264 [pool-593-thread-1] INFO  storage.RaftStorage (RaftStorageImpl.java:format(89)) - Storage directory /home/runner/work/ozone/ozone/hadoop-ozone/integration-test/target/test-dir/MiniOzoneClusterImpl-6a132c25-3902-4d06-b1e4-79a7ed3e0f57/datanode-2/data/ratis/f2ed03a6-aac7-4283-93ce-ab80fe323eb3 has been successfully formatted.
2022-01-08 01:46:39,265 [pool-572-thread-1] INFO  server.RaftServer$Division (RaftServerImpl.java:<init>(184)) - 9d6916e6-e933-4839-a7aa-b025ed7fd068: new RaftServerImpl for group-AB80FE323EB3:[6477641b-710a-49ab-b56b-e0f600eb5c24|rpc:10.1.0.34:38417|priority:1, 44471f42-9a01-4764-8909-e7e02c044ebe|rpc:10.1.0.34:44109|priority:0, 9d6916e6-e933-4839-a7aa-b025ed7fd068|rpc:10.1.0.34:40543|priority:0] with ContainerStateMachine:uninitialized
2022-01-08 01:46:39,265 [pool-572-thread-1] INFO  server.RaftServerConfigKeys (ConfUtils.java:logGet(44)) - raft.server.rpc.timeout.min = 5s (custom)
2022-01-08 01:46:39,265 [pool-572-thread-1] INFO  server.RaftServerConfigKeys (ConfUtils.java:logGet(44)) - raft.server.rpc.timeout.max = 5200ms (custom)
2022-01-08 01:46:39,265 [pool-572-thread-1] INFO  server.RaftServerConfigKeys (ConfUtils.java:logGet(44)) - raft.server.rpc.sleep.time = 25ms (default)
2022-01-08 01:46:39,265 [pool-572-thread-1] INFO  server.RaftServerConfigKeys (ConfUtils.java:logGet(44)) - raft.server.rpc.slowness.timeout = 300000ms (custom)
2022-01-08 01:46:39,265 [pool-572-thread-1] INFO  server.RaftServerConfigKeys (ConfUtils.java:logGet(44)) - raft.server.leaderelection.leader.step-down.wait-time = 10s (default)
2022-01-08 01:46:39,265 [pool-572-thread-1] INFO  server.RaftServerConfigKeys (ConfUtils.java:logGet(44)) - raft.server.sleep.deviation.threshold = 300ms (default)
2022-01-08 01:46:39,265 [pool-572-thread-1] INFO  server.RaftServerConfigKeys (ConfUtils.java:logGet(44)) - raft.server.log.appender.install.snapshot.enabled = false (custom)
2022-01-08 01:46:39,265 [pool-572-thread-1] INFO  server.RaftServer$Division (ServerState.java:<init>(105)) - 9d6916e6-e933-4839-a7aa-b025ed7fd068@group-AB80FE323EB3: ConfigurationManager, init=-1: [6477641b-710a-49ab-b56b-e0f600eb5c24|rpc:10.1.0.34:38417|priority:1, 44471f42-9a01-4764-8909-e7e02c044ebe|rpc:10.1.0.34:44109|priority:0, 9d6916e6-e933-4839-a7aa-b025ed7fd068|rpc:10.1.0.34:40543|priority:0], old=null, confs=<EMPTY_MAP>
2022-01-08 01:46:39,265 [pool-572-thread-1] INFO  server.RaftServerConfigKeys (ConfUtils.java:logGet(44)) - raft.server.storage.dir = [/home/runner/work/ozone/ozone/hadoop-ozone/integration-test/target/test-dir/MiniOzoneClusterImpl-6a132c25-3902-4d06-b1e4-79a7ed3e0f57/datanode-1/data/ratis] (custom)
2022-01-08 01:46:39,265 [pool-572-thread-1] INFO  server.RaftServerConfigKeys (ConfUtils.java:logGet(44)) - raft.server.log.corruption.policy = EXCEPTION (default)
2022-01-08 01:46:39,266 [pool-572-thread-1] INFO  server.RaftServerConfigKeys (ConfUtils.java:logGet(44)) - raft.server.storage.free-space.min = 0MB (=0) (default)
2022-01-08 01:46:39,266 [pool-572-thread-1] INFO  storage.RaftStorageDirectory (RaftStorageDirectoryImpl.java:analyzeStorage(135)) - The storage directory /home/runner/work/ozone/ozone/hadoop-ozone/integration-test/target/test-dir/MiniOzoneClusterImpl-6a132c25-3902-4d06-b1e4-79a7ed3e0f57/datanode-1/data/ratis/f2ed03a6-aac7-4283-93ce-ab80fe323eb3 does not exist. Creating ...
2022-01-08 01:46:39,265 [pool-593-thread-1] INFO  ratis.ContainerStateMachine (ContainerStateMachine.java:loadSnapshot(231)) - group-AB80FE323EB3: The snapshot info is null. Setting the last applied indexto:(t:0, i:~)
2022-01-08 01:46:39,267 [pool-593-thread-1] INFO  server.RaftServerConfigKeys (ConfUtils.java:logGet(44)) - raft.server.notification.no-leader.timeout = 300000ms (custom)
2022-01-08 01:46:39,267 [pool-593-thread-1] INFO  server.RaftServerConfigKeys (ConfUtils.java:logGet(44)) - raft.server.log.use.memory = false (default)
2022-01-08 01:46:39,267 [pool-593-thread-1] INFO  server.RaftServerConfigKeys (ConfUtils.java:logGet(44)) - raft.server.log.purge.gap = 1000000 (custom)
2022-01-08 01:46:39,267 [pool-593-thread-1] INFO  server.RaftServerConfigKeys (ConfUtils.java:logGet(44)) - raft.server.log.appender.buffer.byte-limit = 33554432 (custom)
2022-01-08 01:46:39,267 [pool-593-thread-1] INFO  server.RaftServerConfigKeys (ConfUtils.java:logGet(44)) - raft.server.log.segment.size.max = 1048576 (custom)
2022-01-08 01:46:39,267 [pool-572-thread-1] INFO  storage.RaftStorageDirectory (RaftStorageDirectoryImpl.java:tryLock(230)) - Lock on /home/runner/work/ozone/ozone/hadoop-ozone/integration-test/target/test-dir/MiniOzoneClusterImpl-6a132c25-3902-4d06-b1e4-79a7ed3e0f57/datanode-1/data/ratis/f2ed03a6-aac7-4283-93ce-ab80fe323eb3/in_use.lock acquired by nodename 32692@fv-az116-279
2022-01-08 01:46:39,268 [pool-593-thread-1] INFO  server.RaftServerConfigKeys (ConfUtils.java:logGet(44)) - raft.server.log.segment.cache.num.max = 2 (custom)
2022-01-08 01:46:39,268 [pool-593-thread-1] INFO  server.RaftServerConfigKeys (ConfUtils.java:logGet(44)) - raft.server.log.segment.cache.size.max = 200MB (=209715200) (default)
2022-01-08 01:46:39,268 [pool-593-thread-1] INFO  segmented.SegmentedRaftLogWorker (SegmentedRaftLogWorker.java:<init>(182)) - new 44471f42-9a01-4764-8909-e7e02c044ebe@group-AB80FE323EB3-SegmentedRaftLogWorker for RaftStorageImpl:Storage Directory /home/runner/work/ozone/ozone/hadoop-ozone/integration-test/target/test-dir/MiniOzoneClusterImpl-6a132c25-3902-4d06-b1e4-79a7ed3e0f57/datanode-2/data/ratis/f2ed03a6-aac7-4283-93ce-ab80fe323eb3
2022-01-08 01:46:39,268 [pool-593-thread-1] INFO  server.RaftServerConfigKeys (ConfUtils.java:logGet(44)) - raft.server.log.queue.byte-limit = 2147483647 (custom)
2022-01-08 01:46:39,268 [pool-593-thread-1] INFO  server.RaftServerConfigKeys (ConfUtils.java:logGet(44)) - raft.server.log.queue.element-limit = 1024 (custom)
2022-01-08 01:46:39,269 [pool-593-thread-1] INFO  server.RaftServerConfigKeys (ConfUtils.java:logGet(44)) - raft.server.log.segment.size.max = 1048576 (custom)
2022-01-08 01:46:39,269 [pool-593-thread-1] INFO  server.RaftServerConfigKeys (ConfUtils.java:logGet(44)) - raft.server.log.preallocated.size = 16384 (custom)
2022-01-08 01:46:39,269 [pool-593-thread-1] INFO  server.RaftServerConfigKeys (ConfUtils.java:logGet(44)) - raft.server.log.force.sync.num = 128 (default)
2022-01-08 01:46:39,269 [pool-593-thread-1] INFO  server.RaftServerConfigKeys (ConfUtils.java:logGet(44)) - raft.server.log.statemachine.data.sync = true (default)
2022-01-08 01:46:39,269 [pool-593-thread-1] INFO  server.RaftServerConfigKeys (ConfUtils.java:logGet(44)) - raft.server.log.statemachine.data.sync.timeout = 10s (default)
2022-01-08 01:46:39,269 [pool-593-thread-1] INFO  server.RaftServerConfigKeys (ConfUtils.java:logGet(44)) - raft.server.log.statemachine.data.sync.timeout.retry = -1 (default)
2022-01-08 01:46:39,270 [pool-593-thread-1] INFO  server.RaftServerConfigKeys (ConfUtils.java:logGet(44)) - raft.server.log.write.buffer.size = 1048576 (custom)
2022-01-08 01:46:39,272 [pool-572-thread-1] INFO  storage.RaftStorage (RaftStorageImpl.java:format(89)) - Storage directory /home/runner/work/ozone/ozone/hadoop-ozone/integration-test/target/test-dir/MiniOzoneClusterImpl-6a132c25-3902-4d06-b1e4-79a7ed3e0f57/datanode-1/data/ratis/f2ed03a6-aac7-4283-93ce-ab80fe323eb3 has been successfully formatted.
2022-01-08 01:46:39,272 [pool-572-thread-1] INFO  ratis.ContainerStateMachine (ContainerStateMachine.java:loadSnapshot(231)) - group-AB80FE323EB3: The snapshot info is null. Setting the last applied indexto:(t:0, i:~)
2022-01-08 01:46:39,272 [pool-572-thread-1] INFO  server.RaftServerConfigKeys (ConfUtils.java:logGet(44)) - raft.server.notification.no-leader.timeout = 300000ms (custom)
2022-01-08 01:46:39,272 [pool-572-thread-1] INFO  server.RaftServerConfigKeys (ConfUtils.java:logGet(44)) - raft.server.log.use.memory = false (default)
2022-01-08 01:46:39,272 [pool-572-thread-1] INFO  server.RaftServerConfigKeys (ConfUtils.java:logGet(44)) - raft.server.log.purge.gap = 1000000 (custom)
2022-01-08 01:46:39,273 [pool-572-thread-1] INFO  server.RaftServerConfigKeys (ConfUtils.java:logGet(44)) - raft.server.log.appender.buffer.byte-limit = 33554432 (custom)
2022-01-08 01:46:39,273 [pool-572-thread-1] INFO  server.RaftServerConfigKeys (ConfUtils.java:logGet(44)) - raft.server.log.segment.size.max = 1048576 (custom)
2022-01-08 01:46:39,273 [pool-572-thread-1] INFO  server.RaftServerConfigKeys (ConfUtils.java:logGet(44)) - raft.server.log.segment.cache.num.max = 2 (custom)
2022-01-08 01:46:39,273 [pool-572-thread-1] INFO  server.RaftServerConfigKeys (ConfUtils.java:logGet(44)) - raft.server.log.segment.cache.size.max = 200MB (=209715200) (default)
2022-01-08 01:46:39,273 [pool-572-thread-1] INFO  segmented.SegmentedRaftLogWorker (SegmentedRaftLogWorker.java:<init>(182)) - new 9d6916e6-e933-4839-a7aa-b025ed7fd068@group-AB80FE323EB3-SegmentedRaftLogWorker for RaftStorageImpl:Storage Directory /home/runner/work/ozone/ozone/hadoop-ozone/integration-test/target/test-dir/MiniOzoneClusterImpl-6a132c25-3902-4d06-b1e4-79a7ed3e0f57/datanode-1/data/ratis/f2ed03a6-aac7-4283-93ce-ab80fe323eb3
2022-01-08 01:46:39,273 [pool-572-thread-1] INFO  server.RaftServerConfigKeys (ConfUtils.java:logGet(44)) - raft.server.log.queue.byte-limit = 2147483647 (custom)
2022-01-08 01:46:39,273 [pool-572-thread-1] INFO  server.RaftServerConfigKeys (ConfUtils.java:logGet(44)) - raft.server.log.queue.element-limit = 1024 (custom)
2022-01-08 01:46:39,273 [pool-572-thread-1] INFO  server.RaftServerConfigKeys (ConfUtils.java:logGet(44)) - raft.server.log.segment.size.max = 1048576 (custom)
2022-01-08 01:46:39,273 [pool-572-thread-1] INFO  server.RaftServerConfigKeys (ConfUtils.java:logGet(44)) - raft.server.log.preallocated.size = 16384 (custom)
2022-01-08 01:46:39,273 [pool-572-thread-1] INFO  server.RaftServerConfigKeys (ConfUtils.java:logGet(44)) - raft.server.log.force.sync.num = 128 (default)
2022-01-08 01:46:39,273 [pool-572-thread-1] INFO  server.RaftServerConfigKeys (ConfUtils.java:logGet(44)) - raft.server.log.statemachine.data.sync = true (default)
2022-01-08 01:46:39,274 [pool-572-thread-1] INFO  server.RaftServerConfigKeys (ConfUtils.java:logGet(44)) - raft.server.log.statemachine.data.sync.timeout = 10s (default)
2022-01-08 01:46:39,274 [pool-572-thread-1] INFO  server.RaftServerConfigKeys (ConfUtils.java:logGet(44)) - raft.server.log.statemachine.data.sync.timeout.retry = -1 (default)
2022-01-08 01:46:39,275 [pool-572-thread-1] INFO  server.RaftServerConfigKeys (ConfUtils.java:logGet(44)) - raft.server.log.write.buffer.size = 1048576 (custom)
2022-01-08 01:46:39,284 [pool-572-thread-1] INFO  server.RaftServerConfigKeys (ConfUtils.java:logGet(44)) - raft.server.log.statemachine.data.caching.enabled = true (custom)
2022-01-08 01:46:39,284 [pool-572-thread-1] INFO  segmented.SegmentedRaftLogWorker (SegmentedRaftLogWorker.java:lambda$new$0(133)) - 9d6916e6-e933-4839-a7aa-b025ed7fd068@group-AB80FE323EB3-SegmentedRaftLogWorker: flushIndex: setUnconditionally 0 -> -1
2022-01-08 01:46:39,285 [pool-572-thread-1] INFO  segmented.SegmentedRaftLogWorker (SegmentedRaftLogWorker.java:lambda$new$0(133)) - 9d6916e6-e933-4839-a7aa-b025ed7fd068@group-AB80FE323EB3-SegmentedRaftLogWorker: safeCacheEvictIndex: setUnconditionally 0 -> -1
2022-01-08 01:46:39,284 [EventQueue-OpenPipelineForHealthyPipelineSafeModeRule] INFO  safemode.SCMSafeModeManager (HealthyPipelineSafeModeRule.java:process(124)) - SCM in safe mode. Healthy pipelines reported count is 0, required healthy pipeline reported count is 1
2022-01-08 01:46:39,295 [pool-593-thread-1] INFO  server.RaftServerConfigKeys (ConfUtils.java:logGet(44)) - raft.server.log.statemachine.data.caching.enabled = true (custom)
2022-01-08 01:46:39,295 [pool-593-thread-1] INFO  segmented.SegmentedRaftLogWorker (SegmentedRaftLogWorker.java:lambda$new$0(133)) - 44471f42-9a01-4764-8909-e7e02c044ebe@group-AB80FE323EB3-SegmentedRaftLogWorker: flushIndex: setUnconditionally 0 -> -1
2022-01-08 01:46:39,295 [pool-593-thread-1] INFO  segmented.SegmentedRaftLogWorker (SegmentedRaftLogWorker.java:lambda$new$0(133)) - 44471f42-9a01-4764-8909-e7e02c044ebe@group-AB80FE323EB3-SegmentedRaftLogWorker: safeCacheEvictIndex: setUnconditionally 0 -> -1
2022-01-08 01:46:39,303 [pool-572-thread-1] INFO  server.RaftServerConfigKeys (ConfUtils.java:logGet(44)) - raft.server.snapshot.auto.trigger.enabled = true (custom)
2022-01-08 01:46:39,303 [pool-572-thread-1] INFO  server.RaftServerConfigKeys (ConfUtils.java:logGet(44)) - raft.server.snapshot.auto.trigger.threshold = 10000 (custom)
2022-01-08 01:46:39,303 [pool-572-thread-1] INFO  server.RaftServerConfigKeys (ConfUtils.java:logGet(44)) - raft.server.snapshot.retention.file.num = 5 (custom)
2022-01-08 01:46:39,303 [pool-572-thread-1] INFO  server.RaftServerConfigKeys (ConfUtils.java:logGet(44)) - raft.server.log.purge.upto.snapshot.index = false (default)
2022-01-08 01:46:39,303 [pool-572-thread-1] INFO  server.RaftServerConfigKeys (ConfUtils.java:logGet(44)) - raft.server.retrycache.expirytime = 600000ms (custom)
2022-01-08 01:46:39,303 [pool-572-thread-1] INFO  server.RaftServerConfigKeys (ConfUtils.java:logGet(44)) - raft.server.retrycache.statistics.expirytime = 100μs (default)
2022-01-08 01:46:39,304 [pool-572-thread-1] INFO  server.RaftServer$Division (RaftServerImpl.java:start(301)) - 9d6916e6-e933-4839-a7aa-b025ed7fd068@group-AB80FE323EB3: start as a follower, conf=-1: [6477641b-710a-49ab-b56b-e0f600eb5c24|rpc:10.1.0.34:38417|priority:1, 44471f42-9a01-4764-8909-e7e02c044ebe|rpc:10.1.0.34:44109|priority:0, 9d6916e6-e933-4839-a7aa-b025ed7fd068|rpc:10.1.0.34:40543|priority:0], old=null
2022-01-08 01:46:39,304 [pool-572-thread-1] INFO  server.RaftServer$Division (RaftServerImpl.java:setRole(290)) - 9d6916e6-e933-4839-a7aa-b025ed7fd068@group-AB80FE323EB3: changes role from      null to FOLLOWER at term 0 for startAsFollower
2022-01-08 01:46:39,304 [pool-572-thread-1] INFO  impl.RoleInfo (RoleInfo.java:updateAndGet(130)) - 9d6916e6-e933-4839-a7aa-b025ed7fd068: start 9d6916e6-e933-4839-a7aa-b025ed7fd068@group-AB80FE323EB3-FollowerState
2022-01-08 01:46:39,311 [pool-572-thread-1] INFO  util.JmxRegister (JmxRegister.java:tryRegister(44)) - Successfully registered JMX Bean with object name Ratis:service=RaftServer,group=group-AB80FE323EB3,id=9d6916e6-e933-4839-a7aa-b025ed7fd068
2022-01-08 01:46:39,319 [Command processor thread] INFO  ratis.XceiverServerRatis (XceiverServerRatis.java:addGroup(768)) - Created group PipelineID=f2ed03a6-aac7-4283-93ce-ab80fe323eb3
2022-01-08 01:46:39,331 [pool-593-thread-1] INFO  server.RaftServerConfigKeys (ConfUtils.java:logGet(44)) - raft.server.snapshot.auto.trigger.enabled = true (custom)
2022-01-08 01:46:39,331 [pool-593-thread-1] INFO  server.RaftServerConfigKeys (ConfUtils.java:logGet(44)) - raft.server.snapshot.auto.trigger.threshold = 10000 (custom)
2022-01-08 01:46:39,331 [pool-593-thread-1] INFO  server.RaftServerConfigKeys (ConfUtils.java:logGet(44)) - raft.server.snapshot.retention.file.num = 5 (custom)
2022-01-08 01:46:39,331 [pool-593-thread-1] INFO  server.RaftServerConfigKeys (ConfUtils.java:logGet(44)) - raft.server.log.purge.upto.snapshot.index = false (default)
2022-01-08 01:46:39,331 [pool-593-thread-1] INFO  server.RaftServerConfigKeys (ConfUtils.java:logGet(44)) - raft.server.retrycache.expirytime = 600000ms (custom)
2022-01-08 01:46:39,331 [pool-593-thread-1] INFO  server.RaftServerConfigKeys (ConfUtils.java:logGet(44)) - raft.server.retrycache.statistics.expirytime = 100μs (default)
2022-01-08 01:46:39,334 [pool-593-thread-1] INFO  server.RaftServer$Division (RaftServerImpl.java:start(301)) - 44471f42-9a01-4764-8909-e7e02c044ebe@group-AB80FE323EB3: start as a follower, conf=-1: [6477641b-710a-49ab-b56b-e0f600eb5c24|rpc:10.1.0.34:38417|dataStream:|priority:1, 44471f42-9a01-4764-8909-e7e02c044ebe|rpc:10.1.0.34:44109|dataStream:|priority:0, 9d6916e6-e933-4839-a7aa-b025ed7fd068|rpc:10.1.0.34:40543|dataStream:|priority:0], old=null
2022-01-08 01:46:39,334 [pool-593-thread-1] INFO  server.RaftServer$Division (RaftServerImpl.java:setRole(290)) - 44471f42-9a01-4764-8909-e7e02c044ebe@group-AB80FE323EB3: changes role from      null to FOLLOWER at term 0 for startAsFollower
2022-01-08 01:46:39,334 [pool-593-thread-1] INFO  impl.RoleInfo (RoleInfo.java:updateAndGet(130)) - 44471f42-9a01-4764-8909-e7e02c044ebe: start 44471f42-9a01-4764-8909-e7e02c044ebe@group-AB80FE323EB3-FollowerState
2022-01-08 01:46:39,335 [pool-593-thread-1] INFO  util.JmxRegister (JmxRegister.java:tryRegister(44)) - Successfully registered JMX Bean with object name Ratis:service=RaftServer,group=group-AB80FE323EB3,id=44471f42-9a01-4764-8909-e7e02c044ebe
2022-01-08 01:46:39,541 [Command processor thread] INFO  commandhandler.CreatePipelineCommandHandler (CreatePipelineCommandHandler.java:handle(106)) - Created Pipeline RATIS THREE PipelineID=f2ed03a6-aac7-4283-93ce-ab80fe323eb3.
2022-01-08 01:46:39,609 [Command processor thread] INFO  commandhandler.CreatePipelineCommandHandler (CreatePipelineCommandHandler.java:handle(106)) - Created Pipeline RATIS THREE PipelineID=f2ed03a6-aac7-4283-93ce-ab80fe323eb3.
2022-01-08 01:46:39,759 [Command processor thread] INFO  server.RaftServer (RaftServerProxy.java:addNew(95)) - 44471f42-9a01-4764-8909-e7e02c044ebe: addNew group-43BD03022839:[44471f42-9a01-4764-8909-e7e02c044ebe|rpc:10.1.0.34:44109|priority:1] returns group-43BD03022839:java.util.concurrent.CompletableFuture@2878081e[Not completed]
2022-01-08 01:46:39,760 [pool-593-thread-1] INFO  server.RaftServer$Division (RaftServerImpl.java:<init>(184)) - 44471f42-9a01-4764-8909-e7e02c044ebe: new RaftServerImpl for group-43BD03022839:[44471f42-9a01-4764-8909-e7e02c044ebe|rpc:10.1.0.34:44109|priority:1] with ContainerStateMachine:uninitialized
2022-01-08 01:46:39,760 [pool-593-thread-1] INFO  server.RaftServerConfigKeys (ConfUtils.java:logGet(44)) - raft.server.rpc.timeout.min = 5s (custom)
2022-01-08 01:46:39,760 [pool-593-thread-1] INFO  server.RaftServerConfigKeys (ConfUtils.java:logGet(44)) - raft.server.rpc.timeout.max = 5200ms (custom)
2022-01-08 01:46:39,760 [pool-593-thread-1] INFO  server.RaftServerConfigKeys (ConfUtils.java:logGet(44)) - raft.server.rpc.sleep.time = 25ms (default)
2022-01-08 01:46:39,760 [pool-593-thread-1] INFO  server.RaftServerConfigKeys (ConfUtils.java:logGet(44)) - raft.server.rpc.slowness.timeout = 300000ms (custom)
2022-01-08 01:46:39,760 [pool-593-thread-1] INFO  server.RaftServerConfigKeys (ConfUtils.java:logGet(44)) - raft.server.leaderelection.leader.step-down.wait-time = 10s (default)
2022-01-08 01:46:39,760 [pool-593-thread-1] INFO  server.RaftServerConfigKeys (ConfUtils.java:logGet(44)) - raft.server.sleep.deviation.threshold = 300ms (default)
2022-01-08 01:46:39,760 [pool-593-thread-1] INFO  server.RaftServerConfigKeys (ConfUtils.java:logGet(44)) - raft.server.log.appender.install.snapshot.enabled = false (custom)
2022-01-08 01:46:39,761 [pool-593-thread-1] INFO  server.RaftServer$Division (ServerState.java:<init>(105)) - 44471f42-9a01-4764-8909-e7e02c044ebe@group-43BD03022839: ConfigurationManager, init=-1: [44471f42-9a01-4764-8909-e7e02c044ebe|rpc:10.1.0.34:44109|priority:1], old=null, confs=<EMPTY_MAP>
2022-01-08 01:46:39,761 [pool-593-thread-1] INFO  server.RaftServerConfigKeys (ConfUtils.java:logGet(44)) - raft.server.storage.dir = [/home/runner/work/ozone/ozone/hadoop-ozone/integration-test/target/test-dir/MiniOzoneClusterImpl-6a132c25-3902-4d06-b1e4-79a7ed3e0f57/datanode-2/data/ratis] (custom)
2022-01-08 01:46:39,761 [pool-593-thread-1] INFO  server.RaftServerConfigKeys (ConfUtils.java:logGet(44)) - raft.server.log.corruption.policy = EXCEPTION (default)
2022-01-08 01:46:39,761 [pool-593-thread-1] INFO  server.RaftServerConfigKeys (ConfUtils.java:logGet(44)) - raft.server.storage.free-space.min = 0MB (=0) (default)
2022-01-08 01:46:39,761 [pool-593-thread-1] INFO  storage.RaftStorageDirectory (RaftStorageDirectoryImpl.java:analyzeStorage(135)) - The storage directory /home/runner/work/ozone/ozone/hadoop-ozone/integration-test/target/test-dir/MiniOzoneClusterImpl-6a132c25-3902-4d06-b1e4-79a7ed3e0f57/datanode-2/data/ratis/5d32d0ed-d79b-48e3-9bab-43bd03022839 does not exist. Creating ...
2022-01-08 01:46:39,762 [pool-593-thread-1] INFO  storage.RaftStorageDirectory (RaftStorageDirectoryImpl.java:tryLock(230)) - Lock on /home/runner/work/ozone/ozone/hadoop-ozone/integration-test/target/test-dir/MiniOzoneClusterImpl-6a132c25-3902-4d06-b1e4-79a7ed3e0f57/datanode-2/data/ratis/5d32d0ed-d79b-48e3-9bab-43bd03022839/in_use.lock acquired by nodename 32692@fv-az116-279
2022-01-08 01:46:39,779 [pool-593-thread-1] INFO  storage.RaftStorage (RaftStorageImpl.java:format(89)) - Storage directory /home/runner/work/ozone/ozone/hadoop-ozone/integration-test/target/test-dir/MiniOzoneClusterImpl-6a132c25-3902-4d06-b1e4-79a7ed3e0f57/datanode-2/data/ratis/5d32d0ed-d79b-48e3-9bab-43bd03022839 has been successfully formatted.
2022-01-08 01:46:39,780 [pool-593-thread-1] INFO  ratis.ContainerStateMachine (ContainerStateMachine.java:loadSnapshot(231)) - group-43BD03022839: The snapshot info is null. Setting the last applied indexto:(t:0, i:~)
2022-01-08 01:46:39,780 [pool-593-thread-1] INFO  server.RaftServerConfigKeys (ConfUtils.java:logGet(44)) - raft.server.notification.no-leader.timeout = 300000ms (custom)
2022-01-08 01:46:39,780 [pool-593-thread-1] INFO  server.RaftServerConfigKeys (ConfUtils.java:logGet(44)) - raft.server.log.use.memory = false (default)
2022-01-08 01:46:39,780 [pool-593-thread-1] INFO  server.RaftServerConfigKeys (ConfUtils.java:logGet(44)) - raft.server.log.purge.gap = 1000000 (custom)
2022-01-08 01:46:39,780 [pool-593-thread-1] INFO  server.RaftServerConfigKeys (ConfUtils.java:logGet(44)) - raft.server.log.appender.buffer.byte-limit = 33554432 (custom)
2022-01-08 01:46:39,780 [pool-593-thread-1] INFO  server.RaftServerConfigKeys (ConfUtils.java:logGet(44)) - raft.server.log.segment.size.max = 1048576 (custom)
2022-01-08 01:46:39,781 [pool-593-thread-1] INFO  server.RaftServerConfigKeys (ConfUtils.java:logGet(44)) - raft.server.log.segment.cache.num.max = 2 (custom)
2022-01-08 01:46:39,781 [pool-593-thread-1] INFO  server.RaftServerConfigKeys (ConfUtils.java:logGet(44)) - raft.server.log.segment.cache.size.max = 200MB (=209715200) (default)
2022-01-08 01:46:39,781 [pool-593-thread-1] INFO  segmented.SegmentedRaftLogWorker (SegmentedRaftLogWorker.java:<init>(182)) - new 44471f42-9a01-4764-8909-e7e02c044ebe@group-43BD03022839-SegmentedRaftLogWorker for RaftStorageImpl:Storage Directory /home/runner/work/ozone/ozone/hadoop-ozone/integration-test/target/test-dir/MiniOzoneClusterImpl-6a132c25-3902-4d06-b1e4-79a7ed3e0f57/datanode-2/data/ratis/5d32d0ed-d79b-48e3-9bab-43bd03022839
2022-01-08 01:46:39,782 [EventQueue-PipelineReportForPipelineReportHandler] INFO  pipeline.PipelineManagerImpl (PipelineManagerImpl.java:openPipeline(291)) - Pipeline Pipeline[ Id: 5d32d0ed-d79b-48e3-9bab-43bd03022839, Nodes: 44471f42-9a01-4764-8909-e7e02c044ebe{ip: 10.1.0.34, host: fv-az116-279.vzw04321ajxubdbcnpick5nqva.xx.internal.cloudapp.net, ports: [REPLICATION=36939, RATIS=44109, RATIS_ADMIN=44109, RATIS_SERVER=44109, STANDALONE=34571], networkLocation: /default-rack, certSerialId: null, persistedOpState: IN_SERVICE, persistedOpStateExpiryEpochSec: 0}, ReplicationConfig: RATIS/ONE, State:ALLOCATED, leaderId:44471f42-9a01-4764-8909-e7e02c044ebe, CreationTimestamp2022-01-08T01:46:36.766Z[Etc/UTC]] moved to OPEN state
2022-01-08 01:46:39,783 [EventQueue-OpenPipelineForHealthyPipelineSafeModeRule] INFO  safemode.SCMSafeModeManager (HealthyPipelineSafeModeRule.java:process(124)) - SCM in safe mode. Healthy pipelines reported count is 0, required healthy pipeline reported count is 1
2022-01-08 01:46:39,783 [pool-593-thread-1] INFO  server.RaftServerConfigKeys (ConfUtils.java:logGet(44)) - raft.server.log.queue.byte-limit = 2147483647 (custom)
2022-01-08 01:46:39,783 [pool-593-thread-1] INFO  server.RaftServerConfigKeys (ConfUtils.java:logGet(44)) - raft.server.log.queue.element-limit = 1024 (custom)
2022-01-08 01:46:39,783 [pool-593-thread-1] INFO  server.RaftServerConfigKeys (ConfUtils.java:logGet(44)) - raft.server.log.segment.size.max = 1048576 (custom)
2022-01-08 01:46:39,783 [pool-593-thread-1] INFO  server.RaftServerConfigKeys (ConfUtils.java:logGet(44)) - raft.server.log.preallocated.size = 16384 (custom)
2022-01-08 01:46:39,783 [pool-593-thread-1] INFO  server.RaftServerConfigKeys (ConfUtils.java:logGet(44)) - raft.server.log.force.sync.num = 128 (default)
2022-01-08 01:46:39,783 [pool-593-thread-1] INFO  server.RaftServerConfigKeys (ConfUtils.java:logGet(44)) - raft.server.log.statemachine.data.sync = true (default)
2022-01-08 01:46:39,790 [pool-593-thread-1] INFO  server.RaftServerConfigKeys (ConfUtils.java:logGet(44)) - raft.server.log.statemachine.data.sync.timeout = 10s (default)
2022-01-08 01:46:39,790 [pool-593-thread-1] INFO  server.RaftServerConfigKeys (ConfUtils.java:logGet(44)) - raft.server.log.statemachine.data.sync.timeout.retry = -1 (default)
2022-01-08 01:46:39,792 [pool-593-thread-1] INFO  server.RaftServerConfigKeys (ConfUtils.java:logGet(44)) - raft.server.log.write.buffer.size = 1048576 (custom)
2022-01-08 01:46:39,811 [pool-593-thread-1] INFO  server.RaftServerConfigKeys (ConfUtils.java:logGet(44)) - raft.server.log.statemachine.data.caching.enabled = true (custom)
2022-01-08 01:46:39,812 [pool-593-thread-1] INFO  segmented.SegmentedRaftLogWorker (SegmentedRaftLogWorker.java:lambda$new$0(133)) - 44471f42-9a01-4764-8909-e7e02c044ebe@group-43BD03022839-SegmentedRaftLogWorker: flushIndex: setUnconditionally 0 -> -1
2022-01-08 01:46:39,812 [pool-593-thread-1] INFO  segmented.SegmentedRaftLogWorker (SegmentedRaftLogWorker.java:lambda$new$0(133)) - 44471f42-9a01-4764-8909-e7e02c044ebe@group-43BD03022839-SegmentedRaftLogWorker: safeCacheEvictIndex: setUnconditionally 0 -> -1
2022-01-08 01:46:39,816 [pool-593-thread-1] INFO  server.RaftServerConfigKeys (ConfUtils.java:logGet(44)) - raft.server.snapshot.auto.trigger.enabled = true (custom)
2022-01-08 01:46:39,816 [pool-593-thread-1] INFO  server.RaftServerConfigKeys (ConfUtils.java:logGet(44)) - raft.server.snapshot.auto.trigger.threshold = 10000 (custom)
2022-01-08 01:46:39,816 [pool-593-thread-1] INFO  server.RaftServerConfigKeys (ConfUtils.java:logGet(44)) - raft.server.snapshot.retention.file.num = 5 (custom)
2022-01-08 01:46:39,816 [pool-593-thread-1] INFO  server.RaftServerConfigKeys (ConfUtils.java:logGet(44)) - raft.server.log.purge.upto.snapshot.index = false (default)
2022-01-08 01:46:39,816 [pool-593-thread-1] INFO  server.RaftServerConfigKeys (ConfUtils.java:logGet(44)) - raft.server.retrycache.expirytime = 600000ms (custom)
2022-01-08 01:46:39,816 [pool-593-thread-1] INFO  server.RaftServerConfigKeys (ConfUtils.java:logGet(44)) - raft.server.retrycache.statistics.expirytime = 100μs (default)
2022-01-08 01:46:39,818 [pool-593-thread-1] INFO  server.RaftServer$Division (RaftServerImpl.java:start(301)) - 44471f42-9a01-4764-8909-e7e02c044ebe@group-43BD03022839: start as a follower, conf=-1: [44471f42-9a01-4764-8909-e7e02c044ebe|rpc:10.1.0.34:44109|priority:1], old=null
2022-01-08 01:46:39,818 [pool-593-thread-1] INFO  server.RaftServer$Division (RaftServerImpl.java:setRole(290)) - 44471f42-9a01-4764-8909-e7e02c044ebe@group-43BD03022839: changes role from      null to FOLLOWER at term 0 for startAsFollower
2022-01-08 01:46:39,818 [pool-593-thread-1] INFO  impl.RoleInfo (RoleInfo.java:updateAndGet(130)) - 44471f42-9a01-4764-8909-e7e02c044ebe: start 44471f42-9a01-4764-8909-e7e02c044ebe@group-43BD03022839-FollowerState
2022-01-08 01:46:39,819 [pool-593-thread-1] INFO  util.JmxRegister (JmxRegister.java:tryRegister(44)) - Successfully registered JMX Bean with object name Ratis:service=RaftServer,group=group-43BD03022839,id=44471f42-9a01-4764-8909-e7e02c044ebe
2022-01-08 01:46:39,820 [Command processor thread] INFO  ratis.XceiverServerRatis (XceiverServerRatis.java:addGroup(768)) - Created group PipelineID=5d32d0ed-d79b-48e3-9bab-43bd03022839
2022-01-08 01:46:39,820 [Command processor thread] INFO  commandhandler.CreatePipelineCommandHandler (CreatePipelineCommandHandler.java:handle(106)) - Created Pipeline RATIS ONE PipelineID=5d32d0ed-d79b-48e3-9bab-43bd03022839.
2022-01-08 01:46:39,856 [Listener at 127.0.0.1/40645] INFO  ozone.MiniOzoneClusterImpl (MiniOzoneClusterImpl.java:lambda$waitForClusterToBeReady$0(235)) - Nodes are ready. Got 7 of 7 DN Heartbeats.
2022-01-08 01:46:39,856 [Listener at 127.0.0.1/40645] INFO  ozone.MiniOzoneClusterImpl (MiniOzoneClusterImpl.java:lambda$waitForClusterToBeReady$0(238)) - Waiting for cluster to exit safe mode
2022-01-08 01:46:39,856 [Listener at 127.0.0.1/40645] INFO  ozone.MiniOzoneClusterImpl (MiniOzoneClusterImpl.java:lambda$waitForClusterToBeReady$0(240)) - SCM became leader
2022-01-08 01:46:40,184 [Command processor thread] INFO  server.RaftServer (RaftServerProxy.java:addNew(95)) - 46dea062-dbed-4f29-9927-38d96de780a1: addNew group-5C48197DAF44:[46dea062-dbed-4f29-9927-38d96de780a1|rpc:10.1.0.34:40963|priority:1] returns group-5C48197DAF44:java.util.concurrent.CompletableFuture@55f37609[Not completed]
2022-01-08 01:46:40,248 [pool-614-thread-1] INFO  server.RaftServer$Division (RaftServerImpl.java:<init>(184)) - 46dea062-dbed-4f29-9927-38d96de780a1: new RaftServerImpl for group-5C48197DAF44:[46dea062-dbed-4f29-9927-38d96de780a1|rpc:10.1.0.34:40963|priority:1] with ContainerStateMachine:uninitialized
2022-01-08 01:46:40,248 [pool-614-thread-1] INFO  server.RaftServerConfigKeys (ConfUtils.java:logGet(44)) - raft.server.rpc.timeout.min = 5s (custom)
2022-01-08 01:46:40,248 [pool-614-thread-1] INFO  server.RaftServerConfigKeys (ConfUtils.java:logGet(44)) - raft.server.rpc.timeout.max = 5200ms (custom)
2022-01-08 01:46:40,248 [pool-614-thread-1] INFO  server.RaftServerConfigKeys (ConfUtils.java:logGet(44)) - raft.server.rpc.sleep.time = 25ms (default)
2022-01-08 01:46:40,248 [pool-614-thread-1] INFO  server.RaftServerConfigKeys (ConfUtils.java:logGet(44)) - raft.server.rpc.slowness.timeout = 300000ms (custom)
2022-01-08 01:46:40,248 [pool-614-thread-1] INFO  server.RaftServerConfigKeys (ConfUtils.java:logGet(44)) - raft.server.leaderelection.leader.step-down.wait-time = 10s (default)
2022-01-08 01:46:40,248 [pool-614-thread-1] INFO  server.RaftServerConfigKeys (ConfUtils.java:logGet(44)) - raft.server.sleep.deviation.threshold = 300ms (default)
2022-01-08 01:46:40,248 [pool-614-thread-1] INFO  server.RaftServerConfigKeys (ConfUtils.java:logGet(44)) - raft.server.log.appender.install.snapshot.enabled = false (custom)
2022-01-08 01:46:40,248 [pool-614-thread-1] INFO  server.RaftServer$Division (ServerState.java:<init>(105)) - 46dea062-dbed-4f29-9927-38d96de780a1@group-5C48197DAF44: ConfigurationManager, init=-1: [46dea062-dbed-4f29-9927-38d96de780a1|rpc:10.1.0.34:40963|priority:1], old=null, confs=<EMPTY_MAP>
2022-01-08 01:46:40,249 [pool-614-thread-1] INFO  server.RaftServerConfigKeys (ConfUtils.java:logGet(44)) - raft.server.storage.dir = [/home/runner/work/ozone/ozone/hadoop-ozone/integration-test/target/test-dir/MiniOzoneClusterImpl-6a132c25-3902-4d06-b1e4-79a7ed3e0f57/datanode-3/data/ratis] (custom)
2022-01-08 01:46:40,249 [pool-614-thread-1] INFO  server.RaftServerConfigKeys (ConfUtils.java:logGet(44)) - raft.server.log.corruption.policy = EXCEPTION (default)
2022-01-08 01:46:40,249 [pool-614-thread-1] INFO  server.RaftServerConfigKeys (ConfUtils.java:logGet(44)) - raft.server.storage.free-space.min = 0MB (=0) (default)
2022-01-08 01:46:40,249 [pool-614-thread-1] INFO  storage.RaftStorageDirectory (RaftStorageDirectoryImpl.java:analyzeStorage(135)) - The storage directory /home/runner/work/ozone/ozone/hadoop-ozone/integration-test/target/test-dir/MiniOzoneClusterImpl-6a132c25-3902-4d06-b1e4-79a7ed3e0f57/datanode-3/data/ratis/07045353-53d7-48c2-843c-5c48197daf44 does not exist. Creating ...
2022-01-08 01:46:40,253 [pool-614-thread-1] INFO  storage.RaftStorageDirectory (RaftStorageDirectoryImpl.java:tryLock(230)) - Lock on /home/runner/work/ozone/ozone/hadoop-ozone/integration-test/target/test-dir/MiniOzoneClusterImpl-6a132c25-3902-4d06-b1e4-79a7ed3e0f57/datanode-3/data/ratis/07045353-53d7-48c2-843c-5c48197daf44/in_use.lock acquired by nodename 32692@fv-az116-279
2022-01-08 01:46:40,257 [pool-614-thread-1] INFO  storage.RaftStorage (RaftStorageImpl.java:format(89)) - Storage directory /home/runner/work/ozone/ozone/hadoop-ozone/integration-test/target/test-dir/MiniOzoneClusterImpl-6a132c25-3902-4d06-b1e4-79a7ed3e0f57/datanode-3/data/ratis/07045353-53d7-48c2-843c-5c48197daf44 has been successfully formatted.
2022-01-08 01:46:40,258 [pool-614-thread-1] INFO  ratis.ContainerStateMachine (ContainerStateMachine.java:loadSnapshot(231)) - group-5C48197DAF44: The snapshot info is null. Setting the last applied indexto:(t:0, i:~)
2022-01-08 01:46:40,259 [EventQueue-PipelineReportForPipelineReportHandler] INFO  pipeline.PipelineManagerImpl (PipelineManagerImpl.java:openPipeline(291)) - Pipeline Pipeline[ Id: 07045353-53d7-48c2-843c-5c48197daf44, Nodes: 46dea062-dbed-4f29-9927-38d96de780a1{ip: 10.1.0.34, host: fv-az116-279.vzw04321ajxubdbcnpick5nqva.xx.internal.cloudapp.net, ports: [REPLICATION=42195, RATIS=40963, RATIS_ADMIN=40963, RATIS_SERVER=40963, STANDALONE=39759], networkLocation: /default-rack, certSerialId: null, persistedOpState: IN_SERVICE, persistedOpStateExpiryEpochSec: 0}, ReplicationConfig: RATIS/ONE, State:ALLOCATED, leaderId:46dea062-dbed-4f29-9927-38d96de780a1, CreationTimestamp2022-01-08T01:46:37.167Z[Etc/UTC]] moved to OPEN state
2022-01-08 01:46:40,262 [pool-614-thread-1] INFO  server.RaftServerConfigKeys (ConfUtils.java:logGet(44)) - raft.server.notification.no-leader.timeout = 300000ms (custom)
2022-01-08 01:46:40,262 [pool-614-thread-1] INFO  server.RaftServerConfigKeys (ConfUtils.java:logGet(44)) - raft.server.log.use.memory = false (default)
2022-01-08 01:46:40,262 [EventQueue-OpenPipelineForHealthyPipelineSafeModeRule] INFO  safemode.SCMSafeModeManager (HealthyPipelineSafeModeRule.java:process(124)) - SCM in safe mode. Healthy pipelines reported count is 0, required healthy pipeline reported count is 1
2022-01-08 01:46:40,262 [pool-614-thread-1] INFO  server.RaftServerConfigKeys (ConfUtils.java:logGet(44)) - raft.server.log.purge.gap = 1000000 (custom)
2022-01-08 01:46:40,264 [pool-614-thread-1] INFO  server.RaftServerConfigKeys (ConfUtils.java:logGet(44)) - raft.server.log.appender.buffer.byte-limit = 33554432 (custom)
2022-01-08 01:46:40,264 [pool-614-thread-1] INFO  server.RaftServerConfigKeys (ConfUtils.java:logGet(44)) - raft.server.log.segment.size.max = 1048576 (custom)
2022-01-08 01:46:40,264 [pool-614-thread-1] INFO  server.RaftServerConfigKeys (ConfUtils.java:logGet(44)) - raft.server.log.segment.cache.num.max = 2 (custom)
2022-01-08 01:46:40,265 [pool-614-thread-1] INFO  server.RaftServerConfigKeys (ConfUtils.java:logGet(44)) - raft.server.log.segment.cache.size.max = 200MB (=209715200) (default)
2022-01-08 01:46:40,265 [pool-614-thread-1] INFO  segmented.SegmentedRaftLogWorker (SegmentedRaftLogWorker.java:<init>(182)) - new 46dea062-dbed-4f29-9927-38d96de780a1@group-5C48197DAF44-SegmentedRaftLogWorker for RaftStorageImpl:Storage Directory /home/runner/work/ozone/ozone/hadoop-ozone/integration-test/target/test-dir/MiniOzoneClusterImpl-6a132c25-3902-4d06-b1e4-79a7ed3e0f57/datanode-3/data/ratis/07045353-53d7-48c2-843c-5c48197daf44
2022-01-08 01:46:40,265 [pool-614-thread-1] INFO  server.RaftServerConfigKeys (ConfUtils.java:logGet(44)) - raft.server.log.queue.byte-limit = 2147483647 (custom)
2022-01-08 01:46:40,265 [pool-614-thread-1] INFO  server.RaftServerConfigKeys (ConfUtils.java:logGet(44)) - raft.server.log.queue.element-limit = 1024 (custom)
2022-01-08 01:46:40,265 [pool-614-thread-1] INFO  server.RaftServerConfigKeys (ConfUtils.java:logGet(44)) - raft.server.log.segment.size.max = 1048576 (custom)
2022-01-08 01:46:40,265 [pool-614-thread-1] INFO  server.RaftServerConfigKeys (ConfUtils.java:logGet(44)) - raft.server.log.preallocated.size = 16384 (custom)
2022-01-08 01:46:40,265 [pool-614-thread-1] INFO  server.RaftServerConfigKeys (ConfUtils.java:logGet(44)) - raft.server.log.force.sync.num = 128 (default)
2022-01-08 01:46:40,265 [pool-614-thread-1] INFO  server.RaftServerConfigKeys (ConfUtils.java:logGet(44)) - raft.server.log.statemachine.data.sync = true (default)
2022-01-08 01:46:40,265 [pool-614-thread-1] INFO  server.RaftServerConfigKeys (ConfUtils.java:logGet(44)) - raft.server.log.statemachine.data.sync.timeout = 10s (default)
2022-01-08 01:46:40,265 [pool-614-thread-1] INFO  server.RaftServerConfigKeys (ConfUtils.java:logGet(44)) - raft.server.log.statemachine.data.sync.timeout.retry = -1 (default)
2022-01-08 01:46:40,266 [pool-614-thread-1] INFO  server.RaftServerConfigKeys (ConfUtils.java:logGet(44)) - raft.server.log.write.buffer.size = 1048576 (custom)
2022-01-08 01:46:40,267 [pool-614-thread-1] INFO  server.RaftServerConfigKeys (ConfUtils.java:logGet(44)) - raft.server.log.statemachine.data.caching.enabled = true (custom)
2022-01-08 01:46:40,267 [pool-614-thread-1] INFO  segmented.SegmentedRaftLogWorker (SegmentedRaftLogWorker.java:lambda$new$0(133)) - 46dea062-dbed-4f29-9927-38d96de780a1@group-5C48197DAF44-SegmentedRaftLogWorker: flushIndex: setUnconditionally 0 -> -1
2022-01-08 01:46:40,299 [pool-614-thread-1] INFO  segmented.SegmentedRaftLogWorker (SegmentedRaftLogWorker.java:lambda$new$0(133)) - 46dea062-dbed-4f29-9927-38d96de780a1@group-5C48197DAF44-SegmentedRaftLogWorker: safeCacheEvictIndex: setUnconditionally 0 -> -1
2022-01-08 01:46:40,315 [pool-614-thread-1] INFO  server.RaftServerConfigKeys (ConfUtils.java:logGet(44)) - raft.server.snapshot.auto.trigger.enabled = true (custom)
2022-01-08 01:46:40,315 [pool-614-thread-1] INFO  server.RaftServerConfigKeys (ConfUtils.java:logGet(44)) - raft.server.snapshot.auto.trigger.threshold = 10000 (custom)
2022-01-08 01:46:40,315 [pool-614-thread-1] INFO  server.RaftServerConfigKeys (ConfUtils.java:logGet(44)) - raft.server.snapshot.retention.file.num = 5 (custom)
2022-01-08 01:46:40,315 [pool-614-thread-1] INFO  server.RaftServerConfigKeys (ConfUtils.java:logGet(44)) - raft.server.log.purge.upto.snapshot.index = false (default)
2022-01-08 01:46:40,316 [pool-614-thread-1] INFO  server.RaftServerConfigKeys (ConfUtils.java:logGet(44)) - raft.server.retrycache.expirytime = 600000ms (custom)
2022-01-08 01:46:40,316 [pool-614-thread-1] INFO  server.RaftServerConfigKeys (ConfUtils.java:logGet(44)) - raft.server.retrycache.statistics.expirytime = 100μs (default)
2022-01-08 01:46:40,317 [pool-614-thread-1] INFO  server.RaftServer$Division (RaftServerImpl.java:start(301)) - 46dea062-dbed-4f29-9927-38d96de780a1@group-5C48197DAF44: start as a follower, conf=-1: [46dea062-dbed-4f29-9927-38d96de780a1|rpc:10.1.0.34:40963|priority:1], old=null
2022-01-08 01:46:40,317 [pool-614-thread-1] INFO  server.RaftServer$Division (RaftServerImpl.java:setRole(290)) - 46dea062-dbed-4f29-9927-38d96de780a1@group-5C48197DAF44: changes role from      null to FOLLOWER at term 0 for startAsFollower
2022-01-08 01:46:40,317 [pool-614-thread-1] INFO  impl.RoleInfo (RoleInfo.java:updateAndGet(130)) - 46dea062-dbed-4f29-9927-38d96de780a1: start 46dea062-dbed-4f29-9927-38d96de780a1@group-5C48197DAF44-FollowerState
2022-01-08 01:46:40,318 [pool-614-thread-1] INFO  util.JmxRegister (JmxRegister.java:tryRegister(44)) - Successfully registered JMX Bean with object name Ratis:service=RaftServer,group=group-5C48197DAF44,id=46dea062-dbed-4f29-9927-38d96de780a1
2022-01-08 01:46:40,326 [Command processor thread] INFO  ratis.XceiverServerRatis (XceiverServerRatis.java:addGroup(768)) - Created group PipelineID=07045353-53d7-48c2-843c-5c48197daf44
2022-01-08 01:46:40,326 [Command processor thread] INFO  commandhandler.CreatePipelineCommandHandler (CreatePipelineCommandHandler.java:handle(106)) - Created Pipeline RATIS ONE PipelineID=07045353-53d7-48c2-843c-5c48197daf44.
2022-01-08 01:46:40,326 [Command processor thread] INFO  server.RaftServer (RaftServerProxy.java:addNew(95)) - 46dea062-dbed-4f29-9927-38d96de780a1: addNew group-E4867FAC98DD:[81a3d3bc-df93-482d-841e-57d386bb5ebf|rpc:10.1.0.34:40489|priority:0, a6c260a2-0fcb-4cbe-bb3c-7bbe6bc0f1a0|rpc:10.1.0.34:44223|priority:0, 46dea062-dbed-4f29-9927-38d96de780a1|rpc:10.1.0.34:40963|priority:1] returns group-E4867FAC98DD:java.util.concurrent.CompletableFuture@51ccf86f[Not completed]
2022-01-08 01:46:40,336 [pool-614-thread-1] INFO  server.RaftServer$Division (RaftServerImpl.java:<init>(184)) - 46dea062-dbed-4f29-9927-38d96de780a1: new RaftServerImpl for group-E4867FAC98DD:[81a3d3bc-df93-482d-841e-57d386bb5ebf|rpc:10.1.0.34:40489|priority:0, a6c260a2-0fcb-4cbe-bb3c-7bbe6bc0f1a0|rpc:10.1.0.34:44223|priority:0, 46dea062-dbed-4f29-9927-38d96de780a1|rpc:10.1.0.34:40963|priority:1] with ContainerStateMachine:uninitialized
2022-01-08 01:46:40,336 [pool-614-thread-1] INFO  server.RaftServerConfigKeys (ConfUtils.java:logGet(44)) - raft.server.rpc.timeout.min = 5s (custom)
2022-01-08 01:46:40,336 [pool-614-thread-1] INFO  server.RaftServerConfigKeys (ConfUtils.java:logGet(44)) - raft.server.rpc.timeout.max = 5200ms (custom)
2022-01-08 01:46:40,336 [pool-614-thread-1] INFO  server.RaftServerConfigKeys (ConfUtils.java:logGet(44)) - raft.server.rpc.sleep.time = 25ms (default)
2022-01-08 01:46:40,336 [pool-614-thread-1] INFO  server.RaftServerConfigKeys (ConfUtils.java:logGet(44)) - raft.server.rpc.slowness.timeout = 300000ms (custom)
2022-01-08 01:46:40,336 [pool-614-thread-1] INFO  server.RaftServerConfigKeys (ConfUtils.java:logGet(44)) - raft.server.leaderelection.leader.step-down.wait-time = 10s (default)
2022-01-08 01:46:40,336 [pool-614-thread-1] INFO  server.RaftServerConfigKeys (ConfUtils.java:logGet(44)) - raft.server.sleep.deviation.threshold = 300ms (default)
2022-01-08 01:46:40,336 [pool-614-thread-1] INFO  server.RaftServerConfigKeys (ConfUtils.java:logGet(44)) - raft.server.log.appender.install.snapshot.enabled = false (custom)
2022-01-08 01:46:40,336 [pool-614-thread-1] INFO  server.RaftServer$Division (ServerState.java:<init>(105)) - 46dea062-dbed-4f29-9927-38d96de780a1@group-E4867FAC98DD: ConfigurationManager, init=-1: [81a3d3bc-df93-482d-841e-57d386bb5ebf|rpc:10.1.0.34:40489|priority:0, a6c260a2-0fcb-4cbe-bb3c-7bbe6bc0f1a0|rpc:10.1.0.34:44223|priority:0, 46dea062-dbed-4f29-9927-38d96de780a1|rpc:10.1.0.34:40963|priority:1], old=null, confs=<EMPTY_MAP>
2022-01-08 01:46:40,336 [pool-614-thread-1] INFO  server.RaftServerConfigKeys (ConfUtils.java:logGet(44)) - raft.server.storage.dir = [/home/runner/work/ozone/ozone/hadoop-ozone/integration-test/target/test-dir/MiniOzoneClusterImpl-6a132c25-3902-4d06-b1e4-79a7ed3e0f57/datanode-3/data/ratis] (custom)
2022-01-08 01:46:40,336 [pool-614-thread-1] INFO  server.RaftServerConfigKeys (ConfUtils.java:logGet(44)) - raft.server.log.corruption.policy = EXCEPTION (default)
2022-01-08 01:46:40,336 [pool-614-thread-1] INFO  server.RaftServerConfigKeys (ConfUtils.java:logGet(44)) - raft.server.storage.free-space.min = 0MB (=0) (default)
2022-01-08 01:46:40,336 [pool-614-thread-1] INFO  storage.RaftStorageDirectory (RaftStorageDirectoryImpl.java:analyzeStorage(135)) - The storage directory /home/runner/work/ozone/ozone/hadoop-ozone/integration-test/target/test-dir/MiniOzoneClusterImpl-6a132c25-3902-4d06-b1e4-79a7ed3e0f57/datanode-3/data/ratis/11e6a4f4-e93b-49ef-a845-e4867fac98dd does not exist. Creating ...
2022-01-08 01:46:40,340 [pool-614-thread-1] INFO  storage.RaftStorageDirectory (RaftStorageDirectoryImpl.java:tryLock(230)) - Lock on /home/runner/work/ozone/ozone/hadoop-ozone/integration-test/target/test-dir/MiniOzoneClusterImpl-6a132c25-3902-4d06-b1e4-79a7ed3e0f57/datanode-3/data/ratis/11e6a4f4-e93b-49ef-a845-e4867fac98dd/in_use.lock acquired by nodename 32692@fv-az116-279
2022-01-08 01:46:40,346 [pool-614-thread-1] INFO  storage.RaftStorage (RaftStorageImpl.java:format(89)) - Storage directory /home/runner/work/ozone/ozone/hadoop-ozone/integration-test/target/test-dir/MiniOzoneClusterImpl-6a132c25-3902-4d06-b1e4-79a7ed3e0f57/datanode-3/data/ratis/11e6a4f4-e93b-49ef-a845-e4867fac98dd has been successfully formatted.
2022-01-08 01:46:40,347 [pool-614-thread-1] INFO  ratis.ContainerStateMachine (ContainerStateMachine.java:loadSnapshot(231)) - group-E4867FAC98DD: The snapshot info is null. Setting the last applied indexto:(t:0, i:~)
2022-01-08 01:46:40,347 [pool-614-thread-1] INFO  server.RaftServerConfigKeys (ConfUtils.java:logGet(44)) - raft.server.notification.no-leader.timeout = 300000ms (custom)
2022-01-08 01:46:40,347 [pool-614-thread-1] INFO  server.RaftServerConfigKeys (ConfUtils.java:logGet(44)) - raft.server.log.use.memory = false (default)
2022-01-08 01:46:40,347 [pool-614-thread-1] INFO  server.RaftServerConfigKeys (ConfUtils.java:logGet(44)) - raft.server.log.purge.gap = 1000000 (custom)
2022-01-08 01:46:40,347 [pool-614-thread-1] INFO  server.RaftServerConfigKeys (ConfUtils.java:logGet(44)) - raft.server.log.appender.buffer.byte-limit = 33554432 (custom)
2022-01-08 01:46:40,347 [pool-614-thread-1] INFO  server.RaftServerConfigKeys (ConfUtils.java:logGet(44)) - raft.server.log.segment.size.max = 1048576 (custom)
2022-01-08 01:46:40,348 [pool-614-thread-1] INFO  server.RaftServerConfigKeys (ConfUtils.java:logGet(44)) - raft.server.log.segment.cache.num.max = 2 (custom)
2022-01-08 01:46:40,348 [pool-614-thread-1] INFO  server.RaftServerConfigKeys (ConfUtils.java:logGet(44)) - raft.server.log.segment.cache.size.max = 200MB (=209715200) (default)
2022-01-08 01:46:40,348 [pool-614-thread-1] INFO  segmented.SegmentedRaftLogWorker (SegmentedRaftLogWorker.java:<init>(182)) - new 46dea062-dbed-4f29-9927-38d96de780a1@group-E4867FAC98DD-SegmentedRaftLogWorker for RaftStorageImpl:Storage Directory /home/runner/work/ozone/ozone/hadoop-ozone/integration-test/target/test-dir/MiniOzoneClusterImpl-6a132c25-3902-4d06-b1e4-79a7ed3e0f57/datanode-3/data/ratis/11e6a4f4-e93b-49ef-a845-e4867fac98dd
2022-01-08 01:46:40,348 [pool-614-thread-1] INFO  server.RaftServerConfigKeys (ConfUtils.java:logGet(44)) - raft.server.log.queue.byte-limit = 2147483647 (custom)
2022-01-08 01:46:40,348 [pool-614-thread-1] INFO  server.RaftServerConfigKeys (ConfUtils.java:logGet(44)) - raft.server.log.queue.element-limit = 1024 (custom)
2022-01-08 01:46:40,348 [pool-614-thread-1] INFO  server.RaftServerConfigKeys (ConfUtils.java:logGet(44)) - raft.server.log.segment.size.max = 1048576 (custom)
2022-01-08 01:46:40,348 [pool-614-thread-1] INFO  server.RaftServerConfigKeys (ConfUtils.java:logGet(44)) - raft.server.log.preallocated.size = 16384 (custom)
2022-01-08 01:46:40,348 [pool-614-thread-1] INFO  server.RaftServerConfigKeys (ConfUtils.java:logGet(44)) - raft.server.log.force.sync.num = 128 (default)
2022-01-08 01:46:40,348 [pool-614-thread-1] INFO  server.RaftServerConfigKeys (ConfUtils.java:logGet(44)) - raft.server.log.statemachine.data.sync = true (default)
2022-01-08 01:46:40,348 [pool-614-thread-1] INFO  server.RaftServerConfigKeys (ConfUtils.java:logGet(44)) - raft.server.log.statemachine.data.sync.timeout = 10s (default)
2022-01-08 01:46:40,348 [pool-614-thread-1] INFO  server.RaftServerConfigKeys (ConfUtils.java:logGet(44)) - raft.server.log.statemachine.data.sync.timeout.retry = -1 (default)
2022-01-08 01:46:40,349 [pool-614-thread-1] INFO  server.RaftServerConfigKeys (ConfUtils.java:logGet(44)) - raft.server.log.write.buffer.size = 1048576 (custom)
2022-01-08 01:46:40,350 [pool-614-thread-1] INFO  server.RaftServerConfigKeys (ConfUtils.java:logGet(44)) - raft.server.log.statemachine.data.caching.enabled = true (custom)
2022-01-08 01:46:40,350 [pool-614-thread-1] INFO  segmented.SegmentedRaftLogWorker (SegmentedRaftLogWorker.java:lambda$new$0(133)) - 46dea062-dbed-4f29-9927-38d96de780a1@group-E4867FAC98DD-SegmentedRaftLogWorker: flushIndex: setUnconditionally 0 -> -1
2022-01-08 01:46:40,351 [EventQueue-OpenPipelineForHealthyPipelineSafeModeRule] INFO  safemode.SCMSafeModeManager (HealthyPipelineSafeModeRule.java:process(124)) - SCM in safe mode. Healthy pipelines reported count is 0, required healthy pipeline reported count is 1
2022-01-08 01:46:40,368 [pool-614-thread-1] INFO  segmented.SegmentedRaftLogWorker (SegmentedRaftLogWorker.java:lambda$new$0(133)) - 46dea062-dbed-4f29-9927-38d96de780a1@group-E4867FAC98DD-SegmentedRaftLogWorker: safeCacheEvictIndex: setUnconditionally 0 -> -1
2022-01-08 01:46:40,387 [pool-614-thread-1] INFO  server.RaftServerConfigKeys (ConfUtils.java:logGet(44)) - raft.server.snapshot.auto.trigger.enabled = true (custom)
2022-01-08 01:46:40,387 [pool-614-thread-1] INFO  server.RaftServerConfigKeys (ConfUtils.java:logGet(44)) - raft.server.snapshot.auto.trigger.threshold = 10000 (custom)
2022-01-08 01:46:40,387 [pool-614-thread-1] INFO  server.RaftServerConfigKeys (ConfUtils.java:logGet(44)) - raft.server.snapshot.retention.file.num = 5 (custom)
2022-01-08 01:46:40,387 [pool-614-thread-1] INFO  server.RaftServerConfigKeys (ConfUtils.java:logGet(44)) - raft.server.log.purge.upto.snapshot.index = false (default)
2022-01-08 01:46:40,387 [pool-614-thread-1] INFO  server.RaftServerConfigKeys (ConfUtils.java:logGet(44)) - raft.server.retrycache.expirytime = 600000ms (custom)
2022-01-08 01:46:40,387 [pool-614-thread-1] INFO  server.RaftServerConfigKeys (ConfUtils.java:logGet(44)) - raft.server.retrycache.statistics.expirytime = 100μs (default)
2022-01-08 01:46:40,388 [pool-614-thread-1] INFO  server.RaftServer$Division (RaftServerImpl.java:start(301)) - 46dea062-dbed-4f29-9927-38d96de780a1@group-E4867FAC98DD: start as a follower, conf=-1: [81a3d3bc-df93-482d-841e-57d386bb5ebf|rpc:10.1.0.34:40489|priority:0, a6c260a2-0fcb-4cbe-bb3c-7bbe6bc0f1a0|rpc:10.1.0.34:44223|priority:0, 46dea062-dbed-4f29-9927-38d96de780a1|rpc:10.1.0.34:40963|priority:1], old=null
2022-01-08 01:46:40,388 [pool-614-thread-1] INFO  server.RaftServer$Division (RaftServerImpl.java:setRole(290)) - 46dea062-dbed-4f29-9927-38d96de780a1@group-E4867FAC98DD: changes role from      null to FOLLOWER at term 0 for startAsFollower
2022-01-08 01:46:40,388 [pool-614-thread-1] INFO  impl.RoleInfo (RoleInfo.java:updateAndGet(130)) - 46dea062-dbed-4f29-9927-38d96de780a1: start 46dea062-dbed-4f29-9927-38d96de780a1@group-E4867FAC98DD-FollowerState
2022-01-08 01:46:40,391 [pool-614-thread-1] INFO  util.JmxRegister (JmxRegister.java:tryRegister(44)) - Successfully registered JMX Bean with object name Ratis:service=RaftServer,group=group-E4867FAC98DD,id=46dea062-dbed-4f29-9927-38d96de780a1
2022-01-08 01:46:40,398 [Command processor thread] INFO  server.RaftServer (RaftServerProxy.java:addNew(95)) - a6c260a2-0fcb-4cbe-bb3c-7bbe6bc0f1a0: addNew group-4EC77F673555:[a6c260a2-0fcb-4cbe-bb3c-7bbe6bc0f1a0|rpc:10.1.0.34:44223|priority:1] returns group-4EC77F673555:java.util.concurrent.CompletableFuture@6385e071[Not completed]
2022-01-08 01:46:40,403 [pool-635-thread-1] INFO  server.RaftServer$Division (RaftServerImpl.java:<init>(184)) - a6c260a2-0fcb-4cbe-bb3c-7bbe6bc0f1a0: new RaftServerImpl for group-4EC77F673555:[a6c260a2-0fcb-4cbe-bb3c-7bbe6bc0f1a0|rpc:10.1.0.34:44223|priority:1] with ContainerStateMachine:uninitialized
2022-01-08 01:46:40,403 [pool-635-thread-1] INFO  server.RaftServerConfigKeys (ConfUtils.java:logGet(44)) - raft.server.rpc.timeout.min = 5s (custom)
2022-01-08 01:46:40,419 [Command processor thread] INFO  ratis.XceiverServerRatis (XceiverServerRatis.java:addGroup(768)) - Created group PipelineID=11e6a4f4-e93b-49ef-a845-e4867fac98dd
2022-01-08 01:46:40,434 [pool-635-thread-1] INFO  server.RaftServerConfigKeys (ConfUtils.java:logGet(44)) - raft.server.rpc.timeout.max = 5200ms (custom)
2022-01-08 01:46:40,441 [grpc-default-executor-1] INFO  server.RaftServer (RaftServerProxy.java:addNew(95)) - a6c260a2-0fcb-4cbe-bb3c-7bbe6bc0f1a0: addNew group-E4867FAC98DD:[81a3d3bc-df93-482d-841e-57d386bb5ebf|rpc:10.1.0.34:40489|dataStream:|priority:0, a6c260a2-0fcb-4cbe-bb3c-7bbe6bc0f1a0|rpc:10.1.0.34:44223|dataStream:|priority:0, 46dea062-dbed-4f29-9927-38d96de780a1|rpc:10.1.0.34:40963|dataStream:|priority:1] returns group-E4867FAC98DD:java.util.concurrent.CompletableFuture@214aad1[Not completed]
2022-01-08 01:46:40,441 [pool-635-thread-1] INFO  server.RaftServerConfigKeys (ConfUtils.java:logGet(44)) - raft.server.rpc.sleep.time = 25ms (default)
2022-01-08 01:46:40,442 [pool-635-thread-1] INFO  server.RaftServerConfigKeys (ConfUtils.java:logGet(44)) - raft.server.rpc.slowness.timeout = 300000ms (custom)
2022-01-08 01:46:40,442 [pool-635-thread-1] INFO  server.RaftServerConfigKeys (ConfUtils.java:logGet(44)) - raft.server.leaderelection.leader.step-down.wait-time = 10s (default)
2022-01-08 01:46:40,442 [pool-635-thread-1] INFO  server.RaftServerConfigKeys (ConfUtils.java:logGet(44)) - raft.server.sleep.deviation.threshold = 300ms (default)
2022-01-08 01:46:40,442 [pool-635-thread-1] INFO  server.RaftServerConfigKeys (ConfUtils.java:logGet(44)) - raft.server.log.appender.install.snapshot.enabled = false (custom)
2022-01-08 01:46:40,442 [pool-635-thread-1] INFO  server.RaftServer$Division (ServerState.java:<init>(105)) - a6c260a2-0fcb-4cbe-bb3c-7bbe6bc0f1a0@group-4EC77F673555: ConfigurationManager, init=-1: [a6c260a2-0fcb-4cbe-bb3c-7bbe6bc0f1a0|rpc:10.1.0.34:44223|priority:1], old=null, confs=<EMPTY_MAP>
2022-01-08 01:46:40,442 [pool-635-thread-1] INFO  server.RaftServerConfigKeys (ConfUtils.java:logGet(44)) - raft.server.storage.dir = [/home/runner/work/ozone/ozone/hadoop-ozone/integration-test/target/test-dir/MiniOzoneClusterImpl-6a132c25-3902-4d06-b1e4-79a7ed3e0f57/datanode-4/data/ratis] (custom)
2022-01-08 01:46:40,442 [pool-635-thread-1] INFO  server.RaftServerConfigKeys (ConfUtils.java:logGet(44)) - raft.server.log.corruption.policy = EXCEPTION (default)
2022-01-08 01:46:40,442 [pool-635-thread-1] INFO  server.RaftServerConfigKeys (ConfUtils.java:logGet(44)) - raft.server.storage.free-space.min = 0MB (=0) (default)
2022-01-08 01:46:40,442 [pool-635-thread-1] INFO  storage.RaftStorageDirectory (RaftStorageDirectoryImpl.java:analyzeStorage(135)) - The storage directory /home/runner/work/ozone/ozone/hadoop-ozone/integration-test/target/test-dir/MiniOzoneClusterImpl-6a132c25-3902-4d06-b1e4-79a7ed3e0f57/datanode-4/data/ratis/3da49daf-5669-450e-8f63-4ec77f673555 does not exist. Creating ...
2022-01-08 01:46:40,459 [pool-635-thread-1] INFO  storage.RaftStorageDirectory (RaftStorageDirectoryImpl.java:tryLock(230)) - Lock on /home/runner/work/ozone/ozone/hadoop-ozone/integration-test/target/test-dir/MiniOzoneClusterImpl-6a132c25-3902-4d06-b1e4-79a7ed3e0f57/datanode-4/data/ratis/3da49daf-5669-450e-8f63-4ec77f673555/in_use.lock acquired by nodename 32692@fv-az116-279
2022-01-08 01:46:40,461 [pool-635-thread-1] INFO  storage.RaftStorage (RaftStorageImpl.java:format(89)) - Storage directory /home/runner/work/ozone/ozone/hadoop-ozone/integration-test/target/test-dir/MiniOzoneClusterImpl-6a132c25-3902-4d06-b1e4-79a7ed3e0f57/datanode-4/data/ratis/3da49daf-5669-450e-8f63-4ec77f673555 has been successfully formatted.
2022-01-08 01:46:40,466 [pool-635-thread-1] INFO  ratis.ContainerStateMachine (ContainerStateMachine.java:loadSnapshot(231)) - group-4EC77F673555: The snapshot info is null. Setting the last applied indexto:(t:0, i:~)
2022-01-08 01:46:40,467 [EventQueue-PipelineReportForPipelineReportHandler] INFO  pipeline.PipelineManagerImpl (PipelineManagerImpl.java:openPipeline(291)) - Pipeline Pipeline[ Id: 3da49daf-5669-450e-8f63-4ec77f673555, Nodes: a6c260a2-0fcb-4cbe-bb3c-7bbe6bc0f1a0{ip: 10.1.0.34, host: fv-az116-279.vzw04321ajxubdbcnpick5nqva.xx.internal.cloudapp.net, ports: [REPLICATION=46817, RATIS=44223, RATIS_ADMIN=44223, RATIS_SERVER=44223, STANDALONE=36635], networkLocation: /default-rack, certSerialId: null, persistedOpState: IN_SERVICE, persistedOpStateExpiryEpochSec: 0}, ReplicationConfig: RATIS/ONE, State:ALLOCATED, leaderId:a6c260a2-0fcb-4cbe-bb3c-7bbe6bc0f1a0, CreationTimestamp2022-01-08T01:46:37.370Z[Etc/UTC]] moved to OPEN state
2022-01-08 01:46:40,468 [EventQueue-OpenPipelineForHealthyPipelineSafeModeRule] INFO  safemode.SCMSafeModeManager (HealthyPipelineSafeModeRule.java:process(124)) - SCM in safe mode. Healthy pipelines reported count is 0, required healthy pipeline reported count is 1
2022-01-08 01:46:40,503 [pool-635-thread-1] INFO  server.RaftServerConfigKeys (ConfUtils.java:logGet(44)) - raft.server.notification.no-leader.timeout = 300000ms (custom)
2022-01-08 01:46:40,503 [pool-635-thread-1] INFO  server.RaftServerConfigKeys (ConfUtils.java:logGet(44)) - raft.server.log.use.memory = false (default)
2022-01-08 01:46:40,503 [pool-635-thread-1] INFO  server.RaftServerConfigKeys (ConfUtils.java:logGet(44)) - raft.server.log.purge.gap = 1000000 (custom)
2022-01-08 01:46:40,503 [pool-635-thread-1] INFO  server.RaftServerConfigKeys (ConfUtils.java:logGet(44)) - raft.server.log.appender.buffer.byte-limit = 33554432 (custom)
2022-01-08 01:46:40,503 [pool-635-thread-1] INFO  server.RaftServerConfigKeys (ConfUtils.java:logGet(44)) - raft.server.log.segment.size.max = 1048576 (custom)
2022-01-08 01:46:40,504 [pool-635-thread-1] INFO  server.RaftServerConfigKeys (ConfUtils.java:logGet(44)) - raft.server.log.segment.cache.num.max = 2 (custom)
2022-01-08 01:46:40,504 [pool-635-thread-1] INFO  server.RaftServerConfigKeys (ConfUtils.java:logGet(44)) - raft.server.log.segment.cache.size.max = 200MB (=209715200) (default)
2022-01-08 01:46:40,504 [pool-635-thread-1] INFO  segmented.SegmentedRaftLogWorker (SegmentedRaftLogWorker.java:<init>(182)) - new a6c260a2-0fcb-4cbe-bb3c-7bbe6bc0f1a0@group-4EC77F673555-SegmentedRaftLogWorker for RaftStorageImpl:Storage Directory /home/runner/work/ozone/ozone/hadoop-ozone/integration-test/target/test-dir/MiniOzoneClusterImpl-6a132c25-3902-4d06-b1e4-79a7ed3e0f57/datanode-4/data/ratis/3da49daf-5669-450e-8f63-4ec77f673555
2022-01-08 01:46:40,504 [pool-635-thread-1] INFO  server.RaftServerConfigKeys (ConfUtils.java:logGet(44)) - raft.server.log.queue.byte-limit = 2147483647 (custom)
2022-01-08 01:46:40,504 [pool-635-thread-1] INFO  server.RaftServerConfigKeys (ConfUtils.java:logGet(44)) - raft.server.log.queue.element-limit = 1024 (custom)
2022-01-08 01:46:40,504 [pool-635-thread-1] INFO  server.RaftServerConfigKeys (ConfUtils.java:logGet(44)) - raft.server.log.segment.size.max = 1048576 (custom)
2022-01-08 01:46:40,504 [pool-635-thread-1] INFO  server.RaftServerConfigKeys (ConfUtils.java:logGet(44)) - raft.server.log.preallocated.size = 16384 (custom)
2022-01-08 01:46:40,504 [pool-635-thread-1] INFO  server.RaftServerConfigKeys (ConfUtils.java:logGet(44)) - raft.server.log.force.sync.num = 128 (default)
2022-01-08 01:46:40,504 [pool-635-thread-1] INFO  server.RaftServerConfigKeys (ConfUtils.java:logGet(44)) - raft.server.log.statemachine.data.sync = true (default)
2022-01-08 01:46:40,504 [pool-635-thread-1] INFO  server.RaftServerConfigKeys (ConfUtils.java:logGet(44)) - raft.server.log.statemachine.data.sync.timeout = 10s (default)
2022-01-08 01:46:40,504 [pool-635-thread-1] INFO  server.RaftServerConfigKeys (ConfUtils.java:logGet(44)) - raft.server.log.statemachine.data.sync.timeout.retry = -1 (default)
2022-01-08 01:46:40,505 [pool-635-thread-1] INFO  server.RaftServerConfigKeys (ConfUtils.java:logGet(44)) - raft.server.log.write.buffer.size = 1048576 (custom)
2022-01-08 01:46:40,506 [pool-635-thread-1] INFO  server.RaftServerConfigKeys (ConfUtils.java:logGet(44)) - raft.server.log.statemachine.data.caching.enabled = true (custom)
2022-01-08 01:46:40,506 [pool-635-thread-1] INFO  segmented.SegmentedRaftLogWorker (SegmentedRaftLogWorker.java:lambda$new$0(133)) - a6c260a2-0fcb-4cbe-bb3c-7bbe6bc0f1a0@group-4EC77F673555-SegmentedRaftLogWorker: flushIndex: setUnconditionally 0 -> -1
2022-01-08 01:46:40,506 [pool-635-thread-1] INFO  segmented.SegmentedRaftLogWorker (SegmentedRaftLogWorker.java:lambda$new$0(133)) - a6c260a2-0fcb-4cbe-bb3c-7bbe6bc0f1a0@group-4EC77F673555-SegmentedRaftLogWorker: safeCacheEvictIndex: setUnconditionally 0 -> -1
2022-01-08 01:46:40,519 [pool-635-thread-1] INFO  server.RaftServerConfigKeys (ConfUtils.java:logGet(44)) - raft.server.snapshot.auto.trigger.enabled = true (custom)
2022-01-08 01:46:40,519 [pool-635-thread-1] INFO  server.RaftServerConfigKeys (ConfUtils.java:logGet(44)) - raft.server.snapshot.auto.trigger.threshold = 10000 (custom)
2022-01-08 01:46:40,519 [pool-635-thread-1] INFO  server.RaftServerConfigKeys (ConfUtils.java:logGet(44)) - raft.server.snapshot.retention.file.num = 5 (custom)
2022-01-08 01:46:40,519 [pool-635-thread-1] INFO  server.RaftServerConfigKeys (ConfUtils.java:logGet(44)) - raft.server.log.purge.upto.snapshot.index = false (default)
2022-01-08 01:46:40,519 [pool-635-thread-1] INFO  server.RaftServerConfigKeys (ConfUtils.java:logGet(44)) - raft.server.retrycache.expirytime = 600000ms (custom)
2022-01-08 01:46:40,519 [pool-635-thread-1] INFO  server.RaftServerConfigKeys (ConfUtils.java:logGet(44)) - raft.server.retrycache.statistics.expirytime = 100μs (default)
2022-01-08 01:46:40,521 [pool-635-thread-1] INFO  server.RaftServer$Division (RaftServerImpl.java:<init>(184)) - a6c260a2-0fcb-4cbe-bb3c-7bbe6bc0f1a0: new RaftServerImpl for group-E4867FAC98DD:[81a3d3bc-df93-482d-841e-57d386bb5ebf|rpc:10.1.0.34:40489|dataStream:|priority:0, a6c260a2-0fcb-4cbe-bb3c-7bbe6bc0f1a0|rpc:10.1.0.34:44223|dataStream:|priority:0, 46dea062-dbed-4f29-9927-38d96de780a1|rpc:10.1.0.34:40963|dataStream:|priority:1] with ContainerStateMachine:uninitialized
2022-01-08 01:46:40,521 [pool-635-thread-1] INFO  server.RaftServerConfigKeys (ConfUtils.java:logGet(44)) - raft.server.rpc.timeout.min = 5s (custom)
2022-01-08 01:46:40,521 [pool-635-thread-1] INFO  server.RaftServerConfigKeys (ConfUtils.java:logGet(44)) - raft.server.rpc.timeout.max = 5200ms (custom)
2022-01-08 01:46:40,522 [pool-635-thread-1] INFO  server.RaftServerConfigKeys (ConfUtils.java:logGet(44)) - raft.server.rpc.sleep.time = 25ms (default)
2022-01-08 01:46:40,522 [pool-635-thread-1] INFO  server.RaftServerConfigKeys (ConfUtils.java:logGet(44)) - raft.server.rpc.slowness.timeout = 300000ms (custom)
2022-01-08 01:46:40,522 [pool-635-thread-1] INFO  server.RaftServerConfigKeys (ConfUtils.java:logGet(44)) - raft.server.leaderelection.leader.step-down.wait-time = 10s (default)
2022-01-08 01:46:40,522 [pool-635-thread-1] INFO  server.RaftServerConfigKeys (ConfUtils.java:logGet(44)) - raft.server.sleep.deviation.threshold = 300ms (default)
2022-01-08 01:46:40,522 [pool-635-thread-1] INFO  server.RaftServerConfigKeys (ConfUtils.java:logGet(44)) - raft.server.log.appender.install.snapshot.enabled = false (custom)
2022-01-08 01:46:40,522 [pool-635-thread-1] INFO  server.RaftServer$Division (ServerState.java:<init>(105)) - a6c260a2-0fcb-4cbe-bb3c-7bbe6bc0f1a0@group-E4867FAC98DD: ConfigurationManager, init=-1: [81a3d3bc-df93-482d-841e-57d386bb5ebf|rpc:10.1.0.34:40489|dataStream:|priority:0, a6c260a2-0fcb-4cbe-bb3c-7bbe6bc0f1a0|rpc:10.1.0.34:44223|dataStream:|priority:0, 46dea062-dbed-4f29-9927-38d96de780a1|rpc:10.1.0.34:40963|dataStream:|priority:1], old=null, confs=<EMPTY_MAP>
2022-01-08 01:46:40,522 [pool-635-thread-1] INFO  server.RaftServerConfigKeys (ConfUtils.java:logGet(44)) - raft.server.storage.dir = [/home/runner/work/ozone/ozone/hadoop-ozone/integration-test/target/test-dir/MiniOzoneClusterImpl-6a132c25-3902-4d06-b1e4-79a7ed3e0f57/datanode-4/data/ratis] (custom)
2022-01-08 01:46:40,522 [pool-635-thread-1] INFO  server.RaftServerConfigKeys (ConfUtils.java:logGet(44)) - raft.server.log.corruption.policy = EXCEPTION (default)
2022-01-08 01:46:40,522 [pool-635-thread-1] INFO  server.RaftServerConfigKeys (ConfUtils.java:logGet(44)) - raft.server.storage.free-space.min = 0MB (=0) (default)
2022-01-08 01:46:40,522 [pool-635-thread-1] INFO  storage.RaftStorageDirectory (RaftStorageDirectoryImpl.java:analyzeStorage(135)) - The storage directory /home/runner/work/ozone/ozone/hadoop-ozone/integration-test/target/test-dir/MiniOzoneClusterImpl-6a132c25-3902-4d06-b1e4-79a7ed3e0f57/datanode-4/data/ratis/11e6a4f4-e93b-49ef-a845-e4867fac98dd does not exist. Creating ...
2022-01-08 01:46:40,529 [pool-635-thread-1] INFO  storage.RaftStorageDirectory (RaftStorageDirectoryImpl.java:tryLock(230)) - Lock on /home/runner/work/ozone/ozone/hadoop-ozone/integration-test/target/test-dir/MiniOzoneClusterImpl-6a132c25-3902-4d06-b1e4-79a7ed3e0f57/datanode-4/data/ratis/11e6a4f4-e93b-49ef-a845-e4867fac98dd/in_use.lock acquired by nodename 32692@fv-az116-279
2022-01-08 01:46:40,531 [pool-635-thread-1] INFO  storage.RaftStorage (RaftStorageImpl.java:format(89)) - Storage directory /home/runner/work/ozone/ozone/hadoop-ozone/integration-test/target/test-dir/MiniOzoneClusterImpl-6a132c25-3902-4d06-b1e4-79a7ed3e0f57/datanode-4/data/ratis/11e6a4f4-e93b-49ef-a845-e4867fac98dd has been successfully formatted.
2022-01-08 01:46:40,531 [pool-635-thread-1] INFO  ratis.ContainerStateMachine (ContainerStateMachine.java:loadSnapshot(231)) - group-E4867FAC98DD: The snapshot info is null. Setting the last applied indexto:(t:0, i:~)
2022-01-08 01:46:40,531 [pool-635-thread-1] INFO  server.RaftServerConfigKeys (ConfUtils.java:logGet(44)) - raft.server.notification.no-leader.timeout = 300000ms (custom)
2022-01-08 01:46:40,531 [pool-635-thread-1] INFO  server.RaftServerConfigKeys (ConfUtils.java:logGet(44)) - raft.server.log.use.memory = false (default)
2022-01-08 01:46:40,531 [pool-635-thread-1] INFO  server.RaftServerConfigKeys (ConfUtils.java:logGet(44)) - raft.server.log.purge.gap = 1000000 (custom)
2022-01-08 01:46:40,531 [pool-635-thread-1] INFO  server.RaftServerConfigKeys (ConfUtils.java:logGet(44)) - raft.server.log.appender.buffer.byte-limit = 33554432 (custom)
2022-01-08 01:46:40,532 [pool-635-thread-1] INFO  server.RaftServerConfigKeys (ConfUtils.java:logGet(44)) - raft.server.log.segment.size.max = 1048576 (custom)
2022-01-08 01:46:40,532 [pool-635-thread-1] INFO  server.RaftServerConfigKeys (ConfUtils.java:logGet(44)) - raft.server.log.segment.cache.num.max = 2 (custom)
2022-01-08 01:46:40,532 [pool-635-thread-1] INFO  server.RaftServerConfigKeys (ConfUtils.java:logGet(44)) - raft.server.log.segment.cache.size.max = 200MB (=209715200) (default)
2022-01-08 01:46:40,533 [pool-635-thread-1] INFO  segmented.SegmentedRaftLogWorker (SegmentedRaftLogWorker.java:<init>(182)) - new a6c260a2-0fcb-4cbe-bb3c-7bbe6bc0f1a0@group-E4867FAC98DD-SegmentedRaftLogWorker for RaftStorageImpl:Storage Directory /home/runner/work/ozone/ozone/hadoop-ozone/integration-test/target/test-dir/MiniOzoneClusterImpl-6a132c25-3902-4d06-b1e4-79a7ed3e0f57/datanode-4/data/ratis/11e6a4f4-e93b-49ef-a845-e4867fac98dd
2022-01-08 01:46:40,533 [pool-635-thread-1] INFO  server.RaftServerConfigKeys (ConfUtils.java:logGet(44)) - raft.server.log.queue.byte-limit = 2147483647 (custom)
2022-01-08 01:46:40,533 [pool-635-thread-1] INFO  server.RaftServerConfigKeys (ConfUtils.java:logGet(44)) - raft.server.log.queue.element-limit = 1024 (custom)
2022-01-08 01:46:40,533 [pool-635-thread-1] INFO  server.RaftServerConfigKeys (ConfUtils.java:logGet(44)) - raft.server.log.segment.size.max = 1048576 (custom)
2022-01-08 01:46:40,533 [pool-635-thread-1] INFO  server.RaftServerConfigKeys (ConfUtils.java:logGet(44)) - raft.server.log.preallocated.size = 16384 (custom)
2022-01-08 01:46:40,535 [pool-635-thread-1] INFO  server.RaftServerConfigKeys (ConfUtils.java:logGet(44)) - raft.server.log.force.sync.num = 128 (default)
2022-01-08 01:46:40,535 [pool-635-thread-1] INFO  server.RaftServerConfigKeys (ConfUtils.java:logGet(44)) - raft.server.log.statemachine.data.sync = true (default)
2022-01-08 01:46:40,535 [pool-635-thread-1] INFO  server.RaftServerConfigKeys (ConfUtils.java:logGet(44)) - raft.server.log.statemachine.data.sync.timeout = 10s (default)
2022-01-08 01:46:40,535 [pool-635-thread-1] INFO  server.RaftServerConfigKeys (ConfUtils.java:logGet(44)) - raft.server.log.statemachine.data.sync.timeout.retry = -1 (default)
2022-01-08 01:46:40,536 [pool-635-thread-1] INFO  server.RaftServerConfigKeys (ConfUtils.java:logGet(44)) - raft.server.log.write.buffer.size = 1048576 (custom)
2022-01-08 01:46:40,537 [pool-635-thread-1] INFO  server.RaftServerConfigKeys (ConfUtils.java:logGet(44)) - raft.server.log.statemachine.data.caching.enabled = true (custom)
2022-01-08 01:46:40,537 [pool-635-thread-1] INFO  segmented.SegmentedRaftLogWorker (SegmentedRaftLogWorker.java:lambda$new$0(133)) - a6c260a2-0fcb-4cbe-bb3c-7bbe6bc0f1a0@group-E4867FAC98DD-SegmentedRaftLogWorker: flushIndex: setUnconditionally 0 -> -1
2022-01-08 01:46:40,537 [pool-635-thread-1] INFO  segmented.SegmentedRaftLogWorker (SegmentedRaftLogWorker.java:lambda$new$0(133)) - a6c260a2-0fcb-4cbe-bb3c-7bbe6bc0f1a0@group-E4867FAC98DD-SegmentedRaftLogWorker: safeCacheEvictIndex: setUnconditionally 0 -> -1
2022-01-08 01:46:40,537 [pool-635-thread-1] INFO  server.RaftServerConfigKeys (ConfUtils.java:logGet(44)) - raft.server.snapshot.auto.trigger.enabled = true (custom)
2022-01-08 01:46:40,537 [pool-635-thread-1] INFO  server.RaftServerConfigKeys (ConfUtils.java:logGet(44)) - raft.server.snapshot.auto.trigger.threshold = 10000 (custom)
2022-01-08 01:46:40,537 [pool-635-thread-1] INFO  server.RaftServerConfigKeys (ConfUtils.java:logGet(44)) - raft.server.snapshot.retention.file.num = 5 (custom)
2022-01-08 01:46:40,537 [pool-635-thread-1] INFO  server.RaftServerConfigKeys (ConfUtils.java:logGet(44)) - raft.server.log.purge.upto.snapshot.index = false (default)
2022-01-08 01:46:40,537 [pool-635-thread-1] INFO  server.RaftServerConfigKeys (ConfUtils.java:logGet(44)) - raft.server.retrycache.expirytime = 600000ms (custom)
2022-01-08 01:46:40,537 [pool-635-thread-1] INFO  server.RaftServerConfigKeys (ConfUtils.java:logGet(44)) - raft.server.retrycache.statistics.expirytime = 100μs (default)
2022-01-08 01:46:40,534 [EventQueue-OpenPipelineForHealthyPipelineSafeModeRule] INFO  safemode.SCMSafeModeManager (HealthyPipelineSafeModeRule.java:process(124)) - SCM in safe mode. Healthy pipelines reported count is 0, required healthy pipeline reported count is 1
2022-01-08 01:46:40,539 [pool-635-thread-1] INFO  server.RaftServer$Division (RaftServerImpl.java:start(301)) - a6c260a2-0fcb-4cbe-bb3c-7bbe6bc0f1a0@group-4EC77F673555: start as a follower, conf=-1: [a6c260a2-0fcb-4cbe-bb3c-7bbe6bc0f1a0|rpc:10.1.0.34:44223|priority:1], old=null
2022-01-08 01:46:40,539 [pool-635-thread-1] INFO  server.RaftServer$Division (RaftServerImpl.java:setRole(290)) - a6c260a2-0fcb-4cbe-bb3c-7bbe6bc0f1a0@group-4EC77F673555: changes role from      null to FOLLOWER at term 0 for startAsFollower
2022-01-08 01:46:40,539 [pool-635-thread-1] INFO  impl.RoleInfo (RoleInfo.java:updateAndGet(130)) - a6c260a2-0fcb-4cbe-bb3c-7bbe6bc0f1a0: start a6c260a2-0fcb-4cbe-bb3c-7bbe6bc0f1a0@group-4EC77F673555-FollowerState
2022-01-08 01:46:40,551 [pool-635-thread-1] INFO  util.JmxRegister (JmxRegister.java:tryRegister(44)) - Successfully registered JMX Bean with object name Ratis:service=RaftServer,group=group-4EC77F673555,id=a6c260a2-0fcb-4cbe-bb3c-7bbe6bc0f1a0
2022-01-08 01:46:40,552 [pool-635-thread-1] INFO  server.RaftServer$Division (RaftServerImpl.java:start(301)) - a6c260a2-0fcb-4cbe-bb3c-7bbe6bc0f1a0@group-E4867FAC98DD: start as a follower, conf=-1: [81a3d3bc-df93-482d-841e-57d386bb5ebf|rpc:10.1.0.34:40489|dataStream:|priority:0, a6c260a2-0fcb-4cbe-bb3c-7bbe6bc0f1a0|rpc:10.1.0.34:44223|dataStream:|priority:0, 46dea062-dbed-4f29-9927-38d96de780a1|rpc:10.1.0.34:40963|dataStream:|priority:1], old=null
2022-01-08 01:46:40,552 [pool-635-thread-1] INFO  server.RaftServer$Division (RaftServerImpl.java:setRole(290)) - a6c260a2-0fcb-4cbe-bb3c-7bbe6bc0f1a0@group-E4867FAC98DD: changes role from      null to FOLLOWER at term 0 for startAsFollower
2022-01-08 01:46:40,552 [pool-635-thread-1] INFO  impl.RoleInfo (RoleInfo.java:updateAndGet(130)) - a6c260a2-0fcb-4cbe-bb3c-7bbe6bc0f1a0: start a6c260a2-0fcb-4cbe-bb3c-7bbe6bc0f1a0@group-E4867FAC98DD-FollowerState
2022-01-08 01:46:40,553 [Command processor thread] INFO  ratis.XceiverServerRatis (XceiverServerRatis.java:addGroup(768)) - Created group PipelineID=3da49daf-5669-450e-8f63-4ec77f673555
2022-01-08 01:46:40,553 [Command processor thread] INFO  commandhandler.CreatePipelineCommandHandler (CreatePipelineCommandHandler.java:handle(106)) - Created Pipeline RATIS ONE PipelineID=3da49daf-5669-450e-8f63-4ec77f673555.
2022-01-08 01:46:40,553 [Command processor thread] INFO  server.RaftServer (RaftServerProxy.java:addNew(95)) - a6c260a2-0fcb-4cbe-bb3c-7bbe6bc0f1a0: addNew group-53A1D7CF6D66:[81a3d3bc-df93-482d-841e-57d386bb5ebf|rpc:10.1.0.34:40489|priority:0, a6c260a2-0fcb-4cbe-bb3c-7bbe6bc0f1a0|rpc:10.1.0.34:44223|priority:1, 46dea062-dbed-4f29-9927-38d96de780a1|rpc:10.1.0.34:40963|priority:0] returns group-53A1D7CF6D66:java.util.concurrent.CompletableFuture@67ba68d9[Not completed]
2022-01-08 01:46:40,554 [pool-635-thread-1] INFO  util.JmxRegister (JmxRegister.java:tryRegister(44)) - Successfully registered JMX Bean with object name Ratis:service=RaftServer,group=group-E4867FAC98DD,id=a6c260a2-0fcb-4cbe-bb3c-7bbe6bc0f1a0
2022-01-08 01:46:40,556 [pool-635-thread-1] INFO  server.RaftServer$Division (RaftServerImpl.java:<init>(184)) - a6c260a2-0fcb-4cbe-bb3c-7bbe6bc0f1a0: new RaftServerImpl for group-53A1D7CF6D66:[81a3d3bc-df93-482d-841e-57d386bb5ebf|rpc:10.1.0.34:40489|priority:0, a6c260a2-0fcb-4cbe-bb3c-7bbe6bc0f1a0|rpc:10.1.0.34:44223|priority:1, 46dea062-dbed-4f29-9927-38d96de780a1|rpc:10.1.0.34:40963|priority:0] with ContainerStateMachine:uninitialized
2022-01-08 01:46:40,556 [pool-635-thread-1] INFO  server.RaftServerConfigKeys (ConfUtils.java:logGet(44)) - raft.server.rpc.timeout.min = 5s (custom)
2022-01-08 01:46:40,557 [pool-635-thread-1] INFO  server.RaftServerConfigKeys (ConfUtils.java:logGet(44)) - raft.server.rpc.timeout.max = 5200ms (custom)
2022-01-08 01:46:40,557 [pool-635-thread-1] INFO  server.RaftServerConfigKeys (ConfUtils.java:logGet(44)) - raft.server.rpc.sleep.time = 25ms (default)
2022-01-08 01:46:40,557 [pool-635-thread-1] INFO  server.RaftServerConfigKeys (ConfUtils.java:logGet(44)) - raft.server.rpc.slowness.timeout = 300000ms (custom)
2022-01-08 01:46:40,557 [pool-635-thread-1] INFO  server.RaftServerConfigKeys (ConfUtils.java:logGet(44)) - raft.server.leaderelection.leader.step-down.wait-time = 10s (default)
2022-01-08 01:46:40,557 [pool-635-thread-1] INFO  server.RaftServerConfigKeys (ConfUtils.java:logGet(44)) - raft.server.sleep.deviation.threshold = 300ms (default)
2022-01-08 01:46:40,557 [pool-635-thread-1] INFO  server.RaftServerConfigKeys (ConfUtils.java:logGet(44)) - raft.server.log.appender.install.snapshot.enabled = false (custom)
2022-01-08 01:46:40,557 [pool-635-thread-1] INFO  server.RaftServer$Division (ServerState.java:<init>(105)) - a6c260a2-0fcb-4cbe-bb3c-7bbe6bc0f1a0@group-53A1D7CF6D66: ConfigurationManager, init=-1: [81a3d3bc-df93-482d-841e-57d386bb5ebf|rpc:10.1.0.34:40489|priority:0, a6c260a2-0fcb-4cbe-bb3c-7bbe6bc0f1a0|rpc:10.1.0.34:44223|priority:1, 46dea062-dbed-4f29-9927-38d96de780a1|rpc:10.1.0.34:40963|priority:0], old=null, confs=<EMPTY_MAP>
2022-01-08 01:46:40,557 [pool-635-thread-1] INFO  server.RaftServerConfigKeys (ConfUtils.java:logGet(44)) - raft.server.storage.dir = [/home/runner/work/ozone/ozone/hadoop-ozone/integration-test/target/test-dir/MiniOzoneClusterImpl-6a132c25-3902-4d06-b1e4-79a7ed3e0f57/datanode-4/data/ratis] (custom)
2022-01-08 01:46:40,557 [pool-635-thread-1] INFO  server.RaftServerConfigKeys (ConfUtils.java:logGet(44)) - raft.server.log.corruption.policy = EXCEPTION (default)
2022-01-08 01:46:40,557 [pool-635-thread-1] INFO  server.RaftServerConfigKeys (ConfUtils.java:logGet(44)) - raft.server.storage.free-space.min = 0MB (=0) (default)
2022-01-08 01:46:40,557 [pool-635-thread-1] INFO  storage.RaftStorageDirectory (RaftStorageDirectoryImpl.java:analyzeStorage(135)) - The storage directory /home/runner/work/ozone/ozone/hadoop-ozone/integration-test/target/test-dir/MiniOzoneClusterImpl-6a132c25-3902-4d06-b1e4-79a7ed3e0f57/datanode-4/data/ratis/ed7d7f98-d33b-43a4-b8f6-53a1d7cf6d66 does not exist. Creating ...
2022-01-08 01:46:40,572 [pool-635-thread-1] INFO  storage.RaftStorageDirectory (RaftStorageDirectoryImpl.java:tryLock(230)) - Lock on /home/runner/work/ozone/ozone/hadoop-ozone/integration-test/target/test-dir/MiniOzoneClusterImpl-6a132c25-3902-4d06-b1e4-79a7ed3e0f57/datanode-4/data/ratis/ed7d7f98-d33b-43a4-b8f6-53a1d7cf6d66/in_use.lock acquired by nodename 32692@fv-az116-279
2022-01-08 01:46:40,599 [grpc-default-executor-1] INFO  server.RaftServer (RaftServerProxy.java:addNew(95)) - 81a3d3bc-df93-482d-841e-57d386bb5ebf: addNew group-E4867FAC98DD:[81a3d3bc-df93-482d-841e-57d386bb5ebf|rpc:10.1.0.34:40489|dataStream:|priority:0, a6c260a2-0fcb-4cbe-bb3c-7bbe6bc0f1a0|rpc:10.1.0.34:44223|dataStream:|priority:0, 46dea062-dbed-4f29-9927-38d96de780a1|rpc:10.1.0.34:40963|dataStream:|priority:1] returns group-E4867FAC98DD:java.util.concurrent.CompletableFuture@26ce4292[Not completed]
2022-01-08 01:46:40,600 [pool-656-thread-1] INFO  server.RaftServer$Division (RaftServerImpl.java:<init>(184)) - 81a3d3bc-df93-482d-841e-57d386bb5ebf: new RaftServerImpl for group-E4867FAC98DD:[81a3d3bc-df93-482d-841e-57d386bb5ebf|rpc:10.1.0.34:40489|dataStream:|priority:0, a6c260a2-0fcb-4cbe-bb3c-7bbe6bc0f1a0|rpc:10.1.0.34:44223|dataStream:|priority:0, 46dea062-dbed-4f29-9927-38d96de780a1|rpc:10.1.0.34:40963|dataStream:|priority:1] with ContainerStateMachine:uninitialized
2022-01-08 01:46:40,600 [pool-656-thread-1] INFO  server.RaftServerConfigKeys (ConfUtils.java:logGet(44)) - raft.server.rpc.timeout.min = 5s (custom)
2022-01-08 01:46:40,600 [pool-656-thread-1] INFO  server.RaftServerConfigKeys (ConfUtils.java:logGet(44)) - raft.server.rpc.timeout.max = 5200ms (custom)
2022-01-08 01:46:40,600 [pool-656-thread-1] INFO  server.RaftServerConfigKeys (ConfUtils.java:logGet(44)) - raft.server.rpc.sleep.time = 25ms (default)
2022-01-08 01:46:40,600 [pool-656-thread-1] INFO  server.RaftServerConfigKeys (ConfUtils.java:logGet(44)) - raft.server.rpc.slowness.timeout = 300000ms (custom)
2022-01-08 01:46:40,601 [pool-656-thread-1] INFO  server.RaftServerConfigKeys (ConfUtils.java:logGet(44)) - raft.server.leaderelection.leader.step-down.wait-time = 10s (default)
2022-01-08 01:46:40,607 [pool-656-thread-1] INFO  server.RaftServerConfigKeys (ConfUtils.java:logGet(44)) - raft.server.sleep.deviation.threshold = 300ms (default)
2022-01-08 01:46:40,602 [pool-635-thread-1] INFO  storage.RaftStorage (RaftStorageImpl.java:format(89)) - Storage directory /home/runner/work/ozone/ozone/hadoop-ozone/integration-test/target/test-dir/MiniOzoneClusterImpl-6a132c25-3902-4d06-b1e4-79a7ed3e0f57/datanode-4/data/ratis/ed7d7f98-d33b-43a4-b8f6-53a1d7cf6d66 has been successfully formatted.
2022-01-08 01:46:40,607 [pool-656-thread-1] INFO  server.RaftServerConfigKeys (ConfUtils.java:logGet(44)) - raft.server.log.appender.install.snapshot.enabled = false (custom)
2022-01-08 01:46:40,608 [pool-656-thread-1] INFO  server.RaftServer$Division (ServerState.java:<init>(105)) - 81a3d3bc-df93-482d-841e-57d386bb5ebf@group-E4867FAC98DD: ConfigurationManager, init=-1: [81a3d3bc-df93-482d-841e-57d386bb5ebf|rpc:10.1.0.34:40489|dataStream:|priority:0, a6c260a2-0fcb-4cbe-bb3c-7bbe6bc0f1a0|rpc:10.1.0.34:44223|dataStream:|priority:0, 46dea062-dbed-4f29-9927-38d96de780a1|rpc:10.1.0.34:40963|dataStream:|priority:1], old=null, confs=<EMPTY_MAP>
2022-01-08 01:46:40,608 [pool-635-thread-1] INFO  ratis.ContainerStateMachine (ContainerStateMachine.java:loadSnapshot(231)) - group-53A1D7CF6D66: The snapshot info is null. Setting the last applied indexto:(t:0, i:~)
2022-01-08 01:46:40,608 [pool-656-thread-1] INFO  server.RaftServerConfigKeys (ConfUtils.java:logGet(44)) - raft.server.storage.dir = [/home/runner/work/ozone/ozone/hadoop-ozone/integration-test/target/test-dir/MiniOzoneClusterImpl-6a132c25-3902-4d06-b1e4-79a7ed3e0f57/datanode-5/data/ratis] (custom)
2022-01-08 01:46:40,608 [pool-635-thread-1] INFO  server.RaftServerConfigKeys (ConfUtils.java:logGet(44)) - raft.server.notification.no-leader.timeout = 300000ms (custom)
2022-01-08 01:46:40,608 [pool-635-thread-1] INFO  server.RaftServerConfigKeys (ConfUtils.java:logGet(44)) - raft.server.log.use.memory = false (default)
2022-01-08 01:46:40,608 [pool-635-thread-1] INFO  server.RaftServerConfigKeys (ConfUtils.java:logGet(44)) - raft.server.log.purge.gap = 1000000 (custom)
2022-01-08 01:46:40,608 [pool-635-thread-1] INFO  server.RaftServerConfigKeys (ConfUtils.java:logGet(44)) - raft.server.log.appender.buffer.byte-limit = 33554432 (custom)
2022-01-08 01:46:40,608 [pool-656-thread-1] INFO  server.RaftServerConfigKeys (ConfUtils.java:logGet(44)) - raft.server.log.corruption.policy = EXCEPTION (default)
2022-01-08 01:46:40,608 [pool-656-thread-1] INFO  server.RaftServerConfigKeys (ConfUtils.java:logGet(44)) - raft.server.storage.free-space.min = 0MB (=0) (default)
2022-01-08 01:46:40,608 [pool-656-thread-1] INFO  storage.RaftStorageDirectory (RaftStorageDirectoryImpl.java:analyzeStorage(135)) - The storage directory /home/runner/work/ozone/ozone/hadoop-ozone/integration-test/target/test-dir/MiniOzoneClusterImpl-6a132c25-3902-4d06-b1e4-79a7ed3e0f57/datanode-5/data/ratis/11e6a4f4-e93b-49ef-a845-e4867fac98dd does not exist. Creating ...
2022-01-08 01:46:40,608 [pool-635-thread-1] INFO  server.RaftServerConfigKeys (ConfUtils.java:logGet(44)) - raft.server.log.segment.size.max = 1048576 (custom)
2022-01-08 01:46:40,609 [pool-635-thread-1] INFO  server.RaftServerConfigKeys (ConfUtils.java:logGet(44)) - raft.server.log.segment.cache.num.max = 2 (custom)
2022-01-08 01:46:40,609 [pool-635-thread-1] INFO  server.RaftServerConfigKeys (ConfUtils.java:logGet(44)) - raft.server.log.segment.cache.size.max = 200MB (=209715200) (default)
2022-01-08 01:46:40,610 [pool-635-thread-1] INFO  segmented.SegmentedRaftLogWorker (SegmentedRaftLogWorker.java:<init>(182)) - new a6c260a2-0fcb-4cbe-bb3c-7bbe6bc0f1a0@group-53A1D7CF6D66-SegmentedRaftLogWorker for RaftStorageImpl:Storage Directory /home/runner/work/ozone/ozone/hadoop-ozone/integration-test/target/test-dir/MiniOzoneClusterImpl-6a132c25-3902-4d06-b1e4-79a7ed3e0f57/datanode-4/data/ratis/ed7d7f98-d33b-43a4-b8f6-53a1d7cf6d66
2022-01-08 01:46:40,610 [pool-635-thread-1] INFO  server.RaftServerConfigKeys (ConfUtils.java:logGet(44)) - raft.server.log.queue.byte-limit = 2147483647 (custom)
2022-01-08 01:46:40,610 [pool-635-thread-1] INFO  server.RaftServerConfigKeys (ConfUtils.java:logGet(44)) - raft.server.log.queue.element-limit = 1024 (custom)
2022-01-08 01:46:40,610 [pool-635-thread-1] INFO  server.RaftServerConfigKeys (ConfUtils.java:logGet(44)) - raft.server.log.segment.size.max = 1048576 (custom)
2022-01-08 01:46:40,610 [pool-635-thread-1] INFO  server.RaftServerConfigKeys (ConfUtils.java:logGet(44)) - raft.server.log.preallocated.size = 16384 (custom)
2022-01-08 01:46:40,610 [pool-635-thread-1] INFO  server.RaftServerConfigKeys (ConfUtils.java:logGet(44)) - raft.server.log.force.sync.num = 128 (default)
2022-01-08 01:46:40,610 [pool-635-thread-1] INFO  server.RaftServerConfigKeys (ConfUtils.java:logGet(44)) - raft.server.log.statemachine.data.sync = true (default)
2022-01-08 01:46:40,611 [pool-635-thread-1] INFO  server.RaftServerConfigKeys (ConfUtils.java:logGet(44)) - raft.server.log.statemachine.data.sync.timeout = 10s (default)
2022-01-08 01:46:40,609 [EventQueue-OpenPipelineForHealthyPipelineSafeModeRule] INFO  safemode.SCMSafeModeManager (HealthyPipelineSafeModeRule.java:process(124)) - SCM in safe mode. Healthy pipelines reported count is 0, required healthy pipeline reported count is 1
2022-01-08 01:46:40,610 [pool-656-thread-1] INFO  storage.RaftStorageDirectory (RaftStorageDirectoryImpl.java:tryLock(230)) - Lock on /home/runner/work/ozone/ozone/hadoop-ozone/integration-test/target/test-dir/MiniOzoneClusterImpl-6a132c25-3902-4d06-b1e4-79a7ed3e0f57/datanode-5/data/ratis/11e6a4f4-e93b-49ef-a845-e4867fac98dd/in_use.lock acquired by nodename 32692@fv-az116-279
2022-01-08 01:46:40,611 [pool-635-thread-1] INFO  server.RaftServerConfigKeys (ConfUtils.java:logGet(44)) - raft.server.log.statemachine.data.sync.timeout.retry = -1 (default)
2022-01-08 01:46:40,614 [pool-656-thread-1] INFO  storage.RaftStorage (RaftStorageImpl.java:format(89)) - Storage directory /home/runner/work/ozone/ozone/hadoop-ozone/integration-test/target/test-dir/MiniOzoneClusterImpl-6a132c25-3902-4d06-b1e4-79a7ed3e0f57/datanode-5/data/ratis/11e6a4f4-e93b-49ef-a845-e4867fac98dd has been successfully formatted.
2022-01-08 01:46:40,615 [pool-635-thread-1] INFO  server.RaftServerConfigKeys (ConfUtils.java:logGet(44)) - raft.server.log.write.buffer.size = 1048576 (custom)
2022-01-08 01:46:40,616 [pool-635-thread-1] INFO  server.RaftServerConfigKeys (ConfUtils.java:logGet(44)) - raft.server.log.statemachine.data.caching.enabled = true (custom)
2022-01-08 01:46:40,616 [pool-635-thread-1] INFO  segmented.SegmentedRaftLogWorker (SegmentedRaftLogWorker.java:lambda$new$0(133)) - a6c260a2-0fcb-4cbe-bb3c-7bbe6bc0f1a0@group-53A1D7CF6D66-SegmentedRaftLogWorker: flushIndex: setUnconditionally 0 -> -1
2022-01-08 01:46:40,616 [pool-635-thread-1] INFO  segmented.SegmentedRaftLogWorker (SegmentedRaftLogWorker.java:lambda$new$0(133)) - a6c260a2-0fcb-4cbe-bb3c-7bbe6bc0f1a0@group-53A1D7CF6D66-SegmentedRaftLogWorker: safeCacheEvictIndex: setUnconditionally 0 -> -1
2022-01-08 01:46:40,617 [pool-635-thread-1] INFO  server.RaftServerConfigKeys (ConfUtils.java:logGet(44)) - raft.server.snapshot.auto.trigger.enabled = true (custom)
2022-01-08 01:46:40,617 [pool-635-thread-1] INFO  server.RaftServerConfigKeys (ConfUtils.java:logGet(44)) - raft.server.snapshot.auto.trigger.threshold = 10000 (custom)
2022-01-08 01:46:40,617 [pool-635-thread-1] INFO  server.RaftServerConfigKeys (ConfUtils.java:logGet(44)) - raft.server.snapshot.retention.file.num = 5 (custom)
2022-01-08 01:46:40,617 [pool-635-thread-1] INFO  server.RaftServerConfigKeys (ConfUtils.java:logGet(44)) - raft.server.log.purge.upto.snapshot.index = false (default)
2022-01-08 01:46:40,617 [pool-635-thread-1] INFO  server.RaftServerConfigKeys (ConfUtils.java:logGet(44)) - raft.server.retrycache.expirytime = 600000ms (custom)
2022-01-08 01:46:40,617 [pool-635-thread-1] INFO  server.RaftServerConfigKeys (ConfUtils.java:logGet(44)) - raft.server.retrycache.statistics.expirytime = 100μs (default)
2022-01-08 01:46:40,618 [pool-635-thread-1] INFO  server.RaftServer$Division (RaftServerImpl.java:start(301)) - a6c260a2-0fcb-4cbe-bb3c-7bbe6bc0f1a0@group-53A1D7CF6D66: start as a follower, conf=-1: [81a3d3bc-df93-482d-841e-57d386bb5ebf|rpc:10.1.0.34:40489|priority:0, a6c260a2-0fcb-4cbe-bb3c-7bbe6bc0f1a0|rpc:10.1.0.34:44223|priority:1, 46dea062-dbed-4f29-9927-38d96de780a1|rpc:10.1.0.34:40963|priority:0], old=null
2022-01-08 01:46:40,618 [pool-635-thread-1] INFO  server.RaftServer$Division (RaftServerImpl.java:setRole(290)) - a6c260a2-0fcb-4cbe-bb3c-7bbe6bc0f1a0@group-53A1D7CF6D66: changes role from      null to FOLLOWER at term 0 for startAsFollower
2022-01-08 01:46:40,618 [pool-635-thread-1] INFO  impl.RoleInfo (RoleInfo.java:updateAndGet(130)) - a6c260a2-0fcb-4cbe-bb3c-7bbe6bc0f1a0: start a6c260a2-0fcb-4cbe-bb3c-7bbe6bc0f1a0@group-53A1D7CF6D66-FollowerState
2022-01-08 01:46:40,619 [pool-635-thread-1] INFO  util.JmxRegister (JmxRegister.java:tryRegister(44)) - Successfully registered JMX Bean with object name Ratis:service=RaftServer,group=group-53A1D7CF6D66,id=a6c260a2-0fcb-4cbe-bb3c-7bbe6bc0f1a0
2022-01-08 01:46:40,624 [Command processor thread] INFO  ratis.XceiverServerRatis (XceiverServerRatis.java:addGroup(768)) - Created group PipelineID=ed7d7f98-d33b-43a4-b8f6-53a1d7cf6d66
2022-01-08 01:46:40,638 [grpc-default-executor-1] INFO  server.RaftServer (RaftServerProxy.java:addNew(95)) - 46dea062-dbed-4f29-9927-38d96de780a1: addNew group-53A1D7CF6D66:[81a3d3bc-df93-482d-841e-57d386bb5ebf|rpc:10.1.0.34:40489|dataStream:|priority:0, a6c260a2-0fcb-4cbe-bb3c-7bbe6bc0f1a0|rpc:10.1.0.34:44223|dataStream:|priority:1, 46dea062-dbed-4f29-9927-38d96de780a1|rpc:10.1.0.34:40963|dataStream:|priority:0] returns group-53A1D7CF6D66:java.util.concurrent.CompletableFuture@3520d988[Not completed]
2022-01-08 01:46:40,638 [pool-614-thread-1] INFO  server.RaftServer$Division (RaftServerImpl.java:<init>(184)) - 46dea062-dbed-4f29-9927-38d96de780a1: new RaftServerImpl for group-53A1D7CF6D66:[81a3d3bc-df93-482d-841e-57d386bb5ebf|rpc:10.1.0.34:40489|dataStream:|priority:0, a6c260a2-0fcb-4cbe-bb3c-7bbe6bc0f1a0|rpc:10.1.0.34:44223|dataStream:|priority:1, 46dea062-dbed-4f29-9927-38d96de780a1|rpc:10.1.0.34:40963|dataStream:|priority:0] with ContainerStateMachine:uninitialized
2022-01-08 01:46:40,639 [pool-614-thread-1] INFO  server.RaftServerConfigKeys (ConfUtils.java:logGet(44)) - raft.server.rpc.timeout.min = 5s (custom)
2022-01-08 01:46:40,639 [pool-614-thread-1] INFO  server.RaftServerConfigKeys (ConfUtils.java:logGet(44)) - raft.server.rpc.timeout.max = 5200ms (custom)
2022-01-08 01:46:40,639 [pool-614-thread-1] INFO  server.RaftServerConfigKeys (ConfUtils.java:logGet(44)) - raft.server.rpc.sleep.time = 25ms (default)
2022-01-08 01:46:40,639 [pool-614-thread-1] INFO  server.RaftServerConfigKeys (ConfUtils.java:logGet(44)) - raft.server.rpc.slowness.timeout = 300000ms (custom)
2022-01-08 01:46:40,639 [pool-614-thread-1] INFO  server.RaftServerConfigKeys (ConfUtils.java:logGet(44)) - raft.server.leaderelection.leader.step-down.wait-time = 10s (default)
2022-01-08 01:46:40,639 [pool-614-thread-1] INFO  server.RaftServerConfigKeys (ConfUtils.java:logGet(44)) - raft.server.sleep.deviation.threshold = 300ms (default)
2022-01-08 01:46:40,639 [pool-614-thread-1] INFO  server.RaftServerConfigKeys (ConfUtils.java:logGet(44)) - raft.server.log.appender.install.snapshot.enabled = false (custom)
2022-01-08 01:46:40,639 [pool-614-thread-1] INFO  server.RaftServer$Division (ServerState.java:<init>(105)) - 46dea062-dbed-4f29-9927-38d96de780a1@group-53A1D7CF6D66: ConfigurationManager, init=-1: [81a3d3bc-df93-482d-841e-57d386bb5ebf|rpc:10.1.0.34:40489|dataStream:|priority:0, a6c260a2-0fcb-4cbe-bb3c-7bbe6bc0f1a0|rpc:10.1.0.34:44223|dataStream:|priority:1, 46dea062-dbed-4f29-9927-38d96de780a1|rpc:10.1.0.34:40963|dataStream:|priority:0], old=null, confs=<EMPTY_MAP>
2022-01-08 01:46:40,639 [pool-614-thread-1] INFO  server.RaftServerConfigKeys (ConfUtils.java:logGet(44)) - raft.server.storage.dir = [/home/runner/work/ozone/ozone/hadoop-ozone/integration-test/target/test-dir/MiniOzoneClusterImpl-6a132c25-3902-4d06-b1e4-79a7ed3e0f57/datanode-3/data/ratis] (custom)
2022-01-08 01:46:40,640 [pool-614-thread-1] INFO  server.RaftServerConfigKeys (ConfUtils.java:logGet(44)) - raft.server.log.corruption.policy = EXCEPTION (default)
2022-01-08 01:46:40,640 [pool-614-thread-1] INFO  server.RaftServerConfigKeys (ConfUtils.java:logGet(44)) - raft.server.storage.free-space.min = 0MB (=0) (default)
2022-01-08 01:46:40,640 [pool-614-thread-1] INFO  storage.RaftStorageDirectory (RaftStorageDirectoryImpl.java:analyzeStorage(135)) - The storage directory /home/runner/work/ozone/ozone/hadoop-ozone/integration-test/target/test-dir/MiniOzoneClusterImpl-6a132c25-3902-4d06-b1e4-79a7ed3e0f57/datanode-3/data/ratis/ed7d7f98-d33b-43a4-b8f6-53a1d7cf6d66 does not exist. Creating ...
2022-01-08 01:46:40,641 [pool-614-thread-1] INFO  storage.RaftStorageDirectory (RaftStorageDirectoryImpl.java:tryLock(230)) - Lock on /home/runner/work/ozone/ozone/hadoop-ozone/integration-test/target/test-dir/MiniOzoneClusterImpl-6a132c25-3902-4d06-b1e4-79a7ed3e0f57/datanode-3/data/ratis/ed7d7f98-d33b-43a4-b8f6-53a1d7cf6d66/in_use.lock acquired by nodename 32692@fv-az116-279
2022-01-08 01:46:40,642 [pool-656-thread-1] INFO  ratis.ContainerStateMachine (ContainerStateMachine.java:loadSnapshot(231)) - group-E4867FAC98DD: The snapshot info is null. Setting the last applied indexto:(t:0, i:~)
2022-01-08 01:46:40,642 [pool-656-thread-1] INFO  server.RaftServerConfigKeys (ConfUtils.java:logGet(44)) - raft.server.notification.no-leader.timeout = 300000ms (custom)
2022-01-08 01:46:40,642 [pool-656-thread-1] INFO  server.RaftServerConfigKeys (ConfUtils.java:logGet(44)) - raft.server.log.use.memory = false (default)
2022-01-08 01:46:40,642 [pool-656-thread-1] INFO  server.RaftServerConfigKeys (ConfUtils.java:logGet(44)) - raft.server.log.purge.gap = 1000000 (custom)
2022-01-08 01:46:40,642 [pool-614-thread-1] INFO  storage.RaftStorage (RaftStorageImpl.java:format(89)) - Storage directory /home/runner/work/ozone/ozone/hadoop-ozone/integration-test/target/test-dir/MiniOzoneClusterImpl-6a132c25-3902-4d06-b1e4-79a7ed3e0f57/datanode-3/data/ratis/ed7d7f98-d33b-43a4-b8f6-53a1d7cf6d66 has been successfully formatted.
2022-01-08 01:46:40,643 [pool-614-thread-1] INFO  ratis.ContainerStateMachine (ContainerStateMachine.java:loadSnapshot(231)) - group-53A1D7CF6D66: The snapshot info is null. Setting the last applied indexto:(t:0, i:~)
2022-01-08 01:46:40,643 [pool-614-thread-1] INFO  server.RaftServerConfigKeys (ConfUtils.java:logGet(44)) - raft.server.notification.no-leader.timeout = 300000ms (custom)
2022-01-08 01:46:40,653 [pool-614-thread-1] INFO  server.RaftServerConfigKeys (ConfUtils.java:logGet(44)) - raft.server.log.use.memory = false (default)
2022-01-08 01:46:40,654 [pool-614-thread-1] INFO  server.RaftServerConfigKeys (ConfUtils.java:logGet(44)) - raft.server.log.purge.gap = 1000000 (custom)
2022-01-08 01:46:40,654 [pool-614-thread-1] INFO  server.RaftServerConfigKeys (ConfUtils.java:logGet(44)) - raft.server.log.appender.buffer.byte-limit = 33554432 (custom)
2022-01-08 01:46:40,654 [pool-614-thread-1] INFO  server.RaftServerConfigKeys (ConfUtils.java:logGet(44)) - raft.server.log.segment.size.max = 1048576 (custom)
2022-01-08 01:46:40,654 [pool-614-thread-1] INFO  server.RaftServerConfigKeys (ConfUtils.java:logGet(44)) - raft.server.log.segment.cache.num.max = 2 (custom)
2022-01-08 01:46:40,654 [pool-614-thread-1] INFO  server.RaftServerConfigKeys (ConfUtils.java:logGet(44)) - raft.server.log.segment.cache.size.max = 200MB (=209715200) (default)
2022-01-08 01:46:40,654 [pool-614-thread-1] INFO  segmented.SegmentedRaftLogWorker (SegmentedRaftLogWorker.java:<init>(182)) - new 46dea062-dbed-4f29-9927-38d96de780a1@group-53A1D7CF6D66-SegmentedRaftLogWorker for RaftStorageImpl:Storage Directory /home/runner/work/ozone/ozone/hadoop-ozone/integration-test/target/test-dir/MiniOzoneClusterImpl-6a132c25-3902-4d06-b1e4-79a7ed3e0f57/datanode-3/data/ratis/ed7d7f98-d33b-43a4-b8f6-53a1d7cf6d66
2022-01-08 01:46:40,654 [pool-614-thread-1] INFO  server.RaftServerConfigKeys (ConfUtils.java:logGet(44)) - raft.server.log.queue.byte-limit = 2147483647 (custom)
2022-01-08 01:46:40,654 [pool-614-thread-1] INFO  server.RaftServerConfigKeys (ConfUtils.java:logGet(44)) - raft.server.log.queue.element-limit = 1024 (custom)
2022-01-08 01:46:40,655 [pool-614-thread-1] INFO  server.RaftServerConfigKeys (ConfUtils.java:logGet(44)) - raft.server.log.segment.size.max = 1048576 (custom)
2022-01-08 01:46:40,655 [pool-614-thread-1] INFO  server.RaftServerConfigKeys (ConfUtils.java:logGet(44)) - raft.server.log.preallocated.size = 16384 (custom)
2022-01-08 01:46:40,655 [pool-614-thread-1] INFO  server.RaftServerConfigKeys (ConfUtils.java:logGet(44)) - raft.server.log.force.sync.num = 128 (default)
2022-01-08 01:46:40,655 [pool-614-thread-1] INFO  server.RaftServerConfigKeys (ConfUtils.java:logGet(44)) - raft.server.log.statemachine.data.sync = true (default)
2022-01-08 01:46:40,655 [pool-614-thread-1] INFO  server.RaftServerConfigKeys (ConfUtils.java:logGet(44)) - raft.server.log.statemachine.data.sync.timeout = 10s (default)
2022-01-08 01:46:40,655 [pool-614-thread-1] INFO  server.RaftServerConfigKeys (ConfUtils.java:logGet(44)) - raft.server.log.statemachine.data.sync.timeout.retry = -1 (default)
2022-01-08 01:46:40,656 [pool-614-thread-1] INFO  server.RaftServerConfigKeys (ConfUtils.java:logGet(44)) - raft.server.log.write.buffer.size = 1048576 (custom)
2022-01-08 01:46:40,656 [pool-614-thread-1] INFO  server.RaftServerConfigKeys (ConfUtils.java:logGet(44)) - raft.server.log.statemachine.data.caching.enabled = true (custom)
2022-01-08 01:46:40,657 [pool-614-thread-1] INFO  segmented.SegmentedRaftLogWorker (SegmentedRaftLogWorker.java:lambda$new$0(133)) - 46dea062-dbed-4f29-9927-38d96de780a1@group-53A1D7CF6D66-SegmentedRaftLogWorker: flushIndex: setUnconditionally 0 -> -1
2022-01-08 01:46:40,657 [pool-614-thread-1] INFO  segmented.SegmentedRaftLogWorker (SegmentedRaftLogWorker.java:lambda$new$0(133)) - 46dea062-dbed-4f29-9927-38d96de780a1@group-53A1D7CF6D66-SegmentedRaftLogWorker: safeCacheEvictIndex: setUnconditionally 0 -> -1
2022-01-08 01:46:40,651 [pool-656-thread-1] INFO  server.RaftServerConfigKeys (ConfUtils.java:logGet(44)) - raft.server.log.appender.buffer.byte-limit = 33554432 (custom)
2022-01-08 01:46:40,651 [Command processor thread] INFO  server.RaftServer (RaftServerProxy.java:addNew(95)) - 81a3d3bc-df93-482d-841e-57d386bb5ebf: addNew group-901439E60DCF:[81a3d3bc-df93-482d-841e-57d386bb5ebf|rpc:10.1.0.34:40489|priority:1] returns group-901439E60DCF:java.util.concurrent.CompletableFuture@68ef6e10[Not completed]
2022-01-08 01:46:40,658 [pool-656-thread-1] INFO  server.RaftServerConfigKeys (ConfUtils.java:logGet(44)) - raft.server.log.segment.size.max = 1048576 (custom)
2022-01-08 01:46:40,659 [pool-656-thread-1] INFO  server.RaftServerConfigKeys (ConfUtils.java:logGet(44)) - raft.server.log.segment.cache.num.max = 2 (custom)
2022-01-08 01:46:40,659 [pool-656-thread-1] INFO  server.RaftServerConfigKeys (ConfUtils.java:logGet(44)) - raft.server.log.segment.cache.size.max = 200MB (=209715200) (default)
2022-01-08 01:46:40,659 [pool-656-thread-1] INFO  segmented.SegmentedRaftLogWorker (SegmentedRaftLogWorker.java:<init>(182)) - new 81a3d3bc-df93-482d-841e-57d386bb5ebf@group-E4867FAC98DD-SegmentedRaftLogWorker for RaftStorageImpl:Storage Directory /home/runner/work/ozone/ozone/hadoop-ozone/integration-test/target/test-dir/MiniOzoneClusterImpl-6a132c25-3902-4d06-b1e4-79a7ed3e0f57/datanode-5/data/ratis/11e6a4f4-e93b-49ef-a845-e4867fac98dd
2022-01-08 01:46:40,659 [pool-656-thread-1] INFO  server.RaftServerConfigKeys (ConfUtils.java:logGet(44)) - raft.server.log.queue.byte-limit = 2147483647 (custom)
2022-01-08 01:46:40,659 [pool-656-thread-1] INFO  server.RaftServerConfigKeys (ConfUtils.java:logGet(44)) - raft.server.log.queue.element-limit = 1024 (custom)
2022-01-08 01:46:40,659 [pool-656-thread-1] INFO  server.RaftServerConfigKeys (ConfUtils.java:logGet(44)) - raft.server.log.segment.size.max = 1048576 (custom)
2022-01-08 01:46:40,659 [pool-656-thread-1] INFO  server.RaftServerConfigKeys (ConfUtils.java:logGet(44)) - raft.server.log.preallocated.size = 16384 (custom)
2022-01-08 01:46:40,659 [pool-656-thread-1] INFO  server.RaftServerConfigKeys (ConfUtils.java:logGet(44)) - raft.server.log.force.sync.num = 128 (default)
2022-01-08 01:46:40,659 [pool-656-thread-1] INFO  server.RaftServerConfigKeys (ConfUtils.java:logGet(44)) - raft.server.log.statemachine.data.sync = true (default)
2022-01-08 01:46:40,659 [pool-656-thread-1] INFO  server.RaftServerConfigKeys (ConfUtils.java:logGet(44)) - raft.server.log.statemachine.data.sync.timeout = 10s (default)
2022-01-08 01:46:40,660 [pool-656-thread-1] INFO  server.RaftServerConfigKeys (ConfUtils.java:logGet(44)) - raft.server.log.statemachine.data.sync.timeout.retry = -1 (default)
2022-01-08 01:46:40,664 [EventQueue-OpenPipelineForHealthyPipelineSafeModeRule] INFO  safemode.SCMSafeModeManager (HealthyPipelineSafeModeRule.java:process(124)) - SCM in safe mode. Healthy pipelines reported count is 0, required healthy pipeline reported count is 1
2022-01-08 01:46:40,665 [pool-656-thread-1] INFO  server.RaftServerConfigKeys (ConfUtils.java:logGet(44)) - raft.server.log.write.buffer.size = 1048576 (custom)
2022-01-08 01:46:40,667 [pool-656-thread-1] INFO  server.RaftServerConfigKeys (ConfUtils.java:logGet(44)) - raft.server.log.statemachine.data.caching.enabled = true (custom)
2022-01-08 01:46:40,667 [pool-656-thread-1] INFO  segmented.SegmentedRaftLogWorker (SegmentedRaftLogWorker.java:lambda$new$0(133)) - 81a3d3bc-df93-482d-841e-57d386bb5ebf@group-E4867FAC98DD-SegmentedRaftLogWorker: flushIndex: setUnconditionally 0 -> -1
2022-01-08 01:46:40,667 [pool-656-thread-1] INFO  segmented.SegmentedRaftLogWorker (SegmentedRaftLogWorker.java:lambda$new$0(133)) - 81a3d3bc-df93-482d-841e-57d386bb5ebf@group-E4867FAC98DD-SegmentedRaftLogWorker: safeCacheEvictIndex: setUnconditionally 0 -> -1
2022-01-08 01:46:40,667 [pool-614-thread-1] INFO  server.RaftServerConfigKeys (ConfUtils.java:logGet(44)) - raft.server.snapshot.auto.trigger.enabled = true (custom)
2022-01-08 01:46:40,667 [pool-614-thread-1] INFO  server.RaftServerConfigKeys (ConfUtils.java:logGet(44)) - raft.server.snapshot.auto.trigger.threshold = 10000 (custom)
2022-01-08 01:46:40,667 [pool-614-thread-1] INFO  server.RaftServerConfigKeys (ConfUtils.java:logGet(44)) - raft.server.snapshot.retention.file.num = 5 (custom)
2022-01-08 01:46:40,667 [pool-614-thread-1] INFO  server.RaftServerConfigKeys (ConfUtils.java:logGet(44)) - raft.server.log.purge.upto.snapshot.index = false (default)
2022-01-08 01:46:40,668 [pool-656-thread-1] INFO  server.RaftServerConfigKeys (ConfUtils.java:logGet(44)) - raft.server.snapshot.auto.trigger.enabled = true (custom)
2022-01-08 01:46:40,668 [pool-656-thread-1] INFO  server.RaftServerConfigKeys (ConfUtils.java:logGet(44)) - raft.server.snapshot.auto.trigger.threshold = 10000 (custom)
2022-01-08 01:46:40,668 [pool-656-thread-1] INFO  server.RaftServerConfigKeys (ConfUtils.java:logGet(44)) - raft.server.snapshot.retention.file.num = 5 (custom)
2022-01-08 01:46:40,668 [pool-656-thread-1] INFO  server.RaftServerConfigKeys (ConfUtils.java:logGet(44)) - raft.server.log.purge.upto.snapshot.index = false (default)
2022-01-08 01:46:40,668 [pool-656-thread-1] INFO  server.RaftServerConfigKeys (ConfUtils.java:logGet(44)) - raft.server.retrycache.expirytime = 600000ms (custom)
2022-01-08 01:46:40,668 [pool-656-thread-1] INFO  server.RaftServerConfigKeys (ConfUtils.java:logGet(44)) - raft.server.retrycache.statistics.expirytime = 100μs (default)
2022-01-08 01:46:40,668 [pool-614-thread-1] INFO  server.RaftServerConfigKeys (ConfUtils.java:logGet(44)) - raft.server.retrycache.expirytime = 600000ms (custom)
2022-01-08 01:46:40,671 [pool-614-thread-1] INFO  server.RaftServerConfigKeys (ConfUtils.java:logGet(44)) - raft.server.retrycache.statistics.expirytime = 100μs (default)
2022-01-08 01:46:40,672 [pool-614-thread-1] INFO  server.RaftServer$Division (RaftServerImpl.java:start(301)) - 46dea062-dbed-4f29-9927-38d96de780a1@group-53A1D7CF6D66: start as a follower, conf=-1: [81a3d3bc-df93-482d-841e-57d386bb5ebf|rpc:10.1.0.34:40489|dataStream:|priority:0, a6c260a2-0fcb-4cbe-bb3c-7bbe6bc0f1a0|rpc:10.1.0.34:44223|dataStream:|priority:1, 46dea062-dbed-4f29-9927-38d96de780a1|rpc:10.1.0.34:40963|dataStream:|priority:0], old=null
2022-01-08 01:46:40,673 [pool-614-thread-1] INFO  server.RaftServer$Division (RaftServerImpl.java:setRole(290)) - 46dea062-dbed-4f29-9927-38d96de780a1@group-53A1D7CF6D66: changes role from      null to FOLLOWER at term 0 for startAsFollower
2022-01-08 01:46:40,673 [pool-614-thread-1] INFO  impl.RoleInfo (RoleInfo.java:updateAndGet(130)) - 46dea062-dbed-4f29-9927-38d96de780a1: start 46dea062-dbed-4f29-9927-38d96de780a1@group-53A1D7CF6D66-FollowerState
2022-01-08 01:46:40,683 [pool-656-thread-1] INFO  server.RaftServer$Division (RaftServerImpl.java:<init>(184)) - 81a3d3bc-df93-482d-841e-57d386bb5ebf: new RaftServerImpl for group-901439E60DCF:[81a3d3bc-df93-482d-841e-57d386bb5ebf|rpc:10.1.0.34:40489|priority:1] with ContainerStateMachine:uninitialized
2022-01-08 01:46:40,683 [pool-656-thread-1] INFO  server.RaftServerConfigKeys (ConfUtils.java:logGet(44)) - raft.server.rpc.timeout.min = 5s (custom)
2022-01-08 01:46:40,683 [pool-656-thread-1] INFO  server.RaftServerConfigKeys (ConfUtils.java:logGet(44)) - raft.server.rpc.timeout.max = 5200ms (custom)
2022-01-08 01:46:40,683 [pool-656-thread-1] INFO  server.RaftServerConfigKeys (ConfUtils.java:logGet(44)) - raft.server.rpc.sleep.time = 25ms (default)
2022-01-08 01:46:40,683 [pool-656-thread-1] INFO  server.RaftServerConfigKeys (ConfUtils.java:logGet(44)) - raft.server.rpc.slowness.timeout = 300000ms (custom)
2022-01-08 01:46:40,683 [pool-656-thread-1] INFO  server.RaftServerConfigKeys (ConfUtils.java:logGet(44)) - raft.server.leaderelection.leader.step-down.wait-time = 10s (default)
2022-01-08 01:46:40,683 [pool-656-thread-1] INFO  server.RaftServerConfigKeys (ConfUtils.java:logGet(44)) - raft.server.sleep.deviation.threshold = 300ms (default)
2022-01-08 01:46:40,683 [pool-656-thread-1] INFO  server.RaftServerConfigKeys (ConfUtils.java:logGet(44)) - raft.server.log.appender.install.snapshot.enabled = false (custom)
2022-01-08 01:46:40,684 [pool-656-thread-1] INFO  server.RaftServer$Division (ServerState.java:<init>(105)) - 81a3d3bc-df93-482d-841e-57d386bb5ebf@group-901439E60DCF: ConfigurationManager, init=-1: [81a3d3bc-df93-482d-841e-57d386bb5ebf|rpc:10.1.0.34:40489|priority:1], old=null, confs=<EMPTY_MAP>
2022-01-08 01:46:40,684 [pool-656-thread-1] INFO  server.RaftServerConfigKeys (ConfUtils.java:logGet(44)) - raft.server.storage.dir = [/home/runner/work/ozone/ozone/hadoop-ozone/integration-test/target/test-dir/MiniOzoneClusterImpl-6a132c25-3902-4d06-b1e4-79a7ed3e0f57/datanode-5/data/ratis] (custom)
2022-01-08 01:46:40,684 [pool-656-thread-1] INFO  server.RaftServerConfigKeys (ConfUtils.java:logGet(44)) - raft.server.log.corruption.policy = EXCEPTION (default)
2022-01-08 01:46:40,684 [pool-656-thread-1] INFO  server.RaftServerConfigKeys (ConfUtils.java:logGet(44)) - raft.server.storage.free-space.min = 0MB (=0) (default)
2022-01-08 01:46:40,684 [pool-656-thread-1] INFO  storage.RaftStorageDirectory (RaftStorageDirectoryImpl.java:analyzeStorage(135)) - The storage directory /home/runner/work/ozone/ozone/hadoop-ozone/integration-test/target/test-dir/MiniOzoneClusterImpl-6a132c25-3902-4d06-b1e4-79a7ed3e0f57/datanode-5/data/ratis/1d1fcdb2-5ca5-44eb-8b21-901439e60dcf does not exist. Creating ...
2022-01-08 01:46:40,685 [pool-656-thread-1] INFO  storage.RaftStorageDirectory (RaftStorageDirectoryImpl.java:tryLock(230)) - Lock on /home/runner/work/ozone/ozone/hadoop-ozone/integration-test/target/test-dir/MiniOzoneClusterImpl-6a132c25-3902-4d06-b1e4-79a7ed3e0f57/datanode-5/data/ratis/1d1fcdb2-5ca5-44eb-8b21-901439e60dcf/in_use.lock acquired by nodename 32692@fv-az116-279
2022-01-08 01:46:40,688 [pool-614-thread-1] INFO  util.JmxRegister (JmxRegister.java:tryRegister(44)) - Successfully registered JMX Bean with object name Ratis:service=RaftServer,group=group-53A1D7CF6D66,id=46dea062-dbed-4f29-9927-38d96de780a1
2022-01-08 01:46:40,705 [pool-656-thread-1] INFO  storage.RaftStorage (RaftStorageImpl.java:format(89)) - Storage directory /home/runner/work/ozone/ozone/hadoop-ozone/integration-test/target/test-dir/MiniOzoneClusterImpl-6a132c25-3902-4d06-b1e4-79a7ed3e0f57/datanode-5/data/ratis/1d1fcdb2-5ca5-44eb-8b21-901439e60dcf has been successfully formatted.
2022-01-08 01:46:40,705 [pool-656-thread-1] INFO  ratis.ContainerStateMachine (ContainerStateMachine.java:loadSnapshot(231)) - group-901439E60DCF: The snapshot info is null. Setting the last applied indexto:(t:0, i:~)
2022-01-08 01:46:40,706 [pool-656-thread-1] INFO  server.RaftServerConfigKeys (ConfUtils.java:logGet(44)) - raft.server.notification.no-leader.timeout = 300000ms (custom)
2022-01-08 01:46:40,706 [pool-656-thread-1] INFO  server.RaftServerConfigKeys (ConfUtils.java:logGet(44)) - raft.server.log.use.memory = false (default)
2022-01-08 01:46:40,706 [pool-656-thread-1] INFO  server.RaftServerConfigKeys (ConfUtils.java:logGet(44)) - raft.server.log.purge.gap = 1000000 (custom)
2022-01-08 01:46:40,706 [pool-656-thread-1] INFO  server.RaftServerConfigKeys (ConfUtils.java:logGet(44)) - raft.server.log.appender.buffer.byte-limit = 33554432 (custom)
2022-01-08 01:46:40,706 [pool-656-thread-1] INFO  server.RaftServerConfigKeys (ConfUtils.java:logGet(44)) - raft.server.log.segment.size.max = 1048576 (custom)
2022-01-08 01:46:40,706 [pool-656-thread-1] INFO  server.RaftServerConfigKeys (ConfUtils.java:logGet(44)) - raft.server.log.segment.cache.num.max = 2 (custom)
2022-01-08 01:46:40,707 [pool-656-thread-1] INFO  server.RaftServerConfigKeys (ConfUtils.java:logGet(44)) - raft.server.log.segment.cache.size.max = 200MB (=209715200) (default)
2022-01-08 01:46:40,707 [pool-656-thread-1] INFO  segmented.SegmentedRaftLogWorker (SegmentedRaftLogWorker.java:<init>(182)) - new 81a3d3bc-df93-482d-841e-57d386bb5ebf@group-901439E60DCF-SegmentedRaftLogWorker for RaftStorageImpl:Storage Directory /home/runner/work/ozone/ozone/hadoop-ozone/integration-test/target/test-dir/MiniOzoneClusterImpl-6a132c25-3902-4d06-b1e4-79a7ed3e0f57/datanode-5/data/ratis/1d1fcdb2-5ca5-44eb-8b21-901439e60dcf
2022-01-08 01:46:40,707 [pool-656-thread-1] INFO  server.RaftServerConfigKeys (ConfUtils.java:logGet(44)) - raft.server.log.queue.byte-limit = 2147483647 (custom)
2022-01-08 01:46:40,707 [pool-656-thread-1] INFO  server.RaftServerConfigKeys (ConfUtils.java:logGet(44)) - raft.server.log.queue.element-limit = 1024 (custom)
2022-01-08 01:46:40,707 [pool-656-thread-1] INFO  server.RaftServerConfigKeys (ConfUtils.java:logGet(44)) - raft.server.log.segment.size.max = 1048576 (custom)
2022-01-08 01:46:40,707 [pool-656-thread-1] INFO  server.RaftServerConfigKeys (ConfUtils.java:logGet(44)) - raft.server.log.preallocated.size = 16384 (custom)
2022-01-08 01:46:40,707 [pool-656-thread-1] INFO  server.RaftServerConfigKeys (ConfUtils.java:logGet(44)) - raft.server.log.force.sync.num = 128 (default)
2022-01-08 01:46:40,707 [pool-656-thread-1] INFO  server.RaftServerConfigKeys (ConfUtils.java:logGet(44)) - raft.server.log.statemachine.data.sync = true (default)
2022-01-08 01:46:40,707 [pool-656-thread-1] INFO  server.RaftServerConfigKeys (ConfUtils.java:logGet(44)) - raft.server.log.statemachine.data.sync.timeout = 10s (default)
2022-01-08 01:46:40,707 [pool-656-thread-1] INFO  server.RaftServerConfigKeys (ConfUtils.java:logGet(44)) - raft.server.log.statemachine.data.sync.timeout.retry = -1 (default)
2022-01-08 01:46:40,708 [pool-656-thread-1] INFO  server.RaftServerConfigKeys (ConfUtils.java:logGet(44)) - raft.server.log.write.buffer.size = 1048576 (custom)
2022-01-08 01:46:40,709 [EventQueue-PipelineReportForPipelineReportHandler] INFO  pipeline.PipelineManagerImpl (PipelineManagerImpl.java:openPipeline(291)) - Pipeline Pipeline[ Id: 1d1fcdb2-5ca5-44eb-8b21-901439e60dcf, Nodes: 81a3d3bc-df93-482d-841e-57d386bb5ebf{ip: 10.1.0.34, host: fv-az116-279.vzw04321ajxubdbcnpick5nqva.xx.internal.cloudapp.net, ports: [REPLICATION=40371, RATIS=40489, RATIS_ADMIN=40489, RATIS_SERVER=40489, STANDALONE=35775], networkLocation: /default-rack, certSerialId: null, persistedOpState: IN_SERVICE, persistedOpStateExpiryEpochSec: 0}, ReplicationConfig: RATIS/ONE, State:ALLOCATED, leaderId:81a3d3bc-df93-482d-841e-57d386bb5ebf, CreationTimestamp2022-01-08T01:46:37.653Z[Etc/UTC]] moved to OPEN state
2022-01-08 01:46:40,710 [EventQueue-OpenPipelineForHealthyPipelineSafeModeRule] INFO  safemode.SCMSafeModeManager (HealthyPipelineSafeModeRule.java:process(124)) - SCM in safe mode. Healthy pipelines reported count is 0, required healthy pipeline reported count is 1
2022-01-08 01:46:40,735 [pool-656-thread-1] INFO  server.RaftServerConfigKeys (ConfUtils.java:logGet(44)) - raft.server.log.statemachine.data.caching.enabled = true (custom)
2022-01-08 01:46:40,735 [pool-656-thread-1] INFO  segmented.SegmentedRaftLogWorker (SegmentedRaftLogWorker.java:lambda$new$0(133)) - 81a3d3bc-df93-482d-841e-57d386bb5ebf@group-901439E60DCF-SegmentedRaftLogWorker: flushIndex: setUnconditionally 0 -> -1
2022-01-08 01:46:40,735 [pool-656-thread-1] INFO  segmented.SegmentedRaftLogWorker (SegmentedRaftLogWorker.java:lambda$new$0(133)) - 81a3d3bc-df93-482d-841e-57d386bb5ebf@group-901439E60DCF-SegmentedRaftLogWorker: safeCacheEvictIndex: setUnconditionally 0 -> -1
2022-01-08 01:46:40,737 [grpc-default-executor-1] INFO  server.RaftServer (RaftServerProxy.java:addNew(95)) - 81a3d3bc-df93-482d-841e-57d386bb5ebf: addNew group-53A1D7CF6D66:[81a3d3bc-df93-482d-841e-57d386bb5ebf|rpc:10.1.0.34:40489|dataStream:|priority:0, a6c260a2-0fcb-4cbe-bb3c-7bbe6bc0f1a0|rpc:10.1.0.34:44223|dataStream:|priority:1, 46dea062-dbed-4f29-9927-38d96de780a1|rpc:10.1.0.34:40963|dataStream:|priority:0] returns group-53A1D7CF6D66:java.util.concurrent.CompletableFuture@4810cd65[Not completed]
2022-01-08 01:46:40,740 [pool-656-thread-1] INFO  server.RaftServerConfigKeys (ConfUtils.java:logGet(44)) - raft.server.snapshot.auto.trigger.enabled = true (custom)
2022-01-08 01:46:40,740 [pool-656-thread-1] INFO  server.RaftServerConfigKeys (ConfUtils.java:logGet(44)) - raft.server.snapshot.auto.trigger.threshold = 10000 (custom)
2022-01-08 01:46:40,740 [pool-656-thread-1] INFO  server.RaftServerConfigKeys (ConfUtils.java:logGet(44)) - raft.server.snapshot.retention.file.num = 5 (custom)
2022-01-08 01:46:40,740 [pool-656-thread-1] INFO  server.RaftServerConfigKeys (ConfUtils.java:logGet(44)) - raft.server.log.purge.upto.snapshot.index = false (default)
2022-01-08 01:46:40,740 [pool-656-thread-1] INFO  server.RaftServerConfigKeys (ConfUtils.java:logGet(44)) - raft.server.retrycache.expirytime = 600000ms (custom)
2022-01-08 01:46:40,740 [pool-656-thread-1] INFO  server.RaftServerConfigKeys (ConfUtils.java:logGet(44)) - raft.server.retrycache.statistics.expirytime = 100μs (default)
2022-01-08 01:46:40,741 [pool-656-thread-1] INFO  server.RaftServer$Division (RaftServerImpl.java:start(301)) - 81a3d3bc-df93-482d-841e-57d386bb5ebf@group-E4867FAC98DD: start as a follower, conf=-1: [81a3d3bc-df93-482d-841e-57d386bb5ebf|rpc:10.1.0.34:40489|dataStream:|priority:0, a6c260a2-0fcb-4cbe-bb3c-7bbe6bc0f1a0|rpc:10.1.0.34:44223|dataStream:|priority:0, 46dea062-dbed-4f29-9927-38d96de780a1|rpc:10.1.0.34:40963|dataStream:|priority:1], old=null
2022-01-08 01:46:40,741 [pool-656-thread-1] INFO  server.RaftServer$Division (RaftServerImpl.java:setRole(290)) - 81a3d3bc-df93-482d-841e-57d386bb5ebf@group-E4867FAC98DD: changes role from      null to FOLLOWER at term 0 for startAsFollower
2022-01-08 01:46:40,741 [pool-656-thread-1] INFO  impl.RoleInfo (RoleInfo.java:updateAndGet(130)) - 81a3d3bc-df93-482d-841e-57d386bb5ebf: start 81a3d3bc-df93-482d-841e-57d386bb5ebf@group-E4867FAC98DD-FollowerState
2022-01-08 01:46:40,748 [pool-656-thread-1] INFO  util.JmxRegister (JmxRegister.java:tryRegister(44)) - Successfully registered JMX Bean with object name Ratis:service=RaftServer,group=group-E4867FAC98DD,id=81a3d3bc-df93-482d-841e-57d386bb5ebf
2022-01-08 01:46:40,752 [pool-656-thread-1] INFO  server.RaftServer$Division (RaftServerImpl.java:<init>(184)) - 81a3d3bc-df93-482d-841e-57d386bb5ebf: new RaftServerImpl for group-53A1D7CF6D66:[81a3d3bc-df93-482d-841e-57d386bb5ebf|rpc:10.1.0.34:40489|dataStream:|priority:0, a6c260a2-0fcb-4cbe-bb3c-7bbe6bc0f1a0|rpc:10.1.0.34:44223|dataStream:|priority:1, 46dea062-dbed-4f29-9927-38d96de780a1|rpc:10.1.0.34:40963|dataStream:|priority:0] with ContainerStateMachine:uninitialized
2022-01-08 01:46:40,752 [pool-656-thread-1] INFO  server.RaftServerConfigKeys (ConfUtils.java:logGet(44)) - raft.server.rpc.timeout.min = 5s (custom)
2022-01-08 01:46:40,752 [pool-656-thread-1] INFO  server.RaftServerConfigKeys (ConfUtils.java:logGet(44)) - raft.server.rpc.timeout.max = 5200ms (custom)
2022-01-08 01:46:40,752 [pool-656-thread-1] INFO  server.RaftServerConfigKeys (ConfUtils.java:logGet(44)) - raft.server.rpc.sleep.time = 25ms (default)
2022-01-08 01:46:40,752 [pool-656-thread-1] INFO  server.RaftServerConfigKeys (ConfUtils.java:logGet(44)) - raft.server.rpc.slowness.timeout = 300000ms (custom)
2022-01-08 01:46:40,752 [pool-656-thread-1] INFO  server.RaftServerConfigKeys (ConfUtils.java:logGet(44)) - raft.server.leaderelection.leader.step-down.wait-time = 10s (default)
2022-01-08 01:46:40,752 [pool-656-thread-1] INFO  server.RaftServerConfigKeys (ConfUtils.java:logGet(44)) - raft.server.sleep.deviation.threshold = 300ms (default)
2022-01-08 01:46:40,752 [pool-656-thread-1] INFO  server.RaftServerConfigKeys (ConfUtils.java:logGet(44)) - raft.server.log.appender.install.snapshot.enabled = false (custom)
2022-01-08 01:46:40,752 [pool-656-thread-1] INFO  server.RaftServer$Division (ServerState.java:<init>(105)) - 81a3d3bc-df93-482d-841e-57d386bb5ebf@group-53A1D7CF6D66: ConfigurationManager, init=-1: [81a3d3bc-df93-482d-841e-57d386bb5ebf|rpc:10.1.0.34:40489|dataStream:|priority:0, a6c260a2-0fcb-4cbe-bb3c-7bbe6bc0f1a0|rpc:10.1.0.34:44223|dataStream:|priority:1, 46dea062-dbed-4f29-9927-38d96de780a1|rpc:10.1.0.34:40963|dataStream:|priority:0], old=null, confs=<EMPTY_MAP>
2022-01-08 01:46:40,753 [pool-656-thread-1] INFO  server.RaftServerConfigKeys (ConfUtils.java:logGet(44)) - raft.server.storage.dir = [/home/runner/work/ozone/ozone/hadoop-ozone/integration-test/target/test-dir/MiniOzoneClusterImpl-6a132c25-3902-4d06-b1e4-79a7ed3e0f57/datanode-5/data/ratis] (custom)
2022-01-08 01:46:40,753 [pool-656-thread-1] INFO  server.RaftServerConfigKeys (ConfUtils.java:logGet(44)) - raft.server.log.corruption.policy = EXCEPTION (default)
2022-01-08 01:46:40,753 [pool-656-thread-1] INFO  server.RaftServerConfigKeys (ConfUtils.java:logGet(44)) - raft.server.storage.free-space.min = 0MB (=0) (default)
2022-01-08 01:46:40,753 [pool-656-thread-1] INFO  storage.RaftStorageDirectory (RaftStorageDirectoryImpl.java:analyzeStorage(135)) - The storage directory /home/runner/work/ozone/ozone/hadoop-ozone/integration-test/target/test-dir/MiniOzoneClusterImpl-6a132c25-3902-4d06-b1e4-79a7ed3e0f57/datanode-5/data/ratis/ed7d7f98-d33b-43a4-b8f6-53a1d7cf6d66 does not exist. Creating ...
2022-01-08 01:46:40,757 [pool-656-thread-1] INFO  storage.RaftStorageDirectory (RaftStorageDirectoryImpl.java:tryLock(230)) - Lock on /home/runner/work/ozone/ozone/hadoop-ozone/integration-test/target/test-dir/MiniOzoneClusterImpl-6a132c25-3902-4d06-b1e4-79a7ed3e0f57/datanode-5/data/ratis/ed7d7f98-d33b-43a4-b8f6-53a1d7cf6d66/in_use.lock acquired by nodename 32692@fv-az116-279
2022-01-08 01:46:40,760 [pool-656-thread-1] INFO  storage.RaftStorage (RaftStorageImpl.java:format(89)) - Storage directory /home/runner/work/ozone/ozone/hadoop-ozone/integration-test/target/test-dir/MiniOzoneClusterImpl-6a132c25-3902-4d06-b1e4-79a7ed3e0f57/datanode-5/data/ratis/ed7d7f98-d33b-43a4-b8f6-53a1d7cf6d66 has been successfully formatted.
2022-01-08 01:46:40,761 [pool-656-thread-1] INFO  ratis.ContainerStateMachine (ContainerStateMachine.java:loadSnapshot(231)) - group-53A1D7CF6D66: The snapshot info is null. Setting the last applied indexto:(t:0, i:~)
2022-01-08 01:46:40,761 [pool-656-thread-1] INFO  server.RaftServerConfigKeys (ConfUtils.java:logGet(44)) - raft.server.notification.no-leader.timeout = 300000ms (custom)
2022-01-08 01:46:40,761 [pool-656-thread-1] INFO  server.RaftServerConfigKeys (ConfUtils.java:logGet(44)) - raft.server.log.use.memory = false (default)
2022-01-08 01:46:40,761 [pool-656-thread-1] INFO  server.RaftServerConfigKeys (ConfUtils.java:logGet(44)) - raft.server.log.purge.gap = 1000000 (custom)
2022-01-08 01:46:40,761 [pool-656-thread-1] INFO  server.RaftServerConfigKeys (ConfUtils.java:logGet(44)) - raft.server.log.appender.buffer.byte-limit = 33554432 (custom)
2022-01-08 01:46:40,762 [pool-656-thread-1] INFO  server.RaftServerConfigKeys (ConfUtils.java:logGet(44)) - raft.server.log.segment.size.max = 1048576 (custom)
2022-01-08 01:46:40,762 [pool-656-thread-1] INFO  server.RaftServerConfigKeys (ConfUtils.java:logGet(44)) - raft.server.log.segment.cache.num.max = 2 (custom)
2022-01-08 01:46:40,762 [pool-656-thread-1] INFO  server.RaftServerConfigKeys (ConfUtils.java:logGet(44)) - raft.server.log.segment.cache.size.max = 200MB (=209715200) (default)
2022-01-08 01:46:40,762 [pool-656-thread-1] INFO  segmented.SegmentedRaftLogWorker (SegmentedRaftLogWorker.java:<init>(182)) - new 81a3d3bc-df93-482d-841e-57d386bb5ebf@group-53A1D7CF6D66-SegmentedRaftLogWorker for RaftStorageImpl:Storage Directory /home/runner/work/ozone/ozone/hadoop-ozone/integration-test/target/test-dir/MiniOzoneClusterImpl-6a132c25-3902-4d06-b1e4-79a7ed3e0f57/datanode-5/data/ratis/ed7d7f98-d33b-43a4-b8f6-53a1d7cf6d66
2022-01-08 01:46:40,762 [pool-656-thread-1] INFO  server.RaftServerConfigKeys (ConfUtils.java:logGet(44)) - raft.server.log.queue.byte-limit = 2147483647 (custom)
2022-01-08 01:46:40,762 [pool-656-thread-1] INFO  server.RaftServerConfigKeys (ConfUtils.java:logGet(44)) - raft.server.log.queue.element-limit = 1024 (custom)
2022-01-08 01:46:40,763 [pool-656-thread-1] INFO  server.RaftServerConfigKeys (ConfUtils.java:logGet(44)) - raft.server.log.segment.size.max = 1048576 (custom)
2022-01-08 01:46:40,763 [pool-656-thread-1] INFO  server.RaftServerConfigKeys (ConfUtils.java:logGet(44)) - raft.server.log.preallocated.size = 16384 (custom)
2022-01-08 01:46:40,763 [pool-656-thread-1] INFO  server.RaftServerConfigKeys (ConfUtils.java:logGet(44)) - raft.server.log.force.sync.num = 128 (default)
2022-01-08 01:46:40,763 [EventQueue-OpenPipelineForHealthyPipelineSafeModeRule] INFO  safemode.SCMSafeModeManager (HealthyPipelineSafeModeRule.java:process(124)) - SCM in safe mode. Healthy pipelines reported count is 0, required healthy pipeline reported count is 1
2022-01-08 01:46:40,764 [pool-656-thread-1] INFO  server.RaftServerConfigKeys (ConfUtils.java:logGet(44)) - raft.server.log.statemachine.data.sync = true (default)
2022-01-08 01:46:40,764 [pool-656-thread-1] INFO  server.RaftServerConfigKeys (ConfUtils.java:logGet(44)) - raft.server.log.statemachine.data.sync.timeout = 10s (default)
2022-01-08 01:46:40,764 [pool-656-thread-1] INFO  server.RaftServerConfigKeys (ConfUtils.java:logGet(44)) - raft.server.log.statemachine.data.sync.timeout.retry = -1 (default)
2022-01-08 01:46:40,765 [pool-656-thread-1] INFO  server.RaftServerConfigKeys (ConfUtils.java:logGet(44)) - raft.server.log.write.buffer.size = 1048576 (custom)
2022-01-08 01:46:40,766 [pool-656-thread-1] INFO  server.RaftServerConfigKeys (ConfUtils.java:logGet(44)) - raft.server.log.statemachine.data.caching.enabled = true (custom)
2022-01-08 01:46:40,766 [pool-656-thread-1] INFO  segmented.SegmentedRaftLogWorker (SegmentedRaftLogWorker.java:lambda$new$0(133)) - 81a3d3bc-df93-482d-841e-57d386bb5ebf@group-53A1D7CF6D66-SegmentedRaftLogWorker: flushIndex: setUnconditionally 0 -> -1
2022-01-08 01:46:40,766 [pool-656-thread-1] INFO  segmented.SegmentedRaftLogWorker (SegmentedRaftLogWorker.java:lambda$new$0(133)) - 81a3d3bc-df93-482d-841e-57d386bb5ebf@group-53A1D7CF6D66-SegmentedRaftLogWorker: safeCacheEvictIndex: setUnconditionally 0 -> -1
2022-01-08 01:46:40,766 [pool-656-thread-1] INFO  server.RaftServerConfigKeys (ConfUtils.java:logGet(44)) - raft.server.snapshot.auto.trigger.enabled = true (custom)
2022-01-08 01:46:40,766 [pool-656-thread-1] INFO  server.RaftServerConfigKeys (ConfUtils.java:logGet(44)) - raft.server.snapshot.auto.trigger.threshold = 10000 (custom)
2022-01-08 01:46:40,767 [pool-656-thread-1] INFO  server.RaftServerConfigKeys (ConfUtils.java:logGet(44)) - raft.server.snapshot.retention.file.num = 5 (custom)
2022-01-08 01:46:40,767 [pool-656-thread-1] INFO  server.RaftServerConfigKeys (ConfUtils.java:logGet(44)) - raft.server.log.purge.upto.snapshot.index = false (default)
2022-01-08 01:46:40,767 [pool-656-thread-1] INFO  server.RaftServerConfigKeys (ConfUtils.java:logGet(44)) - raft.server.retrycache.expirytime = 600000ms (custom)
2022-01-08 01:46:40,767 [pool-656-thread-1] INFO  server.RaftServerConfigKeys (ConfUtils.java:logGet(44)) - raft.server.retrycache.statistics.expirytime = 100μs (default)
2022-01-08 01:46:40,768 [pool-656-thread-1] INFO  server.RaftServer$Division (RaftServerImpl.java:start(301)) - 81a3d3bc-df93-482d-841e-57d386bb5ebf@group-901439E60DCF: start as a follower, conf=-1: [81a3d3bc-df93-482d-841e-57d386bb5ebf|rpc:10.1.0.34:40489|priority:1], old=null
2022-01-08 01:46:40,768 [pool-656-thread-1] INFO  server.RaftServer$Division (RaftServerImpl.java:setRole(290)) - 81a3d3bc-df93-482d-841e-57d386bb5ebf@group-901439E60DCF: changes role from      null to FOLLOWER at term 0 for startAsFollower
2022-01-08 01:46:40,768 [pool-656-thread-1] INFO  impl.RoleInfo (RoleInfo.java:updateAndGet(130)) - 81a3d3bc-df93-482d-841e-57d386bb5ebf: start 81a3d3bc-df93-482d-841e-57d386bb5ebf@group-901439E60DCF-FollowerState
2022-01-08 01:46:40,779 [pool-656-thread-1] INFO  util.JmxRegister (JmxRegister.java:tryRegister(44)) - Successfully registered JMX Bean with object name Ratis:service=RaftServer,group=group-901439E60DCF,id=81a3d3bc-df93-482d-841e-57d386bb5ebf
2022-01-08 01:46:40,780 [pool-656-thread-1] INFO  server.RaftServer$Division (RaftServerImpl.java:start(301)) - 81a3d3bc-df93-482d-841e-57d386bb5ebf@group-53A1D7CF6D66: start as a follower, conf=-1: [81a3d3bc-df93-482d-841e-57d386bb5ebf|rpc:10.1.0.34:40489|dataStream:|priority:0, a6c260a2-0fcb-4cbe-bb3c-7bbe6bc0f1a0|rpc:10.1.0.34:44223|dataStream:|priority:1, 46dea062-dbed-4f29-9927-38d96de780a1|rpc:10.1.0.34:40963|dataStream:|priority:0], old=null
2022-01-08 01:46:40,780 [pool-656-thread-1] INFO  server.RaftServer$Division (RaftServerImpl.java:setRole(290)) - 81a3d3bc-df93-482d-841e-57d386bb5ebf@group-53A1D7CF6D66: changes role from      null to FOLLOWER at term 0 for startAsFollower
2022-01-08 01:46:40,780 [pool-656-thread-1] INFO  impl.RoleInfo (RoleInfo.java:updateAndGet(130)) - 81a3d3bc-df93-482d-841e-57d386bb5ebf: start 81a3d3bc-df93-482d-841e-57d386bb5ebf@group-53A1D7CF6D66-FollowerState
2022-01-08 01:46:40,780 [Command processor thread] INFO  ratis.XceiverServerRatis (XceiverServerRatis.java:addGroup(768)) - Created group PipelineID=1d1fcdb2-5ca5-44eb-8b21-901439e60dcf
2022-01-08 01:46:40,780 [Command processor thread] INFO  commandhandler.CreatePipelineCommandHandler (CreatePipelineCommandHandler.java:handle(106)) - Created Pipeline RATIS ONE PipelineID=1d1fcdb2-5ca5-44eb-8b21-901439e60dcf.
2022-01-08 01:46:40,781 [Command processor thread] INFO  server.RaftServer (RaftServerProxy.java:addNew(95)) - 81a3d3bc-df93-482d-841e-57d386bb5ebf: addNew group-225DCE1D33EE:[81a3d3bc-df93-482d-841e-57d386bb5ebf|rpc:10.1.0.34:40489|priority:1, a6c260a2-0fcb-4cbe-bb3c-7bbe6bc0f1a0|rpc:10.1.0.34:44223|priority:0, 46dea062-dbed-4f29-9927-38d96de780a1|rpc:10.1.0.34:40963|priority:0] returns group-225DCE1D33EE:java.util.concurrent.CompletableFuture@66288d7d[Not completed]
2022-01-08 01:46:40,796 [pool-656-thread-1] INFO  util.JmxRegister (JmxRegister.java:tryRegister(44)) - Successfully registered JMX Bean with object name Ratis:service=RaftServer,group=group-53A1D7CF6D66,id=81a3d3bc-df93-482d-841e-57d386bb5ebf
2022-01-08 01:46:40,809 [pool-656-thread-1] INFO  server.RaftServer$Division (RaftServerImpl.java:<init>(184)) - 81a3d3bc-df93-482d-841e-57d386bb5ebf: new RaftServerImpl for group-225DCE1D33EE:[81a3d3bc-df93-482d-841e-57d386bb5ebf|rpc:10.1.0.34:40489|priority:1, a6c260a2-0fcb-4cbe-bb3c-7bbe6bc0f1a0|rpc:10.1.0.34:44223|priority:0, 46dea062-dbed-4f29-9927-38d96de780a1|rpc:10.1.0.34:40963|priority:0] with ContainerStateMachine:uninitialized
2022-01-08 01:46:40,810 [pool-656-thread-1] INFO  server.RaftServerConfigKeys (ConfUtils.java:logGet(44)) - raft.server.rpc.timeout.min = 5s (custom)
2022-01-08 01:46:40,810 [pool-656-thread-1] INFO  server.RaftServerConfigKeys (ConfUtils.java:logGet(44)) - raft.server.rpc.timeout.max = 5200ms (custom)
2022-01-08 01:46:40,810 [pool-656-thread-1] INFO  server.RaftServerConfigKeys (ConfUtils.java:logGet(44)) - raft.server.rpc.sleep.time = 25ms (default)
2022-01-08 01:46:40,810 [pool-656-thread-1] INFO  server.RaftServerConfigKeys (ConfUtils.java:logGet(44)) - raft.server.rpc.slowness.timeout = 300000ms (custom)
2022-01-08 01:46:40,810 [pool-656-thread-1] INFO  server.RaftServerConfigKeys (ConfUtils.java:logGet(44)) - raft.server.leaderelection.leader.step-down.wait-time = 10s (default)
2022-01-08 01:46:40,810 [pool-656-thread-1] INFO  server.RaftServerConfigKeys (ConfUtils.java:logGet(44)) - raft.server.sleep.deviation.threshold = 300ms (default)
2022-01-08 01:46:40,810 [pool-656-thread-1] INFO  server.RaftServerConfigKeys (ConfUtils.java:logGet(44)) - raft.server.log.appender.install.snapshot.enabled = false (custom)
2022-01-08 01:46:40,810 [pool-656-thread-1] INFO  server.RaftServer$Division (ServerState.java:<init>(105)) - 81a3d3bc-df93-482d-841e-57d386bb5ebf@group-225DCE1D33EE: ConfigurationManager, init=-1: [81a3d3bc-df93-482d-841e-57d386bb5ebf|rpc:10.1.0.34:40489|priority:1, a6c260a2-0fcb-4cbe-bb3c-7bbe6bc0f1a0|rpc:10.1.0.34:44223|priority:0, 46dea062-dbed-4f29-9927-38d96de780a1|rpc:10.1.0.34:40963|priority:0], old=null, confs=<EMPTY_MAP>
2022-01-08 01:46:40,810 [pool-656-thread-1] INFO  server.RaftServerConfigKeys (ConfUtils.java:logGet(44)) - raft.server.storage.dir = [/home/runner/work/ozone/ozone/hadoop-ozone/integration-test/target/test-dir/MiniOzoneClusterImpl-6a132c25-3902-4d06-b1e4-79a7ed3e0f57/datanode-5/data/ratis] (custom)
2022-01-08 01:46:40,810 [pool-656-thread-1] INFO  server.RaftServerConfigKeys (ConfUtils.java:logGet(44)) - raft.server.log.corruption.policy = EXCEPTION (default)
2022-01-08 01:46:40,810 [pool-656-thread-1] INFO  server.RaftServerConfigKeys (ConfUtils.java:logGet(44)) - raft.server.storage.free-space.min = 0MB (=0) (default)
2022-01-08 01:46:40,810 [pool-656-thread-1] INFO  storage.RaftStorageDirectory (RaftStorageDirectoryImpl.java:analyzeStorage(135)) - The storage directory /home/runner/work/ozone/ozone/hadoop-ozone/integration-test/target/test-dir/MiniOzoneClusterImpl-6a132c25-3902-4d06-b1e4-79a7ed3e0f57/datanode-5/data/ratis/f15b3aaa-cebb-4a2e-9180-225dce1d33ee does not exist. Creating ...
2022-01-08 01:46:40,818 [Command processor thread] INFO  commandhandler.CreatePipelineCommandHandler (CreatePipelineCommandHandler.java:handle(106)) - Created Pipeline RATIS THREE PipelineID=ed7d7f98-d33b-43a4-b8f6-53a1d7cf6d66.
2022-01-08 01:46:40,819 [Command processor thread] INFO  server.RaftServer (RaftServerProxy.java:addNew(95)) - a6c260a2-0fcb-4cbe-bb3c-7bbe6bc0f1a0: addNew group-225DCE1D33EE:[81a3d3bc-df93-482d-841e-57d386bb5ebf|rpc:10.1.0.34:40489|priority:1, a6c260a2-0fcb-4cbe-bb3c-7bbe6bc0f1a0|rpc:10.1.0.34:44223|priority:0, 46dea062-dbed-4f29-9927-38d96de780a1|rpc:10.1.0.34:40963|priority:0] returns group-225DCE1D33EE:java.util.concurrent.CompletableFuture@721d1026[Not completed]
2022-01-08 01:46:40,819 [pool-635-thread-1] INFO  server.RaftServer$Division (RaftServerImpl.java:<init>(184)) - a6c260a2-0fcb-4cbe-bb3c-7bbe6bc0f1a0: new RaftServerImpl for group-225DCE1D33EE:[81a3d3bc-df93-482d-841e-57d386bb5ebf|rpc:10.1.0.34:40489|priority:1, a6c260a2-0fcb-4cbe-bb3c-7bbe6bc0f1a0|rpc:10.1.0.34:44223|priority:0, 46dea062-dbed-4f29-9927-38d96de780a1|rpc:10.1.0.34:40963|priority:0] with ContainerStateMachine:uninitialized
2022-01-08 01:46:40,819 [pool-635-thread-1] INFO  server.RaftServerConfigKeys (ConfUtils.java:logGet(44)) - raft.server.rpc.timeout.min = 5s (custom)
2022-01-08 01:46:40,819 [pool-635-thread-1] INFO  server.RaftServerConfigKeys (ConfUtils.java:logGet(44)) - raft.server.rpc.timeout.max = 5200ms (custom)
2022-01-08 01:46:40,820 [pool-635-thread-1] INFO  server.RaftServerConfigKeys (ConfUtils.java:logGet(44)) - raft.server.rpc.sleep.time = 25ms (default)
2022-01-08 01:46:40,822 [pool-635-thread-1] INFO  server.RaftServerConfigKeys (ConfUtils.java:logGet(44)) - raft.server.rpc.slowness.timeout = 300000ms (custom)
2022-01-08 01:46:40,822 [pool-635-thread-1] INFO  server.RaftServerConfigKeys (ConfUtils.java:logGet(44)) - raft.server.leaderelection.leader.step-down.wait-time = 10s (default)
2022-01-08 01:46:40,822 [pool-635-thread-1] INFO  server.RaftServerConfigKeys (ConfUtils.java:logGet(44)) - raft.server.sleep.deviation.threshold = 300ms (default)
2022-01-08 01:46:40,822 [pool-635-thread-1] INFO  server.RaftServerConfigKeys (ConfUtils.java:logGet(44)) - raft.server.log.appender.install.snapshot.enabled = false (custom)
2022-01-08 01:46:40,823 [pool-635-thread-1] INFO  server.RaftServer$Division (ServerState.java:<init>(105)) - a6c260a2-0fcb-4cbe-bb3c-7bbe6bc0f1a0@group-225DCE1D33EE: ConfigurationManager, init=-1: [81a3d3bc-df93-482d-841e-57d386bb5ebf|rpc:10.1.0.34:40489|priority:1, a6c260a2-0fcb-4cbe-bb3c-7bbe6bc0f1a0|rpc:10.1.0.34:44223|priority:0, 46dea062-dbed-4f29-9927-38d96de780a1|rpc:10.1.0.34:40963|priority:0], old=null, confs=<EMPTY_MAP>
2022-01-08 01:46:40,823 [pool-635-thread-1] INFO  server.RaftServerConfigKeys (ConfUtils.java:logGet(44)) - raft.server.storage.dir = [/home/runner/work/ozone/ozone/hadoop-ozone/integration-test/target/test-dir/MiniOzoneClusterImpl-6a132c25-3902-4d06-b1e4-79a7ed3e0f57/datanode-4/data/ratis] (custom)
2022-01-08 01:46:40,823 [pool-635-thread-1] INFO  server.RaftServerConfigKeys (ConfUtils.java:logGet(44)) - raft.server.log.corruption.policy = EXCEPTION (default)
2022-01-08 01:46:40,823 [pool-635-thread-1] INFO  server.RaftServerConfigKeys (ConfUtils.java:logGet(44)) - raft.server.storage.free-space.min = 0MB (=0) (default)
2022-01-08 01:46:40,823 [pool-635-thread-1] INFO  storage.RaftStorageDirectory (RaftStorageDirectoryImpl.java:analyzeStorage(135)) - The storage directory /home/runner/work/ozone/ozone/hadoop-ozone/integration-test/target/test-dir/MiniOzoneClusterImpl-6a132c25-3902-4d06-b1e4-79a7ed3e0f57/datanode-4/data/ratis/f15b3aaa-cebb-4a2e-9180-225dce1d33ee does not exist. Creating ...
2022-01-08 01:46:40,826 [Command processor thread] INFO  commandhandler.CreatePipelineCommandHandler (CreatePipelineCommandHandler.java:handle(106)) - Created Pipeline RATIS THREE PipelineID=11e6a4f4-e93b-49ef-a845-e4867fac98dd.
2022-01-08 01:46:40,826 [Command processor thread] INFO  server.RaftServer (RaftServerProxy.java:addNew(95)) - 46dea062-dbed-4f29-9927-38d96de780a1: addNew group-225DCE1D33EE:[81a3d3bc-df93-482d-841e-57d386bb5ebf|rpc:10.1.0.34:40489|priority:1, a6c260a2-0fcb-4cbe-bb3c-7bbe6bc0f1a0|rpc:10.1.0.34:44223|priority:0, 46dea062-dbed-4f29-9927-38d96de780a1|rpc:10.1.0.34:40963|priority:0] returns group-225DCE1D33EE:java.util.concurrent.CompletableFuture@236da24a[Not completed]
2022-01-08 01:46:40,826 [pool-656-thread-1] INFO  storage.RaftStorageDirectory (RaftStorageDirectoryImpl.java:tryLock(230)) - Lock on /home/runner/work/ozone/ozone/hadoop-ozone/integration-test/target/test-dir/MiniOzoneClusterImpl-6a132c25-3902-4d06-b1e4-79a7ed3e0f57/datanode-5/data/ratis/f15b3aaa-cebb-4a2e-9180-225dce1d33ee/in_use.lock acquired by nodename 32692@fv-az116-279
2022-01-08 01:46:40,826 [pool-635-thread-1] INFO  storage.RaftStorageDirectory (RaftStorageDirectoryImpl.java:tryLock(230)) - Lock on /home/runner/work/ozone/ozone/hadoop-ozone/integration-test/target/test-dir/MiniOzoneClusterImpl-6a132c25-3902-4d06-b1e4-79a7ed3e0f57/datanode-4/data/ratis/f15b3aaa-cebb-4a2e-9180-225dce1d33ee/in_use.lock acquired by nodename 32692@fv-az116-279
2022-01-08 01:46:40,826 [pool-614-thread-1] INFO  server.RaftServer$Division (RaftServerImpl.java:<init>(184)) - 46dea062-dbed-4f29-9927-38d96de780a1: new RaftServerImpl for group-225DCE1D33EE:[81a3d3bc-df93-482d-841e-57d386bb5ebf|rpc:10.1.0.34:40489|priority:1, a6c260a2-0fcb-4cbe-bb3c-7bbe6bc0f1a0|rpc:10.1.0.34:44223|priority:0, 46dea062-dbed-4f29-9927-38d96de780a1|rpc:10.1.0.34:40963|priority:0] with ContainerStateMachine:uninitialized
2022-01-08 01:46:40,827 [pool-614-thread-1] INFO  server.RaftServerConfigKeys (ConfUtils.java:logGet(44)) - raft.server.rpc.timeout.min = 5s (custom)
2022-01-08 01:46:40,827 [pool-614-thread-1] INFO  server.RaftServerConfigKeys (ConfUtils.java:logGet(44)) - raft.server.rpc.timeout.max = 5200ms (custom)
2022-01-08 01:46:40,827 [pool-614-thread-1] INFO  server.RaftServerConfigKeys (ConfUtils.java:logGet(44)) - raft.server.rpc.sleep.time = 25ms (default)
2022-01-08 01:46:40,827 [pool-614-thread-1] INFO  server.RaftServerConfigKeys (ConfUtils.java:logGet(44)) - raft.server.rpc.slowness.timeout = 300000ms (custom)
2022-01-08 01:46:40,827 [pool-614-thread-1] INFO  server.RaftServerConfigKeys (ConfUtils.java:logGet(44)) - raft.server.leaderelection.leader.step-down.wait-time = 10s (default)
2022-01-08 01:46:40,827 [pool-614-thread-1] INFO  server.RaftServerConfigKeys (ConfUtils.java:logGet(44)) - raft.server.sleep.deviation.threshold = 300ms (default)
2022-01-08 01:46:40,827 [pool-614-thread-1] INFO  server.RaftServerConfigKeys (ConfUtils.java:logGet(44)) - raft.server.log.appender.install.snapshot.enabled = false (custom)
2022-01-08 01:46:40,827 [pool-614-thread-1] INFO  server.RaftServer$Division (ServerState.java:<init>(105)) - 46dea062-dbed-4f29-9927-38d96de780a1@group-225DCE1D33EE: ConfigurationManager, init=-1: [81a3d3bc-df93-482d-841e-57d386bb5ebf|rpc:10.1.0.34:40489|priority:1, a6c260a2-0fcb-4cbe-bb3c-7bbe6bc0f1a0|rpc:10.1.0.34:44223|priority:0, 46dea062-dbed-4f29-9927-38d96de780a1|rpc:10.1.0.34:40963|priority:0], old=null, confs=<EMPTY_MAP>
2022-01-08 01:46:40,827 [pool-614-thread-1] INFO  server.RaftServerConfigKeys (ConfUtils.java:logGet(44)) - raft.server.storage.dir = [/home/runner/work/ozone/ozone/hadoop-ozone/integration-test/target/test-dir/MiniOzoneClusterImpl-6a132c25-3902-4d06-b1e4-79a7ed3e0f57/datanode-3/data/ratis] (custom)
2022-01-08 01:46:40,827 [pool-614-thread-1] INFO  server.RaftServerConfigKeys (ConfUtils.java:logGet(44)) - raft.server.log.corruption.policy = EXCEPTION (default)
2022-01-08 01:46:40,827 [pool-614-thread-1] INFO  server.RaftServerConfigKeys (ConfUtils.java:logGet(44)) - raft.server.storage.free-space.min = 0MB (=0) (default)
2022-01-08 01:46:40,827 [pool-614-thread-1] INFO  storage.RaftStorageDirectory (RaftStorageDirectoryImpl.java:analyzeStorage(135)) - The storage directory /home/runner/work/ozone/ozone/hadoop-ozone/integration-test/target/test-dir/MiniOzoneClusterImpl-6a132c25-3902-4d06-b1e4-79a7ed3e0f57/datanode-3/data/ratis/f15b3aaa-cebb-4a2e-9180-225dce1d33ee does not exist. Creating ...
2022-01-08 01:46:40,835 [pool-614-thread-1] INFO  storage.RaftStorageDirectory (RaftStorageDirectoryImpl.java:tryLock(230)) - Lock on /home/runner/work/ozone/ozone/hadoop-ozone/integration-test/target/test-dir/MiniOzoneClusterImpl-6a132c25-3902-4d06-b1e4-79a7ed3e0f57/datanode-3/data/ratis/f15b3aaa-cebb-4a2e-9180-225dce1d33ee/in_use.lock acquired by nodename 32692@fv-az116-279
2022-01-08 01:46:40,835 [pool-635-thread-1] INFO  storage.RaftStorage (RaftStorageImpl.java:format(89)) - Storage directory /home/runner/work/ozone/ozone/hadoop-ozone/integration-test/target/test-dir/MiniOzoneClusterImpl-6a132c25-3902-4d06-b1e4-79a7ed3e0f57/datanode-4/data/ratis/f15b3aaa-cebb-4a2e-9180-225dce1d33ee has been successfully formatted.
2022-01-08 01:46:40,835 [pool-635-thread-1] INFO  ratis.ContainerStateMachine (ContainerStateMachine.java:loadSnapshot(231)) - group-225DCE1D33EE: The snapshot info is null. Setting the last applied indexto:(t:0, i:~)
2022-01-08 01:46:40,836 [pool-656-thread-1] INFO  storage.RaftStorage (RaftStorageImpl.java:format(89)) - Storage directory /home/runner/work/ozone/ozone/hadoop-ozone/integration-test/target/test-dir/MiniOzoneClusterImpl-6a132c25-3902-4d06-b1e4-79a7ed3e0f57/datanode-5/data/ratis/f15b3aaa-cebb-4a2e-9180-225dce1d33ee has been successfully formatted.
2022-01-08 01:46:40,837 [pool-656-thread-1] INFO  ratis.ContainerStateMachine (ContainerStateMachine.java:loadSnapshot(231)) - group-225DCE1D33EE: The snapshot info is null. Setting the last applied indexto:(t:0, i:~)
2022-01-08 01:46:40,837 [EventQueue-OpenPipelineForHealthyPipelineSafeModeRule] INFO  safemode.SCMSafeModeManager (HealthyPipelineSafeModeRule.java:process(124)) - SCM in safe mode. Healthy pipelines reported count is 0, required healthy pipeline reported count is 1
2022-01-08 01:46:40,837 [pool-635-thread-1] INFO  server.RaftServerConfigKeys (ConfUtils.java:logGet(44)) - raft.server.notification.no-leader.timeout = 300000ms (custom)
2022-01-08 01:46:40,837 [pool-635-thread-1] INFO  server.RaftServerConfigKeys (ConfUtils.java:logGet(44)) - raft.server.log.use.memory = false (default)
2022-01-08 01:46:40,837 [pool-635-thread-1] INFO  server.RaftServerConfigKeys (ConfUtils.java:logGet(44)) - raft.server.log.purge.gap = 1000000 (custom)
2022-01-08 01:46:40,837 [pool-635-thread-1] INFO  server.RaftServerConfigKeys (ConfUtils.java:logGet(44)) - raft.server.log.appender.buffer.byte-limit = 33554432 (custom)
2022-01-08 01:46:40,837 [pool-635-thread-1] INFO  server.RaftServerConfigKeys (ConfUtils.java:logGet(44)) - raft.server.log.segment.size.max = 1048576 (custom)
2022-01-08 01:46:40,837 [EventQueue-OpenPipelineForHealthyPipelineSafeModeRule] INFO  safemode.SCMSafeModeManager (HealthyPipelineSafeModeRule.java:process(124)) - SCM in safe mode. Healthy pipelines reported count is 0, required healthy pipeline reported count is 1
2022-01-08 01:46:40,838 [pool-635-thread-1] INFO  server.RaftServerConfigKeys (ConfUtils.java:logGet(44)) - raft.server.log.segment.cache.num.max = 2 (custom)
2022-01-08 01:46:40,838 [pool-635-thread-1] INFO  server.RaftServerConfigKeys (ConfUtils.java:logGet(44)) - raft.server.log.segment.cache.size.max = 200MB (=209715200) (default)
2022-01-08 01:46:40,838 [pool-635-thread-1] INFO  segmented.SegmentedRaftLogWorker (SegmentedRaftLogWorker.java:<init>(182)) - new a6c260a2-0fcb-4cbe-bb3c-7bbe6bc0f1a0@group-225DCE1D33EE-SegmentedRaftLogWorker for RaftStorageImpl:Storage Directory /home/runner/work/ozone/ozone/hadoop-ozone/integration-test/target/test-dir/MiniOzoneClusterImpl-6a132c25-3902-4d06-b1e4-79a7ed3e0f57/datanode-4/data/ratis/f15b3aaa-cebb-4a2e-9180-225dce1d33ee
2022-01-08 01:46:40,838 [pool-635-thread-1] INFO  server.RaftServerConfigKeys (ConfUtils.java:logGet(44)) - raft.server.log.queue.byte-limit = 2147483647 (custom)
2022-01-08 01:46:40,838 [pool-635-thread-1] INFO  server.RaftServerConfigKeys (ConfUtils.java:logGet(44)) - raft.server.log.queue.element-limit = 1024 (custom)
2022-01-08 01:46:40,838 [pool-635-thread-1] INFO  server.RaftServerConfigKeys (ConfUtils.java:logGet(44)) - raft.server.log.segment.size.max = 1048576 (custom)
2022-01-08 01:46:40,838 [pool-635-thread-1] INFO  server.RaftServerConfigKeys (ConfUtils.java:logGet(44)) - raft.server.log.preallocated.size = 16384 (custom)
2022-01-08 01:46:40,838 [pool-635-thread-1] INFO  server.RaftServerConfigKeys (ConfUtils.java:logGet(44)) - raft.server.log.force.sync.num = 128 (default)
2022-01-08 01:46:40,838 [pool-635-thread-1] INFO  server.RaftServerConfigKeys (ConfUtils.java:logGet(44)) - raft.server.log.statemachine.data.sync = true (default)
2022-01-08 01:46:40,838 [pool-635-thread-1] INFO  server.RaftServerConfigKeys (ConfUtils.java:logGet(44)) - raft.server.log.statemachine.data.sync.timeout = 10s (default)
2022-01-08 01:46:40,838 [pool-635-thread-1] INFO  server.RaftServerConfigKeys (ConfUtils.java:logGet(44)) - raft.server.log.statemachine.data.sync.timeout.retry = -1 (default)
2022-01-08 01:46:40,839 [pool-614-thread-1] INFO  storage.RaftStorage (RaftStorageImpl.java:format(89)) - Storage directory /home/runner/work/ozone/ozone/hadoop-ozone/integration-test/target/test-dir/MiniOzoneClusterImpl-6a132c25-3902-4d06-b1e4-79a7ed3e0f57/datanode-3/data/ratis/f15b3aaa-cebb-4a2e-9180-225dce1d33ee has been successfully formatted.
2022-01-08 01:46:40,839 [pool-614-thread-1] INFO  ratis.ContainerStateMachine (ContainerStateMachine.java:loadSnapshot(231)) - group-225DCE1D33EE: The snapshot info is null. Setting the last applied indexto:(t:0, i:~)
2022-01-08 01:46:40,839 [pool-614-thread-1] INFO  server.RaftServerConfigKeys (ConfUtils.java:logGet(44)) - raft.server.notification.no-leader.timeout = 300000ms (custom)
2022-01-08 01:46:40,839 [pool-614-thread-1] INFO  server.RaftServerConfigKeys (ConfUtils.java:logGet(44)) - raft.server.log.use.memory = false (default)
2022-01-08 01:46:40,839 [pool-614-thread-1] INFO  server.RaftServerConfigKeys (ConfUtils.java:logGet(44)) - raft.server.log.purge.gap = 1000000 (custom)
2022-01-08 01:46:40,839 [pool-614-thread-1] INFO  server.RaftServerConfigKeys (ConfUtils.java:logGet(44)) - raft.server.log.appender.buffer.byte-limit = 33554432 (custom)
2022-01-08 01:46:40,839 [pool-614-thread-1] INFO  server.RaftServerConfigKeys (ConfUtils.java:logGet(44)) - raft.server.log.segment.size.max = 1048576 (custom)
2022-01-08 01:46:40,840 [EventQueue-OpenPipelineForHealthyPipelineSafeModeRule] INFO  safemode.SCMSafeModeManager (HealthyPipelineSafeModeRule.java:process(124)) - SCM in safe mode. Healthy pipelines reported count is 0, required healthy pipeline reported count is 1
2022-01-08 01:46:40,840 [pool-614-thread-1] INFO  server.RaftServerConfigKeys (ConfUtils.java:logGet(44)) - raft.server.log.segment.cache.num.max = 2 (custom)
2022-01-08 01:46:40,840 [pool-614-thread-1] INFO  server.RaftServerConfigKeys (ConfUtils.java:logGet(44)) - raft.server.log.segment.cache.size.max = 200MB (=209715200) (default)
2022-01-08 01:46:40,840 [pool-614-thread-1] INFO  segmented.SegmentedRaftLogWorker (SegmentedRaftLogWorker.java:<init>(182)) - new 46dea062-dbed-4f29-9927-38d96de780a1@group-225DCE1D33EE-SegmentedRaftLogWorker for RaftStorageImpl:Storage Directory /home/runner/work/ozone/ozone/hadoop-ozone/integration-test/target/test-dir/MiniOzoneClusterImpl-6a132c25-3902-4d06-b1e4-79a7ed3e0f57/datanode-3/data/ratis/f15b3aaa-cebb-4a2e-9180-225dce1d33ee
2022-01-08 01:46:40,840 [pool-614-thread-1] INFO  server.RaftServerConfigKeys (ConfUtils.java:logGet(44)) - raft.server.log.queue.byte-limit = 2147483647 (custom)
2022-01-08 01:46:40,840 [pool-614-thread-1] INFO  server.RaftServerConfigKeys (ConfUtils.java:logGet(44)) - raft.server.log.queue.element-limit = 1024 (custom)
2022-01-08 01:46:40,840 [pool-614-thread-1] INFO  server.RaftServerConfigKeys (ConfUtils.java:logGet(44)) - raft.server.log.segment.size.max = 1048576 (custom)
2022-01-08 01:46:40,840 [pool-614-thread-1] INFO  server.RaftServerConfigKeys (ConfUtils.java:logGet(44)) - raft.server.log.preallocated.size = 16384 (custom)
2022-01-08 01:46:40,840 [pool-614-thread-1] INFO  server.RaftServerConfigKeys (ConfUtils.java:logGet(44)) - raft.server.log.force.sync.num = 128 (default)
2022-01-08 01:46:40,840 [pool-614-thread-1] INFO  server.RaftServerConfigKeys (ConfUtils.java:logGet(44)) - raft.server.log.statemachine.data.sync = true (default)
2022-01-08 01:46:40,840 [pool-614-thread-1] INFO  server.RaftServerConfigKeys (ConfUtils.java:logGet(44)) - raft.server.log.statemachine.data.sync.timeout = 10s (default)
2022-01-08 01:46:40,840 [pool-614-thread-1] INFO  server.RaftServerConfigKeys (ConfUtils.java:logGet(44)) - raft.server.log.statemachine.data.sync.timeout.retry = -1 (default)
2022-01-08 01:46:40,841 [pool-614-thread-1] INFO  server.RaftServerConfigKeys (ConfUtils.java:logGet(44)) - raft.server.log.write.buffer.size = 1048576 (custom)
2022-01-08 01:46:40,842 [pool-614-thread-1] INFO  server.RaftServerConfigKeys (ConfUtils.java:logGet(44)) - raft.server.log.statemachine.data.caching.enabled = true (custom)
2022-01-08 01:46:40,842 [pool-614-thread-1] INFO  segmented.SegmentedRaftLogWorker (SegmentedRaftLogWorker.java:lambda$new$0(133)) - 46dea062-dbed-4f29-9927-38d96de780a1@group-225DCE1D33EE-SegmentedRaftLogWorker: flushIndex: setUnconditionally 0 -> -1
2022-01-08 01:46:40,842 [pool-614-thread-1] INFO  segmented.SegmentedRaftLogWorker (SegmentedRaftLogWorker.java:lambda$new$0(133)) - 46dea062-dbed-4f29-9927-38d96de780a1@group-225DCE1D33EE-SegmentedRaftLogWorker: safeCacheEvictIndex: setUnconditionally 0 -> -1
2022-01-08 01:46:40,837 [pool-656-thread-1] INFO  server.RaftServerConfigKeys (ConfUtils.java:logGet(44)) - raft.server.notification.no-leader.timeout = 300000ms (custom)
2022-01-08 01:46:40,842 [pool-656-thread-1] INFO  server.RaftServerConfigKeys (ConfUtils.java:logGet(44)) - raft.server.log.use.memory = false (default)
2022-01-08 01:46:40,843 [pool-656-thread-1] INFO  server.RaftServerConfigKeys (ConfUtils.java:logGet(44)) - raft.server.log.purge.gap = 1000000 (custom)
2022-01-08 01:46:40,843 [pool-656-thread-1] INFO  server.RaftServerConfigKeys (ConfUtils.java:logGet(44)) - raft.server.log.appender.buffer.byte-limit = 33554432 (custom)
2022-01-08 01:46:40,843 [pool-656-thread-1] INFO  server.RaftServerConfigKeys (ConfUtils.java:logGet(44)) - raft.server.log.segment.size.max = 1048576 (custom)
2022-01-08 01:46:40,843 [pool-656-thread-1] INFO  server.RaftServerConfigKeys (ConfUtils.java:logGet(44)) - raft.server.log.segment.cache.num.max = 2 (custom)
2022-01-08 01:46:40,843 [pool-656-thread-1] INFO  server.RaftServerConfigKeys (ConfUtils.java:logGet(44)) - raft.server.log.segment.cache.size.max = 200MB (=209715200) (default)
2022-01-08 01:46:40,843 [pool-656-thread-1] INFO  segmented.SegmentedRaftLogWorker (SegmentedRaftLogWorker.java:<init>(182)) - new 81a3d3bc-df93-482d-841e-57d386bb5ebf@group-225DCE1D33EE-SegmentedRaftLogWorker for RaftStorageImpl:Storage Directory /home/runner/work/ozone/ozone/hadoop-ozone/integration-test/target/test-dir/MiniOzoneClusterImpl-6a132c25-3902-4d06-b1e4-79a7ed3e0f57/datanode-5/data/ratis/f15b3aaa-cebb-4a2e-9180-225dce1d33ee
2022-01-08 01:46:40,843 [pool-656-thread-1] INFO  server.RaftServerConfigKeys (ConfUtils.java:logGet(44)) - raft.server.log.queue.byte-limit = 2147483647 (custom)
2022-01-08 01:46:40,843 [pool-656-thread-1] INFO  server.RaftServerConfigKeys (ConfUtils.java:logGet(44)) - raft.server.log.queue.element-limit = 1024 (custom)
2022-01-08 01:46:40,843 [pool-656-thread-1] INFO  server.RaftServerConfigKeys (ConfUtils.java:logGet(44)) - raft.server.log.segment.size.max = 1048576 (custom)
2022-01-08 01:46:40,844 [pool-656-thread-1] INFO  server.RaftServerConfigKeys (ConfUtils.java:logGet(44)) - raft.server.log.preallocated.size = 16384 (custom)
2022-01-08 01:46:40,844 [pool-656-thread-1] INFO  server.RaftServerConfigKeys (ConfUtils.java:logGet(44)) - raft.server.log.force.sync.num = 128 (default)
2022-01-08 01:46:40,844 [pool-656-thread-1] INFO  server.RaftServerConfigKeys (ConfUtils.java:logGet(44)) - raft.server.log.statemachine.data.sync = true (default)
2022-01-08 01:46:40,844 [pool-656-thread-1] INFO  server.RaftServerConfigKeys (ConfUtils.java:logGet(44)) - raft.server.log.statemachine.data.sync.timeout = 10s (default)
2022-01-08 01:46:40,844 [pool-656-thread-1] INFO  server.RaftServerConfigKeys (ConfUtils.java:logGet(44)) - raft.server.log.statemachine.data.sync.timeout.retry = -1 (default)
2022-01-08 01:46:40,844 [pool-635-thread-1] INFO  server.RaftServerConfigKeys (ConfUtils.java:logGet(44)) - raft.server.log.write.buffer.size = 1048576 (custom)
2022-01-08 01:46:40,845 [pool-635-thread-1] INFO  server.RaftServerConfigKeys (ConfUtils.java:logGet(44)) - raft.server.log.statemachine.data.caching.enabled = true (custom)
2022-01-08 01:46:40,845 [pool-635-thread-1] INFO  segmented.SegmentedRaftLogWorker (SegmentedRaftLogWorker.java:lambda$new$0(133)) - a6c260a2-0fcb-4cbe-bb3c-7bbe6bc0f1a0@group-225DCE1D33EE-SegmentedRaftLogWorker: flushIndex: setUnconditionally 0 -> -1
2022-01-08 01:46:40,845 [pool-635-thread-1] INFO  segmented.SegmentedRaftLogWorker (SegmentedRaftLogWorker.java:lambda$new$0(133)) - a6c260a2-0fcb-4cbe-bb3c-7bbe6bc0f1a0@group-225DCE1D33EE-SegmentedRaftLogWorker: safeCacheEvictIndex: setUnconditionally 0 -> -1
2022-01-08 01:46:40,845 [pool-614-thread-1] INFO  server.RaftServerConfigKeys (ConfUtils.java:logGet(44)) - raft.server.snapshot.auto.trigger.enabled = true (custom)
2022-01-08 01:46:40,846 [pool-614-thread-1] INFO  server.RaftServerConfigKeys (ConfUtils.java:logGet(44)) - raft.server.snapshot.auto.trigger.threshold = 10000 (custom)
2022-01-08 01:46:40,846 [pool-614-thread-1] INFO  server.RaftServerConfigKeys (ConfUtils.java:logGet(44)) - raft.server.snapshot.retention.file.num = 5 (custom)
2022-01-08 01:46:40,846 [pool-614-thread-1] INFO  server.RaftServerConfigKeys (ConfUtils.java:logGet(44)) - raft.server.log.purge.upto.snapshot.index = false (default)
2022-01-08 01:46:40,846 [pool-614-thread-1] INFO  server.RaftServerConfigKeys (ConfUtils.java:logGet(44)) - raft.server.retrycache.expirytime = 600000ms (custom)
2022-01-08 01:46:40,846 [pool-614-thread-1] INFO  server.RaftServerConfigKeys (ConfUtils.java:logGet(44)) - raft.server.retrycache.statistics.expirytime = 100μs (default)
2022-01-08 01:46:40,847 [pool-614-thread-1] INFO  server.RaftServer$Division (RaftServerImpl.java:start(301)) - 46dea062-dbed-4f29-9927-38d96de780a1@group-225DCE1D33EE: start as a follower, conf=-1: [81a3d3bc-df93-482d-841e-57d386bb5ebf|rpc:10.1.0.34:40489|priority:1, a6c260a2-0fcb-4cbe-bb3c-7bbe6bc0f1a0|rpc:10.1.0.34:44223|priority:0, 46dea062-dbed-4f29-9927-38d96de780a1|rpc:10.1.0.34:40963|priority:0], old=null
2022-01-08 01:46:40,847 [pool-614-thread-1] INFO  server.RaftServer$Division (RaftServerImpl.java:setRole(290)) - 46dea062-dbed-4f29-9927-38d96de780a1@group-225DCE1D33EE: changes role from      null to FOLLOWER at term 0 for startAsFollower
2022-01-08 01:46:40,847 [pool-614-thread-1] INFO  impl.RoleInfo (RoleInfo.java:updateAndGet(130)) - 46dea062-dbed-4f29-9927-38d96de780a1: start 46dea062-dbed-4f29-9927-38d96de780a1@group-225DCE1D33EE-FollowerState
2022-01-08 01:46:40,848 [pool-614-thread-1] INFO  util.JmxRegister (JmxRegister.java:tryRegister(44)) - Successfully registered JMX Bean with object name Ratis:service=RaftServer,group=group-225DCE1D33EE,id=46dea062-dbed-4f29-9927-38d96de780a1
2022-01-08 01:46:40,849 [pool-635-thread-1] INFO  server.RaftServerConfigKeys (ConfUtils.java:logGet(44)) - raft.server.snapshot.auto.trigger.enabled = true (custom)
2022-01-08 01:46:40,849 [pool-635-thread-1] INFO  server.RaftServerConfigKeys (ConfUtils.java:logGet(44)) - raft.server.snapshot.auto.trigger.threshold = 10000 (custom)
2022-01-08 01:46:40,849 [pool-635-thread-1] INFO  server.RaftServerConfigKeys (ConfUtils.java:logGet(44)) - raft.server.snapshot.retention.file.num = 5 (custom)
2022-01-08 01:46:40,849 [pool-635-thread-1] INFO  server.RaftServerConfigKeys (ConfUtils.java:logGet(44)) - raft.server.log.purge.upto.snapshot.index = false (default)
2022-01-08 01:46:40,849 [pool-635-thread-1] INFO  server.RaftServerConfigKeys (ConfUtils.java:logGet(44)) - raft.server.retrycache.expirytime = 600000ms (custom)
2022-01-08 01:46:40,849 [pool-635-thread-1] INFO  server.RaftServerConfigKeys (ConfUtils.java:logGet(44)) - raft.server.retrycache.statistics.expirytime = 100μs (default)
2022-01-08 01:46:40,850 [pool-635-thread-1] INFO  server.RaftServer$Division (RaftServerImpl.java:start(301)) - a6c260a2-0fcb-4cbe-bb3c-7bbe6bc0f1a0@group-225DCE1D33EE: start as a follower, conf=-1: [81a3d3bc-df93-482d-841e-57d386bb5ebf|rpc:10.1.0.34:40489|priority:1, a6c260a2-0fcb-4cbe-bb3c-7bbe6bc0f1a0|rpc:10.1.0.34:44223|priority:0, 46dea062-dbed-4f29-9927-38d96de780a1|rpc:10.1.0.34:40963|priority:0], old=null
2022-01-08 01:46:40,850 [pool-635-thread-1] INFO  server.RaftServer$Division (RaftServerImpl.java:setRole(290)) - a6c260a2-0fcb-4cbe-bb3c-7bbe6bc0f1a0@group-225DCE1D33EE: changes role from      null to FOLLOWER at term 0 for startAsFollower
2022-01-08 01:46:40,850 [pool-635-thread-1] INFO  impl.RoleInfo (RoleInfo.java:updateAndGet(130)) - a6c260a2-0fcb-4cbe-bb3c-7bbe6bc0f1a0: start a6c260a2-0fcb-4cbe-bb3c-7bbe6bc0f1a0@group-225DCE1D33EE-FollowerState
2022-01-08 01:46:40,853 [pool-635-thread-1] INFO  util.JmxRegister (JmxRegister.java:tryRegister(44)) - Successfully registered JMX Bean with object name Ratis:service=RaftServer,group=group-225DCE1D33EE,id=a6c260a2-0fcb-4cbe-bb3c-7bbe6bc0f1a0
2022-01-08 01:46:40,854 [Command processor thread] INFO  ratis.XceiverServerRatis (XceiverServerRatis.java:addGroup(768)) - Created group PipelineID=f15b3aaa-cebb-4a2e-9180-225dce1d33ee
2022-01-08 01:46:40,856 [Listener at 127.0.0.1/40645] INFO  ozone.MiniOzoneClusterImpl (MiniOzoneClusterImpl.java:lambda$waitForClusterToBeReady$0(235)) - Nodes are ready. Got 7 of 7 DN Heartbeats.
2022-01-08 01:46:40,857 [Listener at 127.0.0.1/40645] INFO  ozone.MiniOzoneClusterImpl (MiniOzoneClusterImpl.java:lambda$waitForClusterToBeReady$0(238)) - Waiting for cluster to exit safe mode
2022-01-08 01:46:40,857 [Listener at 127.0.0.1/40645] INFO  ozone.MiniOzoneClusterImpl (MiniOzoneClusterImpl.java:lambda$waitForClusterToBeReady$0(240)) - SCM became leader
2022-01-08 01:46:40,858 [pool-656-thread-1] INFO  server.RaftServerConfigKeys (ConfUtils.java:logGet(44)) - raft.server.log.write.buffer.size = 1048576 (custom)
2022-01-08 01:46:40,858 [pool-656-thread-1] INFO  server.RaftServerConfigKeys (ConfUtils.java:logGet(44)) - raft.server.log.statemachine.data.caching.enabled = true (custom)
2022-01-08 01:46:40,858 [pool-656-thread-1] INFO  segmented.SegmentedRaftLogWorker (SegmentedRaftLogWorker.java:lambda$new$0(133)) - 81a3d3bc-df93-482d-841e-57d386bb5ebf@group-225DCE1D33EE-SegmentedRaftLogWorker: flushIndex: setUnconditionally 0 -> -1
2022-01-08 01:46:40,858 [pool-656-thread-1] INFO  segmented.SegmentedRaftLogWorker (SegmentedRaftLogWorker.java:lambda$new$0(133)) - 81a3d3bc-df93-482d-841e-57d386bb5ebf@group-225DCE1D33EE-SegmentedRaftLogWorker: safeCacheEvictIndex: setUnconditionally 0 -> -1
2022-01-08 01:46:40,859 [pool-656-thread-1] INFO  server.RaftServerConfigKeys (ConfUtils.java:logGet(44)) - raft.server.snapshot.auto.trigger.enabled = true (custom)
2022-01-08 01:46:40,859 [pool-656-thread-1] INFO  server.RaftServerConfigKeys (ConfUtils.java:logGet(44)) - raft.server.snapshot.auto.trigger.threshold = 10000 (custom)
2022-01-08 01:46:40,859 [pool-656-thread-1] INFO  server.RaftServerConfigKeys (ConfUtils.java:logGet(44)) - raft.server.snapshot.retention.file.num = 5 (custom)
2022-01-08 01:46:40,859 [pool-656-thread-1] INFO  server.RaftServerConfigKeys (ConfUtils.java:logGet(44)) - raft.server.log.purge.upto.snapshot.index = false (default)
2022-01-08 01:46:40,859 [pool-656-thread-1] INFO  server.RaftServerConfigKeys (ConfUtils.java:logGet(44)) - raft.server.retrycache.expirytime = 600000ms (custom)
2022-01-08 01:46:40,859 [pool-656-thread-1] INFO  server.RaftServerConfigKeys (ConfUtils.java:logGet(44)) - raft.server.retrycache.statistics.expirytime = 100μs (default)
2022-01-08 01:46:40,860 [pool-656-thread-1] INFO  server.RaftServer$Division (RaftServerImpl.java:start(301)) - 81a3d3bc-df93-482d-841e-57d386bb5ebf@group-225DCE1D33EE: start as a follower, conf=-1: [81a3d3bc-df93-482d-841e-57d386bb5ebf|rpc:10.1.0.34:40489|priority:1, a6c260a2-0fcb-4cbe-bb3c-7bbe6bc0f1a0|rpc:10.1.0.34:44223|priority:0, 46dea062-dbed-4f29-9927-38d96de780a1|rpc:10.1.0.34:40963|priority:0], old=null
2022-01-08 01:46:40,860 [pool-656-thread-1] INFO  server.RaftServer$Division (RaftServerImpl.java:setRole(290)) - 81a3d3bc-df93-482d-841e-57d386bb5ebf@group-225DCE1D33EE: changes role from      null to FOLLOWER at term 0 for startAsFollower
2022-01-08 01:46:40,860 [pool-656-thread-1] INFO  impl.RoleInfo (RoleInfo.java:updateAndGet(130)) - 81a3d3bc-df93-482d-841e-57d386bb5ebf: start 81a3d3bc-df93-482d-841e-57d386bb5ebf@group-225DCE1D33EE-FollowerState
2022-01-08 01:46:40,861 [pool-656-thread-1] INFO  util.JmxRegister (JmxRegister.java:tryRegister(44)) - Successfully registered JMX Bean with object name Ratis:service=RaftServer,group=group-225DCE1D33EE,id=81a3d3bc-df93-482d-841e-57d386bb5ebf
2022-01-08 01:46:40,863 [Command processor thread] INFO  ratis.XceiverServerRatis (XceiverServerRatis.java:addGroup(768)) - Created group PipelineID=f15b3aaa-cebb-4a2e-9180-225dce1d33ee
2022-01-08 01:46:40,888 [Command processor thread] INFO  server.RaftServer (RaftServerProxy.java:addNew(95)) - a0cd68b1-75b0-4717-86f8-69ceed32178b: addNew group-2547DCD1978D:[a0cd68b1-75b0-4717-86f8-69ceed32178b|rpc:10.1.0.34:43001|priority:1] returns group-2547DCD1978D:java.util.concurrent.CompletableFuture@1fa3f3b[Not completed]
2022-01-08 01:46:40,889 [Command processor thread] INFO  ratis.XceiverServerRatis (XceiverServerRatis.java:addGroup(768)) - Created group PipelineID=f15b3aaa-cebb-4a2e-9180-225dce1d33ee
2022-01-08 01:46:40,906 [pool-677-thread-1] INFO  server.RaftServer$Division (RaftServerImpl.java:<init>(184)) - a0cd68b1-75b0-4717-86f8-69ceed32178b: new RaftServerImpl for group-2547DCD1978D:[a0cd68b1-75b0-4717-86f8-69ceed32178b|rpc:10.1.0.34:43001|priority:1] with ContainerStateMachine:uninitialized
2022-01-08 01:46:40,907 [pool-677-thread-1] INFO  server.RaftServerConfigKeys (ConfUtils.java:logGet(44)) - raft.server.rpc.timeout.min = 5s (custom)
2022-01-08 01:46:40,908 [pool-677-thread-1] INFO  server.RaftServerConfigKeys (ConfUtils.java:logGet(44)) - raft.server.rpc.timeout.max = 5200ms (custom)
2022-01-08 01:46:40,908 [pool-677-thread-1] INFO  server.RaftServerConfigKeys (ConfUtils.java:logGet(44)) - raft.server.rpc.sleep.time = 25ms (default)
2022-01-08 01:46:40,908 [pool-677-thread-1] INFO  server.RaftServerConfigKeys (ConfUtils.java:logGet(44)) - raft.server.rpc.slowness.timeout = 300000ms (custom)
2022-01-08 01:46:40,908 [pool-677-thread-1] INFO  server.RaftServerConfigKeys (ConfUtils.java:logGet(44)) - raft.server.leaderelection.leader.step-down.wait-time = 10s (default)
2022-01-08 01:46:40,908 [pool-677-thread-1] INFO  server.RaftServerConfigKeys (ConfUtils.java:logGet(44)) - raft.server.sleep.deviation.threshold = 300ms (default)
2022-01-08 01:46:40,908 [pool-677-thread-1] INFO  server.RaftServerConfigKeys (ConfUtils.java:logGet(44)) - raft.server.log.appender.install.snapshot.enabled = false (custom)
2022-01-08 01:46:40,908 [pool-677-thread-1] INFO  server.RaftServer$Division (ServerState.java:<init>(105)) - a0cd68b1-75b0-4717-86f8-69ceed32178b@group-2547DCD1978D: ConfigurationManager, init=-1: [a0cd68b1-75b0-4717-86f8-69ceed32178b|rpc:10.1.0.34:43001|priority:1], old=null, confs=<EMPTY_MAP>
2022-01-08 01:46:40,909 [pool-677-thread-1] INFO  server.RaftServerConfigKeys (ConfUtils.java:logGet(44)) - raft.server.storage.dir = [/home/runner/work/ozone/ozone/hadoop-ozone/integration-test/target/test-dir/MiniOzoneClusterImpl-6a132c25-3902-4d06-b1e4-79a7ed3e0f57/datanode-6/data/ratis] (custom)
2022-01-08 01:46:40,909 [pool-677-thread-1] INFO  server.RaftServerConfigKeys (ConfUtils.java:logGet(44)) - raft.server.log.corruption.policy = EXCEPTION (default)
2022-01-08 01:46:40,909 [pool-677-thread-1] INFO  server.RaftServerConfigKeys (ConfUtils.java:logGet(44)) - raft.server.storage.free-space.min = 0MB (=0) (default)
2022-01-08 01:46:40,909 [pool-677-thread-1] INFO  storage.RaftStorageDirectory (RaftStorageDirectoryImpl.java:analyzeStorage(135)) - The storage directory /home/runner/work/ozone/ozone/hadoop-ozone/integration-test/target/test-dir/MiniOzoneClusterImpl-6a132c25-3902-4d06-b1e4-79a7ed3e0f57/datanode-6/data/ratis/5bf4701b-80ba-4d85-8f7b-2547dcd1978d does not exist. Creating ...
2022-01-08 01:46:40,919 [pool-677-thread-1] INFO  storage.RaftStorageDirectory (RaftStorageDirectoryImpl.java:tryLock(230)) - Lock on /home/runner/work/ozone/ozone/hadoop-ozone/integration-test/target/test-dir/MiniOzoneClusterImpl-6a132c25-3902-4d06-b1e4-79a7ed3e0f57/datanode-6/data/ratis/5bf4701b-80ba-4d85-8f7b-2547dcd1978d/in_use.lock acquired by nodename 32692@fv-az116-279
2022-01-08 01:46:40,943 [pool-677-thread-1] INFO  storage.RaftStorage (RaftStorageImpl.java:format(89)) - Storage directory /home/runner/work/ozone/ozone/hadoop-ozone/integration-test/target/test-dir/MiniOzoneClusterImpl-6a132c25-3902-4d06-b1e4-79a7ed3e0f57/datanode-6/data/ratis/5bf4701b-80ba-4d85-8f7b-2547dcd1978d has been successfully formatted.
2022-01-08 01:46:40,973 [pool-677-thread-1] INFO  ratis.ContainerStateMachine (ContainerStateMachine.java:loadSnapshot(231)) - group-2547DCD1978D: The snapshot info is null. Setting the last applied indexto:(t:0, i:~)
2022-01-08 01:46:40,974 [pool-677-thread-1] INFO  server.RaftServerConfigKeys (ConfUtils.java:logGet(44)) - raft.server.notification.no-leader.timeout = 300000ms (custom)
2022-01-08 01:46:40,974 [pool-677-thread-1] INFO  server.RaftServerConfigKeys (ConfUtils.java:logGet(44)) - raft.server.log.use.memory = false (default)
2022-01-08 01:46:40,974 [pool-677-thread-1] INFO  server.RaftServerConfigKeys (ConfUtils.java:logGet(44)) - raft.server.log.purge.gap = 1000000 (custom)
2022-01-08 01:46:40,974 [pool-677-thread-1] INFO  server.RaftServerConfigKeys (ConfUtils.java:logGet(44)) - raft.server.log.appender.buffer.byte-limit = 33554432 (custom)
2022-01-08 01:46:40,974 [pool-677-thread-1] INFO  server.RaftServerConfigKeys (ConfUtils.java:logGet(44)) - raft.server.log.segment.size.max = 1048576 (custom)
2022-01-08 01:46:40,975 [pool-677-thread-1] INFO  server.RaftServerConfigKeys (ConfUtils.java:logGet(44)) - raft.server.log.segment.cache.num.max = 2 (custom)
2022-01-08 01:46:40,975 [pool-677-thread-1] INFO  server.RaftServerConfigKeys (ConfUtils.java:logGet(44)) - raft.server.log.segment.cache.size.max = 200MB (=209715200) (default)
2022-01-08 01:46:40,975 [pool-677-thread-1] INFO  segmented.SegmentedRaftLogWorker (SegmentedRaftLogWorker.java:<init>(182)) - new a0cd68b1-75b0-4717-86f8-69ceed32178b@group-2547DCD1978D-SegmentedRaftLogWorker for RaftStorageImpl:Storage Directory /home/runner/work/ozone/ozone/hadoop-ozone/integration-test/target/test-dir/MiniOzoneClusterImpl-6a132c25-3902-4d06-b1e4-79a7ed3e0f57/datanode-6/data/ratis/5bf4701b-80ba-4d85-8f7b-2547dcd1978d
2022-01-08 01:46:40,975 [pool-677-thread-1] INFO  server.RaftServerConfigKeys (ConfUtils.java:logGet(44)) - raft.server.log.queue.byte-limit = 2147483647 (custom)
2022-01-08 01:46:40,975 [pool-677-thread-1] INFO  server.RaftServerConfigKeys (ConfUtils.java:logGet(44)) - raft.server.log.queue.element-limit = 1024 (custom)
2022-01-08 01:46:40,975 [pool-677-thread-1] INFO  server.RaftServerConfigKeys (ConfUtils.java:logGet(44)) - raft.server.log.segment.size.max = 1048576 (custom)
2022-01-08 01:46:40,975 [pool-677-thread-1] INFO  server.RaftServerConfigKeys (ConfUtils.java:logGet(44)) - raft.server.log.preallocated.size = 16384 (custom)
2022-01-08 01:46:40,975 [pool-677-thread-1] INFO  server.RaftServerConfigKeys (ConfUtils.java:logGet(44)) - raft.server.log.force.sync.num = 128 (default)
2022-01-08 01:46:40,975 [pool-677-thread-1] INFO  server.RaftServerConfigKeys (ConfUtils.java:logGet(44)) - raft.server.log.statemachine.data.sync = true (default)
2022-01-08 01:46:40,975 [EventQueue-PipelineReportForPipelineReportHandler] INFO  pipeline.PipelineManagerImpl (PipelineManagerImpl.java:openPipeline(291)) - Pipeline Pipeline[ Id: 5bf4701b-80ba-4d85-8f7b-2547dcd1978d, Nodes: a0cd68b1-75b0-4717-86f8-69ceed32178b{ip: 10.1.0.34, host: fv-az116-279.vzw04321ajxubdbcnpick5nqva.xx.internal.cloudapp.net, ports: [REPLICATION=45487, RATIS=43001, RATIS_ADMIN=43001, RATIS_SERVER=43001, STANDALONE=37831], networkLocation: /default-rack, certSerialId: null, persistedOpState: IN_SERVICE, persistedOpStateExpiryEpochSec: 0}, ReplicationConfig: RATIS/ONE, State:ALLOCATED, leaderId:a0cd68b1-75b0-4717-86f8-69ceed32178b, CreationTimestamp2022-01-08T01:46:37.884Z[Etc/UTC]] moved to OPEN state
2022-01-08 01:46:40,975 [pool-677-thread-1] INFO  server.RaftServerConfigKeys (ConfUtils.java:logGet(44)) - raft.server.log.statemachine.data.sync.timeout = 10s (default)
2022-01-08 01:46:40,975 [pool-677-thread-1] INFO  server.RaftServerConfigKeys (ConfUtils.java:logGet(44)) - raft.server.log.statemachine.data.sync.timeout.retry = -1 (default)
2022-01-08 01:46:40,976 [pool-677-thread-1] INFO  server.RaftServerConfigKeys (ConfUtils.java:logGet(44)) - raft.server.log.write.buffer.size = 1048576 (custom)
2022-01-08 01:46:40,977 [pool-677-thread-1] INFO  server.RaftServerConfigKeys (ConfUtils.java:logGet(44)) - raft.server.log.statemachine.data.caching.enabled = true (custom)
2022-01-08 01:46:40,977 [EventQueue-OpenPipelineForHealthyPipelineSafeModeRule] INFO  safemode.SCMSafeModeManager (HealthyPipelineSafeModeRule.java:process(124)) - SCM in safe mode. Healthy pipelines reported count is 0, required healthy pipeline reported count is 1
2022-01-08 01:46:40,977 [pool-677-thread-1] INFO  segmented.SegmentedRaftLogWorker (SegmentedRaftLogWorker.java:lambda$new$0(133)) - a0cd68b1-75b0-4717-86f8-69ceed32178b@group-2547DCD1978D-SegmentedRaftLogWorker: flushIndex: setUnconditionally 0 -> -1
2022-01-08 01:46:40,977 [pool-677-thread-1] INFO  segmented.SegmentedRaftLogWorker (SegmentedRaftLogWorker.java:lambda$new$0(133)) - a0cd68b1-75b0-4717-86f8-69ceed32178b@group-2547DCD1978D-SegmentedRaftLogWorker: safeCacheEvictIndex: setUnconditionally 0 -> -1
2022-01-08 01:46:40,980 [pool-677-thread-1] INFO  server.RaftServerConfigKeys (ConfUtils.java:logGet(44)) - raft.server.snapshot.auto.trigger.enabled = true (custom)
2022-01-08 01:46:40,980 [pool-677-thread-1] INFO  server.RaftServerConfigKeys (ConfUtils.java:logGet(44)) - raft.server.snapshot.auto.trigger.threshold = 10000 (custom)
2022-01-08 01:46:40,980 [pool-677-thread-1] INFO  server.RaftServerConfigKeys (ConfUtils.java:logGet(44)) - raft.server.snapshot.retention.file.num = 5 (custom)
2022-01-08 01:46:40,980 [pool-677-thread-1] INFO  server.RaftServerConfigKeys (ConfUtils.java:logGet(44)) - raft.server.log.purge.upto.snapshot.index = false (default)
2022-01-08 01:46:40,980 [pool-677-thread-1] INFO  server.RaftServerConfigKeys (ConfUtils.java:logGet(44)) - raft.server.retrycache.expirytime = 600000ms (custom)
2022-01-08 01:46:40,980 [pool-677-thread-1] INFO  server.RaftServerConfigKeys (ConfUtils.java:logGet(44)) - raft.server.retrycache.statistics.expirytime = 100μs (default)
2022-01-08 01:46:41,025 [pool-677-thread-1] INFO  server.RaftServer$Division (RaftServerImpl.java:start(301)) - a0cd68b1-75b0-4717-86f8-69ceed32178b@group-2547DCD1978D: start as a follower, conf=-1: [a0cd68b1-75b0-4717-86f8-69ceed32178b|rpc:10.1.0.34:43001|priority:1], old=null
2022-01-08 01:46:41,025 [pool-677-thread-1] INFO  server.RaftServer$Division (RaftServerImpl.java:setRole(290)) - a0cd68b1-75b0-4717-86f8-69ceed32178b@group-2547DCD1978D: changes role from      null to FOLLOWER at term 0 for startAsFollower
2022-01-08 01:46:41,025 [pool-677-thread-1] INFO  impl.RoleInfo (RoleInfo.java:updateAndGet(130)) - a0cd68b1-75b0-4717-86f8-69ceed32178b: start a0cd68b1-75b0-4717-86f8-69ceed32178b@group-2547DCD1978D-FollowerState
2022-01-08 01:46:41,054 [pool-677-thread-1] INFO  util.JmxRegister (JmxRegister.java:tryRegister(44)) - Successfully registered JMX Bean with object name Ratis:service=RaftServer,group=group-2547DCD1978D,id=a0cd68b1-75b0-4717-86f8-69ceed32178b
2022-01-08 01:46:41,063 [Command processor thread] INFO  ratis.XceiverServerRatis (XceiverServerRatis.java:addGroup(768)) - Created group PipelineID=5bf4701b-80ba-4d85-8f7b-2547dcd1978d
2022-01-08 01:46:41,063 [Command processor thread] INFO  commandhandler.CreatePipelineCommandHandler (CreatePipelineCommandHandler.java:handle(106)) - Created Pipeline RATIS ONE PipelineID=5bf4701b-80ba-4d85-8f7b-2547dcd1978d.
2022-01-08 01:46:41,156 [Command processor thread] INFO  commandhandler.CreatePipelineCommandHandler (CreatePipelineCommandHandler.java:handle(106)) - Created Pipeline RATIS THREE PipelineID=f15b3aaa-cebb-4a2e-9180-225dce1d33ee.
2022-01-08 01:46:41,158 [Command processor thread] INFO  commandhandler.CreatePipelineCommandHandler (CreatePipelineCommandHandler.java:handle(106)) - Created Pipeline RATIS THREE PipelineID=f15b3aaa-cebb-4a2e-9180-225dce1d33ee.
2022-01-08 01:46:41,158 [Command processor thread] INFO  commandhandler.CreatePipelineCommandHandler (CreatePipelineCommandHandler.java:handle(106)) - Created Pipeline RATIS THREE PipelineID=f15b3aaa-cebb-4a2e-9180-225dce1d33ee.
2022-01-08 01:46:41,857 [Listener at 127.0.0.1/40645] INFO  ozone.MiniOzoneClusterImpl (MiniOzoneClusterImpl.java:lambda$waitForClusterToBeReady$0(235)) - Nodes are ready. Got 7 of 7 DN Heartbeats.
2022-01-08 01:46:41,857 [Listener at 127.0.0.1/40645] INFO  ozone.MiniOzoneClusterImpl (MiniOzoneClusterImpl.java:lambda$waitForClusterToBeReady$0(238)) - Waiting for cluster to exit safe mode
2022-01-08 01:46:41,857 [Listener at 127.0.0.1/40645] INFO  ozone.MiniOzoneClusterImpl (MiniOzoneClusterImpl.java:lambda$waitForClusterToBeReady$0(240)) - SCM became leader
2022-01-08 01:46:42,857 [Listener at 127.0.0.1/40645] INFO  ozone.MiniOzoneClusterImpl (MiniOzoneClusterImpl.java:lambda$waitForClusterToBeReady$0(235)) - Nodes are ready. Got 7 of 7 DN Heartbeats.
2022-01-08 01:46:42,857 [Listener at 127.0.0.1/40645] INFO  ozone.MiniOzoneClusterImpl (MiniOzoneClusterImpl.java:lambda$waitForClusterToBeReady$0(238)) - Waiting for cluster to exit safe mode
2022-01-08 01:46:42,857 [Listener at 127.0.0.1/40645] INFO  ozone.MiniOzoneClusterImpl (MiniOzoneClusterImpl.java:lambda$waitForClusterToBeReady$0(240)) - SCM became leader
2022-01-08 01:46:43,733 [6477641b-710a-49ab-b56b-e0f600eb5c24@group-0140CC601DFD-FollowerState] INFO  impl.FollowerState (FollowerState.java:run(134)) - 6477641b-710a-49ab-b56b-e0f600eb5c24@group-0140CC601DFD-FollowerState: change to CANDIDATE, lastRpcElapsedTime:5109693489ns, electionTimeout:5074ms
2022-01-08 01:46:43,733 [6477641b-710a-49ab-b56b-e0f600eb5c24@group-0140CC601DFD-FollowerState] INFO  impl.RoleInfo (RoleInfo.java:shutdownFollowerState(108)) - 6477641b-710a-49ab-b56b-e0f600eb5c24: shutdown 6477641b-710a-49ab-b56b-e0f600eb5c24@group-0140CC601DFD-FollowerState
2022-01-08 01:46:43,733 [6477641b-710a-49ab-b56b-e0f600eb5c24@group-0140CC601DFD-FollowerState] INFO  server.RaftServer$Division (RaftServerImpl.java:setRole(290)) - 6477641b-710a-49ab-b56b-e0f600eb5c24@group-0140CC601DFD: changes role from  FOLLOWER to CANDIDATE at term 0 for changeToCandidate
2022-01-08 01:46:43,738 [6477641b-710a-49ab-b56b-e0f600eb5c24@group-0140CC601DFD-FollowerState] INFO  server.RaftServerConfigKeys (ConfUtils.java:logGet(44)) - raft.server.leaderelection.pre-vote = false (custom)
2022-01-08 01:46:43,738 [6477641b-710a-49ab-b56b-e0f600eb5c24@group-0140CC601DFD-FollowerState] INFO  impl.RoleInfo (RoleInfo.java:updateAndGet(130)) - 6477641b-710a-49ab-b56b-e0f600eb5c24: start 6477641b-710a-49ab-b56b-e0f600eb5c24@group-0140CC601DFD-LeaderElection71
2022-01-08 01:46:43,747 [6477641b-710a-49ab-b56b-e0f600eb5c24@group-D4B31538E167-FollowerState] INFO  impl.FollowerState (FollowerState.java:run(134)) - 6477641b-710a-49ab-b56b-e0f600eb5c24@group-D4B31538E167-FollowerState: change to CANDIDATE, lastRpcElapsedTime:5070963800ns, electionTimeout:5070ms
2022-01-08 01:46:43,747 [6477641b-710a-49ab-b56b-e0f600eb5c24@group-D4B31538E167-FollowerState] INFO  impl.RoleInfo (RoleInfo.java:shutdownFollowerState(108)) - 6477641b-710a-49ab-b56b-e0f600eb5c24: shutdown 6477641b-710a-49ab-b56b-e0f600eb5c24@group-D4B31538E167-FollowerState
2022-01-08 01:46:43,747 [6477641b-710a-49ab-b56b-e0f600eb5c24@group-D4B31538E167-FollowerState] INFO  server.RaftServer$Division (RaftServerImpl.java:setRole(290)) - 6477641b-710a-49ab-b56b-e0f600eb5c24@group-D4B31538E167: changes role from  FOLLOWER to CANDIDATE at term 0 for changeToCandidate
2022-01-08 01:46:43,747 [6477641b-710a-49ab-b56b-e0f600eb5c24@group-D4B31538E167-FollowerState] INFO  server.RaftServerConfigKeys (ConfUtils.java:logGet(44)) - raft.server.leaderelection.pre-vote = false (custom)
2022-01-08 01:46:43,747 [6477641b-710a-49ab-b56b-e0f600eb5c24@group-D4B31538E167-FollowerState] INFO  impl.RoleInfo (RoleInfo.java:updateAndGet(130)) - 6477641b-710a-49ab-b56b-e0f600eb5c24: start 6477641b-710a-49ab-b56b-e0f600eb5c24@group-D4B31538E167-LeaderElection72
2022-01-08 01:46:43,767 [6477641b-710a-49ab-b56b-e0f600eb5c24@group-0140CC601DFD-LeaderElection71] INFO  impl.LeaderElection (LeaderElection.java:askForVotes(306)) - 6477641b-710a-49ab-b56b-e0f600eb5c24@group-0140CC601DFD-LeaderElection71 ELECTION round 0: submit vote requests at term 1 for -1: [6477641b-710a-49ab-b56b-e0f600eb5c24|rpc:10.1.0.34:38417|priority:1], old=null
2022-01-08 01:46:43,770 [6477641b-710a-49ab-b56b-e0f600eb5c24@group-0140CC601DFD-LeaderElection71] INFO  impl.LeaderElection (LeaderElection.java:askForVotes(308)) - 6477641b-710a-49ab-b56b-e0f600eb5c24@group-0140CC601DFD-LeaderElection71 ELECTION round 0: result PASSED (term=1)
2022-01-08 01:46:43,780 [6477641b-710a-49ab-b56b-e0f600eb5c24@group-0140CC601DFD-LeaderElection71] INFO  impl.RoleInfo (RoleInfo.java:shutdownLeaderElection(121)) - 6477641b-710a-49ab-b56b-e0f600eb5c24: shutdown 6477641b-710a-49ab-b56b-e0f600eb5c24@group-0140CC601DFD-LeaderElection71
2022-01-08 01:46:43,780 [6477641b-710a-49ab-b56b-e0f600eb5c24@group-0140CC601DFD-LeaderElection71] INFO  server.RaftServer$Division (RaftServerImpl.java:setRole(290)) - 6477641b-710a-49ab-b56b-e0f600eb5c24@group-0140CC601DFD: changes role from CANDIDATE to LEADER at term 1 for changeToLeader
2022-01-08 01:46:43,780 [6477641b-710a-49ab-b56b-e0f600eb5c24@group-0140CC601DFD-LeaderElection71] INFO  ratis.XceiverServerRatis (XceiverServerRatis.java:handleLeaderChangedNotification(866)) - Leader change notification received for group: group-0140CC601DFD with new leaderId: 6477641b-710a-49ab-b56b-e0f600eb5c24
2022-01-08 01:46:43,780 [6477641b-710a-49ab-b56b-e0f600eb5c24@group-0140CC601DFD-LeaderElection71] INFO  server.RaftServer$Division (ServerState.java:setLeader(285)) - 6477641b-710a-49ab-b56b-e0f600eb5c24@group-0140CC601DFD: change Leader from null to 6477641b-710a-49ab-b56b-e0f600eb5c24 at term 1 for becomeLeader, leader elected after 5198ms
2022-01-08 01:46:43,780 [6477641b-710a-49ab-b56b-e0f600eb5c24@group-0140CC601DFD-LeaderElection71] INFO  server.RaftServerConfigKeys (ConfUtils.java:logGet(44)) - raft.server.staging.catchup.gap = 1000 (default)
2022-01-08 01:46:43,781 [6477641b-710a-49ab-b56b-e0f600eb5c24@group-0140CC601DFD-LeaderElection71] INFO  server.RaftServerConfigKeys (ConfUtils.java:logGet(44)) - raft.server.write.element-limit = 1024 (custom)
2022-01-08 01:46:43,781 [6477641b-710a-49ab-b56b-e0f600eb5c24@group-0140CC601DFD-LeaderElection71] INFO  server.RaftServerConfigKeys (ConfUtils.java:logGet(44)) - raft.server.write.byte-limit = 1024 M (=1073741824) (custom)
2022-01-08 01:46:43,781 [EventQueue-OpenPipelineForHealthyPipelineSafeModeRule] INFO  safemode.SCMSafeModeManager (HealthyPipelineSafeModeRule.java:process(124)) - SCM in safe mode. Healthy pipelines reported count is 0, required healthy pipeline reported count is 1
2022-01-08 01:46:43,775 [6477641b-710a-49ab-b56b-e0f600eb5c24@group-D4B31538E167-LeaderElection72] INFO  impl.LeaderElection (LeaderElection.java:askForVotes(306)) - 6477641b-710a-49ab-b56b-e0f600eb5c24@group-D4B31538E167-LeaderElection72 ELECTION round 0: submit vote requests at term 1 for -1: [6477641b-710a-49ab-b56b-e0f600eb5c24|rpc:10.1.0.34:38417|priority:0, 44471f42-9a01-4764-8909-e7e02c044ebe|rpc:10.1.0.34:44109|priority:1, 9d6916e6-e933-4839-a7aa-b025ed7fd068|rpc:10.1.0.34:40543|priority:0], old=null
2022-01-08 01:46:43,782 [6477641b-710a-49ab-b56b-e0f600eb5c24@group-0140CC601DFD-LeaderElection71] INFO  server.RaftServerConfigKeys (ConfUtils.java:logGet(44)) - raft.server.watch.timeout = 3000ms (custom)
2022-01-08 01:46:43,782 [6477641b-710a-49ab-b56b-e0f600eb5c24@group-0140CC601DFD-LeaderElection71] INFO  server.RaftServerConfigKeys (ConfUtils.java:logGet(44)) - raft.server.watch.timeout.denomination = 1s (default)
2022-01-08 01:46:43,782 [6477641b-710a-49ab-b56b-e0f600eb5c24@group-0140CC601DFD-LeaderElection71] INFO  server.RaftServerConfigKeys (ConfUtils.java:logGet(44)) - raft.server.watch.element-limit = 65536 (default)
2022-01-08 01:46:43,784 [6477641b-710a-49ab-b56b-e0f600eb5c24@group-0140CC601DFD-LeaderElection71] INFO  server.RaftServerConfigKeys (ConfUtils.java:logGet(44)) - raft.server.write.element-limit = 1024 (custom)
2022-01-08 01:46:43,784 [6477641b-710a-49ab-b56b-e0f600eb5c24@group-0140CC601DFD-LeaderElection71] INFO  server.RaftServerConfigKeys (ConfUtils.java:logGet(44)) - raft.server.write.follower.gap.ratio.max = -1.0 (default)
2022-01-08 01:46:43,784 [6477641b-710a-49ab-b56b-e0f600eb5c24@group-0140CC601DFD-LeaderElection71] INFO  impl.RoleInfo (RoleInfo.java:updateAndGet(130)) - 6477641b-710a-49ab-b56b-e0f600eb5c24: start 6477641b-710a-49ab-b56b-e0f600eb5c24@group-0140CC601DFD-LeaderStateImpl
2022-01-08 01:46:43,784 [6477641b-710a-49ab-b56b-e0f600eb5c24@group-0140CC601DFD-LeaderElection71] INFO  segmented.SegmentedRaftLogWorker (SegmentedRaftLogWorker.java:startLogSegment(394)) - 6477641b-710a-49ab-b56b-e0f600eb5c24@group-0140CC601DFD-SegmentedRaftLogWorker: Starting segment from index:0
2022-01-08 01:46:43,830 [6477641b-710a-49ab-b56b-e0f600eb5c24@group-0140CC601DFD-LeaderElection71] INFO  server.RaftServer$Division (ServerState.java:setRaftConf(387)) - 6477641b-710a-49ab-b56b-e0f600eb5c24@group-0140CC601DFD: set configuration 0: [6477641b-710a-49ab-b56b-e0f600eb5c24|rpc:10.1.0.34:38417|dataStream:|priority:1], old=null
2022-01-08 01:46:43,842 [6477641b-710a-49ab-b56b-e0f600eb5c24@group-0140CC601DFD-SegmentedRaftLogWorker] INFO  segmented.SegmentedRaftLogWorker (SegmentedRaftLogWorker.java:execute(601)) - 6477641b-710a-49ab-b56b-e0f600eb5c24@group-0140CC601DFD-SegmentedRaftLogWorker: created new log segment /home/runner/work/ozone/ozone/hadoop-ozone/integration-test/target/test-dir/MiniOzoneClusterImpl-6a132c25-3902-4d06-b1e4-79a7ed3e0f57/datanode-0/data/ratis/bf4d661f-df7b-4090-a893-0140cc601dfd/current/log_inprogress_0
2022-01-08 01:46:43,845 [grpc-default-executor-1] INFO  server.RaftServer$Division (RaftServerImpl.java:requestVote(1046)) - 44471f42-9a01-4764-8909-e7e02c044ebe@group-D4B31538E167: receive requestVote(ELECTION, 6477641b-710a-49ab-b56b-e0f600eb5c24, group-D4B31538E167, 1, (t:0, i:0))
2022-01-08 01:46:43,846 [grpc-default-executor-1] INFO  impl.VoteContext (VoteContext.java:log(48)) - 44471f42-9a01-4764-8909-e7e02c044ebe@group-D4B31538E167-FOLLOWER: reject ELECTION from 6477641b-710a-49ab-b56b-e0f600eb5c24: our priority 1 > candidate's priority 0
2022-01-08 01:46:43,846 [grpc-default-executor-1] INFO  server.RaftServer$Division (RaftServerImpl.java:setRole(290)) - 44471f42-9a01-4764-8909-e7e02c044ebe@group-D4B31538E167: changes role from  FOLLOWER to FOLLOWER at term 1 for candidate:6477641b-710a-49ab-b56b-e0f600eb5c24
2022-01-08 01:46:43,846 [grpc-default-executor-1] INFO  impl.RoleInfo (RoleInfo.java:shutdownFollowerState(108)) - 44471f42-9a01-4764-8909-e7e02c044ebe: shutdown 44471f42-9a01-4764-8909-e7e02c044ebe@group-D4B31538E167-FollowerState
2022-01-08 01:46:43,846 [grpc-default-executor-1] INFO  impl.RoleInfo (RoleInfo.java:updateAndGet(130)) - 44471f42-9a01-4764-8909-e7e02c044ebe: start 44471f42-9a01-4764-8909-e7e02c044ebe@group-D4B31538E167-FollowerState
2022-01-08 01:46:43,846 [grpc-default-executor-3] INFO  server.RaftServer$Division (RaftServerImpl.java:requestVote(1046)) - 9d6916e6-e933-4839-a7aa-b025ed7fd068@group-D4B31538E167: receive requestVote(ELECTION, 6477641b-710a-49ab-b56b-e0f600eb5c24, group-D4B31538E167, 1, (t:0, i:0))
2022-01-08 01:46:43,846 [grpc-default-executor-3] INFO  impl.VoteContext (VoteContext.java:log(48)) - 9d6916e6-e933-4839-a7aa-b025ed7fd068@group-D4B31538E167-FOLLOWER: accept ELECTION from 6477641b-710a-49ab-b56b-e0f600eb5c24: our priority 0 <= candidate's priority 0
2022-01-08 01:46:43,846 [grpc-default-executor-3] INFO  server.RaftServer$Division (RaftServerImpl.java:setRole(290)) - 9d6916e6-e933-4839-a7aa-b025ed7fd068@group-D4B31538E167: changes role from  FOLLOWER to FOLLOWER at term 1 for candidate:6477641b-710a-49ab-b56b-e0f600eb5c24
2022-01-08 01:46:43,846 [grpc-default-executor-3] INFO  impl.RoleInfo (RoleInfo.java:shutdownFollowerState(108)) - 9d6916e6-e933-4839-a7aa-b025ed7fd068: shutdown 9d6916e6-e933-4839-a7aa-b025ed7fd068@group-D4B31538E167-FollowerState
2022-01-08 01:46:43,851 [grpc-default-executor-3] INFO  impl.RoleInfo (RoleInfo.java:updateAndGet(130)) - 9d6916e6-e933-4839-a7aa-b025ed7fd068: start 9d6916e6-e933-4839-a7aa-b025ed7fd068@group-D4B31538E167-FollowerState
2022-01-08 01:46:43,851 [9d6916e6-e933-4839-a7aa-b025ed7fd068@group-D4B31538E167-FollowerState] INFO  impl.FollowerState (FollowerState.java:run(143)) - 9d6916e6-e933-4839-a7aa-b025ed7fd068@group-D4B31538E167-FollowerState was interrupted: {}
java.lang.InterruptedException: sleep interrupted
	at java.lang.Thread.sleep(Native Method)
	at java.lang.Thread.sleep(Thread.java:340)
	at java.util.concurrent.TimeUnit.sleep(TimeUnit.java:386)
	at org.apache.ratis.util.TimeDuration.sleep(TimeDuration.java:324)
	at org.apache.ratis.util.TimeDuration.sleep(TimeDuration.java:309)
	at org.apache.ratis.server.impl.FollowerState.run(FollowerState.java:118)
2022-01-08 01:46:43,858 [Listener at 127.0.0.1/40645] INFO  ozone.MiniOzoneClusterImpl (MiniOzoneClusterImpl.java:lambda$waitForClusterToBeReady$0(235)) - Nodes are ready. Got 7 of 7 DN Heartbeats.
2022-01-08 01:46:43,858 [Listener at 127.0.0.1/40645] INFO  ozone.MiniOzoneClusterImpl (MiniOzoneClusterImpl.java:lambda$waitForClusterToBeReady$0(238)) - Waiting for cluster to exit safe mode
2022-01-08 01:46:43,858 [Listener at 127.0.0.1/40645] INFO  ozone.MiniOzoneClusterImpl (MiniOzoneClusterImpl.java:lambda$waitForClusterToBeReady$0(240)) - SCM became leader
2022-01-08 01:46:43,858 [grpc-default-executor-1] INFO  server.RaftServer$Division (RaftServerImpl.java:requestVote(1078)) - 44471f42-9a01-4764-8909-e7e02c044ebe@group-D4B31538E167 replies to ELECTION vote request: 6477641b-710a-49ab-b56b-e0f600eb5c24<-44471f42-9a01-4764-8909-e7e02c044ebe#0:FAIL-t1. Peer's state: 44471f42-9a01-4764-8909-e7e02c044ebe@group-D4B31538E167:t1, leader=null, voted=null, raftlog=44471f42-9a01-4764-8909-e7e02c044ebe@group-D4B31538E167-SegmentedRaftLog:OPENED:c-1, conf=-1: [6477641b-710a-49ab-b56b-e0f600eb5c24|rpc:10.1.0.34:38417|dataStream:|priority:0, 44471f42-9a01-4764-8909-e7e02c044ebe|rpc:10.1.0.34:44109|dataStream:|priority:1, 9d6916e6-e933-4839-a7aa-b025ed7fd068|rpc:10.1.0.34:40543|dataStream:|priority:0], old=null
2022-01-08 01:46:43,877 [6477641b-710a-49ab-b56b-e0f600eb5c24@group-D4B31538E167-LeaderElection72] INFO  impl.LeaderElection (LeaderElection.java:logAndReturn(89)) - 6477641b-710a-49ab-b56b-e0f600eb5c24@group-D4B31538E167-LeaderElection72: ELECTION REJECTED received 1 response(s) and 0 exception(s):
2022-01-08 01:46:43,877 [6477641b-710a-49ab-b56b-e0f600eb5c24@group-D4B31538E167-LeaderElection72] INFO  impl.LeaderElection (LeaderElection.java:logAndReturn(93)) -   Response 0: 6477641b-710a-49ab-b56b-e0f600eb5c24<-44471f42-9a01-4764-8909-e7e02c044ebe#0:FAIL-t1
2022-01-08 01:46:43,877 [6477641b-710a-49ab-b56b-e0f600eb5c24@group-D4B31538E167-LeaderElection72] INFO  impl.LeaderElection (LeaderElection.java:askForVotes(308)) - 6477641b-710a-49ab-b56b-e0f600eb5c24@group-D4B31538E167-LeaderElection72 ELECTION round 0: result REJECTED
2022-01-08 01:46:43,877 [6477641b-710a-49ab-b56b-e0f600eb5c24@group-D4B31538E167-LeaderElection72] INFO  server.RaftServer$Division (RaftServerImpl.java:setRole(290)) - 6477641b-710a-49ab-b56b-e0f600eb5c24@group-D4B31538E167: changes role from CANDIDATE to FOLLOWER at term 1 for REJECTED
2022-01-08 01:46:43,877 [6477641b-710a-49ab-b56b-e0f600eb5c24@group-D4B31538E167-LeaderElection72] INFO  impl.RoleInfo (RoleInfo.java:shutdownLeaderElection(121)) - 6477641b-710a-49ab-b56b-e0f600eb5c24: shutdown 6477641b-710a-49ab-b56b-e0f600eb5c24@group-D4B31538E167-LeaderElection72
2022-01-08 01:46:43,877 [6477641b-710a-49ab-b56b-e0f600eb5c24@group-D4B31538E167-LeaderElection72] INFO  impl.RoleInfo (RoleInfo.java:updateAndGet(130)) - 6477641b-710a-49ab-b56b-e0f600eb5c24: start 6477641b-710a-49ab-b56b-e0f600eb5c24@group-D4B31538E167-FollowerState
2022-01-08 01:46:43,881 [44471f42-9a01-4764-8909-e7e02c044ebe@group-D4B31538E167-FollowerState] INFO  impl.FollowerState (FollowerState.java:run(143)) - 44471f42-9a01-4764-8909-e7e02c044ebe@group-D4B31538E167-FollowerState was interrupted: {}
java.lang.InterruptedException: sleep interrupted
	at java.lang.Thread.sleep(Native Method)
	at java.lang.Thread.sleep(Thread.java:340)
	at java.util.concurrent.TimeUnit.sleep(TimeUnit.java:386)
	at org.apache.ratis.util.TimeDuration.sleep(TimeDuration.java:324)
	at org.apache.ratis.util.TimeDuration.sleep(TimeDuration.java:309)
	at org.apache.ratis.server.impl.FollowerState.run(FollowerState.java:118)
2022-01-08 01:46:43,899 [grpc-default-executor-3] INFO  server.RaftServer$Division (RaftServerImpl.java:requestVote(1078)) - 9d6916e6-e933-4839-a7aa-b025ed7fd068@group-D4B31538E167 replies to ELECTION vote request: 6477641b-710a-49ab-b56b-e0f600eb5c24<-9d6916e6-e933-4839-a7aa-b025ed7fd068#0:OK-t1. Peer's state: 9d6916e6-e933-4839-a7aa-b025ed7fd068@group-D4B31538E167:t1, leader=null, voted=6477641b-710a-49ab-b56b-e0f600eb5c24, raftlog=9d6916e6-e933-4839-a7aa-b025ed7fd068@group-D4B31538E167-SegmentedRaftLog:OPENED:c-1, conf=-1: [6477641b-710a-49ab-b56b-e0f600eb5c24|rpc:10.1.0.34:38417|dataStream:|priority:0, 44471f42-9a01-4764-8909-e7e02c044ebe|rpc:10.1.0.34:44109|dataStream:|priority:1, 9d6916e6-e933-4839-a7aa-b025ed7fd068|rpc:10.1.0.34:40543|dataStream:|priority:0], old=null
2022-01-08 01:46:44,171 [6477641b-710a-49ab-b56b-e0f600eb5c24@group-04E649E6EF01-FollowerState] INFO  impl.FollowerState (FollowerState.java:run(134)) - 6477641b-710a-49ab-b56b-e0f600eb5c24@group-04E649E6EF01-FollowerState: change to CANDIDATE, lastRpcElapsedTime:5214751960ns, electionTimeout:5126ms
2022-01-08 01:46:44,171 [6477641b-710a-49ab-b56b-e0f600eb5c24@group-04E649E6EF01-FollowerState] INFO  impl.RoleInfo (RoleInfo.java:shutdownFollowerState(108)) - 6477641b-710a-49ab-b56b-e0f600eb5c24: shutdown 6477641b-710a-49ab-b56b-e0f600eb5c24@group-04E649E6EF01-FollowerState
2022-01-08 01:46:44,171 [6477641b-710a-49ab-b56b-e0f600eb5c24@group-04E649E6EF01-FollowerState] INFO  server.RaftServer$Division (RaftServerImpl.java:setRole(290)) - 6477641b-710a-49ab-b56b-e0f600eb5c24@group-04E649E6EF01: changes role from  FOLLOWER to CANDIDATE at term 0 for changeToCandidate
2022-01-08 01:46:44,171 [6477641b-710a-49ab-b56b-e0f600eb5c24@group-04E649E6EF01-FollowerState] INFO  server.RaftServerConfigKeys (ConfUtils.java:logGet(44)) - raft.server.leaderelection.pre-vote = false (custom)
2022-01-08 01:46:44,171 [6477641b-710a-49ab-b56b-e0f600eb5c24@group-04E649E6EF01-FollowerState] INFO  impl.RoleInfo (RoleInfo.java:updateAndGet(130)) - 6477641b-710a-49ab-b56b-e0f600eb5c24: start 6477641b-710a-49ab-b56b-e0f600eb5c24@group-04E649E6EF01-LeaderElection73
2022-01-08 01:46:44,177 [9d6916e6-e933-4839-a7aa-b025ed7fd068@group-04E649E6EF01-FollowerState] INFO  impl.FollowerState (FollowerState.java:run(134)) - 9d6916e6-e933-4839-a7aa-b025ed7fd068@group-04E649E6EF01-FollowerState: change to CANDIDATE, lastRpcElapsedTime:5074860700ns, electionTimeout:5068ms
2022-01-08 01:46:44,177 [9d6916e6-e933-4839-a7aa-b025ed7fd068@group-04E649E6EF01-FollowerState] INFO  impl.RoleInfo (RoleInfo.java:shutdownFollowerState(108)) - 9d6916e6-e933-4839-a7aa-b025ed7fd068: shutdown 9d6916e6-e933-4839-a7aa-b025ed7fd068@group-04E649E6EF01-FollowerState
2022-01-08 01:46:44,177 [9d6916e6-e933-4839-a7aa-b025ed7fd068@group-04E649E6EF01-FollowerState] INFO  server.RaftServer$Division (RaftServerImpl.java:setRole(290)) - 9d6916e6-e933-4839-a7aa-b025ed7fd068@group-04E649E6EF01: changes role from  FOLLOWER to CANDIDATE at term 0 for changeToCandidate
2022-01-08 01:46:44,182 [9d6916e6-e933-4839-a7aa-b025ed7fd068@group-04E649E6EF01-FollowerState] INFO  server.RaftServerConfigKeys (ConfUtils.java:logGet(44)) - raft.server.leaderelection.pre-vote = false (custom)
2022-01-08 01:46:44,182 [9d6916e6-e933-4839-a7aa-b025ed7fd068@group-04E649E6EF01-FollowerState] INFO  impl.RoleInfo (RoleInfo.java:updateAndGet(130)) - 9d6916e6-e933-4839-a7aa-b025ed7fd068: start 9d6916e6-e933-4839-a7aa-b025ed7fd068@group-04E649E6EF01-LeaderElection74
2022-01-08 01:46:44,186 [9d6916e6-e933-4839-a7aa-b025ed7fd068@group-F33B4351AC6E-FollowerState] INFO  impl.FollowerState (FollowerState.java:run(134)) - 9d6916e6-e933-4839-a7aa-b025ed7fd068@group-F33B4351AC6E-FollowerState: change to CANDIDATE, lastRpcElapsedTime:5176948471ns, electionTimeout:5170ms
2022-01-08 01:46:44,186 [9d6916e6-e933-4839-a7aa-b025ed7fd068@group-F33B4351AC6E-FollowerState] INFO  impl.RoleInfo (RoleInfo.java:shutdownFollowerState(108)) - 9d6916e6-e933-4839-a7aa-b025ed7fd068: shutdown 9d6916e6-e933-4839-a7aa-b025ed7fd068@group-F33B4351AC6E-FollowerState
2022-01-08 01:46:44,186 [9d6916e6-e933-4839-a7aa-b025ed7fd068@group-F33B4351AC6E-FollowerState] INFO  server.RaftServer$Division (RaftServerImpl.java:setRole(290)) - 9d6916e6-e933-4839-a7aa-b025ed7fd068@group-F33B4351AC6E: changes role from  FOLLOWER to CANDIDATE at term 0 for changeToCandidate
2022-01-08 01:46:44,186 [9d6916e6-e933-4839-a7aa-b025ed7fd068@group-F33B4351AC6E-FollowerState] INFO  server.RaftServerConfigKeys (ConfUtils.java:logGet(44)) - raft.server.leaderelection.pre-vote = false (custom)
2022-01-08 01:46:44,188 [9d6916e6-e933-4839-a7aa-b025ed7fd068@group-F33B4351AC6E-FollowerState] INFO  impl.RoleInfo (RoleInfo.java:updateAndGet(130)) - 9d6916e6-e933-4839-a7aa-b025ed7fd068: start 9d6916e6-e933-4839-a7aa-b025ed7fd068@group-F33B4351AC6E-LeaderElection75
2022-01-08 01:46:44,210 [6477641b-710a-49ab-b56b-e0f600eb5c24@group-04E649E6EF01-LeaderElection73] INFO  impl.LeaderElection (LeaderElection.java:askForVotes(306)) - 6477641b-710a-49ab-b56b-e0f600eb5c24@group-04E649E6EF01-LeaderElection73 ELECTION round 0: submit vote requests at term 1 for -1: [6477641b-710a-49ab-b56b-e0f600eb5c24|rpc:10.1.0.34:38417|priority:0, 44471f42-9a01-4764-8909-e7e02c044ebe|rpc:10.1.0.34:44109|priority:0, 9d6916e6-e933-4839-a7aa-b025ed7fd068|rpc:10.1.0.34:40543|priority:1], old=null
2022-01-08 01:46:44,211 [grpc-default-executor-3] INFO  server.RaftServer$Division (RaftServerImpl.java:requestVote(1046)) - 44471f42-9a01-4764-8909-e7e02c044ebe@group-04E649E6EF01: receive requestVote(ELECTION, 6477641b-710a-49ab-b56b-e0f600eb5c24, group-04E649E6EF01, 1, (t:0, i:0))
2022-01-08 01:46:44,212 [grpc-default-executor-3] INFO  impl.VoteContext (VoteContext.java:log(48)) - 44471f42-9a01-4764-8909-e7e02c044ebe@group-04E649E6EF01-FOLLOWER: accept ELECTION from 6477641b-710a-49ab-b56b-e0f600eb5c24: our priority 0 <= candidate's priority 0
2022-01-08 01:46:44,212 [grpc-default-executor-3] INFO  server.RaftServer$Division (RaftServerImpl.java:setRole(290)) - 44471f42-9a01-4764-8909-e7e02c044ebe@group-04E649E6EF01: changes role from  FOLLOWER to FOLLOWER at term 1 for candidate:6477641b-710a-49ab-b56b-e0f600eb5c24
2022-01-08 01:46:44,212 [grpc-default-executor-3] INFO  impl.RoleInfo (RoleInfo.java:shutdownFollowerState(108)) - 44471f42-9a01-4764-8909-e7e02c044ebe: shutdown 44471f42-9a01-4764-8909-e7e02c044ebe@group-04E649E6EF01-FollowerState
2022-01-08 01:46:44,213 [grpc-default-executor-1] INFO  server.RaftServer$Division (RaftServerImpl.java:requestVote(1046)) - 9d6916e6-e933-4839-a7aa-b025ed7fd068@group-04E649E6EF01: receive requestVote(ELECTION, 6477641b-710a-49ab-b56b-e0f600eb5c24, group-04E649E6EF01, 1, (t:0, i:0))
2022-01-08 01:46:44,217 [grpc-default-executor-1] INFO  impl.VoteContext (VoteContext.java:log(48)) - 9d6916e6-e933-4839-a7aa-b025ed7fd068@group-04E649E6EF01-CANDIDATE: reject ELECTION from 6477641b-710a-49ab-b56b-e0f600eb5c24: our priority 1 > candidate's priority 0
2022-01-08 01:46:44,217 [grpc-default-executor-1] INFO  server.RaftServer$Division (RaftServerImpl.java:setRole(290)) - 9d6916e6-e933-4839-a7aa-b025ed7fd068@group-04E649E6EF01: changes role from CANDIDATE to FOLLOWER at term 1 for candidate:6477641b-710a-49ab-b56b-e0f600eb5c24
2022-01-08 01:46:44,217 [grpc-default-executor-1] INFO  impl.RoleInfo (RoleInfo.java:shutdownLeaderElection(121)) - 9d6916e6-e933-4839-a7aa-b025ed7fd068: shutdown 9d6916e6-e933-4839-a7aa-b025ed7fd068@group-04E649E6EF01-LeaderElection74
2022-01-08 01:46:44,217 [9d6916e6-e933-4839-a7aa-b025ed7fd068@group-04E649E6EF01-LeaderElection74] INFO  impl.LeaderElection (LeaderElection.java:run(230)) - 9d6916e6-e933-4839-a7aa-b025ed7fd068@group-04E649E6EF01-LeaderElection74: skip running since this is already CLOSING
2022-01-08 01:46:44,223 [grpc-default-executor-1] INFO  impl.RoleInfo (RoleInfo.java:updateAndGet(130)) - 9d6916e6-e933-4839-a7aa-b025ed7fd068: start 9d6916e6-e933-4839-a7aa-b025ed7fd068@group-04E649E6EF01-FollowerState
2022-01-08 01:46:44,225 [grpc-default-executor-3] INFO  impl.RoleInfo (RoleInfo.java:updateAndGet(130)) - 44471f42-9a01-4764-8909-e7e02c044ebe: start 44471f42-9a01-4764-8909-e7e02c044ebe@group-04E649E6EF01-FollowerState
2022-01-08 01:46:44,225 [44471f42-9a01-4764-8909-e7e02c044ebe@group-04E649E6EF01-FollowerState] INFO  impl.FollowerState (FollowerState.java:run(143)) - 44471f42-9a01-4764-8909-e7e02c044ebe@group-04E649E6EF01-FollowerState was interrupted: {}
java.lang.InterruptedException: sleep interrupted
	at java.lang.Thread.sleep(Native Method)
	at java.lang.Thread.sleep(Thread.java:340)
	at java.util.concurrent.TimeUnit.sleep(TimeUnit.java:386)
	at org.apache.ratis.util.TimeDuration.sleep(TimeDuration.java:324)
	at org.apache.ratis.util.TimeDuration.sleep(TimeDuration.java:309)
	at org.apache.ratis.server.impl.FollowerState.run(FollowerState.java:118)
2022-01-08 01:46:44,225 [grpc-default-executor-1] INFO  server.RaftServer$Division (RaftServerImpl.java:requestVote(1078)) - 9d6916e6-e933-4839-a7aa-b025ed7fd068@group-04E649E6EF01 replies to ELECTION vote request: 6477641b-710a-49ab-b56b-e0f600eb5c24<-9d6916e6-e933-4839-a7aa-b025ed7fd068#0:FAIL-t1. Peer's state: 9d6916e6-e933-4839-a7aa-b025ed7fd068@group-04E649E6EF01:t1, leader=null, voted=null, raftlog=9d6916e6-e933-4839-a7aa-b025ed7fd068@group-04E649E6EF01-SegmentedRaftLog:OPENED:c-1, conf=-1: [6477641b-710a-49ab-b56b-e0f600eb5c24|rpc:10.1.0.34:38417|priority:0, 44471f42-9a01-4764-8909-e7e02c044ebe|rpc:10.1.0.34:44109|priority:0, 9d6916e6-e933-4839-a7aa-b025ed7fd068|rpc:10.1.0.34:40543|priority:1], old=null
2022-01-08 01:46:44,227 [9d6916e6-e933-4839-a7aa-b025ed7fd068@group-F33B4351AC6E-LeaderElection75] INFO  impl.LeaderElection (LeaderElection.java:askForVotes(306)) - 9d6916e6-e933-4839-a7aa-b025ed7fd068@group-F33B4351AC6E-LeaderElection75 ELECTION round 0: submit vote requests at term 1 for -1: [9d6916e6-e933-4839-a7aa-b025ed7fd068|rpc:10.1.0.34:40543|priority:1], old=null
2022-01-08 01:46:44,227 [9d6916e6-e933-4839-a7aa-b025ed7fd068@group-F33B4351AC6E-LeaderElection75] INFO  impl.LeaderElection (LeaderElection.java:askForVotes(308)) - 9d6916e6-e933-4839-a7aa-b025ed7fd068@group-F33B4351AC6E-LeaderElection75 ELECTION round 0: result PASSED (term=1)
2022-01-08 01:46:44,227 [9d6916e6-e933-4839-a7aa-b025ed7fd068@group-F33B4351AC6E-LeaderElection75] INFO  impl.RoleInfo (RoleInfo.java:shutdownLeaderElection(121)) - 9d6916e6-e933-4839-a7aa-b025ed7fd068: shutdown 9d6916e6-e933-4839-a7aa-b025ed7fd068@group-F33B4351AC6E-LeaderElection75
2022-01-08 01:46:44,227 [9d6916e6-e933-4839-a7aa-b025ed7fd068@group-F33B4351AC6E-LeaderElection75] INFO  server.RaftServer$Division (RaftServerImpl.java:setRole(290)) - 9d6916e6-e933-4839-a7aa-b025ed7fd068@group-F33B4351AC6E: changes role from CANDIDATE to LEADER at term 1 for changeToLeader
2022-01-08 01:46:44,227 [9d6916e6-e933-4839-a7aa-b025ed7fd068@group-F33B4351AC6E-LeaderElection75] INFO  ratis.XceiverServerRatis (XceiverServerRatis.java:handleLeaderChangedNotification(866)) - Leader change notification received for group: group-F33B4351AC6E with new leaderId: 9d6916e6-e933-4839-a7aa-b025ed7fd068
2022-01-08 01:46:44,241 [grpc-default-executor-3] INFO  server.RaftServer$Division (RaftServerImpl.java:requestVote(1078)) - 44471f42-9a01-4764-8909-e7e02c044ebe@group-04E649E6EF01 replies to ELECTION vote request: 6477641b-710a-49ab-b56b-e0f600eb5c24<-44471f42-9a01-4764-8909-e7e02c044ebe#0:OK-t1. Peer's state: 44471f42-9a01-4764-8909-e7e02c044ebe@group-04E649E6EF01:t1, leader=null, voted=6477641b-710a-49ab-b56b-e0f600eb5c24, raftlog=44471f42-9a01-4764-8909-e7e02c044ebe@group-04E649E6EF01-SegmentedRaftLog:OPENED:c-1, conf=-1: [6477641b-710a-49ab-b56b-e0f600eb5c24|rpc:10.1.0.34:38417|dataStream:|priority:0, 44471f42-9a01-4764-8909-e7e02c044ebe|rpc:10.1.0.34:44109|dataStream:|priority:0, 9d6916e6-e933-4839-a7aa-b025ed7fd068|rpc:10.1.0.34:40543|dataStream:|priority:1], old=null
2022-01-08 01:46:44,242 [9d6916e6-e933-4839-a7aa-b025ed7fd068@group-F33B4351AC6E-LeaderElection75] INFO  server.RaftServer$Division (ServerState.java:setLeader(285)) - 9d6916e6-e933-4839-a7aa-b025ed7fd068@group-F33B4351AC6E: change Leader from null to 9d6916e6-e933-4839-a7aa-b025ed7fd068 at term 1 for becomeLeader, leader elected after 5231ms
2022-01-08 01:46:44,242 [9d6916e6-e933-4839-a7aa-b025ed7fd068@group-F33B4351AC6E-LeaderElection75] INFO  server.RaftServerConfigKeys (ConfUtils.java:logGet(44)) - raft.server.staging.catchup.gap = 1000 (default)
2022-01-08 01:46:44,242 [9d6916e6-e933-4839-a7aa-b025ed7fd068@group-F33B4351AC6E-LeaderElection75] INFO  server.RaftServerConfigKeys (ConfUtils.java:logGet(44)) - raft.server.write.element-limit = 1024 (custom)
2022-01-08 01:46:44,242 [9d6916e6-e933-4839-a7aa-b025ed7fd068@group-F33B4351AC6E-LeaderElection75] INFO  server.RaftServerConfigKeys (ConfUtils.java:logGet(44)) - raft.server.write.byte-limit = 1024 M (=1073741824) (custom)
2022-01-08 01:46:44,242 [9d6916e6-e933-4839-a7aa-b025ed7fd068@group-F33B4351AC6E-LeaderElection75] INFO  server.RaftServerConfigKeys (ConfUtils.java:logGet(44)) - raft.server.watch.timeout = 3000ms (custom)
2022-01-08 01:46:44,242 [9d6916e6-e933-4839-a7aa-b025ed7fd068@group-F33B4351AC6E-LeaderElection75] INFO  server.RaftServerConfigKeys (ConfUtils.java:logGet(44)) - raft.server.watch.timeout.denomination = 1s (default)
2022-01-08 01:46:44,243 [9d6916e6-e933-4839-a7aa-b025ed7fd068@group-F33B4351AC6E-LeaderElection75] INFO  server.RaftServerConfigKeys (ConfUtils.java:logGet(44)) - raft.server.watch.element-limit = 65536 (default)
2022-01-08 01:46:44,243 [9d6916e6-e933-4839-a7aa-b025ed7fd068@group-F33B4351AC6E-LeaderElection75] INFO  server.RaftServerConfigKeys (ConfUtils.java:logGet(44)) - raft.server.write.element-limit = 1024 (custom)
2022-01-08 01:46:44,243 [9d6916e6-e933-4839-a7aa-b025ed7fd068@group-F33B4351AC6E-LeaderElection75] INFO  server.RaftServerConfigKeys (ConfUtils.java:logGet(44)) - raft.server.write.follower.gap.ratio.max = -1.0 (default)
2022-01-08 01:46:44,243 [9d6916e6-e933-4839-a7aa-b025ed7fd068@group-F33B4351AC6E-LeaderElection75] INFO  impl.RoleInfo (RoleInfo.java:updateAndGet(130)) - 9d6916e6-e933-4839-a7aa-b025ed7fd068: start 9d6916e6-e933-4839-a7aa-b025ed7fd068@group-F33B4351AC6E-LeaderStateImpl
2022-01-08 01:46:44,243 [9d6916e6-e933-4839-a7aa-b025ed7fd068@group-F33B4351AC6E-LeaderElection75] INFO  segmented.SegmentedRaftLogWorker (SegmentedRaftLogWorker.java:startLogSegment(394)) - 9d6916e6-e933-4839-a7aa-b025ed7fd068@group-F33B4351AC6E-SegmentedRaftLogWorker: Starting segment from index:0
2022-01-08 01:46:44,244 [EventQueue-OpenPipelineForHealthyPipelineSafeModeRule] INFO  safemode.SCMSafeModeManager (HealthyPipelineSafeModeRule.java:process(124)) - SCM in safe mode. Healthy pipelines reported count is 0, required healthy pipeline reported count is 1
2022-01-08 01:46:44,245 [9d6916e6-e933-4839-a7aa-b025ed7fd068@group-F33B4351AC6E-SegmentedRaftLogWorker] INFO  segmented.SegmentedRaftLogWorker (SegmentedRaftLogWorker.java:execute(601)) - 9d6916e6-e933-4839-a7aa-b025ed7fd068@group-F33B4351AC6E-SegmentedRaftLogWorker: created new log segment /home/runner/work/ozone/ozone/hadoop-ozone/integration-test/target/test-dir/MiniOzoneClusterImpl-6a132c25-3902-4d06-b1e4-79a7ed3e0f57/datanode-1/data/ratis/3c427e93-4362-4243-92cd-f33b4351ac6e/current/log_inprogress_0
2022-01-08 01:46:44,263 [6477641b-710a-49ab-b56b-e0f600eb5c24@group-04E649E6EF01-LeaderElection73] INFO  impl.LeaderElection (LeaderElection.java:logAndReturn(89)) - 6477641b-710a-49ab-b56b-e0f600eb5c24@group-04E649E6EF01-LeaderElection73: ELECTION REJECTED received 1 response(s) and 0 exception(s):
2022-01-08 01:46:44,263 [6477641b-710a-49ab-b56b-e0f600eb5c24@group-04E649E6EF01-LeaderElection73] INFO  impl.LeaderElection (LeaderElection.java:logAndReturn(93)) -   Response 0: 6477641b-710a-49ab-b56b-e0f600eb5c24<-9d6916e6-e933-4839-a7aa-b025ed7fd068#0:FAIL-t1
2022-01-08 01:46:44,263 [6477641b-710a-49ab-b56b-e0f600eb5c24@group-04E649E6EF01-LeaderElection73] INFO  impl.LeaderElection (LeaderElection.java:askForVotes(308)) - 6477641b-710a-49ab-b56b-e0f600eb5c24@group-04E649E6EF01-LeaderElection73 ELECTION round 0: result REJECTED
2022-01-08 01:46:44,263 [6477641b-710a-49ab-b56b-e0f600eb5c24@group-04E649E6EF01-LeaderElection73] INFO  server.RaftServer$Division (RaftServerImpl.java:setRole(290)) - 6477641b-710a-49ab-b56b-e0f600eb5c24@group-04E649E6EF01: changes role from CANDIDATE to FOLLOWER at term 1 for REJECTED
2022-01-08 01:46:44,263 [6477641b-710a-49ab-b56b-e0f600eb5c24@group-04E649E6EF01-LeaderElection73] INFO  impl.RoleInfo (RoleInfo.java:shutdownLeaderElection(121)) - 6477641b-710a-49ab-b56b-e0f600eb5c24: shutdown 6477641b-710a-49ab-b56b-e0f600eb5c24@group-04E649E6EF01-LeaderElection73
2022-01-08 01:46:44,263 [6477641b-710a-49ab-b56b-e0f600eb5c24@group-04E649E6EF01-LeaderElection73] INFO  impl.RoleInfo (RoleInfo.java:updateAndGet(130)) - 6477641b-710a-49ab-b56b-e0f600eb5c24: start 6477641b-710a-49ab-b56b-e0f600eb5c24@group-04E649E6EF01-FollowerState
2022-01-08 01:46:44,267 [9d6916e6-e933-4839-a7aa-b025ed7fd068@group-F33B4351AC6E-LeaderElection75] INFO  server.RaftServer$Division (ServerState.java:setRaftConf(387)) - 9d6916e6-e933-4839-a7aa-b025ed7fd068@group-F33B4351AC6E: set configuration 0: [9d6916e6-e933-4839-a7aa-b025ed7fd068|rpc:10.1.0.34:40543|dataStream:|priority:1], old=null
2022-01-08 01:46:44,321 [6477641b-710a-49ab-b56b-e0f600eb5c24@group-AB80FE323EB3-FollowerState] INFO  impl.FollowerState (FollowerState.java:run(134)) - 6477641b-710a-49ab-b56b-e0f600eb5c24@group-AB80FE323EB3-FollowerState: change to CANDIDATE, lastRpcElapsedTime:5092621295ns, electionTimeout:5086ms
2022-01-08 01:46:44,321 [6477641b-710a-49ab-b56b-e0f600eb5c24@group-AB80FE323EB3-FollowerState] INFO  impl.RoleInfo (RoleInfo.java:shutdownFollowerState(108)) - 6477641b-710a-49ab-b56b-e0f600eb5c24: shutdown 6477641b-710a-49ab-b56b-e0f600eb5c24@group-AB80FE323EB3-FollowerState
2022-01-08 01:46:44,321 [6477641b-710a-49ab-b56b-e0f600eb5c24@group-AB80FE323EB3-FollowerState] INFO  server.RaftServer$Division (RaftServerImpl.java:setRole(290)) - 6477641b-710a-49ab-b56b-e0f600eb5c24@group-AB80FE323EB3: changes role from  FOLLOWER to CANDIDATE at term 0 for changeToCandidate
2022-01-08 01:46:44,321 [6477641b-710a-49ab-b56b-e0f600eb5c24@group-AB80FE323EB3-FollowerState] INFO  server.RaftServerConfigKeys (ConfUtils.java:logGet(44)) - raft.server.leaderelection.pre-vote = false (custom)
2022-01-08 01:46:44,321 [6477641b-710a-49ab-b56b-e0f600eb5c24@group-AB80FE323EB3-FollowerState] INFO  impl.RoleInfo (RoleInfo.java:updateAndGet(130)) - 6477641b-710a-49ab-b56b-e0f600eb5c24: start 6477641b-710a-49ab-b56b-e0f600eb5c24@group-AB80FE323EB3-LeaderElection76
2022-01-08 01:46:44,354 [6477641b-710a-49ab-b56b-e0f600eb5c24@group-AB80FE323EB3-LeaderElection76] INFO  impl.LeaderElection (LeaderElection.java:askForVotes(306)) - 6477641b-710a-49ab-b56b-e0f600eb5c24@group-AB80FE323EB3-LeaderElection76 ELECTION round 0: submit vote requests at term 1 for -1: [6477641b-710a-49ab-b56b-e0f600eb5c24|rpc:10.1.0.34:38417|priority:1, 44471f42-9a01-4764-8909-e7e02c044ebe|rpc:10.1.0.34:44109|priority:0, 9d6916e6-e933-4839-a7aa-b025ed7fd068|rpc:10.1.0.34:40543|priority:0], old=null
2022-01-08 01:46:44,361 [grpc-default-executor-3] INFO  server.RaftServer$Division (RaftServerImpl.java:requestVote(1046)) - 44471f42-9a01-4764-8909-e7e02c044ebe@group-AB80FE323EB3: receive requestVote(ELECTION, 6477641b-710a-49ab-b56b-e0f600eb5c24, group-AB80FE323EB3, 1, (t:0, i:0))
2022-01-08 01:46:44,361 [grpc-default-executor-3] INFO  impl.VoteContext (VoteContext.java:log(48)) - 44471f42-9a01-4764-8909-e7e02c044ebe@group-AB80FE323EB3-FOLLOWER: accept ELECTION from 6477641b-710a-49ab-b56b-e0f600eb5c24: our priority 0 <= candidate's priority 1
2022-01-08 01:46:44,361 [grpc-default-executor-3] INFO  server.RaftServer$Division (RaftServerImpl.java:setRole(290)) - 44471f42-9a01-4764-8909-e7e02c044ebe@group-AB80FE323EB3: changes role from  FOLLOWER to FOLLOWER at term 1 for candidate:6477641b-710a-49ab-b56b-e0f600eb5c24
2022-01-08 01:46:44,361 [grpc-default-executor-3] INFO  impl.RoleInfo (RoleInfo.java:shutdownFollowerState(108)) - 44471f42-9a01-4764-8909-e7e02c044ebe: shutdown 44471f42-9a01-4764-8909-e7e02c044ebe@group-AB80FE323EB3-FollowerState
2022-01-08 01:46:44,371 [grpc-default-executor-3] INFO  impl.RoleInfo (RoleInfo.java:updateAndGet(130)) - 44471f42-9a01-4764-8909-e7e02c044ebe: start 44471f42-9a01-4764-8909-e7e02c044ebe@group-AB80FE323EB3-FollowerState
2022-01-08 01:46:44,372 [grpc-default-executor-3] INFO  server.RaftServer$Division (RaftServerImpl.java:requestVote(1078)) - 44471f42-9a01-4764-8909-e7e02c044ebe@group-AB80FE323EB3 replies to ELECTION vote request: 6477641b-710a-49ab-b56b-e0f600eb5c24<-44471f42-9a01-4764-8909-e7e02c044ebe#0:OK-t1. Peer's state: 44471f42-9a01-4764-8909-e7e02c044ebe@group-AB80FE323EB3:t1, leader=null, voted=6477641b-710a-49ab-b56b-e0f600eb5c24, raftlog=44471f42-9a01-4764-8909-e7e02c044ebe@group-AB80FE323EB3-SegmentedRaftLog:OPENED:c-1, conf=-1: [6477641b-710a-49ab-b56b-e0f600eb5c24|rpc:10.1.0.34:38417|dataStream:|priority:1, 44471f42-9a01-4764-8909-e7e02c044ebe|rpc:10.1.0.34:44109|dataStream:|priority:0, 9d6916e6-e933-4839-a7aa-b025ed7fd068|rpc:10.1.0.34:40543|dataStream:|priority:0], old=null
2022-01-08 01:46:44,375 [6477641b-710a-49ab-b56b-e0f600eb5c24@group-AB80FE323EB3-LeaderElection76] INFO  impl.LeaderElection (LeaderElection.java:logAndReturn(89)) - 6477641b-710a-49ab-b56b-e0f600eb5c24@group-AB80FE323EB3-LeaderElection76: ELECTION PASSED received 1 response(s) and 0 exception(s):
2022-01-08 01:46:44,375 [6477641b-710a-49ab-b56b-e0f600eb5c24@group-AB80FE323EB3-LeaderElection76] INFO  impl.LeaderElection (LeaderElection.java:logAndReturn(93)) -   Response 0: 6477641b-710a-49ab-b56b-e0f600eb5c24<-44471f42-9a01-4764-8909-e7e02c044ebe#0:OK-t1
2022-01-08 01:46:44,375 [6477641b-710a-49ab-b56b-e0f600eb5c24@group-AB80FE323EB3-LeaderElection76] INFO  impl.LeaderElection (LeaderElection.java:askForVotes(308)) - 6477641b-710a-49ab-b56b-e0f600eb5c24@group-AB80FE323EB3-LeaderElection76 ELECTION round 0: result PASSED
2022-01-08 01:46:44,375 [6477641b-710a-49ab-b56b-e0f600eb5c24@group-AB80FE323EB3-LeaderElection76] INFO  impl.RoleInfo (RoleInfo.java:shutdownLeaderElection(121)) - 6477641b-710a-49ab-b56b-e0f600eb5c24: shutdown 6477641b-710a-49ab-b56b-e0f600eb5c24@group-AB80FE323EB3-LeaderElection76
2022-01-08 01:46:44,375 [6477641b-710a-49ab-b56b-e0f600eb5c24@group-AB80FE323EB3-LeaderElection76] INFO  server.RaftServer$Division (RaftServerImpl.java:setRole(290)) - 6477641b-710a-49ab-b56b-e0f600eb5c24@group-AB80FE323EB3: changes role from CANDIDATE to LEADER at term 1 for changeToLeader
2022-01-08 01:46:44,375 [6477641b-710a-49ab-b56b-e0f600eb5c24@group-AB80FE323EB3-LeaderElection76] INFO  ratis.XceiverServerRatis (XceiverServerRatis.java:handleLeaderChangedNotification(866)) - Leader change notification received for group: group-AB80FE323EB3 with new leaderId: 6477641b-710a-49ab-b56b-e0f600eb5c24
2022-01-08 01:46:44,375 [6477641b-710a-49ab-b56b-e0f600eb5c24@group-AB80FE323EB3-LeaderElection76] INFO  server.RaftServer$Division (ServerState.java:setLeader(285)) - 6477641b-710a-49ab-b56b-e0f600eb5c24@group-AB80FE323EB3: change Leader from null to 6477641b-710a-49ab-b56b-e0f600eb5c24 at term 1 for becomeLeader, leader elected after 5152ms
2022-01-08 01:46:44,375 [6477641b-710a-49ab-b56b-e0f600eb5c24@group-AB80FE323EB3-LeaderElection76] INFO  server.RaftServerConfigKeys (ConfUtils.java:logGet(44)) - raft.server.staging.catchup.gap = 1000 (default)
2022-01-08 01:46:44,375 [6477641b-710a-49ab-b56b-e0f600eb5c24@group-AB80FE323EB3-LeaderElection76] INFO  server.RaftServerConfigKeys (ConfUtils.java:logGet(44)) - raft.server.write.element-limit = 1024 (custom)
2022-01-08 01:46:44,375 [6477641b-710a-49ab-b56b-e0f600eb5c24@group-AB80FE323EB3-LeaderElection76] INFO  server.RaftServerConfigKeys (ConfUtils.java:logGet(44)) - raft.server.write.byte-limit = 1024 M (=1073741824) (custom)
2022-01-08 01:46:44,376 [6477641b-710a-49ab-b56b-e0f600eb5c24@group-AB80FE323EB3-LeaderElection76] INFO  server.RaftServerConfigKeys (ConfUtils.java:logGet(44)) - raft.server.watch.timeout = 3000ms (custom)
2022-01-08 01:46:44,376 [6477641b-710a-49ab-b56b-e0f600eb5c24@group-AB80FE323EB3-LeaderElection76] INFO  server.RaftServerConfigKeys (ConfUtils.java:logGet(44)) - raft.server.watch.timeout.denomination = 1s (default)
2022-01-08 01:46:44,376 [6477641b-710a-49ab-b56b-e0f600eb5c24@group-AB80FE323EB3-LeaderElection76] INFO  server.RaftServerConfigKeys (ConfUtils.java:logGet(44)) - raft.server.watch.element-limit = 65536 (default)
2022-01-08 01:46:44,376 [6477641b-710a-49ab-b56b-e0f600eb5c24@group-AB80FE323EB3-LeaderElection76] INFO  server.RaftServerConfigKeys (ConfUtils.java:logGet(44)) - raft.server.write.element-limit = 1024 (custom)
2022-01-08 01:46:44,376 [6477641b-710a-49ab-b56b-e0f600eb5c24@group-AB80FE323EB3-LeaderElection76] INFO  server.RaftServerConfigKeys (ConfUtils.java:logGet(44)) - raft.server.write.follower.gap.ratio.max = -1.0 (default)
2022-01-08 01:46:44,376 [6477641b-710a-49ab-b56b-e0f600eb5c24@group-AB80FE323EB3-LeaderElection76] INFO  server.RaftServerConfigKeys (ConfUtils.java:logGet(44)) - raft.server.log.appender.snapshot.chunk.size.max = 16MB (=16777216) (default)
2022-01-08 01:46:44,376 [6477641b-710a-49ab-b56b-e0f600eb5c24@group-AB80FE323EB3-LeaderElection76] INFO  server.RaftServerConfigKeys (ConfUtils.java:logGet(44)) - raft.server.log.appender.buffer.byte-limit = 33554432 (custom)
2022-01-08 01:46:44,376 [6477641b-710a-49ab-b56b-e0f600eb5c24@group-AB80FE323EB3-LeaderElection76] INFO  server.RaftServerConfigKeys (ConfUtils.java:logGet(44)) - raft.server.log.appender.buffer.element-limit = 1 (custom)
2022-01-08 01:46:44,376 [6477641b-710a-49ab-b56b-e0f600eb5c24@group-AB80FE323EB3-LeaderElection76] INFO  grpc.GrpcConfigKeys (ConfUtils.java:logGet(44)) - raft.grpc.server.leader.outstanding.appends.max = 128 (default)
2022-01-08 01:46:44,376 [6477641b-710a-49ab-b56b-e0f600eb5c24@group-AB80FE323EB3-LeaderElection76] INFO  server.RaftServerConfigKeys (ConfUtils.java:logGet(44)) - raft.server.rpc.request.timeout = 3000ms (default)
2022-01-08 01:46:44,376 [6477641b-710a-49ab-b56b-e0f600eb5c24@group-AB80FE323EB3-LeaderElection76] INFO  server.RaftServerConfigKeys (ConfUtils.java:logGet(44)) - raft.server.log.appender.install.snapshot.enabled = false (custom)
2022-01-08 01:46:44,378 [6477641b-710a-49ab-b56b-e0f600eb5c24@group-AB80FE323EB3-LeaderElection76] INFO  server.RaftServerConfigKeys (ConfUtils.java:logGet(44)) - raft.server.log.appender.snapshot.chunk.size.max = 16MB (=16777216) (default)
2022-01-08 01:46:44,378 [6477641b-710a-49ab-b56b-e0f600eb5c24@group-AB80FE323EB3-LeaderElection76] INFO  server.RaftServerConfigKeys (ConfUtils.java:logGet(44)) - raft.server.log.appender.buffer.byte-limit = 33554432 (custom)
2022-01-08 01:46:44,378 [6477641b-710a-49ab-b56b-e0f600eb5c24@group-AB80FE323EB3-LeaderElection76] INFO  server.RaftServerConfigKeys (ConfUtils.java:logGet(44)) - raft.server.log.appender.buffer.element-limit = 1 (custom)
2022-01-08 01:46:44,378 [6477641b-710a-49ab-b56b-e0f600eb5c24@group-AB80FE323EB3-LeaderElection76] INFO  grpc.GrpcConfigKeys (ConfUtils.java:logGet(44)) - raft.grpc.server.leader.outstanding.appends.max = 128 (default)
2022-01-08 01:46:44,378 [6477641b-710a-49ab-b56b-e0f600eb5c24@group-AB80FE323EB3-LeaderElection76] INFO  server.RaftServerConfigKeys (ConfUtils.java:logGet(44)) - raft.server.rpc.request.timeout = 3000ms (default)
2022-01-08 01:46:44,378 [6477641b-710a-49ab-b56b-e0f600eb5c24@group-AB80FE323EB3-LeaderElection76] INFO  server.RaftServerConfigKeys (ConfUtils.java:logGet(44)) - raft.server.log.appender.install.snapshot.enabled = false (custom)
2022-01-08 01:46:44,379 [6477641b-710a-49ab-b56b-e0f600eb5c24@group-AB80FE323EB3-LeaderElection76] INFO  impl.RoleInfo (RoleInfo.java:updateAndGet(130)) - 6477641b-710a-49ab-b56b-e0f600eb5c24: start 6477641b-710a-49ab-b56b-e0f600eb5c24@group-AB80FE323EB3-LeaderStateImpl
2022-01-08 01:46:44,380 [6477641b-710a-49ab-b56b-e0f600eb5c24@group-AB80FE323EB3-LeaderElection76] INFO  segmented.SegmentedRaftLogWorker (SegmentedRaftLogWorker.java:startLogSegment(394)) - 6477641b-710a-49ab-b56b-e0f600eb5c24@group-AB80FE323EB3-SegmentedRaftLogWorker: Starting segment from index:0
2022-01-08 01:46:44,382 [EventQueue-PipelineReportForPipelineReportHandler] INFO  pipeline.PipelineManagerImpl (PipelineManagerImpl.java:openPipeline(291)) - Pipeline Pipeline[ Id: f2ed03a6-aac7-4283-93ce-ab80fe323eb3, Nodes: 6477641b-710a-49ab-b56b-e0f600eb5c24{ip: 10.1.0.34, host: fv-az116-279.vzw04321ajxubdbcnpick5nqva.xx.internal.cloudapp.net, ports: [REPLICATION=32997, RATIS=38417, RATIS_ADMIN=38417, RATIS_SERVER=38417, STANDALONE=42453], networkLocation: /default-rack, certSerialId: null, persistedOpState: IN_SERVICE, persistedOpStateExpiryEpochSec: 0}44471f42-9a01-4764-8909-e7e02c044ebe{ip: 10.1.0.34, host: fv-az116-279.vzw04321ajxubdbcnpick5nqva.xx.internal.cloudapp.net, ports: [REPLICATION=36939, RATIS=44109, RATIS_ADMIN=44109, RATIS_SERVER=44109, STANDALONE=34571], networkLocation: /default-rack, certSerialId: null, persistedOpState: IN_SERVICE, persistedOpStateExpiryEpochSec: 0}9d6916e6-e933-4839-a7aa-b025ed7fd068{ip: 10.1.0.34, host: fv-az116-279.vzw04321ajxubdbcnpick5nqva.xx.internal.cloudapp.net, ports: [REPLICATION=45495, RATIS=40543, RATIS_ADMIN=40543, RATIS_SERVER=40543, STANDALONE=40997], networkLocation: /default-rack, certSerialId: null, persistedOpState: IN_SERVICE, persistedOpStateExpiryEpochSec: 0}, ReplicationConfig: RATIS/THREE, State:ALLOCATED, leaderId:6477641b-710a-49ab-b56b-e0f600eb5c24, CreationTimestamp2022-01-08T01:46:36.783Z[Etc/UTC]] moved to OPEN state
2022-01-08 01:46:44,382 [EventQueue-OpenPipelineForHealthyPipelineSafeModeRule] INFO  safemode.SCMSafeModeManager (HealthyPipelineSafeModeRule.java:process(124)) - SCM in safe mode. Healthy pipelines reported count is 1, required healthy pipeline reported count is 1
2022-01-08 01:46:44,382 [EventQueue-OpenPipelineForHealthyPipelineSafeModeRule] INFO  safemode.SCMSafeModeManager (SCMSafeModeManager.java:validateSafeModeExitRules(204)) - HealthyPipelineSafeModeRule rule is successfully validated
2022-01-08 01:46:44,382 [EventQueue-OpenPipelineForHealthyPipelineSafeModeRule] INFO  safemode.SCMSafeModeManager (SCMSafeModeManager.java:validateSafeModeExitRules(219)) - ScmSafeModeManager, all rules are successfully validated
2022-01-08 01:46:44,382 [EventQueue-OpenPipelineForHealthyPipelineSafeModeRule] INFO  safemode.SCMSafeModeManager (SCMSafeModeManager.java:exitSafeMode(248)) - SCM exiting safe mode.
2022-01-08 01:46:44,382 [EventQueue-OpenPipelineForHealthyPipelineSafeModeRule] WARN  events.EventQueue (EventQueue.java:fireEvent(194)) - No event handler registered for event TypedEvent{payloadType=SafeModeStatus, name='Safe mode status'}
2022-01-08 01:46:44,382 [EventQueue-OpenPipelineForHealthyPipelineSafeModeRule] INFO  ha.SCMContext (SCMContext.java:updateSafeModeStatus(211)) - Update SafeModeStatus from SafeModeStatus{safeModeStatus=true, preCheckPassed=true} to SafeModeStatus{safeModeStatus=false, preCheckPassed=true}.
2022-01-08 01:46:44,382 [EventQueue-OpenPipelineForHealthyPipelineSafeModeRule] INFO  pipeline.BackgroundPipelineCreator (BackgroundPipelineCreator.java:notifyStatusChanged(264)) - Service BackgroundPipelineCreator transitions to RUNNING.
2022-01-08 01:46:44,383 [EventQueue-OpenPipelineForHealthyPipelineSafeModeRule] INFO  container.ReplicationManager (ReplicationManager.java:notifyStatusChanged(1758)) - Service ReplicationManager transitions to RUNNING.
2022-01-08 01:46:44,383 [grpc-default-executor-3] INFO  server.RaftServer$Division (RaftServerImpl.java:requestVote(1046)) - 9d6916e6-e933-4839-a7aa-b025ed7fd068@group-AB80FE323EB3: receive requestVote(ELECTION, 6477641b-710a-49ab-b56b-e0f600eb5c24, group-AB80FE323EB3, 1, (t:0, i:0))
2022-01-08 01:46:44,383 [grpc-default-executor-3] INFO  impl.VoteContext (VoteContext.java:log(48)) - 9d6916e6-e933-4839-a7aa-b025ed7fd068@group-AB80FE323EB3-FOLLOWER: accept ELECTION from 6477641b-710a-49ab-b56b-e0f600eb5c24: our priority 0 <= candidate's priority 1
2022-01-08 01:46:44,383 [grpc-default-executor-3] INFO  server.RaftServer$Division (RaftServerImpl.java:setRole(290)) - 9d6916e6-e933-4839-a7aa-b025ed7fd068@group-AB80FE323EB3: changes role from  FOLLOWER to FOLLOWER at term 1 for candidate:6477641b-710a-49ab-b56b-e0f600eb5c24
2022-01-08 01:46:44,383 [grpc-default-executor-3] INFO  impl.RoleInfo (RoleInfo.java:shutdownFollowerState(108)) - 9d6916e6-e933-4839-a7aa-b025ed7fd068: shutdown 9d6916e6-e933-4839-a7aa-b025ed7fd068@group-AB80FE323EB3-FollowerState
2022-01-08 01:46:44,384 [6477641b-710a-49ab-b56b-e0f600eb5c24@group-AB80FE323EB3-SegmentedRaftLogWorker] INFO  segmented.SegmentedRaftLogWorker (SegmentedRaftLogWorker.java:execute(601)) - 6477641b-710a-49ab-b56b-e0f600eb5c24@group-AB80FE323EB3-SegmentedRaftLogWorker: created new log segment /home/runner/work/ozone/ozone/hadoop-ozone/integration-test/target/test-dir/MiniOzoneClusterImpl-6a132c25-3902-4d06-b1e4-79a7ed3e0f57/datanode-0/data/ratis/f2ed03a6-aac7-4283-93ce-ab80fe323eb3/current/log_inprogress_0
2022-01-08 01:46:44,385 [44471f42-9a01-4764-8909-e7e02c044ebe@group-AB80FE323EB3-FollowerState] INFO  impl.FollowerState (FollowerState.java:run(143)) - 44471f42-9a01-4764-8909-e7e02c044ebe@group-AB80FE323EB3-FollowerState was interrupted: {}
java.lang.InterruptedException: sleep interrupted
	at java.lang.Thread.sleep(Native Method)
	at java.lang.Thread.sleep(Thread.java:340)
	at java.util.concurrent.TimeUnit.sleep(TimeUnit.java:386)
	at org.apache.ratis.util.TimeDuration.sleep(TimeDuration.java:324)
	at org.apache.ratis.util.TimeDuration.sleep(TimeDuration.java:309)
	at org.apache.ratis.server.impl.FollowerState.run(FollowerState.java:118)
2022-01-08 01:46:44,385 [9d6916e6-e933-4839-a7aa-b025ed7fd068@group-AB80FE323EB3-FollowerState] INFO  impl.FollowerState (FollowerState.java:run(143)) - 9d6916e6-e933-4839-a7aa-b025ed7fd068@group-AB80FE323EB3-FollowerState was interrupted: {}
java.lang.InterruptedException: sleep interrupted
	at java.lang.Thread.sleep(Native Method)
	at java.lang.Thread.sleep(Thread.java:340)
	at java.util.concurrent.TimeUnit.sleep(TimeUnit.java:386)
	at org.apache.ratis.util.TimeDuration.sleep(TimeDuration.java:324)
	at org.apache.ratis.util.TimeDuration.sleep(TimeDuration.java:309)
	at org.apache.ratis.server.impl.FollowerState.run(FollowerState.java:118)
2022-01-08 01:46:44,385 [grpc-default-executor-3] INFO  impl.RoleInfo (RoleInfo.java:updateAndGet(130)) - 9d6916e6-e933-4839-a7aa-b025ed7fd068: start 9d6916e6-e933-4839-a7aa-b025ed7fd068@group-AB80FE323EB3-FollowerState
2022-01-08 01:46:44,415 [grpc-default-executor-3] INFO  server.RaftServer$Division (RaftServerImpl.java:requestVote(1078)) - 9d6916e6-e933-4839-a7aa-b025ed7fd068@group-AB80FE323EB3 replies to ELECTION vote request: 6477641b-710a-49ab-b56b-e0f600eb5c24<-9d6916e6-e933-4839-a7aa-b025ed7fd068#0:OK-t1. Peer's state: 9d6916e6-e933-4839-a7aa-b025ed7fd068@group-AB80FE323EB3:t1, leader=null, voted=6477641b-710a-49ab-b56b-e0f600eb5c24, raftlog=9d6916e6-e933-4839-a7aa-b025ed7fd068@group-AB80FE323EB3-SegmentedRaftLog:OPENED:c-1, conf=-1: [6477641b-710a-49ab-b56b-e0f600eb5c24|rpc:10.1.0.34:38417|priority:1, 44471f42-9a01-4764-8909-e7e02c044ebe|rpc:10.1.0.34:44109|priority:0, 9d6916e6-e933-4839-a7aa-b025ed7fd068|rpc:10.1.0.34:40543|priority:0], old=null
2022-01-08 01:46:44,428 [6477641b-710a-49ab-b56b-e0f600eb5c24@group-AB80FE323EB3-LeaderElection76] INFO  server.RaftServer$Division (ServerState.java:setRaftConf(387)) - 6477641b-710a-49ab-b56b-e0f600eb5c24@group-AB80FE323EB3: set configuration 0: [6477641b-710a-49ab-b56b-e0f600eb5c24|rpc:10.1.0.34:38417|dataStream:|priority:1, 44471f42-9a01-4764-8909-e7e02c044ebe|rpc:10.1.0.34:44109|dataStream:|priority:0, 9d6916e6-e933-4839-a7aa-b025ed7fd068|rpc:10.1.0.34:40543|dataStream:|priority:0], old=null
2022-01-08 01:46:44,459 [grpc-default-executor-1] INFO  ratis.XceiverServerRatis (XceiverServerRatis.java:handleLeaderChangedNotification(866)) - Leader change notification received for group: group-AB80FE323EB3 with new leaderId: 6477641b-710a-49ab-b56b-e0f600eb5c24
2022-01-08 01:46:44,459 [grpc-default-executor-1] INFO  server.RaftServer$Division (ServerState.java:setLeader(285)) - 9d6916e6-e933-4839-a7aa-b025ed7fd068@group-AB80FE323EB3: change Leader from null to 6477641b-710a-49ab-b56b-e0f600eb5c24 at term 1 for appendEntries, leader elected after 5186ms
2022-01-08 01:46:44,490 [grpc-default-executor-3] INFO  server.RaftServer$Division (ServerState.java:setRaftConf(387)) - 9d6916e6-e933-4839-a7aa-b025ed7fd068@group-AB80FE323EB3: set configuration 0: [6477641b-710a-49ab-b56b-e0f600eb5c24|rpc:10.1.0.34:38417|dataStream:|priority:1, 44471f42-9a01-4764-8909-e7e02c044ebe|rpc:10.1.0.34:44109|dataStream:|priority:0, 9d6916e6-e933-4839-a7aa-b025ed7fd068|rpc:10.1.0.34:40543|dataStream:|priority:0], old=null
2022-01-08 01:46:44,490 [grpc-default-executor-3] INFO  segmented.SegmentedRaftLogWorker (SegmentedRaftLogWorker.java:startLogSegment(394)) - 9d6916e6-e933-4839-a7aa-b025ed7fd068@group-AB80FE323EB3-SegmentedRaftLogWorker: Starting segment from index:0
2022-01-08 01:46:44,491 [grpc-default-executor-2] INFO  ratis.XceiverServerRatis (XceiverServerRatis.java:handleLeaderChangedNotification(866)) - Leader change notification received for group: group-AB80FE323EB3 with new leaderId: 6477641b-710a-49ab-b56b-e0f600eb5c24
2022-01-08 01:46:44,491 [grpc-default-executor-2] INFO  server.RaftServer$Division (ServerState.java:setLeader(285)) - 44471f42-9a01-4764-8909-e7e02c044ebe@group-AB80FE323EB3: change Leader from null to 6477641b-710a-49ab-b56b-e0f600eb5c24 at term 1 for appendEntries, leader elected after 5224ms
2022-01-08 01:46:44,493 [9d6916e6-e933-4839-a7aa-b025ed7fd068@group-AB80FE323EB3-SegmentedRaftLogWorker] INFO  segmented.SegmentedRaftLogWorker (SegmentedRaftLogWorker.java:execute(601)) - 9d6916e6-e933-4839-a7aa-b025ed7fd068@group-AB80FE323EB3-SegmentedRaftLogWorker: created new log segment /home/runner/work/ozone/ozone/hadoop-ozone/integration-test/target/test-dir/MiniOzoneClusterImpl-6a132c25-3902-4d06-b1e4-79a7ed3e0f57/datanode-1/data/ratis/f2ed03a6-aac7-4283-93ce-ab80fe323eb3/current/log_inprogress_0
2022-01-08 01:46:44,493 [grpc-default-executor-2] INFO  server.RaftServer$Division (ServerState.java:setRaftConf(387)) - 44471f42-9a01-4764-8909-e7e02c044ebe@group-AB80FE323EB3: set configuration 0: [6477641b-710a-49ab-b56b-e0f600eb5c24|rpc:10.1.0.34:38417|dataStream:|priority:1, 44471f42-9a01-4764-8909-e7e02c044ebe|rpc:10.1.0.34:44109|dataStream:|priority:0, 9d6916e6-e933-4839-a7aa-b025ed7fd068|rpc:10.1.0.34:40543|dataStream:|priority:0], old=null
2022-01-08 01:46:44,494 [grpc-default-executor-2] INFO  segmented.SegmentedRaftLogWorker (SegmentedRaftLogWorker.java:startLogSegment(394)) - 44471f42-9a01-4764-8909-e7e02c044ebe@group-AB80FE323EB3-SegmentedRaftLogWorker: Starting segment from index:0
2022-01-08 01:46:44,496 [44471f42-9a01-4764-8909-e7e02c044ebe@group-AB80FE323EB3-SegmentedRaftLogWorker] INFO  segmented.SegmentedRaftLogWorker (SegmentedRaftLogWorker.java:execute(601)) - 44471f42-9a01-4764-8909-e7e02c044ebe@group-AB80FE323EB3-SegmentedRaftLogWorker: created new log segment /home/runner/work/ozone/ozone/hadoop-ozone/integration-test/target/test-dir/MiniOzoneClusterImpl-6a132c25-3902-4d06-b1e4-79a7ed3e0f57/datanode-2/data/ratis/f2ed03a6-aac7-4283-93ce-ab80fe323eb3/current/log_inprogress_0
2022-01-08 01:46:44,845 [44471f42-9a01-4764-8909-e7e02c044ebe@group-43BD03022839-FollowerState] INFO  impl.FollowerState (FollowerState.java:run(134)) - 44471f42-9a01-4764-8909-e7e02c044ebe@group-43BD03022839-FollowerState: change to CANDIDATE, lastRpcElapsedTime:5026571113ns, electionTimeout:5025ms
2022-01-08 01:46:44,845 [44471f42-9a01-4764-8909-e7e02c044ebe@group-43BD03022839-FollowerState] INFO  impl.RoleInfo (RoleInfo.java:shutdownFollowerState(108)) - 44471f42-9a01-4764-8909-e7e02c044ebe: shutdown 44471f42-9a01-4764-8909-e7e02c044ebe@group-43BD03022839-FollowerState
2022-01-08 01:46:44,845 [44471f42-9a01-4764-8909-e7e02c044ebe@group-43BD03022839-FollowerState] INFO  server.RaftServer$Division (RaftServerImpl.java:setRole(290)) - 44471f42-9a01-4764-8909-e7e02c044ebe@group-43BD03022839: changes role from  FOLLOWER to CANDIDATE at term 0 for changeToCandidate
2022-01-08 01:46:44,855 [44471f42-9a01-4764-8909-e7e02c044ebe@group-43BD03022839-FollowerState] INFO  server.RaftServerConfigKeys (ConfUtils.java:logGet(44)) - raft.server.leaderelection.pre-vote = false (custom)
2022-01-08 01:46:44,855 [44471f42-9a01-4764-8909-e7e02c044ebe@group-43BD03022839-FollowerState] INFO  impl.RoleInfo (RoleInfo.java:updateAndGet(130)) - 44471f42-9a01-4764-8909-e7e02c044ebe: start 44471f42-9a01-4764-8909-e7e02c044ebe@group-43BD03022839-LeaderElection77
2022-01-08 01:46:44,858 [Listener at 127.0.0.1/40645] INFO  ozone.MiniOzoneClusterImpl (MiniOzoneClusterImpl.java:lambda$waitForClusterToBeReady$0(235)) - Nodes are ready. Got 7 of 7 DN Heartbeats.
2022-01-08 01:46:44,858 [Listener at 127.0.0.1/40645] INFO  ozone.MiniOzoneClusterImpl (MiniOzoneClusterImpl.java:lambda$waitForClusterToBeReady$0(238)) - Cluster exits safe mode
2022-01-08 01:46:44,858 [Listener at 127.0.0.1/40645] INFO  ozone.MiniOzoneClusterImpl (MiniOzoneClusterImpl.java:lambda$waitForClusterToBeReady$0(240)) - SCM became leader
2022-01-08 01:46:44,860 [Listener at 127.0.0.1/40645] INFO  rpc.RpcClient (RpcClient.java:createVolume(389)) - Creating Volume: testblockoutputstream, with runner as owner and space quota set to -1 bytes, counts quota set to -1
2022-01-08 01:46:44,889 [OM StateMachine ApplyTransaction Thread - 0] INFO  volume.OMVolumeCreateRequest (OMVolumeCreateRequest.java:validateAndUpdateCache(195)) - created volume:testblockoutputstream for user:runner
2022-01-08 01:46:44,908 [Listener at 127.0.0.1/40645] INFO  rpc.RpcClient (RpcClient.java:createBucket(552)) - Creating Bucket: testblockoutputstream/testblockoutputstream, with runner as owner and Versioning false and Storage Type set to DISK and Encryption set to false 
2022-01-08 01:46:44,942 [44471f42-9a01-4764-8909-e7e02c044ebe@group-43BD03022839-LeaderElection77] INFO  impl.LeaderElection (LeaderElection.java:askForVotes(306)) - 44471f42-9a01-4764-8909-e7e02c044ebe@group-43BD03022839-LeaderElection77 ELECTION round 0: submit vote requests at term 1 for -1: [44471f42-9a01-4764-8909-e7e02c044ebe|rpc:10.1.0.34:44109|priority:1], old=null
2022-01-08 01:46:44,942 [44471f42-9a01-4764-8909-e7e02c044ebe@group-43BD03022839-LeaderElection77] INFO  impl.LeaderElection (LeaderElection.java:askForVotes(308)) - 44471f42-9a01-4764-8909-e7e02c044ebe@group-43BD03022839-LeaderElection77 ELECTION round 0: result PASSED (term=1)
2022-01-08 01:46:44,942 [44471f42-9a01-4764-8909-e7e02c044ebe@group-43BD03022839-LeaderElection77] INFO  impl.RoleInfo (RoleInfo.java:shutdownLeaderElection(121)) - 44471f42-9a01-4764-8909-e7e02c044ebe: shutdown 44471f42-9a01-4764-8909-e7e02c044ebe@group-43BD03022839-LeaderElection77
2022-01-08 01:46:44,942 [44471f42-9a01-4764-8909-e7e02c044ebe@group-43BD03022839-LeaderElection77] INFO  server.RaftServer$Division (RaftServerImpl.java:setRole(290)) - 44471f42-9a01-4764-8909-e7e02c044ebe@group-43BD03022839: changes role from CANDIDATE to LEADER at term 1 for changeToLeader
2022-01-08 01:46:44,942 [44471f42-9a01-4764-8909-e7e02c044ebe@group-43BD03022839-LeaderElection77] INFO  ratis.XceiverServerRatis (XceiverServerRatis.java:handleLeaderChangedNotification(866)) - Leader change notification received for group: group-43BD03022839 with new leaderId: 44471f42-9a01-4764-8909-e7e02c044ebe
2022-01-08 01:46:44,942 [44471f42-9a01-4764-8909-e7e02c044ebe@group-43BD03022839-LeaderElection77] INFO  server.RaftServer$Division (ServerState.java:setLeader(285)) - 44471f42-9a01-4764-8909-e7e02c044ebe@group-43BD03022839: change Leader from null to 44471f42-9a01-4764-8909-e7e02c044ebe at term 1 for becomeLeader, leader elected after 5162ms
2022-01-08 01:46:44,942 [44471f42-9a01-4764-8909-e7e02c044ebe@group-43BD03022839-LeaderElection77] INFO  server.RaftServerConfigKeys (ConfUtils.java:logGet(44)) - raft.server.staging.catchup.gap = 1000 (default)
2022-01-08 01:46:44,943 [44471f42-9a01-4764-8909-e7e02c044ebe@group-43BD03022839-LeaderElection77] INFO  server.RaftServerConfigKeys (ConfUtils.java:logGet(44)) - raft.server.write.element-limit = 1024 (custom)
2022-01-08 01:46:44,943 [44471f42-9a01-4764-8909-e7e02c044ebe@group-43BD03022839-LeaderElection77] INFO  server.RaftServerConfigKeys (ConfUtils.java:logGet(44)) - raft.server.write.byte-limit = 1024 M (=1073741824) (custom)
2022-01-08 01:46:44,943 [44471f42-9a01-4764-8909-e7e02c044ebe@group-43BD03022839-LeaderElection77] INFO  server.RaftServerConfigKeys (ConfUtils.java:logGet(44)) - raft.server.watch.timeout = 3000ms (custom)
2022-01-08 01:46:44,943 [44471f42-9a01-4764-8909-e7e02c044ebe@group-43BD03022839-LeaderElection77] INFO  server.RaftServerConfigKeys (ConfUtils.java:logGet(44)) - raft.server.watch.timeout.denomination = 1s (default)
2022-01-08 01:46:44,943 [44471f42-9a01-4764-8909-e7e02c044ebe@group-43BD03022839-LeaderElection77] INFO  server.RaftServerConfigKeys (ConfUtils.java:logGet(44)) - raft.server.watch.element-limit = 65536 (default)
2022-01-08 01:46:44,943 [44471f42-9a01-4764-8909-e7e02c044ebe@group-43BD03022839-LeaderElection77] INFO  server.RaftServerConfigKeys (ConfUtils.java:logGet(44)) - raft.server.write.element-limit = 1024 (custom)
2022-01-08 01:46:44,943 [44471f42-9a01-4764-8909-e7e02c044ebe@group-43BD03022839-LeaderElection77] INFO  server.RaftServerConfigKeys (ConfUtils.java:logGet(44)) - raft.server.write.follower.gap.ratio.max = -1.0 (default)
2022-01-08 01:46:44,943 [44471f42-9a01-4764-8909-e7e02c044ebe@group-43BD03022839-LeaderElection77] INFO  impl.RoleInfo (RoleInfo.java:updateAndGet(130)) - 44471f42-9a01-4764-8909-e7e02c044ebe: start 44471f42-9a01-4764-8909-e7e02c044ebe@group-43BD03022839-LeaderStateImpl
2022-01-08 01:46:44,944 [44471f42-9a01-4764-8909-e7e02c044ebe@group-43BD03022839-LeaderElection77] INFO  segmented.SegmentedRaftLogWorker (SegmentedRaftLogWorker.java:startLogSegment(394)) - 44471f42-9a01-4764-8909-e7e02c044ebe@group-43BD03022839-SegmentedRaftLogWorker: Starting segment from index:0
2022-01-08 01:46:44,946 [44471f42-9a01-4764-8909-e7e02c044ebe@group-43BD03022839-SegmentedRaftLogWorker] INFO  segmented.SegmentedRaftLogWorker (SegmentedRaftLogWorker.java:execute(601)) - 44471f42-9a01-4764-8909-e7e02c044ebe@group-43BD03022839-SegmentedRaftLogWorker: created new log segment /home/runner/work/ozone/ozone/hadoop-ozone/integration-test/target/test-dir/MiniOzoneClusterImpl-6a132c25-3902-4d06-b1e4-79a7ed3e0f57/datanode-2/data/ratis/5d32d0ed-d79b-48e3-9bab-43bd03022839/current/log_inprogress_0
2022-01-08 01:46:44,956 [44471f42-9a01-4764-8909-e7e02c044ebe@group-43BD03022839-LeaderElection77] INFO  server.RaftServer$Division (ServerState.java:setRaftConf(387)) - 44471f42-9a01-4764-8909-e7e02c044ebe@group-43BD03022839: set configuration 0: [44471f42-9a01-4764-8909-e7e02c044ebe|rpc:10.1.0.34:44109|dataStream:|priority:1], old=null
2022-01-08 01:46:45,009 [IPC Server handler 2 on default port 34457] INFO  ha.SequenceIdGenerator (SequenceIdGenerator.java:getNextId(127)) - Allocate a batch for containerId, change lastId from 0 to 1000.
2022-01-08 01:46:45,009 [IPC Server handler 2 on default port 34457] WARN  ha.SequenceIdGenerator (SequenceIdGenerator.java:allocateBatch(235)) - Failed to allocate a batch for localId, expected lastId is 0, actual lastId is 109611004723200000.
2022-01-08 01:46:45,009 [IPC Server handler 2 on default port 34457] INFO  ha.SequenceIdGenerator (SequenceIdGenerator.java:getNextId(127)) - Allocate a batch for localId, change lastId from 109611004723200000 to 109611004723201000.
2022-01-08 01:46:45,490 [46dea062-dbed-4f29-9927-38d96de780a1@group-5C48197DAF44-FollowerState] INFO  impl.FollowerState (FollowerState.java:run(134)) - 46dea062-dbed-4f29-9927-38d96de780a1@group-5C48197DAF44-FollowerState: change to CANDIDATE, lastRpcElapsedTime:5173029973ns, electionTimeout:5172ms
2022-01-08 01:46:45,490 [46dea062-dbed-4f29-9927-38d96de780a1@group-5C48197DAF44-FollowerState] INFO  impl.RoleInfo (RoleInfo.java:shutdownFollowerState(108)) - 46dea062-dbed-4f29-9927-38d96de780a1: shutdown 46dea062-dbed-4f29-9927-38d96de780a1@group-5C48197DAF44-FollowerState
2022-01-08 01:46:45,490 [46dea062-dbed-4f29-9927-38d96de780a1@group-5C48197DAF44-FollowerState] INFO  server.RaftServer$Division (RaftServerImpl.java:setRole(290)) - 46dea062-dbed-4f29-9927-38d96de780a1@group-5C48197DAF44: changes role from  FOLLOWER to CANDIDATE at term 0 for changeToCandidate
2022-01-08 01:46:45,533 [46dea062-dbed-4f29-9927-38d96de780a1@group-5C48197DAF44-FollowerState] INFO  server.RaftServerConfigKeys (ConfUtils.java:logGet(44)) - raft.server.leaderelection.pre-vote = false (custom)
2022-01-08 01:46:45,533 [46dea062-dbed-4f29-9927-38d96de780a1@group-5C48197DAF44-FollowerState] INFO  impl.RoleInfo (RoleInfo.java:updateAndGet(130)) - 46dea062-dbed-4f29-9927-38d96de780a1: start 46dea062-dbed-4f29-9927-38d96de780a1@group-5C48197DAF44-LeaderElection78
2022-01-08 01:46:45,563 [46dea062-dbed-4f29-9927-38d96de780a1@group-5C48197DAF44-LeaderElection78] INFO  impl.LeaderElection (LeaderElection.java:askForVotes(306)) - 46dea062-dbed-4f29-9927-38d96de780a1@group-5C48197DAF44-LeaderElection78 ELECTION round 0: submit vote requests at term 1 for -1: [46dea062-dbed-4f29-9927-38d96de780a1|rpc:10.1.0.34:40963|priority:1], old=null
2022-01-08 01:46:45,563 [46dea062-dbed-4f29-9927-38d96de780a1@group-5C48197DAF44-LeaderElection78] INFO  impl.LeaderElection (LeaderElection.java:askForVotes(308)) - 46dea062-dbed-4f29-9927-38d96de780a1@group-5C48197DAF44-LeaderElection78 ELECTION round 0: result PASSED (term=1)
2022-01-08 01:46:45,563 [46dea062-dbed-4f29-9927-38d96de780a1@group-5C48197DAF44-LeaderElection78] INFO  impl.RoleInfo (RoleInfo.java:shutdownLeaderElection(121)) - 46dea062-dbed-4f29-9927-38d96de780a1: shutdown 46dea062-dbed-4f29-9927-38d96de780a1@group-5C48197DAF44-LeaderElection78
2022-01-08 01:46:45,563 [46dea062-dbed-4f29-9927-38d96de780a1@group-5C48197DAF44-LeaderElection78] INFO  server.RaftServer$Division (RaftServerImpl.java:setRole(290)) - 46dea062-dbed-4f29-9927-38d96de780a1@group-5C48197DAF44: changes role from CANDIDATE to LEADER at term 1 for changeToLeader
2022-01-08 01:46:45,563 [46dea062-dbed-4f29-9927-38d96de780a1@group-5C48197DAF44-LeaderElection78] INFO  ratis.XceiverServerRatis (XceiverServerRatis.java:handleLeaderChangedNotification(866)) - Leader change notification received for group: group-5C48197DAF44 with new leaderId: 46dea062-dbed-4f29-9927-38d96de780a1
2022-01-08 01:46:45,565 [46dea062-dbed-4f29-9927-38d96de780a1@group-5C48197DAF44-LeaderElection78] INFO  server.RaftServer$Division (ServerState.java:setLeader(285)) - 46dea062-dbed-4f29-9927-38d96de780a1@group-5C48197DAF44: change Leader from null to 46dea062-dbed-4f29-9927-38d96de780a1 at term 1 for becomeLeader, leader elected after 5300ms
2022-01-08 01:46:45,565 [46dea062-dbed-4f29-9927-38d96de780a1@group-5C48197DAF44-LeaderElection78] INFO  server.RaftServerConfigKeys (ConfUtils.java:logGet(44)) - raft.server.staging.catchup.gap = 1000 (default)
2022-01-08 01:46:45,565 [46dea062-dbed-4f29-9927-38d96de780a1@group-5C48197DAF44-LeaderElection78] INFO  server.RaftServerConfigKeys (ConfUtils.java:logGet(44)) - raft.server.write.element-limit = 1024 (custom)
2022-01-08 01:46:45,565 [46dea062-dbed-4f29-9927-38d96de780a1@group-5C48197DAF44-LeaderElection78] INFO  server.RaftServerConfigKeys (ConfUtils.java:logGet(44)) - raft.server.write.byte-limit = 1024 M (=1073741824) (custom)
2022-01-08 01:46:45,566 [46dea062-dbed-4f29-9927-38d96de780a1@group-5C48197DAF44-LeaderElection78] INFO  server.RaftServerConfigKeys (ConfUtils.java:logGet(44)) - raft.server.watch.timeout = 3000ms (custom)
2022-01-08 01:46:45,566 [46dea062-dbed-4f29-9927-38d96de780a1@group-5C48197DAF44-LeaderElection78] INFO  server.RaftServerConfigKeys (ConfUtils.java:logGet(44)) - raft.server.watch.timeout.denomination = 1s (default)
2022-01-08 01:46:45,566 [46dea062-dbed-4f29-9927-38d96de780a1@group-5C48197DAF44-LeaderElection78] INFO  server.RaftServerConfigKeys (ConfUtils.java:logGet(44)) - raft.server.watch.element-limit = 65536 (default)
2022-01-08 01:46:45,566 [46dea062-dbed-4f29-9927-38d96de780a1@group-5C48197DAF44-LeaderElection78] INFO  server.RaftServerConfigKeys (ConfUtils.java:logGet(44)) - raft.server.write.element-limit = 1024 (custom)
2022-01-08 01:46:45,566 [46dea062-dbed-4f29-9927-38d96de780a1@group-5C48197DAF44-LeaderElection78] INFO  server.RaftServerConfigKeys (ConfUtils.java:logGet(44)) - raft.server.write.follower.gap.ratio.max = -1.0 (default)
2022-01-08 01:46:45,566 [46dea062-dbed-4f29-9927-38d96de780a1@group-5C48197DAF44-LeaderElection78] INFO  impl.RoleInfo (RoleInfo.java:updateAndGet(130)) - 46dea062-dbed-4f29-9927-38d96de780a1: start 46dea062-dbed-4f29-9927-38d96de780a1@group-5C48197DAF44-LeaderStateImpl
2022-01-08 01:46:45,566 [46dea062-dbed-4f29-9927-38d96de780a1@group-5C48197DAF44-LeaderElection78] INFO  segmented.SegmentedRaftLogWorker (SegmentedRaftLogWorker.java:startLogSegment(394)) - 46dea062-dbed-4f29-9927-38d96de780a1@group-5C48197DAF44-SegmentedRaftLogWorker: Starting segment from index:0
2022-01-08 01:46:45,570 [46dea062-dbed-4f29-9927-38d96de780a1@group-5C48197DAF44-SegmentedRaftLogWorker] INFO  segmented.SegmentedRaftLogWorker (SegmentedRaftLogWorker.java:execute(601)) - 46dea062-dbed-4f29-9927-38d96de780a1@group-5C48197DAF44-SegmentedRaftLogWorker: created new log segment /home/runner/work/ozone/ozone/hadoop-ozone/integration-test/target/test-dir/MiniOzoneClusterImpl-6a132c25-3902-4d06-b1e4-79a7ed3e0f57/datanode-3/data/ratis/07045353-53d7-48c2-843c-5c48197daf44/current/log_inprogress_0
2022-01-08 01:46:45,584 [46dea062-dbed-4f29-9927-38d96de780a1@group-E4867FAC98DD-FollowerState] INFO  impl.FollowerState (FollowerState.java:run(134)) - 46dea062-dbed-4f29-9927-38d96de780a1@group-E4867FAC98DD-FollowerState: change to CANDIDATE, lastRpcElapsedTime:5195991867ns, electionTimeout:5193ms
2022-01-08 01:46:45,585 [46dea062-dbed-4f29-9927-38d96de780a1@group-E4867FAC98DD-FollowerState] INFO  impl.RoleInfo (RoleInfo.java:shutdownFollowerState(108)) - 46dea062-dbed-4f29-9927-38d96de780a1: shutdown 46dea062-dbed-4f29-9927-38d96de780a1@group-E4867FAC98DD-FollowerState
2022-01-08 01:46:45,585 [46dea062-dbed-4f29-9927-38d96de780a1@group-E4867FAC98DD-FollowerState] INFO  server.RaftServer$Division (RaftServerImpl.java:setRole(290)) - 46dea062-dbed-4f29-9927-38d96de780a1@group-E4867FAC98DD: changes role from  FOLLOWER to CANDIDATE at term 0 for changeToCandidate
2022-01-08 01:46:45,596 [46dea062-dbed-4f29-9927-38d96de780a1@group-5C48197DAF44-LeaderElection78] INFO  server.RaftServer$Division (ServerState.java:setRaftConf(387)) - 46dea062-dbed-4f29-9927-38d96de780a1@group-5C48197DAF44: set configuration 0: [46dea062-dbed-4f29-9927-38d96de780a1|rpc:10.1.0.34:40963|dataStream:|priority:1], old=null
2022-01-08 01:46:45,603 [46dea062-dbed-4f29-9927-38d96de780a1@group-E4867FAC98DD-FollowerState] INFO  server.RaftServerConfigKeys (ConfUtils.java:logGet(44)) - raft.server.leaderelection.pre-vote = false (custom)
2022-01-08 01:46:45,604 [46dea062-dbed-4f29-9927-38d96de780a1@group-E4867FAC98DD-FollowerState] INFO  impl.RoleInfo (RoleInfo.java:updateAndGet(130)) - 46dea062-dbed-4f29-9927-38d96de780a1: start 46dea062-dbed-4f29-9927-38d96de780a1@group-E4867FAC98DD-LeaderElection79
2022-01-08 01:46:45,622 [46dea062-dbed-4f29-9927-38d96de780a1@group-E4867FAC98DD-LeaderElection79] INFO  impl.LeaderElection (LeaderElection.java:askForVotes(306)) - 46dea062-dbed-4f29-9927-38d96de780a1@group-E4867FAC98DD-LeaderElection79 ELECTION round 0: submit vote requests at term 1 for -1: [81a3d3bc-df93-482d-841e-57d386bb5ebf|rpc:10.1.0.34:40489|priority:0, a6c260a2-0fcb-4cbe-bb3c-7bbe6bc0f1a0|rpc:10.1.0.34:44223|priority:0, 46dea062-dbed-4f29-9927-38d96de780a1|rpc:10.1.0.34:40963|priority:1], old=null
2022-01-08 01:46:45,638 [grpc-default-executor-2] INFO  server.RaftServer$Division (RaftServerImpl.java:requestVote(1046)) - 81a3d3bc-df93-482d-841e-57d386bb5ebf@group-E4867FAC98DD: receive requestVote(ELECTION, 46dea062-dbed-4f29-9927-38d96de780a1, group-E4867FAC98DD, 1, (t:0, i:0))
2022-01-08 01:46:45,639 [grpc-default-executor-2] INFO  impl.VoteContext (VoteContext.java:log(48)) - 81a3d3bc-df93-482d-841e-57d386bb5ebf@group-E4867FAC98DD-FOLLOWER: accept ELECTION from 46dea062-dbed-4f29-9927-38d96de780a1: our priority 0 <= candidate's priority 1
2022-01-08 01:46:45,639 [grpc-default-executor-2] INFO  server.RaftServer$Division (RaftServerImpl.java:setRole(290)) - 81a3d3bc-df93-482d-841e-57d386bb5ebf@group-E4867FAC98DD: changes role from  FOLLOWER to FOLLOWER at term 1 for candidate:46dea062-dbed-4f29-9927-38d96de780a1
2022-01-08 01:46:45,639 [grpc-default-executor-2] INFO  impl.RoleInfo (RoleInfo.java:shutdownFollowerState(108)) - 81a3d3bc-df93-482d-841e-57d386bb5ebf: shutdown 81a3d3bc-df93-482d-841e-57d386bb5ebf@group-E4867FAC98DD-FollowerState
2022-01-08 01:46:45,639 [grpc-default-executor-2] INFO  impl.RoleInfo (RoleInfo.java:updateAndGet(130)) - 81a3d3bc-df93-482d-841e-57d386bb5ebf: start 81a3d3bc-df93-482d-841e-57d386bb5ebf@group-E4867FAC98DD-FollowerState
2022-01-08 01:46:45,639 [81a3d3bc-df93-482d-841e-57d386bb5ebf@group-E4867FAC98DD-FollowerState] INFO  impl.FollowerState (FollowerState.java:run(143)) - 81a3d3bc-df93-482d-841e-57d386bb5ebf@group-E4867FAC98DD-FollowerState was interrupted: {}
java.lang.InterruptedException: sleep interrupted
	at java.lang.Thread.sleep(Native Method)
	at java.lang.Thread.sleep(Thread.java:340)
	at java.util.concurrent.TimeUnit.sleep(TimeUnit.java:386)
	at org.apache.ratis.util.TimeDuration.sleep(TimeDuration.java:324)
	at org.apache.ratis.util.TimeDuration.sleep(TimeDuration.java:309)
	at org.apache.ratis.server.impl.FollowerState.run(FollowerState.java:118)
2022-01-08 01:46:45,641 [grpc-default-executor-2] INFO  server.RaftServer$Division (RaftServerImpl.java:requestVote(1078)) - 81a3d3bc-df93-482d-841e-57d386bb5ebf@group-E4867FAC98DD replies to ELECTION vote request: 46dea062-dbed-4f29-9927-38d96de780a1<-81a3d3bc-df93-482d-841e-57d386bb5ebf#0:OK-t1. Peer's state: 81a3d3bc-df93-482d-841e-57d386bb5ebf@group-E4867FAC98DD:t1, leader=null, voted=46dea062-dbed-4f29-9927-38d96de780a1, raftlog=81a3d3bc-df93-482d-841e-57d386bb5ebf@group-E4867FAC98DD-SegmentedRaftLog:OPENED:c-1, conf=-1: [81a3d3bc-df93-482d-841e-57d386bb5ebf|rpc:10.1.0.34:40489|dataStream:|priority:0, a6c260a2-0fcb-4cbe-bb3c-7bbe6bc0f1a0|rpc:10.1.0.34:44223|dataStream:|priority:0, 46dea062-dbed-4f29-9927-38d96de780a1|rpc:10.1.0.34:40963|dataStream:|priority:1], old=null
2022-01-08 01:46:45,662 [grpc-default-executor-2] INFO  server.RaftServer$Division (RaftServerImpl.java:requestVote(1046)) - a6c260a2-0fcb-4cbe-bb3c-7bbe6bc0f1a0@group-E4867FAC98DD: receive requestVote(ELECTION, 46dea062-dbed-4f29-9927-38d96de780a1, group-E4867FAC98DD, 1, (t:0, i:0))
2022-01-08 01:46:45,662 [grpc-default-executor-2] INFO  impl.VoteContext (VoteContext.java:log(48)) - a6c260a2-0fcb-4cbe-bb3c-7bbe6bc0f1a0@group-E4867FAC98DD-FOLLOWER: accept ELECTION from 46dea062-dbed-4f29-9927-38d96de780a1: our priority 0 <= candidate's priority 1
2022-01-08 01:46:45,662 [grpc-default-executor-2] INFO  server.RaftServer$Division (RaftServerImpl.java:setRole(290)) - a6c260a2-0fcb-4cbe-bb3c-7bbe6bc0f1a0@group-E4867FAC98DD: changes role from  FOLLOWER to FOLLOWER at term 1 for candidate:46dea062-dbed-4f29-9927-38d96de780a1
2022-01-08 01:46:45,662 [grpc-default-executor-2] INFO  impl.RoleInfo (RoleInfo.java:shutdownFollowerState(108)) - a6c260a2-0fcb-4cbe-bb3c-7bbe6bc0f1a0: shutdown a6c260a2-0fcb-4cbe-bb3c-7bbe6bc0f1a0@group-E4867FAC98DD-FollowerState
2022-01-08 01:46:45,662 [grpc-default-executor-2] INFO  impl.RoleInfo (RoleInfo.java:updateAndGet(130)) - a6c260a2-0fcb-4cbe-bb3c-7bbe6bc0f1a0: start a6c260a2-0fcb-4cbe-bb3c-7bbe6bc0f1a0@group-E4867FAC98DD-FollowerState
2022-01-08 01:46:45,662 [46dea062-dbed-4f29-9927-38d96de780a1@group-E4867FAC98DD-LeaderElection79] INFO  impl.LeaderElection (LeaderElection.java:logAndReturn(89)) - 46dea062-dbed-4f29-9927-38d96de780a1@group-E4867FAC98DD-LeaderElection79: ELECTION PASSED received 1 response(s) and 0 exception(s):
2022-01-08 01:46:45,662 [46dea062-dbed-4f29-9927-38d96de780a1@group-E4867FAC98DD-LeaderElection79] INFO  impl.LeaderElection (LeaderElection.java:logAndReturn(93)) -   Response 0: 46dea062-dbed-4f29-9927-38d96de780a1<-81a3d3bc-df93-482d-841e-57d386bb5ebf#0:OK-t1
2022-01-08 01:46:45,662 [46dea062-dbed-4f29-9927-38d96de780a1@group-E4867FAC98DD-LeaderElection79] INFO  impl.LeaderElection (LeaderElection.java:askForVotes(308)) - 46dea062-dbed-4f29-9927-38d96de780a1@group-E4867FAC98DD-LeaderElection79 ELECTION round 0: result PASSED
2022-01-08 01:46:45,662 [46dea062-dbed-4f29-9927-38d96de780a1@group-E4867FAC98DD-LeaderElection79] INFO  impl.RoleInfo (RoleInfo.java:shutdownLeaderElection(121)) - 46dea062-dbed-4f29-9927-38d96de780a1: shutdown 46dea062-dbed-4f29-9927-38d96de780a1@group-E4867FAC98DD-LeaderElection79
2022-01-08 01:46:45,662 [46dea062-dbed-4f29-9927-38d96de780a1@group-E4867FAC98DD-LeaderElection79] INFO  server.RaftServer$Division (RaftServerImpl.java:setRole(290)) - 46dea062-dbed-4f29-9927-38d96de780a1@group-E4867FAC98DD: changes role from CANDIDATE to LEADER at term 1 for changeToLeader
2022-01-08 01:46:45,662 [46dea062-dbed-4f29-9927-38d96de780a1@group-E4867FAC98DD-LeaderElection79] INFO  ratis.XceiverServerRatis (XceiverServerRatis.java:handleLeaderChangedNotification(866)) - Leader change notification received for group: group-E4867FAC98DD with new leaderId: 46dea062-dbed-4f29-9927-38d96de780a1
2022-01-08 01:46:45,663 [46dea062-dbed-4f29-9927-38d96de780a1@group-E4867FAC98DD-LeaderElection79] INFO  server.RaftServer$Division (ServerState.java:setLeader(285)) - 46dea062-dbed-4f29-9927-38d96de780a1@group-E4867FAC98DD: change Leader from null to 46dea062-dbed-4f29-9927-38d96de780a1 at term 1 for becomeLeader, leader elected after 5315ms
2022-01-08 01:46:45,663 [46dea062-dbed-4f29-9927-38d96de780a1@group-E4867FAC98DD-LeaderElection79] INFO  server.RaftServerConfigKeys (ConfUtils.java:logGet(44)) - raft.server.staging.catchup.gap = 1000 (default)
2022-01-08 01:46:45,663 [46dea062-dbed-4f29-9927-38d96de780a1@group-E4867FAC98DD-LeaderElection79] INFO  server.RaftServerConfigKeys (ConfUtils.java:logGet(44)) - raft.server.write.element-limit = 1024 (custom)
2022-01-08 01:46:45,663 [46dea062-dbed-4f29-9927-38d96de780a1@group-E4867FAC98DD-LeaderElection79] INFO  server.RaftServerConfigKeys (ConfUtils.java:logGet(44)) - raft.server.write.byte-limit = 1024 M (=1073741824) (custom)
2022-01-08 01:46:45,663 [46dea062-dbed-4f29-9927-38d96de780a1@group-E4867FAC98DD-LeaderElection79] INFO  server.RaftServerConfigKeys (ConfUtils.java:logGet(44)) - raft.server.watch.timeout = 3000ms (custom)
2022-01-08 01:46:45,664 [46dea062-dbed-4f29-9927-38d96de780a1@group-E4867FAC98DD-LeaderElection79] INFO  server.RaftServerConfigKeys (ConfUtils.java:logGet(44)) - raft.server.watch.timeout.denomination = 1s (default)
2022-01-08 01:46:45,664 [grpc-default-executor-2] INFO  server.RaftServer$Division (RaftServerImpl.java:requestVote(1078)) - a6c260a2-0fcb-4cbe-bb3c-7bbe6bc0f1a0@group-E4867FAC98DD replies to ELECTION vote request: 46dea062-dbed-4f29-9927-38d96de780a1<-a6c260a2-0fcb-4cbe-bb3c-7bbe6bc0f1a0#0:OK-t1. Peer's state: a6c260a2-0fcb-4cbe-bb3c-7bbe6bc0f1a0@group-E4867FAC98DD:t1, leader=null, voted=46dea062-dbed-4f29-9927-38d96de780a1, raftlog=a6c260a2-0fcb-4cbe-bb3c-7bbe6bc0f1a0@group-E4867FAC98DD-SegmentedRaftLog:OPENED:c-1, conf=-1: [81a3d3bc-df93-482d-841e-57d386bb5ebf|rpc:10.1.0.34:40489|dataStream:|priority:0, a6c260a2-0fcb-4cbe-bb3c-7bbe6bc0f1a0|rpc:10.1.0.34:44223|dataStream:|priority:0, 46dea062-dbed-4f29-9927-38d96de780a1|rpc:10.1.0.34:40963|dataStream:|priority:1], old=null
2022-01-08 01:46:45,664 [46dea062-dbed-4f29-9927-38d96de780a1@group-E4867FAC98DD-LeaderElection79] INFO  server.RaftServerConfigKeys (ConfUtils.java:logGet(44)) - raft.server.watch.element-limit = 65536 (default)
2022-01-08 01:46:45,665 [46dea062-dbed-4f29-9927-38d96de780a1@group-E4867FAC98DD-LeaderElection79] INFO  server.RaftServerConfigKeys (ConfUtils.java:logGet(44)) - raft.server.write.element-limit = 1024 (custom)
2022-01-08 01:46:45,665 [46dea062-dbed-4f29-9927-38d96de780a1@group-E4867FAC98DD-LeaderElection79] INFO  server.RaftServerConfigKeys (ConfUtils.java:logGet(44)) - raft.server.write.follower.gap.ratio.max = -1.0 (default)
2022-01-08 01:46:45,665 [46dea062-dbed-4f29-9927-38d96de780a1@group-E4867FAC98DD-LeaderElection79] INFO  server.RaftServerConfigKeys (ConfUtils.java:logGet(44)) - raft.server.log.appender.snapshot.chunk.size.max = 16MB (=16777216) (default)
2022-01-08 01:46:45,665 [46dea062-dbed-4f29-9927-38d96de780a1@group-E4867FAC98DD-LeaderElection79] INFO  server.RaftServerConfigKeys (ConfUtils.java:logGet(44)) - raft.server.log.appender.buffer.byte-limit = 33554432 (custom)
2022-01-08 01:46:45,665 [46dea062-dbed-4f29-9927-38d96de780a1@group-E4867FAC98DD-LeaderElection79] INFO  server.RaftServerConfigKeys (ConfUtils.java:logGet(44)) - raft.server.log.appender.buffer.element-limit = 1 (custom)
2022-01-08 01:46:45,665 [46dea062-dbed-4f29-9927-38d96de780a1@group-E4867FAC98DD-LeaderElection79] INFO  grpc.GrpcConfigKeys (ConfUtils.java:logGet(44)) - raft.grpc.server.leader.outstanding.appends.max = 128 (default)
2022-01-08 01:46:45,665 [46dea062-dbed-4f29-9927-38d96de780a1@group-E4867FAC98DD-LeaderElection79] INFO  server.RaftServerConfigKeys (ConfUtils.java:logGet(44)) - raft.server.rpc.request.timeout = 3000ms (default)
2022-01-08 01:46:45,665 [a6c260a2-0fcb-4cbe-bb3c-7bbe6bc0f1a0@group-E4867FAC98DD-FollowerState] INFO  impl.FollowerState (FollowerState.java:run(143)) - a6c260a2-0fcb-4cbe-bb3c-7bbe6bc0f1a0@group-E4867FAC98DD-FollowerState was interrupted: {}
java.lang.InterruptedException: sleep interrupted
	at java.lang.Thread.sleep(Native Method)
	at java.lang.Thread.sleep(Thread.java:340)
	at java.util.concurrent.TimeUnit.sleep(TimeUnit.java:386)
	at org.apache.ratis.util.TimeDuration.sleep(TimeDuration.java:324)
	at org.apache.ratis.util.TimeDuration.sleep(TimeDuration.java:309)
	at org.apache.ratis.server.impl.FollowerState.run(FollowerState.java:118)
2022-01-08 01:46:45,691 [46dea062-dbed-4f29-9927-38d96de780a1@group-E4867FAC98DD-LeaderElection79] INFO  server.RaftServerConfigKeys (ConfUtils.java:logGet(44)) - raft.server.log.appender.install.snapshot.enabled = false (custom)
2022-01-08 01:46:45,692 [46dea062-dbed-4f29-9927-38d96de780a1@group-E4867FAC98DD-LeaderElection79] INFO  server.RaftServerConfigKeys (ConfUtils.java:logGet(44)) - raft.server.log.appender.snapshot.chunk.size.max = 16MB (=16777216) (default)
2022-01-08 01:46:45,692 [46dea062-dbed-4f29-9927-38d96de780a1@group-E4867FAC98DD-LeaderElection79] INFO  server.RaftServerConfigKeys (ConfUtils.java:logGet(44)) - raft.server.log.appender.buffer.byte-limit = 33554432 (custom)
2022-01-08 01:46:45,692 [46dea062-dbed-4f29-9927-38d96de780a1@group-E4867FAC98DD-LeaderElection79] INFO  server.RaftServerConfigKeys (ConfUtils.java:logGet(44)) - raft.server.log.appender.buffer.element-limit = 1 (custom)
2022-01-08 01:46:45,692 [46dea062-dbed-4f29-9927-38d96de780a1@group-E4867FAC98DD-LeaderElection79] INFO  grpc.GrpcConfigKeys (ConfUtils.java:logGet(44)) - raft.grpc.server.leader.outstanding.appends.max = 128 (default)
2022-01-08 01:46:45,692 [46dea062-dbed-4f29-9927-38d96de780a1@group-E4867FAC98DD-LeaderElection79] INFO  server.RaftServerConfigKeys (ConfUtils.java:logGet(44)) - raft.server.rpc.request.timeout = 3000ms (default)
2022-01-08 01:46:45,692 [46dea062-dbed-4f29-9927-38d96de780a1@group-E4867FAC98DD-LeaderElection79] INFO  server.RaftServerConfigKeys (ConfUtils.java:logGet(44)) - raft.server.log.appender.install.snapshot.enabled = false (custom)
2022-01-08 01:46:45,693 [46dea062-dbed-4f29-9927-38d96de780a1@group-E4867FAC98DD-LeaderElection79] INFO  impl.RoleInfo (RoleInfo.java:updateAndGet(130)) - 46dea062-dbed-4f29-9927-38d96de780a1: start 46dea062-dbed-4f29-9927-38d96de780a1@group-E4867FAC98DD-LeaderStateImpl
2022-01-08 01:46:45,693 [46dea062-dbed-4f29-9927-38d96de780a1@group-E4867FAC98DD-LeaderElection79] INFO  segmented.SegmentedRaftLogWorker (SegmentedRaftLogWorker.java:startLogSegment(394)) - 46dea062-dbed-4f29-9927-38d96de780a1@group-E4867FAC98DD-SegmentedRaftLogWorker: Starting segment from index:0
2022-01-08 01:46:45,694 [EventQueue-PipelineReportForPipelineReportHandler] INFO  pipeline.PipelineManagerImpl (PipelineManagerImpl.java:openPipeline(291)) - Pipeline Pipeline[ Id: 11e6a4f4-e93b-49ef-a845-e4867fac98dd, Nodes: 46dea062-dbed-4f29-9927-38d96de780a1{ip: 10.1.0.34, host: fv-az116-279.vzw04321ajxubdbcnpick5nqva.xx.internal.cloudapp.net, ports: [REPLICATION=42195, RATIS=40963, RATIS_ADMIN=40963, RATIS_SERVER=40963, STANDALONE=39759], networkLocation: /default-rack, certSerialId: null, persistedOpState: IN_SERVICE, persistedOpStateExpiryEpochSec: 0}a6c260a2-0fcb-4cbe-bb3c-7bbe6bc0f1a0{ip: 10.1.0.34, host: fv-az116-279.vzw04321ajxubdbcnpick5nqva.xx.internal.cloudapp.net, ports: [REPLICATION=46817, RATIS=44223, RATIS_ADMIN=44223, RATIS_SERVER=44223, STANDALONE=36635], networkLocation: /default-rack, certSerialId: null, persistedOpState: IN_SERVICE, persistedOpStateExpiryEpochSec: 0}81a3d3bc-df93-482d-841e-57d386bb5ebf{ip: 10.1.0.34, host: fv-az116-279.vzw04321ajxubdbcnpick5nqva.xx.internal.cloudapp.net, ports: [REPLICATION=40371, RATIS=40489, RATIS_ADMIN=40489, RATIS_SERVER=40489, STANDALONE=35775], networkLocation: /default-rack, certSerialId: null, persistedOpState: IN_SERVICE, persistedOpStateExpiryEpochSec: 0}, ReplicationConfig: RATIS/THREE, State:ALLOCATED, leaderId:46dea062-dbed-4f29-9927-38d96de780a1, CreationTimestamp2022-01-08T01:46:37.653Z[Etc/UTC]] moved to OPEN state
2022-01-08 01:46:45,696 [46dea062-dbed-4f29-9927-38d96de780a1@group-E4867FAC98DD-SegmentedRaftLogWorker] INFO  segmented.SegmentedRaftLogWorker (SegmentedRaftLogWorker.java:execute(601)) - 46dea062-dbed-4f29-9927-38d96de780a1@group-E4867FAC98DD-SegmentedRaftLogWorker: created new log segment /home/runner/work/ozone/ozone/hadoop-ozone/integration-test/target/test-dir/MiniOzoneClusterImpl-6a132c25-3902-4d06-b1e4-79a7ed3e0f57/datanode-3/data/ratis/11e6a4f4-e93b-49ef-a845-e4867fac98dd/current/log_inprogress_0
2022-01-08 01:46:45,709 [a6c260a2-0fcb-4cbe-bb3c-7bbe6bc0f1a0@group-53A1D7CF6D66-FollowerState] INFO  impl.FollowerState (FollowerState.java:run(134)) - a6c260a2-0fcb-4cbe-bb3c-7bbe6bc0f1a0@group-53A1D7CF6D66-FollowerState: change to CANDIDATE, lastRpcElapsedTime:5090701195ns, electionTimeout:5089ms
2022-01-08 01:46:45,709 [a6c260a2-0fcb-4cbe-bb3c-7bbe6bc0f1a0@group-53A1D7CF6D66-FollowerState] INFO  impl.RoleInfo (RoleInfo.java:shutdownFollowerState(108)) - a6c260a2-0fcb-4cbe-bb3c-7bbe6bc0f1a0: shutdown a6c260a2-0fcb-4cbe-bb3c-7bbe6bc0f1a0@group-53A1D7CF6D66-FollowerState
2022-01-08 01:46:45,709 [a6c260a2-0fcb-4cbe-bb3c-7bbe6bc0f1a0@group-53A1D7CF6D66-FollowerState] INFO  server.RaftServer$Division (RaftServerImpl.java:setRole(290)) - a6c260a2-0fcb-4cbe-bb3c-7bbe6bc0f1a0@group-53A1D7CF6D66: changes role from  FOLLOWER to CANDIDATE at term 0 for changeToCandidate
2022-01-08 01:46:45,724 [grpc-default-executor-3] INFO  ratis.XceiverServerRatis (XceiverServerRatis.java:handleLeaderChangedNotification(866)) - Leader change notification received for group: group-E4867FAC98DD with new leaderId: 46dea062-dbed-4f29-9927-38d96de780a1
2022-01-08 01:46:45,724 [a6c260a2-0fcb-4cbe-bb3c-7bbe6bc0f1a0@group-53A1D7CF6D66-FollowerState] INFO  server.RaftServerConfigKeys (ConfUtils.java:logGet(44)) - raft.server.leaderelection.pre-vote = false (custom)
2022-01-08 01:46:45,724 [a6c260a2-0fcb-4cbe-bb3c-7bbe6bc0f1a0@group-53A1D7CF6D66-FollowerState] INFO  impl.RoleInfo (RoleInfo.java:updateAndGet(130)) - a6c260a2-0fcb-4cbe-bb3c-7bbe6bc0f1a0: start a6c260a2-0fcb-4cbe-bb3c-7bbe6bc0f1a0@group-53A1D7CF6D66-LeaderElection80
2022-01-08 01:46:45,724 [grpc-default-executor-3] INFO  server.RaftServer$Division (ServerState.java:setLeader(285)) - 81a3d3bc-df93-482d-841e-57d386bb5ebf@group-E4867FAC98DD: change Leader from null to 46dea062-dbed-4f29-9927-38d96de780a1 at term 1 for appendEntries, leader elected after 5081ms
2022-01-08 01:46:45,724 [46dea062-dbed-4f29-9927-38d96de780a1@group-E4867FAC98DD-LeaderElection79] INFO  server.RaftServer$Division (ServerState.java:setRaftConf(387)) - 46dea062-dbed-4f29-9927-38d96de780a1@group-E4867FAC98DD: set configuration 0: [81a3d3bc-df93-482d-841e-57d386bb5ebf|rpc:10.1.0.34:40489|dataStream:|priority:0, a6c260a2-0fcb-4cbe-bb3c-7bbe6bc0f1a0|rpc:10.1.0.34:44223|dataStream:|priority:0, 46dea062-dbed-4f29-9927-38d96de780a1|rpc:10.1.0.34:40963|dataStream:|priority:1], old=null
2022-01-08 01:46:45,731 [a6c260a2-0fcb-4cbe-bb3c-7bbe6bc0f1a0@group-4EC77F673555-FollowerState] INFO  impl.FollowerState (FollowerState.java:run(134)) - a6c260a2-0fcb-4cbe-bb3c-7bbe6bc0f1a0@group-4EC77F673555-FollowerState: change to CANDIDATE, lastRpcElapsedTime:5191599267ns, electionTimeout:5177ms
2022-01-08 01:46:45,793 [a6c260a2-0fcb-4cbe-bb3c-7bbe6bc0f1a0@group-4EC77F673555-FollowerState] INFO  impl.RoleInfo (RoleInfo.java:shutdownFollowerState(108)) - a6c260a2-0fcb-4cbe-bb3c-7bbe6bc0f1a0: shutdown a6c260a2-0fcb-4cbe-bb3c-7bbe6bc0f1a0@group-4EC77F673555-FollowerState
2022-01-08 01:46:45,793 [a6c260a2-0fcb-4cbe-bb3c-7bbe6bc0f1a0@group-4EC77F673555-FollowerState] INFO  server.RaftServer$Division (RaftServerImpl.java:setRole(290)) - a6c260a2-0fcb-4cbe-bb3c-7bbe6bc0f1a0@group-4EC77F673555: changes role from  FOLLOWER to CANDIDATE at term 0 for changeToCandidate
2022-01-08 01:46:45,793 [a6c260a2-0fcb-4cbe-bb3c-7bbe6bc0f1a0@group-4EC77F673555-FollowerState] INFO  server.RaftServerConfigKeys (ConfUtils.java:logGet(44)) - raft.server.leaderelection.pre-vote = false (custom)
2022-01-08 01:46:45,793 [a6c260a2-0fcb-4cbe-bb3c-7bbe6bc0f1a0@group-4EC77F673555-FollowerState] INFO  impl.RoleInfo (RoleInfo.java:updateAndGet(130)) - a6c260a2-0fcb-4cbe-bb3c-7bbe6bc0f1a0: start a6c260a2-0fcb-4cbe-bb3c-7bbe6bc0f1a0@group-4EC77F673555-LeaderElection81
2022-01-08 01:46:45,796 [grpc-default-executor-2] INFO  ratis.XceiverServerRatis (XceiverServerRatis.java:handleLeaderChangedNotification(866)) - Leader change notification received for group: group-E4867FAC98DD with new leaderId: 46dea062-dbed-4f29-9927-38d96de780a1
2022-01-08 01:46:45,796 [grpc-default-executor-2] INFO  server.RaftServer$Division (ServerState.java:setLeader(285)) - a6c260a2-0fcb-4cbe-bb3c-7bbe6bc0f1a0@group-E4867FAC98DD: change Leader from null to 46dea062-dbed-4f29-9927-38d96de780a1 at term 1 for appendEntries, leader elected after 5264ms
2022-01-08 01:46:45,796 [a6c260a2-0fcb-4cbe-bb3c-7bbe6bc0f1a0@group-53A1D7CF6D66-LeaderElection80] INFO  impl.LeaderElection (LeaderElection.java:askForVotes(306)) - a6c260a2-0fcb-4cbe-bb3c-7bbe6bc0f1a0@group-53A1D7CF6D66-LeaderElection80 ELECTION round 0: submit vote requests at term 1 for -1: [81a3d3bc-df93-482d-841e-57d386bb5ebf|rpc:10.1.0.34:40489|priority:0, a6c260a2-0fcb-4cbe-bb3c-7bbe6bc0f1a0|rpc:10.1.0.34:44223|priority:1, 46dea062-dbed-4f29-9927-38d96de780a1|rpc:10.1.0.34:40963|priority:0], old=null
2022-01-08 01:46:45,808 [grpc-default-executor-3] INFO  server.RaftServer$Division (ServerState.java:setRaftConf(387)) - 81a3d3bc-df93-482d-841e-57d386bb5ebf@group-E4867FAC98DD: set configuration 0: [81a3d3bc-df93-482d-841e-57d386bb5ebf|rpc:10.1.0.34:40489|dataStream:|priority:0, a6c260a2-0fcb-4cbe-bb3c-7bbe6bc0f1a0|rpc:10.1.0.34:44223|dataStream:|priority:0, 46dea062-dbed-4f29-9927-38d96de780a1|rpc:10.1.0.34:40963|dataStream:|priority:1], old=null
2022-01-08 01:46:45,808 [grpc-default-executor-3] INFO  segmented.SegmentedRaftLogWorker (SegmentedRaftLogWorker.java:startLogSegment(394)) - 81a3d3bc-df93-482d-841e-57d386bb5ebf@group-E4867FAC98DD-SegmentedRaftLogWorker: Starting segment from index:0
2022-01-08 01:46:45,811 [81a3d3bc-df93-482d-841e-57d386bb5ebf@group-E4867FAC98DD-SegmentedRaftLogWorker] INFO  segmented.SegmentedRaftLogWorker (SegmentedRaftLogWorker.java:execute(601)) - 81a3d3bc-df93-482d-841e-57d386bb5ebf@group-E4867FAC98DD-SegmentedRaftLogWorker: created new log segment /home/runner/work/ozone/ozone/hadoop-ozone/integration-test/target/test-dir/MiniOzoneClusterImpl-6a132c25-3902-4d06-b1e4-79a7ed3e0f57/datanode-5/data/ratis/11e6a4f4-e93b-49ef-a845-e4867fac98dd/current/log_inprogress_0
2022-01-08 01:46:45,814 [a6c260a2-0fcb-4cbe-bb3c-7bbe6bc0f1a0@group-4EC77F673555-LeaderElection81] INFO  impl.LeaderElection (LeaderElection.java:askForVotes(306)) - a6c260a2-0fcb-4cbe-bb3c-7bbe6bc0f1a0@group-4EC77F673555-LeaderElection81 ELECTION round 0: submit vote requests at term 1 for -1: [a6c260a2-0fcb-4cbe-bb3c-7bbe6bc0f1a0|rpc:10.1.0.34:44223|priority:1], old=null
2022-01-08 01:46:45,814 [a6c260a2-0fcb-4cbe-bb3c-7bbe6bc0f1a0@group-4EC77F673555-LeaderElection81] INFO  impl.LeaderElection (LeaderElection.java:askForVotes(308)) - a6c260a2-0fcb-4cbe-bb3c-7bbe6bc0f1a0@group-4EC77F673555-LeaderElection81 ELECTION round 0: result PASSED (term=1)
2022-01-08 01:46:45,814 [a6c260a2-0fcb-4cbe-bb3c-7bbe6bc0f1a0@group-4EC77F673555-LeaderElection81] INFO  impl.RoleInfo (RoleInfo.java:shutdownLeaderElection(121)) - a6c260a2-0fcb-4cbe-bb3c-7bbe6bc0f1a0: shutdown a6c260a2-0fcb-4cbe-bb3c-7bbe6bc0f1a0@group-4EC77F673555-LeaderElection81
2022-01-08 01:46:45,814 [a6c260a2-0fcb-4cbe-bb3c-7bbe6bc0f1a0@group-4EC77F673555-LeaderElection81] INFO  server.RaftServer$Division (RaftServerImpl.java:setRole(290)) - a6c260a2-0fcb-4cbe-bb3c-7bbe6bc0f1a0@group-4EC77F673555: changes role from CANDIDATE to LEADER at term 1 for changeToLeader
2022-01-08 01:46:45,814 [a6c260a2-0fcb-4cbe-bb3c-7bbe6bc0f1a0@group-4EC77F673555-LeaderElection81] INFO  ratis.XceiverServerRatis (XceiverServerRatis.java:handleLeaderChangedNotification(866)) - Leader change notification received for group: group-4EC77F673555 with new leaderId: a6c260a2-0fcb-4cbe-bb3c-7bbe6bc0f1a0
2022-01-08 01:46:45,834 [46dea062-dbed-4f29-9927-38d96de780a1@group-53A1D7CF6D66-FollowerState] INFO  impl.FollowerState (FollowerState.java:run(134)) - 46dea062-dbed-4f29-9927-38d96de780a1@group-53A1D7CF6D66-FollowerState: change to CANDIDATE, lastRpcElapsedTime:5161279676ns, electionTimeout:5118ms
2022-01-08 01:46:45,834 [46dea062-dbed-4f29-9927-38d96de780a1@group-53A1D7CF6D66-FollowerState] INFO  impl.RoleInfo (RoleInfo.java:shutdownFollowerState(108)) - 46dea062-dbed-4f29-9927-38d96de780a1: shutdown 46dea062-dbed-4f29-9927-38d96de780a1@group-53A1D7CF6D66-FollowerState
2022-01-08 01:46:45,834 [46dea062-dbed-4f29-9927-38d96de780a1@group-53A1D7CF6D66-FollowerState] INFO  server.RaftServer$Division (RaftServerImpl.java:setRole(290)) - 46dea062-dbed-4f29-9927-38d96de780a1@group-53A1D7CF6D66: changes role from  FOLLOWER to CANDIDATE at term 0 for changeToCandidate
2022-01-08 01:46:45,834 [46dea062-dbed-4f29-9927-38d96de780a1@group-53A1D7CF6D66-FollowerState] INFO  server.RaftServerConfigKeys (ConfUtils.java:logGet(44)) - raft.server.leaderelection.pre-vote = false (custom)
2022-01-08 01:46:45,834 [46dea062-dbed-4f29-9927-38d96de780a1@group-53A1D7CF6D66-FollowerState] INFO  impl.RoleInfo (RoleInfo.java:updateAndGet(130)) - 46dea062-dbed-4f29-9927-38d96de780a1: start 46dea062-dbed-4f29-9927-38d96de780a1@group-53A1D7CF6D66-LeaderElection82
2022-01-08 01:46:45,887 [grpc-default-executor-1] INFO  server.RaftServer$Division (RaftServerImpl.java:requestVote(1046)) - 81a3d3bc-df93-482d-841e-57d386bb5ebf@group-53A1D7CF6D66: receive requestVote(ELECTION, a6c260a2-0fcb-4cbe-bb3c-7bbe6bc0f1a0, group-53A1D7CF6D66, 1, (t:0, i:0))
2022-01-08 01:46:45,887 [grpc-default-executor-1] INFO  impl.VoteContext (VoteContext.java:log(48)) - 81a3d3bc-df93-482d-841e-57d386bb5ebf@group-53A1D7CF6D66-FOLLOWER: accept ELECTION from a6c260a2-0fcb-4cbe-bb3c-7bbe6bc0f1a0: our priority 0 <= candidate's priority 1
2022-01-08 01:46:45,887 [grpc-default-executor-1] INFO  server.RaftServer$Division (RaftServerImpl.java:setRole(290)) - 81a3d3bc-df93-482d-841e-57d386bb5ebf@group-53A1D7CF6D66: changes role from  FOLLOWER to FOLLOWER at term 1 for candidate:a6c260a2-0fcb-4cbe-bb3c-7bbe6bc0f1a0
2022-01-08 01:46:45,887 [grpc-default-executor-1] INFO  impl.RoleInfo (RoleInfo.java:shutdownFollowerState(108)) - 81a3d3bc-df93-482d-841e-57d386bb5ebf: shutdown 81a3d3bc-df93-482d-841e-57d386bb5ebf@group-53A1D7CF6D66-FollowerState
2022-01-08 01:46:45,888 [grpc-default-executor-0] INFO  server.RaftServer$Division (RaftServerImpl.java:requestVote(1046)) - 46dea062-dbed-4f29-9927-38d96de780a1@group-53A1D7CF6D66: receive requestVote(ELECTION, a6c260a2-0fcb-4cbe-bb3c-7bbe6bc0f1a0, group-53A1D7CF6D66, 1, (t:0, i:0))
2022-01-08 01:46:45,892 [grpc-default-executor-0] INFO  impl.VoteContext (VoteContext.java:log(48)) - 46dea062-dbed-4f29-9927-38d96de780a1@group-53A1D7CF6D66-CANDIDATE: accept ELECTION from a6c260a2-0fcb-4cbe-bb3c-7bbe6bc0f1a0: our priority 0 <= candidate's priority 1
2022-01-08 01:46:45,892 [grpc-default-executor-2] INFO  server.RaftServer$Division (ServerState.java:setRaftConf(387)) - a6c260a2-0fcb-4cbe-bb3c-7bbe6bc0f1a0@group-E4867FAC98DD: set configuration 0: [81a3d3bc-df93-482d-841e-57d386bb5ebf|rpc:10.1.0.34:40489|dataStream:|priority:0, a6c260a2-0fcb-4cbe-bb3c-7bbe6bc0f1a0|rpc:10.1.0.34:44223|dataStream:|priority:0, 46dea062-dbed-4f29-9927-38d96de780a1|rpc:10.1.0.34:40963|dataStream:|priority:1], old=null
2022-01-08 01:46:45,892 [grpc-default-executor-0] INFO  server.RaftServer$Division (RaftServerImpl.java:setRole(290)) - 46dea062-dbed-4f29-9927-38d96de780a1@group-53A1D7CF6D66: changes role from CANDIDATE to FOLLOWER at term 1 for candidate:a6c260a2-0fcb-4cbe-bb3c-7bbe6bc0f1a0
2022-01-08 01:46:45,892 [grpc-default-executor-0] INFO  impl.RoleInfo (RoleInfo.java:shutdownLeaderElection(121)) - 46dea062-dbed-4f29-9927-38d96de780a1: shutdown 46dea062-dbed-4f29-9927-38d96de780a1@group-53A1D7CF6D66-LeaderElection82
2022-01-08 01:46:45,892 [grpc-default-executor-0] INFO  impl.RoleInfo (RoleInfo.java:updateAndGet(130)) - 46dea062-dbed-4f29-9927-38d96de780a1: start 46dea062-dbed-4f29-9927-38d96de780a1@group-53A1D7CF6D66-FollowerState
2022-01-08 01:46:45,892 [grpc-default-executor-2] INFO  segmented.SegmentedRaftLogWorker (SegmentedRaftLogWorker.java:startLogSegment(394)) - a6c260a2-0fcb-4cbe-bb3c-7bbe6bc0f1a0@group-E4867FAC98DD-SegmentedRaftLogWorker: Starting segment from index:0
2022-01-08 01:46:45,892 [a6c260a2-0fcb-4cbe-bb3c-7bbe6bc0f1a0@group-4EC77F673555-LeaderElection81] INFO  server.RaftServer$Division (ServerState.java:setLeader(285)) - a6c260a2-0fcb-4cbe-bb3c-7bbe6bc0f1a0@group-4EC77F673555: change Leader from null to a6c260a2-0fcb-4cbe-bb3c-7bbe6bc0f1a0 at term 1 for becomeLeader, leader elected after 5311ms
2022-01-08 01:46:45,892 [a6c260a2-0fcb-4cbe-bb3c-7bbe6bc0f1a0@group-4EC77F673555-LeaderElection81] INFO  server.RaftServerConfigKeys (ConfUtils.java:logGet(44)) - raft.server.staging.catchup.gap = 1000 (default)
2022-01-08 01:46:45,893 [a6c260a2-0fcb-4cbe-bb3c-7bbe6bc0f1a0@group-4EC77F673555-LeaderElection81] INFO  server.RaftServerConfigKeys (ConfUtils.java:logGet(44)) - raft.server.write.element-limit = 1024 (custom)
2022-01-08 01:46:45,893 [a6c260a2-0fcb-4cbe-bb3c-7bbe6bc0f1a0@group-4EC77F673555-LeaderElection81] INFO  server.RaftServerConfigKeys (ConfUtils.java:logGet(44)) - raft.server.write.byte-limit = 1024 M (=1073741824) (custom)
2022-01-08 01:46:45,893 [a6c260a2-0fcb-4cbe-bb3c-7bbe6bc0f1a0@group-4EC77F673555-LeaderElection81] INFO  server.RaftServerConfigKeys (ConfUtils.java:logGet(44)) - raft.server.watch.timeout = 3000ms (custom)
2022-01-08 01:46:45,893 [a6c260a2-0fcb-4cbe-bb3c-7bbe6bc0f1a0@group-4EC77F673555-LeaderElection81] INFO  server.RaftServerConfigKeys (ConfUtils.java:logGet(44)) - raft.server.watch.timeout.denomination = 1s (default)
2022-01-08 01:46:45,893 [a6c260a2-0fcb-4cbe-bb3c-7bbe6bc0f1a0@group-4EC77F673555-LeaderElection81] INFO  server.RaftServerConfigKeys (ConfUtils.java:logGet(44)) - raft.server.watch.element-limit = 65536 (default)
2022-01-08 01:46:45,893 [a6c260a2-0fcb-4cbe-bb3c-7bbe6bc0f1a0@group-4EC77F673555-LeaderElection81] INFO  server.RaftServerConfigKeys (ConfUtils.java:logGet(44)) - raft.server.write.element-limit = 1024 (custom)
2022-01-08 01:46:45,893 [a6c260a2-0fcb-4cbe-bb3c-7bbe6bc0f1a0@group-4EC77F673555-LeaderElection81] INFO  server.RaftServerConfigKeys (ConfUtils.java:logGet(44)) - raft.server.write.follower.gap.ratio.max = -1.0 (default)
2022-01-08 01:46:45,893 [a6c260a2-0fcb-4cbe-bb3c-7bbe6bc0f1a0@group-4EC77F673555-LeaderElection81] INFO  impl.RoleInfo (RoleInfo.java:updateAndGet(130)) - a6c260a2-0fcb-4cbe-bb3c-7bbe6bc0f1a0: start a6c260a2-0fcb-4cbe-bb3c-7bbe6bc0f1a0@group-4EC77F673555-LeaderStateImpl
2022-01-08 01:46:45,894 [a6c260a2-0fcb-4cbe-bb3c-7bbe6bc0f1a0@group-4EC77F673555-LeaderElection81] INFO  segmented.SegmentedRaftLogWorker (SegmentedRaftLogWorker.java:startLogSegment(394)) - a6c260a2-0fcb-4cbe-bb3c-7bbe6bc0f1a0@group-4EC77F673555-SegmentedRaftLogWorker: Starting segment from index:0
2022-01-08 01:46:45,895 [a6c260a2-0fcb-4cbe-bb3c-7bbe6bc0f1a0@group-E4867FAC98DD-SegmentedRaftLogWorker] INFO  segmented.SegmentedRaftLogWorker (SegmentedRaftLogWorker.java:execute(601)) - a6c260a2-0fcb-4cbe-bb3c-7bbe6bc0f1a0@group-E4867FAC98DD-SegmentedRaftLogWorker: created new log segment /home/runner/work/ozone/ozone/hadoop-ozone/integration-test/target/test-dir/MiniOzoneClusterImpl-6a132c25-3902-4d06-b1e4-79a7ed3e0f57/datanode-4/data/ratis/11e6a4f4-e93b-49ef-a845-e4867fac98dd/current/log_inprogress_0
2022-01-08 01:46:45,895 [grpc-default-executor-0] INFO  server.RaftServer$Division (RaftServerImpl.java:requestVote(1078)) - 46dea062-dbed-4f29-9927-38d96de780a1@group-53A1D7CF6D66 replies to ELECTION vote request: a6c260a2-0fcb-4cbe-bb3c-7bbe6bc0f1a0<-46dea062-dbed-4f29-9927-38d96de780a1#0:OK-t1. Peer's state: 46dea062-dbed-4f29-9927-38d96de780a1@group-53A1D7CF6D66:t1, leader=null, voted=a6c260a2-0fcb-4cbe-bb3c-7bbe6bc0f1a0, raftlog=46dea062-dbed-4f29-9927-38d96de780a1@group-53A1D7CF6D66-SegmentedRaftLog:OPENED:c-1, conf=-1: [81a3d3bc-df93-482d-841e-57d386bb5ebf|rpc:10.1.0.34:40489|dataStream:|priority:0, a6c260a2-0fcb-4cbe-bb3c-7bbe6bc0f1a0|rpc:10.1.0.34:44223|dataStream:|priority:1, 46dea062-dbed-4f29-9927-38d96de780a1|rpc:10.1.0.34:40963|dataStream:|priority:0], old=null
2022-01-08 01:46:45,897 [a6c260a2-0fcb-4cbe-bb3c-7bbe6bc0f1a0@group-4EC77F673555-SegmentedRaftLogWorker] INFO  segmented.SegmentedRaftLogWorker (SegmentedRaftLogWorker.java:execute(601)) - a6c260a2-0fcb-4cbe-bb3c-7bbe6bc0f1a0@group-4EC77F673555-SegmentedRaftLogWorker: created new log segment /home/runner/work/ozone/ozone/hadoop-ozone/integration-test/target/test-dir/MiniOzoneClusterImpl-6a132c25-3902-4d06-b1e4-79a7ed3e0f57/datanode-4/data/ratis/3da49daf-5669-450e-8f63-4ec77f673555/current/log_inprogress_0
2022-01-08 01:46:45,899 [a6c260a2-0fcb-4cbe-bb3c-7bbe6bc0f1a0@group-4EC77F673555-LeaderElection81] INFO  server.RaftServer$Division (ServerState.java:setRaftConf(387)) - a6c260a2-0fcb-4cbe-bb3c-7bbe6bc0f1a0@group-4EC77F673555: set configuration 0: [a6c260a2-0fcb-4cbe-bb3c-7bbe6bc0f1a0|rpc:10.1.0.34:44223|dataStream:|priority:1], old=null
2022-01-08 01:46:45,908 [46dea062-dbed-4f29-9927-38d96de780a1@group-225DCE1D33EE-FollowerState] INFO  impl.FollowerState (FollowerState.java:run(134)) - 46dea062-dbed-4f29-9927-38d96de780a1@group-225DCE1D33EE-FollowerState: change to CANDIDATE, lastRpcElapsedTime:5061221304ns, electionTimeout:5060ms
2022-01-08 01:46:45,918 [grpc-default-executor-1] INFO  impl.RoleInfo (RoleInfo.java:updateAndGet(130)) - 81a3d3bc-df93-482d-841e-57d386bb5ebf: start 81a3d3bc-df93-482d-841e-57d386bb5ebf@group-53A1D7CF6D66-FollowerState
2022-01-08 01:46:45,919 [81a3d3bc-df93-482d-841e-57d386bb5ebf@group-53A1D7CF6D66-FollowerState] INFO  impl.FollowerState (FollowerState.java:run(143)) - 81a3d3bc-df93-482d-841e-57d386bb5ebf@group-53A1D7CF6D66-FollowerState was interrupted: {}
java.lang.InterruptedException: sleep interrupted
	at java.lang.Thread.sleep(Native Method)
	at java.lang.Thread.sleep(Thread.java:340)
	at java.util.concurrent.TimeUnit.sleep(TimeUnit.java:386)
	at org.apache.ratis.util.TimeDuration.sleep(TimeDuration.java:324)
	at org.apache.ratis.util.TimeDuration.sleep(TimeDuration.java:309)
	at org.apache.ratis.server.impl.FollowerState.run(FollowerState.java:118)
2022-01-08 01:46:45,941 [81a3d3bc-df93-482d-841e-57d386bb5ebf@group-901439E60DCF-FollowerState] INFO  impl.FollowerState (FollowerState.java:run(134)) - 81a3d3bc-df93-482d-841e-57d386bb5ebf@group-901439E60DCF-FollowerState: change to CANDIDATE, lastRpcElapsedTime:5173379773ns, electionTimeout:5158ms
2022-01-08 01:46:45,943 [grpc-default-executor-1] INFO  server.RaftServer$Division (RaftServerImpl.java:requestVote(1078)) - 81a3d3bc-df93-482d-841e-57d386bb5ebf@group-53A1D7CF6D66 replies to ELECTION vote request: a6c260a2-0fcb-4cbe-bb3c-7bbe6bc0f1a0<-81a3d3bc-df93-482d-841e-57d386bb5ebf#0:OK-t1. Peer's state: 81a3d3bc-df93-482d-841e-57d386bb5ebf@group-53A1D7CF6D66:t1, leader=null, voted=a6c260a2-0fcb-4cbe-bb3c-7bbe6bc0f1a0, raftlog=81a3d3bc-df93-482d-841e-57d386bb5ebf@group-53A1D7CF6D66-SegmentedRaftLog:OPENED:c-1, conf=-1: [81a3d3bc-df93-482d-841e-57d386bb5ebf|rpc:10.1.0.34:40489|dataStream:|priority:0, a6c260a2-0fcb-4cbe-bb3c-7bbe6bc0f1a0|rpc:10.1.0.34:44223|dataStream:|priority:1, 46dea062-dbed-4f29-9927-38d96de780a1|rpc:10.1.0.34:40963|dataStream:|priority:0], old=null
2022-01-08 01:46:45,944 [a6c260a2-0fcb-4cbe-bb3c-7bbe6bc0f1a0@group-53A1D7CF6D66-LeaderElection80] INFO  impl.LeaderElection (LeaderElection.java:logAndReturn(89)) - a6c260a2-0fcb-4cbe-bb3c-7bbe6bc0f1a0@group-53A1D7CF6D66-LeaderElection80: ELECTION PASSED received 1 response(s) and 0 exception(s):
2022-01-08 01:46:45,944 [a6c260a2-0fcb-4cbe-bb3c-7bbe6bc0f1a0@group-53A1D7CF6D66-LeaderElection80] INFO  impl.LeaderElection (LeaderElection.java:logAndReturn(93)) -   Response 0: a6c260a2-0fcb-4cbe-bb3c-7bbe6bc0f1a0<-81a3d3bc-df93-482d-841e-57d386bb5ebf#0:OK-t1
2022-01-08 01:46:45,944 [a6c260a2-0fcb-4cbe-bb3c-7bbe6bc0f1a0@group-53A1D7CF6D66-LeaderElection80] INFO  impl.LeaderElection (LeaderElection.java:askForVotes(308)) - a6c260a2-0fcb-4cbe-bb3c-7bbe6bc0f1a0@group-53A1D7CF6D66-LeaderElection80 ELECTION round 0: result PASSED
2022-01-08 01:46:45,944 [a6c260a2-0fcb-4cbe-bb3c-7bbe6bc0f1a0@group-53A1D7CF6D66-LeaderElection80] INFO  impl.RoleInfo (RoleInfo.java:shutdownLeaderElection(121)) - a6c260a2-0fcb-4cbe-bb3c-7bbe6bc0f1a0: shutdown a6c260a2-0fcb-4cbe-bb3c-7bbe6bc0f1a0@group-53A1D7CF6D66-LeaderElection80
2022-01-08 01:46:45,945 [a6c260a2-0fcb-4cbe-bb3c-7bbe6bc0f1a0@group-53A1D7CF6D66-LeaderElection80] INFO  server.RaftServer$Division (RaftServerImpl.java:setRole(290)) - a6c260a2-0fcb-4cbe-bb3c-7bbe6bc0f1a0@group-53A1D7CF6D66: changes role from CANDIDATE to LEADER at term 1 for changeToLeader
2022-01-08 01:46:45,945 [a6c260a2-0fcb-4cbe-bb3c-7bbe6bc0f1a0@group-53A1D7CF6D66-LeaderElection80] INFO  ratis.XceiverServerRatis (XceiverServerRatis.java:handleLeaderChangedNotification(866)) - Leader change notification received for group: group-53A1D7CF6D66 with new leaderId: a6c260a2-0fcb-4cbe-bb3c-7bbe6bc0f1a0
2022-01-08 01:46:45,945 [a6c260a2-0fcb-4cbe-bb3c-7bbe6bc0f1a0@group-53A1D7CF6D66-LeaderElection80] INFO  server.RaftServer$Division (ServerState.java:setLeader(285)) - a6c260a2-0fcb-4cbe-bb3c-7bbe6bc0f1a0@group-53A1D7CF6D66: change Leader from null to a6c260a2-0fcb-4cbe-bb3c-7bbe6bc0f1a0 at term 1 for becomeLeader, leader elected after 5336ms
2022-01-08 01:46:45,945 [a6c260a2-0fcb-4cbe-bb3c-7bbe6bc0f1a0@group-53A1D7CF6D66-LeaderElection80] INFO  server.RaftServerConfigKeys (ConfUtils.java:logGet(44)) - raft.server.staging.catchup.gap = 1000 (default)
2022-01-08 01:46:45,945 [a6c260a2-0fcb-4cbe-bb3c-7bbe6bc0f1a0@group-53A1D7CF6D66-LeaderElection80] INFO  server.RaftServerConfigKeys (ConfUtils.java:logGet(44)) - raft.server.write.element-limit = 1024 (custom)
2022-01-08 01:46:45,945 [a6c260a2-0fcb-4cbe-bb3c-7bbe6bc0f1a0@group-53A1D7CF6D66-LeaderElection80] INFO  server.RaftServerConfigKeys (ConfUtils.java:logGet(44)) - raft.server.write.byte-limit = 1024 M (=1073741824) (custom)
2022-01-08 01:46:45,950 [EventQueue-PipelineReportForPipelineReportHandler] INFO  pipeline.PipelineManagerImpl (PipelineManagerImpl.java:openPipeline(291)) - Pipeline Pipeline[ Id: ed7d7f98-d33b-43a4-b8f6-53a1d7cf6d66, Nodes: 46dea062-dbed-4f29-9927-38d96de780a1{ip: 10.1.0.34, host: fv-az116-279.vzw04321ajxubdbcnpick5nqva.xx.internal.cloudapp.net, ports: [REPLICATION=42195, RATIS=40963, RATIS_ADMIN=40963, RATIS_SERVER=40963, STANDALONE=39759], networkLocation: /default-rack, certSerialId: null, persistedOpState: IN_SERVICE, persistedOpStateExpiryEpochSec: 0}a6c260a2-0fcb-4cbe-bb3c-7bbe6bc0f1a0{ip: 10.1.0.34, host: fv-az116-279.vzw04321ajxubdbcnpick5nqva.xx.internal.cloudapp.net, ports: [REPLICATION=46817, RATIS=44223, RATIS_ADMIN=44223, RATIS_SERVER=44223, STANDALONE=36635], networkLocation: /default-rack, certSerialId: null, persistedOpState: IN_SERVICE, persistedOpStateExpiryEpochSec: 0}81a3d3bc-df93-482d-841e-57d386bb5ebf{ip: 10.1.0.34, host: fv-az116-279.vzw04321ajxubdbcnpick5nqva.xx.internal.cloudapp.net, ports: [REPLICATION=40371, RATIS=40489, RATIS_ADMIN=40489, RATIS_SERVER=40489, STANDALONE=35775], networkLocation: /default-rack, certSerialId: null, persistedOpState: IN_SERVICE, persistedOpStateExpiryEpochSec: 0}, ReplicationConfig: RATIS/THREE, State:ALLOCATED, leaderId:a6c260a2-0fcb-4cbe-bb3c-7bbe6bc0f1a0, CreationTimestamp2022-01-08T01:46:37.654Z[Etc/UTC]] moved to OPEN state
2022-01-08 01:46:45,959 [46dea062-dbed-4f29-9927-38d96de780a1@group-225DCE1D33EE-FollowerState] INFO  impl.RoleInfo (RoleInfo.java:shutdownFollowerState(108)) - 46dea062-dbed-4f29-9927-38d96de780a1: shutdown 46dea062-dbed-4f29-9927-38d96de780a1@group-225DCE1D33EE-FollowerState
2022-01-08 01:46:45,959 [46dea062-dbed-4f29-9927-38d96de780a1@group-225DCE1D33EE-FollowerState] INFO  server.RaftServer$Division (RaftServerImpl.java:setRole(290)) - 46dea062-dbed-4f29-9927-38d96de780a1@group-225DCE1D33EE: changes role from  FOLLOWER to CANDIDATE at term 0 for changeToCandidate
2022-01-08 01:46:45,960 [46dea062-dbed-4f29-9927-38d96de780a1@group-225DCE1D33EE-FollowerState] INFO  server.RaftServerConfigKeys (ConfUtils.java:logGet(44)) - raft.server.leaderelection.pre-vote = false (custom)
2022-01-08 01:46:45,960 [46dea062-dbed-4f29-9927-38d96de780a1@group-225DCE1D33EE-FollowerState] INFO  impl.RoleInfo (RoleInfo.java:updateAndGet(130)) - 46dea062-dbed-4f29-9927-38d96de780a1: start 46dea062-dbed-4f29-9927-38d96de780a1@group-225DCE1D33EE-LeaderElection83
2022-01-08 01:46:45,960 [81a3d3bc-df93-482d-841e-57d386bb5ebf@group-901439E60DCF-FollowerState] INFO  impl.RoleInfo (RoleInfo.java:shutdownFollowerState(108)) - 81a3d3bc-df93-482d-841e-57d386bb5ebf: shutdown 81a3d3bc-df93-482d-841e-57d386bb5ebf@group-901439E60DCF-FollowerState
2022-01-08 01:46:45,960 [81a3d3bc-df93-482d-841e-57d386bb5ebf@group-901439E60DCF-FollowerState] INFO  server.RaftServer$Division (RaftServerImpl.java:setRole(290)) - 81a3d3bc-df93-482d-841e-57d386bb5ebf@group-901439E60DCF: changes role from  FOLLOWER to CANDIDATE at term 0 for changeToCandidate
2022-01-08 01:46:45,961 [a6c260a2-0fcb-4cbe-bb3c-7bbe6bc0f1a0@group-53A1D7CF6D66-LeaderElection80] INFO  server.RaftServerConfigKeys (ConfUtils.java:logGet(44)) - raft.server.watch.timeout = 3000ms (custom)
2022-01-08 01:46:45,961 [a6c260a2-0fcb-4cbe-bb3c-7bbe6bc0f1a0@group-53A1D7CF6D66-LeaderElection80] INFO  server.RaftServerConfigKeys (ConfUtils.java:logGet(44)) - raft.server.watch.timeout.denomination = 1s (default)
2022-01-08 01:46:45,961 [a6c260a2-0fcb-4cbe-bb3c-7bbe6bc0f1a0@group-53A1D7CF6D66-LeaderElection80] INFO  server.RaftServerConfigKeys (ConfUtils.java:logGet(44)) - raft.server.watch.element-limit = 65536 (default)
2022-01-08 01:46:45,962 [a6c260a2-0fcb-4cbe-bb3c-7bbe6bc0f1a0@group-53A1D7CF6D66-LeaderElection80] INFO  server.RaftServerConfigKeys (ConfUtils.java:logGet(44)) - raft.server.write.element-limit = 1024 (custom)
2022-01-08 01:46:45,962 [a6c260a2-0fcb-4cbe-bb3c-7bbe6bc0f1a0@group-53A1D7CF6D66-LeaderElection80] INFO  server.RaftServerConfigKeys (ConfUtils.java:logGet(44)) - raft.server.write.follower.gap.ratio.max = -1.0 (default)
2022-01-08 01:46:45,962 [a6c260a2-0fcb-4cbe-bb3c-7bbe6bc0f1a0@group-53A1D7CF6D66-LeaderElection80] INFO  server.RaftServerConfigKeys (ConfUtils.java:logGet(44)) - raft.server.log.appender.snapshot.chunk.size.max = 16MB (=16777216) (default)
2022-01-08 01:46:45,962 [a6c260a2-0fcb-4cbe-bb3c-7bbe6bc0f1a0@group-53A1D7CF6D66-LeaderElection80] INFO  server.RaftServerConfigKeys (ConfUtils.java:logGet(44)) - raft.server.log.appender.buffer.byte-limit = 33554432 (custom)
2022-01-08 01:46:45,962 [a6c260a2-0fcb-4cbe-bb3c-7bbe6bc0f1a0@group-53A1D7CF6D66-LeaderElection80] INFO  server.RaftServerConfigKeys (ConfUtils.java:logGet(44)) - raft.server.log.appender.buffer.element-limit = 1 (custom)
2022-01-08 01:46:45,962 [a6c260a2-0fcb-4cbe-bb3c-7bbe6bc0f1a0@group-53A1D7CF6D66-LeaderElection80] INFO  grpc.GrpcConfigKeys (ConfUtils.java:logGet(44)) - raft.grpc.server.leader.outstanding.appends.max = 128 (default)
2022-01-08 01:46:45,962 [a6c260a2-0fcb-4cbe-bb3c-7bbe6bc0f1a0@group-53A1D7CF6D66-LeaderElection80] INFO  server.RaftServerConfigKeys (ConfUtils.java:logGet(44)) - raft.server.rpc.request.timeout = 3000ms (default)
2022-01-08 01:46:45,963 [a6c260a2-0fcb-4cbe-bb3c-7bbe6bc0f1a0@group-53A1D7CF6D66-LeaderElection80] INFO  server.RaftServerConfigKeys (ConfUtils.java:logGet(44)) - raft.server.log.appender.install.snapshot.enabled = false (custom)
2022-01-08 01:46:45,964 [a6c260a2-0fcb-4cbe-bb3c-7bbe6bc0f1a0@group-53A1D7CF6D66-LeaderElection80] INFO  server.RaftServerConfigKeys (ConfUtils.java:logGet(44)) - raft.server.log.appender.snapshot.chunk.size.max = 16MB (=16777216) (default)
2022-01-08 01:46:45,964 [a6c260a2-0fcb-4cbe-bb3c-7bbe6bc0f1a0@group-53A1D7CF6D66-LeaderElection80] INFO  server.RaftServerConfigKeys (ConfUtils.java:logGet(44)) - raft.server.log.appender.buffer.byte-limit = 33554432 (custom)
2022-01-08 01:46:45,964 [a6c260a2-0fcb-4cbe-bb3c-7bbe6bc0f1a0@group-53A1D7CF6D66-LeaderElection80] INFO  server.RaftServerConfigKeys (ConfUtils.java:logGet(44)) - raft.server.log.appender.buffer.element-limit = 1 (custom)
2022-01-08 01:46:45,967 [a6c260a2-0fcb-4cbe-bb3c-7bbe6bc0f1a0@group-53A1D7CF6D66-LeaderElection80] INFO  grpc.GrpcConfigKeys (ConfUtils.java:logGet(44)) - raft.grpc.server.leader.outstanding.appends.max = 128 (default)
2022-01-08 01:46:45,967 [a6c260a2-0fcb-4cbe-bb3c-7bbe6bc0f1a0@group-53A1D7CF6D66-LeaderElection80] INFO  server.RaftServerConfigKeys (ConfUtils.java:logGet(44)) - raft.server.rpc.request.timeout = 3000ms (default)
2022-01-08 01:46:45,968 [a6c260a2-0fcb-4cbe-bb3c-7bbe6bc0f1a0@group-53A1D7CF6D66-LeaderElection80] INFO  server.RaftServerConfigKeys (ConfUtils.java:logGet(44)) - raft.server.log.appender.install.snapshot.enabled = false (custom)
2022-01-08 01:46:45,968 [81a3d3bc-df93-482d-841e-57d386bb5ebf@group-901439E60DCF-FollowerState] INFO  server.RaftServerConfigKeys (ConfUtils.java:logGet(44)) - raft.server.leaderelection.pre-vote = false (custom)
2022-01-08 01:46:45,968 [81a3d3bc-df93-482d-841e-57d386bb5ebf@group-901439E60DCF-FollowerState] INFO  impl.RoleInfo (RoleInfo.java:updateAndGet(130)) - 81a3d3bc-df93-482d-841e-57d386bb5ebf: start 81a3d3bc-df93-482d-841e-57d386bb5ebf@group-901439E60DCF-LeaderElection84
2022-01-08 01:46:45,972 [a6c260a2-0fcb-4cbe-bb3c-7bbe6bc0f1a0@group-53A1D7CF6D66-LeaderElection80] INFO  impl.RoleInfo (RoleInfo.java:updateAndGet(130)) - a6c260a2-0fcb-4cbe-bb3c-7bbe6bc0f1a0: start a6c260a2-0fcb-4cbe-bb3c-7bbe6bc0f1a0@group-53A1D7CF6D66-LeaderStateImpl
2022-01-08 01:46:45,972 [46dea062-dbed-4f29-9927-38d96de780a1@group-225DCE1D33EE-LeaderElection83] INFO  impl.LeaderElection (LeaderElection.java:askForVotes(306)) - 46dea062-dbed-4f29-9927-38d96de780a1@group-225DCE1D33EE-LeaderElection83 ELECTION round 0: submit vote requests at term 1 for -1: [81a3d3bc-df93-482d-841e-57d386bb5ebf|rpc:10.1.0.34:40489|priority:1, a6c260a2-0fcb-4cbe-bb3c-7bbe6bc0f1a0|rpc:10.1.0.34:44223|priority:0, 46dea062-dbed-4f29-9927-38d96de780a1|rpc:10.1.0.34:40963|priority:0], old=null
2022-01-08 01:46:45,972 [a6c260a2-0fcb-4cbe-bb3c-7bbe6bc0f1a0@group-53A1D7CF6D66-LeaderElection80] INFO  segmented.SegmentedRaftLogWorker (SegmentedRaftLogWorker.java:startLogSegment(394)) - a6c260a2-0fcb-4cbe-bb3c-7bbe6bc0f1a0@group-53A1D7CF6D66-SegmentedRaftLogWorker: Starting segment from index:0
2022-01-08 01:46:45,975 [81a3d3bc-df93-482d-841e-57d386bb5ebf@group-225DCE1D33EE-FollowerState] INFO  impl.FollowerState (FollowerState.java:run(134)) - 81a3d3bc-df93-482d-841e-57d386bb5ebf@group-225DCE1D33EE-FollowerState: change to CANDIDATE, lastRpcElapsedTime:5114607589ns, electionTimeout:5113ms
2022-01-08 01:46:45,975 [81a3d3bc-df93-482d-841e-57d386bb5ebf@group-225DCE1D33EE-FollowerState] INFO  impl.RoleInfo (RoleInfo.java:shutdownFollowerState(108)) - 81a3d3bc-df93-482d-841e-57d386bb5ebf: shutdown 81a3d3bc-df93-482d-841e-57d386bb5ebf@group-225DCE1D33EE-FollowerState
2022-01-08 01:46:45,975 [81a3d3bc-df93-482d-841e-57d386bb5ebf@group-225DCE1D33EE-FollowerState] INFO  server.RaftServer$Division (RaftServerImpl.java:setRole(290)) - 81a3d3bc-df93-482d-841e-57d386bb5ebf@group-225DCE1D33EE: changes role from  FOLLOWER to CANDIDATE at term 0 for changeToCandidate
2022-01-08 01:46:45,979 [a6c260a2-0fcb-4cbe-bb3c-7bbe6bc0f1a0@group-225DCE1D33EE-FollowerState] INFO  impl.FollowerState (FollowerState.java:run(134)) - a6c260a2-0fcb-4cbe-bb3c-7bbe6bc0f1a0@group-225DCE1D33EE-FollowerState: change to CANDIDATE, lastRpcElapsedTime:5128991085ns, electionTimeout:5126ms
2022-01-08 01:46:45,983 [grpc-default-executor-2] INFO  server.RaftServer$Division (RaftServerImpl.java:requestVote(1046)) - 81a3d3bc-df93-482d-841e-57d386bb5ebf@group-225DCE1D33EE: receive requestVote(ELECTION, 46dea062-dbed-4f29-9927-38d96de780a1, group-225DCE1D33EE, 1, (t:0, i:0))
2022-01-08 01:46:45,990 [grpc-default-executor-0] INFO  server.RaftServer$Division (RaftServerImpl.java:requestVote(1046)) - a6c260a2-0fcb-4cbe-bb3c-7bbe6bc0f1a0@group-225DCE1D33EE: receive requestVote(ELECTION, 46dea062-dbed-4f29-9927-38d96de780a1, group-225DCE1D33EE, 1, (t:0, i:0))
2022-01-08 01:46:45,996 [81a3d3bc-df93-482d-841e-57d386bb5ebf@group-225DCE1D33EE-FollowerState] INFO  server.RaftServerConfigKeys (ConfUtils.java:logGet(44)) - raft.server.leaderelection.pre-vote = false (custom)
2022-01-08 01:46:45,996 [81a3d3bc-df93-482d-841e-57d386bb5ebf@group-225DCE1D33EE-FollowerState] INFO  impl.RoleInfo (RoleInfo.java:updateAndGet(130)) - 81a3d3bc-df93-482d-841e-57d386bb5ebf: start 81a3d3bc-df93-482d-841e-57d386bb5ebf@group-225DCE1D33EE-LeaderElection85
2022-01-08 01:46:45,997 [grpc-default-executor-2] INFO  impl.VoteContext (VoteContext.java:log(48)) - 81a3d3bc-df93-482d-841e-57d386bb5ebf@group-225DCE1D33EE-CANDIDATE: reject ELECTION from 46dea062-dbed-4f29-9927-38d96de780a1: our priority 1 > candidate's priority 0
2022-01-08 01:46:45,997 [grpc-default-executor-2] INFO  server.RaftServer$Division (RaftServerImpl.java:setRole(290)) - 81a3d3bc-df93-482d-841e-57d386bb5ebf@group-225DCE1D33EE: changes role from CANDIDATE to FOLLOWER at term 1 for candidate:46dea062-dbed-4f29-9927-38d96de780a1
2022-01-08 01:46:45,997 [grpc-default-executor-2] INFO  impl.RoleInfo (RoleInfo.java:shutdownLeaderElection(121)) - 81a3d3bc-df93-482d-841e-57d386bb5ebf: shutdown 81a3d3bc-df93-482d-841e-57d386bb5ebf@group-225DCE1D33EE-LeaderElection85
2022-01-08 01:46:45,998 [grpc-default-executor-2] INFO  impl.RoleInfo (RoleInfo.java:updateAndGet(130)) - 81a3d3bc-df93-482d-841e-57d386bb5ebf: start 81a3d3bc-df93-482d-841e-57d386bb5ebf@group-225DCE1D33EE-FollowerState
2022-01-08 01:46:45,998 [81a3d3bc-df93-482d-841e-57d386bb5ebf@group-225DCE1D33EE-LeaderElection85] INFO  impl.LeaderElection (LeaderElection.java:run(230)) - 81a3d3bc-df93-482d-841e-57d386bb5ebf@group-225DCE1D33EE-LeaderElection85: skip running since this is already CLOSING
2022-01-08 01:46:45,999 [grpc-default-executor-2] INFO  server.RaftServer$Division (RaftServerImpl.java:requestVote(1078)) - 81a3d3bc-df93-482d-841e-57d386bb5ebf@group-225DCE1D33EE replies to ELECTION vote request: 46dea062-dbed-4f29-9927-38d96de780a1<-81a3d3bc-df93-482d-841e-57d386bb5ebf#0:FAIL-t1. Peer's state: 81a3d3bc-df93-482d-841e-57d386bb5ebf@group-225DCE1D33EE:t1, leader=null, voted=null, raftlog=81a3d3bc-df93-482d-841e-57d386bb5ebf@group-225DCE1D33EE-SegmentedRaftLog:OPENED:c-1, conf=-1: [81a3d3bc-df93-482d-841e-57d386bb5ebf|rpc:10.1.0.34:40489|priority:1, a6c260a2-0fcb-4cbe-bb3c-7bbe6bc0f1a0|rpc:10.1.0.34:44223|priority:0, 46dea062-dbed-4f29-9927-38d96de780a1|rpc:10.1.0.34:40963|priority:0], old=null
2022-01-08 01:46:46,000 [46dea062-dbed-4f29-9927-38d96de780a1@group-225DCE1D33EE-LeaderElection83] INFO  impl.LeaderElection (LeaderElection.java:logAndReturn(89)) - 46dea062-dbed-4f29-9927-38d96de780a1@group-225DCE1D33EE-LeaderElection83: ELECTION REJECTED received 1 response(s) and 0 exception(s):
2022-01-08 01:46:46,000 [46dea062-dbed-4f29-9927-38d96de780a1@group-225DCE1D33EE-LeaderElection83] INFO  impl.LeaderElection (LeaderElection.java:logAndReturn(93)) -   Response 0: 46dea062-dbed-4f29-9927-38d96de780a1<-81a3d3bc-df93-482d-841e-57d386bb5ebf#0:FAIL-t1
2022-01-08 01:46:46,000 [46dea062-dbed-4f29-9927-38d96de780a1@group-225DCE1D33EE-LeaderElection83] INFO  impl.LeaderElection (LeaderElection.java:askForVotes(308)) - 46dea062-dbed-4f29-9927-38d96de780a1@group-225DCE1D33EE-LeaderElection83 ELECTION round 0: result REJECTED
2022-01-08 01:46:46,000 [46dea062-dbed-4f29-9927-38d96de780a1@group-225DCE1D33EE-LeaderElection83] INFO  server.RaftServer$Division (RaftServerImpl.java:setRole(290)) - 46dea062-dbed-4f29-9927-38d96de780a1@group-225DCE1D33EE: changes role from CANDIDATE to FOLLOWER at term 1 for REJECTED
2022-01-08 01:46:46,000 [46dea062-dbed-4f29-9927-38d96de780a1@group-225DCE1D33EE-LeaderElection83] INFO  impl.RoleInfo (RoleInfo.java:shutdownLeaderElection(121)) - 46dea062-dbed-4f29-9927-38d96de780a1: shutdown 46dea062-dbed-4f29-9927-38d96de780a1@group-225DCE1D33EE-LeaderElection83
2022-01-08 01:46:46,000 [46dea062-dbed-4f29-9927-38d96de780a1@group-225DCE1D33EE-LeaderElection83] INFO  impl.RoleInfo (RoleInfo.java:updateAndGet(130)) - 46dea062-dbed-4f29-9927-38d96de780a1: start 46dea062-dbed-4f29-9927-38d96de780a1@group-225DCE1D33EE-FollowerState
2022-01-08 01:46:46,006 [a6c260a2-0fcb-4cbe-bb3c-7bbe6bc0f1a0@group-225DCE1D33EE-FollowerState] INFO  impl.RoleInfo (RoleInfo.java:shutdownFollowerState(108)) - a6c260a2-0fcb-4cbe-bb3c-7bbe6bc0f1a0: shutdown a6c260a2-0fcb-4cbe-bb3c-7bbe6bc0f1a0@group-225DCE1D33EE-FollowerState
2022-01-08 01:46:46,006 [a6c260a2-0fcb-4cbe-bb3c-7bbe6bc0f1a0@group-225DCE1D33EE-FollowerState] INFO  server.RaftServer$Division (RaftServerImpl.java:setRole(290)) - a6c260a2-0fcb-4cbe-bb3c-7bbe6bc0f1a0@group-225DCE1D33EE: changes role from  FOLLOWER to CANDIDATE at term 0 for changeToCandidate
2022-01-08 01:46:46,006 [a6c260a2-0fcb-4cbe-bb3c-7bbe6bc0f1a0@group-225DCE1D33EE-FollowerState] INFO  server.RaftServerConfigKeys (ConfUtils.java:logGet(44)) - raft.server.leaderelection.pre-vote = false (custom)
2022-01-08 01:46:46,006 [a6c260a2-0fcb-4cbe-bb3c-7bbe6bc0f1a0@group-225DCE1D33EE-FollowerState] INFO  impl.RoleInfo (RoleInfo.java:updateAndGet(130)) - a6c260a2-0fcb-4cbe-bb3c-7bbe6bc0f1a0: start a6c260a2-0fcb-4cbe-bb3c-7bbe6bc0f1a0@group-225DCE1D33EE-LeaderElection86
2022-01-08 01:46:46,007 [a6c260a2-0fcb-4cbe-bb3c-7bbe6bc0f1a0@group-53A1D7CF6D66-SegmentedRaftLogWorker] INFO  segmented.SegmentedRaftLogWorker (SegmentedRaftLogWorker.java:execute(601)) - a6c260a2-0fcb-4cbe-bb3c-7bbe6bc0f1a0@group-53A1D7CF6D66-SegmentedRaftLogWorker: created new log segment /home/runner/work/ozone/ozone/hadoop-ozone/integration-test/target/test-dir/MiniOzoneClusterImpl-6a132c25-3902-4d06-b1e4-79a7ed3e0f57/datanode-4/data/ratis/ed7d7f98-d33b-43a4-b8f6-53a1d7cf6d66/current/log_inprogress_0
2022-01-08 01:46:46,008 [81a3d3bc-df93-482d-841e-57d386bb5ebf@group-901439E60DCF-LeaderElection84] INFO  impl.LeaderElection (LeaderElection.java:askForVotes(306)) - 81a3d3bc-df93-482d-841e-57d386bb5ebf@group-901439E60DCF-LeaderElection84 ELECTION round 0: submit vote requests at term 1 for -1: [81a3d3bc-df93-482d-841e-57d386bb5ebf|rpc:10.1.0.34:40489|priority:1], old=null
2022-01-08 01:46:46,008 [81a3d3bc-df93-482d-841e-57d386bb5ebf@group-901439E60DCF-LeaderElection84] INFO  impl.LeaderElection (LeaderElection.java:askForVotes(308)) - 81a3d3bc-df93-482d-841e-57d386bb5ebf@group-901439E60DCF-LeaderElection84 ELECTION round 0: result PASSED (term=1)
2022-01-08 01:46:46,008 [81a3d3bc-df93-482d-841e-57d386bb5ebf@group-901439E60DCF-LeaderElection84] INFO  impl.RoleInfo (RoleInfo.java:shutdownLeaderElection(121)) - 81a3d3bc-df93-482d-841e-57d386bb5ebf: shutdown 81a3d3bc-df93-482d-841e-57d386bb5ebf@group-901439E60DCF-LeaderElection84
2022-01-08 01:46:46,008 [81a3d3bc-df93-482d-841e-57d386bb5ebf@group-901439E60DCF-LeaderElection84] INFO  server.RaftServer$Division (RaftServerImpl.java:setRole(290)) - 81a3d3bc-df93-482d-841e-57d386bb5ebf@group-901439E60DCF: changes role from CANDIDATE to LEADER at term 1 for changeToLeader
2022-01-08 01:46:46,008 [81a3d3bc-df93-482d-841e-57d386bb5ebf@group-901439E60DCF-LeaderElection84] INFO  ratis.XceiverServerRatis (XceiverServerRatis.java:handleLeaderChangedNotification(866)) - Leader change notification received for group: group-901439E60DCF with new leaderId: 81a3d3bc-df93-482d-841e-57d386bb5ebf
2022-01-08 01:46:46,016 [grpc-default-executor-0] INFO  impl.VoteContext (VoteContext.java:log(48)) - a6c260a2-0fcb-4cbe-bb3c-7bbe6bc0f1a0@group-225DCE1D33EE-CANDIDATE: accept ELECTION from 46dea062-dbed-4f29-9927-38d96de780a1: our priority 0 <= candidate's priority 0
2022-01-08 01:46:46,016 [grpc-default-executor-0] INFO  server.RaftServer$Division (RaftServerImpl.java:setRole(290)) - a6c260a2-0fcb-4cbe-bb3c-7bbe6bc0f1a0@group-225DCE1D33EE: changes role from CANDIDATE to FOLLOWER at term 1 for candidate:46dea062-dbed-4f29-9927-38d96de780a1
2022-01-08 01:46:46,017 [grpc-default-executor-0] INFO  impl.RoleInfo (RoleInfo.java:shutdownLeaderElection(121)) - a6c260a2-0fcb-4cbe-bb3c-7bbe6bc0f1a0: shutdown a6c260a2-0fcb-4cbe-bb3c-7bbe6bc0f1a0@group-225DCE1D33EE-LeaderElection86
2022-01-08 01:46:46,017 [grpc-default-executor-0] INFO  impl.RoleInfo (RoleInfo.java:updateAndGet(130)) - a6c260a2-0fcb-4cbe-bb3c-7bbe6bc0f1a0: start a6c260a2-0fcb-4cbe-bb3c-7bbe6bc0f1a0@group-225DCE1D33EE-FollowerState
2022-01-08 01:46:46,022 [81a3d3bc-df93-482d-841e-57d386bb5ebf@group-901439E60DCF-LeaderElection84] INFO  server.RaftServer$Division (ServerState.java:setLeader(285)) - 81a3d3bc-df93-482d-841e-57d386bb5ebf@group-901439E60DCF: change Leader from null to 81a3d3bc-df93-482d-841e-57d386bb5ebf at term 1 for becomeLeader, leader elected after 5302ms
2022-01-08 01:46:46,022 [81a3d3bc-df93-482d-841e-57d386bb5ebf@group-901439E60DCF-LeaderElection84] INFO  server.RaftServerConfigKeys (ConfUtils.java:logGet(44)) - raft.server.staging.catchup.gap = 1000 (default)
2022-01-08 01:46:46,023 [81a3d3bc-df93-482d-841e-57d386bb5ebf@group-901439E60DCF-LeaderElection84] INFO  server.RaftServerConfigKeys (ConfUtils.java:logGet(44)) - raft.server.write.element-limit = 1024 (custom)
2022-01-08 01:46:46,023 [81a3d3bc-df93-482d-841e-57d386bb5ebf@group-901439E60DCF-LeaderElection84] INFO  server.RaftServerConfigKeys (ConfUtils.java:logGet(44)) - raft.server.write.byte-limit = 1024 M (=1073741824) (custom)
2022-01-08 01:46:46,023 [81a3d3bc-df93-482d-841e-57d386bb5ebf@group-901439E60DCF-LeaderElection84] INFO  server.RaftServerConfigKeys (ConfUtils.java:logGet(44)) - raft.server.watch.timeout = 3000ms (custom)
2022-01-08 01:46:46,023 [81a3d3bc-df93-482d-841e-57d386bb5ebf@group-901439E60DCF-LeaderElection84] INFO  server.RaftServerConfigKeys (ConfUtils.java:logGet(44)) - raft.server.watch.timeout.denomination = 1s (default)
2022-01-08 01:46:46,023 [81a3d3bc-df93-482d-841e-57d386bb5ebf@group-901439E60DCF-LeaderElection84] INFO  server.RaftServerConfigKeys (ConfUtils.java:logGet(44)) - raft.server.watch.element-limit = 65536 (default)
2022-01-08 01:46:46,023 [81a3d3bc-df93-482d-841e-57d386bb5ebf@group-901439E60DCF-LeaderElection84] INFO  server.RaftServerConfigKeys (ConfUtils.java:logGet(44)) - raft.server.write.element-limit = 1024 (custom)
2022-01-08 01:46:46,023 [81a3d3bc-df93-482d-841e-57d386bb5ebf@group-901439E60DCF-LeaderElection84] INFO  server.RaftServerConfigKeys (ConfUtils.java:logGet(44)) - raft.server.write.follower.gap.ratio.max = -1.0 (default)
2022-01-08 01:46:46,023 [81a3d3bc-df93-482d-841e-57d386bb5ebf@group-901439E60DCF-LeaderElection84] INFO  impl.RoleInfo (RoleInfo.java:updateAndGet(130)) - 81a3d3bc-df93-482d-841e-57d386bb5ebf: start 81a3d3bc-df93-482d-841e-57d386bb5ebf@group-901439E60DCF-LeaderStateImpl
2022-01-08 01:46:46,023 [81a3d3bc-df93-482d-841e-57d386bb5ebf@group-901439E60DCF-LeaderElection84] INFO  segmented.SegmentedRaftLogWorker (SegmentedRaftLogWorker.java:startLogSegment(394)) - 81a3d3bc-df93-482d-841e-57d386bb5ebf@group-901439E60DCF-SegmentedRaftLogWorker: Starting segment from index:0
2022-01-08 01:46:46,033 [grpc-default-executor-0] INFO  server.RaftServer$Division (RaftServerImpl.java:requestVote(1078)) - a6c260a2-0fcb-4cbe-bb3c-7bbe6bc0f1a0@group-225DCE1D33EE replies to ELECTION vote request: 46dea062-dbed-4f29-9927-38d96de780a1<-a6c260a2-0fcb-4cbe-bb3c-7bbe6bc0f1a0#0:OK-t1. Peer's state: a6c260a2-0fcb-4cbe-bb3c-7bbe6bc0f1a0@group-225DCE1D33EE:t1, leader=null, voted=46dea062-dbed-4f29-9927-38d96de780a1, raftlog=a6c260a2-0fcb-4cbe-bb3c-7bbe6bc0f1a0@group-225DCE1D33EE-SegmentedRaftLog:OPENED:c-1, conf=-1: [81a3d3bc-df93-482d-841e-57d386bb5ebf|rpc:10.1.0.34:40489|priority:1, a6c260a2-0fcb-4cbe-bb3c-7bbe6bc0f1a0|rpc:10.1.0.34:44223|priority:0, 46dea062-dbed-4f29-9927-38d96de780a1|rpc:10.1.0.34:40963|priority:0], old=null
2022-01-08 01:46:46,035 [81a3d3bc-df93-482d-841e-57d386bb5ebf@group-901439E60DCF-SegmentedRaftLogWorker] INFO  segmented.SegmentedRaftLogWorker (SegmentedRaftLogWorker.java:execute(601)) - 81a3d3bc-df93-482d-841e-57d386bb5ebf@group-901439E60DCF-SegmentedRaftLogWorker: created new log segment /home/runner/work/ozone/ozone/hadoop-ozone/integration-test/target/test-dir/MiniOzoneClusterImpl-6a132c25-3902-4d06-b1e4-79a7ed3e0f57/datanode-5/data/ratis/1d1fcdb2-5ca5-44eb-8b21-901439e60dcf/current/log_inprogress_0
2022-01-08 01:46:46,048 [81a3d3bc-df93-482d-841e-57d386bb5ebf@group-901439E60DCF-LeaderElection84] INFO  server.RaftServer$Division (ServerState.java:setRaftConf(387)) - 81a3d3bc-df93-482d-841e-57d386bb5ebf@group-901439E60DCF: set configuration 0: [81a3d3bc-df93-482d-841e-57d386bb5ebf|rpc:10.1.0.34:40489|dataStream:|priority:1], old=null
2022-01-08 01:46:46,088 [a6c260a2-0fcb-4cbe-bb3c-7bbe6bc0f1a0@group-53A1D7CF6D66-LeaderElection80] INFO  server.RaftServer$Division (ServerState.java:setRaftConf(387)) - a6c260a2-0fcb-4cbe-bb3c-7bbe6bc0f1a0@group-53A1D7CF6D66: set configuration 0: [81a3d3bc-df93-482d-841e-57d386bb5ebf|rpc:10.1.0.34:40489|dataStream:|priority:0, a6c260a2-0fcb-4cbe-bb3c-7bbe6bc0f1a0|rpc:10.1.0.34:44223|dataStream:|priority:1, 46dea062-dbed-4f29-9927-38d96de780a1|rpc:10.1.0.34:40963|dataStream:|priority:0], old=null
2022-01-08 01:46:46,117 [grpc-default-executor-1] INFO  ratis.XceiverServerRatis (XceiverServerRatis.java:handleLeaderChangedNotification(866)) - Leader change notification received for group: group-53A1D7CF6D66 with new leaderId: a6c260a2-0fcb-4cbe-bb3c-7bbe6bc0f1a0
2022-01-08 01:46:46,117 [grpc-default-executor-1] INFO  server.RaftServer$Division (ServerState.java:setLeader(285)) - 46dea062-dbed-4f29-9927-38d96de780a1@group-53A1D7CF6D66: change Leader from null to a6c260a2-0fcb-4cbe-bb3c-7bbe6bc0f1a0 at term 1 for appendEntries, leader elected after 5474ms
2022-01-08 01:46:46,117 [a0cd68b1-75b0-4717-86f8-69ceed32178b@group-2547DCD1978D-FollowerState] INFO  impl.FollowerState (FollowerState.java:run(134)) - a0cd68b1-75b0-4717-86f8-69ceed32178b@group-2547DCD1978D-FollowerState: change to CANDIDATE, lastRpcElapsedTime:5092353696ns, electionTimeout:5044ms
2022-01-08 01:46:46,117 [a0cd68b1-75b0-4717-86f8-69ceed32178b@group-2547DCD1978D-FollowerState] INFO  impl.RoleInfo (RoleInfo.java:shutdownFollowerState(108)) - a0cd68b1-75b0-4717-86f8-69ceed32178b: shutdown a0cd68b1-75b0-4717-86f8-69ceed32178b@group-2547DCD1978D-FollowerState
2022-01-08 01:46:46,118 [a0cd68b1-75b0-4717-86f8-69ceed32178b@group-2547DCD1978D-FollowerState] INFO  server.RaftServer$Division (RaftServerImpl.java:setRole(290)) - a0cd68b1-75b0-4717-86f8-69ceed32178b@group-2547DCD1978D: changes role from  FOLLOWER to CANDIDATE at term 0 for changeToCandidate
2022-01-08 01:46:46,123 [grpc-default-executor-0] INFO  ratis.XceiverServerRatis (XceiverServerRatis.java:handleLeaderChangedNotification(866)) - Leader change notification received for group: group-53A1D7CF6D66 with new leaderId: a6c260a2-0fcb-4cbe-bb3c-7bbe6bc0f1a0
2022-01-08 01:46:46,123 [grpc-default-executor-0] INFO  server.RaftServer$Division (ServerState.java:setLeader(285)) - 81a3d3bc-df93-482d-841e-57d386bb5ebf@group-53A1D7CF6D66: change Leader from null to a6c260a2-0fcb-4cbe-bb3c-7bbe6bc0f1a0 at term 1 for appendEntries, leader elected after 5361ms
2022-01-08 01:46:46,134 [grpc-default-executor-1] INFO  server.RaftServer$Division (ServerState.java:setRaftConf(387)) - 46dea062-dbed-4f29-9927-38d96de780a1@group-53A1D7CF6D66: set configuration 0: [81a3d3bc-df93-482d-841e-57d386bb5ebf|rpc:10.1.0.34:40489|dataStream:|priority:0, a6c260a2-0fcb-4cbe-bb3c-7bbe6bc0f1a0|rpc:10.1.0.34:44223|dataStream:|priority:1, 46dea062-dbed-4f29-9927-38d96de780a1|rpc:10.1.0.34:40963|dataStream:|priority:0], old=null
2022-01-08 01:46:46,135 [grpc-default-executor-1] INFO  segmented.SegmentedRaftLogWorker (SegmentedRaftLogWorker.java:startLogSegment(394)) - 46dea062-dbed-4f29-9927-38d96de780a1@group-53A1D7CF6D66-SegmentedRaftLogWorker: Starting segment from index:0
2022-01-08 01:46:46,135 [a0cd68b1-75b0-4717-86f8-69ceed32178b@group-2547DCD1978D-FollowerState] INFO  server.RaftServerConfigKeys (ConfUtils.java:logGet(44)) - raft.server.leaderelection.pre-vote = false (custom)
2022-01-08 01:46:46,135 [a0cd68b1-75b0-4717-86f8-69ceed32178b@group-2547DCD1978D-FollowerState] INFO  impl.RoleInfo (RoleInfo.java:updateAndGet(130)) - a0cd68b1-75b0-4717-86f8-69ceed32178b: start a0cd68b1-75b0-4717-86f8-69ceed32178b@group-2547DCD1978D-LeaderElection87
2022-01-08 01:46:46,136 [grpc-default-executor-0] INFO  server.RaftServer$Division (ServerState.java:setRaftConf(387)) - 81a3d3bc-df93-482d-841e-57d386bb5ebf@group-53A1D7CF6D66: set configuration 0: [81a3d3bc-df93-482d-841e-57d386bb5ebf|rpc:10.1.0.34:40489|dataStream:|priority:0, a6c260a2-0fcb-4cbe-bb3c-7bbe6bc0f1a0|rpc:10.1.0.34:44223|dataStream:|priority:1, 46dea062-dbed-4f29-9927-38d96de780a1|rpc:10.1.0.34:40963|dataStream:|priority:0], old=null
2022-01-08 01:46:46,137 [grpc-default-executor-0] INFO  segmented.SegmentedRaftLogWorker (SegmentedRaftLogWorker.java:startLogSegment(394)) - 81a3d3bc-df93-482d-841e-57d386bb5ebf@group-53A1D7CF6D66-SegmentedRaftLogWorker: Starting segment from index:0
2022-01-08 01:46:46,141 [46dea062-dbed-4f29-9927-38d96de780a1@group-53A1D7CF6D66-SegmentedRaftLogWorker] INFO  segmented.SegmentedRaftLogWorker (SegmentedRaftLogWorker.java:execute(601)) - 46dea062-dbed-4f29-9927-38d96de780a1@group-53A1D7CF6D66-SegmentedRaftLogWorker: created new log segment /home/runner/work/ozone/ozone/hadoop-ozone/integration-test/target/test-dir/MiniOzoneClusterImpl-6a132c25-3902-4d06-b1e4-79a7ed3e0f57/datanode-3/data/ratis/ed7d7f98-d33b-43a4-b8f6-53a1d7cf6d66/current/log_inprogress_0
2022-01-08 01:46:46,167 [a0cd68b1-75b0-4717-86f8-69ceed32178b@group-2547DCD1978D-LeaderElection87] INFO  impl.LeaderElection (LeaderElection.java:askForVotes(306)) - a0cd68b1-75b0-4717-86f8-69ceed32178b@group-2547DCD1978D-LeaderElection87 ELECTION round 0: submit vote requests at term 1 for -1: [a0cd68b1-75b0-4717-86f8-69ceed32178b|rpc:10.1.0.34:43001|priority:1], old=null
2022-01-08 01:46:46,167 [a0cd68b1-75b0-4717-86f8-69ceed32178b@group-2547DCD1978D-LeaderElection87] INFO  impl.LeaderElection (LeaderElection.java:askForVotes(308)) - a0cd68b1-75b0-4717-86f8-69ceed32178b@group-2547DCD1978D-LeaderElection87 ELECTION round 0: result PASSED (term=1)
2022-01-08 01:46:46,167 [a0cd68b1-75b0-4717-86f8-69ceed32178b@group-2547DCD1978D-LeaderElection87] INFO  impl.RoleInfo (RoleInfo.java:shutdownLeaderElection(121)) - a0cd68b1-75b0-4717-86f8-69ceed32178b: shutdown a0cd68b1-75b0-4717-86f8-69ceed32178b@group-2547DCD1978D-LeaderElection87
2022-01-08 01:46:46,167 [a0cd68b1-75b0-4717-86f8-69ceed32178b@group-2547DCD1978D-LeaderElection87] INFO  server.RaftServer$Division (RaftServerImpl.java:setRole(290)) - a0cd68b1-75b0-4717-86f8-69ceed32178b@group-2547DCD1978D: changes role from CANDIDATE to LEADER at term 1 for changeToLeader
2022-01-08 01:46:46,167 [a0cd68b1-75b0-4717-86f8-69ceed32178b@group-2547DCD1978D-LeaderElection87] INFO  ratis.XceiverServerRatis (XceiverServerRatis.java:handleLeaderChangedNotification(866)) - Leader change notification received for group: group-2547DCD1978D with new leaderId: a0cd68b1-75b0-4717-86f8-69ceed32178b
2022-01-08 01:46:46,168 [a0cd68b1-75b0-4717-86f8-69ceed32178b@group-2547DCD1978D-LeaderElection87] INFO  server.RaftServer$Division (ServerState.java:setLeader(285)) - a0cd68b1-75b0-4717-86f8-69ceed32178b@group-2547DCD1978D: change Leader from null to a0cd68b1-75b0-4717-86f8-69ceed32178b at term 1 for becomeLeader, leader elected after 5193ms
2022-01-08 01:46:46,168 [a0cd68b1-75b0-4717-86f8-69ceed32178b@group-2547DCD1978D-LeaderElection87] INFO  server.RaftServerConfigKeys (ConfUtils.java:logGet(44)) - raft.server.staging.catchup.gap = 1000 (default)
2022-01-08 01:46:46,169 [a0cd68b1-75b0-4717-86f8-69ceed32178b@group-2547DCD1978D-LeaderElection87] INFO  server.RaftServerConfigKeys (ConfUtils.java:logGet(44)) - raft.server.write.element-limit = 1024 (custom)
2022-01-08 01:46:46,169 [a0cd68b1-75b0-4717-86f8-69ceed32178b@group-2547DCD1978D-LeaderElection87] INFO  server.RaftServerConfigKeys (ConfUtils.java:logGet(44)) - raft.server.write.byte-limit = 1024 M (=1073741824) (custom)
2022-01-08 01:46:46,171 [a0cd68b1-75b0-4717-86f8-69ceed32178b@group-2547DCD1978D-LeaderElection87] INFO  server.RaftServerConfigKeys (ConfUtils.java:logGet(44)) - raft.server.watch.timeout = 3000ms (custom)
2022-01-08 01:46:46,171 [a0cd68b1-75b0-4717-86f8-69ceed32178b@group-2547DCD1978D-LeaderElection87] INFO  server.RaftServerConfigKeys (ConfUtils.java:logGet(44)) - raft.server.watch.timeout.denomination = 1s (default)
2022-01-08 01:46:46,171 [a0cd68b1-75b0-4717-86f8-69ceed32178b@group-2547DCD1978D-LeaderElection87] INFO  server.RaftServerConfigKeys (ConfUtils.java:logGet(44)) - raft.server.watch.element-limit = 65536 (default)
2022-01-08 01:46:46,171 [a0cd68b1-75b0-4717-86f8-69ceed32178b@group-2547DCD1978D-LeaderElection87] INFO  server.RaftServerConfigKeys (ConfUtils.java:logGet(44)) - raft.server.write.element-limit = 1024 (custom)
2022-01-08 01:46:46,172 [a0cd68b1-75b0-4717-86f8-69ceed32178b@group-2547DCD1978D-LeaderElection87] INFO  server.RaftServerConfigKeys (ConfUtils.java:logGet(44)) - raft.server.write.follower.gap.ratio.max = -1.0 (default)
2022-01-08 01:46:46,172 [a0cd68b1-75b0-4717-86f8-69ceed32178b@group-2547DCD1978D-LeaderElection87] INFO  impl.RoleInfo (RoleInfo.java:updateAndGet(130)) - a0cd68b1-75b0-4717-86f8-69ceed32178b: start a0cd68b1-75b0-4717-86f8-69ceed32178b@group-2547DCD1978D-LeaderStateImpl
2022-01-08 01:46:46,172 [a0cd68b1-75b0-4717-86f8-69ceed32178b@group-2547DCD1978D-LeaderElection87] INFO  segmented.SegmentedRaftLogWorker (SegmentedRaftLogWorker.java:startLogSegment(394)) - a0cd68b1-75b0-4717-86f8-69ceed32178b@group-2547DCD1978D-SegmentedRaftLogWorker: Starting segment from index:0
2022-01-08 01:46:46,172 [81a3d3bc-df93-482d-841e-57d386bb5ebf@group-53A1D7CF6D66-SegmentedRaftLogWorker] INFO  segmented.SegmentedRaftLogWorker (SegmentedRaftLogWorker.java:execute(601)) - 81a3d3bc-df93-482d-841e-57d386bb5ebf@group-53A1D7CF6D66-SegmentedRaftLogWorker: created new log segment /home/runner/work/ozone/ozone/hadoop-ozone/integration-test/target/test-dir/MiniOzoneClusterImpl-6a132c25-3902-4d06-b1e4-79a7ed3e0f57/datanode-5/data/ratis/ed7d7f98-d33b-43a4-b8f6-53a1d7cf6d66/current/log_inprogress_0
2022-01-08 01:46:46,177 [a0cd68b1-75b0-4717-86f8-69ceed32178b@group-2547DCD1978D-SegmentedRaftLogWorker] INFO  segmented.SegmentedRaftLogWorker (SegmentedRaftLogWorker.java:execute(601)) - a0cd68b1-75b0-4717-86f8-69ceed32178b@group-2547DCD1978D-SegmentedRaftLogWorker: created new log segment /home/runner/work/ozone/ozone/hadoop-ozone/integration-test/target/test-dir/MiniOzoneClusterImpl-6a132c25-3902-4d06-b1e4-79a7ed3e0f57/datanode-6/data/ratis/5bf4701b-80ba-4d85-8f7b-2547dcd1978d/current/log_inprogress_0
2022-01-08 01:46:46,199 [a0cd68b1-75b0-4717-86f8-69ceed32178b@group-2547DCD1978D-LeaderElection87] INFO  server.RaftServer$Division (ServerState.java:setRaftConf(387)) - a0cd68b1-75b0-4717-86f8-69ceed32178b@group-2547DCD1978D: set configuration 0: [a0cd68b1-75b0-4717-86f8-69ceed32178b|rpc:10.1.0.34:43001|dataStream:|priority:1], old=null
2022-01-08 01:46:48,863 [44471f42-9a01-4764-8909-e7e02c044ebe@group-D4B31538E167-FollowerState] INFO  impl.FollowerState (FollowerState.java:run(134)) - 44471f42-9a01-4764-8909-e7e02c044ebe@group-D4B31538E167-FollowerState: change to CANDIDATE, lastRpcElapsedTime:5017534417ns, electionTimeout:5012ms
2022-01-08 01:46:48,864 [44471f42-9a01-4764-8909-e7e02c044ebe@group-D4B31538E167-FollowerState] INFO  impl.RoleInfo (RoleInfo.java:shutdownFollowerState(108)) - 44471f42-9a01-4764-8909-e7e02c044ebe: shutdown 44471f42-9a01-4764-8909-e7e02c044ebe@group-D4B31538E167-FollowerState
2022-01-08 01:46:48,864 [44471f42-9a01-4764-8909-e7e02c044ebe@group-D4B31538E167-FollowerState] INFO  server.RaftServer$Division (RaftServerImpl.java:setRole(290)) - 44471f42-9a01-4764-8909-e7e02c044ebe@group-D4B31538E167: changes role from  FOLLOWER to CANDIDATE at term 1 for changeToCandidate
2022-01-08 01:46:48,864 [44471f42-9a01-4764-8909-e7e02c044ebe@group-D4B31538E167-FollowerState] INFO  server.RaftServerConfigKeys (ConfUtils.java:logGet(44)) - raft.server.leaderelection.pre-vote = false (custom)
2022-01-08 01:46:48,864 [44471f42-9a01-4764-8909-e7e02c044ebe@group-D4B31538E167-FollowerState] INFO  impl.RoleInfo (RoleInfo.java:updateAndGet(130)) - 44471f42-9a01-4764-8909-e7e02c044ebe: start 44471f42-9a01-4764-8909-e7e02c044ebe@group-D4B31538E167-LeaderElection88
2022-01-08 01:46:48,869 [44471f42-9a01-4764-8909-e7e02c044ebe@group-D4B31538E167-LeaderElection88] INFO  impl.LeaderElection (LeaderElection.java:askForVotes(306)) - 44471f42-9a01-4764-8909-e7e02c044ebe@group-D4B31538E167-LeaderElection88 ELECTION round 0: submit vote requests at term 2 for -1: [6477641b-710a-49ab-b56b-e0f600eb5c24|rpc:10.1.0.34:38417|dataStream:|priority:0, 44471f42-9a01-4764-8909-e7e02c044ebe|rpc:10.1.0.34:44109|dataStream:|priority:1, 9d6916e6-e933-4839-a7aa-b025ed7fd068|rpc:10.1.0.34:40543|dataStream:|priority:0], old=null
2022-01-08 01:46:48,896 [grpc-default-executor-1] INFO  server.RaftServer$Division (RaftServerImpl.java:requestVote(1046)) - 6477641b-710a-49ab-b56b-e0f600eb5c24@group-D4B31538E167: receive requestVote(ELECTION, 44471f42-9a01-4764-8909-e7e02c044ebe, group-D4B31538E167, 2, (t:0, i:0))
2022-01-08 01:46:48,896 [grpc-default-executor-1] INFO  impl.VoteContext (VoteContext.java:log(48)) - 6477641b-710a-49ab-b56b-e0f600eb5c24@group-D4B31538E167-FOLLOWER: accept ELECTION from 44471f42-9a01-4764-8909-e7e02c044ebe: our priority 0 <= candidate's priority 1
2022-01-08 01:46:48,896 [grpc-default-executor-1] INFO  server.RaftServer$Division (RaftServerImpl.java:setRole(290)) - 6477641b-710a-49ab-b56b-e0f600eb5c24@group-D4B31538E167: changes role from  FOLLOWER to FOLLOWER at term 2 for candidate:44471f42-9a01-4764-8909-e7e02c044ebe
2022-01-08 01:46:48,896 [grpc-default-executor-1] INFO  impl.RoleInfo (RoleInfo.java:shutdownFollowerState(108)) - 6477641b-710a-49ab-b56b-e0f600eb5c24: shutdown 6477641b-710a-49ab-b56b-e0f600eb5c24@group-D4B31538E167-FollowerState
2022-01-08 01:46:48,896 [grpc-default-executor-1] INFO  impl.RoleInfo (RoleInfo.java:updateAndGet(130)) - 6477641b-710a-49ab-b56b-e0f600eb5c24: start 6477641b-710a-49ab-b56b-e0f600eb5c24@group-D4B31538E167-FollowerState
2022-01-08 01:46:48,896 [6477641b-710a-49ab-b56b-e0f600eb5c24@group-D4B31538E167-FollowerState] INFO  impl.FollowerState (FollowerState.java:run(143)) - 6477641b-710a-49ab-b56b-e0f600eb5c24@group-D4B31538E167-FollowerState was interrupted: {}
java.lang.InterruptedException: sleep interrupted
	at java.lang.Thread.sleep(Native Method)
	at java.lang.Thread.sleep(Thread.java:340)
	at java.util.concurrent.TimeUnit.sleep(TimeUnit.java:386)
	at org.apache.ratis.util.TimeDuration.sleep(TimeDuration.java:324)
	at org.apache.ratis.util.TimeDuration.sleep(TimeDuration.java:309)
	at org.apache.ratis.server.impl.FollowerState.run(FollowerState.java:118)
2022-01-08 01:46:48,899 [grpc-default-executor-0] INFO  server.RaftServer$Division (RaftServerImpl.java:requestVote(1046)) - 9d6916e6-e933-4839-a7aa-b025ed7fd068@group-D4B31538E167: receive requestVote(ELECTION, 44471f42-9a01-4764-8909-e7e02c044ebe, group-D4B31538E167, 2, (t:0, i:0))
2022-01-08 01:46:48,899 [grpc-default-executor-0] INFO  impl.VoteContext (VoteContext.java:log(48)) - 9d6916e6-e933-4839-a7aa-b025ed7fd068@group-D4B31538E167-FOLLOWER: accept ELECTION from 44471f42-9a01-4764-8909-e7e02c044ebe: our priority 0 <= candidate's priority 1
2022-01-08 01:46:48,899 [grpc-default-executor-0] INFO  server.RaftServer$Division (RaftServerImpl.java:setRole(290)) - 9d6916e6-e933-4839-a7aa-b025ed7fd068@group-D4B31538E167: changes role from  FOLLOWER to FOLLOWER at term 2 for candidate:44471f42-9a01-4764-8909-e7e02c044ebe
2022-01-08 01:46:48,899 [grpc-default-executor-0] INFO  impl.RoleInfo (RoleInfo.java:shutdownFollowerState(108)) - 9d6916e6-e933-4839-a7aa-b025ed7fd068: shutdown 9d6916e6-e933-4839-a7aa-b025ed7fd068@group-D4B31538E167-FollowerState
2022-01-08 01:46:48,899 [grpc-default-executor-0] INFO  impl.RoleInfo (RoleInfo.java:updateAndGet(130)) - 9d6916e6-e933-4839-a7aa-b025ed7fd068: start 9d6916e6-e933-4839-a7aa-b025ed7fd068@group-D4B31538E167-FollowerState
2022-01-08 01:46:48,911 [grpc-default-executor-0] INFO  server.RaftServer$Division (RaftServerImpl.java:requestVote(1078)) - 9d6916e6-e933-4839-a7aa-b025ed7fd068@group-D4B31538E167 replies to ELECTION vote request: 44471f42-9a01-4764-8909-e7e02c044ebe<-9d6916e6-e933-4839-a7aa-b025ed7fd068#0:OK-t2. Peer's state: 9d6916e6-e933-4839-a7aa-b025ed7fd068@group-D4B31538E167:t2, leader=null, voted=44471f42-9a01-4764-8909-e7e02c044ebe, raftlog=9d6916e6-e933-4839-a7aa-b025ed7fd068@group-D4B31538E167-SegmentedRaftLog:OPENED:c-1, conf=-1: [6477641b-710a-49ab-b56b-e0f600eb5c24|rpc:10.1.0.34:38417|dataStream:|priority:0, 44471f42-9a01-4764-8909-e7e02c044ebe|rpc:10.1.0.34:44109|dataStream:|priority:1, 9d6916e6-e933-4839-a7aa-b025ed7fd068|rpc:10.1.0.34:40543|dataStream:|priority:0], old=null
2022-01-08 01:46:48,911 [grpc-default-executor-1] INFO  server.RaftServer$Division (RaftServerImpl.java:requestVote(1078)) - 6477641b-710a-49ab-b56b-e0f600eb5c24@group-D4B31538E167 replies to ELECTION vote request: 44471f42-9a01-4764-8909-e7e02c044ebe<-6477641b-710a-49ab-b56b-e0f600eb5c24#0:OK-t2. Peer's state: 6477641b-710a-49ab-b56b-e0f600eb5c24@group-D4B31538E167:t2, leader=null, voted=44471f42-9a01-4764-8909-e7e02c044ebe, raftlog=6477641b-710a-49ab-b56b-e0f600eb5c24@group-D4B31538E167-SegmentedRaftLog:OPENED:c-1, conf=-1: [6477641b-710a-49ab-b56b-e0f600eb5c24|rpc:10.1.0.34:38417|priority:0, 44471f42-9a01-4764-8909-e7e02c044ebe|rpc:10.1.0.34:44109|priority:1, 9d6916e6-e933-4839-a7aa-b025ed7fd068|rpc:10.1.0.34:40543|priority:0], old=null
2022-01-08 01:46:48,912 [9d6916e6-e933-4839-a7aa-b025ed7fd068@group-D4B31538E167-FollowerState] INFO  impl.FollowerState (FollowerState.java:run(143)) - 9d6916e6-e933-4839-a7aa-b025ed7fd068@group-D4B31538E167-FollowerState was interrupted: {}
java.lang.InterruptedException: sleep interrupted
	at java.lang.Thread.sleep(Native Method)
	at java.lang.Thread.sleep(Thread.java:340)
	at java.util.concurrent.TimeUnit.sleep(TimeUnit.java:386)
	at org.apache.ratis.util.TimeDuration.sleep(TimeDuration.java:324)
	at org.apache.ratis.util.TimeDuration.sleep(TimeDuration.java:309)
	at org.apache.ratis.server.impl.FollowerState.run(FollowerState.java:118)
2022-01-08 01:46:48,916 [44471f42-9a01-4764-8909-e7e02c044ebe@group-D4B31538E167-LeaderElection88] INFO  impl.LeaderElection (LeaderElection.java:logAndReturn(89)) - 44471f42-9a01-4764-8909-e7e02c044ebe@group-D4B31538E167-LeaderElection88: ELECTION PASSED received 1 response(s) and 0 exception(s):
2022-01-08 01:46:48,917 [44471f42-9a01-4764-8909-e7e02c044ebe@group-D4B31538E167-LeaderElection88] INFO  impl.LeaderElection (LeaderElection.java:logAndReturn(93)) -   Response 0: 44471f42-9a01-4764-8909-e7e02c044ebe<-6477641b-710a-49ab-b56b-e0f600eb5c24#0:OK-t2
2022-01-08 01:46:48,917 [44471f42-9a01-4764-8909-e7e02c044ebe@group-D4B31538E167-LeaderElection88] INFO  impl.LeaderElection (LeaderElection.java:askForVotes(308)) - 44471f42-9a01-4764-8909-e7e02c044ebe@group-D4B31538E167-LeaderElection88 ELECTION round 0: result PASSED
2022-01-08 01:46:48,917 [44471f42-9a01-4764-8909-e7e02c044ebe@group-D4B31538E167-LeaderElection88] INFO  impl.RoleInfo (RoleInfo.java:shutdownLeaderElection(121)) - 44471f42-9a01-4764-8909-e7e02c044ebe: shutdown 44471f42-9a01-4764-8909-e7e02c044ebe@group-D4B31538E167-LeaderElection88
2022-01-08 01:46:48,917 [44471f42-9a01-4764-8909-e7e02c044ebe@group-D4B31538E167-LeaderElection88] INFO  server.RaftServer$Division (RaftServerImpl.java:setRole(290)) - 44471f42-9a01-4764-8909-e7e02c044ebe@group-D4B31538E167: changes role from CANDIDATE to LEADER at term 2 for changeToLeader
2022-01-08 01:46:48,917 [44471f42-9a01-4764-8909-e7e02c044ebe@group-D4B31538E167-LeaderElection88] INFO  ratis.XceiverServerRatis (XceiverServerRatis.java:handleLeaderChangedNotification(866)) - Leader change notification received for group: group-D4B31538E167 with new leaderId: 44471f42-9a01-4764-8909-e7e02c044ebe
2022-01-08 01:46:48,917 [44471f42-9a01-4764-8909-e7e02c044ebe@group-D4B31538E167-LeaderElection88] INFO  server.RaftServer$Division (ServerState.java:setLeader(285)) - 44471f42-9a01-4764-8909-e7e02c044ebe@group-D4B31538E167: change Leader from null to 44471f42-9a01-4764-8909-e7e02c044ebe at term 2 for becomeLeader, leader elected after 10190ms
2022-01-08 01:46:48,917 [44471f42-9a01-4764-8909-e7e02c044ebe@group-D4B31538E167-LeaderElection88] INFO  server.RaftServerConfigKeys (ConfUtils.java:logGet(44)) - raft.server.staging.catchup.gap = 1000 (default)
2022-01-08 01:46:48,917 [44471f42-9a01-4764-8909-e7e02c044ebe@group-D4B31538E167-LeaderElection88] INFO  server.RaftServerConfigKeys (ConfUtils.java:logGet(44)) - raft.server.write.element-limit = 1024 (custom)
2022-01-08 01:46:48,917 [44471f42-9a01-4764-8909-e7e02c044ebe@group-D4B31538E167-LeaderElection88] INFO  server.RaftServerConfigKeys (ConfUtils.java:logGet(44)) - raft.server.write.byte-limit = 1024 M (=1073741824) (custom)
2022-01-08 01:46:48,918 [44471f42-9a01-4764-8909-e7e02c044ebe@group-D4B31538E167-LeaderElection88] INFO  server.RaftServerConfigKeys (ConfUtils.java:logGet(44)) - raft.server.watch.timeout = 3000ms (custom)
2022-01-08 01:46:48,918 [44471f42-9a01-4764-8909-e7e02c044ebe@group-D4B31538E167-LeaderElection88] INFO  server.RaftServerConfigKeys (ConfUtils.java:logGet(44)) - raft.server.watch.timeout.denomination = 1s (default)
2022-01-08 01:46:48,918 [44471f42-9a01-4764-8909-e7e02c044ebe@group-D4B31538E167-LeaderElection88] INFO  server.RaftServerConfigKeys (ConfUtils.java:logGet(44)) - raft.server.watch.element-limit = 65536 (default)
2022-01-08 01:46:48,918 [44471f42-9a01-4764-8909-e7e02c044ebe@group-D4B31538E167-LeaderElection88] INFO  server.RaftServerConfigKeys (ConfUtils.java:logGet(44)) - raft.server.write.element-limit = 1024 (custom)
2022-01-08 01:46:48,918 [44471f42-9a01-4764-8909-e7e02c044ebe@group-D4B31538E167-LeaderElection88] INFO  server.RaftServerConfigKeys (ConfUtils.java:logGet(44)) - raft.server.write.follower.gap.ratio.max = -1.0 (default)
2022-01-08 01:46:48,918 [44471f42-9a01-4764-8909-e7e02c044ebe@group-D4B31538E167-LeaderElection88] INFO  server.RaftServerConfigKeys (ConfUtils.java:logGet(44)) - raft.server.log.appender.snapshot.chunk.size.max = 16MB (=16777216) (default)
2022-01-08 01:46:48,918 [44471f42-9a01-4764-8909-e7e02c044ebe@group-D4B31538E167-LeaderElection88] INFO  server.RaftServerConfigKeys (ConfUtils.java:logGet(44)) - raft.server.log.appender.buffer.byte-limit = 33554432 (custom)
2022-01-08 01:46:48,918 [44471f42-9a01-4764-8909-e7e02c044ebe@group-D4B31538E167-LeaderElection88] INFO  server.RaftServerConfigKeys (ConfUtils.java:logGet(44)) - raft.server.log.appender.buffer.element-limit = 1 (custom)
2022-01-08 01:46:48,918 [44471f42-9a01-4764-8909-e7e02c044ebe@group-D4B31538E167-LeaderElection88] INFO  grpc.GrpcConfigKeys (ConfUtils.java:logGet(44)) - raft.grpc.server.leader.outstanding.appends.max = 128 (default)
2022-01-08 01:46:48,918 [44471f42-9a01-4764-8909-e7e02c044ebe@group-D4B31538E167-LeaderElection88] INFO  server.RaftServerConfigKeys (ConfUtils.java:logGet(44)) - raft.server.rpc.request.timeout = 3000ms (default)
2022-01-08 01:46:48,919 [44471f42-9a01-4764-8909-e7e02c044ebe@group-D4B31538E167-LeaderElection88] INFO  server.RaftServerConfigKeys (ConfUtils.java:logGet(44)) - raft.server.log.appender.install.snapshot.enabled = false (custom)
2022-01-08 01:46:48,920 [44471f42-9a01-4764-8909-e7e02c044ebe@group-D4B31538E167-LeaderElection88] INFO  server.RaftServerConfigKeys (ConfUtils.java:logGet(44)) - raft.server.log.appender.snapshot.chunk.size.max = 16MB (=16777216) (default)
2022-01-08 01:46:48,920 [44471f42-9a01-4764-8909-e7e02c044ebe@group-D4B31538E167-LeaderElection88] INFO  server.RaftServerConfigKeys (ConfUtils.java:logGet(44)) - raft.server.log.appender.buffer.byte-limit = 33554432 (custom)
2022-01-08 01:46:48,920 [44471f42-9a01-4764-8909-e7e02c044ebe@group-D4B31538E167-LeaderElection88] INFO  server.RaftServerConfigKeys (ConfUtils.java:logGet(44)) - raft.server.log.appender.buffer.element-limit = 1 (custom)
2022-01-08 01:46:48,920 [44471f42-9a01-4764-8909-e7e02c044ebe@group-D4B31538E167-LeaderElection88] INFO  grpc.GrpcConfigKeys (ConfUtils.java:logGet(44)) - raft.grpc.server.leader.outstanding.appends.max = 128 (default)
2022-01-08 01:46:48,921 [44471f42-9a01-4764-8909-e7e02c044ebe@group-D4B31538E167-LeaderElection88] INFO  server.RaftServerConfigKeys (ConfUtils.java:logGet(44)) - raft.server.rpc.request.timeout = 3000ms (default)
2022-01-08 01:46:48,921 [44471f42-9a01-4764-8909-e7e02c044ebe@group-D4B31538E167-LeaderElection88] INFO  server.RaftServerConfigKeys (ConfUtils.java:logGet(44)) - raft.server.log.appender.install.snapshot.enabled = false (custom)
2022-01-08 01:46:48,922 [44471f42-9a01-4764-8909-e7e02c044ebe@group-D4B31538E167-LeaderElection88] INFO  impl.RoleInfo (RoleInfo.java:updateAndGet(130)) - 44471f42-9a01-4764-8909-e7e02c044ebe: start 44471f42-9a01-4764-8909-e7e02c044ebe@group-D4B31538E167-LeaderStateImpl
2022-01-08 01:46:48,928 [EventQueue-PipelineReportForPipelineReportHandler] INFO  pipeline.PipelineManagerImpl (PipelineManagerImpl.java:openPipeline(291)) - Pipeline Pipeline[ Id: f6ab5375-c2fe-4a61-b67f-d4b31538e167, Nodes: 44471f42-9a01-4764-8909-e7e02c044ebe{ip: 10.1.0.34, host: fv-az116-279.vzw04321ajxubdbcnpick5nqva.xx.internal.cloudapp.net, ports: [REPLICATION=36939, RATIS=44109, RATIS_ADMIN=44109, RATIS_SERVER=44109, STANDALONE=34571], networkLocation: /default-rack, certSerialId: null, persistedOpState: IN_SERVICE, persistedOpStateExpiryEpochSec: 0}6477641b-710a-49ab-b56b-e0f600eb5c24{ip: 10.1.0.34, host: fv-az116-279.vzw04321ajxubdbcnpick5nqva.xx.internal.cloudapp.net, ports: [REPLICATION=32997, RATIS=38417, RATIS_ADMIN=38417, RATIS_SERVER=38417, STANDALONE=42453], networkLocation: /default-rack, certSerialId: null, persistedOpState: IN_SERVICE, persistedOpStateExpiryEpochSec: 0}9d6916e6-e933-4839-a7aa-b025ed7fd068{ip: 10.1.0.34, host: fv-az116-279.vzw04321ajxubdbcnpick5nqva.xx.internal.cloudapp.net, ports: [REPLICATION=45495, RATIS=40543, RATIS_ADMIN=40543, RATIS_SERVER=40543, STANDALONE=40997], networkLocation: /default-rack, certSerialId: null, persistedOpState: IN_SERVICE, persistedOpStateExpiryEpochSec: 0}, ReplicationConfig: RATIS/THREE, State:ALLOCATED, leaderId:44471f42-9a01-4764-8909-e7e02c044ebe, CreationTimestamp2022-01-08T01:46:36.767Z[Etc/UTC]] moved to OPEN state
2022-01-08 01:46:48,933 [44471f42-9a01-4764-8909-e7e02c044ebe@group-D4B31538E167-LeaderElection88] INFO  segmented.SegmentedRaftLogWorker (SegmentedRaftLogWorker.java:startLogSegment(394)) - 44471f42-9a01-4764-8909-e7e02c044ebe@group-D4B31538E167-SegmentedRaftLogWorker: Starting segment from index:0
2022-01-08 01:46:48,935 [44471f42-9a01-4764-8909-e7e02c044ebe@group-D4B31538E167-SegmentedRaftLogWorker] INFO  segmented.SegmentedRaftLogWorker (SegmentedRaftLogWorker.java:execute(601)) - 44471f42-9a01-4764-8909-e7e02c044ebe@group-D4B31538E167-SegmentedRaftLogWorker: created new log segment /home/runner/work/ozone/ozone/hadoop-ozone/integration-test/target/test-dir/MiniOzoneClusterImpl-6a132c25-3902-4d06-b1e4-79a7ed3e0f57/datanode-2/data/ratis/f6ab5375-c2fe-4a61-b67f-d4b31538e167/current/log_inprogress_0
2022-01-08 01:46:48,941 [44471f42-9a01-4764-8909-e7e02c044ebe@group-D4B31538E167-LeaderElection88] INFO  server.RaftServer$Division (ServerState.java:setRaftConf(387)) - 44471f42-9a01-4764-8909-e7e02c044ebe@group-D4B31538E167: set configuration 0: [6477641b-710a-49ab-b56b-e0f600eb5c24|rpc:10.1.0.34:38417|dataStream:|priority:0, 44471f42-9a01-4764-8909-e7e02c044ebe|rpc:10.1.0.34:44109|dataStream:|priority:1, 9d6916e6-e933-4839-a7aa-b025ed7fd068|rpc:10.1.0.34:40543|dataStream:|priority:0], old=null
2022-01-08 01:46:48,942 [grpc-default-executor-0] INFO  ratis.XceiverServerRatis (XceiverServerRatis.java:handleLeaderChangedNotification(866)) - Leader change notification received for group: group-D4B31538E167 with new leaderId: 44471f42-9a01-4764-8909-e7e02c044ebe
2022-01-08 01:46:48,942 [grpc-default-executor-0] INFO  server.RaftServer$Division (ServerState.java:setLeader(285)) - 9d6916e6-e933-4839-a7aa-b025ed7fd068@group-D4B31538E167: change Leader from null to 44471f42-9a01-4764-8909-e7e02c044ebe at term 2 for appendEntries, leader elected after 10059ms
2022-01-08 01:46:48,944 [grpc-default-executor-0] INFO  server.RaftServer$Division (ServerState.java:setRaftConf(387)) - 9d6916e6-e933-4839-a7aa-b025ed7fd068@group-D4B31538E167: set configuration 0: [6477641b-710a-49ab-b56b-e0f600eb5c24|rpc:10.1.0.34:38417|dataStream:|priority:0, 44471f42-9a01-4764-8909-e7e02c044ebe|rpc:10.1.0.34:44109|dataStream:|priority:1, 9d6916e6-e933-4839-a7aa-b025ed7fd068|rpc:10.1.0.34:40543|dataStream:|priority:0], old=null
2022-01-08 01:46:48,944 [grpc-default-executor-0] INFO  segmented.SegmentedRaftLogWorker (SegmentedRaftLogWorker.java:startLogSegment(394)) - 9d6916e6-e933-4839-a7aa-b025ed7fd068@group-D4B31538E167-SegmentedRaftLogWorker: Starting segment from index:0
2022-01-08 01:46:48,947 [9d6916e6-e933-4839-a7aa-b025ed7fd068@group-D4B31538E167-SegmentedRaftLogWorker] INFO  segmented.SegmentedRaftLogWorker (SegmentedRaftLogWorker.java:execute(601)) - 9d6916e6-e933-4839-a7aa-b025ed7fd068@group-D4B31538E167-SegmentedRaftLogWorker: created new log segment /home/runner/work/ozone/ozone/hadoop-ozone/integration-test/target/test-dir/MiniOzoneClusterImpl-6a132c25-3902-4d06-b1e4-79a7ed3e0f57/datanode-1/data/ratis/f6ab5375-c2fe-4a61-b67f-d4b31538e167/current/log_inprogress_0
2022-01-08 01:46:48,949 [grpc-default-executor-1] INFO  ratis.XceiverServerRatis (XceiverServerRatis.java:handleLeaderChangedNotification(866)) - Leader change notification received for group: group-D4B31538E167 with new leaderId: 44471f42-9a01-4764-8909-e7e02c044ebe
2022-01-08 01:46:48,949 [grpc-default-executor-1] INFO  server.RaftServer$Division (ServerState.java:setLeader(285)) - 6477641b-710a-49ab-b56b-e0f600eb5c24@group-D4B31538E167: change Leader from null to 44471f42-9a01-4764-8909-e7e02c044ebe at term 2 for appendEntries, leader elected after 10279ms
2022-01-08 01:46:48,953 [grpc-default-executor-1] INFO  server.RaftServer$Division (ServerState.java:setRaftConf(387)) - 6477641b-710a-49ab-b56b-e0f600eb5c24@group-D4B31538E167: set configuration 0: [6477641b-710a-49ab-b56b-e0f600eb5c24|rpc:10.1.0.34:38417|dataStream:|priority:0, 44471f42-9a01-4764-8909-e7e02c044ebe|rpc:10.1.0.34:44109|dataStream:|priority:1, 9d6916e6-e933-4839-a7aa-b025ed7fd068|rpc:10.1.0.34:40543|dataStream:|priority:0], old=null
2022-01-08 01:46:48,953 [grpc-default-executor-1] INFO  segmented.SegmentedRaftLogWorker (SegmentedRaftLogWorker.java:startLogSegment(394)) - 6477641b-710a-49ab-b56b-e0f600eb5c24@group-D4B31538E167-SegmentedRaftLogWorker: Starting segment from index:0
2022-01-08 01:46:48,966 [6477641b-710a-49ab-b56b-e0f600eb5c24@group-D4B31538E167-SegmentedRaftLogWorker] INFO  segmented.SegmentedRaftLogWorker (SegmentedRaftLogWorker.java:execute(601)) - 6477641b-710a-49ab-b56b-e0f600eb5c24@group-D4B31538E167-SegmentedRaftLogWorker: created new log segment /home/runner/work/ozone/ozone/hadoop-ozone/integration-test/target/test-dir/MiniOzoneClusterImpl-6a132c25-3902-4d06-b1e4-79a7ed3e0f57/datanode-0/data/ratis/f6ab5375-c2fe-4a61-b67f-d4b31538e167/current/log_inprogress_0
2022-01-08 01:46:49,376 [9d6916e6-e933-4839-a7aa-b025ed7fd068@group-04E649E6EF01-FollowerState] INFO  impl.FollowerState (FollowerState.java:run(134)) - 9d6916e6-e933-4839-a7aa-b025ed7fd068@group-04E649E6EF01-FollowerState: change to CANDIDATE, lastRpcElapsedTime:5153077380ns, electionTimeout:5151ms
2022-01-08 01:46:49,376 [9d6916e6-e933-4839-a7aa-b025ed7fd068@group-04E649E6EF01-FollowerState] INFO  impl.RoleInfo (RoleInfo.java:shutdownFollowerState(108)) - 9d6916e6-e933-4839-a7aa-b025ed7fd068: shutdown 9d6916e6-e933-4839-a7aa-b025ed7fd068@group-04E649E6EF01-FollowerState
2022-01-08 01:46:49,376 [9d6916e6-e933-4839-a7aa-b025ed7fd068@group-04E649E6EF01-FollowerState] INFO  server.RaftServer$Division (RaftServerImpl.java:setRole(290)) - 9d6916e6-e933-4839-a7aa-b025ed7fd068@group-04E649E6EF01: changes role from  FOLLOWER to CANDIDATE at term 1 for changeToCandidate
2022-01-08 01:46:49,376 [9d6916e6-e933-4839-a7aa-b025ed7fd068@group-04E649E6EF01-FollowerState] INFO  server.RaftServerConfigKeys (ConfUtils.java:logGet(44)) - raft.server.leaderelection.pre-vote = false (custom)
2022-01-08 01:46:49,376 [9d6916e6-e933-4839-a7aa-b025ed7fd068@group-04E649E6EF01-FollowerState] INFO  impl.RoleInfo (RoleInfo.java:updateAndGet(130)) - 9d6916e6-e933-4839-a7aa-b025ed7fd068: start 9d6916e6-e933-4839-a7aa-b025ed7fd068@group-04E649E6EF01-LeaderElection89
2022-01-08 01:46:49,394 [6477641b-710a-49ab-b56b-e0f600eb5c24@group-04E649E6EF01-FollowerState] INFO  impl.FollowerState (FollowerState.java:run(134)) - 6477641b-710a-49ab-b56b-e0f600eb5c24@group-04E649E6EF01-FollowerState: change to CANDIDATE, lastRpcElapsedTime:5131555086ns, electionTimeout:5131ms
2022-01-08 01:46:49,394 [6477641b-710a-49ab-b56b-e0f600eb5c24@group-04E649E6EF01-FollowerState] INFO  impl.RoleInfo (RoleInfo.java:shutdownFollowerState(108)) - 6477641b-710a-49ab-b56b-e0f600eb5c24: shutdown 6477641b-710a-49ab-b56b-e0f600eb5c24@group-04E649E6EF01-FollowerState
2022-01-08 01:46:49,394 [9d6916e6-e933-4839-a7aa-b025ed7fd068@group-04E649E6EF01-LeaderElection89] INFO  impl.LeaderElection (LeaderElection.java:askForVotes(306)) - 9d6916e6-e933-4839-a7aa-b025ed7fd068@group-04E649E6EF01-LeaderElection89 ELECTION round 0: submit vote requests at term 2 for -1: [6477641b-710a-49ab-b56b-e0f600eb5c24|rpc:10.1.0.34:38417|priority:0, 44471f42-9a01-4764-8909-e7e02c044ebe|rpc:10.1.0.34:44109|priority:0, 9d6916e6-e933-4839-a7aa-b025ed7fd068|rpc:10.1.0.34:40543|priority:1], old=null
2022-01-08 01:46:49,394 [6477641b-710a-49ab-b56b-e0f600eb5c24@group-04E649E6EF01-FollowerState] INFO  server.RaftServer$Division (RaftServerImpl.java:setRole(290)) - 6477641b-710a-49ab-b56b-e0f600eb5c24@group-04E649E6EF01: changes role from  FOLLOWER to CANDIDATE at term 1 for changeToCandidate
2022-01-08 01:46:49,395 [6477641b-710a-49ab-b56b-e0f600eb5c24@group-04E649E6EF01-FollowerState] INFO  server.RaftServerConfigKeys (ConfUtils.java:logGet(44)) - raft.server.leaderelection.pre-vote = false (custom)
2022-01-08 01:46:49,395 [6477641b-710a-49ab-b56b-e0f600eb5c24@group-04E649E6EF01-FollowerState] INFO  impl.RoleInfo (RoleInfo.java:updateAndGet(130)) - 6477641b-710a-49ab-b56b-e0f600eb5c24: start 6477641b-710a-49ab-b56b-e0f600eb5c24@group-04E649E6EF01-LeaderElection90
2022-01-08 01:46:49,413 [44471f42-9a01-4764-8909-e7e02c044ebe@group-04E649E6EF01-FollowerState] INFO  impl.FollowerState (FollowerState.java:run(134)) - 44471f42-9a01-4764-8909-e7e02c044ebe@group-04E649E6EF01-FollowerState: change to CANDIDATE, lastRpcElapsedTime:5172256974ns, electionTimeout:5167ms
2022-01-08 01:46:49,413 [44471f42-9a01-4764-8909-e7e02c044ebe@group-04E649E6EF01-FollowerState] INFO  impl.RoleInfo (RoleInfo.java:shutdownFollowerState(108)) - 44471f42-9a01-4764-8909-e7e02c044ebe: shutdown 44471f42-9a01-4764-8909-e7e02c044ebe@group-04E649E6EF01-FollowerState
2022-01-08 01:46:49,413 [44471f42-9a01-4764-8909-e7e02c044ebe@group-04E649E6EF01-FollowerState] INFO  server.RaftServer$Division (RaftServerImpl.java:setRole(290)) - 44471f42-9a01-4764-8909-e7e02c044ebe@group-04E649E6EF01: changes role from  FOLLOWER to CANDIDATE at term 1 for changeToCandidate
2022-01-08 01:46:49,413 [44471f42-9a01-4764-8909-e7e02c044ebe@group-04E649E6EF01-FollowerState] INFO  server.RaftServerConfigKeys (ConfUtils.java:logGet(44)) - raft.server.leaderelection.pre-vote = false (custom)
2022-01-08 01:46:49,414 [44471f42-9a01-4764-8909-e7e02c044ebe@group-04E649E6EF01-FollowerState] INFO  impl.RoleInfo (RoleInfo.java:updateAndGet(130)) - 44471f42-9a01-4764-8909-e7e02c044ebe: start 44471f42-9a01-4764-8909-e7e02c044ebe@group-04E649E6EF01-LeaderElection91
2022-01-08 01:46:49,415 [grpc-default-executor-1] INFO  server.RaftServer$Division (RaftServerImpl.java:requestVote(1046)) - 44471f42-9a01-4764-8909-e7e02c044ebe@group-04E649E6EF01: receive requestVote(ELECTION, 9d6916e6-e933-4839-a7aa-b025ed7fd068, group-04E649E6EF01, 2, (t:0, i:0))
2022-01-08 01:46:49,421 [6477641b-710a-49ab-b56b-e0f600eb5c24@group-04E649E6EF01-LeaderElection90] INFO  impl.LeaderElection (LeaderElection.java:askForVotes(306)) - 6477641b-710a-49ab-b56b-e0f600eb5c24@group-04E649E6EF01-LeaderElection90 ELECTION round 0: submit vote requests at term 2 for -1: [6477641b-710a-49ab-b56b-e0f600eb5c24|rpc:10.1.0.34:38417|priority:0, 44471f42-9a01-4764-8909-e7e02c044ebe|rpc:10.1.0.34:44109|priority:0, 9d6916e6-e933-4839-a7aa-b025ed7fd068|rpc:10.1.0.34:40543|priority:1], old=null
2022-01-08 01:46:49,421 [grpc-default-executor-1] INFO  impl.VoteContext (VoteContext.java:log(48)) - 44471f42-9a01-4764-8909-e7e02c044ebe@group-04E649E6EF01-CANDIDATE: accept ELECTION from 9d6916e6-e933-4839-a7aa-b025ed7fd068: our priority 0 <= candidate's priority 1
2022-01-08 01:46:49,422 [grpc-default-executor-1] INFO  server.RaftServer$Division (RaftServerImpl.java:setRole(290)) - 44471f42-9a01-4764-8909-e7e02c044ebe@group-04E649E6EF01: changes role from CANDIDATE to FOLLOWER at term 2 for candidate:9d6916e6-e933-4839-a7aa-b025ed7fd068
2022-01-08 01:46:49,422 [grpc-default-executor-1] INFO  impl.RoleInfo (RoleInfo.java:shutdownLeaderElection(121)) - 44471f42-9a01-4764-8909-e7e02c044ebe: shutdown 44471f42-9a01-4764-8909-e7e02c044ebe@group-04E649E6EF01-LeaderElection91
2022-01-08 01:46:49,422 [grpc-default-executor-1] INFO  impl.RoleInfo (RoleInfo.java:updateAndGet(130)) - 44471f42-9a01-4764-8909-e7e02c044ebe: start 44471f42-9a01-4764-8909-e7e02c044ebe@group-04E649E6EF01-FollowerState
2022-01-08 01:46:49,422 [44471f42-9a01-4764-8909-e7e02c044ebe@group-04E649E6EF01-LeaderElection91] INFO  impl.LeaderElection (LeaderElection.java:run(230)) - 44471f42-9a01-4764-8909-e7e02c044ebe@group-04E649E6EF01-LeaderElection91: skip running since this is already CLOSING
2022-01-08 01:46:49,426 [grpc-default-executor-1] INFO  server.RaftServer$Division (RaftServerImpl.java:requestVote(1078)) - 44471f42-9a01-4764-8909-e7e02c044ebe@group-04E649E6EF01 replies to ELECTION vote request: 9d6916e6-e933-4839-a7aa-b025ed7fd068<-44471f42-9a01-4764-8909-e7e02c044ebe#0:OK-t2. Peer's state: 44471f42-9a01-4764-8909-e7e02c044ebe@group-04E649E6EF01:t2, leader=null, voted=9d6916e6-e933-4839-a7aa-b025ed7fd068, raftlog=44471f42-9a01-4764-8909-e7e02c044ebe@group-04E649E6EF01-SegmentedRaftLog:OPENED:c-1, conf=-1: [6477641b-710a-49ab-b56b-e0f600eb5c24|rpc:10.1.0.34:38417|dataStream:|priority:0, 44471f42-9a01-4764-8909-e7e02c044ebe|rpc:10.1.0.34:44109|dataStream:|priority:0, 9d6916e6-e933-4839-a7aa-b025ed7fd068|rpc:10.1.0.34:40543|dataStream:|priority:1], old=null
2022-01-08 01:46:49,433 [grpc-default-executor-1] INFO  server.RaftServer$Division (RaftServerImpl.java:requestVote(1046)) - 44471f42-9a01-4764-8909-e7e02c044ebe@group-04E649E6EF01: receive requestVote(ELECTION, 6477641b-710a-49ab-b56b-e0f600eb5c24, group-04E649E6EF01, 2, (t:0, i:0))
2022-01-08 01:46:49,433 [grpc-default-executor-1] INFO  impl.VoteContext (VoteContext.java:log(48)) - 44471f42-9a01-4764-8909-e7e02c044ebe@group-04E649E6EF01-FOLLOWER: reject ELECTION from 6477641b-710a-49ab-b56b-e0f600eb5c24: already has voted for 9d6916e6-e933-4839-a7aa-b025ed7fd068 at current term 2
2022-01-08 01:46:49,433 [grpc-default-executor-1] INFO  server.RaftServer$Division (RaftServerImpl.java:requestVote(1078)) - 44471f42-9a01-4764-8909-e7e02c044ebe@group-04E649E6EF01 replies to ELECTION vote request: 6477641b-710a-49ab-b56b-e0f600eb5c24<-44471f42-9a01-4764-8909-e7e02c044ebe#0:FAIL-t2. Peer's state: 44471f42-9a01-4764-8909-e7e02c044ebe@group-04E649E6EF01:t2, leader=null, voted=9d6916e6-e933-4839-a7aa-b025ed7fd068, raftlog=44471f42-9a01-4764-8909-e7e02c044ebe@group-04E649E6EF01-SegmentedRaftLog:OPENED:c-1, conf=-1: [6477641b-710a-49ab-b56b-e0f600eb5c24|rpc:10.1.0.34:38417|dataStream:|priority:0, 44471f42-9a01-4764-8909-e7e02c044ebe|rpc:10.1.0.34:44109|dataStream:|priority:0, 9d6916e6-e933-4839-a7aa-b025ed7fd068|rpc:10.1.0.34:40543|dataStream:|priority:1], old=null
2022-01-08 01:46:49,434 [grpc-default-executor-1] INFO  server.RaftServer$Division (RaftServerImpl.java:requestVote(1046)) - 6477641b-710a-49ab-b56b-e0f600eb5c24@group-04E649E6EF01: receive requestVote(ELECTION, 9d6916e6-e933-4839-a7aa-b025ed7fd068, group-04E649E6EF01, 2, (t:0, i:0))
2022-01-08 01:46:49,434 [grpc-default-executor-1] INFO  impl.VoteContext (VoteContext.java:log(48)) - 6477641b-710a-49ab-b56b-e0f600eb5c24@group-04E649E6EF01-CANDIDATE: reject ELECTION from 9d6916e6-e933-4839-a7aa-b025ed7fd068: already has voted for 6477641b-710a-49ab-b56b-e0f600eb5c24 at current term 2
2022-01-08 01:46:49,434 [grpc-default-executor-1] INFO  server.RaftServer$Division (RaftServerImpl.java:requestVote(1078)) - 6477641b-710a-49ab-b56b-e0f600eb5c24@group-04E649E6EF01 replies to ELECTION vote request: 9d6916e6-e933-4839-a7aa-b025ed7fd068<-6477641b-710a-49ab-b56b-e0f600eb5c24#0:FAIL-t2. Peer's state: 6477641b-710a-49ab-b56b-e0f600eb5c24@group-04E649E6EF01:t2, leader=null, voted=6477641b-710a-49ab-b56b-e0f600eb5c24, raftlog=6477641b-710a-49ab-b56b-e0f600eb5c24@group-04E649E6EF01-SegmentedRaftLog:OPENED:c-1, conf=-1: [6477641b-710a-49ab-b56b-e0f600eb5c24|rpc:10.1.0.34:38417|priority:0, 44471f42-9a01-4764-8909-e7e02c044ebe|rpc:10.1.0.34:44109|priority:0, 9d6916e6-e933-4839-a7aa-b025ed7fd068|rpc:10.1.0.34:40543|priority:1], old=null
2022-01-08 01:46:49,436 [9d6916e6-e933-4839-a7aa-b025ed7fd068@group-04E649E6EF01-LeaderElection89] INFO  impl.LeaderElection (LeaderElection.java:logAndReturn(89)) - 9d6916e6-e933-4839-a7aa-b025ed7fd068@group-04E649E6EF01-LeaderElection89: ELECTION PASSED received 1 response(s) and 0 exception(s):
2022-01-08 01:46:49,436 [9d6916e6-e933-4839-a7aa-b025ed7fd068@group-04E649E6EF01-LeaderElection89] INFO  impl.LeaderElection (LeaderElection.java:logAndReturn(93)) -   Response 0: 9d6916e6-e933-4839-a7aa-b025ed7fd068<-44471f42-9a01-4764-8909-e7e02c044ebe#0:OK-t2
2022-01-08 01:46:49,436 [9d6916e6-e933-4839-a7aa-b025ed7fd068@group-04E649E6EF01-LeaderElection89] INFO  impl.LeaderElection (LeaderElection.java:askForVotes(308)) - 9d6916e6-e933-4839-a7aa-b025ed7fd068@group-04E649E6EF01-LeaderElection89 ELECTION round 0: result PASSED
2022-01-08 01:46:49,436 [9d6916e6-e933-4839-a7aa-b025ed7fd068@group-04E649E6EF01-LeaderElection89] INFO  impl.RoleInfo (RoleInfo.java:shutdownLeaderElection(121)) - 9d6916e6-e933-4839-a7aa-b025ed7fd068: shutdown 9d6916e6-e933-4839-a7aa-b025ed7fd068@group-04E649E6EF01-LeaderElection89
2022-01-08 01:46:49,436 [9d6916e6-e933-4839-a7aa-b025ed7fd068@group-04E649E6EF01-LeaderElection89] INFO  server.RaftServer$Division (RaftServerImpl.java:setRole(290)) - 9d6916e6-e933-4839-a7aa-b025ed7fd068@group-04E649E6EF01: changes role from CANDIDATE to LEADER at term 2 for changeToLeader
2022-01-08 01:46:49,436 [9d6916e6-e933-4839-a7aa-b025ed7fd068@group-04E649E6EF01-LeaderElection89] INFO  ratis.XceiverServerRatis (XceiverServerRatis.java:handleLeaderChangedNotification(866)) - Leader change notification received for group: group-04E649E6EF01 with new leaderId: 9d6916e6-e933-4839-a7aa-b025ed7fd068
2022-01-08 01:46:49,436 [9d6916e6-e933-4839-a7aa-b025ed7fd068@group-04E649E6EF01-LeaderElection89] INFO  server.RaftServer$Division (ServerState.java:setLeader(285)) - 9d6916e6-e933-4839-a7aa-b025ed7fd068@group-04E649E6EF01: change Leader from null to 9d6916e6-e933-4839-a7aa-b025ed7fd068 at term 2 for becomeLeader, leader elected after 10364ms
2022-01-08 01:46:49,436 [9d6916e6-e933-4839-a7aa-b025ed7fd068@group-04E649E6EF01-LeaderElection89] INFO  server.RaftServerConfigKeys (ConfUtils.java:logGet(44)) - raft.server.staging.catchup.gap = 1000 (default)
2022-01-08 01:46:49,437 [9d6916e6-e933-4839-a7aa-b025ed7fd068@group-04E649E6EF01-LeaderElection89] INFO  server.RaftServerConfigKeys (ConfUtils.java:logGet(44)) - raft.server.write.element-limit = 1024 (custom)
2022-01-08 01:46:49,437 [9d6916e6-e933-4839-a7aa-b025ed7fd068@group-04E649E6EF01-LeaderElection89] INFO  server.RaftServerConfigKeys (ConfUtils.java:logGet(44)) - raft.server.write.byte-limit = 1024 M (=1073741824) (custom)
2022-01-08 01:46:49,437 [9d6916e6-e933-4839-a7aa-b025ed7fd068@group-04E649E6EF01-LeaderElection89] INFO  server.RaftServerConfigKeys (ConfUtils.java:logGet(44)) - raft.server.watch.timeout = 3000ms (custom)
2022-01-08 01:46:49,437 [9d6916e6-e933-4839-a7aa-b025ed7fd068@group-04E649E6EF01-LeaderElection89] INFO  server.RaftServerConfigKeys (ConfUtils.java:logGet(44)) - raft.server.watch.timeout.denomination = 1s (default)
2022-01-08 01:46:49,437 [9d6916e6-e933-4839-a7aa-b025ed7fd068@group-04E649E6EF01-LeaderElection89] INFO  server.RaftServerConfigKeys (ConfUtils.java:logGet(44)) - raft.server.watch.element-limit = 65536 (default)
2022-01-08 01:46:49,437 [9d6916e6-e933-4839-a7aa-b025ed7fd068@group-04E649E6EF01-LeaderElection89] INFO  server.RaftServerConfigKeys (ConfUtils.java:logGet(44)) - raft.server.write.element-limit = 1024 (custom)
2022-01-08 01:46:49,437 [9d6916e6-e933-4839-a7aa-b025ed7fd068@group-04E649E6EF01-LeaderElection89] INFO  server.RaftServerConfigKeys (ConfUtils.java:logGet(44)) - raft.server.write.follower.gap.ratio.max = -1.0 (default)
2022-01-08 01:46:49,437 [9d6916e6-e933-4839-a7aa-b025ed7fd068@group-04E649E6EF01-LeaderElection89] INFO  server.RaftServerConfigKeys (ConfUtils.java:logGet(44)) - raft.server.log.appender.snapshot.chunk.size.max = 16MB (=16777216) (default)
2022-01-08 01:46:49,437 [9d6916e6-e933-4839-a7aa-b025ed7fd068@group-04E649E6EF01-LeaderElection89] INFO  server.RaftServerConfigKeys (ConfUtils.java:logGet(44)) - raft.server.log.appender.buffer.byte-limit = 33554432 (custom)
2022-01-08 01:46:49,437 [9d6916e6-e933-4839-a7aa-b025ed7fd068@group-04E649E6EF01-LeaderElection89] INFO  server.RaftServerConfigKeys (ConfUtils.java:logGet(44)) - raft.server.log.appender.buffer.element-limit = 1 (custom)
2022-01-08 01:46:49,438 [9d6916e6-e933-4839-a7aa-b025ed7fd068@group-04E649E6EF01-LeaderElection89] INFO  grpc.GrpcConfigKeys (ConfUtils.java:logGet(44)) - raft.grpc.server.leader.outstanding.appends.max = 128 (default)
2022-01-08 01:46:49,438 [9d6916e6-e933-4839-a7aa-b025ed7fd068@group-04E649E6EF01-LeaderElection89] INFO  server.RaftServerConfigKeys (ConfUtils.java:logGet(44)) - raft.server.rpc.request.timeout = 3000ms (default)
2022-01-08 01:46:49,438 [9d6916e6-e933-4839-a7aa-b025ed7fd068@group-04E649E6EF01-LeaderElection89] INFO  server.RaftServerConfigKeys (ConfUtils.java:logGet(44)) - raft.server.log.appender.install.snapshot.enabled = false (custom)
2022-01-08 01:46:49,439 [9d6916e6-e933-4839-a7aa-b025ed7fd068@group-04E649E6EF01-LeaderElection89] INFO  server.RaftServerConfigKeys (ConfUtils.java:logGet(44)) - raft.server.log.appender.snapshot.chunk.size.max = 16MB (=16777216) (default)
2022-01-08 01:46:49,440 [9d6916e6-e933-4839-a7aa-b025ed7fd068@group-04E649E6EF01-LeaderElection89] INFO  server.RaftServerConfigKeys (ConfUtils.java:logGet(44)) - raft.server.log.appender.buffer.byte-limit = 33554432 (custom)
2022-01-08 01:46:49,440 [9d6916e6-e933-4839-a7aa-b025ed7fd068@group-04E649E6EF01-LeaderElection89] INFO  server.RaftServerConfigKeys (ConfUtils.java:logGet(44)) - raft.server.log.appender.buffer.element-limit = 1 (custom)
2022-01-08 01:46:49,440 [9d6916e6-e933-4839-a7aa-b025ed7fd068@group-04E649E6EF01-LeaderElection89] INFO  grpc.GrpcConfigKeys (ConfUtils.java:logGet(44)) - raft.grpc.server.leader.outstanding.appends.max = 128 (default)
2022-01-08 01:46:49,440 [9d6916e6-e933-4839-a7aa-b025ed7fd068@group-04E649E6EF01-LeaderElection89] INFO  server.RaftServerConfigKeys (ConfUtils.java:logGet(44)) - raft.server.rpc.request.timeout = 3000ms (default)
2022-01-08 01:46:49,440 [9d6916e6-e933-4839-a7aa-b025ed7fd068@group-04E649E6EF01-LeaderElection89] INFO  server.RaftServerConfigKeys (ConfUtils.java:logGet(44)) - raft.server.log.appender.install.snapshot.enabled = false (custom)
2022-01-08 01:46:49,441 [9d6916e6-e933-4839-a7aa-b025ed7fd068@group-04E649E6EF01-LeaderElection89] INFO  impl.RoleInfo (RoleInfo.java:updateAndGet(130)) - 9d6916e6-e933-4839-a7aa-b025ed7fd068: start 9d6916e6-e933-4839-a7aa-b025ed7fd068@group-04E649E6EF01-LeaderStateImpl
2022-01-08 01:46:49,442 [9d6916e6-e933-4839-a7aa-b025ed7fd068@group-04E649E6EF01-LeaderElection89] INFO  segmented.SegmentedRaftLogWorker (SegmentedRaftLogWorker.java:startLogSegment(394)) - 9d6916e6-e933-4839-a7aa-b025ed7fd068@group-04E649E6EF01-SegmentedRaftLogWorker: Starting segment from index:0
2022-01-08 01:46:49,444 [9d6916e6-e933-4839-a7aa-b025ed7fd068@group-04E649E6EF01-SegmentedRaftLogWorker] INFO  segmented.SegmentedRaftLogWorker (SegmentedRaftLogWorker.java:execute(601)) - 9d6916e6-e933-4839-a7aa-b025ed7fd068@group-04E649E6EF01-SegmentedRaftLogWorker: created new log segment /home/runner/work/ozone/ozone/hadoop-ozone/integration-test/target/test-dir/MiniOzoneClusterImpl-6a132c25-3902-4d06-b1e4-79a7ed3e0f57/datanode-1/data/ratis/ebe7d31a-a166-4fb1-b6b3-04e649e6ef01/current/log_inprogress_0
2022-01-08 01:46:49,446 [grpc-default-executor-0] INFO  ratis.XceiverServerRatis (XceiverServerRatis.java:handleLeaderChangedNotification(866)) - Leader change notification received for group: group-04E649E6EF01 with new leaderId: 9d6916e6-e933-4839-a7aa-b025ed7fd068
2022-01-08 01:46:49,446 [grpc-default-executor-0] INFO  server.RaftServer$Division (ServerState.java:setLeader(285)) - 44471f42-9a01-4764-8909-e7e02c044ebe@group-04E649E6EF01: change Leader from null to 9d6916e6-e933-4839-a7aa-b025ed7fd068 at term 2 for appendEntries, leader elected after 10400ms
2022-01-08 01:46:49,455 [grpc-default-executor-0] INFO  server.RaftServer$Division (ServerState.java:setRaftConf(387)) - 44471f42-9a01-4764-8909-e7e02c044ebe@group-04E649E6EF01: set configuration 0: [6477641b-710a-49ab-b56b-e0f600eb5c24|rpc:10.1.0.34:38417|dataStream:|priority:0, 44471f42-9a01-4764-8909-e7e02c044ebe|rpc:10.1.0.34:44109|dataStream:|priority:0, 9d6916e6-e933-4839-a7aa-b025ed7fd068|rpc:10.1.0.34:40543|dataStream:|priority:1], old=null
2022-01-08 01:46:49,456 [grpc-default-executor-0] INFO  segmented.SegmentedRaftLogWorker (SegmentedRaftLogWorker.java:startLogSegment(394)) - 44471f42-9a01-4764-8909-e7e02c044ebe@group-04E649E6EF01-SegmentedRaftLogWorker: Starting segment from index:0
2022-01-08 01:46:49,458 [44471f42-9a01-4764-8909-e7e02c044ebe@group-04E649E6EF01-SegmentedRaftLogWorker] INFO  segmented.SegmentedRaftLogWorker (SegmentedRaftLogWorker.java:execute(601)) - 44471f42-9a01-4764-8909-e7e02c044ebe@group-04E649E6EF01-SegmentedRaftLogWorker: created new log segment /home/runner/work/ozone/ozone/hadoop-ozone/integration-test/target/test-dir/MiniOzoneClusterImpl-6a132c25-3902-4d06-b1e4-79a7ed3e0f57/datanode-2/data/ratis/ebe7d31a-a166-4fb1-b6b3-04e649e6ef01/current/log_inprogress_0
2022-01-08 01:46:49,465 [grpc-default-executor-0] INFO  server.RaftServer$Division (RaftServerImpl.java:requestVote(1046)) - 9d6916e6-e933-4839-a7aa-b025ed7fd068@group-04E649E6EF01: receive requestVote(ELECTION, 6477641b-710a-49ab-b56b-e0f600eb5c24, group-04E649E6EF01, 2, (t:0, i:0))
2022-01-08 01:46:49,466 [9d6916e6-e933-4839-a7aa-b025ed7fd068@group-04E649E6EF01-LeaderElection89] INFO  server.RaftServer$Division (ServerState.java:setRaftConf(387)) - 9d6916e6-e933-4839-a7aa-b025ed7fd068@group-04E649E6EF01: set configuration 0: [6477641b-710a-49ab-b56b-e0f600eb5c24|rpc:10.1.0.34:38417|dataStream:|priority:0, 44471f42-9a01-4764-8909-e7e02c044ebe|rpc:10.1.0.34:44109|dataStream:|priority:0, 9d6916e6-e933-4839-a7aa-b025ed7fd068|rpc:10.1.0.34:40543|dataStream:|priority:1], old=null
2022-01-08 01:46:49,466 [grpc-default-executor-0] INFO  impl.VoteContext (VoteContext.java:log(48)) - 9d6916e6-e933-4839-a7aa-b025ed7fd068@group-04E649E6EF01-LEADER: reject ELECTION from 6477641b-710a-49ab-b56b-e0f600eb5c24: already has voted for 9d6916e6-e933-4839-a7aa-b025ed7fd068 at current term 2
2022-01-08 01:46:49,466 [grpc-default-executor-0] INFO  server.RaftServer$Division (RaftServerImpl.java:requestVote(1078)) - 9d6916e6-e933-4839-a7aa-b025ed7fd068@group-04E649E6EF01 replies to ELECTION vote request: 6477641b-710a-49ab-b56b-e0f600eb5c24<-9d6916e6-e933-4839-a7aa-b025ed7fd068#0:FAIL-t2. Peer's state: 9d6916e6-e933-4839-a7aa-b025ed7fd068@group-04E649E6EF01:t2, leader=9d6916e6-e933-4839-a7aa-b025ed7fd068, voted=9d6916e6-e933-4839-a7aa-b025ed7fd068, raftlog=9d6916e6-e933-4839-a7aa-b025ed7fd068@group-04E649E6EF01-SegmentedRaftLog:OPENED:c-1, conf=0: [6477641b-710a-49ab-b56b-e0f600eb5c24|rpc:10.1.0.34:38417|dataStream:|priority:0, 44471f42-9a01-4764-8909-e7e02c044ebe|rpc:10.1.0.34:44109|dataStream:|priority:0, 9d6916e6-e933-4839-a7aa-b025ed7fd068|rpc:10.1.0.34:40543|dataStream:|priority:1], old=null
2022-01-08 01:46:49,469 [6477641b-710a-49ab-b56b-e0f600eb5c24@group-04E649E6EF01-LeaderElection90] INFO  impl.LeaderElection (LeaderElection.java:logAndReturn(89)) - 6477641b-710a-49ab-b56b-e0f600eb5c24@group-04E649E6EF01-LeaderElection90: ELECTION REJECTED received 2 response(s) and 0 exception(s):
2022-01-08 01:46:49,469 [6477641b-710a-49ab-b56b-e0f600eb5c24@group-04E649E6EF01-LeaderElection90] INFO  impl.LeaderElection (LeaderElection.java:logAndReturn(93)) -   Response 0: 6477641b-710a-49ab-b56b-e0f600eb5c24<-44471f42-9a01-4764-8909-e7e02c044ebe#0:FAIL-t2
2022-01-08 01:46:49,469 [6477641b-710a-49ab-b56b-e0f600eb5c24@group-04E649E6EF01-LeaderElection90] INFO  impl.LeaderElection (LeaderElection.java:logAndReturn(93)) -   Response 1: 6477641b-710a-49ab-b56b-e0f600eb5c24<-9d6916e6-e933-4839-a7aa-b025ed7fd068#0:FAIL-t2
2022-01-08 01:46:49,469 [6477641b-710a-49ab-b56b-e0f600eb5c24@group-04E649E6EF01-LeaderElection90] INFO  impl.LeaderElection (LeaderElection.java:askForVotes(308)) - 6477641b-710a-49ab-b56b-e0f600eb5c24@group-04E649E6EF01-LeaderElection90 ELECTION round 0: result REJECTED
2022-01-08 01:46:49,469 [6477641b-710a-49ab-b56b-e0f600eb5c24@group-04E649E6EF01-LeaderElection90] INFO  server.RaftServer$Division (RaftServerImpl.java:setRole(290)) - 6477641b-710a-49ab-b56b-e0f600eb5c24@group-04E649E6EF01: changes role from CANDIDATE to FOLLOWER at term 2 for REJECTED
2022-01-08 01:46:49,469 [6477641b-710a-49ab-b56b-e0f600eb5c24@group-04E649E6EF01-LeaderElection90] INFO  impl.RoleInfo (RoleInfo.java:shutdownLeaderElection(121)) - 6477641b-710a-49ab-b56b-e0f600eb5c24: shutdown 6477641b-710a-49ab-b56b-e0f600eb5c24@group-04E649E6EF01-LeaderElection90
2022-01-08 01:46:49,469 [6477641b-710a-49ab-b56b-e0f600eb5c24@group-04E649E6EF01-LeaderElection90] INFO  impl.RoleInfo (RoleInfo.java:updateAndGet(130)) - 6477641b-710a-49ab-b56b-e0f600eb5c24: start 6477641b-710a-49ab-b56b-e0f600eb5c24@group-04E649E6EF01-FollowerState
2022-01-08 01:46:49,476 [grpc-default-executor-1] INFO  ratis.XceiverServerRatis (XceiverServerRatis.java:handleLeaderChangedNotification(866)) - Leader change notification received for group: group-04E649E6EF01 with new leaderId: 9d6916e6-e933-4839-a7aa-b025ed7fd068
2022-01-08 01:46:49,476 [grpc-default-executor-1] INFO  server.RaftServer$Division (ServerState.java:setLeader(285)) - 6477641b-710a-49ab-b56b-e0f600eb5c24@group-04E649E6EF01: change Leader from null to 9d6916e6-e933-4839-a7aa-b025ed7fd068 at term 2 for appendEntries, leader elected after 10524ms
2022-01-08 01:46:49,482 [grpc-default-executor-1] INFO  server.RaftServer$Division (ServerState.java:setRaftConf(387)) - 6477641b-710a-49ab-b56b-e0f600eb5c24@group-04E649E6EF01: set configuration 0: [6477641b-710a-49ab-b56b-e0f600eb5c24|rpc:10.1.0.34:38417|dataStream:|priority:0, 44471f42-9a01-4764-8909-e7e02c044ebe|rpc:10.1.0.34:44109|dataStream:|priority:0, 9d6916e6-e933-4839-a7aa-b025ed7fd068|rpc:10.1.0.34:40543|dataStream:|priority:1], old=null
2022-01-08 01:46:49,483 [grpc-default-executor-1] INFO  segmented.SegmentedRaftLogWorker (SegmentedRaftLogWorker.java:startLogSegment(394)) - 6477641b-710a-49ab-b56b-e0f600eb5c24@group-04E649E6EF01-SegmentedRaftLogWorker: Starting segment from index:0
2022-01-08 01:46:49,487 [6477641b-710a-49ab-b56b-e0f600eb5c24@group-04E649E6EF01-SegmentedRaftLogWorker] INFO  segmented.SegmentedRaftLogWorker (SegmentedRaftLogWorker.java:execute(601)) - 6477641b-710a-49ab-b56b-e0f600eb5c24@group-04E649E6EF01-SegmentedRaftLogWorker: created new log segment /home/runner/work/ozone/ozone/hadoop-ozone/integration-test/target/test-dir/MiniOzoneClusterImpl-6a132c25-3902-4d06-b1e4-79a7ed3e0f57/datanode-0/data/ratis/ebe7d31a-a166-4fb1-b6b3-04e649e6ef01/current/log_inprogress_0
2022-01-08 01:46:50,600 [Listener at 127.0.0.1/40645] INFO  ozoneimpl.OzoneContainer (OzoneContainer.java:stop(336)) - Attempting to stop container services.
2022-01-08 01:46:50,600 [Listener at 127.0.0.1/40645] INFO  server.RaftServer (RaftServerProxy.java:lambda$close$6(391)) - 9d6916e6-e933-4839-a7aa-b025ed7fd068: close
2022-01-08 01:46:50,601 [Listener at 127.0.0.1/40645] INFO  server.RaftServer$Division (RaftServerImpl.java:lambda$close$4(412)) - 9d6916e6-e933-4839-a7aa-b025ed7fd068@group-AB80FE323EB3: shutdown
2022-01-08 01:46:50,601 [Listener at 127.0.0.1/40645] INFO  util.JmxRegister (JmxRegister.java:unregister(73)) - Successfully un-registered JMX Bean with object name Ratis:service=RaftServer,group=group-AB80FE323EB3,id=9d6916e6-e933-4839-a7aa-b025ed7fd068
2022-01-08 01:46:50,601 [Listener at 127.0.0.1/40645] INFO  impl.RoleInfo (RoleInfo.java:shutdownFollowerState(108)) - 9d6916e6-e933-4839-a7aa-b025ed7fd068: shutdown 9d6916e6-e933-4839-a7aa-b025ed7fd068@group-AB80FE323EB3-FollowerState
2022-01-08 01:46:50,601 [Listener at 127.0.0.1/40645] INFO  impl.StateMachineUpdater (StateMachineUpdater.java:stopAndJoin(149)) - 9d6916e6-e933-4839-a7aa-b025ed7fd068@group-AB80FE323EB3-StateMachineUpdater: set stopIndex = 0
2022-01-08 01:46:50,601 [ForkJoinPool.commonPool-worker-0] INFO  server.RaftServer$Division (RaftServerImpl.java:lambda$close$4(412)) - 9d6916e6-e933-4839-a7aa-b025ed7fd068@group-04E649E6EF01: shutdown
2022-01-08 01:46:50,601 [ForkJoinPool.commonPool-worker-0] INFO  util.JmxRegister (JmxRegister.java:unregister(73)) - Successfully un-registered JMX Bean with object name Ratis:service=RaftServer,group=group-04E649E6EF01,id=9d6916e6-e933-4839-a7aa-b025ed7fd068
2022-01-08 01:46:50,601 [ForkJoinPool.commonPool-worker-0] INFO  impl.RoleInfo (RoleInfo.java:shutdownLeaderState(91)) - 9d6916e6-e933-4839-a7aa-b025ed7fd068: shutdown 9d6916e6-e933-4839-a7aa-b025ed7fd068@group-04E649E6EF01-LeaderStateImpl
2022-01-08 01:46:50,602 [ForkJoinPool.commonPool-worker-0] INFO  impl.PendingRequests (PendingRequests.java:sendNotLeaderResponses(282)) - 9d6916e6-e933-4839-a7aa-b025ed7fd068@group-04E649E6EF01-PendingRequests: sendNotLeaderResponses
2022-01-08 01:46:50,602 [ForkJoinPool.commonPool-worker-0] INFO  impl.StateMachineUpdater (StateMachineUpdater.java:stopAndJoin(149)) - 9d6916e6-e933-4839-a7aa-b025ed7fd068@group-04E649E6EF01-StateMachineUpdater: set stopIndex = 0
2022-01-08 01:46:50,602 [9d6916e6-e933-4839-a7aa-b025ed7fd068@group-AB80FE323EB3-FollowerState] INFO  impl.FollowerState (FollowerState.java:run(143)) - 9d6916e6-e933-4839-a7aa-b025ed7fd068@group-AB80FE323EB3-FollowerState was interrupted: {}
java.lang.InterruptedException: sleep interrupted
	at java.lang.Thread.sleep(Native Method)
	at java.lang.Thread.sleep(Thread.java:340)
	at java.util.concurrent.TimeUnit.sleep(TimeUnit.java:386)
	at org.apache.ratis.util.TimeDuration.sleep(TimeDuration.java:324)
	at org.apache.ratis.util.TimeDuration.sleep(TimeDuration.java:309)
	at org.apache.ratis.server.impl.FollowerState.run(FollowerState.java:118)
2022-01-08 01:46:50,602 [9d6916e6-e933-4839-a7aa-b025ed7fd068@group-04E649E6EF01-StateMachineUpdater] INFO  ratis.ContainerStateMachine (ContainerStateMachine.java:takeSnapshot(299)) - group-04E649E6EF01: Taking a snapshot at:(t:2, i:0) file /home/runner/work/ozone/ozone/hadoop-ozone/integration-test/target/test-dir/MiniOzoneClusterImpl-6a132c25-3902-4d06-b1e4-79a7ed3e0f57/datanode-1/data/ratis/ebe7d31a-a166-4fb1-b6b3-04e649e6ef01/sm/snapshot.2_0
2022-01-08 01:46:50,603 [9d6916e6-e933-4839-a7aa-b025ed7fd068@group-AB80FE323EB3-StateMachineUpdater] INFO  ratis.ContainerStateMachine (ContainerStateMachine.java:takeSnapshot(299)) - group-AB80FE323EB3: Taking a snapshot at:(t:1, i:0) file /home/runner/work/ozone/ozone/hadoop-ozone/integration-test/target/test-dir/MiniOzoneClusterImpl-6a132c25-3902-4d06-b1e4-79a7ed3e0f57/datanode-1/data/ratis/f2ed03a6-aac7-4283-93ce-ab80fe323eb3/sm/snapshot.1_0
2022-01-08 01:46:50,603 [9d6916e6-e933-4839-a7aa-b025ed7fd068@group-04E649E6EF01->44471f42-9a01-4764-8909-e7e02c044ebe-GrpcLogAppender-LogAppenderDaemon] WARN  server.GrpcLogAppender (GrpcLogAppender.java:mayWait(177)) - 9d6916e6-e933-4839-a7aa-b025ed7fd068@group-04E649E6EF01->44471f42-9a01-4764-8909-e7e02c044ebe-GrpcLogAppender: Wait interrupted by java.lang.InterruptedException
2022-01-08 01:46:50,603 [9d6916e6-e933-4839-a7aa-b025ed7fd068@group-04E649E6EF01->6477641b-710a-49ab-b56b-e0f600eb5c24-GrpcLogAppender-LogAppenderDaemon] WARN  server.GrpcLogAppender (GrpcLogAppender.java:mayWait(177)) - 9d6916e6-e933-4839-a7aa-b025ed7fd068@group-04E649E6EF01->6477641b-710a-49ab-b56b-e0f600eb5c24-GrpcLogAppender: Wait interrupted by java.lang.InterruptedException
2022-01-08 01:46:50,604 [grpc-default-executor-1] INFO  server.GrpcServerProtocolService (GrpcServerProtocolService.java:onCompleted(140)) - 44471f42-9a01-4764-8909-e7e02c044ebe: Completed APPEND_ENTRIES, lastRequest: 9d6916e6-e933-4839-a7aa-b025ed7fd068->44471f42-9a01-4764-8909-e7e02c044ebe#1-t2,previous=(t:0, i:0),leaderCommit=-1,initializing? true,entries: size=1, first=(t:2, i:0), CONFIGURATIONENTRY
2022-01-08 01:46:50,604 [9d6916e6-e933-4839-a7aa-b025ed7fd068@group-04E649E6EF01-StateMachineUpdater] INFO  ratis.ContainerStateMachine (ContainerStateMachine.java:takeSnapshot(310)) - group-04E649E6EF01: Finished taking a snapshot at:(t:2, i:0) file:/home/runner/work/ozone/ozone/hadoop-ozone/integration-test/target/test-dir/MiniOzoneClusterImpl-6a132c25-3902-4d06-b1e4-79a7ed3e0f57/datanode-1/data/ratis/ebe7d31a-a166-4fb1-b6b3-04e649e6ef01/sm/snapshot.2_0 took: 2 ms
2022-01-08 01:46:50,605 [9d6916e6-e933-4839-a7aa-b025ed7fd068@group-04E649E6EF01-StateMachineUpdater] INFO  impl.StateMachineUpdater (StateMachineUpdater.java:takeSnapshot(281)) - 9d6916e6-e933-4839-a7aa-b025ed7fd068@group-04E649E6EF01-StateMachineUpdater: Took a snapshot at index 0
2022-01-08 01:46:50,605 [9d6916e6-e933-4839-a7aa-b025ed7fd068@group-04E649E6EF01-StateMachineUpdater] INFO  impl.StateMachineUpdater (StateMachineUpdater.java:lambda$new$0(89)) - 9d6916e6-e933-4839-a7aa-b025ed7fd068@group-04E649E6EF01-StateMachineUpdater: snapshotIndex: updateIncreasingly -1 -> 0
2022-01-08 01:46:50,606 [grpc-default-executor-2] INFO  server.GrpcLogAppender (GrpcLogAppender.java:onCompleted(346)) - 9d6916e6-e933-4839-a7aa-b025ed7fd068@group-04E649E6EF01->44471f42-9a01-4764-8909-e7e02c044ebe-AppendLogResponseHandler: follower responses appendEntries COMPLETED
2022-01-08 01:46:50,606 [grpc-default-executor-2] INFO  leader.FollowerInfo (FollowerInfoImpl.java:lambda$new$0(47)) - 9d6916e6-e933-4839-a7aa-b025ed7fd068@group-04E649E6EF01->44471f42-9a01-4764-8909-e7e02c044ebe: nextIndex: updateUnconditionally 1 -> 0
2022-01-08 01:46:50,606 [grpc-default-executor-1] INFO  server.GrpcServerProtocolService (GrpcServerProtocolService.java:onCompleted(140)) - 6477641b-710a-49ab-b56b-e0f600eb5c24: Completed APPEND_ENTRIES, lastRequest: 9d6916e6-e933-4839-a7aa-b025ed7fd068->6477641b-710a-49ab-b56b-e0f600eb5c24#1-t2,previous=(t:0, i:0),leaderCommit=0,initializing? true,entries: size=1, first=(t:2, i:0), CONFIGURATIONENTRY
2022-01-08 01:46:50,606 [grpc-default-executor-2] INFO  server.GrpcLogAppender (GrpcLogAppender.java:onCompleted(346)) - 9d6916e6-e933-4839-a7aa-b025ed7fd068@group-04E649E6EF01->6477641b-710a-49ab-b56b-e0f600eb5c24-AppendLogResponseHandler: follower responses appendEntries COMPLETED
2022-01-08 01:46:50,607 [grpc-default-executor-2] INFO  leader.FollowerInfo (FollowerInfoImpl.java:lambda$new$0(47)) - 9d6916e6-e933-4839-a7aa-b025ed7fd068@group-04E649E6EF01->6477641b-710a-49ab-b56b-e0f600eb5c24: nextIndex: updateUnconditionally 1 -> 0
2022-01-08 01:46:50,607 [ForkJoinPool.commonPool-worker-0] INFO  server.RaftServer$Division (ServerState.java:close(419)) - 9d6916e6-e933-4839-a7aa-b025ed7fd068@group-04E649E6EF01: closes. applyIndex: 0
2022-01-08 01:46:50,607 [9d6916e6-e933-4839-a7aa-b025ed7fd068@group-04E649E6EF01-SegmentedRaftLogWorker] INFO  segmented.SegmentedRaftLogWorker (SegmentedRaftLogWorker.java:run(327)) - 9d6916e6-e933-4839-a7aa-b025ed7fd068@group-04E649E6EF01-SegmentedRaftLogWorker was interrupted, exiting. There are 0 tasks remaining in the queue.
2022-01-08 01:46:50,607 [9d6916e6-e933-4839-a7aa-b025ed7fd068@group-AB80FE323EB3-StateMachineUpdater] INFO  ratis.ContainerStateMachine (ContainerStateMachine.java:takeSnapshot(310)) - group-AB80FE323EB3: Finished taking a snapshot at:(t:1, i:0) file:/home/runner/work/ozone/ozone/hadoop-ozone/integration-test/target/test-dir/MiniOzoneClusterImpl-6a132c25-3902-4d06-b1e4-79a7ed3e0f57/datanode-1/data/ratis/f2ed03a6-aac7-4283-93ce-ab80fe323eb3/sm/snapshot.1_0 took: 5 ms
2022-01-08 01:46:50,607 [9d6916e6-e933-4839-a7aa-b025ed7fd068@group-AB80FE323EB3-StateMachineUpdater] INFO  impl.StateMachineUpdater (StateMachineUpdater.java:takeSnapshot(281)) - 9d6916e6-e933-4839-a7aa-b025ed7fd068@group-AB80FE323EB3-StateMachineUpdater: Took a snapshot at index 0
2022-01-08 01:46:50,607 [9d6916e6-e933-4839-a7aa-b025ed7fd068@group-AB80FE323EB3-StateMachineUpdater] INFO  impl.StateMachineUpdater (StateMachineUpdater.java:lambda$new$0(89)) - 9d6916e6-e933-4839-a7aa-b025ed7fd068@group-AB80FE323EB3-StateMachineUpdater: snapshotIndex: updateIncreasingly -1 -> 0
2022-01-08 01:46:50,609 [ForkJoinPool.commonPool-worker-0] INFO  segmented.SegmentedRaftLogWorker (SegmentedRaftLogWorker.java:close(237)) - 9d6916e6-e933-4839-a7aa-b025ed7fd068@group-04E649E6EF01-SegmentedRaftLogWorker close()
2022-01-08 01:46:50,611 [ForkJoinPool.commonPool-worker-0] INFO  server.RaftServer$Division (RaftServerImpl.java:lambda$close$4(412)) - 9d6916e6-e933-4839-a7aa-b025ed7fd068@group-F33B4351AC6E: shutdown
2022-01-08 01:46:50,611 [ForkJoinPool.commonPool-worker-0] INFO  util.JmxRegister (JmxRegister.java:unregister(73)) - Successfully un-registered JMX Bean with object name Ratis:service=RaftServer,group=group-F33B4351AC6E,id=9d6916e6-e933-4839-a7aa-b025ed7fd068
2022-01-08 01:46:50,611 [ForkJoinPool.commonPool-worker-0] INFO  impl.RoleInfo (RoleInfo.java:shutdownLeaderState(91)) - 9d6916e6-e933-4839-a7aa-b025ed7fd068: shutdown 9d6916e6-e933-4839-a7aa-b025ed7fd068@group-F33B4351AC6E-LeaderStateImpl
2022-01-08 01:46:50,611 [ForkJoinPool.commonPool-worker-0] INFO  impl.PendingRequests (PendingRequests.java:sendNotLeaderResponses(282)) - 9d6916e6-e933-4839-a7aa-b025ed7fd068@group-F33B4351AC6E-PendingRequests: sendNotLeaderResponses
2022-01-08 01:46:50,621 [ForkJoinPool.commonPool-worker-0] INFO  impl.StateMachineUpdater (StateMachineUpdater.java:stopAndJoin(149)) - 9d6916e6-e933-4839-a7aa-b025ed7fd068@group-F33B4351AC6E-StateMachineUpdater: set stopIndex = 10
2022-01-08 01:46:50,622 [9d6916e6-e933-4839-a7aa-b025ed7fd068@group-F33B4351AC6E-StateMachineUpdater] INFO  ratis.ContainerStateMachine (ContainerStateMachine.java:takeSnapshot(299)) - group-F33B4351AC6E: Taking a snapshot at:(t:1, i:10) file /home/runner/work/ozone/ozone/hadoop-ozone/integration-test/target/test-dir/MiniOzoneClusterImpl-6a132c25-3902-4d06-b1e4-79a7ed3e0f57/datanode-1/data/ratis/3c427e93-4362-4243-92cd-f33b4351ac6e/sm/snapshot.1_10
2022-01-08 01:46:50,624 [9d6916e6-e933-4839-a7aa-b025ed7fd068@group-F33B4351AC6E-StateMachineUpdater] INFO  ratis.ContainerStateMachine (ContainerStateMachine.java:takeSnapshot(310)) - group-F33B4351AC6E: Finished taking a snapshot at:(t:1, i:10) file:/home/runner/work/ozone/ozone/hadoop-ozone/integration-test/target/test-dir/MiniOzoneClusterImpl-6a132c25-3902-4d06-b1e4-79a7ed3e0f57/datanode-1/data/ratis/3c427e93-4362-4243-92cd-f33b4351ac6e/sm/snapshot.1_10 took: 3 ms
2022-01-08 01:46:50,625 [9d6916e6-e933-4839-a7aa-b025ed7fd068@group-F33B4351AC6E-StateMachineUpdater] INFO  impl.StateMachineUpdater (StateMachineUpdater.java:takeSnapshot(281)) - 9d6916e6-e933-4839-a7aa-b025ed7fd068@group-F33B4351AC6E-StateMachineUpdater: Took a snapshot at index 10
2022-01-08 01:46:50,625 [9d6916e6-e933-4839-a7aa-b025ed7fd068@group-F33B4351AC6E-StateMachineUpdater] INFO  impl.StateMachineUpdater (StateMachineUpdater.java:lambda$new$0(89)) - 9d6916e6-e933-4839-a7aa-b025ed7fd068@group-F33B4351AC6E-StateMachineUpdater: snapshotIndex: updateIncreasingly -1 -> 10
2022-01-08 01:46:50,625 [ForkJoinPool.commonPool-worker-0] INFO  server.RaftServer$Division (ServerState.java:close(419)) - 9d6916e6-e933-4839-a7aa-b025ed7fd068@group-F33B4351AC6E: closes. applyIndex: 10
2022-01-08 01:46:50,626 [9d6916e6-e933-4839-a7aa-b025ed7fd068@group-F33B4351AC6E-SegmentedRaftLogWorker] INFO  segmented.SegmentedRaftLogWorker (SegmentedRaftLogWorker.java:run(327)) - 9d6916e6-e933-4839-a7aa-b025ed7fd068@group-F33B4351AC6E-SegmentedRaftLogWorker was interrupted, exiting. There are 0 tasks remaining in the queue.
2022-01-08 01:46:50,626 [ForkJoinPool.commonPool-worker-0] INFO  segmented.SegmentedRaftLogWorker (SegmentedRaftLogWorker.java:close(237)) - 9d6916e6-e933-4839-a7aa-b025ed7fd068@group-F33B4351AC6E-SegmentedRaftLogWorker close()
2022-01-08 01:46:50,628 [Listener at 127.0.0.1/40645] INFO  server.RaftServer$Division (ServerState.java:close(419)) - 9d6916e6-e933-4839-a7aa-b025ed7fd068@group-AB80FE323EB3: closes. applyIndex: 0
2022-01-08 01:46:50,628 [9d6916e6-e933-4839-a7aa-b025ed7fd068@group-AB80FE323EB3-SegmentedRaftLogWorker] INFO  segmented.SegmentedRaftLogWorker (SegmentedRaftLogWorker.java:run(327)) - 9d6916e6-e933-4839-a7aa-b025ed7fd068@group-AB80FE323EB3-SegmentedRaftLogWorker was interrupted, exiting. There are 0 tasks remaining in the queue.
2022-01-08 01:46:50,630 [Listener at 127.0.0.1/40645] INFO  segmented.SegmentedRaftLogWorker (SegmentedRaftLogWorker.java:close(237)) - 9d6916e6-e933-4839-a7aa-b025ed7fd068@group-AB80FE323EB3-SegmentedRaftLogWorker close()
2022-01-08 01:46:50,634 [Listener at 127.0.0.1/40645] INFO  server.RaftServer$Division (RaftServerImpl.java:lambda$close$4(412)) - 9d6916e6-e933-4839-a7aa-b025ed7fd068@group-D4B31538E167: shutdown
2022-01-08 01:46:50,634 [Listener at 127.0.0.1/40645] INFO  util.JmxRegister (JmxRegister.java:unregister(73)) - Successfully un-registered JMX Bean with object name Ratis:service=RaftServer,group=group-D4B31538E167,id=9d6916e6-e933-4839-a7aa-b025ed7fd068
2022-01-08 01:46:50,634 [Listener at 127.0.0.1/40645] INFO  impl.RoleInfo (RoleInfo.java:shutdownFollowerState(108)) - 9d6916e6-e933-4839-a7aa-b025ed7fd068: shutdown 9d6916e6-e933-4839-a7aa-b025ed7fd068@group-D4B31538E167-FollowerState
2022-01-08 01:46:50,634 [Listener at 127.0.0.1/40645] INFO  impl.StateMachineUpdater (StateMachineUpdater.java:stopAndJoin(149)) - 9d6916e6-e933-4839-a7aa-b025ed7fd068@group-D4B31538E167-StateMachineUpdater: set stopIndex = 0
2022-01-08 01:46:50,634 [9d6916e6-e933-4839-a7aa-b025ed7fd068@group-D4B31538E167-FollowerState] INFO  impl.FollowerState (FollowerState.java:run(143)) - 9d6916e6-e933-4839-a7aa-b025ed7fd068@group-D4B31538E167-FollowerState was interrupted: {}
java.lang.InterruptedException: sleep interrupted
	at java.lang.Thread.sleep(Native Method)
	at java.lang.Thread.sleep(Thread.java:340)
	at java.util.concurrent.TimeUnit.sleep(TimeUnit.java:386)
	at org.apache.ratis.util.TimeDuration.sleep(TimeDuration.java:324)
	at org.apache.ratis.util.TimeDuration.sleep(TimeDuration.java:309)
	at org.apache.ratis.server.impl.FollowerState.run(FollowerState.java:118)
2022-01-08 01:46:50,668 [9d6916e6-e933-4839-a7aa-b025ed7fd068@group-D4B31538E167-StateMachineUpdater] INFO  ratis.ContainerStateMachine (ContainerStateMachine.java:takeSnapshot(299)) - group-D4B31538E167: Taking a snapshot at:(t:2, i:0) file /home/runner/work/ozone/ozone/hadoop-ozone/integration-test/target/test-dir/MiniOzoneClusterImpl-6a132c25-3902-4d06-b1e4-79a7ed3e0f57/datanode-1/data/ratis/f6ab5375-c2fe-4a61-b67f-d4b31538e167/sm/snapshot.2_0
2022-01-08 01:46:50,669 [9d6916e6-e933-4839-a7aa-b025ed7fd068@group-D4B31538E167-StateMachineUpdater] INFO  ratis.ContainerStateMachine (ContainerStateMachine.java:takeSnapshot(310)) - group-D4B31538E167: Finished taking a snapshot at:(t:2, i:0) file:/home/runner/work/ozone/ozone/hadoop-ozone/integration-test/target/test-dir/MiniOzoneClusterImpl-6a132c25-3902-4d06-b1e4-79a7ed3e0f57/datanode-1/data/ratis/f6ab5375-c2fe-4a61-b67f-d4b31538e167/sm/snapshot.2_0 took: 2 ms
2022-01-08 01:46:50,670 [9d6916e6-e933-4839-a7aa-b025ed7fd068@group-D4B31538E167-StateMachineUpdater] INFO  impl.StateMachineUpdater (StateMachineUpdater.java:takeSnapshot(281)) - 9d6916e6-e933-4839-a7aa-b025ed7fd068@group-D4B31538E167-StateMachineUpdater: Took a snapshot at index 0
2022-01-08 01:46:50,670 [9d6916e6-e933-4839-a7aa-b025ed7fd068@group-D4B31538E167-StateMachineUpdater] INFO  impl.StateMachineUpdater (StateMachineUpdater.java:lambda$new$0(89)) - 9d6916e6-e933-4839-a7aa-b025ed7fd068@group-D4B31538E167-StateMachineUpdater: snapshotIndex: updateIncreasingly -1 -> 0
2022-01-08 01:46:50,670 [Listener at 127.0.0.1/40645] INFO  server.RaftServer$Division (ServerState.java:close(419)) - 9d6916e6-e933-4839-a7aa-b025ed7fd068@group-D4B31538E167: closes. applyIndex: 0
2022-01-08 01:46:50,684 [9d6916e6-e933-4839-a7aa-b025ed7fd068@group-D4B31538E167-SegmentedRaftLogWorker] INFO  segmented.SegmentedRaftLogWorker (SegmentedRaftLogWorker.java:run(327)) - 9d6916e6-e933-4839-a7aa-b025ed7fd068@group-D4B31538E167-SegmentedRaftLogWorker was interrupted, exiting. There are 0 tasks remaining in the queue.
2022-01-08 01:46:50,685 [Listener at 127.0.0.1/40645] INFO  segmented.SegmentedRaftLogWorker (SegmentedRaftLogWorker.java:close(237)) - 9d6916e6-e933-4839-a7aa-b025ed7fd068@group-D4B31538E167-SegmentedRaftLogWorker close()
2022-01-08 01:46:50,687 [Listener at 127.0.0.1/40645] INFO  server.GrpcService (GrpcService.java:closeImpl(262)) - 9d6916e6-e933-4839-a7aa-b025ed7fd068: shutdown server with port 40543 now
2022-01-08 01:46:50,700 [grpc-default-executor-4] WARN  server.GrpcLogAppender (LogUtils.java:warn(122)) - 44471f42-9a01-4764-8909-e7e02c044ebe@group-D4B31538E167->9d6916e6-e933-4839-a7aa-b025ed7fd068-AppendLogResponseHandler: Failed appendEntries: org.apache.ratis.thirdparty.io.grpc.StatusRuntimeException: CANCELLED: HTTP/2 error code: CANCEL
Received Rst Stream
2022-01-08 01:46:50,701 [grpc-default-executor-4] WARN  server.GrpcLogAppender (GrpcLogAppender.java:resetClient(110)) - 44471f42-9a01-4764-8909-e7e02c044ebe@group-D4B31538E167->9d6916e6-e933-4839-a7aa-b025ed7fd068-GrpcLogAppender: Leader has not got in touch with Follower 44471f42-9a01-4764-8909-e7e02c044ebe@group-D4B31538E167->9d6916e6-e933-4839-a7aa-b025ed7fd068(c0,m0,n1, attendVote=true, lastRpcSendTime=1754, lastRpcResponseTime=1737) yet, just keep nextIndex unchanged and retry.
2022-01-08 01:46:50,701 [grpc-default-executor-3] WARN  server.GrpcServerProtocolService (LogUtils.java:warn(122)) - 9d6916e6-e933-4839-a7aa-b025ed7fd068: installSnapshot onError, lastRequest: 6477641b-710a-49ab-b56b-e0f600eb5c24->9d6916e6-e933-4839-a7aa-b025ed7fd068#1-t1,previous=(t:0, i:0),leaderCommit=0,initializing? true,entries: size=1, first=(t:1, i:0), CONFIGURATIONENTRY: org.apache.ratis.thirdparty.io.grpc.StatusRuntimeException: CANCELLED: client cancelled
2022-01-08 01:46:50,702 [grpc-default-executor-5] WARN  server.GrpcLogAppender (LogUtils.java:warn(122)) - 6477641b-710a-49ab-b56b-e0f600eb5c24@group-AB80FE323EB3->9d6916e6-e933-4839-a7aa-b025ed7fd068-AppendLogResponseHandler: Failed appendEntries: org.apache.ratis.thirdparty.io.grpc.StatusRuntimeException: CANCELLED: HTTP/2 error code: CANCEL
Received Rst Stream
2022-01-08 01:46:50,702 [grpc-default-executor-5] WARN  server.GrpcLogAppender (GrpcLogAppender.java:resetClient(110)) - 6477641b-710a-49ab-b56b-e0f600eb5c24@group-AB80FE323EB3->9d6916e6-e933-4839-a7aa-b025ed7fd068-GrpcLogAppender: Leader has not got in touch with Follower 6477641b-710a-49ab-b56b-e0f600eb5c24@group-AB80FE323EB3->9d6916e6-e933-4839-a7aa-b025ed7fd068(c0,m0,n1, attendVote=true, lastRpcSendTime=1171, lastRpcResponseTime=1169) yet, just keep nextIndex unchanged and retry.
2022-01-08 01:46:50,711 [grpc-default-executor-1] WARN  server.GrpcServerProtocolService (LogUtils.java:warn(122)) - 9d6916e6-e933-4839-a7aa-b025ed7fd068: installSnapshot onError, lastRequest: 44471f42-9a01-4764-8909-e7e02c044ebe->9d6916e6-e933-4839-a7aa-b025ed7fd068#1-t2,previous=(t:0, i:0),leaderCommit=-1,initializing? true,entries: size=1, first=(t:2, i:0), CONFIGURATIONENTRY: org.apache.ratis.thirdparty.io.grpc.StatusRuntimeException: CANCELLED: client cancelled
2022-01-08 01:46:50,761 [Listener at 127.0.0.1/40645] INFO  server.GrpcService (GrpcService.java:closeImpl(271)) - 9d6916e6-e933-4839-a7aa-b025ed7fd068: shutdown server with port 40543 successfully
2022-01-08 01:46:50,761 [org.apache.ratis.util.JvmPauseMonitor$$Lambda$539/2045747304@72db5286] INFO  util.JvmPauseMonitor (JvmPauseMonitor.java:run(109)) - JvmPauseMonitor-9d6916e6-e933-4839-a7aa-b025ed7fd068: Stopped
2022-01-08 01:46:51,004 [46dea062-dbed-4f29-9927-38d96de780a1@group-225DCE1D33EE-FollowerState] INFO  impl.FollowerState (FollowerState.java:run(134)) - 46dea062-dbed-4f29-9927-38d96de780a1@group-225DCE1D33EE-FollowerState: change to CANDIDATE, lastRpcElapsedTime:5004341021ns, electionTimeout:5004ms
2022-01-08 01:46:51,005 [46dea062-dbed-4f29-9927-38d96de780a1@group-225DCE1D33EE-FollowerState] INFO  impl.RoleInfo (RoleInfo.java:shutdownFollowerState(108)) - 46dea062-dbed-4f29-9927-38d96de780a1: shutdown 46dea062-dbed-4f29-9927-38d96de780a1@group-225DCE1D33EE-FollowerState
2022-01-08 01:46:51,005 [46dea062-dbed-4f29-9927-38d96de780a1@group-225DCE1D33EE-FollowerState] INFO  server.RaftServer$Division (RaftServerImpl.java:setRole(290)) - 46dea062-dbed-4f29-9927-38d96de780a1@group-225DCE1D33EE: changes role from  FOLLOWER to CANDIDATE at term 1 for changeToCandidate
2022-01-08 01:46:51,013 [46dea062-dbed-4f29-9927-38d96de780a1@group-225DCE1D33EE-FollowerState] INFO  server.RaftServerConfigKeys (ConfUtils.java:logGet(44)) - raft.server.leaderelection.pre-vote = false (custom)
2022-01-08 01:46:51,013 [46dea062-dbed-4f29-9927-38d96de780a1@group-225DCE1D33EE-FollowerState] INFO  impl.RoleInfo (RoleInfo.java:updateAndGet(130)) - 46dea062-dbed-4f29-9927-38d96de780a1: start 46dea062-dbed-4f29-9927-38d96de780a1@group-225DCE1D33EE-LeaderElection92
2022-01-08 01:46:51,035 [81a3d3bc-df93-482d-841e-57d386bb5ebf@group-225DCE1D33EE-FollowerState] INFO  impl.FollowerState (FollowerState.java:run(134)) - 81a3d3bc-df93-482d-841e-57d386bb5ebf@group-225DCE1D33EE-FollowerState: change to CANDIDATE, lastRpcElapsedTime:5037710512ns, electionTimeout:5037ms
2022-01-08 01:46:51,035 [81a3d3bc-df93-482d-841e-57d386bb5ebf@group-225DCE1D33EE-FollowerState] INFO  impl.RoleInfo (RoleInfo.java:shutdownFollowerState(108)) - 81a3d3bc-df93-482d-841e-57d386bb5ebf: shutdown 81a3d3bc-df93-482d-841e-57d386bb5ebf@group-225DCE1D33EE-FollowerState
2022-01-08 01:46:51,035 [81a3d3bc-df93-482d-841e-57d386bb5ebf@group-225DCE1D33EE-FollowerState] INFO  server.RaftServer$Division (RaftServerImpl.java:setRole(290)) - 81a3d3bc-df93-482d-841e-57d386bb5ebf@group-225DCE1D33EE: changes role from  FOLLOWER to CANDIDATE at term 1 for changeToCandidate
2022-01-08 01:46:51,035 [81a3d3bc-df93-482d-841e-57d386bb5ebf@group-225DCE1D33EE-FollowerState] INFO  server.RaftServerConfigKeys (ConfUtils.java:logGet(44)) - raft.server.leaderelection.pre-vote = false (custom)
2022-01-08 01:46:51,035 [81a3d3bc-df93-482d-841e-57d386bb5ebf@group-225DCE1D33EE-FollowerState] INFO  impl.RoleInfo (RoleInfo.java:updateAndGet(130)) - 81a3d3bc-df93-482d-841e-57d386bb5ebf: start 81a3d3bc-df93-482d-841e-57d386bb5ebf@group-225DCE1D33EE-LeaderElection93
2022-01-08 01:46:51,087 [46dea062-dbed-4f29-9927-38d96de780a1@group-225DCE1D33EE-LeaderElection92] INFO  impl.LeaderElection (LeaderElection.java:askForVotes(306)) - 46dea062-dbed-4f29-9927-38d96de780a1@group-225DCE1D33EE-LeaderElection92 ELECTION round 0: submit vote requests at term 2 for -1: [81a3d3bc-df93-482d-841e-57d386bb5ebf|rpc:10.1.0.34:40489|priority:1, a6c260a2-0fcb-4cbe-bb3c-7bbe6bc0f1a0|rpc:10.1.0.34:44223|priority:0, 46dea062-dbed-4f29-9927-38d96de780a1|rpc:10.1.0.34:40963|priority:0], old=null
2022-01-08 01:46:51,092 [grpc-default-executor-2] INFO  server.RaftServer$Division (RaftServerImpl.java:requestVote(1046)) - 81a3d3bc-df93-482d-841e-57d386bb5ebf@group-225DCE1D33EE: receive requestVote(ELECTION, 46dea062-dbed-4f29-9927-38d96de780a1, group-225DCE1D33EE, 2, (t:0, i:0))
2022-01-08 01:46:51,098 [grpc-default-executor-1] INFO  server.RaftServer$Division (RaftServerImpl.java:requestVote(1046)) - a6c260a2-0fcb-4cbe-bb3c-7bbe6bc0f1a0@group-225DCE1D33EE: receive requestVote(ELECTION, 46dea062-dbed-4f29-9927-38d96de780a1, group-225DCE1D33EE, 2, (t:0, i:0))
2022-01-08 01:46:51,098 [grpc-default-executor-1] INFO  impl.VoteContext (VoteContext.java:log(48)) - a6c260a2-0fcb-4cbe-bb3c-7bbe6bc0f1a0@group-225DCE1D33EE-FOLLOWER: accept ELECTION from 46dea062-dbed-4f29-9927-38d96de780a1: our priority 0 <= candidate's priority 0
2022-01-08 01:46:51,098 [grpc-default-executor-1] INFO  server.RaftServer$Division (RaftServerImpl.java:setRole(290)) - a6c260a2-0fcb-4cbe-bb3c-7bbe6bc0f1a0@group-225DCE1D33EE: changes role from  FOLLOWER to FOLLOWER at term 2 for candidate:46dea062-dbed-4f29-9927-38d96de780a1
2022-01-08 01:46:51,098 [grpc-default-executor-1] INFO  impl.RoleInfo (RoleInfo.java:shutdownFollowerState(108)) - a6c260a2-0fcb-4cbe-bb3c-7bbe6bc0f1a0: shutdown a6c260a2-0fcb-4cbe-bb3c-7bbe6bc0f1a0@group-225DCE1D33EE-FollowerState
2022-01-08 01:46:51,099 [grpc-default-executor-1] INFO  impl.RoleInfo (RoleInfo.java:updateAndGet(130)) - a6c260a2-0fcb-4cbe-bb3c-7bbe6bc0f1a0: start a6c260a2-0fcb-4cbe-bb3c-7bbe6bc0f1a0@group-225DCE1D33EE-FollowerState
2022-01-08 01:46:51,099 [a6c260a2-0fcb-4cbe-bb3c-7bbe6bc0f1a0@group-225DCE1D33EE-FollowerState] INFO  impl.FollowerState (FollowerState.java:run(143)) - a6c260a2-0fcb-4cbe-bb3c-7bbe6bc0f1a0@group-225DCE1D33EE-FollowerState was interrupted: {}
java.lang.InterruptedException: sleep interrupted
	at java.lang.Thread.sleep(Native Method)
	at java.lang.Thread.sleep(Thread.java:340)
	at java.util.concurrent.TimeUnit.sleep(TimeUnit.java:386)
	at org.apache.ratis.util.TimeDuration.sleep(TimeDuration.java:324)
	at org.apache.ratis.util.TimeDuration.sleep(TimeDuration.java:309)
	at org.apache.ratis.server.impl.FollowerState.run(FollowerState.java:118)
2022-01-08 01:46:51,101 [grpc-default-executor-1] INFO  server.RaftServer$Division (RaftServerImpl.java:requestVote(1078)) - a6c260a2-0fcb-4cbe-bb3c-7bbe6bc0f1a0@group-225DCE1D33EE replies to ELECTION vote request: 46dea062-dbed-4f29-9927-38d96de780a1<-a6c260a2-0fcb-4cbe-bb3c-7bbe6bc0f1a0#0:OK-t2. Peer's state: a6c260a2-0fcb-4cbe-bb3c-7bbe6bc0f1a0@group-225DCE1D33EE:t2, leader=null, voted=46dea062-dbed-4f29-9927-38d96de780a1, raftlog=a6c260a2-0fcb-4cbe-bb3c-7bbe6bc0f1a0@group-225DCE1D33EE-SegmentedRaftLog:OPENED:c-1, conf=-1: [81a3d3bc-df93-482d-841e-57d386bb5ebf|rpc:10.1.0.34:40489|priority:1, a6c260a2-0fcb-4cbe-bb3c-7bbe6bc0f1a0|rpc:10.1.0.34:44223|priority:0, 46dea062-dbed-4f29-9927-38d96de780a1|rpc:10.1.0.34:40963|priority:0], old=null
2022-01-08 01:46:51,102 [grpc-default-executor-2] INFO  impl.VoteContext (VoteContext.java:log(48)) - 81a3d3bc-df93-482d-841e-57d386bb5ebf@group-225DCE1D33EE-CANDIDATE: reject ELECTION from 46dea062-dbed-4f29-9927-38d96de780a1: already has voted for 81a3d3bc-df93-482d-841e-57d386bb5ebf at current term 2
2022-01-08 01:46:51,102 [grpc-default-executor-2] INFO  server.RaftServer$Division (RaftServerImpl.java:requestVote(1078)) - 81a3d3bc-df93-482d-841e-57d386bb5ebf@group-225DCE1D33EE replies to ELECTION vote request: 46dea062-dbed-4f29-9927-38d96de780a1<-81a3d3bc-df93-482d-841e-57d386bb5ebf#0:FAIL-t2. Peer's state: 81a3d3bc-df93-482d-841e-57d386bb5ebf@group-225DCE1D33EE:t2, leader=null, voted=81a3d3bc-df93-482d-841e-57d386bb5ebf, raftlog=81a3d3bc-df93-482d-841e-57d386bb5ebf@group-225DCE1D33EE-SegmentedRaftLog:OPENED:c-1, conf=-1: [81a3d3bc-df93-482d-841e-57d386bb5ebf|rpc:10.1.0.34:40489|priority:1, a6c260a2-0fcb-4cbe-bb3c-7bbe6bc0f1a0|rpc:10.1.0.34:44223|priority:0, 46dea062-dbed-4f29-9927-38d96de780a1|rpc:10.1.0.34:40963|priority:0], old=null
2022-01-08 01:46:51,115 [81a3d3bc-df93-482d-841e-57d386bb5ebf@group-225DCE1D33EE-LeaderElection93] INFO  impl.LeaderElection (LeaderElection.java:askForVotes(306)) - 81a3d3bc-df93-482d-841e-57d386bb5ebf@group-225DCE1D33EE-LeaderElection93 ELECTION round 0: submit vote requests at term 2 for -1: [81a3d3bc-df93-482d-841e-57d386bb5ebf|rpc:10.1.0.34:40489|priority:1, a6c260a2-0fcb-4cbe-bb3c-7bbe6bc0f1a0|rpc:10.1.0.34:44223|priority:0, 46dea062-dbed-4f29-9927-38d96de780a1|rpc:10.1.0.34:40963|priority:0], old=null
2022-01-08 01:46:51,159 [46dea062-dbed-4f29-9927-38d96de780a1@group-225DCE1D33EE-LeaderElection92] INFO  impl.LeaderElection (LeaderElection.java:logAndReturn(89)) - 46dea062-dbed-4f29-9927-38d96de780a1@group-225DCE1D33EE-LeaderElection92: ELECTION REJECTED received 2 response(s) and 0 exception(s):
2022-01-08 01:46:51,159 [46dea062-dbed-4f29-9927-38d96de780a1@group-225DCE1D33EE-LeaderElection92] INFO  impl.LeaderElection (LeaderElection.java:logAndReturn(93)) -   Response 0: 46dea062-dbed-4f29-9927-38d96de780a1<-81a3d3bc-df93-482d-841e-57d386bb5ebf#0:FAIL-t2
2022-01-08 01:46:51,159 [46dea062-dbed-4f29-9927-38d96de780a1@group-225DCE1D33EE-LeaderElection92] INFO  impl.LeaderElection (LeaderElection.java:logAndReturn(93)) -   Response 1: 46dea062-dbed-4f29-9927-38d96de780a1<-a6c260a2-0fcb-4cbe-bb3c-7bbe6bc0f1a0#0:OK-t2
2022-01-08 01:46:51,159 [46dea062-dbed-4f29-9927-38d96de780a1@group-225DCE1D33EE-LeaderElection92] INFO  impl.LeaderElection (LeaderElection.java:askForVotes(308)) - 46dea062-dbed-4f29-9927-38d96de780a1@group-225DCE1D33EE-LeaderElection92 ELECTION round 0: result REJECTED
2022-01-08 01:46:51,159 [46dea062-dbed-4f29-9927-38d96de780a1@group-225DCE1D33EE-LeaderElection92] INFO  server.RaftServer$Division (RaftServerImpl.java:setRole(290)) - 46dea062-dbed-4f29-9927-38d96de780a1@group-225DCE1D33EE: changes role from CANDIDATE to FOLLOWER at term 2 for REJECTED
2022-01-08 01:46:51,159 [46dea062-dbed-4f29-9927-38d96de780a1@group-225DCE1D33EE-LeaderElection92] INFO  impl.RoleInfo (RoleInfo.java:shutdownLeaderElection(121)) - 46dea062-dbed-4f29-9927-38d96de780a1: shutdown 46dea062-dbed-4f29-9927-38d96de780a1@group-225DCE1D33EE-LeaderElection92
2022-01-08 01:46:51,159 [46dea062-dbed-4f29-9927-38d96de780a1@group-225DCE1D33EE-LeaderElection92] INFO  impl.RoleInfo (RoleInfo.java:updateAndGet(130)) - 46dea062-dbed-4f29-9927-38d96de780a1: start 46dea062-dbed-4f29-9927-38d96de780a1@group-225DCE1D33EE-FollowerState
2022-01-08 01:46:51,160 [grpc-default-executor-2] INFO  server.RaftServer$Division (RaftServerImpl.java:requestVote(1046)) - a6c260a2-0fcb-4cbe-bb3c-7bbe6bc0f1a0@group-225DCE1D33EE: receive requestVote(ELECTION, 81a3d3bc-df93-482d-841e-57d386bb5ebf, group-225DCE1D33EE, 2, (t:0, i:0))
2022-01-08 01:46:51,160 [grpc-default-executor-2] INFO  impl.VoteContext (VoteContext.java:log(48)) - a6c260a2-0fcb-4cbe-bb3c-7bbe6bc0f1a0@group-225DCE1D33EE-FOLLOWER: reject ELECTION from 81a3d3bc-df93-482d-841e-57d386bb5ebf: already has voted for 46dea062-dbed-4f29-9927-38d96de780a1 at current term 2
2022-01-08 01:46:51,161 [grpc-default-executor-2] INFO  server.RaftServer$Division (RaftServerImpl.java:requestVote(1078)) - a6c260a2-0fcb-4cbe-bb3c-7bbe6bc0f1a0@group-225DCE1D33EE replies to ELECTION vote request: 81a3d3bc-df93-482d-841e-57d386bb5ebf<-a6c260a2-0fcb-4cbe-bb3c-7bbe6bc0f1a0#0:FAIL-t2. Peer's state: a6c260a2-0fcb-4cbe-bb3c-7bbe6bc0f1a0@group-225DCE1D33EE:t2, leader=null, voted=46dea062-dbed-4f29-9927-38d96de780a1, raftlog=a6c260a2-0fcb-4cbe-bb3c-7bbe6bc0f1a0@group-225DCE1D33EE-SegmentedRaftLog:OPENED:c-1, conf=-1: [81a3d3bc-df93-482d-841e-57d386bb5ebf|rpc:10.1.0.34:40489|priority:1, a6c260a2-0fcb-4cbe-bb3c-7bbe6bc0f1a0|rpc:10.1.0.34:44223|priority:0, 46dea062-dbed-4f29-9927-38d96de780a1|rpc:10.1.0.34:40963|priority:0], old=null
2022-01-08 01:46:51,181 [grpc-default-executor-2] INFO  server.RaftServer$Division (RaftServerImpl.java:requestVote(1046)) - 46dea062-dbed-4f29-9927-38d96de780a1@group-225DCE1D33EE: receive requestVote(ELECTION, 81a3d3bc-df93-482d-841e-57d386bb5ebf, group-225DCE1D33EE, 2, (t:0, i:0))
2022-01-08 01:46:51,291 [grpc-default-executor-2] INFO  impl.VoteContext (VoteContext.java:log(48)) - 46dea062-dbed-4f29-9927-38d96de780a1@group-225DCE1D33EE-FOLLOWER: reject ELECTION from 81a3d3bc-df93-482d-841e-57d386bb5ebf: already has voted for 46dea062-dbed-4f29-9927-38d96de780a1 at current term 2
2022-01-08 01:46:51,291 [grpc-default-executor-2] INFO  server.RaftServer$Division (RaftServerImpl.java:requestVote(1078)) - 46dea062-dbed-4f29-9927-38d96de780a1@group-225DCE1D33EE replies to ELECTION vote request: 81a3d3bc-df93-482d-841e-57d386bb5ebf<-46dea062-dbed-4f29-9927-38d96de780a1#0:FAIL-t2. Peer's state: 46dea062-dbed-4f29-9927-38d96de780a1@group-225DCE1D33EE:t2, leader=null, voted=46dea062-dbed-4f29-9927-38d96de780a1, raftlog=46dea062-dbed-4f29-9927-38d96de780a1@group-225DCE1D33EE-SegmentedRaftLog:OPENED:c-1, conf=-1: [81a3d3bc-df93-482d-841e-57d386bb5ebf|rpc:10.1.0.34:40489|priority:1, a6c260a2-0fcb-4cbe-bb3c-7bbe6bc0f1a0|rpc:10.1.0.34:44223|priority:0, 46dea062-dbed-4f29-9927-38d96de780a1|rpc:10.1.0.34:40963|priority:0], old=null
2022-01-08 01:46:51,295 [81a3d3bc-df93-482d-841e-57d386bb5ebf@group-225DCE1D33EE-LeaderElection93] INFO  impl.LeaderElection (LeaderElection.java:logAndReturn(89)) - 81a3d3bc-df93-482d-841e-57d386bb5ebf@group-225DCE1D33EE-LeaderElection93: ELECTION REJECTED received 2 response(s) and 0 exception(s):
2022-01-08 01:46:51,296 [81a3d3bc-df93-482d-841e-57d386bb5ebf@group-225DCE1D33EE-LeaderElection93] INFO  impl.LeaderElection (LeaderElection.java:logAndReturn(93)) -   Response 0: 81a3d3bc-df93-482d-841e-57d386bb5ebf<-a6c260a2-0fcb-4cbe-bb3c-7bbe6bc0f1a0#0:FAIL-t2
2022-01-08 01:46:51,296 [81a3d3bc-df93-482d-841e-57d386bb5ebf@group-225DCE1D33EE-LeaderElection93] INFO  impl.LeaderElection (LeaderElection.java:logAndReturn(93)) -   Response 1: 81a3d3bc-df93-482d-841e-57d386bb5ebf<-46dea062-dbed-4f29-9927-38d96de780a1#0:FAIL-t2
2022-01-08 01:46:51,296 [81a3d3bc-df93-482d-841e-57d386bb5ebf@group-225DCE1D33EE-LeaderElection93] INFO  impl.LeaderElection (LeaderElection.java:askForVotes(308)) - 81a3d3bc-df93-482d-841e-57d386bb5ebf@group-225DCE1D33EE-LeaderElection93 ELECTION round 0: result REJECTED
2022-01-08 01:46:51,296 [81a3d3bc-df93-482d-841e-57d386bb5ebf@group-225DCE1D33EE-LeaderElection93] INFO  server.RaftServer$Division (RaftServerImpl.java:setRole(290)) - 81a3d3bc-df93-482d-841e-57d386bb5ebf@group-225DCE1D33EE: changes role from CANDIDATE to FOLLOWER at term 2 for REJECTED
2022-01-08 01:46:51,296 [81a3d3bc-df93-482d-841e-57d386bb5ebf@group-225DCE1D33EE-LeaderElection93] INFO  impl.RoleInfo (RoleInfo.java:shutdownLeaderElection(121)) - 81a3d3bc-df93-482d-841e-57d386bb5ebf: shutdown 81a3d3bc-df93-482d-841e-57d386bb5ebf@group-225DCE1D33EE-LeaderElection93
2022-01-08 01:46:51,296 [81a3d3bc-df93-482d-841e-57d386bb5ebf@group-225DCE1D33EE-LeaderElection93] INFO  impl.RoleInfo (RoleInfo.java:updateAndGet(130)) - 81a3d3bc-df93-482d-841e-57d386bb5ebf: start 81a3d3bc-df93-482d-841e-57d386bb5ebf@group-225DCE1D33EE-FollowerState
2022-01-08 01:46:51,470 [grpc-default-executor-0] WARN  server.GrpcLogAppender (LogUtils.java:warn(122)) - 44471f42-9a01-4764-8909-e7e02c044ebe@group-D4B31538E167->9d6916e6-e933-4839-a7aa-b025ed7fd068-AppendLogResponseHandler: Failed appendEntries: org.apache.ratis.thirdparty.io.grpc.StatusRuntimeException: UNAVAILABLE: io exception
2022-01-08 01:46:51,470 [grpc-default-executor-0] WARN  server.GrpcLogAppender (GrpcLogAppender.java:resetClient(110)) - 44471f42-9a01-4764-8909-e7e02c044ebe@group-D4B31538E167->9d6916e6-e933-4839-a7aa-b025ed7fd068-GrpcLogAppender: Leader has not got in touch with Follower 44471f42-9a01-4764-8909-e7e02c044ebe@group-D4B31538E167->9d6916e6-e933-4839-a7aa-b025ed7fd068(c0,m0,n1, attendVote=true, lastRpcSendTime=0, lastRpcResponseTime=2507) yet, just keep nextIndex unchanged and retry.
2022-01-08 01:46:52,059 [grpc-default-executor-2] WARN  server.GrpcLogAppender (LogUtils.java:warn(122)) - 6477641b-710a-49ab-b56b-e0f600eb5c24@group-AB80FE323EB3->9d6916e6-e933-4839-a7aa-b025ed7fd068-AppendLogResponseHandler: Failed appendEntries: org.apache.ratis.thirdparty.io.grpc.StatusRuntimeException: UNAVAILABLE: io exception
2022-01-08 01:46:52,060 [grpc-default-executor-2] WARN  server.GrpcLogAppender (GrpcLogAppender.java:resetClient(110)) - 6477641b-710a-49ab-b56b-e0f600eb5c24@group-AB80FE323EB3->9d6916e6-e933-4839-a7aa-b025ed7fd068-GrpcLogAppender: Leader has not got in touch with Follower 6477641b-710a-49ab-b56b-e0f600eb5c24@group-AB80FE323EB3->9d6916e6-e933-4839-a7aa-b025ed7fd068(c0,m0,n1, attendVote=true, lastRpcSendTime=7, lastRpcResponseTime=2527) yet, just keep nextIndex unchanged and retry.
2022-01-08 01:46:52,812 [Listener at 127.0.0.1/40645] INFO  utils.BackgroundService (BackgroundService.java:shutdown(132)) - Shutting down service BlockDeletingService
2022-01-08 01:46:53,989 [grpc-default-executor-0] WARN  server.GrpcLogAppender (LogUtils.java:warn(122)) - 44471f42-9a01-4764-8909-e7e02c044ebe@group-D4B31538E167->9d6916e6-e933-4839-a7aa-b025ed7fd068-AppendLogResponseHandler: Failed appendEntries: org.apache.ratis.thirdparty.io.grpc.StatusRuntimeException: UNAVAILABLE: io exception
2022-01-08 01:46:53,989 [grpc-default-executor-0] WARN  server.GrpcLogAppender (GrpcLogAppender.java:resetClient(110)) - 44471f42-9a01-4764-8909-e7e02c044ebe@group-D4B31538E167->9d6916e6-e933-4839-a7aa-b025ed7fd068-GrpcLogAppender: Leader has not got in touch with Follower 44471f42-9a01-4764-8909-e7e02c044ebe@group-D4B31538E167->9d6916e6-e933-4839-a7aa-b025ed7fd068(c0,m0,n1, attendVote=true, lastRpcSendTime=2519, lastRpcResponseTime=5026) yet, just keep nextIndex unchanged and retry.
2022-01-08 01:46:54,587 [grpc-default-executor-0] WARN  server.GrpcLogAppender (LogUtils.java:warn(122)) - 6477641b-710a-49ab-b56b-e0f600eb5c24@group-AB80FE323EB3->9d6916e6-e933-4839-a7aa-b025ed7fd068-AppendLogResponseHandler: Failed appendEntries: org.apache.ratis.thirdparty.io.grpc.StatusRuntimeException: UNAVAILABLE: io exception
2022-01-08 01:46:54,587 [grpc-default-executor-0] WARN  server.GrpcLogAppender (GrpcLogAppender.java:resetClient(110)) - 6477641b-710a-49ab-b56b-e0f600eb5c24@group-AB80FE323EB3->9d6916e6-e933-4839-a7aa-b025ed7fd068-GrpcLogAppender: Leader has not got in touch with Follower 6477641b-710a-49ab-b56b-e0f600eb5c24@group-AB80FE323EB3->9d6916e6-e933-4839-a7aa-b025ed7fd068(c0,m0,n1, attendVote=true, lastRpcSendTime=1, lastRpcResponseTime=5054) yet, just keep nextIndex unchanged and retry.
2022-01-08 01:46:55,369 [EventQueue-StaleNodeForStaleNodeHandler] INFO  node.StaleNodeHandler (StaleNodeHandler.java:onMessage(58)) - Datanode 9d6916e6-e933-4839-a7aa-b025ed7fd068{ip: 10.1.0.34, host: fv-az116-279.vzw04321ajxubdbcnpick5nqva.xx.internal.cloudapp.net, ports: [REPLICATION=45495, RATIS=40543, RATIS_ADMIN=40543, RATIS_SERVER=40543, STANDALONE=40997], networkLocation: /default-rack, certSerialId: null, persistedOpState: IN_SERVICE, persistedOpStateExpiryEpochSec: 0} moved to stale state. Finalizing its pipelines [PipelineID=f2ed03a6-aac7-4283-93ce-ab80fe323eb3, PipelineID=f6ab5375-c2fe-4a61-b67f-d4b31538e167, PipelineID=ebe7d31a-a166-4fb1-b6b3-04e649e6ef01, PipelineID=3c427e93-4362-4243-92cd-f33b4351ac6e]
2022-01-08 01:46:55,370 [EventQueue-StaleNodeForStaleNodeHandler] INFO  pipeline.PipelineManagerImpl (PipelineManagerImpl.java:closePipeline(365)) - Pipeline Pipeline[ Id: f2ed03a6-aac7-4283-93ce-ab80fe323eb3, Nodes: 6477641b-710a-49ab-b56b-e0f600eb5c24{ip: 10.1.0.34, host: fv-az116-279.vzw04321ajxubdbcnpick5nqva.xx.internal.cloudapp.net, ports: [REPLICATION=32997, RATIS=38417, RATIS_ADMIN=38417, RATIS_SERVER=38417, STANDALONE=42453], networkLocation: /default-rack, certSerialId: null, persistedOpState: IN_SERVICE, persistedOpStateExpiryEpochSec: 0}44471f42-9a01-4764-8909-e7e02c044ebe{ip: 10.1.0.34, host: fv-az116-279.vzw04321ajxubdbcnpick5nqva.xx.internal.cloudapp.net, ports: [REPLICATION=36939, RATIS=44109, RATIS_ADMIN=44109, RATIS_SERVER=44109, STANDALONE=34571], networkLocation: /default-rack, certSerialId: null, persistedOpState: IN_SERVICE, persistedOpStateExpiryEpochSec: 0}9d6916e6-e933-4839-a7aa-b025ed7fd068{ip: 10.1.0.34, host: fv-az116-279.vzw04321ajxubdbcnpick5nqva.xx.internal.cloudapp.net, ports: [REPLICATION=45495, RATIS=40543, RATIS_ADMIN=40543, RATIS_SERVER=40543, STANDALONE=40997], networkLocation: /default-rack, certSerialId: null, persistedOpState: IN_SERVICE, persistedOpStateExpiryEpochSec: 0}, ReplicationConfig: RATIS/THREE, State:OPEN, leaderId:6477641b-710a-49ab-b56b-e0f600eb5c24, CreationTimestamp2022-01-08T01:46:36.783Z[Etc/UTC]] moved to CLOSED state
2022-01-08 01:46:55,371 [EventQueue-StaleNodeForStaleNodeHandler] INFO  pipeline.PipelineManagerImpl (PipelineManagerImpl.java:closePipeline(365)) - Pipeline Pipeline[ Id: f6ab5375-c2fe-4a61-b67f-d4b31538e167, Nodes: 44471f42-9a01-4764-8909-e7e02c044ebe{ip: 10.1.0.34, host: fv-az116-279.vzw04321ajxubdbcnpick5nqva.xx.internal.cloudapp.net, ports: [REPLICATION=36939, RATIS=44109, RATIS_ADMIN=44109, RATIS_SERVER=44109, STANDALONE=34571], networkLocation: /default-rack, certSerialId: null, persistedOpState: IN_SERVICE, persistedOpStateExpiryEpochSec: 0}6477641b-710a-49ab-b56b-e0f600eb5c24{ip: 10.1.0.34, host: fv-az116-279.vzw04321ajxubdbcnpick5nqva.xx.internal.cloudapp.net, ports: [REPLICATION=32997, RATIS=38417, RATIS_ADMIN=38417, RATIS_SERVER=38417, STANDALONE=42453], networkLocation: /default-rack, certSerialId: null, persistedOpState: IN_SERVICE, persistedOpStateExpiryEpochSec: 0}9d6916e6-e933-4839-a7aa-b025ed7fd068{ip: 10.1.0.34, host: fv-az116-279.vzw04321ajxubdbcnpick5nqva.xx.internal.cloudapp.net, ports: [REPLICATION=45495, RATIS=40543, RATIS_ADMIN=40543, RATIS_SERVER=40543, STANDALONE=40997], networkLocation: /default-rack, certSerialId: null, persistedOpState: IN_SERVICE, persistedOpStateExpiryEpochSec: 0}, ReplicationConfig: RATIS/THREE, State:OPEN, leaderId:44471f42-9a01-4764-8909-e7e02c044ebe, CreationTimestamp2022-01-08T01:46:36.767Z[Etc/UTC]] moved to CLOSED state
2022-01-08 01:46:55,371 [EventQueue-StaleNodeForStaleNodeHandler] INFO  pipeline.PipelineManagerImpl (PipelineManagerImpl.java:closePipeline(365)) - Pipeline Pipeline[ Id: ebe7d31a-a166-4fb1-b6b3-04e649e6ef01, Nodes: 44471f42-9a01-4764-8909-e7e02c044ebe{ip: 10.1.0.34, host: fv-az116-279.vzw04321ajxubdbcnpick5nqva.xx.internal.cloudapp.net, ports: [REPLICATION=36939, RATIS=44109, RATIS_ADMIN=44109, RATIS_SERVER=44109, STANDALONE=34571], networkLocation: /default-rack, certSerialId: null, persistedOpState: IN_SERVICE, persistedOpStateExpiryEpochSec: 0}9d6916e6-e933-4839-a7aa-b025ed7fd068{ip: 10.1.0.34, host: fv-az116-279.vzw04321ajxubdbcnpick5nqva.xx.internal.cloudapp.net, ports: [REPLICATION=45495, RATIS=40543, RATIS_ADMIN=40543, RATIS_SERVER=40543, STANDALONE=40997], networkLocation: /default-rack, certSerialId: null, persistedOpState: IN_SERVICE, persistedOpStateExpiryEpochSec: 0}6477641b-710a-49ab-b56b-e0f600eb5c24{ip: 10.1.0.34, host: fv-az116-279.vzw04321ajxubdbcnpick5nqva.xx.internal.cloudapp.net, ports: [REPLICATION=32997, RATIS=38417, RATIS_ADMIN=38417, RATIS_SERVER=38417, STANDALONE=42453], networkLocation: /default-rack, certSerialId: null, persistedOpState: IN_SERVICE, persistedOpStateExpiryEpochSec: 0}, ReplicationConfig: RATIS/THREE, State:ALLOCATED, leaderId:, CreationTimestamp2022-01-08T01:46:36.779Z[Etc/UTC]] moved to CLOSED state
2022-01-08 01:46:55,422 [EventQueue-StaleNodeForStaleNodeHandler] INFO  pipeline.PipelineManagerImpl (PipelineManagerImpl.java:closeContainersForPipeline(344)) - Container #1 closed for pipeline=PipelineID=3c427e93-4362-4243-92cd-f33b4351ac6e
2022-01-08 01:46:55,422 [EventQueue-StaleNodeForStaleNodeHandler] INFO  pipeline.PipelineManagerImpl (PipelineManagerImpl.java:closePipeline(365)) - Pipeline Pipeline[ Id: 3c427e93-4362-4243-92cd-f33b4351ac6e, Nodes: 9d6916e6-e933-4839-a7aa-b025ed7fd068{ip: 10.1.0.34, host: fv-az116-279.vzw04321ajxubdbcnpick5nqva.xx.internal.cloudapp.net, ports: [REPLICATION=45495, RATIS=40543, RATIS_ADMIN=40543, RATIS_SERVER=40543, STANDALONE=40997], networkLocation: /default-rack, certSerialId: null, persistedOpState: IN_SERVICE, persistedOpStateExpiryEpochSec: 0}, ReplicationConfig: RATIS/ONE, State:OPEN, leaderId:9d6916e6-e933-4839-a7aa-b025ed7fd068, CreationTimestamp2022-01-08T01:46:35.984Z[Etc/UTC]] moved to CLOSED state
2022-01-08 01:46:55,422 [EventQueue-CloseContainerForCloseContainerEventHandler] INFO  container.CloseContainerEventHandler (CloseContainerEventHandler.java:onMessage(69)) - Close container Event triggered for container : #1
2022-01-08 01:46:55,879 [Listener at 127.0.0.1/40645] INFO  statemachine.DatanodeStateMachine (DatanodeStateMachine.java:stopDaemon(526)) - Ozone container server stopped.
2022-01-08 01:46:55,880 [Listener at 127.0.0.1/40645] INFO  handler.ContextHandler (ContextHandler.java:doStop(1153)) - Stopped o.e.j.w.WebAppContext@4233587f{hddsDatanode,/,null,STOPPED}{jar:file:/home/runner/.m2/repository/org/apache/ozone/hdds-container-service/1.3.0-SNAPSHOT/hdds-container-service-1.3.0-SNAPSHOT.jar!/webapps/hddsDatanode}
2022-01-08 01:46:55,881 [Listener at 127.0.0.1/40645] INFO  server.AbstractConnector (AbstractConnector.java:doStop(381)) - Stopped ServerConnector@43fb8d97{HTTP/1.1, (http/1.1)}{0.0.0.0:0}
2022-01-08 01:46:55,881 [Listener at 127.0.0.1/40645] INFO  server.session (HouseKeeper.java:stopScavenging(149)) - node0 Stopped scavenging
2022-01-08 01:46:55,881 [Listener at 127.0.0.1/40645] INFO  handler.ContextHandler (ContextHandler.java:doStop(1153)) - Stopped o.e.j.s.ServletContextHandler@7dbcaa8c{static,/static,jar:file:/home/runner/.m2/repository/org/apache/ozone/hdds-container-service/1.3.0-SNAPSHOT/hdds-container-service-1.3.0-SNAPSHOT.jar!/webapps/static,STOPPED}
2022-01-08 01:46:55,881 [Listener at 127.0.0.1/40645] INFO  handler.ContextHandler (ContextHandler.java:doStop(1153)) - Stopped o.e.j.s.ServletContextHandler@728fcb8e{logs,/logs,file:///home/runner/work/ozone/ozone/hadoop-ozone/integration-test/target/log,STOPPED}
2022-01-08 01:46:56,300 [46dea062-dbed-4f29-9927-38d96de780a1@group-225DCE1D33EE-FollowerState] INFO  impl.FollowerState (FollowerState.java:run(134)) - 46dea062-dbed-4f29-9927-38d96de780a1@group-225DCE1D33EE-FollowerState: change to CANDIDATE, lastRpcElapsedTime:5140689486ns, electionTimeout:5017ms
2022-01-08 01:46:56,300 [46dea062-dbed-4f29-9927-38d96de780a1@group-225DCE1D33EE-FollowerState] INFO  impl.RoleInfo (RoleInfo.java:shutdownFollowerState(108)) - 46dea062-dbed-4f29-9927-38d96de780a1: shutdown 46dea062-dbed-4f29-9927-38d96de780a1@group-225DCE1D33EE-FollowerState
2022-01-08 01:46:56,300 [46dea062-dbed-4f29-9927-38d96de780a1@group-225DCE1D33EE-FollowerState] INFO  server.RaftServer$Division (RaftServerImpl.java:setRole(290)) - 46dea062-dbed-4f29-9927-38d96de780a1@group-225DCE1D33EE: changes role from  FOLLOWER to CANDIDATE at term 2 for changeToCandidate
2022-01-08 01:46:56,300 [46dea062-dbed-4f29-9927-38d96de780a1@group-225DCE1D33EE-FollowerState] INFO  server.RaftServerConfigKeys (ConfUtils.java:logGet(44)) - raft.server.leaderelection.pre-vote = false (custom)
2022-01-08 01:46:56,301 [46dea062-dbed-4f29-9927-38d96de780a1@group-225DCE1D33EE-FollowerState] INFO  impl.RoleInfo (RoleInfo.java:updateAndGet(130)) - 46dea062-dbed-4f29-9927-38d96de780a1: start 46dea062-dbed-4f29-9927-38d96de780a1@group-225DCE1D33EE-LeaderElection94
2022-01-08 01:46:56,370 [46dea062-dbed-4f29-9927-38d96de780a1@group-225DCE1D33EE-LeaderElection94] INFO  impl.LeaderElection (LeaderElection.java:askForVotes(306)) - 46dea062-dbed-4f29-9927-38d96de780a1@group-225DCE1D33EE-LeaderElection94 ELECTION round 0: submit vote requests at term 3 for -1: [81a3d3bc-df93-482d-841e-57d386bb5ebf|rpc:10.1.0.34:40489|priority:1, a6c260a2-0fcb-4cbe-bb3c-7bbe6bc0f1a0|rpc:10.1.0.34:44223|priority:0, 46dea062-dbed-4f29-9927-38d96de780a1|rpc:10.1.0.34:40963|priority:0], old=null
2022-01-08 01:46:56,383 [grpc-default-executor-0] INFO  server.RaftServer$Division (RaftServerImpl.java:requestVote(1046)) - 81a3d3bc-df93-482d-841e-57d386bb5ebf@group-225DCE1D33EE: receive requestVote(ELECTION, 46dea062-dbed-4f29-9927-38d96de780a1, group-225DCE1D33EE, 3, (t:0, i:0))
2022-01-08 01:46:56,383 [grpc-default-executor-0] INFO  impl.VoteContext (VoteContext.java:log(48)) - 81a3d3bc-df93-482d-841e-57d386bb5ebf@group-225DCE1D33EE-FOLLOWER: reject ELECTION from 46dea062-dbed-4f29-9927-38d96de780a1: our priority 1 > candidate's priority 0
2022-01-08 01:46:56,383 [grpc-default-executor-0] INFO  server.RaftServer$Division (RaftServerImpl.java:setRole(290)) - 81a3d3bc-df93-482d-841e-57d386bb5ebf@group-225DCE1D33EE: changes role from  FOLLOWER to FOLLOWER at term 3 for candidate:46dea062-dbed-4f29-9927-38d96de780a1
2022-01-08 01:46:56,383 [grpc-default-executor-0] INFO  impl.RoleInfo (RoleInfo.java:shutdownFollowerState(108)) - 81a3d3bc-df93-482d-841e-57d386bb5ebf: shutdown 81a3d3bc-df93-482d-841e-57d386bb5ebf@group-225DCE1D33EE-FollowerState
2022-01-08 01:46:56,384 [grpc-default-executor-0] INFO  impl.RoleInfo (RoleInfo.java:updateAndGet(130)) - 81a3d3bc-df93-482d-841e-57d386bb5ebf: start 81a3d3bc-df93-482d-841e-57d386bb5ebf@group-225DCE1D33EE-FollowerState
2022-01-08 01:46:56,384 [81a3d3bc-df93-482d-841e-57d386bb5ebf@group-225DCE1D33EE-FollowerState] INFO  impl.FollowerState (FollowerState.java:run(143)) - 81a3d3bc-df93-482d-841e-57d386bb5ebf@group-225DCE1D33EE-FollowerState was interrupted: {}
java.lang.InterruptedException: sleep interrupted
	at java.lang.Thread.sleep(Native Method)
	at java.lang.Thread.sleep(Thread.java:340)
	at java.util.concurrent.TimeUnit.sleep(TimeUnit.java:386)
	at org.apache.ratis.util.TimeDuration.sleep(TimeDuration.java:324)
	at org.apache.ratis.util.TimeDuration.sleep(TimeDuration.java:309)
	at org.apache.ratis.server.impl.FollowerState.run(FollowerState.java:118)
2022-01-08 01:46:56,419 [grpc-default-executor-2] INFO  server.RaftServer$Division (RaftServerImpl.java:requestVote(1046)) - a6c260a2-0fcb-4cbe-bb3c-7bbe6bc0f1a0@group-225DCE1D33EE: receive requestVote(ELECTION, 46dea062-dbed-4f29-9927-38d96de780a1, group-225DCE1D33EE, 3, (t:0, i:0))
2022-01-08 01:46:56,419 [grpc-default-executor-2] INFO  impl.VoteContext (VoteContext.java:log(48)) - a6c260a2-0fcb-4cbe-bb3c-7bbe6bc0f1a0@group-225DCE1D33EE-FOLLOWER: accept ELECTION from 46dea062-dbed-4f29-9927-38d96de780a1: our priority 0 <= candidate's priority 0
2022-01-08 01:46:56,419 [grpc-default-executor-2] INFO  server.RaftServer$Division (RaftServerImpl.java:setRole(290)) - a6c260a2-0fcb-4cbe-bb3c-7bbe6bc0f1a0@group-225DCE1D33EE: changes role from  FOLLOWER to FOLLOWER at term 3 for candidate:46dea062-dbed-4f29-9927-38d96de780a1
2022-01-08 01:46:56,419 [grpc-default-executor-2] INFO  impl.RoleInfo (RoleInfo.java:shutdownFollowerState(108)) - a6c260a2-0fcb-4cbe-bb3c-7bbe6bc0f1a0: shutdown a6c260a2-0fcb-4cbe-bb3c-7bbe6bc0f1a0@group-225DCE1D33EE-FollowerState
2022-01-08 01:46:56,419 [grpc-default-executor-2] INFO  impl.RoleInfo (RoleInfo.java:updateAndGet(130)) - a6c260a2-0fcb-4cbe-bb3c-7bbe6bc0f1a0: start a6c260a2-0fcb-4cbe-bb3c-7bbe6bc0f1a0@group-225DCE1D33EE-FollowerState
2022-01-08 01:46:56,420 [a6c260a2-0fcb-4cbe-bb3c-7bbe6bc0f1a0@group-225DCE1D33EE-FollowerState] INFO  impl.FollowerState (FollowerState.java:run(143)) - a6c260a2-0fcb-4cbe-bb3c-7bbe6bc0f1a0@group-225DCE1D33EE-FollowerState was interrupted: {}
java.lang.InterruptedException: sleep interrupted
	at java.lang.Thread.sleep(Native Method)
	at java.lang.Thread.sleep(Thread.java:340)
	at java.util.concurrent.TimeUnit.sleep(TimeUnit.java:386)
	at org.apache.ratis.util.TimeDuration.sleep(TimeDuration.java:324)
	at org.apache.ratis.util.TimeDuration.sleep(TimeDuration.java:309)
	at org.apache.ratis.server.impl.FollowerState.run(FollowerState.java:118)
2022-01-08 01:46:56,439 [grpc-default-executor-0] INFO  server.RaftServer$Division (RaftServerImpl.java:requestVote(1078)) - 81a3d3bc-df93-482d-841e-57d386bb5ebf@group-225DCE1D33EE replies to ELECTION vote request: 46dea062-dbed-4f29-9927-38d96de780a1<-81a3d3bc-df93-482d-841e-57d386bb5ebf#0:FAIL-t3. Peer's state: 81a3d3bc-df93-482d-841e-57d386bb5ebf@group-225DCE1D33EE:t3, leader=null, voted=null, raftlog=81a3d3bc-df93-482d-841e-57d386bb5ebf@group-225DCE1D33EE-SegmentedRaftLog:OPENED:c-1, conf=-1: [81a3d3bc-df93-482d-841e-57d386bb5ebf|rpc:10.1.0.34:40489|priority:1, a6c260a2-0fcb-4cbe-bb3c-7bbe6bc0f1a0|rpc:10.1.0.34:44223|priority:0, 46dea062-dbed-4f29-9927-38d96de780a1|rpc:10.1.0.34:40963|priority:0], old=null
2022-01-08 01:46:56,439 [grpc-default-executor-2] INFO  server.RaftServer$Division (RaftServerImpl.java:requestVote(1078)) - a6c260a2-0fcb-4cbe-bb3c-7bbe6bc0f1a0@group-225DCE1D33EE replies to ELECTION vote request: 46dea062-dbed-4f29-9927-38d96de780a1<-a6c260a2-0fcb-4cbe-bb3c-7bbe6bc0f1a0#0:OK-t3. Peer's state: a6c260a2-0fcb-4cbe-bb3c-7bbe6bc0f1a0@group-225DCE1D33EE:t3, leader=null, voted=46dea062-dbed-4f29-9927-38d96de780a1, raftlog=a6c260a2-0fcb-4cbe-bb3c-7bbe6bc0f1a0@group-225DCE1D33EE-SegmentedRaftLog:OPENED:c-1, conf=-1: [81a3d3bc-df93-482d-841e-57d386bb5ebf|rpc:10.1.0.34:40489|priority:1, a6c260a2-0fcb-4cbe-bb3c-7bbe6bc0f1a0|rpc:10.1.0.34:44223|priority:0, 46dea062-dbed-4f29-9927-38d96de780a1|rpc:10.1.0.34:40963|priority:0], old=null
2022-01-08 01:46:56,443 [46dea062-dbed-4f29-9927-38d96de780a1@group-225DCE1D33EE-LeaderElection94] INFO  impl.LeaderElection (LeaderElection.java:logAndReturn(89)) - 46dea062-dbed-4f29-9927-38d96de780a1@group-225DCE1D33EE-LeaderElection94: ELECTION REJECTED received 2 response(s) and 0 exception(s):
2022-01-08 01:46:56,443 [46dea062-dbed-4f29-9927-38d96de780a1@group-225DCE1D33EE-LeaderElection94] INFO  impl.LeaderElection (LeaderElection.java:logAndReturn(93)) -   Response 0: 46dea062-dbed-4f29-9927-38d96de780a1<-81a3d3bc-df93-482d-841e-57d386bb5ebf#0:FAIL-t3
2022-01-08 01:46:56,443 [46dea062-dbed-4f29-9927-38d96de780a1@group-225DCE1D33EE-LeaderElection94] INFO  impl.LeaderElection (LeaderElection.java:logAndReturn(93)) -   Response 1: 46dea062-dbed-4f29-9927-38d96de780a1<-a6c260a2-0fcb-4cbe-bb3c-7bbe6bc0f1a0#0:OK-t3
2022-01-08 01:46:56,443 [46dea062-dbed-4f29-9927-38d96de780a1@group-225DCE1D33EE-LeaderElection94] INFO  impl.LeaderElection (LeaderElection.java:askForVotes(308)) - 46dea062-dbed-4f29-9927-38d96de780a1@group-225DCE1D33EE-LeaderElection94 ELECTION round 0: result REJECTED
2022-01-08 01:46:56,443 [46dea062-dbed-4f29-9927-38d96de780a1@group-225DCE1D33EE-LeaderElection94] INFO  server.RaftServer$Division (RaftServerImpl.java:setRole(290)) - 46dea062-dbed-4f29-9927-38d96de780a1@group-225DCE1D33EE: changes role from CANDIDATE to FOLLOWER at term 3 for REJECTED
2022-01-08 01:46:56,443 [46dea062-dbed-4f29-9927-38d96de780a1@group-225DCE1D33EE-LeaderElection94] INFO  impl.RoleInfo (RoleInfo.java:shutdownLeaderElection(121)) - 46dea062-dbed-4f29-9927-38d96de780a1: shutdown 46dea062-dbed-4f29-9927-38d96de780a1@group-225DCE1D33EE-LeaderElection94
2022-01-08 01:46:56,443 [46dea062-dbed-4f29-9927-38d96de780a1@group-225DCE1D33EE-LeaderElection94] INFO  impl.RoleInfo (RoleInfo.java:updateAndGet(130)) - 46dea062-dbed-4f29-9927-38d96de780a1: start 46dea062-dbed-4f29-9927-38d96de780a1@group-225DCE1D33EE-FollowerState
2022-01-08 01:46:56,490 [grpc-default-executor-2] WARN  server.GrpcLogAppender (LogUtils.java:warn(122)) - 44471f42-9a01-4764-8909-e7e02c044ebe@group-D4B31538E167->9d6916e6-e933-4839-a7aa-b025ed7fd068-AppendLogResponseHandler: Failed appendEntries: org.apache.ratis.thirdparty.io.grpc.StatusRuntimeException: UNAVAILABLE: io exception
2022-01-08 01:46:56,491 [grpc-default-executor-2] WARN  server.GrpcLogAppender (GrpcLogAppender.java:resetClient(110)) - 44471f42-9a01-4764-8909-e7e02c044ebe@group-D4B31538E167->9d6916e6-e933-4839-a7aa-b025ed7fd068-GrpcLogAppender: Leader has not got in touch with Follower 44471f42-9a01-4764-8909-e7e02c044ebe@group-D4B31538E167->9d6916e6-e933-4839-a7aa-b025ed7fd068(c0,m0,n1, attendVote=true, lastRpcSendTime=0, lastRpcResponseTime=7527) yet, just keep nextIndex unchanged and retry.
2022-01-08 01:46:57,091 [grpc-default-executor-0] WARN  server.GrpcLogAppender (LogUtils.java:warn(122)) - 6477641b-710a-49ab-b56b-e0f600eb5c24@group-AB80FE323EB3->9d6916e6-e933-4839-a7aa-b025ed7fd068-AppendLogResponseHandler: Failed appendEntries: org.apache.ratis.thirdparty.io.grpc.StatusRuntimeException: UNAVAILABLE: io exception
2022-01-08 01:46:57,091 [grpc-default-executor-0] WARN  server.GrpcLogAppender (GrpcLogAppender.java:resetClient(110)) - 6477641b-710a-49ab-b56b-e0f600eb5c24@group-AB80FE323EB3->9d6916e6-e933-4839-a7aa-b025ed7fd068-GrpcLogAppender: Leader has not got in touch with Follower 6477641b-710a-49ab-b56b-e0f600eb5c24@group-AB80FE323EB3->9d6916e6-e933-4839-a7aa-b025ed7fd068(c0,m0,n1, attendVote=true, lastRpcSendTime=2506, lastRpcResponseTime=7558) yet, just keep nextIndex unchanged and retry.
2022-01-08 01:46:59,007 [grpc-default-executor-0] WARN  server.GrpcLogAppender (LogUtils.java:warn(122)) - 44471f42-9a01-4764-8909-e7e02c044ebe@group-D4B31538E167->9d6916e6-e933-4839-a7aa-b025ed7fd068-AppendLogResponseHandler: Failed appendEntries: org.apache.ratis.thirdparty.io.grpc.StatusRuntimeException: UNAVAILABLE: io exception
2022-01-08 01:46:59,007 [grpc-default-executor-0] WARN  server.GrpcLogAppender (GrpcLogAppender.java:resetClient(110)) - 44471f42-9a01-4764-8909-e7e02c044ebe@group-D4B31538E167->9d6916e6-e933-4839-a7aa-b025ed7fd068-GrpcLogAppender: Leader has not got in touch with Follower 44471f42-9a01-4764-8909-e7e02c044ebe@group-D4B31538E167->9d6916e6-e933-4839-a7aa-b025ed7fd068(c0,m0,n1, attendVote=true, lastRpcSendTime=3, lastRpcResponseTime=10044) yet, just keep nextIndex unchanged and retry.
2022-01-08 01:46:59,592 [grpc-default-executor-0] WARN  server.GrpcLogAppender (LogUtils.java:warn(122)) - 6477641b-710a-49ab-b56b-e0f600eb5c24@group-AB80FE323EB3->9d6916e6-e933-4839-a7aa-b025ed7fd068-AppendLogResponseHandler: Failed appendEntries: org.apache.ratis.thirdparty.io.grpc.StatusRuntimeException: UNAVAILABLE: io exception
2022-01-08 01:46:59,593 [grpc-default-executor-0] WARN  server.GrpcLogAppender (GrpcLogAppender.java:resetClient(110)) - 6477641b-710a-49ab-b56b-e0f600eb5c24@group-AB80FE323EB3->9d6916e6-e933-4839-a7aa-b025ed7fd068-GrpcLogAppender: Leader has not got in touch with Follower 6477641b-710a-49ab-b56b-e0f600eb5c24@group-AB80FE323EB3->9d6916e6-e933-4839-a7aa-b025ed7fd068(c0,m0,n1, attendVote=true, lastRpcSendTime=0, lastRpcResponseTime=10060) yet, just keep nextIndex unchanged and retry.
2022-01-08 01:46:59,607 [44471f42-9a01-4764-8909-e7e02c044ebe@group-04E649E6EF01-FollowerState] INFO  impl.FollowerState (FollowerState.java:run(134)) - 44471f42-9a01-4764-8909-e7e02c044ebe@group-04E649E6EF01-FollowerState: change to CANDIDATE, lastRpcElapsedTime:10137954610ns, electionTimeout:5179ms
2022-01-08 01:46:59,608 [44471f42-9a01-4764-8909-e7e02c044ebe@group-04E649E6EF01-FollowerState] INFO  impl.RoleInfo (RoleInfo.java:shutdownFollowerState(108)) - 44471f42-9a01-4764-8909-e7e02c044ebe: shutdown 44471f42-9a01-4764-8909-e7e02c044ebe@group-04E649E6EF01-FollowerState
2022-01-08 01:46:59,608 [44471f42-9a01-4764-8909-e7e02c044ebe@group-04E649E6EF01-FollowerState] INFO  server.RaftServer$Division (RaftServerImpl.java:setRole(290)) - 44471f42-9a01-4764-8909-e7e02c044ebe@group-04E649E6EF01: changes role from  FOLLOWER to CANDIDATE at term 2 for changeToCandidate
2022-01-08 01:46:59,610 [44471f42-9a01-4764-8909-e7e02c044ebe@group-04E649E6EF01-FollowerState] INFO  server.RaftServerConfigKeys (ConfUtils.java:logGet(44)) - raft.server.leaderelection.pre-vote = false (custom)
2022-01-08 01:46:59,610 [44471f42-9a01-4764-8909-e7e02c044ebe@group-04E649E6EF01-FollowerState] INFO  impl.RoleInfo (RoleInfo.java:updateAndGet(130)) - 44471f42-9a01-4764-8909-e7e02c044ebe: start 44471f42-9a01-4764-8909-e7e02c044ebe@group-04E649E6EF01-LeaderElection95
2022-01-08 01:46:59,639 [44471f42-9a01-4764-8909-e7e02c044ebe@group-04E649E6EF01-LeaderElection95] INFO  server.RaftServer$Division (ServerState.java:setLeader(285)) - 44471f42-9a01-4764-8909-e7e02c044ebe@group-04E649E6EF01: change Leader from 9d6916e6-e933-4839-a7aa-b025ed7fd068 to null at term 2 for ELECTION
2022-01-08 01:46:59,641 [44471f42-9a01-4764-8909-e7e02c044ebe@group-04E649E6EF01-LeaderElection95] INFO  impl.LeaderElection (LeaderElection.java:askForVotes(306)) - 44471f42-9a01-4764-8909-e7e02c044ebe@group-04E649E6EF01-LeaderElection95 ELECTION round 0: submit vote requests at term 3 for 0: [6477641b-710a-49ab-b56b-e0f600eb5c24|rpc:10.1.0.34:38417|dataStream:|priority:0, 44471f42-9a01-4764-8909-e7e02c044ebe|rpc:10.1.0.34:44109|dataStream:|priority:0, 9d6916e6-e933-4839-a7aa-b025ed7fd068|rpc:10.1.0.34:40543|dataStream:|priority:1], old=null
2022-01-08 01:46:59,695 [grpc-default-executor-0] INFO  server.RaftServer$Division (RaftServerImpl.java:requestVote(1046)) - 6477641b-710a-49ab-b56b-e0f600eb5c24@group-04E649E6EF01: receive requestVote(ELECTION, 44471f42-9a01-4764-8909-e7e02c044ebe, group-04E649E6EF01, 3, (t:2, i:0))
2022-01-08 01:46:59,700 [grpc-default-executor-0] INFO  impl.VoteContext (VoteContext.java:log(48)) - 6477641b-710a-49ab-b56b-e0f600eb5c24@group-04E649E6EF01-FOLLOWER: accept ELECTION from 44471f42-9a01-4764-8909-e7e02c044ebe: our priority 0 <= candidate's priority 0
2022-01-08 01:46:59,700 [grpc-default-executor-0] INFO  server.RaftServer$Division (ServerState.java:setLeader(285)) - 6477641b-710a-49ab-b56b-e0f600eb5c24@group-04E649E6EF01: change Leader from 9d6916e6-e933-4839-a7aa-b025ed7fd068 to null at term 3 for updateCurrentTerm
2022-01-08 01:46:59,700 [grpc-default-executor-0] INFO  server.RaftServer$Division (RaftServerImpl.java:setRole(290)) - 6477641b-710a-49ab-b56b-e0f600eb5c24@group-04E649E6EF01: changes role from  FOLLOWER to FOLLOWER at term 3 for candidate:44471f42-9a01-4764-8909-e7e02c044ebe
2022-01-08 01:46:59,700 [grpc-default-executor-0] INFO  impl.RoleInfo (RoleInfo.java:shutdownFollowerState(108)) - 6477641b-710a-49ab-b56b-e0f600eb5c24: shutdown 6477641b-710a-49ab-b56b-e0f600eb5c24@group-04E649E6EF01-FollowerState
2022-01-08 01:46:59,700 [grpc-default-executor-0] INFO  impl.RoleInfo (RoleInfo.java:updateAndGet(130)) - 6477641b-710a-49ab-b56b-e0f600eb5c24: start 6477641b-710a-49ab-b56b-e0f600eb5c24@group-04E649E6EF01-FollowerState
2022-01-08 01:46:59,701 [6477641b-710a-49ab-b56b-e0f600eb5c24@group-04E649E6EF01-FollowerState] INFO  impl.FollowerState (FollowerState.java:run(143)) - 6477641b-710a-49ab-b56b-e0f600eb5c24@group-04E649E6EF01-FollowerState was interrupted: {}
java.lang.InterruptedException: sleep interrupted
	at java.lang.Thread.sleep(Native Method)
	at java.lang.Thread.sleep(Thread.java:340)
	at java.util.concurrent.TimeUnit.sleep(TimeUnit.java:386)
	at org.apache.ratis.util.TimeDuration.sleep(TimeDuration.java:324)
	at org.apache.ratis.util.TimeDuration.sleep(TimeDuration.java:309)
	at org.apache.ratis.server.impl.FollowerState.run(FollowerState.java:118)
2022-01-08 01:46:59,705 [grpc-default-executor-0] INFO  server.RaftServer$Division (RaftServerImpl.java:requestVote(1078)) - 6477641b-710a-49ab-b56b-e0f600eb5c24@group-04E649E6EF01 replies to ELECTION vote request: 44471f42-9a01-4764-8909-e7e02c044ebe<-6477641b-710a-49ab-b56b-e0f600eb5c24#0:OK-t3. Peer's state: 6477641b-710a-49ab-b56b-e0f600eb5c24@group-04E649E6EF01:t3, leader=null, voted=44471f42-9a01-4764-8909-e7e02c044ebe, raftlog=6477641b-710a-49ab-b56b-e0f600eb5c24@group-04E649E6EF01-SegmentedRaftLog:OPENED:c0, conf=0: [6477641b-710a-49ab-b56b-e0f600eb5c24|rpc:10.1.0.34:38417|dataStream:|priority:0, 44471f42-9a01-4764-8909-e7e02c044ebe|rpc:10.1.0.34:44109|dataStream:|priority:0, 9d6916e6-e933-4839-a7aa-b025ed7fd068|rpc:10.1.0.34:40543|dataStream:|priority:1], old=null
2022-01-08 01:46:59,707 [44471f42-9a01-4764-8909-e7e02c044ebe@group-04E649E6EF01-LeaderElection95] INFO  impl.LeaderElection (LogUtils.java:infoOrTrace(137)) - 44471f42-9a01-4764-8909-e7e02c044ebe@group-04E649E6EF01-LeaderElection95 got exception when requesting votes: java.util.concurrent.ExecutionException: org.apache.ratis.thirdparty.io.grpc.StatusRuntimeException: UNAVAILABLE: io exception
2022-01-08 01:46:59,707 [44471f42-9a01-4764-8909-e7e02c044ebe@group-04E649E6EF01-LeaderElection95] INFO  impl.LeaderElection (LeaderElection.java:logAndReturn(89)) - 44471f42-9a01-4764-8909-e7e02c044ebe@group-04E649E6EF01-LeaderElection95: ELECTION PASSED received 1 response(s) and 1 exception(s):
2022-01-08 01:46:59,707 [44471f42-9a01-4764-8909-e7e02c044ebe@group-04E649E6EF01-LeaderElection95] INFO  impl.LeaderElection (LeaderElection.java:logAndReturn(93)) -   Response 0: 44471f42-9a01-4764-8909-e7e02c044ebe<-6477641b-710a-49ab-b56b-e0f600eb5c24#0:OK-t3
2022-01-08 01:46:59,707 [44471f42-9a01-4764-8909-e7e02c044ebe@group-04E649E6EF01-LeaderElection95] INFO  impl.LeaderElection (LogUtils.java:infoOrTrace(137)) -   Exception 1: java.util.concurrent.ExecutionException: org.apache.ratis.thirdparty.io.grpc.StatusRuntimeException: UNAVAILABLE: io exception
2022-01-08 01:46:59,707 [44471f42-9a01-4764-8909-e7e02c044ebe@group-04E649E6EF01-LeaderElection95] INFO  impl.LeaderElection (LeaderElection.java:askForVotes(308)) - 44471f42-9a01-4764-8909-e7e02c044ebe@group-04E649E6EF01-LeaderElection95 ELECTION round 0: result PASSED
2022-01-08 01:46:59,707 [44471f42-9a01-4764-8909-e7e02c044ebe@group-04E649E6EF01-LeaderElection95] INFO  impl.RoleInfo (RoleInfo.java:shutdownLeaderElection(121)) - 44471f42-9a01-4764-8909-e7e02c044ebe: shutdown 44471f42-9a01-4764-8909-e7e02c044ebe@group-04E649E6EF01-LeaderElection95
2022-01-08 01:46:59,707 [44471f42-9a01-4764-8909-e7e02c044ebe@group-04E649E6EF01-LeaderElection95] INFO  server.RaftServer$Division (RaftServerImpl.java:setRole(290)) - 44471f42-9a01-4764-8909-e7e02c044ebe@group-04E649E6EF01: changes role from CANDIDATE to LEADER at term 3 for changeToLeader
2022-01-08 01:46:59,707 [44471f42-9a01-4764-8909-e7e02c044ebe@group-04E649E6EF01-LeaderElection95] INFO  ratis.XceiverServerRatis (XceiverServerRatis.java:handleLeaderChangedNotification(866)) - Leader change notification received for group: group-04E649E6EF01 with new leaderId: 44471f42-9a01-4764-8909-e7e02c044ebe
2022-01-08 01:46:59,707 [44471f42-9a01-4764-8909-e7e02c044ebe@group-04E649E6EF01-LeaderElection95] INFO  server.RaftServer$Division (ServerState.java:setLeader(285)) - 44471f42-9a01-4764-8909-e7e02c044ebe@group-04E649E6EF01: change Leader from null to 44471f42-9a01-4764-8909-e7e02c044ebe at term 3 for becomeLeader, leader elected after 68ms
2022-01-08 01:46:59,707 [44471f42-9a01-4764-8909-e7e02c044ebe@group-04E649E6EF01-LeaderElection95] INFO  server.RaftServerConfigKeys (ConfUtils.java:logGet(44)) - raft.server.staging.catchup.gap = 1000 (default)
2022-01-08 01:46:59,707 [44471f42-9a01-4764-8909-e7e02c044ebe@group-04E649E6EF01-LeaderElection95] INFO  server.RaftServerConfigKeys (ConfUtils.java:logGet(44)) - raft.server.write.element-limit = 1024 (custom)
2022-01-08 01:46:59,707 [44471f42-9a01-4764-8909-e7e02c044ebe@group-04E649E6EF01-LeaderElection95] INFO  server.RaftServerConfigKeys (ConfUtils.java:logGet(44)) - raft.server.write.byte-limit = 1024 M (=1073741824) (custom)
2022-01-08 01:46:59,708 [44471f42-9a01-4764-8909-e7e02c044ebe@group-04E649E6EF01-LeaderElection95] INFO  server.RaftServerConfigKeys (ConfUtils.java:logGet(44)) - raft.server.watch.timeout = 3000ms (custom)
2022-01-08 01:46:59,708 [44471f42-9a01-4764-8909-e7e02c044ebe@group-04E649E6EF01-LeaderElection95] INFO  server.RaftServerConfigKeys (ConfUtils.java:logGet(44)) - raft.server.watch.timeout.denomination = 1s (default)
2022-01-08 01:46:59,708 [44471f42-9a01-4764-8909-e7e02c044ebe@group-04E649E6EF01-LeaderElection95] INFO  server.RaftServerConfigKeys (ConfUtils.java:logGet(44)) - raft.server.watch.element-limit = 65536 (default)
2022-01-08 01:46:59,708 [44471f42-9a01-4764-8909-e7e02c044ebe@group-04E649E6EF01-LeaderElection95] INFO  server.RaftServerConfigKeys (ConfUtils.java:logGet(44)) - raft.server.write.element-limit = 1024 (custom)
2022-01-08 01:46:59,708 [44471f42-9a01-4764-8909-e7e02c044ebe@group-04E649E6EF01-LeaderElection95] INFO  server.RaftServerConfigKeys (ConfUtils.java:logGet(44)) - raft.server.write.follower.gap.ratio.max = -1.0 (default)
2022-01-08 01:46:59,708 [44471f42-9a01-4764-8909-e7e02c044ebe@group-04E649E6EF01-LeaderElection95] INFO  server.RaftServerConfigKeys (ConfUtils.java:logGet(44)) - raft.server.log.appender.snapshot.chunk.size.max = 16MB (=16777216) (default)
2022-01-08 01:46:59,708 [44471f42-9a01-4764-8909-e7e02c044ebe@group-04E649E6EF01-LeaderElection95] INFO  server.RaftServerConfigKeys (ConfUtils.java:logGet(44)) - raft.server.log.appender.buffer.byte-limit = 33554432 (custom)
2022-01-08 01:46:59,708 [44471f42-9a01-4764-8909-e7e02c044ebe@group-04E649E6EF01-LeaderElection95] INFO  server.RaftServerConfigKeys (ConfUtils.java:logGet(44)) - raft.server.log.appender.buffer.element-limit = 1 (custom)
2022-01-08 01:46:59,708 [44471f42-9a01-4764-8909-e7e02c044ebe@group-04E649E6EF01-LeaderElection95] INFO  grpc.GrpcConfigKeys (ConfUtils.java:logGet(44)) - raft.grpc.server.leader.outstanding.appends.max = 128 (default)
2022-01-08 01:46:59,708 [44471f42-9a01-4764-8909-e7e02c044ebe@group-04E649E6EF01-LeaderElection95] INFO  server.RaftServerConfigKeys (ConfUtils.java:logGet(44)) - raft.server.rpc.request.timeout = 3000ms (default)
2022-01-08 01:46:59,708 [44471f42-9a01-4764-8909-e7e02c044ebe@group-04E649E6EF01-LeaderElection95] INFO  server.RaftServerConfigKeys (ConfUtils.java:logGet(44)) - raft.server.log.appender.install.snapshot.enabled = false (custom)
2022-01-08 01:46:59,709 [44471f42-9a01-4764-8909-e7e02c044ebe@group-04E649E6EF01-LeaderElection95] INFO  server.RaftServerConfigKeys (ConfUtils.java:logGet(44)) - raft.server.log.appender.snapshot.chunk.size.max = 16MB (=16777216) (default)
2022-01-08 01:46:59,710 [44471f42-9a01-4764-8909-e7e02c044ebe@group-04E649E6EF01-LeaderElection95] INFO  server.RaftServerConfigKeys (ConfUtils.java:logGet(44)) - raft.server.log.appender.buffer.byte-limit = 33554432 (custom)
2022-01-08 01:46:59,710 [44471f42-9a01-4764-8909-e7e02c044ebe@group-04E649E6EF01-LeaderElection95] INFO  server.RaftServerConfigKeys (ConfUtils.java:logGet(44)) - raft.server.log.appender.buffer.element-limit = 1 (custom)
2022-01-08 01:46:59,710 [44471f42-9a01-4764-8909-e7e02c044ebe@group-04E649E6EF01-LeaderElection95] INFO  grpc.GrpcConfigKeys (ConfUtils.java:logGet(44)) - raft.grpc.server.leader.outstanding.appends.max = 128 (default)
2022-01-08 01:46:59,710 [44471f42-9a01-4764-8909-e7e02c044ebe@group-04E649E6EF01-LeaderElection95] INFO  server.RaftServerConfigKeys (ConfUtils.java:logGet(44)) - raft.server.rpc.request.timeout = 3000ms (default)
2022-01-08 01:46:59,710 [44471f42-9a01-4764-8909-e7e02c044ebe@group-04E649E6EF01-LeaderElection95] INFO  server.RaftServerConfigKeys (ConfUtils.java:logGet(44)) - raft.server.log.appender.install.snapshot.enabled = false (custom)
2022-01-08 01:46:59,712 [44471f42-9a01-4764-8909-e7e02c044ebe@group-04E649E6EF01-LeaderElection95] INFO  impl.RoleInfo (RoleInfo.java:updateAndGet(130)) - 44471f42-9a01-4764-8909-e7e02c044ebe: start 44471f42-9a01-4764-8909-e7e02c044ebe@group-04E649E6EF01-LeaderStateImpl
2022-01-08 01:46:59,712 [44471f42-9a01-4764-8909-e7e02c044ebe@group-04E649E6EF01-LeaderElection95] INFO  segmented.SegmentedRaftLogWorker (SegmentedRaftLogWorker.java:rollLogSegment(399)) - 44471f42-9a01-4764-8909-e7e02c044ebe@group-04E649E6EF01-SegmentedRaftLogWorker: Rolling segment log-0_0 to index:0
2022-01-08 01:46:59,713 [44471f42-9a01-4764-8909-e7e02c044ebe@group-04E649E6EF01-SegmentedRaftLogWorker] INFO  segmented.SegmentedRaftLogWorker (SegmentedRaftLogWorker.java:execute(558)) - 44471f42-9a01-4764-8909-e7e02c044ebe@group-04E649E6EF01-SegmentedRaftLogWorker: Rolled log segment from /home/runner/work/ozone/ozone/hadoop-ozone/integration-test/target/test-dir/MiniOzoneClusterImpl-6a132c25-3902-4d06-b1e4-79a7ed3e0f57/datanode-2/data/ratis/ebe7d31a-a166-4fb1-b6b3-04e649e6ef01/current/log_inprogress_0 to /home/runner/work/ozone/ozone/hadoop-ozone/integration-test/target/test-dir/MiniOzoneClusterImpl-6a132c25-3902-4d06-b1e4-79a7ed3e0f57/datanode-2/data/ratis/ebe7d31a-a166-4fb1-b6b3-04e649e6ef01/current/log_0-0
2022-01-08 01:46:59,716 [44471f42-9a01-4764-8909-e7e02c044ebe@group-04E649E6EF01-SegmentedRaftLogWorker] INFO  segmented.SegmentedRaftLogWorker (SegmentedRaftLogWorker.java:execute(601)) - 44471f42-9a01-4764-8909-e7e02c044ebe@group-04E649E6EF01-SegmentedRaftLogWorker: created new log segment /home/runner/work/ozone/ozone/hadoop-ozone/integration-test/target/test-dir/MiniOzoneClusterImpl-6a132c25-3902-4d06-b1e4-79a7ed3e0f57/datanode-2/data/ratis/ebe7d31a-a166-4fb1-b6b3-04e649e6ef01/current/log_inprogress_1
2022-01-08 01:46:59,767 [grpc-default-executor-0] WARN  server.GrpcLogAppender (LogUtils.java:warn(122)) - 44471f42-9a01-4764-8909-e7e02c044ebe@group-04E649E6EF01->9d6916e6-e933-4839-a7aa-b025ed7fd068-AppendLogResponseHandler: Failed appendEntries: org.apache.ratis.thirdparty.io.grpc.StatusRuntimeException: UNAVAILABLE: io exception
2022-01-08 01:46:59,769 [grpc-default-executor-0] WARN  server.GrpcLogAppender (GrpcLogAppender.java:resetClient(110)) - 44471f42-9a01-4764-8909-e7e02c044ebe@group-04E649E6EF01->9d6916e6-e933-4839-a7aa-b025ed7fd068-GrpcLogAppender: Leader has not got in touch with Follower 44471f42-9a01-4764-8909-e7e02c044ebe@group-04E649E6EF01->9d6916e6-e933-4839-a7aa-b025ed7fd068(c-1,m0,n2, attendVote=true, lastRpcSendTime=1, lastRpcResponseTime=5260) yet, just keep nextIndex unchanged and retry.
2022-01-08 01:46:59,772 [44471f42-9a01-4764-8909-e7e02c044ebe@group-04E649E6EF01-LeaderElection95] INFO  server.RaftServer$Division (ServerState.java:setRaftConf(387)) - 44471f42-9a01-4764-8909-e7e02c044ebe@group-04E649E6EF01: set configuration 1: [6477641b-710a-49ab-b56b-e0f600eb5c24|rpc:10.1.0.34:38417|dataStream:|priority:0, 44471f42-9a01-4764-8909-e7e02c044ebe|rpc:10.1.0.34:44109|dataStream:|priority:0, 9d6916e6-e933-4839-a7aa-b025ed7fd068|rpc:10.1.0.34:40543|dataStream:|priority:1], old=null
2022-01-08 01:46:59,795 [grpc-default-executor-1] INFO  ratis.XceiverServerRatis (XceiverServerRatis.java:handleLeaderChangedNotification(866)) - Leader change notification received for group: group-04E649E6EF01 with new leaderId: 44471f42-9a01-4764-8909-e7e02c044ebe
2022-01-08 01:46:59,796 [grpc-default-executor-1] INFO  server.RaftServer$Division (ServerState.java:setLeader(285)) - 6477641b-710a-49ab-b56b-e0f600eb5c24@group-04E649E6EF01: change Leader from null to 44471f42-9a01-4764-8909-e7e02c044ebe at term 3 for appendEntries, leader elected after 95ms
2022-01-08 01:46:59,803 [grpc-default-executor-1] INFO  server.RaftServer$Division (ServerState.java:setRaftConf(387)) - 6477641b-710a-49ab-b56b-e0f600eb5c24@group-04E649E6EF01: set configuration 1: [6477641b-710a-49ab-b56b-e0f600eb5c24|rpc:10.1.0.34:38417|dataStream:|priority:0, 44471f42-9a01-4764-8909-e7e02c044ebe|rpc:10.1.0.34:44109|dataStream:|priority:0, 9d6916e6-e933-4839-a7aa-b025ed7fd068|rpc:10.1.0.34:40543|dataStream:|priority:1], old=null
2022-01-08 01:46:59,803 [grpc-default-executor-1] INFO  segmented.SegmentedRaftLogWorker (SegmentedRaftLogWorker.java:rollLogSegment(399)) - 6477641b-710a-49ab-b56b-e0f600eb5c24@group-04E649E6EF01-SegmentedRaftLogWorker: Rolling segment log-0_0 to index:0
2022-01-08 01:46:59,811 [6477641b-710a-49ab-b56b-e0f600eb5c24@group-04E649E6EF01-SegmentedRaftLogWorker] INFO  segmented.SegmentedRaftLogWorker (SegmentedRaftLogWorker.java:execute(558)) - 6477641b-710a-49ab-b56b-e0f600eb5c24@group-04E649E6EF01-SegmentedRaftLogWorker: Rolled log segment from /home/runner/work/ozone/ozone/hadoop-ozone/integration-test/target/test-dir/MiniOzoneClusterImpl-6a132c25-3902-4d06-b1e4-79a7ed3e0f57/datanode-0/data/ratis/ebe7d31a-a166-4fb1-b6b3-04e649e6ef01/current/log_inprogress_0 to /home/runner/work/ozone/ozone/hadoop-ozone/integration-test/target/test-dir/MiniOzoneClusterImpl-6a132c25-3902-4d06-b1e4-79a7ed3e0f57/datanode-0/data/ratis/ebe7d31a-a166-4fb1-b6b3-04e649e6ef01/current/log_0-0
2022-01-08 01:46:59,819 [6477641b-710a-49ab-b56b-e0f600eb5c24@group-04E649E6EF01-SegmentedRaftLogWorker] INFO  segmented.SegmentedRaftLogWorker (SegmentedRaftLogWorker.java:execute(601)) - 6477641b-710a-49ab-b56b-e0f600eb5c24@group-04E649E6EF01-SegmentedRaftLogWorker: created new log segment /home/runner/work/ozone/ozone/hadoop-ozone/integration-test/target/test-dir/MiniOzoneClusterImpl-6a132c25-3902-4d06-b1e4-79a7ed3e0f57/datanode-0/data/ratis/ebe7d31a-a166-4fb1-b6b3-04e649e6ef01/current/log_inprogress_1
2022-01-08 01:46:59,854 [grpc-default-executor-0] WARN  server.GrpcLogAppender (LogUtils.java:warn(122)) - 44471f42-9a01-4764-8909-e7e02c044ebe@group-04E649E6EF01->9d6916e6-e933-4839-a7aa-b025ed7fd068-AppendLogResponseHandler: Failed appendEntries: org.apache.ratis.thirdparty.io.grpc.StatusRuntimeException: UNAVAILABLE: io exception
2022-01-08 01:46:59,855 [grpc-default-executor-0] WARN  server.GrpcLogAppender (GrpcLogAppender.java:resetClient(110)) - 44471f42-9a01-4764-8909-e7e02c044ebe@group-04E649E6EF01->9d6916e6-e933-4839-a7aa-b025ed7fd068-GrpcLogAppender: Leader has not got in touch with Follower 44471f42-9a01-4764-8909-e7e02c044ebe@group-04E649E6EF01->9d6916e6-e933-4839-a7aa-b025ed7fd068(c-1,m0,n3, attendVote=true, lastRpcSendTime=87, lastRpcResponseTime=5346) yet, just keep nextIndex unchanged and retry.
2022-01-08 01:47:01,505 [grpc-default-executor-0] WARN  server.GrpcLogAppender (LogUtils.java:warn(122)) - 44471f42-9a01-4764-8909-e7e02c044ebe@group-D4B31538E167->9d6916e6-e933-4839-a7aa-b025ed7fd068-AppendLogResponseHandler: Failed appendEntries: org.apache.ratis.thirdparty.io.grpc.StatusRuntimeException: UNAVAILABLE: io exception
2022-01-08 01:47:01,505 [grpc-default-executor-0] WARN  server.GrpcLogAppender (GrpcLogAppender.java:resetClient(110)) - 44471f42-9a01-4764-8909-e7e02c044ebe@group-D4B31538E167->9d6916e6-e933-4839-a7aa-b025ed7fd068-GrpcLogAppender: Leader has not got in touch with Follower 44471f42-9a01-4764-8909-e7e02c044ebe@group-D4B31538E167->9d6916e6-e933-4839-a7aa-b025ed7fd068(c0,m0,n1, attendVote=true, lastRpcSendTime=0, lastRpcResponseTime=12541) yet, just keep nextIndex unchanged and retry.
2022-01-08 01:47:01,629 [46dea062-dbed-4f29-9927-38d96de780a1@group-225DCE1D33EE-FollowerState] INFO  impl.FollowerState (FollowerState.java:run(134)) - 46dea062-dbed-4f29-9927-38d96de780a1@group-225DCE1D33EE-FollowerState: change to CANDIDATE, lastRpcElapsedTime:5186054075ns, electionTimeout:5168ms
2022-01-08 01:47:01,629 [46dea062-dbed-4f29-9927-38d96de780a1@group-225DCE1D33EE-FollowerState] INFO  impl.RoleInfo (RoleInfo.java:shutdownFollowerState(108)) - 46dea062-dbed-4f29-9927-38d96de780a1: shutdown 46dea062-dbed-4f29-9927-38d96de780a1@group-225DCE1D33EE-FollowerState
2022-01-08 01:47:01,629 [46dea062-dbed-4f29-9927-38d96de780a1@group-225DCE1D33EE-FollowerState] INFO  server.RaftServer$Division (RaftServerImpl.java:setRole(290)) - 46dea062-dbed-4f29-9927-38d96de780a1@group-225DCE1D33EE: changes role from  FOLLOWER to CANDIDATE at term 3 for changeToCandidate
2022-01-08 01:47:01,629 [46dea062-dbed-4f29-9927-38d96de780a1@group-225DCE1D33EE-FollowerState] INFO  server.RaftServerConfigKeys (ConfUtils.java:logGet(44)) - raft.server.leaderelection.pre-vote = false (custom)
2022-01-08 01:47:01,629 [46dea062-dbed-4f29-9927-38d96de780a1@group-225DCE1D33EE-FollowerState] INFO  impl.RoleInfo (RoleInfo.java:updateAndGet(130)) - 46dea062-dbed-4f29-9927-38d96de780a1: start 46dea062-dbed-4f29-9927-38d96de780a1@group-225DCE1D33EE-LeaderElection96
2022-01-08 01:47:01,675 [81a3d3bc-df93-482d-841e-57d386bb5ebf@group-225DCE1D33EE-FollowerState] INFO  impl.FollowerState (FollowerState.java:run(134)) - 81a3d3bc-df93-482d-841e-57d386bb5ebf@group-225DCE1D33EE-FollowerState: change to CANDIDATE, lastRpcElapsedTime:5290440846ns, electionTimeout:5196ms
2022-01-08 01:47:01,675 [81a3d3bc-df93-482d-841e-57d386bb5ebf@group-225DCE1D33EE-FollowerState] INFO  impl.RoleInfo (RoleInfo.java:shutdownFollowerState(108)) - 81a3d3bc-df93-482d-841e-57d386bb5ebf: shutdown 81a3d3bc-df93-482d-841e-57d386bb5ebf@group-225DCE1D33EE-FollowerState
2022-01-08 01:47:01,675 [81a3d3bc-df93-482d-841e-57d386bb5ebf@group-225DCE1D33EE-FollowerState] INFO  server.RaftServer$Division (RaftServerImpl.java:setRole(290)) - 81a3d3bc-df93-482d-841e-57d386bb5ebf@group-225DCE1D33EE: changes role from  FOLLOWER to CANDIDATE at term 3 for changeToCandidate
2022-01-08 01:47:01,675 [81a3d3bc-df93-482d-841e-57d386bb5ebf@group-225DCE1D33EE-FollowerState] INFO  server.RaftServerConfigKeys (ConfUtils.java:logGet(44)) - raft.server.leaderelection.pre-vote = false (custom)
2022-01-08 01:47:01,675 [81a3d3bc-df93-482d-841e-57d386bb5ebf@group-225DCE1D33EE-FollowerState] INFO  impl.RoleInfo (RoleInfo.java:updateAndGet(130)) - 81a3d3bc-df93-482d-841e-57d386bb5ebf: start 81a3d3bc-df93-482d-841e-57d386bb5ebf@group-225DCE1D33EE-LeaderElection97
2022-01-08 01:47:01,678 [46dea062-dbed-4f29-9927-38d96de780a1@group-225DCE1D33EE-LeaderElection96] INFO  impl.LeaderElection (LeaderElection.java:askForVotes(306)) - 46dea062-dbed-4f29-9927-38d96de780a1@group-225DCE1D33EE-LeaderElection96 ELECTION round 0: submit vote requests at term 4 for -1: [81a3d3bc-df93-482d-841e-57d386bb5ebf|rpc:10.1.0.34:40489|priority:1, a6c260a2-0fcb-4cbe-bb3c-7bbe6bc0f1a0|rpc:10.1.0.34:44223|priority:0, 46dea062-dbed-4f29-9927-38d96de780a1|rpc:10.1.0.34:40963|priority:0], old=null
2022-01-08 01:47:01,704 [81a3d3bc-df93-482d-841e-57d386bb5ebf@group-225DCE1D33EE-LeaderElection97] INFO  impl.LeaderElection (LeaderElection.java:askForVotes(306)) - 81a3d3bc-df93-482d-841e-57d386bb5ebf@group-225DCE1D33EE-LeaderElection97 ELECTION round 0: submit vote requests at term 4 for -1: [81a3d3bc-df93-482d-841e-57d386bb5ebf|rpc:10.1.0.34:40489|priority:1, a6c260a2-0fcb-4cbe-bb3c-7bbe6bc0f1a0|rpc:10.1.0.34:44223|priority:0, 46dea062-dbed-4f29-9927-38d96de780a1|rpc:10.1.0.34:40963|priority:0], old=null
2022-01-08 01:47:01,706 [grpc-default-executor-0] INFO  server.RaftServer$Division (RaftServerImpl.java:requestVote(1046)) - 81a3d3bc-df93-482d-841e-57d386bb5ebf@group-225DCE1D33EE: receive requestVote(ELECTION, 46dea062-dbed-4f29-9927-38d96de780a1, group-225DCE1D33EE, 4, (t:0, i:0))
2022-01-08 01:47:01,706 [grpc-default-executor-0] INFO  impl.VoteContext (VoteContext.java:log(48)) - 81a3d3bc-df93-482d-841e-57d386bb5ebf@group-225DCE1D33EE-CANDIDATE: reject ELECTION from 46dea062-dbed-4f29-9927-38d96de780a1: already has voted for 81a3d3bc-df93-482d-841e-57d386bb5ebf at current term 4
2022-01-08 01:47:01,706 [grpc-default-executor-0] INFO  server.RaftServer$Division (RaftServerImpl.java:requestVote(1078)) - 81a3d3bc-df93-482d-841e-57d386bb5ebf@group-225DCE1D33EE replies to ELECTION vote request: 46dea062-dbed-4f29-9927-38d96de780a1<-81a3d3bc-df93-482d-841e-57d386bb5ebf#0:FAIL-t4. Peer's state: 81a3d3bc-df93-482d-841e-57d386bb5ebf@group-225DCE1D33EE:t4, leader=null, voted=81a3d3bc-df93-482d-841e-57d386bb5ebf, raftlog=81a3d3bc-df93-482d-841e-57d386bb5ebf@group-225DCE1D33EE-SegmentedRaftLog:OPENED:c-1, conf=-1: [81a3d3bc-df93-482d-841e-57d386bb5ebf|rpc:10.1.0.34:40489|priority:1, a6c260a2-0fcb-4cbe-bb3c-7bbe6bc0f1a0|rpc:10.1.0.34:44223|priority:0, 46dea062-dbed-4f29-9927-38d96de780a1|rpc:10.1.0.34:40963|priority:0], old=null
2022-01-08 01:47:01,762 [grpc-default-executor-0] INFO  server.RaftServer$Division (RaftServerImpl.java:requestVote(1046)) - a6c260a2-0fcb-4cbe-bb3c-7bbe6bc0f1a0@group-225DCE1D33EE: receive requestVote(ELECTION, 46dea062-dbed-4f29-9927-38d96de780a1, group-225DCE1D33EE, 4, (t:0, i:0))
2022-01-08 01:47:01,762 [grpc-default-executor-0] INFO  impl.VoteContext (VoteContext.java:log(48)) - a6c260a2-0fcb-4cbe-bb3c-7bbe6bc0f1a0@group-225DCE1D33EE-FOLLOWER: accept ELECTION from 46dea062-dbed-4f29-9927-38d96de780a1: our priority 0 <= candidate's priority 0
2022-01-08 01:47:01,762 [grpc-default-executor-0] INFO  server.RaftServer$Division (RaftServerImpl.java:setRole(290)) - a6c260a2-0fcb-4cbe-bb3c-7bbe6bc0f1a0@group-225DCE1D33EE: changes role from  FOLLOWER to FOLLOWER at term 4 for candidate:46dea062-dbed-4f29-9927-38d96de780a1
2022-01-08 01:47:01,762 [grpc-default-executor-0] INFO  impl.RoleInfo (RoleInfo.java:shutdownFollowerState(108)) - a6c260a2-0fcb-4cbe-bb3c-7bbe6bc0f1a0: shutdown a6c260a2-0fcb-4cbe-bb3c-7bbe6bc0f1a0@group-225DCE1D33EE-FollowerState
2022-01-08 01:47:01,762 [grpc-default-executor-0] INFO  impl.RoleInfo (RoleInfo.java:updateAndGet(130)) - a6c260a2-0fcb-4cbe-bb3c-7bbe6bc0f1a0: start a6c260a2-0fcb-4cbe-bb3c-7bbe6bc0f1a0@group-225DCE1D33EE-FollowerState
2022-01-08 01:47:01,762 [a6c260a2-0fcb-4cbe-bb3c-7bbe6bc0f1a0@group-225DCE1D33EE-FollowerState] INFO  impl.FollowerState (FollowerState.java:run(143)) - a6c260a2-0fcb-4cbe-bb3c-7bbe6bc0f1a0@group-225DCE1D33EE-FollowerState was interrupted: {}
java.lang.InterruptedException: sleep interrupted
	at java.lang.Thread.sleep(Native Method)
	at java.lang.Thread.sleep(Thread.java:340)
	at java.util.concurrent.TimeUnit.sleep(TimeUnit.java:386)
	at org.apache.ratis.util.TimeDuration.sleep(TimeDuration.java:324)
	at org.apache.ratis.util.TimeDuration.sleep(TimeDuration.java:309)
	at org.apache.ratis.server.impl.FollowerState.run(FollowerState.java:118)
2022-01-08 01:47:01,770 [grpc-default-executor-0] INFO  server.RaftServer$Division (RaftServerImpl.java:requestVote(1078)) - a6c260a2-0fcb-4cbe-bb3c-7bbe6bc0f1a0@group-225DCE1D33EE replies to ELECTION vote request: 46dea062-dbed-4f29-9927-38d96de780a1<-a6c260a2-0fcb-4cbe-bb3c-7bbe6bc0f1a0#0:OK-t4. Peer's state: a6c260a2-0fcb-4cbe-bb3c-7bbe6bc0f1a0@group-225DCE1D33EE:t4, leader=null, voted=46dea062-dbed-4f29-9927-38d96de780a1, raftlog=a6c260a2-0fcb-4cbe-bb3c-7bbe6bc0f1a0@group-225DCE1D33EE-SegmentedRaftLog:OPENED:c-1, conf=-1: [81a3d3bc-df93-482d-841e-57d386bb5ebf|rpc:10.1.0.34:40489|priority:1, a6c260a2-0fcb-4cbe-bb3c-7bbe6bc0f1a0|rpc:10.1.0.34:44223|priority:0, 46dea062-dbed-4f29-9927-38d96de780a1|rpc:10.1.0.34:40963|priority:0], old=null
2022-01-08 01:47:01,852 [46dea062-dbed-4f29-9927-38d96de780a1@group-225DCE1D33EE-LeaderElection96] INFO  impl.LeaderElection (LeaderElection.java:logAndReturn(89)) - 46dea062-dbed-4f29-9927-38d96de780a1@group-225DCE1D33EE-LeaderElection96: ELECTION REJECTED received 1 response(s) and 0 exception(s):
2022-01-08 01:47:01,852 [46dea062-dbed-4f29-9927-38d96de780a1@group-225DCE1D33EE-LeaderElection96] INFO  impl.LeaderElection (LeaderElection.java:logAndReturn(93)) -   Response 0: 46dea062-dbed-4f29-9927-38d96de780a1<-81a3d3bc-df93-482d-841e-57d386bb5ebf#0:FAIL-t4
2022-01-08 01:47:01,852 [46dea062-dbed-4f29-9927-38d96de780a1@group-225DCE1D33EE-LeaderElection96] INFO  impl.LeaderElection (LeaderElection.java:askForVotes(308)) - 46dea062-dbed-4f29-9927-38d96de780a1@group-225DCE1D33EE-LeaderElection96 ELECTION round 0: result REJECTED
2022-01-08 01:47:01,852 [46dea062-dbed-4f29-9927-38d96de780a1@group-225DCE1D33EE-LeaderElection96] INFO  server.RaftServer$Division (RaftServerImpl.java:setRole(290)) - 46dea062-dbed-4f29-9927-38d96de780a1@group-225DCE1D33EE: changes role from CANDIDATE to FOLLOWER at term 4 for REJECTED
2022-01-08 01:47:01,852 [46dea062-dbed-4f29-9927-38d96de780a1@group-225DCE1D33EE-LeaderElection96] INFO  impl.RoleInfo (RoleInfo.java:shutdownLeaderElection(121)) - 46dea062-dbed-4f29-9927-38d96de780a1: shutdown 46dea062-dbed-4f29-9927-38d96de780a1@group-225DCE1D33EE-LeaderElection96
2022-01-08 01:47:01,852 [46dea062-dbed-4f29-9927-38d96de780a1@group-225DCE1D33EE-LeaderElection96] INFO  impl.RoleInfo (RoleInfo.java:updateAndGet(130)) - 46dea062-dbed-4f29-9927-38d96de780a1: start 46dea062-dbed-4f29-9927-38d96de780a1@group-225DCE1D33EE-FollowerState
2022-01-08 01:47:01,876 [grpc-default-executor-0] INFO  server.RaftServer$Division (RaftServerImpl.java:requestVote(1046)) - 46dea062-dbed-4f29-9927-38d96de780a1@group-225DCE1D33EE: receive requestVote(ELECTION, 81a3d3bc-df93-482d-841e-57d386bb5ebf, group-225DCE1D33EE, 4, (t:0, i:0))
2022-01-08 01:47:01,876 [grpc-default-executor-0] INFO  impl.VoteContext (VoteContext.java:log(48)) - 46dea062-dbed-4f29-9927-38d96de780a1@group-225DCE1D33EE-FOLLOWER: reject ELECTION from 81a3d3bc-df93-482d-841e-57d386bb5ebf: already has voted for 46dea062-dbed-4f29-9927-38d96de780a1 at current term 4
2022-01-08 01:47:01,877 [grpc-default-executor-0] INFO  server.RaftServer$Division (RaftServerImpl.java:requestVote(1078)) - 46dea062-dbed-4f29-9927-38d96de780a1@group-225DCE1D33EE replies to ELECTION vote request: 81a3d3bc-df93-482d-841e-57d386bb5ebf<-46dea062-dbed-4f29-9927-38d96de780a1#0:FAIL-t4. Peer's state: 46dea062-dbed-4f29-9927-38d96de780a1@group-225DCE1D33EE:t4, leader=null, voted=46dea062-dbed-4f29-9927-38d96de780a1, raftlog=46dea062-dbed-4f29-9927-38d96de780a1@group-225DCE1D33EE-SegmentedRaftLog:OPENED:c-1, conf=-1: [81a3d3bc-df93-482d-841e-57d386bb5ebf|rpc:10.1.0.34:40489|priority:1, a6c260a2-0fcb-4cbe-bb3c-7bbe6bc0f1a0|rpc:10.1.0.34:44223|priority:0, 46dea062-dbed-4f29-9927-38d96de780a1|rpc:10.1.0.34:40963|priority:0], old=null
2022-01-08 01:47:01,877 [grpc-default-executor-0] INFO  server.RaftServer$Division (RaftServerImpl.java:requestVote(1046)) - a6c260a2-0fcb-4cbe-bb3c-7bbe6bc0f1a0@group-225DCE1D33EE: receive requestVote(ELECTION, 81a3d3bc-df93-482d-841e-57d386bb5ebf, group-225DCE1D33EE, 4, (t:0, i:0))
2022-01-08 01:47:01,877 [grpc-default-executor-0] INFO  impl.VoteContext (VoteContext.java:log(48)) - a6c260a2-0fcb-4cbe-bb3c-7bbe6bc0f1a0@group-225DCE1D33EE-FOLLOWER: reject ELECTION from 81a3d3bc-df93-482d-841e-57d386bb5ebf: already has voted for 46dea062-dbed-4f29-9927-38d96de780a1 at current term 4
2022-01-08 01:47:01,877 [grpc-default-executor-0] INFO  server.RaftServer$Division (RaftServerImpl.java:requestVote(1078)) - a6c260a2-0fcb-4cbe-bb3c-7bbe6bc0f1a0@group-225DCE1D33EE replies to ELECTION vote request: 81a3d3bc-df93-482d-841e-57d386bb5ebf<-a6c260a2-0fcb-4cbe-bb3c-7bbe6bc0f1a0#0:FAIL-t4. Peer's state: a6c260a2-0fcb-4cbe-bb3c-7bbe6bc0f1a0@group-225DCE1D33EE:t4, leader=null, voted=46dea062-dbed-4f29-9927-38d96de780a1, raftlog=a6c260a2-0fcb-4cbe-bb3c-7bbe6bc0f1a0@group-225DCE1D33EE-SegmentedRaftLog:OPENED:c-1, conf=-1: [81a3d3bc-df93-482d-841e-57d386bb5ebf|rpc:10.1.0.34:40489|priority:1, a6c260a2-0fcb-4cbe-bb3c-7bbe6bc0f1a0|rpc:10.1.0.34:44223|priority:0, 46dea062-dbed-4f29-9927-38d96de780a1|rpc:10.1.0.34:40963|priority:0], old=null
2022-01-08 01:47:01,884 [81a3d3bc-df93-482d-841e-57d386bb5ebf@group-225DCE1D33EE-LeaderElection97] INFO  impl.LeaderElection (LeaderElection.java:logAndReturn(89)) - 81a3d3bc-df93-482d-841e-57d386bb5ebf@group-225DCE1D33EE-LeaderElection97: ELECTION REJECTED received 2 response(s) and 0 exception(s):
2022-01-08 01:47:01,884 [81a3d3bc-df93-482d-841e-57d386bb5ebf@group-225DCE1D33EE-LeaderElection97] INFO  impl.LeaderElection (LeaderElection.java:logAndReturn(93)) -   Response 0: 81a3d3bc-df93-482d-841e-57d386bb5ebf<-a6c260a2-0fcb-4cbe-bb3c-7bbe6bc0f1a0#0:FAIL-t4
2022-01-08 01:47:01,884 [81a3d3bc-df93-482d-841e-57d386bb5ebf@group-225DCE1D33EE-LeaderElection97] INFO  impl.LeaderElection (LeaderElection.java:logAndReturn(93)) -   Response 1: 81a3d3bc-df93-482d-841e-57d386bb5ebf<-46dea062-dbed-4f29-9927-38d96de780a1#0:FAIL-t4
2022-01-08 01:47:01,884 [81a3d3bc-df93-482d-841e-57d386bb5ebf@group-225DCE1D33EE-LeaderElection97] INFO  impl.LeaderElection (LeaderElection.java:askForVotes(308)) - 81a3d3bc-df93-482d-841e-57d386bb5ebf@group-225DCE1D33EE-LeaderElection97 ELECTION round 0: result REJECTED
2022-01-08 01:47:01,884 [81a3d3bc-df93-482d-841e-57d386bb5ebf@group-225DCE1D33EE-LeaderElection97] INFO  server.RaftServer$Division (RaftServerImpl.java:setRole(290)) - 81a3d3bc-df93-482d-841e-57d386bb5ebf@group-225DCE1D33EE: changes role from CANDIDATE to FOLLOWER at term 4 for REJECTED
2022-01-08 01:47:01,884 [81a3d3bc-df93-482d-841e-57d386bb5ebf@group-225DCE1D33EE-LeaderElection97] INFO  impl.RoleInfo (RoleInfo.java:shutdownLeaderElection(121)) - 81a3d3bc-df93-482d-841e-57d386bb5ebf: shutdown 81a3d3bc-df93-482d-841e-57d386bb5ebf@group-225DCE1D33EE-LeaderElection97
2022-01-08 01:47:01,884 [81a3d3bc-df93-482d-841e-57d386bb5ebf@group-225DCE1D33EE-LeaderElection97] INFO  impl.RoleInfo (RoleInfo.java:updateAndGet(130)) - 81a3d3bc-df93-482d-841e-57d386bb5ebf: start 81a3d3bc-df93-482d-841e-57d386bb5ebf@group-225DCE1D33EE-FollowerState
2022-01-08 01:47:02,111 [grpc-default-executor-0] WARN  server.GrpcLogAppender (LogUtils.java:warn(122)) - 6477641b-710a-49ab-b56b-e0f600eb5c24@group-AB80FE323EB3->9d6916e6-e933-4839-a7aa-b025ed7fd068-AppendLogResponseHandler: Failed appendEntries: org.apache.ratis.thirdparty.io.grpc.StatusRuntimeException: UNAVAILABLE: io exception
2022-01-08 01:47:02,112 [grpc-default-executor-0] WARN  server.GrpcLogAppender (GrpcLogAppender.java:resetClient(110)) - 6477641b-710a-49ab-b56b-e0f600eb5c24@group-AB80FE323EB3->9d6916e6-e933-4839-a7aa-b025ed7fd068-GrpcLogAppender: Leader has not got in touch with Follower 6477641b-710a-49ab-b56b-e0f600eb5c24@group-AB80FE323EB3->9d6916e6-e933-4839-a7aa-b025ed7fd068(c0,m0,n1, attendVote=true, lastRpcSendTime=2519, lastRpcResponseTime=12579) yet, just keep nextIndex unchanged and retry.
2022-01-08 01:47:02,367 [grpc-default-executor-1] WARN  server.GrpcLogAppender (LogUtils.java:warn(122)) - 44471f42-9a01-4764-8909-e7e02c044ebe@group-04E649E6EF01->9d6916e6-e933-4839-a7aa-b025ed7fd068-AppendLogResponseHandler: Failed appendEntries: org.apache.ratis.thirdparty.io.grpc.StatusRuntimeException: UNAVAILABLE: io exception
2022-01-08 01:47:02,368 [grpc-default-executor-1] WARN  server.GrpcLogAppender (GrpcLogAppender.java:resetClient(110)) - 44471f42-9a01-4764-8909-e7e02c044ebe@group-04E649E6EF01->9d6916e6-e933-4839-a7aa-b025ed7fd068-GrpcLogAppender: Leader has not got in touch with Follower 44471f42-9a01-4764-8909-e7e02c044ebe@group-04E649E6EF01->9d6916e6-e933-4839-a7aa-b025ed7fd068(c-1,m0,n3, attendVote=true, lastRpcSendTime=0, lastRpcResponseTime=7859) yet, just keep nextIndex unchanged and retry.
2022-01-08 01:47:04,015 [grpc-default-executor-1] WARN  server.GrpcLogAppender (LogUtils.java:warn(122)) - 44471f42-9a01-4764-8909-e7e02c044ebe@group-D4B31538E167->9d6916e6-e933-4839-a7aa-b025ed7fd068-AppendLogResponseHandler: Failed appendEntries: org.apache.ratis.thirdparty.io.grpc.StatusRuntimeException: UNAVAILABLE: io exception
2022-01-08 01:47:04,015 [grpc-default-executor-1] WARN  server.GrpcLogAppender (GrpcLogAppender.java:resetClient(110)) - 44471f42-9a01-4764-8909-e7e02c044ebe@group-D4B31538E167->9d6916e6-e933-4839-a7aa-b025ed7fd068-GrpcLogAppender: Leader has not got in touch with Follower 44471f42-9a01-4764-8909-e7e02c044ebe@group-D4B31538E167->9d6916e6-e933-4839-a7aa-b025ed7fd068(c0,m0,n1, attendVote=true, lastRpcSendTime=8, lastRpcResponseTime=15051) yet, just keep nextIndex unchanged and retry.
2022-01-08 01:47:04,615 [grpc-default-executor-1] WARN  server.GrpcLogAppender (LogUtils.java:warn(122)) - 6477641b-710a-49ab-b56b-e0f600eb5c24@group-AB80FE323EB3->9d6916e6-e933-4839-a7aa-b025ed7fd068-AppendLogResponseHandler: Failed appendEntries: org.apache.ratis.thirdparty.io.grpc.StatusRuntimeException: UNAVAILABLE: io exception
2022-01-08 01:47:04,616 [grpc-default-executor-1] WARN  server.GrpcLogAppender (GrpcLogAppender.java:resetClient(110)) - 6477641b-710a-49ab-b56b-e0f600eb5c24@group-AB80FE323EB3->9d6916e6-e933-4839-a7aa-b025ed7fd068-GrpcLogAppender: Leader has not got in touch with Follower 6477641b-710a-49ab-b56b-e0f600eb5c24@group-AB80FE323EB3->9d6916e6-e933-4839-a7aa-b025ed7fd068(c0,m0,n1, attendVote=true, lastRpcSendTime=2503, lastRpcResponseTime=15083) yet, just keep nextIndex unchanged and retry.
2022-01-08 01:47:04,873 [grpc-default-executor-1] WARN  server.GrpcLogAppender (LogUtils.java:warn(122)) - 44471f42-9a01-4764-8909-e7e02c044ebe@group-04E649E6EF01->9d6916e6-e933-4839-a7aa-b025ed7fd068-AppendLogResponseHandler: Failed appendEntries: org.apache.ratis.thirdparty.io.grpc.StatusRuntimeException: UNAVAILABLE: io exception
2022-01-08 01:47:04,874 [grpc-default-executor-1] WARN  server.GrpcLogAppender (GrpcLogAppender.java:resetClient(110)) - 44471f42-9a01-4764-8909-e7e02c044ebe@group-04E649E6EF01->9d6916e6-e933-4839-a7aa-b025ed7fd068-GrpcLogAppender: Leader has not got in touch with Follower 44471f42-9a01-4764-8909-e7e02c044ebe@group-04E649E6EF01->9d6916e6-e933-4839-a7aa-b025ed7fd068(c-1,m0,n3, attendVote=true, lastRpcSendTime=4, lastRpcResponseTime=10365) yet, just keep nextIndex unchanged and retry.
2022-01-08 01:47:05,370 [EventQueue-DeadNodeForDeadNodeHandler] INFO  node.DeadNodeHandler (DeadNodeHandler.java:onMessage(80)) - A dead datanode is detected. 9d6916e6-e933-4839-a7aa-b025ed7fd068{ip: 10.1.0.34, host: fv-az116-279.vzw04321ajxubdbcnpick5nqva.xx.internal.cloudapp.net, ports: [REPLICATION=45495, RATIS=40543, RATIS_ADMIN=40543, RATIS_SERVER=40543, STANDALONE=40997], networkLocation: /default-rack, certSerialId: null, persistedOpState: IN_SERVICE, persistedOpStateExpiryEpochSec: 0}
2022-01-08 01:47:05,370 [EventQueue-DeadNodeForDeadNodeHandler] INFO  pipeline.RatisPipelineProvider (RatisPipelineProvider.java:lambda$close$1(222)) - Send pipeline:PipelineID=f2ed03a6-aac7-4283-93ce-ab80fe323eb3 close command to datanode 6477641b-710a-49ab-b56b-e0f600eb5c24
2022-01-08 01:47:05,385 [EventQueue-DeadNodeForDeadNodeHandler] INFO  pipeline.RatisPipelineProvider (RatisPipelineProvider.java:lambda$close$1(222)) - Send pipeline:PipelineID=f2ed03a6-aac7-4283-93ce-ab80fe323eb3 close command to datanode 44471f42-9a01-4764-8909-e7e02c044ebe
2022-01-08 01:47:05,385 [EventQueue-DeadNodeForDeadNodeHandler] INFO  pipeline.RatisPipelineProvider (RatisPipelineProvider.java:lambda$close$1(222)) - Send pipeline:PipelineID=f2ed03a6-aac7-4283-93ce-ab80fe323eb3 close command to datanode 9d6916e6-e933-4839-a7aa-b025ed7fd068
2022-01-08 01:47:05,409 [EventQueue-DeadNodeForDeadNodeHandler] INFO  pipeline.PipelineStateManagerImpl (PipelineStateManagerImpl.java:removePipeline(223)) - Pipeline Pipeline[ Id: f2ed03a6-aac7-4283-93ce-ab80fe323eb3, Nodes: 6477641b-710a-49ab-b56b-e0f600eb5c24{ip: 10.1.0.34, host: fv-az116-279.vzw04321ajxubdbcnpick5nqva.xx.internal.cloudapp.net, ports: [REPLICATION=32997, RATIS=38417, RATIS_ADMIN=38417, RATIS_SERVER=38417, STANDALONE=42453], networkLocation: /default-rack, certSerialId: null, persistedOpState: IN_SERVICE, persistedOpStateExpiryEpochSec: 0}44471f42-9a01-4764-8909-e7e02c044ebe{ip: 10.1.0.34, host: fv-az116-279.vzw04321ajxubdbcnpick5nqva.xx.internal.cloudapp.net, ports: [REPLICATION=36939, RATIS=44109, RATIS_ADMIN=44109, RATIS_SERVER=44109, STANDALONE=34571], networkLocation: /default-rack, certSerialId: null, persistedOpState: IN_SERVICE, persistedOpStateExpiryEpochSec: 0}9d6916e6-e933-4839-a7aa-b025ed7fd068{ip: 10.1.0.34, host: fv-az116-279.vzw04321ajxubdbcnpick5nqva.xx.internal.cloudapp.net, ports: [REPLICATION=45495, RATIS=40543, RATIS_ADMIN=40543, RATIS_SERVER=40543, STANDALONE=40997], networkLocation: /default-rack, certSerialId: null, persistedOpState: IN_SERVICE, persistedOpStateExpiryEpochSec: 0}, ReplicationConfig: RATIS/THREE, State:CLOSED, leaderId:6477641b-710a-49ab-b56b-e0f600eb5c24, CreationTimestamp2022-01-08T01:46:36.783Z[Etc/UTC]] removed.
2022-01-08 01:47:05,409 [EventQueue-DeadNodeForDeadNodeHandler] INFO  pipeline.RatisPipelineProvider (RatisPipelineProvider.java:lambda$close$1(222)) - Send pipeline:PipelineID=f6ab5375-c2fe-4a61-b67f-d4b31538e167 close command to datanode 44471f42-9a01-4764-8909-e7e02c044ebe
2022-01-08 01:47:05,410 [EventQueue-DeadNodeForDeadNodeHandler] INFO  pipeline.RatisPipelineProvider (RatisPipelineProvider.java:lambda$close$1(222)) - Send pipeline:PipelineID=f6ab5375-c2fe-4a61-b67f-d4b31538e167 close command to datanode 6477641b-710a-49ab-b56b-e0f600eb5c24
2022-01-08 01:47:05,410 [EventQueue-DeadNodeForDeadNodeHandler] INFO  pipeline.RatisPipelineProvider (RatisPipelineProvider.java:lambda$close$1(222)) - Send pipeline:PipelineID=f6ab5375-c2fe-4a61-b67f-d4b31538e167 close command to datanode 9d6916e6-e933-4839-a7aa-b025ed7fd068
2022-01-08 01:47:05,410 [EventQueue-DeadNodeForDeadNodeHandler] INFO  pipeline.PipelineStateManagerImpl (PipelineStateManagerImpl.java:removePipeline(223)) - Pipeline Pipeline[ Id: f6ab5375-c2fe-4a61-b67f-d4b31538e167, Nodes: 44471f42-9a01-4764-8909-e7e02c044ebe{ip: 10.1.0.34, host: fv-az116-279.vzw04321ajxubdbcnpick5nqva.xx.internal.cloudapp.net, ports: [REPLICATION=36939, RATIS=44109, RATIS_ADMIN=44109, RATIS_SERVER=44109, STANDALONE=34571], networkLocation: /default-rack, certSerialId: null, persistedOpState: IN_SERVICE, persistedOpStateExpiryEpochSec: 0}6477641b-710a-49ab-b56b-e0f600eb5c24{ip: 10.1.0.34, host: fv-az116-279.vzw04321ajxubdbcnpick5nqva.xx.internal.cloudapp.net, ports: [REPLICATION=32997, RATIS=38417, RATIS_ADMIN=38417, RATIS_SERVER=38417, STANDALONE=42453], networkLocation: /default-rack, certSerialId: null, persistedOpState: IN_SERVICE, persistedOpStateExpiryEpochSec: 0}9d6916e6-e933-4839-a7aa-b025ed7fd068{ip: 10.1.0.34, host: fv-az116-279.vzw04321ajxubdbcnpick5nqva.xx.internal.cloudapp.net, ports: [REPLICATION=45495, RATIS=40543, RATIS_ADMIN=40543, RATIS_SERVER=40543, STANDALONE=40997], networkLocation: /default-rack, certSerialId: null, persistedOpState: IN_SERVICE, persistedOpStateExpiryEpochSec: 0}, ReplicationConfig: RATIS/THREE, State:CLOSED, leaderId:44471f42-9a01-4764-8909-e7e02c044ebe, CreationTimestamp2022-01-08T01:46:36.767Z[Etc/UTC]] removed.
2022-01-08 01:47:05,410 [EventQueue-DeadNodeForDeadNodeHandler] INFO  pipeline.RatisPipelineProvider (RatisPipelineProvider.java:lambda$close$1(222)) - Send pipeline:PipelineID=ebe7d31a-a166-4fb1-b6b3-04e649e6ef01 close command to datanode 44471f42-9a01-4764-8909-e7e02c044ebe
2022-01-08 01:47:05,410 [EventQueue-DeadNodeForDeadNodeHandler] INFO  pipeline.RatisPipelineProvider (RatisPipelineProvider.java:lambda$close$1(222)) - Send pipeline:PipelineID=ebe7d31a-a166-4fb1-b6b3-04e649e6ef01 close command to datanode 9d6916e6-e933-4839-a7aa-b025ed7fd068
2022-01-08 01:47:05,410 [EventQueue-DeadNodeForDeadNodeHandler] INFO  pipeline.RatisPipelineProvider (RatisPipelineProvider.java:lambda$close$1(222)) - Send pipeline:PipelineID=ebe7d31a-a166-4fb1-b6b3-04e649e6ef01 close command to datanode 6477641b-710a-49ab-b56b-e0f600eb5c24
2022-01-08 01:47:05,411 [EventQueue-DeadNodeForDeadNodeHandler] INFO  pipeline.PipelineStateManagerImpl (PipelineStateManagerImpl.java:removePipeline(223)) - Pipeline Pipeline[ Id: ebe7d31a-a166-4fb1-b6b3-04e649e6ef01, Nodes: 44471f42-9a01-4764-8909-e7e02c044ebe{ip: 10.1.0.34, host: fv-az116-279.vzw04321ajxubdbcnpick5nqva.xx.internal.cloudapp.net, ports: [REPLICATION=36939, RATIS=44109, RATIS_ADMIN=44109, RATIS_SERVER=44109, STANDALONE=34571], networkLocation: /default-rack, certSerialId: null, persistedOpState: IN_SERVICE, persistedOpStateExpiryEpochSec: 0}9d6916e6-e933-4839-a7aa-b025ed7fd068{ip: 10.1.0.34, host: fv-az116-279.vzw04321ajxubdbcnpick5nqva.xx.internal.cloudapp.net, ports: [REPLICATION=45495, RATIS=40543, RATIS_ADMIN=40543, RATIS_SERVER=40543, STANDALONE=40997], networkLocation: /default-rack, certSerialId: null, persistedOpState: IN_SERVICE, persistedOpStateExpiryEpochSec: 0}6477641b-710a-49ab-b56b-e0f600eb5c24{ip: 10.1.0.34, host: fv-az116-279.vzw04321ajxubdbcnpick5nqva.xx.internal.cloudapp.net, ports: [REPLICATION=32997, RATIS=38417, RATIS_ADMIN=38417, RATIS_SERVER=38417, STANDALONE=42453], networkLocation: /default-rack, certSerialId: null, persistedOpState: IN_SERVICE, persistedOpStateExpiryEpochSec: 0}, ReplicationConfig: RATIS/THREE, State:CLOSED, leaderId:44471f42-9a01-4764-8909-e7e02c044ebe, CreationTimestamp2022-01-08T01:46:36.779Z[Etc/UTC]] removed.
2022-01-08 01:47:05,411 [EventQueue-DeadNodeForDeadNodeHandler] INFO  pipeline.RatisPipelineProvider (RatisPipelineProvider.java:lambda$close$1(222)) - Send pipeline:PipelineID=3c427e93-4362-4243-92cd-f33b4351ac6e close command to datanode 9d6916e6-e933-4839-a7aa-b025ed7fd068
2022-01-08 01:47:05,411 [EventQueue-DeadNodeForDeadNodeHandler] INFO  pipeline.PipelineStateManagerImpl (PipelineStateManagerImpl.java:removePipeline(223)) - Pipeline Pipeline[ Id: 3c427e93-4362-4243-92cd-f33b4351ac6e, Nodes: 9d6916e6-e933-4839-a7aa-b025ed7fd068{ip: 10.1.0.34, host: fv-az116-279.vzw04321ajxubdbcnpick5nqva.xx.internal.cloudapp.net, ports: [REPLICATION=45495, RATIS=40543, RATIS_ADMIN=40543, RATIS_SERVER=40543, STANDALONE=40997], networkLocation: /default-rack, certSerialId: null, persistedOpState: IN_SERVICE, persistedOpStateExpiryEpochSec: 0}, ReplicationConfig: RATIS/ONE, State:CLOSED, leaderId:9d6916e6-e933-4839-a7aa-b025ed7fd068, CreationTimestamp2022-01-08T01:46:35.984Z[Etc/UTC]] removed.
2022-01-08 01:47:05,412 [EventQueue-DeadNodeForDeadNodeHandler] INFO  net.NetworkTopologyImpl (NetworkTopologyImpl.java:remove(137)) - Removed a node: /default-rack/9d6916e6-e933-4839-a7aa-b025ed7fd068
2022-01-08 01:47:06,407 [Command processor thread] INFO  server.RaftServer (RaftServerProxy.java:remove(106)) - 6477641b-710a-49ab-b56b-e0f600eb5c24: remove    LEADER 6477641b-710a-49ab-b56b-e0f600eb5c24@group-AB80FE323EB3:t1, leader=6477641b-710a-49ab-b56b-e0f600eb5c24, voted=6477641b-710a-49ab-b56b-e0f600eb5c24, raftlog=6477641b-710a-49ab-b56b-e0f600eb5c24@group-AB80FE323EB3-SegmentedRaftLog:OPENED:c0, conf=0: [6477641b-710a-49ab-b56b-e0f600eb5c24|rpc:10.1.0.34:38417|dataStream:|priority:1, 44471f42-9a01-4764-8909-e7e02c044ebe|rpc:10.1.0.34:44109|dataStream:|priority:0, 9d6916e6-e933-4839-a7aa-b025ed7fd068|rpc:10.1.0.34:40543|dataStream:|priority:0], old=null RUNNING
2022-01-08 01:47:06,407 [Command processor thread] INFO  server.RaftServer$Division (RaftServerImpl.java:lambda$close$4(412)) - 6477641b-710a-49ab-b56b-e0f600eb5c24@group-AB80FE323EB3: shutdown
2022-01-08 01:47:06,407 [Command processor thread] INFO  util.JmxRegister (JmxRegister.java:unregister(73)) - Successfully un-registered JMX Bean with object name Ratis:service=RaftServer,group=group-AB80FE323EB3,id=6477641b-710a-49ab-b56b-e0f600eb5c24
2022-01-08 01:47:06,407 [Command processor thread] INFO  impl.RoleInfo (RoleInfo.java:shutdownLeaderState(91)) - 6477641b-710a-49ab-b56b-e0f600eb5c24: shutdown 6477641b-710a-49ab-b56b-e0f600eb5c24@group-AB80FE323EB3-LeaderStateImpl
2022-01-08 01:47:06,427 [Command processor thread] INFO  impl.PendingRequests (PendingRequests.java:sendNotLeaderResponses(282)) - 6477641b-710a-49ab-b56b-e0f600eb5c24@group-AB80FE323EB3-PendingRequests: sendNotLeaderResponses
2022-01-08 01:47:06,427 [Command processor thread] INFO  impl.StateMachineUpdater (StateMachineUpdater.java:stopAndJoin(149)) - 6477641b-710a-49ab-b56b-e0f600eb5c24@group-AB80FE323EB3-StateMachineUpdater: set stopIndex = 0
2022-01-08 01:47:06,428 [6477641b-710a-49ab-b56b-e0f600eb5c24@group-AB80FE323EB3->44471f42-9a01-4764-8909-e7e02c044ebe-GrpcLogAppender-LogAppenderDaemon] WARN  server.GrpcLogAppender (GrpcLogAppender.java:mayWait(177)) - 6477641b-710a-49ab-b56b-e0f600eb5c24@group-AB80FE323EB3->44471f42-9a01-4764-8909-e7e02c044ebe-GrpcLogAppender: Wait interrupted by java.lang.InterruptedException
2022-01-08 01:47:06,428 [6477641b-710a-49ab-b56b-e0f600eb5c24@group-AB80FE323EB3-StateMachineUpdater] INFO  ratis.ContainerStateMachine (ContainerStateMachine.java:takeSnapshot(299)) - group-AB80FE323EB3: Taking a snapshot at:(t:1, i:0) file /home/runner/work/ozone/ozone/hadoop-ozone/integration-test/target/test-dir/MiniOzoneClusterImpl-6a132c25-3902-4d06-b1e4-79a7ed3e0f57/datanode-0/data/ratis/f2ed03a6-aac7-4283-93ce-ab80fe323eb3/sm/snapshot.1_0
2022-01-08 01:47:06,429 [grpc-default-executor-2] INFO  server.GrpcServerProtocolService (GrpcServerProtocolService.java:onCompleted(140)) - 44471f42-9a01-4764-8909-e7e02c044ebe: Completed APPEND_ENTRIES, lastRequest: 6477641b-710a-49ab-b56b-e0f600eb5c24->44471f42-9a01-4764-8909-e7e02c044ebe#1-t1,previous=(t:0, i:0),leaderCommit=0,initializing? true,entries: size=1, first=(t:1, i:0), CONFIGURATIONENTRY
2022-01-08 01:47:06,430 [6477641b-710a-49ab-b56b-e0f600eb5c24@group-AB80FE323EB3-StateMachineUpdater] INFO  ratis.ContainerStateMachine (ContainerStateMachine.java:takeSnapshot(310)) - group-AB80FE323EB3: Finished taking a snapshot at:(t:1, i:0) file:/home/runner/work/ozone/ozone/hadoop-ozone/integration-test/target/test-dir/MiniOzoneClusterImpl-6a132c25-3902-4d06-b1e4-79a7ed3e0f57/datanode-0/data/ratis/f2ed03a6-aac7-4283-93ce-ab80fe323eb3/sm/snapshot.1_0 took: 1 ms
2022-01-08 01:47:06,430 [6477641b-710a-49ab-b56b-e0f600eb5c24@group-AB80FE323EB3-StateMachineUpdater] INFO  impl.StateMachineUpdater (StateMachineUpdater.java:takeSnapshot(281)) - 6477641b-710a-49ab-b56b-e0f600eb5c24@group-AB80FE323EB3-StateMachineUpdater: Took a snapshot at index 0
2022-01-08 01:47:06,430 [6477641b-710a-49ab-b56b-e0f600eb5c24@group-AB80FE323EB3-StateMachineUpdater] INFO  impl.StateMachineUpdater (StateMachineUpdater.java:lambda$new$0(89)) - 6477641b-710a-49ab-b56b-e0f600eb5c24@group-AB80FE323EB3-StateMachineUpdater: snapshotIndex: updateIncreasingly -1 -> 0
2022-01-08 01:47:06,430 [grpc-default-executor-0] INFO  server.GrpcLogAppender (GrpcLogAppender.java:onCompleted(346)) - 6477641b-710a-49ab-b56b-e0f600eb5c24@group-AB80FE323EB3->44471f42-9a01-4764-8909-e7e02c044ebe-AppendLogResponseHandler: follower responses appendEntries COMPLETED
2022-01-08 01:47:06,430 [grpc-default-executor-0] INFO  leader.FollowerInfo (FollowerInfoImpl.java:lambda$new$0(47)) - 6477641b-710a-49ab-b56b-e0f600eb5c24@group-AB80FE323EB3->44471f42-9a01-4764-8909-e7e02c044ebe: nextIndex: updateUnconditionally 1 -> 0
2022-01-08 01:47:06,430 [Command processor thread] INFO  server.RaftServer$Division (ServerState.java:close(419)) - 6477641b-710a-49ab-b56b-e0f600eb5c24@group-AB80FE323EB3: closes. applyIndex: 0
2022-01-08 01:47:06,443 [6477641b-710a-49ab-b56b-e0f600eb5c24@group-AB80FE323EB3-SegmentedRaftLogWorker] INFO  segmented.SegmentedRaftLogWorker (SegmentedRaftLogWorker.java:run(327)) - 6477641b-710a-49ab-b56b-e0f600eb5c24@group-AB80FE323EB3-SegmentedRaftLogWorker was interrupted, exiting. There are 0 tasks remaining in the queue.
2022-01-08 01:47:06,444 [Command processor thread] INFO  segmented.SegmentedRaftLogWorker (SegmentedRaftLogWorker.java:close(237)) - 6477641b-710a-49ab-b56b-e0f600eb5c24@group-AB80FE323EB3-SegmentedRaftLogWorker close()
2022-01-08 01:47:06,446 [Command processor thread] INFO  server.RaftServer$Division (RaftServerImpl.java:groupRemove(382)) - 6477641b-710a-49ab-b56b-e0f600eb5c24@group-AB80FE323EB3: Succeed to remove RaftStorageDirectory Storage Directory /home/runner/work/ozone/ozone/hadoop-ozone/integration-test/target/test-dir/MiniOzoneClusterImpl-6a132c25-3902-4d06-b1e4-79a7ed3e0f57/datanode-0/data/ratis/f2ed03a6-aac7-4283-93ce-ab80fe323eb3
2022-01-08 01:47:06,446 [Command processor thread] INFO  commandhandler.ClosePipelineCommandHandler (ClosePipelineCommandHandler.java:handle(78)) - Close Pipeline PipelineID=f2ed03a6-aac7-4283-93ce-ab80fe323eb3 command on datanode 6477641b-710a-49ab-b56b-e0f600eb5c24.
2022-01-08 01:47:06,446 [Command processor thread] INFO  server.RaftServer (RaftServerProxy.java:remove(106)) - 6477641b-710a-49ab-b56b-e0f600eb5c24: remove  FOLLOWER 6477641b-710a-49ab-b56b-e0f600eb5c24@group-D4B31538E167:t2, leader=44471f42-9a01-4764-8909-e7e02c044ebe, voted=44471f42-9a01-4764-8909-e7e02c044ebe, raftlog=6477641b-710a-49ab-b56b-e0f600eb5c24@group-D4B31538E167-SegmentedRaftLog:OPENED:c0, conf=0: [6477641b-710a-49ab-b56b-e0f600eb5c24|rpc:10.1.0.34:38417|dataStream:|priority:0, 44471f42-9a01-4764-8909-e7e02c044ebe|rpc:10.1.0.34:44109|dataStream:|priority:1, 9d6916e6-e933-4839-a7aa-b025ed7fd068|rpc:10.1.0.34:40543|dataStream:|priority:0], old=null RUNNING
2022-01-08 01:47:06,446 [Command processor thread] INFO  server.RaftServer$Division (RaftServerImpl.java:lambda$close$4(412)) - 6477641b-710a-49ab-b56b-e0f600eb5c24@group-D4B31538E167: shutdown
2022-01-08 01:47:06,446 [Command processor thread] INFO  util.JmxRegister (JmxRegister.java:unregister(73)) - Successfully un-registered JMX Bean with object name Ratis:service=RaftServer,group=group-D4B31538E167,id=6477641b-710a-49ab-b56b-e0f600eb5c24
2022-01-08 01:47:06,446 [Command processor thread] INFO  impl.RoleInfo (RoleInfo.java:shutdownFollowerState(108)) - 6477641b-710a-49ab-b56b-e0f600eb5c24: shutdown 6477641b-710a-49ab-b56b-e0f600eb5c24@group-D4B31538E167-FollowerState
2022-01-08 01:47:06,447 [Command processor thread] INFO  impl.StateMachineUpdater (StateMachineUpdater.java:stopAndJoin(149)) - 6477641b-710a-49ab-b56b-e0f600eb5c24@group-D4B31538E167-StateMachineUpdater: set stopIndex = 0
2022-01-08 01:47:06,447 [6477641b-710a-49ab-b56b-e0f600eb5c24@group-D4B31538E167-FollowerState] INFO  impl.FollowerState (FollowerState.java:run(143)) - 6477641b-710a-49ab-b56b-e0f600eb5c24@group-D4B31538E167-FollowerState was interrupted: {}
java.lang.InterruptedException: sleep interrupted
	at java.lang.Thread.sleep(Native Method)
	at java.lang.Thread.sleep(Thread.java:340)
	at java.util.concurrent.TimeUnit.sleep(TimeUnit.java:386)
	at org.apache.ratis.util.TimeDuration.sleep(TimeDuration.java:324)
	at org.apache.ratis.util.TimeDuration.sleep(TimeDuration.java:309)
	at org.apache.ratis.server.impl.FollowerState.run(FollowerState.java:118)
2022-01-08 01:47:06,447 [6477641b-710a-49ab-b56b-e0f600eb5c24@group-D4B31538E167-StateMachineUpdater] INFO  ratis.ContainerStateMachine (ContainerStateMachine.java:takeSnapshot(299)) - group-D4B31538E167: Taking a snapshot at:(t:2, i:0) file /home/runner/work/ozone/ozone/hadoop-ozone/integration-test/target/test-dir/MiniOzoneClusterImpl-6a132c25-3902-4d06-b1e4-79a7ed3e0f57/datanode-0/data/ratis/f6ab5375-c2fe-4a61-b67f-d4b31538e167/sm/snapshot.2_0
2022-01-08 01:47:06,463 [6477641b-710a-49ab-b56b-e0f600eb5c24@group-D4B31538E167-StateMachineUpdater] INFO  ratis.ContainerStateMachine (ContainerStateMachine.java:takeSnapshot(310)) - group-D4B31538E167: Finished taking a snapshot at:(t:2, i:0) file:/home/runner/work/ozone/ozone/hadoop-ozone/integration-test/target/test-dir/MiniOzoneClusterImpl-6a132c25-3902-4d06-b1e4-79a7ed3e0f57/datanode-0/data/ratis/f6ab5375-c2fe-4a61-b67f-d4b31538e167/sm/snapshot.2_0 took: 15 ms
2022-01-08 01:47:06,463 [6477641b-710a-49ab-b56b-e0f600eb5c24@group-D4B31538E167-StateMachineUpdater] INFO  impl.StateMachineUpdater (StateMachineUpdater.java:takeSnapshot(281)) - 6477641b-710a-49ab-b56b-e0f600eb5c24@group-D4B31538E167-StateMachineUpdater: Took a snapshot at index 0
2022-01-08 01:47:06,463 [6477641b-710a-49ab-b56b-e0f600eb5c24@group-D4B31538E167-StateMachineUpdater] INFO  impl.StateMachineUpdater (StateMachineUpdater.java:lambda$new$0(89)) - 6477641b-710a-49ab-b56b-e0f600eb5c24@group-D4B31538E167-StateMachineUpdater: snapshotIndex: updateIncreasingly -1 -> 0
2022-01-08 01:47:06,463 [Command processor thread] INFO  server.RaftServer$Division (ServerState.java:close(419)) - 6477641b-710a-49ab-b56b-e0f600eb5c24@group-D4B31538E167: closes. applyIndex: 0
2022-01-08 01:47:06,463 [6477641b-710a-49ab-b56b-e0f600eb5c24@group-D4B31538E167-SegmentedRaftLogWorker] INFO  segmented.SegmentedRaftLogWorker (SegmentedRaftLogWorker.java:run(327)) - 6477641b-710a-49ab-b56b-e0f600eb5c24@group-D4B31538E167-SegmentedRaftLogWorker was interrupted, exiting. There are 0 tasks remaining in the queue.
2022-01-08 01:47:06,464 [Command processor thread] INFO  segmented.SegmentedRaftLogWorker (SegmentedRaftLogWorker.java:close(237)) - 6477641b-710a-49ab-b56b-e0f600eb5c24@group-D4B31538E167-SegmentedRaftLogWorker close()
2022-01-08 01:47:06,467 [Command processor thread] INFO  server.RaftServer$Division (RaftServerImpl.java:groupRemove(382)) - 6477641b-710a-49ab-b56b-e0f600eb5c24@group-D4B31538E167: Succeed to remove RaftStorageDirectory Storage Directory /home/runner/work/ozone/ozone/hadoop-ozone/integration-test/target/test-dir/MiniOzoneClusterImpl-6a132c25-3902-4d06-b1e4-79a7ed3e0f57/datanode-0/data/ratis/f6ab5375-c2fe-4a61-b67f-d4b31538e167
2022-01-08 01:47:06,467 [Command processor thread] INFO  commandhandler.ClosePipelineCommandHandler (ClosePipelineCommandHandler.java:handle(78)) - Close Pipeline PipelineID=f6ab5375-c2fe-4a61-b67f-d4b31538e167 command on datanode 6477641b-710a-49ab-b56b-e0f600eb5c24.
2022-01-08 01:47:06,467 [Command processor thread] INFO  server.RaftServer (RaftServerProxy.java:remove(106)) - 6477641b-710a-49ab-b56b-e0f600eb5c24: remove  FOLLOWER 6477641b-710a-49ab-b56b-e0f600eb5c24@group-04E649E6EF01:t3, leader=44471f42-9a01-4764-8909-e7e02c044ebe, voted=44471f42-9a01-4764-8909-e7e02c044ebe, raftlog=6477641b-710a-49ab-b56b-e0f600eb5c24@group-04E649E6EF01-SegmentedRaftLog:OPENED:c2, conf=1: [6477641b-710a-49ab-b56b-e0f600eb5c24|rpc:10.1.0.34:38417|dataStream:|priority:0, 44471f42-9a01-4764-8909-e7e02c044ebe|rpc:10.1.0.34:44109|dataStream:|priority:0, 9d6916e6-e933-4839-a7aa-b025ed7fd068|rpc:10.1.0.34:40543|dataStream:|priority:1], old=null RUNNING
2022-01-08 01:47:06,467 [Command processor thread] INFO  server.RaftServer$Division (RaftServerImpl.java:lambda$close$4(412)) - 6477641b-710a-49ab-b56b-e0f600eb5c24@group-04E649E6EF01: shutdown
2022-01-08 01:47:06,467 [Command processor thread] INFO  util.JmxRegister (JmxRegister.java:unregister(73)) - Successfully un-registered JMX Bean with object name Ratis:service=RaftServer,group=group-04E649E6EF01,id=6477641b-710a-49ab-b56b-e0f600eb5c24
2022-01-08 01:47:06,467 [Command processor thread] INFO  impl.RoleInfo (RoleInfo.java:shutdownFollowerState(108)) - 6477641b-710a-49ab-b56b-e0f600eb5c24: shutdown 6477641b-710a-49ab-b56b-e0f600eb5c24@group-04E649E6EF01-FollowerState
2022-01-08 01:47:06,467 [Command processor thread] INFO  impl.StateMachineUpdater (StateMachineUpdater.java:stopAndJoin(149)) - 6477641b-710a-49ab-b56b-e0f600eb5c24@group-04E649E6EF01-StateMachineUpdater: set stopIndex = 2
2022-01-08 01:47:06,467 [6477641b-710a-49ab-b56b-e0f600eb5c24@group-04E649E6EF01-FollowerState] INFO  impl.FollowerState (FollowerState.java:run(143)) - 6477641b-710a-49ab-b56b-e0f600eb5c24@group-04E649E6EF01-FollowerState was interrupted: {}
java.lang.InterruptedException: sleep interrupted
	at java.lang.Thread.sleep(Native Method)
	at java.lang.Thread.sleep(Thread.java:340)
	at java.util.concurrent.TimeUnit.sleep(TimeUnit.java:386)
	at org.apache.ratis.util.TimeDuration.sleep(TimeDuration.java:324)
	at org.apache.ratis.util.TimeDuration.sleep(TimeDuration.java:309)
	at org.apache.ratis.server.impl.FollowerState.run(FollowerState.java:118)
2022-01-08 01:47:06,468 [6477641b-710a-49ab-b56b-e0f600eb5c24@group-04E649E6EF01-StateMachineUpdater] INFO  ratis.ContainerStateMachine (ContainerStateMachine.java:takeSnapshot(299)) - group-04E649E6EF01: Taking a snapshot at:(t:3, i:2) file /home/runner/work/ozone/ozone/hadoop-ozone/integration-test/target/test-dir/MiniOzoneClusterImpl-6a132c25-3902-4d06-b1e4-79a7ed3e0f57/datanode-0/data/ratis/ebe7d31a-a166-4fb1-b6b3-04e649e6ef01/sm/snapshot.3_2
2022-01-08 01:47:06,469 [6477641b-710a-49ab-b56b-e0f600eb5c24@group-04E649E6EF01-StateMachineUpdater] INFO  ratis.ContainerStateMachine (ContainerStateMachine.java:takeSnapshot(310)) - group-04E649E6EF01: Finished taking a snapshot at:(t:3, i:2) file:/home/runner/work/ozone/ozone/hadoop-ozone/integration-test/target/test-dir/MiniOzoneClusterImpl-6a132c25-3902-4d06-b1e4-79a7ed3e0f57/datanode-0/data/ratis/ebe7d31a-a166-4fb1-b6b3-04e649e6ef01/sm/snapshot.3_2 took: 2 ms
2022-01-08 01:47:06,469 [6477641b-710a-49ab-b56b-e0f600eb5c24@group-04E649E6EF01-StateMachineUpdater] INFO  impl.StateMachineUpdater (StateMachineUpdater.java:takeSnapshot(281)) - 6477641b-710a-49ab-b56b-e0f600eb5c24@group-04E649E6EF01-StateMachineUpdater: Took a snapshot at index 2
2022-01-08 01:47:06,469 [6477641b-710a-49ab-b56b-e0f600eb5c24@group-04E649E6EF01-StateMachineUpdater] INFO  impl.StateMachineUpdater (StateMachineUpdater.java:lambda$new$0(89)) - 6477641b-710a-49ab-b56b-e0f600eb5c24@group-04E649E6EF01-StateMachineUpdater: snapshotIndex: updateIncreasingly -1 -> 2
2022-01-08 01:47:06,474 [Command processor thread] INFO  server.RaftServer$Division (ServerState.java:close(419)) - 6477641b-710a-49ab-b56b-e0f600eb5c24@group-04E649E6EF01: closes. applyIndex: 2
2022-01-08 01:47:06,474 [6477641b-710a-49ab-b56b-e0f600eb5c24@group-04E649E6EF01-SegmentedRaftLogWorker] INFO  segmented.SegmentedRaftLogWorker (SegmentedRaftLogWorker.java:run(327)) - 6477641b-710a-49ab-b56b-e0f600eb5c24@group-04E649E6EF01-SegmentedRaftLogWorker was interrupted, exiting. There are 0 tasks remaining in the queue.
2022-01-08 01:47:06,475 [Command processor thread] INFO  segmented.SegmentedRaftLogWorker (SegmentedRaftLogWorker.java:close(237)) - 6477641b-710a-49ab-b56b-e0f600eb5c24@group-04E649E6EF01-SegmentedRaftLogWorker close()
2022-01-08 01:47:06,492 [Command processor thread] INFO  server.RaftServer$Division (RaftServerImpl.java:groupRemove(382)) - 6477641b-710a-49ab-b56b-e0f600eb5c24@group-04E649E6EF01: Succeed to remove RaftStorageDirectory Storage Directory /home/runner/work/ozone/ozone/hadoop-ozone/integration-test/target/test-dir/MiniOzoneClusterImpl-6a132c25-3902-4d06-b1e4-79a7ed3e0f57/datanode-0/data/ratis/ebe7d31a-a166-4fb1-b6b3-04e649e6ef01
2022-01-08 01:47:06,493 [Command processor thread] INFO  commandhandler.ClosePipelineCommandHandler (ClosePipelineCommandHandler.java:handle(78)) - Close Pipeline PipelineID=ebe7d31a-a166-4fb1-b6b3-04e649e6ef01 command on datanode 6477641b-710a-49ab-b56b-e0f600eb5c24.
2022-01-08 01:47:06,508 [grpc-default-executor-1] WARN  server.GrpcLogAppender (LogUtils.java:warn(122)) - 44471f42-9a01-4764-8909-e7e02c044ebe@group-D4B31538E167->9d6916e6-e933-4839-a7aa-b025ed7fd068-AppendLogResponseHandler: Failed appendEntries: org.apache.ratis.thirdparty.io.grpc.StatusRuntimeException: UNAVAILABLE: io exception
2022-01-08 01:47:06,509 [grpc-default-executor-1] WARN  server.GrpcLogAppender (GrpcLogAppender.java:resetClient(110)) - 44471f42-9a01-4764-8909-e7e02c044ebe@group-D4B31538E167->9d6916e6-e933-4839-a7aa-b025ed7fd068-GrpcLogAppender: Leader has not got in touch with Follower 44471f42-9a01-4764-8909-e7e02c044ebe@group-D4B31538E167->9d6916e6-e933-4839-a7aa-b025ed7fd068(c0,m0,n1, attendVote=true, lastRpcSendTime=2502, lastRpcResponseTime=17545) yet, just keep nextIndex unchanged and retry.
2022-01-08 01:47:06,986 [46dea062-dbed-4f29-9927-38d96de780a1@group-225DCE1D33EE-FollowerState] INFO  impl.FollowerState (FollowerState.java:run(134)) - 46dea062-dbed-4f29-9927-38d96de780a1@group-225DCE1D33EE-FollowerState: change to CANDIDATE, lastRpcElapsedTime:5133276791ns, electionTimeout:5120ms
2022-01-08 01:47:06,986 [46dea062-dbed-4f29-9927-38d96de780a1@group-225DCE1D33EE-FollowerState] INFO  impl.RoleInfo (RoleInfo.java:shutdownFollowerState(108)) - 46dea062-dbed-4f29-9927-38d96de780a1: shutdown 46dea062-dbed-4f29-9927-38d96de780a1@group-225DCE1D33EE-FollowerState
2022-01-08 01:47:06,986 [46dea062-dbed-4f29-9927-38d96de780a1@group-225DCE1D33EE-FollowerState] INFO  server.RaftServer$Division (RaftServerImpl.java:setRole(290)) - 46dea062-dbed-4f29-9927-38d96de780a1@group-225DCE1D33EE: changes role from  FOLLOWER to CANDIDATE at term 4 for changeToCandidate
2022-01-08 01:47:06,986 [46dea062-dbed-4f29-9927-38d96de780a1@group-225DCE1D33EE-FollowerState] INFO  server.RaftServerConfigKeys (ConfUtils.java:logGet(44)) - raft.server.leaderelection.pre-vote = false (custom)
2022-01-08 01:47:06,986 [46dea062-dbed-4f29-9927-38d96de780a1@group-225DCE1D33EE-FollowerState] INFO  impl.RoleInfo (RoleInfo.java:updateAndGet(130)) - 46dea062-dbed-4f29-9927-38d96de780a1: start 46dea062-dbed-4f29-9927-38d96de780a1@group-225DCE1D33EE-LeaderElection98
2022-01-08 01:47:07,052 [46dea062-dbed-4f29-9927-38d96de780a1@group-225DCE1D33EE-LeaderElection98] INFO  impl.LeaderElection (LeaderElection.java:askForVotes(306)) - 46dea062-dbed-4f29-9927-38d96de780a1@group-225DCE1D33EE-LeaderElection98 ELECTION round 0: submit vote requests at term 5 for -1: [81a3d3bc-df93-482d-841e-57d386bb5ebf|rpc:10.1.0.34:40489|priority:1, a6c260a2-0fcb-4cbe-bb3c-7bbe6bc0f1a0|rpc:10.1.0.34:44223|priority:0, 46dea062-dbed-4f29-9927-38d96de780a1|rpc:10.1.0.34:40963|priority:0], old=null
2022-01-08 01:47:07,063 [grpc-default-executor-1] INFO  server.RaftServer$Division (RaftServerImpl.java:requestVote(1046)) - 81a3d3bc-df93-482d-841e-57d386bb5ebf@group-225DCE1D33EE: receive requestVote(ELECTION, 46dea062-dbed-4f29-9927-38d96de780a1, group-225DCE1D33EE, 5, (t:0, i:0))
2022-01-08 01:47:07,063 [grpc-default-executor-1] INFO  impl.VoteContext (VoteContext.java:log(48)) - 81a3d3bc-df93-482d-841e-57d386bb5ebf@group-225DCE1D33EE-FOLLOWER: reject ELECTION from 46dea062-dbed-4f29-9927-38d96de780a1: our priority 1 > candidate's priority 0
2022-01-08 01:47:07,063 [grpc-default-executor-1] INFO  server.RaftServer$Division (RaftServerImpl.java:setRole(290)) - 81a3d3bc-df93-482d-841e-57d386bb5ebf@group-225DCE1D33EE: changes role from  FOLLOWER to FOLLOWER at term 5 for candidate:46dea062-dbed-4f29-9927-38d96de780a1
2022-01-08 01:47:07,063 [grpc-default-executor-1] INFO  impl.RoleInfo (RoleInfo.java:shutdownFollowerState(108)) - 81a3d3bc-df93-482d-841e-57d386bb5ebf: shutdown 81a3d3bc-df93-482d-841e-57d386bb5ebf@group-225DCE1D33EE-FollowerState
2022-01-08 01:47:07,063 [grpc-default-executor-1] INFO  impl.RoleInfo (RoleInfo.java:updateAndGet(130)) - 81a3d3bc-df93-482d-841e-57d386bb5ebf: start 81a3d3bc-df93-482d-841e-57d386bb5ebf@group-225DCE1D33EE-FollowerState
2022-01-08 01:47:07,067 [81a3d3bc-df93-482d-841e-57d386bb5ebf@group-225DCE1D33EE-FollowerState] INFO  impl.FollowerState (FollowerState.java:run(143)) - 81a3d3bc-df93-482d-841e-57d386bb5ebf@group-225DCE1D33EE-FollowerState was interrupted: {}
java.lang.InterruptedException: sleep interrupted
	at java.lang.Thread.sleep(Native Method)
	at java.lang.Thread.sleep(Thread.java:340)
	at java.util.concurrent.TimeUnit.sleep(TimeUnit.java:386)
	at org.apache.ratis.util.TimeDuration.sleep(TimeDuration.java:324)
	at org.apache.ratis.util.TimeDuration.sleep(TimeDuration.java:309)
	at org.apache.ratis.server.impl.FollowerState.run(FollowerState.java:118)
2022-01-08 01:47:07,067 [grpc-default-executor-2] INFO  server.RaftServer$Division (RaftServerImpl.java:requestVote(1046)) - a6c260a2-0fcb-4cbe-bb3c-7bbe6bc0f1a0@group-225DCE1D33EE: receive requestVote(ELECTION, 46dea062-dbed-4f29-9927-38d96de780a1, group-225DCE1D33EE, 5, (t:0, i:0))
2022-01-08 01:47:07,090 [grpc-default-executor-2] INFO  impl.VoteContext (VoteContext.java:log(48)) - a6c260a2-0fcb-4cbe-bb3c-7bbe6bc0f1a0@group-225DCE1D33EE-FOLLOWER: accept ELECTION from 46dea062-dbed-4f29-9927-38d96de780a1: our priority 0 <= candidate's priority 0
2022-01-08 01:47:07,091 [grpc-default-executor-2] INFO  server.RaftServer$Division (RaftServerImpl.java:setRole(290)) - a6c260a2-0fcb-4cbe-bb3c-7bbe6bc0f1a0@group-225DCE1D33EE: changes role from  FOLLOWER to FOLLOWER at term 5 for candidate:46dea062-dbed-4f29-9927-38d96de780a1
2022-01-08 01:47:07,091 [grpc-default-executor-2] INFO  impl.RoleInfo (RoleInfo.java:shutdownFollowerState(108)) - a6c260a2-0fcb-4cbe-bb3c-7bbe6bc0f1a0: shutdown a6c260a2-0fcb-4cbe-bb3c-7bbe6bc0f1a0@group-225DCE1D33EE-FollowerState
2022-01-08 01:47:07,091 [grpc-default-executor-2] INFO  impl.RoleInfo (RoleInfo.java:updateAndGet(130)) - a6c260a2-0fcb-4cbe-bb3c-7bbe6bc0f1a0: start a6c260a2-0fcb-4cbe-bb3c-7bbe6bc0f1a0@group-225DCE1D33EE-FollowerState
2022-01-08 01:47:07,091 [a6c260a2-0fcb-4cbe-bb3c-7bbe6bc0f1a0@group-225DCE1D33EE-FollowerState] INFO  impl.FollowerState (FollowerState.java:run(143)) - a6c260a2-0fcb-4cbe-bb3c-7bbe6bc0f1a0@group-225DCE1D33EE-FollowerState was interrupted: {}
java.lang.InterruptedException: sleep interrupted
	at java.lang.Thread.sleep(Native Method)
	at java.lang.Thread.sleep(Thread.java:340)
	at java.util.concurrent.TimeUnit.sleep(TimeUnit.java:386)
	at org.apache.ratis.util.TimeDuration.sleep(TimeDuration.java:324)
	at org.apache.ratis.util.TimeDuration.sleep(TimeDuration.java:309)
	at org.apache.ratis.server.impl.FollowerState.run(FollowerState.java:118)
2022-01-08 01:47:07,094 [grpc-default-executor-2] INFO  server.RaftServer$Division (RaftServerImpl.java:requestVote(1078)) - a6c260a2-0fcb-4cbe-bb3c-7bbe6bc0f1a0@group-225DCE1D33EE replies to ELECTION vote request: 46dea062-dbed-4f29-9927-38d96de780a1<-a6c260a2-0fcb-4cbe-bb3c-7bbe6bc0f1a0#0:OK-t5. Peer's state: a6c260a2-0fcb-4cbe-bb3c-7bbe6bc0f1a0@group-225DCE1D33EE:t5, leader=null, voted=46dea062-dbed-4f29-9927-38d96de780a1, raftlog=a6c260a2-0fcb-4cbe-bb3c-7bbe6bc0f1a0@group-225DCE1D33EE-SegmentedRaftLog:OPENED:c-1, conf=-1: [81a3d3bc-df93-482d-841e-57d386bb5ebf|rpc:10.1.0.34:40489|priority:1, a6c260a2-0fcb-4cbe-bb3c-7bbe6bc0f1a0|rpc:10.1.0.34:44223|priority:0, 46dea062-dbed-4f29-9927-38d96de780a1|rpc:10.1.0.34:40963|priority:0], old=null
2022-01-08 01:47:07,119 [grpc-default-executor-1] INFO  server.RaftServer$Division (RaftServerImpl.java:requestVote(1078)) - 81a3d3bc-df93-482d-841e-57d386bb5ebf@group-225DCE1D33EE replies to ELECTION vote request: 46dea062-dbed-4f29-9927-38d96de780a1<-81a3d3bc-df93-482d-841e-57d386bb5ebf#0:FAIL-t5. Peer's state: 81a3d3bc-df93-482d-841e-57d386bb5ebf@group-225DCE1D33EE:t5, leader=null, voted=null, raftlog=81a3d3bc-df93-482d-841e-57d386bb5ebf@group-225DCE1D33EE-SegmentedRaftLog:OPENED:c-1, conf=-1: [81a3d3bc-df93-482d-841e-57d386bb5ebf|rpc:10.1.0.34:40489|priority:1, a6c260a2-0fcb-4cbe-bb3c-7bbe6bc0f1a0|rpc:10.1.0.34:44223|priority:0, 46dea062-dbed-4f29-9927-38d96de780a1|rpc:10.1.0.34:40963|priority:0], old=null
2022-01-08 01:47:07,120 [46dea062-dbed-4f29-9927-38d96de780a1@group-225DCE1D33EE-LeaderElection98] INFO  impl.LeaderElection (LeaderElection.java:logAndReturn(89)) - 46dea062-dbed-4f29-9927-38d96de780a1@group-225DCE1D33EE-LeaderElection98: ELECTION REJECTED received 2 response(s) and 0 exception(s):
2022-01-08 01:47:07,120 [46dea062-dbed-4f29-9927-38d96de780a1@group-225DCE1D33EE-LeaderElection98] INFO  impl.LeaderElection (LeaderElection.java:logAndReturn(93)) -   Response 0: 46dea062-dbed-4f29-9927-38d96de780a1<-81a3d3bc-df93-482d-841e-57d386bb5ebf#0:FAIL-t5
2022-01-08 01:47:07,120 [46dea062-dbed-4f29-9927-38d96de780a1@group-225DCE1D33EE-LeaderElection98] INFO  impl.LeaderElection (LeaderElection.java:logAndReturn(93)) -   Response 1: 46dea062-dbed-4f29-9927-38d96de780a1<-a6c260a2-0fcb-4cbe-bb3c-7bbe6bc0f1a0#0:OK-t5
2022-01-08 01:47:07,120 [46dea062-dbed-4f29-9927-38d96de780a1@group-225DCE1D33EE-LeaderElection98] INFO  impl.LeaderElection (LeaderElection.java:askForVotes(308)) - 46dea062-dbed-4f29-9927-38d96de780a1@group-225DCE1D33EE-LeaderElection98 ELECTION round 0: result REJECTED
2022-01-08 01:47:07,121 [46dea062-dbed-4f29-9927-38d96de780a1@group-225DCE1D33EE-LeaderElection98] INFO  server.RaftServer$Division (RaftServerImpl.java:setRole(290)) - 46dea062-dbed-4f29-9927-38d96de780a1@group-225DCE1D33EE: changes role from CANDIDATE to FOLLOWER at term 5 for REJECTED
2022-01-08 01:47:07,121 [46dea062-dbed-4f29-9927-38d96de780a1@group-225DCE1D33EE-LeaderElection98] INFO  impl.RoleInfo (RoleInfo.java:shutdownLeaderElection(121)) - 46dea062-dbed-4f29-9927-38d96de780a1: shutdown 46dea062-dbed-4f29-9927-38d96de780a1@group-225DCE1D33EE-LeaderElection98
2022-01-08 01:47:07,121 [46dea062-dbed-4f29-9927-38d96de780a1@group-225DCE1D33EE-LeaderElection98] INFO  impl.RoleInfo (RoleInfo.java:updateAndGet(130)) - 46dea062-dbed-4f29-9927-38d96de780a1: start 46dea062-dbed-4f29-9927-38d96de780a1@group-225DCE1D33EE-FollowerState
2022-01-08 01:47:07,369 [grpc-default-executor-1] WARN  server.GrpcLogAppender (LogUtils.java:warn(122)) - 44471f42-9a01-4764-8909-e7e02c044ebe@group-04E649E6EF01->9d6916e6-e933-4839-a7aa-b025ed7fd068-AppendLogResponseHandler: Failed appendEntries: org.apache.ratis.thirdparty.io.grpc.StatusRuntimeException: UNAVAILABLE: io exception
2022-01-08 01:47:07,370 [grpc-default-executor-1] WARN  server.GrpcLogAppender (GrpcLogAppender.java:resetClient(110)) - 44471f42-9a01-4764-8909-e7e02c044ebe@group-04E649E6EF01->9d6916e6-e933-4839-a7aa-b025ed7fd068-GrpcLogAppender: Leader has not got in touch with Follower 44471f42-9a01-4764-8909-e7e02c044ebe@group-04E649E6EF01->9d6916e6-e933-4839-a7aa-b025ed7fd068(c-1,m0,n3, attendVote=true, lastRpcSendTime=0, lastRpcResponseTime=12861) yet, just keep nextIndex unchanged and retry.
2022-01-08 01:47:07,777 [Command processor thread] INFO  server.RaftServer (RaftServerProxy.java:remove(106)) - 44471f42-9a01-4764-8909-e7e02c044ebe: remove  FOLLOWER 44471f42-9a01-4764-8909-e7e02c044ebe@group-AB80FE323EB3:t1, leader=6477641b-710a-49ab-b56b-e0f600eb5c24, voted=6477641b-710a-49ab-b56b-e0f600eb5c24, raftlog=44471f42-9a01-4764-8909-e7e02c044ebe@group-AB80FE323EB3-SegmentedRaftLog:OPENED:c0, conf=0: [6477641b-710a-49ab-b56b-e0f600eb5c24|rpc:10.1.0.34:38417|dataStream:|priority:1, 44471f42-9a01-4764-8909-e7e02c044ebe|rpc:10.1.0.34:44109|dataStream:|priority:0, 9d6916e6-e933-4839-a7aa-b025ed7fd068|rpc:10.1.0.34:40543|dataStream:|priority:0], old=null RUNNING
2022-01-08 01:47:07,777 [Command processor thread] INFO  server.RaftServer$Division (RaftServerImpl.java:lambda$close$4(412)) - 44471f42-9a01-4764-8909-e7e02c044ebe@group-AB80FE323EB3: shutdown
2022-01-08 01:47:07,778 [Command processor thread] INFO  util.JmxRegister (JmxRegister.java:unregister(73)) - Successfully un-registered JMX Bean with object name Ratis:service=RaftServer,group=group-AB80FE323EB3,id=44471f42-9a01-4764-8909-e7e02c044ebe
2022-01-08 01:47:07,778 [Command processor thread] INFO  impl.RoleInfo (RoleInfo.java:shutdownFollowerState(108)) - 44471f42-9a01-4764-8909-e7e02c044ebe: shutdown 44471f42-9a01-4764-8909-e7e02c044ebe@group-AB80FE323EB3-FollowerState
2022-01-08 01:47:07,778 [Command processor thread] INFO  impl.StateMachineUpdater (StateMachineUpdater.java:stopAndJoin(149)) - 44471f42-9a01-4764-8909-e7e02c044ebe@group-AB80FE323EB3-StateMachineUpdater: set stopIndex = 0
2022-01-08 01:47:07,778 [44471f42-9a01-4764-8909-e7e02c044ebe@group-AB80FE323EB3-FollowerState] INFO  impl.FollowerState (FollowerState.java:run(143)) - 44471f42-9a01-4764-8909-e7e02c044ebe@group-AB80FE323EB3-FollowerState was interrupted: {}
java.lang.InterruptedException: sleep interrupted
	at java.lang.Thread.sleep(Native Method)
	at java.lang.Thread.sleep(Thread.java:340)
	at java.util.concurrent.TimeUnit.sleep(TimeUnit.java:386)
	at org.apache.ratis.util.TimeDuration.sleep(TimeDuration.java:324)
	at org.apache.ratis.util.TimeDuration.sleep(TimeDuration.java:309)
	at org.apache.ratis.server.impl.FollowerState.run(FollowerState.java:118)
2022-01-08 01:47:07,778 [44471f42-9a01-4764-8909-e7e02c044ebe@group-AB80FE323EB3-StateMachineUpdater] INFO  ratis.ContainerStateMachine (ContainerStateMachine.java:takeSnapshot(299)) - group-AB80FE323EB3: Taking a snapshot at:(t:1, i:0) file /home/runner/work/ozone/ozone/hadoop-ozone/integration-test/target/test-dir/MiniOzoneClusterImpl-6a132c25-3902-4d06-b1e4-79a7ed3e0f57/datanode-2/data/ratis/f2ed03a6-aac7-4283-93ce-ab80fe323eb3/sm/snapshot.1_0
2022-01-08 01:47:07,781 [44471f42-9a01-4764-8909-e7e02c044ebe@group-AB80FE323EB3-StateMachineUpdater] INFO  ratis.ContainerStateMachine (ContainerStateMachine.java:takeSnapshot(310)) - group-AB80FE323EB3: Finished taking a snapshot at:(t:1, i:0) file:/home/runner/work/ozone/ozone/hadoop-ozone/integration-test/target/test-dir/MiniOzoneClusterImpl-6a132c25-3902-4d06-b1e4-79a7ed3e0f57/datanode-2/data/ratis/f2ed03a6-aac7-4283-93ce-ab80fe323eb3/sm/snapshot.1_0 took: 2 ms
2022-01-08 01:47:07,781 [44471f42-9a01-4764-8909-e7e02c044ebe@group-AB80FE323EB3-StateMachineUpdater] INFO  impl.StateMachineUpdater (StateMachineUpdater.java:takeSnapshot(281)) - 44471f42-9a01-4764-8909-e7e02c044ebe@group-AB80FE323EB3-StateMachineUpdater: Took a snapshot at index 0
2022-01-08 01:47:07,781 [44471f42-9a01-4764-8909-e7e02c044ebe@group-AB80FE323EB3-StateMachineUpdater] INFO  impl.StateMachineUpdater (StateMachineUpdater.java:lambda$new$0(89)) - 44471f42-9a01-4764-8909-e7e02c044ebe@group-AB80FE323EB3-StateMachineUpdater: snapshotIndex: updateIncreasingly -1 -> 0
2022-01-08 01:47:07,782 [Command processor thread] INFO  server.RaftServer$Division (ServerState.java:close(419)) - 44471f42-9a01-4764-8909-e7e02c044ebe@group-AB80FE323EB3: closes. applyIndex: 0
2022-01-08 01:47:07,782 [44471f42-9a01-4764-8909-e7e02c044ebe@group-AB80FE323EB3-SegmentedRaftLogWorker] INFO  segmented.SegmentedRaftLogWorker (SegmentedRaftLogWorker.java:run(327)) - 44471f42-9a01-4764-8909-e7e02c044ebe@group-AB80FE323EB3-SegmentedRaftLogWorker was interrupted, exiting. There are 0 tasks remaining in the queue.
2022-01-08 01:47:07,785 [Command processor thread] INFO  segmented.SegmentedRaftLogWorker (SegmentedRaftLogWorker.java:close(237)) - 44471f42-9a01-4764-8909-e7e02c044ebe@group-AB80FE323EB3-SegmentedRaftLogWorker close()
2022-01-08 01:47:07,791 [Command processor thread] INFO  server.RaftServer$Division (RaftServerImpl.java:groupRemove(382)) - 44471f42-9a01-4764-8909-e7e02c044ebe@group-AB80FE323EB3: Succeed to remove RaftStorageDirectory Storage Directory /home/runner/work/ozone/ozone/hadoop-ozone/integration-test/target/test-dir/MiniOzoneClusterImpl-6a132c25-3902-4d06-b1e4-79a7ed3e0f57/datanode-2/data/ratis/f2ed03a6-aac7-4283-93ce-ab80fe323eb3
2022-01-08 01:47:07,791 [Command processor thread] INFO  commandhandler.ClosePipelineCommandHandler (ClosePipelineCommandHandler.java:handle(78)) - Close Pipeline PipelineID=f2ed03a6-aac7-4283-93ce-ab80fe323eb3 command on datanode 44471f42-9a01-4764-8909-e7e02c044ebe.
2022-01-08 01:47:07,791 [Command processor thread] INFO  server.RaftServer (RaftServerProxy.java:remove(106)) - 44471f42-9a01-4764-8909-e7e02c044ebe: remove    LEADER 44471f42-9a01-4764-8909-e7e02c044ebe@group-D4B31538E167:t2, leader=44471f42-9a01-4764-8909-e7e02c044ebe, voted=44471f42-9a01-4764-8909-e7e02c044ebe, raftlog=44471f42-9a01-4764-8909-e7e02c044ebe@group-D4B31538E167-SegmentedRaftLog:OPENED:c0, conf=0: [6477641b-710a-49ab-b56b-e0f600eb5c24|rpc:10.1.0.34:38417|dataStream:|priority:0, 44471f42-9a01-4764-8909-e7e02c044ebe|rpc:10.1.0.34:44109|dataStream:|priority:1, 9d6916e6-e933-4839-a7aa-b025ed7fd068|rpc:10.1.0.34:40543|dataStream:|priority:0], old=null RUNNING
2022-01-08 01:47:07,791 [Command processor thread] INFO  server.RaftServer$Division (RaftServerImpl.java:lambda$close$4(412)) - 44471f42-9a01-4764-8909-e7e02c044ebe@group-D4B31538E167: shutdown
2022-01-08 01:47:07,791 [Command processor thread] INFO  util.JmxRegister (JmxRegister.java:unregister(73)) - Successfully un-registered JMX Bean with object name Ratis:service=RaftServer,group=group-D4B31538E167,id=44471f42-9a01-4764-8909-e7e02c044ebe
2022-01-08 01:47:07,791 [Command processor thread] INFO  impl.RoleInfo (RoleInfo.java:shutdownLeaderState(91)) - 44471f42-9a01-4764-8909-e7e02c044ebe: shutdown 44471f42-9a01-4764-8909-e7e02c044ebe@group-D4B31538E167-LeaderStateImpl
2022-01-08 01:47:07,792 [Command processor thread] INFO  impl.PendingRequests (PendingRequests.java:sendNotLeaderResponses(282)) - 44471f42-9a01-4764-8909-e7e02c044ebe@group-D4B31538E167-PendingRequests: sendNotLeaderResponses
2022-01-08 01:47:07,792 [Command processor thread] INFO  impl.StateMachineUpdater (StateMachineUpdater.java:stopAndJoin(149)) - 44471f42-9a01-4764-8909-e7e02c044ebe@group-D4B31538E167-StateMachineUpdater: set stopIndex = 0
2022-01-08 01:47:07,792 [44471f42-9a01-4764-8909-e7e02c044ebe@group-D4B31538E167-StateMachineUpdater] INFO  ratis.ContainerStateMachine (ContainerStateMachine.java:takeSnapshot(299)) - group-D4B31538E167: Taking a snapshot at:(t:2, i:0) file /home/runner/work/ozone/ozone/hadoop-ozone/integration-test/target/test-dir/MiniOzoneClusterImpl-6a132c25-3902-4d06-b1e4-79a7ed3e0f57/datanode-2/data/ratis/f6ab5375-c2fe-4a61-b67f-d4b31538e167/sm/snapshot.2_0
2022-01-08 01:47:07,794 [44471f42-9a01-4764-8909-e7e02c044ebe@group-D4B31538E167-StateMachineUpdater] INFO  ratis.ContainerStateMachine (ContainerStateMachine.java:takeSnapshot(310)) - group-D4B31538E167: Finished taking a snapshot at:(t:2, i:0) file:/home/runner/work/ozone/ozone/hadoop-ozone/integration-test/target/test-dir/MiniOzoneClusterImpl-6a132c25-3902-4d06-b1e4-79a7ed3e0f57/datanode-2/data/ratis/f6ab5375-c2fe-4a61-b67f-d4b31538e167/sm/snapshot.2_0 took: 1 ms
2022-01-08 01:47:07,794 [44471f42-9a01-4764-8909-e7e02c044ebe@group-D4B31538E167-StateMachineUpdater] INFO  impl.StateMachineUpdater (StateMachineUpdater.java:takeSnapshot(281)) - 44471f42-9a01-4764-8909-e7e02c044ebe@group-D4B31538E167-StateMachineUpdater: Took a snapshot at index 0
2022-01-08 01:47:07,794 [44471f42-9a01-4764-8909-e7e02c044ebe@group-D4B31538E167-StateMachineUpdater] INFO  impl.StateMachineUpdater (StateMachineUpdater.java:lambda$new$0(89)) - 44471f42-9a01-4764-8909-e7e02c044ebe@group-D4B31538E167-StateMachineUpdater: snapshotIndex: updateIncreasingly -1 -> 0
2022-01-08 01:47:07,794 [Command processor thread] INFO  server.RaftServer$Division (ServerState.java:close(419)) - 44471f42-9a01-4764-8909-e7e02c044ebe@group-D4B31538E167: closes. applyIndex: 0
2022-01-08 01:47:07,794 [44471f42-9a01-4764-8909-e7e02c044ebe@group-D4B31538E167-SegmentedRaftLogWorker] INFO  segmented.SegmentedRaftLogWorker (SegmentedRaftLogWorker.java:run(327)) - 44471f42-9a01-4764-8909-e7e02c044ebe@group-D4B31538E167-SegmentedRaftLogWorker was interrupted, exiting. There are 0 tasks remaining in the queue.
2022-01-08 01:47:07,799 [Command processor thread] INFO  segmented.SegmentedRaftLogWorker (SegmentedRaftLogWorker.java:close(237)) - 44471f42-9a01-4764-8909-e7e02c044ebe@group-D4B31538E167-SegmentedRaftLogWorker close()
2022-01-08 01:47:07,805 [Command processor thread] INFO  server.RaftServer$Division (RaftServerImpl.java:groupRemove(382)) - 44471f42-9a01-4764-8909-e7e02c044ebe@group-D4B31538E167: Succeed to remove RaftStorageDirectory Storage Directory /home/runner/work/ozone/ozone/hadoop-ozone/integration-test/target/test-dir/MiniOzoneClusterImpl-6a132c25-3902-4d06-b1e4-79a7ed3e0f57/datanode-2/data/ratis/f6ab5375-c2fe-4a61-b67f-d4b31538e167
2022-01-08 01:47:07,805 [Command processor thread] INFO  commandhandler.ClosePipelineCommandHandler (ClosePipelineCommandHandler.java:handle(78)) - Close Pipeline PipelineID=f6ab5375-c2fe-4a61-b67f-d4b31538e167 command on datanode 44471f42-9a01-4764-8909-e7e02c044ebe.
2022-01-08 01:47:07,805 [Command processor thread] INFO  server.RaftServer (RaftServerProxy.java:remove(106)) - 44471f42-9a01-4764-8909-e7e02c044ebe: remove    LEADER 44471f42-9a01-4764-8909-e7e02c044ebe@group-04E649E6EF01:t3, leader=44471f42-9a01-4764-8909-e7e02c044ebe, voted=44471f42-9a01-4764-8909-e7e02c044ebe, raftlog=44471f42-9a01-4764-8909-e7e02c044ebe@group-04E649E6EF01-SegmentedRaftLog:OPENED:c2, conf=1: [6477641b-710a-49ab-b56b-e0f600eb5c24|rpc:10.1.0.34:38417|dataStream:|priority:0, 44471f42-9a01-4764-8909-e7e02c044ebe|rpc:10.1.0.34:44109|dataStream:|priority:0, 9d6916e6-e933-4839-a7aa-b025ed7fd068|rpc:10.1.0.34:40543|dataStream:|priority:1], old=null RUNNING
2022-01-08 01:47:07,805 [Command processor thread] INFO  server.RaftServer$Division (RaftServerImpl.java:lambda$close$4(412)) - 44471f42-9a01-4764-8909-e7e02c044ebe@group-04E649E6EF01: shutdown
2022-01-08 01:47:07,805 [Command processor thread] INFO  util.JmxRegister (JmxRegister.java:unregister(73)) - Successfully un-registered JMX Bean with object name Ratis:service=RaftServer,group=group-04E649E6EF01,id=44471f42-9a01-4764-8909-e7e02c044ebe
2022-01-08 01:47:07,805 [Command processor thread] INFO  impl.RoleInfo (RoleInfo.java:shutdownLeaderState(91)) - 44471f42-9a01-4764-8909-e7e02c044ebe: shutdown 44471f42-9a01-4764-8909-e7e02c044ebe@group-04E649E6EF01-LeaderStateImpl
2022-01-08 01:47:07,806 [Command processor thread] INFO  impl.PendingRequests (PendingRequests.java:sendNotLeaderResponses(282)) - 44471f42-9a01-4764-8909-e7e02c044ebe@group-04E649E6EF01-PendingRequests: sendNotLeaderResponses
2022-01-08 01:47:07,809 [44471f42-9a01-4764-8909-e7e02c044ebe@group-D4B31538E167->6477641b-710a-49ab-b56b-e0f600eb5c24-GrpcLogAppender-LogAppenderDaemon] WARN  server.GrpcLogAppender (GrpcLogAppender.java:mayWait(177)) - 44471f42-9a01-4764-8909-e7e02c044ebe@group-D4B31538E167->6477641b-710a-49ab-b56b-e0f600eb5c24-GrpcLogAppender: Wait interrupted by java.lang.InterruptedException
2022-01-08 01:47:07,809 [44471f42-9a01-4764-8909-e7e02c044ebe@group-04E649E6EF01->6477641b-710a-49ab-b56b-e0f600eb5c24-GrpcLogAppender-LogAppenderDaemon] WARN  server.GrpcLogAppender (GrpcLogAppender.java:mayWait(177)) - 44471f42-9a01-4764-8909-e7e02c044ebe@group-04E649E6EF01->6477641b-710a-49ab-b56b-e0f600eb5c24-GrpcLogAppender: Wait interrupted by java.lang.InterruptedException
2022-01-08 01:47:07,810 [grpc-default-executor-1] INFO  server.GrpcServerProtocolService (GrpcServerProtocolService.java:onCompleted(140)) - 6477641b-710a-49ab-b56b-e0f600eb5c24: Completed APPEND_ENTRIES, lastRequest: 44471f42-9a01-4764-8909-e7e02c044ebe->6477641b-710a-49ab-b56b-e0f600eb5c24#1-t2,previous=(t:0, i:0),leaderCommit=0,initializing? true,entries: size=1, first=(t:2, i:0), CONFIGURATIONENTRY
2022-01-08 01:47:07,810 [grpc-default-executor-2] INFO  server.GrpcServerProtocolService (GrpcServerProtocolService.java:onCompleted(140)) - 6477641b-710a-49ab-b56b-e0f600eb5c24: Completed APPEND_ENTRIES, lastRequest: 44471f42-9a01-4764-8909-e7e02c044ebe->6477641b-710a-49ab-b56b-e0f600eb5c24#2-t3,previous=(t:3, i:1),leaderCommit=1,initializing? true,entries: size=1, first=(t:3, i:2), METADATAENTRY(c:1)
2022-01-08 01:47:07,811 [grpc-default-executor-1] INFO  server.GrpcLogAppender (GrpcLogAppender.java:onCompleted(346)) - 44471f42-9a01-4764-8909-e7e02c044ebe@group-D4B31538E167->6477641b-710a-49ab-b56b-e0f600eb5c24-AppendLogResponseHandler: follower responses appendEntries COMPLETED
2022-01-08 01:47:07,811 [grpc-default-executor-1] INFO  leader.FollowerInfo (FollowerInfoImpl.java:lambda$new$0(47)) - 44471f42-9a01-4764-8909-e7e02c044ebe@group-D4B31538E167->6477641b-710a-49ab-b56b-e0f600eb5c24: nextIndex: updateUnconditionally 1 -> 0
2022-01-08 01:47:07,811 [grpc-default-executor-1] INFO  server.GrpcLogAppender (GrpcLogAppender.java:onCompleted(346)) - 44471f42-9a01-4764-8909-e7e02c044ebe@group-04E649E6EF01->6477641b-710a-49ab-b56b-e0f600eb5c24-AppendLogResponseHandler: follower responses appendEntries COMPLETED
2022-01-08 01:47:07,811 [grpc-default-executor-1] INFO  leader.FollowerInfo (FollowerInfoImpl.java:lambda$new$0(47)) - 44471f42-9a01-4764-8909-e7e02c044ebe@group-04E649E6EF01->6477641b-710a-49ab-b56b-e0f600eb5c24: nextIndex: updateUnconditionally 3 -> 2
2022-01-08 01:47:07,813 [Command processor thread] INFO  impl.StateMachineUpdater (StateMachineUpdater.java:stopAndJoin(149)) - 44471f42-9a01-4764-8909-e7e02c044ebe@group-04E649E6EF01-StateMachineUpdater: set stopIndex = 2
2022-01-08 01:47:07,813 [44471f42-9a01-4764-8909-e7e02c044ebe@group-04E649E6EF01-StateMachineUpdater] INFO  ratis.ContainerStateMachine (ContainerStateMachine.java:takeSnapshot(299)) - group-04E649E6EF01: Taking a snapshot at:(t:3, i:2) file /home/runner/work/ozone/ozone/hadoop-ozone/integration-test/target/test-dir/MiniOzoneClusterImpl-6a132c25-3902-4d06-b1e4-79a7ed3e0f57/datanode-2/data/ratis/ebe7d31a-a166-4fb1-b6b3-04e649e6ef01/sm/snapshot.3_2
2022-01-08 01:47:07,814 [44471f42-9a01-4764-8909-e7e02c044ebe@group-D4B31538E167->9d6916e6-e933-4839-a7aa-b025ed7fd068-GrpcLogAppender-LogAppenderDaemon] ERROR leader.LogAppenderDaemon (LogAppenderDaemon.java:run(86)) - 44471f42-9a01-4764-8909-e7e02c044ebe@group-D4B31538E167->9d6916e6-e933-4839-a7aa-b025ed7fd068-GrpcLogAppender-LogAppenderDaemon failed
java.lang.IllegalArgumentException: 44471f42-9a01-4764-8909-e7e02c044ebe@group-D4B31538E167-SegmentedRaftLog is expected to be opened but it is CLOSED
	at org.apache.ratis.util.OpenCloseState.assertOpen(OpenCloseState.java:63)
	at org.apache.ratis.server.raftlog.RaftLogBase.checkLogState(RaftLogBase.java:107)
	at org.apache.ratis.server.raftlog.segmented.SegmentedRaftLog.getLastEntryTermIndex(SegmentedRaftLog.java:339)
	at org.apache.ratis.server.raftlog.RaftLog.getNextIndex(RaftLog.java:83)
	at org.apache.ratis.server.leader.LogAppenderBase.newAppendEntriesRequest(LogAppenderBase.java:138)
	at org.apache.ratis.grpc.server.GrpcLogAppender.appendLog(GrpcLogAppender.java:213)
	at org.apache.ratis.grpc.server.GrpcLogAppender.run(GrpcLogAppender.java:147)
	at org.apache.ratis.server.leader.LogAppenderDaemon.run(LogAppenderDaemon.java:77)
	at java.lang.Thread.run(Thread.java:748)
Caused by: org.apache.ratis.util.OpenCloseState$CloseTrace: Close 44471f42-9a01-4764-8909-e7e02c044ebe@group-D4B31538E167-SegmentedRaftLog
	at org.apache.ratis.util.OpenCloseState.lambda$close$1(OpenCloseState.java:109)
	at java.util.concurrent.atomic.AtomicReference.getAndUpdate(AtomicReference.java:160)
	at org.apache.ratis.util.OpenCloseState.close(OpenCloseState.java:109)
	at org.apache.ratis.server.raftlog.RaftLogBase.close(RaftLogBase.java:356)
	at org.apache.ratis.server.raftlog.segmented.SegmentedRaftLog.close(SegmentedRaftLog.java:505)
	at org.apache.ratis.server.impl.ServerState.close(ServerState.java:421)
	at org.apache.ratis.server.impl.RaftServerImpl.lambda$close$4(RaftServerImpl.java:434)
	at org.apache.ratis.util.LifeCycle.lambda$checkStateAndClose$4(LifeCycle.java:299)
	at org.apache.ratis.util.LifeCycle.checkStateAndClose(LifeCycle.java:319)
	at org.apache.ratis.util.LifeCycle.checkStateAndClose(LifeCycle.java:297)
	at org.apache.ratis.server.impl.RaftServerImpl.close(RaftServerImpl.java:411)
	at org.apache.ratis.server.impl.RaftServerImpl.groupRemove(RaftServerImpl.java:376)
	at org.apache.ratis.server.impl.RaftServerProxy.lambda$groupRemoveAsync$14(RaftServerProxy.java:507)
	at java.util.concurrent.CompletableFuture.uniApply(CompletableFuture.java:616)
	at java.util.concurrent.CompletableFuture.uniApplyStage(CompletableFuture.java:628)
	at java.util.concurrent.CompletableFuture.thenApply(CompletableFuture.java:1996)
	at org.apache.ratis.server.impl.RaftServerProxy.groupRemoveAsync(RaftServerProxy.java:506)
	at org.apache.ratis.server.impl.RaftServerProxy.groupManagementAsync(RaftServerProxy.java:460)
	at org.apache.ratis.server.impl.RaftServerProxy.groupManagement(RaftServerProxy.java:440)
	at org.apache.hadoop.ozone.container.common.transport.server.ratis.XceiverServerRatis.removeGroup(XceiverServerRatis.java:784)
	at org.apache.hadoop.ozone.container.common.statemachine.commandhandler.ClosePipelineCommandHandler.handle(ClosePipelineCommandHandler.java:77)
	at org.apache.hadoop.ozone.container.common.statemachine.commandhandler.CommandDispatcher.handle(CommandDispatcher.java:99)
	at org.apache.hadoop.ozone.container.common.statemachine.DatanodeStateMachine.lambda$initCommandHandlerThread$2(DatanodeStateMachine.java:567)
	... 1 more
2022-01-08 01:47:07,816 [44471f42-9a01-4764-8909-e7e02c044ebe@group-04E649E6EF01-StateMachineUpdater] INFO  ratis.ContainerStateMachine (ContainerStateMachine.java:takeSnapshot(310)) - group-04E649E6EF01: Finished taking a snapshot at:(t:3, i:2) file:/home/runner/work/ozone/ozone/hadoop-ozone/integration-test/target/test-dir/MiniOzoneClusterImpl-6a132c25-3902-4d06-b1e4-79a7ed3e0f57/datanode-2/data/ratis/ebe7d31a-a166-4fb1-b6b3-04e649e6ef01/sm/snapshot.3_2 took: 3 ms
2022-01-08 01:47:07,842 [44471f42-9a01-4764-8909-e7e02c044ebe@group-04E649E6EF01-StateMachineUpdater] INFO  impl.StateMachineUpdater (StateMachineUpdater.java:takeSnapshot(281)) - 44471f42-9a01-4764-8909-e7e02c044ebe@group-04E649E6EF01-StateMachineUpdater: Took a snapshot at index 2
2022-01-08 01:47:07,842 [44471f42-9a01-4764-8909-e7e02c044ebe@group-04E649E6EF01-StateMachineUpdater] INFO  impl.StateMachineUpdater (StateMachineUpdater.java:lambda$new$0(89)) - 44471f42-9a01-4764-8909-e7e02c044ebe@group-04E649E6EF01-StateMachineUpdater: snapshotIndex: updateIncreasingly -1 -> 2
2022-01-08 01:47:07,843 [Command processor thread] INFO  server.RaftServer$Division (ServerState.java:close(419)) - 44471f42-9a01-4764-8909-e7e02c044ebe@group-04E649E6EF01: closes. applyIndex: 2
2022-01-08 01:47:07,843 [44471f42-9a01-4764-8909-e7e02c044ebe@group-04E649E6EF01-SegmentedRaftLogWorker] INFO  segmented.SegmentedRaftLogWorker (SegmentedRaftLogWorker.java:run(327)) - 44471f42-9a01-4764-8909-e7e02c044ebe@group-04E649E6EF01-SegmentedRaftLogWorker was interrupted, exiting. There are 0 tasks remaining in the queue.
2022-01-08 01:47:07,864 [Command processor thread] INFO  segmented.SegmentedRaftLogWorker (SegmentedRaftLogWorker.java:close(237)) - 44471f42-9a01-4764-8909-e7e02c044ebe@group-04E649E6EF01-SegmentedRaftLogWorker close()
2022-01-08 01:47:07,876 [Command processor thread] INFO  server.RaftServer$Division (RaftServerImpl.java:groupRemove(382)) - 44471f42-9a01-4764-8909-e7e02c044ebe@group-04E649E6EF01: Succeed to remove RaftStorageDirectory Storage Directory /home/runner/work/ozone/ozone/hadoop-ozone/integration-test/target/test-dir/MiniOzoneClusterImpl-6a132c25-3902-4d06-b1e4-79a7ed3e0f57/datanode-2/data/ratis/ebe7d31a-a166-4fb1-b6b3-04e649e6ef01
2022-01-08 01:47:07,876 [Command processor thread] INFO  commandhandler.ClosePipelineCommandHandler (ClosePipelineCommandHandler.java:handle(78)) - Close Pipeline PipelineID=ebe7d31a-a166-4fb1-b6b3-04e649e6ef01 command on datanode 44471f42-9a01-4764-8909-e7e02c044ebe.
2022-01-08 01:47:12,168 [81a3d3bc-df93-482d-841e-57d386bb5ebf@group-225DCE1D33EE-FollowerState] INFO  impl.FollowerState (FollowerState.java:run(134)) - 81a3d3bc-df93-482d-841e-57d386bb5ebf@group-225DCE1D33EE-FollowerState: change to CANDIDATE, lastRpcElapsedTime:5104506201ns, electionTimeout:5049ms
2022-01-08 01:47:12,168 [81a3d3bc-df93-482d-841e-57d386bb5ebf@group-225DCE1D33EE-FollowerState] INFO  impl.RoleInfo (RoleInfo.java:shutdownFollowerState(108)) - 81a3d3bc-df93-482d-841e-57d386bb5ebf: shutdown 81a3d3bc-df93-482d-841e-57d386bb5ebf@group-225DCE1D33EE-FollowerState
2022-01-08 01:47:12,168 [81a3d3bc-df93-482d-841e-57d386bb5ebf@group-225DCE1D33EE-FollowerState] INFO  server.RaftServer$Division (RaftServerImpl.java:setRole(290)) - 81a3d3bc-df93-482d-841e-57d386bb5ebf@group-225DCE1D33EE: changes role from  FOLLOWER to CANDIDATE at term 5 for changeToCandidate
2022-01-08 01:47:12,168 [81a3d3bc-df93-482d-841e-57d386bb5ebf@group-225DCE1D33EE-FollowerState] INFO  server.RaftServerConfigKeys (ConfUtils.java:logGet(44)) - raft.server.leaderelection.pre-vote = false (custom)
2022-01-08 01:47:12,168 [81a3d3bc-df93-482d-841e-57d386bb5ebf@group-225DCE1D33EE-FollowerState] INFO  impl.RoleInfo (RoleInfo.java:updateAndGet(130)) - 81a3d3bc-df93-482d-841e-57d386bb5ebf: start 81a3d3bc-df93-482d-841e-57d386bb5ebf@group-225DCE1D33EE-LeaderElection99
2022-01-08 01:47:12,186 [81a3d3bc-df93-482d-841e-57d386bb5ebf@group-225DCE1D33EE-LeaderElection99] INFO  impl.LeaderElection (LeaderElection.java:askForVotes(306)) - 81a3d3bc-df93-482d-841e-57d386bb5ebf@group-225DCE1D33EE-LeaderElection99 ELECTION round 0: submit vote requests at term 6 for -1: [81a3d3bc-df93-482d-841e-57d386bb5ebf|rpc:10.1.0.34:40489|priority:1, a6c260a2-0fcb-4cbe-bb3c-7bbe6bc0f1a0|rpc:10.1.0.34:44223|priority:0, 46dea062-dbed-4f29-9927-38d96de780a1|rpc:10.1.0.34:40963|priority:0], old=null
2022-01-08 01:47:12,191 [grpc-default-executor-0] INFO  server.RaftServer$Division (RaftServerImpl.java:requestVote(1046)) - a6c260a2-0fcb-4cbe-bb3c-7bbe6bc0f1a0@group-225DCE1D33EE: receive requestVote(ELECTION, 81a3d3bc-df93-482d-841e-57d386bb5ebf, group-225DCE1D33EE, 6, (t:0, i:0))
2022-01-08 01:47:12,191 [grpc-default-executor-0] INFO  impl.VoteContext (VoteContext.java:log(48)) - a6c260a2-0fcb-4cbe-bb3c-7bbe6bc0f1a0@group-225DCE1D33EE-FOLLOWER: accept ELECTION from 81a3d3bc-df93-482d-841e-57d386bb5ebf: our priority 0 <= candidate's priority 1
2022-01-08 01:47:12,191 [grpc-default-executor-0] INFO  server.RaftServer$Division (RaftServerImpl.java:setRole(290)) - a6c260a2-0fcb-4cbe-bb3c-7bbe6bc0f1a0@group-225DCE1D33EE: changes role from  FOLLOWER to FOLLOWER at term 6 for candidate:81a3d3bc-df93-482d-841e-57d386bb5ebf
2022-01-08 01:47:12,191 [grpc-default-executor-0] INFO  impl.RoleInfo (RoleInfo.java:shutdownFollowerState(108)) - a6c260a2-0fcb-4cbe-bb3c-7bbe6bc0f1a0: shutdown a6c260a2-0fcb-4cbe-bb3c-7bbe6bc0f1a0@group-225DCE1D33EE-FollowerState
2022-01-08 01:47:12,194 [grpc-default-executor-0] INFO  impl.RoleInfo (RoleInfo.java:updateAndGet(130)) - a6c260a2-0fcb-4cbe-bb3c-7bbe6bc0f1a0: start a6c260a2-0fcb-4cbe-bb3c-7bbe6bc0f1a0@group-225DCE1D33EE-FollowerState
2022-01-08 01:47:12,194 [a6c260a2-0fcb-4cbe-bb3c-7bbe6bc0f1a0@group-225DCE1D33EE-FollowerState] INFO  impl.FollowerState (FollowerState.java:run(143)) - a6c260a2-0fcb-4cbe-bb3c-7bbe6bc0f1a0@group-225DCE1D33EE-FollowerState was interrupted: {}
java.lang.InterruptedException: sleep interrupted
	at java.lang.Thread.sleep(Native Method)
	at java.lang.Thread.sleep(Thread.java:340)
	at java.util.concurrent.TimeUnit.sleep(TimeUnit.java:386)
	at org.apache.ratis.util.TimeDuration.sleep(TimeDuration.java:324)
	at org.apache.ratis.util.TimeDuration.sleep(TimeDuration.java:309)
	at org.apache.ratis.server.impl.FollowerState.run(FollowerState.java:118)
2022-01-08 01:47:12,195 [grpc-default-executor-1] INFO  server.RaftServer$Division (RaftServerImpl.java:requestVote(1046)) - 46dea062-dbed-4f29-9927-38d96de780a1@group-225DCE1D33EE: receive requestVote(ELECTION, 81a3d3bc-df93-482d-841e-57d386bb5ebf, group-225DCE1D33EE, 6, (t:0, i:0))
2022-01-08 01:47:12,195 [grpc-default-executor-1] INFO  impl.VoteContext (VoteContext.java:log(48)) - 46dea062-dbed-4f29-9927-38d96de780a1@group-225DCE1D33EE-FOLLOWER: accept ELECTION from 81a3d3bc-df93-482d-841e-57d386bb5ebf: our priority 0 <= candidate's priority 1
2022-01-08 01:47:12,195 [grpc-default-executor-1] INFO  server.RaftServer$Division (RaftServerImpl.java:setRole(290)) - 46dea062-dbed-4f29-9927-38d96de780a1@group-225DCE1D33EE: changes role from  FOLLOWER to FOLLOWER at term 6 for candidate:81a3d3bc-df93-482d-841e-57d386bb5ebf
2022-01-08 01:47:12,195 [grpc-default-executor-1] INFO  impl.RoleInfo (RoleInfo.java:shutdownFollowerState(108)) - 46dea062-dbed-4f29-9927-38d96de780a1: shutdown 46dea062-dbed-4f29-9927-38d96de780a1@group-225DCE1D33EE-FollowerState
2022-01-08 01:47:12,196 [grpc-default-executor-1] INFO  impl.RoleInfo (RoleInfo.java:updateAndGet(130)) - 46dea062-dbed-4f29-9927-38d96de780a1: start 46dea062-dbed-4f29-9927-38d96de780a1@group-225DCE1D33EE-FollowerState
2022-01-08 01:47:12,196 [46dea062-dbed-4f29-9927-38d96de780a1@group-225DCE1D33EE-FollowerState] INFO  impl.FollowerState (FollowerState.java:run(143)) - 46dea062-dbed-4f29-9927-38d96de780a1@group-225DCE1D33EE-FollowerState was interrupted: {}
java.lang.InterruptedException: sleep interrupted
	at java.lang.Thread.sleep(Native Method)
	at java.lang.Thread.sleep(Thread.java:340)
	at java.util.concurrent.TimeUnit.sleep(TimeUnit.java:386)
	at org.apache.ratis.util.TimeDuration.sleep(TimeDuration.java:324)
	at org.apache.ratis.util.TimeDuration.sleep(TimeDuration.java:309)
	at org.apache.ratis.server.impl.FollowerState.run(FollowerState.java:118)
2022-01-08 01:47:12,219 [grpc-default-executor-0] INFO  server.RaftServer$Division (RaftServerImpl.java:requestVote(1078)) - a6c260a2-0fcb-4cbe-bb3c-7bbe6bc0f1a0@group-225DCE1D33EE replies to ELECTION vote request: 81a3d3bc-df93-482d-841e-57d386bb5ebf<-a6c260a2-0fcb-4cbe-bb3c-7bbe6bc0f1a0#0:OK-t6. Peer's state: a6c260a2-0fcb-4cbe-bb3c-7bbe6bc0f1a0@group-225DCE1D33EE:t6, leader=null, voted=81a3d3bc-df93-482d-841e-57d386bb5ebf, raftlog=a6c260a2-0fcb-4cbe-bb3c-7bbe6bc0f1a0@group-225DCE1D33EE-SegmentedRaftLog:OPENED:c-1, conf=-1: [81a3d3bc-df93-482d-841e-57d386bb5ebf|rpc:10.1.0.34:40489|priority:1, a6c260a2-0fcb-4cbe-bb3c-7bbe6bc0f1a0|rpc:10.1.0.34:44223|priority:0, 46dea062-dbed-4f29-9927-38d96de780a1|rpc:10.1.0.34:40963|priority:0], old=null
2022-01-08 01:47:12,221 [81a3d3bc-df93-482d-841e-57d386bb5ebf@group-225DCE1D33EE-LeaderElection99] INFO  impl.LeaderElection (LeaderElection.java:logAndReturn(89)) - 81a3d3bc-df93-482d-841e-57d386bb5ebf@group-225DCE1D33EE-LeaderElection99: ELECTION PASSED received 1 response(s) and 0 exception(s):
2022-01-08 01:47:12,221 [81a3d3bc-df93-482d-841e-57d386bb5ebf@group-225DCE1D33EE-LeaderElection99] INFO  impl.LeaderElection (LeaderElection.java:logAndReturn(93)) -   Response 0: 81a3d3bc-df93-482d-841e-57d386bb5ebf<-a6c260a2-0fcb-4cbe-bb3c-7bbe6bc0f1a0#0:OK-t6
2022-01-08 01:47:12,221 [81a3d3bc-df93-482d-841e-57d386bb5ebf@group-225DCE1D33EE-LeaderElection99] INFO  impl.LeaderElection (LeaderElection.java:askForVotes(308)) - 81a3d3bc-df93-482d-841e-57d386bb5ebf@group-225DCE1D33EE-LeaderElection99 ELECTION round 0: result PASSED
2022-01-08 01:47:12,221 [81a3d3bc-df93-482d-841e-57d386bb5ebf@group-225DCE1D33EE-LeaderElection99] INFO  impl.RoleInfo (RoleInfo.java:shutdownLeaderElection(121)) - 81a3d3bc-df93-482d-841e-57d386bb5ebf: shutdown 81a3d3bc-df93-482d-841e-57d386bb5ebf@group-225DCE1D33EE-LeaderElection99
2022-01-08 01:47:12,221 [81a3d3bc-df93-482d-841e-57d386bb5ebf@group-225DCE1D33EE-LeaderElection99] INFO  server.RaftServer$Division (RaftServerImpl.java:setRole(290)) - 81a3d3bc-df93-482d-841e-57d386bb5ebf@group-225DCE1D33EE: changes role from CANDIDATE to LEADER at term 6 for changeToLeader
2022-01-08 01:47:12,221 [81a3d3bc-df93-482d-841e-57d386bb5ebf@group-225DCE1D33EE-LeaderElection99] INFO  ratis.XceiverServerRatis (XceiverServerRatis.java:handleLeaderChangedNotification(866)) - Leader change notification received for group: group-225DCE1D33EE with new leaderId: 81a3d3bc-df93-482d-841e-57d386bb5ebf
2022-01-08 01:47:12,221 [grpc-default-executor-1] INFO  server.RaftServer$Division (RaftServerImpl.java:requestVote(1078)) - 46dea062-dbed-4f29-9927-38d96de780a1@group-225DCE1D33EE replies to ELECTION vote request: 81a3d3bc-df93-482d-841e-57d386bb5ebf<-46dea062-dbed-4f29-9927-38d96de780a1#0:OK-t6. Peer's state: 46dea062-dbed-4f29-9927-38d96de780a1@group-225DCE1D33EE:t6, leader=null, voted=81a3d3bc-df93-482d-841e-57d386bb5ebf, raftlog=46dea062-dbed-4f29-9927-38d96de780a1@group-225DCE1D33EE-SegmentedRaftLog:OPENED:c-1, conf=-1: [81a3d3bc-df93-482d-841e-57d386bb5ebf|rpc:10.1.0.34:40489|priority:1, a6c260a2-0fcb-4cbe-bb3c-7bbe6bc0f1a0|rpc:10.1.0.34:44223|priority:0, 46dea062-dbed-4f29-9927-38d96de780a1|rpc:10.1.0.34:40963|priority:0], old=null
2022-01-08 01:47:12,221 [81a3d3bc-df93-482d-841e-57d386bb5ebf@group-225DCE1D33EE-LeaderElection99] INFO  server.RaftServer$Division (ServerState.java:setLeader(285)) - 81a3d3bc-df93-482d-841e-57d386bb5ebf@group-225DCE1D33EE: change Leader from null to 81a3d3bc-df93-482d-841e-57d386bb5ebf at term 6 for becomeLeader, leader elected after 31384ms
2022-01-08 01:47:12,221 [81a3d3bc-df93-482d-841e-57d386bb5ebf@group-225DCE1D33EE-LeaderElection99] INFO  server.RaftServerConfigKeys (ConfUtils.java:logGet(44)) - raft.server.staging.catchup.gap = 1000 (default)
2022-01-08 01:47:12,221 [81a3d3bc-df93-482d-841e-57d386bb5ebf@group-225DCE1D33EE-LeaderElection99] INFO  server.RaftServerConfigKeys (ConfUtils.java:logGet(44)) - raft.server.write.element-limit = 1024 (custom)
2022-01-08 01:47:12,222 [81a3d3bc-df93-482d-841e-57d386bb5ebf@group-225DCE1D33EE-LeaderElection99] INFO  server.RaftServerConfigKeys (ConfUtils.java:logGet(44)) - raft.server.write.byte-limit = 1024 M (=1073741824) (custom)
2022-01-08 01:47:12,222 [81a3d3bc-df93-482d-841e-57d386bb5ebf@group-225DCE1D33EE-LeaderElection99] INFO  server.RaftServerConfigKeys (ConfUtils.java:logGet(44)) - raft.server.watch.timeout = 3000ms (custom)
2022-01-08 01:47:12,222 [81a3d3bc-df93-482d-841e-57d386bb5ebf@group-225DCE1D33EE-LeaderElection99] INFO  server.RaftServerConfigKeys (ConfUtils.java:logGet(44)) - raft.server.watch.timeout.denomination = 1s (default)
2022-01-08 01:47:12,222 [81a3d3bc-df93-482d-841e-57d386bb5ebf@group-225DCE1D33EE-LeaderElection99] INFO  server.RaftServerConfigKeys (ConfUtils.java:logGet(44)) - raft.server.watch.element-limit = 65536 (default)
2022-01-08 01:47:12,222 [81a3d3bc-df93-482d-841e-57d386bb5ebf@group-225DCE1D33EE-LeaderElection99] INFO  server.RaftServerConfigKeys (ConfUtils.java:logGet(44)) - raft.server.write.element-limit = 1024 (custom)
2022-01-08 01:47:12,222 [81a3d3bc-df93-482d-841e-57d386bb5ebf@group-225DCE1D33EE-LeaderElection99] INFO  server.RaftServerConfigKeys (ConfUtils.java:logGet(44)) - raft.server.write.follower.gap.ratio.max = -1.0 (default)
2022-01-08 01:47:12,222 [81a3d3bc-df93-482d-841e-57d386bb5ebf@group-225DCE1D33EE-LeaderElection99] INFO  server.RaftServerConfigKeys (ConfUtils.java:logGet(44)) - raft.server.log.appender.snapshot.chunk.size.max = 16MB (=16777216) (default)
2022-01-08 01:47:12,222 [81a3d3bc-df93-482d-841e-57d386bb5ebf@group-225DCE1D33EE-LeaderElection99] INFO  server.RaftServerConfigKeys (ConfUtils.java:logGet(44)) - raft.server.log.appender.buffer.byte-limit = 33554432 (custom)
2022-01-08 01:47:12,222 [81a3d3bc-df93-482d-841e-57d386bb5ebf@group-225DCE1D33EE-LeaderElection99] INFO  server.RaftServerConfigKeys (ConfUtils.java:logGet(44)) - raft.server.log.appender.buffer.element-limit = 1 (custom)
2022-01-08 01:47:12,224 [EventQueue-PipelineReportForPipelineReportHandler] INFO  pipeline.PipelineManagerImpl (PipelineManagerImpl.java:openPipeline(291)) - Pipeline Pipeline[ Id: f15b3aaa-cebb-4a2e-9180-225dce1d33ee, Nodes: 81a3d3bc-df93-482d-841e-57d386bb5ebf{ip: 10.1.0.34, host: fv-az116-279.vzw04321ajxubdbcnpick5nqva.xx.internal.cloudapp.net, ports: [REPLICATION=40371, RATIS=40489, RATIS_ADMIN=40489, RATIS_SERVER=40489, STANDALONE=35775], networkLocation: /default-rack, certSerialId: null, persistedOpState: IN_SERVICE, persistedOpStateExpiryEpochSec: 0}46dea062-dbed-4f29-9927-38d96de780a1{ip: 10.1.0.34, host: fv-az116-279.vzw04321ajxubdbcnpick5nqva.xx.internal.cloudapp.net, ports: [REPLICATION=42195, RATIS=40963, RATIS_ADMIN=40963, RATIS_SERVER=40963, STANDALONE=39759], networkLocation: /default-rack, certSerialId: null, persistedOpState: IN_SERVICE, persistedOpStateExpiryEpochSec: 0}a6c260a2-0fcb-4cbe-bb3c-7bbe6bc0f1a0{ip: 10.1.0.34, host: fv-az116-279.vzw04321ajxubdbcnpick5nqva.xx.internal.cloudapp.net, ports: [REPLICATION=46817, RATIS=44223, RATIS_ADMIN=44223, RATIS_SERVER=44223, STANDALONE=36635], networkLocation: /default-rack, certSerialId: null, persistedOpState: IN_SERVICE, persistedOpStateExpiryEpochSec: 0}, ReplicationConfig: RATIS/THREE, State:ALLOCATED, leaderId:81a3d3bc-df93-482d-841e-57d386bb5ebf, CreationTimestamp2022-01-08T01:46:37.657Z[Etc/UTC]] moved to OPEN state
2022-01-08 01:47:12,225 [81a3d3bc-df93-482d-841e-57d386bb5ebf@group-225DCE1D33EE-LeaderElection99] INFO  grpc.GrpcConfigKeys (ConfUtils.java:logGet(44)) - raft.grpc.server.leader.outstanding.appends.max = 128 (default)
2022-01-08 01:47:12,225 [81a3d3bc-df93-482d-841e-57d386bb5ebf@group-225DCE1D33EE-LeaderElection99] INFO  server.RaftServerConfigKeys (ConfUtils.java:logGet(44)) - raft.server.rpc.request.timeout = 3000ms (default)
2022-01-08 01:47:12,225 [81a3d3bc-df93-482d-841e-57d386bb5ebf@group-225DCE1D33EE-LeaderElection99] INFO  server.RaftServerConfigKeys (ConfUtils.java:logGet(44)) - raft.server.log.appender.install.snapshot.enabled = false (custom)
2022-01-08 01:47:12,226 [81a3d3bc-df93-482d-841e-57d386bb5ebf@group-225DCE1D33EE-LeaderElection99] INFO  server.RaftServerConfigKeys (ConfUtils.java:logGet(44)) - raft.server.log.appender.snapshot.chunk.size.max = 16MB (=16777216) (default)
2022-01-08 01:47:12,226 [81a3d3bc-df93-482d-841e-57d386bb5ebf@group-225DCE1D33EE-LeaderElection99] INFO  server.RaftServerConfigKeys (ConfUtils.java:logGet(44)) - raft.server.log.appender.buffer.byte-limit = 33554432 (custom)
2022-01-08 01:47:12,226 [81a3d3bc-df93-482d-841e-57d386bb5ebf@group-225DCE1D33EE-LeaderElection99] INFO  server.RaftServerConfigKeys (ConfUtils.java:logGet(44)) - raft.server.log.appender.buffer.element-limit = 1 (custom)
2022-01-08 01:47:12,226 [81a3d3bc-df93-482d-841e-57d386bb5ebf@group-225DCE1D33EE-LeaderElection99] INFO  grpc.GrpcConfigKeys (ConfUtils.java:logGet(44)) - raft.grpc.server.leader.outstanding.appends.max = 128 (default)
2022-01-08 01:47:12,226 [81a3d3bc-df93-482d-841e-57d386bb5ebf@group-225DCE1D33EE-LeaderElection99] INFO  server.RaftServerConfigKeys (ConfUtils.java:logGet(44)) - raft.server.rpc.request.timeout = 3000ms (default)
2022-01-08 01:47:12,226 [81a3d3bc-df93-482d-841e-57d386bb5ebf@group-225DCE1D33EE-LeaderElection99] INFO  server.RaftServerConfigKeys (ConfUtils.java:logGet(44)) - raft.server.log.appender.install.snapshot.enabled = false (custom)
2022-01-08 01:47:12,227 [81a3d3bc-df93-482d-841e-57d386bb5ebf@group-225DCE1D33EE-LeaderElection99] INFO  impl.RoleInfo (RoleInfo.java:updateAndGet(130)) - 81a3d3bc-df93-482d-841e-57d386bb5ebf: start 81a3d3bc-df93-482d-841e-57d386bb5ebf@group-225DCE1D33EE-LeaderStateImpl
2022-01-08 01:47:12,228 [81a3d3bc-df93-482d-841e-57d386bb5ebf@group-225DCE1D33EE-LeaderElection99] INFO  segmented.SegmentedRaftLogWorker (SegmentedRaftLogWorker.java:startLogSegment(394)) - 81a3d3bc-df93-482d-841e-57d386bb5ebf@group-225DCE1D33EE-SegmentedRaftLogWorker: Starting segment from index:0
2022-01-08 01:47:12,230 [81a3d3bc-df93-482d-841e-57d386bb5ebf@group-225DCE1D33EE-SegmentedRaftLogWorker] INFO  segmented.SegmentedRaftLogWorker (SegmentedRaftLogWorker.java:execute(601)) - 81a3d3bc-df93-482d-841e-57d386bb5ebf@group-225DCE1D33EE-SegmentedRaftLogWorker: created new log segment /home/runner/work/ozone/ozone/hadoop-ozone/integration-test/target/test-dir/MiniOzoneClusterImpl-6a132c25-3902-4d06-b1e4-79a7ed3e0f57/datanode-5/data/ratis/f15b3aaa-cebb-4a2e-9180-225dce1d33ee/current/log_inprogress_0
2022-01-08 01:47:12,235 [grpc-default-executor-1] INFO  ratis.XceiverServerRatis (XceiverServerRatis.java:handleLeaderChangedNotification(866)) - Leader change notification received for group: group-225DCE1D33EE with new leaderId: 81a3d3bc-df93-482d-841e-57d386bb5ebf
2022-01-08 01:47:12,235 [grpc-default-executor-1] INFO  server.RaftServer$Division (ServerState.java:setLeader(285)) - 46dea062-dbed-4f29-9927-38d96de780a1@group-225DCE1D33EE: change Leader from null to 81a3d3bc-df93-482d-841e-57d386bb5ebf at term 6 for appendEntries, leader elected after 31395ms
2022-01-08 01:47:12,242 [81a3d3bc-df93-482d-841e-57d386bb5ebf@group-225DCE1D33EE-LeaderElection99] INFO  server.RaftServer$Division (ServerState.java:setRaftConf(387)) - 81a3d3bc-df93-482d-841e-57d386bb5ebf@group-225DCE1D33EE: set configuration 0: [81a3d3bc-df93-482d-841e-57d386bb5ebf|rpc:10.1.0.34:40489|dataStream:|priority:1, a6c260a2-0fcb-4cbe-bb3c-7bbe6bc0f1a0|rpc:10.1.0.34:44223|dataStream:|priority:0, 46dea062-dbed-4f29-9927-38d96de780a1|rpc:10.1.0.34:40963|dataStream:|priority:0], old=null
2022-01-08 01:47:12,248 [grpc-default-executor-0] INFO  ratis.XceiverServerRatis (XceiverServerRatis.java:handleLeaderChangedNotification(866)) - Leader change notification received for group: group-225DCE1D33EE with new leaderId: 81a3d3bc-df93-482d-841e-57d386bb5ebf
2022-01-08 01:47:12,248 [grpc-default-executor-0] INFO  server.RaftServer$Division (ServerState.java:setLeader(285)) - a6c260a2-0fcb-4cbe-bb3c-7bbe6bc0f1a0@group-225DCE1D33EE: change Leader from null to 81a3d3bc-df93-482d-841e-57d386bb5ebf at term 6 for appendEntries, leader elected after 31410ms
2022-01-08 01:47:12,257 [grpc-default-executor-0] INFO  server.RaftServer$Division (ServerState.java:setRaftConf(387)) - a6c260a2-0fcb-4cbe-bb3c-7bbe6bc0f1a0@group-225DCE1D33EE: set configuration 0: [81a3d3bc-df93-482d-841e-57d386bb5ebf|rpc:10.1.0.34:40489|dataStream:|priority:1, a6c260a2-0fcb-4cbe-bb3c-7bbe6bc0f1a0|rpc:10.1.0.34:44223|dataStream:|priority:0, 46dea062-dbed-4f29-9927-38d96de780a1|rpc:10.1.0.34:40963|dataStream:|priority:0], old=null
2022-01-08 01:47:12,257 [grpc-default-executor-0] INFO  segmented.SegmentedRaftLogWorker (SegmentedRaftLogWorker.java:startLogSegment(394)) - a6c260a2-0fcb-4cbe-bb3c-7bbe6bc0f1a0@group-225DCE1D33EE-SegmentedRaftLogWorker: Starting segment from index:0
2022-01-08 01:47:12,263 [a6c260a2-0fcb-4cbe-bb3c-7bbe6bc0f1a0@group-225DCE1D33EE-SegmentedRaftLogWorker] INFO  segmented.SegmentedRaftLogWorker (SegmentedRaftLogWorker.java:execute(601)) - a6c260a2-0fcb-4cbe-bb3c-7bbe6bc0f1a0@group-225DCE1D33EE-SegmentedRaftLogWorker: created new log segment /home/runner/work/ozone/ozone/hadoop-ozone/integration-test/target/test-dir/MiniOzoneClusterImpl-6a132c25-3902-4d06-b1e4-79a7ed3e0f57/datanode-4/data/ratis/f15b3aaa-cebb-4a2e-9180-225dce1d33ee/current/log_inprogress_0
2022-01-08 01:47:12,280 [grpc-default-executor-0] INFO  server.RaftServer$Division (ServerState.java:setRaftConf(387)) - 46dea062-dbed-4f29-9927-38d96de780a1@group-225DCE1D33EE: set configuration 0: [81a3d3bc-df93-482d-841e-57d386bb5ebf|rpc:10.1.0.34:40489|dataStream:|priority:1, a6c260a2-0fcb-4cbe-bb3c-7bbe6bc0f1a0|rpc:10.1.0.34:44223|dataStream:|priority:0, 46dea062-dbed-4f29-9927-38d96de780a1|rpc:10.1.0.34:40963|dataStream:|priority:0], old=null
2022-01-08 01:47:12,280 [grpc-default-executor-0] INFO  segmented.SegmentedRaftLogWorker (SegmentedRaftLogWorker.java:startLogSegment(394)) - 46dea062-dbed-4f29-9927-38d96de780a1@group-225DCE1D33EE-SegmentedRaftLogWorker: Starting segment from index:0
2022-01-08 01:47:12,295 [46dea062-dbed-4f29-9927-38d96de780a1@group-225DCE1D33EE-SegmentedRaftLogWorker] INFO  segmented.SegmentedRaftLogWorker (SegmentedRaftLogWorker.java:execute(601)) - 46dea062-dbed-4f29-9927-38d96de780a1@group-225DCE1D33EE-SegmentedRaftLogWorker: created new log segment /home/runner/work/ozone/ozone/hadoop-ozone/integration-test/target/test-dir/MiniOzoneClusterImpl-6a132c25-3902-4d06-b1e4-79a7ed3e0f57/datanode-3/data/ratis/f15b3aaa-cebb-4a2e-9180-225dce1d33ee/current/log_inprogress_0
2022-01-08 01:47:27,835 [Listener at 127.0.0.1/40645] WARN  io.KeyOutputStream (KeyOutputStream.java:handleException(310)) - Encountered exception java.io.IOException: Unexpected Storage Container Exception: java.util.concurrent.CompletionException: Failed to write chunk 109611004723200001_chunk_6 into block conID: 1 locID: 109611004723200001 bcsId: 9 on the pipeline Pipeline[ Id: 3c427e93-4362-4243-92cd-f33b4351ac6e, Nodes: 9d6916e6-e933-4839-a7aa-b025ed7fd068{ip: 10.1.0.34, host: fv-az116-279.vzw04321ajxubdbcnpick5nqva.xx.internal.cloudapp.net, ports: [REPLICATION=45495, RATIS=40543, RATIS_ADMIN=40543, RATIS_SERVER=40543, STANDALONE=40997], networkLocation: /default-rack, certSerialId: null, persistedOpState: IN_SERVICE, persistedOpStateExpiryEpochSec: 0}, ReplicationConfig: RATIS/ONE, State:OPEN, leaderId:9d6916e6-e933-4839-a7aa-b025ed7fd068, CreationTimestamp2022-01-08T01:46:35.984Z[Etc/UTC]]. The last committed block length is 500, uncommitted data length is 300 retry count 0
2022-01-08 01:47:28,341 [Listener at 127.0.0.1/40645] WARN  impl.MetricRegistriesImpl (MetricRegistriesImpl.java:addReporterRegistration(111)) - New reporters are added after registries were created. Some metrics will be missing from the reporter. Please add reporter before adding any new registry.
2022-01-08 01:47:28,341 [Listener at 127.0.0.1/40645] WARN  impl.MetricRegistriesImpl (MetricRegistriesImpl.java:addReporterRegistration(111)) - New reporters are added after registries were created. Some metrics will be missing from the reporter. Please add reporter before adding any new registry.
2022-01-08 01:47:28,341 [Listener at 127.0.0.1/40645] INFO  impl.MetricsSystemImpl (MetricsSystemImpl.java:init(158)) - HddsDatanode metrics system started (again)
2022-01-08 01:47:28,381 [Listener at 127.0.0.1/40645] INFO  ozone.HddsDatanodeService (HddsDatanodeService.java:start(234)) - HddsDatanodeService host:fv-az116-279.vzw04321ajxubdbcnpick5nqva.xx.internal.cloudapp.net ip:10.1.0.34
2022-01-08 01:47:28,402 [Listener at 127.0.0.1/40645] INFO  upgrade.AbstractLayoutVersionManager (AbstractLayoutVersionManager.java:init(79)) - Initializing Layout version manager with metadata layout = SCM_HA (version = 2), software layout = SCM_HA (version = 2)
2022-01-08 01:47:28,452 [Listener at 127.0.0.1/40645] INFO  reflections.Reflections (Reflections.java:scan(232)) - Reflections took 49 ms to scan 7 urls, producing 119 keys and 279 values 
2022-01-08 01:47:28,457 [Listener at 127.0.0.1/40645] INFO  statemachine.DatanodeStateMachine (DatanodeStateMachine.java:getEndPointTaskThreadPoolSize(219)) - Datanode State Machine Task Thread Pool size 2
2022-01-08 01:47:28,464 [Listener at 127.0.0.1/40645] INFO  volume.HddsVolume (HddsVolume.java:<init>(120)) - Creating HddsVolume: /home/runner/work/ozone/ozone/hadoop-ozone/integration-test/target/test-dir/MiniOzoneClusterImpl-6a132c25-3902-4d06-b1e4-79a7ed3e0f57/datanode-1/data-0/containers/hdds of storage type : DISK capacity : 9223372036854775807
2022-01-08 01:47:28,465 [Listener at 127.0.0.1/40645] INFO  volume.MutableVolumeSet (MutableVolumeSet.java:initializeVolumeSet(168)) - Added Volume : /home/runner/work/ozone/ozone/hadoop-ozone/integration-test/target/test-dir/MiniOzoneClusterImpl-6a132c25-3902-4d06-b1e4-79a7ed3e0f57/datanode-1/data-0/containers/hdds to VolumeSet
2022-01-08 01:47:28,465 [Listener at 127.0.0.1/40645] INFO  volume.ThrottledAsyncChecker (ThrottledAsyncChecker.java:schedule(141)) - Scheduling a check for /home/runner/work/ozone/ozone/hadoop-ozone/integration-test/target/test-dir/MiniOzoneClusterImpl-6a132c25-3902-4d06-b1e4-79a7ed3e0f57/datanode-1/data-0/containers/hdds
2022-01-08 01:47:28,465 [Listener at 127.0.0.1/40645] INFO  volume.StorageVolumeChecker (StorageVolumeChecker.java:checkAllVolumes(202)) - Scheduled health check for volume /home/runner/work/ozone/ozone/hadoop-ozone/integration-test/target/test-dir/MiniOzoneClusterImpl-6a132c25-3902-4d06-b1e4-79a7ed3e0f57/datanode-1/data-0/containers/hdds
2022-01-08 01:47:28,478 [Listener at 127.0.0.1/40645] INFO  volume.MutableVolumeSet (MutableVolumeSet.java:initializeVolumeSet(168)) - Added Volume : /home/runner/work/ozone/ozone/hadoop-ozone/integration-test/target/test-dir/MiniOzoneClusterImpl-6a132c25-3902-4d06-b1e4-79a7ed3e0f57/datanode-1/data/ratis to VolumeSet
2022-01-08 01:47:28,478 [Listener at 127.0.0.1/40645] INFO  volume.ThrottledAsyncChecker (ThrottledAsyncChecker.java:schedule(141)) - Scheduling a check for /home/runner/work/ozone/ozone/hadoop-ozone/integration-test/target/test-dir/MiniOzoneClusterImpl-6a132c25-3902-4d06-b1e4-79a7ed3e0f57/datanode-1/data/ratis
2022-01-08 01:47:28,478 [Listener at 127.0.0.1/40645] INFO  volume.StorageVolumeChecker (StorageVolumeChecker.java:checkAllVolumes(202)) - Scheduled health check for volume /home/runner/work/ozone/ozone/hadoop-ozone/integration-test/target/test-dir/MiniOzoneClusterImpl-6a132c25-3902-4d06-b1e4-79a7ed3e0f57/datanode-1/data/ratis
2022-01-08 01:47:28,491 [Thread-2148] INFO  ozoneimpl.ContainerReader (ContainerReader.java:readVolume(142)) - Start to verify containers on volume /home/runner/work/ozone/ozone/hadoop-ozone/integration-test/target/test-dir/MiniOzoneClusterImpl-6a132c25-3902-4d06-b1e4-79a7ed3e0f57/datanode-1/data-0/containers/hdds
2022-01-08 01:47:28,511 [Thread-2148] INFO  ozoneimpl.ContainerReader (ContainerReader.java:readVolume(172)) - Finish verifying containers on volume /home/runner/work/ozone/ozone/hadoop-ozone/integration-test/target/test-dir/MiniOzoneClusterImpl-6a132c25-3902-4d06-b1e4-79a7ed3e0f57/datanode-1/data-0/containers/hdds
2022-01-08 01:47:28,515 [Listener at 127.0.0.1/40645] INFO  ozoneimpl.OzoneContainer (OzoneContainer.java:buildContainerSet(237)) - Build ContainerSet costs 0s
2022-01-08 01:47:28,516 [Listener at 127.0.0.1/40645] INFO  server.RaftServer (ConfUtils.java:logGet(44)) - raft.rpc.type = GRPC (default)
2022-01-08 01:47:28,516 [Listener at 127.0.0.1/40645] INFO  grpc.GrpcFactory (GrpcFactory.java:checkPooledByteBufAllocatorUseCacheForAllThreads(48)) - PERFORMANCE WARNING: useCacheForAllThreads is true that may cause Netty to create a lot garbage objects and, as a result, trigger GC.
	It is recommended to disable useCacheForAllThreads by setting -Dorg.apache.ratis.thirdparty.io.netty.allocator.useCacheForAllThreads=false in command line.
2022-01-08 01:47:28,517 [Listener at 127.0.0.1/40645] INFO  grpc.GrpcConfigKeys (ConfUtils.java:logGet(44)) - raft.grpc.admin.port = 40543 (custom)
2022-01-08 01:47:28,517 [Listener at 127.0.0.1/40645] INFO  grpc.GrpcConfigKeys (ConfUtils.java:logGet(44)) - raft.grpc.client.port = 40543 (custom)
2022-01-08 01:47:28,517 [Listener at 127.0.0.1/40645] INFO  grpc.GrpcConfigKeys (ConfUtils.java:logGet(44)) - raft.grpc.server.port = 40543 (custom)
2022-01-08 01:47:28,517 [Listener at 127.0.0.1/40645] INFO  server.GrpcService (ConfUtils.java:logGet(44)) - raft.grpc.message.size.max = 32MB (=33554432) (custom)
2022-01-08 01:47:28,517 [Listener at 127.0.0.1/40645] INFO  server.RaftServerConfigKeys (ConfUtils.java:logGet(44)) - raft.server.log.appender.buffer.byte-limit = 33554432 (custom)
2022-01-08 01:47:28,517 [Listener at 127.0.0.1/40645] INFO  server.GrpcService (ConfUtils.java:logGet(44)) - raft.grpc.flow.control.window = 5MB (=5242880) (custom)
2022-01-08 01:47:28,517 [Listener at 127.0.0.1/40645] INFO  server.RaftServerConfigKeys (ConfUtils.java:logGet(44)) - raft.server.rpc.request.timeout = 3000ms (default)
2022-01-08 01:47:28,518 [Listener at 127.0.0.1/40645] INFO  impl.DataStreamServerImpl (ConfUtils.java:logGet(44)) - raft.datastream.type = DISABLED (default)
2022-01-08 01:47:28,520 [Listener at 127.0.0.1/40645] INFO  server.RaftServerConfigKeys (ConfUtils.java:logGet(44)) - raft.server.rpc.slowness.timeout = 300000ms (custom)
2022-01-08 01:47:28,520 [Listener at 127.0.0.1/40645] INFO  server.RaftServerConfigKeys (ConfUtils.java:logGet(44)) - raft.server.leaderelection.leader.step-down.wait-time = 10s (default)
2022-01-08 01:47:28,521 [Listener at 127.0.0.1/40645] INFO  server.RaftServerConfigKeys (ConfUtils.java:logGet(44)) - raft.server.storage.dir = [/home/runner/work/ozone/ozone/hadoop-ozone/integration-test/target/test-dir/MiniOzoneClusterImpl-6a132c25-3902-4d06-b1e4-79a7ed3e0f57/datanode-1/data/ratis] (custom)
2022-01-08 01:47:28,521 [Listener at 127.0.0.1/40645] INFO  server.RaftServer (RaftServerProxy.java:lambda$null$1(235)) - 9d6916e6-e933-4839-a7aa-b025ed7fd068: found a subdirectory /home/runner/work/ozone/ozone/hadoop-ozone/integration-test/target/test-dir/MiniOzoneClusterImpl-6a132c25-3902-4d06-b1e4-79a7ed3e0f57/datanode-1/data/ratis/ebe7d31a-a166-4fb1-b6b3-04e649e6ef01
2022-01-08 01:47:28,521 [Listener at 127.0.0.1/40645] INFO  server.RaftServer (RaftServerProxy.java:addNew(95)) - 9d6916e6-e933-4839-a7aa-b025ed7fd068: addNew group-04E649E6EF01:[] returns group-04E649E6EF01:java.util.concurrent.CompletableFuture@2d0ddb18[Not completed]
2022-01-08 01:47:28,521 [Listener at 127.0.0.1/40645] INFO  server.RaftServer (RaftServerProxy.java:lambda$null$1(235)) - 9d6916e6-e933-4839-a7aa-b025ed7fd068: found a subdirectory /home/runner/work/ozone/ozone/hadoop-ozone/integration-test/target/test-dir/MiniOzoneClusterImpl-6a132c25-3902-4d06-b1e4-79a7ed3e0f57/datanode-1/data/ratis/3c427e93-4362-4243-92cd-f33b4351ac6e
2022-01-08 01:47:28,521 [Listener at 127.0.0.1/40645] INFO  server.RaftServer (RaftServerProxy.java:addNew(95)) - 9d6916e6-e933-4839-a7aa-b025ed7fd068: addNew group-F33B4351AC6E:[] returns group-F33B4351AC6E:java.util.concurrent.CompletableFuture@695e4138[Not completed]
2022-01-08 01:47:28,522 [Listener at 127.0.0.1/40645] INFO  server.RaftServer (RaftServerProxy.java:lambda$null$1(235)) - 9d6916e6-e933-4839-a7aa-b025ed7fd068: found a subdirectory /home/runner/work/ozone/ozone/hadoop-ozone/integration-test/target/test-dir/MiniOzoneClusterImpl-6a132c25-3902-4d06-b1e4-79a7ed3e0f57/datanode-1/data/ratis/f6ab5375-c2fe-4a61-b67f-d4b31538e167
2022-01-08 01:47:28,522 [Listener at 127.0.0.1/40645] INFO  server.RaftServer (RaftServerProxy.java:addNew(95)) - 9d6916e6-e933-4839-a7aa-b025ed7fd068: addNew group-D4B31538E167:[] returns group-D4B31538E167:java.util.concurrent.CompletableFuture@4586b406[Not completed]
2022-01-08 01:47:28,522 [Listener at 127.0.0.1/40645] INFO  server.RaftServer (RaftServerProxy.java:lambda$null$1(235)) - 9d6916e6-e933-4839-a7aa-b025ed7fd068: found a subdirectory /home/runner/work/ozone/ozone/hadoop-ozone/integration-test/target/test-dir/MiniOzoneClusterImpl-6a132c25-3902-4d06-b1e4-79a7ed3e0f57/datanode-1/data/ratis/f2ed03a6-aac7-4283-93ce-ab80fe323eb3
2022-01-08 01:47:28,522 [Listener at 127.0.0.1/40645] INFO  server.RaftServer (RaftServerProxy.java:addNew(95)) - 9d6916e6-e933-4839-a7aa-b025ed7fd068: addNew group-AB80FE323EB3:[] returns group-AB80FE323EB3:java.util.concurrent.CompletableFuture@732f8e32[Not completed]
2022-01-08 01:47:28,523 [Listener at 127.0.0.1/40645] INFO  server.XceiverServerGrpc (XceiverServerGrpc.java:<init>(132)) - GrpcServer channel type EpollServerSocketChannel
2022-01-08 01:47:28,527 [pool-737-thread-1] INFO  server.RaftServer$Division (RaftServerImpl.java:<init>(184)) - 9d6916e6-e933-4839-a7aa-b025ed7fd068: new RaftServerImpl for group-04E649E6EF01:[] with ContainerStateMachine:uninitialized
2022-01-08 01:47:28,535 [pool-737-thread-1] INFO  server.RaftServerConfigKeys (ConfUtils.java:logGet(44)) - raft.server.rpc.timeout.min = 5s (custom)
2022-01-08 01:47:28,535 [pool-737-thread-1] INFO  server.RaftServerConfigKeys (ConfUtils.java:logGet(44)) - raft.server.rpc.timeout.max = 5200ms (custom)
2022-01-08 01:47:28,535 [pool-737-thread-1] INFO  server.RaftServerConfigKeys (ConfUtils.java:logGet(44)) - raft.server.rpc.sleep.time = 25ms (default)
2022-01-08 01:47:28,536 [pool-737-thread-1] INFO  server.RaftServerConfigKeys (ConfUtils.java:logGet(44)) - raft.server.rpc.slowness.timeout = 300000ms (custom)
2022-01-08 01:47:28,536 [pool-737-thread-1] INFO  server.RaftServerConfigKeys (ConfUtils.java:logGet(44)) - raft.server.leaderelection.leader.step-down.wait-time = 10s (default)
2022-01-08 01:47:28,536 [pool-737-thread-1] INFO  server.RaftServerConfigKeys (ConfUtils.java:logGet(44)) - raft.server.sleep.deviation.threshold = 300ms (default)
2022-01-08 01:47:28,536 [pool-737-thread-1] INFO  server.RaftServerConfigKeys (ConfUtils.java:logGet(44)) - raft.server.log.appender.install.snapshot.enabled = false (custom)
2022-01-08 01:47:28,536 [pool-737-thread-1] INFO  server.RaftServer$Division (ServerState.java:<init>(105)) - 9d6916e6-e933-4839-a7aa-b025ed7fd068@group-04E649E6EF01: ConfigurationManager, init=-1: [], old=null, confs=<EMPTY_MAP>
2022-01-08 01:47:28,536 [pool-737-thread-1] INFO  server.RaftServerConfigKeys (ConfUtils.java:logGet(44)) - raft.server.storage.dir = [/home/runner/work/ozone/ozone/hadoop-ozone/integration-test/target/test-dir/MiniOzoneClusterImpl-6a132c25-3902-4d06-b1e4-79a7ed3e0f57/datanode-1/data/ratis] (custom)
2022-01-08 01:47:28,536 [pool-737-thread-1] INFO  server.RaftServerConfigKeys (ConfUtils.java:logGet(44)) - raft.server.log.corruption.policy = EXCEPTION (default)
2022-01-08 01:47:28,536 [pool-737-thread-1] INFO  server.RaftServerConfigKeys (ConfUtils.java:logGet(44)) - raft.server.storage.free-space.min = 0MB (=0) (default)
2022-01-08 01:47:28,538 [pool-737-thread-1] INFO  storage.RaftStorageDirectory (RaftStorageDirectoryImpl.java:tryLock(230)) - Lock on /home/runner/work/ozone/ozone/hadoop-ozone/integration-test/target/test-dir/MiniOzoneClusterImpl-6a132c25-3902-4d06-b1e4-79a7ed3e0f57/datanode-1/data/ratis/ebe7d31a-a166-4fb1-b6b3-04e649e6ef01/in_use.lock acquired by nodename 32692@fv-az116-279
2022-01-08 01:47:28,539 [pool-737-thread-1] INFO  storage.RaftStorage (RaftStorageImpl.java:analyzeAndRecoverStorage(110)) - Read RaftStorageMetadata{term=2, votedFor=9d6916e6-e933-4839-a7aa-b025ed7fd068} from /home/runner/work/ozone/ozone/hadoop-ozone/integration-test/target/test-dir/MiniOzoneClusterImpl-6a132c25-3902-4d06-b1e4-79a7ed3e0f57/datanode-1/data/ratis/ebe7d31a-a166-4fb1-b6b3-04e649e6ef01/current/raft-meta
2022-01-08 01:47:28,543 [Listener at 127.0.0.1/40645] INFO  http.BaseHttpServer (BaseHttpServer.java:newHttpServer2BuilderForOzone(209)) - Starting Web-server for hddsDatanode at: http://0.0.0.0:34799
2022-01-08 01:47:28,543 [Listener at 127.0.0.1/40645] INFO  http.BaseHttpServer (BaseHttpServer.java:<init>(107)) - Hadoop Security Enabled: false Ozone Security Enabled: false Ozone HTTP Security Enabled: false 
2022-01-08 01:47:28,544 [Listener at 127.0.0.1/40645] INFO  server.AuthenticationFilter (AuthenticationFilter.java:constructSecretProvider(240)) - Unable to initialize FileSignerSecretProvider, falling back to use random secrets.
2022-01-08 01:47:28,545 [Listener at 127.0.0.1/40645] WARN  http.HttpRequestLog (HttpRequestLog.java:getRequestLog(103)) - Jetty request log can only be enabled using Log4j
2022-01-08 01:47:28,545 [Listener at 127.0.0.1/40645] INFO  http.HttpServer2 (HttpServer2.java:addGlobalFilter(1030)) - Added global filter 'safety' (class=org.apache.hadoop.hdds.server.http.HttpServer2$QuotingInputFilter)
2022-01-08 01:47:28,546 [Listener at 127.0.0.1/40645] INFO  http.HttpServer2 (HttpServer2.java:addFilter(1006)) - Added filter static_user_filter (class=org.apache.hadoop.http.lib.StaticUserWebFilter$StaticUserFilter) to context hddsDatanode
2022-01-08 01:47:28,546 [Listener at 127.0.0.1/40645] INFO  http.HttpServer2 (HttpServer2.java:addFilter(1014)) - Added filter static_user_filter (class=org.apache.hadoop.http.lib.StaticUserWebFilter$StaticUserFilter) to context logs
2022-01-08 01:47:28,546 [Listener at 127.0.0.1/40645] INFO  http.HttpServer2 (HttpServer2.java:addFilter(1014)) - Added filter static_user_filter (class=org.apache.hadoop.http.lib.StaticUserWebFilter$StaticUserFilter) to context static
2022-01-08 01:47:28,546 [Listener at 127.0.0.1/40645] INFO  http.HttpServer2 (HttpServer2.java:bindListener(1249)) - Jetty bound to port 34799
2022-01-08 01:47:28,546 [Listener at 127.0.0.1/40645] INFO  server.Server (Server.java:doStart(375)) - jetty-9.4.43.v20210629; built: 2021-06-30T11:07:22.254Z; git: 526006ecfa3af7f1a27ef3a288e2bef7ea9dd7e8; jvm 1.8.0_292-b10
2022-01-08 01:47:28,548 [Listener at 127.0.0.1/40645] INFO  server.session (DefaultSessionIdManager.java:doStart(334)) - DefaultSessionIdManager workerName=node0
2022-01-08 01:47:28,548 [Listener at 127.0.0.1/40645] INFO  server.session (DefaultSessionIdManager.java:doStart(339)) - No SessionScavenger set, using defaults
2022-01-08 01:47:28,548 [Listener at 127.0.0.1/40645] INFO  server.session (HouseKeeper.java:startScavenging(132)) - node0 Scavenging every 660000ms
2022-01-08 01:47:28,549 [Listener at 127.0.0.1/40645] INFO  handler.ContextHandler (ContextHandler.java:doStart(915)) - Started o.e.j.s.ServletContextHandler@6bef63a1{logs,/logs,file:///home/runner/work/ozone/ozone/hadoop-ozone/integration-test/target/log,AVAILABLE}
2022-01-08 01:47:28,549 [Listener at 127.0.0.1/40645] INFO  handler.ContextHandler (ContextHandler.java:doStart(915)) - Started o.e.j.s.ServletContextHandler@1c50bcfe{static,/static,jar:file:/home/runner/.m2/repository/org/apache/ozone/hdds-container-service/1.3.0-SNAPSHOT/hdds-container-service-1.3.0-SNAPSHOT.jar!/webapps/static,AVAILABLE}
2022-01-08 01:47:28,559 [pool-737-thread-1] INFO  ratis.ContainerStateMachine (ContainerStateMachine.java:loadSnapshot(240)) - group-04E649E6EF01: Setting the last applied index to (t:2, i:0)
2022-01-08 01:47:28,560 [pool-737-thread-1] INFO  server.RaftServer$Division (ServerState.java:setRaftConf(387)) - 9d6916e6-e933-4839-a7aa-b025ed7fd068@group-04E649E6EF01: set configuration 0: [6477641b-710a-49ab-b56b-e0f600eb5c24|rpc:10.1.0.34:38417|dataStream:|priority:0, 44471f42-9a01-4764-8909-e7e02c044ebe|rpc:10.1.0.34:44109|dataStream:|priority:0, 9d6916e6-e933-4839-a7aa-b025ed7fd068|rpc:10.1.0.34:40543|dataStream:|priority:1], old=null
2022-01-08 01:47:28,560 [pool-737-thread-1] INFO  server.RaftServerConfigKeys (ConfUtils.java:logGet(44)) - raft.server.notification.no-leader.timeout = 300000ms (custom)
2022-01-08 01:47:28,560 [pool-737-thread-1] INFO  server.RaftServerConfigKeys (ConfUtils.java:logGet(44)) - raft.server.log.use.memory = false (default)
2022-01-08 01:47:28,560 [pool-737-thread-1] INFO  server.RaftServerConfigKeys (ConfUtils.java:logGet(44)) - raft.server.log.purge.gap = 1000000 (custom)
2022-01-08 01:47:28,560 [pool-737-thread-1] INFO  server.RaftServerConfigKeys (ConfUtils.java:logGet(44)) - raft.server.log.appender.buffer.byte-limit = 33554432 (custom)
2022-01-08 01:47:28,560 [pool-737-thread-1] INFO  server.RaftServerConfigKeys (ConfUtils.java:logGet(44)) - raft.server.log.segment.size.max = 1048576 (custom)
2022-01-08 01:47:28,561 [pool-737-thread-1] INFO  server.RaftServerConfigKeys (ConfUtils.java:logGet(44)) - raft.server.log.segment.cache.num.max = 2 (custom)
2022-01-08 01:47:28,561 [pool-737-thread-1] INFO  server.RaftServerConfigKeys (ConfUtils.java:logGet(44)) - raft.server.log.segment.cache.size.max = 200MB (=209715200) (default)
2022-01-08 01:47:28,561 [pool-737-thread-1] INFO  segmented.SegmentedRaftLogWorker (SegmentedRaftLogWorker.java:<init>(182)) - new 9d6916e6-e933-4839-a7aa-b025ed7fd068@group-04E649E6EF01-SegmentedRaftLogWorker for RaftStorageImpl:Storage Directory /home/runner/work/ozone/ozone/hadoop-ozone/integration-test/target/test-dir/MiniOzoneClusterImpl-6a132c25-3902-4d06-b1e4-79a7ed3e0f57/datanode-1/data/ratis/ebe7d31a-a166-4fb1-b6b3-04e649e6ef01
2022-01-08 01:47:28,561 [pool-737-thread-1] INFO  server.RaftServerConfigKeys (ConfUtils.java:logGet(44)) - raft.server.log.queue.byte-limit = 2147483647 (custom)
2022-01-08 01:47:28,561 [pool-737-thread-1] INFO  server.RaftServerConfigKeys (ConfUtils.java:logGet(44)) - raft.server.log.queue.element-limit = 1024 (custom)
2022-01-08 01:47:28,562 [pool-737-thread-1] INFO  server.RaftServerConfigKeys (ConfUtils.java:logGet(44)) - raft.server.log.segment.size.max = 1048576 (custom)
2022-01-08 01:47:28,562 [pool-737-thread-1] INFO  server.RaftServerConfigKeys (ConfUtils.java:logGet(44)) - raft.server.log.preallocated.size = 16384 (custom)
2022-01-08 01:47:28,562 [pool-737-thread-1] INFO  server.RaftServerConfigKeys (ConfUtils.java:logGet(44)) - raft.server.log.force.sync.num = 128 (default)
2022-01-08 01:47:28,562 [pool-737-thread-1] INFO  server.RaftServerConfigKeys (ConfUtils.java:logGet(44)) - raft.server.log.statemachine.data.sync = true (default)
2022-01-08 01:47:28,562 [pool-737-thread-1] INFO  server.RaftServerConfigKeys (ConfUtils.java:logGet(44)) - raft.server.log.statemachine.data.sync.timeout = 10s (default)
2022-01-08 01:47:28,562 [pool-737-thread-1] INFO  server.RaftServerConfigKeys (ConfUtils.java:logGet(44)) - raft.server.log.statemachine.data.sync.timeout.retry = -1 (default)
2022-01-08 01:47:28,563 [pool-737-thread-1] INFO  server.RaftServerConfigKeys (ConfUtils.java:logGet(44)) - raft.server.log.write.buffer.size = 1048576 (custom)
2022-01-08 01:47:28,571 [pool-737-thread-1] INFO  server.RaftServerConfigKeys (ConfUtils.java:logGet(44)) - raft.server.log.statemachine.data.caching.enabled = true (custom)
2022-01-08 01:47:28,572 [pool-737-thread-1] INFO  server.RaftServer$Division (ServerState.java:setRaftConf(387)) - 9d6916e6-e933-4839-a7aa-b025ed7fd068@group-04E649E6EF01: set configuration 0: [6477641b-710a-49ab-b56b-e0f600eb5c24|rpc:10.1.0.34:38417|dataStream:|priority:0, 44471f42-9a01-4764-8909-e7e02c044ebe|rpc:10.1.0.34:44109|dataStream:|priority:0, 9d6916e6-e933-4839-a7aa-b025ed7fd068|rpc:10.1.0.34:40543|dataStream:|priority:1], old=null
2022-01-08 01:47:28,572 [pool-737-thread-1] INFO  segmented.LogSegment (LogSegment.java:loadSegment(173)) - Successfully read 1 entries from segment file /home/runner/work/ozone/ozone/hadoop-ozone/integration-test/target/test-dir/MiniOzoneClusterImpl-6a132c25-3902-4d06-b1e4-79a7ed3e0f57/datanode-1/data/ratis/ebe7d31a-a166-4fb1-b6b3-04e649e6ef01/current/log_inprogress_0
2022-01-08 01:47:28,572 [pool-737-thread-1] INFO  segmented.SegmentedRaftLogWorker (SegmentedRaftLogWorker.java:lambda$new$0(133)) - 9d6916e6-e933-4839-a7aa-b025ed7fd068@group-04E649E6EF01-SegmentedRaftLogWorker: flushIndex: setUnconditionally 0 -> 0
2022-01-08 01:47:28,572 [pool-737-thread-1] INFO  segmented.SegmentedRaftLogWorker (SegmentedRaftLogWorker.java:lambda$new$0(133)) - 9d6916e6-e933-4839-a7aa-b025ed7fd068@group-04E649E6EF01-SegmentedRaftLogWorker: safeCacheEvictIndex: setUnconditionally 0 -> -1
2022-01-08 01:47:28,573 [pool-737-thread-1] INFO  server.RaftServerConfigKeys (ConfUtils.java:logGet(44)) - raft.server.snapshot.auto.trigger.enabled = true (custom)
2022-01-08 01:47:28,573 [pool-737-thread-1] INFO  server.RaftServerConfigKeys (ConfUtils.java:logGet(44)) - raft.server.snapshot.auto.trigger.threshold = 10000 (custom)
2022-01-08 01:47:28,573 [pool-737-thread-1] INFO  server.RaftServerConfigKeys (ConfUtils.java:logGet(44)) - raft.server.snapshot.retention.file.num = 5 (custom)
2022-01-08 01:47:28,573 [pool-737-thread-1] INFO  server.RaftServerConfigKeys (ConfUtils.java:logGet(44)) - raft.server.log.purge.upto.snapshot.index = false (default)
2022-01-08 01:47:28,573 [pool-737-thread-1] INFO  server.RaftServerConfigKeys (ConfUtils.java:logGet(44)) - raft.server.retrycache.expirytime = 600000ms (custom)
2022-01-08 01:47:28,573 [pool-737-thread-1] INFO  server.RaftServerConfigKeys (ConfUtils.java:logGet(44)) - raft.server.retrycache.statistics.expirytime = 100μs (default)
2022-01-08 01:47:28,575 [pool-737-thread-1] INFO  server.RaftServer$Division (RaftServerImpl.java:<init>(184)) - 9d6916e6-e933-4839-a7aa-b025ed7fd068: new RaftServerImpl for group-F33B4351AC6E:[] with ContainerStateMachine:uninitialized
2022-01-08 01:47:28,575 [pool-737-thread-1] INFO  server.RaftServerConfigKeys (ConfUtils.java:logGet(44)) - raft.server.rpc.timeout.min = 5s (custom)
2022-01-08 01:47:28,575 [pool-737-thread-1] INFO  server.RaftServerConfigKeys (ConfUtils.java:logGet(44)) - raft.server.rpc.timeout.max = 5200ms (custom)
2022-01-08 01:47:28,575 [pool-737-thread-1] INFO  server.RaftServerConfigKeys (ConfUtils.java:logGet(44)) - raft.server.rpc.sleep.time = 25ms (default)
2022-01-08 01:47:28,576 [pool-737-thread-1] INFO  server.RaftServerConfigKeys (ConfUtils.java:logGet(44)) - raft.server.rpc.slowness.timeout = 300000ms (custom)
2022-01-08 01:47:28,576 [pool-737-thread-1] INFO  server.RaftServerConfigKeys (ConfUtils.java:logGet(44)) - raft.server.leaderelection.leader.step-down.wait-time = 10s (default)
2022-01-08 01:47:28,576 [pool-737-thread-1] INFO  server.RaftServerConfigKeys (ConfUtils.java:logGet(44)) - raft.server.sleep.deviation.threshold = 300ms (default)
2022-01-08 01:47:28,576 [pool-737-thread-1] INFO  server.RaftServerConfigKeys (ConfUtils.java:logGet(44)) - raft.server.log.appender.install.snapshot.enabled = false (custom)
2022-01-08 01:47:28,576 [pool-737-thread-1] INFO  server.RaftServer$Division (ServerState.java:<init>(105)) - 9d6916e6-e933-4839-a7aa-b025ed7fd068@group-F33B4351AC6E: ConfigurationManager, init=-1: [], old=null, confs=<EMPTY_MAP>
2022-01-08 01:47:28,576 [pool-737-thread-1] INFO  server.RaftServerConfigKeys (ConfUtils.java:logGet(44)) - raft.server.storage.dir = [/home/runner/work/ozone/ozone/hadoop-ozone/integration-test/target/test-dir/MiniOzoneClusterImpl-6a132c25-3902-4d06-b1e4-79a7ed3e0f57/datanode-1/data/ratis] (custom)
2022-01-08 01:47:28,576 [pool-737-thread-1] INFO  server.RaftServerConfigKeys (ConfUtils.java:logGet(44)) - raft.server.log.corruption.policy = EXCEPTION (default)
2022-01-08 01:47:28,576 [pool-737-thread-1] INFO  server.RaftServerConfigKeys (ConfUtils.java:logGet(44)) - raft.server.storage.free-space.min = 0MB (=0) (default)
2022-01-08 01:47:28,580 [pool-737-thread-1] INFO  storage.RaftStorageDirectory (RaftStorageDirectoryImpl.java:tryLock(230)) - Lock on /home/runner/work/ozone/ozone/hadoop-ozone/integration-test/target/test-dir/MiniOzoneClusterImpl-6a132c25-3902-4d06-b1e4-79a7ed3e0f57/datanode-1/data/ratis/3c427e93-4362-4243-92cd-f33b4351ac6e/in_use.lock acquired by nodename 32692@fv-az116-279
2022-01-08 01:47:28,581 [pool-737-thread-1] INFO  storage.RaftStorage (RaftStorageImpl.java:analyzeAndRecoverStorage(110)) - Read RaftStorageMetadata{term=1, votedFor=9d6916e6-e933-4839-a7aa-b025ed7fd068} from /home/runner/work/ozone/ozone/hadoop-ozone/integration-test/target/test-dir/MiniOzoneClusterImpl-6a132c25-3902-4d06-b1e4-79a7ed3e0f57/datanode-1/data/ratis/3c427e93-4362-4243-92cd-f33b4351ac6e/current/raft-meta
2022-01-08 01:47:28,581 [pool-737-thread-1] INFO  ratis.ContainerStateMachine (ContainerStateMachine.java:loadSnapshot(240)) - group-F33B4351AC6E: Setting the last applied index to (t:1, i:10)
2022-01-08 01:47:28,582 [pool-737-thread-1] INFO  server.RaftServer$Division (ServerState.java:setRaftConf(387)) - 9d6916e6-e933-4839-a7aa-b025ed7fd068@group-F33B4351AC6E: set configuration 0: [9d6916e6-e933-4839-a7aa-b025ed7fd068|rpc:10.1.0.34:40543|dataStream:|priority:1], old=null
2022-01-08 01:47:28,582 [pool-737-thread-1] INFO  server.RaftServerConfigKeys (ConfUtils.java:logGet(44)) - raft.server.notification.no-leader.timeout = 300000ms (custom)
2022-01-08 01:47:28,582 [pool-737-thread-1] INFO  server.RaftServerConfigKeys (ConfUtils.java:logGet(44)) - raft.server.log.use.memory = false (default)
2022-01-08 01:47:28,582 [pool-737-thread-1] INFO  server.RaftServerConfigKeys (ConfUtils.java:logGet(44)) - raft.server.log.purge.gap = 1000000 (custom)
2022-01-08 01:47:28,582 [pool-737-thread-1] INFO  server.RaftServerConfigKeys (ConfUtils.java:logGet(44)) - raft.server.log.appender.buffer.byte-limit = 33554432 (custom)
2022-01-08 01:47:28,582 [pool-737-thread-1] INFO  server.RaftServerConfigKeys (ConfUtils.java:logGet(44)) - raft.server.log.segment.size.max = 1048576 (custom)
2022-01-08 01:47:28,583 [pool-737-thread-1] INFO  server.RaftServerConfigKeys (ConfUtils.java:logGet(44)) - raft.server.log.segment.cache.num.max = 2 (custom)
2022-01-08 01:47:28,583 [pool-737-thread-1] INFO  server.RaftServerConfigKeys (ConfUtils.java:logGet(44)) - raft.server.log.segment.cache.size.max = 200MB (=209715200) (default)
2022-01-08 01:47:28,583 [pool-737-thread-1] INFO  segmented.SegmentedRaftLogWorker (SegmentedRaftLogWorker.java:<init>(182)) - new 9d6916e6-e933-4839-a7aa-b025ed7fd068@group-F33B4351AC6E-SegmentedRaftLogWorker for RaftStorageImpl:Storage Directory /home/runner/work/ozone/ozone/hadoop-ozone/integration-test/target/test-dir/MiniOzoneClusterImpl-6a132c25-3902-4d06-b1e4-79a7ed3e0f57/datanode-1/data/ratis/3c427e93-4362-4243-92cd-f33b4351ac6e
2022-01-08 01:47:28,583 [pool-737-thread-1] INFO  server.RaftServerConfigKeys (ConfUtils.java:logGet(44)) - raft.server.log.queue.byte-limit = 2147483647 (custom)
2022-01-08 01:47:28,583 [pool-737-thread-1] INFO  server.RaftServerConfigKeys (ConfUtils.java:logGet(44)) - raft.server.log.queue.element-limit = 1024 (custom)
2022-01-08 01:47:28,583 [pool-737-thread-1] INFO  server.RaftServerConfigKeys (ConfUtils.java:logGet(44)) - raft.server.log.segment.size.max = 1048576 (custom)
2022-01-08 01:47:28,583 [pool-737-thread-1] INFO  server.RaftServerConfigKeys (ConfUtils.java:logGet(44)) - raft.server.log.preallocated.size = 16384 (custom)
2022-01-08 01:47:28,583 [pool-737-thread-1] INFO  server.RaftServerConfigKeys (ConfUtils.java:logGet(44)) - raft.server.log.force.sync.num = 128 (default)
2022-01-08 01:47:28,584 [pool-737-thread-1] INFO  server.RaftServerConfigKeys (ConfUtils.java:logGet(44)) - raft.server.log.statemachine.data.sync = true (default)
2022-01-08 01:47:28,584 [pool-737-thread-1] INFO  server.RaftServerConfigKeys (ConfUtils.java:logGet(44)) - raft.server.log.statemachine.data.sync.timeout = 10s (default)
2022-01-08 01:47:28,584 [pool-737-thread-1] INFO  server.RaftServerConfigKeys (ConfUtils.java:logGet(44)) - raft.server.log.statemachine.data.sync.timeout.retry = -1 (default)
2022-01-08 01:47:28,604 [pool-737-thread-1] INFO  server.RaftServerConfigKeys (ConfUtils.java:logGet(44)) - raft.server.log.write.buffer.size = 1048576 (custom)
2022-01-08 01:47:28,605 [pool-737-thread-1] INFO  server.RaftServerConfigKeys (ConfUtils.java:logGet(44)) - raft.server.log.statemachine.data.caching.enabled = true (custom)
2022-01-08 01:47:28,605 [pool-737-thread-1] INFO  server.RaftServer$Division (ServerState.java:setRaftConf(387)) - 9d6916e6-e933-4839-a7aa-b025ed7fd068@group-F33B4351AC6E: set configuration 0: [9d6916e6-e933-4839-a7aa-b025ed7fd068|rpc:10.1.0.34:40543|dataStream:|priority:1], old=null
2022-01-08 01:47:28,606 [pool-737-thread-1] INFO  segmented.LogSegment (LogSegment.java:loadSegment(173)) - Successfully read 11 entries from segment file /home/runner/work/ozone/ozone/hadoop-ozone/integration-test/target/test-dir/MiniOzoneClusterImpl-6a132c25-3902-4d06-b1e4-79a7ed3e0f57/datanode-1/data/ratis/3c427e93-4362-4243-92cd-f33b4351ac6e/current/log_inprogress_0
2022-01-08 01:47:28,606 [pool-737-thread-1] INFO  segmented.SegmentedRaftLogWorker (SegmentedRaftLogWorker.java:lambda$new$0(133)) - 9d6916e6-e933-4839-a7aa-b025ed7fd068@group-F33B4351AC6E-SegmentedRaftLogWorker: flushIndex: setUnconditionally 0 -> 10
2022-01-08 01:47:28,606 [pool-737-thread-1] INFO  segmented.SegmentedRaftLogWorker (SegmentedRaftLogWorker.java:lambda$new$0(133)) - 9d6916e6-e933-4839-a7aa-b025ed7fd068@group-F33B4351AC6E-SegmentedRaftLogWorker: safeCacheEvictIndex: setUnconditionally 0 -> -1
2022-01-08 01:47:28,606 [pool-737-thread-1] INFO  raftlog.RaftLog (RaftLogBase.java:lambda$new$0(53)) - 9d6916e6-e933-4839-a7aa-b025ed7fd068@group-F33B4351AC6E-SegmentedRaftLog: commitIndex: updateToMax old=10, new=9, updated? false
2022-01-08 01:47:28,606 [pool-737-thread-1] INFO  server.RaftServerConfigKeys (ConfUtils.java:logGet(44)) - raft.server.snapshot.auto.trigger.enabled = true (custom)
2022-01-08 01:47:28,606 [pool-737-thread-1] INFO  server.RaftServerConfigKeys (ConfUtils.java:logGet(44)) - raft.server.snapshot.auto.trigger.threshold = 10000 (custom)
2022-01-08 01:47:28,606 [pool-737-thread-1] INFO  server.RaftServerConfigKeys (ConfUtils.java:logGet(44)) - raft.server.snapshot.retention.file.num = 5 (custom)
2022-01-08 01:47:28,606 [pool-737-thread-1] INFO  server.RaftServerConfigKeys (ConfUtils.java:logGet(44)) - raft.server.log.purge.upto.snapshot.index = false (default)
2022-01-08 01:47:28,606 [pool-737-thread-1] INFO  server.RaftServerConfigKeys (ConfUtils.java:logGet(44)) - raft.server.retrycache.expirytime = 600000ms (custom)
2022-01-08 01:47:28,606 [pool-737-thread-1] INFO  server.RaftServerConfigKeys (ConfUtils.java:logGet(44)) - raft.server.retrycache.statistics.expirytime = 100μs (default)
2022-01-08 01:47:28,608 [pool-737-thread-1] INFO  server.RaftServer$Division (RaftServerImpl.java:<init>(184)) - 9d6916e6-e933-4839-a7aa-b025ed7fd068: new RaftServerImpl for group-D4B31538E167:[] with ContainerStateMachine:uninitialized
2022-01-08 01:47:28,608 [pool-737-thread-1] INFO  server.RaftServerConfigKeys (ConfUtils.java:logGet(44)) - raft.server.rpc.timeout.min = 5s (custom)
2022-01-08 01:47:28,608 [pool-737-thread-1] INFO  server.RaftServerConfigKeys (ConfUtils.java:logGet(44)) - raft.server.rpc.timeout.max = 5200ms (custom)
2022-01-08 01:47:28,608 [pool-737-thread-1] INFO  server.RaftServerConfigKeys (ConfUtils.java:logGet(44)) - raft.server.rpc.sleep.time = 25ms (default)
2022-01-08 01:47:28,608 [pool-737-thread-1] INFO  server.RaftServerConfigKeys (ConfUtils.java:logGet(44)) - raft.server.rpc.slowness.timeout = 300000ms (custom)
2022-01-08 01:47:28,608 [pool-737-thread-1] INFO  server.RaftServerConfigKeys (ConfUtils.java:logGet(44)) - raft.server.leaderelection.leader.step-down.wait-time = 10s (default)
2022-01-08 01:47:28,609 [pool-737-thread-1] INFO  server.RaftServerConfigKeys (ConfUtils.java:logGet(44)) - raft.server.sleep.deviation.threshold = 300ms (default)
2022-01-08 01:47:28,609 [pool-737-thread-1] INFO  server.RaftServerConfigKeys (ConfUtils.java:logGet(44)) - raft.server.log.appender.install.snapshot.enabled = false (custom)
2022-01-08 01:47:28,609 [pool-737-thread-1] INFO  server.RaftServer$Division (ServerState.java:<init>(105)) - 9d6916e6-e933-4839-a7aa-b025ed7fd068@group-D4B31538E167: ConfigurationManager, init=-1: [], old=null, confs=<EMPTY_MAP>
2022-01-08 01:47:28,609 [pool-737-thread-1] INFO  server.RaftServerConfigKeys (ConfUtils.java:logGet(44)) - raft.server.storage.dir = [/home/runner/work/ozone/ozone/hadoop-ozone/integration-test/target/test-dir/MiniOzoneClusterImpl-6a132c25-3902-4d06-b1e4-79a7ed3e0f57/datanode-1/data/ratis] (custom)
2022-01-08 01:47:28,609 [pool-737-thread-1] INFO  server.RaftServerConfigKeys (ConfUtils.java:logGet(44)) - raft.server.log.corruption.policy = EXCEPTION (default)
2022-01-08 01:47:28,609 [pool-737-thread-1] INFO  server.RaftServerConfigKeys (ConfUtils.java:logGet(44)) - raft.server.storage.free-space.min = 0MB (=0) (default)
2022-01-08 01:47:28,615 [pool-737-thread-1] INFO  storage.RaftStorageDirectory (RaftStorageDirectoryImpl.java:tryLock(230)) - Lock on /home/runner/work/ozone/ozone/hadoop-ozone/integration-test/target/test-dir/MiniOzoneClusterImpl-6a132c25-3902-4d06-b1e4-79a7ed3e0f57/datanode-1/data/ratis/f6ab5375-c2fe-4a61-b67f-d4b31538e167/in_use.lock acquired by nodename 32692@fv-az116-279
2022-01-08 01:47:28,615 [pool-737-thread-1] INFO  storage.RaftStorage (RaftStorageImpl.java:analyzeAndRecoverStorage(110)) - Read RaftStorageMetadata{term=2, votedFor=44471f42-9a01-4764-8909-e7e02c044ebe} from /home/runner/work/ozone/ozone/hadoop-ozone/integration-test/target/test-dir/MiniOzoneClusterImpl-6a132c25-3902-4d06-b1e4-79a7ed3e0f57/datanode-1/data/ratis/f6ab5375-c2fe-4a61-b67f-d4b31538e167/current/raft-meta
2022-01-08 01:47:28,616 [pool-737-thread-1] INFO  ratis.ContainerStateMachine (ContainerStateMachine.java:loadSnapshot(240)) - group-D4B31538E167: Setting the last applied index to (t:2, i:0)
2022-01-08 01:47:28,616 [pool-737-thread-1] INFO  server.RaftServer$Division (ServerState.java:setRaftConf(387)) - 9d6916e6-e933-4839-a7aa-b025ed7fd068@group-D4B31538E167: set configuration 0: [6477641b-710a-49ab-b56b-e0f600eb5c24|rpc:10.1.0.34:38417|dataStream:|priority:0, 44471f42-9a01-4764-8909-e7e02c044ebe|rpc:10.1.0.34:44109|dataStream:|priority:1, 9d6916e6-e933-4839-a7aa-b025ed7fd068|rpc:10.1.0.34:40543|dataStream:|priority:0], old=null
2022-01-08 01:47:28,616 [pool-737-thread-1] INFO  server.RaftServerConfigKeys (ConfUtils.java:logGet(44)) - raft.server.notification.no-leader.timeout = 300000ms (custom)
2022-01-08 01:47:28,616 [pool-737-thread-1] INFO  server.RaftServerConfigKeys (ConfUtils.java:logGet(44)) - raft.server.log.use.memory = false (default)
2022-01-08 01:47:28,616 [pool-737-thread-1] INFO  server.RaftServerConfigKeys (ConfUtils.java:logGet(44)) - raft.server.log.purge.gap = 1000000 (custom)
2022-01-08 01:47:28,616 [pool-737-thread-1] INFO  server.RaftServerConfigKeys (ConfUtils.java:logGet(44)) - raft.server.log.appender.buffer.byte-limit = 33554432 (custom)
2022-01-08 01:47:28,616 [pool-737-thread-1] INFO  server.RaftServerConfigKeys (ConfUtils.java:logGet(44)) - raft.server.log.segment.size.max = 1048576 (custom)
2022-01-08 01:47:28,617 [pool-737-thread-1] INFO  server.RaftServerConfigKeys (ConfUtils.java:logGet(44)) - raft.server.log.segment.cache.num.max = 2 (custom)
2022-01-08 01:47:28,617 [pool-737-thread-1] INFO  server.RaftServerConfigKeys (ConfUtils.java:logGet(44)) - raft.server.log.segment.cache.size.max = 200MB (=209715200) (default)
2022-01-08 01:47:28,617 [pool-737-thread-1] INFO  segmented.SegmentedRaftLogWorker (SegmentedRaftLogWorker.java:<init>(182)) - new 9d6916e6-e933-4839-a7aa-b025ed7fd068@group-D4B31538E167-SegmentedRaftLogWorker for RaftStorageImpl:Storage Directory /home/runner/work/ozone/ozone/hadoop-ozone/integration-test/target/test-dir/MiniOzoneClusterImpl-6a132c25-3902-4d06-b1e4-79a7ed3e0f57/datanode-1/data/ratis/f6ab5375-c2fe-4a61-b67f-d4b31538e167
2022-01-08 01:47:28,617 [pool-737-thread-1] INFO  server.RaftServerConfigKeys (ConfUtils.java:logGet(44)) - raft.server.log.queue.byte-limit = 2147483647 (custom)
2022-01-08 01:47:28,617 [pool-737-thread-1] INFO  server.RaftServerConfigKeys (ConfUtils.java:logGet(44)) - raft.server.log.queue.element-limit = 1024 (custom)
2022-01-08 01:47:28,617 [pool-737-thread-1] INFO  server.RaftServerConfigKeys (ConfUtils.java:logGet(44)) - raft.server.log.segment.size.max = 1048576 (custom)
2022-01-08 01:47:28,617 [pool-737-thread-1] INFO  server.RaftServerConfigKeys (ConfUtils.java:logGet(44)) - raft.server.log.preallocated.size = 16384 (custom)
2022-01-08 01:47:28,617 [pool-737-thread-1] INFO  server.RaftServerConfigKeys (ConfUtils.java:logGet(44)) - raft.server.log.force.sync.num = 128 (default)
2022-01-08 01:47:28,617 [pool-737-thread-1] INFO  server.RaftServerConfigKeys (ConfUtils.java:logGet(44)) - raft.server.log.statemachine.data.sync = true (default)
2022-01-08 01:47:28,617 [pool-737-thread-1] INFO  server.RaftServerConfigKeys (ConfUtils.java:logGet(44)) - raft.server.log.statemachine.data.sync.timeout = 10s (default)
2022-01-08 01:47:28,617 [pool-737-thread-1] INFO  server.RaftServerConfigKeys (ConfUtils.java:logGet(44)) - raft.server.log.statemachine.data.sync.timeout.retry = -1 (default)
2022-01-08 01:47:28,618 [pool-737-thread-1] INFO  server.RaftServerConfigKeys (ConfUtils.java:logGet(44)) - raft.server.log.write.buffer.size = 1048576 (custom)
2022-01-08 01:47:28,619 [pool-737-thread-1] INFO  server.RaftServerConfigKeys (ConfUtils.java:logGet(44)) - raft.server.log.statemachine.data.caching.enabled = true (custom)
2022-01-08 01:47:28,623 [pool-737-thread-1] INFO  server.RaftServer$Division (ServerState.java:setRaftConf(387)) - 9d6916e6-e933-4839-a7aa-b025ed7fd068@group-D4B31538E167: set configuration 0: [6477641b-710a-49ab-b56b-e0f600eb5c24|rpc:10.1.0.34:38417|dataStream:|priority:0, 44471f42-9a01-4764-8909-e7e02c044ebe|rpc:10.1.0.34:44109|dataStream:|priority:1, 9d6916e6-e933-4839-a7aa-b025ed7fd068|rpc:10.1.0.34:40543|dataStream:|priority:0], old=null
2022-01-08 01:47:28,623 [pool-737-thread-1] INFO  segmented.LogSegment (LogSegment.java:loadSegment(173)) - Successfully read 1 entries from segment file /home/runner/work/ozone/ozone/hadoop-ozone/integration-test/target/test-dir/MiniOzoneClusterImpl-6a132c25-3902-4d06-b1e4-79a7ed3e0f57/datanode-1/data/ratis/f6ab5375-c2fe-4a61-b67f-d4b31538e167/current/log_inprogress_0
2022-01-08 01:47:28,623 [pool-737-thread-1] INFO  segmented.SegmentedRaftLogWorker (SegmentedRaftLogWorker.java:lambda$new$0(133)) - 9d6916e6-e933-4839-a7aa-b025ed7fd068@group-D4B31538E167-SegmentedRaftLogWorker: flushIndex: setUnconditionally 0 -> 0
2022-01-08 01:47:28,623 [pool-737-thread-1] INFO  segmented.SegmentedRaftLogWorker (SegmentedRaftLogWorker.java:lambda$new$0(133)) - 9d6916e6-e933-4839-a7aa-b025ed7fd068@group-D4B31538E167-SegmentedRaftLogWorker: safeCacheEvictIndex: setUnconditionally 0 -> -1
2022-01-08 01:47:28,648 [Listener at 127.0.0.1/40645] INFO  handler.ContextHandler (ContextHandler.java:doStart(915)) - Started o.e.j.w.WebAppContext@78e28efb{hddsDatanode,/,file:///tmp/jetty-0_0_0_0-34799-hdds-container-service-1_3_0-SNAPSHOT_jar-_-any-6384541585832821567/webapp/,AVAILABLE}{jar:file:/home/runner/.m2/repository/org/apache/ozone/hdds-container-service/1.3.0-SNAPSHOT/hdds-container-service-1.3.0-SNAPSHOT.jar!/webapps/hddsDatanode}
2022-01-08 01:47:28,651 [pool-737-thread-1] INFO  server.RaftServerConfigKeys (ConfUtils.java:logGet(44)) - raft.server.snapshot.auto.trigger.enabled = true (custom)
2022-01-08 01:47:28,651 [pool-737-thread-1] INFO  server.RaftServerConfigKeys (ConfUtils.java:logGet(44)) - raft.server.snapshot.auto.trigger.threshold = 10000 (custom)
2022-01-08 01:47:28,651 [pool-737-thread-1] INFO  server.RaftServerConfigKeys (ConfUtils.java:logGet(44)) - raft.server.snapshot.retention.file.num = 5 (custom)
2022-01-08 01:47:28,651 [pool-737-thread-1] INFO  server.RaftServerConfigKeys (ConfUtils.java:logGet(44)) - raft.server.log.purge.upto.snapshot.index = false (default)
2022-01-08 01:47:28,651 [pool-737-thread-1] INFO  server.RaftServerConfigKeys (ConfUtils.java:logGet(44)) - raft.server.retrycache.expirytime = 600000ms (custom)
2022-01-08 01:47:28,651 [pool-737-thread-1] INFO  server.RaftServerConfigKeys (ConfUtils.java:logGet(44)) - raft.server.retrycache.statistics.expirytime = 100μs (default)
2022-01-08 01:47:28,653 [pool-737-thread-1] INFO  server.RaftServer$Division (RaftServerImpl.java:<init>(184)) - 9d6916e6-e933-4839-a7aa-b025ed7fd068: new RaftServerImpl for group-AB80FE323EB3:[] with ContainerStateMachine:uninitialized
2022-01-08 01:47:28,653 [pool-737-thread-1] INFO  server.RaftServerConfigKeys (ConfUtils.java:logGet(44)) - raft.server.rpc.timeout.min = 5s (custom)
2022-01-08 01:47:28,653 [pool-737-thread-1] INFO  server.RaftServerConfigKeys (ConfUtils.java:logGet(44)) - raft.server.rpc.timeout.max = 5200ms (custom)
2022-01-08 01:47:28,653 [pool-737-thread-1] INFO  server.RaftServerConfigKeys (ConfUtils.java:logGet(44)) - raft.server.rpc.sleep.time = 25ms (default)
2022-01-08 01:47:28,653 [pool-737-thread-1] INFO  server.RaftServerConfigKeys (ConfUtils.java:logGet(44)) - raft.server.rpc.slowness.timeout = 300000ms (custom)
2022-01-08 01:47:28,653 [pool-737-thread-1] INFO  server.RaftServerConfigKeys (ConfUtils.java:logGet(44)) - raft.server.leaderelection.leader.step-down.wait-time = 10s (default)
2022-01-08 01:47:28,653 [pool-737-thread-1] INFO  server.RaftServerConfigKeys (ConfUtils.java:logGet(44)) - raft.server.sleep.deviation.threshold = 300ms (default)
2022-01-08 01:47:28,653 [pool-737-thread-1] INFO  server.RaftServerConfigKeys (ConfUtils.java:logGet(44)) - raft.server.log.appender.install.snapshot.enabled = false (custom)
2022-01-08 01:47:28,653 [pool-737-thread-1] INFO  server.RaftServer$Division (ServerState.java:<init>(105)) - 9d6916e6-e933-4839-a7aa-b025ed7fd068@group-AB80FE323EB3: ConfigurationManager, init=-1: [], old=null, confs=<EMPTY_MAP>
2022-01-08 01:47:28,653 [pool-737-thread-1] INFO  server.RaftServerConfigKeys (ConfUtils.java:logGet(44)) - raft.server.storage.dir = [/home/runner/work/ozone/ozone/hadoop-ozone/integration-test/target/test-dir/MiniOzoneClusterImpl-6a132c25-3902-4d06-b1e4-79a7ed3e0f57/datanode-1/data/ratis] (custom)
2022-01-08 01:47:28,657 [pool-737-thread-1] INFO  server.RaftServerConfigKeys (ConfUtils.java:logGet(44)) - raft.server.log.corruption.policy = EXCEPTION (default)
2022-01-08 01:47:28,657 [pool-737-thread-1] INFO  server.RaftServerConfigKeys (ConfUtils.java:logGet(44)) - raft.server.storage.free-space.min = 0MB (=0) (default)
2022-01-08 01:47:28,658 [pool-737-thread-1] INFO  storage.RaftStorageDirectory (RaftStorageDirectoryImpl.java:tryLock(230)) - Lock on /home/runner/work/ozone/ozone/hadoop-ozone/integration-test/target/test-dir/MiniOzoneClusterImpl-6a132c25-3902-4d06-b1e4-79a7ed3e0f57/datanode-1/data/ratis/f2ed03a6-aac7-4283-93ce-ab80fe323eb3/in_use.lock acquired by nodename 32692@fv-az116-279
2022-01-08 01:47:28,659 [pool-737-thread-1] INFO  storage.RaftStorage (RaftStorageImpl.java:analyzeAndRecoverStorage(110)) - Read RaftStorageMetadata{term=1, votedFor=6477641b-710a-49ab-b56b-e0f600eb5c24} from /home/runner/work/ozone/ozone/hadoop-ozone/integration-test/target/test-dir/MiniOzoneClusterImpl-6a132c25-3902-4d06-b1e4-79a7ed3e0f57/datanode-1/data/ratis/f2ed03a6-aac7-4283-93ce-ab80fe323eb3/current/raft-meta
2022-01-08 01:47:28,659 [pool-737-thread-1] INFO  ratis.ContainerStateMachine (ContainerStateMachine.java:loadSnapshot(240)) - group-AB80FE323EB3: Setting the last applied index to (t:1, i:0)
2022-01-08 01:47:28,660 [pool-737-thread-1] INFO  server.RaftServer$Division (ServerState.java:setRaftConf(387)) - 9d6916e6-e933-4839-a7aa-b025ed7fd068@group-AB80FE323EB3: set configuration 0: [6477641b-710a-49ab-b56b-e0f600eb5c24|rpc:10.1.0.34:38417|dataStream:|priority:1, 44471f42-9a01-4764-8909-e7e02c044ebe|rpc:10.1.0.34:44109|dataStream:|priority:0, 9d6916e6-e933-4839-a7aa-b025ed7fd068|rpc:10.1.0.34:40543|dataStream:|priority:0], old=null
2022-01-08 01:47:28,660 [pool-737-thread-1] INFO  server.RaftServerConfigKeys (ConfUtils.java:logGet(44)) - raft.server.notification.no-leader.timeout = 300000ms (custom)
2022-01-08 01:47:28,660 [pool-737-thread-1] INFO  server.RaftServerConfigKeys (ConfUtils.java:logGet(44)) - raft.server.log.use.memory = false (default)
2022-01-08 01:47:28,673 [pool-737-thread-1] INFO  server.RaftServerConfigKeys (ConfUtils.java:logGet(44)) - raft.server.log.purge.gap = 1000000 (custom)
2022-01-08 01:47:28,673 [pool-737-thread-1] INFO  server.RaftServerConfigKeys (ConfUtils.java:logGet(44)) - raft.server.log.appender.buffer.byte-limit = 33554432 (custom)
2022-01-08 01:47:28,673 [pool-737-thread-1] INFO  server.RaftServerConfigKeys (ConfUtils.java:logGet(44)) - raft.server.log.segment.size.max = 1048576 (custom)
2022-01-08 01:47:28,676 [pool-737-thread-1] INFO  server.RaftServerConfigKeys (ConfUtils.java:logGet(44)) - raft.server.log.segment.cache.num.max = 2 (custom)
2022-01-08 01:47:28,676 [pool-737-thread-1] INFO  server.RaftServerConfigKeys (ConfUtils.java:logGet(44)) - raft.server.log.segment.cache.size.max = 200MB (=209715200) (default)
2022-01-08 01:47:28,676 [pool-737-thread-1] INFO  segmented.SegmentedRaftLogWorker (SegmentedRaftLogWorker.java:<init>(182)) - new 9d6916e6-e933-4839-a7aa-b025ed7fd068@group-AB80FE323EB3-SegmentedRaftLogWorker for RaftStorageImpl:Storage Directory /home/runner/work/ozone/ozone/hadoop-ozone/integration-test/target/test-dir/MiniOzoneClusterImpl-6a132c25-3902-4d06-b1e4-79a7ed3e0f57/datanode-1/data/ratis/f2ed03a6-aac7-4283-93ce-ab80fe323eb3
2022-01-08 01:47:28,676 [pool-737-thread-1] INFO  server.RaftServerConfigKeys (ConfUtils.java:logGet(44)) - raft.server.log.queue.byte-limit = 2147483647 (custom)
2022-01-08 01:47:28,676 [pool-737-thread-1] INFO  server.RaftServerConfigKeys (ConfUtils.java:logGet(44)) - raft.server.log.queue.element-limit = 1024 (custom)
2022-01-08 01:47:28,677 [pool-737-thread-1] INFO  server.RaftServerConfigKeys (ConfUtils.java:logGet(44)) - raft.server.log.segment.size.max = 1048576 (custom)
2022-01-08 01:47:28,677 [pool-737-thread-1] INFO  server.RaftServerConfigKeys (ConfUtils.java:logGet(44)) - raft.server.log.preallocated.size = 16384 (custom)
2022-01-08 01:47:28,677 [pool-737-thread-1] INFO  server.RaftServerConfigKeys (ConfUtils.java:logGet(44)) - raft.server.log.force.sync.num = 128 (default)
2022-01-08 01:47:28,677 [pool-737-thread-1] INFO  server.RaftServerConfigKeys (ConfUtils.java:logGet(44)) - raft.server.log.statemachine.data.sync = true (default)
2022-01-08 01:47:28,677 [pool-737-thread-1] INFO  server.RaftServerConfigKeys (ConfUtils.java:logGet(44)) - raft.server.log.statemachine.data.sync.timeout = 10s (default)
2022-01-08 01:47:28,677 [pool-737-thread-1] INFO  server.RaftServerConfigKeys (ConfUtils.java:logGet(44)) - raft.server.log.statemachine.data.sync.timeout.retry = -1 (default)
2022-01-08 01:47:28,679 [pool-737-thread-1] INFO  server.RaftServerConfigKeys (ConfUtils.java:logGet(44)) - raft.server.log.write.buffer.size = 1048576 (custom)
2022-01-08 01:47:28,680 [pool-737-thread-1] INFO  server.RaftServerConfigKeys (ConfUtils.java:logGet(44)) - raft.server.log.statemachine.data.caching.enabled = true (custom)
2022-01-08 01:47:28,683 [Listener at 127.0.0.1/40645] INFO  server.AbstractConnector (AbstractConnector.java:doStart(331)) - Started ServerConnector@608af156{HTTP/1.1, (http/1.1)}{0.0.0.0:34799}
2022-01-08 01:47:28,683 [Listener at 127.0.0.1/40645] INFO  server.Server (Server.java:doStart(415)) - Started @267650ms
2022-01-08 01:47:28,683 [Listener at 127.0.0.1/40645] WARN  impl.MetricsSystemImpl (MetricsSystemImpl.java:register(279)) - Sink prometheus already exists!
2022-01-08 01:47:28,684 [Listener at 127.0.0.1/40645] INFO  http.BaseHttpServer (BaseHttpServer.java:updateConnectorAddress(329)) - HTTP server of hddsDatanode listening at http://0.0.0.0:34799
2022-01-08 01:47:28,685 [pool-737-thread-1] INFO  server.RaftServer$Division (ServerState.java:setRaftConf(387)) - 9d6916e6-e933-4839-a7aa-b025ed7fd068@group-AB80FE323EB3: set configuration 0: [6477641b-710a-49ab-b56b-e0f600eb5c24|rpc:10.1.0.34:38417|dataStream:|priority:1, 44471f42-9a01-4764-8909-e7e02c044ebe|rpc:10.1.0.34:44109|dataStream:|priority:0, 9d6916e6-e933-4839-a7aa-b025ed7fd068|rpc:10.1.0.34:40543|dataStream:|priority:0], old=null
2022-01-08 01:47:28,685 [pool-737-thread-1] INFO  segmented.LogSegment (LogSegment.java:loadSegment(173)) - Successfully read 1 entries from segment file /home/runner/work/ozone/ozone/hadoop-ozone/integration-test/target/test-dir/MiniOzoneClusterImpl-6a132c25-3902-4d06-b1e4-79a7ed3e0f57/datanode-1/data/ratis/f2ed03a6-aac7-4283-93ce-ab80fe323eb3/current/log_inprogress_0
2022-01-08 01:47:28,685 [pool-737-thread-1] INFO  segmented.SegmentedRaftLogWorker (SegmentedRaftLogWorker.java:lambda$new$0(133)) - 9d6916e6-e933-4839-a7aa-b025ed7fd068@group-AB80FE323EB3-SegmentedRaftLogWorker: flushIndex: setUnconditionally 0 -> 0
2022-01-08 01:47:28,685 [pool-737-thread-1] INFO  segmented.SegmentedRaftLogWorker (SegmentedRaftLogWorker.java:lambda$new$0(133)) - 9d6916e6-e933-4839-a7aa-b025ed7fd068@group-AB80FE323EB3-SegmentedRaftLogWorker: safeCacheEvictIndex: setUnconditionally 0 -> -1
2022-01-08 01:47:28,699 [Listener at 127.0.0.1/40645] INFO  ozone.MiniOzoneClusterImpl (MiniOzoneClusterImpl.java:lambda$waitForClusterToBeReady$0(235)) - Waiting for nodes to be ready. Got 6 of 7 DN Heartbeats.
2022-01-08 01:47:28,699 [Listener at 127.0.0.1/40645] INFO  ozone.MiniOzoneClusterImpl (MiniOzoneClusterImpl.java:lambda$waitForClusterToBeReady$0(238)) - Cluster exits safe mode
2022-01-08 01:47:28,699 [Listener at 127.0.0.1/40645] INFO  ozone.MiniOzoneClusterImpl (MiniOzoneClusterImpl.java:lambda$waitForClusterToBeReady$0(240)) - SCM became leader
2022-01-08 01:47:28,699 [Datanode State Machine Daemon Thread] INFO  statemachine.DatanodeStateMachine (DatanodeStateMachine.java:lambda$startDaemon$0(467)) - Ozone container server started.
2022-01-08 01:47:28,700 [pool-737-thread-1] INFO  server.RaftServerConfigKeys (ConfUtils.java:logGet(44)) - raft.server.snapshot.auto.trigger.enabled = true (custom)
2022-01-08 01:47:28,700 [pool-737-thread-1] INFO  server.RaftServerConfigKeys (ConfUtils.java:logGet(44)) - raft.server.snapshot.auto.trigger.threshold = 10000 (custom)
2022-01-08 01:47:28,700 [pool-737-thread-1] INFO  server.RaftServerConfigKeys (ConfUtils.java:logGet(44)) - raft.server.snapshot.retention.file.num = 5 (custom)
2022-01-08 01:47:28,700 [pool-737-thread-1] INFO  server.RaftServerConfigKeys (ConfUtils.java:logGet(44)) - raft.server.log.purge.upto.snapshot.index = false (default)
2022-01-08 01:47:28,700 [pool-737-thread-1] INFO  server.RaftServerConfigKeys (ConfUtils.java:logGet(44)) - raft.server.retrycache.expirytime = 600000ms (custom)
2022-01-08 01:47:28,700 [pool-737-thread-1] INFO  server.RaftServerConfigKeys (ConfUtils.java:logGet(44)) - raft.server.retrycache.statistics.expirytime = 100μs (default)
2022-01-08 01:47:28,713 [org.apache.hadoop.util.JvmPauseMonitor$Monitor@56362322] INFO  util.JvmPauseMonitor (JvmPauseMonitor.java:run(188)) - Starting JVM pause monitor
2022-01-08 01:47:29,699 [Listener at 127.0.0.1/40645] INFO  ozone.MiniOzoneClusterImpl (MiniOzoneClusterImpl.java:lambda$waitForClusterToBeReady$0(235)) - Waiting for nodes to be ready. Got 6 of 7 DN Heartbeats.
2022-01-08 01:47:29,700 [Listener at 127.0.0.1/40645] INFO  ozone.MiniOzoneClusterImpl (MiniOzoneClusterImpl.java:lambda$waitForClusterToBeReady$0(238)) - Cluster exits safe mode
2022-01-08 01:47:29,700 [Listener at 127.0.0.1/40645] INFO  ozone.MiniOzoneClusterImpl (MiniOzoneClusterImpl.java:lambda$waitForClusterToBeReady$0(240)) - SCM became leader
2022-01-08 01:47:30,701 [Listener at 127.0.0.1/40645] INFO  ozone.MiniOzoneClusterImpl (MiniOzoneClusterImpl.java:lambda$waitForClusterToBeReady$0(235)) - Waiting for nodes to be ready. Got 6 of 7 DN Heartbeats.
2022-01-08 01:47:30,701 [Listener at 127.0.0.1/40645] INFO  ozone.MiniOzoneClusterImpl (MiniOzoneClusterImpl.java:lambda$waitForClusterToBeReady$0(238)) - Cluster exits safe mode
2022-01-08 01:47:30,701 [Listener at 127.0.0.1/40645] INFO  ozone.MiniOzoneClusterImpl (MiniOzoneClusterImpl.java:lambda$waitForClusterToBeReady$0(240)) - SCM became leader
2022-01-08 01:47:30,714 [EndpointStateMachine task thread for /0.0.0.0:40019 - 0 ] INFO  ozoneimpl.OzoneContainer (OzoneContainer.java:start(315)) - Attempting to start container services.
2022-01-08 01:47:30,714 [EndpointStateMachine task thread for /0.0.0.0:40019 - 0 ] INFO  ozoneimpl.OzoneContainer (OzoneContainer.java:startContainerScrub(250)) - Background container scanner has been disabled.
2022-01-08 01:47:30,719 [EndpointStateMachine task thread for /0.0.0.0:40019 - 0 ] INFO  replication.ReplicationServer (ReplicationServer.java:start(107)) - ReplicationServer is started using port 46205
2022-01-08 01:47:30,720 [EndpointStateMachine task thread for /0.0.0.0:40019 - 0 ] INFO  ratis.XceiverServerRatis (XceiverServerRatis.java:start(484)) - Starting XceiverServerRatis 9d6916e6-e933-4839-a7aa-b025ed7fd068
2022-01-08 01:47:30,739 [EndpointStateMachine task thread for /0.0.0.0:40019 - 0 ] INFO  server.RaftServer$Division (RaftServerImpl.java:start(301)) - 9d6916e6-e933-4839-a7aa-b025ed7fd068@group-04E649E6EF01: start as a follower, conf=0: [6477641b-710a-49ab-b56b-e0f600eb5c24|rpc:10.1.0.34:38417|dataStream:|priority:0, 44471f42-9a01-4764-8909-e7e02c044ebe|rpc:10.1.0.34:44109|dataStream:|priority:0, 9d6916e6-e933-4839-a7aa-b025ed7fd068|rpc:10.1.0.34:40543|dataStream:|priority:1], old=null
2022-01-08 01:47:30,739 [EndpointStateMachine task thread for /0.0.0.0:40019 - 0 ] INFO  server.RaftServer$Division (RaftServerImpl.java:setRole(290)) - 9d6916e6-e933-4839-a7aa-b025ed7fd068@group-04E649E6EF01: changes role from      null to FOLLOWER at term 2 for startAsFollower
2022-01-08 01:47:30,739 [EndpointStateMachine task thread for /0.0.0.0:40019 - 0 ] INFO  impl.RoleInfo (RoleInfo.java:updateAndGet(130)) - 9d6916e6-e933-4839-a7aa-b025ed7fd068: start 9d6916e6-e933-4839-a7aa-b025ed7fd068@group-04E649E6EF01-FollowerState
2022-01-08 01:47:30,740 [ForkJoinPool.commonPool-worker-1] INFO  server.RaftServer$Division (RaftServerImpl.java:start(301)) - 9d6916e6-e933-4839-a7aa-b025ed7fd068@group-D4B31538E167: start as a follower, conf=0: [6477641b-710a-49ab-b56b-e0f600eb5c24|rpc:10.1.0.34:38417|dataStream:|priority:0, 44471f42-9a01-4764-8909-e7e02c044ebe|rpc:10.1.0.34:44109|dataStream:|priority:1, 9d6916e6-e933-4839-a7aa-b025ed7fd068|rpc:10.1.0.34:40543|dataStream:|priority:0], old=null
2022-01-08 01:47:30,740 [ForkJoinPool.commonPool-worker-1] INFO  server.RaftServer$Division (RaftServerImpl.java:setRole(290)) - 9d6916e6-e933-4839-a7aa-b025ed7fd068@group-D4B31538E167: changes role from      null to FOLLOWER at term 2 for startAsFollower
2022-01-08 01:47:30,741 [EndpointStateMachine task thread for /0.0.0.0:40019 - 0 ] INFO  util.JmxRegister (JmxRegister.java:tryRegister(44)) - Successfully registered JMX Bean with object name Ratis:service=RaftServer,group=group-04E649E6EF01,id=9d6916e6-e933-4839-a7aa-b025ed7fd068
2022-01-08 01:47:30,746 [EndpointStateMachine task thread for /0.0.0.0:40019 - 0 ] INFO  server.RaftServer$Division (RaftServerImpl.java:start(301)) - 9d6916e6-e933-4839-a7aa-b025ed7fd068@group-F33B4351AC6E: start as a follower, conf=0: [9d6916e6-e933-4839-a7aa-b025ed7fd068|rpc:10.1.0.34:40543|dataStream:|priority:1], old=null
2022-01-08 01:47:30,746 [EndpointStateMachine task thread for /0.0.0.0:40019 - 0 ] INFO  server.RaftServer$Division (RaftServerImpl.java:setRole(290)) - 9d6916e6-e933-4839-a7aa-b025ed7fd068@group-F33B4351AC6E: changes role from      null to FOLLOWER at term 1 for startAsFollower
2022-01-08 01:47:30,746 [EndpointStateMachine task thread for /0.0.0.0:40019 - 0 ] INFO  impl.RoleInfo (RoleInfo.java:updateAndGet(130)) - 9d6916e6-e933-4839-a7aa-b025ed7fd068: start 9d6916e6-e933-4839-a7aa-b025ed7fd068@group-F33B4351AC6E-FollowerState
2022-01-08 01:47:30,753 [EndpointStateMachine task thread for /0.0.0.0:40019 - 0 ] INFO  util.JmxRegister (JmxRegister.java:tryRegister(44)) - Successfully registered JMX Bean with object name Ratis:service=RaftServer,group=group-F33B4351AC6E,id=9d6916e6-e933-4839-a7aa-b025ed7fd068
2022-01-08 01:47:30,755 [EndpointStateMachine task thread for /0.0.0.0:40019 - 0 ] INFO  server.RaftServer$Division (RaftServerImpl.java:start(301)) - 9d6916e6-e933-4839-a7aa-b025ed7fd068@group-AB80FE323EB3: start as a follower, conf=0: [6477641b-710a-49ab-b56b-e0f600eb5c24|rpc:10.1.0.34:38417|dataStream:|priority:1, 44471f42-9a01-4764-8909-e7e02c044ebe|rpc:10.1.0.34:44109|dataStream:|priority:0, 9d6916e6-e933-4839-a7aa-b025ed7fd068|rpc:10.1.0.34:40543|dataStream:|priority:0], old=null
2022-01-08 01:47:30,755 [EndpointStateMachine task thread for /0.0.0.0:40019 - 0 ] INFO  server.RaftServer$Division (RaftServerImpl.java:setRole(290)) - 9d6916e6-e933-4839-a7aa-b025ed7fd068@group-AB80FE323EB3: changes role from      null to FOLLOWER at term 1 for startAsFollower
2022-01-08 01:47:30,755 [EndpointStateMachine task thread for /0.0.0.0:40019 - 0 ] INFO  impl.RoleInfo (RoleInfo.java:updateAndGet(130)) - 9d6916e6-e933-4839-a7aa-b025ed7fd068: start 9d6916e6-e933-4839-a7aa-b025ed7fd068@group-AB80FE323EB3-FollowerState
2022-01-08 01:47:30,756 [EndpointStateMachine task thread for /0.0.0.0:40019 - 0 ] INFO  util.JmxRegister (JmxRegister.java:tryRegister(44)) - Successfully registered JMX Bean with object name Ratis:service=RaftServer,group=group-AB80FE323EB3,id=9d6916e6-e933-4839-a7aa-b025ed7fd068
2022-01-08 01:47:30,766 [ForkJoinPool.commonPool-worker-1] INFO  impl.RoleInfo (RoleInfo.java:updateAndGet(130)) - 9d6916e6-e933-4839-a7aa-b025ed7fd068: start 9d6916e6-e933-4839-a7aa-b025ed7fd068@group-D4B31538E167-FollowerState
2022-01-08 01:47:30,772 [ForkJoinPool.commonPool-worker-1] INFO  util.JmxRegister (JmxRegister.java:tryRegister(44)) - Successfully registered JMX Bean with object name Ratis:service=RaftServer,group=group-D4B31538E167,id=9d6916e6-e933-4839-a7aa-b025ed7fd068
2022-01-08 01:47:30,773 [EndpointStateMachine task thread for /0.0.0.0:40019 - 0 ] INFO  server.RaftServer (RaftServerProxy.java:lambda$start$5(374)) - 9d6916e6-e933-4839-a7aa-b025ed7fd068: start RPC server
2022-01-08 01:47:30,773 [EndpointStateMachine task thread for /0.0.0.0:40019 - 0 ] INFO  server.GrpcService (GrpcService.java:startImpl(253)) - 9d6916e6-e933-4839-a7aa-b025ed7fd068: GrpcService started, listening on 40543
2022-01-08 01:47:30,773 [EndpointStateMachine task thread for /0.0.0.0:40019 - 0 ] INFO  ratis.XceiverServerRatis (XceiverServerRatis.java:getRealPort(505)) - XceiverServerRatis 9d6916e6-e933-4839-a7aa-b025ed7fd068 is started using port 40543 for RATIS
2022-01-08 01:47:30,773 [EndpointStateMachine task thread for /0.0.0.0:40019 - 0 ] INFO  ratis.XceiverServerRatis (XceiverServerRatis.java:getRealPort(505)) - XceiverServerRatis 9d6916e6-e933-4839-a7aa-b025ed7fd068 is started using port 40543 for RATIS_ADMIN
2022-01-08 01:47:30,773 [EndpointStateMachine task thread for /0.0.0.0:40019 - 0 ] INFO  ratis.XceiverServerRatis (XceiverServerRatis.java:getRealPort(505)) - XceiverServerRatis 9d6916e6-e933-4839-a7aa-b025ed7fd068 is started using port 40543 for RATIS_SERVER
2022-01-08 01:47:30,774 [org.apache.ratis.util.JvmPauseMonitor$$Lambda$539/2045747304@218a3cf8] INFO  util.JvmPauseMonitor (JvmPauseMonitor.java:run(103)) - JvmPauseMonitor-9d6916e6-e933-4839-a7aa-b025ed7fd068: Started
2022-01-08 01:47:31,702 [Listener at 127.0.0.1/40645] INFO  ozone.MiniOzoneClusterImpl (MiniOzoneClusterImpl.java:lambda$waitForClusterToBeReady$0(235)) - Waiting for nodes to be ready. Got 6 of 7 DN Heartbeats.
2022-01-08 01:47:31,703 [Listener at 127.0.0.1/40645] INFO  ozone.MiniOzoneClusterImpl (MiniOzoneClusterImpl.java:lambda$waitForClusterToBeReady$0(238)) - Cluster exits safe mode
2022-01-08 01:47:31,703 [Listener at 127.0.0.1/40645] INFO  ozone.MiniOzoneClusterImpl (MiniOzoneClusterImpl.java:lambda$waitForClusterToBeReady$0(240)) - SCM became leader
2022-01-08 01:47:32,703 [Listener at 127.0.0.1/40645] INFO  ozone.MiniOzoneClusterImpl (MiniOzoneClusterImpl.java:lambda$waitForClusterToBeReady$0(235)) - Waiting for nodes to be ready. Got 6 of 7 DN Heartbeats.
2022-01-08 01:47:32,703 [Listener at 127.0.0.1/40645] INFO  ozone.MiniOzoneClusterImpl (MiniOzoneClusterImpl.java:lambda$waitForClusterToBeReady$0(238)) - Cluster exits safe mode
2022-01-08 01:47:32,703 [Listener at 127.0.0.1/40645] INFO  ozone.MiniOzoneClusterImpl (MiniOzoneClusterImpl.java:lambda$waitForClusterToBeReady$0(240)) - SCM became leader
2022-01-08 01:47:32,718 [EventQueue-PipelineReportForPipelineReportHandler] INFO  pipeline.PipelineReportHandler (PipelineReportHandler.java:processPipelineReport(113)) - Reported pipeline PipelineID=f2ed03a6-aac7-4283-93ce-ab80fe323eb3 is not found
2022-01-08 01:47:32,718 [EventQueue-PipelineReportForPipelineReportHandler] INFO  pipeline.PipelineReportHandler (PipelineReportHandler.java:processPipelineReport(113)) - Reported pipeline PipelineID=f6ab5375-c2fe-4a61-b67f-d4b31538e167 is not found
2022-01-08 01:47:32,718 [EventQueue-PipelineReportForPipelineReportHandler] INFO  pipeline.PipelineReportHandler (PipelineReportHandler.java:processPipelineReport(113)) - Reported pipeline PipelineID=ebe7d31a-a166-4fb1-b6b3-04e649e6ef01 is not found
2022-01-08 01:47:32,718 [EventQueue-PipelineReportForPipelineReportHandler] INFO  pipeline.PipelineReportHandler (PipelineReportHandler.java:processPipelineReport(113)) - Reported pipeline PipelineID=3c427e93-4362-4243-92cd-f33b4351ac6e is not found
2022-01-08 01:47:33,703 [Listener at 127.0.0.1/40645] INFO  ozone.MiniOzoneClusterImpl (MiniOzoneClusterImpl.java:lambda$waitForClusterToBeReady$0(235)) - Waiting for nodes to be ready. Got 6 of 7 DN Heartbeats.
2022-01-08 01:47:33,703 [Listener at 127.0.0.1/40645] INFO  ozone.MiniOzoneClusterImpl (MiniOzoneClusterImpl.java:lambda$waitForClusterToBeReady$0(238)) - Cluster exits safe mode
2022-01-08 01:47:33,704 [Listener at 127.0.0.1/40645] INFO  ozone.MiniOzoneClusterImpl (MiniOzoneClusterImpl.java:lambda$waitForClusterToBeReady$0(240)) - SCM became leader
2022-01-08 01:47:34,704 [Listener at 127.0.0.1/40645] INFO  ozone.MiniOzoneClusterImpl (MiniOzoneClusterImpl.java:lambda$waitForClusterToBeReady$0(235)) - Waiting for nodes to be ready. Got 6 of 7 DN Heartbeats.
2022-01-08 01:47:34,704 [Listener at 127.0.0.1/40645] INFO  ozone.MiniOzoneClusterImpl (MiniOzoneClusterImpl.java:lambda$waitForClusterToBeReady$0(238)) - Cluster exits safe mode
2022-01-08 01:47:34,704 [Listener at 127.0.0.1/40645] INFO  ozone.MiniOzoneClusterImpl (MiniOzoneClusterImpl.java:lambda$waitForClusterToBeReady$0(240)) - SCM became leader
2022-01-08 01:47:34,799 [EventQueue-HealthyReadonlyNodeForHealthyReadOnlyNodeHandler] INFO  node.HealthyReadOnlyNodeHandler (HealthyReadOnlyNodeHandler.java:onMessage(58)) - Datanode 9d6916e6-e933-4839-a7aa-b025ed7fd068{ip: 10.1.0.34, host: fv-az116-279.vzw04321ajxubdbcnpick5nqva.xx.internal.cloudapp.net, ports: [REPLICATION=45495, RATIS=40543, RATIS_ADMIN=40543, RATIS_SERVER=40543, STANDALONE=40997], networkLocation: /default-rack, certSerialId: null, persistedOpState: IN_SERVICE, persistedOpStateExpiryEpochSec: 0} moved to HEALTHY READONLY state.
2022-01-08 01:47:34,800 [EventQueue-HealthyReadonlyNodeForHealthyReadOnlyNodeHandler] INFO  net.NetworkTopologyImpl (NetworkTopologyImpl.java:add(112)) - Added a new node: /default-rack/9d6916e6-e933-4839-a7aa-b025ed7fd068
2022-01-08 01:47:34,916 [EventQueue-HealthyReadonlyToHealthyNodeForReadOnlyHealthyToHealthyNodeHandler] INFO  node.ReadOnlyHealthyToHealthyNodeHandler (ReadOnlyHealthyToHealthyNodeHandler.java:onMessage(51)) - Datanode 9d6916e6-e933-4839-a7aa-b025ed7fd068{ip: 10.1.0.34, host: fv-az116-279.vzw04321ajxubdbcnpick5nqva.xx.internal.cloudapp.net, ports: [REPLICATION=45495, RATIS=40543, RATIS_ADMIN=40543, RATIS_SERVER=40543, STANDALONE=40997], networkLocation: /default-rack, certSerialId: null, persistedOpState: IN_SERVICE, persistedOpStateExpiryEpochSec: 0} moved to HEALTHY state.
2022-01-08 01:47:34,917 [EventQueue-HealthyReadonlyToHealthyNodeForReadOnlyHealthyToHealthyNodeHandler] INFO  pipeline.BackgroundPipelineCreator (BackgroundPipelineCreator.java:notifyEventTriggered(285)) - trigger a one-shot run on RatisPipelineUtilsThread.
2022-01-08 01:47:34,918 [RatisPipelineUtilsThread - 0] INFO  pipeline.RatisPipelineProvider (RatisPipelineProvider.java:lambda$create$0(183)) - Sending CreatePipelineCommand for pipeline:PipelineID=2d77fd3c-641f-4223-9abe-735aa5d0622b to datanode:9d6916e6-e933-4839-a7aa-b025ed7fd068
2022-01-08 01:47:34,919 [RatisPipelineUtilsThread - 0] INFO  pipeline.PipelineStateManagerImpl (PipelineStateManagerImpl.java:addPipeline(101)) - Created pipeline Pipeline[ Id: 2d77fd3c-641f-4223-9abe-735aa5d0622b, Nodes: 9d6916e6-e933-4839-a7aa-b025ed7fd068{ip: 10.1.0.34, host: fv-az116-279.vzw04321ajxubdbcnpick5nqva.xx.internal.cloudapp.net, ports: [REPLICATION=45495, RATIS=40543, RATIS_ADMIN=40543, RATIS_SERVER=40543, STANDALONE=40997], networkLocation: /default-rack, certSerialId: null, persistedOpState: IN_SERVICE, persistedOpStateExpiryEpochSec: 0}, ReplicationConfig: RATIS/ONE, State:ALLOCATED, leaderId:, CreationTimestamp2022-01-08T01:47:34.918Z[Etc/UTC]].
2022-01-08 01:47:34,919 [RatisPipelineUtilsThread - 0] INFO  pipeline.RatisPipelineProvider (RatisPipelineProvider.java:lambda$create$0(183)) - Sending CreatePipelineCommand for pipeline:PipelineID=0026e3cf-d5f4-426a-a575-ce8b11469daa to datanode:9d6916e6-e933-4839-a7aa-b025ed7fd068
2022-01-08 01:47:34,919 [RatisPipelineUtilsThread - 0] INFO  pipeline.RatisPipelineProvider (RatisPipelineProvider.java:lambda$create$0(183)) - Sending CreatePipelineCommand for pipeline:PipelineID=0026e3cf-d5f4-426a-a575-ce8b11469daa to datanode:6477641b-710a-49ab-b56b-e0f600eb5c24
2022-01-08 01:47:34,919 [RatisPipelineUtilsThread - 0] INFO  pipeline.RatisPipelineProvider (RatisPipelineProvider.java:lambda$create$0(183)) - Sending CreatePipelineCommand for pipeline:PipelineID=0026e3cf-d5f4-426a-a575-ce8b11469daa to datanode:44471f42-9a01-4764-8909-e7e02c044ebe
2022-01-08 01:47:34,919 [RatisPipelineUtilsThread - 0] INFO  pipeline.PipelineStateManagerImpl (PipelineStateManagerImpl.java:addPipeline(101)) - Created pipeline Pipeline[ Id: 0026e3cf-d5f4-426a-a575-ce8b11469daa, Nodes: 9d6916e6-e933-4839-a7aa-b025ed7fd068{ip: 10.1.0.34, host: fv-az116-279.vzw04321ajxubdbcnpick5nqva.xx.internal.cloudapp.net, ports: [REPLICATION=45495, RATIS=40543, RATIS_ADMIN=40543, RATIS_SERVER=40543, STANDALONE=40997], networkLocation: /default-rack, certSerialId: null, persistedOpState: IN_SERVICE, persistedOpStateExpiryEpochSec: 0}6477641b-710a-49ab-b56b-e0f600eb5c24{ip: 10.1.0.34, host: fv-az116-279.vzw04321ajxubdbcnpick5nqva.xx.internal.cloudapp.net, ports: [REPLICATION=32997, RATIS=38417, RATIS_ADMIN=38417, RATIS_SERVER=38417, STANDALONE=42453], networkLocation: /default-rack, certSerialId: null, persistedOpState: IN_SERVICE, persistedOpStateExpiryEpochSec: 0}44471f42-9a01-4764-8909-e7e02c044ebe{ip: 10.1.0.34, host: fv-az116-279.vzw04321ajxubdbcnpick5nqva.xx.internal.cloudapp.net, ports: [REPLICATION=36939, RATIS=44109, RATIS_ADMIN=44109, RATIS_SERVER=44109, STANDALONE=34571], networkLocation: /default-rack, certSerialId: null, persistedOpState: IN_SERVICE, persistedOpStateExpiryEpochSec: 0}, ReplicationConfig: RATIS/THREE, State:ALLOCATED, leaderId:, CreationTimestamp2022-01-08T01:47:34.919Z[Etc/UTC]].
2022-01-08 01:47:34,920 [RatisPipelineUtilsThread - 0] INFO  pipeline.RatisPipelineProvider (RatisPipelineProvider.java:lambda$create$0(183)) - Sending CreatePipelineCommand for pipeline:PipelineID=98d41487-13da-4396-8abb-57b31bb58ab0 to datanode:6477641b-710a-49ab-b56b-e0f600eb5c24
2022-01-08 01:47:34,920 [RatisPipelineUtilsThread - 0] INFO  pipeline.RatisPipelineProvider (RatisPipelineProvider.java:lambda$create$0(183)) - Sending CreatePipelineCommand for pipeline:PipelineID=98d41487-13da-4396-8abb-57b31bb58ab0 to datanode:9d6916e6-e933-4839-a7aa-b025ed7fd068
2022-01-08 01:47:34,920 [RatisPipelineUtilsThread - 0] INFO  pipeline.RatisPipelineProvider (RatisPipelineProvider.java:lambda$create$0(183)) - Sending CreatePipelineCommand for pipeline:PipelineID=98d41487-13da-4396-8abb-57b31bb58ab0 to datanode:44471f42-9a01-4764-8909-e7e02c044ebe
2022-01-08 01:47:34,920 [RatisPipelineUtilsThread - 0] INFO  pipeline.PipelineStateManagerImpl (PipelineStateManagerImpl.java:addPipeline(101)) - Created pipeline Pipeline[ Id: 98d41487-13da-4396-8abb-57b31bb58ab0, Nodes: 6477641b-710a-49ab-b56b-e0f600eb5c24{ip: 10.1.0.34, host: fv-az116-279.vzw04321ajxubdbcnpick5nqva.xx.internal.cloudapp.net, ports: [REPLICATION=32997, RATIS=38417, RATIS_ADMIN=38417, RATIS_SERVER=38417, STANDALONE=42453], networkLocation: /default-rack, certSerialId: null, persistedOpState: IN_SERVICE, persistedOpStateExpiryEpochSec: 0}9d6916e6-e933-4839-a7aa-b025ed7fd068{ip: 10.1.0.34, host: fv-az116-279.vzw04321ajxubdbcnpick5nqva.xx.internal.cloudapp.net, ports: [REPLICATION=45495, RATIS=40543, RATIS_ADMIN=40543, RATIS_SERVER=40543, STANDALONE=40997], networkLocation: /default-rack, certSerialId: null, persistedOpState: IN_SERVICE, persistedOpStateExpiryEpochSec: 0}44471f42-9a01-4764-8909-e7e02c044ebe{ip: 10.1.0.34, host: fv-az116-279.vzw04321ajxubdbcnpick5nqva.xx.internal.cloudapp.net, ports: [REPLICATION=36939, RATIS=44109, RATIS_ADMIN=44109, RATIS_SERVER=44109, STANDALONE=34571], networkLocation: /default-rack, certSerialId: null, persistedOpState: IN_SERVICE, persistedOpStateExpiryEpochSec: 0}, ReplicationConfig: RATIS/THREE, State:ALLOCATED, leaderId:, CreationTimestamp2022-01-08T01:47:34.920Z[Etc/UTC]].
2022-01-08 01:47:34,920 [RatisPipelineUtilsThread - 0] INFO  pipeline.PipelineManagerImpl (PipelineManagerImpl.java:recordMetricsForPipeline(639)) - Pipeline: PipelineID=98d41487-13da-4396-8abb-57b31bb58ab0 contains same datanodes as previous pipelines: PipelineID=0026e3cf-d5f4-426a-a575-ce8b11469daa nodeIds: 6477641b-710a-49ab-b56b-e0f600eb5c24, 9d6916e6-e933-4839-a7aa-b025ed7fd068, 44471f42-9a01-4764-8909-e7e02c044ebe
2022-01-08 01:47:34,921 [RatisPipelineUtilsThread - 0] INFO  pipeline.RatisPipelineProvider (RatisPipelineProvider.java:lambda$create$0(183)) - Sending CreatePipelineCommand for pipeline:PipelineID=bf5e8428-5878-49a6-8fa1-c60743901939 to datanode:44471f42-9a01-4764-8909-e7e02c044ebe
2022-01-08 01:47:34,921 [RatisPipelineUtilsThread - 0] INFO  pipeline.RatisPipelineProvider (RatisPipelineProvider.java:lambda$create$0(183)) - Sending CreatePipelineCommand for pipeline:PipelineID=bf5e8428-5878-49a6-8fa1-c60743901939 to datanode:6477641b-710a-49ab-b56b-e0f600eb5c24
2022-01-08 01:47:34,921 [RatisPipelineUtilsThread - 0] INFO  pipeline.RatisPipelineProvider (RatisPipelineProvider.java:lambda$create$0(183)) - Sending CreatePipelineCommand for pipeline:PipelineID=bf5e8428-5878-49a6-8fa1-c60743901939 to datanode:a0cd68b1-75b0-4717-86f8-69ceed32178b
2022-01-08 01:47:34,921 [RatisPipelineUtilsThread - 0] INFO  pipeline.PipelineStateManagerImpl (PipelineStateManagerImpl.java:addPipeline(101)) - Created pipeline Pipeline[ Id: bf5e8428-5878-49a6-8fa1-c60743901939, Nodes: 44471f42-9a01-4764-8909-e7e02c044ebe{ip: 10.1.0.34, host: fv-az116-279.vzw04321ajxubdbcnpick5nqva.xx.internal.cloudapp.net, ports: [REPLICATION=36939, RATIS=44109, RATIS_ADMIN=44109, RATIS_SERVER=44109, STANDALONE=34571], networkLocation: /default-rack, certSerialId: null, persistedOpState: IN_SERVICE, persistedOpStateExpiryEpochSec: 0}6477641b-710a-49ab-b56b-e0f600eb5c24{ip: 10.1.0.34, host: fv-az116-279.vzw04321ajxubdbcnpick5nqva.xx.internal.cloudapp.net, ports: [REPLICATION=32997, RATIS=38417, RATIS_ADMIN=38417, RATIS_SERVER=38417, STANDALONE=42453], networkLocation: /default-rack, certSerialId: null, persistedOpState: IN_SERVICE, persistedOpStateExpiryEpochSec: 0}a0cd68b1-75b0-4717-86f8-69ceed32178b{ip: 10.1.0.34, host: fv-az116-279.vzw04321ajxubdbcnpick5nqva.xx.internal.cloudapp.net, ports: [REPLICATION=45487, RATIS=43001, RATIS_ADMIN=43001, RATIS_SERVER=43001, STANDALONE=37831], networkLocation: /default-rack, certSerialId: null, persistedOpState: IN_SERVICE, persistedOpStateExpiryEpochSec: 0}, ReplicationConfig: RATIS/THREE, State:ALLOCATED, leaderId:, CreationTimestamp2022-01-08T01:47:34.921Z[Etc/UTC]].
2022-01-08 01:47:35,704 [Listener at 127.0.0.1/40645] INFO  ozone.MiniOzoneClusterImpl (MiniOzoneClusterImpl.java:lambda$waitForClusterToBeReady$0(235)) - Nodes are ready. Got 7 of 7 DN Heartbeats.
2022-01-08 01:47:35,704 [Listener at 127.0.0.1/40645] INFO  ozone.MiniOzoneClusterImpl (MiniOzoneClusterImpl.java:lambda$waitForClusterToBeReady$0(238)) - Cluster exits safe mode
2022-01-08 01:47:35,704 [Listener at 127.0.0.1/40645] INFO  ozone.MiniOzoneClusterImpl (MiniOzoneClusterImpl.java:lambda$waitForClusterToBeReady$0(240)) - SCM became leader
2022-01-08 01:47:35,721 [Command processor thread] INFO  server.RaftServer (RaftServerProxy.java:remove(106)) - 9d6916e6-e933-4839-a7aa-b025ed7fd068: remove  FOLLOWER 9d6916e6-e933-4839-a7aa-b025ed7fd068@group-AB80FE323EB3:t1, leader=null, voted=6477641b-710a-49ab-b56b-e0f600eb5c24, raftlog=9d6916e6-e933-4839-a7aa-b025ed7fd068@group-AB80FE323EB3-SegmentedRaftLog:OPENED:c0, conf=0: [6477641b-710a-49ab-b56b-e0f600eb5c24|rpc:10.1.0.34:38417|dataStream:|priority:1, 44471f42-9a01-4764-8909-e7e02c044ebe|rpc:10.1.0.34:44109|dataStream:|priority:0, 9d6916e6-e933-4839-a7aa-b025ed7fd068|rpc:10.1.0.34:40543|dataStream:|priority:0], old=null RUNNING
2022-01-08 01:47:35,721 [Command processor thread] INFO  server.RaftServer$Division (RaftServerImpl.java:lambda$close$4(412)) - 9d6916e6-e933-4839-a7aa-b025ed7fd068@group-AB80FE323EB3: shutdown
2022-01-08 01:47:35,721 [Command processor thread] INFO  util.JmxRegister (JmxRegister.java:unregister(73)) - Successfully un-registered JMX Bean with object name Ratis:service=RaftServer,group=group-AB80FE323EB3,id=9d6916e6-e933-4839-a7aa-b025ed7fd068
2022-01-08 01:47:35,721 [Command processor thread] INFO  impl.RoleInfo (RoleInfo.java:shutdownFollowerState(108)) - 9d6916e6-e933-4839-a7aa-b025ed7fd068: shutdown 9d6916e6-e933-4839-a7aa-b025ed7fd068@group-AB80FE323EB3-FollowerState
2022-01-08 01:47:35,736 [Command processor thread] INFO  impl.StateMachineUpdater (StateMachineUpdater.java:stopAndJoin(149)) - 9d6916e6-e933-4839-a7aa-b025ed7fd068@group-AB80FE323EB3-StateMachineUpdater: set stopIndex = 0
2022-01-08 01:47:35,771 [Command processor thread] INFO  server.RaftServer$Division (ServerState.java:close(419)) - 9d6916e6-e933-4839-a7aa-b025ed7fd068@group-AB80FE323EB3: closes. applyIndex: 0
2022-01-08 01:47:35,772 [9d6916e6-e933-4839-a7aa-b025ed7fd068@group-AB80FE323EB3-FollowerState] INFO  impl.FollowerState (FollowerState.java:run(143)) - 9d6916e6-e933-4839-a7aa-b025ed7fd068@group-AB80FE323EB3-FollowerState was interrupted: {}
java.lang.InterruptedException: sleep interrupted
	at java.lang.Thread.sleep(Native Method)
	at java.lang.Thread.sleep(Thread.java:340)
	at java.util.concurrent.TimeUnit.sleep(TimeUnit.java:386)
	at org.apache.ratis.util.TimeDuration.sleep(TimeDuration.java:324)
	at org.apache.ratis.util.TimeDuration.sleep(TimeDuration.java:309)
	at org.apache.ratis.server.impl.FollowerState.run(FollowerState.java:118)
2022-01-08 01:47:35,787 [9d6916e6-e933-4839-a7aa-b025ed7fd068@group-AB80FE323EB3-SegmentedRaftLogWorker] INFO  segmented.SegmentedRaftLogWorker (SegmentedRaftLogWorker.java:run(327)) - 9d6916e6-e933-4839-a7aa-b025ed7fd068@group-AB80FE323EB3-SegmentedRaftLogWorker was interrupted, exiting. There are 0 tasks remaining in the queue.
2022-01-08 01:47:35,794 [Command processor thread] INFO  segmented.SegmentedRaftLogWorker (SegmentedRaftLogWorker.java:close(237)) - 9d6916e6-e933-4839-a7aa-b025ed7fd068@group-AB80FE323EB3-SegmentedRaftLogWorker close()
2022-01-08 01:47:35,797 [Command processor thread] INFO  server.RaftServer$Division (RaftServerImpl.java:groupRemove(382)) - 9d6916e6-e933-4839-a7aa-b025ed7fd068@group-AB80FE323EB3: Succeed to remove RaftStorageDirectory Storage Directory /home/runner/work/ozone/ozone/hadoop-ozone/integration-test/target/test-dir/MiniOzoneClusterImpl-6a132c25-3902-4d06-b1e4-79a7ed3e0f57/datanode-1/data/ratis/f2ed03a6-aac7-4283-93ce-ab80fe323eb3
2022-01-08 01:47:35,797 [Command processor thread] INFO  commandhandler.ClosePipelineCommandHandler (ClosePipelineCommandHandler.java:handle(78)) - Close Pipeline PipelineID=f2ed03a6-aac7-4283-93ce-ab80fe323eb3 command on datanode 9d6916e6-e933-4839-a7aa-b025ed7fd068.
2022-01-08 01:47:35,797 [Command processor thread] INFO  server.RaftServer (RaftServerProxy.java:remove(106)) - 9d6916e6-e933-4839-a7aa-b025ed7fd068: remove  FOLLOWER 9d6916e6-e933-4839-a7aa-b025ed7fd068@group-D4B31538E167:t2, leader=null, voted=44471f42-9a01-4764-8909-e7e02c044ebe, raftlog=9d6916e6-e933-4839-a7aa-b025ed7fd068@group-D4B31538E167-SegmentedRaftLog:OPENED:c0, conf=0: [6477641b-710a-49ab-b56b-e0f600eb5c24|rpc:10.1.0.34:38417|dataStream:|priority:0, 44471f42-9a01-4764-8909-e7e02c044ebe|rpc:10.1.0.34:44109|dataStream:|priority:1, 9d6916e6-e933-4839-a7aa-b025ed7fd068|rpc:10.1.0.34:40543|dataStream:|priority:0], old=null RUNNING
2022-01-08 01:47:35,797 [Command processor thread] INFO  server.RaftServer$Division (RaftServerImpl.java:lambda$close$4(412)) - 9d6916e6-e933-4839-a7aa-b025ed7fd068@group-D4B31538E167: shutdown
2022-01-08 01:47:35,797 [Command processor thread] INFO  util.JmxRegister (JmxRegister.java:unregister(73)) - Successfully un-registered JMX Bean with object name Ratis:service=RaftServer,group=group-D4B31538E167,id=9d6916e6-e933-4839-a7aa-b025ed7fd068
2022-01-08 01:47:35,797 [Command processor thread] INFO  impl.RoleInfo (RoleInfo.java:shutdownFollowerState(108)) - 9d6916e6-e933-4839-a7aa-b025ed7fd068: shutdown 9d6916e6-e933-4839-a7aa-b025ed7fd068@group-D4B31538E167-FollowerState
2022-01-08 01:47:35,797 [Command processor thread] INFO  impl.StateMachineUpdater (StateMachineUpdater.java:stopAndJoin(149)) - 9d6916e6-e933-4839-a7aa-b025ed7fd068@group-D4B31538E167-StateMachineUpdater: set stopIndex = 0
2022-01-08 01:47:35,797 [9d6916e6-e933-4839-a7aa-b025ed7fd068@group-D4B31538E167-FollowerState] INFO  impl.FollowerState (FollowerState.java:run(143)) - 9d6916e6-e933-4839-a7aa-b025ed7fd068@group-D4B31538E167-FollowerState was interrupted: {}
java.lang.InterruptedException: sleep interrupted
	at java.lang.Thread.sleep(Native Method)
	at java.lang.Thread.sleep(Thread.java:340)
	at java.util.concurrent.TimeUnit.sleep(TimeUnit.java:386)
	at org.apache.ratis.util.TimeDuration.sleep(TimeDuration.java:324)
	at org.apache.ratis.util.TimeDuration.sleep(TimeDuration.java:309)
	at org.apache.ratis.server.impl.FollowerState.run(FollowerState.java:118)
2022-01-08 01:47:35,817 [9d6916e6-e933-4839-a7aa-b025ed7fd068@group-F33B4351AC6E-FollowerState] INFO  impl.FollowerState (FollowerState.java:run(134)) - 9d6916e6-e933-4839-a7aa-b025ed7fd068@group-F33B4351AC6E-FollowerState: change to CANDIDATE, lastRpcElapsedTime:5071441418ns, electionTimeout:5039ms
2022-01-08 01:47:35,818 [Command processor thread] INFO  server.RaftServer$Division (ServerState.java:close(419)) - 9d6916e6-e933-4839-a7aa-b025ed7fd068@group-D4B31538E167: closes. applyIndex: 0
2022-01-08 01:47:35,818 [9d6916e6-e933-4839-a7aa-b025ed7fd068@group-F33B4351AC6E-FollowerState] INFO  impl.RoleInfo (RoleInfo.java:shutdownFollowerState(108)) - 9d6916e6-e933-4839-a7aa-b025ed7fd068: shutdown 9d6916e6-e933-4839-a7aa-b025ed7fd068@group-F33B4351AC6E-FollowerState
2022-01-08 01:47:35,818 [9d6916e6-e933-4839-a7aa-b025ed7fd068@group-D4B31538E167-SegmentedRaftLogWorker] INFO  segmented.SegmentedRaftLogWorker (SegmentedRaftLogWorker.java:run(327)) - 9d6916e6-e933-4839-a7aa-b025ed7fd068@group-D4B31538E167-SegmentedRaftLogWorker was interrupted, exiting. There are 0 tasks remaining in the queue.
2022-01-08 01:47:35,818 [9d6916e6-e933-4839-a7aa-b025ed7fd068@group-F33B4351AC6E-FollowerState] INFO  server.RaftServer$Division (RaftServerImpl.java:setRole(290)) - 9d6916e6-e933-4839-a7aa-b025ed7fd068@group-F33B4351AC6E: changes role from  FOLLOWER to CANDIDATE at term 1 for changeToCandidate
2022-01-08 01:47:35,818 [9d6916e6-e933-4839-a7aa-b025ed7fd068@group-F33B4351AC6E-FollowerState] INFO  server.RaftServerConfigKeys (ConfUtils.java:logGet(44)) - raft.server.leaderelection.pre-vote = false (custom)
2022-01-08 01:47:35,818 [9d6916e6-e933-4839-a7aa-b025ed7fd068@group-F33B4351AC6E-FollowerState] INFO  impl.RoleInfo (RoleInfo.java:updateAndGet(130)) - 9d6916e6-e933-4839-a7aa-b025ed7fd068: start 9d6916e6-e933-4839-a7aa-b025ed7fd068@group-F33B4351AC6E-LeaderElection100
2022-01-08 01:47:35,839 [Command processor thread] INFO  segmented.SegmentedRaftLogWorker (SegmentedRaftLogWorker.java:close(237)) - 9d6916e6-e933-4839-a7aa-b025ed7fd068@group-D4B31538E167-SegmentedRaftLogWorker close()
2022-01-08 01:47:35,852 [Command processor thread] INFO  server.RaftServer$Division (RaftServerImpl.java:groupRemove(382)) - 9d6916e6-e933-4839-a7aa-b025ed7fd068@group-D4B31538E167: Succeed to remove RaftStorageDirectory Storage Directory /home/runner/work/ozone/ozone/hadoop-ozone/integration-test/target/test-dir/MiniOzoneClusterImpl-6a132c25-3902-4d06-b1e4-79a7ed3e0f57/datanode-1/data/ratis/f6ab5375-c2fe-4a61-b67f-d4b31538e167
2022-01-08 01:47:35,852 [Command processor thread] INFO  commandhandler.ClosePipelineCommandHandler (ClosePipelineCommandHandler.java:handle(78)) - Close Pipeline PipelineID=f6ab5375-c2fe-4a61-b67f-d4b31538e167 command on datanode 9d6916e6-e933-4839-a7aa-b025ed7fd068.
2022-01-08 01:47:35,852 [Command processor thread] INFO  server.RaftServer (RaftServerProxy.java:remove(106)) - 9d6916e6-e933-4839-a7aa-b025ed7fd068: remove  FOLLOWER 9d6916e6-e933-4839-a7aa-b025ed7fd068@group-04E649E6EF01:t2, leader=null, voted=9d6916e6-e933-4839-a7aa-b025ed7fd068, raftlog=9d6916e6-e933-4839-a7aa-b025ed7fd068@group-04E649E6EF01-SegmentedRaftLog:OPENED:c0, conf=0: [6477641b-710a-49ab-b56b-e0f600eb5c24|rpc:10.1.0.34:38417|dataStream:|priority:0, 44471f42-9a01-4764-8909-e7e02c044ebe|rpc:10.1.0.34:44109|dataStream:|priority:0, 9d6916e6-e933-4839-a7aa-b025ed7fd068|rpc:10.1.0.34:40543|dataStream:|priority:1], old=null RUNNING
2022-01-08 01:47:35,852 [Command processor thread] INFO  server.RaftServer$Division (RaftServerImpl.java:lambda$close$4(412)) - 9d6916e6-e933-4839-a7aa-b025ed7fd068@group-04E649E6EF01: shutdown
2022-01-08 01:47:35,852 [Command processor thread] INFO  util.JmxRegister (JmxRegister.java:unregister(73)) - Successfully un-registered JMX Bean with object name Ratis:service=RaftServer,group=group-04E649E6EF01,id=9d6916e6-e933-4839-a7aa-b025ed7fd068
2022-01-08 01:47:35,852 [Command processor thread] INFO  impl.RoleInfo (RoleInfo.java:shutdownFollowerState(108)) - 9d6916e6-e933-4839-a7aa-b025ed7fd068: shutdown 9d6916e6-e933-4839-a7aa-b025ed7fd068@group-04E649E6EF01-FollowerState
2022-01-08 01:47:35,852 [Command processor thread] INFO  impl.StateMachineUpdater (StateMachineUpdater.java:stopAndJoin(149)) - 9d6916e6-e933-4839-a7aa-b025ed7fd068@group-04E649E6EF01-StateMachineUpdater: set stopIndex = 0
2022-01-08 01:47:35,853 [9d6916e6-e933-4839-a7aa-b025ed7fd068@group-04E649E6EF01-FollowerState] INFO  impl.FollowerState (FollowerState.java:run(143)) - 9d6916e6-e933-4839-a7aa-b025ed7fd068@group-04E649E6EF01-FollowerState was interrupted: {}
java.lang.InterruptedException: sleep interrupted
	at java.lang.Thread.sleep(Native Method)
	at java.lang.Thread.sleep(Thread.java:340)
	at java.util.concurrent.TimeUnit.sleep(TimeUnit.java:386)
	at org.apache.ratis.util.TimeDuration.sleep(TimeDuration.java:324)
	at org.apache.ratis.util.TimeDuration.sleep(TimeDuration.java:309)
	at org.apache.ratis.server.impl.FollowerState.run(FollowerState.java:118)
2022-01-08 01:47:35,853 [Command processor thread] INFO  server.RaftServer$Division (ServerState.java:close(419)) - 9d6916e6-e933-4839-a7aa-b025ed7fd068@group-04E649E6EF01: closes. applyIndex: 0
2022-01-08 01:47:35,853 [9d6916e6-e933-4839-a7aa-b025ed7fd068@group-04E649E6EF01-SegmentedRaftLogWorker] INFO  segmented.SegmentedRaftLogWorker (SegmentedRaftLogWorker.java:run(327)) - 9d6916e6-e933-4839-a7aa-b025ed7fd068@group-04E649E6EF01-SegmentedRaftLogWorker was interrupted, exiting. There are 0 tasks remaining in the queue.
2022-01-08 01:47:35,859 [Command processor thread] INFO  segmented.SegmentedRaftLogWorker (SegmentedRaftLogWorker.java:close(237)) - 9d6916e6-e933-4839-a7aa-b025ed7fd068@group-04E649E6EF01-SegmentedRaftLogWorker close()
2022-01-08 01:47:35,864 [9d6916e6-e933-4839-a7aa-b025ed7fd068@group-F33B4351AC6E-LeaderElection100] INFO  impl.LeaderElection (LeaderElection.java:askForVotes(306)) - 9d6916e6-e933-4839-a7aa-b025ed7fd068@group-F33B4351AC6E-LeaderElection100 ELECTION round 0: submit vote requests at term 2 for 0: [9d6916e6-e933-4839-a7aa-b025ed7fd068|rpc:10.1.0.34:40543|dataStream:|priority:1], old=null
2022-01-08 01:47:35,864 [9d6916e6-e933-4839-a7aa-b025ed7fd068@group-F33B4351AC6E-LeaderElection100] INFO  impl.LeaderElection (LeaderElection.java:askForVotes(308)) - 9d6916e6-e933-4839-a7aa-b025ed7fd068@group-F33B4351AC6E-LeaderElection100 ELECTION round 0: result PASSED (term=2)
2022-01-08 01:47:35,864 [9d6916e6-e933-4839-a7aa-b025ed7fd068@group-F33B4351AC6E-LeaderElection100] INFO  impl.RoleInfo (RoleInfo.java:shutdownLeaderElection(121)) - 9d6916e6-e933-4839-a7aa-b025ed7fd068: shutdown 9d6916e6-e933-4839-a7aa-b025ed7fd068@group-F33B4351AC6E-LeaderElection100
2022-01-08 01:47:35,864 [9d6916e6-e933-4839-a7aa-b025ed7fd068@group-F33B4351AC6E-LeaderElection100] INFO  server.RaftServer$Division (RaftServerImpl.java:setRole(290)) - 9d6916e6-e933-4839-a7aa-b025ed7fd068@group-F33B4351AC6E: changes role from CANDIDATE to LEADER at term 2 for changeToLeader
2022-01-08 01:47:35,864 [9d6916e6-e933-4839-a7aa-b025ed7fd068@group-F33B4351AC6E-LeaderElection100] INFO  ratis.XceiverServerRatis (XceiverServerRatis.java:handleLeaderChangedNotification(866)) - Leader change notification received for group: group-F33B4351AC6E with new leaderId: 9d6916e6-e933-4839-a7aa-b025ed7fd068
2022-01-08 01:47:35,864 [9d6916e6-e933-4839-a7aa-b025ed7fd068@group-F33B4351AC6E-LeaderElection100] INFO  server.RaftServer$Division (ServerState.java:setLeader(285)) - 9d6916e6-e933-4839-a7aa-b025ed7fd068@group-F33B4351AC6E: change Leader from null to 9d6916e6-e933-4839-a7aa-b025ed7fd068 at term 2 for becomeLeader, leader elected after 7282ms
2022-01-08 01:47:35,864 [Command processor thread] INFO  server.RaftServer$Division (RaftServerImpl.java:groupRemove(382)) - 9d6916e6-e933-4839-a7aa-b025ed7fd068@group-04E649E6EF01: Succeed to remove RaftStorageDirectory Storage Directory /home/runner/work/ozone/ozone/hadoop-ozone/integration-test/target/test-dir/MiniOzoneClusterImpl-6a132c25-3902-4d06-b1e4-79a7ed3e0f57/datanode-1/data/ratis/ebe7d31a-a166-4fb1-b6b3-04e649e6ef01
2022-01-08 01:47:35,864 [9d6916e6-e933-4839-a7aa-b025ed7fd068@group-F33B4351AC6E-LeaderElection100] INFO  server.RaftServerConfigKeys (ConfUtils.java:logGet(44)) - raft.server.staging.catchup.gap = 1000 (default)
2022-01-08 01:47:35,864 [Command processor thread] INFO  commandhandler.ClosePipelineCommandHandler (ClosePipelineCommandHandler.java:handle(78)) - Close Pipeline PipelineID=ebe7d31a-a166-4fb1-b6b3-04e649e6ef01 command on datanode 9d6916e6-e933-4839-a7aa-b025ed7fd068.
2022-01-08 01:47:35,864 [Command processor thread] INFO  server.RaftServer (RaftServerProxy.java:remove(106)) - 9d6916e6-e933-4839-a7aa-b025ed7fd068: remove    LEADER 9d6916e6-e933-4839-a7aa-b025ed7fd068@group-F33B4351AC6E:t2, leader=9d6916e6-e933-4839-a7aa-b025ed7fd068, voted=9d6916e6-e933-4839-a7aa-b025ed7fd068, raftlog=9d6916e6-e933-4839-a7aa-b025ed7fd068@group-F33B4351AC6E-SegmentedRaftLog:OPENED:c10, conf=0: [9d6916e6-e933-4839-a7aa-b025ed7fd068|rpc:10.1.0.34:40543|dataStream:|priority:1], old=null RUNNING
2022-01-08 01:47:35,864 [9d6916e6-e933-4839-a7aa-b025ed7fd068@group-F33B4351AC6E-LeaderElection100] INFO  server.RaftServerConfigKeys (ConfUtils.java:logGet(44)) - raft.server.write.element-limit = 1024 (custom)
2022-01-08 01:47:35,864 [9d6916e6-e933-4839-a7aa-b025ed7fd068@group-F33B4351AC6E-LeaderElection100] INFO  server.RaftServerConfigKeys (ConfUtils.java:logGet(44)) - raft.server.write.byte-limit = 1024 M (=1073741824) (custom)
2022-01-08 01:47:35,865 [9d6916e6-e933-4839-a7aa-b025ed7fd068@group-F33B4351AC6E-LeaderElection100] INFO  server.RaftServerConfigKeys (ConfUtils.java:logGet(44)) - raft.server.watch.timeout = 3000ms (custom)
2022-01-08 01:47:35,864 [Command processor thread] INFO  server.RaftServer$Division (RaftServerImpl.java:lambda$close$4(412)) - 9d6916e6-e933-4839-a7aa-b025ed7fd068@group-F33B4351AC6E: shutdown
2022-01-08 01:47:35,865 [Command processor thread] INFO  util.JmxRegister (JmxRegister.java:unregister(73)) - Successfully un-registered JMX Bean with object name Ratis:service=RaftServer,group=group-F33B4351AC6E,id=9d6916e6-e933-4839-a7aa-b025ed7fd068
2022-01-08 01:47:35,865 [9d6916e6-e933-4839-a7aa-b025ed7fd068@group-F33B4351AC6E-LeaderElection100] INFO  server.RaftServerConfigKeys (ConfUtils.java:logGet(44)) - raft.server.watch.timeout.denomination = 1s (default)
2022-01-08 01:47:35,865 [9d6916e6-e933-4839-a7aa-b025ed7fd068@group-F33B4351AC6E-LeaderElection100] INFO  server.RaftServerConfigKeys (ConfUtils.java:logGet(44)) - raft.server.watch.element-limit = 65536 (default)
2022-01-08 01:47:35,866 [EventQueue-PipelineReportForPipelineReportHandler] INFO  pipeline.PipelineReportHandler (PipelineReportHandler.java:processPipelineReport(113)) - Reported pipeline PipelineID=3c427e93-4362-4243-92cd-f33b4351ac6e is not found
2022-01-08 01:47:35,866 [Command processor thread] INFO  impl.StateMachineUpdater (StateMachineUpdater.java:stopAndJoin(149)) - 9d6916e6-e933-4839-a7aa-b025ed7fd068@group-F33B4351AC6E-StateMachineUpdater: set stopIndex = 10
2022-01-08 01:47:35,866 [Command processor thread] INFO  server.RaftServer$Division (ServerState.java:close(419)) - 9d6916e6-e933-4839-a7aa-b025ed7fd068@group-F33B4351AC6E: closes. applyIndex: 10
2022-01-08 01:47:35,866 [9d6916e6-e933-4839-a7aa-b025ed7fd068@group-F33B4351AC6E-SegmentedRaftLogWorker] INFO  segmented.SegmentedRaftLogWorker (SegmentedRaftLogWorker.java:run(327)) - 9d6916e6-e933-4839-a7aa-b025ed7fd068@group-F33B4351AC6E-SegmentedRaftLogWorker was interrupted, exiting. There are 0 tasks remaining in the queue.
2022-01-08 01:47:35,867 [Command processor thread] INFO  segmented.SegmentedRaftLogWorker (SegmentedRaftLogWorker.java:close(237)) - 9d6916e6-e933-4839-a7aa-b025ed7fd068@group-F33B4351AC6E-SegmentedRaftLogWorker close()
2022-01-08 01:47:35,872 [Command processor thread] INFO  keyvalue.KeyValueContainer (KeyValueContainer.java:flushAndSyncDB(401)) - Container 1 is synced with bcsId 9.
2022-01-08 01:47:35,872 [Command processor thread] INFO  keyvalue.KeyValueContainer (KeyValueContainer.java:flushAndSyncDB(401)) - Container 1 is synced with bcsId 9.
2022-01-08 01:47:35,877 [Command processor thread] INFO  server.RaftServer$Division (RaftServerImpl.java:groupRemove(382)) - 9d6916e6-e933-4839-a7aa-b025ed7fd068@group-F33B4351AC6E: Succeed to remove RaftStorageDirectory Storage Directory /home/runner/work/ozone/ozone/hadoop-ozone/integration-test/target/test-dir/MiniOzoneClusterImpl-6a132c25-3902-4d06-b1e4-79a7ed3e0f57/datanode-1/data/ratis/3c427e93-4362-4243-92cd-f33b4351ac6e
2022-01-08 01:47:35,877 [Command processor thread] INFO  commandhandler.ClosePipelineCommandHandler (ClosePipelineCommandHandler.java:handle(78)) - Close Pipeline PipelineID=3c427e93-4362-4243-92cd-f33b4351ac6e command on datanode 9d6916e6-e933-4839-a7aa-b025ed7fd068.
2022-01-08 01:47:35,878 [pool-737-thread-1] INFO  server.RaftServer$Division (RaftServerImpl.java:<init>(184)) - 9d6916e6-e933-4839-a7aa-b025ed7fd068: new RaftServerImpl for group-735AA5D0622B:[9d6916e6-e933-4839-a7aa-b025ed7fd068|rpc:10.1.0.34:40543|priority:1] with ContainerStateMachine:uninitialized
2022-01-08 01:47:35,878 [pool-737-thread-1] INFO  server.RaftServerConfigKeys (ConfUtils.java:logGet(44)) - raft.server.rpc.timeout.min = 5s (custom)
2022-01-08 01:47:35,878 [pool-737-thread-1] INFO  server.RaftServerConfigKeys (ConfUtils.java:logGet(44)) - raft.server.rpc.timeout.max = 5200ms (custom)
2022-01-08 01:47:35,878 [pool-737-thread-1] INFO  server.RaftServerConfigKeys (ConfUtils.java:logGet(44)) - raft.server.rpc.sleep.time = 25ms (default)
2022-01-08 01:47:35,878 [pool-737-thread-1] INFO  server.RaftServerConfigKeys (ConfUtils.java:logGet(44)) - raft.server.rpc.slowness.timeout = 300000ms (custom)
2022-01-08 01:47:35,878 [pool-737-thread-1] INFO  server.RaftServerConfigKeys (ConfUtils.java:logGet(44)) - raft.server.leaderelection.leader.step-down.wait-time = 10s (default)
2022-01-08 01:47:35,878 [pool-737-thread-1] INFO  server.RaftServerConfigKeys (ConfUtils.java:logGet(44)) - raft.server.sleep.deviation.threshold = 300ms (default)
2022-01-08 01:47:35,878 [pool-737-thread-1] INFO  server.RaftServerConfigKeys (ConfUtils.java:logGet(44)) - raft.server.log.appender.install.snapshot.enabled = false (custom)
2022-01-08 01:47:35,878 [pool-737-thread-1] INFO  server.RaftServer$Division (ServerState.java:<init>(105)) - 9d6916e6-e933-4839-a7aa-b025ed7fd068@group-735AA5D0622B: ConfigurationManager, init=-1: [9d6916e6-e933-4839-a7aa-b025ed7fd068|rpc:10.1.0.34:40543|priority:1], old=null, confs=<EMPTY_MAP>
2022-01-08 01:47:35,878 [pool-737-thread-1] INFO  server.RaftServerConfigKeys (ConfUtils.java:logGet(44)) - raft.server.storage.dir = [/home/runner/work/ozone/ozone/hadoop-ozone/integration-test/target/test-dir/MiniOzoneClusterImpl-6a132c25-3902-4d06-b1e4-79a7ed3e0f57/datanode-1/data/ratis] (custom)
2022-01-08 01:47:35,878 [pool-737-thread-1] INFO  server.RaftServerConfigKeys (ConfUtils.java:logGet(44)) - raft.server.log.corruption.policy = EXCEPTION (default)
2022-01-08 01:47:35,878 [pool-737-thread-1] INFO  server.RaftServerConfigKeys (ConfUtils.java:logGet(44)) - raft.server.storage.free-space.min = 0MB (=0) (default)
2022-01-08 01:47:35,879 [pool-737-thread-1] INFO  storage.RaftStorageDirectory (RaftStorageDirectoryImpl.java:analyzeStorage(135)) - The storage directory /home/runner/work/ozone/ozone/hadoop-ozone/integration-test/target/test-dir/MiniOzoneClusterImpl-6a132c25-3902-4d06-b1e4-79a7ed3e0f57/datanode-1/data/ratis/2d77fd3c-641f-4223-9abe-735aa5d0622b does not exist. Creating ...
2022-01-08 01:47:35,879 [Command processor thread] INFO  server.RaftServer (RaftServerProxy.java:addNew(95)) - 9d6916e6-e933-4839-a7aa-b025ed7fd068: addNew group-735AA5D0622B:[9d6916e6-e933-4839-a7aa-b025ed7fd068|rpc:10.1.0.34:40543|priority:1] returns group-735AA5D0622B:java.util.concurrent.CompletableFuture@4e101cb[Not completed]
2022-01-08 01:47:35,883 [pool-737-thread-1] INFO  storage.RaftStorageDirectory (RaftStorageDirectoryImpl.java:tryLock(230)) - Lock on /home/runner/work/ozone/ozone/hadoop-ozone/integration-test/target/test-dir/MiniOzoneClusterImpl-6a132c25-3902-4d06-b1e4-79a7ed3e0f57/datanode-1/data/ratis/2d77fd3c-641f-4223-9abe-735aa5d0622b/in_use.lock acquired by nodename 32692@fv-az116-279
2022-01-08 01:47:35,883 [9d6916e6-e933-4839-a7aa-b025ed7fd068@group-F33B4351AC6E-LeaderElection100] INFO  server.RaftServerConfigKeys (ConfUtils.java:logGet(44)) - raft.server.write.element-limit = 1024 (custom)
2022-01-08 01:47:35,883 [9d6916e6-e933-4839-a7aa-b025ed7fd068@group-F33B4351AC6E-LeaderElection100] INFO  server.RaftServerConfigKeys (ConfUtils.java:logGet(44)) - raft.server.write.follower.gap.ratio.max = -1.0 (default)
2022-01-08 01:47:35,883 [9d6916e6-e933-4839-a7aa-b025ed7fd068@group-F33B4351AC6E-LeaderElection100] INFO  impl.LeaderElection (LeaderElection.java:run(244)) - 9d6916e6-e933-4839-a7aa-b025ed7fd068@group-F33B4351AC6E-LeaderElection100: IllegalArgumentException is safely ignored since this is already CLOSING
java.lang.IllegalArgumentException: 9d6916e6-e933-4839-a7aa-b025ed7fd068@group-F33B4351AC6E-SegmentedRaftLog is expected to be opened but it is CLOSED
	at org.apache.ratis.util.OpenCloseState.assertOpen(OpenCloseState.java:63)
	at org.apache.ratis.server.raftlog.RaftLogBase.checkLogState(RaftLogBase.java:107)
	at org.apache.ratis.server.raftlog.segmented.SegmentedRaftLog.getLastEntryTermIndex(SegmentedRaftLog.java:339)
	at org.apache.ratis.server.raftlog.RaftLog.getNextIndex(RaftLog.java:83)
	at org.apache.ratis.server.impl.LeaderStateImpl.<init>(LeaderStateImpl.java:288)
	at org.apache.ratis.server.impl.RoleInfo.startLeaderState(RoleInfo.java:81)
	at org.apache.ratis.server.impl.RaftServerImpl.changeToLeader(RaftServerImpl.java:492)
	at org.apache.ratis.server.impl.LeaderElection.run(LeaderElection.java:238)
	at java.lang.Thread.run(Thread.java:748)
Caused by: org.apache.ratis.util.OpenCloseState$CloseTrace: Close 9d6916e6-e933-4839-a7aa-b025ed7fd068@group-F33B4351AC6E-SegmentedRaftLog
	at org.apache.ratis.util.OpenCloseState.lambda$close$1(OpenCloseState.java:109)
	at java.util.concurrent.atomic.AtomicReference.getAndUpdate(AtomicReference.java:160)
	at org.apache.ratis.util.OpenCloseState.close(OpenCloseState.java:109)
	at org.apache.ratis.server.raftlog.RaftLogBase.close(RaftLogBase.java:356)
	at org.apache.ratis.server.raftlog.segmented.SegmentedRaftLog.close(SegmentedRaftLog.java:505)
	at org.apache.ratis.server.impl.ServerState.close(ServerState.java:421)
	at org.apache.ratis.server.impl.RaftServerImpl.lambda$close$4(RaftServerImpl.java:434)
	at org.apache.ratis.util.LifeCycle.lambda$checkStateAndClose$4(LifeCycle.java:299)
	at org.apache.ratis.util.LifeCycle.checkStateAndClose(LifeCycle.java:319)
	at org.apache.ratis.util.LifeCycle.checkStateAndClose(LifeCycle.java:297)
	at org.apache.ratis.server.impl.RaftServerImpl.close(RaftServerImpl.java:411)
	at org.apache.ratis.server.impl.RaftServerImpl.groupRemove(RaftServerImpl.java:376)
	at org.apache.ratis.server.impl.RaftServerProxy.lambda$groupRemoveAsync$14(RaftServerProxy.java:507)
	at java.util.concurrent.CompletableFuture.uniApply(CompletableFuture.java:616)
	at java.util.concurrent.CompletableFuture.uniApplyStage(CompletableFuture.java:628)
	at java.util.concurrent.CompletableFuture.thenApply(CompletableFuture.java:1996)
	at org.apache.ratis.server.impl.RaftServerProxy.groupRemoveAsync(RaftServerProxy.java:506)
	at org.apache.ratis.server.impl.RaftServerProxy.groupManagementAsync(RaftServerProxy.java:460)
	at org.apache.ratis.server.impl.RaftServerProxy.groupManagement(RaftServerProxy.java:440)
	at org.apache.hadoop.ozone.container.common.transport.server.ratis.XceiverServerRatis.removeGroup(XceiverServerRatis.java:784)
	at org.apache.hadoop.ozone.container.common.statemachine.commandhandler.ClosePipelineCommandHandler.handle(ClosePipelineCommandHandler.java:77)
	at org.apache.hadoop.ozone.container.common.statemachine.commandhandler.CommandDispatcher.handle(CommandDispatcher.java:99)
	at org.apache.hadoop.ozone.container.common.statemachine.DatanodeStateMachine.lambda$initCommandHandlerThread$2(DatanodeStateMachine.java:567)
	... 1 more
2022-01-08 01:47:35,886 [pool-737-thread-1] INFO  storage.RaftStorage (RaftStorageImpl.java:format(89)) - Storage directory /home/runner/work/ozone/ozone/hadoop-ozone/integration-test/target/test-dir/MiniOzoneClusterImpl-6a132c25-3902-4d06-b1e4-79a7ed3e0f57/datanode-1/data/ratis/2d77fd3c-641f-4223-9abe-735aa5d0622b has been successfully formatted.
2022-01-08 01:47:35,884 [EventQueue-IncrementalContainerReportForIncrementalContainerReportHandler] INFO  container.IncrementalContainerReportHandler (AbstractContainerReportHandler.java:updateContainerState(216)) - Moving container #1 to QUASI_CLOSED state, datanode 9d6916e6-e933-4839-a7aa-b025ed7fd068{ip: 10.1.0.34, host: fv-az116-279.vzw04321ajxubdbcnpick5nqva.xx.internal.cloudapp.net, ports: [REPLICATION=45495, RATIS=40543, RATIS_ADMIN=40543, RATIS_SERVER=40543, STANDALONE=40997], networkLocation: /default-rack, certSerialId: null, persistedOpState: IN_SERVICE, persistedOpStateExpiryEpochSec: 0} reported QUASI_CLOSED replica.
2022-01-08 01:47:35,900 [pool-737-thread-1] INFO  ratis.ContainerStateMachine (ContainerStateMachine.java:loadSnapshot(231)) - group-735AA5D0622B: The snapshot info is null. Setting the last applied indexto:(t:0, i:~)
2022-01-08 01:47:35,901 [pool-737-thread-1] INFO  server.RaftServerConfigKeys (ConfUtils.java:logGet(44)) - raft.server.notification.no-leader.timeout = 300000ms (custom)
2022-01-08 01:47:35,901 [pool-737-thread-1] INFO  server.RaftServerConfigKeys (ConfUtils.java:logGet(44)) - raft.server.log.use.memory = false (default)
2022-01-08 01:47:35,901 [pool-737-thread-1] INFO  server.RaftServerConfigKeys (ConfUtils.java:logGet(44)) - raft.server.log.purge.gap = 1000000 (custom)
2022-01-08 01:47:35,901 [pool-737-thread-1] INFO  server.RaftServerConfigKeys (ConfUtils.java:logGet(44)) - raft.server.log.appender.buffer.byte-limit = 33554432 (custom)
2022-01-08 01:47:35,901 [pool-737-thread-1] INFO  server.RaftServerConfigKeys (ConfUtils.java:logGet(44)) - raft.server.log.segment.size.max = 1048576 (custom)
2022-01-08 01:47:35,901 [pool-737-thread-1] INFO  server.RaftServerConfigKeys (ConfUtils.java:logGet(44)) - raft.server.log.segment.cache.num.max = 2 (custom)
2022-01-08 01:47:35,901 [pool-737-thread-1] INFO  server.RaftServerConfigKeys (ConfUtils.java:logGet(44)) - raft.server.log.segment.cache.size.max = 200MB (=209715200) (default)
2022-01-08 01:47:35,902 [pool-737-thread-1] INFO  segmented.SegmentedRaftLogWorker (SegmentedRaftLogWorker.java:<init>(182)) - new 9d6916e6-e933-4839-a7aa-b025ed7fd068@group-735AA5D0622B-SegmentedRaftLogWorker for RaftStorageImpl:Storage Directory /home/runner/work/ozone/ozone/hadoop-ozone/integration-test/target/test-dir/MiniOzoneClusterImpl-6a132c25-3902-4d06-b1e4-79a7ed3e0f57/datanode-1/data/ratis/2d77fd3c-641f-4223-9abe-735aa5d0622b
2022-01-08 01:47:35,902 [pool-737-thread-1] INFO  server.RaftServerConfigKeys (ConfUtils.java:logGet(44)) - raft.server.log.queue.byte-limit = 2147483647 (custom)
2022-01-08 01:47:35,902 [pool-737-thread-1] INFO  server.RaftServerConfigKeys (ConfUtils.java:logGet(44)) - raft.server.log.queue.element-limit = 1024 (custom)
2022-01-08 01:47:35,902 [pool-737-thread-1] INFO  server.RaftServerConfigKeys (ConfUtils.java:logGet(44)) - raft.server.log.segment.size.max = 1048576 (custom)
2022-01-08 01:47:35,902 [pool-737-thread-1] INFO  server.RaftServerConfigKeys (ConfUtils.java:logGet(44)) - raft.server.log.preallocated.size = 16384 (custom)
2022-01-08 01:47:35,902 [pool-737-thread-1] INFO  server.RaftServerConfigKeys (ConfUtils.java:logGet(44)) - raft.server.log.force.sync.num = 128 (default)
2022-01-08 01:47:35,902 [pool-737-thread-1] INFO  server.RaftServerConfigKeys (ConfUtils.java:logGet(44)) - raft.server.log.statemachine.data.sync = true (default)
2022-01-08 01:47:35,902 [pool-737-thread-1] INFO  server.RaftServerConfigKeys (ConfUtils.java:logGet(44)) - raft.server.log.statemachine.data.sync.timeout = 10s (default)
2022-01-08 01:47:35,902 [pool-737-thread-1] INFO  server.RaftServerConfigKeys (ConfUtils.java:logGet(44)) - raft.server.log.statemachine.data.sync.timeout.retry = -1 (default)
2022-01-08 01:47:35,905 [pool-737-thread-1] INFO  server.RaftServerConfigKeys (ConfUtils.java:logGet(44)) - raft.server.log.write.buffer.size = 1048576 (custom)
2022-01-08 01:47:35,906 [pool-737-thread-1] INFO  server.RaftServerConfigKeys (ConfUtils.java:logGet(44)) - raft.server.log.statemachine.data.caching.enabled = true (custom)
2022-01-08 01:47:35,906 [pool-737-thread-1] INFO  segmented.SegmentedRaftLogWorker (SegmentedRaftLogWorker.java:lambda$new$0(133)) - 9d6916e6-e933-4839-a7aa-b025ed7fd068@group-735AA5D0622B-SegmentedRaftLogWorker: flushIndex: setUnconditionally 0 -> -1
2022-01-08 01:47:35,906 [pool-737-thread-1] INFO  segmented.SegmentedRaftLogWorker (SegmentedRaftLogWorker.java:lambda$new$0(133)) - 9d6916e6-e933-4839-a7aa-b025ed7fd068@group-735AA5D0622B-SegmentedRaftLogWorker: safeCacheEvictIndex: setUnconditionally 0 -> -1
2022-01-08 01:47:35,911 [EventQueue-PipelineReportForPipelineReportHandler] INFO  pipeline.PipelineManagerImpl (PipelineManagerImpl.java:openPipeline(291)) - Pipeline Pipeline[ Id: 2d77fd3c-641f-4223-9abe-735aa5d0622b, Nodes: 9d6916e6-e933-4839-a7aa-b025ed7fd068{ip: 10.1.0.34, host: fv-az116-279.vzw04321ajxubdbcnpick5nqva.xx.internal.cloudapp.net, ports: [REPLICATION=45495, RATIS=40543, RATIS_ADMIN=40543, RATIS_SERVER=40543, STANDALONE=40997], networkLocation: /default-rack, certSerialId: null, persistedOpState: IN_SERVICE, persistedOpStateExpiryEpochSec: 0}, ReplicationConfig: RATIS/ONE, State:ALLOCATED, leaderId:9d6916e6-e933-4839-a7aa-b025ed7fd068, CreationTimestamp2022-01-08T01:47:34.918Z[Etc/UTC]] moved to OPEN state
2022-01-08 01:47:35,923 [pool-737-thread-1] INFO  server.RaftServerConfigKeys (ConfUtils.java:logGet(44)) - raft.server.snapshot.auto.trigger.enabled = true (custom)
2022-01-08 01:47:35,923 [pool-737-thread-1] INFO  server.RaftServerConfigKeys (ConfUtils.java:logGet(44)) - raft.server.snapshot.auto.trigger.threshold = 10000 (custom)
2022-01-08 01:47:35,923 [pool-737-thread-1] INFO  server.RaftServerConfigKeys (ConfUtils.java:logGet(44)) - raft.server.snapshot.retention.file.num = 5 (custom)
2022-01-08 01:47:35,923 [pool-737-thread-1] INFO  server.RaftServerConfigKeys (ConfUtils.java:logGet(44)) - raft.server.log.purge.upto.snapshot.index = false (default)
2022-01-08 01:47:35,923 [pool-737-thread-1] INFO  server.RaftServerConfigKeys (ConfUtils.java:logGet(44)) - raft.server.retrycache.expirytime = 600000ms (custom)
2022-01-08 01:47:35,923 [pool-737-thread-1] INFO  server.RaftServerConfigKeys (ConfUtils.java:logGet(44)) - raft.server.retrycache.statistics.expirytime = 100μs (default)
2022-01-08 01:47:35,924 [pool-737-thread-1] INFO  server.RaftServer$Division (RaftServerImpl.java:start(301)) - 9d6916e6-e933-4839-a7aa-b025ed7fd068@group-735AA5D0622B: start as a follower, conf=-1: [9d6916e6-e933-4839-a7aa-b025ed7fd068|rpc:10.1.0.34:40543|priority:1], old=null
2022-01-08 01:47:35,924 [pool-737-thread-1] INFO  server.RaftServer$Division (RaftServerImpl.java:setRole(290)) - 9d6916e6-e933-4839-a7aa-b025ed7fd068@group-735AA5D0622B: changes role from      null to FOLLOWER at term 0 for startAsFollower
2022-01-08 01:47:35,924 [pool-737-thread-1] INFO  impl.RoleInfo (RoleInfo.java:updateAndGet(130)) - 9d6916e6-e933-4839-a7aa-b025ed7fd068: start 9d6916e6-e933-4839-a7aa-b025ed7fd068@group-735AA5D0622B-FollowerState
2022-01-08 01:47:35,925 [pool-737-thread-1] INFO  util.JmxRegister (JmxRegister.java:tryRegister(44)) - Successfully registered JMX Bean with object name Ratis:service=RaftServer,group=group-735AA5D0622B,id=9d6916e6-e933-4839-a7aa-b025ed7fd068
2022-01-08 01:47:35,927 [Command processor thread] INFO  ratis.XceiverServerRatis (XceiverServerRatis.java:addGroup(768)) - Created group PipelineID=2d77fd3c-641f-4223-9abe-735aa5d0622b
2022-01-08 01:47:35,927 [Command processor thread] INFO  commandhandler.CreatePipelineCommandHandler (CreatePipelineCommandHandler.java:handle(106)) - Created Pipeline RATIS ONE PipelineID=2d77fd3c-641f-4223-9abe-735aa5d0622b.
2022-01-08 01:47:35,927 [Command processor thread] INFO  server.RaftServer (RaftServerProxy.java:addNew(95)) - 9d6916e6-e933-4839-a7aa-b025ed7fd068: addNew group-CE8B11469DAA:[6477641b-710a-49ab-b56b-e0f600eb5c24|rpc:10.1.0.34:38417|priority:0, 9d6916e6-e933-4839-a7aa-b025ed7fd068|rpc:10.1.0.34:40543|priority:0, 44471f42-9a01-4764-8909-e7e02c044ebe|rpc:10.1.0.34:44109|priority:1] returns group-CE8B11469DAA:java.util.concurrent.CompletableFuture@25c6e258[Not completed]
2022-01-08 01:47:35,928 [pool-737-thread-1] INFO  server.RaftServer$Division (RaftServerImpl.java:<init>(184)) - 9d6916e6-e933-4839-a7aa-b025ed7fd068: new RaftServerImpl for group-CE8B11469DAA:[6477641b-710a-49ab-b56b-e0f600eb5c24|rpc:10.1.0.34:38417|priority:0, 9d6916e6-e933-4839-a7aa-b025ed7fd068|rpc:10.1.0.34:40543|priority:0, 44471f42-9a01-4764-8909-e7e02c044ebe|rpc:10.1.0.34:44109|priority:1] with ContainerStateMachine:uninitialized
2022-01-08 01:47:35,928 [pool-737-thread-1] INFO  server.RaftServerConfigKeys (ConfUtils.java:logGet(44)) - raft.server.rpc.timeout.min = 5s (custom)
2022-01-08 01:47:35,928 [pool-737-thread-1] INFO  server.RaftServerConfigKeys (ConfUtils.java:logGet(44)) - raft.server.rpc.timeout.max = 5200ms (custom)
2022-01-08 01:47:35,928 [pool-737-thread-1] INFO  server.RaftServerConfigKeys (ConfUtils.java:logGet(44)) - raft.server.rpc.sleep.time = 25ms (default)
2022-01-08 01:47:35,928 [pool-737-thread-1] INFO  server.RaftServerConfigKeys (ConfUtils.java:logGet(44)) - raft.server.rpc.slowness.timeout = 300000ms (custom)
2022-01-08 01:47:35,928 [pool-737-thread-1] INFO  server.RaftServerConfigKeys (ConfUtils.java:logGet(44)) - raft.server.leaderelection.leader.step-down.wait-time = 10s (default)
2022-01-08 01:47:35,928 [pool-737-thread-1] INFO  server.RaftServerConfigKeys (ConfUtils.java:logGet(44)) - raft.server.sleep.deviation.threshold = 300ms (default)
2022-01-08 01:47:35,928 [pool-737-thread-1] INFO  server.RaftServerConfigKeys (ConfUtils.java:logGet(44)) - raft.server.log.appender.install.snapshot.enabled = false (custom)
2022-01-08 01:47:35,928 [pool-737-thread-1] INFO  server.RaftServer$Division (ServerState.java:<init>(105)) - 9d6916e6-e933-4839-a7aa-b025ed7fd068@group-CE8B11469DAA: ConfigurationManager, init=-1: [6477641b-710a-49ab-b56b-e0f600eb5c24|rpc:10.1.0.34:38417|priority:0, 9d6916e6-e933-4839-a7aa-b025ed7fd068|rpc:10.1.0.34:40543|priority:0, 44471f42-9a01-4764-8909-e7e02c044ebe|rpc:10.1.0.34:44109|priority:1], old=null, confs=<EMPTY_MAP>
2022-01-08 01:47:35,928 [pool-737-thread-1] INFO  server.RaftServerConfigKeys (ConfUtils.java:logGet(44)) - raft.server.storage.dir = [/home/runner/work/ozone/ozone/hadoop-ozone/integration-test/target/test-dir/MiniOzoneClusterImpl-6a132c25-3902-4d06-b1e4-79a7ed3e0f57/datanode-1/data/ratis] (custom)
2022-01-08 01:47:35,928 [pool-737-thread-1] INFO  server.RaftServerConfigKeys (ConfUtils.java:logGet(44)) - raft.server.log.corruption.policy = EXCEPTION (default)
2022-01-08 01:47:35,928 [pool-737-thread-1] INFO  server.RaftServerConfigKeys (ConfUtils.java:logGet(44)) - raft.server.storage.free-space.min = 0MB (=0) (default)
2022-01-08 01:47:35,928 [pool-737-thread-1] INFO  storage.RaftStorageDirectory (RaftStorageDirectoryImpl.java:analyzeStorage(135)) - The storage directory /home/runner/work/ozone/ozone/hadoop-ozone/integration-test/target/test-dir/MiniOzoneClusterImpl-6a132c25-3902-4d06-b1e4-79a7ed3e0f57/datanode-1/data/ratis/0026e3cf-d5f4-426a-a575-ce8b11469daa does not exist. Creating ...
2022-01-08 01:47:35,931 [pool-737-thread-1] INFO  storage.RaftStorageDirectory (RaftStorageDirectoryImpl.java:tryLock(230)) - Lock on /home/runner/work/ozone/ozone/hadoop-ozone/integration-test/target/test-dir/MiniOzoneClusterImpl-6a132c25-3902-4d06-b1e4-79a7ed3e0f57/datanode-1/data/ratis/0026e3cf-d5f4-426a-a575-ce8b11469daa/in_use.lock acquired by nodename 32692@fv-az116-279
2022-01-08 01:47:35,937 [pool-737-thread-1] INFO  storage.RaftStorage (RaftStorageImpl.java:format(89)) - Storage directory /home/runner/work/ozone/ozone/hadoop-ozone/integration-test/target/test-dir/MiniOzoneClusterImpl-6a132c25-3902-4d06-b1e4-79a7ed3e0f57/datanode-1/data/ratis/0026e3cf-d5f4-426a-a575-ce8b11469daa has been successfully formatted.
2022-01-08 01:47:35,937 [pool-737-thread-1] INFO  ratis.ContainerStateMachine (ContainerStateMachine.java:loadSnapshot(231)) - group-CE8B11469DAA: The snapshot info is null. Setting the last applied indexto:(t:0, i:~)
2022-01-08 01:47:35,937 [pool-737-thread-1] INFO  server.RaftServerConfigKeys (ConfUtils.java:logGet(44)) - raft.server.notification.no-leader.timeout = 300000ms (custom)
2022-01-08 01:47:35,937 [pool-737-thread-1] INFO  server.RaftServerConfigKeys (ConfUtils.java:logGet(44)) - raft.server.log.use.memory = false (default)
2022-01-08 01:47:35,937 [pool-737-thread-1] INFO  server.RaftServerConfigKeys (ConfUtils.java:logGet(44)) - raft.server.log.purge.gap = 1000000 (custom)
2022-01-08 01:47:35,937 [pool-737-thread-1] INFO  server.RaftServerConfigKeys (ConfUtils.java:logGet(44)) - raft.server.log.appender.buffer.byte-limit = 33554432 (custom)
2022-01-08 01:47:35,938 [pool-737-thread-1] INFO  server.RaftServerConfigKeys (ConfUtils.java:logGet(44)) - raft.server.log.segment.size.max = 1048576 (custom)
2022-01-08 01:47:35,938 [pool-737-thread-1] INFO  server.RaftServerConfigKeys (ConfUtils.java:logGet(44)) - raft.server.log.segment.cache.num.max = 2 (custom)
2022-01-08 01:47:35,938 [pool-737-thread-1] INFO  server.RaftServerConfigKeys (ConfUtils.java:logGet(44)) - raft.server.log.segment.cache.size.max = 200MB (=209715200) (default)
2022-01-08 01:47:35,938 [pool-737-thread-1] INFO  segmented.SegmentedRaftLogWorker (SegmentedRaftLogWorker.java:<init>(182)) - new 9d6916e6-e933-4839-a7aa-b025ed7fd068@group-CE8B11469DAA-SegmentedRaftLogWorker for RaftStorageImpl:Storage Directory /home/runner/work/ozone/ozone/hadoop-ozone/integration-test/target/test-dir/MiniOzoneClusterImpl-6a132c25-3902-4d06-b1e4-79a7ed3e0f57/datanode-1/data/ratis/0026e3cf-d5f4-426a-a575-ce8b11469daa
2022-01-08 01:47:35,938 [pool-737-thread-1] INFO  server.RaftServerConfigKeys (ConfUtils.java:logGet(44)) - raft.server.log.queue.byte-limit = 2147483647 (custom)
2022-01-08 01:47:35,938 [pool-737-thread-1] INFO  server.RaftServerConfigKeys (ConfUtils.java:logGet(44)) - raft.server.log.queue.element-limit = 1024 (custom)
2022-01-08 01:47:35,938 [pool-737-thread-1] INFO  server.RaftServerConfigKeys (ConfUtils.java:logGet(44)) - raft.server.log.segment.size.max = 1048576 (custom)
2022-01-08 01:47:35,938 [pool-737-thread-1] INFO  server.RaftServerConfigKeys (ConfUtils.java:logGet(44)) - raft.server.log.preallocated.size = 16384 (custom)
2022-01-08 01:47:35,938 [pool-737-thread-1] INFO  server.RaftServerConfigKeys (ConfUtils.java:logGet(44)) - raft.server.log.force.sync.num = 128 (default)
2022-01-08 01:47:35,938 [pool-737-thread-1] INFO  server.RaftServerConfigKeys (ConfUtils.java:logGet(44)) - raft.server.log.statemachine.data.sync = true (default)
2022-01-08 01:47:35,938 [pool-737-thread-1] INFO  server.RaftServerConfigKeys (ConfUtils.java:logGet(44)) - raft.server.log.statemachine.data.sync.timeout = 10s (default)
2022-01-08 01:47:35,938 [pool-737-thread-1] INFO  server.RaftServerConfigKeys (ConfUtils.java:logGet(44)) - raft.server.log.statemachine.data.sync.timeout.retry = -1 (default)
2022-01-08 01:47:35,939 [pool-737-thread-1] INFO  server.RaftServerConfigKeys (ConfUtils.java:logGet(44)) - raft.server.log.write.buffer.size = 1048576 (custom)
2022-01-08 01:47:35,940 [pool-737-thread-1] INFO  server.RaftServerConfigKeys (ConfUtils.java:logGet(44)) - raft.server.log.statemachine.data.caching.enabled = true (custom)
2022-01-08 01:47:35,940 [pool-737-thread-1] INFO  segmented.SegmentedRaftLogWorker (SegmentedRaftLogWorker.java:lambda$new$0(133)) - 9d6916e6-e933-4839-a7aa-b025ed7fd068@group-CE8B11469DAA-SegmentedRaftLogWorker: flushIndex: setUnconditionally 0 -> -1
2022-01-08 01:47:35,940 [pool-737-thread-1] INFO  segmented.SegmentedRaftLogWorker (SegmentedRaftLogWorker.java:lambda$new$0(133)) - 9d6916e6-e933-4839-a7aa-b025ed7fd068@group-CE8B11469DAA-SegmentedRaftLogWorker: safeCacheEvictIndex: setUnconditionally 0 -> -1
2022-01-08 01:47:35,944 [pool-737-thread-1] INFO  server.RaftServerConfigKeys (ConfUtils.java:logGet(44)) - raft.server.snapshot.auto.trigger.enabled = true (custom)
2022-01-08 01:47:35,944 [pool-737-thread-1] INFO  server.RaftServerConfigKeys (ConfUtils.java:logGet(44)) - raft.server.snapshot.auto.trigger.threshold = 10000 (custom)
2022-01-08 01:47:35,944 [pool-737-thread-1] INFO  server.RaftServerConfigKeys (ConfUtils.java:logGet(44)) - raft.server.snapshot.retention.file.num = 5 (custom)
2022-01-08 01:47:35,944 [pool-737-thread-1] INFO  server.RaftServerConfigKeys (ConfUtils.java:logGet(44)) - raft.server.log.purge.upto.snapshot.index = false (default)
2022-01-08 01:47:35,945 [pool-737-thread-1] INFO  server.RaftServerConfigKeys (ConfUtils.java:logGet(44)) - raft.server.retrycache.expirytime = 600000ms (custom)
2022-01-08 01:47:35,945 [pool-737-thread-1] INFO  server.RaftServerConfigKeys (ConfUtils.java:logGet(44)) - raft.server.retrycache.statistics.expirytime = 100μs (default)
2022-01-08 01:47:35,946 [pool-737-thread-1] INFO  server.RaftServer$Division (RaftServerImpl.java:start(301)) - 9d6916e6-e933-4839-a7aa-b025ed7fd068@group-CE8B11469DAA: start as a follower, conf=-1: [6477641b-710a-49ab-b56b-e0f600eb5c24|rpc:10.1.0.34:38417|priority:0, 9d6916e6-e933-4839-a7aa-b025ed7fd068|rpc:10.1.0.34:40543|priority:0, 44471f42-9a01-4764-8909-e7e02c044ebe|rpc:10.1.0.34:44109|priority:1], old=null
2022-01-08 01:47:35,946 [pool-737-thread-1] INFO  server.RaftServer$Division (RaftServerImpl.java:setRole(290)) - 9d6916e6-e933-4839-a7aa-b025ed7fd068@group-CE8B11469DAA: changes role from      null to FOLLOWER at term 0 for startAsFollower
2022-01-08 01:47:35,946 [pool-737-thread-1] INFO  impl.RoleInfo (RoleInfo.java:updateAndGet(130)) - 9d6916e6-e933-4839-a7aa-b025ed7fd068: start 9d6916e6-e933-4839-a7aa-b025ed7fd068@group-CE8B11469DAA-FollowerState
2022-01-08 01:47:35,946 [pool-737-thread-1] INFO  util.JmxRegister (JmxRegister.java:tryRegister(44)) - Successfully registered JMX Bean with object name Ratis:service=RaftServer,group=group-CE8B11469DAA,id=9d6916e6-e933-4839-a7aa-b025ed7fd068
2022-01-08 01:47:35,947 [Command processor thread] INFO  ratis.XceiverServerRatis (XceiverServerRatis.java:addGroup(768)) - Created group PipelineID=0026e3cf-d5f4-426a-a575-ce8b11469daa
2022-01-08 01:47:35,955 [grpc-default-executor-2] INFO  server.RaftServer (RaftServerProxy.java:addNew(95)) - 6477641b-710a-49ab-b56b-e0f600eb5c24: addNew group-CE8B11469DAA:[6477641b-710a-49ab-b56b-e0f600eb5c24|rpc:10.1.0.34:38417|dataStream:|priority:0, 9d6916e6-e933-4839-a7aa-b025ed7fd068|rpc:10.1.0.34:40543|dataStream:|priority:0, 44471f42-9a01-4764-8909-e7e02c044ebe|rpc:10.1.0.34:44109|dataStream:|priority:1] returns group-CE8B11469DAA:java.util.concurrent.CompletableFuture@536b97bf[Not completed]
2022-01-08 01:47:35,955 [pool-551-thread-1] INFO  server.RaftServer$Division (RaftServerImpl.java:<init>(184)) - 6477641b-710a-49ab-b56b-e0f600eb5c24: new RaftServerImpl for group-CE8B11469DAA:[6477641b-710a-49ab-b56b-e0f600eb5c24|rpc:10.1.0.34:38417|dataStream:|priority:0, 9d6916e6-e933-4839-a7aa-b025ed7fd068|rpc:10.1.0.34:40543|dataStream:|priority:0, 44471f42-9a01-4764-8909-e7e02c044ebe|rpc:10.1.0.34:44109|dataStream:|priority:1] with ContainerStateMachine:uninitialized
2022-01-08 01:47:35,955 [pool-551-thread-1] INFO  server.RaftServerConfigKeys (ConfUtils.java:logGet(44)) - raft.server.rpc.timeout.min = 5s (custom)
2022-01-08 01:47:35,955 [pool-551-thread-1] INFO  server.RaftServerConfigKeys (ConfUtils.java:logGet(44)) - raft.server.rpc.timeout.max = 5200ms (custom)
2022-01-08 01:47:35,956 [pool-551-thread-1] INFO  server.RaftServerConfigKeys (ConfUtils.java:logGet(44)) - raft.server.rpc.sleep.time = 25ms (default)
2022-01-08 01:47:35,956 [pool-551-thread-1] INFO  server.RaftServerConfigKeys (ConfUtils.java:logGet(44)) - raft.server.rpc.slowness.timeout = 300000ms (custom)
2022-01-08 01:47:35,956 [pool-551-thread-1] INFO  server.RaftServerConfigKeys (ConfUtils.java:logGet(44)) - raft.server.leaderelection.leader.step-down.wait-time = 10s (default)
2022-01-08 01:47:35,956 [pool-551-thread-1] INFO  server.RaftServerConfigKeys (ConfUtils.java:logGet(44)) - raft.server.sleep.deviation.threshold = 300ms (default)
2022-01-08 01:47:35,956 [pool-551-thread-1] INFO  server.RaftServerConfigKeys (ConfUtils.java:logGet(44)) - raft.server.log.appender.install.snapshot.enabled = false (custom)
2022-01-08 01:47:35,956 [pool-551-thread-1] INFO  server.RaftServer$Division (ServerState.java:<init>(105)) - 6477641b-710a-49ab-b56b-e0f600eb5c24@group-CE8B11469DAA: ConfigurationManager, init=-1: [6477641b-710a-49ab-b56b-e0f600eb5c24|rpc:10.1.0.34:38417|dataStream:|priority:0, 9d6916e6-e933-4839-a7aa-b025ed7fd068|rpc:10.1.0.34:40543|dataStream:|priority:0, 44471f42-9a01-4764-8909-e7e02c044ebe|rpc:10.1.0.34:44109|dataStream:|priority:1], old=null, confs=<EMPTY_MAP>
2022-01-08 01:47:35,956 [pool-551-thread-1] INFO  server.RaftServerConfigKeys (ConfUtils.java:logGet(44)) - raft.server.storage.dir = [/home/runner/work/ozone/ozone/hadoop-ozone/integration-test/target/test-dir/MiniOzoneClusterImpl-6a132c25-3902-4d06-b1e4-79a7ed3e0f57/datanode-0/data/ratis] (custom)
2022-01-08 01:47:35,956 [pool-551-thread-1] INFO  server.RaftServerConfigKeys (ConfUtils.java:logGet(44)) - raft.server.log.corruption.policy = EXCEPTION (default)
2022-01-08 01:47:35,956 [pool-551-thread-1] INFO  server.RaftServerConfigKeys (ConfUtils.java:logGet(44)) - raft.server.storage.free-space.min = 0MB (=0) (default)
2022-01-08 01:47:35,956 [pool-551-thread-1] INFO  storage.RaftStorageDirectory (RaftStorageDirectoryImpl.java:analyzeStorage(135)) - The storage directory /home/runner/work/ozone/ozone/hadoop-ozone/integration-test/target/test-dir/MiniOzoneClusterImpl-6a132c25-3902-4d06-b1e4-79a7ed3e0f57/datanode-0/data/ratis/0026e3cf-d5f4-426a-a575-ce8b11469daa does not exist. Creating ...
2022-01-08 01:47:35,970 [pool-551-thread-1] INFO  storage.RaftStorageDirectory (RaftStorageDirectoryImpl.java:tryLock(230)) - Lock on /home/runner/work/ozone/ozone/hadoop-ozone/integration-test/target/test-dir/MiniOzoneClusterImpl-6a132c25-3902-4d06-b1e4-79a7ed3e0f57/datanode-0/data/ratis/0026e3cf-d5f4-426a-a575-ce8b11469daa/in_use.lock acquired by nodename 32692@fv-az116-279
2022-01-08 01:47:36,016 [pool-551-thread-1] INFO  storage.RaftStorage (RaftStorageImpl.java:format(89)) - Storage directory /home/runner/work/ozone/ozone/hadoop-ozone/integration-test/target/test-dir/MiniOzoneClusterImpl-6a132c25-3902-4d06-b1e4-79a7ed3e0f57/datanode-0/data/ratis/0026e3cf-d5f4-426a-a575-ce8b11469daa has been successfully formatted.
2022-01-08 01:47:36,016 [pool-551-thread-1] INFO  ratis.ContainerStateMachine (ContainerStateMachine.java:loadSnapshot(231)) - group-CE8B11469DAA: The snapshot info is null. Setting the last applied indexto:(t:0, i:~)
2022-01-08 01:47:36,016 [pool-551-thread-1] INFO  server.RaftServerConfigKeys (ConfUtils.java:logGet(44)) - raft.server.notification.no-leader.timeout = 300000ms (custom)
2022-01-08 01:47:36,016 [pool-551-thread-1] INFO  server.RaftServerConfigKeys (ConfUtils.java:logGet(44)) - raft.server.log.use.memory = false (default)
2022-01-08 01:47:36,016 [pool-551-thread-1] INFO  server.RaftServerConfigKeys (ConfUtils.java:logGet(44)) - raft.server.log.purge.gap = 1000000 (custom)
2022-01-08 01:47:36,017 [pool-551-thread-1] INFO  server.RaftServerConfigKeys (ConfUtils.java:logGet(44)) - raft.server.log.appender.buffer.byte-limit = 33554432 (custom)
2022-01-08 01:47:36,017 [pool-551-thread-1] INFO  server.RaftServerConfigKeys (ConfUtils.java:logGet(44)) - raft.server.log.segment.size.max = 1048576 (custom)
2022-01-08 01:47:36,017 [pool-551-thread-1] INFO  server.RaftServerConfigKeys (ConfUtils.java:logGet(44)) - raft.server.log.segment.cache.num.max = 2 (custom)
2022-01-08 01:47:36,017 [pool-551-thread-1] INFO  server.RaftServerConfigKeys (ConfUtils.java:logGet(44)) - raft.server.log.segment.cache.size.max = 200MB (=209715200) (default)
2022-01-08 01:47:36,017 [pool-551-thread-1] INFO  segmented.SegmentedRaftLogWorker (SegmentedRaftLogWorker.java:<init>(182)) - new 6477641b-710a-49ab-b56b-e0f600eb5c24@group-CE8B11469DAA-SegmentedRaftLogWorker for RaftStorageImpl:Storage Directory /home/runner/work/ozone/ozone/hadoop-ozone/integration-test/target/test-dir/MiniOzoneClusterImpl-6a132c25-3902-4d06-b1e4-79a7ed3e0f57/datanode-0/data/ratis/0026e3cf-d5f4-426a-a575-ce8b11469daa
2022-01-08 01:47:36,017 [pool-551-thread-1] INFO  server.RaftServerConfigKeys (ConfUtils.java:logGet(44)) - raft.server.log.queue.byte-limit = 2147483647 (custom)
2022-01-08 01:47:36,017 [pool-551-thread-1] INFO  server.RaftServerConfigKeys (ConfUtils.java:logGet(44)) - raft.server.log.queue.element-limit = 1024 (custom)
2022-01-08 01:47:36,017 [pool-551-thread-1] INFO  server.RaftServerConfigKeys (ConfUtils.java:logGet(44)) - raft.server.log.segment.size.max = 1048576 (custom)
2022-01-08 01:47:36,017 [pool-551-thread-1] INFO  server.RaftServerConfigKeys (ConfUtils.java:logGet(44)) - raft.server.log.preallocated.size = 16384 (custom)
2022-01-08 01:47:36,017 [pool-551-thread-1] INFO  server.RaftServerConfigKeys (ConfUtils.java:logGet(44)) - raft.server.log.force.sync.num = 128 (default)
2022-01-08 01:47:36,017 [pool-551-thread-1] INFO  server.RaftServerConfigKeys (ConfUtils.java:logGet(44)) - raft.server.log.statemachine.data.sync = true (default)
2022-01-08 01:47:36,018 [pool-551-thread-1] INFO  server.RaftServerConfigKeys (ConfUtils.java:logGet(44)) - raft.server.log.statemachine.data.sync.timeout = 10s (default)
2022-01-08 01:47:36,018 [pool-551-thread-1] INFO  server.RaftServerConfigKeys (ConfUtils.java:logGet(44)) - raft.server.log.statemachine.data.sync.timeout.retry = -1 (default)
2022-01-08 01:47:36,021 [pool-551-thread-1] INFO  server.RaftServerConfigKeys (ConfUtils.java:logGet(44)) - raft.server.log.write.buffer.size = 1048576 (custom)
2022-01-08 01:47:36,021 [pool-551-thread-1] INFO  server.RaftServerConfigKeys (ConfUtils.java:logGet(44)) - raft.server.log.statemachine.data.caching.enabled = true (custom)
2022-01-08 01:47:36,021 [pool-551-thread-1] INFO  segmented.SegmentedRaftLogWorker (SegmentedRaftLogWorker.java:lambda$new$0(133)) - 6477641b-710a-49ab-b56b-e0f600eb5c24@group-CE8B11469DAA-SegmentedRaftLogWorker: flushIndex: setUnconditionally 0 -> -1
2022-01-08 01:47:36,021 [pool-551-thread-1] INFO  segmented.SegmentedRaftLogWorker (SegmentedRaftLogWorker.java:lambda$new$0(133)) - 6477641b-710a-49ab-b56b-e0f600eb5c24@group-CE8B11469DAA-SegmentedRaftLogWorker: safeCacheEvictIndex: setUnconditionally 0 -> -1
2022-01-08 01:47:36,038 [pool-551-thread-1] INFO  server.RaftServerConfigKeys (ConfUtils.java:logGet(44)) - raft.server.snapshot.auto.trigger.enabled = true (custom)
2022-01-08 01:47:36,038 [pool-551-thread-1] INFO  server.RaftServerConfigKeys (ConfUtils.java:logGet(44)) - raft.server.snapshot.auto.trigger.threshold = 10000 (custom)
2022-01-08 01:47:36,038 [pool-551-thread-1] INFO  server.RaftServerConfigKeys (ConfUtils.java:logGet(44)) - raft.server.snapshot.retention.file.num = 5 (custom)
2022-01-08 01:47:36,038 [pool-551-thread-1] INFO  server.RaftServerConfigKeys (ConfUtils.java:logGet(44)) - raft.server.log.purge.upto.snapshot.index = false (default)
2022-01-08 01:47:36,038 [pool-551-thread-1] INFO  server.RaftServerConfigKeys (ConfUtils.java:logGet(44)) - raft.server.retrycache.expirytime = 600000ms (custom)
2022-01-08 01:47:36,038 [pool-551-thread-1] INFO  server.RaftServerConfigKeys (ConfUtils.java:logGet(44)) - raft.server.retrycache.statistics.expirytime = 100μs (default)
2022-01-08 01:47:36,050 [pool-551-thread-1] INFO  server.RaftServer$Division (RaftServerImpl.java:start(301)) - 6477641b-710a-49ab-b56b-e0f600eb5c24@group-CE8B11469DAA: start as a follower, conf=-1: [6477641b-710a-49ab-b56b-e0f600eb5c24|rpc:10.1.0.34:38417|dataStream:|priority:0, 9d6916e6-e933-4839-a7aa-b025ed7fd068|rpc:10.1.0.34:40543|dataStream:|priority:0, 44471f42-9a01-4764-8909-e7e02c044ebe|rpc:10.1.0.34:44109|dataStream:|priority:1], old=null
2022-01-08 01:47:36,054 [pool-551-thread-1] INFO  server.RaftServer$Division (RaftServerImpl.java:setRole(290)) - 6477641b-710a-49ab-b56b-e0f600eb5c24@group-CE8B11469DAA: changes role from      null to FOLLOWER at term 0 for startAsFollower
2022-01-08 01:47:36,064 [pool-551-thread-1] INFO  impl.RoleInfo (RoleInfo.java:updateAndGet(130)) - 6477641b-710a-49ab-b56b-e0f600eb5c24: start 6477641b-710a-49ab-b56b-e0f600eb5c24@group-CE8B11469DAA-FollowerState
2022-01-08 01:47:36,067 [pool-551-thread-1] INFO  util.JmxRegister (JmxRegister.java:tryRegister(44)) - Successfully registered JMX Bean with object name Ratis:service=RaftServer,group=group-CE8B11469DAA,id=6477641b-710a-49ab-b56b-e0f600eb5c24
2022-01-08 01:47:36,109 [grpc-default-executor-2] INFO  server.RaftServer (RaftServerProxy.java:addNew(95)) - 44471f42-9a01-4764-8909-e7e02c044ebe: addNew group-CE8B11469DAA:[6477641b-710a-49ab-b56b-e0f600eb5c24|rpc:10.1.0.34:38417|dataStream:|priority:0, 9d6916e6-e933-4839-a7aa-b025ed7fd068|rpc:10.1.0.34:40543|dataStream:|priority:0, 44471f42-9a01-4764-8909-e7e02c044ebe|rpc:10.1.0.34:44109|dataStream:|priority:1] returns group-CE8B11469DAA:java.util.concurrent.CompletableFuture@19faada5[Not completed]
2022-01-08 01:47:36,110 [pool-593-thread-1] INFO  server.RaftServer$Division (RaftServerImpl.java:<init>(184)) - 44471f42-9a01-4764-8909-e7e02c044ebe: new RaftServerImpl for group-CE8B11469DAA:[6477641b-710a-49ab-b56b-e0f600eb5c24|rpc:10.1.0.34:38417|dataStream:|priority:0, 9d6916e6-e933-4839-a7aa-b025ed7fd068|rpc:10.1.0.34:40543|dataStream:|priority:0, 44471f42-9a01-4764-8909-e7e02c044ebe|rpc:10.1.0.34:44109|dataStream:|priority:1] with ContainerStateMachine:uninitialized
2022-01-08 01:47:36,110 [pool-593-thread-1] INFO  server.RaftServerConfigKeys (ConfUtils.java:logGet(44)) - raft.server.rpc.timeout.min = 5s (custom)
2022-01-08 01:47:36,110 [pool-593-thread-1] INFO  server.RaftServerConfigKeys (ConfUtils.java:logGet(44)) - raft.server.rpc.timeout.max = 5200ms (custom)
2022-01-08 01:47:36,110 [pool-593-thread-1] INFO  server.RaftServerConfigKeys (ConfUtils.java:logGet(44)) - raft.server.rpc.sleep.time = 25ms (default)
2022-01-08 01:47:36,110 [pool-593-thread-1] INFO  server.RaftServerConfigKeys (ConfUtils.java:logGet(44)) - raft.server.rpc.slowness.timeout = 300000ms (custom)
2022-01-08 01:47:36,110 [pool-593-thread-1] INFO  server.RaftServerConfigKeys (ConfUtils.java:logGet(44)) - raft.server.leaderelection.leader.step-down.wait-time = 10s (default)
2022-01-08 01:47:36,110 [pool-593-thread-1] INFO  server.RaftServerConfigKeys (ConfUtils.java:logGet(44)) - raft.server.sleep.deviation.threshold = 300ms (default)
2022-01-08 01:47:36,110 [pool-593-thread-1] INFO  server.RaftServerConfigKeys (ConfUtils.java:logGet(44)) - raft.server.log.appender.install.snapshot.enabled = false (custom)
2022-01-08 01:47:36,110 [pool-593-thread-1] INFO  server.RaftServer$Division (ServerState.java:<init>(105)) - 44471f42-9a01-4764-8909-e7e02c044ebe@group-CE8B11469DAA: ConfigurationManager, init=-1: [6477641b-710a-49ab-b56b-e0f600eb5c24|rpc:10.1.0.34:38417|dataStream:|priority:0, 9d6916e6-e933-4839-a7aa-b025ed7fd068|rpc:10.1.0.34:40543|dataStream:|priority:0, 44471f42-9a01-4764-8909-e7e02c044ebe|rpc:10.1.0.34:44109|dataStream:|priority:1], old=null, confs=<EMPTY_MAP>
2022-01-08 01:47:36,110 [pool-593-thread-1] INFO  server.RaftServerConfigKeys (ConfUtils.java:logGet(44)) - raft.server.storage.dir = [/home/runner/work/ozone/ozone/hadoop-ozone/integration-test/target/test-dir/MiniOzoneClusterImpl-6a132c25-3902-4d06-b1e4-79a7ed3e0f57/datanode-2/data/ratis] (custom)
2022-01-08 01:47:36,110 [pool-593-thread-1] INFO  server.RaftServerConfigKeys (ConfUtils.java:logGet(44)) - raft.server.log.corruption.policy = EXCEPTION (default)
2022-01-08 01:47:36,110 [pool-593-thread-1] INFO  server.RaftServerConfigKeys (ConfUtils.java:logGet(44)) - raft.server.storage.free-space.min = 0MB (=0) (default)
2022-01-08 01:47:36,111 [pool-593-thread-1] INFO  storage.RaftStorageDirectory (RaftStorageDirectoryImpl.java:analyzeStorage(135)) - The storage directory /home/runner/work/ozone/ozone/hadoop-ozone/integration-test/target/test-dir/MiniOzoneClusterImpl-6a132c25-3902-4d06-b1e4-79a7ed3e0f57/datanode-2/data/ratis/0026e3cf-d5f4-426a-a575-ce8b11469daa does not exist. Creating ...
2022-01-08 01:47:36,113 [pool-593-thread-1] INFO  storage.RaftStorageDirectory (RaftStorageDirectoryImpl.java:tryLock(230)) - Lock on /home/runner/work/ozone/ozone/hadoop-ozone/integration-test/target/test-dir/MiniOzoneClusterImpl-6a132c25-3902-4d06-b1e4-79a7ed3e0f57/datanode-2/data/ratis/0026e3cf-d5f4-426a-a575-ce8b11469daa/in_use.lock acquired by nodename 32692@fv-az116-279
2022-01-08 01:47:36,115 [pool-593-thread-1] INFO  storage.RaftStorage (RaftStorageImpl.java:format(89)) - Storage directory /home/runner/work/ozone/ozone/hadoop-ozone/integration-test/target/test-dir/MiniOzoneClusterImpl-6a132c25-3902-4d06-b1e4-79a7ed3e0f57/datanode-2/data/ratis/0026e3cf-d5f4-426a-a575-ce8b11469daa has been successfully formatted.
2022-01-08 01:47:36,116 [pool-593-thread-1] INFO  ratis.ContainerStateMachine (ContainerStateMachine.java:loadSnapshot(231)) - group-CE8B11469DAA: The snapshot info is null. Setting the last applied indexto:(t:0, i:~)
2022-01-08 01:47:36,116 [pool-593-thread-1] INFO  server.RaftServerConfigKeys (ConfUtils.java:logGet(44)) - raft.server.notification.no-leader.timeout = 300000ms (custom)
2022-01-08 01:47:36,116 [pool-593-thread-1] INFO  server.RaftServerConfigKeys (ConfUtils.java:logGet(44)) - raft.server.log.use.memory = false (default)
2022-01-08 01:47:36,116 [pool-593-thread-1] INFO  server.RaftServerConfigKeys (ConfUtils.java:logGet(44)) - raft.server.log.purge.gap = 1000000 (custom)
2022-01-08 01:47:36,116 [pool-593-thread-1] INFO  server.RaftServerConfigKeys (ConfUtils.java:logGet(44)) - raft.server.log.appender.buffer.byte-limit = 33554432 (custom)
2022-01-08 01:47:36,116 [pool-593-thread-1] INFO  server.RaftServerConfigKeys (ConfUtils.java:logGet(44)) - raft.server.log.segment.size.max = 1048576 (custom)
2022-01-08 01:47:36,117 [pool-593-thread-1] INFO  server.RaftServerConfigKeys (ConfUtils.java:logGet(44)) - raft.server.log.segment.cache.num.max = 2 (custom)
2022-01-08 01:47:36,117 [pool-593-thread-1] INFO  server.RaftServerConfigKeys (ConfUtils.java:logGet(44)) - raft.server.log.segment.cache.size.max = 200MB (=209715200) (default)
2022-01-08 01:47:36,117 [pool-593-thread-1] INFO  segmented.SegmentedRaftLogWorker (SegmentedRaftLogWorker.java:<init>(182)) - new 44471f42-9a01-4764-8909-e7e02c044ebe@group-CE8B11469DAA-SegmentedRaftLogWorker for RaftStorageImpl:Storage Directory /home/runner/work/ozone/ozone/hadoop-ozone/integration-test/target/test-dir/MiniOzoneClusterImpl-6a132c25-3902-4d06-b1e4-79a7ed3e0f57/datanode-2/data/ratis/0026e3cf-d5f4-426a-a575-ce8b11469daa
2022-01-08 01:47:36,117 [pool-593-thread-1] INFO  server.RaftServerConfigKeys (ConfUtils.java:logGet(44)) - raft.server.log.queue.byte-limit = 2147483647 (custom)
2022-01-08 01:47:36,117 [pool-593-thread-1] INFO  server.RaftServerConfigKeys (ConfUtils.java:logGet(44)) - raft.server.log.queue.element-limit = 1024 (custom)
2022-01-08 01:47:36,117 [pool-593-thread-1] INFO  server.RaftServerConfigKeys (ConfUtils.java:logGet(44)) - raft.server.log.segment.size.max = 1048576 (custom)
2022-01-08 01:47:36,117 [pool-593-thread-1] INFO  server.RaftServerConfigKeys (ConfUtils.java:logGet(44)) - raft.server.log.preallocated.size = 16384 (custom)
2022-01-08 01:47:36,117 [pool-593-thread-1] INFO  server.RaftServerConfigKeys (ConfUtils.java:logGet(44)) - raft.server.log.force.sync.num = 128 (default)
2022-01-08 01:47:36,117 [pool-593-thread-1] INFO  server.RaftServerConfigKeys (ConfUtils.java:logGet(44)) - raft.server.log.statemachine.data.sync = true (default)
2022-01-08 01:47:36,117 [pool-593-thread-1] INFO  server.RaftServerConfigKeys (ConfUtils.java:logGet(44)) - raft.server.log.statemachine.data.sync.timeout = 10s (default)
2022-01-08 01:47:36,117 [pool-593-thread-1] INFO  server.RaftServerConfigKeys (ConfUtils.java:logGet(44)) - raft.server.log.statemachine.data.sync.timeout.retry = -1 (default)
2022-01-08 01:47:36,118 [pool-593-thread-1] INFO  server.RaftServerConfigKeys (ConfUtils.java:logGet(44)) - raft.server.log.write.buffer.size = 1048576 (custom)
2022-01-08 01:47:36,118 [pool-593-thread-1] INFO  server.RaftServerConfigKeys (ConfUtils.java:logGet(44)) - raft.server.log.statemachine.data.caching.enabled = true (custom)
2022-01-08 01:47:36,119 [pool-593-thread-1] INFO  segmented.SegmentedRaftLogWorker (SegmentedRaftLogWorker.java:lambda$new$0(133)) - 44471f42-9a01-4764-8909-e7e02c044ebe@group-CE8B11469DAA-SegmentedRaftLogWorker: flushIndex: setUnconditionally 0 -> -1
2022-01-08 01:47:36,120 [pool-593-thread-1] INFO  segmented.SegmentedRaftLogWorker (SegmentedRaftLogWorker.java:lambda$new$0(133)) - 44471f42-9a01-4764-8909-e7e02c044ebe@group-CE8B11469DAA-SegmentedRaftLogWorker: safeCacheEvictIndex: setUnconditionally 0 -> -1
2022-01-08 01:47:36,124 [pool-593-thread-1] INFO  server.RaftServerConfigKeys (ConfUtils.java:logGet(44)) - raft.server.snapshot.auto.trigger.enabled = true (custom)
2022-01-08 01:47:36,124 [pool-593-thread-1] INFO  server.RaftServerConfigKeys (ConfUtils.java:logGet(44)) - raft.server.snapshot.auto.trigger.threshold = 10000 (custom)
2022-01-08 01:47:36,124 [pool-593-thread-1] INFO  server.RaftServerConfigKeys (ConfUtils.java:logGet(44)) - raft.server.snapshot.retention.file.num = 5 (custom)
2022-01-08 01:47:36,124 [pool-593-thread-1] INFO  server.RaftServerConfigKeys (ConfUtils.java:logGet(44)) - raft.server.log.purge.upto.snapshot.index = false (default)
2022-01-08 01:47:36,125 [pool-593-thread-1] INFO  server.RaftServerConfigKeys (ConfUtils.java:logGet(44)) - raft.server.retrycache.expirytime = 600000ms (custom)
2022-01-08 01:47:36,125 [pool-593-thread-1] INFO  server.RaftServerConfigKeys (ConfUtils.java:logGet(44)) - raft.server.retrycache.statistics.expirytime = 100μs (default)
2022-01-08 01:47:36,126 [pool-593-thread-1] INFO  server.RaftServer$Division (RaftServerImpl.java:start(301)) - 44471f42-9a01-4764-8909-e7e02c044ebe@group-CE8B11469DAA: start as a follower, conf=-1: [6477641b-710a-49ab-b56b-e0f600eb5c24|rpc:10.1.0.34:38417|dataStream:|priority:0, 9d6916e6-e933-4839-a7aa-b025ed7fd068|rpc:10.1.0.34:40543|dataStream:|priority:0, 44471f42-9a01-4764-8909-e7e02c044ebe|rpc:10.1.0.34:44109|dataStream:|priority:1], old=null
2022-01-08 01:47:36,126 [pool-593-thread-1] INFO  server.RaftServer$Division (RaftServerImpl.java:setRole(290)) - 44471f42-9a01-4764-8909-e7e02c044ebe@group-CE8B11469DAA: changes role from      null to FOLLOWER at term 0 for startAsFollower
2022-01-08 01:47:36,126 [pool-593-thread-1] INFO  impl.RoleInfo (RoleInfo.java:updateAndGet(130)) - 44471f42-9a01-4764-8909-e7e02c044ebe: start 44471f42-9a01-4764-8909-e7e02c044ebe@group-CE8B11469DAA-FollowerState
2022-01-08 01:47:36,127 [pool-593-thread-1] INFO  util.JmxRegister (JmxRegister.java:tryRegister(44)) - Successfully registered JMX Bean with object name Ratis:service=RaftServer,group=group-CE8B11469DAA,id=44471f42-9a01-4764-8909-e7e02c044ebe
2022-01-08 01:47:36,138 [Command processor thread] INFO  commandhandler.CreatePipelineCommandHandler (CreatePipelineCommandHandler.java:handle(106)) - Created Pipeline RATIS THREE PipelineID=0026e3cf-d5f4-426a-a575-ce8b11469daa.
2022-01-08 01:47:36,138 [Command processor thread] INFO  server.RaftServer (RaftServerProxy.java:addNew(95)) - 9d6916e6-e933-4839-a7aa-b025ed7fd068: addNew group-57B31BB58AB0:[6477641b-710a-49ab-b56b-e0f600eb5c24|rpc:10.1.0.34:38417|priority:0, 9d6916e6-e933-4839-a7aa-b025ed7fd068|rpc:10.1.0.34:40543|priority:1, 44471f42-9a01-4764-8909-e7e02c044ebe|rpc:10.1.0.34:44109|priority:0] returns group-57B31BB58AB0:java.util.concurrent.CompletableFuture@77b97ba6[Not completed]
2022-01-08 01:47:36,142 [Listener at 127.0.0.1/40645] INFO  ozone.MiniOzoneClusterImpl (MiniOzoneClusterImpl.java:shutdown(453)) - Shutting down the Mini Ozone Cluster
2022-01-08 01:47:36,143 [Listener at 127.0.0.1/40645] INFO  ozone.MiniOzoneClusterImpl (MiniOzoneClusterImpl.java:stop(468)) - Stopping the Mini Ozone Cluster
2022-01-08 01:47:36,143 [Listener at 127.0.0.1/40645] INFO  ozone.MiniOzoneClusterImpl (MiniOzoneClusterImpl.java:stopOM(550)) - Stopping the OzoneManager
2022-01-08 01:47:36,143 [Listener at 127.0.0.1/40645] INFO  om.OzoneManager (OzoneManager.java:stop(1893)) - om1[localhost:0]: Stopping Ozone Manager
2022-01-08 01:47:36,143 [Listener at 127.0.0.1/40645] INFO  ipc.Server (Server.java:stop(3414)) - Stopping server on 40645
2022-01-08 01:47:36,139 [pool-737-thread-1] INFO  server.RaftServer$Division (RaftServerImpl.java:<init>(184)) - 9d6916e6-e933-4839-a7aa-b025ed7fd068: new RaftServerImpl for group-57B31BB58AB0:[6477641b-710a-49ab-b56b-e0f600eb5c24|rpc:10.1.0.34:38417|priority:0, 9d6916e6-e933-4839-a7aa-b025ed7fd068|rpc:10.1.0.34:40543|priority:1, 44471f42-9a01-4764-8909-e7e02c044ebe|rpc:10.1.0.34:44109|priority:0] with ContainerStateMachine:uninitialized
2022-01-08 01:47:36,143 [pool-737-thread-1] INFO  server.RaftServerConfigKeys (ConfUtils.java:logGet(44)) - raft.server.rpc.timeout.min = 5s (custom)
2022-01-08 01:47:36,143 [pool-737-thread-1] INFO  server.RaftServerConfigKeys (ConfUtils.java:logGet(44)) - raft.server.rpc.timeout.max = 5200ms (custom)
2022-01-08 01:47:36,143 [pool-737-thread-1] INFO  server.RaftServerConfigKeys (ConfUtils.java:logGet(44)) - raft.server.rpc.sleep.time = 25ms (default)
2022-01-08 01:47:36,144 [pool-737-thread-1] INFO  server.RaftServerConfigKeys (ConfUtils.java:logGet(44)) - raft.server.rpc.slowness.timeout = 300000ms (custom)
2022-01-08 01:47:36,144 [pool-737-thread-1] INFO  server.RaftServerConfigKeys (ConfUtils.java:logGet(44)) - raft.server.leaderelection.leader.step-down.wait-time = 10s (default)
2022-01-08 01:47:36,144 [pool-737-thread-1] INFO  server.RaftServerConfigKeys (ConfUtils.java:logGet(44)) - raft.server.sleep.deviation.threshold = 300ms (default)
2022-01-08 01:47:36,144 [pool-737-thread-1] INFO  server.RaftServerConfigKeys (ConfUtils.java:logGet(44)) - raft.server.log.appender.install.snapshot.enabled = false (custom)
2022-01-08 01:47:36,144 [pool-737-thread-1] INFO  server.RaftServer$Division (ServerState.java:<init>(105)) - 9d6916e6-e933-4839-a7aa-b025ed7fd068@group-57B31BB58AB0: ConfigurationManager, init=-1: [6477641b-710a-49ab-b56b-e0f600eb5c24|rpc:10.1.0.34:38417|priority:0, 9d6916e6-e933-4839-a7aa-b025ed7fd068|rpc:10.1.0.34:40543|priority:1, 44471f42-9a01-4764-8909-e7e02c044ebe|rpc:10.1.0.34:44109|priority:0], old=null, confs=<EMPTY_MAP>
2022-01-08 01:47:36,144 [pool-737-thread-1] INFO  server.RaftServerConfigKeys (ConfUtils.java:logGet(44)) - raft.server.storage.dir = [/home/runner/work/ozone/ozone/hadoop-ozone/integration-test/target/test-dir/MiniOzoneClusterImpl-6a132c25-3902-4d06-b1e4-79a7ed3e0f57/datanode-1/data/ratis] (custom)
2022-01-08 01:47:36,144 [pool-737-thread-1] INFO  server.RaftServerConfigKeys (ConfUtils.java:logGet(44)) - raft.server.log.corruption.policy = EXCEPTION (default)
2022-01-08 01:47:36,144 [pool-737-thread-1] INFO  server.RaftServerConfigKeys (ConfUtils.java:logGet(44)) - raft.server.storage.free-space.min = 0MB (=0) (default)
2022-01-08 01:47:36,144 [pool-737-thread-1] INFO  storage.RaftStorageDirectory (RaftStorageDirectoryImpl.java:analyzeStorage(135)) - The storage directory /home/runner/work/ozone/ozone/hadoop-ozone/integration-test/target/test-dir/MiniOzoneClusterImpl-6a132c25-3902-4d06-b1e4-79a7ed3e0f57/datanode-1/data/ratis/98d41487-13da-4396-8abb-57b31bb58ab0 does not exist. Creating ...
2022-01-08 01:47:36,150 [pool-737-thread-1] INFO  storage.RaftStorageDirectory (RaftStorageDirectoryImpl.java:tryLock(230)) - Lock on /home/runner/work/ozone/ozone/hadoop-ozone/integration-test/target/test-dir/MiniOzoneClusterImpl-6a132c25-3902-4d06-b1e4-79a7ed3e0f57/datanode-1/data/ratis/98d41487-13da-4396-8abb-57b31bb58ab0/in_use.lock acquired by nodename 32692@fv-az116-279
2022-01-08 01:47:36,153 [pool-737-thread-1] INFO  storage.RaftStorage (RaftStorageImpl.java:format(89)) - Storage directory /home/runner/work/ozone/ozone/hadoop-ozone/integration-test/target/test-dir/MiniOzoneClusterImpl-6a132c25-3902-4d06-b1e4-79a7ed3e0f57/datanode-1/data/ratis/98d41487-13da-4396-8abb-57b31bb58ab0 has been successfully formatted.
2022-01-08 01:47:36,154 [pool-737-thread-1] INFO  ratis.ContainerStateMachine (ContainerStateMachine.java:loadSnapshot(231)) - group-57B31BB58AB0: The snapshot info is null. Setting the last applied indexto:(t:0, i:~)
2022-01-08 01:47:36,154 [pool-737-thread-1] INFO  server.RaftServerConfigKeys (ConfUtils.java:logGet(44)) - raft.server.notification.no-leader.timeout = 300000ms (custom)
2022-01-08 01:47:36,154 [pool-737-thread-1] INFO  server.RaftServerConfigKeys (ConfUtils.java:logGet(44)) - raft.server.log.use.memory = false (default)
2022-01-08 01:47:36,154 [pool-737-thread-1] INFO  server.RaftServerConfigKeys (ConfUtils.java:logGet(44)) - raft.server.log.purge.gap = 1000000 (custom)
2022-01-08 01:47:36,154 [pool-737-thread-1] INFO  server.RaftServerConfigKeys (ConfUtils.java:logGet(44)) - raft.server.log.appender.buffer.byte-limit = 33554432 (custom)
2022-01-08 01:47:36,154 [pool-737-thread-1] INFO  server.RaftServerConfigKeys (ConfUtils.java:logGet(44)) - raft.server.log.segment.size.max = 1048576 (custom)
2022-01-08 01:47:36,155 [pool-737-thread-1] INFO  server.RaftServerConfigKeys (ConfUtils.java:logGet(44)) - raft.server.log.segment.cache.num.max = 2 (custom)
2022-01-08 01:47:36,155 [pool-737-thread-1] INFO  server.RaftServerConfigKeys (ConfUtils.java:logGet(44)) - raft.server.log.segment.cache.size.max = 200MB (=209715200) (default)
2022-01-08 01:47:36,155 [pool-737-thread-1] INFO  segmented.SegmentedRaftLogWorker (SegmentedRaftLogWorker.java:<init>(182)) - new 9d6916e6-e933-4839-a7aa-b025ed7fd068@group-57B31BB58AB0-SegmentedRaftLogWorker for RaftStorageImpl:Storage Directory /home/runner/work/ozone/ozone/hadoop-ozone/integration-test/target/test-dir/MiniOzoneClusterImpl-6a132c25-3902-4d06-b1e4-79a7ed3e0f57/datanode-1/data/ratis/98d41487-13da-4396-8abb-57b31bb58ab0
2022-01-08 01:47:36,155 [pool-737-thread-1] INFO  server.RaftServerConfigKeys (ConfUtils.java:logGet(44)) - raft.server.log.queue.byte-limit = 2147483647 (custom)
2022-01-08 01:47:36,155 [pool-737-thread-1] INFO  server.RaftServerConfigKeys (ConfUtils.java:logGet(44)) - raft.server.log.queue.element-limit = 1024 (custom)
2022-01-08 01:47:36,155 [pool-737-thread-1] INFO  server.RaftServerConfigKeys (ConfUtils.java:logGet(44)) - raft.server.log.segment.size.max = 1048576 (custom)
2022-01-08 01:47:36,156 [pool-737-thread-1] INFO  server.RaftServerConfigKeys (ConfUtils.java:logGet(44)) - raft.server.log.preallocated.size = 16384 (custom)
2022-01-08 01:47:36,156 [pool-737-thread-1] INFO  server.RaftServerConfigKeys (ConfUtils.java:logGet(44)) - raft.server.log.force.sync.num = 128 (default)
2022-01-08 01:47:36,156 [pool-737-thread-1] INFO  server.RaftServerConfigKeys (ConfUtils.java:logGet(44)) - raft.server.log.statemachine.data.sync = true (default)
2022-01-08 01:47:36,156 [pool-737-thread-1] INFO  server.RaftServerConfigKeys (ConfUtils.java:logGet(44)) - raft.server.log.statemachine.data.sync.timeout = 10s (default)
2022-01-08 01:47:36,156 [pool-737-thread-1] INFO  server.RaftServerConfigKeys (ConfUtils.java:logGet(44)) - raft.server.log.statemachine.data.sync.timeout.retry = -1 (default)
2022-01-08 01:47:36,157 [pool-737-thread-1] INFO  server.RaftServerConfigKeys (ConfUtils.java:logGet(44)) - raft.server.log.write.buffer.size = 1048576 (custom)
2022-01-08 01:47:36,158 [pool-737-thread-1] INFO  server.RaftServerConfigKeys (ConfUtils.java:logGet(44)) - raft.server.log.statemachine.data.caching.enabled = true (custom)
2022-01-08 01:47:36,162 [IPC Server listener on 0] INFO  ipc.Server (Server.java:run(1376)) - Stopping IPC Server listener on 0
2022-01-08 01:47:36,172 [pool-737-thread-1] INFO  segmented.SegmentedRaftLogWorker (SegmentedRaftLogWorker.java:lambda$new$0(133)) - 9d6916e6-e933-4839-a7aa-b025ed7fd068@group-57B31BB58AB0-SegmentedRaftLogWorker: flushIndex: setUnconditionally 0 -> -1
2022-01-08 01:47:36,172 [pool-737-thread-1] INFO  segmented.SegmentedRaftLogWorker (SegmentedRaftLogWorker.java:lambda$new$0(133)) - 9d6916e6-e933-4839-a7aa-b025ed7fd068@group-57B31BB58AB0-SegmentedRaftLogWorker: safeCacheEvictIndex: setUnconditionally 0 -> -1
2022-01-08 01:47:36,199 [pool-737-thread-1] INFO  server.RaftServerConfigKeys (ConfUtils.java:logGet(44)) - raft.server.snapshot.auto.trigger.enabled = true (custom)
2022-01-08 01:47:36,199 [pool-737-thread-1] INFO  server.RaftServerConfigKeys (ConfUtils.java:logGet(44)) - raft.server.snapshot.auto.trigger.threshold = 10000 (custom)
2022-01-08 01:47:36,199 [pool-737-thread-1] INFO  server.RaftServerConfigKeys (ConfUtils.java:logGet(44)) - raft.server.snapshot.retention.file.num = 5 (custom)
2022-01-08 01:47:36,199 [pool-737-thread-1] INFO  server.RaftServerConfigKeys (ConfUtils.java:logGet(44)) - raft.server.log.purge.upto.snapshot.index = false (default)
2022-01-08 01:47:36,199 [pool-737-thread-1] INFO  server.RaftServerConfigKeys (ConfUtils.java:logGet(44)) - raft.server.retrycache.expirytime = 600000ms (custom)
2022-01-08 01:47:36,199 [pool-737-thread-1] INFO  server.RaftServerConfigKeys (ConfUtils.java:logGet(44)) - raft.server.retrycache.statistics.expirytime = 100μs (default)
2022-01-08 01:47:36,201 [pool-737-thread-1] INFO  server.RaftServer$Division (RaftServerImpl.java:start(301)) - 9d6916e6-e933-4839-a7aa-b025ed7fd068@group-57B31BB58AB0: start as a follower, conf=-1: [6477641b-710a-49ab-b56b-e0f600eb5c24|rpc:10.1.0.34:38417|priority:0, 9d6916e6-e933-4839-a7aa-b025ed7fd068|rpc:10.1.0.34:40543|priority:1, 44471f42-9a01-4764-8909-e7e02c044ebe|rpc:10.1.0.34:44109|priority:0], old=null
2022-01-08 01:47:36,201 [pool-737-thread-1] INFO  server.RaftServer$Division (RaftServerImpl.java:setRole(290)) - 9d6916e6-e933-4839-a7aa-b025ed7fd068@group-57B31BB58AB0: changes role from      null to FOLLOWER at term 0 for startAsFollower
2022-01-08 01:47:36,201 [pool-737-thread-1] INFO  impl.RoleInfo (RoleInfo.java:updateAndGet(130)) - 9d6916e6-e933-4839-a7aa-b025ed7fd068: start 9d6916e6-e933-4839-a7aa-b025ed7fd068@group-57B31BB58AB0-FollowerState
2022-01-08 01:47:36,205 [pool-737-thread-1] INFO  util.JmxRegister (JmxRegister.java:tryRegister(44)) - Successfully registered JMX Bean with object name Ratis:service=RaftServer,group=group-57B31BB58AB0,id=9d6916e6-e933-4839-a7aa-b025ed7fd068
2022-01-08 01:47:36,213 [Command processor thread] INFO  ratis.XceiverServerRatis (XceiverServerRatis.java:addGroup(768)) - Created group PipelineID=98d41487-13da-4396-8abb-57b31bb58ab0
2022-01-08 01:47:36,213 [IPC Server Responder] INFO  ipc.Server (Server.java:run(1512)) - Stopping IPC Server Responder
2022-01-08 01:47:36,214 [Listener at 127.0.0.1/40645] INFO  server.RaftServer (RaftServerProxy.java:lambda$close$6(391)) - om1: close
2022-01-08 01:47:36,214 [Listener at 127.0.0.1/40645] INFO  server.RaftServer$Division (RaftServerImpl.java:lambda$close$4(412)) - om1@group-C5BA1605619E: shutdown
2022-01-08 01:47:36,214 [Listener at 127.0.0.1/40645] INFO  util.JmxRegister (JmxRegister.java:unregister(73)) - Successfully un-registered JMX Bean with object name Ratis:service=RaftServer,group=group-C5BA1605619E,id=om1
2022-01-08 01:47:36,214 [Listener at 127.0.0.1/40645] INFO  impl.RoleInfo (RoleInfo.java:shutdownLeaderState(91)) - om1: shutdown om1@group-C5BA1605619E-LeaderStateImpl
2022-01-08 01:47:36,214 [Listener at 127.0.0.1/40645] INFO  impl.PendingRequests (PendingRequests.java:sendNotLeaderResponses(282)) - om1@group-C5BA1605619E-PendingRequests: sendNotLeaderResponses
2022-01-08 01:47:36,234 [Listener at 127.0.0.1/40645] INFO  impl.StateMachineUpdater (StateMachineUpdater.java:stopAndJoin(149)) - om1@group-C5BA1605619E-StateMachineUpdater: set stopIndex = 10
2022-01-08 01:47:36,236 [om1@group-C5BA1605619E-StateMachineUpdater] INFO  ratis.OzoneManagerStateMachine (OzoneManagerStateMachine.java:takeSnapshot(417)) - Current Snapshot Index (t:1, i:10)
2022-01-08 01:47:36,236 [om1@group-C5BA1605619E-StateMachineUpdater] INFO  impl.StateMachineUpdater (StateMachineUpdater.java:takeSnapshot(281)) - om1@group-C5BA1605619E-StateMachineUpdater: Took a snapshot at index 10
2022-01-08 01:47:36,236 [om1@group-C5BA1605619E-StateMachineUpdater] INFO  impl.StateMachineUpdater (StateMachineUpdater.java:lambda$new$0(89)) - om1@group-C5BA1605619E-StateMachineUpdater: snapshotIndex: updateIncreasingly -1 -> 10
2022-01-08 01:47:36,236 [om1@group-C5BA1605619E-StateMachineUpdater] INFO  ratis.OzoneManagerStateMachine (OzoneManagerStateMachine.java:close(471)) - StateMachine has shutdown. Shutdown OzoneManager if not already shutdown.
2022-01-08 01:47:36,238 [Command processor thread] INFO  server.RaftServer (RaftServerProxy.java:addNew(95)) - a0cd68b1-75b0-4717-86f8-69ceed32178b: addNew group-C60743901939:[6477641b-710a-49ab-b56b-e0f600eb5c24|rpc:10.1.0.34:38417|priority:0, a0cd68b1-75b0-4717-86f8-69ceed32178b|rpc:10.1.0.34:43001|priority:1, 44471f42-9a01-4764-8909-e7e02c044ebe|rpc:10.1.0.34:44109|priority:0] returns group-C60743901939:java.util.concurrent.CompletableFuture@5c5bbdc[Not completed]
2022-01-08 01:47:36,239 [pool-677-thread-1] INFO  server.RaftServer$Division (RaftServerImpl.java:<init>(184)) - a0cd68b1-75b0-4717-86f8-69ceed32178b: new RaftServerImpl for group-C60743901939:[6477641b-710a-49ab-b56b-e0f600eb5c24|rpc:10.1.0.34:38417|priority:0, a0cd68b1-75b0-4717-86f8-69ceed32178b|rpc:10.1.0.34:43001|priority:1, 44471f42-9a01-4764-8909-e7e02c044ebe|rpc:10.1.0.34:44109|priority:0] with ContainerStateMachine:uninitialized
2022-01-08 01:47:36,239 [pool-677-thread-1] INFO  server.RaftServerConfigKeys (ConfUtils.java:logGet(44)) - raft.server.rpc.timeout.min = 5s (custom)
2022-01-08 01:47:36,239 [pool-677-thread-1] INFO  server.RaftServerConfigKeys (ConfUtils.java:logGet(44)) - raft.server.rpc.timeout.max = 5200ms (custom)
2022-01-08 01:47:36,240 [pool-677-thread-1] INFO  server.RaftServerConfigKeys (ConfUtils.java:logGet(44)) - raft.server.rpc.sleep.time = 25ms (default)
2022-01-08 01:47:36,240 [pool-677-thread-1] INFO  server.RaftServerConfigKeys (ConfUtils.java:logGet(44)) - raft.server.rpc.slowness.timeout = 300000ms (custom)
2022-01-08 01:47:36,240 [pool-677-thread-1] INFO  server.RaftServerConfigKeys (ConfUtils.java:logGet(44)) - raft.server.leaderelection.leader.step-down.wait-time = 10s (default)
2022-01-08 01:47:36,240 [pool-677-thread-1] INFO  server.RaftServerConfigKeys (ConfUtils.java:logGet(44)) - raft.server.sleep.deviation.threshold = 300ms (default)
2022-01-08 01:47:36,240 [pool-677-thread-1] INFO  server.RaftServerConfigKeys (ConfUtils.java:logGet(44)) - raft.server.log.appender.install.snapshot.enabled = false (custom)
2022-01-08 01:47:36,240 [pool-677-thread-1] INFO  server.RaftServer$Division (ServerState.java:<init>(105)) - a0cd68b1-75b0-4717-86f8-69ceed32178b@group-C60743901939: ConfigurationManager, init=-1: [6477641b-710a-49ab-b56b-e0f600eb5c24|rpc:10.1.0.34:38417|priority:0, a0cd68b1-75b0-4717-86f8-69ceed32178b|rpc:10.1.0.34:43001|priority:1, 44471f42-9a01-4764-8909-e7e02c044ebe|rpc:10.1.0.34:44109|priority:0], old=null, confs=<EMPTY_MAP>
2022-01-08 01:47:36,240 [pool-677-thread-1] INFO  server.RaftServerConfigKeys (ConfUtils.java:logGet(44)) - raft.server.storage.dir = [/home/runner/work/ozone/ozone/hadoop-ozone/integration-test/target/test-dir/MiniOzoneClusterImpl-6a132c25-3902-4d06-b1e4-79a7ed3e0f57/datanode-6/data/ratis] (custom)
2022-01-08 01:47:36,240 [pool-677-thread-1] INFO  server.RaftServerConfigKeys (ConfUtils.java:logGet(44)) - raft.server.log.corruption.policy = EXCEPTION (default)
2022-01-08 01:47:36,240 [pool-677-thread-1] INFO  server.RaftServerConfigKeys (ConfUtils.java:logGet(44)) - raft.server.storage.free-space.min = 0MB (=0) (default)
2022-01-08 01:47:36,240 [pool-677-thread-1] INFO  storage.RaftStorageDirectory (RaftStorageDirectoryImpl.java:analyzeStorage(135)) - The storage directory /home/runner/work/ozone/ozone/hadoop-ozone/integration-test/target/test-dir/MiniOzoneClusterImpl-6a132c25-3902-4d06-b1e4-79a7ed3e0f57/datanode-6/data/ratis/bf5e8428-5878-49a6-8fa1-c60743901939 does not exist. Creating ...
2022-01-08 01:47:36,243 [pool-677-thread-1] INFO  storage.RaftStorageDirectory (RaftStorageDirectoryImpl.java:tryLock(230)) - Lock on /home/runner/work/ozone/ozone/hadoop-ozone/integration-test/target/test-dir/MiniOzoneClusterImpl-6a132c25-3902-4d06-b1e4-79a7ed3e0f57/datanode-6/data/ratis/bf5e8428-5878-49a6-8fa1-c60743901939/in_use.lock acquired by nodename 32692@fv-az116-279
2022-01-08 01:47:36,250 [pool-677-thread-1] INFO  storage.RaftStorage (RaftStorageImpl.java:format(89)) - Storage directory /home/runner/work/ozone/ozone/hadoop-ozone/integration-test/target/test-dir/MiniOzoneClusterImpl-6a132c25-3902-4d06-b1e4-79a7ed3e0f57/datanode-6/data/ratis/bf5e8428-5878-49a6-8fa1-c60743901939 has been successfully formatted.
2022-01-08 01:47:36,250 [pool-677-thread-1] INFO  ratis.ContainerStateMachine (ContainerStateMachine.java:loadSnapshot(231)) - group-C60743901939: The snapshot info is null. Setting the last applied indexto:(t:0, i:~)
2022-01-08 01:47:36,250 [pool-677-thread-1] INFO  server.RaftServerConfigKeys (ConfUtils.java:logGet(44)) - raft.server.notification.no-leader.timeout = 300000ms (custom)
2022-01-08 01:47:36,250 [pool-677-thread-1] INFO  server.RaftServerConfigKeys (ConfUtils.java:logGet(44)) - raft.server.log.use.memory = false (default)
2022-01-08 01:47:36,250 [pool-677-thread-1] INFO  server.RaftServerConfigKeys (ConfUtils.java:logGet(44)) - raft.server.log.purge.gap = 1000000 (custom)
2022-01-08 01:47:36,251 [pool-677-thread-1] INFO  server.RaftServerConfigKeys (ConfUtils.java:logGet(44)) - raft.server.log.appender.buffer.byte-limit = 33554432 (custom)
2022-01-08 01:47:36,251 [pool-677-thread-1] INFO  server.RaftServerConfigKeys (ConfUtils.java:logGet(44)) - raft.server.log.segment.size.max = 1048576 (custom)
2022-01-08 01:47:36,252 [pool-677-thread-1] INFO  server.RaftServerConfigKeys (ConfUtils.java:logGet(44)) - raft.server.log.segment.cache.num.max = 2 (custom)
2022-01-08 01:47:36,252 [pool-677-thread-1] INFO  server.RaftServerConfigKeys (ConfUtils.java:logGet(44)) - raft.server.log.segment.cache.size.max = 200MB (=209715200) (default)
2022-01-08 01:47:36,252 [pool-677-thread-1] INFO  segmented.SegmentedRaftLogWorker (SegmentedRaftLogWorker.java:<init>(182)) - new a0cd68b1-75b0-4717-86f8-69ceed32178b@group-C60743901939-SegmentedRaftLogWorker for RaftStorageImpl:Storage Directory /home/runner/work/ozone/ozone/hadoop-ozone/integration-test/target/test-dir/MiniOzoneClusterImpl-6a132c25-3902-4d06-b1e4-79a7ed3e0f57/datanode-6/data/ratis/bf5e8428-5878-49a6-8fa1-c60743901939
2022-01-08 01:47:36,252 [pool-677-thread-1] INFO  server.RaftServerConfigKeys (ConfUtils.java:logGet(44)) - raft.server.log.queue.byte-limit = 2147483647 (custom)
2022-01-08 01:47:36,252 [pool-677-thread-1] INFO  server.RaftServerConfigKeys (ConfUtils.java:logGet(44)) - raft.server.log.queue.element-limit = 1024 (custom)
2022-01-08 01:47:36,252 [pool-677-thread-1] INFO  server.RaftServerConfigKeys (ConfUtils.java:logGet(44)) - raft.server.log.segment.size.max = 1048576 (custom)
2022-01-08 01:47:36,252 [pool-677-thread-1] INFO  server.RaftServerConfigKeys (ConfUtils.java:logGet(44)) - raft.server.log.preallocated.size = 16384 (custom)
2022-01-08 01:47:36,252 [pool-677-thread-1] INFO  server.RaftServerConfigKeys (ConfUtils.java:logGet(44)) - raft.server.log.force.sync.num = 128 (default)
2022-01-08 01:47:36,252 [pool-677-thread-1] INFO  server.RaftServerConfigKeys (ConfUtils.java:logGet(44)) - raft.server.log.statemachine.data.sync = true (default)
2022-01-08 01:47:36,252 [pool-677-thread-1] INFO  server.RaftServerConfigKeys (ConfUtils.java:logGet(44)) - raft.server.log.statemachine.data.sync.timeout = 10s (default)
2022-01-08 01:47:36,252 [pool-677-thread-1] INFO  server.RaftServerConfigKeys (ConfUtils.java:logGet(44)) - raft.server.log.statemachine.data.sync.timeout.retry = -1 (default)
2022-01-08 01:47:36,253 [pool-677-thread-1] INFO  server.RaftServerConfigKeys (ConfUtils.java:logGet(44)) - raft.server.log.write.buffer.size = 1048576 (custom)
2022-01-08 01:47:36,254 [pool-677-thread-1] INFO  server.RaftServerConfigKeys (ConfUtils.java:logGet(44)) - raft.server.log.statemachine.data.caching.enabled = true (custom)
2022-01-08 01:47:36,254 [pool-677-thread-1] INFO  segmented.SegmentedRaftLogWorker (SegmentedRaftLogWorker.java:lambda$new$0(133)) - a0cd68b1-75b0-4717-86f8-69ceed32178b@group-C60743901939-SegmentedRaftLogWorker: flushIndex: setUnconditionally 0 -> -1
2022-01-08 01:47:36,254 [pool-677-thread-1] INFO  segmented.SegmentedRaftLogWorker (SegmentedRaftLogWorker.java:lambda$new$0(133)) - a0cd68b1-75b0-4717-86f8-69ceed32178b@group-C60743901939-SegmentedRaftLogWorker: safeCacheEvictIndex: setUnconditionally 0 -> -1
2022-01-08 01:47:36,263 [pool-677-thread-1] INFO  server.RaftServerConfigKeys (ConfUtils.java:logGet(44)) - raft.server.snapshot.auto.trigger.enabled = true (custom)
2022-01-08 01:47:36,263 [pool-677-thread-1] INFO  server.RaftServerConfigKeys (ConfUtils.java:logGet(44)) - raft.server.snapshot.auto.trigger.threshold = 10000 (custom)
2022-01-08 01:47:36,263 [pool-677-thread-1] INFO  server.RaftServerConfigKeys (ConfUtils.java:logGet(44)) - raft.server.snapshot.retention.file.num = 5 (custom)
2022-01-08 01:47:36,263 [pool-677-thread-1] INFO  server.RaftServerConfigKeys (ConfUtils.java:logGet(44)) - raft.server.log.purge.upto.snapshot.index = false (default)
2022-01-08 01:47:36,263 [pool-677-thread-1] INFO  server.RaftServerConfigKeys (ConfUtils.java:logGet(44)) - raft.server.retrycache.expirytime = 600000ms (custom)
2022-01-08 01:47:36,264 [pool-677-thread-1] INFO  server.RaftServerConfigKeys (ConfUtils.java:logGet(44)) - raft.server.retrycache.statistics.expirytime = 100μs (default)
2022-01-08 01:47:36,265 [pool-677-thread-1] INFO  server.RaftServer$Division (RaftServerImpl.java:start(301)) - a0cd68b1-75b0-4717-86f8-69ceed32178b@group-C60743901939: start as a follower, conf=-1: [6477641b-710a-49ab-b56b-e0f600eb5c24|rpc:10.1.0.34:38417|priority:0, a0cd68b1-75b0-4717-86f8-69ceed32178b|rpc:10.1.0.34:43001|priority:1, 44471f42-9a01-4764-8909-e7e02c044ebe|rpc:10.1.0.34:44109|priority:0], old=null
2022-01-08 01:47:36,265 [pool-677-thread-1] INFO  server.RaftServer$Division (RaftServerImpl.java:setRole(290)) - a0cd68b1-75b0-4717-86f8-69ceed32178b@group-C60743901939: changes role from      null to FOLLOWER at term 0 for startAsFollower
2022-01-08 01:47:36,265 [pool-677-thread-1] INFO  impl.RoleInfo (RoleInfo.java:updateAndGet(130)) - a0cd68b1-75b0-4717-86f8-69ceed32178b: start a0cd68b1-75b0-4717-86f8-69ceed32178b@group-C60743901939-FollowerState
2022-01-08 01:47:36,265 [pool-677-thread-1] INFO  util.JmxRegister (JmxRegister.java:tryRegister(44)) - Successfully registered JMX Bean with object name Ratis:service=RaftServer,group=group-C60743901939,id=a0cd68b1-75b0-4717-86f8-69ceed32178b
2022-01-08 01:47:36,268 [Listener at 127.0.0.1/40645] INFO  server.RaftServer$Division (ServerState.java:close(419)) - om1@group-C5BA1605619E: closes. applyIndex: 10
2022-01-08 01:47:36,269 [Command processor thread] INFO  ratis.XceiverServerRatis (XceiverServerRatis.java:addGroup(768)) - Created group PipelineID=bf5e8428-5878-49a6-8fa1-c60743901939
2022-01-08 01:47:36,273 [om1@group-C5BA1605619E-SegmentedRaftLogWorker] INFO  segmented.SegmentedRaftLogWorker (SegmentedRaftLogWorker.java:run(327)) - om1@group-C5BA1605619E-SegmentedRaftLogWorker was interrupted, exiting. There are 0 tasks remaining in the queue.
2022-01-08 01:47:36,275 [grpc-default-executor-1] INFO  server.RaftServer (RaftServerProxy.java:addNew(95)) - 6477641b-710a-49ab-b56b-e0f600eb5c24: addNew group-57B31BB58AB0:[6477641b-710a-49ab-b56b-e0f600eb5c24|rpc:10.1.0.34:38417|dataStream:|priority:0, 9d6916e6-e933-4839-a7aa-b025ed7fd068|rpc:10.1.0.34:40543|dataStream:|priority:1, 44471f42-9a01-4764-8909-e7e02c044ebe|rpc:10.1.0.34:44109|dataStream:|priority:0] returns group-57B31BB58AB0:java.util.concurrent.CompletableFuture@21e6bbfa[Not completed]
2022-01-08 01:47:36,275 [pool-551-thread-1] INFO  server.RaftServer$Division (RaftServerImpl.java:<init>(184)) - 6477641b-710a-49ab-b56b-e0f600eb5c24: new RaftServerImpl for group-57B31BB58AB0:[6477641b-710a-49ab-b56b-e0f600eb5c24|rpc:10.1.0.34:38417|dataStream:|priority:0, 9d6916e6-e933-4839-a7aa-b025ed7fd068|rpc:10.1.0.34:40543|dataStream:|priority:1, 44471f42-9a01-4764-8909-e7e02c044ebe|rpc:10.1.0.34:44109|dataStream:|priority:0] with ContainerStateMachine:uninitialized
2022-01-08 01:47:36,276 [pool-551-thread-1] INFO  server.RaftServerConfigKeys (ConfUtils.java:logGet(44)) - raft.server.rpc.timeout.min = 5s (custom)
2022-01-08 01:47:36,276 [pool-551-thread-1] INFO  server.RaftServerConfigKeys (ConfUtils.java:logGet(44)) - raft.server.rpc.timeout.max = 5200ms (custom)
2022-01-08 01:47:36,276 [pool-551-thread-1] INFO  server.RaftServerConfigKeys (ConfUtils.java:logGet(44)) - raft.server.rpc.sleep.time = 25ms (default)
2022-01-08 01:47:36,276 [pool-551-thread-1] INFO  server.RaftServerConfigKeys (ConfUtils.java:logGet(44)) - raft.server.rpc.slowness.timeout = 300000ms (custom)
2022-01-08 01:47:36,276 [pool-551-thread-1] INFO  server.RaftServerConfigKeys (ConfUtils.java:logGet(44)) - raft.server.leaderelection.leader.step-down.wait-time = 10s (default)
2022-01-08 01:47:36,276 [pool-551-thread-1] INFO  server.RaftServerConfigKeys (ConfUtils.java:logGet(44)) - raft.server.sleep.deviation.threshold = 300ms (default)
2022-01-08 01:47:36,276 [pool-551-thread-1] INFO  server.RaftServerConfigKeys (ConfUtils.java:logGet(44)) - raft.server.log.appender.install.snapshot.enabled = false (custom)
2022-01-08 01:47:36,276 [pool-551-thread-1] INFO  server.RaftServer$Division (ServerState.java:<init>(105)) - 6477641b-710a-49ab-b56b-e0f600eb5c24@group-57B31BB58AB0: ConfigurationManager, init=-1: [6477641b-710a-49ab-b56b-e0f600eb5c24|rpc:10.1.0.34:38417|dataStream:|priority:0, 9d6916e6-e933-4839-a7aa-b025ed7fd068|rpc:10.1.0.34:40543|dataStream:|priority:1, 44471f42-9a01-4764-8909-e7e02c044ebe|rpc:10.1.0.34:44109|dataStream:|priority:0], old=null, confs=<EMPTY_MAP>
2022-01-08 01:47:36,276 [pool-551-thread-1] INFO  server.RaftServerConfigKeys (ConfUtils.java:logGet(44)) - raft.server.storage.dir = [/home/runner/work/ozone/ozone/hadoop-ozone/integration-test/target/test-dir/MiniOzoneClusterImpl-6a132c25-3902-4d06-b1e4-79a7ed3e0f57/datanode-0/data/ratis] (custom)
2022-01-08 01:47:36,276 [pool-551-thread-1] INFO  server.RaftServerConfigKeys (ConfUtils.java:logGet(44)) - raft.server.log.corruption.policy = EXCEPTION (default)
2022-01-08 01:47:36,276 [pool-551-thread-1] INFO  server.RaftServerConfigKeys (ConfUtils.java:logGet(44)) - raft.server.storage.free-space.min = 0MB (=0) (default)
2022-01-08 01:47:36,276 [pool-551-thread-1] INFO  storage.RaftStorageDirectory (RaftStorageDirectoryImpl.java:analyzeStorage(135)) - The storage directory /home/runner/work/ozone/ozone/hadoop-ozone/integration-test/target/test-dir/MiniOzoneClusterImpl-6a132c25-3902-4d06-b1e4-79a7ed3e0f57/datanode-0/data/ratis/98d41487-13da-4396-8abb-57b31bb58ab0 does not exist. Creating ...
2022-01-08 01:47:36,280 [pool-551-thread-1] INFO  storage.RaftStorageDirectory (RaftStorageDirectoryImpl.java:tryLock(230)) - Lock on /home/runner/work/ozone/ozone/hadoop-ozone/integration-test/target/test-dir/MiniOzoneClusterImpl-6a132c25-3902-4d06-b1e4-79a7ed3e0f57/datanode-0/data/ratis/98d41487-13da-4396-8abb-57b31bb58ab0/in_use.lock acquired by nodename 32692@fv-az116-279
2022-01-08 01:47:36,281 [grpc-default-executor-1] INFO  server.RaftServer (RaftServerProxy.java:addNew(95)) - 44471f42-9a01-4764-8909-e7e02c044ebe: addNew group-C60743901939:[6477641b-710a-49ab-b56b-e0f600eb5c24|rpc:10.1.0.34:38417|dataStream:|priority:0, a0cd68b1-75b0-4717-86f8-69ceed32178b|rpc:10.1.0.34:43001|dataStream:|priority:1, 44471f42-9a01-4764-8909-e7e02c044ebe|rpc:10.1.0.34:44109|dataStream:|priority:0] returns group-C60743901939:java.util.concurrent.CompletableFuture@283f3fec[Not completed]
2022-01-08 01:47:36,282 [pool-593-thread-1] INFO  server.RaftServer$Division (RaftServerImpl.java:<init>(184)) - 44471f42-9a01-4764-8909-e7e02c044ebe: new RaftServerImpl for group-C60743901939:[6477641b-710a-49ab-b56b-e0f600eb5c24|rpc:10.1.0.34:38417|dataStream:|priority:0, a0cd68b1-75b0-4717-86f8-69ceed32178b|rpc:10.1.0.34:43001|dataStream:|priority:1, 44471f42-9a01-4764-8909-e7e02c044ebe|rpc:10.1.0.34:44109|dataStream:|priority:0] with ContainerStateMachine:uninitialized
2022-01-08 01:47:36,282 [pool-593-thread-1] INFO  server.RaftServerConfigKeys (ConfUtils.java:logGet(44)) - raft.server.rpc.timeout.min = 5s (custom)
2022-01-08 01:47:36,282 [pool-593-thread-1] INFO  server.RaftServerConfigKeys (ConfUtils.java:logGet(44)) - raft.server.rpc.timeout.max = 5200ms (custom)
2022-01-08 01:47:36,282 [pool-593-thread-1] INFO  server.RaftServerConfigKeys (ConfUtils.java:logGet(44)) - raft.server.rpc.sleep.time = 25ms (default)
2022-01-08 01:47:36,282 [pool-593-thread-1] INFO  server.RaftServerConfigKeys (ConfUtils.java:logGet(44)) - raft.server.rpc.slowness.timeout = 300000ms (custom)
2022-01-08 01:47:36,282 [pool-593-thread-1] INFO  server.RaftServerConfigKeys (ConfUtils.java:logGet(44)) - raft.server.leaderelection.leader.step-down.wait-time = 10s (default)
2022-01-08 01:47:36,282 [pool-593-thread-1] INFO  server.RaftServerConfigKeys (ConfUtils.java:logGet(44)) - raft.server.sleep.deviation.threshold = 300ms (default)
2022-01-08 01:47:36,282 [pool-593-thread-1] INFO  server.RaftServerConfigKeys (ConfUtils.java:logGet(44)) - raft.server.log.appender.install.snapshot.enabled = false (custom)
2022-01-08 01:47:36,282 [pool-593-thread-1] INFO  server.RaftServer$Division (ServerState.java:<init>(105)) - 44471f42-9a01-4764-8909-e7e02c044ebe@group-C60743901939: ConfigurationManager, init=-1: [6477641b-710a-49ab-b56b-e0f600eb5c24|rpc:10.1.0.34:38417|dataStream:|priority:0, a0cd68b1-75b0-4717-86f8-69ceed32178b|rpc:10.1.0.34:43001|dataStream:|priority:1, 44471f42-9a01-4764-8909-e7e02c044ebe|rpc:10.1.0.34:44109|dataStream:|priority:0], old=null, confs=<EMPTY_MAP>
2022-01-08 01:47:36,282 [pool-593-thread-1] INFO  server.RaftServerConfigKeys (ConfUtils.java:logGet(44)) - raft.server.storage.dir = [/home/runner/work/ozone/ozone/hadoop-ozone/integration-test/target/test-dir/MiniOzoneClusterImpl-6a132c25-3902-4d06-b1e4-79a7ed3e0f57/datanode-2/data/ratis] (custom)
2022-01-08 01:47:36,282 [pool-593-thread-1] INFO  server.RaftServerConfigKeys (ConfUtils.java:logGet(44)) - raft.server.log.corruption.policy = EXCEPTION (default)
2022-01-08 01:47:36,282 [pool-593-thread-1] INFO  server.RaftServerConfigKeys (ConfUtils.java:logGet(44)) - raft.server.storage.free-space.min = 0MB (=0) (default)
2022-01-08 01:47:36,282 [pool-593-thread-1] INFO  storage.RaftStorageDirectory (RaftStorageDirectoryImpl.java:analyzeStorage(135)) - The storage directory /home/runner/work/ozone/ozone/hadoop-ozone/integration-test/target/test-dir/MiniOzoneClusterImpl-6a132c25-3902-4d06-b1e4-79a7ed3e0f57/datanode-2/data/ratis/bf5e8428-5878-49a6-8fa1-c60743901939 does not exist. Creating ...
2022-01-08 01:47:36,284 [pool-593-thread-1] INFO  storage.RaftStorageDirectory (RaftStorageDirectoryImpl.java:tryLock(230)) - Lock on /home/runner/work/ozone/ozone/hadoop-ozone/integration-test/target/test-dir/MiniOzoneClusterImpl-6a132c25-3902-4d06-b1e4-79a7ed3e0f57/datanode-2/data/ratis/bf5e8428-5878-49a6-8fa1-c60743901939/in_use.lock acquired by nodename 32692@fv-az116-279
2022-01-08 01:47:36,284 [pool-551-thread-1] INFO  storage.RaftStorage (RaftStorageImpl.java:format(89)) - Storage directory /home/runner/work/ozone/ozone/hadoop-ozone/integration-test/target/test-dir/MiniOzoneClusterImpl-6a132c25-3902-4d06-b1e4-79a7ed3e0f57/datanode-0/data/ratis/98d41487-13da-4396-8abb-57b31bb58ab0 has been successfully formatted.
2022-01-08 01:47:36,285 [pool-551-thread-1] INFO  ratis.ContainerStateMachine (ContainerStateMachine.java:loadSnapshot(231)) - group-57B31BB58AB0: The snapshot info is null. Setting the last applied indexto:(t:0, i:~)
2022-01-08 01:47:36,285 [pool-551-thread-1] INFO  server.RaftServerConfigKeys (ConfUtils.java:logGet(44)) - raft.server.notification.no-leader.timeout = 300000ms (custom)
2022-01-08 01:47:36,285 [pool-551-thread-1] INFO  server.RaftServerConfigKeys (ConfUtils.java:logGet(44)) - raft.server.log.use.memory = false (default)
2022-01-08 01:47:36,285 [pool-551-thread-1] INFO  server.RaftServerConfigKeys (ConfUtils.java:logGet(44)) - raft.server.log.purge.gap = 1000000 (custom)
2022-01-08 01:47:36,285 [pool-551-thread-1] INFO  server.RaftServerConfigKeys (ConfUtils.java:logGet(44)) - raft.server.log.appender.buffer.byte-limit = 33554432 (custom)
2022-01-08 01:47:36,286 [pool-551-thread-1] INFO  server.RaftServerConfigKeys (ConfUtils.java:logGet(44)) - raft.server.log.segment.size.max = 1048576 (custom)
2022-01-08 01:47:36,287 [pool-593-thread-1] INFO  storage.RaftStorage (RaftStorageImpl.java:format(89)) - Storage directory /home/runner/work/ozone/ozone/hadoop-ozone/integration-test/target/test-dir/MiniOzoneClusterImpl-6a132c25-3902-4d06-b1e4-79a7ed3e0f57/datanode-2/data/ratis/bf5e8428-5878-49a6-8fa1-c60743901939 has been successfully formatted.
2022-01-08 01:47:36,287 [pool-593-thread-1] INFO  ratis.ContainerStateMachine (ContainerStateMachine.java:loadSnapshot(231)) - group-C60743901939: The snapshot info is null. Setting the last applied indexto:(t:0, i:~)
2022-01-08 01:47:36,287 [pool-593-thread-1] INFO  server.RaftServerConfigKeys (ConfUtils.java:logGet(44)) - raft.server.notification.no-leader.timeout = 300000ms (custom)
2022-01-08 01:47:36,287 [pool-593-thread-1] INFO  server.RaftServerConfigKeys (ConfUtils.java:logGet(44)) - raft.server.log.use.memory = false (default)
2022-01-08 01:47:36,287 [pool-593-thread-1] INFO  server.RaftServerConfigKeys (ConfUtils.java:logGet(44)) - raft.server.log.purge.gap = 1000000 (custom)
2022-01-08 01:47:36,287 [pool-593-thread-1] INFO  server.RaftServerConfigKeys (ConfUtils.java:logGet(44)) - raft.server.log.appender.buffer.byte-limit = 33554432 (custom)
2022-01-08 01:47:36,287 [pool-593-thread-1] INFO  server.RaftServerConfigKeys (ConfUtils.java:logGet(44)) - raft.server.log.segment.size.max = 1048576 (custom)
2022-01-08 01:47:36,288 [pool-593-thread-1] INFO  server.RaftServerConfigKeys (ConfUtils.java:logGet(44)) - raft.server.log.segment.cache.num.max = 2 (custom)
2022-01-08 01:47:36,288 [pool-593-thread-1] INFO  server.RaftServerConfigKeys (ConfUtils.java:logGet(44)) - raft.server.log.segment.cache.size.max = 200MB (=209715200) (default)
2022-01-08 01:47:36,288 [pool-593-thread-1] INFO  segmented.SegmentedRaftLogWorker (SegmentedRaftLogWorker.java:<init>(182)) - new 44471f42-9a01-4764-8909-e7e02c044ebe@group-C60743901939-SegmentedRaftLogWorker for RaftStorageImpl:Storage Directory /home/runner/work/ozone/ozone/hadoop-ozone/integration-test/target/test-dir/MiniOzoneClusterImpl-6a132c25-3902-4d06-b1e4-79a7ed3e0f57/datanode-2/data/ratis/bf5e8428-5878-49a6-8fa1-c60743901939
2022-01-08 01:47:36,288 [pool-593-thread-1] INFO  server.RaftServerConfigKeys (ConfUtils.java:logGet(44)) - raft.server.log.queue.byte-limit = 2147483647 (custom)
2022-01-08 01:47:36,288 [pool-593-thread-1] INFO  server.RaftServerConfigKeys (ConfUtils.java:logGet(44)) - raft.server.log.queue.element-limit = 1024 (custom)
2022-01-08 01:47:36,288 [pool-593-thread-1] INFO  server.RaftServerConfigKeys (ConfUtils.java:logGet(44)) - raft.server.log.segment.size.max = 1048576 (custom)
2022-01-08 01:47:36,288 [pool-593-thread-1] INFO  server.RaftServerConfigKeys (ConfUtils.java:logGet(44)) - raft.server.log.preallocated.size = 16384 (custom)
2022-01-08 01:47:36,288 [pool-593-thread-1] INFO  server.RaftServerConfigKeys (ConfUtils.java:logGet(44)) - raft.server.log.force.sync.num = 128 (default)
2022-01-08 01:47:36,288 [pool-593-thread-1] INFO  server.RaftServerConfigKeys (ConfUtils.java:logGet(44)) - raft.server.log.statemachine.data.sync = true (default)
2022-01-08 01:47:36,288 [pool-593-thread-1] INFO  server.RaftServerConfigKeys (ConfUtils.java:logGet(44)) - raft.server.log.statemachine.data.sync.timeout = 10s (default)
2022-01-08 01:47:36,288 [pool-593-thread-1] INFO  server.RaftServerConfigKeys (ConfUtils.java:logGet(44)) - raft.server.log.statemachine.data.sync.timeout.retry = -1 (default)
2022-01-08 01:47:36,289 [pool-593-thread-1] INFO  server.RaftServerConfigKeys (ConfUtils.java:logGet(44)) - raft.server.log.write.buffer.size = 1048576 (custom)
2022-01-08 01:47:36,289 [pool-593-thread-1] INFO  server.RaftServerConfigKeys (ConfUtils.java:logGet(44)) - raft.server.log.statemachine.data.caching.enabled = true (custom)
2022-01-08 01:47:36,290 [pool-593-thread-1] INFO  segmented.SegmentedRaftLogWorker (SegmentedRaftLogWorker.java:lambda$new$0(133)) - 44471f42-9a01-4764-8909-e7e02c044ebe@group-C60743901939-SegmentedRaftLogWorker: flushIndex: setUnconditionally 0 -> -1
2022-01-08 01:47:36,290 [pool-593-thread-1] INFO  segmented.SegmentedRaftLogWorker (SegmentedRaftLogWorker.java:lambda$new$0(133)) - 44471f42-9a01-4764-8909-e7e02c044ebe@group-C60743901939-SegmentedRaftLogWorker: safeCacheEvictIndex: setUnconditionally 0 -> -1
2022-01-08 01:47:36,287 [pool-551-thread-1] INFO  server.RaftServerConfigKeys (ConfUtils.java:logGet(44)) - raft.server.log.segment.cache.num.max = 2 (custom)
2022-01-08 01:47:36,290 [pool-551-thread-1] INFO  server.RaftServerConfigKeys (ConfUtils.java:logGet(44)) - raft.server.log.segment.cache.size.max = 200MB (=209715200) (default)
2022-01-08 01:47:36,290 [pool-551-thread-1] INFO  segmented.SegmentedRaftLogWorker (SegmentedRaftLogWorker.java:<init>(182)) - new 6477641b-710a-49ab-b56b-e0f600eb5c24@group-57B31BB58AB0-SegmentedRaftLogWorker for RaftStorageImpl:Storage Directory /home/runner/work/ozone/ozone/hadoop-ozone/integration-test/target/test-dir/MiniOzoneClusterImpl-6a132c25-3902-4d06-b1e4-79a7ed3e0f57/datanode-0/data/ratis/98d41487-13da-4396-8abb-57b31bb58ab0
2022-01-08 01:47:36,290 [pool-551-thread-1] INFO  server.RaftServerConfigKeys (ConfUtils.java:logGet(44)) - raft.server.log.queue.byte-limit = 2147483647 (custom)
2022-01-08 01:47:36,290 [pool-551-thread-1] INFO  server.RaftServerConfigKeys (ConfUtils.java:logGet(44)) - raft.server.log.queue.element-limit = 1024 (custom)
2022-01-08 01:47:36,290 [pool-551-thread-1] INFO  server.RaftServerConfigKeys (ConfUtils.java:logGet(44)) - raft.server.log.segment.size.max = 1048576 (custom)
2022-01-08 01:47:36,290 [pool-551-thread-1] INFO  server.RaftServerConfigKeys (ConfUtils.java:logGet(44)) - raft.server.log.preallocated.size = 16384 (custom)
2022-01-08 01:47:36,290 [pool-551-thread-1] INFO  server.RaftServerConfigKeys (ConfUtils.java:logGet(44)) - raft.server.log.force.sync.num = 128 (default)
2022-01-08 01:47:36,291 [pool-551-thread-1] INFO  server.RaftServerConfigKeys (ConfUtils.java:logGet(44)) - raft.server.log.statemachine.data.sync = true (default)
2022-01-08 01:47:36,291 [pool-551-thread-1] INFO  server.RaftServerConfigKeys (ConfUtils.java:logGet(44)) - raft.server.log.statemachine.data.sync.timeout = 10s (default)
2022-01-08 01:47:36,291 [pool-551-thread-1] INFO  server.RaftServerConfigKeys (ConfUtils.java:logGet(44)) - raft.server.log.statemachine.data.sync.timeout.retry = -1 (default)
2022-01-08 01:47:36,297 [Listener at 127.0.0.1/40645] INFO  segmented.SegmentedRaftLogWorker (SegmentedRaftLogWorker.java:close(237)) - om1@group-C5BA1605619E-SegmentedRaftLogWorker close()
2022-01-08 01:47:36,298 [pool-593-thread-1] INFO  server.RaftServerConfigKeys (ConfUtils.java:logGet(44)) - raft.server.snapshot.auto.trigger.enabled = true (custom)
2022-01-08 01:47:36,298 [pool-593-thread-1] INFO  server.RaftServerConfigKeys (ConfUtils.java:logGet(44)) - raft.server.snapshot.auto.trigger.threshold = 10000 (custom)
2022-01-08 01:47:36,298 [pool-593-thread-1] INFO  server.RaftServerConfigKeys (ConfUtils.java:logGet(44)) - raft.server.snapshot.retention.file.num = 5 (custom)
2022-01-08 01:47:36,298 [pool-593-thread-1] INFO  server.RaftServerConfigKeys (ConfUtils.java:logGet(44)) - raft.server.log.purge.upto.snapshot.index = false (default)
2022-01-08 01:47:36,298 [pool-593-thread-1] INFO  server.RaftServerConfigKeys (ConfUtils.java:logGet(44)) - raft.server.retrycache.expirytime = 600000ms (custom)
2022-01-08 01:47:36,298 [pool-593-thread-1] INFO  server.RaftServerConfigKeys (ConfUtils.java:logGet(44)) - raft.server.retrycache.statistics.expirytime = 100μs (default)
2022-01-08 01:47:36,299 [pool-593-thread-1] INFO  server.RaftServer$Division (RaftServerImpl.java:start(301)) - 44471f42-9a01-4764-8909-e7e02c044ebe@group-C60743901939: start as a follower, conf=-1: [6477641b-710a-49ab-b56b-e0f600eb5c24|rpc:10.1.0.34:38417|dataStream:|priority:0, a0cd68b1-75b0-4717-86f8-69ceed32178b|rpc:10.1.0.34:43001|dataStream:|priority:1, 44471f42-9a01-4764-8909-e7e02c044ebe|rpc:10.1.0.34:44109|dataStream:|priority:0], old=null
2022-01-08 01:47:36,299 [pool-593-thread-1] INFO  server.RaftServer$Division (RaftServerImpl.java:setRole(290)) - 44471f42-9a01-4764-8909-e7e02c044ebe@group-C60743901939: changes role from      null to FOLLOWER at term 0 for startAsFollower
2022-01-08 01:47:36,299 [pool-593-thread-1] INFO  impl.RoleInfo (RoleInfo.java:updateAndGet(130)) - 44471f42-9a01-4764-8909-e7e02c044ebe: start 44471f42-9a01-4764-8909-e7e02c044ebe@group-C60743901939-FollowerState
2022-01-08 01:47:36,305 [pool-593-thread-1] INFO  util.JmxRegister (JmxRegister.java:tryRegister(44)) - Successfully registered JMX Bean with object name Ratis:service=RaftServer,group=group-C60743901939,id=44471f42-9a01-4764-8909-e7e02c044ebe
2022-01-08 01:47:36,320 [Listener at 127.0.0.1/40645] INFO  server.GrpcService (GrpcService.java:closeImpl(262)) - om1: shutdown server with port 9872 now
2022-01-08 01:47:36,321 [pool-551-thread-1] INFO  server.RaftServerConfigKeys (ConfUtils.java:logGet(44)) - raft.server.log.write.buffer.size = 1048576 (custom)
2022-01-08 01:47:36,321 [pool-551-thread-1] INFO  server.RaftServerConfigKeys (ConfUtils.java:logGet(44)) - raft.server.log.statemachine.data.caching.enabled = true (custom)
2022-01-08 01:47:36,321 [pool-551-thread-1] INFO  segmented.SegmentedRaftLogWorker (SegmentedRaftLogWorker.java:lambda$new$0(133)) - 6477641b-710a-49ab-b56b-e0f600eb5c24@group-57B31BB58AB0-SegmentedRaftLogWorker: flushIndex: setUnconditionally 0 -> -1
2022-01-08 01:47:36,321 [pool-551-thread-1] INFO  segmented.SegmentedRaftLogWorker (SegmentedRaftLogWorker.java:lambda$new$0(133)) - 6477641b-710a-49ab-b56b-e0f600eb5c24@group-57B31BB58AB0-SegmentedRaftLogWorker: safeCacheEvictIndex: setUnconditionally 0 -> -1
2022-01-08 01:47:36,327 [Listener at 127.0.0.1/40645] INFO  server.GrpcService (GrpcService.java:closeImpl(271)) - om1: shutdown server with port 9872 successfully
2022-01-08 01:47:36,330 [grpc-default-executor-1] INFO  server.RaftServer (RaftServerProxy.java:addNew(95)) - 6477641b-710a-49ab-b56b-e0f600eb5c24: addNew group-C60743901939:[6477641b-710a-49ab-b56b-e0f600eb5c24|rpc:10.1.0.34:38417|dataStream:|priority:0, a0cd68b1-75b0-4717-86f8-69ceed32178b|rpc:10.1.0.34:43001|dataStream:|priority:1, 44471f42-9a01-4764-8909-e7e02c044ebe|rpc:10.1.0.34:44109|dataStream:|priority:0] returns group-C60743901939:java.util.concurrent.CompletableFuture@8ead49e[Not completed]
2022-01-08 01:47:36,331 [pool-551-thread-1] INFO  server.RaftServerConfigKeys (ConfUtils.java:logGet(44)) - raft.server.snapshot.auto.trigger.enabled = true (custom)
2022-01-08 01:47:36,331 [pool-551-thread-1] INFO  server.RaftServerConfigKeys (ConfUtils.java:logGet(44)) - raft.server.snapshot.auto.trigger.threshold = 10000 (custom)
2022-01-08 01:47:36,331 [pool-551-thread-1] INFO  server.RaftServerConfigKeys (ConfUtils.java:logGet(44)) - raft.server.snapshot.retention.file.num = 5 (custom)
2022-01-08 01:47:36,331 [pool-551-thread-1] INFO  server.RaftServerConfigKeys (ConfUtils.java:logGet(44)) - raft.server.log.purge.upto.snapshot.index = false (default)
2022-01-08 01:47:36,331 [pool-551-thread-1] INFO  server.RaftServerConfigKeys (ConfUtils.java:logGet(44)) - raft.server.retrycache.expirytime = 600000ms (custom)
2022-01-08 01:47:36,331 [pool-551-thread-1] INFO  server.RaftServerConfigKeys (ConfUtils.java:logGet(44)) - raft.server.retrycache.statistics.expirytime = 100μs (default)
2022-01-08 01:47:36,333 [pool-551-thread-1] INFO  server.RaftServer$Division (RaftServerImpl.java:<init>(184)) - 6477641b-710a-49ab-b56b-e0f600eb5c24: new RaftServerImpl for group-C60743901939:[6477641b-710a-49ab-b56b-e0f600eb5c24|rpc:10.1.0.34:38417|dataStream:|priority:0, a0cd68b1-75b0-4717-86f8-69ceed32178b|rpc:10.1.0.34:43001|dataStream:|priority:1, 44471f42-9a01-4764-8909-e7e02c044ebe|rpc:10.1.0.34:44109|dataStream:|priority:0] with ContainerStateMachine:uninitialized
2022-01-08 01:47:36,333 [pool-551-thread-1] INFO  server.RaftServerConfigKeys (ConfUtils.java:logGet(44)) - raft.server.rpc.timeout.min = 5s (custom)
2022-01-08 01:47:36,334 [pool-551-thread-1] INFO  server.RaftServerConfigKeys (ConfUtils.java:logGet(44)) - raft.server.rpc.timeout.max = 5200ms (custom)
2022-01-08 01:47:36,334 [pool-551-thread-1] INFO  server.RaftServerConfigKeys (ConfUtils.java:logGet(44)) - raft.server.rpc.sleep.time = 25ms (default)
2022-01-08 01:47:36,334 [pool-551-thread-1] INFO  server.RaftServerConfigKeys (ConfUtils.java:logGet(44)) - raft.server.rpc.slowness.timeout = 300000ms (custom)
2022-01-08 01:47:36,334 [pool-551-thread-1] INFO  server.RaftServerConfigKeys (ConfUtils.java:logGet(44)) - raft.server.leaderelection.leader.step-down.wait-time = 10s (default)
2022-01-08 01:47:36,334 [pool-551-thread-1] INFO  server.RaftServerConfigKeys (ConfUtils.java:logGet(44)) - raft.server.sleep.deviation.threshold = 300ms (default)
2022-01-08 01:47:36,334 [pool-551-thread-1] INFO  server.RaftServerConfigKeys (ConfUtils.java:logGet(44)) - raft.server.log.appender.install.snapshot.enabled = false (custom)
2022-01-08 01:47:36,334 [pool-551-thread-1] INFO  server.RaftServer$Division (ServerState.java:<init>(105)) - 6477641b-710a-49ab-b56b-e0f600eb5c24@group-C60743901939: ConfigurationManager, init=-1: [6477641b-710a-49ab-b56b-e0f600eb5c24|rpc:10.1.0.34:38417|dataStream:|priority:0, a0cd68b1-75b0-4717-86f8-69ceed32178b|rpc:10.1.0.34:43001|dataStream:|priority:1, 44471f42-9a01-4764-8909-e7e02c044ebe|rpc:10.1.0.34:44109|dataStream:|priority:0], old=null, confs=<EMPTY_MAP>
2022-01-08 01:47:36,334 [pool-551-thread-1] INFO  server.RaftServerConfigKeys (ConfUtils.java:logGet(44)) - raft.server.storage.dir = [/home/runner/work/ozone/ozone/hadoop-ozone/integration-test/target/test-dir/MiniOzoneClusterImpl-6a132c25-3902-4d06-b1e4-79a7ed3e0f57/datanode-0/data/ratis] (custom)
2022-01-08 01:47:36,334 [pool-551-thread-1] INFO  server.RaftServerConfigKeys (ConfUtils.java:logGet(44)) - raft.server.log.corruption.policy = EXCEPTION (default)
2022-01-08 01:47:36,334 [pool-551-thread-1] INFO  server.RaftServerConfigKeys (ConfUtils.java:logGet(44)) - raft.server.storage.free-space.min = 0MB (=0) (default)
2022-01-08 01:47:36,339 [pool-551-thread-1] INFO  storage.RaftStorageDirectory (RaftStorageDirectoryImpl.java:analyzeStorage(135)) - The storage directory /home/runner/work/ozone/ozone/hadoop-ozone/integration-test/target/test-dir/MiniOzoneClusterImpl-6a132c25-3902-4d06-b1e4-79a7ed3e0f57/datanode-0/data/ratis/bf5e8428-5878-49a6-8fa1-c60743901939 does not exist. Creating ...
2022-01-08 01:47:36,340 [pool-551-thread-1] INFO  storage.RaftStorageDirectory (RaftStorageDirectoryImpl.java:tryLock(230)) - Lock on /home/runner/work/ozone/ozone/hadoop-ozone/integration-test/target/test-dir/MiniOzoneClusterImpl-6a132c25-3902-4d06-b1e4-79a7ed3e0f57/datanode-0/data/ratis/bf5e8428-5878-49a6-8fa1-c60743901939/in_use.lock acquired by nodename 32692@fv-az116-279
2022-01-08 01:47:36,341 [pool-551-thread-1] INFO  storage.RaftStorage (RaftStorageImpl.java:format(89)) - Storage directory /home/runner/work/ozone/ozone/hadoop-ozone/integration-test/target/test-dir/MiniOzoneClusterImpl-6a132c25-3902-4d06-b1e4-79a7ed3e0f57/datanode-0/data/ratis/bf5e8428-5878-49a6-8fa1-c60743901939 has been successfully formatted.
2022-01-08 01:47:36,339 [org.apache.ratis.util.JvmPauseMonitor$$Lambda$539/2045747304@460a2116] INFO  util.JvmPauseMonitor (JvmPauseMonitor.java:run(109)) - JvmPauseMonitor-om1: Stopped
2022-01-08 01:47:36,342 [pool-551-thread-1] INFO  ratis.ContainerStateMachine (ContainerStateMachine.java:loadSnapshot(231)) - group-C60743901939: The snapshot info is null. Setting the last applied indexto:(t:0, i:~)
2022-01-08 01:47:36,342 [pool-551-thread-1] INFO  server.RaftServerConfigKeys (ConfUtils.java:logGet(44)) - raft.server.notification.no-leader.timeout = 300000ms (custom)
2022-01-08 01:47:36,343 [pool-551-thread-1] INFO  server.RaftServerConfigKeys (ConfUtils.java:logGet(44)) - raft.server.log.use.memory = false (default)
2022-01-08 01:47:36,343 [pool-551-thread-1] INFO  server.RaftServerConfigKeys (ConfUtils.java:logGet(44)) - raft.server.log.purge.gap = 1000000 (custom)
2022-01-08 01:47:36,343 [pool-551-thread-1] INFO  server.RaftServerConfigKeys (ConfUtils.java:logGet(44)) - raft.server.log.appender.buffer.byte-limit = 33554432 (custom)
2022-01-08 01:47:36,343 [pool-551-thread-1] INFO  server.RaftServerConfigKeys (ConfUtils.java:logGet(44)) - raft.server.log.segment.size.max = 1048576 (custom)
2022-01-08 01:47:36,344 [pool-551-thread-1] INFO  server.RaftServerConfigKeys (ConfUtils.java:logGet(44)) - raft.server.log.segment.cache.num.max = 2 (custom)
2022-01-08 01:47:36,344 [pool-551-thread-1] INFO  server.RaftServerConfigKeys (ConfUtils.java:logGet(44)) - raft.server.log.segment.cache.size.max = 200MB (=209715200) (default)
2022-01-08 01:47:36,344 [pool-551-thread-1] INFO  segmented.SegmentedRaftLogWorker (SegmentedRaftLogWorker.java:<init>(182)) - new 6477641b-710a-49ab-b56b-e0f600eb5c24@group-C60743901939-SegmentedRaftLogWorker for RaftStorageImpl:Storage Directory /home/runner/work/ozone/ozone/hadoop-ozone/integration-test/target/test-dir/MiniOzoneClusterImpl-6a132c25-3902-4d06-b1e4-79a7ed3e0f57/datanode-0/data/ratis/bf5e8428-5878-49a6-8fa1-c60743901939
2022-01-08 01:47:36,344 [pool-551-thread-1] INFO  server.RaftServerConfigKeys (ConfUtils.java:logGet(44)) - raft.server.log.queue.byte-limit = 2147483647 (custom)
2022-01-08 01:47:36,344 [pool-551-thread-1] INFO  server.RaftServerConfigKeys (ConfUtils.java:logGet(44)) - raft.server.log.queue.element-limit = 1024 (custom)
2022-01-08 01:47:36,344 [pool-551-thread-1] INFO  server.RaftServerConfigKeys (ConfUtils.java:logGet(44)) - raft.server.log.segment.size.max = 1048576 (custom)
2022-01-08 01:47:36,344 [pool-551-thread-1] INFO  server.RaftServerConfigKeys (ConfUtils.java:logGet(44)) - raft.server.log.preallocated.size = 16384 (custom)
2022-01-08 01:47:36,344 [pool-551-thread-1] INFO  server.RaftServerConfigKeys (ConfUtils.java:logGet(44)) - raft.server.log.force.sync.num = 128 (default)
2022-01-08 01:47:36,344 [pool-551-thread-1] INFO  server.RaftServerConfigKeys (ConfUtils.java:logGet(44)) - raft.server.log.statemachine.data.sync = true (default)
2022-01-08 01:47:36,344 [pool-551-thread-1] INFO  server.RaftServerConfigKeys (ConfUtils.java:logGet(44)) - raft.server.log.statemachine.data.sync.timeout = 10s (default)
2022-01-08 01:47:36,345 [pool-551-thread-1] INFO  server.RaftServerConfigKeys (ConfUtils.java:logGet(44)) - raft.server.log.statemachine.data.sync.timeout.retry = -1 (default)
2022-01-08 01:47:36,345 [pool-551-thread-1] INFO  server.RaftServerConfigKeys (ConfUtils.java:logGet(44)) - raft.server.log.write.buffer.size = 1048576 (custom)
2022-01-08 01:47:36,346 [pool-551-thread-1] INFO  server.RaftServerConfigKeys (ConfUtils.java:logGet(44)) - raft.server.log.statemachine.data.caching.enabled = true (custom)
2022-01-08 01:47:36,346 [pool-551-thread-1] INFO  segmented.SegmentedRaftLogWorker (SegmentedRaftLogWorker.java:lambda$new$0(133)) - 6477641b-710a-49ab-b56b-e0f600eb5c24@group-C60743901939-SegmentedRaftLogWorker: flushIndex: setUnconditionally 0 -> -1
2022-01-08 01:47:36,346 [pool-551-thread-1] INFO  segmented.SegmentedRaftLogWorker (SegmentedRaftLogWorker.java:lambda$new$0(133)) - 6477641b-710a-49ab-b56b-e0f600eb5c24@group-C60743901939-SegmentedRaftLogWorker: safeCacheEvictIndex: setUnconditionally 0 -> -1
2022-01-08 01:47:36,343 [Listener at 127.0.0.1/40645] INFO  ratis.OzoneManagerDoubleBuffer (OzoneManagerDoubleBuffer.java:stop(437)) - Stopping OMDoubleBuffer flush thread
2022-01-08 01:47:36,351 [OMDoubleBufferFlushThread] INFO  ratis.OzoneManagerDoubleBuffer (OzoneManagerDoubleBuffer.java:flushTransactions(356)) - OMDoubleBuffer flush thread OMDoubleBufferFlushThread is interrupted and will exit. OMDoubleBufferFlushThread
2022-01-08 01:47:36,351 [Listener at 127.0.0.1/40645] INFO  utils.BackgroundService (BackgroundService.java:shutdown(132)) - Shutting down service KeyDeletingService
2022-01-08 01:47:36,351 [Listener at 127.0.0.1/40645] INFO  utils.BackgroundService (BackgroundService.java:shutdown(132)) - Shutting down service DirectoryDeletingService
2022-01-08 01:47:36,352 [Listener at 127.0.0.1/40645] INFO  handler.ContextHandler (ContextHandler.java:doStop(1153)) - Stopped o.e.j.w.WebAppContext@2d7eef5d{ozoneManager,/,null,STOPPED}{file:/home/runner/work/ozone/ozone/hadoop-ozone/integration-test/target/test-classes/webapps/ozoneManager}
2022-01-08 01:47:36,353 [Listener at 127.0.0.1/40645] INFO  server.AbstractConnector (AbstractConnector.java:doStop(381)) - Stopped ServerConnector@5a05f480{HTTP/1.1, (http/1.1)}{0.0.0.0:0}
2022-01-08 01:47:36,353 [Listener at 127.0.0.1/40645] INFO  server.session (HouseKeeper.java:stopScavenging(149)) - node0 Stopped scavenging
2022-01-08 01:47:36,353 [Listener at 127.0.0.1/40645] INFO  handler.ContextHandler (ContextHandler.java:doStop(1153)) - Stopped o.e.j.s.ServletContextHandler@1ee43b1b{static,/static,file:///home/runner/work/ozone/ozone/hadoop-ozone/integration-test/target/test-classes/webapps/static,STOPPED}
2022-01-08 01:47:36,353 [Listener at 127.0.0.1/40645] INFO  handler.ContextHandler (ContextHandler.java:doStop(1153)) - Stopped o.e.j.s.ServletContextHandler@2c836a4f{logs,/logs,file:///home/runner/work/ozone/ozone/hadoop-ozone/integration-test/target/log,STOPPED}
2022-01-08 01:47:36,354 [pool-551-thread-1] INFO  server.RaftServerConfigKeys (ConfUtils.java:logGet(44)) - raft.server.snapshot.auto.trigger.enabled = true (custom)
2022-01-08 01:47:36,354 [pool-551-thread-1] INFO  server.RaftServerConfigKeys (ConfUtils.java:logGet(44)) - raft.server.snapshot.auto.trigger.threshold = 10000 (custom)
2022-01-08 01:47:36,354 [pool-551-thread-1] INFO  server.RaftServerConfigKeys (ConfUtils.java:logGet(44)) - raft.server.snapshot.retention.file.num = 5 (custom)
2022-01-08 01:47:36,354 [pool-551-thread-1] INFO  server.RaftServerConfigKeys (ConfUtils.java:logGet(44)) - raft.server.log.purge.upto.snapshot.index = false (default)
2022-01-08 01:47:36,354 [pool-551-thread-1] INFO  server.RaftServerConfigKeys (ConfUtils.java:logGet(44)) - raft.server.retrycache.expirytime = 600000ms (custom)
2022-01-08 01:47:36,385 [pool-551-thread-1] INFO  server.RaftServerConfigKeys (ConfUtils.java:logGet(44)) - raft.server.retrycache.statistics.expirytime = 100μs (default)
2022-01-08 01:47:36,386 [pool-551-thread-1] INFO  server.RaftServer$Division (RaftServerImpl.java:start(301)) - 6477641b-710a-49ab-b56b-e0f600eb5c24@group-57B31BB58AB0: start as a follower, conf=-1: [6477641b-710a-49ab-b56b-e0f600eb5c24|rpc:10.1.0.34:38417|dataStream:|priority:0, 9d6916e6-e933-4839-a7aa-b025ed7fd068|rpc:10.1.0.34:40543|dataStream:|priority:1, 44471f42-9a01-4764-8909-e7e02c044ebe|rpc:10.1.0.34:44109|dataStream:|priority:0], old=null
2022-01-08 01:47:36,386 [pool-551-thread-1] INFO  server.RaftServer$Division (RaftServerImpl.java:setRole(290)) - 6477641b-710a-49ab-b56b-e0f600eb5c24@group-57B31BB58AB0: changes role from      null to FOLLOWER at term 0 for startAsFollower
2022-01-08 01:47:36,386 [pool-551-thread-1] INFO  impl.RoleInfo (RoleInfo.java:updateAndGet(130)) - 6477641b-710a-49ab-b56b-e0f600eb5c24: start 6477641b-710a-49ab-b56b-e0f600eb5c24@group-57B31BB58AB0-FollowerState
2022-01-08 01:47:36,383 [Listener at 127.0.0.1/40645] INFO  ozone.MiniOzoneClusterImpl (MiniOzoneClusterImpl.java:stopDatanodes(527)) - Stopping the HddsDatanodes
2022-01-08 01:47:36,387 [pool-551-thread-1] INFO  util.JmxRegister (JmxRegister.java:tryRegister(44)) - Successfully registered JMX Bean with object name Ratis:service=RaftServer,group=group-57B31BB58AB0,id=6477641b-710a-49ab-b56b-e0f600eb5c24
2022-01-08 01:47:36,391 [pool-551-thread-1] INFO  server.RaftServer$Division (RaftServerImpl.java:start(301)) - 6477641b-710a-49ab-b56b-e0f600eb5c24@group-C60743901939: start as a follower, conf=-1: [6477641b-710a-49ab-b56b-e0f600eb5c24|rpc:10.1.0.34:38417|dataStream:|priority:0, a0cd68b1-75b0-4717-86f8-69ceed32178b|rpc:10.1.0.34:43001|dataStream:|priority:1, 44471f42-9a01-4764-8909-e7e02c044ebe|rpc:10.1.0.34:44109|dataStream:|priority:0], old=null
2022-01-08 01:47:36,391 [pool-551-thread-1] INFO  server.RaftServer$Division (RaftServerImpl.java:setRole(290)) - 6477641b-710a-49ab-b56b-e0f600eb5c24@group-C60743901939: changes role from      null to FOLLOWER at term 0 for startAsFollower
2022-01-08 01:47:36,391 [pool-551-thread-1] INFO  impl.RoleInfo (RoleInfo.java:updateAndGet(130)) - 6477641b-710a-49ab-b56b-e0f600eb5c24: start 6477641b-710a-49ab-b56b-e0f600eb5c24@group-C60743901939-FollowerState
2022-01-08 01:47:36,392 [pool-551-thread-1] INFO  util.JmxRegister (JmxRegister.java:tryRegister(44)) - Successfully registered JMX Bean with object name Ratis:service=RaftServer,group=group-C60743901939,id=6477641b-710a-49ab-b56b-e0f600eb5c24
2022-01-08 01:47:36,404 [Command processor thread] INFO  commandhandler.CreatePipelineCommandHandler (CreatePipelineCommandHandler.java:handle(106)) - Created Pipeline RATIS THREE PipelineID=bf5e8428-5878-49a6-8fa1-c60743901939.
2022-01-08 01:47:36,795 [Command processor thread] INFO  server.RaftServer (RaftServerProxy.java:addNew(95)) - 44471f42-9a01-4764-8909-e7e02c044ebe: addNew group-57B31BB58AB0:[6477641b-710a-49ab-b56b-e0f600eb5c24|rpc:10.1.0.34:38417|priority:0, 9d6916e6-e933-4839-a7aa-b025ed7fd068|rpc:10.1.0.34:40543|priority:1, 44471f42-9a01-4764-8909-e7e02c044ebe|rpc:10.1.0.34:44109|priority:0] returns group-57B31BB58AB0:java.util.concurrent.CompletableFuture@26bff361[Not completed]
2022-01-08 01:47:36,796 [pool-593-thread-1] INFO  server.RaftServer$Division (RaftServerImpl.java:<init>(184)) - 44471f42-9a01-4764-8909-e7e02c044ebe: new RaftServerImpl for group-57B31BB58AB0:[6477641b-710a-49ab-b56b-e0f600eb5c24|rpc:10.1.0.34:38417|priority:0, 9d6916e6-e933-4839-a7aa-b025ed7fd068|rpc:10.1.0.34:40543|priority:1, 44471f42-9a01-4764-8909-e7e02c044ebe|rpc:10.1.0.34:44109|priority:0] with ContainerStateMachine:uninitialized
2022-01-08 01:47:36,796 [pool-593-thread-1] INFO  server.RaftServerConfigKeys (ConfUtils.java:logGet(44)) - raft.server.rpc.timeout.min = 5s (custom)
2022-01-08 01:47:36,796 [pool-593-thread-1] INFO  server.RaftServerConfigKeys (ConfUtils.java:logGet(44)) - raft.server.rpc.timeout.max = 5200ms (custom)
2022-01-08 01:47:36,796 [pool-593-thread-1] INFO  server.RaftServerConfigKeys (ConfUtils.java:logGet(44)) - raft.server.rpc.sleep.time = 25ms (default)
2022-01-08 01:47:36,796 [pool-593-thread-1] INFO  server.RaftServerConfigKeys (ConfUtils.java:logGet(44)) - raft.server.rpc.slowness.timeout = 300000ms (custom)
2022-01-08 01:47:36,796 [pool-593-thread-1] INFO  server.RaftServerConfigKeys (ConfUtils.java:logGet(44)) - raft.server.leaderelection.leader.step-down.wait-time = 10s (default)
2022-01-08 01:47:36,796 [pool-593-thread-1] INFO  server.RaftServerConfigKeys (ConfUtils.java:logGet(44)) - raft.server.sleep.deviation.threshold = 300ms (default)
2022-01-08 01:47:36,796 [pool-593-thread-1] INFO  server.RaftServerConfigKeys (ConfUtils.java:logGet(44)) - raft.server.log.appender.install.snapshot.enabled = false (custom)
2022-01-08 01:47:36,796 [pool-593-thread-1] INFO  server.RaftServer$Division (ServerState.java:<init>(105)) - 44471f42-9a01-4764-8909-e7e02c044ebe@group-57B31BB58AB0: ConfigurationManager, init=-1: [6477641b-710a-49ab-b56b-e0f600eb5c24|rpc:10.1.0.34:38417|priority:0, 9d6916e6-e933-4839-a7aa-b025ed7fd068|rpc:10.1.0.34:40543|priority:1, 44471f42-9a01-4764-8909-e7e02c044ebe|rpc:10.1.0.34:44109|priority:0], old=null, confs=<EMPTY_MAP>
2022-01-08 01:47:36,796 [pool-593-thread-1] INFO  server.RaftServerConfigKeys (ConfUtils.java:logGet(44)) - raft.server.storage.dir = [/home/runner/work/ozone/ozone/hadoop-ozone/integration-test/target/test-dir/MiniOzoneClusterImpl-6a132c25-3902-4d06-b1e4-79a7ed3e0f57/datanode-2/data/ratis] (custom)
2022-01-08 01:47:36,797 [pool-593-thread-1] INFO  server.RaftServerConfigKeys (ConfUtils.java:logGet(44)) - raft.server.log.corruption.policy = EXCEPTION (default)
2022-01-08 01:47:36,797 [pool-593-thread-1] INFO  server.RaftServerConfigKeys (ConfUtils.java:logGet(44)) - raft.server.storage.free-space.min = 0MB (=0) (default)
2022-01-08 01:47:36,797 [pool-593-thread-1] INFO  storage.RaftStorageDirectory (RaftStorageDirectoryImpl.java:analyzeStorage(135)) - The storage directory /home/runner/work/ozone/ozone/hadoop-ozone/integration-test/target/test-dir/MiniOzoneClusterImpl-6a132c25-3902-4d06-b1e4-79a7ed3e0f57/datanode-2/data/ratis/98d41487-13da-4396-8abb-57b31bb58ab0 does not exist. Creating ...
2022-01-08 01:47:36,802 [pool-593-thread-1] INFO  storage.RaftStorageDirectory (RaftStorageDirectoryImpl.java:tryLock(230)) - Lock on /home/runner/work/ozone/ozone/hadoop-ozone/integration-test/target/test-dir/MiniOzoneClusterImpl-6a132c25-3902-4d06-b1e4-79a7ed3e0f57/datanode-2/data/ratis/98d41487-13da-4396-8abb-57b31bb58ab0/in_use.lock acquired by nodename 32692@fv-az116-279
2022-01-08 01:47:36,811 [pool-593-thread-1] INFO  storage.RaftStorage (RaftStorageImpl.java:format(89)) - Storage directory /home/runner/work/ozone/ozone/hadoop-ozone/integration-test/target/test-dir/MiniOzoneClusterImpl-6a132c25-3902-4d06-b1e4-79a7ed3e0f57/datanode-2/data/ratis/98d41487-13da-4396-8abb-57b31bb58ab0 has been successfully formatted.
2022-01-08 01:47:36,811 [pool-593-thread-1] INFO  ratis.ContainerStateMachine (ContainerStateMachine.java:loadSnapshot(231)) - group-57B31BB58AB0: The snapshot info is null. Setting the last applied indexto:(t:0, i:~)
2022-01-08 01:47:36,812 [pool-593-thread-1] INFO  server.RaftServerConfigKeys (ConfUtils.java:logGet(44)) - raft.server.notification.no-leader.timeout = 300000ms (custom)
2022-01-08 01:47:36,812 [pool-593-thread-1] INFO  server.RaftServerConfigKeys (ConfUtils.java:logGet(44)) - raft.server.log.use.memory = false (default)
2022-01-08 01:47:36,812 [pool-593-thread-1] INFO  server.RaftServerConfigKeys (ConfUtils.java:logGet(44)) - raft.server.log.purge.gap = 1000000 (custom)
2022-01-08 01:47:36,812 [pool-593-thread-1] INFO  server.RaftServerConfigKeys (ConfUtils.java:logGet(44)) - raft.server.log.appender.buffer.byte-limit = 33554432 (custom)
2022-01-08 01:47:36,812 [pool-593-thread-1] INFO  server.RaftServerConfigKeys (ConfUtils.java:logGet(44)) - raft.server.log.segment.size.max = 1048576 (custom)
2022-01-08 01:47:36,815 [pool-593-thread-1] INFO  server.RaftServerConfigKeys (ConfUtils.java:logGet(44)) - raft.server.log.segment.cache.num.max = 2 (custom)
2022-01-08 01:47:36,815 [pool-593-thread-1] INFO  server.RaftServerConfigKeys (ConfUtils.java:logGet(44)) - raft.server.log.segment.cache.size.max = 200MB (=209715200) (default)
2022-01-08 01:47:36,815 [pool-593-thread-1] INFO  segmented.SegmentedRaftLogWorker (SegmentedRaftLogWorker.java:<init>(182)) - new 44471f42-9a01-4764-8909-e7e02c044ebe@group-57B31BB58AB0-SegmentedRaftLogWorker for RaftStorageImpl:Storage Directory /home/runner/work/ozone/ozone/hadoop-ozone/integration-test/target/test-dir/MiniOzoneClusterImpl-6a132c25-3902-4d06-b1e4-79a7ed3e0f57/datanode-2/data/ratis/98d41487-13da-4396-8abb-57b31bb58ab0
2022-01-08 01:47:36,815 [pool-593-thread-1] INFO  server.RaftServerConfigKeys (ConfUtils.java:logGet(44)) - raft.server.log.queue.byte-limit = 2147483647 (custom)
2022-01-08 01:47:36,815 [pool-593-thread-1] INFO  server.RaftServerConfigKeys (ConfUtils.java:logGet(44)) - raft.server.log.queue.element-limit = 1024 (custom)
2022-01-08 01:47:36,815 [pool-593-thread-1] INFO  server.RaftServerConfigKeys (ConfUtils.java:logGet(44)) - raft.server.log.segment.size.max = 1048576 (custom)
2022-01-08 01:47:36,815 [pool-593-thread-1] INFO  server.RaftServerConfigKeys (ConfUtils.java:logGet(44)) - raft.server.log.preallocated.size = 16384 (custom)
2022-01-08 01:47:36,816 [pool-593-thread-1] INFO  server.RaftServerConfigKeys (ConfUtils.java:logGet(44)) - raft.server.log.force.sync.num = 128 (default)
2022-01-08 01:47:36,816 [pool-593-thread-1] INFO  server.RaftServerConfigKeys (ConfUtils.java:logGet(44)) - raft.server.log.statemachine.data.sync = true (default)
2022-01-08 01:47:36,816 [pool-593-thread-1] INFO  server.RaftServerConfigKeys (ConfUtils.java:logGet(44)) - raft.server.log.statemachine.data.sync.timeout = 10s (default)
2022-01-08 01:47:36,816 [pool-593-thread-1] INFO  server.RaftServerConfigKeys (ConfUtils.java:logGet(44)) - raft.server.log.statemachine.data.sync.timeout.retry = -1 (default)
2022-01-08 01:47:36,817 [pool-593-thread-1] INFO  server.RaftServerConfigKeys (ConfUtils.java:logGet(44)) - raft.server.log.write.buffer.size = 1048576 (custom)
2022-01-08 01:47:36,818 [pool-593-thread-1] INFO  server.RaftServerConfigKeys (ConfUtils.java:logGet(44)) - raft.server.log.statemachine.data.caching.enabled = true (custom)
2022-01-08 01:47:36,818 [pool-593-thread-1] INFO  segmented.SegmentedRaftLogWorker (SegmentedRaftLogWorker.java:lambda$new$0(133)) - 44471f42-9a01-4764-8909-e7e02c044ebe@group-57B31BB58AB0-SegmentedRaftLogWorker: flushIndex: setUnconditionally 0 -> -1
2022-01-08 01:47:36,819 [pool-593-thread-1] INFO  segmented.SegmentedRaftLogWorker (SegmentedRaftLogWorker.java:lambda$new$0(133)) - 44471f42-9a01-4764-8909-e7e02c044ebe@group-57B31BB58AB0-SegmentedRaftLogWorker: safeCacheEvictIndex: setUnconditionally 0 -> -1
2022-01-08 01:47:36,832 [pool-593-thread-1] INFO  server.RaftServerConfigKeys (ConfUtils.java:logGet(44)) - raft.server.snapshot.auto.trigger.enabled = true (custom)
2022-01-08 01:47:36,833 [pool-593-thread-1] INFO  server.RaftServerConfigKeys (ConfUtils.java:logGet(44)) - raft.server.snapshot.auto.trigger.threshold = 10000 (custom)
2022-01-08 01:47:36,833 [pool-593-thread-1] INFO  server.RaftServerConfigKeys (ConfUtils.java:logGet(44)) - raft.server.snapshot.retention.file.num = 5 (custom)
2022-01-08 01:47:36,833 [pool-593-thread-1] INFO  server.RaftServerConfigKeys (ConfUtils.java:logGet(44)) - raft.server.log.purge.upto.snapshot.index = false (default)
2022-01-08 01:47:36,833 [pool-593-thread-1] INFO  server.RaftServerConfigKeys (ConfUtils.java:logGet(44)) - raft.server.retrycache.expirytime = 600000ms (custom)
2022-01-08 01:47:36,833 [pool-593-thread-1] INFO  server.RaftServerConfigKeys (ConfUtils.java:logGet(44)) - raft.server.retrycache.statistics.expirytime = 100μs (default)
2022-01-08 01:47:36,834 [pool-593-thread-1] INFO  server.RaftServer$Division (RaftServerImpl.java:start(301)) - 44471f42-9a01-4764-8909-e7e02c044ebe@group-57B31BB58AB0: start as a follower, conf=-1: [6477641b-710a-49ab-b56b-e0f600eb5c24|rpc:10.1.0.34:38417|priority:0, 9d6916e6-e933-4839-a7aa-b025ed7fd068|rpc:10.1.0.34:40543|priority:1, 44471f42-9a01-4764-8909-e7e02c044ebe|rpc:10.1.0.34:44109|priority:0], old=null
2022-01-08 01:47:36,834 [pool-593-thread-1] INFO  server.RaftServer$Division (RaftServerImpl.java:setRole(290)) - 44471f42-9a01-4764-8909-e7e02c044ebe@group-57B31BB58AB0: changes role from      null to FOLLOWER at term 0 for startAsFollower
2022-01-08 01:47:36,834 [pool-593-thread-1] INFO  impl.RoleInfo (RoleInfo.java:updateAndGet(130)) - 44471f42-9a01-4764-8909-e7e02c044ebe: start 44471f42-9a01-4764-8909-e7e02c044ebe@group-57B31BB58AB0-FollowerState
2022-01-08 01:47:36,837 [pool-593-thread-1] INFO  util.JmxRegister (JmxRegister.java:tryRegister(44)) - Successfully registered JMX Bean with object name Ratis:service=RaftServer,group=group-57B31BB58AB0,id=44471f42-9a01-4764-8909-e7e02c044ebe
2022-01-08 01:47:36,840 [Command processor thread] INFO  ratis.XceiverServerRatis (XceiverServerRatis.java:addGroup(768)) - Created group PipelineID=98d41487-13da-4396-8abb-57b31bb58ab0
2022-01-08 01:47:36,992 [Command processor thread] INFO  commandhandler.CreatePipelineCommandHandler (CreatePipelineCommandHandler.java:handle(106)) - Created Pipeline RATIS THREE PipelineID=98d41487-13da-4396-8abb-57b31bb58ab0.
2022-01-08 01:47:40,934 [9d6916e6-e933-4839-a7aa-b025ed7fd068@group-735AA5D0622B-FollowerState] INFO  impl.FollowerState (FollowerState.java:run(134)) - 9d6916e6-e933-4839-a7aa-b025ed7fd068@group-735AA5D0622B-FollowerState: change to CANDIDATE, lastRpcElapsedTime:5009457436ns, electionTimeout:5008ms
2022-01-08 01:47:40,934 [9d6916e6-e933-4839-a7aa-b025ed7fd068@group-735AA5D0622B-FollowerState] INFO  impl.RoleInfo (RoleInfo.java:shutdownFollowerState(108)) - 9d6916e6-e933-4839-a7aa-b025ed7fd068: shutdown 9d6916e6-e933-4839-a7aa-b025ed7fd068@group-735AA5D0622B-FollowerState
2022-01-08 01:47:40,934 [9d6916e6-e933-4839-a7aa-b025ed7fd068@group-735AA5D0622B-FollowerState] INFO  server.RaftServer$Division (RaftServerImpl.java:setRole(290)) - 9d6916e6-e933-4839-a7aa-b025ed7fd068@group-735AA5D0622B: changes role from  FOLLOWER to CANDIDATE at term 0 for changeToCandidate
2022-01-08 01:47:40,934 [9d6916e6-e933-4839-a7aa-b025ed7fd068@group-735AA5D0622B-FollowerState] INFO  server.RaftServerConfigKeys (ConfUtils.java:logGet(44)) - raft.server.leaderelection.pre-vote = false (custom)
2022-01-08 01:47:40,934 [9d6916e6-e933-4839-a7aa-b025ed7fd068@group-735AA5D0622B-FollowerState] INFO  impl.RoleInfo (RoleInfo.java:updateAndGet(130)) - 9d6916e6-e933-4839-a7aa-b025ed7fd068: start 9d6916e6-e933-4839-a7aa-b025ed7fd068@group-735AA5D0622B-LeaderElection101
2022-01-08 01:47:40,968 [9d6916e6-e933-4839-a7aa-b025ed7fd068@group-735AA5D0622B-LeaderElection101] INFO  impl.LeaderElection (LeaderElection.java:askForVotes(306)) - 9d6916e6-e933-4839-a7aa-b025ed7fd068@group-735AA5D0622B-LeaderElection101 ELECTION round 0: submit vote requests at term 1 for -1: [9d6916e6-e933-4839-a7aa-b025ed7fd068|rpc:10.1.0.34:40543|priority:1], old=null
2022-01-08 01:47:40,969 [9d6916e6-e933-4839-a7aa-b025ed7fd068@group-735AA5D0622B-LeaderElection101] INFO  impl.LeaderElection (LeaderElection.java:askForVotes(308)) - 9d6916e6-e933-4839-a7aa-b025ed7fd068@group-735AA5D0622B-LeaderElection101 ELECTION round 0: result PASSED (term=1)
2022-01-08 01:47:40,969 [9d6916e6-e933-4839-a7aa-b025ed7fd068@group-735AA5D0622B-LeaderElection101] INFO  impl.RoleInfo (RoleInfo.java:shutdownLeaderElection(121)) - 9d6916e6-e933-4839-a7aa-b025ed7fd068: shutdown 9d6916e6-e933-4839-a7aa-b025ed7fd068@group-735AA5D0622B-LeaderElection101
2022-01-08 01:47:40,969 [9d6916e6-e933-4839-a7aa-b025ed7fd068@group-735AA5D0622B-LeaderElection101] INFO  server.RaftServer$Division (RaftServerImpl.java:setRole(290)) - 9d6916e6-e933-4839-a7aa-b025ed7fd068@group-735AA5D0622B: changes role from CANDIDATE to LEADER at term 1 for changeToLeader
2022-01-08 01:47:40,969 [9d6916e6-e933-4839-a7aa-b025ed7fd068@group-735AA5D0622B-LeaderElection101] INFO  ratis.XceiverServerRatis (XceiverServerRatis.java:handleLeaderChangedNotification(866)) - Leader change notification received for group: group-735AA5D0622B with new leaderId: 9d6916e6-e933-4839-a7aa-b025ed7fd068
2022-01-08 01:47:40,969 [9d6916e6-e933-4839-a7aa-b025ed7fd068@group-735AA5D0622B-LeaderElection101] INFO  server.RaftServer$Division (ServerState.java:setLeader(285)) - 9d6916e6-e933-4839-a7aa-b025ed7fd068@group-735AA5D0622B: change Leader from null to 9d6916e6-e933-4839-a7aa-b025ed7fd068 at term 1 for becomeLeader, leader elected after 5068ms
2022-01-08 01:47:40,969 [9d6916e6-e933-4839-a7aa-b025ed7fd068@group-735AA5D0622B-LeaderElection101] INFO  server.RaftServerConfigKeys (ConfUtils.java:logGet(44)) - raft.server.staging.catchup.gap = 1000 (default)
2022-01-08 01:47:40,969 [9d6916e6-e933-4839-a7aa-b025ed7fd068@group-735AA5D0622B-LeaderElection101] INFO  server.RaftServerConfigKeys (ConfUtils.java:logGet(44)) - raft.server.write.element-limit = 1024 (custom)
2022-01-08 01:47:40,969 [9d6916e6-e933-4839-a7aa-b025ed7fd068@group-735AA5D0622B-LeaderElection101] INFO  server.RaftServerConfigKeys (ConfUtils.java:logGet(44)) - raft.server.write.byte-limit = 1024 M (=1073741824) (custom)
2022-01-08 01:47:40,970 [9d6916e6-e933-4839-a7aa-b025ed7fd068@group-735AA5D0622B-LeaderElection101] INFO  server.RaftServerConfigKeys (ConfUtils.java:logGet(44)) - raft.server.watch.timeout = 3000ms (custom)
2022-01-08 01:47:40,970 [9d6916e6-e933-4839-a7aa-b025ed7fd068@group-735AA5D0622B-LeaderElection101] INFO  server.RaftServerConfigKeys (ConfUtils.java:logGet(44)) - raft.server.watch.timeout.denomination = 1s (default)
2022-01-08 01:47:40,970 [9d6916e6-e933-4839-a7aa-b025ed7fd068@group-735AA5D0622B-LeaderElection101] INFO  server.RaftServerConfigKeys (ConfUtils.java:logGet(44)) - raft.server.watch.element-limit = 65536 (default)
2022-01-08 01:47:40,970 [9d6916e6-e933-4839-a7aa-b025ed7fd068@group-735AA5D0622B-LeaderElection101] INFO  server.RaftServerConfigKeys (ConfUtils.java:logGet(44)) - raft.server.write.element-limit = 1024 (custom)
2022-01-08 01:47:40,970 [9d6916e6-e933-4839-a7aa-b025ed7fd068@group-735AA5D0622B-LeaderElection101] INFO  server.RaftServerConfigKeys (ConfUtils.java:logGet(44)) - raft.server.write.follower.gap.ratio.max = -1.0 (default)
2022-01-08 01:47:40,970 [9d6916e6-e933-4839-a7aa-b025ed7fd068@group-735AA5D0622B-LeaderElection101] INFO  impl.RoleInfo (RoleInfo.java:updateAndGet(130)) - 9d6916e6-e933-4839-a7aa-b025ed7fd068: start 9d6916e6-e933-4839-a7aa-b025ed7fd068@group-735AA5D0622B-LeaderStateImpl
2022-01-08 01:47:40,970 [9d6916e6-e933-4839-a7aa-b025ed7fd068@group-735AA5D0622B-LeaderElection101] INFO  segmented.SegmentedRaftLogWorker (SegmentedRaftLogWorker.java:startLogSegment(394)) - 9d6916e6-e933-4839-a7aa-b025ed7fd068@group-735AA5D0622B-SegmentedRaftLogWorker: Starting segment from index:0
2022-01-08 01:47:40,975 [9d6916e6-e933-4839-a7aa-b025ed7fd068@group-735AA5D0622B-SegmentedRaftLogWorker] INFO  segmented.SegmentedRaftLogWorker (SegmentedRaftLogWorker.java:execute(601)) - 9d6916e6-e933-4839-a7aa-b025ed7fd068@group-735AA5D0622B-SegmentedRaftLogWorker: created new log segment /home/runner/work/ozone/ozone/hadoop-ozone/integration-test/target/test-dir/MiniOzoneClusterImpl-6a132c25-3902-4d06-b1e4-79a7ed3e0f57/datanode-1/data/ratis/2d77fd3c-641f-4223-9abe-735aa5d0622b/current/log_inprogress_0
2022-01-08 01:47:41,004 [9d6916e6-e933-4839-a7aa-b025ed7fd068@group-735AA5D0622B-LeaderElection101] INFO  server.RaftServer$Division (ServerState.java:setRaftConf(387)) - 9d6916e6-e933-4839-a7aa-b025ed7fd068@group-735AA5D0622B: set configuration 0: [9d6916e6-e933-4839-a7aa-b025ed7fd068|rpc:10.1.0.34:40543|dataStream:|priority:1], old=null
2022-01-08 01:47:41,139 [9d6916e6-e933-4839-a7aa-b025ed7fd068@group-CE8B11469DAA-FollowerState] INFO  impl.FollowerState (FollowerState.java:run(134)) - 9d6916e6-e933-4839-a7aa-b025ed7fd068@group-CE8B11469DAA-FollowerState: change to CANDIDATE, lastRpcElapsedTime:5193547585ns, electionTimeout:5192ms
2022-01-08 01:47:41,140 [9d6916e6-e933-4839-a7aa-b025ed7fd068@group-CE8B11469DAA-FollowerState] INFO  impl.RoleInfo (RoleInfo.java:shutdownFollowerState(108)) - 9d6916e6-e933-4839-a7aa-b025ed7fd068: shutdown 9d6916e6-e933-4839-a7aa-b025ed7fd068@group-CE8B11469DAA-FollowerState
2022-01-08 01:47:41,140 [9d6916e6-e933-4839-a7aa-b025ed7fd068@group-CE8B11469DAA-FollowerState] INFO  server.RaftServer$Division (RaftServerImpl.java:setRole(290)) - 9d6916e6-e933-4839-a7aa-b025ed7fd068@group-CE8B11469DAA: changes role from  FOLLOWER to CANDIDATE at term 0 for changeToCandidate
2022-01-08 01:47:41,140 [9d6916e6-e933-4839-a7aa-b025ed7fd068@group-CE8B11469DAA-FollowerState] INFO  server.RaftServerConfigKeys (ConfUtils.java:logGet(44)) - raft.server.leaderelection.pre-vote = false (custom)
2022-01-08 01:47:41,140 [9d6916e6-e933-4839-a7aa-b025ed7fd068@group-CE8B11469DAA-FollowerState] INFO  impl.RoleInfo (RoleInfo.java:updateAndGet(130)) - 9d6916e6-e933-4839-a7aa-b025ed7fd068: start 9d6916e6-e933-4839-a7aa-b025ed7fd068@group-CE8B11469DAA-LeaderElection102
2022-01-08 01:47:41,177 [9d6916e6-e933-4839-a7aa-b025ed7fd068@group-CE8B11469DAA-LeaderElection102] INFO  impl.LeaderElection (LeaderElection.java:askForVotes(306)) - 9d6916e6-e933-4839-a7aa-b025ed7fd068@group-CE8B11469DAA-LeaderElection102 ELECTION round 0: submit vote requests at term 1 for -1: [6477641b-710a-49ab-b56b-e0f600eb5c24|rpc:10.1.0.34:38417|priority:0, 9d6916e6-e933-4839-a7aa-b025ed7fd068|rpc:10.1.0.34:40543|priority:0, 44471f42-9a01-4764-8909-e7e02c044ebe|rpc:10.1.0.34:44109|priority:1], old=null
2022-01-08 01:47:41,186 [grpc-default-executor-1] INFO  server.RaftServer$Division (RaftServerImpl.java:requestVote(1046)) - 44471f42-9a01-4764-8909-e7e02c044ebe@group-CE8B11469DAA: receive requestVote(ELECTION, 9d6916e6-e933-4839-a7aa-b025ed7fd068, group-CE8B11469DAA, 1, (t:0, i:0))
2022-01-08 01:47:41,186 [grpc-default-executor-2] INFO  server.RaftServer$Division (RaftServerImpl.java:requestVote(1046)) - 6477641b-710a-49ab-b56b-e0f600eb5c24@group-CE8B11469DAA: receive requestVote(ELECTION, 9d6916e6-e933-4839-a7aa-b025ed7fd068, group-CE8B11469DAA, 1, (t:0, i:0))
2022-01-08 01:47:41,186 [grpc-default-executor-2] INFO  impl.VoteContext (VoteContext.java:log(48)) - 6477641b-710a-49ab-b56b-e0f600eb5c24@group-CE8B11469DAA-FOLLOWER: accept ELECTION from 9d6916e6-e933-4839-a7aa-b025ed7fd068: our priority 0 <= candidate's priority 0
2022-01-08 01:47:41,186 [grpc-default-executor-2] INFO  server.RaftServer$Division (RaftServerImpl.java:setRole(290)) - 6477641b-710a-49ab-b56b-e0f600eb5c24@group-CE8B11469DAA: changes role from  FOLLOWER to FOLLOWER at term 1 for candidate:9d6916e6-e933-4839-a7aa-b025ed7fd068
2022-01-08 01:47:41,186 [grpc-default-executor-2] INFO  impl.RoleInfo (RoleInfo.java:shutdownFollowerState(108)) - 6477641b-710a-49ab-b56b-e0f600eb5c24: shutdown 6477641b-710a-49ab-b56b-e0f600eb5c24@group-CE8B11469DAA-FollowerState
2022-01-08 01:47:41,186 [grpc-default-executor-2] INFO  impl.RoleInfo (RoleInfo.java:updateAndGet(130)) - 6477641b-710a-49ab-b56b-e0f600eb5c24: start 6477641b-710a-49ab-b56b-e0f600eb5c24@group-CE8B11469DAA-FollowerState
2022-01-08 01:47:41,186 [grpc-default-executor-1] INFO  impl.VoteContext (VoteContext.java:log(48)) - 44471f42-9a01-4764-8909-e7e02c044ebe@group-CE8B11469DAA-FOLLOWER: reject ELECTION from 9d6916e6-e933-4839-a7aa-b025ed7fd068: our priority 1 > candidate's priority 0
2022-01-08 01:47:41,186 [grpc-default-executor-1] INFO  server.RaftServer$Division (RaftServerImpl.java:setRole(290)) - 44471f42-9a01-4764-8909-e7e02c044ebe@group-CE8B11469DAA: changes role from  FOLLOWER to FOLLOWER at term 1 for candidate:9d6916e6-e933-4839-a7aa-b025ed7fd068
2022-01-08 01:47:41,187 [grpc-default-executor-1] INFO  impl.RoleInfo (RoleInfo.java:shutdownFollowerState(108)) - 44471f42-9a01-4764-8909-e7e02c044ebe: shutdown 44471f42-9a01-4764-8909-e7e02c044ebe@group-CE8B11469DAA-FollowerState
2022-01-08 01:47:41,186 [6477641b-710a-49ab-b56b-e0f600eb5c24@group-CE8B11469DAA-FollowerState] INFO  impl.FollowerState (FollowerState.java:run(143)) - 6477641b-710a-49ab-b56b-e0f600eb5c24@group-CE8B11469DAA-FollowerState was interrupted: {}
java.lang.InterruptedException: sleep interrupted
	at java.lang.Thread.sleep(Native Method)
	at java.lang.Thread.sleep(Thread.java:340)
	at java.util.concurrent.TimeUnit.sleep(TimeUnit.java:386)
	at org.apache.ratis.util.TimeDuration.sleep(TimeDuration.java:324)
	at org.apache.ratis.util.TimeDuration.sleep(TimeDuration.java:309)
	at org.apache.ratis.server.impl.FollowerState.run(FollowerState.java:118)
2022-01-08 01:47:41,196 [grpc-default-executor-1] INFO  impl.RoleInfo (RoleInfo.java:updateAndGet(130)) - 44471f42-9a01-4764-8909-e7e02c044ebe: start 44471f42-9a01-4764-8909-e7e02c044ebe@group-CE8B11469DAA-FollowerState
2022-01-08 01:47:41,196 [44471f42-9a01-4764-8909-e7e02c044ebe@group-CE8B11469DAA-FollowerState] INFO  impl.FollowerState (FollowerState.java:run(143)) - 44471f42-9a01-4764-8909-e7e02c044ebe@group-CE8B11469DAA-FollowerState was interrupted: {}
java.lang.InterruptedException: sleep interrupted
	at java.lang.Thread.sleep(Native Method)
	at java.lang.Thread.sleep(Thread.java:340)
	at java.util.concurrent.TimeUnit.sleep(TimeUnit.java:386)
	at org.apache.ratis.util.TimeDuration.sleep(TimeDuration.java:324)
	at org.apache.ratis.util.TimeDuration.sleep(TimeDuration.java:309)
	at org.apache.ratis.server.impl.FollowerState.run(FollowerState.java:118)
2022-01-08 01:47:41,196 [grpc-default-executor-2] INFO  server.RaftServer$Division (RaftServerImpl.java:requestVote(1078)) - 6477641b-710a-49ab-b56b-e0f600eb5c24@group-CE8B11469DAA replies to ELECTION vote request: 9d6916e6-e933-4839-a7aa-b025ed7fd068<-6477641b-710a-49ab-b56b-e0f600eb5c24#0:OK-t1. Peer's state: 6477641b-710a-49ab-b56b-e0f600eb5c24@group-CE8B11469DAA:t1, leader=null, voted=9d6916e6-e933-4839-a7aa-b025ed7fd068, raftlog=6477641b-710a-49ab-b56b-e0f600eb5c24@group-CE8B11469DAA-SegmentedRaftLog:OPENED:c-1, conf=-1: [6477641b-710a-49ab-b56b-e0f600eb5c24|rpc:10.1.0.34:38417|dataStream:|priority:0, 9d6916e6-e933-4839-a7aa-b025ed7fd068|rpc:10.1.0.34:40543|dataStream:|priority:0, 44471f42-9a01-4764-8909-e7e02c044ebe|rpc:10.1.0.34:44109|dataStream:|priority:1], old=null
2022-01-08 01:47:41,201 [grpc-default-executor-1] INFO  server.RaftServer$Division (RaftServerImpl.java:requestVote(1078)) - 44471f42-9a01-4764-8909-e7e02c044ebe@group-CE8B11469DAA replies to ELECTION vote request: 9d6916e6-e933-4839-a7aa-b025ed7fd068<-44471f42-9a01-4764-8909-e7e02c044ebe#0:FAIL-t1. Peer's state: 44471f42-9a01-4764-8909-e7e02c044ebe@group-CE8B11469DAA:t1, leader=null, voted=null, raftlog=44471f42-9a01-4764-8909-e7e02c044ebe@group-CE8B11469DAA-SegmentedRaftLog:OPENED:c-1, conf=-1: [6477641b-710a-49ab-b56b-e0f600eb5c24|rpc:10.1.0.34:38417|dataStream:|priority:0, 9d6916e6-e933-4839-a7aa-b025ed7fd068|rpc:10.1.0.34:40543|dataStream:|priority:0, 44471f42-9a01-4764-8909-e7e02c044ebe|rpc:10.1.0.34:44109|dataStream:|priority:1], old=null
2022-01-08 01:47:41,228 [9d6916e6-e933-4839-a7aa-b025ed7fd068@group-CE8B11469DAA-LeaderElection102] INFO  impl.LeaderElection (LeaderElection.java:logAndReturn(89)) - 9d6916e6-e933-4839-a7aa-b025ed7fd068@group-CE8B11469DAA-LeaderElection102: ELECTION REJECTED received 2 response(s) and 0 exception(s):
2022-01-08 01:47:41,228 [9d6916e6-e933-4839-a7aa-b025ed7fd068@group-CE8B11469DAA-LeaderElection102] INFO  impl.LeaderElection (LeaderElection.java:logAndReturn(93)) -   Response 0: 9d6916e6-e933-4839-a7aa-b025ed7fd068<-6477641b-710a-49ab-b56b-e0f600eb5c24#0:OK-t1
2022-01-08 01:47:41,229 [9d6916e6-e933-4839-a7aa-b025ed7fd068@group-CE8B11469DAA-LeaderElection102] INFO  impl.LeaderElection (LeaderElection.java:logAndReturn(93)) -   Response 1: 9d6916e6-e933-4839-a7aa-b025ed7fd068<-44471f42-9a01-4764-8909-e7e02c044ebe#0:FAIL-t1
2022-01-08 01:47:41,229 [9d6916e6-e933-4839-a7aa-b025ed7fd068@group-CE8B11469DAA-LeaderElection102] INFO  impl.LeaderElection (LeaderElection.java:askForVotes(308)) - 9d6916e6-e933-4839-a7aa-b025ed7fd068@group-CE8B11469DAA-LeaderElection102 ELECTION round 0: result REJECTED
2022-01-08 01:47:41,229 [9d6916e6-e933-4839-a7aa-b025ed7fd068@group-CE8B11469DAA-LeaderElection102] INFO  server.RaftServer$Division (RaftServerImpl.java:setRole(290)) - 9d6916e6-e933-4839-a7aa-b025ed7fd068@group-CE8B11469DAA: changes role from CANDIDATE to FOLLOWER at term 1 for REJECTED
2022-01-08 01:47:41,229 [9d6916e6-e933-4839-a7aa-b025ed7fd068@group-CE8B11469DAA-LeaderElection102] INFO  impl.RoleInfo (RoleInfo.java:shutdownLeaderElection(121)) - 9d6916e6-e933-4839-a7aa-b025ed7fd068: shutdown 9d6916e6-e933-4839-a7aa-b025ed7fd068@group-CE8B11469DAA-LeaderElection102
2022-01-08 01:47:41,229 [9d6916e6-e933-4839-a7aa-b025ed7fd068@group-CE8B11469DAA-LeaderElection102] INFO  impl.RoleInfo (RoleInfo.java:updateAndGet(130)) - 9d6916e6-e933-4839-a7aa-b025ed7fd068: start 9d6916e6-e933-4839-a7aa-b025ed7fd068@group-CE8B11469DAA-FollowerState
2022-01-08 01:47:41,294 [a0cd68b1-75b0-4717-86f8-69ceed32178b@group-C60743901939-FollowerState] INFO  impl.FollowerState (FollowerState.java:run(134)) - a0cd68b1-75b0-4717-86f8-69ceed32178b@group-C60743901939-FollowerState: change to CANDIDATE, lastRpcElapsedTime:5028875430ns, electionTimeout:5028ms
2022-01-08 01:47:41,294 [a0cd68b1-75b0-4717-86f8-69ceed32178b@group-C60743901939-FollowerState] INFO  impl.RoleInfo (RoleInfo.java:shutdownFollowerState(108)) - a0cd68b1-75b0-4717-86f8-69ceed32178b: shutdown a0cd68b1-75b0-4717-86f8-69ceed32178b@group-C60743901939-FollowerState
2022-01-08 01:47:41,294 [a0cd68b1-75b0-4717-86f8-69ceed32178b@group-C60743901939-FollowerState] INFO  server.RaftServer$Division (RaftServerImpl.java:setRole(290)) - a0cd68b1-75b0-4717-86f8-69ceed32178b@group-C60743901939: changes role from  FOLLOWER to CANDIDATE at term 0 for changeToCandidate
2022-01-08 01:47:41,294 [a0cd68b1-75b0-4717-86f8-69ceed32178b@group-C60743901939-FollowerState] INFO  server.RaftServerConfigKeys (ConfUtils.java:logGet(44)) - raft.server.leaderelection.pre-vote = false (custom)
2022-01-08 01:47:41,294 [a0cd68b1-75b0-4717-86f8-69ceed32178b@group-C60743901939-FollowerState] INFO  impl.RoleInfo (RoleInfo.java:updateAndGet(130)) - a0cd68b1-75b0-4717-86f8-69ceed32178b: start a0cd68b1-75b0-4717-86f8-69ceed32178b@group-C60743901939-LeaderElection103
2022-01-08 01:47:41,319 [a0cd68b1-75b0-4717-86f8-69ceed32178b@group-C60743901939-LeaderElection103] INFO  impl.LeaderElection (LeaderElection.java:askForVotes(306)) - a0cd68b1-75b0-4717-86f8-69ceed32178b@group-C60743901939-LeaderElection103 ELECTION round 0: submit vote requests at term 1 for -1: [6477641b-710a-49ab-b56b-e0f600eb5c24|rpc:10.1.0.34:38417|priority:0, a0cd68b1-75b0-4717-86f8-69ceed32178b|rpc:10.1.0.34:43001|priority:1, 44471f42-9a01-4764-8909-e7e02c044ebe|rpc:10.1.0.34:44109|priority:0], old=null
2022-01-08 01:47:41,323 [grpc-default-executor-1] INFO  server.RaftServer$Division (RaftServerImpl.java:requestVote(1046)) - 6477641b-710a-49ab-b56b-e0f600eb5c24@group-C60743901939: receive requestVote(ELECTION, a0cd68b1-75b0-4717-86f8-69ceed32178b, group-C60743901939, 1, (t:0, i:0))
2022-01-08 01:47:41,323 [grpc-default-executor-1] INFO  impl.VoteContext (VoteContext.java:log(48)) - 6477641b-710a-49ab-b56b-e0f600eb5c24@group-C60743901939-FOLLOWER: accept ELECTION from a0cd68b1-75b0-4717-86f8-69ceed32178b: our priority 0 <= candidate's priority 1
2022-01-08 01:47:41,323 [grpc-default-executor-1] INFO  server.RaftServer$Division (RaftServerImpl.java:setRole(290)) - 6477641b-710a-49ab-b56b-e0f600eb5c24@group-C60743901939: changes role from  FOLLOWER to FOLLOWER at term 1 for candidate:a0cd68b1-75b0-4717-86f8-69ceed32178b
2022-01-08 01:47:41,323 [grpc-default-executor-1] INFO  impl.RoleInfo (RoleInfo.java:shutdownFollowerState(108)) - 6477641b-710a-49ab-b56b-e0f600eb5c24: shutdown 6477641b-710a-49ab-b56b-e0f600eb5c24@group-C60743901939-FollowerState
2022-01-08 01:47:41,323 [grpc-default-executor-1] INFO  impl.RoleInfo (RoleInfo.java:updateAndGet(130)) - 6477641b-710a-49ab-b56b-e0f600eb5c24: start 6477641b-710a-49ab-b56b-e0f600eb5c24@group-C60743901939-FollowerState
2022-01-08 01:47:41,324 [6477641b-710a-49ab-b56b-e0f600eb5c24@group-C60743901939-FollowerState] INFO  impl.FollowerState (FollowerState.java:run(143)) - 6477641b-710a-49ab-b56b-e0f600eb5c24@group-C60743901939-FollowerState was interrupted: {}
java.lang.InterruptedException: sleep interrupted
	at java.lang.Thread.sleep(Native Method)
	at java.lang.Thread.sleep(Thread.java:340)
	at java.util.concurrent.TimeUnit.sleep(TimeUnit.java:386)
	at org.apache.ratis.util.TimeDuration.sleep(TimeDuration.java:324)
	at org.apache.ratis.util.TimeDuration.sleep(TimeDuration.java:309)
	at org.apache.ratis.server.impl.FollowerState.run(FollowerState.java:118)
2022-01-08 01:47:41,326 [grpc-default-executor-1] INFO  server.RaftServer$Division (RaftServerImpl.java:requestVote(1078)) - 6477641b-710a-49ab-b56b-e0f600eb5c24@group-C60743901939 replies to ELECTION vote request: a0cd68b1-75b0-4717-86f8-69ceed32178b<-6477641b-710a-49ab-b56b-e0f600eb5c24#0:OK-t1. Peer's state: 6477641b-710a-49ab-b56b-e0f600eb5c24@group-C60743901939:t1, leader=null, voted=a0cd68b1-75b0-4717-86f8-69ceed32178b, raftlog=6477641b-710a-49ab-b56b-e0f600eb5c24@group-C60743901939-SegmentedRaftLog:OPENED:c-1, conf=-1: [6477641b-710a-49ab-b56b-e0f600eb5c24|rpc:10.1.0.34:38417|dataStream:|priority:0, a0cd68b1-75b0-4717-86f8-69ceed32178b|rpc:10.1.0.34:43001|dataStream:|priority:1, 44471f42-9a01-4764-8909-e7e02c044ebe|rpc:10.1.0.34:44109|dataStream:|priority:0], old=null
2022-01-08 01:47:41,358 [a0cd68b1-75b0-4717-86f8-69ceed32178b@group-C60743901939-LeaderElection103] INFO  impl.LeaderElection (LeaderElection.java:logAndReturn(89)) - a0cd68b1-75b0-4717-86f8-69ceed32178b@group-C60743901939-LeaderElection103: ELECTION PASSED received 1 response(s) and 0 exception(s):
2022-01-08 01:47:41,358 [a0cd68b1-75b0-4717-86f8-69ceed32178b@group-C60743901939-LeaderElection103] INFO  impl.LeaderElection (LeaderElection.java:logAndReturn(93)) -   Response 0: a0cd68b1-75b0-4717-86f8-69ceed32178b<-6477641b-710a-49ab-b56b-e0f600eb5c24#0:OK-t1
2022-01-08 01:47:41,358 [a0cd68b1-75b0-4717-86f8-69ceed32178b@group-C60743901939-LeaderElection103] INFO  impl.LeaderElection (LeaderElection.java:askForVotes(308)) - a0cd68b1-75b0-4717-86f8-69ceed32178b@group-C60743901939-LeaderElection103 ELECTION round 0: result PASSED
2022-01-08 01:47:41,358 [a0cd68b1-75b0-4717-86f8-69ceed32178b@group-C60743901939-LeaderElection103] INFO  impl.RoleInfo (RoleInfo.java:shutdownLeaderElection(121)) - a0cd68b1-75b0-4717-86f8-69ceed32178b: shutdown a0cd68b1-75b0-4717-86f8-69ceed32178b@group-C60743901939-LeaderElection103
2022-01-08 01:47:41,358 [a0cd68b1-75b0-4717-86f8-69ceed32178b@group-C60743901939-LeaderElection103] INFO  server.RaftServer$Division (RaftServerImpl.java:setRole(290)) - a0cd68b1-75b0-4717-86f8-69ceed32178b@group-C60743901939: changes role from CANDIDATE to LEADER at term 1 for changeToLeader
2022-01-08 01:47:41,358 [a0cd68b1-75b0-4717-86f8-69ceed32178b@group-C60743901939-LeaderElection103] INFO  ratis.XceiverServerRatis (XceiverServerRatis.java:handleLeaderChangedNotification(866)) - Leader change notification received for group: group-C60743901939 with new leaderId: a0cd68b1-75b0-4717-86f8-69ceed32178b
2022-01-08 01:47:41,358 [a0cd68b1-75b0-4717-86f8-69ceed32178b@group-C60743901939-LeaderElection103] INFO  server.RaftServer$Division (ServerState.java:setLeader(285)) - a0cd68b1-75b0-4717-86f8-69ceed32178b@group-C60743901939: change Leader from null to a0cd68b1-75b0-4717-86f8-69ceed32178b at term 1 for becomeLeader, leader elected after 5108ms
2022-01-08 01:47:41,359 [a0cd68b1-75b0-4717-86f8-69ceed32178b@group-C60743901939-LeaderElection103] INFO  server.RaftServerConfigKeys (ConfUtils.java:logGet(44)) - raft.server.staging.catchup.gap = 1000 (default)
2022-01-08 01:47:41,359 [a0cd68b1-75b0-4717-86f8-69ceed32178b@group-C60743901939-LeaderElection103] INFO  server.RaftServerConfigKeys (ConfUtils.java:logGet(44)) - raft.server.write.element-limit = 1024 (custom)
2022-01-08 01:47:41,359 [a0cd68b1-75b0-4717-86f8-69ceed32178b@group-C60743901939-LeaderElection103] INFO  server.RaftServerConfigKeys (ConfUtils.java:logGet(44)) - raft.server.write.byte-limit = 1024 M (=1073741824) (custom)
2022-01-08 01:47:41,359 [a0cd68b1-75b0-4717-86f8-69ceed32178b@group-C60743901939-LeaderElection103] INFO  server.RaftServerConfigKeys (ConfUtils.java:logGet(44)) - raft.server.watch.timeout = 3000ms (custom)
2022-01-08 01:47:41,359 [a0cd68b1-75b0-4717-86f8-69ceed32178b@group-C60743901939-LeaderElection103] INFO  server.RaftServerConfigKeys (ConfUtils.java:logGet(44)) - raft.server.watch.timeout.denomination = 1s (default)
2022-01-08 01:47:41,359 [a0cd68b1-75b0-4717-86f8-69ceed32178b@group-C60743901939-LeaderElection103] INFO  server.RaftServerConfigKeys (ConfUtils.java:logGet(44)) - raft.server.watch.element-limit = 65536 (default)
2022-01-08 01:47:41,359 [a0cd68b1-75b0-4717-86f8-69ceed32178b@group-C60743901939-LeaderElection103] INFO  server.RaftServerConfigKeys (ConfUtils.java:logGet(44)) - raft.server.write.element-limit = 1024 (custom)
2022-01-08 01:47:41,359 [a0cd68b1-75b0-4717-86f8-69ceed32178b@group-C60743901939-LeaderElection103] INFO  server.RaftServerConfigKeys (ConfUtils.java:logGet(44)) - raft.server.write.follower.gap.ratio.max = -1.0 (default)
2022-01-08 01:47:41,359 [a0cd68b1-75b0-4717-86f8-69ceed32178b@group-C60743901939-LeaderElection103] INFO  server.RaftServerConfigKeys (ConfUtils.java:logGet(44)) - raft.server.log.appender.snapshot.chunk.size.max = 16MB (=16777216) (default)
2022-01-08 01:47:41,360 [a0cd68b1-75b0-4717-86f8-69ceed32178b@group-C60743901939-LeaderElection103] INFO  server.RaftServerConfigKeys (ConfUtils.java:logGet(44)) - raft.server.log.appender.buffer.byte-limit = 33554432 (custom)
2022-01-08 01:47:41,360 [a0cd68b1-75b0-4717-86f8-69ceed32178b@group-C60743901939-LeaderElection103] INFO  server.RaftServerConfigKeys (ConfUtils.java:logGet(44)) - raft.server.log.appender.buffer.element-limit = 1 (custom)
2022-01-08 01:47:41,360 [a0cd68b1-75b0-4717-86f8-69ceed32178b@group-C60743901939-LeaderElection103] INFO  grpc.GrpcConfigKeys (ConfUtils.java:logGet(44)) - raft.grpc.server.leader.outstanding.appends.max = 128 (default)
2022-01-08 01:47:41,360 [a0cd68b1-75b0-4717-86f8-69ceed32178b@group-C60743901939-LeaderElection103] INFO  server.RaftServerConfigKeys (ConfUtils.java:logGet(44)) - raft.server.rpc.request.timeout = 3000ms (default)
2022-01-08 01:47:41,360 [a0cd68b1-75b0-4717-86f8-69ceed32178b@group-C60743901939-LeaderElection103] INFO  server.RaftServerConfigKeys (ConfUtils.java:logGet(44)) - raft.server.log.appender.install.snapshot.enabled = false (custom)
2022-01-08 01:47:41,362 [EventQueue-PipelineReportForPipelineReportHandler] INFO  pipeline.PipelineManagerImpl (PipelineManagerImpl.java:openPipeline(291)) - Pipeline Pipeline[ Id: bf5e8428-5878-49a6-8fa1-c60743901939, Nodes: 44471f42-9a01-4764-8909-e7e02c044ebe{ip: 10.1.0.34, host: fv-az116-279.vzw04321ajxubdbcnpick5nqva.xx.internal.cloudapp.net, ports: [REPLICATION=36939, RATIS=44109, RATIS_ADMIN=44109, RATIS_SERVER=44109, STANDALONE=34571], networkLocation: /default-rack, certSerialId: null, persistedOpState: IN_SERVICE, persistedOpStateExpiryEpochSec: 0}6477641b-710a-49ab-b56b-e0f600eb5c24{ip: 10.1.0.34, host: fv-az116-279.vzw04321ajxubdbcnpick5nqva.xx.internal.cloudapp.net, ports: [REPLICATION=32997, RATIS=38417, RATIS_ADMIN=38417, RATIS_SERVER=38417, STANDALONE=42453], networkLocation: /default-rack, certSerialId: null, persistedOpState: IN_SERVICE, persistedOpStateExpiryEpochSec: 0}a0cd68b1-75b0-4717-86f8-69ceed32178b{ip: 10.1.0.34, host: fv-az116-279.vzw04321ajxubdbcnpick5nqva.xx.internal.cloudapp.net, ports: [REPLICATION=45487, RATIS=43001, RATIS_ADMIN=43001, RATIS_SERVER=43001, STANDALONE=37831], networkLocation: /default-rack, certSerialId: null, persistedOpState: IN_SERVICE, persistedOpStateExpiryEpochSec: 0}, ReplicationConfig: RATIS/THREE, State:ALLOCATED, leaderId:a0cd68b1-75b0-4717-86f8-69ceed32178b, CreationTimestamp2022-01-08T01:47:34.921Z[Etc/UTC]] moved to OPEN state
2022-01-08 01:47:41,363 [grpc-default-executor-1] INFO  server.RaftServer$Division (RaftServerImpl.java:requestVote(1046)) - 44471f42-9a01-4764-8909-e7e02c044ebe@group-C60743901939: receive requestVote(ELECTION, a0cd68b1-75b0-4717-86f8-69ceed32178b, group-C60743901939, 1, (t:0, i:0))
2022-01-08 01:47:41,363 [grpc-default-executor-1] INFO  impl.VoteContext (VoteContext.java:log(48)) - 44471f42-9a01-4764-8909-e7e02c044ebe@group-C60743901939-FOLLOWER: accept ELECTION from a0cd68b1-75b0-4717-86f8-69ceed32178b: our priority 0 <= candidate's priority 1
2022-01-08 01:47:41,363 [grpc-default-executor-1] INFO  server.RaftServer$Division (RaftServerImpl.java:setRole(290)) - 44471f42-9a01-4764-8909-e7e02c044ebe@group-C60743901939: changes role from  FOLLOWER to FOLLOWER at term 1 for candidate:a0cd68b1-75b0-4717-86f8-69ceed32178b
2022-01-08 01:47:41,363 [grpc-default-executor-1] INFO  impl.RoleInfo (RoleInfo.java:shutdownFollowerState(108)) - 44471f42-9a01-4764-8909-e7e02c044ebe: shutdown 44471f42-9a01-4764-8909-e7e02c044ebe@group-C60743901939-FollowerState
2022-01-08 01:47:41,363 [grpc-default-executor-1] INFO  impl.RoleInfo (RoleInfo.java:updateAndGet(130)) - 44471f42-9a01-4764-8909-e7e02c044ebe: start 44471f42-9a01-4764-8909-e7e02c044ebe@group-C60743901939-FollowerState
2022-01-08 01:47:41,363 [44471f42-9a01-4764-8909-e7e02c044ebe@group-C60743901939-FollowerState] INFO  impl.FollowerState (FollowerState.java:run(143)) - 44471f42-9a01-4764-8909-e7e02c044ebe@group-C60743901939-FollowerState was interrupted: {}
java.lang.InterruptedException: sleep interrupted
	at java.lang.Thread.sleep(Native Method)
	at java.lang.Thread.sleep(Thread.java:340)
	at java.util.concurrent.TimeUnit.sleep(TimeUnit.java:386)
	at org.apache.ratis.util.TimeDuration.sleep(TimeDuration.java:324)
	at org.apache.ratis.util.TimeDuration.sleep(TimeDuration.java:309)
	at org.apache.ratis.server.impl.FollowerState.run(FollowerState.java:118)
2022-01-08 01:47:41,364 [a0cd68b1-75b0-4717-86f8-69ceed32178b@group-C60743901939-LeaderElection103] INFO  server.RaftServerConfigKeys (ConfUtils.java:logGet(44)) - raft.server.log.appender.snapshot.chunk.size.max = 16MB (=16777216) (default)
2022-01-08 01:47:41,364 [a0cd68b1-75b0-4717-86f8-69ceed32178b@group-C60743901939-LeaderElection103] INFO  server.RaftServerConfigKeys (ConfUtils.java:logGet(44)) - raft.server.log.appender.buffer.byte-limit = 33554432 (custom)
2022-01-08 01:47:41,364 [a0cd68b1-75b0-4717-86f8-69ceed32178b@group-C60743901939-LeaderElection103] INFO  server.RaftServerConfigKeys (ConfUtils.java:logGet(44)) - raft.server.log.appender.buffer.element-limit = 1 (custom)
2022-01-08 01:47:41,365 [grpc-default-executor-1] INFO  server.RaftServer$Division (RaftServerImpl.java:requestVote(1078)) - 44471f42-9a01-4764-8909-e7e02c044ebe@group-C60743901939 replies to ELECTION vote request: a0cd68b1-75b0-4717-86f8-69ceed32178b<-44471f42-9a01-4764-8909-e7e02c044ebe#0:OK-t1. Peer's state: 44471f42-9a01-4764-8909-e7e02c044ebe@group-C60743901939:t1, leader=null, voted=a0cd68b1-75b0-4717-86f8-69ceed32178b, raftlog=44471f42-9a01-4764-8909-e7e02c044ebe@group-C60743901939-SegmentedRaftLog:OPENED:c-1, conf=-1: [6477641b-710a-49ab-b56b-e0f600eb5c24|rpc:10.1.0.34:38417|dataStream:|priority:0, a0cd68b1-75b0-4717-86f8-69ceed32178b|rpc:10.1.0.34:43001|dataStream:|priority:1, 44471f42-9a01-4764-8909-e7e02c044ebe|rpc:10.1.0.34:44109|dataStream:|priority:0], old=null
2022-01-08 01:47:41,387 [a0cd68b1-75b0-4717-86f8-69ceed32178b@group-C60743901939-LeaderElection103] INFO  grpc.GrpcConfigKeys (ConfUtils.java:logGet(44)) - raft.grpc.server.leader.outstanding.appends.max = 128 (default)
2022-01-08 01:47:41,387 [a0cd68b1-75b0-4717-86f8-69ceed32178b@group-C60743901939-LeaderElection103] INFO  server.RaftServerConfigKeys (ConfUtils.java:logGet(44)) - raft.server.rpc.request.timeout = 3000ms (default)
2022-01-08 01:47:41,387 [a0cd68b1-75b0-4717-86f8-69ceed32178b@group-C60743901939-LeaderElection103] INFO  server.RaftServerConfigKeys (ConfUtils.java:logGet(44)) - raft.server.log.appender.install.snapshot.enabled = false (custom)
2022-01-08 01:47:41,388 [a0cd68b1-75b0-4717-86f8-69ceed32178b@group-C60743901939-LeaderElection103] INFO  impl.RoleInfo (RoleInfo.java:updateAndGet(130)) - a0cd68b1-75b0-4717-86f8-69ceed32178b: start a0cd68b1-75b0-4717-86f8-69ceed32178b@group-C60743901939-LeaderStateImpl
2022-01-08 01:47:41,389 [a0cd68b1-75b0-4717-86f8-69ceed32178b@group-C60743901939-LeaderElection103] INFO  segmented.SegmentedRaftLogWorker (SegmentedRaftLogWorker.java:startLogSegment(394)) - a0cd68b1-75b0-4717-86f8-69ceed32178b@group-C60743901939-SegmentedRaftLogWorker: Starting segment from index:0
2022-01-08 01:47:41,390 [a0cd68b1-75b0-4717-86f8-69ceed32178b@group-C60743901939-SegmentedRaftLogWorker] INFO  segmented.SegmentedRaftLogWorker (SegmentedRaftLogWorker.java:execute(601)) - a0cd68b1-75b0-4717-86f8-69ceed32178b@group-C60743901939-SegmentedRaftLogWorker: created new log segment /home/runner/work/ozone/ozone/hadoop-ozone/integration-test/target/test-dir/MiniOzoneClusterImpl-6a132c25-3902-4d06-b1e4-79a7ed3e0f57/datanode-6/data/ratis/bf5e8428-5878-49a6-8fa1-c60743901939/current/log_inprogress_0
2022-01-08 01:47:41,394 [a0cd68b1-75b0-4717-86f8-69ceed32178b@group-C60743901939-LeaderElection103] INFO  server.RaftServer$Division (ServerState.java:setRaftConf(387)) - a0cd68b1-75b0-4717-86f8-69ceed32178b@group-C60743901939: set configuration 0: [6477641b-710a-49ab-b56b-e0f600eb5c24|rpc:10.1.0.34:38417|dataStream:|priority:0, a0cd68b1-75b0-4717-86f8-69ceed32178b|rpc:10.1.0.34:43001|dataStream:|priority:1, 44471f42-9a01-4764-8909-e7e02c044ebe|rpc:10.1.0.34:44109|dataStream:|priority:0], old=null
2022-01-08 01:47:41,397 [9d6916e6-e933-4839-a7aa-b025ed7fd068@group-57B31BB58AB0-FollowerState] INFO  impl.FollowerState (FollowerState.java:run(134)) - 9d6916e6-e933-4839-a7aa-b025ed7fd068@group-57B31BB58AB0-FollowerState: change to CANDIDATE, lastRpcElapsedTime:5195862185ns, electionTimeout:5190ms
2022-01-08 01:47:41,397 [9d6916e6-e933-4839-a7aa-b025ed7fd068@group-57B31BB58AB0-FollowerState] INFO  impl.RoleInfo (RoleInfo.java:shutdownFollowerState(108)) - 9d6916e6-e933-4839-a7aa-b025ed7fd068: shutdown 9d6916e6-e933-4839-a7aa-b025ed7fd068@group-57B31BB58AB0-FollowerState
2022-01-08 01:47:41,397 [9d6916e6-e933-4839-a7aa-b025ed7fd068@group-57B31BB58AB0-FollowerState] INFO  server.RaftServer$Division (RaftServerImpl.java:setRole(290)) - 9d6916e6-e933-4839-a7aa-b025ed7fd068@group-57B31BB58AB0: changes role from  FOLLOWER to CANDIDATE at term 0 for changeToCandidate
2022-01-08 01:47:41,397 [9d6916e6-e933-4839-a7aa-b025ed7fd068@group-57B31BB58AB0-FollowerState] INFO  server.RaftServerConfigKeys (ConfUtils.java:logGet(44)) - raft.server.leaderelection.pre-vote = false (custom)
2022-01-08 01:47:41,397 [9d6916e6-e933-4839-a7aa-b025ed7fd068@group-57B31BB58AB0-FollowerState] INFO  impl.RoleInfo (RoleInfo.java:updateAndGet(130)) - 9d6916e6-e933-4839-a7aa-b025ed7fd068: start 9d6916e6-e933-4839-a7aa-b025ed7fd068@group-57B31BB58AB0-LeaderElection104
2022-01-08 01:47:41,410 [grpc-default-executor-2] INFO  ratis.XceiverServerRatis (XceiverServerRatis.java:handleLeaderChangedNotification(866)) - Leader change notification received for group: group-C60743901939 with new leaderId: a0cd68b1-75b0-4717-86f8-69ceed32178b
2022-01-08 01:47:41,415 [grpc-default-executor-2] INFO  server.RaftServer$Division (ServerState.java:setLeader(285)) - 44471f42-9a01-4764-8909-e7e02c044ebe@group-C60743901939: change Leader from null to a0cd68b1-75b0-4717-86f8-69ceed32178b at term 1 for appendEntries, leader elected after 5123ms
2022-01-08 01:47:41,416 [ForkJoinPool.commonPool-worker-0] INFO  ozoneimpl.OzoneContainer (OzoneContainer.java:stop(336)) - Attempting to stop container services.
2022-01-08 01:47:41,416 [ForkJoinPool.commonPool-worker-0] INFO  server.RaftServer (RaftServerProxy.java:lambda$close$6(391)) - 9d6916e6-e933-4839-a7aa-b025ed7fd068: close
2022-01-08 01:47:41,416 [ForkJoinPool.commonPool-worker-0] INFO  server.RaftServer$Division (RaftServerImpl.java:lambda$close$4(412)) - 9d6916e6-e933-4839-a7aa-b025ed7fd068@group-57B31BB58AB0: shutdown
2022-01-08 01:47:41,416 [ForkJoinPool.commonPool-worker-0] INFO  util.JmxRegister (JmxRegister.java:unregister(73)) - Successfully un-registered JMX Bean with object name Ratis:service=RaftServer,group=group-57B31BB58AB0,id=9d6916e6-e933-4839-a7aa-b025ed7fd068
2022-01-08 01:47:41,417 [ForkJoinPool.commonPool-worker-0] INFO  impl.RoleInfo (RoleInfo.java:shutdownLeaderElection(121)) - 9d6916e6-e933-4839-a7aa-b025ed7fd068: shutdown 9d6916e6-e933-4839-a7aa-b025ed7fd068@group-57B31BB58AB0-LeaderElection104
2022-01-08 01:47:41,417 [ForkJoinPool.commonPool-worker-0] INFO  impl.StateMachineUpdater (StateMachineUpdater.java:stopAndJoin(149)) - 9d6916e6-e933-4839-a7aa-b025ed7fd068@group-57B31BB58AB0-StateMachineUpdater: set stopIndex = -1
2022-01-08 01:47:41,417 [ForkJoinPool.commonPool-worker-0] INFO  server.RaftServer$Division (ServerState.java:close(419)) - 9d6916e6-e933-4839-a7aa-b025ed7fd068@group-57B31BB58AB0: closes. applyIndex: -1
2022-01-08 01:47:41,418 [grpc-default-executor-2] INFO  server.RaftServer$Division (ServerState.java:setRaftConf(387)) - 44471f42-9a01-4764-8909-e7e02c044ebe@group-C60743901939: set configuration 0: [6477641b-710a-49ab-b56b-e0f600eb5c24|rpc:10.1.0.34:38417|dataStream:|priority:0, a0cd68b1-75b0-4717-86f8-69ceed32178b|rpc:10.1.0.34:43001|dataStream:|priority:1, 44471f42-9a01-4764-8909-e7e02c044ebe|rpc:10.1.0.34:44109|dataStream:|priority:0], old=null
2022-01-08 01:47:41,418 [grpc-default-executor-2] INFO  segmented.SegmentedRaftLogWorker (SegmentedRaftLogWorker.java:startLogSegment(394)) - 44471f42-9a01-4764-8909-e7e02c044ebe@group-C60743901939-SegmentedRaftLogWorker: Starting segment from index:0
2022-01-08 01:47:41,431 [grpc-default-executor-0] INFO  ratis.XceiverServerRatis (XceiverServerRatis.java:handleLeaderChangedNotification(866)) - Leader change notification received for group: group-C60743901939 with new leaderId: a0cd68b1-75b0-4717-86f8-69ceed32178b
2022-01-08 01:47:41,431 [grpc-default-executor-0] INFO  server.RaftServer$Division (ServerState.java:setLeader(285)) - 6477641b-710a-49ab-b56b-e0f600eb5c24@group-C60743901939: change Leader from null to a0cd68b1-75b0-4717-86f8-69ceed32178b at term 1 for appendEntries, leader elected after 5088ms
2022-01-08 01:47:41,433 [44471f42-9a01-4764-8909-e7e02c044ebe@group-C60743901939-SegmentedRaftLogWorker] INFO  segmented.SegmentedRaftLogWorker (SegmentedRaftLogWorker.java:execute(601)) - 44471f42-9a01-4764-8909-e7e02c044ebe@group-C60743901939-SegmentedRaftLogWorker: created new log segment /home/runner/work/ozone/ozone/hadoop-ozone/integration-test/target/test-dir/MiniOzoneClusterImpl-6a132c25-3902-4d06-b1e4-79a7ed3e0f57/datanode-2/data/ratis/bf5e8428-5878-49a6-8fa1-c60743901939/current/log_inprogress_0
2022-01-08 01:47:41,447 [9d6916e6-e933-4839-a7aa-b025ed7fd068@group-57B31BB58AB0-LeaderElection104] INFO  impl.LeaderElection (LeaderElection.java:run(230)) - 9d6916e6-e933-4839-a7aa-b025ed7fd068@group-57B31BB58AB0-LeaderElection104: skip running since this is already CLOSING
2022-01-08 01:47:41,449 [6477641b-710a-49ab-b56b-e0f600eb5c24@group-57B31BB58AB0-FollowerState] INFO  impl.FollowerState (FollowerState.java:run(134)) - 6477641b-710a-49ab-b56b-e0f600eb5c24@group-57B31BB58AB0-FollowerState: change to CANDIDATE, lastRpcElapsedTime:5062766621ns, electionTimeout:5061ms
2022-01-08 01:47:41,449 [6477641b-710a-49ab-b56b-e0f600eb5c24@group-57B31BB58AB0-FollowerState] INFO  impl.RoleInfo (RoleInfo.java:shutdownFollowerState(108)) - 6477641b-710a-49ab-b56b-e0f600eb5c24: shutdown 6477641b-710a-49ab-b56b-e0f600eb5c24@group-57B31BB58AB0-FollowerState
2022-01-08 01:47:41,449 [6477641b-710a-49ab-b56b-e0f600eb5c24@group-57B31BB58AB0-FollowerState] INFO  server.RaftServer$Division (RaftServerImpl.java:setRole(290)) - 6477641b-710a-49ab-b56b-e0f600eb5c24@group-57B31BB58AB0: changes role from  FOLLOWER to CANDIDATE at term 0 for changeToCandidate
2022-01-08 01:47:41,449 [6477641b-710a-49ab-b56b-e0f600eb5c24@group-57B31BB58AB0-FollowerState] INFO  server.RaftServerConfigKeys (ConfUtils.java:logGet(44)) - raft.server.leaderelection.pre-vote = false (custom)
2022-01-08 01:47:41,449 [6477641b-710a-49ab-b56b-e0f600eb5c24@group-57B31BB58AB0-FollowerState] INFO  impl.RoleInfo (RoleInfo.java:updateAndGet(130)) - 6477641b-710a-49ab-b56b-e0f600eb5c24: start 6477641b-710a-49ab-b56b-e0f600eb5c24@group-57B31BB58AB0-LeaderElection105
2022-01-08 01:47:41,464 [9d6916e6-e933-4839-a7aa-b025ed7fd068@group-57B31BB58AB0-SegmentedRaftLogWorker] INFO  segmented.SegmentedRaftLogWorker (SegmentedRaftLogWorker.java:run(327)) - 9d6916e6-e933-4839-a7aa-b025ed7fd068@group-57B31BB58AB0-SegmentedRaftLogWorker was interrupted, exiting. There are 0 tasks remaining in the queue.
2022-01-08 01:47:41,464 [ForkJoinPool.commonPool-worker-0] INFO  segmented.SegmentedRaftLogWorker (SegmentedRaftLogWorker.java:close(237)) - 9d6916e6-e933-4839-a7aa-b025ed7fd068@group-57B31BB58AB0-SegmentedRaftLogWorker close()
2022-01-08 01:47:41,465 [Listener at 127.0.0.1/40645] INFO  ozoneimpl.OzoneContainer (OzoneContainer.java:stop(336)) - Attempting to stop container services.
2022-01-08 01:47:41,467 [Listener at 127.0.0.1/40645] INFO  server.RaftServer (RaftServerProxy.java:lambda$close$6(391)) - a6c260a2-0fcb-4cbe-bb3c-7bbe6bc0f1a0: close
2022-01-08 01:47:41,467 [Listener at 127.0.0.1/40645] INFO  server.RaftServer$Division (RaftServerImpl.java:lambda$close$4(412)) - a6c260a2-0fcb-4cbe-bb3c-7bbe6bc0f1a0@group-E4867FAC98DD: shutdown
2022-01-08 01:47:41,467 [Listener at 127.0.0.1/40645] INFO  util.JmxRegister (JmxRegister.java:unregister(73)) - Successfully un-registered JMX Bean with object name Ratis:service=RaftServer,group=group-E4867FAC98DD,id=a6c260a2-0fcb-4cbe-bb3c-7bbe6bc0f1a0
2022-01-08 01:47:41,467 [Listener at 127.0.0.1/40645] INFO  impl.RoleInfo (RoleInfo.java:shutdownFollowerState(108)) - a6c260a2-0fcb-4cbe-bb3c-7bbe6bc0f1a0: shutdown a6c260a2-0fcb-4cbe-bb3c-7bbe6bc0f1a0@group-E4867FAC98DD-FollowerState
2022-01-08 01:47:41,467 [Listener at 127.0.0.1/40645] INFO  impl.StateMachineUpdater (StateMachineUpdater.java:stopAndJoin(149)) - a6c260a2-0fcb-4cbe-bb3c-7bbe6bc0f1a0@group-E4867FAC98DD-StateMachineUpdater: set stopIndex = 0
2022-01-08 01:47:41,467 [a6c260a2-0fcb-4cbe-bb3c-7bbe6bc0f1a0@group-E4867FAC98DD-FollowerState] INFO  impl.FollowerState (FollowerState.java:run(143)) - a6c260a2-0fcb-4cbe-bb3c-7bbe6bc0f1a0@group-E4867FAC98DD-FollowerState was interrupted: {}
java.lang.InterruptedException: sleep interrupted
	at java.lang.Thread.sleep(Native Method)
	at java.lang.Thread.sleep(Thread.java:340)
	at java.util.concurrent.TimeUnit.sleep(TimeUnit.java:386)
	at org.apache.ratis.util.TimeDuration.sleep(TimeDuration.java:324)
	at org.apache.ratis.util.TimeDuration.sleep(TimeDuration.java:309)
	at org.apache.ratis.server.impl.FollowerState.run(FollowerState.java:118)
2022-01-08 01:47:41,468 [a6c260a2-0fcb-4cbe-bb3c-7bbe6bc0f1a0@group-E4867FAC98DD-StateMachineUpdater] INFO  ratis.ContainerStateMachine (ContainerStateMachine.java:takeSnapshot(299)) - group-E4867FAC98DD: Taking a snapshot at:(t:1, i:0) file /home/runner/work/ozone/ozone/hadoop-ozone/integration-test/target/test-dir/MiniOzoneClusterImpl-6a132c25-3902-4d06-b1e4-79a7ed3e0f57/datanode-4/data/ratis/11e6a4f4-e93b-49ef-a845-e4867fac98dd/sm/snapshot.1_0
2022-01-08 01:47:41,471 [a6c260a2-0fcb-4cbe-bb3c-7bbe6bc0f1a0@group-E4867FAC98DD-StateMachineUpdater] INFO  ratis.ContainerStateMachine (ContainerStateMachine.java:takeSnapshot(310)) - group-E4867FAC98DD: Finished taking a snapshot at:(t:1, i:0) file:/home/runner/work/ozone/ozone/hadoop-ozone/integration-test/target/test-dir/MiniOzoneClusterImpl-6a132c25-3902-4d06-b1e4-79a7ed3e0f57/datanode-4/data/ratis/11e6a4f4-e93b-49ef-a845-e4867fac98dd/sm/snapshot.1_0 took: 4 ms
2022-01-08 01:47:41,471 [a6c260a2-0fcb-4cbe-bb3c-7bbe6bc0f1a0@group-E4867FAC98DD-StateMachineUpdater] INFO  impl.StateMachineUpdater (StateMachineUpdater.java:takeSnapshot(281)) - a6c260a2-0fcb-4cbe-bb3c-7bbe6bc0f1a0@group-E4867FAC98DD-StateMachineUpdater: Took a snapshot at index 0
2022-01-08 01:47:41,471 [a6c260a2-0fcb-4cbe-bb3c-7bbe6bc0f1a0@group-E4867FAC98DD-StateMachineUpdater] INFO  impl.StateMachineUpdater (StateMachineUpdater.java:lambda$new$0(89)) - a6c260a2-0fcb-4cbe-bb3c-7bbe6bc0f1a0@group-E4867FAC98DD-StateMachineUpdater: snapshotIndex: updateIncreasingly -1 -> 0
2022-01-08 01:47:41,472 [Listener at 127.0.0.1/40645] INFO  server.RaftServer$Division (ServerState.java:close(419)) - a6c260a2-0fcb-4cbe-bb3c-7bbe6bc0f1a0@group-E4867FAC98DD: closes. applyIndex: 0
2022-01-08 01:47:41,472 [a6c260a2-0fcb-4cbe-bb3c-7bbe6bc0f1a0@group-E4867FAC98DD-SegmentedRaftLogWorker] INFO  segmented.SegmentedRaftLogWorker (SegmentedRaftLogWorker.java:run(327)) - a6c260a2-0fcb-4cbe-bb3c-7bbe6bc0f1a0@group-E4867FAC98DD-SegmentedRaftLogWorker was interrupted, exiting. There are 0 tasks remaining in the queue.
2022-01-08 01:47:41,472 [Listener at 127.0.0.1/40645] INFO  segmented.SegmentedRaftLogWorker (SegmentedRaftLogWorker.java:close(237)) - a6c260a2-0fcb-4cbe-bb3c-7bbe6bc0f1a0@group-E4867FAC98DD-SegmentedRaftLogWorker close()
2022-01-08 01:47:41,476 [6477641b-710a-49ab-b56b-e0f600eb5c24@group-57B31BB58AB0-LeaderElection105] INFO  impl.LeaderElection (LeaderElection.java:askForVotes(306)) - 6477641b-710a-49ab-b56b-e0f600eb5c24@group-57B31BB58AB0-LeaderElection105 ELECTION round 0: submit vote requests at term 1 for -1: [6477641b-710a-49ab-b56b-e0f600eb5c24|rpc:10.1.0.34:38417|dataStream:|priority:0, 9d6916e6-e933-4839-a7aa-b025ed7fd068|rpc:10.1.0.34:40543|dataStream:|priority:1, 44471f42-9a01-4764-8909-e7e02c044ebe|rpc:10.1.0.34:44109|dataStream:|priority:0], old=null
2022-01-08 01:47:41,480 [6477641b-710a-49ab-b56b-e0f600eb5c24@group-57B31BB58AB0-LeaderElection105] INFO  impl.LeaderElection (LogUtils.java:infoOrTrace(137)) - 6477641b-710a-49ab-b56b-e0f600eb5c24@group-57B31BB58AB0-LeaderElection105 got exception when requesting votes: java.util.concurrent.ExecutionException: org.apache.ratis.thirdparty.io.grpc.StatusRuntimeException: UNAVAILABLE: io exception
2022-01-08 01:47:41,499 [Listener at 127.0.0.1/40645] INFO  server.RaftServer$Division (RaftServerImpl.java:lambda$close$4(412)) - a6c260a2-0fcb-4cbe-bb3c-7bbe6bc0f1a0@group-53A1D7CF6D66: shutdown
2022-01-08 01:47:41,499 [Listener at 127.0.0.1/40645] INFO  util.JmxRegister (JmxRegister.java:unregister(73)) - Successfully un-registered JMX Bean with object name Ratis:service=RaftServer,group=group-53A1D7CF6D66,id=a6c260a2-0fcb-4cbe-bb3c-7bbe6bc0f1a0
2022-01-08 01:47:41,499 [Listener at 127.0.0.1/40645] INFO  impl.RoleInfo (RoleInfo.java:shutdownLeaderState(91)) - a6c260a2-0fcb-4cbe-bb3c-7bbe6bc0f1a0: shutdown a6c260a2-0fcb-4cbe-bb3c-7bbe6bc0f1a0@group-53A1D7CF6D66-LeaderStateImpl
2022-01-08 01:47:41,527 [ForkJoinPool.commonPool-worker-0] INFO  server.RaftServer$Division (RaftServerImpl.java:lambda$close$4(412)) - 9d6916e6-e933-4839-a7aa-b025ed7fd068@group-CE8B11469DAA: shutdown
2022-01-08 01:47:41,527 [Listener at 127.0.0.1/40645] INFO  impl.PendingRequests (PendingRequests.java:sendNotLeaderResponses(282)) - a6c260a2-0fcb-4cbe-bb3c-7bbe6bc0f1a0@group-53A1D7CF6D66-PendingRequests: sendNotLeaderResponses
2022-01-08 01:47:41,529 [Listener at 127.0.0.1/40645] INFO  impl.StateMachineUpdater (StateMachineUpdater.java:stopAndJoin(149)) - a6c260a2-0fcb-4cbe-bb3c-7bbe6bc0f1a0@group-53A1D7CF6D66-StateMachineUpdater: set stopIndex = 0
2022-01-08 01:47:41,529 [a6c260a2-0fcb-4cbe-bb3c-7bbe6bc0f1a0@group-53A1D7CF6D66-StateMachineUpdater] INFO  ratis.ContainerStateMachine (ContainerStateMachine.java:takeSnapshot(299)) - group-53A1D7CF6D66: Taking a snapshot at:(t:1, i:0) file /home/runner/work/ozone/ozone/hadoop-ozone/integration-test/target/test-dir/MiniOzoneClusterImpl-6a132c25-3902-4d06-b1e4-79a7ed3e0f57/datanode-4/data/ratis/ed7d7f98-d33b-43a4-b8f6-53a1d7cf6d66/sm/snapshot.1_0
2022-01-08 01:47:41,528 [grpc-default-executor-1] INFO  server.RaftServer$Division (RaftServerImpl.java:requestVote(1046)) - 44471f42-9a01-4764-8909-e7e02c044ebe@group-57B31BB58AB0: receive requestVote(ELECTION, 6477641b-710a-49ab-b56b-e0f600eb5c24, group-57B31BB58AB0, 1, (t:0, i:0))
2022-01-08 01:47:41,529 [grpc-default-executor-1] INFO  impl.VoteContext (VoteContext.java:log(48)) - 44471f42-9a01-4764-8909-e7e02c044ebe@group-57B31BB58AB0-FOLLOWER: accept ELECTION from 6477641b-710a-49ab-b56b-e0f600eb5c24: our priority 0 <= candidate's priority 0
2022-01-08 01:47:41,529 [grpc-default-executor-1] INFO  server.RaftServer$Division (RaftServerImpl.java:setRole(290)) - 44471f42-9a01-4764-8909-e7e02c044ebe@group-57B31BB58AB0: changes role from  FOLLOWER to FOLLOWER at term 1 for candidate:6477641b-710a-49ab-b56b-e0f600eb5c24
2022-01-08 01:47:41,529 [grpc-default-executor-1] INFO  impl.RoleInfo (RoleInfo.java:shutdownFollowerState(108)) - 44471f42-9a01-4764-8909-e7e02c044ebe: shutdown 44471f42-9a01-4764-8909-e7e02c044ebe@group-57B31BB58AB0-FollowerState
2022-01-08 01:47:41,529 [grpc-default-executor-1] INFO  impl.RoleInfo (RoleInfo.java:updateAndGet(130)) - 44471f42-9a01-4764-8909-e7e02c044ebe: start 44471f42-9a01-4764-8909-e7e02c044ebe@group-57B31BB58AB0-FollowerState
2022-01-08 01:47:41,527 [a6c260a2-0fcb-4cbe-bb3c-7bbe6bc0f1a0@group-53A1D7CF6D66->46dea062-dbed-4f29-9927-38d96de780a1-GrpcLogAppender-LogAppenderDaemon] WARN  server.GrpcLogAppender (GrpcLogAppender.java:mayWait(177)) - a6c260a2-0fcb-4cbe-bb3c-7bbe6bc0f1a0@group-53A1D7CF6D66->46dea062-dbed-4f29-9927-38d96de780a1-GrpcLogAppender: Wait interrupted by java.lang.InterruptedException
2022-01-08 01:47:41,529 [44471f42-9a01-4764-8909-e7e02c044ebe@group-57B31BB58AB0-FollowerState] INFO  impl.FollowerState (FollowerState.java:run(143)) - 44471f42-9a01-4764-8909-e7e02c044ebe@group-57B31BB58AB0-FollowerState was interrupted: {}
java.lang.InterruptedException: sleep interrupted
	at java.lang.Thread.sleep(Native Method)
	at java.lang.Thread.sleep(Thread.java:340)
	at java.util.concurrent.TimeUnit.sleep(TimeUnit.java:386)
	at org.apache.ratis.util.TimeDuration.sleep(TimeDuration.java:324)
	at org.apache.ratis.util.TimeDuration.sleep(TimeDuration.java:309)
	at org.apache.ratis.server.impl.FollowerState.run(FollowerState.java:118)
2022-01-08 01:47:41,527 [ForkJoinPool.commonPool-worker-0] INFO  util.JmxRegister (JmxRegister.java:unregister(73)) - Successfully un-registered JMX Bean with object name Ratis:service=RaftServer,group=group-CE8B11469DAA,id=9d6916e6-e933-4839-a7aa-b025ed7fd068
2022-01-08 01:47:41,530 [ForkJoinPool.commonPool-worker-0] INFO  impl.RoleInfo (RoleInfo.java:shutdownFollowerState(108)) - 9d6916e6-e933-4839-a7aa-b025ed7fd068: shutdown 9d6916e6-e933-4839-a7aa-b025ed7fd068@group-CE8B11469DAA-FollowerState
2022-01-08 01:47:41,530 [grpc-default-executor-2] INFO  server.GrpcServerProtocolService (GrpcServerProtocolService.java:onCompleted(140)) - 46dea062-dbed-4f29-9927-38d96de780a1: Completed APPEND_ENTRIES, lastRequest: a6c260a2-0fcb-4cbe-bb3c-7bbe6bc0f1a0->46dea062-dbed-4f29-9927-38d96de780a1#1-t1,previous=(t:0, i:0),leaderCommit=0,initializing? true,entries: size=1, first=(t:1, i:0), CONFIGURATIONENTRY
2022-01-08 01:47:41,531 [grpc-default-executor-5] INFO  server.GrpcLogAppender (GrpcLogAppender.java:onCompleted(346)) - a6c260a2-0fcb-4cbe-bb3c-7bbe6bc0f1a0@group-53A1D7CF6D66->46dea062-dbed-4f29-9927-38d96de780a1-AppendLogResponseHandler: follower responses appendEntries COMPLETED
2022-01-08 01:47:41,531 [grpc-default-executor-5] INFO  leader.FollowerInfo (FollowerInfoImpl.java:lambda$new$0(47)) - a6c260a2-0fcb-4cbe-bb3c-7bbe6bc0f1a0@group-53A1D7CF6D66->46dea062-dbed-4f29-9927-38d96de780a1: nextIndex: updateUnconditionally 1 -> 0
2022-01-08 01:47:41,531 [a6c260a2-0fcb-4cbe-bb3c-7bbe6bc0f1a0@group-53A1D7CF6D66-StateMachineUpdater] INFO  ratis.ContainerStateMachine (ContainerStateMachine.java:takeSnapshot(310)) - group-53A1D7CF6D66: Finished taking a snapshot at:(t:1, i:0) file:/home/runner/work/ozone/ozone/hadoop-ozone/integration-test/target/test-dir/MiniOzoneClusterImpl-6a132c25-3902-4d06-b1e4-79a7ed3e0f57/datanode-4/data/ratis/ed7d7f98-d33b-43a4-b8f6-53a1d7cf6d66/sm/snapshot.1_0 took: 3 ms
2022-01-08 01:47:41,532 [a6c260a2-0fcb-4cbe-bb3c-7bbe6bc0f1a0@group-53A1D7CF6D66-StateMachineUpdater] INFO  impl.StateMachineUpdater (StateMachineUpdater.java:takeSnapshot(281)) - a6c260a2-0fcb-4cbe-bb3c-7bbe6bc0f1a0@group-53A1D7CF6D66-StateMachineUpdater: Took a snapshot at index 0
2022-01-08 01:47:41,532 [a6c260a2-0fcb-4cbe-bb3c-7bbe6bc0f1a0@group-53A1D7CF6D66-StateMachineUpdater] INFO  impl.StateMachineUpdater (StateMachineUpdater.java:lambda$new$0(89)) - a6c260a2-0fcb-4cbe-bb3c-7bbe6bc0f1a0@group-53A1D7CF6D66-StateMachineUpdater: snapshotIndex: updateIncreasingly -1 -> 0
2022-01-08 01:47:41,533 [Listener at 127.0.0.1/40645] INFO  server.RaftServer$Division (ServerState.java:close(419)) - a6c260a2-0fcb-4cbe-bb3c-7bbe6bc0f1a0@group-53A1D7CF6D66: closes. applyIndex: 0
2022-01-08 01:47:41,533 [a6c260a2-0fcb-4cbe-bb3c-7bbe6bc0f1a0@group-53A1D7CF6D66-SegmentedRaftLogWorker] INFO  segmented.SegmentedRaftLogWorker (SegmentedRaftLogWorker.java:run(327)) - a6c260a2-0fcb-4cbe-bb3c-7bbe6bc0f1a0@group-53A1D7CF6D66-SegmentedRaftLogWorker was interrupted, exiting. There are 0 tasks remaining in the queue.
2022-01-08 01:47:41,534 [Listener at 127.0.0.1/40645] INFO  segmented.SegmentedRaftLogWorker (SegmentedRaftLogWorker.java:close(237)) - a6c260a2-0fcb-4cbe-bb3c-7bbe6bc0f1a0@group-53A1D7CF6D66-SegmentedRaftLogWorker close()
2022-01-08 01:47:41,534 [grpc-default-executor-1] INFO  server.RaftServer$Division (RaftServerImpl.java:requestVote(1078)) - 44471f42-9a01-4764-8909-e7e02c044ebe@group-57B31BB58AB0 replies to ELECTION vote request: 6477641b-710a-49ab-b56b-e0f600eb5c24<-44471f42-9a01-4764-8909-e7e02c044ebe#0:OK-t1. Peer's state: 44471f42-9a01-4764-8909-e7e02c044ebe@group-57B31BB58AB0:t1, leader=null, voted=6477641b-710a-49ab-b56b-e0f600eb5c24, raftlog=44471f42-9a01-4764-8909-e7e02c044ebe@group-57B31BB58AB0-SegmentedRaftLog:OPENED:c-1, conf=-1: [6477641b-710a-49ab-b56b-e0f600eb5c24|rpc:10.1.0.34:38417|priority:0, 9d6916e6-e933-4839-a7aa-b025ed7fd068|rpc:10.1.0.34:40543|priority:1, 44471f42-9a01-4764-8909-e7e02c044ebe|rpc:10.1.0.34:44109|priority:0], old=null
2022-01-08 01:47:41,535 [6477641b-710a-49ab-b56b-e0f600eb5c24@group-57B31BB58AB0-LeaderElection105] INFO  impl.LeaderElection (LeaderElection.java:logAndReturn(89)) - 6477641b-710a-49ab-b56b-e0f600eb5c24@group-57B31BB58AB0-LeaderElection105: ELECTION PASSED received 1 response(s) and 1 exception(s):
2022-01-08 01:47:41,535 [6477641b-710a-49ab-b56b-e0f600eb5c24@group-57B31BB58AB0-LeaderElection105] INFO  impl.LeaderElection (LeaderElection.java:logAndReturn(93)) -   Response 0: 6477641b-710a-49ab-b56b-e0f600eb5c24<-44471f42-9a01-4764-8909-e7e02c044ebe#0:OK-t1
2022-01-08 01:47:41,535 [6477641b-710a-49ab-b56b-e0f600eb5c24@group-57B31BB58AB0-LeaderElection105] INFO  impl.LeaderElection (LogUtils.java:infoOrTrace(137)) -   Exception 1: java.util.concurrent.ExecutionException: org.apache.ratis.thirdparty.io.grpc.StatusRuntimeException: UNAVAILABLE: io exception
2022-01-08 01:47:41,535 [6477641b-710a-49ab-b56b-e0f600eb5c24@group-57B31BB58AB0-LeaderElection105] INFO  impl.LeaderElection (LeaderElection.java:askForVotes(308)) - 6477641b-710a-49ab-b56b-e0f600eb5c24@group-57B31BB58AB0-LeaderElection105 ELECTION round 0: result PASSED
2022-01-08 01:47:41,535 [6477641b-710a-49ab-b56b-e0f600eb5c24@group-57B31BB58AB0-LeaderElection105] INFO  impl.RoleInfo (RoleInfo.java:shutdownLeaderElection(121)) - 6477641b-710a-49ab-b56b-e0f600eb5c24: shutdown 6477641b-710a-49ab-b56b-e0f600eb5c24@group-57B31BB58AB0-LeaderElection105
2022-01-08 01:47:41,535 [6477641b-710a-49ab-b56b-e0f600eb5c24@group-57B31BB58AB0-LeaderElection105] INFO  server.RaftServer$Division (RaftServerImpl.java:setRole(290)) - 6477641b-710a-49ab-b56b-e0f600eb5c24@group-57B31BB58AB0: changes role from CANDIDATE to LEADER at term 1 for changeToLeader
2022-01-08 01:47:41,535 [6477641b-710a-49ab-b56b-e0f600eb5c24@group-57B31BB58AB0-LeaderElection105] INFO  ratis.XceiverServerRatis (XceiverServerRatis.java:handleLeaderChangedNotification(866)) - Leader change notification received for group: group-57B31BB58AB0 with new leaderId: 6477641b-710a-49ab-b56b-e0f600eb5c24
2022-01-08 01:47:41,535 [6477641b-710a-49ab-b56b-e0f600eb5c24@group-57B31BB58AB0-LeaderElection105] INFO  server.RaftServer$Division (ServerState.java:setLeader(285)) - 6477641b-710a-49ab-b56b-e0f600eb5c24@group-57B31BB58AB0: change Leader from null to 6477641b-710a-49ab-b56b-e0f600eb5c24 at term 1 for becomeLeader, leader elected after 5250ms
2022-01-08 01:47:41,535 [6477641b-710a-49ab-b56b-e0f600eb5c24@group-57B31BB58AB0-LeaderElection105] INFO  server.RaftServerConfigKeys (ConfUtils.java:logGet(44)) - raft.server.staging.catchup.gap = 1000 (default)
2022-01-08 01:47:41,535 [6477641b-710a-49ab-b56b-e0f600eb5c24@group-57B31BB58AB0-LeaderElection105] INFO  server.RaftServerConfigKeys (ConfUtils.java:logGet(44)) - raft.server.write.element-limit = 1024 (custom)
2022-01-08 01:47:41,536 [6477641b-710a-49ab-b56b-e0f600eb5c24@group-57B31BB58AB0-LeaderElection105] INFO  server.RaftServerConfigKeys (ConfUtils.java:logGet(44)) - raft.server.write.byte-limit = 1024 M (=1073741824) (custom)
2022-01-08 01:47:41,536 [6477641b-710a-49ab-b56b-e0f600eb5c24@group-57B31BB58AB0-LeaderElection105] INFO  server.RaftServerConfigKeys (ConfUtils.java:logGet(44)) - raft.server.watch.timeout = 3000ms (custom)
2022-01-08 01:47:41,536 [6477641b-710a-49ab-b56b-e0f600eb5c24@group-57B31BB58AB0-LeaderElection105] INFO  server.RaftServerConfigKeys (ConfUtils.java:logGet(44)) - raft.server.watch.timeout.denomination = 1s (default)
2022-01-08 01:47:41,536 [6477641b-710a-49ab-b56b-e0f600eb5c24@group-57B31BB58AB0-LeaderElection105] INFO  server.RaftServerConfigKeys (ConfUtils.java:logGet(44)) - raft.server.watch.element-limit = 65536 (default)
2022-01-08 01:47:41,536 [6477641b-710a-49ab-b56b-e0f600eb5c24@group-57B31BB58AB0-LeaderElection105] INFO  server.RaftServerConfigKeys (ConfUtils.java:logGet(44)) - raft.server.write.element-limit = 1024 (custom)
2022-01-08 01:47:41,536 [6477641b-710a-49ab-b56b-e0f600eb5c24@group-57B31BB58AB0-LeaderElection105] INFO  server.RaftServerConfigKeys (ConfUtils.java:logGet(44)) - raft.server.write.follower.gap.ratio.max = -1.0 (default)
2022-01-08 01:47:41,536 [6477641b-710a-49ab-b56b-e0f600eb5c24@group-57B31BB58AB0-LeaderElection105] INFO  server.RaftServerConfigKeys (ConfUtils.java:logGet(44)) - raft.server.log.appender.snapshot.chunk.size.max = 16MB (=16777216) (default)
2022-01-08 01:47:41,536 [6477641b-710a-49ab-b56b-e0f600eb5c24@group-57B31BB58AB0-LeaderElection105] INFO  server.RaftServerConfigKeys (ConfUtils.java:logGet(44)) - raft.server.log.appender.buffer.byte-limit = 33554432 (custom)
2022-01-08 01:47:41,536 [6477641b-710a-49ab-b56b-e0f600eb5c24@group-57B31BB58AB0-LeaderElection105] INFO  server.RaftServerConfigKeys (ConfUtils.java:logGet(44)) - raft.server.log.appender.buffer.element-limit = 1 (custom)
2022-01-08 01:47:41,537 [6477641b-710a-49ab-b56b-e0f600eb5c24@group-57B31BB58AB0-LeaderElection105] INFO  grpc.GrpcConfigKeys (ConfUtils.java:logGet(44)) - raft.grpc.server.leader.outstanding.appends.max = 128 (default)
2022-01-08 01:47:41,537 [6477641b-710a-49ab-b56b-e0f600eb5c24@group-57B31BB58AB0-LeaderElection105] INFO  server.RaftServerConfigKeys (ConfUtils.java:logGet(44)) - raft.server.rpc.request.timeout = 3000ms (default)
2022-01-08 01:47:41,537 [6477641b-710a-49ab-b56b-e0f600eb5c24@group-57B31BB58AB0-LeaderElection105] INFO  server.RaftServerConfigKeys (ConfUtils.java:logGet(44)) - raft.server.log.appender.install.snapshot.enabled = false (custom)
2022-01-08 01:47:41,538 [6477641b-710a-49ab-b56b-e0f600eb5c24@group-57B31BB58AB0-LeaderElection105] INFO  server.RaftServerConfigKeys (ConfUtils.java:logGet(44)) - raft.server.log.appender.snapshot.chunk.size.max = 16MB (=16777216) (default)
2022-01-08 01:47:41,538 [6477641b-710a-49ab-b56b-e0f600eb5c24@group-57B31BB58AB0-LeaderElection105] INFO  server.RaftServerConfigKeys (ConfUtils.java:logGet(44)) - raft.server.log.appender.buffer.byte-limit = 33554432 (custom)
2022-01-08 01:47:41,538 [6477641b-710a-49ab-b56b-e0f600eb5c24@group-57B31BB58AB0-LeaderElection105] INFO  server.RaftServerConfigKeys (ConfUtils.java:logGet(44)) - raft.server.log.appender.buffer.element-limit = 1 (custom)
2022-01-08 01:47:41,538 [EventQueue-PipelineReportForPipelineReportHandler] INFO  pipeline.PipelineManagerImpl (PipelineManagerImpl.java:openPipeline(291)) - Pipeline Pipeline[ Id: 98d41487-13da-4396-8abb-57b31bb58ab0, Nodes: 6477641b-710a-49ab-b56b-e0f600eb5c24{ip: 10.1.0.34, host: fv-az116-279.vzw04321ajxubdbcnpick5nqva.xx.internal.cloudapp.net, ports: [REPLICATION=32997, RATIS=38417, RATIS_ADMIN=38417, RATIS_SERVER=38417, STANDALONE=42453], networkLocation: /default-rack, certSerialId: null, persistedOpState: IN_SERVICE, persistedOpStateExpiryEpochSec: 0}9d6916e6-e933-4839-a7aa-b025ed7fd068{ip: 10.1.0.34, host: fv-az116-279.vzw04321ajxubdbcnpick5nqva.xx.internal.cloudapp.net, ports: [REPLICATION=45495, RATIS=40543, RATIS_ADMIN=40543, RATIS_SERVER=40543, STANDALONE=40997], networkLocation: /default-rack, certSerialId: null, persistedOpState: IN_SERVICE, persistedOpStateExpiryEpochSec: 0}44471f42-9a01-4764-8909-e7e02c044ebe{ip: 10.1.0.34, host: fv-az116-279.vzw04321ajxubdbcnpick5nqva.xx.internal.cloudapp.net, ports: [REPLICATION=36939, RATIS=44109, RATIS_ADMIN=44109, RATIS_SERVER=44109, STANDALONE=34571], networkLocation: /default-rack, certSerialId: null, persistedOpState: IN_SERVICE, persistedOpStateExpiryEpochSec: 0}, ReplicationConfig: RATIS/THREE, State:ALLOCATED, leaderId:6477641b-710a-49ab-b56b-e0f600eb5c24, CreationTimestamp2022-01-08T01:47:34.920Z[Etc/UTC]] moved to OPEN state
2022-01-08 01:47:41,538 [6477641b-710a-49ab-b56b-e0f600eb5c24@group-57B31BB58AB0-LeaderElection105] INFO  grpc.GrpcConfigKeys (ConfUtils.java:logGet(44)) - raft.grpc.server.leader.outstanding.appends.max = 128 (default)
2022-01-08 01:47:41,538 [6477641b-710a-49ab-b56b-e0f600eb5c24@group-57B31BB58AB0-LeaderElection105] INFO  server.RaftServerConfigKeys (ConfUtils.java:logGet(44)) - raft.server.rpc.request.timeout = 3000ms (default)
2022-01-08 01:47:41,538 [6477641b-710a-49ab-b56b-e0f600eb5c24@group-57B31BB58AB0-LeaderElection105] INFO  server.RaftServerConfigKeys (ConfUtils.java:logGet(44)) - raft.server.log.appender.install.snapshot.enabled = false (custom)
2022-01-08 01:47:41,539 [6477641b-710a-49ab-b56b-e0f600eb5c24@group-57B31BB58AB0-LeaderElection105] INFO  impl.RoleInfo (RoleInfo.java:updateAndGet(130)) - 6477641b-710a-49ab-b56b-e0f600eb5c24: start 6477641b-710a-49ab-b56b-e0f600eb5c24@group-57B31BB58AB0-LeaderStateImpl
2022-01-08 01:47:41,540 [6477641b-710a-49ab-b56b-e0f600eb5c24@group-57B31BB58AB0-LeaderElection105] INFO  segmented.SegmentedRaftLogWorker (SegmentedRaftLogWorker.java:startLogSegment(394)) - 6477641b-710a-49ab-b56b-e0f600eb5c24@group-57B31BB58AB0-SegmentedRaftLogWorker: Starting segment from index:0
2022-01-08 01:47:41,543 [a6c260a2-0fcb-4cbe-bb3c-7bbe6bc0f1a0@group-53A1D7CF6D66->81a3d3bc-df93-482d-841e-57d386bb5ebf-GrpcLogAppender-LogAppenderDaemon] WARN  server.GrpcLogAppender (GrpcLogAppender.java:mayWait(177)) - a6c260a2-0fcb-4cbe-bb3c-7bbe6bc0f1a0@group-53A1D7CF6D66->81a3d3bc-df93-482d-841e-57d386bb5ebf-GrpcLogAppender: Wait interrupted by java.lang.InterruptedException
2022-01-08 01:47:41,543 [grpc-default-executor-1] INFO  server.GrpcServerProtocolService (GrpcServerProtocolService.java:onCompleted(140)) - 81a3d3bc-df93-482d-841e-57d386bb5ebf: Completed APPEND_ENTRIES, lastRequest: a6c260a2-0fcb-4cbe-bb3c-7bbe6bc0f1a0->81a3d3bc-df93-482d-841e-57d386bb5ebf#1-t1,previous=(t:0, i:0),leaderCommit=0,initializing? true,entries: size=1, first=(t:1, i:0), CONFIGURATIONENTRY
2022-01-08 01:47:41,543 [grpc-default-executor-2] INFO  server.GrpcLogAppender (GrpcLogAppender.java:onCompleted(346)) - a6c260a2-0fcb-4cbe-bb3c-7bbe6bc0f1a0@group-53A1D7CF6D66->81a3d3bc-df93-482d-841e-57d386bb5ebf-AppendLogResponseHandler: follower responses appendEntries COMPLETED
2022-01-08 01:47:41,544 [grpc-default-executor-2] INFO  leader.FollowerInfo (FollowerInfoImpl.java:lambda$new$0(47)) - a6c260a2-0fcb-4cbe-bb3c-7bbe6bc0f1a0@group-53A1D7CF6D66->81a3d3bc-df93-482d-841e-57d386bb5ebf: nextIndex: updateUnconditionally 1 -> 0
2022-01-08 01:47:41,556 [6477641b-710a-49ab-b56b-e0f600eb5c24@group-57B31BB58AB0-SegmentedRaftLogWorker] INFO  segmented.SegmentedRaftLogWorker (SegmentedRaftLogWorker.java:execute(601)) - 6477641b-710a-49ab-b56b-e0f600eb5c24@group-57B31BB58AB0-SegmentedRaftLogWorker: created new log segment /home/runner/work/ozone/ozone/hadoop-ozone/integration-test/target/test-dir/MiniOzoneClusterImpl-6a132c25-3902-4d06-b1e4-79a7ed3e0f57/datanode-0/data/ratis/98d41487-13da-4396-8abb-57b31bb58ab0/current/log_inprogress_0
2022-01-08 01:47:41,574 [grpc-default-executor-1] INFO  ratis.XceiverServerRatis (XceiverServerRatis.java:handleLeaderChangedNotification(866)) - Leader change notification received for group: group-57B31BB58AB0 with new leaderId: 6477641b-710a-49ab-b56b-e0f600eb5c24
2022-01-08 01:47:41,574 [grpc-default-executor-1] INFO  server.RaftServer$Division (ServerState.java:setLeader(285)) - 44471f42-9a01-4764-8909-e7e02c044ebe@group-57B31BB58AB0: change Leader from null to 6477641b-710a-49ab-b56b-e0f600eb5c24 at term 1 for appendEntries, leader elected after 4762ms
2022-01-08 01:47:41,578 [grpc-default-executor-0] INFO  server.RaftServer$Division (ServerState.java:setRaftConf(387)) - 6477641b-710a-49ab-b56b-e0f600eb5c24@group-C60743901939: set configuration 0: [6477641b-710a-49ab-b56b-e0f600eb5c24|rpc:10.1.0.34:38417|dataStream:|priority:0, a0cd68b1-75b0-4717-86f8-69ceed32178b|rpc:10.1.0.34:43001|dataStream:|priority:1, 44471f42-9a01-4764-8909-e7e02c044ebe|rpc:10.1.0.34:44109|dataStream:|priority:0], old=null
2022-01-08 01:47:41,578 [grpc-default-executor-0] INFO  segmented.SegmentedRaftLogWorker (SegmentedRaftLogWorker.java:startLogSegment(394)) - 6477641b-710a-49ab-b56b-e0f600eb5c24@group-C60743901939-SegmentedRaftLogWorker: Starting segment from index:0
2022-01-08 01:47:41,579 [grpc-default-executor-2] WARN  server.GrpcLogAppender (LogUtils.java:warn(122)) - 6477641b-710a-49ab-b56b-e0f600eb5c24@group-57B31BB58AB0->9d6916e6-e933-4839-a7aa-b025ed7fd068-AppendLogResponseHandler: Failed appendEntries: org.apache.ratis.thirdparty.io.grpc.StatusRuntimeException: UNAVAILABLE: io exception
2022-01-08 01:47:41,580 [grpc-default-executor-2] WARN  server.GrpcLogAppender (GrpcLogAppender.java:resetClient(110)) - 6477641b-710a-49ab-b56b-e0f600eb5c24@group-57B31BB58AB0->9d6916e6-e933-4839-a7aa-b025ed7fd068-GrpcLogAppender: Leader has not got in touch with Follower 6477641b-710a-49ab-b56b-e0f600eb5c24@group-57B31BB58AB0->9d6916e6-e933-4839-a7aa-b025ed7fd068(c-1,m0,n0, attendVote=true, lastRpcSendTime=5243, lastRpcResponseTime=5243) yet, just keep nextIndex unchanged and retry.
2022-01-08 01:47:41,580 [6477641b-710a-49ab-b56b-e0f600eb5c24@group-C60743901939-SegmentedRaftLogWorker] INFO  segmented.SegmentedRaftLogWorker (SegmentedRaftLogWorker.java:execute(601)) - 6477641b-710a-49ab-b56b-e0f600eb5c24@group-C60743901939-SegmentedRaftLogWorker: created new log segment /home/runner/work/ozone/ozone/hadoop-ozone/integration-test/target/test-dir/MiniOzoneClusterImpl-6a132c25-3902-4d06-b1e4-79a7ed3e0f57/datanode-0/data/ratis/bf5e8428-5878-49a6-8fa1-c60743901939/current/log_inprogress_0
2022-01-08 01:47:41,588 [ForkJoinPool.commonPool-worker-0] INFO  impl.StateMachineUpdater (StateMachineUpdater.java:stopAndJoin(149)) - 9d6916e6-e933-4839-a7aa-b025ed7fd068@group-CE8B11469DAA-StateMachineUpdater: set stopIndex = -1
2022-01-08 01:47:41,591 [9d6916e6-e933-4839-a7aa-b025ed7fd068@group-CE8B11469DAA-FollowerState] INFO  impl.FollowerState (FollowerState.java:run(143)) - 9d6916e6-e933-4839-a7aa-b025ed7fd068@group-CE8B11469DAA-FollowerState was interrupted: {}
java.lang.InterruptedException: sleep interrupted
	at java.lang.Thread.sleep(Native Method)
	at java.lang.Thread.sleep(Thread.java:340)
	at java.util.concurrent.TimeUnit.sleep(TimeUnit.java:386)
	at org.apache.ratis.util.TimeDuration.sleep(TimeDuration.java:324)
	at org.apache.ratis.util.TimeDuration.sleep(TimeDuration.java:309)
	at org.apache.ratis.server.impl.FollowerState.run(FollowerState.java:118)
2022-01-08 01:47:41,592 [ForkJoinPool.commonPool-worker-0] INFO  server.RaftServer$Division (ServerState.java:close(419)) - 9d6916e6-e933-4839-a7aa-b025ed7fd068@group-CE8B11469DAA: closes. applyIndex: -1
2022-01-08 01:47:41,598 [6477641b-710a-49ab-b56b-e0f600eb5c24@group-57B31BB58AB0-LeaderElection105] INFO  server.RaftServer$Division (ServerState.java:setRaftConf(387)) - 6477641b-710a-49ab-b56b-e0f600eb5c24@group-57B31BB58AB0: set configuration 0: [6477641b-710a-49ab-b56b-e0f600eb5c24|rpc:10.1.0.34:38417|dataStream:|priority:0, 9d6916e6-e933-4839-a7aa-b025ed7fd068|rpc:10.1.0.34:40543|dataStream:|priority:1, 44471f42-9a01-4764-8909-e7e02c044ebe|rpc:10.1.0.34:44109|dataStream:|priority:0], old=null
2022-01-08 01:47:41,598 [Listener at 127.0.0.1/40645] INFO  server.RaftServer$Division (RaftServerImpl.java:lambda$close$4(412)) - a6c260a2-0fcb-4cbe-bb3c-7bbe6bc0f1a0@group-4EC77F673555: shutdown
2022-01-08 01:47:41,599 [Listener at 127.0.0.1/40645] INFO  util.JmxRegister (JmxRegister.java:unregister(73)) - Successfully un-registered JMX Bean with object name Ratis:service=RaftServer,group=group-4EC77F673555,id=a6c260a2-0fcb-4cbe-bb3c-7bbe6bc0f1a0
2022-01-08 01:47:41,599 [Listener at 127.0.0.1/40645] INFO  impl.RoleInfo (RoleInfo.java:shutdownLeaderState(91)) - a6c260a2-0fcb-4cbe-bb3c-7bbe6bc0f1a0: shutdown a6c260a2-0fcb-4cbe-bb3c-7bbe6bc0f1a0@group-4EC77F673555-LeaderStateImpl
2022-01-08 01:47:41,599 [Listener at 127.0.0.1/40645] INFO  impl.PendingRequests (PendingRequests.java:sendNotLeaderResponses(282)) - a6c260a2-0fcb-4cbe-bb3c-7bbe6bc0f1a0@group-4EC77F673555-PendingRequests: sendNotLeaderResponses
2022-01-08 01:47:41,617 [9d6916e6-e933-4839-a7aa-b025ed7fd068@group-CE8B11469DAA-SegmentedRaftLogWorker] INFO  segmented.SegmentedRaftLogWorker (SegmentedRaftLogWorker.java:run(327)) - 9d6916e6-e933-4839-a7aa-b025ed7fd068@group-CE8B11469DAA-SegmentedRaftLogWorker was interrupted, exiting. There are 0 tasks remaining in the queue.
2022-01-08 01:47:41,618 [ForkJoinPool.commonPool-worker-0] INFO  segmented.SegmentedRaftLogWorker (SegmentedRaftLogWorker.java:close(237)) - 9d6916e6-e933-4839-a7aa-b025ed7fd068@group-CE8B11469DAA-SegmentedRaftLogWorker close()
2022-01-08 01:47:41,626 [grpc-default-executor-1] INFO  server.RaftServer$Division (ServerState.java:setRaftConf(387)) - 44471f42-9a01-4764-8909-e7e02c044ebe@group-57B31BB58AB0: set configuration 0: [6477641b-710a-49ab-b56b-e0f600eb5c24|rpc:10.1.0.34:38417|dataStream:|priority:0, 9d6916e6-e933-4839-a7aa-b025ed7fd068|rpc:10.1.0.34:40543|dataStream:|priority:1, 44471f42-9a01-4764-8909-e7e02c044ebe|rpc:10.1.0.34:44109|dataStream:|priority:0], old=null
2022-01-08 01:47:41,627 [grpc-default-executor-1] INFO  segmented.SegmentedRaftLogWorker (SegmentedRaftLogWorker.java:startLogSegment(394)) - 44471f42-9a01-4764-8909-e7e02c044ebe@group-57B31BB58AB0-SegmentedRaftLogWorker: Starting segment from index:0
2022-01-08 01:47:41,629 [44471f42-9a01-4764-8909-e7e02c044ebe@group-57B31BB58AB0-SegmentedRaftLogWorker] INFO  segmented.SegmentedRaftLogWorker (SegmentedRaftLogWorker.java:execute(601)) - 44471f42-9a01-4764-8909-e7e02c044ebe@group-57B31BB58AB0-SegmentedRaftLogWorker: created new log segment /home/runner/work/ozone/ozone/hadoop-ozone/integration-test/target/test-dir/MiniOzoneClusterImpl-6a132c25-3902-4d06-b1e4-79a7ed3e0f57/datanode-2/data/ratis/98d41487-13da-4396-8abb-57b31bb58ab0/current/log_inprogress_0
2022-01-08 01:47:41,643 [Listener at 127.0.0.1/40645] INFO  impl.StateMachineUpdater (StateMachineUpdater.java:stopAndJoin(149)) - a6c260a2-0fcb-4cbe-bb3c-7bbe6bc0f1a0@group-4EC77F673555-StateMachineUpdater: set stopIndex = 13
2022-01-08 01:47:41,644 [a6c260a2-0fcb-4cbe-bb3c-7bbe6bc0f1a0@group-4EC77F673555-StateMachineUpdater] INFO  ratis.ContainerStateMachine (ContainerStateMachine.java:takeSnapshot(299)) - group-4EC77F673555: Taking a snapshot at:(t:1, i:13) file /home/runner/work/ozone/ozone/hadoop-ozone/integration-test/target/test-dir/MiniOzoneClusterImpl-6a132c25-3902-4d06-b1e4-79a7ed3e0f57/datanode-4/data/ratis/3da49daf-5669-450e-8f63-4ec77f673555/sm/snapshot.1_13
2022-01-08 01:47:41,649 [ForkJoinPool.commonPool-worker-0] INFO  server.RaftServer$Division (RaftServerImpl.java:lambda$close$4(412)) - 9d6916e6-e933-4839-a7aa-b025ed7fd068@group-735AA5D0622B: shutdown
2022-01-08 01:47:41,649 [ForkJoinPool.commonPool-worker-0] INFO  util.JmxRegister (JmxRegister.java:unregister(73)) - Successfully un-registered JMX Bean with object name Ratis:service=RaftServer,group=group-735AA5D0622B,id=9d6916e6-e933-4839-a7aa-b025ed7fd068
2022-01-08 01:47:41,649 [ForkJoinPool.commonPool-worker-0] INFO  impl.RoleInfo (RoleInfo.java:shutdownLeaderState(91)) - 9d6916e6-e933-4839-a7aa-b025ed7fd068: shutdown 9d6916e6-e933-4839-a7aa-b025ed7fd068@group-735AA5D0622B-LeaderStateImpl
2022-01-08 01:47:41,649 [ForkJoinPool.commonPool-worker-0] INFO  impl.PendingRequests (PendingRequests.java:sendNotLeaderResponses(282)) - 9d6916e6-e933-4839-a7aa-b025ed7fd068@group-735AA5D0622B-PendingRequests: sendNotLeaderResponses
2022-01-08 01:47:41,650 [ForkJoinPool.commonPool-worker-0] INFO  impl.StateMachineUpdater (StateMachineUpdater.java:stopAndJoin(149)) - 9d6916e6-e933-4839-a7aa-b025ed7fd068@group-735AA5D0622B-StateMachineUpdater: set stopIndex = 0
2022-01-08 01:47:41,650 [9d6916e6-e933-4839-a7aa-b025ed7fd068@group-735AA5D0622B-StateMachineUpdater] INFO  ratis.ContainerStateMachine (ContainerStateMachine.java:takeSnapshot(299)) - group-735AA5D0622B: Taking a snapshot at:(t:1, i:0) file /home/runner/work/ozone/ozone/hadoop-ozone/integration-test/target/test-dir/MiniOzoneClusterImpl-6a132c25-3902-4d06-b1e4-79a7ed3e0f57/datanode-1/data/ratis/2d77fd3c-641f-4223-9abe-735aa5d0622b/sm/snapshot.1_0
2022-01-08 01:47:41,651 [9d6916e6-e933-4839-a7aa-b025ed7fd068@group-735AA5D0622B-StateMachineUpdater] INFO  ratis.ContainerStateMachine (ContainerStateMachine.java:takeSnapshot(310)) - group-735AA5D0622B: Finished taking a snapshot at:(t:1, i:0) file:/home/runner/work/ozone/ozone/hadoop-ozone/integration-test/target/test-dir/MiniOzoneClusterImpl-6a132c25-3902-4d06-b1e4-79a7ed3e0f57/datanode-1/data/ratis/2d77fd3c-641f-4223-9abe-735aa5d0622b/sm/snapshot.1_0 took: 0 ms
2022-01-08 01:47:41,651 [9d6916e6-e933-4839-a7aa-b025ed7fd068@group-735AA5D0622B-StateMachineUpdater] INFO  impl.StateMachineUpdater (StateMachineUpdater.java:takeSnapshot(281)) - 9d6916e6-e933-4839-a7aa-b025ed7fd068@group-735AA5D0622B-StateMachineUpdater: Took a snapshot at index 0
2022-01-08 01:47:41,651 [9d6916e6-e933-4839-a7aa-b025ed7fd068@group-735AA5D0622B-StateMachineUpdater] INFO  impl.StateMachineUpdater (StateMachineUpdater.java:lambda$new$0(89)) - 9d6916e6-e933-4839-a7aa-b025ed7fd068@group-735AA5D0622B-StateMachineUpdater: snapshotIndex: updateIncreasingly -1 -> 0
2022-01-08 01:47:41,651 [ForkJoinPool.commonPool-worker-0] INFO  server.RaftServer$Division (ServerState.java:close(419)) - 9d6916e6-e933-4839-a7aa-b025ed7fd068@group-735AA5D0622B: closes. applyIndex: 0
2022-01-08 01:47:41,653 [9d6916e6-e933-4839-a7aa-b025ed7fd068@group-735AA5D0622B-SegmentedRaftLogWorker] INFO  segmented.SegmentedRaftLogWorker (SegmentedRaftLogWorker.java:run(327)) - 9d6916e6-e933-4839-a7aa-b025ed7fd068@group-735AA5D0622B-SegmentedRaftLogWorker was interrupted, exiting. There are 0 tasks remaining in the queue.
2022-01-08 01:47:41,663 [ForkJoinPool.commonPool-worker-0] INFO  segmented.SegmentedRaftLogWorker (SegmentedRaftLogWorker.java:close(237)) - 9d6916e6-e933-4839-a7aa-b025ed7fd068@group-735AA5D0622B-SegmentedRaftLogWorker close()
2022-01-08 01:47:41,667 [ForkJoinPool.commonPool-worker-0] INFO  server.GrpcService (GrpcService.java:closeImpl(262)) - 9d6916e6-e933-4839-a7aa-b025ed7fd068: shutdown server with port 40543 now
2022-01-08 01:47:41,682 [a6c260a2-0fcb-4cbe-bb3c-7bbe6bc0f1a0@group-4EC77F673555-StateMachineUpdater] INFO  ratis.ContainerStateMachine (ContainerStateMachine.java:takeSnapshot(310)) - group-4EC77F673555: Finished taking a snapshot at:(t:1, i:13) file:/home/runner/work/ozone/ozone/hadoop-ozone/integration-test/target/test-dir/MiniOzoneClusterImpl-6a132c25-3902-4d06-b1e4-79a7ed3e0f57/datanode-4/data/ratis/3da49daf-5669-450e-8f63-4ec77f673555/sm/snapshot.1_13 took: 38 ms
2022-01-08 01:47:41,682 [a6c260a2-0fcb-4cbe-bb3c-7bbe6bc0f1a0@group-4EC77F673555-StateMachineUpdater] INFO  impl.StateMachineUpdater (StateMachineUpdater.java:takeSnapshot(281)) - a6c260a2-0fcb-4cbe-bb3c-7bbe6bc0f1a0@group-4EC77F673555-StateMachineUpdater: Took a snapshot at index 13
2022-01-08 01:47:41,682 [a6c260a2-0fcb-4cbe-bb3c-7bbe6bc0f1a0@group-4EC77F673555-StateMachineUpdater] INFO  impl.StateMachineUpdater (StateMachineUpdater.java:lambda$new$0(89)) - a6c260a2-0fcb-4cbe-bb3c-7bbe6bc0f1a0@group-4EC77F673555-StateMachineUpdater: snapshotIndex: updateIncreasingly -1 -> 13
2022-01-08 01:47:41,684 [Listener at 127.0.0.1/40645] INFO  server.RaftServer$Division (ServerState.java:close(419)) - a6c260a2-0fcb-4cbe-bb3c-7bbe6bc0f1a0@group-4EC77F673555: closes. applyIndex: 13
2022-01-08 01:47:41,684 [a6c260a2-0fcb-4cbe-bb3c-7bbe6bc0f1a0@group-4EC77F673555-SegmentedRaftLogWorker] INFO  segmented.SegmentedRaftLogWorker (SegmentedRaftLogWorker.java:run(327)) - a6c260a2-0fcb-4cbe-bb3c-7bbe6bc0f1a0@group-4EC77F673555-SegmentedRaftLogWorker was interrupted, exiting. There are 0 tasks remaining in the queue.
2022-01-08 01:47:41,684 [grpc-default-executor-2] WARN  server.GrpcServerProtocolService (LogUtils.java:warn(122)) - 9d6916e6-e933-4839-a7aa-b025ed7fd068: installSnapshot onError, lastRequest: 6477641b-710a-49ab-b56b-e0f600eb5c24->9d6916e6-e933-4839-a7aa-b025ed7fd068#1-t1,previous=(t:0, i:0),leaderCommit=-1,initializing? true,entries: size=1, first=(t:1, i:0), CONFIGURATIONENTRY: org.apache.ratis.thirdparty.io.grpc.StatusRuntimeException: CANCELLED: client cancelled
2022-01-08 01:47:41,684 [grpc-default-executor-0] WARN  server.GrpcLogAppender (LogUtils.java:warn(122)) - 6477641b-710a-49ab-b56b-e0f600eb5c24@group-57B31BB58AB0->9d6916e6-e933-4839-a7aa-b025ed7fd068-AppendLogResponseHandler: Failed appendEntries: org.apache.ratis.thirdparty.io.grpc.StatusRuntimeException: CANCELLED: HTTP/2 error code: CANCEL
Received Rst Stream
2022-01-08 01:47:41,684 [grpc-default-executor-0] WARN  server.GrpcLogAppender (GrpcLogAppender.java:resetClient(110)) - 6477641b-710a-49ab-b56b-e0f600eb5c24@group-57B31BB58AB0->9d6916e6-e933-4839-a7aa-b025ed7fd068-GrpcLogAppender: Leader has not got in touch with Follower 6477641b-710a-49ab-b56b-e0f600eb5c24@group-57B31BB58AB0->9d6916e6-e933-4839-a7aa-b025ed7fd068(c-1,m0,n1, attendVote=true, lastRpcSendTime=55, lastRpcResponseTime=5348) yet, just keep nextIndex unchanged and retry.
2022-01-08 01:47:41,689 [Listener at 127.0.0.1/40645] INFO  segmented.SegmentedRaftLogWorker (SegmentedRaftLogWorker.java:close(237)) - a6c260a2-0fcb-4cbe-bb3c-7bbe6bc0f1a0@group-4EC77F673555-SegmentedRaftLogWorker close()
2022-01-08 01:47:41,690 [Listener at 127.0.0.1/40645] INFO  server.RaftServer$Division (RaftServerImpl.java:lambda$close$4(412)) - a6c260a2-0fcb-4cbe-bb3c-7bbe6bc0f1a0@group-225DCE1D33EE: shutdown
2022-01-08 01:47:41,690 [Listener at 127.0.0.1/40645] INFO  util.JmxRegister (JmxRegister.java:unregister(73)) - Successfully un-registered JMX Bean with object name Ratis:service=RaftServer,group=group-225DCE1D33EE,id=a6c260a2-0fcb-4cbe-bb3c-7bbe6bc0f1a0
2022-01-08 01:47:41,690 [Listener at 127.0.0.1/40645] INFO  impl.RoleInfo (RoleInfo.java:shutdownFollowerState(108)) - a6c260a2-0fcb-4cbe-bb3c-7bbe6bc0f1a0: shutdown a6c260a2-0fcb-4cbe-bb3c-7bbe6bc0f1a0@group-225DCE1D33EE-FollowerState
2022-01-08 01:47:41,690 [Listener at 127.0.0.1/40645] INFO  impl.StateMachineUpdater (StateMachineUpdater.java:stopAndJoin(149)) - a6c260a2-0fcb-4cbe-bb3c-7bbe6bc0f1a0@group-225DCE1D33EE-StateMachineUpdater: set stopIndex = 0
2022-01-08 01:47:41,690 [a6c260a2-0fcb-4cbe-bb3c-7bbe6bc0f1a0@group-225DCE1D33EE-FollowerState] INFO  impl.FollowerState (FollowerState.java:run(143)) - a6c260a2-0fcb-4cbe-bb3c-7bbe6bc0f1a0@group-225DCE1D33EE-FollowerState was interrupted: {}
java.lang.InterruptedException: sleep interrupted
	at java.lang.Thread.sleep(Native Method)
	at java.lang.Thread.sleep(Thread.java:340)
	at java.util.concurrent.TimeUnit.sleep(TimeUnit.java:386)
	at org.apache.ratis.util.TimeDuration.sleep(TimeDuration.java:324)
	at org.apache.ratis.util.TimeDuration.sleep(TimeDuration.java:309)
	at org.apache.ratis.server.impl.FollowerState.run(FollowerState.java:118)
2022-01-08 01:47:41,691 [a6c260a2-0fcb-4cbe-bb3c-7bbe6bc0f1a0@group-225DCE1D33EE-StateMachineUpdater] INFO  ratis.ContainerStateMachine (ContainerStateMachine.java:takeSnapshot(299)) - group-225DCE1D33EE: Taking a snapshot at:(t:6, i:0) file /home/runner/work/ozone/ozone/hadoop-ozone/integration-test/target/test-dir/MiniOzoneClusterImpl-6a132c25-3902-4d06-b1e4-79a7ed3e0f57/datanode-4/data/ratis/f15b3aaa-cebb-4a2e-9180-225dce1d33ee/sm/snapshot.6_0
2022-01-08 01:47:41,694 [a6c260a2-0fcb-4cbe-bb3c-7bbe6bc0f1a0@group-225DCE1D33EE-StateMachineUpdater] INFO  ratis.ContainerStateMachine (ContainerStateMachine.java:takeSnapshot(310)) - group-225DCE1D33EE: Finished taking a snapshot at:(t:6, i:0) file:/home/runner/work/ozone/ozone/hadoop-ozone/integration-test/target/test-dir/MiniOzoneClusterImpl-6a132c25-3902-4d06-b1e4-79a7ed3e0f57/datanode-4/data/ratis/f15b3aaa-cebb-4a2e-9180-225dce1d33ee/sm/snapshot.6_0 took: 3 ms
2022-01-08 01:47:41,695 [a6c260a2-0fcb-4cbe-bb3c-7bbe6bc0f1a0@group-225DCE1D33EE-StateMachineUpdater] INFO  impl.StateMachineUpdater (StateMachineUpdater.java:takeSnapshot(281)) - a6c260a2-0fcb-4cbe-bb3c-7bbe6bc0f1a0@group-225DCE1D33EE-StateMachineUpdater: Took a snapshot at index 0
2022-01-08 01:47:41,695 [a6c260a2-0fcb-4cbe-bb3c-7bbe6bc0f1a0@group-225DCE1D33EE-StateMachineUpdater] INFO  impl.StateMachineUpdater (StateMachineUpdater.java:lambda$new$0(89)) - a6c260a2-0fcb-4cbe-bb3c-7bbe6bc0f1a0@group-225DCE1D33EE-StateMachineUpdater: snapshotIndex: updateIncreasingly -1 -> 0
2022-01-08 01:47:41,695 [Listener at 127.0.0.1/40645] INFO  server.RaftServer$Division (ServerState.java:close(419)) - a6c260a2-0fcb-4cbe-bb3c-7bbe6bc0f1a0@group-225DCE1D33EE: closes. applyIndex: 0
2022-01-08 01:47:41,695 [a6c260a2-0fcb-4cbe-bb3c-7bbe6bc0f1a0@group-225DCE1D33EE-SegmentedRaftLogWorker] INFO  segmented.SegmentedRaftLogWorker (SegmentedRaftLogWorker.java:run(327)) - a6c260a2-0fcb-4cbe-bb3c-7bbe6bc0f1a0@group-225DCE1D33EE-SegmentedRaftLogWorker was interrupted, exiting. There are 0 tasks remaining in the queue.
2022-01-08 01:47:41,699 [Listener at 127.0.0.1/40645] INFO  segmented.SegmentedRaftLogWorker (SegmentedRaftLogWorker.java:close(237)) - a6c260a2-0fcb-4cbe-bb3c-7bbe6bc0f1a0@group-225DCE1D33EE-SegmentedRaftLogWorker close()
2022-01-08 01:47:41,699 [Listener at 127.0.0.1/40645] INFO  server.GrpcService (GrpcService.java:closeImpl(262)) - a6c260a2-0fcb-4cbe-bb3c-7bbe6bc0f1a0: shutdown server with port 44223 now
2022-01-08 01:47:41,700 [ForkJoinPool.commonPool-worker-0] INFO  server.GrpcService (GrpcService.java:closeImpl(271)) - 9d6916e6-e933-4839-a7aa-b025ed7fd068: shutdown server with port 40543 successfully
2022-01-08 01:47:41,700 [org.apache.ratis.util.JvmPauseMonitor$$Lambda$539/2045747304@218a3cf8] INFO  util.JvmPauseMonitor (JvmPauseMonitor.java:run(109)) - JvmPauseMonitor-9d6916e6-e933-4839-a7aa-b025ed7fd068: Stopped
2022-01-08 01:47:41,715 [grpc-default-executor-2] WARN  server.GrpcServerProtocolService (LogUtils.java:warn(122)) - a6c260a2-0fcb-4cbe-bb3c-7bbe6bc0f1a0: installSnapshot onError, lastRequest: 46dea062-dbed-4f29-9927-38d96de780a1->a6c260a2-0fcb-4cbe-bb3c-7bbe6bc0f1a0#1-t1,previous=(t:0, i:0),leaderCommit=0,initializing? true,entries: size=1, first=(t:1, i:0), CONFIGURATIONENTRY: org.apache.ratis.thirdparty.io.grpc.StatusRuntimeException: CANCELLED: client cancelled
2022-01-08 01:47:41,717 [grpc-default-executor-0] WARN  server.GrpcServerProtocolService (LogUtils.java:warn(122)) - a6c260a2-0fcb-4cbe-bb3c-7bbe6bc0f1a0: installSnapshot onError, lastRequest: 81a3d3bc-df93-482d-841e-57d386bb5ebf->a6c260a2-0fcb-4cbe-bb3c-7bbe6bc0f1a0#1-t6,previous=(t:0, i:0),leaderCommit=0,initializing? true,entries: size=1, first=(t:6, i:0), CONFIGURATIONENTRY: org.apache.ratis.thirdparty.io.grpc.StatusRuntimeException: CANCELLED: client cancelled
2022-01-08 01:47:41,742 [grpc-default-executor-0] WARN  server.GrpcLogAppender (LogUtils.java:warn(122)) - 46dea062-dbed-4f29-9927-38d96de780a1@group-E4867FAC98DD->a6c260a2-0fcb-4cbe-bb3c-7bbe6bc0f1a0-AppendLogResponseHandler: Failed appendEntries: org.apache.ratis.thirdparty.io.grpc.StatusRuntimeException: CANCELLED: HTTP/2 error code: CANCEL
Received Rst Stream
2022-01-08 01:47:41,743 [grpc-default-executor-0] WARN  server.GrpcLogAppender (GrpcLogAppender.java:resetClient(110)) - 46dea062-dbed-4f29-9927-38d96de780a1@group-E4867FAC98DD->a6c260a2-0fcb-4cbe-bb3c-7bbe6bc0f1a0-GrpcLogAppender: Leader has not got in touch with Follower 46dea062-dbed-4f29-9927-38d96de780a1@group-E4867FAC98DD->a6c260a2-0fcb-4cbe-bb3c-7bbe6bc0f1a0(c0,m0,n1, attendVote=true, lastRpcSendTime=502, lastRpcResponseTime=500) yet, just keep nextIndex unchanged and retry.
2022-01-08 01:47:41,752 [grpc-default-executor-2] WARN  server.GrpcLogAppender (LogUtils.java:warn(122)) - 81a3d3bc-df93-482d-841e-57d386bb5ebf@group-225DCE1D33EE->a6c260a2-0fcb-4cbe-bb3c-7bbe6bc0f1a0-AppendLogResponseHandler: Failed appendEntries: org.apache.ratis.thirdparty.io.grpc.StatusRuntimeException: CANCELLED: HTTP/2 error code: CANCEL
Received Rst Stream
2022-01-08 01:47:41,752 [grpc-default-executor-2] WARN  server.GrpcLogAppender (GrpcLogAppender.java:resetClient(110)) - 81a3d3bc-df93-482d-841e-57d386bb5ebf@group-225DCE1D33EE->a6c260a2-0fcb-4cbe-bb3c-7bbe6bc0f1a0-GrpcLogAppender: Leader has not got in touch with Follower 81a3d3bc-df93-482d-841e-57d386bb5ebf@group-225DCE1D33EE->a6c260a2-0fcb-4cbe-bb3c-7bbe6bc0f1a0(c0,m0,n1, attendVote=true, lastRpcSendTime=1901, lastRpcResponseTime=1899) yet, just keep nextIndex unchanged and retry.
2022-01-08 01:47:41,816 [Listener at 127.0.0.1/40645] INFO  server.GrpcService (GrpcService.java:closeImpl(271)) - a6c260a2-0fcb-4cbe-bb3c-7bbe6bc0f1a0: shutdown server with port 44223 successfully
2022-01-08 01:47:41,819 [org.apache.ratis.util.JvmPauseMonitor$$Lambda$539/2045747304@6ea00fbf] INFO  util.JvmPauseMonitor (JvmPauseMonitor.java:run(109)) - JvmPauseMonitor-a6c260a2-0fcb-4cbe-bb3c-7bbe6bc0f1a0: Stopped
2022-01-08 01:47:42,360 [grpc-default-executor-1] WARN  server.GrpcLogAppender (LogUtils.java:warn(122)) - 81a3d3bc-df93-482d-841e-57d386bb5ebf@group-225DCE1D33EE->a6c260a2-0fcb-4cbe-bb3c-7bbe6bc0f1a0-AppendLogResponseHandler: Failed appendEntries: org.apache.ratis.thirdparty.io.grpc.StatusRuntimeException: UNAVAILABLE: io exception
2022-01-08 01:47:42,360 [grpc-default-executor-1] WARN  server.GrpcLogAppender (GrpcLogAppender.java:resetClient(110)) - 81a3d3bc-df93-482d-841e-57d386bb5ebf@group-225DCE1D33EE->a6c260a2-0fcb-4cbe-bb3c-7bbe6bc0f1a0-GrpcLogAppender: Leader has not got in touch with Follower 81a3d3bc-df93-482d-841e-57d386bb5ebf@group-225DCE1D33EE->a6c260a2-0fcb-4cbe-bb3c-7bbe6bc0f1a0(c0,m0,n1, attendVote=true, lastRpcSendTime=0, lastRpcResponseTime=2507) yet, just keep nextIndex unchanged and retry.
2022-01-08 01:47:43,749 [grpc-default-executor-2] WARN  server.GrpcLogAppender (LogUtils.java:warn(122)) - 46dea062-dbed-4f29-9927-38d96de780a1@group-E4867FAC98DD->a6c260a2-0fcb-4cbe-bb3c-7bbe6bc0f1a0-AppendLogResponseHandler: Failed appendEntries: org.apache.ratis.thirdparty.io.grpc.StatusRuntimeException: UNAVAILABLE: io exception
2022-01-08 01:47:43,749 [grpc-default-executor-2] WARN  server.GrpcLogAppender (GrpcLogAppender.java:resetClient(110)) - 46dea062-dbed-4f29-9927-38d96de780a1@group-E4867FAC98DD->a6c260a2-0fcb-4cbe-bb3c-7bbe6bc0f1a0-GrpcLogAppender: Leader has not got in touch with Follower 46dea062-dbed-4f29-9927-38d96de780a1@group-E4867FAC98DD->a6c260a2-0fcb-4cbe-bb3c-7bbe6bc0f1a0(c0,m0,n1, attendVote=true, lastRpcSendTime=2, lastRpcResponseTime=2507) yet, just keep nextIndex unchanged and retry.
2022-01-08 01:47:43,780 [ForkJoinPool.commonPool-worker-0] INFO  utils.BackgroundService (BackgroundService.java:shutdown(132)) - Shutting down service BlockDeletingService
2022-01-08 01:47:43,881 [Listener at 127.0.0.1/40645] INFO  utils.BackgroundService (BackgroundService.java:shutdown(132)) - Shutting down service BlockDeletingService
2022-01-08 01:47:44,140 [grpc-default-executor-1] WARN  server.GrpcLogAppender (LogUtils.java:warn(122)) - 6477641b-710a-49ab-b56b-e0f600eb5c24@group-57B31BB58AB0->9d6916e6-e933-4839-a7aa-b025ed7fd068-AppendLogResponseHandler: Failed appendEntries: org.apache.ratis.thirdparty.io.grpc.StatusRuntimeException: UNAVAILABLE: io exception
2022-01-08 01:47:44,140 [grpc-default-executor-1] WARN  server.GrpcLogAppender (GrpcLogAppender.java:resetClient(110)) - 6477641b-710a-49ab-b56b-e0f600eb5c24@group-57B31BB58AB0->9d6916e6-e933-4839-a7aa-b025ed7fd068-GrpcLogAppender: Leader has not got in touch with Follower 6477641b-710a-49ab-b56b-e0f600eb5c24@group-57B31BB58AB0->9d6916e6-e933-4839-a7aa-b025ed7fd068(c-1,m0,n1, attendVote=true, lastRpcSendTime=4, lastRpcResponseTime=7803) yet, just keep nextIndex unchanged and retry.
2022-01-08 01:47:44,863 [grpc-default-executor-1] WARN  server.GrpcLogAppender (LogUtils.java:warn(122)) - 81a3d3bc-df93-482d-841e-57d386bb5ebf@group-225DCE1D33EE->a6c260a2-0fcb-4cbe-bb3c-7bbe6bc0f1a0-AppendLogResponseHandler: Failed appendEntries: org.apache.ratis.thirdparty.io.grpc.StatusRuntimeException: UNAVAILABLE: io exception
2022-01-08 01:47:44,863 [grpc-default-executor-1] WARN  server.GrpcLogAppender (GrpcLogAppender.java:resetClient(110)) - 81a3d3bc-df93-482d-841e-57d386bb5ebf@group-225DCE1D33EE->a6c260a2-0fcb-4cbe-bb3c-7bbe6bc0f1a0-GrpcLogAppender: Leader has not got in touch with Follower 81a3d3bc-df93-482d-841e-57d386bb5ebf@group-225DCE1D33EE->a6c260a2-0fcb-4cbe-bb3c-7bbe6bc0f1a0(c0,m0,n1, attendVote=true, lastRpcSendTime=2503, lastRpcResponseTime=5011) yet, just keep nextIndex unchanged and retry.
2022-01-08 01:47:46,239 [EventQueue-StaleNodeForStaleNodeHandler] INFO  node.StaleNodeHandler (StaleNodeHandler.java:onMessage(58)) - Datanode a6c260a2-0fcb-4cbe-bb3c-7bbe6bc0f1a0{ip: 10.1.0.34, host: fv-az116-279.vzw04321ajxubdbcnpick5nqva.xx.internal.cloudapp.net, ports: [REPLICATION=46817, RATIS=44223, RATIS_ADMIN=44223, RATIS_SERVER=44223, STANDALONE=36635], networkLocation: /default-rack, certSerialId: null, persistedOpState: IN_SERVICE, persistedOpStateExpiryEpochSec: 0} moved to stale state. Finalizing its pipelines [PipelineID=11e6a4f4-e93b-49ef-a845-e4867fac98dd, PipelineID=ed7d7f98-d33b-43a4-b8f6-53a1d7cf6d66, PipelineID=3da49daf-5669-450e-8f63-4ec77f673555, PipelineID=f15b3aaa-cebb-4a2e-9180-225dce1d33ee]
2022-01-08 01:47:46,240 [EventQueue-StaleNodeForStaleNodeHandler] INFO  pipeline.PipelineManagerImpl (PipelineManagerImpl.java:closePipeline(365)) - Pipeline Pipeline[ Id: 11e6a4f4-e93b-49ef-a845-e4867fac98dd, Nodes: 46dea062-dbed-4f29-9927-38d96de780a1{ip: 10.1.0.34, host: fv-az116-279.vzw04321ajxubdbcnpick5nqva.xx.internal.cloudapp.net, ports: [REPLICATION=42195, RATIS=40963, RATIS_ADMIN=40963, RATIS_SERVER=40963, STANDALONE=39759], networkLocation: /default-rack, certSerialId: null, persistedOpState: IN_SERVICE, persistedOpStateExpiryEpochSec: 0}a6c260a2-0fcb-4cbe-bb3c-7bbe6bc0f1a0{ip: 10.1.0.34, host: fv-az116-279.vzw04321ajxubdbcnpick5nqva.xx.internal.cloudapp.net, ports: [REPLICATION=46817, RATIS=44223, RATIS_ADMIN=44223, RATIS_SERVER=44223, STANDALONE=36635], networkLocation: /default-rack, certSerialId: null, persistedOpState: IN_SERVICE, persistedOpStateExpiryEpochSec: 0}81a3d3bc-df93-482d-841e-57d386bb5ebf{ip: 10.1.0.34, host: fv-az116-279.vzw04321ajxubdbcnpick5nqva.xx.internal.cloudapp.net, ports: [REPLICATION=40371, RATIS=40489, RATIS_ADMIN=40489, RATIS_SERVER=40489, STANDALONE=35775], networkLocation: /default-rack, certSerialId: null, persistedOpState: IN_SERVICE, persistedOpStateExpiryEpochSec: 0}, ReplicationConfig: RATIS/THREE, State:OPEN, leaderId:46dea062-dbed-4f29-9927-38d96de780a1, CreationTimestamp2022-01-08T01:46:37.653Z[Etc/UTC]] moved to CLOSED state
2022-01-08 01:47:46,240 [EventQueue-StaleNodeForStaleNodeHandler] INFO  pipeline.PipelineManagerImpl (PipelineManagerImpl.java:closePipeline(365)) - Pipeline Pipeline[ Id: ed7d7f98-d33b-43a4-b8f6-53a1d7cf6d66, Nodes: 46dea062-dbed-4f29-9927-38d96de780a1{ip: 10.1.0.34, host: fv-az116-279.vzw04321ajxubdbcnpick5nqva.xx.internal.cloudapp.net, ports: [REPLICATION=42195, RATIS=40963, RATIS_ADMIN=40963, RATIS_SERVER=40963, STANDALONE=39759], networkLocation: /default-rack, certSerialId: null, persistedOpState: IN_SERVICE, persistedOpStateExpiryEpochSec: 0}a6c260a2-0fcb-4cbe-bb3c-7bbe6bc0f1a0{ip: 10.1.0.34, host: fv-az116-279.vzw04321ajxubdbcnpick5nqva.xx.internal.cloudapp.net, ports: [REPLICATION=46817, RATIS=44223, RATIS_ADMIN=44223, RATIS_SERVER=44223, STANDALONE=36635], networkLocation: /default-rack, certSerialId: null, persistedOpState: IN_SERVICE, persistedOpStateExpiryEpochSec: 0}81a3d3bc-df93-482d-841e-57d386bb5ebf{ip: 10.1.0.34, host: fv-az116-279.vzw04321ajxubdbcnpick5nqva.xx.internal.cloudapp.net, ports: [REPLICATION=40371, RATIS=40489, RATIS_ADMIN=40489, RATIS_SERVER=40489, STANDALONE=35775], networkLocation: /default-rack, certSerialId: null, persistedOpState: IN_SERVICE, persistedOpStateExpiryEpochSec: 0}, ReplicationConfig: RATIS/THREE, State:OPEN, leaderId:a6c260a2-0fcb-4cbe-bb3c-7bbe6bc0f1a0, CreationTimestamp2022-01-08T01:46:37.654Z[Etc/UTC]] moved to CLOSED state
2022-01-08 01:47:46,240 [EventQueue-StaleNodeForStaleNodeHandler] INFO  pipeline.PipelineManagerImpl (PipelineManagerImpl.java:closeContainersForPipeline(344)) - Container #2 closed for pipeline=PipelineID=3da49daf-5669-450e-8f63-4ec77f673555
2022-01-08 01:47:46,240 [EventQueue-StaleNodeForStaleNodeHandler] INFO  pipeline.PipelineManagerImpl (PipelineManagerImpl.java:closePipeline(365)) - Pipeline Pipeline[ Id: 3da49daf-5669-450e-8f63-4ec77f673555, Nodes: a6c260a2-0fcb-4cbe-bb3c-7bbe6bc0f1a0{ip: 10.1.0.34, host: fv-az116-279.vzw04321ajxubdbcnpick5nqva.xx.internal.cloudapp.net, ports: [REPLICATION=46817, RATIS=44223, RATIS_ADMIN=44223, RATIS_SERVER=44223, STANDALONE=36635], networkLocation: /default-rack, certSerialId: null, persistedOpState: IN_SERVICE, persistedOpStateExpiryEpochSec: 0}, ReplicationConfig: RATIS/ONE, State:OPEN, leaderId:a6c260a2-0fcb-4cbe-bb3c-7bbe6bc0f1a0, CreationTimestamp2022-01-08T01:46:37.370Z[Etc/UTC]] moved to CLOSED state
2022-01-08 01:47:46,241 [EventQueue-StaleNodeForStaleNodeHandler] INFO  pipeline.PipelineManagerImpl (PipelineManagerImpl.java:closePipeline(365)) - Pipeline Pipeline[ Id: f15b3aaa-cebb-4a2e-9180-225dce1d33ee, Nodes: 81a3d3bc-df93-482d-841e-57d386bb5ebf{ip: 10.1.0.34, host: fv-az116-279.vzw04321ajxubdbcnpick5nqva.xx.internal.cloudapp.net, ports: [REPLICATION=40371, RATIS=40489, RATIS_ADMIN=40489, RATIS_SERVER=40489, STANDALONE=35775], networkLocation: /default-rack, certSerialId: null, persistedOpState: IN_SERVICE, persistedOpStateExpiryEpochSec: 0}46dea062-dbed-4f29-9927-38d96de780a1{ip: 10.1.0.34, host: fv-az116-279.vzw04321ajxubdbcnpick5nqva.xx.internal.cloudapp.net, ports: [REPLICATION=42195, RATIS=40963, RATIS_ADMIN=40963, RATIS_SERVER=40963, STANDALONE=39759], networkLocation: /default-rack, certSerialId: null, persistedOpState: IN_SERVICE, persistedOpStateExpiryEpochSec: 0}a6c260a2-0fcb-4cbe-bb3c-7bbe6bc0f1a0{ip: 10.1.0.34, host: fv-az116-279.vzw04321ajxubdbcnpick5nqva.xx.internal.cloudapp.net, ports: [REPLICATION=46817, RATIS=44223, RATIS_ADMIN=44223, RATIS_SERVER=44223, STANDALONE=36635], networkLocation: /default-rack, certSerialId: null, persistedOpState: IN_SERVICE, persistedOpStateExpiryEpochSec: 0}, ReplicationConfig: RATIS/THREE, State:OPEN, leaderId:81a3d3bc-df93-482d-841e-57d386bb5ebf, CreationTimestamp2022-01-08T01:46:37.657Z[Etc/UTC]] moved to CLOSED state
2022-01-08 01:47:46,241 [EventQueue-StaleNodeForStaleNodeHandler] INFO  node.StaleNodeHandler (StaleNodeHandler.java:onMessage(58)) - Datanode 9d6916e6-e933-4839-a7aa-b025ed7fd068{ip: 10.1.0.34, host: fv-az116-279.vzw04321ajxubdbcnpick5nqva.xx.internal.cloudapp.net, ports: [REPLICATION=45495, RATIS=40543, RATIS_ADMIN=40543, RATIS_SERVER=40543, STANDALONE=40997], networkLocation: /default-rack, certSerialId: null, persistedOpState: IN_SERVICE, persistedOpStateExpiryEpochSec: 0} moved to stale state. Finalizing its pipelines [PipelineID=98d41487-13da-4396-8abb-57b31bb58ab0, PipelineID=0026e3cf-d5f4-426a-a575-ce8b11469daa, PipelineID=2d77fd3c-641f-4223-9abe-735aa5d0622b]
2022-01-08 01:47:46,241 [EventQueue-StaleNodeForStaleNodeHandler] INFO  pipeline.PipelineManagerImpl (PipelineManagerImpl.java:closePipeline(365)) - Pipeline Pipeline[ Id: 98d41487-13da-4396-8abb-57b31bb58ab0, Nodes: 6477641b-710a-49ab-b56b-e0f600eb5c24{ip: 10.1.0.34, host: fv-az116-279.vzw04321ajxubdbcnpick5nqva.xx.internal.cloudapp.net, ports: [REPLICATION=32997, RATIS=38417, RATIS_ADMIN=38417, RATIS_SERVER=38417, STANDALONE=42453], networkLocation: /default-rack, certSerialId: null, persistedOpState: IN_SERVICE, persistedOpStateExpiryEpochSec: 0}9d6916e6-e933-4839-a7aa-b025ed7fd068{ip: 10.1.0.34, host: fv-az116-279.vzw04321ajxubdbcnpick5nqva.xx.internal.cloudapp.net, ports: [REPLICATION=45495, RATIS=40543, RATIS_ADMIN=40543, RATIS_SERVER=40543, STANDALONE=40997], networkLocation: /default-rack, certSerialId: null, persistedOpState: IN_SERVICE, persistedOpStateExpiryEpochSec: 0}44471f42-9a01-4764-8909-e7e02c044ebe{ip: 10.1.0.34, host: fv-az116-279.vzw04321ajxubdbcnpick5nqva.xx.internal.cloudapp.net, ports: [REPLICATION=36939, RATIS=44109, RATIS_ADMIN=44109, RATIS_SERVER=44109, STANDALONE=34571], networkLocation: /default-rack, certSerialId: null, persistedOpState: IN_SERVICE, persistedOpStateExpiryEpochSec: 0}, ReplicationConfig: RATIS/THREE, State:OPEN, leaderId:6477641b-710a-49ab-b56b-e0f600eb5c24, CreationTimestamp2022-01-08T01:47:34.920Z[Etc/UTC]] moved to CLOSED state
2022-01-08 01:47:46,241 [EventQueue-StaleNodeForStaleNodeHandler] INFO  pipeline.PipelineManagerImpl (PipelineManagerImpl.java:closePipeline(365)) - Pipeline Pipeline[ Id: 0026e3cf-d5f4-426a-a575-ce8b11469daa, Nodes: 9d6916e6-e933-4839-a7aa-b025ed7fd068{ip: 10.1.0.34, host: fv-az116-279.vzw04321ajxubdbcnpick5nqva.xx.internal.cloudapp.net, ports: [REPLICATION=45495, RATIS=40543, RATIS_ADMIN=40543, RATIS_SERVER=40543, STANDALONE=40997], networkLocation: /default-rack, certSerialId: null, persistedOpState: IN_SERVICE, persistedOpStateExpiryEpochSec: 0}6477641b-710a-49ab-b56b-e0f600eb5c24{ip: 10.1.0.34, host: fv-az116-279.vzw04321ajxubdbcnpick5nqva.xx.internal.cloudapp.net, ports: [REPLICATION=32997, RATIS=38417, RATIS_ADMIN=38417, RATIS_SERVER=38417, STANDALONE=42453], networkLocation: /default-rack, certSerialId: null, persistedOpState: IN_SERVICE, persistedOpStateExpiryEpochSec: 0}44471f42-9a01-4764-8909-e7e02c044ebe{ip: 10.1.0.34, host: fv-az116-279.vzw04321ajxubdbcnpick5nqva.xx.internal.cloudapp.net, ports: [REPLICATION=36939, RATIS=44109, RATIS_ADMIN=44109, RATIS_SERVER=44109, STANDALONE=34571], networkLocation: /default-rack, certSerialId: null, persistedOpState: IN_SERVICE, persistedOpStateExpiryEpochSec: 0}, ReplicationConfig: RATIS/THREE, State:ALLOCATED, leaderId:, CreationTimestamp2022-01-08T01:47:34.919Z[Etc/UTC]] moved to CLOSED state
2022-01-08 01:47:46,242 [EventQueue-StaleNodeForStaleNodeHandler] INFO  pipeline.PipelineManagerImpl (PipelineManagerImpl.java:closePipeline(365)) - Pipeline Pipeline[ Id: 2d77fd3c-641f-4223-9abe-735aa5d0622b, Nodes: 9d6916e6-e933-4839-a7aa-b025ed7fd068{ip: 10.1.0.34, host: fv-az116-279.vzw04321ajxubdbcnpick5nqva.xx.internal.cloudapp.net, ports: [REPLICATION=45495, RATIS=40543, RATIS_ADMIN=40543, RATIS_SERVER=40543, STANDALONE=40997], networkLocation: /default-rack, certSerialId: null, persistedOpState: IN_SERVICE, persistedOpStateExpiryEpochSec: 0}, ReplicationConfig: RATIS/ONE, State:OPEN, leaderId:9d6916e6-e933-4839-a7aa-b025ed7fd068, CreationTimestamp2022-01-08T01:47:34.918Z[Etc/UTC]] moved to CLOSED state
2022-01-08 01:47:46,242 [6477641b-710a-49ab-b56b-e0f600eb5c24@group-CE8B11469DAA-FollowerState] INFO  impl.FollowerState (FollowerState.java:run(134)) - 6477641b-710a-49ab-b56b-e0f600eb5c24@group-CE8B11469DAA-FollowerState: change to CANDIDATE, lastRpcElapsedTime:5045546027ns, electionTimeout:5005ms
2022-01-08 01:47:46,242 [6477641b-710a-49ab-b56b-e0f600eb5c24@group-CE8B11469DAA-FollowerState] INFO  impl.RoleInfo (RoleInfo.java:shutdownFollowerState(108)) - 6477641b-710a-49ab-b56b-e0f600eb5c24: shutdown 6477641b-710a-49ab-b56b-e0f600eb5c24@group-CE8B11469DAA-FollowerState
2022-01-08 01:47:46,242 [6477641b-710a-49ab-b56b-e0f600eb5c24@group-CE8B11469DAA-FollowerState] INFO  server.RaftServer$Division (RaftServerImpl.java:setRole(290)) - 6477641b-710a-49ab-b56b-e0f600eb5c24@group-CE8B11469DAA: changes role from  FOLLOWER to CANDIDATE at term 1 for changeToCandidate
2022-01-08 01:47:46,242 [6477641b-710a-49ab-b56b-e0f600eb5c24@group-CE8B11469DAA-FollowerState] INFO  server.RaftServerConfigKeys (ConfUtils.java:logGet(44)) - raft.server.leaderelection.pre-vote = false (custom)
2022-01-08 01:47:46,242 [6477641b-710a-49ab-b56b-e0f600eb5c24@group-CE8B11469DAA-FollowerState] INFO  impl.RoleInfo (RoleInfo.java:updateAndGet(130)) - 6477641b-710a-49ab-b56b-e0f600eb5c24: start 6477641b-710a-49ab-b56b-e0f600eb5c24@group-CE8B11469DAA-LeaderElection106
2022-01-08 01:47:46,242 [EventQueue-CloseContainerForCloseContainerEventHandler] INFO  container.CloseContainerEventHandler (CloseContainerEventHandler.java:onMessage(69)) - Close container Event triggered for container : #2
2022-01-08 01:47:46,251 [grpc-default-executor-1] WARN  server.GrpcLogAppender (LogUtils.java:warn(122)) - 46dea062-dbed-4f29-9927-38d96de780a1@group-E4867FAC98DD->a6c260a2-0fcb-4cbe-bb3c-7bbe6bc0f1a0-AppendLogResponseHandler: Failed appendEntries: org.apache.ratis.thirdparty.io.grpc.StatusRuntimeException: UNAVAILABLE: io exception
2022-01-08 01:47:46,252 [grpc-default-executor-1] WARN  server.GrpcLogAppender (GrpcLogAppender.java:resetClient(110)) - 46dea062-dbed-4f29-9927-38d96de780a1@group-E4867FAC98DD->a6c260a2-0fcb-4cbe-bb3c-7bbe6bc0f1a0-GrpcLogAppender: Leader has not got in touch with Follower 46dea062-dbed-4f29-9927-38d96de780a1@group-E4867FAC98DD->a6c260a2-0fcb-4cbe-bb3c-7bbe6bc0f1a0(c0,m0,n1, attendVote=true, lastRpcSendTime=0, lastRpcResponseTime=5009) yet, just keep nextIndex unchanged and retry.
2022-01-08 01:47:46,272 [6477641b-710a-49ab-b56b-e0f600eb5c24@group-CE8B11469DAA-LeaderElection106] INFO  impl.LeaderElection (LeaderElection.java:askForVotes(306)) - 6477641b-710a-49ab-b56b-e0f600eb5c24@group-CE8B11469DAA-LeaderElection106 ELECTION round 0: submit vote requests at term 2 for -1: [6477641b-710a-49ab-b56b-e0f600eb5c24|rpc:10.1.0.34:38417|dataStream:|priority:0, 9d6916e6-e933-4839-a7aa-b025ed7fd068|rpc:10.1.0.34:40543|dataStream:|priority:0, 44471f42-9a01-4764-8909-e7e02c044ebe|rpc:10.1.0.34:44109|dataStream:|priority:1], old=null
2022-01-08 01:47:46,281 [6477641b-710a-49ab-b56b-e0f600eb5c24@group-CE8B11469DAA-LeaderElection106] INFO  impl.LeaderElection (LogUtils.java:infoOrTrace(137)) - 6477641b-710a-49ab-b56b-e0f600eb5c24@group-CE8B11469DAA-LeaderElection106 got exception when requesting votes: java.util.concurrent.ExecutionException: org.apache.ratis.thirdparty.io.grpc.StatusRuntimeException: UNAVAILABLE: io exception
2022-01-08 01:47:46,300 [44471f42-9a01-4764-8909-e7e02c044ebe@group-CE8B11469DAA-FollowerState] INFO  impl.FollowerState (FollowerState.java:run(134)) - 44471f42-9a01-4764-8909-e7e02c044ebe@group-CE8B11469DAA-FollowerState: change to CANDIDATE, lastRpcElapsedTime:5104165811ns, electionTimeout:5103ms
2022-01-08 01:47:46,300 [44471f42-9a01-4764-8909-e7e02c044ebe@group-CE8B11469DAA-FollowerState] INFO  impl.RoleInfo (RoleInfo.java:shutdownFollowerState(108)) - 44471f42-9a01-4764-8909-e7e02c044ebe: shutdown 44471f42-9a01-4764-8909-e7e02c044ebe@group-CE8B11469DAA-FollowerState
2022-01-08 01:47:46,300 [44471f42-9a01-4764-8909-e7e02c044ebe@group-CE8B11469DAA-FollowerState] INFO  server.RaftServer$Division (RaftServerImpl.java:setRole(290)) - 44471f42-9a01-4764-8909-e7e02c044ebe@group-CE8B11469DAA: changes role from  FOLLOWER to CANDIDATE at term 1 for changeToCandidate
2022-01-08 01:47:46,300 [44471f42-9a01-4764-8909-e7e02c044ebe@group-CE8B11469DAA-FollowerState] INFO  server.RaftServerConfigKeys (ConfUtils.java:logGet(44)) - raft.server.leaderelection.pre-vote = false (custom)
2022-01-08 01:47:46,301 [44471f42-9a01-4764-8909-e7e02c044ebe@group-CE8B11469DAA-FollowerState] INFO  impl.RoleInfo (RoleInfo.java:updateAndGet(130)) - 44471f42-9a01-4764-8909-e7e02c044ebe: start 44471f42-9a01-4764-8909-e7e02c044ebe@group-CE8B11469DAA-LeaderElection107
2022-01-08 01:47:46,302 [grpc-default-executor-1] INFO  server.RaftServer$Division (RaftServerImpl.java:requestVote(1046)) - 44471f42-9a01-4764-8909-e7e02c044ebe@group-CE8B11469DAA: receive requestVote(ELECTION, 6477641b-710a-49ab-b56b-e0f600eb5c24, group-CE8B11469DAA, 2, (t:0, i:0))
2022-01-08 01:47:46,304 [grpc-default-executor-1] INFO  impl.VoteContext (VoteContext.java:log(48)) - 44471f42-9a01-4764-8909-e7e02c044ebe@group-CE8B11469DAA-CANDIDATE: reject ELECTION from 6477641b-710a-49ab-b56b-e0f600eb5c24: our priority 1 > candidate's priority 0
2022-01-08 01:47:46,304 [grpc-default-executor-1] INFO  server.RaftServer$Division (RaftServerImpl.java:setRole(290)) - 44471f42-9a01-4764-8909-e7e02c044ebe@group-CE8B11469DAA: changes role from CANDIDATE to FOLLOWER at term 2 for candidate:6477641b-710a-49ab-b56b-e0f600eb5c24
2022-01-08 01:47:46,304 [grpc-default-executor-1] INFO  impl.RoleInfo (RoleInfo.java:shutdownLeaderElection(121)) - 44471f42-9a01-4764-8909-e7e02c044ebe: shutdown 44471f42-9a01-4764-8909-e7e02c044ebe@group-CE8B11469DAA-LeaderElection107
2022-01-08 01:47:46,304 [grpc-default-executor-1] INFO  impl.RoleInfo (RoleInfo.java:updateAndGet(130)) - 44471f42-9a01-4764-8909-e7e02c044ebe: start 44471f42-9a01-4764-8909-e7e02c044ebe@group-CE8B11469DAA-FollowerState
2022-01-08 01:47:46,304 [44471f42-9a01-4764-8909-e7e02c044ebe@group-CE8B11469DAA-LeaderElection107] INFO  impl.LeaderElection (LeaderElection.java:run(230)) - 44471f42-9a01-4764-8909-e7e02c044ebe@group-CE8B11469DAA-LeaderElection107: skip running since this is already CLOSING
2022-01-08 01:47:46,306 [grpc-default-executor-1] INFO  server.RaftServer$Division (RaftServerImpl.java:requestVote(1078)) - 44471f42-9a01-4764-8909-e7e02c044ebe@group-CE8B11469DAA replies to ELECTION vote request: 6477641b-710a-49ab-b56b-e0f600eb5c24<-44471f42-9a01-4764-8909-e7e02c044ebe#0:FAIL-t2. Peer's state: 44471f42-9a01-4764-8909-e7e02c044ebe@group-CE8B11469DAA:t2, leader=null, voted=null, raftlog=44471f42-9a01-4764-8909-e7e02c044ebe@group-CE8B11469DAA-SegmentedRaftLog:OPENED:c-1, conf=-1: [6477641b-710a-49ab-b56b-e0f600eb5c24|rpc:10.1.0.34:38417|dataStream:|priority:0, 9d6916e6-e933-4839-a7aa-b025ed7fd068|rpc:10.1.0.34:40543|dataStream:|priority:0, 44471f42-9a01-4764-8909-e7e02c044ebe|rpc:10.1.0.34:44109|dataStream:|priority:1], old=null
2022-01-08 01:47:46,363 [6477641b-710a-49ab-b56b-e0f600eb5c24@group-CE8B11469DAA-LeaderElection106] INFO  impl.LeaderElection (LeaderElection.java:logAndReturn(89)) - 6477641b-710a-49ab-b56b-e0f600eb5c24@group-CE8B11469DAA-LeaderElection106: ELECTION REJECTED received 1 response(s) and 1 exception(s):
2022-01-08 01:47:46,363 [6477641b-710a-49ab-b56b-e0f600eb5c24@group-CE8B11469DAA-LeaderElection106] INFO  impl.LeaderElection (LeaderElection.java:logAndReturn(93)) -   Response 0: 6477641b-710a-49ab-b56b-e0f600eb5c24<-44471f42-9a01-4764-8909-e7e02c044ebe#0:FAIL-t2
2022-01-08 01:47:46,363 [6477641b-710a-49ab-b56b-e0f600eb5c24@group-CE8B11469DAA-LeaderElection106] INFO  impl.LeaderElection (LogUtils.java:infoOrTrace(137)) -   Exception 1: java.util.concurrent.ExecutionException: org.apache.ratis.thirdparty.io.grpc.StatusRuntimeException: UNAVAILABLE: io exception
2022-01-08 01:47:46,363 [6477641b-710a-49ab-b56b-e0f600eb5c24@group-CE8B11469DAA-LeaderElection106] INFO  impl.LeaderElection (LeaderElection.java:askForVotes(308)) - 6477641b-710a-49ab-b56b-e0f600eb5c24@group-CE8B11469DAA-LeaderElection106 ELECTION round 0: result REJECTED
2022-01-08 01:47:46,363 [6477641b-710a-49ab-b56b-e0f600eb5c24@group-CE8B11469DAA-LeaderElection106] INFO  server.RaftServer$Division (RaftServerImpl.java:setRole(290)) - 6477641b-710a-49ab-b56b-e0f600eb5c24@group-CE8B11469DAA: changes role from CANDIDATE to FOLLOWER at term 2 for REJECTED
2022-01-08 01:47:46,363 [6477641b-710a-49ab-b56b-e0f600eb5c24@group-CE8B11469DAA-LeaderElection106] INFO  impl.RoleInfo (RoleInfo.java:shutdownLeaderElection(121)) - 6477641b-710a-49ab-b56b-e0f600eb5c24: shutdown 6477641b-710a-49ab-b56b-e0f600eb5c24@group-CE8B11469DAA-LeaderElection106
2022-01-08 01:47:46,363 [6477641b-710a-49ab-b56b-e0f600eb5c24@group-CE8B11469DAA-LeaderElection106] INFO  impl.RoleInfo (RoleInfo.java:updateAndGet(130)) - 6477641b-710a-49ab-b56b-e0f600eb5c24: start 6477641b-710a-49ab-b56b-e0f600eb5c24@group-CE8B11469DAA-FollowerState
2022-01-08 01:47:46,636 [grpc-default-executor-1] WARN  server.GrpcLogAppender (LogUtils.java:warn(122)) - 6477641b-710a-49ab-b56b-e0f600eb5c24@group-57B31BB58AB0->9d6916e6-e933-4839-a7aa-b025ed7fd068-AppendLogResponseHandler: Failed appendEntries: org.apache.ratis.thirdparty.io.grpc.StatusRuntimeException: UNAVAILABLE: io exception
2022-01-08 01:47:46,636 [grpc-default-executor-1] WARN  server.GrpcLogAppender (GrpcLogAppender.java:resetClient(110)) - 6477641b-710a-49ab-b56b-e0f600eb5c24@group-57B31BB58AB0->9d6916e6-e933-4839-a7aa-b025ed7fd068-GrpcLogAppender: Leader has not got in touch with Follower 6477641b-710a-49ab-b56b-e0f600eb5c24@group-57B31BB58AB0->9d6916e6-e933-4839-a7aa-b025ed7fd068(c-1,m0,n1, attendVote=true, lastRpcSendTime=2500, lastRpcResponseTime=10300) yet, just keep nextIndex unchanged and retry.
2022-01-08 01:47:46,800 [ForkJoinPool.commonPool-worker-0] INFO  statemachine.DatanodeStateMachine (DatanodeStateMachine.java:stopDaemon(526)) - Ozone container server stopped.
2022-01-08 01:47:46,804 [ForkJoinPool.commonPool-worker-0] INFO  handler.ContextHandler (ContextHandler.java:doStop(1153)) - Stopped o.e.j.w.WebAppContext@78e28efb{hddsDatanode,/,null,STOPPED}{jar:file:/home/runner/.m2/repository/org/apache/ozone/hdds-container-service/1.3.0-SNAPSHOT/hdds-container-service-1.3.0-SNAPSHOT.jar!/webapps/hddsDatanode}
2022-01-08 01:47:46,830 [6477641b-710a-49ab-b56b-e0f600eb5c24@group-57B31BB58AB0-LeaderStateImpl] INFO  server.RaftServer$Division (LeaderStateImpl.java:yieldLeaderToHigherPriorityPeer(930)) - 6477641b-710a-49ab-b56b-e0f600eb5c24@group-57B31BB58AB0-LeaderStateImpl send StartLeaderElectionRequest to follower:9d6916e6-e933-4839-a7aa-b025ed7fd068 on term:1 because follower's priority:1 is higher than leader's:0 and follower's lastEntry index:0 catch up with leader's:0
2022-01-08 01:47:46,911 [ForkJoinPool.commonPool-worker-0] INFO  server.AbstractConnector (AbstractConnector.java:doStop(381)) - Stopped ServerConnector@608af156{HTTP/1.1, (http/1.1)}{0.0.0.0:34799}
2022-01-08 01:47:46,911 [ForkJoinPool.commonPool-worker-0] INFO  server.session (HouseKeeper.java:stopScavenging(149)) - node0 Stopped scavenging
2022-01-08 01:47:46,916 [ForkJoinPool.commonPool-worker-0] INFO  handler.ContextHandler (ContextHandler.java:doStop(1153)) - Stopped o.e.j.s.ServletContextHandler@1c50bcfe{static,/static,jar:file:/home/runner/.m2/repository/org/apache/ozone/hdds-container-service/1.3.0-SNAPSHOT/hdds-container-service-1.3.0-SNAPSHOT.jar!/webapps/static,STOPPED}
2022-01-08 01:47:46,921 [ForkJoinPool.commonPool-worker-0] INFO  handler.ContextHandler (ContextHandler.java:doStop(1153)) - Stopped o.e.j.s.ServletContextHandler@6bef63a1{logs,/logs,file:///home/runner/work/ozone/ozone/hadoop-ozone/integration-test/target/log,STOPPED}
2022-01-08 01:47:46,925 [Listener at 127.0.0.1/40645] INFO  statemachine.DatanodeStateMachine (DatanodeStateMachine.java:stopDaemon(526)) - Ozone container server stopped.
2022-01-08 01:47:46,926 [Listener at 127.0.0.1/40645] INFO  handler.ContextHandler (ContextHandler.java:doStop(1153)) - Stopped o.e.j.w.WebAppContext@41b9e17b{hddsDatanode,/,null,STOPPED}{jar:file:/home/runner/.m2/repository/org/apache/ozone/hdds-container-service/1.3.0-SNAPSHOT/hdds-container-service-1.3.0-SNAPSHOT.jar!/webapps/hddsDatanode}
2022-01-08 01:47:46,935 [Listener at 127.0.0.1/40645] INFO  server.AbstractConnector (AbstractConnector.java:doStop(381)) - Stopped ServerConnector@89e0d20{HTTP/1.1, (http/1.1)}{0.0.0.0:0}
2022-01-08 01:47:46,935 [Listener at 127.0.0.1/40645] INFO  server.session (HouseKeeper.java:stopScavenging(149)) - node0 Stopped scavenging
2022-01-08 01:47:46,935 [Listener at 127.0.0.1/40645] INFO  handler.ContextHandler (ContextHandler.java:doStop(1153)) - Stopped o.e.j.s.ServletContextHandler@60399a5f{static,/static,jar:file:/home/runner/.m2/repository/org/apache/ozone/hdds-container-service/1.3.0-SNAPSHOT/hdds-container-service-1.3.0-SNAPSHOT.jar!/webapps/static,STOPPED}
2022-01-08 01:47:46,935 [Listener at 127.0.0.1/40645] INFO  handler.ContextHandler (ContextHandler.java:doStop(1153)) - Stopped o.e.j.s.ServletContextHandler@533623cc{logs,/logs,file:///home/runner/work/ozone/ozone/hadoop-ozone/integration-test/target/log,STOPPED}
2022-01-08 01:47:47,087 [81a3d3bc-df93-482d-841e-57d386bb5ebf@group-53A1D7CF6D66-FollowerState] INFO  impl.FollowerState (FollowerState.java:run(134)) - 81a3d3bc-df93-482d-841e-57d386bb5ebf@group-53A1D7CF6D66-FollowerState: change to CANDIDATE, lastRpcElapsedTime:8045477711ns, electionTimeout:5023ms
2022-01-08 01:47:47,087 [81a3d3bc-df93-482d-841e-57d386bb5ebf@group-53A1D7CF6D66-FollowerState] INFO  impl.RoleInfo (RoleInfo.java:shutdownFollowerState(108)) - 81a3d3bc-df93-482d-841e-57d386bb5ebf: shutdown 81a3d3bc-df93-482d-841e-57d386bb5ebf@group-53A1D7CF6D66-FollowerState
2022-01-08 01:47:47,087 [81a3d3bc-df93-482d-841e-57d386bb5ebf@group-53A1D7CF6D66-FollowerState] INFO  server.RaftServer$Division (RaftServerImpl.java:setRole(290)) - 81a3d3bc-df93-482d-841e-57d386bb5ebf@group-53A1D7CF6D66: changes role from  FOLLOWER to CANDIDATE at term 1 for changeToCandidate
2022-01-08 01:47:47,087 [81a3d3bc-df93-482d-841e-57d386bb5ebf@group-53A1D7CF6D66-FollowerState] INFO  server.RaftServerConfigKeys (ConfUtils.java:logGet(44)) - raft.server.leaderelection.pre-vote = false (custom)
2022-01-08 01:47:47,087 [81a3d3bc-df93-482d-841e-57d386bb5ebf@group-53A1D7CF6D66-FollowerState] INFO  impl.RoleInfo (RoleInfo.java:updateAndGet(130)) - 81a3d3bc-df93-482d-841e-57d386bb5ebf: start 81a3d3bc-df93-482d-841e-57d386bb5ebf@group-53A1D7CF6D66-LeaderElection108
2022-01-08 01:47:47,095 [81a3d3bc-df93-482d-841e-57d386bb5ebf@group-53A1D7CF6D66-LeaderElection108] INFO  server.RaftServer$Division (ServerState.java:setLeader(285)) - 81a3d3bc-df93-482d-841e-57d386bb5ebf@group-53A1D7CF6D66: change Leader from a6c260a2-0fcb-4cbe-bb3c-7bbe6bc0f1a0 to null at term 1 for ELECTION
2022-01-08 01:47:47,123 [81a3d3bc-df93-482d-841e-57d386bb5ebf@group-53A1D7CF6D66-LeaderElection108] INFO  impl.LeaderElection (LeaderElection.java:askForVotes(306)) - 81a3d3bc-df93-482d-841e-57d386bb5ebf@group-53A1D7CF6D66-LeaderElection108 ELECTION round 0: submit vote requests at term 2 for 0: [81a3d3bc-df93-482d-841e-57d386bb5ebf|rpc:10.1.0.34:40489|dataStream:|priority:0, a6c260a2-0fcb-4cbe-bb3c-7bbe6bc0f1a0|rpc:10.1.0.34:44223|dataStream:|priority:1, 46dea062-dbed-4f29-9927-38d96de780a1|rpc:10.1.0.34:40963|dataStream:|priority:0], old=null
2022-01-08 01:47:47,130 [46dea062-dbed-4f29-9927-38d96de780a1@group-53A1D7CF6D66-FollowerState] INFO  impl.FollowerState (FollowerState.java:run(134)) - 46dea062-dbed-4f29-9927-38d96de780a1@group-53A1D7CF6D66-FollowerState: change to CANDIDATE, lastRpcElapsedTime:8087338000ns, electionTimeout:5177ms
2022-01-08 01:47:47,130 [46dea062-dbed-4f29-9927-38d96de780a1@group-53A1D7CF6D66-FollowerState] INFO  impl.RoleInfo (RoleInfo.java:shutdownFollowerState(108)) - 46dea062-dbed-4f29-9927-38d96de780a1: shutdown 46dea062-dbed-4f29-9927-38d96de780a1@group-53A1D7CF6D66-FollowerState
2022-01-08 01:47:47,130 [46dea062-dbed-4f29-9927-38d96de780a1@group-53A1D7CF6D66-FollowerState] INFO  server.RaftServer$Division (RaftServerImpl.java:setRole(290)) - 46dea062-dbed-4f29-9927-38d96de780a1@group-53A1D7CF6D66: changes role from  FOLLOWER to CANDIDATE at term 1 for changeToCandidate
2022-01-08 01:47:47,135 [46dea062-dbed-4f29-9927-38d96de780a1@group-53A1D7CF6D66-FollowerState] INFO  server.RaftServerConfigKeys (ConfUtils.java:logGet(44)) - raft.server.leaderelection.pre-vote = false (custom)
2022-01-08 01:47:47,135 [46dea062-dbed-4f29-9927-38d96de780a1@group-53A1D7CF6D66-FollowerState] INFO  impl.RoleInfo (RoleInfo.java:updateAndGet(130)) - 46dea062-dbed-4f29-9927-38d96de780a1: start 46dea062-dbed-4f29-9927-38d96de780a1@group-53A1D7CF6D66-LeaderElection109
2022-01-08 01:47:47,135 [81a3d3bc-df93-482d-841e-57d386bb5ebf@group-53A1D7CF6D66-LeaderElection108] INFO  impl.LeaderElection (LogUtils.java:infoOrTrace(137)) - 81a3d3bc-df93-482d-841e-57d386bb5ebf@group-53A1D7CF6D66-LeaderElection108 got exception when requesting votes: java.util.concurrent.ExecutionException: org.apache.ratis.thirdparty.io.grpc.StatusRuntimeException: UNAVAILABLE: io exception
2022-01-08 01:47:47,136 [grpc-default-executor-1] INFO  server.RaftServer$Division (RaftServerImpl.java:requestVote(1046)) - 46dea062-dbed-4f29-9927-38d96de780a1@group-53A1D7CF6D66: receive requestVote(ELECTION, 81a3d3bc-df93-482d-841e-57d386bb5ebf, group-53A1D7CF6D66, 2, (t:1, i:0))
2022-01-08 01:47:47,143 [grpc-default-executor-1] INFO  impl.VoteContext (VoteContext.java:log(48)) - 46dea062-dbed-4f29-9927-38d96de780a1@group-53A1D7CF6D66-CANDIDATE: accept ELECTION from 81a3d3bc-df93-482d-841e-57d386bb5ebf: our priority 0 <= candidate's priority 0
2022-01-08 01:47:47,143 [grpc-default-executor-1] INFO  server.RaftServer$Division (ServerState.java:setLeader(285)) - 46dea062-dbed-4f29-9927-38d96de780a1@group-53A1D7CF6D66: change Leader from a6c260a2-0fcb-4cbe-bb3c-7bbe6bc0f1a0 to null at term 2 for updateCurrentTerm
2022-01-08 01:47:47,143 [grpc-default-executor-1] INFO  server.RaftServer$Division (RaftServerImpl.java:setRole(290)) - 46dea062-dbed-4f29-9927-38d96de780a1@group-53A1D7CF6D66: changes role from CANDIDATE to FOLLOWER at term 2 for candidate:81a3d3bc-df93-482d-841e-57d386bb5ebf
2022-01-08 01:47:47,143 [grpc-default-executor-1] INFO  impl.RoleInfo (RoleInfo.java:shutdownLeaderElection(121)) - 46dea062-dbed-4f29-9927-38d96de780a1: shutdown 46dea062-dbed-4f29-9927-38d96de780a1@group-53A1D7CF6D66-LeaderElection109
2022-01-08 01:47:47,143 [grpc-default-executor-1] INFO  impl.RoleInfo (RoleInfo.java:updateAndGet(130)) - 46dea062-dbed-4f29-9927-38d96de780a1: start 46dea062-dbed-4f29-9927-38d96de780a1@group-53A1D7CF6D66-FollowerState
2022-01-08 01:47:47,144 [46dea062-dbed-4f29-9927-38d96de780a1@group-53A1D7CF6D66-LeaderElection109] INFO  impl.LeaderElection (LeaderElection.java:run(230)) - 46dea062-dbed-4f29-9927-38d96de780a1@group-53A1D7CF6D66-LeaderElection109: skip running since this is already CLOSING
2022-01-08 01:47:47,200 [grpc-default-executor-1] INFO  server.RaftServer$Division (RaftServerImpl.java:requestVote(1078)) - 46dea062-dbed-4f29-9927-38d96de780a1@group-53A1D7CF6D66 replies to ELECTION vote request: 81a3d3bc-df93-482d-841e-57d386bb5ebf<-46dea062-dbed-4f29-9927-38d96de780a1#0:OK-t2. Peer's state: 46dea062-dbed-4f29-9927-38d96de780a1@group-53A1D7CF6D66:t2, leader=null, voted=81a3d3bc-df93-482d-841e-57d386bb5ebf, raftlog=46dea062-dbed-4f29-9927-38d96de780a1@group-53A1D7CF6D66-SegmentedRaftLog:OPENED:c0, conf=0: [81a3d3bc-df93-482d-841e-57d386bb5ebf|rpc:10.1.0.34:40489|dataStream:|priority:0, a6c260a2-0fcb-4cbe-bb3c-7bbe6bc0f1a0|rpc:10.1.0.34:44223|dataStream:|priority:1, 46dea062-dbed-4f29-9927-38d96de780a1|rpc:10.1.0.34:40963|dataStream:|priority:0], old=null
2022-01-08 01:47:47,205 [81a3d3bc-df93-482d-841e-57d386bb5ebf@group-53A1D7CF6D66-LeaderElection108] INFO  impl.LeaderElection (LeaderElection.java:logAndReturn(89)) - 81a3d3bc-df93-482d-841e-57d386bb5ebf@group-53A1D7CF6D66-LeaderElection108: ELECTION PASSED received 1 response(s) and 1 exception(s):
2022-01-08 01:47:47,205 [81a3d3bc-df93-482d-841e-57d386bb5ebf@group-53A1D7CF6D66-LeaderElection108] INFO  impl.LeaderElection (LeaderElection.java:logAndReturn(93)) -   Response 0: 81a3d3bc-df93-482d-841e-57d386bb5ebf<-46dea062-dbed-4f29-9927-38d96de780a1#0:OK-t2
2022-01-08 01:47:47,205 [81a3d3bc-df93-482d-841e-57d386bb5ebf@group-53A1D7CF6D66-LeaderElection108] INFO  impl.LeaderElection (LogUtils.java:infoOrTrace(137)) -   Exception 1: java.util.concurrent.ExecutionException: org.apache.ratis.thirdparty.io.grpc.StatusRuntimeException: UNAVAILABLE: io exception
2022-01-08 01:47:47,205 [81a3d3bc-df93-482d-841e-57d386bb5ebf@group-53A1D7CF6D66-LeaderElection108] INFO  impl.LeaderElection (LeaderElection.java:askForVotes(308)) - 81a3d3bc-df93-482d-841e-57d386bb5ebf@group-53A1D7CF6D66-LeaderElection108 ELECTION round 0: result PASSED
2022-01-08 01:47:47,205 [81a3d3bc-df93-482d-841e-57d386bb5ebf@group-53A1D7CF6D66-LeaderElection108] INFO  impl.RoleInfo (RoleInfo.java:shutdownLeaderElection(121)) - 81a3d3bc-df93-482d-841e-57d386bb5ebf: shutdown 81a3d3bc-df93-482d-841e-57d386bb5ebf@group-53A1D7CF6D66-LeaderElection108
2022-01-08 01:47:47,205 [81a3d3bc-df93-482d-841e-57d386bb5ebf@group-53A1D7CF6D66-LeaderElection108] INFO  server.RaftServer$Division (RaftServerImpl.java:setRole(290)) - 81a3d3bc-df93-482d-841e-57d386bb5ebf@group-53A1D7CF6D66: changes role from CANDIDATE to LEADER at term 2 for changeToLeader
2022-01-08 01:47:47,205 [81a3d3bc-df93-482d-841e-57d386bb5ebf@group-53A1D7CF6D66-LeaderElection108] INFO  ratis.XceiverServerRatis (XceiverServerRatis.java:handleLeaderChangedNotification(866)) - Leader change notification received for group: group-53A1D7CF6D66 with new leaderId: 81a3d3bc-df93-482d-841e-57d386bb5ebf
2022-01-08 01:47:47,205 [81a3d3bc-df93-482d-841e-57d386bb5ebf@group-53A1D7CF6D66-LeaderElection108] INFO  server.RaftServer$Division (ServerState.java:setLeader(285)) - 81a3d3bc-df93-482d-841e-57d386bb5ebf@group-53A1D7CF6D66: change Leader from null to 81a3d3bc-df93-482d-841e-57d386bb5ebf at term 2 for becomeLeader, leader elected after 109ms
2022-01-08 01:47:47,205 [81a3d3bc-df93-482d-841e-57d386bb5ebf@group-53A1D7CF6D66-LeaderElection108] INFO  server.RaftServerConfigKeys (ConfUtils.java:logGet(44)) - raft.server.staging.catchup.gap = 1000 (default)
2022-01-08 01:47:47,206 [81a3d3bc-df93-482d-841e-57d386bb5ebf@group-53A1D7CF6D66-LeaderElection108] INFO  server.RaftServerConfigKeys (ConfUtils.java:logGet(44)) - raft.server.write.element-limit = 1024 (custom)
2022-01-08 01:47:47,206 [81a3d3bc-df93-482d-841e-57d386bb5ebf@group-53A1D7CF6D66-LeaderElection108] INFO  server.RaftServerConfigKeys (ConfUtils.java:logGet(44)) - raft.server.write.byte-limit = 1024 M (=1073741824) (custom)
2022-01-08 01:47:47,206 [81a3d3bc-df93-482d-841e-57d386bb5ebf@group-53A1D7CF6D66-LeaderElection108] INFO  server.RaftServerConfigKeys (ConfUtils.java:logGet(44)) - raft.server.watch.timeout = 3000ms (custom)
2022-01-08 01:47:47,206 [81a3d3bc-df93-482d-841e-57d386bb5ebf@group-53A1D7CF6D66-LeaderElection108] INFO  server.RaftServerConfigKeys (ConfUtils.java:logGet(44)) - raft.server.watch.timeout.denomination = 1s (default)
2022-01-08 01:47:47,206 [81a3d3bc-df93-482d-841e-57d386bb5ebf@group-53A1D7CF6D66-LeaderElection108] INFO  server.RaftServerConfigKeys (ConfUtils.java:logGet(44)) - raft.server.watch.element-limit = 65536 (default)
2022-01-08 01:47:47,206 [81a3d3bc-df93-482d-841e-57d386bb5ebf@group-53A1D7CF6D66-LeaderElection108] INFO  server.RaftServerConfigKeys (ConfUtils.java:logGet(44)) - raft.server.write.element-limit = 1024 (custom)
2022-01-08 01:47:47,206 [81a3d3bc-df93-482d-841e-57d386bb5ebf@group-53A1D7CF6D66-LeaderElection108] INFO  server.RaftServerConfigKeys (ConfUtils.java:logGet(44)) - raft.server.write.follower.gap.ratio.max = -1.0 (default)
2022-01-08 01:47:47,206 [81a3d3bc-df93-482d-841e-57d386bb5ebf@group-53A1D7CF6D66-LeaderElection108] INFO  server.RaftServerConfigKeys (ConfUtils.java:logGet(44)) - raft.server.log.appender.snapshot.chunk.size.max = 16MB (=16777216) (default)
2022-01-08 01:47:47,206 [81a3d3bc-df93-482d-841e-57d386bb5ebf@group-53A1D7CF6D66-LeaderElection108] INFO  server.RaftServerConfigKeys (ConfUtils.java:logGet(44)) - raft.server.log.appender.buffer.byte-limit = 33554432 (custom)
2022-01-08 01:47:47,206 [81a3d3bc-df93-482d-841e-57d386bb5ebf@group-53A1D7CF6D66-LeaderElection108] INFO  server.RaftServerConfigKeys (ConfUtils.java:logGet(44)) - raft.server.log.appender.buffer.element-limit = 1 (custom)
2022-01-08 01:47:47,207 [81a3d3bc-df93-482d-841e-57d386bb5ebf@group-53A1D7CF6D66-LeaderElection108] INFO  grpc.GrpcConfigKeys (ConfUtils.java:logGet(44)) - raft.grpc.server.leader.outstanding.appends.max = 128 (default)
2022-01-08 01:47:47,207 [81a3d3bc-df93-482d-841e-57d386bb5ebf@group-53A1D7CF6D66-LeaderElection108] INFO  server.RaftServerConfigKeys (ConfUtils.java:logGet(44)) - raft.server.rpc.request.timeout = 3000ms (default)
2022-01-08 01:47:47,207 [81a3d3bc-df93-482d-841e-57d386bb5ebf@group-53A1D7CF6D66-LeaderElection108] INFO  server.RaftServerConfigKeys (ConfUtils.java:logGet(44)) - raft.server.log.appender.install.snapshot.enabled = false (custom)
2022-01-08 01:47:47,208 [81a3d3bc-df93-482d-841e-57d386bb5ebf@group-53A1D7CF6D66-LeaderElection108] INFO  server.RaftServerConfigKeys (ConfUtils.java:logGet(44)) - raft.server.log.appender.snapshot.chunk.size.max = 16MB (=16777216) (default)
2022-01-08 01:47:47,208 [81a3d3bc-df93-482d-841e-57d386bb5ebf@group-53A1D7CF6D66-LeaderElection108] INFO  server.RaftServerConfigKeys (ConfUtils.java:logGet(44)) - raft.server.log.appender.buffer.byte-limit = 33554432 (custom)
2022-01-08 01:47:47,208 [81a3d3bc-df93-482d-841e-57d386bb5ebf@group-53A1D7CF6D66-LeaderElection108] INFO  server.RaftServerConfigKeys (ConfUtils.java:logGet(44)) - raft.server.log.appender.buffer.element-limit = 1 (custom)
2022-01-08 01:47:47,208 [81a3d3bc-df93-482d-841e-57d386bb5ebf@group-53A1D7CF6D66-LeaderElection108] INFO  grpc.GrpcConfigKeys (ConfUtils.java:logGet(44)) - raft.grpc.server.leader.outstanding.appends.max = 128 (default)
2022-01-08 01:47:47,208 [81a3d3bc-df93-482d-841e-57d386bb5ebf@group-53A1D7CF6D66-LeaderElection108] INFO  server.RaftServerConfigKeys (ConfUtils.java:logGet(44)) - raft.server.rpc.request.timeout = 3000ms (default)
2022-01-08 01:47:47,208 [81a3d3bc-df93-482d-841e-57d386bb5ebf@group-53A1D7CF6D66-LeaderElection108] INFO  server.RaftServerConfigKeys (ConfUtils.java:logGet(44)) - raft.server.log.appender.install.snapshot.enabled = false (custom)
2022-01-08 01:47:47,209 [81a3d3bc-df93-482d-841e-57d386bb5ebf@group-53A1D7CF6D66-LeaderElection108] INFO  impl.RoleInfo (RoleInfo.java:updateAndGet(130)) - 81a3d3bc-df93-482d-841e-57d386bb5ebf: start 81a3d3bc-df93-482d-841e-57d386bb5ebf@group-53A1D7CF6D66-LeaderStateImpl
2022-01-08 01:47:47,210 [81a3d3bc-df93-482d-841e-57d386bb5ebf@group-53A1D7CF6D66-LeaderElection108] INFO  segmented.SegmentedRaftLogWorker (SegmentedRaftLogWorker.java:rollLogSegment(399)) - 81a3d3bc-df93-482d-841e-57d386bb5ebf@group-53A1D7CF6D66-SegmentedRaftLogWorker: Rolling segment log-0_0 to index:0
2022-01-08 01:47:47,211 [81a3d3bc-df93-482d-841e-57d386bb5ebf@group-53A1D7CF6D66-SegmentedRaftLogWorker] INFO  segmented.SegmentedRaftLogWorker (SegmentedRaftLogWorker.java:execute(558)) - 81a3d3bc-df93-482d-841e-57d386bb5ebf@group-53A1D7CF6D66-SegmentedRaftLogWorker: Rolled log segment from /home/runner/work/ozone/ozone/hadoop-ozone/integration-test/target/test-dir/MiniOzoneClusterImpl-6a132c25-3902-4d06-b1e4-79a7ed3e0f57/datanode-5/data/ratis/ed7d7f98-d33b-43a4-b8f6-53a1d7cf6d66/current/log_inprogress_0 to /home/runner/work/ozone/ozone/hadoop-ozone/integration-test/target/test-dir/MiniOzoneClusterImpl-6a132c25-3902-4d06-b1e4-79a7ed3e0f57/datanode-5/data/ratis/ed7d7f98-d33b-43a4-b8f6-53a1d7cf6d66/current/log_0-0
2022-01-08 01:47:47,215 [81a3d3bc-df93-482d-841e-57d386bb5ebf@group-53A1D7CF6D66-SegmentedRaftLogWorker] INFO  segmented.SegmentedRaftLogWorker (SegmentedRaftLogWorker.java:execute(601)) - 81a3d3bc-df93-482d-841e-57d386bb5ebf@group-53A1D7CF6D66-SegmentedRaftLogWorker: created new log segment /home/runner/work/ozone/ozone/hadoop-ozone/integration-test/target/test-dir/MiniOzoneClusterImpl-6a132c25-3902-4d06-b1e4-79a7ed3e0f57/datanode-5/data/ratis/ed7d7f98-d33b-43a4-b8f6-53a1d7cf6d66/current/log_inprogress_1
2022-01-08 01:47:47,232 [grpc-default-executor-1] INFO  ratis.XceiverServerRatis (XceiverServerRatis.java:handleLeaderChangedNotification(866)) - Leader change notification received for group: group-53A1D7CF6D66 with new leaderId: 81a3d3bc-df93-482d-841e-57d386bb5ebf
2022-01-08 01:47:47,232 [grpc-default-executor-1] INFO  server.RaftServer$Division (ServerState.java:setLeader(285)) - 46dea062-dbed-4f29-9927-38d96de780a1@group-53A1D7CF6D66: change Leader from null to 81a3d3bc-df93-482d-841e-57d386bb5ebf at term 2 for appendEntries, leader elected after 88ms
2022-01-08 01:47:47,237 [81a3d3bc-df93-482d-841e-57d386bb5ebf@group-53A1D7CF6D66-LeaderElection108] INFO  server.RaftServer$Division (ServerState.java:setRaftConf(387)) - 81a3d3bc-df93-482d-841e-57d386bb5ebf@group-53A1D7CF6D66: set configuration 1: [81a3d3bc-df93-482d-841e-57d386bb5ebf|rpc:10.1.0.34:40489|dataStream:|priority:0, a6c260a2-0fcb-4cbe-bb3c-7bbe6bc0f1a0|rpc:10.1.0.34:44223|dataStream:|priority:1, 46dea062-dbed-4f29-9927-38d96de780a1|rpc:10.1.0.34:40963|dataStream:|priority:0], old=null
2022-01-08 01:47:47,238 [grpc-default-executor-2] WARN  server.GrpcLogAppender (LogUtils.java:warn(122)) - 81a3d3bc-df93-482d-841e-57d386bb5ebf@group-53A1D7CF6D66->a6c260a2-0fcb-4cbe-bb3c-7bbe6bc0f1a0-AppendLogResponseHandler: Failed appendEntries: org.apache.ratis.thirdparty.io.grpc.StatusRuntimeException: UNAVAILABLE: io exception
2022-01-08 01:47:47,239 [grpc-default-executor-2] WARN  server.GrpcLogAppender (GrpcLogAppender.java:resetClient(110)) - 81a3d3bc-df93-482d-841e-57d386bb5ebf@group-53A1D7CF6D66->a6c260a2-0fcb-4cbe-bb3c-7bbe6bc0f1a0-GrpcLogAppender: Leader has not got in touch with Follower 81a3d3bc-df93-482d-841e-57d386bb5ebf@group-53A1D7CF6D66->a6c260a2-0fcb-4cbe-bb3c-7bbe6bc0f1a0(c-1,m0,n1, attendVote=true, lastRpcSendTime=5232, lastRpcResponseTime=5232) yet, just keep nextIndex unchanged and retry.
2022-01-08 01:47:47,243 [grpc-default-executor-2] WARN  server.GrpcLogAppender (LogUtils.java:warn(122)) - 81a3d3bc-df93-482d-841e-57d386bb5ebf@group-53A1D7CF6D66->a6c260a2-0fcb-4cbe-bb3c-7bbe6bc0f1a0-AppendLogResponseHandler: Failed appendEntries: org.apache.ratis.thirdparty.io.grpc.StatusRuntimeException: UNAVAILABLE: io exception
2022-01-08 01:47:47,243 [grpc-default-executor-2] WARN  server.GrpcLogAppender (GrpcLogAppender.java:resetClient(110)) - 81a3d3bc-df93-482d-841e-57d386bb5ebf@group-53A1D7CF6D66->a6c260a2-0fcb-4cbe-bb3c-7bbe6bc0f1a0-GrpcLogAppender: Leader has not got in touch with Follower 81a3d3bc-df93-482d-841e-57d386bb5ebf@group-53A1D7CF6D66->a6c260a2-0fcb-4cbe-bb3c-7bbe6bc0f1a0(c-1,m0,n2, attendVote=true, lastRpcSendTime=3, lastRpcResponseTime=5236) yet, just keep nextIndex unchanged and retry.
2022-01-08 01:47:47,253 [grpc-default-executor-1] INFO  server.RaftServer$Division (ServerState.java:setRaftConf(387)) - 46dea062-dbed-4f29-9927-38d96de780a1@group-53A1D7CF6D66: set configuration 1: [81a3d3bc-df93-482d-841e-57d386bb5ebf|rpc:10.1.0.34:40489|dataStream:|priority:0, a6c260a2-0fcb-4cbe-bb3c-7bbe6bc0f1a0|rpc:10.1.0.34:44223|dataStream:|priority:1, 46dea062-dbed-4f29-9927-38d96de780a1|rpc:10.1.0.34:40963|dataStream:|priority:0], old=null
2022-01-08 01:47:47,253 [grpc-default-executor-1] INFO  segmented.SegmentedRaftLogWorker (SegmentedRaftLogWorker.java:rollLogSegment(399)) - 46dea062-dbed-4f29-9927-38d96de780a1@group-53A1D7CF6D66-SegmentedRaftLogWorker: Rolling segment log-0_0 to index:0
2022-01-08 01:47:47,254 [46dea062-dbed-4f29-9927-38d96de780a1@group-53A1D7CF6D66-SegmentedRaftLogWorker] INFO  segmented.SegmentedRaftLogWorker (SegmentedRaftLogWorker.java:execute(558)) - 46dea062-dbed-4f29-9927-38d96de780a1@group-53A1D7CF6D66-SegmentedRaftLogWorker: Rolled log segment from /home/runner/work/ozone/ozone/hadoop-ozone/integration-test/target/test-dir/MiniOzoneClusterImpl-6a132c25-3902-4d06-b1e4-79a7ed3e0f57/datanode-3/data/ratis/ed7d7f98-d33b-43a4-b8f6-53a1d7cf6d66/current/log_inprogress_0 to /home/runner/work/ozone/ozone/hadoop-ozone/integration-test/target/test-dir/MiniOzoneClusterImpl-6a132c25-3902-4d06-b1e4-79a7ed3e0f57/datanode-3/data/ratis/ed7d7f98-d33b-43a4-b8f6-53a1d7cf6d66/current/log_0-0
2022-01-08 01:47:47,256 [46dea062-dbed-4f29-9927-38d96de780a1@group-53A1D7CF6D66-SegmentedRaftLogWorker] INFO  segmented.SegmentedRaftLogWorker (SegmentedRaftLogWorker.java:execute(601)) - 46dea062-dbed-4f29-9927-38d96de780a1@group-53A1D7CF6D66-SegmentedRaftLogWorker: created new log segment /home/runner/work/ozone/ozone/hadoop-ozone/integration-test/target/test-dir/MiniOzoneClusterImpl-6a132c25-3902-4d06-b1e4-79a7ed3e0f57/datanode-3/data/ratis/ed7d7f98-d33b-43a4-b8f6-53a1d7cf6d66/current/log_inprogress_1
2022-01-08 01:47:47,372 [grpc-default-executor-1] WARN  server.GrpcLogAppender (LogUtils.java:warn(122)) - 81a3d3bc-df93-482d-841e-57d386bb5ebf@group-53A1D7CF6D66->a6c260a2-0fcb-4cbe-bb3c-7bbe6bc0f1a0-AppendLogResponseHandler: Failed appendEntries: org.apache.ratis.thirdparty.io.grpc.StatusRuntimeException: UNAVAILABLE: io exception
2022-01-08 01:47:47,372 [grpc-default-executor-1] WARN  server.GrpcLogAppender (GrpcLogAppender.java:resetClient(110)) - 81a3d3bc-df93-482d-841e-57d386bb5ebf@group-53A1D7CF6D66->a6c260a2-0fcb-4cbe-bb3c-7bbe6bc0f1a0-GrpcLogAppender: Leader has not got in touch with Follower 81a3d3bc-df93-482d-841e-57d386bb5ebf@group-53A1D7CF6D66->a6c260a2-0fcb-4cbe-bb3c-7bbe6bc0f1a0(c-1,m0,n3, attendVote=true, lastRpcSendTime=129, lastRpcResponseTime=5366) yet, just keep nextIndex unchanged and retry.
2022-01-08 01:47:47,381 [grpc-default-executor-1] WARN  server.GrpcLogAppender (LogUtils.java:warn(122)) - 81a3d3bc-df93-482d-841e-57d386bb5ebf@group-225DCE1D33EE->a6c260a2-0fcb-4cbe-bb3c-7bbe6bc0f1a0-AppendLogResponseHandler: Failed appendEntries: org.apache.ratis.thirdparty.io.grpc.StatusRuntimeException: UNAVAILABLE: io exception
2022-01-08 01:47:47,381 [grpc-default-executor-1] WARN  server.GrpcLogAppender (GrpcLogAppender.java:resetClient(110)) - 81a3d3bc-df93-482d-841e-57d386bb5ebf@group-225DCE1D33EE->a6c260a2-0fcb-4cbe-bb3c-7bbe6bc0f1a0-GrpcLogAppender: Leader has not got in touch with Follower 81a3d3bc-df93-482d-841e-57d386bb5ebf@group-225DCE1D33EE->a6c260a2-0fcb-4cbe-bb3c-7bbe6bc0f1a0(c0,m0,n1, attendVote=true, lastRpcSendTime=2517, lastRpcResponseTime=7529) yet, just keep nextIndex unchanged and retry.
2022-01-08 01:47:48,767 [grpc-default-executor-1] WARN  server.GrpcLogAppender (LogUtils.java:warn(122)) - 46dea062-dbed-4f29-9927-38d96de780a1@group-E4867FAC98DD->a6c260a2-0fcb-4cbe-bb3c-7bbe6bc0f1a0-AppendLogResponseHandler: Failed appendEntries: org.apache.ratis.thirdparty.io.grpc.StatusRuntimeException: UNAVAILABLE: io exception
2022-01-08 01:47:48,767 [grpc-default-executor-1] WARN  server.GrpcLogAppender (GrpcLogAppender.java:resetClient(110)) - 46dea062-dbed-4f29-9927-38d96de780a1@group-E4867FAC98DD->a6c260a2-0fcb-4cbe-bb3c-7bbe6bc0f1a0-GrpcLogAppender: Leader has not got in touch with Follower 46dea062-dbed-4f29-9927-38d96de780a1@group-E4867FAC98DD->a6c260a2-0fcb-4cbe-bb3c-7bbe6bc0f1a0(c0,m0,n1, attendVote=true, lastRpcSendTime=4, lastRpcResponseTime=7524) yet, just keep nextIndex unchanged and retry.
2022-01-08 01:47:49,139 [grpc-default-executor-1] WARN  server.GrpcLogAppender (LogUtils.java:warn(122)) - 6477641b-710a-49ab-b56b-e0f600eb5c24@group-57B31BB58AB0->9d6916e6-e933-4839-a7aa-b025ed7fd068-AppendLogResponseHandler: Failed appendEntries: org.apache.ratis.thirdparty.io.grpc.StatusRuntimeException: UNAVAILABLE: io exception
2022-01-08 01:47:49,140 [grpc-default-executor-1] WARN  server.GrpcLogAppender (GrpcLogAppender.java:resetClient(110)) - 6477641b-710a-49ab-b56b-e0f600eb5c24@group-57B31BB58AB0->9d6916e6-e933-4839-a7aa-b025ed7fd068-GrpcLogAppender: Leader has not got in touch with Follower 6477641b-710a-49ab-b56b-e0f600eb5c24@group-57B31BB58AB0->9d6916e6-e933-4839-a7aa-b025ed7fd068(c-1,m0,n1, attendVote=true, lastRpcSendTime=2501, lastRpcResponseTime=12803) yet, just keep nextIndex unchanged and retry.
2022-01-08 01:47:49,873 [grpc-default-executor-1] WARN  server.GrpcLogAppender (LogUtils.java:warn(122)) - 81a3d3bc-df93-482d-841e-57d386bb5ebf@group-53A1D7CF6D66->a6c260a2-0fcb-4cbe-bb3c-7bbe6bc0f1a0-AppendLogResponseHandler: Failed appendEntries: org.apache.ratis.thirdparty.io.grpc.StatusRuntimeException: UNAVAILABLE: io exception
2022-01-08 01:47:49,874 [grpc-default-executor-1] WARN  server.GrpcLogAppender (GrpcLogAppender.java:resetClient(110)) - 81a3d3bc-df93-482d-841e-57d386bb5ebf@group-53A1D7CF6D66->a6c260a2-0fcb-4cbe-bb3c-7bbe6bc0f1a0-GrpcLogAppender: Leader has not got in touch with Follower 81a3d3bc-df93-482d-841e-57d386bb5ebf@group-53A1D7CF6D66->a6c260a2-0fcb-4cbe-bb3c-7bbe6bc0f1a0(c-1,m0,n3, attendVote=true, lastRpcSendTime=0, lastRpcResponseTime=7867) yet, just keep nextIndex unchanged and retry.
2022-01-08 01:47:49,895 [grpc-default-executor-1] WARN  server.GrpcLogAppender (LogUtils.java:warn(122)) - 81a3d3bc-df93-482d-841e-57d386bb5ebf@group-225DCE1D33EE->a6c260a2-0fcb-4cbe-bb3c-7bbe6bc0f1a0-AppendLogResponseHandler: Failed appendEntries: org.apache.ratis.thirdparty.io.grpc.StatusRuntimeException: UNAVAILABLE: io exception
2022-01-08 01:47:49,895 [grpc-default-executor-1] WARN  server.GrpcLogAppender (GrpcLogAppender.java:resetClient(110)) - 81a3d3bc-df93-482d-841e-57d386bb5ebf@group-225DCE1D33EE->a6c260a2-0fcb-4cbe-bb3c-7bbe6bc0f1a0-GrpcLogAppender: Leader has not got in touch with Follower 81a3d3bc-df93-482d-841e-57d386bb5ebf@group-225DCE1D33EE->a6c260a2-0fcb-4cbe-bb3c-7bbe6bc0f1a0(c0,m0,n1, attendVote=true, lastRpcSendTime=4, lastRpcResponseTime=10042) yet, just keep nextIndex unchanged and retry.
2022-01-08 01:47:51,267 [grpc-default-executor-2] WARN  server.GrpcLogAppender (LogUtils.java:warn(122)) - 46dea062-dbed-4f29-9927-38d96de780a1@group-E4867FAC98DD->a6c260a2-0fcb-4cbe-bb3c-7bbe6bc0f1a0-AppendLogResponseHandler: Failed appendEntries: org.apache.ratis.thirdparty.io.grpc.StatusRuntimeException: UNAVAILABLE: io exception
2022-01-08 01:47:51,268 [grpc-default-executor-2] WARN  server.GrpcLogAppender (GrpcLogAppender.java:resetClient(110)) - 46dea062-dbed-4f29-9927-38d96de780a1@group-E4867FAC98DD->a6c260a2-0fcb-4cbe-bb3c-7bbe6bc0f1a0-GrpcLogAppender: Leader has not got in touch with Follower 46dea062-dbed-4f29-9927-38d96de780a1@group-E4867FAC98DD->a6c260a2-0fcb-4cbe-bb3c-7bbe6bc0f1a0(c0,m0,n1, attendVote=true, lastRpcSendTime=2504, lastRpcResponseTime=10025) yet, just keep nextIndex unchanged and retry.
2022-01-08 01:47:51,423 [44471f42-9a01-4764-8909-e7e02c044ebe@group-CE8B11469DAA-FollowerState] INFO  impl.FollowerState (FollowerState.java:run(134)) - 44471f42-9a01-4764-8909-e7e02c044ebe@group-CE8B11469DAA-FollowerState: change to CANDIDATE, lastRpcElapsedTime:5118793309ns, electionTimeout:5118ms
2022-01-08 01:47:51,423 [44471f42-9a01-4764-8909-e7e02c044ebe@group-CE8B11469DAA-FollowerState] INFO  impl.RoleInfo (RoleInfo.java:shutdownFollowerState(108)) - 44471f42-9a01-4764-8909-e7e02c044ebe: shutdown 44471f42-9a01-4764-8909-e7e02c044ebe@group-CE8B11469DAA-FollowerState
2022-01-08 01:47:51,423 [44471f42-9a01-4764-8909-e7e02c044ebe@group-CE8B11469DAA-FollowerState] INFO  server.RaftServer$Division (RaftServerImpl.java:setRole(290)) - 44471f42-9a01-4764-8909-e7e02c044ebe@group-CE8B11469DAA: changes role from  FOLLOWER to CANDIDATE at term 2 for changeToCandidate
2022-01-08 01:47:51,423 [44471f42-9a01-4764-8909-e7e02c044ebe@group-CE8B11469DAA-FollowerState] INFO  server.RaftServerConfigKeys (ConfUtils.java:logGet(44)) - raft.server.leaderelection.pre-vote = false (custom)
2022-01-08 01:47:51,423 [44471f42-9a01-4764-8909-e7e02c044ebe@group-CE8B11469DAA-FollowerState] INFO  impl.RoleInfo (RoleInfo.java:updateAndGet(130)) - 44471f42-9a01-4764-8909-e7e02c044ebe: start 44471f42-9a01-4764-8909-e7e02c044ebe@group-CE8B11469DAA-LeaderElection110
2022-01-08 01:47:51,477 [44471f42-9a01-4764-8909-e7e02c044ebe@group-CE8B11469DAA-LeaderElection110] INFO  impl.LeaderElection (LeaderElection.java:askForVotes(306)) - 44471f42-9a01-4764-8909-e7e02c044ebe@group-CE8B11469DAA-LeaderElection110 ELECTION round 0: submit vote requests at term 3 for -1: [6477641b-710a-49ab-b56b-e0f600eb5c24|rpc:10.1.0.34:38417|dataStream:|priority:0, 9d6916e6-e933-4839-a7aa-b025ed7fd068|rpc:10.1.0.34:40543|dataStream:|priority:0, 44471f42-9a01-4764-8909-e7e02c044ebe|rpc:10.1.0.34:44109|dataStream:|priority:1], old=null
2022-01-08 01:47:51,491 [6477641b-710a-49ab-b56b-e0f600eb5c24@group-CE8B11469DAA-FollowerState] INFO  impl.FollowerState (FollowerState.java:run(134)) - 6477641b-710a-49ab-b56b-e0f600eb5c24@group-CE8B11469DAA-FollowerState: change to CANDIDATE, lastRpcElapsedTime:5128181407ns, electionTimeout:5113ms
2022-01-08 01:47:51,491 [6477641b-710a-49ab-b56b-e0f600eb5c24@group-CE8B11469DAA-FollowerState] INFO  impl.RoleInfo (RoleInfo.java:shutdownFollowerState(108)) - 6477641b-710a-49ab-b56b-e0f600eb5c24: shutdown 6477641b-710a-49ab-b56b-e0f600eb5c24@group-CE8B11469DAA-FollowerState
2022-01-08 01:47:51,491 [6477641b-710a-49ab-b56b-e0f600eb5c24@group-CE8B11469DAA-FollowerState] INFO  server.RaftServer$Division (RaftServerImpl.java:setRole(290)) - 6477641b-710a-49ab-b56b-e0f600eb5c24@group-CE8B11469DAA: changes role from  FOLLOWER to CANDIDATE at term 2 for changeToCandidate
2022-01-08 01:47:51,535 [grpc-default-executor-2] INFO  server.RaftServer$Division (RaftServerImpl.java:requestVote(1046)) - 6477641b-710a-49ab-b56b-e0f600eb5c24@group-CE8B11469DAA: receive requestVote(ELECTION, 44471f42-9a01-4764-8909-e7e02c044ebe, group-CE8B11469DAA, 3, (t:0, i:0))
2022-01-08 01:47:51,535 [6477641b-710a-49ab-b56b-e0f600eb5c24@group-CE8B11469DAA-FollowerState] INFO  server.RaftServerConfigKeys (ConfUtils.java:logGet(44)) - raft.server.leaderelection.pre-vote = false (custom)
2022-01-08 01:47:51,535 [6477641b-710a-49ab-b56b-e0f600eb5c24@group-CE8B11469DAA-FollowerState] INFO  impl.RoleInfo (RoleInfo.java:updateAndGet(130)) - 6477641b-710a-49ab-b56b-e0f600eb5c24: start 6477641b-710a-49ab-b56b-e0f600eb5c24@group-CE8B11469DAA-LeaderElection111
2022-01-08 01:47:51,547 [grpc-default-executor-2] INFO  impl.VoteContext (VoteContext.java:log(48)) - 6477641b-710a-49ab-b56b-e0f600eb5c24@group-CE8B11469DAA-CANDIDATE: accept ELECTION from 44471f42-9a01-4764-8909-e7e02c044ebe: our priority 0 <= candidate's priority 1
2022-01-08 01:47:51,547 [grpc-default-executor-2] INFO  server.RaftServer$Division (RaftServerImpl.java:setRole(290)) - 6477641b-710a-49ab-b56b-e0f600eb5c24@group-CE8B11469DAA: changes role from CANDIDATE to FOLLOWER at term 3 for candidate:44471f42-9a01-4764-8909-e7e02c044ebe
2022-01-08 01:47:51,547 [grpc-default-executor-2] INFO  impl.RoleInfo (RoleInfo.java:shutdownLeaderElection(121)) - 6477641b-710a-49ab-b56b-e0f600eb5c24: shutdown 6477641b-710a-49ab-b56b-e0f600eb5c24@group-CE8B11469DAA-LeaderElection111
2022-01-08 01:47:51,547 [grpc-default-executor-2] INFO  impl.RoleInfo (RoleInfo.java:updateAndGet(130)) - 6477641b-710a-49ab-b56b-e0f600eb5c24: start 6477641b-710a-49ab-b56b-e0f600eb5c24@group-CE8B11469DAA-FollowerState
2022-01-08 01:47:51,547 [6477641b-710a-49ab-b56b-e0f600eb5c24@group-CE8B11469DAA-LeaderElection111] INFO  impl.LeaderElection (LeaderElection.java:run(230)) - 6477641b-710a-49ab-b56b-e0f600eb5c24@group-CE8B11469DAA-LeaderElection111: skip running since this is already CLOSING
2022-01-08 01:47:51,583 [44471f42-9a01-4764-8909-e7e02c044ebe@group-CE8B11469DAA-LeaderElection110] INFO  impl.LeaderElection (LogUtils.java:infoOrTrace(137)) - 44471f42-9a01-4764-8909-e7e02c044ebe@group-CE8B11469DAA-LeaderElection110 got exception when requesting votes: java.util.concurrent.ExecutionException: org.apache.ratis.thirdparty.io.grpc.StatusRuntimeException: UNAVAILABLE: io exception
2022-01-08 01:47:51,627 [grpc-default-executor-2] INFO  server.RaftServer$Division (RaftServerImpl.java:requestVote(1078)) - 6477641b-710a-49ab-b56b-e0f600eb5c24@group-CE8B11469DAA replies to ELECTION vote request: 44471f42-9a01-4764-8909-e7e02c044ebe<-6477641b-710a-49ab-b56b-e0f600eb5c24#0:OK-t3. Peer's state: 6477641b-710a-49ab-b56b-e0f600eb5c24@group-CE8B11469DAA:t3, leader=null, voted=44471f42-9a01-4764-8909-e7e02c044ebe, raftlog=6477641b-710a-49ab-b56b-e0f600eb5c24@group-CE8B11469DAA-SegmentedRaftLog:OPENED:c-1, conf=-1: [6477641b-710a-49ab-b56b-e0f600eb5c24|rpc:10.1.0.34:38417|dataStream:|priority:0, 9d6916e6-e933-4839-a7aa-b025ed7fd068|rpc:10.1.0.34:40543|dataStream:|priority:0, 44471f42-9a01-4764-8909-e7e02c044ebe|rpc:10.1.0.34:44109|dataStream:|priority:1], old=null
2022-01-08 01:47:51,629 [44471f42-9a01-4764-8909-e7e02c044ebe@group-CE8B11469DAA-LeaderElection110] INFO  impl.LeaderElection (LeaderElection.java:logAndReturn(89)) - 44471f42-9a01-4764-8909-e7e02c044ebe@group-CE8B11469DAA-LeaderElection110: ELECTION PASSED received 1 response(s) and 1 exception(s):
2022-01-08 01:47:51,629 [44471f42-9a01-4764-8909-e7e02c044ebe@group-CE8B11469DAA-LeaderElection110] INFO  impl.LeaderElection (LeaderElection.java:logAndReturn(93)) -   Response 0: 44471f42-9a01-4764-8909-e7e02c044ebe<-6477641b-710a-49ab-b56b-e0f600eb5c24#0:OK-t3
2022-01-08 01:47:51,629 [44471f42-9a01-4764-8909-e7e02c044ebe@group-CE8B11469DAA-LeaderElection110] INFO  impl.LeaderElection (LogUtils.java:infoOrTrace(137)) -   Exception 1: java.util.concurrent.ExecutionException: org.apache.ratis.thirdparty.io.grpc.StatusRuntimeException: UNAVAILABLE: io exception
2022-01-08 01:47:51,629 [44471f42-9a01-4764-8909-e7e02c044ebe@group-CE8B11469DAA-LeaderElection110] INFO  impl.LeaderElection (LeaderElection.java:askForVotes(308)) - 44471f42-9a01-4764-8909-e7e02c044ebe@group-CE8B11469DAA-LeaderElection110 ELECTION round 0: result PASSED
2022-01-08 01:47:51,629 [44471f42-9a01-4764-8909-e7e02c044ebe@group-CE8B11469DAA-LeaderElection110] INFO  impl.RoleInfo (RoleInfo.java:shutdownLeaderElection(121)) - 44471f42-9a01-4764-8909-e7e02c044ebe: shutdown 44471f42-9a01-4764-8909-e7e02c044ebe@group-CE8B11469DAA-LeaderElection110
2022-01-08 01:47:51,629 [44471f42-9a01-4764-8909-e7e02c044ebe@group-CE8B11469DAA-LeaderElection110] INFO  server.RaftServer$Division (RaftServerImpl.java:setRole(290)) - 44471f42-9a01-4764-8909-e7e02c044ebe@group-CE8B11469DAA: changes role from CANDIDATE to LEADER at term 3 for changeToLeader
2022-01-08 01:47:51,629 [44471f42-9a01-4764-8909-e7e02c044ebe@group-CE8B11469DAA-LeaderElection110] INFO  ratis.XceiverServerRatis (XceiverServerRatis.java:handleLeaderChangedNotification(866)) - Leader change notification received for group: group-CE8B11469DAA with new leaderId: 44471f42-9a01-4764-8909-e7e02c044ebe
2022-01-08 01:47:51,629 [44471f42-9a01-4764-8909-e7e02c044ebe@group-CE8B11469DAA-LeaderElection110] INFO  server.RaftServer$Division (ServerState.java:setLeader(285)) - 44471f42-9a01-4764-8909-e7e02c044ebe@group-CE8B11469DAA: change Leader from null to 44471f42-9a01-4764-8909-e7e02c044ebe at term 3 for becomeLeader, leader elected after 15513ms
2022-01-08 01:47:51,629 [44471f42-9a01-4764-8909-e7e02c044ebe@group-CE8B11469DAA-LeaderElection110] INFO  server.RaftServerConfigKeys (ConfUtils.java:logGet(44)) - raft.server.staging.catchup.gap = 1000 (default)
2022-01-08 01:47:51,630 [44471f42-9a01-4764-8909-e7e02c044ebe@group-CE8B11469DAA-LeaderElection110] INFO  server.RaftServerConfigKeys (ConfUtils.java:logGet(44)) - raft.server.write.element-limit = 1024 (custom)
2022-01-08 01:47:51,630 [44471f42-9a01-4764-8909-e7e02c044ebe@group-CE8B11469DAA-LeaderElection110] INFO  server.RaftServerConfigKeys (ConfUtils.java:logGet(44)) - raft.server.write.byte-limit = 1024 M (=1073741824) (custom)
2022-01-08 01:47:51,630 [44471f42-9a01-4764-8909-e7e02c044ebe@group-CE8B11469DAA-LeaderElection110] INFO  server.RaftServerConfigKeys (ConfUtils.java:logGet(44)) - raft.server.watch.timeout = 3000ms (custom)
2022-01-08 01:47:51,630 [44471f42-9a01-4764-8909-e7e02c044ebe@group-CE8B11469DAA-LeaderElection110] INFO  server.RaftServerConfigKeys (ConfUtils.java:logGet(44)) - raft.server.watch.timeout.denomination = 1s (default)
2022-01-08 01:47:51,630 [44471f42-9a01-4764-8909-e7e02c044ebe@group-CE8B11469DAA-LeaderElection110] INFO  server.RaftServerConfigKeys (ConfUtils.java:logGet(44)) - raft.server.watch.element-limit = 65536 (default)
2022-01-08 01:47:51,630 [44471f42-9a01-4764-8909-e7e02c044ebe@group-CE8B11469DAA-LeaderElection110] INFO  server.RaftServerConfigKeys (ConfUtils.java:logGet(44)) - raft.server.write.element-limit = 1024 (custom)
2022-01-08 01:47:51,630 [44471f42-9a01-4764-8909-e7e02c044ebe@group-CE8B11469DAA-LeaderElection110] INFO  server.RaftServerConfigKeys (ConfUtils.java:logGet(44)) - raft.server.write.follower.gap.ratio.max = -1.0 (default)
2022-01-08 01:47:51,630 [44471f42-9a01-4764-8909-e7e02c044ebe@group-CE8B11469DAA-LeaderElection110] INFO  server.RaftServerConfigKeys (ConfUtils.java:logGet(44)) - raft.server.log.appender.snapshot.chunk.size.max = 16MB (=16777216) (default)
2022-01-08 01:47:51,635 [44471f42-9a01-4764-8909-e7e02c044ebe@group-CE8B11469DAA-LeaderElection110] INFO  server.RaftServerConfigKeys (ConfUtils.java:logGet(44)) - raft.server.log.appender.buffer.byte-limit = 33554432 (custom)
2022-01-08 01:47:51,635 [44471f42-9a01-4764-8909-e7e02c044ebe@group-CE8B11469DAA-LeaderElection110] INFO  server.RaftServerConfigKeys (ConfUtils.java:logGet(44)) - raft.server.log.appender.buffer.element-limit = 1 (custom)
2022-01-08 01:47:51,635 [44471f42-9a01-4764-8909-e7e02c044ebe@group-CE8B11469DAA-LeaderElection110] INFO  grpc.GrpcConfigKeys (ConfUtils.java:logGet(44)) - raft.grpc.server.leader.outstanding.appends.max = 128 (default)
2022-01-08 01:47:51,635 [44471f42-9a01-4764-8909-e7e02c044ebe@group-CE8B11469DAA-LeaderElection110] INFO  server.RaftServerConfigKeys (ConfUtils.java:logGet(44)) - raft.server.rpc.request.timeout = 3000ms (default)
2022-01-08 01:47:51,635 [44471f42-9a01-4764-8909-e7e02c044ebe@group-CE8B11469DAA-LeaderElection110] INFO  server.RaftServerConfigKeys (ConfUtils.java:logGet(44)) - raft.server.log.appender.install.snapshot.enabled = false (custom)
2022-01-08 01:47:51,636 [44471f42-9a01-4764-8909-e7e02c044ebe@group-CE8B11469DAA-LeaderElection110] INFO  server.RaftServerConfigKeys (ConfUtils.java:logGet(44)) - raft.server.log.appender.snapshot.chunk.size.max = 16MB (=16777216) (default)
2022-01-08 01:47:51,636 [44471f42-9a01-4764-8909-e7e02c044ebe@group-CE8B11469DAA-LeaderElection110] INFO  server.RaftServerConfigKeys (ConfUtils.java:logGet(44)) - raft.server.log.appender.buffer.byte-limit = 33554432 (custom)
2022-01-08 01:47:51,636 [44471f42-9a01-4764-8909-e7e02c044ebe@group-CE8B11469DAA-LeaderElection110] INFO  server.RaftServerConfigKeys (ConfUtils.java:logGet(44)) - raft.server.log.appender.buffer.element-limit = 1 (custom)
2022-01-08 01:47:51,636 [44471f42-9a01-4764-8909-e7e02c044ebe@group-CE8B11469DAA-LeaderElection110] INFO  grpc.GrpcConfigKeys (ConfUtils.java:logGet(44)) - raft.grpc.server.leader.outstanding.appends.max = 128 (default)
2022-01-08 01:47:51,636 [44471f42-9a01-4764-8909-e7e02c044ebe@group-CE8B11469DAA-LeaderElection110] INFO  server.RaftServerConfigKeys (ConfUtils.java:logGet(44)) - raft.server.rpc.request.timeout = 3000ms (default)
2022-01-08 01:47:51,636 [44471f42-9a01-4764-8909-e7e02c044ebe@group-CE8B11469DAA-LeaderElection110] INFO  server.RaftServerConfigKeys (ConfUtils.java:logGet(44)) - raft.server.log.appender.install.snapshot.enabled = false (custom)
2022-01-08 01:47:51,647 [grpc-default-executor-2] WARN  server.GrpcLogAppender (LogUtils.java:warn(122)) - 6477641b-710a-49ab-b56b-e0f600eb5c24@group-57B31BB58AB0->9d6916e6-e933-4839-a7aa-b025ed7fd068-AppendLogResponseHandler: Failed appendEntries: org.apache.ratis.thirdparty.io.grpc.StatusRuntimeException: UNAVAILABLE: io exception
2022-01-08 01:47:51,647 [grpc-default-executor-2] WARN  server.GrpcLogAppender (GrpcLogAppender.java:resetClient(110)) - 6477641b-710a-49ab-b56b-e0f600eb5c24@group-57B31BB58AB0->9d6916e6-e933-4839-a7aa-b025ed7fd068-GrpcLogAppender: Leader has not got in touch with Follower 6477641b-710a-49ab-b56b-e0f600eb5c24@group-57B31BB58AB0->9d6916e6-e933-4839-a7aa-b025ed7fd068(c-1,m0,n1, attendVote=true, lastRpcSendTime=0, lastRpcResponseTime=15310) yet, just keep nextIndex unchanged and retry.
2022-01-08 01:47:51,658 [44471f42-9a01-4764-8909-e7e02c044ebe@group-CE8B11469DAA-LeaderElection110] INFO  impl.RoleInfo (RoleInfo.java:updateAndGet(130)) - 44471f42-9a01-4764-8909-e7e02c044ebe: start 44471f42-9a01-4764-8909-e7e02c044ebe@group-CE8B11469DAA-LeaderStateImpl
2022-01-08 01:47:51,658 [44471f42-9a01-4764-8909-e7e02c044ebe@group-CE8B11469DAA-LeaderElection110] INFO  segmented.SegmentedRaftLogWorker (SegmentedRaftLogWorker.java:startLogSegment(394)) - 44471f42-9a01-4764-8909-e7e02c044ebe@group-CE8B11469DAA-SegmentedRaftLogWorker: Starting segment from index:0
2022-01-08 01:47:51,677 [44471f42-9a01-4764-8909-e7e02c044ebe@group-CE8B11469DAA-SegmentedRaftLogWorker] INFO  segmented.SegmentedRaftLogWorker (SegmentedRaftLogWorker.java:execute(601)) - 44471f42-9a01-4764-8909-e7e02c044ebe@group-CE8B11469DAA-SegmentedRaftLogWorker: created new log segment /home/runner/work/ozone/ozone/hadoop-ozone/integration-test/target/test-dir/MiniOzoneClusterImpl-6a132c25-3902-4d06-b1e4-79a7ed3e0f57/datanode-2/data/ratis/0026e3cf-d5f4-426a-a575-ce8b11469daa/current/log_inprogress_0
2022-01-08 01:47:51,716 [grpc-default-executor-2] WARN  server.GrpcLogAppender (LogUtils.java:warn(122)) - 44471f42-9a01-4764-8909-e7e02c044ebe@group-CE8B11469DAA->9d6916e6-e933-4839-a7aa-b025ed7fd068-AppendLogResponseHandler: Failed appendEntries: org.apache.ratis.thirdparty.io.grpc.StatusRuntimeException: UNAVAILABLE: io exception
2022-01-08 01:47:51,717 [grpc-default-executor-2] WARN  server.GrpcLogAppender (GrpcLogAppender.java:resetClient(110)) - 44471f42-9a01-4764-8909-e7e02c044ebe@group-CE8B11469DAA->9d6916e6-e933-4839-a7aa-b025ed7fd068-GrpcLogAppender: Leader has not got in touch with Follower 44471f42-9a01-4764-8909-e7e02c044ebe@group-CE8B11469DAA->9d6916e6-e933-4839-a7aa-b025ed7fd068(c-1,m0,n0, attendVote=true, lastRpcSendTime=5286, lastRpcResponseTime=5286) yet, just keep nextIndex unchanged and retry.
2022-01-08 01:47:51,737 [44471f42-9a01-4764-8909-e7e02c044ebe@group-CE8B11469DAA-LeaderElection110] INFO  server.RaftServer$Division (ServerState.java:setRaftConf(387)) - 44471f42-9a01-4764-8909-e7e02c044ebe@group-CE8B11469DAA: set configuration 0: [6477641b-710a-49ab-b56b-e0f600eb5c24|rpc:10.1.0.34:38417|dataStream:|priority:0, 9d6916e6-e933-4839-a7aa-b025ed7fd068|rpc:10.1.0.34:40543|dataStream:|priority:0, 44471f42-9a01-4764-8909-e7e02c044ebe|rpc:10.1.0.34:44109|dataStream:|priority:1], old=null
2022-01-08 01:47:51,741 [grpc-default-executor-2] WARN  server.GrpcLogAppender (LogUtils.java:warn(122)) - 44471f42-9a01-4764-8909-e7e02c044ebe@group-CE8B11469DAA->9d6916e6-e933-4839-a7aa-b025ed7fd068-AppendLogResponseHandler: Failed appendEntries: org.apache.ratis.thirdparty.io.grpc.StatusRuntimeException: UNAVAILABLE: io exception
2022-01-08 01:47:51,742 [grpc-default-executor-2] WARN  server.GrpcLogAppender (GrpcLogAppender.java:resetClient(110)) - 44471f42-9a01-4764-8909-e7e02c044ebe@group-CE8B11469DAA->9d6916e6-e933-4839-a7aa-b025ed7fd068-GrpcLogAppender: Leader has not got in touch with Follower 44471f42-9a01-4764-8909-e7e02c044ebe@group-CE8B11469DAA->9d6916e6-e933-4839-a7aa-b025ed7fd068(c-1,m0,n1, attendVote=true, lastRpcSendTime=24, lastRpcResponseTime=5311) yet, just keep nextIndex unchanged and retry.
2022-01-08 01:47:51,764 [grpc-default-executor-2] INFO  ratis.XceiverServerRatis (XceiverServerRatis.java:handleLeaderChangedNotification(866)) - Leader change notification received for group: group-CE8B11469DAA with new leaderId: 44471f42-9a01-4764-8909-e7e02c044ebe
2022-01-08 01:47:51,764 [grpc-default-executor-2] INFO  server.RaftServer$Division (ServerState.java:setLeader(285)) - 6477641b-710a-49ab-b56b-e0f600eb5c24@group-CE8B11469DAA: change Leader from null to 44471f42-9a01-4764-8909-e7e02c044ebe at term 3 for appendEntries, leader elected after 15747ms
2022-01-08 01:47:51,788 [grpc-default-executor-2] INFO  server.RaftServer$Division (ServerState.java:setRaftConf(387)) - 6477641b-710a-49ab-b56b-e0f600eb5c24@group-CE8B11469DAA: set configuration 0: [6477641b-710a-49ab-b56b-e0f600eb5c24|rpc:10.1.0.34:38417|dataStream:|priority:0, 9d6916e6-e933-4839-a7aa-b025ed7fd068|rpc:10.1.0.34:40543|dataStream:|priority:0, 44471f42-9a01-4764-8909-e7e02c044ebe|rpc:10.1.0.34:44109|dataStream:|priority:1], old=null
2022-01-08 01:47:51,788 [grpc-default-executor-2] INFO  segmented.SegmentedRaftLogWorker (SegmentedRaftLogWorker.java:startLogSegment(394)) - 6477641b-710a-49ab-b56b-e0f600eb5c24@group-CE8B11469DAA-SegmentedRaftLogWorker: Starting segment from index:0
2022-01-08 01:47:51,795 [6477641b-710a-49ab-b56b-e0f600eb5c24@group-CE8B11469DAA-SegmentedRaftLogWorker] INFO  segmented.SegmentedRaftLogWorker (SegmentedRaftLogWorker.java:execute(601)) - 6477641b-710a-49ab-b56b-e0f600eb5c24@group-CE8B11469DAA-SegmentedRaftLogWorker: created new log segment /home/runner/work/ozone/ozone/hadoop-ozone/integration-test/target/test-dir/MiniOzoneClusterImpl-6a132c25-3902-4d06-b1e4-79a7ed3e0f57/datanode-0/data/ratis/0026e3cf-d5f4-426a-a575-ce8b11469daa/current/log_inprogress_0
2022-01-08 01:47:51,942 [Listener at 127.0.0.1/40645] INFO  ozoneimpl.OzoneContainer (OzoneContainer.java:stop(336)) - Attempting to stop container services.
2022-01-08 01:47:51,943 [Listener at 127.0.0.1/40645] INFO  server.RaftServer (RaftServerProxy.java:lambda$close$6(391)) - a0cd68b1-75b0-4717-86f8-69ceed32178b: close
2022-01-08 01:47:51,943 [Listener at 127.0.0.1/40645] INFO  server.RaftServer$Division (RaftServerImpl.java:lambda$close$4(412)) - a0cd68b1-75b0-4717-86f8-69ceed32178b@group-2547DCD1978D: shutdown
2022-01-08 01:47:51,943 [Listener at 127.0.0.1/40645] INFO  util.JmxRegister (JmxRegister.java:unregister(73)) - Successfully un-registered JMX Bean with object name Ratis:service=RaftServer,group=group-2547DCD1978D,id=a0cd68b1-75b0-4717-86f8-69ceed32178b
2022-01-08 01:47:51,943 [Listener at 127.0.0.1/40645] INFO  impl.RoleInfo (RoleInfo.java:shutdownLeaderState(91)) - a0cd68b1-75b0-4717-86f8-69ceed32178b: shutdown a0cd68b1-75b0-4717-86f8-69ceed32178b@group-2547DCD1978D-LeaderStateImpl
2022-01-08 01:47:51,943 [Listener at 127.0.0.1/40645] INFO  impl.PendingRequests (PendingRequests.java:sendNotLeaderResponses(282)) - a0cd68b1-75b0-4717-86f8-69ceed32178b@group-2547DCD1978D-PendingRequests: sendNotLeaderResponses
2022-01-08 01:47:51,944 [Listener at 127.0.0.1/40645] INFO  impl.StateMachineUpdater (StateMachineUpdater.java:stopAndJoin(149)) - a0cd68b1-75b0-4717-86f8-69ceed32178b@group-2547DCD1978D-StateMachineUpdater: set stopIndex = 0
2022-01-08 01:47:51,945 [a0cd68b1-75b0-4717-86f8-69ceed32178b@group-2547DCD1978D-StateMachineUpdater] INFO  ratis.ContainerStateMachine (ContainerStateMachine.java:takeSnapshot(299)) - group-2547DCD1978D: Taking a snapshot at:(t:1, i:0) file /home/runner/work/ozone/ozone/hadoop-ozone/integration-test/target/test-dir/MiniOzoneClusterImpl-6a132c25-3902-4d06-b1e4-79a7ed3e0f57/datanode-6/data/ratis/5bf4701b-80ba-4d85-8f7b-2547dcd1978d/sm/snapshot.1_0
2022-01-08 01:47:51,947 [a0cd68b1-75b0-4717-86f8-69ceed32178b@group-2547DCD1978D-StateMachineUpdater] INFO  ratis.ContainerStateMachine (ContainerStateMachine.java:takeSnapshot(310)) - group-2547DCD1978D: Finished taking a snapshot at:(t:1, i:0) file:/home/runner/work/ozone/ozone/hadoop-ozone/integration-test/target/test-dir/MiniOzoneClusterImpl-6a132c25-3902-4d06-b1e4-79a7ed3e0f57/datanode-6/data/ratis/5bf4701b-80ba-4d85-8f7b-2547dcd1978d/sm/snapshot.1_0 took: 2 ms
2022-01-08 01:47:51,947 [a0cd68b1-75b0-4717-86f8-69ceed32178b@group-2547DCD1978D-StateMachineUpdater] INFO  impl.StateMachineUpdater (StateMachineUpdater.java:takeSnapshot(281)) - a0cd68b1-75b0-4717-86f8-69ceed32178b@group-2547DCD1978D-StateMachineUpdater: Took a snapshot at index 0
2022-01-08 01:47:51,947 [a0cd68b1-75b0-4717-86f8-69ceed32178b@group-2547DCD1978D-StateMachineUpdater] INFO  impl.StateMachineUpdater (StateMachineUpdater.java:lambda$new$0(89)) - a0cd68b1-75b0-4717-86f8-69ceed32178b@group-2547DCD1978D-StateMachineUpdater: snapshotIndex: updateIncreasingly -1 -> 0
2022-01-08 01:47:51,947 [Listener at 127.0.0.1/40645] INFO  server.RaftServer$Division (ServerState.java:close(419)) - a0cd68b1-75b0-4717-86f8-69ceed32178b@group-2547DCD1978D: closes. applyIndex: 0
2022-01-08 01:47:51,947 [a0cd68b1-75b0-4717-86f8-69ceed32178b@group-2547DCD1978D-SegmentedRaftLogWorker] INFO  segmented.SegmentedRaftLogWorker (SegmentedRaftLogWorker.java:run(327)) - a0cd68b1-75b0-4717-86f8-69ceed32178b@group-2547DCD1978D-SegmentedRaftLogWorker was interrupted, exiting. There are 0 tasks remaining in the queue.
2022-01-08 01:47:51,948 [Listener at 127.0.0.1/40645] INFO  segmented.SegmentedRaftLogWorker (SegmentedRaftLogWorker.java:close(237)) - a0cd68b1-75b0-4717-86f8-69ceed32178b@group-2547DCD1978D-SegmentedRaftLogWorker close()
2022-01-08 01:47:51,948 [Listener at 127.0.0.1/40645] INFO  server.RaftServer$Division (RaftServerImpl.java:lambda$close$4(412)) - a0cd68b1-75b0-4717-86f8-69ceed32178b@group-C60743901939: shutdown
2022-01-08 01:47:51,948 [Listener at 127.0.0.1/40645] INFO  util.JmxRegister (JmxRegister.java:unregister(73)) - Successfully un-registered JMX Bean with object name Ratis:service=RaftServer,group=group-C60743901939,id=a0cd68b1-75b0-4717-86f8-69ceed32178b
2022-01-08 01:47:51,949 [Listener at 127.0.0.1/40645] INFO  impl.RoleInfo (RoleInfo.java:shutdownLeaderState(91)) - a0cd68b1-75b0-4717-86f8-69ceed32178b: shutdown a0cd68b1-75b0-4717-86f8-69ceed32178b@group-C60743901939-LeaderStateImpl
2022-01-08 01:47:51,949 [a0cd68b1-75b0-4717-86f8-69ceed32178b@group-C60743901939->44471f42-9a01-4764-8909-e7e02c044ebe-GrpcLogAppender-LogAppenderDaemon] WARN  server.GrpcLogAppender (GrpcLogAppender.java:mayWait(177)) - a0cd68b1-75b0-4717-86f8-69ceed32178b@group-C60743901939->44471f42-9a01-4764-8909-e7e02c044ebe-GrpcLogAppender: Wait interrupted by java.lang.InterruptedException
2022-01-08 01:47:51,949 [grpc-default-executor-2] INFO  server.GrpcServerProtocolService (GrpcServerProtocolService.java:onCompleted(140)) - 44471f42-9a01-4764-8909-e7e02c044ebe: Completed APPEND_ENTRIES, lastRequest: a0cd68b1-75b0-4717-86f8-69ceed32178b->44471f42-9a01-4764-8909-e7e02c044ebe#1-t1,previous=(t:0, i:0),leaderCommit=-1,initializing? true,entries: size=1, first=(t:1, i:0), CONFIGURATIONENTRY
2022-01-08 01:47:51,950 [grpc-default-executor-1] INFO  server.GrpcLogAppender (GrpcLogAppender.java:onCompleted(346)) - a0cd68b1-75b0-4717-86f8-69ceed32178b@group-C60743901939->44471f42-9a01-4764-8909-e7e02c044ebe-AppendLogResponseHandler: follower responses appendEntries COMPLETED
2022-01-08 01:47:51,950 [grpc-default-executor-1] INFO  leader.FollowerInfo (FollowerInfoImpl.java:lambda$new$0(47)) - a0cd68b1-75b0-4717-86f8-69ceed32178b@group-C60743901939->44471f42-9a01-4764-8909-e7e02c044ebe: nextIndex: updateUnconditionally 1 -> 0
2022-01-08 01:47:51,950 [a0cd68b1-75b0-4717-86f8-69ceed32178b@group-C60743901939->6477641b-710a-49ab-b56b-e0f600eb5c24-GrpcLogAppender-LogAppenderDaemon] WARN  server.GrpcLogAppender (GrpcLogAppender.java:mayWait(177)) - a0cd68b1-75b0-4717-86f8-69ceed32178b@group-C60743901939->6477641b-710a-49ab-b56b-e0f600eb5c24-GrpcLogAppender: Wait interrupted by java.lang.InterruptedException
2022-01-08 01:47:51,951 [grpc-default-executor-2] INFO  server.GrpcServerProtocolService (GrpcServerProtocolService.java:onCompleted(140)) - 6477641b-710a-49ab-b56b-e0f600eb5c24: Completed APPEND_ENTRIES, lastRequest: a0cd68b1-75b0-4717-86f8-69ceed32178b->6477641b-710a-49ab-b56b-e0f600eb5c24#1-t1,previous=(t:0, i:0),leaderCommit=0,initializing? true,entries: size=1, first=(t:1, i:0), CONFIGURATIONENTRY
2022-01-08 01:47:51,951 [grpc-default-executor-1] INFO  server.GrpcLogAppender (GrpcLogAppender.java:onCompleted(346)) - a0cd68b1-75b0-4717-86f8-69ceed32178b@group-C60743901939->6477641b-710a-49ab-b56b-e0f600eb5c24-AppendLogResponseHandler: follower responses appendEntries COMPLETED
2022-01-08 01:47:51,951 [grpc-default-executor-1] INFO  leader.FollowerInfo (FollowerInfoImpl.java:lambda$new$0(47)) - a0cd68b1-75b0-4717-86f8-69ceed32178b@group-C60743901939->6477641b-710a-49ab-b56b-e0f600eb5c24: nextIndex: updateUnconditionally 1 -> 0
2022-01-08 01:47:51,952 [Listener at 127.0.0.1/40645] INFO  impl.PendingRequests (PendingRequests.java:sendNotLeaderResponses(282)) - a0cd68b1-75b0-4717-86f8-69ceed32178b@group-C60743901939-PendingRequests: sendNotLeaderResponses
2022-01-08 01:47:51,953 [a0cd68b1-75b0-4717-86f8-69ceed32178b@group-C60743901939-StateMachineUpdater] INFO  ratis.ContainerStateMachine (ContainerStateMachine.java:takeSnapshot(299)) - group-C60743901939: Taking a snapshot at:(t:1, i:0) file /home/runner/work/ozone/ozone/hadoop-ozone/integration-test/target/test-dir/MiniOzoneClusterImpl-6a132c25-3902-4d06-b1e4-79a7ed3e0f57/datanode-6/data/ratis/bf5e8428-5878-49a6-8fa1-c60743901939/sm/snapshot.1_0
2022-01-08 01:47:51,953 [Listener at 127.0.0.1/40645] INFO  impl.StateMachineUpdater (StateMachineUpdater.java:stopAndJoin(149)) - a0cd68b1-75b0-4717-86f8-69ceed32178b@group-C60743901939-StateMachineUpdater: set stopIndex = 0
2022-01-08 01:47:51,956 [a0cd68b1-75b0-4717-86f8-69ceed32178b@group-C60743901939-StateMachineUpdater] INFO  ratis.ContainerStateMachine (ContainerStateMachine.java:takeSnapshot(310)) - group-C60743901939: Finished taking a snapshot at:(t:1, i:0) file:/home/runner/work/ozone/ozone/hadoop-ozone/integration-test/target/test-dir/MiniOzoneClusterImpl-6a132c25-3902-4d06-b1e4-79a7ed3e0f57/datanode-6/data/ratis/bf5e8428-5878-49a6-8fa1-c60743901939/sm/snapshot.1_0 took: 4 ms
2022-01-08 01:47:51,956 [a0cd68b1-75b0-4717-86f8-69ceed32178b@group-C60743901939-StateMachineUpdater] INFO  impl.StateMachineUpdater (StateMachineUpdater.java:takeSnapshot(281)) - a0cd68b1-75b0-4717-86f8-69ceed32178b@group-C60743901939-StateMachineUpdater: Took a snapshot at index 0
2022-01-08 01:47:51,957 [a0cd68b1-75b0-4717-86f8-69ceed32178b@group-C60743901939-StateMachineUpdater] INFO  impl.StateMachineUpdater (StateMachineUpdater.java:lambda$new$0(89)) - a0cd68b1-75b0-4717-86f8-69ceed32178b@group-C60743901939-StateMachineUpdater: snapshotIndex: updateIncreasingly -1 -> 0
2022-01-08 01:47:51,957 [Listener at 127.0.0.1/40645] INFO  server.RaftServer$Division (ServerState.java:close(419)) - a0cd68b1-75b0-4717-86f8-69ceed32178b@group-C60743901939: closes. applyIndex: 0
2022-01-08 01:47:51,957 [a0cd68b1-75b0-4717-86f8-69ceed32178b@group-C60743901939-SegmentedRaftLogWorker] INFO  segmented.SegmentedRaftLogWorker (SegmentedRaftLogWorker.java:run(327)) - a0cd68b1-75b0-4717-86f8-69ceed32178b@group-C60743901939-SegmentedRaftLogWorker was interrupted, exiting. There are 0 tasks remaining in the queue.
2022-01-08 01:47:51,987 [Listener at 127.0.0.1/40645] INFO  segmented.SegmentedRaftLogWorker (SegmentedRaftLogWorker.java:close(237)) - a0cd68b1-75b0-4717-86f8-69ceed32178b@group-C60743901939-SegmentedRaftLogWorker close()
2022-01-08 01:47:51,992 [Listener at 127.0.0.1/40645] INFO  server.GrpcService (GrpcService.java:closeImpl(262)) - a0cd68b1-75b0-4717-86f8-69ceed32178b: shutdown server with port 43001 now
2022-01-08 01:47:51,994 [Listener at 127.0.0.1/40645] INFO  server.GrpcService (GrpcService.java:closeImpl(271)) - a0cd68b1-75b0-4717-86f8-69ceed32178b: shutdown server with port 43001 successfully
2022-01-08 01:47:51,994 [org.apache.ratis.util.JvmPauseMonitor$$Lambda$539/2045747304@41e4041b] INFO  util.JvmPauseMonitor (JvmPauseMonitor.java:run(109)) - JvmPauseMonitor-a0cd68b1-75b0-4717-86f8-69ceed32178b: Stopped
2022-01-08 01:47:52,099 [6477641b-710a-49ab-b56b-e0f600eb5c24@group-57B31BB58AB0-LeaderStateImpl] INFO  server.RaftServer$Division (LeaderStateImpl.java:yieldLeaderToHigherPriorityPeer(930)) - 6477641b-710a-49ab-b56b-e0f600eb5c24@group-57B31BB58AB0-LeaderStateImpl send StartLeaderElectionRequest to follower:9d6916e6-e933-4839-a7aa-b025ed7fd068 on term:1 because follower's priority:1 is higher than leader's:0 and follower's lastEntry index:0 catch up with leader's:0
2022-01-08 01:47:52,382 [grpc-default-executor-2] WARN  server.GrpcLogAppender (LogUtils.java:warn(122)) - 81a3d3bc-df93-482d-841e-57d386bb5ebf@group-53A1D7CF6D66->a6c260a2-0fcb-4cbe-bb3c-7bbe6bc0f1a0-AppendLogResponseHandler: Failed appendEntries: org.apache.ratis.thirdparty.io.grpc.StatusRuntimeException: UNAVAILABLE: io exception
2022-01-08 01:47:52,383 [grpc-default-executor-2] WARN  server.GrpcLogAppender (GrpcLogAppender.java:resetClient(110)) - 81a3d3bc-df93-482d-841e-57d386bb5ebf@group-53A1D7CF6D66->a6c260a2-0fcb-4cbe-bb3c-7bbe6bc0f1a0-GrpcLogAppender: Leader has not got in touch with Follower 81a3d3bc-df93-482d-841e-57d386bb5ebf@group-53A1D7CF6D66->a6c260a2-0fcb-4cbe-bb3c-7bbe6bc0f1a0(c-1,m0,n3, attendVote=true, lastRpcSendTime=2509, lastRpcResponseTime=10376) yet, just keep nextIndex unchanged and retry.
2022-01-08 01:47:52,401 [grpc-default-executor-2] WARN  server.GrpcLogAppender (LogUtils.java:warn(122)) - 81a3d3bc-df93-482d-841e-57d386bb5ebf@group-225DCE1D33EE->a6c260a2-0fcb-4cbe-bb3c-7bbe6bc0f1a0-AppendLogResponseHandler: Failed appendEntries: org.apache.ratis.thirdparty.io.grpc.StatusRuntimeException: UNAVAILABLE: io exception
2022-01-08 01:47:52,401 [grpc-default-executor-2] WARN  server.GrpcLogAppender (GrpcLogAppender.java:resetClient(110)) - 81a3d3bc-df93-482d-841e-57d386bb5ebf@group-225DCE1D33EE->a6c260a2-0fcb-4cbe-bb3c-7bbe6bc0f1a0-GrpcLogAppender: Leader has not got in touch with Follower 81a3d3bc-df93-482d-841e-57d386bb5ebf@group-225DCE1D33EE->a6c260a2-0fcb-4cbe-bb3c-7bbe6bc0f1a0(c0,m0,n1, attendVote=true, lastRpcSendTime=2510, lastRpcResponseTime=12548) yet, just keep nextIndex unchanged and retry.
2022-01-08 01:47:53,795 [grpc-default-executor-2] WARN  server.GrpcLogAppender (LogUtils.java:warn(122)) - 46dea062-dbed-4f29-9927-38d96de780a1@group-E4867FAC98DD->a6c260a2-0fcb-4cbe-bb3c-7bbe6bc0f1a0-AppendLogResponseHandler: Failed appendEntries: org.apache.ratis.thirdparty.io.grpc.StatusRuntimeException: UNAVAILABLE: io exception
2022-01-08 01:47:53,796 [grpc-default-executor-2] WARN  server.GrpcLogAppender (GrpcLogAppender.java:resetClient(110)) - 46dea062-dbed-4f29-9927-38d96de780a1@group-E4867FAC98DD->a6c260a2-0fcb-4cbe-bb3c-7bbe6bc0f1a0-GrpcLogAppender: Leader has not got in touch with Follower 46dea062-dbed-4f29-9927-38d96de780a1@group-E4867FAC98DD->a6c260a2-0fcb-4cbe-bb3c-7bbe6bc0f1a0(c0,m0,n1, attendVote=true, lastRpcSendTime=2527, lastRpcResponseTime=12553) yet, just keep nextIndex unchanged and retry.
2022-01-08 01:47:54,071 [Listener at 127.0.0.1/40645] INFO  utils.BackgroundService (BackgroundService.java:shutdown(132)) - Shutting down service BlockDeletingService
2022-01-08 01:47:54,165 [grpc-default-executor-2] WARN  server.GrpcLogAppender (LogUtils.java:warn(122)) - 6477641b-710a-49ab-b56b-e0f600eb5c24@group-57B31BB58AB0->9d6916e6-e933-4839-a7aa-b025ed7fd068-AppendLogResponseHandler: Failed appendEntries: org.apache.ratis.thirdparty.io.grpc.StatusRuntimeException: UNAVAILABLE: io exception
2022-01-08 01:47:54,166 [grpc-default-executor-2] WARN  server.GrpcLogAppender (GrpcLogAppender.java:resetClient(110)) - 6477641b-710a-49ab-b56b-e0f600eb5c24@group-57B31BB58AB0->9d6916e6-e933-4839-a7aa-b025ed7fd068-GrpcLogAppender: Leader has not got in touch with Follower 6477641b-710a-49ab-b56b-e0f600eb5c24@group-57B31BB58AB0->9d6916e6-e933-4839-a7aa-b025ed7fd068(c-1,m0,n1, attendVote=true, lastRpcSendTime=2519, lastRpcResponseTime=17829) yet, just keep nextIndex unchanged and retry.
2022-01-08 01:47:54,247 [grpc-default-executor-2] WARN  server.GrpcLogAppender (LogUtils.java:warn(122)) - 44471f42-9a01-4764-8909-e7e02c044ebe@group-CE8B11469DAA->9d6916e6-e933-4839-a7aa-b025ed7fd068-AppendLogResponseHandler: Failed appendEntries: org.apache.ratis.thirdparty.io.grpc.StatusRuntimeException: UNAVAILABLE: io exception
2022-01-08 01:47:54,248 [grpc-default-executor-2] WARN  server.GrpcLogAppender (GrpcLogAppender.java:resetClient(110)) - 44471f42-9a01-4764-8909-e7e02c044ebe@group-CE8B11469DAA->9d6916e6-e933-4839-a7aa-b025ed7fd068-GrpcLogAppender: Leader has not got in touch with Follower 44471f42-9a01-4764-8909-e7e02c044ebe@group-CE8B11469DAA->9d6916e6-e933-4839-a7aa-b025ed7fd068(c-1,m0,n1, attendVote=true, lastRpcSendTime=2505, lastRpcResponseTime=7817) yet, just keep nextIndex unchanged and retry.
2022-01-08 01:47:54,902 [grpc-default-executor-1] WARN  server.GrpcLogAppender (LogUtils.java:warn(122)) - 81a3d3bc-df93-482d-841e-57d386bb5ebf@group-53A1D7CF6D66->a6c260a2-0fcb-4cbe-bb3c-7bbe6bc0f1a0-AppendLogResponseHandler: Failed appendEntries: org.apache.ratis.thirdparty.io.grpc.StatusRuntimeException: UNAVAILABLE: io exception
2022-01-08 01:47:54,903 [grpc-default-executor-1] WARN  server.GrpcLogAppender (GrpcLogAppender.java:resetClient(110)) - 81a3d3bc-df93-482d-841e-57d386bb5ebf@group-53A1D7CF6D66->a6c260a2-0fcb-4cbe-bb3c-7bbe6bc0f1a0-GrpcLogAppender: Leader has not got in touch with Follower 81a3d3bc-df93-482d-841e-57d386bb5ebf@group-53A1D7CF6D66->a6c260a2-0fcb-4cbe-bb3c-7bbe6bc0f1a0(c-1,m0,n3, attendVote=true, lastRpcSendTime=2514, lastRpcResponseTime=12896) yet, just keep nextIndex unchanged and retry.
2022-01-08 01:47:54,907 [grpc-default-executor-1] WARN  server.GrpcLogAppender (LogUtils.java:warn(122)) - 81a3d3bc-df93-482d-841e-57d386bb5ebf@group-225DCE1D33EE->a6c260a2-0fcb-4cbe-bb3c-7bbe6bc0f1a0-AppendLogResponseHandler: Failed appendEntries: org.apache.ratis.thirdparty.io.grpc.StatusRuntimeException: UNAVAILABLE: io exception
2022-01-08 01:47:54,907 [grpc-default-executor-1] WARN  server.GrpcLogAppender (GrpcLogAppender.java:resetClient(110)) - 81a3d3bc-df93-482d-841e-57d386bb5ebf@group-225DCE1D33EE->a6c260a2-0fcb-4cbe-bb3c-7bbe6bc0f1a0-GrpcLogAppender: Leader has not got in touch with Follower 81a3d3bc-df93-482d-841e-57d386bb5ebf@group-225DCE1D33EE->a6c260a2-0fcb-4cbe-bb3c-7bbe6bc0f1a0(c0,m0,n1, attendVote=true, lastRpcSendTime=2505, lastRpcResponseTime=15054) yet, just keep nextIndex unchanged and retry.
2022-01-08 01:47:56,215 [EventQueue-DeadNodeForDeadNodeHandler] INFO  node.DeadNodeHandler (DeadNodeHandler.java:onMessage(80)) - A dead datanode is detected. a6c260a2-0fcb-4cbe-bb3c-7bbe6bc0f1a0{ip: 10.1.0.34, host: fv-az116-279.vzw04321ajxubdbcnpick5nqva.xx.internal.cloudapp.net, ports: [REPLICATION=46817, RATIS=44223, RATIS_ADMIN=44223, RATIS_SERVER=44223, STANDALONE=36635], networkLocation: /default-rack, certSerialId: null, persistedOpState: IN_SERVICE, persistedOpStateExpiryEpochSec: 0}
2022-01-08 01:47:56,215 [EventQueue-DeadNodeForDeadNodeHandler] INFO  pipeline.RatisPipelineProvider (RatisPipelineProvider.java:lambda$close$1(222)) - Send pipeline:PipelineID=11e6a4f4-e93b-49ef-a845-e4867fac98dd close command to datanode 46dea062-dbed-4f29-9927-38d96de780a1
2022-01-08 01:47:56,215 [EventQueue-DeadNodeForDeadNodeHandler] INFO  pipeline.RatisPipelineProvider (RatisPipelineProvider.java:lambda$close$1(222)) - Send pipeline:PipelineID=11e6a4f4-e93b-49ef-a845-e4867fac98dd close command to datanode a6c260a2-0fcb-4cbe-bb3c-7bbe6bc0f1a0
2022-01-08 01:47:56,215 [EventQueue-DeadNodeForDeadNodeHandler] INFO  pipeline.RatisPipelineProvider (RatisPipelineProvider.java:lambda$close$1(222)) - Send pipeline:PipelineID=11e6a4f4-e93b-49ef-a845-e4867fac98dd close command to datanode 81a3d3bc-df93-482d-841e-57d386bb5ebf
2022-01-08 01:47:56,215 [EventQueue-DeadNodeForDeadNodeHandler] INFO  pipeline.PipelineStateManagerImpl (PipelineStateManagerImpl.java:removePipeline(223)) - Pipeline Pipeline[ Id: 11e6a4f4-e93b-49ef-a845-e4867fac98dd, Nodes: 46dea062-dbed-4f29-9927-38d96de780a1{ip: 10.1.0.34, host: fv-az116-279.vzw04321ajxubdbcnpick5nqva.xx.internal.cloudapp.net, ports: [REPLICATION=42195, RATIS=40963, RATIS_ADMIN=40963, RATIS_SERVER=40963, STANDALONE=39759], networkLocation: /default-rack, certSerialId: null, persistedOpState: IN_SERVICE, persistedOpStateExpiryEpochSec: 0}a6c260a2-0fcb-4cbe-bb3c-7bbe6bc0f1a0{ip: 10.1.0.34, host: fv-az116-279.vzw04321ajxubdbcnpick5nqva.xx.internal.cloudapp.net, ports: [REPLICATION=46817, RATIS=44223, RATIS_ADMIN=44223, RATIS_SERVER=44223, STANDALONE=36635], networkLocation: /default-rack, certSerialId: null, persistedOpState: IN_SERVICE, persistedOpStateExpiryEpochSec: 0}81a3d3bc-df93-482d-841e-57d386bb5ebf{ip: 10.1.0.34, host: fv-az116-279.vzw04321ajxubdbcnpick5nqva.xx.internal.cloudapp.net, ports: [REPLICATION=40371, RATIS=40489, RATIS_ADMIN=40489, RATIS_SERVER=40489, STANDALONE=35775], networkLocation: /default-rack, certSerialId: null, persistedOpState: IN_SERVICE, persistedOpStateExpiryEpochSec: 0}, ReplicationConfig: RATIS/THREE, State:CLOSED, leaderId:46dea062-dbed-4f29-9927-38d96de780a1, CreationTimestamp2022-01-08T01:46:37.653Z[Etc/UTC]] removed.
2022-01-08 01:47:56,215 [EventQueue-DeadNodeForDeadNodeHandler] INFO  pipeline.RatisPipelineProvider (RatisPipelineProvider.java:lambda$close$1(222)) - Send pipeline:PipelineID=ed7d7f98-d33b-43a4-b8f6-53a1d7cf6d66 close command to datanode 46dea062-dbed-4f29-9927-38d96de780a1
2022-01-08 01:47:56,215 [EventQueue-DeadNodeForDeadNodeHandler] INFO  pipeline.RatisPipelineProvider (RatisPipelineProvider.java:lambda$close$1(222)) - Send pipeline:PipelineID=ed7d7f98-d33b-43a4-b8f6-53a1d7cf6d66 close command to datanode a6c260a2-0fcb-4cbe-bb3c-7bbe6bc0f1a0
2022-01-08 01:47:56,216 [EventQueue-DeadNodeForDeadNodeHandler] INFO  pipeline.RatisPipelineProvider (RatisPipelineProvider.java:lambda$close$1(222)) - Send pipeline:PipelineID=ed7d7f98-d33b-43a4-b8f6-53a1d7cf6d66 close command to datanode 81a3d3bc-df93-482d-841e-57d386bb5ebf
2022-01-08 01:47:56,216 [EventQueue-DeadNodeForDeadNodeHandler] INFO  pipeline.PipelineStateManagerImpl (PipelineStateManagerImpl.java:removePipeline(223)) - Pipeline Pipeline[ Id: ed7d7f98-d33b-43a4-b8f6-53a1d7cf6d66, Nodes: 46dea062-dbed-4f29-9927-38d96de780a1{ip: 10.1.0.34, host: fv-az116-279.vzw04321ajxubdbcnpick5nqva.xx.internal.cloudapp.net, ports: [REPLICATION=42195, RATIS=40963, RATIS_ADMIN=40963, RATIS_SERVER=40963, STANDALONE=39759], networkLocation: /default-rack, certSerialId: null, persistedOpState: IN_SERVICE, persistedOpStateExpiryEpochSec: 0}a6c260a2-0fcb-4cbe-bb3c-7bbe6bc0f1a0{ip: 10.1.0.34, host: fv-az116-279.vzw04321ajxubdbcnpick5nqva.xx.internal.cloudapp.net, ports: [REPLICATION=46817, RATIS=44223, RATIS_ADMIN=44223, RATIS_SERVER=44223, STANDALONE=36635], networkLocation: /default-rack, certSerialId: null, persistedOpState: IN_SERVICE, persistedOpStateExpiryEpochSec: 0}81a3d3bc-df93-482d-841e-57d386bb5ebf{ip: 10.1.0.34, host: fv-az116-279.vzw04321ajxubdbcnpick5nqva.xx.internal.cloudapp.net, ports: [REPLICATION=40371, RATIS=40489, RATIS_ADMIN=40489, RATIS_SERVER=40489, STANDALONE=35775], networkLocation: /default-rack, certSerialId: null, persistedOpState: IN_SERVICE, persistedOpStateExpiryEpochSec: 0}, ReplicationConfig: RATIS/THREE, State:CLOSED, leaderId:81a3d3bc-df93-482d-841e-57d386bb5ebf, CreationTimestamp2022-01-08T01:46:37.654Z[Etc/UTC]] removed.
2022-01-08 01:47:56,216 [EventQueue-DeadNodeForDeadNodeHandler] INFO  pipeline.RatisPipelineProvider (RatisPipelineProvider.java:lambda$close$1(222)) - Send pipeline:PipelineID=3da49daf-5669-450e-8f63-4ec77f673555 close command to datanode a6c260a2-0fcb-4cbe-bb3c-7bbe6bc0f1a0
2022-01-08 01:47:56,216 [EventQueue-DeadNodeForDeadNodeHandler] INFO  pipeline.PipelineStateManagerImpl (PipelineStateManagerImpl.java:removePipeline(223)) - Pipeline Pipeline[ Id: 3da49daf-5669-450e-8f63-4ec77f673555, Nodes: a6c260a2-0fcb-4cbe-bb3c-7bbe6bc0f1a0{ip: 10.1.0.34, host: fv-az116-279.vzw04321ajxubdbcnpick5nqva.xx.internal.cloudapp.net, ports: [REPLICATION=46817, RATIS=44223, RATIS_ADMIN=44223, RATIS_SERVER=44223, STANDALONE=36635], networkLocation: /default-rack, certSerialId: null, persistedOpState: IN_SERVICE, persistedOpStateExpiryEpochSec: 0}, ReplicationConfig: RATIS/ONE, State:CLOSED, leaderId:a6c260a2-0fcb-4cbe-bb3c-7bbe6bc0f1a0, CreationTimestamp2022-01-08T01:46:37.370Z[Etc/UTC]] removed.
2022-01-08 01:47:56,220 [EventQueue-DeadNodeForDeadNodeHandler] INFO  pipeline.RatisPipelineProvider (RatisPipelineProvider.java:lambda$close$1(222)) - Send pipeline:PipelineID=f15b3aaa-cebb-4a2e-9180-225dce1d33ee close command to datanode 81a3d3bc-df93-482d-841e-57d386bb5ebf
2022-01-08 01:47:56,220 [EventQueue-DeadNodeForDeadNodeHandler] INFO  pipeline.RatisPipelineProvider (RatisPipelineProvider.java:lambda$close$1(222)) - Send pipeline:PipelineID=f15b3aaa-cebb-4a2e-9180-225dce1d33ee close command to datanode 46dea062-dbed-4f29-9927-38d96de780a1
2022-01-08 01:47:56,220 [EventQueue-DeadNodeForDeadNodeHandler] INFO  pipeline.RatisPipelineProvider (RatisPipelineProvider.java:lambda$close$1(222)) - Send pipeline:PipelineID=f15b3aaa-cebb-4a2e-9180-225dce1d33ee close command to datanode a6c260a2-0fcb-4cbe-bb3c-7bbe6bc0f1a0
2022-01-08 01:47:56,220 [EventQueue-DeadNodeForDeadNodeHandler] INFO  pipeline.PipelineStateManagerImpl (PipelineStateManagerImpl.java:removePipeline(223)) - Pipeline Pipeline[ Id: f15b3aaa-cebb-4a2e-9180-225dce1d33ee, Nodes: 81a3d3bc-df93-482d-841e-57d386bb5ebf{ip: 10.1.0.34, host: fv-az116-279.vzw04321ajxubdbcnpick5nqva.xx.internal.cloudapp.net, ports: [REPLICATION=40371, RATIS=40489, RATIS_ADMIN=40489, RATIS_SERVER=40489, STANDALONE=35775], networkLocation: /default-rack, certSerialId: null, persistedOpState: IN_SERVICE, persistedOpStateExpiryEpochSec: 0}46dea062-dbed-4f29-9927-38d96de780a1{ip: 10.1.0.34, host: fv-az116-279.vzw04321ajxubdbcnpick5nqva.xx.internal.cloudapp.net, ports: [REPLICATION=42195, RATIS=40963, RATIS_ADMIN=40963, RATIS_SERVER=40963, STANDALONE=39759], networkLocation: /default-rack, certSerialId: null, persistedOpState: IN_SERVICE, persistedOpStateExpiryEpochSec: 0}a6c260a2-0fcb-4cbe-bb3c-7bbe6bc0f1a0{ip: 10.1.0.34, host: fv-az116-279.vzw04321ajxubdbcnpick5nqva.xx.internal.cloudapp.net, ports: [REPLICATION=46817, RATIS=44223, RATIS_ADMIN=44223, RATIS_SERVER=44223, STANDALONE=36635], networkLocation: /default-rack, certSerialId: null, persistedOpState: IN_SERVICE, persistedOpStateExpiryEpochSec: 0}, ReplicationConfig: RATIS/THREE, State:CLOSED, leaderId:81a3d3bc-df93-482d-841e-57d386bb5ebf, CreationTimestamp2022-01-08T01:46:37.657Z[Etc/UTC]] removed.
2022-01-08 01:47:56,220 [EventQueue-DeadNodeForDeadNodeHandler] INFO  net.NetworkTopologyImpl (NetworkTopologyImpl.java:remove(137)) - Removed a node: /default-rack/a6c260a2-0fcb-4cbe-bb3c-7bbe6bc0f1a0
2022-01-08 01:47:56,220 [EventQueue-DeadNodeForDeadNodeHandler] INFO  node.DeadNodeHandler (DeadNodeHandler.java:onMessage(80)) - A dead datanode is detected. 9d6916e6-e933-4839-a7aa-b025ed7fd068{ip: 10.1.0.34, host: fv-az116-279.vzw04321ajxubdbcnpick5nqva.xx.internal.cloudapp.net, ports: [REPLICATION=45495, RATIS=40543, RATIS_ADMIN=40543, RATIS_SERVER=40543, STANDALONE=40997], networkLocation: /default-rack, certSerialId: null, persistedOpState: IN_SERVICE, persistedOpStateExpiryEpochSec: 0}
2022-01-08 01:47:56,220 [EventQueue-DeadNodeForDeadNodeHandler] INFO  pipeline.RatisPipelineProvider (RatisPipelineProvider.java:lambda$close$1(222)) - Send pipeline:PipelineID=98d41487-13da-4396-8abb-57b31bb58ab0 close command to datanode 6477641b-710a-49ab-b56b-e0f600eb5c24
2022-01-08 01:47:56,220 [EventQueue-DeadNodeForDeadNodeHandler] INFO  pipeline.RatisPipelineProvider (RatisPipelineProvider.java:lambda$close$1(222)) - Send pipeline:PipelineID=98d41487-13da-4396-8abb-57b31bb58ab0 close command to datanode 9d6916e6-e933-4839-a7aa-b025ed7fd068
2022-01-08 01:47:56,220 [EventQueue-DeadNodeForDeadNodeHandler] INFO  pipeline.RatisPipelineProvider (RatisPipelineProvider.java:lambda$close$1(222)) - Send pipeline:PipelineID=98d41487-13da-4396-8abb-57b31bb58ab0 close command to datanode 44471f42-9a01-4764-8909-e7e02c044ebe
2022-01-08 01:47:56,220 [EventQueue-DeadNodeForDeadNodeHandler] INFO  pipeline.PipelineStateManagerImpl (PipelineStateManagerImpl.java:removePipeline(223)) - Pipeline Pipeline[ Id: 98d41487-13da-4396-8abb-57b31bb58ab0, Nodes: 6477641b-710a-49ab-b56b-e0f600eb5c24{ip: 10.1.0.34, host: fv-az116-279.vzw04321ajxubdbcnpick5nqva.xx.internal.cloudapp.net, ports: [REPLICATION=32997, RATIS=38417, RATIS_ADMIN=38417, RATIS_SERVER=38417, STANDALONE=42453], networkLocation: /default-rack, certSerialId: null, persistedOpState: IN_SERVICE, persistedOpStateExpiryEpochSec: 0}9d6916e6-e933-4839-a7aa-b025ed7fd068{ip: 10.1.0.34, host: fv-az116-279.vzw04321ajxubdbcnpick5nqva.xx.internal.cloudapp.net, ports: [REPLICATION=45495, RATIS=40543, RATIS_ADMIN=40543, RATIS_SERVER=40543, STANDALONE=40997], networkLocation: /default-rack, certSerialId: null, persistedOpState: IN_SERVICE, persistedOpStateExpiryEpochSec: 0}44471f42-9a01-4764-8909-e7e02c044ebe{ip: 10.1.0.34, host: fv-az116-279.vzw04321ajxubdbcnpick5nqva.xx.internal.cloudapp.net, ports: [REPLICATION=36939, RATIS=44109, RATIS_ADMIN=44109, RATIS_SERVER=44109, STANDALONE=34571], networkLocation: /default-rack, certSerialId: null, persistedOpState: IN_SERVICE, persistedOpStateExpiryEpochSec: 0}, ReplicationConfig: RATIS/THREE, State:CLOSED, leaderId:6477641b-710a-49ab-b56b-e0f600eb5c24, CreationTimestamp2022-01-08T01:47:34.920Z[Etc/UTC]] removed.
2022-01-08 01:47:56,221 [EventQueue-DeadNodeForDeadNodeHandler] INFO  pipeline.RatisPipelineProvider (RatisPipelineProvider.java:lambda$close$1(222)) - Send pipeline:PipelineID=0026e3cf-d5f4-426a-a575-ce8b11469daa close command to datanode 9d6916e6-e933-4839-a7aa-b025ed7fd068
2022-01-08 01:47:56,221 [EventQueue-DeadNodeForDeadNodeHandler] INFO  pipeline.RatisPipelineProvider (RatisPipelineProvider.java:lambda$close$1(222)) - Send pipeline:PipelineID=0026e3cf-d5f4-426a-a575-ce8b11469daa close command to datanode 6477641b-710a-49ab-b56b-e0f600eb5c24
2022-01-08 01:47:56,221 [EventQueue-DeadNodeForDeadNodeHandler] INFO  pipeline.RatisPipelineProvider (RatisPipelineProvider.java:lambda$close$1(222)) - Send pipeline:PipelineID=0026e3cf-d5f4-426a-a575-ce8b11469daa close command to datanode 44471f42-9a01-4764-8909-e7e02c044ebe
2022-01-08 01:47:56,221 [EventQueue-DeadNodeForDeadNodeHandler] INFO  pipeline.PipelineStateManagerImpl (PipelineStateManagerImpl.java:removePipeline(223)) - Pipeline Pipeline[ Id: 0026e3cf-d5f4-426a-a575-ce8b11469daa, Nodes: 9d6916e6-e933-4839-a7aa-b025ed7fd068{ip: 10.1.0.34, host: fv-az116-279.vzw04321ajxubdbcnpick5nqva.xx.internal.cloudapp.net, ports: [REPLICATION=45495, RATIS=40543, RATIS_ADMIN=40543, RATIS_SERVER=40543, STANDALONE=40997], networkLocation: /default-rack, certSerialId: null, persistedOpState: IN_SERVICE, persistedOpStateExpiryEpochSec: 0}6477641b-710a-49ab-b56b-e0f600eb5c24{ip: 10.1.0.34, host: fv-az116-279.vzw04321ajxubdbcnpick5nqva.xx.internal.cloudapp.net, ports: [REPLICATION=32997, RATIS=38417, RATIS_ADMIN=38417, RATIS_SERVER=38417, STANDALONE=42453], networkLocation: /default-rack, certSerialId: null, persistedOpState: IN_SERVICE, persistedOpStateExpiryEpochSec: 0}44471f42-9a01-4764-8909-e7e02c044ebe{ip: 10.1.0.34, host: fv-az116-279.vzw04321ajxubdbcnpick5nqva.xx.internal.cloudapp.net, ports: [REPLICATION=36939, RATIS=44109, RATIS_ADMIN=44109, RATIS_SERVER=44109, STANDALONE=34571], networkLocation: /default-rack, certSerialId: null, persistedOpState: IN_SERVICE, persistedOpStateExpiryEpochSec: 0}, ReplicationConfig: RATIS/THREE, State:CLOSED, leaderId:44471f42-9a01-4764-8909-e7e02c044ebe, CreationTimestamp2022-01-08T01:47:34.919Z[Etc/UTC]] removed.
2022-01-08 01:47:56,222 [EventQueue-DeadNodeForDeadNodeHandler] INFO  pipeline.RatisPipelineProvider (RatisPipelineProvider.java:lambda$close$1(222)) - Send pipeline:PipelineID=2d77fd3c-641f-4223-9abe-735aa5d0622b close command to datanode 9d6916e6-e933-4839-a7aa-b025ed7fd068
2022-01-08 01:47:56,224 [EventQueue-DeadNodeForDeadNodeHandler] INFO  pipeline.PipelineStateManagerImpl (PipelineStateManagerImpl.java:removePipeline(223)) - Pipeline Pipeline[ Id: 2d77fd3c-641f-4223-9abe-735aa5d0622b, Nodes: 9d6916e6-e933-4839-a7aa-b025ed7fd068{ip: 10.1.0.34, host: fv-az116-279.vzw04321ajxubdbcnpick5nqva.xx.internal.cloudapp.net, ports: [REPLICATION=45495, RATIS=40543, RATIS_ADMIN=40543, RATIS_SERVER=40543, STANDALONE=40997], networkLocation: /default-rack, certSerialId: null, persistedOpState: IN_SERVICE, persistedOpStateExpiryEpochSec: 0}, ReplicationConfig: RATIS/ONE, State:CLOSED, leaderId:9d6916e6-e933-4839-a7aa-b025ed7fd068, CreationTimestamp2022-01-08T01:47:34.918Z[Etc/UTC]] removed.
2022-01-08 01:47:56,224 [EventQueue-DeadNodeForDeadNodeHandler] INFO  net.NetworkTopologyImpl (NetworkTopologyImpl.java:remove(137)) - Removed a node: /default-rack/9d6916e6-e933-4839-a7aa-b025ed7fd068
2022-01-08 01:47:56,299 [grpc-default-executor-1] WARN  server.GrpcLogAppender (LogUtils.java:warn(122)) - 46dea062-dbed-4f29-9927-38d96de780a1@group-E4867FAC98DD->a6c260a2-0fcb-4cbe-bb3c-7bbe6bc0f1a0-AppendLogResponseHandler: Failed appendEntries: org.apache.ratis.thirdparty.io.grpc.StatusRuntimeException: UNAVAILABLE: io exception
2022-01-08 01:47:56,300 [grpc-default-executor-1] WARN  server.GrpcLogAppender (GrpcLogAppender.java:resetClient(110)) - 46dea062-dbed-4f29-9927-38d96de780a1@group-E4867FAC98DD->a6c260a2-0fcb-4cbe-bb3c-7bbe6bc0f1a0-GrpcLogAppender: Leader has not got in touch with Follower 46dea062-dbed-4f29-9927-38d96de780a1@group-E4867FAC98DD->a6c260a2-0fcb-4cbe-bb3c-7bbe6bc0f1a0(c0,m0,n1, attendVote=true, lastRpcSendTime=2503, lastRpcResponseTime=15057) yet, just keep nextIndex unchanged and retry.
2022-01-08 01:47:56,421 [EventQueue-StaleNodeForStaleNodeHandler] INFO  node.StaleNodeHandler (StaleNodeHandler.java:onMessage(58)) - Datanode a0cd68b1-75b0-4717-86f8-69ceed32178b{ip: 10.1.0.34, host: fv-az116-279.vzw04321ajxubdbcnpick5nqva.xx.internal.cloudapp.net, ports: [REPLICATION=45487, RATIS=43001, RATIS_ADMIN=43001, RATIS_SERVER=43001, STANDALONE=37831], networkLocation: /default-rack, certSerialId: null, persistedOpState: IN_SERVICE, persistedOpStateExpiryEpochSec: 0} moved to stale state. Finalizing its pipelines [PipelineID=5bf4701b-80ba-4d85-8f7b-2547dcd1978d, PipelineID=bf5e8428-5878-49a6-8fa1-c60743901939]
2022-01-08 01:47:56,422 [EventQueue-StaleNodeForStaleNodeHandler] INFO  pipeline.PipelineManagerImpl (PipelineManagerImpl.java:closePipeline(365)) - Pipeline Pipeline[ Id: 5bf4701b-80ba-4d85-8f7b-2547dcd1978d, Nodes: a0cd68b1-75b0-4717-86f8-69ceed32178b{ip: 10.1.0.34, host: fv-az116-279.vzw04321ajxubdbcnpick5nqva.xx.internal.cloudapp.net, ports: [REPLICATION=45487, RATIS=43001, RATIS_ADMIN=43001, RATIS_SERVER=43001, STANDALONE=37831], networkLocation: /default-rack, certSerialId: null, persistedOpState: IN_SERVICE, persistedOpStateExpiryEpochSec: 0}, ReplicationConfig: RATIS/ONE, State:OPEN, leaderId:a0cd68b1-75b0-4717-86f8-69ceed32178b, CreationTimestamp2022-01-08T01:46:37.884Z[Etc/UTC]] moved to CLOSED state
2022-01-08 01:47:56,422 [EventQueue-StaleNodeForStaleNodeHandler] INFO  pipeline.PipelineManagerImpl (PipelineManagerImpl.java:closePipeline(365)) - Pipeline Pipeline[ Id: bf5e8428-5878-49a6-8fa1-c60743901939, Nodes: 44471f42-9a01-4764-8909-e7e02c044ebe{ip: 10.1.0.34, host: fv-az116-279.vzw04321ajxubdbcnpick5nqva.xx.internal.cloudapp.net, ports: [REPLICATION=36939, RATIS=44109, RATIS_ADMIN=44109, RATIS_SERVER=44109, STANDALONE=34571], networkLocation: /default-rack, certSerialId: null, persistedOpState: IN_SERVICE, persistedOpStateExpiryEpochSec: 0}6477641b-710a-49ab-b56b-e0f600eb5c24{ip: 10.1.0.34, host: fv-az116-279.vzw04321ajxubdbcnpick5nqva.xx.internal.cloudapp.net, ports: [REPLICATION=32997, RATIS=38417, RATIS_ADMIN=38417, RATIS_SERVER=38417, STANDALONE=42453], networkLocation: /default-rack, certSerialId: null, persistedOpState: IN_SERVICE, persistedOpStateExpiryEpochSec: 0}a0cd68b1-75b0-4717-86f8-69ceed32178b{ip: 10.1.0.34, host: fv-az116-279.vzw04321ajxubdbcnpick5nqva.xx.internal.cloudapp.net, ports: [REPLICATION=45487, RATIS=43001, RATIS_ADMIN=43001, RATIS_SERVER=43001, STANDALONE=37831], networkLocation: /default-rack, certSerialId: null, persistedOpState: IN_SERVICE, persistedOpStateExpiryEpochSec: 0}, ReplicationConfig: RATIS/THREE, State:OPEN, leaderId:a0cd68b1-75b0-4717-86f8-69ceed32178b, CreationTimestamp2022-01-08T01:47:34.921Z[Etc/UTC]] moved to CLOSED state
2022-01-08 01:47:56,667 [grpc-default-executor-1] WARN  server.GrpcLogAppender (LogUtils.java:warn(122)) - 6477641b-710a-49ab-b56b-e0f600eb5c24@group-57B31BB58AB0->9d6916e6-e933-4839-a7aa-b025ed7fd068-AppendLogResponseHandler: Failed appendEntries: org.apache.ratis.thirdparty.io.grpc.StatusRuntimeException: UNAVAILABLE: io exception
2022-01-08 01:47:56,668 [grpc-default-executor-1] WARN  server.GrpcLogAppender (GrpcLogAppender.java:resetClient(110)) - 6477641b-710a-49ab-b56b-e0f600eb5c24@group-57B31BB58AB0->9d6916e6-e933-4839-a7aa-b025ed7fd068-GrpcLogAppender: Leader has not got in touch with Follower 6477641b-710a-49ab-b56b-e0f600eb5c24@group-57B31BB58AB0->9d6916e6-e933-4839-a7aa-b025ed7fd068(c-1,m0,n1, attendVote=true, lastRpcSendTime=2501, lastRpcResponseTime=20331) yet, just keep nextIndex unchanged and retry.
2022-01-08 01:47:56,723 [44471f42-9a01-4764-8909-e7e02c044ebe@group-C60743901939-FollowerState] INFO  impl.FollowerState (FollowerState.java:run(134)) - 44471f42-9a01-4764-8909-e7e02c044ebe@group-C60743901939-FollowerState: change to CANDIDATE, lastRpcElapsedTime:5138834206ns, electionTimeout:5096ms
2022-01-08 01:47:56,723 [44471f42-9a01-4764-8909-e7e02c044ebe@group-C60743901939-FollowerState] INFO  impl.RoleInfo (RoleInfo.java:shutdownFollowerState(108)) - 44471f42-9a01-4764-8909-e7e02c044ebe: shutdown 44471f42-9a01-4764-8909-e7e02c044ebe@group-C60743901939-FollowerState
2022-01-08 01:47:56,723 [44471f42-9a01-4764-8909-e7e02c044ebe@group-C60743901939-FollowerState] INFO  server.RaftServer$Division (RaftServerImpl.java:setRole(290)) - 44471f42-9a01-4764-8909-e7e02c044ebe@group-C60743901939: changes role from  FOLLOWER to CANDIDATE at term 1 for changeToCandidate
2022-01-08 01:47:56,723 [44471f42-9a01-4764-8909-e7e02c044ebe@group-C60743901939-FollowerState] INFO  server.RaftServerConfigKeys (ConfUtils.java:logGet(44)) - raft.server.leaderelection.pre-vote = false (custom)
2022-01-08 01:47:56,723 [44471f42-9a01-4764-8909-e7e02c044ebe@group-C60743901939-FollowerState] INFO  impl.RoleInfo (RoleInfo.java:updateAndGet(130)) - 44471f42-9a01-4764-8909-e7e02c044ebe: start 44471f42-9a01-4764-8909-e7e02c044ebe@group-C60743901939-LeaderElection112
2022-01-08 01:47:56,745 [44471f42-9a01-4764-8909-e7e02c044ebe@group-C60743901939-LeaderElection112] INFO  server.RaftServer$Division (ServerState.java:setLeader(285)) - 44471f42-9a01-4764-8909-e7e02c044ebe@group-C60743901939: change Leader from a0cd68b1-75b0-4717-86f8-69ceed32178b to null at term 1 for ELECTION
2022-01-08 01:47:56,751 [44471f42-9a01-4764-8909-e7e02c044ebe@group-C60743901939-LeaderElection112] INFO  impl.LeaderElection (LeaderElection.java:askForVotes(306)) - 44471f42-9a01-4764-8909-e7e02c044ebe@group-C60743901939-LeaderElection112 ELECTION round 0: submit vote requests at term 2 for 0: [6477641b-710a-49ab-b56b-e0f600eb5c24|rpc:10.1.0.34:38417|dataStream:|priority:0, a0cd68b1-75b0-4717-86f8-69ceed32178b|rpc:10.1.0.34:43001|dataStream:|priority:1, 44471f42-9a01-4764-8909-e7e02c044ebe|rpc:10.1.0.34:44109|dataStream:|priority:0], old=null
2022-01-08 01:47:56,755 [grpc-default-executor-1] WARN  server.GrpcLogAppender (LogUtils.java:warn(122)) - 44471f42-9a01-4764-8909-e7e02c044ebe@group-CE8B11469DAA->9d6916e6-e933-4839-a7aa-b025ed7fd068-AppendLogResponseHandler: Failed appendEntries: org.apache.ratis.thirdparty.io.grpc.StatusRuntimeException: UNAVAILABLE: io exception
2022-01-08 01:47:56,755 [grpc-default-executor-1] WARN  server.GrpcLogAppender (GrpcLogAppender.java:resetClient(110)) - 44471f42-9a01-4764-8909-e7e02c044ebe@group-CE8B11469DAA->9d6916e6-e933-4839-a7aa-b025ed7fd068-GrpcLogAppender: Leader has not got in touch with Follower 44471f42-9a01-4764-8909-e7e02c044ebe@group-CE8B11469DAA->9d6916e6-e933-4839-a7aa-b025ed7fd068(c-1,m0,n1, attendVote=true, lastRpcSendTime=2500, lastRpcResponseTime=10324) yet, just keep nextIndex unchanged and retry.
2022-01-08 01:47:56,779 [grpc-default-executor-1] INFO  server.RaftServer$Division (RaftServerImpl.java:requestVote(1046)) - 6477641b-710a-49ab-b56b-e0f600eb5c24@group-C60743901939: receive requestVote(ELECTION, 44471f42-9a01-4764-8909-e7e02c044ebe, group-C60743901939, 2, (t:1, i:0))
2022-01-08 01:47:56,779 [grpc-default-executor-1] INFO  impl.VoteContext (VoteContext.java:log(48)) - 6477641b-710a-49ab-b56b-e0f600eb5c24@group-C60743901939-FOLLOWER: accept ELECTION from 44471f42-9a01-4764-8909-e7e02c044ebe: our priority 0 <= candidate's priority 0
2022-01-08 01:47:56,779 [grpc-default-executor-1] INFO  server.RaftServer$Division (ServerState.java:setLeader(285)) - 6477641b-710a-49ab-b56b-e0f600eb5c24@group-C60743901939: change Leader from a0cd68b1-75b0-4717-86f8-69ceed32178b to null at term 2 for updateCurrentTerm
2022-01-08 01:47:56,779 [grpc-default-executor-1] INFO  server.RaftServer$Division (RaftServerImpl.java:setRole(290)) - 6477641b-710a-49ab-b56b-e0f600eb5c24@group-C60743901939: changes role from  FOLLOWER to FOLLOWER at term 2 for candidate:44471f42-9a01-4764-8909-e7e02c044ebe
2022-01-08 01:47:56,779 [grpc-default-executor-1] INFO  impl.RoleInfo (RoleInfo.java:shutdownFollowerState(108)) - 6477641b-710a-49ab-b56b-e0f600eb5c24: shutdown 6477641b-710a-49ab-b56b-e0f600eb5c24@group-C60743901939-FollowerState
2022-01-08 01:47:56,795 [grpc-default-executor-1] INFO  impl.RoleInfo (RoleInfo.java:updateAndGet(130)) - 6477641b-710a-49ab-b56b-e0f600eb5c24: start 6477641b-710a-49ab-b56b-e0f600eb5c24@group-C60743901939-FollowerState
2022-01-08 01:47:56,815 [44471f42-9a01-4764-8909-e7e02c044ebe@group-C60743901939-LeaderElection112] INFO  impl.LeaderElection (LogUtils.java:infoOrTrace(137)) - 44471f42-9a01-4764-8909-e7e02c044ebe@group-C60743901939-LeaderElection112 got exception when requesting votes: java.util.concurrent.ExecutionException: org.apache.ratis.thirdparty.io.grpc.StatusRuntimeException: UNAVAILABLE: io exception
2022-01-08 01:47:56,820 [grpc-default-executor-1] INFO  server.RaftServer$Division (RaftServerImpl.java:requestVote(1078)) - 6477641b-710a-49ab-b56b-e0f600eb5c24@group-C60743901939 replies to ELECTION vote request: 44471f42-9a01-4764-8909-e7e02c044ebe<-6477641b-710a-49ab-b56b-e0f600eb5c24#0:OK-t2. Peer's state: 6477641b-710a-49ab-b56b-e0f600eb5c24@group-C60743901939:t2, leader=null, voted=44471f42-9a01-4764-8909-e7e02c044ebe, raftlog=6477641b-710a-49ab-b56b-e0f600eb5c24@group-C60743901939-SegmentedRaftLog:OPENED:c0, conf=0: [6477641b-710a-49ab-b56b-e0f600eb5c24|rpc:10.1.0.34:38417|dataStream:|priority:0, a0cd68b1-75b0-4717-86f8-69ceed32178b|rpc:10.1.0.34:43001|dataStream:|priority:1, 44471f42-9a01-4764-8909-e7e02c044ebe|rpc:10.1.0.34:44109|dataStream:|priority:0], old=null
2022-01-08 01:47:56,822 [44471f42-9a01-4764-8909-e7e02c044ebe@group-C60743901939-LeaderElection112] INFO  impl.LeaderElection (LeaderElection.java:logAndReturn(89)) - 44471f42-9a01-4764-8909-e7e02c044ebe@group-C60743901939-LeaderElection112: ELECTION PASSED received 1 response(s) and 1 exception(s):
2022-01-08 01:47:56,822 [44471f42-9a01-4764-8909-e7e02c044ebe@group-C60743901939-LeaderElection112] INFO  impl.LeaderElection (LeaderElection.java:logAndReturn(93)) -   Response 0: 44471f42-9a01-4764-8909-e7e02c044ebe<-6477641b-710a-49ab-b56b-e0f600eb5c24#0:OK-t2
2022-01-08 01:47:56,822 [44471f42-9a01-4764-8909-e7e02c044ebe@group-C60743901939-LeaderElection112] INFO  impl.LeaderElection (LogUtils.java:infoOrTrace(137)) -   Exception 1: java.util.concurrent.ExecutionException: org.apache.ratis.thirdparty.io.grpc.StatusRuntimeException: UNAVAILABLE: io exception
2022-01-08 01:47:56,822 [44471f42-9a01-4764-8909-e7e02c044ebe@group-C60743901939-LeaderElection112] INFO  impl.LeaderElection (LeaderElection.java:askForVotes(308)) - 44471f42-9a01-4764-8909-e7e02c044ebe@group-C60743901939-LeaderElection112 ELECTION round 0: result PASSED
2022-01-08 01:47:56,822 [44471f42-9a01-4764-8909-e7e02c044ebe@group-C60743901939-LeaderElection112] INFO  impl.RoleInfo (RoleInfo.java:shutdownLeaderElection(121)) - 44471f42-9a01-4764-8909-e7e02c044ebe: shutdown 44471f42-9a01-4764-8909-e7e02c044ebe@group-C60743901939-LeaderElection112
2022-01-08 01:47:56,822 [44471f42-9a01-4764-8909-e7e02c044ebe@group-C60743901939-LeaderElection112] INFO  server.RaftServer$Division (RaftServerImpl.java:setRole(290)) - 44471f42-9a01-4764-8909-e7e02c044ebe@group-C60743901939: changes role from CANDIDATE to LEADER at term 2 for changeToLeader
2022-01-08 01:47:56,822 [44471f42-9a01-4764-8909-e7e02c044ebe@group-C60743901939-LeaderElection112] INFO  ratis.XceiverServerRatis (XceiverServerRatis.java:handleLeaderChangedNotification(866)) - Leader change notification received for group: group-C60743901939 with new leaderId: 44471f42-9a01-4764-8909-e7e02c044ebe
2022-01-08 01:47:56,823 [44471f42-9a01-4764-8909-e7e02c044ebe@group-C60743901939-LeaderElection112] INFO  server.RaftServer$Division (ServerState.java:setLeader(285)) - 44471f42-9a01-4764-8909-e7e02c044ebe@group-C60743901939: change Leader from null to 44471f42-9a01-4764-8909-e7e02c044ebe at term 2 for becomeLeader, leader elected after 77ms
2022-01-08 01:47:56,823 [44471f42-9a01-4764-8909-e7e02c044ebe@group-C60743901939-LeaderElection112] INFO  server.RaftServerConfigKeys (ConfUtils.java:logGet(44)) - raft.server.staging.catchup.gap = 1000 (default)
2022-01-08 01:47:56,823 [44471f42-9a01-4764-8909-e7e02c044ebe@group-C60743901939-LeaderElection112] INFO  server.RaftServerConfigKeys (ConfUtils.java:logGet(44)) - raft.server.write.element-limit = 1024 (custom)
2022-01-08 01:47:56,823 [44471f42-9a01-4764-8909-e7e02c044ebe@group-C60743901939-LeaderElection112] INFO  server.RaftServerConfigKeys (ConfUtils.java:logGet(44)) - raft.server.write.byte-limit = 1024 M (=1073741824) (custom)
2022-01-08 01:47:56,823 [44471f42-9a01-4764-8909-e7e02c044ebe@group-C60743901939-LeaderElection112] INFO  server.RaftServerConfigKeys (ConfUtils.java:logGet(44)) - raft.server.watch.timeout = 3000ms (custom)
2022-01-08 01:47:56,823 [44471f42-9a01-4764-8909-e7e02c044ebe@group-C60743901939-LeaderElection112] INFO  server.RaftServerConfigKeys (ConfUtils.java:logGet(44)) - raft.server.watch.timeout.denomination = 1s (default)
2022-01-08 01:47:56,823 [44471f42-9a01-4764-8909-e7e02c044ebe@group-C60743901939-LeaderElection112] INFO  server.RaftServerConfigKeys (ConfUtils.java:logGet(44)) - raft.server.watch.element-limit = 65536 (default)
2022-01-08 01:47:56,823 [44471f42-9a01-4764-8909-e7e02c044ebe@group-C60743901939-LeaderElection112] INFO  server.RaftServerConfigKeys (ConfUtils.java:logGet(44)) - raft.server.write.element-limit = 1024 (custom)
2022-01-08 01:47:56,823 [44471f42-9a01-4764-8909-e7e02c044ebe@group-C60743901939-LeaderElection112] INFO  server.RaftServerConfigKeys (ConfUtils.java:logGet(44)) - raft.server.write.follower.gap.ratio.max = -1.0 (default)
2022-01-08 01:47:56,823 [44471f42-9a01-4764-8909-e7e02c044ebe@group-C60743901939-LeaderElection112] INFO  server.RaftServerConfigKeys (ConfUtils.java:logGet(44)) - raft.server.log.appender.snapshot.chunk.size.max = 16MB (=16777216) (default)
2022-01-08 01:47:56,824 [44471f42-9a01-4764-8909-e7e02c044ebe@group-C60743901939-LeaderElection112] INFO  server.RaftServerConfigKeys (ConfUtils.java:logGet(44)) - raft.server.log.appender.buffer.byte-limit = 33554432 (custom)
2022-01-08 01:47:56,824 [44471f42-9a01-4764-8909-e7e02c044ebe@group-C60743901939-LeaderElection112] INFO  server.RaftServerConfigKeys (ConfUtils.java:logGet(44)) - raft.server.log.appender.buffer.element-limit = 1 (custom)
2022-01-08 01:47:56,824 [44471f42-9a01-4764-8909-e7e02c044ebe@group-C60743901939-LeaderElection112] INFO  grpc.GrpcConfigKeys (ConfUtils.java:logGet(44)) - raft.grpc.server.leader.outstanding.appends.max = 128 (default)
2022-01-08 01:47:56,824 [44471f42-9a01-4764-8909-e7e02c044ebe@group-C60743901939-LeaderElection112] INFO  server.RaftServerConfigKeys (ConfUtils.java:logGet(44)) - raft.server.rpc.request.timeout = 3000ms (default)
2022-01-08 01:47:56,824 [44471f42-9a01-4764-8909-e7e02c044ebe@group-C60743901939-LeaderElection112] INFO  server.RaftServerConfigKeys (ConfUtils.java:logGet(44)) - raft.server.log.appender.install.snapshot.enabled = false (custom)
2022-01-08 01:47:56,825 [44471f42-9a01-4764-8909-e7e02c044ebe@group-C60743901939-LeaderElection112] INFO  server.RaftServerConfigKeys (ConfUtils.java:logGet(44)) - raft.server.log.appender.snapshot.chunk.size.max = 16MB (=16777216) (default)
2022-01-08 01:47:56,825 [44471f42-9a01-4764-8909-e7e02c044ebe@group-C60743901939-LeaderElection112] INFO  server.RaftServerConfigKeys (ConfUtils.java:logGet(44)) - raft.server.log.appender.buffer.byte-limit = 33554432 (custom)
2022-01-08 01:47:56,825 [44471f42-9a01-4764-8909-e7e02c044ebe@group-C60743901939-LeaderElection112] INFO  server.RaftServerConfigKeys (ConfUtils.java:logGet(44)) - raft.server.log.appender.buffer.element-limit = 1 (custom)
2022-01-08 01:47:56,825 [44471f42-9a01-4764-8909-e7e02c044ebe@group-C60743901939-LeaderElection112] INFO  grpc.GrpcConfigKeys (ConfUtils.java:logGet(44)) - raft.grpc.server.leader.outstanding.appends.max = 128 (default)
2022-01-08 01:47:56,825 [44471f42-9a01-4764-8909-e7e02c044ebe@group-C60743901939-LeaderElection112] INFO  server.RaftServerConfigKeys (ConfUtils.java:logGet(44)) - raft.server.rpc.request.timeout = 3000ms (default)
2022-01-08 01:47:56,825 [44471f42-9a01-4764-8909-e7e02c044ebe@group-C60743901939-LeaderElection112] INFO  server.RaftServerConfigKeys (ConfUtils.java:logGet(44)) - raft.server.log.appender.install.snapshot.enabled = false (custom)
2022-01-08 01:47:56,826 [44471f42-9a01-4764-8909-e7e02c044ebe@group-C60743901939-LeaderElection112] INFO  impl.RoleInfo (RoleInfo.java:updateAndGet(130)) - 44471f42-9a01-4764-8909-e7e02c044ebe: start 44471f42-9a01-4764-8909-e7e02c044ebe@group-C60743901939-LeaderStateImpl
2022-01-08 01:47:56,826 [44471f42-9a01-4764-8909-e7e02c044ebe@group-C60743901939-LeaderElection112] INFO  segmented.SegmentedRaftLogWorker (SegmentedRaftLogWorker.java:rollLogSegment(399)) - 44471f42-9a01-4764-8909-e7e02c044ebe@group-C60743901939-SegmentedRaftLogWorker: Rolling segment log-0_0 to index:0
2022-01-08 01:47:56,827 [6477641b-710a-49ab-b56b-e0f600eb5c24@group-C60743901939-FollowerState] INFO  impl.FollowerState (FollowerState.java:run(143)) - 6477641b-710a-49ab-b56b-e0f600eb5c24@group-C60743901939-FollowerState was interrupted: {}
java.lang.InterruptedException: sleep interrupted
	at java.lang.Thread.sleep(Native Method)
	at java.lang.Thread.sleep(Thread.java:340)
	at java.util.concurrent.TimeUnit.sleep(TimeUnit.java:386)
	at org.apache.ratis.util.TimeDuration.sleep(TimeDuration.java:324)
	at org.apache.ratis.util.TimeDuration.sleep(TimeDuration.java:309)
	at org.apache.ratis.server.impl.FollowerState.run(FollowerState.java:118)
2022-01-08 01:47:56,827 [EventQueue-PipelineReportForPipelineReportHandler] INFO  pipeline.PipelineReportHandler (PipelineReportHandler.java:processPipelineReport(113)) - Reported pipeline PipelineID=98d41487-13da-4396-8abb-57b31bb58ab0 is not found
2022-01-08 01:47:56,827 [EventQueue-PipelineReportForPipelineReportHandler] INFO  pipeline.PipelineReportHandler (PipelineReportHandler.java:processPipelineReport(113)) - Reported pipeline PipelineID=0026e3cf-d5f4-426a-a575-ce8b11469daa is not found
2022-01-08 01:47:56,843 [44471f42-9a01-4764-8909-e7e02c044ebe@group-C60743901939-SegmentedRaftLogWorker] INFO  segmented.SegmentedRaftLogWorker (SegmentedRaftLogWorker.java:execute(558)) - 44471f42-9a01-4764-8909-e7e02c044ebe@group-C60743901939-SegmentedRaftLogWorker: Rolled log segment from /home/runner/work/ozone/ozone/hadoop-ozone/integration-test/target/test-dir/MiniOzoneClusterImpl-6a132c25-3902-4d06-b1e4-79a7ed3e0f57/datanode-2/data/ratis/bf5e8428-5878-49a6-8fa1-c60743901939/current/log_inprogress_0 to /home/runner/work/ozone/ozone/hadoop-ozone/integration-test/target/test-dir/MiniOzoneClusterImpl-6a132c25-3902-4d06-b1e4-79a7ed3e0f57/datanode-2/data/ratis/bf5e8428-5878-49a6-8fa1-c60743901939/current/log_0-0
2022-01-08 01:47:56,853 [44471f42-9a01-4764-8909-e7e02c044ebe@group-C60743901939-SegmentedRaftLogWorker] INFO  segmented.SegmentedRaftLogWorker (SegmentedRaftLogWorker.java:execute(601)) - 44471f42-9a01-4764-8909-e7e02c044ebe@group-C60743901939-SegmentedRaftLogWorker: created new log segment /home/runner/work/ozone/ozone/hadoop-ozone/integration-test/target/test-dir/MiniOzoneClusterImpl-6a132c25-3902-4d06-b1e4-79a7ed3e0f57/datanode-2/data/ratis/bf5e8428-5878-49a6-8fa1-c60743901939/current/log_inprogress_1
2022-01-08 01:47:56,854 [grpc-default-executor-1] WARN  server.GrpcLogAppender (LogUtils.java:warn(122)) - 44471f42-9a01-4764-8909-e7e02c044ebe@group-C60743901939->a0cd68b1-75b0-4717-86f8-69ceed32178b-AppendLogResponseHandler: Failed appendEntries: org.apache.ratis.thirdparty.io.grpc.StatusRuntimeException: UNAVAILABLE: io exception
2022-01-08 01:47:56,855 [grpc-default-executor-1] WARN  server.GrpcLogAppender (GrpcLogAppender.java:resetClient(110)) - 44471f42-9a01-4764-8909-e7e02c044ebe@group-C60743901939->a0cd68b1-75b0-4717-86f8-69ceed32178b-GrpcLogAppender: Leader has not got in touch with Follower 44471f42-9a01-4764-8909-e7e02c044ebe@group-C60743901939->a0cd68b1-75b0-4717-86f8-69ceed32178b(c-1,m0,n1, attendVote=true, lastRpcSendTime=5231, lastRpcResponseTime=5231) yet, just keep nextIndex unchanged and retry.
2022-01-08 01:47:56,857 [grpc-default-executor-1] WARN  server.GrpcLogAppender (LogUtils.java:warn(122)) - 44471f42-9a01-4764-8909-e7e02c044ebe@group-C60743901939->a0cd68b1-75b0-4717-86f8-69ceed32178b-AppendLogResponseHandler: Failed appendEntries: org.apache.ratis.thirdparty.io.grpc.StatusRuntimeException: UNAVAILABLE: io exception
2022-01-08 01:47:56,857 [grpc-default-executor-1] WARN  server.GrpcLogAppender (GrpcLogAppender.java:resetClient(110)) - 44471f42-9a01-4764-8909-e7e02c044ebe@group-C60743901939->a0cd68b1-75b0-4717-86f8-69ceed32178b-GrpcLogAppender: Leader has not got in touch with Follower 44471f42-9a01-4764-8909-e7e02c044ebe@group-C60743901939->a0cd68b1-75b0-4717-86f8-69ceed32178b(c-1,m0,n2, attendVote=true, lastRpcSendTime=0, lastRpcResponseTime=5233) yet, just keep nextIndex unchanged and retry.
2022-01-08 01:47:56,883 [44471f42-9a01-4764-8909-e7e02c044ebe@group-C60743901939-LeaderElection112] INFO  server.RaftServer$Division (ServerState.java:setRaftConf(387)) - 44471f42-9a01-4764-8909-e7e02c044ebe@group-C60743901939: set configuration 1: [6477641b-710a-49ab-b56b-e0f600eb5c24|rpc:10.1.0.34:38417|dataStream:|priority:0, a0cd68b1-75b0-4717-86f8-69ceed32178b|rpc:10.1.0.34:43001|dataStream:|priority:1, 44471f42-9a01-4764-8909-e7e02c044ebe|rpc:10.1.0.34:44109|dataStream:|priority:0], old=null
2022-01-08 01:47:56,885 [grpc-default-executor-2] INFO  ratis.XceiverServerRatis (XceiverServerRatis.java:handleLeaderChangedNotification(866)) - Leader change notification received for group: group-C60743901939 with new leaderId: 44471f42-9a01-4764-8909-e7e02c044ebe
2022-01-08 01:47:56,885 [grpc-default-executor-2] INFO  server.RaftServer$Division (ServerState.java:setLeader(285)) - 6477641b-710a-49ab-b56b-e0f600eb5c24@group-C60743901939: change Leader from null to 44471f42-9a01-4764-8909-e7e02c044ebe at term 2 for appendEntries, leader elected after 105ms
2022-01-08 01:47:56,886 [grpc-default-executor-2] INFO  server.RaftServer$Division (ServerState.java:setRaftConf(387)) - 6477641b-710a-49ab-b56b-e0f600eb5c24@group-C60743901939: set configuration 1: [6477641b-710a-49ab-b56b-e0f600eb5c24|rpc:10.1.0.34:38417|dataStream:|priority:0, a0cd68b1-75b0-4717-86f8-69ceed32178b|rpc:10.1.0.34:43001|dataStream:|priority:1, 44471f42-9a01-4764-8909-e7e02c044ebe|rpc:10.1.0.34:44109|dataStream:|priority:0], old=null
2022-01-08 01:47:56,886 [grpc-default-executor-2] INFO  segmented.SegmentedRaftLogWorker (SegmentedRaftLogWorker.java:rollLogSegment(399)) - 6477641b-710a-49ab-b56b-e0f600eb5c24@group-C60743901939-SegmentedRaftLogWorker: Rolling segment log-0_0 to index:0
2022-01-08 01:47:56,886 [6477641b-710a-49ab-b56b-e0f600eb5c24@group-C60743901939-SegmentedRaftLogWorker] INFO  segmented.SegmentedRaftLogWorker (SegmentedRaftLogWorker.java:execute(558)) - 6477641b-710a-49ab-b56b-e0f600eb5c24@group-C60743901939-SegmentedRaftLogWorker: Rolled log segment from /home/runner/work/ozone/ozone/hadoop-ozone/integration-test/target/test-dir/MiniOzoneClusterImpl-6a132c25-3902-4d06-b1e4-79a7ed3e0f57/datanode-0/data/ratis/bf5e8428-5878-49a6-8fa1-c60743901939/current/log_inprogress_0 to /home/runner/work/ozone/ozone/hadoop-ozone/integration-test/target/test-dir/MiniOzoneClusterImpl-6a132c25-3902-4d06-b1e4-79a7ed3e0f57/datanode-0/data/ratis/bf5e8428-5878-49a6-8fa1-c60743901939/current/log_0-0
2022-01-08 01:47:56,891 [6477641b-710a-49ab-b56b-e0f600eb5c24@group-C60743901939-SegmentedRaftLogWorker] INFO  segmented.SegmentedRaftLogWorker (SegmentedRaftLogWorker.java:execute(601)) - 6477641b-710a-49ab-b56b-e0f600eb5c24@group-C60743901939-SegmentedRaftLogWorker: created new log segment /home/runner/work/ozone/ozone/hadoop-ozone/integration-test/target/test-dir/MiniOzoneClusterImpl-6a132c25-3902-4d06-b1e4-79a7ed3e0f57/datanode-0/data/ratis/bf5e8428-5878-49a6-8fa1-c60743901939/current/log_inprogress_1
2022-01-08 01:47:56,971 [grpc-default-executor-2] WARN  server.GrpcLogAppender (LogUtils.java:warn(122)) - 44471f42-9a01-4764-8909-e7e02c044ebe@group-C60743901939->a0cd68b1-75b0-4717-86f8-69ceed32178b-AppendLogResponseHandler: Failed appendEntries: org.apache.ratis.thirdparty.io.grpc.StatusRuntimeException: UNAVAILABLE: io exception
2022-01-08 01:47:56,973 [grpc-default-executor-2] WARN  server.GrpcLogAppender (GrpcLogAppender.java:resetClient(110)) - 44471f42-9a01-4764-8909-e7e02c044ebe@group-C60743901939->a0cd68b1-75b0-4717-86f8-69ceed32178b-GrpcLogAppender: Leader has not got in touch with Follower 44471f42-9a01-4764-8909-e7e02c044ebe@group-C60743901939->a0cd68b1-75b0-4717-86f8-69ceed32178b(c-1,m0,n3, attendVote=true, lastRpcSendTime=115, lastRpcResponseTime=5349) yet, just keep nextIndex unchanged and retry.
2022-01-08 01:47:57,090 [Listener at 127.0.0.1/40645] INFO  statemachine.DatanodeStateMachine (DatanodeStateMachine.java:stopDaemon(526)) - Ozone container server stopped.
2022-01-08 01:47:57,091 [Listener at 127.0.0.1/40645] INFO  handler.ContextHandler (ContextHandler.java:doStop(1153)) - Stopped o.e.j.w.WebAppContext@100998f{hddsDatanode,/,null,STOPPED}{jar:file:/home/runner/.m2/repository/org/apache/ozone/hdds-container-service/1.3.0-SNAPSHOT/hdds-container-service-1.3.0-SNAPSHOT.jar!/webapps/hddsDatanode}
2022-01-08 01:47:57,097 [Listener at 127.0.0.1/40645] INFO  server.AbstractConnector (AbstractConnector.java:doStop(381)) - Stopped ServerConnector@40c303f7{HTTP/1.1, (http/1.1)}{0.0.0.0:0}
2022-01-08 01:47:57,097 [Listener at 127.0.0.1/40645] INFO  server.session (HouseKeeper.java:stopScavenging(149)) - node0 Stopped scavenging
2022-01-08 01:47:57,097 [Listener at 127.0.0.1/40645] INFO  handler.ContextHandler (ContextHandler.java:doStop(1153)) - Stopped o.e.j.s.ServletContextHandler@40779fec{static,/static,jar:file:/home/runner/.m2/repository/org/apache/ozone/hdds-container-service/1.3.0-SNAPSHOT/hdds-container-service-1.3.0-SNAPSHOT.jar!/webapps/static,STOPPED}
2022-01-08 01:47:57,097 [Listener at 127.0.0.1/40645] INFO  handler.ContextHandler (ContextHandler.java:doStop(1153)) - Stopped o.e.j.s.ServletContextHandler@dbd1aad{logs,/logs,file:///home/runner/work/ozone/ozone/hadoop-ozone/integration-test/target/log,STOPPED}
2022-01-08 01:47:57,303 [6477641b-710a-49ab-b56b-e0f600eb5c24@group-57B31BB58AB0-LeaderStateImpl] INFO  server.RaftServer$Division (LeaderStateImpl.java:yieldLeaderToHigherPriorityPeer(930)) - 6477641b-710a-49ab-b56b-e0f600eb5c24@group-57B31BB58AB0-LeaderStateImpl send StartLeaderElectionRequest to follower:9d6916e6-e933-4839-a7aa-b025ed7fd068 on term:1 because follower's priority:1 is higher than leader's:0 and follower's lastEntry index:0 catch up with leader's:0
2022-01-08 01:47:57,404 [grpc-default-executor-2] WARN  server.GrpcLogAppender (LogUtils.java:warn(122)) - 81a3d3bc-df93-482d-841e-57d386bb5ebf@group-53A1D7CF6D66->a6c260a2-0fcb-4cbe-bb3c-7bbe6bc0f1a0-AppendLogResponseHandler: Failed appendEntries: org.apache.ratis.thirdparty.io.grpc.StatusRuntimeException: UNAVAILABLE: io exception
2022-01-08 01:47:57,405 [grpc-default-executor-2] WARN  server.GrpcLogAppender (GrpcLogAppender.java:resetClient(110)) - 81a3d3bc-df93-482d-841e-57d386bb5ebf@group-53A1D7CF6D66->a6c260a2-0fcb-4cbe-bb3c-7bbe6bc0f1a0-GrpcLogAppender: Leader has not got in touch with Follower 81a3d3bc-df93-482d-841e-57d386bb5ebf@group-53A1D7CF6D66->a6c260a2-0fcb-4cbe-bb3c-7bbe6bc0f1a0(c-1,m0,n3, attendVote=true, lastRpcSendTime=0, lastRpcResponseTime=15398) yet, just keep nextIndex unchanged and retry.
2022-01-08 01:47:57,463 [grpc-default-executor-2] WARN  server.GrpcLogAppender (LogUtils.java:warn(122)) - 81a3d3bc-df93-482d-841e-57d386bb5ebf@group-225DCE1D33EE->a6c260a2-0fcb-4cbe-bb3c-7bbe6bc0f1a0-AppendLogResponseHandler: Failed appendEntries: org.apache.ratis.thirdparty.io.grpc.StatusRuntimeException: UNAVAILABLE: io exception
2022-01-08 01:47:57,463 [grpc-default-executor-2] WARN  server.GrpcLogAppender (GrpcLogAppender.java:resetClient(110)) - 81a3d3bc-df93-482d-841e-57d386bb5ebf@group-225DCE1D33EE->a6c260a2-0fcb-4cbe-bb3c-7bbe6bc0f1a0-GrpcLogAppender: Leader has not got in touch with Follower 81a3d3bc-df93-482d-841e-57d386bb5ebf@group-225DCE1D33EE->a6c260a2-0fcb-4cbe-bb3c-7bbe6bc0f1a0(c0,m0,n1, attendVote=true, lastRpcSendTime=2555, lastRpcResponseTime=17611) yet, just keep nextIndex unchanged and retry.
2022-01-08 01:47:57,564 [Command processor thread] INFO  server.RaftServer (RaftServerProxy.java:remove(106)) - 6477641b-710a-49ab-b56b-e0f600eb5c24: remove    LEADER 6477641b-710a-49ab-b56b-e0f600eb5c24@group-57B31BB58AB0:t1, leader=6477641b-710a-49ab-b56b-e0f600eb5c24, voted=6477641b-710a-49ab-b56b-e0f600eb5c24, raftlog=6477641b-710a-49ab-b56b-e0f600eb5c24@group-57B31BB58AB0-SegmentedRaftLog:OPENED:c0, conf=0: [6477641b-710a-49ab-b56b-e0f600eb5c24|rpc:10.1.0.34:38417|dataStream:|priority:0, 9d6916e6-e933-4839-a7aa-b025ed7fd068|rpc:10.1.0.34:40543|dataStream:|priority:1, 44471f42-9a01-4764-8909-e7e02c044ebe|rpc:10.1.0.34:44109|dataStream:|priority:0], old=null RUNNING
2022-01-08 01:47:57,564 [Command processor thread] INFO  server.RaftServer$Division (RaftServerImpl.java:lambda$close$4(412)) - 6477641b-710a-49ab-b56b-e0f600eb5c24@group-57B31BB58AB0: shutdown
2022-01-08 01:47:57,564 [Command processor thread] INFO  util.JmxRegister (JmxRegister.java:unregister(73)) - Successfully un-registered JMX Bean with object name Ratis:service=RaftServer,group=group-57B31BB58AB0,id=6477641b-710a-49ab-b56b-e0f600eb5c24
2022-01-08 01:47:57,564 [Command processor thread] INFO  impl.RoleInfo (RoleInfo.java:shutdownLeaderState(91)) - 6477641b-710a-49ab-b56b-e0f600eb5c24: shutdown 6477641b-710a-49ab-b56b-e0f600eb5c24@group-57B31BB58AB0-LeaderStateImpl
2022-01-08 01:47:57,564 [Command processor thread] INFO  impl.PendingRequests (PendingRequests.java:sendNotLeaderResponses(282)) - 6477641b-710a-49ab-b56b-e0f600eb5c24@group-57B31BB58AB0-PendingRequests: sendNotLeaderResponses
2022-01-08 01:47:57,565 [Command processor thread] INFO  impl.StateMachineUpdater (StateMachineUpdater.java:stopAndJoin(149)) - 6477641b-710a-49ab-b56b-e0f600eb5c24@group-57B31BB58AB0-StateMachineUpdater: set stopIndex = 0
2022-01-08 01:47:57,565 [6477641b-710a-49ab-b56b-e0f600eb5c24@group-57B31BB58AB0->44471f42-9a01-4764-8909-e7e02c044ebe-GrpcLogAppender-LogAppenderDaemon] WARN  server.GrpcLogAppender (GrpcLogAppender.java:mayWait(177)) - 6477641b-710a-49ab-b56b-e0f600eb5c24@group-57B31BB58AB0->44471f42-9a01-4764-8909-e7e02c044ebe-GrpcLogAppender: Wait interrupted by java.lang.InterruptedException
2022-01-08 01:47:57,566 [6477641b-710a-49ab-b56b-e0f600eb5c24@group-57B31BB58AB0-StateMachineUpdater] INFO  ratis.ContainerStateMachine (ContainerStateMachine.java:takeSnapshot(299)) - group-57B31BB58AB0: Taking a snapshot at:(t:1, i:0) file /home/runner/work/ozone/ozone/hadoop-ozone/integration-test/target/test-dir/MiniOzoneClusterImpl-6a132c25-3902-4d06-b1e4-79a7ed3e0f57/datanode-0/data/ratis/98d41487-13da-4396-8abb-57b31bb58ab0/sm/snapshot.1_0
2022-01-08 01:47:57,567 [EventQueue-PipelineReportForPipelineReportHandler] INFO  pipeline.PipelineReportHandler (PipelineReportHandler.java:processPipelineReport(113)) - Reported pipeline PipelineID=0026e3cf-d5f4-426a-a575-ce8b11469daa is not found
2022-01-08 01:47:57,568 [grpc-default-executor-2] INFO  server.GrpcServerProtocolService (GrpcServerProtocolService.java:onCompleted(140)) - 44471f42-9a01-4764-8909-e7e02c044ebe: Completed APPEND_ENTRIES, lastRequest: 6477641b-710a-49ab-b56b-e0f600eb5c24->44471f42-9a01-4764-8909-e7e02c044ebe#1-t1,previous=(t:0, i:0),leaderCommit=-1,initializing? true,entries: size=1, first=(t:1, i:0), CONFIGURATIONENTRY
2022-01-08 01:47:57,568 [grpc-default-executor-0] INFO  server.GrpcLogAppender (GrpcLogAppender.java:onCompleted(346)) - 6477641b-710a-49ab-b56b-e0f600eb5c24@group-57B31BB58AB0->44471f42-9a01-4764-8909-e7e02c044ebe-AppendLogResponseHandler: follower responses appendEntries COMPLETED
2022-01-08 01:47:57,568 [grpc-default-executor-0] INFO  leader.FollowerInfo (FollowerInfoImpl.java:lambda$new$0(47)) - 6477641b-710a-49ab-b56b-e0f600eb5c24@group-57B31BB58AB0->44471f42-9a01-4764-8909-e7e02c044ebe: nextIndex: updateUnconditionally 1 -> 0
2022-01-08 01:47:57,568 [6477641b-710a-49ab-b56b-e0f600eb5c24@group-57B31BB58AB0-StateMachineUpdater] INFO  ratis.ContainerStateMachine (ContainerStateMachine.java:takeSnapshot(310)) - group-57B31BB58AB0: Finished taking a snapshot at:(t:1, i:0) file:/home/runner/work/ozone/ozone/hadoop-ozone/integration-test/target/test-dir/MiniOzoneClusterImpl-6a132c25-3902-4d06-b1e4-79a7ed3e0f57/datanode-0/data/ratis/98d41487-13da-4396-8abb-57b31bb58ab0/sm/snapshot.1_0 took: 3 ms
2022-01-08 01:47:57,568 [6477641b-710a-49ab-b56b-e0f600eb5c24@group-57B31BB58AB0-StateMachineUpdater] INFO  impl.StateMachineUpdater (StateMachineUpdater.java:takeSnapshot(281)) - 6477641b-710a-49ab-b56b-e0f600eb5c24@group-57B31BB58AB0-StateMachineUpdater: Took a snapshot at index 0
2022-01-08 01:47:57,569 [6477641b-710a-49ab-b56b-e0f600eb5c24@group-57B31BB58AB0-StateMachineUpdater] INFO  impl.StateMachineUpdater (StateMachineUpdater.java:lambda$new$0(89)) - 6477641b-710a-49ab-b56b-e0f600eb5c24@group-57B31BB58AB0-StateMachineUpdater: snapshotIndex: updateIncreasingly -1 -> 0
2022-01-08 01:47:57,569 [Command processor thread] INFO  server.RaftServer$Division (ServerState.java:close(419)) - 6477641b-710a-49ab-b56b-e0f600eb5c24@group-57B31BB58AB0: closes. applyIndex: 0
2022-01-08 01:47:57,569 [6477641b-710a-49ab-b56b-e0f600eb5c24@group-57B31BB58AB0-SegmentedRaftLogWorker] INFO  segmented.SegmentedRaftLogWorker (SegmentedRaftLogWorker.java:run(327)) - 6477641b-710a-49ab-b56b-e0f600eb5c24@group-57B31BB58AB0-SegmentedRaftLogWorker was interrupted, exiting. There are 0 tasks remaining in the queue.
2022-01-08 01:47:57,571 [Command processor thread] INFO  segmented.SegmentedRaftLogWorker (SegmentedRaftLogWorker.java:close(237)) - 6477641b-710a-49ab-b56b-e0f600eb5c24@group-57B31BB58AB0-SegmentedRaftLogWorker close()
2022-01-08 01:47:57,576 [Command processor thread] INFO  server.RaftServer$Division (RaftServerImpl.java:groupRemove(382)) - 6477641b-710a-49ab-b56b-e0f600eb5c24@group-57B31BB58AB0: Succeed to remove RaftStorageDirectory Storage Directory /home/runner/work/ozone/ozone/hadoop-ozone/integration-test/target/test-dir/MiniOzoneClusterImpl-6a132c25-3902-4d06-b1e4-79a7ed3e0f57/datanode-0/data/ratis/98d41487-13da-4396-8abb-57b31bb58ab0
2022-01-08 01:47:57,576 [Command processor thread] INFO  commandhandler.ClosePipelineCommandHandler (ClosePipelineCommandHandler.java:handle(78)) - Close Pipeline PipelineID=98d41487-13da-4396-8abb-57b31bb58ab0 command on datanode 6477641b-710a-49ab-b56b-e0f600eb5c24.
2022-01-08 01:47:57,576 [Command processor thread] INFO  server.RaftServer (RaftServerProxy.java:remove(106)) - 6477641b-710a-49ab-b56b-e0f600eb5c24: remove  FOLLOWER 6477641b-710a-49ab-b56b-e0f600eb5c24@group-CE8B11469DAA:t3, leader=44471f42-9a01-4764-8909-e7e02c044ebe, voted=44471f42-9a01-4764-8909-e7e02c044ebe, raftlog=6477641b-710a-49ab-b56b-e0f600eb5c24@group-CE8B11469DAA-SegmentedRaftLog:OPENED:c0, conf=0: [6477641b-710a-49ab-b56b-e0f600eb5c24|rpc:10.1.0.34:38417|dataStream:|priority:0, 9d6916e6-e933-4839-a7aa-b025ed7fd068|rpc:10.1.0.34:40543|dataStream:|priority:0, 44471f42-9a01-4764-8909-e7e02c044ebe|rpc:10.1.0.34:44109|dataStream:|priority:1], old=null RUNNING
2022-01-08 01:47:57,576 [Command processor thread] INFO  server.RaftServer$Division (RaftServerImpl.java:lambda$close$4(412)) - 6477641b-710a-49ab-b56b-e0f600eb5c24@group-CE8B11469DAA: shutdown
2022-01-08 01:47:57,576 [Command processor thread] INFO  util.JmxRegister (JmxRegister.java:unregister(73)) - Successfully un-registered JMX Bean with object name Ratis:service=RaftServer,group=group-CE8B11469DAA,id=6477641b-710a-49ab-b56b-e0f600eb5c24
2022-01-08 01:47:57,576 [Command processor thread] INFO  impl.RoleInfo (RoleInfo.java:shutdownFollowerState(108)) - 6477641b-710a-49ab-b56b-e0f600eb5c24: shutdown 6477641b-710a-49ab-b56b-e0f600eb5c24@group-CE8B11469DAA-FollowerState
2022-01-08 01:47:57,576 [Command processor thread] INFO  impl.StateMachineUpdater (StateMachineUpdater.java:stopAndJoin(149)) - 6477641b-710a-49ab-b56b-e0f600eb5c24@group-CE8B11469DAA-StateMachineUpdater: set stopIndex = 0
2022-01-08 01:47:57,576 [6477641b-710a-49ab-b56b-e0f600eb5c24@group-CE8B11469DAA-StateMachineUpdater] INFO  ratis.ContainerStateMachine (ContainerStateMachine.java:takeSnapshot(299)) - group-CE8B11469DAA: Taking a snapshot at:(t:3, i:0) file /home/runner/work/ozone/ozone/hadoop-ozone/integration-test/target/test-dir/MiniOzoneClusterImpl-6a132c25-3902-4d06-b1e4-79a7ed3e0f57/datanode-0/data/ratis/0026e3cf-d5f4-426a-a575-ce8b11469daa/sm/snapshot.3_0
2022-01-08 01:47:57,576 [6477641b-710a-49ab-b56b-e0f600eb5c24@group-CE8B11469DAA-FollowerState] INFO  impl.FollowerState (FollowerState.java:run(143)) - 6477641b-710a-49ab-b56b-e0f600eb5c24@group-CE8B11469DAA-FollowerState was interrupted: {}
java.lang.InterruptedException: sleep interrupted
	at java.lang.Thread.sleep(Native Method)
	at java.lang.Thread.sleep(Thread.java:340)
	at java.util.concurrent.TimeUnit.sleep(TimeUnit.java:386)
	at org.apache.ratis.util.TimeDuration.sleep(TimeDuration.java:324)
	at org.apache.ratis.util.TimeDuration.sleep(TimeDuration.java:309)
	at org.apache.ratis.server.impl.FollowerState.run(FollowerState.java:118)
2022-01-08 01:47:57,578 [6477641b-710a-49ab-b56b-e0f600eb5c24@group-CE8B11469DAA-StateMachineUpdater] INFO  ratis.ContainerStateMachine (ContainerStateMachine.java:takeSnapshot(310)) - group-CE8B11469DAA: Finished taking a snapshot at:(t:3, i:0) file:/home/runner/work/ozone/ozone/hadoop-ozone/integration-test/target/test-dir/MiniOzoneClusterImpl-6a132c25-3902-4d06-b1e4-79a7ed3e0f57/datanode-0/data/ratis/0026e3cf-d5f4-426a-a575-ce8b11469daa/sm/snapshot.3_0 took: 2 ms
2022-01-08 01:47:57,578 [6477641b-710a-49ab-b56b-e0f600eb5c24@group-CE8B11469DAA-StateMachineUpdater] INFO  impl.StateMachineUpdater (StateMachineUpdater.java:takeSnapshot(281)) - 6477641b-710a-49ab-b56b-e0f600eb5c24@group-CE8B11469DAA-StateMachineUpdater: Took a snapshot at index 0
2022-01-08 01:47:57,578 [6477641b-710a-49ab-b56b-e0f600eb5c24@group-CE8B11469DAA-StateMachineUpdater] INFO  impl.StateMachineUpdater (StateMachineUpdater.java:lambda$new$0(89)) - 6477641b-710a-49ab-b56b-e0f600eb5c24@group-CE8B11469DAA-StateMachineUpdater: snapshotIndex: updateIncreasingly -1 -> 0
2022-01-08 01:47:57,579 [Command processor thread] INFO  server.RaftServer$Division (ServerState.java:close(419)) - 6477641b-710a-49ab-b56b-e0f600eb5c24@group-CE8B11469DAA: closes. applyIndex: 0
2022-01-08 01:47:57,579 [6477641b-710a-49ab-b56b-e0f600eb5c24@group-CE8B11469DAA-SegmentedRaftLogWorker] INFO  segmented.SegmentedRaftLogWorker (SegmentedRaftLogWorker.java:run(327)) - 6477641b-710a-49ab-b56b-e0f600eb5c24@group-CE8B11469DAA-SegmentedRaftLogWorker was interrupted, exiting. There are 0 tasks remaining in the queue.
2022-01-08 01:47:57,589 [Command processor thread] INFO  segmented.SegmentedRaftLogWorker (SegmentedRaftLogWorker.java:close(237)) - 6477641b-710a-49ab-b56b-e0f600eb5c24@group-CE8B11469DAA-SegmentedRaftLogWorker close()
2022-01-08 01:47:57,590 [Command processor thread] INFO  server.RaftServer$Division (RaftServerImpl.java:groupRemove(382)) - 6477641b-710a-49ab-b56b-e0f600eb5c24@group-CE8B11469DAA: Succeed to remove RaftStorageDirectory Storage Directory /home/runner/work/ozone/ozone/hadoop-ozone/integration-test/target/test-dir/MiniOzoneClusterImpl-6a132c25-3902-4d06-b1e4-79a7ed3e0f57/datanode-0/data/ratis/0026e3cf-d5f4-426a-a575-ce8b11469daa
2022-01-08 01:47:57,590 [Command processor thread] INFO  commandhandler.ClosePipelineCommandHandler (ClosePipelineCommandHandler.java:handle(78)) - Close Pipeline PipelineID=0026e3cf-d5f4-426a-a575-ce8b11469daa command on datanode 6477641b-710a-49ab-b56b-e0f600eb5c24.
2022-01-08 01:47:57,631 [Command processor thread] INFO  server.RaftServer (RaftServerProxy.java:remove(106)) - 44471f42-9a01-4764-8909-e7e02c044ebe: remove  FOLLOWER 44471f42-9a01-4764-8909-e7e02c044ebe@group-57B31BB58AB0:t1, leader=6477641b-710a-49ab-b56b-e0f600eb5c24, voted=6477641b-710a-49ab-b56b-e0f600eb5c24, raftlog=44471f42-9a01-4764-8909-e7e02c044ebe@group-57B31BB58AB0-SegmentedRaftLog:OPENED:c0, conf=0: [6477641b-710a-49ab-b56b-e0f600eb5c24|rpc:10.1.0.34:38417|dataStream:|priority:0, 9d6916e6-e933-4839-a7aa-b025ed7fd068|rpc:10.1.0.34:40543|dataStream:|priority:1, 44471f42-9a01-4764-8909-e7e02c044ebe|rpc:10.1.0.34:44109|dataStream:|priority:0], old=null RUNNING
2022-01-08 01:47:57,631 [Command processor thread] INFO  server.RaftServer$Division (RaftServerImpl.java:lambda$close$4(412)) - 44471f42-9a01-4764-8909-e7e02c044ebe@group-57B31BB58AB0: shutdown
2022-01-08 01:47:57,631 [Command processor thread] INFO  util.JmxRegister (JmxRegister.java:unregister(73)) - Successfully un-registered JMX Bean with object name Ratis:service=RaftServer,group=group-57B31BB58AB0,id=44471f42-9a01-4764-8909-e7e02c044ebe
2022-01-08 01:47:57,631 [Command processor thread] INFO  impl.RoleInfo (RoleInfo.java:shutdownFollowerState(108)) - 44471f42-9a01-4764-8909-e7e02c044ebe: shutdown 44471f42-9a01-4764-8909-e7e02c044ebe@group-57B31BB58AB0-FollowerState
2022-01-08 01:47:57,631 [Command processor thread] INFO  impl.StateMachineUpdater (StateMachineUpdater.java:stopAndJoin(149)) - 44471f42-9a01-4764-8909-e7e02c044ebe@group-57B31BB58AB0-StateMachineUpdater: set stopIndex = 0
2022-01-08 01:47:57,631 [44471f42-9a01-4764-8909-e7e02c044ebe@group-57B31BB58AB0-FollowerState] INFO  impl.FollowerState (FollowerState.java:run(143)) - 44471f42-9a01-4764-8909-e7e02c044ebe@group-57B31BB58AB0-FollowerState was interrupted: {}
java.lang.InterruptedException: sleep interrupted
	at java.lang.Thread.sleep(Native Method)
	at java.lang.Thread.sleep(Thread.java:340)
	at java.util.concurrent.TimeUnit.sleep(TimeUnit.java:386)
	at org.apache.ratis.util.TimeDuration.sleep(TimeDuration.java:324)
	at org.apache.ratis.util.TimeDuration.sleep(TimeDuration.java:309)
	at org.apache.ratis.server.impl.FollowerState.run(FollowerState.java:118)
2022-01-08 01:47:57,632 [44471f42-9a01-4764-8909-e7e02c044ebe@group-57B31BB58AB0-StateMachineUpdater] INFO  ratis.ContainerStateMachine (ContainerStateMachine.java:takeSnapshot(299)) - group-57B31BB58AB0: Taking a snapshot at:(t:1, i:0) file /home/runner/work/ozone/ozone/hadoop-ozone/integration-test/target/test-dir/MiniOzoneClusterImpl-6a132c25-3902-4d06-b1e4-79a7ed3e0f57/datanode-2/data/ratis/98d41487-13da-4396-8abb-57b31bb58ab0/sm/snapshot.1_0
2022-01-08 01:47:57,634 [44471f42-9a01-4764-8909-e7e02c044ebe@group-57B31BB58AB0-StateMachineUpdater] INFO  ratis.ContainerStateMachine (ContainerStateMachine.java:takeSnapshot(310)) - group-57B31BB58AB0: Finished taking a snapshot at:(t:1, i:0) file:/home/runner/work/ozone/ozone/hadoop-ozone/integration-test/target/test-dir/MiniOzoneClusterImpl-6a132c25-3902-4d06-b1e4-79a7ed3e0f57/datanode-2/data/ratis/98d41487-13da-4396-8abb-57b31bb58ab0/sm/snapshot.1_0 took: 3 ms
2022-01-08 01:47:57,634 [44471f42-9a01-4764-8909-e7e02c044ebe@group-57B31BB58AB0-StateMachineUpdater] INFO  impl.StateMachineUpdater (StateMachineUpdater.java:takeSnapshot(281)) - 44471f42-9a01-4764-8909-e7e02c044ebe@group-57B31BB58AB0-StateMachineUpdater: Took a snapshot at index 0
2022-01-08 01:47:57,634 [44471f42-9a01-4764-8909-e7e02c044ebe@group-57B31BB58AB0-StateMachineUpdater] INFO  impl.StateMachineUpdater (StateMachineUpdater.java:lambda$new$0(89)) - 44471f42-9a01-4764-8909-e7e02c044ebe@group-57B31BB58AB0-StateMachineUpdater: snapshotIndex: updateIncreasingly -1 -> 0
2022-01-08 01:47:57,634 [Command processor thread] INFO  server.RaftServer$Division (ServerState.java:close(419)) - 44471f42-9a01-4764-8909-e7e02c044ebe@group-57B31BB58AB0: closes. applyIndex: 0
2022-01-08 01:47:57,635 [44471f42-9a01-4764-8909-e7e02c044ebe@group-57B31BB58AB0-SegmentedRaftLogWorker] INFO  segmented.SegmentedRaftLogWorker (SegmentedRaftLogWorker.java:run(327)) - 44471f42-9a01-4764-8909-e7e02c044ebe@group-57B31BB58AB0-SegmentedRaftLogWorker was interrupted, exiting. There are 0 tasks remaining in the queue.
2022-01-08 01:47:57,635 [Command processor thread] INFO  segmented.SegmentedRaftLogWorker (SegmentedRaftLogWorker.java:close(237)) - 44471f42-9a01-4764-8909-e7e02c044ebe@group-57B31BB58AB0-SegmentedRaftLogWorker close()
2022-01-08 01:47:57,635 [Command processor thread] INFO  server.RaftServer$Division (RaftServerImpl.java:groupRemove(382)) - 44471f42-9a01-4764-8909-e7e02c044ebe@group-57B31BB58AB0: Succeed to remove RaftStorageDirectory Storage Directory /home/runner/work/ozone/ozone/hadoop-ozone/integration-test/target/test-dir/MiniOzoneClusterImpl-6a132c25-3902-4d06-b1e4-79a7ed3e0f57/datanode-2/data/ratis/98d41487-13da-4396-8abb-57b31bb58ab0
2022-01-08 01:47:57,635 [Command processor thread] INFO  commandhandler.ClosePipelineCommandHandler (ClosePipelineCommandHandler.java:handle(78)) - Close Pipeline PipelineID=98d41487-13da-4396-8abb-57b31bb58ab0 command on datanode 44471f42-9a01-4764-8909-e7e02c044ebe.
2022-01-08 01:47:57,635 [Command processor thread] INFO  server.RaftServer (RaftServerProxy.java:remove(106)) - 44471f42-9a01-4764-8909-e7e02c044ebe: remove    LEADER 44471f42-9a01-4764-8909-e7e02c044ebe@group-CE8B11469DAA:t3, leader=44471f42-9a01-4764-8909-e7e02c044ebe, voted=44471f42-9a01-4764-8909-e7e02c044ebe, raftlog=44471f42-9a01-4764-8909-e7e02c044ebe@group-CE8B11469DAA-SegmentedRaftLog:OPENED:c0, conf=0: [6477641b-710a-49ab-b56b-e0f600eb5c24|rpc:10.1.0.34:38417|dataStream:|priority:0, 9d6916e6-e933-4839-a7aa-b025ed7fd068|rpc:10.1.0.34:40543|dataStream:|priority:0, 44471f42-9a01-4764-8909-e7e02c044ebe|rpc:10.1.0.34:44109|dataStream:|priority:1], old=null RUNNING
2022-01-08 01:47:57,636 [Command processor thread] INFO  server.RaftServer$Division (RaftServerImpl.java:lambda$close$4(412)) - 44471f42-9a01-4764-8909-e7e02c044ebe@group-CE8B11469DAA: shutdown
2022-01-08 01:47:57,636 [Command processor thread] INFO  util.JmxRegister (JmxRegister.java:unregister(73)) - Successfully un-registered JMX Bean with object name Ratis:service=RaftServer,group=group-CE8B11469DAA,id=44471f42-9a01-4764-8909-e7e02c044ebe
2022-01-08 01:47:57,636 [Command processor thread] INFO  impl.RoleInfo (RoleInfo.java:shutdownLeaderState(91)) - 44471f42-9a01-4764-8909-e7e02c044ebe: shutdown 44471f42-9a01-4764-8909-e7e02c044ebe@group-CE8B11469DAA-LeaderStateImpl
2022-01-08 01:47:57,636 [Command processor thread] INFO  impl.PendingRequests (PendingRequests.java:sendNotLeaderResponses(282)) - 44471f42-9a01-4764-8909-e7e02c044ebe@group-CE8B11469DAA-PendingRequests: sendNotLeaderResponses
2022-01-08 01:47:57,636 [44471f42-9a01-4764-8909-e7e02c044ebe@group-CE8B11469DAA->6477641b-710a-49ab-b56b-e0f600eb5c24-GrpcLogAppender-LogAppenderDaemon] WARN  server.GrpcLogAppender (GrpcLogAppender.java:mayWait(177)) - 44471f42-9a01-4764-8909-e7e02c044ebe@group-CE8B11469DAA->6477641b-710a-49ab-b56b-e0f600eb5c24-GrpcLogAppender: Wait interrupted by java.lang.InterruptedException
2022-01-08 01:47:57,637 [44471f42-9a01-4764-8909-e7e02c044ebe@group-CE8B11469DAA-StateMachineUpdater] INFO  ratis.ContainerStateMachine (ContainerStateMachine.java:takeSnapshot(299)) - group-CE8B11469DAA: Taking a snapshot at:(t:3, i:0) file /home/runner/work/ozone/ozone/hadoop-ozone/integration-test/target/test-dir/MiniOzoneClusterImpl-6a132c25-3902-4d06-b1e4-79a7ed3e0f57/datanode-2/data/ratis/0026e3cf-d5f4-426a-a575-ce8b11469daa/sm/snapshot.3_0
2022-01-08 01:47:57,637 [grpc-default-executor-0] INFO  server.GrpcServerProtocolService (GrpcServerProtocolService.java:onCompleted(140)) - 6477641b-710a-49ab-b56b-e0f600eb5c24: Completed APPEND_ENTRIES, lastRequest: 44471f42-9a01-4764-8909-e7e02c044ebe->6477641b-710a-49ab-b56b-e0f600eb5c24#1-t3,previous=(t:0, i:0),leaderCommit=0,initializing? true,entries: size=1, first=(t:3, i:0), CONFIGURATIONENTRY
2022-01-08 01:47:57,637 [Command processor thread] INFO  impl.StateMachineUpdater (StateMachineUpdater.java:stopAndJoin(149)) - 44471f42-9a01-4764-8909-e7e02c044ebe@group-CE8B11469DAA-StateMachineUpdater: set stopIndex = 0
2022-01-08 01:47:57,637 [grpc-default-executor-0] INFO  server.GrpcLogAppender (GrpcLogAppender.java:onCompleted(346)) - 44471f42-9a01-4764-8909-e7e02c044ebe@group-CE8B11469DAA->6477641b-710a-49ab-b56b-e0f600eb5c24-AppendLogResponseHandler: follower responses appendEntries COMPLETED
2022-01-08 01:47:57,637 [grpc-default-executor-0] INFO  leader.FollowerInfo (FollowerInfoImpl.java:lambda$new$0(47)) - 44471f42-9a01-4764-8909-e7e02c044ebe@group-CE8B11469DAA->6477641b-710a-49ab-b56b-e0f600eb5c24: nextIndex: updateUnconditionally 1 -> 0
2022-01-08 01:47:57,639 [44471f42-9a01-4764-8909-e7e02c044ebe@group-CE8B11469DAA-StateMachineUpdater] INFO  ratis.ContainerStateMachine (ContainerStateMachine.java:takeSnapshot(310)) - group-CE8B11469DAA: Finished taking a snapshot at:(t:3, i:0) file:/home/runner/work/ozone/ozone/hadoop-ozone/integration-test/target/test-dir/MiniOzoneClusterImpl-6a132c25-3902-4d06-b1e4-79a7ed3e0f57/datanode-2/data/ratis/0026e3cf-d5f4-426a-a575-ce8b11469daa/sm/snapshot.3_0 took: 2 ms
2022-01-08 01:47:57,639 [44471f42-9a01-4764-8909-e7e02c044ebe@group-CE8B11469DAA-StateMachineUpdater] INFO  impl.StateMachineUpdater (StateMachineUpdater.java:takeSnapshot(281)) - 44471f42-9a01-4764-8909-e7e02c044ebe@group-CE8B11469DAA-StateMachineUpdater: Took a snapshot at index 0
2022-01-08 01:47:57,639 [44471f42-9a01-4764-8909-e7e02c044ebe@group-CE8B11469DAA-StateMachineUpdater] INFO  impl.StateMachineUpdater (StateMachineUpdater.java:lambda$new$0(89)) - 44471f42-9a01-4764-8909-e7e02c044ebe@group-CE8B11469DAA-StateMachineUpdater: snapshotIndex: updateIncreasingly -1 -> 0
2022-01-08 01:47:57,639 [Command processor thread] INFO  server.RaftServer$Division (ServerState.java:close(419)) - 44471f42-9a01-4764-8909-e7e02c044ebe@group-CE8B11469DAA: closes. applyIndex: 0
2022-01-08 01:47:57,639 [44471f42-9a01-4764-8909-e7e02c044ebe@group-CE8B11469DAA-SegmentedRaftLogWorker] INFO  segmented.SegmentedRaftLogWorker (SegmentedRaftLogWorker.java:run(327)) - 44471f42-9a01-4764-8909-e7e02c044ebe@group-CE8B11469DAA-SegmentedRaftLogWorker was interrupted, exiting. There are 0 tasks remaining in the queue.
2022-01-08 01:47:57,643 [Command processor thread] INFO  segmented.SegmentedRaftLogWorker (SegmentedRaftLogWorker.java:close(237)) - 44471f42-9a01-4764-8909-e7e02c044ebe@group-CE8B11469DAA-SegmentedRaftLogWorker close()
2022-01-08 01:47:57,643 [Command processor thread] INFO  server.RaftServer$Division (RaftServerImpl.java:groupRemove(382)) - 44471f42-9a01-4764-8909-e7e02c044ebe@group-CE8B11469DAA: Succeed to remove RaftStorageDirectory Storage Directory /home/runner/work/ozone/ozone/hadoop-ozone/integration-test/target/test-dir/MiniOzoneClusterImpl-6a132c25-3902-4d06-b1e4-79a7ed3e0f57/datanode-2/data/ratis/0026e3cf-d5f4-426a-a575-ce8b11469daa
2022-01-08 01:47:57,643 [Command processor thread] INFO  commandhandler.ClosePipelineCommandHandler (ClosePipelineCommandHandler.java:handle(78)) - Close Pipeline PipelineID=0026e3cf-d5f4-426a-a575-ce8b11469daa command on datanode 44471f42-9a01-4764-8909-e7e02c044ebe.
2022-01-08 01:47:58,711 [Command processor thread] INFO  server.RaftServer (RaftServerProxy.java:remove(106)) - 46dea062-dbed-4f29-9927-38d96de780a1: remove    LEADER 46dea062-dbed-4f29-9927-38d96de780a1@group-E4867FAC98DD:t1, leader=46dea062-dbed-4f29-9927-38d96de780a1, voted=46dea062-dbed-4f29-9927-38d96de780a1, raftlog=46dea062-dbed-4f29-9927-38d96de780a1@group-E4867FAC98DD-SegmentedRaftLog:OPENED:c0, conf=0: [81a3d3bc-df93-482d-841e-57d386bb5ebf|rpc:10.1.0.34:40489|dataStream:|priority:0, a6c260a2-0fcb-4cbe-bb3c-7bbe6bc0f1a0|rpc:10.1.0.34:44223|dataStream:|priority:0, 46dea062-dbed-4f29-9927-38d96de780a1|rpc:10.1.0.34:40963|dataStream:|priority:1], old=null RUNNING
2022-01-08 01:47:58,712 [Command processor thread] INFO  server.RaftServer$Division (RaftServerImpl.java:lambda$close$4(412)) - 46dea062-dbed-4f29-9927-38d96de780a1@group-E4867FAC98DD: shutdown
2022-01-08 01:47:58,712 [Command processor thread] INFO  util.JmxRegister (JmxRegister.java:unregister(73)) - Successfully un-registered JMX Bean with object name Ratis:service=RaftServer,group=group-E4867FAC98DD,id=46dea062-dbed-4f29-9927-38d96de780a1
2022-01-08 01:47:58,712 [Command processor thread] INFO  impl.RoleInfo (RoleInfo.java:shutdownLeaderState(91)) - 46dea062-dbed-4f29-9927-38d96de780a1: shutdown 46dea062-dbed-4f29-9927-38d96de780a1@group-E4867FAC98DD-LeaderStateImpl
2022-01-08 01:47:58,712 [Command processor thread] INFO  impl.PendingRequests (PendingRequests.java:sendNotLeaderResponses(282)) - 46dea062-dbed-4f29-9927-38d96de780a1@group-E4867FAC98DD-PendingRequests: sendNotLeaderResponses
2022-01-08 01:47:58,712 [Command processor thread] INFO  impl.StateMachineUpdater (StateMachineUpdater.java:stopAndJoin(149)) - 46dea062-dbed-4f29-9927-38d96de780a1@group-E4867FAC98DD-StateMachineUpdater: set stopIndex = 0
2022-01-08 01:47:58,713 [46dea062-dbed-4f29-9927-38d96de780a1@group-E4867FAC98DD->81a3d3bc-df93-482d-841e-57d386bb5ebf-GrpcLogAppender-LogAppenderDaemon] WARN  server.GrpcLogAppender (GrpcLogAppender.java:mayWait(177)) - 46dea062-dbed-4f29-9927-38d96de780a1@group-E4867FAC98DD->81a3d3bc-df93-482d-841e-57d386bb5ebf-GrpcLogAppender: Wait interrupted by java.lang.InterruptedException
2022-01-08 01:47:58,713 [46dea062-dbed-4f29-9927-38d96de780a1@group-E4867FAC98DD-StateMachineUpdater] INFO  ratis.ContainerStateMachine (ContainerStateMachine.java:takeSnapshot(299)) - group-E4867FAC98DD: Taking a snapshot at:(t:1, i:0) file /home/runner/work/ozone/ozone/hadoop-ozone/integration-test/target/test-dir/MiniOzoneClusterImpl-6a132c25-3902-4d06-b1e4-79a7ed3e0f57/datanode-3/data/ratis/11e6a4f4-e93b-49ef-a845-e4867fac98dd/sm/snapshot.1_0
2022-01-08 01:47:58,713 [grpc-default-executor-0] INFO  server.GrpcServerProtocolService (GrpcServerProtocolService.java:onCompleted(140)) - 81a3d3bc-df93-482d-841e-57d386bb5ebf: Completed APPEND_ENTRIES, lastRequest: 46dea062-dbed-4f29-9927-38d96de780a1->81a3d3bc-df93-482d-841e-57d386bb5ebf#1-t1,previous=(t:0, i:0),leaderCommit=-1,initializing? true,entries: size=1, first=(t:1, i:0), CONFIGURATIONENTRY
2022-01-08 01:47:58,714 [grpc-default-executor-2] INFO  server.GrpcLogAppender (GrpcLogAppender.java:onCompleted(346)) - 46dea062-dbed-4f29-9927-38d96de780a1@group-E4867FAC98DD->81a3d3bc-df93-482d-841e-57d386bb5ebf-AppendLogResponseHandler: follower responses appendEntries COMPLETED
2022-01-08 01:47:58,714 [grpc-default-executor-2] INFO  leader.FollowerInfo (FollowerInfoImpl.java:lambda$new$0(47)) - 46dea062-dbed-4f29-9927-38d96de780a1@group-E4867FAC98DD->81a3d3bc-df93-482d-841e-57d386bb5ebf: nextIndex: updateUnconditionally 1 -> 0
2022-01-08 01:47:58,719 [46dea062-dbed-4f29-9927-38d96de780a1@group-E4867FAC98DD-StateMachineUpdater] INFO  ratis.ContainerStateMachine (ContainerStateMachine.java:takeSnapshot(310)) - group-E4867FAC98DD: Finished taking a snapshot at:(t:1, i:0) file:/home/runner/work/ozone/ozone/hadoop-ozone/integration-test/target/test-dir/MiniOzoneClusterImpl-6a132c25-3902-4d06-b1e4-79a7ed3e0f57/datanode-3/data/ratis/11e6a4f4-e93b-49ef-a845-e4867fac98dd/sm/snapshot.1_0 took: 6 ms
2022-01-08 01:47:58,719 [46dea062-dbed-4f29-9927-38d96de780a1@group-E4867FAC98DD-StateMachineUpdater] INFO  impl.StateMachineUpdater (StateMachineUpdater.java:takeSnapshot(281)) - 46dea062-dbed-4f29-9927-38d96de780a1@group-E4867FAC98DD-StateMachineUpdater: Took a snapshot at index 0
2022-01-08 01:47:58,719 [46dea062-dbed-4f29-9927-38d96de780a1@group-E4867FAC98DD-StateMachineUpdater] INFO  impl.StateMachineUpdater (StateMachineUpdater.java:lambda$new$0(89)) - 46dea062-dbed-4f29-9927-38d96de780a1@group-E4867FAC98DD-StateMachineUpdater: snapshotIndex: updateIncreasingly -1 -> 0
2022-01-08 01:47:58,719 [Command processor thread] INFO  server.RaftServer$Division (ServerState.java:close(419)) - 46dea062-dbed-4f29-9927-38d96de780a1@group-E4867FAC98DD: closes. applyIndex: 0
2022-01-08 01:47:58,719 [46dea062-dbed-4f29-9927-38d96de780a1@group-E4867FAC98DD-SegmentedRaftLogWorker] INFO  segmented.SegmentedRaftLogWorker (SegmentedRaftLogWorker.java:run(327)) - 46dea062-dbed-4f29-9927-38d96de780a1@group-E4867FAC98DD-SegmentedRaftLogWorker was interrupted, exiting. There are 0 tasks remaining in the queue.
2022-01-08 01:47:58,720 [Command processor thread] INFO  segmented.SegmentedRaftLogWorker (SegmentedRaftLogWorker.java:close(237)) - 46dea062-dbed-4f29-9927-38d96de780a1@group-E4867FAC98DD-SegmentedRaftLogWorker close()
2022-01-08 01:47:58,720 [Command processor thread] INFO  server.RaftServer$Division (RaftServerImpl.java:groupRemove(382)) - 46dea062-dbed-4f29-9927-38d96de780a1@group-E4867FAC98DD: Succeed to remove RaftStorageDirectory Storage Directory /home/runner/work/ozone/ozone/hadoop-ozone/integration-test/target/test-dir/MiniOzoneClusterImpl-6a132c25-3902-4d06-b1e4-79a7ed3e0f57/datanode-3/data/ratis/11e6a4f4-e93b-49ef-a845-e4867fac98dd
2022-01-08 01:47:58,720 [Command processor thread] INFO  commandhandler.ClosePipelineCommandHandler (ClosePipelineCommandHandler.java:handle(78)) - Close Pipeline PipelineID=11e6a4f4-e93b-49ef-a845-e4867fac98dd command on datanode 46dea062-dbed-4f29-9927-38d96de780a1.
2022-01-08 01:47:58,720 [Command processor thread] INFO  server.RaftServer (RaftServerProxy.java:remove(106)) - 46dea062-dbed-4f29-9927-38d96de780a1: remove  FOLLOWER 46dea062-dbed-4f29-9927-38d96de780a1@group-53A1D7CF6D66:t2, leader=81a3d3bc-df93-482d-841e-57d386bb5ebf, voted=81a3d3bc-df93-482d-841e-57d386bb5ebf, raftlog=46dea062-dbed-4f29-9927-38d96de780a1@group-53A1D7CF6D66-SegmentedRaftLog:OPENED:c2, conf=1: [81a3d3bc-df93-482d-841e-57d386bb5ebf|rpc:10.1.0.34:40489|dataStream:|priority:0, a6c260a2-0fcb-4cbe-bb3c-7bbe6bc0f1a0|rpc:10.1.0.34:44223|dataStream:|priority:1, 46dea062-dbed-4f29-9927-38d96de780a1|rpc:10.1.0.34:40963|dataStream:|priority:0], old=null RUNNING
2022-01-08 01:47:58,720 [Command processor thread] INFO  server.RaftServer$Division (RaftServerImpl.java:lambda$close$4(412)) - 46dea062-dbed-4f29-9927-38d96de780a1@group-53A1D7CF6D66: shutdown
2022-01-08 01:47:58,721 [Command processor thread] INFO  util.JmxRegister (JmxRegister.java:unregister(73)) - Successfully un-registered JMX Bean with object name Ratis:service=RaftServer,group=group-53A1D7CF6D66,id=46dea062-dbed-4f29-9927-38d96de780a1
2022-01-08 01:47:58,721 [Command processor thread] INFO  impl.RoleInfo (RoleInfo.java:shutdownFollowerState(108)) - 46dea062-dbed-4f29-9927-38d96de780a1: shutdown 46dea062-dbed-4f29-9927-38d96de780a1@group-53A1D7CF6D66-FollowerState
2022-01-08 01:47:58,721 [Command processor thread] INFO  impl.StateMachineUpdater (StateMachineUpdater.java:stopAndJoin(149)) - 46dea062-dbed-4f29-9927-38d96de780a1@group-53A1D7CF6D66-StateMachineUpdater: set stopIndex = 2
2022-01-08 01:47:58,721 [46dea062-dbed-4f29-9927-38d96de780a1@group-53A1D7CF6D66-FollowerState] INFO  impl.FollowerState (FollowerState.java:run(143)) - 46dea062-dbed-4f29-9927-38d96de780a1@group-53A1D7CF6D66-FollowerState was interrupted: {}
java.lang.InterruptedException: sleep interrupted
	at java.lang.Thread.sleep(Native Method)
	at java.lang.Thread.sleep(Thread.java:340)
	at java.util.concurrent.TimeUnit.sleep(TimeUnit.java:386)
	at org.apache.ratis.util.TimeDuration.sleep(TimeDuration.java:324)
	at org.apache.ratis.util.TimeDuration.sleep(TimeDuration.java:309)
	at org.apache.ratis.server.impl.FollowerState.run(FollowerState.java:118)
2022-01-08 01:47:58,721 [46dea062-dbed-4f29-9927-38d96de780a1@group-53A1D7CF6D66-StateMachineUpdater] INFO  ratis.ContainerStateMachine (ContainerStateMachine.java:takeSnapshot(299)) - group-53A1D7CF6D66: Taking a snapshot at:(t:2, i:2) file /home/runner/work/ozone/ozone/hadoop-ozone/integration-test/target/test-dir/MiniOzoneClusterImpl-6a132c25-3902-4d06-b1e4-79a7ed3e0f57/datanode-3/data/ratis/ed7d7f98-d33b-43a4-b8f6-53a1d7cf6d66/sm/snapshot.2_2
2022-01-08 01:47:58,775 [46dea062-dbed-4f29-9927-38d96de780a1@group-53A1D7CF6D66-StateMachineUpdater] INFO  ratis.ContainerStateMachine (ContainerStateMachine.java:takeSnapshot(310)) - group-53A1D7CF6D66: Finished taking a snapshot at:(t:2, i:2) file:/home/runner/work/ozone/ozone/hadoop-ozone/integration-test/target/test-dir/MiniOzoneClusterImpl-6a132c25-3902-4d06-b1e4-79a7ed3e0f57/datanode-3/data/ratis/ed7d7f98-d33b-43a4-b8f6-53a1d7cf6d66/sm/snapshot.2_2 took: 54 ms
2022-01-08 01:47:58,796 [46dea062-dbed-4f29-9927-38d96de780a1@group-53A1D7CF6D66-StateMachineUpdater] INFO  impl.StateMachineUpdater (StateMachineUpdater.java:takeSnapshot(281)) - 46dea062-dbed-4f29-9927-38d96de780a1@group-53A1D7CF6D66-StateMachineUpdater: Took a snapshot at index 2
2022-01-08 01:47:58,796 [46dea062-dbed-4f29-9927-38d96de780a1@group-53A1D7CF6D66-StateMachineUpdater] INFO  impl.StateMachineUpdater (StateMachineUpdater.java:lambda$new$0(89)) - 46dea062-dbed-4f29-9927-38d96de780a1@group-53A1D7CF6D66-StateMachineUpdater: snapshotIndex: updateIncreasingly -1 -> 2
2022-01-08 01:47:58,796 [Command processor thread] INFO  server.RaftServer$Division (ServerState.java:close(419)) - 46dea062-dbed-4f29-9927-38d96de780a1@group-53A1D7CF6D66: closes. applyIndex: 2
2022-01-08 01:47:58,796 [46dea062-dbed-4f29-9927-38d96de780a1@group-53A1D7CF6D66-SegmentedRaftLogWorker] INFO  segmented.SegmentedRaftLogWorker (SegmentedRaftLogWorker.java:run(327)) - 46dea062-dbed-4f29-9927-38d96de780a1@group-53A1D7CF6D66-SegmentedRaftLogWorker was interrupted, exiting. There are 0 tasks remaining in the queue.
2022-01-08 01:47:58,797 [Command processor thread] INFO  segmented.SegmentedRaftLogWorker (SegmentedRaftLogWorker.java:close(237)) - 46dea062-dbed-4f29-9927-38d96de780a1@group-53A1D7CF6D66-SegmentedRaftLogWorker close()
2022-01-08 01:47:58,797 [Command processor thread] INFO  server.RaftServer$Division (RaftServerImpl.java:groupRemove(382)) - 46dea062-dbed-4f29-9927-38d96de780a1@group-53A1D7CF6D66: Succeed to remove RaftStorageDirectory Storage Directory /home/runner/work/ozone/ozone/hadoop-ozone/integration-test/target/test-dir/MiniOzoneClusterImpl-6a132c25-3902-4d06-b1e4-79a7ed3e0f57/datanode-3/data/ratis/ed7d7f98-d33b-43a4-b8f6-53a1d7cf6d66
2022-01-08 01:47:58,797 [Command processor thread] INFO  commandhandler.ClosePipelineCommandHandler (ClosePipelineCommandHandler.java:handle(78)) - Close Pipeline PipelineID=ed7d7f98-d33b-43a4-b8f6-53a1d7cf6d66 command on datanode 46dea062-dbed-4f29-9927-38d96de780a1.
2022-01-08 01:47:58,798 [Command processor thread] INFO  server.RaftServer (RaftServerProxy.java:remove(106)) - 46dea062-dbed-4f29-9927-38d96de780a1: remove  FOLLOWER 46dea062-dbed-4f29-9927-38d96de780a1@group-225DCE1D33EE:t6, leader=81a3d3bc-df93-482d-841e-57d386bb5ebf, voted=81a3d3bc-df93-482d-841e-57d386bb5ebf, raftlog=46dea062-dbed-4f29-9927-38d96de780a1@group-225DCE1D33EE-SegmentedRaftLog:OPENED:c0, conf=0: [81a3d3bc-df93-482d-841e-57d386bb5ebf|rpc:10.1.0.34:40489|dataStream:|priority:1, a6c260a2-0fcb-4cbe-bb3c-7bbe6bc0f1a0|rpc:10.1.0.34:44223|dataStream:|priority:0, 46dea062-dbed-4f29-9927-38d96de780a1|rpc:10.1.0.34:40963|dataStream:|priority:0], old=null RUNNING
2022-01-08 01:47:58,798 [Command processor thread] INFO  server.RaftServer$Division (RaftServerImpl.java:lambda$close$4(412)) - 46dea062-dbed-4f29-9927-38d96de780a1@group-225DCE1D33EE: shutdown
2022-01-08 01:47:58,798 [Command processor thread] INFO  util.JmxRegister (JmxRegister.java:unregister(73)) - Successfully un-registered JMX Bean with object name Ratis:service=RaftServer,group=group-225DCE1D33EE,id=46dea062-dbed-4f29-9927-38d96de780a1
2022-01-08 01:47:58,798 [Command processor thread] INFO  impl.RoleInfo (RoleInfo.java:shutdownFollowerState(108)) - 46dea062-dbed-4f29-9927-38d96de780a1: shutdown 46dea062-dbed-4f29-9927-38d96de780a1@group-225DCE1D33EE-FollowerState
2022-01-08 01:47:58,798 [Command processor thread] INFO  impl.StateMachineUpdater (StateMachineUpdater.java:stopAndJoin(149)) - 46dea062-dbed-4f29-9927-38d96de780a1@group-225DCE1D33EE-StateMachineUpdater: set stopIndex = 0
2022-01-08 01:47:58,798 [46dea062-dbed-4f29-9927-38d96de780a1@group-225DCE1D33EE-FollowerState] INFO  impl.FollowerState (FollowerState.java:run(143)) - 46dea062-dbed-4f29-9927-38d96de780a1@group-225DCE1D33EE-FollowerState was interrupted: {}
java.lang.InterruptedException: sleep interrupted
	at java.lang.Thread.sleep(Native Method)
	at java.lang.Thread.sleep(Thread.java:340)
	at java.util.concurrent.TimeUnit.sleep(TimeUnit.java:386)
	at org.apache.ratis.util.TimeDuration.sleep(TimeDuration.java:324)
	at org.apache.ratis.util.TimeDuration.sleep(TimeDuration.java:309)
	at org.apache.ratis.server.impl.FollowerState.run(FollowerState.java:118)
2022-01-08 01:47:58,798 [46dea062-dbed-4f29-9927-38d96de780a1@group-225DCE1D33EE-StateMachineUpdater] INFO  ratis.ContainerStateMachine (ContainerStateMachine.java:takeSnapshot(299)) - group-225DCE1D33EE: Taking a snapshot at:(t:6, i:0) file /home/runner/work/ozone/ozone/hadoop-ozone/integration-test/target/test-dir/MiniOzoneClusterImpl-6a132c25-3902-4d06-b1e4-79a7ed3e0f57/datanode-3/data/ratis/f15b3aaa-cebb-4a2e-9180-225dce1d33ee/sm/snapshot.6_0
2022-01-08 01:47:58,801 [46dea062-dbed-4f29-9927-38d96de780a1@group-225DCE1D33EE-StateMachineUpdater] INFO  ratis.ContainerStateMachine (ContainerStateMachine.java:takeSnapshot(310)) - group-225DCE1D33EE: Finished taking a snapshot at:(t:6, i:0) file:/home/runner/work/ozone/ozone/hadoop-ozone/integration-test/target/test-dir/MiniOzoneClusterImpl-6a132c25-3902-4d06-b1e4-79a7ed3e0f57/datanode-3/data/ratis/f15b3aaa-cebb-4a2e-9180-225dce1d33ee/sm/snapshot.6_0 took: 2 ms
2022-01-08 01:47:58,801 [46dea062-dbed-4f29-9927-38d96de780a1@group-225DCE1D33EE-StateMachineUpdater] INFO  impl.StateMachineUpdater (StateMachineUpdater.java:takeSnapshot(281)) - 46dea062-dbed-4f29-9927-38d96de780a1@group-225DCE1D33EE-StateMachineUpdater: Took a snapshot at index 0
2022-01-08 01:47:58,801 [46dea062-dbed-4f29-9927-38d96de780a1@group-225DCE1D33EE-StateMachineUpdater] INFO  impl.StateMachineUpdater (StateMachineUpdater.java:lambda$new$0(89)) - 46dea062-dbed-4f29-9927-38d96de780a1@group-225DCE1D33EE-StateMachineUpdater: snapshotIndex: updateIncreasingly -1 -> 0
2022-01-08 01:47:58,801 [Command processor thread] INFO  server.RaftServer$Division (ServerState.java:close(419)) - 46dea062-dbed-4f29-9927-38d96de780a1@group-225DCE1D33EE: closes. applyIndex: 0
2022-01-08 01:47:58,801 [46dea062-dbed-4f29-9927-38d96de780a1@group-225DCE1D33EE-SegmentedRaftLogWorker] INFO  segmented.SegmentedRaftLogWorker (SegmentedRaftLogWorker.java:run(327)) - 46dea062-dbed-4f29-9927-38d96de780a1@group-225DCE1D33EE-SegmentedRaftLogWorker was interrupted, exiting. There are 0 tasks remaining in the queue.
2022-01-08 01:47:58,801 [Command processor thread] INFO  segmented.SegmentedRaftLogWorker (SegmentedRaftLogWorker.java:close(237)) - 46dea062-dbed-4f29-9927-38d96de780a1@group-225DCE1D33EE-SegmentedRaftLogWorker close()
2022-01-08 01:47:58,802 [Command processor thread] INFO  server.RaftServer$Division (RaftServerImpl.java:groupRemove(382)) - 46dea062-dbed-4f29-9927-38d96de780a1@group-225DCE1D33EE: Succeed to remove RaftStorageDirectory Storage Directory /home/runner/work/ozone/ozone/hadoop-ozone/integration-test/target/test-dir/MiniOzoneClusterImpl-6a132c25-3902-4d06-b1e4-79a7ed3e0f57/datanode-3/data/ratis/f15b3aaa-cebb-4a2e-9180-225dce1d33ee
2022-01-08 01:47:58,802 [Command processor thread] INFO  commandhandler.ClosePipelineCommandHandler (ClosePipelineCommandHandler.java:handle(78)) - Close Pipeline PipelineID=f15b3aaa-cebb-4a2e-9180-225dce1d33ee command on datanode 46dea062-dbed-4f29-9927-38d96de780a1.
2022-01-08 01:47:59,478 [grpc-default-executor-0] WARN  server.GrpcLogAppender (LogUtils.java:warn(122)) - 44471f42-9a01-4764-8909-e7e02c044ebe@group-C60743901939->a0cd68b1-75b0-4717-86f8-69ceed32178b-AppendLogResponseHandler: Failed appendEntries: org.apache.ratis.thirdparty.io.grpc.StatusRuntimeException: UNAVAILABLE: io exception
2022-01-08 01:47:59,508 [grpc-default-executor-0] WARN  server.GrpcLogAppender (GrpcLogAppender.java:resetClient(110)) - 44471f42-9a01-4764-8909-e7e02c044ebe@group-C60743901939->a0cd68b1-75b0-4717-86f8-69ceed32178b-GrpcLogAppender: Leader has not got in touch with Follower 44471f42-9a01-4764-8909-e7e02c044ebe@group-C60743901939->a0cd68b1-75b0-4717-86f8-69ceed32178b(c-1,m0,n3, attendVote=true, lastRpcSendTime=0, lastRpcResponseTime=7884) yet, just keep nextIndex unchanged and retry.
2022-01-08 01:47:59,907 [grpc-default-executor-0] WARN  server.GrpcLogAppender (LogUtils.java:warn(122)) - 81a3d3bc-df93-482d-841e-57d386bb5ebf@group-53A1D7CF6D66->a6c260a2-0fcb-4cbe-bb3c-7bbe6bc0f1a0-AppendLogResponseHandler: Failed appendEntries: org.apache.ratis.thirdparty.io.grpc.StatusRuntimeException: UNAVAILABLE: io exception
2022-01-08 01:47:59,933 [grpc-default-executor-0] WARN  server.GrpcLogAppender (GrpcLogAppender.java:resetClient(110)) - 81a3d3bc-df93-482d-841e-57d386bb5ebf@group-53A1D7CF6D66->a6c260a2-0fcb-4cbe-bb3c-7bbe6bc0f1a0-GrpcLogAppender: Leader has not got in touch with Follower 81a3d3bc-df93-482d-841e-57d386bb5ebf@group-53A1D7CF6D66->a6c260a2-0fcb-4cbe-bb3c-7bbe6bc0f1a0(c-1,m0,n3, attendVote=true, lastRpcSendTime=29, lastRpcResponseTime=17926) yet, just keep nextIndex unchanged and retry.
2022-01-08 01:47:59,964 [grpc-default-executor-0] WARN  server.GrpcLogAppender (LogUtils.java:warn(122)) - 81a3d3bc-df93-482d-841e-57d386bb5ebf@group-225DCE1D33EE->a6c260a2-0fcb-4cbe-bb3c-7bbe6bc0f1a0-AppendLogResponseHandler: Failed appendEntries: org.apache.ratis.thirdparty.io.grpc.StatusRuntimeException: UNAVAILABLE: io exception
2022-01-08 01:47:59,965 [grpc-default-executor-0] WARN  server.GrpcLogAppender (GrpcLogAppender.java:resetClient(110)) - 81a3d3bc-df93-482d-841e-57d386bb5ebf@group-225DCE1D33EE->a6c260a2-0fcb-4cbe-bb3c-7bbe6bc0f1a0-GrpcLogAppender: Leader has not got in touch with Follower 81a3d3bc-df93-482d-841e-57d386bb5ebf@group-225DCE1D33EE->a6c260a2-0fcb-4cbe-bb3c-7bbe6bc0f1a0(c0,m0,n1, attendVote=true, lastRpcSendTime=0, lastRpcResponseTime=20112) yet, just keep nextIndex unchanged and retry.
2022-01-08 01:48:02,009 [grpc-default-executor-0] WARN  server.GrpcLogAppender (LogUtils.java:warn(122)) - 44471f42-9a01-4764-8909-e7e02c044ebe@group-C60743901939->a0cd68b1-75b0-4717-86f8-69ceed32178b-AppendLogResponseHandler: Failed appendEntries: org.apache.ratis.thirdparty.io.grpc.StatusRuntimeException: UNAVAILABLE: io exception
2022-01-08 01:48:02,010 [grpc-default-executor-0] WARN  server.GrpcLogAppender (GrpcLogAppender.java:resetClient(110)) - 44471f42-9a01-4764-8909-e7e02c044ebe@group-C60743901939->a0cd68b1-75b0-4717-86f8-69ceed32178b-GrpcLogAppender: Leader has not got in touch with Follower 44471f42-9a01-4764-8909-e7e02c044ebe@group-C60743901939->a0cd68b1-75b0-4717-86f8-69ceed32178b(c-1,m0,n3, attendVote=true, lastRpcSendTime=0, lastRpcResponseTime=10386) yet, just keep nextIndex unchanged and retry.
2022-01-08 01:48:02,100 [Listener at 127.0.0.1/40645] INFO  ozoneimpl.OzoneContainer (OzoneContainer.java:stop(336)) - Attempting to stop container services.
2022-01-08 01:48:02,104 [Listener at 127.0.0.1/40645] INFO  server.RaftServer (RaftServerProxy.java:lambda$close$6(391)) - 81a3d3bc-df93-482d-841e-57d386bb5ebf: close
2022-01-08 01:48:02,104 [Listener at 127.0.0.1/40645] INFO  server.RaftServer$Division (RaftServerImpl.java:lambda$close$4(412)) - 81a3d3bc-df93-482d-841e-57d386bb5ebf@group-E4867FAC98DD: shutdown
2022-01-08 01:48:02,104 [Listener at 127.0.0.1/40645] INFO  util.JmxRegister (JmxRegister.java:unregister(73)) - Successfully un-registered JMX Bean with object name Ratis:service=RaftServer,group=group-E4867FAC98DD,id=81a3d3bc-df93-482d-841e-57d386bb5ebf
2022-01-08 01:48:02,104 [Listener at 127.0.0.1/40645] INFO  impl.RoleInfo (RoleInfo.java:shutdownFollowerState(108)) - 81a3d3bc-df93-482d-841e-57d386bb5ebf: shutdown 81a3d3bc-df93-482d-841e-57d386bb5ebf@group-E4867FAC98DD-FollowerState
2022-01-08 01:48:02,104 [Listener at 127.0.0.1/40645] INFO  impl.StateMachineUpdater (StateMachineUpdater.java:stopAndJoin(149)) - 81a3d3bc-df93-482d-841e-57d386bb5ebf@group-E4867FAC98DD-StateMachineUpdater: set stopIndex = 0
2022-01-08 01:48:02,104 [81a3d3bc-df93-482d-841e-57d386bb5ebf@group-E4867FAC98DD-FollowerState] INFO  impl.FollowerState (FollowerState.java:run(143)) - 81a3d3bc-df93-482d-841e-57d386bb5ebf@group-E4867FAC98DD-FollowerState was interrupted: {}
java.lang.InterruptedException: sleep interrupted
	at java.lang.Thread.sleep(Native Method)
	at java.lang.Thread.sleep(Thread.java:340)
	at java.util.concurrent.TimeUnit.sleep(TimeUnit.java:386)
	at org.apache.ratis.util.TimeDuration.sleep(TimeDuration.java:324)
	at org.apache.ratis.util.TimeDuration.sleep(TimeDuration.java:309)
	at org.apache.ratis.server.impl.FollowerState.run(FollowerState.java:118)
2022-01-08 01:48:02,105 [81a3d3bc-df93-482d-841e-57d386bb5ebf@group-E4867FAC98DD-StateMachineUpdater] INFO  ratis.ContainerStateMachine (ContainerStateMachine.java:takeSnapshot(299)) - group-E4867FAC98DD: Taking a snapshot at:(t:1, i:0) file /home/runner/work/ozone/ozone/hadoop-ozone/integration-test/target/test-dir/MiniOzoneClusterImpl-6a132c25-3902-4d06-b1e4-79a7ed3e0f57/datanode-5/data/ratis/11e6a4f4-e93b-49ef-a845-e4867fac98dd/sm/snapshot.1_0
2022-01-08 01:48:02,110 [81a3d3bc-df93-482d-841e-57d386bb5ebf@group-E4867FAC98DD-StateMachineUpdater] INFO  ratis.ContainerStateMachine (ContainerStateMachine.java:takeSnapshot(310)) - group-E4867FAC98DD: Finished taking a snapshot at:(t:1, i:0) file:/home/runner/work/ozone/ozone/hadoop-ozone/integration-test/target/test-dir/MiniOzoneClusterImpl-6a132c25-3902-4d06-b1e4-79a7ed3e0f57/datanode-5/data/ratis/11e6a4f4-e93b-49ef-a845-e4867fac98dd/sm/snapshot.1_0 took: 5 ms
2022-01-08 01:48:02,110 [81a3d3bc-df93-482d-841e-57d386bb5ebf@group-E4867FAC98DD-StateMachineUpdater] INFO  impl.StateMachineUpdater (StateMachineUpdater.java:takeSnapshot(281)) - 81a3d3bc-df93-482d-841e-57d386bb5ebf@group-E4867FAC98DD-StateMachineUpdater: Took a snapshot at index 0
2022-01-08 01:48:02,110 [81a3d3bc-df93-482d-841e-57d386bb5ebf@group-E4867FAC98DD-StateMachineUpdater] INFO  impl.StateMachineUpdater (StateMachineUpdater.java:lambda$new$0(89)) - 81a3d3bc-df93-482d-841e-57d386bb5ebf@group-E4867FAC98DD-StateMachineUpdater: snapshotIndex: updateIncreasingly -1 -> 0
2022-01-08 01:48:02,111 [Listener at 127.0.0.1/40645] INFO  server.RaftServer$Division (ServerState.java:close(419)) - 81a3d3bc-df93-482d-841e-57d386bb5ebf@group-E4867FAC98DD: closes. applyIndex: 0
2022-01-08 01:48:02,111 [81a3d3bc-df93-482d-841e-57d386bb5ebf@group-E4867FAC98DD-SegmentedRaftLogWorker] INFO  segmented.SegmentedRaftLogWorker (SegmentedRaftLogWorker.java:run(327)) - 81a3d3bc-df93-482d-841e-57d386bb5ebf@group-E4867FAC98DD-SegmentedRaftLogWorker was interrupted, exiting. There are 0 tasks remaining in the queue.
2022-01-08 01:48:02,111 [Listener at 127.0.0.1/40645] INFO  segmented.SegmentedRaftLogWorker (SegmentedRaftLogWorker.java:close(237)) - 81a3d3bc-df93-482d-841e-57d386bb5ebf@group-E4867FAC98DD-SegmentedRaftLogWorker close()
2022-01-08 01:48:02,112 [Listener at 127.0.0.1/40645] INFO  server.RaftServer$Division (RaftServerImpl.java:lambda$close$4(412)) - 81a3d3bc-df93-482d-841e-57d386bb5ebf@group-53A1D7CF6D66: shutdown
2022-01-08 01:48:02,112 [Listener at 127.0.0.1/40645] INFO  util.JmxRegister (JmxRegister.java:unregister(73)) - Successfully un-registered JMX Bean with object name Ratis:service=RaftServer,group=group-53A1D7CF6D66,id=81a3d3bc-df93-482d-841e-57d386bb5ebf
2022-01-08 01:48:02,112 [Listener at 127.0.0.1/40645] INFO  impl.RoleInfo (RoleInfo.java:shutdownLeaderState(91)) - 81a3d3bc-df93-482d-841e-57d386bb5ebf: shutdown 81a3d3bc-df93-482d-841e-57d386bb5ebf@group-53A1D7CF6D66-LeaderStateImpl
2022-01-08 01:48:02,112 [81a3d3bc-df93-482d-841e-57d386bb5ebf@group-53A1D7CF6D66->46dea062-dbed-4f29-9927-38d96de780a1-GrpcLogAppender-LogAppenderDaemon] WARN  server.GrpcLogAppender (GrpcLogAppender.java:mayWait(177)) - 81a3d3bc-df93-482d-841e-57d386bb5ebf@group-53A1D7CF6D66->46dea062-dbed-4f29-9927-38d96de780a1-GrpcLogAppender: Wait interrupted by java.lang.InterruptedException
2022-01-08 01:48:02,112 [Listener at 127.0.0.1/40645] INFO  impl.PendingRequests (PendingRequests.java:sendNotLeaderResponses(282)) - 81a3d3bc-df93-482d-841e-57d386bb5ebf@group-53A1D7CF6D66-PendingRequests: sendNotLeaderResponses
2022-01-08 01:48:02,112 [grpc-default-executor-0] INFO  server.GrpcServerProtocolService (GrpcServerProtocolService.java:onCompleted(140)) - 46dea062-dbed-4f29-9927-38d96de780a1: Completed APPEND_ENTRIES, lastRequest: 81a3d3bc-df93-482d-841e-57d386bb5ebf->46dea062-dbed-4f29-9927-38d96de780a1#2-t2,previous=(t:2, i:1),leaderCommit=1,initializing? true,entries: size=1, first=(t:2, i:2), METADATAENTRY(c:1)
2022-01-08 01:48:02,114 [Listener at 127.0.0.1/40645] INFO  impl.StateMachineUpdater (StateMachineUpdater.java:stopAndJoin(149)) - 81a3d3bc-df93-482d-841e-57d386bb5ebf@group-53A1D7CF6D66-StateMachineUpdater: set stopIndex = 2
2022-01-08 01:48:02,115 [grpc-default-executor-2] INFO  server.GrpcLogAppender (GrpcLogAppender.java:onCompleted(346)) - 81a3d3bc-df93-482d-841e-57d386bb5ebf@group-53A1D7CF6D66->46dea062-dbed-4f29-9927-38d96de780a1-AppendLogResponseHandler: follower responses appendEntries COMPLETED
2022-01-08 01:48:02,115 [81a3d3bc-df93-482d-841e-57d386bb5ebf@group-53A1D7CF6D66-StateMachineUpdater] INFO  ratis.ContainerStateMachine (ContainerStateMachine.java:takeSnapshot(299)) - group-53A1D7CF6D66: Taking a snapshot at:(t:2, i:2) file /home/runner/work/ozone/ozone/hadoop-ozone/integration-test/target/test-dir/MiniOzoneClusterImpl-6a132c25-3902-4d06-b1e4-79a7ed3e0f57/datanode-5/data/ratis/ed7d7f98-d33b-43a4-b8f6-53a1d7cf6d66/sm/snapshot.2_2
2022-01-08 01:48:02,115 [grpc-default-executor-2] INFO  leader.FollowerInfo (FollowerInfoImpl.java:lambda$new$0(47)) - 81a3d3bc-df93-482d-841e-57d386bb5ebf@group-53A1D7CF6D66->46dea062-dbed-4f29-9927-38d96de780a1: nextIndex: updateUnconditionally 3 -> 2
2022-01-08 01:48:02,119 [81a3d3bc-df93-482d-841e-57d386bb5ebf@group-53A1D7CF6D66-StateMachineUpdater] INFO  ratis.ContainerStateMachine (ContainerStateMachine.java:takeSnapshot(310)) - group-53A1D7CF6D66: Finished taking a snapshot at:(t:2, i:2) file:/home/runner/work/ozone/ozone/hadoop-ozone/integration-test/target/test-dir/MiniOzoneClusterImpl-6a132c25-3902-4d06-b1e4-79a7ed3e0f57/datanode-5/data/ratis/ed7d7f98-d33b-43a4-b8f6-53a1d7cf6d66/sm/snapshot.2_2 took: 3 ms
2022-01-08 01:48:02,119 [81a3d3bc-df93-482d-841e-57d386bb5ebf@group-53A1D7CF6D66-StateMachineUpdater] INFO  impl.StateMachineUpdater (StateMachineUpdater.java:takeSnapshot(281)) - 81a3d3bc-df93-482d-841e-57d386bb5ebf@group-53A1D7CF6D66-StateMachineUpdater: Took a snapshot at index 2
2022-01-08 01:48:02,119 [81a3d3bc-df93-482d-841e-57d386bb5ebf@group-53A1D7CF6D66-StateMachineUpdater] INFO  impl.StateMachineUpdater (StateMachineUpdater.java:lambda$new$0(89)) - 81a3d3bc-df93-482d-841e-57d386bb5ebf@group-53A1D7CF6D66-StateMachineUpdater: snapshotIndex: updateIncreasingly -1 -> 2
2022-01-08 01:48:02,119 [Listener at 127.0.0.1/40645] INFO  server.RaftServer$Division (ServerState.java:close(419)) - 81a3d3bc-df93-482d-841e-57d386bb5ebf@group-53A1D7CF6D66: closes. applyIndex: 2
2022-01-08 01:48:02,167 [81a3d3bc-df93-482d-841e-57d386bb5ebf@group-53A1D7CF6D66->a6c260a2-0fcb-4cbe-bb3c-7bbe6bc0f1a0-GrpcLogAppender-LogAppenderDaemon] ERROR leader.LogAppenderDaemon (LogAppenderDaemon.java:run(86)) - 81a3d3bc-df93-482d-841e-57d386bb5ebf@group-53A1D7CF6D66->a6c260a2-0fcb-4cbe-bb3c-7bbe6bc0f1a0-GrpcLogAppender-LogAppenderDaemon failed
java.lang.IllegalArgumentException: 81a3d3bc-df93-482d-841e-57d386bb5ebf@group-53A1D7CF6D66-SegmentedRaftLog is expected to be opened but it is CLOSED
	at org.apache.ratis.util.OpenCloseState.assertOpen(OpenCloseState.java:63)
	at org.apache.ratis.server.raftlog.RaftLogBase.checkLogState(RaftLogBase.java:107)
	at org.apache.ratis.server.raftlog.segmented.SegmentedRaftLog.getLastEntryTermIndex(SegmentedRaftLog.java:339)
	at org.apache.ratis.server.raftlog.RaftLog.getNextIndex(RaftLog.java:83)
	at org.apache.ratis.server.leader.LogAppenderBase.newAppendEntriesRequest(LogAppenderBase.java:138)
	at org.apache.ratis.grpc.server.GrpcLogAppender.appendLog(GrpcLogAppender.java:213)
	at org.apache.ratis.grpc.server.GrpcLogAppender.run(GrpcLogAppender.java:147)
	at org.apache.ratis.server.leader.LogAppenderDaemon.run(LogAppenderDaemon.java:77)
	at java.lang.Thread.run(Thread.java:748)
Caused by: org.apache.ratis.util.OpenCloseState$CloseTrace: Close 81a3d3bc-df93-482d-841e-57d386bb5ebf@group-53A1D7CF6D66-SegmentedRaftLog
	at org.apache.ratis.util.OpenCloseState.lambda$close$1(OpenCloseState.java:109)
	at java.util.concurrent.atomic.AtomicReference.getAndUpdate(AtomicReference.java:160)
	at org.apache.ratis.util.OpenCloseState.close(OpenCloseState.java:109)
	at org.apache.ratis.server.raftlog.RaftLogBase.close(RaftLogBase.java:356)
	at org.apache.ratis.server.raftlog.segmented.SegmentedRaftLog.close(SegmentedRaftLog.java:505)
	at org.apache.ratis.server.impl.ServerState.close(ServerState.java:421)
	at org.apache.ratis.server.impl.RaftServerImpl.lambda$close$4(RaftServerImpl.java:434)
	at org.apache.ratis.util.LifeCycle.lambda$checkStateAndClose$4(LifeCycle.java:299)
	at org.apache.ratis.util.LifeCycle.checkStateAndClose(LifeCycle.java:319)
	at org.apache.ratis.util.LifeCycle.checkStateAndClose(LifeCycle.java:297)
	at org.apache.ratis.server.impl.RaftServerImpl.close(RaftServerImpl.java:411)
	at org.apache.ratis.server.impl.RaftServerProxy$ImplMap.close(RaftServerProxy.java:129)
	at org.apache.ratis.server.impl.RaftServerProxy$ImplMap.lambda$close$0(RaftServerProxy.java:117)
	at java.util.stream.ForEachOps$ForEachOp$OfRef.accept(ForEachOps.java:183)
	at java.util.concurrent.ConcurrentHashMap$EntrySpliterator.forEachRemaining(ConcurrentHashMap.java:3606)
	at java.util.stream.AbstractPipeline.copyInto(AbstractPipeline.java:482)
	at java.util.stream.ForEachOps$ForEachTask.compute(ForEachOps.java:290)
	at java.util.concurrent.CountedCompleter.exec(CountedCompleter.java:731)
	at java.util.concurrent.ForkJoinTask.doExec(ForkJoinTask.java:289)
	at java.util.concurrent.ForkJoinTask.doInvoke(ForkJoinTask.java:401)
	at java.util.concurrent.ForkJoinTask.invoke(ForkJoinTask.java:734)
	at java.util.stream.ForEachOps$ForEachOp.evaluateParallel(ForEachOps.java:159)
	at java.util.stream.ForEachOps$ForEachOp$OfRef.evaluateParallel(ForEachOps.java:173)
	at java.util.stream.AbstractPipeline.evaluate(AbstractPipeline.java:233)
	at java.util.stream.ReferencePipeline.forEach(ReferencePipeline.java:485)
	at java.util.stream.ReferencePipeline$Head.forEach(ReferencePipeline.java:650)
	at org.apache.ratis.server.impl.RaftServerProxy$ImplMap.close(RaftServerProxy.java:117)
	at org.apache.ratis.server.impl.RaftServerProxy.lambda$close$6(RaftServerProxy.java:392)
	at org.apache.ratis.util.LifeCycle.lambda$checkStateAndClose$4(LifeCycle.java:299)
	at org.apache.ratis.util.LifeCycle.checkStateAndClose(LifeCycle.java:319)
	at org.apache.ratis.util.LifeCycle.checkStateAndClose(LifeCycle.java:297)
	at org.apache.ratis.server.impl.RaftServerProxy.close(RaftServerProxy.java:390)
	at org.apache.hadoop.ozone.container.common.transport.server.ratis.XceiverServerRatis.stop(XceiverServerRatis.java:516)
	at org.apache.hadoop.ozone.container.ozoneimpl.OzoneContainer.stop(OzoneContainer.java:339)
	at org.apache.hadoop.ozone.container.common.statemachine.DatanodeStateMachine.close(DatanodeStateMachine.java:380)
	at org.apache.hadoop.ozone.container.common.statemachine.DatanodeStateMachine.stopDaemon(DatanodeStateMachine.java:525)
	at org.apache.hadoop.ozone.HddsDatanodeService.stop(HddsDatanodeService.java:589)
	at org.apache.hadoop.ozone.MiniOzoneClusterImpl.stopDatanode(MiniOzoneClusterImpl.java:535)
	at java.util.stream.ForEachOps$ForEachOp$OfRef.accept(ForEachOps.java:183)
	at java.util.ArrayList$ArrayListSpliterator.forEachRemaining(ArrayList.java:1384)
	at java.util.stream.AbstractPipeline.copyInto(AbstractPipeline.java:482)
	at java.util.stream.ForEachOps$ForEachTask.compute(ForEachOps.java:290)
	at java.util.concurrent.CountedCompleter.exec(CountedCompleter.java:731)
	at java.util.concurrent.ForkJoinTask.doExec(ForkJoinTask.java:289)
	at java.util.concurrent.ForkJoinPool.helpComplete(ForkJoinPool.java:1870)
	at java.util.concurrent.ForkJoinPool.externalHelpComplete(ForkJoinPool.java:2467)
	at java.util.concurrent.ForkJoinTask.externalAwaitDone(ForkJoinTask.java:324)
	at java.util.concurrent.ForkJoinTask.doInvoke(ForkJoinTask.java:405)
	at java.util.concurrent.ForkJoinTask.invoke(ForkJoinTask.java:734)
	at java.util.stream.ForEachOps$ForEachOp.evaluateParallel(ForEachOps.java:159)
	at java.util.stream.ForEachOps$ForEachOp$OfRef.evaluateParallel(ForEachOps.java:173)
	at java.util.stream.AbstractPipeline.evaluate(AbstractPipeline.java:233)
	at java.util.stream.ReferencePipeline.forEach(ReferencePipeline.java:485)
	at java.util.stream.ReferencePipeline$Head.forEach(ReferencePipeline.java:650)
	at org.apache.hadoop.ozone.MiniOzoneClusterImpl.stopDatanodes(MiniOzoneClusterImpl.java:529)
	at org.apache.hadoop.ozone.MiniOzoneClusterImpl.stop(MiniOzoneClusterImpl.java:470)
	at org.apache.hadoop.ozone.MiniOzoneClusterImpl.shutdown(MiniOzoneClusterImpl.java:457)
	at org.apache.hadoop.ozone.client.rpc.TestBlockOutputStreamWithFailuresFlushDelay.shutdown(TestBlockOutputStreamWithFailuresFlushDelay.java:160)
	at sun.reflect.NativeMethodAccessorImpl.invoke0(Native Method)
	at sun.reflect.NativeMethodAccessorImpl.invoke(NativeMethodAccessorImpl.java:62)
	at sun.reflect.DelegatingMethodAccessorImpl.invoke(DelegatingMethodAccessorImpl.java:43)
	at java.lang.reflect.Method.invoke(Method.java:498)
	at org.junit.runners.model.FrameworkMethod$1.runReflectiveCall(FrameworkMethod.java:59)
	at org.junit.internal.runners.model.ReflectiveCallable.run(ReflectiveCallable.java:12)
	at org.junit.runners.model.FrameworkMethod.invokeExplosively(FrameworkMethod.java:56)
	at org.junit.internal.runners.statements.RunAfters.invokeMethod(RunAfters.java:46)
	at org.junit.internal.runners.statements.RunAfters.evaluate(RunAfters.java:33)
	at org.junit.internal.runners.statements.FailOnTimeout$CallableStatement.call(FailOnTimeout.java:288)
	at org.junit.internal.runners.statements.FailOnTimeout$CallableStatement.call(FailOnTimeout.java:282)
	at java.util.concurrent.FutureTask.run(FutureTask.java:266)
	... 1 more
2022-01-08 01:48:02,189 [81a3d3bc-df93-482d-841e-57d386bb5ebf@group-53A1D7CF6D66-SegmentedRaftLogWorker] INFO  segmented.SegmentedRaftLogWorker (SegmentedRaftLogWorker.java:run(327)) - 81a3d3bc-df93-482d-841e-57d386bb5ebf@group-53A1D7CF6D66-SegmentedRaftLogWorker was interrupted, exiting. There are 0 tasks remaining in the queue.
2022-01-08 01:48:02,191 [Listener at 127.0.0.1/40645] INFO  segmented.SegmentedRaftLogWorker (SegmentedRaftLogWorker.java:close(237)) - 81a3d3bc-df93-482d-841e-57d386bb5ebf@group-53A1D7CF6D66-SegmentedRaftLogWorker close()
2022-01-08 01:48:02,191 [Listener at 127.0.0.1/40645] INFO  server.RaftServer$Division (RaftServerImpl.java:lambda$close$4(412)) - 81a3d3bc-df93-482d-841e-57d386bb5ebf@group-225DCE1D33EE: shutdown
2022-01-08 01:48:02,191 [Listener at 127.0.0.1/40645] INFO  util.JmxRegister (JmxRegister.java:unregister(73)) - Successfully un-registered JMX Bean with object name Ratis:service=RaftServer,group=group-225DCE1D33EE,id=81a3d3bc-df93-482d-841e-57d386bb5ebf
2022-01-08 01:48:02,191 [Listener at 127.0.0.1/40645] INFO  impl.RoleInfo (RoleInfo.java:shutdownLeaderState(91)) - 81a3d3bc-df93-482d-841e-57d386bb5ebf: shutdown 81a3d3bc-df93-482d-841e-57d386bb5ebf@group-225DCE1D33EE-LeaderStateImpl
2022-01-08 01:48:02,192 [Listener at 127.0.0.1/40645] INFO  impl.PendingRequests (PendingRequests.java:sendNotLeaderResponses(282)) - 81a3d3bc-df93-482d-841e-57d386bb5ebf@group-225DCE1D33EE-PendingRequests: sendNotLeaderResponses
2022-01-08 01:48:02,192 [Listener at 127.0.0.1/40645] INFO  impl.StateMachineUpdater (StateMachineUpdater.java:stopAndJoin(149)) - 81a3d3bc-df93-482d-841e-57d386bb5ebf@group-225DCE1D33EE-StateMachineUpdater: set stopIndex = 0
2022-01-08 01:48:02,193 [81a3d3bc-df93-482d-841e-57d386bb5ebf@group-225DCE1D33EE->46dea062-dbed-4f29-9927-38d96de780a1-GrpcLogAppender-LogAppenderDaemon] WARN  server.GrpcLogAppender (GrpcLogAppender.java:mayWait(177)) - 81a3d3bc-df93-482d-841e-57d386bb5ebf@group-225DCE1D33EE->46dea062-dbed-4f29-9927-38d96de780a1-GrpcLogAppender: Wait interrupted by java.lang.InterruptedException
2022-01-08 01:48:02,193 [81a3d3bc-df93-482d-841e-57d386bb5ebf@group-225DCE1D33EE-StateMachineUpdater] INFO  ratis.ContainerStateMachine (ContainerStateMachine.java:takeSnapshot(299)) - group-225DCE1D33EE: Taking a snapshot at:(t:6, i:0) file /home/runner/work/ozone/ozone/hadoop-ozone/integration-test/target/test-dir/MiniOzoneClusterImpl-6a132c25-3902-4d06-b1e4-79a7ed3e0f57/datanode-5/data/ratis/f15b3aaa-cebb-4a2e-9180-225dce1d33ee/sm/snapshot.6_0
2022-01-08 01:48:02,193 [grpc-default-executor-0] INFO  server.GrpcServerProtocolService (GrpcServerProtocolService.java:onCompleted(140)) - 46dea062-dbed-4f29-9927-38d96de780a1: Completed APPEND_ENTRIES, lastRequest: 81a3d3bc-df93-482d-841e-57d386bb5ebf->46dea062-dbed-4f29-9927-38d96de780a1#1-t6,previous=(t:0, i:0),leaderCommit=-1,initializing? true,entries: size=1, first=(t:6, i:0), CONFIGURATIONENTRY
2022-01-08 01:48:02,194 [grpc-default-executor-2] INFO  server.GrpcLogAppender (GrpcLogAppender.java:onCompleted(346)) - 81a3d3bc-df93-482d-841e-57d386bb5ebf@group-225DCE1D33EE->46dea062-dbed-4f29-9927-38d96de780a1-AppendLogResponseHandler: follower responses appendEntries COMPLETED
2022-01-08 01:48:02,194 [grpc-default-executor-2] INFO  leader.FollowerInfo (FollowerInfoImpl.java:lambda$new$0(47)) - 81a3d3bc-df93-482d-841e-57d386bb5ebf@group-225DCE1D33EE->46dea062-dbed-4f29-9927-38d96de780a1: nextIndex: updateUnconditionally 1 -> 0
2022-01-08 01:48:02,195 [81a3d3bc-df93-482d-841e-57d386bb5ebf@group-225DCE1D33EE-StateMachineUpdater] INFO  ratis.ContainerStateMachine (ContainerStateMachine.java:takeSnapshot(310)) - group-225DCE1D33EE: Finished taking a snapshot at:(t:6, i:0) file:/home/runner/work/ozone/ozone/hadoop-ozone/integration-test/target/test-dir/MiniOzoneClusterImpl-6a132c25-3902-4d06-b1e4-79a7ed3e0f57/datanode-5/data/ratis/f15b3aaa-cebb-4a2e-9180-225dce1d33ee/sm/snapshot.6_0 took: 3 ms
2022-01-08 01:48:02,195 [81a3d3bc-df93-482d-841e-57d386bb5ebf@group-225DCE1D33EE-StateMachineUpdater] INFO  impl.StateMachineUpdater (StateMachineUpdater.java:takeSnapshot(281)) - 81a3d3bc-df93-482d-841e-57d386bb5ebf@group-225DCE1D33EE-StateMachineUpdater: Took a snapshot at index 0
2022-01-08 01:48:02,195 [81a3d3bc-df93-482d-841e-57d386bb5ebf@group-225DCE1D33EE-StateMachineUpdater] INFO  impl.StateMachineUpdater (StateMachineUpdater.java:lambda$new$0(89)) - 81a3d3bc-df93-482d-841e-57d386bb5ebf@group-225DCE1D33EE-StateMachineUpdater: snapshotIndex: updateIncreasingly -1 -> 0
2022-01-08 01:48:02,219 [Listener at 127.0.0.1/40645] INFO  server.RaftServer$Division (ServerState.java:close(419)) - 81a3d3bc-df93-482d-841e-57d386bb5ebf@group-225DCE1D33EE: closes. applyIndex: 0
2022-01-08 01:48:02,223 [81a3d3bc-df93-482d-841e-57d386bb5ebf@group-225DCE1D33EE-SegmentedRaftLogWorker] INFO  segmented.SegmentedRaftLogWorker (SegmentedRaftLogWorker.java:run(327)) - 81a3d3bc-df93-482d-841e-57d386bb5ebf@group-225DCE1D33EE-SegmentedRaftLogWorker was interrupted, exiting. There are 0 tasks remaining in the queue.
2022-01-08 01:48:02,223 [Listener at 127.0.0.1/40645] INFO  segmented.SegmentedRaftLogWorker (SegmentedRaftLogWorker.java:close(237)) - 81a3d3bc-df93-482d-841e-57d386bb5ebf@group-225DCE1D33EE-SegmentedRaftLogWorker close()
2022-01-08 01:48:02,224 [Listener at 127.0.0.1/40645] INFO  server.RaftServer$Division (RaftServerImpl.java:lambda$close$4(412)) - 81a3d3bc-df93-482d-841e-57d386bb5ebf@group-901439E60DCF: shutdown
2022-01-08 01:48:02,224 [Listener at 127.0.0.1/40645] INFO  util.JmxRegister (JmxRegister.java:unregister(73)) - Successfully un-registered JMX Bean with object name Ratis:service=RaftServer,group=group-901439E60DCF,id=81a3d3bc-df93-482d-841e-57d386bb5ebf
2022-01-08 01:48:02,224 [Listener at 127.0.0.1/40645] INFO  impl.RoleInfo (RoleInfo.java:shutdownLeaderState(91)) - 81a3d3bc-df93-482d-841e-57d386bb5ebf: shutdown 81a3d3bc-df93-482d-841e-57d386bb5ebf@group-901439E60DCF-LeaderStateImpl
2022-01-08 01:48:02,224 [Listener at 127.0.0.1/40645] INFO  impl.PendingRequests (PendingRequests.java:sendNotLeaderResponses(282)) - 81a3d3bc-df93-482d-841e-57d386bb5ebf@group-901439E60DCF-PendingRequests: sendNotLeaderResponses
2022-01-08 01:48:02,225 [81a3d3bc-df93-482d-841e-57d386bb5ebf@group-901439E60DCF-StateMachineUpdater] INFO  ratis.ContainerStateMachine (ContainerStateMachine.java:takeSnapshot(299)) - group-901439E60DCF: Taking a snapshot at:(t:1, i:0) file /home/runner/work/ozone/ozone/hadoop-ozone/integration-test/target/test-dir/MiniOzoneClusterImpl-6a132c25-3902-4d06-b1e4-79a7ed3e0f57/datanode-5/data/ratis/1d1fcdb2-5ca5-44eb-8b21-901439e60dcf/sm/snapshot.1_0
2022-01-08 01:48:02,225 [Listener at 127.0.0.1/40645] INFO  impl.StateMachineUpdater (StateMachineUpdater.java:stopAndJoin(149)) - 81a3d3bc-df93-482d-841e-57d386bb5ebf@group-901439E60DCF-StateMachineUpdater: set stopIndex = 0
2022-01-08 01:48:02,230 [81a3d3bc-df93-482d-841e-57d386bb5ebf@group-901439E60DCF-StateMachineUpdater] INFO  ratis.ContainerStateMachine (ContainerStateMachine.java:takeSnapshot(310)) - group-901439E60DCF: Finished taking a snapshot at:(t:1, i:0) file:/home/runner/work/ozone/ozone/hadoop-ozone/integration-test/target/test-dir/MiniOzoneClusterImpl-6a132c25-3902-4d06-b1e4-79a7ed3e0f57/datanode-5/data/ratis/1d1fcdb2-5ca5-44eb-8b21-901439e60dcf/sm/snapshot.1_0 took: 5 ms
2022-01-08 01:48:02,230 [81a3d3bc-df93-482d-841e-57d386bb5ebf@group-901439E60DCF-StateMachineUpdater] INFO  impl.StateMachineUpdater (StateMachineUpdater.java:takeSnapshot(281)) - 81a3d3bc-df93-482d-841e-57d386bb5ebf@group-901439E60DCF-StateMachineUpdater: Took a snapshot at index 0
2022-01-08 01:48:02,230 [81a3d3bc-df93-482d-841e-57d386bb5ebf@group-901439E60DCF-StateMachineUpdater] INFO  impl.StateMachineUpdater (StateMachineUpdater.java:lambda$new$0(89)) - 81a3d3bc-df93-482d-841e-57d386bb5ebf@group-901439E60DCF-StateMachineUpdater: snapshotIndex: updateIncreasingly -1 -> 0
2022-01-08 01:48:02,233 [Listener at 127.0.0.1/40645] INFO  server.RaftServer$Division (ServerState.java:close(419)) - 81a3d3bc-df93-482d-841e-57d386bb5ebf@group-901439E60DCF: closes. applyIndex: 0
2022-01-08 01:48:02,233 [81a3d3bc-df93-482d-841e-57d386bb5ebf@group-901439E60DCF-SegmentedRaftLogWorker] INFO  segmented.SegmentedRaftLogWorker (SegmentedRaftLogWorker.java:run(327)) - 81a3d3bc-df93-482d-841e-57d386bb5ebf@group-901439E60DCF-SegmentedRaftLogWorker was interrupted, exiting. There are 0 tasks remaining in the queue.
2022-01-08 01:48:02,233 [Listener at 127.0.0.1/40645] INFO  segmented.SegmentedRaftLogWorker (SegmentedRaftLogWorker.java:close(237)) - 81a3d3bc-df93-482d-841e-57d386bb5ebf@group-901439E60DCF-SegmentedRaftLogWorker close()
2022-01-08 01:48:02,234 [Listener at 127.0.0.1/40645] INFO  server.GrpcService (GrpcService.java:closeImpl(262)) - 81a3d3bc-df93-482d-841e-57d386bb5ebf: shutdown server with port 40489 now
2022-01-08 01:48:02,272 [Listener at 127.0.0.1/40645] INFO  server.GrpcService (GrpcService.java:closeImpl(271)) - 81a3d3bc-df93-482d-841e-57d386bb5ebf: shutdown server with port 40489 successfully
2022-01-08 01:48:02,316 [org.apache.ratis.util.JvmPauseMonitor$$Lambda$539/2045747304@48aea9f1] INFO  util.JvmPauseMonitor (JvmPauseMonitor.java:run(109)) - JvmPauseMonitor-81a3d3bc-df93-482d-841e-57d386bb5ebf: Stopped
2022-01-08 01:48:04,384 [Listener at 127.0.0.1/40645] INFO  utils.BackgroundService (BackgroundService.java:shutdown(132)) - Shutting down service BlockDeletingService
2022-01-08 01:48:04,511 [grpc-default-executor-0] WARN  server.GrpcLogAppender (LogUtils.java:warn(122)) - 44471f42-9a01-4764-8909-e7e02c044ebe@group-C60743901939->a0cd68b1-75b0-4717-86f8-69ceed32178b-AppendLogResponseHandler: Failed appendEntries: org.apache.ratis.thirdparty.io.grpc.StatusRuntimeException: UNAVAILABLE: io exception
2022-01-08 01:48:04,511 [grpc-default-executor-0] WARN  server.GrpcLogAppender (GrpcLogAppender.java:resetClient(110)) - 44471f42-9a01-4764-8909-e7e02c044ebe@group-C60743901939->a0cd68b1-75b0-4717-86f8-69ceed32178b-GrpcLogAppender: Leader has not got in touch with Follower 44471f42-9a01-4764-8909-e7e02c044ebe@group-C60743901939->a0cd68b1-75b0-4717-86f8-69ceed32178b(c-1,m0,n3, attendVote=true, lastRpcSendTime=2502, lastRpcResponseTime=12887) yet, just keep nextIndex unchanged and retry.
2022-01-08 01:48:06,261 [EventQueue-StaleNodeForStaleNodeHandler] INFO  node.StaleNodeHandler (StaleNodeHandler.java:onMessage(58)) - Datanode 81a3d3bc-df93-482d-841e-57d386bb5ebf{ip: 10.1.0.34, host: fv-az116-279.vzw04321ajxubdbcnpick5nqva.xx.internal.cloudapp.net, ports: [REPLICATION=40371, RATIS=40489, RATIS_ADMIN=40489, RATIS_SERVER=40489, STANDALONE=35775], networkLocation: /default-rack, certSerialId: null, persistedOpState: IN_SERVICE, persistedOpStateExpiryEpochSec: 0} moved to stale state. Finalizing its pipelines [PipelineID=1d1fcdb2-5ca5-44eb-8b21-901439e60dcf]
2022-01-08 01:48:06,262 [EventQueue-StaleNodeForStaleNodeHandler] INFO  pipeline.PipelineManagerImpl (PipelineManagerImpl.java:closePipeline(365)) - Pipeline Pipeline[ Id: 1d1fcdb2-5ca5-44eb-8b21-901439e60dcf, Nodes: 81a3d3bc-df93-482d-841e-57d386bb5ebf{ip: 10.1.0.34, host: fv-az116-279.vzw04321ajxubdbcnpick5nqva.xx.internal.cloudapp.net, ports: [REPLICATION=40371, RATIS=40489, RATIS_ADMIN=40489, RATIS_SERVER=40489, STANDALONE=35775], networkLocation: /default-rack, certSerialId: null, persistedOpState: IN_SERVICE, persistedOpStateExpiryEpochSec: 0}, ReplicationConfig: RATIS/ONE, State:OPEN, leaderId:81a3d3bc-df93-482d-841e-57d386bb5ebf, CreationTimestamp2022-01-08T01:46:37.653Z[Etc/UTC]] moved to CLOSED state
2022-01-08 01:48:06,462 [EventQueue-DeadNodeForDeadNodeHandler] INFO  node.DeadNodeHandler (DeadNodeHandler.java:onMessage(80)) - A dead datanode is detected. a0cd68b1-75b0-4717-86f8-69ceed32178b{ip: 10.1.0.34, host: fv-az116-279.vzw04321ajxubdbcnpick5nqva.xx.internal.cloudapp.net, ports: [REPLICATION=45487, RATIS=43001, RATIS_ADMIN=43001, RATIS_SERVER=43001, STANDALONE=37831], networkLocation: /default-rack, certSerialId: null, persistedOpState: IN_SERVICE, persistedOpStateExpiryEpochSec: 0}
2022-01-08 01:48:06,462 [EventQueue-DeadNodeForDeadNodeHandler] INFO  pipeline.RatisPipelineProvider (RatisPipelineProvider.java:lambda$close$1(222)) - Send pipeline:PipelineID=5bf4701b-80ba-4d85-8f7b-2547dcd1978d close command to datanode a0cd68b1-75b0-4717-86f8-69ceed32178b
2022-01-08 01:48:06,462 [EventQueue-DeadNodeForDeadNodeHandler] INFO  pipeline.PipelineStateManagerImpl (PipelineStateManagerImpl.java:removePipeline(223)) - Pipeline Pipeline[ Id: 5bf4701b-80ba-4d85-8f7b-2547dcd1978d, Nodes: a0cd68b1-75b0-4717-86f8-69ceed32178b{ip: 10.1.0.34, host: fv-az116-279.vzw04321ajxubdbcnpick5nqva.xx.internal.cloudapp.net, ports: [REPLICATION=45487, RATIS=43001, RATIS_ADMIN=43001, RATIS_SERVER=43001, STANDALONE=37831], networkLocation: /default-rack, certSerialId: null, persistedOpState: IN_SERVICE, persistedOpStateExpiryEpochSec: 0}, ReplicationConfig: RATIS/ONE, State:CLOSED, leaderId:a0cd68b1-75b0-4717-86f8-69ceed32178b, CreationTimestamp2022-01-08T01:46:37.884Z[Etc/UTC]] removed.
2022-01-08 01:48:06,462 [EventQueue-DeadNodeForDeadNodeHandler] INFO  pipeline.RatisPipelineProvider (RatisPipelineProvider.java:lambda$close$1(222)) - Send pipeline:PipelineID=bf5e8428-5878-49a6-8fa1-c60743901939 close command to datanode 44471f42-9a01-4764-8909-e7e02c044ebe
2022-01-08 01:48:06,462 [EventQueue-DeadNodeForDeadNodeHandler] INFO  pipeline.RatisPipelineProvider (RatisPipelineProvider.java:lambda$close$1(222)) - Send pipeline:PipelineID=bf5e8428-5878-49a6-8fa1-c60743901939 close command to datanode 6477641b-710a-49ab-b56b-e0f600eb5c24
2022-01-08 01:48:06,463 [EventQueue-DeadNodeForDeadNodeHandler] INFO  pipeline.RatisPipelineProvider (RatisPipelineProvider.java:lambda$close$1(222)) - Send pipeline:PipelineID=bf5e8428-5878-49a6-8fa1-c60743901939 close command to datanode a0cd68b1-75b0-4717-86f8-69ceed32178b
2022-01-08 01:48:06,463 [EventQueue-DeadNodeForDeadNodeHandler] INFO  pipeline.PipelineStateManagerImpl (PipelineStateManagerImpl.java:removePipeline(223)) - Pipeline Pipeline[ Id: bf5e8428-5878-49a6-8fa1-c60743901939, Nodes: 44471f42-9a01-4764-8909-e7e02c044ebe{ip: 10.1.0.34, host: fv-az116-279.vzw04321ajxubdbcnpick5nqva.xx.internal.cloudapp.net, ports: [REPLICATION=36939, RATIS=44109, RATIS_ADMIN=44109, RATIS_SERVER=44109, STANDALONE=34571], networkLocation: /default-rack, certSerialId: null, persistedOpState: IN_SERVICE, persistedOpStateExpiryEpochSec: 0}6477641b-710a-49ab-b56b-e0f600eb5c24{ip: 10.1.0.34, host: fv-az116-279.vzw04321ajxubdbcnpick5nqva.xx.internal.cloudapp.net, ports: [REPLICATION=32997, RATIS=38417, RATIS_ADMIN=38417, RATIS_SERVER=38417, STANDALONE=42453], networkLocation: /default-rack, certSerialId: null, persistedOpState: IN_SERVICE, persistedOpStateExpiryEpochSec: 0}a0cd68b1-75b0-4717-86f8-69ceed32178b{ip: 10.1.0.34, host: fv-az116-279.vzw04321ajxubdbcnpick5nqva.xx.internal.cloudapp.net, ports: [REPLICATION=45487, RATIS=43001, RATIS_ADMIN=43001, RATIS_SERVER=43001, STANDALONE=37831], networkLocation: /default-rack, certSerialId: null, persistedOpState: IN_SERVICE, persistedOpStateExpiryEpochSec: 0}, ReplicationConfig: RATIS/THREE, State:CLOSED, leaderId:44471f42-9a01-4764-8909-e7e02c044ebe, CreationTimestamp2022-01-08T01:47:34.921Z[Etc/UTC]] removed.
2022-01-08 01:48:06,463 [EventQueue-DeadNodeForDeadNodeHandler] INFO  net.NetworkTopologyImpl (NetworkTopologyImpl.java:remove(137)) - Removed a node: /default-rack/a0cd68b1-75b0-4717-86f8-69ceed32178b
2022-01-08 01:48:07,012 [grpc-default-executor-0] WARN  server.GrpcLogAppender (LogUtils.java:warn(122)) - 44471f42-9a01-4764-8909-e7e02c044ebe@group-C60743901939->a0cd68b1-75b0-4717-86f8-69ceed32178b-AppendLogResponseHandler: Failed appendEntries: org.apache.ratis.thirdparty.io.grpc.StatusRuntimeException: UNAVAILABLE: io exception
2022-01-08 01:48:07,013 [grpc-default-executor-0] WARN  server.GrpcLogAppender (GrpcLogAppender.java:resetClient(110)) - 44471f42-9a01-4764-8909-e7e02c044ebe@group-C60743901939->a0cd68b1-75b0-4717-86f8-69ceed32178b-GrpcLogAppender: Leader has not got in touch with Follower 44471f42-9a01-4764-8909-e7e02c044ebe@group-C60743901939->a0cd68b1-75b0-4717-86f8-69ceed32178b(c-1,m0,n3, attendVote=true, lastRpcSendTime=0, lastRpcResponseTime=15389) yet, just keep nextIndex unchanged and retry.
2022-01-08 01:48:07,458 [Listener at 127.0.0.1/40645] INFO  statemachine.DatanodeStateMachine (DatanodeStateMachine.java:stopDaemon(526)) - Ozone container server stopped.
2022-01-08 01:48:07,459 [Listener at 127.0.0.1/40645] INFO  handler.ContextHandler (ContextHandler.java:doStop(1153)) - Stopped o.e.j.w.WebAppContext@60e47fbc{hddsDatanode,/,null,STOPPED}{jar:file:/home/runner/.m2/repository/org/apache/ozone/hdds-container-service/1.3.0-SNAPSHOT/hdds-container-service-1.3.0-SNAPSHOT.jar!/webapps/hddsDatanode}
2022-01-08 01:48:07,471 [Listener at 127.0.0.1/40645] INFO  server.AbstractConnector (AbstractConnector.java:doStop(381)) - Stopped ServerConnector@27599cd9{HTTP/1.1, (http/1.1)}{0.0.0.0:0}
2022-01-08 01:48:07,471 [Listener at 127.0.0.1/40645] INFO  server.session (HouseKeeper.java:stopScavenging(149)) - node0 Stopped scavenging
2022-01-08 01:48:07,471 [Listener at 127.0.0.1/40645] INFO  handler.ContextHandler (ContextHandler.java:doStop(1153)) - Stopped o.e.j.s.ServletContextHandler@4233bbfa{static,/static,jar:file:/home/runner/.m2/repository/org/apache/ozone/hdds-container-service/1.3.0-SNAPSHOT/hdds-container-service-1.3.0-SNAPSHOT.jar!/webapps/static,STOPPED}
2022-01-08 01:48:07,471 [Listener at 127.0.0.1/40645] INFO  handler.ContextHandler (ContextHandler.java:doStop(1153)) - Stopped o.e.j.s.ServletContextHandler@37df58be{logs,/logs,file:///home/runner/work/ozone/ozone/hadoop-ozone/integration-test/target/log,STOPPED}
2022-01-08 01:48:07,573 [Command processor thread] INFO  server.RaftServer (RaftServerProxy.java:remove(106)) - 6477641b-710a-49ab-b56b-e0f600eb5c24: remove  FOLLOWER 6477641b-710a-49ab-b56b-e0f600eb5c24@group-C60743901939:t2, leader=44471f42-9a01-4764-8909-e7e02c044ebe, voted=44471f42-9a01-4764-8909-e7e02c044ebe, raftlog=6477641b-710a-49ab-b56b-e0f600eb5c24@group-C60743901939-SegmentedRaftLog:OPENED:c2, conf=1: [6477641b-710a-49ab-b56b-e0f600eb5c24|rpc:10.1.0.34:38417|dataStream:|priority:0, a0cd68b1-75b0-4717-86f8-69ceed32178b|rpc:10.1.0.34:43001|dataStream:|priority:1, 44471f42-9a01-4764-8909-e7e02c044ebe|rpc:10.1.0.34:44109|dataStream:|priority:0], old=null RUNNING
2022-01-08 01:48:07,573 [Command processor thread] INFO  server.RaftServer$Division (RaftServerImpl.java:lambda$close$4(412)) - 6477641b-710a-49ab-b56b-e0f600eb5c24@group-C60743901939: shutdown
2022-01-08 01:48:07,573 [Command processor thread] INFO  util.JmxRegister (JmxRegister.java:unregister(73)) - Successfully un-registered JMX Bean with object name Ratis:service=RaftServer,group=group-C60743901939,id=6477641b-710a-49ab-b56b-e0f600eb5c24
2022-01-08 01:48:07,573 [Command processor thread] INFO  impl.RoleInfo (RoleInfo.java:shutdownFollowerState(108)) - 6477641b-710a-49ab-b56b-e0f600eb5c24: shutdown 6477641b-710a-49ab-b56b-e0f600eb5c24@group-C60743901939-FollowerState
2022-01-08 01:48:07,573 [Command processor thread] INFO  impl.StateMachineUpdater (StateMachineUpdater.java:stopAndJoin(149)) - 6477641b-710a-49ab-b56b-e0f600eb5c24@group-C60743901939-StateMachineUpdater: set stopIndex = 2
2022-01-08 01:48:07,574 [6477641b-710a-49ab-b56b-e0f600eb5c24@group-C60743901939-StateMachineUpdater] INFO  ratis.ContainerStateMachine (ContainerStateMachine.java:takeSnapshot(299)) - group-C60743901939: Taking a snapshot at:(t:2, i:2) file /home/runner/work/ozone/ozone/hadoop-ozone/integration-test/target/test-dir/MiniOzoneClusterImpl-6a132c25-3902-4d06-b1e4-79a7ed3e0f57/datanode-0/data/ratis/bf5e8428-5878-49a6-8fa1-c60743901939/sm/snapshot.2_2
2022-01-08 01:48:07,576 [6477641b-710a-49ab-b56b-e0f600eb5c24@group-C60743901939-FollowerState] INFO  impl.FollowerState (FollowerState.java:run(143)) - 6477641b-710a-49ab-b56b-e0f600eb5c24@group-C60743901939-FollowerState was interrupted: {}
java.lang.InterruptedException: sleep interrupted
	at java.lang.Thread.sleep(Native Method)
	at java.lang.Thread.sleep(Thread.java:340)
	at java.util.concurrent.TimeUnit.sleep(TimeUnit.java:386)
	at org.apache.ratis.util.TimeDuration.sleep(TimeDuration.java:324)
	at org.apache.ratis.util.TimeDuration.sleep(TimeDuration.java:309)
	at org.apache.ratis.server.impl.FollowerState.run(FollowerState.java:118)
2022-01-08 01:48:07,577 [6477641b-710a-49ab-b56b-e0f600eb5c24@group-C60743901939-StateMachineUpdater] INFO  ratis.ContainerStateMachine (ContainerStateMachine.java:takeSnapshot(310)) - group-C60743901939: Finished taking a snapshot at:(t:2, i:2) file:/home/runner/work/ozone/ozone/hadoop-ozone/integration-test/target/test-dir/MiniOzoneClusterImpl-6a132c25-3902-4d06-b1e4-79a7ed3e0f57/datanode-0/data/ratis/bf5e8428-5878-49a6-8fa1-c60743901939/sm/snapshot.2_2 took: 4 ms
2022-01-08 01:48:07,577 [6477641b-710a-49ab-b56b-e0f600eb5c24@group-C60743901939-StateMachineUpdater] INFO  impl.StateMachineUpdater (StateMachineUpdater.java:takeSnapshot(281)) - 6477641b-710a-49ab-b56b-e0f600eb5c24@group-C60743901939-StateMachineUpdater: Took a snapshot at index 2
2022-01-08 01:48:07,577 [6477641b-710a-49ab-b56b-e0f600eb5c24@group-C60743901939-StateMachineUpdater] INFO  impl.StateMachineUpdater (StateMachineUpdater.java:lambda$new$0(89)) - 6477641b-710a-49ab-b56b-e0f600eb5c24@group-C60743901939-StateMachineUpdater: snapshotIndex: updateIncreasingly -1 -> 2
2022-01-08 01:48:07,577 [Command processor thread] INFO  server.RaftServer$Division (ServerState.java:close(419)) - 6477641b-710a-49ab-b56b-e0f600eb5c24@group-C60743901939: closes. applyIndex: 2
2022-01-08 01:48:07,578 [6477641b-710a-49ab-b56b-e0f600eb5c24@group-C60743901939-SegmentedRaftLogWorker] INFO  segmented.SegmentedRaftLogWorker (SegmentedRaftLogWorker.java:run(327)) - 6477641b-710a-49ab-b56b-e0f600eb5c24@group-C60743901939-SegmentedRaftLogWorker was interrupted, exiting. There are 0 tasks remaining in the queue.
2022-01-08 01:48:07,578 [Command processor thread] INFO  segmented.SegmentedRaftLogWorker (SegmentedRaftLogWorker.java:close(237)) - 6477641b-710a-49ab-b56b-e0f600eb5c24@group-C60743901939-SegmentedRaftLogWorker close()
2022-01-08 01:48:07,579 [Command processor thread] INFO  server.RaftServer$Division (RaftServerImpl.java:groupRemove(382)) - 6477641b-710a-49ab-b56b-e0f600eb5c24@group-C60743901939: Succeed to remove RaftStorageDirectory Storage Directory /home/runner/work/ozone/ozone/hadoop-ozone/integration-test/target/test-dir/MiniOzoneClusterImpl-6a132c25-3902-4d06-b1e4-79a7ed3e0f57/datanode-0/data/ratis/bf5e8428-5878-49a6-8fa1-c60743901939
2022-01-08 01:48:07,579 [Command processor thread] INFO  commandhandler.ClosePipelineCommandHandler (ClosePipelineCommandHandler.java:handle(78)) - Close Pipeline PipelineID=bf5e8428-5878-49a6-8fa1-c60743901939 command on datanode 6477641b-710a-49ab-b56b-e0f600eb5c24.
2022-01-08 01:48:07,835 [Command processor thread] INFO  server.RaftServer (RaftServerProxy.java:remove(106)) - 44471f42-9a01-4764-8909-e7e02c044ebe: remove    LEADER 44471f42-9a01-4764-8909-e7e02c044ebe@group-C60743901939:t2, leader=44471f42-9a01-4764-8909-e7e02c044ebe, voted=44471f42-9a01-4764-8909-e7e02c044ebe, raftlog=44471f42-9a01-4764-8909-e7e02c044ebe@group-C60743901939-SegmentedRaftLog:OPENED:c2, conf=1: [6477641b-710a-49ab-b56b-e0f600eb5c24|rpc:10.1.0.34:38417|dataStream:|priority:0, a0cd68b1-75b0-4717-86f8-69ceed32178b|rpc:10.1.0.34:43001|dataStream:|priority:1, 44471f42-9a01-4764-8909-e7e02c044ebe|rpc:10.1.0.34:44109|dataStream:|priority:0], old=null RUNNING
2022-01-08 01:48:07,835 [Command processor thread] INFO  server.RaftServer$Division (RaftServerImpl.java:lambda$close$4(412)) - 44471f42-9a01-4764-8909-e7e02c044ebe@group-C60743901939: shutdown
2022-01-08 01:48:07,835 [Command processor thread] INFO  util.JmxRegister (JmxRegister.java:unregister(73)) - Successfully un-registered JMX Bean with object name Ratis:service=RaftServer,group=group-C60743901939,id=44471f42-9a01-4764-8909-e7e02c044ebe
2022-01-08 01:48:07,836 [Command processor thread] INFO  impl.RoleInfo (RoleInfo.java:shutdownLeaderState(91)) - 44471f42-9a01-4764-8909-e7e02c044ebe: shutdown 44471f42-9a01-4764-8909-e7e02c044ebe@group-C60743901939-LeaderStateImpl
2022-01-08 01:48:07,836 [Command processor thread] INFO  impl.PendingRequests (PendingRequests.java:sendNotLeaderResponses(282)) - 44471f42-9a01-4764-8909-e7e02c044ebe@group-C60743901939-PendingRequests: sendNotLeaderResponses
2022-01-08 01:48:07,836 [44471f42-9a01-4764-8909-e7e02c044ebe@group-C60743901939->6477641b-710a-49ab-b56b-e0f600eb5c24-GrpcLogAppender-LogAppenderDaemon] WARN  server.GrpcLogAppender (GrpcLogAppender.java:mayWait(177)) - 44471f42-9a01-4764-8909-e7e02c044ebe@group-C60743901939->6477641b-710a-49ab-b56b-e0f600eb5c24-GrpcLogAppender: Wait interrupted by java.lang.InterruptedException
2022-01-08 01:48:07,845 [Command processor thread] INFO  impl.StateMachineUpdater (StateMachineUpdater.java:stopAndJoin(149)) - 44471f42-9a01-4764-8909-e7e02c044ebe@group-C60743901939-StateMachineUpdater: set stopIndex = 2
2022-01-08 01:48:07,845 [44471f42-9a01-4764-8909-e7e02c044ebe@group-C60743901939-StateMachineUpdater] INFO  ratis.ContainerStateMachine (ContainerStateMachine.java:takeSnapshot(299)) - group-C60743901939: Taking a snapshot at:(t:2, i:2) file /home/runner/work/ozone/ozone/hadoop-ozone/integration-test/target/test-dir/MiniOzoneClusterImpl-6a132c25-3902-4d06-b1e4-79a7ed3e0f57/datanode-2/data/ratis/bf5e8428-5878-49a6-8fa1-c60743901939/sm/snapshot.2_2
2022-01-08 01:48:07,855 [44471f42-9a01-4764-8909-e7e02c044ebe@group-C60743901939-StateMachineUpdater] INFO  ratis.ContainerStateMachine (ContainerStateMachine.java:takeSnapshot(310)) - group-C60743901939: Finished taking a snapshot at:(t:2, i:2) file:/home/runner/work/ozone/ozone/hadoop-ozone/integration-test/target/test-dir/MiniOzoneClusterImpl-6a132c25-3902-4d06-b1e4-79a7ed3e0f57/datanode-2/data/ratis/bf5e8428-5878-49a6-8fa1-c60743901939/sm/snapshot.2_2 took: 9 ms
2022-01-08 01:48:07,855 [44471f42-9a01-4764-8909-e7e02c044ebe@group-C60743901939-StateMachineUpdater] INFO  impl.StateMachineUpdater (StateMachineUpdater.java:takeSnapshot(281)) - 44471f42-9a01-4764-8909-e7e02c044ebe@group-C60743901939-StateMachineUpdater: Took a snapshot at index 2
2022-01-08 01:48:07,855 [44471f42-9a01-4764-8909-e7e02c044ebe@group-C60743901939-StateMachineUpdater] INFO  impl.StateMachineUpdater (StateMachineUpdater.java:lambda$new$0(89)) - 44471f42-9a01-4764-8909-e7e02c044ebe@group-C60743901939-StateMachineUpdater: snapshotIndex: updateIncreasingly -1 -> 2
2022-01-08 01:48:07,856 [Command processor thread] INFO  server.RaftServer$Division (ServerState.java:close(419)) - 44471f42-9a01-4764-8909-e7e02c044ebe@group-C60743901939: closes. applyIndex: 2
2022-01-08 01:48:07,856 [44471f42-9a01-4764-8909-e7e02c044ebe@group-C60743901939-SegmentedRaftLogWorker] INFO  segmented.SegmentedRaftLogWorker (SegmentedRaftLogWorker.java:run(327)) - 44471f42-9a01-4764-8909-e7e02c044ebe@group-C60743901939-SegmentedRaftLogWorker was interrupted, exiting. There are 0 tasks remaining in the queue.
2022-01-08 01:48:07,857 [Command processor thread] INFO  segmented.SegmentedRaftLogWorker (SegmentedRaftLogWorker.java:close(237)) - 44471f42-9a01-4764-8909-e7e02c044ebe@group-C60743901939-SegmentedRaftLogWorker close()
2022-01-08 01:48:07,857 [Command processor thread] INFO  server.RaftServer$Division (RaftServerImpl.java:groupRemove(382)) - 44471f42-9a01-4764-8909-e7e02c044ebe@group-C60743901939: Succeed to remove RaftStorageDirectory Storage Directory /home/runner/work/ozone/ozone/hadoop-ozone/integration-test/target/test-dir/MiniOzoneClusterImpl-6a132c25-3902-4d06-b1e4-79a7ed3e0f57/datanode-2/data/ratis/bf5e8428-5878-49a6-8fa1-c60743901939
2022-01-08 01:48:07,857 [Command processor thread] INFO  commandhandler.ClosePipelineCommandHandler (ClosePipelineCommandHandler.java:handle(78)) - Close Pipeline PipelineID=bf5e8428-5878-49a6-8fa1-c60743901939 command on datanode 44471f42-9a01-4764-8909-e7e02c044ebe.
2022-01-08 01:48:07,866 [grpc-default-executor-0] INFO  server.GrpcServerProtocolService (GrpcServerProtocolService.java:onCompleted(140)) - 6477641b-710a-49ab-b56b-e0f600eb5c24: Completed APPEND_ENTRIES, lastRequest: 44471f42-9a01-4764-8909-e7e02c044ebe->6477641b-710a-49ab-b56b-e0f600eb5c24#2-t2,previous=(t:2, i:1),leaderCommit=1,initializing? true,entries: size=1, first=(t:2, i:2), METADATAENTRY(c:1)
2022-01-08 01:48:07,867 [grpc-default-executor-0] INFO  server.GrpcLogAppender (GrpcLogAppender.java:onCompleted(346)) - 44471f42-9a01-4764-8909-e7e02c044ebe@group-C60743901939->6477641b-710a-49ab-b56b-e0f600eb5c24-AppendLogResponseHandler: follower responses appendEntries COMPLETED
2022-01-08 01:48:07,867 [grpc-default-executor-0] INFO  leader.FollowerInfo (FollowerInfoImpl.java:lambda$new$0(47)) - 44471f42-9a01-4764-8909-e7e02c044ebe@group-C60743901939->6477641b-710a-49ab-b56b-e0f600eb5c24: nextIndex: updateUnconditionally 3 -> 2
2022-01-08 01:48:12,478 [Listener at 127.0.0.1/40645] INFO  ozoneimpl.OzoneContainer (OzoneContainer.java:stop(336)) - Attempting to stop container services.
2022-01-08 01:48:12,479 [Listener at 127.0.0.1/40645] INFO  server.RaftServer (RaftServerProxy.java:lambda$close$6(391)) - 46dea062-dbed-4f29-9927-38d96de780a1: close
2022-01-08 01:48:12,479 [Listener at 127.0.0.1/40645] INFO  server.RaftServer$Division (RaftServerImpl.java:lambda$close$4(412)) - 46dea062-dbed-4f29-9927-38d96de780a1@group-5C48197DAF44: shutdown
2022-01-08 01:48:12,479 [Listener at 127.0.0.1/40645] INFO  util.JmxRegister (JmxRegister.java:unregister(73)) - Successfully un-registered JMX Bean with object name Ratis:service=RaftServer,group=group-5C48197DAF44,id=46dea062-dbed-4f29-9927-38d96de780a1
2022-01-08 01:48:12,480 [Listener at 127.0.0.1/40645] INFO  impl.RoleInfo (RoleInfo.java:shutdownLeaderState(91)) - 46dea062-dbed-4f29-9927-38d96de780a1: shutdown 46dea062-dbed-4f29-9927-38d96de780a1@group-5C48197DAF44-LeaderStateImpl
2022-01-08 01:48:12,480 [Listener at 127.0.0.1/40645] INFO  impl.PendingRequests (PendingRequests.java:sendNotLeaderResponses(282)) - 46dea062-dbed-4f29-9927-38d96de780a1@group-5C48197DAF44-PendingRequests: sendNotLeaderResponses
2022-01-08 01:48:12,481 [Listener at 127.0.0.1/40645] INFO  impl.StateMachineUpdater (StateMachineUpdater.java:stopAndJoin(149)) - 46dea062-dbed-4f29-9927-38d96de780a1@group-5C48197DAF44-StateMachineUpdater: set stopIndex = 0
2022-01-08 01:48:12,481 [46dea062-dbed-4f29-9927-38d96de780a1@group-5C48197DAF44-StateMachineUpdater] INFO  ratis.ContainerStateMachine (ContainerStateMachine.java:takeSnapshot(299)) - group-5C48197DAF44: Taking a snapshot at:(t:1, i:0) file /home/runner/work/ozone/ozone/hadoop-ozone/integration-test/target/test-dir/MiniOzoneClusterImpl-6a132c25-3902-4d06-b1e4-79a7ed3e0f57/datanode-3/data/ratis/07045353-53d7-48c2-843c-5c48197daf44/sm/snapshot.1_0
2022-01-08 01:48:12,483 [46dea062-dbed-4f29-9927-38d96de780a1@group-5C48197DAF44-StateMachineUpdater] INFO  ratis.ContainerStateMachine (ContainerStateMachine.java:takeSnapshot(310)) - group-5C48197DAF44: Finished taking a snapshot at:(t:1, i:0) file:/home/runner/work/ozone/ozone/hadoop-ozone/integration-test/target/test-dir/MiniOzoneClusterImpl-6a132c25-3902-4d06-b1e4-79a7ed3e0f57/datanode-3/data/ratis/07045353-53d7-48c2-843c-5c48197daf44/sm/snapshot.1_0 took: 2 ms
2022-01-08 01:48:12,483 [46dea062-dbed-4f29-9927-38d96de780a1@group-5C48197DAF44-StateMachineUpdater] INFO  impl.StateMachineUpdater (StateMachineUpdater.java:takeSnapshot(281)) - 46dea062-dbed-4f29-9927-38d96de780a1@group-5C48197DAF44-StateMachineUpdater: Took a snapshot at index 0
2022-01-08 01:48:12,483 [46dea062-dbed-4f29-9927-38d96de780a1@group-5C48197DAF44-StateMachineUpdater] INFO  impl.StateMachineUpdater (StateMachineUpdater.java:lambda$new$0(89)) - 46dea062-dbed-4f29-9927-38d96de780a1@group-5C48197DAF44-StateMachineUpdater: snapshotIndex: updateIncreasingly -1 -> 0
2022-01-08 01:48:12,483 [Listener at 127.0.0.1/40645] INFO  server.RaftServer$Division (ServerState.java:close(419)) - 46dea062-dbed-4f29-9927-38d96de780a1@group-5C48197DAF44: closes. applyIndex: 0
2022-01-08 01:48:12,483 [46dea062-dbed-4f29-9927-38d96de780a1@group-5C48197DAF44-SegmentedRaftLogWorker] INFO  segmented.SegmentedRaftLogWorker (SegmentedRaftLogWorker.java:run(327)) - 46dea062-dbed-4f29-9927-38d96de780a1@group-5C48197DAF44-SegmentedRaftLogWorker was interrupted, exiting. There are 0 tasks remaining in the queue.
2022-01-08 01:48:12,483 [Listener at 127.0.0.1/40645] INFO  segmented.SegmentedRaftLogWorker (SegmentedRaftLogWorker.java:close(237)) - 46dea062-dbed-4f29-9927-38d96de780a1@group-5C48197DAF44-SegmentedRaftLogWorker close()
2022-01-08 01:48:12,484 [Listener at 127.0.0.1/40645] INFO  server.GrpcService (GrpcService.java:closeImpl(262)) - 46dea062-dbed-4f29-9927-38d96de780a1: shutdown server with port 40963 now
2022-01-08 01:48:12,498 [Listener at 127.0.0.1/40645] INFO  server.GrpcService (GrpcService.java:closeImpl(271)) - 46dea062-dbed-4f29-9927-38d96de780a1: shutdown server with port 40963 successfully
2022-01-08 01:48:12,498 [org.apache.ratis.util.JvmPauseMonitor$$Lambda$539/2045747304@3a3f0a75] INFO  util.JvmPauseMonitor (JvmPauseMonitor.java:run(109)) - JvmPauseMonitor-46dea062-dbed-4f29-9927-38d96de780a1: Stopped
2022-01-08 01:48:14,513 [Listener at 127.0.0.1/40645] INFO  utils.BackgroundService (BackgroundService.java:shutdown(132)) - Shutting down service BlockDeletingService
2022-01-08 01:48:16,317 [EventQueue-DeadNodeForDeadNodeHandler] INFO  node.DeadNodeHandler (DeadNodeHandler.java:onMessage(80)) - A dead datanode is detected. 81a3d3bc-df93-482d-841e-57d386bb5ebf{ip: 10.1.0.34, host: fv-az116-279.vzw04321ajxubdbcnpick5nqva.xx.internal.cloudapp.net, ports: [REPLICATION=40371, RATIS=40489, RATIS_ADMIN=40489, RATIS_SERVER=40489, STANDALONE=35775], networkLocation: /default-rack, certSerialId: null, persistedOpState: IN_SERVICE, persistedOpStateExpiryEpochSec: 0}
2022-01-08 01:48:16,317 [EventQueue-DeadNodeForDeadNodeHandler] INFO  pipeline.RatisPipelineProvider (RatisPipelineProvider.java:lambda$close$1(222)) - Send pipeline:PipelineID=1d1fcdb2-5ca5-44eb-8b21-901439e60dcf close command to datanode 81a3d3bc-df93-482d-841e-57d386bb5ebf
2022-01-08 01:48:16,317 [EventQueue-DeadNodeForDeadNodeHandler] INFO  pipeline.PipelineStateManagerImpl (PipelineStateManagerImpl.java:removePipeline(223)) - Pipeline Pipeline[ Id: 1d1fcdb2-5ca5-44eb-8b21-901439e60dcf, Nodes: 81a3d3bc-df93-482d-841e-57d386bb5ebf{ip: 10.1.0.34, host: fv-az116-279.vzw04321ajxubdbcnpick5nqva.xx.internal.cloudapp.net, ports: [REPLICATION=40371, RATIS=40489, RATIS_ADMIN=40489, RATIS_SERVER=40489, STANDALONE=35775], networkLocation: /default-rack, certSerialId: null, persistedOpState: IN_SERVICE, persistedOpStateExpiryEpochSec: 0}, ReplicationConfig: RATIS/ONE, State:CLOSED, leaderId:81a3d3bc-df93-482d-841e-57d386bb5ebf, CreationTimestamp2022-01-08T01:46:37.653Z[Etc/UTC]] removed.
2022-01-08 01:48:16,318 [EventQueue-DeadNodeForDeadNodeHandler] INFO  net.NetworkTopologyImpl (NetworkTopologyImpl.java:remove(137)) - Removed a node: /default-rack/81a3d3bc-df93-482d-841e-57d386bb5ebf
2022-01-08 01:48:16,817 [EventQueue-StaleNodeForStaleNodeHandler] INFO  node.StaleNodeHandler (StaleNodeHandler.java:onMessage(58)) - Datanode 46dea062-dbed-4f29-9927-38d96de780a1{ip: 10.1.0.34, host: fv-az116-279.vzw04321ajxubdbcnpick5nqva.xx.internal.cloudapp.net, ports: [REPLICATION=42195, RATIS=40963, RATIS_ADMIN=40963, RATIS_SERVER=40963, STANDALONE=39759], networkLocation: /default-rack, certSerialId: null, persistedOpState: IN_SERVICE, persistedOpStateExpiryEpochSec: 0} moved to stale state. Finalizing its pipelines [PipelineID=07045353-53d7-48c2-843c-5c48197daf44]
2022-01-08 01:48:16,818 [EventQueue-StaleNodeForStaleNodeHandler] INFO  pipeline.PipelineManagerImpl (PipelineManagerImpl.java:closePipeline(365)) - Pipeline Pipeline[ Id: 07045353-53d7-48c2-843c-5c48197daf44, Nodes: 46dea062-dbed-4f29-9927-38d96de780a1{ip: 10.1.0.34, host: fv-az116-279.vzw04321ajxubdbcnpick5nqva.xx.internal.cloudapp.net, ports: [REPLICATION=42195, RATIS=40963, RATIS_ADMIN=40963, RATIS_SERVER=40963, STANDALONE=39759], networkLocation: /default-rack, certSerialId: null, persistedOpState: IN_SERVICE, persistedOpStateExpiryEpochSec: 0}, ReplicationConfig: RATIS/ONE, State:OPEN, leaderId:46dea062-dbed-4f29-9927-38d96de780a1, CreationTimestamp2022-01-08T01:46:37.167Z[Etc/UTC]] moved to CLOSED state
2022-01-08 01:48:17,525 [Listener at 127.0.0.1/40645] INFO  statemachine.DatanodeStateMachine (DatanodeStateMachine.java:stopDaemon(526)) - Ozone container server stopped.
2022-01-08 01:48:17,526 [Listener at 127.0.0.1/40645] INFO  handler.ContextHandler (ContextHandler.java:doStop(1153)) - Stopped o.e.j.w.WebAppContext@80d0577{hddsDatanode,/,null,STOPPED}{jar:file:/home/runner/.m2/repository/org/apache/ozone/hdds-container-service/1.3.0-SNAPSHOT/hdds-container-service-1.3.0-SNAPSHOT.jar!/webapps/hddsDatanode}
2022-01-08 01:48:17,527 [Listener at 127.0.0.1/40645] INFO  server.AbstractConnector (AbstractConnector.java:doStop(381)) - Stopped ServerConnector@25f20f74{HTTP/1.1, (http/1.1)}{0.0.0.0:0}
2022-01-08 01:48:17,527 [Listener at 127.0.0.1/40645] INFO  server.session (HouseKeeper.java:stopScavenging(149)) - node0 Stopped scavenging
2022-01-08 01:48:17,527 [Listener at 127.0.0.1/40645] INFO  handler.ContextHandler (ContextHandler.java:doStop(1153)) - Stopped o.e.j.s.ServletContextHandler@4d222e1b{static,/static,jar:file:/home/runner/.m2/repository/org/apache/ozone/hdds-container-service/1.3.0-SNAPSHOT/hdds-container-service-1.3.0-SNAPSHOT.jar!/webapps/static,STOPPED}
2022-01-08 01:48:17,527 [Listener at 127.0.0.1/40645] INFO  handler.ContextHandler (ContextHandler.java:doStop(1153)) - Stopped o.e.j.s.ServletContextHandler@6326fd7f{logs,/logs,file:///home/runner/work/ozone/ozone/hadoop-ozone/integration-test/target/log,STOPPED}
2022-01-08 01:48:22,580 [Listener at 127.0.0.1/40645] INFO  ozoneimpl.OzoneContainer (OzoneContainer.java:stop(336)) - Attempting to stop container services.
2022-01-08 01:48:22,580 [Listener at 127.0.0.1/40645] INFO  server.RaftServer (RaftServerProxy.java:lambda$close$6(391)) - 6477641b-710a-49ab-b56b-e0f600eb5c24: close
2022-01-08 01:48:22,580 [Listener at 127.0.0.1/40645] INFO  server.RaftServer$Division (RaftServerImpl.java:lambda$close$4(412)) - 6477641b-710a-49ab-b56b-e0f600eb5c24@group-0140CC601DFD: shutdown
2022-01-08 01:48:22,581 [Listener at 127.0.0.1/40645] INFO  util.JmxRegister (JmxRegister.java:unregister(73)) - Successfully un-registered JMX Bean with object name Ratis:service=RaftServer,group=group-0140CC601DFD,id=6477641b-710a-49ab-b56b-e0f600eb5c24
2022-01-08 01:48:22,581 [Listener at 127.0.0.1/40645] INFO  impl.RoleInfo (RoleInfo.java:shutdownLeaderState(91)) - 6477641b-710a-49ab-b56b-e0f600eb5c24: shutdown 6477641b-710a-49ab-b56b-e0f600eb5c24@group-0140CC601DFD-LeaderStateImpl
2022-01-08 01:48:22,581 [Listener at 127.0.0.1/40645] INFO  impl.PendingRequests (PendingRequests.java:sendNotLeaderResponses(282)) - 6477641b-710a-49ab-b56b-e0f600eb5c24@group-0140CC601DFD-PendingRequests: sendNotLeaderResponses
2022-01-08 01:48:22,582 [Listener at 127.0.0.1/40645] INFO  impl.StateMachineUpdater (StateMachineUpdater.java:stopAndJoin(149)) - 6477641b-710a-49ab-b56b-e0f600eb5c24@group-0140CC601DFD-StateMachineUpdater: set stopIndex = 0
2022-01-08 01:48:22,582 [6477641b-710a-49ab-b56b-e0f600eb5c24@group-0140CC601DFD-StateMachineUpdater] INFO  ratis.ContainerStateMachine (ContainerStateMachine.java:takeSnapshot(299)) - group-0140CC601DFD: Taking a snapshot at:(t:1, i:0) file /home/runner/work/ozone/ozone/hadoop-ozone/integration-test/target/test-dir/MiniOzoneClusterImpl-6a132c25-3902-4d06-b1e4-79a7ed3e0f57/datanode-0/data/ratis/bf4d661f-df7b-4090-a893-0140cc601dfd/sm/snapshot.1_0
2022-01-08 01:48:22,590 [6477641b-710a-49ab-b56b-e0f600eb5c24@group-0140CC601DFD-StateMachineUpdater] INFO  ratis.ContainerStateMachine (ContainerStateMachine.java:takeSnapshot(310)) - group-0140CC601DFD: Finished taking a snapshot at:(t:1, i:0) file:/home/runner/work/ozone/ozone/hadoop-ozone/integration-test/target/test-dir/MiniOzoneClusterImpl-6a132c25-3902-4d06-b1e4-79a7ed3e0f57/datanode-0/data/ratis/bf4d661f-df7b-4090-a893-0140cc601dfd/sm/snapshot.1_0 took: 8 ms
2022-01-08 01:48:22,590 [6477641b-710a-49ab-b56b-e0f600eb5c24@group-0140CC601DFD-StateMachineUpdater] INFO  impl.StateMachineUpdater (StateMachineUpdater.java:takeSnapshot(281)) - 6477641b-710a-49ab-b56b-e0f600eb5c24@group-0140CC601DFD-StateMachineUpdater: Took a snapshot at index 0
2022-01-08 01:48:22,590 [6477641b-710a-49ab-b56b-e0f600eb5c24@group-0140CC601DFD-StateMachineUpdater] INFO  impl.StateMachineUpdater (StateMachineUpdater.java:lambda$new$0(89)) - 6477641b-710a-49ab-b56b-e0f600eb5c24@group-0140CC601DFD-StateMachineUpdater: snapshotIndex: updateIncreasingly -1 -> 0
2022-01-08 01:48:22,592 [Listener at 127.0.0.1/40645] INFO  server.RaftServer$Division (ServerState.java:close(419)) - 6477641b-710a-49ab-b56b-e0f600eb5c24@group-0140CC601DFD: closes. applyIndex: 0
2022-01-08 01:48:22,592 [6477641b-710a-49ab-b56b-e0f600eb5c24@group-0140CC601DFD-SegmentedRaftLogWorker] INFO  segmented.SegmentedRaftLogWorker (SegmentedRaftLogWorker.java:run(327)) - 6477641b-710a-49ab-b56b-e0f600eb5c24@group-0140CC601DFD-SegmentedRaftLogWorker was interrupted, exiting. There are 0 tasks remaining in the queue.
2022-01-08 01:48:22,592 [Listener at 127.0.0.1/40645] INFO  segmented.SegmentedRaftLogWorker (SegmentedRaftLogWorker.java:close(237)) - 6477641b-710a-49ab-b56b-e0f600eb5c24@group-0140CC601DFD-SegmentedRaftLogWorker close()
2022-01-08 01:48:22,592 [Listener at 127.0.0.1/40645] INFO  server.GrpcService (GrpcService.java:closeImpl(262)) - 6477641b-710a-49ab-b56b-e0f600eb5c24: shutdown server with port 38417 now
2022-01-08 01:48:22,617 [Listener at 127.0.0.1/40645] INFO  server.GrpcService (GrpcService.java:closeImpl(271)) - 6477641b-710a-49ab-b56b-e0f600eb5c24: shutdown server with port 38417 successfully
2022-01-08 01:48:22,617 [org.apache.ratis.util.JvmPauseMonitor$$Lambda$539/2045747304@5e6a544b] INFO  util.JvmPauseMonitor (JvmPauseMonitor.java:run(109)) - JvmPauseMonitor-6477641b-710a-49ab-b56b-e0f600eb5c24: Stopped
2022-01-08 01:48:24,651 [Listener at 127.0.0.1/40645] INFO  utils.BackgroundService (BackgroundService.java:shutdown(132)) - Shutting down service BlockDeletingService
2022-01-08 01:48:26,640 [EventQueue-StaleNodeForStaleNodeHandler] INFO  node.StaleNodeHandler (StaleNodeHandler.java:onMessage(58)) - Datanode 6477641b-710a-49ab-b56b-e0f600eb5c24{ip: 10.1.0.34, host: fv-az116-279.vzw04321ajxubdbcnpick5nqva.xx.internal.cloudapp.net, ports: [REPLICATION=32997, RATIS=38417, RATIS_ADMIN=38417, RATIS_SERVER=38417, STANDALONE=42453], networkLocation: /default-rack, certSerialId: null, persistedOpState: IN_SERVICE, persistedOpStateExpiryEpochSec: 0} moved to stale state. Finalizing its pipelines [PipelineID=bf4d661f-df7b-4090-a893-0140cc601dfd]
2022-01-08 01:48:26,641 [EventQueue-StaleNodeForStaleNodeHandler] INFO  pipeline.PipelineManagerImpl (PipelineManagerImpl.java:closePipeline(365)) - Pipeline Pipeline[ Id: bf4d661f-df7b-4090-a893-0140cc601dfd, Nodes: 6477641b-710a-49ab-b56b-e0f600eb5c24{ip: 10.1.0.34, host: fv-az116-279.vzw04321ajxubdbcnpick5nqva.xx.internal.cloudapp.net, ports: [REPLICATION=32997, RATIS=38417, RATIS_ADMIN=38417, RATIS_SERVER=38417, STANDALONE=42453], networkLocation: /default-rack, certSerialId: null, persistedOpState: IN_SERVICE, persistedOpStateExpiryEpochSec: 0}, ReplicationConfig: RATIS/ONE, State:OPEN, leaderId:6477641b-710a-49ab-b56b-e0f600eb5c24, CreationTimestamp2022-01-08T01:46:35.567Z[Etc/UTC]] moved to CLOSED state
2022-01-08 01:48:26,741 [EventQueue-DeadNodeForDeadNodeHandler] INFO  node.DeadNodeHandler (DeadNodeHandler.java:onMessage(80)) - A dead datanode is detected. 46dea062-dbed-4f29-9927-38d96de780a1{ip: 10.1.0.34, host: fv-az116-279.vzw04321ajxubdbcnpick5nqva.xx.internal.cloudapp.net, ports: [REPLICATION=42195, RATIS=40963, RATIS_ADMIN=40963, RATIS_SERVER=40963, STANDALONE=39759], networkLocation: /default-rack, certSerialId: null, persistedOpState: IN_SERVICE, persistedOpStateExpiryEpochSec: 0}
2022-01-08 01:48:26,741 [EventQueue-DeadNodeForDeadNodeHandler] INFO  pipeline.RatisPipelineProvider (RatisPipelineProvider.java:lambda$close$1(222)) - Send pipeline:PipelineID=07045353-53d7-48c2-843c-5c48197daf44 close command to datanode 46dea062-dbed-4f29-9927-38d96de780a1
2022-01-08 01:48:26,741 [EventQueue-DeadNodeForDeadNodeHandler] INFO  pipeline.PipelineStateManagerImpl (PipelineStateManagerImpl.java:removePipeline(223)) - Pipeline Pipeline[ Id: 07045353-53d7-48c2-843c-5c48197daf44, Nodes: 46dea062-dbed-4f29-9927-38d96de780a1{ip: 10.1.0.34, host: fv-az116-279.vzw04321ajxubdbcnpick5nqva.xx.internal.cloudapp.net, ports: [REPLICATION=42195, RATIS=40963, RATIS_ADMIN=40963, RATIS_SERVER=40963, STANDALONE=39759], networkLocation: /default-rack, certSerialId: null, persistedOpState: IN_SERVICE, persistedOpStateExpiryEpochSec: 0}, ReplicationConfig: RATIS/ONE, State:CLOSED, leaderId:46dea062-dbed-4f29-9927-38d96de780a1, CreationTimestamp2022-01-08T01:46:37.167Z[Etc/UTC]] removed.
2022-01-08 01:48:26,741 [EventQueue-DeadNodeForDeadNodeHandler] INFO  net.NetworkTopologyImpl (NetworkTopologyImpl.java:remove(137)) - Removed a node: /default-rack/46dea062-dbed-4f29-9927-38d96de780a1
2022-01-08 01:48:27,657 [Listener at 127.0.0.1/40645] INFO  statemachine.DatanodeStateMachine (DatanodeStateMachine.java:stopDaemon(526)) - Ozone container server stopped.
2022-01-08 01:48:27,658 [Listener at 127.0.0.1/40645] INFO  handler.ContextHandler (ContextHandler.java:doStop(1153)) - Stopped o.e.j.w.WebAppContext@17111e55{hddsDatanode,/,null,STOPPED}{jar:file:/home/runner/.m2/repository/org/apache/ozone/hdds-container-service/1.3.0-SNAPSHOT/hdds-container-service-1.3.0-SNAPSHOT.jar!/webapps/hddsDatanode}
2022-01-08 01:48:27,658 [Listener at 127.0.0.1/40645] INFO  server.AbstractConnector (AbstractConnector.java:doStop(381)) - Stopped ServerConnector@a2f6562{HTTP/1.1, (http/1.1)}{0.0.0.0:0}
2022-01-08 01:48:27,659 [Listener at 127.0.0.1/40645] INFO  server.session (HouseKeeper.java:stopScavenging(149)) - node0 Stopped scavenging
2022-01-08 01:48:27,659 [Listener at 127.0.0.1/40645] INFO  handler.ContextHandler (ContextHandler.java:doStop(1153)) - Stopped o.e.j.s.ServletContextHandler@52aaa229{static,/static,jar:file:/home/runner/.m2/repository/org/apache/ozone/hdds-container-service/1.3.0-SNAPSHOT/hdds-container-service-1.3.0-SNAPSHOT.jar!/webapps/static,STOPPED}
2022-01-08 01:48:27,659 [Listener at 127.0.0.1/40645] INFO  handler.ContextHandler (ContextHandler.java:doStop(1153)) - Stopped o.e.j.s.ServletContextHandler@4e6e4a0b{logs,/logs,file:///home/runner/work/ozone/ozone/hadoop-ozone/integration-test/target/log,STOPPED}
2022-01-08 01:48:32,666 [Listener at 127.0.0.1/40645] INFO  ozoneimpl.OzoneContainer (OzoneContainer.java:stop(336)) - Attempting to stop container services.
2022-01-08 01:48:32,667 [Listener at 127.0.0.1/40645] INFO  server.RaftServer (RaftServerProxy.java:lambda$close$6(391)) - 44471f42-9a01-4764-8909-e7e02c044ebe: close
2022-01-08 01:48:32,667 [Listener at 127.0.0.1/40645] INFO  server.RaftServer$Division (RaftServerImpl.java:lambda$close$4(412)) - 44471f42-9a01-4764-8909-e7e02c044ebe@group-43BD03022839: shutdown
2022-01-08 01:48:32,667 [Listener at 127.0.0.1/40645] INFO  util.JmxRegister (JmxRegister.java:unregister(73)) - Successfully un-registered JMX Bean with object name Ratis:service=RaftServer,group=group-43BD03022839,id=44471f42-9a01-4764-8909-e7e02c044ebe
2022-01-08 01:48:32,667 [Listener at 127.0.0.1/40645] INFO  impl.RoleInfo (RoleInfo.java:shutdownLeaderState(91)) - 44471f42-9a01-4764-8909-e7e02c044ebe: shutdown 44471f42-9a01-4764-8909-e7e02c044ebe@group-43BD03022839-LeaderStateImpl
2022-01-08 01:48:32,667 [Listener at 127.0.0.1/40645] INFO  impl.PendingRequests (PendingRequests.java:sendNotLeaderResponses(282)) - 44471f42-9a01-4764-8909-e7e02c044ebe@group-43BD03022839-PendingRequests: sendNotLeaderResponses
2022-01-08 01:48:32,668 [Listener at 127.0.0.1/40645] INFO  impl.StateMachineUpdater (StateMachineUpdater.java:stopAndJoin(149)) - 44471f42-9a01-4764-8909-e7e02c044ebe@group-43BD03022839-StateMachineUpdater: set stopIndex = 0
2022-01-08 01:48:32,669 [44471f42-9a01-4764-8909-e7e02c044ebe@group-43BD03022839-StateMachineUpdater] INFO  ratis.ContainerStateMachine (ContainerStateMachine.java:takeSnapshot(299)) - group-43BD03022839: Taking a snapshot at:(t:1, i:0) file /home/runner/work/ozone/ozone/hadoop-ozone/integration-test/target/test-dir/MiniOzoneClusterImpl-6a132c25-3902-4d06-b1e4-79a7ed3e0f57/datanode-2/data/ratis/5d32d0ed-d79b-48e3-9bab-43bd03022839/sm/snapshot.1_0
2022-01-08 01:48:32,671 [44471f42-9a01-4764-8909-e7e02c044ebe@group-43BD03022839-StateMachineUpdater] INFO  ratis.ContainerStateMachine (ContainerStateMachine.java:takeSnapshot(310)) - group-43BD03022839: Finished taking a snapshot at:(t:1, i:0) file:/home/runner/work/ozone/ozone/hadoop-ozone/integration-test/target/test-dir/MiniOzoneClusterImpl-6a132c25-3902-4d06-b1e4-79a7ed3e0f57/datanode-2/data/ratis/5d32d0ed-d79b-48e3-9bab-43bd03022839/sm/snapshot.1_0 took: 3 ms
2022-01-08 01:48:32,672 [44471f42-9a01-4764-8909-e7e02c044ebe@group-43BD03022839-StateMachineUpdater] INFO  impl.StateMachineUpdater (StateMachineUpdater.java:takeSnapshot(281)) - 44471f42-9a01-4764-8909-e7e02c044ebe@group-43BD03022839-StateMachineUpdater: Took a snapshot at index 0
2022-01-08 01:48:32,672 [44471f42-9a01-4764-8909-e7e02c044ebe@group-43BD03022839-StateMachineUpdater] INFO  impl.StateMachineUpdater (StateMachineUpdater.java:lambda$new$0(89)) - 44471f42-9a01-4764-8909-e7e02c044ebe@group-43BD03022839-StateMachineUpdater: snapshotIndex: updateIncreasingly -1 -> 0
2022-01-08 01:48:32,672 [Listener at 127.0.0.1/40645] INFO  server.RaftServer$Division (ServerState.java:close(419)) - 44471f42-9a01-4764-8909-e7e02c044ebe@group-43BD03022839: closes. applyIndex: 0
2022-01-08 01:48:32,672 [44471f42-9a01-4764-8909-e7e02c044ebe@group-43BD03022839-SegmentedRaftLogWorker] INFO  segmented.SegmentedRaftLogWorker (SegmentedRaftLogWorker.java:run(327)) - 44471f42-9a01-4764-8909-e7e02c044ebe@group-43BD03022839-SegmentedRaftLogWorker was interrupted, exiting. There are 0 tasks remaining in the queue.
2022-01-08 01:48:32,672 [Listener at 127.0.0.1/40645] INFO  segmented.SegmentedRaftLogWorker (SegmentedRaftLogWorker.java:close(237)) - 44471f42-9a01-4764-8909-e7e02c044ebe@group-43BD03022839-SegmentedRaftLogWorker close()
2022-01-08 01:48:32,673 [Listener at 127.0.0.1/40645] INFO  server.GrpcService (GrpcService.java:closeImpl(262)) - 44471f42-9a01-4764-8909-e7e02c044ebe: shutdown server with port 44109 now
2022-01-08 01:48:32,692 [Listener at 127.0.0.1/40645] INFO  server.GrpcService (GrpcService.java:closeImpl(271)) - 44471f42-9a01-4764-8909-e7e02c044ebe: shutdown server with port 44109 successfully
2022-01-08 01:48:32,693 [org.apache.ratis.util.JvmPauseMonitor$$Lambda$539/2045747304@33ea6cb6] INFO  util.JvmPauseMonitor (JvmPauseMonitor.java:run(109)) - JvmPauseMonitor-44471f42-9a01-4764-8909-e7e02c044ebe: Stopped
2022-01-08 01:48:34,732 [Listener at 127.0.0.1/40645] INFO  utils.BackgroundService (BackgroundService.java:shutdown(132)) - Shutting down service BlockDeletingService
2022-01-08 01:48:36,689 [EventQueue-DeadNodeForDeadNodeHandler] INFO  node.DeadNodeHandler (DeadNodeHandler.java:onMessage(80)) - A dead datanode is detected. 6477641b-710a-49ab-b56b-e0f600eb5c24{ip: 10.1.0.34, host: fv-az116-279.vzw04321ajxubdbcnpick5nqva.xx.internal.cloudapp.net, ports: [REPLICATION=32997, RATIS=38417, RATIS_ADMIN=38417, RATIS_SERVER=38417, STANDALONE=42453], networkLocation: /default-rack, certSerialId: null, persistedOpState: IN_SERVICE, persistedOpStateExpiryEpochSec: 0}
2022-01-08 01:48:36,689 [EventQueue-DeadNodeForDeadNodeHandler] INFO  pipeline.RatisPipelineProvider (RatisPipelineProvider.java:lambda$close$1(222)) - Send pipeline:PipelineID=bf4d661f-df7b-4090-a893-0140cc601dfd close command to datanode 6477641b-710a-49ab-b56b-e0f600eb5c24
2022-01-08 01:48:36,689 [EventQueue-DeadNodeForDeadNodeHandler] INFO  pipeline.PipelineStateManagerImpl (PipelineStateManagerImpl.java:removePipeline(223)) - Pipeline Pipeline[ Id: bf4d661f-df7b-4090-a893-0140cc601dfd, Nodes: 6477641b-710a-49ab-b56b-e0f600eb5c24{ip: 10.1.0.34, host: fv-az116-279.vzw04321ajxubdbcnpick5nqva.xx.internal.cloudapp.net, ports: [REPLICATION=32997, RATIS=38417, RATIS_ADMIN=38417, RATIS_SERVER=38417, STANDALONE=42453], networkLocation: /default-rack, certSerialId: null, persistedOpState: IN_SERVICE, persistedOpStateExpiryEpochSec: 0}, ReplicationConfig: RATIS/ONE, State:CLOSED, leaderId:6477641b-710a-49ab-b56b-e0f600eb5c24, CreationTimestamp2022-01-08T01:46:35.567Z[Etc/UTC]] removed.
2022-01-08 01:48:36,689 [EventQueue-DeadNodeForDeadNodeHandler] INFO  net.NetworkTopologyImpl (NetworkTopologyImpl.java:remove(137)) - Removed a node: /default-rack/6477641b-710a-49ab-b56b-e0f600eb5c24
2022-01-08 01:48:36,889 [EventQueue-StaleNodeForStaleNodeHandler] INFO  node.StaleNodeHandler (StaleNodeHandler.java:onMessage(58)) - Datanode 44471f42-9a01-4764-8909-e7e02c044ebe{ip: 10.1.0.34, host: fv-az116-279.vzw04321ajxubdbcnpick5nqva.xx.internal.cloudapp.net, ports: [REPLICATION=36939, RATIS=44109, RATIS_ADMIN=44109, RATIS_SERVER=44109, STANDALONE=34571], networkLocation: /default-rack, certSerialId: null, persistedOpState: IN_SERVICE, persistedOpStateExpiryEpochSec: 0} moved to stale state. Finalizing its pipelines [PipelineID=5d32d0ed-d79b-48e3-9bab-43bd03022839]
2022-01-08 01:48:36,889 [EventQueue-StaleNodeForStaleNodeHandler] INFO  pipeline.PipelineManagerImpl (PipelineManagerImpl.java:closePipeline(365)) - Pipeline Pipeline[ Id: 5d32d0ed-d79b-48e3-9bab-43bd03022839, Nodes: 44471f42-9a01-4764-8909-e7e02c044ebe{ip: 10.1.0.34, host: fv-az116-279.vzw04321ajxubdbcnpick5nqva.xx.internal.cloudapp.net, ports: [REPLICATION=36939, RATIS=44109, RATIS_ADMIN=44109, RATIS_SERVER=44109, STANDALONE=34571], networkLocation: /default-rack, certSerialId: null, persistedOpState: IN_SERVICE, persistedOpStateExpiryEpochSec: 0}, ReplicationConfig: RATIS/ONE, State:OPEN, leaderId:44471f42-9a01-4764-8909-e7e02c044ebe, CreationTimestamp2022-01-08T01:46:36.766Z[Etc/UTC]] moved to CLOSED state
2022-01-08 01:48:37,738 [Listener at 127.0.0.1/40645] INFO  statemachine.DatanodeStateMachine (DatanodeStateMachine.java:stopDaemon(526)) - Ozone container server stopped.
2022-01-08 01:48:37,739 [Listener at 127.0.0.1/40645] INFO  handler.ContextHandler (ContextHandler.java:doStop(1153)) - Stopped o.e.j.w.WebAppContext@1be77fc1{hddsDatanode,/,null,STOPPED}{jar:file:/home/runner/.m2/repository/org/apache/ozone/hdds-container-service/1.3.0-SNAPSHOT/hdds-container-service-1.3.0-SNAPSHOT.jar!/webapps/hddsDatanode}
2022-01-08 01:48:37,739 [Listener at 127.0.0.1/40645] INFO  server.AbstractConnector (AbstractConnector.java:doStop(381)) - Stopped ServerConnector@73e49181{HTTP/1.1, (http/1.1)}{0.0.0.0:0}
2022-01-08 01:48:37,739 [Listener at 127.0.0.1/40645] INFO  server.session (HouseKeeper.java:stopScavenging(149)) - node0 Stopped scavenging
2022-01-08 01:48:37,739 [Listener at 127.0.0.1/40645] INFO  handler.ContextHandler (ContextHandler.java:doStop(1153)) - Stopped o.e.j.s.ServletContextHandler@719596d4{static,/static,jar:file:/home/runner/.m2/repository/org/apache/ozone/hdds-container-service/1.3.0-SNAPSHOT/hdds-container-service-1.3.0-SNAPSHOT.jar!/webapps/static,STOPPED}
2022-01-08 01:48:37,739 [Listener at 127.0.0.1/40645] INFO  handler.ContextHandler (ContextHandler.java:doStop(1153)) - Stopped o.e.j.s.ServletContextHandler@65a3425a{logs,/logs,file:///home/runner/work/ozone/ozone/hadoop-ozone/integration-test/target/log,STOPPED}
2022-01-08 01:48:46,929 [EventQueue-DeadNodeForDeadNodeHandler] INFO  node.DeadNodeHandler (DeadNodeHandler.java:onMessage(80)) - A dead datanode is detected. 44471f42-9a01-4764-8909-e7e02c044ebe{ip: 10.1.0.34, host: fv-az116-279.vzw04321ajxubdbcnpick5nqva.xx.internal.cloudapp.net, ports: [REPLICATION=36939, RATIS=44109, RATIS_ADMIN=44109, RATIS_SERVER=44109, STANDALONE=34571], networkLocation: /default-rack, certSerialId: null, persistedOpState: IN_SERVICE, persistedOpStateExpiryEpochSec: 0}
2022-01-08 01:48:46,929 [EventQueue-DeadNodeForDeadNodeHandler] INFO  pipeline.RatisPipelineProvider (RatisPipelineProvider.java:lambda$close$1(222)) - Send pipeline:PipelineID=5d32d0ed-d79b-48e3-9bab-43bd03022839 close command to datanode 44471f42-9a01-4764-8909-e7e02c044ebe
2022-01-08 01:48:46,930 [EventQueue-DeadNodeForDeadNodeHandler] INFO  pipeline.PipelineStateManagerImpl (PipelineStateManagerImpl.java:removePipeline(223)) - Pipeline Pipeline[ Id: 5d32d0ed-d79b-48e3-9bab-43bd03022839, Nodes: 44471f42-9a01-4764-8909-e7e02c044ebe{ip: 10.1.0.34, host: fv-az116-279.vzw04321ajxubdbcnpick5nqva.xx.internal.cloudapp.net, ports: [REPLICATION=36939, RATIS=44109, RATIS_ADMIN=44109, RATIS_SERVER=44109, STANDALONE=34571], networkLocation: /default-rack, certSerialId: null, persistedOpState: IN_SERVICE, persistedOpStateExpiryEpochSec: 0}, ReplicationConfig: RATIS/ONE, State:CLOSED, leaderId:44471f42-9a01-4764-8909-e7e02c044ebe, CreationTimestamp2022-01-08T01:46:36.766Z[Etc/UTC]] removed.
2022-01-08 01:48:46,930 [EventQueue-DeadNodeForDeadNodeHandler] INFO  net.NetworkTopologyImpl (NetworkTopologyImpl.java:remove(137)) - Removed a node: /default-rack/44471f42-9a01-4764-8909-e7e02c044ebe
2022-01-08 01:49:34,922 [RatisPipelineUtilsThread - 0] ERROR scm.SCMCommonPlacementPolicy (SCMCommonPlacementPolicy.java:filterNodesWithSpace(171)) - Unable to find enough nodes that meet the space requirement of 1073741824 bytes for metadata and 5368709120 bytes for data in healthy node set. Required 3. Found 0.
]]></system-out>
  </testcase>
  <testcase name="testWatchForCommitDatanodeFailure" classname="org.apache.hadoop.ozone.client.rpc.TestBlockOutputStreamWithFailuresFlushDelay" time="93.593"/>
  <testcase name="testContainerClose" classname="org.apache.hadoop.ozone.client.rpc.TestBlockOutputStreamWithFailuresFlushDelay" time="98.306"/>
</testsuite>