<?xml version="1.0" encoding="UTF-8"?>
<testsuite xmlns:xsi="http://www.w3.org/2001/XMLSchema-instance" xsi:noNamespaceSchemaLocation="https://maven.apache.org/surefire/maven-surefire-plugin/xsd/surefire-test-report.xsd" name="org.apache.hadoop.hdds.scm.pipeline.TestPipelineClose" time="139.811" tests="4" errors="0" skipped="0" failures="1">
  <properties>
    <property name="awt.toolkit" value="sun.awt.X11.XToolkit"/>
    <property name="file.encoding.pkg" value="sun.io"/>
    <property name="java.specification.version" value="1.8"/>
    <property name="sun.cpu.isalist" value=""/>
    <property name="sun.jnu.encoding" value="UTF-8"/>
    <property name="java.class.path" value="/home/runner/work/ozone/ozone/hadoop-ozone/integration-test/target/test-classes:/home/runner/work/ozone/ozone/hadoop-ozone/integration-test/target/classes:/home/runner/.m2/repository/org/apache/ozone/ozone-common/1.2.0-SNAPSHOT/ozone-common-1.2.0-SNAPSHOT.jar:/home/runner/.m2/repository/org/apache/commons/commons-compress/1.20/commons-compress-1.20.jar:/home/runner/.m2/repository/org/apache/ozone/hdds-common/1.2.0-SNAPSHOT/hdds-common-1.2.0-SNAPSHOT.jar:/home/runner/.m2/repository/org/apache/ozone/hdds-client/1.2.0-SNAPSHOT/hdds-client-1.2.0-SNAPSHOT.jar:/home/runner/.m2/repository/org/apache/ozone/ozone-interface-client/1.2.0-SNAPSHOT/ozone-interface-client-1.2.0-SNAPSHOT.jar:/home/runner/.m2/repository/org/apache/ozone/hdds-server-framework/1.2.0-SNAPSHOT/hdds-server-framework-1.2.0-SNAPSHOT.jar:/home/runner/.m2/repository/org/apache/ozone/hdds-interface-server/1.2.0-SNAPSHOT/hdds-interface-server-1.2.0-SNAPSHOT.jar:/home/runner/.m2/repository/org/eclipse/jetty/jetty-servlet/9.4.43.v20210629/jetty-servlet-9.4.43.v20210629.jar:/home/runner/.m2/repository/org/eclipse/jetty/jetty-security/9.4.43.v20210629/jetty-security-9.4.43.v20210629.jar:/home/runner/.m2/repository/org/rocksdb/rocksdbjni/6.20.3/rocksdbjni-6.20.3.jar:/home/runner/.m2/repository/io/prometheus/simpleclient_dropwizard/0.7.0/simpleclient_dropwizard-0.7.0.jar:/home/runner/.m2/repository/io/prometheus/simpleclient/0.7.0/simpleclient-0.7.0.jar:/home/runner/.m2/repository/io/prometheus/simpleclient_common/0.7.0/simpleclient_common-0.7.0.jar:/home/runner/.m2/repository/com/fasterxml/jackson/datatype/jackson-datatype-jsr310/2.12.1/jackson-datatype-jsr310-2.12.1.jar:/home/runner/.m2/repository/org/apache/ozone/hdds-test-utils/1.2.0-SNAPSHOT/hdds-test-utils-1.2.0-SNAPSHOT.jar:/home/runner/.m2/repository/com/google/guava/guava/30.1.1-jre/guava-30.1.1-jre.jar:/home/runner/.m2/repository/com/google/guava/failureaccess/1.0.1/failureaccess-1.0.1.jar:/home/runner/.m2/repository/com/google/guava/listenablefuture/9999.0-empty-to-avoid-conflict-with-guava/listenablefuture-9999.0-empty-to-avoid-conflict-with-guava.jar:/home/runner/.m2/repository/com/google/code/findbugs/jsr305/3.0.0/jsr305-3.0.0.jar:/home/runner/.m2/repository/org/checkerframework/checker-qual/3.8.0/checker-qual-3.8.0.jar:/home/runner/.m2/repository/com/google/errorprone/error_prone_annotations/2.2.0/error_prone_annotations-2.2.0.jar:/home/runner/.m2/repository/com/google/j2objc/j2objc-annotations/1.3/j2objc-annotations-1.3.jar:/home/runner/.m2/repository/commons-io/commons-io/2.8.0/commons-io-2.8.0.jar:/home/runner/.m2/repository/commons-logging/commons-logging/1.2/commons-logging-1.2.jar:/home/runner/.m2/repository/log4j/log4j/1.2.17/log4j-1.2.17.jar:/home/runner/.m2/repository/org/slf4j/slf4j-api/1.7.30/slf4j-api-1.7.30.jar:/home/runner/.m2/repository/org/apache/ozone/hdds-server-scm/1.2.0-SNAPSHOT/hdds-server-scm-1.2.0-SNAPSHOT.jar:/home/runner/.m2/repository/org/apache/ozone/hdds-container-service/1.2.0-SNAPSHOT/hdds-container-service-1.2.0-SNAPSHOT.jar:/home/runner/.m2/repository/org/apache/ozone/hdds-hadoop-dependency-server/1.2.0-SNAPSHOT/hdds-hadoop-dependency-server-1.2.0-SNAPSHOT.jar:/home/runner/.m2/repository/org/apache/hadoop/hadoop-hdfs/3.3.1/hadoop-hdfs-3.3.1.jar:/home/runner/.m2/repository/io/dropwizard/metrics/metrics-core/3.2.4/metrics-core-3.2.4.jar:/home/runner/.m2/repository/org/apache/hadoop/hadoop-hdfs-client/3.3.1/hadoop-hdfs-client-3.3.1.jar:/home/runner/.m2/repository/org/bouncycastle/bcprov-jdk15on/1.67/bcprov-jdk15on-1.67.jar:/home/runner/.m2/repository/com/google/protobuf/protobuf-java/2.5.0/protobuf-java-2.5.0.jar:/home/runner/.m2/repository/org/apache/ozone/ozone-manager/1.2.0-SNAPSHOT/ozone-manager-1.2.0-SNAPSHOT.jar:/home/runner/.m2/repository/org/aspectj/aspectjrt/1.8.9/aspectjrt-1.8.9.jar:/home/runner/.m2/repository/org/aspectj/aspectjweaver/1.8.9/aspectjweaver-1.8.9.jar:/home/runner/.m2/repository/org/apache/ozone/hdds-interface-client/1.2.0-SNAPSHOT/hdds-interface-client-1.2.0-SNAPSHOT.jar:/home/runner/.m2/repository/org/apache/hadoop/thirdparty/hadoop-shaded-protobuf_3_7/1.1.1/hadoop-shaded-protobuf_3_7-1.1.1.jar:/home/runner/.m2/repository/org/apache/ratis/ratis-thirdparty-misc/0.7.0/ratis-thirdparty-misc-0.7.0.jar:/home/runner/.m2/repository/org/apache/ozone/ozone-interface-storage/1.2.0-SNAPSHOT/ozone-interface-storage-1.2.0-SNAPSHOT.jar:/home/runner/.m2/repository/org/reflections/reflections/0.9.11/reflections-0.9.11.jar:/home/runner/.m2/repository/org/apache/hadoop/hadoop-minikdc/3.3.1/hadoop-minikdc-3.3.1.jar:/home/runner/.m2/repository/org/apache/kerby/kerb-simplekdc/1.0.1/kerb-simplekdc-1.0.1.jar:/home/runner/.m2/repository/org/apache/kerby/kerb-client/1.0.1/kerb-client-1.0.1.jar:/home/runner/.m2/repository/org/apache/kerby/kerby-config/1.0.1/kerby-config-1.0.1.jar:/home/runner/.m2/repository/org/apache/kerby/kerb-common/1.0.1/kerb-common-1.0.1.jar:/home/runner/.m2/repository/org/apache/kerby/kerb-crypto/1.0.1/kerb-crypto-1.0.1.jar:/home/runner/.m2/repository/org/apache/kerby/kerb-util/1.0.1/kerb-util-1.0.1.jar:/home/runner/.m2/repository/org/apache/kerby/token-provider/1.0.1/token-provider-1.0.1.jar:/home/runner/.m2/repository/org/apache/kerby/kerb-admin/1.0.1/kerb-admin-1.0.1.jar:/home/runner/.m2/repository/org/apache/kerby/kerb-server/1.0.1/kerb-server-1.0.1.jar:/home/runner/.m2/repository/org/apache/kerby/kerb-identity/1.0.1/kerb-identity-1.0.1.jar:/home/runner/.m2/repository/org/apache/kerby/kerby-xdr/1.0.1/kerby-xdr-1.0.1.jar:/home/runner/.m2/repository/org/slf4j/slf4j-log4j12/1.7.30/slf4j-log4j12-1.7.30.jar:/home/runner/.m2/repository/org/apache/ozone/ozone-s3gateway/1.2.0-SNAPSHOT/ozone-s3gateway-1.2.0-SNAPSHOT.jar:/home/runner/.m2/repository/org/javassist/javassist/3.21.0-GA/javassist-3.21.0-GA.jar:/home/runner/.m2/repository/org/jboss/weld/servlet/weld-servlet/2.4.7.Final/weld-servlet-2.4.7.Final.jar:/home/runner/.m2/repository/org/glassfish/jersey/containers/jersey-container-servlet-core/2.33/jersey-container-servlet-core-2.33.jar:/home/runner/.m2/repository/org/glassfish/hk2/external/jakarta.inject/2.6.1/jakarta.inject-2.6.1.jar:/home/runner/.m2/repository/org/glassfish/jersey/core/jersey-common/2.33/jersey-common-2.33.jar:/home/runner/.m2/repository/jakarta/ws/rs/jakarta.ws.rs-api/2.1.6/jakarta.ws.rs-api-2.1.6.jar:/home/runner/.m2/repository/org/glassfish/jersey/ext/cdi/jersey-cdi1x/2.33/jersey-cdi1x-2.33.jar:/home/runner/.m2/repository/org/glassfish/jersey/inject/jersey-hk2/2.33/jersey-hk2-2.33.jar:/home/runner/.m2/repository/org/glassfish/hk2/hk2-locator/2.6.1/hk2-locator-2.6.1.jar:/home/runner/.m2/repository/org/glassfish/jersey/media/jersey-media-jaxb/2.33/jersey-media-jaxb-2.33.jar:/home/runner/.m2/repository/org/glassfish/hk2/osgi-resource-locator/1.0.3/osgi-resource-locator-1.0.3.jar:/home/runner/.m2/repository/org/glassfish/hk2/hk2-api/2.5.0/hk2-api-2.5.0.jar:/home/runner/.m2/repository/org/glassfish/hk2/hk2-utils/2.5.0/hk2-utils-2.5.0.jar:/home/runner/.m2/repository/org/glassfish/hk2/external/aopalliance-repackaged/2.5.0/aopalliance-repackaged-2.5.0.jar:/home/runner/.m2/repository/com/fasterxml/jackson/dataformat/jackson-dataformat-xml/2.12.1/jackson-dataformat-xml-2.12.1.jar:/home/runner/.m2/repository/com/fasterxml/jackson/core/jackson-core/2.12.1/jackson-core-2.12.1.jar:/home/runner/.m2/repository/com/fasterxml/jackson/module/jackson-module-jaxb-annotations/2.12.1/jackson-module-jaxb-annotations-2.12.1.jar:/home/runner/.m2/repository/jakarta/xml/bind/jakarta.xml.bind-api/2.3.2/jakarta.xml.bind-api-2.3.2.jar:/home/runner/.m2/repository/org/codehaus/woodstox/stax2-api/3.1.4/stax2-api-3.1.4.jar:/home/runner/.m2/repository/com/fasterxml/woodstox/woodstox-core/5.0.3/woodstox-core-5.0.3.jar:/home/runner/.m2/repository/javax/enterprise/cdi-api/1.2/cdi-api-1.2.jar:/home/runner/.m2/repository/javax/el/javax.el-api/3.0.0/javax.el-api-3.0.0.jar:/home/runner/.m2/repository/javax/interceptor/javax.interceptor-api/1.2/javax.interceptor-api-1.2.jar:/home/runner/.m2/repository/javax/inject/javax.inject/1/javax.inject-1.jar:/home/runner/.m2/repository/javax/xml/bind/jaxb-api/2.3.0/jaxb-api-2.3.0.jar:/home/runner/.m2/repository/org/glassfish/jaxb/jaxb-runtime/2.3.0.1/jaxb-runtime-2.3.0.1.jar:/home/runner/.m2/repository/org/glassfish/jaxb/jaxb-core/2.3.0.1/jaxb-core-2.3.0.1.jar:/home/runner/.m2/repository/org/glassfish/jaxb/txw2/2.3.0.1/txw2-2.3.0.1.jar:/home/runner/.m2/repository/com/sun/istack/istack-commons-runtime/3.0.5/istack-commons-runtime-3.0.5.jar:/home/runner/.m2/repository/org/jvnet/staxex/stax-ex/1.7.8/stax-ex-1.7.8.jar:/home/runner/.m2/repository/com/sun/xml/fastinfoset/FastInfoset/1.2.13/FastInfoset-1.2.13.jar:/home/runner/.m2/repository/javax/activation/activation/1.1.1/activation-1.1.1.jar:/home/runner/.m2/repository/org/apache/ozone/ozone-csi/1.2.0-SNAPSHOT/ozone-csi-1.2.0-SNAPSHOT.jar:/home/runner/.m2/repository/com/google/protobuf/protobuf-java-util/3.12.0/protobuf-java-util-3.12.0.jar:/home/runner/.m2/repository/com/google/code/gson/gson/2.2.4/gson-2.2.4.jar:/home/runner/.m2/repository/org/apache/ozone/hdds-config/1.2.0-SNAPSHOT/hdds-config-1.2.0-SNAPSHOT.jar:/home/runner/.m2/repository/io/grpc/grpc-netty/1.33.0/grpc-netty-1.33.0.jar:/home/runner/.m2/repository/io/grpc/grpc-core/1.33.0/grpc-core-1.33.0.jar:/home/runner/.m2/repository/com/google/android/annotations/4.1.1.4/annotations-4.1.1.4.jar:/home/runner/.m2/repository/io/netty/netty-codec-http2/4.1.63.Final/netty-codec-http2-4.1.63.Final.jar:/home/runner/.m2/repository/io/netty/netty-codec-http/4.1.63.Final/netty-codec-http-4.1.63.Final.jar:/home/runner/.m2/repository/io/netty/netty-handler-proxy/4.1.63.Final/netty-handler-proxy-4.1.63.Final.jar:/home/runner/.m2/repository/io/netty/netty-codec-socks/4.1.63.Final/netty-codec-socks-4.1.63.Final.jar:/home/runner/.m2/repository/io/perfmark/perfmark-api/0.19.0/perfmark-api-0.19.0.jar:/home/runner/.m2/repository/org/codehaus/mojo/animal-sniffer-annotations/1.18/animal-sniffer-annotations-1.18.jar:/home/runner/.m2/repository/io/netty/netty-transport-native-epoll/4.1.63.Final/netty-transport-native-epoll-4.1.63.Final.jar:/home/runner/.m2/repository/io/netty/netty-common/4.1.63.Final/netty-common-4.1.63.Final.jar:/home/runner/.m2/repository/io/netty/netty-buffer/4.1.63.Final/netty-buffer-4.1.63.Final.jar:/home/runner/.m2/repository/io/netty/netty-transport-native-unix-common/4.1.63.Final/netty-transport-native-unix-common-4.1.63.Final.jar:/home/runner/.m2/repository/io/grpc/grpc-protobuf/1.33.0/grpc-protobuf-1.33.0.jar:/home/runner/.m2/repository/io/grpc/grpc-api/1.33.0/grpc-api-1.33.0.jar:/home/runner/.m2/repository/io/grpc/grpc-context/1.33.0/grpc-context-1.33.0.jar:/home/runner/.m2/repository/com/google/api/grpc/proto-google-common-protos/1.17.0/proto-google-common-protos-1.17.0.jar:/home/runner/.m2/repository/io/grpc/grpc-protobuf-lite/1.33.0/grpc-protobuf-lite-1.33.0.jar:/home/runner/.m2/repository/io/grpc/grpc-stub/1.33.0/grpc-stub-1.33.0.jar:/home/runner/.m2/repository/org/apache/ozone/ozone-recon/1.2.0-SNAPSHOT/ozone-recon-1.2.0-SNAPSHOT.jar:/home/runner/.m2/repository/org/apache/ozone/ozone-reconcodegen/1.2.0-SNAPSHOT/ozone-reconcodegen-1.2.0-SNAPSHOT.jar:/home/runner/.m2/repository/com/google/inject/extensions/guice-multibindings/4.0/guice-multibindings-4.0.jar:/home/runner/.m2/repository/com/google/inject/guice/4.0/guice-4.0.jar:/home/runner/.m2/repository/aopalliance/aopalliance/1.0/aopalliance-1.0.jar:/home/runner/.m2/repository/com/google/inject/extensions/guice-assistedinject/4.0/guice-assistedinject-4.0.jar:/home/runner/.m2/repository/com/google/inject/extensions/guice-servlet/4.0/guice-servlet-4.0.jar:/home/runner/.m2/repository/org/glassfish/jersey/containers/jersey-container-servlet/2.33/jersey-container-servlet-2.33.jar:/home/runner/.m2/repository/org/glassfish/hk2/guice-bridge/2.5.0/guice-bridge-2.5.0.jar:/home/runner/.m2/repository/org/glassfish/jersey/core/jersey-server/2.33/jersey-server-2.33.jar:/home/runner/.m2/repository/org/glassfish/jersey/core/jersey-client/2.33/jersey-client-2.33.jar:/home/runner/.m2/repository/jakarta/annotation/jakarta.annotation-api/1.3.5/jakarta.annotation-api-1.3.5.jar:/home/runner/.m2/repository/jakarta/validation/jakarta.validation-api/2.0.2/jakarta.validation-api-2.0.2.jar:/home/runner/.m2/repository/org/glassfish/jersey/media/jersey-media-json-jackson/2.33/jersey-media-json-jackson-2.33.jar:/home/runner/.m2/repository/org/glassfish/jersey/ext/jersey-entity-filtering/2.33/jersey-entity-filtering-2.33.jar:/home/runner/.m2/repository/org/jooq/jooq/3.11.10/jooq-3.11.10.jar:/home/runner/.m2/repository/org/jooq/jooq-meta/3.11.10/jooq-meta-3.11.10.jar:/home/runner/.m2/repository/org/jooq/jooq-codegen/3.11.10/jooq-codegen-3.11.10.jar:/home/runner/.m2/repository/com/jolbox/bonecp/0.8.0.RELEASE/bonecp-0.8.0.RELEASE.jar:/home/runner/.m2/repository/org/apache/derby/derby/10.14.2.0/derby-10.14.2.0.jar:/home/runner/.m2/repository/org/xerial/sqlite-jdbc/3.25.2/sqlite-jdbc-3.25.2.jar:/home/runner/.m2/repository/org/springframework/spring-jdbc/5.2.11.RELEASE/spring-jdbc-5.2.11.RELEASE.jar:/home/runner/.m2/repository/org/springframework/spring-beans/5.2.11.RELEASE/spring-beans-5.2.11.RELEASE.jar:/home/runner/.m2/repository/org/springframework/spring-core/5.2.11.RELEASE/spring-core-5.2.11.RELEASE.jar:/home/runner/.m2/repository/org/springframework/spring-jcl/5.2.11.RELEASE/spring-jcl-5.2.11.RELEASE.jar:/home/runner/.m2/repository/org/springframework/spring-tx/5.2.11.RELEASE/spring-tx-5.2.11.RELEASE.jar:/home/runner/.m2/repository/org/apache/ozone/ozone-client/1.2.0-SNAPSHOT/ozone-client-1.2.0-SNAPSHOT.jar:/home/runner/.m2/repository/org/apache/ozone/ozone-filesystem/1.2.0-SNAPSHOT/ozone-filesystem-1.2.0-SNAPSHOT.jar:/home/runner/.m2/repository/org/apache/ozone/ozone-filesystem-common/1.2.0-SNAPSHOT/ozone-filesystem-common-1.2.0-SNAPSHOT.jar:/home/runner/.m2/repository/org/apache/ozone/ozone-tools/1.2.0-SNAPSHOT/ozone-tools-1.2.0-SNAPSHOT.jar:/home/runner/.m2/repository/org/apache/ratis/ratis-tools/2.1.0/ratis-tools-2.1.0.jar:/home/runner/.m2/repository/org/apache/ratis/ratis-proto/2.1.0/ratis-proto-2.1.0.jar:/home/runner/.m2/repository/org/apache/ratis/ratis-common/2.1.0/ratis-common-2.1.0.jar:/home/runner/.m2/repository/com/amazonaws/aws-java-sdk-core/1.11.901/aws-java-sdk-core-1.11.901.jar:/home/runner/.m2/repository/org/apache/httpcomponents/httpclient/4.5.13/httpclient-4.5.13.jar:/home/runner/.m2/repository/org/apache/httpcomponents/httpcore/4.4.13/httpcore-4.4.13.jar:/home/runner/.m2/repository/software/amazon/ion/ion-java/1.0.2/ion-java-1.0.2.jar:/home/runner/.m2/repository/com/fasterxml/jackson/dataformat/jackson-dataformat-cbor/2.12.1/jackson-dataformat-cbor-2.12.1.jar:/home/runner/.m2/repository/joda-time/joda-time/2.8.1/joda-time-2.8.1.jar:/home/runner/.m2/repository/com/amazonaws/aws-java-sdk-s3/1.11.901/aws-java-sdk-s3-1.11.901.jar:/home/runner/.m2/repository/com/amazonaws/aws-java-sdk-kms/1.11.901/aws-java-sdk-kms-1.11.901.jar:/home/runner/.m2/repository/com/amazonaws/jmespath-java/1.11.901/jmespath-java-1.11.901.jar:/home/runner/.m2/repository/org/kohsuke/metainf-services/metainf-services/1.8/metainf-services-1.8.jar:/home/runner/.m2/repository/org/apache/ozone/hdds-tools/1.2.0-SNAPSHOT/hdds-tools-1.2.0-SNAPSHOT.jar:/home/runner/.m2/repository/commons-cli/commons-cli/1.2/commons-cli-1.2.jar:/home/runner/.m2/repository/org/apache/commons/commons-lang3/3.7/commons-lang3-3.7.jar:/home/runner/.m2/repository/org/apache/ozone/ozone-manager/1.2.0-SNAPSHOT/ozone-manager-1.2.0-SNAPSHOT-tests.jar:/home/runner/.m2/repository/org/apache/ozone/hdds-common/1.2.0-SNAPSHOT/hdds-common-1.2.0-SNAPSHOT-tests.jar:/home/runner/.m2/repository/org/apache/ozone/hdds-hadoop-dependency-client/1.2.0-SNAPSHOT/hdds-hadoop-dependency-client-1.2.0-SNAPSHOT.jar:/home/runner/.m2/repository/info/picocli/picocli/4.4.0/picocli-4.4.0.jar:/home/runner/.m2/repository/com/fasterxml/jackson/core/jackson-annotations/2.12.1/jackson-annotations-2.12.1.jar:/home/runner/.m2/repository/javax/annotation/javax.annotation-api/1.2/javax.annotation-api-1.2.jar:/home/runner/.m2/repository/org/apache/ratis/ratis-server/2.1.0/ratis-server-2.1.0.jar:/home/runner/.m2/repository/org/apache/ratis/ratis-client/2.1.0/ratis-client-2.1.0.jar:/home/runner/.m2/repository/org/apache/ratis/ratis-server-api/2.1.0/ratis-server-api-2.1.0.jar:/home/runner/.m2/repository/org/apache/ratis/ratis-metrics/2.1.0/ratis-metrics-2.1.0.jar:/home/runner/.m2/repository/org/apache/ratis/ratis-netty/2.1.0/ratis-netty-2.1.0.jar:/home/runner/.m2/repository/org/apache/ratis/ratis-grpc/2.1.0/ratis-grpc-2.1.0.jar:/home/runner/.m2/repository/org/apache/logging/log4j/log4j-api/2.13.3/log4j-api-2.13.3.jar:/home/runner/.m2/repository/org/apache/logging/log4j/log4j-core/2.13.3/log4j-core-2.13.3.jar:/home/runner/.m2/repository/com/lmax/disruptor/3.4.2/disruptor-3.4.2.jar:/home/runner/.m2/repository/org/apache/commons/commons-pool2/2.6.0/commons-pool2-2.6.0.jar:/home/runner/.m2/repository/org/bouncycastle/bcpkix-jdk15on/1.67/bcpkix-jdk15on-1.67.jar:/home/runner/.m2/repository/commons-validator/commons-validator/1.6/commons-validator-1.6.jar:/home/runner/.m2/repository/commons-beanutils/commons-beanutils/1.9.4/commons-beanutils-1.9.4.jar:/home/runner/.m2/repository/commons-digester/commons-digester/1.8.1/commons-digester-1.8.1.jar:/home/runner/.m2/repository/commons-collections/commons-collections/3.2.2/commons-collections-3.2.2.jar:/home/runner/.m2/repository/io/jaegertracing/jaeger-client/1.6.0/jaeger-client-1.6.0.jar:/home/runner/.m2/repository/io/jaegertracing/jaeger-thrift/1.6.0/jaeger-thrift-1.6.0.jar:/home/runner/.m2/repository/org/apache/thrift/libthrift/0.14.1/libthrift-0.14.1.jar:/home/runner/.m2/repository/com/squareup/okhttp3/okhttp/4.9.0/okhttp-4.9.0.jar:/home/runner/.m2/repository/com/squareup/okio/okio/2.8.0/okio-2.8.0.jar:/home/runner/.m2/repository/io/jaegertracing/jaeger-core/1.6.0/jaeger-core-1.6.0.jar:/home/runner/.m2/repository/io/jaegertracing/jaeger-tracerresolver/1.6.0/jaeger-tracerresolver-1.6.0.jar:/home/runner/.m2/repository/io/opentracing/contrib/opentracing-tracerresolver/0.1.8/opentracing-tracerresolver-0.1.8.jar:/home/runner/.m2/repository/org/jetbrains/kotlin/kotlin-stdlib/1.4.31/kotlin-stdlib-1.4.31.jar:/home/runner/.m2/repository/org/jetbrains/kotlin/kotlin-stdlib-common/1.4.31/kotlin-stdlib-common-1.4.31.jar:/home/runner/.m2/repository/org/jetbrains/annotations/13.0/annotations-13.0.jar:/home/runner/.m2/repository/io/opentracing/opentracing-util/0.33.0/opentracing-util-0.33.0.jar:/home/runner/.m2/repository/io/opentracing/opentracing-api/0.33.0/opentracing-api-0.33.0.jar:/home/runner/.m2/repository/io/opentracing/opentracing-noop/0.33.0/opentracing-noop-0.33.0.jar:/home/runner/.m2/repository/org/yaml/snakeyaml/1.26/snakeyaml-1.26.jar:/home/runner/.m2/repository/org/apache/ozone/hdds-interface-admin/1.2.0-SNAPSHOT/hdds-interface-admin-1.2.0-SNAPSHOT.jar:/home/runner/.m2/repository/junit/junit/4.13.1/junit-4.13.1.jar:/home/runner/.m2/repository/org/hamcrest/hamcrest-core/1.3/hamcrest-core-1.3.jar:/home/runner/.m2/repository/org/junit/jupiter/junit-jupiter-api/5.7.0/junit-jupiter-api-5.7.0.jar:/home/runner/.m2/repository/org/apiguardian/apiguardian-api/1.1.0/apiguardian-api-1.1.0.jar:/home/runner/.m2/repository/org/opentest4j/opentest4j/1.2.0/opentest4j-1.2.0.jar:/home/runner/.m2/repository/org/junit/platform/junit-platform-commons/1.7.0/junit-platform-commons-1.7.0.jar:/home/runner/.m2/repository/org/junit/jupiter/junit-jupiter-engine/5.7.0/junit-jupiter-engine-5.7.0.jar:/home/runner/.m2/repository/org/junit/platform/junit-platform-engine/1.7.0/junit-platform-engine-1.7.0.jar:/home/runner/.m2/repository/org/junit/vintage/junit-vintage-engine/5.7.0/junit-vintage-engine-5.7.0.jar:/home/runner/.m2/repository/org/junit/platform/junit-platform-launcher/1.7.0/junit-platform-launcher-1.7.0.jar:/home/runner/.m2/repository/org/openjdk/jmh/jmh-core/1.19/jmh-core-1.19.jar:/home/runner/.m2/repository/net/sf/jopt-simple/jopt-simple/4.6/jopt-simple-4.6.jar:/home/runner/.m2/repository/org/apache/commons/commons-math3/3.1.1/commons-math3-3.1.1.jar:/home/runner/.m2/repository/org/openjdk/jmh/jmh-generator-annprocess/1.19/jmh-generator-annprocess-1.19.jar:/home/runner/.m2/repository/org/mockito/mockito-core/2.28.2/mockito-core-2.28.2.jar:/home/runner/.m2/repository/net/bytebuddy/byte-buddy/1.9.10/byte-buddy-1.9.10.jar:/home/runner/.m2/repository/net/bytebuddy/byte-buddy-agent/1.9.10/byte-buddy-agent-1.9.10.jar:/home/runner/.m2/repository/org/objenesis/objenesis/1.0/objenesis-1.0.jar:/home/runner/.m2/repository/org/apache/hadoop/hadoop-kms/3.3.1/hadoop-kms-3.3.1.jar:/home/runner/.m2/repository/org/apache/hadoop/hadoop-auth/3.3.1/hadoop-auth-3.3.1.jar:/home/runner/.m2/repository/com/nimbusds/nimbus-jose-jwt/7.9/nimbus-jose-jwt-7.9.jar:/home/runner/.m2/repository/com/github/stephenc/jcip/jcip-annotations/1.0-1/jcip-annotations-1.0-1.jar:/home/runner/.m2/repository/net/minidev/json-smart/2.3/json-smart-2.3.jar:/home/runner/.m2/repository/net/minidev/accessors-smart/1.2/accessors-smart-1.2.jar:/home/runner/.m2/repository/org/ow2/asm/asm/5.0.4/asm-5.0.4.jar:/home/runner/.m2/repository/org/apache/zookeeper/zookeeper/3.5.6/zookeeper-3.5.6.jar:/home/runner/.m2/repository/org/apache/zookeeper/zookeeper-jute/3.5.6/zookeeper-jute-3.5.6.jar:/home/runner/.m2/repository/org/apache/yetus/audience-annotations/0.5.0/audience-annotations-0.5.0.jar:/home/runner/.m2/repository/org/apache/curator/curator-framework/4.2.0/curator-framework-4.2.0.jar:/home/runner/.m2/repository/org/apache/hadoop/thirdparty/hadoop-shaded-guava/1.1.1/hadoop-shaded-guava-1.1.1.jar:/home/runner/.m2/repository/com/sun/jersey/jersey-core/1.19/jersey-core-1.19.jar:/home/runner/.m2/repository/javax/ws/rs/jsr311-api/1.1.1/jsr311-api-1.1.1.jar:/home/runner/.m2/repository/com/sun/jersey/jersey-server/1.19/jersey-server-1.19.jar:/home/runner/.m2/repository/javax/servlet/javax.servlet-api/3.1.0/javax.servlet-api-3.1.0.jar:/home/runner/.m2/repository/org/eclipse/jetty/jetty-server/9.4.43.v20210629/jetty-server-9.4.43.v20210629.jar:/home/runner/.m2/repository/org/eclipse/jetty/jetty-http/9.4.43.v20210629/jetty-http-9.4.43.v20210629.jar:/home/runner/.m2/repository/org/eclipse/jetty/jetty-io/9.4.43.v20210629/jetty-io-9.4.43.v20210629.jar:/home/runner/.m2/repository/org/eclipse/jetty/jetty-webapp/9.4.43.v20210629/jetty-webapp-9.4.43.v20210629.jar:/home/runner/.m2/repository/org/eclipse/jetty/jetty-xml/9.4.43.v20210629/jetty-xml-9.4.43.v20210629.jar:/home/runner/.m2/repository/org/apache/hadoop/hadoop-common/3.3.1/hadoop-common-3.3.1.jar:/home/runner/.m2/repository/commons-net/commons-net/3.6/commons-net-3.6.jar:/home/runner/.m2/repository/jakarta/activation/jakarta.activation-api/1.2.1/jakarta.activation-api-1.2.1.jar:/home/runner/.m2/repository/com/sun/jersey/jersey-servlet/1.19/jersey-servlet-1.19.jar:/home/runner/.m2/repository/com/sun/jersey/jersey-json/1.19/jersey-json-1.19.jar:/home/runner/.m2/repository/org/codehaus/jettison/jettison/1.1/jettison-1.1.jar:/home/runner/.m2/repository/com/sun/xml/bind/jaxb-impl/2.2.3-1/jaxb-impl-2.2.3-1.jar:/home/runner/.m2/repository/org/codehaus/jackson/jackson-jaxrs/1.9.2/jackson-jaxrs-1.9.2.jar:/home/runner/.m2/repository/org/codehaus/jackson/jackson-xc/1.9.2/jackson-xc-1.9.2.jar:/home/runner/.m2/repository/org/apache/commons/commons-configuration2/2.1.1/commons-configuration2-2.1.1.jar:/home/runner/.m2/repository/org/apache/commons/commons-text/1.4/commons-text-1.4.jar:/home/runner/.m2/repository/com/google/re2j/re2j/1.1/re2j-1.1.jar:/home/runner/.m2/repository/com/jcraft/jsch/0.1.54/jsch-0.1.54.jar:/home/runner/.m2/repository/org/apache/curator/curator-client/4.2.0/curator-client-4.2.0.jar:/home/runner/.m2/repository/org/apache/curator/curator-recipes/4.2.0/curator-recipes-4.2.0.jar:/home/runner/.m2/repository/org/apache/kerby/kerb-core/1.0.1/kerb-core-1.0.1.jar:/home/runner/.m2/repository/org/apache/kerby/kerby-pkix/1.0.1/kerby-pkix-1.0.1.jar:/home/runner/.m2/repository/org/apache/kerby/kerby-asn1/1.0.1/kerby-asn1-1.0.1.jar:/home/runner/.m2/repository/org/apache/kerby/kerby-util/1.0.1/kerby-util-1.0.1.jar:/home/runner/.m2/repository/dnsjava/dnsjava/2.1.7/dnsjava-2.1.7.jar:/home/runner/.m2/repository/org/xerial/snappy/snappy-java/1.1.8.2/snappy-java-1.1.8.2.jar:/home/runner/.m2/repository/org/slf4j/jul-to-slf4j/1.7.30/jul-to-slf4j-1.7.30.jar:/home/runner/.m2/repository/org/eclipse/jetty/jetty-util/9.4.43.v20210629/jetty-util-9.4.43.v20210629.jar:/home/runner/.m2/repository/com/fasterxml/jackson/core/jackson-databind/2.12.1/jackson-databind-2.12.1.jar:/home/runner/.m2/repository/org/apache/hadoop/hadoop-kms/3.3.1/hadoop-kms-3.3.1-tests.jar:/home/runner/.m2/repository/org/apache/ozone/hdds-server-scm/1.2.0-SNAPSHOT/hdds-server-scm-1.2.0-SNAPSHOT-tests.jar:/home/runner/.m2/repository/org/apache/ozone/hdds-container-service/1.2.0-SNAPSHOT/hdds-container-service-1.2.0-SNAPSHOT-tests.jar:/home/runner/.m2/repository/commons-codec/commons-codec/1.11/commons-codec-1.11.jar:/home/runner/.m2/repository/io/netty/netty-transport/4.1.63.Final/netty-transport-4.1.63.Final.jar:/home/runner/.m2/repository/io/netty/netty-resolver/4.1.63.Final/netty-resolver-4.1.63.Final.jar:/home/runner/.m2/repository/io/netty/netty-codec/4.1.63.Final/netty-codec-4.1.63.Final.jar:/home/runner/.m2/repository/io/netty/netty-handler/4.1.63.Final/netty-handler-4.1.63.Final.jar:/home/runner/.m2/repository/org/apache/ozone/hdds-hadoop-dependency-test/1.2.0-SNAPSHOT/hdds-hadoop-dependency-test-1.2.0-SNAPSHOT.jar:/home/runner/.m2/repository/org/apache/hadoop/hadoop-common/3.3.1/hadoop-common-3.3.1-tests.jar:/home/runner/.m2/repository/org/assertj/assertj-core/3.12.2/assertj-core-3.12.2.jar:/home/runner/.m2/repository/org/apache/hadoop/hadoop-hdfs/3.3.1/hadoop-hdfs-3.3.1-tests.jar:/home/runner/.m2/repository/org/eclipse/jetty/jetty-util-ajax/9.4.43.v20210629/jetty-util-ajax-9.4.43.v20210629.jar:/home/runner/.m2/repository/commons-daemon/commons-daemon/1.0.13/commons-daemon-1.0.13.jar:/home/runner/.m2/repository/io/netty/netty/3.10.6.Final/netty-3.10.6.Final.jar:/home/runner/.m2/repository/io/netty/netty-all/4.1.63.Final/netty-all-4.1.63.Final.jar:/home/runner/.m2/repository/org/apache/htrace/htrace-core4/4.1.0-incubating/htrace-core4-4.1.0-incubating.jar:/home/runner/.m2/repository/org/fusesource/leveldbjni/leveldbjni-all/1.8/leveldbjni-all-1.8.jar:/home/runner/.m2/repository/org/apache/hadoop/hadoop-distcp/3.3.1/hadoop-distcp-3.3.1.jar:/home/runner/.m2/repository/org/apache/hadoop/hadoop-mapreduce-client-jobclient/3.3.1/hadoop-mapreduce-client-jobclient-3.3.1.jar:/home/runner/.m2/repository/org/apache/hadoop/hadoop-mapreduce-client-common/3.3.1/hadoop-mapreduce-client-common-3.3.1.jar:/home/runner/.m2/repository/org/apache/hadoop/hadoop-yarn-common/3.3.1/hadoop-yarn-common-3.3.1.jar:/home/runner/.m2/repository/org/apache/hadoop/hadoop-yarn-api/3.3.1/hadoop-yarn-api-3.3.1.jar:/home/runner/.m2/repository/com/sun/jersey/jersey-client/1.19/jersey-client-1.19.jar:/home/runner/.m2/repository/com/sun/jersey/contribs/jersey-guice/1.19/jersey-guice-1.19.jar:/home/runner/.m2/repository/com/fasterxml/jackson/jaxrs/jackson-jaxrs-json-provider/2.12.1/jackson-jaxrs-json-provider-2.12.1.jar:/home/runner/.m2/repository/com/fasterxml/jackson/jaxrs/jackson-jaxrs-base/2.12.1/jackson-jaxrs-base-2.12.1.jar:/home/runner/.m2/repository/org/apache/hadoop/hadoop-yarn-client/3.3.1/hadoop-yarn-client-3.3.1.jar:/home/runner/.m2/repository/org/eclipse/jetty/websocket/websocket-client/9.4.40.v20210413/websocket-client-9.4.40.v20210413.jar:/home/runner/.m2/repository/org/eclipse/jetty/jetty-client/9.4.40.v20210413/jetty-client-9.4.40.v20210413.jar:/home/runner/.m2/repository/org/eclipse/jetty/websocket/websocket-common/9.4.40.v20210413/websocket-common-9.4.40.v20210413.jar:/home/runner/.m2/repository/org/eclipse/jetty/websocket/websocket-api/9.4.40.v20210413/websocket-api-9.4.40.v20210413.jar:/home/runner/.m2/repository/org/jline/jline/3.9.0/jline-3.9.0.jar:/home/runner/.m2/repository/org/apache/hadoop/hadoop-mapreduce-client-core/3.3.1/hadoop-mapreduce-client-core-3.3.1.jar:/home/runner/.m2/repository/org/apache/avro/avro/1.7.7/avro-1.7.7.jar:/home/runner/.m2/repository/org/codehaus/jackson/jackson-core-asl/1.9.13/jackson-core-asl-1.9.13.jar:/home/runner/.m2/repository/org/codehaus/jackson/jackson-mapper-asl/1.9.13/jackson-mapper-asl-1.9.13.jar:/home/runner/.m2/repository/com/thoughtworks/paranamer/paranamer/2.3/paranamer-2.3.jar:/home/runner/.m2/repository/org/apache/hadoop/hadoop-annotations/3.3.1/hadoop-annotations-3.3.1.jar:/usr/lib/jvm/adoptopenjdk-8-hotspot-amd64/jre/../lib/tools.jar:/home/runner/.m2/repository/org/apache/hadoop/hadoop-distcp/3.3.1/hadoop-distcp-3.3.1-tests.jar:"/>
    <property name="java.vm.vendor" value="AdoptOpenJDK"/>
    <property name="sun.arch.data.model" value="64"/>
    <property name="test.build.dir" value="/home/runner/work/ozone/ozone/hadoop-ozone/integration-test/target/test-dir"/>
    <property name="test.cache.data" value=""/>
    <property name="java.vendor.url" value="https://adoptopenjdk.net/"/>
    <property name="user.timezone" value=""/>
    <property name="java.vm.specification.version" value="1.8"/>
    <property name="os.name" value="Linux"/>
    <property name="test.build.data" value="/home/runner/work/ozone/ozone/hadoop-ozone/integration-test/target/test-dir"/>
    <property name="sun.java.launcher" value="SUN_STANDARD"/>
    <property name="sun.boot.library.path" value="/usr/lib/jvm/adoptopenjdk-8-hotspot-amd64/jre/lib/amd64"/>
    <property name="sun.java.command" value="/home/runner/work/ozone/ozone/hadoop-ozone/integration-test/target/surefire/surefirebooter4843583009387715876.jar /home/runner/work/ozone/ozone/hadoop-ozone/integration-test/target/surefire 2021-08-10T11-02-01_204-jvmRun1 surefire2446085262349017461tmp surefire_144730117076124401684tmp"/>
    <property name="surefire.test.class.path" value="/home/runner/work/ozone/ozone/hadoop-ozone/integration-test/target/test-classes:/home/runner/work/ozone/ozone/hadoop-ozone/integration-test/target/classes:/home/runner/.m2/repository/org/apache/ozone/ozone-common/1.2.0-SNAPSHOT/ozone-common-1.2.0-SNAPSHOT.jar:/home/runner/.m2/repository/org/apache/commons/commons-compress/1.20/commons-compress-1.20.jar:/home/runner/.m2/repository/org/apache/ozone/hdds-common/1.2.0-SNAPSHOT/hdds-common-1.2.0-SNAPSHOT.jar:/home/runner/.m2/repository/org/apache/ozone/hdds-client/1.2.0-SNAPSHOT/hdds-client-1.2.0-SNAPSHOT.jar:/home/runner/.m2/repository/org/apache/ozone/ozone-interface-client/1.2.0-SNAPSHOT/ozone-interface-client-1.2.0-SNAPSHOT.jar:/home/runner/.m2/repository/org/apache/ozone/hdds-server-framework/1.2.0-SNAPSHOT/hdds-server-framework-1.2.0-SNAPSHOT.jar:/home/runner/.m2/repository/org/apache/ozone/hdds-interface-server/1.2.0-SNAPSHOT/hdds-interface-server-1.2.0-SNAPSHOT.jar:/home/runner/.m2/repository/org/eclipse/jetty/jetty-servlet/9.4.43.v20210629/jetty-servlet-9.4.43.v20210629.jar:/home/runner/.m2/repository/org/eclipse/jetty/jetty-security/9.4.43.v20210629/jetty-security-9.4.43.v20210629.jar:/home/runner/.m2/repository/org/rocksdb/rocksdbjni/6.20.3/rocksdbjni-6.20.3.jar:/home/runner/.m2/repository/io/prometheus/simpleclient_dropwizard/0.7.0/simpleclient_dropwizard-0.7.0.jar:/home/runner/.m2/repository/io/prometheus/simpleclient/0.7.0/simpleclient-0.7.0.jar:/home/runner/.m2/repository/io/prometheus/simpleclient_common/0.7.0/simpleclient_common-0.7.0.jar:/home/runner/.m2/repository/com/fasterxml/jackson/datatype/jackson-datatype-jsr310/2.12.1/jackson-datatype-jsr310-2.12.1.jar:/home/runner/.m2/repository/org/apache/ozone/hdds-test-utils/1.2.0-SNAPSHOT/hdds-test-utils-1.2.0-SNAPSHOT.jar:/home/runner/.m2/repository/com/google/guava/guava/30.1.1-jre/guava-30.1.1-jre.jar:/home/runner/.m2/repository/com/google/guava/failureaccess/1.0.1/failureaccess-1.0.1.jar:/home/runner/.m2/repository/com/google/guava/listenablefuture/9999.0-empty-to-avoid-conflict-with-guava/listenablefuture-9999.0-empty-to-avoid-conflict-with-guava.jar:/home/runner/.m2/repository/com/google/code/findbugs/jsr305/3.0.0/jsr305-3.0.0.jar:/home/runner/.m2/repository/org/checkerframework/checker-qual/3.8.0/checker-qual-3.8.0.jar:/home/runner/.m2/repository/com/google/errorprone/error_prone_annotations/2.2.0/error_prone_annotations-2.2.0.jar:/home/runner/.m2/repository/com/google/j2objc/j2objc-annotations/1.3/j2objc-annotations-1.3.jar:/home/runner/.m2/repository/commons-io/commons-io/2.8.0/commons-io-2.8.0.jar:/home/runner/.m2/repository/commons-logging/commons-logging/1.2/commons-logging-1.2.jar:/home/runner/.m2/repository/log4j/log4j/1.2.17/log4j-1.2.17.jar:/home/runner/.m2/repository/org/slf4j/slf4j-api/1.7.30/slf4j-api-1.7.30.jar:/home/runner/.m2/repository/org/apache/ozone/hdds-server-scm/1.2.0-SNAPSHOT/hdds-server-scm-1.2.0-SNAPSHOT.jar:/home/runner/.m2/repository/org/apache/ozone/hdds-container-service/1.2.0-SNAPSHOT/hdds-container-service-1.2.0-SNAPSHOT.jar:/home/runner/.m2/repository/org/apache/ozone/hdds-hadoop-dependency-server/1.2.0-SNAPSHOT/hdds-hadoop-dependency-server-1.2.0-SNAPSHOT.jar:/home/runner/.m2/repository/org/apache/hadoop/hadoop-hdfs/3.3.1/hadoop-hdfs-3.3.1.jar:/home/runner/.m2/repository/io/dropwizard/metrics/metrics-core/3.2.4/metrics-core-3.2.4.jar:/home/runner/.m2/repository/org/apache/hadoop/hadoop-hdfs-client/3.3.1/hadoop-hdfs-client-3.3.1.jar:/home/runner/.m2/repository/org/bouncycastle/bcprov-jdk15on/1.67/bcprov-jdk15on-1.67.jar:/home/runner/.m2/repository/com/google/protobuf/protobuf-java/2.5.0/protobuf-java-2.5.0.jar:/home/runner/.m2/repository/org/apache/ozone/ozone-manager/1.2.0-SNAPSHOT/ozone-manager-1.2.0-SNAPSHOT.jar:/home/runner/.m2/repository/org/aspectj/aspectjrt/1.8.9/aspectjrt-1.8.9.jar:/home/runner/.m2/repository/org/aspectj/aspectjweaver/1.8.9/aspectjweaver-1.8.9.jar:/home/runner/.m2/repository/org/apache/ozone/hdds-interface-client/1.2.0-SNAPSHOT/hdds-interface-client-1.2.0-SNAPSHOT.jar:/home/runner/.m2/repository/org/apache/hadoop/thirdparty/hadoop-shaded-protobuf_3_7/1.1.1/hadoop-shaded-protobuf_3_7-1.1.1.jar:/home/runner/.m2/repository/org/apache/ratis/ratis-thirdparty-misc/0.7.0/ratis-thirdparty-misc-0.7.0.jar:/home/runner/.m2/repository/org/apache/ozone/ozone-interface-storage/1.2.0-SNAPSHOT/ozone-interface-storage-1.2.0-SNAPSHOT.jar:/home/runner/.m2/repository/org/reflections/reflections/0.9.11/reflections-0.9.11.jar:/home/runner/.m2/repository/org/apache/hadoop/hadoop-minikdc/3.3.1/hadoop-minikdc-3.3.1.jar:/home/runner/.m2/repository/org/apache/kerby/kerb-simplekdc/1.0.1/kerb-simplekdc-1.0.1.jar:/home/runner/.m2/repository/org/apache/kerby/kerb-client/1.0.1/kerb-client-1.0.1.jar:/home/runner/.m2/repository/org/apache/kerby/kerby-config/1.0.1/kerby-config-1.0.1.jar:/home/runner/.m2/repository/org/apache/kerby/kerb-common/1.0.1/kerb-common-1.0.1.jar:/home/runner/.m2/repository/org/apache/kerby/kerb-crypto/1.0.1/kerb-crypto-1.0.1.jar:/home/runner/.m2/repository/org/apache/kerby/kerb-util/1.0.1/kerb-util-1.0.1.jar:/home/runner/.m2/repository/org/apache/kerby/token-provider/1.0.1/token-provider-1.0.1.jar:/home/runner/.m2/repository/org/apache/kerby/kerb-admin/1.0.1/kerb-admin-1.0.1.jar:/home/runner/.m2/repository/org/apache/kerby/kerb-server/1.0.1/kerb-server-1.0.1.jar:/home/runner/.m2/repository/org/apache/kerby/kerb-identity/1.0.1/kerb-identity-1.0.1.jar:/home/runner/.m2/repository/org/apache/kerby/kerby-xdr/1.0.1/kerby-xdr-1.0.1.jar:/home/runner/.m2/repository/org/slf4j/slf4j-log4j12/1.7.30/slf4j-log4j12-1.7.30.jar:/home/runner/.m2/repository/org/apache/ozone/ozone-s3gateway/1.2.0-SNAPSHOT/ozone-s3gateway-1.2.0-SNAPSHOT.jar:/home/runner/.m2/repository/org/javassist/javassist/3.21.0-GA/javassist-3.21.0-GA.jar:/home/runner/.m2/repository/org/jboss/weld/servlet/weld-servlet/2.4.7.Final/weld-servlet-2.4.7.Final.jar:/home/runner/.m2/repository/org/glassfish/jersey/containers/jersey-container-servlet-core/2.33/jersey-container-servlet-core-2.33.jar:/home/runner/.m2/repository/org/glassfish/hk2/external/jakarta.inject/2.6.1/jakarta.inject-2.6.1.jar:/home/runner/.m2/repository/org/glassfish/jersey/core/jersey-common/2.33/jersey-common-2.33.jar:/home/runner/.m2/repository/jakarta/ws/rs/jakarta.ws.rs-api/2.1.6/jakarta.ws.rs-api-2.1.6.jar:/home/runner/.m2/repository/org/glassfish/jersey/ext/cdi/jersey-cdi1x/2.33/jersey-cdi1x-2.33.jar:/home/runner/.m2/repository/org/glassfish/jersey/inject/jersey-hk2/2.33/jersey-hk2-2.33.jar:/home/runner/.m2/repository/org/glassfish/hk2/hk2-locator/2.6.1/hk2-locator-2.6.1.jar:/home/runner/.m2/repository/org/glassfish/jersey/media/jersey-media-jaxb/2.33/jersey-media-jaxb-2.33.jar:/home/runner/.m2/repository/org/glassfish/hk2/osgi-resource-locator/1.0.3/osgi-resource-locator-1.0.3.jar:/home/runner/.m2/repository/org/glassfish/hk2/hk2-api/2.5.0/hk2-api-2.5.0.jar:/home/runner/.m2/repository/org/glassfish/hk2/hk2-utils/2.5.0/hk2-utils-2.5.0.jar:/home/runner/.m2/repository/org/glassfish/hk2/external/aopalliance-repackaged/2.5.0/aopalliance-repackaged-2.5.0.jar:/home/runner/.m2/repository/com/fasterxml/jackson/dataformat/jackson-dataformat-xml/2.12.1/jackson-dataformat-xml-2.12.1.jar:/home/runner/.m2/repository/com/fasterxml/jackson/core/jackson-core/2.12.1/jackson-core-2.12.1.jar:/home/runner/.m2/repository/com/fasterxml/jackson/module/jackson-module-jaxb-annotations/2.12.1/jackson-module-jaxb-annotations-2.12.1.jar:/home/runner/.m2/repository/jakarta/xml/bind/jakarta.xml.bind-api/2.3.2/jakarta.xml.bind-api-2.3.2.jar:/home/runner/.m2/repository/org/codehaus/woodstox/stax2-api/3.1.4/stax2-api-3.1.4.jar:/home/runner/.m2/repository/com/fasterxml/woodstox/woodstox-core/5.0.3/woodstox-core-5.0.3.jar:/home/runner/.m2/repository/javax/enterprise/cdi-api/1.2/cdi-api-1.2.jar:/home/runner/.m2/repository/javax/el/javax.el-api/3.0.0/javax.el-api-3.0.0.jar:/home/runner/.m2/repository/javax/interceptor/javax.interceptor-api/1.2/javax.interceptor-api-1.2.jar:/home/runner/.m2/repository/javax/inject/javax.inject/1/javax.inject-1.jar:/home/runner/.m2/repository/javax/xml/bind/jaxb-api/2.3.0/jaxb-api-2.3.0.jar:/home/runner/.m2/repository/org/glassfish/jaxb/jaxb-runtime/2.3.0.1/jaxb-runtime-2.3.0.1.jar:/home/runner/.m2/repository/org/glassfish/jaxb/jaxb-core/2.3.0.1/jaxb-core-2.3.0.1.jar:/home/runner/.m2/repository/org/glassfish/jaxb/txw2/2.3.0.1/txw2-2.3.0.1.jar:/home/runner/.m2/repository/com/sun/istack/istack-commons-runtime/3.0.5/istack-commons-runtime-3.0.5.jar:/home/runner/.m2/repository/org/jvnet/staxex/stax-ex/1.7.8/stax-ex-1.7.8.jar:/home/runner/.m2/repository/com/sun/xml/fastinfoset/FastInfoset/1.2.13/FastInfoset-1.2.13.jar:/home/runner/.m2/repository/javax/activation/activation/1.1.1/activation-1.1.1.jar:/home/runner/.m2/repository/org/apache/ozone/ozone-csi/1.2.0-SNAPSHOT/ozone-csi-1.2.0-SNAPSHOT.jar:/home/runner/.m2/repository/com/google/protobuf/protobuf-java-util/3.12.0/protobuf-java-util-3.12.0.jar:/home/runner/.m2/repository/com/google/code/gson/gson/2.2.4/gson-2.2.4.jar:/home/runner/.m2/repository/org/apache/ozone/hdds-config/1.2.0-SNAPSHOT/hdds-config-1.2.0-SNAPSHOT.jar:/home/runner/.m2/repository/io/grpc/grpc-netty/1.33.0/grpc-netty-1.33.0.jar:/home/runner/.m2/repository/io/grpc/grpc-core/1.33.0/grpc-core-1.33.0.jar:/home/runner/.m2/repository/com/google/android/annotations/4.1.1.4/annotations-4.1.1.4.jar:/home/runner/.m2/repository/io/netty/netty-codec-http2/4.1.63.Final/netty-codec-http2-4.1.63.Final.jar:/home/runner/.m2/repository/io/netty/netty-codec-http/4.1.63.Final/netty-codec-http-4.1.63.Final.jar:/home/runner/.m2/repository/io/netty/netty-handler-proxy/4.1.63.Final/netty-handler-proxy-4.1.63.Final.jar:/home/runner/.m2/repository/io/netty/netty-codec-socks/4.1.63.Final/netty-codec-socks-4.1.63.Final.jar:/home/runner/.m2/repository/io/perfmark/perfmark-api/0.19.0/perfmark-api-0.19.0.jar:/home/runner/.m2/repository/org/codehaus/mojo/animal-sniffer-annotations/1.18/animal-sniffer-annotations-1.18.jar:/home/runner/.m2/repository/io/netty/netty-transport-native-epoll/4.1.63.Final/netty-transport-native-epoll-4.1.63.Final.jar:/home/runner/.m2/repository/io/netty/netty-common/4.1.63.Final/netty-common-4.1.63.Final.jar:/home/runner/.m2/repository/io/netty/netty-buffer/4.1.63.Final/netty-buffer-4.1.63.Final.jar:/home/runner/.m2/repository/io/netty/netty-transport-native-unix-common/4.1.63.Final/netty-transport-native-unix-common-4.1.63.Final.jar:/home/runner/.m2/repository/io/grpc/grpc-protobuf/1.33.0/grpc-protobuf-1.33.0.jar:/home/runner/.m2/repository/io/grpc/grpc-api/1.33.0/grpc-api-1.33.0.jar:/home/runner/.m2/repository/io/grpc/grpc-context/1.33.0/grpc-context-1.33.0.jar:/home/runner/.m2/repository/com/google/api/grpc/proto-google-common-protos/1.17.0/proto-google-common-protos-1.17.0.jar:/home/runner/.m2/repository/io/grpc/grpc-protobuf-lite/1.33.0/grpc-protobuf-lite-1.33.0.jar:/home/runner/.m2/repository/io/grpc/grpc-stub/1.33.0/grpc-stub-1.33.0.jar:/home/runner/.m2/repository/org/apache/ozone/ozone-recon/1.2.0-SNAPSHOT/ozone-recon-1.2.0-SNAPSHOT.jar:/home/runner/.m2/repository/org/apache/ozone/ozone-reconcodegen/1.2.0-SNAPSHOT/ozone-reconcodegen-1.2.0-SNAPSHOT.jar:/home/runner/.m2/repository/com/google/inject/extensions/guice-multibindings/4.0/guice-multibindings-4.0.jar:/home/runner/.m2/repository/com/google/inject/guice/4.0/guice-4.0.jar:/home/runner/.m2/repository/aopalliance/aopalliance/1.0/aopalliance-1.0.jar:/home/runner/.m2/repository/com/google/inject/extensions/guice-assistedinject/4.0/guice-assistedinject-4.0.jar:/home/runner/.m2/repository/com/google/inject/extensions/guice-servlet/4.0/guice-servlet-4.0.jar:/home/runner/.m2/repository/org/glassfish/jersey/containers/jersey-container-servlet/2.33/jersey-container-servlet-2.33.jar:/home/runner/.m2/repository/org/glassfish/hk2/guice-bridge/2.5.0/guice-bridge-2.5.0.jar:/home/runner/.m2/repository/org/glassfish/jersey/core/jersey-server/2.33/jersey-server-2.33.jar:/home/runner/.m2/repository/org/glassfish/jersey/core/jersey-client/2.33/jersey-client-2.33.jar:/home/runner/.m2/repository/jakarta/annotation/jakarta.annotation-api/1.3.5/jakarta.annotation-api-1.3.5.jar:/home/runner/.m2/repository/jakarta/validation/jakarta.validation-api/2.0.2/jakarta.validation-api-2.0.2.jar:/home/runner/.m2/repository/org/glassfish/jersey/media/jersey-media-json-jackson/2.33/jersey-media-json-jackson-2.33.jar:/home/runner/.m2/repository/org/glassfish/jersey/ext/jersey-entity-filtering/2.33/jersey-entity-filtering-2.33.jar:/home/runner/.m2/repository/org/jooq/jooq/3.11.10/jooq-3.11.10.jar:/home/runner/.m2/repository/org/jooq/jooq-meta/3.11.10/jooq-meta-3.11.10.jar:/home/runner/.m2/repository/org/jooq/jooq-codegen/3.11.10/jooq-codegen-3.11.10.jar:/home/runner/.m2/repository/com/jolbox/bonecp/0.8.0.RELEASE/bonecp-0.8.0.RELEASE.jar:/home/runner/.m2/repository/org/apache/derby/derby/10.14.2.0/derby-10.14.2.0.jar:/home/runner/.m2/repository/org/xerial/sqlite-jdbc/3.25.2/sqlite-jdbc-3.25.2.jar:/home/runner/.m2/repository/org/springframework/spring-jdbc/5.2.11.RELEASE/spring-jdbc-5.2.11.RELEASE.jar:/home/runner/.m2/repository/org/springframework/spring-beans/5.2.11.RELEASE/spring-beans-5.2.11.RELEASE.jar:/home/runner/.m2/repository/org/springframework/spring-core/5.2.11.RELEASE/spring-core-5.2.11.RELEASE.jar:/home/runner/.m2/repository/org/springframework/spring-jcl/5.2.11.RELEASE/spring-jcl-5.2.11.RELEASE.jar:/home/runner/.m2/repository/org/springframework/spring-tx/5.2.11.RELEASE/spring-tx-5.2.11.RELEASE.jar:/home/runner/.m2/repository/org/apache/ozone/ozone-client/1.2.0-SNAPSHOT/ozone-client-1.2.0-SNAPSHOT.jar:/home/runner/.m2/repository/org/apache/ozone/ozone-filesystem/1.2.0-SNAPSHOT/ozone-filesystem-1.2.0-SNAPSHOT.jar:/home/runner/.m2/repository/org/apache/ozone/ozone-filesystem-common/1.2.0-SNAPSHOT/ozone-filesystem-common-1.2.0-SNAPSHOT.jar:/home/runner/.m2/repository/org/apache/ozone/ozone-tools/1.2.0-SNAPSHOT/ozone-tools-1.2.0-SNAPSHOT.jar:/home/runner/.m2/repository/org/apache/ratis/ratis-tools/2.1.0/ratis-tools-2.1.0.jar:/home/runner/.m2/repository/org/apache/ratis/ratis-proto/2.1.0/ratis-proto-2.1.0.jar:/home/runner/.m2/repository/org/apache/ratis/ratis-common/2.1.0/ratis-common-2.1.0.jar:/home/runner/.m2/repository/com/amazonaws/aws-java-sdk-core/1.11.901/aws-java-sdk-core-1.11.901.jar:/home/runner/.m2/repository/org/apache/httpcomponents/httpclient/4.5.13/httpclient-4.5.13.jar:/home/runner/.m2/repository/org/apache/httpcomponents/httpcore/4.4.13/httpcore-4.4.13.jar:/home/runner/.m2/repository/software/amazon/ion/ion-java/1.0.2/ion-java-1.0.2.jar:/home/runner/.m2/repository/com/fasterxml/jackson/dataformat/jackson-dataformat-cbor/2.12.1/jackson-dataformat-cbor-2.12.1.jar:/home/runner/.m2/repository/joda-time/joda-time/2.8.1/joda-time-2.8.1.jar:/home/runner/.m2/repository/com/amazonaws/aws-java-sdk-s3/1.11.901/aws-java-sdk-s3-1.11.901.jar:/home/runner/.m2/repository/com/amazonaws/aws-java-sdk-kms/1.11.901/aws-java-sdk-kms-1.11.901.jar:/home/runner/.m2/repository/com/amazonaws/jmespath-java/1.11.901/jmespath-java-1.11.901.jar:/home/runner/.m2/repository/org/kohsuke/metainf-services/metainf-services/1.8/metainf-services-1.8.jar:/home/runner/.m2/repository/org/apache/ozone/hdds-tools/1.2.0-SNAPSHOT/hdds-tools-1.2.0-SNAPSHOT.jar:/home/runner/.m2/repository/commons-cli/commons-cli/1.2/commons-cli-1.2.jar:/home/runner/.m2/repository/org/apache/commons/commons-lang3/3.7/commons-lang3-3.7.jar:/home/runner/.m2/repository/org/apache/ozone/ozone-manager/1.2.0-SNAPSHOT/ozone-manager-1.2.0-SNAPSHOT-tests.jar:/home/runner/.m2/repository/org/apache/ozone/hdds-common/1.2.0-SNAPSHOT/hdds-common-1.2.0-SNAPSHOT-tests.jar:/home/runner/.m2/repository/org/apache/ozone/hdds-hadoop-dependency-client/1.2.0-SNAPSHOT/hdds-hadoop-dependency-client-1.2.0-SNAPSHOT.jar:/home/runner/.m2/repository/info/picocli/picocli/4.4.0/picocli-4.4.0.jar:/home/runner/.m2/repository/com/fasterxml/jackson/core/jackson-annotations/2.12.1/jackson-annotations-2.12.1.jar:/home/runner/.m2/repository/javax/annotation/javax.annotation-api/1.2/javax.annotation-api-1.2.jar:/home/runner/.m2/repository/org/apache/ratis/ratis-server/2.1.0/ratis-server-2.1.0.jar:/home/runner/.m2/repository/org/apache/ratis/ratis-client/2.1.0/ratis-client-2.1.0.jar:/home/runner/.m2/repository/org/apache/ratis/ratis-server-api/2.1.0/ratis-server-api-2.1.0.jar:/home/runner/.m2/repository/org/apache/ratis/ratis-metrics/2.1.0/ratis-metrics-2.1.0.jar:/home/runner/.m2/repository/org/apache/ratis/ratis-netty/2.1.0/ratis-netty-2.1.0.jar:/home/runner/.m2/repository/org/apache/ratis/ratis-grpc/2.1.0/ratis-grpc-2.1.0.jar:/home/runner/.m2/repository/org/apache/logging/log4j/log4j-api/2.13.3/log4j-api-2.13.3.jar:/home/runner/.m2/repository/org/apache/logging/log4j/log4j-core/2.13.3/log4j-core-2.13.3.jar:/home/runner/.m2/repository/com/lmax/disruptor/3.4.2/disruptor-3.4.2.jar:/home/runner/.m2/repository/org/apache/commons/commons-pool2/2.6.0/commons-pool2-2.6.0.jar:/home/runner/.m2/repository/org/bouncycastle/bcpkix-jdk15on/1.67/bcpkix-jdk15on-1.67.jar:/home/runner/.m2/repository/commons-validator/commons-validator/1.6/commons-validator-1.6.jar:/home/runner/.m2/repository/commons-beanutils/commons-beanutils/1.9.4/commons-beanutils-1.9.4.jar:/home/runner/.m2/repository/commons-digester/commons-digester/1.8.1/commons-digester-1.8.1.jar:/home/runner/.m2/repository/commons-collections/commons-collections/3.2.2/commons-collections-3.2.2.jar:/home/runner/.m2/repository/io/jaegertracing/jaeger-client/1.6.0/jaeger-client-1.6.0.jar:/home/runner/.m2/repository/io/jaegertracing/jaeger-thrift/1.6.0/jaeger-thrift-1.6.0.jar:/home/runner/.m2/repository/org/apache/thrift/libthrift/0.14.1/libthrift-0.14.1.jar:/home/runner/.m2/repository/com/squareup/okhttp3/okhttp/4.9.0/okhttp-4.9.0.jar:/home/runner/.m2/repository/com/squareup/okio/okio/2.8.0/okio-2.8.0.jar:/home/runner/.m2/repository/io/jaegertracing/jaeger-core/1.6.0/jaeger-core-1.6.0.jar:/home/runner/.m2/repository/io/jaegertracing/jaeger-tracerresolver/1.6.0/jaeger-tracerresolver-1.6.0.jar:/home/runner/.m2/repository/io/opentracing/contrib/opentracing-tracerresolver/0.1.8/opentracing-tracerresolver-0.1.8.jar:/home/runner/.m2/repository/org/jetbrains/kotlin/kotlin-stdlib/1.4.31/kotlin-stdlib-1.4.31.jar:/home/runner/.m2/repository/org/jetbrains/kotlin/kotlin-stdlib-common/1.4.31/kotlin-stdlib-common-1.4.31.jar:/home/runner/.m2/repository/org/jetbrains/annotations/13.0/annotations-13.0.jar:/home/runner/.m2/repository/io/opentracing/opentracing-util/0.33.0/opentracing-util-0.33.0.jar:/home/runner/.m2/repository/io/opentracing/opentracing-api/0.33.0/opentracing-api-0.33.0.jar:/home/runner/.m2/repository/io/opentracing/opentracing-noop/0.33.0/opentracing-noop-0.33.0.jar:/home/runner/.m2/repository/org/yaml/snakeyaml/1.26/snakeyaml-1.26.jar:/home/runner/.m2/repository/org/apache/ozone/hdds-interface-admin/1.2.0-SNAPSHOT/hdds-interface-admin-1.2.0-SNAPSHOT.jar:/home/runner/.m2/repository/junit/junit/4.13.1/junit-4.13.1.jar:/home/runner/.m2/repository/org/hamcrest/hamcrest-core/1.3/hamcrest-core-1.3.jar:/home/runner/.m2/repository/org/junit/jupiter/junit-jupiter-api/5.7.0/junit-jupiter-api-5.7.0.jar:/home/runner/.m2/repository/org/apiguardian/apiguardian-api/1.1.0/apiguardian-api-1.1.0.jar:/home/runner/.m2/repository/org/opentest4j/opentest4j/1.2.0/opentest4j-1.2.0.jar:/home/runner/.m2/repository/org/junit/platform/junit-platform-commons/1.7.0/junit-platform-commons-1.7.0.jar:/home/runner/.m2/repository/org/junit/jupiter/junit-jupiter-engine/5.7.0/junit-jupiter-engine-5.7.0.jar:/home/runner/.m2/repository/org/junit/platform/junit-platform-engine/1.7.0/junit-platform-engine-1.7.0.jar:/home/runner/.m2/repository/org/junit/vintage/junit-vintage-engine/5.7.0/junit-vintage-engine-5.7.0.jar:/home/runner/.m2/repository/org/junit/platform/junit-platform-launcher/1.7.0/junit-platform-launcher-1.7.0.jar:/home/runner/.m2/repository/org/openjdk/jmh/jmh-core/1.19/jmh-core-1.19.jar:/home/runner/.m2/repository/net/sf/jopt-simple/jopt-simple/4.6/jopt-simple-4.6.jar:/home/runner/.m2/repository/org/apache/commons/commons-math3/3.1.1/commons-math3-3.1.1.jar:/home/runner/.m2/repository/org/openjdk/jmh/jmh-generator-annprocess/1.19/jmh-generator-annprocess-1.19.jar:/home/runner/.m2/repository/org/mockito/mockito-core/2.28.2/mockito-core-2.28.2.jar:/home/runner/.m2/repository/net/bytebuddy/byte-buddy/1.9.10/byte-buddy-1.9.10.jar:/home/runner/.m2/repository/net/bytebuddy/byte-buddy-agent/1.9.10/byte-buddy-agent-1.9.10.jar:/home/runner/.m2/repository/org/objenesis/objenesis/1.0/objenesis-1.0.jar:/home/runner/.m2/repository/org/apache/hadoop/hadoop-kms/3.3.1/hadoop-kms-3.3.1.jar:/home/runner/.m2/repository/org/apache/hadoop/hadoop-auth/3.3.1/hadoop-auth-3.3.1.jar:/home/runner/.m2/repository/com/nimbusds/nimbus-jose-jwt/7.9/nimbus-jose-jwt-7.9.jar:/home/runner/.m2/repository/com/github/stephenc/jcip/jcip-annotations/1.0-1/jcip-annotations-1.0-1.jar:/home/runner/.m2/repository/net/minidev/json-smart/2.3/json-smart-2.3.jar:/home/runner/.m2/repository/net/minidev/accessors-smart/1.2/accessors-smart-1.2.jar:/home/runner/.m2/repository/org/ow2/asm/asm/5.0.4/asm-5.0.4.jar:/home/runner/.m2/repository/org/apache/zookeeper/zookeeper/3.5.6/zookeeper-3.5.6.jar:/home/runner/.m2/repository/org/apache/zookeeper/zookeeper-jute/3.5.6/zookeeper-jute-3.5.6.jar:/home/runner/.m2/repository/org/apache/yetus/audience-annotations/0.5.0/audience-annotations-0.5.0.jar:/home/runner/.m2/repository/org/apache/curator/curator-framework/4.2.0/curator-framework-4.2.0.jar:/home/runner/.m2/repository/org/apache/hadoop/thirdparty/hadoop-shaded-guava/1.1.1/hadoop-shaded-guava-1.1.1.jar:/home/runner/.m2/repository/com/sun/jersey/jersey-core/1.19/jersey-core-1.19.jar:/home/runner/.m2/repository/javax/ws/rs/jsr311-api/1.1.1/jsr311-api-1.1.1.jar:/home/runner/.m2/repository/com/sun/jersey/jersey-server/1.19/jersey-server-1.19.jar:/home/runner/.m2/repository/javax/servlet/javax.servlet-api/3.1.0/javax.servlet-api-3.1.0.jar:/home/runner/.m2/repository/org/eclipse/jetty/jetty-server/9.4.43.v20210629/jetty-server-9.4.43.v20210629.jar:/home/runner/.m2/repository/org/eclipse/jetty/jetty-http/9.4.43.v20210629/jetty-http-9.4.43.v20210629.jar:/home/runner/.m2/repository/org/eclipse/jetty/jetty-io/9.4.43.v20210629/jetty-io-9.4.43.v20210629.jar:/home/runner/.m2/repository/org/eclipse/jetty/jetty-webapp/9.4.43.v20210629/jetty-webapp-9.4.43.v20210629.jar:/home/runner/.m2/repository/org/eclipse/jetty/jetty-xml/9.4.43.v20210629/jetty-xml-9.4.43.v20210629.jar:/home/runner/.m2/repository/org/apache/hadoop/hadoop-common/3.3.1/hadoop-common-3.3.1.jar:/home/runner/.m2/repository/commons-net/commons-net/3.6/commons-net-3.6.jar:/home/runner/.m2/repository/jakarta/activation/jakarta.activation-api/1.2.1/jakarta.activation-api-1.2.1.jar:/home/runner/.m2/repository/com/sun/jersey/jersey-servlet/1.19/jersey-servlet-1.19.jar:/home/runner/.m2/repository/com/sun/jersey/jersey-json/1.19/jersey-json-1.19.jar:/home/runner/.m2/repository/org/codehaus/jettison/jettison/1.1/jettison-1.1.jar:/home/runner/.m2/repository/com/sun/xml/bind/jaxb-impl/2.2.3-1/jaxb-impl-2.2.3-1.jar:/home/runner/.m2/repository/org/codehaus/jackson/jackson-jaxrs/1.9.2/jackson-jaxrs-1.9.2.jar:/home/runner/.m2/repository/org/codehaus/jackson/jackson-xc/1.9.2/jackson-xc-1.9.2.jar:/home/runner/.m2/repository/org/apache/commons/commons-configuration2/2.1.1/commons-configuration2-2.1.1.jar:/home/runner/.m2/repository/org/apache/commons/commons-text/1.4/commons-text-1.4.jar:/home/runner/.m2/repository/com/google/re2j/re2j/1.1/re2j-1.1.jar:/home/runner/.m2/repository/com/jcraft/jsch/0.1.54/jsch-0.1.54.jar:/home/runner/.m2/repository/org/apache/curator/curator-client/4.2.0/curator-client-4.2.0.jar:/home/runner/.m2/repository/org/apache/curator/curator-recipes/4.2.0/curator-recipes-4.2.0.jar:/home/runner/.m2/repository/org/apache/kerby/kerb-core/1.0.1/kerb-core-1.0.1.jar:/home/runner/.m2/repository/org/apache/kerby/kerby-pkix/1.0.1/kerby-pkix-1.0.1.jar:/home/runner/.m2/repository/org/apache/kerby/kerby-asn1/1.0.1/kerby-asn1-1.0.1.jar:/home/runner/.m2/repository/org/apache/kerby/kerby-util/1.0.1/kerby-util-1.0.1.jar:/home/runner/.m2/repository/dnsjava/dnsjava/2.1.7/dnsjava-2.1.7.jar:/home/runner/.m2/repository/org/xerial/snappy/snappy-java/1.1.8.2/snappy-java-1.1.8.2.jar:/home/runner/.m2/repository/org/slf4j/jul-to-slf4j/1.7.30/jul-to-slf4j-1.7.30.jar:/home/runner/.m2/repository/org/eclipse/jetty/jetty-util/9.4.43.v20210629/jetty-util-9.4.43.v20210629.jar:/home/runner/.m2/repository/com/fasterxml/jackson/core/jackson-databind/2.12.1/jackson-databind-2.12.1.jar:/home/runner/.m2/repository/org/apache/hadoop/hadoop-kms/3.3.1/hadoop-kms-3.3.1-tests.jar:/home/runner/.m2/repository/org/apache/ozone/hdds-server-scm/1.2.0-SNAPSHOT/hdds-server-scm-1.2.0-SNAPSHOT-tests.jar:/home/runner/.m2/repository/org/apache/ozone/hdds-container-service/1.2.0-SNAPSHOT/hdds-container-service-1.2.0-SNAPSHOT-tests.jar:/home/runner/.m2/repository/commons-codec/commons-codec/1.11/commons-codec-1.11.jar:/home/runner/.m2/repository/io/netty/netty-transport/4.1.63.Final/netty-transport-4.1.63.Final.jar:/home/runner/.m2/repository/io/netty/netty-resolver/4.1.63.Final/netty-resolver-4.1.63.Final.jar:/home/runner/.m2/repository/io/netty/netty-codec/4.1.63.Final/netty-codec-4.1.63.Final.jar:/home/runner/.m2/repository/io/netty/netty-handler/4.1.63.Final/netty-handler-4.1.63.Final.jar:/home/runner/.m2/repository/org/apache/ozone/hdds-hadoop-dependency-test/1.2.0-SNAPSHOT/hdds-hadoop-dependency-test-1.2.0-SNAPSHOT.jar:/home/runner/.m2/repository/org/apache/hadoop/hadoop-common/3.3.1/hadoop-common-3.3.1-tests.jar:/home/runner/.m2/repository/org/assertj/assertj-core/3.12.2/assertj-core-3.12.2.jar:/home/runner/.m2/repository/org/apache/hadoop/hadoop-hdfs/3.3.1/hadoop-hdfs-3.3.1-tests.jar:/home/runner/.m2/repository/org/eclipse/jetty/jetty-util-ajax/9.4.43.v20210629/jetty-util-ajax-9.4.43.v20210629.jar:/home/runner/.m2/repository/commons-daemon/commons-daemon/1.0.13/commons-daemon-1.0.13.jar:/home/runner/.m2/repository/io/netty/netty/3.10.6.Final/netty-3.10.6.Final.jar:/home/runner/.m2/repository/io/netty/netty-all/4.1.63.Final/netty-all-4.1.63.Final.jar:/home/runner/.m2/repository/org/apache/htrace/htrace-core4/4.1.0-incubating/htrace-core4-4.1.0-incubating.jar:/home/runner/.m2/repository/org/fusesource/leveldbjni/leveldbjni-all/1.8/leveldbjni-all-1.8.jar:/home/runner/.m2/repository/org/apache/hadoop/hadoop-distcp/3.3.1/hadoop-distcp-3.3.1.jar:/home/runner/.m2/repository/org/apache/hadoop/hadoop-mapreduce-client-jobclient/3.3.1/hadoop-mapreduce-client-jobclient-3.3.1.jar:/home/runner/.m2/repository/org/apache/hadoop/hadoop-mapreduce-client-common/3.3.1/hadoop-mapreduce-client-common-3.3.1.jar:/home/runner/.m2/repository/org/apache/hadoop/hadoop-yarn-common/3.3.1/hadoop-yarn-common-3.3.1.jar:/home/runner/.m2/repository/org/apache/hadoop/hadoop-yarn-api/3.3.1/hadoop-yarn-api-3.3.1.jar:/home/runner/.m2/repository/com/sun/jersey/jersey-client/1.19/jersey-client-1.19.jar:/home/runner/.m2/repository/com/sun/jersey/contribs/jersey-guice/1.19/jersey-guice-1.19.jar:/home/runner/.m2/repository/com/fasterxml/jackson/jaxrs/jackson-jaxrs-json-provider/2.12.1/jackson-jaxrs-json-provider-2.12.1.jar:/home/runner/.m2/repository/com/fasterxml/jackson/jaxrs/jackson-jaxrs-base/2.12.1/jackson-jaxrs-base-2.12.1.jar:/home/runner/.m2/repository/org/apache/hadoop/hadoop-yarn-client/3.3.1/hadoop-yarn-client-3.3.1.jar:/home/runner/.m2/repository/org/eclipse/jetty/websocket/websocket-client/9.4.40.v20210413/websocket-client-9.4.40.v20210413.jar:/home/runner/.m2/repository/org/eclipse/jetty/jetty-client/9.4.40.v20210413/jetty-client-9.4.40.v20210413.jar:/home/runner/.m2/repository/org/eclipse/jetty/websocket/websocket-common/9.4.40.v20210413/websocket-common-9.4.40.v20210413.jar:/home/runner/.m2/repository/org/eclipse/jetty/websocket/websocket-api/9.4.40.v20210413/websocket-api-9.4.40.v20210413.jar:/home/runner/.m2/repository/org/jline/jline/3.9.0/jline-3.9.0.jar:/home/runner/.m2/repository/org/apache/hadoop/hadoop-mapreduce-client-core/3.3.1/hadoop-mapreduce-client-core-3.3.1.jar:/home/runner/.m2/repository/org/apache/avro/avro/1.7.7/avro-1.7.7.jar:/home/runner/.m2/repository/org/codehaus/jackson/jackson-core-asl/1.9.13/jackson-core-asl-1.9.13.jar:/home/runner/.m2/repository/org/codehaus/jackson/jackson-mapper-asl/1.9.13/jackson-mapper-asl-1.9.13.jar:/home/runner/.m2/repository/com/thoughtworks/paranamer/paranamer/2.3/paranamer-2.3.jar:/home/runner/.m2/repository/org/apache/hadoop/hadoop-annotations/3.3.1/hadoop-annotations-3.3.1.jar:/usr/lib/jvm/adoptopenjdk-8-hotspot-amd64/jre/../lib/tools.jar:/home/runner/.m2/repository/org/apache/hadoop/hadoop-distcp/3.3.1/hadoop-distcp-3.3.1-tests.jar:"/>
    <property name="sun.cpu.endian" value="little"/>
    <property name="user.home" value="/home/runner"/>
    <property name="user.language" value="en"/>
    <property name="java.specification.vendor" value="Oracle Corporation"/>
    <property name="java.home" value="/usr/lib/jvm/adoptopenjdk-8-hotspot-amd64/jre"/>
    <property name="java.security.krb5.conf" value="/home/runner/work/ozone/ozone/hadoop-ozone/integration-test/target/test-classes/krb5.conf"/>
    <property name="basedir" value="/home/runner/work/ozone/ozone/hadoop-ozone/integration-test"/>
    <property name="file.separator" value="/"/>
    <property name="line.separator" value="&#10;"/>
    <property name="java.vm.specification.vendor" value="Oracle Corporation"/>
    <property name="java.specification.name" value="Java Platform API Specification"/>
    <property name="java.awt.graphicsenv" value="sun.awt.X11GraphicsEnvironment"/>
    <property name="skip.installnpx" value="true"/>
    <property name="surefire.real.class.path" value="/home/runner/work/ozone/ozone/hadoop-ozone/integration-test/target/surefire/surefirebooter4843583009387715876.jar:/home/runner/.m2/repository/org/jacoco/org.jacoco.agent/0.8.5/org.jacoco.agent-0.8.5-runtime.jar"/>
    <property name="hadoop.log.dir" value="/home/runner/work/ozone/ozone/hadoop-ozone/integration-test/target/log"/>
    <property name="sun.boot.class.path" value="/usr/lib/jvm/adoptopenjdk-8-hotspot-amd64/jre/lib/resources.jar:/usr/lib/jvm/adoptopenjdk-8-hotspot-amd64/jre/lib/rt.jar:/usr/lib/jvm/adoptopenjdk-8-hotspot-amd64/jre/lib/sunrsasign.jar:/usr/lib/jvm/adoptopenjdk-8-hotspot-amd64/jre/lib/jsse.jar:/usr/lib/jvm/adoptopenjdk-8-hotspot-amd64/jre/lib/jce.jar:/usr/lib/jvm/adoptopenjdk-8-hotspot-amd64/jre/lib/charsets.jar:/usr/lib/jvm/adoptopenjdk-8-hotspot-amd64/jre/lib/jfr.jar:/usr/lib/jvm/adoptopenjdk-8-hotspot-amd64/jre/classes"/>
    <property name="sun.management.compiler" value="HotSpot 64-Bit Tiered Compilers"/>
    <property name="skip.npx" value="true"/>
    <property name="java.runtime.version" value="1.8.0_292-b10"/>
    <property name="java.net.preferIPv4Stack" value="true"/>
    <property name="user.name" value="runner"/>
    <property name="path.separator" value=":"/>
    <property name="java.security.egd" value="file:///dev/urandom"/>
    <property name="os.version" value="5.4.0-1055-azure"/>
    <property name="java.endorsed.dirs" value="/usr/lib/jvm/adoptopenjdk-8-hotspot-amd64/jre/lib/endorsed"/>
    <property name="java.runtime.name" value="OpenJDK Runtime Environment"/>
    <property name="file.encoding" value="UTF-8"/>
    <property name="java.vm.name" value="OpenJDK 64-Bit Server VM"/>
    <property name="test.build.webapps" value=""/>
    <property name="localRepository" value="/home/runner/.m2/repository"/>
    <property name="java.vendor.url.bug" value="https://github.com/AdoptOpenJDK/openjdk-support/issues"/>
    <property name="java.io.tmpdir" value="/tmp"/>
    <property name="require.test.libhadoop" value=""/>
    <property name="java.version" value="1.8.0_292"/>
    <property name="user.dir" value="/home/runner/work/ozone/ozone/hadoop-ozone/integration-test"/>
    <property name="os.arch" value="amd64"/>
    <property name="java.vm.specification.name" value="Java Virtual Machine Specification"/>
    <property name="test.build.classes" value="/home/runner/work/ozone/ozone/hadoop-ozone/integration-test/target/test-classes"/>
    <property name="java.awt.printerjob" value="sun.print.PSPrinterJob"/>
    <property name="sun.os.patch.level" value="unknown"/>
    <property name="hadoop.tmp.dir" value="/home/runner/work/ozone/ozone/hadoop-ozone/integration-test/target/tmp"/>
    <property name="java.library.path" value="/usr/java/packages/lib/amd64:/usr/lib64:/lib64:/lib:/usr/lib"/>
    <property name="java.vm.info" value="mixed mode"/>
    <property name="java.vendor" value="AdoptOpenJDK"/>
    <property name="java.vm.version" value="25.292-b10"/>
    <property name="java.ext.dirs" value="/usr/lib/jvm/adoptopenjdk-8-hotspot-amd64/jre/lib/ext:/usr/java/packages/lib/ext"/>
    <property name="sun.io.unicode.encoding" value="UnicodeLittle"/>
    <property name="java.class.version" value="52.0"/>
  </properties>
  <testcase name="testPipelineCloseWithPipelineAction" classname="org.apache.hadoop.hdds.scm.pipeline.TestPipelineClose" time="39.303"/>
  <testcase name="testPipelineCloseWithOpenContainer" classname="org.apache.hadoop.hdds.scm.pipeline.TestPipelineClose" time="30.904"/>
  <testcase name="testPipelineCloseWithClosedContainer" classname="org.apache.hadoop.hdds.scm.pipeline.TestPipelineClose" time="36.159"/>
  <testcase name="testPipelineCloseWithLogFailure" classname="org.apache.hadoop.hdds.scm.pipeline.TestPipelineClose" time="33.427">
    <failure message="&#10;Wanted but not invoked:&#10;pipelineActionHandler.onMessage(&#10;    &lt;Capturing argument&gt;,&#10;    &lt;any org.apache.hadoop.hdds.server.events.EventPublisher&gt;&#10;);&#10;-&gt; at org.apache.hadoop.hdds.scm.pipeline.PipelineActionHandler.onMessage(PipelineActionHandler.java:64)&#10;Actually, there were zero interactions with this mock.&#10;" type="Wanted but not invoked"><![CDATA[Wanted but not invoked:
pipelineActionHandler.onMessage(
    <Capturing argument>,
    <any org.apache.hadoop.hdds.server.events.EventPublisher>
);
-> at org.apache.hadoop.hdds.scm.pipeline.PipelineActionHandler.onMessage(PipelineActionHandler.java:64)
Actually, there were zero interactions with this mock.

	at org.apache.hadoop.hdds.scm.pipeline.PipelineActionHandler.onMessage(PipelineActionHandler.java:64)
	at org.apache.hadoop.hdds.scm.pipeline.TestPipelineClose.testPipelineCloseWithLogFailure(TestPipelineClose.java:246)
	at sun.reflect.NativeMethodAccessorImpl.invoke0(Native Method)
	at sun.reflect.NativeMethodAccessorImpl.invoke(NativeMethodAccessorImpl.java:62)
	at sun.reflect.DelegatingMethodAccessorImpl.invoke(DelegatingMethodAccessorImpl.java:43)
	at java.lang.reflect.Method.invoke(Method.java:498)
	at org.junit.runners.model.FrameworkMethod$1.runReflectiveCall(FrameworkMethod.java:59)
	at org.junit.internal.runners.model.ReflectiveCallable.run(ReflectiveCallable.java:12)
	at org.junit.runners.model.FrameworkMethod.invokeExplosively(FrameworkMethod.java:56)
	at org.junit.internal.runners.statements.InvokeMethod.evaluate(InvokeMethod.java:17)
	at org.junit.internal.runners.statements.RunBefores.evaluate(RunBefores.java:26)
	at org.junit.internal.runners.statements.RunAfters.evaluate(RunAfters.java:27)
	at org.junit.internal.runners.statements.FailOnTimeout$CallableStatement.call(FailOnTimeout.java:288)
	at org.junit.internal.runners.statements.FailOnTimeout$CallableStatement.call(FailOnTimeout.java:282)
	at java.util.concurrent.FutureTask.run(FutureTask.java:266)
	at java.lang.Thread.run(Thread.java:748)
]]></failure>
    <system-out><![CDATA[2021-08-10 11:26:07,924 [Time-limited test] WARN  server.ServerUtils (ServerUtils.java:getScmDbDir(148)) - ozone.scm.db.dirs is not configured. We recommend adding this setting. Falling back to ozone.metadata.dirs instead.
2021-08-10 11:26:07,928 [Time-limited test] INFO  ha.SCMHANodeDetails (SCMHANodeDetails.java:loadSCMHAConfig(157)) - ServiceID for StorageContainerManager is null
2021-08-10 11:26:07,928 [Time-limited test] INFO  ha.SCMHANodeDetails (SCMHANodeDetails.java:loadSCMHAConfig(162)) - ozone.scm.default.service.id is not defined, falling back to ozone.scm.service.ids to find serviceID for StorageContainerManager if it is HA enabled cluster
2021-08-10 11:26:07,929 [Time-limited test] WARN  server.ServerUtils (ServerUtils.java:getScmDbDir(148)) - ozone.scm.db.dirs is not configured. We recommend adding this setting. Falling back to ozone.metadata.dirs instead.
2021-08-10 11:26:07,930 [Time-limited test] INFO  upgrade.AbstractLayoutVersionManager (AbstractLayoutVersionManager.java:init(70)) - Initializing Layout version manager with metadata layout = SCM_HA (version = 2), software layout = SCM_HA (version = 2)
2021-08-10 11:26:08,029 [Time-limited test] INFO  reflections.Reflections (Reflections.java:scan(232)) - Reflections took 96 ms to scan 7 urls, producing 120 keys and 275 values 
2021-08-10 11:26:08,037 [Time-limited test] WARN  utils.HAUtils (HAUtils.java:getMetaDir(342)) - ozone.scm.db.dirs is not configured. We recommend adding this setting. Falling back to ozone.metadata.dirs instead.
2021-08-10 11:26:08,041 [Time-limited test] WARN  db.DBStoreBuilder (DBStoreBuilder.java:applyDBDefinition(145)) - ozone.scm.db.dirs is not configured. We recommend adding this setting. Falling back to ozone.metadata.dirs instead.
2021-08-10 11:26:08,228 [Time-limited test] INFO  net.NodeSchemaLoader (NodeSchemaLoader.java:loadSchemaFromFile(129)) - Loading schema from [jar:file:/home/runner/.m2/repository/org/apache/ozone/hdds-common/1.2.0-SNAPSHOT/hdds-common-1.2.0-SNAPSHOT.jar!/network-topology-default.xml]
2021-08-10 11:26:08,230 [Time-limited test] INFO  net.NodeSchemaLoader (NodeSchemaLoader.java:loadSchema(176)) - Loading network topology layer schema file
2021-08-10 11:26:08,233 [Time-limited test] INFO  ha.SequenceIdGenerator (SequenceIdGenerator.java:upgradeToSequenceId(327)) - upgrade localId to 107544261427200000
2021-08-10 11:26:08,233 [Time-limited test] INFO  ha.SequenceIdGenerator (SequenceIdGenerator.java:upgradeToSequenceId(337)) - upgrade delTxnId to 0
2021-08-10 11:26:08,233 [Time-limited test] INFO  ha.SequenceIdGenerator (SequenceIdGenerator.java:upgradeToSequenceId(351)) - upgrade containerId to 0
2021-08-10 11:26:08,233 [Time-limited test] INFO  ha.SequenceIdGenerator (SequenceIdGenerator.java:<init>(217)) - Init the HA SequenceIdGenerator.
2021-08-10 11:26:08,233 [Time-limited test] WARN  server.ServerUtils (ServerUtils.java:sanitizeUserArgs(73)) - ozone.scm.stale.node.interval value = 300000 is larger than max = 100000 based on the key value of ozone.scm.heartbeat.thread.interval, reset to the max value 100000.
2021-08-10 11:26:08,233 [Time-limited test] WARN  server.ServerUtils (ServerUtils.java:sanitizeUserArgs(73)) - ozone.scm.stale.node.interval value = 300000 is larger than max = 100000 based on the key value of ozone.scm.heartbeat.thread.interval, reset to the max value 100000.
2021-08-10 11:26:08,247 [Time-limited test] INFO  node.SCMNodeManager (SCMNodeManager.java:<init>(145)) - Entering startup safe mode.
2021-08-10 11:26:08,248 [Time-limited test] INFO  algorithms.ContainerPlacementPolicyFactory (ContainerPlacementPolicyFactory.java:getPolicy(60)) - Create container placement policy of type org.apache.hadoop.hdds.scm.container.placement.algorithms.SCMContainerPlacementRandom
2021-08-10 11:26:08,248 [Time-limited test] INFO  pipeline.PipelineStateManager (PipelineStateManagerV2Impl.java:initialize(78)) - No pipeline exists in current db
2021-08-10 11:26:08,249 [Time-limited test] INFO  algorithms.LeaderChoosePolicyFactory (LeaderChoosePolicyFactory.java:getPolicy(57)) - Create leader choose policy of type org.apache.hadoop.hdds.scm.pipeline.leader.choose.algorithms.MinLeaderCountChoosePolicy
2021-08-10 11:26:08,249 [Time-limited test] INFO  ha.SCMServiceManager (SCMServiceManager.java:register(43)) - Registering service BackgroundPipelineCreator.
2021-08-10 11:26:08,249 [Time-limited test] INFO  pipeline.BackgroundPipelineCreator (BackgroundPipelineCreatorV2.java:start(130)) - Starting RatisPipelineUtilsThread.
2021-08-10 11:26:08,256 [Time-limited test] INFO  algorithms.PipelineChoosePolicyFactory (PipelineChoosePolicyFactory.java:createPipelineChoosePolicyFromClass(73)) - Create pipeline choose policy of type org.apache.hadoop.hdds.scm.pipeline.choose.algorithms.RandomPipelineChoosePolicy
2021-08-10 11:26:08,256 [Time-limited test] INFO  ha.SCMServiceManager (SCMServiceManager.java:register(43)) - Registering service SCMBlockDeletingService.
2021-08-10 11:26:08,256 [Time-limited test] INFO  ha.SCMServiceManager (SCMServiceManager.java:register(43)) - Registering service ReplicationManager.
2021-08-10 11:26:08,256 [Time-limited test] INFO  container.ReplicationManager (ReplicationManager.java:start(286)) - Starting Replication Monitor Thread.
2021-08-10 11:26:08,259 [Time-limited test] INFO  safemode.ContainerSafeModeRule (ContainerSafeModeRule.java:<init>(89)) - containers with one replica threshold count 0
2021-08-10 11:26:08,259 [Time-limited test] INFO  safemode.HealthyPipelineSafeModeRule (HealthyPipelineSafeModeRule.java:initializeRule(156)) - Total pipeline count is 0, healthy pipeline threshold count is 1
2021-08-10 11:26:08,260 [Time-limited test] INFO  safemode.OneReplicaPipelineSafeModeRule (OneReplicaPipelineSafeModeRule.java:initializeRule(180)) - Total pipeline count is 0, pipeline's with at least one datanode reported threshold count is 0
2021-08-10 11:26:08,261 [Time-limited test] INFO  ipc.CallQueueManager (CallQueueManager.java:<init>(90)) - Using callQueue: class java.util.concurrent.LinkedBlockingQueue, queueCapacity: 2000, scheduler: class org.apache.hadoop.ipc.DefaultRpcScheduler, ipcBackoff: false.
2021-08-10 11:26:08,261 [Socket Reader #1 for port 0] INFO  ipc.Server (Server.java:run(1265)) - Starting Socket Reader #1 for port 0
2021-08-10 11:26:08,262 [Listener at 0.0.0.0/37665] INFO  ipc.CallQueueManager (CallQueueManager.java:<init>(90)) - Using callQueue: class java.util.concurrent.LinkedBlockingQueue, queueCapacity: 2000, scheduler: class org.apache.hadoop.ipc.DefaultRpcScheduler, ipcBackoff: false.
2021-08-10 11:26:08,263 [Socket Reader #1 for port 0] INFO  ipc.Server (Server.java:run(1265)) - Starting Socket Reader #1 for port 0
2021-08-10 11:26:08,264 [Listener at 0.0.0.0/38233] INFO  ipc.CallQueueManager (CallQueueManager.java:<init>(90)) - Using callQueue: class java.util.concurrent.LinkedBlockingQueue, queueCapacity: 2000, scheduler: class org.apache.hadoop.ipc.DefaultRpcScheduler, ipcBackoff: false.
2021-08-10 11:26:08,276 [Socket Reader #1 for port 0] INFO  ipc.Server (Server.java:run(1265)) - Starting Socket Reader #1 for port 0
2021-08-10 11:26:08,298 [ReplicationMonitor] INFO  container.ReplicationManager (ReplicationManager.java:processAll(341)) - Replication Monitor Thread took 0 milliseconds for processing 0 containers.
2021-08-10 11:26:08,342 [Listener at 0.0.0.0/44649] INFO  server.StorageContainerManager (StorageContainerManager.java:<init>(380)) - 
Container Balancer status:
Key                            Value
Running                        true
Container Balancer Configuration values:
Key                            Value
Threshold                      0.1
Max Datanodes to Balance       5
Max Size to Move               10737418240B

2021-08-10 11:26:08,342 [Listener at 0.0.0.0/44649] WARN  events.EventQueue (EventQueue.java:fireEvent(194)) - No event handler registered for event TypedEvent{payloadType=SafeModeStatus, name='Safe mode status'}
2021-08-10 11:26:08,342 [Listener at 0.0.0.0/44649] INFO  ha.SCMContext (SCMContext.java:updateSafeModeStatus(205)) - Update SafeModeStatus from SafeModeStatus{safeModeStatus=true, preCheckPassed=false} to SafeModeStatus{safeModeStatus=true, preCheckPassed=false}.
2021-08-10 11:26:08,343 [Listener at 0.0.0.0/44649] INFO  server.StorageContainerManager (StorageContainerManager.java:start(1246)) - StorageContainerLocationProtocol RPC server is listening at /0.0.0.0:44649
2021-08-10 11:26:08,344 [Listener at 0.0.0.0/44649] WARN  impl.MetricsConfig (MetricsConfig.java:loadFirst(136)) - Cannot locate configuration: tried hadoop-metrics2-storagecontainermanager.properties,hadoop-metrics2.properties
2021-08-10 11:26:08,353 [Listener at 0.0.0.0/44649] INFO  impl.MetricsSystemImpl (MetricsSystemImpl.java:startTimer(378)) - Scheduled Metric snapshot period at 10 second(s).
2021-08-10 11:26:08,353 [Listener at 0.0.0.0/44649] INFO  impl.MetricsSystemImpl (MetricsSystemImpl.java:start(191)) - StorageContainerManager metrics system started
2021-08-10 11:26:08,445 [Listener at 0.0.0.0/44649] INFO  impl.MetricsSinkAdapter (MetricsSinkAdapter.java:start(204)) - Sink prometheus started
2021-08-10 11:26:08,445 [Listener at 0.0.0.0/44649] INFO  impl.MetricsSystemImpl (MetricsSystemImpl.java:registerSink(305)) - Registered sink prometheus
2021-08-10 11:26:08,485 [Listener at 0.0.0.0/44649] INFO  server.SCMClientProtocolServer (SCMClientProtocolServer.java:start(165)) - RPC server for Client  is listening at /0.0.0.0:44649
2021-08-10 11:26:08,486 [IPC Server Responder] INFO  ipc.Server (Server.java:run(1507)) - IPC Server Responder: starting
2021-08-10 11:26:08,486 [IPC Server listener on 0] INFO  ipc.Server (Server.java:run(1344)) - IPC Server listener on 0: starting
2021-08-10 11:26:08,501 [Listener at 0.0.0.0/44649] INFO  server.StorageContainerManager (StorageContainerManager.java:start(1261)) - ScmBlockLocationProtocol RPC server is listening at /0.0.0.0:38233
2021-08-10 11:26:08,501 [Listener at 0.0.0.0/44649] INFO  server.SCMBlockProtocolServer (SCMBlockProtocolServer.java:start(151)) - RPC server for Block Protocol is listening at /0.0.0.0:38233
2021-08-10 11:26:08,502 [IPC Server Responder] INFO  ipc.Server (Server.java:run(1507)) - IPC Server Responder: starting
2021-08-10 11:26:08,502 [IPC Server listener on 0] INFO  ipc.Server (Server.java:run(1344)) - IPC Server listener on 0: starting
2021-08-10 11:26:08,505 [Listener at 0.0.0.0/44649] INFO  server.StorageContainerManager (StorageContainerManager.java:start(1267)) - ScmDatanodeProtocl RPC server is listening at /0.0.0.0:37665
2021-08-10 11:26:08,505 [Listener at 0.0.0.0/44649] INFO  server.SCMDatanodeProtocolServer (SCMDatanodeProtocolServer.java:start(181)) - RPC server for DataNodes is listening at /0.0.0.0:37665
2021-08-10 11:26:08,505 [IPC Server Responder] INFO  ipc.Server (Server.java:run(1507)) - IPC Server Responder: starting
2021-08-10 11:26:08,506 [IPC Server listener on 0] INFO  ipc.Server (Server.java:run(1344)) - IPC Server listener on 0: starting
2021-08-10 11:26:08,526 [Listener at 0.0.0.0/44649] INFO  http.BaseHttpServer (BaseHttpServer.java:newHttpServer2BuilderForOzone(209)) - Starting Web-server for scm at: http://0.0.0.0:0
2021-08-10 11:26:08,526 [Listener at 0.0.0.0/44649] INFO  http.BaseHttpServer (BaseHttpServer.java:<init>(107)) - Hadoop Security Enabled: false Ozone Security Enabled: false Ozone HTTP Security Enabled: false 
2021-08-10 11:26:08,538 [org.apache.hadoop.util.JvmPauseMonitor$Monitor@225b3291] INFO  util.JvmPauseMonitor (JvmPauseMonitor.java:run(188)) - Starting JVM pause monitor
2021-08-10 11:26:08,545 [Listener at 0.0.0.0/44649] INFO  server.AuthenticationFilter (AuthenticationFilter.java:constructSecretProvider(240)) - Unable to initialize FileSignerSecretProvider, falling back to use random secrets.
2021-08-10 11:26:08,551 [Listener at 0.0.0.0/44649] WARN  http.HttpRequestLog (HttpRequestLog.java:getRequestLog(103)) - Jetty request log can only be enabled using Log4j
2021-08-10 11:26:08,552 [Listener at 0.0.0.0/44649] INFO  http.HttpServer2 (HttpServer2.java:addGlobalFilter(1020)) - Added global filter 'safety' (class=org.apache.hadoop.hdds.server.http.HttpServer2$QuotingInputFilter)
2021-08-10 11:26:08,553 [Listener at 0.0.0.0/44649] INFO  http.HttpServer2 (HttpServer2.java:addFilter(996)) - Added filter static_user_filter (class=org.apache.hadoop.http.lib.StaticUserWebFilter$StaticUserFilter) to context scm
2021-08-10 11:26:08,553 [Listener at 0.0.0.0/44649] INFO  http.HttpServer2 (HttpServer2.java:addFilter(1004)) - Added filter static_user_filter (class=org.apache.hadoop.http.lib.StaticUserWebFilter$StaticUserFilter) to context logs
2021-08-10 11:26:08,553 [Listener at 0.0.0.0/44649] INFO  http.HttpServer2 (HttpServer2.java:addFilter(1004)) - Added filter static_user_filter (class=org.apache.hadoop.http.lib.StaticUserWebFilter$StaticUserFilter) to context static
2021-08-10 11:26:08,554 [Listener at 0.0.0.0/44649] INFO  http.HttpServer2 (HttpServer2.java:bindListener(1239)) - Jetty bound to port 40585
2021-08-10 11:26:08,554 [Listener at 0.0.0.0/44649] INFO  server.Server (Server.java:doStart(375)) - jetty-9.4.43.v20210629; built: 2021-06-30T11:07:22.254Z; git: 526006ecfa3af7f1a27ef3a288e2bef7ea9dd7e8; jvm 1.8.0_292-b10
2021-08-10 11:26:08,595 [Listener at 0.0.0.0/44649] INFO  server.session (DefaultSessionIdManager.java:doStart(334)) - DefaultSessionIdManager workerName=node0
2021-08-10 11:26:08,595 [Listener at 0.0.0.0/44649] INFO  server.session (DefaultSessionIdManager.java:doStart(339)) - No SessionScavenger set, using defaults
2021-08-10 11:26:08,595 [Listener at 0.0.0.0/44649] INFO  server.session (HouseKeeper.java:startScavenging(132)) - node0 Scavenging every 600000ms
2021-08-10 11:26:08,596 [Listener at 0.0.0.0/44649] INFO  handler.ContextHandler (ContextHandler.java:doStart(915)) - Started o.e.j.s.ServletContextHandler@4541c5f0{logs,/logs,file:///home/runner/work/ozone/ozone/hadoop-ozone/integration-test/target/log,AVAILABLE}
2021-08-10 11:26:08,596 [Listener at 0.0.0.0/44649] INFO  handler.ContextHandler (ContextHandler.java:doStart(915)) - Started o.e.j.s.ServletContextHandler@1d11a772{static,/static,file:///home/runner/work/ozone/ozone/hadoop-ozone/integration-test/target/test-classes/webapps/static,AVAILABLE}
2021-08-10 11:26:08,608 [Listener at 0.0.0.0/44649] INFO  handler.ContextHandler (ContextHandler.java:doStart(915)) - Started o.e.j.w.WebAppContext@17db77b2{scm,/,file:///home/runner/work/ozone/ozone/hadoop-ozone/integration-test/target/test-classes/webapps/scm/,AVAILABLE}{file:/home/runner/work/ozone/ozone/hadoop-ozone/integration-test/target/test-classes/webapps/scm}
2021-08-10 11:26:08,623 [Listener at 0.0.0.0/44649] INFO  server.AbstractConnector (AbstractConnector.java:doStart(331)) - Started ServerConnector@3b9eb74c{HTTP/1.1, (http/1.1)}{0.0.0.0:40585}
2021-08-10 11:26:08,623 [Listener at 0.0.0.0/44649] INFO  server.Server (Server.java:doStart(415)) - Started @108149ms
2021-08-10 11:26:08,623 [Listener at 0.0.0.0/44649] WARN  impl.MetricsSystemImpl (MetricsSystemImpl.java:register(279)) - Sink prometheus already exists!
2021-08-10 11:26:08,624 [Listener at 0.0.0.0/44649] INFO  http.BaseHttpServer (BaseHttpServer.java:updateConnectorAddress(329)) - HTTP server of scm listening at http://0.0.0.0:40585
2021-08-10 11:26:08,624 [Listener at 0.0.0.0/44649] WARN  server.ServerUtils (ServerUtils.java:getDBPath(225)) - ozone.om.db.dirs is not configured. We recommend adding this setting. Falling back to ozone.metadata.dirs instead.
2021-08-10 11:26:08,626 [Listener at 0.0.0.0/44649] INFO  ha.OMHANodeDetails (OMHANodeDetails.java:loadOMHAConfig(112)) - ozone.om.internal.service.id is not defined, falling back to ozone.om.service.ids to find serviceID for OzoneManager if it is HA enabled cluster
2021-08-10 11:26:08,626 [Listener at 0.0.0.0/44649] INFO  ha.OMHANodeDetails (OMHANodeDetails.java:loadOMHAConfig(219)) - Configuration does not have ozone.om.address set. Falling back to the default OM address /127.0.0.1:0
2021-08-10 11:26:08,626 [Listener at 0.0.0.0/44649] INFO  ha.OMHANodeDetails (OMHANodeDetails.java:getOMNodeDetails(247)) - OM Service ID is not set. Setting it to the default ID: omServiceIdDefault
2021-08-10 11:26:08,626 [Listener at 0.0.0.0/44649] INFO  ha.OMHANodeDetails (OMHANodeDetails.java:getOMNodeDetails(254)) - OM Node ID is not set. Setting it to the default ID: om1
2021-08-10 11:26:08,626 [Listener at 0.0.0.0/44649] WARN  server.ServerUtils (ServerUtils.java:getDBPath(225)) - ozone.om.db.dirs is not configured. We recommend adding this setting. Falling back to ozone.metadata.dirs instead.
2021-08-10 11:26:08,627 [Listener at 0.0.0.0/44649] INFO  upgrade.AbstractLayoutVersionManager (AbstractLayoutVersionManager.java:init(70)) - Initializing Layout version manager with metadata layout = INITIAL_VERSION (version = 0), software layout = INITIAL_VERSION (version = 0)
2021-08-10 11:26:08,707 [Listener at 0.0.0.0/44649] INFO  reflections.Reflections (Reflections.java:scan(232)) - Reflections took 78 ms to scan 2 urls, producing 131 keys and 342 values [using 2 cores]
2021-08-10 11:26:08,708 [Listener at 0.0.0.0/44649] INFO  upgrade.OMLayoutVersionManager (OMLayoutVersionManager.java:lambda$0(116)) - Skipping Upgrade Action MockOmUpgradeAction since it has been finalized.
2021-08-10 11:26:08,708 [Listener at 0.0.0.0/44649] WARN  server.ServerUtils (ServerUtils.java:getDBPath(225)) - ozone.om.db.dirs is not configured. We recommend adding this setting. Falling back to ozone.metadata.dirs instead.
2021-08-10 11:26:08,728 [Listener at 0.0.0.0/44649] WARN  server.ServerUtils (ServerUtils.java:getDBPath(225)) - ozone.om.db.dirs is not configured. We recommend adding this setting. Falling back to ozone.metadata.dirs instead.
2021-08-10 11:26:08,729 [Listener at 0.0.0.0/44649] INFO  codec.OmKeyInfoCodec (OmKeyInfoCodec.java:<init>(51)) - OmKeyInfoCodec ignorePipeline = true
2021-08-10 11:26:08,729 [Listener at 0.0.0.0/44649] INFO  codec.RepeatedOmKeyInfoCodec (RepeatedOmKeyInfoCodec.java:<init>(42)) - RepeatedOmKeyInfoCodec ignorePipeline = true
2021-08-10 11:26:09,003 [Listener at 0.0.0.0/44649] INFO  om.OzoneManager (OzoneManager.java:addS3GVolumeToDB(4115)) - Created Volume s3v With Owner runner required for S3Gateway operations.
2021-08-10 11:26:09,003 [Listener at 0.0.0.0/44649] WARN  server.ServerUtils (ServerUtils.java:getDefaultRatisDirectory(237)) - Storage directory for Ratis is not configured. It is a good idea to map this to an SSD disk. Falling back to ozone.metadata.dirs
2021-08-10 11:26:09,003 [Listener at 0.0.0.0/44649] WARN  utils.OzoneManagerRatisUtils (OzoneManagerRatisUtils.java:getOMRatisSnapshotDirectory(391)) - ozone.om.ratis.snapshot.dir is not configured. Falling back to ozone.metadata.dirs config
2021-08-10 11:26:09,004 [Listener at 0.0.0.0/44649] WARN  impl.MetricRegistriesImpl (MetricRegistriesImpl.java:addReporterRegistration(111)) - New reporters are added after registries were created. Some metrics will be missing from the reporter. Please add reporter before adding any new registry.
2021-08-10 11:26:09,004 [Listener at 0.0.0.0/44649] WARN  impl.MetricRegistriesImpl (MetricRegistriesImpl.java:addReporterRegistration(111)) - New reporters are added after registries were created. Some metrics will be missing from the reporter. Please add reporter before adding any new registry.
2021-08-10 11:26:09,004 [Listener at 0.0.0.0/44649] WARN  server.ServerUtils (ServerUtils.java:getDefaultRatisDirectory(237)) - Storage directory for Ratis is not configured. It is a good idea to map this to an SSD disk. Falling back to ozone.metadata.dirs
2021-08-10 11:26:09,005 [Listener at 0.0.0.0/44649] INFO  ratis.OzoneManagerRatisServer (OzoneManagerRatisServer.java:<init>(158)) - Instantiating OM Ratis server with groupID: omServiceIdDefault and peers: localhost:9872
2021-08-10 11:26:09,005 [Listener at 0.0.0.0/44649] INFO  ratis.OzoneManagerStateMachine (OzoneManagerStateMachine.java:loadSnapshotInfoFromDB(605)) - LastAppliedIndex is set from TransactionInfo from OM DB as (t:0, i:~)
2021-08-10 11:26:09,005 [Listener at 0.0.0.0/44649] INFO  server.RaftServer (ConfUtils.java:logGet(44)) - raft.rpc.type = GRPC (default)
2021-08-10 11:26:09,005 [Listener at 0.0.0.0/44649] INFO  grpc.GrpcFactory (GrpcFactory.java:checkPooledByteBufAllocatorUseCacheForAllThreads(48)) - PERFORMANCE WARNING: useCacheForAllThreads is true that may cause Netty to create a lot garbage objects and, as a result, trigger GC.
	It is recommended to disable useCacheForAllThreads by setting -Dorg.apache.ratis.thirdparty.io.netty.allocator.useCacheForAllThreads=false in command line.
2021-08-10 11:26:09,005 [Listener at 0.0.0.0/44649] INFO  grpc.GrpcConfigKeys (ConfUtils.java:logGet(44)) - raft.grpc.admin.port = -1 (default)
2021-08-10 11:26:09,005 [Listener at 0.0.0.0/44649] INFO  grpc.GrpcConfigKeys (ConfUtils.java:logGet(44)) - raft.grpc.server.port = 9872 (custom)
2021-08-10 11:26:09,005 [Listener at 0.0.0.0/44649] INFO  grpc.GrpcConfigKeys (ConfUtils.java:logGet(44)) - raft.grpc.client.port = -1 (default)
2021-08-10 11:26:09,005 [Listener at 0.0.0.0/44649] INFO  grpc.GrpcConfigKeys (ConfUtils.java:logGet(44)) - raft.grpc.server.port = 9872 (custom)
2021-08-10 11:26:09,006 [Listener at 0.0.0.0/44649] INFO  grpc.GrpcConfigKeys (ConfUtils.java:logGet(44)) - raft.grpc.server.port = 9872 (custom)
2021-08-10 11:26:09,006 [Listener at 0.0.0.0/44649] INFO  server.GrpcService (ConfUtils.java:logGet(44)) - raft.grpc.message.size.max = 33554432 (custom)
2021-08-10 11:26:09,006 [Listener at 0.0.0.0/44649] INFO  server.RaftServerConfigKeys (ConfUtils.java:logGet(44)) - raft.server.log.appender.buffer.byte-limit = 33554432 (custom)
2021-08-10 11:26:09,006 [Listener at 0.0.0.0/44649] INFO  server.GrpcService (ConfUtils.java:logGet(44)) - raft.grpc.flow.control.window = 1MB (=1048576) (default)
2021-08-10 11:26:09,006 [Listener at 0.0.0.0/44649] INFO  server.RaftServerConfigKeys (ConfUtils.java:logGet(44)) - raft.server.rpc.request.timeout = 3000ms (default)
2021-08-10 11:26:09,007 [Listener at 0.0.0.0/44649] INFO  impl.DataStreamServerImpl (ConfUtils.java:logGet(44)) - raft.datastream.type = DISABLED (default)
2021-08-10 11:26:09,008 [Listener at 0.0.0.0/44649] INFO  server.RaftServerConfigKeys (ConfUtils.java:logGet(44)) - raft.server.rpc.slowness.timeout = 120s (custom)
2021-08-10 11:26:09,008 [Listener at 0.0.0.0/44649] INFO  server.RaftServerConfigKeys (ConfUtils.java:logGet(44)) - raft.server.leaderelection.leader.step-down.wait-time = 10s (default)
2021-08-10 11:26:09,008 [Listener at 0.0.0.0/44649] INFO  server.RaftServerConfigKeys (ConfUtils.java:logGet(44)) - raft.server.storage.dir = [/home/runner/work/ozone/ozone/hadoop-ozone/integration-test/target/test-dir/MiniOzoneClusterImpl-186fefdd-2a8f-4691-bed1-86a244a8ddcd/ozone-meta/ratis] (custom)
2021-08-10 11:26:09,019 [Listener at 0.0.0.0/44649] INFO  server.RaftServer (RaftServerProxy.java:addNew(95)) - om1: addNew group-C5BA1605619E:[om1|rpc:localhost:9872|priority:0] returns group-C5BA1605619E:java.util.concurrent.CompletableFuture@16d12966[Not completed]
2021-08-10 11:26:09,019 [Listener at 0.0.0.0/44649] INFO  om.OzoneManager (OzoneManager.java:initializeRatisServer(1573)) - OzoneManager Ratis server initialized at port 9872
2021-08-10 11:26:09,020 [Listener at 0.0.0.0/44649] INFO  ipc.CallQueueManager (CallQueueManager.java:<init>(90)) - Using callQueue: class java.util.concurrent.LinkedBlockingQueue, queueCapacity: 2000, scheduler: class org.apache.hadoop.ipc.DefaultRpcScheduler, ipcBackoff: false.
2021-08-10 11:26:09,021 [pool-355-thread-1] INFO  server.RaftServer$Division (RaftServerImpl.java:<init>(181)) - om1: new RaftServerImpl for group-C5BA1605619E:[om1|rpc:localhost:9872|priority:0] with OzoneManagerStateMachine:uninitialized
2021-08-10 11:26:09,024 [Socket Reader #1 for port 0] INFO  ipc.Server (Server.java:run(1265)) - Starting Socket Reader #1 for port 0
2021-08-10 11:26:09,036 [pool-355-thread-1] INFO  server.RaftServerConfigKeys (ConfUtils.java:logGet(44)) - raft.server.rpc.timeout.min = 1s (custom)
2021-08-10 11:26:09,036 [pool-355-thread-1] INFO  server.RaftServerConfigKeys (ConfUtils.java:logGet(44)) - raft.server.rpc.timeout.max = 1200ms (custom)
2021-08-10 11:26:09,036 [pool-355-thread-1] INFO  server.RaftServerConfigKeys (ConfUtils.java:logGet(44)) - raft.server.rpc.sleep.time = 25ms (default)
2021-08-10 11:26:09,036 [pool-355-thread-1] INFO  server.RaftServerConfigKeys (ConfUtils.java:logGet(44)) - raft.server.rpc.slowness.timeout = 120s (custom)
2021-08-10 11:26:09,036 [pool-355-thread-1] INFO  server.RaftServerConfigKeys (ConfUtils.java:logGet(44)) - raft.server.leaderelection.leader.step-down.wait-time = 10s (default)
2021-08-10 11:26:09,036 [pool-355-thread-1] INFO  server.RaftServerConfigKeys (ConfUtils.java:logGet(44)) - raft.server.sleep.deviation.threshold = 300ms (default)
2021-08-10 11:26:09,036 [pool-355-thread-1] INFO  server.RaftServerConfigKeys (ConfUtils.java:logGet(44)) - raft.server.log.appender.install.snapshot.enabled = false (custom)
2021-08-10 11:26:09,036 [pool-355-thread-1] INFO  server.RaftServer$Division (ServerState.java:<init>(105)) - om1@group-C5BA1605619E: ConfigurationManager, init=-1: [om1|rpc:localhost:9872|priority:0], old=null, confs=<EMPTY_MAP>
2021-08-10 11:26:09,036 [pool-355-thread-1] INFO  server.RaftServerConfigKeys (ConfUtils.java:logGet(44)) - raft.server.storage.dir = [/home/runner/work/ozone/ozone/hadoop-ozone/integration-test/target/test-dir/MiniOzoneClusterImpl-186fefdd-2a8f-4691-bed1-86a244a8ddcd/ozone-meta/ratis] (custom)
2021-08-10 11:26:09,037 [pool-355-thread-1] INFO  server.RaftServerConfigKeys (ConfUtils.java:logGet(44)) - raft.server.log.corruption.policy = EXCEPTION (default)
2021-08-10 11:26:09,037 [pool-355-thread-1] INFO  server.RaftServerConfigKeys (ConfUtils.java:logGet(44)) - raft.server.storage.free-space.min = 0MB (=0) (default)
2021-08-10 11:26:09,037 [pool-355-thread-1] INFO  storage.RaftStorageDirectory (RaftStorageDirectoryImpl.java:analyzeStorage(135)) - The storage directory /home/runner/work/ozone/ozone/hadoop-ozone/integration-test/target/test-dir/MiniOzoneClusterImpl-186fefdd-2a8f-4691-bed1-86a244a8ddcd/ozone-meta/ratis/bf265839-605b-3f16-9796-c5ba1605619e does not exist. Creating ...
2021-08-10 11:26:09,040 [pool-355-thread-1] INFO  storage.RaftStorageDirectory (RaftStorageDirectoryImpl.java:tryLock(230)) - Lock on /home/runner/work/ozone/ozone/hadoop-ozone/integration-test/target/test-dir/MiniOzoneClusterImpl-186fefdd-2a8f-4691-bed1-86a244a8ddcd/ozone-meta/ratis/bf265839-605b-3f16-9796-c5ba1605619e/in_use.lock acquired by nodename 21326@fv-az116-838
2021-08-10 11:26:09,044 [pool-355-thread-1] INFO  storage.RaftStorage (RaftStorageImpl.java:format(89)) - Storage directory /home/runner/work/ozone/ozone/hadoop-ozone/integration-test/target/test-dir/MiniOzoneClusterImpl-186fefdd-2a8f-4691-bed1-86a244a8ddcd/ozone-meta/ratis/bf265839-605b-3f16-9796-c5ba1605619e has been successfully formatted.
2021-08-10 11:26:09,044 [pool-355-thread-1] INFO  server.RaftServerConfigKeys (ConfUtils.java:logGet(44)) - raft.server.notification.no-leader.timeout = 120s (custom)
2021-08-10 11:26:09,044 [pool-355-thread-1] INFO  server.RaftServerConfigKeys (ConfUtils.java:logGet(44)) - raft.server.log.use.memory = false (default)
2021-08-10 11:26:09,044 [pool-355-thread-1] INFO  server.RaftServerConfigKeys (ConfUtils.java:logGet(44)) - raft.server.log.purge.gap = 1000000 (custom)
2021-08-10 11:26:09,044 [pool-355-thread-1] INFO  server.RaftServerConfigKeys (ConfUtils.java:logGet(44)) - raft.server.log.appender.buffer.byte-limit = 33554432 (custom)
2021-08-10 11:26:09,044 [pool-355-thread-1] INFO  server.RaftServerConfigKeys (ConfUtils.java:logGet(44)) - raft.server.log.segment.size.max = 4194304 (custom)
2021-08-10 11:26:09,045 [pool-355-thread-1] INFO  server.RaftServerConfigKeys (ConfUtils.java:logGet(44)) - raft.server.log.segment.cache.num.max = 2 (custom)
2021-08-10 11:26:09,045 [pool-355-thread-1] INFO  server.RaftServerConfigKeys (ConfUtils.java:logGet(44)) - raft.server.log.segment.cache.size.max = 200MB (=209715200) (default)
2021-08-10 11:26:09,045 [pool-355-thread-1] INFO  segmented.SegmentedRaftLogWorker (SegmentedRaftLogWorker.java:<init>(182)) - new om1@group-C5BA1605619E-SegmentedRaftLogWorker for RaftStorageImpl:Storage Directory /home/runner/work/ozone/ozone/hadoop-ozone/integration-test/target/test-dir/MiniOzoneClusterImpl-186fefdd-2a8f-4691-bed1-86a244a8ddcd/ozone-meta/ratis/bf265839-605b-3f16-9796-c5ba1605619e
2021-08-10 11:26:09,045 [pool-355-thread-1] INFO  server.RaftServerConfigKeys (ConfUtils.java:logGet(44)) - raft.server.log.queue.byte-limit = 64MB (=67108864) (default)
2021-08-10 11:26:09,045 [pool-355-thread-1] INFO  server.RaftServerConfigKeys (ConfUtils.java:logGet(44)) - raft.server.log.queue.element-limit = 4096 (default)
2021-08-10 11:26:09,045 [pool-355-thread-1] INFO  server.RaftServerConfigKeys (ConfUtils.java:logGet(44)) - raft.server.log.segment.size.max = 4194304 (custom)
2021-08-10 11:26:09,045 [pool-355-thread-1] INFO  server.RaftServerConfigKeys (ConfUtils.java:logGet(44)) - raft.server.log.preallocated.size = 4194304 (custom)
2021-08-10 11:26:09,045 [pool-355-thread-1] INFO  server.RaftServerConfigKeys (ConfUtils.java:logGet(44)) - raft.server.log.force.sync.num = 128 (default)
2021-08-10 11:26:09,045 [pool-355-thread-1] INFO  server.RaftServerConfigKeys (ConfUtils.java:logGet(44)) - raft.server.log.statemachine.data.sync = true (default)
2021-08-10 11:26:09,045 [pool-355-thread-1] INFO  server.RaftServerConfigKeys (ConfUtils.java:logGet(44)) - raft.server.log.statemachine.data.sync.timeout = 10s (default)
2021-08-10 11:26:09,045 [pool-355-thread-1] INFO  server.RaftServerConfigKeys (ConfUtils.java:logGet(44)) - raft.server.log.statemachine.data.sync.timeout.retry = -1 (default)
2021-08-10 11:26:09,047 [pool-355-thread-1] INFO  server.RaftServerConfigKeys (ConfUtils.java:logGet(44)) - raft.server.log.write.buffer.size = 64KB (=65536) (default)
2021-08-10 11:26:09,047 [pool-355-thread-1] INFO  server.RaftServerConfigKeys (ConfUtils.java:logGet(44)) - raft.server.log.statemachine.data.caching.enabled = false (default)
2021-08-10 11:26:09,047 [pool-355-thread-1] INFO  segmented.SegmentedRaftLogWorker (SegmentedRaftLogWorker.java:lambda$new$0(133)) - om1@group-C5BA1605619E-SegmentedRaftLogWorker: flushIndex: setUnconditionally 0 -> -1
2021-08-10 11:26:09,047 [pool-355-thread-1] INFO  segmented.SegmentedRaftLogWorker (SegmentedRaftLogWorker.java:lambda$new$0(133)) - om1@group-C5BA1605619E-SegmentedRaftLogWorker: safeCacheEvictIndex: setUnconditionally 0 -> -1
2021-08-10 11:26:09,049 [pool-355-thread-1] INFO  server.RaftServerConfigKeys (ConfUtils.java:logGet(44)) - raft.server.snapshot.auto.trigger.enabled = true (custom)
2021-08-10 11:26:09,049 [pool-355-thread-1] INFO  server.RaftServerConfigKeys (ConfUtils.java:logGet(44)) - raft.server.snapshot.auto.trigger.threshold = 400000 (default)
2021-08-10 11:26:09,049 [pool-355-thread-1] INFO  server.RaftServerConfigKeys (ConfUtils.java:logGet(44)) - raft.server.snapshot.retention.file.num = -1 (default)
2021-08-10 11:26:09,049 [pool-355-thread-1] INFO  server.RaftServerConfigKeys (ConfUtils.java:logGet(44)) - raft.server.log.purge.upto.snapshot.index = true (custom)
2021-08-10 11:26:09,049 [pool-355-thread-1] INFO  server.RaftServerConfigKeys (ConfUtils.java:logGet(44)) - raft.server.retrycache.expirytime = 300s (custom)
2021-08-10 11:26:09,049 [pool-355-thread-1] INFO  server.RaftServerConfigKeys (ConfUtils.java:logGet(44)) - raft.server.retrycache.statistics.expirytime = 100μs (default)
2021-08-10 11:26:09,065 [Listener at 127.0.0.1/42373] INFO  om.OzoneManager (OzoneManager.java:initFSOLayout(4321)) - Configured ozone.om.metadata.layout=SIMPLE and disabled optimized OM FS operations
2021-08-10 11:26:09,065 [Listener at 127.0.0.1/42373] INFO  impl.MetricsSystemImpl (MetricsSystemImpl.java:init(158)) - OzoneManager metrics system started (again)
2021-08-10 11:26:09,076 [Listener at 127.0.0.1/42373] INFO  om.OzoneManager (OzoneManager.java:start(1270)) - OzoneManager RPC server is listening at localhost/127.0.0.1:42373
2021-08-10 11:26:09,077 [Listener at 127.0.0.1/42373] INFO  ratis.OzoneManagerRatisServer (OzoneManagerRatisServer.java:start(516)) - Starting OzoneManagerRatisServer om1 at port 9872
2021-08-10 11:26:09,077 [Listener at 127.0.0.1/42373] INFO  server.RaftServer$Division (RaftServerImpl.java:start(296)) - om1@group-C5BA1605619E: start as a follower, conf=-1: [om1|rpc:localhost:9872|priority:0], old=null
2021-08-10 11:26:09,077 [Listener at 127.0.0.1/42373] INFO  server.RaftServer$Division (RaftServerImpl.java:setRole(285)) - om1@group-C5BA1605619E: changes role from      null to FOLLOWER at term 0 for startAsFollower
2021-08-10 11:26:09,077 [Listener at 127.0.0.1/42373] INFO  impl.RoleInfo (RoleInfo.java:updateAndGet(130)) - om1: start om1@group-C5BA1605619E-FollowerState
2021-08-10 11:26:09,077 [Listener at 127.0.0.1/42373] INFO  util.JmxRegister (JmxRegister.java:tryRegister(44)) - Successfully registered JMX Bean with object name Ratis:service=RaftServer,group=group-C5BA1605619E,id=om1
2021-08-10 11:26:09,087 [Listener at 127.0.0.1/42373] INFO  server.RaftServer (RaftServerProxy.java:lambda$start$5(374)) - om1: start RPC server
2021-08-10 11:26:09,095 [Listener at 127.0.0.1/42373] INFO  server.GrpcService (GrpcService.java:startImpl(253)) - om1: GrpcService started, listening on 9872
2021-08-10 11:26:09,096 [Listener at 127.0.0.1/42373] INFO  om.OzoneManager (OzoneManager.java:start(1288)) - Version File has different layout version (0) than OM DB (null). That is expected if this OM has never been finalized to a newer layout version.
2021-08-10 11:26:09,097 [org.apache.ratis.util.JvmPauseMonitor$$Lambda$531/1356735220@77fcd96f] INFO  util.JvmPauseMonitor (JvmPauseMonitor.java:run(103)) - JvmPauseMonitor-om1: Started
2021-08-10 11:26:09,116 [Listener at 127.0.0.1/42373] INFO  http.BaseHttpServer (BaseHttpServer.java:newHttpServer2BuilderForOzone(209)) - Starting Web-server for ozoneManager at: http://0.0.0.0:0
2021-08-10 11:26:09,116 [Listener at 127.0.0.1/42373] INFO  http.BaseHttpServer (BaseHttpServer.java:<init>(107)) - Hadoop Security Enabled: false Ozone Security Enabled: false Ozone HTTP Security Enabled: false 
2021-08-10 11:26:09,117 [Listener at 127.0.0.1/42373] INFO  server.AuthenticationFilter (AuthenticationFilter.java:constructSecretProvider(240)) - Unable to initialize FileSignerSecretProvider, falling back to use random secrets.
2021-08-10 11:26:09,123 [Listener at 127.0.0.1/42373] WARN  http.HttpRequestLog (HttpRequestLog.java:getRequestLog(103)) - Jetty request log can only be enabled using Log4j
2021-08-10 11:26:09,130 [Listener at 127.0.0.1/42373] INFO  http.HttpServer2 (HttpServer2.java:addGlobalFilter(1020)) - Added global filter 'safety' (class=org.apache.hadoop.hdds.server.http.HttpServer2$QuotingInputFilter)
2021-08-10 11:26:09,130 [Listener at 127.0.0.1/42373] INFO  http.HttpServer2 (HttpServer2.java:addFilter(996)) - Added filter static_user_filter (class=org.apache.hadoop.http.lib.StaticUserWebFilter$StaticUserFilter) to context ozoneManager
2021-08-10 11:26:09,130 [Listener at 127.0.0.1/42373] INFO  http.HttpServer2 (HttpServer2.java:addFilter(1004)) - Added filter static_user_filter (class=org.apache.hadoop.http.lib.StaticUserWebFilter$StaticUserFilter) to context static
2021-08-10 11:26:09,130 [Listener at 127.0.0.1/42373] INFO  http.HttpServer2 (HttpServer2.java:addFilter(1004)) - Added filter static_user_filter (class=org.apache.hadoop.http.lib.StaticUserWebFilter$StaticUserFilter) to context logs
2021-08-10 11:26:09,131 [Listener at 127.0.0.1/42373] INFO  http.HttpServer2 (HttpServer2.java:bindListener(1239)) - Jetty bound to port 35925
2021-08-10 11:26:09,131 [Listener at 127.0.0.1/42373] INFO  server.Server (Server.java:doStart(375)) - jetty-9.4.43.v20210629; built: 2021-06-30T11:07:22.254Z; git: 526006ecfa3af7f1a27ef3a288e2bef7ea9dd7e8; jvm 1.8.0_292-b10
2021-08-10 11:26:09,158 [Listener at 127.0.0.1/42373] INFO  server.session (DefaultSessionIdManager.java:doStart(334)) - DefaultSessionIdManager workerName=node0
2021-08-10 11:26:09,158 [Listener at 127.0.0.1/42373] INFO  server.session (DefaultSessionIdManager.java:doStart(339)) - No SessionScavenger set, using defaults
2021-08-10 11:26:09,158 [Listener at 127.0.0.1/42373] INFO  server.session (HouseKeeper.java:startScavenging(132)) - node0 Scavenging every 660000ms
2021-08-10 11:26:09,158 [Listener at 127.0.0.1/42373] INFO  handler.ContextHandler (ContextHandler.java:doStart(915)) - Started o.e.j.s.ServletContextHandler@4d5f0b62{logs,/logs,file:///home/runner/work/ozone/ozone/hadoop-ozone/integration-test/target/log,AVAILABLE}
2021-08-10 11:26:09,159 [Listener at 127.0.0.1/42373] INFO  handler.ContextHandler (ContextHandler.java:doStart(915)) - Started o.e.j.s.ServletContextHandler@68dc0e78{static,/static,file:///home/runner/work/ozone/ozone/hadoop-ozone/integration-test/target/test-classes/webapps/static,AVAILABLE}
2021-08-10 11:26:09,162 [Listener at 127.0.0.1/42373] INFO  handler.ContextHandler (ContextHandler.java:doStart(915)) - Started o.e.j.w.WebAppContext@75396e90{ozoneManager,/,file:///home/runner/work/ozone/ozone/hadoop-ozone/integration-test/target/test-classes/webapps/ozoneManager/,AVAILABLE}{file:/home/runner/work/ozone/ozone/hadoop-ozone/integration-test/target/test-classes/webapps/ozoneManager}
2021-08-10 11:26:09,190 [Listener at 127.0.0.1/42373] INFO  server.AbstractConnector (AbstractConnector.java:doStart(331)) - Started ServerConnector@57973e5c{HTTP/1.1, (http/1.1)}{0.0.0.0:35925}
2021-08-10 11:26:09,190 [Listener at 127.0.0.1/42373] INFO  server.Server (Server.java:doStart(415)) - Started @108716ms
2021-08-10 11:26:09,190 [Listener at 127.0.0.1/42373] WARN  impl.MetricsSystemImpl (MetricsSystemImpl.java:register(279)) - Sink prometheus already exists!
2021-08-10 11:26:09,191 [Listener at 127.0.0.1/42373] INFO  http.BaseHttpServer (BaseHttpServer.java:updateConnectorAddress(329)) - HTTP server of ozoneManager listening at http://0.0.0.0:35925
2021-08-10 11:26:09,200 [IPC Server Responder] INFO  ipc.Server (Server.java:run(1507)) - IPC Server Responder: starting
2021-08-10 11:26:09,205 [IPC Server listener on 0] INFO  ipc.Server (Server.java:run(1344)) - IPC Server listener on 0: starting
2021-08-10 11:26:09,206 [Listener at 127.0.0.1/42373] INFO  om.OzoneManager (OzoneManager.java:startTrashEmptier(1531)) - Trash Interval set to 0. Files deleted will not move to trash
2021-08-10 11:26:09,232 [org.apache.hadoop.util.JvmPauseMonitor$Monitor@5a49bc26] INFO  util.JvmPauseMonitor (JvmPauseMonitor.java:run(188)) - Starting JVM pause monitor
2021-08-10 11:26:09,256 [Listener at 127.0.0.1/42373] WARN  impl.MetricRegistriesImpl (MetricRegistriesImpl.java:addReporterRegistration(111)) - New reporters are added after registries were created. Some metrics will be missing from the reporter. Please add reporter before adding any new registry.
2021-08-10 11:26:09,257 [Listener at 127.0.0.1/42373] WARN  impl.MetricRegistriesImpl (MetricRegistriesImpl.java:addReporterRegistration(111)) - New reporters are added after registries were created. Some metrics will be missing from the reporter. Please add reporter before adding any new registry.
2021-08-10 11:26:09,257 [Listener at 127.0.0.1/42373] INFO  impl.MetricsSystemImpl (MetricsSystemImpl.java:init(158)) - HddsDatanode metrics system started (again)
2021-08-10 11:26:09,324 [Listener at 127.0.0.1/42373] INFO  ozone.HddsDatanodeService (HddsDatanodeService.java:start(234)) - HddsDatanodeService host:fv-az116-838.vzw04321ajxubdbcnpick5nqva.xx.internal.cloudapp.net ip:10.1.0.32
2021-08-10 11:26:09,381 [Listener at 127.0.0.1/42373] INFO  upgrade.AbstractLayoutVersionManager (AbstractLayoutVersionManager.java:init(70)) - Initializing Layout version manager with metadata layout = SCM_HA (version = 2), software layout = SCM_HA (version = 2)
2021-08-10 11:26:09,446 [Listener at 127.0.0.1/42373] INFO  reflections.Reflections (Reflections.java:scan(232)) - Reflections took 62 ms to scan 7 urls, producing 120 keys and 275 values 
2021-08-10 11:26:09,484 [Listener at 127.0.0.1/42373] INFO  volume.HddsVolume (HddsVolume.java:<init>(120)) - Creating HddsVolume: /home/runner/work/ozone/ozone/hadoop-ozone/integration-test/target/test-dir/MiniOzoneClusterImpl-186fefdd-2a8f-4691-bed1-86a244a8ddcd/datanode-0/data-0/containers/hdds of storage type : DISK capacity : 9223372036854775807
2021-08-10 11:26:09,484 [Listener at 127.0.0.1/42373] INFO  volume.MutableVolumeSet (MutableVolumeSet.java:initializeVolumeSet(181)) - Added Volume : /home/runner/work/ozone/ozone/hadoop-ozone/integration-test/target/test-dir/MiniOzoneClusterImpl-186fefdd-2a8f-4691-bed1-86a244a8ddcd/datanode-0/data-0/containers/hdds to VolumeSet
2021-08-10 11:26:09,484 [Listener at 127.0.0.1/42373] INFO  volume.ThrottledAsyncChecker (ThrottledAsyncChecker.java:schedule(141)) - Scheduling a check for /home/runner/work/ozone/ozone/hadoop-ozone/integration-test/target/test-dir/MiniOzoneClusterImpl-186fefdd-2a8f-4691-bed1-86a244a8ddcd/datanode-0/data-0/containers/hdds
2021-08-10 11:26:09,494 [Listener at 127.0.0.1/42373] INFO  volume.StorageVolumeChecker (StorageVolumeChecker.java:checkAllVolumes(202)) - Scheduled health check for volume /home/runner/work/ozone/ozone/hadoop-ozone/integration-test/target/test-dir/MiniOzoneClusterImpl-186fefdd-2a8f-4691-bed1-86a244a8ddcd/datanode-0/data-0/containers/hdds
2021-08-10 11:26:09,521 [Listener at 127.0.0.1/42373] INFO  volume.MutableVolumeSet (MutableVolumeSet.java:initializeVolumeSet(181)) - Added Volume : /home/runner/work/ozone/ozone/hadoop-ozone/integration-test/target/test-dir/MiniOzoneClusterImpl-186fefdd-2a8f-4691-bed1-86a244a8ddcd/datanode-0/data/ratis to VolumeSet
2021-08-10 11:26:09,521 [Listener at 127.0.0.1/42373] INFO  volume.ThrottledAsyncChecker (ThrottledAsyncChecker.java:schedule(141)) - Scheduling a check for /home/runner/work/ozone/ozone/hadoop-ozone/integration-test/target/test-dir/MiniOzoneClusterImpl-186fefdd-2a8f-4691-bed1-86a244a8ddcd/datanode-0/data/ratis
2021-08-10 11:26:09,521 [Listener at 127.0.0.1/42373] INFO  volume.StorageVolumeChecker (StorageVolumeChecker.java:checkAllVolumes(202)) - Scheduled health check for volume /home/runner/work/ozone/ozone/hadoop-ozone/integration-test/target/test-dir/MiniOzoneClusterImpl-186fefdd-2a8f-4691-bed1-86a244a8ddcd/datanode-0/data/ratis
2021-08-10 11:26:09,549 [Listener at 127.0.0.1/42373] INFO  ozoneimpl.ContainerReader (ContainerReader.java:<init>(98)) - Running in upgrade mode:true
2021-08-10 11:26:09,550 [Thread-887] INFO  ozoneimpl.ContainerReader (ContainerReader.java:readVolume(142)) - Start to verify containers on volume /home/runner/work/ozone/ozone/hadoop-ozone/integration-test/target/test-dir/MiniOzoneClusterImpl-186fefdd-2a8f-4691-bed1-86a244a8ddcd/datanode-0/data-0/containers/hdds
2021-08-10 11:26:09,550 [Thread-887] INFO  ozoneimpl.ContainerReader (ContainerReader.java:readVolume(174)) - Finish verifying containers on volume /home/runner/work/ozone/ozone/hadoop-ozone/integration-test/target/test-dir/MiniOzoneClusterImpl-186fefdd-2a8f-4691-bed1-86a244a8ddcd/datanode-0/data-0/containers/hdds
2021-08-10 11:26:09,550 [Listener at 127.0.0.1/42373] INFO  ozoneimpl.OzoneContainer (OzoneContainer.java:buildContainerSet(237)) - Build ContainerSet costs 0s
2021-08-10 11:26:09,552 [Listener at 127.0.0.1/42373] INFO  server.RaftServer (ConfUtils.java:logGet(44)) - raft.rpc.type = GRPC (default)
2021-08-10 11:26:09,552 [Listener at 127.0.0.1/42373] INFO  grpc.GrpcFactory (GrpcFactory.java:checkPooledByteBufAllocatorUseCacheForAllThreads(48)) - PERFORMANCE WARNING: useCacheForAllThreads is true that may cause Netty to create a lot garbage objects and, as a result, trigger GC.
	It is recommended to disable useCacheForAllThreads by setting -Dorg.apache.ratis.thirdparty.io.netty.allocator.useCacheForAllThreads=false in command line.
2021-08-10 11:26:09,552 [Listener at 127.0.0.1/42373] INFO  grpc.GrpcConfigKeys (ConfUtils.java:logGet(44)) - raft.grpc.admin.port = 0 (custom)
2021-08-10 11:26:09,552 [Listener at 127.0.0.1/42373] INFO  grpc.GrpcConfigKeys (ConfUtils.java:logGet(44)) - raft.grpc.client.port = 0 (custom)
2021-08-10 11:26:09,553 [Listener at 127.0.0.1/42373] INFO  grpc.GrpcConfigKeys (ConfUtils.java:logGet(44)) - raft.grpc.server.port = 0 (default)
2021-08-10 11:26:09,553 [Listener at 127.0.0.1/42373] INFO  server.GrpcService (ConfUtils.java:logGet(44)) - raft.grpc.message.size.max = 32MB (=33554432) (custom)
2021-08-10 11:26:09,553 [Listener at 127.0.0.1/42373] INFO  server.RaftServerConfigKeys (ConfUtils.java:logGet(44)) - raft.server.log.appender.buffer.byte-limit = 33554432 (custom)
2021-08-10 11:26:09,553 [Listener at 127.0.0.1/42373] INFO  server.GrpcService (ConfUtils.java:logGet(44)) - raft.grpc.flow.control.window = 5MB (=5242880) (custom)
2021-08-10 11:26:09,553 [Listener at 127.0.0.1/42373] INFO  server.RaftServerConfigKeys (ConfUtils.java:logGet(44)) - raft.server.rpc.request.timeout = 60s (custom)
2021-08-10 11:26:09,554 [Listener at 127.0.0.1/42373] INFO  impl.DataStreamServerImpl (ConfUtils.java:logGet(44)) - raft.datastream.type = DISABLED (default)
2021-08-10 11:26:09,554 [Listener at 127.0.0.1/42373] INFO  server.RaftServerConfigKeys (ConfUtils.java:logGet(44)) - raft.server.rpc.slowness.timeout = 300s (custom)
2021-08-10 11:26:09,554 [Listener at 127.0.0.1/42373] INFO  server.RaftServerConfigKeys (ConfUtils.java:logGet(44)) - raft.server.leaderelection.leader.step-down.wait-time = 10s (default)
2021-08-10 11:26:09,554 [Listener at 127.0.0.1/42373] INFO  server.RaftServerConfigKeys (ConfUtils.java:logGet(44)) - raft.server.storage.dir = [/home/runner/work/ozone/ozone/hadoop-ozone/integration-test/target/test-dir/MiniOzoneClusterImpl-186fefdd-2a8f-4691-bed1-86a244a8ddcd/datanode-0/data/ratis] (custom)
2021-08-10 11:26:09,561 [Listener at 127.0.0.1/42373] INFO  http.BaseHttpServer (BaseHttpServer.java:newHttpServer2BuilderForOzone(209)) - Starting Web-server for hddsDatanode at: http://0.0.0.0:0
2021-08-10 11:26:09,561 [Listener at 127.0.0.1/42373] INFO  http.BaseHttpServer (BaseHttpServer.java:<init>(107)) - Hadoop Security Enabled: false Ozone Security Enabled: false Ozone HTTP Security Enabled: false 
2021-08-10 11:26:09,562 [Listener at 127.0.0.1/42373] INFO  server.AuthenticationFilter (AuthenticationFilter.java:constructSecretProvider(240)) - Unable to initialize FileSignerSecretProvider, falling back to use random secrets.
2021-08-10 11:26:09,562 [Listener at 127.0.0.1/42373] WARN  http.HttpRequestLog (HttpRequestLog.java:getRequestLog(103)) - Jetty request log can only be enabled using Log4j
2021-08-10 11:26:09,563 [Listener at 127.0.0.1/42373] INFO  http.HttpServer2 (HttpServer2.java:addGlobalFilter(1020)) - Added global filter 'safety' (class=org.apache.hadoop.hdds.server.http.HttpServer2$QuotingInputFilter)
2021-08-10 11:26:09,563 [Listener at 127.0.0.1/42373] INFO  http.HttpServer2 (HttpServer2.java:addFilter(996)) - Added filter static_user_filter (class=org.apache.hadoop.http.lib.StaticUserWebFilter$StaticUserFilter) to context hddsDatanode
2021-08-10 11:26:09,564 [Listener at 127.0.0.1/42373] INFO  http.HttpServer2 (HttpServer2.java:addFilter(1004)) - Added filter static_user_filter (class=org.apache.hadoop.http.lib.StaticUserWebFilter$StaticUserFilter) to context logs
2021-08-10 11:26:09,564 [Listener at 127.0.0.1/42373] INFO  http.HttpServer2 (HttpServer2.java:addFilter(1004)) - Added filter static_user_filter (class=org.apache.hadoop.http.lib.StaticUserWebFilter$StaticUserFilter) to context static
2021-08-10 11:26:09,564 [Listener at 127.0.0.1/42373] INFO  http.HttpServer2 (HttpServer2.java:bindListener(1239)) - Jetty bound to port 43491
2021-08-10 11:26:09,564 [Listener at 127.0.0.1/42373] INFO  server.Server (Server.java:doStart(375)) - jetty-9.4.43.v20210629; built: 2021-06-30T11:07:22.254Z; git: 526006ecfa3af7f1a27ef3a288e2bef7ea9dd7e8; jvm 1.8.0_292-b10
2021-08-10 11:26:09,565 [Listener at 127.0.0.1/42373] INFO  server.session (DefaultSessionIdManager.java:doStart(334)) - DefaultSessionIdManager workerName=node0
2021-08-10 11:26:09,566 [Listener at 127.0.0.1/42373] INFO  server.session (DefaultSessionIdManager.java:doStart(339)) - No SessionScavenger set, using defaults
2021-08-10 11:26:09,566 [Listener at 127.0.0.1/42373] INFO  server.session (HouseKeeper.java:startScavenging(132)) - node0 Scavenging every 660000ms
2021-08-10 11:26:09,566 [Listener at 127.0.0.1/42373] INFO  handler.ContextHandler (ContextHandler.java:doStart(915)) - Started o.e.j.s.ServletContextHandler@650e6cef{logs,/logs,file:///home/runner/work/ozone/ozone/hadoop-ozone/integration-test/target/log,AVAILABLE}
2021-08-10 11:26:09,567 [Listener at 127.0.0.1/42373] INFO  handler.ContextHandler (ContextHandler.java:doStart(915)) - Started o.e.j.s.ServletContextHandler@5a9e3a5a{static,/static,jar:file:/home/runner/.m2/repository/org/apache/ozone/hdds-container-service/1.2.0-SNAPSHOT/hdds-container-service-1.2.0-SNAPSHOT.jar!/webapps/static,AVAILABLE}
2021-08-10 11:26:09,624 [Listener at 127.0.0.1/42373] INFO  handler.ContextHandler (ContextHandler.java:doStart(915)) - Started o.e.j.w.WebAppContext@67287bd9{hddsDatanode,/,file:///tmp/jetty-0_0_0_0-43491-hdds-container-service-1_2_0-SNAPSHOT_jar-_-any-2113573512701480708/webapp/,AVAILABLE}{jar:file:/home/runner/.m2/repository/org/apache/ozone/hdds-container-service/1.2.0-SNAPSHOT/hdds-container-service-1.2.0-SNAPSHOT.jar!/webapps/hddsDatanode}
2021-08-10 11:26:09,626 [Listener at 127.0.0.1/42373] INFO  server.AbstractConnector (AbstractConnector.java:doStart(331)) - Started ServerConnector@553601f2{HTTP/1.1, (http/1.1)}{0.0.0.0:43491}
2021-08-10 11:26:09,626 [Listener at 127.0.0.1/42373] INFO  server.Server (Server.java:doStart(415)) - Started @109152ms
2021-08-10 11:26:09,626 [Listener at 127.0.0.1/42373] WARN  impl.MetricsSystemImpl (MetricsSystemImpl.java:register(279)) - Sink prometheus already exists!
2021-08-10 11:26:09,626 [Listener at 127.0.0.1/42373] INFO  http.BaseHttpServer (BaseHttpServer.java:updateConnectorAddress(329)) - HTTP server of hddsDatanode listening at http://0.0.0.0:43491
2021-08-10 11:26:09,632 [Listener at 127.0.0.1/42373] WARN  impl.MetricRegistriesImpl (MetricRegistriesImpl.java:addReporterRegistration(111)) - New reporters are added after registries were created. Some metrics will be missing from the reporter. Please add reporter before adding any new registry.
2021-08-10 11:26:09,632 [Listener at 127.0.0.1/42373] WARN  impl.MetricRegistriesImpl (MetricRegistriesImpl.java:addReporterRegistration(111)) - New reporters are added after registries were created. Some metrics will be missing from the reporter. Please add reporter before adding any new registry.
2021-08-10 11:26:09,632 [Listener at 127.0.0.1/42373] INFO  impl.MetricsSystemImpl (MetricsSystemImpl.java:init(158)) - HddsDatanode metrics system started (again)
2021-08-10 11:26:09,721 [org.apache.hadoop.util.JvmPauseMonitor$Monitor@3f5f2ebd] INFO  util.JvmPauseMonitor (JvmPauseMonitor.java:run(188)) - Starting JVM pause monitor
2021-08-10 11:26:09,728 [Listener at 127.0.0.1/42373] INFO  ozone.HddsDatanodeService (HddsDatanodeService.java:start(234)) - HddsDatanodeService host:fv-az116-838.vzw04321ajxubdbcnpick5nqva.xx.internal.cloudapp.net ip:10.1.0.32
2021-08-10 11:26:09,773 [Datanode State Machine Task Thread - 0] INFO  datanode.InitDatanodeState (InitDatanodeState.java:persistContainerDatanodeDetails(145)) - DatanodeDetails is persisted to /home/runner/work/ozone/ozone/hadoop-ozone/integration-test/target/test-dir/MiniOzoneClusterImpl-186fefdd-2a8f-4691-bed1-86a244a8ddcd/datanode-0/meta/datanode.id
2021-08-10 11:26:09,806 [Listener at 127.0.0.1/42373] INFO  upgrade.AbstractLayoutVersionManager (AbstractLayoutVersionManager.java:init(70)) - Initializing Layout version manager with metadata layout = SCM_HA (version = 2), software layout = SCM_HA (version = 2)
2021-08-10 11:26:09,880 [Listener at 127.0.0.1/42373] INFO  reflections.Reflections (Reflections.java:scan(232)) - Reflections took 72 ms to scan 7 urls, producing 120 keys and 275 values 
2021-08-10 11:26:09,884 [Listener at 127.0.0.1/42373] INFO  volume.HddsVolume (HddsVolume.java:<init>(120)) - Creating HddsVolume: /home/runner/work/ozone/ozone/hadoop-ozone/integration-test/target/test-dir/MiniOzoneClusterImpl-186fefdd-2a8f-4691-bed1-86a244a8ddcd/datanode-1/data-0/containers/hdds of storage type : DISK capacity : 9223372036854775807
2021-08-10 11:26:09,885 [Listener at 127.0.0.1/42373] INFO  volume.MutableVolumeSet (MutableVolumeSet.java:initializeVolumeSet(181)) - Added Volume : /home/runner/work/ozone/ozone/hadoop-ozone/integration-test/target/test-dir/MiniOzoneClusterImpl-186fefdd-2a8f-4691-bed1-86a244a8ddcd/datanode-1/data-0/containers/hdds to VolumeSet
2021-08-10 11:26:09,885 [Listener at 127.0.0.1/42373] INFO  volume.ThrottledAsyncChecker (ThrottledAsyncChecker.java:schedule(141)) - Scheduling a check for /home/runner/work/ozone/ozone/hadoop-ozone/integration-test/target/test-dir/MiniOzoneClusterImpl-186fefdd-2a8f-4691-bed1-86a244a8ddcd/datanode-1/data-0/containers/hdds
2021-08-10 11:26:09,889 [Listener at 127.0.0.1/42373] INFO  volume.StorageVolumeChecker (StorageVolumeChecker.java:checkAllVolumes(202)) - Scheduled health check for volume /home/runner/work/ozone/ozone/hadoop-ozone/integration-test/target/test-dir/MiniOzoneClusterImpl-186fefdd-2a8f-4691-bed1-86a244a8ddcd/datanode-1/data-0/containers/hdds
2021-08-10 11:26:09,908 [Listener at 127.0.0.1/42373] INFO  volume.MutableVolumeSet (MutableVolumeSet.java:initializeVolumeSet(181)) - Added Volume : /home/runner/work/ozone/ozone/hadoop-ozone/integration-test/target/test-dir/MiniOzoneClusterImpl-186fefdd-2a8f-4691-bed1-86a244a8ddcd/datanode-1/data/ratis to VolumeSet
2021-08-10 11:26:09,909 [Listener at 127.0.0.1/42373] INFO  volume.ThrottledAsyncChecker (ThrottledAsyncChecker.java:schedule(141)) - Scheduling a check for /home/runner/work/ozone/ozone/hadoop-ozone/integration-test/target/test-dir/MiniOzoneClusterImpl-186fefdd-2a8f-4691-bed1-86a244a8ddcd/datanode-1/data/ratis
2021-08-10 11:26:09,909 [Listener at 127.0.0.1/42373] INFO  volume.StorageVolumeChecker (StorageVolumeChecker.java:checkAllVolumes(202)) - Scheduled health check for volume /home/runner/work/ozone/ozone/hadoop-ozone/integration-test/target/test-dir/MiniOzoneClusterImpl-186fefdd-2a8f-4691-bed1-86a244a8ddcd/datanode-1/data/ratis
2021-08-10 11:26:09,930 [Listener at 127.0.0.1/42373] INFO  ozoneimpl.ContainerReader (ContainerReader.java:<init>(98)) - Running in upgrade mode:true
2021-08-10 11:26:09,936 [Thread-899] INFO  ozoneimpl.ContainerReader (ContainerReader.java:readVolume(142)) - Start to verify containers on volume /home/runner/work/ozone/ozone/hadoop-ozone/integration-test/target/test-dir/MiniOzoneClusterImpl-186fefdd-2a8f-4691-bed1-86a244a8ddcd/datanode-1/data-0/containers/hdds
2021-08-10 11:26:09,936 [Thread-899] INFO  ozoneimpl.ContainerReader (ContainerReader.java:readVolume(174)) - Finish verifying containers on volume /home/runner/work/ozone/ozone/hadoop-ozone/integration-test/target/test-dir/MiniOzoneClusterImpl-186fefdd-2a8f-4691-bed1-86a244a8ddcd/datanode-1/data-0/containers/hdds
2021-08-10 11:26:09,936 [Listener at 127.0.0.1/42373] INFO  ozoneimpl.OzoneContainer (OzoneContainer.java:buildContainerSet(237)) - Build ContainerSet costs 0s
2021-08-10 11:26:09,938 [Listener at 127.0.0.1/42373] INFO  server.RaftServer (ConfUtils.java:logGet(44)) - raft.rpc.type = GRPC (default)
2021-08-10 11:26:09,938 [Listener at 127.0.0.1/42373] INFO  grpc.GrpcFactory (GrpcFactory.java:checkPooledByteBufAllocatorUseCacheForAllThreads(48)) - PERFORMANCE WARNING: useCacheForAllThreads is true that may cause Netty to create a lot garbage objects and, as a result, trigger GC.
	It is recommended to disable useCacheForAllThreads by setting -Dorg.apache.ratis.thirdparty.io.netty.allocator.useCacheForAllThreads=false in command line.
2021-08-10 11:26:09,938 [Listener at 127.0.0.1/42373] INFO  grpc.GrpcConfigKeys (ConfUtils.java:logGet(44)) - raft.grpc.admin.port = 0 (custom)
2021-08-10 11:26:09,938 [Listener at 127.0.0.1/42373] INFO  grpc.GrpcConfigKeys (ConfUtils.java:logGet(44)) - raft.grpc.client.port = 0 (custom)
2021-08-10 11:26:09,938 [Listener at 127.0.0.1/42373] INFO  grpc.GrpcConfigKeys (ConfUtils.java:logGet(44)) - raft.grpc.server.port = 0 (default)
2021-08-10 11:26:09,938 [Listener at 127.0.0.1/42373] INFO  server.GrpcService (ConfUtils.java:logGet(44)) - raft.grpc.message.size.max = 32MB (=33554432) (custom)
2021-08-10 11:26:09,938 [Listener at 127.0.0.1/42373] INFO  server.RaftServerConfigKeys (ConfUtils.java:logGet(44)) - raft.server.log.appender.buffer.byte-limit = 33554432 (custom)
2021-08-10 11:26:09,938 [Listener at 127.0.0.1/42373] INFO  server.GrpcService (ConfUtils.java:logGet(44)) - raft.grpc.flow.control.window = 5MB (=5242880) (custom)
2021-08-10 11:26:09,938 [Listener at 127.0.0.1/42373] INFO  server.RaftServerConfigKeys (ConfUtils.java:logGet(44)) - raft.server.rpc.request.timeout = 60s (custom)
2021-08-10 11:26:09,944 [Listener at 127.0.0.1/42373] INFO  impl.DataStreamServerImpl (ConfUtils.java:logGet(44)) - raft.datastream.type = DISABLED (default)
2021-08-10 11:26:09,944 [Listener at 127.0.0.1/42373] INFO  server.RaftServerConfigKeys (ConfUtils.java:logGet(44)) - raft.server.rpc.slowness.timeout = 300s (custom)
2021-08-10 11:26:09,944 [Listener at 127.0.0.1/42373] INFO  server.RaftServerConfigKeys (ConfUtils.java:logGet(44)) - raft.server.leaderelection.leader.step-down.wait-time = 10s (default)
2021-08-10 11:26:09,945 [Listener at 127.0.0.1/42373] INFO  server.RaftServerConfigKeys (ConfUtils.java:logGet(44)) - raft.server.storage.dir = [/home/runner/work/ozone/ozone/hadoop-ozone/integration-test/target/test-dir/MiniOzoneClusterImpl-186fefdd-2a8f-4691-bed1-86a244a8ddcd/datanode-1/data/ratis] (custom)
2021-08-10 11:26:09,957 [Listener at 127.0.0.1/42373] INFO  http.BaseHttpServer (BaseHttpServer.java:newHttpServer2BuilderForOzone(209)) - Starting Web-server for hddsDatanode at: http://0.0.0.0:0
2021-08-10 11:26:09,957 [Listener at 127.0.0.1/42373] INFO  http.BaseHttpServer (BaseHttpServer.java:<init>(107)) - Hadoop Security Enabled: false Ozone Security Enabled: false Ozone HTTP Security Enabled: false 
2021-08-10 11:26:09,958 [Listener at 127.0.0.1/42373] INFO  server.AuthenticationFilter (AuthenticationFilter.java:constructSecretProvider(240)) - Unable to initialize FileSignerSecretProvider, falling back to use random secrets.
2021-08-10 11:26:09,973 [Listener at 127.0.0.1/42373] WARN  http.HttpRequestLog (HttpRequestLog.java:getRequestLog(103)) - Jetty request log can only be enabled using Log4j
2021-08-10 11:26:09,984 [Listener at 127.0.0.1/42373] INFO  http.HttpServer2 (HttpServer2.java:addGlobalFilter(1020)) - Added global filter 'safety' (class=org.apache.hadoop.hdds.server.http.HttpServer2$QuotingInputFilter)
2021-08-10 11:26:09,984 [Listener at 127.0.0.1/42373] INFO  http.HttpServer2 (HttpServer2.java:addFilter(996)) - Added filter static_user_filter (class=org.apache.hadoop.http.lib.StaticUserWebFilter$StaticUserFilter) to context hddsDatanode
2021-08-10 11:26:09,984 [Listener at 127.0.0.1/42373] INFO  http.HttpServer2 (HttpServer2.java:addFilter(1004)) - Added filter static_user_filter (class=org.apache.hadoop.http.lib.StaticUserWebFilter$StaticUserFilter) to context static
2021-08-10 11:26:09,984 [Listener at 127.0.0.1/42373] INFO  http.HttpServer2 (HttpServer2.java:addFilter(1004)) - Added filter static_user_filter (class=org.apache.hadoop.http.lib.StaticUserWebFilter$StaticUserFilter) to context logs
2021-08-10 11:26:09,985 [Listener at 127.0.0.1/42373] INFO  http.HttpServer2 (HttpServer2.java:bindListener(1239)) - Jetty bound to port 44123
2021-08-10 11:26:09,985 [Listener at 127.0.0.1/42373] INFO  server.Server (Server.java:doStart(375)) - jetty-9.4.43.v20210629; built: 2021-06-30T11:07:22.254Z; git: 526006ecfa3af7f1a27ef3a288e2bef7ea9dd7e8; jvm 1.8.0_292-b10
2021-08-10 11:26:10,002 [Listener at 127.0.0.1/42373] INFO  server.session (DefaultSessionIdManager.java:doStart(334)) - DefaultSessionIdManager workerName=node0
2021-08-10 11:26:10,002 [Listener at 127.0.0.1/42373] INFO  server.session (DefaultSessionIdManager.java:doStart(339)) - No SessionScavenger set, using defaults
2021-08-10 11:26:10,002 [Listener at 127.0.0.1/42373] INFO  server.session (HouseKeeper.java:startScavenging(132)) - node0 Scavenging every 660000ms
2021-08-10 11:26:10,003 [Listener at 127.0.0.1/42373] INFO  handler.ContextHandler (ContextHandler.java:doStart(915)) - Started o.e.j.s.ServletContextHandler@49efaf93{logs,/logs,file:///home/runner/work/ozone/ozone/hadoop-ozone/integration-test/target/log,AVAILABLE}
2021-08-10 11:26:10,003 [Listener at 127.0.0.1/42373] INFO  handler.ContextHandler (ContextHandler.java:doStart(915)) - Started o.e.j.s.ServletContextHandler@2843d353{static,/static,jar:file:/home/runner/.m2/repository/org/apache/ozone/hdds-container-service/1.2.0-SNAPSHOT/hdds-container-service-1.2.0-SNAPSHOT.jar!/webapps/static,AVAILABLE}
2021-08-10 11:26:10,079 [Listener at 127.0.0.1/42373] INFO  handler.ContextHandler (ContextHandler.java:doStart(915)) - Started o.e.j.w.WebAppContext@52da80f2{hddsDatanode,/,file:///tmp/jetty-0_0_0_0-44123-hdds-container-service-1_2_0-SNAPSHOT_jar-_-any-1171893555583741808/webapp/,AVAILABLE}{jar:file:/home/runner/.m2/repository/org/apache/ozone/hdds-container-service/1.2.0-SNAPSHOT/hdds-container-service-1.2.0-SNAPSHOT.jar!/webapps/hddsDatanode}
2021-08-10 11:26:10,098 [Listener at 127.0.0.1/42373] INFO  server.AbstractConnector (AbstractConnector.java:doStart(331)) - Started ServerConnector@78c0d5fa{HTTP/1.1, (http/1.1)}{0.0.0.0:44123}
2021-08-10 11:26:10,098 [Listener at 127.0.0.1/42373] INFO  server.Server (Server.java:doStart(415)) - Started @109624ms
2021-08-10 11:26:10,098 [Listener at 127.0.0.1/42373] WARN  impl.MetricsSystemImpl (MetricsSystemImpl.java:register(279)) - Sink prometheus already exists!
2021-08-10 11:26:10,099 [Listener at 127.0.0.1/42373] INFO  http.BaseHttpServer (BaseHttpServer.java:updateConnectorAddress(329)) - HTTP server of hddsDatanode listening at http://0.0.0.0:44123
2021-08-10 11:26:10,099 [Listener at 127.0.0.1/42373] WARN  impl.MetricRegistriesImpl (MetricRegistriesImpl.java:addReporterRegistration(111)) - New reporters are added after registries were created. Some metrics will be missing from the reporter. Please add reporter before adding any new registry.
2021-08-10 11:26:10,099 [Listener at 127.0.0.1/42373] WARN  impl.MetricRegistriesImpl (MetricRegistriesImpl.java:addReporterRegistration(111)) - New reporters are added after registries were created. Some metrics will be missing from the reporter. Please add reporter before adding any new registry.
2021-08-10 11:26:10,099 [Listener at 127.0.0.1/42373] INFO  impl.MetricsSystemImpl (MetricsSystemImpl.java:init(158)) - HddsDatanode metrics system started (again)
2021-08-10 11:26:10,119 [org.apache.hadoop.util.JvmPauseMonitor$Monitor@5e0afd7] INFO  util.JvmPauseMonitor (JvmPauseMonitor.java:run(188)) - Starting JVM pause monitor
2021-08-10 11:26:10,122 [om1@group-C5BA1605619E-FollowerState] INFO  impl.FollowerState (FollowerState.java:run(134)) - om1@group-C5BA1605619E-FollowerState: change to CANDIDATE, lastRpcElapsedTime:1045301870ns, electionTimeout:1027ms
2021-08-10 11:26:10,122 [Listener at 127.0.0.1/42373] INFO  ozone.HddsDatanodeService (HddsDatanodeService.java:start(234)) - HddsDatanodeService host:fv-az116-838.vzw04321ajxubdbcnpick5nqva.xx.internal.cloudapp.net ip:10.1.0.32
2021-08-10 11:26:10,123 [om1@group-C5BA1605619E-FollowerState] INFO  impl.RoleInfo (RoleInfo.java:shutdownFollowerState(108)) - om1: shutdown om1@group-C5BA1605619E-FollowerState
2021-08-10 11:26:10,123 [om1@group-C5BA1605619E-FollowerState] INFO  server.RaftServer$Division (RaftServerImpl.java:setRole(285)) - om1@group-C5BA1605619E: changes role from  FOLLOWER to CANDIDATE at term 0 for changeToCandidate
2021-08-10 11:26:10,123 [om1@group-C5BA1605619E-FollowerState] INFO  server.RaftServerConfigKeys (ConfUtils.java:logGet(44)) - raft.server.leaderelection.pre-vote = false (custom)
2021-08-10 11:26:10,123 [om1@group-C5BA1605619E-FollowerState] INFO  impl.RoleInfo (RoleInfo.java:updateAndGet(130)) - om1: start om1@group-C5BA1605619E-LeaderElection31
2021-08-10 11:26:10,149 [om1@group-C5BA1605619E-LeaderElection31] INFO  impl.LeaderElection (LeaderElection.java:askForVotes(306)) - om1@group-C5BA1605619E-LeaderElection31 ELECTION round 0: submit vote requests at term 1 for -1: [om1|rpc:localhost:9872|priority:0], old=null
2021-08-10 11:26:10,150 [om1@group-C5BA1605619E-LeaderElection31] INFO  impl.LeaderElection (LeaderElection.java:askForVotes(308)) - om1@group-C5BA1605619E-LeaderElection31 ELECTION round 0: result PASSED (term=1)
2021-08-10 11:26:10,150 [om1@group-C5BA1605619E-LeaderElection31] INFO  impl.RoleInfo (RoleInfo.java:shutdownLeaderElection(121)) - om1: shutdown om1@group-C5BA1605619E-LeaderElection31
2021-08-10 11:26:10,150 [om1@group-C5BA1605619E-LeaderElection31] INFO  server.RaftServer$Division (RaftServerImpl.java:setRole(285)) - om1@group-C5BA1605619E: changes role from CANDIDATE to LEADER at term 1 for changeToLeader
2021-08-10 11:26:10,150 [om1@group-C5BA1605619E-LeaderElection31] INFO  server.RaftServer$Division (ServerState.java:setLeader(285)) - om1@group-C5BA1605619E: change Leader from null to om1 at term 1 for becomeLeader, leader elected after 1106ms
2021-08-10 11:26:10,150 [om1@group-C5BA1605619E-LeaderElection31] INFO  server.RaftServerConfigKeys (ConfUtils.java:logGet(44)) - raft.server.staging.catchup.gap = 1000 (default)
2021-08-10 11:26:10,151 [om1@group-C5BA1605619E-LeaderElection31] INFO  server.RaftServerConfigKeys (ConfUtils.java:logGet(44)) - raft.server.write.element-limit = 4096 (default)
2021-08-10 11:26:10,151 [om1@group-C5BA1605619E-LeaderElection31] INFO  server.RaftServerConfigKeys (ConfUtils.java:logGet(44)) - raft.server.write.byte-limit = 64MB (=67108864) (default)
2021-08-10 11:26:10,151 [om1@group-C5BA1605619E-LeaderElection31] INFO  server.RaftServerConfigKeys (ConfUtils.java:logGet(44)) - raft.server.watch.timeout = 10s (default)
2021-08-10 11:26:10,151 [om1@group-C5BA1605619E-LeaderElection31] INFO  server.RaftServerConfigKeys (ConfUtils.java:logGet(44)) - raft.server.watch.timeout.denomination = 1s (default)
2021-08-10 11:26:10,151 [om1@group-C5BA1605619E-LeaderElection31] INFO  server.RaftServerConfigKeys (ConfUtils.java:logGet(44)) - raft.server.watch.element-limit = 65536 (default)
2021-08-10 11:26:10,152 [om1@group-C5BA1605619E-LeaderElection31] INFO  impl.RoleInfo (RoleInfo.java:updateAndGet(130)) - om1: start om1@group-C5BA1605619E-LeaderStateImpl
2021-08-10 11:26:10,167 [Datanode State Machine Task Thread - 0] INFO  datanode.InitDatanodeState (InitDatanodeState.java:persistContainerDatanodeDetails(145)) - DatanodeDetails is persisted to /home/runner/work/ozone/ozone/hadoop-ozone/integration-test/target/test-dir/MiniOzoneClusterImpl-186fefdd-2a8f-4691-bed1-86a244a8ddcd/datanode-1/meta/datanode.id
2021-08-10 11:26:10,167 [om1@group-C5BA1605619E-LeaderElection31] INFO  segmented.SegmentedRaftLogWorker (SegmentedRaftLogWorker.java:startLogSegment(394)) - om1@group-C5BA1605619E-SegmentedRaftLogWorker: Starting segment from index:0
2021-08-10 11:26:10,174 [om1@group-C5BA1605619E-SegmentedRaftLogWorker] INFO  segmented.SegmentedRaftLogWorker (SegmentedRaftLogWorker.java:execute(601)) - om1@group-C5BA1605619E-SegmentedRaftLogWorker: created new log segment /home/runner/work/ozone/ozone/hadoop-ozone/integration-test/target/test-dir/MiniOzoneClusterImpl-186fefdd-2a8f-4691-bed1-86a244a8ddcd/ozone-meta/ratis/bf265839-605b-3f16-9796-c5ba1605619e/current/log_inprogress_0
2021-08-10 11:26:10,188 [om1@group-C5BA1605619E-LeaderElection31] INFO  server.RaftServer$Division (ServerState.java:setRaftConf(387)) - om1@group-C5BA1605619E: set configuration 0: [om1|rpc:localhost:9872|admin:|client:|dataStream:|priority:0], old=null
2021-08-10 11:26:10,201 [Listener at 127.0.0.1/42373] INFO  upgrade.AbstractLayoutVersionManager (AbstractLayoutVersionManager.java:init(70)) - Initializing Layout version manager with metadata layout = SCM_HA (version = 2), software layout = SCM_HA (version = 2)
2021-08-10 11:26:10,204 [om1@group-C5BA1605619E-StateMachineUpdater] INFO  ratis.OzoneManagerStateMachine (OzoneManagerStateMachine.java:notifyConfigurationChanged(188)) - Received Configuration change notification from Ratis. New Peer list:
[id: "om1"
address: "localhost:9872"
]
2021-08-10 11:26:10,260 [Listener at 127.0.0.1/42373] INFO  reflections.Reflections (Reflections.java:scan(232)) - Reflections took 56 ms to scan 7 urls, producing 120 keys and 275 values 
2021-08-10 11:26:10,263 [Listener at 127.0.0.1/42373] INFO  volume.HddsVolume (HddsVolume.java:<init>(120)) - Creating HddsVolume: /home/runner/work/ozone/ozone/hadoop-ozone/integration-test/target/test-dir/MiniOzoneClusterImpl-186fefdd-2a8f-4691-bed1-86a244a8ddcd/datanode-2/data-0/containers/hdds of storage type : DISK capacity : 9223372036854775807
2021-08-10 11:26:10,263 [Listener at 127.0.0.1/42373] INFO  volume.MutableVolumeSet (MutableVolumeSet.java:initializeVolumeSet(181)) - Added Volume : /home/runner/work/ozone/ozone/hadoop-ozone/integration-test/target/test-dir/MiniOzoneClusterImpl-186fefdd-2a8f-4691-bed1-86a244a8ddcd/datanode-2/data-0/containers/hdds to VolumeSet
2021-08-10 11:26:10,263 [Listener at 127.0.0.1/42373] INFO  volume.ThrottledAsyncChecker (ThrottledAsyncChecker.java:schedule(141)) - Scheduling a check for /home/runner/work/ozone/ozone/hadoop-ozone/integration-test/target/test-dir/MiniOzoneClusterImpl-186fefdd-2a8f-4691-bed1-86a244a8ddcd/datanode-2/data-0/containers/hdds
2021-08-10 11:26:10,286 [Listener at 127.0.0.1/42373] INFO  volume.StorageVolumeChecker (StorageVolumeChecker.java:checkAllVolumes(202)) - Scheduled health check for volume /home/runner/work/ozone/ozone/hadoop-ozone/integration-test/target/test-dir/MiniOzoneClusterImpl-186fefdd-2a8f-4691-bed1-86a244a8ddcd/datanode-2/data-0/containers/hdds
2021-08-10 11:26:10,329 [Listener at 127.0.0.1/42373] INFO  volume.MutableVolumeSet (MutableVolumeSet.java:initializeVolumeSet(181)) - Added Volume : /home/runner/work/ozone/ozone/hadoop-ozone/integration-test/target/test-dir/MiniOzoneClusterImpl-186fefdd-2a8f-4691-bed1-86a244a8ddcd/datanode-2/data/ratis to VolumeSet
2021-08-10 11:26:10,331 [Listener at 127.0.0.1/42373] INFO  volume.ThrottledAsyncChecker (ThrottledAsyncChecker.java:schedule(141)) - Scheduling a check for /home/runner/work/ozone/ozone/hadoop-ozone/integration-test/target/test-dir/MiniOzoneClusterImpl-186fefdd-2a8f-4691-bed1-86a244a8ddcd/datanode-2/data/ratis
2021-08-10 11:26:10,331 [Listener at 127.0.0.1/42373] INFO  volume.StorageVolumeChecker (StorageVolumeChecker.java:checkAllVolumes(202)) - Scheduled health check for volume /home/runner/work/ozone/ozone/hadoop-ozone/integration-test/target/test-dir/MiniOzoneClusterImpl-186fefdd-2a8f-4691-bed1-86a244a8ddcd/datanode-2/data/ratis
2021-08-10 11:26:10,350 [Listener at 127.0.0.1/42373] INFO  ozoneimpl.ContainerReader (ContainerReader.java:<init>(98)) - Running in upgrade mode:true
2021-08-10 11:26:10,351 [Thread-913] INFO  ozoneimpl.ContainerReader (ContainerReader.java:readVolume(142)) - Start to verify containers on volume /home/runner/work/ozone/ozone/hadoop-ozone/integration-test/target/test-dir/MiniOzoneClusterImpl-186fefdd-2a8f-4691-bed1-86a244a8ddcd/datanode-2/data-0/containers/hdds
2021-08-10 11:26:10,351 [Thread-913] INFO  ozoneimpl.ContainerReader (ContainerReader.java:readVolume(174)) - Finish verifying containers on volume /home/runner/work/ozone/ozone/hadoop-ozone/integration-test/target/test-dir/MiniOzoneClusterImpl-186fefdd-2a8f-4691-bed1-86a244a8ddcd/datanode-2/data-0/containers/hdds
2021-08-10 11:26:10,351 [Listener at 127.0.0.1/42373] INFO  ozoneimpl.OzoneContainer (OzoneContainer.java:buildContainerSet(237)) - Build ContainerSet costs 0s
2021-08-10 11:26:10,353 [Listener at 127.0.0.1/42373] INFO  server.RaftServer (ConfUtils.java:logGet(44)) - raft.rpc.type = GRPC (default)
2021-08-10 11:26:10,353 [Listener at 127.0.0.1/42373] INFO  grpc.GrpcFactory (GrpcFactory.java:checkPooledByteBufAllocatorUseCacheForAllThreads(48)) - PERFORMANCE WARNING: useCacheForAllThreads is true that may cause Netty to create a lot garbage objects and, as a result, trigger GC.
	It is recommended to disable useCacheForAllThreads by setting -Dorg.apache.ratis.thirdparty.io.netty.allocator.useCacheForAllThreads=false in command line.
2021-08-10 11:26:10,353 [Listener at 127.0.0.1/42373] INFO  grpc.GrpcConfigKeys (ConfUtils.java:logGet(44)) - raft.grpc.admin.port = 0 (custom)
2021-08-10 11:26:10,353 [Listener at 127.0.0.1/42373] INFO  grpc.GrpcConfigKeys (ConfUtils.java:logGet(44)) - raft.grpc.client.port = 0 (custom)
2021-08-10 11:26:10,353 [Listener at 127.0.0.1/42373] INFO  grpc.GrpcConfigKeys (ConfUtils.java:logGet(44)) - raft.grpc.server.port = 0 (default)
2021-08-10 11:26:10,353 [Listener at 127.0.0.1/42373] INFO  server.GrpcService (ConfUtils.java:logGet(44)) - raft.grpc.message.size.max = 32MB (=33554432) (custom)
2021-08-10 11:26:10,353 [Listener at 127.0.0.1/42373] INFO  server.RaftServerConfigKeys (ConfUtils.java:logGet(44)) - raft.server.log.appender.buffer.byte-limit = 33554432 (custom)
2021-08-10 11:26:10,354 [Listener at 127.0.0.1/42373] INFO  server.GrpcService (ConfUtils.java:logGet(44)) - raft.grpc.flow.control.window = 5MB (=5242880) (custom)
2021-08-10 11:26:10,354 [Listener at 127.0.0.1/42373] INFO  server.RaftServerConfigKeys (ConfUtils.java:logGet(44)) - raft.server.rpc.request.timeout = 60s (custom)
2021-08-10 11:26:10,354 [Listener at 127.0.0.1/42373] INFO  impl.DataStreamServerImpl (ConfUtils.java:logGet(44)) - raft.datastream.type = DISABLED (default)
2021-08-10 11:26:10,355 [Listener at 127.0.0.1/42373] INFO  server.RaftServerConfigKeys (ConfUtils.java:logGet(44)) - raft.server.rpc.slowness.timeout = 300s (custom)
2021-08-10 11:26:10,355 [Listener at 127.0.0.1/42373] INFO  server.RaftServerConfigKeys (ConfUtils.java:logGet(44)) - raft.server.leaderelection.leader.step-down.wait-time = 10s (default)
2021-08-10 11:26:10,358 [Listener at 127.0.0.1/42373] INFO  server.RaftServerConfigKeys (ConfUtils.java:logGet(44)) - raft.server.storage.dir = [/home/runner/work/ozone/ozone/hadoop-ozone/integration-test/target/test-dir/MiniOzoneClusterImpl-186fefdd-2a8f-4691-bed1-86a244a8ddcd/datanode-2/data/ratis] (custom)
2021-08-10 11:26:10,360 [Listener at 127.0.0.1/42373] INFO  http.BaseHttpServer (BaseHttpServer.java:newHttpServer2BuilderForOzone(209)) - Starting Web-server for hddsDatanode at: http://0.0.0.0:0
2021-08-10 11:26:10,361 [Listener at 127.0.0.1/42373] INFO  http.BaseHttpServer (BaseHttpServer.java:<init>(107)) - Hadoop Security Enabled: false Ozone Security Enabled: false Ozone HTTP Security Enabled: false 
2021-08-10 11:26:10,361 [Listener at 127.0.0.1/42373] INFO  server.AuthenticationFilter (AuthenticationFilter.java:constructSecretProvider(240)) - Unable to initialize FileSignerSecretProvider, falling back to use random secrets.
2021-08-10 11:26:10,362 [Listener at 127.0.0.1/42373] WARN  http.HttpRequestLog (HttpRequestLog.java:getRequestLog(103)) - Jetty request log can only be enabled using Log4j
2021-08-10 11:26:10,363 [Listener at 127.0.0.1/42373] INFO  http.HttpServer2 (HttpServer2.java:addGlobalFilter(1020)) - Added global filter 'safety' (class=org.apache.hadoop.hdds.server.http.HttpServer2$QuotingInputFilter)
2021-08-10 11:26:10,363 [Listener at 127.0.0.1/42373] INFO  http.HttpServer2 (HttpServer2.java:addFilter(996)) - Added filter static_user_filter (class=org.apache.hadoop.http.lib.StaticUserWebFilter$StaticUserFilter) to context hddsDatanode
2021-08-10 11:26:10,363 [Listener at 127.0.0.1/42373] INFO  http.HttpServer2 (HttpServer2.java:addFilter(1004)) - Added filter static_user_filter (class=org.apache.hadoop.http.lib.StaticUserWebFilter$StaticUserFilter) to context static
2021-08-10 11:26:10,363 [Listener at 127.0.0.1/42373] INFO  http.HttpServer2 (HttpServer2.java:addFilter(1004)) - Added filter static_user_filter (class=org.apache.hadoop.http.lib.StaticUserWebFilter$StaticUserFilter) to context logs
2021-08-10 11:26:10,364 [Listener at 127.0.0.1/42373] INFO  http.HttpServer2 (HttpServer2.java:bindListener(1239)) - Jetty bound to port 41331
2021-08-10 11:26:10,364 [Listener at 127.0.0.1/42373] INFO  server.Server (Server.java:doStart(375)) - jetty-9.4.43.v20210629; built: 2021-06-30T11:07:22.254Z; git: 526006ecfa3af7f1a27ef3a288e2bef7ea9dd7e8; jvm 1.8.0_292-b10
2021-08-10 11:26:10,370 [Listener at 127.0.0.1/42373] INFO  server.session (DefaultSessionIdManager.java:doStart(334)) - DefaultSessionIdManager workerName=node0
2021-08-10 11:26:10,370 [Listener at 127.0.0.1/42373] INFO  server.session (DefaultSessionIdManager.java:doStart(339)) - No SessionScavenger set, using defaults
2021-08-10 11:26:10,371 [Listener at 127.0.0.1/42373] INFO  server.session (HouseKeeper.java:startScavenging(132)) - node0 Scavenging every 600000ms
2021-08-10 11:26:10,371 [Listener at 127.0.0.1/42373] INFO  handler.ContextHandler (ContextHandler.java:doStart(915)) - Started o.e.j.s.ServletContextHandler@6cec2ff6{logs,/logs,file:///home/runner/work/ozone/ozone/hadoop-ozone/integration-test/target/log,AVAILABLE}
2021-08-10 11:26:10,372 [Listener at 127.0.0.1/42373] INFO  handler.ContextHandler (ContextHandler.java:doStart(915)) - Started o.e.j.s.ServletContextHandler@14dbff0b{static,/static,jar:file:/home/runner/.m2/repository/org/apache/ozone/hdds-container-service/1.2.0-SNAPSHOT/hdds-container-service-1.2.0-SNAPSHOT.jar!/webapps/static,AVAILABLE}
2021-08-10 11:26:10,440 [Listener at 127.0.0.1/42373] INFO  handler.ContextHandler (ContextHandler.java:doStart(915)) - Started o.e.j.w.WebAppContext@3f398d80{hddsDatanode,/,file:///tmp/jetty-0_0_0_0-41331-hdds-container-service-1_2_0-SNAPSHOT_jar-_-any-2473962659938222186/webapp/,AVAILABLE}{jar:file:/home/runner/.m2/repository/org/apache/ozone/hdds-container-service/1.2.0-SNAPSHOT/hdds-container-service-1.2.0-SNAPSHOT.jar!/webapps/hddsDatanode}
2021-08-10 11:26:10,448 [Listener at 127.0.0.1/42373] INFO  server.AbstractConnector (AbstractConnector.java:doStart(331)) - Started ServerConnector@78e8ee4c{HTTP/1.1, (http/1.1)}{0.0.0.0:41331}
2021-08-10 11:26:10,449 [Listener at 127.0.0.1/42373] INFO  server.Server (Server.java:doStart(415)) - Started @109975ms
2021-08-10 11:26:10,449 [Listener at 127.0.0.1/42373] WARN  impl.MetricsSystemImpl (MetricsSystemImpl.java:register(279)) - Sink prometheus already exists!
2021-08-10 11:26:10,450 [Listener at 127.0.0.1/42373] INFO  http.BaseHttpServer (BaseHttpServer.java:updateConnectorAddress(329)) - HTTP server of hddsDatanode listening at http://0.0.0.0:41331
2021-08-10 11:26:10,451 [Listener at 127.0.0.1/42373] INFO  ozone.MiniOzoneClusterImpl (MiniOzoneClusterImpl.java:lambda$waitForClusterToBeReady$0(235)) - Waiting for nodes to be ready. Got 0 of 3 DN Heartbeats.
2021-08-10 11:26:10,451 [Listener at 127.0.0.1/42373] INFO  ozone.MiniOzoneClusterImpl (MiniOzoneClusterImpl.java:lambda$waitForClusterToBeReady$0(238)) - Waiting for cluster to exit safe mode
2021-08-10 11:26:10,451 [Listener at 127.0.0.1/42373] INFO  ozone.MiniOzoneClusterImpl (MiniOzoneClusterImpl.java:lambda$waitForClusterToBeReady$0(240)) - SCM became leader
2021-08-10 11:26:10,507 [org.apache.hadoop.util.JvmPauseMonitor$Monitor@72ba1bc7] INFO  util.JvmPauseMonitor (JvmPauseMonitor.java:run(188)) - Starting JVM pause monitor
2021-08-10 11:26:10,529 [Datanode State Machine Task Thread - 0] INFO  datanode.InitDatanodeState (InitDatanodeState.java:persistContainerDatanodeDetails(145)) - DatanodeDetails is persisted to /home/runner/work/ozone/ozone/hadoop-ozone/integration-test/target/test-dir/MiniOzoneClusterImpl-186fefdd-2a8f-4691-bed1-86a244a8ddcd/datanode-2/meta/datanode.id
2021-08-10 11:26:11,451 [Listener at 127.0.0.1/42373] INFO  ozone.MiniOzoneClusterImpl (MiniOzoneClusterImpl.java:lambda$waitForClusterToBeReady$0(235)) - Waiting for nodes to be ready. Got 0 of 3 DN Heartbeats.
2021-08-10 11:26:11,451 [Listener at 127.0.0.1/42373] INFO  ozone.MiniOzoneClusterImpl (MiniOzoneClusterImpl.java:lambda$waitForClusterToBeReady$0(238)) - Waiting for cluster to exit safe mode
2021-08-10 11:26:11,451 [Listener at 127.0.0.1/42373] INFO  ozone.MiniOzoneClusterImpl (MiniOzoneClusterImpl.java:lambda$waitForClusterToBeReady$0(240)) - SCM became leader
2021-08-10 11:26:11,768 [EndpointStateMachine task thread for /0.0.0.0:37665 - 0 ] INFO  ozoneimpl.OzoneContainer (OzoneContainer.java:start(305)) - Attempting to start container services.
2021-08-10 11:26:11,768 [EndpointStateMachine task thread for /0.0.0.0:37665 - 0 ] INFO  ozoneimpl.OzoneContainer (OzoneContainer.java:startContainerScrub(250)) - Background container scanner has been disabled.
2021-08-10 11:26:11,769 [EndpointStateMachine task thread for /0.0.0.0:37665 - 0 ] INFO  replication.ReplicationServer (ReplicationServer.java:start(106)) - ReplicationServer is started using port 45033
2021-08-10 11:26:11,770 [EndpointStateMachine task thread for /0.0.0.0:37665 - 0 ] INFO  ratis.XceiverServerRatis (XceiverServerRatis.java:start(478)) - Starting XceiverServerRatis 4d94af01-e9ec-4925-937d-7224b820b8c4
2021-08-10 11:26:11,803 [EndpointStateMachine task thread for /0.0.0.0:37665 - 0 ] INFO  server.RaftServer (RaftServerProxy.java:lambda$start$5(374)) - 4d94af01-e9ec-4925-937d-7224b820b8c4: start RPC server
2021-08-10 11:26:11,811 [EndpointStateMachine task thread for /0.0.0.0:37665 - 0 ] INFO  server.GrpcService (GrpcService.java:startImpl(253)) - 4d94af01-e9ec-4925-937d-7224b820b8c4: GrpcService started, listening on 35013
2021-08-10 11:26:11,827 [EndpointStateMachine task thread for /0.0.0.0:37665 - 0 ] INFO  ratis.XceiverServerRatis (XceiverServerRatis.java:getRealPort(499)) - XceiverServerRatis 4d94af01-e9ec-4925-937d-7224b820b8c4 is started using port 35013 for RATIS
2021-08-10 11:26:11,827 [EndpointStateMachine task thread for /0.0.0.0:37665 - 0 ] INFO  ratis.XceiverServerRatis (XceiverServerRatis.java:getRealPort(499)) - XceiverServerRatis 4d94af01-e9ec-4925-937d-7224b820b8c4 is started using port 35013 for RATIS_ADMIN
2021-08-10 11:26:11,827 [EndpointStateMachine task thread for /0.0.0.0:37665 - 0 ] INFO  ratis.XceiverServerRatis (XceiverServerRatis.java:getRealPort(499)) - XceiverServerRatis 4d94af01-e9ec-4925-937d-7224b820b8c4 is started using port 35013 for RATIS_SERVER
2021-08-10 11:26:11,828 [org.apache.ratis.util.JvmPauseMonitor$$Lambda$531/1356735220@528c2bd7] INFO  util.JvmPauseMonitor (JvmPauseMonitor.java:run(103)) - JvmPauseMonitor-4d94af01-e9ec-4925-937d-7224b820b8c4: Started
2021-08-10 11:26:11,829 [EndpointStateMachine task thread for /0.0.0.0:37665 - 0 ] INFO  server.XceiverServerGrpc (XceiverServerGrpc.java:start(135)) - XceiverServerGrpc 4d94af01-e9ec-4925-937d-7224b820b8c4 is started using port 37735
2021-08-10 11:26:12,153 [EndpointStateMachine task thread for /0.0.0.0:37665 - 0 ] INFO  ozoneimpl.OzoneContainer (OzoneContainer.java:start(305)) - Attempting to start container services.
2021-08-10 11:26:12,153 [EndpointStateMachine task thread for /0.0.0.0:37665 - 0 ] INFO  ozoneimpl.OzoneContainer (OzoneContainer.java:startContainerScrub(250)) - Background container scanner has been disabled.
2021-08-10 11:26:12,154 [EndpointStateMachine task thread for /0.0.0.0:37665 - 0 ] INFO  replication.ReplicationServer (ReplicationServer.java:start(106)) - ReplicationServer is started using port 38943
2021-08-10 11:26:12,180 [EndpointStateMachine task thread for /0.0.0.0:37665 - 0 ] INFO  ratis.XceiverServerRatis (XceiverServerRatis.java:start(478)) - Starting XceiverServerRatis 339f746c-e925-490d-95d5-f42b6c2ebdb1
2021-08-10 11:26:12,186 [EndpointStateMachine task thread for /0.0.0.0:37665 - 0 ] INFO  server.RaftServer (RaftServerProxy.java:lambda$start$5(374)) - 339f746c-e925-490d-95d5-f42b6c2ebdb1: start RPC server
2021-08-10 11:26:12,187 [EndpointStateMachine task thread for /0.0.0.0:37665 - 0 ] INFO  server.GrpcService (GrpcService.java:startImpl(253)) - 339f746c-e925-490d-95d5-f42b6c2ebdb1: GrpcService started, listening on 44359
2021-08-10 11:26:12,187 [EndpointStateMachine task thread for /0.0.0.0:37665 - 0 ] INFO  ratis.XceiverServerRatis (XceiverServerRatis.java:getRealPort(499)) - XceiverServerRatis 339f746c-e925-490d-95d5-f42b6c2ebdb1 is started using port 44359 for RATIS
2021-08-10 11:26:12,187 [EndpointStateMachine task thread for /0.0.0.0:37665 - 0 ] INFO  ratis.XceiverServerRatis (XceiverServerRatis.java:getRealPort(499)) - XceiverServerRatis 339f746c-e925-490d-95d5-f42b6c2ebdb1 is started using port 44359 for RATIS_ADMIN
2021-08-10 11:26:12,187 [EndpointStateMachine task thread for /0.0.0.0:37665 - 0 ] INFO  ratis.XceiverServerRatis (XceiverServerRatis.java:getRealPort(499)) - XceiverServerRatis 339f746c-e925-490d-95d5-f42b6c2ebdb1 is started using port 44359 for RATIS_SERVER
2021-08-10 11:26:12,187 [EndpointStateMachine task thread for /0.0.0.0:37665 - 0 ] INFO  server.XceiverServerGrpc (XceiverServerGrpc.java:start(135)) - XceiverServerGrpc 339f746c-e925-490d-95d5-f42b6c2ebdb1 is started using port 37693
2021-08-10 11:26:12,204 [org.apache.ratis.util.JvmPauseMonitor$$Lambda$531/1356735220@747b0e5e] INFO  util.JvmPauseMonitor (JvmPauseMonitor.java:run(103)) - JvmPauseMonitor-339f746c-e925-490d-95d5-f42b6c2ebdb1: Started
2021-08-10 11:26:12,452 [Listener at 127.0.0.1/42373] INFO  ozone.MiniOzoneClusterImpl (MiniOzoneClusterImpl.java:lambda$waitForClusterToBeReady$0(235)) - Waiting for nodes to be ready. Got 0 of 3 DN Heartbeats.
2021-08-10 11:26:12,452 [Listener at 127.0.0.1/42373] INFO  ozone.MiniOzoneClusterImpl (MiniOzoneClusterImpl.java:lambda$waitForClusterToBeReady$0(238)) - Waiting for cluster to exit safe mode
2021-08-10 11:26:12,452 [Listener at 127.0.0.1/42373] INFO  ozone.MiniOzoneClusterImpl (MiniOzoneClusterImpl.java:lambda$waitForClusterToBeReady$0(240)) - SCM became leader
2021-08-10 11:26:12,530 [EndpointStateMachine task thread for /0.0.0.0:37665 - 0 ] INFO  ozoneimpl.OzoneContainer (OzoneContainer.java:start(305)) - Attempting to start container services.
2021-08-10 11:26:12,530 [EndpointStateMachine task thread for /0.0.0.0:37665 - 0 ] INFO  ozoneimpl.OzoneContainer (OzoneContainer.java:startContainerScrub(250)) - Background container scanner has been disabled.
2021-08-10 11:26:12,531 [EndpointStateMachine task thread for /0.0.0.0:37665 - 0 ] INFO  replication.ReplicationServer (ReplicationServer.java:start(106)) - ReplicationServer is started using port 33303
2021-08-10 11:26:12,561 [EndpointStateMachine task thread for /0.0.0.0:37665 - 0 ] INFO  ratis.XceiverServerRatis (XceiverServerRatis.java:start(478)) - Starting XceiverServerRatis 7badb8be-700e-4b6f-aeeb-f12993943ca1
2021-08-10 11:26:12,581 [EndpointStateMachine task thread for /0.0.0.0:37665 - 0 ] INFO  server.RaftServer (RaftServerProxy.java:lambda$start$5(374)) - 7badb8be-700e-4b6f-aeeb-f12993943ca1: start RPC server
2021-08-10 11:26:12,582 [EndpointStateMachine task thread for /0.0.0.0:37665 - 0 ] INFO  server.GrpcService (GrpcService.java:startImpl(253)) - 7badb8be-700e-4b6f-aeeb-f12993943ca1: GrpcService started, listening on 33315
2021-08-10 11:26:12,582 [EndpointStateMachine task thread for /0.0.0.0:37665 - 0 ] INFO  ratis.XceiverServerRatis (XceiverServerRatis.java:getRealPort(499)) - XceiverServerRatis 7badb8be-700e-4b6f-aeeb-f12993943ca1 is started using port 33315 for RATIS
2021-08-10 11:26:12,582 [EndpointStateMachine task thread for /0.0.0.0:37665 - 0 ] INFO  ratis.XceiverServerRatis (XceiverServerRatis.java:getRealPort(499)) - XceiverServerRatis 7badb8be-700e-4b6f-aeeb-f12993943ca1 is started using port 33315 for RATIS_ADMIN
2021-08-10 11:26:12,583 [EndpointStateMachine task thread for /0.0.0.0:37665 - 0 ] INFO  ratis.XceiverServerRatis (XceiverServerRatis.java:getRealPort(499)) - XceiverServerRatis 7badb8be-700e-4b6f-aeeb-f12993943ca1 is started using port 33315 for RATIS_SERVER
2021-08-10 11:26:12,583 [EndpointStateMachine task thread for /0.0.0.0:37665 - 0 ] INFO  server.XceiverServerGrpc (XceiverServerGrpc.java:start(135)) - XceiverServerGrpc 7badb8be-700e-4b6f-aeeb-f12993943ca1 is started using port 39561
2021-08-10 11:26:12,595 [org.apache.ratis.util.JvmPauseMonitor$$Lambda$531/1356735220@2212a7d2] INFO  util.JvmPauseMonitor (JvmPauseMonitor.java:run(103)) - JvmPauseMonitor-7badb8be-700e-4b6f-aeeb-f12993943ca1: Started
2021-08-10 11:26:13,452 [Listener at 127.0.0.1/42373] INFO  ozone.MiniOzoneClusterImpl (MiniOzoneClusterImpl.java:lambda$waitForClusterToBeReady$0(235)) - Waiting for nodes to be ready. Got 0 of 3 DN Heartbeats.
2021-08-10 11:26:13,452 [Listener at 127.0.0.1/42373] INFO  ozone.MiniOzoneClusterImpl (MiniOzoneClusterImpl.java:lambda$waitForClusterToBeReady$0(238)) - Waiting for cluster to exit safe mode
2021-08-10 11:26:13,452 [Listener at 127.0.0.1/42373] INFO  ozone.MiniOzoneClusterImpl (MiniOzoneClusterImpl.java:lambda$waitForClusterToBeReady$0(240)) - SCM became leader
2021-08-10 11:26:13,723 [IPC Server handler 1 on default port 37665] INFO  net.NetworkTopologyImpl (NetworkTopologyImpl.java:add(112)) - Added a new node: /default-rack/4d94af01-e9ec-4925-937d-7224b820b8c4
2021-08-10 11:26:13,724 [IPC Server handler 1 on default port 37665] INFO  node.SCMNodeManager (SCMNodeManager.java:register(390)) - Registered Data node : 4d94af01-e9ec-4925-937d-7224b820b8c4{ip: 10.1.0.32, host: fv-az116-838.vzw04321ajxubdbcnpick5nqva.xx.internal.cloudapp.net, ports: [REPLICATION=45033, RATIS=35013, RATIS_ADMIN=35013, RATIS_SERVER=35013, STANDALONE=37735], networkLocation: /default-rack, certSerialId: null, persistedOpState: null, persistedOpStateExpiryEpochSec: 0}
2021-08-10 11:26:13,728 [EventQueue-NodeRegistrationContainerReportForDataNodeSafeModeRule] INFO  safemode.SCMSafeModeManager (DataNodeSafeModeRule.java:process(71)) - SCM in safe mode. 1 DataNodes registered, 3 required.
2021-08-10 11:26:13,728 [EventQueue-NodeRegistrationContainerReportForContainerSafeModeRule] INFO  safemode.SCMSafeModeManager (SCMSafeModeManager.java:validateSafeModeExitRules(204)) - ContainerSafeModeRule rule is successfully validated
2021-08-10 11:26:13,740 [EventQueue-NewNodeForNewNodeHandler] INFO  pipeline.BackgroundPipelineCreator (BackgroundPipelineCreatorV2.java:notifyEventTriggered(285)) - trigger a one-shot run on RatisPipelineUtilsThread.
2021-08-10 11:26:13,740 [RatisPipelineUtilsThread - 0] INFO  pipeline.RatisPipelineProvider (RatisPipelineProvider.java:lambda$create$0(183)) - Sending CreatePipelineCommand for pipeline:PipelineID=e5d273f1-686b-406e-8809-8448a9773288 to datanode:4d94af01-e9ec-4925-937d-7224b820b8c4
2021-08-10 11:26:13,744 [RatisPipelineUtilsThread - 0] INFO  pipeline.PipelineStateManager (PipelineStateManagerV2Impl.java:addPipeline(101)) - Created pipeline Pipeline[ Id: e5d273f1-686b-406e-8809-8448a9773288, Nodes: 4d94af01-e9ec-4925-937d-7224b820b8c4{ip: 10.1.0.32, host: fv-az116-838.vzw04321ajxubdbcnpick5nqva.xx.internal.cloudapp.net, ports: [REPLICATION=45033, RATIS=35013, RATIS_ADMIN=35013, RATIS_SERVER=35013, STANDALONE=37735], networkLocation: /default-rack, certSerialId: null, persistedOpState: IN_SERVICE, persistedOpStateExpiryEpochSec: 0}, ReplicationConfig: RATIS/ONE, State:ALLOCATED, leaderId:, CreationTimestamp2021-08-10T11:26:13.740Z[Etc/UTC]].
2021-08-10 11:26:13,771 [EventQueue-PipelineReportForOneReplicaPipelineSafeModeRule] INFO  safemode.SCMSafeModeManager (SCMSafeModeManager.java:validateSafeModeExitRules(204)) - AtleastOneDatanodeReportedRule rule is successfully validated
2021-08-10 11:26:14,123 [IPC Server handler 2 on default port 37665] INFO  net.NetworkTopologyImpl (NetworkTopologyImpl.java:add(112)) - Added a new node: /default-rack/339f746c-e925-490d-95d5-f42b6c2ebdb1
2021-08-10 11:26:14,123 [IPC Server handler 2 on default port 37665] INFO  node.SCMNodeManager (SCMNodeManager.java:register(390)) - Registered Data node : 339f746c-e925-490d-95d5-f42b6c2ebdb1{ip: 10.1.0.32, host: fv-az116-838.vzw04321ajxubdbcnpick5nqva.xx.internal.cloudapp.net, ports: [REPLICATION=38943, RATIS=44359, RATIS_ADMIN=44359, RATIS_SERVER=44359, STANDALONE=37693], networkLocation: /default-rack, certSerialId: null, persistedOpState: null, persistedOpStateExpiryEpochSec: 0}
2021-08-10 11:26:14,123 [EventQueue-NewNodeForNewNodeHandler] INFO  pipeline.BackgroundPipelineCreator (BackgroundPipelineCreatorV2.java:notifyEventTriggered(285)) - trigger a one-shot run on RatisPipelineUtilsThread.
2021-08-10 11:26:14,134 [RatisPipelineUtilsThread - 0] INFO  pipeline.RatisPipelineProvider (RatisPipelineProvider.java:lambda$create$0(183)) - Sending CreatePipelineCommand for pipeline:PipelineID=3c85e567-cef6-4460-8a53-eeb6f52ad3b8 to datanode:339f746c-e925-490d-95d5-f42b6c2ebdb1
2021-08-10 11:26:14,134 [RatisPipelineUtilsThread - 0] INFO  pipeline.PipelineStateManager (PipelineStateManagerV2Impl.java:addPipeline(101)) - Created pipeline Pipeline[ Id: 3c85e567-cef6-4460-8a53-eeb6f52ad3b8, Nodes: 339f746c-e925-490d-95d5-f42b6c2ebdb1{ip: 10.1.0.32, host: fv-az116-838.vzw04321ajxubdbcnpick5nqva.xx.internal.cloudapp.net, ports: [REPLICATION=38943, RATIS=44359, RATIS_ADMIN=44359, RATIS_SERVER=44359, STANDALONE=37693], networkLocation: /default-rack, certSerialId: null, persistedOpState: IN_SERVICE, persistedOpStateExpiryEpochSec: 0}, ReplicationConfig: RATIS/ONE, State:ALLOCATED, leaderId:, CreationTimestamp2021-08-10T11:26:14.134Z[Etc/UTC]].
2021-08-10 11:26:14,135 [EventQueue-NodeRegistrationContainerReportForDataNodeSafeModeRule] INFO  safemode.SCMSafeModeManager (DataNodeSafeModeRule.java:process(71)) - SCM in safe mode. 2 DataNodes registered, 3 required.
2021-08-10 11:26:14,452 [Listener at 127.0.0.1/42373] INFO  ozone.MiniOzoneClusterImpl (MiniOzoneClusterImpl.java:lambda$waitForClusterToBeReady$0(235)) - Waiting for nodes to be ready. Got 2 of 3 DN Heartbeats.
2021-08-10 11:26:14,453 [Listener at 127.0.0.1/42373] INFO  ozone.MiniOzoneClusterImpl (MiniOzoneClusterImpl.java:lambda$waitForClusterToBeReady$0(238)) - Waiting for cluster to exit safe mode
2021-08-10 11:26:14,453 [Listener at 127.0.0.1/42373] INFO  ozone.MiniOzoneClusterImpl (MiniOzoneClusterImpl.java:lambda$waitForClusterToBeReady$0(240)) - SCM became leader
2021-08-10 11:26:14,509 [IPC Server handler 8 on default port 37665] INFO  net.NetworkTopologyImpl (NetworkTopologyImpl.java:add(112)) - Added a new node: /default-rack/7badb8be-700e-4b6f-aeeb-f12993943ca1
2021-08-10 11:26:14,509 [IPC Server handler 8 on default port 37665] INFO  node.SCMNodeManager (SCMNodeManager.java:register(390)) - Registered Data node : 7badb8be-700e-4b6f-aeeb-f12993943ca1{ip: 10.1.0.32, host: fv-az116-838.vzw04321ajxubdbcnpick5nqva.xx.internal.cloudapp.net, ports: [REPLICATION=33303, RATIS=33315, RATIS_ADMIN=33315, RATIS_SERVER=33315, STANDALONE=39561], networkLocation: /default-rack, certSerialId: null, persistedOpState: null, persistedOpStateExpiryEpochSec: 0}
2021-08-10 11:26:14,510 [EventQueue-NewNodeForNewNodeHandler] INFO  pipeline.BackgroundPipelineCreator (BackgroundPipelineCreatorV2.java:notifyEventTriggered(285)) - trigger a one-shot run on RatisPipelineUtilsThread.
2021-08-10 11:26:14,520 [RatisPipelineUtilsThread - 0] INFO  pipeline.RatisPipelineProvider (RatisPipelineProvider.java:lambda$create$0(183)) - Sending CreatePipelineCommand for pipeline:PipelineID=dcc8b3ca-5dd5-485d-81b9-5481500b10c5 to datanode:7badb8be-700e-4b6f-aeeb-f12993943ca1
2021-08-10 11:26:14,521 [RatisPipelineUtilsThread - 0] INFO  pipeline.PipelineStateManager (PipelineStateManagerV2Impl.java:addPipeline(101)) - Created pipeline Pipeline[ Id: dcc8b3ca-5dd5-485d-81b9-5481500b10c5, Nodes: 7badb8be-700e-4b6f-aeeb-f12993943ca1{ip: 10.1.0.32, host: fv-az116-838.vzw04321ajxubdbcnpick5nqva.xx.internal.cloudapp.net, ports: [REPLICATION=33303, RATIS=33315, RATIS_ADMIN=33315, RATIS_SERVER=33315, STANDALONE=39561], networkLocation: /default-rack, certSerialId: null, persistedOpState: IN_SERVICE, persistedOpStateExpiryEpochSec: 0}, ReplicationConfig: RATIS/ONE, State:ALLOCATED, leaderId:, CreationTimestamp2021-08-10T11:26:14.520Z[Etc/UTC]].
2021-08-10 11:26:14,521 [EventQueue-NodeRegistrationContainerReportForDataNodeSafeModeRule] INFO  safemode.SCMSafeModeManager (DataNodeSafeModeRule.java:process(71)) - SCM in safe mode. 3 DataNodes registered, 3 required.
2021-08-10 11:26:14,521 [EventQueue-NodeRegistrationContainerReportForDataNodeSafeModeRule] INFO  safemode.SCMSafeModeManager (SCMSafeModeManager.java:validateSafeModeExitRules(204)) - DataNodeSafeModeRule rule is successfully validated
2021-08-10 11:26:14,521 [EventQueue-NodeRegistrationContainerReportForDataNodeSafeModeRule] INFO  safemode.SCMSafeModeManager (SCMSafeModeManager.java:completePreCheck(233)) - All SCM safe mode pre check rules have passed
2021-08-10 11:26:14,521 [EventQueue-NodeRegistrationContainerReportForDataNodeSafeModeRule] WARN  events.EventQueue (EventQueue.java:fireEvent(194)) - No event handler registered for event TypedEvent{payloadType=SafeModeStatus, name='Safe mode status'}
2021-08-10 11:26:14,521 [EventQueue-NodeRegistrationContainerReportForDataNodeSafeModeRule] INFO  ha.SCMContext (SCMContext.java:updateSafeModeStatus(205)) - Update SafeModeStatus from SafeModeStatus{safeModeStatus=true, preCheckPassed=false} to SafeModeStatus{safeModeStatus=true, preCheckPassed=true}.
2021-08-10 11:26:14,521 [EventQueue-NodeRegistrationContainerReportForDataNodeSafeModeRule] INFO  pipeline.BackgroundPipelineCreator (BackgroundPipelineCreatorV2.java:notifyEventTriggered(285)) - trigger a one-shot run on RatisPipelineUtilsThread.
2021-08-10 11:26:14,522 [RatisPipelineUtilsThread - 0] INFO  pipeline.RatisPipelineProvider (RatisPipelineProvider.java:lambda$create$0(183)) - Sending CreatePipelineCommand for pipeline:PipelineID=4266e20e-f890-416b-9821-177d03a42d3f to datanode:339f746c-e925-490d-95d5-f42b6c2ebdb1
2021-08-10 11:26:14,522 [RatisPipelineUtilsThread - 0] INFO  pipeline.RatisPipelineProvider (RatisPipelineProvider.java:lambda$create$0(183)) - Sending CreatePipelineCommand for pipeline:PipelineID=4266e20e-f890-416b-9821-177d03a42d3f to datanode:4d94af01-e9ec-4925-937d-7224b820b8c4
2021-08-10 11:26:14,522 [RatisPipelineUtilsThread - 0] INFO  pipeline.RatisPipelineProvider (RatisPipelineProvider.java:lambda$create$0(183)) - Sending CreatePipelineCommand for pipeline:PipelineID=4266e20e-f890-416b-9821-177d03a42d3f to datanode:7badb8be-700e-4b6f-aeeb-f12993943ca1
2021-08-10 11:26:14,523 [RatisPipelineUtilsThread - 0] INFO  pipeline.PipelineStateManager (PipelineStateManagerV2Impl.java:addPipeline(101)) - Created pipeline Pipeline[ Id: 4266e20e-f890-416b-9821-177d03a42d3f, Nodes: 339f746c-e925-490d-95d5-f42b6c2ebdb1{ip: 10.1.0.32, host: fv-az116-838.vzw04321ajxubdbcnpick5nqva.xx.internal.cloudapp.net, ports: [REPLICATION=38943, RATIS=44359, RATIS_ADMIN=44359, RATIS_SERVER=44359, STANDALONE=37693], networkLocation: /default-rack, certSerialId: null, persistedOpState: IN_SERVICE, persistedOpStateExpiryEpochSec: 0}4d94af01-e9ec-4925-937d-7224b820b8c4{ip: 10.1.0.32, host: fv-az116-838.vzw04321ajxubdbcnpick5nqva.xx.internal.cloudapp.net, ports: [REPLICATION=45033, RATIS=35013, RATIS_ADMIN=35013, RATIS_SERVER=35013, STANDALONE=37735], networkLocation: /default-rack, certSerialId: null, persistedOpState: IN_SERVICE, persistedOpStateExpiryEpochSec: 0}7badb8be-700e-4b6f-aeeb-f12993943ca1{ip: 10.1.0.32, host: fv-az116-838.vzw04321ajxubdbcnpick5nqva.xx.internal.cloudapp.net, ports: [REPLICATION=33303, RATIS=33315, RATIS_ADMIN=33315, RATIS_SERVER=33315, STANDALONE=39561], networkLocation: /default-rack, certSerialId: null, persistedOpState: IN_SERVICE, persistedOpStateExpiryEpochSec: 0}, ReplicationConfig: RATIS/THREE, State:ALLOCATED, leaderId:, CreationTimestamp2021-08-10T11:26:14.522Z[Etc/UTC]].
2021-08-10 11:26:14,523 [RatisPipelineUtilsThread - 0] INFO  pipeline.RatisPipelineProvider (RatisPipelineProvider.java:lambda$create$0(183)) - Sending CreatePipelineCommand for pipeline:PipelineID=63ce6eb1-30ad-45b8-b1b7-e28b04f22a7a to datanode:4d94af01-e9ec-4925-937d-7224b820b8c4
2021-08-10 11:26:14,523 [RatisPipelineUtilsThread - 0] INFO  pipeline.RatisPipelineProvider (RatisPipelineProvider.java:lambda$create$0(183)) - Sending CreatePipelineCommand for pipeline:PipelineID=63ce6eb1-30ad-45b8-b1b7-e28b04f22a7a to datanode:339f746c-e925-490d-95d5-f42b6c2ebdb1
2021-08-10 11:26:14,523 [RatisPipelineUtilsThread - 0] INFO  pipeline.RatisPipelineProvider (RatisPipelineProvider.java:lambda$create$0(183)) - Sending CreatePipelineCommand for pipeline:PipelineID=63ce6eb1-30ad-45b8-b1b7-e28b04f22a7a to datanode:7badb8be-700e-4b6f-aeeb-f12993943ca1
2021-08-10 11:26:14,529 [RatisPipelineUtilsThread - 0] INFO  pipeline.PipelineStateManager (PipelineStateManagerV2Impl.java:addPipeline(101)) - Created pipeline Pipeline[ Id: 63ce6eb1-30ad-45b8-b1b7-e28b04f22a7a, Nodes: 4d94af01-e9ec-4925-937d-7224b820b8c4{ip: 10.1.0.32, host: fv-az116-838.vzw04321ajxubdbcnpick5nqva.xx.internal.cloudapp.net, ports: [REPLICATION=45033, RATIS=35013, RATIS_ADMIN=35013, RATIS_SERVER=35013, STANDALONE=37735], networkLocation: /default-rack, certSerialId: null, persistedOpState: IN_SERVICE, persistedOpStateExpiryEpochSec: 0}339f746c-e925-490d-95d5-f42b6c2ebdb1{ip: 10.1.0.32, host: fv-az116-838.vzw04321ajxubdbcnpick5nqva.xx.internal.cloudapp.net, ports: [REPLICATION=38943, RATIS=44359, RATIS_ADMIN=44359, RATIS_SERVER=44359, STANDALONE=37693], networkLocation: /default-rack, certSerialId: null, persistedOpState: IN_SERVICE, persistedOpStateExpiryEpochSec: 0}7badb8be-700e-4b6f-aeeb-f12993943ca1{ip: 10.1.0.32, host: fv-az116-838.vzw04321ajxubdbcnpick5nqva.xx.internal.cloudapp.net, ports: [REPLICATION=33303, RATIS=33315, RATIS_ADMIN=33315, RATIS_SERVER=33315, STANDALONE=39561], networkLocation: /default-rack, certSerialId: null, persistedOpState: IN_SERVICE, persistedOpStateExpiryEpochSec: 0}, ReplicationConfig: RATIS/THREE, State:ALLOCATED, leaderId:, CreationTimestamp2021-08-10T11:26:14.523Z[Etc/UTC]].
2021-08-10 11:26:14,530 [RatisPipelineUtilsThread - 0] INFO  pipeline.PipelineManagerImpl (PipelineManagerImpl.java:recordMetricsForPipeline(614)) - Pipeline: PipelineID=63ce6eb1-30ad-45b8-b1b7-e28b04f22a7a contains same datanodes as previous pipelines: PipelineID=4266e20e-f890-416b-9821-177d03a42d3f nodeIds: 4d94af01-e9ec-4925-937d-7224b820b8c4, 339f746c-e925-490d-95d5-f42b6c2ebdb1, 7badb8be-700e-4b6f-aeeb-f12993943ca1
2021-08-10 11:26:15,453 [Listener at 127.0.0.1/42373] INFO  ozone.MiniOzoneClusterImpl (MiniOzoneClusterImpl.java:lambda$waitForClusterToBeReady$0(235)) - Nodes are ready. Got 3 of 3 DN Heartbeats.
2021-08-10 11:26:15,453 [Listener at 127.0.0.1/42373] INFO  ozone.MiniOzoneClusterImpl (MiniOzoneClusterImpl.java:lambda$waitForClusterToBeReady$0(238)) - Waiting for cluster to exit safe mode
2021-08-10 11:26:15,453 [Listener at 127.0.0.1/42373] INFO  ozone.MiniOzoneClusterImpl (MiniOzoneClusterImpl.java:lambda$waitForClusterToBeReady$0(240)) - SCM became leader
2021-08-10 11:26:16,453 [Listener at 127.0.0.1/42373] INFO  ozone.MiniOzoneClusterImpl (MiniOzoneClusterImpl.java:lambda$waitForClusterToBeReady$0(235)) - Nodes are ready. Got 3 of 3 DN Heartbeats.
2021-08-10 11:26:16,453 [Listener at 127.0.0.1/42373] INFO  ozone.MiniOzoneClusterImpl (MiniOzoneClusterImpl.java:lambda$waitForClusterToBeReady$0(238)) - Waiting for cluster to exit safe mode
2021-08-10 11:26:16,454 [Listener at 127.0.0.1/42373] INFO  ozone.MiniOzoneClusterImpl (MiniOzoneClusterImpl.java:lambda$waitForClusterToBeReady$0(240)) - SCM became leader
2021-08-10 11:26:16,723 [Command processor thread] INFO  server.RaftServer (RaftServerProxy.java:addNew(95)) - 4d94af01-e9ec-4925-937d-7224b820b8c4: addNew group-8448A9773288:[4d94af01-e9ec-4925-937d-7224b820b8c4|rpc:10.1.0.32:35013|priority:1] returns group-8448A9773288:java.util.concurrent.CompletableFuture@5aa9469e[Not completed]
2021-08-10 11:26:16,728 [pool-369-thread-1] INFO  server.RaftServer$Division (RaftServerImpl.java:<init>(181)) - 4d94af01-e9ec-4925-937d-7224b820b8c4: new RaftServerImpl for group-8448A9773288:[4d94af01-e9ec-4925-937d-7224b820b8c4|rpc:10.1.0.32:35013|priority:1] with ContainerStateMachine:uninitialized
2021-08-10 11:26:16,728 [pool-369-thread-1] INFO  server.RaftServerConfigKeys (ConfUtils.java:logGet(44)) - raft.server.rpc.timeout.min = 5s (custom)
2021-08-10 11:26:16,728 [pool-369-thread-1] INFO  server.RaftServerConfigKeys (ConfUtils.java:logGet(44)) - raft.server.rpc.timeout.max = 5200ms (custom)
2021-08-10 11:26:16,728 [pool-369-thread-1] INFO  server.RaftServerConfigKeys (ConfUtils.java:logGet(44)) - raft.server.rpc.sleep.time = 25ms (default)
2021-08-10 11:26:16,728 [pool-369-thread-1] INFO  server.RaftServerConfigKeys (ConfUtils.java:logGet(44)) - raft.server.rpc.slowness.timeout = 300s (custom)
2021-08-10 11:26:16,728 [pool-369-thread-1] INFO  server.RaftServerConfigKeys (ConfUtils.java:logGet(44)) - raft.server.leaderelection.leader.step-down.wait-time = 10s (default)
2021-08-10 11:26:16,733 [pool-369-thread-1] INFO  server.RaftServerConfigKeys (ConfUtils.java:logGet(44)) - raft.server.sleep.deviation.threshold = 300ms (default)
2021-08-10 11:26:16,734 [pool-369-thread-1] INFO  server.RaftServerConfigKeys (ConfUtils.java:logGet(44)) - raft.server.log.appender.install.snapshot.enabled = false (custom)
2021-08-10 11:26:16,734 [pool-369-thread-1] INFO  server.RaftServer$Division (ServerState.java:<init>(105)) - 4d94af01-e9ec-4925-937d-7224b820b8c4@group-8448A9773288: ConfigurationManager, init=-1: [4d94af01-e9ec-4925-937d-7224b820b8c4|rpc:10.1.0.32:35013|priority:1], old=null, confs=<EMPTY_MAP>
2021-08-10 11:26:16,734 [pool-369-thread-1] INFO  server.RaftServerConfigKeys (ConfUtils.java:logGet(44)) - raft.server.storage.dir = [/home/runner/work/ozone/ozone/hadoop-ozone/integration-test/target/test-dir/MiniOzoneClusterImpl-186fefdd-2a8f-4691-bed1-86a244a8ddcd/datanode-0/data/ratis] (custom)
2021-08-10 11:26:16,734 [pool-369-thread-1] INFO  server.RaftServerConfigKeys (ConfUtils.java:logGet(44)) - raft.server.log.corruption.policy = EXCEPTION (default)
2021-08-10 11:26:16,734 [pool-369-thread-1] INFO  server.RaftServerConfigKeys (ConfUtils.java:logGet(44)) - raft.server.storage.free-space.min = 0MB (=0) (default)
2021-08-10 11:26:16,734 [pool-369-thread-1] INFO  storage.RaftStorageDirectory (RaftStorageDirectoryImpl.java:analyzeStorage(135)) - The storage directory /home/runner/work/ozone/ozone/hadoop-ozone/integration-test/target/test-dir/MiniOzoneClusterImpl-186fefdd-2a8f-4691-bed1-86a244a8ddcd/datanode-0/data/ratis/e5d273f1-686b-406e-8809-8448a9773288 does not exist. Creating ...
2021-08-10 11:26:16,741 [pool-369-thread-1] INFO  storage.RaftStorageDirectory (RaftStorageDirectoryImpl.java:tryLock(230)) - Lock on /home/runner/work/ozone/ozone/hadoop-ozone/integration-test/target/test-dir/MiniOzoneClusterImpl-186fefdd-2a8f-4691-bed1-86a244a8ddcd/datanode-0/data/ratis/e5d273f1-686b-406e-8809-8448a9773288/in_use.lock acquired by nodename 21326@fv-az116-838
2021-08-10 11:26:16,744 [pool-369-thread-1] INFO  storage.RaftStorage (RaftStorageImpl.java:format(89)) - Storage directory /home/runner/work/ozone/ozone/hadoop-ozone/integration-test/target/test-dir/MiniOzoneClusterImpl-186fefdd-2a8f-4691-bed1-86a244a8ddcd/datanode-0/data/ratis/e5d273f1-686b-406e-8809-8448a9773288 has been successfully formatted.
2021-08-10 11:26:16,745 [pool-369-thread-1] INFO  ratis.ContainerStateMachine (ContainerStateMachine.java:loadSnapshot(223)) - group-8448A9773288: The snapshot info is null. Setting the last applied indexto:(t:0, i:~)
2021-08-10 11:26:16,746 [pool-369-thread-1] INFO  server.RaftServerConfigKeys (ConfUtils.java:logGet(44)) - raft.server.notification.no-leader.timeout = 300s (custom)
2021-08-10 11:26:16,746 [pool-369-thread-1] INFO  server.RaftServerConfigKeys (ConfUtils.java:logGet(44)) - raft.server.log.use.memory = false (default)
2021-08-10 11:26:16,746 [pool-369-thread-1] INFO  server.RaftServerConfigKeys (ConfUtils.java:logGet(44)) - raft.server.log.purge.gap = 1000000 (custom)
2021-08-10 11:26:16,746 [pool-369-thread-1] INFO  server.RaftServerConfigKeys (ConfUtils.java:logGet(44)) - raft.server.log.appender.buffer.byte-limit = 33554432 (custom)
2021-08-10 11:26:16,746 [Datanode State Machine Thread - 0] WARN  statemachine.StateContext (StateContext.java:execute(621)) - No available thread in pool for past 1 seconds.
2021-08-10 11:26:16,746 [pool-369-thread-1] INFO  server.RaftServerConfigKeys (ConfUtils.java:logGet(44)) - raft.server.log.segment.size.max = 1048576 (custom)
2021-08-10 11:26:16,746 [pool-369-thread-1] INFO  server.RaftServerConfigKeys (ConfUtils.java:logGet(44)) - raft.server.log.segment.cache.num.max = 2 (custom)
2021-08-10 11:26:16,746 [pool-369-thread-1] INFO  server.RaftServerConfigKeys (ConfUtils.java:logGet(44)) - raft.server.log.segment.cache.size.max = 200MB (=209715200) (default)
2021-08-10 11:26:16,747 [pool-369-thread-1] INFO  segmented.SegmentedRaftLogWorker (SegmentedRaftLogWorker.java:<init>(182)) - new 4d94af01-e9ec-4925-937d-7224b820b8c4@group-8448A9773288-SegmentedRaftLogWorker for RaftStorageImpl:Storage Directory /home/runner/work/ozone/ozone/hadoop-ozone/integration-test/target/test-dir/MiniOzoneClusterImpl-186fefdd-2a8f-4691-bed1-86a244a8ddcd/datanode-0/data/ratis/e5d273f1-686b-406e-8809-8448a9773288
2021-08-10 11:26:16,747 [pool-369-thread-1] INFO  server.RaftServerConfigKeys (ConfUtils.java:logGet(44)) - raft.server.log.queue.byte-limit = 2147483647 (custom)
2021-08-10 11:26:16,747 [pool-369-thread-1] INFO  server.RaftServerConfigKeys (ConfUtils.java:logGet(44)) - raft.server.log.queue.element-limit = 1024 (custom)
2021-08-10 11:26:16,747 [pool-369-thread-1] INFO  server.RaftServerConfigKeys (ConfUtils.java:logGet(44)) - raft.server.log.segment.size.max = 1048576 (custom)
2021-08-10 11:26:16,747 [pool-369-thread-1] INFO  server.RaftServerConfigKeys (ConfUtils.java:logGet(44)) - raft.server.log.preallocated.size = 16384 (custom)
2021-08-10 11:26:16,747 [pool-369-thread-1] INFO  server.RaftServerConfigKeys (ConfUtils.java:logGet(44)) - raft.server.log.force.sync.num = 128 (default)
2021-08-10 11:26:16,748 [EventQueue-PipelineReportForPipelineReportHandler] INFO  pipeline.PipelineManagerImpl (PipelineManagerImpl.java:openPipeline(283)) - Pipeline Pipeline[ Id: e5d273f1-686b-406e-8809-8448a9773288, Nodes: 4d94af01-e9ec-4925-937d-7224b820b8c4{ip: 10.1.0.32, host: fv-az116-838.vzw04321ajxubdbcnpick5nqva.xx.internal.cloudapp.net, ports: [REPLICATION=45033, RATIS=35013, RATIS_ADMIN=35013, RATIS_SERVER=35013, STANDALONE=37735], networkLocation: /default-rack, certSerialId: null, persistedOpState: IN_SERVICE, persistedOpStateExpiryEpochSec: 0}, ReplicationConfig: RATIS/ONE, State:ALLOCATED, leaderId:4d94af01-e9ec-4925-937d-7224b820b8c4, CreationTimestamp2021-08-10T11:26:13.740Z[Etc/UTC]] moved to OPEN state
2021-08-10 11:26:16,767 [pool-369-thread-1] INFO  server.RaftServerConfigKeys (ConfUtils.java:logGet(44)) - raft.server.log.statemachine.data.sync = true (default)
2021-08-10 11:26:16,768 [pool-369-thread-1] INFO  server.RaftServerConfigKeys (ConfUtils.java:logGet(44)) - raft.server.log.statemachine.data.sync.timeout = 10s (default)
2021-08-10 11:26:16,768 [pool-369-thread-1] INFO  server.RaftServerConfigKeys (ConfUtils.java:logGet(44)) - raft.server.log.statemachine.data.sync.timeout.retry = -1 (default)
2021-08-10 11:26:16,768 [pool-369-thread-1] INFO  server.RaftServerConfigKeys (ConfUtils.java:logGet(44)) - raft.server.log.write.buffer.size = 1048576 (custom)
2021-08-10 11:26:16,773 [pool-369-thread-1] INFO  server.RaftServerConfigKeys (ConfUtils.java:logGet(44)) - raft.server.log.statemachine.data.caching.enabled = true (custom)
2021-08-10 11:26:16,773 [pool-369-thread-1] INFO  segmented.SegmentedRaftLogWorker (SegmentedRaftLogWorker.java:lambda$new$0(133)) - 4d94af01-e9ec-4925-937d-7224b820b8c4@group-8448A9773288-SegmentedRaftLogWorker: flushIndex: setUnconditionally 0 -> -1
2021-08-10 11:26:16,773 [pool-369-thread-1] INFO  segmented.SegmentedRaftLogWorker (SegmentedRaftLogWorker.java:lambda$new$0(133)) - 4d94af01-e9ec-4925-937d-7224b820b8c4@group-8448A9773288-SegmentedRaftLogWorker: safeCacheEvictIndex: setUnconditionally 0 -> -1
2021-08-10 11:26:16,776 [pool-369-thread-1] INFO  server.RaftServerConfigKeys (ConfUtils.java:logGet(44)) - raft.server.snapshot.auto.trigger.enabled = true (custom)
2021-08-10 11:26:16,776 [pool-369-thread-1] INFO  server.RaftServerConfigKeys (ConfUtils.java:logGet(44)) - raft.server.snapshot.auto.trigger.threshold = 10000 (custom)
2021-08-10 11:26:16,776 [pool-369-thread-1] INFO  server.RaftServerConfigKeys (ConfUtils.java:logGet(44)) - raft.server.snapshot.retention.file.num = 5 (custom)
2021-08-10 11:26:16,777 [pool-369-thread-1] INFO  server.RaftServerConfigKeys (ConfUtils.java:logGet(44)) - raft.server.log.purge.upto.snapshot.index = false (default)
2021-08-10 11:26:16,777 [pool-369-thread-1] INFO  server.RaftServerConfigKeys (ConfUtils.java:logGet(44)) - raft.server.retrycache.expirytime = 600000ms (custom)
2021-08-10 11:26:16,777 [pool-369-thread-1] INFO  server.RaftServerConfigKeys (ConfUtils.java:logGet(44)) - raft.server.retrycache.statistics.expirytime = 100μs (default)
2021-08-10 11:26:16,778 [pool-369-thread-1] INFO  server.RaftServer$Division (RaftServerImpl.java:start(296)) - 4d94af01-e9ec-4925-937d-7224b820b8c4@group-8448A9773288: start as a follower, conf=-1: [4d94af01-e9ec-4925-937d-7224b820b8c4|rpc:10.1.0.32:35013|priority:1], old=null
2021-08-10 11:26:16,778 [pool-369-thread-1] INFO  server.RaftServer$Division (RaftServerImpl.java:setRole(285)) - 4d94af01-e9ec-4925-937d-7224b820b8c4@group-8448A9773288: changes role from      null to FOLLOWER at term 0 for startAsFollower
2021-08-10 11:26:16,778 [pool-369-thread-1] INFO  impl.RoleInfo (RoleInfo.java:updateAndGet(130)) - 4d94af01-e9ec-4925-937d-7224b820b8c4: start 4d94af01-e9ec-4925-937d-7224b820b8c4@group-8448A9773288-FollowerState
2021-08-10 11:26:16,807 [pool-369-thread-1] INFO  util.JmxRegister (JmxRegister.java:tryRegister(44)) - Successfully registered JMX Bean with object name Ratis:service=RaftServer,group=group-8448A9773288,id=4d94af01-e9ec-4925-937d-7224b820b8c4
2021-08-10 11:26:16,816 [Command processor thread] INFO  ratis.XceiverServerRatis (XceiverServerRatis.java:addGroup(759)) - Created group PipelineID=e5d273f1-686b-406e-8809-8448a9773288
2021-08-10 11:26:16,816 [Command processor thread] INFO  commandhandler.CreatePipelineCommandHandler (CreatePipelineCommandHandler.java:handle(106)) - Created Pipeline RATIS ONE PipelineID=e5d273f1-686b-406e-8809-8448a9773288.
2021-08-10 11:26:16,816 [Command processor thread] INFO  server.RaftServer (RaftServerProxy.java:addNew(95)) - 4d94af01-e9ec-4925-937d-7224b820b8c4: addNew group-177D03A42D3F:[339f746c-e925-490d-95d5-f42b6c2ebdb1|rpc:10.1.0.32:44359|priority:0, 4d94af01-e9ec-4925-937d-7224b820b8c4|rpc:10.1.0.32:35013|priority:1, 7badb8be-700e-4b6f-aeeb-f12993943ca1|rpc:10.1.0.32:33315|priority:0] returns group-177D03A42D3F:java.util.concurrent.CompletableFuture@5e96d913[Not completed]
2021-08-10 11:26:16,817 [pool-369-thread-1] INFO  server.RaftServer$Division (RaftServerImpl.java:<init>(181)) - 4d94af01-e9ec-4925-937d-7224b820b8c4: new RaftServerImpl for group-177D03A42D3F:[339f746c-e925-490d-95d5-f42b6c2ebdb1|rpc:10.1.0.32:44359|priority:0, 4d94af01-e9ec-4925-937d-7224b820b8c4|rpc:10.1.0.32:35013|priority:1, 7badb8be-700e-4b6f-aeeb-f12993943ca1|rpc:10.1.0.32:33315|priority:0] with ContainerStateMachine:uninitialized
2021-08-10 11:26:16,817 [pool-369-thread-1] INFO  server.RaftServerConfigKeys (ConfUtils.java:logGet(44)) - raft.server.rpc.timeout.min = 5s (custom)
2021-08-10 11:26:16,817 [pool-369-thread-1] INFO  server.RaftServerConfigKeys (ConfUtils.java:logGet(44)) - raft.server.rpc.timeout.max = 5200ms (custom)
2021-08-10 11:26:16,817 [pool-369-thread-1] INFO  server.RaftServerConfigKeys (ConfUtils.java:logGet(44)) - raft.server.rpc.sleep.time = 25ms (default)
2021-08-10 11:26:16,817 [pool-369-thread-1] INFO  server.RaftServerConfigKeys (ConfUtils.java:logGet(44)) - raft.server.rpc.slowness.timeout = 300s (custom)
2021-08-10 11:26:16,817 [pool-369-thread-1] INFO  server.RaftServerConfigKeys (ConfUtils.java:logGet(44)) - raft.server.leaderelection.leader.step-down.wait-time = 10s (default)
2021-08-10 11:26:16,817 [pool-369-thread-1] INFO  server.RaftServerConfigKeys (ConfUtils.java:logGet(44)) - raft.server.sleep.deviation.threshold = 300ms (default)
2021-08-10 11:26:16,817 [pool-369-thread-1] INFO  server.RaftServerConfigKeys (ConfUtils.java:logGet(44)) - raft.server.log.appender.install.snapshot.enabled = false (custom)
2021-08-10 11:26:16,817 [pool-369-thread-1] INFO  server.RaftServer$Division (ServerState.java:<init>(105)) - 4d94af01-e9ec-4925-937d-7224b820b8c4@group-177D03A42D3F: ConfigurationManager, init=-1: [339f746c-e925-490d-95d5-f42b6c2ebdb1|rpc:10.1.0.32:44359|priority:0, 4d94af01-e9ec-4925-937d-7224b820b8c4|rpc:10.1.0.32:35013|priority:1, 7badb8be-700e-4b6f-aeeb-f12993943ca1|rpc:10.1.0.32:33315|priority:0], old=null, confs=<EMPTY_MAP>
2021-08-10 11:26:16,817 [pool-369-thread-1] INFO  server.RaftServerConfigKeys (ConfUtils.java:logGet(44)) - raft.server.storage.dir = [/home/runner/work/ozone/ozone/hadoop-ozone/integration-test/target/test-dir/MiniOzoneClusterImpl-186fefdd-2a8f-4691-bed1-86a244a8ddcd/datanode-0/data/ratis] (custom)
2021-08-10 11:26:16,817 [pool-369-thread-1] INFO  server.RaftServerConfigKeys (ConfUtils.java:logGet(44)) - raft.server.log.corruption.policy = EXCEPTION (default)
2021-08-10 11:26:16,818 [pool-369-thread-1] INFO  server.RaftServerConfigKeys (ConfUtils.java:logGet(44)) - raft.server.storage.free-space.min = 0MB (=0) (default)
2021-08-10 11:26:16,818 [pool-369-thread-1] INFO  storage.RaftStorageDirectory (RaftStorageDirectoryImpl.java:analyzeStorage(135)) - The storage directory /home/runner/work/ozone/ozone/hadoop-ozone/integration-test/target/test-dir/MiniOzoneClusterImpl-186fefdd-2a8f-4691-bed1-86a244a8ddcd/datanode-0/data/ratis/4266e20e-f890-416b-9821-177d03a42d3f does not exist. Creating ...
2021-08-10 11:26:16,819 [EventQueue-OpenPipelineForHealthyPipelineSafeModeRule] INFO  safemode.SCMSafeModeManager (HealthyPipelineSafeModeRule.java:process(124)) - SCM in safe mode. Healthy pipelines reported count is 0, required healthy pipeline reported count is 1
2021-08-10 11:26:16,819 [pool-369-thread-1] INFO  storage.RaftStorageDirectory (RaftStorageDirectoryImpl.java:tryLock(230)) - Lock on /home/runner/work/ozone/ozone/hadoop-ozone/integration-test/target/test-dir/MiniOzoneClusterImpl-186fefdd-2a8f-4691-bed1-86a244a8ddcd/datanode-0/data/ratis/4266e20e-f890-416b-9821-177d03a42d3f/in_use.lock acquired by nodename 21326@fv-az116-838
2021-08-10 11:26:16,831 [pool-369-thread-1] INFO  storage.RaftStorage (RaftStorageImpl.java:format(89)) - Storage directory /home/runner/work/ozone/ozone/hadoop-ozone/integration-test/target/test-dir/MiniOzoneClusterImpl-186fefdd-2a8f-4691-bed1-86a244a8ddcd/datanode-0/data/ratis/4266e20e-f890-416b-9821-177d03a42d3f has been successfully formatted.
2021-08-10 11:26:16,831 [pool-369-thread-1] INFO  ratis.ContainerStateMachine (ContainerStateMachine.java:loadSnapshot(223)) - group-177D03A42D3F: The snapshot info is null. Setting the last applied indexto:(t:0, i:~)
2021-08-10 11:26:16,831 [pool-369-thread-1] INFO  server.RaftServerConfigKeys (ConfUtils.java:logGet(44)) - raft.server.notification.no-leader.timeout = 300s (custom)
2021-08-10 11:26:16,832 [Datanode State Machine Thread - 0] WARN  statemachine.StateContext (StateContext.java:execute(621)) - No available thread in pool for past 1 seconds.
2021-08-10 11:26:16,832 [pool-369-thread-1] INFO  server.RaftServerConfigKeys (ConfUtils.java:logGet(44)) - raft.server.log.use.memory = false (default)
2021-08-10 11:26:16,832 [pool-369-thread-1] INFO  server.RaftServerConfigKeys (ConfUtils.java:logGet(44)) - raft.server.log.purge.gap = 1000000 (custom)
2021-08-10 11:26:16,832 [pool-369-thread-1] INFO  server.RaftServerConfigKeys (ConfUtils.java:logGet(44)) - raft.server.log.appender.buffer.byte-limit = 33554432 (custom)
2021-08-10 11:26:16,832 [pool-369-thread-1] INFO  server.RaftServerConfigKeys (ConfUtils.java:logGet(44)) - raft.server.log.segment.size.max = 1048576 (custom)
2021-08-10 11:26:16,832 [pool-369-thread-1] INFO  server.RaftServerConfigKeys (ConfUtils.java:logGet(44)) - raft.server.log.segment.cache.num.max = 2 (custom)
2021-08-10 11:26:16,832 [pool-369-thread-1] INFO  server.RaftServerConfigKeys (ConfUtils.java:logGet(44)) - raft.server.log.segment.cache.size.max = 200MB (=209715200) (default)
2021-08-10 11:26:16,834 [EventQueue-OpenPipelineForHealthyPipelineSafeModeRule] INFO  safemode.SCMSafeModeManager (HealthyPipelineSafeModeRule.java:process(124)) - SCM in safe mode. Healthy pipelines reported count is 0, required healthy pipeline reported count is 1
2021-08-10 11:26:16,834 [pool-369-thread-1] INFO  segmented.SegmentedRaftLogWorker (SegmentedRaftLogWorker.java:<init>(182)) - new 4d94af01-e9ec-4925-937d-7224b820b8c4@group-177D03A42D3F-SegmentedRaftLogWorker for RaftStorageImpl:Storage Directory /home/runner/work/ozone/ozone/hadoop-ozone/integration-test/target/test-dir/MiniOzoneClusterImpl-186fefdd-2a8f-4691-bed1-86a244a8ddcd/datanode-0/data/ratis/4266e20e-f890-416b-9821-177d03a42d3f
2021-08-10 11:26:16,834 [pool-369-thread-1] INFO  server.RaftServerConfigKeys (ConfUtils.java:logGet(44)) - raft.server.log.queue.byte-limit = 2147483647 (custom)
2021-08-10 11:26:16,834 [pool-369-thread-1] INFO  server.RaftServerConfigKeys (ConfUtils.java:logGet(44)) - raft.server.log.queue.element-limit = 1024 (custom)
2021-08-10 11:26:16,834 [pool-369-thread-1] INFO  server.RaftServerConfigKeys (ConfUtils.java:logGet(44)) - raft.server.log.segment.size.max = 1048576 (custom)
2021-08-10 11:26:16,834 [pool-369-thread-1] INFO  server.RaftServerConfigKeys (ConfUtils.java:logGet(44)) - raft.server.log.preallocated.size = 16384 (custom)
2021-08-10 11:26:16,834 [pool-369-thread-1] INFO  server.RaftServerConfigKeys (ConfUtils.java:logGet(44)) - raft.server.log.force.sync.num = 128 (default)
2021-08-10 11:26:16,834 [pool-369-thread-1] INFO  server.RaftServerConfigKeys (ConfUtils.java:logGet(44)) - raft.server.log.statemachine.data.sync = true (default)
2021-08-10 11:26:16,834 [pool-369-thread-1] INFO  server.RaftServerConfigKeys (ConfUtils.java:logGet(44)) - raft.server.log.statemachine.data.sync.timeout = 10s (default)
2021-08-10 11:26:16,834 [pool-369-thread-1] INFO  server.RaftServerConfigKeys (ConfUtils.java:logGet(44)) - raft.server.log.statemachine.data.sync.timeout.retry = -1 (default)
2021-08-10 11:26:16,835 [pool-369-thread-1] INFO  server.RaftServerConfigKeys (ConfUtils.java:logGet(44)) - raft.server.log.write.buffer.size = 1048576 (custom)
2021-08-10 11:26:16,836 [pool-369-thread-1] INFO  server.RaftServerConfigKeys (ConfUtils.java:logGet(44)) - raft.server.log.statemachine.data.caching.enabled = true (custom)
2021-08-10 11:26:16,836 [pool-369-thread-1] INFO  segmented.SegmentedRaftLogWorker (SegmentedRaftLogWorker.java:lambda$new$0(133)) - 4d94af01-e9ec-4925-937d-7224b820b8c4@group-177D03A42D3F-SegmentedRaftLogWorker: flushIndex: setUnconditionally 0 -> -1
2021-08-10 11:26:16,836 [pool-369-thread-1] INFO  segmented.SegmentedRaftLogWorker (SegmentedRaftLogWorker.java:lambda$new$0(133)) - 4d94af01-e9ec-4925-937d-7224b820b8c4@group-177D03A42D3F-SegmentedRaftLogWorker: safeCacheEvictIndex: setUnconditionally 0 -> -1
2021-08-10 11:26:16,839 [pool-369-thread-1] INFO  server.RaftServerConfigKeys (ConfUtils.java:logGet(44)) - raft.server.snapshot.auto.trigger.enabled = true (custom)
2021-08-10 11:26:16,839 [pool-369-thread-1] INFO  server.RaftServerConfigKeys (ConfUtils.java:logGet(44)) - raft.server.snapshot.auto.trigger.threshold = 10000 (custom)
2021-08-10 11:26:16,839 [pool-369-thread-1] INFO  server.RaftServerConfigKeys (ConfUtils.java:logGet(44)) - raft.server.snapshot.retention.file.num = 5 (custom)
2021-08-10 11:26:16,839 [pool-369-thread-1] INFO  server.RaftServerConfigKeys (ConfUtils.java:logGet(44)) - raft.server.log.purge.upto.snapshot.index = false (default)
2021-08-10 11:26:16,839 [pool-369-thread-1] INFO  server.RaftServerConfigKeys (ConfUtils.java:logGet(44)) - raft.server.retrycache.expirytime = 600000ms (custom)
2021-08-10 11:26:16,840 [pool-369-thread-1] INFO  server.RaftServerConfigKeys (ConfUtils.java:logGet(44)) - raft.server.retrycache.statistics.expirytime = 100μs (default)
2021-08-10 11:26:16,841 [pool-369-thread-1] INFO  server.RaftServer$Division (RaftServerImpl.java:start(296)) - 4d94af01-e9ec-4925-937d-7224b820b8c4@group-177D03A42D3F: start as a follower, conf=-1: [339f746c-e925-490d-95d5-f42b6c2ebdb1|rpc:10.1.0.32:44359|priority:0, 4d94af01-e9ec-4925-937d-7224b820b8c4|rpc:10.1.0.32:35013|priority:1, 7badb8be-700e-4b6f-aeeb-f12993943ca1|rpc:10.1.0.32:33315|priority:0], old=null
2021-08-10 11:26:16,841 [pool-369-thread-1] INFO  server.RaftServer$Division (RaftServerImpl.java:setRole(285)) - 4d94af01-e9ec-4925-937d-7224b820b8c4@group-177D03A42D3F: changes role from      null to FOLLOWER at term 0 for startAsFollower
2021-08-10 11:26:16,841 [pool-369-thread-1] INFO  impl.RoleInfo (RoleInfo.java:updateAndGet(130)) - 4d94af01-e9ec-4925-937d-7224b820b8c4: start 4d94af01-e9ec-4925-937d-7224b820b8c4@group-177D03A42D3F-FollowerState
2021-08-10 11:26:16,851 [pool-369-thread-1] INFO  util.JmxRegister (JmxRegister.java:tryRegister(44)) - Successfully registered JMX Bean with object name Ratis:service=RaftServer,group=group-177D03A42D3F,id=4d94af01-e9ec-4925-937d-7224b820b8c4
2021-08-10 11:26:16,859 [Command processor thread] INFO  ratis.XceiverServerRatis (XceiverServerRatis.java:addGroup(759)) - Created group PipelineID=4266e20e-f890-416b-9821-177d03a42d3f
2021-08-10 11:26:16,907 [grpc-default-executor-0] INFO  server.RaftServer (RaftServerProxy.java:addNew(95)) - 339f746c-e925-490d-95d5-f42b6c2ebdb1: addNew group-177D03A42D3F:[339f746c-e925-490d-95d5-f42b6c2ebdb1|rpc:10.1.0.32:44359|dataStream:|priority:0, 4d94af01-e9ec-4925-937d-7224b820b8c4|rpc:10.1.0.32:35013|dataStream:|priority:1, 7badb8be-700e-4b6f-aeeb-f12993943ca1|rpc:10.1.0.32:33315|dataStream:|priority:0] returns group-177D03A42D3F:java.util.concurrent.CompletableFuture@1adb6f1b[Not completed]
2021-08-10 11:26:16,920 [pool-388-thread-1] INFO  server.RaftServer$Division (RaftServerImpl.java:<init>(181)) - 339f746c-e925-490d-95d5-f42b6c2ebdb1: new RaftServerImpl for group-177D03A42D3F:[339f746c-e925-490d-95d5-f42b6c2ebdb1|rpc:10.1.0.32:44359|dataStream:|priority:0, 4d94af01-e9ec-4925-937d-7224b820b8c4|rpc:10.1.0.32:35013|dataStream:|priority:1, 7badb8be-700e-4b6f-aeeb-f12993943ca1|rpc:10.1.0.32:33315|dataStream:|priority:0] with ContainerStateMachine:uninitialized
2021-08-10 11:26:16,920 [pool-388-thread-1] INFO  server.RaftServerConfigKeys (ConfUtils.java:logGet(44)) - raft.server.rpc.timeout.min = 5s (custom)
2021-08-10 11:26:16,920 [pool-388-thread-1] INFO  server.RaftServerConfigKeys (ConfUtils.java:logGet(44)) - raft.server.rpc.timeout.max = 5200ms (custom)
2021-08-10 11:26:16,920 [pool-388-thread-1] INFO  server.RaftServerConfigKeys (ConfUtils.java:logGet(44)) - raft.server.rpc.sleep.time = 25ms (default)
2021-08-10 11:26:16,920 [pool-388-thread-1] INFO  server.RaftServerConfigKeys (ConfUtils.java:logGet(44)) - raft.server.rpc.slowness.timeout = 300s (custom)
2021-08-10 11:26:16,920 [pool-388-thread-1] INFO  server.RaftServerConfigKeys (ConfUtils.java:logGet(44)) - raft.server.leaderelection.leader.step-down.wait-time = 10s (default)
2021-08-10 11:26:16,920 [pool-388-thread-1] INFO  server.RaftServerConfigKeys (ConfUtils.java:logGet(44)) - raft.server.sleep.deviation.threshold = 300ms (default)
2021-08-10 11:26:16,920 [pool-388-thread-1] INFO  server.RaftServerConfigKeys (ConfUtils.java:logGet(44)) - raft.server.log.appender.install.snapshot.enabled = false (custom)
2021-08-10 11:26:16,920 [pool-388-thread-1] INFO  server.RaftServer$Division (ServerState.java:<init>(105)) - 339f746c-e925-490d-95d5-f42b6c2ebdb1@group-177D03A42D3F: ConfigurationManager, init=-1: [339f746c-e925-490d-95d5-f42b6c2ebdb1|rpc:10.1.0.32:44359|dataStream:|priority:0, 4d94af01-e9ec-4925-937d-7224b820b8c4|rpc:10.1.0.32:35013|dataStream:|priority:1, 7badb8be-700e-4b6f-aeeb-f12993943ca1|rpc:10.1.0.32:33315|dataStream:|priority:0], old=null, confs=<EMPTY_MAP>
2021-08-10 11:26:16,920 [pool-388-thread-1] INFO  server.RaftServerConfigKeys (ConfUtils.java:logGet(44)) - raft.server.storage.dir = [/home/runner/work/ozone/ozone/hadoop-ozone/integration-test/target/test-dir/MiniOzoneClusterImpl-186fefdd-2a8f-4691-bed1-86a244a8ddcd/datanode-1/data/ratis] (custom)
2021-08-10 11:26:16,921 [pool-388-thread-1] INFO  server.RaftServerConfigKeys (ConfUtils.java:logGet(44)) - raft.server.log.corruption.policy = EXCEPTION (default)
2021-08-10 11:26:16,921 [pool-388-thread-1] INFO  server.RaftServerConfigKeys (ConfUtils.java:logGet(44)) - raft.server.storage.free-space.min = 0MB (=0) (default)
2021-08-10 11:26:16,921 [pool-388-thread-1] INFO  storage.RaftStorageDirectory (RaftStorageDirectoryImpl.java:analyzeStorage(135)) - The storage directory /home/runner/work/ozone/ozone/hadoop-ozone/integration-test/target/test-dir/MiniOzoneClusterImpl-186fefdd-2a8f-4691-bed1-86a244a8ddcd/datanode-1/data/ratis/4266e20e-f890-416b-9821-177d03a42d3f does not exist. Creating ...
2021-08-10 11:26:16,927 [pool-388-thread-1] INFO  storage.RaftStorageDirectory (RaftStorageDirectoryImpl.java:tryLock(230)) - Lock on /home/runner/work/ozone/ozone/hadoop-ozone/integration-test/target/test-dir/MiniOzoneClusterImpl-186fefdd-2a8f-4691-bed1-86a244a8ddcd/datanode-1/data/ratis/4266e20e-f890-416b-9821-177d03a42d3f/in_use.lock acquired by nodename 21326@fv-az116-838
2021-08-10 11:26:16,931 [pool-388-thread-1] INFO  storage.RaftStorage (RaftStorageImpl.java:format(89)) - Storage directory /home/runner/work/ozone/ozone/hadoop-ozone/integration-test/target/test-dir/MiniOzoneClusterImpl-186fefdd-2a8f-4691-bed1-86a244a8ddcd/datanode-1/data/ratis/4266e20e-f890-416b-9821-177d03a42d3f has been successfully formatted.
2021-08-10 11:26:16,932 [pool-388-thread-1] INFO  ratis.ContainerStateMachine (ContainerStateMachine.java:loadSnapshot(223)) - group-177D03A42D3F: The snapshot info is null. Setting the last applied indexto:(t:0, i:~)
2021-08-10 11:26:16,932 [pool-388-thread-1] INFO  server.RaftServerConfigKeys (ConfUtils.java:logGet(44)) - raft.server.notification.no-leader.timeout = 300s (custom)
2021-08-10 11:26:16,932 [pool-388-thread-1] INFO  server.RaftServerConfigKeys (ConfUtils.java:logGet(44)) - raft.server.log.use.memory = false (default)
2021-08-10 11:26:16,932 [pool-388-thread-1] INFO  server.RaftServerConfigKeys (ConfUtils.java:logGet(44)) - raft.server.log.purge.gap = 1000000 (custom)
2021-08-10 11:26:16,933 [pool-388-thread-1] INFO  server.RaftServerConfigKeys (ConfUtils.java:logGet(44)) - raft.server.log.appender.buffer.byte-limit = 33554432 (custom)
2021-08-10 11:26:16,933 [pool-388-thread-1] INFO  server.RaftServerConfigKeys (ConfUtils.java:logGet(44)) - raft.server.log.segment.size.max = 1048576 (custom)
2021-08-10 11:26:16,933 [pool-388-thread-1] INFO  server.RaftServerConfigKeys (ConfUtils.java:logGet(44)) - raft.server.log.segment.cache.num.max = 2 (custom)
2021-08-10 11:26:16,933 [pool-388-thread-1] INFO  server.RaftServerConfigKeys (ConfUtils.java:logGet(44)) - raft.server.log.segment.cache.size.max = 200MB (=209715200) (default)
2021-08-10 11:26:16,933 [pool-388-thread-1] INFO  segmented.SegmentedRaftLogWorker (SegmentedRaftLogWorker.java:<init>(182)) - new 339f746c-e925-490d-95d5-f42b6c2ebdb1@group-177D03A42D3F-SegmentedRaftLogWorker for RaftStorageImpl:Storage Directory /home/runner/work/ozone/ozone/hadoop-ozone/integration-test/target/test-dir/MiniOzoneClusterImpl-186fefdd-2a8f-4691-bed1-86a244a8ddcd/datanode-1/data/ratis/4266e20e-f890-416b-9821-177d03a42d3f
2021-08-10 11:26:16,933 [pool-388-thread-1] INFO  server.RaftServerConfigKeys (ConfUtils.java:logGet(44)) - raft.server.log.queue.byte-limit = 2147483647 (custom)
2021-08-10 11:26:16,933 [pool-388-thread-1] INFO  server.RaftServerConfigKeys (ConfUtils.java:logGet(44)) - raft.server.log.queue.element-limit = 1024 (custom)
2021-08-10 11:26:16,934 [pool-388-thread-1] INFO  server.RaftServerConfigKeys (ConfUtils.java:logGet(44)) - raft.server.log.segment.size.max = 1048576 (custom)
2021-08-10 11:26:16,934 [pool-388-thread-1] INFO  server.RaftServerConfigKeys (ConfUtils.java:logGet(44)) - raft.server.log.preallocated.size = 16384 (custom)
2021-08-10 11:26:16,934 [pool-388-thread-1] INFO  server.RaftServerConfigKeys (ConfUtils.java:logGet(44)) - raft.server.log.force.sync.num = 128 (default)
2021-08-10 11:26:16,934 [pool-388-thread-1] INFO  server.RaftServerConfigKeys (ConfUtils.java:logGet(44)) - raft.server.log.statemachine.data.sync = true (default)
2021-08-10 11:26:16,934 [pool-388-thread-1] INFO  server.RaftServerConfigKeys (ConfUtils.java:logGet(44)) - raft.server.log.statemachine.data.sync.timeout = 10s (default)
2021-08-10 11:26:16,934 [pool-388-thread-1] INFO  server.RaftServerConfigKeys (ConfUtils.java:logGet(44)) - raft.server.log.statemachine.data.sync.timeout.retry = -1 (default)
2021-08-10 11:26:16,934 [Datanode State Machine Thread - 0] WARN  statemachine.StateContext (StateContext.java:execute(621)) - No available thread in pool for past 1 seconds.
2021-08-10 11:26:16,936 [pool-388-thread-1] INFO  server.RaftServerConfigKeys (ConfUtils.java:logGet(44)) - raft.server.log.write.buffer.size = 1048576 (custom)
2021-08-10 11:26:16,937 [pool-388-thread-1] INFO  server.RaftServerConfigKeys (ConfUtils.java:logGet(44)) - raft.server.log.statemachine.data.caching.enabled = true (custom)
2021-08-10 11:26:16,937 [pool-388-thread-1] INFO  segmented.SegmentedRaftLogWorker (SegmentedRaftLogWorker.java:lambda$new$0(133)) - 339f746c-e925-490d-95d5-f42b6c2ebdb1@group-177D03A42D3F-SegmentedRaftLogWorker: flushIndex: setUnconditionally 0 -> -1
2021-08-10 11:26:16,937 [pool-388-thread-1] INFO  segmented.SegmentedRaftLogWorker (SegmentedRaftLogWorker.java:lambda$new$0(133)) - 339f746c-e925-490d-95d5-f42b6c2ebdb1@group-177D03A42D3F-SegmentedRaftLogWorker: safeCacheEvictIndex: setUnconditionally 0 -> -1
2021-08-10 11:26:16,937 [pool-388-thread-1] INFO  server.RaftServerConfigKeys (ConfUtils.java:logGet(44)) - raft.server.snapshot.auto.trigger.enabled = true (custom)
2021-08-10 11:26:16,937 [pool-388-thread-1] INFO  server.RaftServerConfigKeys (ConfUtils.java:logGet(44)) - raft.server.snapshot.auto.trigger.threshold = 10000 (custom)
2021-08-10 11:26:16,937 [pool-388-thread-1] INFO  server.RaftServerConfigKeys (ConfUtils.java:logGet(44)) - raft.server.snapshot.retention.file.num = 5 (custom)
2021-08-10 11:26:16,937 [pool-388-thread-1] INFO  server.RaftServerConfigKeys (ConfUtils.java:logGet(44)) - raft.server.log.purge.upto.snapshot.index = false (default)
2021-08-10 11:26:16,938 [pool-388-thread-1] INFO  server.RaftServerConfigKeys (ConfUtils.java:logGet(44)) - raft.server.retrycache.expirytime = 600000ms (custom)
2021-08-10 11:26:16,938 [pool-388-thread-1] INFO  server.RaftServerConfigKeys (ConfUtils.java:logGet(44)) - raft.server.retrycache.statistics.expirytime = 100μs (default)
2021-08-10 11:26:16,939 [pool-388-thread-1] INFO  server.RaftServer$Division (RaftServerImpl.java:start(296)) - 339f746c-e925-490d-95d5-f42b6c2ebdb1@group-177D03A42D3F: start as a follower, conf=-1: [339f746c-e925-490d-95d5-f42b6c2ebdb1|rpc:10.1.0.32:44359|dataStream:|priority:0, 4d94af01-e9ec-4925-937d-7224b820b8c4|rpc:10.1.0.32:35013|dataStream:|priority:1, 7badb8be-700e-4b6f-aeeb-f12993943ca1|rpc:10.1.0.32:33315|dataStream:|priority:0], old=null
2021-08-10 11:26:16,939 [pool-388-thread-1] INFO  server.RaftServer$Division (RaftServerImpl.java:setRole(285)) - 339f746c-e925-490d-95d5-f42b6c2ebdb1@group-177D03A42D3F: changes role from      null to FOLLOWER at term 0 for startAsFollower
2021-08-10 11:26:16,939 [pool-388-thread-1] INFO  impl.RoleInfo (RoleInfo.java:updateAndGet(130)) - 339f746c-e925-490d-95d5-f42b6c2ebdb1: start 339f746c-e925-490d-95d5-f42b6c2ebdb1@group-177D03A42D3F-FollowerState
2021-08-10 11:26:16,939 [pool-388-thread-1] INFO  util.JmxRegister (JmxRegister.java:tryRegister(44)) - Successfully registered JMX Bean with object name Ratis:service=RaftServer,group=group-177D03A42D3F,id=339f746c-e925-490d-95d5-f42b6c2ebdb1
2021-08-10 11:26:17,016 [grpc-default-executor-0] INFO  server.RaftServer (RaftServerProxy.java:addNew(95)) - 7badb8be-700e-4b6f-aeeb-f12993943ca1: addNew group-177D03A42D3F:[339f746c-e925-490d-95d5-f42b6c2ebdb1|rpc:10.1.0.32:44359|dataStream:|priority:0, 4d94af01-e9ec-4925-937d-7224b820b8c4|rpc:10.1.0.32:35013|dataStream:|priority:1, 7badb8be-700e-4b6f-aeeb-f12993943ca1|rpc:10.1.0.32:33315|dataStream:|priority:0] returns group-177D03A42D3F:java.util.concurrent.CompletableFuture@43e87345[Not completed]
2021-08-10 11:26:17,023 [pool-407-thread-1] INFO  server.RaftServer$Division (RaftServerImpl.java:<init>(181)) - 7badb8be-700e-4b6f-aeeb-f12993943ca1: new RaftServerImpl for group-177D03A42D3F:[339f746c-e925-490d-95d5-f42b6c2ebdb1|rpc:10.1.0.32:44359|dataStream:|priority:0, 4d94af01-e9ec-4925-937d-7224b820b8c4|rpc:10.1.0.32:35013|dataStream:|priority:1, 7badb8be-700e-4b6f-aeeb-f12993943ca1|rpc:10.1.0.32:33315|dataStream:|priority:0] with ContainerStateMachine:uninitialized
2021-08-10 11:26:17,038 [pool-407-thread-1] INFO  server.RaftServerConfigKeys (ConfUtils.java:logGet(44)) - raft.server.rpc.timeout.min = 5s (custom)
2021-08-10 11:26:17,038 [pool-407-thread-1] INFO  server.RaftServerConfigKeys (ConfUtils.java:logGet(44)) - raft.server.rpc.timeout.max = 5200ms (custom)
2021-08-10 11:26:17,038 [pool-407-thread-1] INFO  server.RaftServerConfigKeys (ConfUtils.java:logGet(44)) - raft.server.rpc.sleep.time = 25ms (default)
2021-08-10 11:26:17,038 [pool-407-thread-1] INFO  server.RaftServerConfigKeys (ConfUtils.java:logGet(44)) - raft.server.rpc.slowness.timeout = 300s (custom)
2021-08-10 11:26:17,038 [pool-407-thread-1] INFO  server.RaftServerConfigKeys (ConfUtils.java:logGet(44)) - raft.server.leaderelection.leader.step-down.wait-time = 10s (default)
2021-08-10 11:26:17,038 [pool-407-thread-1] INFO  server.RaftServerConfigKeys (ConfUtils.java:logGet(44)) - raft.server.sleep.deviation.threshold = 300ms (default)
2021-08-10 11:26:17,038 [pool-407-thread-1] INFO  server.RaftServerConfigKeys (ConfUtils.java:logGet(44)) - raft.server.log.appender.install.snapshot.enabled = false (custom)
2021-08-10 11:26:17,038 [pool-407-thread-1] INFO  server.RaftServer$Division (ServerState.java:<init>(105)) - 7badb8be-700e-4b6f-aeeb-f12993943ca1@group-177D03A42D3F: ConfigurationManager, init=-1: [339f746c-e925-490d-95d5-f42b6c2ebdb1|rpc:10.1.0.32:44359|dataStream:|priority:0, 4d94af01-e9ec-4925-937d-7224b820b8c4|rpc:10.1.0.32:35013|dataStream:|priority:1, 7badb8be-700e-4b6f-aeeb-f12993943ca1|rpc:10.1.0.32:33315|dataStream:|priority:0], old=null, confs=<EMPTY_MAP>
2021-08-10 11:26:17,038 [pool-407-thread-1] INFO  server.RaftServerConfigKeys (ConfUtils.java:logGet(44)) - raft.server.storage.dir = [/home/runner/work/ozone/ozone/hadoop-ozone/integration-test/target/test-dir/MiniOzoneClusterImpl-186fefdd-2a8f-4691-bed1-86a244a8ddcd/datanode-2/data/ratis] (custom)
2021-08-10 11:26:17,038 [pool-407-thread-1] INFO  server.RaftServerConfigKeys (ConfUtils.java:logGet(44)) - raft.server.log.corruption.policy = EXCEPTION (default)
2021-08-10 11:26:17,039 [pool-407-thread-1] INFO  server.RaftServerConfigKeys (ConfUtils.java:logGet(44)) - raft.server.storage.free-space.min = 0MB (=0) (default)
2021-08-10 11:26:17,039 [pool-407-thread-1] INFO  storage.RaftStorageDirectory (RaftStorageDirectoryImpl.java:analyzeStorage(135)) - The storage directory /home/runner/work/ozone/ozone/hadoop-ozone/integration-test/target/test-dir/MiniOzoneClusterImpl-186fefdd-2a8f-4691-bed1-86a244a8ddcd/datanode-2/data/ratis/4266e20e-f890-416b-9821-177d03a42d3f does not exist. Creating ...
2021-08-10 11:26:17,040 [pool-407-thread-1] INFO  storage.RaftStorageDirectory (RaftStorageDirectoryImpl.java:tryLock(230)) - Lock on /home/runner/work/ozone/ozone/hadoop-ozone/integration-test/target/test-dir/MiniOzoneClusterImpl-186fefdd-2a8f-4691-bed1-86a244a8ddcd/datanode-2/data/ratis/4266e20e-f890-416b-9821-177d03a42d3f/in_use.lock acquired by nodename 21326@fv-az116-838
2021-08-10 11:26:17,041 [pool-407-thread-1] INFO  storage.RaftStorage (RaftStorageImpl.java:format(89)) - Storage directory /home/runner/work/ozone/ozone/hadoop-ozone/integration-test/target/test-dir/MiniOzoneClusterImpl-186fefdd-2a8f-4691-bed1-86a244a8ddcd/datanode-2/data/ratis/4266e20e-f890-416b-9821-177d03a42d3f has been successfully formatted.
2021-08-10 11:26:17,048 [pool-407-thread-1] INFO  ratis.ContainerStateMachine (ContainerStateMachine.java:loadSnapshot(223)) - group-177D03A42D3F: The snapshot info is null. Setting the last applied indexto:(t:0, i:~)
2021-08-10 11:26:17,048 [pool-407-thread-1] INFO  server.RaftServerConfigKeys (ConfUtils.java:logGet(44)) - raft.server.notification.no-leader.timeout = 300s (custom)
2021-08-10 11:26:17,048 [pool-407-thread-1] INFO  server.RaftServerConfigKeys (ConfUtils.java:logGet(44)) - raft.server.log.use.memory = false (default)
2021-08-10 11:26:17,048 [pool-407-thread-1] INFO  server.RaftServerConfigKeys (ConfUtils.java:logGet(44)) - raft.server.log.purge.gap = 1000000 (custom)
2021-08-10 11:26:17,048 [pool-407-thread-1] INFO  server.RaftServerConfigKeys (ConfUtils.java:logGet(44)) - raft.server.log.appender.buffer.byte-limit = 33554432 (custom)
2021-08-10 11:26:17,048 [pool-407-thread-1] INFO  server.RaftServerConfigKeys (ConfUtils.java:logGet(44)) - raft.server.log.segment.size.max = 1048576 (custom)
2021-08-10 11:26:17,049 [pool-407-thread-1] INFO  server.RaftServerConfigKeys (ConfUtils.java:logGet(44)) - raft.server.log.segment.cache.num.max = 2 (custom)
2021-08-10 11:26:17,049 [pool-407-thread-1] INFO  server.RaftServerConfigKeys (ConfUtils.java:logGet(44)) - raft.server.log.segment.cache.size.max = 200MB (=209715200) (default)
2021-08-10 11:26:17,049 [pool-407-thread-1] INFO  segmented.SegmentedRaftLogWorker (SegmentedRaftLogWorker.java:<init>(182)) - new 7badb8be-700e-4b6f-aeeb-f12993943ca1@group-177D03A42D3F-SegmentedRaftLogWorker for RaftStorageImpl:Storage Directory /home/runner/work/ozone/ozone/hadoop-ozone/integration-test/target/test-dir/MiniOzoneClusterImpl-186fefdd-2a8f-4691-bed1-86a244a8ddcd/datanode-2/data/ratis/4266e20e-f890-416b-9821-177d03a42d3f
2021-08-10 11:26:17,049 [pool-407-thread-1] INFO  server.RaftServerConfigKeys (ConfUtils.java:logGet(44)) - raft.server.log.queue.byte-limit = 2147483647 (custom)
2021-08-10 11:26:17,049 [pool-407-thread-1] INFO  server.RaftServerConfigKeys (ConfUtils.java:logGet(44)) - raft.server.log.queue.element-limit = 1024 (custom)
2021-08-10 11:26:17,049 [pool-407-thread-1] INFO  server.RaftServerConfigKeys (ConfUtils.java:logGet(44)) - raft.server.log.segment.size.max = 1048576 (custom)
2021-08-10 11:26:17,049 [pool-407-thread-1] INFO  server.RaftServerConfigKeys (ConfUtils.java:logGet(44)) - raft.server.log.preallocated.size = 16384 (custom)
2021-08-10 11:26:17,049 [pool-407-thread-1] INFO  server.RaftServerConfigKeys (ConfUtils.java:logGet(44)) - raft.server.log.force.sync.num = 128 (default)
2021-08-10 11:26:17,049 [pool-407-thread-1] INFO  server.RaftServerConfigKeys (ConfUtils.java:logGet(44)) - raft.server.log.statemachine.data.sync = true (default)
2021-08-10 11:26:17,049 [pool-407-thread-1] INFO  server.RaftServerConfigKeys (ConfUtils.java:logGet(44)) - raft.server.log.statemachine.data.sync.timeout = 10s (default)
2021-08-10 11:26:17,049 [pool-407-thread-1] INFO  server.RaftServerConfigKeys (ConfUtils.java:logGet(44)) - raft.server.log.statemachine.data.sync.timeout.retry = -1 (default)
2021-08-10 11:26:17,050 [pool-407-thread-1] INFO  server.RaftServerConfigKeys (ConfUtils.java:logGet(44)) - raft.server.log.write.buffer.size = 1048576 (custom)
2021-08-10 11:26:17,051 [pool-407-thread-1] INFO  server.RaftServerConfigKeys (ConfUtils.java:logGet(44)) - raft.server.log.statemachine.data.caching.enabled = true (custom)
2021-08-10 11:26:17,051 [pool-407-thread-1] INFO  segmented.SegmentedRaftLogWorker (SegmentedRaftLogWorker.java:lambda$new$0(133)) - 7badb8be-700e-4b6f-aeeb-f12993943ca1@group-177D03A42D3F-SegmentedRaftLogWorker: flushIndex: setUnconditionally 0 -> -1
2021-08-10 11:26:17,051 [pool-407-thread-1] INFO  segmented.SegmentedRaftLogWorker (SegmentedRaftLogWorker.java:lambda$new$0(133)) - 7badb8be-700e-4b6f-aeeb-f12993943ca1@group-177D03A42D3F-SegmentedRaftLogWorker: safeCacheEvictIndex: setUnconditionally 0 -> -1
2021-08-10 11:26:17,051 [Datanode State Machine Thread - 0] WARN  statemachine.StateContext (StateContext.java:execute(621)) - No available thread in pool for past 1 seconds.
2021-08-10 11:26:17,052 [pool-407-thread-1] INFO  server.RaftServerConfigKeys (ConfUtils.java:logGet(44)) - raft.server.snapshot.auto.trigger.enabled = true (custom)
2021-08-10 11:26:17,052 [pool-407-thread-1] INFO  server.RaftServerConfigKeys (ConfUtils.java:logGet(44)) - raft.server.snapshot.auto.trigger.threshold = 10000 (custom)
2021-08-10 11:26:17,052 [pool-407-thread-1] INFO  server.RaftServerConfigKeys (ConfUtils.java:logGet(44)) - raft.server.snapshot.retention.file.num = 5 (custom)
2021-08-10 11:26:17,052 [pool-407-thread-1] INFO  server.RaftServerConfigKeys (ConfUtils.java:logGet(44)) - raft.server.log.purge.upto.snapshot.index = false (default)
2021-08-10 11:26:17,052 [pool-407-thread-1] INFO  server.RaftServerConfigKeys (ConfUtils.java:logGet(44)) - raft.server.retrycache.expirytime = 600000ms (custom)
2021-08-10 11:26:17,052 [pool-407-thread-1] INFO  server.RaftServerConfigKeys (ConfUtils.java:logGet(44)) - raft.server.retrycache.statistics.expirytime = 100μs (default)
2021-08-10 11:26:17,054 [pool-407-thread-1] INFO  server.RaftServer$Division (RaftServerImpl.java:start(296)) - 7badb8be-700e-4b6f-aeeb-f12993943ca1@group-177D03A42D3F: start as a follower, conf=-1: [339f746c-e925-490d-95d5-f42b6c2ebdb1|rpc:10.1.0.32:44359|dataStream:|priority:0, 4d94af01-e9ec-4925-937d-7224b820b8c4|rpc:10.1.0.32:35013|dataStream:|priority:1, 7badb8be-700e-4b6f-aeeb-f12993943ca1|rpc:10.1.0.32:33315|dataStream:|priority:0], old=null
2021-08-10 11:26:17,054 [pool-407-thread-1] INFO  server.RaftServer$Division (RaftServerImpl.java:setRole(285)) - 7badb8be-700e-4b6f-aeeb-f12993943ca1@group-177D03A42D3F: changes role from      null to FOLLOWER at term 0 for startAsFollower
2021-08-10 11:26:17,054 [pool-407-thread-1] INFO  impl.RoleInfo (RoleInfo.java:updateAndGet(130)) - 7badb8be-700e-4b6f-aeeb-f12993943ca1: start 7badb8be-700e-4b6f-aeeb-f12993943ca1@group-177D03A42D3F-FollowerState
2021-08-10 11:26:17,069 [pool-407-thread-1] INFO  util.JmxRegister (JmxRegister.java:tryRegister(44)) - Successfully registered JMX Bean with object name Ratis:service=RaftServer,group=group-177D03A42D3F,id=7badb8be-700e-4b6f-aeeb-f12993943ca1
2021-08-10 11:26:17,101 [Command processor thread] INFO  commandhandler.CreatePipelineCommandHandler (CreatePipelineCommandHandler.java:handle(106)) - Created Pipeline RATIS THREE PipelineID=4266e20e-f890-416b-9821-177d03a42d3f.
2021-08-10 11:26:17,119 [Command processor thread] INFO  server.RaftServer (RaftServerProxy.java:addNew(95)) - 4d94af01-e9ec-4925-937d-7224b820b8c4: addNew group-E28B04F22A7A:[339f746c-e925-490d-95d5-f42b6c2ebdb1|rpc:10.1.0.32:44359|priority:0, 4d94af01-e9ec-4925-937d-7224b820b8c4|rpc:10.1.0.32:35013|priority:0, 7badb8be-700e-4b6f-aeeb-f12993943ca1|rpc:10.1.0.32:33315|priority:1] returns group-E28B04F22A7A:java.util.concurrent.CompletableFuture@752f0c0[Not completed]
2021-08-10 11:26:17,120 [pool-369-thread-1] INFO  server.RaftServer$Division (RaftServerImpl.java:<init>(181)) - 4d94af01-e9ec-4925-937d-7224b820b8c4: new RaftServerImpl for group-E28B04F22A7A:[339f746c-e925-490d-95d5-f42b6c2ebdb1|rpc:10.1.0.32:44359|priority:0, 4d94af01-e9ec-4925-937d-7224b820b8c4|rpc:10.1.0.32:35013|priority:0, 7badb8be-700e-4b6f-aeeb-f12993943ca1|rpc:10.1.0.32:33315|priority:1] with ContainerStateMachine:uninitialized
2021-08-10 11:26:17,120 [pool-369-thread-1] INFO  server.RaftServerConfigKeys (ConfUtils.java:logGet(44)) - raft.server.rpc.timeout.min = 5s (custom)
2021-08-10 11:26:17,121 [pool-369-thread-1] INFO  server.RaftServerConfigKeys (ConfUtils.java:logGet(44)) - raft.server.rpc.timeout.max = 5200ms (custom)
2021-08-10 11:26:17,121 [pool-369-thread-1] INFO  server.RaftServerConfigKeys (ConfUtils.java:logGet(44)) - raft.server.rpc.sleep.time = 25ms (default)
2021-08-10 11:26:17,121 [pool-369-thread-1] INFO  server.RaftServerConfigKeys (ConfUtils.java:logGet(44)) - raft.server.rpc.slowness.timeout = 300s (custom)
2021-08-10 11:26:17,121 [pool-369-thread-1] INFO  server.RaftServerConfigKeys (ConfUtils.java:logGet(44)) - raft.server.leaderelection.leader.step-down.wait-time = 10s (default)
2021-08-10 11:26:17,121 [pool-369-thread-1] INFO  server.RaftServerConfigKeys (ConfUtils.java:logGet(44)) - raft.server.sleep.deviation.threshold = 300ms (default)
2021-08-10 11:26:17,121 [pool-369-thread-1] INFO  server.RaftServerConfigKeys (ConfUtils.java:logGet(44)) - raft.server.log.appender.install.snapshot.enabled = false (custom)
2021-08-10 11:26:17,121 [pool-369-thread-1] INFO  server.RaftServer$Division (ServerState.java:<init>(105)) - 4d94af01-e9ec-4925-937d-7224b820b8c4@group-E28B04F22A7A: ConfigurationManager, init=-1: [339f746c-e925-490d-95d5-f42b6c2ebdb1|rpc:10.1.0.32:44359|priority:0, 4d94af01-e9ec-4925-937d-7224b820b8c4|rpc:10.1.0.32:35013|priority:0, 7badb8be-700e-4b6f-aeeb-f12993943ca1|rpc:10.1.0.32:33315|priority:1], old=null, confs=<EMPTY_MAP>
2021-08-10 11:26:17,121 [pool-369-thread-1] INFO  server.RaftServerConfigKeys (ConfUtils.java:logGet(44)) - raft.server.storage.dir = [/home/runner/work/ozone/ozone/hadoop-ozone/integration-test/target/test-dir/MiniOzoneClusterImpl-186fefdd-2a8f-4691-bed1-86a244a8ddcd/datanode-0/data/ratis] (custom)
2021-08-10 11:26:17,121 [pool-369-thread-1] INFO  server.RaftServerConfigKeys (ConfUtils.java:logGet(44)) - raft.server.log.corruption.policy = EXCEPTION (default)
2021-08-10 11:26:17,121 [pool-369-thread-1] INFO  server.RaftServerConfigKeys (ConfUtils.java:logGet(44)) - raft.server.storage.free-space.min = 0MB (=0) (default)
2021-08-10 11:26:17,121 [pool-369-thread-1] INFO  storage.RaftStorageDirectory (RaftStorageDirectoryImpl.java:analyzeStorage(135)) - The storage directory /home/runner/work/ozone/ozone/hadoop-ozone/integration-test/target/test-dir/MiniOzoneClusterImpl-186fefdd-2a8f-4691-bed1-86a244a8ddcd/datanode-0/data/ratis/63ce6eb1-30ad-45b8-b1b7-e28b04f22a7a does not exist. Creating ...
2021-08-10 11:26:17,122 [Command processor thread] INFO  server.RaftServer (RaftServerProxy.java:addNew(95)) - 339f746c-e925-490d-95d5-f42b6c2ebdb1: addNew group-EEB6F52AD3B8:[339f746c-e925-490d-95d5-f42b6c2ebdb1|rpc:10.1.0.32:44359|priority:1] returns group-EEB6F52AD3B8:java.util.concurrent.CompletableFuture@438ad636[Not completed]
2021-08-10 11:26:17,123 [pool-388-thread-1] INFO  server.RaftServer$Division (RaftServerImpl.java:<init>(181)) - 339f746c-e925-490d-95d5-f42b6c2ebdb1: new RaftServerImpl for group-EEB6F52AD3B8:[339f746c-e925-490d-95d5-f42b6c2ebdb1|rpc:10.1.0.32:44359|priority:1] with ContainerStateMachine:uninitialized
2021-08-10 11:26:17,123 [pool-388-thread-1] INFO  server.RaftServerConfigKeys (ConfUtils.java:logGet(44)) - raft.server.rpc.timeout.min = 5s (custom)
2021-08-10 11:26:17,123 [pool-388-thread-1] INFO  server.RaftServerConfigKeys (ConfUtils.java:logGet(44)) - raft.server.rpc.timeout.max = 5200ms (custom)
2021-08-10 11:26:17,123 [pool-388-thread-1] INFO  server.RaftServerConfigKeys (ConfUtils.java:logGet(44)) - raft.server.rpc.sleep.time = 25ms (default)
2021-08-10 11:26:17,123 [pool-388-thread-1] INFO  server.RaftServerConfigKeys (ConfUtils.java:logGet(44)) - raft.server.rpc.slowness.timeout = 300s (custom)
2021-08-10 11:26:17,123 [pool-388-thread-1] INFO  server.RaftServerConfigKeys (ConfUtils.java:logGet(44)) - raft.server.leaderelection.leader.step-down.wait-time = 10s (default)
2021-08-10 11:26:17,123 [pool-388-thread-1] INFO  server.RaftServerConfigKeys (ConfUtils.java:logGet(44)) - raft.server.sleep.deviation.threshold = 300ms (default)
2021-08-10 11:26:17,123 [pool-388-thread-1] INFO  server.RaftServerConfigKeys (ConfUtils.java:logGet(44)) - raft.server.log.appender.install.snapshot.enabled = false (custom)
2021-08-10 11:26:17,123 [pool-388-thread-1] INFO  server.RaftServer$Division (ServerState.java:<init>(105)) - 339f746c-e925-490d-95d5-f42b6c2ebdb1@group-EEB6F52AD3B8: ConfigurationManager, init=-1: [339f746c-e925-490d-95d5-f42b6c2ebdb1|rpc:10.1.0.32:44359|priority:1], old=null, confs=<EMPTY_MAP>
2021-08-10 11:26:17,123 [pool-388-thread-1] INFO  server.RaftServerConfigKeys (ConfUtils.java:logGet(44)) - raft.server.storage.dir = [/home/runner/work/ozone/ozone/hadoop-ozone/integration-test/target/test-dir/MiniOzoneClusterImpl-186fefdd-2a8f-4691-bed1-86a244a8ddcd/datanode-1/data/ratis] (custom)
2021-08-10 11:26:17,124 [pool-369-thread-1] INFO  storage.RaftStorageDirectory (RaftStorageDirectoryImpl.java:tryLock(230)) - Lock on /home/runner/work/ozone/ozone/hadoop-ozone/integration-test/target/test-dir/MiniOzoneClusterImpl-186fefdd-2a8f-4691-bed1-86a244a8ddcd/datanode-0/data/ratis/63ce6eb1-30ad-45b8-b1b7-e28b04f22a7a/in_use.lock acquired by nodename 21326@fv-az116-838
2021-08-10 11:26:17,124 [pool-388-thread-1] INFO  server.RaftServerConfigKeys (ConfUtils.java:logGet(44)) - raft.server.log.corruption.policy = EXCEPTION (default)
2021-08-10 11:26:17,124 [pool-388-thread-1] INFO  server.RaftServerConfigKeys (ConfUtils.java:logGet(44)) - raft.server.storage.free-space.min = 0MB (=0) (default)
2021-08-10 11:26:17,124 [pool-388-thread-1] INFO  storage.RaftStorageDirectory (RaftStorageDirectoryImpl.java:analyzeStorage(135)) - The storage directory /home/runner/work/ozone/ozone/hadoop-ozone/integration-test/target/test-dir/MiniOzoneClusterImpl-186fefdd-2a8f-4691-bed1-86a244a8ddcd/datanode-1/data/ratis/3c85e567-cef6-4460-8a53-eeb6f52ad3b8 does not exist. Creating ...
2021-08-10 11:26:17,125 [pool-388-thread-1] INFO  storage.RaftStorageDirectory (RaftStorageDirectoryImpl.java:tryLock(230)) - Lock on /home/runner/work/ozone/ozone/hadoop-ozone/integration-test/target/test-dir/MiniOzoneClusterImpl-186fefdd-2a8f-4691-bed1-86a244a8ddcd/datanode-1/data/ratis/3c85e567-cef6-4460-8a53-eeb6f52ad3b8/in_use.lock acquired by nodename 21326@fv-az116-838
2021-08-10 11:26:17,126 [pool-388-thread-1] INFO  storage.RaftStorage (RaftStorageImpl.java:format(89)) - Storage directory /home/runner/work/ozone/ozone/hadoop-ozone/integration-test/target/test-dir/MiniOzoneClusterImpl-186fefdd-2a8f-4691-bed1-86a244a8ddcd/datanode-1/data/ratis/3c85e567-cef6-4460-8a53-eeb6f52ad3b8 has been successfully formatted.
2021-08-10 11:26:17,126 [pool-388-thread-1] INFO  ratis.ContainerStateMachine (ContainerStateMachine.java:loadSnapshot(223)) - group-EEB6F52AD3B8: The snapshot info is null. Setting the last applied indexto:(t:0, i:~)
2021-08-10 11:26:17,126 [pool-388-thread-1] INFO  server.RaftServerConfigKeys (ConfUtils.java:logGet(44)) - raft.server.notification.no-leader.timeout = 300s (custom)
2021-08-10 11:26:17,127 [pool-388-thread-1] INFO  server.RaftServerConfigKeys (ConfUtils.java:logGet(44)) - raft.server.log.use.memory = false (default)
2021-08-10 11:26:17,127 [pool-388-thread-1] INFO  server.RaftServerConfigKeys (ConfUtils.java:logGet(44)) - raft.server.log.purge.gap = 1000000 (custom)
2021-08-10 11:26:17,127 [pool-388-thread-1] INFO  server.RaftServerConfigKeys (ConfUtils.java:logGet(44)) - raft.server.log.appender.buffer.byte-limit = 33554432 (custom)
2021-08-10 11:26:17,127 [pool-388-thread-1] INFO  server.RaftServerConfigKeys (ConfUtils.java:logGet(44)) - raft.server.log.segment.size.max = 1048576 (custom)
2021-08-10 11:26:17,127 [pool-369-thread-1] INFO  storage.RaftStorage (RaftStorageImpl.java:format(89)) - Storage directory /home/runner/work/ozone/ozone/hadoop-ozone/integration-test/target/test-dir/MiniOzoneClusterImpl-186fefdd-2a8f-4691-bed1-86a244a8ddcd/datanode-0/data/ratis/63ce6eb1-30ad-45b8-b1b7-e28b04f22a7a has been successfully formatted.
2021-08-10 11:26:17,127 [pool-388-thread-1] INFO  server.RaftServerConfigKeys (ConfUtils.java:logGet(44)) - raft.server.log.segment.cache.num.max = 2 (custom)
2021-08-10 11:26:17,127 [pool-388-thread-1] INFO  server.RaftServerConfigKeys (ConfUtils.java:logGet(44)) - raft.server.log.segment.cache.size.max = 200MB (=209715200) (default)
2021-08-10 11:26:17,127 [pool-388-thread-1] INFO  segmented.SegmentedRaftLogWorker (SegmentedRaftLogWorker.java:<init>(182)) - new 339f746c-e925-490d-95d5-f42b6c2ebdb1@group-EEB6F52AD3B8-SegmentedRaftLogWorker for RaftStorageImpl:Storage Directory /home/runner/work/ozone/ozone/hadoop-ozone/integration-test/target/test-dir/MiniOzoneClusterImpl-186fefdd-2a8f-4691-bed1-86a244a8ddcd/datanode-1/data/ratis/3c85e567-cef6-4460-8a53-eeb6f52ad3b8
2021-08-10 11:26:17,127 [pool-388-thread-1] INFO  server.RaftServerConfigKeys (ConfUtils.java:logGet(44)) - raft.server.log.queue.byte-limit = 2147483647 (custom)
2021-08-10 11:26:17,127 [pool-388-thread-1] INFO  server.RaftServerConfigKeys (ConfUtils.java:logGet(44)) - raft.server.log.queue.element-limit = 1024 (custom)
2021-08-10 11:26:17,127 [pool-388-thread-1] INFO  server.RaftServerConfigKeys (ConfUtils.java:logGet(44)) - raft.server.log.segment.size.max = 1048576 (custom)
2021-08-10 11:26:17,128 [pool-388-thread-1] INFO  server.RaftServerConfigKeys (ConfUtils.java:logGet(44)) - raft.server.log.preallocated.size = 16384 (custom)
2021-08-10 11:26:17,128 [pool-388-thread-1] INFO  server.RaftServerConfigKeys (ConfUtils.java:logGet(44)) - raft.server.log.force.sync.num = 128 (default)
2021-08-10 11:26:17,128 [pool-388-thread-1] INFO  server.RaftServerConfigKeys (ConfUtils.java:logGet(44)) - raft.server.log.statemachine.data.sync = true (default)
2021-08-10 11:26:17,128 [pool-388-thread-1] INFO  server.RaftServerConfigKeys (ConfUtils.java:logGet(44)) - raft.server.log.statemachine.data.sync.timeout = 10s (default)
2021-08-10 11:26:17,128 [pool-388-thread-1] INFO  server.RaftServerConfigKeys (ConfUtils.java:logGet(44)) - raft.server.log.statemachine.data.sync.timeout.retry = -1 (default)
2021-08-10 11:26:17,128 [Datanode State Machine Thread - 0] WARN  statemachine.StateContext (StateContext.java:execute(621)) - No available thread in pool for past 1 seconds.
2021-08-10 11:26:17,127 [Datanode State Machine Thread - 0] WARN  statemachine.StateContext (StateContext.java:execute(621)) - No available thread in pool for past 1 seconds.
2021-08-10 11:26:17,128 [pool-369-thread-1] INFO  ratis.ContainerStateMachine (ContainerStateMachine.java:loadSnapshot(223)) - group-E28B04F22A7A: The snapshot info is null. Setting the last applied indexto:(t:0, i:~)
2021-08-10 11:26:17,128 [pool-369-thread-1] INFO  server.RaftServerConfigKeys (ConfUtils.java:logGet(44)) - raft.server.notification.no-leader.timeout = 300s (custom)
2021-08-10 11:26:17,128 [pool-369-thread-1] INFO  server.RaftServerConfigKeys (ConfUtils.java:logGet(44)) - raft.server.log.use.memory = false (default)
2021-08-10 11:26:17,128 [pool-369-thread-1] INFO  server.RaftServerConfigKeys (ConfUtils.java:logGet(44)) - raft.server.log.purge.gap = 1000000 (custom)
2021-08-10 11:26:17,129 [pool-369-thread-1] INFO  server.RaftServerConfigKeys (ConfUtils.java:logGet(44)) - raft.server.log.appender.buffer.byte-limit = 33554432 (custom)
2021-08-10 11:26:17,129 [pool-369-thread-1] INFO  server.RaftServerConfigKeys (ConfUtils.java:logGet(44)) - raft.server.log.segment.size.max = 1048576 (custom)
2021-08-10 11:26:17,136 [EventQueue-PipelineReportForPipelineReportHandler] INFO  pipeline.PipelineManagerImpl (PipelineManagerImpl.java:openPipeline(283)) - Pipeline Pipeline[ Id: 3c85e567-cef6-4460-8a53-eeb6f52ad3b8, Nodes: 339f746c-e925-490d-95d5-f42b6c2ebdb1{ip: 10.1.0.32, host: fv-az116-838.vzw04321ajxubdbcnpick5nqva.xx.internal.cloudapp.net, ports: [REPLICATION=38943, RATIS=44359, RATIS_ADMIN=44359, RATIS_SERVER=44359, STANDALONE=37693], networkLocation: /default-rack, certSerialId: null, persistedOpState: IN_SERVICE, persistedOpStateExpiryEpochSec: 0}, ReplicationConfig: RATIS/ONE, State:ALLOCATED, leaderId:339f746c-e925-490d-95d5-f42b6c2ebdb1, CreationTimestamp2021-08-10T11:26:14.134Z[Etc/UTC]] moved to OPEN state
2021-08-10 11:26:17,136 [EventQueue-OpenPipelineForHealthyPipelineSafeModeRule] INFO  safemode.SCMSafeModeManager (HealthyPipelineSafeModeRule.java:process(124)) - SCM in safe mode. Healthy pipelines reported count is 0, required healthy pipeline reported count is 1
2021-08-10 11:26:17,136 [EventQueue-OpenPipelineForHealthyPipelineSafeModeRule] INFO  safemode.SCMSafeModeManager (HealthyPipelineSafeModeRule.java:process(124)) - SCM in safe mode. Healthy pipelines reported count is 0, required healthy pipeline reported count is 1
2021-08-10 11:26:17,137 [pool-369-thread-1] INFO  server.RaftServerConfigKeys (ConfUtils.java:logGet(44)) - raft.server.log.segment.cache.num.max = 2 (custom)
2021-08-10 11:26:17,137 [pool-369-thread-1] INFO  server.RaftServerConfigKeys (ConfUtils.java:logGet(44)) - raft.server.log.segment.cache.size.max = 200MB (=209715200) (default)
2021-08-10 11:26:17,137 [pool-369-thread-1] INFO  segmented.SegmentedRaftLogWorker (SegmentedRaftLogWorker.java:<init>(182)) - new 4d94af01-e9ec-4925-937d-7224b820b8c4@group-E28B04F22A7A-SegmentedRaftLogWorker for RaftStorageImpl:Storage Directory /home/runner/work/ozone/ozone/hadoop-ozone/integration-test/target/test-dir/MiniOzoneClusterImpl-186fefdd-2a8f-4691-bed1-86a244a8ddcd/datanode-0/data/ratis/63ce6eb1-30ad-45b8-b1b7-e28b04f22a7a
2021-08-10 11:26:17,137 [pool-369-thread-1] INFO  server.RaftServerConfigKeys (ConfUtils.java:logGet(44)) - raft.server.log.queue.byte-limit = 2147483647 (custom)
2021-08-10 11:26:17,137 [pool-369-thread-1] INFO  server.RaftServerConfigKeys (ConfUtils.java:logGet(44)) - raft.server.log.queue.element-limit = 1024 (custom)
2021-08-10 11:26:17,137 [pool-369-thread-1] INFO  server.RaftServerConfigKeys (ConfUtils.java:logGet(44)) - raft.server.log.segment.size.max = 1048576 (custom)
2021-08-10 11:26:17,138 [pool-369-thread-1] INFO  server.RaftServerConfigKeys (ConfUtils.java:logGet(44)) - raft.server.log.preallocated.size = 16384 (custom)
2021-08-10 11:26:17,138 [pool-369-thread-1] INFO  server.RaftServerConfigKeys (ConfUtils.java:logGet(44)) - raft.server.log.force.sync.num = 128 (default)
2021-08-10 11:26:17,138 [pool-369-thread-1] INFO  server.RaftServerConfigKeys (ConfUtils.java:logGet(44)) - raft.server.log.statemachine.data.sync = true (default)
2021-08-10 11:26:17,138 [pool-369-thread-1] INFO  server.RaftServerConfigKeys (ConfUtils.java:logGet(44)) - raft.server.log.statemachine.data.sync.timeout = 10s (default)
2021-08-10 11:26:17,138 [pool-369-thread-1] INFO  server.RaftServerConfigKeys (ConfUtils.java:logGet(44)) - raft.server.log.statemachine.data.sync.timeout.retry = -1 (default)
2021-08-10 11:26:17,140 [pool-388-thread-1] INFO  server.RaftServerConfigKeys (ConfUtils.java:logGet(44)) - raft.server.log.write.buffer.size = 1048576 (custom)
2021-08-10 11:26:17,140 [pool-388-thread-1] INFO  server.RaftServerConfigKeys (ConfUtils.java:logGet(44)) - raft.server.log.statemachine.data.caching.enabled = true (custom)
2021-08-10 11:26:17,140 [pool-388-thread-1] INFO  segmented.SegmentedRaftLogWorker (SegmentedRaftLogWorker.java:lambda$new$0(133)) - 339f746c-e925-490d-95d5-f42b6c2ebdb1@group-EEB6F52AD3B8-SegmentedRaftLogWorker: flushIndex: setUnconditionally 0 -> -1
2021-08-10 11:26:17,140 [pool-388-thread-1] INFO  segmented.SegmentedRaftLogWorker (SegmentedRaftLogWorker.java:lambda$new$0(133)) - 339f746c-e925-490d-95d5-f42b6c2ebdb1@group-EEB6F52AD3B8-SegmentedRaftLogWorker: safeCacheEvictIndex: setUnconditionally 0 -> -1
2021-08-10 11:26:17,141 [pool-369-thread-1] INFO  server.RaftServerConfigKeys (ConfUtils.java:logGet(44)) - raft.server.log.write.buffer.size = 1048576 (custom)
2021-08-10 11:26:17,142 [pool-369-thread-1] INFO  server.RaftServerConfigKeys (ConfUtils.java:logGet(44)) - raft.server.log.statemachine.data.caching.enabled = true (custom)
2021-08-10 11:26:17,142 [pool-369-thread-1] INFO  segmented.SegmentedRaftLogWorker (SegmentedRaftLogWorker.java:lambda$new$0(133)) - 4d94af01-e9ec-4925-937d-7224b820b8c4@group-E28B04F22A7A-SegmentedRaftLogWorker: flushIndex: setUnconditionally 0 -> -1
2021-08-10 11:26:17,142 [pool-369-thread-1] INFO  segmented.SegmentedRaftLogWorker (SegmentedRaftLogWorker.java:lambda$new$0(133)) - 4d94af01-e9ec-4925-937d-7224b820b8c4@group-E28B04F22A7A-SegmentedRaftLogWorker: safeCacheEvictIndex: setUnconditionally 0 -> -1
2021-08-10 11:26:17,147 [pool-388-thread-1] INFO  server.RaftServerConfigKeys (ConfUtils.java:logGet(44)) - raft.server.snapshot.auto.trigger.enabled = true (custom)
2021-08-10 11:26:17,147 [pool-388-thread-1] INFO  server.RaftServerConfigKeys (ConfUtils.java:logGet(44)) - raft.server.snapshot.auto.trigger.threshold = 10000 (custom)
2021-08-10 11:26:17,147 [pool-388-thread-1] INFO  server.RaftServerConfigKeys (ConfUtils.java:logGet(44)) - raft.server.snapshot.retention.file.num = 5 (custom)
2021-08-10 11:26:17,147 [pool-388-thread-1] INFO  server.RaftServerConfigKeys (ConfUtils.java:logGet(44)) - raft.server.log.purge.upto.snapshot.index = false (default)
2021-08-10 11:26:17,147 [pool-388-thread-1] INFO  server.RaftServerConfigKeys (ConfUtils.java:logGet(44)) - raft.server.retrycache.expirytime = 600000ms (custom)
2021-08-10 11:26:17,147 [pool-388-thread-1] INFO  server.RaftServerConfigKeys (ConfUtils.java:logGet(44)) - raft.server.retrycache.statistics.expirytime = 100μs (default)
2021-08-10 11:26:17,149 [pool-388-thread-1] INFO  server.RaftServer$Division (RaftServerImpl.java:start(296)) - 339f746c-e925-490d-95d5-f42b6c2ebdb1@group-EEB6F52AD3B8: start as a follower, conf=-1: [339f746c-e925-490d-95d5-f42b6c2ebdb1|rpc:10.1.0.32:44359|priority:1], old=null
2021-08-10 11:26:17,149 [pool-388-thread-1] INFO  server.RaftServer$Division (RaftServerImpl.java:setRole(285)) - 339f746c-e925-490d-95d5-f42b6c2ebdb1@group-EEB6F52AD3B8: changes role from      null to FOLLOWER at term 0 for startAsFollower
2021-08-10 11:26:17,149 [pool-388-thread-1] INFO  impl.RoleInfo (RoleInfo.java:updateAndGet(130)) - 339f746c-e925-490d-95d5-f42b6c2ebdb1: start 339f746c-e925-490d-95d5-f42b6c2ebdb1@group-EEB6F52AD3B8-FollowerState
2021-08-10 11:26:17,160 [pool-388-thread-1] INFO  util.JmxRegister (JmxRegister.java:tryRegister(44)) - Successfully registered JMX Bean with object name Ratis:service=RaftServer,group=group-EEB6F52AD3B8,id=339f746c-e925-490d-95d5-f42b6c2ebdb1
2021-08-10 11:26:17,161 [Command processor thread] INFO  ratis.XceiverServerRatis (XceiverServerRatis.java:addGroup(759)) - Created group PipelineID=3c85e567-cef6-4460-8a53-eeb6f52ad3b8
2021-08-10 11:26:17,161 [Command processor thread] INFO  commandhandler.CreatePipelineCommandHandler (CreatePipelineCommandHandler.java:handle(106)) - Created Pipeline RATIS ONE PipelineID=3c85e567-cef6-4460-8a53-eeb6f52ad3b8.
2021-08-10 11:26:17,161 [Command processor thread] INFO  server.RaftServer (RaftServerProxy.java:addNew(95)) - 339f746c-e925-490d-95d5-f42b6c2ebdb1: addNew group-E28B04F22A7A:[339f746c-e925-490d-95d5-f42b6c2ebdb1|rpc:10.1.0.32:44359|priority:0, 4d94af01-e9ec-4925-937d-7224b820b8c4|rpc:10.1.0.32:35013|priority:0, 7badb8be-700e-4b6f-aeeb-f12993943ca1|rpc:10.1.0.32:33315|priority:1] returns group-E28B04F22A7A:java.util.concurrent.CompletableFuture@4d4d2037[Not completed]
2021-08-10 11:26:17,162 [pool-388-thread-1] INFO  server.RaftServer$Division (RaftServerImpl.java:<init>(181)) - 339f746c-e925-490d-95d5-f42b6c2ebdb1: new RaftServerImpl for group-E28B04F22A7A:[339f746c-e925-490d-95d5-f42b6c2ebdb1|rpc:10.1.0.32:44359|priority:0, 4d94af01-e9ec-4925-937d-7224b820b8c4|rpc:10.1.0.32:35013|priority:0, 7badb8be-700e-4b6f-aeeb-f12993943ca1|rpc:10.1.0.32:33315|priority:1] with ContainerStateMachine:uninitialized
2021-08-10 11:26:17,162 [pool-388-thread-1] INFO  server.RaftServerConfigKeys (ConfUtils.java:logGet(44)) - raft.server.rpc.timeout.min = 5s (custom)
2021-08-10 11:26:17,162 [pool-388-thread-1] INFO  server.RaftServerConfigKeys (ConfUtils.java:logGet(44)) - raft.server.rpc.timeout.max = 5200ms (custom)
2021-08-10 11:26:17,163 [pool-388-thread-1] INFO  server.RaftServerConfigKeys (ConfUtils.java:logGet(44)) - raft.server.rpc.sleep.time = 25ms (default)
2021-08-10 11:26:17,163 [pool-388-thread-1] INFO  server.RaftServerConfigKeys (ConfUtils.java:logGet(44)) - raft.server.rpc.slowness.timeout = 300s (custom)
2021-08-10 11:26:17,163 [pool-388-thread-1] INFO  server.RaftServerConfigKeys (ConfUtils.java:logGet(44)) - raft.server.leaderelection.leader.step-down.wait-time = 10s (default)
2021-08-10 11:26:17,163 [pool-388-thread-1] INFO  server.RaftServerConfigKeys (ConfUtils.java:logGet(44)) - raft.server.sleep.deviation.threshold = 300ms (default)
2021-08-10 11:26:17,163 [pool-388-thread-1] INFO  server.RaftServerConfigKeys (ConfUtils.java:logGet(44)) - raft.server.log.appender.install.snapshot.enabled = false (custom)
2021-08-10 11:26:17,163 [pool-388-thread-1] INFO  server.RaftServer$Division (ServerState.java:<init>(105)) - 339f746c-e925-490d-95d5-f42b6c2ebdb1@group-E28B04F22A7A: ConfigurationManager, init=-1: [339f746c-e925-490d-95d5-f42b6c2ebdb1|rpc:10.1.0.32:44359|priority:0, 4d94af01-e9ec-4925-937d-7224b820b8c4|rpc:10.1.0.32:35013|priority:0, 7badb8be-700e-4b6f-aeeb-f12993943ca1|rpc:10.1.0.32:33315|priority:1], old=null, confs=<EMPTY_MAP>
2021-08-10 11:26:17,163 [pool-388-thread-1] INFO  server.RaftServerConfigKeys (ConfUtils.java:logGet(44)) - raft.server.storage.dir = [/home/runner/work/ozone/ozone/hadoop-ozone/integration-test/target/test-dir/MiniOzoneClusterImpl-186fefdd-2a8f-4691-bed1-86a244a8ddcd/datanode-1/data/ratis] (custom)
2021-08-10 11:26:17,163 [pool-388-thread-1] INFO  server.RaftServerConfigKeys (ConfUtils.java:logGet(44)) - raft.server.log.corruption.policy = EXCEPTION (default)
2021-08-10 11:26:17,163 [pool-388-thread-1] INFO  server.RaftServerConfigKeys (ConfUtils.java:logGet(44)) - raft.server.storage.free-space.min = 0MB (=0) (default)
2021-08-10 11:26:17,163 [pool-388-thread-1] INFO  storage.RaftStorageDirectory (RaftStorageDirectoryImpl.java:analyzeStorage(135)) - The storage directory /home/runner/work/ozone/ozone/hadoop-ozone/integration-test/target/test-dir/MiniOzoneClusterImpl-186fefdd-2a8f-4691-bed1-86a244a8ddcd/datanode-1/data/ratis/63ce6eb1-30ad-45b8-b1b7-e28b04f22a7a does not exist. Creating ...
2021-08-10 11:26:17,165 [pool-388-thread-1] INFO  storage.RaftStorageDirectory (RaftStorageDirectoryImpl.java:tryLock(230)) - Lock on /home/runner/work/ozone/ozone/hadoop-ozone/integration-test/target/test-dir/MiniOzoneClusterImpl-186fefdd-2a8f-4691-bed1-86a244a8ddcd/datanode-1/data/ratis/63ce6eb1-30ad-45b8-b1b7-e28b04f22a7a/in_use.lock acquired by nodename 21326@fv-az116-838
2021-08-10 11:26:17,171 [pool-388-thread-1] INFO  storage.RaftStorage (RaftStorageImpl.java:format(89)) - Storage directory /home/runner/work/ozone/ozone/hadoop-ozone/integration-test/target/test-dir/MiniOzoneClusterImpl-186fefdd-2a8f-4691-bed1-86a244a8ddcd/datanode-1/data/ratis/63ce6eb1-30ad-45b8-b1b7-e28b04f22a7a has been successfully formatted.
2021-08-10 11:26:17,177 [pool-369-thread-1] INFO  server.RaftServerConfigKeys (ConfUtils.java:logGet(44)) - raft.server.snapshot.auto.trigger.enabled = true (custom)
2021-08-10 11:26:17,177 [pool-369-thread-1] INFO  server.RaftServerConfigKeys (ConfUtils.java:logGet(44)) - raft.server.snapshot.auto.trigger.threshold = 10000 (custom)
2021-08-10 11:26:17,177 [pool-369-thread-1] INFO  server.RaftServerConfigKeys (ConfUtils.java:logGet(44)) - raft.server.snapshot.retention.file.num = 5 (custom)
2021-08-10 11:26:17,177 [pool-369-thread-1] INFO  server.RaftServerConfigKeys (ConfUtils.java:logGet(44)) - raft.server.log.purge.upto.snapshot.index = false (default)
2021-08-10 11:26:17,177 [pool-369-thread-1] INFO  server.RaftServerConfigKeys (ConfUtils.java:logGet(44)) - raft.server.retrycache.expirytime = 600000ms (custom)
2021-08-10 11:26:17,177 [pool-369-thread-1] INFO  server.RaftServerConfigKeys (ConfUtils.java:logGet(44)) - raft.server.retrycache.statistics.expirytime = 100μs (default)
2021-08-10 11:26:17,178 [pool-369-thread-1] INFO  server.RaftServer$Division (RaftServerImpl.java:start(296)) - 4d94af01-e9ec-4925-937d-7224b820b8c4@group-E28B04F22A7A: start as a follower, conf=-1: [339f746c-e925-490d-95d5-f42b6c2ebdb1|rpc:10.1.0.32:44359|priority:0, 4d94af01-e9ec-4925-937d-7224b820b8c4|rpc:10.1.0.32:35013|priority:0, 7badb8be-700e-4b6f-aeeb-f12993943ca1|rpc:10.1.0.32:33315|priority:1], old=null
2021-08-10 11:26:17,178 [pool-369-thread-1] INFO  server.RaftServer$Division (RaftServerImpl.java:setRole(285)) - 4d94af01-e9ec-4925-937d-7224b820b8c4@group-E28B04F22A7A: changes role from      null to FOLLOWER at term 0 for startAsFollower
2021-08-10 11:26:17,179 [pool-369-thread-1] INFO  impl.RoleInfo (RoleInfo.java:updateAndGet(130)) - 4d94af01-e9ec-4925-937d-7224b820b8c4: start 4d94af01-e9ec-4925-937d-7224b820b8c4@group-E28B04F22A7A-FollowerState
2021-08-10 11:26:17,185 [pool-369-thread-1] INFO  util.JmxRegister (JmxRegister.java:tryRegister(44)) - Successfully registered JMX Bean with object name Ratis:service=RaftServer,group=group-E28B04F22A7A,id=4d94af01-e9ec-4925-937d-7224b820b8c4
2021-08-10 11:26:17,186 [pool-388-thread-1] INFO  ratis.ContainerStateMachine (ContainerStateMachine.java:loadSnapshot(223)) - group-E28B04F22A7A: The snapshot info is null. Setting the last applied indexto:(t:0, i:~)
2021-08-10 11:26:17,186 [pool-388-thread-1] INFO  server.RaftServerConfigKeys (ConfUtils.java:logGet(44)) - raft.server.notification.no-leader.timeout = 300s (custom)
2021-08-10 11:26:17,186 [pool-388-thread-1] INFO  server.RaftServerConfigKeys (ConfUtils.java:logGet(44)) - raft.server.log.use.memory = false (default)
2021-08-10 11:26:17,187 [pool-388-thread-1] INFO  server.RaftServerConfigKeys (ConfUtils.java:logGet(44)) - raft.server.log.purge.gap = 1000000 (custom)
2021-08-10 11:26:17,187 [pool-388-thread-1] INFO  server.RaftServerConfigKeys (ConfUtils.java:logGet(44)) - raft.server.log.appender.buffer.byte-limit = 33554432 (custom)
2021-08-10 11:26:17,187 [Command processor thread] INFO  ratis.XceiverServerRatis (XceiverServerRatis.java:addGroup(759)) - Created group PipelineID=63ce6eb1-30ad-45b8-b1b7-e28b04f22a7a
2021-08-10 11:26:17,187 [pool-388-thread-1] INFO  server.RaftServerConfigKeys (ConfUtils.java:logGet(44)) - raft.server.log.segment.size.max = 1048576 (custom)
2021-08-10 11:26:17,188 [Datanode State Machine Thread - 0] WARN  statemachine.StateContext (StateContext.java:execute(621)) - No available thread in pool for past 1 seconds.
2021-08-10 11:26:17,188 [pool-388-thread-1] INFO  server.RaftServerConfigKeys (ConfUtils.java:logGet(44)) - raft.server.log.segment.cache.num.max = 2 (custom)
2021-08-10 11:26:17,188 [pool-388-thread-1] INFO  server.RaftServerConfigKeys (ConfUtils.java:logGet(44)) - raft.server.log.segment.cache.size.max = 200MB (=209715200) (default)
2021-08-10 11:26:17,188 [pool-388-thread-1] INFO  segmented.SegmentedRaftLogWorker (SegmentedRaftLogWorker.java:<init>(182)) - new 339f746c-e925-490d-95d5-f42b6c2ebdb1@group-E28B04F22A7A-SegmentedRaftLogWorker for RaftStorageImpl:Storage Directory /home/runner/work/ozone/ozone/hadoop-ozone/integration-test/target/test-dir/MiniOzoneClusterImpl-186fefdd-2a8f-4691-bed1-86a244a8ddcd/datanode-1/data/ratis/63ce6eb1-30ad-45b8-b1b7-e28b04f22a7a
2021-08-10 11:26:17,188 [pool-388-thread-1] INFO  server.RaftServerConfigKeys (ConfUtils.java:logGet(44)) - raft.server.log.queue.byte-limit = 2147483647 (custom)
2021-08-10 11:26:17,188 [pool-388-thread-1] INFO  server.RaftServerConfigKeys (ConfUtils.java:logGet(44)) - raft.server.log.queue.element-limit = 1024 (custom)
2021-08-10 11:26:17,189 [pool-388-thread-1] INFO  server.RaftServerConfigKeys (ConfUtils.java:logGet(44)) - raft.server.log.segment.size.max = 1048576 (custom)
2021-08-10 11:26:17,189 [pool-388-thread-1] INFO  server.RaftServerConfigKeys (ConfUtils.java:logGet(44)) - raft.server.log.preallocated.size = 16384 (custom)
2021-08-10 11:26:17,189 [pool-388-thread-1] INFO  server.RaftServerConfigKeys (ConfUtils.java:logGet(44)) - raft.server.log.force.sync.num = 128 (default)
2021-08-10 11:26:17,189 [pool-388-thread-1] INFO  server.RaftServerConfigKeys (ConfUtils.java:logGet(44)) - raft.server.log.statemachine.data.sync = true (default)
2021-08-10 11:26:17,189 [pool-388-thread-1] INFO  server.RaftServerConfigKeys (ConfUtils.java:logGet(44)) - raft.server.log.statemachine.data.sync.timeout = 10s (default)
2021-08-10 11:26:17,189 [pool-388-thread-1] INFO  server.RaftServerConfigKeys (ConfUtils.java:logGet(44)) - raft.server.log.statemachine.data.sync.timeout.retry = -1 (default)
2021-08-10 11:26:17,190 [pool-388-thread-1] INFO  server.RaftServerConfigKeys (ConfUtils.java:logGet(44)) - raft.server.log.write.buffer.size = 1048576 (custom)
2021-08-10 11:26:17,191 [pool-388-thread-1] INFO  server.RaftServerConfigKeys (ConfUtils.java:logGet(44)) - raft.server.log.statemachine.data.caching.enabled = true (custom)
2021-08-10 11:26:17,191 [pool-388-thread-1] INFO  segmented.SegmentedRaftLogWorker (SegmentedRaftLogWorker.java:lambda$new$0(133)) - 339f746c-e925-490d-95d5-f42b6c2ebdb1@group-E28B04F22A7A-SegmentedRaftLogWorker: flushIndex: setUnconditionally 0 -> -1
2021-08-10 11:26:17,191 [pool-388-thread-1] INFO  segmented.SegmentedRaftLogWorker (SegmentedRaftLogWorker.java:lambda$new$0(133)) - 339f746c-e925-490d-95d5-f42b6c2ebdb1@group-E28B04F22A7A-SegmentedRaftLogWorker: safeCacheEvictIndex: setUnconditionally 0 -> -1
2021-08-10 11:26:17,195 [EventQueue-OpenPipelineForHealthyPipelineSafeModeRule] INFO  safemode.SCMSafeModeManager (HealthyPipelineSafeModeRule.java:process(124)) - SCM in safe mode. Healthy pipelines reported count is 0, required healthy pipeline reported count is 1
2021-08-10 11:26:17,226 [pool-388-thread-1] INFO  server.RaftServerConfigKeys (ConfUtils.java:logGet(44)) - raft.server.snapshot.auto.trigger.enabled = true (custom)
2021-08-10 11:26:17,226 [pool-388-thread-1] INFO  server.RaftServerConfigKeys (ConfUtils.java:logGet(44)) - raft.server.snapshot.auto.trigger.threshold = 10000 (custom)
2021-08-10 11:26:17,226 [pool-388-thread-1] INFO  server.RaftServerConfigKeys (ConfUtils.java:logGet(44)) - raft.server.snapshot.retention.file.num = 5 (custom)
2021-08-10 11:26:17,226 [pool-388-thread-1] INFO  server.RaftServerConfigKeys (ConfUtils.java:logGet(44)) - raft.server.log.purge.upto.snapshot.index = false (default)
2021-08-10 11:26:17,226 [pool-388-thread-1] INFO  server.RaftServerConfigKeys (ConfUtils.java:logGet(44)) - raft.server.retrycache.expirytime = 600000ms (custom)
2021-08-10 11:26:17,226 [pool-388-thread-1] INFO  server.RaftServerConfigKeys (ConfUtils.java:logGet(44)) - raft.server.retrycache.statistics.expirytime = 100μs (default)
2021-08-10 11:26:17,227 [pool-388-thread-1] INFO  server.RaftServer$Division (RaftServerImpl.java:start(296)) - 339f746c-e925-490d-95d5-f42b6c2ebdb1@group-E28B04F22A7A: start as a follower, conf=-1: [339f746c-e925-490d-95d5-f42b6c2ebdb1|rpc:10.1.0.32:44359|priority:0, 4d94af01-e9ec-4925-937d-7224b820b8c4|rpc:10.1.0.32:35013|priority:0, 7badb8be-700e-4b6f-aeeb-f12993943ca1|rpc:10.1.0.32:33315|priority:1], old=null
2021-08-10 11:26:17,227 [pool-388-thread-1] INFO  server.RaftServer$Division (RaftServerImpl.java:setRole(285)) - 339f746c-e925-490d-95d5-f42b6c2ebdb1@group-E28B04F22A7A: changes role from      null to FOLLOWER at term 0 for startAsFollower
2021-08-10 11:26:17,228 [pool-388-thread-1] INFO  impl.RoleInfo (RoleInfo.java:updateAndGet(130)) - 339f746c-e925-490d-95d5-f42b6c2ebdb1: start 339f746c-e925-490d-95d5-f42b6c2ebdb1@group-E28B04F22A7A-FollowerState
2021-08-10 11:26:17,228 [pool-388-thread-1] INFO  util.JmxRegister (JmxRegister.java:tryRegister(44)) - Successfully registered JMX Bean with object name Ratis:service=RaftServer,group=group-E28B04F22A7A,id=339f746c-e925-490d-95d5-f42b6c2ebdb1
2021-08-10 11:26:17,229 [Command processor thread] INFO  ratis.XceiverServerRatis (XceiverServerRatis.java:addGroup(759)) - Created group PipelineID=63ce6eb1-30ad-45b8-b1b7-e28b04f22a7a
2021-08-10 11:26:17,367 [grpc-default-executor-1] INFO  server.RaftServer (RaftServerProxy.java:addNew(95)) - 7badb8be-700e-4b6f-aeeb-f12993943ca1: addNew group-E28B04F22A7A:[339f746c-e925-490d-95d5-f42b6c2ebdb1|rpc:10.1.0.32:44359|dataStream:|priority:0, 4d94af01-e9ec-4925-937d-7224b820b8c4|rpc:10.1.0.32:35013|dataStream:|priority:0, 7badb8be-700e-4b6f-aeeb-f12993943ca1|rpc:10.1.0.32:33315|dataStream:|priority:1] returns group-E28B04F22A7A:java.util.concurrent.CompletableFuture@49d5695f[Not completed]
2021-08-10 11:26:17,374 [pool-407-thread-1] INFO  server.RaftServer$Division (RaftServerImpl.java:<init>(181)) - 7badb8be-700e-4b6f-aeeb-f12993943ca1: new RaftServerImpl for group-E28B04F22A7A:[339f746c-e925-490d-95d5-f42b6c2ebdb1|rpc:10.1.0.32:44359|dataStream:|priority:0, 4d94af01-e9ec-4925-937d-7224b820b8c4|rpc:10.1.0.32:35013|dataStream:|priority:0, 7badb8be-700e-4b6f-aeeb-f12993943ca1|rpc:10.1.0.32:33315|dataStream:|priority:1] with ContainerStateMachine:uninitialized
2021-08-10 11:26:17,374 [pool-407-thread-1] INFO  server.RaftServerConfigKeys (ConfUtils.java:logGet(44)) - raft.server.rpc.timeout.min = 5s (custom)
2021-08-10 11:26:17,374 [pool-407-thread-1] INFO  server.RaftServerConfigKeys (ConfUtils.java:logGet(44)) - raft.server.rpc.timeout.max = 5200ms (custom)
2021-08-10 11:26:17,374 [pool-407-thread-1] INFO  server.RaftServerConfigKeys (ConfUtils.java:logGet(44)) - raft.server.rpc.sleep.time = 25ms (default)
2021-08-10 11:26:17,374 [pool-407-thread-1] INFO  server.RaftServerConfigKeys (ConfUtils.java:logGet(44)) - raft.server.rpc.slowness.timeout = 300s (custom)
2021-08-10 11:26:17,374 [pool-407-thread-1] INFO  server.RaftServerConfigKeys (ConfUtils.java:logGet(44)) - raft.server.leaderelection.leader.step-down.wait-time = 10s (default)
2021-08-10 11:26:17,374 [pool-407-thread-1] INFO  server.RaftServerConfigKeys (ConfUtils.java:logGet(44)) - raft.server.sleep.deviation.threshold = 300ms (default)
2021-08-10 11:26:17,374 [pool-407-thread-1] INFO  server.RaftServerConfigKeys (ConfUtils.java:logGet(44)) - raft.server.log.appender.install.snapshot.enabled = false (custom)
2021-08-10 11:26:17,374 [pool-407-thread-1] INFO  server.RaftServer$Division (ServerState.java:<init>(105)) - 7badb8be-700e-4b6f-aeeb-f12993943ca1@group-E28B04F22A7A: ConfigurationManager, init=-1: [339f746c-e925-490d-95d5-f42b6c2ebdb1|rpc:10.1.0.32:44359|dataStream:|priority:0, 4d94af01-e9ec-4925-937d-7224b820b8c4|rpc:10.1.0.32:35013|dataStream:|priority:0, 7badb8be-700e-4b6f-aeeb-f12993943ca1|rpc:10.1.0.32:33315|dataStream:|priority:1], old=null, confs=<EMPTY_MAP>
2021-08-10 11:26:17,374 [pool-407-thread-1] INFO  server.RaftServerConfigKeys (ConfUtils.java:logGet(44)) - raft.server.storage.dir = [/home/runner/work/ozone/ozone/hadoop-ozone/integration-test/target/test-dir/MiniOzoneClusterImpl-186fefdd-2a8f-4691-bed1-86a244a8ddcd/datanode-2/data/ratis] (custom)
2021-08-10 11:26:17,375 [pool-407-thread-1] INFO  server.RaftServerConfigKeys (ConfUtils.java:logGet(44)) - raft.server.log.corruption.policy = EXCEPTION (default)
2021-08-10 11:26:17,375 [pool-407-thread-1] INFO  server.RaftServerConfigKeys (ConfUtils.java:logGet(44)) - raft.server.storage.free-space.min = 0MB (=0) (default)
2021-08-10 11:26:17,375 [pool-407-thread-1] INFO  storage.RaftStorageDirectory (RaftStorageDirectoryImpl.java:analyzeStorage(135)) - The storage directory /home/runner/work/ozone/ozone/hadoop-ozone/integration-test/target/test-dir/MiniOzoneClusterImpl-186fefdd-2a8f-4691-bed1-86a244a8ddcd/datanode-2/data/ratis/63ce6eb1-30ad-45b8-b1b7-e28b04f22a7a does not exist. Creating ...
2021-08-10 11:26:17,376 [pool-407-thread-1] INFO  storage.RaftStorageDirectory (RaftStorageDirectoryImpl.java:tryLock(230)) - Lock on /home/runner/work/ozone/ozone/hadoop-ozone/integration-test/target/test-dir/MiniOzoneClusterImpl-186fefdd-2a8f-4691-bed1-86a244a8ddcd/datanode-2/data/ratis/63ce6eb1-30ad-45b8-b1b7-e28b04f22a7a/in_use.lock acquired by nodename 21326@fv-az116-838
2021-08-10 11:26:17,378 [pool-407-thread-1] INFO  storage.RaftStorage (RaftStorageImpl.java:format(89)) - Storage directory /home/runner/work/ozone/ozone/hadoop-ozone/integration-test/target/test-dir/MiniOzoneClusterImpl-186fefdd-2a8f-4691-bed1-86a244a8ddcd/datanode-2/data/ratis/63ce6eb1-30ad-45b8-b1b7-e28b04f22a7a has been successfully formatted.
2021-08-10 11:26:17,378 [Datanode State Machine Thread - 0] WARN  statemachine.StateContext (StateContext.java:execute(621)) - No available thread in pool for past 1 seconds.
2021-08-10 11:26:17,379 [pool-407-thread-1] INFO  ratis.ContainerStateMachine (ContainerStateMachine.java:loadSnapshot(223)) - group-E28B04F22A7A: The snapshot info is null. Setting the last applied indexto:(t:0, i:~)
2021-08-10 11:26:17,379 [pool-407-thread-1] INFO  server.RaftServerConfigKeys (ConfUtils.java:logGet(44)) - raft.server.notification.no-leader.timeout = 300s (custom)
2021-08-10 11:26:17,379 [pool-407-thread-1] INFO  server.RaftServerConfigKeys (ConfUtils.java:logGet(44)) - raft.server.log.use.memory = false (default)
2021-08-10 11:26:17,379 [pool-407-thread-1] INFO  server.RaftServerConfigKeys (ConfUtils.java:logGet(44)) - raft.server.log.purge.gap = 1000000 (custom)
2021-08-10 11:26:17,379 [pool-407-thread-1] INFO  server.RaftServerConfigKeys (ConfUtils.java:logGet(44)) - raft.server.log.appender.buffer.byte-limit = 33554432 (custom)
2021-08-10 11:26:17,379 [pool-407-thread-1] INFO  server.RaftServerConfigKeys (ConfUtils.java:logGet(44)) - raft.server.log.segment.size.max = 1048576 (custom)
2021-08-10 11:26:17,380 [pool-407-thread-1] INFO  server.RaftServerConfigKeys (ConfUtils.java:logGet(44)) - raft.server.log.segment.cache.num.max = 2 (custom)
2021-08-10 11:26:17,380 [pool-407-thread-1] INFO  server.RaftServerConfigKeys (ConfUtils.java:logGet(44)) - raft.server.log.segment.cache.size.max = 200MB (=209715200) (default)
2021-08-10 11:26:17,380 [pool-407-thread-1] INFO  segmented.SegmentedRaftLogWorker (SegmentedRaftLogWorker.java:<init>(182)) - new 7badb8be-700e-4b6f-aeeb-f12993943ca1@group-E28B04F22A7A-SegmentedRaftLogWorker for RaftStorageImpl:Storage Directory /home/runner/work/ozone/ozone/hadoop-ozone/integration-test/target/test-dir/MiniOzoneClusterImpl-186fefdd-2a8f-4691-bed1-86a244a8ddcd/datanode-2/data/ratis/63ce6eb1-30ad-45b8-b1b7-e28b04f22a7a
2021-08-10 11:26:17,380 [pool-407-thread-1] INFO  server.RaftServerConfigKeys (ConfUtils.java:logGet(44)) - raft.server.log.queue.byte-limit = 2147483647 (custom)
2021-08-10 11:26:17,380 [pool-407-thread-1] INFO  server.RaftServerConfigKeys (ConfUtils.java:logGet(44)) - raft.server.log.queue.element-limit = 1024 (custom)
2021-08-10 11:26:17,380 [pool-407-thread-1] INFO  server.RaftServerConfigKeys (ConfUtils.java:logGet(44)) - raft.server.log.segment.size.max = 1048576 (custom)
2021-08-10 11:26:17,380 [pool-407-thread-1] INFO  server.RaftServerConfigKeys (ConfUtils.java:logGet(44)) - raft.server.log.preallocated.size = 16384 (custom)
2021-08-10 11:26:17,380 [pool-407-thread-1] INFO  server.RaftServerConfigKeys (ConfUtils.java:logGet(44)) - raft.server.log.force.sync.num = 128 (default)
2021-08-10 11:26:17,380 [pool-407-thread-1] INFO  server.RaftServerConfigKeys (ConfUtils.java:logGet(44)) - raft.server.log.statemachine.data.sync = true (default)
2021-08-10 11:26:17,380 [pool-407-thread-1] INFO  server.RaftServerConfigKeys (ConfUtils.java:logGet(44)) - raft.server.log.statemachine.data.sync.timeout = 10s (default)
2021-08-10 11:26:17,380 [pool-407-thread-1] INFO  server.RaftServerConfigKeys (ConfUtils.java:logGet(44)) - raft.server.log.statemachine.data.sync.timeout.retry = -1 (default)
2021-08-10 11:26:17,381 [pool-407-thread-1] INFO  server.RaftServerConfigKeys (ConfUtils.java:logGet(44)) - raft.server.log.write.buffer.size = 1048576 (custom)
2021-08-10 11:26:17,382 [pool-407-thread-1] INFO  server.RaftServerConfigKeys (ConfUtils.java:logGet(44)) - raft.server.log.statemachine.data.caching.enabled = true (custom)
2021-08-10 11:26:17,382 [pool-407-thread-1] INFO  segmented.SegmentedRaftLogWorker (SegmentedRaftLogWorker.java:lambda$new$0(133)) - 7badb8be-700e-4b6f-aeeb-f12993943ca1@group-E28B04F22A7A-SegmentedRaftLogWorker: flushIndex: setUnconditionally 0 -> -1
2021-08-10 11:26:17,382 [pool-407-thread-1] INFO  segmented.SegmentedRaftLogWorker (SegmentedRaftLogWorker.java:lambda$new$0(133)) - 7badb8be-700e-4b6f-aeeb-f12993943ca1@group-E28B04F22A7A-SegmentedRaftLogWorker: safeCacheEvictIndex: setUnconditionally 0 -> -1
2021-08-10 11:26:17,386 [pool-407-thread-1] INFO  server.RaftServerConfigKeys (ConfUtils.java:logGet(44)) - raft.server.snapshot.auto.trigger.enabled = true (custom)
2021-08-10 11:26:17,395 [pool-407-thread-1] INFO  server.RaftServerConfigKeys (ConfUtils.java:logGet(44)) - raft.server.snapshot.auto.trigger.threshold = 10000 (custom)
2021-08-10 11:26:17,395 [pool-407-thread-1] INFO  server.RaftServerConfigKeys (ConfUtils.java:logGet(44)) - raft.server.snapshot.retention.file.num = 5 (custom)
2021-08-10 11:26:17,395 [pool-407-thread-1] INFO  server.RaftServerConfigKeys (ConfUtils.java:logGet(44)) - raft.server.log.purge.upto.snapshot.index = false (default)
2021-08-10 11:26:17,395 [pool-407-thread-1] INFO  server.RaftServerConfigKeys (ConfUtils.java:logGet(44)) - raft.server.retrycache.expirytime = 600000ms (custom)
2021-08-10 11:26:17,395 [pool-407-thread-1] INFO  server.RaftServerConfigKeys (ConfUtils.java:logGet(44)) - raft.server.retrycache.statistics.expirytime = 100μs (default)
2021-08-10 11:26:17,396 [pool-407-thread-1] INFO  server.RaftServer$Division (RaftServerImpl.java:start(296)) - 7badb8be-700e-4b6f-aeeb-f12993943ca1@group-E28B04F22A7A: start as a follower, conf=-1: [339f746c-e925-490d-95d5-f42b6c2ebdb1|rpc:10.1.0.32:44359|dataStream:|priority:0, 4d94af01-e9ec-4925-937d-7224b820b8c4|rpc:10.1.0.32:35013|dataStream:|priority:0, 7badb8be-700e-4b6f-aeeb-f12993943ca1|rpc:10.1.0.32:33315|dataStream:|priority:1], old=null
2021-08-10 11:26:17,397 [pool-407-thread-1] INFO  server.RaftServer$Division (RaftServerImpl.java:setRole(285)) - 7badb8be-700e-4b6f-aeeb-f12993943ca1@group-E28B04F22A7A: changes role from      null to FOLLOWER at term 0 for startAsFollower
2021-08-10 11:26:17,397 [pool-407-thread-1] INFO  impl.RoleInfo (RoleInfo.java:updateAndGet(130)) - 7badb8be-700e-4b6f-aeeb-f12993943ca1: start 7badb8be-700e-4b6f-aeeb-f12993943ca1@group-E28B04F22A7A-FollowerState
2021-08-10 11:26:17,397 [pool-407-thread-1] INFO  util.JmxRegister (JmxRegister.java:tryRegister(44)) - Successfully registered JMX Bean with object name Ratis:service=RaftServer,group=group-E28B04F22A7A,id=7badb8be-700e-4b6f-aeeb-f12993943ca1
2021-08-10 11:26:17,418 [Command processor thread] INFO  commandhandler.CreatePipelineCommandHandler (CreatePipelineCommandHandler.java:handle(106)) - Created Pipeline RATIS THREE PipelineID=63ce6eb1-30ad-45b8-b1b7-e28b04f22a7a.
2021-08-10 11:26:17,428 [Command processor thread] INFO  commandhandler.CreatePipelineCommandHandler (CreatePipelineCommandHandler.java:handle(106)) - Created Pipeline RATIS THREE PipelineID=63ce6eb1-30ad-45b8-b1b7-e28b04f22a7a.
2021-08-10 11:26:17,454 [Listener at 127.0.0.1/42373] INFO  ozone.MiniOzoneClusterImpl (MiniOzoneClusterImpl.java:lambda$waitForClusterToBeReady$0(235)) - Nodes are ready. Got 3 of 3 DN Heartbeats.
2021-08-10 11:26:17,454 [Listener at 127.0.0.1/42373] INFO  ozone.MiniOzoneClusterImpl (MiniOzoneClusterImpl.java:lambda$waitForClusterToBeReady$0(238)) - Waiting for cluster to exit safe mode
2021-08-10 11:26:17,454 [Listener at 127.0.0.1/42373] INFO  ozone.MiniOzoneClusterImpl (MiniOzoneClusterImpl.java:lambda$waitForClusterToBeReady$0(240)) - SCM became leader
2021-08-10 11:26:17,508 [Command processor thread] INFO  server.RaftServer (RaftServerProxy.java:addNew(95)) - 7badb8be-700e-4b6f-aeeb-f12993943ca1: addNew group-5481500B10C5:[7badb8be-700e-4b6f-aeeb-f12993943ca1|rpc:10.1.0.32:33315|priority:1] returns group-5481500B10C5:java.util.concurrent.CompletableFuture@6f8b4767[Not completed]
2021-08-10 11:26:17,508 [pool-407-thread-1] INFO  server.RaftServer$Division (RaftServerImpl.java:<init>(181)) - 7badb8be-700e-4b6f-aeeb-f12993943ca1: new RaftServerImpl for group-5481500B10C5:[7badb8be-700e-4b6f-aeeb-f12993943ca1|rpc:10.1.0.32:33315|priority:1] with ContainerStateMachine:uninitialized
2021-08-10 11:26:17,509 [pool-407-thread-1] INFO  server.RaftServerConfigKeys (ConfUtils.java:logGet(44)) - raft.server.rpc.timeout.min = 5s (custom)
2021-08-10 11:26:17,509 [pool-407-thread-1] INFO  server.RaftServerConfigKeys (ConfUtils.java:logGet(44)) - raft.server.rpc.timeout.max = 5200ms (custom)
2021-08-10 11:26:17,509 [pool-407-thread-1] INFO  server.RaftServerConfigKeys (ConfUtils.java:logGet(44)) - raft.server.rpc.sleep.time = 25ms (default)
2021-08-10 11:26:17,509 [pool-407-thread-1] INFO  server.RaftServerConfigKeys (ConfUtils.java:logGet(44)) - raft.server.rpc.slowness.timeout = 300s (custom)
2021-08-10 11:26:17,509 [pool-407-thread-1] INFO  server.RaftServerConfigKeys (ConfUtils.java:logGet(44)) - raft.server.leaderelection.leader.step-down.wait-time = 10s (default)
2021-08-10 11:26:17,509 [pool-407-thread-1] INFO  server.RaftServerConfigKeys (ConfUtils.java:logGet(44)) - raft.server.sleep.deviation.threshold = 300ms (default)
2021-08-10 11:26:17,509 [pool-407-thread-1] INFO  server.RaftServerConfigKeys (ConfUtils.java:logGet(44)) - raft.server.log.appender.install.snapshot.enabled = false (custom)
2021-08-10 11:26:17,509 [pool-407-thread-1] INFO  server.RaftServer$Division (ServerState.java:<init>(105)) - 7badb8be-700e-4b6f-aeeb-f12993943ca1@group-5481500B10C5: ConfigurationManager, init=-1: [7badb8be-700e-4b6f-aeeb-f12993943ca1|rpc:10.1.0.32:33315|priority:1], old=null, confs=<EMPTY_MAP>
2021-08-10 11:26:17,509 [pool-407-thread-1] INFO  server.RaftServerConfigKeys (ConfUtils.java:logGet(44)) - raft.server.storage.dir = [/home/runner/work/ozone/ozone/hadoop-ozone/integration-test/target/test-dir/MiniOzoneClusterImpl-186fefdd-2a8f-4691-bed1-86a244a8ddcd/datanode-2/data/ratis] (custom)
2021-08-10 11:26:17,509 [pool-407-thread-1] INFO  server.RaftServerConfigKeys (ConfUtils.java:logGet(44)) - raft.server.log.corruption.policy = EXCEPTION (default)
2021-08-10 11:26:17,509 [pool-407-thread-1] INFO  server.RaftServerConfigKeys (ConfUtils.java:logGet(44)) - raft.server.storage.free-space.min = 0MB (=0) (default)
2021-08-10 11:26:17,509 [pool-407-thread-1] INFO  storage.RaftStorageDirectory (RaftStorageDirectoryImpl.java:analyzeStorage(135)) - The storage directory /home/runner/work/ozone/ozone/hadoop-ozone/integration-test/target/test-dir/MiniOzoneClusterImpl-186fefdd-2a8f-4691-bed1-86a244a8ddcd/datanode-2/data/ratis/dcc8b3ca-5dd5-485d-81b9-5481500b10c5 does not exist. Creating ...
2021-08-10 11:26:17,511 [pool-407-thread-1] INFO  storage.RaftStorageDirectory (RaftStorageDirectoryImpl.java:tryLock(230)) - Lock on /home/runner/work/ozone/ozone/hadoop-ozone/integration-test/target/test-dir/MiniOzoneClusterImpl-186fefdd-2a8f-4691-bed1-86a244a8ddcd/datanode-2/data/ratis/dcc8b3ca-5dd5-485d-81b9-5481500b10c5/in_use.lock acquired by nodename 21326@fv-az116-838
2021-08-10 11:26:17,525 [pool-407-thread-1] INFO  storage.RaftStorage (RaftStorageImpl.java:format(89)) - Storage directory /home/runner/work/ozone/ozone/hadoop-ozone/integration-test/target/test-dir/MiniOzoneClusterImpl-186fefdd-2a8f-4691-bed1-86a244a8ddcd/datanode-2/data/ratis/dcc8b3ca-5dd5-485d-81b9-5481500b10c5 has been successfully formatted.
2021-08-10 11:26:17,525 [pool-407-thread-1] INFO  ratis.ContainerStateMachine (ContainerStateMachine.java:loadSnapshot(223)) - group-5481500B10C5: The snapshot info is null. Setting the last applied indexto:(t:0, i:~)
2021-08-10 11:26:17,525 [pool-407-thread-1] INFO  server.RaftServerConfigKeys (ConfUtils.java:logGet(44)) - raft.server.notification.no-leader.timeout = 300s (custom)
2021-08-10 11:26:17,525 [pool-407-thread-1] INFO  server.RaftServerConfigKeys (ConfUtils.java:logGet(44)) - raft.server.log.use.memory = false (default)
2021-08-10 11:26:17,525 [pool-407-thread-1] INFO  server.RaftServerConfigKeys (ConfUtils.java:logGet(44)) - raft.server.log.purge.gap = 1000000 (custom)
2021-08-10 11:26:17,525 [pool-407-thread-1] INFO  server.RaftServerConfigKeys (ConfUtils.java:logGet(44)) - raft.server.log.appender.buffer.byte-limit = 33554432 (custom)
2021-08-10 11:26:17,525 [pool-407-thread-1] INFO  server.RaftServerConfigKeys (ConfUtils.java:logGet(44)) - raft.server.log.segment.size.max = 1048576 (custom)
2021-08-10 11:26:17,526 [pool-407-thread-1] INFO  server.RaftServerConfigKeys (ConfUtils.java:logGet(44)) - raft.server.log.segment.cache.num.max = 2 (custom)
2021-08-10 11:26:17,526 [pool-407-thread-1] INFO  server.RaftServerConfigKeys (ConfUtils.java:logGet(44)) - raft.server.log.segment.cache.size.max = 200MB (=209715200) (default)
2021-08-10 11:26:17,526 [pool-407-thread-1] INFO  segmented.SegmentedRaftLogWorker (SegmentedRaftLogWorker.java:<init>(182)) - new 7badb8be-700e-4b6f-aeeb-f12993943ca1@group-5481500B10C5-SegmentedRaftLogWorker for RaftStorageImpl:Storage Directory /home/runner/work/ozone/ozone/hadoop-ozone/integration-test/target/test-dir/MiniOzoneClusterImpl-186fefdd-2a8f-4691-bed1-86a244a8ddcd/datanode-2/data/ratis/dcc8b3ca-5dd5-485d-81b9-5481500b10c5
2021-08-10 11:26:17,526 [pool-407-thread-1] INFO  server.RaftServerConfigKeys (ConfUtils.java:logGet(44)) - raft.server.log.queue.byte-limit = 2147483647 (custom)
2021-08-10 11:26:17,526 [pool-407-thread-1] INFO  server.RaftServerConfigKeys (ConfUtils.java:logGet(44)) - raft.server.log.queue.element-limit = 1024 (custom)
2021-08-10 11:26:17,526 [pool-407-thread-1] INFO  server.RaftServerConfigKeys (ConfUtils.java:logGet(44)) - raft.server.log.segment.size.max = 1048576 (custom)
2021-08-10 11:26:17,526 [pool-407-thread-1] INFO  server.RaftServerConfigKeys (ConfUtils.java:logGet(44)) - raft.server.log.preallocated.size = 16384 (custom)
2021-08-10 11:26:17,526 [pool-407-thread-1] INFO  server.RaftServerConfigKeys (ConfUtils.java:logGet(44)) - raft.server.log.force.sync.num = 128 (default)
2021-08-10 11:26:17,526 [pool-407-thread-1] INFO  server.RaftServerConfigKeys (ConfUtils.java:logGet(44)) - raft.server.log.statemachine.data.sync = true (default)
2021-08-10 11:26:17,526 [pool-407-thread-1] INFO  server.RaftServerConfigKeys (ConfUtils.java:logGet(44)) - raft.server.log.statemachine.data.sync.timeout = 10s (default)
2021-08-10 11:26:17,526 [pool-407-thread-1] INFO  server.RaftServerConfigKeys (ConfUtils.java:logGet(44)) - raft.server.log.statemachine.data.sync.timeout.retry = -1 (default)
2021-08-10 11:26:17,527 [pool-407-thread-1] INFO  server.RaftServerConfigKeys (ConfUtils.java:logGet(44)) - raft.server.log.write.buffer.size = 1048576 (custom)
2021-08-10 11:26:17,527 [Datanode State Machine Thread - 0] WARN  statemachine.StateContext (StateContext.java:execute(621)) - No available thread in pool for past 1 seconds.
2021-08-10 11:26:17,530 [EventQueue-PipelineReportForPipelineReportHandler] INFO  pipeline.PipelineManagerImpl (PipelineManagerImpl.java:openPipeline(283)) - Pipeline Pipeline[ Id: dcc8b3ca-5dd5-485d-81b9-5481500b10c5, Nodes: 7badb8be-700e-4b6f-aeeb-f12993943ca1{ip: 10.1.0.32, host: fv-az116-838.vzw04321ajxubdbcnpick5nqva.xx.internal.cloudapp.net, ports: [REPLICATION=33303, RATIS=33315, RATIS_ADMIN=33315, RATIS_SERVER=33315, STANDALONE=39561], networkLocation: /default-rack, certSerialId: null, persistedOpState: IN_SERVICE, persistedOpStateExpiryEpochSec: 0}, ReplicationConfig: RATIS/ONE, State:ALLOCATED, leaderId:7badb8be-700e-4b6f-aeeb-f12993943ca1, CreationTimestamp2021-08-10T11:26:14.520Z[Etc/UTC]] moved to OPEN state
2021-08-10 11:26:17,531 [EventQueue-OpenPipelineForHealthyPipelineSafeModeRule] INFO  safemode.SCMSafeModeManager (HealthyPipelineSafeModeRule.java:process(124)) - SCM in safe mode. Healthy pipelines reported count is 0, required healthy pipeline reported count is 1
2021-08-10 11:26:17,534 [pool-407-thread-1] INFO  server.RaftServerConfigKeys (ConfUtils.java:logGet(44)) - raft.server.log.statemachine.data.caching.enabled = true (custom)
2021-08-10 11:26:17,534 [pool-407-thread-1] INFO  segmented.SegmentedRaftLogWorker (SegmentedRaftLogWorker.java:lambda$new$0(133)) - 7badb8be-700e-4b6f-aeeb-f12993943ca1@group-5481500B10C5-SegmentedRaftLogWorker: flushIndex: setUnconditionally 0 -> -1
2021-08-10 11:26:17,534 [pool-407-thread-1] INFO  segmented.SegmentedRaftLogWorker (SegmentedRaftLogWorker.java:lambda$new$0(133)) - 7badb8be-700e-4b6f-aeeb-f12993943ca1@group-5481500B10C5-SegmentedRaftLogWorker: safeCacheEvictIndex: setUnconditionally 0 -> -1
2021-08-10 11:26:17,544 [pool-407-thread-1] INFO  server.RaftServerConfigKeys (ConfUtils.java:logGet(44)) - raft.server.snapshot.auto.trigger.enabled = true (custom)
2021-08-10 11:26:17,544 [pool-407-thread-1] INFO  server.RaftServerConfigKeys (ConfUtils.java:logGet(44)) - raft.server.snapshot.auto.trigger.threshold = 10000 (custom)
2021-08-10 11:26:17,544 [pool-407-thread-1] INFO  server.RaftServerConfigKeys (ConfUtils.java:logGet(44)) - raft.server.snapshot.retention.file.num = 5 (custom)
2021-08-10 11:26:17,544 [pool-407-thread-1] INFO  server.RaftServerConfigKeys (ConfUtils.java:logGet(44)) - raft.server.log.purge.upto.snapshot.index = false (default)
2021-08-10 11:26:17,544 [pool-407-thread-1] INFO  server.RaftServerConfigKeys (ConfUtils.java:logGet(44)) - raft.server.retrycache.expirytime = 600000ms (custom)
2021-08-10 11:26:17,545 [pool-407-thread-1] INFO  server.RaftServerConfigKeys (ConfUtils.java:logGet(44)) - raft.server.retrycache.statistics.expirytime = 100μs (default)
2021-08-10 11:26:17,545 [pool-407-thread-1] INFO  server.RaftServer$Division (RaftServerImpl.java:start(296)) - 7badb8be-700e-4b6f-aeeb-f12993943ca1@group-5481500B10C5: start as a follower, conf=-1: [7badb8be-700e-4b6f-aeeb-f12993943ca1|rpc:10.1.0.32:33315|priority:1], old=null
2021-08-10 11:26:17,546 [pool-407-thread-1] INFO  server.RaftServer$Division (RaftServerImpl.java:setRole(285)) - 7badb8be-700e-4b6f-aeeb-f12993943ca1@group-5481500B10C5: changes role from      null to FOLLOWER at term 0 for startAsFollower
2021-08-10 11:26:17,546 [pool-407-thread-1] INFO  impl.RoleInfo (RoleInfo.java:updateAndGet(130)) - 7badb8be-700e-4b6f-aeeb-f12993943ca1: start 7badb8be-700e-4b6f-aeeb-f12993943ca1@group-5481500B10C5-FollowerState
2021-08-10 11:26:17,546 [pool-407-thread-1] INFO  util.JmxRegister (JmxRegister.java:tryRegister(44)) - Successfully registered JMX Bean with object name Ratis:service=RaftServer,group=group-5481500B10C5,id=7badb8be-700e-4b6f-aeeb-f12993943ca1
2021-08-10 11:26:17,546 [Command processor thread] INFO  ratis.XceiverServerRatis (XceiverServerRatis.java:addGroup(759)) - Created group PipelineID=dcc8b3ca-5dd5-485d-81b9-5481500b10c5
2021-08-10 11:26:17,547 [Command processor thread] INFO  commandhandler.CreatePipelineCommandHandler (CreatePipelineCommandHandler.java:handle(106)) - Created Pipeline RATIS ONE PipelineID=dcc8b3ca-5dd5-485d-81b9-5481500b10c5.
2021-08-10 11:26:18,454 [Listener at 127.0.0.1/42373] INFO  ozone.MiniOzoneClusterImpl (MiniOzoneClusterImpl.java:lambda$waitForClusterToBeReady$0(235)) - Nodes are ready. Got 3 of 3 DN Heartbeats.
2021-08-10 11:26:18,454 [Listener at 127.0.0.1/42373] INFO  ozone.MiniOzoneClusterImpl (MiniOzoneClusterImpl.java:lambda$waitForClusterToBeReady$0(238)) - Waiting for cluster to exit safe mode
2021-08-10 11:26:18,454 [Listener at 127.0.0.1/42373] INFO  ozone.MiniOzoneClusterImpl (MiniOzoneClusterImpl.java:lambda$waitForClusterToBeReady$0(240)) - SCM became leader
2021-08-10 11:26:19,455 [Listener at 127.0.0.1/42373] INFO  ozone.MiniOzoneClusterImpl (MiniOzoneClusterImpl.java:lambda$waitForClusterToBeReady$0(235)) - Nodes are ready. Got 3 of 3 DN Heartbeats.
2021-08-10 11:26:19,455 [Listener at 127.0.0.1/42373] INFO  ozone.MiniOzoneClusterImpl (MiniOzoneClusterImpl.java:lambda$waitForClusterToBeReady$0(238)) - Waiting for cluster to exit safe mode
2021-08-10 11:26:19,455 [Listener at 127.0.0.1/42373] INFO  ozone.MiniOzoneClusterImpl (MiniOzoneClusterImpl.java:lambda$waitForClusterToBeReady$0(240)) - SCM became leader
2021-08-10 11:26:20,455 [Listener at 127.0.0.1/42373] INFO  ozone.MiniOzoneClusterImpl (MiniOzoneClusterImpl.java:lambda$waitForClusterToBeReady$0(235)) - Nodes are ready. Got 3 of 3 DN Heartbeats.
2021-08-10 11:26:20,455 [Listener at 127.0.0.1/42373] INFO  ozone.MiniOzoneClusterImpl (MiniOzoneClusterImpl.java:lambda$waitForClusterToBeReady$0(238)) - Waiting for cluster to exit safe mode
2021-08-10 11:26:20,455 [Listener at 127.0.0.1/42373] INFO  ozone.MiniOzoneClusterImpl (MiniOzoneClusterImpl.java:lambda$waitForClusterToBeReady$0(240)) - SCM became leader
2021-08-10 11:26:21,455 [Listener at 127.0.0.1/42373] INFO  ozone.MiniOzoneClusterImpl (MiniOzoneClusterImpl.java:lambda$waitForClusterToBeReady$0(235)) - Nodes are ready. Got 3 of 3 DN Heartbeats.
2021-08-10 11:26:21,456 [Listener at 127.0.0.1/42373] INFO  ozone.MiniOzoneClusterImpl (MiniOzoneClusterImpl.java:lambda$waitForClusterToBeReady$0(238)) - Waiting for cluster to exit safe mode
2021-08-10 11:26:21,456 [Listener at 127.0.0.1/42373] INFO  ozone.MiniOzoneClusterImpl (MiniOzoneClusterImpl.java:lambda$waitForClusterToBeReady$0(240)) - SCM became leader
2021-08-10 11:26:21,823 [4d94af01-e9ec-4925-937d-7224b820b8c4@group-8448A9773288-FollowerState] INFO  impl.FollowerState (FollowerState.java:run(134)) - 4d94af01-e9ec-4925-937d-7224b820b8c4@group-8448A9773288-FollowerState: change to CANDIDATE, lastRpcElapsedTime:5045411380ns, electionTimeout:5016ms
2021-08-10 11:26:21,824 [4d94af01-e9ec-4925-937d-7224b820b8c4@group-8448A9773288-FollowerState] INFO  impl.RoleInfo (RoleInfo.java:shutdownFollowerState(108)) - 4d94af01-e9ec-4925-937d-7224b820b8c4: shutdown 4d94af01-e9ec-4925-937d-7224b820b8c4@group-8448A9773288-FollowerState
2021-08-10 11:26:21,824 [4d94af01-e9ec-4925-937d-7224b820b8c4@group-8448A9773288-FollowerState] INFO  server.RaftServer$Division (RaftServerImpl.java:setRole(285)) - 4d94af01-e9ec-4925-937d-7224b820b8c4@group-8448A9773288: changes role from  FOLLOWER to CANDIDATE at term 0 for changeToCandidate
2021-08-10 11:26:21,825 [4d94af01-e9ec-4925-937d-7224b820b8c4@group-8448A9773288-FollowerState] INFO  server.RaftServerConfigKeys (ConfUtils.java:logGet(44)) - raft.server.leaderelection.pre-vote = false (custom)
2021-08-10 11:26:21,825 [4d94af01-e9ec-4925-937d-7224b820b8c4@group-8448A9773288-FollowerState] INFO  impl.RoleInfo (RoleInfo.java:updateAndGet(130)) - 4d94af01-e9ec-4925-937d-7224b820b8c4: start 4d94af01-e9ec-4925-937d-7224b820b8c4@group-8448A9773288-LeaderElection32
2021-08-10 11:26:21,841 [4d94af01-e9ec-4925-937d-7224b820b8c4@group-8448A9773288-LeaderElection32] INFO  impl.LeaderElection (LeaderElection.java:askForVotes(306)) - 4d94af01-e9ec-4925-937d-7224b820b8c4@group-8448A9773288-LeaderElection32 ELECTION round 0: submit vote requests at term 1 for -1: [4d94af01-e9ec-4925-937d-7224b820b8c4|rpc:10.1.0.32:35013|priority:1], old=null
2021-08-10 11:26:21,841 [4d94af01-e9ec-4925-937d-7224b820b8c4@group-8448A9773288-LeaderElection32] INFO  impl.LeaderElection (LeaderElection.java:askForVotes(308)) - 4d94af01-e9ec-4925-937d-7224b820b8c4@group-8448A9773288-LeaderElection32 ELECTION round 0: result PASSED (term=1)
2021-08-10 11:26:21,841 [4d94af01-e9ec-4925-937d-7224b820b8c4@group-8448A9773288-LeaderElection32] INFO  impl.RoleInfo (RoleInfo.java:shutdownLeaderElection(121)) - 4d94af01-e9ec-4925-937d-7224b820b8c4: shutdown 4d94af01-e9ec-4925-937d-7224b820b8c4@group-8448A9773288-LeaderElection32
2021-08-10 11:26:21,841 [4d94af01-e9ec-4925-937d-7224b820b8c4@group-8448A9773288-LeaderElection32] INFO  server.RaftServer$Division (RaftServerImpl.java:setRole(285)) - 4d94af01-e9ec-4925-937d-7224b820b8c4@group-8448A9773288: changes role from CANDIDATE to LEADER at term 1 for changeToLeader
2021-08-10 11:26:21,841 [4d94af01-e9ec-4925-937d-7224b820b8c4@group-8448A9773288-LeaderElection32] INFO  ratis.XceiverServerRatis (XceiverServerRatis.java:handleLeaderChangedNotification(857)) - Leader change notification received for group: group-8448A9773288 with new leaderId: 4d94af01-e9ec-4925-937d-7224b820b8c4
2021-08-10 11:26:21,841 [4d94af01-e9ec-4925-937d-7224b820b8c4@group-8448A9773288-LeaderElection32] INFO  server.RaftServer$Division (ServerState.java:setLeader(285)) - 4d94af01-e9ec-4925-937d-7224b820b8c4@group-8448A9773288: change Leader from null to 4d94af01-e9ec-4925-937d-7224b820b8c4 at term 1 for becomeLeader, leader elected after 5095ms
2021-08-10 11:26:21,841 [4d94af01-e9ec-4925-937d-7224b820b8c4@group-8448A9773288-LeaderElection32] INFO  server.RaftServerConfigKeys (ConfUtils.java:logGet(44)) - raft.server.staging.catchup.gap = 1000 (default)
2021-08-10 11:26:21,842 [4d94af01-e9ec-4925-937d-7224b820b8c4@group-8448A9773288-LeaderElection32] INFO  server.RaftServerConfigKeys (ConfUtils.java:logGet(44)) - raft.server.write.element-limit = 1024 (custom)
2021-08-10 11:26:21,842 [4d94af01-e9ec-4925-937d-7224b820b8c4@group-8448A9773288-LeaderElection32] INFO  server.RaftServerConfigKeys (ConfUtils.java:logGet(44)) - raft.server.write.byte-limit = 1073741824 (custom)
2021-08-10 11:26:21,842 [4d94af01-e9ec-4925-937d-7224b820b8c4@group-8448A9773288-LeaderElection32] INFO  server.RaftServerConfigKeys (ConfUtils.java:logGet(44)) - raft.server.watch.timeout = 180s (custom)
2021-08-10 11:26:21,842 [4d94af01-e9ec-4925-937d-7224b820b8c4@group-8448A9773288-LeaderElection32] INFO  server.RaftServerConfigKeys (ConfUtils.java:logGet(44)) - raft.server.watch.timeout.denomination = 1s (default)
2021-08-10 11:26:21,842 [4d94af01-e9ec-4925-937d-7224b820b8c4@group-8448A9773288-LeaderElection32] INFO  server.RaftServerConfigKeys (ConfUtils.java:logGet(44)) - raft.server.watch.element-limit = 65536 (default)
2021-08-10 11:26:21,842 [4d94af01-e9ec-4925-937d-7224b820b8c4@group-8448A9773288-LeaderElection32] INFO  impl.RoleInfo (RoleInfo.java:updateAndGet(130)) - 4d94af01-e9ec-4925-937d-7224b820b8c4: start 4d94af01-e9ec-4925-937d-7224b820b8c4@group-8448A9773288-LeaderStateImpl
2021-08-10 11:26:21,843 [4d94af01-e9ec-4925-937d-7224b820b8c4@group-8448A9773288-LeaderElection32] INFO  segmented.SegmentedRaftLogWorker (SegmentedRaftLogWorker.java:startLogSegment(394)) - 4d94af01-e9ec-4925-937d-7224b820b8c4@group-8448A9773288-SegmentedRaftLogWorker: Starting segment from index:0
2021-08-10 11:26:21,844 [4d94af01-e9ec-4925-937d-7224b820b8c4@group-8448A9773288-SegmentedRaftLogWorker] INFO  segmented.SegmentedRaftLogWorker (SegmentedRaftLogWorker.java:execute(601)) - 4d94af01-e9ec-4925-937d-7224b820b8c4@group-8448A9773288-SegmentedRaftLogWorker: created new log segment /home/runner/work/ozone/ozone/hadoop-ozone/integration-test/target/test-dir/MiniOzoneClusterImpl-186fefdd-2a8f-4691-bed1-86a244a8ddcd/datanode-0/data/ratis/e5d273f1-686b-406e-8809-8448a9773288/current/log_inprogress_0
2021-08-10 11:26:21,857 [EventQueue-OpenPipelineForHealthyPipelineSafeModeRule] INFO  safemode.SCMSafeModeManager (HealthyPipelineSafeModeRule.java:process(124)) - SCM in safe mode. Healthy pipelines reported count is 0, required healthy pipeline reported count is 1
2021-08-10 11:26:21,878 [4d94af01-e9ec-4925-937d-7224b820b8c4@group-8448A9773288-LeaderElection32] INFO  server.RaftServer$Division (ServerState.java:setRaftConf(387)) - 4d94af01-e9ec-4925-937d-7224b820b8c4@group-8448A9773288: set configuration 0: [4d94af01-e9ec-4925-937d-7224b820b8c4|rpc:10.1.0.32:35013|dataStream:|priority:1], old=null
2021-08-10 11:26:22,011 [4d94af01-e9ec-4925-937d-7224b820b8c4@group-177D03A42D3F-FollowerState] INFO  impl.FollowerState (FollowerState.java:run(134)) - 4d94af01-e9ec-4925-937d-7224b820b8c4@group-177D03A42D3F-FollowerState: change to CANDIDATE, lastRpcElapsedTime:5169856489ns, electionTimeout:5159ms
2021-08-10 11:26:22,011 [4d94af01-e9ec-4925-937d-7224b820b8c4@group-177D03A42D3F-FollowerState] INFO  impl.RoleInfo (RoleInfo.java:shutdownFollowerState(108)) - 4d94af01-e9ec-4925-937d-7224b820b8c4: shutdown 4d94af01-e9ec-4925-937d-7224b820b8c4@group-177D03A42D3F-FollowerState
2021-08-10 11:26:22,011 [4d94af01-e9ec-4925-937d-7224b820b8c4@group-177D03A42D3F-FollowerState] INFO  server.RaftServer$Division (RaftServerImpl.java:setRole(285)) - 4d94af01-e9ec-4925-937d-7224b820b8c4@group-177D03A42D3F: changes role from  FOLLOWER to CANDIDATE at term 0 for changeToCandidate
2021-08-10 11:26:22,011 [4d94af01-e9ec-4925-937d-7224b820b8c4@group-177D03A42D3F-FollowerState] INFO  server.RaftServerConfigKeys (ConfUtils.java:logGet(44)) - raft.server.leaderelection.pre-vote = false (custom)
2021-08-10 11:26:22,011 [4d94af01-e9ec-4925-937d-7224b820b8c4@group-177D03A42D3F-FollowerState] INFO  impl.RoleInfo (RoleInfo.java:updateAndGet(130)) - 4d94af01-e9ec-4925-937d-7224b820b8c4: start 4d94af01-e9ec-4925-937d-7224b820b8c4@group-177D03A42D3F-LeaderElection33
2021-08-10 11:26:22,029 [4d94af01-e9ec-4925-937d-7224b820b8c4@group-177D03A42D3F-LeaderElection33] INFO  impl.LeaderElection (LeaderElection.java:askForVotes(306)) - 4d94af01-e9ec-4925-937d-7224b820b8c4@group-177D03A42D3F-LeaderElection33 ELECTION round 0: submit vote requests at term 1 for -1: [339f746c-e925-490d-95d5-f42b6c2ebdb1|rpc:10.1.0.32:44359|priority:0, 4d94af01-e9ec-4925-937d-7224b820b8c4|rpc:10.1.0.32:35013|priority:1, 7badb8be-700e-4b6f-aeeb-f12993943ca1|rpc:10.1.0.32:33315|priority:0], old=null
2021-08-10 11:26:22,048 [grpc-default-executor-1] INFO  server.RaftServer$Division (RaftServerImpl.java:requestVote(1043)) - 339f746c-e925-490d-95d5-f42b6c2ebdb1@group-177D03A42D3F: receive requestVote(ELECTION, 4d94af01-e9ec-4925-937d-7224b820b8c4, group-177D03A42D3F, 1, (t:0, i:0))
2021-08-10 11:26:22,052 [grpc-default-executor-1] INFO  impl.VoteContext (VoteContext.java:log(48)) - 339f746c-e925-490d-95d5-f42b6c2ebdb1@group-177D03A42D3F-FOLLOWER: accept ELECTION from 4d94af01-e9ec-4925-937d-7224b820b8c4: our priority 0 <= candidate's priority 1
2021-08-10 11:26:22,052 [grpc-default-executor-1] INFO  server.RaftServer$Division (RaftServerImpl.java:setRole(285)) - 339f746c-e925-490d-95d5-f42b6c2ebdb1@group-177D03A42D3F: changes role from  FOLLOWER to FOLLOWER at term 1 for candidate:4d94af01-e9ec-4925-937d-7224b820b8c4
2021-08-10 11:26:22,052 [grpc-default-executor-1] INFO  impl.RoleInfo (RoleInfo.java:shutdownFollowerState(108)) - 339f746c-e925-490d-95d5-f42b6c2ebdb1: shutdown 339f746c-e925-490d-95d5-f42b6c2ebdb1@group-177D03A42D3F-FollowerState
2021-08-10 11:26:22,052 [grpc-default-executor-1] INFO  impl.RoleInfo (RoleInfo.java:updateAndGet(130)) - 339f746c-e925-490d-95d5-f42b6c2ebdb1: start 339f746c-e925-490d-95d5-f42b6c2ebdb1@group-177D03A42D3F-FollowerState
2021-08-10 11:26:22,056 [339f746c-e925-490d-95d5-f42b6c2ebdb1@group-177D03A42D3F-FollowerState] INFO  impl.FollowerState (FollowerState.java:run(143)) - 339f746c-e925-490d-95d5-f42b6c2ebdb1@group-177D03A42D3F-FollowerState was interrupted: {}
java.lang.InterruptedException: sleep interrupted
	at java.lang.Thread.sleep(Native Method)
	at java.lang.Thread.sleep(Thread.java:340)
	at java.util.concurrent.TimeUnit.sleep(TimeUnit.java:386)
	at org.apache.ratis.util.TimeDuration.sleep(TimeDuration.java:324)
	at org.apache.ratis.util.TimeDuration.sleep(TimeDuration.java:309)
	at org.apache.ratis.server.impl.FollowerState.run(FollowerState.java:118)
2021-08-10 11:26:22,087 [grpc-default-executor-1] INFO  server.RaftServer$Division (RaftServerImpl.java:requestVote(1075)) - 339f746c-e925-490d-95d5-f42b6c2ebdb1@group-177D03A42D3F replies to ELECTION vote request: 4d94af01-e9ec-4925-937d-7224b820b8c4<-339f746c-e925-490d-95d5-f42b6c2ebdb1#0:OK-t1. Peer's state: 339f746c-e925-490d-95d5-f42b6c2ebdb1@group-177D03A42D3F:t1, leader=null, voted=4d94af01-e9ec-4925-937d-7224b820b8c4, raftlog=339f746c-e925-490d-95d5-f42b6c2ebdb1@group-177D03A42D3F-SegmentedRaftLog:OPENED:c-1,f-1,i0, conf=-1: [339f746c-e925-490d-95d5-f42b6c2ebdb1|rpc:10.1.0.32:44359|dataStream:|priority:0, 4d94af01-e9ec-4925-937d-7224b820b8c4|rpc:10.1.0.32:35013|dataStream:|priority:1, 7badb8be-700e-4b6f-aeeb-f12993943ca1|rpc:10.1.0.32:33315|dataStream:|priority:0], old=null
2021-08-10 11:26:22,089 [4d94af01-e9ec-4925-937d-7224b820b8c4@group-177D03A42D3F-LeaderElection33] INFO  impl.LeaderElection (LeaderElection.java:logAndReturn(89)) - 4d94af01-e9ec-4925-937d-7224b820b8c4@group-177D03A42D3F-LeaderElection33: ELECTION PASSED received 1 response(s) and 0 exception(s):
2021-08-10 11:26:22,089 [4d94af01-e9ec-4925-937d-7224b820b8c4@group-177D03A42D3F-LeaderElection33] INFO  impl.LeaderElection (LeaderElection.java:logAndReturn(93)) -   Response 0: 4d94af01-e9ec-4925-937d-7224b820b8c4<-339f746c-e925-490d-95d5-f42b6c2ebdb1#0:OK-t1
2021-08-10 11:26:22,090 [4d94af01-e9ec-4925-937d-7224b820b8c4@group-177D03A42D3F-LeaderElection33] INFO  impl.LeaderElection (LeaderElection.java:askForVotes(308)) - 4d94af01-e9ec-4925-937d-7224b820b8c4@group-177D03A42D3F-LeaderElection33 ELECTION round 0: result PASSED
2021-08-10 11:26:22,090 [4d94af01-e9ec-4925-937d-7224b820b8c4@group-177D03A42D3F-LeaderElection33] INFO  impl.RoleInfo (RoleInfo.java:shutdownLeaderElection(121)) - 4d94af01-e9ec-4925-937d-7224b820b8c4: shutdown 4d94af01-e9ec-4925-937d-7224b820b8c4@group-177D03A42D3F-LeaderElection33
2021-08-10 11:26:22,090 [4d94af01-e9ec-4925-937d-7224b820b8c4@group-177D03A42D3F-LeaderElection33] INFO  server.RaftServer$Division (RaftServerImpl.java:setRole(285)) - 4d94af01-e9ec-4925-937d-7224b820b8c4@group-177D03A42D3F: changes role from CANDIDATE to LEADER at term 1 for changeToLeader
2021-08-10 11:26:22,090 [4d94af01-e9ec-4925-937d-7224b820b8c4@group-177D03A42D3F-LeaderElection33] INFO  ratis.XceiverServerRatis (XceiverServerRatis.java:handleLeaderChangedNotification(857)) - Leader change notification received for group: group-177D03A42D3F with new leaderId: 4d94af01-e9ec-4925-937d-7224b820b8c4
2021-08-10 11:26:22,090 [4d94af01-e9ec-4925-937d-7224b820b8c4@group-177D03A42D3F-LeaderElection33] INFO  server.RaftServer$Division (ServerState.java:setLeader(285)) - 4d94af01-e9ec-4925-937d-7224b820b8c4@group-177D03A42D3F: change Leader from null to 4d94af01-e9ec-4925-937d-7224b820b8c4 at term 1 for becomeLeader, leader elected after 5258ms
2021-08-10 11:26:22,090 [4d94af01-e9ec-4925-937d-7224b820b8c4@group-177D03A42D3F-LeaderElection33] INFO  server.RaftServerConfigKeys (ConfUtils.java:logGet(44)) - raft.server.staging.catchup.gap = 1000 (default)
2021-08-10 11:26:22,101 [4d94af01-e9ec-4925-937d-7224b820b8c4@group-177D03A42D3F-LeaderElection33] INFO  server.RaftServerConfigKeys (ConfUtils.java:logGet(44)) - raft.server.write.element-limit = 1024 (custom)
2021-08-10 11:26:22,101 [4d94af01-e9ec-4925-937d-7224b820b8c4@group-177D03A42D3F-LeaderElection33] INFO  server.RaftServerConfigKeys (ConfUtils.java:logGet(44)) - raft.server.write.byte-limit = 1073741824 (custom)
2021-08-10 11:26:22,102 [Datanode State Machine Thread - 0] WARN  statemachine.StateContext (StateContext.java:execute(621)) - No available thread in pool for past 1 seconds.
2021-08-10 11:26:22,102 [4d94af01-e9ec-4925-937d-7224b820b8c4@group-177D03A42D3F-LeaderElection33] INFO  server.RaftServerConfigKeys (ConfUtils.java:logGet(44)) - raft.server.watch.timeout = 180s (custom)
2021-08-10 11:26:22,102 [4d94af01-e9ec-4925-937d-7224b820b8c4@group-177D03A42D3F-LeaderElection33] INFO  server.RaftServerConfigKeys (ConfUtils.java:logGet(44)) - raft.server.watch.timeout.denomination = 1s (default)
2021-08-10 11:26:22,102 [4d94af01-e9ec-4925-937d-7224b820b8c4@group-177D03A42D3F-LeaderElection33] INFO  server.RaftServerConfigKeys (ConfUtils.java:logGet(44)) - raft.server.watch.element-limit = 65536 (default)
2021-08-10 11:26:22,102 [4d94af01-e9ec-4925-937d-7224b820b8c4@group-177D03A42D3F-LeaderElection33] INFO  server.RaftServerConfigKeys (ConfUtils.java:logGet(44)) - raft.server.log.appender.snapshot.chunk.size.max = 16MB (=16777216) (default)
2021-08-10 11:26:22,102 [4d94af01-e9ec-4925-937d-7224b820b8c4@group-177D03A42D3F-LeaderElection33] INFO  server.RaftServerConfigKeys (ConfUtils.java:logGet(44)) - raft.server.log.appender.buffer.byte-limit = 33554432 (custom)
2021-08-10 11:26:22,102 [4d94af01-e9ec-4925-937d-7224b820b8c4@group-177D03A42D3F-LeaderElection33] INFO  server.RaftServerConfigKeys (ConfUtils.java:logGet(44)) - raft.server.log.appender.buffer.element-limit = 1 (custom)
2021-08-10 11:26:22,102 [4d94af01-e9ec-4925-937d-7224b820b8c4@group-177D03A42D3F-LeaderElection33] INFO  grpc.GrpcConfigKeys (ConfUtils.java:logGet(44)) - raft.grpc.server.leader.outstanding.appends.max = 128 (default)
2021-08-10 11:26:22,102 [4d94af01-e9ec-4925-937d-7224b820b8c4@group-177D03A42D3F-LeaderElection33] INFO  server.RaftServerConfigKeys (ConfUtils.java:logGet(44)) - raft.server.rpc.request.timeout = 60s (custom)
2021-08-10 11:26:22,102 [4d94af01-e9ec-4925-937d-7224b820b8c4@group-177D03A42D3F-LeaderElection33] INFO  server.RaftServerConfigKeys (ConfUtils.java:logGet(44)) - raft.server.log.appender.install.snapshot.enabled = false (custom)
2021-08-10 11:26:22,090 [grpc-default-executor-0] INFO  server.RaftServer$Division (RaftServerImpl.java:requestVote(1043)) - 7badb8be-700e-4b6f-aeeb-f12993943ca1@group-177D03A42D3F: receive requestVote(ELECTION, 4d94af01-e9ec-4925-937d-7224b820b8c4, group-177D03A42D3F, 1, (t:0, i:0))
2021-08-10 11:26:22,103 [grpc-default-executor-0] INFO  impl.VoteContext (VoteContext.java:log(48)) - 7badb8be-700e-4b6f-aeeb-f12993943ca1@group-177D03A42D3F-FOLLOWER: accept ELECTION from 4d94af01-e9ec-4925-937d-7224b820b8c4: our priority 0 <= candidate's priority 1
2021-08-10 11:26:22,103 [grpc-default-executor-0] INFO  server.RaftServer$Division (RaftServerImpl.java:setRole(285)) - 7badb8be-700e-4b6f-aeeb-f12993943ca1@group-177D03A42D3F: changes role from  FOLLOWER to FOLLOWER at term 1 for candidate:4d94af01-e9ec-4925-937d-7224b820b8c4
2021-08-10 11:26:22,103 [grpc-default-executor-0] INFO  impl.RoleInfo (RoleInfo.java:shutdownFollowerState(108)) - 7badb8be-700e-4b6f-aeeb-f12993943ca1: shutdown 7badb8be-700e-4b6f-aeeb-f12993943ca1@group-177D03A42D3F-FollowerState
2021-08-10 11:26:22,103 [grpc-default-executor-0] INFO  impl.RoleInfo (RoleInfo.java:updateAndGet(130)) - 7badb8be-700e-4b6f-aeeb-f12993943ca1: start 7badb8be-700e-4b6f-aeeb-f12993943ca1@group-177D03A42D3F-FollowerState
2021-08-10 11:26:22,104 [7badb8be-700e-4b6f-aeeb-f12993943ca1@group-177D03A42D3F-FollowerState] INFO  impl.FollowerState (FollowerState.java:run(143)) - 7badb8be-700e-4b6f-aeeb-f12993943ca1@group-177D03A42D3F-FollowerState was interrupted: {}
java.lang.InterruptedException: sleep interrupted
	at java.lang.Thread.sleep(Native Method)
	at java.lang.Thread.sleep(Thread.java:340)
	at java.util.concurrent.TimeUnit.sleep(TimeUnit.java:386)
	at org.apache.ratis.util.TimeDuration.sleep(TimeDuration.java:324)
	at org.apache.ratis.util.TimeDuration.sleep(TimeDuration.java:309)
	at org.apache.ratis.server.impl.FollowerState.run(FollowerState.java:118)
2021-08-10 11:26:22,104 [4d94af01-e9ec-4925-937d-7224b820b8c4@group-177D03A42D3F-LeaderElection33] INFO  server.RaftServerConfigKeys (ConfUtils.java:logGet(44)) - raft.server.log.appender.snapshot.chunk.size.max = 16MB (=16777216) (default)
2021-08-10 11:26:22,104 [4d94af01-e9ec-4925-937d-7224b820b8c4@group-177D03A42D3F-LeaderElection33] INFO  server.RaftServerConfigKeys (ConfUtils.java:logGet(44)) - raft.server.log.appender.buffer.byte-limit = 33554432 (custom)
2021-08-10 11:26:22,104 [4d94af01-e9ec-4925-937d-7224b820b8c4@group-177D03A42D3F-LeaderElection33] INFO  server.RaftServerConfigKeys (ConfUtils.java:logGet(44)) - raft.server.log.appender.buffer.element-limit = 1 (custom)
2021-08-10 11:26:22,103 [EventQueue-PipelineReportForPipelineReportHandler] INFO  pipeline.PipelineManagerImpl (PipelineManagerImpl.java:openPipeline(283)) - Pipeline Pipeline[ Id: 4266e20e-f890-416b-9821-177d03a42d3f, Nodes: 339f746c-e925-490d-95d5-f42b6c2ebdb1{ip: 10.1.0.32, host: fv-az116-838.vzw04321ajxubdbcnpick5nqva.xx.internal.cloudapp.net, ports: [REPLICATION=38943, RATIS=44359, RATIS_ADMIN=44359, RATIS_SERVER=44359, STANDALONE=37693], networkLocation: /default-rack, certSerialId: null, persistedOpState: IN_SERVICE, persistedOpStateExpiryEpochSec: 0}4d94af01-e9ec-4925-937d-7224b820b8c4{ip: 10.1.0.32, host: fv-az116-838.vzw04321ajxubdbcnpick5nqva.xx.internal.cloudapp.net, ports: [REPLICATION=45033, RATIS=35013, RATIS_ADMIN=35013, RATIS_SERVER=35013, STANDALONE=37735], networkLocation: /default-rack, certSerialId: null, persistedOpState: IN_SERVICE, persistedOpStateExpiryEpochSec: 0}7badb8be-700e-4b6f-aeeb-f12993943ca1{ip: 10.1.0.32, host: fv-az116-838.vzw04321ajxubdbcnpick5nqva.xx.internal.cloudapp.net, ports: [REPLICATION=33303, RATIS=33315, RATIS_ADMIN=33315, RATIS_SERVER=33315, STANDALONE=39561], networkLocation: /default-rack, certSerialId: null, persistedOpState: IN_SERVICE, persistedOpStateExpiryEpochSec: 0}, ReplicationConfig: RATIS/THREE, State:ALLOCATED, leaderId:4d94af01-e9ec-4925-937d-7224b820b8c4, CreationTimestamp2021-08-10T11:26:14.522Z[Etc/UTC]] moved to OPEN state
2021-08-10 11:26:22,108 [EventQueue-OpenPipelineForHealthyPipelineSafeModeRule] INFO  safemode.SCMSafeModeManager (HealthyPipelineSafeModeRule.java:process(124)) - SCM in safe mode. Healthy pipelines reported count is 1, required healthy pipeline reported count is 1
2021-08-10 11:26:22,108 [EventQueue-OpenPipelineForHealthyPipelineSafeModeRule] INFO  safemode.SCMSafeModeManager (SCMSafeModeManager.java:validateSafeModeExitRules(204)) - HealthyPipelineSafeModeRule rule is successfully validated
2021-08-10 11:26:22,108 [EventQueue-OpenPipelineForHealthyPipelineSafeModeRule] INFO  safemode.SCMSafeModeManager (SCMSafeModeManager.java:validateSafeModeExitRules(219)) - ScmSafeModeManager, all rules are successfully validated
2021-08-10 11:26:22,108 [EventQueue-OpenPipelineForHealthyPipelineSafeModeRule] INFO  safemode.SCMSafeModeManager (SCMSafeModeManager.java:exitSafeMode(248)) - SCM exiting safe mode.
2021-08-10 11:26:22,108 [EventQueue-OpenPipelineForHealthyPipelineSafeModeRule] WARN  events.EventQueue (EventQueue.java:fireEvent(194)) - No event handler registered for event TypedEvent{payloadType=SafeModeStatus, name='Safe mode status'}
2021-08-10 11:26:22,108 [EventQueue-OpenPipelineForHealthyPipelineSafeModeRule] INFO  ha.SCMContext (SCMContext.java:updateSafeModeStatus(205)) - Update SafeModeStatus from SafeModeStatus{safeModeStatus=true, preCheckPassed=true} to SafeModeStatus{safeModeStatus=false, preCheckPassed=true}.
2021-08-10 11:26:22,108 [EventQueue-OpenPipelineForHealthyPipelineSafeModeRule] INFO  pipeline.BackgroundPipelineCreator (BackgroundPipelineCreatorV2.java:notifyStatusChanged(264)) - Service BackgroundPipelineCreator transitions to RUNNING.
2021-08-10 11:26:22,108 [EventQueue-OpenPipelineForHealthyPipelineSafeModeRule] INFO  container.ReplicationManager (ReplicationManager.java:notifyStatusChanged(1674)) - Service ReplicationManager transitions to RUNNING.
2021-08-10 11:26:22,108 [4d94af01-e9ec-4925-937d-7224b820b8c4@group-177D03A42D3F-LeaderElection33] INFO  grpc.GrpcConfigKeys (ConfUtils.java:logGet(44)) - raft.grpc.server.leader.outstanding.appends.max = 128 (default)
2021-08-10 11:26:22,108 [4d94af01-e9ec-4925-937d-7224b820b8c4@group-177D03A42D3F-LeaderElection33] INFO  server.RaftServerConfigKeys (ConfUtils.java:logGet(44)) - raft.server.rpc.request.timeout = 60s (custom)
2021-08-10 11:26:22,109 [4d94af01-e9ec-4925-937d-7224b820b8c4@group-177D03A42D3F-LeaderElection33] INFO  server.RaftServerConfigKeys (ConfUtils.java:logGet(44)) - raft.server.log.appender.install.snapshot.enabled = false (custom)
2021-08-10 11:26:22,129 [4d94af01-e9ec-4925-937d-7224b820b8c4@group-177D03A42D3F-LeaderElection33] INFO  impl.RoleInfo (RoleInfo.java:updateAndGet(130)) - 4d94af01-e9ec-4925-937d-7224b820b8c4: start 4d94af01-e9ec-4925-937d-7224b820b8c4@group-177D03A42D3F-LeaderStateImpl
2021-08-10 11:26:22,129 [4d94af01-e9ec-4925-937d-7224b820b8c4@group-177D03A42D3F-LeaderElection33] INFO  segmented.SegmentedRaftLogWorker (SegmentedRaftLogWorker.java:startLogSegment(394)) - 4d94af01-e9ec-4925-937d-7224b820b8c4@group-177D03A42D3F-SegmentedRaftLogWorker: Starting segment from index:0
2021-08-10 11:26:22,134 [4d94af01-e9ec-4925-937d-7224b820b8c4@group-177D03A42D3F-SegmentedRaftLogWorker] INFO  segmented.SegmentedRaftLogWorker (SegmentedRaftLogWorker.java:execute(601)) - 4d94af01-e9ec-4925-937d-7224b820b8c4@group-177D03A42D3F-SegmentedRaftLogWorker: created new log segment /home/runner/work/ozone/ozone/hadoop-ozone/integration-test/target/test-dir/MiniOzoneClusterImpl-186fefdd-2a8f-4691-bed1-86a244a8ddcd/datanode-0/data/ratis/4266e20e-f890-416b-9821-177d03a42d3f/current/log_inprogress_0
2021-08-10 11:26:22,156 [4d94af01-e9ec-4925-937d-7224b820b8c4@group-177D03A42D3F-LeaderElection33] INFO  server.RaftServer$Division (ServerState.java:setRaftConf(387)) - 4d94af01-e9ec-4925-937d-7224b820b8c4@group-177D03A42D3F: set configuration 0: [339f746c-e925-490d-95d5-f42b6c2ebdb1|rpc:10.1.0.32:44359|dataStream:|priority:0, 4d94af01-e9ec-4925-937d-7224b820b8c4|rpc:10.1.0.32:35013|dataStream:|priority:1, 7badb8be-700e-4b6f-aeeb-f12993943ca1|rpc:10.1.0.32:33315|dataStream:|priority:0], old=null
2021-08-10 11:26:22,172 [grpc-default-executor-0] INFO  server.RaftServer$Division (RaftServerImpl.java:requestVote(1075)) - 7badb8be-700e-4b6f-aeeb-f12993943ca1@group-177D03A42D3F replies to ELECTION vote request: 4d94af01-e9ec-4925-937d-7224b820b8c4<-7badb8be-700e-4b6f-aeeb-f12993943ca1#0:OK-t1. Peer's state: 7badb8be-700e-4b6f-aeeb-f12993943ca1@group-177D03A42D3F:t1, leader=null, voted=4d94af01-e9ec-4925-937d-7224b820b8c4, raftlog=7badb8be-700e-4b6f-aeeb-f12993943ca1@group-177D03A42D3F-SegmentedRaftLog:OPENED:c-1,f-1,i0, conf=-1: [339f746c-e925-490d-95d5-f42b6c2ebdb1|rpc:10.1.0.32:44359|dataStream:|priority:0, 4d94af01-e9ec-4925-937d-7224b820b8c4|rpc:10.1.0.32:35013|dataStream:|priority:1, 7badb8be-700e-4b6f-aeeb-f12993943ca1|rpc:10.1.0.32:33315|dataStream:|priority:0], old=null
2021-08-10 11:26:22,227 [grpc-default-executor-1] INFO  ratis.XceiverServerRatis (XceiverServerRatis.java:handleLeaderChangedNotification(857)) - Leader change notification received for group: group-177D03A42D3F with new leaderId: 4d94af01-e9ec-4925-937d-7224b820b8c4
2021-08-10 11:26:22,227 [grpc-default-executor-1] INFO  server.RaftServer$Division (ServerState.java:setLeader(285)) - 7badb8be-700e-4b6f-aeeb-f12993943ca1@group-177D03A42D3F: change Leader from null to 4d94af01-e9ec-4925-937d-7224b820b8c4 at term 1 for appendEntries, leader elected after 5179ms
2021-08-10 11:26:22,227 [grpc-default-executor-2] INFO  ratis.XceiverServerRatis (XceiverServerRatis.java:handleLeaderChangedNotification(857)) - Leader change notification received for group: group-177D03A42D3F with new leaderId: 4d94af01-e9ec-4925-937d-7224b820b8c4
2021-08-10 11:26:22,227 [grpc-default-executor-2] INFO  server.RaftServer$Division (ServerState.java:setLeader(285)) - 339f746c-e925-490d-95d5-f42b6c2ebdb1@group-177D03A42D3F: change Leader from null to 4d94af01-e9ec-4925-937d-7224b820b8c4 at term 1 for appendEntries, leader elected after 5294ms
2021-08-10 11:26:22,236 [grpc-default-executor-1] INFO  server.RaftServer$Division (ServerState.java:setRaftConf(387)) - 7badb8be-700e-4b6f-aeeb-f12993943ca1@group-177D03A42D3F: set configuration 0: [339f746c-e925-490d-95d5-f42b6c2ebdb1|rpc:10.1.0.32:44359|dataStream:|priority:0, 4d94af01-e9ec-4925-937d-7224b820b8c4|rpc:10.1.0.32:35013|dataStream:|priority:1, 7badb8be-700e-4b6f-aeeb-f12993943ca1|rpc:10.1.0.32:33315|dataStream:|priority:0], old=null
2021-08-10 11:26:22,236 [grpc-default-executor-1] INFO  segmented.SegmentedRaftLogWorker (SegmentedRaftLogWorker.java:startLogSegment(394)) - 7badb8be-700e-4b6f-aeeb-f12993943ca1@group-177D03A42D3F-SegmentedRaftLogWorker: Starting segment from index:0
2021-08-10 11:26:22,249 [7badb8be-700e-4b6f-aeeb-f12993943ca1@group-177D03A42D3F-SegmentedRaftLogWorker] INFO  segmented.SegmentedRaftLogWorker (SegmentedRaftLogWorker.java:execute(601)) - 7badb8be-700e-4b6f-aeeb-f12993943ca1@group-177D03A42D3F-SegmentedRaftLogWorker: created new log segment /home/runner/work/ozone/ozone/hadoop-ozone/integration-test/target/test-dir/MiniOzoneClusterImpl-186fefdd-2a8f-4691-bed1-86a244a8ddcd/datanode-2/data/ratis/4266e20e-f890-416b-9821-177d03a42d3f/current/log_inprogress_0
2021-08-10 11:26:22,256 [grpc-default-executor-2] INFO  server.RaftServer$Division (ServerState.java:setRaftConf(387)) - 339f746c-e925-490d-95d5-f42b6c2ebdb1@group-177D03A42D3F: set configuration 0: [339f746c-e925-490d-95d5-f42b6c2ebdb1|rpc:10.1.0.32:44359|dataStream:|priority:0, 4d94af01-e9ec-4925-937d-7224b820b8c4|rpc:10.1.0.32:35013|dataStream:|priority:1, 7badb8be-700e-4b6f-aeeb-f12993943ca1|rpc:10.1.0.32:33315|dataStream:|priority:0], old=null
2021-08-10 11:26:22,256 [grpc-default-executor-2] INFO  segmented.SegmentedRaftLogWorker (SegmentedRaftLogWorker.java:startLogSegment(394)) - 339f746c-e925-490d-95d5-f42b6c2ebdb1@group-177D03A42D3F-SegmentedRaftLogWorker: Starting segment from index:0
2021-08-10 11:26:22,261 [339f746c-e925-490d-95d5-f42b6c2ebdb1@group-177D03A42D3F-SegmentedRaftLogWorker] INFO  segmented.SegmentedRaftLogWorker (SegmentedRaftLogWorker.java:execute(601)) - 339f746c-e925-490d-95d5-f42b6c2ebdb1@group-177D03A42D3F-SegmentedRaftLogWorker: created new log segment /home/runner/work/ozone/ozone/hadoop-ozone/integration-test/target/test-dir/MiniOzoneClusterImpl-186fefdd-2a8f-4691-bed1-86a244a8ddcd/datanode-1/data/ratis/4266e20e-f890-416b-9821-177d03a42d3f/current/log_inprogress_0
2021-08-10 11:26:22,263 [339f746c-e925-490d-95d5-f42b6c2ebdb1@group-EEB6F52AD3B8-FollowerState] INFO  impl.FollowerState (FollowerState.java:run(134)) - 339f746c-e925-490d-95d5-f42b6c2ebdb1@group-EEB6F52AD3B8-FollowerState: change to CANDIDATE, lastRpcElapsedTime:5114265071ns, electionTimeout:5084ms
2021-08-10 11:26:22,263 [339f746c-e925-490d-95d5-f42b6c2ebdb1@group-EEB6F52AD3B8-FollowerState] INFO  impl.RoleInfo (RoleInfo.java:shutdownFollowerState(108)) - 339f746c-e925-490d-95d5-f42b6c2ebdb1: shutdown 339f746c-e925-490d-95d5-f42b6c2ebdb1@group-EEB6F52AD3B8-FollowerState
2021-08-10 11:26:22,263 [339f746c-e925-490d-95d5-f42b6c2ebdb1@group-EEB6F52AD3B8-FollowerState] INFO  server.RaftServer$Division (RaftServerImpl.java:setRole(285)) - 339f746c-e925-490d-95d5-f42b6c2ebdb1@group-EEB6F52AD3B8: changes role from  FOLLOWER to CANDIDATE at term 0 for changeToCandidate
2021-08-10 11:26:22,278 [339f746c-e925-490d-95d5-f42b6c2ebdb1@group-EEB6F52AD3B8-FollowerState] INFO  server.RaftServerConfigKeys (ConfUtils.java:logGet(44)) - raft.server.leaderelection.pre-vote = false (custom)
2021-08-10 11:26:22,278 [339f746c-e925-490d-95d5-f42b6c2ebdb1@group-EEB6F52AD3B8-FollowerState] INFO  impl.RoleInfo (RoleInfo.java:updateAndGet(130)) - 339f746c-e925-490d-95d5-f42b6c2ebdb1: start 339f746c-e925-490d-95d5-f42b6c2ebdb1@group-EEB6F52AD3B8-LeaderElection34
2021-08-10 11:26:22,289 [339f746c-e925-490d-95d5-f42b6c2ebdb1@group-E28B04F22A7A-FollowerState] INFO  impl.FollowerState (FollowerState.java:run(134)) - 339f746c-e925-490d-95d5-f42b6c2ebdb1@group-E28B04F22A7A-FollowerState: change to CANDIDATE, lastRpcElapsedTime:5061130368ns, electionTimeout:5060ms
2021-08-10 11:26:22,289 [339f746c-e925-490d-95d5-f42b6c2ebdb1@group-E28B04F22A7A-FollowerState] INFO  impl.RoleInfo (RoleInfo.java:shutdownFollowerState(108)) - 339f746c-e925-490d-95d5-f42b6c2ebdb1: shutdown 339f746c-e925-490d-95d5-f42b6c2ebdb1@group-E28B04F22A7A-FollowerState
2021-08-10 11:26:22,289 [339f746c-e925-490d-95d5-f42b6c2ebdb1@group-E28B04F22A7A-FollowerState] INFO  server.RaftServer$Division (RaftServerImpl.java:setRole(285)) - 339f746c-e925-490d-95d5-f42b6c2ebdb1@group-E28B04F22A7A: changes role from  FOLLOWER to CANDIDATE at term 0 for changeToCandidate
2021-08-10 11:26:22,289 [339f746c-e925-490d-95d5-f42b6c2ebdb1@group-E28B04F22A7A-FollowerState] INFO  server.RaftServerConfigKeys (ConfUtils.java:logGet(44)) - raft.server.leaderelection.pre-vote = false (custom)
2021-08-10 11:26:22,289 [339f746c-e925-490d-95d5-f42b6c2ebdb1@group-E28B04F22A7A-FollowerState] INFO  impl.RoleInfo (RoleInfo.java:updateAndGet(130)) - 339f746c-e925-490d-95d5-f42b6c2ebdb1: start 339f746c-e925-490d-95d5-f42b6c2ebdb1@group-E28B04F22A7A-LeaderElection35
2021-08-10 11:26:22,329 [339f746c-e925-490d-95d5-f42b6c2ebdb1@group-EEB6F52AD3B8-LeaderElection34] INFO  impl.LeaderElection (LeaderElection.java:askForVotes(306)) - 339f746c-e925-490d-95d5-f42b6c2ebdb1@group-EEB6F52AD3B8-LeaderElection34 ELECTION round 0: submit vote requests at term 1 for -1: [339f746c-e925-490d-95d5-f42b6c2ebdb1|rpc:10.1.0.32:44359|priority:1], old=null
2021-08-10 11:26:22,329 [339f746c-e925-490d-95d5-f42b6c2ebdb1@group-EEB6F52AD3B8-LeaderElection34] INFO  impl.LeaderElection (LeaderElection.java:askForVotes(308)) - 339f746c-e925-490d-95d5-f42b6c2ebdb1@group-EEB6F52AD3B8-LeaderElection34 ELECTION round 0: result PASSED (term=1)
2021-08-10 11:26:22,329 [339f746c-e925-490d-95d5-f42b6c2ebdb1@group-EEB6F52AD3B8-LeaderElection34] INFO  impl.RoleInfo (RoleInfo.java:shutdownLeaderElection(121)) - 339f746c-e925-490d-95d5-f42b6c2ebdb1: shutdown 339f746c-e925-490d-95d5-f42b6c2ebdb1@group-EEB6F52AD3B8-LeaderElection34
2021-08-10 11:26:22,329 [339f746c-e925-490d-95d5-f42b6c2ebdb1@group-EEB6F52AD3B8-LeaderElection34] INFO  server.RaftServer$Division (RaftServerImpl.java:setRole(285)) - 339f746c-e925-490d-95d5-f42b6c2ebdb1@group-EEB6F52AD3B8: changes role from CANDIDATE to LEADER at term 1 for changeToLeader
2021-08-10 11:26:22,329 [339f746c-e925-490d-95d5-f42b6c2ebdb1@group-EEB6F52AD3B8-LeaderElection34] INFO  ratis.XceiverServerRatis (XceiverServerRatis.java:handleLeaderChangedNotification(857)) - Leader change notification received for group: group-EEB6F52AD3B8 with new leaderId: 339f746c-e925-490d-95d5-f42b6c2ebdb1
2021-08-10 11:26:22,329 [339f746c-e925-490d-95d5-f42b6c2ebdb1@group-EEB6F52AD3B8-LeaderElection34] INFO  server.RaftServer$Division (ServerState.java:setLeader(285)) - 339f746c-e925-490d-95d5-f42b6c2ebdb1@group-EEB6F52AD3B8: change Leader from null to 339f746c-e925-490d-95d5-f42b6c2ebdb1 at term 1 for becomeLeader, leader elected after 5202ms
2021-08-10 11:26:22,329 [339f746c-e925-490d-95d5-f42b6c2ebdb1@group-EEB6F52AD3B8-LeaderElection34] INFO  server.RaftServerConfigKeys (ConfUtils.java:logGet(44)) - raft.server.staging.catchup.gap = 1000 (default)
2021-08-10 11:26:22,329 [Datanode State Machine Thread - 0] WARN  statemachine.StateContext (StateContext.java:execute(621)) - No available thread in pool for past 1 seconds.
2021-08-10 11:26:22,329 [339f746c-e925-490d-95d5-f42b6c2ebdb1@group-EEB6F52AD3B8-LeaderElection34] INFO  server.RaftServerConfigKeys (ConfUtils.java:logGet(44)) - raft.server.write.element-limit = 1024 (custom)
2021-08-10 11:26:22,330 [339f746c-e925-490d-95d5-f42b6c2ebdb1@group-EEB6F52AD3B8-LeaderElection34] INFO  server.RaftServerConfigKeys (ConfUtils.java:logGet(44)) - raft.server.write.byte-limit = 1073741824 (custom)
2021-08-10 11:26:22,330 [339f746c-e925-490d-95d5-f42b6c2ebdb1@group-EEB6F52AD3B8-LeaderElection34] INFO  server.RaftServerConfigKeys (ConfUtils.java:logGet(44)) - raft.server.watch.timeout = 180s (custom)
2021-08-10 11:26:22,330 [339f746c-e925-490d-95d5-f42b6c2ebdb1@group-EEB6F52AD3B8-LeaderElection34] INFO  server.RaftServerConfigKeys (ConfUtils.java:logGet(44)) - raft.server.watch.timeout.denomination = 1s (default)
2021-08-10 11:26:22,330 [339f746c-e925-490d-95d5-f42b6c2ebdb1@group-EEB6F52AD3B8-LeaderElection34] INFO  server.RaftServerConfigKeys (ConfUtils.java:logGet(44)) - raft.server.watch.element-limit = 65536 (default)
2021-08-10 11:26:22,330 [339f746c-e925-490d-95d5-f42b6c2ebdb1@group-EEB6F52AD3B8-LeaderElection34] INFO  impl.RoleInfo (RoleInfo.java:updateAndGet(130)) - 339f746c-e925-490d-95d5-f42b6c2ebdb1: start 339f746c-e925-490d-95d5-f42b6c2ebdb1@group-EEB6F52AD3B8-LeaderStateImpl
2021-08-10 11:26:22,330 [339f746c-e925-490d-95d5-f42b6c2ebdb1@group-EEB6F52AD3B8-LeaderElection34] INFO  segmented.SegmentedRaftLogWorker (SegmentedRaftLogWorker.java:startLogSegment(394)) - 339f746c-e925-490d-95d5-f42b6c2ebdb1@group-EEB6F52AD3B8-SegmentedRaftLogWorker: Starting segment from index:0
2021-08-10 11:26:22,331 [4d94af01-e9ec-4925-937d-7224b820b8c4@group-E28B04F22A7A-FollowerState] INFO  impl.FollowerState (FollowerState.java:run(134)) - 4d94af01-e9ec-4925-937d-7224b820b8c4@group-E28B04F22A7A-FollowerState: change to CANDIDATE, lastRpcElapsedTime:5152353588ns, electionTimeout:5145ms
2021-08-10 11:26:22,332 [339f746c-e925-490d-95d5-f42b6c2ebdb1@group-E28B04F22A7A-LeaderElection35] INFO  impl.LeaderElection (LeaderElection.java:askForVotes(306)) - 339f746c-e925-490d-95d5-f42b6c2ebdb1@group-E28B04F22A7A-LeaderElection35 ELECTION round 0: submit vote requests at term 1 for -1: [339f746c-e925-490d-95d5-f42b6c2ebdb1|rpc:10.1.0.32:44359|priority:0, 4d94af01-e9ec-4925-937d-7224b820b8c4|rpc:10.1.0.32:35013|priority:0, 7badb8be-700e-4b6f-aeeb-f12993943ca1|rpc:10.1.0.32:33315|priority:1], old=null
2021-08-10 11:26:22,332 [4d94af01-e9ec-4925-937d-7224b820b8c4@group-E28B04F22A7A-FollowerState] INFO  impl.RoleInfo (RoleInfo.java:shutdownFollowerState(108)) - 4d94af01-e9ec-4925-937d-7224b820b8c4: shutdown 4d94af01-e9ec-4925-937d-7224b820b8c4@group-E28B04F22A7A-FollowerState
2021-08-10 11:26:22,332 [4d94af01-e9ec-4925-937d-7224b820b8c4@group-E28B04F22A7A-FollowerState] INFO  server.RaftServer$Division (RaftServerImpl.java:setRole(285)) - 4d94af01-e9ec-4925-937d-7224b820b8c4@group-E28B04F22A7A: changes role from  FOLLOWER to CANDIDATE at term 0 for changeToCandidate
2021-08-10 11:26:22,335 [339f746c-e925-490d-95d5-f42b6c2ebdb1@group-EEB6F52AD3B8-SegmentedRaftLogWorker] INFO  segmented.SegmentedRaftLogWorker (SegmentedRaftLogWorker.java:execute(601)) - 339f746c-e925-490d-95d5-f42b6c2ebdb1@group-EEB6F52AD3B8-SegmentedRaftLogWorker: created new log segment /home/runner/work/ozone/ozone/hadoop-ozone/integration-test/target/test-dir/MiniOzoneClusterImpl-186fefdd-2a8f-4691-bed1-86a244a8ddcd/datanode-1/data/ratis/3c85e567-cef6-4460-8a53-eeb6f52ad3b8/current/log_inprogress_0
2021-08-10 11:26:22,339 [4d94af01-e9ec-4925-937d-7224b820b8c4@group-E28B04F22A7A-FollowerState] INFO  server.RaftServerConfigKeys (ConfUtils.java:logGet(44)) - raft.server.leaderelection.pre-vote = false (custom)
2021-08-10 11:26:22,339 [4d94af01-e9ec-4925-937d-7224b820b8c4@group-E28B04F22A7A-FollowerState] INFO  impl.RoleInfo (RoleInfo.java:updateAndGet(130)) - 4d94af01-e9ec-4925-937d-7224b820b8c4: start 4d94af01-e9ec-4925-937d-7224b820b8c4@group-E28B04F22A7A-LeaderElection36
2021-08-10 11:26:22,368 [339f746c-e925-490d-95d5-f42b6c2ebdb1@group-EEB6F52AD3B8-LeaderElection34] INFO  server.RaftServer$Division (ServerState.java:setRaftConf(387)) - 339f746c-e925-490d-95d5-f42b6c2ebdb1@group-EEB6F52AD3B8: set configuration 0: [339f746c-e925-490d-95d5-f42b6c2ebdb1|rpc:10.1.0.32:44359|dataStream:|priority:1], old=null
2021-08-10 11:26:22,382 [4d94af01-e9ec-4925-937d-7224b820b8c4@group-E28B04F22A7A-LeaderElection36] INFO  impl.LeaderElection (LeaderElection.java:askForVotes(306)) - 4d94af01-e9ec-4925-937d-7224b820b8c4@group-E28B04F22A7A-LeaderElection36 ELECTION round 0: submit vote requests at term 1 for -1: [339f746c-e925-490d-95d5-f42b6c2ebdb1|rpc:10.1.0.32:44359|priority:0, 4d94af01-e9ec-4925-937d-7224b820b8c4|rpc:10.1.0.32:35013|priority:0, 7badb8be-700e-4b6f-aeeb-f12993943ca1|rpc:10.1.0.32:33315|priority:1], old=null
2021-08-10 11:26:22,392 [grpc-default-executor-2] INFO  server.RaftServer$Division (RaftServerImpl.java:requestVote(1043)) - 4d94af01-e9ec-4925-937d-7224b820b8c4@group-E28B04F22A7A: receive requestVote(ELECTION, 339f746c-e925-490d-95d5-f42b6c2ebdb1, group-E28B04F22A7A, 1, (t:0, i:0))
2021-08-10 11:26:22,392 [grpc-default-executor-2] INFO  impl.VoteContext (VoteContext.java:log(48)) - 4d94af01-e9ec-4925-937d-7224b820b8c4@group-E28B04F22A7A-CANDIDATE: reject ELECTION from 339f746c-e925-490d-95d5-f42b6c2ebdb1: already has voted for 4d94af01-e9ec-4925-937d-7224b820b8c4 at current term 1
2021-08-10 11:26:22,392 [grpc-default-executor-2] INFO  server.RaftServer$Division (RaftServerImpl.java:requestVote(1075)) - 4d94af01-e9ec-4925-937d-7224b820b8c4@group-E28B04F22A7A replies to ELECTION vote request: 339f746c-e925-490d-95d5-f42b6c2ebdb1<-4d94af01-e9ec-4925-937d-7224b820b8c4#0:FAIL-t1. Peer's state: 4d94af01-e9ec-4925-937d-7224b820b8c4@group-E28B04F22A7A:t1, leader=null, voted=4d94af01-e9ec-4925-937d-7224b820b8c4, raftlog=4d94af01-e9ec-4925-937d-7224b820b8c4@group-E28B04F22A7A-SegmentedRaftLog:OPENED:c-1,f-1,i0, conf=-1: [339f746c-e925-490d-95d5-f42b6c2ebdb1|rpc:10.1.0.32:44359|priority:0, 4d94af01-e9ec-4925-937d-7224b820b8c4|rpc:10.1.0.32:35013|priority:0, 7badb8be-700e-4b6f-aeeb-f12993943ca1|rpc:10.1.0.32:33315|priority:1], old=null
2021-08-10 11:26:22,392 [grpc-default-executor-1] INFO  server.RaftServer$Division (RaftServerImpl.java:requestVote(1043)) - 7badb8be-700e-4b6f-aeeb-f12993943ca1@group-E28B04F22A7A: receive requestVote(ELECTION, 339f746c-e925-490d-95d5-f42b6c2ebdb1, group-E28B04F22A7A, 1, (t:0, i:0))
2021-08-10 11:26:22,393 [grpc-default-executor-1] INFO  impl.VoteContext (VoteContext.java:log(48)) - 7badb8be-700e-4b6f-aeeb-f12993943ca1@group-E28B04F22A7A-FOLLOWER: reject ELECTION from 339f746c-e925-490d-95d5-f42b6c2ebdb1: our priority 1 > candidate's priority 0
2021-08-10 11:26:22,393 [grpc-default-executor-1] INFO  server.RaftServer$Division (RaftServerImpl.java:setRole(285)) - 7badb8be-700e-4b6f-aeeb-f12993943ca1@group-E28B04F22A7A: changes role from  FOLLOWER to FOLLOWER at term 1 for candidate:339f746c-e925-490d-95d5-f42b6c2ebdb1
2021-08-10 11:26:22,393 [grpc-default-executor-1] INFO  impl.RoleInfo (RoleInfo.java:shutdownFollowerState(108)) - 7badb8be-700e-4b6f-aeeb-f12993943ca1: shutdown 7badb8be-700e-4b6f-aeeb-f12993943ca1@group-E28B04F22A7A-FollowerState
2021-08-10 11:26:22,393 [grpc-default-executor-1] INFO  impl.RoleInfo (RoleInfo.java:updateAndGet(130)) - 7badb8be-700e-4b6f-aeeb-f12993943ca1: start 7badb8be-700e-4b6f-aeeb-f12993943ca1@group-E28B04F22A7A-FollowerState
2021-08-10 11:26:22,395 [7badb8be-700e-4b6f-aeeb-f12993943ca1@group-E28B04F22A7A-FollowerState] INFO  impl.FollowerState (FollowerState.java:run(143)) - 7badb8be-700e-4b6f-aeeb-f12993943ca1@group-E28B04F22A7A-FollowerState was interrupted: {}
java.lang.InterruptedException: sleep interrupted
	at java.lang.Thread.sleep(Native Method)
	at java.lang.Thread.sleep(Thread.java:340)
	at java.util.concurrent.TimeUnit.sleep(TimeUnit.java:386)
	at org.apache.ratis.util.TimeDuration.sleep(TimeDuration.java:324)
	at org.apache.ratis.util.TimeDuration.sleep(TimeDuration.java:309)
	at org.apache.ratis.server.impl.FollowerState.run(FollowerState.java:118)
2021-08-10 11:26:22,395 [grpc-default-executor-1] INFO  server.RaftServer$Division (RaftServerImpl.java:requestVote(1075)) - 7badb8be-700e-4b6f-aeeb-f12993943ca1@group-E28B04F22A7A replies to ELECTION vote request: 339f746c-e925-490d-95d5-f42b6c2ebdb1<-7badb8be-700e-4b6f-aeeb-f12993943ca1#0:FAIL-t1. Peer's state: 7badb8be-700e-4b6f-aeeb-f12993943ca1@group-E28B04F22A7A:t1, leader=null, voted=null, raftlog=7badb8be-700e-4b6f-aeeb-f12993943ca1@group-E28B04F22A7A-SegmentedRaftLog:OPENED:c-1,f-1,i0, conf=-1: [339f746c-e925-490d-95d5-f42b6c2ebdb1|rpc:10.1.0.32:44359|dataStream:|priority:0, 4d94af01-e9ec-4925-937d-7224b820b8c4|rpc:10.1.0.32:35013|dataStream:|priority:0, 7badb8be-700e-4b6f-aeeb-f12993943ca1|rpc:10.1.0.32:33315|dataStream:|priority:1], old=null
2021-08-10 11:26:22,421 [339f746c-e925-490d-95d5-f42b6c2ebdb1@group-E28B04F22A7A-LeaderElection35] INFO  impl.LeaderElection (LeaderElection.java:logAndReturn(89)) - 339f746c-e925-490d-95d5-f42b6c2ebdb1@group-E28B04F22A7A-LeaderElection35: ELECTION REJECTED received 2 response(s) and 0 exception(s):
2021-08-10 11:26:22,421 [339f746c-e925-490d-95d5-f42b6c2ebdb1@group-E28B04F22A7A-LeaderElection35] INFO  impl.LeaderElection (LeaderElection.java:logAndReturn(93)) -   Response 0: 339f746c-e925-490d-95d5-f42b6c2ebdb1<-4d94af01-e9ec-4925-937d-7224b820b8c4#0:FAIL-t1
2021-08-10 11:26:22,421 [339f746c-e925-490d-95d5-f42b6c2ebdb1@group-E28B04F22A7A-LeaderElection35] INFO  impl.LeaderElection (LeaderElection.java:logAndReturn(93)) -   Response 1: 339f746c-e925-490d-95d5-f42b6c2ebdb1<-7badb8be-700e-4b6f-aeeb-f12993943ca1#0:FAIL-t1
2021-08-10 11:26:22,421 [339f746c-e925-490d-95d5-f42b6c2ebdb1@group-E28B04F22A7A-LeaderElection35] INFO  impl.LeaderElection (LeaderElection.java:askForVotes(308)) - 339f746c-e925-490d-95d5-f42b6c2ebdb1@group-E28B04F22A7A-LeaderElection35 ELECTION round 0: result REJECTED
2021-08-10 11:26:22,421 [339f746c-e925-490d-95d5-f42b6c2ebdb1@group-E28B04F22A7A-LeaderElection35] INFO  server.RaftServer$Division (RaftServerImpl.java:setRole(285)) - 339f746c-e925-490d-95d5-f42b6c2ebdb1@group-E28B04F22A7A: changes role from CANDIDATE to FOLLOWER at term 1 for REJECTED
2021-08-10 11:26:22,421 [339f746c-e925-490d-95d5-f42b6c2ebdb1@group-E28B04F22A7A-LeaderElection35] INFO  impl.RoleInfo (RoleInfo.java:shutdownLeaderElection(121)) - 339f746c-e925-490d-95d5-f42b6c2ebdb1: shutdown 339f746c-e925-490d-95d5-f42b6c2ebdb1@group-E28B04F22A7A-LeaderElection35
2021-08-10 11:26:22,421 [339f746c-e925-490d-95d5-f42b6c2ebdb1@group-E28B04F22A7A-LeaderElection35] INFO  impl.RoleInfo (RoleInfo.java:updateAndGet(130)) - 339f746c-e925-490d-95d5-f42b6c2ebdb1: start 339f746c-e925-490d-95d5-f42b6c2ebdb1@group-E28B04F22A7A-FollowerState
2021-08-10 11:26:22,436 [grpc-default-executor-1] INFO  server.RaftServer$Division (RaftServerImpl.java:requestVote(1043)) - 339f746c-e925-490d-95d5-f42b6c2ebdb1@group-E28B04F22A7A: receive requestVote(ELECTION, 4d94af01-e9ec-4925-937d-7224b820b8c4, group-E28B04F22A7A, 1, (t:0, i:0))
2021-08-10 11:26:22,436 [grpc-default-executor-1] INFO  impl.VoteContext (VoteContext.java:log(48)) - 339f746c-e925-490d-95d5-f42b6c2ebdb1@group-E28B04F22A7A-FOLLOWER: reject ELECTION from 4d94af01-e9ec-4925-937d-7224b820b8c4: already has voted for 339f746c-e925-490d-95d5-f42b6c2ebdb1 at current term 1
2021-08-10 11:26:22,436 [grpc-default-executor-1] INFO  server.RaftServer$Division (RaftServerImpl.java:requestVote(1075)) - 339f746c-e925-490d-95d5-f42b6c2ebdb1@group-E28B04F22A7A replies to ELECTION vote request: 4d94af01-e9ec-4925-937d-7224b820b8c4<-339f746c-e925-490d-95d5-f42b6c2ebdb1#0:FAIL-t1. Peer's state: 339f746c-e925-490d-95d5-f42b6c2ebdb1@group-E28B04F22A7A:t1, leader=null, voted=339f746c-e925-490d-95d5-f42b6c2ebdb1, raftlog=339f746c-e925-490d-95d5-f42b6c2ebdb1@group-E28B04F22A7A-SegmentedRaftLog:OPENED:c-1,f-1,i0, conf=-1: [339f746c-e925-490d-95d5-f42b6c2ebdb1|rpc:10.1.0.32:44359|priority:0, 4d94af01-e9ec-4925-937d-7224b820b8c4|rpc:10.1.0.32:35013|priority:0, 7badb8be-700e-4b6f-aeeb-f12993943ca1|rpc:10.1.0.32:33315|priority:1], old=null
2021-08-10 11:26:22,455 [grpc-default-executor-1] INFO  server.RaftServer$Division (RaftServerImpl.java:requestVote(1043)) - 7badb8be-700e-4b6f-aeeb-f12993943ca1@group-E28B04F22A7A: receive requestVote(ELECTION, 4d94af01-e9ec-4925-937d-7224b820b8c4, group-E28B04F22A7A, 1, (t:0, i:0))
2021-08-10 11:26:22,455 [grpc-default-executor-1] INFO  impl.VoteContext (VoteContext.java:log(48)) - 7badb8be-700e-4b6f-aeeb-f12993943ca1@group-E28B04F22A7A-FOLLOWER: reject ELECTION from 4d94af01-e9ec-4925-937d-7224b820b8c4: our priority 1 > candidate's priority 0
2021-08-10 11:26:22,456 [grpc-default-executor-1] INFO  server.RaftServer$Division (RaftServerImpl.java:setRole(285)) - 7badb8be-700e-4b6f-aeeb-f12993943ca1@group-E28B04F22A7A: changes role from  FOLLOWER to FOLLOWER at term 1 for candidate:4d94af01-e9ec-4925-937d-7224b820b8c4
2021-08-10 11:26:22,456 [grpc-default-executor-1] INFO  impl.RoleInfo (RoleInfo.java:shutdownFollowerState(108)) - 7badb8be-700e-4b6f-aeeb-f12993943ca1: shutdown 7badb8be-700e-4b6f-aeeb-f12993943ca1@group-E28B04F22A7A-FollowerState
2021-08-10 11:26:22,456 [grpc-default-executor-1] INFO  impl.RoleInfo (RoleInfo.java:updateAndGet(130)) - 7badb8be-700e-4b6f-aeeb-f12993943ca1: start 7badb8be-700e-4b6f-aeeb-f12993943ca1@group-E28B04F22A7A-FollowerState
2021-08-10 11:26:22,457 [Listener at 127.0.0.1/42373] INFO  ozone.MiniOzoneClusterImpl (MiniOzoneClusterImpl.java:lambda$waitForClusterToBeReady$0(235)) - Nodes are ready. Got 3 of 3 DN Heartbeats.
2021-08-10 11:26:22,457 [Listener at 127.0.0.1/42373] INFO  ozone.MiniOzoneClusterImpl (MiniOzoneClusterImpl.java:lambda$waitForClusterToBeReady$0(238)) - Cluster exits safe mode
2021-08-10 11:26:22,457 [Listener at 127.0.0.1/42373] INFO  ozone.MiniOzoneClusterImpl (MiniOzoneClusterImpl.java:lambda$waitForClusterToBeReady$0(240)) - SCM became leader
2021-08-10 11:26:22,457 [Listener at 127.0.0.1/42373] INFO  ha.SequenceIdGenerator (SequenceIdGenerator.java:getNextId(127)) - Allocate a batch for containerId, change lastId from 0 to 1000.
2021-08-10 11:26:22,459 [grpc-default-executor-1] INFO  server.RaftServer$Division (RaftServerImpl.java:requestVote(1075)) - 7badb8be-700e-4b6f-aeeb-f12993943ca1@group-E28B04F22A7A replies to ELECTION vote request: 4d94af01-e9ec-4925-937d-7224b820b8c4<-7badb8be-700e-4b6f-aeeb-f12993943ca1#0:FAIL-t1. Peer's state: 7badb8be-700e-4b6f-aeeb-f12993943ca1@group-E28B04F22A7A:t1, leader=null, voted=null, raftlog=7badb8be-700e-4b6f-aeeb-f12993943ca1@group-E28B04F22A7A-SegmentedRaftLog:OPENED:c-1,f-1,i0, conf=-1: [339f746c-e925-490d-95d5-f42b6c2ebdb1|rpc:10.1.0.32:44359|dataStream:|priority:0, 4d94af01-e9ec-4925-937d-7224b820b8c4|rpc:10.1.0.32:35013|dataStream:|priority:0, 7badb8be-700e-4b6f-aeeb-f12993943ca1|rpc:10.1.0.32:33315|dataStream:|priority:1], old=null
2021-08-10 11:26:22,460 [4d94af01-e9ec-4925-937d-7224b820b8c4@group-E28B04F22A7A-LeaderElection36] INFO  impl.LeaderElection (LeaderElection.java:logAndReturn(89)) - 4d94af01-e9ec-4925-937d-7224b820b8c4@group-E28B04F22A7A-LeaderElection36: ELECTION REJECTED received 2 response(s) and 0 exception(s):
2021-08-10 11:26:22,460 [4d94af01-e9ec-4925-937d-7224b820b8c4@group-E28B04F22A7A-LeaderElection36] INFO  impl.LeaderElection (LeaderElection.java:logAndReturn(93)) -   Response 0: 4d94af01-e9ec-4925-937d-7224b820b8c4<-339f746c-e925-490d-95d5-f42b6c2ebdb1#0:FAIL-t1
2021-08-10 11:26:22,460 [4d94af01-e9ec-4925-937d-7224b820b8c4@group-E28B04F22A7A-LeaderElection36] INFO  impl.LeaderElection (LeaderElection.java:logAndReturn(93)) -   Response 1: 4d94af01-e9ec-4925-937d-7224b820b8c4<-7badb8be-700e-4b6f-aeeb-f12993943ca1#0:FAIL-t1
2021-08-10 11:26:22,460 [4d94af01-e9ec-4925-937d-7224b820b8c4@group-E28B04F22A7A-LeaderElection36] INFO  impl.LeaderElection (LeaderElection.java:askForVotes(308)) - 4d94af01-e9ec-4925-937d-7224b820b8c4@group-E28B04F22A7A-LeaderElection36 ELECTION round 0: result REJECTED
2021-08-10 11:26:22,460 [4d94af01-e9ec-4925-937d-7224b820b8c4@group-E28B04F22A7A-LeaderElection36] INFO  server.RaftServer$Division (RaftServerImpl.java:setRole(285)) - 4d94af01-e9ec-4925-937d-7224b820b8c4@group-E28B04F22A7A: changes role from CANDIDATE to FOLLOWER at term 1 for REJECTED
2021-08-10 11:26:22,460 [4d94af01-e9ec-4925-937d-7224b820b8c4@group-E28B04F22A7A-LeaderElection36] INFO  impl.RoleInfo (RoleInfo.java:shutdownLeaderElection(121)) - 4d94af01-e9ec-4925-937d-7224b820b8c4: shutdown 4d94af01-e9ec-4925-937d-7224b820b8c4@group-E28B04F22A7A-LeaderElection36
2021-08-10 11:26:22,460 [4d94af01-e9ec-4925-937d-7224b820b8c4@group-E28B04F22A7A-LeaderElection36] INFO  impl.RoleInfo (RoleInfo.java:updateAndGet(130)) - 4d94af01-e9ec-4925-937d-7224b820b8c4: start 4d94af01-e9ec-4925-937d-7224b820b8c4@group-E28B04F22A7A-FollowerState
2021-08-10 11:26:22,471 [7badb8be-700e-4b6f-aeeb-f12993943ca1@group-E28B04F22A7A-FollowerState] INFO  impl.FollowerState (FollowerState.java:run(143)) - 7badb8be-700e-4b6f-aeeb-f12993943ca1@group-E28B04F22A7A-FollowerState was interrupted: {}
java.lang.InterruptedException: sleep interrupted
	at java.lang.Thread.sleep(Native Method)
	at java.lang.Thread.sleep(Thread.java:340)
	at java.util.concurrent.TimeUnit.sleep(TimeUnit.java:386)
	at org.apache.ratis.util.TimeDuration.sleep(TimeDuration.java:324)
	at org.apache.ratis.util.TimeDuration.sleep(TimeDuration.java:309)
	at org.apache.ratis.server.impl.FollowerState.run(FollowerState.java:118)
2021-08-10 11:26:22,575 [7badb8be-700e-4b6f-aeeb-f12993943ca1@group-5481500B10C5-FollowerState] INFO  impl.FollowerState (FollowerState.java:run(134)) - 7badb8be-700e-4b6f-aeeb-f12993943ca1@group-5481500B10C5-FollowerState: change to CANDIDATE, lastRpcElapsedTime:5029487186ns, electionTimeout:5024ms
2021-08-10 11:26:22,575 [7badb8be-700e-4b6f-aeeb-f12993943ca1@group-5481500B10C5-FollowerState] INFO  impl.RoleInfo (RoleInfo.java:shutdownFollowerState(108)) - 7badb8be-700e-4b6f-aeeb-f12993943ca1: shutdown 7badb8be-700e-4b6f-aeeb-f12993943ca1@group-5481500B10C5-FollowerState
2021-08-10 11:26:22,575 [7badb8be-700e-4b6f-aeeb-f12993943ca1@group-5481500B10C5-FollowerState] INFO  server.RaftServer$Division (RaftServerImpl.java:setRole(285)) - 7badb8be-700e-4b6f-aeeb-f12993943ca1@group-5481500B10C5: changes role from  FOLLOWER to CANDIDATE at term 0 for changeToCandidate
2021-08-10 11:26:22,575 [7badb8be-700e-4b6f-aeeb-f12993943ca1@group-5481500B10C5-FollowerState] INFO  server.RaftServerConfigKeys (ConfUtils.java:logGet(44)) - raft.server.leaderelection.pre-vote = false (custom)
2021-08-10 11:26:22,575 [7badb8be-700e-4b6f-aeeb-f12993943ca1@group-5481500B10C5-FollowerState] INFO  impl.RoleInfo (RoleInfo.java:updateAndGet(130)) - 7badb8be-700e-4b6f-aeeb-f12993943ca1: start 7badb8be-700e-4b6f-aeeb-f12993943ca1@group-5481500B10C5-LeaderElection37
2021-08-10 11:26:22,625 [7badb8be-700e-4b6f-aeeb-f12993943ca1@group-5481500B10C5-LeaderElection37] INFO  impl.LeaderElection (LeaderElection.java:askForVotes(306)) - 7badb8be-700e-4b6f-aeeb-f12993943ca1@group-5481500B10C5-LeaderElection37 ELECTION round 0: submit vote requests at term 1 for -1: [7badb8be-700e-4b6f-aeeb-f12993943ca1|rpc:10.1.0.32:33315|priority:1], old=null
2021-08-10 11:26:22,625 [7badb8be-700e-4b6f-aeeb-f12993943ca1@group-5481500B10C5-LeaderElection37] INFO  impl.LeaderElection (LeaderElection.java:askForVotes(308)) - 7badb8be-700e-4b6f-aeeb-f12993943ca1@group-5481500B10C5-LeaderElection37 ELECTION round 0: result PASSED (term=1)
2021-08-10 11:26:22,625 [7badb8be-700e-4b6f-aeeb-f12993943ca1@group-5481500B10C5-LeaderElection37] INFO  impl.RoleInfo (RoleInfo.java:shutdownLeaderElection(121)) - 7badb8be-700e-4b6f-aeeb-f12993943ca1: shutdown 7badb8be-700e-4b6f-aeeb-f12993943ca1@group-5481500B10C5-LeaderElection37
2021-08-10 11:26:22,625 [7badb8be-700e-4b6f-aeeb-f12993943ca1@group-5481500B10C5-LeaderElection37] INFO  server.RaftServer$Division (RaftServerImpl.java:setRole(285)) - 7badb8be-700e-4b6f-aeeb-f12993943ca1@group-5481500B10C5: changes role from CANDIDATE to LEADER at term 1 for changeToLeader
2021-08-10 11:26:22,625 [7badb8be-700e-4b6f-aeeb-f12993943ca1@group-5481500B10C5-LeaderElection37] INFO  ratis.XceiverServerRatis (XceiverServerRatis.java:handleLeaderChangedNotification(857)) - Leader change notification received for group: group-5481500B10C5 with new leaderId: 7badb8be-700e-4b6f-aeeb-f12993943ca1
2021-08-10 11:26:22,625 [7badb8be-700e-4b6f-aeeb-f12993943ca1@group-5481500B10C5-LeaderElection37] INFO  server.RaftServer$Division (ServerState.java:setLeader(285)) - 7badb8be-700e-4b6f-aeeb-f12993943ca1@group-5481500B10C5: change Leader from null to 7badb8be-700e-4b6f-aeeb-f12993943ca1 at term 1 for becomeLeader, leader elected after 5100ms
2021-08-10 11:26:22,625 [7badb8be-700e-4b6f-aeeb-f12993943ca1@group-5481500B10C5-LeaderElection37] INFO  server.RaftServerConfigKeys (ConfUtils.java:logGet(44)) - raft.server.staging.catchup.gap = 1000 (default)
2021-08-10 11:26:22,625 [7badb8be-700e-4b6f-aeeb-f12993943ca1@group-5481500B10C5-LeaderElection37] INFO  server.RaftServerConfigKeys (ConfUtils.java:logGet(44)) - raft.server.write.element-limit = 1024 (custom)
2021-08-10 11:26:22,626 [7badb8be-700e-4b6f-aeeb-f12993943ca1@group-5481500B10C5-LeaderElection37] INFO  server.RaftServerConfigKeys (ConfUtils.java:logGet(44)) - raft.server.write.byte-limit = 1073741824 (custom)
2021-08-10 11:26:22,626 [Datanode State Machine Thread - 0] WARN  statemachine.StateContext (StateContext.java:execute(621)) - No available thread in pool for past 1 seconds.
2021-08-10 11:26:22,626 [7badb8be-700e-4b6f-aeeb-f12993943ca1@group-5481500B10C5-LeaderElection37] INFO  server.RaftServerConfigKeys (ConfUtils.java:logGet(44)) - raft.server.watch.timeout = 180s (custom)
2021-08-10 11:26:22,626 [7badb8be-700e-4b6f-aeeb-f12993943ca1@group-5481500B10C5-LeaderElection37] INFO  server.RaftServerConfigKeys (ConfUtils.java:logGet(44)) - raft.server.watch.timeout.denomination = 1s (default)
2021-08-10 11:26:22,626 [7badb8be-700e-4b6f-aeeb-f12993943ca1@group-5481500B10C5-LeaderElection37] INFO  server.RaftServerConfigKeys (ConfUtils.java:logGet(44)) - raft.server.watch.element-limit = 65536 (default)
2021-08-10 11:26:22,626 [7badb8be-700e-4b6f-aeeb-f12993943ca1@group-5481500B10C5-LeaderElection37] INFO  impl.RoleInfo (RoleInfo.java:updateAndGet(130)) - 7badb8be-700e-4b6f-aeeb-f12993943ca1: start 7badb8be-700e-4b6f-aeeb-f12993943ca1@group-5481500B10C5-LeaderStateImpl
2021-08-10 11:26:22,626 [7badb8be-700e-4b6f-aeeb-f12993943ca1@group-5481500B10C5-LeaderElection37] INFO  segmented.SegmentedRaftLogWorker (SegmentedRaftLogWorker.java:startLogSegment(394)) - 7badb8be-700e-4b6f-aeeb-f12993943ca1@group-5481500B10C5-SegmentedRaftLogWorker: Starting segment from index:0
2021-08-10 11:26:22,629 [7badb8be-700e-4b6f-aeeb-f12993943ca1@group-5481500B10C5-SegmentedRaftLogWorker] INFO  segmented.SegmentedRaftLogWorker (SegmentedRaftLogWorker.java:execute(601)) - 7badb8be-700e-4b6f-aeeb-f12993943ca1@group-5481500B10C5-SegmentedRaftLogWorker: created new log segment /home/runner/work/ozone/ozone/hadoop-ozone/integration-test/target/test-dir/MiniOzoneClusterImpl-186fefdd-2a8f-4691-bed1-86a244a8ddcd/datanode-2/data/ratis/dcc8b3ca-5dd5-485d-81b9-5481500b10c5/current/log_inprogress_0
2021-08-10 11:26:22,643 [7badb8be-700e-4b6f-aeeb-f12993943ca1@group-5481500B10C5-LeaderElection37] INFO  server.RaftServer$Division (ServerState.java:setRaftConf(387)) - 7badb8be-700e-4b6f-aeeb-f12993943ca1@group-5481500B10C5: set configuration 0: [7badb8be-700e-4b6f-aeeb-f12993943ca1|rpc:10.1.0.32:33315|dataStream:|priority:1], old=null
2021-08-10 11:26:24,159 [Listener at 127.0.0.1/42373] ERROR ratis.XceiverServerRatis (XceiverServerRatis.java:triggerPipelineClose(672)) - pipeline Action CLOSE on pipeline PipelineID=4266e20e-f890-416b-9821-177d03a42d3f.Reason : Unspecified failure reported in Ratis log
2021-08-10 11:26:24,243 [EventQueue-PipelineActionsForPipelineActionHandler] INFO  pipeline.PipelineActionHandler (PipelineActionHandler.java:processPipelineAction(82)) - Received pipeline action CLOSE for PipelineID=4266e20e-f890-416b-9821-177d03a42d3f from datanode 339f746c-e925-490d-95d5-f42b6c2ebdb1. Reason : Unspecified failure reported in Ratis log
2021-08-10 11:26:24,245 [EventQueue-PipelineActionsForPipelineActionHandler] INFO  pipeline.PipelineManagerImpl (PipelineManagerImpl.java:closePipeline(343)) - Pipeline Pipeline[ Id: 4266e20e-f890-416b-9821-177d03a42d3f, Nodes: 339f746c-e925-490d-95d5-f42b6c2ebdb1{ip: 10.1.0.32, host: fv-az116-838.vzw04321ajxubdbcnpick5nqva.xx.internal.cloudapp.net, ports: [REPLICATION=38943, RATIS=44359, RATIS_ADMIN=44359, RATIS_SERVER=44359, STANDALONE=37693], networkLocation: /default-rack, certSerialId: null, persistedOpState: IN_SERVICE, persistedOpStateExpiryEpochSec: 0}4d94af01-e9ec-4925-937d-7224b820b8c4{ip: 10.1.0.32, host: fv-az116-838.vzw04321ajxubdbcnpick5nqva.xx.internal.cloudapp.net, ports: [REPLICATION=45033, RATIS=35013, RATIS_ADMIN=35013, RATIS_SERVER=35013, STANDALONE=37735], networkLocation: /default-rack, certSerialId: null, persistedOpState: IN_SERVICE, persistedOpStateExpiryEpochSec: 0}7badb8be-700e-4b6f-aeeb-f12993943ca1{ip: 10.1.0.32, host: fv-az116-838.vzw04321ajxubdbcnpick5nqva.xx.internal.cloudapp.net, ports: [REPLICATION=33303, RATIS=33315, RATIS_ADMIN=33315, RATIS_SERVER=33315, STANDALONE=39561], networkLocation: /default-rack, certSerialId: null, persistedOpState: IN_SERVICE, persistedOpStateExpiryEpochSec: 0}, ReplicationConfig: RATIS/THREE, State:OPEN, leaderId:4d94af01-e9ec-4925-937d-7224b820b8c4, CreationTimestamp2021-08-10T11:26:14.522Z[Etc/UTC]] moved to CLOSED state
2021-08-10 11:26:24,298 [EventQueue-PipelineActionsForPipelineActionHandler] INFO  pipeline.RatisPipelineProvider (RatisPipelineProvider.java:lambda$close$1(222)) - Send pipeline:PipelineID=4266e20e-f890-416b-9821-177d03a42d3f close command to datanode 339f746c-e925-490d-95d5-f42b6c2ebdb1
2021-08-10 11:26:24,298 [EventQueue-PipelineActionsForPipelineActionHandler] INFO  pipeline.RatisPipelineProvider (RatisPipelineProvider.java:lambda$close$1(222)) - Send pipeline:PipelineID=4266e20e-f890-416b-9821-177d03a42d3f close command to datanode 4d94af01-e9ec-4925-937d-7224b820b8c4
2021-08-10 11:26:24,298 [EventQueue-PipelineActionsForPipelineActionHandler] INFO  pipeline.RatisPipelineProvider (RatisPipelineProvider.java:lambda$close$1(222)) - Send pipeline:PipelineID=4266e20e-f890-416b-9821-177d03a42d3f close command to datanode 7badb8be-700e-4b6f-aeeb-f12993943ca1
2021-08-10 11:26:24,308 [EventQueue-PipelineActionsForPipelineActionHandler] INFO  pipeline.PipelineStateManager (PipelineStateManagerV2Impl.java:removePipeline(211)) - Pipeline Pipeline[ Id: 4266e20e-f890-416b-9821-177d03a42d3f, Nodes: 339f746c-e925-490d-95d5-f42b6c2ebdb1{ip: 10.1.0.32, host: fv-az116-838.vzw04321ajxubdbcnpick5nqva.xx.internal.cloudapp.net, ports: [REPLICATION=38943, RATIS=44359, RATIS_ADMIN=44359, RATIS_SERVER=44359, STANDALONE=37693], networkLocation: /default-rack, certSerialId: null, persistedOpState: IN_SERVICE, persistedOpStateExpiryEpochSec: 0}4d94af01-e9ec-4925-937d-7224b820b8c4{ip: 10.1.0.32, host: fv-az116-838.vzw04321ajxubdbcnpick5nqva.xx.internal.cloudapp.net, ports: [REPLICATION=45033, RATIS=35013, RATIS_ADMIN=35013, RATIS_SERVER=35013, STANDALONE=37735], networkLocation: /default-rack, certSerialId: null, persistedOpState: IN_SERVICE, persistedOpStateExpiryEpochSec: 0}7badb8be-700e-4b6f-aeeb-f12993943ca1{ip: 10.1.0.32, host: fv-az116-838.vzw04321ajxubdbcnpick5nqva.xx.internal.cloudapp.net, ports: [REPLICATION=33303, RATIS=33315, RATIS_ADMIN=33315, RATIS_SERVER=33315, STANDALONE=39561], networkLocation: /default-rack, certSerialId: null, persistedOpState: IN_SERVICE, persistedOpStateExpiryEpochSec: 0}, ReplicationConfig: RATIS/THREE, State:CLOSED, leaderId:4d94af01-e9ec-4925-937d-7224b820b8c4, CreationTimestamp2021-08-10T11:26:14.522Z[Etc/UTC]] removed.
2021-08-10 11:26:24,320 [EventQueue-CloseContainerForCloseContainerEventHandler] INFO  container.CloseContainerEventHandler (CloseContainerEventHandler.java:onMessage(69)) - Close container Event triggered for container : #1
2021-08-10 11:26:24,320 [EventQueue-CloseContainerForCloseContainerEventHandler] INFO  pipeline.PipelineStateManager (PipelineStateManagerV2Impl.java:removeContainerFromPipeline(237)) - Pipeline PipelineID=4266e20e-f890-416b-9821-177d03a42d3f is not found in the pipeline2ContainerMap. Pipeline may have been closed already.
2021-08-10 11:26:24,321 [EventQueue-CloseContainerForCloseContainerEventHandler] INFO  container.CloseContainerEventHandler (CloseContainerEventHandler.java:onMessage(69)) - Close container Event triggered for container : #2
2021-08-10 11:26:24,321 [EventQueue-CloseContainerForCloseContainerEventHandler] INFO  pipeline.PipelineStateManager (PipelineStateManagerV2Impl.java:removeContainerFromPipeline(237)) - Pipeline PipelineID=4266e20e-f890-416b-9821-177d03a42d3f is not found in the pipeline2ContainerMap. Pipeline may have been closed already.
2021-08-10 11:26:24,515 [Listener at 127.0.0.1/42373] INFO  ozone.MiniOzoneClusterImpl (MiniOzoneClusterImpl.java:shutdown(453)) - Shutting down the Mini Ozone Cluster
2021-08-10 11:26:24,515 [Listener at 127.0.0.1/42373] INFO  ozone.MiniOzoneClusterImpl (MiniOzoneClusterImpl.java:stop(468)) - Stopping the Mini Ozone Cluster
2021-08-10 11:26:24,515 [Listener at 127.0.0.1/42373] INFO  ozone.MiniOzoneClusterImpl (MiniOzoneClusterImpl.java:stopOM(550)) - Stopping the OzoneManager
2021-08-10 11:26:24,515 [Listener at 127.0.0.1/42373] INFO  om.OzoneManager (OzoneManager.java:stop(1632)) - Stopping Ozone Manager
2021-08-10 11:26:24,515 [Listener at 127.0.0.1/42373] INFO  ipc.Server (Server.java:stop(3414)) - Stopping server on 42373
2021-08-10 11:26:24,534 [IPC Server listener on 0] INFO  ipc.Server (Server.java:run(1376)) - Stopping IPC Server listener on 0
2021-08-10 11:26:24,535 [IPC Server Responder] INFO  ipc.Server (Server.java:run(1512)) - Stopping IPC Server Responder
2021-08-10 11:26:24,539 [Listener at 127.0.0.1/42373] INFO  server.RaftServer (RaftServerProxy.java:lambda$close$6(391)) - om1: close
2021-08-10 11:26:24,539 [Listener at 127.0.0.1/42373] INFO  server.RaftServer$Division (RaftServerImpl.java:lambda$close$4(407)) - om1@group-C5BA1605619E: shutdown
2021-08-10 11:26:24,540 [Listener at 127.0.0.1/42373] INFO  util.JmxRegister (JmxRegister.java:unregister(73)) - Successfully un-registered JMX Bean with object name Ratis:service=RaftServer,group=group-C5BA1605619E,id=om1
2021-08-10 11:26:24,540 [Listener at 127.0.0.1/42373] INFO  impl.RoleInfo (RoleInfo.java:shutdownLeaderState(91)) - om1: shutdown om1@group-C5BA1605619E-LeaderStateImpl
2021-08-10 11:26:24,540 [Listener at 127.0.0.1/42373] INFO  impl.PendingRequests (PendingRequests.java:sendNotLeaderResponses(249)) - om1@group-C5BA1605619E-PendingRequests: sendNotLeaderResponses
2021-08-10 11:26:24,544 [om1@group-C5BA1605619E-StateMachineUpdater] INFO  ratis.OzoneManagerStateMachine (OzoneManagerStateMachine.java:takeSnapshot(417)) - Current Snapshot Index (t:1, i:0)
2021-08-10 11:26:24,545 [om1@group-C5BA1605619E-StateMachineUpdater] INFO  impl.StateMachineUpdater (StateMachineUpdater.java:takeSnapshot(281)) - om1@group-C5BA1605619E-StateMachineUpdater: Took a snapshot at index 0
2021-08-10 11:26:24,545 [om1@group-C5BA1605619E-StateMachineUpdater] INFO  impl.StateMachineUpdater (StateMachineUpdater.java:lambda$new$0(89)) - om1@group-C5BA1605619E-StateMachineUpdater: snapshotIndex: updateIncreasingly -1 -> 0
2021-08-10 11:26:24,545 [om1@group-C5BA1605619E-StateMachineUpdater] INFO  ratis.OzoneManagerStateMachine (OzoneManagerStateMachine.java:close(471)) - StateMachine has shutdown. Shutdown OzoneManager if not already shutdown.
2021-08-10 11:26:24,546 [Listener at 127.0.0.1/42373] INFO  impl.StateMachineUpdater (StateMachineUpdater.java:stopAndJoin(149)) - om1@group-C5BA1605619E-StateMachineUpdater: set stopIndex = 0
2021-08-10 11:26:24,546 [Listener at 127.0.0.1/42373] INFO  server.RaftServer$Division (ServerState.java:close(419)) - om1@group-C5BA1605619E: closes. applyIndex: 0
2021-08-10 11:26:24,546 [om1@group-C5BA1605619E-SegmentedRaftLogWorker] INFO  segmented.SegmentedRaftLogWorker (SegmentedRaftLogWorker.java:run(327)) - om1@group-C5BA1605619E-SegmentedRaftLogWorker was interrupted, exiting. There are 0 tasks remaining in the queue.
2021-08-10 11:26:24,567 [Listener at 127.0.0.1/42373] INFO  segmented.SegmentedRaftLogWorker (SegmentedRaftLogWorker.java:close(237)) - om1@group-C5BA1605619E-SegmentedRaftLogWorker close()
2021-08-10 11:26:24,584 [Listener at 127.0.0.1/42373] INFO  server.GrpcService (GrpcService.java:closeImpl(262)) - om1: shutdown server with port 9872 now
2021-08-10 11:26:24,590 [Listener at 127.0.0.1/42373] INFO  server.GrpcService (GrpcService.java:closeImpl(271)) - om1: shutdown server with port 9872 successfully
2021-08-10 11:26:24,590 [org.apache.ratis.util.JvmPauseMonitor$$Lambda$531/1356735220@77fcd96f] INFO  util.JvmPauseMonitor (JvmPauseMonitor.java:run(109)) - JvmPauseMonitor-om1: Stopped
2021-08-10 11:26:24,591 [Listener at 127.0.0.1/42373] INFO  ratis.OzoneManagerDoubleBuffer (OzoneManagerDoubleBuffer.java:stop(437)) - Stopping OMDoubleBuffer flush thread
2021-08-10 11:26:24,591 [OMDoubleBufferFlushThread] INFO  ratis.OzoneManagerDoubleBuffer (OzoneManagerDoubleBuffer.java:flushTransactions(356)) - OMDoubleBuffer flush thread OMDoubleBufferFlushThread is interrupted and will exit. OMDoubleBufferFlushThread
2021-08-10 11:26:24,599 [Listener at 127.0.0.1/42373] INFO  utils.BackgroundService (BackgroundService.java:shutdown(132)) - Shutting down service KeyDeletingService
2021-08-10 11:26:24,631 [Listener at 127.0.0.1/42373] INFO  handler.ContextHandler (ContextHandler.java:doStop(1153)) - Stopped o.e.j.w.WebAppContext@75396e90{ozoneManager,/,null,STOPPED}{file:/home/runner/work/ozone/ozone/hadoop-ozone/integration-test/target/test-classes/webapps/ozoneManager}
2021-08-10 11:26:24,675 [Listener at 127.0.0.1/42373] INFO  server.AbstractConnector (AbstractConnector.java:doStop(381)) - Stopped ServerConnector@57973e5c{HTTP/1.1, (http/1.1)}{0.0.0.0:0}
2021-08-10 11:26:24,676 [Listener at 127.0.0.1/42373] INFO  server.session (HouseKeeper.java:stopScavenging(149)) - node0 Stopped scavenging
2021-08-10 11:26:24,676 [Listener at 127.0.0.1/42373] INFO  handler.ContextHandler (ContextHandler.java:doStop(1153)) - Stopped o.e.j.s.ServletContextHandler@68dc0e78{static,/static,file:///home/runner/work/ozone/ozone/hadoop-ozone/integration-test/target/test-classes/webapps/static,STOPPED}
2021-08-10 11:26:24,676 [Listener at 127.0.0.1/42373] INFO  handler.ContextHandler (ContextHandler.java:doStop(1153)) - Stopped o.e.j.s.ServletContextHandler@4d5f0b62{logs,/logs,file:///home/runner/work/ozone/ozone/hadoop-ozone/integration-test/target/log,STOPPED}
2021-08-10 11:26:24,684 [Listener at 127.0.0.1/42373] INFO  ozone.MiniOzoneClusterImpl (MiniOzoneClusterImpl.java:stopDatanodes(527)) - Stopping the HddsDatanodes
2021-08-10 11:26:25,107 [Datanode State Machine Thread - 0] INFO  statemachine.DatanodeStateMachine (DatanodeStateMachine.java:lambda$startDaemon$0(457)) - Ozone container server started.
2021-08-10 11:26:25,159 [Datanode State Machine Thread - 0] INFO  statemachine.DatanodeStateMachine (DatanodeStateMachine.java:lambda$startDaemon$0(457)) - Ozone container server started.
2021-08-10 11:26:26,628 [Command processor thread] INFO  server.RaftServer (RaftServerProxy.java:remove(106)) - 7badb8be-700e-4b6f-aeeb-f12993943ca1: remove  FOLLOWER 7badb8be-700e-4b6f-aeeb-f12993943ca1@group-177D03A42D3F:t1, leader=4d94af01-e9ec-4925-937d-7224b820b8c4, voted=4d94af01-e9ec-4925-937d-7224b820b8c4, raftlog=7badb8be-700e-4b6f-aeeb-f12993943ca1@group-177D03A42D3F-SegmentedRaftLog:OPENED:c0,f0,i0, conf=0: [339f746c-e925-490d-95d5-f42b6c2ebdb1|rpc:10.1.0.32:44359|dataStream:|priority:0, 4d94af01-e9ec-4925-937d-7224b820b8c4|rpc:10.1.0.32:35013|dataStream:|priority:1, 7badb8be-700e-4b6f-aeeb-f12993943ca1|rpc:10.1.0.32:33315|dataStream:|priority:0], old=null RUNNING
2021-08-10 11:26:26,628 [Command processor thread] INFO  server.RaftServer$Division (RaftServerImpl.java:lambda$close$4(407)) - 7badb8be-700e-4b6f-aeeb-f12993943ca1@group-177D03A42D3F: shutdown
2021-08-10 11:26:26,628 [Command processor thread] INFO  util.JmxRegister (JmxRegister.java:unregister(73)) - Successfully un-registered JMX Bean with object name Ratis:service=RaftServer,group=group-177D03A42D3F,id=7badb8be-700e-4b6f-aeeb-f12993943ca1
2021-08-10 11:26:26,628 [Command processor thread] INFO  impl.RoleInfo (RoleInfo.java:shutdownFollowerState(108)) - 7badb8be-700e-4b6f-aeeb-f12993943ca1: shutdown 7badb8be-700e-4b6f-aeeb-f12993943ca1@group-177D03A42D3F-FollowerState
2021-08-10 11:26:26,628 [Command processor thread] INFO  impl.StateMachineUpdater (StateMachineUpdater.java:stopAndJoin(149)) - 7badb8be-700e-4b6f-aeeb-f12993943ca1@group-177D03A42D3F-StateMachineUpdater: set stopIndex = 0
2021-08-10 11:26:26,629 [7badb8be-700e-4b6f-aeeb-f12993943ca1@group-177D03A42D3F-FollowerState] INFO  impl.FollowerState (FollowerState.java:run(143)) - 7badb8be-700e-4b6f-aeeb-f12993943ca1@group-177D03A42D3F-FollowerState was interrupted: {}
java.lang.InterruptedException: sleep interrupted
	at java.lang.Thread.sleep(Native Method)
	at java.lang.Thread.sleep(Thread.java:340)
	at java.util.concurrent.TimeUnit.sleep(TimeUnit.java:386)
	at org.apache.ratis.util.TimeDuration.sleep(TimeDuration.java:324)
	at org.apache.ratis.util.TimeDuration.sleep(TimeDuration.java:309)
	at org.apache.ratis.server.impl.FollowerState.run(FollowerState.java:118)
2021-08-10 11:26:26,630 [7badb8be-700e-4b6f-aeeb-f12993943ca1@group-177D03A42D3F-StateMachineUpdater] INFO  ratis.ContainerStateMachine (ContainerStateMachine.java:takeSnapshot(291)) - group-177D03A42D3F: Taking a snapshot at:(t:1, i:0) file /home/runner/work/ozone/ozone/hadoop-ozone/integration-test/target/test-dir/MiniOzoneClusterImpl-186fefdd-2a8f-4691-bed1-86a244a8ddcd/datanode-2/data/ratis/4266e20e-f890-416b-9821-177d03a42d3f/sm/snapshot.1_0
2021-08-10 11:26:26,631 [7badb8be-700e-4b6f-aeeb-f12993943ca1@group-177D03A42D3F-StateMachineUpdater] INFO  ratis.ContainerStateMachine (ContainerStateMachine.java:takeSnapshot(302)) - group-177D03A42D3F: Finished taking a snapshot at:(t:1, i:0) file:/home/runner/work/ozone/ozone/hadoop-ozone/integration-test/target/test-dir/MiniOzoneClusterImpl-186fefdd-2a8f-4691-bed1-86a244a8ddcd/datanode-2/data/ratis/4266e20e-f890-416b-9821-177d03a42d3f/sm/snapshot.1_0 took: 1 ms
2021-08-10 11:26:26,641 [7badb8be-700e-4b6f-aeeb-f12993943ca1@group-177D03A42D3F-StateMachineUpdater] INFO  impl.StateMachineUpdater (StateMachineUpdater.java:takeSnapshot(281)) - 7badb8be-700e-4b6f-aeeb-f12993943ca1@group-177D03A42D3F-StateMachineUpdater: Took a snapshot at index 0
2021-08-10 11:26:26,641 [7badb8be-700e-4b6f-aeeb-f12993943ca1@group-177D03A42D3F-StateMachineUpdater] INFO  impl.StateMachineUpdater (StateMachineUpdater.java:lambda$new$0(89)) - 7badb8be-700e-4b6f-aeeb-f12993943ca1@group-177D03A42D3F-StateMachineUpdater: snapshotIndex: updateIncreasingly -1 -> 0
2021-08-10 11:26:26,647 [Command processor thread] INFO  server.RaftServer$Division (ServerState.java:close(419)) - 7badb8be-700e-4b6f-aeeb-f12993943ca1@group-177D03A42D3F: closes. applyIndex: 0
2021-08-10 11:26:26,648 [7badb8be-700e-4b6f-aeeb-f12993943ca1@group-177D03A42D3F-SegmentedRaftLogWorker] INFO  segmented.SegmentedRaftLogWorker (SegmentedRaftLogWorker.java:run(327)) - 7badb8be-700e-4b6f-aeeb-f12993943ca1@group-177D03A42D3F-SegmentedRaftLogWorker was interrupted, exiting. There are 0 tasks remaining in the queue.
2021-08-10 11:26:26,679 [Command processor thread] INFO  segmented.SegmentedRaftLogWorker (SegmentedRaftLogWorker.java:close(237)) - 7badb8be-700e-4b6f-aeeb-f12993943ca1@group-177D03A42D3F-SegmentedRaftLogWorker close()
2021-08-10 11:26:26,683 [Command processor thread] INFO  server.RaftServer$Division (RaftServerImpl.java:groupRemove(377)) - 7badb8be-700e-4b6f-aeeb-f12993943ca1@group-177D03A42D3F: Succeed to remove RaftStorageDirectory Storage Directory /home/runner/work/ozone/ozone/hadoop-ozone/integration-test/target/test-dir/MiniOzoneClusterImpl-186fefdd-2a8f-4691-bed1-86a244a8ddcd/datanode-2/data/ratis/4266e20e-f890-416b-9821-177d03a42d3f
2021-08-10 11:26:26,684 [Command processor thread] INFO  commandhandler.ClosePipelineCommandHandler (ClosePipelineCommandHandler.java:handle(75)) - Close Pipeline PipelineID=4266e20e-f890-416b-9821-177d03a42d3f command on datanode 7badb8be-700e-4b6f-aeeb-f12993943ca1.
2021-08-10 11:26:27,462 [7badb8be-700e-4b6f-aeeb-f12993943ca1@group-E28B04F22A7A-FollowerState] INFO  impl.FollowerState (FollowerState.java:run(134)) - 7badb8be-700e-4b6f-aeeb-f12993943ca1@group-E28B04F22A7A-FollowerState: change to CANDIDATE, lastRpcElapsedTime:5006525937ns, electionTimeout:5001ms
2021-08-10 11:26:27,463 [7badb8be-700e-4b6f-aeeb-f12993943ca1@group-E28B04F22A7A-FollowerState] INFO  impl.RoleInfo (RoleInfo.java:shutdownFollowerState(108)) - 7badb8be-700e-4b6f-aeeb-f12993943ca1: shutdown 7badb8be-700e-4b6f-aeeb-f12993943ca1@group-E28B04F22A7A-FollowerState
2021-08-10 11:26:27,464 [7badb8be-700e-4b6f-aeeb-f12993943ca1@group-E28B04F22A7A-FollowerState] INFO  server.RaftServer$Division (RaftServerImpl.java:setRole(285)) - 7badb8be-700e-4b6f-aeeb-f12993943ca1@group-E28B04F22A7A: changes role from  FOLLOWER to CANDIDATE at term 1 for changeToCandidate
2021-08-10 11:26:27,464 [7badb8be-700e-4b6f-aeeb-f12993943ca1@group-E28B04F22A7A-FollowerState] INFO  server.RaftServerConfigKeys (ConfUtils.java:logGet(44)) - raft.server.leaderelection.pre-vote = false (custom)
2021-08-10 11:26:27,464 [7badb8be-700e-4b6f-aeeb-f12993943ca1@group-E28B04F22A7A-FollowerState] INFO  impl.RoleInfo (RoleInfo.java:updateAndGet(130)) - 7badb8be-700e-4b6f-aeeb-f12993943ca1: start 7badb8be-700e-4b6f-aeeb-f12993943ca1@group-E28B04F22A7A-LeaderElection38
2021-08-10 11:26:27,492 [4d94af01-e9ec-4925-937d-7224b820b8c4@group-E28B04F22A7A-FollowerState] INFO  impl.FollowerState (FollowerState.java:run(134)) - 4d94af01-e9ec-4925-937d-7224b820b8c4@group-E28B04F22A7A-FollowerState: change to CANDIDATE, lastRpcElapsedTime:5031506678ns, electionTimeout:5013ms
2021-08-10 11:26:27,492 [4d94af01-e9ec-4925-937d-7224b820b8c4@group-E28B04F22A7A-FollowerState] INFO  impl.RoleInfo (RoleInfo.java:shutdownFollowerState(108)) - 4d94af01-e9ec-4925-937d-7224b820b8c4: shutdown 4d94af01-e9ec-4925-937d-7224b820b8c4@group-E28B04F22A7A-FollowerState
2021-08-10 11:26:27,492 [4d94af01-e9ec-4925-937d-7224b820b8c4@group-E28B04F22A7A-FollowerState] INFO  server.RaftServer$Division (RaftServerImpl.java:setRole(285)) - 4d94af01-e9ec-4925-937d-7224b820b8c4@group-E28B04F22A7A: changes role from  FOLLOWER to CANDIDATE at term 1 for changeToCandidate
2021-08-10 11:26:27,493 [4d94af01-e9ec-4925-937d-7224b820b8c4@group-E28B04F22A7A-FollowerState] INFO  server.RaftServerConfigKeys (ConfUtils.java:logGet(44)) - raft.server.leaderelection.pre-vote = false (custom)
2021-08-10 11:26:27,493 [4d94af01-e9ec-4925-937d-7224b820b8c4@group-E28B04F22A7A-FollowerState] INFO  impl.RoleInfo (RoleInfo.java:updateAndGet(130)) - 4d94af01-e9ec-4925-937d-7224b820b8c4: start 4d94af01-e9ec-4925-937d-7224b820b8c4@group-E28B04F22A7A-LeaderElection39
2021-08-10 11:26:27,493 [339f746c-e925-490d-95d5-f42b6c2ebdb1@group-E28B04F22A7A-FollowerState] INFO  impl.FollowerState (FollowerState.java:run(134)) - 339f746c-e925-490d-95d5-f42b6c2ebdb1@group-E28B04F22A7A-FollowerState: change to CANDIDATE, lastRpcElapsedTime:5071366506ns, electionTimeout:5044ms
2021-08-10 11:26:27,493 [339f746c-e925-490d-95d5-f42b6c2ebdb1@group-E28B04F22A7A-FollowerState] INFO  impl.RoleInfo (RoleInfo.java:shutdownFollowerState(108)) - 339f746c-e925-490d-95d5-f42b6c2ebdb1: shutdown 339f746c-e925-490d-95d5-f42b6c2ebdb1@group-E28B04F22A7A-FollowerState
2021-08-10 11:26:27,493 [339f746c-e925-490d-95d5-f42b6c2ebdb1@group-E28B04F22A7A-FollowerState] INFO  server.RaftServer$Division (RaftServerImpl.java:setRole(285)) - 339f746c-e925-490d-95d5-f42b6c2ebdb1@group-E28B04F22A7A: changes role from  FOLLOWER to CANDIDATE at term 1 for changeToCandidate
2021-08-10 11:26:27,503 [7badb8be-700e-4b6f-aeeb-f12993943ca1@group-E28B04F22A7A-LeaderElection38] INFO  impl.LeaderElection (LeaderElection.java:askForVotes(306)) - 7badb8be-700e-4b6f-aeeb-f12993943ca1@group-E28B04F22A7A-LeaderElection38 ELECTION round 0: submit vote requests at term 2 for -1: [339f746c-e925-490d-95d5-f42b6c2ebdb1|rpc:10.1.0.32:44359|dataStream:|priority:0, 4d94af01-e9ec-4925-937d-7224b820b8c4|rpc:10.1.0.32:35013|dataStream:|priority:0, 7badb8be-700e-4b6f-aeeb-f12993943ca1|rpc:10.1.0.32:33315|dataStream:|priority:1], old=null
2021-08-10 11:26:27,507 [339f746c-e925-490d-95d5-f42b6c2ebdb1@group-E28B04F22A7A-FollowerState] INFO  server.RaftServerConfigKeys (ConfUtils.java:logGet(44)) - raft.server.leaderelection.pre-vote = false (custom)
2021-08-10 11:26:27,507 [339f746c-e925-490d-95d5-f42b6c2ebdb1@group-E28B04F22A7A-FollowerState] INFO  impl.RoleInfo (RoleInfo.java:updateAndGet(130)) - 339f746c-e925-490d-95d5-f42b6c2ebdb1: start 339f746c-e925-490d-95d5-f42b6c2ebdb1@group-E28B04F22A7A-LeaderElection40
2021-08-10 11:26:27,535 [4d94af01-e9ec-4925-937d-7224b820b8c4@group-E28B04F22A7A-LeaderElection39] INFO  impl.LeaderElection (LeaderElection.java:askForVotes(306)) - 4d94af01-e9ec-4925-937d-7224b820b8c4@group-E28B04F22A7A-LeaderElection39 ELECTION round 0: submit vote requests at term 2 for -1: [339f746c-e925-490d-95d5-f42b6c2ebdb1|rpc:10.1.0.32:44359|priority:0, 4d94af01-e9ec-4925-937d-7224b820b8c4|rpc:10.1.0.32:35013|priority:0, 7badb8be-700e-4b6f-aeeb-f12993943ca1|rpc:10.1.0.32:33315|priority:1], old=null
2021-08-10 11:26:27,553 [339f746c-e925-490d-95d5-f42b6c2ebdb1@group-E28B04F22A7A-LeaderElection40] INFO  impl.LeaderElection (LeaderElection.java:askForVotes(306)) - 339f746c-e925-490d-95d5-f42b6c2ebdb1@group-E28B04F22A7A-LeaderElection40 ELECTION round 0: submit vote requests at term 2 for -1: [339f746c-e925-490d-95d5-f42b6c2ebdb1|rpc:10.1.0.32:44359|priority:0, 4d94af01-e9ec-4925-937d-7224b820b8c4|rpc:10.1.0.32:35013|priority:0, 7badb8be-700e-4b6f-aeeb-f12993943ca1|rpc:10.1.0.32:33315|priority:1], old=null
2021-08-10 11:26:27,578 [grpc-default-executor-1] INFO  server.RaftServer$Division (RaftServerImpl.java:requestVote(1043)) - 339f746c-e925-490d-95d5-f42b6c2ebdb1@group-E28B04F22A7A: receive requestVote(ELECTION, 7badb8be-700e-4b6f-aeeb-f12993943ca1, group-E28B04F22A7A, 2, (t:0, i:0))
2021-08-10 11:26:27,579 [grpc-default-executor-1] INFO  impl.VoteContext (VoteContext.java:log(48)) - 339f746c-e925-490d-95d5-f42b6c2ebdb1@group-E28B04F22A7A-CANDIDATE: reject ELECTION from 7badb8be-700e-4b6f-aeeb-f12993943ca1: already has voted for 339f746c-e925-490d-95d5-f42b6c2ebdb1 at current term 2
2021-08-10 11:26:27,579 [grpc-default-executor-1] INFO  server.RaftServer$Division (RaftServerImpl.java:requestVote(1075)) - 339f746c-e925-490d-95d5-f42b6c2ebdb1@group-E28B04F22A7A replies to ELECTION vote request: 7badb8be-700e-4b6f-aeeb-f12993943ca1<-339f746c-e925-490d-95d5-f42b6c2ebdb1#0:FAIL-t2. Peer's state: 339f746c-e925-490d-95d5-f42b6c2ebdb1@group-E28B04F22A7A:t2, leader=null, voted=339f746c-e925-490d-95d5-f42b6c2ebdb1, raftlog=339f746c-e925-490d-95d5-f42b6c2ebdb1@group-E28B04F22A7A-SegmentedRaftLog:OPENED:c-1,f-1,i0, conf=-1: [339f746c-e925-490d-95d5-f42b6c2ebdb1|rpc:10.1.0.32:44359|priority:0, 4d94af01-e9ec-4925-937d-7224b820b8c4|rpc:10.1.0.32:35013|priority:0, 7badb8be-700e-4b6f-aeeb-f12993943ca1|rpc:10.1.0.32:33315|priority:1], old=null
2021-08-10 11:26:27,579 [grpc-default-executor-2] INFO  server.RaftServer$Division (RaftServerImpl.java:requestVote(1043)) - 4d94af01-e9ec-4925-937d-7224b820b8c4@group-E28B04F22A7A: receive requestVote(ELECTION, 7badb8be-700e-4b6f-aeeb-f12993943ca1, group-E28B04F22A7A, 2, (t:0, i:0))
2021-08-10 11:26:27,580 [grpc-default-executor-2] INFO  impl.VoteContext (VoteContext.java:log(48)) - 4d94af01-e9ec-4925-937d-7224b820b8c4@group-E28B04F22A7A-CANDIDATE: reject ELECTION from 7badb8be-700e-4b6f-aeeb-f12993943ca1: already has voted for 4d94af01-e9ec-4925-937d-7224b820b8c4 at current term 2
2021-08-10 11:26:27,580 [grpc-default-executor-2] INFO  server.RaftServer$Division (RaftServerImpl.java:requestVote(1075)) - 4d94af01-e9ec-4925-937d-7224b820b8c4@group-E28B04F22A7A replies to ELECTION vote request: 7badb8be-700e-4b6f-aeeb-f12993943ca1<-4d94af01-e9ec-4925-937d-7224b820b8c4#0:FAIL-t2. Peer's state: 4d94af01-e9ec-4925-937d-7224b820b8c4@group-E28B04F22A7A:t2, leader=null, voted=4d94af01-e9ec-4925-937d-7224b820b8c4, raftlog=4d94af01-e9ec-4925-937d-7224b820b8c4@group-E28B04F22A7A-SegmentedRaftLog:OPENED:c-1,f-1,i0, conf=-1: [339f746c-e925-490d-95d5-f42b6c2ebdb1|rpc:10.1.0.32:44359|priority:0, 4d94af01-e9ec-4925-937d-7224b820b8c4|rpc:10.1.0.32:35013|priority:0, 7badb8be-700e-4b6f-aeeb-f12993943ca1|rpc:10.1.0.32:33315|priority:1], old=null
2021-08-10 11:26:27,580 [grpc-default-executor-0] INFO  server.RaftServer$Division (RaftServerImpl.java:requestVote(1043)) - 339f746c-e925-490d-95d5-f42b6c2ebdb1@group-E28B04F22A7A: receive requestVote(ELECTION, 4d94af01-e9ec-4925-937d-7224b820b8c4, group-E28B04F22A7A, 2, (t:0, i:0))
2021-08-10 11:26:27,580 [grpc-default-executor-0] INFO  impl.VoteContext (VoteContext.java:log(48)) - 339f746c-e925-490d-95d5-f42b6c2ebdb1@group-E28B04F22A7A-CANDIDATE: reject ELECTION from 4d94af01-e9ec-4925-937d-7224b820b8c4: already has voted for 339f746c-e925-490d-95d5-f42b6c2ebdb1 at current term 2
2021-08-10 11:26:27,581 [grpc-default-executor-0] INFO  server.RaftServer$Division (RaftServerImpl.java:requestVote(1075)) - 339f746c-e925-490d-95d5-f42b6c2ebdb1@group-E28B04F22A7A replies to ELECTION vote request: 4d94af01-e9ec-4925-937d-7224b820b8c4<-339f746c-e925-490d-95d5-f42b6c2ebdb1#0:FAIL-t2. Peer's state: 339f746c-e925-490d-95d5-f42b6c2ebdb1@group-E28B04F22A7A:t2, leader=null, voted=339f746c-e925-490d-95d5-f42b6c2ebdb1, raftlog=339f746c-e925-490d-95d5-f42b6c2ebdb1@group-E28B04F22A7A-SegmentedRaftLog:OPENED:c-1,f-1,i0, conf=-1: [339f746c-e925-490d-95d5-f42b6c2ebdb1|rpc:10.1.0.32:44359|priority:0, 4d94af01-e9ec-4925-937d-7224b820b8c4|rpc:10.1.0.32:35013|priority:0, 7badb8be-700e-4b6f-aeeb-f12993943ca1|rpc:10.1.0.32:33315|priority:1], old=null
2021-08-10 11:26:27,587 [7badb8be-700e-4b6f-aeeb-f12993943ca1@group-E28B04F22A7A-LeaderElection38] INFO  impl.LeaderElection (LeaderElection.java:logAndReturn(89)) - 7badb8be-700e-4b6f-aeeb-f12993943ca1@group-E28B04F22A7A-LeaderElection38: ELECTION REJECTED received 2 response(s) and 0 exception(s):
2021-08-10 11:26:27,587 [7badb8be-700e-4b6f-aeeb-f12993943ca1@group-E28B04F22A7A-LeaderElection38] INFO  impl.LeaderElection (LeaderElection.java:logAndReturn(93)) -   Response 0: 7badb8be-700e-4b6f-aeeb-f12993943ca1<-339f746c-e925-490d-95d5-f42b6c2ebdb1#0:FAIL-t2
2021-08-10 11:26:27,587 [7badb8be-700e-4b6f-aeeb-f12993943ca1@group-E28B04F22A7A-LeaderElection38] INFO  impl.LeaderElection (LeaderElection.java:logAndReturn(93)) -   Response 1: 7badb8be-700e-4b6f-aeeb-f12993943ca1<-4d94af01-e9ec-4925-937d-7224b820b8c4#0:FAIL-t2
2021-08-10 11:26:27,587 [7badb8be-700e-4b6f-aeeb-f12993943ca1@group-E28B04F22A7A-LeaderElection38] INFO  impl.LeaderElection (LeaderElection.java:askForVotes(308)) - 7badb8be-700e-4b6f-aeeb-f12993943ca1@group-E28B04F22A7A-LeaderElection38 ELECTION round 0: result REJECTED
2021-08-10 11:26:27,587 [7badb8be-700e-4b6f-aeeb-f12993943ca1@group-E28B04F22A7A-LeaderElection38] INFO  server.RaftServer$Division (RaftServerImpl.java:setRole(285)) - 7badb8be-700e-4b6f-aeeb-f12993943ca1@group-E28B04F22A7A: changes role from CANDIDATE to FOLLOWER at term 2 for REJECTED
2021-08-10 11:26:27,587 [7badb8be-700e-4b6f-aeeb-f12993943ca1@group-E28B04F22A7A-LeaderElection38] INFO  impl.RoleInfo (RoleInfo.java:shutdownLeaderElection(121)) - 7badb8be-700e-4b6f-aeeb-f12993943ca1: shutdown 7badb8be-700e-4b6f-aeeb-f12993943ca1@group-E28B04F22A7A-LeaderElection38
2021-08-10 11:26:27,587 [7badb8be-700e-4b6f-aeeb-f12993943ca1@group-E28B04F22A7A-LeaderElection38] INFO  impl.RoleInfo (RoleInfo.java:updateAndGet(130)) - 7badb8be-700e-4b6f-aeeb-f12993943ca1: start 7badb8be-700e-4b6f-aeeb-f12993943ca1@group-E28B04F22A7A-FollowerState
2021-08-10 11:26:27,674 [grpc-default-executor-0] INFO  server.RaftServer$Division (RaftServerImpl.java:requestVote(1043)) - 4d94af01-e9ec-4925-937d-7224b820b8c4@group-E28B04F22A7A: receive requestVote(ELECTION, 339f746c-e925-490d-95d5-f42b6c2ebdb1, group-E28B04F22A7A, 2, (t:0, i:0))
2021-08-10 11:26:27,675 [grpc-default-executor-0] INFO  impl.VoteContext (VoteContext.java:log(48)) - 4d94af01-e9ec-4925-937d-7224b820b8c4@group-E28B04F22A7A-CANDIDATE: reject ELECTION from 339f746c-e925-490d-95d5-f42b6c2ebdb1: already has voted for 4d94af01-e9ec-4925-937d-7224b820b8c4 at current term 2
2021-08-10 11:26:27,675 [grpc-default-executor-1] INFO  server.RaftServer$Division (RaftServerImpl.java:requestVote(1043)) - 7badb8be-700e-4b6f-aeeb-f12993943ca1@group-E28B04F22A7A: receive requestVote(ELECTION, 4d94af01-e9ec-4925-937d-7224b820b8c4, group-E28B04F22A7A, 2, (t:0, i:0))
2021-08-10 11:26:27,675 [grpc-default-executor-0] INFO  server.RaftServer$Division (RaftServerImpl.java:requestVote(1075)) - 4d94af01-e9ec-4925-937d-7224b820b8c4@group-E28B04F22A7A replies to ELECTION vote request: 339f746c-e925-490d-95d5-f42b6c2ebdb1<-4d94af01-e9ec-4925-937d-7224b820b8c4#0:FAIL-t2. Peer's state: 4d94af01-e9ec-4925-937d-7224b820b8c4@group-E28B04F22A7A:t2, leader=null, voted=4d94af01-e9ec-4925-937d-7224b820b8c4, raftlog=4d94af01-e9ec-4925-937d-7224b820b8c4@group-E28B04F22A7A-SegmentedRaftLog:OPENED:c-1,f-1,i0, conf=-1: [339f746c-e925-490d-95d5-f42b6c2ebdb1|rpc:10.1.0.32:44359|priority:0, 4d94af01-e9ec-4925-937d-7224b820b8c4|rpc:10.1.0.32:35013|priority:0, 7badb8be-700e-4b6f-aeeb-f12993943ca1|rpc:10.1.0.32:33315|priority:1], old=null
2021-08-10 11:26:27,676 [grpc-default-executor-2] INFO  server.RaftServer$Division (RaftServerImpl.java:requestVote(1043)) - 7badb8be-700e-4b6f-aeeb-f12993943ca1@group-E28B04F22A7A: receive requestVote(ELECTION, 339f746c-e925-490d-95d5-f42b6c2ebdb1, group-E28B04F22A7A, 2, (t:0, i:0))
2021-08-10 11:26:27,675 [grpc-default-executor-1] INFO  impl.VoteContext (VoteContext.java:log(48)) - 7badb8be-700e-4b6f-aeeb-f12993943ca1@group-E28B04F22A7A-FOLLOWER: reject ELECTION from 4d94af01-e9ec-4925-937d-7224b820b8c4: already has voted for 7badb8be-700e-4b6f-aeeb-f12993943ca1 at current term 2
2021-08-10 11:26:27,676 [grpc-default-executor-1] INFO  server.RaftServer$Division (RaftServerImpl.java:requestVote(1075)) - 7badb8be-700e-4b6f-aeeb-f12993943ca1@group-E28B04F22A7A replies to ELECTION vote request: 4d94af01-e9ec-4925-937d-7224b820b8c4<-7badb8be-700e-4b6f-aeeb-f12993943ca1#0:FAIL-t2. Peer's state: 7badb8be-700e-4b6f-aeeb-f12993943ca1@group-E28B04F22A7A:t2, leader=null, voted=7badb8be-700e-4b6f-aeeb-f12993943ca1, raftlog=7badb8be-700e-4b6f-aeeb-f12993943ca1@group-E28B04F22A7A-SegmentedRaftLog:OPENED:c-1,f-1,i0, conf=-1: [339f746c-e925-490d-95d5-f42b6c2ebdb1|rpc:10.1.0.32:44359|dataStream:|priority:0, 4d94af01-e9ec-4925-937d-7224b820b8c4|rpc:10.1.0.32:35013|dataStream:|priority:0, 7badb8be-700e-4b6f-aeeb-f12993943ca1|rpc:10.1.0.32:33315|dataStream:|priority:1], old=null
2021-08-10 11:26:27,678 [4d94af01-e9ec-4925-937d-7224b820b8c4@group-E28B04F22A7A-LeaderElection39] INFO  impl.LeaderElection (LeaderElection.java:logAndReturn(89)) - 4d94af01-e9ec-4925-937d-7224b820b8c4@group-E28B04F22A7A-LeaderElection39: ELECTION REJECTED received 2 response(s) and 0 exception(s):
2021-08-10 11:26:27,678 [4d94af01-e9ec-4925-937d-7224b820b8c4@group-E28B04F22A7A-LeaderElection39] INFO  impl.LeaderElection (LeaderElection.java:logAndReturn(93)) -   Response 0: 4d94af01-e9ec-4925-937d-7224b820b8c4<-339f746c-e925-490d-95d5-f42b6c2ebdb1#0:FAIL-t2
2021-08-10 11:26:27,678 [4d94af01-e9ec-4925-937d-7224b820b8c4@group-E28B04F22A7A-LeaderElection39] INFO  impl.LeaderElection (LeaderElection.java:logAndReturn(93)) -   Response 1: 4d94af01-e9ec-4925-937d-7224b820b8c4<-7badb8be-700e-4b6f-aeeb-f12993943ca1#0:FAIL-t2
2021-08-10 11:26:27,678 [4d94af01-e9ec-4925-937d-7224b820b8c4@group-E28B04F22A7A-LeaderElection39] INFO  impl.LeaderElection (LeaderElection.java:askForVotes(308)) - 4d94af01-e9ec-4925-937d-7224b820b8c4@group-E28B04F22A7A-LeaderElection39 ELECTION round 0: result REJECTED
2021-08-10 11:26:27,678 [4d94af01-e9ec-4925-937d-7224b820b8c4@group-E28B04F22A7A-LeaderElection39] INFO  server.RaftServer$Division (RaftServerImpl.java:setRole(285)) - 4d94af01-e9ec-4925-937d-7224b820b8c4@group-E28B04F22A7A: changes role from CANDIDATE to FOLLOWER at term 2 for REJECTED
2021-08-10 11:26:27,678 [4d94af01-e9ec-4925-937d-7224b820b8c4@group-E28B04F22A7A-LeaderElection39] INFO  impl.RoleInfo (RoleInfo.java:shutdownLeaderElection(121)) - 4d94af01-e9ec-4925-937d-7224b820b8c4: shutdown 4d94af01-e9ec-4925-937d-7224b820b8c4@group-E28B04F22A7A-LeaderElection39
2021-08-10 11:26:27,678 [4d94af01-e9ec-4925-937d-7224b820b8c4@group-E28B04F22A7A-LeaderElection39] INFO  impl.RoleInfo (RoleInfo.java:updateAndGet(130)) - 4d94af01-e9ec-4925-937d-7224b820b8c4: start 4d94af01-e9ec-4925-937d-7224b820b8c4@group-E28B04F22A7A-FollowerState
2021-08-10 11:26:27,678 [grpc-default-executor-2] INFO  impl.VoteContext (VoteContext.java:log(48)) - 7badb8be-700e-4b6f-aeeb-f12993943ca1@group-E28B04F22A7A-FOLLOWER: reject ELECTION from 339f746c-e925-490d-95d5-f42b6c2ebdb1: already has voted for 7badb8be-700e-4b6f-aeeb-f12993943ca1 at current term 2
2021-08-10 11:26:27,679 [grpc-default-executor-2] INFO  server.RaftServer$Division (RaftServerImpl.java:requestVote(1075)) - 7badb8be-700e-4b6f-aeeb-f12993943ca1@group-E28B04F22A7A replies to ELECTION vote request: 339f746c-e925-490d-95d5-f42b6c2ebdb1<-7badb8be-700e-4b6f-aeeb-f12993943ca1#0:FAIL-t2. Peer's state: 7badb8be-700e-4b6f-aeeb-f12993943ca1@group-E28B04F22A7A:t2, leader=null, voted=7badb8be-700e-4b6f-aeeb-f12993943ca1, raftlog=7badb8be-700e-4b6f-aeeb-f12993943ca1@group-E28B04F22A7A-SegmentedRaftLog:OPENED:c-1,f-1,i0, conf=-1: [339f746c-e925-490d-95d5-f42b6c2ebdb1|rpc:10.1.0.32:44359|dataStream:|priority:0, 4d94af01-e9ec-4925-937d-7224b820b8c4|rpc:10.1.0.32:35013|dataStream:|priority:0, 7badb8be-700e-4b6f-aeeb-f12993943ca1|rpc:10.1.0.32:33315|dataStream:|priority:1], old=null
2021-08-10 11:26:27,703 [339f746c-e925-490d-95d5-f42b6c2ebdb1@group-E28B04F22A7A-LeaderElection40] INFO  impl.LeaderElection (LeaderElection.java:logAndReturn(89)) - 339f746c-e925-490d-95d5-f42b6c2ebdb1@group-E28B04F22A7A-LeaderElection40: ELECTION REJECTED received 2 response(s) and 0 exception(s):
2021-08-10 11:26:27,703 [339f746c-e925-490d-95d5-f42b6c2ebdb1@group-E28B04F22A7A-LeaderElection40] INFO  impl.LeaderElection (LeaderElection.java:logAndReturn(93)) -   Response 0: 339f746c-e925-490d-95d5-f42b6c2ebdb1<-4d94af01-e9ec-4925-937d-7224b820b8c4#0:FAIL-t2
2021-08-10 11:26:27,704 [339f746c-e925-490d-95d5-f42b6c2ebdb1@group-E28B04F22A7A-LeaderElection40] INFO  impl.LeaderElection (LeaderElection.java:logAndReturn(93)) -   Response 1: 339f746c-e925-490d-95d5-f42b6c2ebdb1<-7badb8be-700e-4b6f-aeeb-f12993943ca1#0:FAIL-t2
2021-08-10 11:26:27,704 [339f746c-e925-490d-95d5-f42b6c2ebdb1@group-E28B04F22A7A-LeaderElection40] INFO  impl.LeaderElection (LeaderElection.java:askForVotes(308)) - 339f746c-e925-490d-95d5-f42b6c2ebdb1@group-E28B04F22A7A-LeaderElection40 ELECTION round 0: result REJECTED
2021-08-10 11:26:27,704 [339f746c-e925-490d-95d5-f42b6c2ebdb1@group-E28B04F22A7A-LeaderElection40] INFO  server.RaftServer$Division (RaftServerImpl.java:setRole(285)) - 339f746c-e925-490d-95d5-f42b6c2ebdb1@group-E28B04F22A7A: changes role from CANDIDATE to FOLLOWER at term 2 for REJECTED
2021-08-10 11:26:27,704 [339f746c-e925-490d-95d5-f42b6c2ebdb1@group-E28B04F22A7A-LeaderElection40] INFO  impl.RoleInfo (RoleInfo.java:shutdownLeaderElection(121)) - 339f746c-e925-490d-95d5-f42b6c2ebdb1: shutdown 339f746c-e925-490d-95d5-f42b6c2ebdb1@group-E28B04F22A7A-LeaderElection40
2021-08-10 11:26:27,704 [339f746c-e925-490d-95d5-f42b6c2ebdb1@group-E28B04F22A7A-LeaderElection40] INFO  impl.RoleInfo (RoleInfo.java:updateAndGet(130)) - 339f746c-e925-490d-95d5-f42b6c2ebdb1: start 339f746c-e925-490d-95d5-f42b6c2ebdb1@group-E28B04F22A7A-FollowerState
2021-08-10 11:26:29,691 [Listener at 127.0.0.1/42373] INFO  ozoneimpl.OzoneContainer (OzoneContainer.java:stop(326)) - Attempting to stop container services.
2021-08-10 11:26:29,693 [ForkJoinPool.commonPool-worker-1] INFO  ozoneimpl.OzoneContainer (OzoneContainer.java:stop(326)) - Attempting to stop container services.
2021-08-10 11:26:29,694 [ForkJoinPool.commonPool-worker-1] INFO  server.RaftServer (RaftServerProxy.java:lambda$close$6(391)) - 4d94af01-e9ec-4925-937d-7224b820b8c4: close
2021-08-10 11:26:29,694 [ForkJoinPool.commonPool-worker-1] INFO  server.RaftServer$Division (RaftServerImpl.java:lambda$close$4(407)) - 4d94af01-e9ec-4925-937d-7224b820b8c4@group-177D03A42D3F: shutdown
2021-08-10 11:26:29,694 [ForkJoinPool.commonPool-worker-1] INFO  util.JmxRegister (JmxRegister.java:unregister(73)) - Successfully un-registered JMX Bean with object name Ratis:service=RaftServer,group=group-177D03A42D3F,id=4d94af01-e9ec-4925-937d-7224b820b8c4
2021-08-10 11:26:29,694 [ForkJoinPool.commonPool-worker-1] INFO  impl.RoleInfo (RoleInfo.java:shutdownLeaderState(91)) - 4d94af01-e9ec-4925-937d-7224b820b8c4: shutdown 4d94af01-e9ec-4925-937d-7224b820b8c4@group-177D03A42D3F-LeaderStateImpl
2021-08-10 11:26:29,695 [4d94af01-e9ec-4925-937d-7224b820b8c4@group-177D03A42D3F->339f746c-e925-490d-95d5-f42b6c2ebdb1-GrpcLogAppender-LogAppenderDaemon] WARN  server.GrpcLogAppender (GrpcLogAppender.java:mayWait(175)) - 4d94af01-e9ec-4925-937d-7224b820b8c4@group-177D03A42D3F->339f746c-e925-490d-95d5-f42b6c2ebdb1-GrpcLogAppender: Wait interrupted by java.lang.InterruptedException
2021-08-10 11:26:29,695 [ForkJoinPool.commonPool-worker-1] INFO  impl.PendingRequests (PendingRequests.java:sendNotLeaderResponses(249)) - 4d94af01-e9ec-4925-937d-7224b820b8c4@group-177D03A42D3F-PendingRequests: sendNotLeaderResponses
2021-08-10 11:26:29,696 [grpc-default-executor-2] INFO  server.GrpcServerProtocolService (GrpcServerProtocolService.java:onCompleted(140)) - 339f746c-e925-490d-95d5-f42b6c2ebdb1: Completed APPEND_ENTRIES, lastRequest: 4d94af01-e9ec-4925-937d-7224b820b8c4->339f746c-e925-490d-95d5-f42b6c2ebdb1#1-t1,previous=(t:0, i:0),leaderCommit=0,initializing? true,entries: size=1, first=(t:1, i:0), CONFIGURATIONENTRY
2021-08-10 11:26:29,697 [4d94af01-e9ec-4925-937d-7224b820b8c4@group-177D03A42D3F->7badb8be-700e-4b6f-aeeb-f12993943ca1-GrpcLogAppender-LogAppenderDaemon] WARN  server.GrpcLogAppender (GrpcLogAppender.java:mayWait(175)) - 4d94af01-e9ec-4925-937d-7224b820b8c4@group-177D03A42D3F->7badb8be-700e-4b6f-aeeb-f12993943ca1-GrpcLogAppender: Wait interrupted by java.lang.InterruptedException
2021-08-10 11:26:29,698 [grpc-default-executor-0] INFO  server.GrpcLogAppender (GrpcLogAppender.java:onCompleted(344)) - 4d94af01-e9ec-4925-937d-7224b820b8c4@group-177D03A42D3F->339f746c-e925-490d-95d5-f42b6c2ebdb1-AppendLogResponseHandler: follower responses appendEntries COMPLETED
2021-08-10 11:26:29,698 [grpc-default-executor-0] INFO  leader.FollowerInfo (FollowerInfoImpl.java:lambda$new$0(46)) - 4d94af01-e9ec-4925-937d-7224b820b8c4@group-177D03A42D3F->339f746c-e925-490d-95d5-f42b6c2ebdb1: nextIndex: updateUnconditionally 1 -> 0
2021-08-10 11:26:29,698 [grpc-default-executor-1] INFO  server.GrpcServerProtocolService (GrpcServerProtocolService.java:onCompleted(140)) - 7badb8be-700e-4b6f-aeeb-f12993943ca1: Completed APPEND_ENTRIES, lastRequest: 4d94af01-e9ec-4925-937d-7224b820b8c4->7badb8be-700e-4b6f-aeeb-f12993943ca1#1-t1,previous=(t:0, i:0),leaderCommit=0,initializing? true,entries: size=1, first=(t:1, i:0), CONFIGURATIONENTRY
2021-08-10 11:26:29,699 [Listener at 127.0.0.1/42373] INFO  server.RaftServer (RaftServerProxy.java:lambda$close$6(391)) - 339f746c-e925-490d-95d5-f42b6c2ebdb1: close
2021-08-10 11:26:29,699 [Listener at 127.0.0.1/42373] INFO  server.RaftServer$Division (RaftServerImpl.java:lambda$close$4(407)) - 339f746c-e925-490d-95d5-f42b6c2ebdb1@group-EEB6F52AD3B8: shutdown
2021-08-10 11:26:29,699 [Listener at 127.0.0.1/42373] INFO  util.JmxRegister (JmxRegister.java:unregister(73)) - Successfully un-registered JMX Bean with object name Ratis:service=RaftServer,group=group-EEB6F52AD3B8,id=339f746c-e925-490d-95d5-f42b6c2ebdb1
2021-08-10 11:26:29,699 [Listener at 127.0.0.1/42373] INFO  impl.RoleInfo (RoleInfo.java:shutdownLeaderState(91)) - 339f746c-e925-490d-95d5-f42b6c2ebdb1: shutdown 339f746c-e925-490d-95d5-f42b6c2ebdb1@group-EEB6F52AD3B8-LeaderStateImpl
2021-08-10 11:26:29,700 [Listener at 127.0.0.1/42373] INFO  impl.PendingRequests (PendingRequests.java:sendNotLeaderResponses(249)) - 339f746c-e925-490d-95d5-f42b6c2ebdb1@group-EEB6F52AD3B8-PendingRequests: sendNotLeaderResponses
2021-08-10 11:26:29,701 [339f746c-e925-490d-95d5-f42b6c2ebdb1@group-EEB6F52AD3B8-StateMachineUpdater] INFO  ratis.ContainerStateMachine (ContainerStateMachine.java:takeSnapshot(291)) - group-EEB6F52AD3B8: Taking a snapshot at:(t:1, i:0) file /home/runner/work/ozone/ozone/hadoop-ozone/integration-test/target/test-dir/MiniOzoneClusterImpl-186fefdd-2a8f-4691-bed1-86a244a8ddcd/datanode-1/data/ratis/3c85e567-cef6-4460-8a53-eeb6f52ad3b8/sm/snapshot.1_0
2021-08-10 11:26:29,704 [ForkJoinPool.commonPool-worker-1] INFO  impl.StateMachineUpdater (StateMachineUpdater.java:stopAndJoin(149)) - 4d94af01-e9ec-4925-937d-7224b820b8c4@group-177D03A42D3F-StateMachineUpdater: set stopIndex = 0
2021-08-10 11:26:29,707 [Listener at 127.0.0.1/42373] INFO  impl.StateMachineUpdater (StateMachineUpdater.java:stopAndJoin(149)) - 339f746c-e925-490d-95d5-f42b6c2ebdb1@group-EEB6F52AD3B8-StateMachineUpdater: set stopIndex = 0
2021-08-10 11:26:29,712 [339f746c-e925-490d-95d5-f42b6c2ebdb1@group-EEB6F52AD3B8-StateMachineUpdater] INFO  ratis.ContainerStateMachine (ContainerStateMachine.java:takeSnapshot(302)) - group-EEB6F52AD3B8: Finished taking a snapshot at:(t:1, i:0) file:/home/runner/work/ozone/ozone/hadoop-ozone/integration-test/target/test-dir/MiniOzoneClusterImpl-186fefdd-2a8f-4691-bed1-86a244a8ddcd/datanode-1/data/ratis/3c85e567-cef6-4460-8a53-eeb6f52ad3b8/sm/snapshot.1_0 took: 10 ms
2021-08-10 11:26:29,712 [339f746c-e925-490d-95d5-f42b6c2ebdb1@group-EEB6F52AD3B8-StateMachineUpdater] INFO  impl.StateMachineUpdater (StateMachineUpdater.java:takeSnapshot(281)) - 339f746c-e925-490d-95d5-f42b6c2ebdb1@group-EEB6F52AD3B8-StateMachineUpdater: Took a snapshot at index 0
2021-08-10 11:26:29,712 [339f746c-e925-490d-95d5-f42b6c2ebdb1@group-EEB6F52AD3B8-StateMachineUpdater] INFO  impl.StateMachineUpdater (StateMachineUpdater.java:lambda$new$0(89)) - 339f746c-e925-490d-95d5-f42b6c2ebdb1@group-EEB6F52AD3B8-StateMachineUpdater: snapshotIndex: updateIncreasingly -1 -> 0
2021-08-10 11:26:29,712 [Listener at 127.0.0.1/42373] INFO  server.RaftServer$Division (ServerState.java:close(419)) - 339f746c-e925-490d-95d5-f42b6c2ebdb1@group-EEB6F52AD3B8: closes. applyIndex: 0
2021-08-10 11:26:29,713 [339f746c-e925-490d-95d5-f42b6c2ebdb1@group-EEB6F52AD3B8-SegmentedRaftLogWorker] INFO  segmented.SegmentedRaftLogWorker (SegmentedRaftLogWorker.java:run(327)) - 339f746c-e925-490d-95d5-f42b6c2ebdb1@group-EEB6F52AD3B8-SegmentedRaftLogWorker was interrupted, exiting. There are 0 tasks remaining in the queue.
2021-08-10 11:26:29,713 [Listener at 127.0.0.1/42373] INFO  segmented.SegmentedRaftLogWorker (SegmentedRaftLogWorker.java:close(237)) - 339f746c-e925-490d-95d5-f42b6c2ebdb1@group-EEB6F52AD3B8-SegmentedRaftLogWorker close()
2021-08-10 11:26:29,715 [grpc-default-executor-2] INFO  server.GrpcLogAppender (GrpcLogAppender.java:onCompleted(344)) - 4d94af01-e9ec-4925-937d-7224b820b8c4@group-177D03A42D3F->7badb8be-700e-4b6f-aeeb-f12993943ca1-AppendLogResponseHandler: follower responses appendEntries COMPLETED
2021-08-10 11:26:29,715 [grpc-default-executor-2] INFO  leader.FollowerInfo (FollowerInfoImpl.java:lambda$new$0(46)) - 4d94af01-e9ec-4925-937d-7224b820b8c4@group-177D03A42D3F->7badb8be-700e-4b6f-aeeb-f12993943ca1: nextIndex: updateUnconditionally 1 -> 0
2021-08-10 11:26:29,716 [Listener at 127.0.0.1/42373] INFO  server.RaftServer$Division (RaftServerImpl.java:lambda$close$4(407)) - 339f746c-e925-490d-95d5-f42b6c2ebdb1@group-177D03A42D3F: shutdown
2021-08-10 11:26:29,716 [Listener at 127.0.0.1/42373] INFO  util.JmxRegister (JmxRegister.java:unregister(73)) - Successfully un-registered JMX Bean with object name Ratis:service=RaftServer,group=group-177D03A42D3F,id=339f746c-e925-490d-95d5-f42b6c2ebdb1
2021-08-10 11:26:29,717 [Listener at 127.0.0.1/42373] INFO  impl.RoleInfo (RoleInfo.java:shutdownFollowerState(108)) - 339f746c-e925-490d-95d5-f42b6c2ebdb1: shutdown 339f746c-e925-490d-95d5-f42b6c2ebdb1@group-177D03A42D3F-FollowerState
2021-08-10 11:26:29,717 [339f746c-e925-490d-95d5-f42b6c2ebdb1@group-177D03A42D3F-FollowerState] INFO  impl.FollowerState (FollowerState.java:run(143)) - 339f746c-e925-490d-95d5-f42b6c2ebdb1@group-177D03A42D3F-FollowerState was interrupted: {}
java.lang.InterruptedException: sleep interrupted
	at java.lang.Thread.sleep(Native Method)
	at java.lang.Thread.sleep(Thread.java:340)
	at java.util.concurrent.TimeUnit.sleep(TimeUnit.java:386)
	at org.apache.ratis.util.TimeDuration.sleep(TimeDuration.java:324)
	at org.apache.ratis.util.TimeDuration.sleep(TimeDuration.java:309)
	at org.apache.ratis.server.impl.FollowerState.run(FollowerState.java:118)
2021-08-10 11:26:29,719 [Listener at 127.0.0.1/42373] INFO  impl.StateMachineUpdater (StateMachineUpdater.java:stopAndJoin(149)) - 339f746c-e925-490d-95d5-f42b6c2ebdb1@group-177D03A42D3F-StateMachineUpdater: set stopIndex = 0
2021-08-10 11:26:29,727 [4d94af01-e9ec-4925-937d-7224b820b8c4@group-177D03A42D3F-StateMachineUpdater] INFO  ratis.ContainerStateMachine (ContainerStateMachine.java:takeSnapshot(291)) - group-177D03A42D3F: Taking a snapshot at:(t:1, i:0) file /home/runner/work/ozone/ozone/hadoop-ozone/integration-test/target/test-dir/MiniOzoneClusterImpl-186fefdd-2a8f-4691-bed1-86a244a8ddcd/datanode-0/data/ratis/4266e20e-f890-416b-9821-177d03a42d3f/sm/snapshot.1_0
2021-08-10 11:26:29,728 [4d94af01-e9ec-4925-937d-7224b820b8c4@group-177D03A42D3F-StateMachineUpdater] INFO  ratis.ContainerStateMachine (ContainerStateMachine.java:takeSnapshot(302)) - group-177D03A42D3F: Finished taking a snapshot at:(t:1, i:0) file:/home/runner/work/ozone/ozone/hadoop-ozone/integration-test/target/test-dir/MiniOzoneClusterImpl-186fefdd-2a8f-4691-bed1-86a244a8ddcd/datanode-0/data/ratis/4266e20e-f890-416b-9821-177d03a42d3f/sm/snapshot.1_0 took: 1 ms
2021-08-10 11:26:29,729 [339f746c-e925-490d-95d5-f42b6c2ebdb1@group-177D03A42D3F-StateMachineUpdater] INFO  ratis.ContainerStateMachine (ContainerStateMachine.java:takeSnapshot(291)) - group-177D03A42D3F: Taking a snapshot at:(t:1, i:0) file /home/runner/work/ozone/ozone/hadoop-ozone/integration-test/target/test-dir/MiniOzoneClusterImpl-186fefdd-2a8f-4691-bed1-86a244a8ddcd/datanode-1/data/ratis/4266e20e-f890-416b-9821-177d03a42d3f/sm/snapshot.1_0
2021-08-10 11:26:29,729 [4d94af01-e9ec-4925-937d-7224b820b8c4@group-177D03A42D3F-StateMachineUpdater] INFO  impl.StateMachineUpdater (StateMachineUpdater.java:takeSnapshot(281)) - 4d94af01-e9ec-4925-937d-7224b820b8c4@group-177D03A42D3F-StateMachineUpdater: Took a snapshot at index 0
2021-08-10 11:26:29,729 [4d94af01-e9ec-4925-937d-7224b820b8c4@group-177D03A42D3F-StateMachineUpdater] INFO  impl.StateMachineUpdater (StateMachineUpdater.java:lambda$new$0(89)) - 4d94af01-e9ec-4925-937d-7224b820b8c4@group-177D03A42D3F-StateMachineUpdater: snapshotIndex: updateIncreasingly -1 -> 0
2021-08-10 11:26:29,729 [ForkJoinPool.commonPool-worker-1] INFO  server.RaftServer$Division (ServerState.java:close(419)) - 4d94af01-e9ec-4925-937d-7224b820b8c4@group-177D03A42D3F: closes. applyIndex: 0
2021-08-10 11:26:29,731 [4d94af01-e9ec-4925-937d-7224b820b8c4@group-177D03A42D3F-SegmentedRaftLogWorker] INFO  segmented.SegmentedRaftLogWorker (SegmentedRaftLogWorker.java:run(327)) - 4d94af01-e9ec-4925-937d-7224b820b8c4@group-177D03A42D3F-SegmentedRaftLogWorker was interrupted, exiting. There are 0 tasks remaining in the queue.
2021-08-10 11:26:29,731 [ForkJoinPool.commonPool-worker-1] INFO  segmented.SegmentedRaftLogWorker (SegmentedRaftLogWorker.java:close(237)) - 4d94af01-e9ec-4925-937d-7224b820b8c4@group-177D03A42D3F-SegmentedRaftLogWorker close()
2021-08-10 11:26:29,729 [339f746c-e925-490d-95d5-f42b6c2ebdb1@group-177D03A42D3F-StateMachineUpdater] INFO  ratis.ContainerStateMachine (ContainerStateMachine.java:takeSnapshot(302)) - group-177D03A42D3F: Finished taking a snapshot at:(t:1, i:0) file:/home/runner/work/ozone/ozone/hadoop-ozone/integration-test/target/test-dir/MiniOzoneClusterImpl-186fefdd-2a8f-4691-bed1-86a244a8ddcd/datanode-1/data/ratis/4266e20e-f890-416b-9821-177d03a42d3f/sm/snapshot.1_0 took: 1 ms
2021-08-10 11:26:29,759 [339f746c-e925-490d-95d5-f42b6c2ebdb1@group-177D03A42D3F-StateMachineUpdater] INFO  impl.StateMachineUpdater (StateMachineUpdater.java:takeSnapshot(281)) - 339f746c-e925-490d-95d5-f42b6c2ebdb1@group-177D03A42D3F-StateMachineUpdater: Took a snapshot at index 0
2021-08-10 11:26:29,759 [339f746c-e925-490d-95d5-f42b6c2ebdb1@group-177D03A42D3F-StateMachineUpdater] INFO  impl.StateMachineUpdater (StateMachineUpdater.java:lambda$new$0(89)) - 339f746c-e925-490d-95d5-f42b6c2ebdb1@group-177D03A42D3F-StateMachineUpdater: snapshotIndex: updateIncreasingly -1 -> 0
2021-08-10 11:26:29,760 [Listener at 127.0.0.1/42373] INFO  server.RaftServer$Division (ServerState.java:close(419)) - 339f746c-e925-490d-95d5-f42b6c2ebdb1@group-177D03A42D3F: closes. applyIndex: 0
2021-08-10 11:26:29,760 [339f746c-e925-490d-95d5-f42b6c2ebdb1@group-177D03A42D3F-SegmentedRaftLogWorker] INFO  segmented.SegmentedRaftLogWorker (SegmentedRaftLogWorker.java:run(327)) - 339f746c-e925-490d-95d5-f42b6c2ebdb1@group-177D03A42D3F-SegmentedRaftLogWorker was interrupted, exiting. There are 0 tasks remaining in the queue.
2021-08-10 11:26:29,761 [Listener at 127.0.0.1/42373] INFO  segmented.SegmentedRaftLogWorker (SegmentedRaftLogWorker.java:close(237)) - 339f746c-e925-490d-95d5-f42b6c2ebdb1@group-177D03A42D3F-SegmentedRaftLogWorker close()
2021-08-10 11:26:29,733 [ForkJoinPool.commonPool-worker-1] INFO  server.RaftServer$Division (RaftServerImpl.java:lambda$close$4(407)) - 4d94af01-e9ec-4925-937d-7224b820b8c4@group-8448A9773288: shutdown
2021-08-10 11:26:29,762 [Listener at 127.0.0.1/42373] INFO  server.RaftServer$Division (RaftServerImpl.java:lambda$close$4(407)) - 339f746c-e925-490d-95d5-f42b6c2ebdb1@group-E28B04F22A7A: shutdown
2021-08-10 11:26:29,775 [ForkJoinPool.commonPool-worker-1] INFO  util.JmxRegister (JmxRegister.java:unregister(73)) - Successfully un-registered JMX Bean with object name Ratis:service=RaftServer,group=group-8448A9773288,id=4d94af01-e9ec-4925-937d-7224b820b8c4
2021-08-10 11:26:29,775 [ForkJoinPool.commonPool-worker-1] INFO  impl.RoleInfo (RoleInfo.java:shutdownLeaderState(91)) - 4d94af01-e9ec-4925-937d-7224b820b8c4: shutdown 4d94af01-e9ec-4925-937d-7224b820b8c4@group-8448A9773288-LeaderStateImpl
2021-08-10 11:26:29,775 [ForkJoinPool.commonPool-worker-1] INFO  impl.PendingRequests (PendingRequests.java:sendNotLeaderResponses(249)) - 4d94af01-e9ec-4925-937d-7224b820b8c4@group-8448A9773288-PendingRequests: sendNotLeaderResponses
2021-08-10 11:26:29,776 [ForkJoinPool.commonPool-worker-1] INFO  impl.StateMachineUpdater (StateMachineUpdater.java:stopAndJoin(149)) - 4d94af01-e9ec-4925-937d-7224b820b8c4@group-8448A9773288-StateMachineUpdater: set stopIndex = 0
2021-08-10 11:26:29,775 [Listener at 127.0.0.1/42373] INFO  util.JmxRegister (JmxRegister.java:unregister(73)) - Successfully un-registered JMX Bean with object name Ratis:service=RaftServer,group=group-E28B04F22A7A,id=339f746c-e925-490d-95d5-f42b6c2ebdb1
2021-08-10 11:26:29,777 [4d94af01-e9ec-4925-937d-7224b820b8c4@group-8448A9773288-StateMachineUpdater] INFO  ratis.ContainerStateMachine (ContainerStateMachine.java:takeSnapshot(291)) - group-8448A9773288: Taking a snapshot at:(t:1, i:0) file /home/runner/work/ozone/ozone/hadoop-ozone/integration-test/target/test-dir/MiniOzoneClusterImpl-186fefdd-2a8f-4691-bed1-86a244a8ddcd/datanode-0/data/ratis/e5d273f1-686b-406e-8809-8448a9773288/sm/snapshot.1_0
2021-08-10 11:26:29,777 [Listener at 127.0.0.1/42373] INFO  impl.RoleInfo (RoleInfo.java:shutdownFollowerState(108)) - 339f746c-e925-490d-95d5-f42b6c2ebdb1: shutdown 339f746c-e925-490d-95d5-f42b6c2ebdb1@group-E28B04F22A7A-FollowerState
2021-08-10 11:26:29,777 [Listener at 127.0.0.1/42373] INFO  impl.StateMachineUpdater (StateMachineUpdater.java:stopAndJoin(149)) - 339f746c-e925-490d-95d5-f42b6c2ebdb1@group-E28B04F22A7A-StateMachineUpdater: set stopIndex = -1
2021-08-10 11:26:29,778 [339f746c-e925-490d-95d5-f42b6c2ebdb1@group-E28B04F22A7A-FollowerState] INFO  impl.FollowerState (FollowerState.java:run(143)) - 339f746c-e925-490d-95d5-f42b6c2ebdb1@group-E28B04F22A7A-FollowerState was interrupted: {}
java.lang.InterruptedException: sleep interrupted
	at java.lang.Thread.sleep(Native Method)
	at java.lang.Thread.sleep(Thread.java:340)
	at java.util.concurrent.TimeUnit.sleep(TimeUnit.java:386)
	at org.apache.ratis.util.TimeDuration.sleep(TimeDuration.java:324)
	at org.apache.ratis.util.TimeDuration.sleep(TimeDuration.java:309)
	at org.apache.ratis.server.impl.FollowerState.run(FollowerState.java:118)
2021-08-10 11:26:29,783 [Listener at 127.0.0.1/42373] INFO  server.RaftServer$Division (ServerState.java:close(419)) - 339f746c-e925-490d-95d5-f42b6c2ebdb1@group-E28B04F22A7A: closes. applyIndex: -1
2021-08-10 11:26:29,783 [339f746c-e925-490d-95d5-f42b6c2ebdb1@group-E28B04F22A7A-SegmentedRaftLogWorker] INFO  segmented.SegmentedRaftLogWorker (SegmentedRaftLogWorker.java:run(327)) - 339f746c-e925-490d-95d5-f42b6c2ebdb1@group-E28B04F22A7A-SegmentedRaftLogWorker was interrupted, exiting. There are 0 tasks remaining in the queue.
2021-08-10 11:26:29,783 [4d94af01-e9ec-4925-937d-7224b820b8c4@group-8448A9773288-StateMachineUpdater] INFO  ratis.ContainerStateMachine (ContainerStateMachine.java:takeSnapshot(302)) - group-8448A9773288: Finished taking a snapshot at:(t:1, i:0) file:/home/runner/work/ozone/ozone/hadoop-ozone/integration-test/target/test-dir/MiniOzoneClusterImpl-186fefdd-2a8f-4691-bed1-86a244a8ddcd/datanode-0/data/ratis/e5d273f1-686b-406e-8809-8448a9773288/sm/snapshot.1_0 took: 7 ms
2021-08-10 11:26:29,784 [4d94af01-e9ec-4925-937d-7224b820b8c4@group-8448A9773288-StateMachineUpdater] INFO  impl.StateMachineUpdater (StateMachineUpdater.java:takeSnapshot(281)) - 4d94af01-e9ec-4925-937d-7224b820b8c4@group-8448A9773288-StateMachineUpdater: Took a snapshot at index 0
2021-08-10 11:26:29,784 [4d94af01-e9ec-4925-937d-7224b820b8c4@group-8448A9773288-StateMachineUpdater] INFO  impl.StateMachineUpdater (StateMachineUpdater.java:lambda$new$0(89)) - 4d94af01-e9ec-4925-937d-7224b820b8c4@group-8448A9773288-StateMachineUpdater: snapshotIndex: updateIncreasingly -1 -> 0
2021-08-10 11:26:29,784 [ForkJoinPool.commonPool-worker-1] INFO  server.RaftServer$Division (ServerState.java:close(419)) - 4d94af01-e9ec-4925-937d-7224b820b8c4@group-8448A9773288: closes. applyIndex: 0
2021-08-10 11:26:29,784 [4d94af01-e9ec-4925-937d-7224b820b8c4@group-8448A9773288-SegmentedRaftLogWorker] INFO  segmented.SegmentedRaftLogWorker (SegmentedRaftLogWorker.java:run(327)) - 4d94af01-e9ec-4925-937d-7224b820b8c4@group-8448A9773288-SegmentedRaftLogWorker was interrupted, exiting. There are 0 tasks remaining in the queue.
2021-08-10 11:26:29,784 [ForkJoinPool.commonPool-worker-1] INFO  segmented.SegmentedRaftLogWorker (SegmentedRaftLogWorker.java:close(237)) - 4d94af01-e9ec-4925-937d-7224b820b8c4@group-8448A9773288-SegmentedRaftLogWorker close()
2021-08-10 11:26:29,788 [ForkJoinPool.commonPool-worker-1] INFO  server.RaftServer$Division (RaftServerImpl.java:lambda$close$4(407)) - 4d94af01-e9ec-4925-937d-7224b820b8c4@group-E28B04F22A7A: shutdown
2021-08-10 11:26:29,788 [ForkJoinPool.commonPool-worker-1] INFO  util.JmxRegister (JmxRegister.java:unregister(73)) - Successfully un-registered JMX Bean with object name Ratis:service=RaftServer,group=group-E28B04F22A7A,id=4d94af01-e9ec-4925-937d-7224b820b8c4
2021-08-10 11:26:29,788 [ForkJoinPool.commonPool-worker-1] INFO  impl.RoleInfo (RoleInfo.java:shutdownFollowerState(108)) - 4d94af01-e9ec-4925-937d-7224b820b8c4: shutdown 4d94af01-e9ec-4925-937d-7224b820b8c4@group-E28B04F22A7A-FollowerState
2021-08-10 11:26:29,788 [ForkJoinPool.commonPool-worker-1] INFO  impl.StateMachineUpdater (StateMachineUpdater.java:stopAndJoin(149)) - 4d94af01-e9ec-4925-937d-7224b820b8c4@group-E28B04F22A7A-StateMachineUpdater: set stopIndex = -1
2021-08-10 11:26:29,788 [4d94af01-e9ec-4925-937d-7224b820b8c4@group-E28B04F22A7A-FollowerState] INFO  impl.FollowerState (FollowerState.java:run(143)) - 4d94af01-e9ec-4925-937d-7224b820b8c4@group-E28B04F22A7A-FollowerState was interrupted: {}
java.lang.InterruptedException: sleep interrupted
	at java.lang.Thread.sleep(Native Method)
	at java.lang.Thread.sleep(Thread.java:340)
	at java.util.concurrent.TimeUnit.sleep(TimeUnit.java:386)
	at org.apache.ratis.util.TimeDuration.sleep(TimeDuration.java:324)
	at org.apache.ratis.util.TimeDuration.sleep(TimeDuration.java:309)
	at org.apache.ratis.server.impl.FollowerState.run(FollowerState.java:118)
2021-08-10 11:26:29,797 [ForkJoinPool.commonPool-worker-1] INFO  server.RaftServer$Division (ServerState.java:close(419)) - 4d94af01-e9ec-4925-937d-7224b820b8c4@group-E28B04F22A7A: closes. applyIndex: -1
2021-08-10 11:26:29,798 [4d94af01-e9ec-4925-937d-7224b820b8c4@group-E28B04F22A7A-SegmentedRaftLogWorker] INFO  segmented.SegmentedRaftLogWorker (SegmentedRaftLogWorker.java:run(327)) - 4d94af01-e9ec-4925-937d-7224b820b8c4@group-E28B04F22A7A-SegmentedRaftLogWorker was interrupted, exiting. There are 0 tasks remaining in the queue.
2021-08-10 11:26:29,798 [ForkJoinPool.commonPool-worker-1] INFO  segmented.SegmentedRaftLogWorker (SegmentedRaftLogWorker.java:close(237)) - 4d94af01-e9ec-4925-937d-7224b820b8c4@group-E28B04F22A7A-SegmentedRaftLogWorker close()
2021-08-10 11:26:29,800 [ForkJoinPool.commonPool-worker-1] INFO  server.GrpcService (GrpcService.java:closeImpl(262)) - 4d94af01-e9ec-4925-937d-7224b820b8c4: shutdown server with port 35013 now
2021-08-10 11:26:29,802 [Listener at 127.0.0.1/42373] INFO  segmented.SegmentedRaftLogWorker (SegmentedRaftLogWorker.java:close(237)) - 339f746c-e925-490d-95d5-f42b6c2ebdb1@group-E28B04F22A7A-SegmentedRaftLogWorker close()
2021-08-10 11:26:29,803 [Listener at 127.0.0.1/42373] INFO  server.GrpcService (GrpcService.java:closeImpl(262)) - 339f746c-e925-490d-95d5-f42b6c2ebdb1: shutdown server with port 44359 now
2021-08-10 11:26:29,816 [ForkJoinPool.commonPool-worker-1] INFO  server.GrpcService (GrpcService.java:closeImpl(271)) - 4d94af01-e9ec-4925-937d-7224b820b8c4: shutdown server with port 35013 successfully
2021-08-10 11:26:29,816 [org.apache.ratis.util.JvmPauseMonitor$$Lambda$531/1356735220@528c2bd7] INFO  util.JvmPauseMonitor (JvmPauseMonitor.java:run(109)) - JvmPauseMonitor-4d94af01-e9ec-4925-937d-7224b820b8c4: Stopped
2021-08-10 11:26:29,816 [Listener at 127.0.0.1/42373] INFO  server.GrpcService (GrpcService.java:closeImpl(271)) - 339f746c-e925-490d-95d5-f42b6c2ebdb1: shutdown server with port 44359 successfully
2021-08-10 11:26:29,816 [org.apache.ratis.util.JvmPauseMonitor$$Lambda$531/1356735220@747b0e5e] INFO  util.JvmPauseMonitor (JvmPauseMonitor.java:run(109)) - JvmPauseMonitor-339f746c-e925-490d-95d5-f42b6c2ebdb1: Stopped
2021-08-10 11:26:29,826 [ForkJoinPool.commonPool-worker-1] INFO  utils.BackgroundService (BackgroundService.java:shutdown(132)) - Shutting down service BlockDeletingService
2021-08-10 11:26:29,856 [Listener at 127.0.0.1/42373] INFO  utils.BackgroundService (BackgroundService.java:shutdown(132)) - Shutting down service BlockDeletingService
2021-08-10 11:26:32,750 [7badb8be-700e-4b6f-aeeb-f12993943ca1@group-E28B04F22A7A-FollowerState] INFO  impl.FollowerState (FollowerState.java:run(134)) - 7badb8be-700e-4b6f-aeeb-f12993943ca1@group-E28B04F22A7A-FollowerState: change to CANDIDATE, lastRpcElapsedTime:5162726907ns, electionTimeout:5127ms
2021-08-10 11:26:32,750 [7badb8be-700e-4b6f-aeeb-f12993943ca1@group-E28B04F22A7A-FollowerState] INFO  impl.RoleInfo (RoleInfo.java:shutdownFollowerState(108)) - 7badb8be-700e-4b6f-aeeb-f12993943ca1: shutdown 7badb8be-700e-4b6f-aeeb-f12993943ca1@group-E28B04F22A7A-FollowerState
2021-08-10 11:26:32,751 [7badb8be-700e-4b6f-aeeb-f12993943ca1@group-E28B04F22A7A-FollowerState] INFO  server.RaftServer$Division (RaftServerImpl.java:setRole(285)) - 7badb8be-700e-4b6f-aeeb-f12993943ca1@group-E28B04F22A7A: changes role from  FOLLOWER to CANDIDATE at term 2 for changeToCandidate
2021-08-10 11:26:32,751 [7badb8be-700e-4b6f-aeeb-f12993943ca1@group-E28B04F22A7A-FollowerState] INFO  server.RaftServerConfigKeys (ConfUtils.java:logGet(44)) - raft.server.leaderelection.pre-vote = false (custom)
2021-08-10 11:26:32,751 [7badb8be-700e-4b6f-aeeb-f12993943ca1@group-E28B04F22A7A-FollowerState] INFO  impl.RoleInfo (RoleInfo.java:updateAndGet(130)) - 7badb8be-700e-4b6f-aeeb-f12993943ca1: start 7badb8be-700e-4b6f-aeeb-f12993943ca1@group-E28B04F22A7A-LeaderElection41
2021-08-10 11:26:32,785 [7badb8be-700e-4b6f-aeeb-f12993943ca1@group-E28B04F22A7A-LeaderElection41] INFO  impl.LeaderElection (LeaderElection.java:askForVotes(306)) - 7badb8be-700e-4b6f-aeeb-f12993943ca1@group-E28B04F22A7A-LeaderElection41 ELECTION round 0: submit vote requests at term 3 for -1: [339f746c-e925-490d-95d5-f42b6c2ebdb1|rpc:10.1.0.32:44359|dataStream:|priority:0, 4d94af01-e9ec-4925-937d-7224b820b8c4|rpc:10.1.0.32:35013|dataStream:|priority:0, 7badb8be-700e-4b6f-aeeb-f12993943ca1|rpc:10.1.0.32:33315|dataStream:|priority:1], old=null
2021-08-10 11:26:32,819 [7badb8be-700e-4b6f-aeeb-f12993943ca1@group-E28B04F22A7A-LeaderElection41] INFO  impl.LeaderElection (LogUtils.java:infoOrTrace(137)) - 7badb8be-700e-4b6f-aeeb-f12993943ca1@group-E28B04F22A7A-LeaderElection41 got exception when requesting votes: java.util.concurrent.ExecutionException: org.apache.ratis.thirdparty.io.grpc.StatusRuntimeException: UNAVAILABLE: io exception
2021-08-10 11:26:32,829 [7badb8be-700e-4b6f-aeeb-f12993943ca1@group-E28B04F22A7A-LeaderElection41] INFO  impl.LeaderElection (LogUtils.java:infoOrTrace(137)) - 7badb8be-700e-4b6f-aeeb-f12993943ca1@group-E28B04F22A7A-LeaderElection41 got exception when requesting votes: java.util.concurrent.ExecutionException: org.apache.ratis.thirdparty.io.grpc.StatusRuntimeException: UNAVAILABLE: io exception
2021-08-10 11:26:32,829 [7badb8be-700e-4b6f-aeeb-f12993943ca1@group-E28B04F22A7A-LeaderElection41] INFO  impl.LeaderElection (LeaderElection.java:logAndReturn(89)) - 7badb8be-700e-4b6f-aeeb-f12993943ca1@group-E28B04F22A7A-LeaderElection41: ELECTION REJECTED received 0 response(s) and 2 exception(s):
2021-08-10 11:26:32,829 [7badb8be-700e-4b6f-aeeb-f12993943ca1@group-E28B04F22A7A-LeaderElection41] INFO  impl.LeaderElection (LogUtils.java:infoOrTrace(137)) -   Exception 0: java.util.concurrent.ExecutionException: org.apache.ratis.thirdparty.io.grpc.StatusRuntimeException: UNAVAILABLE: io exception
2021-08-10 11:26:32,829 [7badb8be-700e-4b6f-aeeb-f12993943ca1@group-E28B04F22A7A-LeaderElection41] INFO  impl.LeaderElection (LogUtils.java:infoOrTrace(137)) -   Exception 1: java.util.concurrent.ExecutionException: org.apache.ratis.thirdparty.io.grpc.StatusRuntimeException: UNAVAILABLE: io exception
2021-08-10 11:26:32,829 [7badb8be-700e-4b6f-aeeb-f12993943ca1@group-E28B04F22A7A-LeaderElection41] INFO  impl.LeaderElection (LeaderElection.java:askForVotes(308)) - 7badb8be-700e-4b6f-aeeb-f12993943ca1@group-E28B04F22A7A-LeaderElection41 ELECTION round 0: result REJECTED
2021-08-10 11:26:32,830 [7badb8be-700e-4b6f-aeeb-f12993943ca1@group-E28B04F22A7A-LeaderElection41] INFO  server.RaftServer$Division (RaftServerImpl.java:setRole(285)) - 7badb8be-700e-4b6f-aeeb-f12993943ca1@group-E28B04F22A7A: changes role from CANDIDATE to FOLLOWER at term 3 for REJECTED
2021-08-10 11:26:32,830 [7badb8be-700e-4b6f-aeeb-f12993943ca1@group-E28B04F22A7A-LeaderElection41] INFO  impl.RoleInfo (RoleInfo.java:shutdownLeaderElection(121)) - 7badb8be-700e-4b6f-aeeb-f12993943ca1: shutdown 7badb8be-700e-4b6f-aeeb-f12993943ca1@group-E28B04F22A7A-LeaderElection41
2021-08-10 11:26:32,830 [7badb8be-700e-4b6f-aeeb-f12993943ca1@group-E28B04F22A7A-LeaderElection41] INFO  impl.RoleInfo (RoleInfo.java:updateAndGet(130)) - 7badb8be-700e-4b6f-aeeb-f12993943ca1: start 7badb8be-700e-4b6f-aeeb-f12993943ca1@group-E28B04F22A7A-FollowerState
2021-08-10 11:26:32,858 [ForkJoinPool.commonPool-worker-1] INFO  statemachine.DatanodeStateMachine (DatanodeStateMachine.java:stopDaemon(515)) - Ozone container server stopped.
2021-08-10 11:26:32,871 [ForkJoinPool.commonPool-worker-1] INFO  handler.ContextHandler (ContextHandler.java:doStop(1153)) - Stopped o.e.j.w.WebAppContext@67287bd9{hddsDatanode,/,null,STOPPED}{jar:file:/home/runner/.m2/repository/org/apache/ozone/hdds-container-service/1.2.0-SNAPSHOT/hdds-container-service-1.2.0-SNAPSHOT.jar!/webapps/hddsDatanode}
2021-08-10 11:26:32,872 [Listener at 127.0.0.1/42373] INFO  statemachine.DatanodeStateMachine (DatanodeStateMachine.java:stopDaemon(515)) - Ozone container server stopped.
2021-08-10 11:26:32,872 [Listener at 127.0.0.1/42373] INFO  handler.ContextHandler (ContextHandler.java:doStop(1153)) - Stopped o.e.j.w.WebAppContext@52da80f2{hddsDatanode,/,null,STOPPED}{jar:file:/home/runner/.m2/repository/org/apache/ozone/hdds-container-service/1.2.0-SNAPSHOT/hdds-container-service-1.2.0-SNAPSHOT.jar!/webapps/hddsDatanode}
2021-08-10 11:26:32,873 [Listener at 127.0.0.1/42373] INFO  server.AbstractConnector (AbstractConnector.java:doStop(381)) - Stopped ServerConnector@78c0d5fa{HTTP/1.1, (http/1.1)}{0.0.0.0:0}
2021-08-10 11:26:32,874 [Listener at 127.0.0.1/42373] INFO  server.session (HouseKeeper.java:stopScavenging(149)) - node0 Stopped scavenging
2021-08-10 11:26:32,874 [Listener at 127.0.0.1/42373] INFO  handler.ContextHandler (ContextHandler.java:doStop(1153)) - Stopped o.e.j.s.ServletContextHandler@2843d353{static,/static,jar:file:/home/runner/.m2/repository/org/apache/ozone/hdds-container-service/1.2.0-SNAPSHOT/hdds-container-service-1.2.0-SNAPSHOT.jar!/webapps/static,STOPPED}
2021-08-10 11:26:32,874 [Listener at 127.0.0.1/42373] INFO  handler.ContextHandler (ContextHandler.java:doStop(1153)) - Stopped o.e.j.s.ServletContextHandler@49efaf93{logs,/logs,file:///home/runner/work/ozone/ozone/hadoop-ozone/integration-test/target/log,STOPPED}
2021-08-10 11:26:32,876 [ForkJoinPool.commonPool-worker-1] INFO  server.AbstractConnector (AbstractConnector.java:doStop(381)) - Stopped ServerConnector@553601f2{HTTP/1.1, (http/1.1)}{0.0.0.0:0}
2021-08-10 11:26:32,876 [ForkJoinPool.commonPool-worker-1] INFO  server.session (HouseKeeper.java:stopScavenging(149)) - node0 Stopped scavenging
2021-08-10 11:26:32,877 [ForkJoinPool.commonPool-worker-1] INFO  handler.ContextHandler (ContextHandler.java:doStop(1153)) - Stopped o.e.j.s.ServletContextHandler@5a9e3a5a{static,/static,jar:file:/home/runner/.m2/repository/org/apache/ozone/hdds-container-service/1.2.0-SNAPSHOT/hdds-container-service-1.2.0-SNAPSHOT.jar!/webapps/static,STOPPED}
2021-08-10 11:26:32,878 [ForkJoinPool.commonPool-worker-1] INFO  handler.ContextHandler (ContextHandler.java:doStop(1153)) - Stopped o.e.j.s.ServletContextHandler@650e6cef{logs,/logs,file:///home/runner/work/ozone/ozone/hadoop-ozone/integration-test/target/log,STOPPED}
2021-08-10 11:26:33,639 [Datanode State Machine Thread - 0] INFO  statemachine.DatanodeStateMachine (DatanodeStateMachine.java:lambda$startDaemon$0(457)) - Ozone container server started.
2021-08-10 11:26:37,885 [ForkJoinPool.commonPool-worker-1] INFO  ozoneimpl.OzoneContainer (OzoneContainer.java:stop(326)) - Attempting to stop container services.
2021-08-10 11:26:37,886 [ForkJoinPool.commonPool-worker-1] INFO  server.RaftServer (RaftServerProxy.java:lambda$close$6(391)) - 7badb8be-700e-4b6f-aeeb-f12993943ca1: close
2021-08-10 11:26:37,886 [ForkJoinPool.commonPool-worker-1] INFO  server.RaftServer$Division (RaftServerImpl.java:lambda$close$4(407)) - 7badb8be-700e-4b6f-aeeb-f12993943ca1@group-5481500B10C5: shutdown
2021-08-10 11:26:37,886 [ForkJoinPool.commonPool-worker-1] INFO  util.JmxRegister (JmxRegister.java:unregister(73)) - Successfully un-registered JMX Bean with object name Ratis:service=RaftServer,group=group-5481500B10C5,id=7badb8be-700e-4b6f-aeeb-f12993943ca1
2021-08-10 11:26:37,886 [ForkJoinPool.commonPool-worker-1] INFO  impl.RoleInfo (RoleInfo.java:shutdownLeaderState(91)) - 7badb8be-700e-4b6f-aeeb-f12993943ca1: shutdown 7badb8be-700e-4b6f-aeeb-f12993943ca1@group-5481500B10C5-LeaderStateImpl
2021-08-10 11:26:37,886 [ForkJoinPool.commonPool-worker-1] INFO  impl.PendingRequests (PendingRequests.java:sendNotLeaderResponses(249)) - 7badb8be-700e-4b6f-aeeb-f12993943ca1@group-5481500B10C5-PendingRequests: sendNotLeaderResponses
2021-08-10 11:26:37,887 [ForkJoinPool.commonPool-worker-1] INFO  impl.StateMachineUpdater (StateMachineUpdater.java:stopAndJoin(149)) - 7badb8be-700e-4b6f-aeeb-f12993943ca1@group-5481500B10C5-StateMachineUpdater: set stopIndex = 0
2021-08-10 11:26:37,888 [7badb8be-700e-4b6f-aeeb-f12993943ca1@group-5481500B10C5-StateMachineUpdater] INFO  ratis.ContainerStateMachine (ContainerStateMachine.java:takeSnapshot(291)) - group-5481500B10C5: Taking a snapshot at:(t:1, i:0) file /home/runner/work/ozone/ozone/hadoop-ozone/integration-test/target/test-dir/MiniOzoneClusterImpl-186fefdd-2a8f-4691-bed1-86a244a8ddcd/datanode-2/data/ratis/dcc8b3ca-5dd5-485d-81b9-5481500b10c5/sm/snapshot.1_0
2021-08-10 11:26:37,889 [7badb8be-700e-4b6f-aeeb-f12993943ca1@group-5481500B10C5-StateMachineUpdater] INFO  ratis.ContainerStateMachine (ContainerStateMachine.java:takeSnapshot(302)) - group-5481500B10C5: Finished taking a snapshot at:(t:1, i:0) file:/home/runner/work/ozone/ozone/hadoop-ozone/integration-test/target/test-dir/MiniOzoneClusterImpl-186fefdd-2a8f-4691-bed1-86a244a8ddcd/datanode-2/data/ratis/dcc8b3ca-5dd5-485d-81b9-5481500b10c5/sm/snapshot.1_0 took: 2 ms
2021-08-10 11:26:37,889 [7badb8be-700e-4b6f-aeeb-f12993943ca1@group-5481500B10C5-StateMachineUpdater] INFO  impl.StateMachineUpdater (StateMachineUpdater.java:takeSnapshot(281)) - 7badb8be-700e-4b6f-aeeb-f12993943ca1@group-5481500B10C5-StateMachineUpdater: Took a snapshot at index 0
2021-08-10 11:26:37,890 [7badb8be-700e-4b6f-aeeb-f12993943ca1@group-5481500B10C5-StateMachineUpdater] INFO  impl.StateMachineUpdater (StateMachineUpdater.java:lambda$new$0(89)) - 7badb8be-700e-4b6f-aeeb-f12993943ca1@group-5481500B10C5-StateMachineUpdater: snapshotIndex: updateIncreasingly -1 -> 0
2021-08-10 11:26:37,890 [ForkJoinPool.commonPool-worker-1] INFO  server.RaftServer$Division (ServerState.java:close(419)) - 7badb8be-700e-4b6f-aeeb-f12993943ca1@group-5481500B10C5: closes. applyIndex: 0
2021-08-10 11:26:37,890 [7badb8be-700e-4b6f-aeeb-f12993943ca1@group-5481500B10C5-SegmentedRaftLogWorker] INFO  segmented.SegmentedRaftLogWorker (SegmentedRaftLogWorker.java:run(327)) - 7badb8be-700e-4b6f-aeeb-f12993943ca1@group-5481500B10C5-SegmentedRaftLogWorker was interrupted, exiting. There are 0 tasks remaining in the queue.
2021-08-10 11:26:37,890 [ForkJoinPool.commonPool-worker-1] INFO  segmented.SegmentedRaftLogWorker (SegmentedRaftLogWorker.java:close(237)) - 7badb8be-700e-4b6f-aeeb-f12993943ca1@group-5481500B10C5-SegmentedRaftLogWorker close()
2021-08-10 11:26:37,891 [ForkJoinPool.commonPool-worker-1] INFO  server.RaftServer$Division (RaftServerImpl.java:lambda$close$4(407)) - 7badb8be-700e-4b6f-aeeb-f12993943ca1@group-E28B04F22A7A: shutdown
2021-08-10 11:26:37,891 [ForkJoinPool.commonPool-worker-1] INFO  util.JmxRegister (JmxRegister.java:unregister(73)) - Successfully un-registered JMX Bean with object name Ratis:service=RaftServer,group=group-E28B04F22A7A,id=7badb8be-700e-4b6f-aeeb-f12993943ca1
2021-08-10 11:26:37,892 [ForkJoinPool.commonPool-worker-1] INFO  impl.RoleInfo (RoleInfo.java:shutdownFollowerState(108)) - 7badb8be-700e-4b6f-aeeb-f12993943ca1: shutdown 7badb8be-700e-4b6f-aeeb-f12993943ca1@group-E28B04F22A7A-FollowerState
2021-08-10 11:26:37,892 [ForkJoinPool.commonPool-worker-1] INFO  impl.StateMachineUpdater (StateMachineUpdater.java:stopAndJoin(149)) - 7badb8be-700e-4b6f-aeeb-f12993943ca1@group-E28B04F22A7A-StateMachineUpdater: set stopIndex = -1
2021-08-10 11:26:37,892 [7badb8be-700e-4b6f-aeeb-f12993943ca1@group-E28B04F22A7A-FollowerState] INFO  impl.FollowerState (FollowerState.java:run(143)) - 7badb8be-700e-4b6f-aeeb-f12993943ca1@group-E28B04F22A7A-FollowerState was interrupted: {}
java.lang.InterruptedException: sleep interrupted
	at java.lang.Thread.sleep(Native Method)
	at java.lang.Thread.sleep(Thread.java:340)
	at java.util.concurrent.TimeUnit.sleep(TimeUnit.java:386)
	at org.apache.ratis.util.TimeDuration.sleep(TimeDuration.java:324)
	at org.apache.ratis.util.TimeDuration.sleep(TimeDuration.java:309)
	at org.apache.ratis.server.impl.FollowerState.run(FollowerState.java:118)
2021-08-10 11:26:37,909 [ForkJoinPool.commonPool-worker-1] INFO  server.RaftServer$Division (ServerState.java:close(419)) - 7badb8be-700e-4b6f-aeeb-f12993943ca1@group-E28B04F22A7A: closes. applyIndex: -1
2021-08-10 11:26:37,909 [7badb8be-700e-4b6f-aeeb-f12993943ca1@group-E28B04F22A7A-SegmentedRaftLogWorker] INFO  segmented.SegmentedRaftLogWorker (SegmentedRaftLogWorker.java:run(327)) - 7badb8be-700e-4b6f-aeeb-f12993943ca1@group-E28B04F22A7A-SegmentedRaftLogWorker was interrupted, exiting. There are 0 tasks remaining in the queue.
2021-08-10 11:26:37,909 [ForkJoinPool.commonPool-worker-1] INFO  segmented.SegmentedRaftLogWorker (SegmentedRaftLogWorker.java:close(237)) - 7badb8be-700e-4b6f-aeeb-f12993943ca1@group-E28B04F22A7A-SegmentedRaftLogWorker close()
2021-08-10 11:26:37,910 [ForkJoinPool.commonPool-worker-1] INFO  server.GrpcService (GrpcService.java:closeImpl(262)) - 7badb8be-700e-4b6f-aeeb-f12993943ca1: shutdown server with port 33315 now
2021-08-10 11:26:37,911 [ForkJoinPool.commonPool-worker-1] INFO  server.GrpcService (GrpcService.java:closeImpl(271)) - 7badb8be-700e-4b6f-aeeb-f12993943ca1: shutdown server with port 33315 successfully
2021-08-10 11:26:37,912 [org.apache.ratis.util.JvmPauseMonitor$$Lambda$531/1356735220@2212a7d2] INFO  util.JvmPauseMonitor (JvmPauseMonitor.java:run(109)) - JvmPauseMonitor-7badb8be-700e-4b6f-aeeb-f12993943ca1: Stopped
2021-08-10 11:26:37,941 [ForkJoinPool.commonPool-worker-1] INFO  utils.BackgroundService (BackgroundService.java:shutdown(132)) - Shutting down service BlockDeletingService
2021-08-10 11:26:40,995 [ForkJoinPool.commonPool-worker-1] INFO  statemachine.DatanodeStateMachine (DatanodeStateMachine.java:stopDaemon(515)) - Ozone container server stopped.
2021-08-10 11:26:41,019 [ForkJoinPool.commonPool-worker-1] INFO  handler.ContextHandler (ContextHandler.java:doStop(1153)) - Stopped o.e.j.w.WebAppContext@3f398d80{hddsDatanode,/,null,STOPPED}{jar:file:/home/runner/.m2/repository/org/apache/ozone/hdds-container-service/1.2.0-SNAPSHOT/hdds-container-service-1.2.0-SNAPSHOT.jar!/webapps/hddsDatanode}
2021-08-10 11:26:41,019 [ForkJoinPool.commonPool-worker-1] INFO  server.AbstractConnector (AbstractConnector.java:doStop(381)) - Stopped ServerConnector@78e8ee4c{HTTP/1.1, (http/1.1)}{0.0.0.0:0}
2021-08-10 11:26:41,019 [ForkJoinPool.commonPool-worker-1] INFO  server.session (HouseKeeper.java:stopScavenging(149)) - node0 Stopped scavenging
2021-08-10 11:26:41,021 [ForkJoinPool.commonPool-worker-1] INFO  handler.ContextHandler (ContextHandler.java:doStop(1153)) - Stopped o.e.j.s.ServletContextHandler@14dbff0b{static,/static,jar:file:/home/runner/.m2/repository/org/apache/ozone/hdds-container-service/1.2.0-SNAPSHOT/hdds-container-service-1.2.0-SNAPSHOT.jar!/webapps/static,STOPPED}
2021-08-10 11:26:41,021 [ForkJoinPool.commonPool-worker-1] INFO  handler.ContextHandler (ContextHandler.java:doStop(1153)) - Stopped o.e.j.s.ServletContextHandler@6cec2ff6{logs,/logs,file:///home/runner/work/ozone/ozone/hadoop-ozone/integration-test/target/log,STOPPED}
2021-08-10 11:26:41,029 [Listener at 127.0.0.1/42373] INFO  ozone.MiniOzoneClusterImpl (MiniOzoneClusterImpl.java:stopSCM(542)) - Stopping the StorageContainerManager
2021-08-10 11:26:41,029 [Listener at 127.0.0.1/42373] INFO  server.StorageContainerManager (StorageContainerManager.java:stop(1338)) - Stopping Replication Manager Service.
2021-08-10 11:26:41,029 [Listener at 127.0.0.1/42373] INFO  container.ReplicationManager (ReplicationManager.java:stop(317)) - Stopping Replication Monitor Thread.
2021-08-10 11:26:41,029 [Listener at 127.0.0.1/42373] INFO  server.StorageContainerManager (StorageContainerManager.java:stop(1345)) - Stopping the Datanode Admin Monitor.
2021-08-10 11:26:41,030 [Listener at 127.0.0.1/42373] INFO  server.StorageContainerManager (StorageContainerManager.java:stop(1352)) - Stopping Lease Manager of the command watchers
2021-08-10 11:26:41,030 [Listener at 127.0.0.1/42373] INFO  server.StorageContainerManager (StorageContainerManager.java:stop(1359)) - Stopping datanode service RPC server
2021-08-10 11:26:41,030 [Listener at 127.0.0.1/42373] INFO  server.SCMDatanodeProtocolServer (SCMDatanodeProtocolServer.java:stop(389)) - Stopping the RPC server for DataNodes
2021-08-10 11:26:41,030 [Listener at 127.0.0.1/42373] INFO  ipc.Server (Server.java:stop(3414)) - Stopping server on 37665
2021-08-10 11:26:41,043 [IPC Server listener on 0] INFO  ipc.Server (Server.java:run(1376)) - Stopping IPC Server listener on 0
2021-08-10 11:26:41,071 [SCM Heartbeat Processing Thread - 0] WARN  node.NodeStateManager (NodeStateManager.java:scheduleNextHealthCheck(799)) - Current Thread is interrupted, shutting down HB processing thread for Node Manager.
2021-08-10 11:26:41,071 [Listener at 127.0.0.1/42373] INFO  server.StorageContainerManager (StorageContainerManager.java:stop(1367)) - Stopping block service RPC server
2021-08-10 11:26:41,071 [IPC Server Responder] INFO  ipc.Server (Server.java:run(1512)) - Stopping IPC Server Responder
2021-08-10 11:26:41,072 [Listener at 127.0.0.1/42373] INFO  server.SCMBlockProtocolServer (SCMBlockProtocolServer.java:stop(160)) - Stopping the RPC server for Block Protocol
2021-08-10 11:26:41,072 [Listener at 127.0.0.1/42373] INFO  ipc.Server (Server.java:stop(3414)) - Stopping server on 38233
2021-08-10 11:26:41,074 [Listener at 127.0.0.1/42373] INFO  server.StorageContainerManager (StorageContainerManager.java:stop(1374)) - Stopping the StorageContainerLocationProtocol RPC server
2021-08-10 11:26:41,074 [Listener at 127.0.0.1/42373] INFO  server.SCMClientProtocolServer (SCMClientProtocolServer.java:stop(174)) - Stopping the RPC server for Client Protocol
2021-08-10 11:26:41,074 [Listener at 127.0.0.1/42373] INFO  ipc.Server (Server.java:stop(3414)) - Stopping server on 44649
2021-08-10 11:26:41,075 [IPC Server Responder] INFO  ipc.Server (Server.java:run(1512)) - Stopping IPC Server Responder
2021-08-10 11:26:41,076 [IPC Server listener on 0] INFO  ipc.Server (Server.java:run(1376)) - Stopping IPC Server listener on 0
2021-08-10 11:26:41,117 [Listener at 127.0.0.1/42373] INFO  server.StorageContainerManager (StorageContainerManager.java:stop(1381)) - Stopping Storage Container Manager HTTP server.
2021-08-10 11:26:41,118 [Listener at 127.0.0.1/42373] INFO  handler.ContextHandler (ContextHandler.java:doStop(1153)) - Stopped o.e.j.w.WebAppContext@17db77b2{scm,/,null,STOPPED}{file:/home/runner/work/ozone/ozone/hadoop-ozone/integration-test/target/test-classes/webapps/scm}
2021-08-10 11:26:41,118 [IPC Server listener on 0] INFO  ipc.Server (Server.java:run(1376)) - Stopping IPC Server listener on 0
2021-08-10 11:26:41,118 [IPC Server Responder] INFO  ipc.Server (Server.java:run(1512)) - Stopping IPC Server Responder
2021-08-10 11:26:41,119 [Listener at 127.0.0.1/42373] INFO  server.AbstractConnector (AbstractConnector.java:doStop(381)) - Stopped ServerConnector@3b9eb74c{HTTP/1.1, (http/1.1)}{0.0.0.0:0}
2021-08-10 11:26:41,119 [Listener at 127.0.0.1/42373] INFO  server.session (HouseKeeper.java:stopScavenging(149)) - node0 Stopped scavenging
2021-08-10 11:26:41,119 [Listener at 127.0.0.1/42373] INFO  handler.ContextHandler (ContextHandler.java:doStop(1153)) - Stopped o.e.j.s.ServletContextHandler@1d11a772{static,/static,file:///home/runner/work/ozone/ozone/hadoop-ozone/integration-test/target/test-classes/webapps/static,STOPPED}
2021-08-10 11:26:41,120 [Listener at 127.0.0.1/42373] INFO  handler.ContextHandler (ContextHandler.java:doStop(1153)) - Stopped o.e.j.s.ServletContextHandler@4541c5f0{logs,/logs,file:///home/runner/work/ozone/ozone/hadoop-ozone/integration-test/target/log,STOPPED}
2021-08-10 11:26:41,121 [Listener at 127.0.0.1/42373] INFO  server.StorageContainerManager (StorageContainerManager.java:stop(1392)) - Stopping Block Manager Service.
2021-08-10 11:26:41,121 [Listener at 127.0.0.1/42373] INFO  utils.BackgroundService (BackgroundService.java:shutdown(132)) - Shutting down service SCMBlockDeletingService
2021-08-10 11:26:41,131 [Listener at 127.0.0.1/42373] INFO  utils.BackgroundService (BackgroundService.java:shutdown(132)) - Shutting down service SCMBlockDeletingService
2021-08-10 11:26:41,131 [Listener at 127.0.0.1/42373] INFO  server.StorageContainerManager (StorageContainerManager.java:stop(1419)) - Stopping SCM Event Queue.
2021-08-10 11:26:41,159 [Listener at 127.0.0.1/42373] INFO  server.StorageContainerManager (StorageContainerManager.java:stop(1430)) - Stopping SCM HA services.
2021-08-10 11:26:41,159 [Listener at 127.0.0.1/42373] INFO  pipeline.BackgroundPipelineCreator (BackgroundPipelineCreatorV2.java:stop(158)) - Stopping RatisPipelineUtilsThread.
2021-08-10 11:26:41,160 [Listener at 127.0.0.1/42373] INFO  server.StorageContainerManager (StorageContainerManager.java:stop(1440)) - Stopping SCM MetadataStore.
2021-08-10 11:26:41,160 [Listener at 127.0.0.1/42373] INFO  impl.MetricsSystemImpl (MetricsSystemImpl.java:stop(210)) - Stopping HddsDatanode metrics system...
2021-08-10 11:26:41,258 [prometheus] INFO  impl.MetricsSinkAdapter (MetricsSinkAdapter.java:publishMetricsFromQueue(141)) - prometheus thread interrupted.
2021-08-10 11:26:41,258 [Listener at 127.0.0.1/42373] INFO  impl.MetricsSystemImpl (MetricsSystemImpl.java:stop(216)) - HddsDatanode metrics system stopped.
]]></system-out>
  </testcase>
</testsuite>