<?xml version="1.0" encoding="UTF-8"?>
<testsuite xmlns:xsi="http://www.w3.org/2001/XMLSchema-instance" xsi:noNamespaceSchemaLocation="https://maven.apache.org/surefire/maven-surefire-plugin/xsd/surefire-test-report-3.0.xsd" version="3.0" name="org.apache.hadoop.hdds.scm.storage.TestCommitWatcher" time="374.828" tests="2" errors="1" skipped="0" failures="0">
  <properties>
    <property name="awt.toolkit" value="sun.awt.X11.XToolkit"/>
    <property name="file.encoding.pkg" value="sun.io"/>
    <property name="java.specification.version" value="1.8"/>
    <property name="sun.cpu.isalist" value=""/>
    <property name="sun.jnu.encoding" value="UTF-8"/>
    <property name="gradle.enterprise.listener.surefire.forkId" value="1"/>
    <property name="java.class.path" value="/home/runner/work/ozone/ozone/hadoop-ozone/integration-test/target/test-classes:/home/runner/work/ozone/ozone/hadoop-ozone/integration-test/target/classes:/home/runner/work/ozone/ozone/hadoop-ozone/common/target/classes:/home/runner/.m2/repository/io/grpc/grpc-netty/1.58.0/grpc-netty-1.58.0.jar:/home/runner/.m2/repository/io/grpc/grpc-core/1.58.0/grpc-core-1.58.0.jar:/home/runner/.m2/repository/com/google/android/annotations/4.1.1.4/annotations-4.1.1.4.jar:/home/runner/.m2/repository/org/codehaus/mojo/animal-sniffer-annotations/1.23/animal-sniffer-annotations-1.23.jar:/home/runner/.m2/repository/io/grpc/grpc-context/1.58.0/grpc-context-1.58.0.jar:/home/runner/.m2/repository/io/grpc/grpc-util/1.58.0/grpc-util-1.58.0.jar:/home/runner/.m2/repository/com/google/errorprone/error_prone_annotations/2.2.0/error_prone_annotations-2.2.0.jar:/home/runner/.m2/repository/io/perfmark/perfmark-api/0.26.0/perfmark-api-0.26.0.jar:/home/runner/.m2/repository/io/netty/netty-codec-http2/4.1.100.Final/netty-codec-http2-4.1.100.Final.jar:/home/runner/.m2/repository/io/netty/netty-common/4.1.100.Final/netty-common-4.1.100.Final.jar:/home/runner/.m2/repository/io/netty/netty-buffer/4.1.100.Final/netty-buffer-4.1.100.Final.jar:/home/runner/.m2/repository/io/netty/netty-codec-http/4.1.100.Final/netty-codec-http-4.1.100.Final.jar:/home/runner/.m2/repository/io/netty/netty-handler-proxy/4.1.100.Final/netty-handler-proxy-4.1.100.Final.jar:/home/runner/.m2/repository/io/netty/netty-codec-socks/4.1.100.Final/netty-codec-socks-4.1.100.Final.jar:/home/runner/.m2/repository/io/netty/netty-tcnative-boringssl-static/2.0.61.Final/netty-tcnative-boringssl-static-2.0.61.Final.jar:/home/runner/.m2/repository/io/netty/netty-tcnative-classes/2.0.61.Final/netty-tcnative-classes-2.0.61.Final.jar:/home/runner/.m2/repository/io/netty/netty-tcnative-boringssl-static/2.0.61.Final/netty-tcnative-boringssl-static-2.0.61.Final-linux-x86_64.jar:/home/runner/.m2/repository/io/netty/netty-tcnative-boringssl-static/2.0.61.Final/netty-tcnative-boringssl-static-2.0.61.Final-linux-aarch_64.jar:/home/runner/.m2/repository/io/netty/netty-tcnative-boringssl-static/2.0.61.Final/netty-tcnative-boringssl-static-2.0.61.Final-osx-x86_64.jar:/home/runner/.m2/repository/io/netty/netty-tcnative-boringssl-static/2.0.61.Final/netty-tcnative-boringssl-static-2.0.61.Final-osx-aarch_64.jar:/home/runner/.m2/repository/io/netty/netty-tcnative-boringssl-static/2.0.61.Final/netty-tcnative-boringssl-static-2.0.61.Final-windows-x86_64.jar:/home/runner/.m2/repository/org/apache/commons/commons-compress/1.26.0/commons-compress-1.26.0.jar:/home/runner/work/ozone/ozone/hadoop-hdds/common/target/classes:/home/runner/work/ozone/ozone/hadoop-hdds/client/target/classes:/home/runner/work/ozone/ozone/hadoop-ozone/interface-client/target/classes:/home/runner/.m2/repository/org/apache/hadoop/hadoop-hdfs-client/3.3.6/hadoop-hdfs-client-3.3.6.jar:/home/runner/.m2/repository/com/squareup/okhttp3/okhttp/4.12.0/okhttp-4.12.0.jar:/home/runner/.m2/repository/com/squareup/okio/okio/3.6.0/okio-3.6.0.jar:/home/runner/.m2/repository/com/squareup/okio/okio-jvm/3.6.0/okio-jvm-3.6.0.jar:/home/runner/.m2/repository/org/jetbrains/kotlin/kotlin-stdlib-jdk8/1.9.22/kotlin-stdlib-jdk8-1.9.22.jar:/home/runner/.m2/repository/org/jetbrains/kotlin/kotlin-stdlib-jdk7/1.9.22/kotlin-stdlib-jdk7-1.9.22.jar:/home/runner/.m2/repository/org/jetbrains/kotlin/kotlin-stdlib-common/1.9.22/kotlin-stdlib-common-1.9.22.jar:/home/runner/work/ozone/ozone/hadoop-hdds/test-utils/target/classes:/home/runner/.m2/repository/org/assertj/assertj-core/3.12.2/assertj-core-3.12.2.jar:/home/runner/.m2/repository/com/google/guava/guava/32.0.0-jre/guava-32.0.0-jre.jar:/home/runner/.m2/repository/com/google/guava/failureaccess/1.0.1/failureaccess-1.0.1.jar:/home/runner/.m2/repository/com/google/guava/listenablefuture/9999.0-empty-to-avoid-conflict-with-guava/listenablefuture-9999.0-empty-to-avoid-conflict-with-guava.jar:/home/runner/.m2/repository/org/checkerframework/checker-qual/3.33.0/checker-qual-3.33.0.jar:/home/runner/.m2/repository/com/google/j2objc/j2objc-annotations/2.8/j2objc-annotations-2.8.jar:/home/runner/.m2/repository/commons-io/commons-io/2.16.0/commons-io-2.16.0.jar:/home/runner/.m2/repository/commons-logging/commons-logging/1.2/commons-logging-1.2.jar:/home/runner/.m2/repository/org/junit/jupiter/junit-jupiter-api/5.10.2/junit-jupiter-api-5.10.2.jar:/home/runner/.m2/repository/org/opentest4j/opentest4j/1.3.0/opentest4j-1.3.0.jar:/home/runner/.m2/repository/org/junit/platform/junit-platform-commons/1.10.2/junit-platform-commons-1.10.2.jar:/home/runner/.m2/repository/ch/qos/reload4j/reload4j/1.2.25/reload4j-1.2.25.jar:/home/runner/.m2/repository/jakarta/annotation/jakarta.annotation-api/2.1.1/jakarta.annotation-api-2.1.1.jar:/home/runner/.m2/repository/org/slf4j/slf4j-api/2.0.12/slf4j-api-2.0.12.jar:/home/runner/.m2/repository/org/apache/logging/log4j/log4j-api/2.17.1/log4j-api-2.17.1.jar:/home/runner/work/ozone/ozone/hadoop-hdds/server-scm/target/classes:/home/runner/.m2/repository/com/google/protobuf/protobuf-java/2.5.0/protobuf-java-2.5.0.jar:/home/runner/work/ozone/ozone/hadoop-hdds/container-service/target/classes:/home/runner/work/ozone/ozone/hadoop-hdds/hadoop-dependency-server/target/classes:/home/runner/.m2/repository/com/nimbusds/nimbus-jose-jwt/9.37.2/nimbus-jose-jwt-9.37.2.jar:/home/runner/.m2/repository/com/github/stephenc/jcip/jcip-annotations/1.0-1/jcip-annotations-1.0-1.jar:/home/runner/.m2/repository/org/apache/hadoop/hadoop-hdfs/3.3.6/hadoop-hdfs-3.3.6.jar:/home/runner/.m2/repository/commons-daemon/commons-daemon/1.0.13/commons-daemon-1.0.13.jar:/home/runner/.m2/repository/org/xerial/snappy/snappy-java/1.1.10.5/snappy-java-1.1.10.5.jar:/home/runner/work/ozone/ozone/hadoop-hdds/framework/target/classes:/home/runner/.m2/repository/org/bouncycastle/bcprov-jdk18on/1.77/bcprov-jdk18on-1.77.jar:/home/runner/.m2/repository/io/dropwizard/metrics/metrics-core/3.2.4/metrics-core-3.2.4.jar:/home/runner/.m2/repository/org/apache/commons/commons-text/1.11.0/commons-text-1.11.0.jar:/home/runner/work/ozone/ozone/hadoop-hdds/framework/target/test-classes:/home/runner/work/ozone/ozone/hadoop-hdds/interface-server/target/classes:/home/runner/work/ozone/ozone/hadoop-hdds/interface-admin/target/classes:/home/runner/work/ozone/ozone/hadoop-hdds/managed-rocksdb/target/classes:/home/runner/.m2/repository/org/rocksdb/rocksdbjni/7.7.3/rocksdbjni-7.7.3.jar:/home/runner/.m2/repository/org/slf4j/slf4j-reload4j/2.0.12/slf4j-reload4j-2.0.12.jar:/home/runner/.m2/repository/org/apache/commons/commons-configuration2/2.10.1/commons-configuration2-2.10.1.jar:/home/runner/.m2/repository/commons-fileupload/commons-fileupload/1.5/commons-fileupload-1.5.jar:/home/runner/.m2/repository/org/apache/logging/log4j/log4j-core/2.17.1/log4j-core-2.17.1.jar:/home/runner/.m2/repository/com/lmax/disruptor/3.4.4/disruptor-3.4.4.jar:/home/runner/.m2/repository/org/eclipse/jetty/jetty-util/9.4.53.v20231009/jetty-util-9.4.53.v20231009.jar:/home/runner/.m2/repository/org/eclipse/jetty/jetty-server/9.4.53.v20231009/jetty-server-9.4.53.v20231009.jar:/home/runner/.m2/repository/org/eclipse/jetty/jetty-http/9.4.53.v20231009/jetty-http-9.4.53.v20231009.jar:/home/runner/.m2/repository/org/eclipse/jetty/jetty-io/9.4.53.v20231009/jetty-io-9.4.53.v20231009.jar:/home/runner/.m2/repository/org/eclipse/jetty/jetty-servlet/9.4.53.v20231009/jetty-servlet-9.4.53.v20231009.jar:/home/runner/.m2/repository/org/eclipse/jetty/jetty-security/9.4.53.v20231009/jetty-security-9.4.53.v20231009.jar:/home/runner/.m2/repository/org/eclipse/jetty/jetty-util-ajax/9.4.53.v20231009/jetty-util-ajax-9.4.53.v20231009.jar:/home/runner/.m2/repository/org/eclipse/jetty/jetty-webapp/9.4.53.v20231009/jetty-webapp-9.4.53.v20231009.jar:/home/runner/.m2/repository/org/eclipse/jetty/jetty-xml/9.4.53.v20231009/jetty-xml-9.4.53.v20231009.jar:/home/runner/.m2/repository/org/apache/ratis/ratis-server/3.0.1/ratis-server-3.0.1.jar:/home/runner/.m2/repository/org/apache/ratis/ratis-thirdparty-misc/1.0.5/ratis-thirdparty-misc-1.0.5.jar:/home/runner/.m2/repository/org/apache/ratis/ratis-proto/3.0.1/ratis-proto-3.0.1.jar:/home/runner/.m2/repository/org/apache/ratis/ratis-common/3.0.1/ratis-common-3.0.1.jar:/home/runner/.m2/repository/org/apache/ratis/ratis-client/3.0.1/ratis-client-3.0.1.jar:/home/runner/.m2/repository/org/apache/ratis/ratis-server-api/3.0.1/ratis-server-api-3.0.1.jar:/home/runner/.m2/repository/org/apache/ratis/ratis-metrics-api/3.0.1/ratis-metrics-api-3.0.1.jar:/home/runner/.m2/repository/org/apache/ratis/ratis-metrics-dropwizard3/3.0.1/ratis-metrics-dropwizard3-3.0.1.jar:/home/runner/.m2/repository/io/prometheus/simpleclient_dropwizard/0.16.0/simpleclient_dropwizard-0.16.0.jar:/home/runner/.m2/repository/io/prometheus/simpleclient/0.16.0/simpleclient-0.16.0.jar:/home/runner/.m2/repository/io/prometheus/simpleclient_common/0.16.0/simpleclient_common-0.16.0.jar:/home/runner/.m2/repository/com/fasterxml/jackson/datatype/jackson-datatype-jsr310/2.16.1/jackson-datatype-jsr310-2.16.1.jar:/home/runner/.m2/repository/com/fasterxml/jackson/core/jackson-core/2.16.1/jackson-core-2.16.1.jar:/home/runner/work/ozone/ozone/hadoop-hdds/rocksdb-checkpoint-differ/target/classes:/home/runner/.m2/repository/org/jgrapht/jgrapht-core/1.4.0/jgrapht-core-1.4.0.jar:/home/runner/.m2/repository/org/jheaps/jheaps/0.11/jheaps-0.11.jar:/home/runner/.m2/repository/org/jgrapht/jgrapht-ext/1.4.0/jgrapht-ext-1.4.0.jar:/home/runner/.m2/repository/com/github/vlsi/mxgraph/jgraphx/3.9.8.1/jgraphx-3.9.8.1.jar:/home/runner/work/ozone/ozone/hadoop-ozone/ozone-manager/target/classes:/home/runner/.m2/repository/org/aspectj/aspectjrt/1.9.7/aspectjrt-1.9.7.jar:/home/runner/.m2/repository/org/aspectj/aspectjweaver/1.9.7/aspectjweaver-1.9.7.jar:/home/runner/work/ozone/ozone/hadoop-hdds/interface-client/target/classes:/home/runner/.m2/repository/org/apache/hadoop/thirdparty/hadoop-shaded-protobuf_3_7/1.1.1/hadoop-shaded-protobuf_3_7-1.1.1.jar:/home/runner/work/ozone/ozone/hadoop-ozone/interface-storage/target/classes:/home/runner/.m2/repository/org/reflections/reflections/0.10.2/reflections-0.10.2.jar:/home/runner/.m2/repository/com/sun/jersey/jersey-client/1.19.4/jersey-client-1.19.4.jar:/home/runner/.m2/repository/org/codehaus/jackson/jackson-core-asl/1.9.13/jackson-core-asl-1.9.13.jar:/home/runner/.m2/repository/org/codehaus/jackson/jackson-mapper-asl/1.9.13/jackson-mapper-asl-1.9.13.jar:/home/runner/.m2/repository/org/codehaus/jackson/jackson-jaxrs/1.9.13/jackson-jaxrs-1.9.13.jar:/home/runner/.m2/repository/org/apache/ranger/ranger-intg/2.3.0/ranger-intg-2.3.0.jar:/home/runner/.m2/repository/org/apache/ranger/ranger-plugins-common/2.3.0/ranger-plugins-common-2.3.0.jar:/home/runner/.m2/repository/commons-lang/commons-lang/2.6/commons-lang-2.6.jar:/home/runner/.m2/repository/org/apache/ranger/ranger-plugins-cred/2.3.0/ranger-plugins-cred-2.3.0.jar:/home/runner/.m2/repository/org/apache/ranger/ranger-plugins-audit/2.3.0/ranger-plugins-audit-2.3.0.jar:/home/runner/.m2/repository/org/eclipse/jetty/jetty-client/9.4.53.v20231009/jetty-client-9.4.53.v20231009.jar:/home/runner/.m2/repository/org/apache/httpcomponents/httpmime/4.5.6/httpmime-4.5.6.jar:/home/runner/.m2/repository/org/apache/httpcomponents/httpcore-nio/4.4.16/httpcore-nio-4.4.16.jar:/home/runner/.m2/repository/org/apache/httpcomponents/httpasyncclient/4.1.3/httpasyncclient-4.1.3.jar:/home/runner/.m2/repository/com/carrotsearch/hppc/0.8.0/hppc-0.8.0.jar:/home/runner/.m2/repository/org/apache/orc/orc-core/1.5.8/orc-core-1.5.8.jar:/home/runner/.m2/repository/net/java/dev/jna/jna/5.2.0/jna-5.2.0.jar:/home/runner/.m2/repository/net/java/dev/jna/jna-platform/5.2.0/jna-platform-5.2.0.jar:/home/runner/.m2/repository/com/kstruct/gethostname4j/0.0.2/gethostname4j-0.0.2.jar:/home/runner/.m2/repository/org/apache/ranger/ranger-plugin-classloader/2.3.0/ranger-plugin-classloader-2.3.0.jar:/home/runner/work/ozone/ozone/hadoop-hdds/rocks-native/target/classes:/home/runner/.m2/repository/org/apache/hadoop/hadoop-minikdc/3.3.6/hadoop-minikdc-3.3.6.jar:/home/runner/.m2/repository/org/apache/kerby/kerb-simplekdc/1.0.1/kerb-simplekdc-1.0.1.jar:/home/runner/.m2/repository/org/apache/kerby/kerb-client/1.0.1/kerb-client-1.0.1.jar:/home/runner/.m2/repository/org/apache/kerby/kerby-config/1.0.1/kerby-config-1.0.1.jar:/home/runner/.m2/repository/org/apache/kerby/kerb-common/1.0.1/kerb-common-1.0.1.jar:/home/runner/.m2/repository/org/apache/kerby/kerb-crypto/1.0.1/kerb-crypto-1.0.1.jar:/home/runner/.m2/repository/org/apache/kerby/kerb-util/1.0.1/kerb-util-1.0.1.jar:/home/runner/.m2/repository/org/apache/kerby/token-provider/1.0.1/token-provider-1.0.1.jar:/home/runner/.m2/repository/org/apache/kerby/kerb-admin/1.0.1/kerb-admin-1.0.1.jar:/home/runner/.m2/repository/org/apache/kerby/kerb-server/1.0.1/kerb-server-1.0.1.jar:/home/runner/.m2/repository/org/apache/kerby/kerb-identity/1.0.1/kerb-identity-1.0.1.jar:/home/runner/.m2/repository/org/apache/kerby/kerby-xdr/1.0.1/kerby-xdr-1.0.1.jar:/home/runner/.m2/repository/junit/junit/4.13.2/junit-4.13.2.jar:/home/runner/.m2/repository/org/hamcrest/hamcrest-core/1.3/hamcrest-core-1.3.jar:/home/runner/work/ozone/ozone/hadoop-ozone/s3gateway/target/classes:/home/runner/.m2/repository/org/javassist/javassist/3.21.0-GA/javassist-3.21.0-GA.jar:/home/runner/.m2/repository/org/jboss/weld/servlet/weld-servlet-shaded/3.1.9.Final/weld-servlet-shaded-3.1.9.Final.jar:/home/runner/.m2/repository/org/glassfish/jersey/containers/jersey-container-servlet-core/2.42/jersey-container-servlet-core-2.42.jar:/home/runner/.m2/repository/org/glassfish/hk2/external/jakarta.inject/2.6.1/jakarta.inject-2.6.1.jar:/home/runner/.m2/repository/org/glassfish/jersey/core/jersey-common/2.42/jersey-common-2.42.jar:/home/runner/.m2/repository/jakarta/ws/rs/jakarta.ws.rs-api/2.1.6/jakarta.ws.rs-api-2.1.6.jar:/home/runner/.m2/repository/org/glassfish/jersey/ext/cdi/jersey-cdi1x/2.42/jersey-cdi1x-2.42.jar:/home/runner/.m2/repository/org/glassfish/jersey/inject/jersey-hk2/2.42/jersey-hk2-2.42.jar:/home/runner/.m2/repository/org/glassfish/hk2/hk2-locator/2.6.1/hk2-locator-2.6.1.jar:/home/runner/.m2/repository/org/glassfish/jersey/media/jersey-media-jaxb/2.42/jersey-media-jaxb-2.42.jar:/home/runner/.m2/repository/org/glassfish/hk2/osgi-resource-locator/1.0.3/osgi-resource-locator-1.0.3.jar:/home/runner/.m2/repository/org/glassfish/hk2/hk2-api/2.6.1/hk2-api-2.6.1.jar:/home/runner/.m2/repository/org/glassfish/hk2/hk2-utils/2.6.1/hk2-utils-2.6.1.jar:/home/runner/.m2/repository/org/glassfish/hk2/external/aopalliance-repackaged/2.6.1/aopalliance-repackaged-2.6.1.jar:/home/runner/.m2/repository/com/fasterxml/jackson/dataformat/jackson-dataformat-xml/2.16.1/jackson-dataformat-xml-2.16.1.jar:/home/runner/.m2/repository/org/codehaus/woodstox/stax2-api/4.2.2/stax2-api-4.2.2.jar:/home/runner/.m2/repository/com/fasterxml/woodstox/woodstox-core/5.4.0/woodstox-core-5.4.0.jar:/home/runner/.m2/repository/com/fasterxml/jackson/module/jackson-module-jaxb-annotations/2.16.1/jackson-module-jaxb-annotations-2.16.1.jar:/home/runner/.m2/repository/javax/enterprise/cdi-api/2.0/cdi-api-2.0.jar:/home/runner/.m2/repository/javax/el/javax.el-api/3.0.0/javax.el-api-3.0.0.jar:/home/runner/.m2/repository/javax/interceptor/javax.interceptor-api/1.2/javax.interceptor-api-1.2.jar:/home/runner/.m2/repository/javax/inject/javax.inject/1/javax.inject-1.jar:/home/runner/.m2/repository/jakarta/xml/bind/jakarta.xml.bind-api/2.3.3/jakarta.xml.bind-api-2.3.3.jar:/home/runner/.m2/repository/org/glassfish/jaxb/jaxb-runtime/2.3.9/jaxb-runtime-2.3.9.jar:/home/runner/.m2/repository/org/glassfish/jaxb/txw2/2.3.9/txw2-2.3.9.jar:/home/runner/.m2/repository/com/sun/istack/istack-commons-runtime/3.0.12/istack-commons-runtime-3.0.12.jar:/home/runner/.m2/repository/com/sun/activation/jakarta.activation/1.2.2/jakarta.activation-1.2.2.jar:/home/runner/.m2/repository/jakarta/activation/jakarta.activation-api/1.2.2/jakarta.activation-api-1.2.2.jar:/home/runner/.m2/repository/io/grpc/grpc-protobuf/1.58.0/grpc-protobuf-1.58.0.jar:/home/runner/.m2/repository/com/google/api/grpc/proto-google-common-protos/2.22.0/proto-google-common-protos-2.22.0.jar:/home/runner/.m2/repository/io/grpc/grpc-protobuf-lite/1.58.0/grpc-protobuf-lite-1.58.0.jar:/home/runner/.m2/repository/io/grpc/grpc-stub/1.58.0/grpc-stub-1.58.0.jar:/home/runner/.m2/repository/io/netty/netty-transport/4.1.100.Final/netty-transport-4.1.100.Final.jar:/home/runner/.m2/repository/io/netty/netty-resolver/4.1.100.Final/netty-resolver-4.1.100.Final.jar:/home/runner/work/ozone/ozone/hadoop-ozone/csi/target/classes:/home/runner/.m2/repository/com/google/protobuf/protobuf-java-util/3.19.6/protobuf-java-util-3.19.6.jar:/home/runner/.m2/repository/com/google/code/gson/gson/2.10.1/gson-2.10.1.jar:/home/runner/work/ozone/ozone/hadoop-hdds/config/target/classes:/home/runner/.m2/repository/io/netty/netty-transport-native-epoll/4.1.100.Final/netty-transport-native-epoll-4.1.100.Final-linux-x86_64.jar:/home/runner/.m2/repository/io/netty/netty-transport-classes-epoll/4.1.100.Final/netty-transport-classes-epoll-4.1.100.Final.jar:/home/runner/.m2/repository/io/netty/netty-transport-native-unix-common/4.1.100.Final/netty-transport-native-unix-common-4.1.100.Final.jar:/home/runner/work/ozone/ozone/hadoop-ozone/recon/target/classes:/home/runner/work/ozone/ozone/hadoop-ozone/recon-codegen/target/classes:/home/runner/.m2/repository/com/google/inject/guice/6.0.0/guice-6.0.0.jar:/home/runner/.m2/repository/jakarta/inject/jakarta.inject-api/2.0.1/jakarta.inject-api-2.0.1.jar:/home/runner/.m2/repository/aopalliance/aopalliance/1.0/aopalliance-1.0.jar:/home/runner/.m2/repository/com/google/inject/extensions/guice-assistedinject/6.0.0/guice-assistedinject-6.0.0.jar:/home/runner/.m2/repository/com/google/inject/extensions/guice-servlet/6.0.0/guice-servlet-6.0.0.jar:/home/runner/.m2/repository/org/glassfish/jersey/containers/jersey-container-servlet/2.42/jersey-container-servlet-2.42.jar:/home/runner/.m2/repository/org/glassfish/hk2/guice-bridge/2.6.1/guice-bridge-2.6.1.jar:/home/runner/.m2/repository/org/glassfish/jersey/core/jersey-server/2.42/jersey-server-2.42.jar:/home/runner/.m2/repository/org/glassfish/jersey/core/jersey-client/2.42/jersey-client-2.42.jar:/home/runner/.m2/repository/jakarta/validation/jakarta.validation-api/2.0.2/jakarta.validation-api-2.0.2.jar:/home/runner/.m2/repository/org/glassfish/jersey/media/jersey-media-json-jackson/2.42/jersey-media-json-jackson-2.42.jar:/home/runner/.m2/repository/org/glassfish/jersey/ext/jersey-entity-filtering/2.42/jersey-entity-filtering-2.42.jar:/home/runner/.m2/repository/org/jooq/jooq/3.11.10/jooq-3.11.10.jar:/home/runner/.m2/repository/org/jooq/jooq-meta/3.11.10/jooq-meta-3.11.10.jar:/home/runner/.m2/repository/org/jooq/jooq-codegen/3.11.10/jooq-codegen-3.11.10.jar:/home/runner/.m2/repository/com/jolbox/bonecp/0.8.0.RELEASE/bonecp-0.8.0.RELEASE.jar:/home/runner/.m2/repository/org/apache/derby/derby/10.14.2.0/derby-10.14.2.0.jar:/home/runner/.m2/repository/org/xerial/sqlite-jdbc/3.44.1.0/sqlite-jdbc-3.44.1.0.jar:/home/runner/.m2/repository/org/springframework/spring-jdbc/5.3.27/spring-jdbc-5.3.27.jar:/home/runner/.m2/repository/org/springframework/spring-beans/5.3.27/spring-beans-5.3.27.jar:/home/runner/.m2/repository/org/springframework/spring-core/5.3.27/spring-core-5.3.27.jar:/home/runner/.m2/repository/org/springframework/spring-tx/5.3.27/spring-tx-5.3.27.jar:/home/runner/work/ozone/ozone/hadoop-ozone/client/target/classes:/home/runner/work/ozone/ozone/hadoop-hdds/erasurecode/target/classes:/home/runner/work/ozone/ozone/hadoop-ozone/ozonefs/target/classes:/home/runner/work/ozone/ozone/hadoop-ozone/ozonefs-common/target/classes:/home/runner/work/ozone/ozone/hadoop-ozone/tools/target/classes:/home/runner/.m2/repository/com/amazonaws/aws-java-sdk-core/1.12.661/aws-java-sdk-core-1.12.661.jar:/home/runner/.m2/repository/org/apache/httpcomponents/httpclient/4.5.14/httpclient-4.5.14.jar:/home/runner/.m2/repository/org/apache/httpcomponents/httpcore/4.4.16/httpcore-4.4.16.jar:/home/runner/.m2/repository/com/fasterxml/jackson/dataformat/jackson-dataformat-cbor/2.16.1/jackson-dataformat-cbor-2.16.1.jar:/home/runner/.m2/repository/joda-time/joda-time/2.12.7/joda-time-2.12.7.jar:/home/runner/.m2/repository/com/amazonaws/aws-java-sdk-s3/1.12.661/aws-java-sdk-s3-1.12.661.jar:/home/runner/.m2/repository/com/amazonaws/aws-java-sdk-kms/1.12.661/aws-java-sdk-kms-1.12.661.jar:/home/runner/.m2/repository/com/amazonaws/jmespath-java/1.12.661/jmespath-java-1.12.661.jar:/home/runner/.m2/repository/org/kohsuke/metainf-services/metainf-services/1.11/metainf-services-1.11.jar:/home/runner/work/ozone/ozone/hadoop-hdds/tools/target/classes:/home/runner/.m2/repository/org/apache/ratis/ratis-tools/3.0.1/ratis-tools-3.0.1.jar:/home/runner/.m2/repository/commons-cli/commons-cli/1.6.0/commons-cli-1.6.0.jar:/home/runner/.m2/repository/org/apache/commons/commons-lang3/3.14.0/commons-lang3-3.14.0.jar:/home/runner/work/ozone/ozone/hadoop-ozone/ozone-manager/target/test-classes:/home/runner/work/ozone/ozone/hadoop-hdds/common/target/test-classes:/home/runner/work/ozone/ozone/hadoop-hdds/hadoop-dependency-client/target/classes:/home/runner/.m2/repository/info/picocli/picocli/4.7.5/picocli-4.7.5.jar:/home/runner/.m2/repository/com/fasterxml/jackson/core/jackson-annotations/2.16.1/jackson-annotations-2.16.1.jar:/home/runner/work/ozone/ozone/hadoop-hdds/annotations/target/classes:/home/runner/.m2/repository/javax/annotation/javax.annotation-api/1.3.2/javax.annotation-api-1.3.2.jar:/home/runner/.m2/repository/org/apache/ratis/ratis-netty/3.0.1/ratis-netty-3.0.1.jar:/home/runner/.m2/repository/org/apache/ratis/ratis-grpc/3.0.1/ratis-grpc-3.0.1.jar:/home/runner/.m2/repository/org/bouncycastle/bcpkix-jdk18on/1.77/bcpkix-jdk18on-1.77.jar:/home/runner/.m2/repository/org/bouncycastle/bcutil-jdk18on/1.77/bcutil-jdk18on-1.77.jar:/home/runner/.m2/repository/commons-validator/commons-validator/1.6/commons-validator-1.6.jar:/home/runner/.m2/repository/commons-beanutils/commons-beanutils/1.9.4/commons-beanutils-1.9.4.jar:/home/runner/.m2/repository/commons-digester/commons-digester/1.8.1/commons-digester-1.8.1.jar:/home/runner/.m2/repository/commons-collections/commons-collections/3.2.2/commons-collections-3.2.2.jar:/home/runner/.m2/repository/io/jaegertracing/jaeger-client/1.8.1/jaeger-client-1.8.1.jar:/home/runner/.m2/repository/io/jaegertracing/jaeger-thrift/1.8.1/jaeger-thrift-1.8.1.jar:/home/runner/.m2/repository/org/apache/thrift/libthrift/0.15.0/libthrift-0.15.0.jar:/home/runner/.m2/repository/io/jaegertracing/jaeger-core/1.8.1/jaeger-core-1.8.1.jar:/home/runner/.m2/repository/io/jaegertracing/jaeger-tracerresolver/1.8.1/jaeger-tracerresolver-1.8.1.jar:/home/runner/.m2/repository/io/opentracing/contrib/opentracing-tracerresolver/0.1.8/opentracing-tracerresolver-0.1.8.jar:/home/runner/.m2/repository/org/jetbrains/kotlin/kotlin-stdlib/1.9.22/kotlin-stdlib-1.9.22.jar:/home/runner/.m2/repository/org/jetbrains/annotations/13.0/annotations-13.0.jar:/home/runner/.m2/repository/io/opentracing/opentracing-util/0.33.0/opentracing-util-0.33.0.jar:/home/runner/.m2/repository/io/opentracing/opentracing-api/0.33.0/opentracing-api-0.33.0.jar:/home/runner/.m2/repository/io/opentracing/opentracing-noop/0.33.0/opentracing-noop-0.33.0.jar:/home/runner/.m2/repository/org/yaml/snakeyaml/2.0/snakeyaml-2.0.jar:/home/runner/.m2/repository/io/grpc/grpc-api/1.58.0/grpc-api-1.58.0.jar:/home/runner/.m2/repository/org/junit/platform/junit-platform-launcher/1.10.2/junit-platform-launcher-1.10.2.jar:/home/runner/.m2/repository/org/junit/platform/junit-platform-engine/1.10.2/junit-platform-engine-1.10.2.jar:/home/runner/.m2/repository/org/apiguardian/apiguardian-api/1.1.2/apiguardian-api-1.1.2.jar:/home/runner/.m2/repository/org/apache/hadoop/hadoop-kms/3.3.6/hadoop-kms-3.3.6.jar:/home/runner/.m2/repository/org/apache/hadoop/hadoop-auth/3.3.6/hadoop-auth-3.3.6.jar:/home/runner/.m2/repository/org/apache/zookeeper/zookeeper/3.8.4/zookeeper-3.8.4.jar:/home/runner/.m2/repository/org/apache/zookeeper/zookeeper-jute/3.8.4/zookeeper-jute-3.8.4.jar:/home/runner/.m2/repository/org/apache/yetus/audience-annotations/0.12.0/audience-annotations-0.12.0.jar:/home/runner/.m2/repository/org/apache/curator/curator-framework/4.2.0/curator-framework-4.2.0.jar:/home/runner/.m2/repository/org/apache/hadoop/thirdparty/hadoop-shaded-guava/1.2.0/hadoop-shaded-guava-1.2.0.jar:/home/runner/.m2/repository/com/sun/jersey/jersey-core/1.19.4/jersey-core-1.19.4.jar:/home/runner/.m2/repository/javax/ws/rs/jsr311-api/1.1.1/jsr311-api-1.1.1.jar:/home/runner/.m2/repository/com/sun/jersey/jersey-server/1.19.4/jersey-server-1.19.4.jar:/home/runner/.m2/repository/javax/servlet/javax.servlet-api/3.1.0/javax.servlet-api-3.1.0.jar:/home/runner/.m2/repository/org/apache/hadoop/hadoop-common/3.3.6/hadoop-common-3.3.6.jar:/home/runner/.m2/repository/org/apache/commons/commons-math3/3.6.1/commons-math3-3.6.1.jar:/home/runner/.m2/repository/commons-net/commons-net/3.10.0/commons-net-3.10.0.jar:/home/runner/.m2/repository/com/sun/jersey/jersey-servlet/1.19.4/jersey-servlet-1.19.4.jar:/home/runner/.m2/repository/com/github/pjfanning/jersey-json/1.20/jersey-json-1.20.jar:/home/runner/.m2/repository/org/codehaus/jettison/jettison/1.1/jettison-1.1.jar:/home/runner/.m2/repository/com/sun/xml/bind/jaxb-impl/2.2.3-1/jaxb-impl-2.2.3-1.jar:/home/runner/.m2/repository/com/google/re2j/re2j/1.7/re2j-1.7.jar:/home/runner/.m2/repository/com/jcraft/jsch/0.1.54/jsch-0.1.54.jar:/home/runner/.m2/repository/org/apache/curator/curator-client/4.2.0/curator-client-4.2.0.jar:/home/runner/.m2/repository/org/apache/curator/curator-recipes/5.2.0/curator-recipes-5.2.0.jar:/home/runner/.m2/repository/com/google/code/findbugs/jsr305/3.0.2/jsr305-3.0.2.jar:/home/runner/.m2/repository/org/apache/kerby/kerb-core/1.0.1/kerb-core-1.0.1.jar:/home/runner/.m2/repository/org/apache/kerby/kerby-pkix/1.0.1/kerby-pkix-1.0.1.jar:/home/runner/.m2/repository/org/apache/kerby/kerby-asn1/1.0.1/kerby-asn1-1.0.1.jar:/home/runner/.m2/repository/org/apache/kerby/kerby-util/1.0.1/kerby-util-1.0.1.jar:/home/runner/.m2/repository/dnsjava/dnsjava/2.1.7/dnsjava-2.1.7.jar:/home/runner/.m2/repository/com/fasterxml/jackson/core/jackson-databind/2.16.1/jackson-databind-2.16.1.jar:/home/runner/.m2/repository/org/apache/hadoop/hadoop-kms/3.3.6/hadoop-kms-3.3.6-tests.jar:/home/runner/work/ozone/ozone/hadoop-hdds/server-scm/target/test-classes:/home/runner/work/ozone/ozone/hadoop-hdds/container-service/target/test-classes:/home/runner/.m2/repository/com/github/luben/zstd-jni/1.5.6-2/zstd-jni-1.5.6-2.jar:/home/runner/.m2/repository/commons-codec/commons-codec/1.15/commons-codec-1.15.jar:/home/runner/.m2/repository/io/netty/netty-codec/4.1.100.Final/netty-codec-4.1.100.Final.jar:/home/runner/.m2/repository/io/netty/netty-handler/4.1.100.Final/netty-handler-4.1.100.Final.jar:/home/runner/work/ozone/ozone/hadoop-hdds/hadoop-dependency-test/target/classes:/home/runner/.m2/repository/org/apache/hadoop/hadoop-common/3.3.6/hadoop-common-3.3.6-tests.jar:/home/runner/.m2/repository/org/apache/hadoop/hadoop-hdfs/3.3.6/hadoop-hdfs-3.3.6-tests.jar:/home/runner/.m2/repository/org/junit/jupiter/junit-jupiter-engine/5.10.2/junit-jupiter-engine-5.10.2.jar:/home/runner/.m2/repository/org/junit/jupiter/junit-jupiter-params/5.10.2/junit-jupiter-params-5.10.2.jar:/home/runner/.m2/repository/org/mockito/mockito-core/4.11.0/mockito-core-4.11.0.jar:/home/runner/.m2/repository/net/bytebuddy/byte-buddy/1.12.19/byte-buddy-1.12.19.jar:/home/runner/.m2/repository/net/bytebuddy/byte-buddy-agent/1.12.19/byte-buddy-agent-1.12.19.jar:/home/runner/.m2/repository/org/objenesis/objenesis/3.3/objenesis-3.3.jar:/home/runner/.m2/repository/org/mockito/mockito-junit-jupiter/4.11.0/mockito-junit-jupiter-4.11.0.jar:/home/runner/.m2/repository/org/apache/hadoop/hadoop-distcp/3.3.6/hadoop-distcp-3.3.6.jar:/home/runner/.m2/repository/org/apache/hadoop/hadoop-mapreduce-client-jobclient/3.3.6/hadoop-mapreduce-client-jobclient-3.3.6.jar:/home/runner/.m2/repository/org/apache/hadoop/hadoop-mapreduce-client-common/3.3.6/hadoop-mapreduce-client-common-3.3.6.jar:/home/runner/.m2/repository/org/apache/hadoop/hadoop-yarn-common/3.3.6/hadoop-yarn-common-3.3.6.jar:/home/runner/.m2/repository/org/apache/hadoop/hadoop-yarn-api/3.3.6/hadoop-yarn-api-3.3.6.jar:/home/runner/.m2/repository/javax/xml/bind/jaxb-api/2.2.11/jaxb-api-2.2.11.jar:/home/runner/.m2/repository/com/sun/jersey/contribs/jersey-guice/1.19.4/jersey-guice-1.19.4.jar:/home/runner/.m2/repository/com/fasterxml/jackson/jaxrs/jackson-jaxrs-json-provider/2.16.1/jackson-jaxrs-json-provider-2.16.1.jar:/home/runner/.m2/repository/com/fasterxml/jackson/jaxrs/jackson-jaxrs-base/2.16.1/jackson-jaxrs-base-2.16.1.jar:/home/runner/.m2/repository/org/apache/hadoop/hadoop-yarn-client/3.3.6/hadoop-yarn-client-3.3.6.jar:/home/runner/.m2/repository/org/eclipse/jetty/websocket/websocket-client/9.4.51.v20230217/websocket-client-9.4.51.v20230217.jar:/home/runner/.m2/repository/org/eclipse/jetty/websocket/websocket-common/9.4.51.v20230217/websocket-common-9.4.51.v20230217.jar:/home/runner/.m2/repository/org/eclipse/jetty/websocket/websocket-api/9.4.51.v20230217/websocket-api-9.4.51.v20230217.jar:/home/runner/.m2/repository/org/jline/jline/3.9.0/jline-3.9.0.jar:/home/runner/.m2/repository/org/apache/hadoop/hadoop-mapreduce-client-core/3.3.6/hadoop-mapreduce-client-core-3.3.6.jar:/home/runner/.m2/repository/org/apache/avro/avro/1.7.7/avro-1.7.7.jar:/home/runner/.m2/repository/com/thoughtworks/paranamer/paranamer/2.3/paranamer-2.3.jar:/home/runner/.m2/repository/org/apache/hadoop/hadoop-annotations/3.3.6/hadoop-annotations-3.3.6.jar:/usr/lib/jvm/temurin-8-jdk-amd64/jre/../lib/tools.jar:/home/runner/.m2/repository/io/netty/netty/3.10.6.Final/netty-3.10.6.Final.jar:/home/runner/.m2/repository/org/apache/hadoop/hadoop-distcp/3.3.6/hadoop-distcp-3.3.6-tests.jar:/home/runner/.m2/repository/org/hamcrest/hamcrest/2.2/hamcrest-2.2.jar:/home/runner/.m2/repository/org/slf4j/jul-to-slf4j/2.0.12/jul-to-slf4j-2.0.12.jar:/home/runner/work/ozone/ozone/hadoop-ozone/integration-test/target/gradle-enterprise/test-listeners.jar:"/>
    <property name="java.vm.vendor" value="Temurin"/>
    <property name="sun.arch.data.model" value="64"/>
    <property name="test.build.dir" value="/home/runner/work/ozone/ozone/hadoop-ozone/integration-test/target/test-dir"/>
    <property name="test.cache.data" value=""/>
    <property name="java.vendor.url" value="https://adoptium.net/"/>
    <property name="user.timezone" value="Etc/UTC"/>
    <property name="maven-surefire-plugin.argLineAccessArgs" value=""/>
    <property name="os.name" value="Linux"/>
    <property name="java.vm.specification.version" value="1.8"/>
    <property name="test.build.data" value="/home/runner/work/ozone/ozone/hadoop-ozone/integration-test/target/test-dir"/>
    <property name="sun.java.launcher" value="SUN_STANDARD"/>
    <property name="sun.boot.library.path" value="/usr/lib/jvm/temurin-8-jdk-amd64/jre/lib/amd64"/>
    <property name="sun.java.command" value="/home/runner/work/ozone/ozone/hadoop-ozone/integration-test/target/surefire/surefirebooter7493936843004031932.jar /home/runner/work/ozone/ozone/hadoop-ozone/integration-test/target/surefire 2024-04-09T11-28-11_039-jvmRun1 surefire8442128341934914998tmp surefire_333285029514548836424tmp"/>
    <property name="native.lib.tmp.dir" value="/tmp"/>
    <property name="surefire.test.class.path" value="/home/runner/work/ozone/ozone/hadoop-ozone/integration-test/target/test-classes:/home/runner/work/ozone/ozone/hadoop-ozone/integration-test/target/classes:/home/runner/work/ozone/ozone/hadoop-ozone/common/target/classes:/home/runner/.m2/repository/io/grpc/grpc-netty/1.58.0/grpc-netty-1.58.0.jar:/home/runner/.m2/repository/io/grpc/grpc-core/1.58.0/grpc-core-1.58.0.jar:/home/runner/.m2/repository/com/google/android/annotations/4.1.1.4/annotations-4.1.1.4.jar:/home/runner/.m2/repository/org/codehaus/mojo/animal-sniffer-annotations/1.23/animal-sniffer-annotations-1.23.jar:/home/runner/.m2/repository/io/grpc/grpc-context/1.58.0/grpc-context-1.58.0.jar:/home/runner/.m2/repository/io/grpc/grpc-util/1.58.0/grpc-util-1.58.0.jar:/home/runner/.m2/repository/com/google/errorprone/error_prone_annotations/2.2.0/error_prone_annotations-2.2.0.jar:/home/runner/.m2/repository/io/perfmark/perfmark-api/0.26.0/perfmark-api-0.26.0.jar:/home/runner/.m2/repository/io/netty/netty-codec-http2/4.1.100.Final/netty-codec-http2-4.1.100.Final.jar:/home/runner/.m2/repository/io/netty/netty-common/4.1.100.Final/netty-common-4.1.100.Final.jar:/home/runner/.m2/repository/io/netty/netty-buffer/4.1.100.Final/netty-buffer-4.1.100.Final.jar:/home/runner/.m2/repository/io/netty/netty-codec-http/4.1.100.Final/netty-codec-http-4.1.100.Final.jar:/home/runner/.m2/repository/io/netty/netty-handler-proxy/4.1.100.Final/netty-handler-proxy-4.1.100.Final.jar:/home/runner/.m2/repository/io/netty/netty-codec-socks/4.1.100.Final/netty-codec-socks-4.1.100.Final.jar:/home/runner/.m2/repository/io/netty/netty-tcnative-boringssl-static/2.0.61.Final/netty-tcnative-boringssl-static-2.0.61.Final.jar:/home/runner/.m2/repository/io/netty/netty-tcnative-classes/2.0.61.Final/netty-tcnative-classes-2.0.61.Final.jar:/home/runner/.m2/repository/io/netty/netty-tcnative-boringssl-static/2.0.61.Final/netty-tcnative-boringssl-static-2.0.61.Final-linux-x86_64.jar:/home/runner/.m2/repository/io/netty/netty-tcnative-boringssl-static/2.0.61.Final/netty-tcnative-boringssl-static-2.0.61.Final-linux-aarch_64.jar:/home/runner/.m2/repository/io/netty/netty-tcnative-boringssl-static/2.0.61.Final/netty-tcnative-boringssl-static-2.0.61.Final-osx-x86_64.jar:/home/runner/.m2/repository/io/netty/netty-tcnative-boringssl-static/2.0.61.Final/netty-tcnative-boringssl-static-2.0.61.Final-osx-aarch_64.jar:/home/runner/.m2/repository/io/netty/netty-tcnative-boringssl-static/2.0.61.Final/netty-tcnative-boringssl-static-2.0.61.Final-windows-x86_64.jar:/home/runner/.m2/repository/org/apache/commons/commons-compress/1.26.0/commons-compress-1.26.0.jar:/home/runner/work/ozone/ozone/hadoop-hdds/common/target/classes:/home/runner/work/ozone/ozone/hadoop-hdds/client/target/classes:/home/runner/work/ozone/ozone/hadoop-ozone/interface-client/target/classes:/home/runner/.m2/repository/org/apache/hadoop/hadoop-hdfs-client/3.3.6/hadoop-hdfs-client-3.3.6.jar:/home/runner/.m2/repository/com/squareup/okhttp3/okhttp/4.12.0/okhttp-4.12.0.jar:/home/runner/.m2/repository/com/squareup/okio/okio/3.6.0/okio-3.6.0.jar:/home/runner/.m2/repository/com/squareup/okio/okio-jvm/3.6.0/okio-jvm-3.6.0.jar:/home/runner/.m2/repository/org/jetbrains/kotlin/kotlin-stdlib-jdk8/1.9.22/kotlin-stdlib-jdk8-1.9.22.jar:/home/runner/.m2/repository/org/jetbrains/kotlin/kotlin-stdlib-jdk7/1.9.22/kotlin-stdlib-jdk7-1.9.22.jar:/home/runner/.m2/repository/org/jetbrains/kotlin/kotlin-stdlib-common/1.9.22/kotlin-stdlib-common-1.9.22.jar:/home/runner/work/ozone/ozone/hadoop-hdds/test-utils/target/classes:/home/runner/.m2/repository/org/assertj/assertj-core/3.12.2/assertj-core-3.12.2.jar:/home/runner/.m2/repository/com/google/guava/guava/32.0.0-jre/guava-32.0.0-jre.jar:/home/runner/.m2/repository/com/google/guava/failureaccess/1.0.1/failureaccess-1.0.1.jar:/home/runner/.m2/repository/com/google/guava/listenablefuture/9999.0-empty-to-avoid-conflict-with-guava/listenablefuture-9999.0-empty-to-avoid-conflict-with-guava.jar:/home/runner/.m2/repository/org/checkerframework/checker-qual/3.33.0/checker-qual-3.33.0.jar:/home/runner/.m2/repository/com/google/j2objc/j2objc-annotations/2.8/j2objc-annotations-2.8.jar:/home/runner/.m2/repository/commons-io/commons-io/2.16.0/commons-io-2.16.0.jar:/home/runner/.m2/repository/commons-logging/commons-logging/1.2/commons-logging-1.2.jar:/home/runner/.m2/repository/org/junit/jupiter/junit-jupiter-api/5.10.2/junit-jupiter-api-5.10.2.jar:/home/runner/.m2/repository/org/opentest4j/opentest4j/1.3.0/opentest4j-1.3.0.jar:/home/runner/.m2/repository/org/junit/platform/junit-platform-commons/1.10.2/junit-platform-commons-1.10.2.jar:/home/runner/.m2/repository/ch/qos/reload4j/reload4j/1.2.25/reload4j-1.2.25.jar:/home/runner/.m2/repository/jakarta/annotation/jakarta.annotation-api/2.1.1/jakarta.annotation-api-2.1.1.jar:/home/runner/.m2/repository/org/slf4j/slf4j-api/2.0.12/slf4j-api-2.0.12.jar:/home/runner/.m2/repository/org/apache/logging/log4j/log4j-api/2.17.1/log4j-api-2.17.1.jar:/home/runner/work/ozone/ozone/hadoop-hdds/server-scm/target/classes:/home/runner/.m2/repository/com/google/protobuf/protobuf-java/2.5.0/protobuf-java-2.5.0.jar:/home/runner/work/ozone/ozone/hadoop-hdds/container-service/target/classes:/home/runner/work/ozone/ozone/hadoop-hdds/hadoop-dependency-server/target/classes:/home/runner/.m2/repository/com/nimbusds/nimbus-jose-jwt/9.37.2/nimbus-jose-jwt-9.37.2.jar:/home/runner/.m2/repository/com/github/stephenc/jcip/jcip-annotations/1.0-1/jcip-annotations-1.0-1.jar:/home/runner/.m2/repository/org/apache/hadoop/hadoop-hdfs/3.3.6/hadoop-hdfs-3.3.6.jar:/home/runner/.m2/repository/commons-daemon/commons-daemon/1.0.13/commons-daemon-1.0.13.jar:/home/runner/.m2/repository/org/xerial/snappy/snappy-java/1.1.10.5/snappy-java-1.1.10.5.jar:/home/runner/work/ozone/ozone/hadoop-hdds/framework/target/classes:/home/runner/.m2/repository/org/bouncycastle/bcprov-jdk18on/1.77/bcprov-jdk18on-1.77.jar:/home/runner/.m2/repository/io/dropwizard/metrics/metrics-core/3.2.4/metrics-core-3.2.4.jar:/home/runner/.m2/repository/org/apache/commons/commons-text/1.11.0/commons-text-1.11.0.jar:/home/runner/work/ozone/ozone/hadoop-hdds/framework/target/test-classes:/home/runner/work/ozone/ozone/hadoop-hdds/interface-server/target/classes:/home/runner/work/ozone/ozone/hadoop-hdds/interface-admin/target/classes:/home/runner/work/ozone/ozone/hadoop-hdds/managed-rocksdb/target/classes:/home/runner/.m2/repository/org/rocksdb/rocksdbjni/7.7.3/rocksdbjni-7.7.3.jar:/home/runner/.m2/repository/org/slf4j/slf4j-reload4j/2.0.12/slf4j-reload4j-2.0.12.jar:/home/runner/.m2/repository/org/apache/commons/commons-configuration2/2.10.1/commons-configuration2-2.10.1.jar:/home/runner/.m2/repository/commons-fileupload/commons-fileupload/1.5/commons-fileupload-1.5.jar:/home/runner/.m2/repository/org/apache/logging/log4j/log4j-core/2.17.1/log4j-core-2.17.1.jar:/home/runner/.m2/repository/com/lmax/disruptor/3.4.4/disruptor-3.4.4.jar:/home/runner/.m2/repository/org/eclipse/jetty/jetty-util/9.4.53.v20231009/jetty-util-9.4.53.v20231009.jar:/home/runner/.m2/repository/org/eclipse/jetty/jetty-server/9.4.53.v20231009/jetty-server-9.4.53.v20231009.jar:/home/runner/.m2/repository/org/eclipse/jetty/jetty-http/9.4.53.v20231009/jetty-http-9.4.53.v20231009.jar:/home/runner/.m2/repository/org/eclipse/jetty/jetty-io/9.4.53.v20231009/jetty-io-9.4.53.v20231009.jar:/home/runner/.m2/repository/org/eclipse/jetty/jetty-servlet/9.4.53.v20231009/jetty-servlet-9.4.53.v20231009.jar:/home/runner/.m2/repository/org/eclipse/jetty/jetty-security/9.4.53.v20231009/jetty-security-9.4.53.v20231009.jar:/home/runner/.m2/repository/org/eclipse/jetty/jetty-util-ajax/9.4.53.v20231009/jetty-util-ajax-9.4.53.v20231009.jar:/home/runner/.m2/repository/org/eclipse/jetty/jetty-webapp/9.4.53.v20231009/jetty-webapp-9.4.53.v20231009.jar:/home/runner/.m2/repository/org/eclipse/jetty/jetty-xml/9.4.53.v20231009/jetty-xml-9.4.53.v20231009.jar:/home/runner/.m2/repository/org/apache/ratis/ratis-server/3.0.1/ratis-server-3.0.1.jar:/home/runner/.m2/repository/org/apache/ratis/ratis-thirdparty-misc/1.0.5/ratis-thirdparty-misc-1.0.5.jar:/home/runner/.m2/repository/org/apache/ratis/ratis-proto/3.0.1/ratis-proto-3.0.1.jar:/home/runner/.m2/repository/org/apache/ratis/ratis-common/3.0.1/ratis-common-3.0.1.jar:/home/runner/.m2/repository/org/apache/ratis/ratis-client/3.0.1/ratis-client-3.0.1.jar:/home/runner/.m2/repository/org/apache/ratis/ratis-server-api/3.0.1/ratis-server-api-3.0.1.jar:/home/runner/.m2/repository/org/apache/ratis/ratis-metrics-api/3.0.1/ratis-metrics-api-3.0.1.jar:/home/runner/.m2/repository/org/apache/ratis/ratis-metrics-dropwizard3/3.0.1/ratis-metrics-dropwizard3-3.0.1.jar:/home/runner/.m2/repository/io/prometheus/simpleclient_dropwizard/0.16.0/simpleclient_dropwizard-0.16.0.jar:/home/runner/.m2/repository/io/prometheus/simpleclient/0.16.0/simpleclient-0.16.0.jar:/home/runner/.m2/repository/io/prometheus/simpleclient_common/0.16.0/simpleclient_common-0.16.0.jar:/home/runner/.m2/repository/com/fasterxml/jackson/datatype/jackson-datatype-jsr310/2.16.1/jackson-datatype-jsr310-2.16.1.jar:/home/runner/.m2/repository/com/fasterxml/jackson/core/jackson-core/2.16.1/jackson-core-2.16.1.jar:/home/runner/work/ozone/ozone/hadoop-hdds/rocksdb-checkpoint-differ/target/classes:/home/runner/.m2/repository/org/jgrapht/jgrapht-core/1.4.0/jgrapht-core-1.4.0.jar:/home/runner/.m2/repository/org/jheaps/jheaps/0.11/jheaps-0.11.jar:/home/runner/.m2/repository/org/jgrapht/jgrapht-ext/1.4.0/jgrapht-ext-1.4.0.jar:/home/runner/.m2/repository/com/github/vlsi/mxgraph/jgraphx/3.9.8.1/jgraphx-3.9.8.1.jar:/home/runner/work/ozone/ozone/hadoop-ozone/ozone-manager/target/classes:/home/runner/.m2/repository/org/aspectj/aspectjrt/1.9.7/aspectjrt-1.9.7.jar:/home/runner/.m2/repository/org/aspectj/aspectjweaver/1.9.7/aspectjweaver-1.9.7.jar:/home/runner/work/ozone/ozone/hadoop-hdds/interface-client/target/classes:/home/runner/.m2/repository/org/apache/hadoop/thirdparty/hadoop-shaded-protobuf_3_7/1.1.1/hadoop-shaded-protobuf_3_7-1.1.1.jar:/home/runner/work/ozone/ozone/hadoop-ozone/interface-storage/target/classes:/home/runner/.m2/repository/org/reflections/reflections/0.10.2/reflections-0.10.2.jar:/home/runner/.m2/repository/com/sun/jersey/jersey-client/1.19.4/jersey-client-1.19.4.jar:/home/runner/.m2/repository/org/codehaus/jackson/jackson-core-asl/1.9.13/jackson-core-asl-1.9.13.jar:/home/runner/.m2/repository/org/codehaus/jackson/jackson-mapper-asl/1.9.13/jackson-mapper-asl-1.9.13.jar:/home/runner/.m2/repository/org/codehaus/jackson/jackson-jaxrs/1.9.13/jackson-jaxrs-1.9.13.jar:/home/runner/.m2/repository/org/apache/ranger/ranger-intg/2.3.0/ranger-intg-2.3.0.jar:/home/runner/.m2/repository/org/apache/ranger/ranger-plugins-common/2.3.0/ranger-plugins-common-2.3.0.jar:/home/runner/.m2/repository/commons-lang/commons-lang/2.6/commons-lang-2.6.jar:/home/runner/.m2/repository/org/apache/ranger/ranger-plugins-cred/2.3.0/ranger-plugins-cred-2.3.0.jar:/home/runner/.m2/repository/org/apache/ranger/ranger-plugins-audit/2.3.0/ranger-plugins-audit-2.3.0.jar:/home/runner/.m2/repository/org/eclipse/jetty/jetty-client/9.4.53.v20231009/jetty-client-9.4.53.v20231009.jar:/home/runner/.m2/repository/org/apache/httpcomponents/httpmime/4.5.6/httpmime-4.5.6.jar:/home/runner/.m2/repository/org/apache/httpcomponents/httpcore-nio/4.4.16/httpcore-nio-4.4.16.jar:/home/runner/.m2/repository/org/apache/httpcomponents/httpasyncclient/4.1.3/httpasyncclient-4.1.3.jar:/home/runner/.m2/repository/com/carrotsearch/hppc/0.8.0/hppc-0.8.0.jar:/home/runner/.m2/repository/org/apache/orc/orc-core/1.5.8/orc-core-1.5.8.jar:/home/runner/.m2/repository/net/java/dev/jna/jna/5.2.0/jna-5.2.0.jar:/home/runner/.m2/repository/net/java/dev/jna/jna-platform/5.2.0/jna-platform-5.2.0.jar:/home/runner/.m2/repository/com/kstruct/gethostname4j/0.0.2/gethostname4j-0.0.2.jar:/home/runner/.m2/repository/org/apache/ranger/ranger-plugin-classloader/2.3.0/ranger-plugin-classloader-2.3.0.jar:/home/runner/work/ozone/ozone/hadoop-hdds/rocks-native/target/classes:/home/runner/.m2/repository/org/apache/hadoop/hadoop-minikdc/3.3.6/hadoop-minikdc-3.3.6.jar:/home/runner/.m2/repository/org/apache/kerby/kerb-simplekdc/1.0.1/kerb-simplekdc-1.0.1.jar:/home/runner/.m2/repository/org/apache/kerby/kerb-client/1.0.1/kerb-client-1.0.1.jar:/home/runner/.m2/repository/org/apache/kerby/kerby-config/1.0.1/kerby-config-1.0.1.jar:/home/runner/.m2/repository/org/apache/kerby/kerb-common/1.0.1/kerb-common-1.0.1.jar:/home/runner/.m2/repository/org/apache/kerby/kerb-crypto/1.0.1/kerb-crypto-1.0.1.jar:/home/runner/.m2/repository/org/apache/kerby/kerb-util/1.0.1/kerb-util-1.0.1.jar:/home/runner/.m2/repository/org/apache/kerby/token-provider/1.0.1/token-provider-1.0.1.jar:/home/runner/.m2/repository/org/apache/kerby/kerb-admin/1.0.1/kerb-admin-1.0.1.jar:/home/runner/.m2/repository/org/apache/kerby/kerb-server/1.0.1/kerb-server-1.0.1.jar:/home/runner/.m2/repository/org/apache/kerby/kerb-identity/1.0.1/kerb-identity-1.0.1.jar:/home/runner/.m2/repository/org/apache/kerby/kerby-xdr/1.0.1/kerby-xdr-1.0.1.jar:/home/runner/.m2/repository/junit/junit/4.13.2/junit-4.13.2.jar:/home/runner/.m2/repository/org/hamcrest/hamcrest-core/1.3/hamcrest-core-1.3.jar:/home/runner/work/ozone/ozone/hadoop-ozone/s3gateway/target/classes:/home/runner/.m2/repository/org/javassist/javassist/3.21.0-GA/javassist-3.21.0-GA.jar:/home/runner/.m2/repository/org/jboss/weld/servlet/weld-servlet-shaded/3.1.9.Final/weld-servlet-shaded-3.1.9.Final.jar:/home/runner/.m2/repository/org/glassfish/jersey/containers/jersey-container-servlet-core/2.42/jersey-container-servlet-core-2.42.jar:/home/runner/.m2/repository/org/glassfish/hk2/external/jakarta.inject/2.6.1/jakarta.inject-2.6.1.jar:/home/runner/.m2/repository/org/glassfish/jersey/core/jersey-common/2.42/jersey-common-2.42.jar:/home/runner/.m2/repository/jakarta/ws/rs/jakarta.ws.rs-api/2.1.6/jakarta.ws.rs-api-2.1.6.jar:/home/runner/.m2/repository/org/glassfish/jersey/ext/cdi/jersey-cdi1x/2.42/jersey-cdi1x-2.42.jar:/home/runner/.m2/repository/org/glassfish/jersey/inject/jersey-hk2/2.42/jersey-hk2-2.42.jar:/home/runner/.m2/repository/org/glassfish/hk2/hk2-locator/2.6.1/hk2-locator-2.6.1.jar:/home/runner/.m2/repository/org/glassfish/jersey/media/jersey-media-jaxb/2.42/jersey-media-jaxb-2.42.jar:/home/runner/.m2/repository/org/glassfish/hk2/osgi-resource-locator/1.0.3/osgi-resource-locator-1.0.3.jar:/home/runner/.m2/repository/org/glassfish/hk2/hk2-api/2.6.1/hk2-api-2.6.1.jar:/home/runner/.m2/repository/org/glassfish/hk2/hk2-utils/2.6.1/hk2-utils-2.6.1.jar:/home/runner/.m2/repository/org/glassfish/hk2/external/aopalliance-repackaged/2.6.1/aopalliance-repackaged-2.6.1.jar:/home/runner/.m2/repository/com/fasterxml/jackson/dataformat/jackson-dataformat-xml/2.16.1/jackson-dataformat-xml-2.16.1.jar:/home/runner/.m2/repository/org/codehaus/woodstox/stax2-api/4.2.2/stax2-api-4.2.2.jar:/home/runner/.m2/repository/com/fasterxml/woodstox/woodstox-core/5.4.0/woodstox-core-5.4.0.jar:/home/runner/.m2/repository/com/fasterxml/jackson/module/jackson-module-jaxb-annotations/2.16.1/jackson-module-jaxb-annotations-2.16.1.jar:/home/runner/.m2/repository/javax/enterprise/cdi-api/2.0/cdi-api-2.0.jar:/home/runner/.m2/repository/javax/el/javax.el-api/3.0.0/javax.el-api-3.0.0.jar:/home/runner/.m2/repository/javax/interceptor/javax.interceptor-api/1.2/javax.interceptor-api-1.2.jar:/home/runner/.m2/repository/javax/inject/javax.inject/1/javax.inject-1.jar:/home/runner/.m2/repository/jakarta/xml/bind/jakarta.xml.bind-api/2.3.3/jakarta.xml.bind-api-2.3.3.jar:/home/runner/.m2/repository/org/glassfish/jaxb/jaxb-runtime/2.3.9/jaxb-runtime-2.3.9.jar:/home/runner/.m2/repository/org/glassfish/jaxb/txw2/2.3.9/txw2-2.3.9.jar:/home/runner/.m2/repository/com/sun/istack/istack-commons-runtime/3.0.12/istack-commons-runtime-3.0.12.jar:/home/runner/.m2/repository/com/sun/activation/jakarta.activation/1.2.2/jakarta.activation-1.2.2.jar:/home/runner/.m2/repository/jakarta/activation/jakarta.activation-api/1.2.2/jakarta.activation-api-1.2.2.jar:/home/runner/.m2/repository/io/grpc/grpc-protobuf/1.58.0/grpc-protobuf-1.58.0.jar:/home/runner/.m2/repository/com/google/api/grpc/proto-google-common-protos/2.22.0/proto-google-common-protos-2.22.0.jar:/home/runner/.m2/repository/io/grpc/grpc-protobuf-lite/1.58.0/grpc-protobuf-lite-1.58.0.jar:/home/runner/.m2/repository/io/grpc/grpc-stub/1.58.0/grpc-stub-1.58.0.jar:/home/runner/.m2/repository/io/netty/netty-transport/4.1.100.Final/netty-transport-4.1.100.Final.jar:/home/runner/.m2/repository/io/netty/netty-resolver/4.1.100.Final/netty-resolver-4.1.100.Final.jar:/home/runner/work/ozone/ozone/hadoop-ozone/csi/target/classes:/home/runner/.m2/repository/com/google/protobuf/protobuf-java-util/3.19.6/protobuf-java-util-3.19.6.jar:/home/runner/.m2/repository/com/google/code/gson/gson/2.10.1/gson-2.10.1.jar:/home/runner/work/ozone/ozone/hadoop-hdds/config/target/classes:/home/runner/.m2/repository/io/netty/netty-transport-native-epoll/4.1.100.Final/netty-transport-native-epoll-4.1.100.Final-linux-x86_64.jar:/home/runner/.m2/repository/io/netty/netty-transport-classes-epoll/4.1.100.Final/netty-transport-classes-epoll-4.1.100.Final.jar:/home/runner/.m2/repository/io/netty/netty-transport-native-unix-common/4.1.100.Final/netty-transport-native-unix-common-4.1.100.Final.jar:/home/runner/work/ozone/ozone/hadoop-ozone/recon/target/classes:/home/runner/work/ozone/ozone/hadoop-ozone/recon-codegen/target/classes:/home/runner/.m2/repository/com/google/inject/guice/6.0.0/guice-6.0.0.jar:/home/runner/.m2/repository/jakarta/inject/jakarta.inject-api/2.0.1/jakarta.inject-api-2.0.1.jar:/home/runner/.m2/repository/aopalliance/aopalliance/1.0/aopalliance-1.0.jar:/home/runner/.m2/repository/com/google/inject/extensions/guice-assistedinject/6.0.0/guice-assistedinject-6.0.0.jar:/home/runner/.m2/repository/com/google/inject/extensions/guice-servlet/6.0.0/guice-servlet-6.0.0.jar:/home/runner/.m2/repository/org/glassfish/jersey/containers/jersey-container-servlet/2.42/jersey-container-servlet-2.42.jar:/home/runner/.m2/repository/org/glassfish/hk2/guice-bridge/2.6.1/guice-bridge-2.6.1.jar:/home/runner/.m2/repository/org/glassfish/jersey/core/jersey-server/2.42/jersey-server-2.42.jar:/home/runner/.m2/repository/org/glassfish/jersey/core/jersey-client/2.42/jersey-client-2.42.jar:/home/runner/.m2/repository/jakarta/validation/jakarta.validation-api/2.0.2/jakarta.validation-api-2.0.2.jar:/home/runner/.m2/repository/org/glassfish/jersey/media/jersey-media-json-jackson/2.42/jersey-media-json-jackson-2.42.jar:/home/runner/.m2/repository/org/glassfish/jersey/ext/jersey-entity-filtering/2.42/jersey-entity-filtering-2.42.jar:/home/runner/.m2/repository/org/jooq/jooq/3.11.10/jooq-3.11.10.jar:/home/runner/.m2/repository/org/jooq/jooq-meta/3.11.10/jooq-meta-3.11.10.jar:/home/runner/.m2/repository/org/jooq/jooq-codegen/3.11.10/jooq-codegen-3.11.10.jar:/home/runner/.m2/repository/com/jolbox/bonecp/0.8.0.RELEASE/bonecp-0.8.0.RELEASE.jar:/home/runner/.m2/repository/org/apache/derby/derby/10.14.2.0/derby-10.14.2.0.jar:/home/runner/.m2/repository/org/xerial/sqlite-jdbc/3.44.1.0/sqlite-jdbc-3.44.1.0.jar:/home/runner/.m2/repository/org/springframework/spring-jdbc/5.3.27/spring-jdbc-5.3.27.jar:/home/runner/.m2/repository/org/springframework/spring-beans/5.3.27/spring-beans-5.3.27.jar:/home/runner/.m2/repository/org/springframework/spring-core/5.3.27/spring-core-5.3.27.jar:/home/runner/.m2/repository/org/springframework/spring-tx/5.3.27/spring-tx-5.3.27.jar:/home/runner/work/ozone/ozone/hadoop-ozone/client/target/classes:/home/runner/work/ozone/ozone/hadoop-hdds/erasurecode/target/classes:/home/runner/work/ozone/ozone/hadoop-ozone/ozonefs/target/classes:/home/runner/work/ozone/ozone/hadoop-ozone/ozonefs-common/target/classes:/home/runner/work/ozone/ozone/hadoop-ozone/tools/target/classes:/home/runner/.m2/repository/com/amazonaws/aws-java-sdk-core/1.12.661/aws-java-sdk-core-1.12.661.jar:/home/runner/.m2/repository/org/apache/httpcomponents/httpclient/4.5.14/httpclient-4.5.14.jar:/home/runner/.m2/repository/org/apache/httpcomponents/httpcore/4.4.16/httpcore-4.4.16.jar:/home/runner/.m2/repository/com/fasterxml/jackson/dataformat/jackson-dataformat-cbor/2.16.1/jackson-dataformat-cbor-2.16.1.jar:/home/runner/.m2/repository/joda-time/joda-time/2.12.7/joda-time-2.12.7.jar:/home/runner/.m2/repository/com/amazonaws/aws-java-sdk-s3/1.12.661/aws-java-sdk-s3-1.12.661.jar:/home/runner/.m2/repository/com/amazonaws/aws-java-sdk-kms/1.12.661/aws-java-sdk-kms-1.12.661.jar:/home/runner/.m2/repository/com/amazonaws/jmespath-java/1.12.661/jmespath-java-1.12.661.jar:/home/runner/.m2/repository/org/kohsuke/metainf-services/metainf-services/1.11/metainf-services-1.11.jar:/home/runner/work/ozone/ozone/hadoop-hdds/tools/target/classes:/home/runner/.m2/repository/org/apache/ratis/ratis-tools/3.0.1/ratis-tools-3.0.1.jar:/home/runner/.m2/repository/commons-cli/commons-cli/1.6.0/commons-cli-1.6.0.jar:/home/runner/.m2/repository/org/apache/commons/commons-lang3/3.14.0/commons-lang3-3.14.0.jar:/home/runner/work/ozone/ozone/hadoop-ozone/ozone-manager/target/test-classes:/home/runner/work/ozone/ozone/hadoop-hdds/common/target/test-classes:/home/runner/work/ozone/ozone/hadoop-hdds/hadoop-dependency-client/target/classes:/home/runner/.m2/repository/info/picocli/picocli/4.7.5/picocli-4.7.5.jar:/home/runner/.m2/repository/com/fasterxml/jackson/core/jackson-annotations/2.16.1/jackson-annotations-2.16.1.jar:/home/runner/work/ozone/ozone/hadoop-hdds/annotations/target/classes:/home/runner/.m2/repository/javax/annotation/javax.annotation-api/1.3.2/javax.annotation-api-1.3.2.jar:/home/runner/.m2/repository/org/apache/ratis/ratis-netty/3.0.1/ratis-netty-3.0.1.jar:/home/runner/.m2/repository/org/apache/ratis/ratis-grpc/3.0.1/ratis-grpc-3.0.1.jar:/home/runner/.m2/repository/org/bouncycastle/bcpkix-jdk18on/1.77/bcpkix-jdk18on-1.77.jar:/home/runner/.m2/repository/org/bouncycastle/bcutil-jdk18on/1.77/bcutil-jdk18on-1.77.jar:/home/runner/.m2/repository/commons-validator/commons-validator/1.6/commons-validator-1.6.jar:/home/runner/.m2/repository/commons-beanutils/commons-beanutils/1.9.4/commons-beanutils-1.9.4.jar:/home/runner/.m2/repository/commons-digester/commons-digester/1.8.1/commons-digester-1.8.1.jar:/home/runner/.m2/repository/commons-collections/commons-collections/3.2.2/commons-collections-3.2.2.jar:/home/runner/.m2/repository/io/jaegertracing/jaeger-client/1.8.1/jaeger-client-1.8.1.jar:/home/runner/.m2/repository/io/jaegertracing/jaeger-thrift/1.8.1/jaeger-thrift-1.8.1.jar:/home/runner/.m2/repository/org/apache/thrift/libthrift/0.15.0/libthrift-0.15.0.jar:/home/runner/.m2/repository/io/jaegertracing/jaeger-core/1.8.1/jaeger-core-1.8.1.jar:/home/runner/.m2/repository/io/jaegertracing/jaeger-tracerresolver/1.8.1/jaeger-tracerresolver-1.8.1.jar:/home/runner/.m2/repository/io/opentracing/contrib/opentracing-tracerresolver/0.1.8/opentracing-tracerresolver-0.1.8.jar:/home/runner/.m2/repository/org/jetbrains/kotlin/kotlin-stdlib/1.9.22/kotlin-stdlib-1.9.22.jar:/home/runner/.m2/repository/org/jetbrains/annotations/13.0/annotations-13.0.jar:/home/runner/.m2/repository/io/opentracing/opentracing-util/0.33.0/opentracing-util-0.33.0.jar:/home/runner/.m2/repository/io/opentracing/opentracing-api/0.33.0/opentracing-api-0.33.0.jar:/home/runner/.m2/repository/io/opentracing/opentracing-noop/0.33.0/opentracing-noop-0.33.0.jar:/home/runner/.m2/repository/org/yaml/snakeyaml/2.0/snakeyaml-2.0.jar:/home/runner/.m2/repository/io/grpc/grpc-api/1.58.0/grpc-api-1.58.0.jar:/home/runner/.m2/repository/org/junit/platform/junit-platform-launcher/1.10.2/junit-platform-launcher-1.10.2.jar:/home/runner/.m2/repository/org/junit/platform/junit-platform-engine/1.10.2/junit-platform-engine-1.10.2.jar:/home/runner/.m2/repository/org/apiguardian/apiguardian-api/1.1.2/apiguardian-api-1.1.2.jar:/home/runner/.m2/repository/org/apache/hadoop/hadoop-kms/3.3.6/hadoop-kms-3.3.6.jar:/home/runner/.m2/repository/org/apache/hadoop/hadoop-auth/3.3.6/hadoop-auth-3.3.6.jar:/home/runner/.m2/repository/org/apache/zookeeper/zookeeper/3.8.4/zookeeper-3.8.4.jar:/home/runner/.m2/repository/org/apache/zookeeper/zookeeper-jute/3.8.4/zookeeper-jute-3.8.4.jar:/home/runner/.m2/repository/org/apache/yetus/audience-annotations/0.12.0/audience-annotations-0.12.0.jar:/home/runner/.m2/repository/org/apache/curator/curator-framework/4.2.0/curator-framework-4.2.0.jar:/home/runner/.m2/repository/org/apache/hadoop/thirdparty/hadoop-shaded-guava/1.2.0/hadoop-shaded-guava-1.2.0.jar:/home/runner/.m2/repository/com/sun/jersey/jersey-core/1.19.4/jersey-core-1.19.4.jar:/home/runner/.m2/repository/javax/ws/rs/jsr311-api/1.1.1/jsr311-api-1.1.1.jar:/home/runner/.m2/repository/com/sun/jersey/jersey-server/1.19.4/jersey-server-1.19.4.jar:/home/runner/.m2/repository/javax/servlet/javax.servlet-api/3.1.0/javax.servlet-api-3.1.0.jar:/home/runner/.m2/repository/org/apache/hadoop/hadoop-common/3.3.6/hadoop-common-3.3.6.jar:/home/runner/.m2/repository/org/apache/commons/commons-math3/3.6.1/commons-math3-3.6.1.jar:/home/runner/.m2/repository/commons-net/commons-net/3.10.0/commons-net-3.10.0.jar:/home/runner/.m2/repository/com/sun/jersey/jersey-servlet/1.19.4/jersey-servlet-1.19.4.jar:/home/runner/.m2/repository/com/github/pjfanning/jersey-json/1.20/jersey-json-1.20.jar:/home/runner/.m2/repository/org/codehaus/jettison/jettison/1.1/jettison-1.1.jar:/home/runner/.m2/repository/com/sun/xml/bind/jaxb-impl/2.2.3-1/jaxb-impl-2.2.3-1.jar:/home/runner/.m2/repository/com/google/re2j/re2j/1.7/re2j-1.7.jar:/home/runner/.m2/repository/com/jcraft/jsch/0.1.54/jsch-0.1.54.jar:/home/runner/.m2/repository/org/apache/curator/curator-client/4.2.0/curator-client-4.2.0.jar:/home/runner/.m2/repository/org/apache/curator/curator-recipes/5.2.0/curator-recipes-5.2.0.jar:/home/runner/.m2/repository/com/google/code/findbugs/jsr305/3.0.2/jsr305-3.0.2.jar:/home/runner/.m2/repository/org/apache/kerby/kerb-core/1.0.1/kerb-core-1.0.1.jar:/home/runner/.m2/repository/org/apache/kerby/kerby-pkix/1.0.1/kerby-pkix-1.0.1.jar:/home/runner/.m2/repository/org/apache/kerby/kerby-asn1/1.0.1/kerby-asn1-1.0.1.jar:/home/runner/.m2/repository/org/apache/kerby/kerby-util/1.0.1/kerby-util-1.0.1.jar:/home/runner/.m2/repository/dnsjava/dnsjava/2.1.7/dnsjava-2.1.7.jar:/home/runner/.m2/repository/com/fasterxml/jackson/core/jackson-databind/2.16.1/jackson-databind-2.16.1.jar:/home/runner/.m2/repository/org/apache/hadoop/hadoop-kms/3.3.6/hadoop-kms-3.3.6-tests.jar:/home/runner/work/ozone/ozone/hadoop-hdds/server-scm/target/test-classes:/home/runner/work/ozone/ozone/hadoop-hdds/container-service/target/test-classes:/home/runner/.m2/repository/com/github/luben/zstd-jni/1.5.6-2/zstd-jni-1.5.6-2.jar:/home/runner/.m2/repository/commons-codec/commons-codec/1.15/commons-codec-1.15.jar:/home/runner/.m2/repository/io/netty/netty-codec/4.1.100.Final/netty-codec-4.1.100.Final.jar:/home/runner/.m2/repository/io/netty/netty-handler/4.1.100.Final/netty-handler-4.1.100.Final.jar:/home/runner/work/ozone/ozone/hadoop-hdds/hadoop-dependency-test/target/classes:/home/runner/.m2/repository/org/apache/hadoop/hadoop-common/3.3.6/hadoop-common-3.3.6-tests.jar:/home/runner/.m2/repository/org/apache/hadoop/hadoop-hdfs/3.3.6/hadoop-hdfs-3.3.6-tests.jar:/home/runner/.m2/repository/org/junit/jupiter/junit-jupiter-engine/5.10.2/junit-jupiter-engine-5.10.2.jar:/home/runner/.m2/repository/org/junit/jupiter/junit-jupiter-params/5.10.2/junit-jupiter-params-5.10.2.jar:/home/runner/.m2/repository/org/mockito/mockito-core/4.11.0/mockito-core-4.11.0.jar:/home/runner/.m2/repository/net/bytebuddy/byte-buddy/1.12.19/byte-buddy-1.12.19.jar:/home/runner/.m2/repository/net/bytebuddy/byte-buddy-agent/1.12.19/byte-buddy-agent-1.12.19.jar:/home/runner/.m2/repository/org/objenesis/objenesis/3.3/objenesis-3.3.jar:/home/runner/.m2/repository/org/mockito/mockito-junit-jupiter/4.11.0/mockito-junit-jupiter-4.11.0.jar:/home/runner/.m2/repository/org/apache/hadoop/hadoop-distcp/3.3.6/hadoop-distcp-3.3.6.jar:/home/runner/.m2/repository/org/apache/hadoop/hadoop-mapreduce-client-jobclient/3.3.6/hadoop-mapreduce-client-jobclient-3.3.6.jar:/home/runner/.m2/repository/org/apache/hadoop/hadoop-mapreduce-client-common/3.3.6/hadoop-mapreduce-client-common-3.3.6.jar:/home/runner/.m2/repository/org/apache/hadoop/hadoop-yarn-common/3.3.6/hadoop-yarn-common-3.3.6.jar:/home/runner/.m2/repository/org/apache/hadoop/hadoop-yarn-api/3.3.6/hadoop-yarn-api-3.3.6.jar:/home/runner/.m2/repository/javax/xml/bind/jaxb-api/2.2.11/jaxb-api-2.2.11.jar:/home/runner/.m2/repository/com/sun/jersey/contribs/jersey-guice/1.19.4/jersey-guice-1.19.4.jar:/home/runner/.m2/repository/com/fasterxml/jackson/jaxrs/jackson-jaxrs-json-provider/2.16.1/jackson-jaxrs-json-provider-2.16.1.jar:/home/runner/.m2/repository/com/fasterxml/jackson/jaxrs/jackson-jaxrs-base/2.16.1/jackson-jaxrs-base-2.16.1.jar:/home/runner/.m2/repository/org/apache/hadoop/hadoop-yarn-client/3.3.6/hadoop-yarn-client-3.3.6.jar:/home/runner/.m2/repository/org/eclipse/jetty/websocket/websocket-client/9.4.51.v20230217/websocket-client-9.4.51.v20230217.jar:/home/runner/.m2/repository/org/eclipse/jetty/websocket/websocket-common/9.4.51.v20230217/websocket-common-9.4.51.v20230217.jar:/home/runner/.m2/repository/org/eclipse/jetty/websocket/websocket-api/9.4.51.v20230217/websocket-api-9.4.51.v20230217.jar:/home/runner/.m2/repository/org/jline/jline/3.9.0/jline-3.9.0.jar:/home/runner/.m2/repository/org/apache/hadoop/hadoop-mapreduce-client-core/3.3.6/hadoop-mapreduce-client-core-3.3.6.jar:/home/runner/.m2/repository/org/apache/avro/avro/1.7.7/avro-1.7.7.jar:/home/runner/.m2/repository/com/thoughtworks/paranamer/paranamer/2.3/paranamer-2.3.jar:/home/runner/.m2/repository/org/apache/hadoop/hadoop-annotations/3.3.6/hadoop-annotations-3.3.6.jar:/usr/lib/jvm/temurin-8-jdk-amd64/jre/../lib/tools.jar:/home/runner/.m2/repository/io/netty/netty/3.10.6.Final/netty-3.10.6.Final.jar:/home/runner/.m2/repository/org/apache/hadoop/hadoop-distcp/3.3.6/hadoop-distcp-3.3.6-tests.jar:/home/runner/.m2/repository/org/hamcrest/hamcrest/2.2/hamcrest-2.2.jar:/home/runner/.m2/repository/org/slf4j/jul-to-slf4j/2.0.12/jul-to-slf4j-2.0.12.jar:/home/runner/work/ozone/ozone/hadoop-ozone/integration-test/target/gradle-enterprise/test-listeners.jar:"/>
    <property name="sun.cpu.endian" value="little"/>
    <property name="user.home" value="/home/runner"/>
    <property name="user.language" value="en"/>
    <property name="java.specification.vendor" value="Oracle Corporation"/>
    <property name="java.home" value="/usr/lib/jvm/temurin-8-jdk-amd64/jre"/>
    <property name="java.security.krb5.conf" value="/home/runner/work/ozone/ozone/hadoop-ozone/integration-test/target/test-classes/krb5.conf"/>
    <property name="file.separator" value="/"/>
    <property name="basedir" value="/home/runner/work/ozone/ozone/hadoop-ozone/integration-test"/>
    <property name="line.separator" value="&#10;"/>
    <property name="java.vm.specification.vendor" value="Oracle Corporation"/>
    <property name="java.specification.name" value="Java Platform API Specification"/>
    <property name="skip.installnpx" value="true"/>
    <property name="java.awt.graphicsenv" value="sun.awt.X11GraphicsEnvironment"/>
    <property name="surefire.real.class.path" value="/home/runner/work/ozone/ozone/hadoop-ozone/integration-test/target/surefire/surefirebooter7493936843004031932.jar:/home/runner/.m2/repository/org/jacoco/org.jacoco.agent/0.8.12/org.jacoco.agent-0.8.12-runtime.jar"/>
    <property name="sun.boot.class.path" value="/usr/lib/jvm/temurin-8-jdk-amd64/jre/lib/resources.jar:/usr/lib/jvm/temurin-8-jdk-amd64/jre/lib/rt.jar:/usr/lib/jvm/temurin-8-jdk-amd64/jre/lib/sunrsasign.jar:/usr/lib/jvm/temurin-8-jdk-amd64/jre/lib/jsse.jar:/usr/lib/jvm/temurin-8-jdk-amd64/jre/lib/jce.jar:/usr/lib/jvm/temurin-8-jdk-amd64/jre/lib/charsets.jar:/usr/lib/jvm/temurin-8-jdk-amd64/jre/lib/jfr.jar:/usr/lib/jvm/temurin-8-jdk-amd64/jre/classes"/>
    <property name="hadoop.log.dir" value="/home/runner/work/ozone/ozone/hadoop-ozone/integration-test/target/log"/>
    <property name="sun.management.compiler" value="HotSpot 64-Bit Tiered Compilers"/>
    <property name="java.runtime.version" value="1.8.0_402-b06"/>
    <property name="skip.npx" value="true"/>
    <property name="user.name" value="runner"/>
    <property name="java.net.preferIPv4Stack" value="true"/>
    <property name="path.separator" value=":"/>
    <property name="java.security.egd" value="file:///dev/urandom"/>
    <property name="os.version" value="5.15.0-1059-azure"/>
    <property name="java.endorsed.dirs" value="/usr/lib/jvm/temurin-8-jdk-amd64/jre/lib/endorsed"/>
    <property name="java.runtime.name" value="OpenJDK Runtime Environment"/>
    <property name="com.gradle.maven.scan.extension.test.listener.junitplatform.NestedExecutionSafeDelegatingTestExecutionListener" value="71c3b41"/>
    <property name="file.encoding" value="UTF-8"/>
    <property name="java.vm.name" value="OpenJDK 64-Bit Server VM"/>
    <property name="test.build.webapps" value=""/>
    <property name="localRepository" value="/home/runner/.m2/repository"/>
    <property name="gradle.enterprise.listener.port" value="39393"/>
    <property name="jetty.git.hash" value="27bde00a0b95a1d5bbee0eae7984f891d2d0f8c9"/>
    <property name="java.vendor.url.bug" value="https://github.com/adoptium/adoptium-support/issues"/>
    <property name="require.test.libhadoop" value=""/>
    <property name="java.io.tmpdir" value="/tmp"/>
    <property name="java.version" value="1.8.0_402"/>
    <property name="user.dir" value="/home/runner/work/ozone/ozone/hadoop-ozone/integration-test"/>
    <property name="os.arch" value="amd64"/>
    <property name="test.build.classes" value="/home/runner/work/ozone/ozone/hadoop-ozone/integration-test/target/test-classes"/>
    <property name="java.vm.specification.name" value="Java Virtual Machine Specification"/>
    <property name="java.awt.printerjob" value="sun.print.PSPrinterJob"/>
    <property name="sun.os.patch.level" value="unknown"/>
    <property name="org.apache.ratis.thirdparty.io.netty.allocator.useCacheForAllThreads" value="false"/>
    <property name="hadoop.tmp.dir" value="/home/runner/work/ozone/ozone/hadoop-ozone/integration-test/target/tmp"/>
    <property name="java.library.path" value="/usr/java/packages/lib/amd64:/usr/lib64:/lib64:/lib:/usr/lib"/>
    <property name="java.vendor" value="Temurin"/>
    <property name="java.vm.info" value="mixed mode"/>
    <property name="java.vm.version" value="25.402-b06"/>
    <property name="java.specification.maintenance.version" value="5"/>
    <property name="sun.io.unicode.encoding" value="UnicodeLittle"/>
    <property name="java.ext.dirs" value="/usr/lib/jvm/temurin-8-jdk-amd64/jre/lib/ext:/usr/java/packages/lib/ext"/>
    <property name="java.class.version" value="52.0"/>
  </properties>
  <testcase name="testReleaseBuffers" classname="org.apache.hadoop.hdds.scm.storage.TestCommitWatcher" time="28.026"/>
  <testcase name="testReleaseBuffersOnException" classname="org.apache.hadoop.hdds.scm.storage.TestCommitWatcher" time="346.642">
    <error type="java.util.concurrent.TimeoutException"><![CDATA[java.util.concurrent.TimeoutException: testReleaseBuffersOnException() timed out after 300 seconds
	at java.util.ArrayList.forEach(ArrayList.java:1259)
	at java.util.ArrayList.forEach(ArrayList.java:1259)
]]></error>
    <system-out><![CDATA[2024-04-09 12:04:13,044 [main] WARN  server.ServerUtils (ServerUtils.java:getScmDbDir(143)) - ozone.scm.db.dirs is not configured. We recommend adding this setting. Falling back to ozone.metadata.dirs instead.
2024-04-09 12:04:13,047 [main] WARN  server.ServerUtils (ServerUtils.java:getScmDbDir(143)) - ozone.scm.db.dirs is not configured. We recommend adding this setting. Falling back to ozone.metadata.dirs instead.
2024-04-09 12:04:13,048 [main] INFO  ha.SCMHANodeDetails (SCMHANodeDetails.java:loadSCMHAConfig(207)) - ServiceID for StorageContainerManager is null
2024-04-09 12:04:13,048 [main] INFO  ha.SCMHANodeDetails (SCMHANodeDetails.java:loadSCMHAConfig(212)) - ozone.scm.default.service.id is not defined, falling back to ozone.scm.service.ids to find serviceID for StorageContainerManager if it is HA enabled cluster
2024-04-09 12:04:13,049 [main] WARN  utils.HAUtils (HAUtils.java:getMetaDir(339)) - ozone.scm.db.dirs is not configured. We recommend adding this setting. Falling back to ozone.metadata.dirs instead.
2024-04-09 12:04:13,049 [main] WARN  db.DBStoreBuilder (DBStoreBuilder.java:applyDBDefinition(171)) - ozone.scm.db.dirs is not configured. We recommend adding this setting. Falling back to ozone.metadata.dirs instead.
2024-04-09 12:04:13,125 [main] INFO  net.NodeSchemaLoader (NodeSchemaLoader.java:loadSchemaFromFile(129)) - Loading schema from [file:/home/runner/work/ozone/ozone/hadoop-hdds/common/target/classes/network-topology-default.xml]
2024-04-09 12:04:13,125 [main] INFO  net.NodeSchemaLoader (NodeSchemaLoader.java:loadSchema(176)) - Loading network topology layer schema file
2024-04-09 12:04:13,128 [main] INFO  upgrade.AbstractLayoutVersionManager (AbstractLayoutVersionManager.java:init(83)) - Initializing Layout version manager with metadata layout = HADOOP_PRC_PORTS_IN_DATANODEDETAILS (version = 7), software layout = HADOOP_PRC_PORTS_IN_DATANODEDETAILS (version = 7)
2024-04-09 12:04:13,130 [main] INFO  ha.SequenceIdGenerator (SequenceIdGenerator.java:upgradeToSequenceId(370)) - upgrade localId to 113750153625600000
2024-04-09 12:04:13,130 [main] INFO  ha.SequenceIdGenerator (SequenceIdGenerator.java:upgradeToSequenceId(380)) - upgrade delTxnId to 0
2024-04-09 12:04:13,132 [main] INFO  ha.SequenceIdGenerator (SequenceIdGenerator.java:upgradeToSequenceId(397)) - upgrade containerId to 0
2024-04-09 12:04:13,133 [main] INFO  ha.SequenceIdGenerator (SequenceIdGenerator.java:upgradeToCertificateSequenceId(444)) - upgrade CertificateId to 2
2024-04-09 12:04:13,133 [main] INFO  ha.SequenceIdGenerator (SequenceIdGenerator.java:<init>(241)) - Init the HA SequenceIdGenerator.
2024-04-09 12:04:13,134 [main] WARN  server.ServerUtils (ServerUtils.java:sanitizeUserArgs(73)) - ozone.scm.dead.node.interval value = 600000 is smaller than min = 2000000 based on the key value of ozone.scm.stale.node.interval, reset to the min value 2000000.
2024-04-09 12:04:13,134 [main] INFO  node.SCMNodeManager (SCMNodeManager.java:<init>(177)) - Entering startup safe mode.
2024-04-09 12:04:13,134 [main] INFO  algorithms.ContainerPlacementPolicyFactory (ContainerPlacementPolicyFactory.java:getPolicyInternal(86)) - Create container placement policy of type org.apache.hadoop.hdds.scm.container.placement.algorithms.SCMContainerPlacementRackAware
2024-04-09 12:04:13,134 [main] INFO  algorithms.ContainerPlacementPolicyFactory (ContainerPlacementPolicyFactory.java:getPolicyInternal(86)) - Create container placement policy of type org.apache.hadoop.hdds.scm.container.placement.algorithms.SCMContainerPlacementRackScatter
2024-04-09 12:04:13,135 [main] INFO  pipeline.PipelineStateManagerImpl (PipelineStateManagerImpl.java:initialize(78)) - No pipeline exists in current db
2024-04-09 12:04:13,135 [main] INFO  algorithms.LeaderChoosePolicyFactory (LeaderChoosePolicyFactory.java:getPolicy(57)) - Create leader choose policy of type org.apache.hadoop.hdds.scm.pipeline.leader.choose.algorithms.MinLeaderCountChoosePolicy
2024-04-09 12:04:13,135 [main] INFO  algorithms.ContainerPlacementPolicyFactory (ContainerPlacementPolicyFactory.java:getPolicyInternal(86)) - Create container placement policy of type org.apache.hadoop.hdds.scm.container.placement.algorithms.SCMContainerPlacementRackScatter
2024-04-09 12:04:13,136 [main] INFO  ha.SCMServiceManager (SCMServiceManager.java:register(42)) - Registering service BackgroundPipelineCreator.
2024-04-09 12:04:13,136 [main] INFO  pipeline.BackgroundPipelineCreator (BackgroundPipelineCreator.java:start(127)) - Starting RatisPipelineUtilsThread.
2024-04-09 12:04:13,138 [main] INFO  BackgroundPipelineScrubber (BackgroundSCMService.java:start(65)) - Starting BackgroundPipelineScrubber Service.
2024-04-09 12:04:13,138 [main] INFO  ha.SCMServiceManager (SCMServiceManager.java:register(42)) - Registering service BackgroundPipelineScrubber.
2024-04-09 12:04:13,138 [main] INFO  ExpiredContainerReplicaOpScrubber (BackgroundSCMService.java:start(65)) - Starting ExpiredContainerReplicaOpScrubber Service.
2024-04-09 12:04:13,139 [main] INFO  ha.SCMServiceManager (SCMServiceManager.java:register(42)) - Registering service ExpiredContainerReplicaOpScrubber.
2024-04-09 12:04:13,139 [main] INFO  algorithms.PipelineChoosePolicyFactory (PipelineChoosePolicyFactory.java:createPipelineChoosePolicyFromClass(80)) - Create pipeline choose policy of type org.apache.hadoop.hdds.scm.pipeline.choose.algorithms.RandomPipelineChoosePolicy
2024-04-09 12:04:13,139 [main] INFO  algorithms.PipelineChoosePolicyFactory (PipelineChoosePolicyFactory.java:createPipelineChoosePolicyFromClass(80)) - Create pipeline choose policy of type org.apache.hadoop.hdds.scm.pipeline.choose.algorithms.RandomPipelineChoosePolicy
2024-04-09 12:04:13,140 [main] INFO  ha.SCMServiceManager (SCMServiceManager.java:register(42)) - Registering service SCMBlockDeletingService.
2024-04-09 12:04:13,141 [main] INFO  replication.ReplicationManager (ReplicationManager.java:start(295)) - Starting Replication Monitor Thread.
2024-04-09 12:04:13,142 [main] INFO  ha.SCMServiceManager (SCMServiceManager.java:register(42)) - Registering service ReplicationManager.
2024-04-09 12:04:13,142 [main] INFO  safemode.ContainerSafeModeRule (ContainerSafeModeRule.java:<init>(91)) - containers with one replica threshold count 0
2024-04-09 12:04:13,143 [main] INFO  safemode.HealthyPipelineSafeModeRule (HealthyPipelineSafeModeRule.java:initializeRule(176)) - Total pipeline count is 0, healthy pipeline threshold count is 1
2024-04-09 12:04:13,143 [main] INFO  safemode.OneReplicaPipelineSafeModeRule (OneReplicaPipelineSafeModeRule.java:initializeRule(193)) - Total pipeline count is 0, pipeline's with at least one datanode reported threshold count is 0
2024-04-09 12:04:13,144 [ReplicationMonitor] INFO  replication.ReplicationManager (ReplicationManager.java:processAll(371)) - Replication Manager is not ready to run until 3000ms after safemode exit
2024-04-09 12:04:13,144 [main] INFO  server.StorageContainerManager (StorageContainerManager.java:<init>(440)) - SCM start with adminUsers: [runner]
2024-04-09 12:04:13,144 [main] INFO  ipc.CallQueueManager (CallQueueManager.java:<init>(90)) - Using callQueue: class java.util.concurrent.LinkedBlockingQueue, queueCapacity: 10000, scheduler: class org.apache.hadoop.ipc.DefaultRpcScheduler, ipcBackoff: false.
2024-04-09 12:04:13,144 [main] INFO  ipc.Server (Server.java:<init>(1287)) - Listener at 0.0.0.0:15055
2024-04-09 12:04:13,145 [Socket Reader #1 for port 15055] INFO  ipc.Server (Server.java:run(1323)) - Starting Socket Reader #1 for port 15055
2024-04-09 12:04:13,148 [main] INFO  ipc.CallQueueManager (CallQueueManager.java:<init>(90)) - Using callQueue: class java.util.concurrent.LinkedBlockingQueue, queueCapacity: 10000, scheduler: class org.apache.hadoop.ipc.DefaultRpcScheduler, ipcBackoff: false.
2024-04-09 12:04:13,148 [main] INFO  ipc.Server (Server.java:<init>(1287)) - Listener at 0.0.0.0:15054
2024-04-09 12:04:13,149 [Socket Reader #1 for port 15054] INFO  ipc.Server (Server.java:run(1323)) - Starting Socket Reader #1 for port 15054
2024-04-09 12:04:13,150 [main] INFO  ipc.CallQueueManager (CallQueueManager.java:<init>(90)) - Using callQueue: class java.util.concurrent.LinkedBlockingQueue, queueCapacity: 10000, scheduler: class org.apache.hadoop.ipc.DefaultRpcScheduler, ipcBackoff: false.
2024-04-09 12:04:13,150 [main] INFO  ipc.Server (Server.java:<init>(1287)) - Listener at 0.0.0.0:15053
2024-04-09 12:04:13,150 [Socket Reader #1 for port 15053] INFO  ipc.Server (Server.java:run(1323)) - Starting Socket Reader #1 for port 15053
2024-04-09 12:04:13,154 [main] INFO  ha.SCMServiceManager (SCMServiceManager.java:register(42)) - Registering service ContainerBalancer.
2024-04-09 12:04:13,154 [main] INFO  ha.SCMContext (SCMContext.java:updateSafeModeStatus(225)) - Update SafeModeStatus from SafeModeStatus{safeModeStatus=true, preCheckPassed=false} to SafeModeStatus{safeModeStatus=true, preCheckPassed=false}.
2024-04-09 12:04:13,154 [main] INFO  server.StorageContainerManager (StorageContainerManager.java:start(1545)) - StorageContainerLocationProtocol RPC server is listening at /0.0.0.0:15053
2024-04-09 12:04:13,156 [main] WARN  impl.MetricsConfig (MetricsConfig.java:loadFirst(136)) - Cannot locate configuration: tried hadoop-metrics2-storagecontainermanager.properties,hadoop-metrics2.properties
2024-04-09 12:04:13,157 [main] INFO  impl.MetricsSystemImpl (MetricsSystemImpl.java:startTimer(378)) - Scheduled Metric snapshot period at 10 second(s).
2024-04-09 12:04:13,157 [main] INFO  impl.MetricsSystemImpl (MetricsSystemImpl.java:start(191)) - StorageContainerManager metrics system started
2024-04-09 12:04:13,162 [main] INFO  impl.MetricsSinkAdapter (MetricsSinkAdapter.java:start(204)) - Sink prometheus started
2024-04-09 12:04:13,162 [main] INFO  impl.MetricsSystemImpl (MetricsSystemImpl.java:registerSink(305)) - Registered sink prometheus
2024-04-09 12:04:13,183 [main] INFO  server.SCMClientProtocolServer (SCMClientProtocolServer.java:start(204)) - RPC server for Client  is listening at /0.0.0.0:15053
2024-04-09 12:04:13,184 [IPC Server Responder] INFO  ipc.Server (Server.java:run(1562)) - IPC Server Responder: starting
2024-04-09 12:04:13,184 [IPC Server listener on 15053] INFO  ipc.Server (Server.java:run(1402)) - IPC Server listener on 15053: starting
2024-04-09 12:04:13,200 [main] INFO  server.StorageContainerManager (StorageContainerManager.java:start(1558)) - ScmBlockLocationProtocol RPC server is listening at /0.0.0.0:15054
2024-04-09 12:04:13,200 [main] INFO  server.SCMBlockProtocolServer (SCMBlockProtocolServer.java:start(162)) - RPC server for Block Protocol is listening at /0.0.0.0:15054
2024-04-09 12:04:13,200 [IPC Server Responder] INFO  ipc.Server (Server.java:run(1562)) - IPC Server Responder: starting
2024-04-09 12:04:13,201 [IPC Server listener on 15054] INFO  ipc.Server (Server.java:run(1402)) - IPC Server listener on 15054: starting
2024-04-09 12:04:13,207 [main] INFO  server.SCMDatanodeProtocolServer (SCMDatanodeProtocolServer.java:start(194)) - ScmDatanodeProtocol RPC server for DataNodes is listening at /0.0.0.0:15055
2024-04-09 12:04:13,208 [IPC Server Responder] INFO  ipc.Server (Server.java:run(1562)) - IPC Server Responder: starting
2024-04-09 12:04:13,208 [IPC Server listener on 15055] INFO  ipc.Server (Server.java:run(1402)) - IPC Server listener on 15055: starting
2024-04-09 12:04:13,214 [JvmPauseMonitor7] INFO  util.JvmPauseMonitor (JvmPauseMonitor.java:run(146)) - JvmPauseMonitor-9c3e2387-2462-4bfa-bea1-1b956c4f8d26: Started
2024-04-09 12:04:13,215 [main] INFO  http.BaseHttpServer (BaseHttpServer.java:newHttpServer2BuilderForOzone(223)) - Starting Web-server for scm at: http://0.0.0.0:15056
2024-04-09 12:04:13,216 [main] INFO  http.BaseHttpServer (BaseHttpServer.java:<init>(110)) - Hadoop Security Enabled: false Ozone Security Enabled: false Ozone HTTP Security Enabled: false 
2024-04-09 12:04:13,218 [main] WARN  server.AuthenticationFilter (AuthenticationFilter.java:constructSecretProvider(240)) - Unable to initialize FileSignerSecretProvider, falling back to use random secrets. Reason: Could not read signature secret file: /home/runner/hadoop-http-auth-signature-secret
2024-04-09 12:04:13,219 [main] INFO  http.HttpRequestLog (HttpRequestLog.java:getRequestLog(86)) - Http request log for http.requests.scm is not defined
2024-04-09 12:04:13,220 [main] INFO  http.HttpServer2 (HttpServer2.java:addGlobalFilter(1036)) - Added global filter 'safety' (class=org.apache.hadoop.hdds.server.http.HttpServer2$QuotingInputFilter)
2024-04-09 12:04:13,221 [main] INFO  http.HttpServer2 (HttpServer2.java:addFilter(1012)) - Added filter static_user_filter (class=org.apache.hadoop.http.lib.StaticUserWebFilter$StaticUserFilter) to context scm
2024-04-09 12:04:13,221 [main] INFO  http.HttpServer2 (HttpServer2.java:addFilter(1020)) - Added filter static_user_filter (class=org.apache.hadoop.http.lib.StaticUserWebFilter$StaticUserFilter) to context logs
2024-04-09 12:04:13,222 [main] INFO  http.HttpServer2 (HttpServer2.java:addFilter(1020)) - Added filter static_user_filter (class=org.apache.hadoop.http.lib.StaticUserWebFilter$StaticUserFilter) to context static
2024-04-09 12:04:13,222 [main] INFO  http.BaseHttpServer (BaseHttpServer.java:<init>(189)) - HTTP server of scm uses base directory /home/runner/work/ozone/ozone/hadoop-ozone/integration-test/target/test-dir/MiniOzoneClusterImpl-00066f73-fe04-48fd-9c2f-afd3971143fc/ozone-meta/webserver
2024-04-09 12:04:13,223 [main] INFO  http.HttpServer2 (HttpServer2.java:bindListener(1236)) - Jetty bound to port 15056
2024-04-09 12:04:13,223 [main] INFO  server.Server (Server.java:doStart(375)) - jetty-9.4.53.v20231009; built: 2023-10-09T12:29:09.265Z; git: 27bde00a0b95a1d5bbee0eae7984f891d2d0f8c9; jvm 1.8.0_402-b06
2024-04-09 12:04:13,224 [main] INFO  server.session (DefaultSessionIdManager.java:doStart(334)) - DefaultSessionIdManager workerName=node0
2024-04-09 12:04:13,225 [main] INFO  server.session (DefaultSessionIdManager.java:doStart(339)) - No SessionScavenger set, using defaults
2024-04-09 12:04:13,225 [main] INFO  server.session (HouseKeeper.java:startScavenging(132)) - node0 Scavenging every 600000ms
2024-04-09 12:04:13,225 [main] INFO  handler.ContextHandler (ContextHandler.java:doStart(921)) - Started o.e.j.s.ServletContextHandler@11a9777b{logs,/logs,file:///home/runner/work/ozone/ozone/hadoop-ozone/integration-test/target/log,AVAILABLE}
2024-04-09 12:04:13,226 [main] INFO  handler.ContextHandler (ContextHandler.java:doStart(921)) - Started o.e.j.s.ServletContextHandler@34f67e81{static,/static,file:///home/runner/work/ozone/ozone/hadoop-ozone/integration-test/target/test-classes/webapps/static,AVAILABLE}
2024-04-09 12:04:13,229 [main] INFO  handler.ContextHandler (ContextHandler.java:doStart(921)) - Started o.e.j.w.WebAppContext@68a52965{scm,/,file:///home/runner/work/ozone/ozone/hadoop-ozone/integration-test/target/test-classes/webapps/scm/,AVAILABLE}{file:/home/runner/work/ozone/ozone/hadoop-ozone/integration-test/target/test-classes/webapps/scm}
2024-04-09 12:04:13,231 [main] INFO  server.AbstractConnector (AbstractConnector.java:doStart(333)) - Started ServerConnector@5bbc483f{HTTP/1.1, (http/1.1)}{0.0.0.0:15056}
2024-04-09 12:04:13,231 [main] INFO  server.Server (Server.java:doStart(415)) - Started @29508ms
2024-04-09 12:04:13,231 [main] WARN  impl.MetricsSystemImpl (MetricsSystemImpl.java:register(279)) - Sink prometheus already exists!
2024-04-09 12:04:13,232 [main] INFO  http.BaseHttpServer (BaseHttpServer.java:updateConnectorAddress(354)) - HTTP server of scm listening at http://0.0.0.0:15056
2024-04-09 12:04:13,232 [main] WARN  server.ServerUtils (ServerUtils.java:getDBPath(299)) - ozone.om.db.dirs is not configured. We recommend adding this setting. Falling back to ozone.metadata.dirs instead.
2024-04-09 12:04:13,233 [main] INFO  ha.OMHANodeDetails (OMHANodeDetails.java:loadOMHAConfig(115)) - ozone.om.internal.service.id is not defined, falling back to ozone.om.service.ids to find serviceID for OzoneManager if it is HA enabled cluster
2024-04-09 12:04:13,234 [main] INFO  ha.OMHANodeDetails (OMHANodeDetails.java:loadOMHAConfig(226)) - Configuration does not have ozone.om.address set. Falling back to the default OM address /127.0.0.1:15057
2024-04-09 12:04:13,234 [main] INFO  ha.OMHANodeDetails (OMHANodeDetails.java:getOMNodeDetailsForNonHA(254)) - OM Service ID is not set. Setting it to the default ID: omServiceIdDefault
2024-04-09 12:04:13,234 [main] INFO  ha.OMHANodeDetails (OMHANodeDetails.java:getOMNodeDetailsForNonHA(261)) - OM Node ID is not set. Setting it to the default ID: om1
2024-04-09 12:04:13,234 [main] WARN  server.ServerUtils (ServerUtils.java:getDBPath(299)) - ozone.om.db.dirs is not configured. We recommend adding this setting. Falling back to ozone.metadata.dirs instead.
2024-04-09 12:04:13,235 [main] INFO  upgrade.AbstractLayoutVersionManager (AbstractLayoutVersionManager.java:init(83)) - Initializing Layout version manager with metadata layout = QUOTA (version = 6), software layout = QUOTA (version = 6)
2024-04-09 12:04:13,279 [main] INFO  reflections.Reflections (Reflections.java:scan(219)) - Reflections took 44 ms to scan 2 urls, producing 187 keys and 543 values
2024-04-09 12:04:13,280 [main] INFO  upgrade.OMLayoutVersionManager (OMLayoutVersionManager.java:lambda$0(113)) - Skipping Upgrade Action QuotaRepairUpgradeAction since it has been finalized.
2024-04-09 12:04:13,280 [main] INFO  upgrade.OMLayoutVersionManager (OMLayoutVersionManager.java:lambda$0(113)) - Skipping Upgrade Action MockOmUpgradeAction since it has been finalized.
2024-04-09 12:04:13,280 [main] WARN  server.ServerUtils (ServerUtils.java:getDBPath(299)) - ozone.om.db.dirs is not configured. We recommend adding this setting. Falling back to ozone.metadata.dirs instead.
2024-04-09 12:04:13,281 [main] INFO  proxy.SCMBlockLocationFailoverProxyProvider (SCMBlockLocationFailoverProxyProvider.java:<init>(115)) - Created block location fail-over proxy with 1 nodes: [nodeId=scmNodeId,nodeAddress=/0.0.0.0:15054]
2024-04-09 12:04:13,283 [main] INFO  proxy.SCMBlockLocationFailoverProxyProvider (SCMBlockLocationFailoverProxyProvider.java:<init>(115)) - Created block location fail-over proxy with 1 nodes: [nodeId=scmNodeId,nodeAddress=/0.0.0.0:15054]
2024-04-09 12:04:13,289 [main] INFO  om.OzoneManager (OzoneManager.java:<init>(677)) - OM start with adminUsers: [runner]
2024-04-09 12:04:13,290 [main] WARN  server.ServerUtils (ServerUtils.java:getDBPath(299)) - ozone.om.db.dirs is not configured. We recommend adding this setting. Falling back to ozone.metadata.dirs instead.
2024-04-09 12:04:13,291 [main] INFO  helpers.OmKeyInfo (OmKeyInfo.java:getCodec(71)) - OmKeyInfo.getCodec ignorePipeline = true
2024-04-09 12:04:13,424 [main] INFO  om.OzoneManager (OzoneManager.java:instantiateServices(811)) - S3 Multi-Tenancy is disabled
2024-04-09 12:04:13,425 [main] INFO  om.OmSnapshotManager (OmSnapshotManager.java:<init>(177)) - Ozone filesystem snapshot feature is enabled.
2024-04-09 12:04:13,425 [main] WARN  server.ServerUtils (ServerUtils.java:getDBPath(299)) - ozone.om.snapshot.diff.db.dir is not configured. We recommend adding this setting. Falling back to ozone.metadata.dirs instead.
2024-04-09 12:04:13,439 [main] INFO  utils.NativeLibraryLoader (NativeLibraryLoader.java:loadLibrary(111)) - Loading Library: ozone_rocksdb_tools
2024-04-09 12:04:13,440 [main] ERROR snapshot.SnapshotDiffManager (SnapshotDiffManager.java:initNativeLibraryForEfficientDiff(287)) - Native Library for raw sst file reading loading failed.
org.apache.hadoop.hdds.utils.NativeLibraryNotLoadedException: Unable to load library ozone_rocksdb_tools from both java.library.path & resource file libozone_rocksdb_tools.so from jar.
	at org.apache.hadoop.hdds.utils.db.managed.ManagedRawSSTFileReader.loadLibrary(ManagedRawSSTFileReader.java:40)
	at org.apache.hadoop.ozone.om.snapshot.SnapshotDiffManager.initNativeLibraryForEfficientDiff(SnapshotDiffManager.java:285)
	at org.apache.hadoop.ozone.om.snapshot.SnapshotDiffManager.<init>(SnapshotDiffManager.java:259)
	at org.apache.hadoop.ozone.om.OmSnapshotManager.<init>(OmSnapshotManager.java:279)
	at org.apache.hadoop.ozone.om.OzoneManager.instantiateServices(OzoneManager.java:863)
	at org.apache.hadoop.ozone.om.OzoneManager.<init>(OzoneManager.java:687)
	at org.apache.hadoop.ozone.om.OzoneManager.createOm(OzoneManager.java:774)
	at org.apache.hadoop.ozone.MiniOzoneClusterImpl$Builder.createOM(MiniOzoneClusterImpl.java:689)
	at org.apache.hadoop.ozone.MiniOzoneClusterImpl$Builder.createAndStartSingleOM(MiniOzoneClusterImpl.java:673)
	at org.apache.hadoop.ozone.MiniOzoneClusterImpl$Builder.build(MiniOzoneClusterImpl.java:535)
	at org.apache.hadoop.hdds.scm.storage.TestCommitWatcher.init(TestCommitWatcher.java:147)
	at sun.reflect.NativeMethodAccessorImpl.invoke0(Native Method)
	at sun.reflect.NativeMethodAccessorImpl.invoke(NativeMethodAccessorImpl.java:62)
	at sun.reflect.DelegatingMethodAccessorImpl.invoke(DelegatingMethodAccessorImpl.java:43)
	at java.lang.reflect.Method.invoke(Method.java:498)
	at org.junit.platform.commons.util.ReflectionUtils.invokeMethod(ReflectionUtils.java:728)
	at org.junit.jupiter.engine.execution.MethodInvocation.proceed(MethodInvocation.java:60)
	at org.junit.jupiter.engine.execution.InvocationInterceptorChain$ValidatingInvocation.proceed(InvocationInterceptorChain.java:131)
	at org.junit.jupiter.engine.extension.TimeoutExtension.intercept(TimeoutExtension.java:156)
	at org.junit.jupiter.engine.extension.TimeoutExtension.interceptLifecycleMethod(TimeoutExtension.java:128)
	at org.junit.jupiter.engine.extension.TimeoutExtension.interceptBeforeEachMethod(TimeoutExtension.java:78)
	at org.junit.jupiter.engine.execution.InterceptingExecutableInvoker$ReflectiveInterceptorCall.lambda$ofVoidMethod$0(InterceptingExecutableInvoker.java:103)
	at org.junit.jupiter.engine.execution.InterceptingExecutableInvoker.lambda$invoke$0(InterceptingExecutableInvoker.java:93)
	at org.junit.jupiter.engine.execution.InvocationInterceptorChain$InterceptedInvocation.proceed(InvocationInterceptorChain.java:106)
	at org.junit.jupiter.engine.execution.InvocationInterceptorChain.proceed(InvocationInterceptorChain.java:64)
	at org.junit.jupiter.engine.execution.InvocationInterceptorChain.chainAndInvoke(InvocationInterceptorChain.java:45)
	at org.junit.jupiter.engine.execution.InvocationInterceptorChain.invoke(InvocationInterceptorChain.java:37)
	at org.junit.jupiter.engine.execution.InterceptingExecutableInvoker.invoke(InterceptingExecutableInvoker.java:92)
	at org.junit.jupiter.engine.execution.InterceptingExecutableInvoker.invoke(InterceptingExecutableInvoker.java:86)
	at org.junit.jupiter.engine.descriptor.ClassBasedTestDescriptor.invokeMethodInExtensionContext(ClassBasedTestDescriptor.java:521)
	at org.junit.jupiter.engine.descriptor.ClassBasedTestDescriptor.lambda$synthesizeBeforeEachMethodAdapter$23(ClassBasedTestDescriptor.java:506)
	at org.junit.jupiter.engine.descriptor.TestMethodTestDescriptor.lambda$invokeBeforeEachMethods$3(TestMethodTestDescriptor.java:175)
	at org.junit.jupiter.engine.descriptor.TestMethodTestDescriptor.lambda$invokeBeforeMethodsOrCallbacksUntilExceptionOccurs$6(TestMethodTestDescriptor.java:203)
	at org.junit.platform.engine.support.hierarchical.ThrowableCollector.execute(ThrowableCollector.java:73)
	at org.junit.jupiter.engine.descriptor.TestMethodTestDescriptor.invokeBeforeMethodsOrCallbacksUntilExceptionOccurs(TestMethodTestDescriptor.java:203)
	at org.junit.jupiter.engine.descriptor.TestMethodTestDescriptor.invokeBeforeEachMethods(TestMethodTestDescriptor.java:172)
	at org.junit.jupiter.engine.descriptor.TestMethodTestDescriptor.execute(TestMethodTestDescriptor.java:135)
	at org.junit.jupiter.engine.descriptor.TestMethodTestDescriptor.execute(TestMethodTestDescriptor.java:69)
	at org.junit.platform.engine.support.hierarchical.NodeTestTask.lambda$executeRecursively$6(NodeTestTask.java:151)
	at org.junit.platform.engine.support.hierarchical.ThrowableCollector.execute(ThrowableCollector.java:73)
	at org.junit.platform.engine.support.hierarchical.NodeTestTask.lambda$executeRecursively$8(NodeTestTask.java:141)
	at org.junit.platform.engine.support.hierarchical.Node.around(Node.java:137)
	at org.junit.platform.engine.support.hierarchical.NodeTestTask.lambda$executeRecursively$9(NodeTestTask.java:139)
	at org.junit.platform.engine.support.hierarchical.ThrowableCollector.execute(ThrowableCollector.java:73)
	at org.junit.platform.engine.support.hierarchical.NodeTestTask.executeRecursively(NodeTestTask.java:138)
	at org.junit.platform.engine.support.hierarchical.NodeTestTask.execute(NodeTestTask.java:95)
	at java.util.ArrayList.forEach(ArrayList.java:1259)
	at org.junit.platform.engine.support.hierarchical.SameThreadHierarchicalTestExecutorService.invokeAll(SameThreadHierarchicalTestExecutorService.java:41)
	at org.junit.platform.engine.support.hierarchical.NodeTestTask.lambda$executeRecursively$6(NodeTestTask.java:155)
	at org.junit.platform.engine.support.hierarchical.ThrowableCollector.execute(ThrowableCollector.java:73)
	at org.junit.platform.engine.support.hierarchical.NodeTestTask.lambda$executeRecursively$8(NodeTestTask.java:141)
	at org.junit.platform.engine.support.hierarchical.Node.around(Node.java:137)
	at org.junit.platform.engine.support.hierarchical.NodeTestTask.lambda$executeRecursively$9(NodeTestTask.java:139)
	at org.junit.platform.engine.support.hierarchical.ThrowableCollector.execute(ThrowableCollector.java:73)
	at org.junit.platform.engine.support.hierarchical.NodeTestTask.executeRecursively(NodeTestTask.java:138)
	at org.junit.platform.engine.support.hierarchical.NodeTestTask.execute(NodeTestTask.java:95)
	at java.util.ArrayList.forEach(ArrayList.java:1259)
	at org.junit.platform.engine.support.hierarchical.SameThreadHierarchicalTestExecutorService.invokeAll(SameThreadHierarchicalTestExecutorService.java:41)
	at org.junit.platform.engine.support.hierarchical.NodeTestTask.lambda$executeRecursively$6(NodeTestTask.java:155)
	at org.junit.platform.engine.support.hierarchical.ThrowableCollector.execute(ThrowableCollector.java:73)
	at org.junit.platform.engine.support.hierarchical.NodeTestTask.lambda$executeRecursively$8(NodeTestTask.java:141)
	at org.junit.platform.engine.support.hierarchical.Node.around(Node.java:137)
	at org.junit.platform.engine.support.hierarchical.NodeTestTask.lambda$executeRecursively$9(NodeTestTask.java:139)
	at org.junit.platform.engine.support.hierarchical.ThrowableCollector.execute(ThrowableCollector.java:73)
	at org.junit.platform.engine.support.hierarchical.NodeTestTask.executeRecursively(NodeTestTask.java:138)
	at org.junit.platform.engine.support.hierarchical.NodeTestTask.execute(NodeTestTask.java:95)
	at org.junit.platform.engine.support.hierarchical.SameThreadHierarchicalTestExecutorService.submit(SameThreadHierarchicalTestExecutorService.java:35)
	at org.junit.platform.engine.support.hierarchical.HierarchicalTestExecutor.execute(HierarchicalTestExecutor.java:57)
	at org.junit.platform.engine.support.hierarchical.HierarchicalTestEngine.execute(HierarchicalTestEngine.java:54)
	at org.junit.platform.launcher.core.EngineExecutionOrchestrator.execute(EngineExecutionOrchestrator.java:198)
	at org.junit.platform.launcher.core.EngineExecutionOrchestrator.execute(EngineExecutionOrchestrator.java:169)
	at org.junit.platform.launcher.core.EngineExecutionOrchestrator.execute(EngineExecutionOrchestrator.java:93)
	at org.junit.platform.launcher.core.EngineExecutionOrchestrator.lambda$execute$0(EngineExecutionOrchestrator.java:58)
	at org.junit.platform.launcher.core.EngineExecutionOrchestrator.withInterceptedStreams(EngineExecutionOrchestrator.java:141)
	at org.junit.platform.launcher.core.EngineExecutionOrchestrator.execute(EngineExecutionOrchestrator.java:57)
	at org.junit.platform.launcher.core.DefaultLauncher.execute(DefaultLauncher.java:103)
	at org.junit.platform.launcher.core.DefaultLauncher.execute(DefaultLauncher.java:85)
	at org.junit.platform.launcher.core.DelegatingLauncher.execute(DelegatingLauncher.java:47)
	at org.junit.platform.launcher.core.SessionPerRequestLauncher.execute(SessionPerRequestLauncher.java:63)
	at org.apache.maven.surefire.junitplatform.JUnitPlatformProvider.invokeAllTests(JUnitPlatformProvider.java:154)
	at org.apache.maven.surefire.junitplatform.JUnitPlatformProvider.invoke(JUnitPlatformProvider.java:123)
	at org.apache.maven.surefire.booter.ForkedBooter.runSuitesInProcess(ForkedBooter.java:377)
	at org.apache.maven.surefire.booter.ForkedBooter.execute(ForkedBooter.java:138)
	at org.apache.maven.surefire.booter.ForkedBooter.run(ForkedBooter.java:465)
	at org.apache.maven.surefire.booter.ForkedBooter.main(ForkedBooter.java:451)
2024-04-09 12:04:13,444 [main] INFO  om.OzoneManager (OzoneManager.java:addS3GVolumeToDB(4463)) - Created Volume s3v With Owner runner required for S3Gateway operations.
2024-04-09 12:04:13,444 [main] WARN  server.ServerUtils (ServerUtils.java:getDefaultRatisDirectory(311)) - Storage directory for Ratis is not configured. It is a good idea to map this to an SSD disk. Falling back to ozone.metadata.dirs
2024-04-09 12:04:13,445 [main] WARN  utils.OzoneManagerRatisUtils (OzoneManagerRatisUtils.java:getOMRatisSnapshotDirectory(476)) - ozone.om.ratis.snapshot.dir is not configured. Falling back to ozone.metadata.dirs config
2024-04-09 12:04:13,452 [main] WARN  server.ServerUtils (ServerUtils.java:getDefaultRatisDirectory(311)) - Storage directory for Ratis is not configured. It is a good idea to map this to an SSD disk. Falling back to ozone.metadata.dirs
2024-04-09 12:04:13,453 [main] INFO  ratis.OzoneManagerRatisServer (OzoneManagerRatisServer.java:<init>(167)) - Instantiating OM Ratis server with groupID: omServiceIdDefault and peers: localhost:15060
2024-04-09 12:04:13,454 [main] INFO  ratis.OzoneManagerStateMachine (OzoneManagerStateMachine.java:loadSnapshotInfoFromDB(589)) - TransactionInfo not found in OM DB.
2024-04-09 12:04:13,454 [main] INFO  server.RaftServer (ConfUtils.java:logGet(46)) - raft.rpc.type = GRPC (default)
2024-04-09 12:04:13,455 [main] INFO  grpc.GrpcConfigKeys (ConfUtils.java:logFallback(53)) - raft.grpc.admin.host = null (fallback to raft.grpc.server.host)
2024-04-09 12:04:13,455 [main] INFO  grpc.GrpcConfigKeys (ConfUtils.java:logFallback(53)) - raft.grpc.admin.port = 15060 (fallback to raft.grpc.server.port)
2024-04-09 12:04:13,455 [main] INFO  grpc.GrpcConfigKeys (ConfUtils.java:logFallback(53)) - raft.grpc.client.host = null (fallback to raft.grpc.server.host)
2024-04-09 12:04:13,455 [main] INFO  grpc.GrpcConfigKeys (ConfUtils.java:logFallback(53)) - raft.grpc.client.port = 15060 (fallback to raft.grpc.server.port)
2024-04-09 12:04:13,455 [main] INFO  grpc.GrpcConfigKeys (ConfUtils.java:logGet(46)) - raft.grpc.server.host = null (default)
2024-04-09 12:04:13,456 [main] INFO  grpc.GrpcConfigKeys (ConfUtils.java:logGet(46)) - raft.grpc.server.port = 15060 (custom)
2024-04-09 12:04:13,456 [main] INFO  server.GrpcService (ConfUtils.java:logGet(46)) - raft.grpc.message.size.max = 4194304 (custom)
2024-04-09 12:04:13,456 [main] INFO  server.RaftServerConfigKeys (ConfUtils.java:logGet(46)) - raft.server.log.appender.buffer.byte-limit = 4194304 (custom)
2024-04-09 12:04:13,456 [main] INFO  server.GrpcService (ConfUtils.java:logGet(46)) - raft.grpc.flow.control.window = 1MB (=1048576) (default)
2024-04-09 12:04:13,456 [main] INFO  server.RaftServerConfigKeys (ConfUtils.java:logGet(46)) - raft.server.rpc.request.timeout = 3000ms (default)
2024-04-09 12:04:13,456 [main] INFO  grpc.GrpcConfigKeys (ConfUtils.java:logGet(46)) - raft.grpc.server.heartbeat.channel = true (default)
2024-04-09 12:04:13,457 [main] INFO  grpc.GrpcConfigKeys (ConfUtils.java:logGet(46)) - raft.grpc.server.async.request.thread.pool.cached = true (default)
2024-04-09 12:04:13,457 [main] INFO  grpc.GrpcConfigKeys (ConfUtils.java:logGet(46)) - raft.grpc.server.async.request.thread.pool.size = 32 (default)
2024-04-09 12:04:13,458 [main] INFO  impl.DataStreamServerImpl (ConfUtils.java:logGet(46)) - raft.datastream.type = DISABLED (default)
2024-04-09 12:04:13,458 [main] INFO  server.RaftServerConfigKeys (ConfUtils.java:logGet(46)) - raft.server.sleep.deviation.threshold = 300ms (default)
2024-04-09 12:04:13,459 [main] INFO  server.RaftServerConfigKeys (ConfUtils.java:logGet(46)) - raft.server.close.threshold = 60s (default)
2024-04-09 12:04:13,459 [main] INFO  server.RaftServerConfigKeys (ConfUtils.java:logGet(46)) - raft.server.leaderelection.leader.step-down.wait-time = 10s (default)
2024-04-09 12:04:13,459 [main] INFO  server.RaftServerConfigKeys (ConfUtils.java:logGet(46)) - raft.server.storage.dir = [/home/runner/work/ozone/ozone/hadoop-ozone/integration-test/target/test-dir/MiniOzoneClusterImpl-00066f73-fe04-48fd-9c2f-afd3971143fc/ozone-meta/ratis] (custom)
2024-04-09 12:04:13,459 [main] INFO  server.RaftServerConfigKeys (ConfUtils.java:logGet(46)) - raft.server.threadpool.proxy.cached = true (default)
2024-04-09 12:04:13,459 [main] INFO  server.RaftServerConfigKeys (ConfUtils.java:logGet(46)) - raft.server.threadpool.proxy.size = 0 (default)
2024-04-09 12:04:13,460 [main] INFO  server.RaftServer (RaftServerProxy.java:addNew(100)) - om1: addNew group-C5BA1605619E:[om1|localhost:15060] returns group-C5BA1605619E:java.util.concurrent.CompletableFuture@422ea9f7[Not completed]
2024-04-09 12:04:13,460 [om1-groupManagement] INFO  server.RaftServer$Division (RaftServerImpl.java:<init>(256)) - om1: new RaftServerImpl for group-C5BA1605619E:[om1|localhost:15060] with OzoneManagerStateMachine:uninitialized
2024-04-09 12:04:13,460 [om1-groupManagement] INFO  server.RaftServerConfigKeys (ConfUtils.java:logGet(46)) - raft.server.rpc.timeout.min = 1s (custom)
2024-04-09 12:04:13,460 [om1-groupManagement] INFO  server.RaftServerConfigKeys (ConfUtils.java:logGet(46)) - raft.server.rpc.timeout.max = 1200ms (custom)
2024-04-09 12:04:13,460 [om1-groupManagement] INFO  server.RaftServerConfigKeys (ConfUtils.java:logGet(46)) - raft.server.rpc.sleep.time = 25ms (default)
2024-04-09 12:04:13,460 [om1-groupManagement] INFO  server.RaftServerConfigKeys (ConfUtils.java:logGet(46)) - raft.server.rpc.slowness.timeout = 120s (custom)
2024-04-09 12:04:13,460 [om1-groupManagement] INFO  server.RaftServerConfigKeys (ConfUtils.java:logGet(46)) - raft.server.leaderelection.leader.step-down.wait-time = 10s (default)
2024-04-09 12:04:13,461 [om1-groupManagement] INFO  server.RaftServerConfigKeys (ConfUtils.java:logGet(46)) - raft.server.leaderelection.member.majority-add = false (default)
2024-04-09 12:04:13,461 [om1-groupManagement] INFO  server.RaftServerConfigKeys (ConfUtils.java:logGet(46)) - raft.server.sleep.deviation.threshold = 300ms (default)
2024-04-09 12:04:13,461 [om1-groupManagement] INFO  server.RaftServer$Division (ServerState.java:<init>(113)) - om1@group-C5BA1605619E: ConfigurationManager, init=-1: peers:[om1|localhost:15060]|listeners:[], old=null, confs=<EMPTY_MAP>
2024-04-09 12:04:13,461 [om1-groupManagement] INFO  server.RaftServerConfigKeys (ConfUtils.java:logGet(46)) - raft.server.notification.no-leader.timeout = 120s (custom)
2024-04-09 12:04:13,461 [om1-groupManagement] INFO  server.RaftServerConfigKeys (ConfUtils.java:logGet(46)) - raft.server.read.timeout = 10s (default)
2024-04-09 12:04:13,461 [om1-groupManagement] INFO  server.RaftServerConfigKeys (ConfUtils.java:logGet(46)) - raft.server.retrycache.expirytime = 300s (custom)
2024-04-09 12:04:13,461 [om1-groupManagement] INFO  server.RaftServerConfigKeys (ConfUtils.java:logGet(46)) - raft.server.retrycache.statistics.expirytime = 100ms (default)
2024-04-09 12:04:13,461 [om1-groupManagement] INFO  server.RaftServerConfigKeys (ConfUtils.java:logGet(46)) - raft.server.read.option = DEFAULT (default)
2024-04-09 12:04:13,461 [om1-groupManagement] INFO  server.RaftServerConfigKeys (ConfUtils.java:logGet(46)) - raft.server.read.read-after-write-consistent.write-index-cache.expiry-time = 60s (default)
2024-04-09 12:04:13,460 [main] INFO  om.OzoneManager (OzoneManager.java:initializeRatisServer(2168)) - OzoneManager Ratis server initialized at port 15060
2024-04-09 12:04:13,462 [main] INFO  om.OzoneManager (OzoneManager.java:getRpcServer(1227)) - Creating RPC Server
2024-04-09 12:04:13,462 [om1-groupManagement] INFO  server.RaftServerConfigKeys (ConfUtils.java:logGet(46)) - raft.server.rpc.request.timeout = 3000ms (default)
2024-04-09 12:04:13,462 [om1-groupManagement] INFO  server.RaftServerConfigKeys (ConfUtils.java:logGet(46)) - raft.server.log.appender.install.snapshot.enabled = false (custom)
2024-04-09 12:04:13,462 [om1-groupManagement] INFO  server.RaftServerConfigKeys (ConfUtils.java:logGet(46)) - raft.server.threadpool.server.cached = true (default)
2024-04-09 12:04:13,463 [om1-groupManagement] INFO  server.RaftServerConfigKeys (ConfUtils.java:logGet(46)) - raft.server.threadpool.server.size = 0 (default)
2024-04-09 12:04:13,463 [om1-groupManagement] INFO  server.RaftServerConfigKeys (ConfUtils.java:logGet(46)) - raft.server.threadpool.client.cached = true (default)
2024-04-09 12:04:13,463 [om1-groupManagement] INFO  server.RaftServerConfigKeys (ConfUtils.java:logGet(46)) - raft.server.threadpool.client.size = 0 (default)
2024-04-09 12:04:14,075 [main] INFO  reflections.Reflections (Reflections.java:scan(219)) - Reflections took 612 ms to scan 20 urls, producing 58 keys and 6519 values
2024-04-09 12:04:14,077 [main] INFO  ipc.CallQueueManager (CallQueueManager.java:<init>(90)) - Using callQueue: class java.util.concurrent.LinkedBlockingQueue, queueCapacity: 2000, scheduler: class org.apache.hadoop.ipc.DefaultRpcScheduler, ipcBackoff: false.
2024-04-09 12:04:14,078 [main] INFO  ipc.Server (Server.java:<init>(1287)) - Listener at 127.0.0.1:15057
2024-04-09 12:04:14,078 [Socket Reader #1 for port 15057] INFO  ipc.Server (Server.java:run(1323)) - Starting Socket Reader #1 for port 15057
2024-04-09 12:04:14,095 [main] INFO  impl.MetricsSystemImpl (MetricsSystemImpl.java:init(158)) - OzoneManager metrics system started (again)
2024-04-09 12:04:14,107 [main] INFO  om.OzoneManager (OzoneManager.java:start(1649)) - OzoneManager RPC server is listening at localhost/127.0.0.1:15057
2024-04-09 12:04:14,108 [main] INFO  ratis.OzoneManagerRatisServer (OzoneManagerRatisServer.java:start(588)) - Starting OzoneManagerRatisServer om1 at port 15060
2024-04-09 12:04:14,108 [om1-impl-thread1] INFO  server.RaftServerConfigKeys (ConfUtils.java:logGet(46)) - raft.server.storage.free-space.min = 0MB (=0) (default)
2024-04-09 12:04:14,108 [om1-impl-thread1] INFO  server.RaftServerConfigKeys (ConfUtils.java:logGet(46)) - raft.server.log.corruption.policy = EXCEPTION (default)
2024-04-09 12:04:14,108 [om1-impl-thread1] INFO  server.RaftServerConfigKeys (ConfUtils.java:logGet(46)) - raft.server.storage.dir = [/home/runner/work/ozone/ozone/hadoop-ozone/integration-test/target/test-dir/MiniOzoneClusterImpl-00066f73-fe04-48fd-9c2f-afd3971143fc/ozone-meta/ratis] (custom)
2024-04-09 12:04:14,108 [om1-impl-thread1] INFO  storage.RaftStorageDirectory (RaftStorageDirectoryImpl.java:analyzeStorage(138)) - The storage directory /home/runner/work/ozone/ozone/hadoop-ozone/integration-test/target/test-dir/MiniOzoneClusterImpl-00066f73-fe04-48fd-9c2f-afd3971143fc/ozone-meta/ratis/bf265839-605b-3f16-9796-c5ba1605619e does not exist. Creating ...
2024-04-09 12:04:14,109 [om1-impl-thread1] INFO  storage.RaftStorageDirectory (RaftStorageDirectoryImpl.java:tryLock(228)) - Lock on /home/runner/work/ozone/ozone/hadoop-ozone/integration-test/target/test-dir/MiniOzoneClusterImpl-00066f73-fe04-48fd-9c2f-afd3971143fc/ozone-meta/ratis/bf265839-605b-3f16-9796-c5ba1605619e/in_use.lock acquired by nodename 114594@fv-az1531-426
2024-04-09 12:04:14,110 [om1-impl-thread1] INFO  storage.RaftStorage (RaftStorageImpl.java:format(99)) - Storage directory /home/runner/work/ozone/ozone/hadoop-ozone/integration-test/target/test-dir/MiniOzoneClusterImpl-00066f73-fe04-48fd-9c2f-afd3971143fc/ozone-meta/ratis/bf265839-605b-3f16-9796-c5ba1605619e has been successfully formatted.
2024-04-09 12:04:14,111 [om1-impl-thread1] WARN  util.FileUtils (LogUtils.java:supplyAndLog(63)) - Failed to Files.newInputStream /home/runner/work/ozone/ozone/hadoop-ozone/integration-test/target/test-dir/MiniOzoneClusterImpl-00066f73-fe04-48fd-9c2f-afd3971143fc/ozone-meta/ratis/bf265839-605b-3f16-9796-c5ba1605619e/current/raft-meta.conf with options []: java.nio.file.NoSuchFileException: /home/runner/work/ozone/ozone/hadoop-ozone/integration-test/target/test-dir/MiniOzoneClusterImpl-00066f73-fe04-48fd-9c2f-afd3971143fc/ozone-meta/ratis/bf265839-605b-3f16-9796-c5ba1605619e/current/raft-meta.conf
2024-04-09 12:04:14,111 [om1-impl-thread1] INFO  server.RaftServerConfigKeys (ConfUtils.java:logGet(46)) - raft.server.log.use.memory = false (default)
2024-04-09 12:04:14,111 [om1-impl-thread1] INFO  server.RaftServerConfigKeys (ConfUtils.java:logGet(46)) - raft.server.log.purge.gap = 1000000 (custom)
2024-04-09 12:04:14,111 [om1-impl-thread1] INFO  server.RaftServerConfigKeys (ConfUtils.java:logGet(46)) - raft.server.log.appender.buffer.byte-limit = 4194304 (custom)
2024-04-09 12:04:14,111 [om1-impl-thread1] INFO  server.RaftServerConfigKeys (ConfUtils.java:logGet(46)) - raft.server.log.statemachine.data.read.timeout = 1000ms (default)
2024-04-09 12:04:14,111 [om1-impl-thread1] INFO  server.RaftServerConfigKeys (ConfUtils.java:logGet(46)) - raft.server.log.purge.preservation.log.num = 0 (default)
2024-04-09 12:04:14,112 [om1-impl-thread1] INFO  server.RaftServerConfigKeys (ConfUtils.java:logGet(46)) - raft.server.log.segment.size.max = 4194304 (custom)
2024-04-09 12:04:14,112 [om1-impl-thread1] INFO  server.RaftServerConfigKeys (ConfUtils.java:logGet(46)) - raft.server.log.segment.cache.num.max = 2 (custom)
2024-04-09 12:04:14,112 [om1-impl-thread1] INFO  server.RaftServerConfigKeys (ConfUtils.java:logGet(46)) - raft.server.log.segment.cache.size.max = 200MB (=209715200) (default)
2024-04-09 12:04:14,112 [om1-impl-thread1] INFO  server.RaftServerConfigKeys (ConfUtils.java:logGet(46)) - raft.server.log.appender.buffer.byte-limit = 4194304 (custom)
2024-04-09 12:04:14,113 [om1-impl-thread1] INFO  util.AwaitToRun (AwaitToRun.java:start(81)) - Thread[om1@group-C5BA1605619E-cacheEviction-AwaitToRun,5,main] started
2024-04-09 12:04:14,113 [om1-impl-thread1] INFO  segmented.SegmentedRaftLogWorker (SegmentedRaftLogWorker.java:<init>(182)) - new om1@group-C5BA1605619E-SegmentedRaftLogWorker for RaftStorageImpl:Storage Directory /home/runner/work/ozone/ozone/hadoop-ozone/integration-test/target/test-dir/MiniOzoneClusterImpl-00066f73-fe04-48fd-9c2f-afd3971143fc/ozone-meta/ratis/bf265839-605b-3f16-9796-c5ba1605619e
2024-04-09 12:04:14,113 [om1-impl-thread1] INFO  server.RaftServerConfigKeys (ConfUtils.java:logGet(46)) - raft.server.log.queue.byte-limit = 64MB (=67108864) (default)
2024-04-09 12:04:14,113 [om1-impl-thread1] INFO  server.RaftServerConfigKeys (ConfUtils.java:logGet(46)) - raft.server.log.queue.element-limit = 4096 (default)
2024-04-09 12:04:14,113 [om1-impl-thread1] INFO  server.RaftServerConfigKeys (ConfUtils.java:logGet(46)) - raft.server.log.segment.size.max = 4194304 (custom)
2024-04-09 12:04:14,113 [om1-impl-thread1] INFO  server.RaftServerConfigKeys (ConfUtils.java:logGet(46)) - raft.server.log.preallocated.size = 4194304 (custom)
2024-04-09 12:04:14,113 [om1-impl-thread1] INFO  server.RaftServerConfigKeys (ConfUtils.java:logGet(46)) - raft.server.log.force.sync.num = 128 (default)
2024-04-09 12:04:14,113 [om1-impl-thread1] INFO  server.RaftServerConfigKeys (ConfUtils.java:logGet(46)) - raft.server.log.statemachine.data.sync = true (default)
2024-04-09 12:04:14,113 [om1-impl-thread1] INFO  server.RaftServerConfigKeys (ConfUtils.java:logGet(46)) - raft.server.log.statemachine.data.sync.timeout = 10s (default)
2024-04-09 12:04:14,113 [om1-impl-thread1] INFO  server.RaftServerConfigKeys (ConfUtils.java:logGet(46)) - raft.server.log.statemachine.data.sync.timeout.retry = -1 (default)
2024-04-09 12:04:14,114 [om1-impl-thread1] INFO  server.RaftServerConfigKeys (ConfUtils.java:logGet(46)) - raft.server.log.write.buffer.size = 4194312 (custom)
2024-04-09 12:04:14,115 [om1-impl-thread1] INFO  server.RaftServerConfigKeys (ConfUtils.java:logGet(46)) - raft.server.log.appender.buffer.byte-limit = 4194304 (custom)
2024-04-09 12:04:14,115 [om1-impl-thread1] INFO  server.RaftServerConfigKeys (ConfUtils.java:logGet(46)) - raft.server.log.unsafe-flush.enabled = false (default)
2024-04-09 12:04:14,115 [om1-impl-thread1] INFO  server.RaftServerConfigKeys (ConfUtils.java:logGet(46)) - raft.server.log.async-flush.enabled = false (default)
2024-04-09 12:04:14,115 [om1-impl-thread1] INFO  server.RaftServerConfigKeys (ConfUtils.java:logGet(46)) - raft.server.log.statemachine.data.caching.enabled = false (default)
2024-04-09 12:04:14,115 [om1-impl-thread1] INFO  segmented.SegmentedRaftLogWorker (SegmentedRaftLogWorker.java:lambda$new$0(134)) - om1@group-C5BA1605619E-SegmentedRaftLogWorker: flushIndex: setUnconditionally 0 -> -1
2024-04-09 12:04:14,115 [om1-impl-thread1] INFO  segmented.SegmentedRaftLogWorker (SegmentedRaftLogWorker.java:lambda$new$0(134)) - om1@group-C5BA1605619E-SegmentedRaftLogWorker: safeCacheEvictIndex: setUnconditionally 0 -> -1
2024-04-09 12:04:14,116 [om1-impl-thread1] INFO  server.RaftServer$Division (RaftServerImpl.java:start(396)) - om1@group-C5BA1605619E: start as a follower, conf=-1: peers:[om1|localhost:15060]|listeners:[], old=null
2024-04-09 12:04:14,116 [om1-impl-thread1] INFO  server.RaftServer$Division (RaftServerImpl.java:setRole(383)) - om1@group-C5BA1605619E: changes role from      null to FOLLOWER at term 0 for startAsFollower
2024-04-09 12:04:14,116 [om1-impl-thread1] INFO  impl.RoleInfo (RoleInfo.java:updateAndGet(139)) - om1: start om1@group-C5BA1605619E-FollowerState
2024-04-09 12:04:14,116 [om1@group-C5BA1605619E-FollowerState] INFO  server.RaftServerConfigKeys (ConfUtils.java:logFallback(53)) - raft.server.rpc.first-election.timeout.min = 1s (fallback to raft.server.rpc.timeout.min)
2024-04-09 12:04:14,116 [om1@group-C5BA1605619E-FollowerState] INFO  server.RaftServerConfigKeys (ConfUtils.java:logFallback(53)) - raft.server.rpc.first-election.timeout.max = 1200ms (fallback to raft.server.rpc.timeout.max)
2024-04-09 12:04:14,116 [om1-impl-thread1] INFO  util.JmxRegister (JmxRegister.java:tryRegister(44)) - Successfully registered JMX Bean with object name Ratis:service=RaftServer,group=group-C5BA1605619E,id=om1
2024-04-09 12:04:14,117 [om1-impl-thread1] INFO  server.RaftServerConfigKeys (ConfUtils.java:logGet(46)) - raft.server.snapshot.trigger-when-stop.enabled = true (default)
2024-04-09 12:04:14,117 [om1-impl-thread1] INFO  server.RaftServerConfigKeys (ConfUtils.java:logGet(46)) - raft.server.snapshot.auto.trigger.enabled = true (custom)
2024-04-09 12:04:14,117 [om1-impl-thread1] INFO  server.RaftServerConfigKeys (ConfUtils.java:logGet(46)) - raft.server.snapshot.auto.trigger.threshold = 400000 (default)
2024-04-09 12:04:14,117 [om1-impl-thread1] INFO  server.RaftServerConfigKeys (ConfUtils.java:logGet(46)) - raft.server.snapshot.retention.file.num = -1 (default)
2024-04-09 12:04:14,117 [om1-impl-thread1] INFO  server.RaftServerConfigKeys (ConfUtils.java:logGet(46)) - raft.server.log.purge.upto.snapshot.index = true (custom)
2024-04-09 12:04:14,117 [main] INFO  server.RaftServer (RaftServerProxy.java:startImpl(406)) - om1: start RPC server
2024-04-09 12:04:14,119 [main] INFO  server.GrpcService (GrpcService.java:startImpl(302)) - om1: GrpcService started, listening on 15060
2024-04-09 12:04:14,119 [JvmPauseMonitor8] INFO  util.JvmPauseMonitor (JvmPauseMonitor.java:run(146)) - JvmPauseMonitor-om1: Started
2024-04-09 12:04:14,120 [main] INFO  om.OzoneManager (OzoneManager.java:start(1665)) - Version File has different layout version (6) than OM DB (null). That is expected if this OM has never been finalized to a newer layout version.
2024-04-09 12:04:14,133 [main] INFO  client.ScmTopologyClient (ScmTopologyClient.java:start(72)) - Initial network topology fetched from SCM: /.
2024-04-09 12:04:14,134 [main] INFO  net.NodeSchemaLoader (NodeSchemaLoader.java:loadSchemaFromFile(129)) - Loading schema from [file:/home/runner/work/ozone/ozone/hadoop-hdds/common/target/classes/network-topology-default.xml]
2024-04-09 12:04:14,134 [main] INFO  net.NodeSchemaLoader (NodeSchemaLoader.java:loadSchema(176)) - Loading network topology layer schema file
2024-04-09 12:04:14,139 [main] INFO  http.BaseHttpServer (BaseHttpServer.java:newHttpServer2BuilderForOzone(223)) - Starting Web-server for ozoneManager at: http://0.0.0.0:15058
2024-04-09 12:04:14,139 [main] INFO  http.BaseHttpServer (BaseHttpServer.java:<init>(110)) - Hadoop Security Enabled: false Ozone Security Enabled: false Ozone HTTP Security Enabled: false 
2024-04-09 12:04:14,141 [main] WARN  server.AuthenticationFilter (AuthenticationFilter.java:constructSecretProvider(240)) - Unable to initialize FileSignerSecretProvider, falling back to use random secrets. Reason: Could not read signature secret file: /home/runner/hadoop-http-auth-signature-secret
2024-04-09 12:04:14,141 [main] INFO  http.HttpRequestLog (HttpRequestLog.java:getRequestLog(86)) - Http request log for http.requests.ozoneManager is not defined
2024-04-09 12:04:14,143 [main] INFO  http.HttpServer2 (HttpServer2.java:addGlobalFilter(1036)) - Added global filter 'safety' (class=org.apache.hadoop.hdds.server.http.HttpServer2$QuotingInputFilter)
2024-04-09 12:04:14,143 [main] INFO  http.HttpServer2 (HttpServer2.java:addFilter(1012)) - Added filter static_user_filter (class=org.apache.hadoop.http.lib.StaticUserWebFilter$StaticUserFilter) to context ozoneManager
2024-04-09 12:04:14,143 [main] INFO  http.HttpServer2 (HttpServer2.java:addFilter(1020)) - Added filter static_user_filter (class=org.apache.hadoop.http.lib.StaticUserWebFilter$StaticUserFilter) to context logs
2024-04-09 12:04:14,144 [main] INFO  http.HttpServer2 (HttpServer2.java:addFilter(1020)) - Added filter static_user_filter (class=org.apache.hadoop.http.lib.StaticUserWebFilter$StaticUserFilter) to context static
2024-04-09 12:04:14,144 [main] INFO  http.BaseHttpServer (BaseHttpServer.java:<init>(189)) - HTTP server of ozoneManager uses base directory /home/runner/work/ozone/ozone/hadoop-ozone/integration-test/target/test-dir/MiniOzoneClusterImpl-00066f73-fe04-48fd-9c2f-afd3971143fc/ozone-meta/webserver
2024-04-09 12:04:14,145 [main] INFO  http.HttpServer2 (HttpServer2.java:bindListener(1236)) - Jetty bound to port 15058
2024-04-09 12:04:14,145 [main] INFO  server.Server (Server.java:doStart(375)) - jetty-9.4.53.v20231009; built: 2023-10-09T12:29:09.265Z; git: 27bde00a0b95a1d5bbee0eae7984f891d2d0f8c9; jvm 1.8.0_402-b06
2024-04-09 12:04:14,150 [main] INFO  server.session (DefaultSessionIdManager.java:doStart(334)) - DefaultSessionIdManager workerName=node0
2024-04-09 12:04:14,150 [main] INFO  server.session (DefaultSessionIdManager.java:doStart(339)) - No SessionScavenger set, using defaults
2024-04-09 12:04:14,150 [main] INFO  server.session (HouseKeeper.java:startScavenging(132)) - node0 Scavenging every 660000ms
2024-04-09 12:04:14,151 [main] INFO  handler.ContextHandler (ContextHandler.java:doStart(921)) - Started o.e.j.s.ServletContextHandler@24b75efc{logs,/logs,file:///home/runner/work/ozone/ozone/hadoop-ozone/integration-test/target/log,AVAILABLE}
2024-04-09 12:04:14,151 [main] INFO  handler.ContextHandler (ContextHandler.java:doStart(921)) - Started o.e.j.s.ServletContextHandler@c777d3a{static,/static,file:///home/runner/work/ozone/ozone/hadoop-ozone/integration-test/target/test-classes/webapps/static,AVAILABLE}
2024-04-09 12:04:14,155 [main] INFO  handler.ContextHandler (ContextHandler.java:doStart(921)) - Started o.e.j.w.WebAppContext@1ea415a1{ozoneManager,/,file:///home/runner/work/ozone/ozone/hadoop-ozone/integration-test/target/test-classes/webapps/ozoneManager/,AVAILABLE}{file:/home/runner/work/ozone/ozone/hadoop-ozone/integration-test/target/test-classes/webapps/ozoneManager}
2024-04-09 12:04:14,156 [main] INFO  server.AbstractConnector (AbstractConnector.java:doStart(333)) - Started ServerConnector@2b90be6c{HTTP/1.1, (http/1.1)}{0.0.0.0:15058}
2024-04-09 12:04:14,156 [main] INFO  server.Server (Server.java:doStart(415)) - Started @30433ms
2024-04-09 12:04:14,158 [main] WARN  impl.MetricsSystemImpl (MetricsSystemImpl.java:register(279)) - Sink prometheus already exists!
2024-04-09 12:04:14,159 [main] INFO  http.BaseHttpServer (BaseHttpServer.java:updateConnectorAddress(354)) - HTTP server of ozoneManager listening at http://0.0.0.0:15058
2024-04-09 12:04:14,159 [IPC Server Responder] INFO  ipc.Server (Server.java:run(1562)) - IPC Server Responder: starting
2024-04-09 12:04:14,159 [IPC Server listener on 15057] INFO  ipc.Server (Server.java:run(1402)) - IPC Server listener on 15057: starting
2024-04-09 12:04:14,166 [main] INFO  om.OzoneManager (OzoneManager.java:startTrashEmptier(2121)) - Trash Interval set to 0. Files deleted won't move to trash
2024-04-09 12:04:14,178 [main] WARN  dropwizard3.Dm3MetricRegistriesImpl (Dm3MetricRegistriesImpl.java:addReporterRegistration(113)) - New reporters are added after registries were created. Some metrics will be missing from the reporter. Please add reporter before adding any new registry.
2024-04-09 12:04:14,179 [main] WARN  dropwizard3.Dm3MetricRegistriesImpl (Dm3MetricRegistriesImpl.java:addReporterRegistration(113)) - New reporters are added after registries were created. Some metrics will be missing from the reporter. Please add reporter before adding any new registry.
2024-04-09 12:04:14,179 [main] INFO  impl.MetricsSystemImpl (MetricsSystemImpl.java:init(158)) - HddsDatanode metrics system started (again)
2024-04-09 12:04:14,191 [main] INFO  ozone.HddsDatanodeService (HddsDatanodeService.java:start(240)) - HddsDatanodeService host:fv-az1531-426.hsxikm2gdrvudnct5jqc1oiugc.ex.internal.cloudapp.net ip:10.1.0.103
2024-04-09 12:04:14,209 [main] INFO  upgrade.AbstractLayoutVersionManager (AbstractLayoutVersionManager.java:init(83)) - Initializing Layout version manager with metadata layout = HADOOP_PRC_PORTS_IN_DATANODEDETAILS (version = 7), software layout = HADOOP_PRC_PORTS_IN_DATANODEDETAILS (version = 7)
2024-04-09 12:04:14,209 [main] INFO  statemachine.DatanodeStateMachine (DatanodeStateMachine.java:getEndPointTaskThreadPoolSize(299)) - Datanode State Machine Task Thread Pool size 2
2024-04-09 12:04:14,213 [main] INFO  volume.HddsVolume (HddsVolume.java:<init>(126)) - Creating HddsVolume: /home/runner/work/ozone/ozone/hadoop-ozone/integration-test/target/test-dir/MiniOzoneClusterImpl-00066f73-fe04-48fd-9c2f-afd3971143fc/ozone-meta/datanode-1/data-0/hdds of storage type : DISK capacity : 9223372036854775807
2024-04-09 12:04:14,213 [main] INFO  volume.MutableVolumeSet (MutableVolumeSet.java:initializeVolumeSet(173)) - Added Volume : /home/runner/work/ozone/ozone/hadoop-ozone/integration-test/target/test-dir/MiniOzoneClusterImpl-00066f73-fe04-48fd-9c2f-afd3971143fc/ozone-meta/datanode-1/data-0/hdds to VolumeSet
2024-04-09 12:04:14,214 [main] INFO  volume.MutableVolumeSet (MutableVolumeSet.java:initializeVolumeSet(173)) - Added Volume : /home/runner/work/ozone/ozone/hadoop-ozone/integration-test/target/test-dir/MiniOzoneClusterImpl-00066f73-fe04-48fd-9c2f-afd3971143fc/ozone-meta/datanode-1/ratis to VolumeSet
2024-04-09 12:04:14,214 [main] INFO  ozoneimpl.OzoneContainer (HddsVolumeUtil.java:loadAllHddsVolumeDbStore(103)) - Load 1 volumes DbStore cost: 0ms
2024-04-09 12:04:14,217 [main] INFO  server.RaftServer (ConfUtils.java:logGet(46)) - raft.rpc.type = GRPC (default)
2024-04-09 12:04:14,217 [main] INFO  grpc.GrpcConfigKeys (ConfUtils.java:logFallback(53)) - raft.grpc.admin.host = null (fallback to raft.grpc.server.host)
2024-04-09 12:04:14,217 [main] INFO  grpc.GrpcConfigKeys (ConfUtils.java:logGet(46)) - raft.grpc.admin.port = 15066 (custom)
2024-04-09 12:04:14,218 [main] INFO  grpc.GrpcConfigKeys (ConfUtils.java:logFallback(53)) - raft.grpc.client.host = null (fallback to raft.grpc.server.host)
2024-04-09 12:04:14,218 [main] INFO  grpc.GrpcConfigKeys (ConfUtils.java:logGet(46)) - raft.grpc.client.port = 15065 (custom)
2024-04-09 12:04:14,218 [main] INFO  grpc.GrpcConfigKeys (ConfUtils.java:logGet(46)) - raft.grpc.server.host = null (default)
2024-04-09 12:04:14,218 [main] INFO  grpc.GrpcConfigKeys (ConfUtils.java:logGet(46)) - raft.grpc.server.port = 15067 (custom)
2024-04-09 12:04:14,218 [main] INFO  server.GrpcService (ConfUtils.java:logGet(46)) - raft.grpc.message.size.max = 32MB (=33554432) (custom)
2024-04-09 12:04:14,219 [main] INFO  server.RaftServerConfigKeys (ConfUtils.java:logGet(46)) - raft.server.log.appender.buffer.byte-limit = 8388608 (custom)
2024-04-09 12:04:14,219 [main] INFO  server.GrpcService (ConfUtils.java:logGet(46)) - raft.grpc.flow.control.window = 5MB (=5242880) (custom)
2024-04-09 12:04:14,219 [main] INFO  server.RaftServerConfigKeys (ConfUtils.java:logGet(46)) - raft.server.rpc.request.timeout = 3000ms (default)
2024-04-09 12:04:14,219 [main] INFO  grpc.GrpcConfigKeys (ConfUtils.java:logGet(46)) - raft.grpc.server.heartbeat.channel = true (default)
2024-04-09 12:04:14,220 [main] INFO  grpc.GrpcConfigKeys (ConfUtils.java:logGet(46)) - raft.grpc.server.async.request.thread.pool.cached = true (default)
2024-04-09 12:04:14,220 [main] INFO  grpc.GrpcConfigKeys (ConfUtils.java:logGet(46)) - raft.grpc.server.async.request.thread.pool.size = 32 (default)
2024-04-09 12:04:14,224 [main] INFO  impl.DataStreamServerImpl (ConfUtils.java:logGet(46)) - raft.datastream.type = NETTY (custom)
2024-04-09 12:04:14,224 [main] INFO  server.RaftServerConfigKeys (ConfUtils.java:logGet(46)) - raft.server.data-stream.async.request.thread.pool.cached = false (default)
2024-04-09 12:04:14,225 [main] INFO  server.RaftServerConfigKeys (ConfUtils.java:logGet(46)) - raft.server.data-stream.async.request.thread.pool.size = 20 (custom)
2024-04-09 12:04:14,225 [main] INFO  server.RaftServerConfigKeys (ConfUtils.java:logGet(46)) - raft.server.data-stream.async.write.thread.pool.size = 16 (default)
2024-04-09 12:04:14,225 [main] INFO  netty.NettyConfigKeys$DataStream (ConfUtils.java:logGet(46)) - raft.netty.dataStream.server.channel.inactive.grace-period = 10min (default)
2024-04-09 12:04:14,225 [main] INFO  server.RaftServerConfigKeys (ConfUtils.java:logGet(46)) - raft.server.data-stream.client.pool.size = 10 (default)
2024-04-09 12:04:14,226 [main] INFO  netty.NettyConfigKeys$DataStream (ConfUtils.java:logGet(46)) - raft.netty.dataStream.server.use-epoll = true (default)
2024-04-09 12:04:14,226 [main] INFO  netty.NettyConfigKeys$DataStream (ConfUtils.java:logGet(46)) - raft.netty.dataStream.server.boss-group.size = 0 (default)
2024-04-09 12:04:14,226 [main] INFO  netty.NettyUtils (NettyUtils.java:newEventLoopGroup(69)) - Create EpollEventLoopGroup for 47f2b6e5-7d1c-4a61-9d74-1b86fd130309-NettyServerStreamRpc-bossGroup; Thread size is 0.
2024-04-09 12:04:14,227 [main] INFO  netty.NettyConfigKeys$DataStream (ConfUtils.java:logGet(46)) - raft.netty.dataStream.server.worker-group.size = 0 (default)
2024-04-09 12:04:14,227 [main] INFO  netty.NettyUtils (NettyUtils.java:newEventLoopGroup(69)) - Create EpollEventLoopGroup for 47f2b6e5-7d1c-4a61-9d74-1b86fd130309-NettyServerStreamRpc-workerGroup; Thread size is 0.
2024-04-09 12:04:14,227 [main] INFO  netty.NettyConfigKeys$DataStream (ConfUtils.java:logGet(46)) - raft.netty.dataStream.server.tls.conf = null (default)
2024-04-09 12:04:14,228 [main] INFO  netty.NettyConfigKeys$DataStream (ConfUtils.java:logGet(46)) - raft.netty.dataStream.host = null (default)
2024-04-09 12:04:14,228 [main] INFO  netty.NettyConfigKeys$DataStream (ConfUtils.java:logGet(46)) - raft.netty.dataStream.port = 15068 (custom)
2024-04-09 12:04:14,228 [main] INFO  server.RaftServerConfigKeys (ConfUtils.java:logGet(46)) - raft.server.sleep.deviation.threshold = 300ms (default)
2024-04-09 12:04:14,228 [main] INFO  server.RaftServerConfigKeys (ConfUtils.java:logGet(46)) - raft.server.close.threshold = 60s (default)
2024-04-09 12:04:14,229 [main] INFO  server.RaftServerConfigKeys (ConfUtils.java:logGet(46)) - raft.server.leaderelection.leader.step-down.wait-time = 10s (default)
2024-04-09 12:04:14,229 [main] INFO  server.RaftServerConfigKeys (ConfUtils.java:logGet(46)) - raft.server.storage.dir = [/home/runner/work/ozone/ozone/hadoop-ozone/integration-test/target/test-dir/MiniOzoneClusterImpl-00066f73-fe04-48fd-9c2f-afd3971143fc/ozone-meta/datanode-1/ratis] (custom)
2024-04-09 12:04:14,229 [47f2b6e5-7d1c-4a61-9d74-1b86fd130309-NettyServerStreamRpc-bossGroup--thread1] INFO  logging.LoggingHandler (AbstractInternalLogger.java:log(148)) - [id: 0xc783e627] REGISTERED
2024-04-09 12:04:14,229 [main] INFO  server.RaftServerConfigKeys (ConfUtils.java:logGet(46)) - raft.server.threadpool.proxy.cached = true (default)
2024-04-09 12:04:14,230 [main] INFO  server.RaftServerConfigKeys (ConfUtils.java:logGet(46)) - raft.server.threadpool.proxy.size = 0 (default)
2024-04-09 12:04:14,229 [47f2b6e5-7d1c-4a61-9d74-1b86fd130309-NettyServerStreamRpc-bossGroup--thread1] INFO  logging.LoggingHandler (AbstractInternalLogger.java:log(148)) - [id: 0xc783e627] BIND: 0.0.0.0/0.0.0.0:15068
2024-04-09 12:04:14,230 [47f2b6e5-7d1c-4a61-9d74-1b86fd130309-NettyServerStreamRpc-bossGroup--thread1] INFO  logging.LoggingHandler (AbstractInternalLogger.java:log(148)) - [id: 0xc783e627, L:/0.0.0.0:15068] ACTIVE
2024-04-09 12:04:14,232 [47f2b6e5-7d1c-4a61-9d74-1b86fd130309-impl-thread1] INFO  server.RaftServer (RaftServerProxy.java:initGroupDir(264)) - 47f2b6e5-7d1c-4a61-9d74-1b86fd130309: found a subdirectory /home/runner/work/ozone/ozone/hadoop-ozone/integration-test/target/test-dir/MiniOzoneClusterImpl-00066f73-fe04-48fd-9c2f-afd3971143fc/ozone-meta/datanode-1/ratis/tmp
2024-04-09 12:04:14,232 [47f2b6e5-7d1c-4a61-9d74-1b86fd130309-impl-thread1] INFO  server.RaftServer (RaftServerProxy.java:initGroupDir(269)) - 47f2b6e5-7d1c-4a61-9d74-1b86fd130309: The directory /home/runner/work/ozone/ozone/hadoop-ozone/integration-test/target/test-dir/MiniOzoneClusterImpl-00066f73-fe04-48fd-9c2f-afd3971143fc/ozone-meta/datanode-1/ratis/tmp is not a group directory; ignoring it. 
2024-04-09 12:04:14,233 [main] INFO  replication.ReplicationServer (ReplicationServer.java:<init>(86)) - Initializing replication server with thread count = 10 queue length = 4096
2024-04-09 12:04:14,234 [main] INFO  server.XceiverServerGrpc (XceiverServerGrpc.java:<init>(141)) - GrpcServer channel type EpollServerSocketChannel
2024-04-09 12:04:14,236 [main] INFO  replication.ReplicationSupervisor (ReplicationSupervisor.java:build(157)) - Initializing replication supervisor with thread count = 10
2024-04-09 12:04:14,237 [main] INFO  replication.ReplicationSupervisor (ReplicationSupervisor.java:nodeStateUpdated(312)) - Node state updated to IN_SERVICE, scaling executor pool size to 10
2024-04-09 12:04:14,241 [main] INFO  http.BaseHttpServer (BaseHttpServer.java:newHttpServer2BuilderForOzone(223)) - Starting Web-server for hddsDatanode at: http://0.0.0.0:15062
2024-04-09 12:04:14,241 [main] INFO  http.BaseHttpServer (BaseHttpServer.java:<init>(110)) - Hadoop Security Enabled: false Ozone Security Enabled: false Ozone HTTP Security Enabled: false 
2024-04-09 12:04:14,242 [main] WARN  server.AuthenticationFilter (AuthenticationFilter.java:constructSecretProvider(240)) - Unable to initialize FileSignerSecretProvider, falling back to use random secrets. Reason: Could not read signature secret file: /home/runner/hadoop-http-auth-signature-secret
2024-04-09 12:04:14,243 [main] INFO  http.HttpRequestLog (HttpRequestLog.java:getRequestLog(86)) - Http request log for http.requests.hddsDatanode is not defined
2024-04-09 12:04:14,244 [main] INFO  http.HttpServer2 (HttpServer2.java:addGlobalFilter(1036)) - Added global filter 'safety' (class=org.apache.hadoop.hdds.server.http.HttpServer2$QuotingInputFilter)
2024-04-09 12:04:14,245 [main] INFO  http.HttpServer2 (HttpServer2.java:addFilter(1012)) - Added filter static_user_filter (class=org.apache.hadoop.http.lib.StaticUserWebFilter$StaticUserFilter) to context hddsDatanode
2024-04-09 12:04:14,245 [main] INFO  http.HttpServer2 (HttpServer2.java:addFilter(1020)) - Added filter static_user_filter (class=org.apache.hadoop.http.lib.StaticUserWebFilter$StaticUserFilter) to context logs
2024-04-09 12:04:14,246 [main] INFO  http.HttpServer2 (HttpServer2.java:addFilter(1020)) - Added filter static_user_filter (class=org.apache.hadoop.http.lib.StaticUserWebFilter$StaticUserFilter) to context static
2024-04-09 12:04:14,247 [main] INFO  http.BaseHttpServer (BaseHttpServer.java:<init>(189)) - HTTP server of hddsDatanode uses base directory /home/runner/work/ozone/ozone/hadoop-ozone/integration-test/target/test-dir/MiniOzoneClusterImpl-00066f73-fe04-48fd-9c2f-afd3971143fc/ozone-meta/datanode-1/meta/webserver
2024-04-09 12:04:14,247 [main] INFO  http.HttpServer2 (HttpServer2.java:bindListener(1236)) - Jetty bound to port 15062
2024-04-09 12:04:14,247 [main] INFO  server.Server (Server.java:doStart(375)) - jetty-9.4.53.v20231009; built: 2023-10-09T12:29:09.265Z; git: 27bde00a0b95a1d5bbee0eae7984f891d2d0f8c9; jvm 1.8.0_402-b06
2024-04-09 12:04:14,252 [main] INFO  server.session (DefaultSessionIdManager.java:doStart(334)) - DefaultSessionIdManager workerName=node0
2024-04-09 12:04:14,252 [main] INFO  server.session (DefaultSessionIdManager.java:doStart(339)) - No SessionScavenger set, using defaults
2024-04-09 12:04:14,252 [main] INFO  server.session (HouseKeeper.java:startScavenging(132)) - node0 Scavenging every 660000ms
2024-04-09 12:04:14,253 [main] INFO  handler.ContextHandler (ContextHandler.java:doStart(921)) - Started o.e.j.s.ServletContextHandler@768b8cea{logs,/logs,file:///home/runner/work/ozone/ozone/hadoop-ozone/integration-test/target/log,AVAILABLE}
2024-04-09 12:04:14,254 [main] INFO  handler.ContextHandler (ContextHandler.java:doStart(921)) - Started o.e.j.s.ServletContextHandler@926e154{static,/static,file:///home/runner/work/ozone/ozone/hadoop-hdds/container-service/target/classes/webapps/static,AVAILABLE}
2024-04-09 12:04:14,258 [main] INFO  handler.ContextHandler (ContextHandler.java:doStart(921)) - Started o.e.j.w.WebAppContext@33cfde71{hddsDatanode,/,file:///home/runner/work/ozone/ozone/hadoop-hdds/container-service/target/classes/webapps/hddsDatanode/,AVAILABLE}{file:/home/runner/work/ozone/ozone/hadoop-hdds/container-service/target/classes/webapps/hddsDatanode}
2024-04-09 12:04:14,260 [main] INFO  server.AbstractConnector (AbstractConnector.java:doStart(333)) - Started ServerConnector@b590744{HTTP/1.1, (http/1.1)}{0.0.0.0:15062}
2024-04-09 12:04:14,260 [main] INFO  server.Server (Server.java:doStart(415)) - Started @30537ms
2024-04-09 12:04:14,261 [main] WARN  impl.MetricsSystemImpl (MetricsSystemImpl.java:register(279)) - Sink prometheus already exists!
2024-04-09 12:04:14,261 [main] INFO  http.BaseHttpServer (BaseHttpServer.java:updateConnectorAddress(354)) - HTTP server of hddsDatanode listening at http://0.0.0.0:15062
2024-04-09 12:04:14,262 [main] INFO  ipc.CallQueueManager (CallQueueManager.java:<init>(90)) - Using callQueue: class java.util.concurrent.LinkedBlockingQueue, queueCapacity: 100, scheduler: class org.apache.hadoop.ipc.DefaultRpcScheduler, ipcBackoff: false.
2024-04-09 12:04:14,262 [main] INFO  ipc.Server (Server.java:<init>(1287)) - Listener at 0.0.0.0:15063
2024-04-09 12:04:14,262 [Socket Reader #1 for port 15063] INFO  ipc.Server (Server.java:run(1323)) - Starting Socket Reader #1 for port 15063
2024-04-09 12:04:14,267 [main] INFO  ozone.HddsDatanodeService (HddsDatanodeService.java:start(327)) - Datanode start with admins: [runner]
2024-04-09 12:04:14,267 [main] INFO  ozone.HddsDatanodeClientProtocolServer (HddsDatanodeClientProtocolServer.java:start(77)) - RPC server for Client /0.0.0.0:15063
2024-04-09 12:04:14,267 [IPC Server Responder] INFO  ipc.Server (Server.java:run(1562)) - IPC Server Responder: starting
2024-04-09 12:04:14,267 [IPC Server listener on 15063] INFO  ipc.Server (Server.java:run(1402)) - IPC Server listener on 15063: starting
2024-04-09 12:04:14,269 [main] WARN  dropwizard3.Dm3MetricRegistriesImpl (Dm3MetricRegistriesImpl.java:addReporterRegistration(113)) - New reporters are added after registries were created. Some metrics will be missing from the reporter. Please add reporter before adding any new registry.
2024-04-09 12:04:14,270 [main] WARN  dropwizard3.Dm3MetricRegistriesImpl (Dm3MetricRegistriesImpl.java:addReporterRegistration(113)) - New reporters are added after registries were created. Some metrics will be missing from the reporter. Please add reporter before adding any new registry.
2024-04-09 12:04:14,269 [47f2b6e5-7d1c-4a61-9d74-1b86fd130309-DatanodeStateMachineDaemonThread] INFO  statemachine.DatanodeStateMachine (DatanodeStateMachine.java:lambda$startDaemon$1(555)) - Ozone container server started.
2024-04-09 12:04:14,270 [main] INFO  impl.MetricsSystemImpl (MetricsSystemImpl.java:init(158)) - HddsDatanode metrics system started (again)
2024-04-09 12:04:14,279 [47f2b6e5-7d1c-4a61-9d74-1b86fd130309-DatanodeStateMachineTaskThread-0] INFO  datanode.InitDatanodeState (InitDatanodeState.java:persistContainerDatanodeDetails(139)) - DatanodeDetails is persisted to /home/runner/work/ozone/ozone/hadoop-ozone/integration-test/target/test-dir/MiniOzoneClusterImpl-00066f73-fe04-48fd-9c2f-afd3971143fc/ozone-meta/datanode-1/meta/datanode.id
2024-04-09 12:04:14,281 [main] INFO  ozone.HddsDatanodeService (HddsDatanodeService.java:start(240)) - HddsDatanodeService host:fv-az1531-426.hsxikm2gdrvudnct5jqc1oiugc.ex.internal.cloudapp.net ip:10.1.0.103
2024-04-09 12:04:14,296 [main] INFO  upgrade.AbstractLayoutVersionManager (AbstractLayoutVersionManager.java:init(83)) - Initializing Layout version manager with metadata layout = HADOOP_PRC_PORTS_IN_DATANODEDETAILS (version = 7), software layout = HADOOP_PRC_PORTS_IN_DATANODEDETAILS (version = 7)
2024-04-09 12:04:14,297 [main] INFO  statemachine.DatanodeStateMachine (DatanodeStateMachine.java:getEndPointTaskThreadPoolSize(299)) - Datanode State Machine Task Thread Pool size 2
2024-04-09 12:04:14,299 [main] INFO  volume.HddsVolume (HddsVolume.java:<init>(126)) - Creating HddsVolume: /home/runner/work/ozone/ozone/hadoop-ozone/integration-test/target/test-dir/MiniOzoneClusterImpl-00066f73-fe04-48fd-9c2f-afd3971143fc/ozone-meta/datanode-2/data-0/hdds of storage type : DISK capacity : 9223372036854775807
2024-04-09 12:04:14,299 [main] INFO  volume.MutableVolumeSet (MutableVolumeSet.java:initializeVolumeSet(173)) - Added Volume : /home/runner/work/ozone/ozone/hadoop-ozone/integration-test/target/test-dir/MiniOzoneClusterImpl-00066f73-fe04-48fd-9c2f-afd3971143fc/ozone-meta/datanode-2/data-0/hdds to VolumeSet
2024-04-09 12:04:14,300 [main] INFO  volume.MutableVolumeSet (MutableVolumeSet.java:initializeVolumeSet(173)) - Added Volume : /home/runner/work/ozone/ozone/hadoop-ozone/integration-test/target/test-dir/MiniOzoneClusterImpl-00066f73-fe04-48fd-9c2f-afd3971143fc/ozone-meta/datanode-2/ratis to VolumeSet
2024-04-09 12:04:14,300 [main] INFO  ozoneimpl.OzoneContainer (HddsVolumeUtil.java:loadAllHddsVolumeDbStore(103)) - Load 1 volumes DbStore cost: 0ms
2024-04-09 12:04:14,303 [main] INFO  server.RaftServer (ConfUtils.java:logGet(46)) - raft.rpc.type = GRPC (default)
2024-04-09 12:04:14,303 [main] INFO  grpc.GrpcConfigKeys (ConfUtils.java:logFallback(53)) - raft.grpc.admin.host = null (fallback to raft.grpc.server.host)
2024-04-09 12:04:14,304 [main] INFO  grpc.GrpcConfigKeys (ConfUtils.java:logGet(46)) - raft.grpc.admin.port = 15075 (custom)
2024-04-09 12:04:14,304 [main] INFO  grpc.GrpcConfigKeys (ConfUtils.java:logFallback(53)) - raft.grpc.client.host = null (fallback to raft.grpc.server.host)
2024-04-09 12:04:14,304 [main] INFO  grpc.GrpcConfigKeys (ConfUtils.java:logGet(46)) - raft.grpc.client.port = 15074 (custom)
2024-04-09 12:04:14,304 [main] INFO  grpc.GrpcConfigKeys (ConfUtils.java:logGet(46)) - raft.grpc.server.host = null (default)
2024-04-09 12:04:14,304 [main] INFO  grpc.GrpcConfigKeys (ConfUtils.java:logGet(46)) - raft.grpc.server.port = 15076 (custom)
2024-04-09 12:04:14,305 [main] INFO  server.GrpcService (ConfUtils.java:logGet(46)) - raft.grpc.message.size.max = 32MB (=33554432) (custom)
2024-04-09 12:04:14,305 [main] INFO  server.RaftServerConfigKeys (ConfUtils.java:logGet(46)) - raft.server.log.appender.buffer.byte-limit = 8388608 (custom)
2024-04-09 12:04:14,305 [main] INFO  server.GrpcService (ConfUtils.java:logGet(46)) - raft.grpc.flow.control.window = 5MB (=5242880) (custom)
2024-04-09 12:04:14,305 [main] INFO  server.RaftServerConfigKeys (ConfUtils.java:logGet(46)) - raft.server.rpc.request.timeout = 3000ms (default)
2024-04-09 12:04:14,306 [main] INFO  grpc.GrpcConfigKeys (ConfUtils.java:logGet(46)) - raft.grpc.server.heartbeat.channel = true (default)
2024-04-09 12:04:14,306 [main] INFO  grpc.GrpcConfigKeys (ConfUtils.java:logGet(46)) - raft.grpc.server.async.request.thread.pool.cached = true (default)
2024-04-09 12:04:14,306 [main] INFO  grpc.GrpcConfigKeys (ConfUtils.java:logGet(46)) - raft.grpc.server.async.request.thread.pool.size = 32 (default)
2024-04-09 12:04:14,309 [main] INFO  impl.DataStreamServerImpl (ConfUtils.java:logGet(46)) - raft.datastream.type = NETTY (custom)
2024-04-09 12:04:14,310 [main] INFO  server.RaftServerConfigKeys (ConfUtils.java:logGet(46)) - raft.server.data-stream.async.request.thread.pool.cached = false (default)
2024-04-09 12:04:14,310 [main] INFO  server.RaftServerConfigKeys (ConfUtils.java:logGet(46)) - raft.server.data-stream.async.request.thread.pool.size = 20 (custom)
2024-04-09 12:04:14,310 [main] INFO  server.RaftServerConfigKeys (ConfUtils.java:logGet(46)) - raft.server.data-stream.async.write.thread.pool.size = 16 (default)
2024-04-09 12:04:14,310 [main] INFO  netty.NettyConfigKeys$DataStream (ConfUtils.java:logGet(46)) - raft.netty.dataStream.server.channel.inactive.grace-period = 10min (default)
2024-04-09 12:04:14,311 [main] INFO  server.RaftServerConfigKeys (ConfUtils.java:logGet(46)) - raft.server.data-stream.client.pool.size = 10 (default)
2024-04-09 12:04:14,311 [main] INFO  netty.NettyConfigKeys$DataStream (ConfUtils.java:logGet(46)) - raft.netty.dataStream.server.use-epoll = true (default)
2024-04-09 12:04:14,311 [main] INFO  netty.NettyConfigKeys$DataStream (ConfUtils.java:logGet(46)) - raft.netty.dataStream.server.boss-group.size = 0 (default)
2024-04-09 12:04:14,311 [main] INFO  netty.NettyUtils (NettyUtils.java:newEventLoopGroup(69)) - Create EpollEventLoopGroup for 06c35c3a-0415-431d-ae8b-027bb2658858-NettyServerStreamRpc-bossGroup; Thread size is 0.
2024-04-09 12:04:14,313 [main] INFO  netty.NettyConfigKeys$DataStream (ConfUtils.java:logGet(46)) - raft.netty.dataStream.server.worker-group.size = 0 (default)
2024-04-09 12:04:14,313 [main] INFO  netty.NettyUtils (NettyUtils.java:newEventLoopGroup(69)) - Create EpollEventLoopGroup for 06c35c3a-0415-431d-ae8b-027bb2658858-NettyServerStreamRpc-workerGroup; Thread size is 0.
2024-04-09 12:04:14,316 [main] INFO  netty.NettyConfigKeys$DataStream (ConfUtils.java:logGet(46)) - raft.netty.dataStream.server.tls.conf = null (default)
2024-04-09 12:04:14,316 [main] INFO  netty.NettyConfigKeys$DataStream (ConfUtils.java:logGet(46)) - raft.netty.dataStream.host = null (default)
2024-04-09 12:04:14,316 [main] INFO  netty.NettyConfigKeys$DataStream (ConfUtils.java:logGet(46)) - raft.netty.dataStream.port = 15077 (custom)
2024-04-09 12:04:14,316 [main] INFO  server.RaftServerConfigKeys (ConfUtils.java:logGet(46)) - raft.server.sleep.deviation.threshold = 300ms (default)
2024-04-09 12:04:14,317 [06c35c3a-0415-431d-ae8b-027bb2658858-NettyServerStreamRpc-bossGroup--thread1] INFO  logging.LoggingHandler (AbstractInternalLogger.java:log(148)) - [id: 0x14e0e2c0] REGISTERED
2024-04-09 12:04:14,317 [06c35c3a-0415-431d-ae8b-027bb2658858-NettyServerStreamRpc-bossGroup--thread1] INFO  logging.LoggingHandler (AbstractInternalLogger.java:log(148)) - [id: 0x14e0e2c0] BIND: 0.0.0.0/0.0.0.0:15077
2024-04-09 12:04:14,317 [06c35c3a-0415-431d-ae8b-027bb2658858-NettyServerStreamRpc-bossGroup--thread1] INFO  logging.LoggingHandler (AbstractInternalLogger.java:log(148)) - [id: 0x14e0e2c0, L:/0.0.0.0:15077] ACTIVE
2024-04-09 12:04:14,317 [main] INFO  server.RaftServerConfigKeys (ConfUtils.java:logGet(46)) - raft.server.close.threshold = 60s (default)
2024-04-09 12:04:14,317 [main] INFO  server.RaftServerConfigKeys (ConfUtils.java:logGet(46)) - raft.server.leaderelection.leader.step-down.wait-time = 10s (default)
2024-04-09 12:04:14,317 [main] INFO  server.RaftServerConfigKeys (ConfUtils.java:logGet(46)) - raft.server.storage.dir = [/home/runner/work/ozone/ozone/hadoop-ozone/integration-test/target/test-dir/MiniOzoneClusterImpl-00066f73-fe04-48fd-9c2f-afd3971143fc/ozone-meta/datanode-2/ratis] (custom)
2024-04-09 12:04:14,318 [main] INFO  server.RaftServerConfigKeys (ConfUtils.java:logGet(46)) - raft.server.threadpool.proxy.cached = true (default)
2024-04-09 12:04:14,318 [main] INFO  server.RaftServerConfigKeys (ConfUtils.java:logGet(46)) - raft.server.threadpool.proxy.size = 0 (default)
2024-04-09 12:04:14,318 [06c35c3a-0415-431d-ae8b-027bb2658858-impl-thread1] INFO  server.RaftServer (RaftServerProxy.java:initGroupDir(264)) - 06c35c3a-0415-431d-ae8b-027bb2658858: found a subdirectory /home/runner/work/ozone/ozone/hadoop-ozone/integration-test/target/test-dir/MiniOzoneClusterImpl-00066f73-fe04-48fd-9c2f-afd3971143fc/ozone-meta/datanode-2/ratis/tmp
2024-04-09 12:04:14,318 [06c35c3a-0415-431d-ae8b-027bb2658858-impl-thread1] INFO  server.RaftServer (RaftServerProxy.java:initGroupDir(269)) - 06c35c3a-0415-431d-ae8b-027bb2658858: The directory /home/runner/work/ozone/ozone/hadoop-ozone/integration-test/target/test-dir/MiniOzoneClusterImpl-00066f73-fe04-48fd-9c2f-afd3971143fc/ozone-meta/datanode-2/ratis/tmp is not a group directory; ignoring it. 
2024-04-09 12:04:14,318 [main] INFO  replication.ReplicationServer (ReplicationServer.java:<init>(86)) - Initializing replication server with thread count = 10 queue length = 4096
2024-04-09 12:04:14,320 [main] INFO  server.XceiverServerGrpc (XceiverServerGrpc.java:<init>(141)) - GrpcServer channel type EpollServerSocketChannel
2024-04-09 12:04:14,322 [main] INFO  replication.ReplicationSupervisor (ReplicationSupervisor.java:build(157)) - Initializing replication supervisor with thread count = 10
2024-04-09 12:04:14,322 [main] INFO  replication.ReplicationSupervisor (ReplicationSupervisor.java:nodeStateUpdated(312)) - Node state updated to IN_SERVICE, scaling executor pool size to 10
2024-04-09 12:04:14,324 [main] INFO  http.BaseHttpServer (BaseHttpServer.java:newHttpServer2BuilderForOzone(223)) - Starting Web-server for hddsDatanode at: http://0.0.0.0:15071
2024-04-09 12:04:14,325 [main] INFO  http.BaseHttpServer (BaseHttpServer.java:<init>(110)) - Hadoop Security Enabled: false Ozone Security Enabled: false Ozone HTTP Security Enabled: false 
2024-04-09 12:04:14,326 [main] WARN  server.AuthenticationFilter (AuthenticationFilter.java:constructSecretProvider(240)) - Unable to initialize FileSignerSecretProvider, falling back to use random secrets. Reason: Could not read signature secret file: /home/runner/hadoop-http-auth-signature-secret
2024-04-09 12:04:14,327 [main] INFO  http.HttpRequestLog (HttpRequestLog.java:getRequestLog(86)) - Http request log for http.requests.hddsDatanode is not defined
2024-04-09 12:04:14,328 [main] INFO  http.HttpServer2 (HttpServer2.java:addGlobalFilter(1036)) - Added global filter 'safety' (class=org.apache.hadoop.hdds.server.http.HttpServer2$QuotingInputFilter)
2024-04-09 12:04:14,329 [main] INFO  http.HttpServer2 (HttpServer2.java:addFilter(1012)) - Added filter static_user_filter (class=org.apache.hadoop.http.lib.StaticUserWebFilter$StaticUserFilter) to context hddsDatanode
2024-04-09 12:04:14,329 [main] INFO  http.HttpServer2 (HttpServer2.java:addFilter(1020)) - Added filter static_user_filter (class=org.apache.hadoop.http.lib.StaticUserWebFilter$StaticUserFilter) to context logs
2024-04-09 12:04:14,329 [main] INFO  http.HttpServer2 (HttpServer2.java:addFilter(1020)) - Added filter static_user_filter (class=org.apache.hadoop.http.lib.StaticUserWebFilter$StaticUserFilter) to context static
2024-04-09 12:04:14,329 [main] INFO  http.BaseHttpServer (BaseHttpServer.java:<init>(189)) - HTTP server of hddsDatanode uses base directory /home/runner/work/ozone/ozone/hadoop-ozone/integration-test/target/test-dir/MiniOzoneClusterImpl-00066f73-fe04-48fd-9c2f-afd3971143fc/ozone-meta/datanode-2/meta/webserver
2024-04-09 12:04:14,330 [main] INFO  http.HttpServer2 (HttpServer2.java:bindListener(1236)) - Jetty bound to port 15071
2024-04-09 12:04:14,330 [main] INFO  server.Server (Server.java:doStart(375)) - jetty-9.4.53.v20231009; built: 2023-10-09T12:29:09.265Z; git: 27bde00a0b95a1d5bbee0eae7984f891d2d0f8c9; jvm 1.8.0_402-b06
2024-04-09 12:04:14,331 [main] INFO  server.session (DefaultSessionIdManager.java:doStart(334)) - DefaultSessionIdManager workerName=node0
2024-04-09 12:04:14,331 [main] INFO  server.session (DefaultSessionIdManager.java:doStart(339)) - No SessionScavenger set, using defaults
2024-04-09 12:04:14,331 [main] INFO  server.session (HouseKeeper.java:startScavenging(132)) - node0 Scavenging every 600000ms
2024-04-09 12:04:14,332 [main] INFO  handler.ContextHandler (ContextHandler.java:doStart(921)) - Started o.e.j.s.ServletContextHandler@9138641{logs,/logs,file:///home/runner/work/ozone/ozone/hadoop-ozone/integration-test/target/log,AVAILABLE}
2024-04-09 12:04:14,333 [main] INFO  handler.ContextHandler (ContextHandler.java:doStart(921)) - Started o.e.j.s.ServletContextHandler@ec0fa12{static,/static,file:///home/runner/work/ozone/ozone/hadoop-hdds/container-service/target/classes/webapps/static,AVAILABLE}
2024-04-09 12:04:14,335 [main] INFO  handler.ContextHandler (ContextHandler.java:doStart(921)) - Started o.e.j.w.WebAppContext@54c1dfd8{hddsDatanode,/,file:///home/runner/work/ozone/ozone/hadoop-hdds/container-service/target/classes/webapps/hddsDatanode/,AVAILABLE}{file:/home/runner/work/ozone/ozone/hadoop-hdds/container-service/target/classes/webapps/hddsDatanode}
2024-04-09 12:04:14,337 [main] INFO  server.AbstractConnector (AbstractConnector.java:doStart(333)) - Started ServerConnector@24bb0fd3{HTTP/1.1, (http/1.1)}{0.0.0.0:15071}
2024-04-09 12:04:14,337 [main] INFO  server.Server (Server.java:doStart(415)) - Started @30614ms
2024-04-09 12:04:14,337 [main] WARN  impl.MetricsSystemImpl (MetricsSystemImpl.java:register(279)) - Sink prometheus already exists!
2024-04-09 12:04:14,338 [main] INFO  http.BaseHttpServer (BaseHttpServer.java:updateConnectorAddress(354)) - HTTP server of hddsDatanode listening at http://0.0.0.0:15071
2024-04-09 12:04:14,338 [main] INFO  ipc.CallQueueManager (CallQueueManager.java:<init>(90)) - Using callQueue: class java.util.concurrent.LinkedBlockingQueue, queueCapacity: 100, scheduler: class org.apache.hadoop.ipc.DefaultRpcScheduler, ipcBackoff: false.
2024-04-09 12:04:14,338 [main] INFO  ipc.Server (Server.java:<init>(1287)) - Listener at 0.0.0.0:15072
2024-04-09 12:04:14,339 [Socket Reader #1 for port 15072] INFO  ipc.Server (Server.java:run(1323)) - Starting Socket Reader #1 for port 15072
2024-04-09 12:04:14,340 [main] INFO  ozone.HddsDatanodeService (HddsDatanodeService.java:start(327)) - Datanode start with admins: [runner]
2024-04-09 12:04:14,340 [main] INFO  ozone.HddsDatanodeClientProtocolServer (HddsDatanodeClientProtocolServer.java:start(77)) - RPC server for Client /0.0.0.0:15072
2024-04-09 12:04:14,341 [IPC Server Responder] INFO  ipc.Server (Server.java:run(1562)) - IPC Server Responder: starting
2024-04-09 12:04:14,342 [IPC Server listener on 15072] INFO  ipc.Server (Server.java:run(1402)) - IPC Server listener on 15072: starting
2024-04-09 12:04:14,342 [06c35c3a-0415-431d-ae8b-027bb2658858-DatanodeStateMachineDaemonThread] INFO  statemachine.DatanodeStateMachine (DatanodeStateMachine.java:lambda$startDaemon$1(555)) - Ozone container server started.
2024-04-09 12:04:14,342 [main] WARN  dropwizard3.Dm3MetricRegistriesImpl (Dm3MetricRegistriesImpl.java:addReporterRegistration(113)) - New reporters are added after registries were created. Some metrics will be missing from the reporter. Please add reporter before adding any new registry.
2024-04-09 12:04:14,342 [main] WARN  dropwizard3.Dm3MetricRegistriesImpl (Dm3MetricRegistriesImpl.java:addReporterRegistration(113)) - New reporters are added after registries were created. Some metrics will be missing from the reporter. Please add reporter before adding any new registry.
2024-04-09 12:04:14,343 [main] INFO  impl.MetricsSystemImpl (MetricsSystemImpl.java:init(158)) - HddsDatanode metrics system started (again)
2024-04-09 12:04:14,347 [06c35c3a-0415-431d-ae8b-027bb2658858-DatanodeStateMachineTaskThread-0] INFO  datanode.InitDatanodeState (InitDatanodeState.java:persistContainerDatanodeDetails(139)) - DatanodeDetails is persisted to /home/runner/work/ozone/ozone/hadoop-ozone/integration-test/target/test-dir/MiniOzoneClusterImpl-00066f73-fe04-48fd-9c2f-afd3971143fc/ozone-meta/datanode-2/meta/datanode.id
2024-04-09 12:04:14,356 [main] INFO  ozone.HddsDatanodeService (HddsDatanodeService.java:start(240)) - HddsDatanodeService host:fv-az1531-426.hsxikm2gdrvudnct5jqc1oiugc.ex.internal.cloudapp.net ip:10.1.0.103
2024-04-09 12:04:14,372 [main] INFO  upgrade.AbstractLayoutVersionManager (AbstractLayoutVersionManager.java:init(83)) - Initializing Layout version manager with metadata layout = HADOOP_PRC_PORTS_IN_DATANODEDETAILS (version = 7), software layout = HADOOP_PRC_PORTS_IN_DATANODEDETAILS (version = 7)
2024-04-09 12:04:14,372 [main] INFO  statemachine.DatanodeStateMachine (DatanodeStateMachine.java:getEndPointTaskThreadPoolSize(299)) - Datanode State Machine Task Thread Pool size 2
2024-04-09 12:04:14,374 [main] INFO  volume.HddsVolume (HddsVolume.java:<init>(126)) - Creating HddsVolume: /home/runner/work/ozone/ozone/hadoop-ozone/integration-test/target/test-dir/MiniOzoneClusterImpl-00066f73-fe04-48fd-9c2f-afd3971143fc/ozone-meta/datanode-3/data-0/hdds of storage type : DISK capacity : 9223372036854775807
2024-04-09 12:04:14,374 [main] INFO  volume.MutableVolumeSet (MutableVolumeSet.java:initializeVolumeSet(173)) - Added Volume : /home/runner/work/ozone/ozone/hadoop-ozone/integration-test/target/test-dir/MiniOzoneClusterImpl-00066f73-fe04-48fd-9c2f-afd3971143fc/ozone-meta/datanode-3/data-0/hdds to VolumeSet
2024-04-09 12:04:14,375 [main] INFO  volume.MutableVolumeSet (MutableVolumeSet.java:initializeVolumeSet(173)) - Added Volume : /home/runner/work/ozone/ozone/hadoop-ozone/integration-test/target/test-dir/MiniOzoneClusterImpl-00066f73-fe04-48fd-9c2f-afd3971143fc/ozone-meta/datanode-3/ratis to VolumeSet
2024-04-09 12:04:14,376 [main] INFO  ozoneimpl.OzoneContainer (HddsVolumeUtil.java:loadAllHddsVolumeDbStore(103)) - Load 1 volumes DbStore cost: 0ms
2024-04-09 12:04:14,378 [main] INFO  server.RaftServer (ConfUtils.java:logGet(46)) - raft.rpc.type = GRPC (default)
2024-04-09 12:04:14,378 [main] INFO  grpc.GrpcConfigKeys (ConfUtils.java:logFallback(53)) - raft.grpc.admin.host = null (fallback to raft.grpc.server.host)
2024-04-09 12:04:14,378 [main] INFO  grpc.GrpcConfigKeys (ConfUtils.java:logGet(46)) - raft.grpc.admin.port = 15084 (custom)
2024-04-09 12:04:14,378 [main] INFO  grpc.GrpcConfigKeys (ConfUtils.java:logFallback(53)) - raft.grpc.client.host = null (fallback to raft.grpc.server.host)
2024-04-09 12:04:14,379 [main] INFO  grpc.GrpcConfigKeys (ConfUtils.java:logGet(46)) - raft.grpc.client.port = 15083 (custom)
2024-04-09 12:04:14,379 [main] INFO  grpc.GrpcConfigKeys (ConfUtils.java:logGet(46)) - raft.grpc.server.host = null (default)
2024-04-09 12:04:14,379 [main] INFO  grpc.GrpcConfigKeys (ConfUtils.java:logGet(46)) - raft.grpc.server.port = 15085 (custom)
2024-04-09 12:04:14,379 [main] INFO  server.GrpcService (ConfUtils.java:logGet(46)) - raft.grpc.message.size.max = 32MB (=33554432) (custom)
2024-04-09 12:04:14,379 [main] INFO  server.RaftServerConfigKeys (ConfUtils.java:logGet(46)) - raft.server.log.appender.buffer.byte-limit = 8388608 (custom)
2024-04-09 12:04:14,380 [main] INFO  server.GrpcService (ConfUtils.java:logGet(46)) - raft.grpc.flow.control.window = 5MB (=5242880) (custom)
2024-04-09 12:04:14,380 [main] INFO  server.RaftServerConfigKeys (ConfUtils.java:logGet(46)) - raft.server.rpc.request.timeout = 3000ms (default)
2024-04-09 12:04:14,380 [main] INFO  grpc.GrpcConfigKeys (ConfUtils.java:logGet(46)) - raft.grpc.server.heartbeat.channel = true (default)
2024-04-09 12:04:14,380 [main] INFO  grpc.GrpcConfigKeys (ConfUtils.java:logGet(46)) - raft.grpc.server.async.request.thread.pool.cached = true (default)
2024-04-09 12:04:14,381 [main] INFO  grpc.GrpcConfigKeys (ConfUtils.java:logGet(46)) - raft.grpc.server.async.request.thread.pool.size = 32 (default)
2024-04-09 12:04:14,383 [main] INFO  impl.DataStreamServerImpl (ConfUtils.java:logGet(46)) - raft.datastream.type = NETTY (custom)
2024-04-09 12:04:14,383 [main] INFO  server.RaftServerConfigKeys (ConfUtils.java:logGet(46)) - raft.server.data-stream.async.request.thread.pool.cached = false (default)
2024-04-09 12:04:14,384 [main] INFO  server.RaftServerConfigKeys (ConfUtils.java:logGet(46)) - raft.server.data-stream.async.request.thread.pool.size = 20 (custom)
2024-04-09 12:04:14,384 [main] INFO  server.RaftServerConfigKeys (ConfUtils.java:logGet(46)) - raft.server.data-stream.async.write.thread.pool.size = 16 (default)
2024-04-09 12:04:14,384 [main] INFO  netty.NettyConfigKeys$DataStream (ConfUtils.java:logGet(46)) - raft.netty.dataStream.server.channel.inactive.grace-period = 10min (default)
2024-04-09 12:04:14,384 [main] INFO  server.RaftServerConfigKeys (ConfUtils.java:logGet(46)) - raft.server.data-stream.client.pool.size = 10 (default)
2024-04-09 12:04:14,385 [main] INFO  netty.NettyConfigKeys$DataStream (ConfUtils.java:logGet(46)) - raft.netty.dataStream.server.use-epoll = true (default)
2024-04-09 12:04:14,385 [main] INFO  netty.NettyConfigKeys$DataStream (ConfUtils.java:logGet(46)) - raft.netty.dataStream.server.boss-group.size = 0 (default)
2024-04-09 12:04:14,385 [main] INFO  netty.NettyUtils (NettyUtils.java:newEventLoopGroup(69)) - Create EpollEventLoopGroup for c0a63e6c-c246-4c4b-b9bd-48fbdf84331c-NettyServerStreamRpc-bossGroup; Thread size is 0.
2024-04-09 12:04:14,385 [main] INFO  netty.NettyConfigKeys$DataStream (ConfUtils.java:logGet(46)) - raft.netty.dataStream.server.worker-group.size = 0 (default)
2024-04-09 12:04:14,386 [main] INFO  netty.NettyUtils (NettyUtils.java:newEventLoopGroup(69)) - Create EpollEventLoopGroup for c0a63e6c-c246-4c4b-b9bd-48fbdf84331c-NettyServerStreamRpc-workerGroup; Thread size is 0.
2024-04-09 12:04:14,386 [main] INFO  netty.NettyConfigKeys$DataStream (ConfUtils.java:logGet(46)) - raft.netty.dataStream.server.tls.conf = null (default)
2024-04-09 12:04:14,386 [main] INFO  netty.NettyConfigKeys$DataStream (ConfUtils.java:logGet(46)) - raft.netty.dataStream.host = null (default)
2024-04-09 12:04:14,386 [main] INFO  netty.NettyConfigKeys$DataStream (ConfUtils.java:logGet(46)) - raft.netty.dataStream.port = 15086 (custom)
2024-04-09 12:04:14,387 [main] INFO  server.RaftServerConfigKeys (ConfUtils.java:logGet(46)) - raft.server.sleep.deviation.threshold = 300ms (default)
2024-04-09 12:04:14,387 [main] INFO  server.RaftServerConfigKeys (ConfUtils.java:logGet(46)) - raft.server.close.threshold = 60s (default)
2024-04-09 12:04:14,387 [c0a63e6c-c246-4c4b-b9bd-48fbdf84331c-NettyServerStreamRpc-bossGroup--thread1] INFO  logging.LoggingHandler (AbstractInternalLogger.java:log(148)) - [id: 0xe0dd9c9c] REGISTERED
2024-04-09 12:04:14,387 [main] INFO  server.RaftServerConfigKeys (ConfUtils.java:logGet(46)) - raft.server.leaderelection.leader.step-down.wait-time = 10s (default)
2024-04-09 12:04:14,388 [c0a63e6c-c246-4c4b-b9bd-48fbdf84331c-NettyServerStreamRpc-bossGroup--thread1] INFO  logging.LoggingHandler (AbstractInternalLogger.java:log(148)) - [id: 0xe0dd9c9c] BIND: 0.0.0.0/0.0.0.0:15086
2024-04-09 12:04:14,388 [main] INFO  server.RaftServerConfigKeys (ConfUtils.java:logGet(46)) - raft.server.storage.dir = [/home/runner/work/ozone/ozone/hadoop-ozone/integration-test/target/test-dir/MiniOzoneClusterImpl-00066f73-fe04-48fd-9c2f-afd3971143fc/ozone-meta/datanode-3/ratis] (custom)
2024-04-09 12:04:14,388 [c0a63e6c-c246-4c4b-b9bd-48fbdf84331c-NettyServerStreamRpc-bossGroup--thread1] INFO  logging.LoggingHandler (AbstractInternalLogger.java:log(148)) - [id: 0xe0dd9c9c, L:/0.0.0.0:15086] ACTIVE
2024-04-09 12:04:14,388 [main] INFO  server.RaftServerConfigKeys (ConfUtils.java:logGet(46)) - raft.server.threadpool.proxy.cached = true (default)
2024-04-09 12:04:14,388 [main] INFO  server.RaftServerConfigKeys (ConfUtils.java:logGet(46)) - raft.server.threadpool.proxy.size = 0 (default)
2024-04-09 12:04:14,389 [c0a63e6c-c246-4c4b-b9bd-48fbdf84331c-impl-thread1] INFO  server.RaftServer (RaftServerProxy.java:initGroupDir(264)) - c0a63e6c-c246-4c4b-b9bd-48fbdf84331c: found a subdirectory /home/runner/work/ozone/ozone/hadoop-ozone/integration-test/target/test-dir/MiniOzoneClusterImpl-00066f73-fe04-48fd-9c2f-afd3971143fc/ozone-meta/datanode-3/ratis/tmp
2024-04-09 12:04:14,389 [c0a63e6c-c246-4c4b-b9bd-48fbdf84331c-impl-thread1] INFO  server.RaftServer (RaftServerProxy.java:initGroupDir(269)) - c0a63e6c-c246-4c4b-b9bd-48fbdf84331c: The directory /home/runner/work/ozone/ozone/hadoop-ozone/integration-test/target/test-dir/MiniOzoneClusterImpl-00066f73-fe04-48fd-9c2f-afd3971143fc/ozone-meta/datanode-3/ratis/tmp is not a group directory; ignoring it. 
2024-04-09 12:04:14,389 [main] INFO  replication.ReplicationServer (ReplicationServer.java:<init>(86)) - Initializing replication server with thread count = 10 queue length = 4096
2024-04-09 12:04:14,390 [main] INFO  server.XceiverServerGrpc (XceiverServerGrpc.java:<init>(141)) - GrpcServer channel type EpollServerSocketChannel
2024-04-09 12:04:14,392 [main] INFO  replication.ReplicationSupervisor (ReplicationSupervisor.java:build(157)) - Initializing replication supervisor with thread count = 10
2024-04-09 12:04:14,392 [main] INFO  replication.ReplicationSupervisor (ReplicationSupervisor.java:nodeStateUpdated(312)) - Node state updated to IN_SERVICE, scaling executor pool size to 10
2024-04-09 12:04:14,394 [main] INFO  http.BaseHttpServer (BaseHttpServer.java:newHttpServer2BuilderForOzone(223)) - Starting Web-server for hddsDatanode at: http://0.0.0.0:15080
2024-04-09 12:04:14,394 [main] INFO  http.BaseHttpServer (BaseHttpServer.java:<init>(110)) - Hadoop Security Enabled: false Ozone Security Enabled: false Ozone HTTP Security Enabled: false 
2024-04-09 12:04:14,395 [main] WARN  server.AuthenticationFilter (AuthenticationFilter.java:constructSecretProvider(240)) - Unable to initialize FileSignerSecretProvider, falling back to use random secrets. Reason: Could not read signature secret file: /home/runner/hadoop-http-auth-signature-secret
2024-04-09 12:04:14,395 [main] INFO  http.HttpRequestLog (HttpRequestLog.java:getRequestLog(86)) - Http request log for http.requests.hddsDatanode is not defined
2024-04-09 12:04:14,397 [main] INFO  http.HttpServer2 (HttpServer2.java:addGlobalFilter(1036)) - Added global filter 'safety' (class=org.apache.hadoop.hdds.server.http.HttpServer2$QuotingInputFilter)
2024-04-09 12:04:14,397 [main] INFO  http.HttpServer2 (HttpServer2.java:addFilter(1012)) - Added filter static_user_filter (class=org.apache.hadoop.http.lib.StaticUserWebFilter$StaticUserFilter) to context hddsDatanode
2024-04-09 12:04:14,397 [main] INFO  http.HttpServer2 (HttpServer2.java:addFilter(1020)) - Added filter static_user_filter (class=org.apache.hadoop.http.lib.StaticUserWebFilter$StaticUserFilter) to context logs
2024-04-09 12:04:14,398 [main] INFO  http.HttpServer2 (HttpServer2.java:addFilter(1020)) - Added filter static_user_filter (class=org.apache.hadoop.http.lib.StaticUserWebFilter$StaticUserFilter) to context static
2024-04-09 12:04:14,398 [main] INFO  http.BaseHttpServer (BaseHttpServer.java:<init>(189)) - HTTP server of hddsDatanode uses base directory /home/runner/work/ozone/ozone/hadoop-ozone/integration-test/target/test-dir/MiniOzoneClusterImpl-00066f73-fe04-48fd-9c2f-afd3971143fc/ozone-meta/datanode-3/meta/webserver
2024-04-09 12:04:14,398 [main] INFO  http.HttpServer2 (HttpServer2.java:bindListener(1236)) - Jetty bound to port 15080
2024-04-09 12:04:14,399 [main] INFO  server.Server (Server.java:doStart(375)) - jetty-9.4.53.v20231009; built: 2023-10-09T12:29:09.265Z; git: 27bde00a0b95a1d5bbee0eae7984f891d2d0f8c9; jvm 1.8.0_402-b06
2024-04-09 12:04:14,399 [main] INFO  server.session (DefaultSessionIdManager.java:doStart(334)) - DefaultSessionIdManager workerName=node0
2024-04-09 12:04:14,400 [main] INFO  server.session (DefaultSessionIdManager.java:doStart(339)) - No SessionScavenger set, using defaults
2024-04-09 12:04:14,400 [main] INFO  server.session (HouseKeeper.java:startScavenging(132)) - node0 Scavenging every 660000ms
2024-04-09 12:04:14,400 [main] INFO  handler.ContextHandler (ContextHandler.java:doStart(921)) - Started o.e.j.s.ServletContextHandler@85c77fa{logs,/logs,file:///home/runner/work/ozone/ozone/hadoop-ozone/integration-test/target/log,AVAILABLE}
2024-04-09 12:04:14,401 [main] INFO  handler.ContextHandler (ContextHandler.java:doStart(921)) - Started o.e.j.s.ServletContextHandler@1f1db860{static,/static,file:///home/runner/work/ozone/ozone/hadoop-hdds/container-service/target/classes/webapps/static,AVAILABLE}
2024-04-09 12:04:14,404 [main] INFO  handler.ContextHandler (ContextHandler.java:doStart(921)) - Started o.e.j.w.WebAppContext@54a1d3b4{hddsDatanode,/,file:///home/runner/work/ozone/ozone/hadoop-hdds/container-service/target/classes/webapps/hddsDatanode/,AVAILABLE}{file:/home/runner/work/ozone/ozone/hadoop-hdds/container-service/target/classes/webapps/hddsDatanode}
2024-04-09 12:04:14,406 [main] INFO  server.AbstractConnector (AbstractConnector.java:doStart(333)) - Started ServerConnector@1b1eb8a{HTTP/1.1, (http/1.1)}{0.0.0.0:15080}
2024-04-09 12:04:14,406 [main] INFO  server.Server (Server.java:doStart(415)) - Started @30683ms
2024-04-09 12:04:14,406 [main] WARN  impl.MetricsSystemImpl (MetricsSystemImpl.java:register(279)) - Sink prometheus already exists!
2024-04-09 12:04:14,407 [main] INFO  http.BaseHttpServer (BaseHttpServer.java:updateConnectorAddress(354)) - HTTP server of hddsDatanode listening at http://0.0.0.0:15080
2024-04-09 12:04:14,407 [main] INFO  ipc.CallQueueManager (CallQueueManager.java:<init>(90)) - Using callQueue: class java.util.concurrent.LinkedBlockingQueue, queueCapacity: 100, scheduler: class org.apache.hadoop.ipc.DefaultRpcScheduler, ipcBackoff: false.
2024-04-09 12:04:14,408 [main] INFO  ipc.Server (Server.java:<init>(1287)) - Listener at 0.0.0.0:15081
2024-04-09 12:04:14,408 [Socket Reader #1 for port 15081] INFO  ipc.Server (Server.java:run(1323)) - Starting Socket Reader #1 for port 15081
2024-04-09 12:04:14,413 [main] INFO  ozone.HddsDatanodeService (HddsDatanodeService.java:start(327)) - Datanode start with admins: [runner]
2024-04-09 12:04:14,413 [main] INFO  ozone.HddsDatanodeClientProtocolServer (HddsDatanodeClientProtocolServer.java:start(77)) - RPC server for Client /0.0.0.0:15081
2024-04-09 12:04:14,413 [IPC Server Responder] INFO  ipc.Server (Server.java:run(1562)) - IPC Server Responder: starting
2024-04-09 12:04:14,413 [IPC Server listener on 15081] INFO  ipc.Server (Server.java:run(1402)) - IPC Server listener on 15081: starting
2024-04-09 12:04:14,416 [c0a63e6c-c246-4c4b-b9bd-48fbdf84331c-DatanodeStateMachineDaemonThread] INFO  statemachine.DatanodeStateMachine (DatanodeStateMachine.java:lambda$startDaemon$1(555)) - Ozone container server started.
2024-04-09 12:04:14,416 [main] WARN  dropwizard3.Dm3MetricRegistriesImpl (Dm3MetricRegistriesImpl.java:addReporterRegistration(113)) - New reporters are added after registries were created. Some metrics will be missing from the reporter. Please add reporter before adding any new registry.
2024-04-09 12:04:14,418 [main] WARN  dropwizard3.Dm3MetricRegistriesImpl (Dm3MetricRegistriesImpl.java:addReporterRegistration(113)) - New reporters are added after registries were created. Some metrics will be missing from the reporter. Please add reporter before adding any new registry.
2024-04-09 12:04:14,418 [main] INFO  impl.MetricsSystemImpl (MetricsSystemImpl.java:init(158)) - HddsDatanode metrics system started (again)
2024-04-09 12:04:14,422 [c0a63e6c-c246-4c4b-b9bd-48fbdf84331c-DatanodeStateMachineTaskThread-0] INFO  datanode.InitDatanodeState (InitDatanodeState.java:persistContainerDatanodeDetails(139)) - DatanodeDetails is persisted to /home/runner/work/ozone/ozone/hadoop-ozone/integration-test/target/test-dir/MiniOzoneClusterImpl-00066f73-fe04-48fd-9c2f-afd3971143fc/ozone-meta/datanode-3/meta/datanode.id
2024-04-09 12:04:14,429 [main] INFO  ozone.HddsDatanodeService (HddsDatanodeService.java:start(240)) - HddsDatanodeService host:fv-az1531-426.hsxikm2gdrvudnct5jqc1oiugc.ex.internal.cloudapp.net ip:10.1.0.103
2024-04-09 12:04:14,444 [main] INFO  upgrade.AbstractLayoutVersionManager (AbstractLayoutVersionManager.java:init(83)) - Initializing Layout version manager with metadata layout = HADOOP_PRC_PORTS_IN_DATANODEDETAILS (version = 7), software layout = HADOOP_PRC_PORTS_IN_DATANODEDETAILS (version = 7)
2024-04-09 12:04:14,444 [main] INFO  statemachine.DatanodeStateMachine (DatanodeStateMachine.java:getEndPointTaskThreadPoolSize(299)) - Datanode State Machine Task Thread Pool size 2
2024-04-09 12:04:14,445 [main] INFO  volume.HddsVolume (HddsVolume.java:<init>(126)) - Creating HddsVolume: /home/runner/work/ozone/ozone/hadoop-ozone/integration-test/target/test-dir/MiniOzoneClusterImpl-00066f73-fe04-48fd-9c2f-afd3971143fc/ozone-meta/datanode-4/data-0/hdds of storage type : DISK capacity : 9223372036854775807
2024-04-09 12:04:14,446 [main] INFO  volume.MutableVolumeSet (MutableVolumeSet.java:initializeVolumeSet(173)) - Added Volume : /home/runner/work/ozone/ozone/hadoop-ozone/integration-test/target/test-dir/MiniOzoneClusterImpl-00066f73-fe04-48fd-9c2f-afd3971143fc/ozone-meta/datanode-4/data-0/hdds to VolumeSet
2024-04-09 12:04:14,446 [main] INFO  volume.MutableVolumeSet (MutableVolumeSet.java:initializeVolumeSet(173)) - Added Volume : /home/runner/work/ozone/ozone/hadoop-ozone/integration-test/target/test-dir/MiniOzoneClusterImpl-00066f73-fe04-48fd-9c2f-afd3971143fc/ozone-meta/datanode-4/ratis to VolumeSet
2024-04-09 12:04:14,447 [main] INFO  ozoneimpl.OzoneContainer (HddsVolumeUtil.java:loadAllHddsVolumeDbStore(103)) - Load 1 volumes DbStore cost: 0ms
2024-04-09 12:04:14,449 [main] INFO  server.RaftServer (ConfUtils.java:logGet(46)) - raft.rpc.type = GRPC (default)
2024-04-09 12:04:14,449 [main] INFO  grpc.GrpcConfigKeys (ConfUtils.java:logFallback(53)) - raft.grpc.admin.host = null (fallback to raft.grpc.server.host)
2024-04-09 12:04:14,450 [main] INFO  grpc.GrpcConfigKeys (ConfUtils.java:logGet(46)) - raft.grpc.admin.port = 15093 (custom)
2024-04-09 12:04:14,450 [main] INFO  grpc.GrpcConfigKeys (ConfUtils.java:logFallback(53)) - raft.grpc.client.host = null (fallback to raft.grpc.server.host)
2024-04-09 12:04:14,450 [main] INFO  grpc.GrpcConfigKeys (ConfUtils.java:logGet(46)) - raft.grpc.client.port = 15092 (custom)
2024-04-09 12:04:14,450 [main] INFO  grpc.GrpcConfigKeys (ConfUtils.java:logGet(46)) - raft.grpc.server.host = null (default)
2024-04-09 12:04:14,451 [main] INFO  grpc.GrpcConfigKeys (ConfUtils.java:logGet(46)) - raft.grpc.server.port = 15094 (custom)
2024-04-09 12:04:14,451 [main] INFO  server.GrpcService (ConfUtils.java:logGet(46)) - raft.grpc.message.size.max = 32MB (=33554432) (custom)
2024-04-09 12:04:14,451 [main] INFO  server.RaftServerConfigKeys (ConfUtils.java:logGet(46)) - raft.server.log.appender.buffer.byte-limit = 8388608 (custom)
2024-04-09 12:04:14,451 [main] INFO  server.GrpcService (ConfUtils.java:logGet(46)) - raft.grpc.flow.control.window = 5MB (=5242880) (custom)
2024-04-09 12:04:14,452 [main] INFO  server.RaftServerConfigKeys (ConfUtils.java:logGet(46)) - raft.server.rpc.request.timeout = 3000ms (default)
2024-04-09 12:04:14,452 [main] INFO  grpc.GrpcConfigKeys (ConfUtils.java:logGet(46)) - raft.grpc.server.heartbeat.channel = true (default)
2024-04-09 12:04:14,452 [main] INFO  grpc.GrpcConfigKeys (ConfUtils.java:logGet(46)) - raft.grpc.server.async.request.thread.pool.cached = true (default)
2024-04-09 12:04:14,452 [main] INFO  grpc.GrpcConfigKeys (ConfUtils.java:logGet(46)) - raft.grpc.server.async.request.thread.pool.size = 32 (default)
2024-04-09 12:04:14,455 [main] INFO  impl.DataStreamServerImpl (ConfUtils.java:logGet(46)) - raft.datastream.type = NETTY (custom)
2024-04-09 12:04:14,455 [main] INFO  server.RaftServerConfigKeys (ConfUtils.java:logGet(46)) - raft.server.data-stream.async.request.thread.pool.cached = false (default)
2024-04-09 12:04:14,455 [main] INFO  server.RaftServerConfigKeys (ConfUtils.java:logGet(46)) - raft.server.data-stream.async.request.thread.pool.size = 20 (custom)
2024-04-09 12:04:14,456 [main] INFO  server.RaftServerConfigKeys (ConfUtils.java:logGet(46)) - raft.server.data-stream.async.write.thread.pool.size = 16 (default)
2024-04-09 12:04:14,456 [main] INFO  netty.NettyConfigKeys$DataStream (ConfUtils.java:logGet(46)) - raft.netty.dataStream.server.channel.inactive.grace-period = 10min (default)
2024-04-09 12:04:14,456 [main] INFO  server.RaftServerConfigKeys (ConfUtils.java:logGet(46)) - raft.server.data-stream.client.pool.size = 10 (default)
2024-04-09 12:04:14,456 [main] INFO  netty.NettyConfigKeys$DataStream (ConfUtils.java:logGet(46)) - raft.netty.dataStream.server.use-epoll = true (default)
2024-04-09 12:04:14,456 [main] INFO  netty.NettyConfigKeys$DataStream (ConfUtils.java:logGet(46)) - raft.netty.dataStream.server.boss-group.size = 0 (default)
2024-04-09 12:04:14,456 [main] INFO  netty.NettyUtils (NettyUtils.java:newEventLoopGroup(69)) - Create EpollEventLoopGroup for 7127763e-d356-4593-86a2-312e14def563-NettyServerStreamRpc-bossGroup; Thread size is 0.
2024-04-09 12:04:14,457 [main] INFO  netty.NettyConfigKeys$DataStream (ConfUtils.java:logGet(46)) - raft.netty.dataStream.server.worker-group.size = 0 (default)
2024-04-09 12:04:14,457 [main] INFO  netty.NettyUtils (NettyUtils.java:newEventLoopGroup(69)) - Create EpollEventLoopGroup for 7127763e-d356-4593-86a2-312e14def563-NettyServerStreamRpc-workerGroup; Thread size is 0.
2024-04-09 12:04:14,457 [main] INFO  netty.NettyConfigKeys$DataStream (ConfUtils.java:logGet(46)) - raft.netty.dataStream.server.tls.conf = null (default)
2024-04-09 12:04:14,457 [main] INFO  netty.NettyConfigKeys$DataStream (ConfUtils.java:logGet(46)) - raft.netty.dataStream.host = null (default)
2024-04-09 12:04:14,457 [main] INFO  netty.NettyConfigKeys$DataStream (ConfUtils.java:logGet(46)) - raft.netty.dataStream.port = 15095 (custom)
2024-04-09 12:04:14,458 [main] INFO  server.RaftServerConfigKeys (ConfUtils.java:logGet(46)) - raft.server.sleep.deviation.threshold = 300ms (default)
2024-04-09 12:04:14,459 [main] INFO  server.RaftServerConfigKeys (ConfUtils.java:logGet(46)) - raft.server.close.threshold = 60s (default)
2024-04-09 12:04:14,459 [main] INFO  server.RaftServerConfigKeys (ConfUtils.java:logGet(46)) - raft.server.leaderelection.leader.step-down.wait-time = 10s (default)
2024-04-09 12:04:14,459 [7127763e-d356-4593-86a2-312e14def563-NettyServerStreamRpc-bossGroup--thread1] INFO  logging.LoggingHandler (AbstractInternalLogger.java:log(148)) - [id: 0xc13b46d7] REGISTERED
2024-04-09 12:04:14,459 [7127763e-d356-4593-86a2-312e14def563-NettyServerStreamRpc-bossGroup--thread1] INFO  logging.LoggingHandler (AbstractInternalLogger.java:log(148)) - [id: 0xc13b46d7] BIND: 0.0.0.0/0.0.0.0:15095
2024-04-09 12:04:14,459 [7127763e-d356-4593-86a2-312e14def563-NettyServerStreamRpc-bossGroup--thread1] INFO  logging.LoggingHandler (AbstractInternalLogger.java:log(148)) - [id: 0xc13b46d7, L:/0.0.0.0:15095] ACTIVE
2024-04-09 12:04:14,459 [main] INFO  server.RaftServerConfigKeys (ConfUtils.java:logGet(46)) - raft.server.storage.dir = [/home/runner/work/ozone/ozone/hadoop-ozone/integration-test/target/test-dir/MiniOzoneClusterImpl-00066f73-fe04-48fd-9c2f-afd3971143fc/ozone-meta/datanode-4/ratis] (custom)
2024-04-09 12:04:14,460 [main] INFO  server.RaftServerConfigKeys (ConfUtils.java:logGet(46)) - raft.server.threadpool.proxy.cached = true (default)
2024-04-09 12:04:14,460 [main] INFO  server.RaftServerConfigKeys (ConfUtils.java:logGet(46)) - raft.server.threadpool.proxy.size = 0 (default)
2024-04-09 12:04:14,460 [7127763e-d356-4593-86a2-312e14def563-impl-thread1] INFO  server.RaftServer (RaftServerProxy.java:initGroupDir(264)) - 7127763e-d356-4593-86a2-312e14def563: found a subdirectory /home/runner/work/ozone/ozone/hadoop-ozone/integration-test/target/test-dir/MiniOzoneClusterImpl-00066f73-fe04-48fd-9c2f-afd3971143fc/ozone-meta/datanode-4/ratis/tmp
2024-04-09 12:04:14,461 [7127763e-d356-4593-86a2-312e14def563-impl-thread1] INFO  server.RaftServer (RaftServerProxy.java:initGroupDir(269)) - 7127763e-d356-4593-86a2-312e14def563: The directory /home/runner/work/ozone/ozone/hadoop-ozone/integration-test/target/test-dir/MiniOzoneClusterImpl-00066f73-fe04-48fd-9c2f-afd3971143fc/ozone-meta/datanode-4/ratis/tmp is not a group directory; ignoring it. 
2024-04-09 12:04:14,461 [main] INFO  replication.ReplicationServer (ReplicationServer.java:<init>(86)) - Initializing replication server with thread count = 10 queue length = 4096
2024-04-09 12:04:14,462 [main] INFO  server.XceiverServerGrpc (XceiverServerGrpc.java:<init>(141)) - GrpcServer channel type EpollServerSocketChannel
2024-04-09 12:04:14,464 [main] INFO  replication.ReplicationSupervisor (ReplicationSupervisor.java:build(157)) - Initializing replication supervisor with thread count = 10
2024-04-09 12:04:14,464 [main] INFO  replication.ReplicationSupervisor (ReplicationSupervisor.java:nodeStateUpdated(312)) - Node state updated to IN_SERVICE, scaling executor pool size to 10
2024-04-09 12:04:14,468 [main] INFO  http.BaseHttpServer (BaseHttpServer.java:newHttpServer2BuilderForOzone(223)) - Starting Web-server for hddsDatanode at: http://0.0.0.0:15089
2024-04-09 12:04:14,469 [main] INFO  http.BaseHttpServer (BaseHttpServer.java:<init>(110)) - Hadoop Security Enabled: false Ozone Security Enabled: false Ozone HTTP Security Enabled: false 
2024-04-09 12:04:14,470 [main] WARN  server.AuthenticationFilter (AuthenticationFilter.java:constructSecretProvider(240)) - Unable to initialize FileSignerSecretProvider, falling back to use random secrets. Reason: Could not read signature secret file: /home/runner/hadoop-http-auth-signature-secret
2024-04-09 12:04:14,471 [main] INFO  http.HttpRequestLog (HttpRequestLog.java:getRequestLog(86)) - Http request log for http.requests.hddsDatanode is not defined
2024-04-09 12:04:14,472 [main] INFO  http.HttpServer2 (HttpServer2.java:addGlobalFilter(1036)) - Added global filter 'safety' (class=org.apache.hadoop.hdds.server.http.HttpServer2$QuotingInputFilter)
2024-04-09 12:04:14,473 [main] INFO  http.HttpServer2 (HttpServer2.java:addFilter(1012)) - Added filter static_user_filter (class=org.apache.hadoop.http.lib.StaticUserWebFilter$StaticUserFilter) to context hddsDatanode
2024-04-09 12:04:14,473 [main] INFO  http.HttpServer2 (HttpServer2.java:addFilter(1020)) - Added filter static_user_filter (class=org.apache.hadoop.http.lib.StaticUserWebFilter$StaticUserFilter) to context logs
2024-04-09 12:04:14,473 [main] INFO  http.HttpServer2 (HttpServer2.java:addFilter(1020)) - Added filter static_user_filter (class=org.apache.hadoop.http.lib.StaticUserWebFilter$StaticUserFilter) to context static
2024-04-09 12:04:14,474 [main] INFO  http.BaseHttpServer (BaseHttpServer.java:<init>(189)) - HTTP server of hddsDatanode uses base directory /home/runner/work/ozone/ozone/hadoop-ozone/integration-test/target/test-dir/MiniOzoneClusterImpl-00066f73-fe04-48fd-9c2f-afd3971143fc/ozone-meta/datanode-4/meta/webserver
2024-04-09 12:04:14,474 [main] INFO  http.HttpServer2 (HttpServer2.java:bindListener(1236)) - Jetty bound to port 15089
2024-04-09 12:04:14,474 [main] INFO  server.Server (Server.java:doStart(375)) - jetty-9.4.53.v20231009; built: 2023-10-09T12:29:09.265Z; git: 27bde00a0b95a1d5bbee0eae7984f891d2d0f8c9; jvm 1.8.0_402-b06
2024-04-09 12:04:14,475 [main] INFO  server.session (DefaultSessionIdManager.java:doStart(334)) - DefaultSessionIdManager workerName=node0
2024-04-09 12:04:14,475 [main] INFO  server.session (DefaultSessionIdManager.java:doStart(339)) - No SessionScavenger set, using defaults
2024-04-09 12:04:14,476 [main] INFO  server.session (HouseKeeper.java:startScavenging(132)) - node0 Scavenging every 600000ms
2024-04-09 12:04:14,476 [main] INFO  handler.ContextHandler (ContextHandler.java:doStart(921)) - Started o.e.j.s.ServletContextHandler@16719cd6{logs,/logs,file:///home/runner/work/ozone/ozone/hadoop-ozone/integration-test/target/log,AVAILABLE}
2024-04-09 12:04:14,476 [main] INFO  handler.ContextHandler (ContextHandler.java:doStart(921)) - Started o.e.j.s.ServletContextHandler@65bf7de4{static,/static,file:///home/runner/work/ozone/ozone/hadoop-hdds/container-service/target/classes/webapps/static,AVAILABLE}
2024-04-09 12:04:14,479 [main] INFO  handler.ContextHandler (ContextHandler.java:doStart(921)) - Started o.e.j.w.WebAppContext@39d55f96{hddsDatanode,/,file:///home/runner/work/ozone/ozone/hadoop-hdds/container-service/target/classes/webapps/hddsDatanode/,AVAILABLE}{file:/home/runner/work/ozone/ozone/hadoop-hdds/container-service/target/classes/webapps/hddsDatanode}
2024-04-09 12:04:14,481 [main] INFO  server.AbstractConnector (AbstractConnector.java:doStart(333)) - Started ServerConnector@3c50ac62{HTTP/1.1, (http/1.1)}{0.0.0.0:15089}
2024-04-09 12:04:14,481 [main] INFO  server.Server (Server.java:doStart(415)) - Started @30758ms
2024-04-09 12:04:14,481 [main] WARN  impl.MetricsSystemImpl (MetricsSystemImpl.java:register(279)) - Sink prometheus already exists!
2024-04-09 12:04:14,482 [main] INFO  http.BaseHttpServer (BaseHttpServer.java:updateConnectorAddress(354)) - HTTP server of hddsDatanode listening at http://0.0.0.0:15089
2024-04-09 12:04:14,482 [main] INFO  ipc.CallQueueManager (CallQueueManager.java:<init>(90)) - Using callQueue: class java.util.concurrent.LinkedBlockingQueue, queueCapacity: 100, scheduler: class org.apache.hadoop.ipc.DefaultRpcScheduler, ipcBackoff: false.
2024-04-09 12:04:14,482 [main] INFO  ipc.Server (Server.java:<init>(1287)) - Listener at 0.0.0.0:15090
2024-04-09 12:04:14,483 [Socket Reader #1 for port 15090] INFO  ipc.Server (Server.java:run(1323)) - Starting Socket Reader #1 for port 15090
2024-04-09 12:04:14,485 [main] INFO  ozone.HddsDatanodeService (HddsDatanodeService.java:start(327)) - Datanode start with admins: [runner]
2024-04-09 12:04:14,485 [main] INFO  ozone.HddsDatanodeClientProtocolServer (HddsDatanodeClientProtocolServer.java:start(77)) - RPC server for Client /0.0.0.0:15090
2024-04-09 12:04:14,487 [IPC Server Responder] INFO  ipc.Server (Server.java:run(1562)) - IPC Server Responder: starting
2024-04-09 12:04:14,487 [IPC Server listener on 15090] INFO  ipc.Server (Server.java:run(1402)) - IPC Server listener on 15090: starting
2024-04-09 12:04:14,493 [7127763e-d356-4593-86a2-312e14def563-DatanodeStateMachineDaemonThread] INFO  statemachine.DatanodeStateMachine (DatanodeStateMachine.java:lambda$startDaemon$1(555)) - Ozone container server started.
2024-04-09 12:04:14,493 [main] WARN  dropwizard3.Dm3MetricRegistriesImpl (Dm3MetricRegistriesImpl.java:addReporterRegistration(113)) - New reporters are added after registries were created. Some metrics will be missing from the reporter. Please add reporter before adding any new registry.
2024-04-09 12:04:14,494 [main] WARN  dropwizard3.Dm3MetricRegistriesImpl (Dm3MetricRegistriesImpl.java:addReporterRegistration(113)) - New reporters are added after registries were created. Some metrics will be missing from the reporter. Please add reporter before adding any new registry.
2024-04-09 12:04:14,494 [main] INFO  impl.MetricsSystemImpl (MetricsSystemImpl.java:init(158)) - HddsDatanode metrics system started (again)
2024-04-09 12:04:14,505 [main] INFO  ozone.HddsDatanodeService (HddsDatanodeService.java:start(240)) - HddsDatanodeService host:fv-az1531-426.hsxikm2gdrvudnct5jqc1oiugc.ex.internal.cloudapp.net ip:10.1.0.103
2024-04-09 12:04:14,508 [7127763e-d356-4593-86a2-312e14def563-DatanodeStateMachineTaskThread-0] INFO  datanode.InitDatanodeState (InitDatanodeState.java:persistContainerDatanodeDetails(139)) - DatanodeDetails is persisted to /home/runner/work/ozone/ozone/hadoop-ozone/integration-test/target/test-dir/MiniOzoneClusterImpl-00066f73-fe04-48fd-9c2f-afd3971143fc/ozone-meta/datanode-4/meta/datanode.id
2024-04-09 12:04:14,522 [main] INFO  upgrade.AbstractLayoutVersionManager (AbstractLayoutVersionManager.java:init(83)) - Initializing Layout version manager with metadata layout = HADOOP_PRC_PORTS_IN_DATANODEDETAILS (version = 7), software layout = HADOOP_PRC_PORTS_IN_DATANODEDETAILS (version = 7)
2024-04-09 12:04:14,523 [main] INFO  statemachine.DatanodeStateMachine (DatanodeStateMachine.java:getEndPointTaskThreadPoolSize(299)) - Datanode State Machine Task Thread Pool size 2
2024-04-09 12:04:14,524 [main] INFO  volume.HddsVolume (HddsVolume.java:<init>(126)) - Creating HddsVolume: /home/runner/work/ozone/ozone/hadoop-ozone/integration-test/target/test-dir/MiniOzoneClusterImpl-00066f73-fe04-48fd-9c2f-afd3971143fc/ozone-meta/datanode-5/data-0/hdds of storage type : DISK capacity : 9223372036854775807
2024-04-09 12:04:14,525 [main] INFO  volume.MutableVolumeSet (MutableVolumeSet.java:initializeVolumeSet(173)) - Added Volume : /home/runner/work/ozone/ozone/hadoop-ozone/integration-test/target/test-dir/MiniOzoneClusterImpl-00066f73-fe04-48fd-9c2f-afd3971143fc/ozone-meta/datanode-5/data-0/hdds to VolumeSet
2024-04-09 12:04:14,526 [main] INFO  volume.MutableVolumeSet (MutableVolumeSet.java:initializeVolumeSet(173)) - Added Volume : /home/runner/work/ozone/ozone/hadoop-ozone/integration-test/target/test-dir/MiniOzoneClusterImpl-00066f73-fe04-48fd-9c2f-afd3971143fc/ozone-meta/datanode-5/ratis to VolumeSet
2024-04-09 12:04:14,526 [main] INFO  ozoneimpl.OzoneContainer (HddsVolumeUtil.java:loadAllHddsVolumeDbStore(103)) - Load 1 volumes DbStore cost: 0ms
2024-04-09 12:04:14,529 [main] INFO  server.RaftServer (ConfUtils.java:logGet(46)) - raft.rpc.type = GRPC (default)
2024-04-09 12:04:14,529 [main] INFO  grpc.GrpcConfigKeys (ConfUtils.java:logFallback(53)) - raft.grpc.admin.host = null (fallback to raft.grpc.server.host)
2024-04-09 12:04:14,529 [main] INFO  grpc.GrpcConfigKeys (ConfUtils.java:logGet(46)) - raft.grpc.admin.port = 15102 (custom)
2024-04-09 12:04:14,529 [main] INFO  grpc.GrpcConfigKeys (ConfUtils.java:logFallback(53)) - raft.grpc.client.host = null (fallback to raft.grpc.server.host)
2024-04-09 12:04:14,530 [main] INFO  grpc.GrpcConfigKeys (ConfUtils.java:logGet(46)) - raft.grpc.client.port = 15101 (custom)
2024-04-09 12:04:14,530 [main] INFO  grpc.GrpcConfigKeys (ConfUtils.java:logGet(46)) - raft.grpc.server.host = null (default)
2024-04-09 12:04:14,530 [main] INFO  grpc.GrpcConfigKeys (ConfUtils.java:logGet(46)) - raft.grpc.server.port = 15103 (custom)
2024-04-09 12:04:14,530 [main] INFO  server.GrpcService (ConfUtils.java:logGet(46)) - raft.grpc.message.size.max = 32MB (=33554432) (custom)
2024-04-09 12:04:14,531 [main] INFO  server.RaftServerConfigKeys (ConfUtils.java:logGet(46)) - raft.server.log.appender.buffer.byte-limit = 8388608 (custom)
2024-04-09 12:04:14,531 [main] INFO  server.GrpcService (ConfUtils.java:logGet(46)) - raft.grpc.flow.control.window = 5MB (=5242880) (custom)
2024-04-09 12:04:14,531 [main] INFO  server.RaftServerConfigKeys (ConfUtils.java:logGet(46)) - raft.server.rpc.request.timeout = 3000ms (default)
2024-04-09 12:04:14,531 [main] INFO  grpc.GrpcConfigKeys (ConfUtils.java:logGet(46)) - raft.grpc.server.heartbeat.channel = true (default)
2024-04-09 12:04:14,531 [main] INFO  grpc.GrpcConfigKeys (ConfUtils.java:logGet(46)) - raft.grpc.server.async.request.thread.pool.cached = true (default)
2024-04-09 12:04:14,532 [main] INFO  grpc.GrpcConfigKeys (ConfUtils.java:logGet(46)) - raft.grpc.server.async.request.thread.pool.size = 32 (default)
2024-04-09 12:04:14,535 [main] INFO  impl.DataStreamServerImpl (ConfUtils.java:logGet(46)) - raft.datastream.type = NETTY (custom)
2024-04-09 12:04:14,536 [main] INFO  server.RaftServerConfigKeys (ConfUtils.java:logGet(46)) - raft.server.data-stream.async.request.thread.pool.cached = false (default)
2024-04-09 12:04:14,536 [main] INFO  server.RaftServerConfigKeys (ConfUtils.java:logGet(46)) - raft.server.data-stream.async.request.thread.pool.size = 20 (custom)
2024-04-09 12:04:14,536 [main] INFO  server.RaftServerConfigKeys (ConfUtils.java:logGet(46)) - raft.server.data-stream.async.write.thread.pool.size = 16 (default)
2024-04-09 12:04:14,536 [main] INFO  netty.NettyConfigKeys$DataStream (ConfUtils.java:logGet(46)) - raft.netty.dataStream.server.channel.inactive.grace-period = 10min (default)
2024-04-09 12:04:14,536 [main] INFO  server.RaftServerConfigKeys (ConfUtils.java:logGet(46)) - raft.server.data-stream.client.pool.size = 10 (default)
2024-04-09 12:04:14,537 [main] INFO  netty.NettyConfigKeys$DataStream (ConfUtils.java:logGet(46)) - raft.netty.dataStream.server.use-epoll = true (default)
2024-04-09 12:04:14,537 [main] INFO  netty.NettyConfigKeys$DataStream (ConfUtils.java:logGet(46)) - raft.netty.dataStream.server.boss-group.size = 0 (default)
2024-04-09 12:04:14,537 [main] INFO  netty.NettyUtils (NettyUtils.java:newEventLoopGroup(69)) - Create EpollEventLoopGroup for a87d7804-de0d-4258-ad97-e1309df34ed1-NettyServerStreamRpc-bossGroup; Thread size is 0.
2024-04-09 12:04:14,538 [main] INFO  netty.NettyConfigKeys$DataStream (ConfUtils.java:logGet(46)) - raft.netty.dataStream.server.worker-group.size = 0 (default)
2024-04-09 12:04:14,538 [main] INFO  netty.NettyUtils (NettyUtils.java:newEventLoopGroup(69)) - Create EpollEventLoopGroup for a87d7804-de0d-4258-ad97-e1309df34ed1-NettyServerStreamRpc-workerGroup; Thread size is 0.
2024-04-09 12:04:14,538 [main] INFO  netty.NettyConfigKeys$DataStream (ConfUtils.java:logGet(46)) - raft.netty.dataStream.server.tls.conf = null (default)
2024-04-09 12:04:14,539 [main] INFO  netty.NettyConfigKeys$DataStream (ConfUtils.java:logGet(46)) - raft.netty.dataStream.host = null (default)
2024-04-09 12:04:14,539 [main] INFO  netty.NettyConfigKeys$DataStream (ConfUtils.java:logGet(46)) - raft.netty.dataStream.port = 15104 (custom)
2024-04-09 12:04:14,539 [main] INFO  server.RaftServerConfigKeys (ConfUtils.java:logGet(46)) - raft.server.sleep.deviation.threshold = 300ms (default)
2024-04-09 12:04:14,540 [main] INFO  server.RaftServerConfigKeys (ConfUtils.java:logGet(46)) - raft.server.close.threshold = 60s (default)
2024-04-09 12:04:14,540 [main] INFO  server.RaftServerConfigKeys (ConfUtils.java:logGet(46)) - raft.server.leaderelection.leader.step-down.wait-time = 10s (default)
2024-04-09 12:04:14,540 [main] INFO  server.RaftServerConfigKeys (ConfUtils.java:logGet(46)) - raft.server.storage.dir = [/home/runner/work/ozone/ozone/hadoop-ozone/integration-test/target/test-dir/MiniOzoneClusterImpl-00066f73-fe04-48fd-9c2f-afd3971143fc/ozone-meta/datanode-5/ratis] (custom)
2024-04-09 12:04:14,540 [main] INFO  server.RaftServerConfigKeys (ConfUtils.java:logGet(46)) - raft.server.threadpool.proxy.cached = true (default)
2024-04-09 12:04:14,540 [main] INFO  server.RaftServerConfigKeys (ConfUtils.java:logGet(46)) - raft.server.threadpool.proxy.size = 0 (default)
2024-04-09 12:04:14,541 [a87d7804-de0d-4258-ad97-e1309df34ed1-NettyServerStreamRpc-bossGroup--thread1] INFO  logging.LoggingHandler (AbstractInternalLogger.java:log(148)) - [id: 0x8fb03079] REGISTERED
2024-04-09 12:04:14,541 [a87d7804-de0d-4258-ad97-e1309df34ed1-NettyServerStreamRpc-bossGroup--thread1] INFO  logging.LoggingHandler (AbstractInternalLogger.java:log(148)) - [id: 0x8fb03079] BIND: 0.0.0.0/0.0.0.0:15104
2024-04-09 12:04:14,541 [a87d7804-de0d-4258-ad97-e1309df34ed1-NettyServerStreamRpc-bossGroup--thread1] INFO  logging.LoggingHandler (AbstractInternalLogger.java:log(148)) - [id: 0x8fb03079, L:/0.0.0.0:15104] ACTIVE
2024-04-09 12:04:14,547 [a87d7804-de0d-4258-ad97-e1309df34ed1-impl-thread1] INFO  server.RaftServer (RaftServerProxy.java:initGroupDir(264)) - a87d7804-de0d-4258-ad97-e1309df34ed1: found a subdirectory /home/runner/work/ozone/ozone/hadoop-ozone/integration-test/target/test-dir/MiniOzoneClusterImpl-00066f73-fe04-48fd-9c2f-afd3971143fc/ozone-meta/datanode-5/ratis/tmp
2024-04-09 12:04:14,547 [a87d7804-de0d-4258-ad97-e1309df34ed1-impl-thread1] INFO  server.RaftServer (RaftServerProxy.java:initGroupDir(269)) - a87d7804-de0d-4258-ad97-e1309df34ed1: The directory /home/runner/work/ozone/ozone/hadoop-ozone/integration-test/target/test-dir/MiniOzoneClusterImpl-00066f73-fe04-48fd-9c2f-afd3971143fc/ozone-meta/datanode-5/ratis/tmp is not a group directory; ignoring it. 
2024-04-09 12:04:14,547 [main] INFO  replication.ReplicationServer (ReplicationServer.java:<init>(86)) - Initializing replication server with thread count = 10 queue length = 4096
2024-04-09 12:04:14,549 [main] INFO  server.XceiverServerGrpc (XceiverServerGrpc.java:<init>(141)) - GrpcServer channel type EpollServerSocketChannel
2024-04-09 12:04:14,551 [main] INFO  replication.ReplicationSupervisor (ReplicationSupervisor.java:build(157)) - Initializing replication supervisor with thread count = 10
2024-04-09 12:04:14,551 [main] INFO  replication.ReplicationSupervisor (ReplicationSupervisor.java:nodeStateUpdated(312)) - Node state updated to IN_SERVICE, scaling executor pool size to 10
2024-04-09 12:04:14,553 [main] INFO  http.BaseHttpServer (BaseHttpServer.java:newHttpServer2BuilderForOzone(223)) - Starting Web-server for hddsDatanode at: http://0.0.0.0:15098
2024-04-09 12:04:14,554 [main] INFO  http.BaseHttpServer (BaseHttpServer.java:<init>(110)) - Hadoop Security Enabled: false Ozone Security Enabled: false Ozone HTTP Security Enabled: false 
2024-04-09 12:04:14,555 [main] WARN  server.AuthenticationFilter (AuthenticationFilter.java:constructSecretProvider(240)) - Unable to initialize FileSignerSecretProvider, falling back to use random secrets. Reason: Could not read signature secret file: /home/runner/hadoop-http-auth-signature-secret
2024-04-09 12:04:14,556 [main] INFO  http.HttpRequestLog (HttpRequestLog.java:getRequestLog(86)) - Http request log for http.requests.hddsDatanode is not defined
2024-04-09 12:04:14,557 [main] INFO  http.HttpServer2 (HttpServer2.java:addGlobalFilter(1036)) - Added global filter 'safety' (class=org.apache.hadoop.hdds.server.http.HttpServer2$QuotingInputFilter)
2024-04-09 12:04:14,558 [main] INFO  http.HttpServer2 (HttpServer2.java:addFilter(1012)) - Added filter static_user_filter (class=org.apache.hadoop.http.lib.StaticUserWebFilter$StaticUserFilter) to context hddsDatanode
2024-04-09 12:04:14,558 [main] INFO  http.HttpServer2 (HttpServer2.java:addFilter(1020)) - Added filter static_user_filter (class=org.apache.hadoop.http.lib.StaticUserWebFilter$StaticUserFilter) to context static
2024-04-09 12:04:14,558 [main] INFO  http.HttpServer2 (HttpServer2.java:addFilter(1020)) - Added filter static_user_filter (class=org.apache.hadoop.http.lib.StaticUserWebFilter$StaticUserFilter) to context logs
2024-04-09 12:04:14,559 [main] INFO  http.BaseHttpServer (BaseHttpServer.java:<init>(189)) - HTTP server of hddsDatanode uses base directory /home/runner/work/ozone/ozone/hadoop-ozone/integration-test/target/test-dir/MiniOzoneClusterImpl-00066f73-fe04-48fd-9c2f-afd3971143fc/ozone-meta/datanode-5/meta/webserver
2024-04-09 12:04:14,559 [main] INFO  http.HttpServer2 (HttpServer2.java:bindListener(1236)) - Jetty bound to port 15098
2024-04-09 12:04:14,560 [main] INFO  server.Server (Server.java:doStart(375)) - jetty-9.4.53.v20231009; built: 2023-10-09T12:29:09.265Z; git: 27bde00a0b95a1d5bbee0eae7984f891d2d0f8c9; jvm 1.8.0_402-b06
2024-04-09 12:04:14,564 [main] INFO  server.session (DefaultSessionIdManager.java:doStart(334)) - DefaultSessionIdManager workerName=node0
2024-04-09 12:04:14,565 [main] INFO  server.session (DefaultSessionIdManager.java:doStart(339)) - No SessionScavenger set, using defaults
2024-04-09 12:04:14,565 [main] INFO  server.session (HouseKeeper.java:startScavenging(132)) - node0 Scavenging every 600000ms
2024-04-09 12:04:14,566 [main] INFO  handler.ContextHandler (ContextHandler.java:doStart(921)) - Started o.e.j.s.ServletContextHandler@372f3ce5{logs,/logs,file:///home/runner/work/ozone/ozone/hadoop-ozone/integration-test/target/log,AVAILABLE}
2024-04-09 12:04:14,566 [main] INFO  handler.ContextHandler (ContextHandler.java:doStart(921)) - Started o.e.j.s.ServletContextHandler@edec72f{static,/static,file:///home/runner/work/ozone/ozone/hadoop-hdds/container-service/target/classes/webapps/static,AVAILABLE}
2024-04-09 12:04:14,569 [main] INFO  handler.ContextHandler (ContextHandler.java:doStart(921)) - Started o.e.j.w.WebAppContext@1d2bbf7d{hddsDatanode,/,file:///home/runner/work/ozone/ozone/hadoop-hdds/container-service/target/classes/webapps/hddsDatanode/,AVAILABLE}{file:/home/runner/work/ozone/ozone/hadoop-hdds/container-service/target/classes/webapps/hddsDatanode}
2024-04-09 12:04:14,573 [main] INFO  server.AbstractConnector (AbstractConnector.java:doStart(333)) - Started ServerConnector@3a205307{HTTP/1.1, (http/1.1)}{0.0.0.0:15098}
2024-04-09 12:04:14,573 [main] INFO  server.Server (Server.java:doStart(415)) - Started @30850ms
2024-04-09 12:04:14,573 [main] WARN  impl.MetricsSystemImpl (MetricsSystemImpl.java:register(279)) - Sink prometheus already exists!
2024-04-09 12:04:14,574 [main] INFO  http.BaseHttpServer (BaseHttpServer.java:updateConnectorAddress(354)) - HTTP server of hddsDatanode listening at http://0.0.0.0:15098
2024-04-09 12:04:14,574 [main] INFO  ipc.CallQueueManager (CallQueueManager.java:<init>(90)) - Using callQueue: class java.util.concurrent.LinkedBlockingQueue, queueCapacity: 100, scheduler: class org.apache.hadoop.ipc.DefaultRpcScheduler, ipcBackoff: false.
2024-04-09 12:04:14,575 [main] INFO  ipc.Server (Server.java:<init>(1287)) - Listener at 0.0.0.0:15099
2024-04-09 12:04:14,575 [Socket Reader #1 for port 15099] INFO  ipc.Server (Server.java:run(1323)) - Starting Socket Reader #1 for port 15099
2024-04-09 12:04:14,578 [main] INFO  ozone.HddsDatanodeService (HddsDatanodeService.java:start(327)) - Datanode start with admins: [runner]
2024-04-09 12:04:14,578 [main] INFO  ozone.HddsDatanodeClientProtocolServer (HddsDatanodeClientProtocolServer.java:start(77)) - RPC server for Client /0.0.0.0:15099
2024-04-09 12:04:14,578 [IPC Server Responder] INFO  ipc.Server (Server.java:run(1562)) - IPC Server Responder: starting
2024-04-09 12:04:14,578 [IPC Server listener on 15099] INFO  ipc.Server (Server.java:run(1402)) - IPC Server listener on 15099: starting
2024-04-09 12:04:14,579 [a87d7804-de0d-4258-ad97-e1309df34ed1-DatanodeStateMachineDaemonThread] INFO  statemachine.DatanodeStateMachine (DatanodeStateMachine.java:lambda$startDaemon$1(555)) - Ozone container server started.
2024-04-09 12:04:14,581 [main] INFO  ozone.MiniOzoneClusterImpl (MiniOzoneClusterImpl.java:lambda$waitForClusterToBeReady$0(194)) - Waiting for nodes to be ready. Got 0 of 5 DN Heartbeats.
2024-04-09 12:04:14,581 [main] INFO  ozone.MiniOzoneClusterImpl (MiniOzoneClusterImpl.java:lambda$waitForClusterToBeReady$0(197)) - Waiting for cluster to exit safe mode
2024-04-09 12:04:14,581 [main] INFO  ozone.MiniOzoneClusterImpl (MiniOzoneClusterImpl.java:lambda$waitForClusterToBeReady$0(199)) - SCM became leader
2024-04-09 12:04:14,588 [a87d7804-de0d-4258-ad97-e1309df34ed1-DatanodeStateMachineTaskThread-0] INFO  datanode.InitDatanodeState (InitDatanodeState.java:persistContainerDatanodeDetails(139)) - DatanodeDetails is persisted to /home/runner/work/ozone/ozone/hadoop-ozone/integration-test/target/test-dir/MiniOzoneClusterImpl-00066f73-fe04-48fd-9c2f-afd3971143fc/ozone-meta/datanode-5/meta/datanode.id
2024-04-09 12:04:15,252 [om1@group-C5BA1605619E-FollowerState] INFO  impl.FollowerState (FollowerState.java:run(143)) - om1@group-C5BA1605619E-FollowerState: change to CANDIDATE, lastRpcElapsedTime:1136559607ns, electionTimeout:1136ms
2024-04-09 12:04:15,253 [om1@group-C5BA1605619E-FollowerState] INFO  impl.RoleInfo (RoleInfo.java:shutdownFollowerState(110)) - om1: shutdown om1@group-C5BA1605619E-FollowerState
2024-04-09 12:04:15,253 [om1@group-C5BA1605619E-FollowerState] INFO  server.RaftServer$Division (RaftServerImpl.java:setRole(383)) - om1@group-C5BA1605619E: changes role from  FOLLOWER to CANDIDATE at term 0 for changeToCandidate
2024-04-09 12:04:15,253 [om1@group-C5BA1605619E-FollowerState] INFO  server.RaftServerConfigKeys (ConfUtils.java:logGet(46)) - raft.server.leaderelection.pre-vote = true (default)
2024-04-09 12:04:15,253 [om1@group-C5BA1605619E-FollowerState] INFO  impl.RoleInfo (RoleInfo.java:updateAndGet(139)) - om1: start om1@group-C5BA1605619E-LeaderElection10
2024-04-09 12:04:15,254 [om1@group-C5BA1605619E-LeaderElection10] INFO  impl.LeaderElection (LeaderElection.java:askForVotes(321)) - om1@group-C5BA1605619E-LeaderElection10 PRE_VOTE round 0: submit vote requests at term 0 for -1: peers:[om1|localhost:15060]|listeners:[], old=null
2024-04-09 12:04:15,254 [om1@group-C5BA1605619E-LeaderElection10] INFO  impl.LeaderElection (LeaderElection.java:askForVotes(323)) - om1@group-C5BA1605619E-LeaderElection10 PRE_VOTE round 0: result PASSED (term=0)
2024-04-09 12:04:15,256 [om1@group-C5BA1605619E-LeaderElection10] INFO  impl.LeaderElection (LeaderElection.java:askForVotes(321)) - om1@group-C5BA1605619E-LeaderElection10 ELECTION round 0: submit vote requests at term 1 for -1: peers:[om1|localhost:15060]|listeners:[], old=null
2024-04-09 12:04:15,256 [om1@group-C5BA1605619E-LeaderElection10] INFO  impl.LeaderElection (LeaderElection.java:askForVotes(323)) - om1@group-C5BA1605619E-LeaderElection10 ELECTION round 0: result PASSED (term=1)
2024-04-09 12:04:15,256 [om1@group-C5BA1605619E-LeaderElection10] INFO  impl.RoleInfo (RoleInfo.java:shutdownLeaderElection(130)) - om1: shutdown om1@group-C5BA1605619E-LeaderElection10
2024-04-09 12:04:15,256 [om1@group-C5BA1605619E-LeaderElection10] INFO  server.RaftServer$Division (RaftServerImpl.java:setRole(383)) - om1@group-C5BA1605619E: changes role from CANDIDATE to LEADER at term 1 for changeToLeader
2024-04-09 12:04:15,256 [om1@group-C5BA1605619E-LeaderElection10] INFO  server.RaftServerConfigKeys (ConfUtils.java:logGet(46)) - raft.server.staging.catchup.gap = 1000 (default)
2024-04-09 12:04:15,256 [om1@group-C5BA1605619E-LeaderElection10] INFO  server.RaftServerConfigKeys (ConfUtils.java:logGet(46)) - raft.server.write.element-limit = 4096 (default)
2024-04-09 12:04:15,256 [om1@group-C5BA1605619E-LeaderElection10] INFO  server.RaftServerConfigKeys (ConfUtils.java:logGet(46)) - raft.server.write.byte-limit = 64MB (=67108864) (default)
2024-04-09 12:04:15,256 [om1@group-C5BA1605619E-LeaderElection10] INFO  server.RaftServerConfigKeys (ConfUtils.java:logGet(46)) - raft.server.watch.timeout = 10s (default)
2024-04-09 12:04:15,256 [om1@group-C5BA1605619E-LeaderElection10] INFO  server.RaftServerConfigKeys (ConfUtils.java:logGet(46)) - raft.server.watch.timeout.denomination = 1s (default)
2024-04-09 12:04:15,256 [om1@group-C5BA1605619E-LeaderElection10] INFO  server.RaftServerConfigKeys (ConfUtils.java:logGet(46)) - raft.server.watch.element-limit = 65536 (default)
2024-04-09 12:04:15,257 [om1@group-C5BA1605619E-LeaderElection10] INFO  server.RaftServerConfigKeys (ConfUtils.java:logGet(46)) - raft.server.read.leader.lease.enabled = false (default)
2024-04-09 12:04:15,257 [om1@group-C5BA1605619E-LeaderElection10] INFO  server.RaftServerConfigKeys (ConfUtils.java:logGet(46)) - raft.server.read.leader.lease.timeout.ratio = 0.9 (default)
2024-04-09 12:04:15,257 [om1@group-C5BA1605619E-LeaderElection10] INFO  server.RaftServerConfigKeys (ConfUtils.java:logGet(46)) - raft.server.rpc.timeout.min = 1s (custom)
2024-04-09 12:04:15,257 [om1@group-C5BA1605619E-LeaderElection10] INFO  server.RaftServerConfigKeys (ConfUtils.java:logGet(46)) - raft.server.write.element-limit = 4096 (default)
2024-04-09 12:04:15,257 [om1@group-C5BA1605619E-LeaderElection10] INFO  server.RaftServerConfigKeys (ConfUtils.java:logGet(46)) - raft.server.write.follower.gap.ratio.max = -1.0 (default)
2024-04-09 12:04:15,257 [om1@group-C5BA1605619E-LeaderElection10] INFO  impl.RoleInfo (RoleInfo.java:updateAndGet(139)) - om1: start om1@group-C5BA1605619E-LeaderStateImpl
2024-04-09 12:04:15,257 [om1@group-C5BA1605619E-LeaderElection10] INFO  server.RaftServer$Division (RaftServerImpl.java:setFirstElection(574)) - om1@group-C5BA1605619E: set firstElectionSinceStartup to false for becomeLeader
2024-04-09 12:04:15,257 [om1@group-C5BA1605619E-LeaderElection10] INFO  server.RaftServer$Division (ServerState.java:setLeader(269)) - om1@group-C5BA1605619E: change Leader from null to om1 at term 1 for becomeLeader, leader elected after 1796ms
2024-04-09 12:04:15,258 [om1@group-C5BA1605619E-LeaderElection10] INFO  segmented.SegmentedRaftLogWorker (SegmentedRaftLogWorker.java:startLogSegment(430)) - om1@group-C5BA1605619E-SegmentedRaftLogWorker: Starting segment from index:0
2024-04-09 12:04:15,258 [om1@group-C5BA1605619E-SegmentedRaftLogWorker] INFO  segmented.BufferedWriteChannel (BufferedWriteChannel.java:open(62)) - open log_inprogress_0 at position 0
2024-04-09 12:04:15,259 [om1@group-C5BA1605619E-LeaderElection10] INFO  server.RaftServer$Division (ServerState.java:setRaftConf(386)) - om1@group-C5BA1605619E: set configuration 0: peers:[om1|localhost:15060]|listeners:[], old=null
2024-04-09 12:04:15,265 [om1@group-C5BA1605619E-SegmentedRaftLogWorker] INFO  segmented.SegmentedRaftLogWorker (SegmentedRaftLogWorker.java:execute(634)) - om1@group-C5BA1605619E-SegmentedRaftLogWorker: created new log segment /home/runner/work/ozone/ozone/hadoop-ozone/integration-test/target/test-dir/MiniOzoneClusterImpl-00066f73-fe04-48fd-9c2f-afd3971143fc/ozone-meta/ratis/bf265839-605b-3f16-9796-c5ba1605619e/current/log_inprogress_0
2024-04-09 12:04:15,267 [om1@group-C5BA1605619E-StateMachineUpdater] INFO  ratis.OzoneManagerStateMachine (OzoneManagerStateMachine.java:notifyConfigurationChanged(212)) - Received Configuration change notification from Ratis. New Peer list:
[id: "om1"
address: "localhost:15060"
startupRole: FOLLOWER
]
2024-04-09 12:04:15,267 [om1@group-C5BA1605619E-StateMachineUpdater] INFO  server.RaftServer$Division (LeaderStateImpl.java:isApplied(320)) - leader is ready since appliedIndex == 0 >= startIndex == 0
2024-04-09 12:04:15,581 [main] INFO  ozone.MiniOzoneClusterImpl (MiniOzoneClusterImpl.java:lambda$waitForClusterToBeReady$0(194)) - Waiting for nodes to be ready. Got 0 of 5 DN Heartbeats.
2024-04-09 12:04:15,582 [main] INFO  ozone.MiniOzoneClusterImpl (MiniOzoneClusterImpl.java:lambda$waitForClusterToBeReady$0(197)) - Waiting for cluster to exit safe mode
2024-04-09 12:04:15,582 [main] INFO  ozone.MiniOzoneClusterImpl (MiniOzoneClusterImpl.java:lambda$waitForClusterToBeReady$0(199)) - SCM became leader
2024-04-09 12:04:16,296 [47f2b6e5-7d1c-4a61-9d74-1b86fd130309-EndpointStateMachineTaskThread-/0.0.0.0:15055-0 ] INFO  utils.DatanodeStoreCache (DatanodeStoreCache.java:addDB(72)) - Added db /home/runner/work/ozone/ozone/hadoop-ozone/integration-test/target/test-dir/MiniOzoneClusterImpl-00066f73-fe04-48fd-9c2f-afd3971143fc/ozone-meta/datanode-1/data-0/hdds/00066f73-fe04-48fd-9c2f-afd3971143fc/DS-00b42a59-c524-4705-b81c-400401739509/container.db to cache
2024-04-09 12:04:16,297 [47f2b6e5-7d1c-4a61-9d74-1b86fd130309-EndpointStateMachineTaskThread-/0.0.0.0:15055-0 ] INFO  volume.HddsVolume (HddsVolume.java:createDbStore(437)) - SchemaV3 db is created and loaded at /home/runner/work/ozone/ozone/hadoop-ozone/integration-test/target/test-dir/MiniOzoneClusterImpl-00066f73-fe04-48fd-9c2f-afd3971143fc/ozone-meta/datanode-1/data-0/hdds/00066f73-fe04-48fd-9c2f-afd3971143fc/DS-00b42a59-c524-4705-b81c-400401739509/container.db for volume DS-00b42a59-c524-4705-b81c-400401739509
2024-04-09 12:04:16,298 [47f2b6e5-7d1c-4a61-9d74-1b86fd130309-ContainerReader-0] INFO  ozoneimpl.ContainerReader (ContainerReader.java:readVolume(148)) - Start to verify containers on volume /home/runner/work/ozone/ozone/hadoop-ozone/integration-test/target/test-dir/MiniOzoneClusterImpl-00066f73-fe04-48fd-9c2f-afd3971143fc/ozone-meta/datanode-1/data-0/hdds
2024-04-09 12:04:16,298 [47f2b6e5-7d1c-4a61-9d74-1b86fd130309-ContainerReader-0] INFO  ozoneimpl.ContainerReader (ContainerReader.java:readVolume(178)) - Finish verifying containers on volume /home/runner/work/ozone/ozone/hadoop-ozone/integration-test/target/test-dir/MiniOzoneClusterImpl-00066f73-fe04-48fd-9c2f-afd3971143fc/ozone-meta/datanode-1/data-0/hdds
2024-04-09 12:04:16,298 [47f2b6e5-7d1c-4a61-9d74-1b86fd130309-EndpointStateMachineTaskThread-/0.0.0.0:15055-0 ] INFO  ozoneimpl.OzoneContainer (OzoneContainer.java:buildContainerSet(328)) - Build ContainerSet costs 0s
2024-04-09 12:04:16,299 [47f2b6e5-7d1c-4a61-9d74-1b86fd130309-EndpointStateMachineTaskThread-/0.0.0.0:15055-0 ] INFO  volume.ThrottledAsyncChecker (ThrottledAsyncChecker.java:schedule(141)) - Scheduling a check for /home/runner/work/ozone/ozone/hadoop-ozone/integration-test/target/test-dir/MiniOzoneClusterImpl-00066f73-fe04-48fd-9c2f-afd3971143fc/ozone-meta/datanode-1/data-0/hdds
2024-04-09 12:04:16,299 [47f2b6e5-7d1c-4a61-9d74-1b86fd130309-EndpointStateMachineTaskThread-/0.0.0.0:15055-0 ] INFO  volume.StorageVolumeChecker (StorageVolumeChecker.java:checkAllVolumes(218)) - Scheduled health check for volume /home/runner/work/ozone/ozone/hadoop-ozone/integration-test/target/test-dir/MiniOzoneClusterImpl-00066f73-fe04-48fd-9c2f-afd3971143fc/ozone-meta/datanode-1/data-0/hdds
2024-04-09 12:04:16,302 [47f2b6e5-7d1c-4a61-9d74-1b86fd130309-EndpointStateMachineTaskThread-/0.0.0.0:15055-0 ] INFO  volume.ThrottledAsyncChecker (ThrottledAsyncChecker.java:schedule(141)) - Scheduling a check for /home/runner/work/ozone/ozone/hadoop-ozone/integration-test/target/test-dir/MiniOzoneClusterImpl-00066f73-fe04-48fd-9c2f-afd3971143fc/ozone-meta/datanode-1/ratis
2024-04-09 12:04:16,303 [47f2b6e5-7d1c-4a61-9d74-1b86fd130309-EndpointStateMachineTaskThread-/0.0.0.0:15055-0 ] INFO  volume.StorageVolumeChecker (StorageVolumeChecker.java:checkAllVolumes(218)) - Scheduled health check for volume /home/runner/work/ozone/ozone/hadoop-ozone/integration-test/target/test-dir/MiniOzoneClusterImpl-00066f73-fe04-48fd-9c2f-afd3971143fc/ozone-meta/datanode-1/ratis
2024-04-09 12:04:16,303 [47f2b6e5-7d1c-4a61-9d74-1b86fd130309-EndpointStateMachineTaskThread-/0.0.0.0:15055-0 ] INFO  ozoneimpl.OzoneContainer (OzoneContainer.java:start(459)) - Attempting to start container services.
2024-04-09 12:04:16,304 [ContainerMetadataScanner] INFO  ozoneimpl.AbstractBackgroundContainerScanner (AbstractBackgroundContainerScanner.java:runIteration(87)) - Completed an iteration in 0 minutes. Number of iterations (since the data-node restart) : 1, Number of containers scanned in this iteration : 0, Number of unhealthy containers found in this iteration : 0
2024-04-09 12:04:16,305 [ContainerDataScanner(/home/runner/work/ozone/ozone/hadoop-ozone/integration-test/target/test-dir/MiniOzoneClusterImpl-00066f73-fe04-48fd-9c2f-afd3971143fc/ozone-meta/datanode-1/data-0/hdds)] INFO  ozoneimpl.AbstractBackgroundContainerScanner (AbstractBackgroundContainerScanner.java:runIteration(87)) - Completed an iteration in 0 minutes. Number of iterations (since the data-node restart) : 1, Number of containers scanned in this iteration : 0, Number of unhealthy containers found in this iteration : 0
2024-04-09 12:04:16,305 [47f2b6e5-7d1c-4a61-9d74-1b86fd130309-EndpointStateMachineTaskThread-/0.0.0.0:15055-0 ] INFO  replication.ReplicationServer (ReplicationServer.java:start(142)) - ReplicationServer is started using port 15069
2024-04-09 12:04:16,305 [47f2b6e5-7d1c-4a61-9d74-1b86fd130309-EndpointStateMachineTaskThread-/0.0.0.0:15055-0 ] INFO  ratis.XceiverServerRatis (XceiverServerRatis.java:start(566)) - Starting XceiverServerRatis 47f2b6e5-7d1c-4a61-9d74-1b86fd130309
2024-04-09 12:04:16,306 [47f2b6e5-7d1c-4a61-9d74-1b86fd130309-EndpointStateMachineTaskThread-/0.0.0.0:15055-0 ] INFO  server.RaftServer (RaftServerProxy.java:startImpl(406)) - 47f2b6e5-7d1c-4a61-9d74-1b86fd130309: start RPC server
2024-04-09 12:04:16,308 [47f2b6e5-7d1c-4a61-9d74-1b86fd130309-EndpointStateMachineTaskThread-/0.0.0.0:15055-0 ] INFO  server.GrpcService (GrpcService.java:startImpl(302)) - 47f2b6e5-7d1c-4a61-9d74-1b86fd130309: GrpcService started, listening on 15065
2024-04-09 12:04:16,309 [47f2b6e5-7d1c-4a61-9d74-1b86fd130309-EndpointStateMachineTaskThread-/0.0.0.0:15055-0 ] INFO  server.GrpcService (GrpcService.java:startImpl(302)) - 47f2b6e5-7d1c-4a61-9d74-1b86fd130309: GrpcService started, listening on 15067
2024-04-09 12:04:16,310 [47f2b6e5-7d1c-4a61-9d74-1b86fd130309-EndpointStateMachineTaskThread-/0.0.0.0:15055-0 ] INFO  server.GrpcService (GrpcService.java:startImpl(302)) - 47f2b6e5-7d1c-4a61-9d74-1b86fd130309: GrpcService started, listening on 15066
2024-04-09 12:04:16,310 [47f2b6e5-7d1c-4a61-9d74-1b86fd130309-EndpointStateMachineTaskThread-/0.0.0.0:15055-0 ] INFO  ratis.XceiverServerRatis (XceiverServerRatis.java:getRealPort(592)) - XceiverServerRatis 47f2b6e5-7d1c-4a61-9d74-1b86fd130309 is started using port 15065 for RATIS
2024-04-09 12:04:16,310 [JvmPauseMonitor9] INFO  util.JvmPauseMonitor (JvmPauseMonitor.java:run(146)) - JvmPauseMonitor-47f2b6e5-7d1c-4a61-9d74-1b86fd130309: Started
2024-04-09 12:04:16,310 [47f2b6e5-7d1c-4a61-9d74-1b86fd130309-EndpointStateMachineTaskThread-/0.0.0.0:15055-0 ] INFO  ratis.XceiverServerRatis (XceiverServerRatis.java:getRealPort(592)) - XceiverServerRatis 47f2b6e5-7d1c-4a61-9d74-1b86fd130309 is started using port 15066 for RATIS_ADMIN
2024-04-09 12:04:16,310 [47f2b6e5-7d1c-4a61-9d74-1b86fd130309-EndpointStateMachineTaskThread-/0.0.0.0:15055-0 ] INFO  ratis.XceiverServerRatis (XceiverServerRatis.java:getRealPort(592)) - XceiverServerRatis 47f2b6e5-7d1c-4a61-9d74-1b86fd130309 is started using port 15067 for RATIS_SERVER
2024-04-09 12:04:16,310 [47f2b6e5-7d1c-4a61-9d74-1b86fd130309-EndpointStateMachineTaskThread-/0.0.0.0:15055-0 ] INFO  ratis.XceiverServerRatis (XceiverServerRatis.java:getRealPort(592)) - XceiverServerRatis 47f2b6e5-7d1c-4a61-9d74-1b86fd130309 is started using port 15068 for RATIS_DATASTREAM
2024-04-09 12:04:16,311 [47f2b6e5-7d1c-4a61-9d74-1b86fd130309-BlockDeletingService#0] INFO  interfaces.ContainerDeletionChoosingPolicyTemplate (ContainerDeletionChoosingPolicyTemplate.java:chooseContainerForBlockDeletion(85)) - Chosen 0/5000 blocks from 0 candidate containers.
2024-04-09 12:04:16,362 [06c35c3a-0415-431d-ae8b-027bb2658858-EndpointStateMachineTaskThread-/0.0.0.0:15055-0 ] INFO  utils.DatanodeStoreCache (DatanodeStoreCache.java:addDB(72)) - Added db /home/runner/work/ozone/ozone/hadoop-ozone/integration-test/target/test-dir/MiniOzoneClusterImpl-00066f73-fe04-48fd-9c2f-afd3971143fc/ozone-meta/datanode-2/data-0/hdds/00066f73-fe04-48fd-9c2f-afd3971143fc/DS-6f08d45b-0495-4c03-bcac-61d66a1ae0ff/container.db to cache
2024-04-09 12:04:16,362 [06c35c3a-0415-431d-ae8b-027bb2658858-EndpointStateMachineTaskThread-/0.0.0.0:15055-0 ] INFO  volume.HddsVolume (HddsVolume.java:createDbStore(437)) - SchemaV3 db is created and loaded at /home/runner/work/ozone/ozone/hadoop-ozone/integration-test/target/test-dir/MiniOzoneClusterImpl-00066f73-fe04-48fd-9c2f-afd3971143fc/ozone-meta/datanode-2/data-0/hdds/00066f73-fe04-48fd-9c2f-afd3971143fc/DS-6f08d45b-0495-4c03-bcac-61d66a1ae0ff/container.db for volume DS-6f08d45b-0495-4c03-bcac-61d66a1ae0ff
2024-04-09 12:04:16,364 [06c35c3a-0415-431d-ae8b-027bb2658858-ContainerReader-0] INFO  ozoneimpl.ContainerReader (ContainerReader.java:readVolume(148)) - Start to verify containers on volume /home/runner/work/ozone/ozone/hadoop-ozone/integration-test/target/test-dir/MiniOzoneClusterImpl-00066f73-fe04-48fd-9c2f-afd3971143fc/ozone-meta/datanode-2/data-0/hdds
2024-04-09 12:04:16,364 [06c35c3a-0415-431d-ae8b-027bb2658858-ContainerReader-0] INFO  ozoneimpl.ContainerReader (ContainerReader.java:readVolume(178)) - Finish verifying containers on volume /home/runner/work/ozone/ozone/hadoop-ozone/integration-test/target/test-dir/MiniOzoneClusterImpl-00066f73-fe04-48fd-9c2f-afd3971143fc/ozone-meta/datanode-2/data-0/hdds
2024-04-09 12:04:16,364 [06c35c3a-0415-431d-ae8b-027bb2658858-EndpointStateMachineTaskThread-/0.0.0.0:15055-0 ] INFO  ozoneimpl.OzoneContainer (OzoneContainer.java:buildContainerSet(328)) - Build ContainerSet costs 0s
2024-04-09 12:04:16,364 [06c35c3a-0415-431d-ae8b-027bb2658858-EndpointStateMachineTaskThread-/0.0.0.0:15055-0 ] INFO  volume.ThrottledAsyncChecker (ThrottledAsyncChecker.java:schedule(141)) - Scheduling a check for /home/runner/work/ozone/ozone/hadoop-ozone/integration-test/target/test-dir/MiniOzoneClusterImpl-00066f73-fe04-48fd-9c2f-afd3971143fc/ozone-meta/datanode-2/data-0/hdds
2024-04-09 12:04:16,365 [06c35c3a-0415-431d-ae8b-027bb2658858-EndpointStateMachineTaskThread-/0.0.0.0:15055-0 ] INFO  volume.StorageVolumeChecker (StorageVolumeChecker.java:checkAllVolumes(218)) - Scheduled health check for volume /home/runner/work/ozone/ozone/hadoop-ozone/integration-test/target/test-dir/MiniOzoneClusterImpl-00066f73-fe04-48fd-9c2f-afd3971143fc/ozone-meta/datanode-2/data-0/hdds
2024-04-09 12:04:16,366 [06c35c3a-0415-431d-ae8b-027bb2658858-EndpointStateMachineTaskThread-/0.0.0.0:15055-0 ] INFO  volume.ThrottledAsyncChecker (ThrottledAsyncChecker.java:schedule(141)) - Scheduling a check for /home/runner/work/ozone/ozone/hadoop-ozone/integration-test/target/test-dir/MiniOzoneClusterImpl-00066f73-fe04-48fd-9c2f-afd3971143fc/ozone-meta/datanode-2/ratis
2024-04-09 12:04:16,366 [06c35c3a-0415-431d-ae8b-027bb2658858-EndpointStateMachineTaskThread-/0.0.0.0:15055-0 ] INFO  volume.StorageVolumeChecker (StorageVolumeChecker.java:checkAllVolumes(218)) - Scheduled health check for volume /home/runner/work/ozone/ozone/hadoop-ozone/integration-test/target/test-dir/MiniOzoneClusterImpl-00066f73-fe04-48fd-9c2f-afd3971143fc/ozone-meta/datanode-2/ratis
2024-04-09 12:04:16,367 [06c35c3a-0415-431d-ae8b-027bb2658858-EndpointStateMachineTaskThread-/0.0.0.0:15055-0 ] INFO  ozoneimpl.OzoneContainer (OzoneContainer.java:start(459)) - Attempting to start container services.
2024-04-09 12:04:16,367 [06c35c3a-0415-431d-ae8b-027bb2658858-EndpointStateMachineTaskThread-/0.0.0.0:15055-0 ] WARN  ozoneimpl.OnDemandContainerDataScanner (OnDemandContainerDataScanner.java:init(75)) - Trying to initialize on demand scanner a second time on a datanode.
2024-04-09 12:04:16,367 [ContainerMetadataScanner] INFO  ozoneimpl.AbstractBackgroundContainerScanner (AbstractBackgroundContainerScanner.java:runIteration(87)) - Completed an iteration in 0 minutes. Number of iterations (since the data-node restart) : 1, Number of containers scanned in this iteration : 0, Number of unhealthy containers found in this iteration : 0
2024-04-09 12:04:16,367 [ContainerDataScanner(/home/runner/work/ozone/ozone/hadoop-ozone/integration-test/target/test-dir/MiniOzoneClusterImpl-00066f73-fe04-48fd-9c2f-afd3971143fc/ozone-meta/datanode-2/data-0/hdds)] INFO  ozoneimpl.AbstractBackgroundContainerScanner (AbstractBackgroundContainerScanner.java:runIteration(87)) - Completed an iteration in 0 minutes. Number of iterations (since the data-node restart) : 1, Number of containers scanned in this iteration : 0, Number of unhealthy containers found in this iteration : 0
2024-04-09 12:04:16,372 [06c35c3a-0415-431d-ae8b-027bb2658858-EndpointStateMachineTaskThread-/0.0.0.0:15055-0 ] INFO  replication.ReplicationServer (ReplicationServer.java:start(142)) - ReplicationServer is started using port 15078
2024-04-09 12:04:16,372 [06c35c3a-0415-431d-ae8b-027bb2658858-EndpointStateMachineTaskThread-/0.0.0.0:15055-0 ] INFO  ratis.XceiverServerRatis (XceiverServerRatis.java:start(566)) - Starting XceiverServerRatis 06c35c3a-0415-431d-ae8b-027bb2658858
2024-04-09 12:04:16,372 [06c35c3a-0415-431d-ae8b-027bb2658858-EndpointStateMachineTaskThread-/0.0.0.0:15055-0 ] INFO  server.RaftServer (RaftServerProxy.java:startImpl(406)) - 06c35c3a-0415-431d-ae8b-027bb2658858: start RPC server
2024-04-09 12:04:16,373 [06c35c3a-0415-431d-ae8b-027bb2658858-EndpointStateMachineTaskThread-/0.0.0.0:15055-0 ] INFO  server.GrpcService (GrpcService.java:startImpl(302)) - 06c35c3a-0415-431d-ae8b-027bb2658858: GrpcService started, listening on 15074
2024-04-09 12:04:16,374 [06c35c3a-0415-431d-ae8b-027bb2658858-EndpointStateMachineTaskThread-/0.0.0.0:15055-0 ] INFO  server.GrpcService (GrpcService.java:startImpl(302)) - 06c35c3a-0415-431d-ae8b-027bb2658858: GrpcService started, listening on 15076
2024-04-09 12:04:16,375 [06c35c3a-0415-431d-ae8b-027bb2658858-EndpointStateMachineTaskThread-/0.0.0.0:15055-0 ] INFO  server.GrpcService (GrpcService.java:startImpl(302)) - 06c35c3a-0415-431d-ae8b-027bb2658858: GrpcService started, listening on 15075
2024-04-09 12:04:16,375 [06c35c3a-0415-431d-ae8b-027bb2658858-EndpointStateMachineTaskThread-/0.0.0.0:15055-0 ] INFO  ratis.XceiverServerRatis (XceiverServerRatis.java:getRealPort(592)) - XceiverServerRatis 06c35c3a-0415-431d-ae8b-027bb2658858 is started using port 15074 for RATIS
2024-04-09 12:04:16,375 [06c35c3a-0415-431d-ae8b-027bb2658858-EndpointStateMachineTaskThread-/0.0.0.0:15055-0 ] INFO  ratis.XceiverServerRatis (XceiverServerRatis.java:getRealPort(592)) - XceiverServerRatis 06c35c3a-0415-431d-ae8b-027bb2658858 is started using port 15075 for RATIS_ADMIN
2024-04-09 12:04:16,375 [06c35c3a-0415-431d-ae8b-027bb2658858-EndpointStateMachineTaskThread-/0.0.0.0:15055-0 ] INFO  ratis.XceiverServerRatis (XceiverServerRatis.java:getRealPort(592)) - XceiverServerRatis 06c35c3a-0415-431d-ae8b-027bb2658858 is started using port 15076 for RATIS_SERVER
2024-04-09 12:04:16,375 [06c35c3a-0415-431d-ae8b-027bb2658858-EndpointStateMachineTaskThread-/0.0.0.0:15055-0 ] INFO  ratis.XceiverServerRatis (XceiverServerRatis.java:getRealPort(592)) - XceiverServerRatis 06c35c3a-0415-431d-ae8b-027bb2658858 is started using port 15077 for RATIS_DATASTREAM
2024-04-09 12:04:16,375 [JvmPauseMonitor10] INFO  util.JvmPauseMonitor (JvmPauseMonitor.java:run(146)) - JvmPauseMonitor-06c35c3a-0415-431d-ae8b-027bb2658858: Started
2024-04-09 12:04:16,377 [06c35c3a-0415-431d-ae8b-027bb2658858-BlockDeletingService#0] INFO  interfaces.ContainerDeletionChoosingPolicyTemplate (ContainerDeletionChoosingPolicyTemplate.java:chooseContainerForBlockDeletion(85)) - Chosen 0/5000 blocks from 0 candidate containers.
2024-04-09 12:04:16,435 [c0a63e6c-c246-4c4b-b9bd-48fbdf84331c-EndpointStateMachineTaskThread-/0.0.0.0:15055-0 ] INFO  utils.DatanodeStoreCache (DatanodeStoreCache.java:addDB(72)) - Added db /home/runner/work/ozone/ozone/hadoop-ozone/integration-test/target/test-dir/MiniOzoneClusterImpl-00066f73-fe04-48fd-9c2f-afd3971143fc/ozone-meta/datanode-3/data-0/hdds/00066f73-fe04-48fd-9c2f-afd3971143fc/DS-ddf9ba8f-72cd-4df1-9d0b-5e59d17d2448/container.db to cache
2024-04-09 12:04:16,435 [c0a63e6c-c246-4c4b-b9bd-48fbdf84331c-EndpointStateMachineTaskThread-/0.0.0.0:15055-0 ] INFO  volume.HddsVolume (HddsVolume.java:createDbStore(437)) - SchemaV3 db is created and loaded at /home/runner/work/ozone/ozone/hadoop-ozone/integration-test/target/test-dir/MiniOzoneClusterImpl-00066f73-fe04-48fd-9c2f-afd3971143fc/ozone-meta/datanode-3/data-0/hdds/00066f73-fe04-48fd-9c2f-afd3971143fc/DS-ddf9ba8f-72cd-4df1-9d0b-5e59d17d2448/container.db for volume DS-ddf9ba8f-72cd-4df1-9d0b-5e59d17d2448
2024-04-09 12:04:16,437 [c0a63e6c-c246-4c4b-b9bd-48fbdf84331c-ContainerReader-0] INFO  ozoneimpl.ContainerReader (ContainerReader.java:readVolume(148)) - Start to verify containers on volume /home/runner/work/ozone/ozone/hadoop-ozone/integration-test/target/test-dir/MiniOzoneClusterImpl-00066f73-fe04-48fd-9c2f-afd3971143fc/ozone-meta/datanode-3/data-0/hdds
2024-04-09 12:04:16,437 [c0a63e6c-c246-4c4b-b9bd-48fbdf84331c-ContainerReader-0] INFO  ozoneimpl.ContainerReader (ContainerReader.java:readVolume(178)) - Finish verifying containers on volume /home/runner/work/ozone/ozone/hadoop-ozone/integration-test/target/test-dir/MiniOzoneClusterImpl-00066f73-fe04-48fd-9c2f-afd3971143fc/ozone-meta/datanode-3/data-0/hdds
2024-04-09 12:04:16,437 [c0a63e6c-c246-4c4b-b9bd-48fbdf84331c-EndpointStateMachineTaskThread-/0.0.0.0:15055-0 ] INFO  ozoneimpl.OzoneContainer (OzoneContainer.java:buildContainerSet(328)) - Build ContainerSet costs 0s
2024-04-09 12:04:16,437 [c0a63e6c-c246-4c4b-b9bd-48fbdf84331c-EndpointStateMachineTaskThread-/0.0.0.0:15055-0 ] INFO  volume.ThrottledAsyncChecker (ThrottledAsyncChecker.java:schedule(141)) - Scheduling a check for /home/runner/work/ozone/ozone/hadoop-ozone/integration-test/target/test-dir/MiniOzoneClusterImpl-00066f73-fe04-48fd-9c2f-afd3971143fc/ozone-meta/datanode-3/data-0/hdds
2024-04-09 12:04:16,437 [c0a63e6c-c246-4c4b-b9bd-48fbdf84331c-EndpointStateMachineTaskThread-/0.0.0.0:15055-0 ] INFO  volume.StorageVolumeChecker (StorageVolumeChecker.java:checkAllVolumes(218)) - Scheduled health check for volume /home/runner/work/ozone/ozone/hadoop-ozone/integration-test/target/test-dir/MiniOzoneClusterImpl-00066f73-fe04-48fd-9c2f-afd3971143fc/ozone-meta/datanode-3/data-0/hdds
2024-04-09 12:04:16,439 [c0a63e6c-c246-4c4b-b9bd-48fbdf84331c-EndpointStateMachineTaskThread-/0.0.0.0:15055-0 ] INFO  volume.ThrottledAsyncChecker (ThrottledAsyncChecker.java:schedule(141)) - Scheduling a check for /home/runner/work/ozone/ozone/hadoop-ozone/integration-test/target/test-dir/MiniOzoneClusterImpl-00066f73-fe04-48fd-9c2f-afd3971143fc/ozone-meta/datanode-3/ratis
2024-04-09 12:04:16,439 [c0a63e6c-c246-4c4b-b9bd-48fbdf84331c-EndpointStateMachineTaskThread-/0.0.0.0:15055-0 ] INFO  volume.StorageVolumeChecker (StorageVolumeChecker.java:checkAllVolumes(218)) - Scheduled health check for volume /home/runner/work/ozone/ozone/hadoop-ozone/integration-test/target/test-dir/MiniOzoneClusterImpl-00066f73-fe04-48fd-9c2f-afd3971143fc/ozone-meta/datanode-3/ratis
2024-04-09 12:04:16,439 [c0a63e6c-c246-4c4b-b9bd-48fbdf84331c-EndpointStateMachineTaskThread-/0.0.0.0:15055-0 ] INFO  ozoneimpl.OzoneContainer (OzoneContainer.java:start(459)) - Attempting to start container services.
2024-04-09 12:04:16,439 [c0a63e6c-c246-4c4b-b9bd-48fbdf84331c-EndpointStateMachineTaskThread-/0.0.0.0:15055-0 ] WARN  ozoneimpl.OnDemandContainerDataScanner (OnDemandContainerDataScanner.java:init(75)) - Trying to initialize on demand scanner a second time on a datanode.
2024-04-09 12:04:16,440 [ContainerMetadataScanner] INFO  ozoneimpl.AbstractBackgroundContainerScanner (AbstractBackgroundContainerScanner.java:runIteration(87)) - Completed an iteration in 0 minutes. Number of iterations (since the data-node restart) : 1, Number of containers scanned in this iteration : 0, Number of unhealthy containers found in this iteration : 0
2024-04-09 12:04:16,440 [ContainerDataScanner(/home/runner/work/ozone/ozone/hadoop-ozone/integration-test/target/test-dir/MiniOzoneClusterImpl-00066f73-fe04-48fd-9c2f-afd3971143fc/ozone-meta/datanode-3/data-0/hdds)] INFO  ozoneimpl.AbstractBackgroundContainerScanner (AbstractBackgroundContainerScanner.java:runIteration(87)) - Completed an iteration in 0 minutes. Number of iterations (since the data-node restart) : 1, Number of containers scanned in this iteration : 0, Number of unhealthy containers found in this iteration : 0
2024-04-09 12:04:16,441 [c0a63e6c-c246-4c4b-b9bd-48fbdf84331c-EndpointStateMachineTaskThread-/0.0.0.0:15055-0 ] INFO  replication.ReplicationServer (ReplicationServer.java:start(142)) - ReplicationServer is started using port 15087
2024-04-09 12:04:16,441 [c0a63e6c-c246-4c4b-b9bd-48fbdf84331c-EndpointStateMachineTaskThread-/0.0.0.0:15055-0 ] INFO  ratis.XceiverServerRatis (XceiverServerRatis.java:start(566)) - Starting XceiverServerRatis c0a63e6c-c246-4c4b-b9bd-48fbdf84331c
2024-04-09 12:04:16,442 [c0a63e6c-c246-4c4b-b9bd-48fbdf84331c-EndpointStateMachineTaskThread-/0.0.0.0:15055-0 ] INFO  server.RaftServer (RaftServerProxy.java:startImpl(406)) - c0a63e6c-c246-4c4b-b9bd-48fbdf84331c: start RPC server
2024-04-09 12:04:16,444 [c0a63e6c-c246-4c4b-b9bd-48fbdf84331c-EndpointStateMachineTaskThread-/0.0.0.0:15055-0 ] INFO  server.GrpcService (GrpcService.java:startImpl(302)) - c0a63e6c-c246-4c4b-b9bd-48fbdf84331c: GrpcService started, listening on 15083
2024-04-09 12:04:16,444 [c0a63e6c-c246-4c4b-b9bd-48fbdf84331c-EndpointStateMachineTaskThread-/0.0.0.0:15055-0 ] INFO  server.GrpcService (GrpcService.java:startImpl(302)) - c0a63e6c-c246-4c4b-b9bd-48fbdf84331c: GrpcService started, listening on 15085
2024-04-09 12:04:16,445 [c0a63e6c-c246-4c4b-b9bd-48fbdf84331c-EndpointStateMachineTaskThread-/0.0.0.0:15055-0 ] INFO  server.GrpcService (GrpcService.java:startImpl(302)) - c0a63e6c-c246-4c4b-b9bd-48fbdf84331c: GrpcService started, listening on 15084
2024-04-09 12:04:16,445 [c0a63e6c-c246-4c4b-b9bd-48fbdf84331c-EndpointStateMachineTaskThread-/0.0.0.0:15055-0 ] INFO  ratis.XceiverServerRatis (XceiverServerRatis.java:getRealPort(592)) - XceiverServerRatis c0a63e6c-c246-4c4b-b9bd-48fbdf84331c is started using port 15083 for RATIS
2024-04-09 12:04:16,445 [JvmPauseMonitor11] INFO  util.JvmPauseMonitor (JvmPauseMonitor.java:run(146)) - JvmPauseMonitor-c0a63e6c-c246-4c4b-b9bd-48fbdf84331c: Started
2024-04-09 12:04:16,445 [c0a63e6c-c246-4c4b-b9bd-48fbdf84331c-EndpointStateMachineTaskThread-/0.0.0.0:15055-0 ] INFO  ratis.XceiverServerRatis (XceiverServerRatis.java:getRealPort(592)) - XceiverServerRatis c0a63e6c-c246-4c4b-b9bd-48fbdf84331c is started using port 15084 for RATIS_ADMIN
2024-04-09 12:04:16,445 [c0a63e6c-c246-4c4b-b9bd-48fbdf84331c-EndpointStateMachineTaskThread-/0.0.0.0:15055-0 ] INFO  ratis.XceiverServerRatis (XceiverServerRatis.java:getRealPort(592)) - XceiverServerRatis c0a63e6c-c246-4c4b-b9bd-48fbdf84331c is started using port 15085 for RATIS_SERVER
2024-04-09 12:04:16,445 [c0a63e6c-c246-4c4b-b9bd-48fbdf84331c-EndpointStateMachineTaskThread-/0.0.0.0:15055-0 ] INFO  ratis.XceiverServerRatis (XceiverServerRatis.java:getRealPort(592)) - XceiverServerRatis c0a63e6c-c246-4c4b-b9bd-48fbdf84331c is started using port 15086 for RATIS_DATASTREAM
2024-04-09 12:04:16,446 [c0a63e6c-c246-4c4b-b9bd-48fbdf84331c-BlockDeletingService#0] INFO  interfaces.ContainerDeletionChoosingPolicyTemplate (ContainerDeletionChoosingPolicyTemplate.java:chooseContainerForBlockDeletion(85)) - Chosen 0/5000 blocks from 0 candidate containers.
2024-04-09 12:04:16,523 [7127763e-d356-4593-86a2-312e14def563-EndpointStateMachineTaskThread-/0.0.0.0:15055-0 ] INFO  utils.DatanodeStoreCache (DatanodeStoreCache.java:addDB(72)) - Added db /home/runner/work/ozone/ozone/hadoop-ozone/integration-test/target/test-dir/MiniOzoneClusterImpl-00066f73-fe04-48fd-9c2f-afd3971143fc/ozone-meta/datanode-4/data-0/hdds/00066f73-fe04-48fd-9c2f-afd3971143fc/DS-2ffa3c02-bcda-42fb-b79a-b75e997df52e/container.db to cache
2024-04-09 12:04:16,523 [7127763e-d356-4593-86a2-312e14def563-EndpointStateMachineTaskThread-/0.0.0.0:15055-0 ] INFO  volume.HddsVolume (HddsVolume.java:createDbStore(437)) - SchemaV3 db is created and loaded at /home/runner/work/ozone/ozone/hadoop-ozone/integration-test/target/test-dir/MiniOzoneClusterImpl-00066f73-fe04-48fd-9c2f-afd3971143fc/ozone-meta/datanode-4/data-0/hdds/00066f73-fe04-48fd-9c2f-afd3971143fc/DS-2ffa3c02-bcda-42fb-b79a-b75e997df52e/container.db for volume DS-2ffa3c02-bcda-42fb-b79a-b75e997df52e
2024-04-09 12:04:16,524 [7127763e-d356-4593-86a2-312e14def563-ContainerReader-0] INFO  ozoneimpl.ContainerReader (ContainerReader.java:readVolume(148)) - Start to verify containers on volume /home/runner/work/ozone/ozone/hadoop-ozone/integration-test/target/test-dir/MiniOzoneClusterImpl-00066f73-fe04-48fd-9c2f-afd3971143fc/ozone-meta/datanode-4/data-0/hdds
2024-04-09 12:04:16,525 [7127763e-d356-4593-86a2-312e14def563-ContainerReader-0] INFO  ozoneimpl.ContainerReader (ContainerReader.java:readVolume(178)) - Finish verifying containers on volume /home/runner/work/ozone/ozone/hadoop-ozone/integration-test/target/test-dir/MiniOzoneClusterImpl-00066f73-fe04-48fd-9c2f-afd3971143fc/ozone-meta/datanode-4/data-0/hdds
2024-04-09 12:04:16,525 [7127763e-d356-4593-86a2-312e14def563-EndpointStateMachineTaskThread-/0.0.0.0:15055-0 ] INFO  ozoneimpl.OzoneContainer (OzoneContainer.java:buildContainerSet(328)) - Build ContainerSet costs 0s
2024-04-09 12:04:16,525 [7127763e-d356-4593-86a2-312e14def563-EndpointStateMachineTaskThread-/0.0.0.0:15055-0 ] INFO  volume.ThrottledAsyncChecker (ThrottledAsyncChecker.java:schedule(141)) - Scheduling a check for /home/runner/work/ozone/ozone/hadoop-ozone/integration-test/target/test-dir/MiniOzoneClusterImpl-00066f73-fe04-48fd-9c2f-afd3971143fc/ozone-meta/datanode-4/data-0/hdds
2024-04-09 12:04:16,525 [7127763e-d356-4593-86a2-312e14def563-EndpointStateMachineTaskThread-/0.0.0.0:15055-0 ] INFO  volume.StorageVolumeChecker (StorageVolumeChecker.java:checkAllVolumes(218)) - Scheduled health check for volume /home/runner/work/ozone/ozone/hadoop-ozone/integration-test/target/test-dir/MiniOzoneClusterImpl-00066f73-fe04-48fd-9c2f-afd3971143fc/ozone-meta/datanode-4/data-0/hdds
2024-04-09 12:04:16,527 [7127763e-d356-4593-86a2-312e14def563-EndpointStateMachineTaskThread-/0.0.0.0:15055-0 ] INFO  volume.ThrottledAsyncChecker (ThrottledAsyncChecker.java:schedule(141)) - Scheduling a check for /home/runner/work/ozone/ozone/hadoop-ozone/integration-test/target/test-dir/MiniOzoneClusterImpl-00066f73-fe04-48fd-9c2f-afd3971143fc/ozone-meta/datanode-4/ratis
2024-04-09 12:04:16,527 [7127763e-d356-4593-86a2-312e14def563-EndpointStateMachineTaskThread-/0.0.0.0:15055-0 ] INFO  volume.StorageVolumeChecker (StorageVolumeChecker.java:checkAllVolumes(218)) - Scheduled health check for volume /home/runner/work/ozone/ozone/hadoop-ozone/integration-test/target/test-dir/MiniOzoneClusterImpl-00066f73-fe04-48fd-9c2f-afd3971143fc/ozone-meta/datanode-4/ratis
2024-04-09 12:04:16,528 [7127763e-d356-4593-86a2-312e14def563-EndpointStateMachineTaskThread-/0.0.0.0:15055-0 ] INFO  ozoneimpl.OzoneContainer (OzoneContainer.java:start(459)) - Attempting to start container services.
2024-04-09 12:04:16,528 [7127763e-d356-4593-86a2-312e14def563-EndpointStateMachineTaskThread-/0.0.0.0:15055-0 ] WARN  ozoneimpl.OnDemandContainerDataScanner (OnDemandContainerDataScanner.java:init(75)) - Trying to initialize on demand scanner a second time on a datanode.
2024-04-09 12:04:16,528 [ContainerMetadataScanner] INFO  ozoneimpl.AbstractBackgroundContainerScanner (AbstractBackgroundContainerScanner.java:runIteration(87)) - Completed an iteration in 0 minutes. Number of iterations (since the data-node restart) : 1, Number of containers scanned in this iteration : 0, Number of unhealthy containers found in this iteration : 0
2024-04-09 12:04:16,529 [ContainerDataScanner(/home/runner/work/ozone/ozone/hadoop-ozone/integration-test/target/test-dir/MiniOzoneClusterImpl-00066f73-fe04-48fd-9c2f-afd3971143fc/ozone-meta/datanode-4/data-0/hdds)] INFO  ozoneimpl.AbstractBackgroundContainerScanner (AbstractBackgroundContainerScanner.java:runIteration(87)) - Completed an iteration in 0 minutes. Number of iterations (since the data-node restart) : 1, Number of containers scanned in this iteration : 0, Number of unhealthy containers found in this iteration : 0
2024-04-09 12:04:16,529 [7127763e-d356-4593-86a2-312e14def563-EndpointStateMachineTaskThread-/0.0.0.0:15055-0 ] INFO  replication.ReplicationServer (ReplicationServer.java:start(142)) - ReplicationServer is started using port 15096
2024-04-09 12:04:16,529 [7127763e-d356-4593-86a2-312e14def563-EndpointStateMachineTaskThread-/0.0.0.0:15055-0 ] INFO  ratis.XceiverServerRatis (XceiverServerRatis.java:start(566)) - Starting XceiverServerRatis 7127763e-d356-4593-86a2-312e14def563
2024-04-09 12:04:16,529 [7127763e-d356-4593-86a2-312e14def563-EndpointStateMachineTaskThread-/0.0.0.0:15055-0 ] INFO  server.RaftServer (RaftServerProxy.java:startImpl(406)) - 7127763e-d356-4593-86a2-312e14def563: start RPC server
2024-04-09 12:04:16,530 [7127763e-d356-4593-86a2-312e14def563-EndpointStateMachineTaskThread-/0.0.0.0:15055-0 ] INFO  server.GrpcService (GrpcService.java:startImpl(302)) - 7127763e-d356-4593-86a2-312e14def563: GrpcService started, listening on 15092
2024-04-09 12:04:16,530 [7127763e-d356-4593-86a2-312e14def563-EndpointStateMachineTaskThread-/0.0.0.0:15055-0 ] INFO  server.GrpcService (GrpcService.java:startImpl(302)) - 7127763e-d356-4593-86a2-312e14def563: GrpcService started, listening on 15094
2024-04-09 12:04:16,530 [7127763e-d356-4593-86a2-312e14def563-EndpointStateMachineTaskThread-/0.0.0.0:15055-0 ] INFO  server.GrpcService (GrpcService.java:startImpl(302)) - 7127763e-d356-4593-86a2-312e14def563: GrpcService started, listening on 15093
2024-04-09 12:04:16,530 [7127763e-d356-4593-86a2-312e14def563-EndpointStateMachineTaskThread-/0.0.0.0:15055-0 ] INFO  ratis.XceiverServerRatis (XceiverServerRatis.java:getRealPort(592)) - XceiverServerRatis 7127763e-d356-4593-86a2-312e14def563 is started using port 15092 for RATIS
2024-04-09 12:04:16,530 [JvmPauseMonitor12] INFO  util.JvmPauseMonitor (JvmPauseMonitor.java:run(146)) - JvmPauseMonitor-7127763e-d356-4593-86a2-312e14def563: Started
2024-04-09 12:04:16,531 [7127763e-d356-4593-86a2-312e14def563-EndpointStateMachineTaskThread-/0.0.0.0:15055-0 ] INFO  ratis.XceiverServerRatis (XceiverServerRatis.java:getRealPort(592)) - XceiverServerRatis 7127763e-d356-4593-86a2-312e14def563 is started using port 15093 for RATIS_ADMIN
2024-04-09 12:04:16,531 [7127763e-d356-4593-86a2-312e14def563-EndpointStateMachineTaskThread-/0.0.0.0:15055-0 ] INFO  ratis.XceiverServerRatis (XceiverServerRatis.java:getRealPort(592)) - XceiverServerRatis 7127763e-d356-4593-86a2-312e14def563 is started using port 15094 for RATIS_SERVER
2024-04-09 12:04:16,531 [7127763e-d356-4593-86a2-312e14def563-EndpointStateMachineTaskThread-/0.0.0.0:15055-0 ] INFO  ratis.XceiverServerRatis (XceiverServerRatis.java:getRealPort(592)) - XceiverServerRatis 7127763e-d356-4593-86a2-312e14def563 is started using port 15095 for RATIS_DATASTREAM
2024-04-09 12:04:16,532 [7127763e-d356-4593-86a2-312e14def563-BlockDeletingService#0] INFO  interfaces.ContainerDeletionChoosingPolicyTemplate (ContainerDeletionChoosingPolicyTemplate.java:chooseContainerForBlockDeletion(85)) - Chosen 0/5000 blocks from 0 candidate containers.
2024-04-09 12:04:16,582 [main] INFO  ozone.MiniOzoneClusterImpl (MiniOzoneClusterImpl.java:lambda$waitForClusterToBeReady$0(194)) - Waiting for nodes to be ready. Got 0 of 5 DN Heartbeats.
2024-04-09 12:04:16,582 [main] INFO  ozone.MiniOzoneClusterImpl (MiniOzoneClusterImpl.java:lambda$waitForClusterToBeReady$0(197)) - Waiting for cluster to exit safe mode
2024-04-09 12:04:16,582 [main] INFO  ozone.MiniOzoneClusterImpl (MiniOzoneClusterImpl.java:lambda$waitForClusterToBeReady$0(199)) - SCM became leader
2024-04-09 12:04:16,606 [a87d7804-de0d-4258-ad97-e1309df34ed1-EndpointStateMachineTaskThread-/0.0.0.0:15055-0 ] INFO  utils.DatanodeStoreCache (DatanodeStoreCache.java:addDB(72)) - Added db /home/runner/work/ozone/ozone/hadoop-ozone/integration-test/target/test-dir/MiniOzoneClusterImpl-00066f73-fe04-48fd-9c2f-afd3971143fc/ozone-meta/datanode-5/data-0/hdds/00066f73-fe04-48fd-9c2f-afd3971143fc/DS-3dc5ed1d-4895-4ec2-a149-affe347e2f1f/container.db to cache
2024-04-09 12:04:16,606 [a87d7804-de0d-4258-ad97-e1309df34ed1-EndpointStateMachineTaskThread-/0.0.0.0:15055-0 ] INFO  volume.HddsVolume (HddsVolume.java:createDbStore(437)) - SchemaV3 db is created and loaded at /home/runner/work/ozone/ozone/hadoop-ozone/integration-test/target/test-dir/MiniOzoneClusterImpl-00066f73-fe04-48fd-9c2f-afd3971143fc/ozone-meta/datanode-5/data-0/hdds/00066f73-fe04-48fd-9c2f-afd3971143fc/DS-3dc5ed1d-4895-4ec2-a149-affe347e2f1f/container.db for volume DS-3dc5ed1d-4895-4ec2-a149-affe347e2f1f
2024-04-09 12:04:16,607 [a87d7804-de0d-4258-ad97-e1309df34ed1-ContainerReader-0] INFO  ozoneimpl.ContainerReader (ContainerReader.java:readVolume(148)) - Start to verify containers on volume /home/runner/work/ozone/ozone/hadoop-ozone/integration-test/target/test-dir/MiniOzoneClusterImpl-00066f73-fe04-48fd-9c2f-afd3971143fc/ozone-meta/datanode-5/data-0/hdds
2024-04-09 12:04:16,607 [a87d7804-de0d-4258-ad97-e1309df34ed1-ContainerReader-0] INFO  ozoneimpl.ContainerReader (ContainerReader.java:readVolume(178)) - Finish verifying containers on volume /home/runner/work/ozone/ozone/hadoop-ozone/integration-test/target/test-dir/MiniOzoneClusterImpl-00066f73-fe04-48fd-9c2f-afd3971143fc/ozone-meta/datanode-5/data-0/hdds
2024-04-09 12:04:16,607 [a87d7804-de0d-4258-ad97-e1309df34ed1-EndpointStateMachineTaskThread-/0.0.0.0:15055-0 ] INFO  ozoneimpl.OzoneContainer (OzoneContainer.java:buildContainerSet(328)) - Build ContainerSet costs 0s
2024-04-09 12:04:16,608 [a87d7804-de0d-4258-ad97-e1309df34ed1-EndpointStateMachineTaskThread-/0.0.0.0:15055-0 ] INFO  volume.ThrottledAsyncChecker (ThrottledAsyncChecker.java:schedule(141)) - Scheduling a check for /home/runner/work/ozone/ozone/hadoop-ozone/integration-test/target/test-dir/MiniOzoneClusterImpl-00066f73-fe04-48fd-9c2f-afd3971143fc/ozone-meta/datanode-5/data-0/hdds
2024-04-09 12:04:16,608 [a87d7804-de0d-4258-ad97-e1309df34ed1-EndpointStateMachineTaskThread-/0.0.0.0:15055-0 ] INFO  volume.StorageVolumeChecker (StorageVolumeChecker.java:checkAllVolumes(218)) - Scheduled health check for volume /home/runner/work/ozone/ozone/hadoop-ozone/integration-test/target/test-dir/MiniOzoneClusterImpl-00066f73-fe04-48fd-9c2f-afd3971143fc/ozone-meta/datanode-5/data-0/hdds
2024-04-09 12:04:16,609 [a87d7804-de0d-4258-ad97-e1309df34ed1-EndpointStateMachineTaskThread-/0.0.0.0:15055-0 ] INFO  volume.ThrottledAsyncChecker (ThrottledAsyncChecker.java:schedule(141)) - Scheduling a check for /home/runner/work/ozone/ozone/hadoop-ozone/integration-test/target/test-dir/MiniOzoneClusterImpl-00066f73-fe04-48fd-9c2f-afd3971143fc/ozone-meta/datanode-5/ratis
2024-04-09 12:04:16,610 [a87d7804-de0d-4258-ad97-e1309df34ed1-EndpointStateMachineTaskThread-/0.0.0.0:15055-0 ] INFO  volume.StorageVolumeChecker (StorageVolumeChecker.java:checkAllVolumes(218)) - Scheduled health check for volume /home/runner/work/ozone/ozone/hadoop-ozone/integration-test/target/test-dir/MiniOzoneClusterImpl-00066f73-fe04-48fd-9c2f-afd3971143fc/ozone-meta/datanode-5/ratis
2024-04-09 12:04:16,610 [a87d7804-de0d-4258-ad97-e1309df34ed1-EndpointStateMachineTaskThread-/0.0.0.0:15055-0 ] INFO  ozoneimpl.OzoneContainer (OzoneContainer.java:start(459)) - Attempting to start container services.
2024-04-09 12:04:16,610 [a87d7804-de0d-4258-ad97-e1309df34ed1-EndpointStateMachineTaskThread-/0.0.0.0:15055-0 ] WARN  ozoneimpl.OnDemandContainerDataScanner (OnDemandContainerDataScanner.java:init(75)) - Trying to initialize on demand scanner a second time on a datanode.
2024-04-09 12:04:16,611 [ContainerMetadataScanner] INFO  ozoneimpl.AbstractBackgroundContainerScanner (AbstractBackgroundContainerScanner.java:runIteration(87)) - Completed an iteration in 0 minutes. Number of iterations (since the data-node restart) : 1, Number of containers scanned in this iteration : 0, Number of unhealthy containers found in this iteration : 0
2024-04-09 12:04:16,611 [ContainerDataScanner(/home/runner/work/ozone/ozone/hadoop-ozone/integration-test/target/test-dir/MiniOzoneClusterImpl-00066f73-fe04-48fd-9c2f-afd3971143fc/ozone-meta/datanode-5/data-0/hdds)] INFO  ozoneimpl.AbstractBackgroundContainerScanner (AbstractBackgroundContainerScanner.java:runIteration(87)) - Completed an iteration in 0 minutes. Number of iterations (since the data-node restart) : 1, Number of containers scanned in this iteration : 0, Number of unhealthy containers found in this iteration : 0
2024-04-09 12:04:16,613 [a87d7804-de0d-4258-ad97-e1309df34ed1-EndpointStateMachineTaskThread-/0.0.0.0:15055-0 ] INFO  replication.ReplicationServer (ReplicationServer.java:start(142)) - ReplicationServer is started using port 15105
2024-04-09 12:04:16,613 [a87d7804-de0d-4258-ad97-e1309df34ed1-EndpointStateMachineTaskThread-/0.0.0.0:15055-0 ] INFO  ratis.XceiverServerRatis (XceiverServerRatis.java:start(566)) - Starting XceiverServerRatis a87d7804-de0d-4258-ad97-e1309df34ed1
2024-04-09 12:04:16,614 [a87d7804-de0d-4258-ad97-e1309df34ed1-EndpointStateMachineTaskThread-/0.0.0.0:15055-0 ] INFO  server.RaftServer (RaftServerProxy.java:startImpl(406)) - a87d7804-de0d-4258-ad97-e1309df34ed1: start RPC server
2024-04-09 12:04:16,614 [a87d7804-de0d-4258-ad97-e1309df34ed1-EndpointStateMachineTaskThread-/0.0.0.0:15055-0 ] INFO  server.GrpcService (GrpcService.java:startImpl(302)) - a87d7804-de0d-4258-ad97-e1309df34ed1: GrpcService started, listening on 15101
2024-04-09 12:04:16,614 [a87d7804-de0d-4258-ad97-e1309df34ed1-EndpointStateMachineTaskThread-/0.0.0.0:15055-0 ] INFO  server.GrpcService (GrpcService.java:startImpl(302)) - a87d7804-de0d-4258-ad97-e1309df34ed1: GrpcService started, listening on 15103
2024-04-09 12:04:16,614 [a87d7804-de0d-4258-ad97-e1309df34ed1-EndpointStateMachineTaskThread-/0.0.0.0:15055-0 ] INFO  server.GrpcService (GrpcService.java:startImpl(302)) - a87d7804-de0d-4258-ad97-e1309df34ed1: GrpcService started, listening on 15102
2024-04-09 12:04:16,615 [a87d7804-de0d-4258-ad97-e1309df34ed1-EndpointStateMachineTaskThread-/0.0.0.0:15055-0 ] INFO  ratis.XceiverServerRatis (XceiverServerRatis.java:getRealPort(592)) - XceiverServerRatis a87d7804-de0d-4258-ad97-e1309df34ed1 is started using port 15101 for RATIS
2024-04-09 12:04:16,615 [a87d7804-de0d-4258-ad97-e1309df34ed1-EndpointStateMachineTaskThread-/0.0.0.0:15055-0 ] INFO  ratis.XceiverServerRatis (XceiverServerRatis.java:getRealPort(592)) - XceiverServerRatis a87d7804-de0d-4258-ad97-e1309df34ed1 is started using port 15102 for RATIS_ADMIN
2024-04-09 12:04:16,615 [a87d7804-de0d-4258-ad97-e1309df34ed1-EndpointStateMachineTaskThread-/0.0.0.0:15055-0 ] INFO  ratis.XceiverServerRatis (XceiverServerRatis.java:getRealPort(592)) - XceiverServerRatis a87d7804-de0d-4258-ad97-e1309df34ed1 is started using port 15103 for RATIS_SERVER
2024-04-09 12:04:16,615 [a87d7804-de0d-4258-ad97-e1309df34ed1-EndpointStateMachineTaskThread-/0.0.0.0:15055-0 ] INFO  ratis.XceiverServerRatis (XceiverServerRatis.java:getRealPort(592)) - XceiverServerRatis a87d7804-de0d-4258-ad97-e1309df34ed1 is started using port 15104 for RATIS_DATASTREAM
2024-04-09 12:04:16,615 [JvmPauseMonitor13] INFO  util.JvmPauseMonitor (JvmPauseMonitor.java:run(146)) - JvmPauseMonitor-a87d7804-de0d-4258-ad97-e1309df34ed1: Started
2024-04-09 12:04:16,616 [a87d7804-de0d-4258-ad97-e1309df34ed1-BlockDeletingService#0] INFO  interfaces.ContainerDeletionChoosingPolicyTemplate (ContainerDeletionChoosingPolicyTemplate.java:chooseContainerForBlockDeletion(85)) - Chosen 0/5000 blocks from 0 candidate containers.
2024-04-09 12:04:17,583 [main] INFO  ozone.MiniOzoneClusterImpl (MiniOzoneClusterImpl.java:lambda$waitForClusterToBeReady$0(194)) - Waiting for nodes to be ready. Got 0 of 5 DN Heartbeats.
2024-04-09 12:04:17,583 [main] INFO  ozone.MiniOzoneClusterImpl (MiniOzoneClusterImpl.java:lambda$waitForClusterToBeReady$0(197)) - Waiting for cluster to exit safe mode
2024-04-09 12:04:17,583 [main] INFO  ozone.MiniOzoneClusterImpl (MiniOzoneClusterImpl.java:lambda$waitForClusterToBeReady$0(199)) - SCM became leader
2024-04-09 12:04:18,277 [IPC Server handler 0 on default port 15055] INFO  net.NetworkTopologyImpl (NetworkTopologyImpl.java:add(134)) - Added a new node: /default-rack/47f2b6e5-7d1c-4a61-9d74-1b86fd130309
2024-04-09 12:04:18,278 [IPC Server handler 0 on default port 15055] INFO  node.SCMNodeManager (SCMNodeManager.java:register(421)) - Registered datanode: 47f2b6e5-7d1c-4a61-9d74-1b86fd130309{ip: 10.1.0.103, host: fv-az1531-426.hsxikm2gdrvudnct5jqc1oiugc.ex.internal.cloudapp.net, ports: [HTTP=15062, CLIENT_RPC=15063, REPLICATION=15069, RATIS=15065, RATIS_ADMIN=15066, RATIS_SERVER=15067, RATIS_DATASTREAM=15068, STANDALONE=15064], networkLocation: /default-rack, certSerialId: null, persistedOpState: null, persistedOpStateExpiryEpochSec: 0}
2024-04-09 12:04:18,280 [EventQueue-NewNodeForNewNodeHandler] INFO  pipeline.BackgroundPipelineCreator (BackgroundPipelineCreator.java:notifyEventTriggered(280)) - trigger a one-shot run on RatisPipelineUtilsThread.
2024-04-09 12:04:18,280 [RatisPipelineUtilsThread-0] INFO  pipeline.RatisPipelineProvider (RatisPipelineProvider.java:lambda$create$0(205)) - Sending CreatePipelineCommand for pipeline:PipelineID=742ea967-bb26-43ee-9649-9b3b028754ac to datanode:47f2b6e5-7d1c-4a61-9d74-1b86fd130309
2024-04-09 12:04:18,280 [EventQueue-NodeRegistrationContainerReportForContainerSafeModeRule] INFO  safemode.SCMSafeModeManager (SCMSafeModeManager.java:validateSafeModeExitRules(200)) - ContainerSafeModeRule rule is successfully validated
2024-04-09 12:04:18,281 [EventQueue-NodeRegistrationContainerReportForDataNodeSafeModeRule] INFO  safemode.SCMSafeModeManager (DataNodeSafeModeRule.java:process(71)) - SCM in safe mode. 1 DataNodes registered, 3 required.
2024-04-09 12:04:18,281 [EventQueue-PipelineReportForOneReplicaPipelineSafeModeRule] INFO  safemode.SCMSafeModeManager (SCMSafeModeManager.java:validateSafeModeExitRules(200)) - AtleastOneDatanodeReportedRule rule is successfully validated
2024-04-09 12:04:18,282 [RatisPipelineUtilsThread-0] INFO  pipeline.BackgroundPipelineCreator (BackgroundPipelineCreator.java:createPipelines(236)) - Created new pipeline Pipeline[ Id: 742ea967-bb26-43ee-9649-9b3b028754ac, Nodes: 47f2b6e5-7d1c-4a61-9d74-1b86fd130309(fv-az1531-426.hsxikm2gdrvudnct5jqc1oiugc.ex.internal.cloudapp.net/10.1.0.103), ReplicationConfig: RATIS/ONE, State:ALLOCATED, leaderId:, CreationTimestamp2024-04-09T12:04:18.280Z[Etc/UTC]]
2024-04-09 12:04:18,346 [IPC Server handler 1 on default port 15055] INFO  net.NetworkTopologyImpl (NetworkTopologyImpl.java:add(134)) - Added a new node: /default-rack/06c35c3a-0415-431d-ae8b-027bb2658858
2024-04-09 12:04:18,346 [IPC Server handler 1 on default port 15055] INFO  node.SCMNodeManager (SCMNodeManager.java:register(421)) - Registered datanode: 06c35c3a-0415-431d-ae8b-027bb2658858{ip: 10.1.0.103, host: fv-az1531-426.hsxikm2gdrvudnct5jqc1oiugc.ex.internal.cloudapp.net, ports: [HTTP=15071, CLIENT_RPC=15072, REPLICATION=15078, RATIS=15074, RATIS_ADMIN=15075, RATIS_SERVER=15076, RATIS_DATASTREAM=15077, STANDALONE=15073], networkLocation: /default-rack, certSerialId: null, persistedOpState: null, persistedOpStateExpiryEpochSec: 0}
2024-04-09 12:04:18,347 [EventQueue-NewNodeForNewNodeHandler] INFO  pipeline.BackgroundPipelineCreator (BackgroundPipelineCreator.java:notifyEventTriggered(280)) - trigger a one-shot run on RatisPipelineUtilsThread.
2024-04-09 12:04:18,348 [EventQueue-NodeRegistrationContainerReportForDataNodeSafeModeRule] INFO  safemode.SCMSafeModeManager (DataNodeSafeModeRule.java:process(71)) - SCM in safe mode. 2 DataNodes registered, 3 required.
2024-04-09 12:04:18,348 [RatisPipelineUtilsThread-0] INFO  pipeline.RatisPipelineProvider (RatisPipelineProvider.java:lambda$create$0(205)) - Sending CreatePipelineCommand for pipeline:PipelineID=113b9240-f15f-4727-894e-2f251e82cc3a to datanode:06c35c3a-0415-431d-ae8b-027bb2658858
2024-04-09 12:04:18,349 [RatisPipelineUtilsThread-0] INFO  pipeline.BackgroundPipelineCreator (BackgroundPipelineCreator.java:createPipelines(236)) - Created new pipeline Pipeline[ Id: 113b9240-f15f-4727-894e-2f251e82cc3a, Nodes: 06c35c3a-0415-431d-ae8b-027bb2658858(fv-az1531-426.hsxikm2gdrvudnct5jqc1oiugc.ex.internal.cloudapp.net/10.1.0.103), ReplicationConfig: RATIS/ONE, State:ALLOCATED, leaderId:, CreationTimestamp2024-04-09T12:04:18.348Z[Etc/UTC]]
2024-04-09 12:04:18,420 [IPC Server handler 2 on default port 15055] INFO  net.NetworkTopologyImpl (NetworkTopologyImpl.java:add(134)) - Added a new node: /default-rack/c0a63e6c-c246-4c4b-b9bd-48fbdf84331c
2024-04-09 12:04:18,420 [IPC Server handler 2 on default port 15055] INFO  node.SCMNodeManager (SCMNodeManager.java:register(421)) - Registered datanode: c0a63e6c-c246-4c4b-b9bd-48fbdf84331c{ip: 10.1.0.103, host: fv-az1531-426.hsxikm2gdrvudnct5jqc1oiugc.ex.internal.cloudapp.net, ports: [HTTP=15080, CLIENT_RPC=15081, REPLICATION=15087, RATIS=15083, RATIS_ADMIN=15084, RATIS_SERVER=15085, RATIS_DATASTREAM=15086, STANDALONE=15082], networkLocation: /default-rack, certSerialId: null, persistedOpState: null, persistedOpStateExpiryEpochSec: 0}
2024-04-09 12:04:18,421 [EventQueue-NewNodeForNewNodeHandler] INFO  pipeline.BackgroundPipelineCreator (BackgroundPipelineCreator.java:notifyEventTriggered(280)) - trigger a one-shot run on RatisPipelineUtilsThread.
2024-04-09 12:04:18,421 [EventQueue-NodeRegistrationContainerReportForDataNodeSafeModeRule] INFO  safemode.SCMSafeModeManager (DataNodeSafeModeRule.java:process(71)) - SCM in safe mode. 3 DataNodes registered, 3 required.
2024-04-09 12:04:18,421 [EventQueue-NodeRegistrationContainerReportForDataNodeSafeModeRule] INFO  safemode.SCMSafeModeManager (SCMSafeModeManager.java:validateSafeModeExitRules(200)) - DataNodeSafeModeRule rule is successfully validated
2024-04-09 12:04:18,421 [EventQueue-NodeRegistrationContainerReportForDataNodeSafeModeRule] INFO  safemode.SCMSafeModeManager (SCMSafeModeManager.java:completePreCheck(229)) - All SCM safe mode pre check rules have passed
2024-04-09 12:04:18,421 [EventQueue-NodeRegistrationContainerReportForDataNodeSafeModeRule] INFO  ha.SCMContext (SCMContext.java:updateSafeModeStatus(225)) - Update SafeModeStatus from SafeModeStatus{safeModeStatus=true, preCheckPassed=false} to SafeModeStatus{safeModeStatus=true, preCheckPassed=true}.
2024-04-09 12:04:18,421 [EventQueue-NodeRegistrationContainerReportForDataNodeSafeModeRule] INFO  pipeline.BackgroundPipelineCreator (BackgroundPipelineCreator.java:notifyEventTriggered(280)) - trigger a one-shot run on RatisPipelineUtilsThread.
2024-04-09 12:04:18,421 [RatisPipelineUtilsThread-0] INFO  pipeline.RatisPipelineProvider (RatisPipelineProvider.java:lambda$create$0(205)) - Sending CreatePipelineCommand for pipeline:PipelineID=bcd65a87-78fb-4d3f-8468-bacfa430f9ba to datanode:c0a63e6c-c246-4c4b-b9bd-48fbdf84331c
2024-04-09 12:04:18,422 [RatisPipelineUtilsThread-0] INFO  pipeline.BackgroundPipelineCreator (BackgroundPipelineCreator.java:createPipelines(236)) - Created new pipeline Pipeline[ Id: bcd65a87-78fb-4d3f-8468-bacfa430f9ba, Nodes: c0a63e6c-c246-4c4b-b9bd-48fbdf84331c(fv-az1531-426.hsxikm2gdrvudnct5jqc1oiugc.ex.internal.cloudapp.net/10.1.0.103), ReplicationConfig: RATIS/ONE, State:ALLOCATED, leaderId:, CreationTimestamp2024-04-09T12:04:18.421Z[Etc/UTC]]
2024-04-09 12:04:18,422 [RatisPipelineUtilsThread-0] INFO  pipeline.RatisPipelineProvider (RatisPipelineProvider.java:lambda$create$0(205)) - Sending CreatePipelineCommand for pipeline:PipelineID=8a023e63-f161-45d8-9a3c-db1d75a9e2dc to datanode:c0a63e6c-c246-4c4b-b9bd-48fbdf84331c
2024-04-09 12:04:18,423 [RatisPipelineUtilsThread-0] INFO  pipeline.RatisPipelineProvider (RatisPipelineProvider.java:lambda$create$0(205)) - Sending CreatePipelineCommand for pipeline:PipelineID=8a023e63-f161-45d8-9a3c-db1d75a9e2dc to datanode:47f2b6e5-7d1c-4a61-9d74-1b86fd130309
2024-04-09 12:04:18,423 [RatisPipelineUtilsThread-0] INFO  pipeline.RatisPipelineProvider (RatisPipelineProvider.java:lambda$create$0(205)) - Sending CreatePipelineCommand for pipeline:PipelineID=8a023e63-f161-45d8-9a3c-db1d75a9e2dc to datanode:06c35c3a-0415-431d-ae8b-027bb2658858
2024-04-09 12:04:18,423 [RatisPipelineUtilsThread-0] INFO  pipeline.BackgroundPipelineCreator (BackgroundPipelineCreator.java:createPipelines(236)) - Created new pipeline Pipeline[ Id: 8a023e63-f161-45d8-9a3c-db1d75a9e2dc, Nodes: c0a63e6c-c246-4c4b-b9bd-48fbdf84331c(fv-az1531-426.hsxikm2gdrvudnct5jqc1oiugc.ex.internal.cloudapp.net/10.1.0.103)47f2b6e5-7d1c-4a61-9d74-1b86fd130309(fv-az1531-426.hsxikm2gdrvudnct5jqc1oiugc.ex.internal.cloudapp.net/10.1.0.103)06c35c3a-0415-431d-ae8b-027bb2658858(fv-az1531-426.hsxikm2gdrvudnct5jqc1oiugc.ex.internal.cloudapp.net/10.1.0.103), ReplicationConfig: RATIS/THREE, State:ALLOCATED, leaderId:, CreationTimestamp2024-04-09T12:04:18.422Z[Etc/UTC]]
2024-04-09 12:04:18,424 [RatisPipelineUtilsThread-0] INFO  pipeline.RatisPipelineProvider (RatisPipelineProvider.java:lambda$create$0(205)) - Sending CreatePipelineCommand for pipeline:PipelineID=b8bf2288-a83f-4302-a707-2c2c502a59f8 to datanode:c0a63e6c-c246-4c4b-b9bd-48fbdf84331c
2024-04-09 12:04:18,424 [RatisPipelineUtilsThread-0] INFO  pipeline.RatisPipelineProvider (RatisPipelineProvider.java:lambda$create$0(205)) - Sending CreatePipelineCommand for pipeline:PipelineID=b8bf2288-a83f-4302-a707-2c2c502a59f8 to datanode:06c35c3a-0415-431d-ae8b-027bb2658858
2024-04-09 12:04:18,424 [RatisPipelineUtilsThread-0] INFO  pipeline.RatisPipelineProvider (RatisPipelineProvider.java:lambda$create$0(205)) - Sending CreatePipelineCommand for pipeline:PipelineID=b8bf2288-a83f-4302-a707-2c2c502a59f8 to datanode:47f2b6e5-7d1c-4a61-9d74-1b86fd130309
2024-04-09 12:04:18,425 [RatisPipelineUtilsThread-0] INFO  pipeline.PipelineManagerImpl (PipelineManagerImpl.java:recordMetricsForPipeline(916)) - Pipeline: PipelineID=b8bf2288-a83f-4302-a707-2c2c502a59f8 contains same datanodes as previous pipelines: PipelineID=8a023e63-f161-45d8-9a3c-db1d75a9e2dc nodeIds: c0a63e6c-c246-4c4b-b9bd-48fbdf84331c, 06c35c3a-0415-431d-ae8b-027bb2658858, 47f2b6e5-7d1c-4a61-9d74-1b86fd130309
2024-04-09 12:04:18,425 [RatisPipelineUtilsThread-0] INFO  pipeline.BackgroundPipelineCreator (BackgroundPipelineCreator.java:createPipelines(236)) - Created new pipeline Pipeline[ Id: b8bf2288-a83f-4302-a707-2c2c502a59f8, Nodes: c0a63e6c-c246-4c4b-b9bd-48fbdf84331c(fv-az1531-426.hsxikm2gdrvudnct5jqc1oiugc.ex.internal.cloudapp.net/10.1.0.103)06c35c3a-0415-431d-ae8b-027bb2658858(fv-az1531-426.hsxikm2gdrvudnct5jqc1oiugc.ex.internal.cloudapp.net/10.1.0.103)47f2b6e5-7d1c-4a61-9d74-1b86fd130309(fv-az1531-426.hsxikm2gdrvudnct5jqc1oiugc.ex.internal.cloudapp.net/10.1.0.103), ReplicationConfig: RATIS/THREE, State:ALLOCATED, leaderId:, CreationTimestamp2024-04-09T12:04:18.424Z[Etc/UTC]]
2024-04-09 12:04:18,506 [IPC Server handler 3 on default port 15055] INFO  net.NetworkTopologyImpl (NetworkTopologyImpl.java:add(134)) - Added a new node: /default-rack/7127763e-d356-4593-86a2-312e14def563
2024-04-09 12:04:18,506 [IPC Server handler 3 on default port 15055] INFO  node.SCMNodeManager (SCMNodeManager.java:register(421)) - Registered datanode: 7127763e-d356-4593-86a2-312e14def563{ip: 10.1.0.103, host: fv-az1531-426.hsxikm2gdrvudnct5jqc1oiugc.ex.internal.cloudapp.net, ports: [HTTP=15089, CLIENT_RPC=15090, REPLICATION=15096, RATIS=15092, RATIS_ADMIN=15093, RATIS_SERVER=15094, RATIS_DATASTREAM=15095, STANDALONE=15091], networkLocation: /default-rack, certSerialId: null, persistedOpState: null, persistedOpStateExpiryEpochSec: 0}
2024-04-09 12:04:18,507 [EventQueue-NewNodeForNewNodeHandler] INFO  pipeline.BackgroundPipelineCreator (BackgroundPipelineCreator.java:notifyEventTriggered(280)) - trigger a one-shot run on RatisPipelineUtilsThread.
2024-04-09 12:04:18,508 [RatisPipelineUtilsThread-0] INFO  pipeline.RatisPipelineProvider (RatisPipelineProvider.java:lambda$create$0(205)) - Sending CreatePipelineCommand for pipeline:PipelineID=ea4d43ee-388a-49ba-8592-23d0993eff82 to datanode:7127763e-d356-4593-86a2-312e14def563
2024-04-09 12:04:18,509 [RatisPipelineUtilsThread-0] INFO  pipeline.BackgroundPipelineCreator (BackgroundPipelineCreator.java:createPipelines(236)) - Created new pipeline Pipeline[ Id: ea4d43ee-388a-49ba-8592-23d0993eff82, Nodes: 7127763e-d356-4593-86a2-312e14def563(fv-az1531-426.hsxikm2gdrvudnct5jqc1oiugc.ex.internal.cloudapp.net/10.1.0.103), ReplicationConfig: RATIS/ONE, State:ALLOCATED, leaderId:, CreationTimestamp2024-04-09T12:04:18.508Z[Etc/UTC]]
2024-04-09 12:04:18,583 [main] INFO  ozone.MiniOzoneClusterImpl (MiniOzoneClusterImpl.java:lambda$waitForClusterToBeReady$0(194)) - Waiting for nodes to be ready. Got 4 of 5 DN Heartbeats.
2024-04-09 12:04:18,584 [main] INFO  ozone.MiniOzoneClusterImpl (MiniOzoneClusterImpl.java:lambda$waitForClusterToBeReady$0(197)) - Waiting for cluster to exit safe mode
2024-04-09 12:04:18,584 [main] INFO  ozone.MiniOzoneClusterImpl (MiniOzoneClusterImpl.java:lambda$waitForClusterToBeReady$0(199)) - SCM became leader
2024-04-09 12:04:18,588 [IPC Server handler 5 on default port 15055] INFO  net.NetworkTopologyImpl (NetworkTopologyImpl.java:add(134)) - Added a new node: /default-rack/a87d7804-de0d-4258-ad97-e1309df34ed1
2024-04-09 12:04:18,588 [IPC Server handler 5 on default port 15055] INFO  node.SCMNodeManager (SCMNodeManager.java:register(421)) - Registered datanode: a87d7804-de0d-4258-ad97-e1309df34ed1{ip: 10.1.0.103, host: fv-az1531-426.hsxikm2gdrvudnct5jqc1oiugc.ex.internal.cloudapp.net, ports: [HTTP=15098, CLIENT_RPC=15099, REPLICATION=15105, RATIS=15101, RATIS_ADMIN=15102, RATIS_SERVER=15103, RATIS_DATASTREAM=15104, STANDALONE=15100], networkLocation: /default-rack, certSerialId: null, persistedOpState: null, persistedOpStateExpiryEpochSec: 0}
2024-04-09 12:04:18,588 [EventQueue-NewNodeForNewNodeHandler] INFO  pipeline.BackgroundPipelineCreator (BackgroundPipelineCreator.java:notifyEventTriggered(280)) - trigger a one-shot run on RatisPipelineUtilsThread.
2024-04-09 12:04:18,589 [RatisPipelineUtilsThread-0] INFO  pipeline.RatisPipelineProvider (RatisPipelineProvider.java:lambda$create$0(205)) - Sending CreatePipelineCommand for pipeline:PipelineID=98953a21-1556-4947-a478-50b2e81fcff7 to datanode:a87d7804-de0d-4258-ad97-e1309df34ed1
2024-04-09 12:04:18,589 [RatisPipelineUtilsThread-0] INFO  pipeline.BackgroundPipelineCreator (BackgroundPipelineCreator.java:createPipelines(236)) - Created new pipeline Pipeline[ Id: 98953a21-1556-4947-a478-50b2e81fcff7, Nodes: a87d7804-de0d-4258-ad97-e1309df34ed1(fv-az1531-426.hsxikm2gdrvudnct5jqc1oiugc.ex.internal.cloudapp.net/10.1.0.103), ReplicationConfig: RATIS/ONE, State:ALLOCATED, leaderId:, CreationTimestamp2024-04-09T12:04:18.588Z[Etc/UTC]]
2024-04-09 12:04:19,584 [main] INFO  ozone.MiniOzoneClusterImpl (MiniOzoneClusterImpl.java:lambda$waitForClusterToBeReady$0(194)) - Nodes are ready. Got 5 of 5 DN Heartbeats.
2024-04-09 12:04:19,584 [main] INFO  ozone.MiniOzoneClusterImpl (MiniOzoneClusterImpl.java:lambda$waitForClusterToBeReady$0(197)) - Waiting for cluster to exit safe mode
2024-04-09 12:04:19,584 [main] INFO  ozone.MiniOzoneClusterImpl (MiniOzoneClusterImpl.java:lambda$waitForClusterToBeReady$0(199)) - SCM became leader
2024-04-09 12:04:20,585 [main] INFO  ozone.MiniOzoneClusterImpl (MiniOzoneClusterImpl.java:lambda$waitForClusterToBeReady$0(194)) - Nodes are ready. Got 5 of 5 DN Heartbeats.
2024-04-09 12:04:20,585 [main] INFO  ozone.MiniOzoneClusterImpl (MiniOzoneClusterImpl.java:lambda$waitForClusterToBeReady$0(197)) - Waiting for cluster to exit safe mode
2024-04-09 12:04:20,585 [main] INFO  ozone.MiniOzoneClusterImpl (MiniOzoneClusterImpl.java:lambda$waitForClusterToBeReady$0(199)) - SCM became leader
2024-04-09 12:04:21,277 [47f2b6e5-7d1c-4a61-9d74-1b86fd130309-PipelineCommandHandlerThread-0] INFO  server.RaftServer (RaftServerProxy.java:addNew(100)) - 47f2b6e5-7d1c-4a61-9d74-1b86fd130309: addNew group-9B3B028754AC:[47f2b6e5-7d1c-4a61-9d74-1b86fd130309|10.1.0.103:15067] returns group-9B3B028754AC:java.util.concurrent.CompletableFuture@2455ac68[Not completed]
2024-04-09 12:04:21,278 [47f2b6e5-7d1c-4a61-9d74-1b86fd130309-groupManagement] INFO  server.RaftServer$Division (RaftServerImpl.java:<init>(256)) - 47f2b6e5-7d1c-4a61-9d74-1b86fd130309: new RaftServerImpl for group-9B3B028754AC:[47f2b6e5-7d1c-4a61-9d74-1b86fd130309|10.1.0.103:15067] with ContainerStateMachine:uninitialized
2024-04-09 12:04:21,278 [47f2b6e5-7d1c-4a61-9d74-1b86fd130309-groupManagement] INFO  server.RaftServerConfigKeys (ConfUtils.java:logGet(46)) - raft.server.rpc.timeout.min = 5s (custom)
2024-04-09 12:04:21,278 [47f2b6e5-7d1c-4a61-9d74-1b86fd130309-groupManagement] INFO  server.RaftServerConfigKeys (ConfUtils.java:logGet(46)) - raft.server.rpc.timeout.max = 5200ms (custom)
2024-04-09 12:04:21,278 [47f2b6e5-7d1c-4a61-9d74-1b86fd130309-groupManagement] INFO  server.RaftServerConfigKeys (ConfUtils.java:logGet(46)) - raft.server.rpc.sleep.time = 25ms (default)
2024-04-09 12:04:21,278 [47f2b6e5-7d1c-4a61-9d74-1b86fd130309-groupManagement] INFO  server.RaftServerConfigKeys (ConfUtils.java:logGet(46)) - raft.server.rpc.slowness.timeout = 300000ms (custom)
2024-04-09 12:04:21,278 [47f2b6e5-7d1c-4a61-9d74-1b86fd130309-groupManagement] INFO  server.RaftServerConfigKeys (ConfUtils.java:logGet(46)) - raft.server.leaderelection.leader.step-down.wait-time = 10s (default)
2024-04-09 12:04:21,278 [47f2b6e5-7d1c-4a61-9d74-1b86fd130309-groupManagement] INFO  server.RaftServerConfigKeys (ConfUtils.java:logGet(46)) - raft.server.leaderelection.member.majority-add = false (default)
2024-04-09 12:04:21,278 [47f2b6e5-7d1c-4a61-9d74-1b86fd130309-groupManagement] INFO  server.RaftServerConfigKeys (ConfUtils.java:logGet(46)) - raft.server.sleep.deviation.threshold = 300ms (default)
2024-04-09 12:04:21,279 [47f2b6e5-7d1c-4a61-9d74-1b86fd130309-groupManagement] INFO  server.RaftServer$Division (ServerState.java:<init>(113)) - 47f2b6e5-7d1c-4a61-9d74-1b86fd130309@group-9B3B028754AC: ConfigurationManager, init=-1: peers:[47f2b6e5-7d1c-4a61-9d74-1b86fd130309|10.1.0.103:15067]|listeners:[], old=null, confs=<EMPTY_MAP>
2024-04-09 12:04:21,279 [47f2b6e5-7d1c-4a61-9d74-1b86fd130309-groupManagement] INFO  server.RaftServerConfigKeys (ConfUtils.java:logGet(46)) - raft.server.notification.no-leader.timeout = 300000ms (custom)
2024-04-09 12:04:21,279 [47f2b6e5-7d1c-4a61-9d74-1b86fd130309-groupManagement] INFO  server.RaftServerConfigKeys (ConfUtils.java:logGet(46)) - raft.server.read.timeout = 10s (default)
2024-04-09 12:04:21,279 [47f2b6e5-7d1c-4a61-9d74-1b86fd130309-groupManagement] INFO  server.RaftServerConfigKeys (ConfUtils.java:logGet(46)) - raft.server.retrycache.expirytime = 600000ms (custom)
2024-04-09 12:04:21,279 [47f2b6e5-7d1c-4a61-9d74-1b86fd130309-groupManagement] INFO  server.RaftServerConfigKeys (ConfUtils.java:logGet(46)) - raft.server.retrycache.statistics.expirytime = 100ms (default)
2024-04-09 12:04:21,279 [47f2b6e5-7d1c-4a61-9d74-1b86fd130309-groupManagement] INFO  server.RaftServerConfigKeys (ConfUtils.java:logGet(46)) - raft.server.read.option = DEFAULT (default)
2024-04-09 12:04:21,279 [47f2b6e5-7d1c-4a61-9d74-1b86fd130309-groupManagement] INFO  server.RaftServerConfigKeys (ConfUtils.java:logGet(46)) - raft.server.read.read-after-write-consistent.write-index-cache.expiry-time = 60s (default)
2024-04-09 12:04:21,282 [47f2b6e5-7d1c-4a61-9d74-1b86fd130309-groupManagement] INFO  server.RaftServerConfigKeys (ConfUtils.java:logGet(46)) - raft.server.rpc.request.timeout = 3000ms (default)
2024-04-09 12:04:21,282 [47f2b6e5-7d1c-4a61-9d74-1b86fd130309-groupManagement] INFO  server.RaftServerConfigKeys (ConfUtils.java:logGet(46)) - raft.server.log.appender.install.snapshot.enabled = false (custom)
2024-04-09 12:04:21,282 [47f2b6e5-7d1c-4a61-9d74-1b86fd130309-groupManagement] INFO  server.RaftServerConfigKeys (ConfUtils.java:logGet(46)) - raft.server.threadpool.server.cached = true (default)
2024-04-09 12:04:21,282 [47f2b6e5-7d1c-4a61-9d74-1b86fd130309-groupManagement] INFO  server.RaftServerConfigKeys (ConfUtils.java:logGet(46)) - raft.server.threadpool.server.size = 0 (default)
2024-04-09 12:04:21,282 [47f2b6e5-7d1c-4a61-9d74-1b86fd130309-groupManagement] INFO  server.RaftServerConfigKeys (ConfUtils.java:logGet(46)) - raft.server.threadpool.client.cached = true (default)
2024-04-09 12:04:21,282 [47f2b6e5-7d1c-4a61-9d74-1b86fd130309-groupManagement] INFO  server.RaftServerConfigKeys (ConfUtils.java:logGet(46)) - raft.server.threadpool.client.size = 0 (default)
2024-04-09 12:04:21,283 [47f2b6e5-7d1c-4a61-9d74-1b86fd130309-groupManagement] INFO  server.RaftServerConfigKeys (ConfUtils.java:logGet(46)) - raft.server.storage.free-space.min = 0MB (=0) (default)
2024-04-09 12:04:21,283 [47f2b6e5-7d1c-4a61-9d74-1b86fd130309-groupManagement] INFO  server.RaftServerConfigKeys (ConfUtils.java:logGet(46)) - raft.server.log.corruption.policy = EXCEPTION (default)
2024-04-09 12:04:21,283 [47f2b6e5-7d1c-4a61-9d74-1b86fd130309-groupManagement] INFO  server.RaftServerConfigKeys (ConfUtils.java:logGet(46)) - raft.server.storage.dir = [/home/runner/work/ozone/ozone/hadoop-ozone/integration-test/target/test-dir/MiniOzoneClusterImpl-00066f73-fe04-48fd-9c2f-afd3971143fc/ozone-meta/datanode-1/ratis] (custom)
2024-04-09 12:04:21,283 [47f2b6e5-7d1c-4a61-9d74-1b86fd130309-groupManagement] INFO  storage.RaftStorageDirectory (RaftStorageDirectoryImpl.java:analyzeStorage(138)) - The storage directory /home/runner/work/ozone/ozone/hadoop-ozone/integration-test/target/test-dir/MiniOzoneClusterImpl-00066f73-fe04-48fd-9c2f-afd3971143fc/ozone-meta/datanode-1/ratis/742ea967-bb26-43ee-9649-9b3b028754ac does not exist. Creating ...
2024-04-09 12:04:21,284 [47f2b6e5-7d1c-4a61-9d74-1b86fd130309-groupManagement] INFO  storage.RaftStorageDirectory (RaftStorageDirectoryImpl.java:tryLock(228)) - Lock on /home/runner/work/ozone/ozone/hadoop-ozone/integration-test/target/test-dir/MiniOzoneClusterImpl-00066f73-fe04-48fd-9c2f-afd3971143fc/ozone-meta/datanode-1/ratis/742ea967-bb26-43ee-9649-9b3b028754ac/in_use.lock acquired by nodename 114594@fv-az1531-426
2024-04-09 12:04:21,285 [47f2b6e5-7d1c-4a61-9d74-1b86fd130309-groupManagement] INFO  storage.RaftStorage (RaftStorageImpl.java:format(99)) - Storage directory /home/runner/work/ozone/ozone/hadoop-ozone/integration-test/target/test-dir/MiniOzoneClusterImpl-00066f73-fe04-48fd-9c2f-afd3971143fc/ozone-meta/datanode-1/ratis/742ea967-bb26-43ee-9649-9b3b028754ac has been successfully formatted.
2024-04-09 12:04:21,285 [47f2b6e5-7d1c-4a61-9d74-1b86fd130309-groupManagement] WARN  util.FileUtils (LogUtils.java:supplyAndLog(63)) - Failed to Files.newInputStream /home/runner/work/ozone/ozone/hadoop-ozone/integration-test/target/test-dir/MiniOzoneClusterImpl-00066f73-fe04-48fd-9c2f-afd3971143fc/ozone-meta/datanode-1/ratis/742ea967-bb26-43ee-9649-9b3b028754ac/current/raft-meta.conf with options []: java.nio.file.NoSuchFileException: /home/runner/work/ozone/ozone/hadoop-ozone/integration-test/target/test-dir/MiniOzoneClusterImpl-00066f73-fe04-48fd-9c2f-afd3971143fc/ozone-meta/datanode-1/ratis/742ea967-bb26-43ee-9649-9b3b028754ac/current/raft-meta.conf
2024-04-09 12:04:21,286 [47f2b6e5-7d1c-4a61-9d74-1b86fd130309-groupManagement] INFO  ratis.ContainerStateMachine (ContainerStateMachine.java:loadSnapshot(287)) - group-9B3B028754AC: The snapshot info is null. Setting the last applied index to:(t:0, i:~)
2024-04-09 12:04:21,286 [47f2b6e5-7d1c-4a61-9d74-1b86fd130309-groupManagement] INFO  server.RaftServerConfigKeys (ConfUtils.java:logGet(46)) - raft.server.log.use.memory = false (default)
2024-04-09 12:04:21,287 [47f2b6e5-7d1c-4a61-9d74-1b86fd130309-groupManagement] INFO  server.RaftServerConfigKeys (ConfUtils.java:logGet(46)) - raft.server.log.purge.gap = 1000000 (custom)
2024-04-09 12:04:21,287 [47f2b6e5-7d1c-4a61-9d74-1b86fd130309-groupManagement] INFO  server.RaftServerConfigKeys (ConfUtils.java:logGet(46)) - raft.server.log.appender.buffer.byte-limit = 8388608 (custom)
2024-04-09 12:04:21,287 [47f2b6e5-7d1c-4a61-9d74-1b86fd130309-groupManagement] INFO  server.RaftServerConfigKeys (ConfUtils.java:logGet(46)) - raft.server.log.statemachine.data.read.timeout = 1000ms (default)
2024-04-09 12:04:21,287 [47f2b6e5-7d1c-4a61-9d74-1b86fd130309-groupManagement] INFO  server.RaftServerConfigKeys (ConfUtils.java:logGet(46)) - raft.server.log.purge.preservation.log.num = 0 (default)
2024-04-09 12:04:21,288 [47f2b6e5-7d1c-4a61-9d74-1b86fd130309-groupManagement] INFO  server.RaftServerConfigKeys (ConfUtils.java:logGet(46)) - raft.server.log.segment.size.max = 67108864 (custom)
2024-04-09 12:04:21,289 [EventQueue-PipelineReportForPipelineReportHandler] INFO  pipeline.PipelineReportHandler (PipelineReportHandler.java:processPipelineReport(136)) - Opened pipeline PipelineID=742ea967-bb26-43ee-9649-9b3b028754ac
2024-04-09 12:04:21,290 [47f2b6e5-7d1c-4a61-9d74-1b86fd130309-groupManagement] INFO  server.RaftServerConfigKeys (ConfUtils.java:logGet(46)) - raft.server.log.segment.cache.num.max = 2 (custom)
2024-04-09 12:04:21,290 [47f2b6e5-7d1c-4a61-9d74-1b86fd130309-groupManagement] INFO  server.RaftServerConfigKeys (ConfUtils.java:logGet(46)) - raft.server.log.segment.cache.size.max = 200MB (=209715200) (default)
2024-04-09 12:04:21,290 [47f2b6e5-7d1c-4a61-9d74-1b86fd130309-groupManagement] INFO  server.RaftServerConfigKeys (ConfUtils.java:logGet(46)) - raft.server.log.appender.buffer.byte-limit = 8388608 (custom)
2024-04-09 12:04:21,290 [47f2b6e5-7d1c-4a61-9d74-1b86fd130309-groupManagement] INFO  util.AwaitToRun (AwaitToRun.java:start(81)) - Thread[47f2b6e5-7d1c-4a61-9d74-1b86fd130309@group-9B3B028754AC-cacheEviction-AwaitToRun,5,main] started
2024-04-09 12:04:21,290 [47f2b6e5-7d1c-4a61-9d74-1b86fd130309-groupManagement] INFO  segmented.SegmentedRaftLogWorker (SegmentedRaftLogWorker.java:<init>(182)) - new 47f2b6e5-7d1c-4a61-9d74-1b86fd130309@group-9B3B028754AC-SegmentedRaftLogWorker for RaftStorageImpl:Storage Directory /home/runner/work/ozone/ozone/hadoop-ozone/integration-test/target/test-dir/MiniOzoneClusterImpl-00066f73-fe04-48fd-9c2f-afd3971143fc/ozone-meta/datanode-1/ratis/742ea967-bb26-43ee-9649-9b3b028754ac
2024-04-09 12:04:21,290 [47f2b6e5-7d1c-4a61-9d74-1b86fd130309-groupManagement] INFO  server.RaftServerConfigKeys (ConfUtils.java:logGet(46)) - raft.server.log.queue.byte-limit = 4294967296 (custom)
2024-04-09 12:04:21,290 [47f2b6e5-7d1c-4a61-9d74-1b86fd130309-groupManagement] INFO  server.RaftServerConfigKeys (ConfUtils.java:logGet(46)) - raft.server.log.queue.element-limit = 1024 (custom)
2024-04-09 12:04:21,291 [47f2b6e5-7d1c-4a61-9d74-1b86fd130309-groupManagement] INFO  server.RaftServerConfigKeys (ConfUtils.java:logGet(46)) - raft.server.log.segment.size.max = 67108864 (custom)
2024-04-09 12:04:21,291 [47f2b6e5-7d1c-4a61-9d74-1b86fd130309-groupManagement] INFO  server.RaftServerConfigKeys (ConfUtils.java:logGet(46)) - raft.server.log.preallocated.size = 4194304 (custom)
2024-04-09 12:04:21,291 [47f2b6e5-7d1c-4a61-9d74-1b86fd130309-groupManagement] INFO  server.RaftServerConfigKeys (ConfUtils.java:logGet(46)) - raft.server.log.force.sync.num = 128 (default)
2024-04-09 12:04:21,291 [47f2b6e5-7d1c-4a61-9d74-1b86fd130309-groupManagement] INFO  server.RaftServerConfigKeys (ConfUtils.java:logGet(46)) - raft.server.log.statemachine.data.sync = true (default)
2024-04-09 12:04:21,291 [47f2b6e5-7d1c-4a61-9d74-1b86fd130309-groupManagement] INFO  server.RaftServerConfigKeys (ConfUtils.java:logGet(46)) - raft.server.log.statemachine.data.sync.timeout = 10s (default)
2024-04-09 12:04:21,291 [47f2b6e5-7d1c-4a61-9d74-1b86fd130309-groupManagement] INFO  server.RaftServerConfigKeys (ConfUtils.java:logGet(46)) - raft.server.log.statemachine.data.sync.timeout.retry = 0 (custom)
2024-04-09 12:04:21,291 [47f2b6e5-7d1c-4a61-9d74-1b86fd130309-groupManagement] INFO  server.RaftServerConfigKeys (ConfUtils.java:logGet(46)) - raft.server.log.write.buffer.size = 8388616 (custom)
2024-04-09 12:04:21,293 [EventQueue-OpenPipelineForHealthyPipelineSafeModeRule] INFO  safemode.SCMSafeModeManager (HealthyPipelineSafeModeRule.java:process(140)) - SCM in safe mode. Healthy pipelines reported count is 0, required healthy pipeline reported count is 1
2024-04-09 12:04:21,293 [47f2b6e5-7d1c-4a61-9d74-1b86fd130309-groupManagement] INFO  server.RaftServerConfigKeys (ConfUtils.java:logGet(46)) - raft.server.log.appender.buffer.byte-limit = 8388608 (custom)
2024-04-09 12:04:21,294 [47f2b6e5-7d1c-4a61-9d74-1b86fd130309-groupManagement] INFO  server.RaftServerConfigKeys (ConfUtils.java:logGet(46)) - raft.server.log.unsafe-flush.enabled = false (default)
2024-04-09 12:04:21,294 [47f2b6e5-7d1c-4a61-9d74-1b86fd130309-groupManagement] INFO  server.RaftServerConfigKeys (ConfUtils.java:logGet(46)) - raft.server.log.async-flush.enabled = false (default)
2024-04-09 12:04:21,294 [47f2b6e5-7d1c-4a61-9d74-1b86fd130309-groupManagement] INFO  server.RaftServerConfigKeys (ConfUtils.java:logGet(46)) - raft.server.log.statemachine.data.caching.enabled = true (custom)
2024-04-09 12:04:21,294 [47f2b6e5-7d1c-4a61-9d74-1b86fd130309-groupManagement] INFO  segmented.SegmentedRaftLogWorker (SegmentedRaftLogWorker.java:lambda$new$0(134)) - 47f2b6e5-7d1c-4a61-9d74-1b86fd130309@group-9B3B028754AC-SegmentedRaftLogWorker: flushIndex: setUnconditionally 0 -> -1
2024-04-09 12:04:21,294 [47f2b6e5-7d1c-4a61-9d74-1b86fd130309-groupManagement] INFO  segmented.SegmentedRaftLogWorker (SegmentedRaftLogWorker.java:lambda$new$0(134)) - 47f2b6e5-7d1c-4a61-9d74-1b86fd130309@group-9B3B028754AC-SegmentedRaftLogWorker: safeCacheEvictIndex: setUnconditionally 0 -> -1
2024-04-09 12:04:21,294 [47f2b6e5-7d1c-4a61-9d74-1b86fd130309-groupManagement] INFO  server.RaftServer$Division (RaftServerImpl.java:start(396)) - 47f2b6e5-7d1c-4a61-9d74-1b86fd130309@group-9B3B028754AC: start as a follower, conf=-1: peers:[47f2b6e5-7d1c-4a61-9d74-1b86fd130309|10.1.0.103:15067]|listeners:[], old=null
2024-04-09 12:04:21,294 [47f2b6e5-7d1c-4a61-9d74-1b86fd130309-groupManagement] INFO  server.RaftServer$Division (RaftServerImpl.java:setRole(383)) - 47f2b6e5-7d1c-4a61-9d74-1b86fd130309@group-9B3B028754AC: changes role from      null to FOLLOWER at term 0 for startAsFollower
2024-04-09 12:04:21,294 [47f2b6e5-7d1c-4a61-9d74-1b86fd130309-groupManagement] INFO  impl.RoleInfo (RoleInfo.java:updateAndGet(139)) - 47f2b6e5-7d1c-4a61-9d74-1b86fd130309: start 47f2b6e5-7d1c-4a61-9d74-1b86fd130309@group-9B3B028754AC-FollowerState
2024-04-09 12:04:21,295 [47f2b6e5-7d1c-4a61-9d74-1b86fd130309-groupManagement] INFO  util.JmxRegister (JmxRegister.java:tryRegister(44)) - Successfully registered JMX Bean with object name Ratis:service=RaftServer,group=group-9B3B028754AC,id=47f2b6e5-7d1c-4a61-9d74-1b86fd130309
2024-04-09 12:04:21,296 [47f2b6e5-7d1c-4a61-9d74-1b86fd130309-groupManagement] INFO  server.RaftServerConfigKeys (ConfUtils.java:logGet(46)) - raft.server.snapshot.trigger-when-stop.enabled = true (default)
2024-04-09 12:04:21,296 [47f2b6e5-7d1c-4a61-9d74-1b86fd130309-groupManagement] INFO  server.RaftServerConfigKeys (ConfUtils.java:logGet(46)) - raft.server.snapshot.auto.trigger.enabled = true (custom)
2024-04-09 12:04:21,296 [47f2b6e5-7d1c-4a61-9d74-1b86fd130309-groupManagement] INFO  server.RaftServerConfigKeys (ConfUtils.java:logGet(46)) - raft.server.snapshot.auto.trigger.threshold = 10000 (custom)
2024-04-09 12:04:21,296 [47f2b6e5-7d1c-4a61-9d74-1b86fd130309-groupManagement] INFO  server.RaftServerConfigKeys (ConfUtils.java:logGet(46)) - raft.server.snapshot.retention.file.num = 5 (custom)
2024-04-09 12:04:21,296 [47f2b6e5-7d1c-4a61-9d74-1b86fd130309-groupManagement] INFO  server.RaftServerConfigKeys (ConfUtils.java:logGet(46)) - raft.server.log.purge.upto.snapshot.index = false (default)
2024-04-09 12:04:21,295 [47f2b6e5-7d1c-4a61-9d74-1b86fd130309@group-9B3B028754AC-FollowerState] INFO  server.RaftServerConfigKeys (ConfUtils.java:logFallback(53)) - raft.server.rpc.first-election.timeout.min = 5s (fallback to raft.server.rpc.timeout.min)
2024-04-09 12:04:21,296 [47f2b6e5-7d1c-4a61-9d74-1b86fd130309@group-9B3B028754AC-FollowerState] INFO  server.RaftServerConfigKeys (ConfUtils.java:logFallback(53)) - raft.server.rpc.first-election.timeout.max = 5200ms (fallback to raft.server.rpc.timeout.max)
2024-04-09 12:04:21,297 [47f2b6e5-7d1c-4a61-9d74-1b86fd130309-PipelineCommandHandlerThread-0] INFO  ratis.XceiverServerRatis (XceiverServerRatis.java:addGroup(864)) - Created group PipelineID=742ea967-bb26-43ee-9649-9b3b028754ac
2024-04-09 12:04:21,297 [47f2b6e5-7d1c-4a61-9d74-1b86fd130309-PipelineCommandHandlerThread-0] INFO  commandhandler.CreatePipelineCommandHandler (CreatePipelineCommandHandler.java:lambda$handle$2(124)) - Created Pipeline RATIS ONE PipelineID=742ea967-bb26-43ee-9649-9b3b028754ac.
2024-04-09 12:04:21,297 [47f2b6e5-7d1c-4a61-9d74-1b86fd130309-PipelineCommandHandlerThread-0] INFO  server.RaftServer (RaftServerProxy.java:addNew(100)) - 47f2b6e5-7d1c-4a61-9d74-1b86fd130309: addNew group-DB1D75A9E2DC:[47f2b6e5-7d1c-4a61-9d74-1b86fd130309|10.1.0.103:15067, 06c35c3a-0415-431d-ae8b-027bb2658858|10.1.0.103:15076, c0a63e6c-c246-4c4b-b9bd-48fbdf84331c|10.1.0.103:15085] returns group-DB1D75A9E2DC:java.util.concurrent.CompletableFuture@206a2c3a[Not completed]
2024-04-09 12:04:21,298 [47f2b6e5-7d1c-4a61-9d74-1b86fd130309-groupManagement] INFO  server.RaftServer$Division (RaftServerImpl.java:<init>(256)) - 47f2b6e5-7d1c-4a61-9d74-1b86fd130309: new RaftServerImpl for group-DB1D75A9E2DC:[47f2b6e5-7d1c-4a61-9d74-1b86fd130309|10.1.0.103:15067, 06c35c3a-0415-431d-ae8b-027bb2658858|10.1.0.103:15076, c0a63e6c-c246-4c4b-b9bd-48fbdf84331c|10.1.0.103:15085] with ContainerStateMachine:uninitialized
2024-04-09 12:04:21,298 [47f2b6e5-7d1c-4a61-9d74-1b86fd130309-groupManagement] INFO  server.RaftServerConfigKeys (ConfUtils.java:logGet(46)) - raft.server.rpc.timeout.min = 5s (custom)
2024-04-09 12:04:21,298 [47f2b6e5-7d1c-4a61-9d74-1b86fd130309-groupManagement] INFO  server.RaftServerConfigKeys (ConfUtils.java:logGet(46)) - raft.server.rpc.timeout.max = 5200ms (custom)
2024-04-09 12:04:21,298 [47f2b6e5-7d1c-4a61-9d74-1b86fd130309-groupManagement] INFO  server.RaftServerConfigKeys (ConfUtils.java:logGet(46)) - raft.server.rpc.sleep.time = 25ms (default)
2024-04-09 12:04:21,298 [47f2b6e5-7d1c-4a61-9d74-1b86fd130309-groupManagement] INFO  server.RaftServerConfigKeys (ConfUtils.java:logGet(46)) - raft.server.rpc.slowness.timeout = 300000ms (custom)
2024-04-09 12:04:21,298 [47f2b6e5-7d1c-4a61-9d74-1b86fd130309-groupManagement] INFO  server.RaftServerConfigKeys (ConfUtils.java:logGet(46)) - raft.server.leaderelection.leader.step-down.wait-time = 10s (default)
2024-04-09 12:04:21,298 [47f2b6e5-7d1c-4a61-9d74-1b86fd130309-groupManagement] INFO  server.RaftServerConfigKeys (ConfUtils.java:logGet(46)) - raft.server.leaderelection.member.majority-add = false (default)
2024-04-09 12:04:21,298 [47f2b6e5-7d1c-4a61-9d74-1b86fd130309-groupManagement] INFO  server.RaftServerConfigKeys (ConfUtils.java:logGet(46)) - raft.server.sleep.deviation.threshold = 300ms (default)
2024-04-09 12:04:21,299 [47f2b6e5-7d1c-4a61-9d74-1b86fd130309-groupManagement] INFO  server.RaftServer$Division (ServerState.java:<init>(113)) - 47f2b6e5-7d1c-4a61-9d74-1b86fd130309@group-DB1D75A9E2DC: ConfigurationManager, init=-1: peers:[47f2b6e5-7d1c-4a61-9d74-1b86fd130309|10.1.0.103:15067, 06c35c3a-0415-431d-ae8b-027bb2658858|10.1.0.103:15076, c0a63e6c-c246-4c4b-b9bd-48fbdf84331c|10.1.0.103:15085]|listeners:[], old=null, confs=<EMPTY_MAP>
2024-04-09 12:04:21,299 [47f2b6e5-7d1c-4a61-9d74-1b86fd130309-groupManagement] INFO  server.RaftServerConfigKeys (ConfUtils.java:logGet(46)) - raft.server.notification.no-leader.timeout = 300000ms (custom)
2024-04-09 12:04:21,299 [47f2b6e5-7d1c-4a61-9d74-1b86fd130309-groupManagement] INFO  server.RaftServerConfigKeys (ConfUtils.java:logGet(46)) - raft.server.read.timeout = 10s (default)
2024-04-09 12:04:21,299 [47f2b6e5-7d1c-4a61-9d74-1b86fd130309-groupManagement] INFO  server.RaftServerConfigKeys (ConfUtils.java:logGet(46)) - raft.server.retrycache.expirytime = 600000ms (custom)
2024-04-09 12:04:21,299 [47f2b6e5-7d1c-4a61-9d74-1b86fd130309-groupManagement] INFO  server.RaftServerConfigKeys (ConfUtils.java:logGet(46)) - raft.server.retrycache.statistics.expirytime = 100ms (default)
2024-04-09 12:04:21,299 [47f2b6e5-7d1c-4a61-9d74-1b86fd130309-groupManagement] INFO  server.RaftServerConfigKeys (ConfUtils.java:logGet(46)) - raft.server.read.option = DEFAULT (default)
2024-04-09 12:04:21,299 [47f2b6e5-7d1c-4a61-9d74-1b86fd130309-groupManagement] INFO  server.RaftServerConfigKeys (ConfUtils.java:logGet(46)) - raft.server.read.read-after-write-consistent.write-index-cache.expiry-time = 60s (default)
2024-04-09 12:04:21,301 [47f2b6e5-7d1c-4a61-9d74-1b86fd130309-groupManagement] INFO  server.RaftServerConfigKeys (ConfUtils.java:logGet(46)) - raft.server.rpc.request.timeout = 3000ms (default)
2024-04-09 12:04:21,301 [47f2b6e5-7d1c-4a61-9d74-1b86fd130309-groupManagement] INFO  server.RaftServerConfigKeys (ConfUtils.java:logGet(46)) - raft.server.log.appender.install.snapshot.enabled = false (custom)
2024-04-09 12:04:21,301 [47f2b6e5-7d1c-4a61-9d74-1b86fd130309-groupManagement] INFO  server.RaftServerConfigKeys (ConfUtils.java:logGet(46)) - raft.server.threadpool.server.cached = true (default)
2024-04-09 12:04:21,302 [47f2b6e5-7d1c-4a61-9d74-1b86fd130309-groupManagement] INFO  server.RaftServerConfigKeys (ConfUtils.java:logGet(46)) - raft.server.threadpool.server.size = 0 (default)
2024-04-09 12:04:21,302 [47f2b6e5-7d1c-4a61-9d74-1b86fd130309-groupManagement] INFO  server.RaftServerConfigKeys (ConfUtils.java:logGet(46)) - raft.server.threadpool.client.cached = true (default)
2024-04-09 12:04:21,302 [47f2b6e5-7d1c-4a61-9d74-1b86fd130309-groupManagement] INFO  server.RaftServerConfigKeys (ConfUtils.java:logGet(46)) - raft.server.threadpool.client.size = 0 (default)
2024-04-09 12:04:21,302 [47f2b6e5-7d1c-4a61-9d74-1b86fd130309-groupManagement] INFO  server.RaftServerConfigKeys (ConfUtils.java:logGet(46)) - raft.server.storage.free-space.min = 0MB (=0) (default)
2024-04-09 12:04:21,302 [47f2b6e5-7d1c-4a61-9d74-1b86fd130309-groupManagement] INFO  server.RaftServerConfigKeys (ConfUtils.java:logGet(46)) - raft.server.log.corruption.policy = EXCEPTION (default)
2024-04-09 12:04:21,302 [47f2b6e5-7d1c-4a61-9d74-1b86fd130309-groupManagement] INFO  server.RaftServerConfigKeys (ConfUtils.java:logGet(46)) - raft.server.storage.dir = [/home/runner/work/ozone/ozone/hadoop-ozone/integration-test/target/test-dir/MiniOzoneClusterImpl-00066f73-fe04-48fd-9c2f-afd3971143fc/ozone-meta/datanode-1/ratis] (custom)
2024-04-09 12:04:21,302 [47f2b6e5-7d1c-4a61-9d74-1b86fd130309-groupManagement] INFO  storage.RaftStorageDirectory (RaftStorageDirectoryImpl.java:analyzeStorage(138)) - The storage directory /home/runner/work/ozone/ozone/hadoop-ozone/integration-test/target/test-dir/MiniOzoneClusterImpl-00066f73-fe04-48fd-9c2f-afd3971143fc/ozone-meta/datanode-1/ratis/8a023e63-f161-45d8-9a3c-db1d75a9e2dc does not exist. Creating ...
2024-04-09 12:04:21,303 [47f2b6e5-7d1c-4a61-9d74-1b86fd130309-groupManagement] INFO  storage.RaftStorageDirectory (RaftStorageDirectoryImpl.java:tryLock(228)) - Lock on /home/runner/work/ozone/ozone/hadoop-ozone/integration-test/target/test-dir/MiniOzoneClusterImpl-00066f73-fe04-48fd-9c2f-afd3971143fc/ozone-meta/datanode-1/ratis/8a023e63-f161-45d8-9a3c-db1d75a9e2dc/in_use.lock acquired by nodename 114594@fv-az1531-426
2024-04-09 12:04:21,304 [47f2b6e5-7d1c-4a61-9d74-1b86fd130309-groupManagement] INFO  storage.RaftStorage (RaftStorageImpl.java:format(99)) - Storage directory /home/runner/work/ozone/ozone/hadoop-ozone/integration-test/target/test-dir/MiniOzoneClusterImpl-00066f73-fe04-48fd-9c2f-afd3971143fc/ozone-meta/datanode-1/ratis/8a023e63-f161-45d8-9a3c-db1d75a9e2dc has been successfully formatted.
2024-04-09 12:04:21,304 [47f2b6e5-7d1c-4a61-9d74-1b86fd130309-groupManagement] WARN  util.FileUtils (LogUtils.java:supplyAndLog(63)) - Failed to Files.newInputStream /home/runner/work/ozone/ozone/hadoop-ozone/integration-test/target/test-dir/MiniOzoneClusterImpl-00066f73-fe04-48fd-9c2f-afd3971143fc/ozone-meta/datanode-1/ratis/8a023e63-f161-45d8-9a3c-db1d75a9e2dc/current/raft-meta.conf with options []: java.nio.file.NoSuchFileException: /home/runner/work/ozone/ozone/hadoop-ozone/integration-test/target/test-dir/MiniOzoneClusterImpl-00066f73-fe04-48fd-9c2f-afd3971143fc/ozone-meta/datanode-1/ratis/8a023e63-f161-45d8-9a3c-db1d75a9e2dc/current/raft-meta.conf
2024-04-09 12:04:21,305 [47f2b6e5-7d1c-4a61-9d74-1b86fd130309-groupManagement] INFO  ratis.ContainerStateMachine (ContainerStateMachine.java:loadSnapshot(287)) - group-DB1D75A9E2DC: The snapshot info is null. Setting the last applied index to:(t:0, i:~)
2024-04-09 12:04:21,305 [47f2b6e5-7d1c-4a61-9d74-1b86fd130309-groupManagement] INFO  server.RaftServerConfigKeys (ConfUtils.java:logGet(46)) - raft.server.log.use.memory = false (default)
2024-04-09 12:04:21,305 [47f2b6e5-7d1c-4a61-9d74-1b86fd130309-groupManagement] INFO  server.RaftServerConfigKeys (ConfUtils.java:logGet(46)) - raft.server.log.purge.gap = 1000000 (custom)
2024-04-09 12:04:21,306 [47f2b6e5-7d1c-4a61-9d74-1b86fd130309-groupManagement] INFO  server.RaftServerConfigKeys (ConfUtils.java:logGet(46)) - raft.server.log.appender.buffer.byte-limit = 8388608 (custom)
2024-04-09 12:04:21,306 [47f2b6e5-7d1c-4a61-9d74-1b86fd130309-groupManagement] INFO  server.RaftServerConfigKeys (ConfUtils.java:logGet(46)) - raft.server.log.statemachine.data.read.timeout = 1000ms (default)
2024-04-09 12:04:21,306 [47f2b6e5-7d1c-4a61-9d74-1b86fd130309-groupManagement] INFO  server.RaftServerConfigKeys (ConfUtils.java:logGet(46)) - raft.server.log.purge.preservation.log.num = 0 (default)
2024-04-09 12:04:21,306 [EventQueue-OpenPipelineForHealthyPipelineSafeModeRule] INFO  safemode.SCMSafeModeManager (HealthyPipelineSafeModeRule.java:process(140)) - SCM in safe mode. Healthy pipelines reported count is 0, required healthy pipeline reported count is 1
2024-04-09 12:04:21,307 [47f2b6e5-7d1c-4a61-9d74-1b86fd130309-groupManagement] INFO  server.RaftServerConfigKeys (ConfUtils.java:logGet(46)) - raft.server.log.segment.size.max = 67108864 (custom)
2024-04-09 12:04:21,308 [47f2b6e5-7d1c-4a61-9d74-1b86fd130309-groupManagement] INFO  server.RaftServerConfigKeys (ConfUtils.java:logGet(46)) - raft.server.log.segment.cache.num.max = 2 (custom)
2024-04-09 12:04:21,308 [47f2b6e5-7d1c-4a61-9d74-1b86fd130309-groupManagement] INFO  server.RaftServerConfigKeys (ConfUtils.java:logGet(46)) - raft.server.log.segment.cache.size.max = 200MB (=209715200) (default)
2024-04-09 12:04:21,308 [47f2b6e5-7d1c-4a61-9d74-1b86fd130309-groupManagement] INFO  server.RaftServerConfigKeys (ConfUtils.java:logGet(46)) - raft.server.log.appender.buffer.byte-limit = 8388608 (custom)
2024-04-09 12:04:21,311 [47f2b6e5-7d1c-4a61-9d74-1b86fd130309-groupManagement] INFO  util.AwaitToRun (AwaitToRun.java:start(81)) - Thread[47f2b6e5-7d1c-4a61-9d74-1b86fd130309@group-DB1D75A9E2DC-cacheEviction-AwaitToRun,5,main] started
2024-04-09 12:04:21,312 [47f2b6e5-7d1c-4a61-9d74-1b86fd130309-groupManagement] INFO  segmented.SegmentedRaftLogWorker (SegmentedRaftLogWorker.java:<init>(182)) - new 47f2b6e5-7d1c-4a61-9d74-1b86fd130309@group-DB1D75A9E2DC-SegmentedRaftLogWorker for RaftStorageImpl:Storage Directory /home/runner/work/ozone/ozone/hadoop-ozone/integration-test/target/test-dir/MiniOzoneClusterImpl-00066f73-fe04-48fd-9c2f-afd3971143fc/ozone-meta/datanode-1/ratis/8a023e63-f161-45d8-9a3c-db1d75a9e2dc
2024-04-09 12:04:21,312 [47f2b6e5-7d1c-4a61-9d74-1b86fd130309-groupManagement] INFO  server.RaftServerConfigKeys (ConfUtils.java:logGet(46)) - raft.server.log.queue.byte-limit = 4294967296 (custom)
2024-04-09 12:04:21,312 [47f2b6e5-7d1c-4a61-9d74-1b86fd130309-groupManagement] INFO  server.RaftServerConfigKeys (ConfUtils.java:logGet(46)) - raft.server.log.queue.element-limit = 1024 (custom)
2024-04-09 12:04:21,312 [47f2b6e5-7d1c-4a61-9d74-1b86fd130309-groupManagement] INFO  server.RaftServerConfigKeys (ConfUtils.java:logGet(46)) - raft.server.log.segment.size.max = 67108864 (custom)
2024-04-09 12:04:21,312 [47f2b6e5-7d1c-4a61-9d74-1b86fd130309-groupManagement] INFO  server.RaftServerConfigKeys (ConfUtils.java:logGet(46)) - raft.server.log.preallocated.size = 4194304 (custom)
2024-04-09 12:04:21,312 [47f2b6e5-7d1c-4a61-9d74-1b86fd130309-groupManagement] INFO  server.RaftServerConfigKeys (ConfUtils.java:logGet(46)) - raft.server.log.force.sync.num = 128 (default)
2024-04-09 12:04:21,312 [47f2b6e5-7d1c-4a61-9d74-1b86fd130309-groupManagement] INFO  server.RaftServerConfigKeys (ConfUtils.java:logGet(46)) - raft.server.log.statemachine.data.sync = true (default)
2024-04-09 12:04:21,312 [47f2b6e5-7d1c-4a61-9d74-1b86fd130309-groupManagement] INFO  server.RaftServerConfigKeys (ConfUtils.java:logGet(46)) - raft.server.log.statemachine.data.sync.timeout = 10s (default)
2024-04-09 12:04:21,312 [47f2b6e5-7d1c-4a61-9d74-1b86fd130309-groupManagement] INFO  server.RaftServerConfigKeys (ConfUtils.java:logGet(46)) - raft.server.log.statemachine.data.sync.timeout.retry = 0 (custom)
2024-04-09 12:04:21,313 [47f2b6e5-7d1c-4a61-9d74-1b86fd130309-groupManagement] INFO  server.RaftServerConfigKeys (ConfUtils.java:logGet(46)) - raft.server.log.write.buffer.size = 8388616 (custom)
2024-04-09 12:04:21,314 [47f2b6e5-7d1c-4a61-9d74-1b86fd130309-groupManagement] INFO  server.RaftServerConfigKeys (ConfUtils.java:logGet(46)) - raft.server.log.appender.buffer.byte-limit = 8388608 (custom)
2024-04-09 12:04:21,314 [47f2b6e5-7d1c-4a61-9d74-1b86fd130309-groupManagement] INFO  server.RaftServerConfigKeys (ConfUtils.java:logGet(46)) - raft.server.log.unsafe-flush.enabled = false (default)
2024-04-09 12:04:21,314 [47f2b6e5-7d1c-4a61-9d74-1b86fd130309-groupManagement] INFO  server.RaftServerConfigKeys (ConfUtils.java:logGet(46)) - raft.server.log.async-flush.enabled = false (default)
2024-04-09 12:04:21,314 [47f2b6e5-7d1c-4a61-9d74-1b86fd130309-groupManagement] INFO  server.RaftServerConfigKeys (ConfUtils.java:logGet(46)) - raft.server.log.statemachine.data.caching.enabled = true (custom)
2024-04-09 12:04:21,315 [47f2b6e5-7d1c-4a61-9d74-1b86fd130309-groupManagement] INFO  segmented.SegmentedRaftLogWorker (SegmentedRaftLogWorker.java:lambda$new$0(134)) - 47f2b6e5-7d1c-4a61-9d74-1b86fd130309@group-DB1D75A9E2DC-SegmentedRaftLogWorker: flushIndex: setUnconditionally 0 -> -1
2024-04-09 12:04:21,315 [47f2b6e5-7d1c-4a61-9d74-1b86fd130309-groupManagement] INFO  segmented.SegmentedRaftLogWorker (SegmentedRaftLogWorker.java:lambda$new$0(134)) - 47f2b6e5-7d1c-4a61-9d74-1b86fd130309@group-DB1D75A9E2DC-SegmentedRaftLogWorker: safeCacheEvictIndex: setUnconditionally 0 -> -1
2024-04-09 12:04:21,315 [47f2b6e5-7d1c-4a61-9d74-1b86fd130309-groupManagement] INFO  server.RaftServer$Division (RaftServerImpl.java:start(396)) - 47f2b6e5-7d1c-4a61-9d74-1b86fd130309@group-DB1D75A9E2DC: start as a follower, conf=-1: peers:[47f2b6e5-7d1c-4a61-9d74-1b86fd130309|10.1.0.103:15067, 06c35c3a-0415-431d-ae8b-027bb2658858|10.1.0.103:15076, c0a63e6c-c246-4c4b-b9bd-48fbdf84331c|10.1.0.103:15085]|listeners:[], old=null
2024-04-09 12:04:21,316 [47f2b6e5-7d1c-4a61-9d74-1b86fd130309-groupManagement] INFO  server.RaftServer$Division (RaftServerImpl.java:setRole(383)) - 47f2b6e5-7d1c-4a61-9d74-1b86fd130309@group-DB1D75A9E2DC: changes role from      null to FOLLOWER at term 0 for startAsFollower
2024-04-09 12:04:21,316 [47f2b6e5-7d1c-4a61-9d74-1b86fd130309-groupManagement] INFO  impl.RoleInfo (RoleInfo.java:updateAndGet(139)) - 47f2b6e5-7d1c-4a61-9d74-1b86fd130309: start 47f2b6e5-7d1c-4a61-9d74-1b86fd130309@group-DB1D75A9E2DC-FollowerState
2024-04-09 12:04:21,316 [47f2b6e5-7d1c-4a61-9d74-1b86fd130309@group-DB1D75A9E2DC-FollowerState] INFO  server.RaftServerConfigKeys (ConfUtils.java:logFallback(53)) - raft.server.rpc.first-election.timeout.min = 5s (fallback to raft.server.rpc.timeout.min)
2024-04-09 12:04:21,316 [47f2b6e5-7d1c-4a61-9d74-1b86fd130309@group-DB1D75A9E2DC-FollowerState] INFO  server.RaftServerConfigKeys (ConfUtils.java:logFallback(53)) - raft.server.rpc.first-election.timeout.max = 5200ms (fallback to raft.server.rpc.timeout.max)
2024-04-09 12:04:21,317 [47f2b6e5-7d1c-4a61-9d74-1b86fd130309-groupManagement] INFO  util.JmxRegister (JmxRegister.java:tryRegister(44)) - Successfully registered JMX Bean with object name Ratis:service=RaftServer,group=group-DB1D75A9E2DC,id=47f2b6e5-7d1c-4a61-9d74-1b86fd130309
2024-04-09 12:04:21,317 [47f2b6e5-7d1c-4a61-9d74-1b86fd130309-groupManagement] INFO  server.RaftServerConfigKeys (ConfUtils.java:logGet(46)) - raft.server.snapshot.trigger-when-stop.enabled = true (default)
2024-04-09 12:04:21,317 [47f2b6e5-7d1c-4a61-9d74-1b86fd130309-groupManagement] INFO  server.RaftServerConfigKeys (ConfUtils.java:logGet(46)) - raft.server.snapshot.auto.trigger.enabled = true (custom)
2024-04-09 12:04:21,317 [47f2b6e5-7d1c-4a61-9d74-1b86fd130309-groupManagement] INFO  server.RaftServerConfigKeys (ConfUtils.java:logGet(46)) - raft.server.snapshot.auto.trigger.threshold = 10000 (custom)
2024-04-09 12:04:21,317 [47f2b6e5-7d1c-4a61-9d74-1b86fd130309-groupManagement] INFO  server.RaftServerConfigKeys (ConfUtils.java:logGet(46)) - raft.server.snapshot.retention.file.num = 5 (custom)
2024-04-09 12:04:21,317 [47f2b6e5-7d1c-4a61-9d74-1b86fd130309-groupManagement] INFO  server.RaftServerConfigKeys (ConfUtils.java:logGet(46)) - raft.server.log.purge.upto.snapshot.index = false (default)
2024-04-09 12:04:21,318 [47f2b6e5-7d1c-4a61-9d74-1b86fd130309-PipelineCommandHandlerThread-0] INFO  ratis.XceiverServerRatis (XceiverServerRatis.java:addGroup(864)) - Created group PipelineID=8a023e63-f161-45d8-9a3c-db1d75a9e2dc
2024-04-09 12:04:21,335 [grpc-default-executor-0] INFO  server.RaftServer (RaftServerProxy.java:addNew(100)) - c0a63e6c-c246-4c4b-b9bd-48fbdf84331c: addNew group-DB1D75A9E2DC:[47f2b6e5-7d1c-4a61-9d74-1b86fd130309|10.1.0.103:15067, 06c35c3a-0415-431d-ae8b-027bb2658858|10.1.0.103:15076, c0a63e6c-c246-4c4b-b9bd-48fbdf84331c|10.1.0.103:15085] returns group-DB1D75A9E2DC:java.util.concurrent.CompletableFuture@7baa8f4b[Not completed]
2024-04-09 12:04:21,336 [c0a63e6c-c246-4c4b-b9bd-48fbdf84331c-groupManagement] INFO  server.RaftServer$Division (RaftServerImpl.java:<init>(256)) - c0a63e6c-c246-4c4b-b9bd-48fbdf84331c: new RaftServerImpl for group-DB1D75A9E2DC:[47f2b6e5-7d1c-4a61-9d74-1b86fd130309|10.1.0.103:15067, 06c35c3a-0415-431d-ae8b-027bb2658858|10.1.0.103:15076, c0a63e6c-c246-4c4b-b9bd-48fbdf84331c|10.1.0.103:15085] with ContainerStateMachine:uninitialized
2024-04-09 12:04:21,336 [c0a63e6c-c246-4c4b-b9bd-48fbdf84331c-groupManagement] INFO  server.RaftServerConfigKeys (ConfUtils.java:logGet(46)) - raft.server.rpc.timeout.min = 5s (custom)
2024-04-09 12:04:21,336 [c0a63e6c-c246-4c4b-b9bd-48fbdf84331c-groupManagement] INFO  server.RaftServerConfigKeys (ConfUtils.java:logGet(46)) - raft.server.rpc.timeout.max = 5200ms (custom)
2024-04-09 12:04:21,336 [c0a63e6c-c246-4c4b-b9bd-48fbdf84331c-groupManagement] INFO  server.RaftServerConfigKeys (ConfUtils.java:logGet(46)) - raft.server.rpc.sleep.time = 25ms (default)
2024-04-09 12:04:21,336 [c0a63e6c-c246-4c4b-b9bd-48fbdf84331c-groupManagement] INFO  server.RaftServerConfigKeys (ConfUtils.java:logGet(46)) - raft.server.rpc.slowness.timeout = 300000ms (custom)
2024-04-09 12:04:21,336 [c0a63e6c-c246-4c4b-b9bd-48fbdf84331c-groupManagement] INFO  server.RaftServerConfigKeys (ConfUtils.java:logGet(46)) - raft.server.leaderelection.leader.step-down.wait-time = 10s (default)
2024-04-09 12:04:21,336 [c0a63e6c-c246-4c4b-b9bd-48fbdf84331c-groupManagement] INFO  server.RaftServerConfigKeys (ConfUtils.java:logGet(46)) - raft.server.leaderelection.member.majority-add = false (default)
2024-04-09 12:04:21,337 [c0a63e6c-c246-4c4b-b9bd-48fbdf84331c-groupManagement] INFO  server.RaftServerConfigKeys (ConfUtils.java:logGet(46)) - raft.server.sleep.deviation.threshold = 300ms (default)
2024-04-09 12:04:21,337 [c0a63e6c-c246-4c4b-b9bd-48fbdf84331c-groupManagement] INFO  server.RaftServer$Division (ServerState.java:<init>(113)) - c0a63e6c-c246-4c4b-b9bd-48fbdf84331c@group-DB1D75A9E2DC: ConfigurationManager, init=-1: peers:[47f2b6e5-7d1c-4a61-9d74-1b86fd130309|10.1.0.103:15067, 06c35c3a-0415-431d-ae8b-027bb2658858|10.1.0.103:15076, c0a63e6c-c246-4c4b-b9bd-48fbdf84331c|10.1.0.103:15085]|listeners:[], old=null, confs=<EMPTY_MAP>
2024-04-09 12:04:21,337 [c0a63e6c-c246-4c4b-b9bd-48fbdf84331c-groupManagement] INFO  server.RaftServerConfigKeys (ConfUtils.java:logGet(46)) - raft.server.notification.no-leader.timeout = 300000ms (custom)
2024-04-09 12:04:21,337 [c0a63e6c-c246-4c4b-b9bd-48fbdf84331c-groupManagement] INFO  server.RaftServerConfigKeys (ConfUtils.java:logGet(46)) - raft.server.read.timeout = 10s (default)
2024-04-09 12:04:21,337 [c0a63e6c-c246-4c4b-b9bd-48fbdf84331c-groupManagement] INFO  server.RaftServerConfigKeys (ConfUtils.java:logGet(46)) - raft.server.retrycache.expirytime = 600000ms (custom)
2024-04-09 12:04:21,337 [c0a63e6c-c246-4c4b-b9bd-48fbdf84331c-groupManagement] INFO  server.RaftServerConfigKeys (ConfUtils.java:logGet(46)) - raft.server.retrycache.statistics.expirytime = 100ms (default)
2024-04-09 12:04:21,337 [c0a63e6c-c246-4c4b-b9bd-48fbdf84331c-groupManagement] INFO  server.RaftServerConfigKeys (ConfUtils.java:logGet(46)) - raft.server.read.option = DEFAULT (default)
2024-04-09 12:04:21,337 [c0a63e6c-c246-4c4b-b9bd-48fbdf84331c-groupManagement] INFO  server.RaftServerConfigKeys (ConfUtils.java:logGet(46)) - raft.server.read.read-after-write-consistent.write-index-cache.expiry-time = 60s (default)
2024-04-09 12:04:21,340 [c0a63e6c-c246-4c4b-b9bd-48fbdf84331c-groupManagement] INFO  server.RaftServerConfigKeys (ConfUtils.java:logGet(46)) - raft.server.rpc.request.timeout = 3000ms (default)
2024-04-09 12:04:21,340 [c0a63e6c-c246-4c4b-b9bd-48fbdf84331c-groupManagement] INFO  server.RaftServerConfigKeys (ConfUtils.java:logGet(46)) - raft.server.log.appender.install.snapshot.enabled = false (custom)
2024-04-09 12:04:21,340 [c0a63e6c-c246-4c4b-b9bd-48fbdf84331c-groupManagement] INFO  server.RaftServerConfigKeys (ConfUtils.java:logGet(46)) - raft.server.threadpool.server.cached = true (default)
2024-04-09 12:04:21,341 [c0a63e6c-c246-4c4b-b9bd-48fbdf84331c-groupManagement] INFO  server.RaftServerConfigKeys (ConfUtils.java:logGet(46)) - raft.server.threadpool.server.size = 0 (default)
2024-04-09 12:04:21,341 [c0a63e6c-c246-4c4b-b9bd-48fbdf84331c-groupManagement] INFO  server.RaftServerConfigKeys (ConfUtils.java:logGet(46)) - raft.server.threadpool.client.cached = true (default)
2024-04-09 12:04:21,341 [c0a63e6c-c246-4c4b-b9bd-48fbdf84331c-groupManagement] INFO  server.RaftServerConfigKeys (ConfUtils.java:logGet(46)) - raft.server.threadpool.client.size = 0 (default)
2024-04-09 12:04:21,342 [c0a63e6c-c246-4c4b-b9bd-48fbdf84331c-groupManagement] INFO  server.RaftServerConfigKeys (ConfUtils.java:logGet(46)) - raft.server.storage.free-space.min = 0MB (=0) (default)
2024-04-09 12:04:21,342 [c0a63e6c-c246-4c4b-b9bd-48fbdf84331c-groupManagement] INFO  server.RaftServerConfigKeys (ConfUtils.java:logGet(46)) - raft.server.log.corruption.policy = EXCEPTION (default)
2024-04-09 12:04:21,342 [c0a63e6c-c246-4c4b-b9bd-48fbdf84331c-groupManagement] INFO  server.RaftServerConfigKeys (ConfUtils.java:logGet(46)) - raft.server.storage.dir = [/home/runner/work/ozone/ozone/hadoop-ozone/integration-test/target/test-dir/MiniOzoneClusterImpl-00066f73-fe04-48fd-9c2f-afd3971143fc/ozone-meta/datanode-3/ratis] (custom)
2024-04-09 12:04:21,343 [c0a63e6c-c246-4c4b-b9bd-48fbdf84331c-groupManagement] INFO  storage.RaftStorageDirectory (RaftStorageDirectoryImpl.java:analyzeStorage(138)) - The storage directory /home/runner/work/ozone/ozone/hadoop-ozone/integration-test/target/test-dir/MiniOzoneClusterImpl-00066f73-fe04-48fd-9c2f-afd3971143fc/ozone-meta/datanode-3/ratis/8a023e63-f161-45d8-9a3c-db1d75a9e2dc does not exist. Creating ...
2024-04-09 12:04:21,344 [c0a63e6c-c246-4c4b-b9bd-48fbdf84331c-groupManagement] INFO  storage.RaftStorageDirectory (RaftStorageDirectoryImpl.java:tryLock(228)) - Lock on /home/runner/work/ozone/ozone/hadoop-ozone/integration-test/target/test-dir/MiniOzoneClusterImpl-00066f73-fe04-48fd-9c2f-afd3971143fc/ozone-meta/datanode-3/ratis/8a023e63-f161-45d8-9a3c-db1d75a9e2dc/in_use.lock acquired by nodename 114594@fv-az1531-426
2024-04-09 12:04:21,346 [c0a63e6c-c246-4c4b-b9bd-48fbdf84331c-groupManagement] INFO  storage.RaftStorage (RaftStorageImpl.java:format(99)) - Storage directory /home/runner/work/ozone/ozone/hadoop-ozone/integration-test/target/test-dir/MiniOzoneClusterImpl-00066f73-fe04-48fd-9c2f-afd3971143fc/ozone-meta/datanode-3/ratis/8a023e63-f161-45d8-9a3c-db1d75a9e2dc has been successfully formatted.
2024-04-09 12:04:21,347 [06c35c3a-0415-431d-ae8b-027bb2658858-PipelineCommandHandlerThread-0] INFO  server.RaftServer (RaftServerProxy.java:addNew(100)) - 06c35c3a-0415-431d-ae8b-027bb2658858: addNew group-2F251E82CC3A:[06c35c3a-0415-431d-ae8b-027bb2658858|10.1.0.103:15076] returns group-2F251E82CC3A:java.util.concurrent.CompletableFuture@2009c56c[Not completed]
2024-04-09 12:04:21,347 [c0a63e6c-c246-4c4b-b9bd-48fbdf84331c-groupManagement] WARN  util.FileUtils (LogUtils.java:supplyAndLog(63)) - Failed to Files.newInputStream /home/runner/work/ozone/ozone/hadoop-ozone/integration-test/target/test-dir/MiniOzoneClusterImpl-00066f73-fe04-48fd-9c2f-afd3971143fc/ozone-meta/datanode-3/ratis/8a023e63-f161-45d8-9a3c-db1d75a9e2dc/current/raft-meta.conf with options []: java.nio.file.NoSuchFileException: /home/runner/work/ozone/ozone/hadoop-ozone/integration-test/target/test-dir/MiniOzoneClusterImpl-00066f73-fe04-48fd-9c2f-afd3971143fc/ozone-meta/datanode-3/ratis/8a023e63-f161-45d8-9a3c-db1d75a9e2dc/current/raft-meta.conf
2024-04-09 12:04:21,348 [c0a63e6c-c246-4c4b-b9bd-48fbdf84331c-groupManagement] INFO  ratis.ContainerStateMachine (ContainerStateMachine.java:loadSnapshot(287)) - group-DB1D75A9E2DC: The snapshot info is null. Setting the last applied index to:(t:0, i:~)
2024-04-09 12:04:21,348 [c0a63e6c-c246-4c4b-b9bd-48fbdf84331c-groupManagement] INFO  server.RaftServerConfigKeys (ConfUtils.java:logGet(46)) - raft.server.log.use.memory = false (default)
2024-04-09 12:04:21,349 [c0a63e6c-c246-4c4b-b9bd-48fbdf84331c-groupManagement] INFO  server.RaftServerConfigKeys (ConfUtils.java:logGet(46)) - raft.server.log.purge.gap = 1000000 (custom)
2024-04-09 12:04:21,349 [c0a63e6c-c246-4c4b-b9bd-48fbdf84331c-groupManagement] INFO  server.RaftServerConfigKeys (ConfUtils.java:logGet(46)) - raft.server.log.appender.buffer.byte-limit = 8388608 (custom)
2024-04-09 12:04:21,349 [c0a63e6c-c246-4c4b-b9bd-48fbdf84331c-groupManagement] INFO  server.RaftServerConfigKeys (ConfUtils.java:logGet(46)) - raft.server.log.statemachine.data.read.timeout = 1000ms (default)
2024-04-09 12:04:21,350 [c0a63e6c-c246-4c4b-b9bd-48fbdf84331c-groupManagement] INFO  server.RaftServerConfigKeys (ConfUtils.java:logGet(46)) - raft.server.log.purge.preservation.log.num = 0 (default)
2024-04-09 12:04:21,351 [c0a63e6c-c246-4c4b-b9bd-48fbdf84331c-groupManagement] INFO  server.RaftServerConfigKeys (ConfUtils.java:logGet(46)) - raft.server.log.segment.size.max = 67108864 (custom)
2024-04-09 12:04:21,352 [c0a63e6c-c246-4c4b-b9bd-48fbdf84331c-groupManagement] INFO  server.RaftServerConfigKeys (ConfUtils.java:logGet(46)) - raft.server.log.segment.cache.num.max = 2 (custom)
2024-04-09 12:04:21,352 [c0a63e6c-c246-4c4b-b9bd-48fbdf84331c-groupManagement] INFO  server.RaftServerConfigKeys (ConfUtils.java:logGet(46)) - raft.server.log.segment.cache.size.max = 200MB (=209715200) (default)
2024-04-09 12:04:21,352 [06c35c3a-0415-431d-ae8b-027bb2658858-groupManagement] INFO  server.RaftServer$Division (RaftServerImpl.java:<init>(256)) - 06c35c3a-0415-431d-ae8b-027bb2658858: new RaftServerImpl for group-2F251E82CC3A:[06c35c3a-0415-431d-ae8b-027bb2658858|10.1.0.103:15076] with ContainerStateMachine:uninitialized
2024-04-09 12:04:21,353 [06c35c3a-0415-431d-ae8b-027bb2658858-groupManagement] INFO  server.RaftServerConfigKeys (ConfUtils.java:logGet(46)) - raft.server.rpc.timeout.min = 5s (custom)
2024-04-09 12:04:21,353 [06c35c3a-0415-431d-ae8b-027bb2658858-groupManagement] INFO  server.RaftServerConfigKeys (ConfUtils.java:logGet(46)) - raft.server.rpc.timeout.max = 5200ms (custom)
2024-04-09 12:04:21,353 [06c35c3a-0415-431d-ae8b-027bb2658858-groupManagement] INFO  server.RaftServerConfigKeys (ConfUtils.java:logGet(46)) - raft.server.rpc.sleep.time = 25ms (default)
2024-04-09 12:04:21,353 [06c35c3a-0415-431d-ae8b-027bb2658858-groupManagement] INFO  server.RaftServerConfigKeys (ConfUtils.java:logGet(46)) - raft.server.rpc.slowness.timeout = 300000ms (custom)
2024-04-09 12:04:21,353 [06c35c3a-0415-431d-ae8b-027bb2658858-groupManagement] INFO  server.RaftServerConfigKeys (ConfUtils.java:logGet(46)) - raft.server.leaderelection.leader.step-down.wait-time = 10s (default)
2024-04-09 12:04:21,353 [06c35c3a-0415-431d-ae8b-027bb2658858-groupManagement] INFO  server.RaftServerConfigKeys (ConfUtils.java:logGet(46)) - raft.server.leaderelection.member.majority-add = false (default)
2024-04-09 12:04:21,353 [06c35c3a-0415-431d-ae8b-027bb2658858-groupManagement] INFO  server.RaftServerConfigKeys (ConfUtils.java:logGet(46)) - raft.server.sleep.deviation.threshold = 300ms (default)
2024-04-09 12:04:21,353 [06c35c3a-0415-431d-ae8b-027bb2658858-groupManagement] INFO  server.RaftServer$Division (ServerState.java:<init>(113)) - 06c35c3a-0415-431d-ae8b-027bb2658858@group-2F251E82CC3A: ConfigurationManager, init=-1: peers:[06c35c3a-0415-431d-ae8b-027bb2658858|10.1.0.103:15076]|listeners:[], old=null, confs=<EMPTY_MAP>
2024-04-09 12:04:21,353 [06c35c3a-0415-431d-ae8b-027bb2658858-groupManagement] INFO  server.RaftServerConfigKeys (ConfUtils.java:logGet(46)) - raft.server.notification.no-leader.timeout = 300000ms (custom)
2024-04-09 12:04:21,353 [06c35c3a-0415-431d-ae8b-027bb2658858-groupManagement] INFO  server.RaftServerConfigKeys (ConfUtils.java:logGet(46)) - raft.server.read.timeout = 10s (default)
2024-04-09 12:04:21,353 [06c35c3a-0415-431d-ae8b-027bb2658858-groupManagement] INFO  server.RaftServerConfigKeys (ConfUtils.java:logGet(46)) - raft.server.retrycache.expirytime = 600000ms (custom)
2024-04-09 12:04:21,353 [06c35c3a-0415-431d-ae8b-027bb2658858-groupManagement] INFO  server.RaftServerConfigKeys (ConfUtils.java:logGet(46)) - raft.server.retrycache.statistics.expirytime = 100ms (default)
2024-04-09 12:04:21,354 [06c35c3a-0415-431d-ae8b-027bb2658858-groupManagement] INFO  server.RaftServerConfigKeys (ConfUtils.java:logGet(46)) - raft.server.read.option = DEFAULT (default)
2024-04-09 12:04:21,354 [06c35c3a-0415-431d-ae8b-027bb2658858-groupManagement] INFO  server.RaftServerConfigKeys (ConfUtils.java:logGet(46)) - raft.server.read.read-after-write-consistent.write-index-cache.expiry-time = 60s (default)
2024-04-09 12:04:21,352 [c0a63e6c-c246-4c4b-b9bd-48fbdf84331c-groupManagement] INFO  server.RaftServerConfigKeys (ConfUtils.java:logGet(46)) - raft.server.log.appender.buffer.byte-limit = 8388608 (custom)
2024-04-09 12:04:21,354 [c0a63e6c-c246-4c4b-b9bd-48fbdf84331c-groupManagement] INFO  util.AwaitToRun (AwaitToRun.java:start(81)) - Thread[c0a63e6c-c246-4c4b-b9bd-48fbdf84331c@group-DB1D75A9E2DC-cacheEviction-AwaitToRun,5,main] started
2024-04-09 12:04:21,354 [c0a63e6c-c246-4c4b-b9bd-48fbdf84331c-groupManagement] INFO  segmented.SegmentedRaftLogWorker (SegmentedRaftLogWorker.java:<init>(182)) - new c0a63e6c-c246-4c4b-b9bd-48fbdf84331c@group-DB1D75A9E2DC-SegmentedRaftLogWorker for RaftStorageImpl:Storage Directory /home/runner/work/ozone/ozone/hadoop-ozone/integration-test/target/test-dir/MiniOzoneClusterImpl-00066f73-fe04-48fd-9c2f-afd3971143fc/ozone-meta/datanode-3/ratis/8a023e63-f161-45d8-9a3c-db1d75a9e2dc
2024-04-09 12:04:21,355 [c0a63e6c-c246-4c4b-b9bd-48fbdf84331c-groupManagement] INFO  server.RaftServerConfigKeys (ConfUtils.java:logGet(46)) - raft.server.log.queue.byte-limit = 4294967296 (custom)
2024-04-09 12:04:21,355 [c0a63e6c-c246-4c4b-b9bd-48fbdf84331c-groupManagement] INFO  server.RaftServerConfigKeys (ConfUtils.java:logGet(46)) - raft.server.log.queue.element-limit = 1024 (custom)
2024-04-09 12:04:21,355 [c0a63e6c-c246-4c4b-b9bd-48fbdf84331c-groupManagement] INFO  server.RaftServerConfigKeys (ConfUtils.java:logGet(46)) - raft.server.log.segment.size.max = 67108864 (custom)
2024-04-09 12:04:21,355 [c0a63e6c-c246-4c4b-b9bd-48fbdf84331c-groupManagement] INFO  server.RaftServerConfigKeys (ConfUtils.java:logGet(46)) - raft.server.log.preallocated.size = 4194304 (custom)
2024-04-09 12:04:21,355 [c0a63e6c-c246-4c4b-b9bd-48fbdf84331c-groupManagement] INFO  server.RaftServerConfigKeys (ConfUtils.java:logGet(46)) - raft.server.log.force.sync.num = 128 (default)
2024-04-09 12:04:21,355 [c0a63e6c-c246-4c4b-b9bd-48fbdf84331c-groupManagement] INFO  server.RaftServerConfigKeys (ConfUtils.java:logGet(46)) - raft.server.log.statemachine.data.sync = true (default)
2024-04-09 12:04:21,355 [c0a63e6c-c246-4c4b-b9bd-48fbdf84331c-groupManagement] INFO  server.RaftServerConfigKeys (ConfUtils.java:logGet(46)) - raft.server.log.statemachine.data.sync.timeout = 10s (default)
2024-04-09 12:04:21,355 [c0a63e6c-c246-4c4b-b9bd-48fbdf84331c-groupManagement] INFO  server.RaftServerConfigKeys (ConfUtils.java:logGet(46)) - raft.server.log.statemachine.data.sync.timeout.retry = 0 (custom)
2024-04-09 12:04:21,356 [c0a63e6c-c246-4c4b-b9bd-48fbdf84331c-groupManagement] INFO  server.RaftServerConfigKeys (ConfUtils.java:logGet(46)) - raft.server.log.write.buffer.size = 8388616 (custom)
2024-04-09 12:04:21,357 [06c35c3a-0415-431d-ae8b-027bb2658858-groupManagement] INFO  server.RaftServerConfigKeys (ConfUtils.java:logGet(46)) - raft.server.rpc.request.timeout = 3000ms (default)
2024-04-09 12:04:21,357 [06c35c3a-0415-431d-ae8b-027bb2658858-groupManagement] INFO  server.RaftServerConfigKeys (ConfUtils.java:logGet(46)) - raft.server.log.appender.install.snapshot.enabled = false (custom)
2024-04-09 12:04:21,357 [06c35c3a-0415-431d-ae8b-027bb2658858-groupManagement] INFO  server.RaftServerConfigKeys (ConfUtils.java:logGet(46)) - raft.server.threadpool.server.cached = true (default)
2024-04-09 12:04:21,357 [06c35c3a-0415-431d-ae8b-027bb2658858-groupManagement] INFO  server.RaftServerConfigKeys (ConfUtils.java:logGet(46)) - raft.server.threadpool.server.size = 0 (default)
2024-04-09 12:04:21,357 [06c35c3a-0415-431d-ae8b-027bb2658858-groupManagement] INFO  server.RaftServerConfigKeys (ConfUtils.java:logGet(46)) - raft.server.threadpool.client.cached = true (default)
2024-04-09 12:04:21,357 [06c35c3a-0415-431d-ae8b-027bb2658858-groupManagement] INFO  server.RaftServerConfigKeys (ConfUtils.java:logGet(46)) - raft.server.threadpool.client.size = 0 (default)
2024-04-09 12:04:21,358 [c0a63e6c-c246-4c4b-b9bd-48fbdf84331c-groupManagement] INFO  server.RaftServerConfigKeys (ConfUtils.java:logGet(46)) - raft.server.log.appender.buffer.byte-limit = 8388608 (custom)
2024-04-09 12:04:21,358 [c0a63e6c-c246-4c4b-b9bd-48fbdf84331c-groupManagement] INFO  server.RaftServerConfigKeys (ConfUtils.java:logGet(46)) - raft.server.log.unsafe-flush.enabled = false (default)
2024-04-09 12:04:21,358 [c0a63e6c-c246-4c4b-b9bd-48fbdf84331c-groupManagement] INFO  server.RaftServerConfigKeys (ConfUtils.java:logGet(46)) - raft.server.log.async-flush.enabled = false (default)
2024-04-09 12:04:21,358 [c0a63e6c-c246-4c4b-b9bd-48fbdf84331c-groupManagement] INFO  server.RaftServerConfigKeys (ConfUtils.java:logGet(46)) - raft.server.log.statemachine.data.caching.enabled = true (custom)
2024-04-09 12:04:21,358 [c0a63e6c-c246-4c4b-b9bd-48fbdf84331c-groupManagement] INFO  segmented.SegmentedRaftLogWorker (SegmentedRaftLogWorker.java:lambda$new$0(134)) - c0a63e6c-c246-4c4b-b9bd-48fbdf84331c@group-DB1D75A9E2DC-SegmentedRaftLogWorker: flushIndex: setUnconditionally 0 -> -1
2024-04-09 12:04:21,358 [c0a63e6c-c246-4c4b-b9bd-48fbdf84331c-groupManagement] INFO  segmented.SegmentedRaftLogWorker (SegmentedRaftLogWorker.java:lambda$new$0(134)) - c0a63e6c-c246-4c4b-b9bd-48fbdf84331c@group-DB1D75A9E2DC-SegmentedRaftLogWorker: safeCacheEvictIndex: setUnconditionally 0 -> -1
2024-04-09 12:04:21,358 [06c35c3a-0415-431d-ae8b-027bb2658858-groupManagement] INFO  server.RaftServerConfigKeys (ConfUtils.java:logGet(46)) - raft.server.storage.free-space.min = 0MB (=0) (default)
2024-04-09 12:04:21,358 [06c35c3a-0415-431d-ae8b-027bb2658858-groupManagement] INFO  server.RaftServerConfigKeys (ConfUtils.java:logGet(46)) - raft.server.log.corruption.policy = EXCEPTION (default)
2024-04-09 12:04:21,358 [06c35c3a-0415-431d-ae8b-027bb2658858-groupManagement] INFO  server.RaftServerConfigKeys (ConfUtils.java:logGet(46)) - raft.server.storage.dir = [/home/runner/work/ozone/ozone/hadoop-ozone/integration-test/target/test-dir/MiniOzoneClusterImpl-00066f73-fe04-48fd-9c2f-afd3971143fc/ozone-meta/datanode-2/ratis] (custom)
2024-04-09 12:04:21,359 [06c35c3a-0415-431d-ae8b-027bb2658858-groupManagement] INFO  storage.RaftStorageDirectory (RaftStorageDirectoryImpl.java:analyzeStorage(138)) - The storage directory /home/runner/work/ozone/ozone/hadoop-ozone/integration-test/target/test-dir/MiniOzoneClusterImpl-00066f73-fe04-48fd-9c2f-afd3971143fc/ozone-meta/datanode-2/ratis/113b9240-f15f-4727-894e-2f251e82cc3a does not exist. Creating ...
2024-04-09 12:04:21,359 [c0a63e6c-c246-4c4b-b9bd-48fbdf84331c-groupManagement] INFO  server.RaftServer$Division (RaftServerImpl.java:start(396)) - c0a63e6c-c246-4c4b-b9bd-48fbdf84331c@group-DB1D75A9E2DC: start as a follower, conf=-1: peers:[47f2b6e5-7d1c-4a61-9d74-1b86fd130309|10.1.0.103:15067, 06c35c3a-0415-431d-ae8b-027bb2658858|10.1.0.103:15076, c0a63e6c-c246-4c4b-b9bd-48fbdf84331c|10.1.0.103:15085]|listeners:[], old=null
2024-04-09 12:04:21,359 [c0a63e6c-c246-4c4b-b9bd-48fbdf84331c-groupManagement] INFO  server.RaftServer$Division (RaftServerImpl.java:setRole(383)) - c0a63e6c-c246-4c4b-b9bd-48fbdf84331c@group-DB1D75A9E2DC: changes role from      null to FOLLOWER at term 0 for startAsFollower
2024-04-09 12:04:21,359 [c0a63e6c-c246-4c4b-b9bd-48fbdf84331c-groupManagement] INFO  impl.RoleInfo (RoleInfo.java:updateAndGet(139)) - c0a63e6c-c246-4c4b-b9bd-48fbdf84331c: start c0a63e6c-c246-4c4b-b9bd-48fbdf84331c@group-DB1D75A9E2DC-FollowerState
2024-04-09 12:04:21,359 [c0a63e6c-c246-4c4b-b9bd-48fbdf84331c@group-DB1D75A9E2DC-FollowerState] INFO  server.RaftServerConfigKeys (ConfUtils.java:logFallback(53)) - raft.server.rpc.first-election.timeout.min = 5s (fallback to raft.server.rpc.timeout.min)
2024-04-09 12:04:21,359 [c0a63e6c-c246-4c4b-b9bd-48fbdf84331c@group-DB1D75A9E2DC-FollowerState] INFO  server.RaftServerConfigKeys (ConfUtils.java:logFallback(53)) - raft.server.rpc.first-election.timeout.max = 5200ms (fallback to raft.server.rpc.timeout.max)
2024-04-09 12:04:21,359 [c0a63e6c-c246-4c4b-b9bd-48fbdf84331c-groupManagement] INFO  util.JmxRegister (JmxRegister.java:tryRegister(44)) - Successfully registered JMX Bean with object name Ratis:service=RaftServer,group=group-DB1D75A9E2DC,id=c0a63e6c-c246-4c4b-b9bd-48fbdf84331c
2024-04-09 12:04:21,360 [c0a63e6c-c246-4c4b-b9bd-48fbdf84331c-groupManagement] INFO  server.RaftServerConfigKeys (ConfUtils.java:logGet(46)) - raft.server.snapshot.trigger-when-stop.enabled = true (default)
2024-04-09 12:04:21,360 [c0a63e6c-c246-4c4b-b9bd-48fbdf84331c-groupManagement] INFO  server.RaftServerConfigKeys (ConfUtils.java:logGet(46)) - raft.server.snapshot.auto.trigger.enabled = true (custom)
2024-04-09 12:04:21,360 [c0a63e6c-c246-4c4b-b9bd-48fbdf84331c-groupManagement] INFO  server.RaftServerConfigKeys (ConfUtils.java:logGet(46)) - raft.server.snapshot.auto.trigger.threshold = 10000 (custom)
2024-04-09 12:04:21,360 [c0a63e6c-c246-4c4b-b9bd-48fbdf84331c-groupManagement] INFO  server.RaftServerConfigKeys (ConfUtils.java:logGet(46)) - raft.server.snapshot.retention.file.num = 5 (custom)
2024-04-09 12:04:21,360 [c0a63e6c-c246-4c4b-b9bd-48fbdf84331c-groupManagement] INFO  server.RaftServerConfigKeys (ConfUtils.java:logGet(46)) - raft.server.log.purge.upto.snapshot.index = false (default)
2024-04-09 12:04:21,359 [06c35c3a-0415-431d-ae8b-027bb2658858-groupManagement] INFO  storage.RaftStorageDirectory (RaftStorageDirectoryImpl.java:tryLock(228)) - Lock on /home/runner/work/ozone/ozone/hadoop-ozone/integration-test/target/test-dir/MiniOzoneClusterImpl-00066f73-fe04-48fd-9c2f-afd3971143fc/ozone-meta/datanode-2/ratis/113b9240-f15f-4727-894e-2f251e82cc3a/in_use.lock acquired by nodename 114594@fv-az1531-426
2024-04-09 12:04:21,362 [06c35c3a-0415-431d-ae8b-027bb2658858-groupManagement] INFO  storage.RaftStorage (RaftStorageImpl.java:format(99)) - Storage directory /home/runner/work/ozone/ozone/hadoop-ozone/integration-test/target/test-dir/MiniOzoneClusterImpl-00066f73-fe04-48fd-9c2f-afd3971143fc/ozone-meta/datanode-2/ratis/113b9240-f15f-4727-894e-2f251e82cc3a has been successfully formatted.
2024-04-09 12:04:21,362 [06c35c3a-0415-431d-ae8b-027bb2658858-groupManagement] WARN  util.FileUtils (LogUtils.java:supplyAndLog(63)) - Failed to Files.newInputStream /home/runner/work/ozone/ozone/hadoop-ozone/integration-test/target/test-dir/MiniOzoneClusterImpl-00066f73-fe04-48fd-9c2f-afd3971143fc/ozone-meta/datanode-2/ratis/113b9240-f15f-4727-894e-2f251e82cc3a/current/raft-meta.conf with options []: java.nio.file.NoSuchFileException: /home/runner/work/ozone/ozone/hadoop-ozone/integration-test/target/test-dir/MiniOzoneClusterImpl-00066f73-fe04-48fd-9c2f-afd3971143fc/ozone-meta/datanode-2/ratis/113b9240-f15f-4727-894e-2f251e82cc3a/current/raft-meta.conf
2024-04-09 12:04:21,363 [06c35c3a-0415-431d-ae8b-027bb2658858-groupManagement] INFO  ratis.ContainerStateMachine (ContainerStateMachine.java:loadSnapshot(287)) - group-2F251E82CC3A: The snapshot info is null. Setting the last applied index to:(t:0, i:~)
2024-04-09 12:04:21,364 [06c35c3a-0415-431d-ae8b-027bb2658858-groupManagement] INFO  server.RaftServerConfigKeys (ConfUtils.java:logGet(46)) - raft.server.log.use.memory = false (default)
2024-04-09 12:04:21,364 [06c35c3a-0415-431d-ae8b-027bb2658858-groupManagement] INFO  server.RaftServerConfigKeys (ConfUtils.java:logGet(46)) - raft.server.log.purge.gap = 1000000 (custom)
2024-04-09 12:04:21,364 [06c35c3a-0415-431d-ae8b-027bb2658858-groupManagement] INFO  server.RaftServerConfigKeys (ConfUtils.java:logGet(46)) - raft.server.log.appender.buffer.byte-limit = 8388608 (custom)
2024-04-09 12:04:21,364 [06c35c3a-0415-431d-ae8b-027bb2658858-groupManagement] INFO  server.RaftServerConfigKeys (ConfUtils.java:logGet(46)) - raft.server.log.statemachine.data.read.timeout = 1000ms (default)
2024-04-09 12:04:21,364 [06c35c3a-0415-431d-ae8b-027bb2658858-groupManagement] INFO  server.RaftServerConfigKeys (ConfUtils.java:logGet(46)) - raft.server.log.purge.preservation.log.num = 0 (default)
2024-04-09 12:04:21,368 [06c35c3a-0415-431d-ae8b-027bb2658858-groupManagement] INFO  server.RaftServerConfigKeys (ConfUtils.java:logGet(46)) - raft.server.log.segment.size.max = 67108864 (custom)
2024-04-09 12:04:21,369 [06c35c3a-0415-431d-ae8b-027bb2658858-groupManagement] INFO  server.RaftServerConfigKeys (ConfUtils.java:logGet(46)) - raft.server.log.segment.cache.num.max = 2 (custom)
2024-04-09 12:04:21,369 [06c35c3a-0415-431d-ae8b-027bb2658858-groupManagement] INFO  server.RaftServerConfigKeys (ConfUtils.java:logGet(46)) - raft.server.log.segment.cache.size.max = 200MB (=209715200) (default)
2024-04-09 12:04:21,369 [06c35c3a-0415-431d-ae8b-027bb2658858-groupManagement] INFO  server.RaftServerConfigKeys (ConfUtils.java:logGet(46)) - raft.server.log.appender.buffer.byte-limit = 8388608 (custom)
2024-04-09 12:04:21,369 [06c35c3a-0415-431d-ae8b-027bb2658858-groupManagement] INFO  util.AwaitToRun (AwaitToRun.java:start(81)) - Thread[06c35c3a-0415-431d-ae8b-027bb2658858@group-2F251E82CC3A-cacheEviction-AwaitToRun,5,main] started
2024-04-09 12:04:21,369 [06c35c3a-0415-431d-ae8b-027bb2658858-groupManagement] INFO  segmented.SegmentedRaftLogWorker (SegmentedRaftLogWorker.java:<init>(182)) - new 06c35c3a-0415-431d-ae8b-027bb2658858@group-2F251E82CC3A-SegmentedRaftLogWorker for RaftStorageImpl:Storage Directory /home/runner/work/ozone/ozone/hadoop-ozone/integration-test/target/test-dir/MiniOzoneClusterImpl-00066f73-fe04-48fd-9c2f-afd3971143fc/ozone-meta/datanode-2/ratis/113b9240-f15f-4727-894e-2f251e82cc3a
2024-04-09 12:04:21,369 [06c35c3a-0415-431d-ae8b-027bb2658858-groupManagement] INFO  server.RaftServerConfigKeys (ConfUtils.java:logGet(46)) - raft.server.log.queue.byte-limit = 4294967296 (custom)
2024-04-09 12:04:21,369 [06c35c3a-0415-431d-ae8b-027bb2658858-groupManagement] INFO  server.RaftServerConfigKeys (ConfUtils.java:logGet(46)) - raft.server.log.queue.element-limit = 1024 (custom)
2024-04-09 12:04:21,369 [06c35c3a-0415-431d-ae8b-027bb2658858-groupManagement] INFO  server.RaftServerConfigKeys (ConfUtils.java:logGet(46)) - raft.server.log.segment.size.max = 67108864 (custom)
2024-04-09 12:04:21,369 [06c35c3a-0415-431d-ae8b-027bb2658858-groupManagement] INFO  server.RaftServerConfigKeys (ConfUtils.java:logGet(46)) - raft.server.log.preallocated.size = 4194304 (custom)
2024-04-09 12:04:21,369 [06c35c3a-0415-431d-ae8b-027bb2658858-groupManagement] INFO  server.RaftServerConfigKeys (ConfUtils.java:logGet(46)) - raft.server.log.force.sync.num = 128 (default)
2024-04-09 12:04:21,369 [06c35c3a-0415-431d-ae8b-027bb2658858-groupManagement] INFO  server.RaftServerConfigKeys (ConfUtils.java:logGet(46)) - raft.server.log.statemachine.data.sync = true (default)
2024-04-09 12:04:21,370 [06c35c3a-0415-431d-ae8b-027bb2658858-groupManagement] INFO  server.RaftServerConfigKeys (ConfUtils.java:logGet(46)) - raft.server.log.statemachine.data.sync.timeout = 10s (default)
2024-04-09 12:04:21,370 [06c35c3a-0415-431d-ae8b-027bb2658858-groupManagement] INFO  server.RaftServerConfigKeys (ConfUtils.java:logGet(46)) - raft.server.log.statemachine.data.sync.timeout.retry = 0 (custom)
2024-04-09 12:04:21,370 [06c35c3a-0415-431d-ae8b-027bb2658858-groupManagement] INFO  server.RaftServerConfigKeys (ConfUtils.java:logGet(46)) - raft.server.log.write.buffer.size = 8388616 (custom)
2024-04-09 12:04:21,371 [06c35c3a-0415-431d-ae8b-027bb2658858-groupManagement] INFO  server.RaftServerConfigKeys (ConfUtils.java:logGet(46)) - raft.server.log.appender.buffer.byte-limit = 8388608 (custom)
2024-04-09 12:04:21,371 [06c35c3a-0415-431d-ae8b-027bb2658858-groupManagement] INFO  server.RaftServerConfigKeys (ConfUtils.java:logGet(46)) - raft.server.log.unsafe-flush.enabled = false (default)
2024-04-09 12:04:21,371 [06c35c3a-0415-431d-ae8b-027bb2658858-groupManagement] INFO  server.RaftServerConfigKeys (ConfUtils.java:logGet(46)) - raft.server.log.async-flush.enabled = false (default)
2024-04-09 12:04:21,371 [06c35c3a-0415-431d-ae8b-027bb2658858-groupManagement] INFO  server.RaftServerConfigKeys (ConfUtils.java:logGet(46)) - raft.server.log.statemachine.data.caching.enabled = true (custom)
2024-04-09 12:04:21,372 [EventQueue-PipelineReportForPipelineReportHandler] INFO  pipeline.PipelineReportHandler (PipelineReportHandler.java:processPipelineReport(136)) - Opened pipeline PipelineID=113b9240-f15f-4727-894e-2f251e82cc3a
2024-04-09 12:04:21,372 [06c35c3a-0415-431d-ae8b-027bb2658858-groupManagement] INFO  segmented.SegmentedRaftLogWorker (SegmentedRaftLogWorker.java:lambda$new$0(134)) - 06c35c3a-0415-431d-ae8b-027bb2658858@group-2F251E82CC3A-SegmentedRaftLogWorker: flushIndex: setUnconditionally 0 -> -1
2024-04-09 12:04:21,372 [EventQueue-OpenPipelineForHealthyPipelineSafeModeRule] INFO  safemode.SCMSafeModeManager (HealthyPipelineSafeModeRule.java:process(140)) - SCM in safe mode. Healthy pipelines reported count is 0, required healthy pipeline reported count is 1
2024-04-09 12:04:21,372 [06c35c3a-0415-431d-ae8b-027bb2658858-groupManagement] INFO  segmented.SegmentedRaftLogWorker (SegmentedRaftLogWorker.java:lambda$new$0(134)) - 06c35c3a-0415-431d-ae8b-027bb2658858@group-2F251E82CC3A-SegmentedRaftLogWorker: safeCacheEvictIndex: setUnconditionally 0 -> -1
2024-04-09 12:04:21,379 [06c35c3a-0415-431d-ae8b-027bb2658858-groupManagement] INFO  server.RaftServer$Division (RaftServerImpl.java:start(396)) - 06c35c3a-0415-431d-ae8b-027bb2658858@group-2F251E82CC3A: start as a follower, conf=-1: peers:[06c35c3a-0415-431d-ae8b-027bb2658858|10.1.0.103:15076]|listeners:[], old=null
2024-04-09 12:04:21,379 [06c35c3a-0415-431d-ae8b-027bb2658858-groupManagement] INFO  server.RaftServer$Division (RaftServerImpl.java:setRole(383)) - 06c35c3a-0415-431d-ae8b-027bb2658858@group-2F251E82CC3A: changes role from      null to FOLLOWER at term 0 for startAsFollower
2024-04-09 12:04:21,380 [06c35c3a-0415-431d-ae8b-027bb2658858-groupManagement] INFO  impl.RoleInfo (RoleInfo.java:updateAndGet(139)) - 06c35c3a-0415-431d-ae8b-027bb2658858: start 06c35c3a-0415-431d-ae8b-027bb2658858@group-2F251E82CC3A-FollowerState
2024-04-09 12:04:21,381 [06c35c3a-0415-431d-ae8b-027bb2658858-groupManagement] INFO  util.JmxRegister (JmxRegister.java:tryRegister(44)) - Successfully registered JMX Bean with object name Ratis:service=RaftServer,group=group-2F251E82CC3A,id=06c35c3a-0415-431d-ae8b-027bb2658858
2024-04-09 12:04:21,381 [06c35c3a-0415-431d-ae8b-027bb2658858-groupManagement] INFO  server.RaftServerConfigKeys (ConfUtils.java:logGet(46)) - raft.server.snapshot.trigger-when-stop.enabled = true (default)
2024-04-09 12:04:21,381 [06c35c3a-0415-431d-ae8b-027bb2658858-groupManagement] INFO  server.RaftServerConfigKeys (ConfUtils.java:logGet(46)) - raft.server.snapshot.auto.trigger.enabled = true (custom)
2024-04-09 12:04:21,381 [06c35c3a-0415-431d-ae8b-027bb2658858-groupManagement] INFO  server.RaftServerConfigKeys (ConfUtils.java:logGet(46)) - raft.server.snapshot.auto.trigger.threshold = 10000 (custom)
2024-04-09 12:04:21,381 [06c35c3a-0415-431d-ae8b-027bb2658858-groupManagement] INFO  server.RaftServerConfigKeys (ConfUtils.java:logGet(46)) - raft.server.snapshot.retention.file.num = 5 (custom)
2024-04-09 12:04:21,381 [06c35c3a-0415-431d-ae8b-027bb2658858-groupManagement] INFO  server.RaftServerConfigKeys (ConfUtils.java:logGet(46)) - raft.server.log.purge.upto.snapshot.index = false (default)
2024-04-09 12:04:21,381 [06c35c3a-0415-431d-ae8b-027bb2658858-PipelineCommandHandlerThread-0] INFO  ratis.XceiverServerRatis (XceiverServerRatis.java:addGroup(864)) - Created group PipelineID=113b9240-f15f-4727-894e-2f251e82cc3a
2024-04-09 12:04:21,381 [06c35c3a-0415-431d-ae8b-027bb2658858@group-2F251E82CC3A-FollowerState] INFO  server.RaftServerConfigKeys (ConfUtils.java:logFallback(53)) - raft.server.rpc.first-election.timeout.min = 5s (fallback to raft.server.rpc.timeout.min)
2024-04-09 12:04:21,382 [06c35c3a-0415-431d-ae8b-027bb2658858@group-2F251E82CC3A-FollowerState] INFO  server.RaftServerConfigKeys (ConfUtils.java:logFallback(53)) - raft.server.rpc.first-election.timeout.max = 5200ms (fallback to raft.server.rpc.timeout.max)
2024-04-09 12:04:21,381 [06c35c3a-0415-431d-ae8b-027bb2658858-PipelineCommandHandlerThread-0] INFO  commandhandler.CreatePipelineCommandHandler (CreatePipelineCommandHandler.java:lambda$handle$2(124)) - Created Pipeline RATIS ONE PipelineID=113b9240-f15f-4727-894e-2f251e82cc3a.
2024-04-09 12:04:21,382 [06c35c3a-0415-431d-ae8b-027bb2658858-PipelineCommandHandlerThread-0] INFO  server.RaftServer (RaftServerProxy.java:addNew(100)) - 06c35c3a-0415-431d-ae8b-027bb2658858: addNew group-DB1D75A9E2DC:[47f2b6e5-7d1c-4a61-9d74-1b86fd130309|10.1.0.103:15067, 06c35c3a-0415-431d-ae8b-027bb2658858|10.1.0.103:15076, c0a63e6c-c246-4c4b-b9bd-48fbdf84331c|10.1.0.103:15085] returns group-DB1D75A9E2DC:java.util.concurrent.CompletableFuture@243655b5[Not completed]
2024-04-09 12:04:21,383 [06c35c3a-0415-431d-ae8b-027bb2658858-groupManagement] INFO  server.RaftServer$Division (RaftServerImpl.java:<init>(256)) - 06c35c3a-0415-431d-ae8b-027bb2658858: new RaftServerImpl for group-DB1D75A9E2DC:[47f2b6e5-7d1c-4a61-9d74-1b86fd130309|10.1.0.103:15067, 06c35c3a-0415-431d-ae8b-027bb2658858|10.1.0.103:15076, c0a63e6c-c246-4c4b-b9bd-48fbdf84331c|10.1.0.103:15085] with ContainerStateMachine:uninitialized
2024-04-09 12:04:21,383 [06c35c3a-0415-431d-ae8b-027bb2658858-groupManagement] INFO  server.RaftServerConfigKeys (ConfUtils.java:logGet(46)) - raft.server.rpc.timeout.min = 5s (custom)
2024-04-09 12:04:21,383 [06c35c3a-0415-431d-ae8b-027bb2658858-groupManagement] INFO  server.RaftServerConfigKeys (ConfUtils.java:logGet(46)) - raft.server.rpc.timeout.max = 5200ms (custom)
2024-04-09 12:04:21,383 [06c35c3a-0415-431d-ae8b-027bb2658858-groupManagement] INFO  server.RaftServerConfigKeys (ConfUtils.java:logGet(46)) - raft.server.rpc.sleep.time = 25ms (default)
2024-04-09 12:04:21,383 [06c35c3a-0415-431d-ae8b-027bb2658858-groupManagement] INFO  server.RaftServerConfigKeys (ConfUtils.java:logGet(46)) - raft.server.rpc.slowness.timeout = 300000ms (custom)
2024-04-09 12:04:21,383 [06c35c3a-0415-431d-ae8b-027bb2658858-groupManagement] INFO  server.RaftServerConfigKeys (ConfUtils.java:logGet(46)) - raft.server.leaderelection.leader.step-down.wait-time = 10s (default)
2024-04-09 12:04:21,383 [06c35c3a-0415-431d-ae8b-027bb2658858-groupManagement] INFO  server.RaftServerConfigKeys (ConfUtils.java:logGet(46)) - raft.server.leaderelection.member.majority-add = false (default)
2024-04-09 12:04:21,383 [06c35c3a-0415-431d-ae8b-027bb2658858-groupManagement] INFO  server.RaftServerConfigKeys (ConfUtils.java:logGet(46)) - raft.server.sleep.deviation.threshold = 300ms (default)
2024-04-09 12:04:21,384 [06c35c3a-0415-431d-ae8b-027bb2658858-groupManagement] INFO  server.RaftServer$Division (ServerState.java:<init>(113)) - 06c35c3a-0415-431d-ae8b-027bb2658858@group-DB1D75A9E2DC: ConfigurationManager, init=-1: peers:[47f2b6e5-7d1c-4a61-9d74-1b86fd130309|10.1.0.103:15067, 06c35c3a-0415-431d-ae8b-027bb2658858|10.1.0.103:15076, c0a63e6c-c246-4c4b-b9bd-48fbdf84331c|10.1.0.103:15085]|listeners:[], old=null, confs=<EMPTY_MAP>
2024-04-09 12:04:21,384 [06c35c3a-0415-431d-ae8b-027bb2658858-groupManagement] INFO  server.RaftServerConfigKeys (ConfUtils.java:logGet(46)) - raft.server.notification.no-leader.timeout = 300000ms (custom)
2024-04-09 12:04:21,384 [06c35c3a-0415-431d-ae8b-027bb2658858-groupManagement] INFO  server.RaftServerConfigKeys (ConfUtils.java:logGet(46)) - raft.server.read.timeout = 10s (default)
2024-04-09 12:04:21,384 [06c35c3a-0415-431d-ae8b-027bb2658858-groupManagement] INFO  server.RaftServerConfigKeys (ConfUtils.java:logGet(46)) - raft.server.retrycache.expirytime = 600000ms (custom)
2024-04-09 12:04:21,384 [06c35c3a-0415-431d-ae8b-027bb2658858-groupManagement] INFO  server.RaftServerConfigKeys (ConfUtils.java:logGet(46)) - raft.server.retrycache.statistics.expirytime = 100ms (default)
2024-04-09 12:04:21,384 [06c35c3a-0415-431d-ae8b-027bb2658858-groupManagement] INFO  server.RaftServerConfigKeys (ConfUtils.java:logGet(46)) - raft.server.read.option = DEFAULT (default)
2024-04-09 12:04:21,384 [06c35c3a-0415-431d-ae8b-027bb2658858-groupManagement] INFO  server.RaftServerConfigKeys (ConfUtils.java:logGet(46)) - raft.server.read.read-after-write-consistent.write-index-cache.expiry-time = 60s (default)
2024-04-09 12:04:21,386 [06c35c3a-0415-431d-ae8b-027bb2658858-groupManagement] INFO  server.RaftServerConfigKeys (ConfUtils.java:logGet(46)) - raft.server.rpc.request.timeout = 3000ms (default)
2024-04-09 12:04:21,386 [06c35c3a-0415-431d-ae8b-027bb2658858-groupManagement] INFO  server.RaftServerConfigKeys (ConfUtils.java:logGet(46)) - raft.server.log.appender.install.snapshot.enabled = false (custom)
2024-04-09 12:04:21,387 [06c35c3a-0415-431d-ae8b-027bb2658858-groupManagement] INFO  server.RaftServerConfigKeys (ConfUtils.java:logGet(46)) - raft.server.threadpool.server.cached = true (default)
2024-04-09 12:04:21,387 [06c35c3a-0415-431d-ae8b-027bb2658858-groupManagement] INFO  server.RaftServerConfigKeys (ConfUtils.java:logGet(46)) - raft.server.threadpool.server.size = 0 (default)
2024-04-09 12:04:21,387 [06c35c3a-0415-431d-ae8b-027bb2658858-groupManagement] INFO  server.RaftServerConfigKeys (ConfUtils.java:logGet(46)) - raft.server.threadpool.client.cached = true (default)
2024-04-09 12:04:21,387 [06c35c3a-0415-431d-ae8b-027bb2658858-groupManagement] INFO  server.RaftServerConfigKeys (ConfUtils.java:logGet(46)) - raft.server.threadpool.client.size = 0 (default)
2024-04-09 12:04:21,387 [06c35c3a-0415-431d-ae8b-027bb2658858-groupManagement] INFO  server.RaftServerConfigKeys (ConfUtils.java:logGet(46)) - raft.server.storage.free-space.min = 0MB (=0) (default)
2024-04-09 12:04:21,387 [06c35c3a-0415-431d-ae8b-027bb2658858-groupManagement] INFO  server.RaftServerConfigKeys (ConfUtils.java:logGet(46)) - raft.server.log.corruption.policy = EXCEPTION (default)
2024-04-09 12:04:21,387 [06c35c3a-0415-431d-ae8b-027bb2658858-groupManagement] INFO  server.RaftServerConfigKeys (ConfUtils.java:logGet(46)) - raft.server.storage.dir = [/home/runner/work/ozone/ozone/hadoop-ozone/integration-test/target/test-dir/MiniOzoneClusterImpl-00066f73-fe04-48fd-9c2f-afd3971143fc/ozone-meta/datanode-2/ratis] (custom)
2024-04-09 12:04:21,387 [06c35c3a-0415-431d-ae8b-027bb2658858-groupManagement] INFO  storage.RaftStorageDirectory (RaftStorageDirectoryImpl.java:analyzeStorage(138)) - The storage directory /home/runner/work/ozone/ozone/hadoop-ozone/integration-test/target/test-dir/MiniOzoneClusterImpl-00066f73-fe04-48fd-9c2f-afd3971143fc/ozone-meta/datanode-2/ratis/8a023e63-f161-45d8-9a3c-db1d75a9e2dc does not exist. Creating ...
2024-04-09 12:04:21,388 [06c35c3a-0415-431d-ae8b-027bb2658858-groupManagement] INFO  storage.RaftStorageDirectory (RaftStorageDirectoryImpl.java:tryLock(228)) - Lock on /home/runner/work/ozone/ozone/hadoop-ozone/integration-test/target/test-dir/MiniOzoneClusterImpl-00066f73-fe04-48fd-9c2f-afd3971143fc/ozone-meta/datanode-2/ratis/8a023e63-f161-45d8-9a3c-db1d75a9e2dc/in_use.lock acquired by nodename 114594@fv-az1531-426
2024-04-09 12:04:21,394 [06c35c3a-0415-431d-ae8b-027bb2658858-groupManagement] INFO  storage.RaftStorage (RaftStorageImpl.java:format(99)) - Storage directory /home/runner/work/ozone/ozone/hadoop-ozone/integration-test/target/test-dir/MiniOzoneClusterImpl-00066f73-fe04-48fd-9c2f-afd3971143fc/ozone-meta/datanode-2/ratis/8a023e63-f161-45d8-9a3c-db1d75a9e2dc has been successfully formatted.
2024-04-09 12:04:21,394 [06c35c3a-0415-431d-ae8b-027bb2658858-groupManagement] WARN  util.FileUtils (LogUtils.java:supplyAndLog(63)) - Failed to Files.newInputStream /home/runner/work/ozone/ozone/hadoop-ozone/integration-test/target/test-dir/MiniOzoneClusterImpl-00066f73-fe04-48fd-9c2f-afd3971143fc/ozone-meta/datanode-2/ratis/8a023e63-f161-45d8-9a3c-db1d75a9e2dc/current/raft-meta.conf with options []: java.nio.file.NoSuchFileException: /home/runner/work/ozone/ozone/hadoop-ozone/integration-test/target/test-dir/MiniOzoneClusterImpl-00066f73-fe04-48fd-9c2f-afd3971143fc/ozone-meta/datanode-2/ratis/8a023e63-f161-45d8-9a3c-db1d75a9e2dc/current/raft-meta.conf
2024-04-09 12:04:21,395 [06c35c3a-0415-431d-ae8b-027bb2658858-groupManagement] INFO  ratis.ContainerStateMachine (ContainerStateMachine.java:loadSnapshot(287)) - group-DB1D75A9E2DC: The snapshot info is null. Setting the last applied index to:(t:0, i:~)
2024-04-09 12:04:21,395 [06c35c3a-0415-431d-ae8b-027bb2658858-groupManagement] INFO  server.RaftServerConfigKeys (ConfUtils.java:logGet(46)) - raft.server.log.use.memory = false (default)
2024-04-09 12:04:21,395 [06c35c3a-0415-431d-ae8b-027bb2658858-groupManagement] INFO  server.RaftServerConfigKeys (ConfUtils.java:logGet(46)) - raft.server.log.purge.gap = 1000000 (custom)
2024-04-09 12:04:21,395 [06c35c3a-0415-431d-ae8b-027bb2658858-groupManagement] INFO  server.RaftServerConfigKeys (ConfUtils.java:logGet(46)) - raft.server.log.appender.buffer.byte-limit = 8388608 (custom)
2024-04-09 12:04:21,396 [06c35c3a-0415-431d-ae8b-027bb2658858-groupManagement] INFO  server.RaftServerConfigKeys (ConfUtils.java:logGet(46)) - raft.server.log.statemachine.data.read.timeout = 1000ms (default)
2024-04-09 12:04:21,396 [06c35c3a-0415-431d-ae8b-027bb2658858-groupManagement] INFO  server.RaftServerConfigKeys (ConfUtils.java:logGet(46)) - raft.server.log.purge.preservation.log.num = 0 (default)
2024-04-09 12:04:21,397 [06c35c3a-0415-431d-ae8b-027bb2658858-groupManagement] INFO  server.RaftServerConfigKeys (ConfUtils.java:logGet(46)) - raft.server.log.segment.size.max = 67108864 (custom)
2024-04-09 12:04:21,397 [06c35c3a-0415-431d-ae8b-027bb2658858-groupManagement] INFO  server.RaftServerConfigKeys (ConfUtils.java:logGet(46)) - raft.server.log.segment.cache.num.max = 2 (custom)
2024-04-09 12:04:21,397 [06c35c3a-0415-431d-ae8b-027bb2658858-groupManagement] INFO  server.RaftServerConfigKeys (ConfUtils.java:logGet(46)) - raft.server.log.segment.cache.size.max = 200MB (=209715200) (default)
2024-04-09 12:04:21,397 [06c35c3a-0415-431d-ae8b-027bb2658858-groupManagement] INFO  server.RaftServerConfigKeys (ConfUtils.java:logGet(46)) - raft.server.log.appender.buffer.byte-limit = 8388608 (custom)
2024-04-09 12:04:21,397 [EventQueue-OpenPipelineForHealthyPipelineSafeModeRule] INFO  safemode.SCMSafeModeManager (HealthyPipelineSafeModeRule.java:process(140)) - SCM in safe mode. Healthy pipelines reported count is 0, required healthy pipeline reported count is 1
2024-04-09 12:04:21,404 [06c35c3a-0415-431d-ae8b-027bb2658858-groupManagement] INFO  util.AwaitToRun (AwaitToRun.java:start(81)) - Thread[06c35c3a-0415-431d-ae8b-027bb2658858@group-DB1D75A9E2DC-cacheEviction-AwaitToRun,5,main] started
2024-04-09 12:04:21,404 [06c35c3a-0415-431d-ae8b-027bb2658858-groupManagement] INFO  segmented.SegmentedRaftLogWorker (SegmentedRaftLogWorker.java:<init>(182)) - new 06c35c3a-0415-431d-ae8b-027bb2658858@group-DB1D75A9E2DC-SegmentedRaftLogWorker for RaftStorageImpl:Storage Directory /home/runner/work/ozone/ozone/hadoop-ozone/integration-test/target/test-dir/MiniOzoneClusterImpl-00066f73-fe04-48fd-9c2f-afd3971143fc/ozone-meta/datanode-2/ratis/8a023e63-f161-45d8-9a3c-db1d75a9e2dc
2024-04-09 12:04:21,404 [06c35c3a-0415-431d-ae8b-027bb2658858-groupManagement] INFO  server.RaftServerConfigKeys (ConfUtils.java:logGet(46)) - raft.server.log.queue.byte-limit = 4294967296 (custom)
2024-04-09 12:04:21,404 [06c35c3a-0415-431d-ae8b-027bb2658858-groupManagement] INFO  server.RaftServerConfigKeys (ConfUtils.java:logGet(46)) - raft.server.log.queue.element-limit = 1024 (custom)
2024-04-09 12:04:21,404 [06c35c3a-0415-431d-ae8b-027bb2658858-groupManagement] INFO  server.RaftServerConfigKeys (ConfUtils.java:logGet(46)) - raft.server.log.segment.size.max = 67108864 (custom)
2024-04-09 12:04:21,404 [06c35c3a-0415-431d-ae8b-027bb2658858-groupManagement] INFO  server.RaftServerConfigKeys (ConfUtils.java:logGet(46)) - raft.server.log.preallocated.size = 4194304 (custom)
2024-04-09 12:04:21,405 [06c35c3a-0415-431d-ae8b-027bb2658858-groupManagement] INFO  server.RaftServerConfigKeys (ConfUtils.java:logGet(46)) - raft.server.log.force.sync.num = 128 (default)
2024-04-09 12:04:21,405 [06c35c3a-0415-431d-ae8b-027bb2658858-groupManagement] INFO  server.RaftServerConfigKeys (ConfUtils.java:logGet(46)) - raft.server.log.statemachine.data.sync = true (default)
2024-04-09 12:04:21,405 [06c35c3a-0415-431d-ae8b-027bb2658858-groupManagement] INFO  server.RaftServerConfigKeys (ConfUtils.java:logGet(46)) - raft.server.log.statemachine.data.sync.timeout = 10s (default)
2024-04-09 12:04:21,405 [06c35c3a-0415-431d-ae8b-027bb2658858-groupManagement] INFO  server.RaftServerConfigKeys (ConfUtils.java:logGet(46)) - raft.server.log.statemachine.data.sync.timeout.retry = 0 (custom)
2024-04-09 12:04:21,405 [06c35c3a-0415-431d-ae8b-027bb2658858-groupManagement] INFO  server.RaftServerConfigKeys (ConfUtils.java:logGet(46)) - raft.server.log.write.buffer.size = 8388616 (custom)
2024-04-09 12:04:21,407 [47f2b6e5-7d1c-4a61-9d74-1b86fd130309-PipelineCommandHandlerThread-0] INFO  commandhandler.CreatePipelineCommandHandler (CreatePipelineCommandHandler.java:lambda$handle$2(124)) - Created Pipeline RATIS THREE PipelineID=8a023e63-f161-45d8-9a3c-db1d75a9e2dc.
2024-04-09 12:04:21,408 [47f2b6e5-7d1c-4a61-9d74-1b86fd130309-PipelineCommandHandlerThread-0] INFO  server.RaftServer (RaftServerProxy.java:addNew(100)) - 47f2b6e5-7d1c-4a61-9d74-1b86fd130309: addNew group-2C2C502A59F8:[47f2b6e5-7d1c-4a61-9d74-1b86fd130309|10.1.0.103:15067, 06c35c3a-0415-431d-ae8b-027bb2658858|10.1.0.103:15076, c0a63e6c-c246-4c4b-b9bd-48fbdf84331c|10.1.0.103:15085] returns group-2C2C502A59F8:java.util.concurrent.CompletableFuture@1d86c8b9[Not completed]
2024-04-09 12:04:21,409 [47f2b6e5-7d1c-4a61-9d74-1b86fd130309-groupManagement] INFO  server.RaftServer$Division (RaftServerImpl.java:<init>(256)) - 47f2b6e5-7d1c-4a61-9d74-1b86fd130309: new RaftServerImpl for group-2C2C502A59F8:[47f2b6e5-7d1c-4a61-9d74-1b86fd130309|10.1.0.103:15067, 06c35c3a-0415-431d-ae8b-027bb2658858|10.1.0.103:15076, c0a63e6c-c246-4c4b-b9bd-48fbdf84331c|10.1.0.103:15085] with ContainerStateMachine:uninitialized
2024-04-09 12:04:21,409 [47f2b6e5-7d1c-4a61-9d74-1b86fd130309-groupManagement] INFO  server.RaftServerConfigKeys (ConfUtils.java:logGet(46)) - raft.server.rpc.timeout.min = 5s (custom)
2024-04-09 12:04:21,409 [47f2b6e5-7d1c-4a61-9d74-1b86fd130309-groupManagement] INFO  server.RaftServerConfigKeys (ConfUtils.java:logGet(46)) - raft.server.rpc.timeout.max = 5200ms (custom)
2024-04-09 12:04:21,409 [47f2b6e5-7d1c-4a61-9d74-1b86fd130309-groupManagement] INFO  server.RaftServerConfigKeys (ConfUtils.java:logGet(46)) - raft.server.rpc.sleep.time = 25ms (default)
2024-04-09 12:04:21,409 [47f2b6e5-7d1c-4a61-9d74-1b86fd130309-groupManagement] INFO  server.RaftServerConfigKeys (ConfUtils.java:logGet(46)) - raft.server.rpc.slowness.timeout = 300000ms (custom)
2024-04-09 12:04:21,409 [47f2b6e5-7d1c-4a61-9d74-1b86fd130309-groupManagement] INFO  server.RaftServerConfigKeys (ConfUtils.java:logGet(46)) - raft.server.leaderelection.leader.step-down.wait-time = 10s (default)
2024-04-09 12:04:21,409 [47f2b6e5-7d1c-4a61-9d74-1b86fd130309-groupManagement] INFO  server.RaftServerConfigKeys (ConfUtils.java:logGet(46)) - raft.server.leaderelection.member.majority-add = false (default)
2024-04-09 12:04:21,409 [47f2b6e5-7d1c-4a61-9d74-1b86fd130309-groupManagement] INFO  server.RaftServerConfigKeys (ConfUtils.java:logGet(46)) - raft.server.sleep.deviation.threshold = 300ms (default)
2024-04-09 12:04:21,409 [47f2b6e5-7d1c-4a61-9d74-1b86fd130309-groupManagement] INFO  server.RaftServer$Division (ServerState.java:<init>(113)) - 47f2b6e5-7d1c-4a61-9d74-1b86fd130309@group-2C2C502A59F8: ConfigurationManager, init=-1: peers:[47f2b6e5-7d1c-4a61-9d74-1b86fd130309|10.1.0.103:15067, 06c35c3a-0415-431d-ae8b-027bb2658858|10.1.0.103:15076, c0a63e6c-c246-4c4b-b9bd-48fbdf84331c|10.1.0.103:15085]|listeners:[], old=null, confs=<EMPTY_MAP>
2024-04-09 12:04:21,409 [47f2b6e5-7d1c-4a61-9d74-1b86fd130309-groupManagement] INFO  server.RaftServerConfigKeys (ConfUtils.java:logGet(46)) - raft.server.notification.no-leader.timeout = 300000ms (custom)
2024-04-09 12:04:21,409 [47f2b6e5-7d1c-4a61-9d74-1b86fd130309-groupManagement] INFO  server.RaftServerConfigKeys (ConfUtils.java:logGet(46)) - raft.server.read.timeout = 10s (default)
2024-04-09 12:04:21,409 [47f2b6e5-7d1c-4a61-9d74-1b86fd130309-groupManagement] INFO  server.RaftServerConfigKeys (ConfUtils.java:logGet(46)) - raft.server.retrycache.expirytime = 600000ms (custom)
2024-04-09 12:04:21,409 [47f2b6e5-7d1c-4a61-9d74-1b86fd130309-groupManagement] INFO  server.RaftServerConfigKeys (ConfUtils.java:logGet(46)) - raft.server.retrycache.statistics.expirytime = 100ms (default)
2024-04-09 12:04:21,409 [47f2b6e5-7d1c-4a61-9d74-1b86fd130309-groupManagement] INFO  server.RaftServerConfigKeys (ConfUtils.java:logGet(46)) - raft.server.read.option = DEFAULT (default)
2024-04-09 12:04:21,409 [47f2b6e5-7d1c-4a61-9d74-1b86fd130309-groupManagement] INFO  server.RaftServerConfigKeys (ConfUtils.java:logGet(46)) - raft.server.read.read-after-write-consistent.write-index-cache.expiry-time = 60s (default)
2024-04-09 12:04:21,411 [47f2b6e5-7d1c-4a61-9d74-1b86fd130309-groupManagement] INFO  server.RaftServerConfigKeys (ConfUtils.java:logGet(46)) - raft.server.rpc.request.timeout = 3000ms (default)
2024-04-09 12:04:21,411 [47f2b6e5-7d1c-4a61-9d74-1b86fd130309-groupManagement] INFO  server.RaftServerConfigKeys (ConfUtils.java:logGet(46)) - raft.server.log.appender.install.snapshot.enabled = false (custom)
2024-04-09 12:04:21,411 [47f2b6e5-7d1c-4a61-9d74-1b86fd130309-groupManagement] INFO  server.RaftServerConfigKeys (ConfUtils.java:logGet(46)) - raft.server.threadpool.server.cached = true (default)
2024-04-09 12:04:21,411 [47f2b6e5-7d1c-4a61-9d74-1b86fd130309-groupManagement] INFO  server.RaftServerConfigKeys (ConfUtils.java:logGet(46)) - raft.server.threadpool.server.size = 0 (default)
2024-04-09 12:04:21,411 [47f2b6e5-7d1c-4a61-9d74-1b86fd130309-groupManagement] INFO  server.RaftServerConfigKeys (ConfUtils.java:logGet(46)) - raft.server.threadpool.client.cached = true (default)
2024-04-09 12:04:21,411 [47f2b6e5-7d1c-4a61-9d74-1b86fd130309-groupManagement] INFO  server.RaftServerConfigKeys (ConfUtils.java:logGet(46)) - raft.server.threadpool.client.size = 0 (default)
2024-04-09 12:04:21,411 [47f2b6e5-7d1c-4a61-9d74-1b86fd130309-groupManagement] INFO  server.RaftServerConfigKeys (ConfUtils.java:logGet(46)) - raft.server.storage.free-space.min = 0MB (=0) (default)
2024-04-09 12:04:21,411 [47f2b6e5-7d1c-4a61-9d74-1b86fd130309-groupManagement] INFO  server.RaftServerConfigKeys (ConfUtils.java:logGet(46)) - raft.server.log.corruption.policy = EXCEPTION (default)
2024-04-09 12:04:21,411 [47f2b6e5-7d1c-4a61-9d74-1b86fd130309-groupManagement] INFO  server.RaftServerConfigKeys (ConfUtils.java:logGet(46)) - raft.server.storage.dir = [/home/runner/work/ozone/ozone/hadoop-ozone/integration-test/target/test-dir/MiniOzoneClusterImpl-00066f73-fe04-48fd-9c2f-afd3971143fc/ozone-meta/datanode-1/ratis] (custom)
2024-04-09 12:04:21,411 [47f2b6e5-7d1c-4a61-9d74-1b86fd130309-groupManagement] INFO  storage.RaftStorageDirectory (RaftStorageDirectoryImpl.java:analyzeStorage(138)) - The storage directory /home/runner/work/ozone/ozone/hadoop-ozone/integration-test/target/test-dir/MiniOzoneClusterImpl-00066f73-fe04-48fd-9c2f-afd3971143fc/ozone-meta/datanode-1/ratis/b8bf2288-a83f-4302-a707-2c2c502a59f8 does not exist. Creating ...
2024-04-09 12:04:21,409 [06c35c3a-0415-431d-ae8b-027bb2658858-groupManagement] INFO  server.RaftServerConfigKeys (ConfUtils.java:logGet(46)) - raft.server.log.appender.buffer.byte-limit = 8388608 (custom)
2024-04-09 12:04:21,412 [06c35c3a-0415-431d-ae8b-027bb2658858-groupManagement] INFO  server.RaftServerConfigKeys (ConfUtils.java:logGet(46)) - raft.server.log.unsafe-flush.enabled = false (default)
2024-04-09 12:04:21,412 [06c35c3a-0415-431d-ae8b-027bb2658858-groupManagement] INFO  server.RaftServerConfigKeys (ConfUtils.java:logGet(46)) - raft.server.log.async-flush.enabled = false (default)
2024-04-09 12:04:21,412 [06c35c3a-0415-431d-ae8b-027bb2658858-groupManagement] INFO  server.RaftServerConfigKeys (ConfUtils.java:logGet(46)) - raft.server.log.statemachine.data.caching.enabled = true (custom)
2024-04-09 12:04:21,412 [06c35c3a-0415-431d-ae8b-027bb2658858-groupManagement] INFO  segmented.SegmentedRaftLogWorker (SegmentedRaftLogWorker.java:lambda$new$0(134)) - 06c35c3a-0415-431d-ae8b-027bb2658858@group-DB1D75A9E2DC-SegmentedRaftLogWorker: flushIndex: setUnconditionally 0 -> -1
2024-04-09 12:04:21,413 [06c35c3a-0415-431d-ae8b-027bb2658858-groupManagement] INFO  segmented.SegmentedRaftLogWorker (SegmentedRaftLogWorker.java:lambda$new$0(134)) - 06c35c3a-0415-431d-ae8b-027bb2658858@group-DB1D75A9E2DC-SegmentedRaftLogWorker: safeCacheEvictIndex: setUnconditionally 0 -> -1
2024-04-09 12:04:21,413 [47f2b6e5-7d1c-4a61-9d74-1b86fd130309-groupManagement] INFO  storage.RaftStorageDirectory (RaftStorageDirectoryImpl.java:tryLock(228)) - Lock on /home/runner/work/ozone/ozone/hadoop-ozone/integration-test/target/test-dir/MiniOzoneClusterImpl-00066f73-fe04-48fd-9c2f-afd3971143fc/ozone-meta/datanode-1/ratis/b8bf2288-a83f-4302-a707-2c2c502a59f8/in_use.lock acquired by nodename 114594@fv-az1531-426
2024-04-09 12:04:21,414 [06c35c3a-0415-431d-ae8b-027bb2658858-groupManagement] INFO  server.RaftServer$Division (RaftServerImpl.java:start(396)) - 06c35c3a-0415-431d-ae8b-027bb2658858@group-DB1D75A9E2DC: start as a follower, conf=-1: peers:[47f2b6e5-7d1c-4a61-9d74-1b86fd130309|10.1.0.103:15067, 06c35c3a-0415-431d-ae8b-027bb2658858|10.1.0.103:15076, c0a63e6c-c246-4c4b-b9bd-48fbdf84331c|10.1.0.103:15085]|listeners:[], old=null
2024-04-09 12:04:21,414 [47f2b6e5-7d1c-4a61-9d74-1b86fd130309-groupManagement] INFO  storage.RaftStorage (RaftStorageImpl.java:format(99)) - Storage directory /home/runner/work/ozone/ozone/hadoop-ozone/integration-test/target/test-dir/MiniOzoneClusterImpl-00066f73-fe04-48fd-9c2f-afd3971143fc/ozone-meta/datanode-1/ratis/b8bf2288-a83f-4302-a707-2c2c502a59f8 has been successfully formatted.
2024-04-09 12:04:21,414 [06c35c3a-0415-431d-ae8b-027bb2658858-groupManagement] INFO  server.RaftServer$Division (RaftServerImpl.java:setRole(383)) - 06c35c3a-0415-431d-ae8b-027bb2658858@group-DB1D75A9E2DC: changes role from      null to FOLLOWER at term 0 for startAsFollower
2024-04-09 12:04:21,414 [06c35c3a-0415-431d-ae8b-027bb2658858-groupManagement] INFO  impl.RoleInfo (RoleInfo.java:updateAndGet(139)) - 06c35c3a-0415-431d-ae8b-027bb2658858: start 06c35c3a-0415-431d-ae8b-027bb2658858@group-DB1D75A9E2DC-FollowerState
2024-04-09 12:04:21,414 [47f2b6e5-7d1c-4a61-9d74-1b86fd130309-groupManagement] WARN  util.FileUtils (LogUtils.java:supplyAndLog(63)) - Failed to Files.newInputStream /home/runner/work/ozone/ozone/hadoop-ozone/integration-test/target/test-dir/MiniOzoneClusterImpl-00066f73-fe04-48fd-9c2f-afd3971143fc/ozone-meta/datanode-1/ratis/b8bf2288-a83f-4302-a707-2c2c502a59f8/current/raft-meta.conf with options []: java.nio.file.NoSuchFileException: /home/runner/work/ozone/ozone/hadoop-ozone/integration-test/target/test-dir/MiniOzoneClusterImpl-00066f73-fe04-48fd-9c2f-afd3971143fc/ozone-meta/datanode-1/ratis/b8bf2288-a83f-4302-a707-2c2c502a59f8/current/raft-meta.conf
2024-04-09 12:04:21,415 [47f2b6e5-7d1c-4a61-9d74-1b86fd130309-groupManagement] INFO  ratis.ContainerStateMachine (ContainerStateMachine.java:loadSnapshot(287)) - group-2C2C502A59F8: The snapshot info is null. Setting the last applied index to:(t:0, i:~)
2024-04-09 12:04:21,415 [47f2b6e5-7d1c-4a61-9d74-1b86fd130309-groupManagement] INFO  server.RaftServerConfigKeys (ConfUtils.java:logGet(46)) - raft.server.log.use.memory = false (default)
2024-04-09 12:04:21,415 [47f2b6e5-7d1c-4a61-9d74-1b86fd130309-groupManagement] INFO  server.RaftServerConfigKeys (ConfUtils.java:logGet(46)) - raft.server.log.purge.gap = 1000000 (custom)
2024-04-09 12:04:21,415 [47f2b6e5-7d1c-4a61-9d74-1b86fd130309-groupManagement] INFO  server.RaftServerConfigKeys (ConfUtils.java:logGet(46)) - raft.server.log.appender.buffer.byte-limit = 8388608 (custom)
2024-04-09 12:04:21,415 [47f2b6e5-7d1c-4a61-9d74-1b86fd130309-groupManagement] INFO  server.RaftServerConfigKeys (ConfUtils.java:logGet(46)) - raft.server.log.statemachine.data.read.timeout = 1000ms (default)
2024-04-09 12:04:21,415 [47f2b6e5-7d1c-4a61-9d74-1b86fd130309-groupManagement] INFO  server.RaftServerConfigKeys (ConfUtils.java:logGet(46)) - raft.server.log.purge.preservation.log.num = 0 (default)
2024-04-09 12:04:21,416 [47f2b6e5-7d1c-4a61-9d74-1b86fd130309-groupManagement] INFO  server.RaftServerConfigKeys (ConfUtils.java:logGet(46)) - raft.server.log.segment.size.max = 67108864 (custom)
2024-04-09 12:04:21,417 [47f2b6e5-7d1c-4a61-9d74-1b86fd130309-groupManagement] INFO  server.RaftServerConfigKeys (ConfUtils.java:logGet(46)) - raft.server.log.segment.cache.num.max = 2 (custom)
2024-04-09 12:04:21,417 [47f2b6e5-7d1c-4a61-9d74-1b86fd130309-groupManagement] INFO  server.RaftServerConfigKeys (ConfUtils.java:logGet(46)) - raft.server.log.segment.cache.size.max = 200MB (=209715200) (default)
2024-04-09 12:04:21,417 [47f2b6e5-7d1c-4a61-9d74-1b86fd130309-groupManagement] INFO  server.RaftServerConfigKeys (ConfUtils.java:logGet(46)) - raft.server.log.appender.buffer.byte-limit = 8388608 (custom)
2024-04-09 12:04:21,417 [EventQueue-OpenPipelineForHealthyPipelineSafeModeRule] INFO  safemode.SCMSafeModeManager (HealthyPipelineSafeModeRule.java:process(140)) - SCM in safe mode. Healthy pipelines reported count is 0, required healthy pipeline reported count is 1
2024-04-09 12:04:21,418 [06c35c3a-0415-431d-ae8b-027bb2658858@group-DB1D75A9E2DC-FollowerState] INFO  server.RaftServerConfigKeys (ConfUtils.java:logFallback(53)) - raft.server.rpc.first-election.timeout.min = 5s (fallback to raft.server.rpc.timeout.min)
2024-04-09 12:04:21,418 [47f2b6e5-7d1c-4a61-9d74-1b86fd130309-groupManagement] INFO  util.AwaitToRun (AwaitToRun.java:start(81)) - Thread[47f2b6e5-7d1c-4a61-9d74-1b86fd130309@group-2C2C502A59F8-cacheEviction-AwaitToRun,5,main] started
2024-04-09 12:04:21,418 [47f2b6e5-7d1c-4a61-9d74-1b86fd130309-groupManagement] INFO  segmented.SegmentedRaftLogWorker (SegmentedRaftLogWorker.java:<init>(182)) - new 47f2b6e5-7d1c-4a61-9d74-1b86fd130309@group-2C2C502A59F8-SegmentedRaftLogWorker for RaftStorageImpl:Storage Directory /home/runner/work/ozone/ozone/hadoop-ozone/integration-test/target/test-dir/MiniOzoneClusterImpl-00066f73-fe04-48fd-9c2f-afd3971143fc/ozone-meta/datanode-1/ratis/b8bf2288-a83f-4302-a707-2c2c502a59f8
2024-04-09 12:04:21,419 [47f2b6e5-7d1c-4a61-9d74-1b86fd130309-groupManagement] INFO  server.RaftServerConfigKeys (ConfUtils.java:logGet(46)) - raft.server.log.queue.byte-limit = 4294967296 (custom)
2024-04-09 12:04:21,419 [47f2b6e5-7d1c-4a61-9d74-1b86fd130309-groupManagement] INFO  server.RaftServerConfigKeys (ConfUtils.java:logGet(46)) - raft.server.log.queue.element-limit = 1024 (custom)
2024-04-09 12:04:21,419 [47f2b6e5-7d1c-4a61-9d74-1b86fd130309-groupManagement] INFO  server.RaftServerConfigKeys (ConfUtils.java:logGet(46)) - raft.server.log.segment.size.max = 67108864 (custom)
2024-04-09 12:04:21,419 [47f2b6e5-7d1c-4a61-9d74-1b86fd130309-groupManagement] INFO  server.RaftServerConfigKeys (ConfUtils.java:logGet(46)) - raft.server.log.preallocated.size = 4194304 (custom)
2024-04-09 12:04:21,419 [47f2b6e5-7d1c-4a61-9d74-1b86fd130309-groupManagement] INFO  server.RaftServerConfigKeys (ConfUtils.java:logGet(46)) - raft.server.log.force.sync.num = 128 (default)
2024-04-09 12:04:21,419 [47f2b6e5-7d1c-4a61-9d74-1b86fd130309-groupManagement] INFO  server.RaftServerConfigKeys (ConfUtils.java:logGet(46)) - raft.server.log.statemachine.data.sync = true (default)
2024-04-09 12:04:21,419 [47f2b6e5-7d1c-4a61-9d74-1b86fd130309-groupManagement] INFO  server.RaftServerConfigKeys (ConfUtils.java:logGet(46)) - raft.server.log.statemachine.data.sync.timeout = 10s (default)
2024-04-09 12:04:21,419 [47f2b6e5-7d1c-4a61-9d74-1b86fd130309-groupManagement] INFO  server.RaftServerConfigKeys (ConfUtils.java:logGet(46)) - raft.server.log.statemachine.data.sync.timeout.retry = 0 (custom)
2024-04-09 12:04:21,419 [47f2b6e5-7d1c-4a61-9d74-1b86fd130309-groupManagement] INFO  server.RaftServerConfigKeys (ConfUtils.java:logGet(46)) - raft.server.log.write.buffer.size = 8388616 (custom)
2024-04-09 12:04:21,421 [47f2b6e5-7d1c-4a61-9d74-1b86fd130309-groupManagement] INFO  server.RaftServerConfigKeys (ConfUtils.java:logGet(46)) - raft.server.log.appender.buffer.byte-limit = 8388608 (custom)
2024-04-09 12:04:21,421 [47f2b6e5-7d1c-4a61-9d74-1b86fd130309-groupManagement] INFO  server.RaftServerConfigKeys (ConfUtils.java:logGet(46)) - raft.server.log.unsafe-flush.enabled = false (default)
2024-04-09 12:04:21,421 [47f2b6e5-7d1c-4a61-9d74-1b86fd130309-groupManagement] INFO  server.RaftServerConfigKeys (ConfUtils.java:logGet(46)) - raft.server.log.async-flush.enabled = false (default)
2024-04-09 12:04:21,421 [47f2b6e5-7d1c-4a61-9d74-1b86fd130309-groupManagement] INFO  server.RaftServerConfigKeys (ConfUtils.java:logGet(46)) - raft.server.log.statemachine.data.caching.enabled = true (custom)
2024-04-09 12:04:21,421 [47f2b6e5-7d1c-4a61-9d74-1b86fd130309-groupManagement] INFO  segmented.SegmentedRaftLogWorker (SegmentedRaftLogWorker.java:lambda$new$0(134)) - 47f2b6e5-7d1c-4a61-9d74-1b86fd130309@group-2C2C502A59F8-SegmentedRaftLogWorker: flushIndex: setUnconditionally 0 -> -1
2024-04-09 12:04:21,421 [47f2b6e5-7d1c-4a61-9d74-1b86fd130309-groupManagement] INFO  segmented.SegmentedRaftLogWorker (SegmentedRaftLogWorker.java:lambda$new$0(134)) - 47f2b6e5-7d1c-4a61-9d74-1b86fd130309@group-2C2C502A59F8-SegmentedRaftLogWorker: safeCacheEvictIndex: setUnconditionally 0 -> -1
2024-04-09 12:04:21,418 [06c35c3a-0415-431d-ae8b-027bb2658858-groupManagement] INFO  util.JmxRegister (JmxRegister.java:tryRegister(44)) - Successfully registered JMX Bean with object name Ratis:service=RaftServer,group=group-DB1D75A9E2DC,id=06c35c3a-0415-431d-ae8b-027bb2658858
2024-04-09 12:04:21,422 [06c35c3a-0415-431d-ae8b-027bb2658858-groupManagement] INFO  server.RaftServerConfigKeys (ConfUtils.java:logGet(46)) - raft.server.snapshot.trigger-when-stop.enabled = true (default)
2024-04-09 12:04:21,422 [06c35c3a-0415-431d-ae8b-027bb2658858-groupManagement] INFO  server.RaftServerConfigKeys (ConfUtils.java:logGet(46)) - raft.server.snapshot.auto.trigger.enabled = true (custom)
2024-04-09 12:04:21,422 [06c35c3a-0415-431d-ae8b-027bb2658858-groupManagement] INFO  server.RaftServerConfigKeys (ConfUtils.java:logGet(46)) - raft.server.snapshot.auto.trigger.threshold = 10000 (custom)
2024-04-09 12:04:21,422 [06c35c3a-0415-431d-ae8b-027bb2658858-groupManagement] INFO  server.RaftServerConfigKeys (ConfUtils.java:logGet(46)) - raft.server.snapshot.retention.file.num = 5 (custom)
2024-04-09 12:04:21,422 [06c35c3a-0415-431d-ae8b-027bb2658858-groupManagement] INFO  server.RaftServerConfigKeys (ConfUtils.java:logGet(46)) - raft.server.log.purge.upto.snapshot.index = false (default)
2024-04-09 12:04:21,422 [06c35c3a-0415-431d-ae8b-027bb2658858@group-DB1D75A9E2DC-FollowerState] INFO  server.RaftServerConfigKeys (ConfUtils.java:logFallback(53)) - raft.server.rpc.first-election.timeout.max = 5200ms (fallback to raft.server.rpc.timeout.max)
2024-04-09 12:04:21,423 [c0a63e6c-c246-4c4b-b9bd-48fbdf84331c-PipelineCommandHandlerThread-0] INFO  server.RaftServer (RaftServerProxy.java:addNew(100)) - c0a63e6c-c246-4c4b-b9bd-48fbdf84331c: addNew group-BACFA430F9BA:[c0a63e6c-c246-4c4b-b9bd-48fbdf84331c|10.1.0.103:15085] returns group-BACFA430F9BA:java.util.concurrent.CompletableFuture@6ac2dccc[Not completed]
2024-04-09 12:04:21,424 [c0a63e6c-c246-4c4b-b9bd-48fbdf84331c-groupManagement] INFO  server.RaftServer$Division (RaftServerImpl.java:<init>(256)) - c0a63e6c-c246-4c4b-b9bd-48fbdf84331c: new RaftServerImpl for group-BACFA430F9BA:[c0a63e6c-c246-4c4b-b9bd-48fbdf84331c|10.1.0.103:15085] with ContainerStateMachine:uninitialized
2024-04-09 12:04:21,424 [c0a63e6c-c246-4c4b-b9bd-48fbdf84331c-groupManagement] INFO  server.RaftServerConfigKeys (ConfUtils.java:logGet(46)) - raft.server.rpc.timeout.min = 5s (custom)
2024-04-09 12:04:21,424 [c0a63e6c-c246-4c4b-b9bd-48fbdf84331c-groupManagement] INFO  server.RaftServerConfigKeys (ConfUtils.java:logGet(46)) - raft.server.rpc.timeout.max = 5200ms (custom)
2024-04-09 12:04:21,424 [c0a63e6c-c246-4c4b-b9bd-48fbdf84331c-groupManagement] INFO  server.RaftServerConfigKeys (ConfUtils.java:logGet(46)) - raft.server.rpc.sleep.time = 25ms (default)
2024-04-09 12:04:21,424 [c0a63e6c-c246-4c4b-b9bd-48fbdf84331c-groupManagement] INFO  server.RaftServerConfigKeys (ConfUtils.java:logGet(46)) - raft.server.rpc.slowness.timeout = 300000ms (custom)
2024-04-09 12:04:21,424 [c0a63e6c-c246-4c4b-b9bd-48fbdf84331c-groupManagement] INFO  server.RaftServerConfigKeys (ConfUtils.java:logGet(46)) - raft.server.leaderelection.leader.step-down.wait-time = 10s (default)
2024-04-09 12:04:21,424 [c0a63e6c-c246-4c4b-b9bd-48fbdf84331c-groupManagement] INFO  server.RaftServerConfigKeys (ConfUtils.java:logGet(46)) - raft.server.leaderelection.member.majority-add = false (default)
2024-04-09 12:04:21,424 [c0a63e6c-c246-4c4b-b9bd-48fbdf84331c-groupManagement] INFO  server.RaftServerConfigKeys (ConfUtils.java:logGet(46)) - raft.server.sleep.deviation.threshold = 300ms (default)
2024-04-09 12:04:21,424 [c0a63e6c-c246-4c4b-b9bd-48fbdf84331c-groupManagement] INFO  server.RaftServer$Division (ServerState.java:<init>(113)) - c0a63e6c-c246-4c4b-b9bd-48fbdf84331c@group-BACFA430F9BA: ConfigurationManager, init=-1: peers:[c0a63e6c-c246-4c4b-b9bd-48fbdf84331c|10.1.0.103:15085]|listeners:[], old=null, confs=<EMPTY_MAP>
2024-04-09 12:04:21,424 [c0a63e6c-c246-4c4b-b9bd-48fbdf84331c-groupManagement] INFO  server.RaftServerConfigKeys (ConfUtils.java:logGet(46)) - raft.server.notification.no-leader.timeout = 300000ms (custom)
2024-04-09 12:04:21,424 [c0a63e6c-c246-4c4b-b9bd-48fbdf84331c-groupManagement] INFO  server.RaftServerConfigKeys (ConfUtils.java:logGet(46)) - raft.server.read.timeout = 10s (default)
2024-04-09 12:04:21,424 [c0a63e6c-c246-4c4b-b9bd-48fbdf84331c-groupManagement] INFO  server.RaftServerConfigKeys (ConfUtils.java:logGet(46)) - raft.server.retrycache.expirytime = 600000ms (custom)
2024-04-09 12:04:21,424 [c0a63e6c-c246-4c4b-b9bd-48fbdf84331c-groupManagement] INFO  server.RaftServerConfigKeys (ConfUtils.java:logGet(46)) - raft.server.retrycache.statistics.expirytime = 100ms (default)
2024-04-09 12:04:21,425 [c0a63e6c-c246-4c4b-b9bd-48fbdf84331c-groupManagement] INFO  server.RaftServerConfigKeys (ConfUtils.java:logGet(46)) - raft.server.read.option = DEFAULT (default)
2024-04-09 12:04:21,425 [c0a63e6c-c246-4c4b-b9bd-48fbdf84331c-groupManagement] INFO  server.RaftServerConfigKeys (ConfUtils.java:logGet(46)) - raft.server.read.read-after-write-consistent.write-index-cache.expiry-time = 60s (default)
2024-04-09 12:04:21,427 [c0a63e6c-c246-4c4b-b9bd-48fbdf84331c-groupManagement] INFO  server.RaftServerConfigKeys (ConfUtils.java:logGet(46)) - raft.server.rpc.request.timeout = 3000ms (default)
2024-04-09 12:04:21,427 [c0a63e6c-c246-4c4b-b9bd-48fbdf84331c-groupManagement] INFO  server.RaftServerConfigKeys (ConfUtils.java:logGet(46)) - raft.server.log.appender.install.snapshot.enabled = false (custom)
2024-04-09 12:04:21,427 [c0a63e6c-c246-4c4b-b9bd-48fbdf84331c-groupManagement] INFO  server.RaftServerConfigKeys (ConfUtils.java:logGet(46)) - raft.server.threadpool.server.cached = true (default)
2024-04-09 12:04:21,427 [c0a63e6c-c246-4c4b-b9bd-48fbdf84331c-groupManagement] INFO  server.RaftServerConfigKeys (ConfUtils.java:logGet(46)) - raft.server.threadpool.server.size = 0 (default)
2024-04-09 12:04:21,427 [c0a63e6c-c246-4c4b-b9bd-48fbdf84331c-groupManagement] INFO  server.RaftServerConfigKeys (ConfUtils.java:logGet(46)) - raft.server.threadpool.client.cached = true (default)
2024-04-09 12:04:21,427 [c0a63e6c-c246-4c4b-b9bd-48fbdf84331c-groupManagement] INFO  server.RaftServerConfigKeys (ConfUtils.java:logGet(46)) - raft.server.threadpool.client.size = 0 (default)
2024-04-09 12:04:21,427 [c0a63e6c-c246-4c4b-b9bd-48fbdf84331c-groupManagement] INFO  server.RaftServerConfigKeys (ConfUtils.java:logGet(46)) - raft.server.storage.free-space.min = 0MB (=0) (default)
2024-04-09 12:04:21,427 [c0a63e6c-c246-4c4b-b9bd-48fbdf84331c-groupManagement] INFO  server.RaftServerConfigKeys (ConfUtils.java:logGet(46)) - raft.server.log.corruption.policy = EXCEPTION (default)
2024-04-09 12:04:21,427 [c0a63e6c-c246-4c4b-b9bd-48fbdf84331c-groupManagement] INFO  server.RaftServerConfigKeys (ConfUtils.java:logGet(46)) - raft.server.storage.dir = [/home/runner/work/ozone/ozone/hadoop-ozone/integration-test/target/test-dir/MiniOzoneClusterImpl-00066f73-fe04-48fd-9c2f-afd3971143fc/ozone-meta/datanode-3/ratis] (custom)
2024-04-09 12:04:21,428 [c0a63e6c-c246-4c4b-b9bd-48fbdf84331c-groupManagement] INFO  storage.RaftStorageDirectory (RaftStorageDirectoryImpl.java:analyzeStorage(138)) - The storage directory /home/runner/work/ozone/ozone/hadoop-ozone/integration-test/target/test-dir/MiniOzoneClusterImpl-00066f73-fe04-48fd-9c2f-afd3971143fc/ozone-meta/datanode-3/ratis/bcd65a87-78fb-4d3f-8468-bacfa430f9ba does not exist. Creating ...
2024-04-09 12:04:21,428 [06c35c3a-0415-431d-ae8b-027bb2658858-PipelineCommandHandlerThread-0] INFO  ratis.XceiverServerRatis (XceiverServerRatis.java:addGroup(864)) - Created group PipelineID=8a023e63-f161-45d8-9a3c-db1d75a9e2dc
2024-04-09 12:04:21,429 [47f2b6e5-7d1c-4a61-9d74-1b86fd130309-groupManagement] INFO  server.RaftServer$Division (RaftServerImpl.java:start(396)) - 47f2b6e5-7d1c-4a61-9d74-1b86fd130309@group-2C2C502A59F8: start as a follower, conf=-1: peers:[47f2b6e5-7d1c-4a61-9d74-1b86fd130309|10.1.0.103:15067, 06c35c3a-0415-431d-ae8b-027bb2658858|10.1.0.103:15076, c0a63e6c-c246-4c4b-b9bd-48fbdf84331c|10.1.0.103:15085]|listeners:[], old=null
2024-04-09 12:04:21,429 [47f2b6e5-7d1c-4a61-9d74-1b86fd130309-groupManagement] INFO  server.RaftServer$Division (RaftServerImpl.java:setRole(383)) - 47f2b6e5-7d1c-4a61-9d74-1b86fd130309@group-2C2C502A59F8: changes role from      null to FOLLOWER at term 0 for startAsFollower
2024-04-09 12:04:21,429 [47f2b6e5-7d1c-4a61-9d74-1b86fd130309-groupManagement] INFO  impl.RoleInfo (RoleInfo.java:updateAndGet(139)) - 47f2b6e5-7d1c-4a61-9d74-1b86fd130309: start 47f2b6e5-7d1c-4a61-9d74-1b86fd130309@group-2C2C502A59F8-FollowerState
2024-04-09 12:04:21,429 [c0a63e6c-c246-4c4b-b9bd-48fbdf84331c-groupManagement] INFO  storage.RaftStorageDirectory (RaftStorageDirectoryImpl.java:tryLock(228)) - Lock on /home/runner/work/ozone/ozone/hadoop-ozone/integration-test/target/test-dir/MiniOzoneClusterImpl-00066f73-fe04-48fd-9c2f-afd3971143fc/ozone-meta/datanode-3/ratis/bcd65a87-78fb-4d3f-8468-bacfa430f9ba/in_use.lock acquired by nodename 114594@fv-az1531-426
2024-04-09 12:04:21,430 [c0a63e6c-c246-4c4b-b9bd-48fbdf84331c-groupManagement] INFO  storage.RaftStorage (RaftStorageImpl.java:format(99)) - Storage directory /home/runner/work/ozone/ozone/hadoop-ozone/integration-test/target/test-dir/MiniOzoneClusterImpl-00066f73-fe04-48fd-9c2f-afd3971143fc/ozone-meta/datanode-3/ratis/bcd65a87-78fb-4d3f-8468-bacfa430f9ba has been successfully formatted.
2024-04-09 12:04:21,430 [c0a63e6c-c246-4c4b-b9bd-48fbdf84331c-groupManagement] WARN  util.FileUtils (LogUtils.java:supplyAndLog(63)) - Failed to Files.newInputStream /home/runner/work/ozone/ozone/hadoop-ozone/integration-test/target/test-dir/MiniOzoneClusterImpl-00066f73-fe04-48fd-9c2f-afd3971143fc/ozone-meta/datanode-3/ratis/bcd65a87-78fb-4d3f-8468-bacfa430f9ba/current/raft-meta.conf with options []: java.nio.file.NoSuchFileException: /home/runner/work/ozone/ozone/hadoop-ozone/integration-test/target/test-dir/MiniOzoneClusterImpl-00066f73-fe04-48fd-9c2f-afd3971143fc/ozone-meta/datanode-3/ratis/bcd65a87-78fb-4d3f-8468-bacfa430f9ba/current/raft-meta.conf
2024-04-09 12:04:21,432 [c0a63e6c-c246-4c4b-b9bd-48fbdf84331c-groupManagement] INFO  ratis.ContainerStateMachine (ContainerStateMachine.java:loadSnapshot(287)) - group-BACFA430F9BA: The snapshot info is null. Setting the last applied index to:(t:0, i:~)
2024-04-09 12:04:21,432 [c0a63e6c-c246-4c4b-b9bd-48fbdf84331c-groupManagement] INFO  server.RaftServerConfigKeys (ConfUtils.java:logGet(46)) - raft.server.log.use.memory = false (default)
2024-04-09 12:04:21,432 [c0a63e6c-c246-4c4b-b9bd-48fbdf84331c-groupManagement] INFO  server.RaftServerConfigKeys (ConfUtils.java:logGet(46)) - raft.server.log.purge.gap = 1000000 (custom)
2024-04-09 12:04:21,433 [c0a63e6c-c246-4c4b-b9bd-48fbdf84331c-groupManagement] INFO  server.RaftServerConfigKeys (ConfUtils.java:logGet(46)) - raft.server.log.appender.buffer.byte-limit = 8388608 (custom)
2024-04-09 12:04:21,433 [c0a63e6c-c246-4c4b-b9bd-48fbdf84331c-groupManagement] INFO  server.RaftServerConfigKeys (ConfUtils.java:logGet(46)) - raft.server.log.statemachine.data.read.timeout = 1000ms (default)
2024-04-09 12:04:21,433 [c0a63e6c-c246-4c4b-b9bd-48fbdf84331c-groupManagement] INFO  server.RaftServerConfigKeys (ConfUtils.java:logGet(46)) - raft.server.log.purge.preservation.log.num = 0 (default)
2024-04-09 12:04:21,433 [47f2b6e5-7d1c-4a61-9d74-1b86fd130309@group-2C2C502A59F8-FollowerState] INFO  server.RaftServerConfigKeys (ConfUtils.java:logFallback(53)) - raft.server.rpc.first-election.timeout.min = 5s (fallback to raft.server.rpc.timeout.min)
2024-04-09 12:04:21,434 [47f2b6e5-7d1c-4a61-9d74-1b86fd130309@group-2C2C502A59F8-FollowerState] INFO  server.RaftServerConfigKeys (ConfUtils.java:logFallback(53)) - raft.server.rpc.first-election.timeout.max = 5200ms (fallback to raft.server.rpc.timeout.max)
2024-04-09 12:04:21,432 [47f2b6e5-7d1c-4a61-9d74-1b86fd130309-groupManagement] INFO  util.JmxRegister (JmxRegister.java:tryRegister(44)) - Successfully registered JMX Bean with object name Ratis:service=RaftServer,group=group-2C2C502A59F8,id=47f2b6e5-7d1c-4a61-9d74-1b86fd130309
2024-04-09 12:04:21,434 [47f2b6e5-7d1c-4a61-9d74-1b86fd130309-groupManagement] INFO  server.RaftServerConfigKeys (ConfUtils.java:logGet(46)) - raft.server.snapshot.trigger-when-stop.enabled = true (default)
2024-04-09 12:04:21,434 [47f2b6e5-7d1c-4a61-9d74-1b86fd130309-groupManagement] INFO  server.RaftServerConfigKeys (ConfUtils.java:logGet(46)) - raft.server.snapshot.auto.trigger.enabled = true (custom)
2024-04-09 12:04:21,434 [47f2b6e5-7d1c-4a61-9d74-1b86fd130309-groupManagement] INFO  server.RaftServerConfigKeys (ConfUtils.java:logGet(46)) - raft.server.snapshot.auto.trigger.threshold = 10000 (custom)
2024-04-09 12:04:21,434 [47f2b6e5-7d1c-4a61-9d74-1b86fd130309-groupManagement] INFO  server.RaftServerConfigKeys (ConfUtils.java:logGet(46)) - raft.server.snapshot.retention.file.num = 5 (custom)
2024-04-09 12:04:21,434 [47f2b6e5-7d1c-4a61-9d74-1b86fd130309-groupManagement] INFO  server.RaftServerConfigKeys (ConfUtils.java:logGet(46)) - raft.server.log.purge.upto.snapshot.index = false (default)
2024-04-09 12:04:21,434 [c0a63e6c-c246-4c4b-b9bd-48fbdf84331c-groupManagement] INFO  server.RaftServerConfigKeys (ConfUtils.java:logGet(46)) - raft.server.log.segment.size.max = 67108864 (custom)
2024-04-09 12:04:21,435 [47f2b6e5-7d1c-4a61-9d74-1b86fd130309-PipelineCommandHandlerThread-0] INFO  ratis.XceiverServerRatis (XceiverServerRatis.java:addGroup(864)) - Created group PipelineID=b8bf2288-a83f-4302-a707-2c2c502a59f8
2024-04-09 12:04:21,435 [c0a63e6c-c246-4c4b-b9bd-48fbdf84331c-groupManagement] INFO  server.RaftServerConfigKeys (ConfUtils.java:logGet(46)) - raft.server.log.segment.cache.num.max = 2 (custom)
2024-04-09 12:04:21,435 [c0a63e6c-c246-4c4b-b9bd-48fbdf84331c-groupManagement] INFO  server.RaftServerConfigKeys (ConfUtils.java:logGet(46)) - raft.server.log.segment.cache.size.max = 200MB (=209715200) (default)
2024-04-09 12:04:21,435 [c0a63e6c-c246-4c4b-b9bd-48fbdf84331c-groupManagement] INFO  server.RaftServerConfigKeys (ConfUtils.java:logGet(46)) - raft.server.log.appender.buffer.byte-limit = 8388608 (custom)
2024-04-09 12:04:21,437 [c0a63e6c-c246-4c4b-b9bd-48fbdf84331c-groupManagement] INFO  util.AwaitToRun (AwaitToRun.java:start(81)) - Thread[c0a63e6c-c246-4c4b-b9bd-48fbdf84331c@group-BACFA430F9BA-cacheEviction-AwaitToRun,5,main] started
2024-04-09 12:04:21,437 [c0a63e6c-c246-4c4b-b9bd-48fbdf84331c-groupManagement] INFO  segmented.SegmentedRaftLogWorker (SegmentedRaftLogWorker.java:<init>(182)) - new c0a63e6c-c246-4c4b-b9bd-48fbdf84331c@group-BACFA430F9BA-SegmentedRaftLogWorker for RaftStorageImpl:Storage Directory /home/runner/work/ozone/ozone/hadoop-ozone/integration-test/target/test-dir/MiniOzoneClusterImpl-00066f73-fe04-48fd-9c2f-afd3971143fc/ozone-meta/datanode-3/ratis/bcd65a87-78fb-4d3f-8468-bacfa430f9ba
2024-04-09 12:04:21,438 [c0a63e6c-c246-4c4b-b9bd-48fbdf84331c-groupManagement] INFO  server.RaftServerConfigKeys (ConfUtils.java:logGet(46)) - raft.server.log.queue.byte-limit = 4294967296 (custom)
2024-04-09 12:04:21,438 [c0a63e6c-c246-4c4b-b9bd-48fbdf84331c-groupManagement] INFO  server.RaftServerConfigKeys (ConfUtils.java:logGet(46)) - raft.server.log.queue.element-limit = 1024 (custom)
2024-04-09 12:04:21,438 [c0a63e6c-c246-4c4b-b9bd-48fbdf84331c-groupManagement] INFO  server.RaftServerConfigKeys (ConfUtils.java:logGet(46)) - raft.server.log.segment.size.max = 67108864 (custom)
2024-04-09 12:04:21,438 [c0a63e6c-c246-4c4b-b9bd-48fbdf84331c-groupManagement] INFO  server.RaftServerConfigKeys (ConfUtils.java:logGet(46)) - raft.server.log.preallocated.size = 4194304 (custom)
2024-04-09 12:04:21,438 [c0a63e6c-c246-4c4b-b9bd-48fbdf84331c-groupManagement] INFO  server.RaftServerConfigKeys (ConfUtils.java:logGet(46)) - raft.server.log.force.sync.num = 128 (default)
2024-04-09 12:04:21,438 [c0a63e6c-c246-4c4b-b9bd-48fbdf84331c-groupManagement] INFO  server.RaftServerConfigKeys (ConfUtils.java:logGet(46)) - raft.server.log.statemachine.data.sync = true (default)
2024-04-09 12:04:21,438 [c0a63e6c-c246-4c4b-b9bd-48fbdf84331c-groupManagement] INFO  server.RaftServerConfigKeys (ConfUtils.java:logGet(46)) - raft.server.log.statemachine.data.sync.timeout = 10s (default)
2024-04-09 12:04:21,438 [c0a63e6c-c246-4c4b-b9bd-48fbdf84331c-groupManagement] INFO  server.RaftServerConfigKeys (ConfUtils.java:logGet(46)) - raft.server.log.statemachine.data.sync.timeout.retry = 0 (custom)
2024-04-09 12:04:21,438 [EventQueue-PipelineReportForPipelineReportHandler] INFO  pipeline.PipelineReportHandler (PipelineReportHandler.java:processPipelineReport(136)) - Opened pipeline PipelineID=bcd65a87-78fb-4d3f-8468-bacfa430f9ba
2024-04-09 12:04:21,438 [c0a63e6c-c246-4c4b-b9bd-48fbdf84331c-groupManagement] INFO  server.RaftServerConfigKeys (ConfUtils.java:logGet(46)) - raft.server.log.write.buffer.size = 8388616 (custom)
2024-04-09 12:04:21,439 [EventQueue-OpenPipelineForHealthyPipelineSafeModeRule] INFO  safemode.SCMSafeModeManager (HealthyPipelineSafeModeRule.java:process(140)) - SCM in safe mode. Healthy pipelines reported count is 0, required healthy pipeline reported count is 1
2024-04-09 12:04:21,441 [c0a63e6c-c246-4c4b-b9bd-48fbdf84331c-groupManagement] INFO  server.RaftServerConfigKeys (ConfUtils.java:logGet(46)) - raft.server.log.appender.buffer.byte-limit = 8388608 (custom)
2024-04-09 12:04:21,441 [c0a63e6c-c246-4c4b-b9bd-48fbdf84331c-groupManagement] INFO  server.RaftServerConfigKeys (ConfUtils.java:logGet(46)) - raft.server.log.unsafe-flush.enabled = false (default)
2024-04-09 12:04:21,441 [c0a63e6c-c246-4c4b-b9bd-48fbdf84331c-groupManagement] INFO  server.RaftServerConfigKeys (ConfUtils.java:logGet(46)) - raft.server.log.async-flush.enabled = false (default)
2024-04-09 12:04:21,441 [c0a63e6c-c246-4c4b-b9bd-48fbdf84331c-groupManagement] INFO  server.RaftServerConfigKeys (ConfUtils.java:logGet(46)) - raft.server.log.statemachine.data.caching.enabled = true (custom)
2024-04-09 12:04:21,441 [c0a63e6c-c246-4c4b-b9bd-48fbdf84331c-groupManagement] INFO  segmented.SegmentedRaftLogWorker (SegmentedRaftLogWorker.java:lambda$new$0(134)) - c0a63e6c-c246-4c4b-b9bd-48fbdf84331c@group-BACFA430F9BA-SegmentedRaftLogWorker: flushIndex: setUnconditionally 0 -> -1
2024-04-09 12:04:21,441 [c0a63e6c-c246-4c4b-b9bd-48fbdf84331c-groupManagement] INFO  segmented.SegmentedRaftLogWorker (SegmentedRaftLogWorker.java:lambda$new$0(134)) - c0a63e6c-c246-4c4b-b9bd-48fbdf84331c@group-BACFA430F9BA-SegmentedRaftLogWorker: safeCacheEvictIndex: setUnconditionally 0 -> -1
2024-04-09 12:04:21,442 [c0a63e6c-c246-4c4b-b9bd-48fbdf84331c-groupManagement] INFO  server.RaftServer$Division (RaftServerImpl.java:start(396)) - c0a63e6c-c246-4c4b-b9bd-48fbdf84331c@group-BACFA430F9BA: start as a follower, conf=-1: peers:[c0a63e6c-c246-4c4b-b9bd-48fbdf84331c|10.1.0.103:15085]|listeners:[], old=null
2024-04-09 12:04:21,442 [c0a63e6c-c246-4c4b-b9bd-48fbdf84331c-groupManagement] INFO  server.RaftServer$Division (RaftServerImpl.java:setRole(383)) - c0a63e6c-c246-4c4b-b9bd-48fbdf84331c@group-BACFA430F9BA: changes role from      null to FOLLOWER at term 0 for startAsFollower
2024-04-09 12:04:21,442 [c0a63e6c-c246-4c4b-b9bd-48fbdf84331c-groupManagement] INFO  impl.RoleInfo (RoleInfo.java:updateAndGet(139)) - c0a63e6c-c246-4c4b-b9bd-48fbdf84331c: start c0a63e6c-c246-4c4b-b9bd-48fbdf84331c@group-BACFA430F9BA-FollowerState
2024-04-09 12:04:21,442 [c0a63e6c-c246-4c4b-b9bd-48fbdf84331c@group-BACFA430F9BA-FollowerState] INFO  server.RaftServerConfigKeys (ConfUtils.java:logFallback(53)) - raft.server.rpc.first-election.timeout.min = 5s (fallback to raft.server.rpc.timeout.min)
2024-04-09 12:04:21,445 [c0a63e6c-c246-4c4b-b9bd-48fbdf84331c-groupManagement] INFO  util.JmxRegister (JmxRegister.java:tryRegister(44)) - Successfully registered JMX Bean with object name Ratis:service=RaftServer,group=group-BACFA430F9BA,id=c0a63e6c-c246-4c4b-b9bd-48fbdf84331c
2024-04-09 12:04:21,448 [c0a63e6c-c246-4c4b-b9bd-48fbdf84331c-groupManagement] INFO  server.RaftServerConfigKeys (ConfUtils.java:logGet(46)) - raft.server.snapshot.trigger-when-stop.enabled = true (default)
2024-04-09 12:04:21,448 [c0a63e6c-c246-4c4b-b9bd-48fbdf84331c-groupManagement] INFO  server.RaftServerConfigKeys (ConfUtils.java:logGet(46)) - raft.server.snapshot.auto.trigger.enabled = true (custom)
2024-04-09 12:04:21,448 [c0a63e6c-c246-4c4b-b9bd-48fbdf84331c-groupManagement] INFO  server.RaftServerConfigKeys (ConfUtils.java:logGet(46)) - raft.server.snapshot.auto.trigger.threshold = 10000 (custom)
2024-04-09 12:04:21,448 [c0a63e6c-c246-4c4b-b9bd-48fbdf84331c-groupManagement] INFO  server.RaftServerConfigKeys (ConfUtils.java:logGet(46)) - raft.server.snapshot.retention.file.num = 5 (custom)
2024-04-09 12:04:21,449 [c0a63e6c-c246-4c4b-b9bd-48fbdf84331c-groupManagement] INFO  server.RaftServerConfigKeys (ConfUtils.java:logGet(46)) - raft.server.log.purge.upto.snapshot.index = false (default)
2024-04-09 12:04:21,449 [c0a63e6c-c246-4c4b-b9bd-48fbdf84331c@group-BACFA430F9BA-FollowerState] INFO  server.RaftServerConfigKeys (ConfUtils.java:logFallback(53)) - raft.server.rpc.first-election.timeout.max = 5200ms (fallback to raft.server.rpc.timeout.max)
2024-04-09 12:04:21,449 [c0a63e6c-c246-4c4b-b9bd-48fbdf84331c-PipelineCommandHandlerThread-0] INFO  ratis.XceiverServerRatis (XceiverServerRatis.java:addGroup(864)) - Created group PipelineID=bcd65a87-78fb-4d3f-8468-bacfa430f9ba
2024-04-09 12:04:21,449 [c0a63e6c-c246-4c4b-b9bd-48fbdf84331c-PipelineCommandHandlerThread-0] INFO  commandhandler.CreatePipelineCommandHandler (CreatePipelineCommandHandler.java:lambda$handle$2(124)) - Created Pipeline RATIS ONE PipelineID=bcd65a87-78fb-4d3f-8468-bacfa430f9ba.
2024-04-09 12:04:21,450 [c0a63e6c-c246-4c4b-b9bd-48fbdf84331c-PipelineCommandHandlerThread-0] INFO  server.RaftServer (RaftServerProxy.java:addNew(100)) - c0a63e6c-c246-4c4b-b9bd-48fbdf84331c: addNew group-2C2C502A59F8:[47f2b6e5-7d1c-4a61-9d74-1b86fd130309|10.1.0.103:15067, 06c35c3a-0415-431d-ae8b-027bb2658858|10.1.0.103:15076, c0a63e6c-c246-4c4b-b9bd-48fbdf84331c|10.1.0.103:15085] returns group-2C2C502A59F8:java.util.concurrent.CompletableFuture@64053fe4[Not completed]
2024-04-09 12:04:21,451 [c0a63e6c-c246-4c4b-b9bd-48fbdf84331c-groupManagement] INFO  server.RaftServer$Division (RaftServerImpl.java:<init>(256)) - c0a63e6c-c246-4c4b-b9bd-48fbdf84331c: new RaftServerImpl for group-2C2C502A59F8:[47f2b6e5-7d1c-4a61-9d74-1b86fd130309|10.1.0.103:15067, 06c35c3a-0415-431d-ae8b-027bb2658858|10.1.0.103:15076, c0a63e6c-c246-4c4b-b9bd-48fbdf84331c|10.1.0.103:15085] with ContainerStateMachine:uninitialized
2024-04-09 12:04:21,451 [c0a63e6c-c246-4c4b-b9bd-48fbdf84331c-groupManagement] INFO  server.RaftServerConfigKeys (ConfUtils.java:logGet(46)) - raft.server.rpc.timeout.min = 5s (custom)
2024-04-09 12:04:21,451 [c0a63e6c-c246-4c4b-b9bd-48fbdf84331c-groupManagement] INFO  server.RaftServerConfigKeys (ConfUtils.java:logGet(46)) - raft.server.rpc.timeout.max = 5200ms (custom)
2024-04-09 12:04:21,451 [c0a63e6c-c246-4c4b-b9bd-48fbdf84331c-groupManagement] INFO  server.RaftServerConfigKeys (ConfUtils.java:logGet(46)) - raft.server.rpc.sleep.time = 25ms (default)
2024-04-09 12:04:21,451 [c0a63e6c-c246-4c4b-b9bd-48fbdf84331c-groupManagement] INFO  server.RaftServerConfigKeys (ConfUtils.java:logGet(46)) - raft.server.rpc.slowness.timeout = 300000ms (custom)
2024-04-09 12:04:21,451 [c0a63e6c-c246-4c4b-b9bd-48fbdf84331c-groupManagement] INFO  server.RaftServerConfigKeys (ConfUtils.java:logGet(46)) - raft.server.leaderelection.leader.step-down.wait-time = 10s (default)
2024-04-09 12:04:21,451 [c0a63e6c-c246-4c4b-b9bd-48fbdf84331c-groupManagement] INFO  server.RaftServerConfigKeys (ConfUtils.java:logGet(46)) - raft.server.leaderelection.member.majority-add = false (default)
2024-04-09 12:04:21,451 [c0a63e6c-c246-4c4b-b9bd-48fbdf84331c-groupManagement] INFO  server.RaftServerConfigKeys (ConfUtils.java:logGet(46)) - raft.server.sleep.deviation.threshold = 300ms (default)
2024-04-09 12:04:21,451 [c0a63e6c-c246-4c4b-b9bd-48fbdf84331c-groupManagement] INFO  server.RaftServer$Division (ServerState.java:<init>(113)) - c0a63e6c-c246-4c4b-b9bd-48fbdf84331c@group-2C2C502A59F8: ConfigurationManager, init=-1: peers:[47f2b6e5-7d1c-4a61-9d74-1b86fd130309|10.1.0.103:15067, 06c35c3a-0415-431d-ae8b-027bb2658858|10.1.0.103:15076, c0a63e6c-c246-4c4b-b9bd-48fbdf84331c|10.1.0.103:15085]|listeners:[], old=null, confs=<EMPTY_MAP>
2024-04-09 12:04:21,451 [c0a63e6c-c246-4c4b-b9bd-48fbdf84331c-groupManagement] INFO  server.RaftServerConfigKeys (ConfUtils.java:logGet(46)) - raft.server.notification.no-leader.timeout = 300000ms (custom)
2024-04-09 12:04:21,451 [c0a63e6c-c246-4c4b-b9bd-48fbdf84331c-groupManagement] INFO  server.RaftServerConfigKeys (ConfUtils.java:logGet(46)) - raft.server.read.timeout = 10s (default)
2024-04-09 12:04:21,452 [c0a63e6c-c246-4c4b-b9bd-48fbdf84331c-groupManagement] INFO  server.RaftServerConfigKeys (ConfUtils.java:logGet(46)) - raft.server.retrycache.expirytime = 600000ms (custom)
2024-04-09 12:04:21,452 [c0a63e6c-c246-4c4b-b9bd-48fbdf84331c-groupManagement] INFO  server.RaftServerConfigKeys (ConfUtils.java:logGet(46)) - raft.server.retrycache.statistics.expirytime = 100ms (default)
2024-04-09 12:04:21,452 [c0a63e6c-c246-4c4b-b9bd-48fbdf84331c-groupManagement] INFO  server.RaftServerConfigKeys (ConfUtils.java:logGet(46)) - raft.server.read.option = DEFAULT (default)
2024-04-09 12:04:21,452 [c0a63e6c-c246-4c4b-b9bd-48fbdf84331c-groupManagement] INFO  server.RaftServerConfigKeys (ConfUtils.java:logGet(46)) - raft.server.read.read-after-write-consistent.write-index-cache.expiry-time = 60s (default)
2024-04-09 12:04:21,458 [c0a63e6c-c246-4c4b-b9bd-48fbdf84331c-groupManagement] INFO  server.RaftServerConfigKeys (ConfUtils.java:logGet(46)) - raft.server.rpc.request.timeout = 3000ms (default)
2024-04-09 12:04:21,458 [c0a63e6c-c246-4c4b-b9bd-48fbdf84331c-groupManagement] INFO  server.RaftServerConfigKeys (ConfUtils.java:logGet(46)) - raft.server.log.appender.install.snapshot.enabled = false (custom)
2024-04-09 12:04:21,458 [c0a63e6c-c246-4c4b-b9bd-48fbdf84331c-groupManagement] INFO  server.RaftServerConfigKeys (ConfUtils.java:logGet(46)) - raft.server.threadpool.server.cached = true (default)
2024-04-09 12:04:21,458 [c0a63e6c-c246-4c4b-b9bd-48fbdf84331c-groupManagement] INFO  server.RaftServerConfigKeys (ConfUtils.java:logGet(46)) - raft.server.threadpool.server.size = 0 (default)
2024-04-09 12:04:21,458 [c0a63e6c-c246-4c4b-b9bd-48fbdf84331c-groupManagement] INFO  server.RaftServerConfigKeys (ConfUtils.java:logGet(46)) - raft.server.threadpool.client.cached = true (default)
2024-04-09 12:04:21,458 [c0a63e6c-c246-4c4b-b9bd-48fbdf84331c-groupManagement] INFO  server.RaftServerConfigKeys (ConfUtils.java:logGet(46)) - raft.server.threadpool.client.size = 0 (default)
2024-04-09 12:04:21,458 [c0a63e6c-c246-4c4b-b9bd-48fbdf84331c-groupManagement] INFO  server.RaftServerConfigKeys (ConfUtils.java:logGet(46)) - raft.server.storage.free-space.min = 0MB (=0) (default)
2024-04-09 12:04:21,458 [c0a63e6c-c246-4c4b-b9bd-48fbdf84331c-groupManagement] INFO  server.RaftServerConfigKeys (ConfUtils.java:logGet(46)) - raft.server.log.corruption.policy = EXCEPTION (default)
2024-04-09 12:04:21,458 [c0a63e6c-c246-4c4b-b9bd-48fbdf84331c-groupManagement] INFO  server.RaftServerConfigKeys (ConfUtils.java:logGet(46)) - raft.server.storage.dir = [/home/runner/work/ozone/ozone/hadoop-ozone/integration-test/target/test-dir/MiniOzoneClusterImpl-00066f73-fe04-48fd-9c2f-afd3971143fc/ozone-meta/datanode-3/ratis] (custom)
2024-04-09 12:04:21,459 [c0a63e6c-c246-4c4b-b9bd-48fbdf84331c-groupManagement] INFO  storage.RaftStorageDirectory (RaftStorageDirectoryImpl.java:analyzeStorage(138)) - The storage directory /home/runner/work/ozone/ozone/hadoop-ozone/integration-test/target/test-dir/MiniOzoneClusterImpl-00066f73-fe04-48fd-9c2f-afd3971143fc/ozone-meta/datanode-3/ratis/b8bf2288-a83f-4302-a707-2c2c502a59f8 does not exist. Creating ...
2024-04-09 12:04:21,460 [c0a63e6c-c246-4c4b-b9bd-48fbdf84331c-groupManagement] INFO  storage.RaftStorageDirectory (RaftStorageDirectoryImpl.java:tryLock(228)) - Lock on /home/runner/work/ozone/ozone/hadoop-ozone/integration-test/target/test-dir/MiniOzoneClusterImpl-00066f73-fe04-48fd-9c2f-afd3971143fc/ozone-meta/datanode-3/ratis/b8bf2288-a83f-4302-a707-2c2c502a59f8/in_use.lock acquired by nodename 114594@fv-az1531-426
2024-04-09 12:04:21,461 [c0a63e6c-c246-4c4b-b9bd-48fbdf84331c-groupManagement] INFO  storage.RaftStorage (RaftStorageImpl.java:format(99)) - Storage directory /home/runner/work/ozone/ozone/hadoop-ozone/integration-test/target/test-dir/MiniOzoneClusterImpl-00066f73-fe04-48fd-9c2f-afd3971143fc/ozone-meta/datanode-3/ratis/b8bf2288-a83f-4302-a707-2c2c502a59f8 has been successfully formatted.
2024-04-09 12:04:21,461 [c0a63e6c-c246-4c4b-b9bd-48fbdf84331c-groupManagement] WARN  util.FileUtils (LogUtils.java:supplyAndLog(63)) - Failed to Files.newInputStream /home/runner/work/ozone/ozone/hadoop-ozone/integration-test/target/test-dir/MiniOzoneClusterImpl-00066f73-fe04-48fd-9c2f-afd3971143fc/ozone-meta/datanode-3/ratis/b8bf2288-a83f-4302-a707-2c2c502a59f8/current/raft-meta.conf with options []: java.nio.file.NoSuchFileException: /home/runner/work/ozone/ozone/hadoop-ozone/integration-test/target/test-dir/MiniOzoneClusterImpl-00066f73-fe04-48fd-9c2f-afd3971143fc/ozone-meta/datanode-3/ratis/b8bf2288-a83f-4302-a707-2c2c502a59f8/current/raft-meta.conf
2024-04-09 12:04:21,467 [c0a63e6c-c246-4c4b-b9bd-48fbdf84331c-groupManagement] INFO  ratis.ContainerStateMachine (ContainerStateMachine.java:loadSnapshot(287)) - group-2C2C502A59F8: The snapshot info is null. Setting the last applied index to:(t:0, i:~)
2024-04-09 12:04:21,467 [c0a63e6c-c246-4c4b-b9bd-48fbdf84331c-groupManagement] INFO  server.RaftServerConfigKeys (ConfUtils.java:logGet(46)) - raft.server.log.use.memory = false (default)
2024-04-09 12:04:21,468 [c0a63e6c-c246-4c4b-b9bd-48fbdf84331c-groupManagement] INFO  server.RaftServerConfigKeys (ConfUtils.java:logGet(46)) - raft.server.log.purge.gap = 1000000 (custom)
2024-04-09 12:04:21,468 [c0a63e6c-c246-4c4b-b9bd-48fbdf84331c-groupManagement] INFO  server.RaftServerConfigKeys (ConfUtils.java:logGet(46)) - raft.server.log.appender.buffer.byte-limit = 8388608 (custom)
2024-04-09 12:04:21,468 [c0a63e6c-c246-4c4b-b9bd-48fbdf84331c-groupManagement] INFO  server.RaftServerConfigKeys (ConfUtils.java:logGet(46)) - raft.server.log.statemachine.data.read.timeout = 1000ms (default)
2024-04-09 12:04:21,473 [c0a63e6c-c246-4c4b-b9bd-48fbdf84331c-groupManagement] INFO  server.RaftServerConfigKeys (ConfUtils.java:logGet(46)) - raft.server.log.purge.preservation.log.num = 0 (default)
2024-04-09 12:04:21,473 [EventQueue-OpenPipelineForHealthyPipelineSafeModeRule] INFO  safemode.SCMSafeModeManager (HealthyPipelineSafeModeRule.java:process(140)) - SCM in safe mode. Healthy pipelines reported count is 0, required healthy pipeline reported count is 1
2024-04-09 12:04:21,474 [c0a63e6c-c246-4c4b-b9bd-48fbdf84331c-groupManagement] INFO  server.RaftServerConfigKeys (ConfUtils.java:logGet(46)) - raft.server.log.segment.size.max = 67108864 (custom)
2024-04-09 12:04:21,475 [c0a63e6c-c246-4c4b-b9bd-48fbdf84331c-groupManagement] INFO  server.RaftServerConfigKeys (ConfUtils.java:logGet(46)) - raft.server.log.segment.cache.num.max = 2 (custom)
2024-04-09 12:04:21,475 [c0a63e6c-c246-4c4b-b9bd-48fbdf84331c-groupManagement] INFO  server.RaftServerConfigKeys (ConfUtils.java:logGet(46)) - raft.server.log.segment.cache.size.max = 200MB (=209715200) (default)
2024-04-09 12:04:21,476 [c0a63e6c-c246-4c4b-b9bd-48fbdf84331c-groupManagement] INFO  server.RaftServerConfigKeys (ConfUtils.java:logGet(46)) - raft.server.log.appender.buffer.byte-limit = 8388608 (custom)
2024-04-09 12:04:21,476 [c0a63e6c-c246-4c4b-b9bd-48fbdf84331c-groupManagement] INFO  util.AwaitToRun (AwaitToRun.java:start(81)) - Thread[c0a63e6c-c246-4c4b-b9bd-48fbdf84331c@group-2C2C502A59F8-cacheEviction-AwaitToRun,5,main] started
2024-04-09 12:04:21,476 [c0a63e6c-c246-4c4b-b9bd-48fbdf84331c-groupManagement] INFO  segmented.SegmentedRaftLogWorker (SegmentedRaftLogWorker.java:<init>(182)) - new c0a63e6c-c246-4c4b-b9bd-48fbdf84331c@group-2C2C502A59F8-SegmentedRaftLogWorker for RaftStorageImpl:Storage Directory /home/runner/work/ozone/ozone/hadoop-ozone/integration-test/target/test-dir/MiniOzoneClusterImpl-00066f73-fe04-48fd-9c2f-afd3971143fc/ozone-meta/datanode-3/ratis/b8bf2288-a83f-4302-a707-2c2c502a59f8
2024-04-09 12:04:21,476 [c0a63e6c-c246-4c4b-b9bd-48fbdf84331c-groupManagement] INFO  server.RaftServerConfigKeys (ConfUtils.java:logGet(46)) - raft.server.log.queue.byte-limit = 4294967296 (custom)
2024-04-09 12:04:21,476 [c0a63e6c-c246-4c4b-b9bd-48fbdf84331c-groupManagement] INFO  server.RaftServerConfigKeys (ConfUtils.java:logGet(46)) - raft.server.log.queue.element-limit = 1024 (custom)
2024-04-09 12:04:21,476 [c0a63e6c-c246-4c4b-b9bd-48fbdf84331c-groupManagement] INFO  server.RaftServerConfigKeys (ConfUtils.java:logGet(46)) - raft.server.log.segment.size.max = 67108864 (custom)
2024-04-09 12:04:21,477 [c0a63e6c-c246-4c4b-b9bd-48fbdf84331c-groupManagement] INFO  server.RaftServerConfigKeys (ConfUtils.java:logGet(46)) - raft.server.log.preallocated.size = 4194304 (custom)
2024-04-09 12:04:21,477 [c0a63e6c-c246-4c4b-b9bd-48fbdf84331c-groupManagement] INFO  server.RaftServerConfigKeys (ConfUtils.java:logGet(46)) - raft.server.log.force.sync.num = 128 (default)
2024-04-09 12:04:21,477 [c0a63e6c-c246-4c4b-b9bd-48fbdf84331c-groupManagement] INFO  server.RaftServerConfigKeys (ConfUtils.java:logGet(46)) - raft.server.log.statemachine.data.sync = true (default)
2024-04-09 12:04:21,477 [c0a63e6c-c246-4c4b-b9bd-48fbdf84331c-groupManagement] INFO  server.RaftServerConfigKeys (ConfUtils.java:logGet(46)) - raft.server.log.statemachine.data.sync.timeout = 10s (default)
2024-04-09 12:04:21,477 [c0a63e6c-c246-4c4b-b9bd-48fbdf84331c-groupManagement] INFO  server.RaftServerConfigKeys (ConfUtils.java:logGet(46)) - raft.server.log.statemachine.data.sync.timeout.retry = 0 (custom)
2024-04-09 12:04:21,477 [c0a63e6c-c246-4c4b-b9bd-48fbdf84331c-groupManagement] INFO  server.RaftServerConfigKeys (ConfUtils.java:logGet(46)) - raft.server.log.write.buffer.size = 8388616 (custom)
2024-04-09 12:04:21,479 [c0a63e6c-c246-4c4b-b9bd-48fbdf84331c-groupManagement] INFO  server.RaftServerConfigKeys (ConfUtils.java:logGet(46)) - raft.server.log.appender.buffer.byte-limit = 8388608 (custom)
2024-04-09 12:04:21,479 [c0a63e6c-c246-4c4b-b9bd-48fbdf84331c-groupManagement] INFO  server.RaftServerConfigKeys (ConfUtils.java:logGet(46)) - raft.server.log.unsafe-flush.enabled = false (default)
2024-04-09 12:04:21,479 [c0a63e6c-c246-4c4b-b9bd-48fbdf84331c-groupManagement] INFO  server.RaftServerConfigKeys (ConfUtils.java:logGet(46)) - raft.server.log.async-flush.enabled = false (default)
2024-04-09 12:04:21,479 [c0a63e6c-c246-4c4b-b9bd-48fbdf84331c-groupManagement] INFO  server.RaftServerConfigKeys (ConfUtils.java:logGet(46)) - raft.server.log.statemachine.data.caching.enabled = true (custom)
2024-04-09 12:04:21,479 [c0a63e6c-c246-4c4b-b9bd-48fbdf84331c-groupManagement] INFO  segmented.SegmentedRaftLogWorker (SegmentedRaftLogWorker.java:lambda$new$0(134)) - c0a63e6c-c246-4c4b-b9bd-48fbdf84331c@group-2C2C502A59F8-SegmentedRaftLogWorker: flushIndex: setUnconditionally 0 -> -1
2024-04-09 12:04:21,480 [c0a63e6c-c246-4c4b-b9bd-48fbdf84331c-groupManagement] INFO  segmented.SegmentedRaftLogWorker (SegmentedRaftLogWorker.java:lambda$new$0(134)) - c0a63e6c-c246-4c4b-b9bd-48fbdf84331c@group-2C2C502A59F8-SegmentedRaftLogWorker: safeCacheEvictIndex: setUnconditionally 0 -> -1
2024-04-09 12:04:21,484 [c0a63e6c-c246-4c4b-b9bd-48fbdf84331c-groupManagement] INFO  server.RaftServer$Division (RaftServerImpl.java:start(396)) - c0a63e6c-c246-4c4b-b9bd-48fbdf84331c@group-2C2C502A59F8: start as a follower, conf=-1: peers:[47f2b6e5-7d1c-4a61-9d74-1b86fd130309|10.1.0.103:15067, 06c35c3a-0415-431d-ae8b-027bb2658858|10.1.0.103:15076, c0a63e6c-c246-4c4b-b9bd-48fbdf84331c|10.1.0.103:15085]|listeners:[], old=null
2024-04-09 12:04:21,484 [c0a63e6c-c246-4c4b-b9bd-48fbdf84331c-groupManagement] INFO  server.RaftServer$Division (RaftServerImpl.java:setRole(383)) - c0a63e6c-c246-4c4b-b9bd-48fbdf84331c@group-2C2C502A59F8: changes role from      null to FOLLOWER at term 0 for startAsFollower
2024-04-09 12:04:21,484 [grpc-default-executor-0] INFO  server.RaftServer (RaftServerProxy.java:addNew(100)) - 06c35c3a-0415-431d-ae8b-027bb2658858: addNew group-2C2C502A59F8:[47f2b6e5-7d1c-4a61-9d74-1b86fd130309|10.1.0.103:15067, 06c35c3a-0415-431d-ae8b-027bb2658858|10.1.0.103:15076, c0a63e6c-c246-4c4b-b9bd-48fbdf84331c|10.1.0.103:15085] returns group-2C2C502A59F8:java.util.concurrent.CompletableFuture@16b5f55b[Not completed]
2024-04-09 12:04:21,485 [06c35c3a-0415-431d-ae8b-027bb2658858-groupManagement] INFO  server.RaftServer$Division (RaftServerImpl.java:<init>(256)) - 06c35c3a-0415-431d-ae8b-027bb2658858: new RaftServerImpl for group-2C2C502A59F8:[47f2b6e5-7d1c-4a61-9d74-1b86fd130309|10.1.0.103:15067, 06c35c3a-0415-431d-ae8b-027bb2658858|10.1.0.103:15076, c0a63e6c-c246-4c4b-b9bd-48fbdf84331c|10.1.0.103:15085] with ContainerStateMachine:uninitialized
2024-04-09 12:04:21,485 [06c35c3a-0415-431d-ae8b-027bb2658858-groupManagement] INFO  server.RaftServerConfigKeys (ConfUtils.java:logGet(46)) - raft.server.rpc.timeout.min = 5s (custom)
2024-04-09 12:04:21,485 [06c35c3a-0415-431d-ae8b-027bb2658858-groupManagement] INFO  server.RaftServerConfigKeys (ConfUtils.java:logGet(46)) - raft.server.rpc.timeout.max = 5200ms (custom)
2024-04-09 12:04:21,485 [06c35c3a-0415-431d-ae8b-027bb2658858-groupManagement] INFO  server.RaftServerConfigKeys (ConfUtils.java:logGet(46)) - raft.server.rpc.sleep.time = 25ms (default)
2024-04-09 12:04:21,485 [06c35c3a-0415-431d-ae8b-027bb2658858-groupManagement] INFO  server.RaftServerConfigKeys (ConfUtils.java:logGet(46)) - raft.server.rpc.slowness.timeout = 300000ms (custom)
2024-04-09 12:04:21,485 [06c35c3a-0415-431d-ae8b-027bb2658858-groupManagement] INFO  server.RaftServerConfigKeys (ConfUtils.java:logGet(46)) - raft.server.leaderelection.leader.step-down.wait-time = 10s (default)
2024-04-09 12:04:21,485 [06c35c3a-0415-431d-ae8b-027bb2658858-groupManagement] INFO  server.RaftServerConfigKeys (ConfUtils.java:logGet(46)) - raft.server.leaderelection.member.majority-add = false (default)
2024-04-09 12:04:21,485 [06c35c3a-0415-431d-ae8b-027bb2658858-groupManagement] INFO  server.RaftServerConfigKeys (ConfUtils.java:logGet(46)) - raft.server.sleep.deviation.threshold = 300ms (default)
2024-04-09 12:04:21,485 [06c35c3a-0415-431d-ae8b-027bb2658858-groupManagement] INFO  server.RaftServer$Division (ServerState.java:<init>(113)) - 06c35c3a-0415-431d-ae8b-027bb2658858@group-2C2C502A59F8: ConfigurationManager, init=-1: peers:[47f2b6e5-7d1c-4a61-9d74-1b86fd130309|10.1.0.103:15067, 06c35c3a-0415-431d-ae8b-027bb2658858|10.1.0.103:15076, c0a63e6c-c246-4c4b-b9bd-48fbdf84331c|10.1.0.103:15085]|listeners:[], old=null, confs=<EMPTY_MAP>
2024-04-09 12:04:21,486 [06c35c3a-0415-431d-ae8b-027bb2658858-groupManagement] INFO  server.RaftServerConfigKeys (ConfUtils.java:logGet(46)) - raft.server.notification.no-leader.timeout = 300000ms (custom)
2024-04-09 12:04:21,486 [06c35c3a-0415-431d-ae8b-027bb2658858-groupManagement] INFO  server.RaftServerConfigKeys (ConfUtils.java:logGet(46)) - raft.server.read.timeout = 10s (default)
2024-04-09 12:04:21,486 [06c35c3a-0415-431d-ae8b-027bb2658858-groupManagement] INFO  server.RaftServerConfigKeys (ConfUtils.java:logGet(46)) - raft.server.retrycache.expirytime = 600000ms (custom)
2024-04-09 12:04:21,486 [06c35c3a-0415-431d-ae8b-027bb2658858-groupManagement] INFO  server.RaftServerConfigKeys (ConfUtils.java:logGet(46)) - raft.server.retrycache.statistics.expirytime = 100ms (default)
2024-04-09 12:04:21,486 [06c35c3a-0415-431d-ae8b-027bb2658858-groupManagement] INFO  server.RaftServerConfigKeys (ConfUtils.java:logGet(46)) - raft.server.read.option = DEFAULT (default)
2024-04-09 12:04:21,486 [06c35c3a-0415-431d-ae8b-027bb2658858-groupManagement] INFO  server.RaftServerConfigKeys (ConfUtils.java:logGet(46)) - raft.server.read.read-after-write-consistent.write-index-cache.expiry-time = 60s (default)
2024-04-09 12:04:21,487 [06c35c3a-0415-431d-ae8b-027bb2658858-groupManagement] INFO  server.RaftServerConfigKeys (ConfUtils.java:logGet(46)) - raft.server.rpc.request.timeout = 3000ms (default)
2024-04-09 12:04:21,487 [06c35c3a-0415-431d-ae8b-027bb2658858-groupManagement] INFO  server.RaftServerConfigKeys (ConfUtils.java:logGet(46)) - raft.server.log.appender.install.snapshot.enabled = false (custom)
2024-04-09 12:04:21,487 [06c35c3a-0415-431d-ae8b-027bb2658858-groupManagement] INFO  server.RaftServerConfigKeys (ConfUtils.java:logGet(46)) - raft.server.threadpool.server.cached = true (default)
2024-04-09 12:04:21,487 [06c35c3a-0415-431d-ae8b-027bb2658858-groupManagement] INFO  server.RaftServerConfigKeys (ConfUtils.java:logGet(46)) - raft.server.threadpool.server.size = 0 (default)
2024-04-09 12:04:21,487 [06c35c3a-0415-431d-ae8b-027bb2658858-groupManagement] INFO  server.RaftServerConfigKeys (ConfUtils.java:logGet(46)) - raft.server.threadpool.client.cached = true (default)
2024-04-09 12:04:21,487 [06c35c3a-0415-431d-ae8b-027bb2658858-groupManagement] INFO  server.RaftServerConfigKeys (ConfUtils.java:logGet(46)) - raft.server.threadpool.client.size = 0 (default)
2024-04-09 12:04:21,488 [06c35c3a-0415-431d-ae8b-027bb2658858-groupManagement] INFO  server.RaftServerConfigKeys (ConfUtils.java:logGet(46)) - raft.server.storage.free-space.min = 0MB (=0) (default)
2024-04-09 12:04:21,488 [06c35c3a-0415-431d-ae8b-027bb2658858-groupManagement] INFO  server.RaftServerConfigKeys (ConfUtils.java:logGet(46)) - raft.server.log.corruption.policy = EXCEPTION (default)
2024-04-09 12:04:21,488 [06c35c3a-0415-431d-ae8b-027bb2658858-groupManagement] INFO  server.RaftServerConfigKeys (ConfUtils.java:logGet(46)) - raft.server.storage.dir = [/home/runner/work/ozone/ozone/hadoop-ozone/integration-test/target/test-dir/MiniOzoneClusterImpl-00066f73-fe04-48fd-9c2f-afd3971143fc/ozone-meta/datanode-2/ratis] (custom)
2024-04-09 12:04:21,488 [06c35c3a-0415-431d-ae8b-027bb2658858-groupManagement] INFO  storage.RaftStorageDirectory (RaftStorageDirectoryImpl.java:analyzeStorage(138)) - The storage directory /home/runner/work/ozone/ozone/hadoop-ozone/integration-test/target/test-dir/MiniOzoneClusterImpl-00066f73-fe04-48fd-9c2f-afd3971143fc/ozone-meta/datanode-2/ratis/b8bf2288-a83f-4302-a707-2c2c502a59f8 does not exist. Creating ...
2024-04-09 12:04:21,488 [c0a63e6c-c246-4c4b-b9bd-48fbdf84331c-groupManagement] INFO  impl.RoleInfo (RoleInfo.java:updateAndGet(139)) - c0a63e6c-c246-4c4b-b9bd-48fbdf84331c: start c0a63e6c-c246-4c4b-b9bd-48fbdf84331c@group-2C2C502A59F8-FollowerState
2024-04-09 12:04:21,489 [06c35c3a-0415-431d-ae8b-027bb2658858-groupManagement] INFO  storage.RaftStorageDirectory (RaftStorageDirectoryImpl.java:tryLock(228)) - Lock on /home/runner/work/ozone/ozone/hadoop-ozone/integration-test/target/test-dir/MiniOzoneClusterImpl-00066f73-fe04-48fd-9c2f-afd3971143fc/ozone-meta/datanode-2/ratis/b8bf2288-a83f-4302-a707-2c2c502a59f8/in_use.lock acquired by nodename 114594@fv-az1531-426
2024-04-09 12:04:21,489 [c0a63e6c-c246-4c4b-b9bd-48fbdf84331c@group-2C2C502A59F8-FollowerState] INFO  server.RaftServerConfigKeys (ConfUtils.java:logFallback(53)) - raft.server.rpc.first-election.timeout.min = 5s (fallback to raft.server.rpc.timeout.min)
2024-04-09 12:04:21,489 [c0a63e6c-c246-4c4b-b9bd-48fbdf84331c@group-2C2C502A59F8-FollowerState] INFO  server.RaftServerConfigKeys (ConfUtils.java:logFallback(53)) - raft.server.rpc.first-election.timeout.max = 5200ms (fallback to raft.server.rpc.timeout.max)
2024-04-09 12:04:21,489 [c0a63e6c-c246-4c4b-b9bd-48fbdf84331c-groupManagement] INFO  util.JmxRegister (JmxRegister.java:tryRegister(44)) - Successfully registered JMX Bean with object name Ratis:service=RaftServer,group=group-2C2C502A59F8,id=c0a63e6c-c246-4c4b-b9bd-48fbdf84331c
2024-04-09 12:04:21,489 [c0a63e6c-c246-4c4b-b9bd-48fbdf84331c-groupManagement] INFO  server.RaftServerConfigKeys (ConfUtils.java:logGet(46)) - raft.server.snapshot.trigger-when-stop.enabled = true (default)
2024-04-09 12:04:21,490 [c0a63e6c-c246-4c4b-b9bd-48fbdf84331c-groupManagement] INFO  server.RaftServerConfigKeys (ConfUtils.java:logGet(46)) - raft.server.snapshot.auto.trigger.enabled = true (custom)
2024-04-09 12:04:21,490 [c0a63e6c-c246-4c4b-b9bd-48fbdf84331c-groupManagement] INFO  server.RaftServerConfigKeys (ConfUtils.java:logGet(46)) - raft.server.snapshot.auto.trigger.threshold = 10000 (custom)
2024-04-09 12:04:21,490 [c0a63e6c-c246-4c4b-b9bd-48fbdf84331c-groupManagement] INFO  server.RaftServerConfigKeys (ConfUtils.java:logGet(46)) - raft.server.snapshot.retention.file.num = 5 (custom)
2024-04-09 12:04:21,490 [c0a63e6c-c246-4c4b-b9bd-48fbdf84331c-groupManagement] INFO  server.RaftServerConfigKeys (ConfUtils.java:logGet(46)) - raft.server.log.purge.upto.snapshot.index = false (default)
2024-04-09 12:04:21,490 [06c35c3a-0415-431d-ae8b-027bb2658858-groupManagement] INFO  storage.RaftStorage (RaftStorageImpl.java:format(99)) - Storage directory /home/runner/work/ozone/ozone/hadoop-ozone/integration-test/target/test-dir/MiniOzoneClusterImpl-00066f73-fe04-48fd-9c2f-afd3971143fc/ozone-meta/datanode-2/ratis/b8bf2288-a83f-4302-a707-2c2c502a59f8 has been successfully formatted.
2024-04-09 12:04:21,491 [c0a63e6c-c246-4c4b-b9bd-48fbdf84331c-PipelineCommandHandlerThread-0] INFO  ratis.XceiverServerRatis (XceiverServerRatis.java:addGroup(864)) - Created group PipelineID=b8bf2288-a83f-4302-a707-2c2c502a59f8
2024-04-09 12:04:21,491 [06c35c3a-0415-431d-ae8b-027bb2658858-groupManagement] WARN  util.FileUtils (LogUtils.java:supplyAndLog(63)) - Failed to Files.newInputStream /home/runner/work/ozone/ozone/hadoop-ozone/integration-test/target/test-dir/MiniOzoneClusterImpl-00066f73-fe04-48fd-9c2f-afd3971143fc/ozone-meta/datanode-2/ratis/b8bf2288-a83f-4302-a707-2c2c502a59f8/current/raft-meta.conf with options []: java.nio.file.NoSuchFileException: /home/runner/work/ozone/ozone/hadoop-ozone/integration-test/target/test-dir/MiniOzoneClusterImpl-00066f73-fe04-48fd-9c2f-afd3971143fc/ozone-meta/datanode-2/ratis/b8bf2288-a83f-4302-a707-2c2c502a59f8/current/raft-meta.conf
2024-04-09 12:04:21,492 [06c35c3a-0415-431d-ae8b-027bb2658858-groupManagement] INFO  ratis.ContainerStateMachine (ContainerStateMachine.java:loadSnapshot(287)) - group-2C2C502A59F8: The snapshot info is null. Setting the last applied index to:(t:0, i:~)
2024-04-09 12:04:21,492 [06c35c3a-0415-431d-ae8b-027bb2658858-groupManagement] INFO  server.RaftServerConfigKeys (ConfUtils.java:logGet(46)) - raft.server.log.use.memory = false (default)
2024-04-09 12:04:21,492 [06c35c3a-0415-431d-ae8b-027bb2658858-groupManagement] INFO  server.RaftServerConfigKeys (ConfUtils.java:logGet(46)) - raft.server.log.purge.gap = 1000000 (custom)
2024-04-09 12:04:21,492 [06c35c3a-0415-431d-ae8b-027bb2658858-groupManagement] INFO  server.RaftServerConfigKeys (ConfUtils.java:logGet(46)) - raft.server.log.appender.buffer.byte-limit = 8388608 (custom)
2024-04-09 12:04:21,492 [06c35c3a-0415-431d-ae8b-027bb2658858-groupManagement] INFO  server.RaftServerConfigKeys (ConfUtils.java:logGet(46)) - raft.server.log.statemachine.data.read.timeout = 1000ms (default)
2024-04-09 12:04:21,492 [06c35c3a-0415-431d-ae8b-027bb2658858-groupManagement] INFO  server.RaftServerConfigKeys (ConfUtils.java:logGet(46)) - raft.server.log.purge.preservation.log.num = 0 (default)
2024-04-09 12:04:21,494 [EventQueue-OpenPipelineForHealthyPipelineSafeModeRule] INFO  safemode.SCMSafeModeManager (HealthyPipelineSafeModeRule.java:process(140)) - SCM in safe mode. Healthy pipelines reported count is 0, required healthy pipeline reported count is 1
2024-04-09 12:04:21,495 [06c35c3a-0415-431d-ae8b-027bb2658858-groupManagement] INFO  server.RaftServerConfigKeys (ConfUtils.java:logGet(46)) - raft.server.log.segment.size.max = 67108864 (custom)
2024-04-09 12:04:21,495 [06c35c3a-0415-431d-ae8b-027bb2658858-groupManagement] INFO  server.RaftServerConfigKeys (ConfUtils.java:logGet(46)) - raft.server.log.segment.cache.num.max = 2 (custom)
2024-04-09 12:04:21,495 [06c35c3a-0415-431d-ae8b-027bb2658858-groupManagement] INFO  server.RaftServerConfigKeys (ConfUtils.java:logGet(46)) - raft.server.log.segment.cache.size.max = 200MB (=209715200) (default)
2024-04-09 12:04:21,496 [06c35c3a-0415-431d-ae8b-027bb2658858-groupManagement] INFO  server.RaftServerConfigKeys (ConfUtils.java:logGet(46)) - raft.server.log.appender.buffer.byte-limit = 8388608 (custom)
2024-04-09 12:04:21,496 [06c35c3a-0415-431d-ae8b-027bb2658858-groupManagement] INFO  util.AwaitToRun (AwaitToRun.java:start(81)) - Thread[06c35c3a-0415-431d-ae8b-027bb2658858@group-2C2C502A59F8-cacheEviction-AwaitToRun,5,main] started
2024-04-09 12:04:21,496 [06c35c3a-0415-431d-ae8b-027bb2658858-groupManagement] INFO  segmented.SegmentedRaftLogWorker (SegmentedRaftLogWorker.java:<init>(182)) - new 06c35c3a-0415-431d-ae8b-027bb2658858@group-2C2C502A59F8-SegmentedRaftLogWorker for RaftStorageImpl:Storage Directory /home/runner/work/ozone/ozone/hadoop-ozone/integration-test/target/test-dir/MiniOzoneClusterImpl-00066f73-fe04-48fd-9c2f-afd3971143fc/ozone-meta/datanode-2/ratis/b8bf2288-a83f-4302-a707-2c2c502a59f8
2024-04-09 12:04:21,496 [06c35c3a-0415-431d-ae8b-027bb2658858-groupManagement] INFO  server.RaftServerConfigKeys (ConfUtils.java:logGet(46)) - raft.server.log.queue.byte-limit = 4294967296 (custom)
2024-04-09 12:04:21,497 [06c35c3a-0415-431d-ae8b-027bb2658858-groupManagement] INFO  server.RaftServerConfigKeys (ConfUtils.java:logGet(46)) - raft.server.log.queue.element-limit = 1024 (custom)
2024-04-09 12:04:21,497 [06c35c3a-0415-431d-ae8b-027bb2658858-groupManagement] INFO  server.RaftServerConfigKeys (ConfUtils.java:logGet(46)) - raft.server.log.segment.size.max = 67108864 (custom)
2024-04-09 12:04:21,497 [06c35c3a-0415-431d-ae8b-027bb2658858-groupManagement] INFO  server.RaftServerConfigKeys (ConfUtils.java:logGet(46)) - raft.server.log.preallocated.size = 4194304 (custom)
2024-04-09 12:04:21,497 [06c35c3a-0415-431d-ae8b-027bb2658858-groupManagement] INFO  server.RaftServerConfigKeys (ConfUtils.java:logGet(46)) - raft.server.log.force.sync.num = 128 (default)
2024-04-09 12:04:21,497 [06c35c3a-0415-431d-ae8b-027bb2658858-groupManagement] INFO  server.RaftServerConfigKeys (ConfUtils.java:logGet(46)) - raft.server.log.statemachine.data.sync = true (default)
2024-04-09 12:04:21,497 [06c35c3a-0415-431d-ae8b-027bb2658858-groupManagement] INFO  server.RaftServerConfigKeys (ConfUtils.java:logGet(46)) - raft.server.log.statemachine.data.sync.timeout = 10s (default)
2024-04-09 12:04:21,497 [06c35c3a-0415-431d-ae8b-027bb2658858-groupManagement] INFO  server.RaftServerConfigKeys (ConfUtils.java:logGet(46)) - raft.server.log.statemachine.data.sync.timeout.retry = 0 (custom)
2024-04-09 12:04:21,497 [06c35c3a-0415-431d-ae8b-027bb2658858-groupManagement] INFO  server.RaftServerConfigKeys (ConfUtils.java:logGet(46)) - raft.server.log.write.buffer.size = 8388616 (custom)
2024-04-09 12:04:21,499 [06c35c3a-0415-431d-ae8b-027bb2658858-groupManagement] INFO  server.RaftServerConfigKeys (ConfUtils.java:logGet(46)) - raft.server.log.appender.buffer.byte-limit = 8388608 (custom)
2024-04-09 12:04:21,499 [06c35c3a-0415-431d-ae8b-027bb2658858-groupManagement] INFO  server.RaftServerConfigKeys (ConfUtils.java:logGet(46)) - raft.server.log.unsafe-flush.enabled = false (default)
2024-04-09 12:04:21,499 [06c35c3a-0415-431d-ae8b-027bb2658858-groupManagement] INFO  server.RaftServerConfigKeys (ConfUtils.java:logGet(46)) - raft.server.log.async-flush.enabled = false (default)
2024-04-09 12:04:21,499 [06c35c3a-0415-431d-ae8b-027bb2658858-groupManagement] INFO  server.RaftServerConfigKeys (ConfUtils.java:logGet(46)) - raft.server.log.statemachine.data.caching.enabled = true (custom)
2024-04-09 12:04:21,499 [06c35c3a-0415-431d-ae8b-027bb2658858-groupManagement] INFO  segmented.SegmentedRaftLogWorker (SegmentedRaftLogWorker.java:lambda$new$0(134)) - 06c35c3a-0415-431d-ae8b-027bb2658858@group-2C2C502A59F8-SegmentedRaftLogWorker: flushIndex: setUnconditionally 0 -> -1
2024-04-09 12:04:21,500 [06c35c3a-0415-431d-ae8b-027bb2658858-groupManagement] INFO  segmented.SegmentedRaftLogWorker (SegmentedRaftLogWorker.java:lambda$new$0(134)) - 06c35c3a-0415-431d-ae8b-027bb2658858@group-2C2C502A59F8-SegmentedRaftLogWorker: safeCacheEvictIndex: setUnconditionally 0 -> -1
2024-04-09 12:04:21,505 [06c35c3a-0415-431d-ae8b-027bb2658858-groupManagement] INFO  server.RaftServer$Division (RaftServerImpl.java:start(396)) - 06c35c3a-0415-431d-ae8b-027bb2658858@group-2C2C502A59F8: start as a follower, conf=-1: peers:[47f2b6e5-7d1c-4a61-9d74-1b86fd130309|10.1.0.103:15067, 06c35c3a-0415-431d-ae8b-027bb2658858|10.1.0.103:15076, c0a63e6c-c246-4c4b-b9bd-48fbdf84331c|10.1.0.103:15085]|listeners:[], old=null
2024-04-09 12:04:21,505 [06c35c3a-0415-431d-ae8b-027bb2658858-groupManagement] INFO  server.RaftServer$Division (RaftServerImpl.java:setRole(383)) - 06c35c3a-0415-431d-ae8b-027bb2658858@group-2C2C502A59F8: changes role from      null to FOLLOWER at term 0 for startAsFollower
2024-04-09 12:04:21,505 [06c35c3a-0415-431d-ae8b-027bb2658858-groupManagement] INFO  impl.RoleInfo (RoleInfo.java:updateAndGet(139)) - 06c35c3a-0415-431d-ae8b-027bb2658858: start 06c35c3a-0415-431d-ae8b-027bb2658858@group-2C2C502A59F8-FollowerState
2024-04-09 12:04:21,506 [06c35c3a-0415-431d-ae8b-027bb2658858-groupManagement] INFO  util.JmxRegister (JmxRegister.java:tryRegister(44)) - Successfully registered JMX Bean with object name Ratis:service=RaftServer,group=group-2C2C502A59F8,id=06c35c3a-0415-431d-ae8b-027bb2658858
2024-04-09 12:04:21,506 [06c35c3a-0415-431d-ae8b-027bb2658858-groupManagement] INFO  server.RaftServerConfigKeys (ConfUtils.java:logGet(46)) - raft.server.snapshot.trigger-when-stop.enabled = true (default)
2024-04-09 12:04:21,506 [06c35c3a-0415-431d-ae8b-027bb2658858-groupManagement] INFO  server.RaftServerConfigKeys (ConfUtils.java:logGet(46)) - raft.server.snapshot.auto.trigger.enabled = true (custom)
2024-04-09 12:04:21,506 [06c35c3a-0415-431d-ae8b-027bb2658858-groupManagement] INFO  server.RaftServerConfigKeys (ConfUtils.java:logGet(46)) - raft.server.snapshot.auto.trigger.threshold = 10000 (custom)
2024-04-09 12:04:21,506 [06c35c3a-0415-431d-ae8b-027bb2658858-groupManagement] INFO  server.RaftServerConfigKeys (ConfUtils.java:logGet(46)) - raft.server.snapshot.retention.file.num = 5 (custom)
2024-04-09 12:04:21,506 [06c35c3a-0415-431d-ae8b-027bb2658858-groupManagement] INFO  server.RaftServerConfigKeys (ConfUtils.java:logGet(46)) - raft.server.log.purge.upto.snapshot.index = false (default)
2024-04-09 12:04:21,512 [06c35c3a-0415-431d-ae8b-027bb2658858@group-2C2C502A59F8-FollowerState] INFO  server.RaftServerConfigKeys (ConfUtils.java:logFallback(53)) - raft.server.rpc.first-election.timeout.min = 5s (fallback to raft.server.rpc.timeout.min)
2024-04-09 12:04:21,512 [06c35c3a-0415-431d-ae8b-027bb2658858@group-2C2C502A59F8-FollowerState] INFO  server.RaftServerConfigKeys (ConfUtils.java:logFallback(53)) - raft.server.rpc.first-election.timeout.max = 5200ms (fallback to raft.server.rpc.timeout.max)
2024-04-09 12:04:21,514 [06c35c3a-0415-431d-ae8b-027bb2658858-PipelineCommandHandlerThread-0] INFO  commandhandler.CreatePipelineCommandHandler (CreatePipelineCommandHandler.java:lambda$handle$2(124)) - Created Pipeline RATIS THREE PipelineID=8a023e63-f161-45d8-9a3c-db1d75a9e2dc.
2024-04-09 12:04:21,523 [7127763e-d356-4593-86a2-312e14def563-PipelineCommandHandlerThread-0] INFO  server.RaftServer (RaftServerProxy.java:addNew(100)) - 7127763e-d356-4593-86a2-312e14def563: addNew group-23D0993EFF82:[7127763e-d356-4593-86a2-312e14def563|10.1.0.103:15094] returns group-23D0993EFF82:java.util.concurrent.CompletableFuture@66c7e827[Not completed]
2024-04-09 12:04:21,527 [7127763e-d356-4593-86a2-312e14def563-groupManagement] INFO  server.RaftServer$Division (RaftServerImpl.java:<init>(256)) - 7127763e-d356-4593-86a2-312e14def563: new RaftServerImpl for group-23D0993EFF82:[7127763e-d356-4593-86a2-312e14def563|10.1.0.103:15094] with ContainerStateMachine:uninitialized
2024-04-09 12:04:21,528 [47f2b6e5-7d1c-4a61-9d74-1b86fd130309-PipelineCommandHandlerThread-0] INFO  commandhandler.CreatePipelineCommandHandler (CreatePipelineCommandHandler.java:lambda$handle$2(124)) - Created Pipeline RATIS THREE PipelineID=b8bf2288-a83f-4302-a707-2c2c502a59f8.
2024-04-09 12:04:21,528 [7127763e-d356-4593-86a2-312e14def563-groupManagement] INFO  server.RaftServerConfigKeys (ConfUtils.java:logGet(46)) - raft.server.rpc.timeout.min = 5s (custom)
2024-04-09 12:04:21,528 [7127763e-d356-4593-86a2-312e14def563-groupManagement] INFO  server.RaftServerConfigKeys (ConfUtils.java:logGet(46)) - raft.server.rpc.timeout.max = 5200ms (custom)
2024-04-09 12:04:21,528 [7127763e-d356-4593-86a2-312e14def563-groupManagement] INFO  server.RaftServerConfigKeys (ConfUtils.java:logGet(46)) - raft.server.rpc.sleep.time = 25ms (default)
2024-04-09 12:04:21,529 [7127763e-d356-4593-86a2-312e14def563-groupManagement] INFO  server.RaftServerConfigKeys (ConfUtils.java:logGet(46)) - raft.server.rpc.slowness.timeout = 300000ms (custom)
2024-04-09 12:04:21,529 [7127763e-d356-4593-86a2-312e14def563-groupManagement] INFO  server.RaftServerConfigKeys (ConfUtils.java:logGet(46)) - raft.server.leaderelection.leader.step-down.wait-time = 10s (default)
2024-04-09 12:04:21,529 [7127763e-d356-4593-86a2-312e14def563-groupManagement] INFO  server.RaftServerConfigKeys (ConfUtils.java:logGet(46)) - raft.server.leaderelection.member.majority-add = false (default)
2024-04-09 12:04:21,529 [7127763e-d356-4593-86a2-312e14def563-groupManagement] INFO  server.RaftServerConfigKeys (ConfUtils.java:logGet(46)) - raft.server.sleep.deviation.threshold = 300ms (default)
2024-04-09 12:04:21,529 [7127763e-d356-4593-86a2-312e14def563-groupManagement] INFO  server.RaftServer$Division (ServerState.java:<init>(113)) - 7127763e-d356-4593-86a2-312e14def563@group-23D0993EFF82: ConfigurationManager, init=-1: peers:[7127763e-d356-4593-86a2-312e14def563|10.1.0.103:15094]|listeners:[], old=null, confs=<EMPTY_MAP>
2024-04-09 12:04:21,529 [7127763e-d356-4593-86a2-312e14def563-groupManagement] INFO  server.RaftServerConfigKeys (ConfUtils.java:logGet(46)) - raft.server.notification.no-leader.timeout = 300000ms (custom)
2024-04-09 12:04:21,529 [7127763e-d356-4593-86a2-312e14def563-groupManagement] INFO  server.RaftServerConfigKeys (ConfUtils.java:logGet(46)) - raft.server.read.timeout = 10s (default)
2024-04-09 12:04:21,529 [7127763e-d356-4593-86a2-312e14def563-groupManagement] INFO  server.RaftServerConfigKeys (ConfUtils.java:logGet(46)) - raft.server.retrycache.expirytime = 600000ms (custom)
2024-04-09 12:04:21,529 [7127763e-d356-4593-86a2-312e14def563-groupManagement] INFO  server.RaftServerConfigKeys (ConfUtils.java:logGet(46)) - raft.server.retrycache.statistics.expirytime = 100ms (default)
2024-04-09 12:04:21,529 [7127763e-d356-4593-86a2-312e14def563-groupManagement] INFO  server.RaftServerConfigKeys (ConfUtils.java:logGet(46)) - raft.server.read.option = DEFAULT (default)
2024-04-09 12:04:21,529 [7127763e-d356-4593-86a2-312e14def563-groupManagement] INFO  server.RaftServerConfigKeys (ConfUtils.java:logGet(46)) - raft.server.read.read-after-write-consistent.write-index-cache.expiry-time = 60s (default)
2024-04-09 12:04:21,533 [7127763e-d356-4593-86a2-312e14def563-groupManagement] INFO  server.RaftServerConfigKeys (ConfUtils.java:logGet(46)) - raft.server.rpc.request.timeout = 3000ms (default)
2024-04-09 12:04:21,533 [7127763e-d356-4593-86a2-312e14def563-groupManagement] INFO  server.RaftServerConfigKeys (ConfUtils.java:logGet(46)) - raft.server.log.appender.install.snapshot.enabled = false (custom)
2024-04-09 12:04:21,533 [7127763e-d356-4593-86a2-312e14def563-groupManagement] INFO  server.RaftServerConfigKeys (ConfUtils.java:logGet(46)) - raft.server.threadpool.server.cached = true (default)
2024-04-09 12:04:21,534 [7127763e-d356-4593-86a2-312e14def563-groupManagement] INFO  server.RaftServerConfigKeys (ConfUtils.java:logGet(46)) - raft.server.threadpool.server.size = 0 (default)
2024-04-09 12:04:21,534 [7127763e-d356-4593-86a2-312e14def563-groupManagement] INFO  server.RaftServerConfigKeys (ConfUtils.java:logGet(46)) - raft.server.threadpool.client.cached = true (default)
2024-04-09 12:04:21,535 [7127763e-d356-4593-86a2-312e14def563-groupManagement] INFO  server.RaftServerConfigKeys (ConfUtils.java:logGet(46)) - raft.server.threadpool.client.size = 0 (default)
2024-04-09 12:04:21,535 [7127763e-d356-4593-86a2-312e14def563-groupManagement] INFO  server.RaftServerConfigKeys (ConfUtils.java:logGet(46)) - raft.server.storage.free-space.min = 0MB (=0) (default)
2024-04-09 12:04:21,535 [7127763e-d356-4593-86a2-312e14def563-groupManagement] INFO  server.RaftServerConfigKeys (ConfUtils.java:logGet(46)) - raft.server.log.corruption.policy = EXCEPTION (default)
2024-04-09 12:04:21,536 [7127763e-d356-4593-86a2-312e14def563-groupManagement] INFO  server.RaftServerConfigKeys (ConfUtils.java:logGet(46)) - raft.server.storage.dir = [/home/runner/work/ozone/ozone/hadoop-ozone/integration-test/target/test-dir/MiniOzoneClusterImpl-00066f73-fe04-48fd-9c2f-afd3971143fc/ozone-meta/datanode-4/ratis] (custom)
2024-04-09 12:04:21,536 [7127763e-d356-4593-86a2-312e14def563-groupManagement] INFO  storage.RaftStorageDirectory (RaftStorageDirectoryImpl.java:analyzeStorage(138)) - The storage directory /home/runner/work/ozone/ozone/hadoop-ozone/integration-test/target/test-dir/MiniOzoneClusterImpl-00066f73-fe04-48fd-9c2f-afd3971143fc/ozone-meta/datanode-4/ratis/ea4d43ee-388a-49ba-8592-23d0993eff82 does not exist. Creating ...
2024-04-09 12:04:21,538 [7127763e-d356-4593-86a2-312e14def563-groupManagement] INFO  storage.RaftStorageDirectory (RaftStorageDirectoryImpl.java:tryLock(228)) - Lock on /home/runner/work/ozone/ozone/hadoop-ozone/integration-test/target/test-dir/MiniOzoneClusterImpl-00066f73-fe04-48fd-9c2f-afd3971143fc/ozone-meta/datanode-4/ratis/ea4d43ee-388a-49ba-8592-23d0993eff82/in_use.lock acquired by nodename 114594@fv-az1531-426
2024-04-09 12:04:21,540 [7127763e-d356-4593-86a2-312e14def563-groupManagement] INFO  storage.RaftStorage (RaftStorageImpl.java:format(99)) - Storage directory /home/runner/work/ozone/ozone/hadoop-ozone/integration-test/target/test-dir/MiniOzoneClusterImpl-00066f73-fe04-48fd-9c2f-afd3971143fc/ozone-meta/datanode-4/ratis/ea4d43ee-388a-49ba-8592-23d0993eff82 has been successfully formatted.
2024-04-09 12:04:21,540 [7127763e-d356-4593-86a2-312e14def563-groupManagement] WARN  util.FileUtils (LogUtils.java:supplyAndLog(63)) - Failed to Files.newInputStream /home/runner/work/ozone/ozone/hadoop-ozone/integration-test/target/test-dir/MiniOzoneClusterImpl-00066f73-fe04-48fd-9c2f-afd3971143fc/ozone-meta/datanode-4/ratis/ea4d43ee-388a-49ba-8592-23d0993eff82/current/raft-meta.conf with options []: java.nio.file.NoSuchFileException: /home/runner/work/ozone/ozone/hadoop-ozone/integration-test/target/test-dir/MiniOzoneClusterImpl-00066f73-fe04-48fd-9c2f-afd3971143fc/ozone-meta/datanode-4/ratis/ea4d43ee-388a-49ba-8592-23d0993eff82/current/raft-meta.conf
2024-04-09 12:04:21,542 [7127763e-d356-4593-86a2-312e14def563-groupManagement] INFO  ratis.ContainerStateMachine (ContainerStateMachine.java:loadSnapshot(287)) - group-23D0993EFF82: The snapshot info is null. Setting the last applied index to:(t:0, i:~)
2024-04-09 12:04:21,542 [7127763e-d356-4593-86a2-312e14def563-groupManagement] INFO  server.RaftServerConfigKeys (ConfUtils.java:logGet(46)) - raft.server.log.use.memory = false (default)
2024-04-09 12:04:21,543 [7127763e-d356-4593-86a2-312e14def563-groupManagement] INFO  server.RaftServerConfigKeys (ConfUtils.java:logGet(46)) - raft.server.log.purge.gap = 1000000 (custom)
2024-04-09 12:04:21,544 [7127763e-d356-4593-86a2-312e14def563-groupManagement] INFO  server.RaftServerConfigKeys (ConfUtils.java:logGet(46)) - raft.server.log.appender.buffer.byte-limit = 8388608 (custom)
2024-04-09 12:04:21,544 [7127763e-d356-4593-86a2-312e14def563-groupManagement] INFO  server.RaftServerConfigKeys (ConfUtils.java:logGet(46)) - raft.server.log.statemachine.data.read.timeout = 1000ms (default)
2024-04-09 12:04:21,544 [7127763e-d356-4593-86a2-312e14def563-groupManagement] INFO  server.RaftServerConfigKeys (ConfUtils.java:logGet(46)) - raft.server.log.purge.preservation.log.num = 0 (default)
2024-04-09 12:04:21,545 [EventQueue-PipelineReportForPipelineReportHandler] INFO  pipeline.PipelineReportHandler (PipelineReportHandler.java:processPipelineReport(136)) - Opened pipeline PipelineID=ea4d43ee-388a-49ba-8592-23d0993eff82
2024-04-09 12:04:21,545 [EventQueue-OpenPipelineForHealthyPipelineSafeModeRule] INFO  safemode.SCMSafeModeManager (HealthyPipelineSafeModeRule.java:process(140)) - SCM in safe mode. Healthy pipelines reported count is 0, required healthy pipeline reported count is 1
2024-04-09 12:04:21,546 [7127763e-d356-4593-86a2-312e14def563-groupManagement] INFO  server.RaftServerConfigKeys (ConfUtils.java:logGet(46)) - raft.server.log.segment.size.max = 67108864 (custom)
2024-04-09 12:04:21,546 [7127763e-d356-4593-86a2-312e14def563-groupManagement] INFO  server.RaftServerConfigKeys (ConfUtils.java:logGet(46)) - raft.server.log.segment.cache.num.max = 2 (custom)
2024-04-09 12:04:21,546 [7127763e-d356-4593-86a2-312e14def563-groupManagement] INFO  server.RaftServerConfigKeys (ConfUtils.java:logGet(46)) - raft.server.log.segment.cache.size.max = 200MB (=209715200) (default)
2024-04-09 12:04:21,546 [7127763e-d356-4593-86a2-312e14def563-groupManagement] INFO  server.RaftServerConfigKeys (ConfUtils.java:logGet(46)) - raft.server.log.appender.buffer.byte-limit = 8388608 (custom)
2024-04-09 12:04:21,548 [7127763e-d356-4593-86a2-312e14def563-groupManagement] INFO  util.AwaitToRun (AwaitToRun.java:start(81)) - Thread[7127763e-d356-4593-86a2-312e14def563@group-23D0993EFF82-cacheEviction-AwaitToRun,5,main] started
2024-04-09 12:04:21,549 [7127763e-d356-4593-86a2-312e14def563-groupManagement] INFO  segmented.SegmentedRaftLogWorker (SegmentedRaftLogWorker.java:<init>(182)) - new 7127763e-d356-4593-86a2-312e14def563@group-23D0993EFF82-SegmentedRaftLogWorker for RaftStorageImpl:Storage Directory /home/runner/work/ozone/ozone/hadoop-ozone/integration-test/target/test-dir/MiniOzoneClusterImpl-00066f73-fe04-48fd-9c2f-afd3971143fc/ozone-meta/datanode-4/ratis/ea4d43ee-388a-49ba-8592-23d0993eff82
2024-04-09 12:04:21,549 [7127763e-d356-4593-86a2-312e14def563-groupManagement] INFO  server.RaftServerConfigKeys (ConfUtils.java:logGet(46)) - raft.server.log.queue.byte-limit = 4294967296 (custom)
2024-04-09 12:04:21,549 [7127763e-d356-4593-86a2-312e14def563-groupManagement] INFO  server.RaftServerConfigKeys (ConfUtils.java:logGet(46)) - raft.server.log.queue.element-limit = 1024 (custom)
2024-04-09 12:04:21,549 [7127763e-d356-4593-86a2-312e14def563-groupManagement] INFO  server.RaftServerConfigKeys (ConfUtils.java:logGet(46)) - raft.server.log.segment.size.max = 67108864 (custom)
2024-04-09 12:04:21,550 [7127763e-d356-4593-86a2-312e14def563-groupManagement] INFO  server.RaftServerConfigKeys (ConfUtils.java:logGet(46)) - raft.server.log.preallocated.size = 4194304 (custom)
2024-04-09 12:04:21,550 [7127763e-d356-4593-86a2-312e14def563-groupManagement] INFO  server.RaftServerConfigKeys (ConfUtils.java:logGet(46)) - raft.server.log.force.sync.num = 128 (default)
2024-04-09 12:04:21,550 [7127763e-d356-4593-86a2-312e14def563-groupManagement] INFO  server.RaftServerConfigKeys (ConfUtils.java:logGet(46)) - raft.server.log.statemachine.data.sync = true (default)
2024-04-09 12:04:21,550 [7127763e-d356-4593-86a2-312e14def563-groupManagement] INFO  server.RaftServerConfigKeys (ConfUtils.java:logGet(46)) - raft.server.log.statemachine.data.sync.timeout = 10s (default)
2024-04-09 12:04:21,550 [7127763e-d356-4593-86a2-312e14def563-groupManagement] INFO  server.RaftServerConfigKeys (ConfUtils.java:logGet(46)) - raft.server.log.statemachine.data.sync.timeout.retry = 0 (custom)
2024-04-09 12:04:21,550 [7127763e-d356-4593-86a2-312e14def563-groupManagement] INFO  server.RaftServerConfigKeys (ConfUtils.java:logGet(46)) - raft.server.log.write.buffer.size = 8388616 (custom)
2024-04-09 12:04:21,552 [7127763e-d356-4593-86a2-312e14def563-groupManagement] INFO  server.RaftServerConfigKeys (ConfUtils.java:logGet(46)) - raft.server.log.appender.buffer.byte-limit = 8388608 (custom)
2024-04-09 12:04:21,552 [7127763e-d356-4593-86a2-312e14def563-groupManagement] INFO  server.RaftServerConfigKeys (ConfUtils.java:logGet(46)) - raft.server.log.unsafe-flush.enabled = false (default)
2024-04-09 12:04:21,552 [7127763e-d356-4593-86a2-312e14def563-groupManagement] INFO  server.RaftServerConfigKeys (ConfUtils.java:logGet(46)) - raft.server.log.async-flush.enabled = false (default)
2024-04-09 12:04:21,552 [7127763e-d356-4593-86a2-312e14def563-groupManagement] INFO  server.RaftServerConfigKeys (ConfUtils.java:logGet(46)) - raft.server.log.statemachine.data.caching.enabled = true (custom)
2024-04-09 12:04:21,552 [7127763e-d356-4593-86a2-312e14def563-groupManagement] INFO  segmented.SegmentedRaftLogWorker (SegmentedRaftLogWorker.java:lambda$new$0(134)) - 7127763e-d356-4593-86a2-312e14def563@group-23D0993EFF82-SegmentedRaftLogWorker: flushIndex: setUnconditionally 0 -> -1
2024-04-09 12:04:21,552 [7127763e-d356-4593-86a2-312e14def563-groupManagement] INFO  segmented.SegmentedRaftLogWorker (SegmentedRaftLogWorker.java:lambda$new$0(134)) - 7127763e-d356-4593-86a2-312e14def563@group-23D0993EFF82-SegmentedRaftLogWorker: safeCacheEvictIndex: setUnconditionally 0 -> -1
2024-04-09 12:04:21,554 [7127763e-d356-4593-86a2-312e14def563-groupManagement] INFO  server.RaftServer$Division (RaftServerImpl.java:start(396)) - 7127763e-d356-4593-86a2-312e14def563@group-23D0993EFF82: start as a follower, conf=-1: peers:[7127763e-d356-4593-86a2-312e14def563|10.1.0.103:15094]|listeners:[], old=null
2024-04-09 12:04:21,554 [7127763e-d356-4593-86a2-312e14def563-groupManagement] INFO  server.RaftServer$Division (RaftServerImpl.java:setRole(383)) - 7127763e-d356-4593-86a2-312e14def563@group-23D0993EFF82: changes role from      null to FOLLOWER at term 0 for startAsFollower
2024-04-09 12:04:21,554 [7127763e-d356-4593-86a2-312e14def563-groupManagement] INFO  impl.RoleInfo (RoleInfo.java:updateAndGet(139)) - 7127763e-d356-4593-86a2-312e14def563: start 7127763e-d356-4593-86a2-312e14def563@group-23D0993EFF82-FollowerState
2024-04-09 12:04:21,554 [7127763e-d356-4593-86a2-312e14def563-groupManagement] INFO  util.JmxRegister (JmxRegister.java:tryRegister(44)) - Successfully registered JMX Bean with object name Ratis:service=RaftServer,group=group-23D0993EFF82,id=7127763e-d356-4593-86a2-312e14def563
2024-04-09 12:04:21,554 [7127763e-d356-4593-86a2-312e14def563-groupManagement] INFO  server.RaftServerConfigKeys (ConfUtils.java:logGet(46)) - raft.server.snapshot.trigger-when-stop.enabled = true (default)
2024-04-09 12:04:21,555 [7127763e-d356-4593-86a2-312e14def563-groupManagement] INFO  server.RaftServerConfigKeys (ConfUtils.java:logGet(46)) - raft.server.snapshot.auto.trigger.enabled = true (custom)
2024-04-09 12:04:21,555 [7127763e-d356-4593-86a2-312e14def563-groupManagement] INFO  server.RaftServerConfigKeys (ConfUtils.java:logGet(46)) - raft.server.snapshot.auto.trigger.threshold = 10000 (custom)
2024-04-09 12:04:21,555 [7127763e-d356-4593-86a2-312e14def563-groupManagement] INFO  server.RaftServerConfigKeys (ConfUtils.java:logGet(46)) - raft.server.snapshot.retention.file.num = 5 (custom)
2024-04-09 12:04:21,555 [7127763e-d356-4593-86a2-312e14def563-groupManagement] INFO  server.RaftServerConfigKeys (ConfUtils.java:logGet(46)) - raft.server.log.purge.upto.snapshot.index = false (default)
2024-04-09 12:04:21,555 [7127763e-d356-4593-86a2-312e14def563@group-23D0993EFF82-FollowerState] INFO  server.RaftServerConfigKeys (ConfUtils.java:logFallback(53)) - raft.server.rpc.first-election.timeout.min = 5s (fallback to raft.server.rpc.timeout.min)
2024-04-09 12:04:21,555 [7127763e-d356-4593-86a2-312e14def563@group-23D0993EFF82-FollowerState] INFO  server.RaftServerConfigKeys (ConfUtils.java:logFallback(53)) - raft.server.rpc.first-election.timeout.max = 5200ms (fallback to raft.server.rpc.timeout.max)
2024-04-09 12:04:21,556 [7127763e-d356-4593-86a2-312e14def563-PipelineCommandHandlerThread-0] INFO  ratis.XceiverServerRatis (XceiverServerRatis.java:addGroup(864)) - Created group PipelineID=ea4d43ee-388a-49ba-8592-23d0993eff82
2024-04-09 12:04:21,556 [7127763e-d356-4593-86a2-312e14def563-PipelineCommandHandlerThread-0] INFO  commandhandler.CreatePipelineCommandHandler (CreatePipelineCommandHandler.java:lambda$handle$2(124)) - Created Pipeline RATIS ONE PipelineID=ea4d43ee-388a-49ba-8592-23d0993eff82.
2024-04-09 12:04:21,556 [c0a63e6c-c246-4c4b-b9bd-48fbdf84331c-PipelineCommandHandlerThread-0] INFO  commandhandler.CreatePipelineCommandHandler (CreatePipelineCommandHandler.java:lambda$handle$2(124)) - Created Pipeline RATIS THREE PipelineID=b8bf2288-a83f-4302-a707-2c2c502a59f8.
2024-04-09 12:04:21,585 [main] INFO  ozone.MiniOzoneClusterImpl (MiniOzoneClusterImpl.java:lambda$waitForClusterToBeReady$0(194)) - Nodes are ready. Got 5 of 5 DN Heartbeats.
2024-04-09 12:04:21,586 [main] INFO  ozone.MiniOzoneClusterImpl (MiniOzoneClusterImpl.java:lambda$waitForClusterToBeReady$0(197)) - Waiting for cluster to exit safe mode
2024-04-09 12:04:21,586 [main] INFO  ozone.MiniOzoneClusterImpl (MiniOzoneClusterImpl.java:lambda$waitForClusterToBeReady$0(199)) - SCM became leader
2024-04-09 12:04:21,587 [a87d7804-de0d-4258-ad97-e1309df34ed1-PipelineCommandHandlerThread-0] INFO  server.RaftServer (RaftServerProxy.java:addNew(100)) - a87d7804-de0d-4258-ad97-e1309df34ed1: addNew group-50B2E81FCFF7:[a87d7804-de0d-4258-ad97-e1309df34ed1|10.1.0.103:15103] returns group-50B2E81FCFF7:java.util.concurrent.CompletableFuture@71b4e722[Not completed]
2024-04-09 12:04:21,588 [a87d7804-de0d-4258-ad97-e1309df34ed1-groupManagement] INFO  server.RaftServer$Division (RaftServerImpl.java:<init>(256)) - a87d7804-de0d-4258-ad97-e1309df34ed1: new RaftServerImpl for group-50B2E81FCFF7:[a87d7804-de0d-4258-ad97-e1309df34ed1|10.1.0.103:15103] with ContainerStateMachine:uninitialized
2024-04-09 12:04:21,588 [a87d7804-de0d-4258-ad97-e1309df34ed1-groupManagement] INFO  server.RaftServerConfigKeys (ConfUtils.java:logGet(46)) - raft.server.rpc.timeout.min = 5s (custom)
2024-04-09 12:04:21,588 [a87d7804-de0d-4258-ad97-e1309df34ed1-groupManagement] INFO  server.RaftServerConfigKeys (ConfUtils.java:logGet(46)) - raft.server.rpc.timeout.max = 5200ms (custom)
2024-04-09 12:04:21,588 [a87d7804-de0d-4258-ad97-e1309df34ed1-groupManagement] INFO  server.RaftServerConfigKeys (ConfUtils.java:logGet(46)) - raft.server.rpc.sleep.time = 25ms (default)
2024-04-09 12:04:21,589 [a87d7804-de0d-4258-ad97-e1309df34ed1-groupManagement] INFO  server.RaftServerConfigKeys (ConfUtils.java:logGet(46)) - raft.server.rpc.slowness.timeout = 300000ms (custom)
2024-04-09 12:04:21,589 [a87d7804-de0d-4258-ad97-e1309df34ed1-groupManagement] INFO  server.RaftServerConfigKeys (ConfUtils.java:logGet(46)) - raft.server.leaderelection.leader.step-down.wait-time = 10s (default)
2024-04-09 12:04:21,589 [a87d7804-de0d-4258-ad97-e1309df34ed1-groupManagement] INFO  server.RaftServerConfigKeys (ConfUtils.java:logGet(46)) - raft.server.leaderelection.member.majority-add = false (default)
2024-04-09 12:04:21,589 [a87d7804-de0d-4258-ad97-e1309df34ed1-groupManagement] INFO  server.RaftServerConfigKeys (ConfUtils.java:logGet(46)) - raft.server.sleep.deviation.threshold = 300ms (default)
2024-04-09 12:04:21,589 [a87d7804-de0d-4258-ad97-e1309df34ed1-groupManagement] INFO  server.RaftServer$Division (ServerState.java:<init>(113)) - a87d7804-de0d-4258-ad97-e1309df34ed1@group-50B2E81FCFF7: ConfigurationManager, init=-1: peers:[a87d7804-de0d-4258-ad97-e1309df34ed1|10.1.0.103:15103]|listeners:[], old=null, confs=<EMPTY_MAP>
2024-04-09 12:04:21,589 [a87d7804-de0d-4258-ad97-e1309df34ed1-groupManagement] INFO  server.RaftServerConfigKeys (ConfUtils.java:logGet(46)) - raft.server.notification.no-leader.timeout = 300000ms (custom)
2024-04-09 12:04:21,589 [a87d7804-de0d-4258-ad97-e1309df34ed1-groupManagement] INFO  server.RaftServerConfigKeys (ConfUtils.java:logGet(46)) - raft.server.read.timeout = 10s (default)
2024-04-09 12:04:21,589 [a87d7804-de0d-4258-ad97-e1309df34ed1-groupManagement] INFO  server.RaftServerConfigKeys (ConfUtils.java:logGet(46)) - raft.server.retrycache.expirytime = 600000ms (custom)
2024-04-09 12:04:21,589 [a87d7804-de0d-4258-ad97-e1309df34ed1-groupManagement] INFO  server.RaftServerConfigKeys (ConfUtils.java:logGet(46)) - raft.server.retrycache.statistics.expirytime = 100ms (default)
2024-04-09 12:04:21,589 [a87d7804-de0d-4258-ad97-e1309df34ed1-groupManagement] INFO  server.RaftServerConfigKeys (ConfUtils.java:logGet(46)) - raft.server.read.option = DEFAULT (default)
2024-04-09 12:04:21,589 [a87d7804-de0d-4258-ad97-e1309df34ed1-groupManagement] INFO  server.RaftServerConfigKeys (ConfUtils.java:logGet(46)) - raft.server.read.read-after-write-consistent.write-index-cache.expiry-time = 60s (default)
2024-04-09 12:04:21,591 [a87d7804-de0d-4258-ad97-e1309df34ed1-groupManagement] INFO  server.RaftServerConfigKeys (ConfUtils.java:logGet(46)) - raft.server.rpc.request.timeout = 3000ms (default)
2024-04-09 12:04:21,591 [a87d7804-de0d-4258-ad97-e1309df34ed1-groupManagement] INFO  server.RaftServerConfigKeys (ConfUtils.java:logGet(46)) - raft.server.log.appender.install.snapshot.enabled = false (custom)
2024-04-09 12:04:21,591 [a87d7804-de0d-4258-ad97-e1309df34ed1-groupManagement] INFO  server.RaftServerConfigKeys (ConfUtils.java:logGet(46)) - raft.server.threadpool.server.cached = true (default)
2024-04-09 12:04:21,591 [a87d7804-de0d-4258-ad97-e1309df34ed1-groupManagement] INFO  server.RaftServerConfigKeys (ConfUtils.java:logGet(46)) - raft.server.threadpool.server.size = 0 (default)
2024-04-09 12:04:21,591 [a87d7804-de0d-4258-ad97-e1309df34ed1-groupManagement] INFO  server.RaftServerConfigKeys (ConfUtils.java:logGet(46)) - raft.server.threadpool.client.cached = true (default)
2024-04-09 12:04:21,591 [a87d7804-de0d-4258-ad97-e1309df34ed1-groupManagement] INFO  server.RaftServerConfigKeys (ConfUtils.java:logGet(46)) - raft.server.threadpool.client.size = 0 (default)
2024-04-09 12:04:21,591 [a87d7804-de0d-4258-ad97-e1309df34ed1-groupManagement] INFO  server.RaftServerConfigKeys (ConfUtils.java:logGet(46)) - raft.server.storage.free-space.min = 0MB (=0) (default)
2024-04-09 12:04:21,591 [a87d7804-de0d-4258-ad97-e1309df34ed1-groupManagement] INFO  server.RaftServerConfigKeys (ConfUtils.java:logGet(46)) - raft.server.log.corruption.policy = EXCEPTION (default)
2024-04-09 12:04:21,592 [a87d7804-de0d-4258-ad97-e1309df34ed1-groupManagement] INFO  server.RaftServerConfigKeys (ConfUtils.java:logGet(46)) - raft.server.storage.dir = [/home/runner/work/ozone/ozone/hadoop-ozone/integration-test/target/test-dir/MiniOzoneClusterImpl-00066f73-fe04-48fd-9c2f-afd3971143fc/ozone-meta/datanode-5/ratis] (custom)
2024-04-09 12:04:21,592 [a87d7804-de0d-4258-ad97-e1309df34ed1-groupManagement] INFO  storage.RaftStorageDirectory (RaftStorageDirectoryImpl.java:analyzeStorage(138)) - The storage directory /home/runner/work/ozone/ozone/hadoop-ozone/integration-test/target/test-dir/MiniOzoneClusterImpl-00066f73-fe04-48fd-9c2f-afd3971143fc/ozone-meta/datanode-5/ratis/98953a21-1556-4947-a478-50b2e81fcff7 does not exist. Creating ...
2024-04-09 12:04:21,593 [a87d7804-de0d-4258-ad97-e1309df34ed1-groupManagement] INFO  storage.RaftStorageDirectory (RaftStorageDirectoryImpl.java:tryLock(228)) - Lock on /home/runner/work/ozone/ozone/hadoop-ozone/integration-test/target/test-dir/MiniOzoneClusterImpl-00066f73-fe04-48fd-9c2f-afd3971143fc/ozone-meta/datanode-5/ratis/98953a21-1556-4947-a478-50b2e81fcff7/in_use.lock acquired by nodename 114594@fv-az1531-426
2024-04-09 12:04:21,593 [a87d7804-de0d-4258-ad97-e1309df34ed1-groupManagement] INFO  storage.RaftStorage (RaftStorageImpl.java:format(99)) - Storage directory /home/runner/work/ozone/ozone/hadoop-ozone/integration-test/target/test-dir/MiniOzoneClusterImpl-00066f73-fe04-48fd-9c2f-afd3971143fc/ozone-meta/datanode-5/ratis/98953a21-1556-4947-a478-50b2e81fcff7 has been successfully formatted.
2024-04-09 12:04:21,594 [a87d7804-de0d-4258-ad97-e1309df34ed1-groupManagement] WARN  util.FileUtils (LogUtils.java:supplyAndLog(63)) - Failed to Files.newInputStream /home/runner/work/ozone/ozone/hadoop-ozone/integration-test/target/test-dir/MiniOzoneClusterImpl-00066f73-fe04-48fd-9c2f-afd3971143fc/ozone-meta/datanode-5/ratis/98953a21-1556-4947-a478-50b2e81fcff7/current/raft-meta.conf with options []: java.nio.file.NoSuchFileException: /home/runner/work/ozone/ozone/hadoop-ozone/integration-test/target/test-dir/MiniOzoneClusterImpl-00066f73-fe04-48fd-9c2f-afd3971143fc/ozone-meta/datanode-5/ratis/98953a21-1556-4947-a478-50b2e81fcff7/current/raft-meta.conf
2024-04-09 12:04:21,595 [a87d7804-de0d-4258-ad97-e1309df34ed1-groupManagement] INFO  ratis.ContainerStateMachine (ContainerStateMachine.java:loadSnapshot(287)) - group-50B2E81FCFF7: The snapshot info is null. Setting the last applied index to:(t:0, i:~)
2024-04-09 12:04:21,595 [a87d7804-de0d-4258-ad97-e1309df34ed1-groupManagement] INFO  server.RaftServerConfigKeys (ConfUtils.java:logGet(46)) - raft.server.log.use.memory = false (default)
2024-04-09 12:04:21,595 [a87d7804-de0d-4258-ad97-e1309df34ed1-groupManagement] INFO  server.RaftServerConfigKeys (ConfUtils.java:logGet(46)) - raft.server.log.purge.gap = 1000000 (custom)
2024-04-09 12:04:21,595 [a87d7804-de0d-4258-ad97-e1309df34ed1-groupManagement] INFO  server.RaftServerConfigKeys (ConfUtils.java:logGet(46)) - raft.server.log.appender.buffer.byte-limit = 8388608 (custom)
2024-04-09 12:04:21,595 [a87d7804-de0d-4258-ad97-e1309df34ed1-groupManagement] INFO  server.RaftServerConfigKeys (ConfUtils.java:logGet(46)) - raft.server.log.statemachine.data.read.timeout = 1000ms (default)
2024-04-09 12:04:21,595 [a87d7804-de0d-4258-ad97-e1309df34ed1-groupManagement] INFO  server.RaftServerConfigKeys (ConfUtils.java:logGet(46)) - raft.server.log.purge.preservation.log.num = 0 (default)
2024-04-09 12:04:21,596 [a87d7804-de0d-4258-ad97-e1309df34ed1-groupManagement] INFO  server.RaftServerConfigKeys (ConfUtils.java:logGet(46)) - raft.server.log.segment.size.max = 67108864 (custom)
2024-04-09 12:04:21,596 [a87d7804-de0d-4258-ad97-e1309df34ed1-groupManagement] INFO  server.RaftServerConfigKeys (ConfUtils.java:logGet(46)) - raft.server.log.segment.cache.num.max = 2 (custom)
2024-04-09 12:04:21,596 [a87d7804-de0d-4258-ad97-e1309df34ed1-groupManagement] INFO  server.RaftServerConfigKeys (ConfUtils.java:logGet(46)) - raft.server.log.segment.cache.size.max = 200MB (=209715200) (default)
2024-04-09 12:04:21,597 [a87d7804-de0d-4258-ad97-e1309df34ed1-groupManagement] INFO  server.RaftServerConfigKeys (ConfUtils.java:logGet(46)) - raft.server.log.appender.buffer.byte-limit = 8388608 (custom)
2024-04-09 12:04:21,597 [EventQueue-PipelineReportForPipelineReportHandler] INFO  pipeline.PipelineReportHandler (PipelineReportHandler.java:processPipelineReport(136)) - Opened pipeline PipelineID=98953a21-1556-4947-a478-50b2e81fcff7
2024-04-09 12:04:21,597 [a87d7804-de0d-4258-ad97-e1309df34ed1-groupManagement] INFO  util.AwaitToRun (AwaitToRun.java:start(81)) - Thread[a87d7804-de0d-4258-ad97-e1309df34ed1@group-50B2E81FCFF7-cacheEviction-AwaitToRun,5,main] started
2024-04-09 12:04:21,597 [EventQueue-OpenPipelineForHealthyPipelineSafeModeRule] INFO  safemode.SCMSafeModeManager (HealthyPipelineSafeModeRule.java:process(140)) - SCM in safe mode. Healthy pipelines reported count is 0, required healthy pipeline reported count is 1
2024-04-09 12:04:21,597 [a87d7804-de0d-4258-ad97-e1309df34ed1-groupManagement] INFO  segmented.SegmentedRaftLogWorker (SegmentedRaftLogWorker.java:<init>(182)) - new a87d7804-de0d-4258-ad97-e1309df34ed1@group-50B2E81FCFF7-SegmentedRaftLogWorker for RaftStorageImpl:Storage Directory /home/runner/work/ozone/ozone/hadoop-ozone/integration-test/target/test-dir/MiniOzoneClusterImpl-00066f73-fe04-48fd-9c2f-afd3971143fc/ozone-meta/datanode-5/ratis/98953a21-1556-4947-a478-50b2e81fcff7
2024-04-09 12:04:21,597 [a87d7804-de0d-4258-ad97-e1309df34ed1-groupManagement] INFO  server.RaftServerConfigKeys (ConfUtils.java:logGet(46)) - raft.server.log.queue.byte-limit = 4294967296 (custom)
2024-04-09 12:04:21,597 [a87d7804-de0d-4258-ad97-e1309df34ed1-groupManagement] INFO  server.RaftServerConfigKeys (ConfUtils.java:logGet(46)) - raft.server.log.queue.element-limit = 1024 (custom)
2024-04-09 12:04:21,597 [a87d7804-de0d-4258-ad97-e1309df34ed1-groupManagement] INFO  server.RaftServerConfigKeys (ConfUtils.java:logGet(46)) - raft.server.log.segment.size.max = 67108864 (custom)
2024-04-09 12:04:21,597 [a87d7804-de0d-4258-ad97-e1309df34ed1-groupManagement] INFO  server.RaftServerConfigKeys (ConfUtils.java:logGet(46)) - raft.server.log.preallocated.size = 4194304 (custom)
2024-04-09 12:04:21,597 [a87d7804-de0d-4258-ad97-e1309df34ed1-groupManagement] INFO  server.RaftServerConfigKeys (ConfUtils.java:logGet(46)) - raft.server.log.force.sync.num = 128 (default)
2024-04-09 12:04:21,597 [a87d7804-de0d-4258-ad97-e1309df34ed1-groupManagement] INFO  server.RaftServerConfigKeys (ConfUtils.java:logGet(46)) - raft.server.log.statemachine.data.sync = true (default)
2024-04-09 12:04:21,597 [a87d7804-de0d-4258-ad97-e1309df34ed1-groupManagement] INFO  server.RaftServerConfigKeys (ConfUtils.java:logGet(46)) - raft.server.log.statemachine.data.sync.timeout = 10s (default)
2024-04-09 12:04:21,597 [a87d7804-de0d-4258-ad97-e1309df34ed1-groupManagement] INFO  server.RaftServerConfigKeys (ConfUtils.java:logGet(46)) - raft.server.log.statemachine.data.sync.timeout.retry = 0 (custom)
2024-04-09 12:04:21,598 [a87d7804-de0d-4258-ad97-e1309df34ed1-groupManagement] INFO  server.RaftServerConfigKeys (ConfUtils.java:logGet(46)) - raft.server.log.write.buffer.size = 8388616 (custom)
2024-04-09 12:04:21,599 [a87d7804-de0d-4258-ad97-e1309df34ed1-groupManagement] INFO  server.RaftServerConfigKeys (ConfUtils.java:logGet(46)) - raft.server.log.appender.buffer.byte-limit = 8388608 (custom)
2024-04-09 12:04:21,599 [a87d7804-de0d-4258-ad97-e1309df34ed1-groupManagement] INFO  server.RaftServerConfigKeys (ConfUtils.java:logGet(46)) - raft.server.log.unsafe-flush.enabled = false (default)
2024-04-09 12:04:21,599 [a87d7804-de0d-4258-ad97-e1309df34ed1-groupManagement] INFO  server.RaftServerConfigKeys (ConfUtils.java:logGet(46)) - raft.server.log.async-flush.enabled = false (default)
2024-04-09 12:04:21,599 [a87d7804-de0d-4258-ad97-e1309df34ed1-groupManagement] INFO  server.RaftServerConfigKeys (ConfUtils.java:logGet(46)) - raft.server.log.statemachine.data.caching.enabled = true (custom)
2024-04-09 12:04:21,599 [a87d7804-de0d-4258-ad97-e1309df34ed1-groupManagement] INFO  segmented.SegmentedRaftLogWorker (SegmentedRaftLogWorker.java:lambda$new$0(134)) - a87d7804-de0d-4258-ad97-e1309df34ed1@group-50B2E81FCFF7-SegmentedRaftLogWorker: flushIndex: setUnconditionally 0 -> -1
2024-04-09 12:04:21,599 [a87d7804-de0d-4258-ad97-e1309df34ed1-groupManagement] INFO  segmented.SegmentedRaftLogWorker (SegmentedRaftLogWorker.java:lambda$new$0(134)) - a87d7804-de0d-4258-ad97-e1309df34ed1@group-50B2E81FCFF7-SegmentedRaftLogWorker: safeCacheEvictIndex: setUnconditionally 0 -> -1
2024-04-09 12:04:21,599 [a87d7804-de0d-4258-ad97-e1309df34ed1-groupManagement] INFO  server.RaftServer$Division (RaftServerImpl.java:start(396)) - a87d7804-de0d-4258-ad97-e1309df34ed1@group-50B2E81FCFF7: start as a follower, conf=-1: peers:[a87d7804-de0d-4258-ad97-e1309df34ed1|10.1.0.103:15103]|listeners:[], old=null
2024-04-09 12:04:21,599 [a87d7804-de0d-4258-ad97-e1309df34ed1-groupManagement] INFO  server.RaftServer$Division (RaftServerImpl.java:setRole(383)) - a87d7804-de0d-4258-ad97-e1309df34ed1@group-50B2E81FCFF7: changes role from      null to FOLLOWER at term 0 for startAsFollower
2024-04-09 12:04:21,599 [a87d7804-de0d-4258-ad97-e1309df34ed1-groupManagement] INFO  impl.RoleInfo (RoleInfo.java:updateAndGet(139)) - a87d7804-de0d-4258-ad97-e1309df34ed1: start a87d7804-de0d-4258-ad97-e1309df34ed1@group-50B2E81FCFF7-FollowerState
2024-04-09 12:04:21,600 [a87d7804-de0d-4258-ad97-e1309df34ed1@group-50B2E81FCFF7-FollowerState] INFO  server.RaftServerConfigKeys (ConfUtils.java:logFallback(53)) - raft.server.rpc.first-election.timeout.min = 5s (fallback to raft.server.rpc.timeout.min)
2024-04-09 12:04:21,600 [a87d7804-de0d-4258-ad97-e1309df34ed1-groupManagement] INFO  util.JmxRegister (JmxRegister.java:tryRegister(44)) - Successfully registered JMX Bean with object name Ratis:service=RaftServer,group=group-50B2E81FCFF7,id=a87d7804-de0d-4258-ad97-e1309df34ed1
2024-04-09 12:04:21,600 [a87d7804-de0d-4258-ad97-e1309df34ed1@group-50B2E81FCFF7-FollowerState] INFO  server.RaftServerConfigKeys (ConfUtils.java:logFallback(53)) - raft.server.rpc.first-election.timeout.max = 5200ms (fallback to raft.server.rpc.timeout.max)
2024-04-09 12:04:21,600 [a87d7804-de0d-4258-ad97-e1309df34ed1-groupManagement] INFO  server.RaftServerConfigKeys (ConfUtils.java:logGet(46)) - raft.server.snapshot.trigger-when-stop.enabled = true (default)
2024-04-09 12:04:21,600 [a87d7804-de0d-4258-ad97-e1309df34ed1-groupManagement] INFO  server.RaftServerConfigKeys (ConfUtils.java:logGet(46)) - raft.server.snapshot.auto.trigger.enabled = true (custom)
2024-04-09 12:04:21,600 [a87d7804-de0d-4258-ad97-e1309df34ed1-groupManagement] INFO  server.RaftServerConfigKeys (ConfUtils.java:logGet(46)) - raft.server.snapshot.auto.trigger.threshold = 10000 (custom)
2024-04-09 12:04:21,600 [a87d7804-de0d-4258-ad97-e1309df34ed1-groupManagement] INFO  server.RaftServerConfigKeys (ConfUtils.java:logGet(46)) - raft.server.snapshot.retention.file.num = 5 (custom)
2024-04-09 12:04:21,600 [a87d7804-de0d-4258-ad97-e1309df34ed1-groupManagement] INFO  server.RaftServerConfigKeys (ConfUtils.java:logGet(46)) - raft.server.log.purge.upto.snapshot.index = false (default)
2024-04-09 12:04:21,601 [a87d7804-de0d-4258-ad97-e1309df34ed1-PipelineCommandHandlerThread-0] INFO  ratis.XceiverServerRatis (XceiverServerRatis.java:addGroup(864)) - Created group PipelineID=98953a21-1556-4947-a478-50b2e81fcff7
2024-04-09 12:04:21,601 [a87d7804-de0d-4258-ad97-e1309df34ed1-PipelineCommandHandlerThread-0] INFO  commandhandler.CreatePipelineCommandHandler (CreatePipelineCommandHandler.java:lambda$handle$2(124)) - Created Pipeline RATIS ONE PipelineID=98953a21-1556-4947-a478-50b2e81fcff7.
2024-04-09 12:04:22,586 [main] INFO  ozone.MiniOzoneClusterImpl (MiniOzoneClusterImpl.java:lambda$waitForClusterToBeReady$0(194)) - Nodes are ready. Got 5 of 5 DN Heartbeats.
2024-04-09 12:04:22,586 [main] INFO  ozone.MiniOzoneClusterImpl (MiniOzoneClusterImpl.java:lambda$waitForClusterToBeReady$0(197)) - Waiting for cluster to exit safe mode
2024-04-09 12:04:22,587 [main] INFO  ozone.MiniOzoneClusterImpl (MiniOzoneClusterImpl.java:lambda$waitForClusterToBeReady$0(199)) - SCM became leader
2024-04-09 12:04:23,587 [main] INFO  ozone.MiniOzoneClusterImpl (MiniOzoneClusterImpl.java:lambda$waitForClusterToBeReady$0(194)) - Nodes are ready. Got 5 of 5 DN Heartbeats.
2024-04-09 12:04:23,587 [main] INFO  ozone.MiniOzoneClusterImpl (MiniOzoneClusterImpl.java:lambda$waitForClusterToBeReady$0(197)) - Waiting for cluster to exit safe mode
2024-04-09 12:04:23,587 [main] INFO  ozone.MiniOzoneClusterImpl (MiniOzoneClusterImpl.java:lambda$waitForClusterToBeReady$0(199)) - SCM became leader
2024-04-09 12:04:24,588 [main] INFO  ozone.MiniOzoneClusterImpl (MiniOzoneClusterImpl.java:lambda$waitForClusterToBeReady$0(194)) - Nodes are ready. Got 5 of 5 DN Heartbeats.
2024-04-09 12:04:24,588 [main] INFO  ozone.MiniOzoneClusterImpl (MiniOzoneClusterImpl.java:lambda$waitForClusterToBeReady$0(197)) - Waiting for cluster to exit safe mode
2024-04-09 12:04:24,588 [main] INFO  ozone.MiniOzoneClusterImpl (MiniOzoneClusterImpl.java:lambda$waitForClusterToBeReady$0(199)) - SCM became leader
2024-04-09 12:04:25,588 [main] INFO  ozone.MiniOzoneClusterImpl (MiniOzoneClusterImpl.java:lambda$waitForClusterToBeReady$0(194)) - Nodes are ready. Got 5 of 5 DN Heartbeats.
2024-04-09 12:04:25,589 [main] INFO  ozone.MiniOzoneClusterImpl (MiniOzoneClusterImpl.java:lambda$waitForClusterToBeReady$0(197)) - Waiting for cluster to exit safe mode
2024-04-09 12:04:25,589 [main] INFO  ozone.MiniOzoneClusterImpl (MiniOzoneClusterImpl.java:lambda$waitForClusterToBeReady$0(199)) - SCM became leader
2024-04-09 12:04:26,339 [47f2b6e5-7d1c-4a61-9d74-1b86fd130309@group-DB1D75A9E2DC-FollowerState] INFO  impl.FollowerState (FollowerState.java:run(143)) - 47f2b6e5-7d1c-4a61-9d74-1b86fd130309@group-DB1D75A9E2DC-FollowerState: change to CANDIDATE, lastRpcElapsedTime:5023525455ns, electionTimeout:5023ms
2024-04-09 12:04:26,339 [47f2b6e5-7d1c-4a61-9d74-1b86fd130309@group-DB1D75A9E2DC-FollowerState] INFO  impl.RoleInfo (RoleInfo.java:shutdownFollowerState(110)) - 47f2b6e5-7d1c-4a61-9d74-1b86fd130309: shutdown 47f2b6e5-7d1c-4a61-9d74-1b86fd130309@group-DB1D75A9E2DC-FollowerState
2024-04-09 12:04:26,339 [47f2b6e5-7d1c-4a61-9d74-1b86fd130309@group-DB1D75A9E2DC-FollowerState] INFO  server.RaftServer$Division (RaftServerImpl.java:setRole(383)) - 47f2b6e5-7d1c-4a61-9d74-1b86fd130309@group-DB1D75A9E2DC: changes role from  FOLLOWER to CANDIDATE at term 0 for changeToCandidate
2024-04-09 12:04:26,340 [47f2b6e5-7d1c-4a61-9d74-1b86fd130309@group-DB1D75A9E2DC-FollowerState] INFO  server.RaftServerConfigKeys (ConfUtils.java:logGet(46)) - raft.server.leaderelection.pre-vote = true (default)
2024-04-09 12:04:26,340 [47f2b6e5-7d1c-4a61-9d74-1b86fd130309@group-DB1D75A9E2DC-FollowerState] INFO  impl.RoleInfo (RoleInfo.java:updateAndGet(139)) - 47f2b6e5-7d1c-4a61-9d74-1b86fd130309: start 47f2b6e5-7d1c-4a61-9d74-1b86fd130309@group-DB1D75A9E2DC-LeaderElection11
2024-04-09 12:04:26,341 [47f2b6e5-7d1c-4a61-9d74-1b86fd130309@group-DB1D75A9E2DC-LeaderElection11] INFO  impl.LeaderElection (LeaderElection.java:askForVotes(321)) - 47f2b6e5-7d1c-4a61-9d74-1b86fd130309@group-DB1D75A9E2DC-LeaderElection11 PRE_VOTE round 0: submit vote requests at term 0 for -1: peers:[47f2b6e5-7d1c-4a61-9d74-1b86fd130309|10.1.0.103:15067, 06c35c3a-0415-431d-ae8b-027bb2658858|10.1.0.103:15076, c0a63e6c-c246-4c4b-b9bd-48fbdf84331c|10.1.0.103:15085]|listeners:[], old=null
2024-04-09 12:04:26,342 [47f2b6e5-7d1c-4a61-9d74-1b86fd130309@group-DB1D75A9E2DC-LeaderElection11-1] INFO  server.GrpcServerProtocolClient (GrpcServerProtocolClient.java:<init>(65)) - Build channel for 06c35c3a-0415-431d-ae8b-027bb2658858|10.1.0.103:15076
2024-04-09 12:04:26,342 [47f2b6e5-7d1c-4a61-9d74-1b86fd130309@group-DB1D75A9E2DC-LeaderElection11-2] INFO  server.GrpcServerProtocolClient (GrpcServerProtocolClient.java:<init>(65)) - Build channel for c0a63e6c-c246-4c4b-b9bd-48fbdf84331c|10.1.0.103:15085
2024-04-09 12:04:26,342 [47f2b6e5-7d1c-4a61-9d74-1b86fd130309@group-DB1D75A9E2DC-LeaderElection11] INFO  server.RaftServerConfigKeys (ConfUtils.java:logFallback(53)) - raft.server.rpc.first-election.timeout.min = 5s (fallback to raft.server.rpc.timeout.min)
2024-04-09 12:04:26,342 [47f2b6e5-7d1c-4a61-9d74-1b86fd130309@group-DB1D75A9E2DC-LeaderElection11] INFO  server.RaftServerConfigKeys (ConfUtils.java:logFallback(53)) - raft.server.rpc.first-election.timeout.max = 5200ms (fallback to raft.server.rpc.timeout.max)
2024-04-09 12:04:26,348 [grpc-default-executor-1] INFO  server.RaftServer$Division (RaftServerImpl.java:requestVote(1389)) - 06c35c3a-0415-431d-ae8b-027bb2658858@group-DB1D75A9E2DC: receive requestVote(PRE_VOTE, 47f2b6e5-7d1c-4a61-9d74-1b86fd130309, group-DB1D75A9E2DC, 0, (t:0, i:0))
2024-04-09 12:04:26,348 [grpc-default-executor-0] INFO  server.RaftServer$Division (RaftServerImpl.java:requestVote(1389)) - c0a63e6c-c246-4c4b-b9bd-48fbdf84331c@group-DB1D75A9E2DC: receive requestVote(PRE_VOTE, 47f2b6e5-7d1c-4a61-9d74-1b86fd130309, group-DB1D75A9E2DC, 0, (t:0, i:0))
2024-04-09 12:04:26,348 [grpc-default-executor-0] INFO  impl.VoteContext (VoteContext.java:log(49)) - c0a63e6c-c246-4c4b-b9bd-48fbdf84331c@group-DB1D75A9E2DC-FOLLOWER: accept PRE_VOTE from 47f2b6e5-7d1c-4a61-9d74-1b86fd130309: our priority 0 <= candidate's priority 1
2024-04-09 12:04:26,348 [grpc-default-executor-0] INFO  server.RaftServer$Division (RaftServerImpl.java:requestVote(1422)) - c0a63e6c-c246-4c4b-b9bd-48fbdf84331c@group-DB1D75A9E2DC replies to PRE_VOTE vote request: 47f2b6e5-7d1c-4a61-9d74-1b86fd130309<-c0a63e6c-c246-4c4b-b9bd-48fbdf84331c#0:OK-t0. Peer's state: c0a63e6c-c246-4c4b-b9bd-48fbdf84331c@group-DB1D75A9E2DC:t0, leader=null, voted=, raftlog=Memoized:c0a63e6c-c246-4c4b-b9bd-48fbdf84331c@group-DB1D75A9E2DC-SegmentedRaftLog:OPENED:c-1, conf=-1: peers:[47f2b6e5-7d1c-4a61-9d74-1b86fd130309|10.1.0.103:15067, 06c35c3a-0415-431d-ae8b-027bb2658858|10.1.0.103:15076, c0a63e6c-c246-4c4b-b9bd-48fbdf84331c|10.1.0.103:15085]|listeners:[], old=null
2024-04-09 12:04:26,348 [grpc-default-executor-1] INFO  impl.VoteContext (VoteContext.java:log(49)) - 06c35c3a-0415-431d-ae8b-027bb2658858@group-DB1D75A9E2DC-FOLLOWER: accept PRE_VOTE from 47f2b6e5-7d1c-4a61-9d74-1b86fd130309: our priority 0 <= candidate's priority 1
2024-04-09 12:04:26,350 [grpc-default-executor-1] INFO  server.RaftServer$Division (RaftServerImpl.java:requestVote(1422)) - 06c35c3a-0415-431d-ae8b-027bb2658858@group-DB1D75A9E2DC replies to PRE_VOTE vote request: 47f2b6e5-7d1c-4a61-9d74-1b86fd130309<-06c35c3a-0415-431d-ae8b-027bb2658858#0:OK-t0. Peer's state: 06c35c3a-0415-431d-ae8b-027bb2658858@group-DB1D75A9E2DC:t0, leader=null, voted=, raftlog=Memoized:06c35c3a-0415-431d-ae8b-027bb2658858@group-DB1D75A9E2DC-SegmentedRaftLog:OPENED:c-1, conf=-1: peers:[47f2b6e5-7d1c-4a61-9d74-1b86fd130309|10.1.0.103:15067, 06c35c3a-0415-431d-ae8b-027bb2658858|10.1.0.103:15076, c0a63e6c-c246-4c4b-b9bd-48fbdf84331c|10.1.0.103:15085]|listeners:[], old=null
2024-04-09 12:04:26,350 [47f2b6e5-7d1c-4a61-9d74-1b86fd130309@group-DB1D75A9E2DC-LeaderElection11] INFO  impl.LeaderElection (LeaderElection.java:logAndReturn(89)) - 47f2b6e5-7d1c-4a61-9d74-1b86fd130309@group-DB1D75A9E2DC-LeaderElection11: PRE_VOTE PASSED received 1 response(s) and 0 exception(s):
2024-04-09 12:04:26,350 [47f2b6e5-7d1c-4a61-9d74-1b86fd130309@group-DB1D75A9E2DC-LeaderElection11] INFO  impl.LeaderElection (LeaderElection.java:logAndReturn(93)) -   Response 0: 47f2b6e5-7d1c-4a61-9d74-1b86fd130309<-c0a63e6c-c246-4c4b-b9bd-48fbdf84331c#0:OK-t0
2024-04-09 12:04:26,350 [47f2b6e5-7d1c-4a61-9d74-1b86fd130309@group-DB1D75A9E2DC-LeaderElection11] INFO  impl.LeaderElection (LeaderElection.java:askForVotes(323)) - 47f2b6e5-7d1c-4a61-9d74-1b86fd130309@group-DB1D75A9E2DC-LeaderElection11 PRE_VOTE round 0: result PASSED
2024-04-09 12:04:26,353 [47f2b6e5-7d1c-4a61-9d74-1b86fd130309@group-DB1D75A9E2DC-LeaderElection11] INFO  impl.LeaderElection (LeaderElection.java:askForVotes(321)) - 47f2b6e5-7d1c-4a61-9d74-1b86fd130309@group-DB1D75A9E2DC-LeaderElection11 ELECTION round 0: submit vote requests at term 1 for -1: peers:[47f2b6e5-7d1c-4a61-9d74-1b86fd130309|10.1.0.103:15067, 06c35c3a-0415-431d-ae8b-027bb2658858|10.1.0.103:15076, c0a63e6c-c246-4c4b-b9bd-48fbdf84331c|10.1.0.103:15085]|listeners:[], old=null
2024-04-09 12:04:26,353 [47f2b6e5-7d1c-4a61-9d74-1b86fd130309@group-DB1D75A9E2DC-LeaderElection11] INFO  server.RaftServerConfigKeys (ConfUtils.java:logFallback(53)) - raft.server.rpc.first-election.timeout.min = 5s (fallback to raft.server.rpc.timeout.min)
2024-04-09 12:04:26,353 [47f2b6e5-7d1c-4a61-9d74-1b86fd130309@group-DB1D75A9E2DC-LeaderElection11] INFO  server.RaftServerConfigKeys (ConfUtils.java:logFallback(53)) - raft.server.rpc.first-election.timeout.max = 5200ms (fallback to raft.server.rpc.timeout.max)
2024-04-09 12:04:26,354 [grpc-default-executor-1] INFO  server.RaftServer$Division (RaftServerImpl.java:requestVote(1389)) - 06c35c3a-0415-431d-ae8b-027bb2658858@group-DB1D75A9E2DC: receive requestVote(ELECTION, 47f2b6e5-7d1c-4a61-9d74-1b86fd130309, group-DB1D75A9E2DC, 1, (t:0, i:0))
2024-04-09 12:04:26,354 [grpc-default-executor-1] INFO  impl.VoteContext (VoteContext.java:log(49)) - 06c35c3a-0415-431d-ae8b-027bb2658858@group-DB1D75A9E2DC-FOLLOWER: accept ELECTION from 47f2b6e5-7d1c-4a61-9d74-1b86fd130309: our priority 0 <= candidate's priority 1
2024-04-09 12:04:26,355 [grpc-default-executor-1] INFO  server.RaftServer$Division (RaftServerImpl.java:setRole(383)) - 06c35c3a-0415-431d-ae8b-027bb2658858@group-DB1D75A9E2DC: changes role from  FOLLOWER to FOLLOWER at term 1 for candidate:47f2b6e5-7d1c-4a61-9d74-1b86fd130309
2024-04-09 12:04:26,355 [grpc-default-executor-1] INFO  impl.RoleInfo (RoleInfo.java:shutdownFollowerState(110)) - 06c35c3a-0415-431d-ae8b-027bb2658858: shutdown 06c35c3a-0415-431d-ae8b-027bb2658858@group-DB1D75A9E2DC-FollowerState
2024-04-09 12:04:26,355 [grpc-default-executor-1] INFO  impl.RoleInfo (RoleInfo.java:updateAndGet(139)) - 06c35c3a-0415-431d-ae8b-027bb2658858: start 06c35c3a-0415-431d-ae8b-027bb2658858@group-DB1D75A9E2DC-FollowerState
2024-04-09 12:04:26,355 [06c35c3a-0415-431d-ae8b-027bb2658858@group-DB1D75A9E2DC-FollowerState] INFO  impl.FollowerState (FollowerState.java:run(152)) - 06c35c3a-0415-431d-ae8b-027bb2658858@group-DB1D75A9E2DC-FollowerState was interrupted
2024-04-09 12:04:26,355 [grpc-default-executor-1] INFO  server.RaftServer$Division (RaftServerImpl.java:setFirstElection(574)) - 06c35c3a-0415-431d-ae8b-027bb2658858@group-DB1D75A9E2DC: set firstElectionSinceStartup to false for candidate:47f2b6e5-7d1c-4a61-9d74-1b86fd130309
2024-04-09 12:04:26,356 [grpc-default-executor-1] INFO  server.RaftServer$Division (RaftServerImpl.java:requestVote(1422)) - 06c35c3a-0415-431d-ae8b-027bb2658858@group-DB1D75A9E2DC replies to ELECTION vote request: 47f2b6e5-7d1c-4a61-9d74-1b86fd130309<-06c35c3a-0415-431d-ae8b-027bb2658858#0:OK-t1. Peer's state: 06c35c3a-0415-431d-ae8b-027bb2658858@group-DB1D75A9E2DC:t1, leader=null, voted=47f2b6e5-7d1c-4a61-9d74-1b86fd130309, raftlog=Memoized:06c35c3a-0415-431d-ae8b-027bb2658858@group-DB1D75A9E2DC-SegmentedRaftLog:OPENED:c-1, conf=-1: peers:[47f2b6e5-7d1c-4a61-9d74-1b86fd130309|10.1.0.103:15067, 06c35c3a-0415-431d-ae8b-027bb2658858|10.1.0.103:15076, c0a63e6c-c246-4c4b-b9bd-48fbdf84331c|10.1.0.103:15085]|listeners:[], old=null
2024-04-09 12:04:26,356 [47f2b6e5-7d1c-4a61-9d74-1b86fd130309@group-DB1D75A9E2DC-LeaderElection11] INFO  impl.LeaderElection (LeaderElection.java:logAndReturn(89)) - 47f2b6e5-7d1c-4a61-9d74-1b86fd130309@group-DB1D75A9E2DC-LeaderElection11: ELECTION PASSED received 1 response(s) and 0 exception(s):
2024-04-09 12:04:26,356 [47f2b6e5-7d1c-4a61-9d74-1b86fd130309@group-DB1D75A9E2DC-LeaderElection11] INFO  impl.LeaderElection (LeaderElection.java:logAndReturn(93)) -   Response 0: 47f2b6e5-7d1c-4a61-9d74-1b86fd130309<-06c35c3a-0415-431d-ae8b-027bb2658858#0:OK-t1
2024-04-09 12:04:26,356 [47f2b6e5-7d1c-4a61-9d74-1b86fd130309@group-DB1D75A9E2DC-LeaderElection11] INFO  impl.LeaderElection (LeaderElection.java:askForVotes(323)) - 47f2b6e5-7d1c-4a61-9d74-1b86fd130309@group-DB1D75A9E2DC-LeaderElection11 ELECTION round 0: result PASSED
2024-04-09 12:04:26,356 [47f2b6e5-7d1c-4a61-9d74-1b86fd130309@group-DB1D75A9E2DC-LeaderElection11] INFO  impl.RoleInfo (RoleInfo.java:shutdownLeaderElection(130)) - 47f2b6e5-7d1c-4a61-9d74-1b86fd130309: shutdown 47f2b6e5-7d1c-4a61-9d74-1b86fd130309@group-DB1D75A9E2DC-LeaderElection11
2024-04-09 12:04:26,356 [47f2b6e5-7d1c-4a61-9d74-1b86fd130309@group-DB1D75A9E2DC-LeaderElection11] INFO  server.RaftServer$Division (RaftServerImpl.java:setRole(383)) - 47f2b6e5-7d1c-4a61-9d74-1b86fd130309@group-DB1D75A9E2DC: changes role from CANDIDATE to LEADER at term 1 for changeToLeader
2024-04-09 12:04:26,357 [47f2b6e5-7d1c-4a61-9d74-1b86fd130309@group-DB1D75A9E2DC-LeaderElection11] INFO  server.RaftServerConfigKeys (ConfUtils.java:logGet(46)) - raft.server.staging.catchup.gap = 1000 (default)
2024-04-09 12:04:26,357 [47f2b6e5-7d1c-4a61-9d74-1b86fd130309@group-DB1D75A9E2DC-LeaderElection11] INFO  server.RaftServerConfigKeys (ConfUtils.java:logGet(46)) - raft.server.write.element-limit = 1024 (custom)
2024-04-09 12:04:26,357 [47f2b6e5-7d1c-4a61-9d74-1b86fd130309@group-DB1D75A9E2DC-LeaderElection11] INFO  server.RaftServerConfigKeys (ConfUtils.java:logGet(46)) - raft.server.write.byte-limit = 1024 M (=1073741824) (custom)
2024-04-09 12:04:26,357 [47f2b6e5-7d1c-4a61-9d74-1b86fd130309@group-DB1D75A9E2DC-LeaderElection11] INFO  server.RaftServerConfigKeys (ConfUtils.java:logGet(46)) - raft.server.watch.timeout = 3000ms (custom)
2024-04-09 12:04:26,357 [47f2b6e5-7d1c-4a61-9d74-1b86fd130309@group-DB1D75A9E2DC-LeaderElection11] INFO  server.RaftServerConfigKeys (ConfUtils.java:logGet(46)) - raft.server.watch.timeout.denomination = 1s (default)
2024-04-09 12:04:26,357 [47f2b6e5-7d1c-4a61-9d74-1b86fd130309@group-DB1D75A9E2DC-LeaderElection11] INFO  server.RaftServerConfigKeys (ConfUtils.java:logGet(46)) - raft.server.watch.element-limit = 65536 (default)
2024-04-09 12:04:26,357 [47f2b6e5-7d1c-4a61-9d74-1b86fd130309@group-DB1D75A9E2DC-LeaderElection11] INFO  server.RaftServerConfigKeys (ConfUtils.java:logGet(46)) - raft.server.read.leader.lease.enabled = false (default)
2024-04-09 12:04:26,357 [47f2b6e5-7d1c-4a61-9d74-1b86fd130309@group-DB1D75A9E2DC-LeaderElection11] INFO  server.RaftServerConfigKeys (ConfUtils.java:logGet(46)) - raft.server.read.leader.lease.timeout.ratio = 0.9 (default)
2024-04-09 12:04:26,357 [47f2b6e5-7d1c-4a61-9d74-1b86fd130309@group-DB1D75A9E2DC-LeaderElection11] INFO  server.RaftServerConfigKeys (ConfUtils.java:logGet(46)) - raft.server.rpc.timeout.min = 5s (custom)
2024-04-09 12:04:26,358 [47f2b6e5-7d1c-4a61-9d74-1b86fd130309@group-DB1D75A9E2DC-LeaderElection11] INFO  server.RaftServerConfigKeys (ConfUtils.java:logGet(46)) - raft.server.write.element-limit = 1024 (custom)
2024-04-09 12:04:26,358 [47f2b6e5-7d1c-4a61-9d74-1b86fd130309@group-DB1D75A9E2DC-LeaderElection11] INFO  server.RaftServerConfigKeys (ConfUtils.java:logGet(46)) - raft.server.write.follower.gap.ratio.max = -1.0 (default)
2024-04-09 12:04:26,358 [47f2b6e5-7d1c-4a61-9d74-1b86fd130309@group-DB1D75A9E2DC-LeaderElection11] INFO  server.RaftServerConfigKeys (ConfUtils.java:logGet(46)) - raft.server.log.appender.snapshot.chunk.size.max = 16MB (=16777216) (default)
2024-04-09 12:04:26,358 [47f2b6e5-7d1c-4a61-9d74-1b86fd130309@group-DB1D75A9E2DC-LeaderElection11] INFO  server.RaftServerConfigKeys (ConfUtils.java:logGet(46)) - raft.server.log.appender.buffer.byte-limit = 8388608 (custom)
2024-04-09 12:04:26,358 [47f2b6e5-7d1c-4a61-9d74-1b86fd130309@group-DB1D75A9E2DC-LeaderElection11] INFO  server.RaftServerConfigKeys (ConfUtils.java:logGet(46)) - raft.server.log.appender.buffer.element-limit = 1 (custom)
2024-04-09 12:04:26,358 [47f2b6e5-7d1c-4a61-9d74-1b86fd130309@group-DB1D75A9E2DC-LeaderElection11] INFO  server.RaftServerConfigKeys (ConfUtils.java:logGet(46)) - raft.server.log.appender.wait-time.min = 0ms (custom)
2024-04-09 12:04:26,358 [47f2b6e5-7d1c-4a61-9d74-1b86fd130309@group-DB1D75A9E2DC-LeaderElection11] INFO  grpc.GrpcConfigKeys (ConfUtils.java:logGet(46)) - raft.grpc.server.leader.outstanding.appends.max = 8 (default)
2024-04-09 12:04:26,358 [47f2b6e5-7d1c-4a61-9d74-1b86fd130309@group-DB1D75A9E2DC-LeaderElection11] INFO  server.RaftServerConfigKeys (ConfUtils.java:logGet(46)) - raft.server.rpc.request.timeout = 3000ms (default)
2024-04-09 12:04:26,359 [47f2b6e5-7d1c-4a61-9d74-1b86fd130309@group-DB1D75A9E2DC-LeaderElection11] INFO  grpc.GrpcConfigKeys (ConfUtils.java:logGet(46)) - raft.grpc.server.install_snapshot.request.element-limit = 8 (default)
2024-04-09 12:04:26,359 [47f2b6e5-7d1c-4a61-9d74-1b86fd130309@group-DB1D75A9E2DC-LeaderElection11] INFO  grpc.GrpcConfigKeys (ConfUtils.java:logGet(46)) - raft.grpc.server.install_snapshot.request.timeout = 3000ms (default)
2024-04-09 12:04:26,359 [47f2b6e5-7d1c-4a61-9d74-1b86fd130309@group-DB1D75A9E2DC-LeaderElection11] INFO  grpc.GrpcConfigKeys (ConfUtils.java:logGet(46)) - raft.grpc.server.log-message.batch.duration = 5s (default)
2024-04-09 12:04:26,359 [47f2b6e5-7d1c-4a61-9d74-1b86fd130309@group-DB1D75A9E2DC-LeaderElection11] INFO  server.RaftServerConfigKeys (ConfUtils.java:logGet(46)) - raft.server.log.appender.install.snapshot.enabled = false (custom)
2024-04-09 12:04:26,359 [47f2b6e5-7d1c-4a61-9d74-1b86fd130309@group-DB1D75A9E2DC-LeaderElection11] INFO  grpc.GrpcConfigKeys (ConfUtils.java:logGet(46)) - raft.grpc.server.heartbeat.channel = true (default)
2024-04-09 12:04:26,360 [47f2b6e5-7d1c-4a61-9d74-1b86fd130309@group-DB1D75A9E2DC-LeaderElection11] INFO  server.RaftServerConfigKeys (ConfUtils.java:logGet(46)) - raft.server.log.appender.snapshot.chunk.size.max = 16MB (=16777216) (default)
2024-04-09 12:04:26,360 [47f2b6e5-7d1c-4a61-9d74-1b86fd130309@group-DB1D75A9E2DC-LeaderElection11] INFO  server.RaftServerConfigKeys (ConfUtils.java:logGet(46)) - raft.server.log.appender.buffer.byte-limit = 8388608 (custom)
2024-04-09 12:04:26,360 [grpc-default-executor-0] INFO  server.RaftServer$Division (RaftServerImpl.java:requestVote(1389)) - c0a63e6c-c246-4c4b-b9bd-48fbdf84331c@group-DB1D75A9E2DC: receive requestVote(ELECTION, 47f2b6e5-7d1c-4a61-9d74-1b86fd130309, group-DB1D75A9E2DC, 1, (t:0, i:0))
2024-04-09 12:04:26,361 [47f2b6e5-7d1c-4a61-9d74-1b86fd130309@group-DB1D75A9E2DC-LeaderElection11] INFO  server.RaftServerConfigKeys (ConfUtils.java:logGet(46)) - raft.server.log.appender.buffer.element-limit = 1 (custom)
2024-04-09 12:04:26,361 [grpc-default-executor-0] INFO  impl.VoteContext (VoteContext.java:log(49)) - c0a63e6c-c246-4c4b-b9bd-48fbdf84331c@group-DB1D75A9E2DC-FOLLOWER: accept ELECTION from 47f2b6e5-7d1c-4a61-9d74-1b86fd130309: our priority 0 <= candidate's priority 1
2024-04-09 12:04:26,361 [47f2b6e5-7d1c-4a61-9d74-1b86fd130309@group-DB1D75A9E2DC-LeaderElection11] INFO  server.RaftServerConfigKeys (ConfUtils.java:logGet(46)) - raft.server.log.appender.wait-time.min = 0ms (custom)
2024-04-09 12:04:26,361 [grpc-default-executor-0] INFO  server.RaftServer$Division (RaftServerImpl.java:setRole(383)) - c0a63e6c-c246-4c4b-b9bd-48fbdf84331c@group-DB1D75A9E2DC: changes role from  FOLLOWER to FOLLOWER at term 1 for candidate:47f2b6e5-7d1c-4a61-9d74-1b86fd130309
2024-04-09 12:04:26,361 [grpc-default-executor-0] INFO  impl.RoleInfo (RoleInfo.java:shutdownFollowerState(110)) - c0a63e6c-c246-4c4b-b9bd-48fbdf84331c: shutdown c0a63e6c-c246-4c4b-b9bd-48fbdf84331c@group-DB1D75A9E2DC-FollowerState
2024-04-09 12:04:26,361 [grpc-default-executor-0] INFO  impl.RoleInfo (RoleInfo.java:updateAndGet(139)) - c0a63e6c-c246-4c4b-b9bd-48fbdf84331c: start c0a63e6c-c246-4c4b-b9bd-48fbdf84331c@group-DB1D75A9E2DC-FollowerState
2024-04-09 12:04:26,361 [47f2b6e5-7d1c-4a61-9d74-1b86fd130309@group-DB1D75A9E2DC-LeaderElection11] INFO  grpc.GrpcConfigKeys (ConfUtils.java:logGet(46)) - raft.grpc.server.leader.outstanding.appends.max = 8 (default)
2024-04-09 12:04:26,361 [c0a63e6c-c246-4c4b-b9bd-48fbdf84331c@group-DB1D75A9E2DC-FollowerState] INFO  impl.FollowerState (FollowerState.java:run(152)) - c0a63e6c-c246-4c4b-b9bd-48fbdf84331c@group-DB1D75A9E2DC-FollowerState was interrupted
2024-04-09 12:04:26,361 [grpc-default-executor-0] INFO  server.RaftServer$Division (RaftServerImpl.java:setFirstElection(574)) - c0a63e6c-c246-4c4b-b9bd-48fbdf84331c@group-DB1D75A9E2DC: set firstElectionSinceStartup to false for candidate:47f2b6e5-7d1c-4a61-9d74-1b86fd130309
2024-04-09 12:04:26,361 [47f2b6e5-7d1c-4a61-9d74-1b86fd130309@group-DB1D75A9E2DC-LeaderElection11] INFO  server.RaftServerConfigKeys (ConfUtils.java:logGet(46)) - raft.server.rpc.request.timeout = 3000ms (default)
2024-04-09 12:04:26,362 [47f2b6e5-7d1c-4a61-9d74-1b86fd130309@group-DB1D75A9E2DC-LeaderElection11] INFO  grpc.GrpcConfigKeys (ConfUtils.java:logGet(46)) - raft.grpc.server.install_snapshot.request.element-limit = 8 (default)
2024-04-09 12:04:26,362 [47f2b6e5-7d1c-4a61-9d74-1b86fd130309@group-DB1D75A9E2DC-LeaderElection11] INFO  grpc.GrpcConfigKeys (ConfUtils.java:logGet(46)) - raft.grpc.server.install_snapshot.request.timeout = 3000ms (default)
2024-04-09 12:04:26,362 [47f2b6e5-7d1c-4a61-9d74-1b86fd130309@group-DB1D75A9E2DC-LeaderElection11] INFO  grpc.GrpcConfigKeys (ConfUtils.java:logGet(46)) - raft.grpc.server.log-message.batch.duration = 5s (default)
2024-04-09 12:04:26,362 [47f2b6e5-7d1c-4a61-9d74-1b86fd130309@group-DB1D75A9E2DC-LeaderElection11] INFO  server.RaftServerConfigKeys (ConfUtils.java:logGet(46)) - raft.server.log.appender.install.snapshot.enabled = false (custom)
2024-04-09 12:04:26,362 [47f2b6e5-7d1c-4a61-9d74-1b86fd130309@group-DB1D75A9E2DC-LeaderElection11] INFO  grpc.GrpcConfigKeys (ConfUtils.java:logGet(46)) - raft.grpc.server.heartbeat.channel = true (default)
2024-04-09 12:04:26,362 [47f2b6e5-7d1c-4a61-9d74-1b86fd130309@group-DB1D75A9E2DC-LeaderElection11] INFO  impl.RoleInfo (RoleInfo.java:updateAndGet(139)) - 47f2b6e5-7d1c-4a61-9d74-1b86fd130309: start 47f2b6e5-7d1c-4a61-9d74-1b86fd130309@group-DB1D75A9E2DC-LeaderStateImpl
2024-04-09 12:04:26,364 [47f2b6e5-7d1c-4a61-9d74-1b86fd130309@group-DB1D75A9E2DC-LeaderElection11] INFO  server.RaftServer$Division (RaftServerImpl.java:setFirstElection(574)) - 47f2b6e5-7d1c-4a61-9d74-1b86fd130309@group-DB1D75A9E2DC: set firstElectionSinceStartup to false for becomeLeader
2024-04-09 12:04:26,364 [47f2b6e5-7d1c-4a61-9d74-1b86fd130309@group-DB1D75A9E2DC-LeaderElection11] INFO  ratis.XceiverServerRatis (XceiverServerRatis.java:handleLeaderChangedNotification(966)) - Leader change notification received for group: group-DB1D75A9E2DC with new leaderId: 47f2b6e5-7d1c-4a61-9d74-1b86fd130309
2024-04-09 12:04:26,364 [grpc-default-executor-0] INFO  server.RaftServer$Division (RaftServerImpl.java:requestVote(1422)) - c0a63e6c-c246-4c4b-b9bd-48fbdf84331c@group-DB1D75A9E2DC replies to ELECTION vote request: 47f2b6e5-7d1c-4a61-9d74-1b86fd130309<-c0a63e6c-c246-4c4b-b9bd-48fbdf84331c#0:OK-t1. Peer's state: c0a63e6c-c246-4c4b-b9bd-48fbdf84331c@group-DB1D75A9E2DC:t1, leader=null, voted=47f2b6e5-7d1c-4a61-9d74-1b86fd130309, raftlog=Memoized:c0a63e6c-c246-4c4b-b9bd-48fbdf84331c@group-DB1D75A9E2DC-SegmentedRaftLog:OPENED:c-1, conf=-1: peers:[47f2b6e5-7d1c-4a61-9d74-1b86fd130309|10.1.0.103:15067, 06c35c3a-0415-431d-ae8b-027bb2658858|10.1.0.103:15076, c0a63e6c-c246-4c4b-b9bd-48fbdf84331c|10.1.0.103:15085]|listeners:[], old=null
2024-04-09 12:04:26,364 [47f2b6e5-7d1c-4a61-9d74-1b86fd130309@group-DB1D75A9E2DC-LeaderElection11] INFO  server.RaftServer$Division (ServerState.java:setLeader(269)) - 47f2b6e5-7d1c-4a61-9d74-1b86fd130309@group-DB1D75A9E2DC: change Leader from null to 47f2b6e5-7d1c-4a61-9d74-1b86fd130309 at term 1 for becomeLeader, leader elected after 5063ms
2024-04-09 12:04:26,365 [47f2b6e5-7d1c-4a61-9d74-1b86fd130309@group-DB1D75A9E2DC-LeaderElection11] INFO  segmented.SegmentedRaftLogWorker (SegmentedRaftLogWorker.java:startLogSegment(430)) - 47f2b6e5-7d1c-4a61-9d74-1b86fd130309@group-DB1D75A9E2DC-SegmentedRaftLogWorker: Starting segment from index:0
2024-04-09 12:04:26,365 [47f2b6e5-7d1c-4a61-9d74-1b86fd130309@group-DB1D75A9E2DC-SegmentedRaftLogWorker] INFO  segmented.BufferedWriteChannel (BufferedWriteChannel.java:open(62)) - open log_inprogress_0 at position 0
2024-04-09 12:04:26,367 [EventQueue-PipelineReportForPipelineReportHandler] INFO  pipeline.PipelineReportHandler (PipelineReportHandler.java:processPipelineReport(136)) - Opened pipeline PipelineID=8a023e63-f161-45d8-9a3c-db1d75a9e2dc
2024-04-09 12:04:26,367 [EventQueue-OpenPipelineForHealthyPipelineSafeModeRule] INFO  safemode.SCMSafeModeManager (HealthyPipelineSafeModeRule.java:process(140)) - SCM in safe mode. Healthy pipelines reported count is 0, required healthy pipeline reported count is 1
2024-04-09 12:04:26,367 [EventQueue-OpenPipelineForHealthyPipelineSafeModeRule] INFO  safemode.SCMSafeModeManager (HealthyPipelineSafeModeRule.java:process(140)) - SCM in safe mode. Healthy pipelines reported count is 1, required healthy pipeline reported count is 1
2024-04-09 12:04:26,368 [EventQueue-OpenPipelineForHealthyPipelineSafeModeRule] INFO  safemode.SCMSafeModeManager (SCMSafeModeManager.java:validateSafeModeExitRules(200)) - HealthyPipelineSafeModeRule rule is successfully validated
2024-04-09 12:04:26,368 [EventQueue-OpenPipelineForHealthyPipelineSafeModeRule] INFO  safemode.SCMSafeModeManager (SCMSafeModeManager.java:validateSafeModeExitRules(215)) - ScmSafeModeManager, all rules are successfully validated
2024-04-09 12:04:26,368 [EventQueue-OpenPipelineForHealthyPipelineSafeModeRule] INFO  safemode.SCMSafeModeManager (SCMSafeModeManager.java:exitSafeMode(244)) - SCM exiting safe mode.
2024-04-09 12:04:26,368 [EventQueue-OpenPipelineForHealthyPipelineSafeModeRule] INFO  ha.SCMContext (SCMContext.java:updateSafeModeStatus(225)) - Update SafeModeStatus from SafeModeStatus{safeModeStatus=true, preCheckPassed=true} to SafeModeStatus{safeModeStatus=false, preCheckPassed=true}.
2024-04-09 12:04:26,368 [EventQueue-OpenPipelineForHealthyPipelineSafeModeRule] INFO  pipeline.BackgroundPipelineCreator (BackgroundPipelineCreator.java:notifyStatusChanged(258)) - Service BackgroundPipelineCreator transitions to RUNNING.
2024-04-09 12:04:26,368 [EventQueue-OpenPipelineForHealthyPipelineSafeModeRule] INFO  BackgroundPipelineScrubber (BackgroundSCMService.java:notifyStatusChanged(79)) - Service BackgroundPipelineScrubber transitions to RUNNING.
2024-04-09 12:04:26,368 [EventQueue-OpenPipelineForHealthyPipelineSafeModeRule] INFO  ExpiredContainerReplicaOpScrubber (BackgroundSCMService.java:notifyStatusChanged(79)) - Service ExpiredContainerReplicaOpScrubber transitions to RUNNING.
2024-04-09 12:04:26,368 [EventQueue-OpenPipelineForHealthyPipelineSafeModeRule] INFO  block.SCMBlockDeletingService (SCMBlockDeletingService.java:notifyStatusChanged(247)) - notifyStatusChanged:RUNNING
2024-04-09 12:04:26,368 [EventQueue-OpenPipelineForHealthyPipelineSafeModeRule] INFO  replication.ReplicationManager (ReplicationManager.java:notifyStatusChanged(1403)) - Service ReplicationManager transitions to RUNNING.
2024-04-09 12:04:26,368 [EventQueue-OpenPipelineForHealthyPipelineSafeModeRule] WARN  balancer.ContainerBalancer (ContainerBalancer.java:shouldRun(134)) - Could not find persisted configuration for ContainerBalancer when checking if ContainerBalancer should run. ContainerBalancer should not run now.
2024-04-09 12:04:26,370 [47f2b6e5-7d1c-4a61-9d74-1b86fd130309@group-DB1D75A9E2DC-LeaderElection11] INFO  server.RaftServer$Division (ServerState.java:setRaftConf(386)) - 47f2b6e5-7d1c-4a61-9d74-1b86fd130309@group-DB1D75A9E2DC: set configuration 0: peers:[47f2b6e5-7d1c-4a61-9d74-1b86fd130309|10.1.0.103:15067, 06c35c3a-0415-431d-ae8b-027bb2658858|10.1.0.103:15076, c0a63e6c-c246-4c4b-b9bd-48fbdf84331c|10.1.0.103:15085]|listeners:[], old=null
2024-04-09 12:04:26,374 [47f2b6e5-7d1c-4a61-9d74-1b86fd130309@group-DB1D75A9E2DC-SegmentedRaftLogWorker] INFO  segmented.SegmentedRaftLogWorker (SegmentedRaftLogWorker.java:execute(634)) - 47f2b6e5-7d1c-4a61-9d74-1b86fd130309@group-DB1D75A9E2DC-SegmentedRaftLogWorker: created new log segment /home/runner/work/ozone/ozone/hadoop-ozone/integration-test/target/test-dir/MiniOzoneClusterImpl-00066f73-fe04-48fd-9c2f-afd3971143fc/ozone-meta/datanode-1/ratis/8a023e63-f161-45d8-9a3c-db1d75a9e2dc/current/log_inprogress_0
2024-04-09 12:04:26,388 [c0a63e6c-c246-4c4b-b9bd-48fbdf84331c-server-thread1] INFO  ratis.XceiverServerRatis (XceiverServerRatis.java:handleLeaderChangedNotification(966)) - Leader change notification received for group: group-DB1D75A9E2DC with new leaderId: 47f2b6e5-7d1c-4a61-9d74-1b86fd130309
2024-04-09 12:04:26,388 [c0a63e6c-c246-4c4b-b9bd-48fbdf84331c-server-thread1] INFO  server.RaftServer$Division (ServerState.java:setLeader(269)) - c0a63e6c-c246-4c4b-b9bd-48fbdf84331c@group-DB1D75A9E2DC: change Leader from null to 47f2b6e5-7d1c-4a61-9d74-1b86fd130309 at term 1 for appendEntries, leader elected after 5051ms
2024-04-09 12:04:26,388 [06c35c3a-0415-431d-ae8b-027bb2658858-server-thread1] INFO  ratis.XceiverServerRatis (XceiverServerRatis.java:handleLeaderChangedNotification(966)) - Leader change notification received for group: group-DB1D75A9E2DC with new leaderId: 47f2b6e5-7d1c-4a61-9d74-1b86fd130309
2024-04-09 12:04:26,388 [06c35c3a-0415-431d-ae8b-027bb2658858-server-thread1] INFO  server.RaftServer$Division (ServerState.java:setLeader(269)) - 06c35c3a-0415-431d-ae8b-027bb2658858@group-DB1D75A9E2DC: change Leader from null to 47f2b6e5-7d1c-4a61-9d74-1b86fd130309 at term 1 for appendEntries, leader elected after 5004ms
2024-04-09 12:04:26,392 [06c35c3a-0415-431d-ae8b-027bb2658858-server-thread1] INFO  server.RaftServer$Division (ServerState.java:setRaftConf(386)) - 06c35c3a-0415-431d-ae8b-027bb2658858@group-DB1D75A9E2DC: set configuration 0: peers:[47f2b6e5-7d1c-4a61-9d74-1b86fd130309|10.1.0.103:15067, 06c35c3a-0415-431d-ae8b-027bb2658858|10.1.0.103:15076, c0a63e6c-c246-4c4b-b9bd-48fbdf84331c|10.1.0.103:15085]|listeners:[], old=null
2024-04-09 12:04:26,392 [06c35c3a-0415-431d-ae8b-027bb2658858-server-thread1] INFO  segmented.SegmentedRaftLogWorker (SegmentedRaftLogWorker.java:startLogSegment(430)) - 06c35c3a-0415-431d-ae8b-027bb2658858@group-DB1D75A9E2DC-SegmentedRaftLogWorker: Starting segment from index:0
2024-04-09 12:04:26,392 [47f2b6e5-7d1c-4a61-9d74-1b86fd130309@group-9B3B028754AC-FollowerState] INFO  impl.FollowerState (FollowerState.java:run(143)) - 47f2b6e5-7d1c-4a61-9d74-1b86fd130309@group-9B3B028754AC-FollowerState: change to CANDIDATE, lastRpcElapsedTime:5097971584ns, electionTimeout:5096ms
2024-04-09 12:04:26,393 [47f2b6e5-7d1c-4a61-9d74-1b86fd130309@group-9B3B028754AC-FollowerState] INFO  impl.RoleInfo (RoleInfo.java:shutdownFollowerState(110)) - 47f2b6e5-7d1c-4a61-9d74-1b86fd130309: shutdown 47f2b6e5-7d1c-4a61-9d74-1b86fd130309@group-9B3B028754AC-FollowerState
2024-04-09 12:04:26,393 [47f2b6e5-7d1c-4a61-9d74-1b86fd130309@group-9B3B028754AC-FollowerState] INFO  server.RaftServer$Division (RaftServerImpl.java:setRole(383)) - 47f2b6e5-7d1c-4a61-9d74-1b86fd130309@group-9B3B028754AC: changes role from  FOLLOWER to CANDIDATE at term 0 for changeToCandidate
2024-04-09 12:04:26,393 [47f2b6e5-7d1c-4a61-9d74-1b86fd130309@group-9B3B028754AC-FollowerState] INFO  server.RaftServerConfigKeys (ConfUtils.java:logGet(46)) - raft.server.leaderelection.pre-vote = true (default)
2024-04-09 12:04:26,393 [47f2b6e5-7d1c-4a61-9d74-1b86fd130309@group-9B3B028754AC-FollowerState] INFO  impl.RoleInfo (RoleInfo.java:updateAndGet(139)) - 47f2b6e5-7d1c-4a61-9d74-1b86fd130309: start 47f2b6e5-7d1c-4a61-9d74-1b86fd130309@group-9B3B028754AC-LeaderElection12
2024-04-09 12:04:26,393 [06c35c3a-0415-431d-ae8b-027bb2658858@group-DB1D75A9E2DC-SegmentedRaftLogWorker] INFO  segmented.BufferedWriteChannel (BufferedWriteChannel.java:open(62)) - open log_inprogress_0 at position 0
2024-04-09 12:04:26,396 [c0a63e6c-c246-4c4b-b9bd-48fbdf84331c-server-thread2] INFO  server.RaftServer$Division (ServerState.java:setRaftConf(386)) - c0a63e6c-c246-4c4b-b9bd-48fbdf84331c@group-DB1D75A9E2DC: set configuration 0: peers:[47f2b6e5-7d1c-4a61-9d74-1b86fd130309|10.1.0.103:15067, 06c35c3a-0415-431d-ae8b-027bb2658858|10.1.0.103:15076, c0a63e6c-c246-4c4b-b9bd-48fbdf84331c|10.1.0.103:15085]|listeners:[], old=null
2024-04-09 12:04:26,397 [c0a63e6c-c246-4c4b-b9bd-48fbdf84331c-server-thread2] INFO  segmented.SegmentedRaftLogWorker (SegmentedRaftLogWorker.java:startLogSegment(430)) - c0a63e6c-c246-4c4b-b9bd-48fbdf84331c@group-DB1D75A9E2DC-SegmentedRaftLogWorker: Starting segment from index:0
2024-04-09 12:04:26,398 [c0a63e6c-c246-4c4b-b9bd-48fbdf84331c@group-DB1D75A9E2DC-SegmentedRaftLogWorker] INFO  segmented.BufferedWriteChannel (BufferedWriteChannel.java:open(62)) - open log_inprogress_0 at position 0
2024-04-09 12:04:26,401 [06c35c3a-0415-431d-ae8b-027bb2658858@group-DB1D75A9E2DC-SegmentedRaftLogWorker] INFO  segmented.SegmentedRaftLogWorker (SegmentedRaftLogWorker.java:execute(634)) - 06c35c3a-0415-431d-ae8b-027bb2658858@group-DB1D75A9E2DC-SegmentedRaftLogWorker: created new log segment /home/runner/work/ozone/ozone/hadoop-ozone/integration-test/target/test-dir/MiniOzoneClusterImpl-00066f73-fe04-48fd-9c2f-afd3971143fc/ozone-meta/datanode-2/ratis/8a023e63-f161-45d8-9a3c-db1d75a9e2dc/current/log_inprogress_0
2024-04-09 12:04:26,404 [47f2b6e5-7d1c-4a61-9d74-1b86fd130309@group-9B3B028754AC-LeaderElection12] INFO  impl.LeaderElection (LeaderElection.java:askForVotes(321)) - 47f2b6e5-7d1c-4a61-9d74-1b86fd130309@group-9B3B028754AC-LeaderElection12 PRE_VOTE round 0: submit vote requests at term 0 for -1: peers:[47f2b6e5-7d1c-4a61-9d74-1b86fd130309|10.1.0.103:15067]|listeners:[], old=null
2024-04-09 12:04:26,404 [47f2b6e5-7d1c-4a61-9d74-1b86fd130309@group-9B3B028754AC-LeaderElection12] INFO  impl.LeaderElection (LeaderElection.java:askForVotes(323)) - 47f2b6e5-7d1c-4a61-9d74-1b86fd130309@group-9B3B028754AC-LeaderElection12 PRE_VOTE round 0: result PASSED (term=0)
2024-04-09 12:04:26,407 [c0a63e6c-c246-4c4b-b9bd-48fbdf84331c@group-DB1D75A9E2DC-SegmentedRaftLogWorker] INFO  segmented.SegmentedRaftLogWorker (SegmentedRaftLogWorker.java:execute(634)) - c0a63e6c-c246-4c4b-b9bd-48fbdf84331c@group-DB1D75A9E2DC-SegmentedRaftLogWorker: created new log segment /home/runner/work/ozone/ozone/hadoop-ozone/integration-test/target/test-dir/MiniOzoneClusterImpl-00066f73-fe04-48fd-9c2f-afd3971143fc/ozone-meta/datanode-3/ratis/8a023e63-f161-45d8-9a3c-db1d75a9e2dc/current/log_inprogress_0
2024-04-09 12:04:26,407 [47f2b6e5-7d1c-4a61-9d74-1b86fd130309@group-9B3B028754AC-LeaderElection12] INFO  impl.LeaderElection (LeaderElection.java:askForVotes(321)) - 47f2b6e5-7d1c-4a61-9d74-1b86fd130309@group-9B3B028754AC-LeaderElection12 ELECTION round 0: submit vote requests at term 1 for -1: peers:[47f2b6e5-7d1c-4a61-9d74-1b86fd130309|10.1.0.103:15067]|listeners:[], old=null
2024-04-09 12:04:26,407 [47f2b6e5-7d1c-4a61-9d74-1b86fd130309@group-9B3B028754AC-LeaderElection12] INFO  impl.LeaderElection (LeaderElection.java:askForVotes(323)) - 47f2b6e5-7d1c-4a61-9d74-1b86fd130309@group-9B3B028754AC-LeaderElection12 ELECTION round 0: result PASSED (term=1)
2024-04-09 12:04:26,407 [47f2b6e5-7d1c-4a61-9d74-1b86fd130309@group-DB1D75A9E2DC-StateMachineUpdater] INFO  server.RaftServer$Division (LeaderStateImpl.java:isApplied(320)) - leader is ready since appliedIndex == 0 >= startIndex == 0
2024-04-09 12:04:26,407 [47f2b6e5-7d1c-4a61-9d74-1b86fd130309@group-9B3B028754AC-LeaderElection12] INFO  impl.RoleInfo (RoleInfo.java:shutdownLeaderElection(130)) - 47f2b6e5-7d1c-4a61-9d74-1b86fd130309: shutdown 47f2b6e5-7d1c-4a61-9d74-1b86fd130309@group-9B3B028754AC-LeaderElection12
2024-04-09 12:04:26,407 [47f2b6e5-7d1c-4a61-9d74-1b86fd130309@group-9B3B028754AC-LeaderElection12] INFO  server.RaftServer$Division (RaftServerImpl.java:setRole(383)) - 47f2b6e5-7d1c-4a61-9d74-1b86fd130309@group-9B3B028754AC: changes role from CANDIDATE to LEADER at term 1 for changeToLeader
2024-04-09 12:04:26,408 [47f2b6e5-7d1c-4a61-9d74-1b86fd130309@group-9B3B028754AC-LeaderElection12] INFO  server.RaftServerConfigKeys (ConfUtils.java:logGet(46)) - raft.server.staging.catchup.gap = 1000 (default)
2024-04-09 12:04:26,408 [47f2b6e5-7d1c-4a61-9d74-1b86fd130309@group-9B3B028754AC-LeaderElection12] INFO  server.RaftServerConfigKeys (ConfUtils.java:logGet(46)) - raft.server.write.element-limit = 1024 (custom)
2024-04-09 12:04:26,408 [47f2b6e5-7d1c-4a61-9d74-1b86fd130309@group-9B3B028754AC-LeaderElection12] INFO  server.RaftServerConfigKeys (ConfUtils.java:logGet(46)) - raft.server.write.byte-limit = 1024 M (=1073741824) (custom)
2024-04-09 12:04:26,408 [47f2b6e5-7d1c-4a61-9d74-1b86fd130309@group-9B3B028754AC-LeaderElection12] INFO  server.RaftServerConfigKeys (ConfUtils.java:logGet(46)) - raft.server.watch.timeout = 3000ms (custom)
2024-04-09 12:04:26,408 [47f2b6e5-7d1c-4a61-9d74-1b86fd130309@group-9B3B028754AC-LeaderElection12] INFO  server.RaftServerConfigKeys (ConfUtils.java:logGet(46)) - raft.server.watch.timeout.denomination = 1s (default)
2024-04-09 12:04:26,408 [47f2b6e5-7d1c-4a61-9d74-1b86fd130309@group-9B3B028754AC-LeaderElection12] INFO  server.RaftServerConfigKeys (ConfUtils.java:logGet(46)) - raft.server.watch.element-limit = 65536 (default)
2024-04-09 12:04:26,408 [47f2b6e5-7d1c-4a61-9d74-1b86fd130309@group-9B3B028754AC-LeaderElection12] INFO  server.RaftServerConfigKeys (ConfUtils.java:logGet(46)) - raft.server.read.leader.lease.enabled = false (default)
2024-04-09 12:04:26,408 [47f2b6e5-7d1c-4a61-9d74-1b86fd130309@group-9B3B028754AC-LeaderElection12] INFO  server.RaftServerConfigKeys (ConfUtils.java:logGet(46)) - raft.server.read.leader.lease.timeout.ratio = 0.9 (default)
2024-04-09 12:04:26,408 [47f2b6e5-7d1c-4a61-9d74-1b86fd130309@group-9B3B028754AC-LeaderElection12] INFO  server.RaftServerConfigKeys (ConfUtils.java:logGet(46)) - raft.server.rpc.timeout.min = 5s (custom)
2024-04-09 12:04:26,408 [47f2b6e5-7d1c-4a61-9d74-1b86fd130309@group-9B3B028754AC-LeaderElection12] INFO  server.RaftServerConfigKeys (ConfUtils.java:logGet(46)) - raft.server.write.element-limit = 1024 (custom)
2024-04-09 12:04:26,409 [47f2b6e5-7d1c-4a61-9d74-1b86fd130309@group-9B3B028754AC-LeaderElection12] INFO  server.RaftServerConfigKeys (ConfUtils.java:logGet(46)) - raft.server.write.follower.gap.ratio.max = -1.0 (default)
2024-04-09 12:04:26,409 [47f2b6e5-7d1c-4a61-9d74-1b86fd130309@group-9B3B028754AC-LeaderElection12] INFO  impl.RoleInfo (RoleInfo.java:updateAndGet(139)) - 47f2b6e5-7d1c-4a61-9d74-1b86fd130309: start 47f2b6e5-7d1c-4a61-9d74-1b86fd130309@group-9B3B028754AC-LeaderStateImpl
2024-04-09 12:04:26,409 [47f2b6e5-7d1c-4a61-9d74-1b86fd130309@group-9B3B028754AC-LeaderElection12] INFO  server.RaftServer$Division (RaftServerImpl.java:setFirstElection(574)) - 47f2b6e5-7d1c-4a61-9d74-1b86fd130309@group-9B3B028754AC: set firstElectionSinceStartup to false for becomeLeader
2024-04-09 12:04:26,409 [47f2b6e5-7d1c-4a61-9d74-1b86fd130309@group-9B3B028754AC-LeaderElection12] INFO  ratis.XceiverServerRatis (XceiverServerRatis.java:handleLeaderChangedNotification(966)) - Leader change notification received for group: group-9B3B028754AC with new leaderId: 47f2b6e5-7d1c-4a61-9d74-1b86fd130309
2024-04-09 12:04:26,409 [47f2b6e5-7d1c-4a61-9d74-1b86fd130309@group-9B3B028754AC-LeaderElection12] INFO  server.RaftServer$Division (ServerState.java:setLeader(269)) - 47f2b6e5-7d1c-4a61-9d74-1b86fd130309@group-9B3B028754AC: change Leader from null to 47f2b6e5-7d1c-4a61-9d74-1b86fd130309 at term 1 for becomeLeader, leader elected after 5130ms
2024-04-09 12:04:26,409 [47f2b6e5-7d1c-4a61-9d74-1b86fd130309@group-9B3B028754AC-LeaderElection12] INFO  segmented.SegmentedRaftLogWorker (SegmentedRaftLogWorker.java:startLogSegment(430)) - 47f2b6e5-7d1c-4a61-9d74-1b86fd130309@group-9B3B028754AC-SegmentedRaftLogWorker: Starting segment from index:0
2024-04-09 12:04:26,409 [47f2b6e5-7d1c-4a61-9d74-1b86fd130309@group-9B3B028754AC-SegmentedRaftLogWorker] INFO  segmented.BufferedWriteChannel (BufferedWriteChannel.java:open(62)) - open log_inprogress_0 at position 0
2024-04-09 12:04:26,411 [47f2b6e5-7d1c-4a61-9d74-1b86fd130309@group-9B3B028754AC-LeaderElection12] INFO  server.RaftServer$Division (ServerState.java:setRaftConf(386)) - 47f2b6e5-7d1c-4a61-9d74-1b86fd130309@group-9B3B028754AC: set configuration 0: peers:[47f2b6e5-7d1c-4a61-9d74-1b86fd130309|10.1.0.103:15067]|listeners:[], old=null
2024-04-09 12:04:26,417 [47f2b6e5-7d1c-4a61-9d74-1b86fd130309@group-9B3B028754AC-SegmentedRaftLogWorker] INFO  segmented.SegmentedRaftLogWorker (SegmentedRaftLogWorker.java:execute(634)) - 47f2b6e5-7d1c-4a61-9d74-1b86fd130309@group-9B3B028754AC-SegmentedRaftLogWorker: created new log segment /home/runner/work/ozone/ozone/hadoop-ozone/integration-test/target/test-dir/MiniOzoneClusterImpl-00066f73-fe04-48fd-9c2f-afd3971143fc/ozone-meta/datanode-1/ratis/742ea967-bb26-43ee-9649-9b3b028754ac/current/log_inprogress_0
2024-04-09 12:04:26,418 [47f2b6e5-7d1c-4a61-9d74-1b86fd130309@group-9B3B028754AC-StateMachineUpdater] INFO  server.RaftServer$Division (LeaderStateImpl.java:isApplied(320)) - leader is ready since appliedIndex == 0 >= startIndex == 0
2024-04-09 12:04:26,457 [47f2b6e5-7d1c-4a61-9d74-1b86fd130309@group-2C2C502A59F8-FollowerState] INFO  impl.FollowerState (FollowerState.java:run(143)) - 47f2b6e5-7d1c-4a61-9d74-1b86fd130309@group-2C2C502A59F8-FollowerState: change to CANDIDATE, lastRpcElapsedTime:5028414926ns, electionTimeout:5023ms
2024-04-09 12:04:26,457 [47f2b6e5-7d1c-4a61-9d74-1b86fd130309@group-2C2C502A59F8-FollowerState] INFO  impl.RoleInfo (RoleInfo.java:shutdownFollowerState(110)) - 47f2b6e5-7d1c-4a61-9d74-1b86fd130309: shutdown 47f2b6e5-7d1c-4a61-9d74-1b86fd130309@group-2C2C502A59F8-FollowerState
2024-04-09 12:04:26,457 [47f2b6e5-7d1c-4a61-9d74-1b86fd130309@group-2C2C502A59F8-FollowerState] INFO  server.RaftServer$Division (RaftServerImpl.java:setRole(383)) - 47f2b6e5-7d1c-4a61-9d74-1b86fd130309@group-2C2C502A59F8: changes role from  FOLLOWER to CANDIDATE at term 0 for changeToCandidate
2024-04-09 12:04:26,457 [47f2b6e5-7d1c-4a61-9d74-1b86fd130309@group-2C2C502A59F8-FollowerState] INFO  server.RaftServerConfigKeys (ConfUtils.java:logGet(46)) - raft.server.leaderelection.pre-vote = true (default)
2024-04-09 12:04:26,458 [47f2b6e5-7d1c-4a61-9d74-1b86fd130309@group-2C2C502A59F8-FollowerState] INFO  impl.RoleInfo (RoleInfo.java:updateAndGet(139)) - 47f2b6e5-7d1c-4a61-9d74-1b86fd130309: start 47f2b6e5-7d1c-4a61-9d74-1b86fd130309@group-2C2C502A59F8-LeaderElection13
2024-04-09 12:04:26,458 [47f2b6e5-7d1c-4a61-9d74-1b86fd130309@group-2C2C502A59F8-LeaderElection13] INFO  impl.LeaderElection (LeaderElection.java:askForVotes(321)) - 47f2b6e5-7d1c-4a61-9d74-1b86fd130309@group-2C2C502A59F8-LeaderElection13 PRE_VOTE round 0: submit vote requests at term 0 for -1: peers:[47f2b6e5-7d1c-4a61-9d74-1b86fd130309|10.1.0.103:15067, 06c35c3a-0415-431d-ae8b-027bb2658858|10.1.0.103:15076, c0a63e6c-c246-4c4b-b9bd-48fbdf84331c|10.1.0.103:15085]|listeners:[], old=null
2024-04-09 12:04:26,459 [47f2b6e5-7d1c-4a61-9d74-1b86fd130309@group-2C2C502A59F8-LeaderElection13] INFO  server.RaftServerConfigKeys (ConfUtils.java:logFallback(53)) - raft.server.rpc.first-election.timeout.min = 5s (fallback to raft.server.rpc.timeout.min)
2024-04-09 12:04:26,459 [47f2b6e5-7d1c-4a61-9d74-1b86fd130309@group-2C2C502A59F8-LeaderElection13] INFO  server.RaftServerConfigKeys (ConfUtils.java:logFallback(53)) - raft.server.rpc.first-election.timeout.max = 5200ms (fallback to raft.server.rpc.timeout.max)
2024-04-09 12:04:26,463 [grpc-default-executor-0] INFO  server.RaftServer$Division (RaftServerImpl.java:requestVote(1389)) - c0a63e6c-c246-4c4b-b9bd-48fbdf84331c@group-2C2C502A59F8: receive requestVote(PRE_VOTE, 47f2b6e5-7d1c-4a61-9d74-1b86fd130309, group-2C2C502A59F8, 0, (t:0, i:0))
2024-04-09 12:04:26,463 [grpc-default-executor-0] INFO  impl.VoteContext (VoteContext.java:log(49)) - c0a63e6c-c246-4c4b-b9bd-48fbdf84331c@group-2C2C502A59F8-FOLLOWER: reject PRE_VOTE from 47f2b6e5-7d1c-4a61-9d74-1b86fd130309: our priority 1 > candidate's priority 0
2024-04-09 12:04:26,463 [grpc-default-executor-0] INFO  server.RaftServer$Division (RaftServerImpl.java:requestVote(1422)) - c0a63e6c-c246-4c4b-b9bd-48fbdf84331c@group-2C2C502A59F8 replies to PRE_VOTE vote request: 47f2b6e5-7d1c-4a61-9d74-1b86fd130309<-c0a63e6c-c246-4c4b-b9bd-48fbdf84331c#0:FAIL-t0. Peer's state: c0a63e6c-c246-4c4b-b9bd-48fbdf84331c@group-2C2C502A59F8:t0, leader=null, voted=, raftlog=Memoized:c0a63e6c-c246-4c4b-b9bd-48fbdf84331c@group-2C2C502A59F8-SegmentedRaftLog:OPENED:c-1, conf=-1: peers:[47f2b6e5-7d1c-4a61-9d74-1b86fd130309|10.1.0.103:15067, 06c35c3a-0415-431d-ae8b-027bb2658858|10.1.0.103:15076, c0a63e6c-c246-4c4b-b9bd-48fbdf84331c|10.1.0.103:15085]|listeners:[], old=null
2024-04-09 12:04:26,464 [grpc-default-executor-2] INFO  server.RaftServer$Division (RaftServerImpl.java:requestVote(1389)) - 06c35c3a-0415-431d-ae8b-027bb2658858@group-2C2C502A59F8: receive requestVote(PRE_VOTE, 47f2b6e5-7d1c-4a61-9d74-1b86fd130309, group-2C2C502A59F8, 0, (t:0, i:0))
2024-04-09 12:04:26,464 [grpc-default-executor-2] INFO  impl.VoteContext (VoteContext.java:log(49)) - 06c35c3a-0415-431d-ae8b-027bb2658858@group-2C2C502A59F8-FOLLOWER: accept PRE_VOTE from 47f2b6e5-7d1c-4a61-9d74-1b86fd130309: our priority 0 <= candidate's priority 0
2024-04-09 12:04:26,464 [grpc-default-executor-2] INFO  server.RaftServer$Division (RaftServerImpl.java:requestVote(1422)) - 06c35c3a-0415-431d-ae8b-027bb2658858@group-2C2C502A59F8 replies to PRE_VOTE vote request: 47f2b6e5-7d1c-4a61-9d74-1b86fd130309<-06c35c3a-0415-431d-ae8b-027bb2658858#0:OK-t0. Peer's state: 06c35c3a-0415-431d-ae8b-027bb2658858@group-2C2C502A59F8:t0, leader=null, voted=, raftlog=Memoized:06c35c3a-0415-431d-ae8b-027bb2658858@group-2C2C502A59F8-SegmentedRaftLog:OPENED:c-1, conf=-1: peers:[47f2b6e5-7d1c-4a61-9d74-1b86fd130309|10.1.0.103:15067, 06c35c3a-0415-431d-ae8b-027bb2658858|10.1.0.103:15076, c0a63e6c-c246-4c4b-b9bd-48fbdf84331c|10.1.0.103:15085]|listeners:[], old=null
2024-04-09 12:04:26,467 [47f2b6e5-7d1c-4a61-9d74-1b86fd130309@group-2C2C502A59F8-LeaderElection13] INFO  impl.LeaderElection (LeaderElection.java:logAndReturn(89)) - 47f2b6e5-7d1c-4a61-9d74-1b86fd130309@group-2C2C502A59F8-LeaderElection13: PRE_VOTE REJECTED received 2 response(s) and 0 exception(s):
2024-04-09 12:04:26,467 [47f2b6e5-7d1c-4a61-9d74-1b86fd130309@group-2C2C502A59F8-LeaderElection13] INFO  impl.LeaderElection (LeaderElection.java:logAndReturn(93)) -   Response 0: 47f2b6e5-7d1c-4a61-9d74-1b86fd130309<-06c35c3a-0415-431d-ae8b-027bb2658858#0:OK-t0
2024-04-09 12:04:26,467 [47f2b6e5-7d1c-4a61-9d74-1b86fd130309@group-2C2C502A59F8-LeaderElection13] INFO  impl.LeaderElection (LeaderElection.java:logAndReturn(93)) -   Response 1: 47f2b6e5-7d1c-4a61-9d74-1b86fd130309<-c0a63e6c-c246-4c4b-b9bd-48fbdf84331c#0:FAIL-t0
2024-04-09 12:04:26,467 [47f2b6e5-7d1c-4a61-9d74-1b86fd130309@group-2C2C502A59F8-LeaderElection13] INFO  impl.LeaderElection (LeaderElection.java:askForVotes(323)) - 47f2b6e5-7d1c-4a61-9d74-1b86fd130309@group-2C2C502A59F8-LeaderElection13 PRE_VOTE round 0: result REJECTED
2024-04-09 12:04:26,467 [47f2b6e5-7d1c-4a61-9d74-1b86fd130309@group-2C2C502A59F8-LeaderElection13] INFO  server.RaftServer$Division (RaftServerImpl.java:setRole(383)) - 47f2b6e5-7d1c-4a61-9d74-1b86fd130309@group-2C2C502A59F8: changes role from CANDIDATE to FOLLOWER at term 0 for REJECTED
2024-04-09 12:04:26,467 [47f2b6e5-7d1c-4a61-9d74-1b86fd130309@group-2C2C502A59F8-LeaderElection13] INFO  impl.RoleInfo (RoleInfo.java:shutdownLeaderElection(130)) - 47f2b6e5-7d1c-4a61-9d74-1b86fd130309: shutdown 47f2b6e5-7d1c-4a61-9d74-1b86fd130309@group-2C2C502A59F8-LeaderElection13
2024-04-09 12:04:26,468 [47f2b6e5-7d1c-4a61-9d74-1b86fd130309@group-2C2C502A59F8-LeaderElection13] INFO  impl.RoleInfo (RoleInfo.java:updateAndGet(139)) - 47f2b6e5-7d1c-4a61-9d74-1b86fd130309: start 47f2b6e5-7d1c-4a61-9d74-1b86fd130309@group-2C2C502A59F8-FollowerState
2024-04-09 12:04:26,468 [47f2b6e5-7d1c-4a61-9d74-1b86fd130309@group-2C2C502A59F8-LeaderElection13] INFO  server.RaftServer$Division (RaftServerImpl.java:setFirstElection(574)) - 47f2b6e5-7d1c-4a61-9d74-1b86fd130309@group-2C2C502A59F8: set firstElectionSinceStartup to false for REJECTED
2024-04-09 12:04:26,494 [c0a63e6c-c246-4c4b-b9bd-48fbdf84331c@group-BACFA430F9BA-FollowerState] INFO  impl.FollowerState (FollowerState.java:run(143)) - c0a63e6c-c246-4c4b-b9bd-48fbdf84331c@group-BACFA430F9BA-FollowerState: change to CANDIDATE, lastRpcElapsedTime:5052401394ns, electionTimeout:5045ms
2024-04-09 12:04:26,494 [c0a63e6c-c246-4c4b-b9bd-48fbdf84331c@group-BACFA430F9BA-FollowerState] INFO  impl.RoleInfo (RoleInfo.java:shutdownFollowerState(110)) - c0a63e6c-c246-4c4b-b9bd-48fbdf84331c: shutdown c0a63e6c-c246-4c4b-b9bd-48fbdf84331c@group-BACFA430F9BA-FollowerState
2024-04-09 12:04:26,494 [c0a63e6c-c246-4c4b-b9bd-48fbdf84331c@group-BACFA430F9BA-FollowerState] INFO  server.RaftServer$Division (RaftServerImpl.java:setRole(383)) - c0a63e6c-c246-4c4b-b9bd-48fbdf84331c@group-BACFA430F9BA: changes role from  FOLLOWER to CANDIDATE at term 0 for changeToCandidate
2024-04-09 12:04:26,495 [c0a63e6c-c246-4c4b-b9bd-48fbdf84331c@group-BACFA430F9BA-FollowerState] INFO  server.RaftServerConfigKeys (ConfUtils.java:logGet(46)) - raft.server.leaderelection.pre-vote = true (default)
2024-04-09 12:04:26,495 [c0a63e6c-c246-4c4b-b9bd-48fbdf84331c@group-BACFA430F9BA-FollowerState] INFO  impl.RoleInfo (RoleInfo.java:updateAndGet(139)) - c0a63e6c-c246-4c4b-b9bd-48fbdf84331c: start c0a63e6c-c246-4c4b-b9bd-48fbdf84331c@group-BACFA430F9BA-LeaderElection14
2024-04-09 12:04:26,497 [c0a63e6c-c246-4c4b-b9bd-48fbdf84331c@group-BACFA430F9BA-LeaderElection14] INFO  impl.LeaderElection (LeaderElection.java:askForVotes(321)) - c0a63e6c-c246-4c4b-b9bd-48fbdf84331c@group-BACFA430F9BA-LeaderElection14 PRE_VOTE round 0: submit vote requests at term 0 for -1: peers:[c0a63e6c-c246-4c4b-b9bd-48fbdf84331c|10.1.0.103:15085]|listeners:[], old=null
2024-04-09 12:04:26,497 [c0a63e6c-c246-4c4b-b9bd-48fbdf84331c@group-BACFA430F9BA-LeaderElection14] INFO  impl.LeaderElection (LeaderElection.java:askForVotes(323)) - c0a63e6c-c246-4c4b-b9bd-48fbdf84331c@group-BACFA430F9BA-LeaderElection14 PRE_VOTE round 0: result PASSED (term=0)
2024-04-09 12:04:26,498 [c0a63e6c-c246-4c4b-b9bd-48fbdf84331c@group-BACFA430F9BA-LeaderElection14] INFO  impl.LeaderElection (LeaderElection.java:askForVotes(321)) - c0a63e6c-c246-4c4b-b9bd-48fbdf84331c@group-BACFA430F9BA-LeaderElection14 ELECTION round 0: submit vote requests at term 1 for -1: peers:[c0a63e6c-c246-4c4b-b9bd-48fbdf84331c|10.1.0.103:15085]|listeners:[], old=null
2024-04-09 12:04:26,498 [c0a63e6c-c246-4c4b-b9bd-48fbdf84331c@group-BACFA430F9BA-LeaderElection14] INFO  impl.LeaderElection (LeaderElection.java:askForVotes(323)) - c0a63e6c-c246-4c4b-b9bd-48fbdf84331c@group-BACFA430F9BA-LeaderElection14 ELECTION round 0: result PASSED (term=1)
2024-04-09 12:04:26,498 [c0a63e6c-c246-4c4b-b9bd-48fbdf84331c@group-BACFA430F9BA-LeaderElection14] INFO  impl.RoleInfo (RoleInfo.java:shutdownLeaderElection(130)) - c0a63e6c-c246-4c4b-b9bd-48fbdf84331c: shutdown c0a63e6c-c246-4c4b-b9bd-48fbdf84331c@group-BACFA430F9BA-LeaderElection14
2024-04-09 12:04:26,498 [c0a63e6c-c246-4c4b-b9bd-48fbdf84331c@group-BACFA430F9BA-LeaderElection14] INFO  server.RaftServer$Division (RaftServerImpl.java:setRole(383)) - c0a63e6c-c246-4c4b-b9bd-48fbdf84331c@group-BACFA430F9BA: changes role from CANDIDATE to LEADER at term 1 for changeToLeader
2024-04-09 12:04:26,499 [c0a63e6c-c246-4c4b-b9bd-48fbdf84331c@group-BACFA430F9BA-LeaderElection14] INFO  server.RaftServerConfigKeys (ConfUtils.java:logGet(46)) - raft.server.staging.catchup.gap = 1000 (default)
2024-04-09 12:04:26,499 [c0a63e6c-c246-4c4b-b9bd-48fbdf84331c@group-BACFA430F9BA-LeaderElection14] INFO  server.RaftServerConfigKeys (ConfUtils.java:logGet(46)) - raft.server.write.element-limit = 1024 (custom)
2024-04-09 12:04:26,499 [c0a63e6c-c246-4c4b-b9bd-48fbdf84331c@group-BACFA430F9BA-LeaderElection14] INFO  server.RaftServerConfigKeys (ConfUtils.java:logGet(46)) - raft.server.write.byte-limit = 1024 M (=1073741824) (custom)
2024-04-09 12:04:26,499 [c0a63e6c-c246-4c4b-b9bd-48fbdf84331c@group-BACFA430F9BA-LeaderElection14] INFO  server.RaftServerConfigKeys (ConfUtils.java:logGet(46)) - raft.server.watch.timeout = 3000ms (custom)
2024-04-09 12:04:26,499 [c0a63e6c-c246-4c4b-b9bd-48fbdf84331c@group-BACFA430F9BA-LeaderElection14] INFO  server.RaftServerConfigKeys (ConfUtils.java:logGet(46)) - raft.server.watch.timeout.denomination = 1s (default)
2024-04-09 12:04:26,499 [c0a63e6c-c246-4c4b-b9bd-48fbdf84331c@group-BACFA430F9BA-LeaderElection14] INFO  server.RaftServerConfigKeys (ConfUtils.java:logGet(46)) - raft.server.watch.element-limit = 65536 (default)
2024-04-09 12:04:26,499 [c0a63e6c-c246-4c4b-b9bd-48fbdf84331c@group-BACFA430F9BA-LeaderElection14] INFO  server.RaftServerConfigKeys (ConfUtils.java:logGet(46)) - raft.server.read.leader.lease.enabled = false (default)
2024-04-09 12:04:26,500 [c0a63e6c-c246-4c4b-b9bd-48fbdf84331c@group-BACFA430F9BA-LeaderElection14] INFO  server.RaftServerConfigKeys (ConfUtils.java:logGet(46)) - raft.server.read.leader.lease.timeout.ratio = 0.9 (default)
2024-04-09 12:04:26,500 [c0a63e6c-c246-4c4b-b9bd-48fbdf84331c@group-BACFA430F9BA-LeaderElection14] INFO  server.RaftServerConfigKeys (ConfUtils.java:logGet(46)) - raft.server.rpc.timeout.min = 5s (custom)
2024-04-09 12:04:26,500 [c0a63e6c-c246-4c4b-b9bd-48fbdf84331c@group-BACFA430F9BA-LeaderElection14] INFO  server.RaftServerConfigKeys (ConfUtils.java:logGet(46)) - raft.server.write.element-limit = 1024 (custom)
2024-04-09 12:04:26,500 [c0a63e6c-c246-4c4b-b9bd-48fbdf84331c@group-BACFA430F9BA-LeaderElection14] INFO  server.RaftServerConfigKeys (ConfUtils.java:logGet(46)) - raft.server.write.follower.gap.ratio.max = -1.0 (default)
2024-04-09 12:04:26,500 [c0a63e6c-c246-4c4b-b9bd-48fbdf84331c@group-BACFA430F9BA-LeaderElection14] INFO  impl.RoleInfo (RoleInfo.java:updateAndGet(139)) - c0a63e6c-c246-4c4b-b9bd-48fbdf84331c: start c0a63e6c-c246-4c4b-b9bd-48fbdf84331c@group-BACFA430F9BA-LeaderStateImpl
2024-04-09 12:04:26,500 [c0a63e6c-c246-4c4b-b9bd-48fbdf84331c@group-BACFA430F9BA-LeaderElection14] INFO  server.RaftServer$Division (RaftServerImpl.java:setFirstElection(574)) - c0a63e6c-c246-4c4b-b9bd-48fbdf84331c@group-BACFA430F9BA: set firstElectionSinceStartup to false for becomeLeader
2024-04-09 12:04:26,500 [c0a63e6c-c246-4c4b-b9bd-48fbdf84331c@group-BACFA430F9BA-LeaderElection14] INFO  ratis.XceiverServerRatis (XceiverServerRatis.java:handleLeaderChangedNotification(966)) - Leader change notification received for group: group-BACFA430F9BA with new leaderId: c0a63e6c-c246-4c4b-b9bd-48fbdf84331c
2024-04-09 12:04:26,500 [c0a63e6c-c246-4c4b-b9bd-48fbdf84331c@group-BACFA430F9BA-LeaderElection14] INFO  server.RaftServer$Division (ServerState.java:setLeader(269)) - c0a63e6c-c246-4c4b-b9bd-48fbdf84331c@group-BACFA430F9BA: change Leader from null to c0a63e6c-c246-4c4b-b9bd-48fbdf84331c at term 1 for becomeLeader, leader elected after 5075ms
2024-04-09 12:04:26,501 [c0a63e6c-c246-4c4b-b9bd-48fbdf84331c@group-BACFA430F9BA-LeaderElection14] INFO  segmented.SegmentedRaftLogWorker (SegmentedRaftLogWorker.java:startLogSegment(430)) - c0a63e6c-c246-4c4b-b9bd-48fbdf84331c@group-BACFA430F9BA-SegmentedRaftLogWorker: Starting segment from index:0
2024-04-09 12:04:26,502 [c0a63e6c-c246-4c4b-b9bd-48fbdf84331c@group-BACFA430F9BA-LeaderElection14] INFO  server.RaftServer$Division (ServerState.java:setRaftConf(386)) - c0a63e6c-c246-4c4b-b9bd-48fbdf84331c@group-BACFA430F9BA: set configuration 0: peers:[c0a63e6c-c246-4c4b-b9bd-48fbdf84331c|10.1.0.103:15085]|listeners:[], old=null
2024-04-09 12:04:26,502 [c0a63e6c-c246-4c4b-b9bd-48fbdf84331c@group-BACFA430F9BA-SegmentedRaftLogWorker] INFO  segmented.BufferedWriteChannel (BufferedWriteChannel.java:open(62)) - open log_inprogress_0 at position 0
2024-04-09 12:04:26,508 [c0a63e6c-c246-4c4b-b9bd-48fbdf84331c@group-BACFA430F9BA-SegmentedRaftLogWorker] INFO  segmented.SegmentedRaftLogWorker (SegmentedRaftLogWorker.java:execute(634)) - c0a63e6c-c246-4c4b-b9bd-48fbdf84331c@group-BACFA430F9BA-SegmentedRaftLogWorker: created new log segment /home/runner/work/ozone/ozone/hadoop-ozone/integration-test/target/test-dir/MiniOzoneClusterImpl-00066f73-fe04-48fd-9c2f-afd3971143fc/ozone-meta/datanode-3/ratis/bcd65a87-78fb-4d3f-8468-bacfa430f9ba/current/log_inprogress_0
2024-04-09 12:04:26,510 [c0a63e6c-c246-4c4b-b9bd-48fbdf84331c@group-BACFA430F9BA-StateMachineUpdater] INFO  server.RaftServer$Division (LeaderStateImpl.java:isApplied(320)) - leader is ready since appliedIndex == 0 >= startIndex == 0
2024-04-09 12:04:26,566 [06c35c3a-0415-431d-ae8b-027bb2658858@group-2F251E82CC3A-FollowerState] INFO  impl.FollowerState (FollowerState.java:run(143)) - 06c35c3a-0415-431d-ae8b-027bb2658858@group-2F251E82CC3A-FollowerState: change to CANDIDATE, lastRpcElapsedTime:5186178976ns, electionTimeout:5184ms
2024-04-09 12:04:26,566 [06c35c3a-0415-431d-ae8b-027bb2658858@group-2F251E82CC3A-FollowerState] INFO  impl.RoleInfo (RoleInfo.java:shutdownFollowerState(110)) - 06c35c3a-0415-431d-ae8b-027bb2658858: shutdown 06c35c3a-0415-431d-ae8b-027bb2658858@group-2F251E82CC3A-FollowerState
2024-04-09 12:04:26,566 [06c35c3a-0415-431d-ae8b-027bb2658858@group-2F251E82CC3A-FollowerState] INFO  server.RaftServer$Division (RaftServerImpl.java:setRole(383)) - 06c35c3a-0415-431d-ae8b-027bb2658858@group-2F251E82CC3A: changes role from  FOLLOWER to CANDIDATE at term 0 for changeToCandidate
2024-04-09 12:04:26,566 [06c35c3a-0415-431d-ae8b-027bb2658858@group-2F251E82CC3A-FollowerState] INFO  server.RaftServerConfigKeys (ConfUtils.java:logGet(46)) - raft.server.leaderelection.pre-vote = true (default)
2024-04-09 12:04:26,566 [06c35c3a-0415-431d-ae8b-027bb2658858@group-2F251E82CC3A-FollowerState] INFO  impl.RoleInfo (RoleInfo.java:updateAndGet(139)) - 06c35c3a-0415-431d-ae8b-027bb2658858: start 06c35c3a-0415-431d-ae8b-027bb2658858@group-2F251E82CC3A-LeaderElection15
2024-04-09 12:04:26,567 [06c35c3a-0415-431d-ae8b-027bb2658858@group-2F251E82CC3A-LeaderElection15] INFO  impl.LeaderElection (LeaderElection.java:askForVotes(321)) - 06c35c3a-0415-431d-ae8b-027bb2658858@group-2F251E82CC3A-LeaderElection15 PRE_VOTE round 0: submit vote requests at term 0 for -1: peers:[06c35c3a-0415-431d-ae8b-027bb2658858|10.1.0.103:15076]|listeners:[], old=null
2024-04-09 12:04:26,567 [06c35c3a-0415-431d-ae8b-027bb2658858@group-2F251E82CC3A-LeaderElection15] INFO  impl.LeaderElection (LeaderElection.java:askForVotes(323)) - 06c35c3a-0415-431d-ae8b-027bb2658858@group-2F251E82CC3A-LeaderElection15 PRE_VOTE round 0: result PASSED (term=0)
2024-04-09 12:04:26,568 [06c35c3a-0415-431d-ae8b-027bb2658858@group-2F251E82CC3A-LeaderElection15] INFO  impl.LeaderElection (LeaderElection.java:askForVotes(321)) - 06c35c3a-0415-431d-ae8b-027bb2658858@group-2F251E82CC3A-LeaderElection15 ELECTION round 0: submit vote requests at term 1 for -1: peers:[06c35c3a-0415-431d-ae8b-027bb2658858|10.1.0.103:15076]|listeners:[], old=null
2024-04-09 12:04:26,568 [06c35c3a-0415-431d-ae8b-027bb2658858@group-2F251E82CC3A-LeaderElection15] INFO  impl.LeaderElection (LeaderElection.java:askForVotes(323)) - 06c35c3a-0415-431d-ae8b-027bb2658858@group-2F251E82CC3A-LeaderElection15 ELECTION round 0: result PASSED (term=1)
2024-04-09 12:04:26,568 [06c35c3a-0415-431d-ae8b-027bb2658858@group-2F251E82CC3A-LeaderElection15] INFO  impl.RoleInfo (RoleInfo.java:shutdownLeaderElection(130)) - 06c35c3a-0415-431d-ae8b-027bb2658858: shutdown 06c35c3a-0415-431d-ae8b-027bb2658858@group-2F251E82CC3A-LeaderElection15
2024-04-09 12:04:26,568 [06c35c3a-0415-431d-ae8b-027bb2658858@group-2F251E82CC3A-LeaderElection15] INFO  server.RaftServer$Division (RaftServerImpl.java:setRole(383)) - 06c35c3a-0415-431d-ae8b-027bb2658858@group-2F251E82CC3A: changes role from CANDIDATE to LEADER at term 1 for changeToLeader
2024-04-09 12:04:26,568 [06c35c3a-0415-431d-ae8b-027bb2658858@group-2F251E82CC3A-LeaderElection15] INFO  server.RaftServerConfigKeys (ConfUtils.java:logGet(46)) - raft.server.staging.catchup.gap = 1000 (default)
2024-04-09 12:04:26,569 [06c35c3a-0415-431d-ae8b-027bb2658858@group-2F251E82CC3A-LeaderElection15] INFO  server.RaftServerConfigKeys (ConfUtils.java:logGet(46)) - raft.server.write.element-limit = 1024 (custom)
2024-04-09 12:04:26,569 [06c35c3a-0415-431d-ae8b-027bb2658858@group-2F251E82CC3A-LeaderElection15] INFO  server.RaftServerConfigKeys (ConfUtils.java:logGet(46)) - raft.server.write.byte-limit = 1024 M (=1073741824) (custom)
2024-04-09 12:04:26,569 [06c35c3a-0415-431d-ae8b-027bb2658858@group-2F251E82CC3A-LeaderElection15] INFO  server.RaftServerConfigKeys (ConfUtils.java:logGet(46)) - raft.server.watch.timeout = 3000ms (custom)
2024-04-09 12:04:26,569 [06c35c3a-0415-431d-ae8b-027bb2658858@group-2F251E82CC3A-LeaderElection15] INFO  server.RaftServerConfigKeys (ConfUtils.java:logGet(46)) - raft.server.watch.timeout.denomination = 1s (default)
2024-04-09 12:04:26,569 [06c35c3a-0415-431d-ae8b-027bb2658858@group-2F251E82CC3A-LeaderElection15] INFO  server.RaftServerConfigKeys (ConfUtils.java:logGet(46)) - raft.server.watch.element-limit = 65536 (default)
2024-04-09 12:04:26,569 [06c35c3a-0415-431d-ae8b-027bb2658858@group-2F251E82CC3A-LeaderElection15] INFO  server.RaftServerConfigKeys (ConfUtils.java:logGet(46)) - raft.server.read.leader.lease.enabled = false (default)
2024-04-09 12:04:26,569 [06c35c3a-0415-431d-ae8b-027bb2658858@group-2F251E82CC3A-LeaderElection15] INFO  server.RaftServerConfigKeys (ConfUtils.java:logGet(46)) - raft.server.read.leader.lease.timeout.ratio = 0.9 (default)
2024-04-09 12:04:26,569 [06c35c3a-0415-431d-ae8b-027bb2658858@group-2F251E82CC3A-LeaderElection15] INFO  server.RaftServerConfigKeys (ConfUtils.java:logGet(46)) - raft.server.rpc.timeout.min = 5s (custom)
2024-04-09 12:04:26,570 [06c35c3a-0415-431d-ae8b-027bb2658858@group-2F251E82CC3A-LeaderElection15] INFO  server.RaftServerConfigKeys (ConfUtils.java:logGet(46)) - raft.server.write.element-limit = 1024 (custom)
2024-04-09 12:04:26,570 [06c35c3a-0415-431d-ae8b-027bb2658858@group-2F251E82CC3A-LeaderElection15] INFO  server.RaftServerConfigKeys (ConfUtils.java:logGet(46)) - raft.server.write.follower.gap.ratio.max = -1.0 (default)
2024-04-09 12:04:26,570 [06c35c3a-0415-431d-ae8b-027bb2658858@group-2F251E82CC3A-LeaderElection15] INFO  impl.RoleInfo (RoleInfo.java:updateAndGet(139)) - 06c35c3a-0415-431d-ae8b-027bb2658858: start 06c35c3a-0415-431d-ae8b-027bb2658858@group-2F251E82CC3A-LeaderStateImpl
2024-04-09 12:04:26,570 [06c35c3a-0415-431d-ae8b-027bb2658858@group-2F251E82CC3A-LeaderElection15] INFO  server.RaftServer$Division (RaftServerImpl.java:setFirstElection(574)) - 06c35c3a-0415-431d-ae8b-027bb2658858@group-2F251E82CC3A: set firstElectionSinceStartup to false for becomeLeader
2024-04-09 12:04:26,570 [06c35c3a-0415-431d-ae8b-027bb2658858@group-2F251E82CC3A-LeaderElection15] INFO  ratis.XceiverServerRatis (XceiverServerRatis.java:handleLeaderChangedNotification(966)) - Leader change notification received for group: group-2F251E82CC3A with new leaderId: 06c35c3a-0415-431d-ae8b-027bb2658858
2024-04-09 12:04:26,570 [06c35c3a-0415-431d-ae8b-027bb2658858@group-2F251E82CC3A-LeaderElection15] INFO  server.RaftServer$Division (ServerState.java:setLeader(269)) - 06c35c3a-0415-431d-ae8b-027bb2658858@group-2F251E82CC3A: change Leader from null to 06c35c3a-0415-431d-ae8b-027bb2658858 at term 1 for becomeLeader, leader elected after 5216ms
2024-04-09 12:04:26,570 [06c35c3a-0415-431d-ae8b-027bb2658858@group-2F251E82CC3A-LeaderElection15] INFO  segmented.SegmentedRaftLogWorker (SegmentedRaftLogWorker.java:startLogSegment(430)) - 06c35c3a-0415-431d-ae8b-027bb2658858@group-2F251E82CC3A-SegmentedRaftLogWorker: Starting segment from index:0
2024-04-09 12:04:26,571 [06c35c3a-0415-431d-ae8b-027bb2658858@group-2F251E82CC3A-SegmentedRaftLogWorker] INFO  segmented.BufferedWriteChannel (BufferedWriteChannel.java:open(62)) - open log_inprogress_0 at position 0
2024-04-09 12:04:26,571 [06c35c3a-0415-431d-ae8b-027bb2658858@group-2F251E82CC3A-LeaderElection15] INFO  server.RaftServer$Division (ServerState.java:setRaftConf(386)) - 06c35c3a-0415-431d-ae8b-027bb2658858@group-2F251E82CC3A: set configuration 0: peers:[06c35c3a-0415-431d-ae8b-027bb2658858|10.1.0.103:15076]|listeners:[], old=null
2024-04-09 12:04:26,577 [06c35c3a-0415-431d-ae8b-027bb2658858@group-2F251E82CC3A-SegmentedRaftLogWorker] INFO  segmented.SegmentedRaftLogWorker (SegmentedRaftLogWorker.java:execute(634)) - 06c35c3a-0415-431d-ae8b-027bb2658858@group-2F251E82CC3A-SegmentedRaftLogWorker: created new log segment /home/runner/work/ozone/ozone/hadoop-ozone/integration-test/target/test-dir/MiniOzoneClusterImpl-00066f73-fe04-48fd-9c2f-afd3971143fc/ozone-meta/datanode-2/ratis/113b9240-f15f-4727-894e-2f251e82cc3a/current/log_inprogress_0
2024-04-09 12:04:26,579 [06c35c3a-0415-431d-ae8b-027bb2658858@group-2F251E82CC3A-StateMachineUpdater] INFO  server.RaftServer$Division (LeaderStateImpl.java:isApplied(320)) - leader is ready since appliedIndex == 0 >= startIndex == 0
2024-04-09 12:04:26,589 [main] INFO  ozone.MiniOzoneClusterImpl (MiniOzoneClusterImpl.java:lambda$waitForClusterToBeReady$0(194)) - Nodes are ready. Got 5 of 5 DN Heartbeats.
2024-04-09 12:04:26,589 [main] INFO  ozone.MiniOzoneClusterImpl (MiniOzoneClusterImpl.java:lambda$waitForClusterToBeReady$0(197)) - Cluster exits safe mode
2024-04-09 12:04:26,589 [main] INFO  ozone.MiniOzoneClusterImpl (MiniOzoneClusterImpl.java:lambda$waitForClusterToBeReady$0(199)) - SCM became leader
2024-04-09 12:04:26,591 [main] INFO  protocolPB.OmTransportFactory (OmTransportFactory.java:createFactory(62)) - Loading OM transport implementation org.apache.hadoop.ozone.om.protocolPB.Hadoop3OmTransportFactory as specified by configuration.
2024-04-09 12:04:26,597 [main] INFO  rpc.RpcClient (RpcClient.java:createVolume(464)) - Creating Volume: testblockoutputstream, with runner as owner and space quota set to -1 bytes, counts quota set to -1
2024-04-09 12:04:26,604 [om1-OMStateMachineApplyTransactionThread - 0] INFO  volume.OMVolumeCreateRequest (OMVolumeCreateRequest.java:validateAndUpdateCache(198)) - created volume:testblockoutputstream for user:runner
2024-04-09 12:04:26,607 [main] INFO  rpc.RpcClient (RpcClient.java:createBucket(690)) - Creating Bucket: testblockoutputstream/testblockoutputstream, with server-side default bucket layout, runner as owner, Versioning false, Storage Type set to DISK and Encryption set to false, Replication Type set to server-side default replication type, Namespace Quota set to -1, Space Quota set to -1 
2024-04-09 12:04:26,609 [om1-OMStateMachineApplyTransactionThread - 0] INFO  bucket.OMBucketCreateRequest (OMBucketCreateRequest.java:validateAndUpdateCache(293)) - created bucket: testblockoutputstream of layout FILE_SYSTEM_OPTIMIZED in volume: testblockoutputstream
2024-04-09 12:04:26,615 [IPC Server handler 1 on default port 15053] INFO  ha.SequenceIdGenerator (SequenceIdGenerator.java:getNextId(145)) - Allocate a batch for containerId, change lastId from 0 to 1000.
2024-04-09 12:04:26,648 [7127763e-d356-4593-86a2-312e14def563@group-23D0993EFF82-FollowerState] INFO  impl.FollowerState (FollowerState.java:run(143)) - 7127763e-d356-4593-86a2-312e14def563@group-23D0993EFF82-FollowerState: change to CANDIDATE, lastRpcElapsedTime:5093724088ns, electionTimeout:5092ms
2024-04-09 12:04:26,648 [7127763e-d356-4593-86a2-312e14def563@group-23D0993EFF82-FollowerState] INFO  impl.RoleInfo (RoleInfo.java:shutdownFollowerState(110)) - 7127763e-d356-4593-86a2-312e14def563: shutdown 7127763e-d356-4593-86a2-312e14def563@group-23D0993EFF82-FollowerState
2024-04-09 12:04:26,648 [7127763e-d356-4593-86a2-312e14def563@group-23D0993EFF82-FollowerState] INFO  server.RaftServer$Division (RaftServerImpl.java:setRole(383)) - 7127763e-d356-4593-86a2-312e14def563@group-23D0993EFF82: changes role from  FOLLOWER to CANDIDATE at term 0 for changeToCandidate
2024-04-09 12:04:26,648 [7127763e-d356-4593-86a2-312e14def563@group-23D0993EFF82-FollowerState] INFO  server.RaftServerConfigKeys (ConfUtils.java:logGet(46)) - raft.server.leaderelection.pre-vote = true (default)
2024-04-09 12:04:26,648 [7127763e-d356-4593-86a2-312e14def563@group-23D0993EFF82-FollowerState] INFO  impl.RoleInfo (RoleInfo.java:updateAndGet(139)) - 7127763e-d356-4593-86a2-312e14def563: start 7127763e-d356-4593-86a2-312e14def563@group-23D0993EFF82-LeaderElection16
2024-04-09 12:04:26,649 [7127763e-d356-4593-86a2-312e14def563@group-23D0993EFF82-LeaderElection16] INFO  impl.LeaderElection (LeaderElection.java:askForVotes(321)) - 7127763e-d356-4593-86a2-312e14def563@group-23D0993EFF82-LeaderElection16 PRE_VOTE round 0: submit vote requests at term 0 for -1: peers:[7127763e-d356-4593-86a2-312e14def563|10.1.0.103:15094]|listeners:[], old=null
2024-04-09 12:04:26,652 [7127763e-d356-4593-86a2-312e14def563@group-23D0993EFF82-LeaderElection16] INFO  impl.LeaderElection (LeaderElection.java:askForVotes(323)) - 7127763e-d356-4593-86a2-312e14def563@group-23D0993EFF82-LeaderElection16 PRE_VOTE round 0: result PASSED (term=0)
2024-04-09 12:04:26,656 [47f2b6e5-7d1c-4a61-9d74-1b86fd130309-ChunkWriter-3-0] WARN  helpers.ChunkUtils (ChunkUtils.java:validateChunkForOverwrite(317)) - Duplicate write chunk request. Chunk overwrite without explicit request. ChunkInfo{chunkName='112241165377011715.data.0, offset=0, len=1048576}
2024-04-09 12:04:26,676 [c0a63e6c-c246-4c4b-b9bd-48fbdf84331c@group-2C2C502A59F8-FollowerState] INFO  impl.FollowerState (FollowerState.java:run(143)) - c0a63e6c-c246-4c4b-b9bd-48fbdf84331c@group-2C2C502A59F8-FollowerState: change to CANDIDATE, lastRpcElapsedTime:5187389388ns, electionTimeout:5186ms
2024-04-09 12:04:26,676 [c0a63e6c-c246-4c4b-b9bd-48fbdf84331c@group-2C2C502A59F8-FollowerState] INFO  impl.RoleInfo (RoleInfo.java:shutdownFollowerState(110)) - c0a63e6c-c246-4c4b-b9bd-48fbdf84331c: shutdown c0a63e6c-c246-4c4b-b9bd-48fbdf84331c@group-2C2C502A59F8-FollowerState
2024-04-09 12:04:26,676 [c0a63e6c-c246-4c4b-b9bd-48fbdf84331c@group-2C2C502A59F8-FollowerState] INFO  server.RaftServer$Division (RaftServerImpl.java:setRole(383)) - c0a63e6c-c246-4c4b-b9bd-48fbdf84331c@group-2C2C502A59F8: changes role from  FOLLOWER to CANDIDATE at term 0 for changeToCandidate
2024-04-09 12:04:26,681 [c0a63e6c-c246-4c4b-b9bd-48fbdf84331c@group-2C2C502A59F8-FollowerState] INFO  server.RaftServerConfigKeys (ConfUtils.java:logGet(46)) - raft.server.leaderelection.pre-vote = true (default)
2024-04-09 12:04:26,682 [c0a63e6c-c246-4c4b-b9bd-48fbdf84331c@group-2C2C502A59F8-FollowerState] INFO  impl.RoleInfo (RoleInfo.java:updateAndGet(139)) - c0a63e6c-c246-4c4b-b9bd-48fbdf84331c: start c0a63e6c-c246-4c4b-b9bd-48fbdf84331c@group-2C2C502A59F8-LeaderElection17
2024-04-09 12:04:26,681 [7127763e-d356-4593-86a2-312e14def563@group-23D0993EFF82-LeaderElection16] INFO  impl.LeaderElection (LeaderElection.java:askForVotes(321)) - 7127763e-d356-4593-86a2-312e14def563@group-23D0993EFF82-LeaderElection16 ELECTION round 0: submit vote requests at term 1 for -1: peers:[7127763e-d356-4593-86a2-312e14def563|10.1.0.103:15094]|listeners:[], old=null
2024-04-09 12:04:26,680 [06c35c3a-0415-431d-ae8b-027bb2658858@group-2C2C502A59F8-FollowerState] INFO  server.RaftServerConfigKeys (ConfUtils.java:logFallback(53)) - raft.server.rpc.first-election.timeout.min = 5s (fallback to raft.server.rpc.timeout.min)
2024-04-09 12:04:26,683 [06c35c3a-0415-431d-ae8b-027bb2658858@group-2C2C502A59F8-FollowerState] INFO  server.RaftServerConfigKeys (ConfUtils.java:logFallback(53)) - raft.server.rpc.first-election.timeout.max = 5200ms (fallback to raft.server.rpc.timeout.max)
2024-04-09 12:04:26,683 [7127763e-d356-4593-86a2-312e14def563@group-23D0993EFF82-LeaderElection16] INFO  impl.LeaderElection (LeaderElection.java:askForVotes(323)) - 7127763e-d356-4593-86a2-312e14def563@group-23D0993EFF82-LeaderElection16 ELECTION round 0: result PASSED (term=1)
2024-04-09 12:04:26,683 [7127763e-d356-4593-86a2-312e14def563@group-23D0993EFF82-LeaderElection16] INFO  impl.RoleInfo (RoleInfo.java:shutdownLeaderElection(130)) - 7127763e-d356-4593-86a2-312e14def563: shutdown 7127763e-d356-4593-86a2-312e14def563@group-23D0993EFF82-LeaderElection16
2024-04-09 12:04:26,683 [7127763e-d356-4593-86a2-312e14def563@group-23D0993EFF82-LeaderElection16] INFO  server.RaftServer$Division (RaftServerImpl.java:setRole(383)) - 7127763e-d356-4593-86a2-312e14def563@group-23D0993EFF82: changes role from CANDIDATE to LEADER at term 1 for changeToLeader
2024-04-09 12:04:26,683 [7127763e-d356-4593-86a2-312e14def563@group-23D0993EFF82-LeaderElection16] INFO  server.RaftServerConfigKeys (ConfUtils.java:logGet(46)) - raft.server.staging.catchup.gap = 1000 (default)
2024-04-09 12:04:26,684 [7127763e-d356-4593-86a2-312e14def563@group-23D0993EFF82-LeaderElection16] INFO  server.RaftServerConfigKeys (ConfUtils.java:logGet(46)) - raft.server.write.element-limit = 1024 (custom)
2024-04-09 12:04:26,684 [7127763e-d356-4593-86a2-312e14def563@group-23D0993EFF82-LeaderElection16] INFO  server.RaftServerConfigKeys (ConfUtils.java:logGet(46)) - raft.server.write.byte-limit = 1024 M (=1073741824) (custom)
2024-04-09 12:04:26,685 [7127763e-d356-4593-86a2-312e14def563@group-23D0993EFF82-LeaderElection16] INFO  server.RaftServerConfigKeys (ConfUtils.java:logGet(46)) - raft.server.watch.timeout = 3000ms (custom)
2024-04-09 12:04:26,685 [7127763e-d356-4593-86a2-312e14def563@group-23D0993EFF82-LeaderElection16] INFO  server.RaftServerConfigKeys (ConfUtils.java:logGet(46)) - raft.server.watch.timeout.denomination = 1s (default)
2024-04-09 12:04:26,685 [7127763e-d356-4593-86a2-312e14def563@group-23D0993EFF82-LeaderElection16] INFO  server.RaftServerConfigKeys (ConfUtils.java:logGet(46)) - raft.server.watch.element-limit = 65536 (default)
2024-04-09 12:04:26,685 [7127763e-d356-4593-86a2-312e14def563@group-23D0993EFF82-LeaderElection16] INFO  server.RaftServerConfigKeys (ConfUtils.java:logGet(46)) - raft.server.read.leader.lease.enabled = false (default)
2024-04-09 12:04:26,685 [7127763e-d356-4593-86a2-312e14def563@group-23D0993EFF82-LeaderElection16] INFO  server.RaftServerConfigKeys (ConfUtils.java:logGet(46)) - raft.server.read.leader.lease.timeout.ratio = 0.9 (default)
2024-04-09 12:04:26,685 [7127763e-d356-4593-86a2-312e14def563@group-23D0993EFF82-LeaderElection16] INFO  server.RaftServerConfigKeys (ConfUtils.java:logGet(46)) - raft.server.rpc.timeout.min = 5s (custom)
2024-04-09 12:04:26,686 [7127763e-d356-4593-86a2-312e14def563@group-23D0993EFF82-LeaderElection16] INFO  server.RaftServerConfigKeys (ConfUtils.java:logGet(46)) - raft.server.write.element-limit = 1024 (custom)
2024-04-09 12:04:26,686 [7127763e-d356-4593-86a2-312e14def563@group-23D0993EFF82-LeaderElection16] INFO  server.RaftServerConfigKeys (ConfUtils.java:logGet(46)) - raft.server.write.follower.gap.ratio.max = -1.0 (default)
2024-04-09 12:04:26,686 [7127763e-d356-4593-86a2-312e14def563@group-23D0993EFF82-LeaderElection16] INFO  impl.RoleInfo (RoleInfo.java:updateAndGet(139)) - 7127763e-d356-4593-86a2-312e14def563: start 7127763e-d356-4593-86a2-312e14def563@group-23D0993EFF82-LeaderStateImpl
2024-04-09 12:04:26,686 [7127763e-d356-4593-86a2-312e14def563@group-23D0993EFF82-LeaderElection16] INFO  server.RaftServer$Division (RaftServerImpl.java:setFirstElection(574)) - 7127763e-d356-4593-86a2-312e14def563@group-23D0993EFF82: set firstElectionSinceStartup to false for becomeLeader
2024-04-09 12:04:26,686 [7127763e-d356-4593-86a2-312e14def563@group-23D0993EFF82-LeaderElection16] INFO  ratis.XceiverServerRatis (XceiverServerRatis.java:handleLeaderChangedNotification(966)) - Leader change notification received for group: group-23D0993EFF82 with new leaderId: 7127763e-d356-4593-86a2-312e14def563
2024-04-09 12:04:26,687 [7127763e-d356-4593-86a2-312e14def563@group-23D0993EFF82-LeaderElection16] INFO  server.RaftServer$Division (ServerState.java:setLeader(269)) - 7127763e-d356-4593-86a2-312e14def563@group-23D0993EFF82: change Leader from null to 7127763e-d356-4593-86a2-312e14def563 at term 1 for becomeLeader, leader elected after 5156ms
2024-04-09 12:04:26,687 [06c35c3a-0415-431d-ae8b-027bb2658858-ChunkWriter-3-0] WARN  helpers.ChunkUtils (ChunkUtils.java:validateChunkForOverwrite(317)) - Duplicate write chunk request. Chunk overwrite without explicit request. ChunkInfo{chunkName='112241165377011715.data.0, offset=0, len=1048576}
2024-04-09 12:04:26,687 [7127763e-d356-4593-86a2-312e14def563@group-23D0993EFF82-LeaderElection16] INFO  segmented.SegmentedRaftLogWorker (SegmentedRaftLogWorker.java:startLogSegment(430)) - 7127763e-d356-4593-86a2-312e14def563@group-23D0993EFF82-SegmentedRaftLogWorker: Starting segment from index:0
2024-04-09 12:04:26,688 [7127763e-d356-4593-86a2-312e14def563@group-23D0993EFF82-SegmentedRaftLogWorker] INFO  segmented.BufferedWriteChannel (BufferedWriteChannel.java:open(62)) - open log_inprogress_0 at position 0
2024-04-09 12:04:26,696 [7127763e-d356-4593-86a2-312e14def563@group-23D0993EFF82-SegmentedRaftLogWorker] INFO  segmented.SegmentedRaftLogWorker (SegmentedRaftLogWorker.java:execute(634)) - 7127763e-d356-4593-86a2-312e14def563@group-23D0993EFF82-SegmentedRaftLogWorker: created new log segment /home/runner/work/ozone/ozone/hadoop-ozone/integration-test/target/test-dir/MiniOzoneClusterImpl-00066f73-fe04-48fd-9c2f-afd3971143fc/ozone-meta/datanode-4/ratis/ea4d43ee-388a-49ba-8592-23d0993eff82/current/log_inprogress_0
2024-04-09 12:04:26,696 [c0a63e6c-c246-4c4b-b9bd-48fbdf84331c-ChunkWriter-3-0] WARN  helpers.ChunkUtils (ChunkUtils.java:validateChunkForOverwrite(317)) - Duplicate write chunk request. Chunk overwrite without explicit request. ChunkInfo{chunkName='112241165377011715.data.0, offset=0, len=1048576}
2024-04-09 12:04:26,697 [c0a63e6c-c246-4c4b-b9bd-48fbdf84331c@group-2C2C502A59F8-LeaderElection17] INFO  impl.LeaderElection (LeaderElection.java:askForVotes(321)) - c0a63e6c-c246-4c4b-b9bd-48fbdf84331c@group-2C2C502A59F8-LeaderElection17 PRE_VOTE round 0: submit vote requests at term 0 for -1: peers:[47f2b6e5-7d1c-4a61-9d74-1b86fd130309|10.1.0.103:15067, 06c35c3a-0415-431d-ae8b-027bb2658858|10.1.0.103:15076, c0a63e6c-c246-4c4b-b9bd-48fbdf84331c|10.1.0.103:15085]|listeners:[], old=null
2024-04-09 12:04:26,697 [7127763e-d356-4593-86a2-312e14def563@group-23D0993EFF82-LeaderElection16] INFO  server.RaftServer$Division (ServerState.java:setRaftConf(386)) - 7127763e-d356-4593-86a2-312e14def563@group-23D0993EFF82: set configuration 0: peers:[7127763e-d356-4593-86a2-312e14def563|10.1.0.103:15094]|listeners:[], old=null
2024-04-09 12:04:26,699 [c0a63e6c-c246-4c4b-b9bd-48fbdf84331c@group-2C2C502A59F8-LeaderElection17-1] INFO  server.GrpcServerProtocolClient (GrpcServerProtocolClient.java:<init>(65)) - Build channel for 47f2b6e5-7d1c-4a61-9d74-1b86fd130309|10.1.0.103:15067
2024-04-09 12:04:26,704 [c0a63e6c-c246-4c4b-b9bd-48fbdf84331c@group-2C2C502A59F8-LeaderElection17] INFO  server.RaftServerConfigKeys (ConfUtils.java:logFallback(53)) - raft.server.rpc.first-election.timeout.min = 5s (fallback to raft.server.rpc.timeout.min)
2024-04-09 12:04:26,704 [c0a63e6c-c246-4c4b-b9bd-48fbdf84331c@group-2C2C502A59F8-LeaderElection17] INFO  server.RaftServerConfigKeys (ConfUtils.java:logFallback(53)) - raft.server.rpc.first-election.timeout.max = 5200ms (fallback to raft.server.rpc.timeout.max)
2024-04-09 12:04:26,704 [c0a63e6c-c246-4c4b-b9bd-48fbdf84331c@group-2C2C502A59F8-LeaderElection17-2] INFO  server.GrpcServerProtocolClient (GrpcServerProtocolClient.java:<init>(65)) - Build channel for 06c35c3a-0415-431d-ae8b-027bb2658858|10.1.0.103:15076
2024-04-09 12:04:26,713 [7127763e-d356-4593-86a2-312e14def563@group-23D0993EFF82-StateMachineUpdater] INFO  server.RaftServer$Division (LeaderStateImpl.java:isApplied(320)) - leader is ready since appliedIndex == 0 >= startIndex == 0
2024-04-09 12:04:26,717 [grpc-default-executor-1] INFO  server.RaftServer$Division (RaftServerImpl.java:requestVote(1389)) - 06c35c3a-0415-431d-ae8b-027bb2658858@group-2C2C502A59F8: receive requestVote(PRE_VOTE, c0a63e6c-c246-4c4b-b9bd-48fbdf84331c, group-2C2C502A59F8, 0, (t:0, i:0))
2024-04-09 12:04:26,717 [grpc-default-executor-0] INFO  server.RaftServer$Division (RaftServerImpl.java:requestVote(1389)) - 47f2b6e5-7d1c-4a61-9d74-1b86fd130309@group-2C2C502A59F8: receive requestVote(PRE_VOTE, c0a63e6c-c246-4c4b-b9bd-48fbdf84331c, group-2C2C502A59F8, 0, (t:0, i:0))
2024-04-09 12:04:26,717 [grpc-default-executor-0] INFO  impl.VoteContext (VoteContext.java:log(49)) - 47f2b6e5-7d1c-4a61-9d74-1b86fd130309@group-2C2C502A59F8-FOLLOWER: accept PRE_VOTE from c0a63e6c-c246-4c4b-b9bd-48fbdf84331c: our priority 0 <= candidate's priority 1
2024-04-09 12:04:26,717 [grpc-default-executor-0] INFO  server.RaftServer$Division (RaftServerImpl.java:requestVote(1422)) - 47f2b6e5-7d1c-4a61-9d74-1b86fd130309@group-2C2C502A59F8 replies to PRE_VOTE vote request: c0a63e6c-c246-4c4b-b9bd-48fbdf84331c<-47f2b6e5-7d1c-4a61-9d74-1b86fd130309#0:OK-t0. Peer's state: 47f2b6e5-7d1c-4a61-9d74-1b86fd130309@group-2C2C502A59F8:t0, leader=null, voted=, raftlog=Memoized:47f2b6e5-7d1c-4a61-9d74-1b86fd130309@group-2C2C502A59F8-SegmentedRaftLog:OPENED:c-1, conf=-1: peers:[47f2b6e5-7d1c-4a61-9d74-1b86fd130309|10.1.0.103:15067, 06c35c3a-0415-431d-ae8b-027bb2658858|10.1.0.103:15076, c0a63e6c-c246-4c4b-b9bd-48fbdf84331c|10.1.0.103:15085]|listeners:[], old=null
2024-04-09 12:04:26,720 [grpc-default-executor-1] INFO  impl.VoteContext (VoteContext.java:log(49)) - 06c35c3a-0415-431d-ae8b-027bb2658858@group-2C2C502A59F8-FOLLOWER: accept PRE_VOTE from c0a63e6c-c246-4c4b-b9bd-48fbdf84331c: our priority 0 <= candidate's priority 1
2024-04-09 12:04:26,720 [grpc-default-executor-1] INFO  server.RaftServer$Division (RaftServerImpl.java:requestVote(1422)) - 06c35c3a-0415-431d-ae8b-027bb2658858@group-2C2C502A59F8 replies to PRE_VOTE vote request: c0a63e6c-c246-4c4b-b9bd-48fbdf84331c<-06c35c3a-0415-431d-ae8b-027bb2658858#0:OK-t0. Peer's state: 06c35c3a-0415-431d-ae8b-027bb2658858@group-2C2C502A59F8:t0, leader=null, voted=, raftlog=Memoized:06c35c3a-0415-431d-ae8b-027bb2658858@group-2C2C502A59F8-SegmentedRaftLog:OPENED:c-1, conf=-1: peers:[47f2b6e5-7d1c-4a61-9d74-1b86fd130309|10.1.0.103:15067, 06c35c3a-0415-431d-ae8b-027bb2658858|10.1.0.103:15076, c0a63e6c-c246-4c4b-b9bd-48fbdf84331c|10.1.0.103:15085]|listeners:[], old=null
2024-04-09 12:04:26,721 [c0a63e6c-c246-4c4b-b9bd-48fbdf84331c@group-2C2C502A59F8-LeaderElection17] INFO  impl.LeaderElection (LeaderElection.java:logAndReturn(89)) - c0a63e6c-c246-4c4b-b9bd-48fbdf84331c@group-2C2C502A59F8-LeaderElection17: PRE_VOTE PASSED received 1 response(s) and 0 exception(s):
2024-04-09 12:04:26,721 [c0a63e6c-c246-4c4b-b9bd-48fbdf84331c@group-2C2C502A59F8-LeaderElection17] INFO  impl.LeaderElection (LeaderElection.java:logAndReturn(93)) -   Response 0: c0a63e6c-c246-4c4b-b9bd-48fbdf84331c<-47f2b6e5-7d1c-4a61-9d74-1b86fd130309#0:OK-t0
2024-04-09 12:04:26,721 [c0a63e6c-c246-4c4b-b9bd-48fbdf84331c@group-2C2C502A59F8-LeaderElection17] INFO  impl.LeaderElection (LeaderElection.java:askForVotes(323)) - c0a63e6c-c246-4c4b-b9bd-48fbdf84331c@group-2C2C502A59F8-LeaderElection17 PRE_VOTE round 0: result PASSED
2024-04-09 12:04:26,722 [c0a63e6c-c246-4c4b-b9bd-48fbdf84331c@group-2C2C502A59F8-LeaderElection17] INFO  impl.LeaderElection (LeaderElection.java:askForVotes(321)) - c0a63e6c-c246-4c4b-b9bd-48fbdf84331c@group-2C2C502A59F8-LeaderElection17 ELECTION round 0: submit vote requests at term 1 for -1: peers:[47f2b6e5-7d1c-4a61-9d74-1b86fd130309|10.1.0.103:15067, 06c35c3a-0415-431d-ae8b-027bb2658858|10.1.0.103:15076, c0a63e6c-c246-4c4b-b9bd-48fbdf84331c|10.1.0.103:15085]|listeners:[], old=null
2024-04-09 12:04:26,723 [grpc-default-executor-3] INFO  server.RaftServer$Division (RaftServerImpl.java:requestVote(1389)) - 47f2b6e5-7d1c-4a61-9d74-1b86fd130309@group-2C2C502A59F8: receive requestVote(ELECTION, c0a63e6c-c246-4c4b-b9bd-48fbdf84331c, group-2C2C502A59F8, 1, (t:0, i:0))
2024-04-09 12:04:26,724 [grpc-default-executor-3] INFO  impl.VoteContext (VoteContext.java:log(49)) - 47f2b6e5-7d1c-4a61-9d74-1b86fd130309@group-2C2C502A59F8-FOLLOWER: accept ELECTION from c0a63e6c-c246-4c4b-b9bd-48fbdf84331c: our priority 0 <= candidate's priority 1
2024-04-09 12:04:26,724 [grpc-default-executor-3] INFO  server.RaftServer$Division (RaftServerImpl.java:setRole(383)) - 47f2b6e5-7d1c-4a61-9d74-1b86fd130309@group-2C2C502A59F8: changes role from  FOLLOWER to FOLLOWER at term 1 for candidate:c0a63e6c-c246-4c4b-b9bd-48fbdf84331c
2024-04-09 12:04:26,724 [grpc-default-executor-3] INFO  impl.RoleInfo (RoleInfo.java:shutdownFollowerState(110)) - 47f2b6e5-7d1c-4a61-9d74-1b86fd130309: shutdown 47f2b6e5-7d1c-4a61-9d74-1b86fd130309@group-2C2C502A59F8-FollowerState
2024-04-09 12:04:26,725 [c0a63e6c-c246-4c4b-b9bd-48fbdf84331c@group-2C2C502A59F8-LeaderElection17] INFO  server.RaftServerConfigKeys (ConfUtils.java:logFallback(53)) - raft.server.rpc.first-election.timeout.min = 5s (fallback to raft.server.rpc.timeout.min)
2024-04-09 12:04:26,725 [c0a63e6c-c246-4c4b-b9bd-48fbdf84331c@group-2C2C502A59F8-LeaderElection17] INFO  server.RaftServerConfigKeys (ConfUtils.java:logFallback(53)) - raft.server.rpc.first-election.timeout.max = 5200ms (fallback to raft.server.rpc.timeout.max)
2024-04-09 12:04:26,725 [grpc-default-executor-3] INFO  impl.RoleInfo (RoleInfo.java:updateAndGet(139)) - 47f2b6e5-7d1c-4a61-9d74-1b86fd130309: start 47f2b6e5-7d1c-4a61-9d74-1b86fd130309@group-2C2C502A59F8-FollowerState
2024-04-09 12:04:26,725 [47f2b6e5-7d1c-4a61-9d74-1b86fd130309@group-2C2C502A59F8-FollowerState] INFO  impl.FollowerState (FollowerState.java:run(152)) - 47f2b6e5-7d1c-4a61-9d74-1b86fd130309@group-2C2C502A59F8-FollowerState was interrupted
2024-04-09 12:04:26,729 [grpc-default-executor-2] INFO  server.RaftServer$Division (RaftServerImpl.java:requestVote(1389)) - 06c35c3a-0415-431d-ae8b-027bb2658858@group-2C2C502A59F8: receive requestVote(ELECTION, c0a63e6c-c246-4c4b-b9bd-48fbdf84331c, group-2C2C502A59F8, 1, (t:0, i:0))
2024-04-09 12:04:26,729 [grpc-default-executor-2] INFO  impl.VoteContext (VoteContext.java:log(49)) - 06c35c3a-0415-431d-ae8b-027bb2658858@group-2C2C502A59F8-FOLLOWER: accept ELECTION from c0a63e6c-c246-4c4b-b9bd-48fbdf84331c: our priority 0 <= candidate's priority 1
2024-04-09 12:04:26,729 [grpc-default-executor-2] INFO  server.RaftServer$Division (RaftServerImpl.java:setRole(383)) - 06c35c3a-0415-431d-ae8b-027bb2658858@group-2C2C502A59F8: changes role from  FOLLOWER to FOLLOWER at term 1 for candidate:c0a63e6c-c246-4c4b-b9bd-48fbdf84331c
2024-04-09 12:04:26,729 [grpc-default-executor-2] INFO  impl.RoleInfo (RoleInfo.java:shutdownFollowerState(110)) - 06c35c3a-0415-431d-ae8b-027bb2658858: shutdown 06c35c3a-0415-431d-ae8b-027bb2658858@group-2C2C502A59F8-FollowerState
2024-04-09 12:04:26,729 [grpc-default-executor-2] INFO  impl.RoleInfo (RoleInfo.java:updateAndGet(139)) - 06c35c3a-0415-431d-ae8b-027bb2658858: start 06c35c3a-0415-431d-ae8b-027bb2658858@group-2C2C502A59F8-FollowerState
2024-04-09 12:04:26,730 [06c35c3a-0415-431d-ae8b-027bb2658858@group-2C2C502A59F8-FollowerState] INFO  impl.FollowerState (FollowerState.java:run(152)) - 06c35c3a-0415-431d-ae8b-027bb2658858@group-2C2C502A59F8-FollowerState was interrupted
2024-04-09 12:04:26,730 [grpc-default-executor-2] INFO  server.RaftServer$Division (RaftServerImpl.java:setFirstElection(574)) - 06c35c3a-0415-431d-ae8b-027bb2658858@group-2C2C502A59F8: set firstElectionSinceStartup to false for candidate:c0a63e6c-c246-4c4b-b9bd-48fbdf84331c
2024-04-09 12:04:26,730 [grpc-default-executor-3] INFO  server.RaftServer$Division (RaftServerImpl.java:requestVote(1422)) - 47f2b6e5-7d1c-4a61-9d74-1b86fd130309@group-2C2C502A59F8 replies to ELECTION vote request: c0a63e6c-c246-4c4b-b9bd-48fbdf84331c<-47f2b6e5-7d1c-4a61-9d74-1b86fd130309#0:OK-t1. Peer's state: 47f2b6e5-7d1c-4a61-9d74-1b86fd130309@group-2C2C502A59F8:t1, leader=null, voted=c0a63e6c-c246-4c4b-b9bd-48fbdf84331c, raftlog=Memoized:47f2b6e5-7d1c-4a61-9d74-1b86fd130309@group-2C2C502A59F8-SegmentedRaftLog:OPENED:c-1, conf=-1: peers:[47f2b6e5-7d1c-4a61-9d74-1b86fd130309|10.1.0.103:15067, 06c35c3a-0415-431d-ae8b-027bb2658858|10.1.0.103:15076, c0a63e6c-c246-4c4b-b9bd-48fbdf84331c|10.1.0.103:15085]|listeners:[], old=null
2024-04-09 12:04:26,731 [grpc-default-executor-2] INFO  server.RaftServer$Division (RaftServerImpl.java:requestVote(1422)) - 06c35c3a-0415-431d-ae8b-027bb2658858@group-2C2C502A59F8 replies to ELECTION vote request: c0a63e6c-c246-4c4b-b9bd-48fbdf84331c<-06c35c3a-0415-431d-ae8b-027bb2658858#0:OK-t1. Peer's state: 06c35c3a-0415-431d-ae8b-027bb2658858@group-2C2C502A59F8:t1, leader=null, voted=c0a63e6c-c246-4c4b-b9bd-48fbdf84331c, raftlog=Memoized:06c35c3a-0415-431d-ae8b-027bb2658858@group-2C2C502A59F8-SegmentedRaftLog:OPENED:c-1, conf=-1: peers:[47f2b6e5-7d1c-4a61-9d74-1b86fd130309|10.1.0.103:15067, 06c35c3a-0415-431d-ae8b-027bb2658858|10.1.0.103:15076, c0a63e6c-c246-4c4b-b9bd-48fbdf84331c|10.1.0.103:15085]|listeners:[], old=null
2024-04-09 12:04:26,731 [c0a63e6c-c246-4c4b-b9bd-48fbdf84331c@group-2C2C502A59F8-LeaderElection17] INFO  impl.LeaderElection (LeaderElection.java:logAndReturn(89)) - c0a63e6c-c246-4c4b-b9bd-48fbdf84331c@group-2C2C502A59F8-LeaderElection17: ELECTION PASSED received 1 response(s) and 0 exception(s):
2024-04-09 12:04:26,731 [c0a63e6c-c246-4c4b-b9bd-48fbdf84331c@group-2C2C502A59F8-LeaderElection17] INFO  impl.LeaderElection (LeaderElection.java:logAndReturn(93)) -   Response 0: c0a63e6c-c246-4c4b-b9bd-48fbdf84331c<-47f2b6e5-7d1c-4a61-9d74-1b86fd130309#0:OK-t1
2024-04-09 12:04:26,731 [c0a63e6c-c246-4c4b-b9bd-48fbdf84331c@group-2C2C502A59F8-LeaderElection17] INFO  impl.LeaderElection (LeaderElection.java:askForVotes(323)) - c0a63e6c-c246-4c4b-b9bd-48fbdf84331c@group-2C2C502A59F8-LeaderElection17 ELECTION round 0: result PASSED
2024-04-09 12:04:26,731 [c0a63e6c-c246-4c4b-b9bd-48fbdf84331c@group-2C2C502A59F8-LeaderElection17] INFO  impl.RoleInfo (RoleInfo.java:shutdownLeaderElection(130)) - c0a63e6c-c246-4c4b-b9bd-48fbdf84331c: shutdown c0a63e6c-c246-4c4b-b9bd-48fbdf84331c@group-2C2C502A59F8-LeaderElection17
2024-04-09 12:04:26,731 [c0a63e6c-c246-4c4b-b9bd-48fbdf84331c@group-2C2C502A59F8-LeaderElection17] INFO  server.RaftServer$Division (RaftServerImpl.java:setRole(383)) - c0a63e6c-c246-4c4b-b9bd-48fbdf84331c@group-2C2C502A59F8: changes role from CANDIDATE to LEADER at term 1 for changeToLeader
2024-04-09 12:04:26,732 [c0a63e6c-c246-4c4b-b9bd-48fbdf84331c@group-2C2C502A59F8-LeaderElection17] INFO  server.RaftServerConfigKeys (ConfUtils.java:logGet(46)) - raft.server.staging.catchup.gap = 1000 (default)
2024-04-09 12:04:26,732 [c0a63e6c-c246-4c4b-b9bd-48fbdf84331c@group-2C2C502A59F8-LeaderElection17] INFO  server.RaftServerConfigKeys (ConfUtils.java:logGet(46)) - raft.server.write.element-limit = 1024 (custom)
2024-04-09 12:04:26,732 [c0a63e6c-c246-4c4b-b9bd-48fbdf84331c@group-2C2C502A59F8-LeaderElection17] INFO  server.RaftServerConfigKeys (ConfUtils.java:logGet(46)) - raft.server.write.byte-limit = 1024 M (=1073741824) (custom)
2024-04-09 12:04:26,732 [c0a63e6c-c246-4c4b-b9bd-48fbdf84331c@group-2C2C502A59F8-LeaderElection17] INFO  server.RaftServerConfigKeys (ConfUtils.java:logGet(46)) - raft.server.watch.timeout = 3000ms (custom)
2024-04-09 12:04:26,732 [c0a63e6c-c246-4c4b-b9bd-48fbdf84331c@group-2C2C502A59F8-LeaderElection17] INFO  server.RaftServerConfigKeys (ConfUtils.java:logGet(46)) - raft.server.watch.timeout.denomination = 1s (default)
2024-04-09 12:04:26,732 [c0a63e6c-c246-4c4b-b9bd-48fbdf84331c@group-2C2C502A59F8-LeaderElection17] INFO  server.RaftServerConfigKeys (ConfUtils.java:logGet(46)) - raft.server.watch.element-limit = 65536 (default)
2024-04-09 12:04:26,732 [c0a63e6c-c246-4c4b-b9bd-48fbdf84331c@group-2C2C502A59F8-LeaderElection17] INFO  server.RaftServerConfigKeys (ConfUtils.java:logGet(46)) - raft.server.read.leader.lease.enabled = false (default)
2024-04-09 12:04:26,732 [c0a63e6c-c246-4c4b-b9bd-48fbdf84331c@group-2C2C502A59F8-LeaderElection17] INFO  server.RaftServerConfigKeys (ConfUtils.java:logGet(46)) - raft.server.read.leader.lease.timeout.ratio = 0.9 (default)
2024-04-09 12:04:26,733 [c0a63e6c-c246-4c4b-b9bd-48fbdf84331c@group-2C2C502A59F8-LeaderElection17] INFO  server.RaftServerConfigKeys (ConfUtils.java:logGet(46)) - raft.server.rpc.timeout.min = 5s (custom)
2024-04-09 12:04:26,733 [c0a63e6c-c246-4c4b-b9bd-48fbdf84331c@group-2C2C502A59F8-LeaderElection17] INFO  server.RaftServerConfigKeys (ConfUtils.java:logGet(46)) - raft.server.write.element-limit = 1024 (custom)
2024-04-09 12:04:26,733 [c0a63e6c-c246-4c4b-b9bd-48fbdf84331c@group-2C2C502A59F8-LeaderElection17] INFO  server.RaftServerConfigKeys (ConfUtils.java:logGet(46)) - raft.server.write.follower.gap.ratio.max = -1.0 (default)
2024-04-09 12:04:26,733 [c0a63e6c-c246-4c4b-b9bd-48fbdf84331c@group-2C2C502A59F8-LeaderElection17] INFO  server.RaftServerConfigKeys (ConfUtils.java:logGet(46)) - raft.server.log.appender.snapshot.chunk.size.max = 16MB (=16777216) (default)
2024-04-09 12:04:26,733 [c0a63e6c-c246-4c4b-b9bd-48fbdf84331c@group-2C2C502A59F8-LeaderElection17] INFO  server.RaftServerConfigKeys (ConfUtils.java:logGet(46)) - raft.server.log.appender.buffer.byte-limit = 8388608 (custom)
2024-04-09 12:04:26,733 [c0a63e6c-c246-4c4b-b9bd-48fbdf84331c@group-2C2C502A59F8-LeaderElection17] INFO  server.RaftServerConfigKeys (ConfUtils.java:logGet(46)) - raft.server.log.appender.buffer.element-limit = 1 (custom)
2024-04-09 12:04:26,733 [c0a63e6c-c246-4c4b-b9bd-48fbdf84331c@group-2C2C502A59F8-LeaderElection17] INFO  server.RaftServerConfigKeys (ConfUtils.java:logGet(46)) - raft.server.log.appender.wait-time.min = 0ms (custom)
2024-04-09 12:04:26,734 [c0a63e6c-c246-4c4b-b9bd-48fbdf84331c@group-2C2C502A59F8-LeaderElection17] INFO  grpc.GrpcConfigKeys (ConfUtils.java:logGet(46)) - raft.grpc.server.leader.outstanding.appends.max = 8 (default)
2024-04-09 12:04:26,735 [c0a63e6c-c246-4c4b-b9bd-48fbdf84331c@group-2C2C502A59F8-LeaderElection17] INFO  server.RaftServerConfigKeys (ConfUtils.java:logGet(46)) - raft.server.rpc.request.timeout = 3000ms (default)
2024-04-09 12:04:26,735 [c0a63e6c-c246-4c4b-b9bd-48fbdf84331c@group-2C2C502A59F8-LeaderElection17] INFO  grpc.GrpcConfigKeys (ConfUtils.java:logGet(46)) - raft.grpc.server.install_snapshot.request.element-limit = 8 (default)
2024-04-09 12:04:26,735 [c0a63e6c-c246-4c4b-b9bd-48fbdf84331c@group-2C2C502A59F8-LeaderElection17] INFO  grpc.GrpcConfigKeys (ConfUtils.java:logGet(46)) - raft.grpc.server.install_snapshot.request.timeout = 3000ms (default)
2024-04-09 12:04:26,735 [c0a63e6c-c246-4c4b-b9bd-48fbdf84331c@group-2C2C502A59F8-LeaderElection17] INFO  grpc.GrpcConfigKeys (ConfUtils.java:logGet(46)) - raft.grpc.server.log-message.batch.duration = 5s (default)
2024-04-09 12:04:26,735 [c0a63e6c-c246-4c4b-b9bd-48fbdf84331c@group-2C2C502A59F8-LeaderElection17] INFO  server.RaftServerConfigKeys (ConfUtils.java:logGet(46)) - raft.server.log.appender.install.snapshot.enabled = false (custom)
2024-04-09 12:04:26,735 [c0a63e6c-c246-4c4b-b9bd-48fbdf84331c@group-2C2C502A59F8-LeaderElection17] INFO  grpc.GrpcConfigKeys (ConfUtils.java:logGet(46)) - raft.grpc.server.heartbeat.channel = true (default)
2024-04-09 12:04:26,738 [main] INFO  ozoneimpl.OzoneContainer (OzoneContainer.java:stop(481)) - Attempting to stop container services.
2024-04-09 12:04:26,740 [ContainerMetadataScanner] WARN  ozoneimpl.AbstractBackgroundContainerScanner (AbstractBackgroundContainerScanner.java:handleRemainingSleep(134)) - Background container scan was interrupted.
2024-04-09 12:04:26,740 [ContainerMetadataScanner] INFO  ozoneimpl.AbstractBackgroundContainerScanner (AbstractBackgroundContainerScanner.java:run(61)) - Thread[ContainerMetadataScanner,5,main] exiting.
2024-04-09 12:04:26,741 [main] INFO  ozoneimpl.BackgroundContainerDataScanner (BackgroundContainerDataScanner.java:shutdown(141)) - ContainerDataScanner(/home/runner/work/ozone/ozone/hadoop-ozone/integration-test/target/test-dir/MiniOzoneClusterImpl-00066f73-fe04-48fd-9c2f-afd3971143fc/ozone-meta/datanode-3/data-0/hdds) is shutting down. 
2024-04-09 12:04:26,741 [c0a63e6c-c246-4c4b-b9bd-48fbdf84331c@group-2C2C502A59F8-LeaderElection17] INFO  server.RaftServerConfigKeys (ConfUtils.java:logGet(46)) - raft.server.log.appender.snapshot.chunk.size.max = 16MB (=16777216) (default)
2024-04-09 12:04:26,741 [c0a63e6c-c246-4c4b-b9bd-48fbdf84331c@group-2C2C502A59F8-LeaderElection17] INFO  server.RaftServerConfigKeys (ConfUtils.java:logGet(46)) - raft.server.log.appender.buffer.byte-limit = 8388608 (custom)
2024-04-09 12:04:26,741 [ContainerDataScanner(/home/runner/work/ozone/ozone/hadoop-ozone/integration-test/target/test-dir/MiniOzoneClusterImpl-00066f73-fe04-48fd-9c2f-afd3971143fc/ozone-meta/datanode-3/data-0/hdds)] WARN  ozoneimpl.AbstractBackgroundContainerScanner (AbstractBackgroundContainerScanner.java:handleRemainingSleep(134)) - Background container scan was interrupted.
2024-04-09 12:04:26,741 [c0a63e6c-c246-4c4b-b9bd-48fbdf84331c@group-2C2C502A59F8-LeaderElection17] INFO  server.RaftServerConfigKeys (ConfUtils.java:logGet(46)) - raft.server.log.appender.buffer.element-limit = 1 (custom)
2024-04-09 12:04:26,742 [ContainerDataScanner(/home/runner/work/ozone/ozone/hadoop-ozone/integration-test/target/test-dir/MiniOzoneClusterImpl-00066f73-fe04-48fd-9c2f-afd3971143fc/ozone-meta/datanode-3/data-0/hdds)] INFO  ozoneimpl.AbstractBackgroundContainerScanner (AbstractBackgroundContainerScanner.java:run(61)) - ContainerDataScanner(/home/runner/work/ozone/ozone/hadoop-ozone/integration-test/target/test-dir/MiniOzoneClusterImpl-00066f73-fe04-48fd-9c2f-afd3971143fc/ozone-meta/datanode-3/data-0/hdds, DS-ddf9ba8f-72cd-4df1-9d0b-5e59d17d2448) exiting.
2024-04-09 12:04:26,742 [c0a63e6c-c246-4c4b-b9bd-48fbdf84331c@group-2C2C502A59F8-LeaderElection17] INFO  server.RaftServerConfigKeys (ConfUtils.java:logGet(46)) - raft.server.log.appender.wait-time.min = 0ms (custom)
2024-04-09 12:04:26,742 [c0a63e6c-c246-4c4b-b9bd-48fbdf84331c@group-2C2C502A59F8-LeaderElection17] INFO  grpc.GrpcConfigKeys (ConfUtils.java:logGet(46)) - raft.grpc.server.leader.outstanding.appends.max = 8 (default)
2024-04-09 12:04:26,743 [main] INFO  ozoneimpl.OnDemandContainerDataScanner (OnDemandContainerDataScanner.java:shutdownScanner(206)) - On-demand container scanner is shutting down.
2024-04-09 12:04:26,743 [c0a63e6c-c246-4c4b-b9bd-48fbdf84331c@group-2C2C502A59F8-LeaderElection17] INFO  server.RaftServerConfigKeys (ConfUtils.java:logGet(46)) - raft.server.rpc.request.timeout = 3000ms (default)
2024-04-09 12:04:26,743 [c0a63e6c-c246-4c4b-b9bd-48fbdf84331c@group-2C2C502A59F8-LeaderElection17] INFO  grpc.GrpcConfigKeys (ConfUtils.java:logGet(46)) - raft.grpc.server.install_snapshot.request.element-limit = 8 (default)
2024-04-09 12:04:26,743 [c0a63e6c-c246-4c4b-b9bd-48fbdf84331c@group-2C2C502A59F8-LeaderElection17] INFO  grpc.GrpcConfigKeys (ConfUtils.java:logGet(46)) - raft.grpc.server.install_snapshot.request.timeout = 3000ms (default)
2024-04-09 12:04:26,743 [c0a63e6c-c246-4c4b-b9bd-48fbdf84331c@group-2C2C502A59F8-LeaderElection17] INFO  grpc.GrpcConfigKeys (ConfUtils.java:logGet(46)) - raft.grpc.server.log-message.batch.duration = 5s (default)
2024-04-09 12:04:26,743 [c0a63e6c-c246-4c4b-b9bd-48fbdf84331c@group-2C2C502A59F8-LeaderElection17] INFO  server.RaftServerConfigKeys (ConfUtils.java:logGet(46)) - raft.server.log.appender.install.snapshot.enabled = false (custom)
2024-04-09 12:04:26,743 [c0a63e6c-c246-4c4b-b9bd-48fbdf84331c@group-2C2C502A59F8-LeaderElection17] INFO  grpc.GrpcConfigKeys (ConfUtils.java:logGet(46)) - raft.grpc.server.heartbeat.channel = true (default)
2024-04-09 12:04:26,743 [main] INFO  server.RaftServer (RaftServerProxy.java:lambda$close$9(416)) - c0a63e6c-c246-4c4b-b9bd-48fbdf84331c: close
2024-04-09 12:04:26,743 [c0a63e6c-c246-4c4b-b9bd-48fbdf84331c@group-2C2C502A59F8-LeaderElection17] INFO  impl.RoleInfo (RoleInfo.java:updateAndGet(139)) - c0a63e6c-c246-4c4b-b9bd-48fbdf84331c: start c0a63e6c-c246-4c4b-b9bd-48fbdf84331c@group-2C2C502A59F8-LeaderStateImpl
2024-04-09 12:04:26,743 [c0a63e6c-c246-4c4b-b9bd-48fbdf84331c-impl-thread1] INFO  server.RaftServer$Division (RaftServerImpl.java:lambda$close$3(526)) - c0a63e6c-c246-4c4b-b9bd-48fbdf84331c@group-2C2C502A59F8: shutdown
2024-04-09 12:04:26,744 [c0a63e6c-c246-4c4b-b9bd-48fbdf84331c-impl-thread1] INFO  util.JmxRegister (JmxRegister.java:unregister(73)) - Successfully un-registered JMX Bean with object name Ratis:service=RaftServer,group=group-2C2C502A59F8,id=c0a63e6c-c246-4c4b-b9bd-48fbdf84331c
2024-04-09 12:04:26,744 [c0a63e6c-c246-4c4b-b9bd-48fbdf84331c-impl-thread1] INFO  impl.RoleInfo (RoleInfo.java:shutdownLeaderState(94)) - c0a63e6c-c246-4c4b-b9bd-48fbdf84331c: shutdown c0a63e6c-c246-4c4b-b9bd-48fbdf84331c@group-2C2C502A59F8-LeaderStateImpl
2024-04-09 12:04:26,744 [c0a63e6c-c246-4c4b-b9bd-48fbdf84331c-impl-thread1] INFO  impl.PendingRequests (PendingRequests.java:sendNotLeaderResponses(289)) - c0a63e6c-c246-4c4b-b9bd-48fbdf84331c@group-2C2C502A59F8-PendingRequests: sendNotLeaderResponses
2024-04-09 12:04:26,744 [c0a63e6c-c246-4c4b-b9bd-48fbdf84331c-impl-thread1] INFO  segmented.SegmentedRaftLogWorker (SegmentedRaftLogWorker.java:startLogSegment(430)) - c0a63e6c-c246-4c4b-b9bd-48fbdf84331c@group-2C2C502A59F8-SegmentedRaftLogWorker: Starting segment from index:0
2024-04-09 12:04:26,744 [c0a63e6c-c246-4c4b-b9bd-48fbdf84331c@group-2C2C502A59F8-LeaderElection17] INFO  server.RaftServer$Division (RaftServerImpl.java:setFirstElection(574)) - c0a63e6c-c246-4c4b-b9bd-48fbdf84331c@group-2C2C502A59F8: set firstElectionSinceStartup to false for becomeLeader
2024-04-09 12:04:26,744 [c0a63e6c-c246-4c4b-b9bd-48fbdf84331c@group-2C2C502A59F8-LeaderElection17] INFO  ratis.XceiverServerRatis (XceiverServerRatis.java:handleLeaderChangedNotification(966)) - Leader change notification received for group: group-2C2C502A59F8 with new leaderId: c0a63e6c-c246-4c4b-b9bd-48fbdf84331c
2024-04-09 12:04:26,744 [main] INFO  server.GrpcService (GrpcService.java:closeImpl(311)) - c0a63e6c-c246-4c4b-b9bd-48fbdf84331c: shutdown server org.apache.ratis.grpc.server.GrpcClientProtocolService now
2024-04-09 12:04:26,745 [c0a63e6c-c246-4c4b-b9bd-48fbdf84331c@group-2C2C502A59F8-LeaderElection17] INFO  server.RaftServer$Division (ServerState.java:setLeader(269)) - c0a63e6c-c246-4c4b-b9bd-48fbdf84331c@group-2C2C502A59F8: change Leader from null to c0a63e6c-c246-4c4b-b9bd-48fbdf84331c at term 1 for becomeLeader, leader elected after 5292ms
2024-04-09 12:04:26,745 [c0a63e6c-c246-4c4b-b9bd-48fbdf84331c-impl-thread1] INFO  server.RaftServer$Division (ServerState.java:setRaftConf(386)) - c0a63e6c-c246-4c4b-b9bd-48fbdf84331c@group-2C2C502A59F8: set configuration 0: peers:[47f2b6e5-7d1c-4a61-9d74-1b86fd130309|10.1.0.103:15067, 06c35c3a-0415-431d-ae8b-027bb2658858|10.1.0.103:15076, c0a63e6c-c246-4c4b-b9bd-48fbdf84331c|10.1.0.103:15085]|listeners:[], old=null
2024-04-09 12:04:26,745 [c0a63e6c-c246-4c4b-b9bd-48fbdf84331c-impl-thread2] INFO  server.RaftServer$Division (RaftServerImpl.java:lambda$close$3(526)) - c0a63e6c-c246-4c4b-b9bd-48fbdf84331c@group-BACFA430F9BA: shutdown
2024-04-09 12:04:26,748 [Thread-1502] INFO  server.GrpcServerProtocolClient (GrpcServerProtocolClient.java:close(103)) - 06c35c3a-0415-431d-ae8b-027bb2658858 Close channels
2024-04-09 12:04:26,748 [Thread-1501] INFO  server.GrpcServerProtocolClient (GrpcServerProtocolClient.java:close(103)) - 47f2b6e5-7d1c-4a61-9d74-1b86fd130309 Close channels
2024-04-09 12:04:26,748 [c0a63e6c-c246-4c4b-b9bd-48fbdf84331c-impl-thread2] INFO  util.JmxRegister (JmxRegister.java:unregister(73)) - Successfully un-registered JMX Bean with object name Ratis:service=RaftServer,group=group-BACFA430F9BA,id=c0a63e6c-c246-4c4b-b9bd-48fbdf84331c
2024-04-09 12:04:26,748 [c0a63e6c-c246-4c4b-b9bd-48fbdf84331c-impl-thread2] INFO  impl.RoleInfo (RoleInfo.java:shutdownLeaderState(94)) - c0a63e6c-c246-4c4b-b9bd-48fbdf84331c: shutdown c0a63e6c-c246-4c4b-b9bd-48fbdf84331c@group-BACFA430F9BA-LeaderStateImpl
2024-04-09 12:04:26,749 [c0a63e6c-c246-4c4b-b9bd-48fbdf84331c-impl-thread2] INFO  impl.PendingRequests (PendingRequests.java:sendNotLeaderResponses(289)) - c0a63e6c-c246-4c4b-b9bd-48fbdf84331c@group-BACFA430F9BA-PendingRequests: sendNotLeaderResponses
2024-04-09 12:04:26,745 [c0a63e6c-c246-4c4b-b9bd-48fbdf84331c@group-2C2C502A59F8-SegmentedRaftLogWorker] INFO  segmented.BufferedWriteChannel (BufferedWriteChannel.java:open(62)) - open log_inprogress_0 at position 0
2024-04-09 12:04:26,745 [c0a63e6c-c246-4c4b-b9bd-48fbdf84331c-impl-thread3] INFO  server.RaftServer$Division (RaftServerImpl.java:lambda$close$3(526)) - c0a63e6c-c246-4c4b-b9bd-48fbdf84331c@group-DB1D75A9E2DC: shutdown
2024-04-09 12:04:26,749 [c0a63e6c-c246-4c4b-b9bd-48fbdf84331c-impl-thread3] INFO  util.JmxRegister (JmxRegister.java:unregister(73)) - Successfully un-registered JMX Bean with object name Ratis:service=RaftServer,group=group-DB1D75A9E2DC,id=c0a63e6c-c246-4c4b-b9bd-48fbdf84331c
2024-04-09 12:04:26,750 [c0a63e6c-c246-4c4b-b9bd-48fbdf84331c-impl-thread3] INFO  impl.RoleInfo (RoleInfo.java:shutdownFollowerState(110)) - c0a63e6c-c246-4c4b-b9bd-48fbdf84331c: shutdown c0a63e6c-c246-4c4b-b9bd-48fbdf84331c@group-DB1D75A9E2DC-FollowerState
2024-04-09 12:04:26,751 [c0a63e6c-c246-4c4b-b9bd-48fbdf84331c-impl-thread3] INFO  impl.StateMachineUpdater (StateMachineUpdater.java:stopAndJoin(157)) - c0a63e6c-c246-4c4b-b9bd-48fbdf84331c@group-DB1D75A9E2DC-StateMachineUpdater: set stopIndex = 4
2024-04-09 12:04:26,751 [c0a63e6c-c246-4c4b-b9bd-48fbdf84331c@group-DB1D75A9E2DC-FollowerState] INFO  impl.FollowerState (FollowerState.java:run(152)) - c0a63e6c-c246-4c4b-b9bd-48fbdf84331c@group-DB1D75A9E2DC-FollowerState was interrupted
2024-04-09 12:04:26,752 [c0a63e6c-c246-4c4b-b9bd-48fbdf84331c@group-BACFA430F9BA-StateMachineUpdater] INFO  ratis.ContainerStateMachine (ContainerStateMachine.java:takeSnapshot(355)) - group-BACFA430F9BA: Taking a snapshot at:(t:1, i:0) file /home/runner/work/ozone/ozone/hadoop-ozone/integration-test/target/test-dir/MiniOzoneClusterImpl-00066f73-fe04-48fd-9c2f-afd3971143fc/ozone-meta/datanode-3/ratis/bcd65a87-78fb-4d3f-8468-bacfa430f9ba/sm/snapshot.1_0
2024-04-09 12:04:26,752 [c0a63e6c-c246-4c4b-b9bd-48fbdf84331c-impl-thread2] INFO  impl.StateMachineUpdater (StateMachineUpdater.java:stopAndJoin(157)) - c0a63e6c-c246-4c4b-b9bd-48fbdf84331c@group-BACFA430F9BA-StateMachineUpdater: set stopIndex = 0
2024-04-09 12:04:26,752 [c0a63e6c-c246-4c4b-b9bd-48fbdf84331c@group-BACFA430F9BA-StateMachineUpdater] INFO  ratis.ContainerStateMachine (ContainerStateMachine.java:takeSnapshot(366)) - group-BACFA430F9BA: Finished taking a snapshot at:(t:1, i:0) file:/home/runner/work/ozone/ozone/hadoop-ozone/integration-test/target/test-dir/MiniOzoneClusterImpl-00066f73-fe04-48fd-9c2f-afd3971143fc/ozone-meta/datanode-3/ratis/bcd65a87-78fb-4d3f-8468-bacfa430f9ba/sm/snapshot.1_0 took: 0 ms
2024-04-09 12:04:26,752 [c0a63e6c-c246-4c4b-b9bd-48fbdf84331c@group-DB1D75A9E2DC-StateMachineUpdater] INFO  ratis.ContainerStateMachine (ContainerStateMachine.java:takeSnapshot(355)) - group-DB1D75A9E2DC: Taking a snapshot at:(t:1, i:4) file /home/runner/work/ozone/ozone/hadoop-ozone/integration-test/target/test-dir/MiniOzoneClusterImpl-00066f73-fe04-48fd-9c2f-afd3971143fc/ozone-meta/datanode-3/ratis/8a023e63-f161-45d8-9a3c-db1d75a9e2dc/sm/snapshot.1_4
2024-04-09 12:04:26,752 [c0a63e6c-c246-4c4b-b9bd-48fbdf84331c@group-BACFA430F9BA-StateMachineUpdater] INFO  impl.StateMachineUpdater (StateMachineUpdater.java:takeSnapshot(295)) - c0a63e6c-c246-4c4b-b9bd-48fbdf84331c@group-BACFA430F9BA-StateMachineUpdater: Took a snapshot at index 0
2024-04-09 12:04:26,753 [c0a63e6c-c246-4c4b-b9bd-48fbdf84331c@group-BACFA430F9BA-StateMachineUpdater] INFO  impl.StateMachineUpdater (StateMachineUpdater.java:lambda$new$0(98)) - c0a63e6c-c246-4c4b-b9bd-48fbdf84331c@group-BACFA430F9BA-StateMachineUpdater: snapshotIndex: updateIncreasingly -1 -> 0
2024-04-09 12:04:26,753 [c0a63e6c-c246-4c4b-b9bd-48fbdf84331c-impl-thread2] INFO  server.RaftServer$Division (ServerState.java:close(427)) - c0a63e6c-c246-4c4b-b9bd-48fbdf84331c@group-BACFA430F9BA: applyIndex: 0
2024-04-09 12:04:26,753 [c0a63e6c-c246-4c4b-b9bd-48fbdf84331c@group-DB1D75A9E2DC-StateMachineUpdater] INFO  ratis.ContainerStateMachine (ContainerStateMachine.java:takeSnapshot(366)) - group-DB1D75A9E2DC: Finished taking a snapshot at:(t:1, i:4) file:/home/runner/work/ozone/ozone/hadoop-ozone/integration-test/target/test-dir/MiniOzoneClusterImpl-00066f73-fe04-48fd-9c2f-afd3971143fc/ozone-meta/datanode-3/ratis/8a023e63-f161-45d8-9a3c-db1d75a9e2dc/sm/snapshot.1_4 took: 0 ms
2024-04-09 12:04:26,753 [c0a63e6c-c246-4c4b-b9bd-48fbdf84331c@group-DB1D75A9E2DC-StateMachineUpdater] INFO  impl.StateMachineUpdater (StateMachineUpdater.java:takeSnapshot(295)) - c0a63e6c-c246-4c4b-b9bd-48fbdf84331c@group-DB1D75A9E2DC-StateMachineUpdater: Took a snapshot at index 4
2024-04-09 12:04:26,753 [c0a63e6c-c246-4c4b-b9bd-48fbdf84331c@group-DB1D75A9E2DC-StateMachineUpdater] INFO  impl.StateMachineUpdater (StateMachineUpdater.java:lambda$new$0(98)) - c0a63e6c-c246-4c4b-b9bd-48fbdf84331c@group-DB1D75A9E2DC-StateMachineUpdater: snapshotIndex: updateIncreasingly -1 -> 4
2024-04-09 12:04:26,754 [c0a63e6c-c246-4c4b-b9bd-48fbdf84331c@group-BACFA430F9BA-cacheEviction-AwaitToRun] INFO  util.AwaitToRun (AwaitToRun.java:run(49)) - c0a63e6c-c246-4c4b-b9bd-48fbdf84331c@group-BACFA430F9BA-cacheEviction-AwaitToRun-AwaitForSignal is interrupted
2024-04-09 12:04:26,754 [c0a63e6c-c246-4c4b-b9bd-48fbdf84331c-impl-thread3] INFO  server.RaftServer$Division (ServerState.java:close(427)) - c0a63e6c-c246-4c4b-b9bd-48fbdf84331c@group-DB1D75A9E2DC: applyIndex: 4
2024-04-09 12:04:26,754 [c0a63e6c-c246-4c4b-b9bd-48fbdf84331c@group-DB1D75A9E2DC-cacheEviction-AwaitToRun] INFO  util.AwaitToRun (AwaitToRun.java:run(49)) - c0a63e6c-c246-4c4b-b9bd-48fbdf84331c@group-DB1D75A9E2DC-cacheEviction-AwaitToRun-AwaitForSignal is interrupted
2024-04-09 12:04:26,755 [main] INFO  server.GrpcService (GrpcService.java:closeImpl(320)) - c0a63e6c-c246-4c4b-b9bd-48fbdf84331c: shutdown server org.apache.ratis.grpc.server.GrpcClientProtocolService successfully
2024-04-09 12:04:26,756 [main] INFO  server.GrpcService (GrpcService.java:closeImpl(311)) - c0a63e6c-c246-4c4b-b9bd-48fbdf84331c: shutdown server GrpcServerProtocolService now
2024-04-09 12:04:26,758 [grpc-default-executor-4] WARN  server.GrpcLogAppender (LogUtils.java:warn(121)) - 47f2b6e5-7d1c-4a61-9d74-1b86fd130309@group-DB1D75A9E2DC->c0a63e6c-c246-4c4b-b9bd-48fbdf84331c-AppendLogResponseHandler: Failed appendEntries: org.apache.ratis.thirdparty.io.grpc.StatusRuntimeException: CANCELLED: RST_STREAM closed stream. HTTP/2 error code: CANCEL
2024-04-09 12:04:26,758 [grpc-default-executor-4] WARN  server.GrpcLogAppender (GrpcLogAppender.java:lambda$resetClient$1(217)) - 47f2b6e5-7d1c-4a61-9d74-1b86fd130309@group-DB1D75A9E2DC->c0a63e6c-c246-4c4b-b9bd-48fbdf84331c-GrpcLogAppender: Follower failed (request=null, errorCount=1); keep nextIndex (9) unchanged and retry.
2024-04-09 12:04:26,758 [grpc-default-executor-2] WARN  server.GrpcServerProtocolService (LogUtils.java:warn(121)) - c0a63e6c-c246-4c4b-b9bd-48fbdf84331c: APPEND_ENTRIES onError, lastRequest: 47f2b6e5-7d1c-4a61-9d74-1b86fd130309->c0a63e6c-c246-4c4b-b9bd-48fbdf84331c#13-t1,previous=(t:1, i:7),leaderCommit=4,initializing? false,entries: size=1, first=(t:1, i:8), METADATAENTRY(c:4): org.apache.ratis.thirdparty.io.grpc.StatusRuntimeException: CANCELLED: client cancelled
2024-04-09 12:04:26,758 [grpc-default-executor-3] WARN  server.GrpcServerProtocolService (LogUtils.java:warn(121)) - c0a63e6c-c246-4c4b-b9bd-48fbdf84331c: APPEND_ENTRIES onError, lastRequest: null: org.apache.ratis.thirdparty.io.grpc.StatusRuntimeException: CANCELLED: client cancelled
2024-04-09 12:04:26,759 [main] INFO  server.GrpcService (GrpcService.java:closeImpl(320)) - c0a63e6c-c246-4c4b-b9bd-48fbdf84331c: shutdown server GrpcServerProtocolService successfully
2024-04-09 12:04:26,759 [main] INFO  server.GrpcService (GrpcService.java:closeImpl(311)) - c0a63e6c-c246-4c4b-b9bd-48fbdf84331c: shutdown server org.apache.ratis.grpc.server.GrpcAdminProtocolService now
2024-04-09 12:04:26,759 [c0a63e6c-c246-4c4b-b9bd-48fbdf84331c@group-2C2C502A59F8-SegmentedRaftLogWorker] INFO  segmented.SegmentedRaftLogWorker (SegmentedRaftLogWorker.java:execute(634)) - c0a63e6c-c246-4c4b-b9bd-48fbdf84331c@group-2C2C502A59F8-SegmentedRaftLogWorker: created new log segment /home/runner/work/ozone/ozone/hadoop-ozone/integration-test/target/test-dir/MiniOzoneClusterImpl-00066f73-fe04-48fd-9c2f-afd3971143fc/ozone-meta/datanode-3/ratis/b8bf2288-a83f-4302-a707-2c2c502a59f8/current/log_inprogress_0
2024-04-09 12:04:26,761 [main] INFO  server.GrpcService (GrpcService.java:closeImpl(320)) - c0a63e6c-c246-4c4b-b9bd-48fbdf84331c: shutdown server org.apache.ratis.grpc.server.GrpcAdminProtocolService successfully
2024-04-09 12:04:26,765 [c0a63e6c-c246-4c4b-b9bd-48fbdf84331c-NettyServerStreamRpc-bossGroup--thread1] INFO  logging.LoggingHandler (AbstractInternalLogger.java:log(148)) - [id: 0xe0dd9c9c, L:/0.0.0.0:15086] CLOSE
2024-04-09 12:04:26,765 [c0a63e6c-c246-4c4b-b9bd-48fbdf84331c-NettyServerStreamRpc-bossGroup--thread1] INFO  logging.LoggingHandler (AbstractInternalLogger.java:log(148)) - [id: 0xe0dd9c9c, L:/0.0.0.0:15086] INACTIVE
2024-04-09 12:04:26,765 [c0a63e6c-c246-4c4b-b9bd-48fbdf84331c-NettyServerStreamRpc-bossGroup--thread1] INFO  logging.LoggingHandler (AbstractInternalLogger.java:log(148)) - [id: 0xe0dd9c9c, L:/0.0.0.0:15086] UNREGISTERED
2024-04-09 12:04:26,780 [a87d7804-de0d-4258-ad97-e1309df34ed1@group-50B2E81FCFF7-FollowerState] INFO  impl.FollowerState (FollowerState.java:run(143)) - a87d7804-de0d-4258-ad97-e1309df34ed1@group-50B2E81FCFF7-FollowerState: change to CANDIDATE, lastRpcElapsedTime:5180545514ns, electionTimeout:5180ms
2024-04-09 12:04:26,780 [a87d7804-de0d-4258-ad97-e1309df34ed1@group-50B2E81FCFF7-FollowerState] INFO  impl.RoleInfo (RoleInfo.java:shutdownFollowerState(110)) - a87d7804-de0d-4258-ad97-e1309df34ed1: shutdown a87d7804-de0d-4258-ad97-e1309df34ed1@group-50B2E81FCFF7-FollowerState
2024-04-09 12:04:26,780 [a87d7804-de0d-4258-ad97-e1309df34ed1@group-50B2E81FCFF7-FollowerState] INFO  server.RaftServer$Division (RaftServerImpl.java:setRole(383)) - a87d7804-de0d-4258-ad97-e1309df34ed1@group-50B2E81FCFF7: changes role from  FOLLOWER to CANDIDATE at term 0 for changeToCandidate
2024-04-09 12:04:26,780 [a87d7804-de0d-4258-ad97-e1309df34ed1@group-50B2E81FCFF7-FollowerState] INFO  server.RaftServerConfigKeys (ConfUtils.java:logGet(46)) - raft.server.leaderelection.pre-vote = true (default)
2024-04-09 12:04:26,780 [a87d7804-de0d-4258-ad97-e1309df34ed1@group-50B2E81FCFF7-FollowerState] INFO  impl.RoleInfo (RoleInfo.java:updateAndGet(139)) - a87d7804-de0d-4258-ad97-e1309df34ed1: start a87d7804-de0d-4258-ad97-e1309df34ed1@group-50B2E81FCFF7-LeaderElection18
2024-04-09 12:04:26,781 [a87d7804-de0d-4258-ad97-e1309df34ed1@group-50B2E81FCFF7-LeaderElection18] INFO  impl.LeaderElection (LeaderElection.java:askForVotes(321)) - a87d7804-de0d-4258-ad97-e1309df34ed1@group-50B2E81FCFF7-LeaderElection18 PRE_VOTE round 0: submit vote requests at term 0 for -1: peers:[a87d7804-de0d-4258-ad97-e1309df34ed1|10.1.0.103:15103]|listeners:[], old=null
2024-04-09 12:04:26,781 [a87d7804-de0d-4258-ad97-e1309df34ed1@group-50B2E81FCFF7-LeaderElection18] INFO  impl.LeaderElection (LeaderElection.java:askForVotes(323)) - a87d7804-de0d-4258-ad97-e1309df34ed1@group-50B2E81FCFF7-LeaderElection18 PRE_VOTE round 0: result PASSED (term=0)
2024-04-09 12:04:26,782 [a87d7804-de0d-4258-ad97-e1309df34ed1@group-50B2E81FCFF7-LeaderElection18] INFO  impl.LeaderElection (LeaderElection.java:askForVotes(321)) - a87d7804-de0d-4258-ad97-e1309df34ed1@group-50B2E81FCFF7-LeaderElection18 ELECTION round 0: submit vote requests at term 1 for -1: peers:[a87d7804-de0d-4258-ad97-e1309df34ed1|10.1.0.103:15103]|listeners:[], old=null
2024-04-09 12:04:26,782 [a87d7804-de0d-4258-ad97-e1309df34ed1@group-50B2E81FCFF7-LeaderElection18] INFO  impl.LeaderElection (LeaderElection.java:askForVotes(323)) - a87d7804-de0d-4258-ad97-e1309df34ed1@group-50B2E81FCFF7-LeaderElection18 ELECTION round 0: result PASSED (term=1)
2024-04-09 12:04:26,782 [a87d7804-de0d-4258-ad97-e1309df34ed1@group-50B2E81FCFF7-LeaderElection18] INFO  impl.RoleInfo (RoleInfo.java:shutdownLeaderElection(130)) - a87d7804-de0d-4258-ad97-e1309df34ed1: shutdown a87d7804-de0d-4258-ad97-e1309df34ed1@group-50B2E81FCFF7-LeaderElection18
2024-04-09 12:04:26,782 [a87d7804-de0d-4258-ad97-e1309df34ed1@group-50B2E81FCFF7-LeaderElection18] INFO  server.RaftServer$Division (RaftServerImpl.java:setRole(383)) - a87d7804-de0d-4258-ad97-e1309df34ed1@group-50B2E81FCFF7: changes role from CANDIDATE to LEADER at term 1 for changeToLeader
2024-04-09 12:04:26,782 [a87d7804-de0d-4258-ad97-e1309df34ed1@group-50B2E81FCFF7-LeaderElection18] INFO  server.RaftServerConfigKeys (ConfUtils.java:logGet(46)) - raft.server.staging.catchup.gap = 1000 (default)
2024-04-09 12:04:26,782 [a87d7804-de0d-4258-ad97-e1309df34ed1@group-50B2E81FCFF7-LeaderElection18] INFO  server.RaftServerConfigKeys (ConfUtils.java:logGet(46)) - raft.server.write.element-limit = 1024 (custom)
2024-04-09 12:04:26,782 [a87d7804-de0d-4258-ad97-e1309df34ed1@group-50B2E81FCFF7-LeaderElection18] INFO  server.RaftServerConfigKeys (ConfUtils.java:logGet(46)) - raft.server.write.byte-limit = 1024 M (=1073741824) (custom)
2024-04-09 12:04:26,782 [a87d7804-de0d-4258-ad97-e1309df34ed1@group-50B2E81FCFF7-LeaderElection18] INFO  server.RaftServerConfigKeys (ConfUtils.java:logGet(46)) - raft.server.watch.timeout = 3000ms (custom)
2024-04-09 12:04:26,783 [a87d7804-de0d-4258-ad97-e1309df34ed1@group-50B2E81FCFF7-LeaderElection18] INFO  server.RaftServerConfigKeys (ConfUtils.java:logGet(46)) - raft.server.watch.timeout.denomination = 1s (default)
2024-04-09 12:04:26,783 [a87d7804-de0d-4258-ad97-e1309df34ed1@group-50B2E81FCFF7-LeaderElection18] INFO  server.RaftServerConfigKeys (ConfUtils.java:logGet(46)) - raft.server.watch.element-limit = 65536 (default)
2024-04-09 12:04:26,783 [a87d7804-de0d-4258-ad97-e1309df34ed1@group-50B2E81FCFF7-LeaderElection18] INFO  server.RaftServerConfigKeys (ConfUtils.java:logGet(46)) - raft.server.read.leader.lease.enabled = false (default)
2024-04-09 12:04:26,783 [a87d7804-de0d-4258-ad97-e1309df34ed1@group-50B2E81FCFF7-LeaderElection18] INFO  server.RaftServerConfigKeys (ConfUtils.java:logGet(46)) - raft.server.read.leader.lease.timeout.ratio = 0.9 (default)
2024-04-09 12:04:26,783 [a87d7804-de0d-4258-ad97-e1309df34ed1@group-50B2E81FCFF7-LeaderElection18] INFO  server.RaftServerConfigKeys (ConfUtils.java:logGet(46)) - raft.server.rpc.timeout.min = 5s (custom)
2024-04-09 12:04:26,783 [a87d7804-de0d-4258-ad97-e1309df34ed1@group-50B2E81FCFF7-LeaderElection18] INFO  server.RaftServerConfigKeys (ConfUtils.java:logGet(46)) - raft.server.write.element-limit = 1024 (custom)
2024-04-09 12:04:26,783 [a87d7804-de0d-4258-ad97-e1309df34ed1@group-50B2E81FCFF7-LeaderElection18] INFO  server.RaftServerConfigKeys (ConfUtils.java:logGet(46)) - raft.server.write.follower.gap.ratio.max = -1.0 (default)
2024-04-09 12:04:26,783 [a87d7804-de0d-4258-ad97-e1309df34ed1@group-50B2E81FCFF7-LeaderElection18] INFO  impl.RoleInfo (RoleInfo.java:updateAndGet(139)) - a87d7804-de0d-4258-ad97-e1309df34ed1: start a87d7804-de0d-4258-ad97-e1309df34ed1@group-50B2E81FCFF7-LeaderStateImpl
2024-04-09 12:04:26,783 [a87d7804-de0d-4258-ad97-e1309df34ed1@group-50B2E81FCFF7-LeaderElection18] INFO  server.RaftServer$Division (RaftServerImpl.java:setFirstElection(574)) - a87d7804-de0d-4258-ad97-e1309df34ed1@group-50B2E81FCFF7: set firstElectionSinceStartup to false for becomeLeader
2024-04-09 12:04:26,783 [a87d7804-de0d-4258-ad97-e1309df34ed1@group-50B2E81FCFF7-LeaderElection18] INFO  ratis.XceiverServerRatis (XceiverServerRatis.java:handleLeaderChangedNotification(966)) - Leader change notification received for group: group-50B2E81FCFF7 with new leaderId: a87d7804-de0d-4258-ad97-e1309df34ed1
2024-04-09 12:04:26,783 [a87d7804-de0d-4258-ad97-e1309df34ed1@group-50B2E81FCFF7-LeaderElection18] INFO  server.RaftServer$Division (ServerState.java:setLeader(269)) - a87d7804-de0d-4258-ad97-e1309df34ed1@group-50B2E81FCFF7: change Leader from null to a87d7804-de0d-4258-ad97-e1309df34ed1 at term 1 for becomeLeader, leader elected after 5194ms
2024-04-09 12:04:26,783 [a87d7804-de0d-4258-ad97-e1309df34ed1@group-50B2E81FCFF7-LeaderElection18] INFO  segmented.SegmentedRaftLogWorker (SegmentedRaftLogWorker.java:startLogSegment(430)) - a87d7804-de0d-4258-ad97-e1309df34ed1@group-50B2E81FCFF7-SegmentedRaftLogWorker: Starting segment from index:0
2024-04-09 12:04:26,784 [a87d7804-de0d-4258-ad97-e1309df34ed1@group-50B2E81FCFF7-SegmentedRaftLogWorker] INFO  segmented.BufferedWriteChannel (BufferedWriteChannel.java:open(62)) - open log_inprogress_0 at position 0
2024-04-09 12:04:26,787 [a87d7804-de0d-4258-ad97-e1309df34ed1@group-50B2E81FCFF7-LeaderElection18] INFO  server.RaftServer$Division (ServerState.java:setRaftConf(386)) - a87d7804-de0d-4258-ad97-e1309df34ed1@group-50B2E81FCFF7: set configuration 0: peers:[a87d7804-de0d-4258-ad97-e1309df34ed1|10.1.0.103:15103]|listeners:[], old=null
2024-04-09 12:04:26,791 [a87d7804-de0d-4258-ad97-e1309df34ed1@group-50B2E81FCFF7-SegmentedRaftLogWorker] INFO  segmented.SegmentedRaftLogWorker (SegmentedRaftLogWorker.java:execute(634)) - a87d7804-de0d-4258-ad97-e1309df34ed1@group-50B2E81FCFF7-SegmentedRaftLogWorker: created new log segment /home/runner/work/ozone/ozone/hadoop-ozone/integration-test/target/test-dir/MiniOzoneClusterImpl-00066f73-fe04-48fd-9c2f-afd3971143fc/ozone-meta/datanode-5/ratis/98953a21-1556-4947-a478-50b2e81fcff7/current/log_inprogress_0
2024-04-09 12:04:26,792 [a87d7804-de0d-4258-ad97-e1309df34ed1@group-50B2E81FCFF7-StateMachineUpdater] INFO  server.RaftServer$Division (LeaderStateImpl.java:isApplied(320)) - leader is ready since appliedIndex == 0 >= startIndex == 0
2024-04-09 12:04:27,510 [c0a63e6c-c246-4c4b-b9bd-48fbdf84331c-impl-thread2] INFO  segmented.SegmentedRaftLogWorker (SegmentedRaftLogWorker.java:close(245)) - c0a63e6c-c246-4c4b-b9bd-48fbdf84331c@group-BACFA430F9BA-SegmentedRaftLogWorker close()
2024-04-09 12:04:27,715 [c0a63e6c-c246-4c4b-b9bd-48fbdf84331c-impl-thread3] INFO  segmented.SegmentedRaftLogWorker (SegmentedRaftLogWorker.java:close(245)) - c0a63e6c-c246-4c4b-b9bd-48fbdf84331c@group-DB1D75A9E2DC-SegmentedRaftLogWorker close()
2024-04-09 12:04:31,758 [timer4] WARN  server.GrpcLogAppender (GrpcLogAppender.java:lambda$resetClient$1(217)) - 47f2b6e5-7d1c-4a61-9d74-1b86fd130309@group-DB1D75A9E2DC->c0a63e6c-c246-4c4b-b9bd-48fbdf84331c-GrpcLogAppender: Follower failed (request=null, errorCount=8); keep nextIndex (9) unchanged and retry. (Repeated 8 times in the last 5.000s)
2024-04-09 12:04:31,758 [timer3] WARN  server.GrpcLogAppender (LogUtils.java:warn(121)) - 47f2b6e5-7d1c-4a61-9d74-1b86fd130309@group-DB1D75A9E2DC->c0a63e6c-c246-4c4b-b9bd-48fbdf84331c-AppendLogResponseHandler: Failed appendEntries (Repeated 8 times in the last 5.001s): org.apache.ratis.thirdparty.io.grpc.StatusRuntimeException: UNAVAILABLE: io exception
2024-04-09 12:04:32,998 [grpc-default-executor-2] WARN  server.GrpcLogAppender (LogUtils.java:warn(121)) - 47f2b6e5-7d1c-4a61-9d74-1b86fd130309@group-DB1D75A9E2DC->c0a63e6c-c246-4c4b-b9bd-48fbdf84331c-AppendLogResponseHandler: Failed appendEntries: org.apache.ratis.thirdparty.io.grpc.StatusRuntimeException: UNAVAILABLE: io exception
2024-04-09 12:04:33,000 [grpc-default-executor-3] WARN  server.GrpcLogAppender (GrpcLogAppender.java:lambda$resetClient$1(217)) - 47f2b6e5-7d1c-4a61-9d74-1b86fd130309@group-DB1D75A9E2DC->c0a63e6c-c246-4c4b-b9bd-48fbdf84331c-GrpcLogAppender: Follower failed (request=null, errorCount=9); keep nextIndex (9) unchanged and retry.
2024-04-09 12:04:36,904 [06c35c3a-0415-431d-ae8b-027bb2658858@group-2C2C502A59F8-FollowerState] INFO  impl.FollowerState (FollowerState.java:run(143)) - 06c35c3a-0415-431d-ae8b-027bb2658858@group-2C2C502A59F8-FollowerState: change to CANDIDATE, lastRpcElapsedTime:10173636976ns, electionTimeout:5044ms
2024-04-09 12:04:36,905 [06c35c3a-0415-431d-ae8b-027bb2658858@group-2C2C502A59F8-FollowerState] INFO  impl.RoleInfo (RoleInfo.java:shutdownFollowerState(110)) - 06c35c3a-0415-431d-ae8b-027bb2658858: shutdown 06c35c3a-0415-431d-ae8b-027bb2658858@group-2C2C502A59F8-FollowerState
2024-04-09 12:04:36,905 [06c35c3a-0415-431d-ae8b-027bb2658858@group-2C2C502A59F8-FollowerState] INFO  server.RaftServer$Division (RaftServerImpl.java:setRole(383)) - 06c35c3a-0415-431d-ae8b-027bb2658858@group-2C2C502A59F8: changes role from  FOLLOWER to CANDIDATE at term 1 for changeToCandidate
2024-04-09 12:04:36,905 [06c35c3a-0415-431d-ae8b-027bb2658858@group-2C2C502A59F8-FollowerState] INFO  server.RaftServerConfigKeys (ConfUtils.java:logGet(46)) - raft.server.leaderelection.pre-vote = true (default)
2024-04-09 12:04:36,905 [06c35c3a-0415-431d-ae8b-027bb2658858@group-2C2C502A59F8-FollowerState] INFO  impl.RoleInfo (RoleInfo.java:updateAndGet(139)) - 06c35c3a-0415-431d-ae8b-027bb2658858: start 06c35c3a-0415-431d-ae8b-027bb2658858@group-2C2C502A59F8-LeaderElection19
2024-04-09 12:04:36,906 [06c35c3a-0415-431d-ae8b-027bb2658858@group-2C2C502A59F8-LeaderElection19] INFO  impl.LeaderElection (LeaderElection.java:askForVotes(321)) - 06c35c3a-0415-431d-ae8b-027bb2658858@group-2C2C502A59F8-LeaderElection19 PRE_VOTE round 0: submit vote requests at term 1 for -1: peers:[47f2b6e5-7d1c-4a61-9d74-1b86fd130309|10.1.0.103:15067, 06c35c3a-0415-431d-ae8b-027bb2658858|10.1.0.103:15076, c0a63e6c-c246-4c4b-b9bd-48fbdf84331c|10.1.0.103:15085]|listeners:[], old=null
2024-04-09 12:04:36,906 [06c35c3a-0415-431d-ae8b-027bb2658858@group-2C2C502A59F8-LeaderElection19-1] INFO  server.GrpcServerProtocolClient (GrpcServerProtocolClient.java:<init>(65)) - Build channel for 47f2b6e5-7d1c-4a61-9d74-1b86fd130309|10.1.0.103:15067
2024-04-09 12:04:36,906 [06c35c3a-0415-431d-ae8b-027bb2658858@group-2C2C502A59F8-LeaderElection19-2] INFO  server.GrpcServerProtocolClient (GrpcServerProtocolClient.java:<init>(65)) - Build channel for c0a63e6c-c246-4c4b-b9bd-48fbdf84331c|10.1.0.103:15085
2024-04-09 12:04:36,912 [06c35c3a-0415-431d-ae8b-027bb2658858@group-2C2C502A59F8-LeaderElection19] INFO  impl.LeaderElection (LogUtils.java:infoOrTrace(136)) - 06c35c3a-0415-431d-ae8b-027bb2658858@group-2C2C502A59F8-LeaderElection19 got exception when requesting votes: java.util.concurrent.ExecutionException: org.apache.ratis.thirdparty.io.grpc.StatusRuntimeException: UNAVAILABLE: io exception
2024-04-09 12:04:36,914 [grpc-default-executor-2] INFO  server.RaftServer$Division (RaftServerImpl.java:requestVote(1389)) - 47f2b6e5-7d1c-4a61-9d74-1b86fd130309@group-2C2C502A59F8: receive requestVote(PRE_VOTE, 06c35c3a-0415-431d-ae8b-027bb2658858, group-2C2C502A59F8, 1, (t:0, i:0))
2024-04-09 12:04:36,914 [grpc-default-executor-2] INFO  impl.VoteContext (VoteContext.java:log(49)) - 47f2b6e5-7d1c-4a61-9d74-1b86fd130309@group-2C2C502A59F8-FOLLOWER: accept PRE_VOTE from 06c35c3a-0415-431d-ae8b-027bb2658858: our priority 0 <= candidate's priority 0
2024-04-09 12:04:36,914 [grpc-default-executor-2] INFO  server.RaftServer$Division (RaftServerImpl.java:requestVote(1422)) - 47f2b6e5-7d1c-4a61-9d74-1b86fd130309@group-2C2C502A59F8 replies to PRE_VOTE vote request: 06c35c3a-0415-431d-ae8b-027bb2658858<-47f2b6e5-7d1c-4a61-9d74-1b86fd130309#0:OK-t1. Peer's state: 47f2b6e5-7d1c-4a61-9d74-1b86fd130309@group-2C2C502A59F8:t1, leader=null, voted=c0a63e6c-c246-4c4b-b9bd-48fbdf84331c, raftlog=Memoized:47f2b6e5-7d1c-4a61-9d74-1b86fd130309@group-2C2C502A59F8-SegmentedRaftLog:OPENED:c-1, conf=-1: peers:[47f2b6e5-7d1c-4a61-9d74-1b86fd130309|10.1.0.103:15067, 06c35c3a-0415-431d-ae8b-027bb2658858|10.1.0.103:15076, c0a63e6c-c246-4c4b-b9bd-48fbdf84331c|10.1.0.103:15085]|listeners:[], old=null
2024-04-09 12:04:36,916 [06c35c3a-0415-431d-ae8b-027bb2658858@group-2C2C502A59F8-LeaderElection19] INFO  impl.LeaderElection (LeaderElection.java:logAndReturn(89)) - 06c35c3a-0415-431d-ae8b-027bb2658858@group-2C2C502A59F8-LeaderElection19: PRE_VOTE PASSED received 1 response(s) and 1 exception(s):
2024-04-09 12:04:36,916 [06c35c3a-0415-431d-ae8b-027bb2658858@group-2C2C502A59F8-LeaderElection19] INFO  impl.LeaderElection (LeaderElection.java:logAndReturn(93)) -   Response 0: 06c35c3a-0415-431d-ae8b-027bb2658858<-47f2b6e5-7d1c-4a61-9d74-1b86fd130309#0:OK-t1
2024-04-09 12:04:36,916 [06c35c3a-0415-431d-ae8b-027bb2658858@group-2C2C502A59F8-LeaderElection19] INFO  impl.LeaderElection (LogUtils.java:infoOrTrace(136)) -   Exception 1: java.util.concurrent.ExecutionException: org.apache.ratis.thirdparty.io.grpc.StatusRuntimeException: UNAVAILABLE: io exception
2024-04-09 12:04:36,916 [06c35c3a-0415-431d-ae8b-027bb2658858@group-2C2C502A59F8-LeaderElection19] INFO  impl.LeaderElection (LeaderElection.java:askForVotes(323)) - 06c35c3a-0415-431d-ae8b-027bb2658858@group-2C2C502A59F8-LeaderElection19 PRE_VOTE round 0: result PASSED
2024-04-09 12:04:36,917 [06c35c3a-0415-431d-ae8b-027bb2658858@group-2C2C502A59F8-LeaderElection19] INFO  impl.LeaderElection (LeaderElection.java:askForVotes(321)) - 06c35c3a-0415-431d-ae8b-027bb2658858@group-2C2C502A59F8-LeaderElection19 ELECTION round 0: submit vote requests at term 2 for -1: peers:[47f2b6e5-7d1c-4a61-9d74-1b86fd130309|10.1.0.103:15067, 06c35c3a-0415-431d-ae8b-027bb2658858|10.1.0.103:15076, c0a63e6c-c246-4c4b-b9bd-48fbdf84331c|10.1.0.103:15085]|listeners:[], old=null
2024-04-09 12:04:36,918 [06c35c3a-0415-431d-ae8b-027bb2658858@group-2C2C502A59F8-LeaderElection19] INFO  impl.LeaderElection (LogUtils.java:infoOrTrace(136)) - 06c35c3a-0415-431d-ae8b-027bb2658858@group-2C2C502A59F8-LeaderElection19 got exception when requesting votes: java.util.concurrent.ExecutionException: org.apache.ratis.thirdparty.io.grpc.StatusRuntimeException: UNAVAILABLE: io exception
2024-04-09 12:04:36,919 [grpc-default-executor-2] INFO  server.RaftServer$Division (RaftServerImpl.java:requestVote(1389)) - 47f2b6e5-7d1c-4a61-9d74-1b86fd130309@group-2C2C502A59F8: receive requestVote(ELECTION, 06c35c3a-0415-431d-ae8b-027bb2658858, group-2C2C502A59F8, 2, (t:0, i:0))
2024-04-09 12:04:36,919 [grpc-default-executor-2] INFO  impl.VoteContext (VoteContext.java:log(49)) - 47f2b6e5-7d1c-4a61-9d74-1b86fd130309@group-2C2C502A59F8-FOLLOWER: accept ELECTION from 06c35c3a-0415-431d-ae8b-027bb2658858: our priority 0 <= candidate's priority 0
2024-04-09 12:04:36,919 [grpc-default-executor-2] INFO  server.RaftServer$Division (RaftServerImpl.java:setRole(383)) - 47f2b6e5-7d1c-4a61-9d74-1b86fd130309@group-2C2C502A59F8: changes role from  FOLLOWER to FOLLOWER at term 2 for candidate:06c35c3a-0415-431d-ae8b-027bb2658858
2024-04-09 12:04:36,919 [grpc-default-executor-2] INFO  impl.RoleInfo (RoleInfo.java:shutdownFollowerState(110)) - 47f2b6e5-7d1c-4a61-9d74-1b86fd130309: shutdown 47f2b6e5-7d1c-4a61-9d74-1b86fd130309@group-2C2C502A59F8-FollowerState
2024-04-09 12:04:36,920 [grpc-default-executor-2] INFO  impl.RoleInfo (RoleInfo.java:updateAndGet(139)) - 47f2b6e5-7d1c-4a61-9d74-1b86fd130309: start 47f2b6e5-7d1c-4a61-9d74-1b86fd130309@group-2C2C502A59F8-FollowerState
2024-04-09 12:04:36,920 [47f2b6e5-7d1c-4a61-9d74-1b86fd130309@group-2C2C502A59F8-FollowerState] INFO  impl.FollowerState (FollowerState.java:run(152)) - 47f2b6e5-7d1c-4a61-9d74-1b86fd130309@group-2C2C502A59F8-FollowerState was interrupted
2024-04-09 12:04:36,921 [grpc-default-executor-2] INFO  server.RaftServer$Division (RaftServerImpl.java:requestVote(1422)) - 47f2b6e5-7d1c-4a61-9d74-1b86fd130309@group-2C2C502A59F8 replies to ELECTION vote request: 06c35c3a-0415-431d-ae8b-027bb2658858<-47f2b6e5-7d1c-4a61-9d74-1b86fd130309#0:OK-t2. Peer's state: 47f2b6e5-7d1c-4a61-9d74-1b86fd130309@group-2C2C502A59F8:t2, leader=null, voted=06c35c3a-0415-431d-ae8b-027bb2658858, raftlog=Memoized:47f2b6e5-7d1c-4a61-9d74-1b86fd130309@group-2C2C502A59F8-SegmentedRaftLog:OPENED:c-1, conf=-1: peers:[47f2b6e5-7d1c-4a61-9d74-1b86fd130309|10.1.0.103:15067, 06c35c3a-0415-431d-ae8b-027bb2658858|10.1.0.103:15076, c0a63e6c-c246-4c4b-b9bd-48fbdf84331c|10.1.0.103:15085]|listeners:[], old=null
2024-04-09 12:04:36,921 [06c35c3a-0415-431d-ae8b-027bb2658858@group-2C2C502A59F8-LeaderElection19] INFO  impl.LeaderElection (LeaderElection.java:logAndReturn(89)) - 06c35c3a-0415-431d-ae8b-027bb2658858@group-2C2C502A59F8-LeaderElection19: ELECTION PASSED received 1 response(s) and 1 exception(s):
2024-04-09 12:04:36,921 [06c35c3a-0415-431d-ae8b-027bb2658858@group-2C2C502A59F8-LeaderElection19] INFO  impl.LeaderElection (LeaderElection.java:logAndReturn(93)) -   Response 0: 06c35c3a-0415-431d-ae8b-027bb2658858<-47f2b6e5-7d1c-4a61-9d74-1b86fd130309#0:OK-t2
2024-04-09 12:04:36,921 [06c35c3a-0415-431d-ae8b-027bb2658858@group-2C2C502A59F8-LeaderElection19] INFO  impl.LeaderElection (LogUtils.java:infoOrTrace(136)) -   Exception 1: java.util.concurrent.ExecutionException: org.apache.ratis.thirdparty.io.grpc.StatusRuntimeException: UNAVAILABLE: io exception
2024-04-09 12:04:36,922 [06c35c3a-0415-431d-ae8b-027bb2658858@group-2C2C502A59F8-LeaderElection19] INFO  impl.LeaderElection (LeaderElection.java:askForVotes(323)) - 06c35c3a-0415-431d-ae8b-027bb2658858@group-2C2C502A59F8-LeaderElection19 ELECTION round 0: result PASSED
2024-04-09 12:04:36,922 [06c35c3a-0415-431d-ae8b-027bb2658858@group-2C2C502A59F8-LeaderElection19] INFO  impl.RoleInfo (RoleInfo.java:shutdownLeaderElection(130)) - 06c35c3a-0415-431d-ae8b-027bb2658858: shutdown 06c35c3a-0415-431d-ae8b-027bb2658858@group-2C2C502A59F8-LeaderElection19
2024-04-09 12:04:36,922 [06c35c3a-0415-431d-ae8b-027bb2658858@group-2C2C502A59F8-LeaderElection19] INFO  server.RaftServer$Division (RaftServerImpl.java:setRole(383)) - 06c35c3a-0415-431d-ae8b-027bb2658858@group-2C2C502A59F8: changes role from CANDIDATE to LEADER at term 2 for changeToLeader
2024-04-09 12:04:36,922 [06c35c3a-0415-431d-ae8b-027bb2658858@group-2C2C502A59F8-LeaderElection19] INFO  server.RaftServerConfigKeys (ConfUtils.java:logGet(46)) - raft.server.staging.catchup.gap = 1000 (default)
2024-04-09 12:04:36,922 [06c35c3a-0415-431d-ae8b-027bb2658858@group-2C2C502A59F8-LeaderElection19] INFO  server.RaftServerConfigKeys (ConfUtils.java:logGet(46)) - raft.server.write.element-limit = 1024 (custom)
2024-04-09 12:04:36,922 [06c35c3a-0415-431d-ae8b-027bb2658858@group-2C2C502A59F8-LeaderElection19] INFO  server.RaftServerConfigKeys (ConfUtils.java:logGet(46)) - raft.server.write.byte-limit = 1024 M (=1073741824) (custom)
2024-04-09 12:04:36,922 [06c35c3a-0415-431d-ae8b-027bb2658858@group-2C2C502A59F8-LeaderElection19] INFO  server.RaftServerConfigKeys (ConfUtils.java:logGet(46)) - raft.server.watch.timeout = 3000ms (custom)
2024-04-09 12:04:36,922 [06c35c3a-0415-431d-ae8b-027bb2658858@group-2C2C502A59F8-LeaderElection19] INFO  server.RaftServerConfigKeys (ConfUtils.java:logGet(46)) - raft.server.watch.timeout.denomination = 1s (default)
2024-04-09 12:04:36,922 [06c35c3a-0415-431d-ae8b-027bb2658858@group-2C2C502A59F8-LeaderElection19] INFO  server.RaftServerConfigKeys (ConfUtils.java:logGet(46)) - raft.server.watch.element-limit = 65536 (default)
2024-04-09 12:04:36,922 [06c35c3a-0415-431d-ae8b-027bb2658858@group-2C2C502A59F8-LeaderElection19] INFO  server.RaftServerConfigKeys (ConfUtils.java:logGet(46)) - raft.server.read.leader.lease.enabled = false (default)
2024-04-09 12:04:36,922 [06c35c3a-0415-431d-ae8b-027bb2658858@group-2C2C502A59F8-LeaderElection19] INFO  server.RaftServerConfigKeys (ConfUtils.java:logGet(46)) - raft.server.read.leader.lease.timeout.ratio = 0.9 (default)
2024-04-09 12:04:36,922 [06c35c3a-0415-431d-ae8b-027bb2658858@group-2C2C502A59F8-LeaderElection19] INFO  server.RaftServerConfigKeys (ConfUtils.java:logGet(46)) - raft.server.rpc.timeout.min = 5s (custom)
2024-04-09 12:04:36,923 [06c35c3a-0415-431d-ae8b-027bb2658858@group-2C2C502A59F8-LeaderElection19] INFO  server.RaftServerConfigKeys (ConfUtils.java:logGet(46)) - raft.server.write.element-limit = 1024 (custom)
2024-04-09 12:04:36,923 [06c35c3a-0415-431d-ae8b-027bb2658858@group-2C2C502A59F8-LeaderElection19] INFO  server.RaftServerConfigKeys (ConfUtils.java:logGet(46)) - raft.server.write.follower.gap.ratio.max = -1.0 (default)
2024-04-09 12:04:36,923 [06c35c3a-0415-431d-ae8b-027bb2658858@group-2C2C502A59F8-LeaderElection19] INFO  server.RaftServerConfigKeys (ConfUtils.java:logGet(46)) - raft.server.log.appender.snapshot.chunk.size.max = 16MB (=16777216) (default)
2024-04-09 12:04:36,923 [06c35c3a-0415-431d-ae8b-027bb2658858@group-2C2C502A59F8-LeaderElection19] INFO  server.RaftServerConfigKeys (ConfUtils.java:logGet(46)) - raft.server.log.appender.buffer.byte-limit = 8388608 (custom)
2024-04-09 12:04:36,923 [06c35c3a-0415-431d-ae8b-027bb2658858@group-2C2C502A59F8-LeaderElection19] INFO  server.RaftServerConfigKeys (ConfUtils.java:logGet(46)) - raft.server.log.appender.buffer.element-limit = 1 (custom)
2024-04-09 12:04:36,923 [06c35c3a-0415-431d-ae8b-027bb2658858@group-2C2C502A59F8-LeaderElection19] INFO  server.RaftServerConfigKeys (ConfUtils.java:logGet(46)) - raft.server.log.appender.wait-time.min = 0ms (custom)
2024-04-09 12:04:36,923 [06c35c3a-0415-431d-ae8b-027bb2658858@group-2C2C502A59F8-LeaderElection19] INFO  grpc.GrpcConfigKeys (ConfUtils.java:logGet(46)) - raft.grpc.server.leader.outstanding.appends.max = 8 (default)
2024-04-09 12:04:36,923 [06c35c3a-0415-431d-ae8b-027bb2658858@group-2C2C502A59F8-LeaderElection19] INFO  server.RaftServerConfigKeys (ConfUtils.java:logGet(46)) - raft.server.rpc.request.timeout = 3000ms (default)
2024-04-09 12:04:36,923 [06c35c3a-0415-431d-ae8b-027bb2658858@group-2C2C502A59F8-LeaderElection19] INFO  grpc.GrpcConfigKeys (ConfUtils.java:logGet(46)) - raft.grpc.server.install_snapshot.request.element-limit = 8 (default)
2024-04-09 12:04:36,924 [06c35c3a-0415-431d-ae8b-027bb2658858@group-2C2C502A59F8-LeaderElection19] INFO  grpc.GrpcConfigKeys (ConfUtils.java:logGet(46)) - raft.grpc.server.install_snapshot.request.timeout = 3000ms (default)
2024-04-09 12:04:36,924 [06c35c3a-0415-431d-ae8b-027bb2658858@group-2C2C502A59F8-LeaderElection19] INFO  grpc.GrpcConfigKeys (ConfUtils.java:logGet(46)) - raft.grpc.server.log-message.batch.duration = 5s (default)
2024-04-09 12:04:36,924 [06c35c3a-0415-431d-ae8b-027bb2658858@group-2C2C502A59F8-LeaderElection19] INFO  server.RaftServerConfigKeys (ConfUtils.java:logGet(46)) - raft.server.log.appender.install.snapshot.enabled = false (custom)
2024-04-09 12:04:36,924 [06c35c3a-0415-431d-ae8b-027bb2658858@group-2C2C502A59F8-LeaderElection19] INFO  grpc.GrpcConfigKeys (ConfUtils.java:logGet(46)) - raft.grpc.server.heartbeat.channel = true (default)
2024-04-09 12:04:36,925 [06c35c3a-0415-431d-ae8b-027bb2658858@group-2C2C502A59F8-LeaderElection19] INFO  server.RaftServerConfigKeys (ConfUtils.java:logGet(46)) - raft.server.log.appender.snapshot.chunk.size.max = 16MB (=16777216) (default)
2024-04-09 12:04:36,925 [06c35c3a-0415-431d-ae8b-027bb2658858@group-2C2C502A59F8-LeaderElection19] INFO  server.RaftServerConfigKeys (ConfUtils.java:logGet(46)) - raft.server.log.appender.buffer.byte-limit = 8388608 (custom)
2024-04-09 12:04:36,925 [06c35c3a-0415-431d-ae8b-027bb2658858@group-2C2C502A59F8-LeaderElection19] INFO  server.RaftServerConfigKeys (ConfUtils.java:logGet(46)) - raft.server.log.appender.buffer.element-limit = 1 (custom)
2024-04-09 12:04:36,925 [06c35c3a-0415-431d-ae8b-027bb2658858@group-2C2C502A59F8-LeaderElection19] INFO  server.RaftServerConfigKeys (ConfUtils.java:logGet(46)) - raft.server.log.appender.wait-time.min = 0ms (custom)
2024-04-09 12:04:36,925 [06c35c3a-0415-431d-ae8b-027bb2658858@group-2C2C502A59F8-LeaderElection19] INFO  grpc.GrpcConfigKeys (ConfUtils.java:logGet(46)) - raft.grpc.server.leader.outstanding.appends.max = 8 (default)
2024-04-09 12:04:36,925 [06c35c3a-0415-431d-ae8b-027bb2658858@group-2C2C502A59F8-LeaderElection19] INFO  server.RaftServerConfigKeys (ConfUtils.java:logGet(46)) - raft.server.rpc.request.timeout = 3000ms (default)
2024-04-09 12:04:36,925 [06c35c3a-0415-431d-ae8b-027bb2658858@group-2C2C502A59F8-LeaderElection19] INFO  grpc.GrpcConfigKeys (ConfUtils.java:logGet(46)) - raft.grpc.server.install_snapshot.request.element-limit = 8 (default)
2024-04-09 12:04:36,925 [06c35c3a-0415-431d-ae8b-027bb2658858@group-2C2C502A59F8-LeaderElection19] INFO  grpc.GrpcConfigKeys (ConfUtils.java:logGet(46)) - raft.grpc.server.install_snapshot.request.timeout = 3000ms (default)
2024-04-09 12:04:36,925 [06c35c3a-0415-431d-ae8b-027bb2658858@group-2C2C502A59F8-LeaderElection19] INFO  grpc.GrpcConfigKeys (ConfUtils.java:logGet(46)) - raft.grpc.server.log-message.batch.duration = 5s (default)
2024-04-09 12:04:36,925 [06c35c3a-0415-431d-ae8b-027bb2658858@group-2C2C502A59F8-LeaderElection19] INFO  server.RaftServerConfigKeys (ConfUtils.java:logGet(46)) - raft.server.log.appender.install.snapshot.enabled = false (custom)
2024-04-09 12:04:36,926 [06c35c3a-0415-431d-ae8b-027bb2658858@group-2C2C502A59F8-LeaderElection19] INFO  grpc.GrpcConfigKeys (ConfUtils.java:logGet(46)) - raft.grpc.server.heartbeat.channel = true (default)
2024-04-09 12:04:36,926 [06c35c3a-0415-431d-ae8b-027bb2658858@group-2C2C502A59F8-LeaderElection19] INFO  impl.RoleInfo (RoleInfo.java:updateAndGet(139)) - 06c35c3a-0415-431d-ae8b-027bb2658858: start 06c35c3a-0415-431d-ae8b-027bb2658858@group-2C2C502A59F8-LeaderStateImpl
2024-04-09 12:04:36,926 [06c35c3a-0415-431d-ae8b-027bb2658858@group-2C2C502A59F8-LeaderElection19] INFO  ratis.XceiverServerRatis (XceiverServerRatis.java:handleLeaderChangedNotification(966)) - Leader change notification received for group: group-2C2C502A59F8 with new leaderId: 06c35c3a-0415-431d-ae8b-027bb2658858
2024-04-09 12:04:36,926 [06c35c3a-0415-431d-ae8b-027bb2658858@group-2C2C502A59F8-LeaderElection19] INFO  server.RaftServer$Division (ServerState.java:setLeader(269)) - 06c35c3a-0415-431d-ae8b-027bb2658858@group-2C2C502A59F8: change Leader from null to 06c35c3a-0415-431d-ae8b-027bb2658858 at term 2 for becomeLeader, leader elected after 15440ms
2024-04-09 12:04:36,926 [06c35c3a-0415-431d-ae8b-027bb2658858@group-2C2C502A59F8-LeaderElection19] INFO  segmented.SegmentedRaftLogWorker (SegmentedRaftLogWorker.java:startLogSegment(430)) - 06c35c3a-0415-431d-ae8b-027bb2658858@group-2C2C502A59F8-SegmentedRaftLogWorker: Starting segment from index:0
2024-04-09 12:04:36,927 [06c35c3a-0415-431d-ae8b-027bb2658858@group-2C2C502A59F8-LeaderElection19] INFO  server.RaftServer$Division (ServerState.java:setRaftConf(386)) - 06c35c3a-0415-431d-ae8b-027bb2658858@group-2C2C502A59F8: set configuration 0: peers:[47f2b6e5-7d1c-4a61-9d74-1b86fd130309|10.1.0.103:15067, 06c35c3a-0415-431d-ae8b-027bb2658858|10.1.0.103:15076, c0a63e6c-c246-4c4b-b9bd-48fbdf84331c|10.1.0.103:15085]|listeners:[], old=null
2024-04-09 12:04:36,927 [06c35c3a-0415-431d-ae8b-027bb2658858@group-2C2C502A59F8-SegmentedRaftLogWorker] INFO  segmented.BufferedWriteChannel (BufferedWriteChannel.java:open(62)) - open log_inprogress_0 at position 0
2024-04-09 12:04:36,928 [EventQueue-PipelineReportForPipelineReportHandler] INFO  pipeline.PipelineReportHandler (PipelineReportHandler.java:processPipelineReport(136)) - Opened pipeline PipelineID=b8bf2288-a83f-4302-a707-2c2c502a59f8
2024-04-09 12:04:36,931 [grpc-default-executor-2] WARN  server.GrpcLogAppender (LogUtils.java:warn(121)) - 06c35c3a-0415-431d-ae8b-027bb2658858@group-2C2C502A59F8->c0a63e6c-c246-4c4b-b9bd-48fbdf84331c-AppendLogResponseHandler: Failed appendEntries: org.apache.ratis.thirdparty.io.grpc.StatusRuntimeException: UNAVAILABLE: io exception
2024-04-09 12:04:36,932 [grpc-default-executor-2] WARN  server.GrpcLogAppender (GrpcLogAppender.java:lambda$resetClient$1(217)) - 06c35c3a-0415-431d-ae8b-027bb2658858@group-2C2C502A59F8->c0a63e6c-c246-4c4b-b9bd-48fbdf84331c-GrpcLogAppender: Follower failed (request=null, errorCount=1); keep nextIndex (0) unchanged and retry.
2024-04-09 12:04:36,934 [06c35c3a-0415-431d-ae8b-027bb2658858@group-2C2C502A59F8-SegmentedRaftLogWorker] INFO  segmented.SegmentedRaftLogWorker (SegmentedRaftLogWorker.java:execute(634)) - 06c35c3a-0415-431d-ae8b-027bb2658858@group-2C2C502A59F8-SegmentedRaftLogWorker: created new log segment /home/runner/work/ozone/ozone/hadoop-ozone/integration-test/target/test-dir/MiniOzoneClusterImpl-00066f73-fe04-48fd-9c2f-afd3971143fc/ozone-meta/datanode-2/ratis/b8bf2288-a83f-4302-a707-2c2c502a59f8/current/log_inprogress_0
2024-04-09 12:04:36,938 [47f2b6e5-7d1c-4a61-9d74-1b86fd130309-server-thread1] INFO  ratis.XceiverServerRatis (XceiverServerRatis.java:handleLeaderChangedNotification(966)) - Leader change notification received for group: group-2C2C502A59F8 with new leaderId: 06c35c3a-0415-431d-ae8b-027bb2658858
2024-04-09 12:04:36,938 [grpc-default-executor-0] WARN  server.GrpcLogAppender (GrpcLogAppender.java:lambda$resetClient$1(217)) - 06c35c3a-0415-431d-ae8b-027bb2658858@group-2C2C502A59F8->c0a63e6c-c246-4c4b-b9bd-48fbdf84331c-GrpcLogAppender: Follower failed (request=null, errorCount=3); keep nextIndex (1) unchanged and retry.
2024-04-09 12:04:36,938 [47f2b6e5-7d1c-4a61-9d74-1b86fd130309-server-thread1] INFO  server.RaftServer$Division (ServerState.java:setLeader(269)) - 47f2b6e5-7d1c-4a61-9d74-1b86fd130309@group-2C2C502A59F8: change Leader from null to 06c35c3a-0415-431d-ae8b-027bb2658858 at term 2 for appendEntries, leader elected after 15529ms
2024-04-09 12:04:36,941 [47f2b6e5-7d1c-4a61-9d74-1b86fd130309-server-thread2] INFO  server.RaftServer$Division (ServerState.java:setRaftConf(386)) - 47f2b6e5-7d1c-4a61-9d74-1b86fd130309@group-2C2C502A59F8: set configuration 0: peers:[47f2b6e5-7d1c-4a61-9d74-1b86fd130309|10.1.0.103:15067, 06c35c3a-0415-431d-ae8b-027bb2658858|10.1.0.103:15076, c0a63e6c-c246-4c4b-b9bd-48fbdf84331c|10.1.0.103:15085]|listeners:[], old=null
2024-04-09 12:04:36,941 [47f2b6e5-7d1c-4a61-9d74-1b86fd130309-server-thread2] INFO  segmented.SegmentedRaftLogWorker (SegmentedRaftLogWorker.java:startLogSegment(430)) - 47f2b6e5-7d1c-4a61-9d74-1b86fd130309@group-2C2C502A59F8-SegmentedRaftLogWorker: Starting segment from index:0
2024-04-09 12:04:36,941 [47f2b6e5-7d1c-4a61-9d74-1b86fd130309@group-2C2C502A59F8-SegmentedRaftLogWorker] INFO  segmented.BufferedWriteChannel (BufferedWriteChannel.java:open(62)) - open log_inprogress_0 at position 0
2024-04-09 12:04:36,948 [47f2b6e5-7d1c-4a61-9d74-1b86fd130309@group-2C2C502A59F8-SegmentedRaftLogWorker] INFO  segmented.SegmentedRaftLogWorker (SegmentedRaftLogWorker.java:execute(634)) - 47f2b6e5-7d1c-4a61-9d74-1b86fd130309@group-2C2C502A59F8-SegmentedRaftLogWorker: created new log segment /home/runner/work/ozone/ozone/hadoop-ozone/integration-test/target/test-dir/MiniOzoneClusterImpl-00066f73-fe04-48fd-9c2f-afd3971143fc/ozone-meta/datanode-1/ratis/b8bf2288-a83f-4302-a707-2c2c502a59f8/current/log_inprogress_0
2024-04-09 12:04:36,951 [06c35c3a-0415-431d-ae8b-027bb2658858@group-2C2C502A59F8-StateMachineUpdater] INFO  server.RaftServer$Division (LeaderStateImpl.java:isApplied(320)) - leader is ready since appliedIndex == 0 >= startIndex == 0
2024-04-09 12:04:38,000 [timer4] WARN  server.GrpcLogAppender (LogUtils.java:warn(121)) - 47f2b6e5-7d1c-4a61-9d74-1b86fd130309@group-DB1D75A9E2DC->c0a63e6c-c246-4c4b-b9bd-48fbdf84331c-AppendLogResponseHandler: Failed appendEntries (Repeated 8 times in the last 5.001s): org.apache.ratis.thirdparty.io.grpc.StatusRuntimeException: UNAVAILABLE: io exception
2024-04-09 12:04:38,000 [timer5] WARN  server.GrpcLogAppender (GrpcLogAppender.java:lambda$resetClient$1(217)) - 47f2b6e5-7d1c-4a61-9d74-1b86fd130309@group-DB1D75A9E2DC->c0a63e6c-c246-4c4b-b9bd-48fbdf84331c-GrpcLogAppender: Follower failed (request=null, errorCount=16); keep nextIndex (9) unchanged and retry. (Repeated 8 times in the last 5.000s)
2024-04-09 12:04:39,092 [grpc-default-executor-2] WARN  server.GrpcLogAppender (LogUtils.java:warn(121)) - 47f2b6e5-7d1c-4a61-9d74-1b86fd130309@group-DB1D75A9E2DC->c0a63e6c-c246-4c4b-b9bd-48fbdf84331c-AppendLogResponseHandler: Failed appendEntries: org.apache.ratis.thirdparty.io.grpc.StatusRuntimeException: UNAVAILABLE: io exception
2024-04-09 12:04:39,093 [grpc-default-executor-3] WARN  server.GrpcLogAppender (GrpcLogAppender.java:lambda$resetClient$1(217)) - 47f2b6e5-7d1c-4a61-9d74-1b86fd130309@group-DB1D75A9E2DC->c0a63e6c-c246-4c4b-b9bd-48fbdf84331c-GrpcLogAppender: Follower failed (request=null, errorCount=17); keep nextIndex (9) unchanged and retry.
2024-04-09 12:04:41,931 [timer7] WARN  server.GrpcLogAppender (LogUtils.java:warn(121)) - 06c35c3a-0415-431d-ae8b-027bb2658858@group-2C2C502A59F8->c0a63e6c-c246-4c4b-b9bd-48fbdf84331c-AppendLogResponseHandler: Failed appendEntries (Repeated 10 times in the last 5.000s): org.apache.ratis.thirdparty.io.grpc.StatusRuntimeException: UNAVAILABLE: io exception
2024-04-09 12:04:41,932 [timer0] WARN  server.GrpcLogAppender (GrpcLogAppender.java:lambda$resetClient$1(217)) - 06c35c3a-0415-431d-ae8b-027bb2658858@group-2C2C502A59F8->c0a63e6c-c246-4c4b-b9bd-48fbdf84331c-GrpcLogAppender: Follower failed (request=null, errorCount=2); keep nextIndex (0) unchanged and retry. (Repeated 2 times in the last 5.000s)
2024-04-09 12:04:41,938 [timer3] WARN  server.GrpcLogAppender (GrpcLogAppender.java:lambda$resetClient$1(217)) - 06c35c3a-0415-431d-ae8b-027bb2658858@group-2C2C502A59F8->c0a63e6c-c246-4c4b-b9bd-48fbdf84331c-GrpcLogAppender: Follower failed (request=null, errorCount=10); keep nextIndex (1) unchanged and retry. (Repeated 8 times in the last 5.000s)
2024-04-09 12:04:41,943 [grpc-default-executor-3] WARN  server.GrpcLogAppender (LogUtils.java:warn(121)) - 06c35c3a-0415-431d-ae8b-027bb2658858@group-2C2C502A59F8->c0a63e6c-c246-4c4b-b9bd-48fbdf84331c-AppendLogResponseHandler: Failed appendEntries: org.apache.ratis.thirdparty.io.grpc.StatusRuntimeException: UNAVAILABLE: io exception
2024-04-09 12:04:41,945 [grpc-default-executor-2] WARN  server.GrpcLogAppender (GrpcLogAppender.java:lambda$resetClient$1(217)) - 06c35c3a-0415-431d-ae8b-027bb2658858@group-2C2C502A59F8->c0a63e6c-c246-4c4b-b9bd-48fbdf84331c-GrpcLogAppender: Follower failed (request=null, errorCount=11); keep nextIndex (1) unchanged and retry.
2024-04-09 12:04:44,093 [timer4] WARN  server.GrpcLogAppender (LogUtils.java:warn(121)) - 47f2b6e5-7d1c-4a61-9d74-1b86fd130309@group-DB1D75A9E2DC->c0a63e6c-c246-4c4b-b9bd-48fbdf84331c-AppendLogResponseHandler: Failed appendEntries (Repeated 8 times in the last 5.001s): org.apache.ratis.thirdparty.io.grpc.StatusRuntimeException: UNAVAILABLE: io exception
2024-04-09 12:04:44,093 [timer5] WARN  server.GrpcLogAppender (GrpcLogAppender.java:lambda$resetClient$1(217)) - 47f2b6e5-7d1c-4a61-9d74-1b86fd130309@group-DB1D75A9E2DC->c0a63e6c-c246-4c4b-b9bd-48fbdf84331c-GrpcLogAppender: Follower failed (request=null, errorCount=24); keep nextIndex (9) unchanged and retry. (Repeated 8 times in the last 5.000s)
2024-04-09 12:04:45,629 [grpc-default-executor-3] WARN  server.GrpcLogAppender (LogUtils.java:warn(121)) - 47f2b6e5-7d1c-4a61-9d74-1b86fd130309@group-DB1D75A9E2DC->c0a63e6c-c246-4c4b-b9bd-48fbdf84331c-AppendLogResponseHandler: Failed appendEntries: org.apache.ratis.thirdparty.io.grpc.StatusRuntimeException: UNAVAILABLE: io exception
2024-04-09 12:04:45,630 [grpc-default-executor-2] WARN  server.GrpcLogAppender (GrpcLogAppender.java:lambda$resetClient$1(217)) - 47f2b6e5-7d1c-4a61-9d74-1b86fd130309@group-DB1D75A9E2DC->c0a63e6c-c246-4c4b-b9bd-48fbdf84331c-GrpcLogAppender: Follower failed (request=null, errorCount=25); keep nextIndex (9) unchanged and retry.
2024-04-09 12:04:46,944 [timer2] WARN  server.GrpcLogAppender (LogUtils.java:warn(121)) - 06c35c3a-0415-431d-ae8b-027bb2658858@group-2C2C502A59F8->c0a63e6c-c246-4c4b-b9bd-48fbdf84331c-AppendLogResponseHandler: Failed appendEntries (Repeated 8 times in the last 5.001s): org.apache.ratis.thirdparty.io.grpc.StatusRuntimeException: UNAVAILABLE: io exception
2024-04-09 12:04:46,945 [timer3] WARN  server.GrpcLogAppender (GrpcLogAppender.java:lambda$resetClient$1(217)) - 06c35c3a-0415-431d-ae8b-027bb2658858@group-2C2C502A59F8->c0a63e6c-c246-4c4b-b9bd-48fbdf84331c-GrpcLogAppender: Follower failed (request=null, errorCount=18); keep nextIndex (1) unchanged and retry. (Repeated 8 times in the last 5.000s)
2024-04-09 12:04:48,893 [grpc-default-executor-3] WARN  server.GrpcLogAppender (LogUtils.java:warn(121)) - 06c35c3a-0415-431d-ae8b-027bb2658858@group-2C2C502A59F8->c0a63e6c-c246-4c4b-b9bd-48fbdf84331c-AppendLogResponseHandler: Failed appendEntries: org.apache.ratis.thirdparty.io.grpc.StatusRuntimeException: UNAVAILABLE: io exception
2024-04-09 12:04:48,894 [grpc-default-executor-2] WARN  server.GrpcLogAppender (GrpcLogAppender.java:lambda$resetClient$1(217)) - 06c35c3a-0415-431d-ae8b-027bb2658858@group-2C2C502A59F8->c0a63e6c-c246-4c4b-b9bd-48fbdf84331c-GrpcLogAppender: Follower failed (request=null, errorCount=19); keep nextIndex (1) unchanged and retry.
2024-04-09 12:04:50,630 [timer1] WARN  server.GrpcLogAppender (GrpcLogAppender.java:lambda$resetClient$1(217)) - 47f2b6e5-7d1c-4a61-9d74-1b86fd130309@group-DB1D75A9E2DC->c0a63e6c-c246-4c4b-b9bd-48fbdf84331c-GrpcLogAppender: Follower failed (request=null, errorCount=30); keep nextIndex (9) unchanged and retry. (Repeated 6 times in the last 5.000s)
2024-04-09 12:04:50,631 [timer0] WARN  server.GrpcLogAppender (LogUtils.java:warn(121)) - 47f2b6e5-7d1c-4a61-9d74-1b86fd130309@group-DB1D75A9E2DC->c0a63e6c-c246-4c4b-b9bd-48fbdf84331c-AppendLogResponseHandler: Failed appendEntries (Repeated 6 times in the last 5.002s): org.apache.ratis.thirdparty.io.grpc.StatusRuntimeException: UNAVAILABLE: io exception
2024-04-09 12:04:51,508 [grpc-default-executor-3] WARN  server.GrpcLogAppender (LogUtils.java:warn(121)) - 47f2b6e5-7d1c-4a61-9d74-1b86fd130309@group-DB1D75A9E2DC->c0a63e6c-c246-4c4b-b9bd-48fbdf84331c-AppendLogResponseHandler: Failed appendEntries: org.apache.ratis.thirdparty.io.grpc.StatusRuntimeException: UNAVAILABLE: io exception
2024-04-09 12:04:51,509 [grpc-default-executor-2] WARN  server.GrpcLogAppender (GrpcLogAppender.java:lambda$resetClient$1(217)) - 47f2b6e5-7d1c-4a61-9d74-1b86fd130309@group-DB1D75A9E2DC->c0a63e6c-c246-4c4b-b9bd-48fbdf84331c-GrpcLogAppender: Follower failed (request=null, errorCount=31); keep nextIndex (9) unchanged and retry.
2024-04-09 12:04:53,894 [timer7] WARN  server.GrpcLogAppender (LogUtils.java:warn(121)) - 06c35c3a-0415-431d-ae8b-027bb2658858@group-2C2C502A59F8->c0a63e6c-c246-4c4b-b9bd-48fbdf84331c-AppendLogResponseHandler: Failed appendEntries (Repeated 6 times in the last 5.001s): org.apache.ratis.thirdparty.io.grpc.StatusRuntimeException: UNAVAILABLE: io exception
2024-04-09 12:04:53,895 [timer0] WARN  server.GrpcLogAppender (GrpcLogAppender.java:lambda$resetClient$1(217)) - 06c35c3a-0415-431d-ae8b-027bb2658858@group-2C2C502A59F8->c0a63e6c-c246-4c4b-b9bd-48fbdf84331c-GrpcLogAppender: Follower failed (request=null, errorCount=24); keep nextIndex (1) unchanged and retry. (Repeated 6 times in the last 5.000s)
2024-04-09 12:04:54,475 [grpc-default-executor-2] WARN  server.GrpcLogAppender (LogUtils.java:warn(121)) - 06c35c3a-0415-431d-ae8b-027bb2658858@group-2C2C502A59F8->c0a63e6c-c246-4c4b-b9bd-48fbdf84331c-AppendLogResponseHandler: Failed appendEntries: org.apache.ratis.thirdparty.io.grpc.StatusRuntimeException: UNAVAILABLE: io exception
2024-04-09 12:04:54,478 [grpc-default-executor-3] WARN  server.GrpcLogAppender (GrpcLogAppender.java:lambda$resetClient$1(217)) - 06c35c3a-0415-431d-ae8b-027bb2658858@group-2C2C502A59F8->c0a63e6c-c246-4c4b-b9bd-48fbdf84331c-GrpcLogAppender: Follower failed (request=null, errorCount=25); keep nextIndex (1) unchanged and retry.
2024-04-09 12:04:56,510 [timer0] WARN  server.GrpcLogAppender (LogUtils.java:warn(121)) - 47f2b6e5-7d1c-4a61-9d74-1b86fd130309@group-DB1D75A9E2DC->c0a63e6c-c246-4c4b-b9bd-48fbdf84331c-AppendLogResponseHandler: Failed appendEntries (Repeated 2 times in the last 5.002s): org.apache.ratis.thirdparty.io.grpc.StatusRuntimeException: UNAVAILABLE: io exception
2024-04-09 12:04:56,510 [timer1] WARN  server.GrpcLogAppender (GrpcLogAppender.java:lambda$resetClient$1(217)) - 47f2b6e5-7d1c-4a61-9d74-1b86fd130309@group-DB1D75A9E2DC->c0a63e6c-c246-4c4b-b9bd-48fbdf84331c-GrpcLogAppender: Follower failed (request=null, errorCount=32); keep nextIndex (9) unchanged and retry. (Repeated 2 times in the last 5.001s)
2024-04-09 12:04:58,215 [grpc-default-executor-3] WARN  server.GrpcLogAppender (LogUtils.java:warn(121)) - 47f2b6e5-7d1c-4a61-9d74-1b86fd130309@group-DB1D75A9E2DC->c0a63e6c-c246-4c4b-b9bd-48fbdf84331c-AppendLogResponseHandler: Failed appendEntries: org.apache.ratis.thirdparty.io.grpc.StatusRuntimeException: UNAVAILABLE: io exception
2024-04-09 12:04:58,216 [grpc-default-executor-2] WARN  server.GrpcLogAppender (GrpcLogAppender.java:lambda$resetClient$1(217)) - 47f2b6e5-7d1c-4a61-9d74-1b86fd130309@group-DB1D75A9E2DC->c0a63e6c-c246-4c4b-b9bd-48fbdf84331c-GrpcLogAppender: Follower failed (request=null, errorCount=33); keep nextIndex (9) unchanged and retry.
2024-04-09 12:04:59,478 [timer2] WARN  server.GrpcLogAppender (LogUtils.java:warn(121)) - 06c35c3a-0415-431d-ae8b-027bb2658858@group-2C2C502A59F8->c0a63e6c-c246-4c4b-b9bd-48fbdf84331c-AppendLogResponseHandler: Failed appendEntries (Repeated 8 times in the last 5.003s): org.apache.ratis.thirdparty.io.grpc.StatusRuntimeException: UNAVAILABLE: io exception
2024-04-09 12:04:59,480 [timer3] WARN  server.GrpcLogAppender (GrpcLogAppender.java:lambda$resetClient$1(217)) - 06c35c3a-0415-431d-ae8b-027bb2658858@group-2C2C502A59F8->c0a63e6c-c246-4c4b-b9bd-48fbdf84331c-GrpcLogAppender: Follower failed (request=null, errorCount=32); keep nextIndex (1) unchanged and retry. (Repeated 8 times in the last 5.002s)
2024-04-09 12:05:03,216 [timer7] WARN  server.GrpcLogAppender (LogUtils.java:warn(121)) - 47f2b6e5-7d1c-4a61-9d74-1b86fd130309@group-DB1D75A9E2DC->c0a63e6c-c246-4c4b-b9bd-48fbdf84331c-AppendLogResponseHandler: Failed appendEntries (Repeated 2 times in the last 5.001s): org.apache.ratis.thirdparty.io.grpc.StatusRuntimeException: UNAVAILABLE: io exception
2024-04-09 12:05:03,217 [timer0] WARN  server.GrpcLogAppender (GrpcLogAppender.java:lambda$resetClient$1(217)) - 47f2b6e5-7d1c-4a61-9d74-1b86fd130309@group-DB1D75A9E2DC->c0a63e6c-c246-4c4b-b9bd-48fbdf84331c-GrpcLogAppender: Follower failed (request=null, errorCount=34); keep nextIndex (9) unchanged and retry. (Repeated 2 times in the last 5.001s)
2024-04-09 12:05:03,349 [grpc-default-executor-2] WARN  server.GrpcLogAppender (LogUtils.java:warn(121)) - 47f2b6e5-7d1c-4a61-9d74-1b86fd130309@group-DB1D75A9E2DC->c0a63e6c-c246-4c4b-b9bd-48fbdf84331c-AppendLogResponseHandler: Failed appendEntries: org.apache.ratis.thirdparty.io.grpc.StatusRuntimeException: UNAVAILABLE: io exception
2024-04-09 12:05:03,351 [grpc-default-executor-3] WARN  server.GrpcLogAppender (GrpcLogAppender.java:lambda$resetClient$1(217)) - 47f2b6e5-7d1c-4a61-9d74-1b86fd130309@group-DB1D75A9E2DC->c0a63e6c-c246-4c4b-b9bd-48fbdf84331c-GrpcLogAppender: Follower failed (request=null, errorCount=35); keep nextIndex (9) unchanged and retry.
2024-04-09 12:05:05,626 [grpc-default-executor-2] WARN  server.GrpcLogAppender (LogUtils.java:warn(121)) - 06c35c3a-0415-431d-ae8b-027bb2658858@group-2C2C502A59F8->c0a63e6c-c246-4c4b-b9bd-48fbdf84331c-AppendLogResponseHandler: Failed appendEntries: org.apache.ratis.thirdparty.io.grpc.StatusRuntimeException: UNAVAILABLE: io exception
2024-04-09 12:05:05,628 [grpc-default-executor-3] WARN  server.GrpcLogAppender (GrpcLogAppender.java:lambda$resetClient$1(217)) - 06c35c3a-0415-431d-ae8b-027bb2658858@group-2C2C502A59F8->c0a63e6c-c246-4c4b-b9bd-48fbdf84331c-GrpcLogAppender: Follower failed (request=null, errorCount=33); keep nextIndex (1) unchanged and retry.
2024-04-09 12:05:08,351 [timer3] WARN  server.GrpcLogAppender (LogUtils.java:warn(121)) - 47f2b6e5-7d1c-4a61-9d74-1b86fd130309@group-DB1D75A9E2DC->c0a63e6c-c246-4c4b-b9bd-48fbdf84331c-AppendLogResponseHandler: Failed appendEntries (Repeated 4 times in the last 5.001s): org.apache.ratis.thirdparty.io.grpc.StatusRuntimeException: UNAVAILABLE: io exception
2024-04-09 12:05:08,351 [timer4] WARN  server.GrpcLogAppender (GrpcLogAppender.java:lambda$resetClient$1(217)) - 47f2b6e5-7d1c-4a61-9d74-1b86fd130309@group-DB1D75A9E2DC->c0a63e6c-c246-4c4b-b9bd-48fbdf84331c-GrpcLogAppender: Follower failed (request=null, errorCount=38); keep nextIndex (9) unchanged and retry. (Repeated 4 times in the last 5.000s)
2024-04-09 12:05:10,627 [timer6] WARN  server.GrpcLogAppender (LogUtils.java:warn(121)) - 06c35c3a-0415-431d-ae8b-027bb2658858@group-2C2C502A59F8->c0a63e6c-c246-4c4b-b9bd-48fbdf84331c-AppendLogResponseHandler: Failed appendEntries (Repeated 4 times in the last 5.001s): org.apache.ratis.thirdparty.io.grpc.StatusRuntimeException: UNAVAILABLE: io exception
2024-04-09 12:05:10,628 [timer7] WARN  server.GrpcLogAppender (GrpcLogAppender.java:lambda$resetClient$1(217)) - 06c35c3a-0415-431d-ae8b-027bb2658858@group-2C2C502A59F8->c0a63e6c-c246-4c4b-b9bd-48fbdf84331c-GrpcLogAppender: Follower failed (request=null, errorCount=36); keep nextIndex (1) unchanged and retry. (Repeated 4 times in the last 5.000s)
2024-04-09 12:05:11,168 [grpc-default-executor-2] WARN  server.GrpcLogAppender (LogUtils.java:warn(121)) - 47f2b6e5-7d1c-4a61-9d74-1b86fd130309@group-DB1D75A9E2DC->c0a63e6c-c246-4c4b-b9bd-48fbdf84331c-AppendLogResponseHandler: Failed appendEntries: org.apache.ratis.thirdparty.io.grpc.StatusRuntimeException: UNAVAILABLE: io exception
2024-04-09 12:05:11,170 [grpc-default-executor-3] WARN  server.GrpcLogAppender (GrpcLogAppender.java:lambda$resetClient$1(217)) - 47f2b6e5-7d1c-4a61-9d74-1b86fd130309@group-DB1D75A9E2DC->c0a63e6c-c246-4c4b-b9bd-48fbdf84331c-GrpcLogAppender: Follower failed (request=null, errorCount=39); keep nextIndex (9) unchanged and retry.
2024-04-09 12:05:15,147 [grpc-default-executor-3] WARN  server.GrpcLogAppender (LogUtils.java:warn(121)) - 06c35c3a-0415-431d-ae8b-027bb2658858@group-2C2C502A59F8->c0a63e6c-c246-4c4b-b9bd-48fbdf84331c-AppendLogResponseHandler: Failed appendEntries: org.apache.ratis.thirdparty.io.grpc.StatusRuntimeException: UNAVAILABLE: io exception
2024-04-09 12:05:15,148 [grpc-default-executor-2] WARN  server.GrpcLogAppender (GrpcLogAppender.java:lambda$resetClient$1(217)) - 06c35c3a-0415-431d-ae8b-027bb2658858@group-2C2C502A59F8->c0a63e6c-c246-4c4b-b9bd-48fbdf84331c-GrpcLogAppender: Follower failed (request=null, errorCount=37); keep nextIndex (1) unchanged and retry.
2024-04-09 12:05:16,169 [timer5] WARN  server.GrpcLogAppender (LogUtils.java:warn(121)) - 47f2b6e5-7d1c-4a61-9d74-1b86fd130309@group-DB1D75A9E2DC->c0a63e6c-c246-4c4b-b9bd-48fbdf84331c-AppendLogResponseHandler: Failed appendEntries (Repeated 4 times in the last 5.001s): org.apache.ratis.thirdparty.io.grpc.StatusRuntimeException: UNAVAILABLE: io exception
2024-04-09 12:05:16,170 [timer6] WARN  server.GrpcLogAppender (GrpcLogAppender.java:lambda$resetClient$1(217)) - 47f2b6e5-7d1c-4a61-9d74-1b86fd130309@group-DB1D75A9E2DC->c0a63e6c-c246-4c4b-b9bd-48fbdf84331c-GrpcLogAppender: Follower failed (request=null, errorCount=42); keep nextIndex (9) unchanged and retry. (Repeated 4 times in the last 5.000s)
2024-04-09 12:05:16,312 [47f2b6e5-7d1c-4a61-9d74-1b86fd130309-BlockDeletingService#0] INFO  interfaces.ContainerDeletionChoosingPolicyTemplate (ContainerDeletionChoosingPolicyTemplate.java:chooseContainerForBlockDeletion(85)) - Chosen 0/5000 blocks from 0 candidate containers.
2024-04-09 12:05:16,377 [06c35c3a-0415-431d-ae8b-027bb2658858-BlockDeletingService#0] INFO  interfaces.ContainerDeletionChoosingPolicyTemplate (ContainerDeletionChoosingPolicyTemplate.java:chooseContainerForBlockDeletion(85)) - Chosen 0/5000 blocks from 0 candidate containers.
2024-04-09 12:05:16,446 [c0a63e6c-c246-4c4b-b9bd-48fbdf84331c-BlockDeletingService#0] INFO  interfaces.ContainerDeletionChoosingPolicyTemplate (ContainerDeletionChoosingPolicyTemplate.java:chooseContainerForBlockDeletion(85)) - Chosen 0/5000 blocks from 0 candidate containers.
2024-04-09 12:05:16,532 [7127763e-d356-4593-86a2-312e14def563-BlockDeletingService#0] INFO  interfaces.ContainerDeletionChoosingPolicyTemplate (ContainerDeletionChoosingPolicyTemplate.java:chooseContainerForBlockDeletion(85)) - Chosen 0/5000 blocks from 0 candidate containers.
2024-04-09 12:05:16,616 [a87d7804-de0d-4258-ad97-e1309df34ed1-BlockDeletingService#0] INFO  interfaces.ContainerDeletionChoosingPolicyTemplate (ContainerDeletionChoosingPolicyTemplate.java:chooseContainerForBlockDeletion(85)) - Chosen 0/5000 blocks from 0 candidate containers.
2024-04-09 12:05:20,148 [timer6] WARN  server.GrpcLogAppender (LogUtils.java:warn(121)) - 06c35c3a-0415-431d-ae8b-027bb2658858@group-2C2C502A59F8->c0a63e6c-c246-4c4b-b9bd-48fbdf84331c-AppendLogResponseHandler: Failed appendEntries (Repeated 4 times in the last 5.001s): org.apache.ratis.thirdparty.io.grpc.StatusRuntimeException: UNAVAILABLE: io exception
2024-04-09 12:05:20,149 [timer7] WARN  server.GrpcLogAppender (GrpcLogAppender.java:lambda$resetClient$1(217)) - 06c35c3a-0415-431d-ae8b-027bb2658858@group-2C2C502A59F8->c0a63e6c-c246-4c4b-b9bd-48fbdf84331c-GrpcLogAppender: Follower failed (request=null, errorCount=40); keep nextIndex (1) unchanged and retry. (Repeated 4 times in the last 5.000s)
2024-04-09 12:05:20,547 [grpc-default-executor-2] WARN  server.GrpcLogAppender (LogUtils.java:warn(121)) - 47f2b6e5-7d1c-4a61-9d74-1b86fd130309@group-DB1D75A9E2DC->c0a63e6c-c246-4c4b-b9bd-48fbdf84331c-AppendLogResponseHandler: Failed appendEntries: org.apache.ratis.thirdparty.io.grpc.StatusRuntimeException: UNAVAILABLE: io exception
2024-04-09 12:05:20,548 [grpc-default-executor-3] WARN  server.GrpcLogAppender (GrpcLogAppender.java:lambda$resetClient$1(217)) - 47f2b6e5-7d1c-4a61-9d74-1b86fd130309@group-DB1D75A9E2DC->c0a63e6c-c246-4c4b-b9bd-48fbdf84331c-GrpcLogAppender: Follower failed (request=null, errorCount=43); keep nextIndex (9) unchanged and retry.
2024-04-09 12:05:22,672 [grpc-default-executor-2] WARN  server.GrpcLogAppender (LogUtils.java:warn(121)) - 06c35c3a-0415-431d-ae8b-027bb2658858@group-2C2C502A59F8->c0a63e6c-c246-4c4b-b9bd-48fbdf84331c-AppendLogResponseHandler: Failed appendEntries: org.apache.ratis.thirdparty.io.grpc.StatusRuntimeException: UNAVAILABLE: io exception
2024-04-09 12:05:22,674 [grpc-default-executor-3] WARN  server.GrpcLogAppender (GrpcLogAppender.java:lambda$resetClient$1(217)) - 06c35c3a-0415-431d-ae8b-027bb2658858@group-2C2C502A59F8->c0a63e6c-c246-4c4b-b9bd-48fbdf84331c-GrpcLogAppender: Follower failed (request=null, errorCount=41); keep nextIndex (1) unchanged and retry.
2024-04-09 12:05:25,548 [timer4] WARN  server.GrpcLogAppender (LogUtils.java:warn(121)) - 47f2b6e5-7d1c-4a61-9d74-1b86fd130309@group-DB1D75A9E2DC->c0a63e6c-c246-4c4b-b9bd-48fbdf84331c-AppendLogResponseHandler: Failed appendEntries (Repeated 4 times in the last 5.001s): org.apache.ratis.thirdparty.io.grpc.StatusRuntimeException: UNAVAILABLE: io exception
2024-04-09 12:05:25,548 [timer5] WARN  server.GrpcLogAppender (GrpcLogAppender.java:lambda$resetClient$1(217)) - 47f2b6e5-7d1c-4a61-9d74-1b86fd130309@group-DB1D75A9E2DC->c0a63e6c-c246-4c4b-b9bd-48fbdf84331c-GrpcLogAppender: Follower failed (request=null, errorCount=46); keep nextIndex (9) unchanged and retry. (Repeated 4 times in the last 5.000s)
2024-04-09 12:05:27,673 [timer7] WARN  server.GrpcLogAppender (LogUtils.java:warn(121)) - 06c35c3a-0415-431d-ae8b-027bb2658858@group-2C2C502A59F8->c0a63e6c-c246-4c4b-b9bd-48fbdf84331c-AppendLogResponseHandler: Failed appendEntries (Repeated 2 times in the last 5.000s): org.apache.ratis.thirdparty.io.grpc.StatusRuntimeException: UNAVAILABLE: io exception
2024-04-09 12:05:27,674 [timer0] WARN  server.GrpcLogAppender (GrpcLogAppender.java:lambda$resetClient$1(217)) - 06c35c3a-0415-431d-ae8b-027bb2658858@group-2C2C502A59F8->c0a63e6c-c246-4c4b-b9bd-48fbdf84331c-GrpcLogAppender: Follower failed (request=null, errorCount=42); keep nextIndex (1) unchanged and retry. (Repeated 2 times in the last 5.001s)
2024-04-09 12:05:28,085 [grpc-default-executor-3] WARN  server.GrpcLogAppender (LogUtils.java:warn(121)) - 47f2b6e5-7d1c-4a61-9d74-1b86fd130309@group-DB1D75A9E2DC->c0a63e6c-c246-4c4b-b9bd-48fbdf84331c-AppendLogResponseHandler: Failed appendEntries: org.apache.ratis.thirdparty.io.grpc.StatusRuntimeException: UNAVAILABLE: io exception
2024-04-09 12:05:28,086 [grpc-default-executor-2] WARN  server.GrpcLogAppender (GrpcLogAppender.java:lambda$resetClient$1(217)) - 47f2b6e5-7d1c-4a61-9d74-1b86fd130309@group-DB1D75A9E2DC->c0a63e6c-c246-4c4b-b9bd-48fbdf84331c-GrpcLogAppender: Follower failed (request=null, errorCount=47); keep nextIndex (9) unchanged and retry.
2024-04-09 12:05:29,303 [grpc-default-executor-3] WARN  server.GrpcLogAppender (LogUtils.java:warn(121)) - 06c35c3a-0415-431d-ae8b-027bb2658858@group-2C2C502A59F8->c0a63e6c-c246-4c4b-b9bd-48fbdf84331c-AppendLogResponseHandler: Failed appendEntries: org.apache.ratis.thirdparty.io.grpc.StatusRuntimeException: UNAVAILABLE: io exception
2024-04-09 12:05:29,304 [grpc-default-executor-2] WARN  server.GrpcLogAppender (GrpcLogAppender.java:lambda$resetClient$1(217)) - 06c35c3a-0415-431d-ae8b-027bb2658858@group-2C2C502A59F8->c0a63e6c-c246-4c4b-b9bd-48fbdf84331c-GrpcLogAppender: Follower failed (request=null, errorCount=43); keep nextIndex (1) unchanged and retry.
2024-04-09 12:05:33,086 [timer3] WARN  server.GrpcLogAppender (LogUtils.java:warn(121)) - 47f2b6e5-7d1c-4a61-9d74-1b86fd130309@group-DB1D75A9E2DC->c0a63e6c-c246-4c4b-b9bd-48fbdf84331c-AppendLogResponseHandler: Failed appendEntries (Repeated 4 times in the last 5.001s): org.apache.ratis.thirdparty.io.grpc.StatusRuntimeException: UNAVAILABLE: io exception
2024-04-09 12:05:33,086 [timer4] WARN  server.GrpcLogAppender (GrpcLogAppender.java:lambda$resetClient$1(217)) - 47f2b6e5-7d1c-4a61-9d74-1b86fd130309@group-DB1D75A9E2DC->c0a63e6c-c246-4c4b-b9bd-48fbdf84331c-GrpcLogAppender: Follower failed (request=null, errorCount=50); keep nextIndex (9) unchanged and retry. (Repeated 4 times in the last 5.000s)
2024-04-09 12:05:34,304 [timer7] WARN  server.GrpcLogAppender (LogUtils.java:warn(121)) - 06c35c3a-0415-431d-ae8b-027bb2658858@group-2C2C502A59F8->c0a63e6c-c246-4c4b-b9bd-48fbdf84331c-AppendLogResponseHandler: Failed appendEntries (Repeated 4 times in the last 5.001s): org.apache.ratis.thirdparty.io.grpc.StatusRuntimeException: UNAVAILABLE: io exception
2024-04-09 12:05:34,305 [timer0] WARN  server.GrpcLogAppender (GrpcLogAppender.java:lambda$resetClient$1(217)) - 06c35c3a-0415-431d-ae8b-027bb2658858@group-2C2C502A59F8->c0a63e6c-c246-4c4b-b9bd-48fbdf84331c-GrpcLogAppender: Follower failed (request=null, errorCount=46); keep nextIndex (1) unchanged and retry. (Repeated 4 times in the last 5.000s)
2024-04-09 12:05:38,836 [grpc-default-executor-3] WARN  server.GrpcLogAppender (LogUtils.java:warn(121)) - 47f2b6e5-7d1c-4a61-9d74-1b86fd130309@group-DB1D75A9E2DC->c0a63e6c-c246-4c4b-b9bd-48fbdf84331c-AppendLogResponseHandler: Failed appendEntries: org.apache.ratis.thirdparty.io.grpc.StatusRuntimeException: UNAVAILABLE: io exception
2024-04-09 12:05:38,837 [grpc-default-executor-2] WARN  server.GrpcLogAppender (GrpcLogAppender.java:lambda$resetClient$1(217)) - 47f2b6e5-7d1c-4a61-9d74-1b86fd130309@group-DB1D75A9E2DC->c0a63e6c-c246-4c4b-b9bd-48fbdf84331c-GrpcLogAppender: Follower failed (request=null, errorCount=51); keep nextIndex (9) unchanged and retry.
2024-04-09 12:05:40,659 [grpc-default-executor-3] WARN  server.GrpcLogAppender (LogUtils.java:warn(121)) - 06c35c3a-0415-431d-ae8b-027bb2658858@group-2C2C502A59F8->c0a63e6c-c246-4c4b-b9bd-48fbdf84331c-AppendLogResponseHandler: Failed appendEntries: org.apache.ratis.thirdparty.io.grpc.StatusRuntimeException: UNAVAILABLE: io exception
2024-04-09 12:05:40,660 [grpc-default-executor-2] WARN  server.GrpcLogAppender (GrpcLogAppender.java:lambda$resetClient$1(217)) - 06c35c3a-0415-431d-ae8b-027bb2658858@group-2C2C502A59F8->c0a63e6c-c246-4c4b-b9bd-48fbdf84331c-GrpcLogAppender: Follower failed (request=null, errorCount=47); keep nextIndex (1) unchanged and retry.
2024-04-09 12:05:43,837 [timer3] WARN  server.GrpcLogAppender (LogUtils.java:warn(121)) - 47f2b6e5-7d1c-4a61-9d74-1b86fd130309@group-DB1D75A9E2DC->c0a63e6c-c246-4c4b-b9bd-48fbdf84331c-AppendLogResponseHandler: Failed appendEntries (Repeated 2 times in the last 5.001s): org.apache.ratis.thirdparty.io.grpc.StatusRuntimeException: UNAVAILABLE: io exception
2024-04-09 12:05:43,837 [timer4] WARN  server.GrpcLogAppender (GrpcLogAppender.java:lambda$resetClient$1(217)) - 47f2b6e5-7d1c-4a61-9d74-1b86fd130309@group-DB1D75A9E2DC->c0a63e6c-c246-4c4b-b9bd-48fbdf84331c-GrpcLogAppender: Follower failed (request=null, errorCount=52); keep nextIndex (9) unchanged and retry. (Repeated 2 times in the last 5.000s)
2024-04-09 12:05:44,898 [grpc-default-executor-3] WARN  server.GrpcLogAppender (LogUtils.java:warn(121)) - 47f2b6e5-7d1c-4a61-9d74-1b86fd130309@group-DB1D75A9E2DC->c0a63e6c-c246-4c4b-b9bd-48fbdf84331c-AppendLogResponseHandler: Failed appendEntries: org.apache.ratis.thirdparty.io.grpc.StatusRuntimeException: UNAVAILABLE: io exception
2024-04-09 12:05:44,900 [grpc-default-executor-3] WARN  server.GrpcLogAppender (GrpcLogAppender.java:lambda$resetClient$1(217)) - 47f2b6e5-7d1c-4a61-9d74-1b86fd130309@group-DB1D75A9E2DC->c0a63e6c-c246-4c4b-b9bd-48fbdf84331c-GrpcLogAppender: Follower failed (request=null, errorCount=53); keep nextIndex (9) unchanged and retry.
2024-04-09 12:05:45,660 [timer7] WARN  server.GrpcLogAppender (GrpcLogAppender.java:lambda$resetClient$1(217)) - 06c35c3a-0415-431d-ae8b-027bb2658858@group-2C2C502A59F8->c0a63e6c-c246-4c4b-b9bd-48fbdf84331c-GrpcLogAppender: Follower failed (request=null, errorCount=48); keep nextIndex (1) unchanged and retry. (Repeated 2 times in the last 4.999s)
2024-04-09 12:05:45,660 [timer6] WARN  server.GrpcLogAppender (LogUtils.java:warn(121)) - 06c35c3a-0415-431d-ae8b-027bb2658858@group-2C2C502A59F8->c0a63e6c-c246-4c4b-b9bd-48fbdf84331c-AppendLogResponseHandler: Failed appendEntries (Repeated 2 times in the last 5.002s): org.apache.ratis.thirdparty.io.grpc.StatusRuntimeException: UNAVAILABLE: io exception
2024-04-09 12:05:47,205 [grpc-default-executor-2] WARN  server.GrpcLogAppender (LogUtils.java:warn(121)) - 06c35c3a-0415-431d-ae8b-027bb2658858@group-2C2C502A59F8->c0a63e6c-c246-4c4b-b9bd-48fbdf84331c-AppendLogResponseHandler: Failed appendEntries: org.apache.ratis.thirdparty.io.grpc.StatusRuntimeException: UNAVAILABLE: io exception
2024-04-09 12:05:47,207 [grpc-default-executor-3] WARN  server.GrpcLogAppender (GrpcLogAppender.java:lambda$resetClient$1(217)) - 06c35c3a-0415-431d-ae8b-027bb2658858@group-2C2C502A59F8->c0a63e6c-c246-4c4b-b9bd-48fbdf84331c-GrpcLogAppender: Follower failed (request=null, errorCount=49); keep nextIndex (1) unchanged and retry.
2024-04-09 12:05:49,899 [timer6] WARN  server.GrpcLogAppender (LogUtils.java:warn(121)) - 47f2b6e5-7d1c-4a61-9d74-1b86fd130309@group-DB1D75A9E2DC->c0a63e6c-c246-4c4b-b9bd-48fbdf84331c-AppendLogResponseHandler: Failed appendEntries (Repeated 2 times in the last 5.000s): org.apache.ratis.thirdparty.io.grpc.StatusRuntimeException: UNAVAILABLE: io exception
2024-04-09 12:05:49,900 [timer7] WARN  server.GrpcLogAppender (GrpcLogAppender.java:lambda$resetClient$1(217)) - 47f2b6e5-7d1c-4a61-9d74-1b86fd130309@group-DB1D75A9E2DC->c0a63e6c-c246-4c4b-b9bd-48fbdf84331c-GrpcLogAppender: Follower failed (request=null, errorCount=54); keep nextIndex (9) unchanged and retry. (Repeated 2 times in the last 5.000s)
2024-04-09 12:05:50,972 [grpc-default-executor-2] WARN  server.GrpcLogAppender (LogUtils.java:warn(121)) - 47f2b6e5-7d1c-4a61-9d74-1b86fd130309@group-DB1D75A9E2DC->c0a63e6c-c246-4c4b-b9bd-48fbdf84331c-AppendLogResponseHandler: Failed appendEntries: org.apache.ratis.thirdparty.io.grpc.StatusRuntimeException: UNAVAILABLE: io exception
2024-04-09 12:05:50,973 [grpc-default-executor-3] WARN  server.GrpcLogAppender (GrpcLogAppender.java:lambda$resetClient$1(217)) - 47f2b6e5-7d1c-4a61-9d74-1b86fd130309@group-DB1D75A9E2DC->c0a63e6c-c246-4c4b-b9bd-48fbdf84331c-GrpcLogAppender: Follower failed (request=null, errorCount=55); keep nextIndex (9) unchanged and retry.
2024-04-09 12:05:52,207 [timer1] WARN  server.GrpcLogAppender (GrpcLogAppender.java:lambda$resetClient$1(217)) - 06c35c3a-0415-431d-ae8b-027bb2658858@group-2C2C502A59F8->c0a63e6c-c246-4c4b-b9bd-48fbdf84331c-GrpcLogAppender: Follower failed (request=null, errorCount=52); keep nextIndex (1) unchanged and retry. (Repeated 4 times in the last 5.000s)
2024-04-09 12:05:52,207 [timer0] WARN  server.GrpcLogAppender (LogUtils.java:warn(121)) - 06c35c3a-0415-431d-ae8b-027bb2658858@group-2C2C502A59F8->c0a63e6c-c246-4c4b-b9bd-48fbdf84331c-AppendLogResponseHandler: Failed appendEntries (Repeated 4 times in the last 5.002s): org.apache.ratis.thirdparty.io.grpc.StatusRuntimeException: UNAVAILABLE: io exception
2024-04-09 12:05:55,973 [timer5] WARN  server.GrpcLogAppender (LogUtils.java:warn(121)) - 47f2b6e5-7d1c-4a61-9d74-1b86fd130309@group-DB1D75A9E2DC->c0a63e6c-c246-4c4b-b9bd-48fbdf84331c-AppendLogResponseHandler: Failed appendEntries (Repeated 4 times in the last 5.001s): org.apache.ratis.thirdparty.io.grpc.StatusRuntimeException: UNAVAILABLE: io exception
2024-04-09 12:05:55,973 [timer6] WARN  server.GrpcLogAppender (GrpcLogAppender.java:lambda$resetClient$1(217)) - 47f2b6e5-7d1c-4a61-9d74-1b86fd130309@group-DB1D75A9E2DC->c0a63e6c-c246-4c4b-b9bd-48fbdf84331c-GrpcLogAppender: Follower failed (request=null, errorCount=58); keep nextIndex (9) unchanged and retry. (Repeated 4 times in the last 5.000s)
2024-04-09 12:05:58,793 [grpc-default-executor-2] WARN  server.GrpcLogAppender (LogUtils.java:warn(121)) - 06c35c3a-0415-431d-ae8b-027bb2658858@group-2C2C502A59F8->c0a63e6c-c246-4c4b-b9bd-48fbdf84331c-AppendLogResponseHandler: Failed appendEntries: org.apache.ratis.thirdparty.io.grpc.StatusRuntimeException: UNAVAILABLE: io exception
2024-04-09 12:05:58,795 [grpc-default-executor-3] WARN  server.GrpcLogAppender (GrpcLogAppender.java:lambda$resetClient$1(217)) - 06c35c3a-0415-431d-ae8b-027bb2658858@group-2C2C502A59F8->c0a63e6c-c246-4c4b-b9bd-48fbdf84331c-GrpcLogAppender: Follower failed (request=null, errorCount=53); keep nextIndex (1) unchanged and retry.
2024-04-09 12:05:58,904 [grpc-default-executor-2] WARN  server.GrpcLogAppender (LogUtils.java:warn(121)) - 47f2b6e5-7d1c-4a61-9d74-1b86fd130309@group-DB1D75A9E2DC->c0a63e6c-c246-4c4b-b9bd-48fbdf84331c-AppendLogResponseHandler: Failed appendEntries: org.apache.ratis.thirdparty.io.grpc.StatusRuntimeException: UNAVAILABLE: io exception
2024-04-09 12:05:58,905 [grpc-default-executor-3] WARN  server.GrpcLogAppender (GrpcLogAppender.java:lambda$resetClient$1(217)) - 47f2b6e5-7d1c-4a61-9d74-1b86fd130309@group-DB1D75A9E2DC->c0a63e6c-c246-4c4b-b9bd-48fbdf84331c-GrpcLogAppender: Follower failed (request=null, errorCount=59); keep nextIndex (9) unchanged and retry.
2024-04-09 12:06:03,794 [timer3] WARN  server.GrpcLogAppender (LogUtils.java:warn(121)) - 06c35c3a-0415-431d-ae8b-027bb2658858@group-2C2C502A59F8->c0a63e6c-c246-4c4b-b9bd-48fbdf84331c-AppendLogResponseHandler: Failed appendEntries (Repeated 4 times in the last 5.001s): org.apache.ratis.thirdparty.io.grpc.StatusRuntimeException: UNAVAILABLE: io exception
2024-04-09 12:06:03,795 [timer4] WARN  server.GrpcLogAppender (GrpcLogAppender.java:lambda$resetClient$1(217)) - 06c35c3a-0415-431d-ae8b-027bb2658858@group-2C2C502A59F8->c0a63e6c-c246-4c4b-b9bd-48fbdf84331c-GrpcLogAppender: Follower failed (request=null, errorCount=56); keep nextIndex (1) unchanged and retry. (Repeated 4 times in the last 5.000s)
2024-04-09 12:06:03,905 [timer6] WARN  server.GrpcLogAppender (LogUtils.java:warn(121)) - 47f2b6e5-7d1c-4a61-9d74-1b86fd130309@group-DB1D75A9E2DC->c0a63e6c-c246-4c4b-b9bd-48fbdf84331c-AppendLogResponseHandler: Failed appendEntries (Repeated 4 times in the last 5.001s): org.apache.ratis.thirdparty.io.grpc.StatusRuntimeException: UNAVAILABLE: io exception
2024-04-09 12:06:03,906 [timer7] WARN  server.GrpcLogAppender (GrpcLogAppender.java:lambda$resetClient$1(217)) - 47f2b6e5-7d1c-4a61-9d74-1b86fd130309@group-DB1D75A9E2DC->c0a63e6c-c246-4c4b-b9bd-48fbdf84331c-GrpcLogAppender: Follower failed (request=null, errorCount=62); keep nextIndex (9) unchanged and retry. (Repeated 4 times in the last 5.000s)
2024-04-09 12:06:06,009 [grpc-default-executor-2] WARN  server.GrpcLogAppender (LogUtils.java:warn(121)) - 47f2b6e5-7d1c-4a61-9d74-1b86fd130309@group-DB1D75A9E2DC->c0a63e6c-c246-4c4b-b9bd-48fbdf84331c-AppendLogResponseHandler: Failed appendEntries: org.apache.ratis.thirdparty.io.grpc.StatusRuntimeException: UNAVAILABLE: io exception
2024-04-09 12:06:06,010 [grpc-default-executor-3] WARN  server.GrpcLogAppender (GrpcLogAppender.java:lambda$resetClient$1(217)) - 47f2b6e5-7d1c-4a61-9d74-1b86fd130309@group-DB1D75A9E2DC->c0a63e6c-c246-4c4b-b9bd-48fbdf84331c-GrpcLogAppender: Follower failed (request=null, errorCount=63); keep nextIndex (9) unchanged and retry.
2024-04-09 12:06:09,535 [grpc-default-executor-2] WARN  server.GrpcLogAppender (LogUtils.java:warn(121)) - 06c35c3a-0415-431d-ae8b-027bb2658858@group-2C2C502A59F8->c0a63e6c-c246-4c4b-b9bd-48fbdf84331c-AppendLogResponseHandler: Failed appendEntries: org.apache.ratis.thirdparty.io.grpc.StatusRuntimeException: UNAVAILABLE: io exception
2024-04-09 12:06:09,536 [grpc-default-executor-3] WARN  server.GrpcLogAppender (GrpcLogAppender.java:lambda$resetClient$1(217)) - 06c35c3a-0415-431d-ae8b-027bb2658858@group-2C2C502A59F8->c0a63e6c-c246-4c4b-b9bd-48fbdf84331c-GrpcLogAppender: Follower failed (request=null, errorCount=57); keep nextIndex (1) unchanged and retry.
2024-04-09 12:06:11,010 [timer5] WARN  server.GrpcLogAppender (GrpcLogAppender.java:lambda$resetClient$1(217)) - 47f2b6e5-7d1c-4a61-9d74-1b86fd130309@group-DB1D75A9E2DC->c0a63e6c-c246-4c4b-b9bd-48fbdf84331c-GrpcLogAppender: Follower failed (request=null, errorCount=66); keep nextIndex (9) unchanged and retry. (Repeated 4 times in the last 5.000s)
2024-04-09 12:06:11,010 [timer4] WARN  server.GrpcLogAppender (LogUtils.java:warn(121)) - 47f2b6e5-7d1c-4a61-9d74-1b86fd130309@group-DB1D75A9E2DC->c0a63e6c-c246-4c4b-b9bd-48fbdf84331c-AppendLogResponseHandler: Failed appendEntries (Repeated 4 times in the last 5.001s): org.apache.ratis.thirdparty.io.grpc.StatusRuntimeException: UNAVAILABLE: io exception
2024-04-09 12:06:14,536 [timer7] WARN  server.GrpcLogAppender (LogUtils.java:warn(121)) - 06c35c3a-0415-431d-ae8b-027bb2658858@group-2C2C502A59F8->c0a63e6c-c246-4c4b-b9bd-48fbdf84331c-AppendLogResponseHandler: Failed appendEntries (Repeated 4 times in the last 5.001s): org.apache.ratis.thirdparty.io.grpc.StatusRuntimeException: UNAVAILABLE: io exception
2024-04-09 12:06:14,536 [timer0] WARN  server.GrpcLogAppender (GrpcLogAppender.java:lambda$resetClient$1(217)) - 06c35c3a-0415-431d-ae8b-027bb2658858@group-2C2C502A59F8->c0a63e6c-c246-4c4b-b9bd-48fbdf84331c-GrpcLogAppender: Follower failed (request=null, errorCount=60); keep nextIndex (1) unchanged and retry. (Repeated 4 times in the last 5.000s)
2024-04-09 12:06:15,642 [grpc-default-executor-2] WARN  server.GrpcLogAppender (LogUtils.java:warn(121)) - 47f2b6e5-7d1c-4a61-9d74-1b86fd130309@group-DB1D75A9E2DC->c0a63e6c-c246-4c4b-b9bd-48fbdf84331c-AppendLogResponseHandler: Failed appendEntries: org.apache.ratis.thirdparty.io.grpc.StatusRuntimeException: UNAVAILABLE: io exception
2024-04-09 12:06:15,644 [grpc-default-executor-3] WARN  server.GrpcLogAppender (GrpcLogAppender.java:lambda$resetClient$1(217)) - 47f2b6e5-7d1c-4a61-9d74-1b86fd130309@group-DB1D75A9E2DC->c0a63e6c-c246-4c4b-b9bd-48fbdf84331c-GrpcLogAppender: Follower failed (request=null, errorCount=67); keep nextIndex (9) unchanged and retry.
2024-04-09 12:06:16,313 [47f2b6e5-7d1c-4a61-9d74-1b86fd130309-BlockDeletingService#1] INFO  interfaces.ContainerDeletionChoosingPolicyTemplate (ContainerDeletionChoosingPolicyTemplate.java:chooseContainerForBlockDeletion(85)) - Chosen 0/5000 blocks from 0 candidate containers.
2024-04-09 12:06:16,378 [06c35c3a-0415-431d-ae8b-027bb2658858-BlockDeletingService#1] INFO  interfaces.ContainerDeletionChoosingPolicyTemplate (ContainerDeletionChoosingPolicyTemplate.java:chooseContainerForBlockDeletion(85)) - Chosen 0/5000 blocks from 0 candidate containers.
2024-04-09 12:06:16,447 [c0a63e6c-c246-4c4b-b9bd-48fbdf84331c-BlockDeletingService#1] INFO  interfaces.ContainerDeletionChoosingPolicyTemplate (ContainerDeletionChoosingPolicyTemplate.java:chooseContainerForBlockDeletion(85)) - Chosen 0/5000 blocks from 0 candidate containers.
2024-04-09 12:06:16,533 [7127763e-d356-4593-86a2-312e14def563-BlockDeletingService#1] INFO  interfaces.ContainerDeletionChoosingPolicyTemplate (ContainerDeletionChoosingPolicyTemplate.java:chooseContainerForBlockDeletion(85)) - Chosen 0/5000 blocks from 0 candidate containers.
2024-04-09 12:06:16,617 [a87d7804-de0d-4258-ad97-e1309df34ed1-BlockDeletingService#1] INFO  interfaces.ContainerDeletionChoosingPolicyTemplate (ContainerDeletionChoosingPolicyTemplate.java:chooseContainerForBlockDeletion(85)) - Chosen 0/5000 blocks from 0 candidate containers.
2024-04-09 12:06:18,793 [grpc-default-executor-2] WARN  server.GrpcLogAppender (LogUtils.java:warn(121)) - 06c35c3a-0415-431d-ae8b-027bb2658858@group-2C2C502A59F8->c0a63e6c-c246-4c4b-b9bd-48fbdf84331c-AppendLogResponseHandler: Failed appendEntries: org.apache.ratis.thirdparty.io.grpc.StatusRuntimeException: UNAVAILABLE: io exception
2024-04-09 12:06:18,794 [grpc-default-executor-3] WARN  server.GrpcLogAppender (GrpcLogAppender.java:lambda$resetClient$1(217)) - 06c35c3a-0415-431d-ae8b-027bb2658858@group-2C2C502A59F8->c0a63e6c-c246-4c4b-b9bd-48fbdf84331c-GrpcLogAppender: Follower failed (request=null, errorCount=61); keep nextIndex (1) unchanged and retry.
2024-04-09 12:06:20,643 [timer4] WARN  server.GrpcLogAppender (LogUtils.java:warn(121)) - 47f2b6e5-7d1c-4a61-9d74-1b86fd130309@group-DB1D75A9E2DC->c0a63e6c-c246-4c4b-b9bd-48fbdf84331c-AppendLogResponseHandler: Failed appendEntries (Repeated 2 times in the last 5.001s): org.apache.ratis.thirdparty.io.grpc.StatusRuntimeException: UNAVAILABLE: io exception
2024-04-09 12:06:20,645 [timer5] WARN  server.GrpcLogAppender (GrpcLogAppender.java:lambda$resetClient$1(217)) - 47f2b6e5-7d1c-4a61-9d74-1b86fd130309@group-DB1D75A9E2DC->c0a63e6c-c246-4c4b-b9bd-48fbdf84331c-GrpcLogAppender: Follower failed (request=null, errorCount=68); keep nextIndex (9) unchanged and retry. (Repeated 2 times in the last 5.001s)
2024-04-09 12:06:21,358 [grpc-default-executor-2] WARN  server.GrpcLogAppender (LogUtils.java:warn(121)) - 47f2b6e5-7d1c-4a61-9d74-1b86fd130309@group-DB1D75A9E2DC->c0a63e6c-c246-4c4b-b9bd-48fbdf84331c-AppendLogResponseHandler: Failed appendEntries: org.apache.ratis.thirdparty.io.grpc.StatusRuntimeException: UNAVAILABLE: io exception
2024-04-09 12:06:21,359 [grpc-default-executor-3] WARN  server.GrpcLogAppender (GrpcLogAppender.java:lambda$resetClient$1(217)) - 47f2b6e5-7d1c-4a61-9d74-1b86fd130309@group-DB1D75A9E2DC->c0a63e6c-c246-4c4b-b9bd-48fbdf84331c-GrpcLogAppender: Follower failed (request=null, errorCount=69); keep nextIndex (9) unchanged and retry.
2024-04-09 12:06:23,794 [timer5] WARN  server.GrpcLogAppender (LogUtils.java:warn(121)) - 06c35c3a-0415-431d-ae8b-027bb2658858@group-2C2C502A59F8->c0a63e6c-c246-4c4b-b9bd-48fbdf84331c-AppendLogResponseHandler: Failed appendEntries (Repeated 2 times in the last 5.001s): org.apache.ratis.thirdparty.io.grpc.StatusRuntimeException: UNAVAILABLE: io exception
2024-04-09 12:06:23,795 [timer6] WARN  server.GrpcLogAppender (GrpcLogAppender.java:lambda$resetClient$1(217)) - 06c35c3a-0415-431d-ae8b-027bb2658858@group-2C2C502A59F8->c0a63e6c-c246-4c4b-b9bd-48fbdf84331c-GrpcLogAppender: Follower failed (request=null, errorCount=62); keep nextIndex (1) unchanged and retry. (Repeated 2 times in the last 5.001s)
2024-04-09 12:06:25,553 [grpc-default-executor-2] WARN  server.GrpcLogAppender (LogUtils.java:warn(121)) - 06c35c3a-0415-431d-ae8b-027bb2658858@group-2C2C502A59F8->c0a63e6c-c246-4c4b-b9bd-48fbdf84331c-AppendLogResponseHandler: Failed appendEntries: org.apache.ratis.thirdparty.io.grpc.StatusRuntimeException: UNAVAILABLE: io exception
2024-04-09 12:06:25,555 [grpc-default-executor-3] WARN  server.GrpcLogAppender (GrpcLogAppender.java:lambda$resetClient$1(217)) - 06c35c3a-0415-431d-ae8b-027bb2658858@group-2C2C502A59F8->c0a63e6c-c246-4c4b-b9bd-48fbdf84331c-GrpcLogAppender: Follower failed (request=null, errorCount=63); keep nextIndex (1) unchanged and retry.
2024-04-09 12:06:26,359 [timer7] WARN  server.GrpcLogAppender (GrpcLogAppender.java:lambda$resetClient$1(217)) - 47f2b6e5-7d1c-4a61-9d74-1b86fd130309@group-DB1D75A9E2DC->c0a63e6c-c246-4c4b-b9bd-48fbdf84331c-GrpcLogAppender: Follower failed (request=null, errorCount=72); keep nextIndex (9) unchanged and retry. (Repeated 4 times in the last 5.000s)
2024-04-09 12:06:26,359 [timer6] WARN  server.GrpcLogAppender (LogUtils.java:warn(121)) - 47f2b6e5-7d1c-4a61-9d74-1b86fd130309@group-DB1D75A9E2DC->c0a63e6c-c246-4c4b-b9bd-48fbdf84331c-AppendLogResponseHandler: Failed appendEntries (Repeated 4 times in the last 5.001s): org.apache.ratis.thirdparty.io.grpc.StatusRuntimeException: UNAVAILABLE: io exception
2024-04-09 12:06:30,555 [timer5] WARN  server.GrpcLogAppender (LogUtils.java:warn(121)) - 06c35c3a-0415-431d-ae8b-027bb2658858@group-2C2C502A59F8->c0a63e6c-c246-4c4b-b9bd-48fbdf84331c-AppendLogResponseHandler: Failed appendEntries (Repeated 2 times in the last 5.002s): org.apache.ratis.thirdparty.io.grpc.StatusRuntimeException: UNAVAILABLE: io exception
2024-04-09 12:06:30,555 [timer6] WARN  server.GrpcLogAppender (GrpcLogAppender.java:lambda$resetClient$1(217)) - 06c35c3a-0415-431d-ae8b-027bb2658858@group-2C2C502A59F8->c0a63e6c-c246-4c4b-b9bd-48fbdf84331c-GrpcLogAppender: Follower failed (request=null, errorCount=64); keep nextIndex (1) unchanged and retry. (Repeated 2 times in the last 5.000s)
2024-04-09 12:06:31,613 [grpc-default-executor-3] WARN  server.GrpcLogAppender (LogUtils.java:warn(121)) - 47f2b6e5-7d1c-4a61-9d74-1b86fd130309@group-DB1D75A9E2DC->c0a63e6c-c246-4c4b-b9bd-48fbdf84331c-AppendLogResponseHandler: Failed appendEntries: org.apache.ratis.thirdparty.io.grpc.StatusRuntimeException: UNAVAILABLE: io exception
2024-04-09 12:06:31,614 [grpc-default-executor-2] WARN  server.GrpcLogAppender (GrpcLogAppender.java:lambda$resetClient$1(217)) - 47f2b6e5-7d1c-4a61-9d74-1b86fd130309@group-DB1D75A9E2DC->c0a63e6c-c246-4c4b-b9bd-48fbdf84331c-GrpcLogAppender: Follower failed (request=null, errorCount=73); keep nextIndex (9) unchanged and retry.
2024-04-09 12:06:32,979 [grpc-default-executor-3] WARN  server.GrpcLogAppender (LogUtils.java:warn(121)) - 06c35c3a-0415-431d-ae8b-027bb2658858@group-2C2C502A59F8->c0a63e6c-c246-4c4b-b9bd-48fbdf84331c-AppendLogResponseHandler: Failed appendEntries: org.apache.ratis.thirdparty.io.grpc.StatusRuntimeException: UNAVAILABLE: io exception
2024-04-09 12:06:32,981 [grpc-default-executor-2] WARN  server.GrpcLogAppender (GrpcLogAppender.java:lambda$resetClient$1(217)) - 06c35c3a-0415-431d-ae8b-027bb2658858@group-2C2C502A59F8->c0a63e6c-c246-4c4b-b9bd-48fbdf84331c-GrpcLogAppender: Follower failed (request=null, errorCount=65); keep nextIndex (1) unchanged and retry.
2024-04-09 12:06:36,613 [timer3] WARN  server.GrpcLogAppender (LogUtils.java:warn(121)) - 47f2b6e5-7d1c-4a61-9d74-1b86fd130309@group-DB1D75A9E2DC->c0a63e6c-c246-4c4b-b9bd-48fbdf84331c-AppendLogResponseHandler: Failed appendEntries (Repeated 2 times in the last 5.000s): org.apache.ratis.thirdparty.io.grpc.StatusRuntimeException: UNAVAILABLE: io exception
2024-04-09 12:06:36,614 [timer4] WARN  server.GrpcLogAppender (GrpcLogAppender.java:lambda$resetClient$1(217)) - 47f2b6e5-7d1c-4a61-9d74-1b86fd130309@group-DB1D75A9E2DC->c0a63e6c-c246-4c4b-b9bd-48fbdf84331c-GrpcLogAppender: Follower failed (request=null, errorCount=74); keep nextIndex (9) unchanged and retry. (Repeated 2 times in the last 5.001s)
2024-04-09 12:06:37,383 [grpc-default-executor-3] WARN  server.GrpcLogAppender (LogUtils.java:warn(121)) - 47f2b6e5-7d1c-4a61-9d74-1b86fd130309@group-DB1D75A9E2DC->c0a63e6c-c246-4c4b-b9bd-48fbdf84331c-AppendLogResponseHandler: Failed appendEntries: org.apache.ratis.thirdparty.io.grpc.StatusRuntimeException: UNAVAILABLE: io exception
2024-04-09 12:06:37,385 [grpc-default-executor-2] WARN  server.GrpcLogAppender (GrpcLogAppender.java:lambda$resetClient$1(217)) - 47f2b6e5-7d1c-4a61-9d74-1b86fd130309@group-DB1D75A9E2DC->c0a63e6c-c246-4c4b-b9bd-48fbdf84331c-GrpcLogAppender: Follower failed (request=null, errorCount=75); keep nextIndex (9) unchanged and retry.
2024-04-09 12:06:37,980 [timer6] WARN  server.GrpcLogAppender (LogUtils.java:warn(121)) - 06c35c3a-0415-431d-ae8b-027bb2658858@group-2C2C502A59F8->c0a63e6c-c246-4c4b-b9bd-48fbdf84331c-AppendLogResponseHandler: Failed appendEntries (Repeated 2 times in the last 5.001s): org.apache.ratis.thirdparty.io.grpc.StatusRuntimeException: UNAVAILABLE: io exception
2024-04-09 12:06:37,981 [timer7] WARN  server.GrpcLogAppender (GrpcLogAppender.java:lambda$resetClient$1(217)) - 06c35c3a-0415-431d-ae8b-027bb2658858@group-2C2C502A59F8->c0a63e6c-c246-4c4b-b9bd-48fbdf84331c-GrpcLogAppender: Follower failed (request=null, errorCount=66); keep nextIndex (1) unchanged and retry. (Repeated 2 times in the last 5.000s)
2024-04-09 12:06:39,476 [grpc-default-executor-3] WARN  server.GrpcLogAppender (LogUtils.java:warn(121)) - 06c35c3a-0415-431d-ae8b-027bb2658858@group-2C2C502A59F8->c0a63e6c-c246-4c4b-b9bd-48fbdf84331c-AppendLogResponseHandler: Failed appendEntries: org.apache.ratis.thirdparty.io.grpc.StatusRuntimeException: UNAVAILABLE: io exception
2024-04-09 12:06:39,477 [grpc-default-executor-2] WARN  server.GrpcLogAppender (GrpcLogAppender.java:lambda$resetClient$1(217)) - 06c35c3a-0415-431d-ae8b-027bb2658858@group-2C2C502A59F8->c0a63e6c-c246-4c4b-b9bd-48fbdf84331c-GrpcLogAppender: Follower failed (request=null, errorCount=67); keep nextIndex (1) unchanged and retry.
2024-04-09 12:06:42,384 [timer6] WARN  server.GrpcLogAppender (LogUtils.java:warn(121)) - 47f2b6e5-7d1c-4a61-9d74-1b86fd130309@group-DB1D75A9E2DC->c0a63e6c-c246-4c4b-b9bd-48fbdf84331c-AppendLogResponseHandler: Failed appendEntries (Repeated 4 times in the last 5.001s): org.apache.ratis.thirdparty.io.grpc.StatusRuntimeException: UNAVAILABLE: io exception
2024-04-09 12:06:42,385 [timer7] WARN  server.GrpcLogAppender (GrpcLogAppender.java:lambda$resetClient$1(217)) - 47f2b6e5-7d1c-4a61-9d74-1b86fd130309@group-DB1D75A9E2DC->c0a63e6c-c246-4c4b-b9bd-48fbdf84331c-GrpcLogAppender: Follower failed (request=null, errorCount=78); keep nextIndex (9) unchanged and retry. (Repeated 4 times in the last 5.000s)
2024-04-09 12:06:44,477 [timer0] WARN  server.GrpcLogAppender (GrpcLogAppender.java:lambda$resetClient$1(217)) - 06c35c3a-0415-431d-ae8b-027bb2658858@group-2C2C502A59F8->c0a63e6c-c246-4c4b-b9bd-48fbdf84331c-GrpcLogAppender: Follower failed (request=null, errorCount=68); keep nextIndex (1) unchanged and retry. (Repeated 2 times in the last 5.000s)
2024-04-09 12:06:44,477 [timer7] WARN  server.GrpcLogAppender (LogUtils.java:warn(121)) - 06c35c3a-0415-431d-ae8b-027bb2658858@group-2C2C502A59F8->c0a63e6c-c246-4c4b-b9bd-48fbdf84331c-AppendLogResponseHandler: Failed appendEntries (Repeated 2 times in the last 5.002s): org.apache.ratis.thirdparty.io.grpc.StatusRuntimeException: UNAVAILABLE: io exception
2024-04-09 12:06:45,316 [grpc-default-executor-2] WARN  server.GrpcLogAppender (LogUtils.java:warn(121)) - 06c35c3a-0415-431d-ae8b-027bb2658858@group-2C2C502A59F8->c0a63e6c-c246-4c4b-b9bd-48fbdf84331c-AppendLogResponseHandler: Failed appendEntries: org.apache.ratis.thirdparty.io.grpc.StatusRuntimeException: UNAVAILABLE: io exception
2024-04-09 12:06:45,318 [grpc-default-executor-2] WARN  server.GrpcLogAppender (GrpcLogAppender.java:lambda$resetClient$1(217)) - 06c35c3a-0415-431d-ae8b-027bb2658858@group-2C2C502A59F8->c0a63e6c-c246-4c4b-b9bd-48fbdf84331c-GrpcLogAppender: Follower failed (request=null, errorCount=69); keep nextIndex (1) unchanged and retry.
2024-04-09 12:06:47,738 [grpc-default-executor-3] WARN  server.GrpcLogAppender (LogUtils.java:warn(121)) - 47f2b6e5-7d1c-4a61-9d74-1b86fd130309@group-DB1D75A9E2DC->c0a63e6c-c246-4c4b-b9bd-48fbdf84331c-AppendLogResponseHandler: Failed appendEntries: org.apache.ratis.thirdparty.io.grpc.StatusRuntimeException: UNAVAILABLE: io exception
2024-04-09 12:06:47,739 [grpc-default-executor-2] WARN  server.GrpcLogAppender (GrpcLogAppender.java:lambda$resetClient$1(217)) - 47f2b6e5-7d1c-4a61-9d74-1b86fd130309@group-DB1D75A9E2DC->c0a63e6c-c246-4c4b-b9bd-48fbdf84331c-GrpcLogAppender: Follower failed (request=null, errorCount=79); keep nextIndex (9) unchanged and retry.
2024-04-09 12:06:50,317 [timer3] WARN  server.GrpcLogAppender (LogUtils.java:warn(121)) - 06c35c3a-0415-431d-ae8b-027bb2658858@group-2C2C502A59F8->c0a63e6c-c246-4c4b-b9bd-48fbdf84331c-AppendLogResponseHandler: Failed appendEntries (Repeated 2 times in the last 5.000s): org.apache.ratis.thirdparty.io.grpc.StatusRuntimeException: UNAVAILABLE: io exception
2024-04-09 12:06:50,318 [timer4] WARN  server.GrpcLogAppender (GrpcLogAppender.java:lambda$resetClient$1(217)) - 06c35c3a-0415-431d-ae8b-027bb2658858@group-2C2C502A59F8->c0a63e6c-c246-4c4b-b9bd-48fbdf84331c-GrpcLogAppender: Follower failed (request=null, errorCount=70); keep nextIndex (1) unchanged and retry. (Repeated 2 times in the last 5.000s)
2024-04-09 12:06:51,799 [grpc-default-executor-3] WARN  server.GrpcLogAppender (LogUtils.java:warn(121)) - 06c35c3a-0415-431d-ae8b-027bb2658858@group-2C2C502A59F8->c0a63e6c-c246-4c4b-b9bd-48fbdf84331c-AppendLogResponseHandler: Failed appendEntries: org.apache.ratis.thirdparty.io.grpc.StatusRuntimeException: UNAVAILABLE: io exception
2024-04-09 12:06:51,801 [grpc-default-executor-2] WARN  server.GrpcLogAppender (GrpcLogAppender.java:lambda$resetClient$1(217)) - 06c35c3a-0415-431d-ae8b-027bb2658858@group-2C2C502A59F8->c0a63e6c-c246-4c4b-b9bd-48fbdf84331c-GrpcLogAppender: Follower failed (request=null, errorCount=71); keep nextIndex (1) unchanged and retry.
2024-04-09 12:06:52,739 [timer7] WARN  server.GrpcLogAppender (GrpcLogAppender.java:lambda$resetClient$1(217)) - 47f2b6e5-7d1c-4a61-9d74-1b86fd130309@group-DB1D75A9E2DC->c0a63e6c-c246-4c4b-b9bd-48fbdf84331c-GrpcLogAppender: Follower failed (request=null, errorCount=80); keep nextIndex (9) unchanged and retry. (Repeated 2 times in the last 5.000s)
2024-04-09 12:06:52,739 [timer6] WARN  server.GrpcLogAppender (LogUtils.java:warn(121)) - 47f2b6e5-7d1c-4a61-9d74-1b86fd130309@group-DB1D75A9E2DC->c0a63e6c-c246-4c4b-b9bd-48fbdf84331c-AppendLogResponseHandler: Failed appendEntries (Repeated 2 times in the last 5.001s): org.apache.ratis.thirdparty.io.grpc.StatusRuntimeException: UNAVAILABLE: io exception
2024-04-09 12:06:54,324 [grpc-default-executor-3] WARN  server.GrpcLogAppender (LogUtils.java:warn(121)) - 47f2b6e5-7d1c-4a61-9d74-1b86fd130309@group-DB1D75A9E2DC->c0a63e6c-c246-4c4b-b9bd-48fbdf84331c-AppendLogResponseHandler: Failed appendEntries: org.apache.ratis.thirdparty.io.grpc.StatusRuntimeException: UNAVAILABLE: io exception
2024-04-09 12:06:54,326 [grpc-default-executor-2] WARN  server.GrpcLogAppender (GrpcLogAppender.java:lambda$resetClient$1(217)) - 47f2b6e5-7d1c-4a61-9d74-1b86fd130309@group-DB1D75A9E2DC->c0a63e6c-c246-4c4b-b9bd-48fbdf84331c-GrpcLogAppender: Follower failed (request=null, errorCount=81); keep nextIndex (9) unchanged and retry.
2024-04-09 12:06:56,800 [timer5] WARN  server.GrpcLogAppender (LogUtils.java:warn(121)) - 06c35c3a-0415-431d-ae8b-027bb2658858@group-2C2C502A59F8->c0a63e6c-c246-4c4b-b9bd-48fbdf84331c-AppendLogResponseHandler: Failed appendEntries (Repeated 4 times in the last 5.000s): org.apache.ratis.thirdparty.io.grpc.StatusRuntimeException: UNAVAILABLE: io exception
2024-04-09 12:06:56,801 [timer6] WARN  server.GrpcLogAppender (GrpcLogAppender.java:lambda$resetClient$1(217)) - 06c35c3a-0415-431d-ae8b-027bb2658858@group-2C2C502A59F8->c0a63e6c-c246-4c4b-b9bd-48fbdf84331c-GrpcLogAppender: Follower failed (request=null, errorCount=74); keep nextIndex (1) unchanged and retry. (Repeated 4 times in the last 5.000s)
2024-04-09 12:06:59,325 [timer6] WARN  server.GrpcLogAppender (LogUtils.java:warn(121)) - 47f2b6e5-7d1c-4a61-9d74-1b86fd130309@group-DB1D75A9E2DC->c0a63e6c-c246-4c4b-b9bd-48fbdf84331c-AppendLogResponseHandler: Failed appendEntries (Repeated 2 times in the last 5.001s): org.apache.ratis.thirdparty.io.grpc.StatusRuntimeException: UNAVAILABLE: io exception
2024-04-09 12:06:59,326 [timer7] WARN  server.GrpcLogAppender (GrpcLogAppender.java:lambda$resetClient$1(217)) - 47f2b6e5-7d1c-4a61-9d74-1b86fd130309@group-DB1D75A9E2DC->c0a63e6c-c246-4c4b-b9bd-48fbdf84331c-GrpcLogAppender: Follower failed (request=null, errorCount=82); keep nextIndex (9) unchanged and retry. (Repeated 2 times in the last 5.000s)
2024-04-09 12:06:59,771 [grpc-default-executor-2] WARN  server.GrpcLogAppender (LogUtils.java:warn(121)) - 06c35c3a-0415-431d-ae8b-027bb2658858@group-2C2C502A59F8->c0a63e6c-c246-4c4b-b9bd-48fbdf84331c-AppendLogResponseHandler: Failed appendEntries: org.apache.ratis.thirdparty.io.grpc.StatusRuntimeException: UNAVAILABLE: io exception
2024-04-09 12:06:59,772 [grpc-default-executor-3] WARN  server.GrpcLogAppender (GrpcLogAppender.java:lambda$resetClient$1(217)) - 06c35c3a-0415-431d-ae8b-027bb2658858@group-2C2C502A59F8->c0a63e6c-c246-4c4b-b9bd-48fbdf84331c-GrpcLogAppender: Follower failed (request=null, errorCount=75); keep nextIndex (1) unchanged and retry.
2024-04-09 12:06:59,788 [grpc-default-executor-2] WARN  server.GrpcLogAppender (LogUtils.java:warn(121)) - 47f2b6e5-7d1c-4a61-9d74-1b86fd130309@group-DB1D75A9E2DC->c0a63e6c-c246-4c4b-b9bd-48fbdf84331c-AppendLogResponseHandler: Failed appendEntries: org.apache.ratis.thirdparty.io.grpc.StatusRuntimeException: UNAVAILABLE: io exception
2024-04-09 12:06:59,789 [grpc-default-executor-3] WARN  server.GrpcLogAppender (GrpcLogAppender.java:lambda$resetClient$1(217)) - 47f2b6e5-7d1c-4a61-9d74-1b86fd130309@group-DB1D75A9E2DC->c0a63e6c-c246-4c4b-b9bd-48fbdf84331c-GrpcLogAppender: Follower failed (request=null, errorCount=83); keep nextIndex (9) unchanged and retry.
2024-04-09 12:07:04,772 [timer5] WARN  server.GrpcLogAppender (LogUtils.java:warn(121)) - 06c35c3a-0415-431d-ae8b-027bb2658858@group-2C2C502A59F8->c0a63e6c-c246-4c4b-b9bd-48fbdf84331c-AppendLogResponseHandler: Failed appendEntries (Repeated 2 times in the last 5.001s): org.apache.ratis.thirdparty.io.grpc.StatusRuntimeException: UNAVAILABLE: io exception
2024-04-09 12:07:04,773 [timer6] WARN  server.GrpcLogAppender (GrpcLogAppender.java:lambda$resetClient$1(217)) - 06c35c3a-0415-431d-ae8b-027bb2658858@group-2C2C502A59F8->c0a63e6c-c246-4c4b-b9bd-48fbdf84331c-GrpcLogAppender: Follower failed (request=null, errorCount=76); keep nextIndex (1) unchanged and retry. (Repeated 2 times in the last 5.001s)
2024-04-09 12:07:04,788 [timer0] WARN  server.GrpcLogAppender (LogUtils.java:warn(121)) - 47f2b6e5-7d1c-4a61-9d74-1b86fd130309@group-DB1D75A9E2DC->c0a63e6c-c246-4c4b-b9bd-48fbdf84331c-AppendLogResponseHandler: Failed appendEntries (Repeated 4 times in the last 5.000s): org.apache.ratis.thirdparty.io.grpc.StatusRuntimeException: UNAVAILABLE: io exception
2024-04-09 12:07:04,789 [timer1] WARN  server.GrpcLogAppender (GrpcLogAppender.java:lambda$resetClient$1(217)) - 47f2b6e5-7d1c-4a61-9d74-1b86fd130309@group-DB1D75A9E2DC->c0a63e6c-c246-4c4b-b9bd-48fbdf84331c-GrpcLogAppender: Follower failed (request=null, errorCount=86); keep nextIndex (9) unchanged and retry. (Repeated 4 times in the last 5.000s)
2024-04-09 12:07:06,079 [grpc-default-executor-3] WARN  server.GrpcLogAppender (LogUtils.java:warn(121)) - 47f2b6e5-7d1c-4a61-9d74-1b86fd130309@group-DB1D75A9E2DC->c0a63e6c-c246-4c4b-b9bd-48fbdf84331c-AppendLogResponseHandler: Failed appendEntries: org.apache.ratis.thirdparty.io.grpc.StatusRuntimeException: UNAVAILABLE: io exception
2024-04-09 12:07:06,080 [grpc-default-executor-2] WARN  server.GrpcLogAppender (GrpcLogAppender.java:lambda$resetClient$1(217)) - 47f2b6e5-7d1c-4a61-9d74-1b86fd130309@group-DB1D75A9E2DC->c0a63e6c-c246-4c4b-b9bd-48fbdf84331c-GrpcLogAppender: Follower failed (request=null, errorCount=87); keep nextIndex (9) unchanged and retry.
2024-04-09 12:07:06,225 [grpc-default-executor-3] WARN  server.GrpcLogAppender (LogUtils.java:warn(121)) - 06c35c3a-0415-431d-ae8b-027bb2658858@group-2C2C502A59F8->c0a63e6c-c246-4c4b-b9bd-48fbdf84331c-AppendLogResponseHandler: Failed appendEntries: org.apache.ratis.thirdparty.io.grpc.StatusRuntimeException: UNAVAILABLE: io exception
2024-04-09 12:07:06,226 [grpc-default-executor-2] WARN  server.GrpcLogAppender (GrpcLogAppender.java:lambda$resetClient$1(217)) - 06c35c3a-0415-431d-ae8b-027bb2658858@group-2C2C502A59F8->c0a63e6c-c246-4c4b-b9bd-48fbdf84331c-GrpcLogAppender: Follower failed (request=null, errorCount=77); keep nextIndex (1) unchanged and retry.
2024-04-09 12:07:11,080 [timer4] WARN  server.GrpcLogAppender (GrpcLogAppender.java:lambda$resetClient$1(217)) - 47f2b6e5-7d1c-4a61-9d74-1b86fd130309@group-DB1D75A9E2DC->c0a63e6c-c246-4c4b-b9bd-48fbdf84331c-GrpcLogAppender: Follower failed (request=null, errorCount=88); keep nextIndex (9) unchanged and retry. (Repeated 2 times in the last 5.000s)
2024-04-09 12:07:11,080 [timer3] WARN  server.GrpcLogAppender (LogUtils.java:warn(121)) - 47f2b6e5-7d1c-4a61-9d74-1b86fd130309@group-DB1D75A9E2DC->c0a63e6c-c246-4c4b-b9bd-48fbdf84331c-AppendLogResponseHandler: Failed appendEntries (Repeated 2 times in the last 5.001s): org.apache.ratis.thirdparty.io.grpc.StatusRuntimeException: UNAVAILABLE: io exception
2024-04-09 12:07:11,226 [timer7] WARN  server.GrpcLogAppender (GrpcLogAppender.java:lambda$resetClient$1(217)) - 06c35c3a-0415-431d-ae8b-027bb2658858@group-2C2C502A59F8->c0a63e6c-c246-4c4b-b9bd-48fbdf84331c-GrpcLogAppender: Follower failed (request=null, errorCount=80); keep nextIndex (1) unchanged and retry. (Repeated 4 times in the last 5.000s)
2024-04-09 12:07:11,226 [timer6] WARN  server.GrpcLogAppender (LogUtils.java:warn(121)) - 06c35c3a-0415-431d-ae8b-027bb2658858@group-2C2C502A59F8->c0a63e6c-c246-4c4b-b9bd-48fbdf84331c-AppendLogResponseHandler: Failed appendEntries (Repeated 4 times in the last 5.001s): org.apache.ratis.thirdparty.io.grpc.StatusRuntimeException: UNAVAILABLE: io exception
2024-04-09 12:07:12,128 [grpc-default-executor-5] WARN  server.GrpcLogAppender (LogUtils.java:warn(121)) - 47f2b6e5-7d1c-4a61-9d74-1b86fd130309@group-DB1D75A9E2DC->c0a63e6c-c246-4c4b-b9bd-48fbdf84331c-AppendLogResponseHandler: Failed appendEntries: org.apache.ratis.thirdparty.io.grpc.StatusRuntimeException: UNAVAILABLE: io exception
2024-04-09 12:07:12,130 [grpc-default-executor-2] WARN  server.GrpcLogAppender (GrpcLogAppender.java:lambda$resetClient$1(217)) - 47f2b6e5-7d1c-4a61-9d74-1b86fd130309@group-DB1D75A9E2DC->c0a63e6c-c246-4c4b-b9bd-48fbdf84331c-GrpcLogAppender: Follower failed (request=null, errorCount=89); keep nextIndex (9) unchanged and retry.
2024-04-09 12:07:16,314 [47f2b6e5-7d1c-4a61-9d74-1b86fd130309-BlockDeletingService#0] INFO  interfaces.ContainerDeletionChoosingPolicyTemplate (ContainerDeletionChoosingPolicyTemplate.java:chooseContainerForBlockDeletion(85)) - Chosen 0/5000 blocks from 0 candidate containers.
2024-04-09 12:07:16,378 [06c35c3a-0415-431d-ae8b-027bb2658858-BlockDeletingService#1] INFO  interfaces.ContainerDeletionChoosingPolicyTemplate (ContainerDeletionChoosingPolicyTemplate.java:chooseContainerForBlockDeletion(85)) - Chosen 0/5000 blocks from 0 candidate containers.
2024-04-09 12:07:16,448 [c0a63e6c-c246-4c4b-b9bd-48fbdf84331c-BlockDeletingService#1] INFO  interfaces.ContainerDeletionChoosingPolicyTemplate (ContainerDeletionChoosingPolicyTemplate.java:chooseContainerForBlockDeletion(85)) - Chosen 0/5000 blocks from 0 candidate containers.
2024-04-09 12:07:16,533 [7127763e-d356-4593-86a2-312e14def563-BlockDeletingService#1] INFO  interfaces.ContainerDeletionChoosingPolicyTemplate (ContainerDeletionChoosingPolicyTemplate.java:chooseContainerForBlockDeletion(85)) - Chosen 0/5000 blocks from 0 candidate containers.
2024-04-09 12:07:16,618 [a87d7804-de0d-4258-ad97-e1309df34ed1-BlockDeletingService#0] INFO  interfaces.ContainerDeletionChoosingPolicyTemplate (ContainerDeletionChoosingPolicyTemplate.java:chooseContainerForBlockDeletion(85)) - Chosen 0/5000 blocks from 0 candidate containers.
2024-04-09 12:07:17,130 [timer7] WARN  server.GrpcLogAppender (GrpcLogAppender.java:lambda$resetClient$1(217)) - 47f2b6e5-7d1c-4a61-9d74-1b86fd130309@group-DB1D75A9E2DC->c0a63e6c-c246-4c4b-b9bd-48fbdf84331c-GrpcLogAppender: Follower failed (request=null, errorCount=90); keep nextIndex (9) unchanged and retry. (Repeated 2 times in the last 5.000s)
2024-04-09 12:07:17,130 [timer6] WARN  server.GrpcLogAppender (LogUtils.java:warn(121)) - 47f2b6e5-7d1c-4a61-9d74-1b86fd130309@group-DB1D75A9E2DC->c0a63e6c-c246-4c4b-b9bd-48fbdf84331c-AppendLogResponseHandler: Failed appendEntries (Repeated 2 times in the last 5.002s): org.apache.ratis.thirdparty.io.grpc.StatusRuntimeException: UNAVAILABLE: io exception
2024-04-09 12:07:17,733 [grpc-default-executor-5] WARN  server.GrpcLogAppender (LogUtils.java:warn(121)) - 47f2b6e5-7d1c-4a61-9d74-1b86fd130309@group-DB1D75A9E2DC->c0a63e6c-c246-4c4b-b9bd-48fbdf84331c-AppendLogResponseHandler: Failed appendEntries: org.apache.ratis.thirdparty.io.grpc.StatusRuntimeException: UNAVAILABLE: io exception
2024-04-09 12:07:17,734 [grpc-default-executor-2] WARN  server.GrpcLogAppender (GrpcLogAppender.java:lambda$resetClient$1(217)) - 47f2b6e5-7d1c-4a61-9d74-1b86fd130309@group-DB1D75A9E2DC->c0a63e6c-c246-4c4b-b9bd-48fbdf84331c-GrpcLogAppender: Follower failed (request=null, errorCount=91); keep nextIndex (9) unchanged and retry.
2024-04-09 12:07:18,518 [grpc-default-executor-5] WARN  server.GrpcLogAppender (LogUtils.java:warn(121)) - 06c35c3a-0415-431d-ae8b-027bb2658858@group-2C2C502A59F8->c0a63e6c-c246-4c4b-b9bd-48fbdf84331c-AppendLogResponseHandler: Failed appendEntries: org.apache.ratis.thirdparty.io.grpc.StatusRuntimeException: UNAVAILABLE: io exception
2024-04-09 12:07:18,519 [grpc-default-executor-2] WARN  server.GrpcLogAppender (GrpcLogAppender.java:lambda$resetClient$1(217)) - 06c35c3a-0415-431d-ae8b-027bb2658858@group-2C2C502A59F8->c0a63e6c-c246-4c4b-b9bd-48fbdf84331c-GrpcLogAppender: Follower failed (request=null, errorCount=81); keep nextIndex (1) unchanged and retry.
2024-04-09 12:07:22,734 [timer3] WARN  server.GrpcLogAppender (LogUtils.java:warn(121)) - 47f2b6e5-7d1c-4a61-9d74-1b86fd130309@group-DB1D75A9E2DC->c0a63e6c-c246-4c4b-b9bd-48fbdf84331c-AppendLogResponseHandler: Failed appendEntries (Repeated 2 times in the last 5.001s): org.apache.ratis.thirdparty.io.grpc.StatusRuntimeException: UNAVAILABLE: io exception
2024-04-09 12:07:22,734 [timer5] WARN  server.GrpcLogAppender (GrpcLogAppender.java:lambda$resetClient$1(217)) - 47f2b6e5-7d1c-4a61-9d74-1b86fd130309@group-DB1D75A9E2DC->c0a63e6c-c246-4c4b-b9bd-48fbdf84331c-GrpcLogAppender: Follower failed (request=null, errorCount=92); keep nextIndex (9) unchanged and retry. (Repeated 2 times in the last 5.000s)
2024-04-09 12:07:23,520 [timer7] WARN  server.GrpcLogAppender (GrpcLogAppender.java:lambda$resetClient$1(217)) - 06c35c3a-0415-431d-ae8b-027bb2658858@group-2C2C502A59F8->c0a63e6c-c246-4c4b-b9bd-48fbdf84331c-GrpcLogAppender: Follower failed (request=null, errorCount=84); keep nextIndex (1) unchanged and retry. (Repeated 4 times in the last 5.000s)
2024-04-09 12:07:23,520 [timer6] WARN  server.GrpcLogAppender (LogUtils.java:warn(121)) - 06c35c3a-0415-431d-ae8b-027bb2658858@group-2C2C502A59F8->c0a63e6c-c246-4c4b-b9bd-48fbdf84331c-AppendLogResponseHandler: Failed appendEntries (Repeated 4 times in the last 5.002s): org.apache.ratis.thirdparty.io.grpc.StatusRuntimeException: UNAVAILABLE: io exception
2024-04-09 12:07:23,740 [grpc-default-executor-2] WARN  server.GrpcLogAppender (LogUtils.java:warn(121)) - 47f2b6e5-7d1c-4a61-9d74-1b86fd130309@group-DB1D75A9E2DC->c0a63e6c-c246-4c4b-b9bd-48fbdf84331c-AppendLogResponseHandler: Failed appendEntries: org.apache.ratis.thirdparty.io.grpc.StatusRuntimeException: UNAVAILABLE: io exception
2024-04-09 12:07:23,741 [grpc-default-executor-5] WARN  server.GrpcLogAppender (GrpcLogAppender.java:lambda$resetClient$1(217)) - 47f2b6e5-7d1c-4a61-9d74-1b86fd130309@group-DB1D75A9E2DC->c0a63e6c-c246-4c4b-b9bd-48fbdf84331c-GrpcLogAppender: Follower failed (request=null, errorCount=93); keep nextIndex (9) unchanged and retry.
2024-04-09 12:07:27,162 [grpc-default-executor-2] WARN  server.GrpcLogAppender (LogUtils.java:warn(121)) - 06c35c3a-0415-431d-ae8b-027bb2658858@group-2C2C502A59F8->c0a63e6c-c246-4c4b-b9bd-48fbdf84331c-AppendLogResponseHandler: Failed appendEntries: org.apache.ratis.thirdparty.io.grpc.StatusRuntimeException: UNAVAILABLE: io exception
2024-04-09 12:07:27,163 [grpc-default-executor-5] WARN  server.GrpcLogAppender (GrpcLogAppender.java:lambda$resetClient$1(217)) - 06c35c3a-0415-431d-ae8b-027bb2658858@group-2C2C502A59F8->c0a63e6c-c246-4c4b-b9bd-48fbdf84331c-GrpcLogAppender: Follower failed (request=null, errorCount=85); keep nextIndex (1) unchanged and retry.
2024-04-09 12:07:28,741 [timer4] WARN  server.GrpcLogAppender (LogUtils.java:warn(121)) - 47f2b6e5-7d1c-4a61-9d74-1b86fd130309@group-DB1D75A9E2DC->c0a63e6c-c246-4c4b-b9bd-48fbdf84331c-AppendLogResponseHandler: Failed appendEntries (Repeated 4 times in the last 5.001s): org.apache.ratis.thirdparty.io.grpc.StatusRuntimeException: UNAVAILABLE: io exception
2024-04-09 12:07:28,741 [timer5] WARN  server.GrpcLogAppender (GrpcLogAppender.java:lambda$resetClient$1(217)) - 47f2b6e5-7d1c-4a61-9d74-1b86fd130309@group-DB1D75A9E2DC->c0a63e6c-c246-4c4b-b9bd-48fbdf84331c-GrpcLogAppender: Follower failed (request=null, errorCount=96); keep nextIndex (9) unchanged and retry. (Repeated 4 times in the last 5.000s)
2024-04-09 12:07:32,163 [timer0] WARN  server.GrpcLogAppender (GrpcLogAppender.java:lambda$resetClient$1(217)) - 06c35c3a-0415-431d-ae8b-027bb2658858@group-2C2C502A59F8->c0a63e6c-c246-4c4b-b9bd-48fbdf84331c-GrpcLogAppender: Follower failed (request=null, errorCount=86); keep nextIndex (1) unchanged and retry. (Repeated 2 times in the last 5.000s)
2024-04-09 12:07:32,164 [timer7] WARN  server.GrpcLogAppender (LogUtils.java:warn(121)) - 06c35c3a-0415-431d-ae8b-027bb2658858@group-2C2C502A59F8->c0a63e6c-c246-4c4b-b9bd-48fbdf84331c-AppendLogResponseHandler: Failed appendEntries (Repeated 2 times in the last 5.001s): org.apache.ratis.thirdparty.io.grpc.StatusRuntimeException: UNAVAILABLE: io exception
2024-04-09 12:07:33,598 [grpc-default-executor-2] WARN  server.GrpcLogAppender (LogUtils.java:warn(121)) - 06c35c3a-0415-431d-ae8b-027bb2658858@group-2C2C502A59F8->c0a63e6c-c246-4c4b-b9bd-48fbdf84331c-AppendLogResponseHandler: Failed appendEntries: org.apache.ratis.thirdparty.io.grpc.StatusRuntimeException: UNAVAILABLE: io exception
2024-04-09 12:07:33,599 [grpc-default-executor-5] WARN  server.GrpcLogAppender (GrpcLogAppender.java:lambda$resetClient$1(217)) - 06c35c3a-0415-431d-ae8b-027bb2658858@group-2C2C502A59F8->c0a63e6c-c246-4c4b-b9bd-48fbdf84331c-GrpcLogAppender: Follower failed (request=null, errorCount=87); keep nextIndex (1) unchanged and retry.
2024-04-09 12:07:35,357 [grpc-default-executor-5] WARN  server.GrpcLogAppender (LogUtils.java:warn(121)) - 47f2b6e5-7d1c-4a61-9d74-1b86fd130309@group-DB1D75A9E2DC->c0a63e6c-c246-4c4b-b9bd-48fbdf84331c-AppendLogResponseHandler: Failed appendEntries: org.apache.ratis.thirdparty.io.grpc.StatusRuntimeException: UNAVAILABLE: io exception
2024-04-09 12:07:35,359 [grpc-default-executor-2] WARN  server.GrpcLogAppender (GrpcLogAppender.java:lambda$resetClient$1(217)) - 47f2b6e5-7d1c-4a61-9d74-1b86fd130309@group-DB1D75A9E2DC->c0a63e6c-c246-4c4b-b9bd-48fbdf84331c-GrpcLogAppender: Follower failed (request=null, errorCount=97); keep nextIndex (9) unchanged and retry.
2024-04-09 12:07:38,599 [timer3] WARN  server.GrpcLogAppender (LogUtils.java:warn(121)) - 06c35c3a-0415-431d-ae8b-027bb2658858@group-2C2C502A59F8->c0a63e6c-c246-4c4b-b9bd-48fbdf84331c-AppendLogResponseHandler: Failed appendEntries (Repeated 4 times in the last 5.001s): org.apache.ratis.thirdparty.io.grpc.StatusRuntimeException: UNAVAILABLE: io exception
2024-04-09 12:07:38,599 [timer4] WARN  server.GrpcLogAppender (GrpcLogAppender.java:lambda$resetClient$1(217)) - 06c35c3a-0415-431d-ae8b-027bb2658858@group-2C2C502A59F8->c0a63e6c-c246-4c4b-b9bd-48fbdf84331c-GrpcLogAppender: Follower failed (request=null, errorCount=90); keep nextIndex (1) unchanged and retry. (Repeated 4 times in the last 5.000s)
2024-04-09 12:07:40,359 [timer7] WARN  server.GrpcLogAppender (GrpcLogAppender.java:lambda$resetClient$1(217)) - 47f2b6e5-7d1c-4a61-9d74-1b86fd130309@group-DB1D75A9E2DC->c0a63e6c-c246-4c4b-b9bd-48fbdf84331c-GrpcLogAppender: Follower failed (request=null, errorCount=100); keep nextIndex (9) unchanged and retry. (Repeated 4 times in the last 5.000s)
2024-04-09 12:07:40,359 [timer6] WARN  server.GrpcLogAppender (LogUtils.java:warn(121)) - 47f2b6e5-7d1c-4a61-9d74-1b86fd130309@group-DB1D75A9E2DC->c0a63e6c-c246-4c4b-b9bd-48fbdf84331c-AppendLogResponseHandler: Failed appendEntries (Repeated 4 times in the last 5.002s): org.apache.ratis.thirdparty.io.grpc.StatusRuntimeException: UNAVAILABLE: io exception
2024-04-09 12:07:41,298 [grpc-default-executor-2] WARN  server.GrpcLogAppender (LogUtils.java:warn(121)) - 47f2b6e5-7d1c-4a61-9d74-1b86fd130309@group-DB1D75A9E2DC->c0a63e6c-c246-4c4b-b9bd-48fbdf84331c-AppendLogResponseHandler: Failed appendEntries: org.apache.ratis.thirdparty.io.grpc.StatusRuntimeException: UNAVAILABLE: io exception
2024-04-09 12:07:41,299 [grpc-default-executor-5] WARN  server.GrpcLogAppender (GrpcLogAppender.java:lambda$resetClient$1(217)) - 47f2b6e5-7d1c-4a61-9d74-1b86fd130309@group-DB1D75A9E2DC->c0a63e6c-c246-4c4b-b9bd-48fbdf84331c-GrpcLogAppender: Follower failed (request=null, errorCount=101); keep nextIndex (9) unchanged and retry.
2024-04-09 12:07:44,852 [grpc-default-executor-2] WARN  server.GrpcLogAppender (LogUtils.java:warn(121)) - 06c35c3a-0415-431d-ae8b-027bb2658858@group-2C2C502A59F8->c0a63e6c-c246-4c4b-b9bd-48fbdf84331c-AppendLogResponseHandler: Failed appendEntries: org.apache.ratis.thirdparty.io.grpc.StatusRuntimeException: UNAVAILABLE: io exception
2024-04-09 12:07:44,853 [grpc-default-executor-5] WARN  server.GrpcLogAppender (GrpcLogAppender.java:lambda$resetClient$1(217)) - 06c35c3a-0415-431d-ae8b-027bb2658858@group-2C2C502A59F8->c0a63e6c-c246-4c4b-b9bd-48fbdf84331c-GrpcLogAppender: Follower failed (request=null, errorCount=91); keep nextIndex (1) unchanged and retry.
2024-04-09 12:07:46,299 [timer5] WARN  server.GrpcLogAppender (LogUtils.java:warn(121)) - 47f2b6e5-7d1c-4a61-9d74-1b86fd130309@group-DB1D75A9E2DC->c0a63e6c-c246-4c4b-b9bd-48fbdf84331c-AppendLogResponseHandler: Failed appendEntries (Repeated 2 times in the last 5.001s): org.apache.ratis.thirdparty.io.grpc.StatusRuntimeException: UNAVAILABLE: io exception
2024-04-09 12:07:46,299 [timer6] WARN  server.GrpcLogAppender (GrpcLogAppender.java:lambda$resetClient$1(217)) - 47f2b6e5-7d1c-4a61-9d74-1b86fd130309@group-DB1D75A9E2DC->c0a63e6c-c246-4c4b-b9bd-48fbdf84331c-GrpcLogAppender: Follower failed (request=null, errorCount=102); keep nextIndex (9) unchanged and retry. (Repeated 2 times in the last 5.001s)
2024-04-09 12:07:48,119 [grpc-default-executor-2] WARN  server.GrpcLogAppender (LogUtils.java:warn(121)) - 47f2b6e5-7d1c-4a61-9d74-1b86fd130309@group-DB1D75A9E2DC->c0a63e6c-c246-4c4b-b9bd-48fbdf84331c-AppendLogResponseHandler: Failed appendEntries: org.apache.ratis.thirdparty.io.grpc.StatusRuntimeException: UNAVAILABLE: io exception
2024-04-09 12:07:48,120 [grpc-default-executor-5] WARN  server.GrpcLogAppender (GrpcLogAppender.java:lambda$resetClient$1(217)) - 47f2b6e5-7d1c-4a61-9d74-1b86fd130309@group-DB1D75A9E2DC->c0a63e6c-c246-4c4b-b9bd-48fbdf84331c-GrpcLogAppender: Follower failed (request=null, errorCount=103); keep nextIndex (9) unchanged and retry.
2024-04-09 12:07:49,853 [timer0] WARN  server.GrpcLogAppender (GrpcLogAppender.java:lambda$resetClient$1(217)) - 06c35c3a-0415-431d-ae8b-027bb2658858@group-2C2C502A59F8->c0a63e6c-c246-4c4b-b9bd-48fbdf84331c-GrpcLogAppender: Follower failed (request=null, errorCount=94); keep nextIndex (1) unchanged and retry. (Repeated 4 times in the last 5.000s)
2024-04-09 12:07:49,853 [timer7] WARN  server.GrpcLogAppender (LogUtils.java:warn(121)) - 06c35c3a-0415-431d-ae8b-027bb2658858@group-2C2C502A59F8->c0a63e6c-c246-4c4b-b9bd-48fbdf84331c-AppendLogResponseHandler: Failed appendEntries (Repeated 4 times in the last 5.002s): org.apache.ratis.thirdparty.io.grpc.StatusRuntimeException: UNAVAILABLE: io exception
2024-04-09 12:07:51,436 [grpc-default-executor-5] WARN  server.GrpcLogAppender (LogUtils.java:warn(121)) - 06c35c3a-0415-431d-ae8b-027bb2658858@group-2C2C502A59F8->c0a63e6c-c246-4c4b-b9bd-48fbdf84331c-AppendLogResponseHandler: Failed appendEntries: org.apache.ratis.thirdparty.io.grpc.StatusRuntimeException: UNAVAILABLE: io exception
2024-04-09 12:07:51,437 [grpc-default-executor-2] WARN  server.GrpcLogAppender (GrpcLogAppender.java:lambda$resetClient$1(217)) - 06c35c3a-0415-431d-ae8b-027bb2658858@group-2C2C502A59F8->c0a63e6c-c246-4c4b-b9bd-48fbdf84331c-GrpcLogAppender: Follower failed (request=null, errorCount=95); keep nextIndex (1) unchanged and retry.
2024-04-09 12:07:53,120 [timer7] WARN  server.GrpcLogAppender (GrpcLogAppender.java:lambda$resetClient$1(217)) - 47f2b6e5-7d1c-4a61-9d74-1b86fd130309@group-DB1D75A9E2DC->c0a63e6c-c246-4c4b-b9bd-48fbdf84331c-GrpcLogAppender: Follower failed (request=null, errorCount=104); keep nextIndex (9) unchanged and retry. (Repeated 2 times in the last 5.000s)
2024-04-09 12:07:53,120 [timer5] WARN  server.GrpcLogAppender (LogUtils.java:warn(121)) - 47f2b6e5-7d1c-4a61-9d74-1b86fd130309@group-DB1D75A9E2DC->c0a63e6c-c246-4c4b-b9bd-48fbdf84331c-AppendLogResponseHandler: Failed appendEntries (Repeated 2 times in the last 5.001s): org.apache.ratis.thirdparty.io.grpc.StatusRuntimeException: UNAVAILABLE: io exception
2024-04-09 12:07:54,561 [grpc-default-executor-5] WARN  server.GrpcLogAppender (LogUtils.java:warn(121)) - 47f2b6e5-7d1c-4a61-9d74-1b86fd130309@group-DB1D75A9E2DC->c0a63e6c-c246-4c4b-b9bd-48fbdf84331c-AppendLogResponseHandler: Failed appendEntries: org.apache.ratis.thirdparty.io.grpc.StatusRuntimeException: UNAVAILABLE: io exception
2024-04-09 12:07:54,562 [grpc-default-executor-2] WARN  server.GrpcLogAppender (GrpcLogAppender.java:lambda$resetClient$1(217)) - 47f2b6e5-7d1c-4a61-9d74-1b86fd130309@group-DB1D75A9E2DC->c0a63e6c-c246-4c4b-b9bd-48fbdf84331c-GrpcLogAppender: Follower failed (request=null, errorCount=105); keep nextIndex (9) unchanged and retry.
2024-04-09 12:07:56,437 [timer6] WARN  server.GrpcLogAppender (GrpcLogAppender.java:lambda$resetClient$1(217)) - 06c35c3a-0415-431d-ae8b-027bb2658858@group-2C2C502A59F8->c0a63e6c-c246-4c4b-b9bd-48fbdf84331c-GrpcLogAppender: Follower failed (request=null, errorCount=96); keep nextIndex (1) unchanged and retry. (Repeated 2 times in the last 5.000s)
2024-04-09 12:07:56,437 [timer5] WARN  server.GrpcLogAppender (LogUtils.java:warn(121)) - 06c35c3a-0415-431d-ae8b-027bb2658858@group-2C2C502A59F8->c0a63e6c-c246-4c4b-b9bd-48fbdf84331c-AppendLogResponseHandler: Failed appendEntries (Repeated 2 times in the last 5.001s): org.apache.ratis.thirdparty.io.grpc.StatusRuntimeException: UNAVAILABLE: io exception
2024-04-09 12:07:57,744 [grpc-default-executor-5] WARN  server.GrpcLogAppender (LogUtils.java:warn(121)) - 06c35c3a-0415-431d-ae8b-027bb2658858@group-2C2C502A59F8->c0a63e6c-c246-4c4b-b9bd-48fbdf84331c-AppendLogResponseHandler: Failed appendEntries: org.apache.ratis.thirdparty.io.grpc.StatusRuntimeException: UNAVAILABLE: io exception
2024-04-09 12:07:57,745 [grpc-default-executor-2] WARN  server.GrpcLogAppender (GrpcLogAppender.java:lambda$resetClient$1(217)) - 06c35c3a-0415-431d-ae8b-027bb2658858@group-2C2C502A59F8->c0a63e6c-c246-4c4b-b9bd-48fbdf84331c-GrpcLogAppender: Follower failed (request=null, errorCount=97); keep nextIndex (1) unchanged and retry.
2024-04-09 12:07:59,563 [timer7] WARN  server.GrpcLogAppender (GrpcLogAppender.java:lambda$resetClient$1(217)) - 47f2b6e5-7d1c-4a61-9d74-1b86fd130309@group-DB1D75A9E2DC->c0a63e6c-c246-4c4b-b9bd-48fbdf84331c-GrpcLogAppender: Follower failed (request=null, errorCount=106); keep nextIndex (9) unchanged and retry. (Repeated 2 times in the last 5.001s)
2024-04-09 12:07:59,563 [timer6] WARN  server.GrpcLogAppender (LogUtils.java:warn(121)) - 47f2b6e5-7d1c-4a61-9d74-1b86fd130309@group-DB1D75A9E2DC->c0a63e6c-c246-4c4b-b9bd-48fbdf84331c-AppendLogResponseHandler: Failed appendEntries (Repeated 2 times in the last 5.002s): org.apache.ratis.thirdparty.io.grpc.StatusRuntimeException: UNAVAILABLE: io exception
2024-04-09 12:08:00,493 [grpc-default-executor-2] WARN  server.GrpcLogAppender (LogUtils.java:warn(121)) - 47f2b6e5-7d1c-4a61-9d74-1b86fd130309@group-DB1D75A9E2DC->c0a63e6c-c246-4c4b-b9bd-48fbdf84331c-AppendLogResponseHandler: Failed appendEntries: org.apache.ratis.thirdparty.io.grpc.StatusRuntimeException: UNAVAILABLE: io exception
2024-04-09 12:08:00,494 [grpc-default-executor-5] WARN  server.GrpcLogAppender (GrpcLogAppender.java:lambda$resetClient$1(217)) - 47f2b6e5-7d1c-4a61-9d74-1b86fd130309@group-DB1D75A9E2DC->c0a63e6c-c246-4c4b-b9bd-48fbdf84331c-GrpcLogAppender: Follower failed (request=null, errorCount=107); keep nextIndex (9) unchanged and retry.
2024-04-09 12:08:02,745 [timer5] WARN  server.GrpcLogAppender (LogUtils.java:warn(121)) - 06c35c3a-0415-431d-ae8b-027bb2658858@group-2C2C502A59F8->c0a63e6c-c246-4c4b-b9bd-48fbdf84331c-AppendLogResponseHandler: Failed appendEntries (Repeated 2 times in the last 5.001s): org.apache.ratis.thirdparty.io.grpc.StatusRuntimeException: UNAVAILABLE: io exception
2024-04-09 12:08:02,745 [timer6] WARN  server.GrpcLogAppender (GrpcLogAppender.java:lambda$resetClient$1(217)) - 06c35c3a-0415-431d-ae8b-027bb2658858@group-2C2C502A59F8->c0a63e6c-c246-4c4b-b9bd-48fbdf84331c-GrpcLogAppender: Follower failed (request=null, errorCount=98); keep nextIndex (1) unchanged and retry. (Repeated 2 times in the last 5.000s)
2024-04-09 12:08:03,902 [grpc-default-executor-2] WARN  server.GrpcLogAppender (LogUtils.java:warn(121)) - 06c35c3a-0415-431d-ae8b-027bb2658858@group-2C2C502A59F8->c0a63e6c-c246-4c4b-b9bd-48fbdf84331c-AppendLogResponseHandler: Failed appendEntries: org.apache.ratis.thirdparty.io.grpc.StatusRuntimeException: UNAVAILABLE: io exception
2024-04-09 12:08:03,904 [grpc-default-executor-5] WARN  server.GrpcLogAppender (GrpcLogAppender.java:lambda$resetClient$1(217)) - 06c35c3a-0415-431d-ae8b-027bb2658858@group-2C2C502A59F8->c0a63e6c-c246-4c4b-b9bd-48fbdf84331c-GrpcLogAppender: Follower failed (request=null, errorCount=99); keep nextIndex (1) unchanged and retry.
2024-04-09 12:08:05,494 [timer6] WARN  server.GrpcLogAppender (LogUtils.java:warn(121)) - 47f2b6e5-7d1c-4a61-9d74-1b86fd130309@group-DB1D75A9E2DC->c0a63e6c-c246-4c4b-b9bd-48fbdf84331c-AppendLogResponseHandler: Failed appendEntries (Repeated 4 times in the last 5.002s): org.apache.ratis.thirdparty.io.grpc.StatusRuntimeException: UNAVAILABLE: io exception
2024-04-09 12:08:05,494 [timer7] WARN  server.GrpcLogAppender (GrpcLogAppender.java:lambda$resetClient$1(217)) - 47f2b6e5-7d1c-4a61-9d74-1b86fd130309@group-DB1D75A9E2DC->c0a63e6c-c246-4c4b-b9bd-48fbdf84331c-GrpcLogAppender: Follower failed (request=null, errorCount=110); keep nextIndex (9) unchanged and retry. (Repeated 4 times in the last 5.001s)
2024-04-09 12:08:08,904 [timer6] WARN  server.GrpcLogAppender (GrpcLogAppender.java:lambda$resetClient$1(217)) - 06c35c3a-0415-431d-ae8b-027bb2658858@group-2C2C502A59F8->c0a63e6c-c246-4c4b-b9bd-48fbdf84331c-GrpcLogAppender: Follower failed (request=null, errorCount=102); keep nextIndex (1) unchanged and retry. (Repeated 4 times in the last 5.000s)
2024-04-09 12:08:08,904 [timer5] WARN  server.GrpcLogAppender (LogUtils.java:warn(121)) - 06c35c3a-0415-431d-ae8b-027bb2658858@group-2C2C502A59F8->c0a63e6c-c246-4c4b-b9bd-48fbdf84331c-AppendLogResponseHandler: Failed appendEntries (Repeated 4 times in the last 5.002s): org.apache.ratis.thirdparty.io.grpc.StatusRuntimeException: UNAVAILABLE: io exception
2024-04-09 12:08:09,555 [grpc-default-executor-2] WARN  server.GrpcLogAppender (LogUtils.java:warn(121)) - 47f2b6e5-7d1c-4a61-9d74-1b86fd130309@group-DB1D75A9E2DC->c0a63e6c-c246-4c4b-b9bd-48fbdf84331c-AppendLogResponseHandler: Failed appendEntries: org.apache.ratis.thirdparty.io.grpc.StatusRuntimeException: UNAVAILABLE: io exception
2024-04-09 12:08:09,556 [grpc-default-executor-5] WARN  server.GrpcLogAppender (GrpcLogAppender.java:lambda$resetClient$1(217)) - 47f2b6e5-7d1c-4a61-9d74-1b86fd130309@group-DB1D75A9E2DC->c0a63e6c-c246-4c4b-b9bd-48fbdf84331c-GrpcLogAppender: Follower failed (request=null, errorCount=111); keep nextIndex (9) unchanged and retry.
2024-04-09 12:08:10,274 [grpc-default-executor-2] WARN  server.GrpcLogAppender (LogUtils.java:warn(121)) - 06c35c3a-0415-431d-ae8b-027bb2658858@group-2C2C502A59F8->c0a63e6c-c246-4c4b-b9bd-48fbdf84331c-AppendLogResponseHandler: Failed appendEntries: org.apache.ratis.thirdparty.io.grpc.StatusRuntimeException: UNAVAILABLE: io exception
2024-04-09 12:08:10,276 [grpc-default-executor-5] WARN  server.GrpcLogAppender (GrpcLogAppender.java:lambda$resetClient$1(217)) - 06c35c3a-0415-431d-ae8b-027bb2658858@group-2C2C502A59F8->c0a63e6c-c246-4c4b-b9bd-48fbdf84331c-GrpcLogAppender: Follower failed (request=null, errorCount=103); keep nextIndex (1) unchanged and retry.
2024-04-09 12:08:14,557 [timer6] WARN  server.GrpcLogAppender (GrpcLogAppender.java:lambda$resetClient$1(217)) - 47f2b6e5-7d1c-4a61-9d74-1b86fd130309@group-DB1D75A9E2DC->c0a63e6c-c246-4c4b-b9bd-48fbdf84331c-GrpcLogAppender: Follower failed (request=null, errorCount=114); keep nextIndex (9) unchanged and retry. (Repeated 4 times in the last 5.001s)
2024-04-09 12:08:14,557 [timer5] WARN  server.GrpcLogAppender (LogUtils.java:warn(121)) - 47f2b6e5-7d1c-4a61-9d74-1b86fd130309@group-DB1D75A9E2DC->c0a63e6c-c246-4c4b-b9bd-48fbdf84331c-AppendLogResponseHandler: Failed appendEntries (Repeated 4 times in the last 5.002s): org.apache.ratis.thirdparty.io.grpc.StatusRuntimeException: UNAVAILABLE: io exception
2024-04-09 12:08:15,276 [timer6] WARN  server.GrpcLogAppender (LogUtils.java:warn(121)) - 06c35c3a-0415-431d-ae8b-027bb2658858@group-2C2C502A59F8->c0a63e6c-c246-4c4b-b9bd-48fbdf84331c-AppendLogResponseHandler: Failed appendEntries (Repeated 4 times in the last 5.002s): org.apache.ratis.thirdparty.io.grpc.StatusRuntimeException: UNAVAILABLE: io exception
2024-04-09 12:08:15,277 [timer7] WARN  server.GrpcLogAppender (GrpcLogAppender.java:lambda$resetClient$1(217)) - 06c35c3a-0415-431d-ae8b-027bb2658858@group-2C2C502A59F8->c0a63e6c-c246-4c4b-b9bd-48fbdf84331c-GrpcLogAppender: Follower failed (request=null, errorCount=106); keep nextIndex (1) unchanged and retry. (Repeated 4 times in the last 5.001s)
2024-04-09 12:08:16,002 [grpc-default-executor-2] WARN  server.GrpcLogAppender (LogUtils.java:warn(121)) - 47f2b6e5-7d1c-4a61-9d74-1b86fd130309@group-DB1D75A9E2DC->c0a63e6c-c246-4c4b-b9bd-48fbdf84331c-AppendLogResponseHandler: Failed appendEntries: org.apache.ratis.thirdparty.io.grpc.StatusRuntimeException: UNAVAILABLE: io exception
2024-04-09 12:08:16,003 [grpc-default-executor-5] WARN  server.GrpcLogAppender (GrpcLogAppender.java:lambda$resetClient$1(217)) - 47f2b6e5-7d1c-4a61-9d74-1b86fd130309@group-DB1D75A9E2DC->c0a63e6c-c246-4c4b-b9bd-48fbdf84331c-GrpcLogAppender: Follower failed (request=null, errorCount=115); keep nextIndex (9) unchanged and retry.
2024-04-09 12:08:16,314 [47f2b6e5-7d1c-4a61-9d74-1b86fd130309-BlockDeletingService#2] INFO  interfaces.ContainerDeletionChoosingPolicyTemplate (ContainerDeletionChoosingPolicyTemplate.java:chooseContainerForBlockDeletion(85)) - Chosen 0/5000 blocks from 0 candidate containers.
2024-04-09 12:08:16,379 [06c35c3a-0415-431d-ae8b-027bb2658858-BlockDeletingService#2] INFO  interfaces.ContainerDeletionChoosingPolicyTemplate (ContainerDeletionChoosingPolicyTemplate.java:chooseContainerForBlockDeletion(85)) - Chosen 0/5000 blocks from 0 candidate containers.
2024-04-09 12:08:16,448 [c0a63e6c-c246-4c4b-b9bd-48fbdf84331c-BlockDeletingService#2] INFO  interfaces.ContainerDeletionChoosingPolicyTemplate (ContainerDeletionChoosingPolicyTemplate.java:chooseContainerForBlockDeletion(85)) - Chosen 0/5000 blocks from 0 candidate containers.
2024-04-09 12:08:16,533 [7127763e-d356-4593-86a2-312e14def563-BlockDeletingService#2] INFO  interfaces.ContainerDeletionChoosingPolicyTemplate (ContainerDeletionChoosingPolicyTemplate.java:chooseContainerForBlockDeletion(85)) - Chosen 0/5000 blocks from 0 candidate containers.
2024-04-09 12:08:16,618 [a87d7804-de0d-4258-ad97-e1309df34ed1-BlockDeletingService#2] INFO  interfaces.ContainerDeletionChoosingPolicyTemplate (ContainerDeletionChoosingPolicyTemplate.java:chooseContainerForBlockDeletion(85)) - Chosen 0/5000 blocks from 0 candidate containers.
2024-04-09 12:08:17,863 [grpc-default-executor-2] WARN  server.GrpcLogAppender (LogUtils.java:warn(121)) - 06c35c3a-0415-431d-ae8b-027bb2658858@group-2C2C502A59F8->c0a63e6c-c246-4c4b-b9bd-48fbdf84331c-AppendLogResponseHandler: Failed appendEntries: org.apache.ratis.thirdparty.io.grpc.StatusRuntimeException: UNAVAILABLE: io exception
2024-04-09 12:08:17,864 [grpc-default-executor-5] WARN  server.GrpcLogAppender (GrpcLogAppender.java:lambda$resetClient$1(217)) - 06c35c3a-0415-431d-ae8b-027bb2658858@group-2C2C502A59F8->c0a63e6c-c246-4c4b-b9bd-48fbdf84331c-GrpcLogAppender: Follower failed (request=null, errorCount=107); keep nextIndex (1) unchanged and retry.
2024-04-09 12:08:21,003 [timer4] WARN  server.GrpcLogAppender (LogUtils.java:warn(121)) - 47f2b6e5-7d1c-4a61-9d74-1b86fd130309@group-DB1D75A9E2DC->c0a63e6c-c246-4c4b-b9bd-48fbdf84331c-AppendLogResponseHandler: Failed appendEntries (Repeated 4 times in the last 5.001s): org.apache.ratis.thirdparty.io.grpc.StatusRuntimeException: UNAVAILABLE: io exception
2024-04-09 12:08:21,003 [timer5] WARN  server.GrpcLogAppender (GrpcLogAppender.java:lambda$resetClient$1(217)) - 47f2b6e5-7d1c-4a61-9d74-1b86fd130309@group-DB1D75A9E2DC->c0a63e6c-c246-4c4b-b9bd-48fbdf84331c-GrpcLogAppender: Follower failed (request=null, errorCount=118); keep nextIndex (9) unchanged and retry. (Repeated 4 times in the last 5.000s)
2024-04-09 12:08:22,865 [timer7] WARN  server.GrpcLogAppender (GrpcLogAppender.java:lambda$resetClient$1(217)) - 06c35c3a-0415-431d-ae8b-027bb2658858@group-2C2C502A59F8->c0a63e6c-c246-4c4b-b9bd-48fbdf84331c-GrpcLogAppender: Follower failed (request=null, errorCount=110); keep nextIndex (1) unchanged and retry. (Repeated 4 times in the last 5.000s)
2024-04-09 12:08:22,865 [timer6] WARN  server.GrpcLogAppender (LogUtils.java:warn(121)) - 06c35c3a-0415-431d-ae8b-027bb2658858@group-2C2C502A59F8->c0a63e6c-c246-4c4b-b9bd-48fbdf84331c-AppendLogResponseHandler: Failed appendEntries (Repeated 4 times in the last 5.002s): org.apache.ratis.thirdparty.io.grpc.StatusRuntimeException: UNAVAILABLE: io exception
2024-04-09 12:08:25,511 [grpc-default-executor-2] WARN  server.GrpcLogAppender (LogUtils.java:warn(121)) - 06c35c3a-0415-431d-ae8b-027bb2658858@group-2C2C502A59F8->c0a63e6c-c246-4c4b-b9bd-48fbdf84331c-AppendLogResponseHandler: Failed appendEntries: org.apache.ratis.thirdparty.io.grpc.StatusRuntimeException: UNAVAILABLE: io exception
2024-04-09 12:08:25,513 [grpc-default-executor-5] WARN  server.GrpcLogAppender (GrpcLogAppender.java:lambda$resetClient$1(217)) - 06c35c3a-0415-431d-ae8b-027bb2658858@group-2C2C502A59F8->c0a63e6c-c246-4c4b-b9bd-48fbdf84331c-GrpcLogAppender: Follower failed (request=null, errorCount=111); keep nextIndex (1) unchanged and retry.
2024-04-09 12:08:26,177 [grpc-default-executor-2] WARN  server.GrpcLogAppender (LogUtils.java:warn(121)) - 47f2b6e5-7d1c-4a61-9d74-1b86fd130309@group-DB1D75A9E2DC->c0a63e6c-c246-4c4b-b9bd-48fbdf84331c-AppendLogResponseHandler: Failed appendEntries: org.apache.ratis.thirdparty.io.grpc.StatusRuntimeException: UNAVAILABLE: io exception
2024-04-09 12:08:26,177 [grpc-default-executor-5] WARN  server.GrpcLogAppender (GrpcLogAppender.java:lambda$resetClient$1(217)) - 47f2b6e5-7d1c-4a61-9d74-1b86fd130309@group-DB1D75A9E2DC->c0a63e6c-c246-4c4b-b9bd-48fbdf84331c-GrpcLogAppender: Follower failed (request=null, errorCount=119); keep nextIndex (9) unchanged and retry.
2024-04-09 12:08:30,513 [timer4] WARN  server.GrpcLogAppender (LogUtils.java:warn(121)) - 06c35c3a-0415-431d-ae8b-027bb2658858@group-2C2C502A59F8->c0a63e6c-c246-4c4b-b9bd-48fbdf84331c-AppendLogResponseHandler: Failed appendEntries (Repeated 2 times in the last 5.002s): org.apache.ratis.thirdparty.io.grpc.StatusRuntimeException: UNAVAILABLE: io exception
2024-04-09 12:08:30,513 [timer5] WARN  server.GrpcLogAppender (GrpcLogAppender.java:lambda$resetClient$1(217)) - 06c35c3a-0415-431d-ae8b-027bb2658858@group-2C2C502A59F8->c0a63e6c-c246-4c4b-b9bd-48fbdf84331c-GrpcLogAppender: Follower failed (request=null, errorCount=112); keep nextIndex (1) unchanged and retry. (Repeated 2 times in the last 5.000s)
2024-04-09 12:08:31,178 [timer6] WARN  server.GrpcLogAppender (LogUtils.java:warn(121)) - 47f2b6e5-7d1c-4a61-9d74-1b86fd130309@group-DB1D75A9E2DC->c0a63e6c-c246-4c4b-b9bd-48fbdf84331c-AppendLogResponseHandler: Failed appendEntries (Repeated 4 times in the last 5.002s): org.apache.ratis.thirdparty.io.grpc.StatusRuntimeException: UNAVAILABLE: io exception
2024-04-09 12:08:31,178 [timer7] WARN  server.GrpcLogAppender (GrpcLogAppender.java:lambda$resetClient$1(217)) - 47f2b6e5-7d1c-4a61-9d74-1b86fd130309@group-DB1D75A9E2DC->c0a63e6c-c246-4c4b-b9bd-48fbdf84331c-GrpcLogAppender: Follower failed (request=null, errorCount=122); keep nextIndex (9) unchanged and retry. (Repeated 4 times in the last 5.000s)
2024-04-09 12:08:31,576 [grpc-default-executor-5] WARN  server.GrpcLogAppender (LogUtils.java:warn(121)) - 06c35c3a-0415-431d-ae8b-027bb2658858@group-2C2C502A59F8->c0a63e6c-c246-4c4b-b9bd-48fbdf84331c-AppendLogResponseHandler: Failed appendEntries: org.apache.ratis.thirdparty.io.grpc.StatusRuntimeException: UNAVAILABLE: io exception
2024-04-09 12:08:31,577 [grpc-default-executor-2] WARN  server.GrpcLogAppender (GrpcLogAppender.java:lambda$resetClient$1(217)) - 06c35c3a-0415-431d-ae8b-027bb2658858@group-2C2C502A59F8->c0a63e6c-c246-4c4b-b9bd-48fbdf84331c-GrpcLogAppender: Follower failed (request=null, errorCount=113); keep nextIndex (1) unchanged and retry.
2024-04-09 12:08:36,577 [timer4] WARN  server.GrpcLogAppender (LogUtils.java:warn(121)) - 06c35c3a-0415-431d-ae8b-027bb2658858@group-2C2C502A59F8->c0a63e6c-c246-4c4b-b9bd-48fbdf84331c-AppendLogResponseHandler: Failed appendEntries (Repeated 4 times in the last 5.001s): org.apache.ratis.thirdparty.io.grpc.StatusRuntimeException: UNAVAILABLE: io exception
2024-04-09 12:08:36,578 [timer5] WARN  server.GrpcLogAppender (GrpcLogAppender.java:lambda$resetClient$1(217)) - 06c35c3a-0415-431d-ae8b-027bb2658858@group-2C2C502A59F8->c0a63e6c-c246-4c4b-b9bd-48fbdf84331c-GrpcLogAppender: Follower failed (request=null, errorCount=116); keep nextIndex (1) unchanged and retry. (Repeated 4 times in the last 5.000s)
2024-04-09 12:08:36,649 [grpc-default-executor-2] WARN  server.GrpcLogAppender (LogUtils.java:warn(121)) - 47f2b6e5-7d1c-4a61-9d74-1b86fd130309@group-DB1D75A9E2DC->c0a63e6c-c246-4c4b-b9bd-48fbdf84331c-AppendLogResponseHandler: Failed appendEntries: org.apache.ratis.thirdparty.io.grpc.StatusRuntimeException: UNAVAILABLE: io exception
2024-04-09 12:08:36,651 [grpc-default-executor-5] WARN  server.GrpcLogAppender (GrpcLogAppender.java:lambda$resetClient$1(217)) - 47f2b6e5-7d1c-4a61-9d74-1b86fd130309@group-DB1D75A9E2DC->c0a63e6c-c246-4c4b-b9bd-48fbdf84331c-GrpcLogAppender: Follower failed (request=null, errorCount=123); keep nextIndex (9) unchanged and retry.
2024-04-09 12:08:40,167 [grpc-default-executor-2] WARN  server.GrpcLogAppender (LogUtils.java:warn(121)) - 06c35c3a-0415-431d-ae8b-027bb2658858@group-2C2C502A59F8->c0a63e6c-c246-4c4b-b9bd-48fbdf84331c-AppendLogResponseHandler: Failed appendEntries: org.apache.ratis.thirdparty.io.grpc.StatusRuntimeException: UNAVAILABLE: io exception
2024-04-09 12:08:40,168 [grpc-default-executor-5] WARN  server.GrpcLogAppender (GrpcLogAppender.java:lambda$resetClient$1(217)) - 06c35c3a-0415-431d-ae8b-027bb2658858@group-2C2C502A59F8->c0a63e6c-c246-4c4b-b9bd-48fbdf84331c-GrpcLogAppender: Follower failed (request=null, errorCount=117); keep nextIndex (1) unchanged and retry.
2024-04-09 12:08:41,651 [timer4] WARN  server.GrpcLogAppender (LogUtils.java:warn(121)) - 47f2b6e5-7d1c-4a61-9d74-1b86fd130309@group-DB1D75A9E2DC->c0a63e6c-c246-4c4b-b9bd-48fbdf84331c-AppendLogResponseHandler: Failed appendEntries (Repeated 2 times in the last 5.001s): org.apache.ratis.thirdparty.io.grpc.StatusRuntimeException: UNAVAILABLE: io exception
2024-04-09 12:08:41,651 [timer5] WARN  server.GrpcLogAppender (GrpcLogAppender.java:lambda$resetClient$1(217)) - 47f2b6e5-7d1c-4a61-9d74-1b86fd130309@group-DB1D75A9E2DC->c0a63e6c-c246-4c4b-b9bd-48fbdf84331c-GrpcLogAppender: Follower failed (request=null, errorCount=124); keep nextIndex (9) unchanged and retry. (Repeated 2 times in the last 5.000s)
2024-04-09 12:08:43,639 [grpc-default-executor-2] WARN  server.GrpcLogAppender (LogUtils.java:warn(121)) - 47f2b6e5-7d1c-4a61-9d74-1b86fd130309@group-DB1D75A9E2DC->c0a63e6c-c246-4c4b-b9bd-48fbdf84331c-AppendLogResponseHandler: Failed appendEntries: org.apache.ratis.thirdparty.io.grpc.StatusRuntimeException: UNAVAILABLE: io exception
2024-04-09 12:08:43,640 [grpc-default-executor-5] WARN  server.GrpcLogAppender (GrpcLogAppender.java:lambda$resetClient$1(217)) - 47f2b6e5-7d1c-4a61-9d74-1b86fd130309@group-DB1D75A9E2DC->c0a63e6c-c246-4c4b-b9bd-48fbdf84331c-GrpcLogAppender: Follower failed (request=null, errorCount=125); keep nextIndex (9) unchanged and retry.
2024-04-09 12:08:45,168 [timer6] WARN  server.GrpcLogAppender (GrpcLogAppender.java:lambda$resetClient$1(217)) - 06c35c3a-0415-431d-ae8b-027bb2658858@group-2C2C502A59F8->c0a63e6c-c246-4c4b-b9bd-48fbdf84331c-GrpcLogAppender: Follower failed (request=null, errorCount=118); keep nextIndex (1) unchanged and retry. (Repeated 2 times in the last 5.000s)
2024-04-09 12:08:45,168 [timer5] WARN  server.GrpcLogAppender (LogUtils.java:warn(121)) - 06c35c3a-0415-431d-ae8b-027bb2658858@group-2C2C502A59F8->c0a63e6c-c246-4c4b-b9bd-48fbdf84331c-AppendLogResponseHandler: Failed appendEntries (Repeated 2 times in the last 5.001s): org.apache.ratis.thirdparty.io.grpc.StatusRuntimeException: UNAVAILABLE: io exception
2024-04-09 12:08:47,114 [grpc-default-executor-2] WARN  server.GrpcLogAppender (LogUtils.java:warn(121)) - 06c35c3a-0415-431d-ae8b-027bb2658858@group-2C2C502A59F8->c0a63e6c-c246-4c4b-b9bd-48fbdf84331c-AppendLogResponseHandler: Failed appendEntries: org.apache.ratis.thirdparty.io.grpc.StatusRuntimeException: UNAVAILABLE: io exception
2024-04-09 12:08:47,115 [grpc-default-executor-5] WARN  server.GrpcLogAppender (GrpcLogAppender.java:lambda$resetClient$1(217)) - 06c35c3a-0415-431d-ae8b-027bb2658858@group-2C2C502A59F8->c0a63e6c-c246-4c4b-b9bd-48fbdf84331c-GrpcLogAppender: Follower failed (request=null, errorCount=119); keep nextIndex (1) unchanged and retry.
2024-04-09 12:08:48,640 [timer6] WARN  server.GrpcLogAppender (GrpcLogAppender.java:lambda$resetClient$1(217)) - 47f2b6e5-7d1c-4a61-9d74-1b86fd130309@group-DB1D75A9E2DC->c0a63e6c-c246-4c4b-b9bd-48fbdf84331c-GrpcLogAppender: Follower failed (request=null, errorCount=128); keep nextIndex (9) unchanged and retry. (Repeated 4 times in the last 5.000s)
2024-04-09 12:08:48,640 [timer5] WARN  server.GrpcLogAppender (LogUtils.java:warn(121)) - 47f2b6e5-7d1c-4a61-9d74-1b86fd130309@group-DB1D75A9E2DC->c0a63e6c-c246-4c4b-b9bd-48fbdf84331c-AppendLogResponseHandler: Failed appendEntries (Repeated 4 times in the last 5.001s): org.apache.ratis.thirdparty.io.grpc.StatusRuntimeException: UNAVAILABLE: io exception
2024-04-09 12:08:49,834 [grpc-default-executor-2] WARN  server.GrpcLogAppender (LogUtils.java:warn(121)) - 47f2b6e5-7d1c-4a61-9d74-1b86fd130309@group-DB1D75A9E2DC->c0a63e6c-c246-4c4b-b9bd-48fbdf84331c-AppendLogResponseHandler: Failed appendEntries: org.apache.ratis.thirdparty.io.grpc.StatusRuntimeException: UNAVAILABLE: io exception
2024-04-09 12:08:49,835 [grpc-default-executor-5] WARN  server.GrpcLogAppender (GrpcLogAppender.java:lambda$resetClient$1(217)) - 47f2b6e5-7d1c-4a61-9d74-1b86fd130309@group-DB1D75A9E2DC->c0a63e6c-c246-4c4b-b9bd-48fbdf84331c-GrpcLogAppender: Follower failed (request=null, errorCount=129); keep nextIndex (9) unchanged and retry.
2024-04-09 12:08:52,115 [timer7] WARN  server.GrpcLogAppender (LogUtils.java:warn(121)) - 06c35c3a-0415-431d-ae8b-027bb2658858@group-2C2C502A59F8->c0a63e6c-c246-4c4b-b9bd-48fbdf84331c-AppendLogResponseHandler: Failed appendEntries (Repeated 2 times in the last 5.001s): org.apache.ratis.thirdparty.io.grpc.StatusRuntimeException: UNAVAILABLE: io exception
2024-04-09 12:08:52,116 [timer0] WARN  server.GrpcLogAppender (GrpcLogAppender.java:lambda$resetClient$1(217)) - 06c35c3a-0415-431d-ae8b-027bb2658858@group-2C2C502A59F8->c0a63e6c-c246-4c4b-b9bd-48fbdf84331c-GrpcLogAppender: Follower failed (request=null, errorCount=120); keep nextIndex (1) unchanged and retry. (Repeated 2 times in the last 5.000s)
2024-04-09 12:08:52,925 [grpc-default-executor-2] WARN  server.GrpcLogAppender (LogUtils.java:warn(121)) - 06c35c3a-0415-431d-ae8b-027bb2658858@group-2C2C502A59F8->c0a63e6c-c246-4c4b-b9bd-48fbdf84331c-AppendLogResponseHandler: Failed appendEntries: org.apache.ratis.thirdparty.io.grpc.StatusRuntimeException: UNAVAILABLE: io exception
2024-04-09 12:08:52,926 [grpc-default-executor-5] WARN  server.GrpcLogAppender (GrpcLogAppender.java:lambda$resetClient$1(217)) - 06c35c3a-0415-431d-ae8b-027bb2658858@group-2C2C502A59F8->c0a63e6c-c246-4c4b-b9bd-48fbdf84331c-GrpcLogAppender: Follower failed (request=null, errorCount=121); keep nextIndex (1) unchanged and retry.
2024-04-09 12:08:54,835 [timer0] WARN  server.GrpcLogAppender (LogUtils.java:warn(121)) - 47f2b6e5-7d1c-4a61-9d74-1b86fd130309@group-DB1D75A9E2DC->c0a63e6c-c246-4c4b-b9bd-48fbdf84331c-AppendLogResponseHandler: Failed appendEntries (Repeated 2 times in the last 5.001s): org.apache.ratis.thirdparty.io.grpc.StatusRuntimeException: UNAVAILABLE: io exception
2024-04-09 12:08:54,836 [timer1] WARN  server.GrpcLogAppender (GrpcLogAppender.java:lambda$resetClient$1(217)) - 47f2b6e5-7d1c-4a61-9d74-1b86fd130309@group-DB1D75A9E2DC->c0a63e6c-c246-4c4b-b9bd-48fbdf84331c-GrpcLogAppender: Follower failed (request=null, errorCount=130); keep nextIndex (9) unchanged and retry. (Repeated 2 times in the last 5.000s)
2024-04-09 12:08:56,000 [grpc-default-executor-2] WARN  server.GrpcLogAppender (LogUtils.java:warn(121)) - 47f2b6e5-7d1c-4a61-9d74-1b86fd130309@group-DB1D75A9E2DC->c0a63e6c-c246-4c4b-b9bd-48fbdf84331c-AppendLogResponseHandler: Failed appendEntries: org.apache.ratis.thirdparty.io.grpc.StatusRuntimeException: UNAVAILABLE: io exception
2024-04-09 12:08:56,001 [grpc-default-executor-5] WARN  server.GrpcLogAppender (GrpcLogAppender.java:lambda$resetClient$1(217)) - 47f2b6e5-7d1c-4a61-9d74-1b86fd130309@group-DB1D75A9E2DC->c0a63e6c-c246-4c4b-b9bd-48fbdf84331c-GrpcLogAppender: Follower failed (request=null, errorCount=131); keep nextIndex (9) unchanged and retry.
2024-04-09 12:08:57,926 [timer6] WARN  server.GrpcLogAppender (GrpcLogAppender.java:lambda$resetClient$1(217)) - 06c35c3a-0415-431d-ae8b-027bb2658858@group-2C2C502A59F8->c0a63e6c-c246-4c4b-b9bd-48fbdf84331c-GrpcLogAppender: Follower failed (request=null, errorCount=122); keep nextIndex (1) unchanged and retry. (Repeated 2 times in the last 5.000s)
2024-04-09 12:08:57,926 [timer5] WARN  server.GrpcLogAppender (LogUtils.java:warn(121)) - 06c35c3a-0415-431d-ae8b-027bb2658858@group-2C2C502A59F8->c0a63e6c-c246-4c4b-b9bd-48fbdf84331c-AppendLogResponseHandler: Failed appendEntries (Repeated 2 times in the last 5.001s): org.apache.ratis.thirdparty.io.grpc.StatusRuntimeException: UNAVAILABLE: io exception
2024-04-09 12:08:58,018 [grpc-default-executor-2] WARN  server.GrpcLogAppender (LogUtils.java:warn(121)) - 06c35c3a-0415-431d-ae8b-027bb2658858@group-2C2C502A59F8->c0a63e6c-c246-4c4b-b9bd-48fbdf84331c-AppendLogResponseHandler: Failed appendEntries: org.apache.ratis.thirdparty.io.grpc.StatusRuntimeException: UNAVAILABLE: io exception
2024-04-09 12:08:58,020 [grpc-default-executor-5] WARN  server.GrpcLogAppender (GrpcLogAppender.java:lambda$resetClient$1(217)) - 06c35c3a-0415-431d-ae8b-027bb2658858@group-2C2C502A59F8->c0a63e6c-c246-4c4b-b9bd-48fbdf84331c-GrpcLogAppender: Follower failed (request=null, errorCount=123); keep nextIndex (1) unchanged and retry.
2024-04-09 12:09:01,001 [timer6] WARN  server.GrpcLogAppender (GrpcLogAppender.java:lambda$resetClient$1(217)) - 47f2b6e5-7d1c-4a61-9d74-1b86fd130309@group-DB1D75A9E2DC->c0a63e6c-c246-4c4b-b9bd-48fbdf84331c-GrpcLogAppender: Follower failed (request=null, errorCount=134); keep nextIndex (9) unchanged and retry. (Repeated 4 times in the last 5.000s)
2024-04-09 12:09:01,001 [timer5] WARN  server.GrpcLogAppender (LogUtils.java:warn(121)) - 47f2b6e5-7d1c-4a61-9d74-1b86fd130309@group-DB1D75A9E2DC->c0a63e6c-c246-4c4b-b9bd-48fbdf84331c-AppendLogResponseHandler: Failed appendEntries (Repeated 4 times in the last 5.002s): org.apache.ratis.thirdparty.io.grpc.StatusRuntimeException: UNAVAILABLE: io exception
2024-04-09 12:09:03,019 [timer6] WARN  server.GrpcLogAppender (LogUtils.java:warn(121)) - 06c35c3a-0415-431d-ae8b-027bb2658858@group-2C2C502A59F8->c0a63e6c-c246-4c4b-b9bd-48fbdf84331c-AppendLogResponseHandler: Failed appendEntries (Repeated 2 times in the last 5.001s): org.apache.ratis.thirdparty.io.grpc.StatusRuntimeException: UNAVAILABLE: io exception
2024-04-09 12:09:03,020 [timer7] WARN  server.GrpcLogAppender (GrpcLogAppender.java:lambda$resetClient$1(217)) - 06c35c3a-0415-431d-ae8b-027bb2658858@group-2C2C502A59F8->c0a63e6c-c246-4c4b-b9bd-48fbdf84331c-GrpcLogAppender: Follower failed (request=null, errorCount=124); keep nextIndex (1) unchanged and retry. (Repeated 2 times in the last 5.001s)
2024-04-09 12:09:03,386 [grpc-default-executor-5] WARN  server.GrpcLogAppender (LogUtils.java:warn(121)) - 06c35c3a-0415-431d-ae8b-027bb2658858@group-2C2C502A59F8->c0a63e6c-c246-4c4b-b9bd-48fbdf84331c-AppendLogResponseHandler: Failed appendEntries: org.apache.ratis.thirdparty.io.grpc.StatusRuntimeException: UNAVAILABLE: io exception
2024-04-09 12:09:03,388 [grpc-default-executor-2] WARN  server.GrpcLogAppender (GrpcLogAppender.java:lambda$resetClient$1(217)) - 06c35c3a-0415-431d-ae8b-027bb2658858@group-2C2C502A59F8->c0a63e6c-c246-4c4b-b9bd-48fbdf84331c-GrpcLogAppender: Follower failed (request=null, errorCount=125); keep nextIndex (1) unchanged and retry.
2024-04-09 12:09:04,465 [grpc-default-executor-5] WARN  server.GrpcLogAppender (LogUtils.java:warn(121)) - 47f2b6e5-7d1c-4a61-9d74-1b86fd130309@group-DB1D75A9E2DC->c0a63e6c-c246-4c4b-b9bd-48fbdf84331c-AppendLogResponseHandler: Failed appendEntries: org.apache.ratis.thirdparty.io.grpc.StatusRuntimeException: UNAVAILABLE: io exception
2024-04-09 12:09:04,466 [grpc-default-executor-2] WARN  server.GrpcLogAppender (GrpcLogAppender.java:lambda$resetClient$1(217)) - 47f2b6e5-7d1c-4a61-9d74-1b86fd130309@group-DB1D75A9E2DC->c0a63e6c-c246-4c4b-b9bd-48fbdf84331c-GrpcLogAppender: Follower failed (request=null, errorCount=135); keep nextIndex (9) unchanged and retry.
2024-04-09 12:09:08,388 [timer3] WARN  server.GrpcLogAppender (LogUtils.java:warn(121)) - 06c35c3a-0415-431d-ae8b-027bb2658858@group-2C2C502A59F8->c0a63e6c-c246-4c4b-b9bd-48fbdf84331c-AppendLogResponseHandler: Failed appendEntries (Repeated 4 times in the last 5.001s): org.apache.ratis.thirdparty.io.grpc.StatusRuntimeException: UNAVAILABLE: io exception
2024-04-09 12:09:08,388 [timer4] WARN  server.GrpcLogAppender (GrpcLogAppender.java:lambda$resetClient$1(217)) - 06c35c3a-0415-431d-ae8b-027bb2658858@group-2C2C502A59F8->c0a63e6c-c246-4c4b-b9bd-48fbdf84331c-GrpcLogAppender: Follower failed (request=null, errorCount=128); keep nextIndex (1) unchanged and retry. (Repeated 4 times in the last 5.000s)
2024-04-09 12:09:09,466 [timer0] WARN  server.GrpcLogAppender (GrpcLogAppender.java:lambda$resetClient$1(217)) - 47f2b6e5-7d1c-4a61-9d74-1b86fd130309@group-DB1D75A9E2DC->c0a63e6c-c246-4c4b-b9bd-48fbdf84331c-GrpcLogAppender: Follower failed (request=null, errorCount=136); keep nextIndex (9) unchanged and retry. (Repeated 2 times in the last 5.000s)
2024-04-09 12:09:09,466 [timer7] WARN  server.GrpcLogAppender (LogUtils.java:warn(121)) - 47f2b6e5-7d1c-4a61-9d74-1b86fd130309@group-DB1D75A9E2DC->c0a63e6c-c246-4c4b-b9bd-48fbdf84331c-AppendLogResponseHandler: Failed appendEntries (Repeated 2 times in the last 5.002s): org.apache.ratis.thirdparty.io.grpc.StatusRuntimeException: UNAVAILABLE: io exception
2024-04-09 12:09:11,020 [grpc-default-executor-2] WARN  server.GrpcLogAppender (LogUtils.java:warn(121)) - 47f2b6e5-7d1c-4a61-9d74-1b86fd130309@group-DB1D75A9E2DC->c0a63e6c-c246-4c4b-b9bd-48fbdf84331c-AppendLogResponseHandler: Failed appendEntries: org.apache.ratis.thirdparty.io.grpc.StatusRuntimeException: UNAVAILABLE: io exception
2024-04-09 12:09:11,021 [grpc-default-executor-5] WARN  server.GrpcLogAppender (GrpcLogAppender.java:lambda$resetClient$1(217)) - 47f2b6e5-7d1c-4a61-9d74-1b86fd130309@group-DB1D75A9E2DC->c0a63e6c-c246-4c4b-b9bd-48fbdf84331c-GrpcLogAppender: Follower failed (request=null, errorCount=137); keep nextIndex (9) unchanged and retry.
2024-04-09 12:09:12,195 [grpc-default-executor-2] WARN  server.GrpcLogAppender (LogUtils.java:warn(121)) - 06c35c3a-0415-431d-ae8b-027bb2658858@group-2C2C502A59F8->c0a63e6c-c246-4c4b-b9bd-48fbdf84331c-AppendLogResponseHandler: Failed appendEntries: org.apache.ratis.thirdparty.io.grpc.StatusRuntimeException: UNAVAILABLE: io exception
2024-04-09 12:09:12,196 [grpc-default-executor-5] WARN  server.GrpcLogAppender (GrpcLogAppender.java:lambda$resetClient$1(217)) - 06c35c3a-0415-431d-ae8b-027bb2658858@group-2C2C502A59F8->c0a63e6c-c246-4c4b-b9bd-48fbdf84331c-GrpcLogAppender: Follower failed (request=null, errorCount=129); keep nextIndex (1) unchanged and retry.
2024-04-09 12:09:13,146 [ReplicationMonitor] INFO  replication.ReplicationManager (ReplicationManager.java:processAll(399)) - Replication Monitor Thread took 2 milliseconds for processing 1 containers.
2024-04-09 12:09:16,021 [timer5] WARN  server.GrpcLogAppender (GrpcLogAppender.java:lambda$resetClient$1(217)) - 47f2b6e5-7d1c-4a61-9d74-1b86fd130309@group-DB1D75A9E2DC->c0a63e6c-c246-4c4b-b9bd-48fbdf84331c-GrpcLogAppender: Follower failed (request=null, errorCount=138); keep nextIndex (9) unchanged and retry. (Repeated 2 times in the last 4.999s)
2024-04-09 12:09:16,022 [timer3] WARN  server.GrpcLogAppender (LogUtils.java:warn(121)) - 47f2b6e5-7d1c-4a61-9d74-1b86fd130309@group-DB1D75A9E2DC->c0a63e6c-c246-4c4b-b9bd-48fbdf84331c-AppendLogResponseHandler: Failed appendEntries (Repeated 2 times in the last 5.001s): org.apache.ratis.thirdparty.io.grpc.StatusRuntimeException: UNAVAILABLE: io exception
2024-04-09 12:09:16,314 [47f2b6e5-7d1c-4a61-9d74-1b86fd130309-BlockDeletingService#1] INFO  interfaces.ContainerDeletionChoosingPolicyTemplate (ContainerDeletionChoosingPolicyTemplate.java:chooseContainerForBlockDeletion(85)) - Chosen 0/5000 blocks from 0 candidate containers.
2024-04-09 12:09:16,379 [06c35c3a-0415-431d-ae8b-027bb2658858-BlockDeletingService#0] INFO  interfaces.ContainerDeletionChoosingPolicyTemplate (ContainerDeletionChoosingPolicyTemplate.java:chooseContainerForBlockDeletion(85)) - Chosen 0/5000 blocks from 0 candidate containers.
2024-04-09 12:09:16,448 [c0a63e6c-c246-4c4b-b9bd-48fbdf84331c-BlockDeletingService#3] INFO  interfaces.ContainerDeletionChoosingPolicyTemplate (ContainerDeletionChoosingPolicyTemplate.java:chooseContainerForBlockDeletion(85)) - Chosen 0/5000 blocks from 0 candidate containers.
2024-04-09 12:09:16,484 [grpc-default-executor-2] WARN  server.GrpcLogAppender (LogUtils.java:warn(121)) - 47f2b6e5-7d1c-4a61-9d74-1b86fd130309@group-DB1D75A9E2DC->c0a63e6c-c246-4c4b-b9bd-48fbdf84331c-AppendLogResponseHandler: Failed appendEntries: org.apache.ratis.thirdparty.io.grpc.StatusRuntimeException: UNAVAILABLE: io exception
2024-04-09 12:09:16,485 [grpc-default-executor-5] WARN  server.GrpcLogAppender (GrpcLogAppender.java:lambda$resetClient$1(217)) - 47f2b6e5-7d1c-4a61-9d74-1b86fd130309@group-DB1D75A9E2DC->c0a63e6c-c246-4c4b-b9bd-48fbdf84331c-GrpcLogAppender: Follower failed (request=null, errorCount=139); keep nextIndex (9) unchanged and retry.
2024-04-09 12:09:16,534 [7127763e-d356-4593-86a2-312e14def563-BlockDeletingService#3] INFO  interfaces.ContainerDeletionChoosingPolicyTemplate (ContainerDeletionChoosingPolicyTemplate.java:chooseContainerForBlockDeletion(85)) - Chosen 0/5000 blocks from 0 candidate containers.
2024-04-09 12:09:16,618 [a87d7804-de0d-4258-ad97-e1309df34ed1-BlockDeletingService#1] INFO  interfaces.ContainerDeletionChoosingPolicyTemplate (ContainerDeletionChoosingPolicyTemplate.java:chooseContainerForBlockDeletion(85)) - Chosen 0/5000 blocks from 0 candidate containers.
2024-04-09 12:09:17,196 [timer0] WARN  server.GrpcLogAppender (LogUtils.java:warn(121)) - 06c35c3a-0415-431d-ae8b-027bb2658858@group-2C2C502A59F8->c0a63e6c-c246-4c4b-b9bd-48fbdf84331c-AppendLogResponseHandler: Failed appendEntries (Repeated 2 times in the last 5.000s): org.apache.ratis.thirdparty.io.grpc.StatusRuntimeException: UNAVAILABLE: io exception
2024-04-09 12:09:17,197 [timer1] WARN  server.GrpcLogAppender (GrpcLogAppender.java:lambda$resetClient$1(217)) - 06c35c3a-0415-431d-ae8b-027bb2658858@group-2C2C502A59F8->c0a63e6c-c246-4c4b-b9bd-48fbdf84331c-GrpcLogAppender: Follower failed (request=null, errorCount=130); keep nextIndex (1) unchanged and retry. (Repeated 2 times in the last 5.000s)
2024-04-09 12:09:19,693 [grpc-default-executor-2] WARN  server.GrpcLogAppender (LogUtils.java:warn(121)) - 06c35c3a-0415-431d-ae8b-027bb2658858@group-2C2C502A59F8->c0a63e6c-c246-4c4b-b9bd-48fbdf84331c-AppendLogResponseHandler: Failed appendEntries: org.apache.ratis.thirdparty.io.grpc.StatusRuntimeException: UNAVAILABLE: io exception
2024-04-09 12:09:19,694 [grpc-default-executor-5] WARN  server.GrpcLogAppender (GrpcLogAppender.java:lambda$resetClient$1(217)) - 06c35c3a-0415-431d-ae8b-027bb2658858@group-2C2C502A59F8->c0a63e6c-c246-4c4b-b9bd-48fbdf84331c-GrpcLogAppender: Follower failed (request=null, errorCount=131); keep nextIndex (1) unchanged and retry.
2024-04-09 12:09:21,485 [timer6] WARN  server.GrpcLogAppender (GrpcLogAppender.java:lambda$resetClient$1(217)) - 47f2b6e5-7d1c-4a61-9d74-1b86fd130309@group-DB1D75A9E2DC->c0a63e6c-c246-4c4b-b9bd-48fbdf84331c-GrpcLogAppender: Follower failed (request=null, errorCount=140); keep nextIndex (9) unchanged and retry. (Repeated 2 times in the last 5.000s)
2024-04-09 12:09:21,485 [timer5] WARN  server.GrpcLogAppender (LogUtils.java:warn(121)) - 47f2b6e5-7d1c-4a61-9d74-1b86fd130309@group-DB1D75A9E2DC->c0a63e6c-c246-4c4b-b9bd-48fbdf84331c-AppendLogResponseHandler: Failed appendEntries (Repeated 2 times in the last 5.001s): org.apache.ratis.thirdparty.io.grpc.StatusRuntimeException: UNAVAILABLE: io exception
2024-04-09 12:09:22,402 [grpc-default-executor-2] WARN  server.GrpcLogAppender (LogUtils.java:warn(121)) - 47f2b6e5-7d1c-4a61-9d74-1b86fd130309@group-DB1D75A9E2DC->c0a63e6c-c246-4c4b-b9bd-48fbdf84331c-AppendLogResponseHandler: Failed appendEntries: org.apache.ratis.thirdparty.io.grpc.StatusRuntimeException: UNAVAILABLE: io exception
2024-04-09 12:09:22,403 [grpc-default-executor-5] WARN  server.GrpcLogAppender (GrpcLogAppender.java:lambda$resetClient$1(217)) - 47f2b6e5-7d1c-4a61-9d74-1b86fd130309@group-DB1D75A9E2DC->c0a63e6c-c246-4c4b-b9bd-48fbdf84331c-GrpcLogAppender: Follower failed (request=null, errorCount=141); keep nextIndex (9) unchanged and retry.
2024-04-09 12:09:24,695 [timer7] WARN  server.GrpcLogAppender (LogUtils.java:warn(121)) - 06c35c3a-0415-431d-ae8b-027bb2658858@group-2C2C502A59F8->c0a63e6c-c246-4c4b-b9bd-48fbdf84331c-AppendLogResponseHandler: Failed appendEntries (Repeated 4 times in the last 5.002s): org.apache.ratis.thirdparty.io.grpc.StatusRuntimeException: UNAVAILABLE: io exception
2024-04-09 12:09:24,695 [timer0] WARN  server.GrpcLogAppender (GrpcLogAppender.java:lambda$resetClient$1(217)) - 06c35c3a-0415-431d-ae8b-027bb2658858@group-2C2C502A59F8->c0a63e6c-c246-4c4b-b9bd-48fbdf84331c-GrpcLogAppender: Follower failed (request=null, errorCount=134); keep nextIndex (1) unchanged and retry. (Repeated 4 times in the last 5.001s)
2024-04-09 12:09:25,731 [grpc-default-executor-2] WARN  server.GrpcLogAppender (LogUtils.java:warn(121)) - 06c35c3a-0415-431d-ae8b-027bb2658858@group-2C2C502A59F8->c0a63e6c-c246-4c4b-b9bd-48fbdf84331c-AppendLogResponseHandler: Failed appendEntries: org.apache.ratis.thirdparty.io.grpc.StatusRuntimeException: UNAVAILABLE: io exception
2024-04-09 12:09:25,733 [grpc-default-executor-5] WARN  server.GrpcLogAppender (GrpcLogAppender.java:lambda$resetClient$1(217)) - 06c35c3a-0415-431d-ae8b-027bb2658858@group-2C2C502A59F8->c0a63e6c-c246-4c4b-b9bd-48fbdf84331c-GrpcLogAppender: Follower failed (request=null, errorCount=135); keep nextIndex (1) unchanged and retry.
2024-04-09 12:09:26,611 [JvmPauseMonitor11] INFO  util.JvmPauseMonitor (JvmPauseMonitor.java:run(152)) - JvmPauseMonitor-c0a63e6c-c246-4c4b-b9bd-48fbdf84331c: Stopped
2024-04-09 12:09:26,611 [main] ERROR server.XceiverServerGrpc (XceiverServerGrpc.java:stop(216)) - failed to shutdown XceiverServerGrpc
java.lang.InterruptedException: DefaultPromise@17ef75fd(incomplete)
	at org.apache.ratis.thirdparty.io.netty.util.concurrent.DefaultPromise.await(DefaultPromise.java:245)
	at org.apache.ratis.thirdparty.io.netty.util.concurrent.DefaultPromise.sync(DefaultPromise.java:405)
	at org.apache.ratis.thirdparty.io.netty.util.concurrent.DefaultPromise.sync(DefaultPromise.java:35)
	at org.apache.hadoop.ozone.container.common.transport.server.XceiverServerGrpc.stop(XceiverServerGrpc.java:214)
	at org.apache.hadoop.ozone.container.ozoneimpl.OzoneContainer.stop(OzoneContainer.java:485)
	at org.apache.hadoop.ozone.container.common.statemachine.DatanodeStateMachine.close(DatanodeStateMachine.java:447)
	at org.apache.hadoop.ozone.container.common.statemachine.DatanodeStateMachine.stopDaemon(DatanodeStateMachine.java:637)
	at org.apache.hadoop.ozone.HddsDatanodeService.stop(HddsDatanodeService.java:550)
	at org.apache.hadoop.ozone.MiniOzoneClusterImpl.stopDatanode(MiniOzoneClusterImpl.java:479)
	at org.apache.hadoop.ozone.MiniOzoneClusterImpl.shutdownHddsDatanode(MiniOzoneClusterImpl.java:381)
	at org.apache.hadoop.ozone.MiniOzoneClusterImpl.shutdownHddsDatanode(MiniOzoneClusterImpl.java:386)
	at org.apache.hadoop.hdds.scm.storage.TestCommitWatcher.testReleaseBuffersOnException(TestCommitWatcher.java:305)
	at sun.reflect.NativeMethodAccessorImpl.invoke0(Native Method)
	at sun.reflect.NativeMethodAccessorImpl.invoke(NativeMethodAccessorImpl.java:62)
	at sun.reflect.DelegatingMethodAccessorImpl.invoke(DelegatingMethodAccessorImpl.java:43)
	at java.lang.reflect.Method.invoke(Method.java:498)
	at org.junit.platform.commons.util.ReflectionUtils.invokeMethod(ReflectionUtils.java:728)
	at org.junit.jupiter.engine.execution.MethodInvocation.proceed(MethodInvocation.java:60)
	at org.junit.jupiter.engine.execution.InvocationInterceptorChain$ValidatingInvocation.proceed(InvocationInterceptorChain.java:131)
	at org.junit.jupiter.engine.extension.SameThreadTimeoutInvocation.proceed(SameThreadTimeoutInvocation.java:45)
	at org.junit.jupiter.engine.extension.TimeoutExtension.intercept(TimeoutExtension.java:156)
	at org.junit.jupiter.engine.extension.TimeoutExtension.interceptTestableMethod(TimeoutExtension.java:147)
	at org.junit.jupiter.engine.extension.TimeoutExtension.interceptTestMethod(TimeoutExtension.java:86)
	at org.junit.jupiter.engine.execution.InterceptingExecutableInvoker$ReflectiveInterceptorCall.lambda$ofVoidMethod$0(InterceptingExecutableInvoker.java:103)
	at org.junit.jupiter.engine.execution.InterceptingExecutableInvoker.lambda$invoke$0(InterceptingExecutableInvoker.java:93)
	at org.junit.jupiter.engine.execution.InvocationInterceptorChain$InterceptedInvocation.proceed(InvocationInterceptorChain.java:106)
	at org.junit.jupiter.engine.execution.InvocationInterceptorChain.proceed(InvocationInterceptorChain.java:64)
	at org.junit.jupiter.engine.execution.InvocationInterceptorChain.chainAndInvoke(InvocationInterceptorChain.java:45)
	at org.junit.jupiter.engine.execution.InvocationInterceptorChain.invoke(InvocationInterceptorChain.java:37)
	at org.junit.jupiter.engine.execution.InterceptingExecutableInvoker.invoke(InterceptingExecutableInvoker.java:92)
	at org.junit.jupiter.engine.execution.InterceptingExecutableInvoker.invoke(InterceptingExecutableInvoker.java:86)
	at org.junit.jupiter.engine.descriptor.TestMethodTestDescriptor.lambda$invokeTestMethod$7(TestMethodTestDescriptor.java:218)
	at org.junit.platform.engine.support.hierarchical.ThrowableCollector.execute(ThrowableCollector.java:73)
	at org.junit.jupiter.engine.descriptor.TestMethodTestDescriptor.invokeTestMethod(TestMethodTestDescriptor.java:214)
	at org.junit.jupiter.engine.descriptor.TestMethodTestDescriptor.execute(TestMethodTestDescriptor.java:139)
	at org.junit.jupiter.engine.descriptor.TestMethodTestDescriptor.execute(TestMethodTestDescriptor.java:69)
	at org.junit.platform.engine.support.hierarchical.NodeTestTask.lambda$executeRecursively$6(NodeTestTask.java:151)
	at org.junit.platform.engine.support.hierarchical.ThrowableCollector.execute(ThrowableCollector.java:73)
	at org.junit.platform.engine.support.hierarchical.NodeTestTask.lambda$executeRecursively$8(NodeTestTask.java:141)
	at org.junit.platform.engine.support.hierarchical.Node.around(Node.java:137)
	at org.junit.platform.engine.support.hierarchical.NodeTestTask.lambda$executeRecursively$9(NodeTestTask.java:139)
	at org.junit.platform.engine.support.hierarchical.ThrowableCollector.execute(ThrowableCollector.java:73)
	at org.junit.platform.engine.support.hierarchical.NodeTestTask.executeRecursively(NodeTestTask.java:138)
	at org.junit.platform.engine.support.hierarchical.NodeTestTask.execute(NodeTestTask.java:95)
	at java.util.ArrayList.forEach(ArrayList.java:1259)
	at org.junit.platform.engine.support.hierarchical.SameThreadHierarchicalTestExecutorService.invokeAll(SameThreadHierarchicalTestExecutorService.java:41)
	at org.junit.platform.engine.support.hierarchical.NodeTestTask.lambda$executeRecursively$6(NodeTestTask.java:155)
	at org.junit.platform.engine.support.hierarchical.ThrowableCollector.execute(ThrowableCollector.java:73)
	at org.junit.platform.engine.support.hierarchical.NodeTestTask.lambda$executeRecursively$8(NodeTestTask.java:141)
	at org.junit.platform.engine.support.hierarchical.Node.around(Node.java:137)
	at org.junit.platform.engine.support.hierarchical.NodeTestTask.lambda$executeRecursively$9(NodeTestTask.java:139)
	at org.junit.platform.engine.support.hierarchical.ThrowableCollector.execute(ThrowableCollector.java:73)
	at org.junit.platform.engine.support.hierarchical.NodeTestTask.executeRecursively(NodeTestTask.java:138)
	at org.junit.platform.engine.support.hierarchical.NodeTestTask.execute(NodeTestTask.java:95)
	at java.util.ArrayList.forEach(ArrayList.java:1259)
	at org.junit.platform.engine.support.hierarchical.SameThreadHierarchicalTestExecutorService.invokeAll(SameThreadHierarchicalTestExecutorService.java:41)
	at org.junit.platform.engine.support.hierarchical.NodeTestTask.lambda$executeRecursively$6(NodeTestTask.java:155)
	at org.junit.platform.engine.support.hierarchical.ThrowableCollector.execute(ThrowableCollector.java:73)
	at org.junit.platform.engine.support.hierarchical.NodeTestTask.lambda$executeRecursively$8(NodeTestTask.java:141)
	at org.junit.platform.engine.support.hierarchical.Node.around(Node.java:137)
	at org.junit.platform.engine.support.hierarchical.NodeTestTask.lambda$executeRecursively$9(NodeTestTask.java:139)
	at org.junit.platform.engine.support.hierarchical.ThrowableCollector.execute(ThrowableCollector.java:73)
	at org.junit.platform.engine.support.hierarchical.NodeTestTask.executeRecursively(NodeTestTask.java:138)
	at org.junit.platform.engine.support.hierarchical.NodeTestTask.execute(NodeTestTask.java:95)
	at org.junit.platform.engine.support.hierarchical.SameThreadHierarchicalTestExecutorService.submit(SameThreadHierarchicalTestExecutorService.java:35)
	at org.junit.platform.engine.support.hierarchical.HierarchicalTestExecutor.execute(HierarchicalTestExecutor.java:57)
	at org.junit.platform.engine.support.hierarchical.HierarchicalTestEngine.execute(HierarchicalTestEngine.java:54)
	at org.junit.platform.launcher.core.EngineExecutionOrchestrator.execute(EngineExecutionOrchestrator.java:198)
	at org.junit.platform.launcher.core.EngineExecutionOrchestrator.execute(EngineExecutionOrchestrator.java:169)
	at org.junit.platform.launcher.core.EngineExecutionOrchestrator.execute(EngineExecutionOrchestrator.java:93)
	at org.junit.platform.launcher.core.EngineExecutionOrchestrator.lambda$execute$0(EngineExecutionOrchestrator.java:58)
	at org.junit.platform.launcher.core.EngineExecutionOrchestrator.withInterceptedStreams(EngineExecutionOrchestrator.java:141)
	at org.junit.platform.launcher.core.EngineExecutionOrchestrator.execute(EngineExecutionOrchestrator.java:57)
	at org.junit.platform.launcher.core.DefaultLauncher.execute(DefaultLauncher.java:103)
	at org.junit.platform.launcher.core.DefaultLauncher.execute(DefaultLauncher.java:85)
	at org.junit.platform.launcher.core.DelegatingLauncher.execute(DelegatingLauncher.java:47)
	at org.junit.platform.launcher.core.SessionPerRequestLauncher.execute(SessionPerRequestLauncher.java:63)
	at org.apache.maven.surefire.junitplatform.JUnitPlatformProvider.invokeAllTests(JUnitPlatformProvider.java:154)
	at org.apache.maven.surefire.junitplatform.JUnitPlatformProvider.invoke(JUnitPlatformProvider.java:123)
	at org.apache.maven.surefire.booter.ForkedBooter.runSuitesInProcess(ForkedBooter.java:377)
	at org.apache.maven.surefire.booter.ForkedBooter.execute(ForkedBooter.java:138)
	at org.apache.maven.surefire.booter.ForkedBooter.run(ForkedBooter.java:465)
	at org.apache.maven.surefire.booter.ForkedBooter.main(ForkedBooter.java:451)
2024-04-09 12:09:26,612 [main] INFO  utils.DatanodeStoreCache (DatanodeStoreCache.java:shutdownCache(116)) - Skip clearing cache in mini cluster mode. Entries left: [/home/runner/work/ozone/ozone/hadoop-ozone/integration-test/target/test-dir/MiniOzoneClusterImpl-00066f73-fe04-48fd-9c2f-afd3971143fc/ozone-meta/datanode-1/data-0/hdds/00066f73-fe04-48fd-9c2f-afd3971143fc/DS-00b42a59-c524-4705-b81c-400401739509/container.db, /home/runner/work/ozone/ozone/hadoop-ozone/integration-test/target/test-dir/MiniOzoneClusterImpl-00066f73-fe04-48fd-9c2f-afd3971143fc/ozone-meta/datanode-2/data-0/hdds/00066f73-fe04-48fd-9c2f-afd3971143fc/DS-6f08d45b-0495-4c03-bcac-61d66a1ae0ff/container.db, /home/runner/work/ozone/ozone/hadoop-ozone/integration-test/target/test-dir/MiniOzoneClusterImpl-00066f73-fe04-48fd-9c2f-afd3971143fc/ozone-meta/datanode-3/data-0/hdds/00066f73-fe04-48fd-9c2f-afd3971143fc/DS-ddf9ba8f-72cd-4df1-9d0b-5e59d17d2448/container.db, /home/runner/work/ozone/ozone/hadoop-ozone/integration-test/target/test-dir/MiniOzoneClusterImpl-00066f73-fe04-48fd-9c2f-afd3971143fc/ozone-meta/datanode-4/data-0/hdds/00066f73-fe04-48fd-9c2f-afd3971143fc/DS-2ffa3c02-bcda-42fb-b79a-b75e997df52e/container.db, /home/runner/work/ozone/ozone/hadoop-ozone/integration-test/target/test-dir/MiniOzoneClusterImpl-00066f73-fe04-48fd-9c2f-afd3971143fc/ozone-meta/datanode-5/data-0/hdds/00066f73-fe04-48fd-9c2f-afd3971143fc/DS-3dc5ed1d-4895-4ec2-a149-affe347e2f1f/container.db]
2024-04-09 12:09:26,615 [main] INFO  utils.DatanodeStoreCache (DatanodeStoreCache.java:removeDB(110)) - Removed db /home/runner/work/ozone/ozone/hadoop-ozone/integration-test/target/test-dir/MiniOzoneClusterImpl-00066f73-fe04-48fd-9c2f-afd3971143fc/ozone-meta/datanode-3/data-0/hdds/00066f73-fe04-48fd-9c2f-afd3971143fc/DS-ddf9ba8f-72cd-4df1-9d0b-5e59d17d2448/container.db from cache
2024-04-09 12:09:26,615 [main] INFO  volume.HddsVolume (HddsVolume.java:closeDbStore(470)) - SchemaV3 db is stopped at /home/runner/work/ozone/ozone/hadoop-ozone/integration-test/target/test-dir/MiniOzoneClusterImpl-00066f73-fe04-48fd-9c2f-afd3971143fc/ozone-meta/datanode-3/data-0/hdds/00066f73-fe04-48fd-9c2f-afd3971143fc/DS-ddf9ba8f-72cd-4df1-9d0b-5e59d17d2448/container.db for volume DS-ddf9ba8f-72cd-4df1-9d0b-5e59d17d2448
2024-04-09 12:09:26,615 [main] INFO  utils.BackgroundService (BackgroundService.java:shutdown(160)) - Shutting down service BlockDeletingService
2024-04-09 12:09:26,616 [main] INFO  utils.BackgroundService (BackgroundService.java:shutdown(160)) - Shutting down service StaleRecoveringContainerScrubbingService
2024-04-09 12:09:26,616 [main] INFO  statemachine.DatanodeStateMachine (DatanodeStateMachine.java:stopDaemon(638)) - Ozone container server stopped.
2024-04-09 12:09:26,617 [main] INFO  handler.ContextHandler (ContextHandler.java:doStop(1159)) - Stopped o.e.j.w.WebAppContext@54a1d3b4{hddsDatanode,/,null,STOPPED}{file:/home/runner/work/ozone/ozone/hadoop-hdds/container-service/target/classes/webapps/hddsDatanode}
2024-04-09 12:09:26,617 [main] INFO  server.session (HouseKeeper.java:stopScavenging(149)) - node0 Stopped scavenging
2024-04-09 12:09:26,618 [main] INFO  server.AbstractConnector (AbstractConnector.java:doStop(383)) - Stopped ServerConnector@1b1eb8a{HTTP/1.1, (http/1.1)}{0.0.0.0:15080}
2024-04-09 12:09:26,618 [main] INFO  handler.ContextHandler (ContextHandler.java:doStop(1159)) - Stopped o.e.j.s.ServletContextHandler@1f1db860{static,/static,file:///home/runner/work/ozone/ozone/hadoop-hdds/container-service/target/classes/webapps/static,STOPPED}
2024-04-09 12:09:26,618 [main] INFO  handler.ContextHandler (ContextHandler.java:doStop(1159)) - Stopped o.e.j.s.ServletContextHandler@85c77fa{logs,/logs,file:///home/runner/work/ozone/ozone/hadoop-ozone/integration-test/target/log,STOPPED}
2024-04-09 12:09:26,619 [main] ERROR http.HttpServer2 (HttpServer2.java:stop(1366)) - Error while stopping web server for webapp hddsDatanode
java.lang.InterruptedException
	at java.util.concurrent.locks.AbstractQueuedSynchronizer.tryAcquireSharedNanos(AbstractQueuedSynchronizer.java:1326)
	at java.util.concurrent.CountDownLatch.await(CountDownLatch.java:277)
	at org.eclipse.jetty.server.AbstractConnector.doStop(AbstractConnector.java:373)
	at org.eclipse.jetty.server.AbstractNetworkConnector.doStop(AbstractNetworkConnector.java:88)
	at org.eclipse.jetty.server.ServerConnector.doStop(ServerConnector.java:246)
	at org.eclipse.jetty.util.component.AbstractLifeCycle.stop(AbstractLifeCycle.java:94)
	at org.eclipse.jetty.server.Server.doStop(Server.java:459)
	at org.eclipse.jetty.util.component.AbstractLifeCycle.stop(AbstractLifeCycle.java:94)
	at org.apache.hadoop.hdds.server.http.HttpServer2.stop(HttpServer2.java:1364)
	at org.apache.hadoop.hdds.server.http.BaseHttpServer.stop(BaseHttpServer.java:339)
	at org.apache.hadoop.ozone.HddsDatanodeService.stop(HddsDatanodeService.java:554)
	at org.apache.hadoop.ozone.MiniOzoneClusterImpl.stopDatanode(MiniOzoneClusterImpl.java:479)
	at org.apache.hadoop.ozone.MiniOzoneClusterImpl.shutdownHddsDatanode(MiniOzoneClusterImpl.java:381)
	at org.apache.hadoop.ozone.MiniOzoneClusterImpl.shutdownHddsDatanode(MiniOzoneClusterImpl.java:386)
	at org.apache.hadoop.hdds.scm.storage.TestCommitWatcher.testReleaseBuffersOnException(TestCommitWatcher.java:305)
	at sun.reflect.NativeMethodAccessorImpl.invoke0(Native Method)
	at sun.reflect.NativeMethodAccessorImpl.invoke(NativeMethodAccessorImpl.java:62)
	at sun.reflect.DelegatingMethodAccessorImpl.invoke(DelegatingMethodAccessorImpl.java:43)
	at java.lang.reflect.Method.invoke(Method.java:498)
	at org.junit.platform.commons.util.ReflectionUtils.invokeMethod(ReflectionUtils.java:728)
	at org.junit.jupiter.engine.execution.MethodInvocation.proceed(MethodInvocation.java:60)
	at org.junit.jupiter.engine.execution.InvocationInterceptorChain$ValidatingInvocation.proceed(InvocationInterceptorChain.java:131)
	at org.junit.jupiter.engine.extension.SameThreadTimeoutInvocation.proceed(SameThreadTimeoutInvocation.java:45)
	at org.junit.jupiter.engine.extension.TimeoutExtension.intercept(TimeoutExtension.java:156)
	at org.junit.jupiter.engine.extension.TimeoutExtension.interceptTestableMethod(TimeoutExtension.java:147)
	at org.junit.jupiter.engine.extension.TimeoutExtension.interceptTestMethod(TimeoutExtension.java:86)
	at org.junit.jupiter.engine.execution.InterceptingExecutableInvoker$ReflectiveInterceptorCall.lambda$ofVoidMethod$0(InterceptingExecutableInvoker.java:103)
	at org.junit.jupiter.engine.execution.InterceptingExecutableInvoker.lambda$invoke$0(InterceptingExecutableInvoker.java:93)
	at org.junit.jupiter.engine.execution.InvocationInterceptorChain$InterceptedInvocation.proceed(InvocationInterceptorChain.java:106)
	at org.junit.jupiter.engine.execution.InvocationInterceptorChain.proceed(InvocationInterceptorChain.java:64)
	at org.junit.jupiter.engine.execution.InvocationInterceptorChain.chainAndInvoke(InvocationInterceptorChain.java:45)
	at org.junit.jupiter.engine.execution.InvocationInterceptorChain.invoke(InvocationInterceptorChain.java:37)
	at org.junit.jupiter.engine.execution.InterceptingExecutableInvoker.invoke(InterceptingExecutableInvoker.java:92)
	at org.junit.jupiter.engine.execution.InterceptingExecutableInvoker.invoke(InterceptingExecutableInvoker.java:86)
	at org.junit.jupiter.engine.descriptor.TestMethodTestDescriptor.lambda$invokeTestMethod$7(TestMethodTestDescriptor.java:218)
	at org.junit.platform.engine.support.hierarchical.ThrowableCollector.execute(ThrowableCollector.java:73)
	at org.junit.jupiter.engine.descriptor.TestMethodTestDescriptor.invokeTestMethod(TestMethodTestDescriptor.java:214)
	at org.junit.jupiter.engine.descriptor.TestMethodTestDescriptor.execute(TestMethodTestDescriptor.java:139)
	at org.junit.jupiter.engine.descriptor.TestMethodTestDescriptor.execute(TestMethodTestDescriptor.java:69)
	at org.junit.platform.engine.support.hierarchical.NodeTestTask.lambda$executeRecursively$6(NodeTestTask.java:151)
	at org.junit.platform.engine.support.hierarchical.ThrowableCollector.execute(ThrowableCollector.java:73)
	at org.junit.platform.engine.support.hierarchical.NodeTestTask.lambda$executeRecursively$8(NodeTestTask.java:141)
	at org.junit.platform.engine.support.hierarchical.Node.around(Node.java:137)
	at org.junit.platform.engine.support.hierarchical.NodeTestTask.lambda$executeRecursively$9(NodeTestTask.java:139)
	at org.junit.platform.engine.support.hierarchical.ThrowableCollector.execute(ThrowableCollector.java:73)
	at org.junit.platform.engine.support.hierarchical.NodeTestTask.executeRecursively(NodeTestTask.java:138)
	at org.junit.platform.engine.support.hierarchical.NodeTestTask.execute(NodeTestTask.java:95)
	at java.util.ArrayList.forEach(ArrayList.java:1259)
	at org.junit.platform.engine.support.hierarchical.SameThreadHierarchicalTestExecutorService.invokeAll(SameThreadHierarchicalTestExecutorService.java:41)
	at org.junit.platform.engine.support.hierarchical.NodeTestTask.lambda$executeRecursively$6(NodeTestTask.java:155)
	at org.junit.platform.engine.support.hierarchical.ThrowableCollector.execute(ThrowableCollector.java:73)
	at org.junit.platform.engine.support.hierarchical.NodeTestTask.lambda$executeRecursively$8(NodeTestTask.java:141)
	at org.junit.platform.engine.support.hierarchical.Node.around(Node.java:137)
	at org.junit.platform.engine.support.hierarchical.NodeTestTask.lambda$executeRecursively$9(NodeTestTask.java:139)
	at org.junit.platform.engine.support.hierarchical.ThrowableCollector.execute(ThrowableCollector.java:73)
	at org.junit.platform.engine.support.hierarchical.NodeTestTask.executeRecursively(NodeTestTask.java:138)
	at org.junit.platform.engine.support.hierarchical.NodeTestTask.execute(NodeTestTask.java:95)
	at java.util.ArrayList.forEach(ArrayList.java:1259)
	at org.junit.platform.engine.support.hierarchical.SameThreadHierarchicalTestExecutorService.invokeAll(SameThreadHierarchicalTestExecutorService.java:41)
	at org.junit.platform.engine.support.hierarchical.NodeTestTask.lambda$executeRecursively$6(NodeTestTask.java:155)
	at org.junit.platform.engine.support.hierarchical.ThrowableCollector.execute(ThrowableCollector.java:73)
	at org.junit.platform.engine.support.hierarchical.NodeTestTask.lambda$executeRecursively$8(NodeTestTask.java:141)
	at org.junit.platform.engine.support.hierarchical.Node.around(Node.java:137)
	at org.junit.platform.engine.support.hierarchical.NodeTestTask.lambda$executeRecursively$9(NodeTestTask.java:139)
	at org.junit.platform.engine.support.hierarchical.ThrowableCollector.execute(ThrowableCollector.java:73)
	at org.junit.platform.engine.support.hierarchical.NodeTestTask.executeRecursively(NodeTestTask.java:138)
	at org.junit.platform.engine.support.hierarchical.NodeTestTask.execute(NodeTestTask.java:95)
	at org.junit.platform.engine.support.hierarchical.SameThreadHierarchicalTestExecutorService.submit(SameThreadHierarchicalTestExecutorService.java:35)
	at org.junit.platform.engine.support.hierarchical.HierarchicalTestExecutor.execute(HierarchicalTestExecutor.java:57)
	at org.junit.platform.engine.support.hierarchical.HierarchicalTestEngine.execute(HierarchicalTestEngine.java:54)
	at org.junit.platform.launcher.core.EngineExecutionOrchestrator.execute(EngineExecutionOrchestrator.java:198)
	at org.junit.platform.launcher.core.EngineExecutionOrchestrator.execute(EngineExecutionOrchestrator.java:169)
	at org.junit.platform.launcher.core.EngineExecutionOrchestrator.execute(EngineExecutionOrchestrator.java:93)
	at org.junit.platform.launcher.core.EngineExecutionOrchestrator.lambda$execute$0(EngineExecutionOrchestrator.java:58)
	at org.junit.platform.launcher.core.EngineExecutionOrchestrator.withInterceptedStreams(EngineExecutionOrchestrator.java:141)
	at org.junit.platform.launcher.core.EngineExecutionOrchestrator.execute(EngineExecutionOrchestrator.java:57)
	at org.junit.platform.launcher.core.DefaultLauncher.execute(DefaultLauncher.java:103)
	at org.junit.platform.launcher.core.DefaultLauncher.execute(DefaultLauncher.java:85)
	at org.junit.platform.launcher.core.DelegatingLauncher.execute(DelegatingLauncher.java:47)
	at org.junit.platform.launcher.core.SessionPerRequestLauncher.execute(SessionPerRequestLauncher.java:63)
	at org.apache.maven.surefire.junitplatform.JUnitPlatformProvider.invokeAllTests(JUnitPlatformProvider.java:154)
	at org.apache.maven.surefire.junitplatform.JUnitPlatformProvider.invoke(JUnitPlatformProvider.java:123)
	at org.apache.maven.surefire.booter.ForkedBooter.runSuitesInProcess(ForkedBooter.java:377)
	at org.apache.maven.surefire.booter.ForkedBooter.execute(ForkedBooter.java:138)
	at org.apache.maven.surefire.booter.ForkedBooter.run(ForkedBooter.java:465)
	at org.apache.maven.surefire.booter.ForkedBooter.main(ForkedBooter.java:451)
2024-04-09 12:09:26,619 [main] ERROR ozone.HddsDatanodeService (HddsDatanodeService.java:stop(556)) - Stopping HttpServer is failed.
java.lang.InterruptedException
	at java.util.concurrent.locks.AbstractQueuedSynchronizer.tryAcquireSharedNanos(AbstractQueuedSynchronizer.java:1326)
	at java.util.concurrent.CountDownLatch.await(CountDownLatch.java:277)
	at org.eclipse.jetty.server.AbstractConnector.doStop(AbstractConnector.java:373)
	at org.eclipse.jetty.server.AbstractNetworkConnector.doStop(AbstractNetworkConnector.java:88)
	at org.eclipse.jetty.server.ServerConnector.doStop(ServerConnector.java:246)
	at org.eclipse.jetty.util.component.AbstractLifeCycle.stop(AbstractLifeCycle.java:94)
	at org.eclipse.jetty.server.Server.doStop(Server.java:459)
	at org.eclipse.jetty.util.component.AbstractLifeCycle.stop(AbstractLifeCycle.java:94)
	at org.apache.hadoop.hdds.server.http.HttpServer2.stop(HttpServer2.java:1364)
	at org.apache.hadoop.hdds.server.http.BaseHttpServer.stop(BaseHttpServer.java:339)
	at org.apache.hadoop.ozone.HddsDatanodeService.stop(HddsDatanodeService.java:554)
	at org.apache.hadoop.ozone.MiniOzoneClusterImpl.stopDatanode(MiniOzoneClusterImpl.java:479)
	at org.apache.hadoop.ozone.MiniOzoneClusterImpl.shutdownHddsDatanode(MiniOzoneClusterImpl.java:381)
	at org.apache.hadoop.ozone.MiniOzoneClusterImpl.shutdownHddsDatanode(MiniOzoneClusterImpl.java:386)
	at org.apache.hadoop.hdds.scm.storage.TestCommitWatcher.testReleaseBuffersOnException(TestCommitWatcher.java:305)
	at sun.reflect.NativeMethodAccessorImpl.invoke0(Native Method)
	at sun.reflect.NativeMethodAccessorImpl.invoke(NativeMethodAccessorImpl.java:62)
	at sun.reflect.DelegatingMethodAccessorImpl.invoke(DelegatingMethodAccessorImpl.java:43)
	at java.lang.reflect.Method.invoke(Method.java:498)
	at org.junit.platform.commons.util.ReflectionUtils.invokeMethod(ReflectionUtils.java:728)
	at org.junit.jupiter.engine.execution.MethodInvocation.proceed(MethodInvocation.java:60)
	at org.junit.jupiter.engine.execution.InvocationInterceptorChain$ValidatingInvocation.proceed(InvocationInterceptorChain.java:131)
	at org.junit.jupiter.engine.extension.SameThreadTimeoutInvocation.proceed(SameThreadTimeoutInvocation.java:45)
	at org.junit.jupiter.engine.extension.TimeoutExtension.intercept(TimeoutExtension.java:156)
	at org.junit.jupiter.engine.extension.TimeoutExtension.interceptTestableMethod(TimeoutExtension.java:147)
	at org.junit.jupiter.engine.extension.TimeoutExtension.interceptTestMethod(TimeoutExtension.java:86)
	at org.junit.jupiter.engine.execution.InterceptingExecutableInvoker$ReflectiveInterceptorCall.lambda$ofVoidMethod$0(InterceptingExecutableInvoker.java:103)
	at org.junit.jupiter.engine.execution.InterceptingExecutableInvoker.lambda$invoke$0(InterceptingExecutableInvoker.java:93)
	at org.junit.jupiter.engine.execution.InvocationInterceptorChain$InterceptedInvocation.proceed(InvocationInterceptorChain.java:106)
	at org.junit.jupiter.engine.execution.InvocationInterceptorChain.proceed(InvocationInterceptorChain.java:64)
	at org.junit.jupiter.engine.execution.InvocationInterceptorChain.chainAndInvoke(InvocationInterceptorChain.java:45)
	at org.junit.jupiter.engine.execution.InvocationInterceptorChain.invoke(InvocationInterceptorChain.java:37)
	at org.junit.jupiter.engine.execution.InterceptingExecutableInvoker.invoke(InterceptingExecutableInvoker.java:92)
	at org.junit.jupiter.engine.execution.InterceptingExecutableInvoker.invoke(InterceptingExecutableInvoker.java:86)
	at org.junit.jupiter.engine.descriptor.TestMethodTestDescriptor.lambda$invokeTestMethod$7(TestMethodTestDescriptor.java:218)
	at org.junit.platform.engine.support.hierarchical.ThrowableCollector.execute(ThrowableCollector.java:73)
	at org.junit.jupiter.engine.descriptor.TestMethodTestDescriptor.invokeTestMethod(TestMethodTestDescriptor.java:214)
	at org.junit.jupiter.engine.descriptor.TestMethodTestDescriptor.execute(TestMethodTestDescriptor.java:139)
	at org.junit.jupiter.engine.descriptor.TestMethodTestDescriptor.execute(TestMethodTestDescriptor.java:69)
	at org.junit.platform.engine.support.hierarchical.NodeTestTask.lambda$executeRecursively$6(NodeTestTask.java:151)
	at org.junit.platform.engine.support.hierarchical.ThrowableCollector.execute(ThrowableCollector.java:73)
	at org.junit.platform.engine.support.hierarchical.NodeTestTask.lambda$executeRecursively$8(NodeTestTask.java:141)
	at org.junit.platform.engine.support.hierarchical.Node.around(Node.java:137)
	at org.junit.platform.engine.support.hierarchical.NodeTestTask.lambda$executeRecursively$9(NodeTestTask.java:139)
	at org.junit.platform.engine.support.hierarchical.ThrowableCollector.execute(ThrowableCollector.java:73)
	at org.junit.platform.engine.support.hierarchical.NodeTestTask.executeRecursively(NodeTestTask.java:138)
	at org.junit.platform.engine.support.hierarchical.NodeTestTask.execute(NodeTestTask.java:95)
	at java.util.ArrayList.forEach(ArrayList.java:1259)
	at org.junit.platform.engine.support.hierarchical.SameThreadHierarchicalTestExecutorService.invokeAll(SameThreadHierarchicalTestExecutorService.java:41)
	at org.junit.platform.engine.support.hierarchical.NodeTestTask.lambda$executeRecursively$6(NodeTestTask.java:155)
	at org.junit.platform.engine.support.hierarchical.ThrowableCollector.execute(ThrowableCollector.java:73)
	at org.junit.platform.engine.support.hierarchical.NodeTestTask.lambda$executeRecursively$8(NodeTestTask.java:141)
	at org.junit.platform.engine.support.hierarchical.Node.around(Node.java:137)
	at org.junit.platform.engine.support.hierarchical.NodeTestTask.lambda$executeRecursively$9(NodeTestTask.java:139)
	at org.junit.platform.engine.support.hierarchical.ThrowableCollector.execute(ThrowableCollector.java:73)
	at org.junit.platform.engine.support.hierarchical.NodeTestTask.executeRecursively(NodeTestTask.java:138)
	at org.junit.platform.engine.support.hierarchical.NodeTestTask.execute(NodeTestTask.java:95)
	at java.util.ArrayList.forEach(ArrayList.java:1259)
	at org.junit.platform.engine.support.hierarchical.SameThreadHierarchicalTestExecutorService.invokeAll(SameThreadHierarchicalTestExecutorService.java:41)
	at org.junit.platform.engine.support.hierarchical.NodeTestTask.lambda$executeRecursively$6(NodeTestTask.java:155)
	at org.junit.platform.engine.support.hierarchical.ThrowableCollector.execute(ThrowableCollector.java:73)
	at org.junit.platform.engine.support.hierarchical.NodeTestTask.lambda$executeRecursively$8(NodeTestTask.java:141)
	at org.junit.platform.engine.support.hierarchical.Node.around(Node.java:137)
	at org.junit.platform.engine.support.hierarchical.NodeTestTask.lambda$executeRecursively$9(NodeTestTask.java:139)
	at org.junit.platform.engine.support.hierarchical.ThrowableCollector.execute(ThrowableCollector.java:73)
	at org.junit.platform.engine.support.hierarchical.NodeTestTask.executeRecursively(NodeTestTask.java:138)
	at org.junit.platform.engine.support.hierarchical.NodeTestTask.execute(NodeTestTask.java:95)
	at org.junit.platform.engine.support.hierarchical.SameThreadHierarchicalTestExecutorService.submit(SameThreadHierarchicalTestExecutorService.java:35)
	at org.junit.platform.engine.support.hierarchical.HierarchicalTestExecutor.execute(HierarchicalTestExecutor.java:57)
	at org.junit.platform.engine.support.hierarchical.HierarchicalTestEngine.execute(HierarchicalTestEngine.java:54)
	at org.junit.platform.launcher.core.EngineExecutionOrchestrator.execute(EngineExecutionOrchestrator.java:198)
	at org.junit.platform.launcher.core.EngineExecutionOrchestrator.execute(EngineExecutionOrchestrator.java:169)
	at org.junit.platform.launcher.core.EngineExecutionOrchestrator.execute(EngineExecutionOrchestrator.java:93)
	at org.junit.platform.launcher.core.EngineExecutionOrchestrator.lambda$execute$0(EngineExecutionOrchestrator.java:58)
	at org.junit.platform.launcher.core.EngineExecutionOrchestrator.withInterceptedStreams(EngineExecutionOrchestrator.java:141)
	at org.junit.platform.launcher.core.EngineExecutionOrchestrator.execute(EngineExecutionOrchestrator.java:57)
	at org.junit.platform.launcher.core.DefaultLauncher.execute(DefaultLauncher.java:103)
	at org.junit.platform.launcher.core.DefaultLauncher.execute(DefaultLauncher.java:85)
	at org.junit.platform.launcher.core.DelegatingLauncher.execute(DelegatingLauncher.java:47)
	at org.junit.platform.launcher.core.SessionPerRequestLauncher.execute(SessionPerRequestLauncher.java:63)
	at org.apache.maven.surefire.junitplatform.JUnitPlatformProvider.invokeAllTests(JUnitPlatformProvider.java:154)
	at org.apache.maven.surefire.junitplatform.JUnitPlatformProvider.invoke(JUnitPlatformProvider.java:123)
	at org.apache.maven.surefire.booter.ForkedBooter.runSuitesInProcess(ForkedBooter.java:377)
	at org.apache.maven.surefire.booter.ForkedBooter.execute(ForkedBooter.java:138)
	at org.apache.maven.surefire.booter.ForkedBooter.run(ForkedBooter.java:465)
	at org.apache.maven.surefire.booter.ForkedBooter.main(ForkedBooter.java:451)
2024-04-09 12:09:26,620 [main] INFO  ozone.HddsDatanodeClientProtocolServer (HddsDatanodeClientProtocolServer.java:stop(83)) - Stopping the RPC server for Client Protocol
2024-04-09 12:09:26,620 [main] INFO  ipc.Server (Server.java:stop(3523)) - Stopping server on 15081
2024-04-09 12:09:26,621 [IPC Server listener on 15081] INFO  ipc.Server (Server.java:run(1434)) - Stopping IPC Server listener on 15081
2024-04-09 12:09:26,622 [IPC Server Responder] INFO  ipc.Server (Server.java:run(1567)) - Stopping IPC Server Responder
2024-04-09 12:09:26,623 [main] INFO  ozoneimpl.OzoneContainer (OzoneContainer.java:stop(481)) - Attempting to stop container services.
2024-04-09 12:09:26,628 [ContainerMetadataScanner] WARN  ozoneimpl.AbstractBackgroundContainerScanner (AbstractBackgroundContainerScanner.java:handleRemainingSleep(134)) - Background container scan was interrupted.
2024-04-09 12:09:26,628 [ContainerMetadataScanner] INFO  ozoneimpl.AbstractBackgroundContainerScanner (AbstractBackgroundContainerScanner.java:run(61)) - Thread[ContainerMetadataScanner,5,main] exiting.
2024-04-09 12:09:26,629 [main] INFO  ozoneimpl.BackgroundContainerDataScanner (BackgroundContainerDataScanner.java:shutdown(141)) - ContainerDataScanner(/home/runner/work/ozone/ozone/hadoop-ozone/integration-test/target/test-dir/MiniOzoneClusterImpl-00066f73-fe04-48fd-9c2f-afd3971143fc/ozone-meta/datanode-1/data-0/hdds) is shutting down. 
2024-04-09 12:09:26,629 [ContainerDataScanner(/home/runner/work/ozone/ozone/hadoop-ozone/integration-test/target/test-dir/MiniOzoneClusterImpl-00066f73-fe04-48fd-9c2f-afd3971143fc/ozone-meta/datanode-1/data-0/hdds)] WARN  ozoneimpl.AbstractBackgroundContainerScanner (AbstractBackgroundContainerScanner.java:handleRemainingSleep(134)) - Background container scan was interrupted.
2024-04-09 12:09:26,629 [ContainerDataScanner(/home/runner/work/ozone/ozone/hadoop-ozone/integration-test/target/test-dir/MiniOzoneClusterImpl-00066f73-fe04-48fd-9c2f-afd3971143fc/ozone-meta/datanode-1/data-0/hdds)] INFO  ozoneimpl.AbstractBackgroundContainerScanner (AbstractBackgroundContainerScanner.java:run(61)) - ContainerDataScanner(/home/runner/work/ozone/ozone/hadoop-ozone/integration-test/target/test-dir/MiniOzoneClusterImpl-00066f73-fe04-48fd-9c2f-afd3971143fc/ozone-meta/datanode-1/data-0/hdds, DS-00b42a59-c524-4705-b81c-400401739509) exiting.
2024-04-09 12:09:26,630 [main] INFO  server.RaftServer (RaftServerProxy.java:lambda$close$9(416)) - 47f2b6e5-7d1c-4a61-9d74-1b86fd130309: close
2024-04-09 12:09:26,631 [47f2b6e5-7d1c-4a61-9d74-1b86fd130309-impl-thread2] INFO  server.RaftServer$Division (RaftServerImpl.java:lambda$close$3(526)) - 47f2b6e5-7d1c-4a61-9d74-1b86fd130309@group-2C2C502A59F8: shutdown
2024-04-09 12:09:26,631 [47f2b6e5-7d1c-4a61-9d74-1b86fd130309-impl-thread4] INFO  server.RaftServer$Division (RaftServerImpl.java:lambda$close$3(526)) - 47f2b6e5-7d1c-4a61-9d74-1b86fd130309@group-DB1D75A9E2DC: shutdown
2024-04-09 12:09:26,631 [47f2b6e5-7d1c-4a61-9d74-1b86fd130309-impl-thread4] INFO  util.JmxRegister (JmxRegister.java:unregister(73)) - Successfully un-registered JMX Bean with object name Ratis:service=RaftServer,group=group-DB1D75A9E2DC,id=47f2b6e5-7d1c-4a61-9d74-1b86fd130309
2024-04-09 12:09:26,631 [47f2b6e5-7d1c-4a61-9d74-1b86fd130309-impl-thread4] INFO  impl.RoleInfo (RoleInfo.java:shutdownLeaderState(94)) - 47f2b6e5-7d1c-4a61-9d74-1b86fd130309: shutdown 47f2b6e5-7d1c-4a61-9d74-1b86fd130309@group-DB1D75A9E2DC-LeaderStateImpl
2024-04-09 12:09:26,631 [47f2b6e5-7d1c-4a61-9d74-1b86fd130309-impl-thread2] INFO  util.JmxRegister (JmxRegister.java:unregister(73)) - Successfully un-registered JMX Bean with object name Ratis:service=RaftServer,group=group-2C2C502A59F8,id=47f2b6e5-7d1c-4a61-9d74-1b86fd130309
2024-04-09 12:09:26,631 [47f2b6e5-7d1c-4a61-9d74-1b86fd130309@group-DB1D75A9E2DC->06c35c3a-0415-431d-ae8b-027bb2658858-GrpcLogAppender-LogAppenderDaemon] WARN  server.GrpcLogAppender (GrpcLogAppender.java:mayWait(289)) - 47f2b6e5-7d1c-4a61-9d74-1b86fd130309@group-DB1D75A9E2DC->06c35c3a-0415-431d-ae8b-027bb2658858-GrpcLogAppender: Wait interrupted by java.lang.InterruptedException
2024-04-09 12:09:26,631 [47f2b6e5-7d1c-4a61-9d74-1b86fd130309-impl-thread3] INFO  server.RaftServer$Division (RaftServerImpl.java:lambda$close$3(526)) - 47f2b6e5-7d1c-4a61-9d74-1b86fd130309@group-9B3B028754AC: shutdown
2024-04-09 12:09:26,631 [47f2b6e5-7d1c-4a61-9d74-1b86fd130309-impl-thread3] INFO  util.JmxRegister (JmxRegister.java:unregister(73)) - Successfully un-registered JMX Bean with object name Ratis:service=RaftServer,group=group-9B3B028754AC,id=47f2b6e5-7d1c-4a61-9d74-1b86fd130309
2024-04-09 12:09:26,631 [47f2b6e5-7d1c-4a61-9d74-1b86fd130309-impl-thread3] INFO  impl.RoleInfo (RoleInfo.java:shutdownLeaderState(94)) - 47f2b6e5-7d1c-4a61-9d74-1b86fd130309: shutdown 47f2b6e5-7d1c-4a61-9d74-1b86fd130309@group-9B3B028754AC-LeaderStateImpl
2024-04-09 12:09:26,631 [47f2b6e5-7d1c-4a61-9d74-1b86fd130309-impl-thread2] INFO  impl.RoleInfo (RoleInfo.java:shutdownFollowerState(110)) - 47f2b6e5-7d1c-4a61-9d74-1b86fd130309: shutdown 47f2b6e5-7d1c-4a61-9d74-1b86fd130309@group-2C2C502A59F8-FollowerState
2024-04-09 12:09:26,631 [main] INFO  server.GrpcService (GrpcService.java:closeImpl(311)) - 47f2b6e5-7d1c-4a61-9d74-1b86fd130309: shutdown server org.apache.ratis.grpc.server.GrpcClientProtocolService now
2024-04-09 12:09:26,632 [grpc-default-executor-5] INFO  server.GrpcServerProtocolService (GrpcServerProtocolService.java:onCompleted(157)) - 06c35c3a-0415-431d-ae8b-027bb2658858: Completed APPEND_ENTRIES, lastRequest: null
2024-04-09 12:09:26,632 [47f2b6e5-7d1c-4a61-9d74-1b86fd130309-impl-thread2] INFO  impl.StateMachineUpdater (StateMachineUpdater.java:stopAndJoin(157)) - 47f2b6e5-7d1c-4a61-9d74-1b86fd130309@group-2C2C502A59F8-StateMachineUpdater: set stopIndex = 0
2024-04-09 12:09:26,633 [grpc-default-executor-5] INFO  server.GrpcServerProtocolService (GrpcServerProtocolService.java:lambda$onCompleted$5(159)) - 06c35c3a-0415-431d-ae8b-027bb2658858: Completed APPEND_ENTRIES, lastReply: serverReply {
  requestorId: "47f2b6e5-7d1c-4a61-9d74-1b86fd130309"
  replyId: "06c35c3a-0415-431d-ae8b-027bb2658858"
  raftGroupId {
    id: "\212\002>c\361aE\330\232<\333\035u\251\342\334"
  }
  callId: 139
  success: true
}
term: 1
nextIndex: 9
followerCommit: 8
matchIndex: 18446744073709551615
isHearbeat: true

2024-04-09 12:09:26,632 [grpc-default-executor-2] INFO  server.GrpcServerProtocolService (GrpcServerProtocolService.java:onCompleted(157)) - 06c35c3a-0415-431d-ae8b-027bb2658858: Completed APPEND_ENTRIES, lastRequest: 47f2b6e5-7d1c-4a61-9d74-1b86fd130309->06c35c3a-0415-431d-ae8b-027bb2658858#11-t1,previous=(t:1, i:7),leaderCommit=4,initializing? false,entries: size=1, first=(t:1, i:8), METADATAENTRY(c:4)
2024-04-09 12:09:26,632 [47f2b6e5-7d1c-4a61-9d74-1b86fd130309@group-2C2C502A59F8-StateMachineUpdater] INFO  ratis.ContainerStateMachine (ContainerStateMachine.java:takeSnapshot(355)) - group-2C2C502A59F8: Taking a snapshot at:(t:2, i:0) file /home/runner/work/ozone/ozone/hadoop-ozone/integration-test/target/test-dir/MiniOzoneClusterImpl-00066f73-fe04-48fd-9c2f-afd3971143fc/ozone-meta/datanode-1/ratis/b8bf2288-a83f-4302-a707-2c2c502a59f8/sm/snapshot.2_0
2024-04-09 12:09:26,632 [47f2b6e5-7d1c-4a61-9d74-1b86fd130309@group-2C2C502A59F8-FollowerState] INFO  impl.FollowerState (FollowerState.java:run(152)) - 47f2b6e5-7d1c-4a61-9d74-1b86fd130309@group-2C2C502A59F8-FollowerState was interrupted
2024-04-09 12:09:26,634 [grpc-default-executor-3] INFO  server.GrpcLogAppender (GrpcLogAppender.java:onCompleted(546)) - 47f2b6e5-7d1c-4a61-9d74-1b86fd130309@group-DB1D75A9E2DC->06c35c3a-0415-431d-ae8b-027bb2658858-AppendLogResponseHandler: follower responses appendEntries COMPLETED
2024-04-09 12:09:26,632 [47f2b6e5-7d1c-4a61-9d74-1b86fd130309@group-DB1D75A9E2DC->c0a63e6c-c246-4c4b-b9bd-48fbdf84331c-GrpcLogAppender-LogAppenderDaemon] WARN  server.GrpcLogAppender (GrpcLogAppender.java:mayWait(289)) - 47f2b6e5-7d1c-4a61-9d74-1b86fd130309@group-DB1D75A9E2DC->c0a63e6c-c246-4c4b-b9bd-48fbdf84331c-GrpcLogAppender: Wait interrupted by java.lang.InterruptedException
2024-04-09 12:09:26,632 [47f2b6e5-7d1c-4a61-9d74-1b86fd130309-impl-thread3] INFO  impl.PendingRequests (PendingRequests.java:sendNotLeaderResponses(289)) - 47f2b6e5-7d1c-4a61-9d74-1b86fd130309@group-9B3B028754AC-PendingRequests: sendNotLeaderResponses
2024-04-09 12:09:26,634 [47f2b6e5-7d1c-4a61-9d74-1b86fd130309@group-2C2C502A59F8-StateMachineUpdater] INFO  ratis.ContainerStateMachine (ContainerStateMachine.java:takeSnapshot(366)) - group-2C2C502A59F8: Finished taking a snapshot at:(t:2, i:0) file:/home/runner/work/ozone/ozone/hadoop-ozone/integration-test/target/test-dir/MiniOzoneClusterImpl-00066f73-fe04-48fd-9c2f-afd3971143fc/ozone-meta/datanode-1/ratis/b8bf2288-a83f-4302-a707-2c2c502a59f8/sm/snapshot.2_0 took: 3 ms
2024-04-09 12:09:26,631 [47f2b6e5-7d1c-4a61-9d74-1b86fd130309-impl-thread4] INFO  impl.PendingRequests (PendingRequests.java:sendNotLeaderResponses(289)) - 47f2b6e5-7d1c-4a61-9d74-1b86fd130309@group-DB1D75A9E2DC-PendingRequests: sendNotLeaderResponses
2024-04-09 12:09:26,633 [grpc-default-executor-2] INFO  server.GrpcServerProtocolService (GrpcServerProtocolService.java:lambda$onCompleted$5(159)) - 06c35c3a-0415-431d-ae8b-027bb2658858: Completed APPEND_ENTRIES, lastReply: null
2024-04-09 12:09:26,635 [47f2b6e5-7d1c-4a61-9d74-1b86fd130309@group-9B3B028754AC-StateMachineUpdater] INFO  ratis.ContainerStateMachine (ContainerStateMachine.java:takeSnapshot(355)) - group-9B3B028754AC: Taking a snapshot at:(t:1, i:0) file /home/runner/work/ozone/ozone/hadoop-ozone/integration-test/target/test-dir/MiniOzoneClusterImpl-00066f73-fe04-48fd-9c2f-afd3971143fc/ozone-meta/datanode-1/ratis/742ea967-bb26-43ee-9649-9b3b028754ac/sm/snapshot.1_0
2024-04-09 12:09:26,635 [47f2b6e5-7d1c-4a61-9d74-1b86fd130309@group-2C2C502A59F8-StateMachineUpdater] INFO  impl.StateMachineUpdater (StateMachineUpdater.java:takeSnapshot(295)) - 47f2b6e5-7d1c-4a61-9d74-1b86fd130309@group-2C2C502A59F8-StateMachineUpdater: Took a snapshot at index 0
2024-04-09 12:09:26,635 [47f2b6e5-7d1c-4a61-9d74-1b86fd130309-impl-thread3] INFO  impl.StateMachineUpdater (StateMachineUpdater.java:stopAndJoin(157)) - 47f2b6e5-7d1c-4a61-9d74-1b86fd130309@group-9B3B028754AC-StateMachineUpdater: set stopIndex = 0
2024-04-09 12:09:26,635 [47f2b6e5-7d1c-4a61-9d74-1b86fd130309@group-2C2C502A59F8-StateMachineUpdater] INFO  impl.StateMachineUpdater (StateMachineUpdater.java:lambda$new$0(98)) - 47f2b6e5-7d1c-4a61-9d74-1b86fd130309@group-2C2C502A59F8-StateMachineUpdater: snapshotIndex: updateIncreasingly -1 -> 0
2024-04-09 12:09:26,635 [47f2b6e5-7d1c-4a61-9d74-1b86fd130309@group-9B3B028754AC-StateMachineUpdater] INFO  ratis.ContainerStateMachine (ContainerStateMachine.java:takeSnapshot(366)) - group-9B3B028754AC: Finished taking a snapshot at:(t:1, i:0) file:/home/runner/work/ozone/ozone/hadoop-ozone/integration-test/target/test-dir/MiniOzoneClusterImpl-00066f73-fe04-48fd-9c2f-afd3971143fc/ozone-meta/datanode-1/ratis/742ea967-bb26-43ee-9649-9b3b028754ac/sm/snapshot.1_0 took: 0 ms
2024-04-09 12:09:26,635 [47f2b6e5-7d1c-4a61-9d74-1b86fd130309@group-9B3B028754AC-StateMachineUpdater] INFO  impl.StateMachineUpdater (StateMachineUpdater.java:takeSnapshot(295)) - 47f2b6e5-7d1c-4a61-9d74-1b86fd130309@group-9B3B028754AC-StateMachineUpdater: Took a snapshot at index 0
2024-04-09 12:09:26,635 [47f2b6e5-7d1c-4a61-9d74-1b86fd130309@group-9B3B028754AC-StateMachineUpdater] INFO  impl.StateMachineUpdater (StateMachineUpdater.java:lambda$new$0(98)) - 47f2b6e5-7d1c-4a61-9d74-1b86fd130309@group-9B3B028754AC-StateMachineUpdater: snapshotIndex: updateIncreasingly -1 -> 0
2024-04-09 12:09:26,635 [47f2b6e5-7d1c-4a61-9d74-1b86fd130309-impl-thread2] INFO  server.RaftServer$Division (ServerState.java:close(427)) - 47f2b6e5-7d1c-4a61-9d74-1b86fd130309@group-2C2C502A59F8: applyIndex: 0
2024-04-09 12:09:26,635 [47f2b6e5-7d1c-4a61-9d74-1b86fd130309-impl-thread3] INFO  server.RaftServer$Division (ServerState.java:close(427)) - 47f2b6e5-7d1c-4a61-9d74-1b86fd130309@group-9B3B028754AC: applyIndex: 0
2024-04-09 12:09:26,636 [47f2b6e5-7d1c-4a61-9d74-1b86fd130309@group-9B3B028754AC-cacheEviction-AwaitToRun] INFO  util.AwaitToRun (AwaitToRun.java:run(49)) - 47f2b6e5-7d1c-4a61-9d74-1b86fd130309@group-9B3B028754AC-cacheEviction-AwaitToRun-AwaitForSignal is interrupted
2024-04-09 12:09:26,637 [47f2b6e5-7d1c-4a61-9d74-1b86fd130309@group-2C2C502A59F8-cacheEviction-AwaitToRun] INFO  util.AwaitToRun (AwaitToRun.java:run(49)) - 47f2b6e5-7d1c-4a61-9d74-1b86fd130309@group-2C2C502A59F8-cacheEviction-AwaitToRun-AwaitForSignal is interrupted
2024-04-09 12:09:26,638 [Thread-1613] INFO  server.GrpcServerProtocolClient (GrpcServerProtocolClient.java:close(103)) - 06c35c3a-0415-431d-ae8b-027bb2658858 Close channels
2024-04-09 12:09:26,639 [grpc-default-executor-3] INFO  server.GrpcLogAppender (GrpcLogAppender.java:onCompleted(546)) - 47f2b6e5-7d1c-4a61-9d74-1b86fd130309@group-DB1D75A9E2DC->06c35c3a-0415-431d-ae8b-027bb2658858-AppendLogResponseHandler: follower responses appendEntries COMPLETED
2024-04-09 12:09:26,639 [Thread-1614] INFO  server.GrpcServerProtocolClient (GrpcServerProtocolClient.java:close(103)) - c0a63e6c-c246-4c4b-b9bd-48fbdf84331c Close channels
2024-04-09 12:09:26,640 [grpc-default-executor-3] WARN  server.GrpcLogAppender (GrpcLogAppender.java:resetClient(226)) - 47f2b6e5-7d1c-4a61-9d74-1b86fd130309@group-DB1D75A9E2DC->06c35c3a-0415-431d-ae8b-027bb2658858-GrpcLogAppender: Failed to getClient for 06c35c3a-0415-431d-ae8b-027bb2658858
org.apache.ratis.protocol.exceptions.AlreadyClosedException: 47f2b6e5-7d1c-4a61-9d74-1b86fd130309 is already CLOSED
	at org.apache.ratis.util.PeerProxyMap$PeerAndProxy.getProxy(PeerProxyMap.java:65)
	at org.apache.ratis.util.PeerProxyMap.getProxy(PeerProxyMap.java:114)
	at org.apache.ratis.grpc.server.GrpcLogAppender.getClient(GrpcLogAppender.java:196)
	at org.apache.ratis.grpc.server.GrpcLogAppender.resetClient(GrpcLogAppender.java:201)
	at org.apache.ratis.grpc.server.GrpcLogAppender.access$800(GrpcLogAppender.java:62)
	at org.apache.ratis.grpc.server.GrpcLogAppender$AppendLogResponseHandler.onCompleted(GrpcLogAppender.java:547)
	at org.apache.ratis.thirdparty.io.grpc.stub.ClientCalls$StreamObserverToCallListenerAdapter.onClose(ClientCalls.java:479)
	at org.apache.ratis.thirdparty.io.grpc.internal.ClientCallImpl.closeObserver(ClientCallImpl.java:567)
	at org.apache.ratis.thirdparty.io.grpc.internal.ClientCallImpl.access$300(ClientCallImpl.java:71)
	at org.apache.ratis.thirdparty.io.grpc.internal.ClientCallImpl$ClientStreamListenerImpl$1StreamClosed.runInternal(ClientCallImpl.java:735)
	at org.apache.ratis.thirdparty.io.grpc.internal.ClientCallImpl$ClientStreamListenerImpl$1StreamClosed.runInContext(ClientCallImpl.java:716)
	at org.apache.ratis.thirdparty.io.grpc.internal.ContextRunnable.run(ContextRunnable.java:37)
	at org.apache.ratis.thirdparty.io.grpc.internal.SerializingExecutor.run(SerializingExecutor.java:133)
	at java.util.concurrent.ThreadPoolExecutor.runWorker(ThreadPoolExecutor.java:1149)
	at java.util.concurrent.ThreadPoolExecutor$Worker.run(ThreadPoolExecutor.java:624)
	at java.lang.Thread.run(Thread.java:750)
2024-04-09 12:09:26,640 [grpc-default-executor-2] WARN  server.GrpcClientProtocolService (LogUtils.java:warn(121)) - 1-UnorderedRequestStreamObserver1: onError: org.apache.ratis.thirdparty.io.grpc.StatusRuntimeException: CANCELLED: client cancelled
2024-04-09 12:09:26,641 [grpc-default-executor-6] WARN  server.GrpcClientProtocolService (LogUtils.java:warn(121)) - 0-OrderedRequestStreamObserver0: onError: org.apache.ratis.thirdparty.io.grpc.StatusRuntimeException: CANCELLED: client cancelled
2024-04-09 12:09:26,641 [main] INFO  server.GrpcService (GrpcService.java:closeImpl(320)) - 47f2b6e5-7d1c-4a61-9d74-1b86fd130309: shutdown server org.apache.ratis.grpc.server.GrpcClientProtocolService successfully
2024-04-09 12:09:26,642 [main] INFO  server.GrpcService (GrpcService.java:closeImpl(311)) - 47f2b6e5-7d1c-4a61-9d74-1b86fd130309: shutdown server GrpcServerProtocolService now
2024-04-09 12:09:26,643 [grpc-default-executor-2] WARN  server.GrpcServerProtocolService (LogUtils.java:warn(121)) - 47f2b6e5-7d1c-4a61-9d74-1b86fd130309: APPEND_ENTRIES onError, lastRequest: null: org.apache.ratis.thirdparty.io.grpc.StatusRuntimeException: CANCELLED: client cancelled
2024-04-09 12:09:26,643 [47f2b6e5-7d1c-4a61-9d74-1b86fd130309@group-DB1D75A9E2DC-StateMachineUpdater] INFO  ratis.ContainerStateMachine (ContainerStateMachine.java:takeSnapshot(355)) - group-DB1D75A9E2DC: Taking a snapshot at:(t:1, i:8) file /home/runner/work/ozone/ozone/hadoop-ozone/integration-test/target/test-dir/MiniOzoneClusterImpl-00066f73-fe04-48fd-9c2f-afd3971143fc/ozone-meta/datanode-1/ratis/8a023e63-f161-45d8-9a3c-db1d75a9e2dc/sm/snapshot.1_8
2024-04-09 12:09:26,643 [47f2b6e5-7d1c-4a61-9d74-1b86fd130309-impl-thread4] INFO  impl.StateMachineUpdater (StateMachineUpdater.java:stopAndJoin(157)) - 47f2b6e5-7d1c-4a61-9d74-1b86fd130309@group-DB1D75A9E2DC-StateMachineUpdater: set stopIndex = 8
2024-04-09 12:09:26,644 [47f2b6e5-7d1c-4a61-9d74-1b86fd130309@group-DB1D75A9E2DC-StateMachineUpdater] INFO  ratis.ContainerStateMachine (ContainerStateMachine.java:takeSnapshot(366)) - group-DB1D75A9E2DC: Finished taking a snapshot at:(t:1, i:8) file:/home/runner/work/ozone/ozone/hadoop-ozone/integration-test/target/test-dir/MiniOzoneClusterImpl-00066f73-fe04-48fd-9c2f-afd3971143fc/ozone-meta/datanode-1/ratis/8a023e63-f161-45d8-9a3c-db1d75a9e2dc/sm/snapshot.1_8 took: 1 ms
2024-04-09 12:09:26,644 [47f2b6e5-7d1c-4a61-9d74-1b86fd130309@group-DB1D75A9E2DC-StateMachineUpdater] INFO  impl.StateMachineUpdater (StateMachineUpdater.java:takeSnapshot(295)) - 47f2b6e5-7d1c-4a61-9d74-1b86fd130309@group-DB1D75A9E2DC-StateMachineUpdater: Took a snapshot at index 8
2024-04-09 12:09:26,644 [47f2b6e5-7d1c-4a61-9d74-1b86fd130309@group-DB1D75A9E2DC-StateMachineUpdater] INFO  impl.StateMachineUpdater (StateMachineUpdater.java:lambda$new$0(98)) - 47f2b6e5-7d1c-4a61-9d74-1b86fd130309@group-DB1D75A9E2DC-StateMachineUpdater: snapshotIndex: updateIncreasingly -1 -> 8
2024-04-09 12:09:26,645 [grpc-default-executor-7] WARN  server.GrpcLogAppender (LogUtils.java:warn(121)) - 06c35c3a-0415-431d-ae8b-027bb2658858@group-2C2C502A59F8->47f2b6e5-7d1c-4a61-9d74-1b86fd130309-AppendLogResponseHandler: Failed appendEntries: org.apache.ratis.thirdparty.io.grpc.StatusRuntimeException: CANCELLED: RST_STREAM closed stream. HTTP/2 error code: CANCEL
2024-04-09 12:09:26,645 [47f2b6e5-7d1c-4a61-9d74-1b86fd130309-impl-thread4] INFO  server.RaftServer$Division (ServerState.java:close(427)) - 47f2b6e5-7d1c-4a61-9d74-1b86fd130309@group-DB1D75A9E2DC: applyIndex: 8
2024-04-09 12:09:26,645 [grpc-default-executor-7] WARN  server.GrpcLogAppender (GrpcLogAppender.java:lambda$resetClient$1(217)) - 06c35c3a-0415-431d-ae8b-027bb2658858@group-2C2C502A59F8->47f2b6e5-7d1c-4a61-9d74-1b86fd130309-GrpcLogAppender: Follower failed (request=null, errorCount=1); keep nextIndex (1) unchanged and retry.
2024-04-09 12:09:26,645 [47f2b6e5-7d1c-4a61-9d74-1b86fd130309@group-DB1D75A9E2DC-cacheEviction-AwaitToRun] INFO  util.AwaitToRun (AwaitToRun.java:run(49)) - 47f2b6e5-7d1c-4a61-9d74-1b86fd130309@group-DB1D75A9E2DC-cacheEviction-AwaitToRun-AwaitForSignal is interrupted
2024-04-09 12:09:26,646 [grpc-default-executor-6] WARN  server.GrpcServerProtocolService (LogUtils.java:warn(121)) - 47f2b6e5-7d1c-4a61-9d74-1b86fd130309: APPEND_ENTRIES onError, lastRequest: 06c35c3a-0415-431d-ae8b-027bb2658858->47f2b6e5-7d1c-4a61-9d74-1b86fd130309#1-t2,previous=(t:0, i:0),leaderCommit=-1,initializing? false,entries: size=1, first=(t:2, i:0), CONFIGURATIONENTRY(current:id: "47f2b6e5-7d1c-4a61-9d74-1b86fd130309"
address: "10.1.0.103:15067"
dataStreamAddress: "10.1.0.103:15068"
clientAddress: "10.1.0.103:15065"
adminAddress: "10.1.0.103:15066"
startupRole: FOLLOWER
,id: "06c35c3a-0415-431d-ae8b-027bb2658858"
address: "10.1.0.103:15076"
dataStreamAddress: "10.1.0.103:15077"
clientAddress: "10.1.0.103:15074"
adminAddress: "10.1.0.103:15075"
startupRole: FOLLOWER
,id: "c0a63e6c-c246-4c4b-b9bd-48fbdf84331c"
address: "10.1.0.103:15085"
priority: 1
dataStreamAddress: "10.1.0.103:15086"
clientAddress: "10.1.0.103:15083"
adminAddress: "10.1.0.103:15084"
startupRole: FOLLOWER
, old:): org.apache.ratis.thirdparty.io.grpc.StatusRuntimeException: CANCELLED: client cancelled
2024-04-09 12:09:26,645 [main] INFO  server.GrpcService (GrpcService.java:closeImpl(320)) - 47f2b6e5-7d1c-4a61-9d74-1b86fd130309: shutdown server GrpcServerProtocolService successfully
2024-04-09 12:09:26,646 [main] INFO  server.GrpcService (GrpcService.java:closeImpl(311)) - 47f2b6e5-7d1c-4a61-9d74-1b86fd130309: shutdown server org.apache.ratis.grpc.server.GrpcAdminProtocolService now
2024-04-09 12:09:26,647 [main] INFO  server.GrpcService (GrpcService.java:closeImpl(320)) - 47f2b6e5-7d1c-4a61-9d74-1b86fd130309: shutdown server org.apache.ratis.grpc.server.GrpcAdminProtocolService successfully
2024-04-09 12:09:26,650 [47f2b6e5-7d1c-4a61-9d74-1b86fd130309-NettyServerStreamRpc-bossGroup--thread1] INFO  logging.LoggingHandler (AbstractInternalLogger.java:log(148)) - [id: 0xc783e627, L:/0.0.0.0:15068] CLOSE
2024-04-09 12:09:26,650 [47f2b6e5-7d1c-4a61-9d74-1b86fd130309-NettyServerStreamRpc-bossGroup--thread1] INFO  logging.LoggingHandler (AbstractInternalLogger.java:log(148)) - [id: 0xc783e627, L:/0.0.0.0:15068] INACTIVE
2024-04-09 12:09:26,650 [47f2b6e5-7d1c-4a61-9d74-1b86fd130309-NettyServerStreamRpc-bossGroup--thread1] INFO  logging.LoggingHandler (AbstractInternalLogger.java:log(148)) - [id: 0xc783e627, L:/0.0.0.0:15068] UNREGISTERED
2024-04-09 12:09:26,723 [47f2b6e5-7d1c-4a61-9d74-1b86fd130309-impl-thread4] INFO  segmented.SegmentedRaftLogWorker (SegmentedRaftLogWorker.java:close(245)) - 47f2b6e5-7d1c-4a61-9d74-1b86fd130309@group-DB1D75A9E2DC-SegmentedRaftLogWorker close()
2024-04-09 12:09:26,968 [47f2b6e5-7d1c-4a61-9d74-1b86fd130309-impl-thread2] INFO  segmented.SegmentedRaftLogWorker (SegmentedRaftLogWorker.java:close(245)) - 47f2b6e5-7d1c-4a61-9d74-1b86fd130309@group-2C2C502A59F8-SegmentedRaftLogWorker close()
2024-04-09 12:09:27,403 [timer1] WARN  server.GrpcLogAppender (GrpcLogAppender.java:lambda$resetClient$1(217)) - 47f2b6e5-7d1c-4a61-9d74-1b86fd130309@group-DB1D75A9E2DC->c0a63e6c-c246-4c4b-b9bd-48fbdf84331c-GrpcLogAppender: Follower failed (request=null, errorCount=144); keep nextIndex (9) unchanged and retry. (Repeated 4 times in the last 5.000s)
2024-04-09 12:09:27,403 [timer0] WARN  server.GrpcLogAppender (LogUtils.java:warn(121)) - 47f2b6e5-7d1c-4a61-9d74-1b86fd130309@group-DB1D75A9E2DC->c0a63e6c-c246-4c4b-b9bd-48fbdf84331c-AppendLogResponseHandler: Failed appendEntries (Repeated 4 times in the last 5.001s): org.apache.ratis.thirdparty.io.grpc.StatusRuntimeException: UNAVAILABLE: io exception
2024-04-09 12:09:27,439 [47f2b6e5-7d1c-4a61-9d74-1b86fd130309-impl-thread3] INFO  segmented.SegmentedRaftLogWorker (SegmentedRaftLogWorker.java:close(245)) - 47f2b6e5-7d1c-4a61-9d74-1b86fd130309@group-9B3B028754AC-SegmentedRaftLogWorker close()
2024-04-09 12:09:27,440 [JvmPauseMonitor9] INFO  util.JvmPauseMonitor (JvmPauseMonitor.java:run(152)) - JvmPauseMonitor-47f2b6e5-7d1c-4a61-9d74-1b86fd130309: Stopped
2024-04-09 12:09:29,442 [main] INFO  utils.DatanodeStoreCache (DatanodeStoreCache.java:shutdownCache(116)) - Skip clearing cache in mini cluster mode. Entries left: [/home/runner/work/ozone/ozone/hadoop-ozone/integration-test/target/test-dir/MiniOzoneClusterImpl-00066f73-fe04-48fd-9c2f-afd3971143fc/ozone-meta/datanode-1/data-0/hdds/00066f73-fe04-48fd-9c2f-afd3971143fc/DS-00b42a59-c524-4705-b81c-400401739509/container.db, /home/runner/work/ozone/ozone/hadoop-ozone/integration-test/target/test-dir/MiniOzoneClusterImpl-00066f73-fe04-48fd-9c2f-afd3971143fc/ozone-meta/datanode-2/data-0/hdds/00066f73-fe04-48fd-9c2f-afd3971143fc/DS-6f08d45b-0495-4c03-bcac-61d66a1ae0ff/container.db, /home/runner/work/ozone/ozone/hadoop-ozone/integration-test/target/test-dir/MiniOzoneClusterImpl-00066f73-fe04-48fd-9c2f-afd3971143fc/ozone-meta/datanode-4/data-0/hdds/00066f73-fe04-48fd-9c2f-afd3971143fc/DS-2ffa3c02-bcda-42fb-b79a-b75e997df52e/container.db, /home/runner/work/ozone/ozone/hadoop-ozone/integration-test/target/test-dir/MiniOzoneClusterImpl-00066f73-fe04-48fd-9c2f-afd3971143fc/ozone-meta/datanode-5/data-0/hdds/00066f73-fe04-48fd-9c2f-afd3971143fc/DS-3dc5ed1d-4895-4ec2-a149-affe347e2f1f/container.db]
2024-04-09 12:09:29,444 [main] INFO  utils.DatanodeStoreCache (DatanodeStoreCache.java:removeDB(110)) - Removed db /home/runner/work/ozone/ozone/hadoop-ozone/integration-test/target/test-dir/MiniOzoneClusterImpl-00066f73-fe04-48fd-9c2f-afd3971143fc/ozone-meta/datanode-1/data-0/hdds/00066f73-fe04-48fd-9c2f-afd3971143fc/DS-00b42a59-c524-4705-b81c-400401739509/container.db from cache
2024-04-09 12:09:29,444 [main] INFO  volume.HddsVolume (HddsVolume.java:closeDbStore(470)) - SchemaV3 db is stopped at /home/runner/work/ozone/ozone/hadoop-ozone/integration-test/target/test-dir/MiniOzoneClusterImpl-00066f73-fe04-48fd-9c2f-afd3971143fc/ozone-meta/datanode-1/data-0/hdds/00066f73-fe04-48fd-9c2f-afd3971143fc/DS-00b42a59-c524-4705-b81c-400401739509/container.db for volume DS-00b42a59-c524-4705-b81c-400401739509
2024-04-09 12:09:29,445 [main] INFO  utils.BackgroundService (BackgroundService.java:shutdown(160)) - Shutting down service BlockDeletingService
2024-04-09 12:09:29,445 [main] INFO  utils.BackgroundService (BackgroundService.java:shutdown(160)) - Shutting down service StaleRecoveringContainerScrubbingService
2024-04-09 12:09:29,446 [main] INFO  statemachine.DatanodeStateMachine (DatanodeStateMachine.java:stopDaemon(638)) - Ozone container server stopped.
2024-04-09 12:09:29,446 [main] INFO  handler.ContextHandler (ContextHandler.java:doStop(1159)) - Stopped o.e.j.w.WebAppContext@33cfde71{hddsDatanode,/,null,STOPPED}{file:/home/runner/work/ozone/ozone/hadoop-hdds/container-service/target/classes/webapps/hddsDatanode}
2024-04-09 12:09:29,447 [main] INFO  server.AbstractConnector (AbstractConnector.java:doStop(383)) - Stopped ServerConnector@b590744{HTTP/1.1, (http/1.1)}{0.0.0.0:15062}
2024-04-09 12:09:29,447 [main] INFO  server.session (HouseKeeper.java:stopScavenging(149)) - node0 Stopped scavenging
2024-04-09 12:09:29,447 [main] INFO  handler.ContextHandler (ContextHandler.java:doStop(1159)) - Stopped o.e.j.s.ServletContextHandler@926e154{static,/static,file:///home/runner/work/ozone/ozone/hadoop-hdds/container-service/target/classes/webapps/static,STOPPED}
2024-04-09 12:09:29,448 [main] INFO  handler.ContextHandler (ContextHandler.java:doStop(1159)) - Stopped o.e.j.s.ServletContextHandler@768b8cea{logs,/logs,file:///home/runner/work/ozone/ozone/hadoop-ozone/integration-test/target/log,STOPPED}
2024-04-09 12:09:29,448 [main] INFO  ozone.HddsDatanodeClientProtocolServer (HddsDatanodeClientProtocolServer.java:stop(83)) - Stopping the RPC server for Client Protocol
2024-04-09 12:09:29,448 [main] INFO  ipc.Server (Server.java:stop(3523)) - Stopping server on 15063
2024-04-09 12:09:29,449 [IPC Server listener on 15063] INFO  ipc.Server (Server.java:run(1434)) - Stopping IPC Server listener on 15063
2024-04-09 12:09:29,449 [IPC Server Responder] INFO  ipc.Server (Server.java:run(1567)) - Stopping IPC Server Responder
2024-04-09 12:09:30,733 [timer0] WARN  server.GrpcLogAppender (GrpcLogAppender.java:lambda$resetClient$1(217)) - 06c35c3a-0415-431d-ae8b-027bb2658858@group-2C2C502A59F8->c0a63e6c-c246-4c4b-b9bd-48fbdf84331c-GrpcLogAppender: Follower failed (request=null, errorCount=136); keep nextIndex (1) unchanged and retry. (Repeated 2 times in the last 5.000s)
2024-04-09 12:09:30,733 [timer7] WARN  server.GrpcLogAppender (LogUtils.java:warn(121)) - 06c35c3a-0415-431d-ae8b-027bb2658858@group-2C2C502A59F8->c0a63e6c-c246-4c4b-b9bd-48fbdf84331c-AppendLogResponseHandler: Failed appendEntries (Repeated 2 times in the last 5.001s): org.apache.ratis.thirdparty.io.grpc.StatusRuntimeException: UNAVAILABLE: io exception
2024-04-09 12:09:31,645 [timer2] WARN  server.GrpcLogAppender (GrpcLogAppender.java:lambda$resetClient$1(217)) - 06c35c3a-0415-431d-ae8b-027bb2658858@group-2C2C502A59F8->47f2b6e5-7d1c-4a61-9d74-1b86fd130309-GrpcLogAppender: Follower failed (request=null, errorCount=10); keep nextIndex (1) unchanged and retry. (Repeated 10 times in the last 5.000s)
2024-04-09 12:09:31,645 [timer1] WARN  server.GrpcLogAppender (LogUtils.java:warn(121)) - 06c35c3a-0415-431d-ae8b-027bb2658858@group-2C2C502A59F8->47f2b6e5-7d1c-4a61-9d74-1b86fd130309-AppendLogResponseHandler: Failed appendEntries (Repeated 10 times in the last 5.000s): org.apache.ratis.thirdparty.io.grpc.StatusRuntimeException: UNAVAILABLE: io exception
2024-04-09 12:09:32,040 [grpc-default-executor-3] WARN  server.GrpcLogAppender (LogUtils.java:warn(121)) - 06c35c3a-0415-431d-ae8b-027bb2658858@group-2C2C502A59F8->c0a63e6c-c246-4c4b-b9bd-48fbdf84331c-AppendLogResponseHandler: Failed appendEntries: org.apache.ratis.thirdparty.io.grpc.StatusRuntimeException: UNAVAILABLE: io exception
2024-04-09 12:09:32,041 [grpc-default-executor-2] WARN  server.GrpcLogAppender (GrpcLogAppender.java:lambda$resetClient$1(217)) - 06c35c3a-0415-431d-ae8b-027bb2658858@group-2C2C502A59F8->c0a63e6c-c246-4c4b-b9bd-48fbdf84331c-GrpcLogAppender: Follower failed (request=null, errorCount=137); keep nextIndex (1) unchanged and retry.
2024-04-09 12:09:32,059 [06c35c3a-0415-431d-ae8b-027bb2658858@group-2C2C502A59F8->c0a63e6c-c246-4c4b-b9bd-48fbdf84331c-GrpcLogAppender-LogAppenderDaemon] ERROR ratis.XceiverServerRatis (XceiverServerRatis.java:triggerPipelineClose(777)) - pipeline Action CLOSE on pipeline PipelineID=b8bf2288-a83f-4302-a707-2c2c502a59f8.Reason : 06c35c3a-0415-431d-ae8b-027bb2658858 has not seen follower/s c0a63e6c-c246-4c4b-b9bd-48fbdf84331c for 300328ms
2024-04-09 12:09:32,062 [EventQueue-PipelineActionsForPipelineActionHandler] INFO  pipeline.PipelineActionHandler (PipelineActionHandler.java:processPipelineAction(95)) - Received pipeline action CLOSE for PipelineID=b8bf2288-a83f-4302-a707-2c2c502a59f8 from datanode 06c35c3a-0415-431d-ae8b-027bb2658858. Reason : 06c35c3a-0415-431d-ae8b-027bb2658858 has not seen follower/s c0a63e6c-c246-4c4b-b9bd-48fbdf84331c for 300328ms
2024-04-09 12:09:32,063 [EventQueue-PipelineActionsForPipelineActionHandler] INFO  pipeline.PipelineManagerImpl (PipelineManagerImpl.java:closePipeline(518)) - Pipeline PipelineID=b8bf2288-a83f-4302-a707-2c2c502a59f8 moved to CLOSED state
2024-04-09 12:09:32,164 [grpc-default-executor-2] WARN  server.GrpcLogAppender (LogUtils.java:warn(121)) - 06c35c3a-0415-431d-ae8b-027bb2658858@group-2C2C502A59F8->47f2b6e5-7d1c-4a61-9d74-1b86fd130309-AppendLogResponseHandler: Failed appendEntries: org.apache.ratis.thirdparty.io.grpc.StatusRuntimeException: UNAVAILABLE: io exception
2024-04-09 12:09:32,166 [grpc-default-executor-3] WARN  server.GrpcLogAppender (GrpcLogAppender.java:lambda$resetClient$1(217)) - 06c35c3a-0415-431d-ae8b-027bb2658858@group-2C2C502A59F8->47f2b6e5-7d1c-4a61-9d74-1b86fd130309-GrpcLogAppender: Follower failed (request=null, errorCount=11); keep nextIndex (1) unchanged and retry.
2024-04-09 12:09:33,059 [EventQueue-PipelineActionsForPipelineActionHandler] INFO  pipeline.PipelineActionHandler (PipelineActionHandler.java:processPipelineAction(95)) - Received pipeline action CLOSE for PipelineID=b8bf2288-a83f-4302-a707-2c2c502a59f8 from datanode 06c35c3a-0415-431d-ae8b-027bb2658858. Reason : 06c35c3a-0415-431d-ae8b-027bb2658858 has not seen follower/s c0a63e6c-c246-4c4b-b9bd-48fbdf84331c for 300328ms
2024-04-09 12:09:33,089 [06c35c3a-0415-431d-ae8b-027bb2658858@group-DB1D75A9E2DC-FollowerState] INFO  impl.FollowerState (FollowerState.java:run(143)) - 06c35c3a-0415-431d-ae8b-027bb2658858@group-DB1D75A9E2DC-FollowerState: change to CANDIDATE, lastRpcElapsedTime:8654953794ns, electionTimeout:5073ms
2024-04-09 12:09:33,089 [06c35c3a-0415-431d-ae8b-027bb2658858@group-DB1D75A9E2DC-FollowerState] INFO  impl.RoleInfo (RoleInfo.java:shutdownFollowerState(110)) - 06c35c3a-0415-431d-ae8b-027bb2658858: shutdown 06c35c3a-0415-431d-ae8b-027bb2658858@group-DB1D75A9E2DC-FollowerState
2024-04-09 12:09:33,089 [06c35c3a-0415-431d-ae8b-027bb2658858@group-DB1D75A9E2DC-FollowerState] INFO  server.RaftServer$Division (RaftServerImpl.java:setRole(383)) - 06c35c3a-0415-431d-ae8b-027bb2658858@group-DB1D75A9E2DC: changes role from  FOLLOWER to CANDIDATE at term 1 for changeToCandidate
2024-04-09 12:09:33,090 [06c35c3a-0415-431d-ae8b-027bb2658858@group-DB1D75A9E2DC-FollowerState] INFO  server.RaftServerConfigKeys (ConfUtils.java:logGet(46)) - raft.server.leaderelection.pre-vote = true (default)
2024-04-09 12:09:33,090 [06c35c3a-0415-431d-ae8b-027bb2658858@group-DB1D75A9E2DC-FollowerState] INFO  impl.RoleInfo (RoleInfo.java:updateAndGet(139)) - 06c35c3a-0415-431d-ae8b-027bb2658858: start 06c35c3a-0415-431d-ae8b-027bb2658858@group-DB1D75A9E2DC-LeaderElection20
2024-04-09 12:09:33,090 [06c35c3a-0415-431d-ae8b-027bb2658858@group-DB1D75A9E2DC-LeaderElection20] INFO  server.RaftServer$Division (ServerState.java:setLeader(269)) - 06c35c3a-0415-431d-ae8b-027bb2658858@group-DB1D75A9E2DC: change Leader from 47f2b6e5-7d1c-4a61-9d74-1b86fd130309 to null at term 1 for PRE_VOTE
2024-04-09 12:09:33,090 [06c35c3a-0415-431d-ae8b-027bb2658858@group-DB1D75A9E2DC-LeaderElection20] INFO  impl.LeaderElection (LeaderElection.java:askForVotes(321)) - 06c35c3a-0415-431d-ae8b-027bb2658858@group-DB1D75A9E2DC-LeaderElection20 PRE_VOTE round 0: submit vote requests at term 1 for 0: peers:[47f2b6e5-7d1c-4a61-9d74-1b86fd130309|10.1.0.103:15067, 06c35c3a-0415-431d-ae8b-027bb2658858|10.1.0.103:15076, c0a63e6c-c246-4c4b-b9bd-48fbdf84331c|10.1.0.103:15085]|listeners:[], old=null
2024-04-09 12:09:33,091 [06c35c3a-0415-431d-ae8b-027bb2658858@group-DB1D75A9E2DC-LeaderElection20] INFO  impl.LeaderElection (LogUtils.java:infoOrTrace(136)) - 06c35c3a-0415-431d-ae8b-027bb2658858@group-DB1D75A9E2DC-LeaderElection20 got exception when requesting votes: java.util.concurrent.ExecutionException: org.apache.ratis.thirdparty.io.grpc.StatusRuntimeException: UNAVAILABLE: io exception
2024-04-09 12:09:33,091 [06c35c3a-0415-431d-ae8b-027bb2658858@group-DB1D75A9E2DC-LeaderElection20] INFO  impl.LeaderElection (LogUtils.java:infoOrTrace(136)) - 06c35c3a-0415-431d-ae8b-027bb2658858@group-DB1D75A9E2DC-LeaderElection20 got exception when requesting votes: java.util.concurrent.ExecutionException: org.apache.ratis.thirdparty.io.grpc.StatusRuntimeException: UNAVAILABLE: io exception
2024-04-09 12:09:33,091 [06c35c3a-0415-431d-ae8b-027bb2658858@group-DB1D75A9E2DC-LeaderElection20] INFO  impl.LeaderElection (LeaderElection.java:logAndReturn(89)) - 06c35c3a-0415-431d-ae8b-027bb2658858@group-DB1D75A9E2DC-LeaderElection20: PRE_VOTE REJECTED received 0 response(s) and 2 exception(s):
2024-04-09 12:09:33,091 [06c35c3a-0415-431d-ae8b-027bb2658858@group-DB1D75A9E2DC-LeaderElection20] INFO  impl.LeaderElection (LogUtils.java:infoOrTrace(136)) -   Exception 0: java.util.concurrent.ExecutionException: org.apache.ratis.thirdparty.io.grpc.StatusRuntimeException: UNAVAILABLE: io exception
2024-04-09 12:09:33,091 [06c35c3a-0415-431d-ae8b-027bb2658858@group-DB1D75A9E2DC-LeaderElection20] INFO  impl.LeaderElection (LogUtils.java:infoOrTrace(136)) -   Exception 1: java.util.concurrent.ExecutionException: org.apache.ratis.thirdparty.io.grpc.StatusRuntimeException: UNAVAILABLE: io exception
2024-04-09 12:09:33,091 [06c35c3a-0415-431d-ae8b-027bb2658858@group-DB1D75A9E2DC-LeaderElection20] INFO  impl.LeaderElection (LeaderElection.java:askForVotes(323)) - 06c35c3a-0415-431d-ae8b-027bb2658858@group-DB1D75A9E2DC-LeaderElection20 PRE_VOTE round 0: result REJECTED
2024-04-09 12:09:33,091 [06c35c3a-0415-431d-ae8b-027bb2658858@group-DB1D75A9E2DC-LeaderElection20] INFO  server.RaftServer$Division (RaftServerImpl.java:setRole(383)) - 06c35c3a-0415-431d-ae8b-027bb2658858@group-DB1D75A9E2DC: changes role from CANDIDATE to FOLLOWER at term 1 for REJECTED
2024-04-09 12:09:33,091 [06c35c3a-0415-431d-ae8b-027bb2658858@group-DB1D75A9E2DC-LeaderElection20] INFO  impl.RoleInfo (RoleInfo.java:shutdownLeaderElection(130)) - 06c35c3a-0415-431d-ae8b-027bb2658858: shutdown 06c35c3a-0415-431d-ae8b-027bb2658858@group-DB1D75A9E2DC-LeaderElection20
2024-04-09 12:09:33,091 [06c35c3a-0415-431d-ae8b-027bb2658858@group-DB1D75A9E2DC-LeaderElection20] INFO  impl.RoleInfo (RoleInfo.java:updateAndGet(139)) - 06c35c3a-0415-431d-ae8b-027bb2658858: start 06c35c3a-0415-431d-ae8b-027bb2658858@group-DB1D75A9E2DC-FollowerState
2024-04-09 12:09:33,357 [06c35c3a-0415-431d-ae8b-027bb2658858@group-2C2C502A59F8-LeaderStateImpl] WARN  server.RaftServer$Division (LeaderStateImpl.java:checkLeadership(1107)) - 06c35c3a-0415-431d-ae8b-027bb2658858@group-2C2C502A59F8-LeaderStateImpl: Lost leadership on term: 2. Election timeout: 5200ms. In charge for: 296435ms. Conf: 0: peers:[47f2b6e5-7d1c-4a61-9d74-1b86fd130309|10.1.0.103:15067, 06c35c3a-0415-431d-ae8b-027bb2658858|10.1.0.103:15076, c0a63e6c-c246-4c4b-b9bd-48fbdf84331c|10.1.0.103:15085]|listeners:[], old=null
2024-04-09 12:09:33,358 [06c35c3a-0415-431d-ae8b-027bb2658858@group-2C2C502A59F8-LeaderStateImpl] WARN  server.RaftServer$Division (LeaderStateImpl.java:lambda$checkLeadership$21(1111)) - Follower 06c35c3a-0415-431d-ae8b-027bb2658858@group-2C2C502A59F8->47f2b6e5-7d1c-4a61-9d74-1b86fd130309(c0,m0,n1, caughtUp=true, lastRpcSendTime=1191, lastRpcResponseTime=8703)
2024-04-09 12:09:33,358 [06c35c3a-0415-431d-ae8b-027bb2658858@group-2C2C502A59F8-LeaderStateImpl] WARN  server.RaftServer$Division (LeaderStateImpl.java:lambda$checkLeadership$21(1111)) - Follower 06c35c3a-0415-431d-ae8b-027bb2658858@group-2C2C502A59F8->c0a63e6c-c246-4c4b-b9bd-48fbdf84331c(c-1,m-1,n1, caughtUp=true, lastRpcSendTime=1316, lastRpcResponseTime=301635)
2024-04-09 12:09:33,358 [06c35c3a-0415-431d-ae8b-027bb2658858@group-2C2C502A59F8-LeaderStateImpl] INFO  server.RaftServer$Division (RaftServerImpl.java:setRole(383)) - 06c35c3a-0415-431d-ae8b-027bb2658858@group-2C2C502A59F8: changes role from    LEADER to FOLLOWER at term 2 for StepDownReason:LOST_MAJORITY_HEARTBEATS
2024-04-09 12:09:33,358 [06c35c3a-0415-431d-ae8b-027bb2658858@group-2C2C502A59F8-LeaderStateImpl] INFO  impl.RoleInfo (RoleInfo.java:shutdownLeaderState(94)) - 06c35c3a-0415-431d-ae8b-027bb2658858: shutdown 06c35c3a-0415-431d-ae8b-027bb2658858@group-2C2C502A59F8-LeaderStateImpl
2024-04-09 12:09:33,359 [06c35c3a-0415-431d-ae8b-027bb2658858@group-2C2C502A59F8-LeaderStateImpl] INFO  impl.PendingRequests (PendingRequests.java:sendNotLeaderResponses(289)) - 06c35c3a-0415-431d-ae8b-027bb2658858@group-2C2C502A59F8-PendingRequests: sendNotLeaderResponses
2024-04-09 12:09:33,359 [06c35c3a-0415-431d-ae8b-027bb2658858@group-2C2C502A59F8->c0a63e6c-c246-4c4b-b9bd-48fbdf84331c-GrpcLogAppender-LogAppenderDaemon] WARN  server.GrpcLogAppender (GrpcLogAppender.java:mayWait(289)) - 06c35c3a-0415-431d-ae8b-027bb2658858@group-2C2C502A59F8->c0a63e6c-c246-4c4b-b9bd-48fbdf84331c-GrpcLogAppender: Wait interrupted by java.lang.InterruptedException
2024-04-09 12:09:33,359 [06c35c3a-0415-431d-ae8b-027bb2658858@group-2C2C502A59F8->47f2b6e5-7d1c-4a61-9d74-1b86fd130309-GrpcLogAppender-LogAppenderDaemon] WARN  server.GrpcLogAppender (GrpcLogAppender.java:mayWait(289)) - 06c35c3a-0415-431d-ae8b-027bb2658858@group-2C2C502A59F8->47f2b6e5-7d1c-4a61-9d74-1b86fd130309-GrpcLogAppender: Wait interrupted by java.lang.InterruptedException
2024-04-09 12:09:33,359 [06c35c3a-0415-431d-ae8b-027bb2658858@group-2C2C502A59F8-LeaderStateImpl] INFO  server.RaftServer$Division (ServerState.java:setLeader(269)) - 06c35c3a-0415-431d-ae8b-027bb2658858@group-2C2C502A59F8: change Leader from 06c35c3a-0415-431d-ae8b-027bb2658858 to null at term 2 for StepDownReason:LOST_MAJORITY_HEARTBEATS
2024-04-09 12:09:33,359 [06c35c3a-0415-431d-ae8b-027bb2658858@group-2C2C502A59F8-LeaderStateImpl] INFO  impl.RoleInfo (RoleInfo.java:updateAndGet(139)) - 06c35c3a-0415-431d-ae8b-027bb2658858: start 06c35c3a-0415-431d-ae8b-027bb2658858@group-2C2C502A59F8-FollowerState
2024-04-09 12:09:34,059 [EventQueue-PipelineActionsForPipelineActionHandler] INFO  pipeline.PipelineActionHandler (PipelineActionHandler.java:processPipelineAction(95)) - Received pipeline action CLOSE for PipelineID=b8bf2288-a83f-4302-a707-2c2c502a59f8 from datanode 06c35c3a-0415-431d-ae8b-027bb2658858. Reason : 06c35c3a-0415-431d-ae8b-027bb2658858 has not seen follower/s c0a63e6c-c246-4c4b-b9bd-48fbdf84331c for 300328ms
2024-04-09 12:09:35,060 [EventQueue-PipelineActionsForPipelineActionHandler] INFO  pipeline.PipelineActionHandler (PipelineActionHandler.java:processPipelineAction(95)) - Received pipeline action CLOSE for PipelineID=b8bf2288-a83f-4302-a707-2c2c502a59f8 from datanode 06c35c3a-0415-431d-ae8b-027bb2658858. Reason : 06c35c3a-0415-431d-ae8b-027bb2658858 has not seen follower/s c0a63e6c-c246-4c4b-b9bd-48fbdf84331c for 300328ms
2024-04-09 12:09:36,060 [EventQueue-PipelineActionsForPipelineActionHandler] INFO  pipeline.PipelineActionHandler (PipelineActionHandler.java:processPipelineAction(95)) - Received pipeline action CLOSE for PipelineID=b8bf2288-a83f-4302-a707-2c2c502a59f8 from datanode 06c35c3a-0415-431d-ae8b-027bb2658858. Reason : 06c35c3a-0415-431d-ae8b-027bb2658858 has not seen follower/s c0a63e6c-c246-4c4b-b9bd-48fbdf84331c for 300328ms
2024-04-09 12:09:37,041 [timer5] WARN  server.GrpcLogAppender (GrpcLogAppender.java:lambda$resetClient$1(217)) - 06c35c3a-0415-431d-ae8b-027bb2658858@group-2C2C502A59F8->c0a63e6c-c246-4c4b-b9bd-48fbdf84331c-GrpcLogAppender: Follower failed (request=null, errorCount=138); keep nextIndex (1) unchanged and retry. (Repeated 2 times in the last 5.000s)
2024-04-09 12:09:37,041 [timer4] WARN  server.GrpcLogAppender (LogUtils.java:warn(121)) - 06c35c3a-0415-431d-ae8b-027bb2658858@group-2C2C502A59F8->c0a63e6c-c246-4c4b-b9bd-48fbdf84331c-AppendLogResponseHandler: Failed appendEntries (Repeated 2 times in the last 5.001s): org.apache.ratis.thirdparty.io.grpc.StatusRuntimeException: UNAVAILABLE: io exception
2024-04-09 12:09:37,060 [EventQueue-PipelineActionsForPipelineActionHandler] INFO  pipeline.PipelineActionHandler (PipelineActionHandler.java:processPipelineAction(95)) - Received pipeline action CLOSE for PipelineID=b8bf2288-a83f-4302-a707-2c2c502a59f8 from datanode 06c35c3a-0415-431d-ae8b-027bb2658858. Reason : 06c35c3a-0415-431d-ae8b-027bb2658858 has not seen follower/s c0a63e6c-c246-4c4b-b9bd-48fbdf84331c for 300328ms
2024-04-09 12:09:37,165 [timer7] WARN  server.GrpcLogAppender (LogUtils.java:warn(121)) - 06c35c3a-0415-431d-ae8b-027bb2658858@group-2C2C502A59F8->47f2b6e5-7d1c-4a61-9d74-1b86fd130309-AppendLogResponseHandler: Failed appendEntries (Repeated 2 times in the last 5.000s): org.apache.ratis.thirdparty.io.grpc.StatusRuntimeException: UNAVAILABLE: io exception
2024-04-09 12:09:37,166 [timer0] WARN  server.GrpcLogAppender (GrpcLogAppender.java:lambda$resetClient$1(217)) - 06c35c3a-0415-431d-ae8b-027bb2658858@group-2C2C502A59F8->47f2b6e5-7d1c-4a61-9d74-1b86fd130309-GrpcLogAppender: Follower failed (request=null, errorCount=12); keep nextIndex (1) unchanged and retry. (Repeated 2 times in the last 5.000s)
2024-04-09 12:09:38,060 [EventQueue-PipelineActionsForPipelineActionHandler] INFO  pipeline.PipelineActionHandler (PipelineActionHandler.java:processPipelineAction(95)) - Received pipeline action CLOSE for PipelineID=b8bf2288-a83f-4302-a707-2c2c502a59f8 from datanode 06c35c3a-0415-431d-ae8b-027bb2658858. Reason : 06c35c3a-0415-431d-ae8b-027bb2658858 has not seen follower/s c0a63e6c-c246-4c4b-b9bd-48fbdf84331c for 300328ms
2024-04-09 12:09:38,147 [06c35c3a-0415-431d-ae8b-027bb2658858@group-DB1D75A9E2DC-FollowerState] INFO  impl.FollowerState (FollowerState.java:run(143)) - 06c35c3a-0415-431d-ae8b-027bb2658858@group-DB1D75A9E2DC-FollowerState: change to CANDIDATE, lastRpcElapsedTime:5055300514ns, electionTimeout:5055ms
2024-04-09 12:09:38,147 [06c35c3a-0415-431d-ae8b-027bb2658858@group-DB1D75A9E2DC-FollowerState] INFO  impl.RoleInfo (RoleInfo.java:shutdownFollowerState(110)) - 06c35c3a-0415-431d-ae8b-027bb2658858: shutdown 06c35c3a-0415-431d-ae8b-027bb2658858@group-DB1D75A9E2DC-FollowerState
2024-04-09 12:09:38,147 [06c35c3a-0415-431d-ae8b-027bb2658858@group-DB1D75A9E2DC-FollowerState] INFO  server.RaftServer$Division (RaftServerImpl.java:setRole(383)) - 06c35c3a-0415-431d-ae8b-027bb2658858@group-DB1D75A9E2DC: changes role from  FOLLOWER to CANDIDATE at term 1 for changeToCandidate
2024-04-09 12:09:38,147 [06c35c3a-0415-431d-ae8b-027bb2658858@group-DB1D75A9E2DC-FollowerState] INFO  server.RaftServerConfigKeys (ConfUtils.java:logGet(46)) - raft.server.leaderelection.pre-vote = true (default)
2024-04-09 12:09:38,147 [06c35c3a-0415-431d-ae8b-027bb2658858@group-DB1D75A9E2DC-FollowerState] INFO  impl.RoleInfo (RoleInfo.java:updateAndGet(139)) - 06c35c3a-0415-431d-ae8b-027bb2658858: start 06c35c3a-0415-431d-ae8b-027bb2658858@group-DB1D75A9E2DC-LeaderElection21
2024-04-09 12:09:38,148 [06c35c3a-0415-431d-ae8b-027bb2658858@group-DB1D75A9E2DC-LeaderElection21] INFO  impl.LeaderElection (LeaderElection.java:askForVotes(321)) - 06c35c3a-0415-431d-ae8b-027bb2658858@group-DB1D75A9E2DC-LeaderElection21 PRE_VOTE round 0: submit vote requests at term 1 for 0: peers:[47f2b6e5-7d1c-4a61-9d74-1b86fd130309|10.1.0.103:15067, 06c35c3a-0415-431d-ae8b-027bb2658858|10.1.0.103:15076, c0a63e6c-c246-4c4b-b9bd-48fbdf84331c|10.1.0.103:15085]|listeners:[], old=null
2024-04-09 12:09:38,149 [06c35c3a-0415-431d-ae8b-027bb2658858@group-DB1D75A9E2DC-LeaderElection21] INFO  impl.LeaderElection (LogUtils.java:infoOrTrace(136)) - 06c35c3a-0415-431d-ae8b-027bb2658858@group-DB1D75A9E2DC-LeaderElection21 got exception when requesting votes: java.util.concurrent.ExecutionException: org.apache.ratis.thirdparty.io.grpc.StatusRuntimeException: UNAVAILABLE: io exception
2024-04-09 12:09:38,149 [06c35c3a-0415-431d-ae8b-027bb2658858@group-DB1D75A9E2DC-LeaderElection21] INFO  impl.LeaderElection (LogUtils.java:infoOrTrace(136)) - 06c35c3a-0415-431d-ae8b-027bb2658858@group-DB1D75A9E2DC-LeaderElection21 got exception when requesting votes: java.util.concurrent.ExecutionException: org.apache.ratis.thirdparty.io.grpc.StatusRuntimeException: UNAVAILABLE: io exception
2024-04-09 12:09:38,149 [06c35c3a-0415-431d-ae8b-027bb2658858@group-DB1D75A9E2DC-LeaderElection21] INFO  impl.LeaderElection (LeaderElection.java:logAndReturn(89)) - 06c35c3a-0415-431d-ae8b-027bb2658858@group-DB1D75A9E2DC-LeaderElection21: PRE_VOTE REJECTED received 0 response(s) and 2 exception(s):
2024-04-09 12:09:38,149 [06c35c3a-0415-431d-ae8b-027bb2658858@group-DB1D75A9E2DC-LeaderElection21] INFO  impl.LeaderElection (LogUtils.java:infoOrTrace(136)) -   Exception 0: java.util.concurrent.ExecutionException: org.apache.ratis.thirdparty.io.grpc.StatusRuntimeException: UNAVAILABLE: io exception
2024-04-09 12:09:38,149 [06c35c3a-0415-431d-ae8b-027bb2658858@group-DB1D75A9E2DC-LeaderElection21] INFO  impl.LeaderElection (LogUtils.java:infoOrTrace(136)) -   Exception 1: java.util.concurrent.ExecutionException: org.apache.ratis.thirdparty.io.grpc.StatusRuntimeException: UNAVAILABLE: io exception
2024-04-09 12:09:38,149 [06c35c3a-0415-431d-ae8b-027bb2658858@group-DB1D75A9E2DC-LeaderElection21] INFO  impl.LeaderElection (LeaderElection.java:askForVotes(323)) - 06c35c3a-0415-431d-ae8b-027bb2658858@group-DB1D75A9E2DC-LeaderElection21 PRE_VOTE round 0: result REJECTED
2024-04-09 12:09:38,149 [06c35c3a-0415-431d-ae8b-027bb2658858@group-DB1D75A9E2DC-LeaderElection21] INFO  server.RaftServer$Division (RaftServerImpl.java:setRole(383)) - 06c35c3a-0415-431d-ae8b-027bb2658858@group-DB1D75A9E2DC: changes role from CANDIDATE to FOLLOWER at term 1 for REJECTED
2024-04-09 12:09:38,149 [06c35c3a-0415-431d-ae8b-027bb2658858@group-DB1D75A9E2DC-LeaderElection21] INFO  impl.RoleInfo (RoleInfo.java:shutdownLeaderElection(130)) - 06c35c3a-0415-431d-ae8b-027bb2658858: shutdown 06c35c3a-0415-431d-ae8b-027bb2658858@group-DB1D75A9E2DC-LeaderElection21
2024-04-09 12:09:38,149 [06c35c3a-0415-431d-ae8b-027bb2658858@group-DB1D75A9E2DC-LeaderElection21] INFO  impl.RoleInfo (RoleInfo.java:updateAndGet(139)) - 06c35c3a-0415-431d-ae8b-027bb2658858: start 06c35c3a-0415-431d-ae8b-027bb2658858@group-DB1D75A9E2DC-FollowerState
2024-04-09 12:09:38,413 [06c35c3a-0415-431d-ae8b-027bb2658858@group-2C2C502A59F8-FollowerState] INFO  impl.FollowerState (FollowerState.java:lostMajorityHeartbeatsRecently(108)) - 06c35c3a-0415-431d-ae8b-027bb2658858@group-2C2C502A59F8-FollowerState: Skipping leader election since it stepped down recently (elapsed = 5053ms < waitTime = 10s)
2024-04-09 12:09:39,060 [EventQueue-PipelineActionsForPipelineActionHandler] INFO  pipeline.PipelineActionHandler (PipelineActionHandler.java:processPipelineAction(95)) - Received pipeline action CLOSE for PipelineID=b8bf2288-a83f-4302-a707-2c2c502a59f8 from datanode 06c35c3a-0415-431d-ae8b-027bb2658858. Reason : 06c35c3a-0415-431d-ae8b-027bb2658858 has not seen follower/s c0a63e6c-c246-4c4b-b9bd-48fbdf84331c for 300328ms
2024-04-09 12:09:40,060 [EventQueue-PipelineActionsForPipelineActionHandler] INFO  pipeline.PipelineActionHandler (PipelineActionHandler.java:processPipelineAction(95)) - Received pipeline action CLOSE for PipelineID=b8bf2288-a83f-4302-a707-2c2c502a59f8 from datanode 06c35c3a-0415-431d-ae8b-027bb2658858. Reason : 06c35c3a-0415-431d-ae8b-027bb2658858 has not seen follower/s c0a63e6c-c246-4c4b-b9bd-48fbdf84331c for 300328ms
2024-04-09 12:09:40,163 [null-request--thread1] INFO  server.GrpcClientProtocolService (GrpcClientProtocolService.java:lambda$processClientRequest$0(284)) - Failed RaftClientRequest:client-9EA6EB164451->06c35c3a-0415-431d-ae8b-027bb2658858@group-DB1D75A9E2DC, cid=32, seq=null, Watch-ALL_COMMITTED(104), Message:<EMPTY>, reply=RaftClientReply:client-9EA6EB164451->06c35c3a-0415-431d-ae8b-027bb2658858@group-DB1D75A9E2DC, cid=32, FAILED org.apache.ratis.protocol.exceptions.NotLeaderException: Server 06c35c3a-0415-431d-ae8b-027bb2658858@group-DB1D75A9E2DC is not the leader, logIndex=0, commits[06c35c3a-0415-431d-ae8b-027bb2658858:c8, 47f2b6e5-7d1c-4a61-9d74-1b86fd130309:c8, c0a63e6c-c246-4c4b-b9bd-48fbdf84331c:c4]
2024-04-09 12:09:40,170 [main] WARN  scm.XceiverClientRatis (XceiverClientRatis.java:watchForCommit(284)) - 3 way commit failed on pipeline Pipeline[ Id: 8a023e63-f161-45d8-9a3c-db1d75a9e2dc, Nodes: c0a63e6c-c246-4c4b-b9bd-48fbdf84331c(fv-az1531-426.hsxikm2gdrvudnct5jqc1oiugc.ex.internal.cloudapp.net/10.1.0.103)47f2b6e5-7d1c-4a61-9d74-1b86fd130309(fv-az1531-426.hsxikm2gdrvudnct5jqc1oiugc.ex.internal.cloudapp.net/10.1.0.103)06c35c3a-0415-431d-ae8b-027bb2658858(fv-az1531-426.hsxikm2gdrvudnct5jqc1oiugc.ex.internal.cloudapp.net/10.1.0.103), ReplicationConfig: RATIS/THREE, State:OPEN, leaderId:47f2b6e5-7d1c-4a61-9d74-1b86fd130309, CreationTimestamp2024-04-09T12:04:18.422Z[Etc/UTC]]
java.util.concurrent.ExecutionException: org.apache.ratis.protocol.exceptions.RaftRetryFailureException: Failed RaftClientRequest:client-9EA6EB164451->06c35c3a-0415-431d-ae8b-027bb2658858@group-DB1D75A9E2DC, cid=32, seq=null, Watch-ALL_COMMITTED(104), null for 3 attempts with RequestTypeDependentRetryPolicy{WRITE->ExceptionDependentRetry(maxAttempts=2147483647; defaultPolicy=MultipleLinearRandomRetry[5x5s, 5x10s, 5x15s, 5x20s, 5x25s, 10x60s]; map={org.apache.ratis.protocol.exceptions.GroupMismatchException->NoRetry, org.apache.ratis.protocol.exceptions.NotReplicatedException->NoRetry, org.apache.ratis.protocol.exceptions.ResourceUnavailableException->org.apache.ratis.retry.ExponentialBackoffRetry@335b6caa, org.apache.ratis.protocol.exceptions.StateMachineException->NoRetry, org.apache.ratis.protocol.exceptions.TimeoutIOException->org.apache.ratis.retry.ExponentialBackoffRetry@335b6caa}), WATCH->ExceptionDependentRetry(maxAttempts=2147483647; defaultPolicy=MultipleLinearRandomRetry[5x5s, 5x10s, 5x15s, 5x20s, 5x25s, 10x60s]; map={org.apache.ratis.protocol.exceptions.GroupMismatchException->NoRetry, org.apache.ratis.protocol.exceptions.NotReplicatedException->NoRetry, org.apache.ratis.protocol.exceptions.ResourceUnavailableException->org.apache.ratis.retry.ExponentialBackoffRetry@335b6caa, org.apache.ratis.protocol.exceptions.StateMachineException->NoRetry, org.apache.ratis.protocol.exceptions.TimeoutIOException->NoRetry})}
	at java.util.concurrent.CompletableFuture.reportGet(CompletableFuture.java:357)
	at java.util.concurrent.CompletableFuture.get(CompletableFuture.java:1908)
	at org.apache.hadoop.hdds.scm.XceiverClientRatis.watchForCommit(XceiverClientRatis.java:279)
	at org.apache.hadoop.hdds.scm.storage.AbstractCommitWatcher.watchForCommit(AbstractCommitWatcher.java:142)
	at org.apache.hadoop.hdds.scm.storage.TestCommitWatcher.lambda$testReleaseBuffersOnException$2(TestCommitWatcher.java:311)
	at org.junit.jupiter.api.AssertThrows.assertThrows(AssertThrows.java:53)
	at org.junit.jupiter.api.AssertThrows.assertThrows(AssertThrows.java:35)
	at org.junit.jupiter.api.Assertions.assertThrows(Assertions.java:3115)
	at org.apache.hadoop.hdds.scm.storage.TestCommitWatcher.testReleaseBuffersOnException(TestCommitWatcher.java:311)
	at sun.reflect.NativeMethodAccessorImpl.invoke0(Native Method)
	at sun.reflect.NativeMethodAccessorImpl.invoke(NativeMethodAccessorImpl.java:62)
	at sun.reflect.DelegatingMethodAccessorImpl.invoke(DelegatingMethodAccessorImpl.java:43)
	at java.lang.reflect.Method.invoke(Method.java:498)
	at org.junit.platform.commons.util.ReflectionUtils.invokeMethod(ReflectionUtils.java:728)
	at org.junit.jupiter.engine.execution.MethodInvocation.proceed(MethodInvocation.java:60)
	at org.junit.jupiter.engine.execution.InvocationInterceptorChain$ValidatingInvocation.proceed(InvocationInterceptorChain.java:131)
	at org.junit.jupiter.engine.extension.SameThreadTimeoutInvocation.proceed(SameThreadTimeoutInvocation.java:45)
	at org.junit.jupiter.engine.extension.TimeoutExtension.intercept(TimeoutExtension.java:156)
	at org.junit.jupiter.engine.extension.TimeoutExtension.interceptTestableMethod(TimeoutExtension.java:147)
	at org.junit.jupiter.engine.extension.TimeoutExtension.interceptTestMethod(TimeoutExtension.java:86)
	at org.junit.jupiter.engine.execution.InterceptingExecutableInvoker$ReflectiveInterceptorCall.lambda$ofVoidMethod$0(InterceptingExecutableInvoker.java:103)
	at org.junit.jupiter.engine.execution.InterceptingExecutableInvoker.lambda$invoke$0(InterceptingExecutableInvoker.java:93)
	at org.junit.jupiter.engine.execution.InvocationInterceptorChain$InterceptedInvocation.proceed(InvocationInterceptorChain.java:106)
	at org.junit.jupiter.engine.execution.InvocationInterceptorChain.proceed(InvocationInterceptorChain.java:64)
	at org.junit.jupiter.engine.execution.InvocationInterceptorChain.chainAndInvoke(InvocationInterceptorChain.java:45)
	at org.junit.jupiter.engine.execution.InvocationInterceptorChain.invoke(InvocationInterceptorChain.java:37)
	at org.junit.jupiter.engine.execution.InterceptingExecutableInvoker.invoke(InterceptingExecutableInvoker.java:92)
	at org.junit.jupiter.engine.execution.InterceptingExecutableInvoker.invoke(InterceptingExecutableInvoker.java:86)
	at org.junit.jupiter.engine.descriptor.TestMethodTestDescriptor.lambda$invokeTestMethod$7(TestMethodTestDescriptor.java:218)
	at org.junit.platform.engine.support.hierarchical.ThrowableCollector.execute(ThrowableCollector.java:73)
	at org.junit.jupiter.engine.descriptor.TestMethodTestDescriptor.invokeTestMethod(TestMethodTestDescriptor.java:214)
	at org.junit.jupiter.engine.descriptor.TestMethodTestDescriptor.execute(TestMethodTestDescriptor.java:139)
	at org.junit.jupiter.engine.descriptor.TestMethodTestDescriptor.execute(TestMethodTestDescriptor.java:69)
	at org.junit.platform.engine.support.hierarchical.NodeTestTask.lambda$executeRecursively$6(NodeTestTask.java:151)
	at org.junit.platform.engine.support.hierarchical.ThrowableCollector.execute(ThrowableCollector.java:73)
	at org.junit.platform.engine.support.hierarchical.NodeTestTask.lambda$executeRecursively$8(NodeTestTask.java:141)
	at org.junit.platform.engine.support.hierarchical.Node.around(Node.java:137)
	at org.junit.platform.engine.support.hierarchical.NodeTestTask.lambda$executeRecursively$9(NodeTestTask.java:139)
	at org.junit.platform.engine.support.hierarchical.ThrowableCollector.execute(ThrowableCollector.java:73)
	at org.junit.platform.engine.support.hierarchical.NodeTestTask.executeRecursively(NodeTestTask.java:138)
	at org.junit.platform.engine.support.hierarchical.NodeTestTask.execute(NodeTestTask.java:95)
	at java.util.ArrayList.forEach(ArrayList.java:1259)
	at org.junit.platform.engine.support.hierarchical.SameThreadHierarchicalTestExecutorService.invokeAll(SameThreadHierarchicalTestExecutorService.java:41)
	at org.junit.platform.engine.support.hierarchical.NodeTestTask.lambda$executeRecursively$6(NodeTestTask.java:155)
	at org.junit.platform.engine.support.hierarchical.ThrowableCollector.execute(ThrowableCollector.java:73)
	at org.junit.platform.engine.support.hierarchical.NodeTestTask.lambda$executeRecursively$8(NodeTestTask.java:141)
	at org.junit.platform.engine.support.hierarchical.Node.around(Node.java:137)
	at org.junit.platform.engine.support.hierarchical.NodeTestTask.lambda$executeRecursively$9(NodeTestTask.java:139)
	at org.junit.platform.engine.support.hierarchical.ThrowableCollector.execute(ThrowableCollector.java:73)
	at org.junit.platform.engine.support.hierarchical.NodeTestTask.executeRecursively(NodeTestTask.java:138)
	at org.junit.platform.engine.support.hierarchical.NodeTestTask.execute(NodeTestTask.java:95)
	at java.util.ArrayList.forEach(ArrayList.java:1259)
	at org.junit.platform.engine.support.hierarchical.SameThreadHierarchicalTestExecutorService.invokeAll(SameThreadHierarchicalTestExecutorService.java:41)
	at org.junit.platform.engine.support.hierarchical.NodeTestTask.lambda$executeRecursively$6(NodeTestTask.java:155)
	at org.junit.platform.engine.support.hierarchical.ThrowableCollector.execute(ThrowableCollector.java:73)
	at org.junit.platform.engine.support.hierarchical.NodeTestTask.lambda$executeRecursively$8(NodeTestTask.java:141)
	at org.junit.platform.engine.support.hierarchical.Node.around(Node.java:137)
	at org.junit.platform.engine.support.hierarchical.NodeTestTask.lambda$executeRecursively$9(NodeTestTask.java:139)
	at org.junit.platform.engine.support.hierarchical.ThrowableCollector.execute(ThrowableCollector.java:73)
	at org.junit.platform.engine.support.hierarchical.NodeTestTask.executeRecursively(NodeTestTask.java:138)
	at org.junit.platform.engine.support.hierarchical.NodeTestTask.execute(NodeTestTask.java:95)
	at org.junit.platform.engine.support.hierarchical.SameThreadHierarchicalTestExecutorService.submit(SameThreadHierarchicalTestExecutorService.java:35)
	at org.junit.platform.engine.support.hierarchical.HierarchicalTestExecutor.execute(HierarchicalTestExecutor.java:57)
	at org.junit.platform.engine.support.hierarchical.HierarchicalTestEngine.execute(HierarchicalTestEngine.java:54)
	at org.junit.platform.launcher.core.EngineExecutionOrchestrator.execute(EngineExecutionOrchestrator.java:198)
	at org.junit.platform.launcher.core.EngineExecutionOrchestrator.execute(EngineExecutionOrchestrator.java:169)
	at org.junit.platform.launcher.core.EngineExecutionOrchestrator.execute(EngineExecutionOrchestrator.java:93)
	at org.junit.platform.launcher.core.EngineExecutionOrchestrator.lambda$execute$0(EngineExecutionOrchestrator.java:58)
	at org.junit.platform.launcher.core.EngineExecutionOrchestrator.withInterceptedStreams(EngineExecutionOrchestrator.java:141)
	at org.junit.platform.launcher.core.EngineExecutionOrchestrator.execute(EngineExecutionOrchestrator.java:57)
	at org.junit.platform.launcher.core.DefaultLauncher.execute(DefaultLauncher.java:103)
	at org.junit.platform.launcher.core.DefaultLauncher.execute(DefaultLauncher.java:85)
	at org.junit.platform.launcher.core.DelegatingLauncher.execute(DelegatingLauncher.java:47)
	at org.junit.platform.launcher.core.SessionPerRequestLauncher.execute(SessionPerRequestLauncher.java:63)
	at org.apache.maven.surefire.junitplatform.JUnitPlatformProvider.invokeAllTests(JUnitPlatformProvider.java:154)
	at org.apache.maven.surefire.junitplatform.JUnitPlatformProvider.invoke(JUnitPlatformProvider.java:123)
	at org.apache.maven.surefire.booter.ForkedBooter.runSuitesInProcess(ForkedBooter.java:377)
	at org.apache.maven.surefire.booter.ForkedBooter.execute(ForkedBooter.java:138)
	at org.apache.maven.surefire.booter.ForkedBooter.run(ForkedBooter.java:465)
	at org.apache.maven.surefire.booter.ForkedBooter.main(ForkedBooter.java:451)
Caused by: org.apache.ratis.protocol.exceptions.RaftRetryFailureException: Failed RaftClientRequest:client-9EA6EB164451->06c35c3a-0415-431d-ae8b-027bb2658858@group-DB1D75A9E2DC, cid=32, seq=null, Watch-ALL_COMMITTED(104), null for 3 attempts with RequestTypeDependentRetryPolicy{WRITE->ExceptionDependentRetry(maxAttempts=2147483647; defaultPolicy=MultipleLinearRandomRetry[5x5s, 5x10s, 5x15s, 5x20s, 5x25s, 10x60s]; map={org.apache.ratis.protocol.exceptions.GroupMismatchException->NoRetry, org.apache.ratis.protocol.exceptions.NotReplicatedException->NoRetry, org.apache.ratis.protocol.exceptions.ResourceUnavailableException->org.apache.ratis.retry.ExponentialBackoffRetry@335b6caa, org.apache.ratis.protocol.exceptions.StateMachineException->NoRetry, org.apache.ratis.protocol.exceptions.TimeoutIOException->org.apache.ratis.retry.ExponentialBackoffRetry@335b6caa}), WATCH->ExceptionDependentRetry(maxAttempts=2147483647; defaultPolicy=MultipleLinearRandomRetry[5x5s, 5x10s, 5x15s, 5x20s, 5x25s, 10x60s]; map={org.apache.ratis.protocol.exceptions.GroupMismatchException->NoRetry, org.apache.ratis.protocol.exceptions.NotReplicatedException->NoRetry, org.apache.ratis.protocol.exceptions.ResourceUnavailableException->org.apache.ratis.retry.ExponentialBackoffRetry@335b6caa, org.apache.ratis.protocol.exceptions.StateMachineException->NoRetry, org.apache.ratis.protocol.exceptions.TimeoutIOException->NoRetry})}
	at org.apache.ratis.client.impl.RaftClientImpl.noMoreRetries(RaftClientImpl.java:353)
	at org.apache.ratis.client.impl.UnorderedAsync.lambda$sendRequestWithRetry$4(UnorderedAsync.java:98)
	at java.util.concurrent.CompletableFuture.uniWhenComplete(CompletableFuture.java:774)
	at java.util.concurrent.CompletableFuture$UniWhenComplete.tryFire(CompletableFuture.java:750)
	at java.util.concurrent.CompletableFuture$Completion.exec(CompletableFuture.java:457)
	at java.util.concurrent.ForkJoinTask.doExec(ForkJoinTask.java:289)
	at java.util.concurrent.ForkJoinPool$WorkQueue.runTask(ForkJoinPool.java:1056)
	at java.util.concurrent.ForkJoinPool.runWorker(ForkJoinPool.java:1692)
	at java.util.concurrent.ForkJoinWorkerThread.run(ForkJoinWorkerThread.java:175)
Caused by: org.apache.ratis.protocol.exceptions.NotLeaderException: Server 06c35c3a-0415-431d-ae8b-027bb2658858@group-DB1D75A9E2DC is not the leader
	at org.apache.ratis.client.impl.ClientProtoUtils.toRaftClientReply(ClientProtoUtils.java:397)
	at org.apache.ratis.grpc.client.GrpcClientProtocolClient$AsyncStreamObservers$1.onNext(GrpcClientProtocolClient.java:310)
	at org.apache.ratis.grpc.client.GrpcClientProtocolClient$AsyncStreamObservers$1.onNext(GrpcClientProtocolClient.java:305)
	at org.apache.ratis.thirdparty.io.grpc.stub.ClientCalls$StreamObserverToCallListenerAdapter.onMessage(ClientCalls.java:468)
	at org.apache.ratis.thirdparty.io.grpc.ForwardingClientCallListener.onMessage(ForwardingClientCallListener.java:33)
	at org.apache.ratis.thirdparty.io.grpc.internal.DelayedClientCall$DelayedListener.onMessage(DelayedClientCall.java:473)
	at org.apache.ratis.thirdparty.io.grpc.internal.ClientCallImpl$ClientStreamListenerImpl$1MessagesAvailable.runInternal(ClientCallImpl.java:660)
	at org.apache.ratis.thirdparty.io.grpc.internal.ClientCallImpl$ClientStreamListenerImpl$1MessagesAvailable.runInContext(ClientCallImpl.java:647)
	at org.apache.ratis.thirdparty.io.grpc.internal.ContextRunnable.run(ContextRunnable.java:37)
	at org.apache.ratis.thirdparty.io.grpc.internal.SerializingExecutor.run(SerializingExecutor.java:133)
	at java.util.concurrent.ThreadPoolExecutor.runWorker(ThreadPoolExecutor.java:1149)
	at java.util.concurrent.ThreadPoolExecutor$Worker.run(ThreadPoolExecutor.java:624)
	at java.lang.Thread.run(Thread.java:750)
2024-04-09 12:09:41,060 [EventQueue-PipelineActionsForPipelineActionHandler] INFO  pipeline.PipelineActionHandler (PipelineActionHandler.java:processPipelineAction(95)) - Received pipeline action CLOSE for PipelineID=b8bf2288-a83f-4302-a707-2c2c502a59f8 from datanode 06c35c3a-0415-431d-ae8b-027bb2658858. Reason : 06c35c3a-0415-431d-ae8b-027bb2658858 has not seen follower/s c0a63e6c-c246-4c4b-b9bd-48fbdf84331c for 300328ms
2024-04-09 12:09:42,060 [EventQueue-PipelineActionsForPipelineActionHandler] INFO  pipeline.PipelineActionHandler (PipelineActionHandler.java:processPipelineAction(95)) - Received pipeline action CLOSE for PipelineID=b8bf2288-a83f-4302-a707-2c2c502a59f8 from datanode 06c35c3a-0415-431d-ae8b-027bb2658858. Reason : 06c35c3a-0415-431d-ae8b-027bb2658858 has not seen follower/s c0a63e6c-c246-4c4b-b9bd-48fbdf84331c for 300328ms
2024-04-09 12:09:43,060 [EventQueue-PipelineActionsForPipelineActionHandler] INFO  pipeline.PipelineActionHandler (PipelineActionHandler.java:processPipelineAction(95)) - Received pipeline action CLOSE for PipelineID=b8bf2288-a83f-4302-a707-2c2c502a59f8 from datanode 06c35c3a-0415-431d-ae8b-027bb2658858. Reason : 06c35c3a-0415-431d-ae8b-027bb2658858 has not seen follower/s c0a63e6c-c246-4c4b-b9bd-48fbdf84331c for 300328ms
2024-04-09 12:09:43,186 [06c35c3a-0415-431d-ae8b-027bb2658858@group-DB1D75A9E2DC-FollowerState] INFO  impl.FollowerState (FollowerState.java:run(143)) - 06c35c3a-0415-431d-ae8b-027bb2658858@group-DB1D75A9E2DC-FollowerState: change to CANDIDATE, lastRpcElapsedTime:5037250480ns, electionTimeout:5037ms
2024-04-09 12:09:43,187 [06c35c3a-0415-431d-ae8b-027bb2658858@group-DB1D75A9E2DC-FollowerState] INFO  impl.RoleInfo (RoleInfo.java:shutdownFollowerState(110)) - 06c35c3a-0415-431d-ae8b-027bb2658858: shutdown 06c35c3a-0415-431d-ae8b-027bb2658858@group-DB1D75A9E2DC-FollowerState
2024-04-09 12:09:43,187 [06c35c3a-0415-431d-ae8b-027bb2658858@group-DB1D75A9E2DC-FollowerState] INFO  server.RaftServer$Division (RaftServerImpl.java:setRole(383)) - 06c35c3a-0415-431d-ae8b-027bb2658858@group-DB1D75A9E2DC: changes role from  FOLLOWER to CANDIDATE at term 1 for changeToCandidate
2024-04-09 12:09:43,187 [06c35c3a-0415-431d-ae8b-027bb2658858@group-DB1D75A9E2DC-FollowerState] INFO  server.RaftServerConfigKeys (ConfUtils.java:logGet(46)) - raft.server.leaderelection.pre-vote = true (default)
2024-04-09 12:09:43,187 [06c35c3a-0415-431d-ae8b-027bb2658858@group-DB1D75A9E2DC-FollowerState] INFO  impl.RoleInfo (RoleInfo.java:updateAndGet(139)) - 06c35c3a-0415-431d-ae8b-027bb2658858: start 06c35c3a-0415-431d-ae8b-027bb2658858@group-DB1D75A9E2DC-LeaderElection22
2024-04-09 12:09:43,187 [06c35c3a-0415-431d-ae8b-027bb2658858@group-DB1D75A9E2DC-LeaderElection22] INFO  impl.LeaderElection (LeaderElection.java:askForVotes(321)) - 06c35c3a-0415-431d-ae8b-027bb2658858@group-DB1D75A9E2DC-LeaderElection22 PRE_VOTE round 0: submit vote requests at term 1 for 0: peers:[47f2b6e5-7d1c-4a61-9d74-1b86fd130309|10.1.0.103:15067, 06c35c3a-0415-431d-ae8b-027bb2658858|10.1.0.103:15076, c0a63e6c-c246-4c4b-b9bd-48fbdf84331c|10.1.0.103:15085]|listeners:[], old=null
2024-04-09 12:09:43,188 [06c35c3a-0415-431d-ae8b-027bb2658858@group-DB1D75A9E2DC-LeaderElection22] INFO  impl.LeaderElection (LogUtils.java:infoOrTrace(136)) - 06c35c3a-0415-431d-ae8b-027bb2658858@group-DB1D75A9E2DC-LeaderElection22 got exception when requesting votes: java.util.concurrent.ExecutionException: org.apache.ratis.thirdparty.io.grpc.StatusRuntimeException: UNAVAILABLE: io exception
2024-04-09 12:09:43,188 [06c35c3a-0415-431d-ae8b-027bb2658858@group-DB1D75A9E2DC-LeaderElection22] INFO  impl.LeaderElection (LogUtils.java:infoOrTrace(136)) - 06c35c3a-0415-431d-ae8b-027bb2658858@group-DB1D75A9E2DC-LeaderElection22 got exception when requesting votes: java.util.concurrent.ExecutionException: org.apache.ratis.thirdparty.io.grpc.StatusRuntimeException: UNAVAILABLE: io exception
2024-04-09 12:09:43,188 [06c35c3a-0415-431d-ae8b-027bb2658858@group-DB1D75A9E2DC-LeaderElection22] INFO  impl.LeaderElection (LeaderElection.java:logAndReturn(89)) - 06c35c3a-0415-431d-ae8b-027bb2658858@group-DB1D75A9E2DC-LeaderElection22: PRE_VOTE REJECTED received 0 response(s) and 2 exception(s):
2024-04-09 12:09:43,188 [06c35c3a-0415-431d-ae8b-027bb2658858@group-DB1D75A9E2DC-LeaderElection22] INFO  impl.LeaderElection (LogUtils.java:infoOrTrace(136)) -   Exception 0: java.util.concurrent.ExecutionException: org.apache.ratis.thirdparty.io.grpc.StatusRuntimeException: UNAVAILABLE: io exception
2024-04-09 12:09:43,188 [06c35c3a-0415-431d-ae8b-027bb2658858@group-DB1D75A9E2DC-LeaderElection22] INFO  impl.LeaderElection (LogUtils.java:infoOrTrace(136)) -   Exception 1: java.util.concurrent.ExecutionException: org.apache.ratis.thirdparty.io.grpc.StatusRuntimeException: UNAVAILABLE: io exception
2024-04-09 12:09:43,188 [06c35c3a-0415-431d-ae8b-027bb2658858@group-DB1D75A9E2DC-LeaderElection22] INFO  impl.LeaderElection (LeaderElection.java:askForVotes(323)) - 06c35c3a-0415-431d-ae8b-027bb2658858@group-DB1D75A9E2DC-LeaderElection22 PRE_VOTE round 0: result REJECTED
2024-04-09 12:09:43,188 [06c35c3a-0415-431d-ae8b-027bb2658858@group-DB1D75A9E2DC-LeaderElection22] INFO  server.RaftServer$Division (RaftServerImpl.java:setRole(383)) - 06c35c3a-0415-431d-ae8b-027bb2658858@group-DB1D75A9E2DC: changes role from CANDIDATE to FOLLOWER at term 1 for REJECTED
2024-04-09 12:09:43,188 [06c35c3a-0415-431d-ae8b-027bb2658858@group-DB1D75A9E2DC-LeaderElection22] INFO  impl.RoleInfo (RoleInfo.java:shutdownLeaderElection(130)) - 06c35c3a-0415-431d-ae8b-027bb2658858: shutdown 06c35c3a-0415-431d-ae8b-027bb2658858@group-DB1D75A9E2DC-LeaderElection22
2024-04-09 12:09:43,188 [06c35c3a-0415-431d-ae8b-027bb2658858@group-DB1D75A9E2DC-LeaderElection22] INFO  impl.RoleInfo (RoleInfo.java:updateAndGet(139)) - 06c35c3a-0415-431d-ae8b-027bb2658858: start 06c35c3a-0415-431d-ae8b-027bb2658858@group-DB1D75A9E2DC-FollowerState
2024-04-09 12:09:43,557 [06c35c3a-0415-431d-ae8b-027bb2658858@group-2C2C502A59F8-FollowerState] INFO  impl.FollowerState (FollowerState.java:run(143)) - 06c35c3a-0415-431d-ae8b-027bb2658858@group-2C2C502A59F8-FollowerState: change to CANDIDATE, lastRpcElapsedTime:10197684610ns, electionTimeout:5144ms
2024-04-09 12:09:43,557 [06c35c3a-0415-431d-ae8b-027bb2658858@group-2C2C502A59F8-FollowerState] INFO  impl.RoleInfo (RoleInfo.java:shutdownFollowerState(110)) - 06c35c3a-0415-431d-ae8b-027bb2658858: shutdown 06c35c3a-0415-431d-ae8b-027bb2658858@group-2C2C502A59F8-FollowerState
2024-04-09 12:09:43,557 [06c35c3a-0415-431d-ae8b-027bb2658858@group-2C2C502A59F8-FollowerState] INFO  server.RaftServer$Division (RaftServerImpl.java:setRole(383)) - 06c35c3a-0415-431d-ae8b-027bb2658858@group-2C2C502A59F8: changes role from  FOLLOWER to CANDIDATE at term 2 for changeToCandidate
2024-04-09 12:09:43,557 [06c35c3a-0415-431d-ae8b-027bb2658858@group-2C2C502A59F8-FollowerState] INFO  server.RaftServerConfigKeys (ConfUtils.java:logGet(46)) - raft.server.leaderelection.pre-vote = true (default)
2024-04-09 12:09:43,558 [06c35c3a-0415-431d-ae8b-027bb2658858@group-2C2C502A59F8-FollowerState] INFO  impl.RoleInfo (RoleInfo.java:updateAndGet(139)) - 06c35c3a-0415-431d-ae8b-027bb2658858: start 06c35c3a-0415-431d-ae8b-027bb2658858@group-2C2C502A59F8-LeaderElection23
2024-04-09 12:09:43,559 [06c35c3a-0415-431d-ae8b-027bb2658858@group-2C2C502A59F8-LeaderElection23] INFO  impl.LeaderElection (LeaderElection.java:askForVotes(321)) - 06c35c3a-0415-431d-ae8b-027bb2658858@group-2C2C502A59F8-LeaderElection23 PRE_VOTE round 0: submit vote requests at term 2 for 0: peers:[47f2b6e5-7d1c-4a61-9d74-1b86fd130309|10.1.0.103:15067, 06c35c3a-0415-431d-ae8b-027bb2658858|10.1.0.103:15076, c0a63e6c-c246-4c4b-b9bd-48fbdf84331c|10.1.0.103:15085]|listeners:[], old=null
2024-04-09 12:09:43,559 [06c35c3a-0415-431d-ae8b-027bb2658858@group-2C2C502A59F8-LeaderElection23] INFO  impl.LeaderElection (LogUtils.java:infoOrTrace(136)) - 06c35c3a-0415-431d-ae8b-027bb2658858@group-2C2C502A59F8-LeaderElection23 got exception when requesting votes: java.util.concurrent.ExecutionException: org.apache.ratis.thirdparty.io.grpc.StatusRuntimeException: UNAVAILABLE: io exception
2024-04-09 12:09:43,559 [06c35c3a-0415-431d-ae8b-027bb2658858@group-2C2C502A59F8-LeaderElection23] INFO  impl.LeaderElection (LogUtils.java:infoOrTrace(136)) - 06c35c3a-0415-431d-ae8b-027bb2658858@group-2C2C502A59F8-LeaderElection23 got exception when requesting votes: java.util.concurrent.ExecutionException: org.apache.ratis.thirdparty.io.grpc.StatusRuntimeException: UNAVAILABLE: io exception
2024-04-09 12:09:43,560 [06c35c3a-0415-431d-ae8b-027bb2658858@group-2C2C502A59F8-LeaderElection23] INFO  impl.LeaderElection (LeaderElection.java:logAndReturn(89)) - 06c35c3a-0415-431d-ae8b-027bb2658858@group-2C2C502A59F8-LeaderElection23: PRE_VOTE REJECTED received 0 response(s) and 2 exception(s):
2024-04-09 12:09:43,560 [06c35c3a-0415-431d-ae8b-027bb2658858@group-2C2C502A59F8-LeaderElection23] INFO  impl.LeaderElection (LogUtils.java:infoOrTrace(136)) -   Exception 0: java.util.concurrent.ExecutionException: org.apache.ratis.thirdparty.io.grpc.StatusRuntimeException: UNAVAILABLE: io exception
2024-04-09 12:09:43,560 [06c35c3a-0415-431d-ae8b-027bb2658858@group-2C2C502A59F8-LeaderElection23] INFO  impl.LeaderElection (LogUtils.java:infoOrTrace(136)) -   Exception 1: java.util.concurrent.ExecutionException: org.apache.ratis.thirdparty.io.grpc.StatusRuntimeException: UNAVAILABLE: io exception
2024-04-09 12:09:43,560 [06c35c3a-0415-431d-ae8b-027bb2658858@group-2C2C502A59F8-LeaderElection23] INFO  impl.LeaderElection (LeaderElection.java:askForVotes(323)) - 06c35c3a-0415-431d-ae8b-027bb2658858@group-2C2C502A59F8-LeaderElection23 PRE_VOTE round 0: result REJECTED
2024-04-09 12:09:43,561 [06c35c3a-0415-431d-ae8b-027bb2658858@group-2C2C502A59F8-LeaderElection23] INFO  server.RaftServer$Division (RaftServerImpl.java:setRole(383)) - 06c35c3a-0415-431d-ae8b-027bb2658858@group-2C2C502A59F8: changes role from CANDIDATE to FOLLOWER at term 2 for REJECTED
2024-04-09 12:09:43,561 [06c35c3a-0415-431d-ae8b-027bb2658858@group-2C2C502A59F8-LeaderElection23] INFO  impl.RoleInfo (RoleInfo.java:shutdownLeaderElection(130)) - 06c35c3a-0415-431d-ae8b-027bb2658858: shutdown 06c35c3a-0415-431d-ae8b-027bb2658858@group-2C2C502A59F8-LeaderElection23
2024-04-09 12:09:43,561 [06c35c3a-0415-431d-ae8b-027bb2658858@group-2C2C502A59F8-LeaderElection23] INFO  impl.RoleInfo (RoleInfo.java:updateAndGet(139)) - 06c35c3a-0415-431d-ae8b-027bb2658858: start 06c35c3a-0415-431d-ae8b-027bb2658858@group-2C2C502A59F8-FollowerState
2024-04-09 12:09:44,060 [EventQueue-PipelineActionsForPipelineActionHandler] INFO  pipeline.PipelineActionHandler (PipelineActionHandler.java:processPipelineAction(95)) - Received pipeline action CLOSE for PipelineID=b8bf2288-a83f-4302-a707-2c2c502a59f8 from datanode 06c35c3a-0415-431d-ae8b-027bb2658858. Reason : 06c35c3a-0415-431d-ae8b-027bb2658858 has not seen follower/s c0a63e6c-c246-4c4b-b9bd-48fbdf84331c for 300328ms
2024-04-09 12:09:45,059 [EventQueue-PipelineActionsForPipelineActionHandler] INFO  pipeline.PipelineActionHandler (PipelineActionHandler.java:processPipelineAction(95)) - Received pipeline action CLOSE for PipelineID=b8bf2288-a83f-4302-a707-2c2c502a59f8 from datanode 06c35c3a-0415-431d-ae8b-027bb2658858. Reason : 06c35c3a-0415-431d-ae8b-027bb2658858 has not seen follower/s c0a63e6c-c246-4c4b-b9bd-48fbdf84331c for 300328ms
2024-04-09 12:09:46,059 [EventQueue-PipelineActionsForPipelineActionHandler] INFO  pipeline.PipelineActionHandler (PipelineActionHandler.java:processPipelineAction(95)) - Received pipeline action CLOSE for PipelineID=b8bf2288-a83f-4302-a707-2c2c502a59f8 from datanode 06c35c3a-0415-431d-ae8b-027bb2658858. Reason : 06c35c3a-0415-431d-ae8b-027bb2658858 has not seen follower/s c0a63e6c-c246-4c4b-b9bd-48fbdf84331c for 300328ms
2024-04-09 12:09:47,059 [EventQueue-PipelineActionsForPipelineActionHandler] INFO  pipeline.PipelineActionHandler (PipelineActionHandler.java:processPipelineAction(95)) - Received pipeline action CLOSE for PipelineID=b8bf2288-a83f-4302-a707-2c2c502a59f8 from datanode 06c35c3a-0415-431d-ae8b-027bb2658858. Reason : 06c35c3a-0415-431d-ae8b-027bb2658858 has not seen follower/s c0a63e6c-c246-4c4b-b9bd-48fbdf84331c for 300328ms
2024-04-09 12:09:48,059 [EventQueue-PipelineActionsForPipelineActionHandler] INFO  pipeline.PipelineActionHandler (PipelineActionHandler.java:processPipelineAction(95)) - Received pipeline action CLOSE for PipelineID=b8bf2288-a83f-4302-a707-2c2c502a59f8 from datanode 06c35c3a-0415-431d-ae8b-027bb2658858. Reason : 06c35c3a-0415-431d-ae8b-027bb2658858 has not seen follower/s c0a63e6c-c246-4c4b-b9bd-48fbdf84331c for 300328ms
2024-04-09 12:09:48,364 [06c35c3a-0415-431d-ae8b-027bb2658858@group-DB1D75A9E2DC-FollowerState] INFO  impl.FollowerState (FollowerState.java:run(143)) - 06c35c3a-0415-431d-ae8b-027bb2658858@group-DB1D75A9E2DC-FollowerState: change to CANDIDATE, lastRpcElapsedTime:5175231445ns, electionTimeout:5175ms
2024-04-09 12:09:48,364 [06c35c3a-0415-431d-ae8b-027bb2658858@group-DB1D75A9E2DC-FollowerState] INFO  impl.RoleInfo (RoleInfo.java:shutdownFollowerState(110)) - 06c35c3a-0415-431d-ae8b-027bb2658858: shutdown 06c35c3a-0415-431d-ae8b-027bb2658858@group-DB1D75A9E2DC-FollowerState
2024-04-09 12:09:48,364 [06c35c3a-0415-431d-ae8b-027bb2658858@group-DB1D75A9E2DC-FollowerState] INFO  server.RaftServer$Division (RaftServerImpl.java:setRole(383)) - 06c35c3a-0415-431d-ae8b-027bb2658858@group-DB1D75A9E2DC: changes role from  FOLLOWER to CANDIDATE at term 1 for changeToCandidate
2024-04-09 12:09:48,364 [06c35c3a-0415-431d-ae8b-027bb2658858@group-DB1D75A9E2DC-FollowerState] INFO  server.RaftServerConfigKeys (ConfUtils.java:logGet(46)) - raft.server.leaderelection.pre-vote = true (default)
2024-04-09 12:09:48,364 [06c35c3a-0415-431d-ae8b-027bb2658858@group-DB1D75A9E2DC-FollowerState] INFO  impl.RoleInfo (RoleInfo.java:updateAndGet(139)) - 06c35c3a-0415-431d-ae8b-027bb2658858: start 06c35c3a-0415-431d-ae8b-027bb2658858@group-DB1D75A9E2DC-LeaderElection24
2024-04-09 12:09:48,365 [06c35c3a-0415-431d-ae8b-027bb2658858@group-DB1D75A9E2DC-LeaderElection24] INFO  impl.LeaderElection (LeaderElection.java:askForVotes(321)) - 06c35c3a-0415-431d-ae8b-027bb2658858@group-DB1D75A9E2DC-LeaderElection24 PRE_VOTE round 0: submit vote requests at term 1 for 0: peers:[47f2b6e5-7d1c-4a61-9d74-1b86fd130309|10.1.0.103:15067, 06c35c3a-0415-431d-ae8b-027bb2658858|10.1.0.103:15076, c0a63e6c-c246-4c4b-b9bd-48fbdf84331c|10.1.0.103:15085]|listeners:[], old=null
2024-04-09 12:09:48,366 [06c35c3a-0415-431d-ae8b-027bb2658858@group-DB1D75A9E2DC-LeaderElection24] INFO  impl.LeaderElection (LogUtils.java:infoOrTrace(136)) - 06c35c3a-0415-431d-ae8b-027bb2658858@group-DB1D75A9E2DC-LeaderElection24 got exception when requesting votes: java.util.concurrent.ExecutionException: org.apache.ratis.thirdparty.io.grpc.StatusRuntimeException: UNAVAILABLE: io exception
2024-04-09 12:09:48,366 [06c35c3a-0415-431d-ae8b-027bb2658858@group-DB1D75A9E2DC-LeaderElection24] INFO  impl.LeaderElection (LogUtils.java:infoOrTrace(136)) - 06c35c3a-0415-431d-ae8b-027bb2658858@group-DB1D75A9E2DC-LeaderElection24 got exception when requesting votes: java.util.concurrent.ExecutionException: org.apache.ratis.thirdparty.io.grpc.StatusRuntimeException: UNAVAILABLE: io exception
2024-04-09 12:09:48,366 [06c35c3a-0415-431d-ae8b-027bb2658858@group-DB1D75A9E2DC-LeaderElection24] INFO  impl.LeaderElection (LeaderElection.java:logAndReturn(89)) - 06c35c3a-0415-431d-ae8b-027bb2658858@group-DB1D75A9E2DC-LeaderElection24: PRE_VOTE REJECTED received 0 response(s) and 2 exception(s):
2024-04-09 12:09:48,366 [06c35c3a-0415-431d-ae8b-027bb2658858@group-DB1D75A9E2DC-LeaderElection24] INFO  impl.LeaderElection (LogUtils.java:infoOrTrace(136)) -   Exception 0: java.util.concurrent.ExecutionException: org.apache.ratis.thirdparty.io.grpc.StatusRuntimeException: UNAVAILABLE: io exception
2024-04-09 12:09:48,366 [06c35c3a-0415-431d-ae8b-027bb2658858@group-DB1D75A9E2DC-LeaderElection24] INFO  impl.LeaderElection (LogUtils.java:infoOrTrace(136)) -   Exception 1: java.util.concurrent.ExecutionException: org.apache.ratis.thirdparty.io.grpc.StatusRuntimeException: UNAVAILABLE: io exception
2024-04-09 12:09:48,366 [06c35c3a-0415-431d-ae8b-027bb2658858@group-DB1D75A9E2DC-LeaderElection24] INFO  impl.LeaderElection (LeaderElection.java:askForVotes(323)) - 06c35c3a-0415-431d-ae8b-027bb2658858@group-DB1D75A9E2DC-LeaderElection24 PRE_VOTE round 0: result REJECTED
2024-04-09 12:09:48,366 [06c35c3a-0415-431d-ae8b-027bb2658858@group-DB1D75A9E2DC-LeaderElection24] INFO  server.RaftServer$Division (RaftServerImpl.java:setRole(383)) - 06c35c3a-0415-431d-ae8b-027bb2658858@group-DB1D75A9E2DC: changes role from CANDIDATE to FOLLOWER at term 1 for REJECTED
2024-04-09 12:09:48,366 [06c35c3a-0415-431d-ae8b-027bb2658858@group-DB1D75A9E2DC-LeaderElection24] INFO  impl.RoleInfo (RoleInfo.java:shutdownLeaderElection(130)) - 06c35c3a-0415-431d-ae8b-027bb2658858: shutdown 06c35c3a-0415-431d-ae8b-027bb2658858@group-DB1D75A9E2DC-LeaderElection24
2024-04-09 12:09:48,366 [06c35c3a-0415-431d-ae8b-027bb2658858@group-DB1D75A9E2DC-LeaderElection24] INFO  impl.RoleInfo (RoleInfo.java:updateAndGet(139)) - 06c35c3a-0415-431d-ae8b-027bb2658858: start 06c35c3a-0415-431d-ae8b-027bb2658858@group-DB1D75A9E2DC-FollowerState
2024-04-09 12:09:48,639 [06c35c3a-0415-431d-ae8b-027bb2658858@group-2C2C502A59F8-FollowerState] INFO  impl.FollowerState (FollowerState.java:run(143)) - 06c35c3a-0415-431d-ae8b-027bb2658858@group-2C2C502A59F8-FollowerState: change to CANDIDATE, lastRpcElapsedTime:5078471106ns, electionTimeout:5078ms
2024-04-09 12:09:48,640 [06c35c3a-0415-431d-ae8b-027bb2658858@group-2C2C502A59F8-FollowerState] INFO  impl.RoleInfo (RoleInfo.java:shutdownFollowerState(110)) - 06c35c3a-0415-431d-ae8b-027bb2658858: shutdown 06c35c3a-0415-431d-ae8b-027bb2658858@group-2C2C502A59F8-FollowerState
2024-04-09 12:09:48,640 [06c35c3a-0415-431d-ae8b-027bb2658858@group-2C2C502A59F8-FollowerState] INFO  server.RaftServer$Division (RaftServerImpl.java:setRole(383)) - 06c35c3a-0415-431d-ae8b-027bb2658858@group-2C2C502A59F8: changes role from  FOLLOWER to CANDIDATE at term 2 for changeToCandidate
2024-04-09 12:09:48,640 [06c35c3a-0415-431d-ae8b-027bb2658858@group-2C2C502A59F8-FollowerState] INFO  server.RaftServerConfigKeys (ConfUtils.java:logGet(46)) - raft.server.leaderelection.pre-vote = true (default)
2024-04-09 12:09:48,640 [06c35c3a-0415-431d-ae8b-027bb2658858@group-2C2C502A59F8-FollowerState] INFO  impl.RoleInfo (RoleInfo.java:updateAndGet(139)) - 06c35c3a-0415-431d-ae8b-027bb2658858: start 06c35c3a-0415-431d-ae8b-027bb2658858@group-2C2C502A59F8-LeaderElection25
2024-04-09 12:09:48,641 [06c35c3a-0415-431d-ae8b-027bb2658858@group-2C2C502A59F8-LeaderElection25] INFO  impl.LeaderElection (LeaderElection.java:askForVotes(321)) - 06c35c3a-0415-431d-ae8b-027bb2658858@group-2C2C502A59F8-LeaderElection25 PRE_VOTE round 0: submit vote requests at term 2 for 0: peers:[47f2b6e5-7d1c-4a61-9d74-1b86fd130309|10.1.0.103:15067, 06c35c3a-0415-431d-ae8b-027bb2658858|10.1.0.103:15076, c0a63e6c-c246-4c4b-b9bd-48fbdf84331c|10.1.0.103:15085]|listeners:[], old=null
2024-04-09 12:09:48,642 [06c35c3a-0415-431d-ae8b-027bb2658858@group-2C2C502A59F8-LeaderElection25] INFO  impl.LeaderElection (LogUtils.java:infoOrTrace(136)) - 06c35c3a-0415-431d-ae8b-027bb2658858@group-2C2C502A59F8-LeaderElection25 got exception when requesting votes: java.util.concurrent.ExecutionException: org.apache.ratis.thirdparty.io.grpc.StatusRuntimeException: UNAVAILABLE: io exception
2024-04-09 12:09:48,642 [06c35c3a-0415-431d-ae8b-027bb2658858@group-2C2C502A59F8-LeaderElection25] INFO  impl.LeaderElection (LogUtils.java:infoOrTrace(136)) - 06c35c3a-0415-431d-ae8b-027bb2658858@group-2C2C502A59F8-LeaderElection25 got exception when requesting votes: java.util.concurrent.ExecutionException: org.apache.ratis.thirdparty.io.grpc.StatusRuntimeException: UNAVAILABLE: io exception
2024-04-09 12:09:48,642 [06c35c3a-0415-431d-ae8b-027bb2658858@group-2C2C502A59F8-LeaderElection25] INFO  impl.LeaderElection (LeaderElection.java:logAndReturn(89)) - 06c35c3a-0415-431d-ae8b-027bb2658858@group-2C2C502A59F8-LeaderElection25: PRE_VOTE REJECTED received 0 response(s) and 2 exception(s):
2024-04-09 12:09:48,642 [06c35c3a-0415-431d-ae8b-027bb2658858@group-2C2C502A59F8-LeaderElection25] INFO  impl.LeaderElection (LogUtils.java:infoOrTrace(136)) -   Exception 0: java.util.concurrent.ExecutionException: org.apache.ratis.thirdparty.io.grpc.StatusRuntimeException: UNAVAILABLE: io exception
2024-04-09 12:09:48,642 [06c35c3a-0415-431d-ae8b-027bb2658858@group-2C2C502A59F8-LeaderElection25] INFO  impl.LeaderElection (LogUtils.java:infoOrTrace(136)) -   Exception 1: java.util.concurrent.ExecutionException: org.apache.ratis.thirdparty.io.grpc.StatusRuntimeException: UNAVAILABLE: io exception
2024-04-09 12:09:48,642 [06c35c3a-0415-431d-ae8b-027bb2658858@group-2C2C502A59F8-LeaderElection25] INFO  impl.LeaderElection (LeaderElection.java:askForVotes(323)) - 06c35c3a-0415-431d-ae8b-027bb2658858@group-2C2C502A59F8-LeaderElection25 PRE_VOTE round 0: result REJECTED
2024-04-09 12:09:48,642 [06c35c3a-0415-431d-ae8b-027bb2658858@group-2C2C502A59F8-LeaderElection25] INFO  server.RaftServer$Division (RaftServerImpl.java:setRole(383)) - 06c35c3a-0415-431d-ae8b-027bb2658858@group-2C2C502A59F8: changes role from CANDIDATE to FOLLOWER at term 2 for REJECTED
2024-04-09 12:09:48,642 [06c35c3a-0415-431d-ae8b-027bb2658858@group-2C2C502A59F8-LeaderElection25] INFO  impl.RoleInfo (RoleInfo.java:shutdownLeaderElection(130)) - 06c35c3a-0415-431d-ae8b-027bb2658858: shutdown 06c35c3a-0415-431d-ae8b-027bb2658858@group-2C2C502A59F8-LeaderElection25
2024-04-09 12:09:48,642 [06c35c3a-0415-431d-ae8b-027bb2658858@group-2C2C502A59F8-LeaderElection25] INFO  impl.RoleInfo (RoleInfo.java:updateAndGet(139)) - 06c35c3a-0415-431d-ae8b-027bb2658858: start 06c35c3a-0415-431d-ae8b-027bb2658858@group-2C2C502A59F8-FollowerState
2024-04-09 12:09:49,059 [EventQueue-PipelineActionsForPipelineActionHandler] INFO  pipeline.PipelineActionHandler (PipelineActionHandler.java:processPipelineAction(95)) - Received pipeline action CLOSE for PipelineID=b8bf2288-a83f-4302-a707-2c2c502a59f8 from datanode 06c35c3a-0415-431d-ae8b-027bb2658858. Reason : 06c35c3a-0415-431d-ae8b-027bb2658858 has not seen follower/s c0a63e6c-c246-4c4b-b9bd-48fbdf84331c for 300328ms
2024-04-09 12:09:50,060 [EventQueue-PipelineActionsForPipelineActionHandler] INFO  pipeline.PipelineActionHandler (PipelineActionHandler.java:processPipelineAction(95)) - Received pipeline action CLOSE for PipelineID=b8bf2288-a83f-4302-a707-2c2c502a59f8 from datanode 06c35c3a-0415-431d-ae8b-027bb2658858. Reason : 06c35c3a-0415-431d-ae8b-027bb2658858 has not seen follower/s c0a63e6c-c246-4c4b-b9bd-48fbdf84331c for 300328ms
2024-04-09 12:09:50,722 [null-request--thread1] INFO  server.GrpcClientProtocolService (GrpcClientProtocolService.java:lambda$processClientRequest$0(284)) - Failed RaftClientRequest:client-9EA6EB164451->06c35c3a-0415-431d-ae8b-027bb2658858@group-DB1D75A9E2DC, cid=33, seq=null, Watch-MAJORITY_COMMITTED(104), Message:<EMPTY>, reply=RaftClientReply:client-9EA6EB164451->06c35c3a-0415-431d-ae8b-027bb2658858@group-DB1D75A9E2DC, cid=33, FAILED org.apache.ratis.protocol.exceptions.NotLeaderException: Server 06c35c3a-0415-431d-ae8b-027bb2658858@group-DB1D75A9E2DC is not the leader, logIndex=0, commits[06c35c3a-0415-431d-ae8b-027bb2658858:c8, 47f2b6e5-7d1c-4a61-9d74-1b86fd130309:c8, c0a63e6c-c246-4c4b-b9bd-48fbdf84331c:c4]
2024-04-09 12:09:50,728 [main] WARN  storage.AbstractCommitWatcher (AbstractCommitWatcher.java:getIOExceptionForWatchForCommit(180)) - watchForCommit failed for index 104
java.util.concurrent.ExecutionException: org.apache.ratis.protocol.exceptions.RaftRetryFailureException: Failed RaftClientRequest:client-9EA6EB164451->06c35c3a-0415-431d-ae8b-027bb2658858@group-DB1D75A9E2DC, cid=33, seq=null, Watch-MAJORITY_COMMITTED(104), null for 3 attempts with RequestTypeDependentRetryPolicy{WRITE->ExceptionDependentRetry(maxAttempts=2147483647; defaultPolicy=MultipleLinearRandomRetry[5x5s, 5x10s, 5x15s, 5x20s, 5x25s, 10x60s]; map={org.apache.ratis.protocol.exceptions.GroupMismatchException->NoRetry, org.apache.ratis.protocol.exceptions.NotReplicatedException->NoRetry, org.apache.ratis.protocol.exceptions.ResourceUnavailableException->org.apache.ratis.retry.ExponentialBackoffRetry@335b6caa, org.apache.ratis.protocol.exceptions.StateMachineException->NoRetry, org.apache.ratis.protocol.exceptions.TimeoutIOException->org.apache.ratis.retry.ExponentialBackoffRetry@335b6caa}), WATCH->ExceptionDependentRetry(maxAttempts=2147483647; defaultPolicy=MultipleLinearRandomRetry[5x5s, 5x10s, 5x15s, 5x20s, 5x25s, 10x60s]; map={org.apache.ratis.protocol.exceptions.GroupMismatchException->NoRetry, org.apache.ratis.protocol.exceptions.NotReplicatedException->NoRetry, org.apache.ratis.protocol.exceptions.ResourceUnavailableException->org.apache.ratis.retry.ExponentialBackoffRetry@335b6caa, org.apache.ratis.protocol.exceptions.StateMachineException->NoRetry, org.apache.ratis.protocol.exceptions.TimeoutIOException->NoRetry})}
	at java.util.concurrent.CompletableFuture.reportGet(CompletableFuture.java:357)
	at java.util.concurrent.CompletableFuture.get(CompletableFuture.java:1908)
	at org.apache.hadoop.hdds.scm.XceiverClientRatis.watchForCommit(XceiverClientRatis.java:292)
	at org.apache.hadoop.hdds.scm.storage.AbstractCommitWatcher.watchForCommit(AbstractCommitWatcher.java:142)
	at org.apache.hadoop.hdds.scm.storage.TestCommitWatcher.lambda$testReleaseBuffersOnException$2(TestCommitWatcher.java:311)
	at org.junit.jupiter.api.AssertThrows.assertThrows(AssertThrows.java:53)
	at org.junit.jupiter.api.AssertThrows.assertThrows(AssertThrows.java:35)
	at org.junit.jupiter.api.Assertions.assertThrows(Assertions.java:3115)
	at org.apache.hadoop.hdds.scm.storage.TestCommitWatcher.testReleaseBuffersOnException(TestCommitWatcher.java:311)
	at sun.reflect.NativeMethodAccessorImpl.invoke0(Native Method)
	at sun.reflect.NativeMethodAccessorImpl.invoke(NativeMethodAccessorImpl.java:62)
	at sun.reflect.DelegatingMethodAccessorImpl.invoke(DelegatingMethodAccessorImpl.java:43)
	at java.lang.reflect.Method.invoke(Method.java:498)
	at org.junit.platform.commons.util.ReflectionUtils.invokeMethod(ReflectionUtils.java:728)
	at org.junit.jupiter.engine.execution.MethodInvocation.proceed(MethodInvocation.java:60)
	at org.junit.jupiter.engine.execution.InvocationInterceptorChain$ValidatingInvocation.proceed(InvocationInterceptorChain.java:131)
	at org.junit.jupiter.engine.extension.SameThreadTimeoutInvocation.proceed(SameThreadTimeoutInvocation.java:45)
	at org.junit.jupiter.engine.extension.TimeoutExtension.intercept(TimeoutExtension.java:156)
	at org.junit.jupiter.engine.extension.TimeoutExtension.interceptTestableMethod(TimeoutExtension.java:147)
	at org.junit.jupiter.engine.extension.TimeoutExtension.interceptTestMethod(TimeoutExtension.java:86)
	at org.junit.jupiter.engine.execution.InterceptingExecutableInvoker$ReflectiveInterceptorCall.lambda$ofVoidMethod$0(InterceptingExecutableInvoker.java:103)
	at org.junit.jupiter.engine.execution.InterceptingExecutableInvoker.lambda$invoke$0(InterceptingExecutableInvoker.java:93)
	at org.junit.jupiter.engine.execution.InvocationInterceptorChain$InterceptedInvocation.proceed(InvocationInterceptorChain.java:106)
	at org.junit.jupiter.engine.execution.InvocationInterceptorChain.proceed(InvocationInterceptorChain.java:64)
	at org.junit.jupiter.engine.execution.InvocationInterceptorChain.chainAndInvoke(InvocationInterceptorChain.java:45)
	at org.junit.jupiter.engine.execution.InvocationInterceptorChain.invoke(InvocationInterceptorChain.java:37)
	at org.junit.jupiter.engine.execution.InterceptingExecutableInvoker.invoke(InterceptingExecutableInvoker.java:92)
	at org.junit.jupiter.engine.execution.InterceptingExecutableInvoker.invoke(InterceptingExecutableInvoker.java:86)
	at org.junit.jupiter.engine.descriptor.TestMethodTestDescriptor.lambda$invokeTestMethod$7(TestMethodTestDescriptor.java:218)
	at org.junit.platform.engine.support.hierarchical.ThrowableCollector.execute(ThrowableCollector.java:73)
	at org.junit.jupiter.engine.descriptor.TestMethodTestDescriptor.invokeTestMethod(TestMethodTestDescriptor.java:214)
	at org.junit.jupiter.engine.descriptor.TestMethodTestDescriptor.execute(TestMethodTestDescriptor.java:139)
	at org.junit.jupiter.engine.descriptor.TestMethodTestDescriptor.execute(TestMethodTestDescriptor.java:69)
	at org.junit.platform.engine.support.hierarchical.NodeTestTask.lambda$executeRecursively$6(NodeTestTask.java:151)
	at org.junit.platform.engine.support.hierarchical.ThrowableCollector.execute(ThrowableCollector.java:73)
	at org.junit.platform.engine.support.hierarchical.NodeTestTask.lambda$executeRecursively$8(NodeTestTask.java:141)
	at org.junit.platform.engine.support.hierarchical.Node.around(Node.java:137)
	at org.junit.platform.engine.support.hierarchical.NodeTestTask.lambda$executeRecursively$9(NodeTestTask.java:139)
	at org.junit.platform.engine.support.hierarchical.ThrowableCollector.execute(ThrowableCollector.java:73)
	at org.junit.platform.engine.support.hierarchical.NodeTestTask.executeRecursively(NodeTestTask.java:138)
	at org.junit.platform.engine.support.hierarchical.NodeTestTask.execute(NodeTestTask.java:95)
	at java.util.ArrayList.forEach(ArrayList.java:1259)
	at org.junit.platform.engine.support.hierarchical.SameThreadHierarchicalTestExecutorService.invokeAll(SameThreadHierarchicalTestExecutorService.java:41)
	at org.junit.platform.engine.support.hierarchical.NodeTestTask.lambda$executeRecursively$6(NodeTestTask.java:155)
	at org.junit.platform.engine.support.hierarchical.ThrowableCollector.execute(ThrowableCollector.java:73)
	at org.junit.platform.engine.support.hierarchical.NodeTestTask.lambda$executeRecursively$8(NodeTestTask.java:141)
	at org.junit.platform.engine.support.hierarchical.Node.around(Node.java:137)
	at org.junit.platform.engine.support.hierarchical.NodeTestTask.lambda$executeRecursively$9(NodeTestTask.java:139)
	at org.junit.platform.engine.support.hierarchical.ThrowableCollector.execute(ThrowableCollector.java:73)
	at org.junit.platform.engine.support.hierarchical.NodeTestTask.executeRecursively(NodeTestTask.java:138)
	at org.junit.platform.engine.support.hierarchical.NodeTestTask.execute(NodeTestTask.java:95)
	at java.util.ArrayList.forEach(ArrayList.java:1259)
	at org.junit.platform.engine.support.hierarchical.SameThreadHierarchicalTestExecutorService.invokeAll(SameThreadHierarchicalTestExecutorService.java:41)
	at org.junit.platform.engine.support.hierarchical.NodeTestTask.lambda$executeRecursively$6(NodeTestTask.java:155)
	at org.junit.platform.engine.support.hierarchical.ThrowableCollector.execute(ThrowableCollector.java:73)
	at org.junit.platform.engine.support.hierarchical.NodeTestTask.lambda$executeRecursively$8(NodeTestTask.java:141)
	at org.junit.platform.engine.support.hierarchical.Node.around(Node.java:137)
	at org.junit.platform.engine.support.hierarchical.NodeTestTask.lambda$executeRecursively$9(NodeTestTask.java:139)
	at org.junit.platform.engine.support.hierarchical.ThrowableCollector.execute(ThrowableCollector.java:73)
	at org.junit.platform.engine.support.hierarchical.NodeTestTask.executeRecursively(NodeTestTask.java:138)
	at org.junit.platform.engine.support.hierarchical.NodeTestTask.execute(NodeTestTask.java:95)
	at org.junit.platform.engine.support.hierarchical.SameThreadHierarchicalTestExecutorService.submit(SameThreadHierarchicalTestExecutorService.java:35)
	at org.junit.platform.engine.support.hierarchical.HierarchicalTestExecutor.execute(HierarchicalTestExecutor.java:57)
	at org.junit.platform.engine.support.hierarchical.HierarchicalTestEngine.execute(HierarchicalTestEngine.java:54)
	at org.junit.platform.launcher.core.EngineExecutionOrchestrator.execute(EngineExecutionOrchestrator.java:198)
	at org.junit.platform.launcher.core.EngineExecutionOrchestrator.execute(EngineExecutionOrchestrator.java:169)
	at org.junit.platform.launcher.core.EngineExecutionOrchestrator.execute(EngineExecutionOrchestrator.java:93)
	at org.junit.platform.launcher.core.EngineExecutionOrchestrator.lambda$execute$0(EngineExecutionOrchestrator.java:58)
	at org.junit.platform.launcher.core.EngineExecutionOrchestrator.withInterceptedStreams(EngineExecutionOrchestrator.java:141)
	at org.junit.platform.launcher.core.EngineExecutionOrchestrator.execute(EngineExecutionOrchestrator.java:57)
	at org.junit.platform.launcher.core.DefaultLauncher.execute(DefaultLauncher.java:103)
	at org.junit.platform.launcher.core.DefaultLauncher.execute(DefaultLauncher.java:85)
	at org.junit.platform.launcher.core.DelegatingLauncher.execute(DelegatingLauncher.java:47)
	at org.junit.platform.launcher.core.SessionPerRequestLauncher.execute(SessionPerRequestLauncher.java:63)
	at org.apache.maven.surefire.junitplatform.JUnitPlatformProvider.invokeAllTests(JUnitPlatformProvider.java:154)
	at org.apache.maven.surefire.junitplatform.JUnitPlatformProvider.invoke(JUnitPlatformProvider.java:123)
	at org.apache.maven.surefire.booter.ForkedBooter.runSuitesInProcess(ForkedBooter.java:377)
	at org.apache.maven.surefire.booter.ForkedBooter.execute(ForkedBooter.java:138)
	at org.apache.maven.surefire.booter.ForkedBooter.run(ForkedBooter.java:465)
	at org.apache.maven.surefire.booter.ForkedBooter.main(ForkedBooter.java:451)
Caused by: org.apache.ratis.protocol.exceptions.RaftRetryFailureException: Failed RaftClientRequest:client-9EA6EB164451->06c35c3a-0415-431d-ae8b-027bb2658858@group-DB1D75A9E2DC, cid=33, seq=null, Watch-MAJORITY_COMMITTED(104), null for 3 attempts with RequestTypeDependentRetryPolicy{WRITE->ExceptionDependentRetry(maxAttempts=2147483647; defaultPolicy=MultipleLinearRandomRetry[5x5s, 5x10s, 5x15s, 5x20s, 5x25s, 10x60s]; map={org.apache.ratis.protocol.exceptions.GroupMismatchException->NoRetry, org.apache.ratis.protocol.exceptions.NotReplicatedException->NoRetry, org.apache.ratis.protocol.exceptions.ResourceUnavailableException->org.apache.ratis.retry.ExponentialBackoffRetry@335b6caa, org.apache.ratis.protocol.exceptions.StateMachineException->NoRetry, org.apache.ratis.protocol.exceptions.TimeoutIOException->org.apache.ratis.retry.ExponentialBackoffRetry@335b6caa}), WATCH->ExceptionDependentRetry(maxAttempts=2147483647; defaultPolicy=MultipleLinearRandomRetry[5x5s, 5x10s, 5x15s, 5x20s, 5x25s, 10x60s]; map={org.apache.ratis.protocol.exceptions.GroupMismatchException->NoRetry, org.apache.ratis.protocol.exceptions.NotReplicatedException->NoRetry, org.apache.ratis.protocol.exceptions.ResourceUnavailableException->org.apache.ratis.retry.ExponentialBackoffRetry@335b6caa, org.apache.ratis.protocol.exceptions.StateMachineException->NoRetry, org.apache.ratis.protocol.exceptions.TimeoutIOException->NoRetry})}
	at org.apache.ratis.client.impl.RaftClientImpl.noMoreRetries(RaftClientImpl.java:353)
	at org.apache.ratis.client.impl.UnorderedAsync.lambda$sendRequestWithRetry$4(UnorderedAsync.java:98)
	at java.util.concurrent.CompletableFuture.uniWhenComplete(CompletableFuture.java:774)
	at java.util.concurrent.CompletableFuture$UniWhenComplete.tryFire(CompletableFuture.java:750)
	at java.util.concurrent.CompletableFuture$Completion.exec(CompletableFuture.java:457)
	at java.util.concurrent.ForkJoinTask.doExec(ForkJoinTask.java:289)
	at java.util.concurrent.ForkJoinPool$WorkQueue.runTask(ForkJoinPool.java:1056)
	at java.util.concurrent.ForkJoinPool.runWorker(ForkJoinPool.java:1692)
	at java.util.concurrent.ForkJoinWorkerThread.run(ForkJoinWorkerThread.java:175)
Caused by: org.apache.ratis.protocol.exceptions.NotLeaderException: Server 06c35c3a-0415-431d-ae8b-027bb2658858@group-DB1D75A9E2DC is not the leader
	at org.apache.ratis.client.impl.ClientProtoUtils.toRaftClientReply(ClientProtoUtils.java:397)
	at org.apache.ratis.grpc.client.GrpcClientProtocolClient$AsyncStreamObservers$1.onNext(GrpcClientProtocolClient.java:310)
	at org.apache.ratis.grpc.client.GrpcClientProtocolClient$AsyncStreamObservers$1.onNext(GrpcClientProtocolClient.java:305)
	at org.apache.ratis.thirdparty.io.grpc.stub.ClientCalls$StreamObserverToCallListenerAdapter.onMessage(ClientCalls.java:468)
	at org.apache.ratis.thirdparty.io.grpc.ForwardingClientCallListener.onMessage(ForwardingClientCallListener.java:33)
	at org.apache.ratis.thirdparty.io.grpc.internal.DelayedClientCall$DelayedListener.onMessage(DelayedClientCall.java:473)
	at org.apache.ratis.thirdparty.io.grpc.internal.ClientCallImpl$ClientStreamListenerImpl$1MessagesAvailable.runInternal(ClientCallImpl.java:660)
	at org.apache.ratis.thirdparty.io.grpc.internal.ClientCallImpl$ClientStreamListenerImpl$1MessagesAvailable.runInContext(ClientCallImpl.java:647)
	at org.apache.ratis.thirdparty.io.grpc.internal.ContextRunnable.run(ContextRunnable.java:37)
	at org.apache.ratis.thirdparty.io.grpc.internal.SerializingExecutor.run(SerializingExecutor.java:133)
	at java.util.concurrent.ThreadPoolExecutor.runWorker(ThreadPoolExecutor.java:1149)
	at java.util.concurrent.ThreadPoolExecutor$Worker.run(ThreadPoolExecutor.java:624)
	at java.lang.Thread.run(Thread.java:750)
2024-04-09 12:09:50,739 [main] INFO  ozone.MiniOzoneClusterImpl (MiniOzoneClusterImpl.java:shutdown(396)) - Shutting down the Mini Ozone Cluster
2024-04-09 12:09:50,739 [main] INFO  db.CodecTestUtil (CodecTestUtil.java:gc(50)) - gc 0
2024-04-09 12:09:51,039 [main] INFO  ozone.MiniOzoneClusterImpl (MiniOzoneClusterImpl.java:stop(412)) - Stopping the Mini Ozone Cluster
2024-04-09 12:09:51,040 [main] INFO  om.OzoneManager (OzoneManager.java:stop(2232)) - om1[localhost:15057]: Stopping Ozone Manager
2024-04-09 12:09:51,040 [main] INFO  ipc.Server (Server.java:stop(3523)) - Stopping server on 15057
2024-04-09 12:09:51,045 [IPC Server listener on 15057] INFO  ipc.Server (Server.java:run(1434)) - Stopping IPC Server listener on 15057
2024-04-09 12:09:51,047 [IPC Server Responder] INFO  ipc.Server (Server.java:run(1567)) - Stopping IPC Server Responder
2024-04-09 12:09:51,047 [main] INFO  ratis.OzoneManagerRatisServer (OzoneManagerRatisServer.java:stop(594)) - Stopping org.apache.hadoop.ozone.om.ratis.OzoneManagerRatisServer@45c7c7f3 at port 15060
2024-04-09 12:09:51,048 [main] INFO  server.RaftServer (RaftServerProxy.java:lambda$close$9(416)) - om1: close
2024-04-09 12:09:51,048 [main] INFO  server.GrpcService (GrpcService.java:closeImpl(311)) - om1: shutdown server GrpcServerProtocolService now
2024-04-09 12:09:51,048 [om1-impl-thread2] INFO  server.RaftServer$Division (RaftServerImpl.java:lambda$close$3(526)) - om1@group-C5BA1605619E: shutdown
2024-04-09 12:09:51,048 [om1-impl-thread2] INFO  util.JmxRegister (JmxRegister.java:unregister(73)) - Successfully un-registered JMX Bean with object name Ratis:service=RaftServer,group=group-C5BA1605619E,id=om1
2024-04-09 12:09:51,049 [om1-impl-thread2] INFO  impl.RoleInfo (RoleInfo.java:shutdownLeaderState(94)) - om1: shutdown om1@group-C5BA1605619E-LeaderStateImpl
2024-04-09 12:09:51,049 [om1-impl-thread2] INFO  impl.PendingRequests (PendingRequests.java:sendNotLeaderResponses(289)) - om1@group-C5BA1605619E-PendingRequests: sendNotLeaderResponses
2024-04-09 12:09:51,049 [main] INFO  server.GrpcService (GrpcService.java:closeImpl(320)) - om1: shutdown server GrpcServerProtocolService successfully
2024-04-09 12:09:51,051 [om1-impl-thread2] INFO  impl.StateMachineUpdater (StateMachineUpdater.java:stopAndJoin(157)) - om1@group-C5BA1605619E-StateMachineUpdater: set stopIndex = 4
2024-04-09 12:09:51,051 [om1@group-C5BA1605619E-StateMachineUpdater] INFO  ratis.OzoneManagerStateMachine (OzoneManagerStateMachine.java:takeSnapshotImpl(481)) -  applied = (t:1, i:3)
2024-04-09 12:09:51,051 [om1@group-C5BA1605619E-StateMachineUpdater] INFO  ratis.OzoneManagerStateMachine (OzoneManagerStateMachine.java:takeSnapshotImpl(482)) -  skipped = 3
2024-04-09 12:09:51,051 [om1@group-C5BA1605619E-StateMachineUpdater] INFO  ratis.OzoneManagerStateMachine (OzoneManagerStateMachine.java:takeSnapshotImpl(483)) - notified = (t:1, i:4)
2024-04-09 12:09:51,052 [om1@group-C5BA1605619E-StateMachineUpdater] INFO  ratis.OzoneManagerStateMachine (OzoneManagerStateMachine.java:takeSnapshotImpl(484)) - snapshot = (t:1, i:4)
2024-04-09 12:09:51,060 [EventQueue-PipelineActionsForPipelineActionHandler] INFO  pipeline.PipelineActionHandler (PipelineActionHandler.java:processPipelineAction(95)) - Received pipeline action CLOSE for PipelineID=b8bf2288-a83f-4302-a707-2c2c502a59f8 from datanode 06c35c3a-0415-431d-ae8b-027bb2658858. Reason : 06c35c3a-0415-431d-ae8b-027bb2658858 has not seen follower/s c0a63e6c-c246-4c4b-b9bd-48fbdf84331c for 300328ms
2024-04-09 12:09:51,060 [om1@group-C5BA1605619E-StateMachineUpdater] INFO  impl.StateMachineUpdater (StateMachineUpdater.java:takeSnapshot(295)) - om1@group-C5BA1605619E-StateMachineUpdater: Took a snapshot at index 4
2024-04-09 12:09:51,060 [om1@group-C5BA1605619E-StateMachineUpdater] INFO  impl.StateMachineUpdater (StateMachineUpdater.java:lambda$new$0(98)) - om1@group-C5BA1605619E-StateMachineUpdater: snapshotIndex: updateIncreasingly -1 -> 4
2024-04-09 12:09:51,060 [om1@group-C5BA1605619E-StateMachineUpdater] INFO  ratis.OzoneManagerStateMachine (OzoneManagerStateMachine.java:close(527)) - Stopping OzoneManagerStateMachine:om1:group-C5BA1605619E.
2024-04-09 12:09:51,060 [om1@group-C5BA1605619E-StateMachineUpdater] INFO  ratis.OzoneManagerDoubleBuffer (OzoneManagerDoubleBuffer.java:stopDaemon(517)) - Stopping OMDoubleBuffer flush thread
2024-04-09 12:09:51,060 [om1-OMDoubleBufferFlushThread] INFO  ratis.OzoneManagerDoubleBuffer (OzoneManagerDoubleBuffer.java:canFlush(581)) - OMDoubleBuffer flush thread om1-OMDoubleBufferFlushThread is interrupted and will exit.
2024-04-09 12:09:51,061 [om1-impl-thread2] INFO  server.RaftServer$Division (ServerState.java:close(427)) - om1@group-C5BA1605619E: applyIndex: 3
2024-04-09 12:09:51,061 [om1@group-C5BA1605619E-cacheEviction-AwaitToRun] INFO  util.AwaitToRun (AwaitToRun.java:run(49)) - om1@group-C5BA1605619E-cacheEviction-AwaitToRun-AwaitForSignal is interrupted
2024-04-09 12:09:51,632 [om1-impl-thread2] INFO  segmented.SegmentedRaftLogWorker (SegmentedRaftLogWorker.java:close(245)) - om1@group-C5BA1605619E-SegmentedRaftLogWorker close()
2024-04-09 12:09:51,633 [JvmPauseMonitor8] INFO  util.JvmPauseMonitor (JvmPauseMonitor.java:run(152)) - JvmPauseMonitor-om1: Stopped
2024-04-09 12:09:51,634 [main] INFO  utils.BackgroundService (BackgroundService.java:shutdown(160)) - Shutting down service KeyDeletingService
2024-04-09 12:09:51,634 [main] INFO  utils.BackgroundService (BackgroundService.java:shutdown(160)) - Shutting down service DirectoryDeletingService
2024-04-09 12:09:51,634 [main] INFO  utils.BackgroundService (BackgroundService.java:shutdown(160)) - Shutting down service OpenKeyCleanupService
2024-04-09 12:09:51,634 [main] INFO  utils.BackgroundService (BackgroundService.java:shutdown(160)) - Shutting down service SstFilteringService
2024-04-09 12:09:51,634 [main] INFO  utils.BackgroundService (BackgroundService.java:shutdown(160)) - Shutting down service SnapshotDeletingService
2024-04-09 12:09:51,635 [main] INFO  utils.BackgroundService (BackgroundService.java:shutdown(160)) - Shutting down service MultipartUploadCleanupService
2024-04-09 12:09:51,635 [main] INFO  utils.BackgroundService (BackgroundService.java:shutdown(160)) - Shutting down service SnapshotDirectoryCleaningService
2024-04-09 12:09:51,636 [main] INFO  handler.ContextHandler (ContextHandler.java:doStop(1159)) - Stopped o.e.j.w.WebAppContext@1ea415a1{ozoneManager,/,null,STOPPED}{file:/home/runner/work/ozone/ozone/hadoop-ozone/integration-test/target/test-classes/webapps/ozoneManager}
2024-04-09 12:09:51,636 [main] INFO  server.AbstractConnector (AbstractConnector.java:doStop(383)) - Stopped ServerConnector@2b90be6c{HTTP/1.1, (http/1.1)}{0.0.0.0:15058}
2024-04-09 12:09:51,637 [main] INFO  server.session (HouseKeeper.java:stopScavenging(149)) - node0 Stopped scavenging
2024-04-09 12:09:51,637 [main] INFO  handler.ContextHandler (ContextHandler.java:doStop(1159)) - Stopped o.e.j.s.ServletContextHandler@c777d3a{static,/static,file:///home/runner/work/ozone/ozone/hadoop-ozone/integration-test/target/test-classes/webapps/static,STOPPED}
2024-04-09 12:09:51,637 [main] INFO  handler.ContextHandler (ContextHandler.java:doStop(1159)) - Stopped o.e.j.s.ServletContextHandler@24b75efc{logs,/logs,file:///home/runner/work/ozone/ozone/hadoop-ozone/integration-test/target/log,STOPPED}
2024-04-09 12:09:51,638 [main] INFO  rocksdiff.RocksDBCheckpointDiffer (RocksDBCheckpointDiffer.java:close(310)) - Shutting down CompactionDagPruningService.
2024-04-09 12:09:51,640 [main] INFO  snapshot.SnapshotDiffManager (SnapshotDiffManager.java:closeExecutorService(1657)) - Shutting down executorService: 'SnapDiffExecutor'
2024-04-09 12:09:51,640 [main] INFO  utils.BackgroundService (BackgroundService.java:shutdown(160)) - Shutting down service SnapshotDiffCleanupService
2024-04-09 12:09:51,641 [main] INFO  ozone.MiniOzoneClusterImpl (MiniOzoneClusterImpl.java:stopDatanodes(471)) - Stopping the HddsDatanodes
2024-04-09 12:09:51,643 [ForkJoinPool.commonPool-worker-0] INFO  ozoneimpl.OzoneContainer (OzoneContainer.java:stop(481)) - Attempting to stop container services.
2024-04-09 12:09:51,644 [main] INFO  ozoneimpl.OzoneContainer (OzoneContainer.java:stop(481)) - Attempting to stop container services.
2024-04-09 12:09:51,644 [ContainerMetadataScanner] WARN  ozoneimpl.AbstractBackgroundContainerScanner (AbstractBackgroundContainerScanner.java:handleRemainingSleep(134)) - Background container scan was interrupted.
2024-04-09 12:09:51,644 [ContainerMetadataScanner] INFO  ozoneimpl.AbstractBackgroundContainerScanner (AbstractBackgroundContainerScanner.java:run(61)) - Thread[ContainerMetadataScanner,5,main] exiting.
2024-04-09 12:09:51,645 [ForkJoinPool.commonPool-worker-3] INFO  ozoneimpl.OzoneContainer (OzoneContainer.java:stop(481)) - Attempting to stop container services.
2024-04-09 12:09:51,645 [ForkJoinPool.commonPool-worker-0] INFO  ozoneimpl.BackgroundContainerDataScanner (BackgroundContainerDataScanner.java:shutdown(141)) - ContainerDataScanner(/home/runner/work/ozone/ozone/hadoop-ozone/integration-test/target/test-dir/MiniOzoneClusterImpl-00066f73-fe04-48fd-9c2f-afd3971143fc/ozone-meta/datanode-5/data-0/hdds) is shutting down. 
2024-04-09 12:09:51,645 [ContainerMetadataScanner] WARN  ozoneimpl.AbstractBackgroundContainerScanner (AbstractBackgroundContainerScanner.java:handleRemainingSleep(134)) - Background container scan was interrupted.
2024-04-09 12:09:51,645 [ContainerDataScanner(/home/runner/work/ozone/ozone/hadoop-ozone/integration-test/target/test-dir/MiniOzoneClusterImpl-00066f73-fe04-48fd-9c2f-afd3971143fc/ozone-meta/datanode-5/data-0/hdds)] WARN  ozoneimpl.AbstractBackgroundContainerScanner (AbstractBackgroundContainerScanner.java:handleRemainingSleep(134)) - Background container scan was interrupted.
2024-04-09 12:09:51,645 [ContainerMetadataScanner] INFO  ozoneimpl.AbstractBackgroundContainerScanner (AbstractBackgroundContainerScanner.java:run(61)) - Thread[ContainerMetadataScanner,5,main] exiting.
2024-04-09 12:09:51,645 [ContainerDataScanner(/home/runner/work/ozone/ozone/hadoop-ozone/integration-test/target/test-dir/MiniOzoneClusterImpl-00066f73-fe04-48fd-9c2f-afd3971143fc/ozone-meta/datanode-5/data-0/hdds)] INFO  ozoneimpl.AbstractBackgroundContainerScanner (AbstractBackgroundContainerScanner.java:run(61)) - ContainerDataScanner(/home/runner/work/ozone/ozone/hadoop-ozone/integration-test/target/test-dir/MiniOzoneClusterImpl-00066f73-fe04-48fd-9c2f-afd3971143fc/ozone-meta/datanode-5/data-0/hdds, DS-3dc5ed1d-4895-4ec2-a149-affe347e2f1f) exiting.
2024-04-09 12:09:51,646 [main] INFO  ozoneimpl.BackgroundContainerDataScanner (BackgroundContainerDataScanner.java:shutdown(141)) - ContainerDataScanner(/home/runner/work/ozone/ozone/hadoop-ozone/integration-test/target/test-dir/MiniOzoneClusterImpl-00066f73-fe04-48fd-9c2f-afd3971143fc/ozone-meta/datanode-4/data-0/hdds) is shutting down. 
2024-04-09 12:09:51,646 [ContainerMetadataScanner] WARN  ozoneimpl.AbstractBackgroundContainerScanner (AbstractBackgroundContainerScanner.java:handleRemainingSleep(134)) - Background container scan was interrupted.
2024-04-09 12:09:51,646 [ContainerDataScanner(/home/runner/work/ozone/ozone/hadoop-ozone/integration-test/target/test-dir/MiniOzoneClusterImpl-00066f73-fe04-48fd-9c2f-afd3971143fc/ozone-meta/datanode-4/data-0/hdds)] WARN  ozoneimpl.AbstractBackgroundContainerScanner (AbstractBackgroundContainerScanner.java:handleRemainingSleep(134)) - Background container scan was interrupted.
2024-04-09 12:09:51,646 [ContainerDataScanner(/home/runner/work/ozone/ozone/hadoop-ozone/integration-test/target/test-dir/MiniOzoneClusterImpl-00066f73-fe04-48fd-9c2f-afd3971143fc/ozone-meta/datanode-4/data-0/hdds)] INFO  ozoneimpl.AbstractBackgroundContainerScanner (AbstractBackgroundContainerScanner.java:run(61)) - ContainerDataScanner(/home/runner/work/ozone/ozone/hadoop-ozone/integration-test/target/test-dir/MiniOzoneClusterImpl-00066f73-fe04-48fd-9c2f-afd3971143fc/ozone-meta/datanode-4/data-0/hdds, DS-2ffa3c02-bcda-42fb-b79a-b75e997df52e) exiting.
2024-04-09 12:09:51,646 [ContainerMetadataScanner] INFO  ozoneimpl.AbstractBackgroundContainerScanner (AbstractBackgroundContainerScanner.java:run(61)) - Thread[ContainerMetadataScanner,5,main] exiting.
2024-04-09 12:09:51,646 [ForkJoinPool.commonPool-worker-0] INFO  server.RaftServer (RaftServerProxy.java:lambda$close$9(416)) - a87d7804-de0d-4258-ad97-e1309df34ed1: close
2024-04-09 12:09:51,647 [ForkJoinPool.commonPool-worker-0] INFO  server.GrpcService (GrpcService.java:closeImpl(311)) - a87d7804-de0d-4258-ad97-e1309df34ed1: shutdown server org.apache.ratis.grpc.server.GrpcClientProtocolService now
2024-04-09 12:09:51,648 [ForkJoinPool.commonPool-worker-3] INFO  ozoneimpl.BackgroundContainerDataScanner (BackgroundContainerDataScanner.java:shutdown(141)) - ContainerDataScanner(/home/runner/work/ozone/ozone/hadoop-ozone/integration-test/target/test-dir/MiniOzoneClusterImpl-00066f73-fe04-48fd-9c2f-afd3971143fc/ozone-meta/datanode-2/data-0/hdds) is shutting down. 
2024-04-09 12:09:51,647 [a87d7804-de0d-4258-ad97-e1309df34ed1-impl-thread2] INFO  server.RaftServer$Division (RaftServerImpl.java:lambda$close$3(526)) - a87d7804-de0d-4258-ad97-e1309df34ed1@group-50B2E81FCFF7: shutdown
2024-04-09 12:09:51,648 [ContainerDataScanner(/home/runner/work/ozone/ozone/hadoop-ozone/integration-test/target/test-dir/MiniOzoneClusterImpl-00066f73-fe04-48fd-9c2f-afd3971143fc/ozone-meta/datanode-2/data-0/hdds)] WARN  ozoneimpl.AbstractBackgroundContainerScanner (AbstractBackgroundContainerScanner.java:handleRemainingSleep(134)) - Background container scan was interrupted.
2024-04-09 12:09:51,648 [a87d7804-de0d-4258-ad97-e1309df34ed1-impl-thread2] INFO  util.JmxRegister (JmxRegister.java:unregister(73)) - Successfully un-registered JMX Bean with object name Ratis:service=RaftServer,group=group-50B2E81FCFF7,id=a87d7804-de0d-4258-ad97-e1309df34ed1
2024-04-09 12:09:51,648 [ContainerDataScanner(/home/runner/work/ozone/ozone/hadoop-ozone/integration-test/target/test-dir/MiniOzoneClusterImpl-00066f73-fe04-48fd-9c2f-afd3971143fc/ozone-meta/datanode-2/data-0/hdds)] INFO  ozoneimpl.AbstractBackgroundContainerScanner (AbstractBackgroundContainerScanner.java:run(61)) - ContainerDataScanner(/home/runner/work/ozone/ozone/hadoop-ozone/integration-test/target/test-dir/MiniOzoneClusterImpl-00066f73-fe04-48fd-9c2f-afd3971143fc/ozone-meta/datanode-2/data-0/hdds, DS-6f08d45b-0495-4c03-bcac-61d66a1ae0ff) exiting.
2024-04-09 12:09:51,648 [a87d7804-de0d-4258-ad97-e1309df34ed1-impl-thread2] INFO  impl.RoleInfo (RoleInfo.java:shutdownLeaderState(94)) - a87d7804-de0d-4258-ad97-e1309df34ed1: shutdown a87d7804-de0d-4258-ad97-e1309df34ed1@group-50B2E81FCFF7-LeaderStateImpl
2024-04-09 12:09:51,648 [a87d7804-de0d-4258-ad97-e1309df34ed1-impl-thread2] INFO  impl.PendingRequests (PendingRequests.java:sendNotLeaderResponses(289)) - a87d7804-de0d-4258-ad97-e1309df34ed1@group-50B2E81FCFF7-PendingRequests: sendNotLeaderResponses
2024-04-09 12:09:51,649 [main] INFO  server.RaftServer (RaftServerProxy.java:lambda$close$9(416)) - 7127763e-d356-4593-86a2-312e14def563: close
2024-04-09 12:09:51,649 [ForkJoinPool.commonPool-worker-0] INFO  server.GrpcService (GrpcService.java:closeImpl(320)) - a87d7804-de0d-4258-ad97-e1309df34ed1: shutdown server org.apache.ratis.grpc.server.GrpcClientProtocolService successfully
2024-04-09 12:09:51,649 [ForkJoinPool.commonPool-worker-0] INFO  server.GrpcService (GrpcService.java:closeImpl(311)) - a87d7804-de0d-4258-ad97-e1309df34ed1: shutdown server GrpcServerProtocolService now
2024-04-09 12:09:51,649 [7127763e-d356-4593-86a2-312e14def563-impl-thread2] INFO  server.RaftServer$Division (RaftServerImpl.java:lambda$close$3(526)) - 7127763e-d356-4593-86a2-312e14def563@group-23D0993EFF82: shutdown
2024-04-09 12:09:51,649 [main] INFO  server.GrpcService (GrpcService.java:closeImpl(311)) - 7127763e-d356-4593-86a2-312e14def563: shutdown server org.apache.ratis.grpc.server.GrpcClientProtocolService now
2024-04-09 12:09:51,649 [ForkJoinPool.commonPool-worker-3] INFO  server.RaftServer (RaftServerProxy.java:lambda$close$9(416)) - 06c35c3a-0415-431d-ae8b-027bb2658858: close
2024-04-09 12:09:51,649 [a87d7804-de0d-4258-ad97-e1309df34ed1@group-50B2E81FCFF7-StateMachineUpdater] INFO  ratis.ContainerStateMachine (ContainerStateMachine.java:takeSnapshot(355)) - group-50B2E81FCFF7: Taking a snapshot at:(t:1, i:0) file /home/runner/work/ozone/ozone/hadoop-ozone/integration-test/target/test-dir/MiniOzoneClusterImpl-00066f73-fe04-48fd-9c2f-afd3971143fc/ozone-meta/datanode-5/ratis/98953a21-1556-4947-a478-50b2e81fcff7/sm/snapshot.1_0
2024-04-09 12:09:51,650 [06c35c3a-0415-431d-ae8b-027bb2658858-impl-thread2] INFO  server.RaftServer$Division (RaftServerImpl.java:lambda$close$3(526)) - 06c35c3a-0415-431d-ae8b-027bb2658858@group-2F251E82CC3A: shutdown
2024-04-09 12:09:51,649 [a87d7804-de0d-4258-ad97-e1309df34ed1-impl-thread2] INFO  impl.StateMachineUpdater (StateMachineUpdater.java:stopAndJoin(157)) - a87d7804-de0d-4258-ad97-e1309df34ed1@group-50B2E81FCFF7-StateMachineUpdater: set stopIndex = 0
2024-04-09 12:09:51,652 [06c35c3a-0415-431d-ae8b-027bb2658858-impl-thread4] INFO  server.RaftServer$Division (RaftServerImpl.java:lambda$close$3(526)) - 06c35c3a-0415-431d-ae8b-027bb2658858@group-DB1D75A9E2DC: shutdown
2024-04-09 12:09:51,652 [06c35c3a-0415-431d-ae8b-027bb2658858-impl-thread4] INFO  util.JmxRegister (JmxRegister.java:unregister(73)) - Successfully un-registered JMX Bean with object name Ratis:service=RaftServer,group=group-DB1D75A9E2DC,id=06c35c3a-0415-431d-ae8b-027bb2658858
2024-04-09 12:09:51,652 [06c35c3a-0415-431d-ae8b-027bb2658858-impl-thread4] INFO  impl.RoleInfo (RoleInfo.java:shutdownFollowerState(110)) - 06c35c3a-0415-431d-ae8b-027bb2658858: shutdown 06c35c3a-0415-431d-ae8b-027bb2658858@group-DB1D75A9E2DC-FollowerState
2024-04-09 12:09:51,652 [06c35c3a-0415-431d-ae8b-027bb2658858-impl-thread4] INFO  impl.StateMachineUpdater (StateMachineUpdater.java:stopAndJoin(157)) - 06c35c3a-0415-431d-ae8b-027bb2658858@group-DB1D75A9E2DC-StateMachineUpdater: set stopIndex = 8
2024-04-09 12:09:51,651 [06c35c3a-0415-431d-ae8b-027bb2658858-impl-thread2] INFO  util.JmxRegister (JmxRegister.java:unregister(73)) - Successfully un-registered JMX Bean with object name Ratis:service=RaftServer,group=group-2F251E82CC3A,id=06c35c3a-0415-431d-ae8b-027bb2658858
2024-04-09 12:09:51,651 [ForkJoinPool.commonPool-worker-3] INFO  server.GrpcService (GrpcService.java:closeImpl(311)) - 06c35c3a-0415-431d-ae8b-027bb2658858: shutdown server org.apache.ratis.grpc.server.GrpcClientProtocolService now
2024-04-09 12:09:51,651 [06c35c3a-0415-431d-ae8b-027bb2658858-impl-thread3] INFO  server.RaftServer$Division (RaftServerImpl.java:lambda$close$3(526)) - 06c35c3a-0415-431d-ae8b-027bb2658858@group-2C2C502A59F8: shutdown
2024-04-09 12:09:51,652 [06c35c3a-0415-431d-ae8b-027bb2658858-impl-thread3] INFO  util.JmxRegister (JmxRegister.java:unregister(73)) - Successfully un-registered JMX Bean with object name Ratis:service=RaftServer,group=group-2C2C502A59F8,id=06c35c3a-0415-431d-ae8b-027bb2658858
2024-04-09 12:09:51,656 [06c35c3a-0415-431d-ae8b-027bb2658858-impl-thread3] INFO  impl.RoleInfo (RoleInfo.java:shutdownFollowerState(110)) - 06c35c3a-0415-431d-ae8b-027bb2658858: shutdown 06c35c3a-0415-431d-ae8b-027bb2658858@group-2C2C502A59F8-FollowerState
2024-04-09 12:09:51,656 [06c35c3a-0415-431d-ae8b-027bb2658858@group-2C2C502A59F8-StateMachineUpdater] INFO  ratis.ContainerStateMachine (ContainerStateMachine.java:takeSnapshot(355)) - group-2C2C502A59F8: Taking a snapshot at:(t:2, i:0) file /home/runner/work/ozone/ozone/hadoop-ozone/integration-test/target/test-dir/MiniOzoneClusterImpl-00066f73-fe04-48fd-9c2f-afd3971143fc/ozone-meta/datanode-2/ratis/b8bf2288-a83f-4302-a707-2c2c502a59f8/sm/snapshot.2_0
2024-04-09 12:09:51,656 [06c35c3a-0415-431d-ae8b-027bb2658858-impl-thread3] INFO  impl.StateMachineUpdater (StateMachineUpdater.java:stopAndJoin(157)) - 06c35c3a-0415-431d-ae8b-027bb2658858@group-2C2C502A59F8-StateMachineUpdater: set stopIndex = 0
2024-04-09 12:09:51,657 [06c35c3a-0415-431d-ae8b-027bb2658858@group-2C2C502A59F8-StateMachineUpdater] INFO  ratis.ContainerStateMachine (ContainerStateMachine.java:takeSnapshot(366)) - group-2C2C502A59F8: Finished taking a snapshot at:(t:2, i:0) file:/home/runner/work/ozone/ozone/hadoop-ozone/integration-test/target/test-dir/MiniOzoneClusterImpl-00066f73-fe04-48fd-9c2f-afd3971143fc/ozone-meta/datanode-2/ratis/b8bf2288-a83f-4302-a707-2c2c502a59f8/sm/snapshot.2_0 took: 1 ms
2024-04-09 12:09:51,651 [a87d7804-de0d-4258-ad97-e1309df34ed1@group-50B2E81FCFF7-StateMachineUpdater] INFO  ratis.ContainerStateMachine (ContainerStateMachine.java:takeSnapshot(366)) - group-50B2E81FCFF7: Finished taking a snapshot at:(t:1, i:0) file:/home/runner/work/ozone/ozone/hadoop-ozone/integration-test/target/test-dir/MiniOzoneClusterImpl-00066f73-fe04-48fd-9c2f-afd3971143fc/ozone-meta/datanode-5/ratis/98953a21-1556-4947-a478-50b2e81fcff7/sm/snapshot.1_0 took: 2 ms
2024-04-09 12:09:51,657 [06c35c3a-0415-431d-ae8b-027bb2658858@group-2C2C502A59F8-StateMachineUpdater] INFO  impl.StateMachineUpdater (StateMachineUpdater.java:takeSnapshot(295)) - 06c35c3a-0415-431d-ae8b-027bb2658858@group-2C2C502A59F8-StateMachineUpdater: Took a snapshot at index 0
2024-04-09 12:09:51,657 [a87d7804-de0d-4258-ad97-e1309df34ed1@group-50B2E81FCFF7-StateMachineUpdater] INFO  impl.StateMachineUpdater (StateMachineUpdater.java:takeSnapshot(295)) - a87d7804-de0d-4258-ad97-e1309df34ed1@group-50B2E81FCFF7-StateMachineUpdater: Took a snapshot at index 0
2024-04-09 12:09:51,651 [main] INFO  server.GrpcService (GrpcService.java:closeImpl(320)) - 7127763e-d356-4593-86a2-312e14def563: shutdown server org.apache.ratis.grpc.server.GrpcClientProtocolService successfully
2024-04-09 12:09:51,657 [main] INFO  server.GrpcService (GrpcService.java:closeImpl(311)) - 7127763e-d356-4593-86a2-312e14def563: shutdown server GrpcServerProtocolService now
2024-04-09 12:09:51,650 [ForkJoinPool.commonPool-worker-0] INFO  server.GrpcService (GrpcService.java:closeImpl(320)) - a87d7804-de0d-4258-ad97-e1309df34ed1: shutdown server GrpcServerProtocolService successfully
2024-04-09 12:09:51,659 [ForkJoinPool.commonPool-worker-0] INFO  server.GrpcService (GrpcService.java:closeImpl(311)) - a87d7804-de0d-4258-ad97-e1309df34ed1: shutdown server org.apache.ratis.grpc.server.GrpcAdminProtocolService now
2024-04-09 12:09:51,650 [7127763e-d356-4593-86a2-312e14def563-impl-thread2] INFO  util.JmxRegister (JmxRegister.java:unregister(73)) - Successfully un-registered JMX Bean with object name Ratis:service=RaftServer,group=group-23D0993EFF82,id=7127763e-d356-4593-86a2-312e14def563
2024-04-09 12:09:51,660 [7127763e-d356-4593-86a2-312e14def563-impl-thread2] INFO  impl.RoleInfo (RoleInfo.java:shutdownLeaderState(94)) - 7127763e-d356-4593-86a2-312e14def563: shutdown 7127763e-d356-4593-86a2-312e14def563@group-23D0993EFF82-LeaderStateImpl
2024-04-09 12:09:51,660 [7127763e-d356-4593-86a2-312e14def563-impl-thread2] INFO  impl.PendingRequests (PendingRequests.java:sendNotLeaderResponses(289)) - 7127763e-d356-4593-86a2-312e14def563@group-23D0993EFF82-PendingRequests: sendNotLeaderResponses
2024-04-09 12:09:51,657 [Thread-1745] INFO  server.GrpcServerProtocolClient (GrpcServerProtocolClient.java:close(103)) - 47f2b6e5-7d1c-4a61-9d74-1b86fd130309 Close channels
2024-04-09 12:09:51,657 [a87d7804-de0d-4258-ad97-e1309df34ed1@group-50B2E81FCFF7-StateMachineUpdater] INFO  impl.StateMachineUpdater (StateMachineUpdater.java:lambda$new$0(98)) - a87d7804-de0d-4258-ad97-e1309df34ed1@group-50B2E81FCFF7-StateMachineUpdater: snapshotIndex: updateIncreasingly -1 -> 0
2024-04-09 12:09:51,660 [7127763e-d356-4593-86a2-312e14def563-impl-thread2] INFO  impl.StateMachineUpdater (StateMachineUpdater.java:stopAndJoin(157)) - 7127763e-d356-4593-86a2-312e14def563@group-23D0993EFF82-StateMachineUpdater: set stopIndex = 0
2024-04-09 12:09:51,660 [7127763e-d356-4593-86a2-312e14def563@group-23D0993EFF82-StateMachineUpdater] INFO  ratis.ContainerStateMachine (ContainerStateMachine.java:takeSnapshot(355)) - group-23D0993EFF82: Taking a snapshot at:(t:1, i:0) file /home/runner/work/ozone/ozone/hadoop-ozone/integration-test/target/test-dir/MiniOzoneClusterImpl-00066f73-fe04-48fd-9c2f-afd3971143fc/ozone-meta/datanode-4/ratis/ea4d43ee-388a-49ba-8592-23d0993eff82/sm/snapshot.1_0
2024-04-09 12:09:51,657 [06c35c3a-0415-431d-ae8b-027bb2658858@group-2C2C502A59F8-StateMachineUpdater] INFO  impl.StateMachineUpdater (StateMachineUpdater.java:lambda$new$0(98)) - 06c35c3a-0415-431d-ae8b-027bb2658858@group-2C2C502A59F8-StateMachineUpdater: snapshotIndex: updateIncreasingly -1 -> 0
2024-04-09 12:09:51,660 [a87d7804-de0d-4258-ad97-e1309df34ed1-impl-thread2] INFO  server.RaftServer$Division (ServerState.java:close(427)) - a87d7804-de0d-4258-ad97-e1309df34ed1@group-50B2E81FCFF7: applyIndex: 0
2024-04-09 12:09:51,656 [06c35c3a-0415-431d-ae8b-027bb2658858@group-2C2C502A59F8-FollowerState] INFO  impl.FollowerState (FollowerState.java:run(152)) - 06c35c3a-0415-431d-ae8b-027bb2658858@group-2C2C502A59F8-FollowerState was interrupted
2024-04-09 12:09:51,661 [7127763e-d356-4593-86a2-312e14def563@group-23D0993EFF82-StateMachineUpdater] INFO  ratis.ContainerStateMachine (ContainerStateMachine.java:takeSnapshot(366)) - group-23D0993EFF82: Finished taking a snapshot at:(t:1, i:0) file:/home/runner/work/ozone/ozone/hadoop-ozone/integration-test/target/test-dir/MiniOzoneClusterImpl-00066f73-fe04-48fd-9c2f-afd3971143fc/ozone-meta/datanode-4/ratis/ea4d43ee-388a-49ba-8592-23d0993eff82/sm/snapshot.1_0 took: 1 ms
2024-04-09 12:09:51,661 [7127763e-d356-4593-86a2-312e14def563@group-23D0993EFF82-StateMachineUpdater] INFO  impl.StateMachineUpdater (StateMachineUpdater.java:takeSnapshot(295)) - 7127763e-d356-4593-86a2-312e14def563@group-23D0993EFF82-StateMachineUpdater: Took a snapshot at index 0
2024-04-09 12:09:51,656 [06c35c3a-0415-431d-ae8b-027bb2658858@group-DB1D75A9E2DC-StateMachineUpdater] INFO  ratis.ContainerStateMachine (ContainerStateMachine.java:takeSnapshot(355)) - group-DB1D75A9E2DC: Taking a snapshot at:(t:1, i:8) file /home/runner/work/ozone/ozone/hadoop-ozone/integration-test/target/test-dir/MiniOzoneClusterImpl-00066f73-fe04-48fd-9c2f-afd3971143fc/ozone-meta/datanode-2/ratis/8a023e63-f161-45d8-9a3c-db1d75a9e2dc/sm/snapshot.1_8
2024-04-09 12:09:51,656 [Thread-1747] INFO  server.GrpcServerProtocolClient (GrpcServerProtocolClient.java:close(103)) - c0a63e6c-c246-4c4b-b9bd-48fbdf84331c Close channels
2024-04-09 12:09:51,652 [06c35c3a-0415-431d-ae8b-027bb2658858-impl-thread2] INFO  impl.RoleInfo (RoleInfo.java:shutdownLeaderState(94)) - 06c35c3a-0415-431d-ae8b-027bb2658858: shutdown 06c35c3a-0415-431d-ae8b-027bb2658858@group-2F251E82CC3A-LeaderStateImpl
2024-04-09 12:09:51,663 [06c35c3a-0415-431d-ae8b-027bb2658858-impl-thread2] INFO  impl.PendingRequests (PendingRequests.java:sendNotLeaderResponses(289)) - 06c35c3a-0415-431d-ae8b-027bb2658858@group-2F251E82CC3A-PendingRequests: sendNotLeaderResponses
2024-04-09 12:09:51,663 [06c35c3a-0415-431d-ae8b-027bb2658858-impl-thread2] INFO  impl.StateMachineUpdater (StateMachineUpdater.java:stopAndJoin(157)) - 06c35c3a-0415-431d-ae8b-027bb2658858@group-2F251E82CC3A-StateMachineUpdater: set stopIndex = 0
2024-04-09 12:09:51,652 [06c35c3a-0415-431d-ae8b-027bb2658858@group-DB1D75A9E2DC-FollowerState] INFO  impl.FollowerState (FollowerState.java:run(152)) - 06c35c3a-0415-431d-ae8b-027bb2658858@group-DB1D75A9E2DC-FollowerState was interrupted
2024-04-09 12:09:51,663 [06c35c3a-0415-431d-ae8b-027bb2658858@group-2F251E82CC3A-StateMachineUpdater] INFO  ratis.ContainerStateMachine (ContainerStateMachine.java:takeSnapshot(355)) - group-2F251E82CC3A: Taking a snapshot at:(t:1, i:0) file /home/runner/work/ozone/ozone/hadoop-ozone/integration-test/target/test-dir/MiniOzoneClusterImpl-00066f73-fe04-48fd-9c2f-afd3971143fc/ozone-meta/datanode-2/ratis/113b9240-f15f-4727-894e-2f251e82cc3a/sm/snapshot.1_0
2024-04-09 12:09:51,663 [06c35c3a-0415-431d-ae8b-027bb2658858@group-DB1D75A9E2DC-StateMachineUpdater] INFO  ratis.ContainerStateMachine (ContainerStateMachine.java:takeSnapshot(366)) - group-DB1D75A9E2DC: Finished taking a snapshot at:(t:1, i:8) file:/home/runner/work/ozone/ozone/hadoop-ozone/integration-test/target/test-dir/MiniOzoneClusterImpl-00066f73-fe04-48fd-9c2f-afd3971143fc/ozone-meta/datanode-2/ratis/8a023e63-f161-45d8-9a3c-db1d75a9e2dc/sm/snapshot.1_8 took: 7 ms
2024-04-09 12:09:51,664 [06c35c3a-0415-431d-ae8b-027bb2658858@group-2F251E82CC3A-StateMachineUpdater] INFO  ratis.ContainerStateMachine (ContainerStateMachine.java:takeSnapshot(366)) - group-2F251E82CC3A: Finished taking a snapshot at:(t:1, i:0) file:/home/runner/work/ozone/ozone/hadoop-ozone/integration-test/target/test-dir/MiniOzoneClusterImpl-00066f73-fe04-48fd-9c2f-afd3971143fc/ozone-meta/datanode-2/ratis/113b9240-f15f-4727-894e-2f251e82cc3a/sm/snapshot.1_0 took: 2 ms
2024-04-09 12:09:51,665 [06c35c3a-0415-431d-ae8b-027bb2658858@group-2F251E82CC3A-StateMachineUpdater] INFO  impl.StateMachineUpdater (StateMachineUpdater.java:takeSnapshot(295)) - 06c35c3a-0415-431d-ae8b-027bb2658858@group-2F251E82CC3A-StateMachineUpdater: Took a snapshot at index 0
2024-04-09 12:09:51,665 [06c35c3a-0415-431d-ae8b-027bb2658858@group-2F251E82CC3A-StateMachineUpdater] INFO  impl.StateMachineUpdater (StateMachineUpdater.java:lambda$new$0(98)) - 06c35c3a-0415-431d-ae8b-027bb2658858@group-2F251E82CC3A-StateMachineUpdater: snapshotIndex: updateIncreasingly -1 -> 0
2024-04-09 12:09:51,662 [06c35c3a-0415-431d-ae8b-027bb2658858-impl-thread3] INFO  server.RaftServer$Division (ServerState.java:close(427)) - 06c35c3a-0415-431d-ae8b-027bb2658858@group-2C2C502A59F8: applyIndex: 0
2024-04-09 12:09:51,665 [06c35c3a-0415-431d-ae8b-027bb2658858@group-2C2C502A59F8-cacheEviction-AwaitToRun] INFO  util.AwaitToRun (AwaitToRun.java:run(49)) - 06c35c3a-0415-431d-ae8b-027bb2658858@group-2C2C502A59F8-cacheEviction-AwaitToRun-AwaitForSignal is interrupted
2024-04-09 12:09:51,665 [06c35c3a-0415-431d-ae8b-027bb2658858@group-DB1D75A9E2DC-StateMachineUpdater] INFO  impl.StateMachineUpdater (StateMachineUpdater.java:takeSnapshot(295)) - 06c35c3a-0415-431d-ae8b-027bb2658858@group-DB1D75A9E2DC-StateMachineUpdater: Took a snapshot at index 8
2024-04-09 12:09:51,665 [06c35c3a-0415-431d-ae8b-027bb2658858@group-DB1D75A9E2DC-StateMachineUpdater] INFO  impl.StateMachineUpdater (StateMachineUpdater.java:lambda$new$0(98)) - 06c35c3a-0415-431d-ae8b-027bb2658858@group-DB1D75A9E2DC-StateMachineUpdater: snapshotIndex: updateIncreasingly -1 -> 8
2024-04-09 12:09:51,666 [06c35c3a-0415-431d-ae8b-027bb2658858-impl-thread4] INFO  server.RaftServer$Division (ServerState.java:close(427)) - 06c35c3a-0415-431d-ae8b-027bb2658858@group-DB1D75A9E2DC: applyIndex: 8
2024-04-09 12:09:51,666 [06c35c3a-0415-431d-ae8b-027bb2658858@group-DB1D75A9E2DC-cacheEviction-AwaitToRun] INFO  util.AwaitToRun (AwaitToRun.java:run(49)) - 06c35c3a-0415-431d-ae8b-027bb2658858@group-DB1D75A9E2DC-cacheEviction-AwaitToRun-AwaitForSignal is interrupted
2024-04-09 12:09:51,662 [7127763e-d356-4593-86a2-312e14def563@group-23D0993EFF82-StateMachineUpdater] INFO  impl.StateMachineUpdater (StateMachineUpdater.java:lambda$new$0(98)) - 7127763e-d356-4593-86a2-312e14def563@group-23D0993EFF82-StateMachineUpdater: snapshotIndex: updateIncreasingly -1 -> 0
2024-04-09 12:09:51,667 [7127763e-d356-4593-86a2-312e14def563-impl-thread2] INFO  server.RaftServer$Division (ServerState.java:close(427)) - 7127763e-d356-4593-86a2-312e14def563@group-23D0993EFF82: applyIndex: 0
2024-04-09 12:09:51,661 [a87d7804-de0d-4258-ad97-e1309df34ed1@group-50B2E81FCFF7-cacheEviction-AwaitToRun] INFO  util.AwaitToRun (AwaitToRun.java:run(49)) - a87d7804-de0d-4258-ad97-e1309df34ed1@group-50B2E81FCFF7-cacheEviction-AwaitToRun-AwaitForSignal is interrupted
2024-04-09 12:09:51,668 [06c35c3a-0415-431d-ae8b-027bb2658858-impl-thread2] INFO  server.RaftServer$Division (ServerState.java:close(427)) - 06c35c3a-0415-431d-ae8b-027bb2658858@group-2F251E82CC3A: applyIndex: 0
2024-04-09 12:09:51,661 [main] INFO  server.GrpcService (GrpcService.java:closeImpl(320)) - 7127763e-d356-4593-86a2-312e14def563: shutdown server GrpcServerProtocolService successfully
2024-04-09 12:09:51,668 [06c35c3a-0415-431d-ae8b-027bb2658858@group-2F251E82CC3A-cacheEviction-AwaitToRun] INFO  util.AwaitToRun (AwaitToRun.java:run(49)) - 06c35c3a-0415-431d-ae8b-027bb2658858@group-2F251E82CC3A-cacheEviction-AwaitToRun-AwaitForSignal is interrupted
2024-04-09 12:09:51,668 [7127763e-d356-4593-86a2-312e14def563@group-23D0993EFF82-cacheEviction-AwaitToRun] INFO  util.AwaitToRun (AwaitToRun.java:run(49)) - 7127763e-d356-4593-86a2-312e14def563@group-23D0993EFF82-cacheEviction-AwaitToRun-AwaitForSignal is interrupted
2024-04-09 12:09:51,664 [ForkJoinPool.commonPool-worker-0] INFO  server.GrpcService (GrpcService.java:closeImpl(320)) - a87d7804-de0d-4258-ad97-e1309df34ed1: shutdown server org.apache.ratis.grpc.server.GrpcAdminProtocolService successfully
2024-04-09 12:09:51,664 [ForkJoinPool.commonPool-worker-3] INFO  server.GrpcService (GrpcService.java:closeImpl(320)) - 06c35c3a-0415-431d-ae8b-027bb2658858: shutdown server org.apache.ratis.grpc.server.GrpcClientProtocolService successfully
2024-04-09 12:09:51,668 [main] INFO  server.GrpcService (GrpcService.java:closeImpl(311)) - 7127763e-d356-4593-86a2-312e14def563: shutdown server org.apache.ratis.grpc.server.GrpcAdminProtocolService now
2024-04-09 12:09:51,669 [a87d7804-de0d-4258-ad97-e1309df34ed1-NettyServerStreamRpc-bossGroup--thread1] INFO  logging.LoggingHandler (AbstractInternalLogger.java:log(148)) - [id: 0x8fb03079, L:/0.0.0.0:15104] CLOSE
2024-04-09 12:09:51,670 [a87d7804-de0d-4258-ad97-e1309df34ed1-NettyServerStreamRpc-bossGroup--thread1] INFO  logging.LoggingHandler (AbstractInternalLogger.java:log(148)) - [id: 0x8fb03079, L:/0.0.0.0:15104] INACTIVE
2024-04-09 12:09:51,670 [a87d7804-de0d-4258-ad97-e1309df34ed1-NettyServerStreamRpc-bossGroup--thread1] INFO  logging.LoggingHandler (AbstractInternalLogger.java:log(148)) - [id: 0x8fb03079, L:/0.0.0.0:15104] UNREGISTERED
2024-04-09 12:09:51,668 [ForkJoinPool.commonPool-worker-3] INFO  server.GrpcService (GrpcService.java:closeImpl(311)) - 06c35c3a-0415-431d-ae8b-027bb2658858: shutdown server GrpcServerProtocolService now
2024-04-09 12:09:51,670 [main] INFO  server.GrpcService (GrpcService.java:closeImpl(320)) - 7127763e-d356-4593-86a2-312e14def563: shutdown server org.apache.ratis.grpc.server.GrpcAdminProtocolService successfully
2024-04-09 12:09:51,670 [7127763e-d356-4593-86a2-312e14def563-NettyServerStreamRpc-bossGroup--thread1] INFO  logging.LoggingHandler (AbstractInternalLogger.java:log(148)) - [id: 0xc13b46d7, L:/0.0.0.0:15095] CLOSE
2024-04-09 12:09:51,670 [7127763e-d356-4593-86a2-312e14def563-NettyServerStreamRpc-bossGroup--thread1] INFO  logging.LoggingHandler (AbstractInternalLogger.java:log(148)) - [id: 0xc13b46d7, L:/0.0.0.0:15095] INACTIVE
2024-04-09 12:09:51,671 [7127763e-d356-4593-86a2-312e14def563-NettyServerStreamRpc-bossGroup--thread1] INFO  logging.LoggingHandler (AbstractInternalLogger.java:log(148)) - [id: 0xc13b46d7, L:/0.0.0.0:15095] UNREGISTERED
2024-04-09 12:09:51,704 [ForkJoinPool.commonPool-worker-3] INFO  server.GrpcService (GrpcService.java:closeImpl(320)) - 06c35c3a-0415-431d-ae8b-027bb2658858: shutdown server GrpcServerProtocolService successfully
2024-04-09 12:09:51,704 [ForkJoinPool.commonPool-worker-3] INFO  server.GrpcService (GrpcService.java:closeImpl(311)) - 06c35c3a-0415-431d-ae8b-027bb2658858: shutdown server org.apache.ratis.grpc.server.GrpcAdminProtocolService now
2024-04-09 12:09:51,706 [ForkJoinPool.commonPool-worker-3] INFO  server.GrpcService (GrpcService.java:closeImpl(320)) - 06c35c3a-0415-431d-ae8b-027bb2658858: shutdown server org.apache.ratis.grpc.server.GrpcAdminProtocolService successfully
2024-04-09 12:09:51,709 [06c35c3a-0415-431d-ae8b-027bb2658858-NettyServerStreamRpc-bossGroup--thread1] INFO  logging.LoggingHandler (AbstractInternalLogger.java:log(148)) - [id: 0x14e0e2c0, L:/0.0.0.0:15077] CLOSE
2024-04-09 12:09:51,709 [06c35c3a-0415-431d-ae8b-027bb2658858-NettyServerStreamRpc-bossGroup--thread1] INFO  logging.LoggingHandler (AbstractInternalLogger.java:log(148)) - [id: 0x14e0e2c0, L:/0.0.0.0:15077] INACTIVE
2024-04-09 12:09:51,709 [06c35c3a-0415-431d-ae8b-027bb2658858-NettyServerStreamRpc-bossGroup--thread1] INFO  logging.LoggingHandler (AbstractInternalLogger.java:log(148)) - [id: 0x14e0e2c0, L:/0.0.0.0:15077] UNREGISTERED
2024-04-09 12:09:51,725 [7127763e-d356-4593-86a2-312e14def563-impl-thread2] INFO  segmented.SegmentedRaftLogWorker (SegmentedRaftLogWorker.java:close(245)) - 7127763e-d356-4593-86a2-312e14def563@group-23D0993EFF82-SegmentedRaftLogWorker close()
2024-04-09 12:09:51,728 [JvmPauseMonitor12] INFO  util.JvmPauseMonitor (JvmPauseMonitor.java:run(152)) - JvmPauseMonitor-7127763e-d356-4593-86a2-312e14def563: Stopped
2024-04-09 12:09:51,734 [06c35c3a-0415-431d-ae8b-027bb2658858-impl-thread4] INFO  segmented.SegmentedRaftLogWorker (SegmentedRaftLogWorker.java:close(245)) - 06c35c3a-0415-431d-ae8b-027bb2658858@group-DB1D75A9E2DC-SegmentedRaftLogWorker close()
2024-04-09 12:09:51,940 [a87d7804-de0d-4258-ad97-e1309df34ed1-impl-thread2] INFO  segmented.SegmentedRaftLogWorker (SegmentedRaftLogWorker.java:close(245)) - a87d7804-de0d-4258-ad97-e1309df34ed1@group-50B2E81FCFF7-SegmentedRaftLogWorker close()
2024-04-09 12:09:51,942 [JvmPauseMonitor13] INFO  util.JvmPauseMonitor (JvmPauseMonitor.java:run(152)) - JvmPauseMonitor-a87d7804-de0d-4258-ad97-e1309df34ed1: Stopped
2024-04-09 12:09:51,956 [06c35c3a-0415-431d-ae8b-027bb2658858-impl-thread3] INFO  segmented.SegmentedRaftLogWorker (SegmentedRaftLogWorker.java:close(245)) - 06c35c3a-0415-431d-ae8b-027bb2658858@group-2C2C502A59F8-SegmentedRaftLogWorker close()
2024-04-09 12:09:52,600 [06c35c3a-0415-431d-ae8b-027bb2658858-impl-thread2] INFO  segmented.SegmentedRaftLogWorker (SegmentedRaftLogWorker.java:close(245)) - 06c35c3a-0415-431d-ae8b-027bb2658858@group-2F251E82CC3A-SegmentedRaftLogWorker close()
2024-04-09 12:09:52,601 [JvmPauseMonitor10] INFO  util.JvmPauseMonitor (JvmPauseMonitor.java:run(152)) - JvmPauseMonitor-06c35c3a-0415-431d-ae8b-027bb2658858: Stopped
2024-04-09 12:09:53,730 [main] INFO  utils.DatanodeStoreCache (DatanodeStoreCache.java:shutdownCache(116)) - Skip clearing cache in mini cluster mode. Entries left: [/home/runner/work/ozone/ozone/hadoop-ozone/integration-test/target/test-dir/MiniOzoneClusterImpl-00066f73-fe04-48fd-9c2f-afd3971143fc/ozone-meta/datanode-2/data-0/hdds/00066f73-fe04-48fd-9c2f-afd3971143fc/DS-6f08d45b-0495-4c03-bcac-61d66a1ae0ff/container.db, /home/runner/work/ozone/ozone/hadoop-ozone/integration-test/target/test-dir/MiniOzoneClusterImpl-00066f73-fe04-48fd-9c2f-afd3971143fc/ozone-meta/datanode-4/data-0/hdds/00066f73-fe04-48fd-9c2f-afd3971143fc/DS-2ffa3c02-bcda-42fb-b79a-b75e997df52e/container.db, /home/runner/work/ozone/ozone/hadoop-ozone/integration-test/target/test-dir/MiniOzoneClusterImpl-00066f73-fe04-48fd-9c2f-afd3971143fc/ozone-meta/datanode-5/data-0/hdds/00066f73-fe04-48fd-9c2f-afd3971143fc/DS-3dc5ed1d-4895-4ec2-a149-affe347e2f1f/container.db]
2024-04-09 12:09:53,732 [main] INFO  utils.DatanodeStoreCache (DatanodeStoreCache.java:removeDB(110)) - Removed db /home/runner/work/ozone/ozone/hadoop-ozone/integration-test/target/test-dir/MiniOzoneClusterImpl-00066f73-fe04-48fd-9c2f-afd3971143fc/ozone-meta/datanode-4/data-0/hdds/00066f73-fe04-48fd-9c2f-afd3971143fc/DS-2ffa3c02-bcda-42fb-b79a-b75e997df52e/container.db from cache
2024-04-09 12:09:53,732 [main] INFO  volume.HddsVolume (HddsVolume.java:closeDbStore(470)) - SchemaV3 db is stopped at /home/runner/work/ozone/ozone/hadoop-ozone/integration-test/target/test-dir/MiniOzoneClusterImpl-00066f73-fe04-48fd-9c2f-afd3971143fc/ozone-meta/datanode-4/data-0/hdds/00066f73-fe04-48fd-9c2f-afd3971143fc/DS-2ffa3c02-bcda-42fb-b79a-b75e997df52e/container.db for volume DS-2ffa3c02-bcda-42fb-b79a-b75e997df52e
2024-04-09 12:09:53,732 [main] INFO  utils.BackgroundService (BackgroundService.java:shutdown(160)) - Shutting down service BlockDeletingService
2024-04-09 12:09:53,733 [main] INFO  utils.BackgroundService (BackgroundService.java:shutdown(160)) - Shutting down service StaleRecoveringContainerScrubbingService
2024-04-09 12:09:53,734 [main] INFO  statemachine.DatanodeStateMachine (DatanodeStateMachine.java:stopDaemon(638)) - Ozone container server stopped.
2024-04-09 12:09:53,734 [main] INFO  handler.ContextHandler (ContextHandler.java:doStop(1159)) - Stopped o.e.j.w.WebAppContext@39d55f96{hddsDatanode,/,null,STOPPED}{file:/home/runner/work/ozone/ozone/hadoop-hdds/container-service/target/classes/webapps/hddsDatanode}
2024-04-09 12:09:53,735 [main] INFO  server.AbstractConnector (AbstractConnector.java:doStop(383)) - Stopped ServerConnector@3c50ac62{HTTP/1.1, (http/1.1)}{0.0.0.0:15089}
2024-04-09 12:09:53,735 [main] INFO  server.session (HouseKeeper.java:stopScavenging(149)) - node0 Stopped scavenging
2024-04-09 12:09:53,735 [main] INFO  handler.ContextHandler (ContextHandler.java:doStop(1159)) - Stopped o.e.j.s.ServletContextHandler@65bf7de4{static,/static,file:///home/runner/work/ozone/ozone/hadoop-hdds/container-service/target/classes/webapps/static,STOPPED}
2024-04-09 12:09:53,735 [main] INFO  handler.ContextHandler (ContextHandler.java:doStop(1159)) - Stopped o.e.j.s.ServletContextHandler@16719cd6{logs,/logs,file:///home/runner/work/ozone/ozone/hadoop-ozone/integration-test/target/log,STOPPED}
2024-04-09 12:09:53,736 [main] INFO  ozone.HddsDatanodeClientProtocolServer (HddsDatanodeClientProtocolServer.java:stop(83)) - Stopping the RPC server for Client Protocol
2024-04-09 12:09:53,736 [main] INFO  ipc.Server (Server.java:stop(3523)) - Stopping server on 15090
2024-04-09 12:09:53,737 [IPC Server listener on 15090] INFO  ipc.Server (Server.java:run(1434)) - Stopping IPC Server listener on 15090
2024-04-09 12:09:53,737 [IPC Server Responder] INFO  ipc.Server (Server.java:run(1567)) - Stopping IPC Server Responder
2024-04-09 12:09:53,944 [ForkJoinPool.commonPool-worker-0] INFO  utils.DatanodeStoreCache (DatanodeStoreCache.java:shutdownCache(116)) - Skip clearing cache in mini cluster mode. Entries left: [/home/runner/work/ozone/ozone/hadoop-ozone/integration-test/target/test-dir/MiniOzoneClusterImpl-00066f73-fe04-48fd-9c2f-afd3971143fc/ozone-meta/datanode-2/data-0/hdds/00066f73-fe04-48fd-9c2f-afd3971143fc/DS-6f08d45b-0495-4c03-bcac-61d66a1ae0ff/container.db, /home/runner/work/ozone/ozone/hadoop-ozone/integration-test/target/test-dir/MiniOzoneClusterImpl-00066f73-fe04-48fd-9c2f-afd3971143fc/ozone-meta/datanode-5/data-0/hdds/00066f73-fe04-48fd-9c2f-afd3971143fc/DS-3dc5ed1d-4895-4ec2-a149-affe347e2f1f/container.db]
2024-04-09 12:09:53,947 [ForkJoinPool.commonPool-worker-0] INFO  utils.DatanodeStoreCache (DatanodeStoreCache.java:removeDB(110)) - Removed db /home/runner/work/ozone/ozone/hadoop-ozone/integration-test/target/test-dir/MiniOzoneClusterImpl-00066f73-fe04-48fd-9c2f-afd3971143fc/ozone-meta/datanode-5/data-0/hdds/00066f73-fe04-48fd-9c2f-afd3971143fc/DS-3dc5ed1d-4895-4ec2-a149-affe347e2f1f/container.db from cache
2024-04-09 12:09:53,947 [ForkJoinPool.commonPool-worker-0] INFO  volume.HddsVolume (HddsVolume.java:closeDbStore(470)) - SchemaV3 db is stopped at /home/runner/work/ozone/ozone/hadoop-ozone/integration-test/target/test-dir/MiniOzoneClusterImpl-00066f73-fe04-48fd-9c2f-afd3971143fc/ozone-meta/datanode-5/data-0/hdds/00066f73-fe04-48fd-9c2f-afd3971143fc/DS-3dc5ed1d-4895-4ec2-a149-affe347e2f1f/container.db for volume DS-3dc5ed1d-4895-4ec2-a149-affe347e2f1f
2024-04-09 12:09:53,947 [ForkJoinPool.commonPool-worker-0] INFO  utils.BackgroundService (BackgroundService.java:shutdown(160)) - Shutting down service BlockDeletingService
2024-04-09 12:09:53,948 [ForkJoinPool.commonPool-worker-0] INFO  utils.BackgroundService (BackgroundService.java:shutdown(160)) - Shutting down service StaleRecoveringContainerScrubbingService
2024-04-09 12:09:53,949 [ForkJoinPool.commonPool-worker-0] INFO  statemachine.DatanodeStateMachine (DatanodeStateMachine.java:stopDaemon(638)) - Ozone container server stopped.
2024-04-09 12:09:53,950 [ForkJoinPool.commonPool-worker-0] INFO  handler.ContextHandler (ContextHandler.java:doStop(1159)) - Stopped o.e.j.w.WebAppContext@1d2bbf7d{hddsDatanode,/,null,STOPPED}{file:/home/runner/work/ozone/ozone/hadoop-hdds/container-service/target/classes/webapps/hddsDatanode}
2024-04-09 12:09:53,950 [ForkJoinPool.commonPool-worker-0] INFO  server.AbstractConnector (AbstractConnector.java:doStop(383)) - Stopped ServerConnector@3a205307{HTTP/1.1, (http/1.1)}{0.0.0.0:15098}
2024-04-09 12:09:53,951 [ForkJoinPool.commonPool-worker-0] INFO  server.session (HouseKeeper.java:stopScavenging(149)) - node0 Stopped scavenging
2024-04-09 12:09:53,951 [ForkJoinPool.commonPool-worker-0] INFO  handler.ContextHandler (ContextHandler.java:doStop(1159)) - Stopped o.e.j.s.ServletContextHandler@edec72f{static,/static,file:///home/runner/work/ozone/ozone/hadoop-hdds/container-service/target/classes/webapps/static,STOPPED}
2024-04-09 12:09:53,952 [ForkJoinPool.commonPool-worker-0] INFO  handler.ContextHandler (ContextHandler.java:doStop(1159)) - Stopped o.e.j.s.ServletContextHandler@372f3ce5{logs,/logs,file:///home/runner/work/ozone/ozone/hadoop-ozone/integration-test/target/log,STOPPED}
2024-04-09 12:09:53,952 [ForkJoinPool.commonPool-worker-0] INFO  ozone.HddsDatanodeClientProtocolServer (HddsDatanodeClientProtocolServer.java:stop(83)) - Stopping the RPC server for Client Protocol
2024-04-09 12:09:53,953 [ForkJoinPool.commonPool-worker-0] INFO  ipc.Server (Server.java:stop(3523)) - Stopping server on 15099
2024-04-09 12:09:53,953 [IPC Server listener on 15099] INFO  ipc.Server (Server.java:run(1434)) - Stopping IPC Server listener on 15099
2024-04-09 12:09:53,954 [IPC Server Responder] INFO  ipc.Server (Server.java:run(1567)) - Stopping IPC Server Responder
2024-04-09 12:09:54,603 [ForkJoinPool.commonPool-worker-3] INFO  utils.DatanodeStoreCache (DatanodeStoreCache.java:shutdownCache(116)) - Skip clearing cache in mini cluster mode. Entries left: [/home/runner/work/ozone/ozone/hadoop-ozone/integration-test/target/test-dir/MiniOzoneClusterImpl-00066f73-fe04-48fd-9c2f-afd3971143fc/ozone-meta/datanode-2/data-0/hdds/00066f73-fe04-48fd-9c2f-afd3971143fc/DS-6f08d45b-0495-4c03-bcac-61d66a1ae0ff/container.db]
2024-04-09 12:09:54,606 [ForkJoinPool.commonPool-worker-3] INFO  utils.DatanodeStoreCache (DatanodeStoreCache.java:removeDB(110)) - Removed db /home/runner/work/ozone/ozone/hadoop-ozone/integration-test/target/test-dir/MiniOzoneClusterImpl-00066f73-fe04-48fd-9c2f-afd3971143fc/ozone-meta/datanode-2/data-0/hdds/00066f73-fe04-48fd-9c2f-afd3971143fc/DS-6f08d45b-0495-4c03-bcac-61d66a1ae0ff/container.db from cache
2024-04-09 12:09:54,606 [ForkJoinPool.commonPool-worker-3] INFO  volume.HddsVolume (HddsVolume.java:closeDbStore(470)) - SchemaV3 db is stopped at /home/runner/work/ozone/ozone/hadoop-ozone/integration-test/target/test-dir/MiniOzoneClusterImpl-00066f73-fe04-48fd-9c2f-afd3971143fc/ozone-meta/datanode-2/data-0/hdds/00066f73-fe04-48fd-9c2f-afd3971143fc/DS-6f08d45b-0495-4c03-bcac-61d66a1ae0ff/container.db for volume DS-6f08d45b-0495-4c03-bcac-61d66a1ae0ff
2024-04-09 12:09:54,607 [ForkJoinPool.commonPool-worker-3] INFO  utils.BackgroundService (BackgroundService.java:shutdown(160)) - Shutting down service BlockDeletingService
2024-04-09 12:09:54,607 [ForkJoinPool.commonPool-worker-3] INFO  utils.BackgroundService (BackgroundService.java:shutdown(160)) - Shutting down service StaleRecoveringContainerScrubbingService
2024-04-09 12:09:54,608 [ForkJoinPool.commonPool-worker-3] INFO  statemachine.DatanodeStateMachine (DatanodeStateMachine.java:stopDaemon(638)) - Ozone container server stopped.
2024-04-09 12:09:54,609 [ForkJoinPool.commonPool-worker-3] INFO  handler.ContextHandler (ContextHandler.java:doStop(1159)) - Stopped o.e.j.w.WebAppContext@54c1dfd8{hddsDatanode,/,null,STOPPED}{file:/home/runner/work/ozone/ozone/hadoop-hdds/container-service/target/classes/webapps/hddsDatanode}
2024-04-09 12:09:54,610 [ForkJoinPool.commonPool-worker-3] INFO  server.AbstractConnector (AbstractConnector.java:doStop(383)) - Stopped ServerConnector@24bb0fd3{HTTP/1.1, (http/1.1)}{0.0.0.0:15071}
2024-04-09 12:09:54,610 [ForkJoinPool.commonPool-worker-3] INFO  server.session (HouseKeeper.java:stopScavenging(149)) - node0 Stopped scavenging
2024-04-09 12:09:54,611 [ForkJoinPool.commonPool-worker-3] INFO  handler.ContextHandler (ContextHandler.java:doStop(1159)) - Stopped o.e.j.s.ServletContextHandler@ec0fa12{static,/static,file:///home/runner/work/ozone/ozone/hadoop-hdds/container-service/target/classes/webapps/static,STOPPED}
2024-04-09 12:09:54,611 [ForkJoinPool.commonPool-worker-3] INFO  handler.ContextHandler (ContextHandler.java:doStop(1159)) - Stopped o.e.j.s.ServletContextHandler@9138641{logs,/logs,file:///home/runner/work/ozone/ozone/hadoop-ozone/integration-test/target/log,STOPPED}
2024-04-09 12:09:54,611 [ForkJoinPool.commonPool-worker-3] INFO  ozone.HddsDatanodeClientProtocolServer (HddsDatanodeClientProtocolServer.java:stop(83)) - Stopping the RPC server for Client Protocol
2024-04-09 12:09:54,614 [ForkJoinPool.commonPool-worker-3] INFO  ipc.Server (Server.java:stop(3523)) - Stopping server on 15072
2024-04-09 12:09:54,614 [IPC Server listener on 15072] INFO  ipc.Server (Server.java:run(1434)) - Stopping IPC Server listener on 15072
2024-04-09 12:09:54,614 [IPC Server Responder] INFO  ipc.Server (Server.java:run(1567)) - Stopping IPC Server Responder
2024-04-09 12:09:54,616 [main] INFO  ozone.MiniOzoneClusterImpl (MiniOzoneClusterImpl.java:stopSCM(486)) - Stopping the StorageContainerManager
2024-04-09 12:09:54,616 [main] INFO  server.StorageContainerManager (StorageContainerManager.java:stop(1653)) - Container Balancer is not running.
2024-04-09 12:09:54,616 [main] INFO  server.StorageContainerManager (StorageContainerManager.java:stopReplicationManager(1786)) - Stopping Replication Manager Service.
2024-04-09 12:09:54,617 [main] INFO  replication.ReplicationManager (ReplicationManager.java:stop(328)) - Stopping Replication Monitor Thread.
2024-04-09 12:09:54,617 [main] INFO  server.StorageContainerManager (StorageContainerManager.java:stop(1662)) - Stopping the Datanode Admin Monitor.
2024-04-09 12:09:54,617 [ReplicationMonitor] INFO  replication.ReplicationManager (ReplicationManager.java:run(935)) - Replication Monitor Thread is stopped
2024-04-09 12:09:54,617 [OverReplicatedProcessor] WARN  replication.UnhealthyReplicationProcessor (UnhealthyReplicationProcessor.java:run(180)) - OverReplicatedProcessor interrupted. Exiting...
2024-04-09 12:09:54,617 [UnderReplicatedProcessor] WARN  replication.UnhealthyReplicationProcessor (UnhealthyReplicationProcessor.java:run(180)) - UnderReplicatedProcessor interrupted. Exiting...
2024-04-09 12:09:54,617 [main] INFO  server.StorageContainerManager (StorageContainerManager.java:stop(1669)) - Stopping datanode service RPC server
2024-04-09 12:09:54,617 [main] INFO  server.SCMDatanodeProtocolServer (SCMDatanodeProtocolServer.java:stop(425)) - Stopping the RPC server for DataNodes
2024-04-09 12:09:54,618 [main] INFO  ipc.Server (Server.java:stop(3523)) - Stopping server on 15055
2024-04-09 12:09:54,619 [IPC Server listener on 15055] INFO  ipc.Server (Server.java:run(1434)) - Stopping IPC Server listener on 15055
2024-04-09 12:09:54,619 [IPC Server Responder] INFO  ipc.Server (Server.java:run(1567)) - Stopping IPC Server Responder
2024-04-09 12:09:59,620 [main] INFO  server.StorageContainerManager (StorageContainerManager.java:stop(1677)) - Stopping block service RPC server
2024-04-09 12:09:59,620 [main] INFO  server.SCMBlockProtocolServer (SCMBlockProtocolServer.java:stop(171)) - Stopping the RPC server for Block Protocol
2024-04-09 12:09:59,620 [main] INFO  ipc.Server (Server.java:stop(3523)) - Stopping server on 15054
2024-04-09 12:09:59,622 [IPC Server listener on 15054] INFO  ipc.Server (Server.java:run(1434)) - Stopping IPC Server listener on 15054
2024-04-09 12:09:59,623 [IPC Server Responder] INFO  ipc.Server (Server.java:run(1567)) - Stopping IPC Server Responder
2024-04-09 12:09:59,623 [main] INFO  server.StorageContainerManager (StorageContainerManager.java:stop(1684)) - Stopping the StorageContainerLocationProtocol RPC server
2024-04-09 12:09:59,623 [main] INFO  server.SCMClientProtocolServer (SCMClientProtocolServer.java:stop(213)) - Stopping the RPC server for Client Protocol
2024-04-09 12:09:59,623 [main] INFO  ipc.Server (Server.java:stop(3523)) - Stopping server on 15053
2024-04-09 12:09:59,625 [IPC Server listener on 15053] INFO  ipc.Server (Server.java:run(1434)) - Stopping IPC Server listener on 15053
2024-04-09 12:09:59,625 [IPC Server Responder] INFO  ipc.Server (Server.java:run(1567)) - Stopping IPC Server Responder
2024-04-09 12:09:59,626 [main] INFO  server.StorageContainerManager (StorageContainerManager.java:stop(1691)) - Stopping Storage Container Manager HTTP server.
2024-04-09 12:09:59,627 [main] INFO  handler.ContextHandler (ContextHandler.java:doStop(1159)) - Stopped o.e.j.w.WebAppContext@68a52965{scm,/,null,STOPPED}{file:/home/runner/work/ozone/ozone/hadoop-ozone/integration-test/target/test-classes/webapps/scm}
2024-04-09 12:09:59,628 [main] INFO  server.AbstractConnector (AbstractConnector.java:doStop(383)) - Stopped ServerConnector@5bbc483f{HTTP/1.1, (http/1.1)}{0.0.0.0:15056}
2024-04-09 12:09:59,629 [main] INFO  server.session (HouseKeeper.java:stopScavenging(149)) - node0 Stopped scavenging
2024-04-09 12:09:59,629 [main] INFO  handler.ContextHandler (ContextHandler.java:doStop(1159)) - Stopped o.e.j.s.ServletContextHandler@34f67e81{static,/static,file:///home/runner/work/ozone/ozone/hadoop-ozone/integration-test/target/test-classes/webapps/static,STOPPED}
2024-04-09 12:09:59,629 [main] INFO  handler.ContextHandler (ContextHandler.java:doStop(1159)) - Stopped o.e.j.s.ServletContextHandler@11a9777b{logs,/logs,file:///home/runner/work/ozone/ozone/hadoop-ozone/integration-test/target/log,STOPPED}
2024-04-09 12:09:59,630 [main] INFO  server.StorageContainerManager (StorageContainerManager.java:stop(1699)) - Stopping SCM LayoutVersionManager Service.
2024-04-09 12:09:59,630 [main] INFO  server.StorageContainerManager (StorageContainerManager.java:stop(1711)) - Stopping Block Manager Service.
2024-04-09 12:09:59,631 [main] INFO  utils.BackgroundService (BackgroundService.java:shutdown(160)) - Shutting down service SCMBlockDeletingService
2024-04-09 12:09:59,631 [main] INFO  utils.BackgroundService (BackgroundService.java:shutdown(160)) - Shutting down service SCMBlockDeletingService
2024-04-09 12:09:59,632 [main] INFO  server.StorageContainerManager (StorageContainerManager.java:stop(1731)) - Stopping SCM Event Queue.
2024-04-09 12:09:59,635 [JvmPauseMonitor7] INFO  util.JvmPauseMonitor (JvmPauseMonitor.java:run(152)) - JvmPauseMonitor-9c3e2387-2462-4bfa-bea1-1b956c4f8d26: Stopped
2024-04-09 12:09:59,636 [main] INFO  server.StorageContainerManager (StorageContainerManager.java:stop(1742)) - Stopping SCM HA services.
2024-04-09 12:09:59,636 [main] INFO  pipeline.BackgroundPipelineCreator (BackgroundPipelineCreator.java:stop(152)) - Stopping RatisPipelineUtilsThread.
2024-04-09 12:09:59,636 [RatisPipelineUtilsThread-0] WARN  pipeline.BackgroundPipelineCreator (BackgroundPipelineCreator.java:run(183)) - RatisPipelineUtilsThread is interrupted.
2024-04-09 12:09:59,636 [BackgroundPipelineScrubber] WARN  BackgroundPipelineScrubber (BackgroundSCMService.java:run(112)) - BackgroundPipelineScrubber is interrupted, exit
2024-04-09 12:09:59,636 [main] INFO  BackgroundPipelineScrubber (BackgroundSCMService.java:stop(128)) - Stopping BackgroundPipelineScrubber Service.
2024-04-09 12:09:59,637 [main] INFO  impl.MetricsSystemImpl (MetricsSystemImpl.java:stop(210)) - Stopping HddsDatanode metrics system...
2024-04-09 12:09:59,639 [prometheus] INFO  impl.MetricsSinkAdapter (MetricsSinkAdapter.java:publishMetricsFromQueue(141)) - prometheus thread interrupted.
2024-04-09 12:09:59,639 [main] INFO  impl.MetricsSystemImpl (MetricsSystemImpl.java:stop(216)) - HddsDatanode metrics system stopped.
2024-04-09 12:09:59,640 [main] WARN  pipeline.BackgroundPipelineCreator (BackgroundPipelineCreator.java:stop(148)) - RatisPipelineUtilsThread is not running, just ignore.
2024-04-09 12:09:59,640 [main] INFO  BackgroundPipelineScrubber (BackgroundSCMService.java:stop(123)) - BackgroundPipelineScrubber Service is not running, skip stop.
2024-04-09 12:09:59,640 [ExpiredContainerReplicaOpScrubber] WARN  ExpiredContainerReplicaOpScrubber (BackgroundSCMService.java:run(112)) - ExpiredContainerReplicaOpScrubber is interrupted, exit
2024-04-09 12:09:59,640 [main] INFO  ExpiredContainerReplicaOpScrubber (BackgroundSCMService.java:stop(128)) - Stopping ExpiredContainerReplicaOpScrubber Service.
2024-04-09 12:09:59,640 [main] INFO  utils.BackgroundService (BackgroundService.java:shutdown(160)) - Shutting down service SCMBlockDeletingService
2024-04-09 12:09:59,641 [main] INFO  replication.ReplicationManager (ReplicationManager.java:stop(338)) - Replication Monitor Thread is not running.
2024-04-09 12:09:59,641 [main] WARN  balancer.ContainerBalancer (ContainerBalancer.java:stop(327)) - Cannot stop Container Balancer because it's not running or stopping
2024-04-09 12:09:59,641 [LeaseManager#LeaseMonitor] WARN  lease.LeaseManager (LeaseManager.java:run(287)) - Lease manager is interrupted. Shutting down...
java.lang.InterruptedException
	at java.util.concurrent.locks.AbstractQueuedSynchronizer.doAcquireSharedNanos(AbstractQueuedSynchronizer.java:1039)
	at java.util.concurrent.locks.AbstractQueuedSynchronizer.tryAcquireSharedNanos(AbstractQueuedSynchronizer.java:1328)
	at java.util.concurrent.Semaphore.tryAcquire(Semaphore.java:409)
	at org.apache.hadoop.ozone.lease.LeaseManager$LeaseMonitor.run(LeaseManager.java:285)
	at java.lang.Thread.run(Thread.java:750)
2024-04-09 12:09:59,641 [main] INFO  server.StorageContainerManager (StorageContainerManager.java:stop(1777)) - Stopping SCM MetadataStore.
]]></system-out>
  </testcase>
</testsuite>