<?xml version="1.0" encoding="UTF-8"?>
<testsuite xmlns:xsi="http://www.w3.org/2001/XMLSchema-instance" xsi:noNamespaceSchemaLocation="https://maven.apache.org/surefire/maven-surefire-plugin/xsd/surefire-test-report.xsd" name="org.apache.hadoop.ozone.client.rpc.TestWatchForCommit" time="195.181" tests="4" errors="1" skipped="0" failures="0">
  <properties>
    <property name="awt.toolkit" value="sun.awt.X11.XToolkit"/>
    <property name="file.encoding.pkg" value="sun.io"/>
    <property name="java.specification.version" value="1.8"/>
    <property name="sun.cpu.isalist" value=""/>
    <property name="sun.jnu.encoding" value="ANSI_X3.4-1968"/>
    <property name="java.class.path" value="/github/workspace/mnt/ozone/hadoop-ozone/integration-test/target/test-classes:/github/workspace/mnt/ozone/hadoop-ozone/integration-test/target/classes:/home/user/.m2/repository/org/apache/hadoop/hadoop-ozone-common/0.6.0-SNAPSHOT/hadoop-ozone-common-0.6.0-SNAPSHOT.jar:/home/user/.m2/repository/org/apache/commons/commons-compress/1.4.1/commons-compress-1.4.1.jar:/home/user/.m2/repository/org/tukaani/xz/1.0/xz-1.0.jar:/home/user/.m2/repository/org/apache/hadoop/hadoop-hdds-common/0.6.0-SNAPSHOT/hadoop-hdds-common-0.6.0-SNAPSHOT.jar:/home/user/.m2/repository/org/apache/hadoop/hadoop-hdds-hadoop-dependency-client/0.6.0-SNAPSHOT/hadoop-hdds-hadoop-dependency-client-0.6.0-SNAPSHOT.jar:/home/user/.m2/repository/info/picocli/picocli/3.9.6/picocli-3.9.6.jar:/home/user/.m2/repository/com/fasterxml/jackson/core/jackson-annotations/2.10.3/jackson-annotations-2.10.3.jar:/home/user/.m2/repository/javax/annotation/javax.annotation-api/1.2/javax.annotation-api-1.2.jar:/home/user/.m2/repository/org/apache/ratis/ratis-server/0.6.0-6ab75ae-SNAPSHOT/ratis-server-0.6.0-6ab75ae-SNAPSHOT.jar:/home/user/.m2/repository/org/apache/ratis/ratis-client/0.6.0-6ab75ae-SNAPSHOT/ratis-client-0.6.0-6ab75ae-SNAPSHOT.jar:/home/user/.m2/repository/org/apache/ratis/ratis-metrics/0.6.0-6ab75ae-SNAPSHOT/ratis-metrics-0.6.0-6ab75ae-SNAPSHOT.jar:/home/user/.m2/repository/org/apache/ratis/ratis-netty/0.6.0-6ab75ae-SNAPSHOT/ratis-netty-0.6.0-6ab75ae-SNAPSHOT.jar:/home/user/.m2/repository/org/apache/ratis/ratis-grpc/0.6.0-6ab75ae-SNAPSHOT/ratis-grpc-0.6.0-6ab75ae-SNAPSHOT.jar:/home/user/.m2/repository/org/apache/logging/log4j/log4j-api/2.11.0/log4j-api-2.11.0.jar:/home/user/.m2/repository/org/apache/logging/log4j/log4j-core/2.11.0/log4j-core-2.11.0.jar:/home/user/.m2/repository/com/lmax/disruptor/3.4.2/disruptor-3.4.2.jar:/home/user/.m2/repository/org/apache/commons/commons-pool2/2.6.0/commons-pool2-2.6.0.jar:/home/user/.m2/repository/org/bouncycastle/bcpkix-jdk15on/1.60/bcpkix-jdk15on-1.60.jar:/home/user/.m2/repository/commons-validator/commons-validator/1.6/commons-validator-1.6.jar:/home/user/.m2/repository/commons-digester/commons-digester/1.8.1/commons-digester-1.8.1.jar:/home/user/.m2/repository/io/jaegertracing/jaeger-client/1.2.0/jaeger-client-1.2.0.jar:/home/user/.m2/repository/io/jaegertracing/jaeger-thrift/1.2.0/jaeger-thrift-1.2.0.jar:/home/user/.m2/repository/org/apache/thrift/libthrift/0.13.0/libthrift-0.13.0.jar:/home/user/.m2/repository/com/squareup/okhttp3/okhttp/4.2.2/okhttp-4.2.2.jar:/home/user/.m2/repository/com/squareup/okio/okio/2.2.2/okio-2.2.2.jar:/home/user/.m2/repository/org/jetbrains/kotlin/kotlin-stdlib/1.3.50/kotlin-stdlib-1.3.50.jar:/home/user/.m2/repository/org/jetbrains/kotlin/kotlin-stdlib-common/1.3.50/kotlin-stdlib-common-1.3.50.jar:/home/user/.m2/repository/org/jetbrains/annotations/13.0/annotations-13.0.jar:/home/user/.m2/repository/io/jaegertracing/jaeger-core/1.2.0/jaeger-core-1.2.0.jar:/home/user/.m2/repository/io/jaegertracing/jaeger-tracerresolver/1.2.0/jaeger-tracerresolver-1.2.0.jar:/home/user/.m2/repository/io/opentracing/contrib/opentracing-tracerresolver/0.1.8/opentracing-tracerresolver-0.1.8.jar:/home/user/.m2/repository/io/opentracing/opentracing-util/0.33.0/opentracing-util-0.33.0.jar:/home/user/.m2/repository/io/opentracing/opentracing-api/0.33.0/opentracing-api-0.33.0.jar:/home/user/.m2/repository/io/opentracing/opentracing-noop/0.33.0/opentracing-noop-0.33.0.jar:/home/user/.m2/repository/org/apache/hadoop/hadoop-hdds-client/0.6.0-SNAPSHOT/hadoop-hdds-client-0.6.0-SNAPSHOT.jar:/home/user/.m2/repository/org/apache/hadoop/hadoop-ozone-interface-client/0.6.0-SNAPSHOT/hadoop-ozone-interface-client-0.6.0-SNAPSHOT.jar:/home/user/.m2/repository/org/apache/hadoop/hadoop-hdds-test-utils/0.6.0-SNAPSHOT/hadoop-hdds-test-utils-0.6.0-SNAPSHOT.jar:/home/user/.m2/repository/com/google/guava/guava/28.2-jre/guava-28.2-jre.jar:/home/user/.m2/repository/com/google/guava/failureaccess/1.0.1/failureaccess-1.0.1.jar:/home/user/.m2/repository/com/google/guava/listenablefuture/9999.0-empty-to-avoid-conflict-with-guava/listenablefuture-9999.0-empty-to-avoid-conflict-with-guava.jar:/home/user/.m2/repository/com/google/code/findbugs/jsr305/3.0.0/jsr305-3.0.0.jar:/home/user/.m2/repository/org/checkerframework/checker-qual/2.10.0/checker-qual-2.10.0.jar:/home/user/.m2/repository/com/google/errorprone/error_prone_annotations/2.2.0/error_prone_annotations-2.2.0.jar:/home/user/.m2/repository/com/google/j2objc/j2objc-annotations/1.3/j2objc-annotations-1.3.jar:/home/user/.m2/repository/commons-io/commons-io/2.5/commons-io-2.5.jar:/home/user/.m2/repository/commons-logging/commons-logging/1.2/commons-logging-1.2.jar:/home/user/.m2/repository/log4j/log4j/1.2.17/log4j-1.2.17.jar:/home/user/.m2/repository/org/slf4j/slf4j-api/1.7.25/slf4j-api-1.7.25.jar:/home/user/.m2/repository/org/apache/hadoop/hadoop-hdds-server-scm/0.6.0-SNAPSHOT/hadoop-hdds-server-scm-0.6.0-SNAPSHOT.jar:/home/user/.m2/repository/org/apache/hadoop/hadoop-hdds-container-service/0.6.0-SNAPSHOT/hadoop-hdds-container-service-0.6.0-SNAPSHOT.jar:/home/user/.m2/repository/org/apache/hadoop/hadoop-hdds-hadoop-dependency-server/0.6.0-SNAPSHOT/hadoop-hdds-hadoop-dependency-server-0.6.0-SNAPSHOT.jar:/home/user/.m2/repository/org/apache/hadoop/hadoop-hdds-server-framework/0.6.0-SNAPSHOT/hadoop-hdds-server-framework-0.6.0-SNAPSHOT.jar:/home/user/.m2/repository/org/apache/hadoop/hadoop-hdds-interface-server/0.6.0-SNAPSHOT/hadoop-hdds-interface-server-0.6.0-SNAPSHOT.jar:/home/user/.m2/repository/org/apache/hadoop/hadoop-hdds-interface-admin/0.6.0-SNAPSHOT/hadoop-hdds-interface-admin-0.6.0-SNAPSHOT.jar:/home/user/.m2/repository/org/rocksdb/rocksdbjni/6.8.1/rocksdbjni-6.8.1.jar:/home/user/.m2/repository/io/prometheus/simpleclient_dropwizard/0.7.0/simpleclient_dropwizard-0.7.0.jar:/home/user/.m2/repository/io/prometheus/simpleclient/0.7.0/simpleclient-0.7.0.jar:/home/user/.m2/repository/io/prometheus/simpleclient_common/0.7.0/simpleclient_common-0.7.0.jar:/home/user/.m2/repository/com/fasterxml/jackson/datatype/jackson-datatype-jsr310/2.10.3/jackson-datatype-jsr310-2.10.3.jar:/home/user/.m2/repository/org/apache/hadoop/hadoop-hdds-docs/0.6.0-SNAPSHOT/hadoop-hdds-docs-0.6.0-SNAPSHOT.jar:/home/user/.m2/repository/io/dropwizard/metrics/metrics-core/3.2.4/metrics-core-3.2.4.jar:/home/user/.m2/repository/org/apache/hadoop/hadoop-hdfs-client/3.2.1/hadoop-hdfs-client-3.2.1.jar:/home/user/.m2/repository/org/bouncycastle/bcprov-jdk15on/1.60/bcprov-jdk15on-1.60.jar:/home/user/.m2/repository/org/apache/hadoop/hadoop-ozone-ozone-manager/0.6.0-SNAPSHOT/hadoop-ozone-ozone-manager-0.6.0-SNAPSHOT.jar:/home/user/.m2/repository/org/apache/hadoop/hadoop-hdds-interface-client/0.6.0-SNAPSHOT/hadoop-hdds-interface-client-0.6.0-SNAPSHOT.jar:/home/user/.m2/repository/org/apache/ratis/ratis-thirdparty-misc/0.4.0/ratis-thirdparty-misc-0.4.0.jar:/home/user/.m2/repository/org/apache/hadoop/hadoop-minikdc/3.2.1/hadoop-minikdc-3.2.1.jar:/home/user/.m2/repository/org/apache/kerby/kerb-simplekdc/1.0.1/kerb-simplekdc-1.0.1.jar:/home/user/.m2/repository/org/apache/kerby/kerb-client/1.0.1/kerb-client-1.0.1.jar:/home/user/.m2/repository/org/apache/kerby/kerby-config/1.0.1/kerby-config-1.0.1.jar:/home/user/.m2/repository/org/apache/kerby/kerb-core/1.0.1/kerb-core-1.0.1.jar:/home/user/.m2/repository/org/apache/kerby/kerby-pkix/1.0.1/kerby-pkix-1.0.1.jar:/home/user/.m2/repository/org/apache/kerby/kerby-asn1/1.0.1/kerby-asn1-1.0.1.jar:/home/user/.m2/repository/org/apache/kerby/kerby-util/1.0.1/kerby-util-1.0.1.jar:/home/user/.m2/repository/org/apache/kerby/kerb-common/1.0.1/kerb-common-1.0.1.jar:/home/user/.m2/repository/org/apache/kerby/kerb-crypto/1.0.1/kerb-crypto-1.0.1.jar:/home/user/.m2/repository/org/apache/kerby/kerb-util/1.0.1/kerb-util-1.0.1.jar:/home/user/.m2/repository/org/apache/kerby/token-provider/1.0.1/token-provider-1.0.1.jar:/home/user/.m2/repository/org/apache/kerby/kerb-admin/1.0.1/kerb-admin-1.0.1.jar:/home/user/.m2/repository/org/apache/kerby/kerb-server/1.0.1/kerb-server-1.0.1.jar:/home/user/.m2/repository/org/apache/kerby/kerb-identity/1.0.1/kerb-identity-1.0.1.jar:/home/user/.m2/repository/org/apache/kerby/kerby-xdr/1.0.1/kerby-xdr-1.0.1.jar:/home/user/.m2/repository/org/slf4j/slf4j-log4j12/1.7.25/slf4j-log4j12-1.7.25.jar:/home/user/.m2/repository/org/apache/hadoop/hadoop-ozone-s3gateway/0.6.0-SNAPSHOT/hadoop-ozone-s3gateway-0.6.0-SNAPSHOT.jar:/home/user/.m2/repository/org/jboss/weld/servlet/weld-servlet/2.4.7.Final/weld-servlet-2.4.7.Final.jar:/home/user/.m2/repository/org/glassfish/jersey/containers/jersey-container-servlet-core/2.27/jersey-container-servlet-core-2.27.jar:/home/user/.m2/repository/org/glassfish/hk2/external/javax.inject/2.5.0-b42/javax.inject-2.5.0-b42.jar:/home/user/.m2/repository/org/glassfish/jersey/core/jersey-common/2.27/jersey-common-2.27.jar:/home/user/.m2/repository/org/glassfish/hk2/osgi-resource-locator/1.0.1/osgi-resource-locator-1.0.1.jar:/home/user/.m2/repository/javax/ws/rs/javax.ws.rs-api/2.1/javax.ws.rs-api-2.1.jar:/home/user/.m2/repository/org/glassfish/jersey/ext/cdi/jersey-cdi1x/2.27/jersey-cdi1x-2.27.jar:/home/user/.m2/repository/org/glassfish/jersey/inject/jersey-hk2/2.27/jersey-hk2-2.27.jar:/home/user/.m2/repository/org/glassfish/hk2/hk2-locator/2.5.0-b42/hk2-locator-2.5.0-b42.jar:/home/user/.m2/repository/org/javassist/javassist/3.22.0-CR2/javassist-3.22.0-CR2.jar:/home/user/.m2/repository/org/glassfish/hk2/hk2-api/2.5.0/hk2-api-2.5.0.jar:/home/user/.m2/repository/org/glassfish/hk2/external/jakarta.inject/2.5.0/jakarta.inject-2.5.0.jar:/home/user/.m2/repository/org/glassfish/hk2/hk2-utils/2.5.0/hk2-utils-2.5.0.jar:/home/user/.m2/repository/jakarta/annotation/jakarta.annotation-api/1.3.4/jakarta.annotation-api-1.3.4.jar:/home/user/.m2/repository/org/glassfish/hk2/external/aopalliance-repackaged/2.5.0/aopalliance-repackaged-2.5.0.jar:/home/user/.m2/repository/com/fasterxml/jackson/dataformat/jackson-dataformat-xml/2.10.3/jackson-dataformat-xml-2.10.3.jar:/home/user/.m2/repository/com/fasterxml/jackson/core/jackson-core/2.10.3/jackson-core-2.10.3.jar:/home/user/.m2/repository/com/fasterxml/jackson/module/jackson-module-jaxb-annotations/2.10.3/jackson-module-jaxb-annotations-2.10.3.jar:/home/user/.m2/repository/jakarta/xml/bind/jakarta.xml.bind-api/2.3.2/jakarta.xml.bind-api-2.3.2.jar:/home/user/.m2/repository/jakarta/activation/jakarta.activation-api/1.2.1/jakarta.activation-api-1.2.1.jar:/home/user/.m2/repository/org/codehaus/woodstox/stax2-api/3.1.4/stax2-api-3.1.4.jar:/home/user/.m2/repository/com/fasterxml/woodstox/woodstox-core/5.0.3/woodstox-core-5.0.3.jar:/home/user/.m2/repository/javax/enterprise/cdi-api/1.2/cdi-api-1.2.jar:/home/user/.m2/repository/javax/el/javax.el-api/3.0.0/javax.el-api-3.0.0.jar:/home/user/.m2/repository/javax/interceptor/javax.interceptor-api/1.2/javax.interceptor-api-1.2.jar:/home/user/.m2/repository/javax/inject/javax.inject/1/javax.inject-1.jar:/home/user/.m2/repository/com/sun/xml/bind/jaxb-impl/2.3.0.1/jaxb-impl-2.3.0.1.jar:/home/user/.m2/repository/com/sun/xml/bind/jaxb-core/2.3.0.1/jaxb-core-2.3.0.1.jar:/home/user/.m2/repository/javax/xml/bind/jaxb-api/2.3.0/jaxb-api-2.3.0.jar:/home/user/.m2/repository/javax/activation/activation/1.1.1/activation-1.1.1.jar:/home/user/.m2/repository/org/apache/hadoop/hadoop-ozone-csi/0.6.0-SNAPSHOT/hadoop-ozone-csi-0.6.0-SNAPSHOT.jar:/home/user/.m2/repository/com/google/protobuf/protobuf-java-util/3.11.0/protobuf-java-util-3.11.0.jar:/home/user/.m2/repository/com/google/code/gson/gson/2.2.4/gson-2.2.4.jar:/home/user/.m2/repository/org/apache/hadoop/hadoop-hdds-config/0.6.0-SNAPSHOT/hadoop-hdds-config-0.6.0-SNAPSHOT.jar:/home/user/.m2/repository/com/google/protobuf/protobuf-java/2.5.0/protobuf-java-2.5.0.jar:/home/user/.m2/repository/io/grpc/grpc-netty/1.29.0/grpc-netty-1.29.0.jar:/home/user/.m2/repository/io/grpc/grpc-core/1.29.0/grpc-core-1.29.0.jar:/home/user/.m2/repository/com/google/android/annotations/4.1.1.4/annotations-4.1.1.4.jar:/home/user/.m2/repository/io/perfmark/perfmark-api/0.19.0/perfmark-api-0.19.0.jar:/home/user/.m2/repository/io/netty/netty-codec-http2/4.1.48.Final/netty-codec-http2-4.1.48.Final.jar:/home/user/.m2/repository/io/netty/netty-codec/4.1.48.Final/netty-codec-4.1.48.Final.jar:/home/user/.m2/repository/io/netty/netty-handler/4.1.48.Final/netty-handler-4.1.48.Final.jar:/home/user/.m2/repository/io/netty/netty-codec-http/4.1.48.Final/netty-codec-http-4.1.48.Final.jar:/home/user/.m2/repository/io/netty/netty-handler-proxy/4.1.48.Final/netty-handler-proxy-4.1.48.Final.jar:/home/user/.m2/repository/io/netty/netty-codec-socks/4.1.48.Final/netty-codec-socks-4.1.48.Final.jar:/home/user/.m2/repository/io/netty/netty-transport-native-epoll/4.1.48.Final/netty-transport-native-epoll-4.1.48.Final.jar:/home/user/.m2/repository/io/netty/netty-common/4.1.48.Final/netty-common-4.1.48.Final.jar:/home/user/.m2/repository/io/netty/netty-buffer/4.1.48.Final/netty-buffer-4.1.48.Final.jar:/home/user/.m2/repository/io/netty/netty-transport/4.1.48.Final/netty-transport-4.1.48.Final.jar:/home/user/.m2/repository/io/netty/netty-resolver/4.1.48.Final/netty-resolver-4.1.48.Final.jar:/home/user/.m2/repository/io/netty/netty-transport-native-unix-common/4.1.48.Final/netty-transport-native-unix-common-4.1.48.Final.jar:/home/user/.m2/repository/io/grpc/grpc-protobuf/1.29.0/grpc-protobuf-1.29.0.jar:/home/user/.m2/repository/io/grpc/grpc-api/1.29.0/grpc-api-1.29.0.jar:/home/user/.m2/repository/io/grpc/grpc-context/1.29.0/grpc-context-1.29.0.jar:/home/user/.m2/repository/org/codehaus/mojo/animal-sniffer-annotations/1.18/animal-sniffer-annotations-1.18.jar:/home/user/.m2/repository/com/google/api/grpc/proto-google-common-protos/1.17.0/proto-google-common-protos-1.17.0.jar:/home/user/.m2/repository/io/grpc/grpc-protobuf-lite/1.29.0/grpc-protobuf-lite-1.29.0.jar:/home/user/.m2/repository/io/grpc/grpc-stub/1.29.0/grpc-stub-1.29.0.jar:/home/user/.m2/repository/org/apache/hadoop/hadoop-ozone-recon/0.6.0-SNAPSHOT/hadoop-ozone-recon-0.6.0-SNAPSHOT.jar:/home/user/.m2/repository/org/apache/hadoop/hadoop-ozone-reconcodegen/0.6.0-SNAPSHOT/hadoop-ozone-reconcodegen-0.6.0-SNAPSHOT.jar:/home/user/.m2/repository/com/google/inject/extensions/guice-multibindings/4.0/guice-multibindings-4.0.jar:/home/user/.m2/repository/com/google/inject/guice/4.0/guice-4.0.jar:/home/user/.m2/repository/aopalliance/aopalliance/1.0/aopalliance-1.0.jar:/home/user/.m2/repository/com/google/inject/extensions/guice-assistedinject/4.0/guice-assistedinject-4.0.jar:/home/user/.m2/repository/com/google/inject/extensions/guice-servlet/4.0/guice-servlet-4.0.jar:/home/user/.m2/repository/org/glassfish/jersey/containers/jersey-container-servlet/2.27/jersey-container-servlet-2.27.jar:/home/user/.m2/repository/org/glassfish/hk2/guice-bridge/2.5.0/guice-bridge-2.5.0.jar:/home/user/.m2/repository/org/glassfish/jersey/core/jersey-server/2.27/jersey-server-2.27.jar:/home/user/.m2/repository/org/glassfish/jersey/core/jersey-client/2.27/jersey-client-2.27.jar:/home/user/.m2/repository/org/glassfish/jersey/media/jersey-media-jaxb/2.27/jersey-media-jaxb-2.27.jar:/home/user/.m2/repository/javax/validation/validation-api/1.1.0.Final/validation-api-1.1.0.Final.jar:/home/user/.m2/repository/org/glassfish/jersey/media/jersey-media-json-jackson/2.27/jersey-media-json-jackson-2.27.jar:/home/user/.m2/repository/org/glassfish/jersey/ext/jersey-entity-filtering/2.27/jersey-entity-filtering-2.27.jar:/home/user/.m2/repository/org/jooq/jooq/3.11.10/jooq-3.11.10.jar:/home/user/.m2/repository/org/jooq/jooq-meta/3.11.10/jooq-meta-3.11.10.jar:/home/user/.m2/repository/org/jooq/jooq-codegen/3.11.10/jooq-codegen-3.11.10.jar:/home/user/.m2/repository/com/jolbox/bonecp/0.8.0.RELEASE/bonecp-0.8.0.RELEASE.jar:/home/user/.m2/repository/org/apache/derby/derby/10.14.2.0/derby-10.14.2.0.jar:/home/user/.m2/repository/org/xerial/sqlite-jdbc/3.25.2/sqlite-jdbc-3.25.2.jar:/home/user/.m2/repository/org/springframework/spring-jdbc/5.2.5.RELEASE/spring-jdbc-5.2.5.RELEASE.jar:/home/user/.m2/repository/org/springframework/spring-beans/5.2.5.RELEASE/spring-beans-5.2.5.RELEASE.jar:/home/user/.m2/repository/org/springframework/spring-core/5.2.5.RELEASE/spring-core-5.2.5.RELEASE.jar:/home/user/.m2/repository/org/springframework/spring-jcl/5.2.5.RELEASE/spring-jcl-5.2.5.RELEASE.jar:/home/user/.m2/repository/org/springframework/spring-tx/5.2.5.RELEASE/spring-tx-5.2.5.RELEASE.jar:/home/user/.m2/repository/org/apache/hadoop/hadoop-ozone-client/0.6.0-SNAPSHOT/hadoop-ozone-client-0.6.0-SNAPSHOT.jar:/home/user/.m2/repository/org/apache/hadoop/hadoop-ozone-filesystem/0.6.0-SNAPSHOT/hadoop-ozone-filesystem-0.6.0-SNAPSHOT.jar:/home/user/.m2/repository/org/apache/hadoop/hadoop-ozone-filesystem-common/0.6.0-SNAPSHOT/hadoop-ozone-filesystem-common-0.6.0-SNAPSHOT.jar:/home/user/.m2/repository/org/apache/hadoop/hadoop-ozone-tools/0.6.0-SNAPSHOT/hadoop-ozone-tools-0.6.0-SNAPSHOT.jar:/home/user/.m2/repository/org/apache/hadoop/hadoop-hdfs/3.2.1/hadoop-hdfs-3.2.1.jar:/home/user/.m2/repository/org/apache/ratis/ratis-tools/0.6.0-6ab75ae-SNAPSHOT/ratis-tools-0.6.0-6ab75ae-SNAPSHOT.jar:/home/user/.m2/repository/org/apache/ratis/ratis-proto/0.6.0-6ab75ae-SNAPSHOT/ratis-proto-0.6.0-6ab75ae-SNAPSHOT.jar:/home/user/.m2/repository/org/apache/ratis/ratis-common/0.6.0-6ab75ae-SNAPSHOT/ratis-common-0.6.0-6ab75ae-SNAPSHOT.jar:/home/user/.m2/repository/com/amazonaws/aws-java-sdk-core/1.11.615/aws-java-sdk-core-1.11.615.jar:/home/user/.m2/repository/org/apache/httpcomponents/httpclient/4.5.2/httpclient-4.5.2.jar:/home/user/.m2/repository/org/apache/httpcomponents/httpcore/4.4.4/httpcore-4.4.4.jar:/home/user/.m2/repository/software/amazon/ion/ion-java/1.0.2/ion-java-1.0.2.jar:/home/user/.m2/repository/com/fasterxml/jackson/dataformat/jackson-dataformat-cbor/2.10.3/jackson-dataformat-cbor-2.10.3.jar:/home/user/.m2/repository/joda-time/joda-time/2.8.1/joda-time-2.8.1.jar:/home/user/.m2/repository/com/amazonaws/aws-java-sdk-s3/1.11.615/aws-java-sdk-s3-1.11.615.jar:/home/user/.m2/repository/com/amazonaws/aws-java-sdk-kms/1.11.615/aws-java-sdk-kms-1.11.615.jar:/home/user/.m2/repository/com/amazonaws/jmespath-java/1.11.615/jmespath-java-1.11.615.jar:/home/user/.m2/repository/org/apache/hadoop/hadoop-hdds-tools/0.6.0-SNAPSHOT/hadoop-hdds-tools-0.6.0-SNAPSHOT.jar:/home/user/.m2/repository/commons-cli/commons-cli/1.2/commons-cli-1.2.jar:/home/user/.m2/repository/org/apache/commons/commons-lang3/3.7/commons-lang3-3.7.jar:/home/user/.m2/repository/org/apache/hadoop/hadoop-ozone-ozone-manager/0.6.0-SNAPSHOT/hadoop-ozone-ozone-manager-0.6.0-SNAPSHOT-tests.jar:/home/user/.m2/repository/junit/junit/4.11/junit-4.11.jar:/home/user/.m2/repository/org/hamcrest/hamcrest-core/1.3/hamcrest-core-1.3.jar:/home/user/.m2/repository/org/openjdk/jmh/jmh-core/1.19/jmh-core-1.19.jar:/home/user/.m2/repository/net/sf/jopt-simple/jopt-simple/4.6/jopt-simple-4.6.jar:/home/user/.m2/repository/org/apache/commons/commons-math3/3.1.1/commons-math3-3.1.1.jar:/home/user/.m2/repository/org/openjdk/jmh/jmh-generator-annprocess/1.19/jmh-generator-annprocess-1.19.jar:/home/user/.m2/repository/org/mockito/mockito-all/1.8.5/mockito-all-1.8.5.jar:/home/user/.m2/repository/org/apache/hadoop/hadoop-kms/3.2.1/hadoop-kms-3.2.1.jar:/home/user/.m2/repository/org/apache/hadoop/hadoop-auth/3.2.1/hadoop-auth-3.2.1.jar:/home/user/.m2/repository/com/nimbusds/nimbus-jose-jwt/7.9/nimbus-jose-jwt-7.9.jar:/home/user/.m2/repository/com/github/stephenc/jcip/jcip-annotations/1.0-1/jcip-annotations-1.0-1.jar:/home/user/.m2/repository/net/minidev/json-smart/2.3/json-smart-2.3.jar:/home/user/.m2/repository/net/minidev/accessors-smart/1.2/accessors-smart-1.2.jar:/home/user/.m2/repository/org/ow2/asm/asm/5.0.4/asm-5.0.4.jar:/home/user/.m2/repository/org/apache/zookeeper/zookeeper/3.4.13/zookeeper-3.4.13.jar:/home/user/.m2/repository/org/apache/yetus/audience-annotations/0.5.0/audience-annotations-0.5.0.jar:/home/user/.m2/repository/org/apache/curator/curator-framework/2.13.0/curator-framework-2.13.0.jar:/home/user/.m2/repository/com/sun/jersey/jersey-core/1.19/jersey-core-1.19.jar:/home/user/.m2/repository/javax/ws/rs/jsr311-api/1.1.1/jsr311-api-1.1.1.jar:/home/user/.m2/repository/com/sun/jersey/jersey-server/1.19/jersey-server-1.19.jar:/home/user/.m2/repository/javax/servlet/javax.servlet-api/3.1.0/javax.servlet-api-3.1.0.jar:/home/user/.m2/repository/org/eclipse/jetty/jetty-server/9.4.26.v20200117/jetty-server-9.4.26.v20200117.jar:/home/user/.m2/repository/org/eclipse/jetty/jetty-http/9.4.26.v20200117/jetty-http-9.4.26.v20200117.jar:/home/user/.m2/repository/org/eclipse/jetty/jetty-io/9.4.26.v20200117/jetty-io-9.4.26.v20200117.jar:/home/user/.m2/repository/org/eclipse/jetty/jetty-webapp/9.4.26.v20200117/jetty-webapp-9.4.26.v20200117.jar:/home/user/.m2/repository/org/eclipse/jetty/jetty-xml/9.4.26.v20200117/jetty-xml-9.4.26.v20200117.jar:/home/user/.m2/repository/org/eclipse/jetty/jetty-servlet/9.4.26.v20200117/jetty-servlet-9.4.26.v20200117.jar:/home/user/.m2/repository/org/eclipse/jetty/jetty-security/9.4.26.v20200117/jetty-security-9.4.26.v20200117.jar:/home/user/.m2/repository/org/apache/hadoop/hadoop-common/3.2.1/hadoop-common-3.2.1.jar:/home/user/.m2/repository/commons-net/commons-net/3.6/commons-net-3.6.jar:/home/user/.m2/repository/commons-collections/commons-collections/3.2.2/commons-collections-3.2.2.jar:/home/user/.m2/repository/com/sun/jersey/jersey-servlet/1.19/jersey-servlet-1.19.jar:/home/user/.m2/repository/com/sun/jersey/jersey-json/1.19/jersey-json-1.19.jar:/home/user/.m2/repository/org/codehaus/jettison/jettison/1.1/jettison-1.1.jar:/home/user/.m2/repository/org/codehaus/jackson/jackson-jaxrs/1.9.2/jackson-jaxrs-1.9.2.jar:/home/user/.m2/repository/org/codehaus/jackson/jackson-xc/1.9.2/jackson-xc-1.9.2.jar:/home/user/.m2/repository/commons-beanutils/commons-beanutils/1.9.4/commons-beanutils-1.9.4.jar:/home/user/.m2/repository/org/apache/commons/commons-configuration2/2.1.1/commons-configuration2-2.1.1.jar:/home/user/.m2/repository/org/apache/commons/commons-text/1.4/commons-text-1.4.jar:/home/user/.m2/repository/com/google/re2j/re2j/1.1/re2j-1.1.jar:/home/user/.m2/repository/com/jcraft/jsch/0.1.54/jsch-0.1.54.jar:/home/user/.m2/repository/org/apache/curator/curator-client/2.13.0/curator-client-2.13.0.jar:/home/user/.m2/repository/org/apache/curator/curator-recipes/2.13.0/curator-recipes-2.13.0.jar:/home/user/.m2/repository/dnsjava/dnsjava/2.1.7/dnsjava-2.1.7.jar:/home/user/.m2/repository/org/slf4j/jul-to-slf4j/1.7.25/jul-to-slf4j-1.7.25.jar:/home/user/.m2/repository/org/eclipse/jetty/jetty-util/9.4.26.v20200117/jetty-util-9.4.26.v20200117.jar:/home/user/.m2/repository/com/fasterxml/jackson/core/jackson-databind/2.10.3/jackson-databind-2.10.3.jar:/home/user/.m2/repository/org/apache/hadoop/hadoop-kms/3.2.1/hadoop-kms-3.2.1-tests.jar:/home/user/.m2/repository/org/apache/hadoop/hadoop-hdds-server-scm/0.6.0-SNAPSHOT/hadoop-hdds-server-scm-0.6.0-SNAPSHOT-tests.jar:/home/user/.m2/repository/org/apache/hadoop/hadoop-hdds-container-service/0.6.0-SNAPSHOT/hadoop-hdds-container-service-0.6.0-SNAPSHOT-tests.jar:/home/user/.m2/repository/org/apache/hadoop/hadoop-hdds-common/0.6.0-SNAPSHOT/hadoop-hdds-common-0.6.0-SNAPSHOT-tests.jar:/home/user/.m2/repository/org/yaml/snakeyaml/1.16/snakeyaml-1.16.jar:/home/user/.m2/repository/org/apache/hadoop/hadoop-hdds-hadoop-dependency-test/0.6.0-SNAPSHOT/hadoop-hdds-hadoop-dependency-test-0.6.0-SNAPSHOT.jar:/home/user/.m2/repository/org/apache/hadoop/hadoop-common/3.2.1/hadoop-common-3.2.1-tests.jar:/home/user/.m2/repository/javax/servlet/jsp/jsp-api/2.1/jsp-api-2.1.jar:/home/user/.m2/repository/org/apache/hadoop/hadoop-hdfs/3.2.1/hadoop-hdfs-3.2.1-tests.jar:/home/user/.m2/repository/org/eclipse/jetty/jetty-util-ajax/9.4.26.v20200117/jetty-util-ajax-9.4.26.v20200117.jar:/home/user/.m2/repository/commons-codec/commons-codec/1.11/commons-codec-1.11.jar:/home/user/.m2/repository/commons-daemon/commons-daemon/1.0.13/commons-daemon-1.0.13.jar:/home/user/.m2/repository/io/netty/netty/3.10.5.Final/netty-3.10.5.Final.jar:/home/user/.m2/repository/io/netty/netty-all/4.1.48.Final/netty-all-4.1.48.Final.jar:/home/user/.m2/repository/org/apache/htrace/htrace-core4/4.1.0-incubating/htrace-core4-4.1.0-incubating.jar:/home/user/.m2/repository/org/fusesource/leveldbjni/leveldbjni-all/1.8/leveldbjni-all-1.8.jar:/home/user/.m2/repository/org/apache/hadoop/hadoop-distcp/3.2.1/hadoop-distcp-3.2.1.jar:/home/user/.m2/repository/org/apache/hadoop/hadoop-mapreduce-client-jobclient/3.2.1/hadoop-mapreduce-client-jobclient-3.2.1.jar:/home/user/.m2/repository/org/apache/hadoop/hadoop-mapreduce-client-common/3.2.1/hadoop-mapreduce-client-common-3.2.1.jar:/home/user/.m2/repository/org/apache/hadoop/hadoop-yarn-common/3.2.1/hadoop-yarn-common-3.2.1.jar:/home/user/.m2/repository/org/apache/hadoop/hadoop-yarn-api/3.2.1/hadoop-yarn-api-3.2.1.jar:/home/user/.m2/repository/com/sun/jersey/jersey-client/1.19/jersey-client-1.19.jar:/home/user/.m2/repository/com/sun/jersey/contribs/jersey-guice/1.19/jersey-guice-1.19.jar:/home/user/.m2/repository/com/fasterxml/jackson/jaxrs/jackson-jaxrs-json-provider/2.10.3/jackson-jaxrs-json-provider-2.10.3.jar:/home/user/.m2/repository/com/fasterxml/jackson/jaxrs/jackson-jaxrs-base/2.10.3/jackson-jaxrs-base-2.10.3.jar:/home/user/.m2/repository/org/apache/hadoop/hadoop-yarn-client/3.2.1/hadoop-yarn-client-3.2.1.jar:/home/user/.m2/repository/org/apache/hadoop/hadoop-mapreduce-client-core/3.2.1/hadoop-mapreduce-client-core-3.2.1.jar:/home/user/.m2/repository/org/apache/avro/avro/1.7.7/avro-1.7.7.jar:/home/user/.m2/repository/org/codehaus/jackson/jackson-core-asl/1.9.13/jackson-core-asl-1.9.13.jar:/home/user/.m2/repository/org/codehaus/jackson/jackson-mapper-asl/1.9.13/jackson-mapper-asl-1.9.13.jar:/home/user/.m2/repository/com/thoughtworks/paranamer/paranamer/2.3/paranamer-2.3.jar:/home/user/.m2/repository/org/xerial/snappy/snappy-java/1.0.5/snappy-java-1.0.5.jar:/home/user/.m2/repository/org/apache/hadoop/hadoop-annotations/3.2.1/hadoop-annotations-3.2.1.jar:/usr/lib/jvm/java-1.8.0-openjdk-1.8.0.232.b09-0.el7_7.x86_64/jre/../lib/tools.jar:/home/user/.m2/repository/org/apache/hadoop/hadoop-distcp/3.2.1/hadoop-distcp-3.2.1-tests.jar:"/>
    <property name="java.vm.vendor" value="Oracle Corporation"/>
    <property name="sun.arch.data.model" value="64"/>
    <property name="test.build.dir" value="/github/workspace/mnt/ozone/hadoop-ozone/integration-test/target/test-dir"/>
    <property name="test.cache.data" value=""/>
    <property name="java.vendor.url" value="http://java.oracle.com/"/>
    <property name="user.timezone" value=""/>
    <property name="java.vm.specification.version" value="1.8"/>
    <property name="os.name" value="Linux"/>
    <property name="test.build.data" value="/github/workspace/mnt/ozone/hadoop-ozone/integration-test/target/test-dir"/>
    <property name="user.country" value="US"/>
    <property name="sun.java.launcher" value="SUN_STANDARD"/>
    <property name="sun.boot.library.path" value="/usr/lib/jvm/java-1.8.0-openjdk-1.8.0.232.b09-0.el7_7.x86_64/jre/lib/amd64"/>
    <property name="sun.java.command" value="/github/workspace/mnt/ozone/hadoop-ozone/integration-test/target/surefire/surefirebooter6807075847686770097.jar /github/workspace/mnt/ozone/hadoop-ozone/integration-test/target/surefire 2020-07-16T15-38-45_223-jvmRun1 surefire5504718034485544409tmp surefire_92971775426817357172tmp"/>
    <property name="surefire.test.class.path" value="/github/workspace/mnt/ozone/hadoop-ozone/integration-test/target/test-classes:/github/workspace/mnt/ozone/hadoop-ozone/integration-test/target/classes:/home/user/.m2/repository/org/apache/hadoop/hadoop-ozone-common/0.6.0-SNAPSHOT/hadoop-ozone-common-0.6.0-SNAPSHOT.jar:/home/user/.m2/repository/org/apache/commons/commons-compress/1.4.1/commons-compress-1.4.1.jar:/home/user/.m2/repository/org/tukaani/xz/1.0/xz-1.0.jar:/home/user/.m2/repository/org/apache/hadoop/hadoop-hdds-common/0.6.0-SNAPSHOT/hadoop-hdds-common-0.6.0-SNAPSHOT.jar:/home/user/.m2/repository/org/apache/hadoop/hadoop-hdds-hadoop-dependency-client/0.6.0-SNAPSHOT/hadoop-hdds-hadoop-dependency-client-0.6.0-SNAPSHOT.jar:/home/user/.m2/repository/info/picocli/picocli/3.9.6/picocli-3.9.6.jar:/home/user/.m2/repository/com/fasterxml/jackson/core/jackson-annotations/2.10.3/jackson-annotations-2.10.3.jar:/home/user/.m2/repository/javax/annotation/javax.annotation-api/1.2/javax.annotation-api-1.2.jar:/home/user/.m2/repository/org/apache/ratis/ratis-server/0.6.0-6ab75ae-SNAPSHOT/ratis-server-0.6.0-6ab75ae-SNAPSHOT.jar:/home/user/.m2/repository/org/apache/ratis/ratis-client/0.6.0-6ab75ae-SNAPSHOT/ratis-client-0.6.0-6ab75ae-SNAPSHOT.jar:/home/user/.m2/repository/org/apache/ratis/ratis-metrics/0.6.0-6ab75ae-SNAPSHOT/ratis-metrics-0.6.0-6ab75ae-SNAPSHOT.jar:/home/user/.m2/repository/org/apache/ratis/ratis-netty/0.6.0-6ab75ae-SNAPSHOT/ratis-netty-0.6.0-6ab75ae-SNAPSHOT.jar:/home/user/.m2/repository/org/apache/ratis/ratis-grpc/0.6.0-6ab75ae-SNAPSHOT/ratis-grpc-0.6.0-6ab75ae-SNAPSHOT.jar:/home/user/.m2/repository/org/apache/logging/log4j/log4j-api/2.11.0/log4j-api-2.11.0.jar:/home/user/.m2/repository/org/apache/logging/log4j/log4j-core/2.11.0/log4j-core-2.11.0.jar:/home/user/.m2/repository/com/lmax/disruptor/3.4.2/disruptor-3.4.2.jar:/home/user/.m2/repository/org/apache/commons/commons-pool2/2.6.0/commons-pool2-2.6.0.jar:/home/user/.m2/repository/org/bouncycastle/bcpkix-jdk15on/1.60/bcpkix-jdk15on-1.60.jar:/home/user/.m2/repository/commons-validator/commons-validator/1.6/commons-validator-1.6.jar:/home/user/.m2/repository/commons-digester/commons-digester/1.8.1/commons-digester-1.8.1.jar:/home/user/.m2/repository/io/jaegertracing/jaeger-client/1.2.0/jaeger-client-1.2.0.jar:/home/user/.m2/repository/io/jaegertracing/jaeger-thrift/1.2.0/jaeger-thrift-1.2.0.jar:/home/user/.m2/repository/org/apache/thrift/libthrift/0.13.0/libthrift-0.13.0.jar:/home/user/.m2/repository/com/squareup/okhttp3/okhttp/4.2.2/okhttp-4.2.2.jar:/home/user/.m2/repository/com/squareup/okio/okio/2.2.2/okio-2.2.2.jar:/home/user/.m2/repository/org/jetbrains/kotlin/kotlin-stdlib/1.3.50/kotlin-stdlib-1.3.50.jar:/home/user/.m2/repository/org/jetbrains/kotlin/kotlin-stdlib-common/1.3.50/kotlin-stdlib-common-1.3.50.jar:/home/user/.m2/repository/org/jetbrains/annotations/13.0/annotations-13.0.jar:/home/user/.m2/repository/io/jaegertracing/jaeger-core/1.2.0/jaeger-core-1.2.0.jar:/home/user/.m2/repository/io/jaegertracing/jaeger-tracerresolver/1.2.0/jaeger-tracerresolver-1.2.0.jar:/home/user/.m2/repository/io/opentracing/contrib/opentracing-tracerresolver/0.1.8/opentracing-tracerresolver-0.1.8.jar:/home/user/.m2/repository/io/opentracing/opentracing-util/0.33.0/opentracing-util-0.33.0.jar:/home/user/.m2/repository/io/opentracing/opentracing-api/0.33.0/opentracing-api-0.33.0.jar:/home/user/.m2/repository/io/opentracing/opentracing-noop/0.33.0/opentracing-noop-0.33.0.jar:/home/user/.m2/repository/org/apache/hadoop/hadoop-hdds-client/0.6.0-SNAPSHOT/hadoop-hdds-client-0.6.0-SNAPSHOT.jar:/home/user/.m2/repository/org/apache/hadoop/hadoop-ozone-interface-client/0.6.0-SNAPSHOT/hadoop-ozone-interface-client-0.6.0-SNAPSHOT.jar:/home/user/.m2/repository/org/apache/hadoop/hadoop-hdds-test-utils/0.6.0-SNAPSHOT/hadoop-hdds-test-utils-0.6.0-SNAPSHOT.jar:/home/user/.m2/repository/com/google/guava/guava/28.2-jre/guava-28.2-jre.jar:/home/user/.m2/repository/com/google/guava/failureaccess/1.0.1/failureaccess-1.0.1.jar:/home/user/.m2/repository/com/google/guava/listenablefuture/9999.0-empty-to-avoid-conflict-with-guava/listenablefuture-9999.0-empty-to-avoid-conflict-with-guava.jar:/home/user/.m2/repository/com/google/code/findbugs/jsr305/3.0.0/jsr305-3.0.0.jar:/home/user/.m2/repository/org/checkerframework/checker-qual/2.10.0/checker-qual-2.10.0.jar:/home/user/.m2/repository/com/google/errorprone/error_prone_annotations/2.2.0/error_prone_annotations-2.2.0.jar:/home/user/.m2/repository/com/google/j2objc/j2objc-annotations/1.3/j2objc-annotations-1.3.jar:/home/user/.m2/repository/commons-io/commons-io/2.5/commons-io-2.5.jar:/home/user/.m2/repository/commons-logging/commons-logging/1.2/commons-logging-1.2.jar:/home/user/.m2/repository/log4j/log4j/1.2.17/log4j-1.2.17.jar:/home/user/.m2/repository/org/slf4j/slf4j-api/1.7.25/slf4j-api-1.7.25.jar:/home/user/.m2/repository/org/apache/hadoop/hadoop-hdds-server-scm/0.6.0-SNAPSHOT/hadoop-hdds-server-scm-0.6.0-SNAPSHOT.jar:/home/user/.m2/repository/org/apache/hadoop/hadoop-hdds-container-service/0.6.0-SNAPSHOT/hadoop-hdds-container-service-0.6.0-SNAPSHOT.jar:/home/user/.m2/repository/org/apache/hadoop/hadoop-hdds-hadoop-dependency-server/0.6.0-SNAPSHOT/hadoop-hdds-hadoop-dependency-server-0.6.0-SNAPSHOT.jar:/home/user/.m2/repository/org/apache/hadoop/hadoop-hdds-server-framework/0.6.0-SNAPSHOT/hadoop-hdds-server-framework-0.6.0-SNAPSHOT.jar:/home/user/.m2/repository/org/apache/hadoop/hadoop-hdds-interface-server/0.6.0-SNAPSHOT/hadoop-hdds-interface-server-0.6.0-SNAPSHOT.jar:/home/user/.m2/repository/org/apache/hadoop/hadoop-hdds-interface-admin/0.6.0-SNAPSHOT/hadoop-hdds-interface-admin-0.6.0-SNAPSHOT.jar:/home/user/.m2/repository/org/rocksdb/rocksdbjni/6.8.1/rocksdbjni-6.8.1.jar:/home/user/.m2/repository/io/prometheus/simpleclient_dropwizard/0.7.0/simpleclient_dropwizard-0.7.0.jar:/home/user/.m2/repository/io/prometheus/simpleclient/0.7.0/simpleclient-0.7.0.jar:/home/user/.m2/repository/io/prometheus/simpleclient_common/0.7.0/simpleclient_common-0.7.0.jar:/home/user/.m2/repository/com/fasterxml/jackson/datatype/jackson-datatype-jsr310/2.10.3/jackson-datatype-jsr310-2.10.3.jar:/home/user/.m2/repository/org/apache/hadoop/hadoop-hdds-docs/0.6.0-SNAPSHOT/hadoop-hdds-docs-0.6.0-SNAPSHOT.jar:/home/user/.m2/repository/io/dropwizard/metrics/metrics-core/3.2.4/metrics-core-3.2.4.jar:/home/user/.m2/repository/org/apache/hadoop/hadoop-hdfs-client/3.2.1/hadoop-hdfs-client-3.2.1.jar:/home/user/.m2/repository/org/bouncycastle/bcprov-jdk15on/1.60/bcprov-jdk15on-1.60.jar:/home/user/.m2/repository/org/apache/hadoop/hadoop-ozone-ozone-manager/0.6.0-SNAPSHOT/hadoop-ozone-ozone-manager-0.6.0-SNAPSHOT.jar:/home/user/.m2/repository/org/apache/hadoop/hadoop-hdds-interface-client/0.6.0-SNAPSHOT/hadoop-hdds-interface-client-0.6.0-SNAPSHOT.jar:/home/user/.m2/repository/org/apache/ratis/ratis-thirdparty-misc/0.4.0/ratis-thirdparty-misc-0.4.0.jar:/home/user/.m2/repository/org/apache/hadoop/hadoop-minikdc/3.2.1/hadoop-minikdc-3.2.1.jar:/home/user/.m2/repository/org/apache/kerby/kerb-simplekdc/1.0.1/kerb-simplekdc-1.0.1.jar:/home/user/.m2/repository/org/apache/kerby/kerb-client/1.0.1/kerb-client-1.0.1.jar:/home/user/.m2/repository/org/apache/kerby/kerby-config/1.0.1/kerby-config-1.0.1.jar:/home/user/.m2/repository/org/apache/kerby/kerb-core/1.0.1/kerb-core-1.0.1.jar:/home/user/.m2/repository/org/apache/kerby/kerby-pkix/1.0.1/kerby-pkix-1.0.1.jar:/home/user/.m2/repository/org/apache/kerby/kerby-asn1/1.0.1/kerby-asn1-1.0.1.jar:/home/user/.m2/repository/org/apache/kerby/kerby-util/1.0.1/kerby-util-1.0.1.jar:/home/user/.m2/repository/org/apache/kerby/kerb-common/1.0.1/kerb-common-1.0.1.jar:/home/user/.m2/repository/org/apache/kerby/kerb-crypto/1.0.1/kerb-crypto-1.0.1.jar:/home/user/.m2/repository/org/apache/kerby/kerb-util/1.0.1/kerb-util-1.0.1.jar:/home/user/.m2/repository/org/apache/kerby/token-provider/1.0.1/token-provider-1.0.1.jar:/home/user/.m2/repository/org/apache/kerby/kerb-admin/1.0.1/kerb-admin-1.0.1.jar:/home/user/.m2/repository/org/apache/kerby/kerb-server/1.0.1/kerb-server-1.0.1.jar:/home/user/.m2/repository/org/apache/kerby/kerb-identity/1.0.1/kerb-identity-1.0.1.jar:/home/user/.m2/repository/org/apache/kerby/kerby-xdr/1.0.1/kerby-xdr-1.0.1.jar:/home/user/.m2/repository/org/slf4j/slf4j-log4j12/1.7.25/slf4j-log4j12-1.7.25.jar:/home/user/.m2/repository/org/apache/hadoop/hadoop-ozone-s3gateway/0.6.0-SNAPSHOT/hadoop-ozone-s3gateway-0.6.0-SNAPSHOT.jar:/home/user/.m2/repository/org/jboss/weld/servlet/weld-servlet/2.4.7.Final/weld-servlet-2.4.7.Final.jar:/home/user/.m2/repository/org/glassfish/jersey/containers/jersey-container-servlet-core/2.27/jersey-container-servlet-core-2.27.jar:/home/user/.m2/repository/org/glassfish/hk2/external/javax.inject/2.5.0-b42/javax.inject-2.5.0-b42.jar:/home/user/.m2/repository/org/glassfish/jersey/core/jersey-common/2.27/jersey-common-2.27.jar:/home/user/.m2/repository/org/glassfish/hk2/osgi-resource-locator/1.0.1/osgi-resource-locator-1.0.1.jar:/home/user/.m2/repository/javax/ws/rs/javax.ws.rs-api/2.1/javax.ws.rs-api-2.1.jar:/home/user/.m2/repository/org/glassfish/jersey/ext/cdi/jersey-cdi1x/2.27/jersey-cdi1x-2.27.jar:/home/user/.m2/repository/org/glassfish/jersey/inject/jersey-hk2/2.27/jersey-hk2-2.27.jar:/home/user/.m2/repository/org/glassfish/hk2/hk2-locator/2.5.0-b42/hk2-locator-2.5.0-b42.jar:/home/user/.m2/repository/org/javassist/javassist/3.22.0-CR2/javassist-3.22.0-CR2.jar:/home/user/.m2/repository/org/glassfish/hk2/hk2-api/2.5.0/hk2-api-2.5.0.jar:/home/user/.m2/repository/org/glassfish/hk2/external/jakarta.inject/2.5.0/jakarta.inject-2.5.0.jar:/home/user/.m2/repository/org/glassfish/hk2/hk2-utils/2.5.0/hk2-utils-2.5.0.jar:/home/user/.m2/repository/jakarta/annotation/jakarta.annotation-api/1.3.4/jakarta.annotation-api-1.3.4.jar:/home/user/.m2/repository/org/glassfish/hk2/external/aopalliance-repackaged/2.5.0/aopalliance-repackaged-2.5.0.jar:/home/user/.m2/repository/com/fasterxml/jackson/dataformat/jackson-dataformat-xml/2.10.3/jackson-dataformat-xml-2.10.3.jar:/home/user/.m2/repository/com/fasterxml/jackson/core/jackson-core/2.10.3/jackson-core-2.10.3.jar:/home/user/.m2/repository/com/fasterxml/jackson/module/jackson-module-jaxb-annotations/2.10.3/jackson-module-jaxb-annotations-2.10.3.jar:/home/user/.m2/repository/jakarta/xml/bind/jakarta.xml.bind-api/2.3.2/jakarta.xml.bind-api-2.3.2.jar:/home/user/.m2/repository/jakarta/activation/jakarta.activation-api/1.2.1/jakarta.activation-api-1.2.1.jar:/home/user/.m2/repository/org/codehaus/woodstox/stax2-api/3.1.4/stax2-api-3.1.4.jar:/home/user/.m2/repository/com/fasterxml/woodstox/woodstox-core/5.0.3/woodstox-core-5.0.3.jar:/home/user/.m2/repository/javax/enterprise/cdi-api/1.2/cdi-api-1.2.jar:/home/user/.m2/repository/javax/el/javax.el-api/3.0.0/javax.el-api-3.0.0.jar:/home/user/.m2/repository/javax/interceptor/javax.interceptor-api/1.2/javax.interceptor-api-1.2.jar:/home/user/.m2/repository/javax/inject/javax.inject/1/javax.inject-1.jar:/home/user/.m2/repository/com/sun/xml/bind/jaxb-impl/2.3.0.1/jaxb-impl-2.3.0.1.jar:/home/user/.m2/repository/com/sun/xml/bind/jaxb-core/2.3.0.1/jaxb-core-2.3.0.1.jar:/home/user/.m2/repository/javax/xml/bind/jaxb-api/2.3.0/jaxb-api-2.3.0.jar:/home/user/.m2/repository/javax/activation/activation/1.1.1/activation-1.1.1.jar:/home/user/.m2/repository/org/apache/hadoop/hadoop-ozone-csi/0.6.0-SNAPSHOT/hadoop-ozone-csi-0.6.0-SNAPSHOT.jar:/home/user/.m2/repository/com/google/protobuf/protobuf-java-util/3.11.0/protobuf-java-util-3.11.0.jar:/home/user/.m2/repository/com/google/code/gson/gson/2.2.4/gson-2.2.4.jar:/home/user/.m2/repository/org/apache/hadoop/hadoop-hdds-config/0.6.0-SNAPSHOT/hadoop-hdds-config-0.6.0-SNAPSHOT.jar:/home/user/.m2/repository/com/google/protobuf/protobuf-java/2.5.0/protobuf-java-2.5.0.jar:/home/user/.m2/repository/io/grpc/grpc-netty/1.29.0/grpc-netty-1.29.0.jar:/home/user/.m2/repository/io/grpc/grpc-core/1.29.0/grpc-core-1.29.0.jar:/home/user/.m2/repository/com/google/android/annotations/4.1.1.4/annotations-4.1.1.4.jar:/home/user/.m2/repository/io/perfmark/perfmark-api/0.19.0/perfmark-api-0.19.0.jar:/home/user/.m2/repository/io/netty/netty-codec-http2/4.1.48.Final/netty-codec-http2-4.1.48.Final.jar:/home/user/.m2/repository/io/netty/netty-codec/4.1.48.Final/netty-codec-4.1.48.Final.jar:/home/user/.m2/repository/io/netty/netty-handler/4.1.48.Final/netty-handler-4.1.48.Final.jar:/home/user/.m2/repository/io/netty/netty-codec-http/4.1.48.Final/netty-codec-http-4.1.48.Final.jar:/home/user/.m2/repository/io/netty/netty-handler-proxy/4.1.48.Final/netty-handler-proxy-4.1.48.Final.jar:/home/user/.m2/repository/io/netty/netty-codec-socks/4.1.48.Final/netty-codec-socks-4.1.48.Final.jar:/home/user/.m2/repository/io/netty/netty-transport-native-epoll/4.1.48.Final/netty-transport-native-epoll-4.1.48.Final.jar:/home/user/.m2/repository/io/netty/netty-common/4.1.48.Final/netty-common-4.1.48.Final.jar:/home/user/.m2/repository/io/netty/netty-buffer/4.1.48.Final/netty-buffer-4.1.48.Final.jar:/home/user/.m2/repository/io/netty/netty-transport/4.1.48.Final/netty-transport-4.1.48.Final.jar:/home/user/.m2/repository/io/netty/netty-resolver/4.1.48.Final/netty-resolver-4.1.48.Final.jar:/home/user/.m2/repository/io/netty/netty-transport-native-unix-common/4.1.48.Final/netty-transport-native-unix-common-4.1.48.Final.jar:/home/user/.m2/repository/io/grpc/grpc-protobuf/1.29.0/grpc-protobuf-1.29.0.jar:/home/user/.m2/repository/io/grpc/grpc-api/1.29.0/grpc-api-1.29.0.jar:/home/user/.m2/repository/io/grpc/grpc-context/1.29.0/grpc-context-1.29.0.jar:/home/user/.m2/repository/org/codehaus/mojo/animal-sniffer-annotations/1.18/animal-sniffer-annotations-1.18.jar:/home/user/.m2/repository/com/google/api/grpc/proto-google-common-protos/1.17.0/proto-google-common-protos-1.17.0.jar:/home/user/.m2/repository/io/grpc/grpc-protobuf-lite/1.29.0/grpc-protobuf-lite-1.29.0.jar:/home/user/.m2/repository/io/grpc/grpc-stub/1.29.0/grpc-stub-1.29.0.jar:/home/user/.m2/repository/org/apache/hadoop/hadoop-ozone-recon/0.6.0-SNAPSHOT/hadoop-ozone-recon-0.6.0-SNAPSHOT.jar:/home/user/.m2/repository/org/apache/hadoop/hadoop-ozone-reconcodegen/0.6.0-SNAPSHOT/hadoop-ozone-reconcodegen-0.6.0-SNAPSHOT.jar:/home/user/.m2/repository/com/google/inject/extensions/guice-multibindings/4.0/guice-multibindings-4.0.jar:/home/user/.m2/repository/com/google/inject/guice/4.0/guice-4.0.jar:/home/user/.m2/repository/aopalliance/aopalliance/1.0/aopalliance-1.0.jar:/home/user/.m2/repository/com/google/inject/extensions/guice-assistedinject/4.0/guice-assistedinject-4.0.jar:/home/user/.m2/repository/com/google/inject/extensions/guice-servlet/4.0/guice-servlet-4.0.jar:/home/user/.m2/repository/org/glassfish/jersey/containers/jersey-container-servlet/2.27/jersey-container-servlet-2.27.jar:/home/user/.m2/repository/org/glassfish/hk2/guice-bridge/2.5.0/guice-bridge-2.5.0.jar:/home/user/.m2/repository/org/glassfish/jersey/core/jersey-server/2.27/jersey-server-2.27.jar:/home/user/.m2/repository/org/glassfish/jersey/core/jersey-client/2.27/jersey-client-2.27.jar:/home/user/.m2/repository/org/glassfish/jersey/media/jersey-media-jaxb/2.27/jersey-media-jaxb-2.27.jar:/home/user/.m2/repository/javax/validation/validation-api/1.1.0.Final/validation-api-1.1.0.Final.jar:/home/user/.m2/repository/org/glassfish/jersey/media/jersey-media-json-jackson/2.27/jersey-media-json-jackson-2.27.jar:/home/user/.m2/repository/org/glassfish/jersey/ext/jersey-entity-filtering/2.27/jersey-entity-filtering-2.27.jar:/home/user/.m2/repository/org/jooq/jooq/3.11.10/jooq-3.11.10.jar:/home/user/.m2/repository/org/jooq/jooq-meta/3.11.10/jooq-meta-3.11.10.jar:/home/user/.m2/repository/org/jooq/jooq-codegen/3.11.10/jooq-codegen-3.11.10.jar:/home/user/.m2/repository/com/jolbox/bonecp/0.8.0.RELEASE/bonecp-0.8.0.RELEASE.jar:/home/user/.m2/repository/org/apache/derby/derby/10.14.2.0/derby-10.14.2.0.jar:/home/user/.m2/repository/org/xerial/sqlite-jdbc/3.25.2/sqlite-jdbc-3.25.2.jar:/home/user/.m2/repository/org/springframework/spring-jdbc/5.2.5.RELEASE/spring-jdbc-5.2.5.RELEASE.jar:/home/user/.m2/repository/org/springframework/spring-beans/5.2.5.RELEASE/spring-beans-5.2.5.RELEASE.jar:/home/user/.m2/repository/org/springframework/spring-core/5.2.5.RELEASE/spring-core-5.2.5.RELEASE.jar:/home/user/.m2/repository/org/springframework/spring-jcl/5.2.5.RELEASE/spring-jcl-5.2.5.RELEASE.jar:/home/user/.m2/repository/org/springframework/spring-tx/5.2.5.RELEASE/spring-tx-5.2.5.RELEASE.jar:/home/user/.m2/repository/org/apache/hadoop/hadoop-ozone-client/0.6.0-SNAPSHOT/hadoop-ozone-client-0.6.0-SNAPSHOT.jar:/home/user/.m2/repository/org/apache/hadoop/hadoop-ozone-filesystem/0.6.0-SNAPSHOT/hadoop-ozone-filesystem-0.6.0-SNAPSHOT.jar:/home/user/.m2/repository/org/apache/hadoop/hadoop-ozone-filesystem-common/0.6.0-SNAPSHOT/hadoop-ozone-filesystem-common-0.6.0-SNAPSHOT.jar:/home/user/.m2/repository/org/apache/hadoop/hadoop-ozone-tools/0.6.0-SNAPSHOT/hadoop-ozone-tools-0.6.0-SNAPSHOT.jar:/home/user/.m2/repository/org/apache/hadoop/hadoop-hdfs/3.2.1/hadoop-hdfs-3.2.1.jar:/home/user/.m2/repository/org/apache/ratis/ratis-tools/0.6.0-6ab75ae-SNAPSHOT/ratis-tools-0.6.0-6ab75ae-SNAPSHOT.jar:/home/user/.m2/repository/org/apache/ratis/ratis-proto/0.6.0-6ab75ae-SNAPSHOT/ratis-proto-0.6.0-6ab75ae-SNAPSHOT.jar:/home/user/.m2/repository/org/apache/ratis/ratis-common/0.6.0-6ab75ae-SNAPSHOT/ratis-common-0.6.0-6ab75ae-SNAPSHOT.jar:/home/user/.m2/repository/com/amazonaws/aws-java-sdk-core/1.11.615/aws-java-sdk-core-1.11.615.jar:/home/user/.m2/repository/org/apache/httpcomponents/httpclient/4.5.2/httpclient-4.5.2.jar:/home/user/.m2/repository/org/apache/httpcomponents/httpcore/4.4.4/httpcore-4.4.4.jar:/home/user/.m2/repository/software/amazon/ion/ion-java/1.0.2/ion-java-1.0.2.jar:/home/user/.m2/repository/com/fasterxml/jackson/dataformat/jackson-dataformat-cbor/2.10.3/jackson-dataformat-cbor-2.10.3.jar:/home/user/.m2/repository/joda-time/joda-time/2.8.1/joda-time-2.8.1.jar:/home/user/.m2/repository/com/amazonaws/aws-java-sdk-s3/1.11.615/aws-java-sdk-s3-1.11.615.jar:/home/user/.m2/repository/com/amazonaws/aws-java-sdk-kms/1.11.615/aws-java-sdk-kms-1.11.615.jar:/home/user/.m2/repository/com/amazonaws/jmespath-java/1.11.615/jmespath-java-1.11.615.jar:/home/user/.m2/repository/org/apache/hadoop/hadoop-hdds-tools/0.6.0-SNAPSHOT/hadoop-hdds-tools-0.6.0-SNAPSHOT.jar:/home/user/.m2/repository/commons-cli/commons-cli/1.2/commons-cli-1.2.jar:/home/user/.m2/repository/org/apache/commons/commons-lang3/3.7/commons-lang3-3.7.jar:/home/user/.m2/repository/org/apache/hadoop/hadoop-ozone-ozone-manager/0.6.0-SNAPSHOT/hadoop-ozone-ozone-manager-0.6.0-SNAPSHOT-tests.jar:/home/user/.m2/repository/junit/junit/4.11/junit-4.11.jar:/home/user/.m2/repository/org/hamcrest/hamcrest-core/1.3/hamcrest-core-1.3.jar:/home/user/.m2/repository/org/openjdk/jmh/jmh-core/1.19/jmh-core-1.19.jar:/home/user/.m2/repository/net/sf/jopt-simple/jopt-simple/4.6/jopt-simple-4.6.jar:/home/user/.m2/repository/org/apache/commons/commons-math3/3.1.1/commons-math3-3.1.1.jar:/home/user/.m2/repository/org/openjdk/jmh/jmh-generator-annprocess/1.19/jmh-generator-annprocess-1.19.jar:/home/user/.m2/repository/org/mockito/mockito-all/1.8.5/mockito-all-1.8.5.jar:/home/user/.m2/repository/org/apache/hadoop/hadoop-kms/3.2.1/hadoop-kms-3.2.1.jar:/home/user/.m2/repository/org/apache/hadoop/hadoop-auth/3.2.1/hadoop-auth-3.2.1.jar:/home/user/.m2/repository/com/nimbusds/nimbus-jose-jwt/7.9/nimbus-jose-jwt-7.9.jar:/home/user/.m2/repository/com/github/stephenc/jcip/jcip-annotations/1.0-1/jcip-annotations-1.0-1.jar:/home/user/.m2/repository/net/minidev/json-smart/2.3/json-smart-2.3.jar:/home/user/.m2/repository/net/minidev/accessors-smart/1.2/accessors-smart-1.2.jar:/home/user/.m2/repository/org/ow2/asm/asm/5.0.4/asm-5.0.4.jar:/home/user/.m2/repository/org/apache/zookeeper/zookeeper/3.4.13/zookeeper-3.4.13.jar:/home/user/.m2/repository/org/apache/yetus/audience-annotations/0.5.0/audience-annotations-0.5.0.jar:/home/user/.m2/repository/org/apache/curator/curator-framework/2.13.0/curator-framework-2.13.0.jar:/home/user/.m2/repository/com/sun/jersey/jersey-core/1.19/jersey-core-1.19.jar:/home/user/.m2/repository/javax/ws/rs/jsr311-api/1.1.1/jsr311-api-1.1.1.jar:/home/user/.m2/repository/com/sun/jersey/jersey-server/1.19/jersey-server-1.19.jar:/home/user/.m2/repository/javax/servlet/javax.servlet-api/3.1.0/javax.servlet-api-3.1.0.jar:/home/user/.m2/repository/org/eclipse/jetty/jetty-server/9.4.26.v20200117/jetty-server-9.4.26.v20200117.jar:/home/user/.m2/repository/org/eclipse/jetty/jetty-http/9.4.26.v20200117/jetty-http-9.4.26.v20200117.jar:/home/user/.m2/repository/org/eclipse/jetty/jetty-io/9.4.26.v20200117/jetty-io-9.4.26.v20200117.jar:/home/user/.m2/repository/org/eclipse/jetty/jetty-webapp/9.4.26.v20200117/jetty-webapp-9.4.26.v20200117.jar:/home/user/.m2/repository/org/eclipse/jetty/jetty-xml/9.4.26.v20200117/jetty-xml-9.4.26.v20200117.jar:/home/user/.m2/repository/org/eclipse/jetty/jetty-servlet/9.4.26.v20200117/jetty-servlet-9.4.26.v20200117.jar:/home/user/.m2/repository/org/eclipse/jetty/jetty-security/9.4.26.v20200117/jetty-security-9.4.26.v20200117.jar:/home/user/.m2/repository/org/apache/hadoop/hadoop-common/3.2.1/hadoop-common-3.2.1.jar:/home/user/.m2/repository/commons-net/commons-net/3.6/commons-net-3.6.jar:/home/user/.m2/repository/commons-collections/commons-collections/3.2.2/commons-collections-3.2.2.jar:/home/user/.m2/repository/com/sun/jersey/jersey-servlet/1.19/jersey-servlet-1.19.jar:/home/user/.m2/repository/com/sun/jersey/jersey-json/1.19/jersey-json-1.19.jar:/home/user/.m2/repository/org/codehaus/jettison/jettison/1.1/jettison-1.1.jar:/home/user/.m2/repository/org/codehaus/jackson/jackson-jaxrs/1.9.2/jackson-jaxrs-1.9.2.jar:/home/user/.m2/repository/org/codehaus/jackson/jackson-xc/1.9.2/jackson-xc-1.9.2.jar:/home/user/.m2/repository/commons-beanutils/commons-beanutils/1.9.4/commons-beanutils-1.9.4.jar:/home/user/.m2/repository/org/apache/commons/commons-configuration2/2.1.1/commons-configuration2-2.1.1.jar:/home/user/.m2/repository/org/apache/commons/commons-text/1.4/commons-text-1.4.jar:/home/user/.m2/repository/com/google/re2j/re2j/1.1/re2j-1.1.jar:/home/user/.m2/repository/com/jcraft/jsch/0.1.54/jsch-0.1.54.jar:/home/user/.m2/repository/org/apache/curator/curator-client/2.13.0/curator-client-2.13.0.jar:/home/user/.m2/repository/org/apache/curator/curator-recipes/2.13.0/curator-recipes-2.13.0.jar:/home/user/.m2/repository/dnsjava/dnsjava/2.1.7/dnsjava-2.1.7.jar:/home/user/.m2/repository/org/slf4j/jul-to-slf4j/1.7.25/jul-to-slf4j-1.7.25.jar:/home/user/.m2/repository/org/eclipse/jetty/jetty-util/9.4.26.v20200117/jetty-util-9.4.26.v20200117.jar:/home/user/.m2/repository/com/fasterxml/jackson/core/jackson-databind/2.10.3/jackson-databind-2.10.3.jar:/home/user/.m2/repository/org/apache/hadoop/hadoop-kms/3.2.1/hadoop-kms-3.2.1-tests.jar:/home/user/.m2/repository/org/apache/hadoop/hadoop-hdds-server-scm/0.6.0-SNAPSHOT/hadoop-hdds-server-scm-0.6.0-SNAPSHOT-tests.jar:/home/user/.m2/repository/org/apache/hadoop/hadoop-hdds-container-service/0.6.0-SNAPSHOT/hadoop-hdds-container-service-0.6.0-SNAPSHOT-tests.jar:/home/user/.m2/repository/org/apache/hadoop/hadoop-hdds-common/0.6.0-SNAPSHOT/hadoop-hdds-common-0.6.0-SNAPSHOT-tests.jar:/home/user/.m2/repository/org/yaml/snakeyaml/1.16/snakeyaml-1.16.jar:/home/user/.m2/repository/org/apache/hadoop/hadoop-hdds-hadoop-dependency-test/0.6.0-SNAPSHOT/hadoop-hdds-hadoop-dependency-test-0.6.0-SNAPSHOT.jar:/home/user/.m2/repository/org/apache/hadoop/hadoop-common/3.2.1/hadoop-common-3.2.1-tests.jar:/home/user/.m2/repository/javax/servlet/jsp/jsp-api/2.1/jsp-api-2.1.jar:/home/user/.m2/repository/org/apache/hadoop/hadoop-hdfs/3.2.1/hadoop-hdfs-3.2.1-tests.jar:/home/user/.m2/repository/org/eclipse/jetty/jetty-util-ajax/9.4.26.v20200117/jetty-util-ajax-9.4.26.v20200117.jar:/home/user/.m2/repository/commons-codec/commons-codec/1.11/commons-codec-1.11.jar:/home/user/.m2/repository/commons-daemon/commons-daemon/1.0.13/commons-daemon-1.0.13.jar:/home/user/.m2/repository/io/netty/netty/3.10.5.Final/netty-3.10.5.Final.jar:/home/user/.m2/repository/io/netty/netty-all/4.1.48.Final/netty-all-4.1.48.Final.jar:/home/user/.m2/repository/org/apache/htrace/htrace-core4/4.1.0-incubating/htrace-core4-4.1.0-incubating.jar:/home/user/.m2/repository/org/fusesource/leveldbjni/leveldbjni-all/1.8/leveldbjni-all-1.8.jar:/home/user/.m2/repository/org/apache/hadoop/hadoop-distcp/3.2.1/hadoop-distcp-3.2.1.jar:/home/user/.m2/repository/org/apache/hadoop/hadoop-mapreduce-client-jobclient/3.2.1/hadoop-mapreduce-client-jobclient-3.2.1.jar:/home/user/.m2/repository/org/apache/hadoop/hadoop-mapreduce-client-common/3.2.1/hadoop-mapreduce-client-common-3.2.1.jar:/home/user/.m2/repository/org/apache/hadoop/hadoop-yarn-common/3.2.1/hadoop-yarn-common-3.2.1.jar:/home/user/.m2/repository/org/apache/hadoop/hadoop-yarn-api/3.2.1/hadoop-yarn-api-3.2.1.jar:/home/user/.m2/repository/com/sun/jersey/jersey-client/1.19/jersey-client-1.19.jar:/home/user/.m2/repository/com/sun/jersey/contribs/jersey-guice/1.19/jersey-guice-1.19.jar:/home/user/.m2/repository/com/fasterxml/jackson/jaxrs/jackson-jaxrs-json-provider/2.10.3/jackson-jaxrs-json-provider-2.10.3.jar:/home/user/.m2/repository/com/fasterxml/jackson/jaxrs/jackson-jaxrs-base/2.10.3/jackson-jaxrs-base-2.10.3.jar:/home/user/.m2/repository/org/apache/hadoop/hadoop-yarn-client/3.2.1/hadoop-yarn-client-3.2.1.jar:/home/user/.m2/repository/org/apache/hadoop/hadoop-mapreduce-client-core/3.2.1/hadoop-mapreduce-client-core-3.2.1.jar:/home/user/.m2/repository/org/apache/avro/avro/1.7.7/avro-1.7.7.jar:/home/user/.m2/repository/org/codehaus/jackson/jackson-core-asl/1.9.13/jackson-core-asl-1.9.13.jar:/home/user/.m2/repository/org/codehaus/jackson/jackson-mapper-asl/1.9.13/jackson-mapper-asl-1.9.13.jar:/home/user/.m2/repository/com/thoughtworks/paranamer/paranamer/2.3/paranamer-2.3.jar:/home/user/.m2/repository/org/xerial/snappy/snappy-java/1.0.5/snappy-java-1.0.5.jar:/home/user/.m2/repository/org/apache/hadoop/hadoop-annotations/3.2.1/hadoop-annotations-3.2.1.jar:/usr/lib/jvm/java-1.8.0-openjdk-1.8.0.232.b09-0.el7_7.x86_64/jre/../lib/tools.jar:/home/user/.m2/repository/org/apache/hadoop/hadoop-distcp/3.2.1/hadoop-distcp-3.2.1-tests.jar:"/>
    <property name="sun.cpu.endian" value="little"/>
    <property name="user.home" value="/home/user"/>
    <property name="user.language" value="en"/>
    <property name="java.specification.vendor" value="Oracle Corporation"/>
    <property name="java.home" value="/usr/lib/jvm/java-1.8.0-openjdk-1.8.0.232.b09-0.el7_7.x86_64/jre"/>
    <property name="java.security.krb5.conf" value="/github/workspace/mnt/ozone/hadoop-ozone/integration-test/target/test-classes/krb5.conf"/>
    <property name="basedir" value="/github/workspace/mnt/ozone/hadoop-ozone/integration-test"/>
    <property name="file.separator" value="/"/>
    <property name="line.separator" value="&#10;"/>
    <property name="java.vm.specification.vendor" value="Oracle Corporation"/>
    <property name="java.specification.name" value="Java Platform API Specification"/>
    <property name="java.awt.graphicsenv" value="sun.awt.X11GraphicsEnvironment"/>
    <property name="skip.installnpx" value="true"/>
    <property name="surefire.real.class.path" value="/github/workspace/mnt/ozone/hadoop-ozone/integration-test/target/surefire/surefirebooter6807075847686770097.jar:/home/user/.m2/repository/org/jacoco/org.jacoco.agent/0.8.5/org.jacoco.agent-0.8.5-runtime.jar"/>
    <property name="hadoop.log.dir" value="/github/workspace/mnt/ozone/hadoop-ozone/integration-test/target/log"/>
    <property name="sun.boot.class.path" value="/usr/lib/jvm/java-1.8.0-openjdk-1.8.0.232.b09-0.el7_7.x86_64/jre/lib/resources.jar:/usr/lib/jvm/java-1.8.0-openjdk-1.8.0.232.b09-0.el7_7.x86_64/jre/lib/rt.jar:/usr/lib/jvm/java-1.8.0-openjdk-1.8.0.232.b09-0.el7_7.x86_64/jre/lib/sunrsasign.jar:/usr/lib/jvm/java-1.8.0-openjdk-1.8.0.232.b09-0.el7_7.x86_64/jre/lib/jsse.jar:/usr/lib/jvm/java-1.8.0-openjdk-1.8.0.232.b09-0.el7_7.x86_64/jre/lib/jce.jar:/usr/lib/jvm/java-1.8.0-openjdk-1.8.0.232.b09-0.el7_7.x86_64/jre/lib/charsets.jar:/usr/lib/jvm/java-1.8.0-openjdk-1.8.0.232.b09-0.el7_7.x86_64/jre/lib/jfr.jar:/usr/lib/jvm/java-1.8.0-openjdk-1.8.0.232.b09-0.el7_7.x86_64/jre/classes"/>
    <property name="sun.management.compiler" value="HotSpot 64-Bit Tiered Compilers"/>
    <property name="skip.npx" value="true"/>
    <property name="java.runtime.version" value="1.8.0_232-b09"/>
    <property name="java.net.preferIPv4Stack" value="true"/>
    <property name="user.name" value="jenkins1001"/>
    <property name="path.separator" value=":"/>
    <property name="java.security.egd" value="file:///dev/urandom"/>
    <property name="os.version" value="5.3.0-1032-azure"/>
    <property name="java.endorsed.dirs" value="/usr/lib/jvm/java-1.8.0-openjdk-1.8.0.232.b09-0.el7_7.x86_64/jre/lib/endorsed"/>
    <property name="java.runtime.name" value="OpenJDK Runtime Environment"/>
    <property name="file.encoding" value="ANSI_X3.4-1968"/>
    <property name="java.vm.name" value="OpenJDK 64-Bit Server VM"/>
    <property name="test.build.webapps" value=""/>
    <property name="localRepository" value="/home/user/.m2/repository"/>
    <property name="java.vendor.url.bug" value="http://bugreport.sun.com/bugreport/"/>
    <property name="java.io.tmpdir" value="/tmp"/>
    <property name="require.test.libhadoop" value=""/>
    <property name="java.version" value="1.8.0_232"/>
    <property name="user.dir" value="/github/workspace/mnt/ozone/hadoop-ozone/integration-test"/>
    <property name="os.arch" value="amd64"/>
    <property name="java.vm.specification.name" value="Java Virtual Machine Specification"/>
    <property name="test.build.classes" value="/github/workspace/mnt/ozone/hadoop-ozone/integration-test/target/test-classes"/>
    <property name="java.awt.printerjob" value="sun.print.PSPrinterJob"/>
    <property name="sun.os.patch.level" value="unknown"/>
    <property name="hadoop.tmp.dir" value="/github/workspace/mnt/ozone/hadoop-ozone/integration-test/target/tmp"/>
    <property name="java.library.path" value="/usr/lib:/usr/java/packages/lib/amd64:/usr/lib64:/lib64:/lib:/usr/lib"/>
    <property name="java.vm.info" value="mixed mode"/>
    <property name="java.vendor" value="Oracle Corporation"/>
    <property name="java.vm.version" value="25.232-b09"/>
    <property name="java.ext.dirs" value="/usr/lib/jvm/java-1.8.0-openjdk-1.8.0.232.b09-0.el7_7.x86_64/jre/lib/ext:/usr/java/packages/lib/ext"/>
    <property name="sun.io.unicode.encoding" value="UnicodeLittle"/>
    <property name="java.class.version" value="52.0"/>
  </properties>
  <testcase name="testWatchForCommitWithKeyWrite" classname="org.apache.hadoop.ozone.client.rpc.TestWatchForCommit" time="62.752"/>
  <testcase name="testWatchForCommitForRetryfailure" classname="org.apache.hadoop.ozone.client.rpc.TestWatchForCommit" time="51.29"/>
  <testcase name="testWatchForCommitForGroupMismatchException" classname="org.apache.hadoop.ozone.client.rpc.TestWatchForCommit" time="38.966">
    <error message="1d5bf7e4-8d96-4310-9f32-ec9edaa2380c: Group group-1759C869F8E5 not found." type="java.io.IOException">java.io.IOException: 1d5bf7e4-8d96-4310-9f32-ec9edaa2380c: Group group-1759C869F8E5 not found.
	at org.apache.hadoop.ozone.container.common.transport.server.ratis.XceiverServerRatis.removeGroup(XceiverServerRatis.java:740)
	at org.apache.hadoop.ozone.container.TestHelper.waitForPipelineClose(TestHelper.java:220)
	at org.apache.hadoop.ozone.client.rpc.TestWatchForCommit.testWatchForCommitForGroupMismatchException(TestWatchForCommit.java:342)
	at sun.reflect.NativeMethodAccessorImpl.invoke0(Native Method)
	at sun.reflect.NativeMethodAccessorImpl.invoke(NativeMethodAccessorImpl.java:62)
	at sun.reflect.DelegatingMethodAccessorImpl.invoke(DelegatingMethodAccessorImpl.java:43)
	at java.lang.reflect.Method.invoke(Method.java:498)
	at org.junit.runners.model.FrameworkMethod$1.runReflectiveCall(FrameworkMethod.java:47)
	at org.junit.internal.runners.model.ReflectiveCallable.run(ReflectiveCallable.java:12)
	at org.junit.runners.model.FrameworkMethod.invokeExplosively(FrameworkMethod.java:44)
	at org.junit.internal.runners.statements.InvokeMethod.evaluate(InvokeMethod.java:17)
	at org.junit.internal.runners.statements.RunBefores.evaluate(RunBefores.java:26)
	at org.junit.internal.runners.statements.RunAfters.evaluate(RunAfters.java:27)
	at org.junit.runners.ParentRunner.runLeaf(ParentRunner.java:271)
	at org.junit.runners.BlockJUnit4ClassRunner.runChild(BlockJUnit4ClassRunner.java:70)
	at org.junit.runners.BlockJUnit4ClassRunner.runChild(BlockJUnit4ClassRunner.java:50)
	at org.junit.runners.ParentRunner$3.run(ParentRunner.java:238)
	at org.junit.runners.ParentRunner$1.schedule(ParentRunner.java:63)
	at org.junit.runners.ParentRunner.runChildren(ParentRunner.java:236)
	at org.junit.runners.ParentRunner.access$000(ParentRunner.java:53)
	at org.junit.runners.ParentRunner$2.evaluate(ParentRunner.java:229)
	at org.junit.runners.ParentRunner.run(ParentRunner.java:309)
	at org.apache.maven.surefire.junit4.JUnit4Provider.execute(JUnit4Provider.java:365)
	at org.apache.maven.surefire.junit4.JUnit4Provider.executeWithRerun(JUnit4Provider.java:273)
	at org.apache.maven.surefire.junit4.JUnit4Provider.executeTestSet(JUnit4Provider.java:238)
	at org.apache.maven.surefire.junit4.JUnit4Provider.invoke(JUnit4Provider.java:159)
	at org.apache.maven.surefire.booter.ForkedBooter.invokeProviderInSameClassLoader(ForkedBooter.java:384)
	at org.apache.maven.surefire.booter.ForkedBooter.runSuitesInProcess(ForkedBooter.java:345)
	at org.apache.maven.surefire.booter.ForkedBooter.execute(ForkedBooter.java:126)
	at org.apache.maven.surefire.booter.ForkedBooter.main(ForkedBooter.java:418)
Caused by: org.apache.ratis.protocol.GroupMismatchException: 1d5bf7e4-8d96-4310-9f32-ec9edaa2380c: Group group-1759C869F8E5 not found.
	at org.apache.ratis.server.impl.RaftServerProxy.groupRemoveAsync(RaftServerProxy.java:414)
	at org.apache.ratis.server.impl.RaftServerProxy.groupManagementAsync(RaftServerProxy.java:372)
	at org.apache.ratis.server.impl.RaftServerProxy.groupManagement(RaftServerProxy.java:355)
	at org.apache.hadoop.ozone.container.common.transport.server.ratis.XceiverServerRatis.removeGroup(XceiverServerRatis.java:738)
	... 29 more
</error>
    <system-out><![CDATA[2020-07-16 15:51:14,461 [Listener at 127.0.0.1/45071] WARN  server.ServerUtils (ServerUtils.java:getScmDbDir(148)) - ozone.scm.db.dirs is not configured. We recommend adding this setting. Falling back to ozone.metadata.dirs instead.
2020-07-16 15:51:14,463 [Listener at 127.0.0.1/45071] WARN  server.ServerUtils (ServerUtils.java:getScmDbDir(148)) - ozone.scm.db.dirs is not configured. We recommend adding this setting. Falling back to ozone.metadata.dirs instead.
2020-07-16 15:51:14,464 [Listener at 127.0.0.1/45071] WARN  db.DBStoreBuilder (DBStoreBuilder.java:createDBStoreBuilder(277)) - ozone.scm.db.dirs is not configured. We recommend adding this setting. Falling back to ozone.metadata.dirs instead.
2020-07-16 15:51:14,494 [Listener at 127.0.0.1/45071] INFO  net.NodeSchemaLoader (NodeSchemaLoader.java:loadSchemaFromFile(126)) - Loading file from sun.misc.CompoundEnumeration@6bac4719
2020-07-16 15:51:14,495 [Listener at 127.0.0.1/45071] INFO  net.NodeSchemaLoader (NodeSchemaLoader.java:loadSchema(172)) - Loading network topology layer schema file
2020-07-16 15:51:14,498 [Listener at 127.0.0.1/45071] INFO  node.SCMNodeManager (SCMNodeManager.java:<init>(116)) - Entering startup safe mode.
2020-07-16 15:51:14,498 [Listener at 127.0.0.1/45071] INFO  algorithms.ContainerPlacementPolicyFactory (ContainerPlacementPolicyFactory.java:getPolicy(60)) - Create container placement policy of type org.apache.hadoop.hdds.scm.container.placement.algorithms.SCMContainerPlacementRandom
2020-07-16 15:51:14,498 [Listener at 127.0.0.1/45071] INFO  pipeline.SCMPipelineManager (SCMPipelineManager.java:initializePipelineState(158)) - No pipeline exists in current db
2020-07-16 15:51:14,500 [Listener at 127.0.0.1/45071] INFO  safemode.HealthyPipelineSafeModeRule (HealthyPipelineSafeModeRule.java:<init>(89)) - Total pipeline count is 0, healthy pipeline threshold count is 0
2020-07-16 15:51:14,500 [Listener at 127.0.0.1/45071] INFO  safemode.OneReplicaPipelineSafeModeRule (OneReplicaPipelineSafeModeRule.java:<init>(79)) - Total pipeline count is 0, pipeline's with at least one datanode reported threshold count is 0
2020-07-16 15:51:14,500 [RatisPipelineUtilsThread] ERROR pipeline.SCMPipelineManager (SCMPipelineManager.java:createPipeline(274)) - Failed to create pipeline of type RATIS and factor ONE. Exception: Cannot create pipeline of factor 1 using 0 nodes. Used 0 nodes. Healthy nodes 0
2020-07-16 15:51:14,501 [Listener at 127.0.0.1/45071] INFO  ipc.CallQueueManager (CallQueueManager.java:<init>(84)) - Using callQueue: class java.util.concurrent.LinkedBlockingQueue, queueCapacity: 2000, scheduler: class org.apache.hadoop.ipc.DefaultRpcScheduler, ipcBackoff: false.
2020-07-16 15:51:14,501 [Socket Reader #1 for port 0] INFO  ipc.Server (Server.java:run(1219)) - Starting Socket Reader #1 for port 0
2020-07-16 15:51:14,502 [Listener at 0.0.0.0/45461] INFO  ipc.CallQueueManager (CallQueueManager.java:<init>(84)) - Using callQueue: class java.util.concurrent.LinkedBlockingQueue, queueCapacity: 2000, scheduler: class org.apache.hadoop.ipc.DefaultRpcScheduler, ipcBackoff: false.
2020-07-16 15:51:14,507 [Socket Reader #1 for port 0] INFO  ipc.Server (Server.java:run(1219)) - Starting Socket Reader #1 for port 0
2020-07-16 15:51:14,508 [Listener at 0.0.0.0/44569] INFO  ipc.CallQueueManager (CallQueueManager.java:<init>(84)) - Using callQueue: class java.util.concurrent.LinkedBlockingQueue, queueCapacity: 2000, scheduler: class org.apache.hadoop.ipc.DefaultRpcScheduler, ipcBackoff: false.
2020-07-16 15:51:14,510 [Socket Reader #1 for port 0] INFO  ipc.Server (Server.java:run(1219)) - Starting Socket Reader #1 for port 0
2020-07-16 15:51:14,515 [Listener at 0.0.0.0/36901] INFO  http.BaseHttpServer (BaseHttpServer.java:newHttpServer2BuilderForOzone(207)) - Starting Web-server for scm at: http://0.0.0.0:0
2020-07-16 15:51:14,515 [Listener at 0.0.0.0/36901] INFO  http.BaseHttpServer (BaseHttpServer.java:<init>(106)) - Hadoop Security Enabled: false Ozone Security Enabled: false Ozone HTTP Security Enabled: false 
2020-07-16 15:51:14,516 [Listener at 0.0.0.0/36901] INFO  server.AuthenticationFilter (AuthenticationFilter.java:constructSecretProvider(240)) - Unable to initialize FileSignerSecretProvider, falling back to use random secrets.
2020-07-16 15:51:14,516 [Listener at 0.0.0.0/36901] WARN  http.HttpRequestLog (HttpRequestLog.java:getRequestLog(103)) - Jetty request log can only be enabled using Log4j
2020-07-16 15:51:14,517 [Listener at 0.0.0.0/36901] INFO  http.HttpServer2 (HttpServer2.java:addGlobalFilter(998)) - Added global filter 'safety' (class=org.apache.hadoop.hdds.server.http.HttpServer2$QuotingInputFilter)
2020-07-16 15:51:14,517 [Listener at 0.0.0.0/36901] INFO  http.HttpServer2 (HttpServer2.java:addFilter(974)) - Added filter static_user_filter (class=org.apache.hadoop.http.lib.StaticUserWebFilter$StaticUserFilter) to context scm
2020-07-16 15:51:14,517 [Listener at 0.0.0.0/36901] INFO  http.HttpServer2 (HttpServer2.java:addFilter(982)) - Added filter static_user_filter (class=org.apache.hadoop.http.lib.StaticUserWebFilter$StaticUserFilter) to context logs
2020-07-16 15:51:14,518 [Listener at 0.0.0.0/36901] INFO  http.HttpServer2 (HttpServer2.java:addFilter(982)) - Added filter static_user_filter (class=org.apache.hadoop.http.lib.StaticUserWebFilter$StaticUserFilter) to context static
2020-07-16 15:51:14,519 [Listener at 0.0.0.0/36901] INFO  server.StorageContainerManager (StorageContainerManager.java:start(784)) - StorageContainerLocationProtocol RPC server is listening at /0.0.0.0:36901
2020-07-16 15:51:14,521 [Listener at 0.0.0.0/36901] WARN  impl.MetricsConfig (MetricsConfig.java:loadFirst(134)) - Cannot locate configuration: tried hadoop-metrics2-storagecontainermanager.properties,hadoop-metrics2.properties
2020-07-16 15:51:14,522 [Listener at 0.0.0.0/36901] INFO  impl.MetricsSystemImpl (MetricsSystemImpl.java:startTimer(374)) - Scheduled Metric snapshot period at 10 second(s).
2020-07-16 15:51:14,523 [Listener at 0.0.0.0/36901] INFO  impl.MetricsSystemImpl (MetricsSystemImpl.java:start(191)) - StorageContainerManager metrics system started
2020-07-16 15:51:14,587 [Listener at 0.0.0.0/36901] WARN  impl.MetricsSystemImpl (MetricsSystemImpl.java:register(276)) - Sink prometheus already exists!
2020-07-16 15:51:14,591 [Listener at 0.0.0.0/36901] INFO  server.SCMClientProtocolServer (SCMClientProtocolServer.java:start(156)) - RPC server for Client  is listening at /0.0.0.0:36901
2020-07-16 15:51:14,595 [IPC Server Responder] INFO  ipc.Server (Server.java:run(1460)) - IPC Server Responder: starting
2020-07-16 15:51:14,597 [IPC Server listener on 0] INFO  ipc.Server (Server.java:run(1298)) - IPC Server listener on 0: starting
2020-07-16 15:51:14,615 [Listener at 0.0.0.0/36901] INFO  server.StorageContainerManager (StorageContainerManager.java:start(796)) - ScmBlockLocationProtocol RPC server is listening at /0.0.0.0:44569
2020-07-16 15:51:14,615 [Listener at 0.0.0.0/36901] INFO  server.SCMBlockProtocolServer (SCMBlockProtocolServer.java:start(149)) - RPC server for Block Protocol is listening at /0.0.0.0:44569
2020-07-16 15:51:14,615 [IPC Server Responder] INFO  ipc.Server (Server.java:run(1460)) - IPC Server Responder: starting
2020-07-16 15:51:14,619 [IPC Server listener on 0] INFO  ipc.Server (Server.java:run(1298)) - IPC Server listener on 0: starting
2020-07-16 15:51:14,629 [Listener at 0.0.0.0/36901] INFO  server.StorageContainerManager (StorageContainerManager.java:start(802)) - ScmDatanodeProtocl RPC server is listening at /0.0.0.0:45461
2020-07-16 15:51:14,629 [Listener at 0.0.0.0/36901] INFO  server.SCMDatanodeProtocolServer (SCMDatanodeProtocolServer.java:start(172)) - RPC server for DataNodes is listening at /0.0.0.0:45461
2020-07-16 15:51:14,630 [IPC Server Responder] INFO  ipc.Server (Server.java:run(1460)) - IPC Server Responder: starting
2020-07-16 15:51:14,630 [IPC Server listener on 0] INFO  ipc.Server (Server.java:run(1298)) - IPC Server listener on 0: starting
2020-07-16 15:51:14,638 [Listener at 0.0.0.0/36901] INFO  http.HttpServer2 (HttpServer2.java:bindListener(1216)) - Jetty bound to port 42645
2020-07-16 15:51:14,639 [Listener at 0.0.0.0/36901] INFO  server.Server (Server.java:doStart(359)) - jetty-9.4.26.v20200117; built: 2020-01-17T12:35:33.676Z; git: 7b38981d25d14afb4a12ff1f2596756144edf695; jvm 1.8.0_232-b09
2020-07-16 15:51:14,640 [Listener at 0.0.0.0/36901] INFO  server.session (DefaultSessionIdManager.java:doStart(333)) - DefaultSessionIdManager workerName=node0
2020-07-16 15:51:14,640 [Listener at 0.0.0.0/36901] INFO  server.session (DefaultSessionIdManager.java:doStart(338)) - No SessionScavenger set, using defaults
2020-07-16 15:51:14,640 [Listener at 0.0.0.0/36901] INFO  server.session (HouseKeeper.java:startScavenging(140)) - node0 Scavenging every 660000ms
2020-07-16 15:51:14,641 [Listener at 0.0.0.0/36901] INFO  handler.ContextHandler (ContextHandler.java:doStart(825)) - Started o.e.j.s.ServletContextHandler@a28296e{logs,/logs,file:///github/workspace/mnt/ozone/hadoop-ozone/integration-test/target/log,AVAILABLE}
2020-07-16 15:51:14,641 [Listener at 0.0.0.0/36901] INFO  handler.ContextHandler (ContextHandler.java:doStart(825)) - Started o.e.j.s.ServletContextHandler@24b73741{static,/static,file:///github/workspace/mnt/ozone/hadoop-ozone/integration-test/target/test-classes/webapps/static,AVAILABLE}
2020-07-16 15:51:14,644 [Listener at 0.0.0.0/36901] INFO  handler.ContextHandler (ContextHandler.java:doStart(825)) - Started o.e.j.w.WebAppContext@183c6db3{scm,/,file:///github/workspace/mnt/ozone/hadoop-ozone/integration-test/target/test-classes/webapps/scm/,AVAILABLE}{file:/github/workspace/mnt/ozone/hadoop-ozone/integration-test/target/test-classes/webapps/scm}
2020-07-16 15:51:14,645 [Listener at 0.0.0.0/36901] INFO  server.AbstractConnector (AbstractConnector.java:doStart(330)) - Started ServerConnector@5028cec0{HTTP/1.1,[http/1.1]}{0.0.0.0:42645}
2020-07-16 15:51:14,645 [Listener at 0.0.0.0/36901] INFO  server.Server (Server.java:doStart(399)) - Started @114960ms
2020-07-16 15:51:14,646 [Listener at 0.0.0.0/36901] WARN  impl.MetricsSystemImpl (MetricsSystemImpl.java:register(276)) - Sink prometheus already exists!
2020-07-16 15:51:14,649 [Listener at 0.0.0.0/36901] INFO  http.BaseHttpServer (BaseHttpServer.java:updateConnectorAddress(327)) - HTTP server of scm listening at http://0.0.0.0:42645
2020-07-16 15:51:14,649 [Listener at 0.0.0.0/36901] WARN  server.ServerUtils (ServerUtils.java:getDBPath(225)) - ozone.om.db.dirs is not configured. We recommend adding this setting. Falling back to ozone.metadata.dirs instead.
2020-07-16 15:51:14,655 [Listener at 0.0.0.0/36901] INFO  ha.OMHANodeDetails (OMHANodeDetails.java:loadOMHAConfig(104)) - ozone.om.internal.service.id is not defined, falling back to ozone.om.service.ids to find serviceID for OzoneManager if it is HA enabled cluster
2020-07-16 15:51:14,655 [Listener at 0.0.0.0/36901] INFO  ha.OMHANodeDetails (OMHANodeDetails.java:loadOMHAConfig(213)) - Configuration either no ozone.om.address set. Falling back to the default OM address /127.0.0.1:0
2020-07-16 15:51:14,655 [Listener at 0.0.0.0/36901] INFO  ha.OMHANodeDetails (OMHANodeDetails.java:getOMNodeDetails(241)) - OM Service ID is not set. Setting it to the default ID: omServiceIdDefault
2020-07-16 15:51:14,655 [org.apache.hadoop.util.JvmPauseMonitor$Monitor@5b7e6e2d] INFO  util.JvmPauseMonitor (JvmPauseMonitor.java:run(188)) - Starting JVM pause monitor
2020-07-16 15:51:14,655 [Listener at 0.0.0.0/36901] WARN  server.ServerUtils (ServerUtils.java:getDBPath(225)) - ozone.om.db.dirs is not configured. We recommend adding this setting. Falling back to ozone.metadata.dirs instead.
2020-07-16 15:51:14,656 [Listener at 0.0.0.0/36901] WARN  server.ServerUtils (ServerUtils.java:getDBPath(225)) - ozone.om.db.dirs is not configured. We recommend adding this setting. Falling back to ozone.metadata.dirs instead.
2020-07-16 15:51:14,666 [Listener at 0.0.0.0/36901] WARN  server.ServerUtils (ServerUtils.java:getDBPath(225)) - ozone.om.db.dirs is not configured. We recommend adding this setting. Falling back to ozone.metadata.dirs instead.
2020-07-16 15:51:14,721 [Listener at 0.0.0.0/36901] INFO  ipc.CallQueueManager (CallQueueManager.java:<init>(84)) - Using callQueue: class java.util.concurrent.LinkedBlockingQueue, queueCapacity: 2000, scheduler: class org.apache.hadoop.ipc.DefaultRpcScheduler, ipcBackoff: false.
2020-07-16 15:51:14,721 [Socket Reader #1 for port 0] INFO  ipc.Server (Server.java:run(1219)) - Starting Socket Reader #1 for port 0
2020-07-16 15:51:14,733 [Listener at 127.0.0.1/35779] INFO  impl.MetricsSystemImpl (MetricsSystemImpl.java:init(158)) - OzoneManager metrics system started (again)
2020-07-16 15:51:14,734 [Listener at 127.0.0.1/35779] INFO  om.OzoneManager (OzoneManager.java:start(1088)) - OzoneManager RPC server is listening at localhost/127.0.0.1:35779
2020-07-16 15:51:14,735 [IPC Server Responder] INFO  ipc.Server (Server.java:run(1460)) - IPC Server Responder: starting
2020-07-16 15:51:14,736 [IPC Server listener on 0] INFO  ipc.Server (Server.java:run(1298)) - IPC Server listener on 0: starting
2020-07-16 15:51:14,745 [Listener at 127.0.0.1/35779] INFO  http.BaseHttpServer (BaseHttpServer.java:newHttpServer2BuilderForOzone(207)) - Starting Web-server for ozoneManager at: http://0.0.0.0:0
2020-07-16 15:51:14,745 [Listener at 127.0.0.1/35779] INFO  http.BaseHttpServer (BaseHttpServer.java:<init>(106)) - Hadoop Security Enabled: false Ozone Security Enabled: false Ozone HTTP Security Enabled: false 
2020-07-16 15:51:14,746 [Listener at 127.0.0.1/35779] INFO  server.AuthenticationFilter (AuthenticationFilter.java:constructSecretProvider(240)) - Unable to initialize FileSignerSecretProvider, falling back to use random secrets.
2020-07-16 15:51:14,746 [Listener at 127.0.0.1/35779] WARN  http.HttpRequestLog (HttpRequestLog.java:getRequestLog(103)) - Jetty request log can only be enabled using Log4j
2020-07-16 15:51:14,747 [Listener at 127.0.0.1/35779] INFO  http.HttpServer2 (HttpServer2.java:addGlobalFilter(998)) - Added global filter 'safety' (class=org.apache.hadoop.hdds.server.http.HttpServer2$QuotingInputFilter)
2020-07-16 15:51:14,747 [Listener at 127.0.0.1/35779] INFO  http.HttpServer2 (HttpServer2.java:addFilter(974)) - Added filter static_user_filter (class=org.apache.hadoop.http.lib.StaticUserWebFilter$StaticUserFilter) to context ozoneManager
2020-07-16 15:51:14,748 [Listener at 127.0.0.1/35779] INFO  http.HttpServer2 (HttpServer2.java:addFilter(982)) - Added filter static_user_filter (class=org.apache.hadoop.http.lib.StaticUserWebFilter$StaticUserFilter) to context static
2020-07-16 15:51:14,748 [Listener at 127.0.0.1/35779] INFO  http.HttpServer2 (HttpServer2.java:addFilter(982)) - Added filter static_user_filter (class=org.apache.hadoop.http.lib.StaticUserWebFilter$StaticUserFilter) to context logs
2020-07-16 15:51:14,748 [Listener at 127.0.0.1/35779] INFO  http.HttpServer2 (HttpServer2.java:bindListener(1216)) - Jetty bound to port 33105
2020-07-16 15:51:14,748 [Listener at 127.0.0.1/35779] INFO  server.Server (Server.java:doStart(359)) - jetty-9.4.26.v20200117; built: 2020-01-17T12:35:33.676Z; git: 7b38981d25d14afb4a12ff1f2596756144edf695; jvm 1.8.0_232-b09
2020-07-16 15:51:14,749 [Listener at 127.0.0.1/35779] INFO  server.session (DefaultSessionIdManager.java:doStart(333)) - DefaultSessionIdManager workerName=node0
2020-07-16 15:51:14,750 [Listener at 127.0.0.1/35779] INFO  server.session (DefaultSessionIdManager.java:doStart(338)) - No SessionScavenger set, using defaults
2020-07-16 15:51:14,750 [Listener at 127.0.0.1/35779] INFO  server.session (HouseKeeper.java:startScavenging(140)) - node0 Scavenging every 660000ms
2020-07-16 15:51:14,750 [Listener at 127.0.0.1/35779] INFO  handler.ContextHandler (ContextHandler.java:doStart(825)) - Started o.e.j.s.ServletContextHandler@59ba219d{logs,/logs,file:///github/workspace/mnt/ozone/hadoop-ozone/integration-test/target/log,AVAILABLE}
2020-07-16 15:51:14,750 [Listener at 127.0.0.1/35779] INFO  handler.ContextHandler (ContextHandler.java:doStart(825)) - Started o.e.j.s.ServletContextHandler@79611f57{static,/static,file:///github/workspace/mnt/ozone/hadoop-ozone/integration-test/target/test-classes/webapps/static,AVAILABLE}
2020-07-16 15:51:14,753 [Listener at 127.0.0.1/35779] INFO  handler.ContextHandler (ContextHandler.java:doStart(825)) - Started o.e.j.w.WebAppContext@7146e9a4{ozoneManager,/,file:///github/workspace/mnt/ozone/hadoop-ozone/integration-test/target/test-classes/webapps/ozoneManager/,AVAILABLE}{file:/github/workspace/mnt/ozone/hadoop-ozone/integration-test/target/test-classes/webapps/ozoneManager}
2020-07-16 15:51:14,755 [Listener at 127.0.0.1/35779] INFO  server.AbstractConnector (AbstractConnector.java:doStart(330)) - Started ServerConnector@52357015{HTTP/1.1,[http/1.1]}{0.0.0.0:33105}
2020-07-16 15:51:14,755 [Listener at 127.0.0.1/35779] INFO  server.Server (Server.java:doStart(399)) - Started @115069ms
2020-07-16 15:51:14,755 [Listener at 127.0.0.1/35779] WARN  impl.MetricsSystemImpl (MetricsSystemImpl.java:register(276)) - Sink prometheus already exists!
2020-07-16 15:51:14,758 [Listener at 127.0.0.1/35779] INFO  http.BaseHttpServer (BaseHttpServer.java:updateConnectorAddress(327)) - HTTP server of ozoneManager listening at http://0.0.0.0:33105
2020-07-16 15:51:14,773 [Listener at 127.0.0.1/35779] INFO  impl.MetricsSystemImpl (MetricsSystemImpl.java:init(158)) - HddsDatanode metrics system started (again)
2020-07-16 15:51:14,775 [Listener at 127.0.0.1/35779] INFO  ozone.HddsDatanodeService (HddsDatanodeService.java:start(214)) - HddsDatanodeService host:2ac0d1d00fcd ip:172.17.0.2
2020-07-16 15:51:14,776 [Listener at 127.0.0.1/35779] INFO  volume.HddsVolume (HddsVolume.java:<init>(176)) - Creating Volume: /github/workspace/mnt/ozone/hadoop-ozone/integration-test/target/test-dir/MiniOzoneClusterImpl-45392ef6-f0d5-4168-b900-afad7710253d/datanode-0/data-0/containers/hdds of storage type : DISK and capacity : 9223372036854775807
2020-07-16 15:51:14,776 [org.apache.hadoop.util.JvmPauseMonitor$Monitor@52c86b9f] INFO  util.JvmPauseMonitor (JvmPauseMonitor.java:run(188)) - Starting JVM pause monitor
2020-07-16 15:51:14,776 [Listener at 127.0.0.1/35779] INFO  volume.MutableVolumeSet (MutableVolumeSet.java:initializeVolumeSet(179)) - Added Volume : /github/workspace/mnt/ozone/hadoop-ozone/integration-test/target/test-dir/MiniOzoneClusterImpl-45392ef6-f0d5-4168-b900-afad7710253d/datanode-0/data-0/containers/hdds to VolumeSet
2020-07-16 15:51:14,776 [Listener at 127.0.0.1/35779] INFO  volume.ThrottledAsyncChecker (ThrottledAsyncChecker.java:schedule(141)) - Scheduling a check for /github/workspace/mnt/ozone/hadoop-ozone/integration-test/target/test-dir/MiniOzoneClusterImpl-45392ef6-f0d5-4168-b900-afad7710253d/datanode-0/data-0/containers/hdds
2020-07-16 15:51:14,777 [Listener at 127.0.0.1/35779] INFO  volume.HddsVolumeChecker (HddsVolumeChecker.java:checkAllVolumes(200)) - Scheduled health check for volume /github/workspace/mnt/ozone/hadoop-ozone/integration-test/target/test-dir/MiniOzoneClusterImpl-45392ef6-f0d5-4168-b900-afad7710253d/datanode-0/data-0/containers/hdds
2020-07-16 15:51:14,792 [Listener at 127.0.0.1/35779] INFO  impl.RaftServerProxy (ConfUtils.java:logGet(44)) - raft.rpc.type = GRPC (default)
2020-07-16 15:51:14,792 [Listener at 127.0.0.1/35779] INFO  grpc.GrpcFactory (GrpcFactory.java:checkPooledByteBufAllocatorUseCacheForAllThreads(45)) - PERFORMANCE WARNING: useCacheForAllThreads is true that may cause Netty to create a lot garbage objects and, as a result, trigger GC.
	It is recommended to disable useCacheForAllThreads by setting -Dorg.apache.ratis.thirdparty.io.netty.allocator.useCacheForAllThreads=false in command line.
2020-07-16 15:51:14,792 [Listener at 127.0.0.1/35779] INFO  grpc.GrpcConfigKeys (ConfUtils.java:logGet(44)) - raft.grpc.server.port = 0 (default)
2020-07-16 15:51:14,793 [Listener at 127.0.0.1/35779] INFO  server.GrpcService (ConfUtils.java:logGet(44)) - raft.grpc.message.size.max = 32MB (=33554432) (custom)
2020-07-16 15:51:14,793 [Listener at 127.0.0.1/35779] INFO  server.RaftServerConfigKeys (ConfUtils.java:logGet(44)) - raft.server.log.appender.buffer.byte-limit = 33554432 (custom)
2020-07-16 15:51:14,793 [Listener at 127.0.0.1/35779] INFO  server.GrpcService (ConfUtils.java:logGet(44)) - raft.grpc.flow.control.window = 5MB (=5242880) (custom)
2020-07-16 15:51:14,793 [Listener at 127.0.0.1/35779] INFO  server.RaftServerConfigKeys (ConfUtils.java:logGet(44)) - raft.server.rpc.request.timeout = 3000ms (default)
2020-07-16 15:51:14,794 [Listener at 127.0.0.1/35779] INFO  server.RaftServerConfigKeys (ConfUtils.java:logGet(44)) - raft.server.storage.dir = [/github/workspace/mnt/ozone/hadoop-ozone/integration-test/target/test-dir/MiniOzoneClusterImpl-45392ef6-f0d5-4168-b900-afad7710253d/datanode-0/data/ratis] (custom)
2020-07-16 15:51:14,798 [Listener at 127.0.0.1/35779] INFO  http.BaseHttpServer (BaseHttpServer.java:newHttpServer2BuilderForOzone(207)) - Starting Web-server for hddsDatanode at: http://0.0.0.0:0
2020-07-16 15:51:14,798 [Listener at 127.0.0.1/35779] INFO  http.BaseHttpServer (BaseHttpServer.java:<init>(106)) - Hadoop Security Enabled: false Ozone Security Enabled: false Ozone HTTP Security Enabled: false 
2020-07-16 15:51:14,799 [Listener at 127.0.0.1/35779] INFO  server.AuthenticationFilter (AuthenticationFilter.java:constructSecretProvider(240)) - Unable to initialize FileSignerSecretProvider, falling back to use random secrets.
2020-07-16 15:51:14,800 [Listener at 127.0.0.1/35779] WARN  http.HttpRequestLog (HttpRequestLog.java:getRequestLog(103)) - Jetty request log can only be enabled using Log4j
2020-07-16 15:51:14,800 [Listener at 127.0.0.1/35779] INFO  http.HttpServer2 (HttpServer2.java:addGlobalFilter(998)) - Added global filter 'safety' (class=org.apache.hadoop.hdds.server.http.HttpServer2$QuotingInputFilter)
2020-07-16 15:51:14,801 [Listener at 127.0.0.1/35779] INFO  http.HttpServer2 (HttpServer2.java:addFilter(974)) - Added filter static_user_filter (class=org.apache.hadoop.http.lib.StaticUserWebFilter$StaticUserFilter) to context hddsDatanode
2020-07-16 15:51:14,801 [Listener at 127.0.0.1/35779] INFO  http.HttpServer2 (HttpServer2.java:addFilter(982)) - Added filter static_user_filter (class=org.apache.hadoop.http.lib.StaticUserWebFilter$StaticUserFilter) to context static
2020-07-16 15:51:14,801 [Listener at 127.0.0.1/35779] INFO  http.HttpServer2 (HttpServer2.java:addFilter(982)) - Added filter static_user_filter (class=org.apache.hadoop.http.lib.StaticUserWebFilter$StaticUserFilter) to context logs
2020-07-16 15:51:14,802 [Listener at 127.0.0.1/35779] INFO  http.HttpServer2 (HttpServer2.java:bindListener(1216)) - Jetty bound to port 41115
2020-07-16 15:51:14,802 [Listener at 127.0.0.1/35779] INFO  server.Server (Server.java:doStart(359)) - jetty-9.4.26.v20200117; built: 2020-01-17T12:35:33.676Z; git: 7b38981d25d14afb4a12ff1f2596756144edf695; jvm 1.8.0_232-b09
2020-07-16 15:51:14,803 [Listener at 127.0.0.1/35779] INFO  server.session (DefaultSessionIdManager.java:doStart(333)) - DefaultSessionIdManager workerName=node0
2020-07-16 15:51:14,804 [Listener at 127.0.0.1/35779] INFO  server.session (DefaultSessionIdManager.java:doStart(338)) - No SessionScavenger set, using defaults
2020-07-16 15:51:14,804 [Listener at 127.0.0.1/35779] INFO  server.session (HouseKeeper.java:startScavenging(140)) - node0 Scavenging every 660000ms
2020-07-16 15:51:14,804 [Listener at 127.0.0.1/35779] INFO  handler.ContextHandler (ContextHandler.java:doStart(825)) - Started o.e.j.s.ServletContextHandler@57b9ce87{logs,/logs,file:///github/workspace/mnt/ozone/hadoop-ozone/integration-test/target/log,AVAILABLE}
2020-07-16 15:51:14,805 [Listener at 127.0.0.1/35779] INFO  handler.ContextHandler (ContextHandler.java:doStart(825)) - Started o.e.j.s.ServletContextHandler@48c15d35{static,/static,jar:file:/home/user/.m2/repository/org/apache/hadoop/hadoop-hdds-container-service/0.6.0-SNAPSHOT/hadoop-hdds-container-service-0.6.0-SNAPSHOT.jar!/webapps/static,AVAILABLE}
2020-07-16 15:51:14,883 [Listener at 127.0.0.1/35779] INFO  handler.ContextHandler (ContextHandler.java:doStart(825)) - Started o.e.j.w.WebAppContext@144ad1f5{hddsDatanode,/,file:///tmp/jetty-0_0_0_0-41115-hadoop-hdds-container-service-0_6_0-SNAPSHOT_jar-_-any-6015800721360738421.dir/webapp/,AVAILABLE}{jar:file:/home/user/.m2/repository/org/apache/hadoop/hadoop-hdds-container-service/0.6.0-SNAPSHOT/hadoop-hdds-container-service-0.6.0-SNAPSHOT.jar!/webapps/hddsDatanode}
2020-07-16 15:51:14,884 [Listener at 127.0.0.1/35779] INFO  server.AbstractConnector (AbstractConnector.java:doStart(330)) - Started ServerConnector@6d9020e6{HTTP/1.1,[http/1.1]}{0.0.0.0:41115}
2020-07-16 15:51:14,884 [Listener at 127.0.0.1/35779] INFO  server.Server (Server.java:doStart(399)) - Started @115198ms
2020-07-16 15:51:14,884 [Listener at 127.0.0.1/35779] WARN  impl.MetricsSystemImpl (MetricsSystemImpl.java:register(276)) - Sink prometheus already exists!
2020-07-16 15:51:14,887 [Listener at 127.0.0.1/35779] INFO  http.BaseHttpServer (BaseHttpServer.java:updateConnectorAddress(327)) - HTTP server of hddsDatanode listening at http://0.0.0.0:41115
2020-07-16 15:51:14,888 [Listener at 127.0.0.1/35779] INFO  impl.MetricsSystemImpl (MetricsSystemImpl.java:init(158)) - HddsDatanode metrics system started (again)
2020-07-16 15:51:14,889 [Listener at 127.0.0.1/35779] INFO  ozone.HddsDatanodeService (HddsDatanodeService.java:start(214)) - HddsDatanodeService host:2ac0d1d00fcd ip:172.17.0.2
2020-07-16 15:51:14,891 [org.apache.hadoop.util.JvmPauseMonitor$Monitor@e9f66a4] INFO  util.JvmPauseMonitor (JvmPauseMonitor.java:run(188)) - Starting JVM pause monitor
2020-07-16 15:51:14,891 [Listener at 127.0.0.1/35779] INFO  volume.HddsVolume (HddsVolume.java:<init>(176)) - Creating Volume: /github/workspace/mnt/ozone/hadoop-ozone/integration-test/target/test-dir/MiniOzoneClusterImpl-45392ef6-f0d5-4168-b900-afad7710253d/datanode-1/data-0/containers/hdds of storage type : DISK and capacity : 9223372036854775807
2020-07-16 15:51:14,891 [Listener at 127.0.0.1/35779] INFO  volume.MutableVolumeSet (MutableVolumeSet.java:initializeVolumeSet(179)) - Added Volume : /github/workspace/mnt/ozone/hadoop-ozone/integration-test/target/test-dir/MiniOzoneClusterImpl-45392ef6-f0d5-4168-b900-afad7710253d/datanode-1/data-0/containers/hdds to VolumeSet
2020-07-16 15:51:14,891 [Listener at 127.0.0.1/35779] INFO  volume.ThrottledAsyncChecker (ThrottledAsyncChecker.java:schedule(141)) - Scheduling a check for /github/workspace/mnt/ozone/hadoop-ozone/integration-test/target/test-dir/MiniOzoneClusterImpl-45392ef6-f0d5-4168-b900-afad7710253d/datanode-1/data-0/containers/hdds
2020-07-16 15:51:14,892 [Datanode State Machine Thread - 0] INFO  datanode.InitDatanodeState (InitDatanodeState.java:persistContainerDatanodeDetails(145)) - DatanodeDetails is persisted to /github/workspace/mnt/ozone/hadoop-ozone/integration-test/target/test-dir/MiniOzoneClusterImpl-45392ef6-f0d5-4168-b900-afad7710253d/datanode-0/meta/datanode.id
2020-07-16 15:51:14,893 [Listener at 127.0.0.1/35779] INFO  volume.HddsVolumeChecker (HddsVolumeChecker.java:checkAllVolumes(200)) - Scheduled health check for volume /github/workspace/mnt/ozone/hadoop-ozone/integration-test/target/test-dir/MiniOzoneClusterImpl-45392ef6-f0d5-4168-b900-afad7710253d/datanode-1/data-0/containers/hdds
2020-07-16 15:51:14,907 [Listener at 127.0.0.1/35779] INFO  impl.RaftServerProxy (ConfUtils.java:logGet(44)) - raft.rpc.type = GRPC (default)
2020-07-16 15:51:14,907 [Listener at 127.0.0.1/35779] INFO  grpc.GrpcFactory (GrpcFactory.java:checkPooledByteBufAllocatorUseCacheForAllThreads(45)) - PERFORMANCE WARNING: useCacheForAllThreads is true that may cause Netty to create a lot garbage objects and, as a result, trigger GC.
	It is recommended to disable useCacheForAllThreads by setting -Dorg.apache.ratis.thirdparty.io.netty.allocator.useCacheForAllThreads=false in command line.
2020-07-16 15:51:14,907 [Listener at 127.0.0.1/35779] INFO  grpc.GrpcConfigKeys (ConfUtils.java:logGet(44)) - raft.grpc.server.port = 0 (default)
2020-07-16 15:51:14,908 [Listener at 127.0.0.1/35779] INFO  server.GrpcService (ConfUtils.java:logGet(44)) - raft.grpc.message.size.max = 32MB (=33554432) (custom)
2020-07-16 15:51:14,908 [Listener at 127.0.0.1/35779] INFO  server.RaftServerConfigKeys (ConfUtils.java:logGet(44)) - raft.server.log.appender.buffer.byte-limit = 33554432 (custom)
2020-07-16 15:51:14,908 [Listener at 127.0.0.1/35779] INFO  server.GrpcService (ConfUtils.java:logGet(44)) - raft.grpc.flow.control.window = 5MB (=5242880) (custom)
2020-07-16 15:51:14,908 [Listener at 127.0.0.1/35779] INFO  server.RaftServerConfigKeys (ConfUtils.java:logGet(44)) - raft.server.rpc.request.timeout = 3000ms (default)
2020-07-16 15:51:14,909 [Listener at 127.0.0.1/35779] INFO  server.RaftServerConfigKeys (ConfUtils.java:logGet(44)) - raft.server.storage.dir = [/github/workspace/mnt/ozone/hadoop-ozone/integration-test/target/test-dir/MiniOzoneClusterImpl-45392ef6-f0d5-4168-b900-afad7710253d/datanode-1/data/ratis] (custom)
2020-07-16 15:51:14,922 [Listener at 127.0.0.1/35779] INFO  http.BaseHttpServer (BaseHttpServer.java:newHttpServer2BuilderForOzone(207)) - Starting Web-server for hddsDatanode at: http://0.0.0.0:0
2020-07-16 15:51:14,922 [Listener at 127.0.0.1/35779] INFO  http.BaseHttpServer (BaseHttpServer.java:<init>(106)) - Hadoop Security Enabled: false Ozone Security Enabled: false Ozone HTTP Security Enabled: false 
2020-07-16 15:51:14,923 [Listener at 127.0.0.1/35779] INFO  server.AuthenticationFilter (AuthenticationFilter.java:constructSecretProvider(240)) - Unable to initialize FileSignerSecretProvider, falling back to use random secrets.
2020-07-16 15:51:14,923 [Listener at 127.0.0.1/35779] WARN  http.HttpRequestLog (HttpRequestLog.java:getRequestLog(103)) - Jetty request log can only be enabled using Log4j
2020-07-16 15:51:14,924 [Listener at 127.0.0.1/35779] INFO  http.HttpServer2 (HttpServer2.java:addGlobalFilter(998)) - Added global filter 'safety' (class=org.apache.hadoop.hdds.server.http.HttpServer2$QuotingInputFilter)
2020-07-16 15:51:14,925 [Listener at 127.0.0.1/35779] INFO  http.HttpServer2 (HttpServer2.java:addFilter(974)) - Added filter static_user_filter (class=org.apache.hadoop.http.lib.StaticUserWebFilter$StaticUserFilter) to context hddsDatanode
2020-07-16 15:51:14,925 [Listener at 127.0.0.1/35779] INFO  http.HttpServer2 (HttpServer2.java:addFilter(982)) - Added filter static_user_filter (class=org.apache.hadoop.http.lib.StaticUserWebFilter$StaticUserFilter) to context static
2020-07-16 15:51:14,925 [Listener at 127.0.0.1/35779] INFO  http.HttpServer2 (HttpServer2.java:addFilter(982)) - Added filter static_user_filter (class=org.apache.hadoop.http.lib.StaticUserWebFilter$StaticUserFilter) to context logs
2020-07-16 15:51:14,925 [Listener at 127.0.0.1/35779] INFO  http.HttpServer2 (HttpServer2.java:bindListener(1216)) - Jetty bound to port 37837
2020-07-16 15:51:14,925 [Listener at 127.0.0.1/35779] INFO  server.Server (Server.java:doStart(359)) - jetty-9.4.26.v20200117; built: 2020-01-17T12:35:33.676Z; git: 7b38981d25d14afb4a12ff1f2596756144edf695; jvm 1.8.0_232-b09
2020-07-16 15:51:14,931 [Listener at 127.0.0.1/35779] INFO  server.session (DefaultSessionIdManager.java:doStart(333)) - DefaultSessionIdManager workerName=node0
2020-07-16 15:51:14,931 [Listener at 127.0.0.1/35779] INFO  server.session (DefaultSessionIdManager.java:doStart(338)) - No SessionScavenger set, using defaults
2020-07-16 15:51:14,931 [Listener at 127.0.0.1/35779] INFO  server.session (HouseKeeper.java:startScavenging(140)) - node0 Scavenging every 600000ms
2020-07-16 15:51:14,932 [Listener at 127.0.0.1/35779] INFO  handler.ContextHandler (ContextHandler.java:doStart(825)) - Started o.e.j.s.ServletContextHandler@4c44928e{logs,/logs,file:///github/workspace/mnt/ozone/hadoop-ozone/integration-test/target/log,AVAILABLE}
2020-07-16 15:51:14,933 [Listener at 127.0.0.1/35779] INFO  handler.ContextHandler (ContextHandler.java:doStart(825)) - Started o.e.j.s.ServletContextHandler@38c00fa1{static,/static,jar:file:/home/user/.m2/repository/org/apache/hadoop/hadoop-hdds-container-service/0.6.0-SNAPSHOT/hadoop-hdds-container-service-0.6.0-SNAPSHOT.jar!/webapps/static,AVAILABLE}
2020-07-16 15:51:15,002 [Listener at 127.0.0.1/35779] INFO  handler.ContextHandler (ContextHandler.java:doStart(825)) - Started o.e.j.w.WebAppContext@21be9ddc{hddsDatanode,/,file:///tmp/jetty-0_0_0_0-37837-hadoop-hdds-container-service-0_6_0-SNAPSHOT_jar-_-any-3128202017283614446.dir/webapp/,AVAILABLE}{jar:file:/home/user/.m2/repository/org/apache/hadoop/hadoop-hdds-container-service/0.6.0-SNAPSHOT/hadoop-hdds-container-service-0.6.0-SNAPSHOT.jar!/webapps/hddsDatanode}
2020-07-16 15:51:15,003 [Listener at 127.0.0.1/35779] INFO  server.AbstractConnector (AbstractConnector.java:doStart(330)) - Started ServerConnector@7eb22e87{HTTP/1.1,[http/1.1]}{0.0.0.0:37837}
2020-07-16 15:51:15,003 [Listener at 127.0.0.1/35779] INFO  server.Server (Server.java:doStart(399)) - Started @115317ms
2020-07-16 15:51:15,003 [Listener at 127.0.0.1/35779] WARN  impl.MetricsSystemImpl (MetricsSystemImpl.java:register(276)) - Sink prometheus already exists!
2020-07-16 15:51:15,007 [Listener at 127.0.0.1/35779] INFO  http.BaseHttpServer (BaseHttpServer.java:updateConnectorAddress(327)) - HTTP server of hddsDatanode listening at http://0.0.0.0:37837
2020-07-16 15:51:15,007 [Listener at 127.0.0.1/35779] INFO  impl.MetricsSystemImpl (MetricsSystemImpl.java:init(158)) - HddsDatanode metrics system started (again)
2020-07-16 15:51:15,009 [Listener at 127.0.0.1/35779] INFO  ozone.HddsDatanodeService (HddsDatanodeService.java:start(214)) - HddsDatanodeService host:2ac0d1d00fcd ip:172.17.0.2
2020-07-16 15:51:15,010 [Datanode State Machine Thread - 0] INFO  datanode.InitDatanodeState (InitDatanodeState.java:persistContainerDatanodeDetails(145)) - DatanodeDetails is persisted to /github/workspace/mnt/ozone/hadoop-ozone/integration-test/target/test-dir/MiniOzoneClusterImpl-45392ef6-f0d5-4168-b900-afad7710253d/datanode-1/meta/datanode.id
2020-07-16 15:51:15,010 [org.apache.hadoop.util.JvmPauseMonitor$Monitor@1a56baa6] INFO  util.JvmPauseMonitor (JvmPauseMonitor.java:run(188)) - Starting JVM pause monitor
2020-07-16 15:51:15,011 [Listener at 127.0.0.1/35779] INFO  volume.HddsVolume (HddsVolume.java:<init>(176)) - Creating Volume: /github/workspace/mnt/ozone/hadoop-ozone/integration-test/target/test-dir/MiniOzoneClusterImpl-45392ef6-f0d5-4168-b900-afad7710253d/datanode-2/data-0/containers/hdds of storage type : DISK and capacity : 9223372036854775807
2020-07-16 15:51:15,011 [Listener at 127.0.0.1/35779] INFO  volume.MutableVolumeSet (MutableVolumeSet.java:initializeVolumeSet(179)) - Added Volume : /github/workspace/mnt/ozone/hadoop-ozone/integration-test/target/test-dir/MiniOzoneClusterImpl-45392ef6-f0d5-4168-b900-afad7710253d/datanode-2/data-0/containers/hdds to VolumeSet
2020-07-16 15:51:15,011 [Listener at 127.0.0.1/35779] INFO  volume.ThrottledAsyncChecker (ThrottledAsyncChecker.java:schedule(141)) - Scheduling a check for /github/workspace/mnt/ozone/hadoop-ozone/integration-test/target/test-dir/MiniOzoneClusterImpl-45392ef6-f0d5-4168-b900-afad7710253d/datanode-2/data-0/containers/hdds
2020-07-16 15:51:15,011 [Listener at 127.0.0.1/35779] INFO  volume.HddsVolumeChecker (HddsVolumeChecker.java:checkAllVolumes(200)) - Scheduled health check for volume /github/workspace/mnt/ozone/hadoop-ozone/integration-test/target/test-dir/MiniOzoneClusterImpl-45392ef6-f0d5-4168-b900-afad7710253d/datanode-2/data-0/containers/hdds
2020-07-16 15:51:15,024 [Listener at 127.0.0.1/35779] INFO  impl.RaftServerProxy (ConfUtils.java:logGet(44)) - raft.rpc.type = GRPC (default)
2020-07-16 15:51:15,025 [Listener at 127.0.0.1/35779] INFO  grpc.GrpcFactory (GrpcFactory.java:checkPooledByteBufAllocatorUseCacheForAllThreads(45)) - PERFORMANCE WARNING: useCacheForAllThreads is true that may cause Netty to create a lot garbage objects and, as a result, trigger GC.
	It is recommended to disable useCacheForAllThreads by setting -Dorg.apache.ratis.thirdparty.io.netty.allocator.useCacheForAllThreads=false in command line.
2020-07-16 15:51:15,025 [Listener at 127.0.0.1/35779] INFO  grpc.GrpcConfigKeys (ConfUtils.java:logGet(44)) - raft.grpc.server.port = 0 (default)
2020-07-16 15:51:15,025 [Listener at 127.0.0.1/35779] INFO  server.GrpcService (ConfUtils.java:logGet(44)) - raft.grpc.message.size.max = 32MB (=33554432) (custom)
2020-07-16 15:51:15,025 [Listener at 127.0.0.1/35779] INFO  server.RaftServerConfigKeys (ConfUtils.java:logGet(44)) - raft.server.log.appender.buffer.byte-limit = 33554432 (custom)
2020-07-16 15:51:15,025 [Listener at 127.0.0.1/35779] INFO  server.GrpcService (ConfUtils.java:logGet(44)) - raft.grpc.flow.control.window = 5MB (=5242880) (custom)
2020-07-16 15:51:15,025 [Listener at 127.0.0.1/35779] INFO  server.RaftServerConfigKeys (ConfUtils.java:logGet(44)) - raft.server.rpc.request.timeout = 3000ms (default)
2020-07-16 15:51:15,026 [Listener at 127.0.0.1/35779] INFO  server.RaftServerConfigKeys (ConfUtils.java:logGet(44)) - raft.server.storage.dir = [/github/workspace/mnt/ozone/hadoop-ozone/integration-test/target/test-dir/MiniOzoneClusterImpl-45392ef6-f0d5-4168-b900-afad7710253d/datanode-2/data/ratis] (custom)
2020-07-16 15:51:15,034 [Listener at 127.0.0.1/35779] INFO  http.BaseHttpServer (BaseHttpServer.java:newHttpServer2BuilderForOzone(207)) - Starting Web-server for hddsDatanode at: http://0.0.0.0:0
2020-07-16 15:51:15,034 [Listener at 127.0.0.1/35779] INFO  http.BaseHttpServer (BaseHttpServer.java:<init>(106)) - Hadoop Security Enabled: false Ozone Security Enabled: false Ozone HTTP Security Enabled: false 
2020-07-16 15:51:15,035 [Listener at 127.0.0.1/35779] INFO  server.AuthenticationFilter (AuthenticationFilter.java:constructSecretProvider(240)) - Unable to initialize FileSignerSecretProvider, falling back to use random secrets.
2020-07-16 15:51:15,036 [Listener at 127.0.0.1/35779] WARN  http.HttpRequestLog (HttpRequestLog.java:getRequestLog(103)) - Jetty request log can only be enabled using Log4j
2020-07-16 15:51:15,037 [Listener at 127.0.0.1/35779] INFO  http.HttpServer2 (HttpServer2.java:addGlobalFilter(998)) - Added global filter 'safety' (class=org.apache.hadoop.hdds.server.http.HttpServer2$QuotingInputFilter)
2020-07-16 15:51:15,037 [Listener at 127.0.0.1/35779] INFO  http.HttpServer2 (HttpServer2.java:addFilter(974)) - Added filter static_user_filter (class=org.apache.hadoop.http.lib.StaticUserWebFilter$StaticUserFilter) to context hddsDatanode
2020-07-16 15:51:15,037 [Listener at 127.0.0.1/35779] INFO  http.HttpServer2 (HttpServer2.java:addFilter(982)) - Added filter static_user_filter (class=org.apache.hadoop.http.lib.StaticUserWebFilter$StaticUserFilter) to context static
2020-07-16 15:51:15,037 [Listener at 127.0.0.1/35779] INFO  http.HttpServer2 (HttpServer2.java:addFilter(982)) - Added filter static_user_filter (class=org.apache.hadoop.http.lib.StaticUserWebFilter$StaticUserFilter) to context logs
2020-07-16 15:51:15,038 [Listener at 127.0.0.1/35779] INFO  http.HttpServer2 (HttpServer2.java:bindListener(1216)) - Jetty bound to port 33939
2020-07-16 15:51:15,038 [Listener at 127.0.0.1/35779] INFO  server.Server (Server.java:doStart(359)) - jetty-9.4.26.v20200117; built: 2020-01-17T12:35:33.676Z; git: 7b38981d25d14afb4a12ff1f2596756144edf695; jvm 1.8.0_232-b09
2020-07-16 15:51:15,039 [Listener at 127.0.0.1/35779] INFO  server.session (DefaultSessionIdManager.java:doStart(333)) - DefaultSessionIdManager workerName=node0
2020-07-16 15:51:15,040 [Listener at 127.0.0.1/35779] INFO  server.session (DefaultSessionIdManager.java:doStart(338)) - No SessionScavenger set, using defaults
2020-07-16 15:51:15,040 [Listener at 127.0.0.1/35779] INFO  server.session (HouseKeeper.java:startScavenging(140)) - node0 Scavenging every 660000ms
2020-07-16 15:51:15,040 [Listener at 127.0.0.1/35779] INFO  handler.ContextHandler (ContextHandler.java:doStart(825)) - Started o.e.j.s.ServletContextHandler@31e8949d{logs,/logs,file:///github/workspace/mnt/ozone/hadoop-ozone/integration-test/target/log,AVAILABLE}
2020-07-16 15:51:15,040 [Listener at 127.0.0.1/35779] INFO  handler.ContextHandler (ContextHandler.java:doStart(825)) - Started o.e.j.s.ServletContextHandler@339852ab{static,/static,jar:file:/home/user/.m2/repository/org/apache/hadoop/hadoop-hdds-container-service/0.6.0-SNAPSHOT/hadoop-hdds-container-service-0.6.0-SNAPSHOT.jar!/webapps/static,AVAILABLE}
2020-07-16 15:51:15,113 [Listener at 127.0.0.1/35779] INFO  handler.ContextHandler (ContextHandler.java:doStart(825)) - Started o.e.j.w.WebAppContext@2da2bc89{hddsDatanode,/,file:///tmp/jetty-0_0_0_0-33939-hadoop-hdds-container-service-0_6_0-SNAPSHOT_jar-_-any-191796614272064312.dir/webapp/,AVAILABLE}{jar:file:/home/user/.m2/repository/org/apache/hadoop/hadoop-hdds-container-service/0.6.0-SNAPSHOT/hadoop-hdds-container-service-0.6.0-SNAPSHOT.jar!/webapps/hddsDatanode}
2020-07-16 15:51:15,114 [Listener at 127.0.0.1/35779] INFO  server.AbstractConnector (AbstractConnector.java:doStart(330)) - Started ServerConnector@52790b52{HTTP/1.1,[http/1.1]}{0.0.0.0:33939}
2020-07-16 15:51:15,114 [Listener at 127.0.0.1/35779] INFO  server.Server (Server.java:doStart(399)) - Started @115428ms
2020-07-16 15:51:15,114 [Listener at 127.0.0.1/35779] WARN  impl.MetricsSystemImpl (MetricsSystemImpl.java:register(276)) - Sink prometheus already exists!
2020-07-16 15:51:15,117 [Listener at 127.0.0.1/35779] INFO  http.BaseHttpServer (BaseHttpServer.java:updateConnectorAddress(327)) - HTTP server of hddsDatanode listening at http://0.0.0.0:33939
2020-07-16 15:51:15,118 [Listener at 127.0.0.1/35779] INFO  impl.MetricsSystemImpl (MetricsSystemImpl.java:init(158)) - HddsDatanode metrics system started (again)
2020-07-16 15:51:15,125 [Listener at 127.0.0.1/35779] INFO  ozone.HddsDatanodeService (HddsDatanodeService.java:start(214)) - HddsDatanodeService host:2ac0d1d00fcd ip:172.17.0.2
2020-07-16 15:51:15,132 [org.apache.hadoop.util.JvmPauseMonitor$Monitor@6f1d9b22] INFO  util.JvmPauseMonitor (JvmPauseMonitor.java:run(188)) - Starting JVM pause monitor
2020-07-16 15:51:15,133 [Listener at 127.0.0.1/35779] INFO  volume.HddsVolume (HddsVolume.java:<init>(176)) - Creating Volume: /github/workspace/mnt/ozone/hadoop-ozone/integration-test/target/test-dir/MiniOzoneClusterImpl-45392ef6-f0d5-4168-b900-afad7710253d/datanode-3/data-0/containers/hdds of storage type : DISK and capacity : 9223372036854775807
2020-07-16 15:51:15,133 [Listener at 127.0.0.1/35779] INFO  volume.MutableVolumeSet (MutableVolumeSet.java:initializeVolumeSet(179)) - Added Volume : /github/workspace/mnt/ozone/hadoop-ozone/integration-test/target/test-dir/MiniOzoneClusterImpl-45392ef6-f0d5-4168-b900-afad7710253d/datanode-3/data-0/containers/hdds to VolumeSet
2020-07-16 15:51:15,133 [Listener at 127.0.0.1/35779] INFO  volume.ThrottledAsyncChecker (ThrottledAsyncChecker.java:schedule(141)) - Scheduling a check for /github/workspace/mnt/ozone/hadoop-ozone/integration-test/target/test-dir/MiniOzoneClusterImpl-45392ef6-f0d5-4168-b900-afad7710253d/datanode-3/data-0/containers/hdds
2020-07-16 15:51:15,134 [Datanode State Machine Thread - 0] INFO  datanode.InitDatanodeState (InitDatanodeState.java:persistContainerDatanodeDetails(145)) - DatanodeDetails is persisted to /github/workspace/mnt/ozone/hadoop-ozone/integration-test/target/test-dir/MiniOzoneClusterImpl-45392ef6-f0d5-4168-b900-afad7710253d/datanode-2/meta/datanode.id
2020-07-16 15:51:15,135 [Listener at 127.0.0.1/35779] INFO  volume.HddsVolumeChecker (HddsVolumeChecker.java:checkAllVolumes(200)) - Scheduled health check for volume /github/workspace/mnt/ozone/hadoop-ozone/integration-test/target/test-dir/MiniOzoneClusterImpl-45392ef6-f0d5-4168-b900-afad7710253d/datanode-3/data-0/containers/hdds
2020-07-16 15:51:15,147 [Listener at 127.0.0.1/35779] INFO  impl.RaftServerProxy (ConfUtils.java:logGet(44)) - raft.rpc.type = GRPC (default)
2020-07-16 15:51:15,148 [Listener at 127.0.0.1/35779] INFO  grpc.GrpcFactory (GrpcFactory.java:checkPooledByteBufAllocatorUseCacheForAllThreads(45)) - PERFORMANCE WARNING: useCacheForAllThreads is true that may cause Netty to create a lot garbage objects and, as a result, trigger GC.
	It is recommended to disable useCacheForAllThreads by setting -Dorg.apache.ratis.thirdparty.io.netty.allocator.useCacheForAllThreads=false in command line.
2020-07-16 15:51:15,148 [Listener at 127.0.0.1/35779] INFO  grpc.GrpcConfigKeys (ConfUtils.java:logGet(44)) - raft.grpc.server.port = 0 (default)
2020-07-16 15:51:15,148 [Listener at 127.0.0.1/35779] INFO  server.GrpcService (ConfUtils.java:logGet(44)) - raft.grpc.message.size.max = 32MB (=33554432) (custom)
2020-07-16 15:51:15,148 [Listener at 127.0.0.1/35779] INFO  server.RaftServerConfigKeys (ConfUtils.java:logGet(44)) - raft.server.log.appender.buffer.byte-limit = 33554432 (custom)
2020-07-16 15:51:15,148 [Listener at 127.0.0.1/35779] INFO  server.GrpcService (ConfUtils.java:logGet(44)) - raft.grpc.flow.control.window = 5MB (=5242880) (custom)
2020-07-16 15:51:15,148 [Listener at 127.0.0.1/35779] INFO  server.RaftServerConfigKeys (ConfUtils.java:logGet(44)) - raft.server.rpc.request.timeout = 3000ms (default)
2020-07-16 15:51:15,149 [Listener at 127.0.0.1/35779] INFO  server.RaftServerConfigKeys (ConfUtils.java:logGet(44)) - raft.server.storage.dir = [/github/workspace/mnt/ozone/hadoop-ozone/integration-test/target/test-dir/MiniOzoneClusterImpl-45392ef6-f0d5-4168-b900-afad7710253d/datanode-3/data/ratis] (custom)
2020-07-16 15:51:15,154 [Listener at 127.0.0.1/35779] INFO  http.BaseHttpServer (BaseHttpServer.java:newHttpServer2BuilderForOzone(207)) - Starting Web-server for hddsDatanode at: http://0.0.0.0:0
2020-07-16 15:51:15,154 [Listener at 127.0.0.1/35779] INFO  http.BaseHttpServer (BaseHttpServer.java:<init>(106)) - Hadoop Security Enabled: false Ozone Security Enabled: false Ozone HTTP Security Enabled: false 
2020-07-16 15:51:15,155 [Listener at 127.0.0.1/35779] INFO  server.AuthenticationFilter (AuthenticationFilter.java:constructSecretProvider(240)) - Unable to initialize FileSignerSecretProvider, falling back to use random secrets.
2020-07-16 15:51:15,155 [Listener at 127.0.0.1/35779] WARN  http.HttpRequestLog (HttpRequestLog.java:getRequestLog(103)) - Jetty request log can only be enabled using Log4j
2020-07-16 15:51:15,156 [Listener at 127.0.0.1/35779] INFO  http.HttpServer2 (HttpServer2.java:addGlobalFilter(998)) - Added global filter 'safety' (class=org.apache.hadoop.hdds.server.http.HttpServer2$QuotingInputFilter)
2020-07-16 15:51:15,156 [Listener at 127.0.0.1/35779] INFO  http.HttpServer2 (HttpServer2.java:addFilter(974)) - Added filter static_user_filter (class=org.apache.hadoop.http.lib.StaticUserWebFilter$StaticUserFilter) to context hddsDatanode
2020-07-16 15:51:15,156 [Listener at 127.0.0.1/35779] INFO  http.HttpServer2 (HttpServer2.java:addFilter(982)) - Added filter static_user_filter (class=org.apache.hadoop.http.lib.StaticUserWebFilter$StaticUserFilter) to context static
2020-07-16 15:51:15,157 [Listener at 127.0.0.1/35779] INFO  http.HttpServer2 (HttpServer2.java:addFilter(982)) - Added filter static_user_filter (class=org.apache.hadoop.http.lib.StaticUserWebFilter$StaticUserFilter) to context logs
2020-07-16 15:51:15,158 [Listener at 127.0.0.1/35779] INFO  http.HttpServer2 (HttpServer2.java:bindListener(1216)) - Jetty bound to port 43057
2020-07-16 15:51:15,158 [Listener at 127.0.0.1/35779] INFO  server.Server (Server.java:doStart(359)) - jetty-9.4.26.v20200117; built: 2020-01-17T12:35:33.676Z; git: 7b38981d25d14afb4a12ff1f2596756144edf695; jvm 1.8.0_232-b09
2020-07-16 15:51:15,160 [Listener at 127.0.0.1/35779] INFO  server.session (DefaultSessionIdManager.java:doStart(333)) - DefaultSessionIdManager workerName=node0
2020-07-16 15:51:15,160 [Listener at 127.0.0.1/35779] INFO  server.session (DefaultSessionIdManager.java:doStart(338)) - No SessionScavenger set, using defaults
2020-07-16 15:51:15,160 [Listener at 127.0.0.1/35779] INFO  server.session (HouseKeeper.java:startScavenging(140)) - node0 Scavenging every 660000ms
2020-07-16 15:51:15,161 [Listener at 127.0.0.1/35779] INFO  handler.ContextHandler (ContextHandler.java:doStart(825)) - Started o.e.j.s.ServletContextHandler@6e879a78{logs,/logs,file:///github/workspace/mnt/ozone/hadoop-ozone/integration-test/target/log,AVAILABLE}
2020-07-16 15:51:15,161 [Listener at 127.0.0.1/35779] INFO  handler.ContextHandler (ContextHandler.java:doStart(825)) - Started o.e.j.s.ServletContextHandler@5db7419c{static,/static,jar:file:/home/user/.m2/repository/org/apache/hadoop/hadoop-hdds-container-service/0.6.0-SNAPSHOT/hadoop-hdds-container-service-0.6.0-SNAPSHOT.jar!/webapps/static,AVAILABLE}
2020-07-16 15:51:15,231 [Listener at 127.0.0.1/35779] INFO  handler.ContextHandler (ContextHandler.java:doStart(825)) - Started o.e.j.w.WebAppContext@7dbcbc7b{hddsDatanode,/,file:///tmp/jetty-0_0_0_0-43057-hadoop-hdds-container-service-0_6_0-SNAPSHOT_jar-_-any-1021833431008824481.dir/webapp/,AVAILABLE}{jar:file:/home/user/.m2/repository/org/apache/hadoop/hadoop-hdds-container-service/0.6.0-SNAPSHOT/hadoop-hdds-container-service-0.6.0-SNAPSHOT.jar!/webapps/hddsDatanode}
2020-07-16 15:51:15,232 [Listener at 127.0.0.1/35779] INFO  server.AbstractConnector (AbstractConnector.java:doStart(330)) - Started ServerConnector@3463851a{HTTP/1.1,[http/1.1]}{0.0.0.0:43057}
2020-07-16 15:51:15,232 [Listener at 127.0.0.1/35779] INFO  server.Server (Server.java:doStart(399)) - Started @115546ms
2020-07-16 15:51:15,232 [Listener at 127.0.0.1/35779] WARN  impl.MetricsSystemImpl (MetricsSystemImpl.java:register(276)) - Sink prometheus already exists!
2020-07-16 15:51:15,236 [Listener at 127.0.0.1/35779] INFO  http.BaseHttpServer (BaseHttpServer.java:updateConnectorAddress(327)) - HTTP server of hddsDatanode listening at http://0.0.0.0:43057
2020-07-16 15:51:15,236 [Listener at 127.0.0.1/35779] INFO  impl.MetricsSystemImpl (MetricsSystemImpl.java:init(158)) - HddsDatanode metrics system started (again)
2020-07-16 15:51:15,243 [org.apache.hadoop.util.JvmPauseMonitor$Monitor@19b46bf9] INFO  util.JvmPauseMonitor (JvmPauseMonitor.java:run(188)) - Starting JVM pause monitor
2020-07-16 15:51:15,248 [Listener at 127.0.0.1/35779] INFO  ozone.HddsDatanodeService (HddsDatanodeService.java:start(214)) - HddsDatanodeService host:2ac0d1d00fcd ip:172.17.0.2
2020-07-16 15:51:15,249 [Datanode State Machine Thread - 0] INFO  datanode.InitDatanodeState (InitDatanodeState.java:persistContainerDatanodeDetails(145)) - DatanodeDetails is persisted to /github/workspace/mnt/ozone/hadoop-ozone/integration-test/target/test-dir/MiniOzoneClusterImpl-45392ef6-f0d5-4168-b900-afad7710253d/datanode-3/meta/datanode.id
2020-07-16 15:51:15,250 [Listener at 127.0.0.1/35779] INFO  volume.HddsVolume (HddsVolume.java:<init>(176)) - Creating Volume: /github/workspace/mnt/ozone/hadoop-ozone/integration-test/target/test-dir/MiniOzoneClusterImpl-45392ef6-f0d5-4168-b900-afad7710253d/datanode-4/data-0/containers/hdds of storage type : DISK and capacity : 9223372036854775807
2020-07-16 15:51:15,250 [Listener at 127.0.0.1/35779] INFO  volume.MutableVolumeSet (MutableVolumeSet.java:initializeVolumeSet(179)) - Added Volume : /github/workspace/mnt/ozone/hadoop-ozone/integration-test/target/test-dir/MiniOzoneClusterImpl-45392ef6-f0d5-4168-b900-afad7710253d/datanode-4/data-0/containers/hdds to VolumeSet
2020-07-16 15:51:15,250 [Listener at 127.0.0.1/35779] INFO  volume.ThrottledAsyncChecker (ThrottledAsyncChecker.java:schedule(141)) - Scheduling a check for /github/workspace/mnt/ozone/hadoop-ozone/integration-test/target/test-dir/MiniOzoneClusterImpl-45392ef6-f0d5-4168-b900-afad7710253d/datanode-4/data-0/containers/hdds
2020-07-16 15:51:15,251 [Listener at 127.0.0.1/35779] INFO  volume.HddsVolumeChecker (HddsVolumeChecker.java:checkAllVolumes(200)) - Scheduled health check for volume /github/workspace/mnt/ozone/hadoop-ozone/integration-test/target/test-dir/MiniOzoneClusterImpl-45392ef6-f0d5-4168-b900-afad7710253d/datanode-4/data-0/containers/hdds
2020-07-16 15:51:15,264 [Listener at 127.0.0.1/35779] INFO  impl.RaftServerProxy (ConfUtils.java:logGet(44)) - raft.rpc.type = GRPC (default)
2020-07-16 15:51:15,265 [Listener at 127.0.0.1/35779] INFO  grpc.GrpcFactory (GrpcFactory.java:checkPooledByteBufAllocatorUseCacheForAllThreads(45)) - PERFORMANCE WARNING: useCacheForAllThreads is true that may cause Netty to create a lot garbage objects and, as a result, trigger GC.
	It is recommended to disable useCacheForAllThreads by setting -Dorg.apache.ratis.thirdparty.io.netty.allocator.useCacheForAllThreads=false in command line.
2020-07-16 15:51:15,265 [Listener at 127.0.0.1/35779] INFO  grpc.GrpcConfigKeys (ConfUtils.java:logGet(44)) - raft.grpc.server.port = 0 (default)
2020-07-16 15:51:15,265 [Listener at 127.0.0.1/35779] INFO  server.GrpcService (ConfUtils.java:logGet(44)) - raft.grpc.message.size.max = 32MB (=33554432) (custom)
2020-07-16 15:51:15,265 [Listener at 127.0.0.1/35779] INFO  server.RaftServerConfigKeys (ConfUtils.java:logGet(44)) - raft.server.log.appender.buffer.byte-limit = 33554432 (custom)
2020-07-16 15:51:15,265 [Listener at 127.0.0.1/35779] INFO  server.GrpcService (ConfUtils.java:logGet(44)) - raft.grpc.flow.control.window = 5MB (=5242880) (custom)
2020-07-16 15:51:15,265 [Listener at 127.0.0.1/35779] INFO  server.RaftServerConfigKeys (ConfUtils.java:logGet(44)) - raft.server.rpc.request.timeout = 3000ms (default)
2020-07-16 15:51:15,266 [Listener at 127.0.0.1/35779] INFO  server.RaftServerConfigKeys (ConfUtils.java:logGet(44)) - raft.server.storage.dir = [/github/workspace/mnt/ozone/hadoop-ozone/integration-test/target/test-dir/MiniOzoneClusterImpl-45392ef6-f0d5-4168-b900-afad7710253d/datanode-4/data/ratis] (custom)
2020-07-16 15:51:15,271 [Listener at 127.0.0.1/35779] INFO  http.BaseHttpServer (BaseHttpServer.java:newHttpServer2BuilderForOzone(207)) - Starting Web-server for hddsDatanode at: http://0.0.0.0:0
2020-07-16 15:51:15,271 [Listener at 127.0.0.1/35779] INFO  http.BaseHttpServer (BaseHttpServer.java:<init>(106)) - Hadoop Security Enabled: false Ozone Security Enabled: false Ozone HTTP Security Enabled: false 
2020-07-16 15:51:15,272 [Listener at 127.0.0.1/35779] INFO  server.AuthenticationFilter (AuthenticationFilter.java:constructSecretProvider(240)) - Unable to initialize FileSignerSecretProvider, falling back to use random secrets.
2020-07-16 15:51:15,274 [Listener at 127.0.0.1/35779] WARN  http.HttpRequestLog (HttpRequestLog.java:getRequestLog(103)) - Jetty request log can only be enabled using Log4j
2020-07-16 15:51:15,275 [Listener at 127.0.0.1/35779] INFO  http.HttpServer2 (HttpServer2.java:addGlobalFilter(998)) - Added global filter 'safety' (class=org.apache.hadoop.hdds.server.http.HttpServer2$QuotingInputFilter)
2020-07-16 15:51:15,275 [Listener at 127.0.0.1/35779] INFO  http.HttpServer2 (HttpServer2.java:addFilter(974)) - Added filter static_user_filter (class=org.apache.hadoop.http.lib.StaticUserWebFilter$StaticUserFilter) to context hddsDatanode
2020-07-16 15:51:15,276 [Listener at 127.0.0.1/35779] INFO  http.HttpServer2 (HttpServer2.java:addFilter(982)) - Added filter static_user_filter (class=org.apache.hadoop.http.lib.StaticUserWebFilter$StaticUserFilter) to context logs
2020-07-16 15:51:15,276 [Listener at 127.0.0.1/35779] INFO  http.HttpServer2 (HttpServer2.java:addFilter(982)) - Added filter static_user_filter (class=org.apache.hadoop.http.lib.StaticUserWebFilter$StaticUserFilter) to context static
2020-07-16 15:51:15,276 [Listener at 127.0.0.1/35779] INFO  http.HttpServer2 (HttpServer2.java:bindListener(1216)) - Jetty bound to port 40919
2020-07-16 15:51:15,276 [Listener at 127.0.0.1/35779] INFO  server.Server (Server.java:doStart(359)) - jetty-9.4.26.v20200117; built: 2020-01-17T12:35:33.676Z; git: 7b38981d25d14afb4a12ff1f2596756144edf695; jvm 1.8.0_232-b09
2020-07-16 15:51:15,283 [Listener at 127.0.0.1/35779] INFO  server.session (DefaultSessionIdManager.java:doStart(333)) - DefaultSessionIdManager workerName=node0
2020-07-16 15:51:15,283 [Listener at 127.0.0.1/35779] INFO  server.session (DefaultSessionIdManager.java:doStart(338)) - No SessionScavenger set, using defaults
2020-07-16 15:51:15,283 [Listener at 127.0.0.1/35779] INFO  server.session (HouseKeeper.java:startScavenging(140)) - node0 Scavenging every 600000ms
2020-07-16 15:51:15,284 [Listener at 127.0.0.1/35779] INFO  handler.ContextHandler (ContextHandler.java:doStart(825)) - Started o.e.j.s.ServletContextHandler@404c8c9d{logs,/logs,file:///github/workspace/mnt/ozone/hadoop-ozone/integration-test/target/log,AVAILABLE}
2020-07-16 15:51:15,284 [Listener at 127.0.0.1/35779] INFO  handler.ContextHandler (ContextHandler.java:doStart(825)) - Started o.e.j.s.ServletContextHandler@5150ba5a{static,/static,jar:file:/home/user/.m2/repository/org/apache/hadoop/hadoop-hdds-container-service/0.6.0-SNAPSHOT/hadoop-hdds-container-service-0.6.0-SNAPSHOT.jar!/webapps/static,AVAILABLE}
2020-07-16 15:51:15,348 [Listener at 127.0.0.1/35779] INFO  handler.ContextHandler (ContextHandler.java:doStart(825)) - Started o.e.j.w.WebAppContext@10bf4f1c{hddsDatanode,/,file:///tmp/jetty-0_0_0_0-40919-hadoop-hdds-container-service-0_6_0-SNAPSHOT_jar-_-any-7950777304706475983.dir/webapp/,AVAILABLE}{jar:file:/home/user/.m2/repository/org/apache/hadoop/hadoop-hdds-container-service/0.6.0-SNAPSHOT/hadoop-hdds-container-service-0.6.0-SNAPSHOT.jar!/webapps/hddsDatanode}
2020-07-16 15:51:15,349 [Listener at 127.0.0.1/35779] INFO  server.AbstractConnector (AbstractConnector.java:doStart(330)) - Started ServerConnector@688c1b2a{HTTP/1.1,[http/1.1]}{0.0.0.0:40919}
2020-07-16 15:51:15,349 [Listener at 127.0.0.1/35779] INFO  server.Server (Server.java:doStart(399)) - Started @115663ms
2020-07-16 15:51:15,349 [Listener at 127.0.0.1/35779] WARN  impl.MetricsSystemImpl (MetricsSystemImpl.java:register(276)) - Sink prometheus already exists!
2020-07-16 15:51:15,352 [Listener at 127.0.0.1/35779] INFO  http.BaseHttpServer (BaseHttpServer.java:updateConnectorAddress(327)) - HTTP server of hddsDatanode listening at http://0.0.0.0:40919
2020-07-16 15:51:15,353 [Listener at 127.0.0.1/35779] INFO  impl.MetricsSystemImpl (MetricsSystemImpl.java:init(158)) - HddsDatanode metrics system started (again)
2020-07-16 15:51:15,357 [Listener at 127.0.0.1/35779] INFO  ozone.HddsDatanodeService (HddsDatanodeService.java:start(214)) - HddsDatanodeService host:2ac0d1d00fcd ip:172.17.0.2
2020-07-16 15:51:15,358 [org.apache.hadoop.util.JvmPauseMonitor$Monitor@d2c4874] INFO  util.JvmPauseMonitor (JvmPauseMonitor.java:run(188)) - Starting JVM pause monitor
2020-07-16 15:51:15,359 [Listener at 127.0.0.1/35779] INFO  volume.HddsVolume (HddsVolume.java:<init>(176)) - Creating Volume: /github/workspace/mnt/ozone/hadoop-ozone/integration-test/target/test-dir/MiniOzoneClusterImpl-45392ef6-f0d5-4168-b900-afad7710253d/datanode-5/data-0/containers/hdds of storage type : DISK and capacity : 9223372036854775807
2020-07-16 15:51:15,359 [Datanode State Machine Thread - 0] INFO  datanode.InitDatanodeState (InitDatanodeState.java:persistContainerDatanodeDetails(145)) - DatanodeDetails is persisted to /github/workspace/mnt/ozone/hadoop-ozone/integration-test/target/test-dir/MiniOzoneClusterImpl-45392ef6-f0d5-4168-b900-afad7710253d/datanode-4/meta/datanode.id
2020-07-16 15:51:15,359 [Listener at 127.0.0.1/35779] INFO  volume.MutableVolumeSet (MutableVolumeSet.java:initializeVolumeSet(179)) - Added Volume : /github/workspace/mnt/ozone/hadoop-ozone/integration-test/target/test-dir/MiniOzoneClusterImpl-45392ef6-f0d5-4168-b900-afad7710253d/datanode-5/data-0/containers/hdds to VolumeSet
2020-07-16 15:51:15,359 [Listener at 127.0.0.1/35779] INFO  volume.ThrottledAsyncChecker (ThrottledAsyncChecker.java:schedule(141)) - Scheduling a check for /github/workspace/mnt/ozone/hadoop-ozone/integration-test/target/test-dir/MiniOzoneClusterImpl-45392ef6-f0d5-4168-b900-afad7710253d/datanode-5/data-0/containers/hdds
2020-07-16 15:51:15,360 [Listener at 127.0.0.1/35779] INFO  volume.HddsVolumeChecker (HddsVolumeChecker.java:checkAllVolumes(200)) - Scheduled health check for volume /github/workspace/mnt/ozone/hadoop-ozone/integration-test/target/test-dir/MiniOzoneClusterImpl-45392ef6-f0d5-4168-b900-afad7710253d/datanode-5/data-0/containers/hdds
2020-07-16 15:51:15,373 [Listener at 127.0.0.1/35779] INFO  impl.RaftServerProxy (ConfUtils.java:logGet(44)) - raft.rpc.type = GRPC (default)
2020-07-16 15:51:15,373 [Listener at 127.0.0.1/35779] INFO  grpc.GrpcFactory (GrpcFactory.java:checkPooledByteBufAllocatorUseCacheForAllThreads(45)) - PERFORMANCE WARNING: useCacheForAllThreads is true that may cause Netty to create a lot garbage objects and, as a result, trigger GC.
	It is recommended to disable useCacheForAllThreads by setting -Dorg.apache.ratis.thirdparty.io.netty.allocator.useCacheForAllThreads=false in command line.
2020-07-16 15:51:15,373 [Listener at 127.0.0.1/35779] INFO  grpc.GrpcConfigKeys (ConfUtils.java:logGet(44)) - raft.grpc.server.port = 0 (default)
2020-07-16 15:51:15,373 [Listener at 127.0.0.1/35779] INFO  server.GrpcService (ConfUtils.java:logGet(44)) - raft.grpc.message.size.max = 32MB (=33554432) (custom)
2020-07-16 15:51:15,374 [Listener at 127.0.0.1/35779] INFO  server.RaftServerConfigKeys (ConfUtils.java:logGet(44)) - raft.server.log.appender.buffer.byte-limit = 33554432 (custom)
2020-07-16 15:51:15,374 [Listener at 127.0.0.1/35779] INFO  server.GrpcService (ConfUtils.java:logGet(44)) - raft.grpc.flow.control.window = 5MB (=5242880) (custom)
2020-07-16 15:51:15,374 [Listener at 127.0.0.1/35779] INFO  server.RaftServerConfigKeys (ConfUtils.java:logGet(44)) - raft.server.rpc.request.timeout = 3000ms (default)
2020-07-16 15:51:15,375 [Listener at 127.0.0.1/35779] INFO  server.RaftServerConfigKeys (ConfUtils.java:logGet(44)) - raft.server.storage.dir = [/github/workspace/mnt/ozone/hadoop-ozone/integration-test/target/test-dir/MiniOzoneClusterImpl-45392ef6-f0d5-4168-b900-afad7710253d/datanode-5/data/ratis] (custom)
2020-07-16 15:51:15,379 [Listener at 127.0.0.1/35779] INFO  http.BaseHttpServer (BaseHttpServer.java:newHttpServer2BuilderForOzone(207)) - Starting Web-server for hddsDatanode at: http://0.0.0.0:0
2020-07-16 15:51:15,379 [Listener at 127.0.0.1/35779] INFO  http.BaseHttpServer (BaseHttpServer.java:<init>(106)) - Hadoop Security Enabled: false Ozone Security Enabled: false Ozone HTTP Security Enabled: false 
2020-07-16 15:51:15,379 [Listener at 127.0.0.1/35779] INFO  server.AuthenticationFilter (AuthenticationFilter.java:constructSecretProvider(240)) - Unable to initialize FileSignerSecretProvider, falling back to use random secrets.
2020-07-16 15:51:15,380 [Listener at 127.0.0.1/35779] WARN  http.HttpRequestLog (HttpRequestLog.java:getRequestLog(103)) - Jetty request log can only be enabled using Log4j
2020-07-16 15:51:15,380 [Listener at 127.0.0.1/35779] INFO  http.HttpServer2 (HttpServer2.java:addGlobalFilter(998)) - Added global filter 'safety' (class=org.apache.hadoop.hdds.server.http.HttpServer2$QuotingInputFilter)
2020-07-16 15:51:15,381 [Listener at 127.0.0.1/35779] INFO  http.HttpServer2 (HttpServer2.java:addFilter(974)) - Added filter static_user_filter (class=org.apache.hadoop.http.lib.StaticUserWebFilter$StaticUserFilter) to context hddsDatanode
2020-07-16 15:51:15,381 [Listener at 127.0.0.1/35779] INFO  http.HttpServer2 (HttpServer2.java:addFilter(982)) - Added filter static_user_filter (class=org.apache.hadoop.http.lib.StaticUserWebFilter$StaticUserFilter) to context logs
2020-07-16 15:51:15,381 [Listener at 127.0.0.1/35779] INFO  http.HttpServer2 (HttpServer2.java:addFilter(982)) - Added filter static_user_filter (class=org.apache.hadoop.http.lib.StaticUserWebFilter$StaticUserFilter) to context static
2020-07-16 15:51:15,382 [Listener at 127.0.0.1/35779] INFO  http.HttpServer2 (HttpServer2.java:bindListener(1216)) - Jetty bound to port 35199
2020-07-16 15:51:15,382 [Listener at 127.0.0.1/35779] INFO  server.Server (Server.java:doStart(359)) - jetty-9.4.26.v20200117; built: 2020-01-17T12:35:33.676Z; git: 7b38981d25d14afb4a12ff1f2596756144edf695; jvm 1.8.0_232-b09
2020-07-16 15:51:15,387 [Listener at 127.0.0.1/35779] INFO  server.session (DefaultSessionIdManager.java:doStart(333)) - DefaultSessionIdManager workerName=node0
2020-07-16 15:51:15,387 [Listener at 127.0.0.1/35779] INFO  server.session (DefaultSessionIdManager.java:doStart(338)) - No SessionScavenger set, using defaults
2020-07-16 15:51:15,387 [Listener at 127.0.0.1/35779] INFO  server.session (HouseKeeper.java:startScavenging(140)) - node0 Scavenging every 600000ms
2020-07-16 15:51:15,388 [Listener at 127.0.0.1/35779] INFO  handler.ContextHandler (ContextHandler.java:doStart(825)) - Started o.e.j.s.ServletContextHandler@7d1a1ee9{logs,/logs,file:///github/workspace/mnt/ozone/hadoop-ozone/integration-test/target/log,AVAILABLE}
2020-07-16 15:51:15,388 [Listener at 127.0.0.1/35779] INFO  handler.ContextHandler (ContextHandler.java:doStart(825)) - Started o.e.j.s.ServletContextHandler@24f6375b{static,/static,jar:file:/home/user/.m2/repository/org/apache/hadoop/hadoop-hdds-container-service/0.6.0-SNAPSHOT/hadoop-hdds-container-service-0.6.0-SNAPSHOT.jar!/webapps/static,AVAILABLE}
2020-07-16 15:51:15,461 [Listener at 127.0.0.1/35779] INFO  handler.ContextHandler (ContextHandler.java:doStart(825)) - Started o.e.j.w.WebAppContext@1c8020c6{hddsDatanode,/,file:///tmp/jetty-0_0_0_0-35199-hadoop-hdds-container-service-0_6_0-SNAPSHOT_jar-_-any-2111127226821389371.dir/webapp/,AVAILABLE}{jar:file:/home/user/.m2/repository/org/apache/hadoop/hadoop-hdds-container-service/0.6.0-SNAPSHOT/hadoop-hdds-container-service-0.6.0-SNAPSHOT.jar!/webapps/hddsDatanode}
2020-07-16 15:51:15,462 [Listener at 127.0.0.1/35779] INFO  server.AbstractConnector (AbstractConnector.java:doStart(330)) - Started ServerConnector@7edc785e{HTTP/1.1,[http/1.1]}{0.0.0.0:35199}
2020-07-16 15:51:15,462 [Listener at 127.0.0.1/35779] INFO  server.Server (Server.java:doStart(399)) - Started @115776ms
2020-07-16 15:51:15,462 [Listener at 127.0.0.1/35779] WARN  impl.MetricsSystemImpl (MetricsSystemImpl.java:register(276)) - Sink prometheus already exists!
2020-07-16 15:51:15,466 [Listener at 127.0.0.1/35779] INFO  http.BaseHttpServer (BaseHttpServer.java:updateConnectorAddress(327)) - HTTP server of hddsDatanode listening at http://0.0.0.0:35199
2020-07-16 15:51:15,466 [Listener at 127.0.0.1/35779] INFO  impl.MetricsSystemImpl (MetricsSystemImpl.java:init(158)) - HddsDatanode metrics system started (again)
2020-07-16 15:51:15,468 [Listener at 127.0.0.1/35779] INFO  ozone.HddsDatanodeService (HddsDatanodeService.java:start(214)) - HddsDatanodeService host:2ac0d1d00fcd ip:172.17.0.2
2020-07-16 15:51:15,469 [org.apache.hadoop.util.JvmPauseMonitor$Monitor@50456cda] INFO  util.JvmPauseMonitor (JvmPauseMonitor.java:run(188)) - Starting JVM pause monitor
2020-07-16 15:51:15,469 [Listener at 127.0.0.1/35779] INFO  volume.HddsVolume (HddsVolume.java:<init>(176)) - Creating Volume: /github/workspace/mnt/ozone/hadoop-ozone/integration-test/target/test-dir/MiniOzoneClusterImpl-45392ef6-f0d5-4168-b900-afad7710253d/datanode-6/data-0/containers/hdds of storage type : DISK and capacity : 9223372036854775807
2020-07-16 15:51:15,469 [Listener at 127.0.0.1/35779] INFO  volume.MutableVolumeSet (MutableVolumeSet.java:initializeVolumeSet(179)) - Added Volume : /github/workspace/mnt/ozone/hadoop-ozone/integration-test/target/test-dir/MiniOzoneClusterImpl-45392ef6-f0d5-4168-b900-afad7710253d/datanode-6/data-0/containers/hdds to VolumeSet
2020-07-16 15:51:15,469 [Listener at 127.0.0.1/35779] INFO  volume.ThrottledAsyncChecker (ThrottledAsyncChecker.java:schedule(141)) - Scheduling a check for /github/workspace/mnt/ozone/hadoop-ozone/integration-test/target/test-dir/MiniOzoneClusterImpl-45392ef6-f0d5-4168-b900-afad7710253d/datanode-6/data-0/containers/hdds
2020-07-16 15:51:15,470 [Datanode State Machine Thread - 0] INFO  datanode.InitDatanodeState (InitDatanodeState.java:persistContainerDatanodeDetails(145)) - DatanodeDetails is persisted to /github/workspace/mnt/ozone/hadoop-ozone/integration-test/target/test-dir/MiniOzoneClusterImpl-45392ef6-f0d5-4168-b900-afad7710253d/datanode-5/meta/datanode.id
2020-07-16 15:51:15,470 [Listener at 127.0.0.1/35779] INFO  volume.HddsVolumeChecker (HddsVolumeChecker.java:checkAllVolumes(200)) - Scheduled health check for volume /github/workspace/mnt/ozone/hadoop-ozone/integration-test/target/test-dir/MiniOzoneClusterImpl-45392ef6-f0d5-4168-b900-afad7710253d/datanode-6/data-0/containers/hdds
2020-07-16 15:51:15,484 [Listener at 127.0.0.1/35779] INFO  impl.RaftServerProxy (ConfUtils.java:logGet(44)) - raft.rpc.type = GRPC (default)
2020-07-16 15:51:15,484 [Listener at 127.0.0.1/35779] INFO  grpc.GrpcFactory (GrpcFactory.java:checkPooledByteBufAllocatorUseCacheForAllThreads(45)) - PERFORMANCE WARNING: useCacheForAllThreads is true that may cause Netty to create a lot garbage objects and, as a result, trigger GC.
	It is recommended to disable useCacheForAllThreads by setting -Dorg.apache.ratis.thirdparty.io.netty.allocator.useCacheForAllThreads=false in command line.
2020-07-16 15:51:15,484 [Listener at 127.0.0.1/35779] INFO  grpc.GrpcConfigKeys (ConfUtils.java:logGet(44)) - raft.grpc.server.port = 0 (default)
2020-07-16 15:51:15,484 [Listener at 127.0.0.1/35779] INFO  server.GrpcService (ConfUtils.java:logGet(44)) - raft.grpc.message.size.max = 32MB (=33554432) (custom)
2020-07-16 15:51:15,485 [Listener at 127.0.0.1/35779] INFO  server.RaftServerConfigKeys (ConfUtils.java:logGet(44)) - raft.server.log.appender.buffer.byte-limit = 33554432 (custom)
2020-07-16 15:51:15,485 [Listener at 127.0.0.1/35779] INFO  server.GrpcService (ConfUtils.java:logGet(44)) - raft.grpc.flow.control.window = 5MB (=5242880) (custom)
2020-07-16 15:51:15,485 [Listener at 127.0.0.1/35779] INFO  server.RaftServerConfigKeys (ConfUtils.java:logGet(44)) - raft.server.rpc.request.timeout = 3000ms (default)
2020-07-16 15:51:15,486 [Listener at 127.0.0.1/35779] INFO  server.RaftServerConfigKeys (ConfUtils.java:logGet(44)) - raft.server.storage.dir = [/github/workspace/mnt/ozone/hadoop-ozone/integration-test/target/test-dir/MiniOzoneClusterImpl-45392ef6-f0d5-4168-b900-afad7710253d/datanode-6/data/ratis] (custom)
2020-07-16 15:51:15,490 [Listener at 127.0.0.1/35779] INFO  http.BaseHttpServer (BaseHttpServer.java:newHttpServer2BuilderForOzone(207)) - Starting Web-server for hddsDatanode at: http://0.0.0.0:0
2020-07-16 15:51:15,490 [Listener at 127.0.0.1/35779] INFO  http.BaseHttpServer (BaseHttpServer.java:<init>(106)) - Hadoop Security Enabled: false Ozone Security Enabled: false Ozone HTTP Security Enabled: false 
2020-07-16 15:51:15,491 [Listener at 127.0.0.1/35779] INFO  server.AuthenticationFilter (AuthenticationFilter.java:constructSecretProvider(240)) - Unable to initialize FileSignerSecretProvider, falling back to use random secrets.
2020-07-16 15:51:15,493 [Listener at 127.0.0.1/35779] WARN  http.HttpRequestLog (HttpRequestLog.java:getRequestLog(103)) - Jetty request log can only be enabled using Log4j
2020-07-16 15:51:15,493 [Listener at 127.0.0.1/35779] INFO  http.HttpServer2 (HttpServer2.java:addGlobalFilter(998)) - Added global filter 'safety' (class=org.apache.hadoop.hdds.server.http.HttpServer2$QuotingInputFilter)
2020-07-16 15:51:15,494 [Listener at 127.0.0.1/35779] INFO  http.HttpServer2 (HttpServer2.java:addFilter(974)) - Added filter static_user_filter (class=org.apache.hadoop.http.lib.StaticUserWebFilter$StaticUserFilter) to context hddsDatanode
2020-07-16 15:51:15,494 [Listener at 127.0.0.1/35779] INFO  http.HttpServer2 (HttpServer2.java:addFilter(982)) - Added filter static_user_filter (class=org.apache.hadoop.http.lib.StaticUserWebFilter$StaticUserFilter) to context logs
2020-07-16 15:51:15,494 [Listener at 127.0.0.1/35779] INFO  http.HttpServer2 (HttpServer2.java:addFilter(982)) - Added filter static_user_filter (class=org.apache.hadoop.http.lib.StaticUserWebFilter$StaticUserFilter) to context static
2020-07-16 15:51:15,495 [Listener at 127.0.0.1/35779] INFO  http.HttpServer2 (HttpServer2.java:bindListener(1216)) - Jetty bound to port 35681
2020-07-16 15:51:15,495 [Listener at 127.0.0.1/35779] INFO  server.Server (Server.java:doStart(359)) - jetty-9.4.26.v20200117; built: 2020-01-17T12:35:33.676Z; git: 7b38981d25d14afb4a12ff1f2596756144edf695; jvm 1.8.0_232-b09
2020-07-16 15:51:15,499 [Listener at 127.0.0.1/35779] INFO  server.session (DefaultSessionIdManager.java:doStart(333)) - DefaultSessionIdManager workerName=node0
2020-07-16 15:51:15,499 [Listener at 127.0.0.1/35779] INFO  server.session (DefaultSessionIdManager.java:doStart(338)) - No SessionScavenger set, using defaults
2020-07-16 15:51:15,499 [Listener at 127.0.0.1/35779] INFO  server.session (HouseKeeper.java:startScavenging(140)) - node0 Scavenging every 600000ms
2020-07-16 15:51:15,500 [Listener at 127.0.0.1/35779] INFO  handler.ContextHandler (ContextHandler.java:doStart(825)) - Started o.e.j.s.ServletContextHandler@2591343{logs,/logs,file:///github/workspace/mnt/ozone/hadoop-ozone/integration-test/target/log,AVAILABLE}
2020-07-16 15:51:15,500 [Listener at 127.0.0.1/35779] INFO  handler.ContextHandler (ContextHandler.java:doStart(825)) - Started o.e.j.s.ServletContextHandler@6b907eec{static,/static,jar:file:/home/user/.m2/repository/org/apache/hadoop/hadoop-hdds-container-service/0.6.0-SNAPSHOT/hadoop-hdds-container-service-0.6.0-SNAPSHOT.jar!/webapps/static,AVAILABLE}
2020-07-16 15:51:15,567 [Listener at 127.0.0.1/35779] INFO  handler.ContextHandler (ContextHandler.java:doStart(825)) - Started o.e.j.w.WebAppContext@52ac7989{hddsDatanode,/,file:///tmp/jetty-0_0_0_0-35681-hadoop-hdds-container-service-0_6_0-SNAPSHOT_jar-_-any-1878770746177775163.dir/webapp/,AVAILABLE}{jar:file:/home/user/.m2/repository/org/apache/hadoop/hadoop-hdds-container-service/0.6.0-SNAPSHOT/hadoop-hdds-container-service-0.6.0-SNAPSHOT.jar!/webapps/hddsDatanode}
2020-07-16 15:51:15,568 [Listener at 127.0.0.1/35779] INFO  server.AbstractConnector (AbstractConnector.java:doStart(330)) - Started ServerConnector@bff5b50{HTTP/1.1,[http/1.1]}{0.0.0.0:35681}
2020-07-16 15:51:15,568 [Listener at 127.0.0.1/35779] INFO  server.Server (Server.java:doStart(399)) - Started @115882ms
2020-07-16 15:51:15,568 [Listener at 127.0.0.1/35779] WARN  impl.MetricsSystemImpl (MetricsSystemImpl.java:register(276)) - Sink prometheus already exists!
2020-07-16 15:51:15,572 [Listener at 127.0.0.1/35779] INFO  http.BaseHttpServer (BaseHttpServer.java:updateConnectorAddress(327)) - HTTP server of hddsDatanode listening at http://0.0.0.0:35681
2020-07-16 15:51:15,572 [Listener at 127.0.0.1/35779] INFO  impl.MetricsSystemImpl (MetricsSystemImpl.java:init(158)) - HddsDatanode metrics system started (again)
2020-07-16 15:51:15,575 [Listener at 127.0.0.1/35779] INFO  ozone.HddsDatanodeService (HddsDatanodeService.java:start(214)) - HddsDatanodeService host:2ac0d1d00fcd ip:172.17.0.2
2020-07-16 15:51:15,587 [org.apache.hadoop.util.JvmPauseMonitor$Monitor@5332ccb1] INFO  util.JvmPauseMonitor (JvmPauseMonitor.java:run(188)) - Starting JVM pause monitor
2020-07-16 15:51:15,588 [Datanode State Machine Thread - 0] INFO  datanode.InitDatanodeState (InitDatanodeState.java:persistContainerDatanodeDetails(145)) - DatanodeDetails is persisted to /github/workspace/mnt/ozone/hadoop-ozone/integration-test/target/test-dir/MiniOzoneClusterImpl-45392ef6-f0d5-4168-b900-afad7710253d/datanode-6/meta/datanode.id
2020-07-16 15:51:15,588 [Listener at 127.0.0.1/35779] INFO  volume.HddsVolume (HddsVolume.java:<init>(176)) - Creating Volume: /github/workspace/mnt/ozone/hadoop-ozone/integration-test/target/test-dir/MiniOzoneClusterImpl-45392ef6-f0d5-4168-b900-afad7710253d/datanode-7/data-0/containers/hdds of storage type : DISK and capacity : 9223372036854775807
2020-07-16 15:51:15,588 [Listener at 127.0.0.1/35779] INFO  volume.MutableVolumeSet (MutableVolumeSet.java:initializeVolumeSet(179)) - Added Volume : /github/workspace/mnt/ozone/hadoop-ozone/integration-test/target/test-dir/MiniOzoneClusterImpl-45392ef6-f0d5-4168-b900-afad7710253d/datanode-7/data-0/containers/hdds to VolumeSet
2020-07-16 15:51:15,588 [Listener at 127.0.0.1/35779] INFO  volume.ThrottledAsyncChecker (ThrottledAsyncChecker.java:schedule(141)) - Scheduling a check for /github/workspace/mnt/ozone/hadoop-ozone/integration-test/target/test-dir/MiniOzoneClusterImpl-45392ef6-f0d5-4168-b900-afad7710253d/datanode-7/data-0/containers/hdds
2020-07-16 15:51:15,589 [Listener at 127.0.0.1/35779] INFO  volume.HddsVolumeChecker (HddsVolumeChecker.java:checkAllVolumes(200)) - Scheduled health check for volume /github/workspace/mnt/ozone/hadoop-ozone/integration-test/target/test-dir/MiniOzoneClusterImpl-45392ef6-f0d5-4168-b900-afad7710253d/datanode-7/data-0/containers/hdds
2020-07-16 15:51:15,604 [Listener at 127.0.0.1/35779] INFO  impl.RaftServerProxy (ConfUtils.java:logGet(44)) - raft.rpc.type = GRPC (default)
2020-07-16 15:51:15,604 [Listener at 127.0.0.1/35779] INFO  grpc.GrpcFactory (GrpcFactory.java:checkPooledByteBufAllocatorUseCacheForAllThreads(45)) - PERFORMANCE WARNING: useCacheForAllThreads is true that may cause Netty to create a lot garbage objects and, as a result, trigger GC.
	It is recommended to disable useCacheForAllThreads by setting -Dorg.apache.ratis.thirdparty.io.netty.allocator.useCacheForAllThreads=false in command line.
2020-07-16 15:51:15,604 [Listener at 127.0.0.1/35779] INFO  grpc.GrpcConfigKeys (ConfUtils.java:logGet(44)) - raft.grpc.server.port = 0 (default)
2020-07-16 15:51:15,604 [Listener at 127.0.0.1/35779] INFO  server.GrpcService (ConfUtils.java:logGet(44)) - raft.grpc.message.size.max = 32MB (=33554432) (custom)
2020-07-16 15:51:15,604 [Listener at 127.0.0.1/35779] INFO  server.RaftServerConfigKeys (ConfUtils.java:logGet(44)) - raft.server.log.appender.buffer.byte-limit = 33554432 (custom)
2020-07-16 15:51:15,604 [Listener at 127.0.0.1/35779] INFO  server.GrpcService (ConfUtils.java:logGet(44)) - raft.grpc.flow.control.window = 5MB (=5242880) (custom)
2020-07-16 15:51:15,604 [Listener at 127.0.0.1/35779] INFO  server.RaftServerConfigKeys (ConfUtils.java:logGet(44)) - raft.server.rpc.request.timeout = 3000ms (default)
2020-07-16 15:51:15,605 [Listener at 127.0.0.1/35779] INFO  server.RaftServerConfigKeys (ConfUtils.java:logGet(44)) - raft.server.storage.dir = [/github/workspace/mnt/ozone/hadoop-ozone/integration-test/target/test-dir/MiniOzoneClusterImpl-45392ef6-f0d5-4168-b900-afad7710253d/datanode-7/data/ratis] (custom)
2020-07-16 15:51:15,613 [Listener at 127.0.0.1/35779] INFO  http.BaseHttpServer (BaseHttpServer.java:newHttpServer2BuilderForOzone(207)) - Starting Web-server for hddsDatanode at: http://0.0.0.0:0
2020-07-16 15:51:15,613 [Listener at 127.0.0.1/35779] INFO  http.BaseHttpServer (BaseHttpServer.java:<init>(106)) - Hadoop Security Enabled: false Ozone Security Enabled: false Ozone HTTP Security Enabled: false 
2020-07-16 15:51:15,613 [Listener at 127.0.0.1/35779] INFO  server.AuthenticationFilter (AuthenticationFilter.java:constructSecretProvider(240)) - Unable to initialize FileSignerSecretProvider, falling back to use random secrets.
2020-07-16 15:51:15,614 [Listener at 127.0.0.1/35779] WARN  http.HttpRequestLog (HttpRequestLog.java:getRequestLog(103)) - Jetty request log can only be enabled using Log4j
2020-07-16 15:51:15,614 [Listener at 127.0.0.1/35779] INFO  http.HttpServer2 (HttpServer2.java:addGlobalFilter(998)) - Added global filter 'safety' (class=org.apache.hadoop.hdds.server.http.HttpServer2$QuotingInputFilter)
2020-07-16 15:51:15,615 [Listener at 127.0.0.1/35779] INFO  http.HttpServer2 (HttpServer2.java:addFilter(974)) - Added filter static_user_filter (class=org.apache.hadoop.http.lib.StaticUserWebFilter$StaticUserFilter) to context hddsDatanode
2020-07-16 15:51:15,615 [Listener at 127.0.0.1/35779] INFO  http.HttpServer2 (HttpServer2.java:addFilter(982)) - Added filter static_user_filter (class=org.apache.hadoop.http.lib.StaticUserWebFilter$StaticUserFilter) to context logs
2020-07-16 15:51:15,615 [Listener at 127.0.0.1/35779] INFO  http.HttpServer2 (HttpServer2.java:addFilter(982)) - Added filter static_user_filter (class=org.apache.hadoop.http.lib.StaticUserWebFilter$StaticUserFilter) to context static
2020-07-16 15:51:15,615 [Listener at 127.0.0.1/35779] INFO  http.HttpServer2 (HttpServer2.java:bindListener(1216)) - Jetty bound to port 38451
2020-07-16 15:51:15,616 [Listener at 127.0.0.1/35779] INFO  server.Server (Server.java:doStart(359)) - jetty-9.4.26.v20200117; built: 2020-01-17T12:35:33.676Z; git: 7b38981d25d14afb4a12ff1f2596756144edf695; jvm 1.8.0_232-b09
2020-07-16 15:51:15,620 [Listener at 127.0.0.1/35779] INFO  server.session (DefaultSessionIdManager.java:doStart(333)) - DefaultSessionIdManager workerName=node0
2020-07-16 15:51:15,620 [Listener at 127.0.0.1/35779] INFO  server.session (DefaultSessionIdManager.java:doStart(338)) - No SessionScavenger set, using defaults
2020-07-16 15:51:15,621 [Listener at 127.0.0.1/35779] INFO  server.session (HouseKeeper.java:startScavenging(140)) - node0 Scavenging every 600000ms
2020-07-16 15:51:15,621 [Listener at 127.0.0.1/35779] INFO  handler.ContextHandler (ContextHandler.java:doStart(825)) - Started o.e.j.s.ServletContextHandler@5440942{logs,/logs,file:///github/workspace/mnt/ozone/hadoop-ozone/integration-test/target/log,AVAILABLE}
2020-07-16 15:51:15,622 [Listener at 127.0.0.1/35779] INFO  handler.ContextHandler (ContextHandler.java:doStart(825)) - Started o.e.j.s.ServletContextHandler@265b52b7{static,/static,jar:file:/home/user/.m2/repository/org/apache/hadoop/hadoop-hdds-container-service/0.6.0-SNAPSHOT/hadoop-hdds-container-service-0.6.0-SNAPSHOT.jar!/webapps/static,AVAILABLE}
2020-07-16 15:51:15,698 [Listener at 127.0.0.1/35779] INFO  handler.ContextHandler (ContextHandler.java:doStart(825)) - Started o.e.j.w.WebAppContext@687101a2{hddsDatanode,/,file:///tmp/jetty-0_0_0_0-38451-hadoop-hdds-container-service-0_6_0-SNAPSHOT_jar-_-any-3567362198589660623.dir/webapp/,AVAILABLE}{jar:file:/home/user/.m2/repository/org/apache/hadoop/hadoop-hdds-container-service/0.6.0-SNAPSHOT/hadoop-hdds-container-service-0.6.0-SNAPSHOT.jar!/webapps/hddsDatanode}
2020-07-16 15:51:15,699 [Listener at 127.0.0.1/35779] INFO  server.AbstractConnector (AbstractConnector.java:doStart(330)) - Started ServerConnector@6f2d77e9{HTTP/1.1,[http/1.1]}{0.0.0.0:38451}
2020-07-16 15:51:15,699 [Listener at 127.0.0.1/35779] INFO  server.Server (Server.java:doStart(399)) - Started @116013ms
2020-07-16 15:51:15,699 [Listener at 127.0.0.1/35779] WARN  impl.MetricsSystemImpl (MetricsSystemImpl.java:register(276)) - Sink prometheus already exists!
2020-07-16 15:51:15,702 [Listener at 127.0.0.1/35779] INFO  http.BaseHttpServer (BaseHttpServer.java:updateConnectorAddress(327)) - HTTP server of hddsDatanode listening at http://0.0.0.0:38451
2020-07-16 15:51:15,703 [Listener at 127.0.0.1/35779] INFO  impl.MetricsSystemImpl (MetricsSystemImpl.java:init(158)) - HddsDatanode metrics system started (again)
2020-07-16 15:51:15,705 [Listener at 127.0.0.1/35779] INFO  ozone.HddsDatanodeService (HddsDatanodeService.java:start(214)) - HddsDatanodeService host:2ac0d1d00fcd ip:172.17.0.2
2020-07-16 15:51:15,706 [Listener at 127.0.0.1/35779] INFO  volume.HddsVolume (HddsVolume.java:<init>(176)) - Creating Volume: /github/workspace/mnt/ozone/hadoop-ozone/integration-test/target/test-dir/MiniOzoneClusterImpl-45392ef6-f0d5-4168-b900-afad7710253d/datanode-8/data-0/containers/hdds of storage type : DISK and capacity : 9223372036854775807
2020-07-16 15:51:15,706 [Listener at 127.0.0.1/35779] INFO  volume.MutableVolumeSet (MutableVolumeSet.java:initializeVolumeSet(179)) - Added Volume : /github/workspace/mnt/ozone/hadoop-ozone/integration-test/target/test-dir/MiniOzoneClusterImpl-45392ef6-f0d5-4168-b900-afad7710253d/datanode-8/data-0/containers/hdds to VolumeSet
2020-07-16 15:51:15,706 [Listener at 127.0.0.1/35779] INFO  volume.ThrottledAsyncChecker (ThrottledAsyncChecker.java:schedule(141)) - Scheduling a check for /github/workspace/mnt/ozone/hadoop-ozone/integration-test/target/test-dir/MiniOzoneClusterImpl-45392ef6-f0d5-4168-b900-afad7710253d/datanode-8/data-0/containers/hdds
2020-07-16 15:51:15,707 [Listener at 127.0.0.1/35779] INFO  volume.HddsVolumeChecker (HddsVolumeChecker.java:checkAllVolumes(200)) - Scheduled health check for volume /github/workspace/mnt/ozone/hadoop-ozone/integration-test/target/test-dir/MiniOzoneClusterImpl-45392ef6-f0d5-4168-b900-afad7710253d/datanode-8/data-0/containers/hdds
2020-07-16 15:51:15,719 [org.apache.hadoop.util.JvmPauseMonitor$Monitor@3f455123] INFO  util.JvmPauseMonitor (JvmPauseMonitor.java:run(188)) - Starting JVM pause monitor
2020-07-16 15:51:15,720 [Listener at 127.0.0.1/35779] INFO  impl.RaftServerProxy (ConfUtils.java:logGet(44)) - raft.rpc.type = GRPC (default)
2020-07-16 15:51:15,721 [Listener at 127.0.0.1/35779] INFO  grpc.GrpcFactory (GrpcFactory.java:checkPooledByteBufAllocatorUseCacheForAllThreads(45)) - PERFORMANCE WARNING: useCacheForAllThreads is true that may cause Netty to create a lot garbage objects and, as a result, trigger GC.
	It is recommended to disable useCacheForAllThreads by setting -Dorg.apache.ratis.thirdparty.io.netty.allocator.useCacheForAllThreads=false in command line.
2020-07-16 15:51:15,721 [Listener at 127.0.0.1/35779] INFO  grpc.GrpcConfigKeys (ConfUtils.java:logGet(44)) - raft.grpc.server.port = 0 (default)
2020-07-16 15:51:15,721 [Listener at 127.0.0.1/35779] INFO  server.GrpcService (ConfUtils.java:logGet(44)) - raft.grpc.message.size.max = 32MB (=33554432) (custom)
2020-07-16 15:51:15,721 [Listener at 127.0.0.1/35779] INFO  server.RaftServerConfigKeys (ConfUtils.java:logGet(44)) - raft.server.log.appender.buffer.byte-limit = 33554432 (custom)
2020-07-16 15:51:15,721 [Listener at 127.0.0.1/35779] INFO  server.GrpcService (ConfUtils.java:logGet(44)) - raft.grpc.flow.control.window = 5MB (=5242880) (custom)
2020-07-16 15:51:15,721 [Listener at 127.0.0.1/35779] INFO  server.RaftServerConfigKeys (ConfUtils.java:logGet(44)) - raft.server.rpc.request.timeout = 3000ms (default)
2020-07-16 15:51:15,721 [Datanode State Machine Thread - 0] INFO  datanode.InitDatanodeState (InitDatanodeState.java:persistContainerDatanodeDetails(145)) - DatanodeDetails is persisted to /github/workspace/mnt/ozone/hadoop-ozone/integration-test/target/test-dir/MiniOzoneClusterImpl-45392ef6-f0d5-4168-b900-afad7710253d/datanode-7/meta/datanode.id
2020-07-16 15:51:15,722 [Listener at 127.0.0.1/35779] INFO  server.RaftServerConfigKeys (ConfUtils.java:logGet(44)) - raft.server.storage.dir = [/github/workspace/mnt/ozone/hadoop-ozone/integration-test/target/test-dir/MiniOzoneClusterImpl-45392ef6-f0d5-4168-b900-afad7710253d/datanode-8/data/ratis] (custom)
2020-07-16 15:51:15,726 [Listener at 127.0.0.1/35779] INFO  http.BaseHttpServer (BaseHttpServer.java:newHttpServer2BuilderForOzone(207)) - Starting Web-server for hddsDatanode at: http://0.0.0.0:0
2020-07-16 15:51:15,726 [Listener at 127.0.0.1/35779] INFO  http.BaseHttpServer (BaseHttpServer.java:<init>(106)) - Hadoop Security Enabled: false Ozone Security Enabled: false Ozone HTTP Security Enabled: false 
2020-07-16 15:51:15,726 [Listener at 127.0.0.1/35779] INFO  server.AuthenticationFilter (AuthenticationFilter.java:constructSecretProvider(240)) - Unable to initialize FileSignerSecretProvider, falling back to use random secrets.
2020-07-16 15:51:15,727 [Listener at 127.0.0.1/35779] WARN  http.HttpRequestLog (HttpRequestLog.java:getRequestLog(103)) - Jetty request log can only be enabled using Log4j
2020-07-16 15:51:15,727 [Listener at 127.0.0.1/35779] INFO  http.HttpServer2 (HttpServer2.java:addGlobalFilter(998)) - Added global filter 'safety' (class=org.apache.hadoop.hdds.server.http.HttpServer2$QuotingInputFilter)
2020-07-16 15:51:15,728 [Listener at 127.0.0.1/35779] INFO  http.HttpServer2 (HttpServer2.java:addFilter(974)) - Added filter static_user_filter (class=org.apache.hadoop.http.lib.StaticUserWebFilter$StaticUserFilter) to context hddsDatanode
2020-07-16 15:51:15,728 [Listener at 127.0.0.1/35779] INFO  http.HttpServer2 (HttpServer2.java:addFilter(982)) - Added filter static_user_filter (class=org.apache.hadoop.http.lib.StaticUserWebFilter$StaticUserFilter) to context static
2020-07-16 15:51:15,728 [Listener at 127.0.0.1/35779] INFO  http.HttpServer2 (HttpServer2.java:addFilter(982)) - Added filter static_user_filter (class=org.apache.hadoop.http.lib.StaticUserWebFilter$StaticUserFilter) to context logs
2020-07-16 15:51:15,728 [Listener at 127.0.0.1/35779] INFO  http.HttpServer2 (HttpServer2.java:bindListener(1216)) - Jetty bound to port 45475
2020-07-16 15:51:15,728 [Listener at 127.0.0.1/35779] INFO  server.Server (Server.java:doStart(359)) - jetty-9.4.26.v20200117; built: 2020-01-17T12:35:33.676Z; git: 7b38981d25d14afb4a12ff1f2596756144edf695; jvm 1.8.0_232-b09
2020-07-16 15:51:15,730 [Listener at 127.0.0.1/35779] INFO  server.session (DefaultSessionIdManager.java:doStart(333)) - DefaultSessionIdManager workerName=node0
2020-07-16 15:51:15,730 [Listener at 127.0.0.1/35779] INFO  server.session (DefaultSessionIdManager.java:doStart(338)) - No SessionScavenger set, using defaults
2020-07-16 15:51:15,730 [Listener at 127.0.0.1/35779] INFO  server.session (HouseKeeper.java:startScavenging(140)) - node0 Scavenging every 660000ms
2020-07-16 15:51:15,731 [Listener at 127.0.0.1/35779] INFO  handler.ContextHandler (ContextHandler.java:doStart(825)) - Started o.e.j.s.ServletContextHandler@6aabacb7{logs,/logs,file:///github/workspace/mnt/ozone/hadoop-ozone/integration-test/target/log,AVAILABLE}
2020-07-16 15:51:15,731 [Listener at 127.0.0.1/35779] INFO  handler.ContextHandler (ContextHandler.java:doStart(825)) - Started o.e.j.s.ServletContextHandler@13de7bba{static,/static,jar:file:/home/user/.m2/repository/org/apache/hadoop/hadoop-hdds-container-service/0.6.0-SNAPSHOT/hadoop-hdds-container-service-0.6.0-SNAPSHOT.jar!/webapps/static,AVAILABLE}
2020-07-16 15:51:15,795 [Listener at 127.0.0.1/35779] INFO  handler.ContextHandler (ContextHandler.java:doStart(825)) - Started o.e.j.w.WebAppContext@2a59034e{hddsDatanode,/,file:///tmp/jetty-0_0_0_0-45475-hadoop-hdds-container-service-0_6_0-SNAPSHOT_jar-_-any-9044214807572538811.dir/webapp/,AVAILABLE}{jar:file:/home/user/.m2/repository/org/apache/hadoop/hadoop-hdds-container-service/0.6.0-SNAPSHOT/hadoop-hdds-container-service-0.6.0-SNAPSHOT.jar!/webapps/hddsDatanode}
2020-07-16 15:51:15,797 [Listener at 127.0.0.1/35779] INFO  server.AbstractConnector (AbstractConnector.java:doStart(330)) - Started ServerConnector@11a0aee8{HTTP/1.1,[http/1.1]}{0.0.0.0:45475}
2020-07-16 15:51:15,797 [Listener at 127.0.0.1/35779] INFO  server.Server (Server.java:doStart(399)) - Started @116111ms
2020-07-16 15:51:15,797 [Listener at 127.0.0.1/35779] WARN  impl.MetricsSystemImpl (MetricsSystemImpl.java:register(276)) - Sink prometheus already exists!
2020-07-16 15:51:15,800 [Listener at 127.0.0.1/35779] INFO  http.BaseHttpServer (BaseHttpServer.java:updateConnectorAddress(327)) - HTTP server of hddsDatanode listening at http://0.0.0.0:45475
2020-07-16 15:51:15,800 [Listener at 127.0.0.1/35779] INFO  ozone.MiniOzoneClusterImpl (MiniOzoneClusterImpl.java:lambda$waitForClusterToBeReady$0(177)) - Waiting for nodes to be ready. Got 0 of 9 DN Heartbeats.
2020-07-16 15:51:15,800 [Listener at 127.0.0.1/35779] INFO  ozone.MiniOzoneClusterImpl (MiniOzoneClusterImpl.java:lambda$waitForClusterToBeReady$0(180)) - Waiting for cluster to exit safe mode
2020-07-16 15:51:15,803 [org.apache.hadoop.util.JvmPauseMonitor$Monitor@52f65453] INFO  util.JvmPauseMonitor (JvmPauseMonitor.java:run(188)) - Starting JVM pause monitor
2020-07-16 15:51:15,804 [Datanode State Machine Thread - 0] INFO  datanode.InitDatanodeState (InitDatanodeState.java:persistContainerDatanodeDetails(145)) - DatanodeDetails is persisted to /github/workspace/mnt/ozone/hadoop-ozone/integration-test/target/test-dir/MiniOzoneClusterImpl-45392ef6-f0d5-4168-b900-afad7710253d/datanode-8/meta/datanode.id
2020-07-16 15:51:16,801 [Listener at 127.0.0.1/35779] INFO  ozone.MiniOzoneClusterImpl (MiniOzoneClusterImpl.java:lambda$waitForClusterToBeReady$0(177)) - Waiting for nodes to be ready. Got 0 of 9 DN Heartbeats.
2020-07-16 15:51:16,801 [Listener at 127.0.0.1/35779] INFO  ozone.MiniOzoneClusterImpl (MiniOzoneClusterImpl.java:lambda$waitForClusterToBeReady$0(180)) - Waiting for cluster to exit safe mode
2020-07-16 15:51:16,897 [Datanode State Machine Thread - 0] INFO  ozoneimpl.OzoneContainer (OzoneContainer.java:start(233)) - Attempting to start container services.
2020-07-16 15:51:16,897 [Datanode State Machine Thread - 0] INFO  ozoneimpl.OzoneContainer (OzoneContainer.java:startContainerScrub(197)) - Background container scanner has been disabled.
2020-07-16 15:51:16,897 [Datanode State Machine Thread - 0] INFO  ratis.XceiverServerRatis (XceiverServerRatis.java:start(438)) - Starting XceiverServerRatis e4e99700-16e7-4e9e-86ca-c902d8203535 at port 0
2020-07-16 15:51:16,901 [Datanode State Machine Thread - 0] INFO  impl.RaftServerProxy (RaftServerProxy.java:lambda$start$3(304)) - e4e99700-16e7-4e9e-86ca-c902d8203535: start RPC server
2020-07-16 15:51:16,902 [Datanode State Machine Thread - 0] INFO  server.GrpcService (GrpcService.java:startImpl(160)) - e4e99700-16e7-4e9e-86ca-c902d8203535: GrpcService started, listening on 0.0.0.0/0.0.0.0:36525
2020-07-16 15:51:16,902 [Datanode State Machine Thread - 0] INFO  ratis.XceiverServerRatis (XceiverServerRatis.java:start(450)) - XceiverServerRatis e4e99700-16e7-4e9e-86ca-c902d8203535 is started using port 36525
2020-07-16 15:51:16,902 [Datanode State Machine Thread - 0] INFO  server.XceiverServerGrpc (XceiverServerGrpc.java:start(145)) - XceiverServerGrpc e4e99700-16e7-4e9e-86ca-c902d8203535 is started using port 38027
2020-07-16 15:51:17,011 [Datanode State Machine Thread - 0] INFO  ozoneimpl.OzoneContainer (OzoneContainer.java:start(233)) - Attempting to start container services.
2020-07-16 15:51:17,011 [Datanode State Machine Thread - 0] INFO  ozoneimpl.OzoneContainer (OzoneContainer.java:startContainerScrub(197)) - Background container scanner has been disabled.
2020-07-16 15:51:17,011 [Datanode State Machine Thread - 0] INFO  ratis.XceiverServerRatis (XceiverServerRatis.java:start(438)) - Starting XceiverServerRatis 1d5bf7e4-8d96-4310-9f32-ec9edaa2380c at port 0
2020-07-16 15:51:17,012 [Datanode State Machine Thread - 0] INFO  impl.RaftServerProxy (RaftServerProxy.java:lambda$start$3(304)) - 1d5bf7e4-8d96-4310-9f32-ec9edaa2380c: start RPC server
2020-07-16 15:51:17,012 [Datanode State Machine Thread - 0] INFO  server.GrpcService (GrpcService.java:startImpl(160)) - 1d5bf7e4-8d96-4310-9f32-ec9edaa2380c: GrpcService started, listening on 0.0.0.0/0.0.0.0:39143
2020-07-16 15:51:17,012 [Datanode State Machine Thread - 0] INFO  ratis.XceiverServerRatis (XceiverServerRatis.java:start(450)) - XceiverServerRatis 1d5bf7e4-8d96-4310-9f32-ec9edaa2380c is started using port 39143
2020-07-16 15:51:17,013 [Datanode State Machine Thread - 0] INFO  server.XceiverServerGrpc (XceiverServerGrpc.java:start(145)) - XceiverServerGrpc 1d5bf7e4-8d96-4310-9f32-ec9edaa2380c is started using port 43017
2020-07-16 15:51:17,133 [Datanode State Machine Thread - 0] INFO  ozoneimpl.OzoneContainer (OzoneContainer.java:start(233)) - Attempting to start container services.
2020-07-16 15:51:17,134 [Datanode State Machine Thread - 0] INFO  ozoneimpl.OzoneContainer (OzoneContainer.java:startContainerScrub(197)) - Background container scanner has been disabled.
2020-07-16 15:51:17,134 [Datanode State Machine Thread - 0] INFO  ratis.XceiverServerRatis (XceiverServerRatis.java:start(438)) - Starting XceiverServerRatis 72350810-11e7-4c4d-b66f-b995d4606524 at port 0
2020-07-16 15:51:17,134 [Datanode State Machine Thread - 0] INFO  impl.RaftServerProxy (RaftServerProxy.java:lambda$start$3(304)) - 72350810-11e7-4c4d-b66f-b995d4606524: start RPC server
2020-07-16 15:51:17,135 [Datanode State Machine Thread - 0] INFO  server.GrpcService (GrpcService.java:startImpl(160)) - 72350810-11e7-4c4d-b66f-b995d4606524: GrpcService started, listening on 0.0.0.0/0.0.0.0:38865
2020-07-16 15:51:17,135 [Datanode State Machine Thread - 0] INFO  ratis.XceiverServerRatis (XceiverServerRatis.java:start(450)) - XceiverServerRatis 72350810-11e7-4c4d-b66f-b995d4606524 is started using port 38865
2020-07-16 15:51:17,136 [Datanode State Machine Thread - 0] INFO  server.XceiverServerGrpc (XceiverServerGrpc.java:start(145)) - XceiverServerGrpc 72350810-11e7-4c4d-b66f-b995d4606524 is started using port 46079
2020-07-16 15:51:17,244 [Datanode State Machine Thread - 0] INFO  ozoneimpl.OzoneContainer (OzoneContainer.java:start(233)) - Attempting to start container services.
2020-07-16 15:51:17,245 [Datanode State Machine Thread - 0] INFO  ozoneimpl.OzoneContainer (OzoneContainer.java:startContainerScrub(197)) - Background container scanner has been disabled.
2020-07-16 15:51:17,245 [Datanode State Machine Thread - 0] INFO  ratis.XceiverServerRatis (XceiverServerRatis.java:start(438)) - Starting XceiverServerRatis 8861f160-1711-47f6-a44a-97412e21c0d2 at port 0
2020-07-16 15:51:17,246 [Datanode State Machine Thread - 0] INFO  impl.RaftServerProxy (RaftServerProxy.java:lambda$start$3(304)) - 8861f160-1711-47f6-a44a-97412e21c0d2: start RPC server
2020-07-16 15:51:17,246 [Datanode State Machine Thread - 0] INFO  server.GrpcService (GrpcService.java:startImpl(160)) - 8861f160-1711-47f6-a44a-97412e21c0d2: GrpcService started, listening on 0.0.0.0/0.0.0.0:44857
2020-07-16 15:51:17,246 [Datanode State Machine Thread - 0] INFO  ratis.XceiverServerRatis (XceiverServerRatis.java:start(450)) - XceiverServerRatis 8861f160-1711-47f6-a44a-97412e21c0d2 is started using port 44857
2020-07-16 15:51:17,247 [Datanode State Machine Thread - 0] INFO  server.XceiverServerGrpc (XceiverServerGrpc.java:start(145)) - XceiverServerGrpc 8861f160-1711-47f6-a44a-97412e21c0d2 is started using port 38195
2020-07-16 15:51:17,360 [Datanode State Machine Thread - 0] INFO  ozoneimpl.OzoneContainer (OzoneContainer.java:start(233)) - Attempting to start container services.
2020-07-16 15:51:17,360 [Datanode State Machine Thread - 0] INFO  ozoneimpl.OzoneContainer (OzoneContainer.java:startContainerScrub(197)) - Background container scanner has been disabled.
2020-07-16 15:51:17,360 [Datanode State Machine Thread - 0] INFO  ratis.XceiverServerRatis (XceiverServerRatis.java:start(438)) - Starting XceiverServerRatis 54156d21-c882-42a4-932f-3be78151626f at port 0
2020-07-16 15:51:17,361 [Datanode State Machine Thread - 0] INFO  impl.RaftServerProxy (RaftServerProxy.java:lambda$start$3(304)) - 54156d21-c882-42a4-932f-3be78151626f: start RPC server
2020-07-16 15:51:17,362 [Datanode State Machine Thread - 0] INFO  server.GrpcService (GrpcService.java:startImpl(160)) - 54156d21-c882-42a4-932f-3be78151626f: GrpcService started, listening on 0.0.0.0/0.0.0.0:39387
2020-07-16 15:51:17,362 [Datanode State Machine Thread - 0] INFO  ratis.XceiverServerRatis (XceiverServerRatis.java:start(450)) - XceiverServerRatis 54156d21-c882-42a4-932f-3be78151626f is started using port 39387
2020-07-16 15:51:17,362 [Datanode State Machine Thread - 0] INFO  server.XceiverServerGrpc (XceiverServerGrpc.java:start(145)) - XceiverServerGrpc 54156d21-c882-42a4-932f-3be78151626f is started using port 43481
2020-07-16 15:51:17,471 [Datanode State Machine Thread - 0] INFO  ozoneimpl.OzoneContainer (OzoneContainer.java:start(233)) - Attempting to start container services.
2020-07-16 15:51:17,471 [Datanode State Machine Thread - 0] INFO  ozoneimpl.OzoneContainer (OzoneContainer.java:startContainerScrub(197)) - Background container scanner has been disabled.
2020-07-16 15:51:17,471 [Datanode State Machine Thread - 0] INFO  ratis.XceiverServerRatis (XceiverServerRatis.java:start(438)) - Starting XceiverServerRatis 000e9876-1564-40e7-be97-fe7a2cb99717 at port 0
2020-07-16 15:51:17,474 [Datanode State Machine Thread - 0] INFO  impl.RaftServerProxy (RaftServerProxy.java:lambda$start$3(304)) - 000e9876-1564-40e7-be97-fe7a2cb99717: start RPC server
2020-07-16 15:51:17,475 [Datanode State Machine Thread - 0] INFO  server.GrpcService (GrpcService.java:startImpl(160)) - 000e9876-1564-40e7-be97-fe7a2cb99717: GrpcService started, listening on 0.0.0.0/0.0.0.0:40603
2020-07-16 15:51:17,475 [Datanode State Machine Thread - 0] INFO  ratis.XceiverServerRatis (XceiverServerRatis.java:start(450)) - XceiverServerRatis 000e9876-1564-40e7-be97-fe7a2cb99717 is started using port 40603
2020-07-16 15:51:17,476 [Datanode State Machine Thread - 0] INFO  server.XceiverServerGrpc (XceiverServerGrpc.java:start(145)) - XceiverServerGrpc 000e9876-1564-40e7-be97-fe7a2cb99717 is started using port 37749
2020-07-16 15:51:17,589 [Datanode State Machine Thread - 0] INFO  ozoneimpl.OzoneContainer (OzoneContainer.java:start(233)) - Attempting to start container services.
2020-07-16 15:51:17,590 [Datanode State Machine Thread - 0] INFO  ozoneimpl.OzoneContainer (OzoneContainer.java:startContainerScrub(197)) - Background container scanner has been disabled.
2020-07-16 15:51:17,590 [Datanode State Machine Thread - 0] INFO  ratis.XceiverServerRatis (XceiverServerRatis.java:start(438)) - Starting XceiverServerRatis a6d40ba8-5007-4ff3-951d-f8e344c09f1a at port 0
2020-07-16 15:51:17,590 [Datanode State Machine Thread - 0] INFO  impl.RaftServerProxy (RaftServerProxy.java:lambda$start$3(304)) - a6d40ba8-5007-4ff3-951d-f8e344c09f1a: start RPC server
2020-07-16 15:51:17,591 [Datanode State Machine Thread - 0] INFO  server.GrpcService (GrpcService.java:startImpl(160)) - a6d40ba8-5007-4ff3-951d-f8e344c09f1a: GrpcService started, listening on 0.0.0.0/0.0.0.0:46485
2020-07-16 15:51:17,591 [Datanode State Machine Thread - 0] INFO  ratis.XceiverServerRatis (XceiverServerRatis.java:start(450)) - XceiverServerRatis a6d40ba8-5007-4ff3-951d-f8e344c09f1a is started using port 46485
2020-07-16 15:51:17,591 [Datanode State Machine Thread - 0] INFO  server.XceiverServerGrpc (XceiverServerGrpc.java:start(145)) - XceiverServerGrpc a6d40ba8-5007-4ff3-951d-f8e344c09f1a is started using port 38545
2020-07-16 15:51:17,720 [Datanode State Machine Thread - 0] INFO  ozoneimpl.OzoneContainer (OzoneContainer.java:start(233)) - Attempting to start container services.
2020-07-16 15:51:17,720 [Datanode State Machine Thread - 0] INFO  ozoneimpl.OzoneContainer (OzoneContainer.java:startContainerScrub(197)) - Background container scanner has been disabled.
2020-07-16 15:51:17,720 [Datanode State Machine Thread - 0] INFO  ratis.XceiverServerRatis (XceiverServerRatis.java:start(438)) - Starting XceiverServerRatis 8c659ee4-8941-403a-a7d5-7771662eec54 at port 0
2020-07-16 15:51:17,724 [Datanode State Machine Thread - 0] INFO  impl.RaftServerProxy (RaftServerProxy.java:lambda$start$3(304)) - 8c659ee4-8941-403a-a7d5-7771662eec54: start RPC server
2020-07-16 15:51:17,725 [Datanode State Machine Thread - 0] INFO  server.GrpcService (GrpcService.java:startImpl(160)) - 8c659ee4-8941-403a-a7d5-7771662eec54: GrpcService started, listening on 0.0.0.0/0.0.0.0:36425
2020-07-16 15:51:17,725 [Datanode State Machine Thread - 0] INFO  ratis.XceiverServerRatis (XceiverServerRatis.java:start(450)) - XceiverServerRatis 8c659ee4-8941-403a-a7d5-7771662eec54 is started using port 36425
2020-07-16 15:51:17,726 [Datanode State Machine Thread - 0] INFO  server.XceiverServerGrpc (XceiverServerGrpc.java:start(145)) - XceiverServerGrpc 8c659ee4-8941-403a-a7d5-7771662eec54 is started using port 41209
2020-07-16 15:51:17,801 [Listener at 127.0.0.1/35779] INFO  ozone.MiniOzoneClusterImpl (MiniOzoneClusterImpl.java:lambda$waitForClusterToBeReady$0(177)) - Waiting for nodes to be ready. Got 0 of 9 DN Heartbeats.
2020-07-16 15:51:17,801 [Listener at 127.0.0.1/35779] INFO  ozone.MiniOzoneClusterImpl (MiniOzoneClusterImpl.java:lambda$waitForClusterToBeReady$0(180)) - Waiting for cluster to exit safe mode
2020-07-16 15:51:17,805 [Datanode State Machine Thread - 0] INFO  ozoneimpl.OzoneContainer (OzoneContainer.java:start(233)) - Attempting to start container services.
2020-07-16 15:51:17,806 [Datanode State Machine Thread - 0] INFO  ozoneimpl.OzoneContainer (OzoneContainer.java:startContainerScrub(197)) - Background container scanner has been disabled.
2020-07-16 15:51:17,806 [Datanode State Machine Thread - 0] INFO  ratis.XceiverServerRatis (XceiverServerRatis.java:start(438)) - Starting XceiverServerRatis a4211f84-eb03-46d7-a47e-1243f17c8bc7 at port 0
2020-07-16 15:51:17,807 [Datanode State Machine Thread - 0] INFO  impl.RaftServerProxy (RaftServerProxy.java:lambda$start$3(304)) - a4211f84-eb03-46d7-a47e-1243f17c8bc7: start RPC server
2020-07-16 15:51:17,807 [Datanode State Machine Thread - 0] INFO  server.GrpcService (GrpcService.java:startImpl(160)) - a4211f84-eb03-46d7-a47e-1243f17c8bc7: GrpcService started, listening on 0.0.0.0/0.0.0.0:33755
2020-07-16 15:51:17,807 [Datanode State Machine Thread - 0] INFO  ratis.XceiverServerRatis (XceiverServerRatis.java:start(450)) - XceiverServerRatis a4211f84-eb03-46d7-a47e-1243f17c8bc7 is started using port 33755
2020-07-16 15:51:17,808 [Datanode State Machine Thread - 0] INFO  server.XceiverServerGrpc (XceiverServerGrpc.java:start(145)) - XceiverServerGrpc a4211f84-eb03-46d7-a47e-1243f17c8bc7 is started using port 41151
2020-07-16 15:51:18,802 [Listener at 127.0.0.1/35779] INFO  ozone.MiniOzoneClusterImpl (MiniOzoneClusterImpl.java:lambda$waitForClusterToBeReady$0(177)) - Waiting for nodes to be ready. Got 0 of 9 DN Heartbeats.
2020-07-16 15:51:18,802 [Listener at 127.0.0.1/35779] INFO  ozone.MiniOzoneClusterImpl (MiniOzoneClusterImpl.java:lambda$waitForClusterToBeReady$0(180)) - Waiting for cluster to exit safe mode
2020-07-16 15:51:18,893 [IPC Server handler 2 on default port 45461] INFO  net.NetworkTopology (NetworkTopologyImpl.java:add(111)) - Added a new node: /default-rack/e4e99700-16e7-4e9e-86ca-c902d8203535
2020-07-16 15:51:18,894 [IPC Server handler 2 on default port 45461] INFO  node.SCMNodeManager (SCMNodeManager.java:register(273)) - Registered Data node : e4e99700-16e7-4e9e-86ca-c902d8203535{ip: 172.17.0.2, host: 2ac0d1d00fcd, networkLocation: /default-rack, certSerialId: null}
2020-07-16 15:51:18,895 [EventQueue-NodeRegistrationContainerReportForDataNodeSafeModeRule] INFO  safemode.SCMSafeModeManager (DataNodeSafeModeRule.java:process(71)) - SCM in safe mode. 1 DataNodes registered, 1 required.
2020-07-16 15:51:18,895 [EventQueue-NodeRegistrationContainerReportForDataNodeSafeModeRule] INFO  safemode.SCMSafeModeManager (SCMSafeModeManager.java:validateSafeModeExitRules(214)) - DataNodeSafeModeRule rule is successfully validated
2020-07-16 15:51:18,895 [EventQueue-NodeRegistrationContainerReportForDataNodeSafeModeRule] INFO  safemode.SCMSafeModeManager (SCMSafeModeManager.java:completePreCheck(242)) - All SCM safe mode pre check rules have passed
2020-07-16 15:51:18,903 [EventQueue-NodeRegistrationContainerReportForContainerSafeModeRule] INFO  safemode.SCMSafeModeManager (SCMSafeModeManager.java:validateSafeModeExitRules(214)) - ContainerSafeModeRule rule is successfully validated
2020-07-16 15:51:18,904 [RatisPipelineUtilsThread] INFO  pipeline.RatisPipelineProvider (RatisPipelineProvider.java:lambda$create$0(138)) - Sending CreatePipelineCommand for pipeline:PipelineID=3ff2ba18-d073-4c82-8e25-533e3e7d5ced to datanode:e4e99700-16e7-4e9e-86ca-c902d8203535
2020-07-16 15:51:18,904 [RatisPipelineUtilsThread] INFO  pipeline.PipelineStateManager (PipelineStateManager.java:addPipeline(54)) - Created pipeline Pipeline[ Id: 3ff2ba18-d073-4c82-8e25-533e3e7d5ced, Nodes: e4e99700-16e7-4e9e-86ca-c902d8203535{ip: 172.17.0.2, host: 2ac0d1d00fcd, networkLocation: /default-rack, certSerialId: null}, Type:RATIS, Factor:ONE, State:ALLOCATED, leaderId:, CreationTimestamp2020-07-16T15:51:18.904Z]
2020-07-16 15:51:18,904 [RatisPipelineUtilsThread] ERROR pipeline.SCMPipelineManager (SCMPipelineManager.java:createPipeline(274)) - Failed to create pipeline of type RATIS and factor ONE. Exception: Cannot create pipeline of factor 1 using 0 nodes. Used 1 nodes. Healthy nodes 1
2020-07-16 15:51:18,905 [RatisPipelineUtilsThread] WARN  pipeline.PipelinePlacementPolicy (PipelinePlacementPolicy.java:filterViableNodes(133)) - Pipeline creation failed due to no sufficient healthy datanodes. Required 3. Found 1.
2020-07-16 15:51:18,905 [RatisPipelineUtilsThread] ERROR pipeline.SCMPipelineManager (SCMPipelineManager.java:createPipeline(274)) - Failed to create pipeline of type RATIS and factor THREE. Exception: Pipeline creation failed due to no sufficient healthy datanodes. Required 3. Found 1.
2020-07-16 15:51:19,009 [IPC Server handler 3 on default port 45461] INFO  net.NetworkTopology (NetworkTopologyImpl.java:add(111)) - Added a new node: /default-rack/1d5bf7e4-8d96-4310-9f32-ec9edaa2380c
2020-07-16 15:51:19,009 [IPC Server handler 3 on default port 45461] INFO  node.SCMNodeManager (SCMNodeManager.java:register(273)) - Registered Data node : 1d5bf7e4-8d96-4310-9f32-ec9edaa2380c{ip: 172.17.0.2, host: 2ac0d1d00fcd, networkLocation: /default-rack, certSerialId: null}
2020-07-16 15:51:19,010 [EventQueue-NodeRegistrationContainerReportForContainerSafeModeRule] INFO  safemode.SCMSafeModeManager (SCMSafeModeManager.java:validateSafeModeExitRules(214)) - ContainerSafeModeRule rule is successfully validated
2020-07-16 15:51:19,010 [EventQueue-NodeRegistrationContainerReportForDataNodeSafeModeRule] INFO  safemode.SCMSafeModeManager (SCMSafeModeManager.java:validateSafeModeExitRules(214)) - DataNodeSafeModeRule rule is successfully validated
2020-07-16 15:51:19,010 [RatisPipelineUtilsThread] INFO  pipeline.RatisPipelineProvider (RatisPipelineProvider.java:lambda$create$0(138)) - Sending CreatePipelineCommand for pipeline:PipelineID=3a12e4d9-0945-4c30-a575-b6bbbea15aaf to datanode:1d5bf7e4-8d96-4310-9f32-ec9edaa2380c
2020-07-16 15:51:19,011 [RatisPipelineUtilsThread] INFO  pipeline.PipelineStateManager (PipelineStateManager.java:addPipeline(54)) - Created pipeline Pipeline[ Id: 3a12e4d9-0945-4c30-a575-b6bbbea15aaf, Nodes: 1d5bf7e4-8d96-4310-9f32-ec9edaa2380c{ip: 172.17.0.2, host: 2ac0d1d00fcd, networkLocation: /default-rack, certSerialId: null}, Type:RATIS, Factor:ONE, State:ALLOCATED, leaderId:, CreationTimestamp2020-07-16T15:51:19.010Z]
2020-07-16 15:51:19,011 [RatisPipelineUtilsThread] ERROR pipeline.SCMPipelineManager (SCMPipelineManager.java:createPipeline(274)) - Failed to create pipeline of type RATIS and factor ONE. Exception: Cannot create pipeline of factor 1 using 0 nodes. Used 2 nodes. Healthy nodes 2
2020-07-16 15:51:19,011 [RatisPipelineUtilsThread] WARN  pipeline.PipelinePlacementPolicy (PipelinePlacementPolicy.java:filterViableNodes(133)) - Pipeline creation failed due to no sufficient healthy datanodes. Required 3. Found 2.
2020-07-16 15:51:19,011 [RatisPipelineUtilsThread] ERROR pipeline.SCMPipelineManager (SCMPipelineManager.java:createPipeline(274)) - Failed to create pipeline of type RATIS and factor THREE. Exception: Pipeline creation failed due to no sufficient healthy datanodes. Required 3. Found 2.
2020-07-16 15:51:19,133 [IPC Server handler 4 on default port 45461] INFO  net.NetworkTopology (NetworkTopologyImpl.java:add(111)) - Added a new node: /default-rack/72350810-11e7-4c4d-b66f-b995d4606524
2020-07-16 15:51:19,133 [IPC Server handler 4 on default port 45461] INFO  node.SCMNodeManager (SCMNodeManager.java:register(273)) - Registered Data node : 72350810-11e7-4c4d-b66f-b995d4606524{ip: 172.17.0.2, host: 2ac0d1d00fcd, networkLocation: /default-rack, certSerialId: null}
2020-07-16 15:51:19,133 [EventQueue-NodeRegistrationContainerReportForContainerSafeModeRule] INFO  safemode.SCMSafeModeManager (SCMSafeModeManager.java:validateSafeModeExitRules(214)) - ContainerSafeModeRule rule is successfully validated
2020-07-16 15:51:19,133 [EventQueue-NodeRegistrationContainerReportForDataNodeSafeModeRule] INFO  safemode.SCMSafeModeManager (SCMSafeModeManager.java:validateSafeModeExitRules(214)) - DataNodeSafeModeRule rule is successfully validated
2020-07-16 15:51:19,134 [RatisPipelineUtilsThread] INFO  pipeline.RatisPipelineProvider (RatisPipelineProvider.java:lambda$create$0(138)) - Sending CreatePipelineCommand for pipeline:PipelineID=e2a19c29-41d3-4db9-bbe2-68df26598cf2 to datanode:72350810-11e7-4c4d-b66f-b995d4606524
2020-07-16 15:51:19,134 [RatisPipelineUtilsThread] INFO  pipeline.PipelineStateManager (PipelineStateManager.java:addPipeline(54)) - Created pipeline Pipeline[ Id: e2a19c29-41d3-4db9-bbe2-68df26598cf2, Nodes: 72350810-11e7-4c4d-b66f-b995d4606524{ip: 172.17.0.2, host: 2ac0d1d00fcd, networkLocation: /default-rack, certSerialId: null}, Type:RATIS, Factor:ONE, State:ALLOCATED, leaderId:, CreationTimestamp2020-07-16T15:51:19.134Z]
2020-07-16 15:51:19,135 [RatisPipelineUtilsThread] ERROR pipeline.SCMPipelineManager (SCMPipelineManager.java:createPipeline(274)) - Failed to create pipeline of type RATIS and factor ONE. Exception: Cannot create pipeline of factor 1 using 0 nodes. Used 3 nodes. Healthy nodes 3
2020-07-16 15:51:19,135 [RatisPipelineUtilsThread] INFO  pipeline.RatisPipelineProvider (RatisPipelineProvider.java:lambda$create$0(138)) - Sending CreatePipelineCommand for pipeline:PipelineID=81537660-65b0-49ca-bd55-1759c869f8e5 to datanode:72350810-11e7-4c4d-b66f-b995d4606524
2020-07-16 15:51:19,135 [RatisPipelineUtilsThread] INFO  pipeline.RatisPipelineProvider (RatisPipelineProvider.java:lambda$create$0(138)) - Sending CreatePipelineCommand for pipeline:PipelineID=81537660-65b0-49ca-bd55-1759c869f8e5 to datanode:1d5bf7e4-8d96-4310-9f32-ec9edaa2380c
2020-07-16 15:51:19,135 [RatisPipelineUtilsThread] INFO  pipeline.RatisPipelineProvider (RatisPipelineProvider.java:lambda$create$0(138)) - Sending CreatePipelineCommand for pipeline:PipelineID=81537660-65b0-49ca-bd55-1759c869f8e5 to datanode:e4e99700-16e7-4e9e-86ca-c902d8203535
2020-07-16 15:51:19,136 [RatisPipelineUtilsThread] INFO  pipeline.PipelineStateManager (PipelineStateManager.java:addPipeline(54)) - Created pipeline Pipeline[ Id: 81537660-65b0-49ca-bd55-1759c869f8e5, Nodes: 72350810-11e7-4c4d-b66f-b995d4606524{ip: 172.17.0.2, host: 2ac0d1d00fcd, networkLocation: /default-rack, certSerialId: null}1d5bf7e4-8d96-4310-9f32-ec9edaa2380c{ip: 172.17.0.2, host: 2ac0d1d00fcd, networkLocation: /default-rack, certSerialId: null}e4e99700-16e7-4e9e-86ca-c902d8203535{ip: 172.17.0.2, host: 2ac0d1d00fcd, networkLocation: /default-rack, certSerialId: null}, Type:RATIS, Factor:THREE, State:ALLOCATED, leaderId:, CreationTimestamp2020-07-16T15:51:19.135Z]
2020-07-16 15:51:19,136 [RatisPipelineUtilsThread] ERROR pipeline.SCMPipelineManager (SCMPipelineManager.java:createPipeline(274)) - Failed to create pipeline of type RATIS and factor THREE. Exception: Pipeline creation failed because nodes are engaged in other pipelines and every node can only be engaged in max 2 pipelines. Required 3. Found 0
2020-07-16 15:51:19,244 [IPC Server handler 5 on default port 45461] INFO  net.NetworkTopology (NetworkTopologyImpl.java:add(111)) - Added a new node: /default-rack/8861f160-1711-47f6-a44a-97412e21c0d2
2020-07-16 15:51:19,245 [IPC Server handler 5 on default port 45461] INFO  node.SCMNodeManager (SCMNodeManager.java:register(273)) - Registered Data node : 8861f160-1711-47f6-a44a-97412e21c0d2{ip: 172.17.0.2, host: 2ac0d1d00fcd, networkLocation: /default-rack, certSerialId: null}
2020-07-16 15:51:19,245 [EventQueue-NodeRegistrationContainerReportForDataNodeSafeModeRule] INFO  safemode.SCMSafeModeManager (SCMSafeModeManager.java:validateSafeModeExitRules(214)) - DataNodeSafeModeRule rule is successfully validated
2020-07-16 15:51:19,245 [EventQueue-NodeRegistrationContainerReportForContainerSafeModeRule] INFO  safemode.SCMSafeModeManager (SCMSafeModeManager.java:validateSafeModeExitRules(214)) - ContainerSafeModeRule rule is successfully validated
2020-07-16 15:51:19,246 [RatisPipelineUtilsThread] INFO  pipeline.RatisPipelineProvider (RatisPipelineProvider.java:lambda$create$0(138)) - Sending CreatePipelineCommand for pipeline:PipelineID=3a758da9-07c7-40e9-9e55-4d9f69d57408 to datanode:8861f160-1711-47f6-a44a-97412e21c0d2
2020-07-16 15:51:19,246 [RatisPipelineUtilsThread] INFO  pipeline.PipelineStateManager (PipelineStateManager.java:addPipeline(54)) - Created pipeline Pipeline[ Id: 3a758da9-07c7-40e9-9e55-4d9f69d57408, Nodes: 8861f160-1711-47f6-a44a-97412e21c0d2{ip: 172.17.0.2, host: 2ac0d1d00fcd, networkLocation: /default-rack, certSerialId: null}, Type:RATIS, Factor:ONE, State:ALLOCATED, leaderId:, CreationTimestamp2020-07-16T15:51:19.246Z]
2020-07-16 15:51:19,246 [RatisPipelineUtilsThread] ERROR pipeline.SCMPipelineManager (SCMPipelineManager.java:createPipeline(274)) - Failed to create pipeline of type RATIS and factor ONE. Exception: Cannot create pipeline of factor 1 using 0 nodes. Used 4 nodes. Healthy nodes 4
2020-07-16 15:51:19,246 [RatisPipelineUtilsThread] ERROR pipeline.SCMPipelineManager (SCMPipelineManager.java:createPipeline(274)) - Failed to create pipeline of type RATIS and factor THREE. Exception: Pipeline creation failed because nodes are engaged in other pipelines and every node can only be engaged in max 2 pipelines. Required 3. Found 1
2020-07-16 15:51:19,359 [IPC Server handler 6 on default port 45461] INFO  net.NetworkTopology (NetworkTopologyImpl.java:add(111)) - Added a new node: /default-rack/54156d21-c882-42a4-932f-3be78151626f
2020-07-16 15:51:19,359 [IPC Server handler 6 on default port 45461] INFO  node.SCMNodeManager (SCMNodeManager.java:register(273)) - Registered Data node : 54156d21-c882-42a4-932f-3be78151626f{ip: 172.17.0.2, host: 2ac0d1d00fcd, networkLocation: /default-rack, certSerialId: null}
2020-07-16 15:51:19,360 [EventQueue-NodeRegistrationContainerReportForDataNodeSafeModeRule] INFO  safemode.SCMSafeModeManager (SCMSafeModeManager.java:validateSafeModeExitRules(214)) - DataNodeSafeModeRule rule is successfully validated
2020-07-16 15:51:19,360 [EventQueue-NodeRegistrationContainerReportForContainerSafeModeRule] INFO  safemode.SCMSafeModeManager (SCMSafeModeManager.java:validateSafeModeExitRules(214)) - ContainerSafeModeRule rule is successfully validated
2020-07-16 15:51:19,360 [RatisPipelineUtilsThread] INFO  pipeline.RatisPipelineProvider (RatisPipelineProvider.java:lambda$create$0(138)) - Sending CreatePipelineCommand for pipeline:PipelineID=66146f17-b184-45aa-82e0-6d62b9611539 to datanode:54156d21-c882-42a4-932f-3be78151626f
2020-07-16 15:51:19,361 [RatisPipelineUtilsThread] INFO  pipeline.PipelineStateManager (PipelineStateManager.java:addPipeline(54)) - Created pipeline Pipeline[ Id: 66146f17-b184-45aa-82e0-6d62b9611539, Nodes: 54156d21-c882-42a4-932f-3be78151626f{ip: 172.17.0.2, host: 2ac0d1d00fcd, networkLocation: /default-rack, certSerialId: null}, Type:RATIS, Factor:ONE, State:ALLOCATED, leaderId:, CreationTimestamp2020-07-16T15:51:19.360Z]
2020-07-16 15:51:19,361 [RatisPipelineUtilsThread] ERROR pipeline.SCMPipelineManager (SCMPipelineManager.java:createPipeline(274)) - Failed to create pipeline of type RATIS and factor ONE. Exception: Cannot create pipeline of factor 1 using 0 nodes. Used 5 nodes. Healthy nodes 5
2020-07-16 15:51:19,361 [RatisPipelineUtilsThread] ERROR pipeline.SCMPipelineManager (SCMPipelineManager.java:createPipeline(274)) - Failed to create pipeline of type RATIS and factor THREE. Exception: Pipeline creation failed because nodes are engaged in other pipelines and every node can only be engaged in max 2 pipelines. Required 3. Found 2
2020-07-16 15:51:19,469 [IPC Server handler 7 on default port 45461] INFO  net.NetworkTopology (NetworkTopologyImpl.java:add(111)) - Added a new node: /default-rack/000e9876-1564-40e7-be97-fe7a2cb99717
2020-07-16 15:51:19,469 [IPC Server handler 7 on default port 45461] INFO  node.SCMNodeManager (SCMNodeManager.java:register(273)) - Registered Data node : 000e9876-1564-40e7-be97-fe7a2cb99717{ip: 172.17.0.2, host: 2ac0d1d00fcd, networkLocation: /default-rack, certSerialId: null}
2020-07-16 15:51:19,469 [EventQueue-NodeRegistrationContainerReportForDataNodeSafeModeRule] INFO  safemode.SCMSafeModeManager (SCMSafeModeManager.java:validateSafeModeExitRules(214)) - DataNodeSafeModeRule rule is successfully validated
2020-07-16 15:51:19,469 [EventQueue-NodeRegistrationContainerReportForContainerSafeModeRule] INFO  safemode.SCMSafeModeManager (SCMSafeModeManager.java:validateSafeModeExitRules(214)) - ContainerSafeModeRule rule is successfully validated
2020-07-16 15:51:19,470 [RatisPipelineUtilsThread] INFO  pipeline.RatisPipelineProvider (RatisPipelineProvider.java:lambda$create$0(138)) - Sending CreatePipelineCommand for pipeline:PipelineID=4bb689cc-b6d4-4e11-aee2-28ed5d1e31ac to datanode:000e9876-1564-40e7-be97-fe7a2cb99717
2020-07-16 15:51:19,470 [RatisPipelineUtilsThread] INFO  pipeline.PipelineStateManager (PipelineStateManager.java:addPipeline(54)) - Created pipeline Pipeline[ Id: 4bb689cc-b6d4-4e11-aee2-28ed5d1e31ac, Nodes: 000e9876-1564-40e7-be97-fe7a2cb99717{ip: 172.17.0.2, host: 2ac0d1d00fcd, networkLocation: /default-rack, certSerialId: null}, Type:RATIS, Factor:ONE, State:ALLOCATED, leaderId:, CreationTimestamp2020-07-16T15:51:19.470Z]
2020-07-16 15:51:19,471 [RatisPipelineUtilsThread] ERROR pipeline.SCMPipelineManager (SCMPipelineManager.java:createPipeline(274)) - Failed to create pipeline of type RATIS and factor ONE. Exception: Cannot create pipeline of factor 1 using 0 nodes. Used 6 nodes. Healthy nodes 6
2020-07-16 15:51:19,471 [RatisPipelineUtilsThread] INFO  pipeline.RatisPipelineProvider (RatisPipelineProvider.java:lambda$create$0(138)) - Sending CreatePipelineCommand for pipeline:PipelineID=92c66d2b-0479-46c7-a436-2a196422d3a1 to datanode:54156d21-c882-42a4-932f-3be78151626f
2020-07-16 15:51:19,471 [RatisPipelineUtilsThread] INFO  pipeline.RatisPipelineProvider (RatisPipelineProvider.java:lambda$create$0(138)) - Sending CreatePipelineCommand for pipeline:PipelineID=92c66d2b-0479-46c7-a436-2a196422d3a1 to datanode:000e9876-1564-40e7-be97-fe7a2cb99717
2020-07-16 15:51:19,471 [RatisPipelineUtilsThread] INFO  pipeline.RatisPipelineProvider (RatisPipelineProvider.java:lambda$create$0(138)) - Sending CreatePipelineCommand for pipeline:PipelineID=92c66d2b-0479-46c7-a436-2a196422d3a1 to datanode:8861f160-1711-47f6-a44a-97412e21c0d2
2020-07-16 15:51:19,472 [RatisPipelineUtilsThread] INFO  pipeline.PipelineStateManager (PipelineStateManager.java:addPipeline(54)) - Created pipeline Pipeline[ Id: 92c66d2b-0479-46c7-a436-2a196422d3a1, Nodes: 54156d21-c882-42a4-932f-3be78151626f{ip: 172.17.0.2, host: 2ac0d1d00fcd, networkLocation: /default-rack, certSerialId: null}000e9876-1564-40e7-be97-fe7a2cb99717{ip: 172.17.0.2, host: 2ac0d1d00fcd, networkLocation: /default-rack, certSerialId: null}8861f160-1711-47f6-a44a-97412e21c0d2{ip: 172.17.0.2, host: 2ac0d1d00fcd, networkLocation: /default-rack, certSerialId: null}, Type:RATIS, Factor:THREE, State:ALLOCATED, leaderId:, CreationTimestamp2020-07-16T15:51:19.471Z]
2020-07-16 15:51:19,472 [RatisPipelineUtilsThread] ERROR pipeline.SCMPipelineManager (SCMPipelineManager.java:createPipeline(274)) - Failed to create pipeline of type RATIS and factor THREE. Exception: Pipeline creation failed because nodes are engaged in other pipelines and every node can only be engaged in max 2 pipelines. Required 3. Found 0
2020-07-16 15:51:19,588 [IPC Server handler 9 on default port 45461] INFO  net.NetworkTopology (NetworkTopologyImpl.java:add(111)) - Added a new node: /default-rack/a6d40ba8-5007-4ff3-951d-f8e344c09f1a
2020-07-16 15:51:19,588 [IPC Server handler 9 on default port 45461] INFO  node.SCMNodeManager (SCMNodeManager.java:register(273)) - Registered Data node : a6d40ba8-5007-4ff3-951d-f8e344c09f1a{ip: 172.17.0.2, host: 2ac0d1d00fcd, networkLocation: /default-rack, certSerialId: null}
2020-07-16 15:51:19,589 [RatisPipelineUtilsThread] INFO  pipeline.RatisPipelineProvider (RatisPipelineProvider.java:lambda$create$0(138)) - Sending CreatePipelineCommand for pipeline:PipelineID=0d163f20-84b3-4ead-b3ae-25346136161f to datanode:a6d40ba8-5007-4ff3-951d-f8e344c09f1a
2020-07-16 15:51:19,589 [EventQueue-NodeRegistrationContainerReportForDataNodeSafeModeRule] INFO  safemode.SCMSafeModeManager (SCMSafeModeManager.java:validateSafeModeExitRules(214)) - DataNodeSafeModeRule rule is successfully validated
2020-07-16 15:51:19,589 [EventQueue-NodeRegistrationContainerReportForContainerSafeModeRule] INFO  safemode.SCMSafeModeManager (SCMSafeModeManager.java:validateSafeModeExitRules(214)) - ContainerSafeModeRule rule is successfully validated
2020-07-16 15:51:19,589 [RatisPipelineUtilsThread] INFO  pipeline.PipelineStateManager (PipelineStateManager.java:addPipeline(54)) - Created pipeline Pipeline[ Id: 0d163f20-84b3-4ead-b3ae-25346136161f, Nodes: a6d40ba8-5007-4ff3-951d-f8e344c09f1a{ip: 172.17.0.2, host: 2ac0d1d00fcd, networkLocation: /default-rack, certSerialId: null}, Type:RATIS, Factor:ONE, State:ALLOCATED, leaderId:, CreationTimestamp2020-07-16T15:51:19.589Z]
2020-07-16 15:51:19,590 [RatisPipelineUtilsThread] ERROR pipeline.SCMPipelineManager (SCMPipelineManager.java:createPipeline(274)) - Failed to create pipeline of type RATIS and factor ONE. Exception: Cannot create pipeline of factor 1 using 0 nodes. Used 7 nodes. Healthy nodes 7
2020-07-16 15:51:19,590 [RatisPipelineUtilsThread] ERROR pipeline.SCMPipelineManager (SCMPipelineManager.java:createPipeline(274)) - Failed to create pipeline of type RATIS and factor THREE. Exception: Pipeline creation failed because nodes are engaged in other pipelines and every node can only be engaged in max 2 pipelines. Required 3. Found 1
2020-07-16 15:51:19,720 [IPC Server handler 1 on default port 45461] INFO  net.NetworkTopology (NetworkTopologyImpl.java:add(111)) - Added a new node: /default-rack/8c659ee4-8941-403a-a7d5-7771662eec54
2020-07-16 15:51:19,720 [IPC Server handler 1 on default port 45461] INFO  node.SCMNodeManager (SCMNodeManager.java:register(273)) - Registered Data node : 8c659ee4-8941-403a-a7d5-7771662eec54{ip: 172.17.0.2, host: 2ac0d1d00fcd, networkLocation: /default-rack, certSerialId: null}
2020-07-16 15:51:19,721 [EventQueue-NodeRegistrationContainerReportForDataNodeSafeModeRule] INFO  safemode.SCMSafeModeManager (SCMSafeModeManager.java:validateSafeModeExitRules(214)) - DataNodeSafeModeRule rule is successfully validated
2020-07-16 15:51:19,721 [EventQueue-NodeRegistrationContainerReportForContainerSafeModeRule] INFO  safemode.SCMSafeModeManager (SCMSafeModeManager.java:validateSafeModeExitRules(214)) - ContainerSafeModeRule rule is successfully validated
2020-07-16 15:51:19,721 [RatisPipelineUtilsThread] INFO  pipeline.RatisPipelineProvider (RatisPipelineProvider.java:lambda$create$0(138)) - Sending CreatePipelineCommand for pipeline:PipelineID=2738f610-6324-4853-8ce3-d00752b5dbf3 to datanode:8c659ee4-8941-403a-a7d5-7771662eec54
2020-07-16 15:51:19,722 [RatisPipelineUtilsThread] INFO  pipeline.PipelineStateManager (PipelineStateManager.java:addPipeline(54)) - Created pipeline Pipeline[ Id: 2738f610-6324-4853-8ce3-d00752b5dbf3, Nodes: 8c659ee4-8941-403a-a7d5-7771662eec54{ip: 172.17.0.2, host: 2ac0d1d00fcd, networkLocation: /default-rack, certSerialId: null}, Type:RATIS, Factor:ONE, State:ALLOCATED, leaderId:, CreationTimestamp2020-07-16T15:51:19.721Z]
2020-07-16 15:51:19,723 [RatisPipelineUtilsThread] ERROR pipeline.SCMPipelineManager (SCMPipelineManager.java:createPipeline(274)) - Failed to create pipeline of type RATIS and factor ONE. Exception: Cannot create pipeline of factor 1 using 0 nodes. Used 8 nodes. Healthy nodes 8
2020-07-16 15:51:19,723 [RatisPipelineUtilsThread] ERROR pipeline.SCMPipelineManager (SCMPipelineManager.java:createPipeline(274)) - Failed to create pipeline of type RATIS and factor THREE. Exception: Pipeline creation failed because nodes are engaged in other pipelines and every node can only be engaged in max 2 pipelines. Required 3. Found 2
2020-07-16 15:51:19,802 [Listener at 127.0.0.1/35779] INFO  ozone.MiniOzoneClusterImpl (MiniOzoneClusterImpl.java:lambda$waitForClusterToBeReady$0(177)) - Waiting for nodes to be ready. Got 8 of 9 DN Heartbeats.
2020-07-16 15:51:19,802 [Listener at 127.0.0.1/35779] INFO  ozone.MiniOzoneClusterImpl (MiniOzoneClusterImpl.java:lambda$waitForClusterToBeReady$0(180)) - Waiting for cluster to exit safe mode
2020-07-16 15:51:19,803 [IPC Server handler 2 on default port 45461] INFO  net.NetworkTopology (NetworkTopologyImpl.java:add(111)) - Added a new node: /default-rack/a4211f84-eb03-46d7-a47e-1243f17c8bc7
2020-07-16 15:51:19,803 [IPC Server handler 2 on default port 45461] INFO  node.SCMNodeManager (SCMNodeManager.java:register(273)) - Registered Data node : a4211f84-eb03-46d7-a47e-1243f17c8bc7{ip: 172.17.0.2, host: 2ac0d1d00fcd, networkLocation: /default-rack, certSerialId: null}
2020-07-16 15:51:19,804 [EventQueue-NodeRegistrationContainerReportForContainerSafeModeRule] INFO  safemode.SCMSafeModeManager (SCMSafeModeManager.java:validateSafeModeExitRules(214)) - ContainerSafeModeRule rule is successfully validated
2020-07-16 15:51:19,804 [EventQueue-NodeRegistrationContainerReportForDataNodeSafeModeRule] INFO  safemode.SCMSafeModeManager (SCMSafeModeManager.java:validateSafeModeExitRules(214)) - DataNodeSafeModeRule rule is successfully validated
2020-07-16 15:51:19,804 [RatisPipelineUtilsThread] INFO  pipeline.RatisPipelineProvider (RatisPipelineProvider.java:lambda$create$0(138)) - Sending CreatePipelineCommand for pipeline:PipelineID=7d889a9b-cc54-4cb8-8852-b78c77901b76 to datanode:a4211f84-eb03-46d7-a47e-1243f17c8bc7
2020-07-16 15:51:19,804 [RatisPipelineUtilsThread] INFO  pipeline.PipelineStateManager (PipelineStateManager.java:addPipeline(54)) - Created pipeline Pipeline[ Id: 7d889a9b-cc54-4cb8-8852-b78c77901b76, Nodes: a4211f84-eb03-46d7-a47e-1243f17c8bc7{ip: 172.17.0.2, host: 2ac0d1d00fcd, networkLocation: /default-rack, certSerialId: null}, Type:RATIS, Factor:ONE, State:ALLOCATED, leaderId:, CreationTimestamp2020-07-16T15:51:19.804Z]
2020-07-16 15:51:19,805 [RatisPipelineUtilsThread] ERROR pipeline.SCMPipelineManager (SCMPipelineManager.java:createPipeline(274)) - Failed to create pipeline of type RATIS and factor ONE. Exception: Cannot create pipeline of factor 1 using 0 nodes. Used 9 nodes. Healthy nodes 9
2020-07-16 15:51:19,805 [RatisPipelineUtilsThread] INFO  pipeline.RatisPipelineProvider (RatisPipelineProvider.java:lambda$create$0(138)) - Sending CreatePipelineCommand for pipeline:PipelineID=d5f718ce-ddf2-46ca-bb74-c17b40a851da to datanode:8c659ee4-8941-403a-a7d5-7771662eec54
2020-07-16 15:51:19,805 [RatisPipelineUtilsThread] INFO  pipeline.RatisPipelineProvider (RatisPipelineProvider.java:lambda$create$0(138)) - Sending CreatePipelineCommand for pipeline:PipelineID=d5f718ce-ddf2-46ca-bb74-c17b40a851da to datanode:a4211f84-eb03-46d7-a47e-1243f17c8bc7
2020-07-16 15:51:19,805 [RatisPipelineUtilsThread] INFO  pipeline.RatisPipelineProvider (RatisPipelineProvider.java:lambda$create$0(138)) - Sending CreatePipelineCommand for pipeline:PipelineID=d5f718ce-ddf2-46ca-bb74-c17b40a851da to datanode:a6d40ba8-5007-4ff3-951d-f8e344c09f1a
2020-07-16 15:51:19,806 [RatisPipelineUtilsThread] INFO  pipeline.PipelineStateManager (PipelineStateManager.java:addPipeline(54)) - Created pipeline Pipeline[ Id: d5f718ce-ddf2-46ca-bb74-c17b40a851da, Nodes: 8c659ee4-8941-403a-a7d5-7771662eec54{ip: 172.17.0.2, host: 2ac0d1d00fcd, networkLocation: /default-rack, certSerialId: null}a4211f84-eb03-46d7-a47e-1243f17c8bc7{ip: 172.17.0.2, host: 2ac0d1d00fcd, networkLocation: /default-rack, certSerialId: null}a6d40ba8-5007-4ff3-951d-f8e344c09f1a{ip: 172.17.0.2, host: 2ac0d1d00fcd, networkLocation: /default-rack, certSerialId: null}, Type:RATIS, Factor:THREE, State:ALLOCATED, leaderId:, CreationTimestamp2020-07-16T15:51:19.805Z]
2020-07-16 15:51:19,806 [RatisPipelineUtilsThread] ERROR pipeline.SCMPipelineManager (SCMPipelineManager.java:createPipeline(274)) - Failed to create pipeline of type RATIS and factor THREE. Exception: Pipeline creation failed because nodes are engaged in other pipelines and every node can only be engaged in max 2 pipelines. Required 3. Found 0
2020-07-16 15:51:20,803 [Listener at 127.0.0.1/35779] INFO  ozone.MiniOzoneClusterImpl (MiniOzoneClusterImpl.java:lambda$waitForClusterToBeReady$0(177)) - Nodes are ready. Got 9 of 9 DN Heartbeats.
2020-07-16 15:51:20,804 [Listener at 127.0.0.1/35779] INFO  ozone.MiniOzoneClusterImpl (MiniOzoneClusterImpl.java:lambda$waitForClusterToBeReady$0(180)) - Waiting for cluster to exit safe mode
2020-07-16 15:51:21,805 [Listener at 127.0.0.1/35779] INFO  ozone.MiniOzoneClusterImpl (MiniOzoneClusterImpl.java:lambda$waitForClusterToBeReady$0(177)) - Nodes are ready. Got 9 of 9 DN Heartbeats.
2020-07-16 15:51:21,806 [Listener at 127.0.0.1/35779] INFO  ozone.MiniOzoneClusterImpl (MiniOzoneClusterImpl.java:lambda$waitForClusterToBeReady$0(180)) - Waiting for cluster to exit safe mode
2020-07-16 15:51:21,893 [Command processor thread] INFO  impl.RaftServerProxy (RaftServerProxy.java:addNew(89)) - e4e99700-16e7-4e9e-86ca-c902d8203535: addNew group-533E3E7D5CED:[e4e99700-16e7-4e9e-86ca-c902d8203535:172.17.0.2:36525] returns group-533E3E7D5CED:java.util.concurrent.CompletableFuture@346f9643[Not completed]
2020-07-16 15:51:21,894 [pool-347-thread-1] INFO  impl.RaftServerImpl (RaftServerImpl.java:<init>(99)) - e4e99700-16e7-4e9e-86ca-c902d8203535: new RaftServerImpl for group-533E3E7D5CED:[e4e99700-16e7-4e9e-86ca-c902d8203535:172.17.0.2:36525] with ContainerStateMachine:uninitialized
2020-07-16 15:51:21,894 [pool-347-thread-1] INFO  server.RaftServerConfigKeys (ConfUtils.java:logGet(44)) - raft.server.rpc.timeout.min = 5s (custom)
2020-07-16 15:51:21,895 [pool-347-thread-1] INFO  server.RaftServerConfigKeys (ConfUtils.java:logGet(44)) - raft.server.rpc.timeout.max = 5200ms (custom)
2020-07-16 15:51:21,895 [pool-347-thread-1] INFO  server.RaftServerConfigKeys (ConfUtils.java:logGet(44)) - raft.server.rpcslowness.timeout = 300000ms (custom)
2020-07-16 15:51:21,895 [pool-347-thread-1] INFO  server.RaftServerConfigKeys (ConfUtils.java:logGet(44)) - raft.server.sleep.deviation.threshold = 300 (default)
2020-07-16 15:51:21,895 [pool-347-thread-1] INFO  server.RaftServerConfigKeys (ConfUtils.java:logGet(44)) - raft.server.log.appender.install.snapshot.enabled = false (custom)
2020-07-16 15:51:21,895 [pool-347-thread-1] INFO  impl.RaftServerImpl (ServerState.java:<init>(103)) - e4e99700-16e7-4e9e-86ca-c902d8203535@group-533E3E7D5CED: ConfigurationManager, init=-1: [e4e99700-16e7-4e9e-86ca-c902d8203535:172.17.0.2:36525], old=null, confs=<EMPTY_MAP>
2020-07-16 15:51:21,895 [pool-347-thread-1] INFO  server.RaftServerConfigKeys (ConfUtils.java:logGet(44)) - raft.server.storage.dir = [/github/workspace/mnt/ozone/hadoop-ozone/integration-test/target/test-dir/MiniOzoneClusterImpl-45392ef6-f0d5-4168-b900-afad7710253d/datanode-0/data/ratis] (custom)
2020-07-16 15:51:21,895 [pool-347-thread-1] INFO  server.RaftServerConfigKeys (ConfUtils.java:logGet(44)) - raft.server.log.corruption.policy = EXCEPTION (default)
2020-07-16 15:51:21,895 [pool-347-thread-1] INFO  storage.RaftStorageDirectory (RaftStorageDirectory.java:analyzeStorage(261)) - The storage directory /github/workspace/mnt/ozone/hadoop-ozone/integration-test/target/test-dir/MiniOzoneClusterImpl-45392ef6-f0d5-4168-b900-afad7710253d/datanode-0/data/ratis/3ff2ba18-d073-4c82-8e25-533e3e7d5ced does not exist. Creating ...
2020-07-16 15:51:21,897 [pool-347-thread-1] INFO  storage.RaftStorageDirectory (RaftStorageDirectory.java:tryLock(343)) - Lock on /github/workspace/mnt/ozone/hadoop-ozone/integration-test/target/test-dir/MiniOzoneClusterImpl-45392ef6-f0d5-4168-b900-afad7710253d/datanode-0/data/ratis/3ff2ba18-d073-4c82-8e25-533e3e7d5ced/in_use.lock acquired by nodename 13156@2ac0d1d00fcd
2020-07-16 15:51:21,899 [pool-347-thread-1] INFO  storage.RaftStorage (RaftStorage.java:format(84)) - Storage directory /github/workspace/mnt/ozone/hadoop-ozone/integration-test/target/test-dir/MiniOzoneClusterImpl-45392ef6-f0d5-4168-b900-afad7710253d/datanode-0/data/ratis/3ff2ba18-d073-4c82-8e25-533e3e7d5ced has been successfully formatted.
2020-07-16 15:51:21,900 [pool-347-thread-1] INFO  ratis.ContainerStateMachine (ContainerStateMachine.java:loadSnapshot(225)) - group-533E3E7D5CED: The snapshot info is null. Setting the last applied indexto:(t:0, i:~)
2020-07-16 15:51:21,900 [pool-347-thread-1] INFO  server.RaftServerConfigKeys (ConfUtils.java:logGet(44)) - raft.server.notification.no-leader.timeout = 60s (default)
2020-07-16 15:51:21,900 [pool-347-thread-1] INFO  server.RaftServerConfigKeys (ConfUtils.java:logGet(44)) - raft.server.log.use.memory = false (default)
2020-07-16 15:51:21,900 [pool-347-thread-1] INFO  server.RaftServerConfigKeys (ConfUtils.java:logGet(44)) - raft.server.log.purge.gap = 1000000 (custom)
2020-07-16 15:51:21,900 [pool-347-thread-1] INFO  server.RaftServerConfigKeys (ConfUtils.java:logGet(44)) - raft.server.log.appender.buffer.byte-limit = 33554432 (custom)
2020-07-16 15:51:21,900 [pool-347-thread-1] INFO  server.RaftServerConfigKeys (ConfUtils.java:logGet(44)) - raft.server.log.segment.size.max = 1048576 (custom)
2020-07-16 15:51:21,901 [pool-347-thread-1] INFO  metrics.RatisMetrics (RatisMetrics.java:lambda$create$0(36)) - Creating Metrics Registry : ratis.log_worker.e4e99700-16e7-4e9e-86ca-c902d8203535@group-533E3E7D5CED
2020-07-16 15:51:21,901 [EventQueue-PipelineReportForPipelineReportHandler] INFO  pipeline.PipelineStateManager (PipelineStateManager.java:openPipeline(131)) - Pipeline Pipeline[ Id: 3ff2ba18-d073-4c82-8e25-533e3e7d5ced, Nodes: e4e99700-16e7-4e9e-86ca-c902d8203535{ip: 172.17.0.2, host: 2ac0d1d00fcd, networkLocation: /default-rack, certSerialId: null}, Type:RATIS, Factor:ONE, State:ALLOCATED, leaderId:e4e99700-16e7-4e9e-86ca-c902d8203535, CreationTimestamp2020-07-16T15:51:18.904Z] moved to OPEN state
2020-07-16 15:51:21,901 [pool-347-thread-1] INFO  server.RaftServerConfigKeys (ConfUtils.java:logGet(44)) - raft.server.log.segment.cache.num.max = 2 (custom)
2020-07-16 15:51:21,901 [pool-347-thread-1] INFO  segmented.SegmentedRaftLogWorker (SegmentedRaftLogWorker.java:<init>(180)) - new e4e99700-16e7-4e9e-86ca-c902d8203535@group-533E3E7D5CED-SegmentedRaftLogWorker for RaftStorage:Storage Directory /github/workspace/mnt/ozone/hadoop-ozone/integration-test/target/test-dir/MiniOzoneClusterImpl-45392ef6-f0d5-4168-b900-afad7710253d/datanode-0/data/ratis/3ff2ba18-d073-4c82-8e25-533e3e7d5ced
2020-07-16 15:51:21,901 [pool-347-thread-1] INFO  server.RaftServerConfigKeys (ConfUtils.java:logGet(44)) - raft.server.log.queue.byte-limit = 2147483647 (custom)
2020-07-16 15:51:21,902 [pool-347-thread-1] INFO  server.RaftServerConfigKeys (ConfUtils.java:logGet(44)) - raft.server.log.queue.element-limit = 1024 (custom)
2020-07-16 15:51:21,902 [pool-347-thread-1] INFO  server.RaftServerConfigKeys (ConfUtils.java:logGet(44)) - raft.server.log.segment.size.max = 1048576 (custom)
2020-07-16 15:51:21,902 [pool-347-thread-1] INFO  server.RaftServerConfigKeys (ConfUtils.java:logGet(44)) - raft.server.log.preallocated.size = 16384 (custom)
2020-07-16 15:51:21,902 [pool-347-thread-1] INFO  server.RaftServerConfigKeys (ConfUtils.java:logGet(44)) - raft.server.log.write.buffer.size = 1048576 (custom)
2020-07-16 15:51:21,902 [pool-347-thread-1] INFO  server.RaftServerConfigKeys (ConfUtils.java:logGet(44)) - raft.server.log.force.sync.num = 128 (default)
2020-07-16 15:51:21,902 [pool-347-thread-1] INFO  server.RaftServerConfigKeys (ConfUtils.java:logGet(44)) - raft.server.log.statemachine.data.sync = true (default)
2020-07-16 15:51:21,902 [pool-347-thread-1] INFO  server.RaftServerConfigKeys (ConfUtils.java:logGet(44)) - raft.server.log.statemachine.data.sync.timeout = 10s (default)
2020-07-16 15:51:21,902 [pool-347-thread-1] INFO  server.RaftServerConfigKeys (ConfUtils.java:logGet(44)) - raft.server.log.statemachine.data.sync.timeout.retry = -1 (default)
2020-07-16 15:51:21,902 [EventQueue-OpenPipelineForHealthyPipelineSafeModeRule] INFO  safemode.SCMSafeModeManager (HealthyPipelineSafeModeRule.java:process(129)) - SCM in safe mode. Healthy pipelines reported count is 0, required healthy pipeline reported count is 1
2020-07-16 15:51:21,904 [pool-347-thread-1] INFO  server.RaftServerConfigKeys (ConfUtils.java:logGet(44)) - raft.server.log.statemachine.data.caching.enabled = true (custom)
2020-07-16 15:51:21,904 [pool-347-thread-1] INFO  segmented.SegmentedRaftLogWorker (SegmentedRaftLogWorker.java:lambda$new$0(129)) - e4e99700-16e7-4e9e-86ca-c902d8203535@group-533E3E7D5CED-SegmentedRaftLogWorker: flushIndex: setUnconditionally 0 -> -1
2020-07-16 15:51:21,905 [pool-347-thread-1] INFO  segmented.SegmentedRaftLogWorker (SegmentedRaftLogWorker.java:lambda$new$0(129)) - e4e99700-16e7-4e9e-86ca-c902d8203535@group-533E3E7D5CED-SegmentedRaftLogWorker: safeCacheEvictIndex: setUnconditionally 0 -> -1
2020-07-16 15:51:21,905 [EventQueue-OpenPipelineForOneReplicaPipelineSafeModeRule] INFO  safemode.SCMSafeModeManager (SCMSafeModeManager.java:validateSafeModeExitRules(214)) - AtleastOneDatanodeReportedRule rule is successfully validated
2020-07-16 15:51:21,905 [pool-347-thread-1] INFO  server.RaftServerConfigKeys (ConfUtils.java:logGet(44)) - raft.server.snapshot.auto.trigger.enabled = true (custom)
2020-07-16 15:51:21,905 [pool-347-thread-1] INFO  server.RaftServerConfigKeys (ConfUtils.java:logGet(44)) - raft.server.snapshot.auto.trigger.threshold = 10000 (custom)
2020-07-16 15:51:21,905 [pool-347-thread-1] INFO  server.RaftServerConfigKeys (ConfUtils.java:logGet(44)) - raft.server.snapshot.retention.file.num = 5 (custom)
2020-07-16 15:51:21,905 [pool-347-thread-1] INFO  server.RaftServerConfigKeys (ConfUtils.java:logGet(44)) - raft.server.log.purge.upto.snapshot.index = false (default)
2020-07-16 15:51:21,905 [pool-347-thread-1] INFO  server.RaftServerConfigKeys (ConfUtils.java:logGet(44)) - raft.server.retrycache.expirytime = 600000ms (custom)
2020-07-16 15:51:21,905 [pool-347-thread-1] INFO  metrics.RatisMetrics (RatisMetrics.java:lambda$create$0(36)) - Creating Metrics Registry : ratis.leader_election.e4e99700-16e7-4e9e-86ca-c902d8203535@group-533E3E7D5CED
2020-07-16 15:51:21,906 [pool-347-thread-1] INFO  metrics.RatisMetrics (RatisMetrics.java:lambda$create$0(36)) - Creating Metrics Registry : ratis.server.e4e99700-16e7-4e9e-86ca-c902d8203535@group-533E3E7D5CED
2020-07-16 15:51:21,907 [pool-347-thread-1] INFO  impl.RaftServerImpl (RaftServerImpl.java:start(186)) - e4e99700-16e7-4e9e-86ca-c902d8203535@group-533E3E7D5CED: start as a follower, conf=-1: [e4e99700-16e7-4e9e-86ca-c902d8203535:172.17.0.2:36525], old=null
2020-07-16 15:51:21,907 [pool-347-thread-1] INFO  impl.RaftServerImpl (RaftServerImpl.java:setRole(175)) - e4e99700-16e7-4e9e-86ca-c902d8203535@group-533E3E7D5CED: changes role from      null to FOLLOWER at term 0 for startAsFollower
2020-07-16 15:51:21,907 [pool-347-thread-1] INFO  impl.RoleInfo (RoleInfo.java:updateAndGet(143)) - e4e99700-16e7-4e9e-86ca-c902d8203535: start FollowerState
2020-07-16 15:51:21,907 [pool-347-thread-1] INFO  util.JmxRegister (JmxRegister.java:tryRegister(44)) - Successfully registered JMX Bean with object name Ratis:service=RaftServer,group=group-533E3E7D5CED,id=e4e99700-16e7-4e9e-86ca-c902d8203535
2020-07-16 15:51:21,907 [pool-347-thread-1] INFO  metrics.RatisMetrics (RatisMetrics.java:lambda$create$0(36)) - Creating Metrics Registry : ratis.state_machine.e4e99700-16e7-4e9e-86ca-c902d8203535@group-533E3E7D5CED
2020-07-16 15:51:21,908 [Command processor thread] INFO  commandhandler.CreatePipelineCommandHandler (CreatePipelineCommandHandler.java:handle(109)) - Created Pipeline RATIS ONE #id: "3ff2ba18-d073-4c82-8e25-533e3e7d5ced"
uuid128 {
  mostSigBits: 4607949984492637314
  leastSigBits: -8204059619384009491
}
.
2020-07-16 15:51:21,908 [Command processor thread] INFO  impl.RaftServerProxy (RaftServerProxy.java:addNew(89)) - e4e99700-16e7-4e9e-86ca-c902d8203535: addNew group-1759C869F8E5:[72350810-11e7-4c4d-b66f-b995d4606524:172.17.0.2:38865, e4e99700-16e7-4e9e-86ca-c902d8203535:172.17.0.2:36525, 1d5bf7e4-8d96-4310-9f32-ec9edaa2380c:172.17.0.2:39143] returns group-1759C869F8E5:java.util.concurrent.CompletableFuture@30500416[Not completed]
2020-07-16 15:51:21,909 [pool-347-thread-1] INFO  impl.RaftServerImpl (RaftServerImpl.java:<init>(99)) - e4e99700-16e7-4e9e-86ca-c902d8203535: new RaftServerImpl for group-1759C869F8E5:[72350810-11e7-4c4d-b66f-b995d4606524:172.17.0.2:38865, e4e99700-16e7-4e9e-86ca-c902d8203535:172.17.0.2:36525, 1d5bf7e4-8d96-4310-9f32-ec9edaa2380c:172.17.0.2:39143] with ContainerStateMachine:uninitialized
2020-07-16 15:51:21,909 [pool-347-thread-1] INFO  server.RaftServerConfigKeys (ConfUtils.java:logGet(44)) - raft.server.rpc.timeout.min = 5s (custom)
2020-07-16 15:51:21,909 [pool-347-thread-1] INFO  server.RaftServerConfigKeys (ConfUtils.java:logGet(44)) - raft.server.rpc.timeout.max = 5200ms (custom)
2020-07-16 15:51:21,909 [pool-347-thread-1] INFO  server.RaftServerConfigKeys (ConfUtils.java:logGet(44)) - raft.server.rpcslowness.timeout = 300000ms (custom)
2020-07-16 15:51:21,909 [pool-347-thread-1] INFO  server.RaftServerConfigKeys (ConfUtils.java:logGet(44)) - raft.server.sleep.deviation.threshold = 300 (default)
2020-07-16 15:51:21,909 [pool-347-thread-1] INFO  server.RaftServerConfigKeys (ConfUtils.java:logGet(44)) - raft.server.log.appender.install.snapshot.enabled = false (custom)
2020-07-16 15:51:21,909 [pool-347-thread-1] INFO  impl.RaftServerImpl (ServerState.java:<init>(103)) - e4e99700-16e7-4e9e-86ca-c902d8203535@group-1759C869F8E5: ConfigurationManager, init=-1: [72350810-11e7-4c4d-b66f-b995d4606524:172.17.0.2:38865, e4e99700-16e7-4e9e-86ca-c902d8203535:172.17.0.2:36525, 1d5bf7e4-8d96-4310-9f32-ec9edaa2380c:172.17.0.2:39143], old=null, confs=<EMPTY_MAP>
2020-07-16 15:51:21,909 [pool-347-thread-1] INFO  server.RaftServerConfigKeys (ConfUtils.java:logGet(44)) - raft.server.storage.dir = [/github/workspace/mnt/ozone/hadoop-ozone/integration-test/target/test-dir/MiniOzoneClusterImpl-45392ef6-f0d5-4168-b900-afad7710253d/datanode-0/data/ratis] (custom)
2020-07-16 15:51:21,910 [pool-347-thread-1] INFO  server.RaftServerConfigKeys (ConfUtils.java:logGet(44)) - raft.server.log.corruption.policy = EXCEPTION (default)
2020-07-16 15:51:21,910 [pool-347-thread-1] INFO  storage.RaftStorageDirectory (RaftStorageDirectory.java:analyzeStorage(261)) - The storage directory /github/workspace/mnt/ozone/hadoop-ozone/integration-test/target/test-dir/MiniOzoneClusterImpl-45392ef6-f0d5-4168-b900-afad7710253d/datanode-0/data/ratis/81537660-65b0-49ca-bd55-1759c869f8e5 does not exist. Creating ...
2020-07-16 15:51:21,911 [pool-347-thread-1] INFO  storage.RaftStorageDirectory (RaftStorageDirectory.java:tryLock(343)) - Lock on /github/workspace/mnt/ozone/hadoop-ozone/integration-test/target/test-dir/MiniOzoneClusterImpl-45392ef6-f0d5-4168-b900-afad7710253d/datanode-0/data/ratis/81537660-65b0-49ca-bd55-1759c869f8e5/in_use.lock acquired by nodename 13156@2ac0d1d00fcd
2020-07-16 15:51:21,912 [pool-347-thread-1] INFO  storage.RaftStorage (RaftStorage.java:format(84)) - Storage directory /github/workspace/mnt/ozone/hadoop-ozone/integration-test/target/test-dir/MiniOzoneClusterImpl-45392ef6-f0d5-4168-b900-afad7710253d/datanode-0/data/ratis/81537660-65b0-49ca-bd55-1759c869f8e5 has been successfully formatted.
2020-07-16 15:51:21,912 [pool-347-thread-1] INFO  ratis.ContainerStateMachine (ContainerStateMachine.java:loadSnapshot(225)) - group-1759C869F8E5: The snapshot info is null. Setting the last applied indexto:(t:0, i:~)
2020-07-16 15:51:21,912 [pool-347-thread-1] INFO  server.RaftServerConfigKeys (ConfUtils.java:logGet(44)) - raft.server.notification.no-leader.timeout = 60s (default)
2020-07-16 15:51:21,912 [pool-347-thread-1] INFO  server.RaftServerConfigKeys (ConfUtils.java:logGet(44)) - raft.server.log.use.memory = false (default)
2020-07-16 15:51:21,913 [pool-347-thread-1] INFO  server.RaftServerConfigKeys (ConfUtils.java:logGet(44)) - raft.server.log.purge.gap = 1000000 (custom)
2020-07-16 15:51:21,913 [pool-347-thread-1] INFO  server.RaftServerConfigKeys (ConfUtils.java:logGet(44)) - raft.server.log.appender.buffer.byte-limit = 33554432 (custom)
2020-07-16 15:51:21,913 [pool-347-thread-1] INFO  server.RaftServerConfigKeys (ConfUtils.java:logGet(44)) - raft.server.log.segment.size.max = 1048576 (custom)
2020-07-16 15:51:21,913 [pool-347-thread-1] INFO  metrics.RatisMetrics (RatisMetrics.java:lambda$create$0(36)) - Creating Metrics Registry : ratis.log_worker.e4e99700-16e7-4e9e-86ca-c902d8203535@group-1759C869F8E5
2020-07-16 15:51:21,913 [pool-347-thread-1] INFO  server.RaftServerConfigKeys (ConfUtils.java:logGet(44)) - raft.server.log.segment.cache.num.max = 2 (custom)
2020-07-16 15:51:21,913 [pool-347-thread-1] INFO  segmented.SegmentedRaftLogWorker (SegmentedRaftLogWorker.java:<init>(180)) - new e4e99700-16e7-4e9e-86ca-c902d8203535@group-1759C869F8E5-SegmentedRaftLogWorker for RaftStorage:Storage Directory /github/workspace/mnt/ozone/hadoop-ozone/integration-test/target/test-dir/MiniOzoneClusterImpl-45392ef6-f0d5-4168-b900-afad7710253d/datanode-0/data/ratis/81537660-65b0-49ca-bd55-1759c869f8e5
2020-07-16 15:51:21,913 [pool-347-thread-1] INFO  server.RaftServerConfigKeys (ConfUtils.java:logGet(44)) - raft.server.log.queue.byte-limit = 2147483647 (custom)
2020-07-16 15:51:21,913 [pool-347-thread-1] INFO  server.RaftServerConfigKeys (ConfUtils.java:logGet(44)) - raft.server.log.queue.element-limit = 1024 (custom)
2020-07-16 15:51:21,914 [pool-347-thread-1] INFO  server.RaftServerConfigKeys (ConfUtils.java:logGet(44)) - raft.server.log.segment.size.max = 1048576 (custom)
2020-07-16 15:51:21,914 [pool-347-thread-1] INFO  server.RaftServerConfigKeys (ConfUtils.java:logGet(44)) - raft.server.log.preallocated.size = 16384 (custom)
2020-07-16 15:51:21,914 [pool-347-thread-1] INFO  server.RaftServerConfigKeys (ConfUtils.java:logGet(44)) - raft.server.log.write.buffer.size = 1048576 (custom)
2020-07-16 15:51:21,914 [pool-347-thread-1] INFO  server.RaftServerConfigKeys (ConfUtils.java:logGet(44)) - raft.server.log.force.sync.num = 128 (default)
2020-07-16 15:51:21,914 [pool-347-thread-1] INFO  server.RaftServerConfigKeys (ConfUtils.java:logGet(44)) - raft.server.log.statemachine.data.sync = true (default)
2020-07-16 15:51:21,914 [pool-347-thread-1] INFO  server.RaftServerConfigKeys (ConfUtils.java:logGet(44)) - raft.server.log.statemachine.data.sync.timeout = 10s (default)
2020-07-16 15:51:21,914 [pool-347-thread-1] INFO  server.RaftServerConfigKeys (ConfUtils.java:logGet(44)) - raft.server.log.statemachine.data.sync.timeout.retry = -1 (default)
2020-07-16 15:51:21,916 [pool-347-thread-1] INFO  server.RaftServerConfigKeys (ConfUtils.java:logGet(44)) - raft.server.log.statemachine.data.caching.enabled = true (custom)
2020-07-16 15:51:21,916 [pool-347-thread-1] INFO  segmented.SegmentedRaftLogWorker (SegmentedRaftLogWorker.java:lambda$new$0(129)) - e4e99700-16e7-4e9e-86ca-c902d8203535@group-1759C869F8E5-SegmentedRaftLogWorker: flushIndex: setUnconditionally 0 -> -1
2020-07-16 15:51:21,916 [pool-347-thread-1] INFO  segmented.SegmentedRaftLogWorker (SegmentedRaftLogWorker.java:lambda$new$0(129)) - e4e99700-16e7-4e9e-86ca-c902d8203535@group-1759C869F8E5-SegmentedRaftLogWorker: safeCacheEvictIndex: setUnconditionally 0 -> -1
2020-07-16 15:51:21,916 [pool-347-thread-1] INFO  server.RaftServerConfigKeys (ConfUtils.java:logGet(44)) - raft.server.snapshot.auto.trigger.enabled = true (custom)
2020-07-16 15:51:21,916 [pool-347-thread-1] INFO  server.RaftServerConfigKeys (ConfUtils.java:logGet(44)) - raft.server.snapshot.auto.trigger.threshold = 10000 (custom)
2020-07-16 15:51:21,916 [pool-347-thread-1] INFO  server.RaftServerConfigKeys (ConfUtils.java:logGet(44)) - raft.server.snapshot.retention.file.num = 5 (custom)
2020-07-16 15:51:21,916 [pool-347-thread-1] INFO  server.RaftServerConfigKeys (ConfUtils.java:logGet(44)) - raft.server.log.purge.upto.snapshot.index = false (default)
2020-07-16 15:51:21,916 [pool-347-thread-1] INFO  server.RaftServerConfigKeys (ConfUtils.java:logGet(44)) - raft.server.retrycache.expirytime = 600000ms (custom)
2020-07-16 15:51:21,917 [pool-347-thread-1] INFO  metrics.RatisMetrics (RatisMetrics.java:lambda$create$0(36)) - Creating Metrics Registry : ratis.leader_election.e4e99700-16e7-4e9e-86ca-c902d8203535@group-1759C869F8E5
2020-07-16 15:51:21,917 [pool-347-thread-1] INFO  metrics.RatisMetrics (RatisMetrics.java:lambda$create$0(36)) - Creating Metrics Registry : ratis.server.e4e99700-16e7-4e9e-86ca-c902d8203535@group-1759C869F8E5
2020-07-16 15:51:21,918 [pool-347-thread-1] INFO  impl.RaftServerImpl (RaftServerImpl.java:start(186)) - e4e99700-16e7-4e9e-86ca-c902d8203535@group-1759C869F8E5: start as a follower, conf=-1: [72350810-11e7-4c4d-b66f-b995d4606524:172.17.0.2:38865, e4e99700-16e7-4e9e-86ca-c902d8203535:172.17.0.2:36525, 1d5bf7e4-8d96-4310-9f32-ec9edaa2380c:172.17.0.2:39143], old=null
2020-07-16 15:51:21,918 [pool-347-thread-1] INFO  impl.RaftServerImpl (RaftServerImpl.java:setRole(175)) - e4e99700-16e7-4e9e-86ca-c902d8203535@group-1759C869F8E5: changes role from      null to FOLLOWER at term 0 for startAsFollower
2020-07-16 15:51:21,918 [pool-347-thread-1] INFO  impl.RoleInfo (RoleInfo.java:updateAndGet(143)) - e4e99700-16e7-4e9e-86ca-c902d8203535: start FollowerState
2020-07-16 15:51:21,918 [pool-347-thread-1] INFO  util.JmxRegister (JmxRegister.java:tryRegister(44)) - Successfully registered JMX Bean with object name Ratis:service=RaftServer,group=group-1759C869F8E5,id=e4e99700-16e7-4e9e-86ca-c902d8203535
2020-07-16 15:51:21,918 [pool-347-thread-1] INFO  metrics.RatisMetrics (RatisMetrics.java:lambda$create$0(36)) - Creating Metrics Registry : ratis.state_machine.e4e99700-16e7-4e9e-86ca-c902d8203535@group-1759C869F8E5
2020-07-16 15:51:21,939 [grpc-default-executor-7] INFO  impl.RaftServerProxy (RaftServerProxy.java:addNew(89)) - 72350810-11e7-4c4d-b66f-b995d4606524: addNew group-1759C869F8E5:[72350810-11e7-4c4d-b66f-b995d4606524:172.17.0.2:38865, e4e99700-16e7-4e9e-86ca-c902d8203535:172.17.0.2:36525, 1d5bf7e4-8d96-4310-9f32-ec9edaa2380c:172.17.0.2:39143] returns group-1759C869F8E5:java.util.concurrent.CompletableFuture@4af13b74[Not completed]
2020-07-16 15:51:21,942 [pool-377-thread-1] INFO  impl.RaftServerImpl (RaftServerImpl.java:<init>(99)) - 72350810-11e7-4c4d-b66f-b995d4606524: new RaftServerImpl for group-1759C869F8E5:[72350810-11e7-4c4d-b66f-b995d4606524:172.17.0.2:38865, e4e99700-16e7-4e9e-86ca-c902d8203535:172.17.0.2:36525, 1d5bf7e4-8d96-4310-9f32-ec9edaa2380c:172.17.0.2:39143] with ContainerStateMachine:uninitialized
2020-07-16 15:51:21,942 [pool-377-thread-1] INFO  server.RaftServerConfigKeys (ConfUtils.java:logGet(44)) - raft.server.rpc.timeout.min = 5s (custom)
2020-07-16 15:51:21,943 [pool-377-thread-1] INFO  server.RaftServerConfigKeys (ConfUtils.java:logGet(44)) - raft.server.rpc.timeout.max = 5200ms (custom)
2020-07-16 15:51:21,943 [pool-377-thread-1] INFO  server.RaftServerConfigKeys (ConfUtils.java:logGet(44)) - raft.server.rpcslowness.timeout = 300000ms (custom)
2020-07-16 15:51:21,943 [pool-377-thread-1] INFO  server.RaftServerConfigKeys (ConfUtils.java:logGet(44)) - raft.server.sleep.deviation.threshold = 300 (default)
2020-07-16 15:51:21,943 [pool-377-thread-1] INFO  server.RaftServerConfigKeys (ConfUtils.java:logGet(44)) - raft.server.log.appender.install.snapshot.enabled = false (custom)
2020-07-16 15:51:21,943 [pool-377-thread-1] INFO  impl.RaftServerImpl (ServerState.java:<init>(103)) - 72350810-11e7-4c4d-b66f-b995d4606524@group-1759C869F8E5: ConfigurationManager, init=-1: [72350810-11e7-4c4d-b66f-b995d4606524:172.17.0.2:38865, e4e99700-16e7-4e9e-86ca-c902d8203535:172.17.0.2:36525, 1d5bf7e4-8d96-4310-9f32-ec9edaa2380c:172.17.0.2:39143], old=null, confs=<EMPTY_MAP>
2020-07-16 15:51:21,943 [pool-377-thread-1] INFO  server.RaftServerConfigKeys (ConfUtils.java:logGet(44)) - raft.server.storage.dir = [/github/workspace/mnt/ozone/hadoop-ozone/integration-test/target/test-dir/MiniOzoneClusterImpl-45392ef6-f0d5-4168-b900-afad7710253d/datanode-2/data/ratis] (custom)
2020-07-16 15:51:21,943 [pool-377-thread-1] INFO  server.RaftServerConfigKeys (ConfUtils.java:logGet(44)) - raft.server.log.corruption.policy = EXCEPTION (default)
2020-07-16 15:51:21,943 [pool-377-thread-1] INFO  storage.RaftStorageDirectory (RaftStorageDirectory.java:analyzeStorage(261)) - The storage directory /github/workspace/mnt/ozone/hadoop-ozone/integration-test/target/test-dir/MiniOzoneClusterImpl-45392ef6-f0d5-4168-b900-afad7710253d/datanode-2/data/ratis/81537660-65b0-49ca-bd55-1759c869f8e5 does not exist. Creating ...
2020-07-16 15:51:21,944 [pool-377-thread-1] INFO  storage.RaftStorageDirectory (RaftStorageDirectory.java:tryLock(343)) - Lock on /github/workspace/mnt/ozone/hadoop-ozone/integration-test/target/test-dir/MiniOzoneClusterImpl-45392ef6-f0d5-4168-b900-afad7710253d/datanode-2/data/ratis/81537660-65b0-49ca-bd55-1759c869f8e5/in_use.lock acquired by nodename 13156@2ac0d1d00fcd
2020-07-16 15:51:21,945 [pool-377-thread-1] INFO  storage.RaftStorage (RaftStorage.java:format(84)) - Storage directory /github/workspace/mnt/ozone/hadoop-ozone/integration-test/target/test-dir/MiniOzoneClusterImpl-45392ef6-f0d5-4168-b900-afad7710253d/datanode-2/data/ratis/81537660-65b0-49ca-bd55-1759c869f8e5 has been successfully formatted.
2020-07-16 15:51:21,946 [pool-377-thread-1] INFO  ratis.ContainerStateMachine (ContainerStateMachine.java:loadSnapshot(225)) - group-1759C869F8E5: The snapshot info is null. Setting the last applied indexto:(t:0, i:~)
2020-07-16 15:51:21,946 [pool-377-thread-1] INFO  server.RaftServerConfigKeys (ConfUtils.java:logGet(44)) - raft.server.notification.no-leader.timeout = 60s (default)
2020-07-16 15:51:21,946 [pool-377-thread-1] INFO  server.RaftServerConfigKeys (ConfUtils.java:logGet(44)) - raft.server.log.use.memory = false (default)
2020-07-16 15:51:21,947 [pool-377-thread-1] INFO  server.RaftServerConfigKeys (ConfUtils.java:logGet(44)) - raft.server.log.purge.gap = 1000000 (custom)
2020-07-16 15:51:21,947 [pool-377-thread-1] INFO  server.RaftServerConfigKeys (ConfUtils.java:logGet(44)) - raft.server.log.appender.buffer.byte-limit = 33554432 (custom)
2020-07-16 15:51:21,947 [pool-377-thread-1] INFO  server.RaftServerConfigKeys (ConfUtils.java:logGet(44)) - raft.server.log.segment.size.max = 1048576 (custom)
2020-07-16 15:51:21,947 [pool-377-thread-1] INFO  metrics.RatisMetrics (RatisMetrics.java:lambda$create$0(36)) - Creating Metrics Registry : ratis.log_worker.72350810-11e7-4c4d-b66f-b995d4606524@group-1759C869F8E5
2020-07-16 15:51:21,947 [pool-377-thread-1] INFO  server.RaftServerConfigKeys (ConfUtils.java:logGet(44)) - raft.server.log.segment.cache.num.max = 2 (custom)
2020-07-16 15:51:21,947 [pool-377-thread-1] INFO  segmented.SegmentedRaftLogWorker (SegmentedRaftLogWorker.java:<init>(180)) - new 72350810-11e7-4c4d-b66f-b995d4606524@group-1759C869F8E5-SegmentedRaftLogWorker for RaftStorage:Storage Directory /github/workspace/mnt/ozone/hadoop-ozone/integration-test/target/test-dir/MiniOzoneClusterImpl-45392ef6-f0d5-4168-b900-afad7710253d/datanode-2/data/ratis/81537660-65b0-49ca-bd55-1759c869f8e5
2020-07-16 15:51:21,947 [pool-377-thread-1] INFO  server.RaftServerConfigKeys (ConfUtils.java:logGet(44)) - raft.server.log.queue.byte-limit = 2147483647 (custom)
2020-07-16 15:51:21,948 [pool-377-thread-1] INFO  server.RaftServerConfigKeys (ConfUtils.java:logGet(44)) - raft.server.log.queue.element-limit = 1024 (custom)
2020-07-16 15:51:21,948 [pool-377-thread-1] INFO  server.RaftServerConfigKeys (ConfUtils.java:logGet(44)) - raft.server.log.segment.size.max = 1048576 (custom)
2020-07-16 15:51:21,948 [pool-377-thread-1] INFO  server.RaftServerConfigKeys (ConfUtils.java:logGet(44)) - raft.server.log.preallocated.size = 16384 (custom)
2020-07-16 15:51:21,948 [pool-377-thread-1] INFO  server.RaftServerConfigKeys (ConfUtils.java:logGet(44)) - raft.server.log.write.buffer.size = 1048576 (custom)
2020-07-16 15:51:21,948 [pool-377-thread-1] INFO  server.RaftServerConfigKeys (ConfUtils.java:logGet(44)) - raft.server.log.force.sync.num = 128 (default)
2020-07-16 15:51:21,948 [pool-377-thread-1] INFO  server.RaftServerConfigKeys (ConfUtils.java:logGet(44)) - raft.server.log.statemachine.data.sync = true (default)
2020-07-16 15:51:21,948 [pool-377-thread-1] INFO  server.RaftServerConfigKeys (ConfUtils.java:logGet(44)) - raft.server.log.statemachine.data.sync.timeout = 10s (default)
2020-07-16 15:51:21,948 [pool-377-thread-1] INFO  server.RaftServerConfigKeys (ConfUtils.java:logGet(44)) - raft.server.log.statemachine.data.sync.timeout.retry = -1 (default)
2020-07-16 15:51:21,949 [pool-377-thread-1] INFO  server.RaftServerConfigKeys (ConfUtils.java:logGet(44)) - raft.server.log.statemachine.data.caching.enabled = true (custom)
2020-07-16 15:51:21,950 [pool-377-thread-1] INFO  segmented.SegmentedRaftLogWorker (SegmentedRaftLogWorker.java:lambda$new$0(129)) - 72350810-11e7-4c4d-b66f-b995d4606524@group-1759C869F8E5-SegmentedRaftLogWorker: flushIndex: setUnconditionally 0 -> -1
2020-07-16 15:51:21,952 [pool-377-thread-1] INFO  segmented.SegmentedRaftLogWorker (SegmentedRaftLogWorker.java:lambda$new$0(129)) - 72350810-11e7-4c4d-b66f-b995d4606524@group-1759C869F8E5-SegmentedRaftLogWorker: safeCacheEvictIndex: setUnconditionally 0 -> -1
2020-07-16 15:51:21,953 [pool-377-thread-1] INFO  server.RaftServerConfigKeys (ConfUtils.java:logGet(44)) - raft.server.snapshot.auto.trigger.enabled = true (custom)
2020-07-16 15:51:21,953 [pool-377-thread-1] INFO  server.RaftServerConfigKeys (ConfUtils.java:logGet(44)) - raft.server.snapshot.auto.trigger.threshold = 10000 (custom)
2020-07-16 15:51:21,953 [pool-377-thread-1] INFO  server.RaftServerConfigKeys (ConfUtils.java:logGet(44)) - raft.server.snapshot.retention.file.num = 5 (custom)
2020-07-16 15:51:21,953 [pool-377-thread-1] INFO  server.RaftServerConfigKeys (ConfUtils.java:logGet(44)) - raft.server.log.purge.upto.snapshot.index = false (default)
2020-07-16 15:51:21,953 [pool-377-thread-1] INFO  server.RaftServerConfigKeys (ConfUtils.java:logGet(44)) - raft.server.retrycache.expirytime = 600000ms (custom)
2020-07-16 15:51:21,954 [pool-377-thread-1] INFO  metrics.RatisMetrics (RatisMetrics.java:lambda$create$0(36)) - Creating Metrics Registry : ratis.leader_election.72350810-11e7-4c4d-b66f-b995d4606524@group-1759C869F8E5
2020-07-16 15:51:21,954 [pool-377-thread-1] INFO  metrics.RatisMetrics (RatisMetrics.java:lambda$create$0(36)) - Creating Metrics Registry : ratis.server.72350810-11e7-4c4d-b66f-b995d4606524@group-1759C869F8E5
2020-07-16 15:51:21,955 [pool-377-thread-1] INFO  impl.RaftServerImpl (RaftServerImpl.java:start(186)) - 72350810-11e7-4c4d-b66f-b995d4606524@group-1759C869F8E5: start as a follower, conf=-1: [72350810-11e7-4c4d-b66f-b995d4606524:172.17.0.2:38865, e4e99700-16e7-4e9e-86ca-c902d8203535:172.17.0.2:36525, 1d5bf7e4-8d96-4310-9f32-ec9edaa2380c:172.17.0.2:39143], old=null
2020-07-16 15:51:21,958 [pool-377-thread-1] INFO  impl.RaftServerImpl (RaftServerImpl.java:setRole(175)) - 72350810-11e7-4c4d-b66f-b995d4606524@group-1759C869F8E5: changes role from      null to FOLLOWER at term 0 for startAsFollower
2020-07-16 15:51:21,958 [pool-377-thread-1] INFO  impl.RoleInfo (RoleInfo.java:updateAndGet(143)) - 72350810-11e7-4c4d-b66f-b995d4606524: start FollowerState
2020-07-16 15:51:21,959 [pool-377-thread-1] INFO  util.JmxRegister (JmxRegister.java:tryRegister(44)) - Successfully registered JMX Bean with object name Ratis:service=RaftServer,group=group-1759C869F8E5,id=72350810-11e7-4c4d-b66f-b995d4606524
2020-07-16 15:51:21,959 [pool-377-thread-1] INFO  metrics.RatisMetrics (RatisMetrics.java:lambda$create$0(36)) - Creating Metrics Registry : ratis.state_machine.72350810-11e7-4c4d-b66f-b995d4606524@group-1759C869F8E5
2020-07-16 15:51:21,974 [grpc-default-executor-7] INFO  impl.RaftServerProxy (RaftServerProxy.java:addNew(89)) - 1d5bf7e4-8d96-4310-9f32-ec9edaa2380c: addNew group-1759C869F8E5:[72350810-11e7-4c4d-b66f-b995d4606524:172.17.0.2:38865, e4e99700-16e7-4e9e-86ca-c902d8203535:172.17.0.2:36525, 1d5bf7e4-8d96-4310-9f32-ec9edaa2380c:172.17.0.2:39143] returns group-1759C869F8E5:java.util.concurrent.CompletableFuture@52d2201a[Not completed]
2020-07-16 15:51:21,975 [pool-362-thread-1] INFO  impl.RaftServerImpl (RaftServerImpl.java:<init>(99)) - 1d5bf7e4-8d96-4310-9f32-ec9edaa2380c: new RaftServerImpl for group-1759C869F8E5:[72350810-11e7-4c4d-b66f-b995d4606524:172.17.0.2:38865, e4e99700-16e7-4e9e-86ca-c902d8203535:172.17.0.2:36525, 1d5bf7e4-8d96-4310-9f32-ec9edaa2380c:172.17.0.2:39143] with ContainerStateMachine:uninitialized
2020-07-16 15:51:21,975 [pool-362-thread-1] INFO  server.RaftServerConfigKeys (ConfUtils.java:logGet(44)) - raft.server.rpc.timeout.min = 5s (custom)
2020-07-16 15:51:21,975 [pool-362-thread-1] INFO  server.RaftServerConfigKeys (ConfUtils.java:logGet(44)) - raft.server.rpc.timeout.max = 5200ms (custom)
2020-07-16 15:51:21,975 [pool-362-thread-1] INFO  server.RaftServerConfigKeys (ConfUtils.java:logGet(44)) - raft.server.rpcslowness.timeout = 300000ms (custom)
2020-07-16 15:51:21,975 [pool-362-thread-1] INFO  server.RaftServerConfigKeys (ConfUtils.java:logGet(44)) - raft.server.sleep.deviation.threshold = 300 (default)
2020-07-16 15:51:21,976 [pool-362-thread-1] INFO  server.RaftServerConfigKeys (ConfUtils.java:logGet(44)) - raft.server.log.appender.install.snapshot.enabled = false (custom)
2020-07-16 15:51:21,976 [pool-362-thread-1] INFO  impl.RaftServerImpl (ServerState.java:<init>(103)) - 1d5bf7e4-8d96-4310-9f32-ec9edaa2380c@group-1759C869F8E5: ConfigurationManager, init=-1: [72350810-11e7-4c4d-b66f-b995d4606524:172.17.0.2:38865, e4e99700-16e7-4e9e-86ca-c902d8203535:172.17.0.2:36525, 1d5bf7e4-8d96-4310-9f32-ec9edaa2380c:172.17.0.2:39143], old=null, confs=<EMPTY_MAP>
2020-07-16 15:51:21,976 [pool-362-thread-1] INFO  server.RaftServerConfigKeys (ConfUtils.java:logGet(44)) - raft.server.storage.dir = [/github/workspace/mnt/ozone/hadoop-ozone/integration-test/target/test-dir/MiniOzoneClusterImpl-45392ef6-f0d5-4168-b900-afad7710253d/datanode-1/data/ratis] (custom)
2020-07-16 15:51:21,976 [pool-362-thread-1] INFO  server.RaftServerConfigKeys (ConfUtils.java:logGet(44)) - raft.server.log.corruption.policy = EXCEPTION (default)
2020-07-16 15:51:21,976 [pool-362-thread-1] INFO  storage.RaftStorageDirectory (RaftStorageDirectory.java:analyzeStorage(261)) - The storage directory /github/workspace/mnt/ozone/hadoop-ozone/integration-test/target/test-dir/MiniOzoneClusterImpl-45392ef6-f0d5-4168-b900-afad7710253d/datanode-1/data/ratis/81537660-65b0-49ca-bd55-1759c869f8e5 does not exist. Creating ...
2020-07-16 15:51:21,977 [pool-362-thread-1] INFO  storage.RaftStorageDirectory (RaftStorageDirectory.java:tryLock(343)) - Lock on /github/workspace/mnt/ozone/hadoop-ozone/integration-test/target/test-dir/MiniOzoneClusterImpl-45392ef6-f0d5-4168-b900-afad7710253d/datanode-1/data/ratis/81537660-65b0-49ca-bd55-1759c869f8e5/in_use.lock acquired by nodename 13156@2ac0d1d00fcd
2020-07-16 15:51:21,978 [pool-362-thread-1] INFO  storage.RaftStorage (RaftStorage.java:format(84)) - Storage directory /github/workspace/mnt/ozone/hadoop-ozone/integration-test/target/test-dir/MiniOzoneClusterImpl-45392ef6-f0d5-4168-b900-afad7710253d/datanode-1/data/ratis/81537660-65b0-49ca-bd55-1759c869f8e5 has been successfully formatted.
2020-07-16 15:51:21,983 [pool-362-thread-1] INFO  ratis.ContainerStateMachine (ContainerStateMachine.java:loadSnapshot(225)) - group-1759C869F8E5: The snapshot info is null. Setting the last applied indexto:(t:0, i:~)
2020-07-16 15:51:21,984 [pool-362-thread-1] INFO  server.RaftServerConfigKeys (ConfUtils.java:logGet(44)) - raft.server.notification.no-leader.timeout = 60s (default)
2020-07-16 15:51:21,984 [pool-362-thread-1] INFO  server.RaftServerConfigKeys (ConfUtils.java:logGet(44)) - raft.server.log.use.memory = false (default)
2020-07-16 15:51:21,984 [pool-362-thread-1] INFO  server.RaftServerConfigKeys (ConfUtils.java:logGet(44)) - raft.server.log.purge.gap = 1000000 (custom)
2020-07-16 15:51:21,984 [pool-362-thread-1] INFO  server.RaftServerConfigKeys (ConfUtils.java:logGet(44)) - raft.server.log.appender.buffer.byte-limit = 33554432 (custom)
2020-07-16 15:51:21,984 [pool-362-thread-1] INFO  server.RaftServerConfigKeys (ConfUtils.java:logGet(44)) - raft.server.log.segment.size.max = 1048576 (custom)
2020-07-16 15:51:21,984 [pool-362-thread-1] INFO  metrics.RatisMetrics (RatisMetrics.java:lambda$create$0(36)) - Creating Metrics Registry : ratis.log_worker.1d5bf7e4-8d96-4310-9f32-ec9edaa2380c@group-1759C869F8E5
2020-07-16 15:51:21,984 [pool-362-thread-1] INFO  server.RaftServerConfigKeys (ConfUtils.java:logGet(44)) - raft.server.log.segment.cache.num.max = 2 (custom)
2020-07-16 15:51:21,984 [pool-362-thread-1] INFO  segmented.SegmentedRaftLogWorker (SegmentedRaftLogWorker.java:<init>(180)) - new 1d5bf7e4-8d96-4310-9f32-ec9edaa2380c@group-1759C869F8E5-SegmentedRaftLogWorker for RaftStorage:Storage Directory /github/workspace/mnt/ozone/hadoop-ozone/integration-test/target/test-dir/MiniOzoneClusterImpl-45392ef6-f0d5-4168-b900-afad7710253d/datanode-1/data/ratis/81537660-65b0-49ca-bd55-1759c869f8e5
2020-07-16 15:51:21,984 [pool-362-thread-1] INFO  server.RaftServerConfigKeys (ConfUtils.java:logGet(44)) - raft.server.log.queue.byte-limit = 2147483647 (custom)
2020-07-16 15:51:21,984 [pool-362-thread-1] INFO  server.RaftServerConfigKeys (ConfUtils.java:logGet(44)) - raft.server.log.queue.element-limit = 1024 (custom)
2020-07-16 15:51:21,984 [pool-362-thread-1] INFO  server.RaftServerConfigKeys (ConfUtils.java:logGet(44)) - raft.server.log.segment.size.max = 1048576 (custom)
2020-07-16 15:51:21,984 [pool-362-thread-1] INFO  server.RaftServerConfigKeys (ConfUtils.java:logGet(44)) - raft.server.log.preallocated.size = 16384 (custom)
2020-07-16 15:51:21,985 [pool-362-thread-1] INFO  server.RaftServerConfigKeys (ConfUtils.java:logGet(44)) - raft.server.log.write.buffer.size = 1048576 (custom)
2020-07-16 15:51:21,986 [pool-362-thread-1] INFO  server.RaftServerConfigKeys (ConfUtils.java:logGet(44)) - raft.server.log.force.sync.num = 128 (default)
2020-07-16 15:51:21,986 [pool-362-thread-1] INFO  server.RaftServerConfigKeys (ConfUtils.java:logGet(44)) - raft.server.log.statemachine.data.sync = true (default)
2020-07-16 15:51:21,986 [pool-362-thread-1] INFO  server.RaftServerConfigKeys (ConfUtils.java:logGet(44)) - raft.server.log.statemachine.data.sync.timeout = 10s (default)
2020-07-16 15:51:21,986 [pool-362-thread-1] INFO  server.RaftServerConfigKeys (ConfUtils.java:logGet(44)) - raft.server.log.statemachine.data.sync.timeout.retry = -1 (default)
2020-07-16 15:51:21,988 [pool-362-thread-1] INFO  server.RaftServerConfigKeys (ConfUtils.java:logGet(44)) - raft.server.log.statemachine.data.caching.enabled = true (custom)
2020-07-16 15:51:21,988 [pool-362-thread-1] INFO  segmented.SegmentedRaftLogWorker (SegmentedRaftLogWorker.java:lambda$new$0(129)) - 1d5bf7e4-8d96-4310-9f32-ec9edaa2380c@group-1759C869F8E5-SegmentedRaftLogWorker: flushIndex: setUnconditionally 0 -> -1
2020-07-16 15:51:21,988 [pool-362-thread-1] INFO  segmented.SegmentedRaftLogWorker (SegmentedRaftLogWorker.java:lambda$new$0(129)) - 1d5bf7e4-8d96-4310-9f32-ec9edaa2380c@group-1759C869F8E5-SegmentedRaftLogWorker: safeCacheEvictIndex: setUnconditionally 0 -> -1
2020-07-16 15:51:21,988 [pool-362-thread-1] INFO  server.RaftServerConfigKeys (ConfUtils.java:logGet(44)) - raft.server.snapshot.auto.trigger.enabled = true (custom)
2020-07-16 15:51:21,988 [pool-362-thread-1] INFO  server.RaftServerConfigKeys (ConfUtils.java:logGet(44)) - raft.server.snapshot.auto.trigger.threshold = 10000 (custom)
2020-07-16 15:51:21,988 [pool-362-thread-1] INFO  server.RaftServerConfigKeys (ConfUtils.java:logGet(44)) - raft.server.snapshot.retention.file.num = 5 (custom)
2020-07-16 15:51:21,989 [pool-362-thread-1] INFO  server.RaftServerConfigKeys (ConfUtils.java:logGet(44)) - raft.server.log.purge.upto.snapshot.index = false (default)
2020-07-16 15:51:21,989 [pool-362-thread-1] INFO  server.RaftServerConfigKeys (ConfUtils.java:logGet(44)) - raft.server.retrycache.expirytime = 600000ms (custom)
2020-07-16 15:51:21,989 [pool-362-thread-1] INFO  metrics.RatisMetrics (RatisMetrics.java:lambda$create$0(36)) - Creating Metrics Registry : ratis.leader_election.1d5bf7e4-8d96-4310-9f32-ec9edaa2380c@group-1759C869F8E5
2020-07-16 15:51:21,989 [pool-362-thread-1] INFO  metrics.RatisMetrics (RatisMetrics.java:lambda$create$0(36)) - Creating Metrics Registry : ratis.server.1d5bf7e4-8d96-4310-9f32-ec9edaa2380c@group-1759C869F8E5
2020-07-16 15:51:21,990 [pool-362-thread-1] INFO  impl.RaftServerImpl (RaftServerImpl.java:start(186)) - 1d5bf7e4-8d96-4310-9f32-ec9edaa2380c@group-1759C869F8E5: start as a follower, conf=-1: [72350810-11e7-4c4d-b66f-b995d4606524:172.17.0.2:38865, e4e99700-16e7-4e9e-86ca-c902d8203535:172.17.0.2:36525, 1d5bf7e4-8d96-4310-9f32-ec9edaa2380c:172.17.0.2:39143], old=null
2020-07-16 15:51:21,990 [pool-362-thread-1] INFO  impl.RaftServerImpl (RaftServerImpl.java:setRole(175)) - 1d5bf7e4-8d96-4310-9f32-ec9edaa2380c@group-1759C869F8E5: changes role from      null to FOLLOWER at term 0 for startAsFollower
2020-07-16 15:51:21,990 [pool-362-thread-1] INFO  impl.RoleInfo (RoleInfo.java:updateAndGet(143)) - 1d5bf7e4-8d96-4310-9f32-ec9edaa2380c: start FollowerState
2020-07-16 15:51:21,991 [pool-362-thread-1] INFO  util.JmxRegister (JmxRegister.java:tryRegister(44)) - Successfully registered JMX Bean with object name Ratis:service=RaftServer,group=group-1759C869F8E5,id=1d5bf7e4-8d96-4310-9f32-ec9edaa2380c
2020-07-16 15:51:21,991 [pool-362-thread-1] INFO  metrics.RatisMetrics (RatisMetrics.java:lambda$create$0(36)) - Creating Metrics Registry : ratis.state_machine.1d5bf7e4-8d96-4310-9f32-ec9edaa2380c@group-1759C869F8E5
2020-07-16 15:51:21,994 [Command processor thread] INFO  commandhandler.CreatePipelineCommandHandler (CreatePipelineCommandHandler.java:handle(109)) - Created Pipeline RATIS THREE #id: "81537660-65b0-49ca-bd55-1759c869f8e5"
uuid128 {
  mostSigBits: -9127821863354873398
  leastSigBits: -4803907753138849563
}
.
2020-07-16 15:51:22,009 [Command processor thread] INFO  impl.RaftServerProxy (RaftServerProxy.java:addNew(89)) - 1d5bf7e4-8d96-4310-9f32-ec9edaa2380c: addNew group-B6BBBEA15AAF:[1d5bf7e4-8d96-4310-9f32-ec9edaa2380c:172.17.0.2:39143] returns group-B6BBBEA15AAF:java.util.concurrent.CompletableFuture@65f84aef[Not completed]
2020-07-16 15:51:22,010 [pool-362-thread-1] INFO  impl.RaftServerImpl (RaftServerImpl.java:<init>(99)) - 1d5bf7e4-8d96-4310-9f32-ec9edaa2380c: new RaftServerImpl for group-B6BBBEA15AAF:[1d5bf7e4-8d96-4310-9f32-ec9edaa2380c:172.17.0.2:39143] with ContainerStateMachine:uninitialized
2020-07-16 15:51:22,010 [pool-362-thread-1] INFO  server.RaftServerConfigKeys (ConfUtils.java:logGet(44)) - raft.server.rpc.timeout.min = 5s (custom)
2020-07-16 15:51:22,010 [pool-362-thread-1] INFO  server.RaftServerConfigKeys (ConfUtils.java:logGet(44)) - raft.server.rpc.timeout.max = 5200ms (custom)
2020-07-16 15:51:22,010 [pool-362-thread-1] INFO  server.RaftServerConfigKeys (ConfUtils.java:logGet(44)) - raft.server.rpcslowness.timeout = 300000ms (custom)
2020-07-16 15:51:22,010 [pool-362-thread-1] INFO  server.RaftServerConfigKeys (ConfUtils.java:logGet(44)) - raft.server.sleep.deviation.threshold = 300 (default)
2020-07-16 15:51:22,010 [pool-362-thread-1] INFO  server.RaftServerConfigKeys (ConfUtils.java:logGet(44)) - raft.server.log.appender.install.snapshot.enabled = false (custom)
2020-07-16 15:51:22,010 [pool-362-thread-1] INFO  impl.RaftServerImpl (ServerState.java:<init>(103)) - 1d5bf7e4-8d96-4310-9f32-ec9edaa2380c@group-B6BBBEA15AAF: ConfigurationManager, init=-1: [1d5bf7e4-8d96-4310-9f32-ec9edaa2380c:172.17.0.2:39143], old=null, confs=<EMPTY_MAP>
2020-07-16 15:51:22,010 [pool-362-thread-1] INFO  server.RaftServerConfigKeys (ConfUtils.java:logGet(44)) - raft.server.storage.dir = [/github/workspace/mnt/ozone/hadoop-ozone/integration-test/target/test-dir/MiniOzoneClusterImpl-45392ef6-f0d5-4168-b900-afad7710253d/datanode-1/data/ratis] (custom)
2020-07-16 15:51:22,010 [pool-362-thread-1] INFO  server.RaftServerConfigKeys (ConfUtils.java:logGet(44)) - raft.server.log.corruption.policy = EXCEPTION (default)
2020-07-16 15:51:22,010 [pool-362-thread-1] INFO  storage.RaftStorageDirectory (RaftStorageDirectory.java:analyzeStorage(261)) - The storage directory /github/workspace/mnt/ozone/hadoop-ozone/integration-test/target/test-dir/MiniOzoneClusterImpl-45392ef6-f0d5-4168-b900-afad7710253d/datanode-1/data/ratis/3a12e4d9-0945-4c30-a575-b6bbbea15aaf does not exist. Creating ...
2020-07-16 15:51:22,011 [pool-362-thread-1] INFO  storage.RaftStorageDirectory (RaftStorageDirectory.java:tryLock(343)) - Lock on /github/workspace/mnt/ozone/hadoop-ozone/integration-test/target/test-dir/MiniOzoneClusterImpl-45392ef6-f0d5-4168-b900-afad7710253d/datanode-1/data/ratis/3a12e4d9-0945-4c30-a575-b6bbbea15aaf/in_use.lock acquired by nodename 13156@2ac0d1d00fcd
2020-07-16 15:51:22,012 [pool-362-thread-1] INFO  storage.RaftStorage (RaftStorage.java:format(84)) - Storage directory /github/workspace/mnt/ozone/hadoop-ozone/integration-test/target/test-dir/MiniOzoneClusterImpl-45392ef6-f0d5-4168-b900-afad7710253d/datanode-1/data/ratis/3a12e4d9-0945-4c30-a575-b6bbbea15aaf has been successfully formatted.
2020-07-16 15:51:22,012 [pool-362-thread-1] INFO  ratis.ContainerStateMachine (ContainerStateMachine.java:loadSnapshot(225)) - group-B6BBBEA15AAF: The snapshot info is null. Setting the last applied indexto:(t:0, i:~)
2020-07-16 15:51:22,013 [pool-362-thread-1] INFO  server.RaftServerConfigKeys (ConfUtils.java:logGet(44)) - raft.server.notification.no-leader.timeout = 60s (default)
2020-07-16 15:51:22,013 [pool-362-thread-1] INFO  server.RaftServerConfigKeys (ConfUtils.java:logGet(44)) - raft.server.log.use.memory = false (default)
2020-07-16 15:51:22,013 [pool-362-thread-1] INFO  server.RaftServerConfigKeys (ConfUtils.java:logGet(44)) - raft.server.log.purge.gap = 1000000 (custom)
2020-07-16 15:51:22,013 [pool-362-thread-1] INFO  server.RaftServerConfigKeys (ConfUtils.java:logGet(44)) - raft.server.log.appender.buffer.byte-limit = 33554432 (custom)
2020-07-16 15:51:22,013 [pool-362-thread-1] INFO  server.RaftServerConfigKeys (ConfUtils.java:logGet(44)) - raft.server.log.segment.size.max = 1048576 (custom)
2020-07-16 15:51:22,013 [pool-362-thread-1] INFO  metrics.RatisMetrics (RatisMetrics.java:lambda$create$0(36)) - Creating Metrics Registry : ratis.log_worker.1d5bf7e4-8d96-4310-9f32-ec9edaa2380c@group-B6BBBEA15AAF
2020-07-16 15:51:22,013 [EventQueue-PipelineReportForPipelineReportHandler] INFO  pipeline.PipelineStateManager (PipelineStateManager.java:openPipeline(131)) - Pipeline Pipeline[ Id: 3a12e4d9-0945-4c30-a575-b6bbbea15aaf, Nodes: 1d5bf7e4-8d96-4310-9f32-ec9edaa2380c{ip: 172.17.0.2, host: 2ac0d1d00fcd, networkLocation: /default-rack, certSerialId: null}, Type:RATIS, Factor:ONE, State:ALLOCATED, leaderId:1d5bf7e4-8d96-4310-9f32-ec9edaa2380c, CreationTimestamp2020-07-16T15:51:19.010Z] moved to OPEN state
2020-07-16 15:51:22,013 [EventQueue-OpenPipelineForHealthyPipelineSafeModeRule] INFO  safemode.SCMSafeModeManager (HealthyPipelineSafeModeRule.java:process(129)) - SCM in safe mode. Healthy pipelines reported count is 0, required healthy pipeline reported count is 1
2020-07-16 15:51:22,013 [pool-362-thread-1] INFO  server.RaftServerConfigKeys (ConfUtils.java:logGet(44)) - raft.server.log.segment.cache.num.max = 2 (custom)
2020-07-16 15:51:22,014 [pool-362-thread-1] INFO  segmented.SegmentedRaftLogWorker (SegmentedRaftLogWorker.java:<init>(180)) - new 1d5bf7e4-8d96-4310-9f32-ec9edaa2380c@group-B6BBBEA15AAF-SegmentedRaftLogWorker for RaftStorage:Storage Directory /github/workspace/mnt/ozone/hadoop-ozone/integration-test/target/test-dir/MiniOzoneClusterImpl-45392ef6-f0d5-4168-b900-afad7710253d/datanode-1/data/ratis/3a12e4d9-0945-4c30-a575-b6bbbea15aaf
2020-07-16 15:51:22,014 [pool-362-thread-1] INFO  server.RaftServerConfigKeys (ConfUtils.java:logGet(44)) - raft.server.log.queue.byte-limit = 2147483647 (custom)
2020-07-16 15:51:22,014 [pool-362-thread-1] INFO  server.RaftServerConfigKeys (ConfUtils.java:logGet(44)) - raft.server.log.queue.element-limit = 1024 (custom)
2020-07-16 15:51:22,014 [pool-362-thread-1] INFO  server.RaftServerConfigKeys (ConfUtils.java:logGet(44)) - raft.server.log.segment.size.max = 1048576 (custom)
2020-07-16 15:51:22,014 [EventQueue-OpenPipelineForOneReplicaPipelineSafeModeRule] INFO  safemode.SCMSafeModeManager (SCMSafeModeManager.java:validateSafeModeExitRules(214)) - AtleastOneDatanodeReportedRule rule is successfully validated
2020-07-16 15:51:22,014 [pool-362-thread-1] INFO  server.RaftServerConfigKeys (ConfUtils.java:logGet(44)) - raft.server.log.preallocated.size = 16384 (custom)
2020-07-16 15:51:22,014 [pool-362-thread-1] INFO  server.RaftServerConfigKeys (ConfUtils.java:logGet(44)) - raft.server.log.write.buffer.size = 1048576 (custom)
2020-07-16 15:51:22,014 [pool-362-thread-1] INFO  server.RaftServerConfigKeys (ConfUtils.java:logGet(44)) - raft.server.log.force.sync.num = 128 (default)
2020-07-16 15:51:22,014 [pool-362-thread-1] INFO  server.RaftServerConfigKeys (ConfUtils.java:logGet(44)) - raft.server.log.statemachine.data.sync = true (default)
2020-07-16 15:51:22,014 [pool-362-thread-1] INFO  server.RaftServerConfigKeys (ConfUtils.java:logGet(44)) - raft.server.log.statemachine.data.sync.timeout = 10s (default)
2020-07-16 15:51:22,014 [pool-362-thread-1] INFO  server.RaftServerConfigKeys (ConfUtils.java:logGet(44)) - raft.server.log.statemachine.data.sync.timeout.retry = -1 (default)
2020-07-16 15:51:22,016 [pool-362-thread-1] INFO  server.RaftServerConfigKeys (ConfUtils.java:logGet(44)) - raft.server.log.statemachine.data.caching.enabled = true (custom)
2020-07-16 15:51:22,016 [pool-362-thread-1] INFO  segmented.SegmentedRaftLogWorker (SegmentedRaftLogWorker.java:lambda$new$0(129)) - 1d5bf7e4-8d96-4310-9f32-ec9edaa2380c@group-B6BBBEA15AAF-SegmentedRaftLogWorker: flushIndex: setUnconditionally 0 -> -1
2020-07-16 15:51:22,016 [pool-362-thread-1] INFO  segmented.SegmentedRaftLogWorker (SegmentedRaftLogWorker.java:lambda$new$0(129)) - 1d5bf7e4-8d96-4310-9f32-ec9edaa2380c@group-B6BBBEA15AAF-SegmentedRaftLogWorker: safeCacheEvictIndex: setUnconditionally 0 -> -1
2020-07-16 15:51:22,016 [pool-362-thread-1] INFO  server.RaftServerConfigKeys (ConfUtils.java:logGet(44)) - raft.server.snapshot.auto.trigger.enabled = true (custom)
2020-07-16 15:51:22,016 [pool-362-thread-1] INFO  server.RaftServerConfigKeys (ConfUtils.java:logGet(44)) - raft.server.snapshot.auto.trigger.threshold = 10000 (custom)
2020-07-16 15:51:22,017 [pool-362-thread-1] INFO  server.RaftServerConfigKeys (ConfUtils.java:logGet(44)) - raft.server.snapshot.retention.file.num = 5 (custom)
2020-07-16 15:51:22,017 [pool-362-thread-1] INFO  server.RaftServerConfigKeys (ConfUtils.java:logGet(44)) - raft.server.log.purge.upto.snapshot.index = false (default)
2020-07-16 15:51:22,017 [pool-362-thread-1] INFO  server.RaftServerConfigKeys (ConfUtils.java:logGet(44)) - raft.server.retrycache.expirytime = 600000ms (custom)
2020-07-16 15:51:22,017 [pool-362-thread-1] INFO  metrics.RatisMetrics (RatisMetrics.java:lambda$create$0(36)) - Creating Metrics Registry : ratis.leader_election.1d5bf7e4-8d96-4310-9f32-ec9edaa2380c@group-B6BBBEA15AAF
2020-07-16 15:51:22,017 [pool-362-thread-1] INFO  metrics.RatisMetrics (RatisMetrics.java:lambda$create$0(36)) - Creating Metrics Registry : ratis.server.1d5bf7e4-8d96-4310-9f32-ec9edaa2380c@group-B6BBBEA15AAF
2020-07-16 15:51:22,018 [pool-362-thread-1] INFO  impl.RaftServerImpl (RaftServerImpl.java:start(186)) - 1d5bf7e4-8d96-4310-9f32-ec9edaa2380c@group-B6BBBEA15AAF: start as a follower, conf=-1: [1d5bf7e4-8d96-4310-9f32-ec9edaa2380c:172.17.0.2:39143], old=null
2020-07-16 15:51:22,019 [pool-362-thread-1] INFO  impl.RaftServerImpl (RaftServerImpl.java:setRole(175)) - 1d5bf7e4-8d96-4310-9f32-ec9edaa2380c@group-B6BBBEA15AAF: changes role from      null to FOLLOWER at term 0 for startAsFollower
2020-07-16 15:51:22,019 [pool-362-thread-1] INFO  impl.RoleInfo (RoleInfo.java:updateAndGet(143)) - 1d5bf7e4-8d96-4310-9f32-ec9edaa2380c: start FollowerState
2020-07-16 15:51:22,019 [pool-362-thread-1] INFO  util.JmxRegister (JmxRegister.java:tryRegister(44)) - Successfully registered JMX Bean with object name Ratis:service=RaftServer,group=group-B6BBBEA15AAF,id=1d5bf7e4-8d96-4310-9f32-ec9edaa2380c
2020-07-16 15:51:22,019 [pool-362-thread-1] INFO  metrics.RatisMetrics (RatisMetrics.java:lambda$create$0(36)) - Creating Metrics Registry : ratis.state_machine.1d5bf7e4-8d96-4310-9f32-ec9edaa2380c@group-B6BBBEA15AAF
2020-07-16 15:51:22,020 [Command processor thread] INFO  commandhandler.CreatePipelineCommandHandler (CreatePipelineCommandHandler.java:handle(109)) - Created Pipeline RATIS ONE #id: "3a12e4d9-0945-4c30-a575-b6bbbea15aaf"
uuid128 {
  mostSigBits: 4184658624595184688
  leastSigBits: -6524107567702910289
}
.
2020-07-16 15:51:22,132 [Command processor thread] INFO  impl.RaftServerProxy (RaftServerProxy.java:addNew(89)) - 72350810-11e7-4c4d-b66f-b995d4606524: addNew group-68DF26598CF2:[72350810-11e7-4c4d-b66f-b995d4606524:172.17.0.2:38865] returns group-68DF26598CF2:java.util.concurrent.CompletableFuture@7c5d3add[Not completed]
2020-07-16 15:51:22,133 [pool-377-thread-1] INFO  impl.RaftServerImpl (RaftServerImpl.java:<init>(99)) - 72350810-11e7-4c4d-b66f-b995d4606524: new RaftServerImpl for group-68DF26598CF2:[72350810-11e7-4c4d-b66f-b995d4606524:172.17.0.2:38865] with ContainerStateMachine:uninitialized
2020-07-16 15:51:22,133 [pool-377-thread-1] INFO  server.RaftServerConfigKeys (ConfUtils.java:logGet(44)) - raft.server.rpc.timeout.min = 5s (custom)
2020-07-16 15:51:22,133 [pool-377-thread-1] INFO  server.RaftServerConfigKeys (ConfUtils.java:logGet(44)) - raft.server.rpc.timeout.max = 5200ms (custom)
2020-07-16 15:51:22,133 [pool-377-thread-1] INFO  server.RaftServerConfigKeys (ConfUtils.java:logGet(44)) - raft.server.rpcslowness.timeout = 300000ms (custom)
2020-07-16 15:51:22,133 [pool-377-thread-1] INFO  server.RaftServerConfigKeys (ConfUtils.java:logGet(44)) - raft.server.sleep.deviation.threshold = 300 (default)
2020-07-16 15:51:22,133 [pool-377-thread-1] INFO  server.RaftServerConfigKeys (ConfUtils.java:logGet(44)) - raft.server.log.appender.install.snapshot.enabled = false (custom)
2020-07-16 15:51:22,133 [pool-377-thread-1] INFO  impl.RaftServerImpl (ServerState.java:<init>(103)) - 72350810-11e7-4c4d-b66f-b995d4606524@group-68DF26598CF2: ConfigurationManager, init=-1: [72350810-11e7-4c4d-b66f-b995d4606524:172.17.0.2:38865], old=null, confs=<EMPTY_MAP>
2020-07-16 15:51:22,133 [pool-377-thread-1] INFO  server.RaftServerConfigKeys (ConfUtils.java:logGet(44)) - raft.server.storage.dir = [/github/workspace/mnt/ozone/hadoop-ozone/integration-test/target/test-dir/MiniOzoneClusterImpl-45392ef6-f0d5-4168-b900-afad7710253d/datanode-2/data/ratis] (custom)
2020-07-16 15:51:22,133 [pool-377-thread-1] INFO  server.RaftServerConfigKeys (ConfUtils.java:logGet(44)) - raft.server.log.corruption.policy = EXCEPTION (default)
2020-07-16 15:51:22,134 [pool-377-thread-1] INFO  storage.RaftStorageDirectory (RaftStorageDirectory.java:analyzeStorage(261)) - The storage directory /github/workspace/mnt/ozone/hadoop-ozone/integration-test/target/test-dir/MiniOzoneClusterImpl-45392ef6-f0d5-4168-b900-afad7710253d/datanode-2/data/ratis/e2a19c29-41d3-4db9-bbe2-68df26598cf2 does not exist. Creating ...
2020-07-16 15:51:22,135 [pool-377-thread-1] INFO  storage.RaftStorageDirectory (RaftStorageDirectory.java:tryLock(343)) - Lock on /github/workspace/mnt/ozone/hadoop-ozone/integration-test/target/test-dir/MiniOzoneClusterImpl-45392ef6-f0d5-4168-b900-afad7710253d/datanode-2/data/ratis/e2a19c29-41d3-4db9-bbe2-68df26598cf2/in_use.lock acquired by nodename 13156@2ac0d1d00fcd
2020-07-16 15:51:22,136 [pool-377-thread-1] INFO  storage.RaftStorage (RaftStorage.java:format(84)) - Storage directory /github/workspace/mnt/ozone/hadoop-ozone/integration-test/target/test-dir/MiniOzoneClusterImpl-45392ef6-f0d5-4168-b900-afad7710253d/datanode-2/data/ratis/e2a19c29-41d3-4db9-bbe2-68df26598cf2 has been successfully formatted.
2020-07-16 15:51:22,136 [pool-377-thread-1] INFO  ratis.ContainerStateMachine (ContainerStateMachine.java:loadSnapshot(225)) - group-68DF26598CF2: The snapshot info is null. Setting the last applied indexto:(t:0, i:~)
2020-07-16 15:51:22,137 [pool-377-thread-1] INFO  server.RaftServerConfigKeys (ConfUtils.java:logGet(44)) - raft.server.notification.no-leader.timeout = 60s (default)
2020-07-16 15:51:22,137 [EventQueue-PipelineReportForPipelineReportHandler] INFO  pipeline.PipelineStateManager (PipelineStateManager.java:openPipeline(131)) - Pipeline Pipeline[ Id: e2a19c29-41d3-4db9-bbe2-68df26598cf2, Nodes: 72350810-11e7-4c4d-b66f-b995d4606524{ip: 172.17.0.2, host: 2ac0d1d00fcd, networkLocation: /default-rack, certSerialId: null}, Type:RATIS, Factor:ONE, State:ALLOCATED, leaderId:72350810-11e7-4c4d-b66f-b995d4606524, CreationTimestamp2020-07-16T15:51:19.134Z] moved to OPEN state
2020-07-16 15:51:22,137 [EventQueue-OpenPipelineForHealthyPipelineSafeModeRule] INFO  safemode.SCMSafeModeManager (HealthyPipelineSafeModeRule.java:process(129)) - SCM in safe mode. Healthy pipelines reported count is 0, required healthy pipeline reported count is 1
2020-07-16 15:51:22,138 [EventQueue-OpenPipelineForOneReplicaPipelineSafeModeRule] INFO  safemode.SCMSafeModeManager (SCMSafeModeManager.java:validateSafeModeExitRules(214)) - AtleastOneDatanodeReportedRule rule is successfully validated
2020-07-16 15:51:22,138 [pool-377-thread-1] INFO  server.RaftServerConfigKeys (ConfUtils.java:logGet(44)) - raft.server.log.use.memory = false (default)
2020-07-16 15:51:22,138 [pool-377-thread-1] INFO  server.RaftServerConfigKeys (ConfUtils.java:logGet(44)) - raft.server.log.purge.gap = 1000000 (custom)
2020-07-16 15:51:22,138 [pool-377-thread-1] INFO  server.RaftServerConfigKeys (ConfUtils.java:logGet(44)) - raft.server.log.appender.buffer.byte-limit = 33554432 (custom)
2020-07-16 15:51:22,138 [pool-377-thread-1] INFO  server.RaftServerConfigKeys (ConfUtils.java:logGet(44)) - raft.server.log.segment.size.max = 1048576 (custom)
2020-07-16 15:51:22,138 [pool-377-thread-1] INFO  metrics.RatisMetrics (RatisMetrics.java:lambda$create$0(36)) - Creating Metrics Registry : ratis.log_worker.72350810-11e7-4c4d-b66f-b995d4606524@group-68DF26598CF2
2020-07-16 15:51:22,138 [pool-377-thread-1] INFO  server.RaftServerConfigKeys (ConfUtils.java:logGet(44)) - raft.server.log.segment.cache.num.max = 2 (custom)
2020-07-16 15:51:22,138 [pool-377-thread-1] INFO  segmented.SegmentedRaftLogWorker (SegmentedRaftLogWorker.java:<init>(180)) - new 72350810-11e7-4c4d-b66f-b995d4606524@group-68DF26598CF2-SegmentedRaftLogWorker for RaftStorage:Storage Directory /github/workspace/mnt/ozone/hadoop-ozone/integration-test/target/test-dir/MiniOzoneClusterImpl-45392ef6-f0d5-4168-b900-afad7710253d/datanode-2/data/ratis/e2a19c29-41d3-4db9-bbe2-68df26598cf2
2020-07-16 15:51:22,138 [pool-377-thread-1] INFO  server.RaftServerConfigKeys (ConfUtils.java:logGet(44)) - raft.server.log.queue.byte-limit = 2147483647 (custom)
2020-07-16 15:51:22,139 [pool-377-thread-1] INFO  server.RaftServerConfigKeys (ConfUtils.java:logGet(44)) - raft.server.log.queue.element-limit = 1024 (custom)
2020-07-16 15:51:22,139 [pool-377-thread-1] INFO  server.RaftServerConfigKeys (ConfUtils.java:logGet(44)) - raft.server.log.segment.size.max = 1048576 (custom)
2020-07-16 15:51:22,139 [pool-377-thread-1] INFO  server.RaftServerConfigKeys (ConfUtils.java:logGet(44)) - raft.server.log.preallocated.size = 16384 (custom)
2020-07-16 15:51:22,139 [pool-377-thread-1] INFO  server.RaftServerConfigKeys (ConfUtils.java:logGet(44)) - raft.server.log.write.buffer.size = 1048576 (custom)
2020-07-16 15:51:22,139 [pool-377-thread-1] INFO  server.RaftServerConfigKeys (ConfUtils.java:logGet(44)) - raft.server.log.force.sync.num = 128 (default)
2020-07-16 15:51:22,139 [pool-377-thread-1] INFO  server.RaftServerConfigKeys (ConfUtils.java:logGet(44)) - raft.server.log.statemachine.data.sync = true (default)
2020-07-16 15:51:22,139 [pool-377-thread-1] INFO  server.RaftServerConfigKeys (ConfUtils.java:logGet(44)) - raft.server.log.statemachine.data.sync.timeout = 10s (default)
2020-07-16 15:51:22,139 [pool-377-thread-1] INFO  server.RaftServerConfigKeys (ConfUtils.java:logGet(44)) - raft.server.log.statemachine.data.sync.timeout.retry = -1 (default)
2020-07-16 15:51:22,140 [pool-377-thread-1] INFO  server.RaftServerConfigKeys (ConfUtils.java:logGet(44)) - raft.server.log.statemachine.data.caching.enabled = true (custom)
2020-07-16 15:51:22,141 [pool-377-thread-1] INFO  segmented.SegmentedRaftLogWorker (SegmentedRaftLogWorker.java:lambda$new$0(129)) - 72350810-11e7-4c4d-b66f-b995d4606524@group-68DF26598CF2-SegmentedRaftLogWorker: flushIndex: setUnconditionally 0 -> -1
2020-07-16 15:51:22,141 [pool-377-thread-1] INFO  segmented.SegmentedRaftLogWorker (SegmentedRaftLogWorker.java:lambda$new$0(129)) - 72350810-11e7-4c4d-b66f-b995d4606524@group-68DF26598CF2-SegmentedRaftLogWorker: safeCacheEvictIndex: setUnconditionally 0 -> -1
2020-07-16 15:51:22,141 [pool-377-thread-1] INFO  server.RaftServerConfigKeys (ConfUtils.java:logGet(44)) - raft.server.snapshot.auto.trigger.enabled = true (custom)
2020-07-16 15:51:22,141 [pool-377-thread-1] INFO  server.RaftServerConfigKeys (ConfUtils.java:logGet(44)) - raft.server.snapshot.auto.trigger.threshold = 10000 (custom)
2020-07-16 15:51:22,141 [pool-377-thread-1] INFO  server.RaftServerConfigKeys (ConfUtils.java:logGet(44)) - raft.server.snapshot.retention.file.num = 5 (custom)
2020-07-16 15:51:22,141 [pool-377-thread-1] INFO  server.RaftServerConfigKeys (ConfUtils.java:logGet(44)) - raft.server.log.purge.upto.snapshot.index = false (default)
2020-07-16 15:51:22,141 [pool-377-thread-1] INFO  server.RaftServerConfigKeys (ConfUtils.java:logGet(44)) - raft.server.retrycache.expirytime = 600000ms (custom)
2020-07-16 15:51:22,141 [pool-377-thread-1] INFO  metrics.RatisMetrics (RatisMetrics.java:lambda$create$0(36)) - Creating Metrics Registry : ratis.leader_election.72350810-11e7-4c4d-b66f-b995d4606524@group-68DF26598CF2
2020-07-16 15:51:22,142 [pool-377-thread-1] INFO  metrics.RatisMetrics (RatisMetrics.java:lambda$create$0(36)) - Creating Metrics Registry : ratis.server.72350810-11e7-4c4d-b66f-b995d4606524@group-68DF26598CF2
2020-07-16 15:51:22,143 [pool-377-thread-1] INFO  impl.RaftServerImpl (RaftServerImpl.java:start(186)) - 72350810-11e7-4c4d-b66f-b995d4606524@group-68DF26598CF2: start as a follower, conf=-1: [72350810-11e7-4c4d-b66f-b995d4606524:172.17.0.2:38865], old=null
2020-07-16 15:51:22,143 [pool-377-thread-1] INFO  impl.RaftServerImpl (RaftServerImpl.java:setRole(175)) - 72350810-11e7-4c4d-b66f-b995d4606524@group-68DF26598CF2: changes role from      null to FOLLOWER at term 0 for startAsFollower
2020-07-16 15:51:22,143 [pool-377-thread-1] INFO  impl.RoleInfo (RoleInfo.java:updateAndGet(143)) - 72350810-11e7-4c4d-b66f-b995d4606524: start FollowerState
2020-07-16 15:51:22,143 [pool-377-thread-1] INFO  util.JmxRegister (JmxRegister.java:tryRegister(44)) - Successfully registered JMX Bean with object name Ratis:service=RaftServer,group=group-68DF26598CF2,id=72350810-11e7-4c4d-b66f-b995d4606524
2020-07-16 15:51:22,143 [pool-377-thread-1] INFO  metrics.RatisMetrics (RatisMetrics.java:lambda$create$0(36)) - Creating Metrics Registry : ratis.state_machine.72350810-11e7-4c4d-b66f-b995d4606524@group-68DF26598CF2
2020-07-16 15:51:22,144 [Command processor thread] INFO  commandhandler.CreatePipelineCommandHandler (CreatePipelineCommandHandler.java:handle(109)) - Created Pipeline RATIS ONE #id: "e2a19c29-41d3-4db9-bbe2-68df26598cf2"
uuid128 {
  mostSigBits: -2116238648875463239
  leastSigBits: -4908245336250020622
}
.
2020-07-16 15:51:22,244 [Command processor thread] INFO  impl.RaftServerProxy (RaftServerProxy.java:addNew(89)) - 8861f160-1711-47f6-a44a-97412e21c0d2: addNew group-4D9F69D57408:[8861f160-1711-47f6-a44a-97412e21c0d2:172.17.0.2:44857] returns group-4D9F69D57408:java.util.concurrent.CompletableFuture@34234865[Not completed]
2020-07-16 15:51:22,244 [pool-392-thread-1] INFO  impl.RaftServerImpl (RaftServerImpl.java:<init>(99)) - 8861f160-1711-47f6-a44a-97412e21c0d2: new RaftServerImpl for group-4D9F69D57408:[8861f160-1711-47f6-a44a-97412e21c0d2:172.17.0.2:44857] with ContainerStateMachine:uninitialized
2020-07-16 15:51:22,245 [pool-392-thread-1] INFO  server.RaftServerConfigKeys (ConfUtils.java:logGet(44)) - raft.server.rpc.timeout.min = 5s (custom)
2020-07-16 15:51:22,245 [pool-392-thread-1] INFO  server.RaftServerConfigKeys (ConfUtils.java:logGet(44)) - raft.server.rpc.timeout.max = 5200ms (custom)
2020-07-16 15:51:22,245 [pool-392-thread-1] INFO  server.RaftServerConfigKeys (ConfUtils.java:logGet(44)) - raft.server.rpcslowness.timeout = 300000ms (custom)
2020-07-16 15:51:22,245 [pool-392-thread-1] INFO  server.RaftServerConfigKeys (ConfUtils.java:logGet(44)) - raft.server.sleep.deviation.threshold = 300 (default)
2020-07-16 15:51:22,245 [pool-392-thread-1] INFO  server.RaftServerConfigKeys (ConfUtils.java:logGet(44)) - raft.server.log.appender.install.snapshot.enabled = false (custom)
2020-07-16 15:51:22,245 [pool-392-thread-1] INFO  impl.RaftServerImpl (ServerState.java:<init>(103)) - 8861f160-1711-47f6-a44a-97412e21c0d2@group-4D9F69D57408: ConfigurationManager, init=-1: [8861f160-1711-47f6-a44a-97412e21c0d2:172.17.0.2:44857], old=null, confs=<EMPTY_MAP>
2020-07-16 15:51:22,245 [pool-392-thread-1] INFO  server.RaftServerConfigKeys (ConfUtils.java:logGet(44)) - raft.server.storage.dir = [/github/workspace/mnt/ozone/hadoop-ozone/integration-test/target/test-dir/MiniOzoneClusterImpl-45392ef6-f0d5-4168-b900-afad7710253d/datanode-3/data/ratis] (custom)
2020-07-16 15:51:22,245 [pool-392-thread-1] INFO  server.RaftServerConfigKeys (ConfUtils.java:logGet(44)) - raft.server.log.corruption.policy = EXCEPTION (default)
2020-07-16 15:51:22,246 [pool-392-thread-1] INFO  storage.RaftStorageDirectory (RaftStorageDirectory.java:analyzeStorage(261)) - The storage directory /github/workspace/mnt/ozone/hadoop-ozone/integration-test/target/test-dir/MiniOzoneClusterImpl-45392ef6-f0d5-4168-b900-afad7710253d/datanode-3/data/ratis/3a758da9-07c7-40e9-9e55-4d9f69d57408 does not exist. Creating ...
2020-07-16 15:51:22,247 [pool-392-thread-1] INFO  storage.RaftStorageDirectory (RaftStorageDirectory.java:tryLock(343)) - Lock on /github/workspace/mnt/ozone/hadoop-ozone/integration-test/target/test-dir/MiniOzoneClusterImpl-45392ef6-f0d5-4168-b900-afad7710253d/datanode-3/data/ratis/3a758da9-07c7-40e9-9e55-4d9f69d57408/in_use.lock acquired by nodename 13156@2ac0d1d00fcd
2020-07-16 15:51:22,248 [pool-392-thread-1] INFO  storage.RaftStorage (RaftStorage.java:format(84)) - Storage directory /github/workspace/mnt/ozone/hadoop-ozone/integration-test/target/test-dir/MiniOzoneClusterImpl-45392ef6-f0d5-4168-b900-afad7710253d/datanode-3/data/ratis/3a758da9-07c7-40e9-9e55-4d9f69d57408 has been successfully formatted.
2020-07-16 15:51:22,249 [pool-392-thread-1] INFO  ratis.ContainerStateMachine (ContainerStateMachine.java:loadSnapshot(225)) - group-4D9F69D57408: The snapshot info is null. Setting the last applied indexto:(t:0, i:~)
2020-07-16 15:51:22,249 [pool-392-thread-1] INFO  server.RaftServerConfigKeys (ConfUtils.java:logGet(44)) - raft.server.notification.no-leader.timeout = 60s (default)
2020-07-16 15:51:22,249 [pool-392-thread-1] INFO  server.RaftServerConfigKeys (ConfUtils.java:logGet(44)) - raft.server.log.use.memory = false (default)
2020-07-16 15:51:22,250 [pool-392-thread-1] INFO  server.RaftServerConfigKeys (ConfUtils.java:logGet(44)) - raft.server.log.purge.gap = 1000000 (custom)
2020-07-16 15:51:22,250 [pool-392-thread-1] INFO  server.RaftServerConfigKeys (ConfUtils.java:logGet(44)) - raft.server.log.appender.buffer.byte-limit = 33554432 (custom)
2020-07-16 15:51:22,250 [pool-392-thread-1] INFO  server.RaftServerConfigKeys (ConfUtils.java:logGet(44)) - raft.server.log.segment.size.max = 1048576 (custom)
2020-07-16 15:51:22,250 [pool-392-thread-1] INFO  metrics.RatisMetrics (RatisMetrics.java:lambda$create$0(36)) - Creating Metrics Registry : ratis.log_worker.8861f160-1711-47f6-a44a-97412e21c0d2@group-4D9F69D57408
2020-07-16 15:51:22,250 [EventQueue-PipelineReportForPipelineReportHandler] INFO  pipeline.PipelineStateManager (PipelineStateManager.java:openPipeline(131)) - Pipeline Pipeline[ Id: 3a758da9-07c7-40e9-9e55-4d9f69d57408, Nodes: 8861f160-1711-47f6-a44a-97412e21c0d2{ip: 172.17.0.2, host: 2ac0d1d00fcd, networkLocation: /default-rack, certSerialId: null}, Type:RATIS, Factor:ONE, State:ALLOCATED, leaderId:8861f160-1711-47f6-a44a-97412e21c0d2, CreationTimestamp2020-07-16T15:51:19.246Z] moved to OPEN state
2020-07-16 15:51:22,250 [EventQueue-OpenPipelineForHealthyPipelineSafeModeRule] INFO  safemode.SCMSafeModeManager (HealthyPipelineSafeModeRule.java:process(129)) - SCM in safe mode. Healthy pipelines reported count is 0, required healthy pipeline reported count is 1
2020-07-16 15:51:22,250 [EventQueue-OpenPipelineForOneReplicaPipelineSafeModeRule] INFO  safemode.SCMSafeModeManager (SCMSafeModeManager.java:validateSafeModeExitRules(214)) - AtleastOneDatanodeReportedRule rule is successfully validated
2020-07-16 15:51:22,250 [pool-392-thread-1] INFO  server.RaftServerConfigKeys (ConfUtils.java:logGet(44)) - raft.server.log.segment.cache.num.max = 2 (custom)
2020-07-16 15:51:22,250 [pool-392-thread-1] INFO  segmented.SegmentedRaftLogWorker (SegmentedRaftLogWorker.java:<init>(180)) - new 8861f160-1711-47f6-a44a-97412e21c0d2@group-4D9F69D57408-SegmentedRaftLogWorker for RaftStorage:Storage Directory /github/workspace/mnt/ozone/hadoop-ozone/integration-test/target/test-dir/MiniOzoneClusterImpl-45392ef6-f0d5-4168-b900-afad7710253d/datanode-3/data/ratis/3a758da9-07c7-40e9-9e55-4d9f69d57408
2020-07-16 15:51:22,250 [pool-392-thread-1] INFO  server.RaftServerConfigKeys (ConfUtils.java:logGet(44)) - raft.server.log.queue.byte-limit = 2147483647 (custom)
2020-07-16 15:51:22,251 [pool-392-thread-1] INFO  server.RaftServerConfigKeys (ConfUtils.java:logGet(44)) - raft.server.log.queue.element-limit = 1024 (custom)
2020-07-16 15:51:22,251 [pool-392-thread-1] INFO  server.RaftServerConfigKeys (ConfUtils.java:logGet(44)) - raft.server.log.segment.size.max = 1048576 (custom)
2020-07-16 15:51:22,251 [pool-392-thread-1] INFO  server.RaftServerConfigKeys (ConfUtils.java:logGet(44)) - raft.server.log.preallocated.size = 16384 (custom)
2020-07-16 15:51:22,251 [pool-392-thread-1] INFO  server.RaftServerConfigKeys (ConfUtils.java:logGet(44)) - raft.server.log.write.buffer.size = 1048576 (custom)
2020-07-16 15:51:22,251 [pool-392-thread-1] INFO  server.RaftServerConfigKeys (ConfUtils.java:logGet(44)) - raft.server.log.force.sync.num = 128 (default)
2020-07-16 15:51:22,251 [pool-392-thread-1] INFO  server.RaftServerConfigKeys (ConfUtils.java:logGet(44)) - raft.server.log.statemachine.data.sync = true (default)
2020-07-16 15:51:22,251 [pool-392-thread-1] INFO  server.RaftServerConfigKeys (ConfUtils.java:logGet(44)) - raft.server.log.statemachine.data.sync.timeout = 10s (default)
2020-07-16 15:51:22,251 [pool-392-thread-1] INFO  server.RaftServerConfigKeys (ConfUtils.java:logGet(44)) - raft.server.log.statemachine.data.sync.timeout.retry = -1 (default)
2020-07-16 15:51:22,253 [pool-392-thread-1] INFO  server.RaftServerConfigKeys (ConfUtils.java:logGet(44)) - raft.server.log.statemachine.data.caching.enabled = true (custom)
2020-07-16 15:51:22,253 [pool-392-thread-1] INFO  segmented.SegmentedRaftLogWorker (SegmentedRaftLogWorker.java:lambda$new$0(129)) - 8861f160-1711-47f6-a44a-97412e21c0d2@group-4D9F69D57408-SegmentedRaftLogWorker: flushIndex: setUnconditionally 0 -> -1
2020-07-16 15:51:22,253 [pool-392-thread-1] INFO  segmented.SegmentedRaftLogWorker (SegmentedRaftLogWorker.java:lambda$new$0(129)) - 8861f160-1711-47f6-a44a-97412e21c0d2@group-4D9F69D57408-SegmentedRaftLogWorker: safeCacheEvictIndex: setUnconditionally 0 -> -1
2020-07-16 15:51:22,253 [pool-392-thread-1] INFO  server.RaftServerConfigKeys (ConfUtils.java:logGet(44)) - raft.server.snapshot.auto.trigger.enabled = true (custom)
2020-07-16 15:51:22,253 [pool-392-thread-1] INFO  server.RaftServerConfigKeys (ConfUtils.java:logGet(44)) - raft.server.snapshot.auto.trigger.threshold = 10000 (custom)
2020-07-16 15:51:22,253 [pool-392-thread-1] INFO  server.RaftServerConfigKeys (ConfUtils.java:logGet(44)) - raft.server.snapshot.retention.file.num = 5 (custom)
2020-07-16 15:51:22,253 [pool-392-thread-1] INFO  server.RaftServerConfigKeys (ConfUtils.java:logGet(44)) - raft.server.log.purge.upto.snapshot.index = false (default)
2020-07-16 15:51:22,253 [pool-392-thread-1] INFO  server.RaftServerConfigKeys (ConfUtils.java:logGet(44)) - raft.server.retrycache.expirytime = 600000ms (custom)
2020-07-16 15:51:22,253 [pool-392-thread-1] INFO  metrics.RatisMetrics (RatisMetrics.java:lambda$create$0(36)) - Creating Metrics Registry : ratis.leader_election.8861f160-1711-47f6-a44a-97412e21c0d2@group-4D9F69D57408
2020-07-16 15:51:22,254 [pool-392-thread-1] INFO  metrics.RatisMetrics (RatisMetrics.java:lambda$create$0(36)) - Creating Metrics Registry : ratis.server.8861f160-1711-47f6-a44a-97412e21c0d2@group-4D9F69D57408
2020-07-16 15:51:22,255 [pool-392-thread-1] INFO  impl.RaftServerImpl (RaftServerImpl.java:start(186)) - 8861f160-1711-47f6-a44a-97412e21c0d2@group-4D9F69D57408: start as a follower, conf=-1: [8861f160-1711-47f6-a44a-97412e21c0d2:172.17.0.2:44857], old=null
2020-07-16 15:51:22,255 [pool-392-thread-1] INFO  impl.RaftServerImpl (RaftServerImpl.java:setRole(175)) - 8861f160-1711-47f6-a44a-97412e21c0d2@group-4D9F69D57408: changes role from      null to FOLLOWER at term 0 for startAsFollower
2020-07-16 15:51:22,255 [pool-392-thread-1] INFO  impl.RoleInfo (RoleInfo.java:updateAndGet(143)) - 8861f160-1711-47f6-a44a-97412e21c0d2: start FollowerState
2020-07-16 15:51:22,255 [pool-392-thread-1] INFO  util.JmxRegister (JmxRegister.java:tryRegister(44)) - Successfully registered JMX Bean with object name Ratis:service=RaftServer,group=group-4D9F69D57408,id=8861f160-1711-47f6-a44a-97412e21c0d2
2020-07-16 15:51:22,255 [pool-392-thread-1] INFO  metrics.RatisMetrics (RatisMetrics.java:lambda$create$0(36)) - Creating Metrics Registry : ratis.state_machine.8861f160-1711-47f6-a44a-97412e21c0d2@group-4D9F69D57408
2020-07-16 15:51:22,256 [Command processor thread] INFO  commandhandler.CreatePipelineCommandHandler (CreatePipelineCommandHandler.java:handle(109)) - Created Pipeline RATIS ONE #id: "3a758da9-07c7-40e9-9e55-4d9f69d57408"
uuid128 {
  mostSigBits: 4212428783594455273
  leastSigBits: -7037633495625796600
}
.
2020-07-16 15:51:22,256 [Command processor thread] INFO  impl.RaftServerProxy (RaftServerProxy.java:addNew(89)) - 8861f160-1711-47f6-a44a-97412e21c0d2: addNew group-2A196422D3A1:[8861f160-1711-47f6-a44a-97412e21c0d2:172.17.0.2:44857, 54156d21-c882-42a4-932f-3be78151626f:172.17.0.2:39387, 000e9876-1564-40e7-be97-fe7a2cb99717:172.17.0.2:40603] returns group-2A196422D3A1:java.util.concurrent.CompletableFuture@301cca39[Not completed]
2020-07-16 15:51:22,257 [pool-392-thread-1] INFO  impl.RaftServerImpl (RaftServerImpl.java:<init>(99)) - 8861f160-1711-47f6-a44a-97412e21c0d2: new RaftServerImpl for group-2A196422D3A1:[8861f160-1711-47f6-a44a-97412e21c0d2:172.17.0.2:44857, 54156d21-c882-42a4-932f-3be78151626f:172.17.0.2:39387, 000e9876-1564-40e7-be97-fe7a2cb99717:172.17.0.2:40603] with ContainerStateMachine:uninitialized
2020-07-16 15:51:22,257 [pool-392-thread-1] INFO  server.RaftServerConfigKeys (ConfUtils.java:logGet(44)) - raft.server.rpc.timeout.min = 5s (custom)
2020-07-16 15:51:22,257 [pool-392-thread-1] INFO  server.RaftServerConfigKeys (ConfUtils.java:logGet(44)) - raft.server.rpc.timeout.max = 5200ms (custom)
2020-07-16 15:51:22,258 [pool-392-thread-1] INFO  server.RaftServerConfigKeys (ConfUtils.java:logGet(44)) - raft.server.rpcslowness.timeout = 300000ms (custom)
2020-07-16 15:51:22,258 [pool-392-thread-1] INFO  server.RaftServerConfigKeys (ConfUtils.java:logGet(44)) - raft.server.sleep.deviation.threshold = 300 (default)
2020-07-16 15:51:22,258 [pool-392-thread-1] INFO  server.RaftServerConfigKeys (ConfUtils.java:logGet(44)) - raft.server.log.appender.install.snapshot.enabled = false (custom)
2020-07-16 15:51:22,258 [pool-392-thread-1] INFO  impl.RaftServerImpl (ServerState.java:<init>(103)) - 8861f160-1711-47f6-a44a-97412e21c0d2@group-2A196422D3A1: ConfigurationManager, init=-1: [8861f160-1711-47f6-a44a-97412e21c0d2:172.17.0.2:44857, 54156d21-c882-42a4-932f-3be78151626f:172.17.0.2:39387, 000e9876-1564-40e7-be97-fe7a2cb99717:172.17.0.2:40603], old=null, confs=<EMPTY_MAP>
2020-07-16 15:51:22,258 [pool-392-thread-1] INFO  server.RaftServerConfigKeys (ConfUtils.java:logGet(44)) - raft.server.storage.dir = [/github/workspace/mnt/ozone/hadoop-ozone/integration-test/target/test-dir/MiniOzoneClusterImpl-45392ef6-f0d5-4168-b900-afad7710253d/datanode-3/data/ratis] (custom)
2020-07-16 15:51:22,258 [pool-392-thread-1] INFO  server.RaftServerConfigKeys (ConfUtils.java:logGet(44)) - raft.server.log.corruption.policy = EXCEPTION (default)
2020-07-16 15:51:22,258 [pool-392-thread-1] INFO  storage.RaftStorageDirectory (RaftStorageDirectory.java:analyzeStorage(261)) - The storage directory /github/workspace/mnt/ozone/hadoop-ozone/integration-test/target/test-dir/MiniOzoneClusterImpl-45392ef6-f0d5-4168-b900-afad7710253d/datanode-3/data/ratis/92c66d2b-0479-46c7-a436-2a196422d3a1 does not exist. Creating ...
2020-07-16 15:51:22,260 [pool-392-thread-1] INFO  storage.RaftStorageDirectory (RaftStorageDirectory.java:tryLock(343)) - Lock on /github/workspace/mnt/ozone/hadoop-ozone/integration-test/target/test-dir/MiniOzoneClusterImpl-45392ef6-f0d5-4168-b900-afad7710253d/datanode-3/data/ratis/92c66d2b-0479-46c7-a436-2a196422d3a1/in_use.lock acquired by nodename 13156@2ac0d1d00fcd
2020-07-16 15:51:22,261 [pool-392-thread-1] INFO  storage.RaftStorage (RaftStorage.java:format(84)) - Storage directory /github/workspace/mnt/ozone/hadoop-ozone/integration-test/target/test-dir/MiniOzoneClusterImpl-45392ef6-f0d5-4168-b900-afad7710253d/datanode-3/data/ratis/92c66d2b-0479-46c7-a436-2a196422d3a1 has been successfully formatted.
2020-07-16 15:51:22,262 [pool-392-thread-1] INFO  ratis.ContainerStateMachine (ContainerStateMachine.java:loadSnapshot(225)) - group-2A196422D3A1: The snapshot info is null. Setting the last applied indexto:(t:0, i:~)
2020-07-16 15:51:22,262 [pool-392-thread-1] INFO  server.RaftServerConfigKeys (ConfUtils.java:logGet(44)) - raft.server.notification.no-leader.timeout = 60s (default)
2020-07-16 15:51:22,263 [pool-392-thread-1] INFO  server.RaftServerConfigKeys (ConfUtils.java:logGet(44)) - raft.server.log.use.memory = false (default)
2020-07-16 15:51:22,263 [pool-392-thread-1] INFO  server.RaftServerConfigKeys (ConfUtils.java:logGet(44)) - raft.server.log.purge.gap = 1000000 (custom)
2020-07-16 15:51:22,263 [pool-392-thread-1] INFO  server.RaftServerConfigKeys (ConfUtils.java:logGet(44)) - raft.server.log.appender.buffer.byte-limit = 33554432 (custom)
2020-07-16 15:51:22,263 [pool-392-thread-1] INFO  server.RaftServerConfigKeys (ConfUtils.java:logGet(44)) - raft.server.log.segment.size.max = 1048576 (custom)
2020-07-16 15:51:22,263 [pool-392-thread-1] INFO  metrics.RatisMetrics (RatisMetrics.java:lambda$create$0(36)) - Creating Metrics Registry : ratis.log_worker.8861f160-1711-47f6-a44a-97412e21c0d2@group-2A196422D3A1
2020-07-16 15:51:22,264 [pool-392-thread-1] INFO  server.RaftServerConfigKeys (ConfUtils.java:logGet(44)) - raft.server.log.segment.cache.num.max = 2 (custom)
2020-07-16 15:51:22,265 [pool-392-thread-1] INFO  segmented.SegmentedRaftLogWorker (SegmentedRaftLogWorker.java:<init>(180)) - new 8861f160-1711-47f6-a44a-97412e21c0d2@group-2A196422D3A1-SegmentedRaftLogWorker for RaftStorage:Storage Directory /github/workspace/mnt/ozone/hadoop-ozone/integration-test/target/test-dir/MiniOzoneClusterImpl-45392ef6-f0d5-4168-b900-afad7710253d/datanode-3/data/ratis/92c66d2b-0479-46c7-a436-2a196422d3a1
2020-07-16 15:51:22,265 [pool-392-thread-1] INFO  server.RaftServerConfigKeys (ConfUtils.java:logGet(44)) - raft.server.log.queue.byte-limit = 2147483647 (custom)
2020-07-16 15:51:22,265 [pool-392-thread-1] INFO  server.RaftServerConfigKeys (ConfUtils.java:logGet(44)) - raft.server.log.queue.element-limit = 1024 (custom)
2020-07-16 15:51:22,265 [pool-392-thread-1] INFO  server.RaftServerConfigKeys (ConfUtils.java:logGet(44)) - raft.server.log.segment.size.max = 1048576 (custom)
2020-07-16 15:51:22,265 [pool-392-thread-1] INFO  server.RaftServerConfigKeys (ConfUtils.java:logGet(44)) - raft.server.log.preallocated.size = 16384 (custom)
2020-07-16 15:51:22,265 [pool-392-thread-1] INFO  server.RaftServerConfigKeys (ConfUtils.java:logGet(44)) - raft.server.log.write.buffer.size = 1048576 (custom)
2020-07-16 15:51:22,265 [pool-392-thread-1] INFO  server.RaftServerConfigKeys (ConfUtils.java:logGet(44)) - raft.server.log.force.sync.num = 128 (default)
2020-07-16 15:51:22,265 [pool-392-thread-1] INFO  server.RaftServerConfigKeys (ConfUtils.java:logGet(44)) - raft.server.log.statemachine.data.sync = true (default)
2020-07-16 15:51:22,265 [pool-392-thread-1] INFO  server.RaftServerConfigKeys (ConfUtils.java:logGet(44)) - raft.server.log.statemachine.data.sync.timeout = 10s (default)
2020-07-16 15:51:22,266 [pool-392-thread-1] INFO  server.RaftServerConfigKeys (ConfUtils.java:logGet(44)) - raft.server.log.statemachine.data.sync.timeout.retry = -1 (default)
2020-07-16 15:51:22,268 [pool-392-thread-1] INFO  server.RaftServerConfigKeys (ConfUtils.java:logGet(44)) - raft.server.log.statemachine.data.caching.enabled = true (custom)
2020-07-16 15:51:22,268 [pool-392-thread-1] INFO  segmented.SegmentedRaftLogWorker (SegmentedRaftLogWorker.java:lambda$new$0(129)) - 8861f160-1711-47f6-a44a-97412e21c0d2@group-2A196422D3A1-SegmentedRaftLogWorker: flushIndex: setUnconditionally 0 -> -1
2020-07-16 15:51:22,268 [pool-392-thread-1] INFO  segmented.SegmentedRaftLogWorker (SegmentedRaftLogWorker.java:lambda$new$0(129)) - 8861f160-1711-47f6-a44a-97412e21c0d2@group-2A196422D3A1-SegmentedRaftLogWorker: safeCacheEvictIndex: setUnconditionally 0 -> -1
2020-07-16 15:51:22,268 [pool-392-thread-1] INFO  server.RaftServerConfigKeys (ConfUtils.java:logGet(44)) - raft.server.snapshot.auto.trigger.enabled = true (custom)
2020-07-16 15:51:22,268 [pool-392-thread-1] INFO  server.RaftServerConfigKeys (ConfUtils.java:logGet(44)) - raft.server.snapshot.auto.trigger.threshold = 10000 (custom)
2020-07-16 15:51:22,268 [pool-392-thread-1] INFO  server.RaftServerConfigKeys (ConfUtils.java:logGet(44)) - raft.server.snapshot.retention.file.num = 5 (custom)
2020-07-16 15:51:22,268 [pool-392-thread-1] INFO  server.RaftServerConfigKeys (ConfUtils.java:logGet(44)) - raft.server.log.purge.upto.snapshot.index = false (default)
2020-07-16 15:51:22,268 [pool-392-thread-1] INFO  server.RaftServerConfigKeys (ConfUtils.java:logGet(44)) - raft.server.retrycache.expirytime = 600000ms (custom)
2020-07-16 15:51:22,269 [pool-392-thread-1] INFO  metrics.RatisMetrics (RatisMetrics.java:lambda$create$0(36)) - Creating Metrics Registry : ratis.leader_election.8861f160-1711-47f6-a44a-97412e21c0d2@group-2A196422D3A1
2020-07-16 15:51:22,269 [pool-392-thread-1] INFO  metrics.RatisMetrics (RatisMetrics.java:lambda$create$0(36)) - Creating Metrics Registry : ratis.server.8861f160-1711-47f6-a44a-97412e21c0d2@group-2A196422D3A1
2020-07-16 15:51:22,270 [pool-392-thread-1] INFO  impl.RaftServerImpl (RaftServerImpl.java:start(186)) - 8861f160-1711-47f6-a44a-97412e21c0d2@group-2A196422D3A1: start as a follower, conf=-1: [8861f160-1711-47f6-a44a-97412e21c0d2:172.17.0.2:44857, 54156d21-c882-42a4-932f-3be78151626f:172.17.0.2:39387, 000e9876-1564-40e7-be97-fe7a2cb99717:172.17.0.2:40603], old=null
2020-07-16 15:51:22,270 [pool-392-thread-1] INFO  impl.RaftServerImpl (RaftServerImpl.java:setRole(175)) - 8861f160-1711-47f6-a44a-97412e21c0d2@group-2A196422D3A1: changes role from      null to FOLLOWER at term 0 for startAsFollower
2020-07-16 15:51:22,270 [pool-392-thread-1] INFO  impl.RoleInfo (RoleInfo.java:updateAndGet(143)) - 8861f160-1711-47f6-a44a-97412e21c0d2: start FollowerState
2020-07-16 15:51:22,271 [pool-392-thread-1] INFO  util.JmxRegister (JmxRegister.java:tryRegister(44)) - Successfully registered JMX Bean with object name Ratis:service=RaftServer,group=group-2A196422D3A1,id=8861f160-1711-47f6-a44a-97412e21c0d2
2020-07-16 15:51:22,271 [pool-392-thread-1] INFO  metrics.RatisMetrics (RatisMetrics.java:lambda$create$0(36)) - Creating Metrics Registry : ratis.state_machine.8861f160-1711-47f6-a44a-97412e21c0d2@group-2A196422D3A1
2020-07-16 15:51:22,278 [grpc-default-executor-7] INFO  impl.RaftServerProxy (RaftServerProxy.java:addNew(89)) - 54156d21-c882-42a4-932f-3be78151626f: addNew group-2A196422D3A1:[8861f160-1711-47f6-a44a-97412e21c0d2:172.17.0.2:44857, 54156d21-c882-42a4-932f-3be78151626f:172.17.0.2:39387, 000e9876-1564-40e7-be97-fe7a2cb99717:172.17.0.2:40603] returns group-2A196422D3A1:java.util.concurrent.CompletableFuture@34fd4f71[Not completed]
2020-07-16 15:51:22,279 [pool-407-thread-1] INFO  impl.RaftServerImpl (RaftServerImpl.java:<init>(99)) - 54156d21-c882-42a4-932f-3be78151626f: new RaftServerImpl for group-2A196422D3A1:[8861f160-1711-47f6-a44a-97412e21c0d2:172.17.0.2:44857, 54156d21-c882-42a4-932f-3be78151626f:172.17.0.2:39387, 000e9876-1564-40e7-be97-fe7a2cb99717:172.17.0.2:40603] with ContainerStateMachine:uninitialized
2020-07-16 15:51:22,279 [pool-407-thread-1] INFO  server.RaftServerConfigKeys (ConfUtils.java:logGet(44)) - raft.server.rpc.timeout.min = 5s (custom)
2020-07-16 15:51:22,279 [pool-407-thread-1] INFO  server.RaftServerConfigKeys (ConfUtils.java:logGet(44)) - raft.server.rpc.timeout.max = 5200ms (custom)
2020-07-16 15:51:22,279 [pool-407-thread-1] INFO  server.RaftServerConfigKeys (ConfUtils.java:logGet(44)) - raft.server.rpcslowness.timeout = 300000ms (custom)
2020-07-16 15:51:22,279 [pool-407-thread-1] INFO  server.RaftServerConfigKeys (ConfUtils.java:logGet(44)) - raft.server.sleep.deviation.threshold = 300 (default)
2020-07-16 15:51:22,279 [pool-407-thread-1] INFO  server.RaftServerConfigKeys (ConfUtils.java:logGet(44)) - raft.server.log.appender.install.snapshot.enabled = false (custom)
2020-07-16 15:51:22,279 [pool-407-thread-1] INFO  impl.RaftServerImpl (ServerState.java:<init>(103)) - 54156d21-c882-42a4-932f-3be78151626f@group-2A196422D3A1: ConfigurationManager, init=-1: [8861f160-1711-47f6-a44a-97412e21c0d2:172.17.0.2:44857, 54156d21-c882-42a4-932f-3be78151626f:172.17.0.2:39387, 000e9876-1564-40e7-be97-fe7a2cb99717:172.17.0.2:40603], old=null, confs=<EMPTY_MAP>
2020-07-16 15:51:22,279 [pool-407-thread-1] INFO  server.RaftServerConfigKeys (ConfUtils.java:logGet(44)) - raft.server.storage.dir = [/github/workspace/mnt/ozone/hadoop-ozone/integration-test/target/test-dir/MiniOzoneClusterImpl-45392ef6-f0d5-4168-b900-afad7710253d/datanode-4/data/ratis] (custom)
2020-07-16 15:51:22,279 [pool-407-thread-1] INFO  server.RaftServerConfigKeys (ConfUtils.java:logGet(44)) - raft.server.log.corruption.policy = EXCEPTION (default)
2020-07-16 15:51:22,279 [pool-407-thread-1] INFO  storage.RaftStorageDirectory (RaftStorageDirectory.java:analyzeStorage(261)) - The storage directory /github/workspace/mnt/ozone/hadoop-ozone/integration-test/target/test-dir/MiniOzoneClusterImpl-45392ef6-f0d5-4168-b900-afad7710253d/datanode-4/data/ratis/92c66d2b-0479-46c7-a436-2a196422d3a1 does not exist. Creating ...
2020-07-16 15:51:22,280 [pool-407-thread-1] INFO  storage.RaftStorageDirectory (RaftStorageDirectory.java:tryLock(343)) - Lock on /github/workspace/mnt/ozone/hadoop-ozone/integration-test/target/test-dir/MiniOzoneClusterImpl-45392ef6-f0d5-4168-b900-afad7710253d/datanode-4/data/ratis/92c66d2b-0479-46c7-a436-2a196422d3a1/in_use.lock acquired by nodename 13156@2ac0d1d00fcd
2020-07-16 15:51:22,282 [pool-407-thread-1] INFO  storage.RaftStorage (RaftStorage.java:format(84)) - Storage directory /github/workspace/mnt/ozone/hadoop-ozone/integration-test/target/test-dir/MiniOzoneClusterImpl-45392ef6-f0d5-4168-b900-afad7710253d/datanode-4/data/ratis/92c66d2b-0479-46c7-a436-2a196422d3a1 has been successfully formatted.
2020-07-16 15:51:22,283 [pool-407-thread-1] INFO  ratis.ContainerStateMachine (ContainerStateMachine.java:loadSnapshot(225)) - group-2A196422D3A1: The snapshot info is null. Setting the last applied indexto:(t:0, i:~)
2020-07-16 15:51:22,283 [pool-407-thread-1] INFO  server.RaftServerConfigKeys (ConfUtils.java:logGet(44)) - raft.server.notification.no-leader.timeout = 60s (default)
2020-07-16 15:51:22,283 [pool-407-thread-1] INFO  server.RaftServerConfigKeys (ConfUtils.java:logGet(44)) - raft.server.log.use.memory = false (default)
2020-07-16 15:51:22,283 [pool-407-thread-1] INFO  server.RaftServerConfigKeys (ConfUtils.java:logGet(44)) - raft.server.log.purge.gap = 1000000 (custom)
2020-07-16 15:51:22,283 [pool-407-thread-1] INFO  server.RaftServerConfigKeys (ConfUtils.java:logGet(44)) - raft.server.log.appender.buffer.byte-limit = 33554432 (custom)
2020-07-16 15:51:22,283 [pool-407-thread-1] INFO  server.RaftServerConfigKeys (ConfUtils.java:logGet(44)) - raft.server.log.segment.size.max = 1048576 (custom)
2020-07-16 15:51:22,284 [pool-407-thread-1] INFO  metrics.RatisMetrics (RatisMetrics.java:lambda$create$0(36)) - Creating Metrics Registry : ratis.log_worker.54156d21-c882-42a4-932f-3be78151626f@group-2A196422D3A1
2020-07-16 15:51:22,284 [pool-407-thread-1] INFO  server.RaftServerConfigKeys (ConfUtils.java:logGet(44)) - raft.server.log.segment.cache.num.max = 2 (custom)
2020-07-16 15:51:22,284 [pool-407-thread-1] INFO  segmented.SegmentedRaftLogWorker (SegmentedRaftLogWorker.java:<init>(180)) - new 54156d21-c882-42a4-932f-3be78151626f@group-2A196422D3A1-SegmentedRaftLogWorker for RaftStorage:Storage Directory /github/workspace/mnt/ozone/hadoop-ozone/integration-test/target/test-dir/MiniOzoneClusterImpl-45392ef6-f0d5-4168-b900-afad7710253d/datanode-4/data/ratis/92c66d2b-0479-46c7-a436-2a196422d3a1
2020-07-16 15:51:22,284 [pool-407-thread-1] INFO  server.RaftServerConfigKeys (ConfUtils.java:logGet(44)) - raft.server.log.queue.byte-limit = 2147483647 (custom)
2020-07-16 15:51:22,284 [pool-407-thread-1] INFO  server.RaftServerConfigKeys (ConfUtils.java:logGet(44)) - raft.server.log.queue.element-limit = 1024 (custom)
2020-07-16 15:51:22,284 [pool-407-thread-1] INFO  server.RaftServerConfigKeys (ConfUtils.java:logGet(44)) - raft.server.log.segment.size.max = 1048576 (custom)
2020-07-16 15:51:22,284 [pool-407-thread-1] INFO  server.RaftServerConfigKeys (ConfUtils.java:logGet(44)) - raft.server.log.preallocated.size = 16384 (custom)
2020-07-16 15:51:22,284 [pool-407-thread-1] INFO  server.RaftServerConfigKeys (ConfUtils.java:logGet(44)) - raft.server.log.write.buffer.size = 1048576 (custom)
2020-07-16 15:51:22,284 [pool-407-thread-1] INFO  server.RaftServerConfigKeys (ConfUtils.java:logGet(44)) - raft.server.log.force.sync.num = 128 (default)
2020-07-16 15:51:22,284 [pool-407-thread-1] INFO  server.RaftServerConfigKeys (ConfUtils.java:logGet(44)) - raft.server.log.statemachine.data.sync = true (default)
2020-07-16 15:51:22,284 [pool-407-thread-1] INFO  server.RaftServerConfigKeys (ConfUtils.java:logGet(44)) - raft.server.log.statemachine.data.sync.timeout = 10s (default)
2020-07-16 15:51:22,284 [pool-407-thread-1] INFO  server.RaftServerConfigKeys (ConfUtils.java:logGet(44)) - raft.server.log.statemachine.data.sync.timeout.retry = -1 (default)
2020-07-16 15:51:22,286 [pool-407-thread-1] INFO  server.RaftServerConfigKeys (ConfUtils.java:logGet(44)) - raft.server.log.statemachine.data.caching.enabled = true (custom)
2020-07-16 15:51:22,286 [pool-407-thread-1] INFO  segmented.SegmentedRaftLogWorker (SegmentedRaftLogWorker.java:lambda$new$0(129)) - 54156d21-c882-42a4-932f-3be78151626f@group-2A196422D3A1-SegmentedRaftLogWorker: flushIndex: setUnconditionally 0 -> -1
2020-07-16 15:51:22,286 [pool-407-thread-1] INFO  segmented.SegmentedRaftLogWorker (SegmentedRaftLogWorker.java:lambda$new$0(129)) - 54156d21-c882-42a4-932f-3be78151626f@group-2A196422D3A1-SegmentedRaftLogWorker: safeCacheEvictIndex: setUnconditionally 0 -> -1
2020-07-16 15:51:22,286 [pool-407-thread-1] INFO  server.RaftServerConfigKeys (ConfUtils.java:logGet(44)) - raft.server.snapshot.auto.trigger.enabled = true (custom)
2020-07-16 15:51:22,286 [pool-407-thread-1] INFO  server.RaftServerConfigKeys (ConfUtils.java:logGet(44)) - raft.server.snapshot.auto.trigger.threshold = 10000 (custom)
2020-07-16 15:51:22,286 [pool-407-thread-1] INFO  server.RaftServerConfigKeys (ConfUtils.java:logGet(44)) - raft.server.snapshot.retention.file.num = 5 (custom)
2020-07-16 15:51:22,286 [pool-407-thread-1] INFO  server.RaftServerConfigKeys (ConfUtils.java:logGet(44)) - raft.server.log.purge.upto.snapshot.index = false (default)
2020-07-16 15:51:22,286 [pool-407-thread-1] INFO  server.RaftServerConfigKeys (ConfUtils.java:logGet(44)) - raft.server.retrycache.expirytime = 600000ms (custom)
2020-07-16 15:51:22,286 [pool-407-thread-1] INFO  metrics.RatisMetrics (RatisMetrics.java:lambda$create$0(36)) - Creating Metrics Registry : ratis.leader_election.54156d21-c882-42a4-932f-3be78151626f@group-2A196422D3A1
2020-07-16 15:51:22,287 [pool-407-thread-1] INFO  metrics.RatisMetrics (RatisMetrics.java:lambda$create$0(36)) - Creating Metrics Registry : ratis.server.54156d21-c882-42a4-932f-3be78151626f@group-2A196422D3A1
2020-07-16 15:51:22,288 [pool-407-thread-1] INFO  impl.RaftServerImpl (RaftServerImpl.java:start(186)) - 54156d21-c882-42a4-932f-3be78151626f@group-2A196422D3A1: start as a follower, conf=-1: [8861f160-1711-47f6-a44a-97412e21c0d2:172.17.0.2:44857, 54156d21-c882-42a4-932f-3be78151626f:172.17.0.2:39387, 000e9876-1564-40e7-be97-fe7a2cb99717:172.17.0.2:40603], old=null
2020-07-16 15:51:22,288 [pool-407-thread-1] INFO  impl.RaftServerImpl (RaftServerImpl.java:setRole(175)) - 54156d21-c882-42a4-932f-3be78151626f@group-2A196422D3A1: changes role from      null to FOLLOWER at term 0 for startAsFollower
2020-07-16 15:51:22,288 [pool-407-thread-1] INFO  impl.RoleInfo (RoleInfo.java:updateAndGet(143)) - 54156d21-c882-42a4-932f-3be78151626f: start FollowerState
2020-07-16 15:51:22,288 [pool-407-thread-1] INFO  util.JmxRegister (JmxRegister.java:tryRegister(44)) - Successfully registered JMX Bean with object name Ratis:service=RaftServer,group=group-2A196422D3A1,id=54156d21-c882-42a4-932f-3be78151626f
2020-07-16 15:51:22,288 [pool-407-thread-1] INFO  metrics.RatisMetrics (RatisMetrics.java:lambda$create$0(36)) - Creating Metrics Registry : ratis.state_machine.54156d21-c882-42a4-932f-3be78151626f@group-2A196422D3A1
2020-07-16 15:51:22,302 [grpc-default-executor-7] INFO  impl.RaftServerProxy (RaftServerProxy.java:addNew(89)) - 000e9876-1564-40e7-be97-fe7a2cb99717: addNew group-2A196422D3A1:[8861f160-1711-47f6-a44a-97412e21c0d2:172.17.0.2:44857, 54156d21-c882-42a4-932f-3be78151626f:172.17.0.2:39387, 000e9876-1564-40e7-be97-fe7a2cb99717:172.17.0.2:40603] returns group-2A196422D3A1:java.util.concurrent.CompletableFuture@7934f73b[Not completed]
2020-07-16 15:51:22,303 [pool-422-thread-1] INFO  impl.RaftServerImpl (RaftServerImpl.java:<init>(99)) - 000e9876-1564-40e7-be97-fe7a2cb99717: new RaftServerImpl for group-2A196422D3A1:[8861f160-1711-47f6-a44a-97412e21c0d2:172.17.0.2:44857, 54156d21-c882-42a4-932f-3be78151626f:172.17.0.2:39387, 000e9876-1564-40e7-be97-fe7a2cb99717:172.17.0.2:40603] with ContainerStateMachine:uninitialized
2020-07-16 15:51:22,303 [pool-422-thread-1] INFO  server.RaftServerConfigKeys (ConfUtils.java:logGet(44)) - raft.server.rpc.timeout.min = 5s (custom)
2020-07-16 15:51:22,304 [pool-422-thread-1] INFO  server.RaftServerConfigKeys (ConfUtils.java:logGet(44)) - raft.server.rpc.timeout.max = 5200ms (custom)
2020-07-16 15:51:22,304 [pool-422-thread-1] INFO  server.RaftServerConfigKeys (ConfUtils.java:logGet(44)) - raft.server.rpcslowness.timeout = 300000ms (custom)
2020-07-16 15:51:22,304 [pool-422-thread-1] INFO  server.RaftServerConfigKeys (ConfUtils.java:logGet(44)) - raft.server.sleep.deviation.threshold = 300 (default)
2020-07-16 15:51:22,304 [pool-422-thread-1] INFO  server.RaftServerConfigKeys (ConfUtils.java:logGet(44)) - raft.server.log.appender.install.snapshot.enabled = false (custom)
2020-07-16 15:51:22,304 [pool-422-thread-1] INFO  impl.RaftServerImpl (ServerState.java:<init>(103)) - 000e9876-1564-40e7-be97-fe7a2cb99717@group-2A196422D3A1: ConfigurationManager, init=-1: [8861f160-1711-47f6-a44a-97412e21c0d2:172.17.0.2:44857, 54156d21-c882-42a4-932f-3be78151626f:172.17.0.2:39387, 000e9876-1564-40e7-be97-fe7a2cb99717:172.17.0.2:40603], old=null, confs=<EMPTY_MAP>
2020-07-16 15:51:22,304 [pool-422-thread-1] INFO  server.RaftServerConfigKeys (ConfUtils.java:logGet(44)) - raft.server.storage.dir = [/github/workspace/mnt/ozone/hadoop-ozone/integration-test/target/test-dir/MiniOzoneClusterImpl-45392ef6-f0d5-4168-b900-afad7710253d/datanode-5/data/ratis] (custom)
2020-07-16 15:51:22,304 [pool-422-thread-1] INFO  server.RaftServerConfigKeys (ConfUtils.java:logGet(44)) - raft.server.log.corruption.policy = EXCEPTION (default)
2020-07-16 15:51:22,304 [pool-422-thread-1] INFO  storage.RaftStorageDirectory (RaftStorageDirectory.java:analyzeStorage(261)) - The storage directory /github/workspace/mnt/ozone/hadoop-ozone/integration-test/target/test-dir/MiniOzoneClusterImpl-45392ef6-f0d5-4168-b900-afad7710253d/datanode-5/data/ratis/92c66d2b-0479-46c7-a436-2a196422d3a1 does not exist. Creating ...
2020-07-16 15:51:22,305 [pool-422-thread-1] INFO  storage.RaftStorageDirectory (RaftStorageDirectory.java:tryLock(343)) - Lock on /github/workspace/mnt/ozone/hadoop-ozone/integration-test/target/test-dir/MiniOzoneClusterImpl-45392ef6-f0d5-4168-b900-afad7710253d/datanode-5/data/ratis/92c66d2b-0479-46c7-a436-2a196422d3a1/in_use.lock acquired by nodename 13156@2ac0d1d00fcd
2020-07-16 15:51:22,306 [pool-422-thread-1] INFO  storage.RaftStorage (RaftStorage.java:format(84)) - Storage directory /github/workspace/mnt/ozone/hadoop-ozone/integration-test/target/test-dir/MiniOzoneClusterImpl-45392ef6-f0d5-4168-b900-afad7710253d/datanode-5/data/ratis/92c66d2b-0479-46c7-a436-2a196422d3a1 has been successfully formatted.
2020-07-16 15:51:22,309 [pool-422-thread-1] INFO  ratis.ContainerStateMachine (ContainerStateMachine.java:loadSnapshot(225)) - group-2A196422D3A1: The snapshot info is null. Setting the last applied indexto:(t:0, i:~)
2020-07-16 15:51:22,310 [pool-422-thread-1] INFO  server.RaftServerConfigKeys (ConfUtils.java:logGet(44)) - raft.server.notification.no-leader.timeout = 60s (default)
2020-07-16 15:51:22,311 [pool-422-thread-1] INFO  server.RaftServerConfigKeys (ConfUtils.java:logGet(44)) - raft.server.log.use.memory = false (default)
2020-07-16 15:51:22,311 [pool-422-thread-1] INFO  server.RaftServerConfigKeys (ConfUtils.java:logGet(44)) - raft.server.log.purge.gap = 1000000 (custom)
2020-07-16 15:51:22,311 [pool-422-thread-1] INFO  server.RaftServerConfigKeys (ConfUtils.java:logGet(44)) - raft.server.log.appender.buffer.byte-limit = 33554432 (custom)
2020-07-16 15:51:22,311 [pool-422-thread-1] INFO  server.RaftServerConfigKeys (ConfUtils.java:logGet(44)) - raft.server.log.segment.size.max = 1048576 (custom)
2020-07-16 15:51:22,311 [pool-422-thread-1] INFO  metrics.RatisMetrics (RatisMetrics.java:lambda$create$0(36)) - Creating Metrics Registry : ratis.log_worker.000e9876-1564-40e7-be97-fe7a2cb99717@group-2A196422D3A1
2020-07-16 15:51:22,311 [pool-422-thread-1] INFO  server.RaftServerConfigKeys (ConfUtils.java:logGet(44)) - raft.server.log.segment.cache.num.max = 2 (custom)
2020-07-16 15:51:22,311 [pool-422-thread-1] INFO  segmented.SegmentedRaftLogWorker (SegmentedRaftLogWorker.java:<init>(180)) - new 000e9876-1564-40e7-be97-fe7a2cb99717@group-2A196422D3A1-SegmentedRaftLogWorker for RaftStorage:Storage Directory /github/workspace/mnt/ozone/hadoop-ozone/integration-test/target/test-dir/MiniOzoneClusterImpl-45392ef6-f0d5-4168-b900-afad7710253d/datanode-5/data/ratis/92c66d2b-0479-46c7-a436-2a196422d3a1
2020-07-16 15:51:22,311 [pool-422-thread-1] INFO  server.RaftServerConfigKeys (ConfUtils.java:logGet(44)) - raft.server.log.queue.byte-limit = 2147483647 (custom)
2020-07-16 15:51:22,311 [pool-422-thread-1] INFO  server.RaftServerConfigKeys (ConfUtils.java:logGet(44)) - raft.server.log.queue.element-limit = 1024 (custom)
2020-07-16 15:51:22,311 [pool-422-thread-1] INFO  server.RaftServerConfigKeys (ConfUtils.java:logGet(44)) - raft.server.log.segment.size.max = 1048576 (custom)
2020-07-16 15:51:22,311 [pool-422-thread-1] INFO  server.RaftServerConfigKeys (ConfUtils.java:logGet(44)) - raft.server.log.preallocated.size = 16384 (custom)
2020-07-16 15:51:22,311 [pool-422-thread-1] INFO  server.RaftServerConfigKeys (ConfUtils.java:logGet(44)) - raft.server.log.write.buffer.size = 1048576 (custom)
2020-07-16 15:51:22,312 [pool-422-thread-1] INFO  server.RaftServerConfigKeys (ConfUtils.java:logGet(44)) - raft.server.log.force.sync.num = 128 (default)
2020-07-16 15:51:22,312 [pool-422-thread-1] INFO  server.RaftServerConfigKeys (ConfUtils.java:logGet(44)) - raft.server.log.statemachine.data.sync = true (default)
2020-07-16 15:51:22,312 [pool-422-thread-1] INFO  server.RaftServerConfigKeys (ConfUtils.java:logGet(44)) - raft.server.log.statemachine.data.sync.timeout = 10s (default)
2020-07-16 15:51:22,312 [pool-422-thread-1] INFO  server.RaftServerConfigKeys (ConfUtils.java:logGet(44)) - raft.server.log.statemachine.data.sync.timeout.retry = -1 (default)
2020-07-16 15:51:22,314 [pool-422-thread-1] INFO  server.RaftServerConfigKeys (ConfUtils.java:logGet(44)) - raft.server.log.statemachine.data.caching.enabled = true (custom)
2020-07-16 15:51:22,314 [pool-422-thread-1] INFO  segmented.SegmentedRaftLogWorker (SegmentedRaftLogWorker.java:lambda$new$0(129)) - 000e9876-1564-40e7-be97-fe7a2cb99717@group-2A196422D3A1-SegmentedRaftLogWorker: flushIndex: setUnconditionally 0 -> -1
2020-07-16 15:51:22,314 [pool-422-thread-1] INFO  segmented.SegmentedRaftLogWorker (SegmentedRaftLogWorker.java:lambda$new$0(129)) - 000e9876-1564-40e7-be97-fe7a2cb99717@group-2A196422D3A1-SegmentedRaftLogWorker: safeCacheEvictIndex: setUnconditionally 0 -> -1
2020-07-16 15:51:22,318 [pool-422-thread-1] INFO  server.RaftServerConfigKeys (ConfUtils.java:logGet(44)) - raft.server.snapshot.auto.trigger.enabled = true (custom)
2020-07-16 15:51:22,319 [pool-422-thread-1] INFO  server.RaftServerConfigKeys (ConfUtils.java:logGet(44)) - raft.server.snapshot.auto.trigger.threshold = 10000 (custom)
2020-07-16 15:51:22,319 [pool-422-thread-1] INFO  server.RaftServerConfigKeys (ConfUtils.java:logGet(44)) - raft.server.snapshot.retention.file.num = 5 (custom)
2020-07-16 15:51:22,319 [pool-422-thread-1] INFO  server.RaftServerConfigKeys (ConfUtils.java:logGet(44)) - raft.server.log.purge.upto.snapshot.index = false (default)
2020-07-16 15:51:22,319 [pool-422-thread-1] INFO  server.RaftServerConfigKeys (ConfUtils.java:logGet(44)) - raft.server.retrycache.expirytime = 600000ms (custom)
2020-07-16 15:51:22,319 [pool-422-thread-1] INFO  metrics.RatisMetrics (RatisMetrics.java:lambda$create$0(36)) - Creating Metrics Registry : ratis.leader_election.000e9876-1564-40e7-be97-fe7a2cb99717@group-2A196422D3A1
2020-07-16 15:51:22,319 [pool-422-thread-1] INFO  metrics.RatisMetrics (RatisMetrics.java:lambda$create$0(36)) - Creating Metrics Registry : ratis.server.000e9876-1564-40e7-be97-fe7a2cb99717@group-2A196422D3A1
2020-07-16 15:51:22,321 [pool-422-thread-1] INFO  impl.RaftServerImpl (RaftServerImpl.java:start(186)) - 000e9876-1564-40e7-be97-fe7a2cb99717@group-2A196422D3A1: start as a follower, conf=-1: [8861f160-1711-47f6-a44a-97412e21c0d2:172.17.0.2:44857, 54156d21-c882-42a4-932f-3be78151626f:172.17.0.2:39387, 000e9876-1564-40e7-be97-fe7a2cb99717:172.17.0.2:40603], old=null
2020-07-16 15:51:22,321 [pool-422-thread-1] INFO  impl.RaftServerImpl (RaftServerImpl.java:setRole(175)) - 000e9876-1564-40e7-be97-fe7a2cb99717@group-2A196422D3A1: changes role from      null to FOLLOWER at term 0 for startAsFollower
2020-07-16 15:51:22,321 [pool-422-thread-1] INFO  impl.RoleInfo (RoleInfo.java:updateAndGet(143)) - 000e9876-1564-40e7-be97-fe7a2cb99717: start FollowerState
2020-07-16 15:51:22,321 [pool-422-thread-1] INFO  util.JmxRegister (JmxRegister.java:tryRegister(44)) - Successfully registered JMX Bean with object name Ratis:service=RaftServer,group=group-2A196422D3A1,id=000e9876-1564-40e7-be97-fe7a2cb99717
2020-07-16 15:51:22,322 [pool-422-thread-1] INFO  metrics.RatisMetrics (RatisMetrics.java:lambda$create$0(36)) - Creating Metrics Registry : ratis.state_machine.000e9876-1564-40e7-be97-fe7a2cb99717@group-2A196422D3A1
2020-07-16 15:51:22,326 [Command processor thread] INFO  commandhandler.CreatePipelineCommandHandler (CreatePipelineCommandHandler.java:handle(109)) - Created Pipeline RATIS THREE #id: "92c66d2b-0479-46c7-a436-2a196422d3a1"
uuid128 {
  mostSigBits: -7870483267257284921
  leastSigBits: -6614052714204441695
}
.
2020-07-16 15:51:22,359 [Command processor thread] INFO  impl.RaftServerProxy (RaftServerProxy.java:addNew(89)) - 54156d21-c882-42a4-932f-3be78151626f: addNew group-6D62B9611539:[54156d21-c882-42a4-932f-3be78151626f:172.17.0.2:39387] returns group-6D62B9611539:java.util.concurrent.CompletableFuture@9c8a815[Not completed]
2020-07-16 15:51:22,359 [pool-407-thread-1] INFO  impl.RaftServerImpl (RaftServerImpl.java:<init>(99)) - 54156d21-c882-42a4-932f-3be78151626f: new RaftServerImpl for group-6D62B9611539:[54156d21-c882-42a4-932f-3be78151626f:172.17.0.2:39387] with ContainerStateMachine:uninitialized
2020-07-16 15:51:22,359 [pool-407-thread-1] INFO  server.RaftServerConfigKeys (ConfUtils.java:logGet(44)) - raft.server.rpc.timeout.min = 5s (custom)
2020-07-16 15:51:22,359 [pool-407-thread-1] INFO  server.RaftServerConfigKeys (ConfUtils.java:logGet(44)) - raft.server.rpc.timeout.max = 5200ms (custom)
2020-07-16 15:51:22,360 [pool-407-thread-1] INFO  server.RaftServerConfigKeys (ConfUtils.java:logGet(44)) - raft.server.rpcslowness.timeout = 300000ms (custom)
2020-07-16 15:51:22,360 [pool-407-thread-1] INFO  server.RaftServerConfigKeys (ConfUtils.java:logGet(44)) - raft.server.sleep.deviation.threshold = 300 (default)
2020-07-16 15:51:22,360 [pool-407-thread-1] INFO  server.RaftServerConfigKeys (ConfUtils.java:logGet(44)) - raft.server.log.appender.install.snapshot.enabled = false (custom)
2020-07-16 15:51:22,360 [pool-407-thread-1] INFO  impl.RaftServerImpl (ServerState.java:<init>(103)) - 54156d21-c882-42a4-932f-3be78151626f@group-6D62B9611539: ConfigurationManager, init=-1: [54156d21-c882-42a4-932f-3be78151626f:172.17.0.2:39387], old=null, confs=<EMPTY_MAP>
2020-07-16 15:51:22,360 [pool-407-thread-1] INFO  server.RaftServerConfigKeys (ConfUtils.java:logGet(44)) - raft.server.storage.dir = [/github/workspace/mnt/ozone/hadoop-ozone/integration-test/target/test-dir/MiniOzoneClusterImpl-45392ef6-f0d5-4168-b900-afad7710253d/datanode-4/data/ratis] (custom)
2020-07-16 15:51:22,360 [pool-407-thread-1] INFO  server.RaftServerConfigKeys (ConfUtils.java:logGet(44)) - raft.server.log.corruption.policy = EXCEPTION (default)
2020-07-16 15:51:22,360 [pool-407-thread-1] INFO  storage.RaftStorageDirectory (RaftStorageDirectory.java:analyzeStorage(261)) - The storage directory /github/workspace/mnt/ozone/hadoop-ozone/integration-test/target/test-dir/MiniOzoneClusterImpl-45392ef6-f0d5-4168-b900-afad7710253d/datanode-4/data/ratis/66146f17-b184-45aa-82e0-6d62b9611539 does not exist. Creating ...
2020-07-16 15:51:22,361 [pool-407-thread-1] INFO  storage.RaftStorageDirectory (RaftStorageDirectory.java:tryLock(343)) - Lock on /github/workspace/mnt/ozone/hadoop-ozone/integration-test/target/test-dir/MiniOzoneClusterImpl-45392ef6-f0d5-4168-b900-afad7710253d/datanode-4/data/ratis/66146f17-b184-45aa-82e0-6d62b9611539/in_use.lock acquired by nodename 13156@2ac0d1d00fcd
2020-07-16 15:51:22,362 [pool-407-thread-1] INFO  storage.RaftStorage (RaftStorage.java:format(84)) - Storage directory /github/workspace/mnt/ozone/hadoop-ozone/integration-test/target/test-dir/MiniOzoneClusterImpl-45392ef6-f0d5-4168-b900-afad7710253d/datanode-4/data/ratis/66146f17-b184-45aa-82e0-6d62b9611539 has been successfully formatted.
2020-07-16 15:51:22,363 [pool-407-thread-1] INFO  ratis.ContainerStateMachine (ContainerStateMachine.java:loadSnapshot(225)) - group-6D62B9611539: The snapshot info is null. Setting the last applied indexto:(t:0, i:~)
2020-07-16 15:51:22,363 [pool-407-thread-1] INFO  server.RaftServerConfigKeys (ConfUtils.java:logGet(44)) - raft.server.notification.no-leader.timeout = 60s (default)
2020-07-16 15:51:22,363 [pool-407-thread-1] INFO  server.RaftServerConfigKeys (ConfUtils.java:logGet(44)) - raft.server.log.use.memory = false (default)
2020-07-16 15:51:22,363 [EventQueue-PipelineReportForPipelineReportHandler] INFO  pipeline.PipelineStateManager (PipelineStateManager.java:openPipeline(131)) - Pipeline Pipeline[ Id: 66146f17-b184-45aa-82e0-6d62b9611539, Nodes: 54156d21-c882-42a4-932f-3be78151626f{ip: 172.17.0.2, host: 2ac0d1d00fcd, networkLocation: /default-rack, certSerialId: null}, Type:RATIS, Factor:ONE, State:ALLOCATED, leaderId:54156d21-c882-42a4-932f-3be78151626f, CreationTimestamp2020-07-16T15:51:19.360Z] moved to OPEN state
2020-07-16 15:51:22,364 [EventQueue-OpenPipelineForHealthyPipelineSafeModeRule] INFO  safemode.SCMSafeModeManager (HealthyPipelineSafeModeRule.java:process(129)) - SCM in safe mode. Healthy pipelines reported count is 0, required healthy pipeline reported count is 1
2020-07-16 15:51:22,364 [EventQueue-OpenPipelineForOneReplicaPipelineSafeModeRule] INFO  safemode.SCMSafeModeManager (SCMSafeModeManager.java:validateSafeModeExitRules(214)) - AtleastOneDatanodeReportedRule rule is successfully validated
2020-07-16 15:51:22,364 [pool-407-thread-1] INFO  server.RaftServerConfigKeys (ConfUtils.java:logGet(44)) - raft.server.log.purge.gap = 1000000 (custom)
2020-07-16 15:51:22,364 [pool-407-thread-1] INFO  server.RaftServerConfigKeys (ConfUtils.java:logGet(44)) - raft.server.log.appender.buffer.byte-limit = 33554432 (custom)
2020-07-16 15:51:22,364 [pool-407-thread-1] INFO  server.RaftServerConfigKeys (ConfUtils.java:logGet(44)) - raft.server.log.segment.size.max = 1048576 (custom)
2020-07-16 15:51:22,364 [pool-407-thread-1] INFO  metrics.RatisMetrics (RatisMetrics.java:lambda$create$0(36)) - Creating Metrics Registry : ratis.log_worker.54156d21-c882-42a4-932f-3be78151626f@group-6D62B9611539
2020-07-16 15:51:22,364 [pool-407-thread-1] INFO  server.RaftServerConfigKeys (ConfUtils.java:logGet(44)) - raft.server.log.segment.cache.num.max = 2 (custom)
2020-07-16 15:51:22,364 [pool-407-thread-1] INFO  segmented.SegmentedRaftLogWorker (SegmentedRaftLogWorker.java:<init>(180)) - new 54156d21-c882-42a4-932f-3be78151626f@group-6D62B9611539-SegmentedRaftLogWorker for RaftStorage:Storage Directory /github/workspace/mnt/ozone/hadoop-ozone/integration-test/target/test-dir/MiniOzoneClusterImpl-45392ef6-f0d5-4168-b900-afad7710253d/datanode-4/data/ratis/66146f17-b184-45aa-82e0-6d62b9611539
2020-07-16 15:51:22,364 [pool-407-thread-1] INFO  server.RaftServerConfigKeys (ConfUtils.java:logGet(44)) - raft.server.log.queue.byte-limit = 2147483647 (custom)
2020-07-16 15:51:22,364 [pool-407-thread-1] INFO  server.RaftServerConfigKeys (ConfUtils.java:logGet(44)) - raft.server.log.queue.element-limit = 1024 (custom)
2020-07-16 15:51:22,364 [pool-407-thread-1] INFO  server.RaftServerConfigKeys (ConfUtils.java:logGet(44)) - raft.server.log.segment.size.max = 1048576 (custom)
2020-07-16 15:51:22,364 [pool-407-thread-1] INFO  server.RaftServerConfigKeys (ConfUtils.java:logGet(44)) - raft.server.log.preallocated.size = 16384 (custom)
2020-07-16 15:51:22,364 [pool-407-thread-1] INFO  server.RaftServerConfigKeys (ConfUtils.java:logGet(44)) - raft.server.log.write.buffer.size = 1048576 (custom)
2020-07-16 15:51:22,364 [pool-407-thread-1] INFO  server.RaftServerConfigKeys (ConfUtils.java:logGet(44)) - raft.server.log.force.sync.num = 128 (default)
2020-07-16 15:51:22,364 [pool-407-thread-1] INFO  server.RaftServerConfigKeys (ConfUtils.java:logGet(44)) - raft.server.log.statemachine.data.sync = true (default)
2020-07-16 15:51:22,365 [pool-407-thread-1] INFO  server.RaftServerConfigKeys (ConfUtils.java:logGet(44)) - raft.server.log.statemachine.data.sync.timeout = 10s (default)
2020-07-16 15:51:22,365 [pool-407-thread-1] INFO  server.RaftServerConfigKeys (ConfUtils.java:logGet(44)) - raft.server.log.statemachine.data.sync.timeout.retry = -1 (default)
2020-07-16 15:51:22,366 [pool-407-thread-1] INFO  server.RaftServerConfigKeys (ConfUtils.java:logGet(44)) - raft.server.log.statemachine.data.caching.enabled = true (custom)
2020-07-16 15:51:22,366 [pool-407-thread-1] INFO  segmented.SegmentedRaftLogWorker (SegmentedRaftLogWorker.java:lambda$new$0(129)) - 54156d21-c882-42a4-932f-3be78151626f@group-6D62B9611539-SegmentedRaftLogWorker: flushIndex: setUnconditionally 0 -> -1
2020-07-16 15:51:22,366 [pool-407-thread-1] INFO  segmented.SegmentedRaftLogWorker (SegmentedRaftLogWorker.java:lambda$new$0(129)) - 54156d21-c882-42a4-932f-3be78151626f@group-6D62B9611539-SegmentedRaftLogWorker: safeCacheEvictIndex: setUnconditionally 0 -> -1
2020-07-16 15:51:22,367 [pool-407-thread-1] INFO  server.RaftServerConfigKeys (ConfUtils.java:logGet(44)) - raft.server.snapshot.auto.trigger.enabled = true (custom)
2020-07-16 15:51:22,367 [pool-407-thread-1] INFO  server.RaftServerConfigKeys (ConfUtils.java:logGet(44)) - raft.server.snapshot.auto.trigger.threshold = 10000 (custom)
2020-07-16 15:51:22,367 [pool-407-thread-1] INFO  server.RaftServerConfigKeys (ConfUtils.java:logGet(44)) - raft.server.snapshot.retention.file.num = 5 (custom)
2020-07-16 15:51:22,367 [pool-407-thread-1] INFO  server.RaftServerConfigKeys (ConfUtils.java:logGet(44)) - raft.server.log.purge.upto.snapshot.index = false (default)
2020-07-16 15:51:22,367 [pool-407-thread-1] INFO  server.RaftServerConfigKeys (ConfUtils.java:logGet(44)) - raft.server.retrycache.expirytime = 600000ms (custom)
2020-07-16 15:51:22,367 [pool-407-thread-1] INFO  metrics.RatisMetrics (RatisMetrics.java:lambda$create$0(36)) - Creating Metrics Registry : ratis.leader_election.54156d21-c882-42a4-932f-3be78151626f@group-6D62B9611539
2020-07-16 15:51:22,367 [pool-407-thread-1] INFO  metrics.RatisMetrics (RatisMetrics.java:lambda$create$0(36)) - Creating Metrics Registry : ratis.server.54156d21-c882-42a4-932f-3be78151626f@group-6D62B9611539
2020-07-16 15:51:22,368 [pool-407-thread-1] INFO  impl.RaftServerImpl (RaftServerImpl.java:start(186)) - 54156d21-c882-42a4-932f-3be78151626f@group-6D62B9611539: start as a follower, conf=-1: [54156d21-c882-42a4-932f-3be78151626f:172.17.0.2:39387], old=null
2020-07-16 15:51:22,368 [pool-407-thread-1] INFO  impl.RaftServerImpl (RaftServerImpl.java:setRole(175)) - 54156d21-c882-42a4-932f-3be78151626f@group-6D62B9611539: changes role from      null to FOLLOWER at term 0 for startAsFollower
2020-07-16 15:51:22,368 [pool-407-thread-1] INFO  impl.RoleInfo (RoleInfo.java:updateAndGet(143)) - 54156d21-c882-42a4-932f-3be78151626f: start FollowerState
2020-07-16 15:51:22,369 [pool-407-thread-1] INFO  util.JmxRegister (JmxRegister.java:tryRegister(44)) - Successfully registered JMX Bean with object name Ratis:service=RaftServer,group=group-6D62B9611539,id=54156d21-c882-42a4-932f-3be78151626f
2020-07-16 15:51:22,369 [pool-407-thread-1] INFO  metrics.RatisMetrics (RatisMetrics.java:lambda$create$0(36)) - Creating Metrics Registry : ratis.state_machine.54156d21-c882-42a4-932f-3be78151626f@group-6D62B9611539
2020-07-16 15:51:22,369 [Command processor thread] INFO  commandhandler.CreatePipelineCommandHandler (CreatePipelineCommandHandler.java:handle(109)) - Created Pipeline RATIS ONE #id: "66146f17-b184-45aa-82e0-6d62b9611539"
uuid128 {
  mostSigBits: 7355626238956029354
  leastSigBits: -9016086183211363015
}
.
2020-07-16 15:51:22,469 [Command processor thread] INFO  impl.RaftServerProxy (RaftServerProxy.java:addNew(89)) - 000e9876-1564-40e7-be97-fe7a2cb99717: addNew group-28ED5D1E31AC:[000e9876-1564-40e7-be97-fe7a2cb99717:172.17.0.2:40603] returns group-28ED5D1E31AC:java.util.concurrent.CompletableFuture@542d75fa[Not completed]
2020-07-16 15:51:22,470 [pool-422-thread-1] INFO  impl.RaftServerImpl (RaftServerImpl.java:<init>(99)) - 000e9876-1564-40e7-be97-fe7a2cb99717: new RaftServerImpl for group-28ED5D1E31AC:[000e9876-1564-40e7-be97-fe7a2cb99717:172.17.0.2:40603] with ContainerStateMachine:uninitialized
2020-07-16 15:51:22,470 [pool-422-thread-1] INFO  server.RaftServerConfigKeys (ConfUtils.java:logGet(44)) - raft.server.rpc.timeout.min = 5s (custom)
2020-07-16 15:51:22,470 [pool-422-thread-1] INFO  server.RaftServerConfigKeys (ConfUtils.java:logGet(44)) - raft.server.rpc.timeout.max = 5200ms (custom)
2020-07-16 15:51:22,470 [pool-422-thread-1] INFO  server.RaftServerConfigKeys (ConfUtils.java:logGet(44)) - raft.server.rpcslowness.timeout = 300000ms (custom)
2020-07-16 15:51:22,470 [pool-422-thread-1] INFO  server.RaftServerConfigKeys (ConfUtils.java:logGet(44)) - raft.server.sleep.deviation.threshold = 300 (default)
2020-07-16 15:51:22,470 [pool-422-thread-1] INFO  server.RaftServerConfigKeys (ConfUtils.java:logGet(44)) - raft.server.log.appender.install.snapshot.enabled = false (custom)
2020-07-16 15:51:22,470 [pool-422-thread-1] INFO  impl.RaftServerImpl (ServerState.java:<init>(103)) - 000e9876-1564-40e7-be97-fe7a2cb99717@group-28ED5D1E31AC: ConfigurationManager, init=-1: [000e9876-1564-40e7-be97-fe7a2cb99717:172.17.0.2:40603], old=null, confs=<EMPTY_MAP>
2020-07-16 15:51:22,470 [pool-422-thread-1] INFO  server.RaftServerConfigKeys (ConfUtils.java:logGet(44)) - raft.server.storage.dir = [/github/workspace/mnt/ozone/hadoop-ozone/integration-test/target/test-dir/MiniOzoneClusterImpl-45392ef6-f0d5-4168-b900-afad7710253d/datanode-5/data/ratis] (custom)
2020-07-16 15:51:22,470 [pool-422-thread-1] INFO  server.RaftServerConfigKeys (ConfUtils.java:logGet(44)) - raft.server.log.corruption.policy = EXCEPTION (default)
2020-07-16 15:51:22,470 [pool-422-thread-1] INFO  storage.RaftStorageDirectory (RaftStorageDirectory.java:analyzeStorage(261)) - The storage directory /github/workspace/mnt/ozone/hadoop-ozone/integration-test/target/test-dir/MiniOzoneClusterImpl-45392ef6-f0d5-4168-b900-afad7710253d/datanode-5/data/ratis/4bb689cc-b6d4-4e11-aee2-28ed5d1e31ac does not exist. Creating ...
2020-07-16 15:51:22,471 [pool-422-thread-1] INFO  storage.RaftStorageDirectory (RaftStorageDirectory.java:tryLock(343)) - Lock on /github/workspace/mnt/ozone/hadoop-ozone/integration-test/target/test-dir/MiniOzoneClusterImpl-45392ef6-f0d5-4168-b900-afad7710253d/datanode-5/data/ratis/4bb689cc-b6d4-4e11-aee2-28ed5d1e31ac/in_use.lock acquired by nodename 13156@2ac0d1d00fcd
2020-07-16 15:51:22,473 [pool-422-thread-1] INFO  storage.RaftStorage (RaftStorage.java:format(84)) - Storage directory /github/workspace/mnt/ozone/hadoop-ozone/integration-test/target/test-dir/MiniOzoneClusterImpl-45392ef6-f0d5-4168-b900-afad7710253d/datanode-5/data/ratis/4bb689cc-b6d4-4e11-aee2-28ed5d1e31ac has been successfully formatted.
2020-07-16 15:51:22,473 [pool-422-thread-1] INFO  ratis.ContainerStateMachine (ContainerStateMachine.java:loadSnapshot(225)) - group-28ED5D1E31AC: The snapshot info is null. Setting the last applied indexto:(t:0, i:~)
2020-07-16 15:51:22,473 [EventQueue-PipelineReportForPipelineReportHandler] INFO  pipeline.PipelineStateManager (PipelineStateManager.java:openPipeline(131)) - Pipeline Pipeline[ Id: 4bb689cc-b6d4-4e11-aee2-28ed5d1e31ac, Nodes: 000e9876-1564-40e7-be97-fe7a2cb99717{ip: 172.17.0.2, host: 2ac0d1d00fcd, networkLocation: /default-rack, certSerialId: null}, Type:RATIS, Factor:ONE, State:ALLOCATED, leaderId:000e9876-1564-40e7-be97-fe7a2cb99717, CreationTimestamp2020-07-16T15:51:19.470Z] moved to OPEN state
2020-07-16 15:51:22,474 [EventQueue-OpenPipelineForHealthyPipelineSafeModeRule] INFO  safemode.SCMSafeModeManager (HealthyPipelineSafeModeRule.java:process(129)) - SCM in safe mode. Healthy pipelines reported count is 0, required healthy pipeline reported count is 1
2020-07-16 15:51:22,474 [EventQueue-OpenPipelineForOneReplicaPipelineSafeModeRule] INFO  safemode.SCMSafeModeManager (SCMSafeModeManager.java:validateSafeModeExitRules(214)) - AtleastOneDatanodeReportedRule rule is successfully validated
2020-07-16 15:51:22,474 [pool-422-thread-1] INFO  server.RaftServerConfigKeys (ConfUtils.java:logGet(44)) - raft.server.notification.no-leader.timeout = 60s (default)
2020-07-16 15:51:22,474 [pool-422-thread-1] INFO  server.RaftServerConfigKeys (ConfUtils.java:logGet(44)) - raft.server.log.use.memory = false (default)
2020-07-16 15:51:22,474 [pool-422-thread-1] INFO  server.RaftServerConfigKeys (ConfUtils.java:logGet(44)) - raft.server.log.purge.gap = 1000000 (custom)
2020-07-16 15:51:22,474 [pool-422-thread-1] INFO  server.RaftServerConfigKeys (ConfUtils.java:logGet(44)) - raft.server.log.appender.buffer.byte-limit = 33554432 (custom)
2020-07-16 15:51:22,474 [pool-422-thread-1] INFO  server.RaftServerConfigKeys (ConfUtils.java:logGet(44)) - raft.server.log.segment.size.max = 1048576 (custom)
2020-07-16 15:51:22,474 [pool-422-thread-1] INFO  metrics.RatisMetrics (RatisMetrics.java:lambda$create$0(36)) - Creating Metrics Registry : ratis.log_worker.000e9876-1564-40e7-be97-fe7a2cb99717@group-28ED5D1E31AC
2020-07-16 15:51:22,475 [pool-422-thread-1] INFO  server.RaftServerConfigKeys (ConfUtils.java:logGet(44)) - raft.server.log.segment.cache.num.max = 2 (custom)
2020-07-16 15:51:22,475 [pool-422-thread-1] INFO  segmented.SegmentedRaftLogWorker (SegmentedRaftLogWorker.java:<init>(180)) - new 000e9876-1564-40e7-be97-fe7a2cb99717@group-28ED5D1E31AC-SegmentedRaftLogWorker for RaftStorage:Storage Directory /github/workspace/mnt/ozone/hadoop-ozone/integration-test/target/test-dir/MiniOzoneClusterImpl-45392ef6-f0d5-4168-b900-afad7710253d/datanode-5/data/ratis/4bb689cc-b6d4-4e11-aee2-28ed5d1e31ac
2020-07-16 15:51:22,475 [pool-422-thread-1] INFO  server.RaftServerConfigKeys (ConfUtils.java:logGet(44)) - raft.server.log.queue.byte-limit = 2147483647 (custom)
2020-07-16 15:51:22,475 [pool-422-thread-1] INFO  server.RaftServerConfigKeys (ConfUtils.java:logGet(44)) - raft.server.log.queue.element-limit = 1024 (custom)
2020-07-16 15:51:22,475 [pool-422-thread-1] INFO  server.RaftServerConfigKeys (ConfUtils.java:logGet(44)) - raft.server.log.segment.size.max = 1048576 (custom)
2020-07-16 15:51:22,475 [pool-422-thread-1] INFO  server.RaftServerConfigKeys (ConfUtils.java:logGet(44)) - raft.server.log.preallocated.size = 16384 (custom)
2020-07-16 15:51:22,475 [pool-422-thread-1] INFO  server.RaftServerConfigKeys (ConfUtils.java:logGet(44)) - raft.server.log.write.buffer.size = 1048576 (custom)
2020-07-16 15:51:22,475 [pool-422-thread-1] INFO  server.RaftServerConfigKeys (ConfUtils.java:logGet(44)) - raft.server.log.force.sync.num = 128 (default)
2020-07-16 15:51:22,475 [pool-422-thread-1] INFO  server.RaftServerConfigKeys (ConfUtils.java:logGet(44)) - raft.server.log.statemachine.data.sync = true (default)
2020-07-16 15:51:22,475 [pool-422-thread-1] INFO  server.RaftServerConfigKeys (ConfUtils.java:logGet(44)) - raft.server.log.statemachine.data.sync.timeout = 10s (default)
2020-07-16 15:51:22,476 [pool-422-thread-1] INFO  server.RaftServerConfigKeys (ConfUtils.java:logGet(44)) - raft.server.log.statemachine.data.sync.timeout.retry = -1 (default)
2020-07-16 15:51:22,477 [pool-422-thread-1] INFO  server.RaftServerConfigKeys (ConfUtils.java:logGet(44)) - raft.server.log.statemachine.data.caching.enabled = true (custom)
2020-07-16 15:51:22,477 [pool-422-thread-1] INFO  segmented.SegmentedRaftLogWorker (SegmentedRaftLogWorker.java:lambda$new$0(129)) - 000e9876-1564-40e7-be97-fe7a2cb99717@group-28ED5D1E31AC-SegmentedRaftLogWorker: flushIndex: setUnconditionally 0 -> -1
2020-07-16 15:51:22,478 [pool-422-thread-1] INFO  segmented.SegmentedRaftLogWorker (SegmentedRaftLogWorker.java:lambda$new$0(129)) - 000e9876-1564-40e7-be97-fe7a2cb99717@group-28ED5D1E31AC-SegmentedRaftLogWorker: safeCacheEvictIndex: setUnconditionally 0 -> -1
2020-07-16 15:51:22,478 [pool-422-thread-1] INFO  server.RaftServerConfigKeys (ConfUtils.java:logGet(44)) - raft.server.snapshot.auto.trigger.enabled = true (custom)
2020-07-16 15:51:22,478 [pool-422-thread-1] INFO  server.RaftServerConfigKeys (ConfUtils.java:logGet(44)) - raft.server.snapshot.auto.trigger.threshold = 10000 (custom)
2020-07-16 15:51:22,478 [pool-422-thread-1] INFO  server.RaftServerConfigKeys (ConfUtils.java:logGet(44)) - raft.server.snapshot.retention.file.num = 5 (custom)
2020-07-16 15:51:22,478 [pool-422-thread-1] INFO  server.RaftServerConfigKeys (ConfUtils.java:logGet(44)) - raft.server.log.purge.upto.snapshot.index = false (default)
2020-07-16 15:51:22,478 [pool-422-thread-1] INFO  server.RaftServerConfigKeys (ConfUtils.java:logGet(44)) - raft.server.retrycache.expirytime = 600000ms (custom)
2020-07-16 15:51:22,478 [pool-422-thread-1] INFO  metrics.RatisMetrics (RatisMetrics.java:lambda$create$0(36)) - Creating Metrics Registry : ratis.leader_election.000e9876-1564-40e7-be97-fe7a2cb99717@group-28ED5D1E31AC
2020-07-16 15:51:22,479 [pool-422-thread-1] INFO  metrics.RatisMetrics (RatisMetrics.java:lambda$create$0(36)) - Creating Metrics Registry : ratis.server.000e9876-1564-40e7-be97-fe7a2cb99717@group-28ED5D1E31AC
2020-07-16 15:51:22,480 [pool-422-thread-1] INFO  impl.RaftServerImpl (RaftServerImpl.java:start(186)) - 000e9876-1564-40e7-be97-fe7a2cb99717@group-28ED5D1E31AC: start as a follower, conf=-1: [000e9876-1564-40e7-be97-fe7a2cb99717:172.17.0.2:40603], old=null
2020-07-16 15:51:22,480 [pool-422-thread-1] INFO  impl.RaftServerImpl (RaftServerImpl.java:setRole(175)) - 000e9876-1564-40e7-be97-fe7a2cb99717@group-28ED5D1E31AC: changes role from      null to FOLLOWER at term 0 for startAsFollower
2020-07-16 15:51:22,480 [pool-422-thread-1] INFO  impl.RoleInfo (RoleInfo.java:updateAndGet(143)) - 000e9876-1564-40e7-be97-fe7a2cb99717: start FollowerState
2020-07-16 15:51:22,480 [pool-422-thread-1] INFO  util.JmxRegister (JmxRegister.java:tryRegister(44)) - Successfully registered JMX Bean with object name Ratis:service=RaftServer,group=group-28ED5D1E31AC,id=000e9876-1564-40e7-be97-fe7a2cb99717
2020-07-16 15:51:22,480 [pool-422-thread-1] INFO  metrics.RatisMetrics (RatisMetrics.java:lambda$create$0(36)) - Creating Metrics Registry : ratis.state_machine.000e9876-1564-40e7-be97-fe7a2cb99717@group-28ED5D1E31AC
2020-07-16 15:51:22,481 [Command processor thread] INFO  commandhandler.CreatePipelineCommandHandler (CreatePipelineCommandHandler.java:handle(109)) - Created Pipeline RATIS ONE #id: "4bb689cc-b6d4-4e11-aee2-28ed5d1e31ac"
uuid128 {
  mostSigBits: 5455699510939635217
  leastSigBits: -5845064366438862420
}
.
2020-07-16 15:51:22,587 [Command processor thread] INFO  impl.RaftServerProxy (RaftServerProxy.java:addNew(89)) - a6d40ba8-5007-4ff3-951d-f8e344c09f1a: addNew group-25346136161F:[a6d40ba8-5007-4ff3-951d-f8e344c09f1a:172.17.0.2:46485] returns group-25346136161F:java.util.concurrent.CompletableFuture@586ea58c[Not completed]
2020-07-16 15:51:22,588 [pool-437-thread-1] INFO  impl.RaftServerImpl (RaftServerImpl.java:<init>(99)) - a6d40ba8-5007-4ff3-951d-f8e344c09f1a: new RaftServerImpl for group-25346136161F:[a6d40ba8-5007-4ff3-951d-f8e344c09f1a:172.17.0.2:46485] with ContainerStateMachine:uninitialized
2020-07-16 15:51:22,588 [pool-437-thread-1] INFO  server.RaftServerConfigKeys (ConfUtils.java:logGet(44)) - raft.server.rpc.timeout.min = 5s (custom)
2020-07-16 15:51:22,588 [pool-437-thread-1] INFO  server.RaftServerConfigKeys (ConfUtils.java:logGet(44)) - raft.server.rpc.timeout.max = 5200ms (custom)
2020-07-16 15:51:22,588 [pool-437-thread-1] INFO  server.RaftServerConfigKeys (ConfUtils.java:logGet(44)) - raft.server.rpcslowness.timeout = 300000ms (custom)
2020-07-16 15:51:22,588 [pool-437-thread-1] INFO  server.RaftServerConfigKeys (ConfUtils.java:logGet(44)) - raft.server.sleep.deviation.threshold = 300 (default)
2020-07-16 15:51:22,588 [pool-437-thread-1] INFO  server.RaftServerConfigKeys (ConfUtils.java:logGet(44)) - raft.server.log.appender.install.snapshot.enabled = false (custom)
2020-07-16 15:51:22,588 [pool-437-thread-1] INFO  impl.RaftServerImpl (ServerState.java:<init>(103)) - a6d40ba8-5007-4ff3-951d-f8e344c09f1a@group-25346136161F: ConfigurationManager, init=-1: [a6d40ba8-5007-4ff3-951d-f8e344c09f1a:172.17.0.2:46485], old=null, confs=<EMPTY_MAP>
2020-07-16 15:51:22,588 [pool-437-thread-1] INFO  server.RaftServerConfigKeys (ConfUtils.java:logGet(44)) - raft.server.storage.dir = [/github/workspace/mnt/ozone/hadoop-ozone/integration-test/target/test-dir/MiniOzoneClusterImpl-45392ef6-f0d5-4168-b900-afad7710253d/datanode-6/data/ratis] (custom)
2020-07-16 15:51:22,589 [pool-437-thread-1] INFO  server.RaftServerConfigKeys (ConfUtils.java:logGet(44)) - raft.server.log.corruption.policy = EXCEPTION (default)
2020-07-16 15:51:22,589 [pool-437-thread-1] INFO  storage.RaftStorageDirectory (RaftStorageDirectory.java:analyzeStorage(261)) - The storage directory /github/workspace/mnt/ozone/hadoop-ozone/integration-test/target/test-dir/MiniOzoneClusterImpl-45392ef6-f0d5-4168-b900-afad7710253d/datanode-6/data/ratis/0d163f20-84b3-4ead-b3ae-25346136161f does not exist. Creating ...
2020-07-16 15:51:22,590 [pool-437-thread-1] INFO  storage.RaftStorageDirectory (RaftStorageDirectory.java:tryLock(343)) - Lock on /github/workspace/mnt/ozone/hadoop-ozone/integration-test/target/test-dir/MiniOzoneClusterImpl-45392ef6-f0d5-4168-b900-afad7710253d/datanode-6/data/ratis/0d163f20-84b3-4ead-b3ae-25346136161f/in_use.lock acquired by nodename 13156@2ac0d1d00fcd
2020-07-16 15:51:22,591 [pool-437-thread-1] INFO  storage.RaftStorage (RaftStorage.java:format(84)) - Storage directory /github/workspace/mnt/ozone/hadoop-ozone/integration-test/target/test-dir/MiniOzoneClusterImpl-45392ef6-f0d5-4168-b900-afad7710253d/datanode-6/data/ratis/0d163f20-84b3-4ead-b3ae-25346136161f has been successfully formatted.
2020-07-16 15:51:22,592 [pool-437-thread-1] INFO  ratis.ContainerStateMachine (ContainerStateMachine.java:loadSnapshot(225)) - group-25346136161F: The snapshot info is null. Setting the last applied indexto:(t:0, i:~)
2020-07-16 15:51:22,593 [pool-437-thread-1] INFO  server.RaftServerConfigKeys (ConfUtils.java:logGet(44)) - raft.server.notification.no-leader.timeout = 60s (default)
2020-07-16 15:51:22,593 [pool-437-thread-1] INFO  server.RaftServerConfigKeys (ConfUtils.java:logGet(44)) - raft.server.log.use.memory = false (default)
2020-07-16 15:51:22,593 [pool-437-thread-1] INFO  server.RaftServerConfigKeys (ConfUtils.java:logGet(44)) - raft.server.log.purge.gap = 1000000 (custom)
2020-07-16 15:51:22,593 [EventQueue-PipelineReportForPipelineReportHandler] INFO  pipeline.PipelineStateManager (PipelineStateManager.java:openPipeline(131)) - Pipeline Pipeline[ Id: 0d163f20-84b3-4ead-b3ae-25346136161f, Nodes: a6d40ba8-5007-4ff3-951d-f8e344c09f1a{ip: 172.17.0.2, host: 2ac0d1d00fcd, networkLocation: /default-rack, certSerialId: null}, Type:RATIS, Factor:ONE, State:ALLOCATED, leaderId:a6d40ba8-5007-4ff3-951d-f8e344c09f1a, CreationTimestamp2020-07-16T15:51:19.589Z] moved to OPEN state
2020-07-16 15:51:22,593 [pool-437-thread-1] INFO  server.RaftServerConfigKeys (ConfUtils.java:logGet(44)) - raft.server.log.appender.buffer.byte-limit = 33554432 (custom)
2020-07-16 15:51:22,593 [pool-437-thread-1] INFO  server.RaftServerConfigKeys (ConfUtils.java:logGet(44)) - raft.server.log.segment.size.max = 1048576 (custom)
2020-07-16 15:51:22,593 [EventQueue-OpenPipelineForOneReplicaPipelineSafeModeRule] INFO  safemode.SCMSafeModeManager (SCMSafeModeManager.java:validateSafeModeExitRules(214)) - AtleastOneDatanodeReportedRule rule is successfully validated
2020-07-16 15:51:22,593 [EventQueue-OpenPipelineForHealthyPipelineSafeModeRule] INFO  safemode.SCMSafeModeManager (HealthyPipelineSafeModeRule.java:process(129)) - SCM in safe mode. Healthy pipelines reported count is 0, required healthy pipeline reported count is 1
2020-07-16 15:51:22,593 [pool-437-thread-1] INFO  metrics.RatisMetrics (RatisMetrics.java:lambda$create$0(36)) - Creating Metrics Registry : ratis.log_worker.a6d40ba8-5007-4ff3-951d-f8e344c09f1a@group-25346136161F
2020-07-16 15:51:22,594 [pool-437-thread-1] INFO  server.RaftServerConfigKeys (ConfUtils.java:logGet(44)) - raft.server.log.segment.cache.num.max = 2 (custom)
2020-07-16 15:51:22,594 [pool-437-thread-1] INFO  segmented.SegmentedRaftLogWorker (SegmentedRaftLogWorker.java:<init>(180)) - new a6d40ba8-5007-4ff3-951d-f8e344c09f1a@group-25346136161F-SegmentedRaftLogWorker for RaftStorage:Storage Directory /github/workspace/mnt/ozone/hadoop-ozone/integration-test/target/test-dir/MiniOzoneClusterImpl-45392ef6-f0d5-4168-b900-afad7710253d/datanode-6/data/ratis/0d163f20-84b3-4ead-b3ae-25346136161f
2020-07-16 15:51:22,594 [pool-437-thread-1] INFO  server.RaftServerConfigKeys (ConfUtils.java:logGet(44)) - raft.server.log.queue.byte-limit = 2147483647 (custom)
2020-07-16 15:51:22,594 [pool-437-thread-1] INFO  server.RaftServerConfigKeys (ConfUtils.java:logGet(44)) - raft.server.log.queue.element-limit = 1024 (custom)
2020-07-16 15:51:22,594 [pool-437-thread-1] INFO  server.RaftServerConfigKeys (ConfUtils.java:logGet(44)) - raft.server.log.segment.size.max = 1048576 (custom)
2020-07-16 15:51:22,594 [pool-437-thread-1] INFO  server.RaftServerConfigKeys (ConfUtils.java:logGet(44)) - raft.server.log.preallocated.size = 16384 (custom)
2020-07-16 15:51:22,594 [pool-437-thread-1] INFO  server.RaftServerConfigKeys (ConfUtils.java:logGet(44)) - raft.server.log.write.buffer.size = 1048576 (custom)
2020-07-16 15:51:22,594 [pool-437-thread-1] INFO  server.RaftServerConfigKeys (ConfUtils.java:logGet(44)) - raft.server.log.force.sync.num = 128 (default)
2020-07-16 15:51:22,595 [pool-437-thread-1] INFO  server.RaftServerConfigKeys (ConfUtils.java:logGet(44)) - raft.server.log.statemachine.data.sync = true (default)
2020-07-16 15:51:22,595 [pool-437-thread-1] INFO  server.RaftServerConfigKeys (ConfUtils.java:logGet(44)) - raft.server.log.statemachine.data.sync.timeout = 10s (default)
2020-07-16 15:51:22,595 [pool-437-thread-1] INFO  server.RaftServerConfigKeys (ConfUtils.java:logGet(44)) - raft.server.log.statemachine.data.sync.timeout.retry = -1 (default)
2020-07-16 15:51:22,596 [pool-437-thread-1] INFO  server.RaftServerConfigKeys (ConfUtils.java:logGet(44)) - raft.server.log.statemachine.data.caching.enabled = true (custom)
2020-07-16 15:51:22,596 [pool-437-thread-1] INFO  segmented.SegmentedRaftLogWorker (SegmentedRaftLogWorker.java:lambda$new$0(129)) - a6d40ba8-5007-4ff3-951d-f8e344c09f1a@group-25346136161F-SegmentedRaftLogWorker: flushIndex: setUnconditionally 0 -> -1
2020-07-16 15:51:22,596 [pool-437-thread-1] INFO  segmented.SegmentedRaftLogWorker (SegmentedRaftLogWorker.java:lambda$new$0(129)) - a6d40ba8-5007-4ff3-951d-f8e344c09f1a@group-25346136161F-SegmentedRaftLogWorker: safeCacheEvictIndex: setUnconditionally 0 -> -1
2020-07-16 15:51:22,597 [pool-437-thread-1] INFO  server.RaftServerConfigKeys (ConfUtils.java:logGet(44)) - raft.server.snapshot.auto.trigger.enabled = true (custom)
2020-07-16 15:51:22,597 [pool-437-thread-1] INFO  server.RaftServerConfigKeys (ConfUtils.java:logGet(44)) - raft.server.snapshot.auto.trigger.threshold = 10000 (custom)
2020-07-16 15:51:22,597 [pool-437-thread-1] INFO  server.RaftServerConfigKeys (ConfUtils.java:logGet(44)) - raft.server.snapshot.retention.file.num = 5 (custom)
2020-07-16 15:51:22,597 [pool-437-thread-1] INFO  server.RaftServerConfigKeys (ConfUtils.java:logGet(44)) - raft.server.log.purge.upto.snapshot.index = false (default)
2020-07-16 15:51:22,597 [pool-437-thread-1] INFO  server.RaftServerConfigKeys (ConfUtils.java:logGet(44)) - raft.server.retrycache.expirytime = 600000ms (custom)
2020-07-16 15:51:22,597 [pool-437-thread-1] INFO  metrics.RatisMetrics (RatisMetrics.java:lambda$create$0(36)) - Creating Metrics Registry : ratis.leader_election.a6d40ba8-5007-4ff3-951d-f8e344c09f1a@group-25346136161F
2020-07-16 15:51:22,598 [pool-437-thread-1] INFO  metrics.RatisMetrics (RatisMetrics.java:lambda$create$0(36)) - Creating Metrics Registry : ratis.server.a6d40ba8-5007-4ff3-951d-f8e344c09f1a@group-25346136161F
2020-07-16 15:51:22,598 [pool-437-thread-1] INFO  impl.RaftServerImpl (RaftServerImpl.java:start(186)) - a6d40ba8-5007-4ff3-951d-f8e344c09f1a@group-25346136161F: start as a follower, conf=-1: [a6d40ba8-5007-4ff3-951d-f8e344c09f1a:172.17.0.2:46485], old=null
2020-07-16 15:51:22,599 [pool-437-thread-1] INFO  impl.RaftServerImpl (RaftServerImpl.java:setRole(175)) - a6d40ba8-5007-4ff3-951d-f8e344c09f1a@group-25346136161F: changes role from      null to FOLLOWER at term 0 for startAsFollower
2020-07-16 15:51:22,599 [pool-437-thread-1] INFO  impl.RoleInfo (RoleInfo.java:updateAndGet(143)) - a6d40ba8-5007-4ff3-951d-f8e344c09f1a: start FollowerState
2020-07-16 15:51:22,599 [pool-437-thread-1] INFO  util.JmxRegister (JmxRegister.java:tryRegister(44)) - Successfully registered JMX Bean with object name Ratis:service=RaftServer,group=group-25346136161F,id=a6d40ba8-5007-4ff3-951d-f8e344c09f1a
2020-07-16 15:51:22,599 [pool-437-thread-1] INFO  metrics.RatisMetrics (RatisMetrics.java:lambda$create$0(36)) - Creating Metrics Registry : ratis.state_machine.a6d40ba8-5007-4ff3-951d-f8e344c09f1a@group-25346136161F
2020-07-16 15:51:22,600 [Command processor thread] INFO  commandhandler.CreatePipelineCommandHandler (CreatePipelineCommandHandler.java:handle(109)) - Created Pipeline RATIS ONE #id: "0d163f20-84b3-4ead-b3ae-25346136161f"
uuid128 {
  mostSigBits: 943010580878544557
  leastSigBits: -5499417188073335265
}
.
2020-07-16 15:51:22,600 [Command processor thread] INFO  impl.RaftServerProxy (RaftServerProxy.java:addNew(89)) - a6d40ba8-5007-4ff3-951d-f8e344c09f1a: addNew group-C17B40A851DA:[a6d40ba8-5007-4ff3-951d-f8e344c09f1a:172.17.0.2:46485, 8c659ee4-8941-403a-a7d5-7771662eec54:172.17.0.2:36425, a4211f84-eb03-46d7-a47e-1243f17c8bc7:172.17.0.2:33755] returns group-C17B40A851DA:java.util.concurrent.CompletableFuture@5c512a59[Not completed]
2020-07-16 15:51:22,601 [pool-437-thread-1] INFO  impl.RaftServerImpl (RaftServerImpl.java:<init>(99)) - a6d40ba8-5007-4ff3-951d-f8e344c09f1a: new RaftServerImpl for group-C17B40A851DA:[a6d40ba8-5007-4ff3-951d-f8e344c09f1a:172.17.0.2:46485, 8c659ee4-8941-403a-a7d5-7771662eec54:172.17.0.2:36425, a4211f84-eb03-46d7-a47e-1243f17c8bc7:172.17.0.2:33755] with ContainerStateMachine:uninitialized
2020-07-16 15:51:22,601 [pool-437-thread-1] INFO  server.RaftServerConfigKeys (ConfUtils.java:logGet(44)) - raft.server.rpc.timeout.min = 5s (custom)
2020-07-16 15:51:22,601 [pool-437-thread-1] INFO  server.RaftServerConfigKeys (ConfUtils.java:logGet(44)) - raft.server.rpc.timeout.max = 5200ms (custom)
2020-07-16 15:51:22,601 [pool-437-thread-1] INFO  server.RaftServerConfigKeys (ConfUtils.java:logGet(44)) - raft.server.rpcslowness.timeout = 300000ms (custom)
2020-07-16 15:51:22,601 [pool-437-thread-1] INFO  server.RaftServerConfigKeys (ConfUtils.java:logGet(44)) - raft.server.sleep.deviation.threshold = 300 (default)
2020-07-16 15:51:22,602 [pool-437-thread-1] INFO  server.RaftServerConfigKeys (ConfUtils.java:logGet(44)) - raft.server.log.appender.install.snapshot.enabled = false (custom)
2020-07-16 15:51:22,602 [pool-437-thread-1] INFO  impl.RaftServerImpl (ServerState.java:<init>(103)) - a6d40ba8-5007-4ff3-951d-f8e344c09f1a@group-C17B40A851DA: ConfigurationManager, init=-1: [a6d40ba8-5007-4ff3-951d-f8e344c09f1a:172.17.0.2:46485, 8c659ee4-8941-403a-a7d5-7771662eec54:172.17.0.2:36425, a4211f84-eb03-46d7-a47e-1243f17c8bc7:172.17.0.2:33755], old=null, confs=<EMPTY_MAP>
2020-07-16 15:51:22,602 [pool-437-thread-1] INFO  server.RaftServerConfigKeys (ConfUtils.java:logGet(44)) - raft.server.storage.dir = [/github/workspace/mnt/ozone/hadoop-ozone/integration-test/target/test-dir/MiniOzoneClusterImpl-45392ef6-f0d5-4168-b900-afad7710253d/datanode-6/data/ratis] (custom)
2020-07-16 15:51:22,602 [pool-437-thread-1] INFO  server.RaftServerConfigKeys (ConfUtils.java:logGet(44)) - raft.server.log.corruption.policy = EXCEPTION (default)
2020-07-16 15:51:22,602 [pool-437-thread-1] INFO  storage.RaftStorageDirectory (RaftStorageDirectory.java:analyzeStorage(261)) - The storage directory /github/workspace/mnt/ozone/hadoop-ozone/integration-test/target/test-dir/MiniOzoneClusterImpl-45392ef6-f0d5-4168-b900-afad7710253d/datanode-6/data/ratis/d5f718ce-ddf2-46ca-bb74-c17b40a851da does not exist. Creating ...
2020-07-16 15:51:22,603 [pool-437-thread-1] INFO  storage.RaftStorageDirectory (RaftStorageDirectory.java:tryLock(343)) - Lock on /github/workspace/mnt/ozone/hadoop-ozone/integration-test/target/test-dir/MiniOzoneClusterImpl-45392ef6-f0d5-4168-b900-afad7710253d/datanode-6/data/ratis/d5f718ce-ddf2-46ca-bb74-c17b40a851da/in_use.lock acquired by nodename 13156@2ac0d1d00fcd
2020-07-16 15:51:22,604 [pool-437-thread-1] INFO  storage.RaftStorage (RaftStorage.java:format(84)) - Storage directory /github/workspace/mnt/ozone/hadoop-ozone/integration-test/target/test-dir/MiniOzoneClusterImpl-45392ef6-f0d5-4168-b900-afad7710253d/datanode-6/data/ratis/d5f718ce-ddf2-46ca-bb74-c17b40a851da has been successfully formatted.
2020-07-16 15:51:22,604 [pool-437-thread-1] INFO  ratis.ContainerStateMachine (ContainerStateMachine.java:loadSnapshot(225)) - group-C17B40A851DA: The snapshot info is null. Setting the last applied indexto:(t:0, i:~)
2020-07-16 15:51:22,604 [pool-437-thread-1] INFO  server.RaftServerConfigKeys (ConfUtils.java:logGet(44)) - raft.server.notification.no-leader.timeout = 60s (default)
2020-07-16 15:51:22,604 [pool-437-thread-1] INFO  server.RaftServerConfigKeys (ConfUtils.java:logGet(44)) - raft.server.log.use.memory = false (default)
2020-07-16 15:51:22,604 [pool-437-thread-1] INFO  server.RaftServerConfigKeys (ConfUtils.java:logGet(44)) - raft.server.log.purge.gap = 1000000 (custom)
2020-07-16 15:51:22,605 [pool-437-thread-1] INFO  server.RaftServerConfigKeys (ConfUtils.java:logGet(44)) - raft.server.log.appender.buffer.byte-limit = 33554432 (custom)
2020-07-16 15:51:22,605 [pool-437-thread-1] INFO  server.RaftServerConfigKeys (ConfUtils.java:logGet(44)) - raft.server.log.segment.size.max = 1048576 (custom)
2020-07-16 15:51:22,605 [pool-437-thread-1] INFO  metrics.RatisMetrics (RatisMetrics.java:lambda$create$0(36)) - Creating Metrics Registry : ratis.log_worker.a6d40ba8-5007-4ff3-951d-f8e344c09f1a@group-C17B40A851DA
2020-07-16 15:51:22,605 [pool-437-thread-1] INFO  server.RaftServerConfigKeys (ConfUtils.java:logGet(44)) - raft.server.log.segment.cache.num.max = 2 (custom)
2020-07-16 15:51:22,605 [pool-437-thread-1] INFO  segmented.SegmentedRaftLogWorker (SegmentedRaftLogWorker.java:<init>(180)) - new a6d40ba8-5007-4ff3-951d-f8e344c09f1a@group-C17B40A851DA-SegmentedRaftLogWorker for RaftStorage:Storage Directory /github/workspace/mnt/ozone/hadoop-ozone/integration-test/target/test-dir/MiniOzoneClusterImpl-45392ef6-f0d5-4168-b900-afad7710253d/datanode-6/data/ratis/d5f718ce-ddf2-46ca-bb74-c17b40a851da
2020-07-16 15:51:22,605 [pool-437-thread-1] INFO  server.RaftServerConfigKeys (ConfUtils.java:logGet(44)) - raft.server.log.queue.byte-limit = 2147483647 (custom)
2020-07-16 15:51:22,605 [pool-437-thread-1] INFO  server.RaftServerConfigKeys (ConfUtils.java:logGet(44)) - raft.server.log.queue.element-limit = 1024 (custom)
2020-07-16 15:51:22,606 [pool-437-thread-1] INFO  server.RaftServerConfigKeys (ConfUtils.java:logGet(44)) - raft.server.log.segment.size.max = 1048576 (custom)
2020-07-16 15:51:22,606 [pool-437-thread-1] INFO  server.RaftServerConfigKeys (ConfUtils.java:logGet(44)) - raft.server.log.preallocated.size = 16384 (custom)
2020-07-16 15:51:22,606 [pool-437-thread-1] INFO  server.RaftServerConfigKeys (ConfUtils.java:logGet(44)) - raft.server.log.write.buffer.size = 1048576 (custom)
2020-07-16 15:51:22,606 [pool-437-thread-1] INFO  server.RaftServerConfigKeys (ConfUtils.java:logGet(44)) - raft.server.log.force.sync.num = 128 (default)
2020-07-16 15:51:22,606 [pool-437-thread-1] INFO  server.RaftServerConfigKeys (ConfUtils.java:logGet(44)) - raft.server.log.statemachine.data.sync = true (default)
2020-07-16 15:51:22,606 [pool-437-thread-1] INFO  server.RaftServerConfigKeys (ConfUtils.java:logGet(44)) - raft.server.log.statemachine.data.sync.timeout = 10s (default)
2020-07-16 15:51:22,606 [pool-437-thread-1] INFO  server.RaftServerConfigKeys (ConfUtils.java:logGet(44)) - raft.server.log.statemachine.data.sync.timeout.retry = -1 (default)
2020-07-16 15:51:22,607 [pool-437-thread-1] INFO  server.RaftServerConfigKeys (ConfUtils.java:logGet(44)) - raft.server.log.statemachine.data.caching.enabled = true (custom)
2020-07-16 15:51:22,607 [pool-437-thread-1] INFO  segmented.SegmentedRaftLogWorker (SegmentedRaftLogWorker.java:lambda$new$0(129)) - a6d40ba8-5007-4ff3-951d-f8e344c09f1a@group-C17B40A851DA-SegmentedRaftLogWorker: flushIndex: setUnconditionally 0 -> -1
2020-07-16 15:51:22,607 [pool-437-thread-1] INFO  segmented.SegmentedRaftLogWorker (SegmentedRaftLogWorker.java:lambda$new$0(129)) - a6d40ba8-5007-4ff3-951d-f8e344c09f1a@group-C17B40A851DA-SegmentedRaftLogWorker: safeCacheEvictIndex: setUnconditionally 0 -> -1
2020-07-16 15:51:22,607 [pool-437-thread-1] INFO  server.RaftServerConfigKeys (ConfUtils.java:logGet(44)) - raft.server.snapshot.auto.trigger.enabled = true (custom)
2020-07-16 15:51:22,608 [pool-437-thread-1] INFO  server.RaftServerConfigKeys (ConfUtils.java:logGet(44)) - raft.server.snapshot.auto.trigger.threshold = 10000 (custom)
2020-07-16 15:51:22,608 [pool-437-thread-1] INFO  server.RaftServerConfigKeys (ConfUtils.java:logGet(44)) - raft.server.snapshot.retention.file.num = 5 (custom)
2020-07-16 15:51:22,608 [pool-437-thread-1] INFO  server.RaftServerConfigKeys (ConfUtils.java:logGet(44)) - raft.server.log.purge.upto.snapshot.index = false (default)
2020-07-16 15:51:22,608 [pool-437-thread-1] INFO  server.RaftServerConfigKeys (ConfUtils.java:logGet(44)) - raft.server.retrycache.expirytime = 600000ms (custom)
2020-07-16 15:51:22,608 [pool-437-thread-1] INFO  metrics.RatisMetrics (RatisMetrics.java:lambda$create$0(36)) - Creating Metrics Registry : ratis.leader_election.a6d40ba8-5007-4ff3-951d-f8e344c09f1a@group-C17B40A851DA
2020-07-16 15:51:22,608 [pool-437-thread-1] INFO  metrics.RatisMetrics (RatisMetrics.java:lambda$create$0(36)) - Creating Metrics Registry : ratis.server.a6d40ba8-5007-4ff3-951d-f8e344c09f1a@group-C17B40A851DA
2020-07-16 15:51:22,609 [pool-437-thread-1] INFO  impl.RaftServerImpl (RaftServerImpl.java:start(186)) - a6d40ba8-5007-4ff3-951d-f8e344c09f1a@group-C17B40A851DA: start as a follower, conf=-1: [a6d40ba8-5007-4ff3-951d-f8e344c09f1a:172.17.0.2:46485, 8c659ee4-8941-403a-a7d5-7771662eec54:172.17.0.2:36425, a4211f84-eb03-46d7-a47e-1243f17c8bc7:172.17.0.2:33755], old=null
2020-07-16 15:51:22,610 [pool-437-thread-1] INFO  impl.RaftServerImpl (RaftServerImpl.java:setRole(175)) - a6d40ba8-5007-4ff3-951d-f8e344c09f1a@group-C17B40A851DA: changes role from      null to FOLLOWER at term 0 for startAsFollower
2020-07-16 15:51:22,610 [pool-437-thread-1] INFO  impl.RoleInfo (RoleInfo.java:updateAndGet(143)) - a6d40ba8-5007-4ff3-951d-f8e344c09f1a: start FollowerState
2020-07-16 15:51:22,614 [pool-437-thread-1] INFO  util.JmxRegister (JmxRegister.java:tryRegister(44)) - Successfully registered JMX Bean with object name Ratis:service=RaftServer,group=group-C17B40A851DA,id=a6d40ba8-5007-4ff3-951d-f8e344c09f1a
2020-07-16 15:51:22,615 [pool-437-thread-1] INFO  metrics.RatisMetrics (RatisMetrics.java:lambda$create$0(36)) - Creating Metrics Registry : ratis.state_machine.a6d40ba8-5007-4ff3-951d-f8e344c09f1a@group-C17B40A851DA
2020-07-16 15:51:22,626 [grpc-default-executor-7] INFO  impl.RaftServerProxy (RaftServerProxy.java:addNew(89)) - 8c659ee4-8941-403a-a7d5-7771662eec54: addNew group-C17B40A851DA:[a6d40ba8-5007-4ff3-951d-f8e344c09f1a:172.17.0.2:46485, 8c659ee4-8941-403a-a7d5-7771662eec54:172.17.0.2:36425, a4211f84-eb03-46d7-a47e-1243f17c8bc7:172.17.0.2:33755] returns group-C17B40A851DA:java.util.concurrent.CompletableFuture@334c5209[Not completed]
2020-07-16 15:51:22,627 [pool-452-thread-1] INFO  impl.RaftServerImpl (RaftServerImpl.java:<init>(99)) - 8c659ee4-8941-403a-a7d5-7771662eec54: new RaftServerImpl for group-C17B40A851DA:[a6d40ba8-5007-4ff3-951d-f8e344c09f1a:172.17.0.2:46485, 8c659ee4-8941-403a-a7d5-7771662eec54:172.17.0.2:36425, a4211f84-eb03-46d7-a47e-1243f17c8bc7:172.17.0.2:33755] with ContainerStateMachine:uninitialized
2020-07-16 15:51:22,627 [pool-452-thread-1] INFO  server.RaftServerConfigKeys (ConfUtils.java:logGet(44)) - raft.server.rpc.timeout.min = 5s (custom)
2020-07-16 15:51:22,627 [pool-452-thread-1] INFO  server.RaftServerConfigKeys (ConfUtils.java:logGet(44)) - raft.server.rpc.timeout.max = 5200ms (custom)
2020-07-16 15:51:22,627 [pool-452-thread-1] INFO  server.RaftServerConfigKeys (ConfUtils.java:logGet(44)) - raft.server.rpcslowness.timeout = 300000ms (custom)
2020-07-16 15:51:22,627 [pool-452-thread-1] INFO  server.RaftServerConfigKeys (ConfUtils.java:logGet(44)) - raft.server.sleep.deviation.threshold = 300 (default)
2020-07-16 15:51:22,627 [pool-452-thread-1] INFO  server.RaftServerConfigKeys (ConfUtils.java:logGet(44)) - raft.server.log.appender.install.snapshot.enabled = false (custom)
2020-07-16 15:51:22,627 [pool-452-thread-1] INFO  impl.RaftServerImpl (ServerState.java:<init>(103)) - 8c659ee4-8941-403a-a7d5-7771662eec54@group-C17B40A851DA: ConfigurationManager, init=-1: [a6d40ba8-5007-4ff3-951d-f8e344c09f1a:172.17.0.2:46485, 8c659ee4-8941-403a-a7d5-7771662eec54:172.17.0.2:36425, a4211f84-eb03-46d7-a47e-1243f17c8bc7:172.17.0.2:33755], old=null, confs=<EMPTY_MAP>
2020-07-16 15:51:22,628 [pool-452-thread-1] INFO  server.RaftServerConfigKeys (ConfUtils.java:logGet(44)) - raft.server.storage.dir = [/github/workspace/mnt/ozone/hadoop-ozone/integration-test/target/test-dir/MiniOzoneClusterImpl-45392ef6-f0d5-4168-b900-afad7710253d/datanode-7/data/ratis] (custom)
2020-07-16 15:51:22,628 [pool-452-thread-1] INFO  server.RaftServerConfigKeys (ConfUtils.java:logGet(44)) - raft.server.log.corruption.policy = EXCEPTION (default)
2020-07-16 15:51:22,628 [pool-452-thread-1] INFO  storage.RaftStorageDirectory (RaftStorageDirectory.java:analyzeStorage(261)) - The storage directory /github/workspace/mnt/ozone/hadoop-ozone/integration-test/target/test-dir/MiniOzoneClusterImpl-45392ef6-f0d5-4168-b900-afad7710253d/datanode-7/data/ratis/d5f718ce-ddf2-46ca-bb74-c17b40a851da does not exist. Creating ...
2020-07-16 15:51:22,629 [pool-452-thread-1] INFO  storage.RaftStorageDirectory (RaftStorageDirectory.java:tryLock(343)) - Lock on /github/workspace/mnt/ozone/hadoop-ozone/integration-test/target/test-dir/MiniOzoneClusterImpl-45392ef6-f0d5-4168-b900-afad7710253d/datanode-7/data/ratis/d5f718ce-ddf2-46ca-bb74-c17b40a851da/in_use.lock acquired by nodename 13156@2ac0d1d00fcd
2020-07-16 15:51:22,630 [pool-452-thread-1] INFO  storage.RaftStorage (RaftStorage.java:format(84)) - Storage directory /github/workspace/mnt/ozone/hadoop-ozone/integration-test/target/test-dir/MiniOzoneClusterImpl-45392ef6-f0d5-4168-b900-afad7710253d/datanode-7/data/ratis/d5f718ce-ddf2-46ca-bb74-c17b40a851da has been successfully formatted.
2020-07-16 15:51:22,631 [pool-452-thread-1] INFO  ratis.ContainerStateMachine (ContainerStateMachine.java:loadSnapshot(225)) - group-C17B40A851DA: The snapshot info is null. Setting the last applied indexto:(t:0, i:~)
2020-07-16 15:51:22,631 [pool-452-thread-1] INFO  server.RaftServerConfigKeys (ConfUtils.java:logGet(44)) - raft.server.notification.no-leader.timeout = 60s (default)
2020-07-16 15:51:22,631 [pool-452-thread-1] INFO  server.RaftServerConfigKeys (ConfUtils.java:logGet(44)) - raft.server.log.use.memory = false (default)
2020-07-16 15:51:22,631 [pool-452-thread-1] INFO  server.RaftServerConfigKeys (ConfUtils.java:logGet(44)) - raft.server.log.purge.gap = 1000000 (custom)
2020-07-16 15:51:22,632 [pool-452-thread-1] INFO  server.RaftServerConfigKeys (ConfUtils.java:logGet(44)) - raft.server.log.appender.buffer.byte-limit = 33554432 (custom)
2020-07-16 15:51:22,632 [pool-452-thread-1] INFO  server.RaftServerConfigKeys (ConfUtils.java:logGet(44)) - raft.server.log.segment.size.max = 1048576 (custom)
2020-07-16 15:51:22,632 [pool-452-thread-1] INFO  metrics.RatisMetrics (RatisMetrics.java:lambda$create$0(36)) - Creating Metrics Registry : ratis.log_worker.8c659ee4-8941-403a-a7d5-7771662eec54@group-C17B40A851DA
2020-07-16 15:51:22,632 [pool-452-thread-1] INFO  server.RaftServerConfigKeys (ConfUtils.java:logGet(44)) - raft.server.log.segment.cache.num.max = 2 (custom)
2020-07-16 15:51:22,632 [pool-452-thread-1] INFO  segmented.SegmentedRaftLogWorker (SegmentedRaftLogWorker.java:<init>(180)) - new 8c659ee4-8941-403a-a7d5-7771662eec54@group-C17B40A851DA-SegmentedRaftLogWorker for RaftStorage:Storage Directory /github/workspace/mnt/ozone/hadoop-ozone/integration-test/target/test-dir/MiniOzoneClusterImpl-45392ef6-f0d5-4168-b900-afad7710253d/datanode-7/data/ratis/d5f718ce-ddf2-46ca-bb74-c17b40a851da
2020-07-16 15:51:22,633 [pool-452-thread-1] INFO  server.RaftServerConfigKeys (ConfUtils.java:logGet(44)) - raft.server.log.queue.byte-limit = 2147483647 (custom)
2020-07-16 15:51:22,633 [pool-452-thread-1] INFO  server.RaftServerConfigKeys (ConfUtils.java:logGet(44)) - raft.server.log.queue.element-limit = 1024 (custom)
2020-07-16 15:51:22,633 [pool-452-thread-1] INFO  server.RaftServerConfigKeys (ConfUtils.java:logGet(44)) - raft.server.log.segment.size.max = 1048576 (custom)
2020-07-16 15:51:22,633 [pool-452-thread-1] INFO  server.RaftServerConfigKeys (ConfUtils.java:logGet(44)) - raft.server.log.preallocated.size = 16384 (custom)
2020-07-16 15:51:22,633 [pool-452-thread-1] INFO  server.RaftServerConfigKeys (ConfUtils.java:logGet(44)) - raft.server.log.write.buffer.size = 1048576 (custom)
2020-07-16 15:51:22,633 [pool-452-thread-1] INFO  server.RaftServerConfigKeys (ConfUtils.java:logGet(44)) - raft.server.log.force.sync.num = 128 (default)
2020-07-16 15:51:22,633 [pool-452-thread-1] INFO  server.RaftServerConfigKeys (ConfUtils.java:logGet(44)) - raft.server.log.statemachine.data.sync = true (default)
2020-07-16 15:51:22,633 [pool-452-thread-1] INFO  server.RaftServerConfigKeys (ConfUtils.java:logGet(44)) - raft.server.log.statemachine.data.sync.timeout = 10s (default)
2020-07-16 15:51:22,633 [pool-452-thread-1] INFO  server.RaftServerConfigKeys (ConfUtils.java:logGet(44)) - raft.server.log.statemachine.data.sync.timeout.retry = -1 (default)
2020-07-16 15:51:22,635 [pool-452-thread-1] INFO  server.RaftServerConfigKeys (ConfUtils.java:logGet(44)) - raft.server.log.statemachine.data.caching.enabled = true (custom)
2020-07-16 15:51:22,635 [pool-452-thread-1] INFO  segmented.SegmentedRaftLogWorker (SegmentedRaftLogWorker.java:lambda$new$0(129)) - 8c659ee4-8941-403a-a7d5-7771662eec54@group-C17B40A851DA-SegmentedRaftLogWorker: flushIndex: setUnconditionally 0 -> -1
2020-07-16 15:51:22,635 [pool-452-thread-1] INFO  segmented.SegmentedRaftLogWorker (SegmentedRaftLogWorker.java:lambda$new$0(129)) - 8c659ee4-8941-403a-a7d5-7771662eec54@group-C17B40A851DA-SegmentedRaftLogWorker: safeCacheEvictIndex: setUnconditionally 0 -> -1
2020-07-16 15:51:22,638 [pool-452-thread-1] INFO  server.RaftServerConfigKeys (ConfUtils.java:logGet(44)) - raft.server.snapshot.auto.trigger.enabled = true (custom)
2020-07-16 15:51:22,639 [pool-452-thread-1] INFO  server.RaftServerConfigKeys (ConfUtils.java:logGet(44)) - raft.server.snapshot.auto.trigger.threshold = 10000 (custom)
2020-07-16 15:51:22,639 [pool-452-thread-1] INFO  server.RaftServerConfigKeys (ConfUtils.java:logGet(44)) - raft.server.snapshot.retention.file.num = 5 (custom)
2020-07-16 15:51:22,639 [pool-452-thread-1] INFO  server.RaftServerConfigKeys (ConfUtils.java:logGet(44)) - raft.server.log.purge.upto.snapshot.index = false (default)
2020-07-16 15:51:22,639 [pool-452-thread-1] INFO  server.RaftServerConfigKeys (ConfUtils.java:logGet(44)) - raft.server.retrycache.expirytime = 600000ms (custom)
2020-07-16 15:51:22,639 [pool-452-thread-1] INFO  metrics.RatisMetrics (RatisMetrics.java:lambda$create$0(36)) - Creating Metrics Registry : ratis.leader_election.8c659ee4-8941-403a-a7d5-7771662eec54@group-C17B40A851DA
2020-07-16 15:51:22,640 [pool-452-thread-1] INFO  metrics.RatisMetrics (RatisMetrics.java:lambda$create$0(36)) - Creating Metrics Registry : ratis.server.8c659ee4-8941-403a-a7d5-7771662eec54@group-C17B40A851DA
2020-07-16 15:51:22,641 [pool-452-thread-1] INFO  impl.RaftServerImpl (RaftServerImpl.java:start(186)) - 8c659ee4-8941-403a-a7d5-7771662eec54@group-C17B40A851DA: start as a follower, conf=-1: [a6d40ba8-5007-4ff3-951d-f8e344c09f1a:172.17.0.2:46485, 8c659ee4-8941-403a-a7d5-7771662eec54:172.17.0.2:36425, a4211f84-eb03-46d7-a47e-1243f17c8bc7:172.17.0.2:33755], old=null
2020-07-16 15:51:22,641 [pool-452-thread-1] INFO  impl.RaftServerImpl (RaftServerImpl.java:setRole(175)) - 8c659ee4-8941-403a-a7d5-7771662eec54@group-C17B40A851DA: changes role from      null to FOLLOWER at term 0 for startAsFollower
2020-07-16 15:51:22,641 [pool-452-thread-1] INFO  impl.RoleInfo (RoleInfo.java:updateAndGet(143)) - 8c659ee4-8941-403a-a7d5-7771662eec54: start FollowerState
2020-07-16 15:51:22,643 [pool-452-thread-1] INFO  util.JmxRegister (JmxRegister.java:tryRegister(44)) - Successfully registered JMX Bean with object name Ratis:service=RaftServer,group=group-C17B40A851DA,id=8c659ee4-8941-403a-a7d5-7771662eec54
2020-07-16 15:51:22,643 [pool-452-thread-1] INFO  metrics.RatisMetrics (RatisMetrics.java:lambda$create$0(36)) - Creating Metrics Registry : ratis.state_machine.8c659ee4-8941-403a-a7d5-7771662eec54@group-C17B40A851DA
2020-07-16 15:51:22,654 [grpc-default-executor-7] INFO  impl.RaftServerProxy (RaftServerProxy.java:addNew(89)) - a4211f84-eb03-46d7-a47e-1243f17c8bc7: addNew group-C17B40A851DA:[a6d40ba8-5007-4ff3-951d-f8e344c09f1a:172.17.0.2:46485, 8c659ee4-8941-403a-a7d5-7771662eec54:172.17.0.2:36425, a4211f84-eb03-46d7-a47e-1243f17c8bc7:172.17.0.2:33755] returns group-C17B40A851DA:java.util.concurrent.CompletableFuture@62aed3a3[Not completed]
2020-07-16 15:51:22,655 [pool-467-thread-1] INFO  impl.RaftServerImpl (RaftServerImpl.java:<init>(99)) - a4211f84-eb03-46d7-a47e-1243f17c8bc7: new RaftServerImpl for group-C17B40A851DA:[a6d40ba8-5007-4ff3-951d-f8e344c09f1a:172.17.0.2:46485, 8c659ee4-8941-403a-a7d5-7771662eec54:172.17.0.2:36425, a4211f84-eb03-46d7-a47e-1243f17c8bc7:172.17.0.2:33755] with ContainerStateMachine:uninitialized
2020-07-16 15:51:22,656 [pool-467-thread-1] INFO  server.RaftServerConfigKeys (ConfUtils.java:logGet(44)) - raft.server.rpc.timeout.min = 5s (custom)
2020-07-16 15:51:22,656 [pool-467-thread-1] INFO  server.RaftServerConfigKeys (ConfUtils.java:logGet(44)) - raft.server.rpc.timeout.max = 5200ms (custom)
2020-07-16 15:51:22,656 [pool-467-thread-1] INFO  server.RaftServerConfigKeys (ConfUtils.java:logGet(44)) - raft.server.rpcslowness.timeout = 300000ms (custom)
2020-07-16 15:51:22,656 [pool-467-thread-1] INFO  server.RaftServerConfigKeys (ConfUtils.java:logGet(44)) - raft.server.sleep.deviation.threshold = 300 (default)
2020-07-16 15:51:22,657 [pool-467-thread-1] INFO  server.RaftServerConfigKeys (ConfUtils.java:logGet(44)) - raft.server.log.appender.install.snapshot.enabled = false (custom)
2020-07-16 15:51:22,657 [pool-467-thread-1] INFO  impl.RaftServerImpl (ServerState.java:<init>(103)) - a4211f84-eb03-46d7-a47e-1243f17c8bc7@group-C17B40A851DA: ConfigurationManager, init=-1: [a6d40ba8-5007-4ff3-951d-f8e344c09f1a:172.17.0.2:46485, 8c659ee4-8941-403a-a7d5-7771662eec54:172.17.0.2:36425, a4211f84-eb03-46d7-a47e-1243f17c8bc7:172.17.0.2:33755], old=null, confs=<EMPTY_MAP>
2020-07-16 15:51:22,657 [pool-467-thread-1] INFO  server.RaftServerConfigKeys (ConfUtils.java:logGet(44)) - raft.server.storage.dir = [/github/workspace/mnt/ozone/hadoop-ozone/integration-test/target/test-dir/MiniOzoneClusterImpl-45392ef6-f0d5-4168-b900-afad7710253d/datanode-8/data/ratis] (custom)
2020-07-16 15:51:22,657 [pool-467-thread-1] INFO  server.RaftServerConfigKeys (ConfUtils.java:logGet(44)) - raft.server.log.corruption.policy = EXCEPTION (default)
2020-07-16 15:51:22,657 [pool-467-thread-1] INFO  storage.RaftStorageDirectory (RaftStorageDirectory.java:analyzeStorage(261)) - The storage directory /github/workspace/mnt/ozone/hadoop-ozone/integration-test/target/test-dir/MiniOzoneClusterImpl-45392ef6-f0d5-4168-b900-afad7710253d/datanode-8/data/ratis/d5f718ce-ddf2-46ca-bb74-c17b40a851da does not exist. Creating ...
2020-07-16 15:51:22,658 [pool-467-thread-1] INFO  storage.RaftStorageDirectory (RaftStorageDirectory.java:tryLock(343)) - Lock on /github/workspace/mnt/ozone/hadoop-ozone/integration-test/target/test-dir/MiniOzoneClusterImpl-45392ef6-f0d5-4168-b900-afad7710253d/datanode-8/data/ratis/d5f718ce-ddf2-46ca-bb74-c17b40a851da/in_use.lock acquired by nodename 13156@2ac0d1d00fcd
2020-07-16 15:51:22,659 [pool-467-thread-1] INFO  storage.RaftStorage (RaftStorage.java:format(84)) - Storage directory /github/workspace/mnt/ozone/hadoop-ozone/integration-test/target/test-dir/MiniOzoneClusterImpl-45392ef6-f0d5-4168-b900-afad7710253d/datanode-8/data/ratis/d5f718ce-ddf2-46ca-bb74-c17b40a851da has been successfully formatted.
2020-07-16 15:51:22,660 [pool-467-thread-1] INFO  ratis.ContainerStateMachine (ContainerStateMachine.java:loadSnapshot(225)) - group-C17B40A851DA: The snapshot info is null. Setting the last applied indexto:(t:0, i:~)
2020-07-16 15:51:22,661 [pool-467-thread-1] INFO  server.RaftServerConfigKeys (ConfUtils.java:logGet(44)) - raft.server.notification.no-leader.timeout = 60s (default)
2020-07-16 15:51:22,661 [pool-467-thread-1] INFO  server.RaftServerConfigKeys (ConfUtils.java:logGet(44)) - raft.server.log.use.memory = false (default)
2020-07-16 15:51:22,661 [pool-467-thread-1] INFO  server.RaftServerConfigKeys (ConfUtils.java:logGet(44)) - raft.server.log.purge.gap = 1000000 (custom)
2020-07-16 15:51:22,661 [pool-467-thread-1] INFO  server.RaftServerConfigKeys (ConfUtils.java:logGet(44)) - raft.server.log.appender.buffer.byte-limit = 33554432 (custom)
2020-07-16 15:51:22,661 [pool-467-thread-1] INFO  server.RaftServerConfigKeys (ConfUtils.java:logGet(44)) - raft.server.log.segment.size.max = 1048576 (custom)
2020-07-16 15:51:22,661 [pool-467-thread-1] INFO  metrics.RatisMetrics (RatisMetrics.java:lambda$create$0(36)) - Creating Metrics Registry : ratis.log_worker.a4211f84-eb03-46d7-a47e-1243f17c8bc7@group-C17B40A851DA
2020-07-16 15:51:22,661 [pool-467-thread-1] INFO  server.RaftServerConfigKeys (ConfUtils.java:logGet(44)) - raft.server.log.segment.cache.num.max = 2 (custom)
2020-07-16 15:51:22,661 [pool-467-thread-1] INFO  segmented.SegmentedRaftLogWorker (SegmentedRaftLogWorker.java:<init>(180)) - new a4211f84-eb03-46d7-a47e-1243f17c8bc7@group-C17B40A851DA-SegmentedRaftLogWorker for RaftStorage:Storage Directory /github/workspace/mnt/ozone/hadoop-ozone/integration-test/target/test-dir/MiniOzoneClusterImpl-45392ef6-f0d5-4168-b900-afad7710253d/datanode-8/data/ratis/d5f718ce-ddf2-46ca-bb74-c17b40a851da
2020-07-16 15:51:22,661 [pool-467-thread-1] INFO  server.RaftServerConfigKeys (ConfUtils.java:logGet(44)) - raft.server.log.queue.byte-limit = 2147483647 (custom)
2020-07-16 15:51:22,662 [pool-467-thread-1] INFO  server.RaftServerConfigKeys (ConfUtils.java:logGet(44)) - raft.server.log.queue.element-limit = 1024 (custom)
2020-07-16 15:51:22,662 [pool-467-thread-1] INFO  server.RaftServerConfigKeys (ConfUtils.java:logGet(44)) - raft.server.log.segment.size.max = 1048576 (custom)
2020-07-16 15:51:22,662 [pool-467-thread-1] INFO  server.RaftServerConfigKeys (ConfUtils.java:logGet(44)) - raft.server.log.preallocated.size = 16384 (custom)
2020-07-16 15:51:22,662 [pool-467-thread-1] INFO  server.RaftServerConfigKeys (ConfUtils.java:logGet(44)) - raft.server.log.write.buffer.size = 1048576 (custom)
2020-07-16 15:51:22,662 [pool-467-thread-1] INFO  server.RaftServerConfigKeys (ConfUtils.java:logGet(44)) - raft.server.log.force.sync.num = 128 (default)
2020-07-16 15:51:22,662 [pool-467-thread-1] INFO  server.RaftServerConfigKeys (ConfUtils.java:logGet(44)) - raft.server.log.statemachine.data.sync = true (default)
2020-07-16 15:51:22,662 [pool-467-thread-1] INFO  server.RaftServerConfigKeys (ConfUtils.java:logGet(44)) - raft.server.log.statemachine.data.sync.timeout = 10s (default)
2020-07-16 15:51:22,662 [pool-467-thread-1] INFO  server.RaftServerConfigKeys (ConfUtils.java:logGet(44)) - raft.server.log.statemachine.data.sync.timeout.retry = -1 (default)
2020-07-16 15:51:22,664 [pool-467-thread-1] INFO  server.RaftServerConfigKeys (ConfUtils.java:logGet(44)) - raft.server.log.statemachine.data.caching.enabled = true (custom)
2020-07-16 15:51:22,664 [pool-467-thread-1] INFO  segmented.SegmentedRaftLogWorker (SegmentedRaftLogWorker.java:lambda$new$0(129)) - a4211f84-eb03-46d7-a47e-1243f17c8bc7@group-C17B40A851DA-SegmentedRaftLogWorker: flushIndex: setUnconditionally 0 -> -1
2020-07-16 15:51:22,664 [pool-467-thread-1] INFO  segmented.SegmentedRaftLogWorker (SegmentedRaftLogWorker.java:lambda$new$0(129)) - a4211f84-eb03-46d7-a47e-1243f17c8bc7@group-C17B40A851DA-SegmentedRaftLogWorker: safeCacheEvictIndex: setUnconditionally 0 -> -1
2020-07-16 15:51:22,666 [pool-467-thread-1] INFO  server.RaftServerConfigKeys (ConfUtils.java:logGet(44)) - raft.server.snapshot.auto.trigger.enabled = true (custom)
2020-07-16 15:51:22,666 [pool-467-thread-1] INFO  server.RaftServerConfigKeys (ConfUtils.java:logGet(44)) - raft.server.snapshot.auto.trigger.threshold = 10000 (custom)
2020-07-16 15:51:22,666 [pool-467-thread-1] INFO  server.RaftServerConfigKeys (ConfUtils.java:logGet(44)) - raft.server.snapshot.retention.file.num = 5 (custom)
2020-07-16 15:51:22,666 [pool-467-thread-1] INFO  server.RaftServerConfigKeys (ConfUtils.java:logGet(44)) - raft.server.log.purge.upto.snapshot.index = false (default)
2020-07-16 15:51:22,666 [pool-467-thread-1] INFO  server.RaftServerConfigKeys (ConfUtils.java:logGet(44)) - raft.server.retrycache.expirytime = 600000ms (custom)
2020-07-16 15:51:22,666 [pool-467-thread-1] INFO  metrics.RatisMetrics (RatisMetrics.java:lambda$create$0(36)) - Creating Metrics Registry : ratis.leader_election.a4211f84-eb03-46d7-a47e-1243f17c8bc7@group-C17B40A851DA
2020-07-16 15:51:22,667 [pool-467-thread-1] INFO  metrics.RatisMetrics (RatisMetrics.java:lambda$create$0(36)) - Creating Metrics Registry : ratis.server.a4211f84-eb03-46d7-a47e-1243f17c8bc7@group-C17B40A851DA
2020-07-16 15:51:22,668 [pool-467-thread-1] INFO  impl.RaftServerImpl (RaftServerImpl.java:start(186)) - a4211f84-eb03-46d7-a47e-1243f17c8bc7@group-C17B40A851DA: start as a follower, conf=-1: [a6d40ba8-5007-4ff3-951d-f8e344c09f1a:172.17.0.2:46485, 8c659ee4-8941-403a-a7d5-7771662eec54:172.17.0.2:36425, a4211f84-eb03-46d7-a47e-1243f17c8bc7:172.17.0.2:33755], old=null
2020-07-16 15:51:22,668 [pool-467-thread-1] INFO  impl.RaftServerImpl (RaftServerImpl.java:setRole(175)) - a4211f84-eb03-46d7-a47e-1243f17c8bc7@group-C17B40A851DA: changes role from      null to FOLLOWER at term 0 for startAsFollower
2020-07-16 15:51:22,668 [pool-467-thread-1] INFO  impl.RoleInfo (RoleInfo.java:updateAndGet(143)) - a4211f84-eb03-46d7-a47e-1243f17c8bc7: start FollowerState
2020-07-16 15:51:22,668 [pool-467-thread-1] INFO  util.JmxRegister (JmxRegister.java:tryRegister(44)) - Successfully registered JMX Bean with object name Ratis:service=RaftServer,group=group-C17B40A851DA,id=a4211f84-eb03-46d7-a47e-1243f17c8bc7
2020-07-16 15:51:22,668 [pool-467-thread-1] INFO  metrics.RatisMetrics (RatisMetrics.java:lambda$create$0(36)) - Creating Metrics Registry : ratis.state_machine.a4211f84-eb03-46d7-a47e-1243f17c8bc7@group-C17B40A851DA
2020-07-16 15:51:22,672 [Command processor thread] INFO  commandhandler.CreatePipelineCommandHandler (CreatePipelineCommandHandler.java:handle(109)) - Created Pipeline RATIS THREE #id: "d5f718ce-ddf2-46ca-bb74-c17b40a851da"
uuid128 {
  mostSigBits: -3028924947617397046
  leastSigBits: -4939110156208680486
}
.
2020-07-16 15:51:22,720 [Command processor thread] INFO  impl.RaftServerProxy (RaftServerProxy.java:addNew(89)) - 8c659ee4-8941-403a-a7d5-7771662eec54: addNew group-D00752B5DBF3:[8c659ee4-8941-403a-a7d5-7771662eec54:172.17.0.2:36425] returns group-D00752B5DBF3:java.util.concurrent.CompletableFuture@2ebc425e[Not completed]
2020-07-16 15:51:22,721 [pool-452-thread-1] INFO  impl.RaftServerImpl (RaftServerImpl.java:<init>(99)) - 8c659ee4-8941-403a-a7d5-7771662eec54: new RaftServerImpl for group-D00752B5DBF3:[8c659ee4-8941-403a-a7d5-7771662eec54:172.17.0.2:36425] with ContainerStateMachine:uninitialized
2020-07-16 15:51:22,721 [pool-452-thread-1] INFO  server.RaftServerConfigKeys (ConfUtils.java:logGet(44)) - raft.server.rpc.timeout.min = 5s (custom)
2020-07-16 15:51:22,721 [pool-452-thread-1] INFO  server.RaftServerConfigKeys (ConfUtils.java:logGet(44)) - raft.server.rpc.timeout.max = 5200ms (custom)
2020-07-16 15:51:22,721 [pool-452-thread-1] INFO  server.RaftServerConfigKeys (ConfUtils.java:logGet(44)) - raft.server.rpcslowness.timeout = 300000ms (custom)
2020-07-16 15:51:22,721 [pool-452-thread-1] INFO  server.RaftServerConfigKeys (ConfUtils.java:logGet(44)) - raft.server.sleep.deviation.threshold = 300 (default)
2020-07-16 15:51:22,721 [pool-452-thread-1] INFO  server.RaftServerConfigKeys (ConfUtils.java:logGet(44)) - raft.server.log.appender.install.snapshot.enabled = false (custom)
2020-07-16 15:51:22,721 [pool-452-thread-1] INFO  impl.RaftServerImpl (ServerState.java:<init>(103)) - 8c659ee4-8941-403a-a7d5-7771662eec54@group-D00752B5DBF3: ConfigurationManager, init=-1: [8c659ee4-8941-403a-a7d5-7771662eec54:172.17.0.2:36425], old=null, confs=<EMPTY_MAP>
2020-07-16 15:51:22,721 [pool-452-thread-1] INFO  server.RaftServerConfigKeys (ConfUtils.java:logGet(44)) - raft.server.storage.dir = [/github/workspace/mnt/ozone/hadoop-ozone/integration-test/target/test-dir/MiniOzoneClusterImpl-45392ef6-f0d5-4168-b900-afad7710253d/datanode-7/data/ratis] (custom)
2020-07-16 15:51:22,722 [pool-452-thread-1] INFO  server.RaftServerConfigKeys (ConfUtils.java:logGet(44)) - raft.server.log.corruption.policy = EXCEPTION (default)
2020-07-16 15:51:22,722 [pool-452-thread-1] INFO  storage.RaftStorageDirectory (RaftStorageDirectory.java:analyzeStorage(261)) - The storage directory /github/workspace/mnt/ozone/hadoop-ozone/integration-test/target/test-dir/MiniOzoneClusterImpl-45392ef6-f0d5-4168-b900-afad7710253d/datanode-7/data/ratis/2738f610-6324-4853-8ce3-d00752b5dbf3 does not exist. Creating ...
2020-07-16 15:51:22,723 [pool-452-thread-1] INFO  storage.RaftStorageDirectory (RaftStorageDirectory.java:tryLock(343)) - Lock on /github/workspace/mnt/ozone/hadoop-ozone/integration-test/target/test-dir/MiniOzoneClusterImpl-45392ef6-f0d5-4168-b900-afad7710253d/datanode-7/data/ratis/2738f610-6324-4853-8ce3-d00752b5dbf3/in_use.lock acquired by nodename 13156@2ac0d1d00fcd
2020-07-16 15:51:22,724 [pool-452-thread-1] INFO  storage.RaftStorage (RaftStorage.java:format(84)) - Storage directory /github/workspace/mnt/ozone/hadoop-ozone/integration-test/target/test-dir/MiniOzoneClusterImpl-45392ef6-f0d5-4168-b900-afad7710253d/datanode-7/data/ratis/2738f610-6324-4853-8ce3-d00752b5dbf3 has been successfully formatted.
2020-07-16 15:51:22,724 [pool-452-thread-1] INFO  ratis.ContainerStateMachine (ContainerStateMachine.java:loadSnapshot(225)) - group-D00752B5DBF3: The snapshot info is null. Setting the last applied indexto:(t:0, i:~)
2020-07-16 15:51:22,724 [pool-452-thread-1] INFO  server.RaftServerConfigKeys (ConfUtils.java:logGet(44)) - raft.server.notification.no-leader.timeout = 60s (default)
2020-07-16 15:51:22,724 [pool-452-thread-1] INFO  server.RaftServerConfigKeys (ConfUtils.java:logGet(44)) - raft.server.log.use.memory = false (default)
2020-07-16 15:51:22,724 [pool-452-thread-1] INFO  server.RaftServerConfigKeys (ConfUtils.java:logGet(44)) - raft.server.log.purge.gap = 1000000 (custom)
2020-07-16 15:51:22,725 [EventQueue-PipelineReportForPipelineReportHandler] INFO  pipeline.PipelineStateManager (PipelineStateManager.java:openPipeline(131)) - Pipeline Pipeline[ Id: 2738f610-6324-4853-8ce3-d00752b5dbf3, Nodes: 8c659ee4-8941-403a-a7d5-7771662eec54{ip: 172.17.0.2, host: 2ac0d1d00fcd, networkLocation: /default-rack, certSerialId: null}, Type:RATIS, Factor:ONE, State:ALLOCATED, leaderId:8c659ee4-8941-403a-a7d5-7771662eec54, CreationTimestamp2020-07-16T15:51:19.721Z] moved to OPEN state
2020-07-16 15:51:22,725 [EventQueue-OpenPipelineForHealthyPipelineSafeModeRule] INFO  safemode.SCMSafeModeManager (HealthyPipelineSafeModeRule.java:process(129)) - SCM in safe mode. Healthy pipelines reported count is 0, required healthy pipeline reported count is 1
2020-07-16 15:51:22,725 [EventQueue-OpenPipelineForOneReplicaPipelineSafeModeRule] INFO  safemode.SCMSafeModeManager (SCMSafeModeManager.java:validateSafeModeExitRules(214)) - AtleastOneDatanodeReportedRule rule is successfully validated
2020-07-16 15:51:22,725 [pool-452-thread-1] INFO  server.RaftServerConfigKeys (ConfUtils.java:logGet(44)) - raft.server.log.appender.buffer.byte-limit = 33554432 (custom)
2020-07-16 15:51:22,725 [pool-452-thread-1] INFO  server.RaftServerConfigKeys (ConfUtils.java:logGet(44)) - raft.server.log.segment.size.max = 1048576 (custom)
2020-07-16 15:51:22,725 [pool-452-thread-1] INFO  metrics.RatisMetrics (RatisMetrics.java:lambda$create$0(36)) - Creating Metrics Registry : ratis.log_worker.8c659ee4-8941-403a-a7d5-7771662eec54@group-D00752B5DBF3
2020-07-16 15:51:22,726 [pool-452-thread-1] INFO  server.RaftServerConfigKeys (ConfUtils.java:logGet(44)) - raft.server.log.segment.cache.num.max = 2 (custom)
2020-07-16 15:51:22,726 [pool-452-thread-1] INFO  segmented.SegmentedRaftLogWorker (SegmentedRaftLogWorker.java:<init>(180)) - new 8c659ee4-8941-403a-a7d5-7771662eec54@group-D00752B5DBF3-SegmentedRaftLogWorker for RaftStorage:Storage Directory /github/workspace/mnt/ozone/hadoop-ozone/integration-test/target/test-dir/MiniOzoneClusterImpl-45392ef6-f0d5-4168-b900-afad7710253d/datanode-7/data/ratis/2738f610-6324-4853-8ce3-d00752b5dbf3
2020-07-16 15:51:22,726 [pool-452-thread-1] INFO  server.RaftServerConfigKeys (ConfUtils.java:logGet(44)) - raft.server.log.queue.byte-limit = 2147483647 (custom)
2020-07-16 15:51:22,726 [pool-452-thread-1] INFO  server.RaftServerConfigKeys (ConfUtils.java:logGet(44)) - raft.server.log.queue.element-limit = 1024 (custom)
2020-07-16 15:51:22,726 [pool-452-thread-1] INFO  server.RaftServerConfigKeys (ConfUtils.java:logGet(44)) - raft.server.log.segment.size.max = 1048576 (custom)
2020-07-16 15:51:22,726 [pool-452-thread-1] INFO  server.RaftServerConfigKeys (ConfUtils.java:logGet(44)) - raft.server.log.preallocated.size = 16384 (custom)
2020-07-16 15:51:22,726 [pool-452-thread-1] INFO  server.RaftServerConfigKeys (ConfUtils.java:logGet(44)) - raft.server.log.write.buffer.size = 1048576 (custom)
2020-07-16 15:51:22,726 [pool-452-thread-1] INFO  server.RaftServerConfigKeys (ConfUtils.java:logGet(44)) - raft.server.log.force.sync.num = 128 (default)
2020-07-16 15:51:22,726 [pool-452-thread-1] INFO  server.RaftServerConfigKeys (ConfUtils.java:logGet(44)) - raft.server.log.statemachine.data.sync = true (default)
2020-07-16 15:51:22,726 [pool-452-thread-1] INFO  server.RaftServerConfigKeys (ConfUtils.java:logGet(44)) - raft.server.log.statemachine.data.sync.timeout = 10s (default)
2020-07-16 15:51:22,727 [pool-452-thread-1] INFO  server.RaftServerConfigKeys (ConfUtils.java:logGet(44)) - raft.server.log.statemachine.data.sync.timeout.retry = -1 (default)
2020-07-16 15:51:22,728 [pool-452-thread-1] INFO  server.RaftServerConfigKeys (ConfUtils.java:logGet(44)) - raft.server.log.statemachine.data.caching.enabled = true (custom)
2020-07-16 15:51:22,728 [pool-452-thread-1] INFO  segmented.SegmentedRaftLogWorker (SegmentedRaftLogWorker.java:lambda$new$0(129)) - 8c659ee4-8941-403a-a7d5-7771662eec54@group-D00752B5DBF3-SegmentedRaftLogWorker: flushIndex: setUnconditionally 0 -> -1
2020-07-16 15:51:22,728 [pool-452-thread-1] INFO  segmented.SegmentedRaftLogWorker (SegmentedRaftLogWorker.java:lambda$new$0(129)) - 8c659ee4-8941-403a-a7d5-7771662eec54@group-D00752B5DBF3-SegmentedRaftLogWorker: safeCacheEvictIndex: setUnconditionally 0 -> -1
2020-07-16 15:51:22,729 [pool-452-thread-1] INFO  server.RaftServerConfigKeys (ConfUtils.java:logGet(44)) - raft.server.snapshot.auto.trigger.enabled = true (custom)
2020-07-16 15:51:22,729 [pool-452-thread-1] INFO  server.RaftServerConfigKeys (ConfUtils.java:logGet(44)) - raft.server.snapshot.auto.trigger.threshold = 10000 (custom)
2020-07-16 15:51:22,729 [pool-452-thread-1] INFO  server.RaftServerConfigKeys (ConfUtils.java:logGet(44)) - raft.server.snapshot.retention.file.num = 5 (custom)
2020-07-16 15:51:22,729 [pool-452-thread-1] INFO  server.RaftServerConfigKeys (ConfUtils.java:logGet(44)) - raft.server.log.purge.upto.snapshot.index = false (default)
2020-07-16 15:51:22,729 [pool-452-thread-1] INFO  server.RaftServerConfigKeys (ConfUtils.java:logGet(44)) - raft.server.retrycache.expirytime = 600000ms (custom)
2020-07-16 15:51:22,729 [pool-452-thread-1] INFO  metrics.RatisMetrics (RatisMetrics.java:lambda$create$0(36)) - Creating Metrics Registry : ratis.leader_election.8c659ee4-8941-403a-a7d5-7771662eec54@group-D00752B5DBF3
2020-07-16 15:51:22,729 [pool-452-thread-1] INFO  metrics.RatisMetrics (RatisMetrics.java:lambda$create$0(36)) - Creating Metrics Registry : ratis.server.8c659ee4-8941-403a-a7d5-7771662eec54@group-D00752B5DBF3
2020-07-16 15:51:22,731 [pool-452-thread-1] INFO  impl.RaftServerImpl (RaftServerImpl.java:start(186)) - 8c659ee4-8941-403a-a7d5-7771662eec54@group-D00752B5DBF3: start as a follower, conf=-1: [8c659ee4-8941-403a-a7d5-7771662eec54:172.17.0.2:36425], old=null
2020-07-16 15:51:22,731 [pool-452-thread-1] INFO  impl.RaftServerImpl (RaftServerImpl.java:setRole(175)) - 8c659ee4-8941-403a-a7d5-7771662eec54@group-D00752B5DBF3: changes role from      null to FOLLOWER at term 0 for startAsFollower
2020-07-16 15:51:22,731 [pool-452-thread-1] INFO  impl.RoleInfo (RoleInfo.java:updateAndGet(143)) - 8c659ee4-8941-403a-a7d5-7771662eec54: start FollowerState
2020-07-16 15:51:22,733 [pool-452-thread-1] INFO  util.JmxRegister (JmxRegister.java:tryRegister(44)) - Successfully registered JMX Bean with object name Ratis:service=RaftServer,group=group-D00752B5DBF3,id=8c659ee4-8941-403a-a7d5-7771662eec54
2020-07-16 15:51:22,733 [pool-452-thread-1] INFO  metrics.RatisMetrics (RatisMetrics.java:lambda$create$0(36)) - Creating Metrics Registry : ratis.state_machine.8c659ee4-8941-403a-a7d5-7771662eec54@group-D00752B5DBF3
2020-07-16 15:51:22,734 [Command processor thread] INFO  commandhandler.CreatePipelineCommandHandler (CreatePipelineCommandHandler.java:handle(109)) - Created Pipeline RATIS ONE #id: "2738f610-6324-4853-8ce3-d00752b5dbf3"
uuid128 {
  mostSigBits: 2826279316418218067
  leastSigBits: -8294557358815323149
}
.
2020-07-16 15:51:22,803 [Command processor thread] INFO  impl.RaftServerProxy (RaftServerProxy.java:addNew(89)) - a4211f84-eb03-46d7-a47e-1243f17c8bc7: addNew group-B78C77901B76:[a4211f84-eb03-46d7-a47e-1243f17c8bc7:172.17.0.2:33755] returns group-B78C77901B76:java.util.concurrent.CompletableFuture@14bd4800[Not completed]
2020-07-16 15:51:22,804 [pool-467-thread-1] INFO  impl.RaftServerImpl (RaftServerImpl.java:<init>(99)) - a4211f84-eb03-46d7-a47e-1243f17c8bc7: new RaftServerImpl for group-B78C77901B76:[a4211f84-eb03-46d7-a47e-1243f17c8bc7:172.17.0.2:33755] with ContainerStateMachine:uninitialized
2020-07-16 15:51:22,804 [pool-467-thread-1] INFO  server.RaftServerConfigKeys (ConfUtils.java:logGet(44)) - raft.server.rpc.timeout.min = 5s (custom)
2020-07-16 15:51:22,804 [pool-467-thread-1] INFO  server.RaftServerConfigKeys (ConfUtils.java:logGet(44)) - raft.server.rpc.timeout.max = 5200ms (custom)
2020-07-16 15:51:22,804 [pool-467-thread-1] INFO  server.RaftServerConfigKeys (ConfUtils.java:logGet(44)) - raft.server.rpcslowness.timeout = 300000ms (custom)
2020-07-16 15:51:22,804 [pool-467-thread-1] INFO  server.RaftServerConfigKeys (ConfUtils.java:logGet(44)) - raft.server.sleep.deviation.threshold = 300 (default)
2020-07-16 15:51:22,804 [pool-467-thread-1] INFO  server.RaftServerConfigKeys (ConfUtils.java:logGet(44)) - raft.server.log.appender.install.snapshot.enabled = false (custom)
2020-07-16 15:51:22,804 [pool-467-thread-1] INFO  impl.RaftServerImpl (ServerState.java:<init>(103)) - a4211f84-eb03-46d7-a47e-1243f17c8bc7@group-B78C77901B76: ConfigurationManager, init=-1: [a4211f84-eb03-46d7-a47e-1243f17c8bc7:172.17.0.2:33755], old=null, confs=<EMPTY_MAP>
2020-07-16 15:51:22,804 [pool-467-thread-1] INFO  server.RaftServerConfigKeys (ConfUtils.java:logGet(44)) - raft.server.storage.dir = [/github/workspace/mnt/ozone/hadoop-ozone/integration-test/target/test-dir/MiniOzoneClusterImpl-45392ef6-f0d5-4168-b900-afad7710253d/datanode-8/data/ratis] (custom)
2020-07-16 15:51:22,804 [pool-467-thread-1] INFO  server.RaftServerConfigKeys (ConfUtils.java:logGet(44)) - raft.server.log.corruption.policy = EXCEPTION (default)
2020-07-16 15:51:22,805 [pool-467-thread-1] INFO  storage.RaftStorageDirectory (RaftStorageDirectory.java:analyzeStorage(261)) - The storage directory /github/workspace/mnt/ozone/hadoop-ozone/integration-test/target/test-dir/MiniOzoneClusterImpl-45392ef6-f0d5-4168-b900-afad7710253d/datanode-8/data/ratis/7d889a9b-cc54-4cb8-8852-b78c77901b76 does not exist. Creating ...
2020-07-16 15:51:22,806 [Listener at 127.0.0.1/35779] INFO  ozone.MiniOzoneClusterImpl (MiniOzoneClusterImpl.java:lambda$waitForClusterToBeReady$0(177)) - Nodes are ready. Got 9 of 9 DN Heartbeats.
2020-07-16 15:51:22,806 [Listener at 127.0.0.1/35779] INFO  ozone.MiniOzoneClusterImpl (MiniOzoneClusterImpl.java:lambda$waitForClusterToBeReady$0(180)) - Waiting for cluster to exit safe mode
2020-07-16 15:51:22,806 [pool-467-thread-1] INFO  storage.RaftStorageDirectory (RaftStorageDirectory.java:tryLock(343)) - Lock on /github/workspace/mnt/ozone/hadoop-ozone/integration-test/target/test-dir/MiniOzoneClusterImpl-45392ef6-f0d5-4168-b900-afad7710253d/datanode-8/data/ratis/7d889a9b-cc54-4cb8-8852-b78c77901b76/in_use.lock acquired by nodename 13156@2ac0d1d00fcd
2020-07-16 15:51:22,807 [pool-467-thread-1] INFO  storage.RaftStorage (RaftStorage.java:format(84)) - Storage directory /github/workspace/mnt/ozone/hadoop-ozone/integration-test/target/test-dir/MiniOzoneClusterImpl-45392ef6-f0d5-4168-b900-afad7710253d/datanode-8/data/ratis/7d889a9b-cc54-4cb8-8852-b78c77901b76 has been successfully formatted.
2020-07-16 15:51:22,809 [EventQueue-PipelineReportForPipelineReportHandler] INFO  pipeline.PipelineStateManager (PipelineStateManager.java:openPipeline(131)) - Pipeline Pipeline[ Id: 7d889a9b-cc54-4cb8-8852-b78c77901b76, Nodes: a4211f84-eb03-46d7-a47e-1243f17c8bc7{ip: 172.17.0.2, host: 2ac0d1d00fcd, networkLocation: /default-rack, certSerialId: null}, Type:RATIS, Factor:ONE, State:ALLOCATED, leaderId:a4211f84-eb03-46d7-a47e-1243f17c8bc7, CreationTimestamp2020-07-16T15:51:19.804Z] moved to OPEN state
2020-07-16 15:51:22,810 [EventQueue-OpenPipelineForHealthyPipelineSafeModeRule] INFO  safemode.SCMSafeModeManager (HealthyPipelineSafeModeRule.java:process(129)) - SCM in safe mode. Healthy pipelines reported count is 0, required healthy pipeline reported count is 1
2020-07-16 15:51:22,810 [EventQueue-OpenPipelineForOneReplicaPipelineSafeModeRule] INFO  safemode.SCMSafeModeManager (SCMSafeModeManager.java:validateSafeModeExitRules(214)) - AtleastOneDatanodeReportedRule rule is successfully validated
2020-07-16 15:51:22,812 [pool-467-thread-1] INFO  ratis.ContainerStateMachine (ContainerStateMachine.java:loadSnapshot(225)) - group-B78C77901B76: The snapshot info is null. Setting the last applied indexto:(t:0, i:~)
2020-07-16 15:51:22,812 [pool-467-thread-1] INFO  server.RaftServerConfigKeys (ConfUtils.java:logGet(44)) - raft.server.notification.no-leader.timeout = 60s (default)
2020-07-16 15:51:22,812 [pool-467-thread-1] INFO  server.RaftServerConfigKeys (ConfUtils.java:logGet(44)) - raft.server.log.use.memory = false (default)
2020-07-16 15:51:22,812 [pool-467-thread-1] INFO  server.RaftServerConfigKeys (ConfUtils.java:logGet(44)) - raft.server.log.purge.gap = 1000000 (custom)
2020-07-16 15:51:22,812 [pool-467-thread-1] INFO  server.RaftServerConfigKeys (ConfUtils.java:logGet(44)) - raft.server.log.appender.buffer.byte-limit = 33554432 (custom)
2020-07-16 15:51:22,812 [pool-467-thread-1] INFO  server.RaftServerConfigKeys (ConfUtils.java:logGet(44)) - raft.server.log.segment.size.max = 1048576 (custom)
2020-07-16 15:51:22,812 [pool-467-thread-1] INFO  metrics.RatisMetrics (RatisMetrics.java:lambda$create$0(36)) - Creating Metrics Registry : ratis.log_worker.a4211f84-eb03-46d7-a47e-1243f17c8bc7@group-B78C77901B76
2020-07-16 15:51:22,813 [pool-467-thread-1] INFO  server.RaftServerConfigKeys (ConfUtils.java:logGet(44)) - raft.server.log.segment.cache.num.max = 2 (custom)
2020-07-16 15:51:22,813 [pool-467-thread-1] INFO  segmented.SegmentedRaftLogWorker (SegmentedRaftLogWorker.java:<init>(180)) - new a4211f84-eb03-46d7-a47e-1243f17c8bc7@group-B78C77901B76-SegmentedRaftLogWorker for RaftStorage:Storage Directory /github/workspace/mnt/ozone/hadoop-ozone/integration-test/target/test-dir/MiniOzoneClusterImpl-45392ef6-f0d5-4168-b900-afad7710253d/datanode-8/data/ratis/7d889a9b-cc54-4cb8-8852-b78c77901b76
2020-07-16 15:51:22,813 [pool-467-thread-1] INFO  server.RaftServerConfigKeys (ConfUtils.java:logGet(44)) - raft.server.log.queue.byte-limit = 2147483647 (custom)
2020-07-16 15:51:22,813 [pool-467-thread-1] INFO  server.RaftServerConfigKeys (ConfUtils.java:logGet(44)) - raft.server.log.queue.element-limit = 1024 (custom)
2020-07-16 15:51:22,813 [pool-467-thread-1] INFO  server.RaftServerConfigKeys (ConfUtils.java:logGet(44)) - raft.server.log.segment.size.max = 1048576 (custom)
2020-07-16 15:51:22,813 [pool-467-thread-1] INFO  server.RaftServerConfigKeys (ConfUtils.java:logGet(44)) - raft.server.log.preallocated.size = 16384 (custom)
2020-07-16 15:51:22,813 [pool-467-thread-1] INFO  server.RaftServerConfigKeys (ConfUtils.java:logGet(44)) - raft.server.log.write.buffer.size = 1048576 (custom)
2020-07-16 15:51:22,813 [pool-467-thread-1] INFO  server.RaftServerConfigKeys (ConfUtils.java:logGet(44)) - raft.server.log.force.sync.num = 128 (default)
2020-07-16 15:51:22,813 [pool-467-thread-1] INFO  server.RaftServerConfigKeys (ConfUtils.java:logGet(44)) - raft.server.log.statemachine.data.sync = true (default)
2020-07-16 15:51:22,813 [pool-467-thread-1] INFO  server.RaftServerConfigKeys (ConfUtils.java:logGet(44)) - raft.server.log.statemachine.data.sync.timeout = 10s (default)
2020-07-16 15:51:22,813 [pool-467-thread-1] INFO  server.RaftServerConfigKeys (ConfUtils.java:logGet(44)) - raft.server.log.statemachine.data.sync.timeout.retry = -1 (default)
2020-07-16 15:51:22,815 [pool-467-thread-1] INFO  server.RaftServerConfigKeys (ConfUtils.java:logGet(44)) - raft.server.log.statemachine.data.caching.enabled = true (custom)
2020-07-16 15:51:22,815 [pool-467-thread-1] INFO  segmented.SegmentedRaftLogWorker (SegmentedRaftLogWorker.java:lambda$new$0(129)) - a4211f84-eb03-46d7-a47e-1243f17c8bc7@group-B78C77901B76-SegmentedRaftLogWorker: flushIndex: setUnconditionally 0 -> -1
2020-07-16 15:51:22,815 [pool-467-thread-1] INFO  segmented.SegmentedRaftLogWorker (SegmentedRaftLogWorker.java:lambda$new$0(129)) - a4211f84-eb03-46d7-a47e-1243f17c8bc7@group-B78C77901B76-SegmentedRaftLogWorker: safeCacheEvictIndex: setUnconditionally 0 -> -1
2020-07-16 15:51:22,815 [pool-467-thread-1] INFO  server.RaftServerConfigKeys (ConfUtils.java:logGet(44)) - raft.server.snapshot.auto.trigger.enabled = true (custom)
2020-07-16 15:51:22,816 [pool-467-thread-1] INFO  server.RaftServerConfigKeys (ConfUtils.java:logGet(44)) - raft.server.snapshot.auto.trigger.threshold = 10000 (custom)
2020-07-16 15:51:22,816 [pool-467-thread-1] INFO  server.RaftServerConfigKeys (ConfUtils.java:logGet(44)) - raft.server.snapshot.retention.file.num = 5 (custom)
2020-07-16 15:51:22,816 [pool-467-thread-1] INFO  server.RaftServerConfigKeys (ConfUtils.java:logGet(44)) - raft.server.log.purge.upto.snapshot.index = false (default)
2020-07-16 15:51:22,816 [pool-467-thread-1] INFO  server.RaftServerConfigKeys (ConfUtils.java:logGet(44)) - raft.server.retrycache.expirytime = 600000ms (custom)
2020-07-16 15:51:22,816 [pool-467-thread-1] INFO  metrics.RatisMetrics (RatisMetrics.java:lambda$create$0(36)) - Creating Metrics Registry : ratis.leader_election.a4211f84-eb03-46d7-a47e-1243f17c8bc7@group-B78C77901B76
2020-07-16 15:51:22,816 [pool-467-thread-1] INFO  metrics.RatisMetrics (RatisMetrics.java:lambda$create$0(36)) - Creating Metrics Registry : ratis.server.a4211f84-eb03-46d7-a47e-1243f17c8bc7@group-B78C77901B76
2020-07-16 15:51:22,817 [pool-467-thread-1] INFO  impl.RaftServerImpl (RaftServerImpl.java:start(186)) - a4211f84-eb03-46d7-a47e-1243f17c8bc7@group-B78C77901B76: start as a follower, conf=-1: [a4211f84-eb03-46d7-a47e-1243f17c8bc7:172.17.0.2:33755], old=null
2020-07-16 15:51:22,817 [pool-467-thread-1] INFO  impl.RaftServerImpl (RaftServerImpl.java:setRole(175)) - a4211f84-eb03-46d7-a47e-1243f17c8bc7@group-B78C77901B76: changes role from      null to FOLLOWER at term 0 for startAsFollower
2020-07-16 15:51:22,817 [pool-467-thread-1] INFO  impl.RoleInfo (RoleInfo.java:updateAndGet(143)) - a4211f84-eb03-46d7-a47e-1243f17c8bc7: start FollowerState
2020-07-16 15:51:22,818 [pool-467-thread-1] INFO  util.JmxRegister (JmxRegister.java:tryRegister(44)) - Successfully registered JMX Bean with object name Ratis:service=RaftServer,group=group-B78C77901B76,id=a4211f84-eb03-46d7-a47e-1243f17c8bc7
2020-07-16 15:51:22,818 [pool-467-thread-1] INFO  metrics.RatisMetrics (RatisMetrics.java:lambda$create$0(36)) - Creating Metrics Registry : ratis.state_machine.a4211f84-eb03-46d7-a47e-1243f17c8bc7@group-B78C77901B76
2020-07-16 15:51:22,818 [Command processor thread] INFO  commandhandler.CreatePipelineCommandHandler (CreatePipelineCommandHandler.java:handle(109)) - Created Pipeline RATIS ONE #id: "7d889a9b-cc54-4cb8-8852-b78c77901b76"
uuid128 {
  mostSigBits: 9045649845512326328
  leastSigBits: -8623628522531841162
}
.
2020-07-16 15:51:23,806 [Listener at 127.0.0.1/35779] INFO  ozone.MiniOzoneClusterImpl (MiniOzoneClusterImpl.java:lambda$waitForClusterToBeReady$0(177)) - Nodes are ready. Got 9 of 9 DN Heartbeats.
2020-07-16 15:51:23,806 [Listener at 127.0.0.1/35779] INFO  ozone.MiniOzoneClusterImpl (MiniOzoneClusterImpl.java:lambda$waitForClusterToBeReady$0(180)) - Waiting for cluster to exit safe mode
2020-07-16 15:51:24,807 [Listener at 127.0.0.1/35779] INFO  ozone.MiniOzoneClusterImpl (MiniOzoneClusterImpl.java:lambda$waitForClusterToBeReady$0(177)) - Nodes are ready. Got 9 of 9 DN Heartbeats.
2020-07-16 15:51:24,807 [Listener at 127.0.0.1/35779] INFO  ozone.MiniOzoneClusterImpl (MiniOzoneClusterImpl.java:lambda$waitForClusterToBeReady$0(180)) - Waiting for cluster to exit safe mode
2020-07-16 15:51:25,807 [Listener at 127.0.0.1/35779] INFO  ozone.MiniOzoneClusterImpl (MiniOzoneClusterImpl.java:lambda$waitForClusterToBeReady$0(177)) - Nodes are ready. Got 9 of 9 DN Heartbeats.
2020-07-16 15:51:25,807 [Listener at 127.0.0.1/35779] INFO  ozone.MiniOzoneClusterImpl (MiniOzoneClusterImpl.java:lambda$waitForClusterToBeReady$0(180)) - Waiting for cluster to exit safe mode
2020-07-16 15:51:26,808 [Listener at 127.0.0.1/35779] INFO  ozone.MiniOzoneClusterImpl (MiniOzoneClusterImpl.java:lambda$waitForClusterToBeReady$0(177)) - Nodes are ready. Got 9 of 9 DN Heartbeats.
2020-07-16 15:51:26,808 [Listener at 127.0.0.1/35779] INFO  ozone.MiniOzoneClusterImpl (MiniOzoneClusterImpl.java:lambda$waitForClusterToBeReady$0(180)) - Waiting for cluster to exit safe mode
2020-07-16 15:51:27,011 [Thread-1222] INFO  impl.FollowerState (FollowerState.java:run(108)) - 72350810-11e7-4c4d-b66f-b995d4606524@group-1759C869F8E5-FollowerState: change to CANDIDATE, lastRpcTime:5052ms, electionTimeout:5052ms
2020-07-16 15:51:27,011 [Thread-1222] INFO  impl.RoleInfo (RoleInfo.java:shutdownFollowerState(121)) - 72350810-11e7-4c4d-b66f-b995d4606524: shutdown FollowerState
2020-07-16 15:51:27,011 [Thread-1222] INFO  impl.RaftServerImpl (RaftServerImpl.java:setRole(175)) - 72350810-11e7-4c4d-b66f-b995d4606524@group-1759C869F8E5: changes role from  FOLLOWER to CANDIDATE at term 0 for changeToCandidate
2020-07-16 15:51:27,011 [Thread-1222] INFO  impl.RoleInfo (RoleInfo.java:updateAndGet(143)) - 72350810-11e7-4c4d-b66f-b995d4606524: start LeaderElection
2020-07-16 15:51:27,024 [72350810-11e7-4c4d-b66f-b995d4606524@group-1759C869F8E5-LeaderElection30] INFO  impl.LeaderElection (LeaderElection.java:askForVotes(206)) - 72350810-11e7-4c4d-b66f-b995d4606524@group-1759C869F8E5-LeaderElection30: begin an election at term 1 for -1: [72350810-11e7-4c4d-b66f-b995d4606524:172.17.0.2:38865, e4e99700-16e7-4e9e-86ca-c902d8203535:172.17.0.2:36525, 1d5bf7e4-8d96-4310-9f32-ec9edaa2380c:172.17.0.2:39143], old=null
2020-07-16 15:51:27,035 [grpc-default-executor-7] INFO  impl.RaftServerImpl (RaftServerImpl.java:setRole(175)) - 1d5bf7e4-8d96-4310-9f32-ec9edaa2380c@group-1759C869F8E5: changes role from  FOLLOWER to FOLLOWER at term 1 for recognizeCandidate:72350810-11e7-4c4d-b66f-b995d4606524
2020-07-16 15:51:27,035 [grpc-default-executor-7] INFO  impl.RoleInfo (RoleInfo.java:shutdownFollowerState(121)) - 1d5bf7e4-8d96-4310-9f32-ec9edaa2380c: shutdown FollowerState
2020-07-16 15:51:27,035 [grpc-default-executor-7] INFO  impl.RoleInfo (RoleInfo.java:updateAndGet(143)) - 1d5bf7e4-8d96-4310-9f32-ec9edaa2380c: start FollowerState
2020-07-16 15:51:27,035 [Thread-1225] INFO  impl.FollowerState (FollowerState.java:run(117)) - 1d5bf7e4-8d96-4310-9f32-ec9edaa2380c@group-1759C869F8E5-FollowerState was interrupted: java.lang.InterruptedException: sleep interrupted
2020-07-16 15:51:27,043 [grpc-default-executor-1] INFO  impl.RaftServerImpl (RaftServerImpl.java:setRole(175)) - e4e99700-16e7-4e9e-86ca-c902d8203535@group-1759C869F8E5: changes role from  FOLLOWER to FOLLOWER at term 1 for recognizeCandidate:72350810-11e7-4c4d-b66f-b995d4606524
2020-07-16 15:51:27,043 [grpc-default-executor-1] INFO  impl.RoleInfo (RoleInfo.java:shutdownFollowerState(121)) - e4e99700-16e7-4e9e-86ca-c902d8203535: shutdown FollowerState
2020-07-16 15:51:27,044 [grpc-default-executor-1] INFO  impl.RoleInfo (RoleInfo.java:updateAndGet(143)) - e4e99700-16e7-4e9e-86ca-c902d8203535: start FollowerState
2020-07-16 15:51:27,044 [Thread-1220] INFO  impl.FollowerState (FollowerState.java:run(117)) - e4e99700-16e7-4e9e-86ca-c902d8203535@group-1759C869F8E5-FollowerState was interrupted: java.lang.InterruptedException: sleep interrupted
2020-07-16 15:51:27,048 [72350810-11e7-4c4d-b66f-b995d4606524@group-1759C869F8E5-LeaderElection30] INFO  impl.LeaderElection (LeaderElection.java:logAndReturn(61)) - 72350810-11e7-4c4d-b66f-b995d4606524@group-1759C869F8E5-LeaderElection30: Election PASSED; received 1 response(s) [72350810-11e7-4c4d-b66f-b995d4606524<-1d5bf7e4-8d96-4310-9f32-ec9edaa2380c#0:OK-t1] and 0 exception(s); 72350810-11e7-4c4d-b66f-b995d4606524@group-1759C869F8E5:t1, leader=null, voted=72350810-11e7-4c4d-b66f-b995d4606524, raftlog=72350810-11e7-4c4d-b66f-b995d4606524@group-1759C869F8E5-SegmentedRaftLog:OPENED:c-1,f-1,i0, conf=-1: [72350810-11e7-4c4d-b66f-b995d4606524:172.17.0.2:38865, e4e99700-16e7-4e9e-86ca-c902d8203535:172.17.0.2:36525, 1d5bf7e4-8d96-4310-9f32-ec9edaa2380c:172.17.0.2:39143], old=null
2020-07-16 15:51:27,048 [72350810-11e7-4c4d-b66f-b995d4606524@group-1759C869F8E5-LeaderElection30] INFO  impl.RoleInfo (RoleInfo.java:shutdownLeaderElection(134)) - 72350810-11e7-4c4d-b66f-b995d4606524: shutdown LeaderElection
2020-07-16 15:51:27,048 [72350810-11e7-4c4d-b66f-b995d4606524@group-1759C869F8E5-LeaderElection30] INFO  impl.RaftServerImpl (RaftServerImpl.java:setRole(175)) - 72350810-11e7-4c4d-b66f-b995d4606524@group-1759C869F8E5: changes role from CANDIDATE to LEADER at term 1 for changeToLeader
2020-07-16 15:51:27,048 [72350810-11e7-4c4d-b66f-b995d4606524@group-1759C869F8E5-LeaderElection30] INFO  ratis.XceiverServerRatis (XceiverServerRatis.java:handleLeaderChangedNotification(820)) - Leader change notification received for group: group-1759C869F8E5 with new leaderId: 72350810-11e7-4c4d-b66f-b995d4606524
2020-07-16 15:51:27,049 [72350810-11e7-4c4d-b66f-b995d4606524@group-1759C869F8E5-LeaderElection30] INFO  impl.RaftServerImpl (ServerState.java:setLeader(255)) - 72350810-11e7-4c4d-b66f-b995d4606524@group-1759C869F8E5: change Leader from null to 72350810-11e7-4c4d-b66f-b995d4606524 at term 1 for becomeLeader, leader elected after 5102ms
2020-07-16 15:51:27,049 [72350810-11e7-4c4d-b66f-b995d4606524@group-1759C869F8E5-LeaderElection30] INFO  server.RaftServerConfigKeys (ConfUtils.java:logGet(44)) - raft.server.staging.catchup.gap = 1000 (default)
2020-07-16 15:51:27,049 [72350810-11e7-4c4d-b66f-b995d4606524@group-1759C869F8E5-LeaderElection30] INFO  server.RaftServerConfigKeys (ConfUtils.java:logGet(44)) - raft.server.rpc.sleep.time = 25ms (default)
2020-07-16 15:51:27,049 [72350810-11e7-4c4d-b66f-b995d4606524@group-1759C869F8E5-LeaderElection30] INFO  metrics.RatisMetrics (RatisMetrics.java:lambda$create$0(36)) - Creating Metrics Registry : ratis.log_appender.72350810-11e7-4c4d-b66f-b995d4606524@group-1759C869F8E5
2020-07-16 15:51:27,049 [72350810-11e7-4c4d-b66f-b995d4606524@group-1759C869F8E5-LeaderElection30] INFO  server.RaftServerConfigKeys (ConfUtils.java:logGet(44)) - raft.server.write.element-limit = 1024 (custom)
2020-07-16 15:51:27,049 [72350810-11e7-4c4d-b66f-b995d4606524@group-1759C869F8E5-LeaderElection30] INFO  server.RaftServerConfigKeys (ConfUtils.java:logGet(44)) - raft.server.write.byte-limit = 1073741824 (custom)
2020-07-16 15:51:27,049 [72350810-11e7-4c4d-b66f-b995d4606524@group-1759C869F8E5-LeaderElection30] INFO  server.RaftServerConfigKeys (ConfUtils.java:logGet(44)) - raft.server.watch.timeout = 3000ms (custom)
2020-07-16 15:51:27,049 [72350810-11e7-4c4d-b66f-b995d4606524@group-1759C869F8E5-LeaderElection30] INFO  server.RaftServerConfigKeys (ConfUtils.java:logGet(44)) - raft.server.watch.timeout.denomination = 1s (default)
2020-07-16 15:51:27,049 [72350810-11e7-4c4d-b66f-b995d4606524@group-1759C869F8E5-LeaderElection30] INFO  server.RaftServerConfigKeys (ConfUtils.java:logGet(44)) - raft.server.watch.element-limit = 65536 (default)
2020-07-16 15:51:27,050 [72350810-11e7-4c4d-b66f-b995d4606524@group-1759C869F8E5-LeaderElection30] INFO  server.RaftServerConfigKeys (ConfUtils.java:logGet(44)) - raft.server.log.appender.snapshot.chunk.size.max = 16MB (=16777216) (default)
2020-07-16 15:51:27,050 [72350810-11e7-4c4d-b66f-b995d4606524@group-1759C869F8E5-LeaderElection30] INFO  server.RaftServerConfigKeys (ConfUtils.java:logGet(44)) - raft.server.log.appender.buffer.byte-limit = 33554432 (custom)
2020-07-16 15:51:27,050 [72350810-11e7-4c4d-b66f-b995d4606524@group-1759C869F8E5-LeaderElection30] INFO  server.RaftServerConfigKeys (ConfUtils.java:logGet(44)) - raft.server.log.appender.buffer.element-limit = 1 (custom)
2020-07-16 15:51:27,050 [72350810-11e7-4c4d-b66f-b995d4606524@group-1759C869F8E5-LeaderElection30] INFO  grpc.GrpcConfigKeys (ConfUtils.java:logGet(44)) - raft.grpc.server.leader.outstanding.appends.max = 128 (default)
2020-07-16 15:51:27,050 [72350810-11e7-4c4d-b66f-b995d4606524@group-1759C869F8E5-LeaderElection30] INFO  server.RaftServerConfigKeys (ConfUtils.java:logGet(44)) - raft.server.rpc.request.timeout = 3000ms (default)
2020-07-16 15:51:27,050 [72350810-11e7-4c4d-b66f-b995d4606524@group-1759C869F8E5-LeaderElection30] INFO  server.RaftServerConfigKeys (ConfUtils.java:logGet(44)) - raft.server.log.appender.install.snapshot.enabled = false (custom)
2020-07-16 15:51:27,050 [72350810-11e7-4c4d-b66f-b995d4606524@group-1759C869F8E5-LeaderElection30] INFO  metrics.RatisMetrics (RatisMetrics.java:lambda$create$0(36)) - Creating Metrics Registry : ratis_grpc.log_appender.72350810-11e7-4c4d-b66f-b995d4606524@group-1759C869F8E5
2020-07-16 15:51:27,052 [72350810-11e7-4c4d-b66f-b995d4606524@group-1759C869F8E5-LeaderElection30] INFO  server.RaftServerConfigKeys (ConfUtils.java:logGet(44)) - raft.server.log.appender.snapshot.chunk.size.max = 16MB (=16777216) (default)
2020-07-16 15:51:27,052 [72350810-11e7-4c4d-b66f-b995d4606524@group-1759C869F8E5-LeaderElection30] INFO  server.RaftServerConfigKeys (ConfUtils.java:logGet(44)) - raft.server.log.appender.buffer.byte-limit = 33554432 (custom)
2020-07-16 15:51:27,053 [72350810-11e7-4c4d-b66f-b995d4606524@group-1759C869F8E5-LeaderElection30] INFO  server.RaftServerConfigKeys (ConfUtils.java:logGet(44)) - raft.server.log.appender.buffer.element-limit = 1 (custom)
2020-07-16 15:51:27,053 [EventQueue-PipelineReportForPipelineReportHandler] INFO  pipeline.PipelineStateManager (PipelineStateManager.java:openPipeline(131)) - Pipeline Pipeline[ Id: 81537660-65b0-49ca-bd55-1759c869f8e5, Nodes: 72350810-11e7-4c4d-b66f-b995d4606524{ip: 172.17.0.2, host: 2ac0d1d00fcd, networkLocation: /default-rack, certSerialId: null}1d5bf7e4-8d96-4310-9f32-ec9edaa2380c{ip: 172.17.0.2, host: 2ac0d1d00fcd, networkLocation: /default-rack, certSerialId: null}e4e99700-16e7-4e9e-86ca-c902d8203535{ip: 172.17.0.2, host: 2ac0d1d00fcd, networkLocation: /default-rack, certSerialId: null}, Type:RATIS, Factor:THREE, State:ALLOCATED, leaderId:72350810-11e7-4c4d-b66f-b995d4606524, CreationTimestamp2020-07-16T15:51:19.135Z] moved to OPEN state
2020-07-16 15:51:27,053 [72350810-11e7-4c4d-b66f-b995d4606524@group-1759C869F8E5-LeaderElection30] INFO  grpc.GrpcConfigKeys (ConfUtils.java:logGet(44)) - raft.grpc.server.leader.outstanding.appends.max = 128 (default)
2020-07-16 15:51:27,054 [EventQueue-OpenPipelineForOneReplicaPipelineSafeModeRule] INFO  safemode.SCMSafeModeManager (SCMSafeModeManager.java:validateSafeModeExitRules(214)) - AtleastOneDatanodeReportedRule rule is successfully validated
2020-07-16 15:51:27,054 [EventQueue-OpenPipelineForHealthyPipelineSafeModeRule] INFO  safemode.SCMSafeModeManager (HealthyPipelineSafeModeRule.java:process(129)) - SCM in safe mode. Healthy pipelines reported count is 1, required healthy pipeline reported count is 1
2020-07-16 15:51:27,059 [EventQueue-OpenPipelineForHealthyPipelineSafeModeRule] INFO  safemode.SCMSafeModeManager (SCMSafeModeManager.java:validateSafeModeExitRules(214)) - HealthyPipelineSafeModeRule rule is successfully validated
2020-07-16 15:51:27,059 [EventQueue-OpenPipelineForHealthyPipelineSafeModeRule] INFO  safemode.SCMSafeModeManager (SCMSafeModeManager.java:validateSafeModeExitRules(228)) - ScmSafeModeManager, all rules are successfully validated
2020-07-16 15:51:27,059 [EventQueue-OpenPipelineForHealthyPipelineSafeModeRule] INFO  safemode.SCMSafeModeManager (SCMSafeModeManager.java:exitSafeMode(257)) - SCM exiting safe mode.
2020-07-16 15:51:27,054 [72350810-11e7-4c4d-b66f-b995d4606524@group-1759C869F8E5-LeaderElection30] INFO  server.RaftServerConfigKeys (ConfUtils.java:logGet(44)) - raft.server.rpc.request.timeout = 3000ms (default)
2020-07-16 15:51:27,059 [72350810-11e7-4c4d-b66f-b995d4606524@group-1759C869F8E5-LeaderElection30] INFO  server.RaftServerConfigKeys (ConfUtils.java:logGet(44)) - raft.server.log.appender.install.snapshot.enabled = false (custom)
2020-07-16 15:51:27,060 [72350810-11e7-4c4d-b66f-b995d4606524@group-1759C869F8E5-LeaderElection30] INFO  impl.RoleInfo (RoleInfo.java:updateAndGet(143)) - 72350810-11e7-4c4d-b66f-b995d4606524: start LeaderState
2020-07-16 15:51:27,061 [72350810-11e7-4c4d-b66f-b995d4606524@group-1759C869F8E5-LeaderElection30] INFO  segmented.SegmentedRaftLogWorker (SegmentedRaftLogWorker.java:startLogSegment(397)) - 72350810-11e7-4c4d-b66f-b995d4606524@group-1759C869F8E5-SegmentedRaftLogWorker: Starting segment from index:0
2020-07-16 15:51:27,064 [72350810-11e7-4c4d-b66f-b995d4606524@group-1759C869F8E5-LeaderElection30] INFO  impl.RaftServerImpl (ServerState.java:setRaftConf(356)) - 72350810-11e7-4c4d-b66f-b995d4606524@group-1759C869F8E5: set configuration 0: [72350810-11e7-4c4d-b66f-b995d4606524:172.17.0.2:38865, e4e99700-16e7-4e9e-86ca-c902d8203535:172.17.0.2:36525, 1d5bf7e4-8d96-4310-9f32-ec9edaa2380c:172.17.0.2:39143], old=null at 0
2020-07-16 15:51:27,068 [grpc-default-executor-7] INFO  ratis.XceiverServerRatis (XceiverServerRatis.java:handleLeaderChangedNotification(820)) - Leader change notification received for group: group-1759C869F8E5 with new leaderId: 72350810-11e7-4c4d-b66f-b995d4606524
2020-07-16 15:51:27,068 [grpc-default-executor-7] INFO  impl.RaftServerImpl (ServerState.java:setLeader(255)) - e4e99700-16e7-4e9e-86ca-c902d8203535@group-1759C869F8E5: change Leader from null to 72350810-11e7-4c4d-b66f-b995d4606524 at term 1 for appendEntries, leader elected after 5155ms
2020-07-16 15:51:27,068 [72350810-11e7-4c4d-b66f-b995d4606524@group-1759C869F8E5-SegmentedRaftLogWorker] INFO  segmented.SegmentedRaftLogWorker (SegmentedRaftLogWorker.java:execute(596)) - 72350810-11e7-4c4d-b66f-b995d4606524@group-1759C869F8E5-SegmentedRaftLogWorker: created new log segment /github/workspace/mnt/ozone/hadoop-ozone/integration-test/target/test-dir/MiniOzoneClusterImpl-45392ef6-f0d5-4168-b900-afad7710253d/datanode-2/data/ratis/81537660-65b0-49ca-bd55-1759c869f8e5/current/log_inprogress_0
2020-07-16 15:51:27,075 [grpc-default-executor-1] INFO  ratis.XceiverServerRatis (XceiverServerRatis.java:handleLeaderChangedNotification(820)) - Leader change notification received for group: group-1759C869F8E5 with new leaderId: 72350810-11e7-4c4d-b66f-b995d4606524
2020-07-16 15:51:27,075 [grpc-default-executor-1] INFO  impl.RaftServerImpl (ServerState.java:setLeader(255)) - 1d5bf7e4-8d96-4310-9f32-ec9edaa2380c@group-1759C869F8E5: change Leader from null to 72350810-11e7-4c4d-b66f-b995d4606524 at term 1 for appendEntries, leader elected after 5091ms
2020-07-16 15:51:27,075 [Thread-1218] INFO  impl.FollowerState (FollowerState.java:run(108)) - e4e99700-16e7-4e9e-86ca-c902d8203535@group-533E3E7D5CED-FollowerState: change to CANDIDATE, lastRpcTime:5168ms, electionTimeout:5160ms
2020-07-16 15:51:27,076 [Thread-1218] INFO  impl.RoleInfo (RoleInfo.java:shutdownFollowerState(121)) - e4e99700-16e7-4e9e-86ca-c902d8203535: shutdown FollowerState
2020-07-16 15:51:27,076 [Thread-1218] INFO  impl.RaftServerImpl (RaftServerImpl.java:setRole(175)) - e4e99700-16e7-4e9e-86ca-c902d8203535@group-533E3E7D5CED: changes role from  FOLLOWER to CANDIDATE at term 0 for changeToCandidate
2020-07-16 15:51:27,078 [Thread-1218] INFO  impl.RoleInfo (RoleInfo.java:updateAndGet(143)) - e4e99700-16e7-4e9e-86ca-c902d8203535: start LeaderElection
2020-07-16 15:51:27,084 [grpc-default-executor-7] INFO  impl.RaftServerImpl (ServerState.java:setRaftConf(356)) - 1d5bf7e4-8d96-4310-9f32-ec9edaa2380c@group-1759C869F8E5: set configuration 0: [72350810-11e7-4c4d-b66f-b995d4606524:172.17.0.2:38865, e4e99700-16e7-4e9e-86ca-c902d8203535:172.17.0.2:36525, 1d5bf7e4-8d96-4310-9f32-ec9edaa2380c:172.17.0.2:39143], old=null at 0
2020-07-16 15:51:27,084 [grpc-default-executor-7] INFO  segmented.SegmentedRaftLogWorker (SegmentedRaftLogWorker.java:startLogSegment(397)) - 1d5bf7e4-8d96-4310-9f32-ec9edaa2380c@group-1759C869F8E5-SegmentedRaftLogWorker: Starting segment from index:0
2020-07-16 15:51:27,085 [e4e99700-16e7-4e9e-86ca-c902d8203535@group-533E3E7D5CED-LeaderElection31] INFO  impl.LeaderElection (LeaderElection.java:askForVotes(206)) - e4e99700-16e7-4e9e-86ca-c902d8203535@group-533E3E7D5CED-LeaderElection31: begin an election at term 1 for -1: [e4e99700-16e7-4e9e-86ca-c902d8203535:172.17.0.2:36525], old=null
2020-07-16 15:51:27,085 [e4e99700-16e7-4e9e-86ca-c902d8203535@group-533E3E7D5CED-LeaderElection31] INFO  impl.RoleInfo (RoleInfo.java:shutdownLeaderElection(134)) - e4e99700-16e7-4e9e-86ca-c902d8203535: shutdown LeaderElection
2020-07-16 15:51:27,085 [e4e99700-16e7-4e9e-86ca-c902d8203535@group-533E3E7D5CED-LeaderElection31] INFO  impl.RaftServerImpl (RaftServerImpl.java:setRole(175)) - e4e99700-16e7-4e9e-86ca-c902d8203535@group-533E3E7D5CED: changes role from CANDIDATE to LEADER at term 1 for changeToLeader
2020-07-16 15:51:27,085 [e4e99700-16e7-4e9e-86ca-c902d8203535@group-533E3E7D5CED-LeaderElection31] INFO  ratis.XceiverServerRatis (XceiverServerRatis.java:handleLeaderChangedNotification(820)) - Leader change notification received for group: group-533E3E7D5CED with new leaderId: e4e99700-16e7-4e9e-86ca-c902d8203535
2020-07-16 15:51:27,086 [e4e99700-16e7-4e9e-86ca-c902d8203535@group-533E3E7D5CED-LeaderElection31] INFO  impl.RaftServerImpl (ServerState.java:setLeader(255)) - e4e99700-16e7-4e9e-86ca-c902d8203535@group-533E3E7D5CED: change Leader from null to e4e99700-16e7-4e9e-86ca-c902d8203535 at term 1 for becomeLeader, leader elected after 5185ms
2020-07-16 15:51:27,086 [e4e99700-16e7-4e9e-86ca-c902d8203535@group-533E3E7D5CED-LeaderElection31] INFO  server.RaftServerConfigKeys (ConfUtils.java:logGet(44)) - raft.server.staging.catchup.gap = 1000 (default)
2020-07-16 15:51:27,086 [e4e99700-16e7-4e9e-86ca-c902d8203535@group-533E3E7D5CED-LeaderElection31] INFO  server.RaftServerConfigKeys (ConfUtils.java:logGet(44)) - raft.server.rpc.sleep.time = 25ms (default)
2020-07-16 15:51:27,086 [e4e99700-16e7-4e9e-86ca-c902d8203535@group-533E3E7D5CED-LeaderElection31] INFO  metrics.RatisMetrics (RatisMetrics.java:lambda$create$0(36)) - Creating Metrics Registry : ratis.log_appender.e4e99700-16e7-4e9e-86ca-c902d8203535@group-533E3E7D5CED
2020-07-16 15:51:27,087 [e4e99700-16e7-4e9e-86ca-c902d8203535@group-533E3E7D5CED-LeaderElection31] INFO  server.RaftServerConfigKeys (ConfUtils.java:logGet(44)) - raft.server.write.element-limit = 1024 (custom)
2020-07-16 15:51:27,087 [e4e99700-16e7-4e9e-86ca-c902d8203535@group-533E3E7D5CED-LeaderElection31] INFO  server.RaftServerConfigKeys (ConfUtils.java:logGet(44)) - raft.server.write.byte-limit = 1073741824 (custom)
2020-07-16 15:51:27,087 [e4e99700-16e7-4e9e-86ca-c902d8203535@group-533E3E7D5CED-LeaderElection31] INFO  server.RaftServerConfigKeys (ConfUtils.java:logGet(44)) - raft.server.watch.timeout = 3000ms (custom)
2020-07-16 15:51:27,087 [e4e99700-16e7-4e9e-86ca-c902d8203535@group-533E3E7D5CED-LeaderElection31] INFO  server.RaftServerConfigKeys (ConfUtils.java:logGet(44)) - raft.server.watch.timeout.denomination = 1s (default)
2020-07-16 15:51:27,085 [grpc-default-executor-6] INFO  impl.RaftServerImpl (ServerState.java:setRaftConf(356)) - e4e99700-16e7-4e9e-86ca-c902d8203535@group-1759C869F8E5: set configuration 0: [72350810-11e7-4c4d-b66f-b995d4606524:172.17.0.2:38865, e4e99700-16e7-4e9e-86ca-c902d8203535:172.17.0.2:36525, 1d5bf7e4-8d96-4310-9f32-ec9edaa2380c:172.17.0.2:39143], old=null at 0
2020-07-16 15:51:27,087 [e4e99700-16e7-4e9e-86ca-c902d8203535@group-533E3E7D5CED-LeaderElection31] INFO  server.RaftServerConfigKeys (ConfUtils.java:logGet(44)) - raft.server.watch.element-limit = 65536 (default)
2020-07-16 15:51:27,086 [1d5bf7e4-8d96-4310-9f32-ec9edaa2380c@group-1759C869F8E5-SegmentedRaftLogWorker] INFO  segmented.SegmentedRaftLogWorker (SegmentedRaftLogWorker.java:execute(596)) - 1d5bf7e4-8d96-4310-9f32-ec9edaa2380c@group-1759C869F8E5-SegmentedRaftLogWorker: created new log segment /github/workspace/mnt/ozone/hadoop-ozone/integration-test/target/test-dir/MiniOzoneClusterImpl-45392ef6-f0d5-4168-b900-afad7710253d/datanode-1/data/ratis/81537660-65b0-49ca-bd55-1759c869f8e5/current/log_inprogress_0
2020-07-16 15:51:27,088 [e4e99700-16e7-4e9e-86ca-c902d8203535@group-533E3E7D5CED-LeaderElection31] INFO  impl.RoleInfo (RoleInfo.java:updateAndGet(143)) - e4e99700-16e7-4e9e-86ca-c902d8203535: start LeaderState
2020-07-16 15:51:27,088 [grpc-default-executor-6] INFO  segmented.SegmentedRaftLogWorker (SegmentedRaftLogWorker.java:startLogSegment(397)) - e4e99700-16e7-4e9e-86ca-c902d8203535@group-1759C869F8E5-SegmentedRaftLogWorker: Starting segment from index:0
2020-07-16 15:51:27,090 [e4e99700-16e7-4e9e-86ca-c902d8203535@group-533E3E7D5CED-LeaderElection31] INFO  segmented.SegmentedRaftLogWorker (SegmentedRaftLogWorker.java:startLogSegment(397)) - e4e99700-16e7-4e9e-86ca-c902d8203535@group-533E3E7D5CED-SegmentedRaftLogWorker: Starting segment from index:0
2020-07-16 15:51:27,090 [e4e99700-16e7-4e9e-86ca-c902d8203535@group-1759C869F8E5-SegmentedRaftLogWorker] INFO  segmented.SegmentedRaftLogWorker (SegmentedRaftLogWorker.java:execute(596)) - e4e99700-16e7-4e9e-86ca-c902d8203535@group-1759C869F8E5-SegmentedRaftLogWorker: created new log segment /github/workspace/mnt/ozone/hadoop-ozone/integration-test/target/test-dir/MiniOzoneClusterImpl-45392ef6-f0d5-4168-b900-afad7710253d/datanode-0/data/ratis/81537660-65b0-49ca-bd55-1759c869f8e5/current/log_inprogress_0
2020-07-16 15:51:27,091 [Thread-1228] INFO  impl.FollowerState (FollowerState.java:run(108)) - 1d5bf7e4-8d96-4310-9f32-ec9edaa2380c@group-B6BBBEA15AAF-FollowerState: change to CANDIDATE, lastRpcTime:5072ms, electionTimeout:5072ms
2020-07-16 15:51:27,091 [Thread-1228] INFO  impl.RoleInfo (RoleInfo.java:shutdownFollowerState(121)) - 1d5bf7e4-8d96-4310-9f32-ec9edaa2380c: shutdown FollowerState
2020-07-16 15:51:27,091 [Thread-1228] INFO  impl.RaftServerImpl (RaftServerImpl.java:setRole(175)) - 1d5bf7e4-8d96-4310-9f32-ec9edaa2380c@group-B6BBBEA15AAF: changes role from  FOLLOWER to CANDIDATE at term 0 for changeToCandidate
2020-07-16 15:51:27,092 [e4e99700-16e7-4e9e-86ca-c902d8203535@group-533E3E7D5CED-SegmentedRaftLogWorker] INFO  segmented.SegmentedRaftLogWorker (SegmentedRaftLogWorker.java:execute(596)) - e4e99700-16e7-4e9e-86ca-c902d8203535@group-533E3E7D5CED-SegmentedRaftLogWorker: created new log segment /github/workspace/mnt/ozone/hadoop-ozone/integration-test/target/test-dir/MiniOzoneClusterImpl-45392ef6-f0d5-4168-b900-afad7710253d/datanode-0/data/ratis/3ff2ba18-d073-4c82-8e25-533e3e7d5ced/current/log_inprogress_0
2020-07-16 15:51:27,095 [e4e99700-16e7-4e9e-86ca-c902d8203535@group-533E3E7D5CED-LeaderElection31] INFO  impl.RaftServerImpl (ServerState.java:setRaftConf(356)) - e4e99700-16e7-4e9e-86ca-c902d8203535@group-533E3E7D5CED: set configuration 0: [e4e99700-16e7-4e9e-86ca-c902d8203535:172.17.0.2:36525], old=null at 0
2020-07-16 15:51:27,095 [Thread-1228] INFO  impl.RoleInfo (RoleInfo.java:updateAndGet(143)) - 1d5bf7e4-8d96-4310-9f32-ec9edaa2380c: start LeaderElection
2020-07-16 15:51:27,099 [1d5bf7e4-8d96-4310-9f32-ec9edaa2380c@group-B6BBBEA15AAF-LeaderElection32] INFO  impl.LeaderElection (LeaderElection.java:askForVotes(206)) - 1d5bf7e4-8d96-4310-9f32-ec9edaa2380c@group-B6BBBEA15AAF-LeaderElection32: begin an election at term 1 for -1: [1d5bf7e4-8d96-4310-9f32-ec9edaa2380c:172.17.0.2:39143], old=null
2020-07-16 15:51:27,099 [1d5bf7e4-8d96-4310-9f32-ec9edaa2380c@group-B6BBBEA15AAF-LeaderElection32] INFO  impl.RoleInfo (RoleInfo.java:shutdownLeaderElection(134)) - 1d5bf7e4-8d96-4310-9f32-ec9edaa2380c: shutdown LeaderElection
2020-07-16 15:51:27,099 [1d5bf7e4-8d96-4310-9f32-ec9edaa2380c@group-B6BBBEA15AAF-LeaderElection32] INFO  impl.RaftServerImpl (RaftServerImpl.java:setRole(175)) - 1d5bf7e4-8d96-4310-9f32-ec9edaa2380c@group-B6BBBEA15AAF: changes role from CANDIDATE to LEADER at term 1 for changeToLeader
2020-07-16 15:51:27,099 [1d5bf7e4-8d96-4310-9f32-ec9edaa2380c@group-B6BBBEA15AAF-LeaderElection32] INFO  ratis.XceiverServerRatis (XceiverServerRatis.java:handleLeaderChangedNotification(820)) - Leader change notification received for group: group-B6BBBEA15AAF with new leaderId: 1d5bf7e4-8d96-4310-9f32-ec9edaa2380c
2020-07-16 15:51:27,100 [1d5bf7e4-8d96-4310-9f32-ec9edaa2380c@group-B6BBBEA15AAF-LeaderElection32] INFO  impl.RaftServerImpl (ServerState.java:setLeader(255)) - 1d5bf7e4-8d96-4310-9f32-ec9edaa2380c@group-B6BBBEA15AAF: change Leader from null to 1d5bf7e4-8d96-4310-9f32-ec9edaa2380c at term 1 for becomeLeader, leader elected after 5087ms
2020-07-16 15:51:27,100 [1d5bf7e4-8d96-4310-9f32-ec9edaa2380c@group-B6BBBEA15AAF-LeaderElection32] INFO  server.RaftServerConfigKeys (ConfUtils.java:logGet(44)) - raft.server.staging.catchup.gap = 1000 (default)
2020-07-16 15:51:27,100 [1d5bf7e4-8d96-4310-9f32-ec9edaa2380c@group-B6BBBEA15AAF-LeaderElection32] INFO  server.RaftServerConfigKeys (ConfUtils.java:logGet(44)) - raft.server.rpc.sleep.time = 25ms (default)
2020-07-16 15:51:27,100 [1d5bf7e4-8d96-4310-9f32-ec9edaa2380c@group-B6BBBEA15AAF-LeaderElection32] INFO  metrics.RatisMetrics (RatisMetrics.java:lambda$create$0(36)) - Creating Metrics Registry : ratis.log_appender.1d5bf7e4-8d96-4310-9f32-ec9edaa2380c@group-B6BBBEA15AAF
2020-07-16 15:51:27,100 [1d5bf7e4-8d96-4310-9f32-ec9edaa2380c@group-B6BBBEA15AAF-LeaderElection32] INFO  server.RaftServerConfigKeys (ConfUtils.java:logGet(44)) - raft.server.write.element-limit = 1024 (custom)
2020-07-16 15:51:27,100 [1d5bf7e4-8d96-4310-9f32-ec9edaa2380c@group-B6BBBEA15AAF-LeaderElection32] INFO  server.RaftServerConfigKeys (ConfUtils.java:logGet(44)) - raft.server.write.byte-limit = 1073741824 (custom)
2020-07-16 15:51:27,101 [1d5bf7e4-8d96-4310-9f32-ec9edaa2380c@group-B6BBBEA15AAF-LeaderElection32] INFO  server.RaftServerConfigKeys (ConfUtils.java:logGet(44)) - raft.server.watch.timeout = 3000ms (custom)
2020-07-16 15:51:27,101 [1d5bf7e4-8d96-4310-9f32-ec9edaa2380c@group-B6BBBEA15AAF-LeaderElection32] INFO  server.RaftServerConfigKeys (ConfUtils.java:logGet(44)) - raft.server.watch.timeout.denomination = 1s (default)
2020-07-16 15:51:27,101 [1d5bf7e4-8d96-4310-9f32-ec9edaa2380c@group-B6BBBEA15AAF-LeaderElection32] INFO  server.RaftServerConfigKeys (ConfUtils.java:logGet(44)) - raft.server.watch.element-limit = 65536 (default)
2020-07-16 15:51:27,101 [1d5bf7e4-8d96-4310-9f32-ec9edaa2380c@group-B6BBBEA15AAF-LeaderElection32] INFO  impl.RoleInfo (RoleInfo.java:updateAndGet(143)) - 1d5bf7e4-8d96-4310-9f32-ec9edaa2380c: start LeaderState
2020-07-16 15:51:27,101 [1d5bf7e4-8d96-4310-9f32-ec9edaa2380c@group-B6BBBEA15AAF-LeaderElection32] INFO  segmented.SegmentedRaftLogWorker (SegmentedRaftLogWorker.java:startLogSegment(397)) - 1d5bf7e4-8d96-4310-9f32-ec9edaa2380c@group-B6BBBEA15AAF-SegmentedRaftLogWorker: Starting segment from index:0
2020-07-16 15:51:27,102 [1d5bf7e4-8d96-4310-9f32-ec9edaa2380c@group-B6BBBEA15AAF-LeaderElection32] INFO  impl.RaftServerImpl (ServerState.java:setRaftConf(356)) - 1d5bf7e4-8d96-4310-9f32-ec9edaa2380c@group-B6BBBEA15AAF: set configuration 0: [1d5bf7e4-8d96-4310-9f32-ec9edaa2380c:172.17.0.2:39143], old=null at 0
2020-07-16 15:51:27,102 [1d5bf7e4-8d96-4310-9f32-ec9edaa2380c@group-B6BBBEA15AAF-SegmentedRaftLogWorker] INFO  segmented.SegmentedRaftLogWorker (SegmentedRaftLogWorker.java:execute(596)) - 1d5bf7e4-8d96-4310-9f32-ec9edaa2380c@group-B6BBBEA15AAF-SegmentedRaftLogWorker: created new log segment /github/workspace/mnt/ozone/hadoop-ozone/integration-test/target/test-dir/MiniOzoneClusterImpl-45392ef6-f0d5-4168-b900-afad7710253d/datanode-1/data/ratis/3a12e4d9-0945-4c30-a575-b6bbbea15aaf/current/log_inprogress_0
2020-07-16 15:51:27,220 [Thread-1230] INFO  impl.FollowerState (FollowerState.java:run(108)) - 72350810-11e7-4c4d-b66f-b995d4606524@group-68DF26598CF2-FollowerState: change to CANDIDATE, lastRpcTime:5077ms, electionTimeout:5076ms
2020-07-16 15:51:27,220 [Thread-1230] INFO  impl.RoleInfo (RoleInfo.java:shutdownFollowerState(121)) - 72350810-11e7-4c4d-b66f-b995d4606524: shutdown FollowerState
2020-07-16 15:51:27,220 [Thread-1230] INFO  impl.RaftServerImpl (RaftServerImpl.java:setRole(175)) - 72350810-11e7-4c4d-b66f-b995d4606524@group-68DF26598CF2: changes role from  FOLLOWER to CANDIDATE at term 0 for changeToCandidate
2020-07-16 15:51:27,220 [Thread-1230] INFO  impl.RoleInfo (RoleInfo.java:updateAndGet(143)) - 72350810-11e7-4c4d-b66f-b995d4606524: start LeaderElection
2020-07-16 15:51:27,223 [72350810-11e7-4c4d-b66f-b995d4606524@group-68DF26598CF2-LeaderElection33] INFO  impl.LeaderElection (LeaderElection.java:askForVotes(206)) - 72350810-11e7-4c4d-b66f-b995d4606524@group-68DF26598CF2-LeaderElection33: begin an election at term 1 for -1: [72350810-11e7-4c4d-b66f-b995d4606524:172.17.0.2:38865], old=null
2020-07-16 15:51:27,223 [72350810-11e7-4c4d-b66f-b995d4606524@group-68DF26598CF2-LeaderElection33] INFO  impl.RoleInfo (RoleInfo.java:shutdownLeaderElection(134)) - 72350810-11e7-4c4d-b66f-b995d4606524: shutdown LeaderElection
2020-07-16 15:51:27,223 [72350810-11e7-4c4d-b66f-b995d4606524@group-68DF26598CF2-LeaderElection33] INFO  impl.RaftServerImpl (RaftServerImpl.java:setRole(175)) - 72350810-11e7-4c4d-b66f-b995d4606524@group-68DF26598CF2: changes role from CANDIDATE to LEADER at term 1 for changeToLeader
2020-07-16 15:51:27,223 [72350810-11e7-4c4d-b66f-b995d4606524@group-68DF26598CF2-LeaderElection33] INFO  ratis.XceiverServerRatis (XceiverServerRatis.java:handleLeaderChangedNotification(820)) - Leader change notification received for group: group-68DF26598CF2 with new leaderId: 72350810-11e7-4c4d-b66f-b995d4606524
2020-07-16 15:51:27,223 [72350810-11e7-4c4d-b66f-b995d4606524@group-68DF26598CF2-LeaderElection33] INFO  impl.RaftServerImpl (ServerState.java:setLeader(255)) - 72350810-11e7-4c4d-b66f-b995d4606524@group-68DF26598CF2: change Leader from null to 72350810-11e7-4c4d-b66f-b995d4606524 at term 1 for becomeLeader, leader elected after 5086ms
2020-07-16 15:51:27,223 [72350810-11e7-4c4d-b66f-b995d4606524@group-68DF26598CF2-LeaderElection33] INFO  server.RaftServerConfigKeys (ConfUtils.java:logGet(44)) - raft.server.staging.catchup.gap = 1000 (default)
2020-07-16 15:51:27,223 [72350810-11e7-4c4d-b66f-b995d4606524@group-68DF26598CF2-LeaderElection33] INFO  server.RaftServerConfigKeys (ConfUtils.java:logGet(44)) - raft.server.rpc.sleep.time = 25ms (default)
2020-07-16 15:51:27,224 [72350810-11e7-4c4d-b66f-b995d4606524@group-68DF26598CF2-LeaderElection33] INFO  metrics.RatisMetrics (RatisMetrics.java:lambda$create$0(36)) - Creating Metrics Registry : ratis.log_appender.72350810-11e7-4c4d-b66f-b995d4606524@group-68DF26598CF2
2020-07-16 15:51:27,224 [72350810-11e7-4c4d-b66f-b995d4606524@group-68DF26598CF2-LeaderElection33] INFO  server.RaftServerConfigKeys (ConfUtils.java:logGet(44)) - raft.server.write.element-limit = 1024 (custom)
2020-07-16 15:51:27,224 [72350810-11e7-4c4d-b66f-b995d4606524@group-68DF26598CF2-LeaderElection33] INFO  server.RaftServerConfigKeys (ConfUtils.java:logGet(44)) - raft.server.write.byte-limit = 1073741824 (custom)
2020-07-16 15:51:27,224 [72350810-11e7-4c4d-b66f-b995d4606524@group-68DF26598CF2-LeaderElection33] INFO  server.RaftServerConfigKeys (ConfUtils.java:logGet(44)) - raft.server.watch.timeout = 3000ms (custom)
2020-07-16 15:51:27,224 [72350810-11e7-4c4d-b66f-b995d4606524@group-68DF26598CF2-LeaderElection33] INFO  server.RaftServerConfigKeys (ConfUtils.java:logGet(44)) - raft.server.watch.timeout.denomination = 1s (default)
2020-07-16 15:51:27,224 [72350810-11e7-4c4d-b66f-b995d4606524@group-68DF26598CF2-LeaderElection33] INFO  server.RaftServerConfigKeys (ConfUtils.java:logGet(44)) - raft.server.watch.element-limit = 65536 (default)
2020-07-16 15:51:27,224 [72350810-11e7-4c4d-b66f-b995d4606524@group-68DF26598CF2-LeaderElection33] INFO  impl.RoleInfo (RoleInfo.java:updateAndGet(143)) - 72350810-11e7-4c4d-b66f-b995d4606524: start LeaderState
2020-07-16 15:51:27,225 [72350810-11e7-4c4d-b66f-b995d4606524@group-68DF26598CF2-LeaderElection33] INFO  segmented.SegmentedRaftLogWorker (SegmentedRaftLogWorker.java:startLogSegment(397)) - 72350810-11e7-4c4d-b66f-b995d4606524@group-68DF26598CF2-SegmentedRaftLogWorker: Starting segment from index:0
2020-07-16 15:51:27,226 [72350810-11e7-4c4d-b66f-b995d4606524@group-68DF26598CF2-SegmentedRaftLogWorker] INFO  segmented.SegmentedRaftLogWorker (SegmentedRaftLogWorker.java:execute(596)) - 72350810-11e7-4c4d-b66f-b995d4606524@group-68DF26598CF2-SegmentedRaftLogWorker: created new log segment /github/workspace/mnt/ozone/hadoop-ozone/integration-test/target/test-dir/MiniOzoneClusterImpl-45392ef6-f0d5-4168-b900-afad7710253d/datanode-2/data/ratis/e2a19c29-41d3-4db9-bbe2-68df26598cf2/current/log_inprogress_0
2020-07-16 15:51:27,227 [72350810-11e7-4c4d-b66f-b995d4606524@group-68DF26598CF2-LeaderElection33] INFO  impl.RaftServerImpl (ServerState.java:setRaftConf(356)) - 72350810-11e7-4c4d-b66f-b995d4606524@group-68DF26598CF2: set configuration 0: [72350810-11e7-4c4d-b66f-b995d4606524:172.17.0.2:38865], old=null at 0
2020-07-16 15:51:27,277 [Thread-1234] INFO  impl.FollowerState (FollowerState.java:run(108)) - 8861f160-1711-47f6-a44a-97412e21c0d2@group-2A196422D3A1-FollowerState: change to CANDIDATE, lastRpcTime:5006ms, electionTimeout:5006ms
2020-07-16 15:51:27,277 [Thread-1234] INFO  impl.RoleInfo (RoleInfo.java:shutdownFollowerState(121)) - 8861f160-1711-47f6-a44a-97412e21c0d2: shutdown FollowerState
2020-07-16 15:51:27,277 [Thread-1234] INFO  impl.RaftServerImpl (RaftServerImpl.java:setRole(175)) - 8861f160-1711-47f6-a44a-97412e21c0d2@group-2A196422D3A1: changes role from  FOLLOWER to CANDIDATE at term 0 for changeToCandidate
2020-07-16 15:51:27,277 [Thread-1234] INFO  impl.RoleInfo (RoleInfo.java:updateAndGet(143)) - 8861f160-1711-47f6-a44a-97412e21c0d2: start LeaderElection
2020-07-16 15:51:27,280 [8861f160-1711-47f6-a44a-97412e21c0d2@group-2A196422D3A1-LeaderElection34] INFO  impl.LeaderElection (LeaderElection.java:askForVotes(206)) - 8861f160-1711-47f6-a44a-97412e21c0d2@group-2A196422D3A1-LeaderElection34: begin an election at term 1 for -1: [8861f160-1711-47f6-a44a-97412e21c0d2:172.17.0.2:44857, 54156d21-c882-42a4-932f-3be78151626f:172.17.0.2:39387, 000e9876-1564-40e7-be97-fe7a2cb99717:172.17.0.2:40603], old=null
2020-07-16 15:51:27,290 [grpc-default-executor-6] INFO  impl.RaftServerImpl (RaftServerImpl.java:setRole(175)) - 000e9876-1564-40e7-be97-fe7a2cb99717@group-2A196422D3A1: changes role from  FOLLOWER to FOLLOWER at term 1 for recognizeCandidate:8861f160-1711-47f6-a44a-97412e21c0d2
2020-07-16 15:51:27,290 [grpc-default-executor-6] INFO  impl.RoleInfo (RoleInfo.java:shutdownFollowerState(121)) - 000e9876-1564-40e7-be97-fe7a2cb99717: shutdown FollowerState
2020-07-16 15:51:27,290 [grpc-default-executor-6] INFO  impl.RoleInfo (RoleInfo.java:updateAndGet(143)) - 000e9876-1564-40e7-be97-fe7a2cb99717: start FollowerState
2020-07-16 15:51:27,290 [Thread-1239] INFO  impl.FollowerState (FollowerState.java:run(117)) - 000e9876-1564-40e7-be97-fe7a2cb99717@group-2A196422D3A1-FollowerState was interrupted: java.lang.InterruptedException: sleep interrupted
2020-07-16 15:51:27,299 [8861f160-1711-47f6-a44a-97412e21c0d2@group-2A196422D3A1-LeaderElection34] INFO  impl.LeaderElection (LeaderElection.java:logAndReturn(61)) - 8861f160-1711-47f6-a44a-97412e21c0d2@group-2A196422D3A1-LeaderElection34: Election PASSED; received 1 response(s) [8861f160-1711-47f6-a44a-97412e21c0d2<-000e9876-1564-40e7-be97-fe7a2cb99717#0:OK-t1] and 0 exception(s); 8861f160-1711-47f6-a44a-97412e21c0d2@group-2A196422D3A1:t1, leader=null, voted=8861f160-1711-47f6-a44a-97412e21c0d2, raftlog=8861f160-1711-47f6-a44a-97412e21c0d2@group-2A196422D3A1-SegmentedRaftLog:OPENED:c-1,f-1,i0, conf=-1: [8861f160-1711-47f6-a44a-97412e21c0d2:172.17.0.2:44857, 54156d21-c882-42a4-932f-3be78151626f:172.17.0.2:39387, 000e9876-1564-40e7-be97-fe7a2cb99717:172.17.0.2:40603], old=null
2020-07-16 15:51:27,299 [8861f160-1711-47f6-a44a-97412e21c0d2@group-2A196422D3A1-LeaderElection34] INFO  impl.RoleInfo (RoleInfo.java:shutdownLeaderElection(134)) - 8861f160-1711-47f6-a44a-97412e21c0d2: shutdown LeaderElection
2020-07-16 15:51:27,299 [8861f160-1711-47f6-a44a-97412e21c0d2@group-2A196422D3A1-LeaderElection34] INFO  impl.RaftServerImpl (RaftServerImpl.java:setRole(175)) - 8861f160-1711-47f6-a44a-97412e21c0d2@group-2A196422D3A1: changes role from CANDIDATE to LEADER at term 1 for changeToLeader
2020-07-16 15:51:27,299 [8861f160-1711-47f6-a44a-97412e21c0d2@group-2A196422D3A1-LeaderElection34] INFO  ratis.XceiverServerRatis (XceiverServerRatis.java:handleLeaderChangedNotification(820)) - Leader change notification received for group: group-2A196422D3A1 with new leaderId: 8861f160-1711-47f6-a44a-97412e21c0d2
2020-07-16 15:51:27,299 [8861f160-1711-47f6-a44a-97412e21c0d2@group-2A196422D3A1-LeaderElection34] INFO  impl.RaftServerImpl (ServerState.java:setLeader(255)) - 8861f160-1711-47f6-a44a-97412e21c0d2@group-2A196422D3A1: change Leader from null to 8861f160-1711-47f6-a44a-97412e21c0d2 at term 1 for becomeLeader, leader elected after 5037ms
2020-07-16 15:51:27,299 [8861f160-1711-47f6-a44a-97412e21c0d2@group-2A196422D3A1-LeaderElection34] INFO  server.RaftServerConfigKeys (ConfUtils.java:logGet(44)) - raft.server.staging.catchup.gap = 1000 (default)
2020-07-16 15:51:27,300 [8861f160-1711-47f6-a44a-97412e21c0d2@group-2A196422D3A1-LeaderElection34] INFO  server.RaftServerConfigKeys (ConfUtils.java:logGet(44)) - raft.server.rpc.sleep.time = 25ms (default)
2020-07-16 15:51:27,300 [8861f160-1711-47f6-a44a-97412e21c0d2@group-2A196422D3A1-LeaderElection34] INFO  metrics.RatisMetrics (RatisMetrics.java:lambda$create$0(36)) - Creating Metrics Registry : ratis.log_appender.8861f160-1711-47f6-a44a-97412e21c0d2@group-2A196422D3A1
2020-07-16 15:51:27,300 [8861f160-1711-47f6-a44a-97412e21c0d2@group-2A196422D3A1-LeaderElection34] INFO  server.RaftServerConfigKeys (ConfUtils.java:logGet(44)) - raft.server.write.element-limit = 1024 (custom)
2020-07-16 15:51:27,300 [8861f160-1711-47f6-a44a-97412e21c0d2@group-2A196422D3A1-LeaderElection34] INFO  server.RaftServerConfigKeys (ConfUtils.java:logGet(44)) - raft.server.write.byte-limit = 1073741824 (custom)
2020-07-16 15:51:27,300 [8861f160-1711-47f6-a44a-97412e21c0d2@group-2A196422D3A1-LeaderElection34] INFO  server.RaftServerConfigKeys (ConfUtils.java:logGet(44)) - raft.server.watch.timeout = 3000ms (custom)
2020-07-16 15:51:27,300 [8861f160-1711-47f6-a44a-97412e21c0d2@group-2A196422D3A1-LeaderElection34] INFO  server.RaftServerConfigKeys (ConfUtils.java:logGet(44)) - raft.server.watch.timeout.denomination = 1s (default)
2020-07-16 15:51:27,300 [8861f160-1711-47f6-a44a-97412e21c0d2@group-2A196422D3A1-LeaderElection34] INFO  server.RaftServerConfigKeys (ConfUtils.java:logGet(44)) - raft.server.watch.element-limit = 65536 (default)
2020-07-16 15:51:27,301 [8861f160-1711-47f6-a44a-97412e21c0d2@group-2A196422D3A1-LeaderElection34] INFO  server.RaftServerConfigKeys (ConfUtils.java:logGet(44)) - raft.server.log.appender.snapshot.chunk.size.max = 16MB (=16777216) (default)
2020-07-16 15:51:27,301 [8861f160-1711-47f6-a44a-97412e21c0d2@group-2A196422D3A1-LeaderElection34] INFO  server.RaftServerConfigKeys (ConfUtils.java:logGet(44)) - raft.server.log.appender.buffer.byte-limit = 33554432 (custom)
2020-07-16 15:51:27,301 [8861f160-1711-47f6-a44a-97412e21c0d2@group-2A196422D3A1-LeaderElection34] INFO  server.RaftServerConfigKeys (ConfUtils.java:logGet(44)) - raft.server.log.appender.buffer.element-limit = 1 (custom)
2020-07-16 15:51:27,301 [8861f160-1711-47f6-a44a-97412e21c0d2@group-2A196422D3A1-LeaderElection34] INFO  grpc.GrpcConfigKeys (ConfUtils.java:logGet(44)) - raft.grpc.server.leader.outstanding.appends.max = 128 (default)
2020-07-16 15:51:27,301 [8861f160-1711-47f6-a44a-97412e21c0d2@group-2A196422D3A1-LeaderElection34] INFO  server.RaftServerConfigKeys (ConfUtils.java:logGet(44)) - raft.server.rpc.request.timeout = 3000ms (default)
2020-07-16 15:51:27,301 [8861f160-1711-47f6-a44a-97412e21c0d2@group-2A196422D3A1-LeaderElection34] INFO  server.RaftServerConfigKeys (ConfUtils.java:logGet(44)) - raft.server.log.appender.install.snapshot.enabled = false (custom)
2020-07-16 15:51:27,301 [8861f160-1711-47f6-a44a-97412e21c0d2@group-2A196422D3A1-LeaderElection34] INFO  metrics.RatisMetrics (RatisMetrics.java:lambda$create$0(36)) - Creating Metrics Registry : ratis_grpc.log_appender.8861f160-1711-47f6-a44a-97412e21c0d2@group-2A196422D3A1
2020-07-16 15:51:27,302 [8861f160-1711-47f6-a44a-97412e21c0d2@group-2A196422D3A1-LeaderElection34] INFO  server.RaftServerConfigKeys (ConfUtils.java:logGet(44)) - raft.server.log.appender.snapshot.chunk.size.max = 16MB (=16777216) (default)
2020-07-16 15:51:27,303 [8861f160-1711-47f6-a44a-97412e21c0d2@group-2A196422D3A1-LeaderElection34] INFO  server.RaftServerConfigKeys (ConfUtils.java:logGet(44)) - raft.server.log.appender.buffer.byte-limit = 33554432 (custom)
2020-07-16 15:51:27,303 [8861f160-1711-47f6-a44a-97412e21c0d2@group-2A196422D3A1-LeaderElection34] INFO  server.RaftServerConfigKeys (ConfUtils.java:logGet(44)) - raft.server.log.appender.buffer.element-limit = 1 (custom)
2020-07-16 15:51:27,303 [EventQueue-PipelineReportForPipelineReportHandler] INFO  pipeline.PipelineStateManager (PipelineStateManager.java:openPipeline(131)) - Pipeline Pipeline[ Id: 92c66d2b-0479-46c7-a436-2a196422d3a1, Nodes: 54156d21-c882-42a4-932f-3be78151626f{ip: 172.17.0.2, host: 2ac0d1d00fcd, networkLocation: /default-rack, certSerialId: null}000e9876-1564-40e7-be97-fe7a2cb99717{ip: 172.17.0.2, host: 2ac0d1d00fcd, networkLocation: /default-rack, certSerialId: null}8861f160-1711-47f6-a44a-97412e21c0d2{ip: 172.17.0.2, host: 2ac0d1d00fcd, networkLocation: /default-rack, certSerialId: null}, Type:RATIS, Factor:THREE, State:ALLOCATED, leaderId:8861f160-1711-47f6-a44a-97412e21c0d2, CreationTimestamp2020-07-16T15:51:19.471Z] moved to OPEN state
2020-07-16 15:51:27,303 [8861f160-1711-47f6-a44a-97412e21c0d2@group-2A196422D3A1-LeaderElection34] INFO  grpc.GrpcConfigKeys (ConfUtils.java:logGet(44)) - raft.grpc.server.leader.outstanding.appends.max = 128 (default)
2020-07-16 15:51:27,304 [8861f160-1711-47f6-a44a-97412e21c0d2@group-2A196422D3A1-LeaderElection34] INFO  server.RaftServerConfigKeys (ConfUtils.java:logGet(44)) - raft.server.rpc.request.timeout = 3000ms (default)
2020-07-16 15:51:27,304 [8861f160-1711-47f6-a44a-97412e21c0d2@group-2A196422D3A1-LeaderElection34] INFO  server.RaftServerConfigKeys (ConfUtils.java:logGet(44)) - raft.server.log.appender.install.snapshot.enabled = false (custom)
2020-07-16 15:51:27,306 [8861f160-1711-47f6-a44a-97412e21c0d2@group-2A196422D3A1-LeaderElection34] INFO  impl.RoleInfo (RoleInfo.java:updateAndGet(143)) - 8861f160-1711-47f6-a44a-97412e21c0d2: start LeaderState
2020-07-16 15:51:27,307 [8861f160-1711-47f6-a44a-97412e21c0d2@group-2A196422D3A1-LeaderElection34] INFO  segmented.SegmentedRaftLogWorker (SegmentedRaftLogWorker.java:startLogSegment(397)) - 8861f160-1711-47f6-a44a-97412e21c0d2@group-2A196422D3A1-SegmentedRaftLogWorker: Starting segment from index:0
2020-07-16 15:51:27,308 [8861f160-1711-47f6-a44a-97412e21c0d2@group-2A196422D3A1-SegmentedRaftLogWorker] INFO  segmented.SegmentedRaftLogWorker (SegmentedRaftLogWorker.java:execute(596)) - 8861f160-1711-47f6-a44a-97412e21c0d2@group-2A196422D3A1-SegmentedRaftLogWorker: created new log segment /github/workspace/mnt/ozone/hadoop-ozone/integration-test/target/test-dir/MiniOzoneClusterImpl-45392ef6-f0d5-4168-b900-afad7710253d/datanode-3/data/ratis/92c66d2b-0479-46c7-a436-2a196422d3a1/current/log_inprogress_0
2020-07-16 15:51:27,315 [grpc-default-executor-6] INFO  impl.RaftServerImpl (RaftServerImpl.java:setRole(175)) - 54156d21-c882-42a4-932f-3be78151626f@group-2A196422D3A1: changes role from  FOLLOWER to FOLLOWER at term 1 for recognizeCandidate:8861f160-1711-47f6-a44a-97412e21c0d2
2020-07-16 15:51:27,316 [grpc-default-executor-6] INFO  impl.RoleInfo (RoleInfo.java:shutdownFollowerState(121)) - 54156d21-c882-42a4-932f-3be78151626f: shutdown FollowerState
2020-07-16 15:51:27,315 [8861f160-1711-47f6-a44a-97412e21c0d2@group-2A196422D3A1-LeaderElection34] INFO  impl.RaftServerImpl (ServerState.java:setRaftConf(356)) - 8861f160-1711-47f6-a44a-97412e21c0d2@group-2A196422D3A1: set configuration 0: [8861f160-1711-47f6-a44a-97412e21c0d2:172.17.0.2:44857, 54156d21-c882-42a4-932f-3be78151626f:172.17.0.2:39387, 000e9876-1564-40e7-be97-fe7a2cb99717:172.17.0.2:40603], old=null at 0
2020-07-16 15:51:27,316 [Thread-1236] INFO  impl.FollowerState (FollowerState.java:run(117)) - 54156d21-c882-42a4-932f-3be78151626f@group-2A196422D3A1-FollowerState was interrupted: java.lang.InterruptedException: sleep interrupted
2020-07-16 15:51:27,316 [grpc-default-executor-6] INFO  impl.RoleInfo (RoleInfo.java:updateAndGet(143)) - 54156d21-c882-42a4-932f-3be78151626f: start FollowerState
2020-07-16 15:51:27,322 [grpc-default-executor-6] INFO  ratis.XceiverServerRatis (XceiverServerRatis.java:handleLeaderChangedNotification(820)) - Leader change notification received for group: group-2A196422D3A1 with new leaderId: 8861f160-1711-47f6-a44a-97412e21c0d2
2020-07-16 15:51:27,322 [grpc-default-executor-6] INFO  impl.RaftServerImpl (ServerState.java:setLeader(255)) - 54156d21-c882-42a4-932f-3be78151626f@group-2A196422D3A1: change Leader from null to 8861f160-1711-47f6-a44a-97412e21c0d2 at term 1 for appendEntries, leader elected after 5039ms
2020-07-16 15:51:27,324 [grpc-default-executor-6] INFO  impl.RaftServerImpl (ServerState.java:setRaftConf(356)) - 54156d21-c882-42a4-932f-3be78151626f@group-2A196422D3A1: set configuration 0: [8861f160-1711-47f6-a44a-97412e21c0d2:172.17.0.2:44857, 54156d21-c882-42a4-932f-3be78151626f:172.17.0.2:39387, 000e9876-1564-40e7-be97-fe7a2cb99717:172.17.0.2:40603], old=null at 0
2020-07-16 15:51:27,325 [grpc-default-executor-7] INFO  ratis.XceiverServerRatis (XceiverServerRatis.java:handleLeaderChangedNotification(820)) - Leader change notification received for group: group-2A196422D3A1 with new leaderId: 8861f160-1711-47f6-a44a-97412e21c0d2
2020-07-16 15:51:27,325 [grpc-default-executor-7] INFO  impl.RaftServerImpl (ServerState.java:setLeader(255)) - 000e9876-1564-40e7-be97-fe7a2cb99717@group-2A196422D3A1: change Leader from null to 8861f160-1711-47f6-a44a-97412e21c0d2 at term 1 for appendEntries, leader elected after 5014ms
2020-07-16 15:51:27,325 [grpc-default-executor-6] INFO  segmented.SegmentedRaftLogWorker (SegmentedRaftLogWorker.java:startLogSegment(397)) - 54156d21-c882-42a4-932f-3be78151626f@group-2A196422D3A1-SegmentedRaftLogWorker: Starting segment from index:0
2020-07-16 15:51:27,329 [grpc-default-executor-7] INFO  impl.RaftServerImpl (ServerState.java:setRaftConf(356)) - 000e9876-1564-40e7-be97-fe7a2cb99717@group-2A196422D3A1: set configuration 0: [8861f160-1711-47f6-a44a-97412e21c0d2:172.17.0.2:44857, 54156d21-c882-42a4-932f-3be78151626f:172.17.0.2:39387, 000e9876-1564-40e7-be97-fe7a2cb99717:172.17.0.2:40603], old=null at 0
2020-07-16 15:51:27,330 [54156d21-c882-42a4-932f-3be78151626f@group-2A196422D3A1-SegmentedRaftLogWorker] INFO  segmented.SegmentedRaftLogWorker (SegmentedRaftLogWorker.java:execute(596)) - 54156d21-c882-42a4-932f-3be78151626f@group-2A196422D3A1-SegmentedRaftLogWorker: created new log segment /github/workspace/mnt/ozone/hadoop-ozone/integration-test/target/test-dir/MiniOzoneClusterImpl-45392ef6-f0d5-4168-b900-afad7710253d/datanode-4/data/ratis/92c66d2b-0479-46c7-a436-2a196422d3a1/current/log_inprogress_0
2020-07-16 15:51:27,331 [grpc-default-executor-7] INFO  segmented.SegmentedRaftLogWorker (SegmentedRaftLogWorker.java:startLogSegment(397)) - 000e9876-1564-40e7-be97-fe7a2cb99717@group-2A196422D3A1-SegmentedRaftLogWorker: Starting segment from index:0
2020-07-16 15:51:27,333 [000e9876-1564-40e7-be97-fe7a2cb99717@group-2A196422D3A1-SegmentedRaftLogWorker] INFO  segmented.SegmentedRaftLogWorker (SegmentedRaftLogWorker.java:execute(596)) - 000e9876-1564-40e7-be97-fe7a2cb99717@group-2A196422D3A1-SegmentedRaftLogWorker: created new log segment /github/workspace/mnt/ozone/hadoop-ozone/integration-test/target/test-dir/MiniOzoneClusterImpl-45392ef6-f0d5-4168-b900-afad7710253d/datanode-5/data/ratis/92c66d2b-0479-46c7-a436-2a196422d3a1/current/log_inprogress_0
2020-07-16 15:51:27,377 [Thread-1242] INFO  impl.FollowerState (FollowerState.java:run(108)) - 54156d21-c882-42a4-932f-3be78151626f@group-6D62B9611539-FollowerState: change to CANDIDATE, lastRpcTime:5008ms, electionTimeout:5008ms
2020-07-16 15:51:27,377 [Thread-1242] INFO  impl.RoleInfo (RoleInfo.java:shutdownFollowerState(121)) - 54156d21-c882-42a4-932f-3be78151626f: shutdown FollowerState
2020-07-16 15:51:27,377 [Thread-1242] INFO  impl.RaftServerImpl (RaftServerImpl.java:setRole(175)) - 54156d21-c882-42a4-932f-3be78151626f@group-6D62B9611539: changes role from  FOLLOWER to CANDIDATE at term 0 for changeToCandidate
2020-07-16 15:51:27,377 [Thread-1242] INFO  impl.RoleInfo (RoleInfo.java:updateAndGet(143)) - 54156d21-c882-42a4-932f-3be78151626f: start LeaderElection
2020-07-16 15:51:27,381 [54156d21-c882-42a4-932f-3be78151626f@group-6D62B9611539-LeaderElection35] INFO  impl.LeaderElection (LeaderElection.java:askForVotes(206)) - 54156d21-c882-42a4-932f-3be78151626f@group-6D62B9611539-LeaderElection35: begin an election at term 1 for -1: [54156d21-c882-42a4-932f-3be78151626f:172.17.0.2:39387], old=null
2020-07-16 15:51:27,381 [54156d21-c882-42a4-932f-3be78151626f@group-6D62B9611539-LeaderElection35] INFO  impl.RoleInfo (RoleInfo.java:shutdownLeaderElection(134)) - 54156d21-c882-42a4-932f-3be78151626f: shutdown LeaderElection
2020-07-16 15:51:27,381 [54156d21-c882-42a4-932f-3be78151626f@group-6D62B9611539-LeaderElection35] INFO  impl.RaftServerImpl (RaftServerImpl.java:setRole(175)) - 54156d21-c882-42a4-932f-3be78151626f@group-6D62B9611539: changes role from CANDIDATE to LEADER at term 1 for changeToLeader
2020-07-16 15:51:27,381 [54156d21-c882-42a4-932f-3be78151626f@group-6D62B9611539-LeaderElection35] INFO  ratis.XceiverServerRatis (XceiverServerRatis.java:handleLeaderChangedNotification(820)) - Leader change notification received for group: group-6D62B9611539 with new leaderId: 54156d21-c882-42a4-932f-3be78151626f
2020-07-16 15:51:27,381 [54156d21-c882-42a4-932f-3be78151626f@group-6D62B9611539-LeaderElection35] INFO  impl.RaftServerImpl (ServerState.java:setLeader(255)) - 54156d21-c882-42a4-932f-3be78151626f@group-6D62B9611539: change Leader from null to 54156d21-c882-42a4-932f-3be78151626f at term 1 for becomeLeader, leader elected after 5018ms
2020-07-16 15:51:27,381 [54156d21-c882-42a4-932f-3be78151626f@group-6D62B9611539-LeaderElection35] INFO  server.RaftServerConfigKeys (ConfUtils.java:logGet(44)) - raft.server.staging.catchup.gap = 1000 (default)
2020-07-16 15:51:27,382 [54156d21-c882-42a4-932f-3be78151626f@group-6D62B9611539-LeaderElection35] INFO  server.RaftServerConfigKeys (ConfUtils.java:logGet(44)) - raft.server.rpc.sleep.time = 25ms (default)
2020-07-16 15:51:27,382 [54156d21-c882-42a4-932f-3be78151626f@group-6D62B9611539-LeaderElection35] INFO  metrics.RatisMetrics (RatisMetrics.java:lambda$create$0(36)) - Creating Metrics Registry : ratis.log_appender.54156d21-c882-42a4-932f-3be78151626f@group-6D62B9611539
2020-07-16 15:51:27,382 [54156d21-c882-42a4-932f-3be78151626f@group-6D62B9611539-LeaderElection35] INFO  server.RaftServerConfigKeys (ConfUtils.java:logGet(44)) - raft.server.write.element-limit = 1024 (custom)
2020-07-16 15:51:27,382 [54156d21-c882-42a4-932f-3be78151626f@group-6D62B9611539-LeaderElection35] INFO  server.RaftServerConfigKeys (ConfUtils.java:logGet(44)) - raft.server.write.byte-limit = 1073741824 (custom)
2020-07-16 15:51:27,382 [54156d21-c882-42a4-932f-3be78151626f@group-6D62B9611539-LeaderElection35] INFO  server.RaftServerConfigKeys (ConfUtils.java:logGet(44)) - raft.server.watch.timeout = 3000ms (custom)
2020-07-16 15:51:27,383 [54156d21-c882-42a4-932f-3be78151626f@group-6D62B9611539-LeaderElection35] INFO  server.RaftServerConfigKeys (ConfUtils.java:logGet(44)) - raft.server.watch.timeout.denomination = 1s (default)
2020-07-16 15:51:27,383 [54156d21-c882-42a4-932f-3be78151626f@group-6D62B9611539-LeaderElection35] INFO  server.RaftServerConfigKeys (ConfUtils.java:logGet(44)) - raft.server.watch.element-limit = 65536 (default)
2020-07-16 15:51:27,383 [54156d21-c882-42a4-932f-3be78151626f@group-6D62B9611539-LeaderElection35] INFO  impl.RoleInfo (RoleInfo.java:updateAndGet(143)) - 54156d21-c882-42a4-932f-3be78151626f: start LeaderState
2020-07-16 15:51:27,383 [54156d21-c882-42a4-932f-3be78151626f@group-6D62B9611539-LeaderElection35] INFO  segmented.SegmentedRaftLogWorker (SegmentedRaftLogWorker.java:startLogSegment(397)) - 54156d21-c882-42a4-932f-3be78151626f@group-6D62B9611539-SegmentedRaftLogWorker: Starting segment from index:0
2020-07-16 15:51:27,384 [54156d21-c882-42a4-932f-3be78151626f@group-6D62B9611539-LeaderElection35] INFO  impl.RaftServerImpl (ServerState.java:setRaftConf(356)) - 54156d21-c882-42a4-932f-3be78151626f@group-6D62B9611539: set configuration 0: [54156d21-c882-42a4-932f-3be78151626f:172.17.0.2:39387], old=null at 0
2020-07-16 15:51:27,385 [54156d21-c882-42a4-932f-3be78151626f@group-6D62B9611539-SegmentedRaftLogWorker] INFO  segmented.SegmentedRaftLogWorker (SegmentedRaftLogWorker.java:execute(596)) - 54156d21-c882-42a4-932f-3be78151626f@group-6D62B9611539-SegmentedRaftLogWorker: created new log segment /github/workspace/mnt/ozone/hadoop-ozone/integration-test/target/test-dir/MiniOzoneClusterImpl-45392ef6-f0d5-4168-b900-afad7710253d/datanode-4/data/ratis/66146f17-b184-45aa-82e0-6d62b9611539/current/log_inprogress_0
2020-07-16 15:51:27,425 [Thread-1232] INFO  impl.FollowerState (FollowerState.java:run(108)) - 8861f160-1711-47f6-a44a-97412e21c0d2@group-4D9F69D57408-FollowerState: change to CANDIDATE, lastRpcTime:5170ms, electionTimeout:5169ms
2020-07-16 15:51:27,425 [Thread-1232] INFO  impl.RoleInfo (RoleInfo.java:shutdownFollowerState(121)) - 8861f160-1711-47f6-a44a-97412e21c0d2: shutdown FollowerState
2020-07-16 15:51:27,425 [Thread-1232] INFO  impl.RaftServerImpl (RaftServerImpl.java:setRole(175)) - 8861f160-1711-47f6-a44a-97412e21c0d2@group-4D9F69D57408: changes role from  FOLLOWER to CANDIDATE at term 0 for changeToCandidate
2020-07-16 15:51:27,425 [Thread-1232] INFO  impl.RoleInfo (RoleInfo.java:updateAndGet(143)) - 8861f160-1711-47f6-a44a-97412e21c0d2: start LeaderElection
2020-07-16 15:51:27,428 [8861f160-1711-47f6-a44a-97412e21c0d2@group-4D9F69D57408-LeaderElection36] INFO  impl.LeaderElection (LeaderElection.java:askForVotes(206)) - 8861f160-1711-47f6-a44a-97412e21c0d2@group-4D9F69D57408-LeaderElection36: begin an election at term 1 for -1: [8861f160-1711-47f6-a44a-97412e21c0d2:172.17.0.2:44857], old=null
2020-07-16 15:51:27,428 [8861f160-1711-47f6-a44a-97412e21c0d2@group-4D9F69D57408-LeaderElection36] INFO  impl.RoleInfo (RoleInfo.java:shutdownLeaderElection(134)) - 8861f160-1711-47f6-a44a-97412e21c0d2: shutdown LeaderElection
2020-07-16 15:51:27,428 [8861f160-1711-47f6-a44a-97412e21c0d2@group-4D9F69D57408-LeaderElection36] INFO  impl.RaftServerImpl (RaftServerImpl.java:setRole(175)) - 8861f160-1711-47f6-a44a-97412e21c0d2@group-4D9F69D57408: changes role from CANDIDATE to LEADER at term 1 for changeToLeader
2020-07-16 15:51:27,428 [8861f160-1711-47f6-a44a-97412e21c0d2@group-4D9F69D57408-LeaderElection36] INFO  ratis.XceiverServerRatis (XceiverServerRatis.java:handleLeaderChangedNotification(820)) - Leader change notification received for group: group-4D9F69D57408 with new leaderId: 8861f160-1711-47f6-a44a-97412e21c0d2
2020-07-16 15:51:27,428 [8861f160-1711-47f6-a44a-97412e21c0d2@group-4D9F69D57408-LeaderElection36] INFO  impl.RaftServerImpl (ServerState.java:setLeader(255)) - 8861f160-1711-47f6-a44a-97412e21c0d2@group-4D9F69D57408: change Leader from null to 8861f160-1711-47f6-a44a-97412e21c0d2 at term 1 for becomeLeader, leader elected after 5178ms
2020-07-16 15:51:27,428 [8861f160-1711-47f6-a44a-97412e21c0d2@group-4D9F69D57408-LeaderElection36] INFO  server.RaftServerConfigKeys (ConfUtils.java:logGet(44)) - raft.server.staging.catchup.gap = 1000 (default)
2020-07-16 15:51:27,429 [8861f160-1711-47f6-a44a-97412e21c0d2@group-4D9F69D57408-LeaderElection36] INFO  server.RaftServerConfigKeys (ConfUtils.java:logGet(44)) - raft.server.rpc.sleep.time = 25ms (default)
2020-07-16 15:51:27,429 [8861f160-1711-47f6-a44a-97412e21c0d2@group-4D9F69D57408-LeaderElection36] INFO  metrics.RatisMetrics (RatisMetrics.java:lambda$create$0(36)) - Creating Metrics Registry : ratis.log_appender.8861f160-1711-47f6-a44a-97412e21c0d2@group-4D9F69D57408
2020-07-16 15:51:27,429 [8861f160-1711-47f6-a44a-97412e21c0d2@group-4D9F69D57408-LeaderElection36] INFO  server.RaftServerConfigKeys (ConfUtils.java:logGet(44)) - raft.server.write.element-limit = 1024 (custom)
2020-07-16 15:51:27,429 [8861f160-1711-47f6-a44a-97412e21c0d2@group-4D9F69D57408-LeaderElection36] INFO  server.RaftServerConfigKeys (ConfUtils.java:logGet(44)) - raft.server.write.byte-limit = 1073741824 (custom)
2020-07-16 15:51:27,430 [8861f160-1711-47f6-a44a-97412e21c0d2@group-4D9F69D57408-LeaderElection36] INFO  server.RaftServerConfigKeys (ConfUtils.java:logGet(44)) - raft.server.watch.timeout = 3000ms (custom)
2020-07-16 15:51:27,430 [8861f160-1711-47f6-a44a-97412e21c0d2@group-4D9F69D57408-LeaderElection36] INFO  server.RaftServerConfigKeys (ConfUtils.java:logGet(44)) - raft.server.watch.timeout.denomination = 1s (default)
2020-07-16 15:51:27,430 [8861f160-1711-47f6-a44a-97412e21c0d2@group-4D9F69D57408-LeaderElection36] INFO  server.RaftServerConfigKeys (ConfUtils.java:logGet(44)) - raft.server.watch.element-limit = 65536 (default)
2020-07-16 15:51:27,430 [8861f160-1711-47f6-a44a-97412e21c0d2@group-4D9F69D57408-LeaderElection36] INFO  impl.RoleInfo (RoleInfo.java:updateAndGet(143)) - 8861f160-1711-47f6-a44a-97412e21c0d2: start LeaderState
2020-07-16 15:51:27,430 [8861f160-1711-47f6-a44a-97412e21c0d2@group-4D9F69D57408-LeaderElection36] INFO  segmented.SegmentedRaftLogWorker (SegmentedRaftLogWorker.java:startLogSegment(397)) - 8861f160-1711-47f6-a44a-97412e21c0d2@group-4D9F69D57408-SegmentedRaftLogWorker: Starting segment from index:0
2020-07-16 15:51:27,431 [8861f160-1711-47f6-a44a-97412e21c0d2@group-4D9F69D57408-LeaderElection36] INFO  impl.RaftServerImpl (ServerState.java:setRaftConf(356)) - 8861f160-1711-47f6-a44a-97412e21c0d2@group-4D9F69D57408: set configuration 0: [8861f160-1711-47f6-a44a-97412e21c0d2:172.17.0.2:44857], old=null at 0
2020-07-16 15:51:27,431 [8861f160-1711-47f6-a44a-97412e21c0d2@group-4D9F69D57408-SegmentedRaftLogWorker] INFO  segmented.SegmentedRaftLogWorker (SegmentedRaftLogWorker.java:execute(596)) - 8861f160-1711-47f6-a44a-97412e21c0d2@group-4D9F69D57408-SegmentedRaftLogWorker: created new log segment /github/workspace/mnt/ozone/hadoop-ozone/integration-test/target/test-dir/MiniOzoneClusterImpl-45392ef6-f0d5-4168-b900-afad7710253d/datanode-3/data/ratis/3a758da9-07c7-40e9-9e55-4d9f69d57408/current/log_inprogress_0
2020-07-16 15:51:27,557 [Thread-1244] INFO  impl.FollowerState (FollowerState.java:run(108)) - 000e9876-1564-40e7-be97-fe7a2cb99717@group-28ED5D1E31AC-FollowerState: change to CANDIDATE, lastRpcTime:5077ms, electionTimeout:5077ms
2020-07-16 15:51:27,557 [Thread-1244] INFO  impl.RoleInfo (RoleInfo.java:shutdownFollowerState(121)) - 000e9876-1564-40e7-be97-fe7a2cb99717: shutdown FollowerState
2020-07-16 15:51:27,557 [Thread-1244] INFO  impl.RaftServerImpl (RaftServerImpl.java:setRole(175)) - 000e9876-1564-40e7-be97-fe7a2cb99717@group-28ED5D1E31AC: changes role from  FOLLOWER to CANDIDATE at term 0 for changeToCandidate
2020-07-16 15:51:27,558 [Thread-1244] INFO  impl.RoleInfo (RoleInfo.java:updateAndGet(143)) - 000e9876-1564-40e7-be97-fe7a2cb99717: start LeaderElection
2020-07-16 15:51:27,564 [000e9876-1564-40e7-be97-fe7a2cb99717@group-28ED5D1E31AC-LeaderElection37] INFO  impl.LeaderElection (LeaderElection.java:askForVotes(206)) - 000e9876-1564-40e7-be97-fe7a2cb99717@group-28ED5D1E31AC-LeaderElection37: begin an election at term 1 for -1: [000e9876-1564-40e7-be97-fe7a2cb99717:172.17.0.2:40603], old=null
2020-07-16 15:51:27,565 [000e9876-1564-40e7-be97-fe7a2cb99717@group-28ED5D1E31AC-LeaderElection37] INFO  impl.RoleInfo (RoleInfo.java:shutdownLeaderElection(134)) - 000e9876-1564-40e7-be97-fe7a2cb99717: shutdown LeaderElection
2020-07-16 15:51:27,565 [000e9876-1564-40e7-be97-fe7a2cb99717@group-28ED5D1E31AC-LeaderElection37] INFO  impl.RaftServerImpl (RaftServerImpl.java:setRole(175)) - 000e9876-1564-40e7-be97-fe7a2cb99717@group-28ED5D1E31AC: changes role from CANDIDATE to LEADER at term 1 for changeToLeader
2020-07-16 15:51:27,565 [000e9876-1564-40e7-be97-fe7a2cb99717@group-28ED5D1E31AC-LeaderElection37] INFO  ratis.XceiverServerRatis (XceiverServerRatis.java:handleLeaderChangedNotification(820)) - Leader change notification received for group: group-28ED5D1E31AC with new leaderId: 000e9876-1564-40e7-be97-fe7a2cb99717
2020-07-16 15:51:27,565 [000e9876-1564-40e7-be97-fe7a2cb99717@group-28ED5D1E31AC-LeaderElection37] INFO  impl.RaftServerImpl (ServerState.java:setLeader(255)) - 000e9876-1564-40e7-be97-fe7a2cb99717@group-28ED5D1E31AC: change Leader from null to 000e9876-1564-40e7-be97-fe7a2cb99717 at term 1 for becomeLeader, leader elected after 5090ms
2020-07-16 15:51:27,565 [000e9876-1564-40e7-be97-fe7a2cb99717@group-28ED5D1E31AC-LeaderElection37] INFO  server.RaftServerConfigKeys (ConfUtils.java:logGet(44)) - raft.server.staging.catchup.gap = 1000 (default)
2020-07-16 15:51:27,565 [000e9876-1564-40e7-be97-fe7a2cb99717@group-28ED5D1E31AC-LeaderElection37] INFO  server.RaftServerConfigKeys (ConfUtils.java:logGet(44)) - raft.server.rpc.sleep.time = 25ms (default)
2020-07-16 15:51:27,565 [000e9876-1564-40e7-be97-fe7a2cb99717@group-28ED5D1E31AC-LeaderElection37] INFO  metrics.RatisMetrics (RatisMetrics.java:lambda$create$0(36)) - Creating Metrics Registry : ratis.log_appender.000e9876-1564-40e7-be97-fe7a2cb99717@group-28ED5D1E31AC
2020-07-16 15:51:27,565 [000e9876-1564-40e7-be97-fe7a2cb99717@group-28ED5D1E31AC-LeaderElection37] INFO  server.RaftServerConfigKeys (ConfUtils.java:logGet(44)) - raft.server.write.element-limit = 1024 (custom)
2020-07-16 15:51:27,565 [000e9876-1564-40e7-be97-fe7a2cb99717@group-28ED5D1E31AC-LeaderElection37] INFO  server.RaftServerConfigKeys (ConfUtils.java:logGet(44)) - raft.server.write.byte-limit = 1073741824 (custom)
2020-07-16 15:51:27,566 [000e9876-1564-40e7-be97-fe7a2cb99717@group-28ED5D1E31AC-LeaderElection37] INFO  server.RaftServerConfigKeys (ConfUtils.java:logGet(44)) - raft.server.watch.timeout = 3000ms (custom)
2020-07-16 15:51:27,566 [000e9876-1564-40e7-be97-fe7a2cb99717@group-28ED5D1E31AC-LeaderElection37] INFO  server.RaftServerConfigKeys (ConfUtils.java:logGet(44)) - raft.server.watch.timeout.denomination = 1s (default)
2020-07-16 15:51:27,566 [000e9876-1564-40e7-be97-fe7a2cb99717@group-28ED5D1E31AC-LeaderElection37] INFO  server.RaftServerConfigKeys (ConfUtils.java:logGet(44)) - raft.server.watch.element-limit = 65536 (default)
2020-07-16 15:51:27,566 [000e9876-1564-40e7-be97-fe7a2cb99717@group-28ED5D1E31AC-LeaderElection37] INFO  impl.RoleInfo (RoleInfo.java:updateAndGet(143)) - 000e9876-1564-40e7-be97-fe7a2cb99717: start LeaderState
2020-07-16 15:51:27,566 [000e9876-1564-40e7-be97-fe7a2cb99717@group-28ED5D1E31AC-LeaderElection37] INFO  segmented.SegmentedRaftLogWorker (SegmentedRaftLogWorker.java:startLogSegment(397)) - 000e9876-1564-40e7-be97-fe7a2cb99717@group-28ED5D1E31AC-SegmentedRaftLogWorker: Starting segment from index:0
2020-07-16 15:51:27,566 [000e9876-1564-40e7-be97-fe7a2cb99717@group-28ED5D1E31AC-LeaderElection37] INFO  impl.RaftServerImpl (ServerState.java:setRaftConf(356)) - 000e9876-1564-40e7-be97-fe7a2cb99717@group-28ED5D1E31AC: set configuration 0: [000e9876-1564-40e7-be97-fe7a2cb99717:172.17.0.2:40603], old=null at 0
2020-07-16 15:51:27,568 [000e9876-1564-40e7-be97-fe7a2cb99717@group-28ED5D1E31AC-SegmentedRaftLogWorker] INFO  segmented.SegmentedRaftLogWorker (SegmentedRaftLogWorker.java:execute(596)) - 000e9876-1564-40e7-be97-fe7a2cb99717@group-28ED5D1E31AC-SegmentedRaftLogWorker: created new log segment /github/workspace/mnt/ozone/hadoop-ozone/integration-test/target/test-dir/MiniOzoneClusterImpl-45392ef6-f0d5-4168-b900-afad7710253d/datanode-5/data/ratis/4bb689cc-b6d4-4e11-aee2-28ed5d1e31ac/current/log_inprogress_0
2020-07-16 15:51:27,769 [Thread-1246] INFO  impl.FollowerState (FollowerState.java:run(108)) - a6d40ba8-5007-4ff3-951d-f8e344c09f1a@group-25346136161F-FollowerState: change to CANDIDATE, lastRpcTime:5170ms, electionTimeout:5170ms
2020-07-16 15:51:27,769 [Thread-1246] INFO  impl.RoleInfo (RoleInfo.java:shutdownFollowerState(121)) - a6d40ba8-5007-4ff3-951d-f8e344c09f1a: shutdown FollowerState
2020-07-16 15:51:27,769 [Thread-1246] INFO  impl.RaftServerImpl (RaftServerImpl.java:setRole(175)) - a6d40ba8-5007-4ff3-951d-f8e344c09f1a@group-25346136161F: changes role from  FOLLOWER to CANDIDATE at term 0 for changeToCandidate
2020-07-16 15:51:27,769 [Thread-1246] INFO  impl.RoleInfo (RoleInfo.java:updateAndGet(143)) - a6d40ba8-5007-4ff3-951d-f8e344c09f1a: start LeaderElection
2020-07-16 15:51:27,772 [a6d40ba8-5007-4ff3-951d-f8e344c09f1a@group-25346136161F-LeaderElection38] INFO  impl.LeaderElection (LeaderElection.java:askForVotes(206)) - a6d40ba8-5007-4ff3-951d-f8e344c09f1a@group-25346136161F-LeaderElection38: begin an election at term 1 for -1: [a6d40ba8-5007-4ff3-951d-f8e344c09f1a:172.17.0.2:46485], old=null
2020-07-16 15:51:27,772 [a6d40ba8-5007-4ff3-951d-f8e344c09f1a@group-25346136161F-LeaderElection38] INFO  impl.RoleInfo (RoleInfo.java:shutdownLeaderElection(134)) - a6d40ba8-5007-4ff3-951d-f8e344c09f1a: shutdown LeaderElection
2020-07-16 15:51:27,773 [a6d40ba8-5007-4ff3-951d-f8e344c09f1a@group-25346136161F-LeaderElection38] INFO  impl.RaftServerImpl (RaftServerImpl.java:setRole(175)) - a6d40ba8-5007-4ff3-951d-f8e344c09f1a@group-25346136161F: changes role from CANDIDATE to LEADER at term 1 for changeToLeader
2020-07-16 15:51:27,773 [a6d40ba8-5007-4ff3-951d-f8e344c09f1a@group-25346136161F-LeaderElection38] INFO  ratis.XceiverServerRatis (XceiverServerRatis.java:handleLeaderChangedNotification(820)) - Leader change notification received for group: group-25346136161F with new leaderId: a6d40ba8-5007-4ff3-951d-f8e344c09f1a
2020-07-16 15:51:27,773 [a6d40ba8-5007-4ff3-951d-f8e344c09f1a@group-25346136161F-LeaderElection38] INFO  impl.RaftServerImpl (ServerState.java:setLeader(255)) - a6d40ba8-5007-4ff3-951d-f8e344c09f1a@group-25346136161F: change Leader from null to a6d40ba8-5007-4ff3-951d-f8e344c09f1a at term 1 for becomeLeader, leader elected after 5180ms
2020-07-16 15:51:27,773 [a6d40ba8-5007-4ff3-951d-f8e344c09f1a@group-25346136161F-LeaderElection38] INFO  server.RaftServerConfigKeys (ConfUtils.java:logGet(44)) - raft.server.staging.catchup.gap = 1000 (default)
2020-07-16 15:51:27,773 [a6d40ba8-5007-4ff3-951d-f8e344c09f1a@group-25346136161F-LeaderElection38] INFO  server.RaftServerConfigKeys (ConfUtils.java:logGet(44)) - raft.server.rpc.sleep.time = 25ms (default)
2020-07-16 15:51:27,773 [a6d40ba8-5007-4ff3-951d-f8e344c09f1a@group-25346136161F-LeaderElection38] INFO  metrics.RatisMetrics (RatisMetrics.java:lambda$create$0(36)) - Creating Metrics Registry : ratis.log_appender.a6d40ba8-5007-4ff3-951d-f8e344c09f1a@group-25346136161F
2020-07-16 15:51:27,773 [a6d40ba8-5007-4ff3-951d-f8e344c09f1a@group-25346136161F-LeaderElection38] INFO  server.RaftServerConfigKeys (ConfUtils.java:logGet(44)) - raft.server.write.element-limit = 1024 (custom)
2020-07-16 15:51:27,774 [a6d40ba8-5007-4ff3-951d-f8e344c09f1a@group-25346136161F-LeaderElection38] INFO  server.RaftServerConfigKeys (ConfUtils.java:logGet(44)) - raft.server.write.byte-limit = 1073741824 (custom)
2020-07-16 15:51:27,774 [a6d40ba8-5007-4ff3-951d-f8e344c09f1a@group-25346136161F-LeaderElection38] INFO  server.RaftServerConfigKeys (ConfUtils.java:logGet(44)) - raft.server.watch.timeout = 3000ms (custom)
2020-07-16 15:51:27,774 [a6d40ba8-5007-4ff3-951d-f8e344c09f1a@group-25346136161F-LeaderElection38] INFO  server.RaftServerConfigKeys (ConfUtils.java:logGet(44)) - raft.server.watch.timeout.denomination = 1s (default)
2020-07-16 15:51:27,774 [a6d40ba8-5007-4ff3-951d-f8e344c09f1a@group-25346136161F-LeaderElection38] INFO  server.RaftServerConfigKeys (ConfUtils.java:logGet(44)) - raft.server.watch.element-limit = 65536 (default)
2020-07-16 15:51:27,774 [a6d40ba8-5007-4ff3-951d-f8e344c09f1a@group-25346136161F-LeaderElection38] INFO  impl.RoleInfo (RoleInfo.java:updateAndGet(143)) - a6d40ba8-5007-4ff3-951d-f8e344c09f1a: start LeaderState
2020-07-16 15:51:27,775 [a6d40ba8-5007-4ff3-951d-f8e344c09f1a@group-25346136161F-LeaderElection38] INFO  segmented.SegmentedRaftLogWorker (SegmentedRaftLogWorker.java:startLogSegment(397)) - a6d40ba8-5007-4ff3-951d-f8e344c09f1a@group-25346136161F-SegmentedRaftLogWorker: Starting segment from index:0
2020-07-16 15:51:27,775 [a6d40ba8-5007-4ff3-951d-f8e344c09f1a@group-25346136161F-LeaderElection38] INFO  impl.RaftServerImpl (ServerState.java:setRaftConf(356)) - a6d40ba8-5007-4ff3-951d-f8e344c09f1a@group-25346136161F: set configuration 0: [a6d40ba8-5007-4ff3-951d-f8e344c09f1a:172.17.0.2:46485], old=null at 0
2020-07-16 15:51:27,777 [a6d40ba8-5007-4ff3-951d-f8e344c09f1a@group-25346136161F-SegmentedRaftLogWorker] INFO  segmented.SegmentedRaftLogWorker (SegmentedRaftLogWorker.java:execute(596)) - a6d40ba8-5007-4ff3-951d-f8e344c09f1a@group-25346136161F-SegmentedRaftLogWorker: created new log segment /github/workspace/mnt/ozone/hadoop-ozone/integration-test/target/test-dir/MiniOzoneClusterImpl-45392ef6-f0d5-4168-b900-afad7710253d/datanode-6/data/ratis/0d163f20-84b3-4ead-b3ae-25346136161f/current/log_inprogress_0
2020-07-16 15:51:27,794 [Thread-1250] INFO  impl.FollowerState (FollowerState.java:run(108)) - 8c659ee4-8941-403a-a7d5-7771662eec54@group-C17B40A851DA-FollowerState: change to CANDIDATE, lastRpcTime:5153ms, electionTimeout:5151ms
2020-07-16 15:51:27,795 [Thread-1250] INFO  impl.RoleInfo (RoleInfo.java:shutdownFollowerState(121)) - 8c659ee4-8941-403a-a7d5-7771662eec54: shutdown FollowerState
2020-07-16 15:51:27,795 [Thread-1250] INFO  impl.RaftServerImpl (RaftServerImpl.java:setRole(175)) - 8c659ee4-8941-403a-a7d5-7771662eec54@group-C17B40A851DA: changes role from  FOLLOWER to CANDIDATE at term 0 for changeToCandidate
2020-07-16 15:51:27,795 [Thread-1250] INFO  impl.RoleInfo (RoleInfo.java:updateAndGet(143)) - 8c659ee4-8941-403a-a7d5-7771662eec54: start LeaderElection
2020-07-16 15:51:27,800 [8c659ee4-8941-403a-a7d5-7771662eec54@group-C17B40A851DA-LeaderElection39] INFO  impl.LeaderElection (LeaderElection.java:askForVotes(206)) - 8c659ee4-8941-403a-a7d5-7771662eec54@group-C17B40A851DA-LeaderElection39: begin an election at term 1 for -1: [a6d40ba8-5007-4ff3-951d-f8e344c09f1a:172.17.0.2:46485, 8c659ee4-8941-403a-a7d5-7771662eec54:172.17.0.2:36425, a4211f84-eb03-46d7-a47e-1243f17c8bc7:172.17.0.2:33755], old=null
2020-07-16 15:51:27,803 [Thread-1248] INFO  impl.FollowerState (FollowerState.java:run(108)) - a6d40ba8-5007-4ff3-951d-f8e344c09f1a@group-C17B40A851DA-FollowerState: change to CANDIDATE, lastRpcTime:5193ms, electionTimeout:5188ms
2020-07-16 15:51:27,804 [Thread-1248] INFO  impl.RoleInfo (RoleInfo.java:shutdownFollowerState(121)) - a6d40ba8-5007-4ff3-951d-f8e344c09f1a: shutdown FollowerState
2020-07-16 15:51:27,804 [Thread-1248] INFO  impl.RaftServerImpl (RaftServerImpl.java:setRole(175)) - a6d40ba8-5007-4ff3-951d-f8e344c09f1a@group-C17B40A851DA: changes role from  FOLLOWER to CANDIDATE at term 0 for changeToCandidate
2020-07-16 15:51:27,804 [Thread-1248] INFO  impl.RoleInfo (RoleInfo.java:updateAndGet(143)) - a6d40ba8-5007-4ff3-951d-f8e344c09f1a: start LeaderElection
2020-07-16 15:51:27,808 [Thread-1253] INFO  impl.FollowerState (FollowerState.java:run(108)) - a4211f84-eb03-46d7-a47e-1243f17c8bc7@group-C17B40A851DA-FollowerState: change to CANDIDATE, lastRpcTime:5140ms, electionTimeout:5139ms
2020-07-16 15:51:27,809 [Thread-1253] INFO  impl.RoleInfo (RoleInfo.java:shutdownFollowerState(121)) - a4211f84-eb03-46d7-a47e-1243f17c8bc7: shutdown FollowerState
2020-07-16 15:51:27,809 [Thread-1253] INFO  impl.RaftServerImpl (RaftServerImpl.java:setRole(175)) - a4211f84-eb03-46d7-a47e-1243f17c8bc7@group-C17B40A851DA: changes role from  FOLLOWER to CANDIDATE at term 0 for changeToCandidate
2020-07-16 15:51:27,809 [Thread-1253] INFO  impl.RoleInfo (RoleInfo.java:updateAndGet(143)) - a4211f84-eb03-46d7-a47e-1243f17c8bc7: start LeaderElection
2020-07-16 15:51:27,809 [Listener at 127.0.0.1/35779] INFO  ozone.MiniOzoneClusterImpl (MiniOzoneClusterImpl.java:lambda$waitForClusterToBeReady$0(177)) - Nodes are ready. Got 9 of 9 DN Heartbeats.
2020-07-16 15:51:27,809 [Listener at 127.0.0.1/35779] INFO  ozone.MiniOzoneClusterImpl (MiniOzoneClusterImpl.java:lambda$waitForClusterToBeReady$0(180)) - Cluster exits safe mode
2020-07-16 15:51:27,814 [Thread-1256] INFO  impl.FollowerState (FollowerState.java:run(108)) - 8c659ee4-8941-403a-a7d5-7771662eec54@group-D00752B5DBF3-FollowerState: change to CANDIDATE, lastRpcTime:5083ms, electionTimeout:5081ms
2020-07-16 15:51:27,815 [Thread-1256] INFO  impl.RoleInfo (RoleInfo.java:shutdownFollowerState(121)) - 8c659ee4-8941-403a-a7d5-7771662eec54: shutdown FollowerState
2020-07-16 15:51:27,815 [Thread-1256] INFO  impl.RaftServerImpl (RaftServerImpl.java:setRole(175)) - 8c659ee4-8941-403a-a7d5-7771662eec54@group-D00752B5DBF3: changes role from  FOLLOWER to CANDIDATE at term 0 for changeToCandidate
2020-07-16 15:51:27,815 [Thread-1256] INFO  impl.RoleInfo (RoleInfo.java:updateAndGet(143)) - 8c659ee4-8941-403a-a7d5-7771662eec54: start LeaderElection
2020-07-16 15:51:27,824 [grpc-default-executor-6] INFO  impl.RaftServerImpl (RaftServerImpl.java:setRole(175)) - a4211f84-eb03-46d7-a47e-1243f17c8bc7@group-C17B40A851DA: changes role from CANDIDATE to FOLLOWER at term 1 for recognizeCandidate:8c659ee4-8941-403a-a7d5-7771662eec54
2020-07-16 15:51:27,824 [grpc-default-executor-6] INFO  impl.RoleInfo (RoleInfo.java:shutdownLeaderElection(134)) - a4211f84-eb03-46d7-a47e-1243f17c8bc7: shutdown LeaderElection
2020-07-16 15:51:27,824 [grpc-default-executor-6] INFO  impl.RoleInfo (RoleInfo.java:updateAndGet(143)) - a4211f84-eb03-46d7-a47e-1243f17c8bc7: start FollowerState
2020-07-16 15:51:27,826 [a6d40ba8-5007-4ff3-951d-f8e344c09f1a@group-C17B40A851DA-LeaderElection40] INFO  impl.LeaderElection (LeaderElection.java:askForVotes(206)) - a6d40ba8-5007-4ff3-951d-f8e344c09f1a@group-C17B40A851DA-LeaderElection40: begin an election at term 1 for -1: [a6d40ba8-5007-4ff3-951d-f8e344c09f1a:172.17.0.2:46485, 8c659ee4-8941-403a-a7d5-7771662eec54:172.17.0.2:36425, a4211f84-eb03-46d7-a47e-1243f17c8bc7:172.17.0.2:33755], old=null
2020-07-16 15:51:27,830 [8c659ee4-8941-403a-a7d5-7771662eec54@group-C17B40A851DA-LeaderElection39] INFO  impl.LeaderElection (LeaderElection.java:logAndReturn(61)) - 8c659ee4-8941-403a-a7d5-7771662eec54@group-C17B40A851DA-LeaderElection39: Election REJECTED; received 2 response(s) [8c659ee4-8941-403a-a7d5-7771662eec54<-a6d40ba8-5007-4ff3-951d-f8e344c09f1a#0:FAIL-t1, 8c659ee4-8941-403a-a7d5-7771662eec54<-a4211f84-eb03-46d7-a47e-1243f17c8bc7#0:FAIL-t1] and 0 exception(s); 8c659ee4-8941-403a-a7d5-7771662eec54@group-C17B40A851DA:t1, leader=null, voted=8c659ee4-8941-403a-a7d5-7771662eec54, raftlog=8c659ee4-8941-403a-a7d5-7771662eec54@group-C17B40A851DA-SegmentedRaftLog:OPENED:c-1,f-1,i0, conf=-1: [a6d40ba8-5007-4ff3-951d-f8e344c09f1a:172.17.0.2:46485, 8c659ee4-8941-403a-a7d5-7771662eec54:172.17.0.2:36425, a4211f84-eb03-46d7-a47e-1243f17c8bc7:172.17.0.2:33755], old=null
2020-07-16 15:51:27,831 [8c659ee4-8941-403a-a7d5-7771662eec54@group-C17B40A851DA-LeaderElection39] INFO  impl.RaftServerImpl (RaftServerImpl.java:setRole(175)) - 8c659ee4-8941-403a-a7d5-7771662eec54@group-C17B40A851DA: changes role from CANDIDATE to FOLLOWER at term 1 for DISCOVERED_A_NEW_TERM
2020-07-16 15:51:27,831 [8c659ee4-8941-403a-a7d5-7771662eec54@group-C17B40A851DA-LeaderElection39] INFO  impl.RoleInfo (RoleInfo.java:shutdownLeaderElection(134)) - 8c659ee4-8941-403a-a7d5-7771662eec54: shutdown LeaderElection
2020-07-16 15:51:27,831 [8c659ee4-8941-403a-a7d5-7771662eec54@group-C17B40A851DA-LeaderElection39] INFO  impl.RoleInfo (RoleInfo.java:updateAndGet(143)) - 8c659ee4-8941-403a-a7d5-7771662eec54: start FollowerState
2020-07-16 15:51:27,831 [8c659ee4-8941-403a-a7d5-7771662eec54@group-D00752B5DBF3-LeaderElection42] INFO  impl.LeaderElection (LeaderElection.java:askForVotes(206)) - 8c659ee4-8941-403a-a7d5-7771662eec54@group-D00752B5DBF3-LeaderElection42: begin an election at term 1 for -1: [8c659ee4-8941-403a-a7d5-7771662eec54:172.17.0.2:36425], old=null
2020-07-16 15:51:27,841 [8c659ee4-8941-403a-a7d5-7771662eec54@group-D00752B5DBF3-LeaderElection42] INFO  impl.RoleInfo (RoleInfo.java:shutdownLeaderElection(134)) - 8c659ee4-8941-403a-a7d5-7771662eec54: shutdown LeaderElection
2020-07-16 15:51:27,841 [8c659ee4-8941-403a-a7d5-7771662eec54@group-D00752B5DBF3-LeaderElection42] INFO  impl.RaftServerImpl (RaftServerImpl.java:setRole(175)) - 8c659ee4-8941-403a-a7d5-7771662eec54@group-D00752B5DBF3: changes role from CANDIDATE to LEADER at term 1 for changeToLeader
2020-07-16 15:51:27,841 [8c659ee4-8941-403a-a7d5-7771662eec54@group-D00752B5DBF3-LeaderElection42] INFO  ratis.XceiverServerRatis (XceiverServerRatis.java:handleLeaderChangedNotification(820)) - Leader change notification received for group: group-D00752B5DBF3 with new leaderId: 8c659ee4-8941-403a-a7d5-7771662eec54
2020-07-16 15:51:27,842 [8c659ee4-8941-403a-a7d5-7771662eec54@group-D00752B5DBF3-LeaderElection42] INFO  impl.RaftServerImpl (ServerState.java:setLeader(255)) - 8c659ee4-8941-403a-a7d5-7771662eec54@group-D00752B5DBF3: change Leader from null to 8c659ee4-8941-403a-a7d5-7771662eec54 at term 1 for becomeLeader, leader elected after 5117ms
2020-07-16 15:51:27,842 [8c659ee4-8941-403a-a7d5-7771662eec54@group-D00752B5DBF3-LeaderElection42] INFO  server.RaftServerConfigKeys (ConfUtils.java:logGet(44)) - raft.server.staging.catchup.gap = 1000 (default)
2020-07-16 15:51:27,842 [8c659ee4-8941-403a-a7d5-7771662eec54@group-D00752B5DBF3-LeaderElection42] INFO  server.RaftServerConfigKeys (ConfUtils.java:logGet(44)) - raft.server.rpc.sleep.time = 25ms (default)
2020-07-16 15:51:27,842 [8c659ee4-8941-403a-a7d5-7771662eec54@group-D00752B5DBF3-LeaderElection42] INFO  metrics.RatisMetrics (RatisMetrics.java:lambda$create$0(36)) - Creating Metrics Registry : ratis.log_appender.8c659ee4-8941-403a-a7d5-7771662eec54@group-D00752B5DBF3
2020-07-16 15:51:27,836 [Listener at 127.0.0.1/35779] INFO  rpc.RpcClient (RpcClient.java:createVolume(314)) - Creating Volume: watchforcommithandlingtest, with jenkins1001 as owner.
2020-07-16 15:51:27,835 [a4211f84-eb03-46d7-a47e-1243f17c8bc7@group-C17B40A851DA-LeaderElection41] INFO  impl.LeaderElection (LeaderElection.java:askForVotes(206)) - a4211f84-eb03-46d7-a47e-1243f17c8bc7@group-C17B40A851DA-LeaderElection41: begin an election at term 2 for -1: [a6d40ba8-5007-4ff3-951d-f8e344c09f1a:172.17.0.2:46485, 8c659ee4-8941-403a-a7d5-7771662eec54:172.17.0.2:36425, a4211f84-eb03-46d7-a47e-1243f17c8bc7:172.17.0.2:33755], old=null
2020-07-16 15:51:27,843 [8c659ee4-8941-403a-a7d5-7771662eec54@group-D00752B5DBF3-LeaderElection42] INFO  server.RaftServerConfigKeys (ConfUtils.java:logGet(44)) - raft.server.write.element-limit = 1024 (custom)
2020-07-16 15:51:27,843 [8c659ee4-8941-403a-a7d5-7771662eec54@group-D00752B5DBF3-LeaderElection42] INFO  server.RaftServerConfigKeys (ConfUtils.java:logGet(44)) - raft.server.write.byte-limit = 1073741824 (custom)
2020-07-16 15:51:27,843 [8c659ee4-8941-403a-a7d5-7771662eec54@group-D00752B5DBF3-LeaderElection42] INFO  server.RaftServerConfigKeys (ConfUtils.java:logGet(44)) - raft.server.watch.timeout = 3000ms (custom)
2020-07-16 15:51:27,843 [8c659ee4-8941-403a-a7d5-7771662eec54@group-D00752B5DBF3-LeaderElection42] INFO  server.RaftServerConfigKeys (ConfUtils.java:logGet(44)) - raft.server.watch.timeout.denomination = 1s (default)
2020-07-16 15:51:27,843 [8c659ee4-8941-403a-a7d5-7771662eec54@group-D00752B5DBF3-LeaderElection42] INFO  server.RaftServerConfigKeys (ConfUtils.java:logGet(44)) - raft.server.watch.element-limit = 65536 (default)
2020-07-16 15:51:27,843 [8c659ee4-8941-403a-a7d5-7771662eec54@group-D00752B5DBF3-LeaderElection42] INFO  impl.RoleInfo (RoleInfo.java:updateAndGet(143)) - 8c659ee4-8941-403a-a7d5-7771662eec54: start LeaderState
2020-07-16 15:51:27,844 [8c659ee4-8941-403a-a7d5-7771662eec54@group-D00752B5DBF3-LeaderElection42] INFO  segmented.SegmentedRaftLogWorker (SegmentedRaftLogWorker.java:startLogSegment(397)) - 8c659ee4-8941-403a-a7d5-7771662eec54@group-D00752B5DBF3-SegmentedRaftLogWorker: Starting segment from index:0
2020-07-16 15:51:27,846 [a4211f84-eb03-46d7-a47e-1243f17c8bc7@group-C17B40A851DA-LeaderElection41] INFO  impl.LeaderElection (LeaderElection.java:logAndReturn(61)) - a4211f84-eb03-46d7-a47e-1243f17c8bc7@group-C17B40A851DA-LeaderElection41: Election REJECTED; received 0 response(s) [] and 0 exception(s); a4211f84-eb03-46d7-a47e-1243f17c8bc7@group-C17B40A851DA:t2, leader=null, voted=a4211f84-eb03-46d7-a47e-1243f17c8bc7, raftlog=a4211f84-eb03-46d7-a47e-1243f17c8bc7@group-C17B40A851DA-SegmentedRaftLog:OPENED:c-1,f-1,i0, conf=-1: [a6d40ba8-5007-4ff3-951d-f8e344c09f1a:172.17.0.2:46485, 8c659ee4-8941-403a-a7d5-7771662eec54:172.17.0.2:36425, a4211f84-eb03-46d7-a47e-1243f17c8bc7:172.17.0.2:33755], old=null
2020-07-16 15:51:27,849 [8c659ee4-8941-403a-a7d5-7771662eec54@group-D00752B5DBF3-SegmentedRaftLogWorker] INFO  segmented.SegmentedRaftLogWorker (SegmentedRaftLogWorker.java:execute(596)) - 8c659ee4-8941-403a-a7d5-7771662eec54@group-D00752B5DBF3-SegmentedRaftLogWorker: created new log segment /github/workspace/mnt/ozone/hadoop-ozone/integration-test/target/test-dir/MiniOzoneClusterImpl-45392ef6-f0d5-4168-b900-afad7710253d/datanode-7/data/ratis/2738f610-6324-4853-8ce3-d00752b5dbf3/current/log_inprogress_0
2020-07-16 15:51:27,843 [IPC Server handler 0 on default port 35779] INFO  volume.OMVolumeCreateRequest (OMVolumeCreateRequest.java:validateAndUpdateCache(195)) - created volume:watchforcommithandlingtest for user:jenkins1001
2020-07-16 15:51:27,853 [8c659ee4-8941-403a-a7d5-7771662eec54@group-D00752B5DBF3-LeaderElection42] INFO  impl.RaftServerImpl (ServerState.java:setRaftConf(356)) - 8c659ee4-8941-403a-a7d5-7771662eec54@group-D00752B5DBF3: set configuration 0: [8c659ee4-8941-403a-a7d5-7771662eec54:172.17.0.2:36425], old=null at 0
2020-07-16 15:51:27,866 [Listener at 127.0.0.1/35779] INFO  rpc.RpcClient (RpcClient.java:createBucket(457)) - Creating Bucket: watchforcommithandlingtest/watchforcommithandlingtest, with Versioning false and Storage Type set to DISK and Encryption set to false 
2020-07-16 15:51:27,868 [Listener at 127.0.0.1/35779] INFO  ozone.MiniOzoneClusterImpl (MiniOzoneClusterImpl.java:getStorageContainerLocationClient(289)) - Creating StorageContainerLocationProtocol RPC client with address /0.0.0.0:36901
2020-07-16 15:51:27,885 [grpc-default-executor-6] INFO  impl.RaftServerImpl (RaftServerImpl.java:setRole(175)) - a6d40ba8-5007-4ff3-951d-f8e344c09f1a@group-C17B40A851DA: changes role from CANDIDATE to FOLLOWER at term 2 for recognizeCandidate:a4211f84-eb03-46d7-a47e-1243f17c8bc7
2020-07-16 15:51:27,885 [grpc-default-executor-6] INFO  impl.RoleInfo (RoleInfo.java:shutdownLeaderElection(134)) - a6d40ba8-5007-4ff3-951d-f8e344c09f1a: shutdown LeaderElection
2020-07-16 15:51:27,885 [grpc-default-executor-6] INFO  impl.RoleInfo (RoleInfo.java:updateAndGet(143)) - a6d40ba8-5007-4ff3-951d-f8e344c09f1a: start FollowerState
2020-07-16 15:51:27,886 [a6d40ba8-5007-4ff3-951d-f8e344c09f1a@group-C17B40A851DA-LeaderElection40] INFO  impl.LeaderElection (LeaderElection.java:logAndReturn(61)) - a6d40ba8-5007-4ff3-951d-f8e344c09f1a@group-C17B40A851DA-LeaderElection40: Election DISCOVERED_A_NEW_TERM; received 2 response(s) [a6d40ba8-5007-4ff3-951d-f8e344c09f1a<-8c659ee4-8941-403a-a7d5-7771662eec54#0:FAIL-t1, a6d40ba8-5007-4ff3-951d-f8e344c09f1a<-a4211f84-eb03-46d7-a47e-1243f17c8bc7#0:FAIL-t2] and 0 exception(s); a6d40ba8-5007-4ff3-951d-f8e344c09f1a@group-C17B40A851DA:t2, leader=null, voted=null, raftlog=a6d40ba8-5007-4ff3-951d-f8e344c09f1a@group-C17B40A851DA-SegmentedRaftLog:OPENED:c-1,f-1,i0, conf=-1: [a6d40ba8-5007-4ff3-951d-f8e344c09f1a:172.17.0.2:46485, 8c659ee4-8941-403a-a7d5-7771662eec54:172.17.0.2:36425, a4211f84-eb03-46d7-a47e-1243f17c8bc7:172.17.0.2:33755], old=null
2020-07-16 15:51:27,886 [grpc-default-executor-7] INFO  impl.RaftServerImpl (RaftServerImpl.java:setRole(175)) - 8c659ee4-8941-403a-a7d5-7771662eec54@group-C17B40A851DA: changes role from  FOLLOWER to FOLLOWER at term 2 for recognizeCandidate:a4211f84-eb03-46d7-a47e-1243f17c8bc7
2020-07-16 15:51:27,886 [grpc-default-executor-7] INFO  impl.RoleInfo (RoleInfo.java:shutdownFollowerState(121)) - 8c659ee4-8941-403a-a7d5-7771662eec54: shutdown FollowerState
2020-07-16 15:51:27,887 [grpc-default-executor-7] INFO  impl.RoleInfo (RoleInfo.java:updateAndGet(143)) - 8c659ee4-8941-403a-a7d5-7771662eec54: start FollowerState
2020-07-16 15:51:27,888 [Thread-1309] INFO  impl.FollowerState (FollowerState.java:run(117)) - 8c659ee4-8941-403a-a7d5-7771662eec54@group-C17B40A851DA-FollowerState was interrupted: java.lang.InterruptedException: sleep interrupted
2020-07-16 15:51:27,945 [Listener at 127.0.0.1/35779] INFO  pipeline.SCMPipelineManager (SCMPipelineManager.java:finalizeAndDestroyPipeline(449)) - Destroying pipeline:Pipeline[ Id: 81537660-65b0-49ca-bd55-1759c869f8e5, Nodes: 72350810-11e7-4c4d-b66f-b995d4606524{ip: 172.17.0.2, host: 2ac0d1d00fcd, networkLocation: /default-rack, certSerialId: null}1d5bf7e4-8d96-4310-9f32-ec9edaa2380c{ip: 172.17.0.2, host: 2ac0d1d00fcd, networkLocation: /default-rack, certSerialId: null}e4e99700-16e7-4e9e-86ca-c902d8203535{ip: 172.17.0.2, host: 2ac0d1d00fcd, networkLocation: /default-rack, certSerialId: null}, Type:RATIS, Factor:THREE, State:OPEN, leaderId:72350810-11e7-4c4d-b66f-b995d4606524, CreationTimestamp2020-07-16T15:51:19.135Z]
2020-07-16 15:51:27,945 [Listener at 127.0.0.1/35779] INFO  pipeline.PipelineStateManager (PipelineStateManager.java:finalizePipeline(120)) - Pipeline Pipeline[ Id: 81537660-65b0-49ca-bd55-1759c869f8e5, Nodes: 72350810-11e7-4c4d-b66f-b995d4606524{ip: 172.17.0.2, host: 2ac0d1d00fcd, networkLocation: /default-rack, certSerialId: null}1d5bf7e4-8d96-4310-9f32-ec9edaa2380c{ip: 172.17.0.2, host: 2ac0d1d00fcd, networkLocation: /default-rack, certSerialId: null}e4e99700-16e7-4e9e-86ca-c902d8203535{ip: 172.17.0.2, host: 2ac0d1d00fcd, networkLocation: /default-rack, certSerialId: null}, Type:RATIS, Factor:THREE, State:CLOSED, leaderId:72350810-11e7-4c4d-b66f-b995d4606524, CreationTimestamp2020-07-16T15:51:19.135Z] moved to CLOSED state
2020-07-16 15:51:27,945 [Listener at 127.0.0.1/35779] INFO  pipeline.RatisPipelineProvider (RatisPipelineProvider.java:lambda$close$1(176)) - Send pipeline:PipelineID=81537660-65b0-49ca-bd55-1759c869f8e5 close command to datanode 72350810-11e7-4c4d-b66f-b995d4606524
2020-07-16 15:51:27,946 [Listener at 127.0.0.1/35779] INFO  pipeline.RatisPipelineProvider (RatisPipelineProvider.java:lambda$close$1(176)) - Send pipeline:PipelineID=81537660-65b0-49ca-bd55-1759c869f8e5 close command to datanode 1d5bf7e4-8d96-4310-9f32-ec9edaa2380c
2020-07-16 15:51:27,946 [Listener at 127.0.0.1/35779] INFO  pipeline.RatisPipelineProvider (RatisPipelineProvider.java:lambda$close$1(176)) - Send pipeline:PipelineID=81537660-65b0-49ca-bd55-1759c869f8e5 close command to datanode e4e99700-16e7-4e9e-86ca-c902d8203535
2020-07-16 15:51:27,946 [Listener at 127.0.0.1/35779] INFO  pipeline.PipelineStateManager (PipelineStateManager.java:removePipeline(105)) - Pipeline Pipeline[ Id: 81537660-65b0-49ca-bd55-1759c869f8e5, Nodes: 72350810-11e7-4c4d-b66f-b995d4606524{ip: 172.17.0.2, host: 2ac0d1d00fcd, networkLocation: /default-rack, certSerialId: null}1d5bf7e4-8d96-4310-9f32-ec9edaa2380c{ip: 172.17.0.2, host: 2ac0d1d00fcd, networkLocation: /default-rack, certSerialId: null}e4e99700-16e7-4e9e-86ca-c902d8203535{ip: 172.17.0.2, host: 2ac0d1d00fcd, networkLocation: /default-rack, certSerialId: null}, Type:RATIS, Factor:THREE, State:CLOSED, leaderId:72350810-11e7-4c4d-b66f-b995d4606524, CreationTimestamp2020-07-16T15:51:19.135Z] removed from db
2020-07-16 15:51:27,949 [EventQueue-CloseContainerForCloseContainerEventHandler] INFO  container.CloseContainerEventHandler (CloseContainerEventHandler.java:onMessage(61)) - Close container Event triggered for container : #1
2020-07-16 15:51:27,950 [EventQueue-CloseContainerForCloseContainerEventHandler] ERROR container.CloseContainerEventHandler (CloseContainerEventHandler.java:onMessage(89)) - Failed to close the container #1.
org.apache.hadoop.hdds.scm.pipeline.PipelineNotFoundException: PipelineID=81537660-65b0-49ca-bd55-1759c869f8e5 not found
	at org.apache.hadoop.hdds.scm.pipeline.PipelineStateMap.removeContainerFromPipeline(PipelineStateMap.java:372)
	at org.apache.hadoop.hdds.scm.pipeline.PipelineStateManager.removeContainerFromPipeline(PipelineStateManager.java:111)
	at org.apache.hadoop.hdds.scm.pipeline.SCMPipelineManager.removeContainerFromPipeline(SCMPipelineManager.java:402)
	at org.apache.hadoop.hdds.scm.container.SCMContainerManager.updateContainerState(SCMContainerManager.java:352)
	at org.apache.hadoop.hdds.scm.container.SCMContainerManager.updateContainerState(SCMContainerManager.java:331)
	at org.apache.hadoop.hdds.scm.container.CloseContainerEventHandler.onMessage(CloseContainerEventHandler.java:66)
	at org.apache.hadoop.hdds.scm.container.CloseContainerEventHandler.onMessage(CloseContainerEventHandler.java:45)
	at org.apache.hadoop.hdds.server.events.SingleThreadExecutor.lambda$onMessage$1(SingleThreadExecutor.java:81)
	at java.util.concurrent.ThreadPoolExecutor.runWorker(ThreadPoolExecutor.java:1149)
	at java.util.concurrent.ThreadPoolExecutor$Worker.run(ThreadPoolExecutor.java:624)
	at java.lang.Thread.run(Thread.java:748)
2020-07-16 15:51:27,954 [Listener at 127.0.0.1/35779] INFO  impl.RaftServerProxy (RaftServerProxy.java:remove(100)) - 72350810-11e7-4c4d-b66f-b995d4606524: remove    LEADER 72350810-11e7-4c4d-b66f-b995d4606524@group-1759C869F8E5:t1, leader=72350810-11e7-4c4d-b66f-b995d4606524, voted=72350810-11e7-4c4d-b66f-b995d4606524, raftlog=72350810-11e7-4c4d-b66f-b995d4606524@group-1759C869F8E5-SegmentedRaftLog:OPENED:c2,f2,i2, conf=0: [72350810-11e7-4c4d-b66f-b995d4606524:172.17.0.2:38865, e4e99700-16e7-4e9e-86ca-c902d8203535:172.17.0.2:36525, 1d5bf7e4-8d96-4310-9f32-ec9edaa2380c:172.17.0.2:39143], old=null RUNNING
2020-07-16 15:51:27,964 [Listener at 127.0.0.1/35779] INFO  impl.RaftServerImpl (RaftServerImpl.java:lambda$shutdown$3(252)) - 72350810-11e7-4c4d-b66f-b995d4606524@group-1759C869F8E5: shutdown
2020-07-16 15:51:27,964 [Listener at 127.0.0.1/35779] INFO  util.JmxRegister (JmxRegister.java:unregister(73)) - Successfully un-registered JMX Bean with object name Ratis:service=RaftServer,group=group-1759C869F8E5,id=72350810-11e7-4c4d-b66f-b995d4606524
2020-07-16 15:51:27,964 [Listener at 127.0.0.1/35779] INFO  impl.RoleInfo (RoleInfo.java:shutdownLeaderState(104)) - 72350810-11e7-4c4d-b66f-b995d4606524: shutdown LeaderState
2020-07-16 15:51:27,964 [Listener at 127.0.0.1/35779] INFO  metrics.RatisMetrics (RatisMetrics.java:unregister(43)) - Unregistering Metrics Registry : ratis_grpc.log_appender.72350810-11e7-4c4d-b66f-b995d4606524@group-1759C869F8E5
2020-07-16 15:51:27,966 [RatisPipelineUtilsThread] ERROR pipeline.SCMPipelineManager (SCMPipelineManager.java:createPipeline(274)) - Failed to create pipeline of type RATIS and factor ONE. Exception: Cannot create pipeline of factor 1 using 0 nodes. Used 9 nodes. Healthy nodes 9
2020-07-16 15:51:27,967 [RatisPipelineUtilsThread] INFO  pipeline.RatisPipelineProvider (RatisPipelineProvider.java:lambda$create$0(138)) - Sending CreatePipelineCommand for pipeline:PipelineID=fd8f500c-a8cf-41e6-b167-63549ad2a2a5 to datanode:72350810-11e7-4c4d-b66f-b995d4606524
2020-07-16 15:51:27,967 [RatisPipelineUtilsThread] INFO  pipeline.RatisPipelineProvider (RatisPipelineProvider.java:lambda$create$0(138)) - Sending CreatePipelineCommand for pipeline:PipelineID=fd8f500c-a8cf-41e6-b167-63549ad2a2a5 to datanode:1d5bf7e4-8d96-4310-9f32-ec9edaa2380c
2020-07-16 15:51:27,967 [RatisPipelineUtilsThread] INFO  pipeline.RatisPipelineProvider (RatisPipelineProvider.java:lambda$create$0(138)) - Sending CreatePipelineCommand for pipeline:PipelineID=fd8f500c-a8cf-41e6-b167-63549ad2a2a5 to datanode:e4e99700-16e7-4e9e-86ca-c902d8203535
2020-07-16 15:51:27,967 [org.apache.ratis.server.impl.LogAppender$AppenderDaemon$$Lambda$423/1061808257@3f7730cd] WARN  server.GrpcLogAppender (GrpcLogAppender.java:mayWait(153)) - 72350810-11e7-4c4d-b66f-b995d4606524@group-1759C869F8E5->e4e99700-16e7-4e9e-86ca-c902d8203535-GrpcLogAppender: Wait interrupted by java.lang.InterruptedException
2020-07-16 15:51:27,968 [RatisPipelineUtilsThread] INFO  pipeline.PipelineStateManager (PipelineStateManager.java:addPipeline(54)) - Created pipeline Pipeline[ Id: fd8f500c-a8cf-41e6-b167-63549ad2a2a5, Nodes: 72350810-11e7-4c4d-b66f-b995d4606524{ip: 172.17.0.2, host: 2ac0d1d00fcd, networkLocation: /default-rack, certSerialId: null}1d5bf7e4-8d96-4310-9f32-ec9edaa2380c{ip: 172.17.0.2, host: 2ac0d1d00fcd, networkLocation: /default-rack, certSerialId: null}e4e99700-16e7-4e9e-86ca-c902d8203535{ip: 172.17.0.2, host: 2ac0d1d00fcd, networkLocation: /default-rack, certSerialId: null}, Type:RATIS, Factor:THREE, State:ALLOCATED, leaderId:, CreationTimestamp2020-07-16T15:51:27.967Z]
2020-07-16 15:51:27,968 [RatisPipelineUtilsThread] ERROR pipeline.SCMPipelineManager (SCMPipelineManager.java:createPipeline(274)) - Failed to create pipeline of type RATIS and factor THREE. Exception: Pipeline creation failed because nodes are engaged in other pipelines and every node can only be engaged in max 2 pipelines. Required 3. Found 0
2020-07-16 15:51:27,968 [grpc-default-executor-1] INFO  server.GrpcServerProtocolService (GrpcServerProtocolService.java:onCompleted(138)) - e4e99700-16e7-4e9e-86ca-c902d8203535: Completed APPEND_ENTRIES, lastRequest: 72350810-11e7-4c4d-b66f-b995d4606524->e4e99700-16e7-4e9e-86ca-c902d8203535#3-t1, previous=(t:1, i:1), leaderCommit=1, initializing? false, entries: size=1, first=(t:1, i:2), METADATAENTRY(c:1)
2020-07-16 15:51:27,974 [Thread-1258] INFO  impl.FollowerState (FollowerState.java:run(108)) - a4211f84-eb03-46d7-a47e-1243f17c8bc7@group-B78C77901B76-FollowerState: change to CANDIDATE, lastRpcTime:5157ms, electionTimeout:5156ms
2020-07-16 15:51:27,967 [Listener at 127.0.0.1/35779] INFO  metrics.RatisMetrics (RatisMetrics.java:unregister(43)) - Unregistering Metrics Registry : ratis_grpc.log_appender.72350810-11e7-4c4d-b66f-b995d4606524@group-1759C869F8E5
2020-07-16 15:51:27,975 [Thread-1258] INFO  impl.RoleInfo (RoleInfo.java:shutdownFollowerState(121)) - a4211f84-eb03-46d7-a47e-1243f17c8bc7: shutdown FollowerState
2020-07-16 15:51:27,975 [Thread-1258] INFO  impl.RaftServerImpl (RaftServerImpl.java:setRole(175)) - a4211f84-eb03-46d7-a47e-1243f17c8bc7@group-B78C77901B76: changes role from  FOLLOWER to CANDIDATE at term 0 for changeToCandidate
2020-07-16 15:51:27,975 [Thread-1258] INFO  impl.RoleInfo (RoleInfo.java:updateAndGet(143)) - a4211f84-eb03-46d7-a47e-1243f17c8bc7: start LeaderElection
2020-07-16 15:51:27,979 [Listener at 127.0.0.1/35779] INFO  impl.PendingRequests (PendingRequests.java:sendNotLeaderResponses(249)) - 72350810-11e7-4c4d-b66f-b995d4606524@group-1759C869F8E5-PendingRequests: sendNotLeaderResponses
2020-07-16 15:51:27,979 [org.apache.ratis.server.impl.LogAppender$AppenderDaemon$$Lambda$423/1061808257@265d061b] WARN  server.GrpcLogAppender (GrpcLogAppender.java:mayWait(153)) - 72350810-11e7-4c4d-b66f-b995d4606524@group-1759C869F8E5->1d5bf7e4-8d96-4310-9f32-ec9edaa2380c-GrpcLogAppender: Wait interrupted by java.lang.InterruptedException
2020-07-16 15:51:27,980 [grpc-default-executor-1] INFO  server.GrpcLogAppender (GrpcLogAppender.java:onCompleted(319)) - 72350810-11e7-4c4d-b66f-b995d4606524@group-1759C869F8E5->e4e99700-16e7-4e9e-86ca-c902d8203535-AppendLogResponseHandler: follower responses appendEntries COMPLETED
2020-07-16 15:51:27,981 [grpc-default-executor-7] INFO  server.GrpcServerProtocolService (GrpcServerProtocolService.java:onCompleted(138)) - 1d5bf7e4-8d96-4310-9f32-ec9edaa2380c: Completed APPEND_ENTRIES, lastRequest: 72350810-11e7-4c4d-b66f-b995d4606524->1d5bf7e4-8d96-4310-9f32-ec9edaa2380c#3-t1, previous=(t:1, i:1), leaderCommit=1, initializing? false, entries: size=1, first=(t:1, i:2), METADATAENTRY(c:1)
2020-07-16 15:51:27,982 [grpc-default-executor-6] INFO  server.GrpcLogAppender (GrpcLogAppender.java:onCompleted(319)) - 72350810-11e7-4c4d-b66f-b995d4606524@group-1759C869F8E5->1d5bf7e4-8d96-4310-9f32-ec9edaa2380c-AppendLogResponseHandler: follower responses appendEntries COMPLETED
2020-07-16 15:51:27,983 [Listener at 127.0.0.1/35779] INFO  metrics.RatisMetrics (RatisMetrics.java:unregister(43)) - Unregistering Metrics Registry : ratis.log_appender.72350810-11e7-4c4d-b66f-b995d4606524@group-1759C869F8E5
2020-07-16 15:51:27,983 [Listener at 127.0.0.1/35779] INFO  metrics.RatisMetrics (RatisMetrics.java:unregister(43)) - Unregistering Metrics Registry : ratis.server.72350810-11e7-4c4d-b66f-b995d4606524@group-1759C869F8E5
2020-07-16 15:51:27,984 [grpc-default-executor-1] INFO  impl.FollowerInfo (FollowerInfo.java:lambda$new$0(51)) - 72350810-11e7-4c4d-b66f-b995d4606524@group-1759C869F8E5->e4e99700-16e7-4e9e-86ca-c902d8203535: nextIndex: updateUnconditionally 3 -> 2
2020-07-16 15:51:27,984 [Listener at 127.0.0.1/35779] INFO  impl.StateMachineUpdater (StateMachineUpdater.java:stopAndJoin(142)) - 72350810-11e7-4c4d-b66f-b995d4606524@group-1759C869F8E5-StateMachineUpdater: set stopIndex = 2
2020-07-16 15:51:27,985 [72350810-11e7-4c4d-b66f-b995d4606524@group-1759C869F8E5-StateMachineUpdater] INFO  ratis.ContainerStateMachine (ContainerStateMachine.java:takeSnapshot(293)) - group-1759C869F8E5: Taking a snapshot at:(t:1, i:2) file /github/workspace/mnt/ozone/hadoop-ozone/integration-test/target/test-dir/MiniOzoneClusterImpl-45392ef6-f0d5-4168-b900-afad7710253d/datanode-2/data/ratis/81537660-65b0-49ca-bd55-1759c869f8e5/sm/snapshot.1_2
2020-07-16 15:51:27,992 [72350810-11e7-4c4d-b66f-b995d4606524@group-1759C869F8E5-StateMachineUpdater] INFO  ratis.ContainerStateMachine (ContainerStateMachine.java:takeSnapshot(304)) - group-1759C869F8E5: Finished taking a snapshot at:(t:1, i:2) file:/github/workspace/mnt/ozone/hadoop-ozone/integration-test/target/test-dir/MiniOzoneClusterImpl-45392ef6-f0d5-4168-b900-afad7710253d/datanode-2/data/ratis/81537660-65b0-49ca-bd55-1759c869f8e5/sm/snapshot.1_2 time:7
2020-07-16 15:51:27,992 [72350810-11e7-4c4d-b66f-b995d4606524@group-1759C869F8E5-StateMachineUpdater] INFO  impl.StateMachineUpdater (StateMachineUpdater.java:takeSnapshot(277)) - 72350810-11e7-4c4d-b66f-b995d4606524@group-1759C869F8E5-StateMachineUpdater: Took a snapshot at index 2
2020-07-16 15:51:27,992 [72350810-11e7-4c4d-b66f-b995d4606524@group-1759C869F8E5-StateMachineUpdater] INFO  impl.StateMachineUpdater (StateMachineUpdater.java:lambda$new$0(87)) - 72350810-11e7-4c4d-b66f-b995d4606524@group-1759C869F8E5-StateMachineUpdater: snapshotIndex: updateIncreasingly -1 -> 2
2020-07-16 15:51:27,992 [72350810-11e7-4c4d-b66f-b995d4606524@group-1759C869F8E5-StateMachineUpdater] INFO  metrics.RatisMetrics (RatisMetrics.java:unregister(43)) - Unregistering Metrics Registry : ratis.state_machine.72350810-11e7-4c4d-b66f-b995d4606524@group-1759C869F8E5
2020-07-16 15:51:27,992 [Listener at 127.0.0.1/35779] INFO  impl.RaftServerImpl (ServerState.java:close(387)) - 72350810-11e7-4c4d-b66f-b995d4606524@group-1759C869F8E5: closes. applyIndex: 2
2020-07-16 15:51:27,993 [72350810-11e7-4c4d-b66f-b995d4606524@group-1759C869F8E5-SegmentedRaftLogWorker] INFO  segmented.SegmentedRaftLogWorker (SegmentedRaftLogWorker.java:run(327)) - 72350810-11e7-4c4d-b66f-b995d4606524@group-1759C869F8E5-SegmentedRaftLogWorker was interrupted, exiting. There are 0 tasks remaining in the queue.
2020-07-16 15:51:27,993 [grpc-default-executor-6] INFO  impl.FollowerInfo (FollowerInfo.java:lambda$new$0(51)) - 72350810-11e7-4c4d-b66f-b995d4606524@group-1759C869F8E5->1d5bf7e4-8d96-4310-9f32-ec9edaa2380c: nextIndex: updateUnconditionally 3 -> 2
2020-07-16 15:51:27,995 [Listener at 127.0.0.1/35779] INFO  segmented.SegmentedRaftLogWorker (SegmentedRaftLogWorker.java:close(234)) - 72350810-11e7-4c4d-b66f-b995d4606524@group-1759C869F8E5-SegmentedRaftLogWorker close()
2020-07-16 15:51:27,996 [Listener at 127.0.0.1/35779] INFO  metrics.RatisMetrics (RatisMetrics.java:unregister(43)) - Unregistering Metrics Registry : ratis.log_worker.72350810-11e7-4c4d-b66f-b995d4606524@group-1759C869F8E5
2020-07-16 15:51:27,996 [Listener at 127.0.0.1/35779] INFO  metrics.RatisMetrics (RatisMetrics.java:unregister(43)) - Unregistering Metrics Registry : ratis.leader_election.72350810-11e7-4c4d-b66f-b995d4606524@group-1759C869F8E5
2020-07-16 15:51:27,996 [Listener at 127.0.0.1/35779] INFO  metrics.RatisMetrics (RatisMetrics.java:unregister(43)) - Unregistering Metrics Registry : ratis.server.72350810-11e7-4c4d-b66f-b995d4606524@group-1759C869F8E5
2020-07-16 15:51:27,996 [a4211f84-eb03-46d7-a47e-1243f17c8bc7@group-B78C77901B76-LeaderElection43] INFO  impl.LeaderElection (LeaderElection.java:askForVotes(206)) - a4211f84-eb03-46d7-a47e-1243f17c8bc7@group-B78C77901B76-LeaderElection43: begin an election at term 1 for -1: [a4211f84-eb03-46d7-a47e-1243f17c8bc7:172.17.0.2:33755], old=null
2020-07-16 15:51:27,996 [a4211f84-eb03-46d7-a47e-1243f17c8bc7@group-B78C77901B76-LeaderElection43] INFO  impl.RoleInfo (RoleInfo.java:shutdownLeaderElection(134)) - a4211f84-eb03-46d7-a47e-1243f17c8bc7: shutdown LeaderElection
2020-07-16 15:51:27,996 [a4211f84-eb03-46d7-a47e-1243f17c8bc7@group-B78C77901B76-LeaderElection43] INFO  impl.RaftServerImpl (RaftServerImpl.java:setRole(175)) - a4211f84-eb03-46d7-a47e-1243f17c8bc7@group-B78C77901B76: changes role from CANDIDATE to LEADER at term 1 for changeToLeader
2020-07-16 15:51:27,997 [a4211f84-eb03-46d7-a47e-1243f17c8bc7@group-B78C77901B76-LeaderElection43] INFO  ratis.XceiverServerRatis (XceiverServerRatis.java:handleLeaderChangedNotification(820)) - Leader change notification received for group: group-B78C77901B76 with new leaderId: a4211f84-eb03-46d7-a47e-1243f17c8bc7
2020-07-16 15:51:27,997 [a4211f84-eb03-46d7-a47e-1243f17c8bc7@group-B78C77901B76-LeaderElection43] INFO  impl.RaftServerImpl (ServerState.java:setLeader(255)) - a4211f84-eb03-46d7-a47e-1243f17c8bc7@group-B78C77901B76: change Leader from null to a4211f84-eb03-46d7-a47e-1243f17c8bc7 at term 1 for becomeLeader, leader elected after 5184ms
2020-07-16 15:51:27,997 [a4211f84-eb03-46d7-a47e-1243f17c8bc7@group-B78C77901B76-LeaderElection43] INFO  server.RaftServerConfigKeys (ConfUtils.java:logGet(44)) - raft.server.staging.catchup.gap = 1000 (default)
2020-07-16 15:51:27,997 [a4211f84-eb03-46d7-a47e-1243f17c8bc7@group-B78C77901B76-LeaderElection43] INFO  server.RaftServerConfigKeys (ConfUtils.java:logGet(44)) - raft.server.rpc.sleep.time = 25ms (default)
2020-07-16 15:51:27,997 [a4211f84-eb03-46d7-a47e-1243f17c8bc7@group-B78C77901B76-LeaderElection43] INFO  metrics.RatisMetrics (RatisMetrics.java:lambda$create$0(36)) - Creating Metrics Registry : ratis.log_appender.a4211f84-eb03-46d7-a47e-1243f17c8bc7@group-B78C77901B76
2020-07-16 15:51:27,997 [a4211f84-eb03-46d7-a47e-1243f17c8bc7@group-B78C77901B76-LeaderElection43] INFO  server.RaftServerConfigKeys (ConfUtils.java:logGet(44)) - raft.server.write.element-limit = 1024 (custom)
2020-07-16 15:51:27,997 [a4211f84-eb03-46d7-a47e-1243f17c8bc7@group-B78C77901B76-LeaderElection43] INFO  server.RaftServerConfigKeys (ConfUtils.java:logGet(44)) - raft.server.write.byte-limit = 1073741824 (custom)
2020-07-16 15:51:27,997 [a4211f84-eb03-46d7-a47e-1243f17c8bc7@group-B78C77901B76-LeaderElection43] INFO  server.RaftServerConfigKeys (ConfUtils.java:logGet(44)) - raft.server.watch.timeout = 3000ms (custom)
2020-07-16 15:51:27,998 [a4211f84-eb03-46d7-a47e-1243f17c8bc7@group-B78C77901B76-LeaderElection43] INFO  server.RaftServerConfigKeys (ConfUtils.java:logGet(44)) - raft.server.watch.timeout.denomination = 1s (default)
2020-07-16 15:51:27,998 [a4211f84-eb03-46d7-a47e-1243f17c8bc7@group-B78C77901B76-LeaderElection43] INFO  server.RaftServerConfigKeys (ConfUtils.java:logGet(44)) - raft.server.watch.element-limit = 65536 (default)
2020-07-16 15:51:27,998 [a4211f84-eb03-46d7-a47e-1243f17c8bc7@group-B78C77901B76-LeaderElection43] INFO  impl.RoleInfo (RoleInfo.java:updateAndGet(143)) - a4211f84-eb03-46d7-a47e-1243f17c8bc7: start LeaderState
2020-07-16 15:51:27,998 [a4211f84-eb03-46d7-a47e-1243f17c8bc7@group-B78C77901B76-LeaderElection43] INFO  segmented.SegmentedRaftLogWorker (SegmentedRaftLogWorker.java:startLogSegment(397)) - a4211f84-eb03-46d7-a47e-1243f17c8bc7@group-B78C77901B76-SegmentedRaftLogWorker: Starting segment from index:0
2020-07-16 15:51:27,999 [a4211f84-eb03-46d7-a47e-1243f17c8bc7@group-B78C77901B76-SegmentedRaftLogWorker] INFO  segmented.SegmentedRaftLogWorker (SegmentedRaftLogWorker.java:execute(596)) - a4211f84-eb03-46d7-a47e-1243f17c8bc7@group-B78C77901B76-SegmentedRaftLogWorker: created new log segment /github/workspace/mnt/ozone/hadoop-ozone/integration-test/target/test-dir/MiniOzoneClusterImpl-45392ef6-f0d5-4168-b900-afad7710253d/datanode-8/data/ratis/7d889a9b-cc54-4cb8-8852-b78c77901b76/current/log_inprogress_0
2020-07-16 15:51:28,001 [Listener at 127.0.0.1/35779] INFO  impl.RaftServerImpl (RaftServerImpl.java:lambda$shutdown$3(290)) - 72350810-11e7-4c4d-b66f-b995d4606524@group-1759C869F8E5: Succeed to remove RaftStorageDirectory Storage Directory /github/workspace/mnt/ozone/hadoop-ozone/integration-test/target/test-dir/MiniOzoneClusterImpl-45392ef6-f0d5-4168-b900-afad7710253d/datanode-2/data/ratis/81537660-65b0-49ca-bd55-1759c869f8e5
2020-07-16 15:51:28,010 [a4211f84-eb03-46d7-a47e-1243f17c8bc7@group-B78C77901B76-LeaderElection43] INFO  impl.RaftServerImpl (ServerState.java:setRaftConf(356)) - a4211f84-eb03-46d7-a47e-1243f17c8bc7@group-B78C77901B76: set configuration 0: [a4211f84-eb03-46d7-a47e-1243f17c8bc7:172.17.0.2:33755], old=null at 0
2020-07-16 15:51:28,011 [Listener at 127.0.0.1/35779] INFO  interfaces.Container (KeyValueContainer.java:flushAndSyncDB(382)) - Container 1 is synced with bcsId 0.
2020-07-16 15:51:28,011 [Listener at 127.0.0.1/35779] INFO  interfaces.Container (KeyValueContainer.java:flushAndSyncDB(382)) - Container 1 is synced with bcsId 0.
2020-07-16 15:51:28,013 [Command processor thread] INFO  impl.RaftServerProxy (RaftServerProxy.java:remove(100)) - 1d5bf7e4-8d96-4310-9f32-ec9edaa2380c: remove  FOLLOWER 1d5bf7e4-8d96-4310-9f32-ec9edaa2380c@group-1759C869F8E5:t1, leader=72350810-11e7-4c4d-b66f-b995d4606524, voted=72350810-11e7-4c4d-b66f-b995d4606524, raftlog=1d5bf7e4-8d96-4310-9f32-ec9edaa2380c@group-1759C869F8E5-SegmentedRaftLog:OPENED:c1,f2,i2, conf=0: [72350810-11e7-4c4d-b66f-b995d4606524:172.17.0.2:38865, e4e99700-16e7-4e9e-86ca-c902d8203535:172.17.0.2:36525, 1d5bf7e4-8d96-4310-9f32-ec9edaa2380c:172.17.0.2:39143], old=null RUNNING
2020-07-16 15:51:28,014 [Command processor thread] INFO  impl.RaftServerImpl (RaftServerImpl.java:lambda$shutdown$3(252)) - 1d5bf7e4-8d96-4310-9f32-ec9edaa2380c@group-1759C869F8E5: shutdown
2020-07-16 15:51:28,014 [Command processor thread] INFO  util.JmxRegister (JmxRegister.java:unregister(73)) - Successfully un-registered JMX Bean with object name Ratis:service=RaftServer,group=group-1759C869F8E5,id=1d5bf7e4-8d96-4310-9f32-ec9edaa2380c
2020-07-16 15:51:28,014 [Command processor thread] INFO  impl.RoleInfo (RoleInfo.java:shutdownFollowerState(121)) - 1d5bf7e4-8d96-4310-9f32-ec9edaa2380c: shutdown FollowerState
2020-07-16 15:51:28,014 [Command processor thread] INFO  impl.StateMachineUpdater (StateMachineUpdater.java:stopAndJoin(142)) - 1d5bf7e4-8d96-4310-9f32-ec9edaa2380c@group-1759C869F8E5-StateMachineUpdater: set stopIndex = 1
2020-07-16 15:51:28,014 [1d5bf7e4-8d96-4310-9f32-ec9edaa2380c@group-1759C869F8E5-StateMachineUpdater] INFO  ratis.ContainerStateMachine (ContainerStateMachine.java:takeSnapshot(293)) - group-1759C869F8E5: Taking a snapshot at:(t:1, i:1) file /github/workspace/mnt/ozone/hadoop-ozone/integration-test/target/test-dir/MiniOzoneClusterImpl-45392ef6-f0d5-4168-b900-afad7710253d/datanode-1/data/ratis/81537660-65b0-49ca-bd55-1759c869f8e5/sm/snapshot.1_1
2020-07-16 15:51:28,014 [Thread-1262] INFO  impl.FollowerState (FollowerState.java:run(117)) - 1d5bf7e4-8d96-4310-9f32-ec9edaa2380c@group-1759C869F8E5-FollowerState was interrupted: java.lang.InterruptedException: sleep interrupted
2020-07-16 15:51:28,015 [Listener at 127.0.0.1/35779] WARN  impl.RaftServerProxy (RaftServerProxy.java:remove(95)) - 1d5bf7e4-8d96-4310-9f32-ec9edaa2380c: does not contain group: group-1759C869F8E5
2020-07-16 15:51:28,015 [Listener at 127.0.0.1/35779] INFO  ozone.MiniOzoneClusterImpl (MiniOzoneClusterImpl.java:shutdown(387)) - Shutting down the Mini Ozone Cluster
2020-07-16 15:51:28,015 [EventQueue-IncrementalContainerReportForIncrementalContainerReportHandler] INFO  container.IncrementalContainerReportHandler (AbstractContainerReportHandler.java:updateContainerState(164)) - Moving container #1 to QUASI_CLOSED state, datanode 72350810-11e7-4c4d-b66f-b995d4606524{ip: 172.17.0.2, host: 2ac0d1d00fcd, networkLocation: /default-rack, certSerialId: null} reported QUASI_CLOSED replica.
2020-07-16 15:51:28,015 [Listener at 127.0.0.1/35779] INFO  ozone.MiniOzoneClusterImpl (MiniOzoneClusterImpl.java:stop(402)) - Stopping the Mini Ozone Cluster
2020-07-16 15:51:28,016 [Listener at 127.0.0.1/35779] INFO  ozone.MiniOzoneClusterImpl (MiniOzoneClusterImpl.java:stopOM(484)) - Stopping the OzoneManager
2020-07-16 15:51:28,018 [Listener at 127.0.0.1/35779] INFO  ipc.Server (Server.java:stop(3359)) - Stopping server on 35779
2020-07-16 15:51:28,018 [1d5bf7e4-8d96-4310-9f32-ec9edaa2380c@group-1759C869F8E5-StateMachineUpdater] INFO  ratis.ContainerStateMachine (ContainerStateMachine.java:takeSnapshot(304)) - group-1759C869F8E5: Finished taking a snapshot at:(t:1, i:1) file:/github/workspace/mnt/ozone/hadoop-ozone/integration-test/target/test-dir/MiniOzoneClusterImpl-45392ef6-f0d5-4168-b900-afad7710253d/datanode-1/data/ratis/81537660-65b0-49ca-bd55-1759c869f8e5/sm/snapshot.1_1 time:5
2020-07-16 15:51:28,019 [1d5bf7e4-8d96-4310-9f32-ec9edaa2380c@group-1759C869F8E5-StateMachineUpdater] INFO  impl.StateMachineUpdater (StateMachineUpdater.java:takeSnapshot(277)) - 1d5bf7e4-8d96-4310-9f32-ec9edaa2380c@group-1759C869F8E5-StateMachineUpdater: Took a snapshot at index 1
2020-07-16 15:51:28,019 [1d5bf7e4-8d96-4310-9f32-ec9edaa2380c@group-1759C869F8E5-StateMachineUpdater] INFO  impl.StateMachineUpdater (StateMachineUpdater.java:lambda$new$0(87)) - 1d5bf7e4-8d96-4310-9f32-ec9edaa2380c@group-1759C869F8E5-StateMachineUpdater: snapshotIndex: updateIncreasingly -1 -> 1
2020-07-16 15:51:28,020 [IPC Server listener on 0] INFO  ipc.Server (Server.java:run(1330)) - Stopping IPC Server listener on 0
2020-07-16 15:51:28,020 [1d5bf7e4-8d96-4310-9f32-ec9edaa2380c@group-1759C869F8E5-StateMachineUpdater] INFO  metrics.RatisMetrics (RatisMetrics.java:unregister(43)) - Unregistering Metrics Registry : ratis.state_machine.1d5bf7e4-8d96-4310-9f32-ec9edaa2380c@group-1759C869F8E5
2020-07-16 15:51:28,020 [Command processor thread] INFO  impl.RaftServerImpl (ServerState.java:close(387)) - 1d5bf7e4-8d96-4310-9f32-ec9edaa2380c@group-1759C869F8E5: closes. applyIndex: 1
2020-07-16 15:51:28,020 [1d5bf7e4-8d96-4310-9f32-ec9edaa2380c@group-1759C869F8E5-SegmentedRaftLogWorker] INFO  segmented.SegmentedRaftLogWorker (SegmentedRaftLogWorker.java:run(327)) - 1d5bf7e4-8d96-4310-9f32-ec9edaa2380c@group-1759C869F8E5-SegmentedRaftLogWorker was interrupted, exiting. There are 0 tasks remaining in the queue.
2020-07-16 15:51:28,022 [Command processor thread] INFO  segmented.SegmentedRaftLogWorker (SegmentedRaftLogWorker.java:close(234)) - 1d5bf7e4-8d96-4310-9f32-ec9edaa2380c@group-1759C869F8E5-SegmentedRaftLogWorker close()
2020-07-16 15:51:28,024 [IPC Server Responder] INFO  ipc.Server (Server.java:run(1465)) - Stopping IPC Server Responder
2020-07-16 15:51:28,024 [Listener at 127.0.0.1/35779] INFO  ratis.OzoneManagerDoubleBuffer (OzoneManagerDoubleBuffer.java:stop(458)) - Stopping OMDoubleBuffer flush thread
2020-07-16 15:51:28,024 [OMDoubleBufferFlushThread] INFO  ratis.OzoneManagerDoubleBuffer (OzoneManagerDoubleBuffer.java:flushTransactions(357)) - OMDoubleBuffer flush thread OMDoubleBufferFlushThread is interrupted and will exit. OMDoubleBufferFlushThread
2020-07-16 15:51:28,024 [Listener at 127.0.0.1/35779] INFO  utils.BackgroundService (BackgroundService.java:shutdown(157)) - Shutting down service KeyDeletingService
2020-07-16 15:51:28,025 [Listener at 127.0.0.1/35779] INFO  handler.ContextHandler (ContextHandler.java:doStop(1016)) - Stopped o.e.j.w.WebAppContext@7146e9a4{ozoneManager,/,null,UNAVAILABLE}{file:/github/workspace/mnt/ozone/hadoop-ozone/integration-test/target/test-classes/webapps/ozoneManager}
2020-07-16 15:51:28,027 [Command processor thread] INFO  metrics.RatisMetrics (RatisMetrics.java:unregister(43)) - Unregistering Metrics Registry : ratis.log_worker.1d5bf7e4-8d96-4310-9f32-ec9edaa2380c@group-1759C869F8E5
2020-07-16 15:51:28,027 [Command processor thread] INFO  metrics.RatisMetrics (RatisMetrics.java:unregister(43)) - Unregistering Metrics Registry : ratis.leader_election.1d5bf7e4-8d96-4310-9f32-ec9edaa2380c@group-1759C869F8E5
2020-07-16 15:51:28,027 [Command processor thread] INFO  metrics.RatisMetrics (RatisMetrics.java:unregister(43)) - Unregistering Metrics Registry : ratis.server.1d5bf7e4-8d96-4310-9f32-ec9edaa2380c@group-1759C869F8E5
2020-07-16 15:51:28,028 [Command processor thread] INFO  impl.RaftServerImpl (RaftServerImpl.java:lambda$shutdown$3(290)) - 1d5bf7e4-8d96-4310-9f32-ec9edaa2380c@group-1759C869F8E5: Succeed to remove RaftStorageDirectory Storage Directory /github/workspace/mnt/ozone/hadoop-ozone/integration-test/target/test-dir/MiniOzoneClusterImpl-45392ef6-f0d5-4168-b900-afad7710253d/datanode-1/data/ratis/81537660-65b0-49ca-bd55-1759c869f8e5
2020-07-16 15:51:28,028 [Listener at 127.0.0.1/35779] INFO  server.AbstractConnector (AbstractConnector.java:doStop(380)) - Stopped ServerConnector@52357015{HTTP/1.1,[http/1.1]}{0.0.0.0:0}
2020-07-16 15:51:28,028 [Listener at 127.0.0.1/35779] INFO  server.session (HouseKeeper.java:stopScavenging(158)) - node0 Stopped scavenging
2020-07-16 15:51:28,029 [Listener at 127.0.0.1/35779] INFO  handler.ContextHandler (ContextHandler.java:doStop(1016)) - Stopped o.e.j.s.ServletContextHandler@79611f57{static,/static,file:///github/workspace/mnt/ozone/hadoop-ozone/integration-test/target/test-classes/webapps/static,UNAVAILABLE}
2020-07-16 15:51:28,029 [Listener at 127.0.0.1/35779] INFO  handler.ContextHandler (ContextHandler.java:doStop(1016)) - Stopped o.e.j.s.ServletContextHandler@59ba219d{logs,/logs,file:///github/workspace/mnt/ozone/hadoop-ozone/integration-test/target/log,UNAVAILABLE}
2020-07-16 15:51:28,033 [Command processor thread] INFO  interfaces.Container (KeyValueContainer.java:flushAndSyncDB(382)) - Container 1 is synced with bcsId 0.
2020-07-16 15:51:28,033 [Command processor thread] INFO  interfaces.Container (KeyValueContainer.java:flushAndSyncDB(382)) - Container 1 is synced with bcsId 0.
2020-07-16 15:51:28,034 [Listener at 127.0.0.1/35779] INFO  ozone.MiniOzoneClusterImpl (MiniOzoneClusterImpl.java:stopDatanodes(461)) - Stopping the HddsDatanodes
2020-07-16 15:51:28,036 [Command processor thread] INFO  commandhandler.ClosePipelineCommandHandler (ClosePipelineCommandHandler.java:handle(78)) - Close Pipeline #id: "81537660-65b0-49ca-bd55-1759c869f8e5"
uuid128 {
  mostSigBits: -9127821863354873398
  leastSigBits: -4803907753138849563
}
 command on datanode #1d5bf7e4-8d96-4310-9f32-ec9edaa2380c.
2020-07-16 15:51:28,037 [Command processor thread] INFO  impl.RaftServerProxy (RaftServerProxy.java:addNew(89)) - 1d5bf7e4-8d96-4310-9f32-ec9edaa2380c: addNew group-63549AD2A2A5:[72350810-11e7-4c4d-b66f-b995d4606524:172.17.0.2:38865, e4e99700-16e7-4e9e-86ca-c902d8203535:172.17.0.2:36525, 1d5bf7e4-8d96-4310-9f32-ec9edaa2380c:172.17.0.2:39143] returns group-63549AD2A2A5:java.util.concurrent.CompletableFuture@6587a405[Not completed]
2020-07-16 15:51:28,037 [pool-362-thread-1] INFO  impl.RaftServerImpl (RaftServerImpl.java:<init>(99)) - 1d5bf7e4-8d96-4310-9f32-ec9edaa2380c: new RaftServerImpl for group-63549AD2A2A5:[72350810-11e7-4c4d-b66f-b995d4606524:172.17.0.2:38865, e4e99700-16e7-4e9e-86ca-c902d8203535:172.17.0.2:36525, 1d5bf7e4-8d96-4310-9f32-ec9edaa2380c:172.17.0.2:39143] with ContainerStateMachine:uninitialized
2020-07-16 15:51:28,037 [pool-362-thread-1] INFO  server.RaftServerConfigKeys (ConfUtils.java:logGet(44)) - raft.server.rpc.timeout.min = 5s (custom)
2020-07-16 15:51:28,037 [pool-362-thread-1] INFO  server.RaftServerConfigKeys (ConfUtils.java:logGet(44)) - raft.server.rpc.timeout.max = 5200ms (custom)
2020-07-16 15:51:28,037 [pool-362-thread-1] INFO  server.RaftServerConfigKeys (ConfUtils.java:logGet(44)) - raft.server.rpcslowness.timeout = 300000ms (custom)
2020-07-16 15:51:28,037 [pool-362-thread-1] INFO  server.RaftServerConfigKeys (ConfUtils.java:logGet(44)) - raft.server.sleep.deviation.threshold = 300 (default)
2020-07-16 15:51:28,037 [pool-362-thread-1] INFO  server.RaftServerConfigKeys (ConfUtils.java:logGet(44)) - raft.server.log.appender.install.snapshot.enabled = false (custom)
2020-07-16 15:51:28,038 [pool-362-thread-1] INFO  impl.RaftServerImpl (ServerState.java:<init>(103)) - 1d5bf7e4-8d96-4310-9f32-ec9edaa2380c@group-63549AD2A2A5: ConfigurationManager, init=-1: [72350810-11e7-4c4d-b66f-b995d4606524:172.17.0.2:38865, e4e99700-16e7-4e9e-86ca-c902d8203535:172.17.0.2:36525, 1d5bf7e4-8d96-4310-9f32-ec9edaa2380c:172.17.0.2:39143], old=null, confs=<EMPTY_MAP>
2020-07-16 15:51:28,038 [pool-362-thread-1] INFO  server.RaftServerConfigKeys (ConfUtils.java:logGet(44)) - raft.server.storage.dir = [/github/workspace/mnt/ozone/hadoop-ozone/integration-test/target/test-dir/MiniOzoneClusterImpl-45392ef6-f0d5-4168-b900-afad7710253d/datanode-1/data/ratis] (custom)
2020-07-16 15:51:28,038 [pool-362-thread-1] INFO  server.RaftServerConfigKeys (ConfUtils.java:logGet(44)) - raft.server.log.corruption.policy = EXCEPTION (default)
2020-07-16 15:51:28,038 [pool-362-thread-1] INFO  storage.RaftStorageDirectory (RaftStorageDirectory.java:analyzeStorage(261)) - The storage directory /github/workspace/mnt/ozone/hadoop-ozone/integration-test/target/test-dir/MiniOzoneClusterImpl-45392ef6-f0d5-4168-b900-afad7710253d/datanode-1/data/ratis/fd8f500c-a8cf-41e6-b167-63549ad2a2a5 does not exist. Creating ...
2020-07-16 15:51:28,039 [pool-362-thread-1] INFO  storage.RaftStorageDirectory (RaftStorageDirectory.java:tryLock(343)) - Lock on /github/workspace/mnt/ozone/hadoop-ozone/integration-test/target/test-dir/MiniOzoneClusterImpl-45392ef6-f0d5-4168-b900-afad7710253d/datanode-1/data/ratis/fd8f500c-a8cf-41e6-b167-63549ad2a2a5/in_use.lock acquired by nodename 13156@2ac0d1d00fcd
2020-07-16 15:51:28,040 [pool-362-thread-1] INFO  storage.RaftStorage (RaftStorage.java:format(84)) - Storage directory /github/workspace/mnt/ozone/hadoop-ozone/integration-test/target/test-dir/MiniOzoneClusterImpl-45392ef6-f0d5-4168-b900-afad7710253d/datanode-1/data/ratis/fd8f500c-a8cf-41e6-b167-63549ad2a2a5 has been successfully formatted.
2020-07-16 15:51:28,041 [pool-362-thread-1] INFO  ratis.ContainerStateMachine (ContainerStateMachine.java:loadSnapshot(225)) - group-63549AD2A2A5: The snapshot info is null. Setting the last applied indexto:(t:0, i:~)
2020-07-16 15:51:28,041 [pool-362-thread-1] INFO  server.RaftServerConfigKeys (ConfUtils.java:logGet(44)) - raft.server.notification.no-leader.timeout = 60s (default)
2020-07-16 15:51:28,041 [pool-362-thread-1] INFO  server.RaftServerConfigKeys (ConfUtils.java:logGet(44)) - raft.server.log.use.memory = false (default)
2020-07-16 15:51:28,041 [pool-362-thread-1] INFO  server.RaftServerConfigKeys (ConfUtils.java:logGet(44)) - raft.server.log.purge.gap = 1000000 (custom)
2020-07-16 15:51:28,041 [pool-362-thread-1] INFO  server.RaftServerConfigKeys (ConfUtils.java:logGet(44)) - raft.server.log.appender.buffer.byte-limit = 33554432 (custom)
2020-07-16 15:51:28,041 [pool-362-thread-1] INFO  server.RaftServerConfigKeys (ConfUtils.java:logGet(44)) - raft.server.log.segment.size.max = 1048576 (custom)
2020-07-16 15:51:28,041 [pool-362-thread-1] INFO  metrics.RatisMetrics (RatisMetrics.java:lambda$create$0(36)) - Creating Metrics Registry : ratis.log_worker.1d5bf7e4-8d96-4310-9f32-ec9edaa2380c@group-63549AD2A2A5
2020-07-16 15:51:28,042 [pool-362-thread-1] INFO  server.RaftServerConfigKeys (ConfUtils.java:logGet(44)) - raft.server.log.segment.cache.num.max = 2 (custom)
2020-07-16 15:51:28,042 [pool-362-thread-1] INFO  segmented.SegmentedRaftLogWorker (SegmentedRaftLogWorker.java:<init>(180)) - new 1d5bf7e4-8d96-4310-9f32-ec9edaa2380c@group-63549AD2A2A5-SegmentedRaftLogWorker for RaftStorage:Storage Directory /github/workspace/mnt/ozone/hadoop-ozone/integration-test/target/test-dir/MiniOzoneClusterImpl-45392ef6-f0d5-4168-b900-afad7710253d/datanode-1/data/ratis/fd8f500c-a8cf-41e6-b167-63549ad2a2a5
2020-07-16 15:51:28,042 [pool-362-thread-1] INFO  server.RaftServerConfigKeys (ConfUtils.java:logGet(44)) - raft.server.log.queue.byte-limit = 2147483647 (custom)
2020-07-16 15:51:28,042 [pool-362-thread-1] INFO  server.RaftServerConfigKeys (ConfUtils.java:logGet(44)) - raft.server.log.queue.element-limit = 1024 (custom)
2020-07-16 15:51:28,042 [pool-362-thread-1] INFO  server.RaftServerConfigKeys (ConfUtils.java:logGet(44)) - raft.server.log.segment.size.max = 1048576 (custom)
2020-07-16 15:51:28,042 [pool-362-thread-1] INFO  server.RaftServerConfigKeys (ConfUtils.java:logGet(44)) - raft.server.log.preallocated.size = 16384 (custom)
2020-07-16 15:51:28,042 [pool-362-thread-1] INFO  server.RaftServerConfigKeys (ConfUtils.java:logGet(44)) - raft.server.log.write.buffer.size = 1048576 (custom)
2020-07-16 15:51:28,042 [pool-362-thread-1] INFO  server.RaftServerConfigKeys (ConfUtils.java:logGet(44)) - raft.server.log.force.sync.num = 128 (default)
2020-07-16 15:51:28,042 [pool-362-thread-1] INFO  server.RaftServerConfigKeys (ConfUtils.java:logGet(44)) - raft.server.log.statemachine.data.sync = true (default)
2020-07-16 15:51:28,042 [pool-362-thread-1] INFO  server.RaftServerConfigKeys (ConfUtils.java:logGet(44)) - raft.server.log.statemachine.data.sync.timeout = 10s (default)
2020-07-16 15:51:28,042 [pool-362-thread-1] INFO  server.RaftServerConfigKeys (ConfUtils.java:logGet(44)) - raft.server.log.statemachine.data.sync.timeout.retry = -1 (default)
2020-07-16 15:51:28,044 [pool-362-thread-1] INFO  server.RaftServerConfigKeys (ConfUtils.java:logGet(44)) - raft.server.log.statemachine.data.caching.enabled = true (custom)
2020-07-16 15:51:28,044 [pool-362-thread-1] INFO  segmented.SegmentedRaftLogWorker (SegmentedRaftLogWorker.java:lambda$new$0(129)) - 1d5bf7e4-8d96-4310-9f32-ec9edaa2380c@group-63549AD2A2A5-SegmentedRaftLogWorker: flushIndex: setUnconditionally 0 -> -1
2020-07-16 15:51:28,044 [pool-362-thread-1] INFO  segmented.SegmentedRaftLogWorker (SegmentedRaftLogWorker.java:lambda$new$0(129)) - 1d5bf7e4-8d96-4310-9f32-ec9edaa2380c@group-63549AD2A2A5-SegmentedRaftLogWorker: safeCacheEvictIndex: setUnconditionally 0 -> -1
2020-07-16 15:51:28,044 [pool-362-thread-1] INFO  server.RaftServerConfigKeys (ConfUtils.java:logGet(44)) - raft.server.snapshot.auto.trigger.enabled = true (custom)
2020-07-16 15:51:28,044 [pool-362-thread-1] INFO  server.RaftServerConfigKeys (ConfUtils.java:logGet(44)) - raft.server.snapshot.auto.trigger.threshold = 10000 (custom)
2020-07-16 15:51:28,045 [pool-362-thread-1] INFO  server.RaftServerConfigKeys (ConfUtils.java:logGet(44)) - raft.server.snapshot.retention.file.num = 5 (custom)
2020-07-16 15:51:28,045 [pool-362-thread-1] INFO  server.RaftServerConfigKeys (ConfUtils.java:logGet(44)) - raft.server.log.purge.upto.snapshot.index = false (default)
2020-07-16 15:51:28,045 [pool-362-thread-1] INFO  server.RaftServerConfigKeys (ConfUtils.java:logGet(44)) - raft.server.retrycache.expirytime = 600000ms (custom)
2020-07-16 15:51:28,045 [pool-362-thread-1] INFO  metrics.RatisMetrics (RatisMetrics.java:lambda$create$0(36)) - Creating Metrics Registry : ratis.leader_election.1d5bf7e4-8d96-4310-9f32-ec9edaa2380c@group-63549AD2A2A5
2020-07-16 15:51:28,045 [pool-362-thread-1] INFO  metrics.RatisMetrics (RatisMetrics.java:lambda$create$0(36)) - Creating Metrics Registry : ratis.server.1d5bf7e4-8d96-4310-9f32-ec9edaa2380c@group-63549AD2A2A5
2020-07-16 15:51:28,046 [pool-362-thread-1] INFO  impl.RaftServerImpl (RaftServerImpl.java:start(186)) - 1d5bf7e4-8d96-4310-9f32-ec9edaa2380c@group-63549AD2A2A5: start as a follower, conf=-1: [72350810-11e7-4c4d-b66f-b995d4606524:172.17.0.2:38865, e4e99700-16e7-4e9e-86ca-c902d8203535:172.17.0.2:36525, 1d5bf7e4-8d96-4310-9f32-ec9edaa2380c:172.17.0.2:39143], old=null
2020-07-16 15:51:28,046 [pool-362-thread-1] INFO  impl.RaftServerImpl (RaftServerImpl.java:setRole(175)) - 1d5bf7e4-8d96-4310-9f32-ec9edaa2380c@group-63549AD2A2A5: changes role from      null to FOLLOWER at term 0 for startAsFollower
2020-07-16 15:51:28,046 [pool-362-thread-1] INFO  impl.RoleInfo (RoleInfo.java:updateAndGet(143)) - 1d5bf7e4-8d96-4310-9f32-ec9edaa2380c: start FollowerState
2020-07-16 15:51:28,047 [pool-362-thread-1] INFO  util.JmxRegister (JmxRegister.java:tryRegister(44)) - Successfully registered JMX Bean with object name Ratis:service=RaftServer,group=group-63549AD2A2A5,id=1d5bf7e4-8d96-4310-9f32-ec9edaa2380c
2020-07-16 15:51:28,047 [pool-362-thread-1] INFO  metrics.RatisMetrics (RatisMetrics.java:lambda$create$0(36)) - Creating Metrics Registry : ratis.state_machine.1d5bf7e4-8d96-4310-9f32-ec9edaa2380c@group-63549AD2A2A5
2020-07-16 15:51:28,058 [grpc-default-executor-8] INFO  impl.RaftServerProxy (RaftServerProxy.java:addNew(89)) - 72350810-11e7-4c4d-b66f-b995d4606524: addNew group-63549AD2A2A5:[72350810-11e7-4c4d-b66f-b995d4606524:172.17.0.2:38865, e4e99700-16e7-4e9e-86ca-c902d8203535:172.17.0.2:36525, 1d5bf7e4-8d96-4310-9f32-ec9edaa2380c:172.17.0.2:39143] returns group-63549AD2A2A5:java.util.concurrent.CompletableFuture@1a68c3c3[Not completed]
2020-07-16 15:51:28,059 [pool-377-thread-1] INFO  impl.RaftServerImpl (RaftServerImpl.java:<init>(99)) - 72350810-11e7-4c4d-b66f-b995d4606524: new RaftServerImpl for group-63549AD2A2A5:[72350810-11e7-4c4d-b66f-b995d4606524:172.17.0.2:38865, e4e99700-16e7-4e9e-86ca-c902d8203535:172.17.0.2:36525, 1d5bf7e4-8d96-4310-9f32-ec9edaa2380c:172.17.0.2:39143] with ContainerStateMachine:uninitialized
2020-07-16 15:51:28,059 [pool-377-thread-1] INFO  server.RaftServerConfigKeys (ConfUtils.java:logGet(44)) - raft.server.rpc.timeout.min = 5s (custom)
2020-07-16 15:51:28,059 [pool-377-thread-1] INFO  server.RaftServerConfigKeys (ConfUtils.java:logGet(44)) - raft.server.rpc.timeout.max = 5200ms (custom)
2020-07-16 15:51:28,059 [pool-377-thread-1] INFO  server.RaftServerConfigKeys (ConfUtils.java:logGet(44)) - raft.server.rpcslowness.timeout = 300000ms (custom)
2020-07-16 15:51:28,059 [pool-377-thread-1] INFO  server.RaftServerConfigKeys (ConfUtils.java:logGet(44)) - raft.server.sleep.deviation.threshold = 300 (default)
2020-07-16 15:51:28,059 [pool-377-thread-1] INFO  server.RaftServerConfigKeys (ConfUtils.java:logGet(44)) - raft.server.log.appender.install.snapshot.enabled = false (custom)
2020-07-16 15:51:28,059 [pool-377-thread-1] INFO  impl.RaftServerImpl (ServerState.java:<init>(103)) - 72350810-11e7-4c4d-b66f-b995d4606524@group-63549AD2A2A5: ConfigurationManager, init=-1: [72350810-11e7-4c4d-b66f-b995d4606524:172.17.0.2:38865, e4e99700-16e7-4e9e-86ca-c902d8203535:172.17.0.2:36525, 1d5bf7e4-8d96-4310-9f32-ec9edaa2380c:172.17.0.2:39143], old=null, confs=<EMPTY_MAP>
2020-07-16 15:51:28,059 [pool-377-thread-1] INFO  server.RaftServerConfigKeys (ConfUtils.java:logGet(44)) - raft.server.storage.dir = [/github/workspace/mnt/ozone/hadoop-ozone/integration-test/target/test-dir/MiniOzoneClusterImpl-45392ef6-f0d5-4168-b900-afad7710253d/datanode-2/data/ratis] (custom)
2020-07-16 15:51:28,060 [pool-377-thread-1] INFO  server.RaftServerConfigKeys (ConfUtils.java:logGet(44)) - raft.server.log.corruption.policy = EXCEPTION (default)
2020-07-16 15:51:28,060 [pool-377-thread-1] INFO  storage.RaftStorageDirectory (RaftStorageDirectory.java:analyzeStorage(261)) - The storage directory /github/workspace/mnt/ozone/hadoop-ozone/integration-test/target/test-dir/MiniOzoneClusterImpl-45392ef6-f0d5-4168-b900-afad7710253d/datanode-2/data/ratis/fd8f500c-a8cf-41e6-b167-63549ad2a2a5 does not exist. Creating ...
2020-07-16 15:51:28,061 [pool-377-thread-1] INFO  storage.RaftStorageDirectory (RaftStorageDirectory.java:tryLock(343)) - Lock on /github/workspace/mnt/ozone/hadoop-ozone/integration-test/target/test-dir/MiniOzoneClusterImpl-45392ef6-f0d5-4168-b900-afad7710253d/datanode-2/data/ratis/fd8f500c-a8cf-41e6-b167-63549ad2a2a5/in_use.lock acquired by nodename 13156@2ac0d1d00fcd
2020-07-16 15:51:28,064 [pool-377-thread-1] INFO  storage.RaftStorage (RaftStorage.java:format(84)) - Storage directory /github/workspace/mnt/ozone/hadoop-ozone/integration-test/target/test-dir/MiniOzoneClusterImpl-45392ef6-f0d5-4168-b900-afad7710253d/datanode-2/data/ratis/fd8f500c-a8cf-41e6-b167-63549ad2a2a5 has been successfully formatted.
2020-07-16 15:51:28,064 [pool-377-thread-1] INFO  ratis.ContainerStateMachine (ContainerStateMachine.java:loadSnapshot(225)) - group-63549AD2A2A5: The snapshot info is null. Setting the last applied indexto:(t:0, i:~)
2020-07-16 15:51:28,064 [Datanode State Machine Thread - 0] INFO  statemachine.DatanodeStateMachine (DatanodeStateMachine.java:lambda$startDaemon$0(380)) - Ozone container server started.
2020-07-16 15:51:28,064 [pool-377-thread-1] INFO  server.RaftServerConfigKeys (ConfUtils.java:logGet(44)) - raft.server.notification.no-leader.timeout = 60s (default)
2020-07-16 15:51:28,065 [pool-377-thread-1] INFO  server.RaftServerConfigKeys (ConfUtils.java:logGet(44)) - raft.server.log.use.memory = false (default)
2020-07-16 15:51:28,065 [pool-377-thread-1] INFO  server.RaftServerConfigKeys (ConfUtils.java:logGet(44)) - raft.server.log.purge.gap = 1000000 (custom)
2020-07-16 15:51:28,065 [pool-377-thread-1] INFO  server.RaftServerConfigKeys (ConfUtils.java:logGet(44)) - raft.server.log.appender.buffer.byte-limit = 33554432 (custom)
2020-07-16 15:51:28,065 [pool-377-thread-1] INFO  server.RaftServerConfigKeys (ConfUtils.java:logGet(44)) - raft.server.log.segment.size.max = 1048576 (custom)
2020-07-16 15:51:28,065 [pool-377-thread-1] INFO  metrics.RatisMetrics (RatisMetrics.java:lambda$create$0(36)) - Creating Metrics Registry : ratis.log_worker.72350810-11e7-4c4d-b66f-b995d4606524@group-63549AD2A2A5
2020-07-16 15:51:28,065 [pool-377-thread-1] INFO  server.RaftServerConfigKeys (ConfUtils.java:logGet(44)) - raft.server.log.segment.cache.num.max = 2 (custom)
2020-07-16 15:51:28,065 [pool-377-thread-1] INFO  segmented.SegmentedRaftLogWorker (SegmentedRaftLogWorker.java:<init>(180)) - new 72350810-11e7-4c4d-b66f-b995d4606524@group-63549AD2A2A5-SegmentedRaftLogWorker for RaftStorage:Storage Directory /github/workspace/mnt/ozone/hadoop-ozone/integration-test/target/test-dir/MiniOzoneClusterImpl-45392ef6-f0d5-4168-b900-afad7710253d/datanode-2/data/ratis/fd8f500c-a8cf-41e6-b167-63549ad2a2a5
2020-07-16 15:51:28,066 [pool-377-thread-1] INFO  server.RaftServerConfigKeys (ConfUtils.java:logGet(44)) - raft.server.log.queue.byte-limit = 2147483647 (custom)
2020-07-16 15:51:28,066 [pool-377-thread-1] INFO  server.RaftServerConfigKeys (ConfUtils.java:logGet(44)) - raft.server.log.queue.element-limit = 1024 (custom)
2020-07-16 15:51:28,066 [pool-377-thread-1] INFO  server.RaftServerConfigKeys (ConfUtils.java:logGet(44)) - raft.server.log.segment.size.max = 1048576 (custom)
2020-07-16 15:51:28,066 [pool-377-thread-1] INFO  server.RaftServerConfigKeys (ConfUtils.java:logGet(44)) - raft.server.log.preallocated.size = 16384 (custom)
2020-07-16 15:51:28,066 [pool-377-thread-1] INFO  server.RaftServerConfigKeys (ConfUtils.java:logGet(44)) - raft.server.log.write.buffer.size = 1048576 (custom)
2020-07-16 15:51:28,066 [pool-377-thread-1] INFO  server.RaftServerConfigKeys (ConfUtils.java:logGet(44)) - raft.server.log.force.sync.num = 128 (default)
2020-07-16 15:51:28,066 [pool-377-thread-1] INFO  server.RaftServerConfigKeys (ConfUtils.java:logGet(44)) - raft.server.log.statemachine.data.sync = true (default)
2020-07-16 15:51:28,066 [pool-377-thread-1] INFO  server.RaftServerConfigKeys (ConfUtils.java:logGet(44)) - raft.server.log.statemachine.data.sync.timeout = 10s (default)
2020-07-16 15:51:28,066 [pool-377-thread-1] INFO  server.RaftServerConfigKeys (ConfUtils.java:logGet(44)) - raft.server.log.statemachine.data.sync.timeout.retry = -1 (default)
2020-07-16 15:51:28,068 [pool-377-thread-1] INFO  server.RaftServerConfigKeys (ConfUtils.java:logGet(44)) - raft.server.log.statemachine.data.caching.enabled = true (custom)
2020-07-16 15:51:28,068 [pool-377-thread-1] INFO  segmented.SegmentedRaftLogWorker (SegmentedRaftLogWorker.java:lambda$new$0(129)) - 72350810-11e7-4c4d-b66f-b995d4606524@group-63549AD2A2A5-SegmentedRaftLogWorker: flushIndex: setUnconditionally 0 -> -1
2020-07-16 15:51:28,068 [pool-377-thread-1] INFO  segmented.SegmentedRaftLogWorker (SegmentedRaftLogWorker.java:lambda$new$0(129)) - 72350810-11e7-4c4d-b66f-b995d4606524@group-63549AD2A2A5-SegmentedRaftLogWorker: safeCacheEvictIndex: setUnconditionally 0 -> -1
2020-07-16 15:51:28,069 [pool-377-thread-1] INFO  server.RaftServerConfigKeys (ConfUtils.java:logGet(44)) - raft.server.snapshot.auto.trigger.enabled = true (custom)
2020-07-16 15:51:28,069 [pool-377-thread-1] INFO  server.RaftServerConfigKeys (ConfUtils.java:logGet(44)) - raft.server.snapshot.auto.trigger.threshold = 10000 (custom)
2020-07-16 15:51:28,069 [pool-377-thread-1] INFO  server.RaftServerConfigKeys (ConfUtils.java:logGet(44)) - raft.server.snapshot.retention.file.num = 5 (custom)
2020-07-16 15:51:28,069 [pool-377-thread-1] INFO  server.RaftServerConfigKeys (ConfUtils.java:logGet(44)) - raft.server.log.purge.upto.snapshot.index = false (default)
2020-07-16 15:51:28,069 [pool-377-thread-1] INFO  server.RaftServerConfigKeys (ConfUtils.java:logGet(44)) - raft.server.retrycache.expirytime = 600000ms (custom)
2020-07-16 15:51:28,069 [pool-377-thread-1] INFO  metrics.RatisMetrics (RatisMetrics.java:lambda$create$0(36)) - Creating Metrics Registry : ratis.leader_election.72350810-11e7-4c4d-b66f-b995d4606524@group-63549AD2A2A5
2020-07-16 15:51:28,070 [pool-377-thread-1] INFO  metrics.RatisMetrics (RatisMetrics.java:lambda$create$0(36)) - Creating Metrics Registry : ratis.server.72350810-11e7-4c4d-b66f-b995d4606524@group-63549AD2A2A5
2020-07-16 15:51:28,071 [pool-377-thread-1] INFO  impl.RaftServerImpl (RaftServerImpl.java:start(186)) - 72350810-11e7-4c4d-b66f-b995d4606524@group-63549AD2A2A5: start as a follower, conf=-1: [72350810-11e7-4c4d-b66f-b995d4606524:172.17.0.2:38865, e4e99700-16e7-4e9e-86ca-c902d8203535:172.17.0.2:36525, 1d5bf7e4-8d96-4310-9f32-ec9edaa2380c:172.17.0.2:39143], old=null
2020-07-16 15:51:28,071 [pool-377-thread-1] INFO  impl.RaftServerImpl (RaftServerImpl.java:setRole(175)) - 72350810-11e7-4c4d-b66f-b995d4606524@group-63549AD2A2A5: changes role from      null to FOLLOWER at term 0 for startAsFollower
2020-07-16 15:51:28,071 [pool-377-thread-1] INFO  impl.RoleInfo (RoleInfo.java:updateAndGet(143)) - 72350810-11e7-4c4d-b66f-b995d4606524: start FollowerState
2020-07-16 15:51:28,074 [pool-377-thread-1] INFO  util.JmxRegister (JmxRegister.java:tryRegister(44)) - Successfully registered JMX Bean with object name Ratis:service=RaftServer,group=group-63549AD2A2A5,id=72350810-11e7-4c4d-b66f-b995d4606524
2020-07-16 15:51:28,074 [pool-377-thread-1] INFO  metrics.RatisMetrics (RatisMetrics.java:lambda$create$0(36)) - Creating Metrics Registry : ratis.state_machine.72350810-11e7-4c4d-b66f-b995d4606524@group-63549AD2A2A5
2020-07-16 15:51:28,087 [grpc-default-executor-8] INFO  impl.RaftServerProxy (RaftServerProxy.java:addNew(89)) - e4e99700-16e7-4e9e-86ca-c902d8203535: addNew group-63549AD2A2A5:[72350810-11e7-4c4d-b66f-b995d4606524:172.17.0.2:38865, e4e99700-16e7-4e9e-86ca-c902d8203535:172.17.0.2:36525, 1d5bf7e4-8d96-4310-9f32-ec9edaa2380c:172.17.0.2:39143] returns group-63549AD2A2A5:java.util.concurrent.CompletableFuture@5b55c9f8[Not completed]
2020-07-16 15:51:28,088 [pool-347-thread-1] INFO  impl.RaftServerImpl (RaftServerImpl.java:<init>(99)) - e4e99700-16e7-4e9e-86ca-c902d8203535: new RaftServerImpl for group-63549AD2A2A5:[72350810-11e7-4c4d-b66f-b995d4606524:172.17.0.2:38865, e4e99700-16e7-4e9e-86ca-c902d8203535:172.17.0.2:36525, 1d5bf7e4-8d96-4310-9f32-ec9edaa2380c:172.17.0.2:39143] with ContainerStateMachine:uninitialized
2020-07-16 15:51:28,088 [pool-347-thread-1] INFO  server.RaftServerConfigKeys (ConfUtils.java:logGet(44)) - raft.server.rpc.timeout.min = 5s (custom)
2020-07-16 15:51:28,088 [pool-347-thread-1] INFO  server.RaftServerConfigKeys (ConfUtils.java:logGet(44)) - raft.server.rpc.timeout.max = 5200ms (custom)
2020-07-16 15:51:28,088 [pool-347-thread-1] INFO  server.RaftServerConfigKeys (ConfUtils.java:logGet(44)) - raft.server.rpcslowness.timeout = 300000ms (custom)
2020-07-16 15:51:28,088 [pool-347-thread-1] INFO  server.RaftServerConfigKeys (ConfUtils.java:logGet(44)) - raft.server.sleep.deviation.threshold = 300 (default)
2020-07-16 15:51:28,088 [pool-347-thread-1] INFO  server.RaftServerConfigKeys (ConfUtils.java:logGet(44)) - raft.server.log.appender.install.snapshot.enabled = false (custom)
2020-07-16 15:51:28,088 [pool-347-thread-1] INFO  impl.RaftServerImpl (ServerState.java:<init>(103)) - e4e99700-16e7-4e9e-86ca-c902d8203535@group-63549AD2A2A5: ConfigurationManager, init=-1: [72350810-11e7-4c4d-b66f-b995d4606524:172.17.0.2:38865, e4e99700-16e7-4e9e-86ca-c902d8203535:172.17.0.2:36525, 1d5bf7e4-8d96-4310-9f32-ec9edaa2380c:172.17.0.2:39143], old=null, confs=<EMPTY_MAP>
2020-07-16 15:51:28,089 [pool-347-thread-1] INFO  server.RaftServerConfigKeys (ConfUtils.java:logGet(44)) - raft.server.storage.dir = [/github/workspace/mnt/ozone/hadoop-ozone/integration-test/target/test-dir/MiniOzoneClusterImpl-45392ef6-f0d5-4168-b900-afad7710253d/datanode-0/data/ratis] (custom)
2020-07-16 15:51:28,089 [pool-347-thread-1] INFO  server.RaftServerConfigKeys (ConfUtils.java:logGet(44)) - raft.server.log.corruption.policy = EXCEPTION (default)
2020-07-16 15:51:28,089 [pool-347-thread-1] INFO  storage.RaftStorageDirectory (RaftStorageDirectory.java:analyzeStorage(261)) - The storage directory /github/workspace/mnt/ozone/hadoop-ozone/integration-test/target/test-dir/MiniOzoneClusterImpl-45392ef6-f0d5-4168-b900-afad7710253d/datanode-0/data/ratis/fd8f500c-a8cf-41e6-b167-63549ad2a2a5 does not exist. Creating ...
2020-07-16 15:51:28,090 [pool-347-thread-1] INFO  storage.RaftStorageDirectory (RaftStorageDirectory.java:tryLock(343)) - Lock on /github/workspace/mnt/ozone/hadoop-ozone/integration-test/target/test-dir/MiniOzoneClusterImpl-45392ef6-f0d5-4168-b900-afad7710253d/datanode-0/data/ratis/fd8f500c-a8cf-41e6-b167-63549ad2a2a5/in_use.lock acquired by nodename 13156@2ac0d1d00fcd
2020-07-16 15:51:28,091 [pool-347-thread-1] INFO  storage.RaftStorage (RaftStorage.java:format(84)) - Storage directory /github/workspace/mnt/ozone/hadoop-ozone/integration-test/target/test-dir/MiniOzoneClusterImpl-45392ef6-f0d5-4168-b900-afad7710253d/datanode-0/data/ratis/fd8f500c-a8cf-41e6-b167-63549ad2a2a5 has been successfully formatted.
2020-07-16 15:51:28,091 [pool-347-thread-1] INFO  ratis.ContainerStateMachine (ContainerStateMachine.java:loadSnapshot(225)) - group-63549AD2A2A5: The snapshot info is null. Setting the last applied indexto:(t:0, i:~)
2020-07-16 15:51:28,092 [pool-347-thread-1] INFO  server.RaftServerConfigKeys (ConfUtils.java:logGet(44)) - raft.server.notification.no-leader.timeout = 60s (default)
2020-07-16 15:51:28,092 [pool-347-thread-1] INFO  server.RaftServerConfigKeys (ConfUtils.java:logGet(44)) - raft.server.log.use.memory = false (default)
2020-07-16 15:51:28,092 [pool-347-thread-1] INFO  server.RaftServerConfigKeys (ConfUtils.java:logGet(44)) - raft.server.log.purge.gap = 1000000 (custom)
2020-07-16 15:51:28,092 [pool-347-thread-1] INFO  server.RaftServerConfigKeys (ConfUtils.java:logGet(44)) - raft.server.log.appender.buffer.byte-limit = 33554432 (custom)
2020-07-16 15:51:28,092 [pool-347-thread-1] INFO  server.RaftServerConfigKeys (ConfUtils.java:logGet(44)) - raft.server.log.segment.size.max = 1048576 (custom)
2020-07-16 15:51:28,092 [pool-347-thread-1] INFO  metrics.RatisMetrics (RatisMetrics.java:lambda$create$0(36)) - Creating Metrics Registry : ratis.log_worker.e4e99700-16e7-4e9e-86ca-c902d8203535@group-63549AD2A2A5
2020-07-16 15:51:28,093 [pool-347-thread-1] INFO  server.RaftServerConfigKeys (ConfUtils.java:logGet(44)) - raft.server.log.segment.cache.num.max = 2 (custom)
2020-07-16 15:51:28,093 [pool-347-thread-1] INFO  segmented.SegmentedRaftLogWorker (SegmentedRaftLogWorker.java:<init>(180)) - new e4e99700-16e7-4e9e-86ca-c902d8203535@group-63549AD2A2A5-SegmentedRaftLogWorker for RaftStorage:Storage Directory /github/workspace/mnt/ozone/hadoop-ozone/integration-test/target/test-dir/MiniOzoneClusterImpl-45392ef6-f0d5-4168-b900-afad7710253d/datanode-0/data/ratis/fd8f500c-a8cf-41e6-b167-63549ad2a2a5
2020-07-16 15:51:28,093 [pool-347-thread-1] INFO  server.RaftServerConfigKeys (ConfUtils.java:logGet(44)) - raft.server.log.queue.byte-limit = 2147483647 (custom)
2020-07-16 15:51:28,093 [pool-347-thread-1] INFO  server.RaftServerConfigKeys (ConfUtils.java:logGet(44)) - raft.server.log.queue.element-limit = 1024 (custom)
2020-07-16 15:51:28,093 [pool-347-thread-1] INFO  server.RaftServerConfigKeys (ConfUtils.java:logGet(44)) - raft.server.log.segment.size.max = 1048576 (custom)
2020-07-16 15:51:28,093 [pool-347-thread-1] INFO  server.RaftServerConfigKeys (ConfUtils.java:logGet(44)) - raft.server.log.preallocated.size = 16384 (custom)
2020-07-16 15:51:28,093 [pool-347-thread-1] INFO  server.RaftServerConfigKeys (ConfUtils.java:logGet(44)) - raft.server.log.write.buffer.size = 1048576 (custom)
2020-07-16 15:51:28,093 [pool-347-thread-1] INFO  server.RaftServerConfigKeys (ConfUtils.java:logGet(44)) - raft.server.log.force.sync.num = 128 (default)
2020-07-16 15:51:28,093 [pool-347-thread-1] INFO  server.RaftServerConfigKeys (ConfUtils.java:logGet(44)) - raft.server.log.statemachine.data.sync = true (default)
2020-07-16 15:51:28,093 [pool-347-thread-1] INFO  server.RaftServerConfigKeys (ConfUtils.java:logGet(44)) - raft.server.log.statemachine.data.sync.timeout = 10s (default)
2020-07-16 15:51:28,093 [pool-347-thread-1] INFO  server.RaftServerConfigKeys (ConfUtils.java:logGet(44)) - raft.server.log.statemachine.data.sync.timeout.retry = -1 (default)
2020-07-16 15:51:28,095 [pool-347-thread-1] INFO  server.RaftServerConfigKeys (ConfUtils.java:logGet(44)) - raft.server.log.statemachine.data.caching.enabled = true (custom)
2020-07-16 15:51:28,095 [pool-347-thread-1] INFO  segmented.SegmentedRaftLogWorker (SegmentedRaftLogWorker.java:lambda$new$0(129)) - e4e99700-16e7-4e9e-86ca-c902d8203535@group-63549AD2A2A5-SegmentedRaftLogWorker: flushIndex: setUnconditionally 0 -> -1
2020-07-16 15:51:28,095 [pool-347-thread-1] INFO  segmented.SegmentedRaftLogWorker (SegmentedRaftLogWorker.java:lambda$new$0(129)) - e4e99700-16e7-4e9e-86ca-c902d8203535@group-63549AD2A2A5-SegmentedRaftLogWorker: safeCacheEvictIndex: setUnconditionally 0 -> -1
2020-07-16 15:51:28,098 [pool-347-thread-1] INFO  server.RaftServerConfigKeys (ConfUtils.java:logGet(44)) - raft.server.snapshot.auto.trigger.enabled = true (custom)
2020-07-16 15:51:28,098 [pool-347-thread-1] INFO  server.RaftServerConfigKeys (ConfUtils.java:logGet(44)) - raft.server.snapshot.auto.trigger.threshold = 10000 (custom)
2020-07-16 15:51:28,098 [pool-347-thread-1] INFO  server.RaftServerConfigKeys (ConfUtils.java:logGet(44)) - raft.server.snapshot.retention.file.num = 5 (custom)
2020-07-16 15:51:28,098 [pool-347-thread-1] INFO  server.RaftServerConfigKeys (ConfUtils.java:logGet(44)) - raft.server.log.purge.upto.snapshot.index = false (default)
2020-07-16 15:51:28,098 [pool-347-thread-1] INFO  server.RaftServerConfigKeys (ConfUtils.java:logGet(44)) - raft.server.retrycache.expirytime = 600000ms (custom)
2020-07-16 15:51:28,099 [pool-347-thread-1] INFO  metrics.RatisMetrics (RatisMetrics.java:lambda$create$0(36)) - Creating Metrics Registry : ratis.leader_election.e4e99700-16e7-4e9e-86ca-c902d8203535@group-63549AD2A2A5
2020-07-16 15:51:28,099 [pool-347-thread-1] INFO  metrics.RatisMetrics (RatisMetrics.java:lambda$create$0(36)) - Creating Metrics Registry : ratis.server.e4e99700-16e7-4e9e-86ca-c902d8203535@group-63549AD2A2A5
2020-07-16 15:51:28,100 [pool-347-thread-1] INFO  impl.RaftServerImpl (RaftServerImpl.java:start(186)) - e4e99700-16e7-4e9e-86ca-c902d8203535@group-63549AD2A2A5: start as a follower, conf=-1: [72350810-11e7-4c4d-b66f-b995d4606524:172.17.0.2:38865, e4e99700-16e7-4e9e-86ca-c902d8203535:172.17.0.2:36525, 1d5bf7e4-8d96-4310-9f32-ec9edaa2380c:172.17.0.2:39143], old=null
2020-07-16 15:51:28,100 [pool-347-thread-1] INFO  impl.RaftServerImpl (RaftServerImpl.java:setRole(175)) - e4e99700-16e7-4e9e-86ca-c902d8203535@group-63549AD2A2A5: changes role from      null to FOLLOWER at term 0 for startAsFollower
2020-07-16 15:51:28,100 [pool-347-thread-1] INFO  impl.RoleInfo (RoleInfo.java:updateAndGet(143)) - e4e99700-16e7-4e9e-86ca-c902d8203535: start FollowerState
2020-07-16 15:51:28,101 [pool-347-thread-1] INFO  util.JmxRegister (JmxRegister.java:tryRegister(44)) - Successfully registered JMX Bean with object name Ratis:service=RaftServer,group=group-63549AD2A2A5,id=e4e99700-16e7-4e9e-86ca-c902d8203535
2020-07-16 15:51:28,101 [pool-347-thread-1] INFO  metrics.RatisMetrics (RatisMetrics.java:lambda$create$0(36)) - Creating Metrics Registry : ratis.state_machine.e4e99700-16e7-4e9e-86ca-c902d8203535@group-63549AD2A2A5
2020-07-16 15:51:28,103 [Command processor thread] INFO  commandhandler.CreatePipelineCommandHandler (CreatePipelineCommandHandler.java:handle(109)) - Created Pipeline RATIS THREE #id: "fd8f500c-a8cf-41e6-b167-63549ad2a2a5"
uuid128 {
  mostSigBits: -175833845142175258
  leastSigBits: -5663448791369211227
}
.
2020-07-16 15:51:28,382 [Datanode State Machine Thread - 0] INFO  statemachine.DatanodeStateMachine (DatanodeStateMachine.java:lambda$startDaemon$0(380)) - Ozone container server started.
2020-07-16 15:51:29,086 [Command processor thread] INFO  impl.RaftServerProxy (RaftServerProxy.java:remove(100)) - e4e99700-16e7-4e9e-86ca-c902d8203535: remove  FOLLOWER e4e99700-16e7-4e9e-86ca-c902d8203535@group-1759C869F8E5:t1, leader=72350810-11e7-4c4d-b66f-b995d4606524, voted=72350810-11e7-4c4d-b66f-b995d4606524, raftlog=e4e99700-16e7-4e9e-86ca-c902d8203535@group-1759C869F8E5-SegmentedRaftLog:OPENED:c1,f2,i2, conf=0: [72350810-11e7-4c4d-b66f-b995d4606524:172.17.0.2:38865, e4e99700-16e7-4e9e-86ca-c902d8203535:172.17.0.2:36525, 1d5bf7e4-8d96-4310-9f32-ec9edaa2380c:172.17.0.2:39143], old=null RUNNING
2020-07-16 15:51:29,087 [Command processor thread] INFO  impl.RaftServerImpl (RaftServerImpl.java:lambda$shutdown$3(252)) - e4e99700-16e7-4e9e-86ca-c902d8203535@group-1759C869F8E5: shutdown
2020-07-16 15:51:29,087 [Command processor thread] INFO  util.JmxRegister (JmxRegister.java:unregister(73)) - Successfully un-registered JMX Bean with object name Ratis:service=RaftServer,group=group-1759C869F8E5,id=e4e99700-16e7-4e9e-86ca-c902d8203535
2020-07-16 15:51:29,087 [Command processor thread] INFO  impl.RoleInfo (RoleInfo.java:shutdownFollowerState(121)) - e4e99700-16e7-4e9e-86ca-c902d8203535: shutdown FollowerState
2020-07-16 15:51:29,087 [Command processor thread] INFO  impl.StateMachineUpdater (StateMachineUpdater.java:stopAndJoin(142)) - e4e99700-16e7-4e9e-86ca-c902d8203535@group-1759C869F8E5-StateMachineUpdater: set stopIndex = 1
2020-07-16 15:51:29,087 [Thread-1263] INFO  impl.FollowerState (FollowerState.java:run(117)) - e4e99700-16e7-4e9e-86ca-c902d8203535@group-1759C869F8E5-FollowerState was interrupted: java.lang.InterruptedException: sleep interrupted
2020-07-16 15:51:29,088 [e4e99700-16e7-4e9e-86ca-c902d8203535@group-1759C869F8E5-StateMachineUpdater] INFO  ratis.ContainerStateMachine (ContainerStateMachine.java:takeSnapshot(293)) - group-1759C869F8E5: Taking a snapshot at:(t:1, i:1) file /github/workspace/mnt/ozone/hadoop-ozone/integration-test/target/test-dir/MiniOzoneClusterImpl-45392ef6-f0d5-4168-b900-afad7710253d/datanode-0/data/ratis/81537660-65b0-49ca-bd55-1759c869f8e5/sm/snapshot.1_1
2020-07-16 15:51:29,089 [e4e99700-16e7-4e9e-86ca-c902d8203535@group-1759C869F8E5-StateMachineUpdater] INFO  ratis.ContainerStateMachine (ContainerStateMachine.java:takeSnapshot(304)) - group-1759C869F8E5: Finished taking a snapshot at:(t:1, i:1) file:/github/workspace/mnt/ozone/hadoop-ozone/integration-test/target/test-dir/MiniOzoneClusterImpl-45392ef6-f0d5-4168-b900-afad7710253d/datanode-0/data/ratis/81537660-65b0-49ca-bd55-1759c869f8e5/sm/snapshot.1_1 time:1
2020-07-16 15:51:29,089 [e4e99700-16e7-4e9e-86ca-c902d8203535@group-1759C869F8E5-StateMachineUpdater] INFO  impl.StateMachineUpdater (StateMachineUpdater.java:takeSnapshot(277)) - e4e99700-16e7-4e9e-86ca-c902d8203535@group-1759C869F8E5-StateMachineUpdater: Took a snapshot at index 1
2020-07-16 15:51:29,089 [e4e99700-16e7-4e9e-86ca-c902d8203535@group-1759C869F8E5-StateMachineUpdater] INFO  impl.StateMachineUpdater (StateMachineUpdater.java:lambda$new$0(87)) - e4e99700-16e7-4e9e-86ca-c902d8203535@group-1759C869F8E5-StateMachineUpdater: snapshotIndex: updateIncreasingly -1 -> 1
2020-07-16 15:51:29,090 [e4e99700-16e7-4e9e-86ca-c902d8203535@group-1759C869F8E5-StateMachineUpdater] INFO  metrics.RatisMetrics (RatisMetrics.java:unregister(43)) - Unregistering Metrics Registry : ratis.state_machine.e4e99700-16e7-4e9e-86ca-c902d8203535@group-1759C869F8E5
2020-07-16 15:51:29,090 [Command processor thread] INFO  impl.RaftServerImpl (ServerState.java:close(387)) - e4e99700-16e7-4e9e-86ca-c902d8203535@group-1759C869F8E5: closes. applyIndex: 1
2020-07-16 15:51:29,090 [e4e99700-16e7-4e9e-86ca-c902d8203535@group-1759C869F8E5-SegmentedRaftLogWorker] INFO  segmented.SegmentedRaftLogWorker (SegmentedRaftLogWorker.java:run(327)) - e4e99700-16e7-4e9e-86ca-c902d8203535@group-1759C869F8E5-SegmentedRaftLogWorker was interrupted, exiting. There are 0 tasks remaining in the queue.
2020-07-16 15:51:29,091 [Command processor thread] INFO  segmented.SegmentedRaftLogWorker (SegmentedRaftLogWorker.java:close(234)) - e4e99700-16e7-4e9e-86ca-c902d8203535@group-1759C869F8E5-SegmentedRaftLogWorker close()
2020-07-16 15:51:29,092 [Command processor thread] INFO  metrics.RatisMetrics (RatisMetrics.java:unregister(43)) - Unregistering Metrics Registry : ratis.log_worker.e4e99700-16e7-4e9e-86ca-c902d8203535@group-1759C869F8E5
2020-07-16 15:51:29,092 [Command processor thread] INFO  metrics.RatisMetrics (RatisMetrics.java:unregister(43)) - Unregistering Metrics Registry : ratis.leader_election.e4e99700-16e7-4e9e-86ca-c902d8203535@group-1759C869F8E5
2020-07-16 15:51:29,092 [Command processor thread] INFO  metrics.RatisMetrics (RatisMetrics.java:unregister(43)) - Unregistering Metrics Registry : ratis.server.e4e99700-16e7-4e9e-86ca-c902d8203535@group-1759C869F8E5
2020-07-16 15:51:29,092 [Command processor thread] INFO  impl.RaftServerImpl (RaftServerImpl.java:lambda$shutdown$3(290)) - e4e99700-16e7-4e9e-86ca-c902d8203535@group-1759C869F8E5: Succeed to remove RaftStorageDirectory Storage Directory /github/workspace/mnt/ozone/hadoop-ozone/integration-test/target/test-dir/MiniOzoneClusterImpl-45392ef6-f0d5-4168-b900-afad7710253d/datanode-0/data/ratis/81537660-65b0-49ca-bd55-1759c869f8e5
2020-07-16 15:51:29,095 [Command processor thread] INFO  interfaces.Container (KeyValueContainer.java:flushAndSyncDB(382)) - Container 1 is synced with bcsId 0.
2020-07-16 15:51:29,095 [Command processor thread] INFO  interfaces.Container (KeyValueContainer.java:flushAndSyncDB(382)) - Container 1 is synced with bcsId 0.
2020-07-16 15:51:29,098 [Command processor thread] INFO  commandhandler.ClosePipelineCommandHandler (ClosePipelineCommandHandler.java:handle(78)) - Close Pipeline #id: "81537660-65b0-49ca-bd55-1759c869f8e5"
uuid128 {
  mostSigBits: -9127821863354873398
  leastSigBits: -4803907753138849563
}
 command on datanode #e4e99700-16e7-4e9e-86ca-c902d8203535.
2020-07-16 15:51:29,099 [Command processor thread] WARN  impl.RaftServerProxy (RaftServerProxy.java:remove(95)) - e4e99700-16e7-4e9e-86ca-c902d8203535: does not contain group: group-1759C869F8E5
2020-07-16 15:51:29,099 [Command processor thread] ERROR commandhandler.ClosePipelineCommandHandler (ClosePipelineCommandHandler.java:handle(81)) - Can't close pipeline #id: "81537660-65b0-49ca-bd55-1759c869f8e5"
uuid128 {
  mostSigBits: -9127821863354873398
  leastSigBits: -4803907753138849563
}

java.io.IOException: e4e99700-16e7-4e9e-86ca-c902d8203535: Group group-1759C869F8E5 not found.
	at org.apache.hadoop.ozone.container.common.transport.server.ratis.XceiverServerRatis.removeGroup(XceiverServerRatis.java:740)
	at org.apache.hadoop.ozone.container.common.statemachine.commandhandler.ClosePipelineCommandHandler.handle(ClosePipelineCommandHandler.java:77)
	at org.apache.hadoop.ozone.container.common.statemachine.commandhandler.CommandDispatcher.handle(CommandDispatcher.java:99)
	at org.apache.hadoop.ozone.container.common.statemachine.DatanodeStateMachine.lambda$initCommandHandlerThread$1(DatanodeStateMachine.java:465)
	at java.lang.Thread.run(Thread.java:748)
Caused by: org.apache.ratis.protocol.GroupMismatchException: e4e99700-16e7-4e9e-86ca-c902d8203535: Group group-1759C869F8E5 not found.
	at org.apache.ratis.server.impl.RaftServerProxy.groupRemoveAsync(RaftServerProxy.java:414)
	at org.apache.ratis.server.impl.RaftServerProxy.groupManagementAsync(RaftServerProxy.java:372)
	at org.apache.ratis.server.impl.RaftServerProxy.groupManagement(RaftServerProxy.java:355)
	at org.apache.hadoop.ozone.container.common.transport.server.ratis.XceiverServerRatis.removeGroup(XceiverServerRatis.java:738)
	... 4 more
2020-07-16 15:51:30,061 [EventQueue-Delayed safe mode statusForReplicationManager] INFO  container.ReplicationManager (ReplicationManager.java:start(177)) - Starting Replication Monitor Thread.
2020-07-16 15:51:30,065 [ReplicationMonitor] INFO  container.ReplicationManager (ReplicationManager.java:forceCloseContainer(494)) - Force closing container #1 with BCSID 0, which is in QUASI_CLOSED state.
2020-07-16 15:51:30,066 [ReplicationMonitor] INFO  container.ReplicationManager (ReplicationManager.java:sendCloseCommand(783)) - Sending close container command for container #1 to datanode 1d5bf7e4-8d96-4310-9f32-ec9edaa2380c{ip: 172.17.0.2, host: 2ac0d1d00fcd, networkLocation: /default-rack, certSerialId: null}.
2020-07-16 15:51:30,067 [ReplicationMonitor] INFO  container.ReplicationManager (ReplicationManager.java:sendCloseCommand(783)) - Sending close container command for container #1 to datanode e4e99700-16e7-4e9e-86ca-c902d8203535{ip: 172.17.0.2, host: 2ac0d1d00fcd, networkLocation: /default-rack, certSerialId: null}.
2020-07-16 15:51:30,067 [ReplicationMonitor] INFO  container.ReplicationManager (ReplicationManager.java:sendCloseCommand(783)) - Sending close container command for container #1 to datanode 72350810-11e7-4c4d-b66f-b995d4606524{ip: 172.17.0.2, host: 2ac0d1d00fcd, networkLocation: /default-rack, certSerialId: null}.
2020-07-16 15:51:30,067 [ReplicationMonitor] INFO  container.ReplicationManager (ReplicationManager.java:run(241)) - Replication Monitor Thread took 5 milliseconds for processing 1 containers.
2020-07-16 15:51:31,098 [Command processor thread] INFO  interfaces.Container (KeyValueContainer.java:flushAndSyncDB(382)) - Container 1 is synced with bcsId 0.
2020-07-16 15:51:31,099 [Command processor thread] INFO  interfaces.Container (KeyValueContainer.java:flushAndSyncDB(382)) - Container 1 is synced with bcsId 0.
2020-07-16 15:51:31,100 [Command processor thread] INFO  interfaces.Container (KeyValueContainer.java:close(320)) - Container 1 is closed with bcsId 0.
2020-07-16 15:51:31,101 [EventQueue-IncrementalContainerReportForIncrementalContainerReportHandler] INFO  container.IncrementalContainerReportHandler (AbstractContainerReportHandler.java:updateContainerState(197)) - Moving container #1 to CLOSED state, datanode e4e99700-16e7-4e9e-86ca-c902d8203535{ip: 172.17.0.2, host: 2ac0d1d00fcd, networkLocation: /default-rack, certSerialId: null} reported CLOSED replica.
2020-07-16 15:51:32,043 [Command processor thread] INFO  interfaces.Container (KeyValueContainer.java:flushAndSyncDB(382)) - Container 1 is synced with bcsId 0.
2020-07-16 15:51:32,043 [Command processor thread] INFO  interfaces.Container (KeyValueContainer.java:flushAndSyncDB(382)) - Container 1 is synced with bcsId 0.
2020-07-16 15:51:32,045 [Command processor thread] INFO  interfaces.Container (KeyValueContainer.java:close(320)) - Container 1 is closed with bcsId 0.
2020-07-16 15:51:32,870 [Thread-1306] INFO  impl.FollowerState (FollowerState.java:run(108)) - a4211f84-eb03-46d7-a47e-1243f17c8bc7@group-C17B40A851DA-FollowerState: change to CANDIDATE, lastRpcTime:5045ms, electionTimeout:5045ms
2020-07-16 15:51:32,870 [Thread-1306] INFO  impl.RoleInfo (RoleInfo.java:shutdownFollowerState(121)) - a4211f84-eb03-46d7-a47e-1243f17c8bc7: shutdown FollowerState
2020-07-16 15:51:32,870 [Thread-1306] INFO  impl.RaftServerImpl (RaftServerImpl.java:setRole(175)) - a4211f84-eb03-46d7-a47e-1243f17c8bc7@group-C17B40A851DA: changes role from  FOLLOWER to CANDIDATE at term 2 for changeToCandidate
2020-07-16 15:51:32,870 [Thread-1306] INFO  impl.RoleInfo (RoleInfo.java:updateAndGet(143)) - a4211f84-eb03-46d7-a47e-1243f17c8bc7: start LeaderElection
2020-07-16 15:51:32,872 [a4211f84-eb03-46d7-a47e-1243f17c8bc7@group-C17B40A851DA-LeaderElection44] INFO  impl.LeaderElection (LeaderElection.java:askForVotes(206)) - a4211f84-eb03-46d7-a47e-1243f17c8bc7@group-C17B40A851DA-LeaderElection44: begin an election at term 3 for -1: [a6d40ba8-5007-4ff3-951d-f8e344c09f1a:172.17.0.2:46485, 8c659ee4-8941-403a-a7d5-7771662eec54:172.17.0.2:36425, a4211f84-eb03-46d7-a47e-1243f17c8bc7:172.17.0.2:33755], old=null
2020-07-16 15:51:32,881 [grpc-default-executor-6] INFO  impl.RaftServerImpl (RaftServerImpl.java:setRole(175)) - 8c659ee4-8941-403a-a7d5-7771662eec54@group-C17B40A851DA: changes role from  FOLLOWER to FOLLOWER at term 3 for recognizeCandidate:a4211f84-eb03-46d7-a47e-1243f17c8bc7
2020-07-16 15:51:32,881 [grpc-default-executor-6] INFO  impl.RoleInfo (RoleInfo.java:shutdownFollowerState(121)) - 8c659ee4-8941-403a-a7d5-7771662eec54: shutdown FollowerState
2020-07-16 15:51:32,882 [grpc-default-executor-6] INFO  impl.RoleInfo (RoleInfo.java:updateAndGet(143)) - 8c659ee4-8941-403a-a7d5-7771662eec54: start FollowerState
2020-07-16 15:51:32,882 [Thread-1315] INFO  impl.FollowerState (FollowerState.java:run(117)) - 8c659ee4-8941-403a-a7d5-7771662eec54@group-C17B40A851DA-FollowerState was interrupted: java.lang.InterruptedException: sleep interrupted
2020-07-16 15:51:32,881 [grpc-default-executor-8] INFO  impl.RaftServerImpl (RaftServerImpl.java:setRole(175)) - a6d40ba8-5007-4ff3-951d-f8e344c09f1a@group-C17B40A851DA: changes role from  FOLLOWER to FOLLOWER at term 3 for recognizeCandidate:a4211f84-eb03-46d7-a47e-1243f17c8bc7
2020-07-16 15:51:32,882 [grpc-default-executor-8] INFO  impl.RoleInfo (RoleInfo.java:shutdownFollowerState(121)) - a6d40ba8-5007-4ff3-951d-f8e344c09f1a: shutdown FollowerState
2020-07-16 15:51:32,882 [grpc-default-executor-8] INFO  impl.RoleInfo (RoleInfo.java:updateAndGet(143)) - a6d40ba8-5007-4ff3-951d-f8e344c09f1a: start FollowerState
2020-07-16 15:51:32,883 [Thread-1314] INFO  impl.FollowerState (FollowerState.java:run(117)) - a6d40ba8-5007-4ff3-951d-f8e344c09f1a@group-C17B40A851DA-FollowerState was interrupted: java.lang.InterruptedException: sleep interrupted
2020-07-16 15:51:32,885 [a4211f84-eb03-46d7-a47e-1243f17c8bc7@group-C17B40A851DA-LeaderElection44] INFO  impl.LeaderElection (LeaderElection.java:logAndReturn(61)) - a4211f84-eb03-46d7-a47e-1243f17c8bc7@group-C17B40A851DA-LeaderElection44: Election PASSED; received 1 response(s) [a4211f84-eb03-46d7-a47e-1243f17c8bc7<-8c659ee4-8941-403a-a7d5-7771662eec54#0:OK-t3] and 0 exception(s); a4211f84-eb03-46d7-a47e-1243f17c8bc7@group-C17B40A851DA:t3, leader=null, voted=a4211f84-eb03-46d7-a47e-1243f17c8bc7, raftlog=a4211f84-eb03-46d7-a47e-1243f17c8bc7@group-C17B40A851DA-SegmentedRaftLog:OPENED:c-1,f-1,i0, conf=-1: [a6d40ba8-5007-4ff3-951d-f8e344c09f1a:172.17.0.2:46485, 8c659ee4-8941-403a-a7d5-7771662eec54:172.17.0.2:36425, a4211f84-eb03-46d7-a47e-1243f17c8bc7:172.17.0.2:33755], old=null
2020-07-16 15:51:32,885 [a4211f84-eb03-46d7-a47e-1243f17c8bc7@group-C17B40A851DA-LeaderElection44] INFO  impl.RoleInfo (RoleInfo.java:shutdownLeaderElection(134)) - a4211f84-eb03-46d7-a47e-1243f17c8bc7: shutdown LeaderElection
2020-07-16 15:51:32,885 [a4211f84-eb03-46d7-a47e-1243f17c8bc7@group-C17B40A851DA-LeaderElection44] INFO  impl.RaftServerImpl (RaftServerImpl.java:setRole(175)) - a4211f84-eb03-46d7-a47e-1243f17c8bc7@group-C17B40A851DA: changes role from CANDIDATE to LEADER at term 3 for changeToLeader
2020-07-16 15:51:32,885 [a4211f84-eb03-46d7-a47e-1243f17c8bc7@group-C17B40A851DA-LeaderElection44] INFO  ratis.XceiverServerRatis (XceiverServerRatis.java:handleLeaderChangedNotification(820)) - Leader change notification received for group: group-C17B40A851DA with new leaderId: a4211f84-eb03-46d7-a47e-1243f17c8bc7
2020-07-16 15:51:32,885 [a4211f84-eb03-46d7-a47e-1243f17c8bc7@group-C17B40A851DA-LeaderElection44] INFO  impl.RaftServerImpl (ServerState.java:setLeader(255)) - a4211f84-eb03-46d7-a47e-1243f17c8bc7@group-C17B40A851DA: change Leader from null to a4211f84-eb03-46d7-a47e-1243f17c8bc7 at term 3 for becomeLeader, leader elected after 10224ms
2020-07-16 15:51:32,885 [a4211f84-eb03-46d7-a47e-1243f17c8bc7@group-C17B40A851DA-LeaderElection44] INFO  server.RaftServerConfigKeys (ConfUtils.java:logGet(44)) - raft.server.staging.catchup.gap = 1000 (default)
2020-07-16 15:51:32,885 [a4211f84-eb03-46d7-a47e-1243f17c8bc7@group-C17B40A851DA-LeaderElection44] INFO  server.RaftServerConfigKeys (ConfUtils.java:logGet(44)) - raft.server.rpc.sleep.time = 25ms (default)
2020-07-16 15:51:32,886 [a4211f84-eb03-46d7-a47e-1243f17c8bc7@group-C17B40A851DA-LeaderElection44] INFO  metrics.RatisMetrics (RatisMetrics.java:lambda$create$0(36)) - Creating Metrics Registry : ratis.log_appender.a4211f84-eb03-46d7-a47e-1243f17c8bc7@group-C17B40A851DA
2020-07-16 15:51:32,886 [a4211f84-eb03-46d7-a47e-1243f17c8bc7@group-C17B40A851DA-LeaderElection44] INFO  server.RaftServerConfigKeys (ConfUtils.java:logGet(44)) - raft.server.write.element-limit = 1024 (custom)
2020-07-16 15:51:32,886 [a4211f84-eb03-46d7-a47e-1243f17c8bc7@group-C17B40A851DA-LeaderElection44] INFO  server.RaftServerConfigKeys (ConfUtils.java:logGet(44)) - raft.server.write.byte-limit = 1073741824 (custom)
2020-07-16 15:51:32,887 [a4211f84-eb03-46d7-a47e-1243f17c8bc7@group-C17B40A851DA-LeaderElection44] INFO  server.RaftServerConfigKeys (ConfUtils.java:logGet(44)) - raft.server.watch.timeout = 3000ms (custom)
2020-07-16 15:51:32,887 [a4211f84-eb03-46d7-a47e-1243f17c8bc7@group-C17B40A851DA-LeaderElection44] INFO  server.RaftServerConfigKeys (ConfUtils.java:logGet(44)) - raft.server.watch.timeout.denomination = 1s (default)
2020-07-16 15:51:32,887 [a4211f84-eb03-46d7-a47e-1243f17c8bc7@group-C17B40A851DA-LeaderElection44] INFO  server.RaftServerConfigKeys (ConfUtils.java:logGet(44)) - raft.server.watch.element-limit = 65536 (default)
2020-07-16 15:51:32,887 [a4211f84-eb03-46d7-a47e-1243f17c8bc7@group-C17B40A851DA-LeaderElection44] INFO  server.RaftServerConfigKeys (ConfUtils.java:logGet(44)) - raft.server.log.appender.snapshot.chunk.size.max = 16MB (=16777216) (default)
2020-07-16 15:51:32,887 [a4211f84-eb03-46d7-a47e-1243f17c8bc7@group-C17B40A851DA-LeaderElection44] INFO  server.RaftServerConfigKeys (ConfUtils.java:logGet(44)) - raft.server.log.appender.buffer.byte-limit = 33554432 (custom)
2020-07-16 15:51:32,887 [a4211f84-eb03-46d7-a47e-1243f17c8bc7@group-C17B40A851DA-LeaderElection44] INFO  server.RaftServerConfigKeys (ConfUtils.java:logGet(44)) - raft.server.log.appender.buffer.element-limit = 1 (custom)
2020-07-16 15:51:32,887 [EventQueue-PipelineReportForPipelineReportHandler] INFO  pipeline.PipelineStateManager (PipelineStateManager.java:openPipeline(131)) - Pipeline Pipeline[ Id: d5f718ce-ddf2-46ca-bb74-c17b40a851da, Nodes: 8c659ee4-8941-403a-a7d5-7771662eec54{ip: 172.17.0.2, host: 2ac0d1d00fcd, networkLocation: /default-rack, certSerialId: null}a4211f84-eb03-46d7-a47e-1243f17c8bc7{ip: 172.17.0.2, host: 2ac0d1d00fcd, networkLocation: /default-rack, certSerialId: null}a6d40ba8-5007-4ff3-951d-f8e344c09f1a{ip: 172.17.0.2, host: 2ac0d1d00fcd, networkLocation: /default-rack, certSerialId: null}, Type:RATIS, Factor:THREE, State:ALLOCATED, leaderId:a4211f84-eb03-46d7-a47e-1243f17c8bc7, CreationTimestamp2020-07-16T15:51:19.805Z] moved to OPEN state
2020-07-16 15:51:32,888 [a4211f84-eb03-46d7-a47e-1243f17c8bc7@group-C17B40A851DA-LeaderElection44] INFO  grpc.GrpcConfigKeys (ConfUtils.java:logGet(44)) - raft.grpc.server.leader.outstanding.appends.max = 128 (default)
2020-07-16 15:51:32,889 [a4211f84-eb03-46d7-a47e-1243f17c8bc7@group-C17B40A851DA-LeaderElection44] INFO  server.RaftServerConfigKeys (ConfUtils.java:logGet(44)) - raft.server.rpc.request.timeout = 3000ms (default)
2020-07-16 15:51:32,889 [a4211f84-eb03-46d7-a47e-1243f17c8bc7@group-C17B40A851DA-LeaderElection44] INFO  server.RaftServerConfigKeys (ConfUtils.java:logGet(44)) - raft.server.log.appender.install.snapshot.enabled = false (custom)
2020-07-16 15:51:32,889 [a4211f84-eb03-46d7-a47e-1243f17c8bc7@group-C17B40A851DA-LeaderElection44] INFO  metrics.RatisMetrics (RatisMetrics.java:lambda$create$0(36)) - Creating Metrics Registry : ratis_grpc.log_appender.a4211f84-eb03-46d7-a47e-1243f17c8bc7@group-C17B40A851DA
2020-07-16 15:51:32,891 [a4211f84-eb03-46d7-a47e-1243f17c8bc7@group-C17B40A851DA-LeaderElection44] INFO  server.RaftServerConfigKeys (ConfUtils.java:logGet(44)) - raft.server.log.appender.snapshot.chunk.size.max = 16MB (=16777216) (default)
2020-07-16 15:51:32,891 [a4211f84-eb03-46d7-a47e-1243f17c8bc7@group-C17B40A851DA-LeaderElection44] INFO  server.RaftServerConfigKeys (ConfUtils.java:logGet(44)) - raft.server.log.appender.buffer.byte-limit = 33554432 (custom)
2020-07-16 15:51:32,891 [a4211f84-eb03-46d7-a47e-1243f17c8bc7@group-C17B40A851DA-LeaderElection44] INFO  server.RaftServerConfigKeys (ConfUtils.java:logGet(44)) - raft.server.log.appender.buffer.element-limit = 1 (custom)
2020-07-16 15:51:32,891 [a4211f84-eb03-46d7-a47e-1243f17c8bc7@group-C17B40A851DA-LeaderElection44] INFO  grpc.GrpcConfigKeys (ConfUtils.java:logGet(44)) - raft.grpc.server.leader.outstanding.appends.max = 128 (default)
2020-07-16 15:51:32,892 [a4211f84-eb03-46d7-a47e-1243f17c8bc7@group-C17B40A851DA-LeaderElection44] INFO  server.RaftServerConfigKeys (ConfUtils.java:logGet(44)) - raft.server.rpc.request.timeout = 3000ms (default)
2020-07-16 15:51:32,892 [a4211f84-eb03-46d7-a47e-1243f17c8bc7@group-C17B40A851DA-LeaderElection44] INFO  server.RaftServerConfigKeys (ConfUtils.java:logGet(44)) - raft.server.log.appender.install.snapshot.enabled = false (custom)
2020-07-16 15:51:32,893 [a4211f84-eb03-46d7-a47e-1243f17c8bc7@group-C17B40A851DA-LeaderElection44] INFO  impl.RoleInfo (RoleInfo.java:updateAndGet(143)) - a4211f84-eb03-46d7-a47e-1243f17c8bc7: start LeaderState
2020-07-16 15:51:32,893 [a4211f84-eb03-46d7-a47e-1243f17c8bc7@group-C17B40A851DA-LeaderElection44] INFO  segmented.SegmentedRaftLogWorker (SegmentedRaftLogWorker.java:startLogSegment(397)) - a4211f84-eb03-46d7-a47e-1243f17c8bc7@group-C17B40A851DA-SegmentedRaftLogWorker: Starting segment from index:0
2020-07-16 15:51:32,895 [a4211f84-eb03-46d7-a47e-1243f17c8bc7@group-C17B40A851DA-LeaderElection44] INFO  impl.RaftServerImpl (ServerState.java:setRaftConf(356)) - a4211f84-eb03-46d7-a47e-1243f17c8bc7@group-C17B40A851DA: set configuration 0: [a6d40ba8-5007-4ff3-951d-f8e344c09f1a:172.17.0.2:46485, 8c659ee4-8941-403a-a7d5-7771662eec54:172.17.0.2:36425, a4211f84-eb03-46d7-a47e-1243f17c8bc7:172.17.0.2:33755], old=null at 0
2020-07-16 15:51:32,895 [a4211f84-eb03-46d7-a47e-1243f17c8bc7@group-C17B40A851DA-SegmentedRaftLogWorker] INFO  segmented.SegmentedRaftLogWorker (SegmentedRaftLogWorker.java:execute(596)) - a4211f84-eb03-46d7-a47e-1243f17c8bc7@group-C17B40A851DA-SegmentedRaftLogWorker: created new log segment /github/workspace/mnt/ozone/hadoop-ozone/integration-test/target/test-dir/MiniOzoneClusterImpl-45392ef6-f0d5-4168-b900-afad7710253d/datanode-8/data/ratis/d5f718ce-ddf2-46ca-bb74-c17b40a851da/current/log_inprogress_0
2020-07-16 15:51:32,905 [grpc-default-executor-6] INFO  ratis.XceiverServerRatis (XceiverServerRatis.java:handleLeaderChangedNotification(820)) - Leader change notification received for group: group-C17B40A851DA with new leaderId: a4211f84-eb03-46d7-a47e-1243f17c8bc7
2020-07-16 15:51:32,905 [grpc-default-executor-6] INFO  impl.RaftServerImpl (ServerState.java:setLeader(255)) - a6d40ba8-5007-4ff3-951d-f8e344c09f1a@group-C17B40A851DA: change Leader from null to a4211f84-eb03-46d7-a47e-1243f17c8bc7 at term 3 for appendEntries, leader elected after 10300ms
2020-07-16 15:51:32,919 [grpc-default-executor-6] INFO  impl.RaftServerImpl (ServerState.java:setRaftConf(356)) - a6d40ba8-5007-4ff3-951d-f8e344c09f1a@group-C17B40A851DA: set configuration 0: [a6d40ba8-5007-4ff3-951d-f8e344c09f1a:172.17.0.2:46485, 8c659ee4-8941-403a-a7d5-7771662eec54:172.17.0.2:36425, a4211f84-eb03-46d7-a47e-1243f17c8bc7:172.17.0.2:33755], old=null at 0
2020-07-16 15:51:32,921 [grpc-default-executor-8] INFO  ratis.XceiverServerRatis (XceiverServerRatis.java:handleLeaderChangedNotification(820)) - Leader change notification received for group: group-C17B40A851DA with new leaderId: a4211f84-eb03-46d7-a47e-1243f17c8bc7
2020-07-16 15:51:32,921 [grpc-default-executor-6] INFO  segmented.SegmentedRaftLogWorker (SegmentedRaftLogWorker.java:startLogSegment(397)) - a6d40ba8-5007-4ff3-951d-f8e344c09f1a@group-C17B40A851DA-SegmentedRaftLogWorker: Starting segment from index:0
2020-07-16 15:51:32,921 [grpc-default-executor-8] INFO  impl.RaftServerImpl (ServerState.java:setLeader(255)) - 8c659ee4-8941-403a-a7d5-7771662eec54@group-C17B40A851DA: change Leader from null to a4211f84-eb03-46d7-a47e-1243f17c8bc7 at term 3 for appendEntries, leader elected after 10290ms
2020-07-16 15:51:32,922 [a6d40ba8-5007-4ff3-951d-f8e344c09f1a@group-C17B40A851DA-SegmentedRaftLogWorker] INFO  segmented.SegmentedRaftLogWorker (SegmentedRaftLogWorker.java:execute(596)) - a6d40ba8-5007-4ff3-951d-f8e344c09f1a@group-C17B40A851DA-SegmentedRaftLogWorker: created new log segment /github/workspace/mnt/ozone/hadoop-ozone/integration-test/target/test-dir/MiniOzoneClusterImpl-45392ef6-f0d5-4168-b900-afad7710253d/datanode-6/data/ratis/d5f718ce-ddf2-46ca-bb74-c17b40a851da/current/log_inprogress_0
2020-07-16 15:51:32,924 [grpc-default-executor-8] INFO  impl.RaftServerImpl (ServerState.java:setRaftConf(356)) - 8c659ee4-8941-403a-a7d5-7771662eec54@group-C17B40A851DA: set configuration 0: [a6d40ba8-5007-4ff3-951d-f8e344c09f1a:172.17.0.2:46485, 8c659ee4-8941-403a-a7d5-7771662eec54:172.17.0.2:36425, a4211f84-eb03-46d7-a47e-1243f17c8bc7:172.17.0.2:33755], old=null at 0
2020-07-16 15:51:32,925 [grpc-default-executor-8] INFO  segmented.SegmentedRaftLogWorker (SegmentedRaftLogWorker.java:startLogSegment(397)) - 8c659ee4-8941-403a-a7d5-7771662eec54@group-C17B40A851DA-SegmentedRaftLogWorker: Starting segment from index:0
2020-07-16 15:51:32,927 [8c659ee4-8941-403a-a7d5-7771662eec54@group-C17B40A851DA-SegmentedRaftLogWorker] INFO  segmented.SegmentedRaftLogWorker (SegmentedRaftLogWorker.java:execute(596)) - 8c659ee4-8941-403a-a7d5-7771662eec54@group-C17B40A851DA-SegmentedRaftLogWorker: created new log segment /github/workspace/mnt/ozone/hadoop-ozone/integration-test/target/test-dir/MiniOzoneClusterImpl-45392ef6-f0d5-4168-b900-afad7710253d/datanode-7/data/ratis/d5f718ce-ddf2-46ca-bb74-c17b40a851da/current/log_inprogress_0
2020-07-16 15:51:33,035 [ForkJoinPool.commonPool-worker-0] INFO  ozoneimpl.OzoneContainer (OzoneContainer.java:stop(247)) - Attempting to stop container services.
2020-07-16 15:51:33,035 [Listener at 127.0.0.1/35779] INFO  ozoneimpl.OzoneContainer (OzoneContainer.java:stop(247)) - Attempting to stop container services.
2020-07-16 15:51:33,035 [Listener at 127.0.0.1/35779] INFO  impl.RaftServerProxy (RaftServerProxy.java:lambda$close$4(319)) - 54156d21-c882-42a4-932f-3be78151626f: close
2020-07-16 15:51:33,035 [ForkJoinPool.commonPool-worker-0] INFO  impl.RaftServerProxy (RaftServerProxy.java:lambda$close$4(319)) - 72350810-11e7-4c4d-b66f-b995d4606524: close
2020-07-16 15:51:33,036 [ForkJoinPool.commonPool-worker-0] INFO  impl.RaftServerImpl (RaftServerImpl.java:lambda$shutdown$3(252)) - 72350810-11e7-4c4d-b66f-b995d4606524@group-68DF26598CF2: shutdown
2020-07-16 15:51:33,036 [ForkJoinPool.commonPool-worker-0] INFO  util.JmxRegister (JmxRegister.java:unregister(73)) - Successfully un-registered JMX Bean with object name Ratis:service=RaftServer,group=group-68DF26598CF2,id=72350810-11e7-4c4d-b66f-b995d4606524
2020-07-16 15:51:33,036 [ForkJoinPool.commonPool-worker-0] INFO  impl.RoleInfo (RoleInfo.java:shutdownLeaderState(104)) - 72350810-11e7-4c4d-b66f-b995d4606524: shutdown LeaderState
2020-07-16 15:51:33,035 [Listener at 127.0.0.1/35779] INFO  impl.RaftServerImpl (RaftServerImpl.java:lambda$shutdown$3(252)) - 54156d21-c882-42a4-932f-3be78151626f@group-6D62B9611539: shutdown
2020-07-16 15:51:33,036 [Listener at 127.0.0.1/35779] INFO  util.JmxRegister (JmxRegister.java:unregister(73)) - Successfully un-registered JMX Bean with object name Ratis:service=RaftServer,group=group-6D62B9611539,id=54156d21-c882-42a4-932f-3be78151626f
2020-07-16 15:51:33,036 [Listener at 127.0.0.1/35779] INFO  impl.RoleInfo (RoleInfo.java:shutdownLeaderState(104)) - 54156d21-c882-42a4-932f-3be78151626f: shutdown LeaderState
2020-07-16 15:51:33,037 [Listener at 127.0.0.1/35779] INFO  impl.PendingRequests (PendingRequests.java:sendNotLeaderResponses(249)) - 54156d21-c882-42a4-932f-3be78151626f@group-6D62B9611539-PendingRequests: sendNotLeaderResponses
2020-07-16 15:51:33,036 [ForkJoinPool.commonPool-worker-0] INFO  impl.PendingRequests (PendingRequests.java:sendNotLeaderResponses(249)) - 72350810-11e7-4c4d-b66f-b995d4606524@group-68DF26598CF2-PendingRequests: sendNotLeaderResponses
2020-07-16 15:51:33,037 [Listener at 127.0.0.1/35779] INFO  metrics.RatisMetrics (RatisMetrics.java:unregister(43)) - Unregistering Metrics Registry : ratis.log_appender.54156d21-c882-42a4-932f-3be78151626f@group-6D62B9611539
2020-07-16 15:51:33,037 [ForkJoinPool.commonPool-worker-0] INFO  metrics.RatisMetrics (RatisMetrics.java:unregister(43)) - Unregistering Metrics Registry : ratis.log_appender.72350810-11e7-4c4d-b66f-b995d4606524@group-68DF26598CF2
2020-07-16 15:51:33,037 [Listener at 127.0.0.1/35779] INFO  metrics.RatisMetrics (RatisMetrics.java:unregister(43)) - Unregistering Metrics Registry : ratis.server.54156d21-c882-42a4-932f-3be78151626f@group-6D62B9611539
2020-07-16 15:51:33,039 [54156d21-c882-42a4-932f-3be78151626f@group-6D62B9611539-StateMachineUpdater] INFO  ratis.ContainerStateMachine (ContainerStateMachine.java:takeSnapshot(293)) - group-6D62B9611539: Taking a snapshot at:(t:1, i:0) file /github/workspace/mnt/ozone/hadoop-ozone/integration-test/target/test-dir/MiniOzoneClusterImpl-45392ef6-f0d5-4168-b900-afad7710253d/datanode-4/data/ratis/66146f17-b184-45aa-82e0-6d62b9611539/sm/snapshot.1_0
2020-07-16 15:51:33,040 [Listener at 127.0.0.1/35779] INFO  impl.StateMachineUpdater (StateMachineUpdater.java:stopAndJoin(142)) - 54156d21-c882-42a4-932f-3be78151626f@group-6D62B9611539-StateMachineUpdater: set stopIndex = 0
2020-07-16 15:51:33,040 [54156d21-c882-42a4-932f-3be78151626f@group-6D62B9611539-StateMachineUpdater] INFO  ratis.ContainerStateMachine (ContainerStateMachine.java:takeSnapshot(304)) - group-6D62B9611539: Finished taking a snapshot at:(t:1, i:0) file:/github/workspace/mnt/ozone/hadoop-ozone/integration-test/target/test-dir/MiniOzoneClusterImpl-45392ef6-f0d5-4168-b900-afad7710253d/datanode-4/data/ratis/66146f17-b184-45aa-82e0-6d62b9611539/sm/snapshot.1_0 time:1
2020-07-16 15:51:33,041 [54156d21-c882-42a4-932f-3be78151626f@group-6D62B9611539-StateMachineUpdater] INFO  impl.StateMachineUpdater (StateMachineUpdater.java:takeSnapshot(277)) - 54156d21-c882-42a4-932f-3be78151626f@group-6D62B9611539-StateMachineUpdater: Took a snapshot at index 0
2020-07-16 15:51:33,041 [54156d21-c882-42a4-932f-3be78151626f@group-6D62B9611539-StateMachineUpdater] INFO  impl.StateMachineUpdater (StateMachineUpdater.java:lambda$new$0(87)) - 54156d21-c882-42a4-932f-3be78151626f@group-6D62B9611539-StateMachineUpdater: snapshotIndex: updateIncreasingly -1 -> 0
2020-07-16 15:51:33,041 [54156d21-c882-42a4-932f-3be78151626f@group-6D62B9611539-StateMachineUpdater] INFO  metrics.RatisMetrics (RatisMetrics.java:unregister(43)) - Unregistering Metrics Registry : ratis.state_machine.54156d21-c882-42a4-932f-3be78151626f@group-6D62B9611539
2020-07-16 15:51:33,041 [Listener at 127.0.0.1/35779] INFO  impl.RaftServerImpl (ServerState.java:close(387)) - 54156d21-c882-42a4-932f-3be78151626f@group-6D62B9611539: closes. applyIndex: 0
2020-07-16 15:51:33,041 [54156d21-c882-42a4-932f-3be78151626f@group-6D62B9611539-SegmentedRaftLogWorker] INFO  segmented.SegmentedRaftLogWorker (SegmentedRaftLogWorker.java:run(327)) - 54156d21-c882-42a4-932f-3be78151626f@group-6D62B9611539-SegmentedRaftLogWorker was interrupted, exiting. There are 0 tasks remaining in the queue.
2020-07-16 15:51:33,037 [ForkJoinPool.commonPool-worker-0] INFO  metrics.RatisMetrics (RatisMetrics.java:unregister(43)) - Unregistering Metrics Registry : ratis.server.72350810-11e7-4c4d-b66f-b995d4606524@group-68DF26598CF2
2020-07-16 15:51:33,043 [Listener at 127.0.0.1/35779] INFO  segmented.SegmentedRaftLogWorker (SegmentedRaftLogWorker.java:close(234)) - 54156d21-c882-42a4-932f-3be78151626f@group-6D62B9611539-SegmentedRaftLogWorker close()
2020-07-16 15:51:33,043 [ForkJoinPool.commonPool-worker-0] INFO  impl.StateMachineUpdater (StateMachineUpdater.java:stopAndJoin(142)) - 72350810-11e7-4c4d-b66f-b995d4606524@group-68DF26598CF2-StateMachineUpdater: set stopIndex = 0
2020-07-16 15:51:33,045 [72350810-11e7-4c4d-b66f-b995d4606524@group-68DF26598CF2-StateMachineUpdater] INFO  ratis.ContainerStateMachine (ContainerStateMachine.java:takeSnapshot(293)) - group-68DF26598CF2: Taking a snapshot at:(t:1, i:0) file /github/workspace/mnt/ozone/hadoop-ozone/integration-test/target/test-dir/MiniOzoneClusterImpl-45392ef6-f0d5-4168-b900-afad7710253d/datanode-2/data/ratis/e2a19c29-41d3-4db9-bbe2-68df26598cf2/sm/snapshot.1_0
2020-07-16 15:51:33,045 [Listener at 127.0.0.1/35779] INFO  metrics.RatisMetrics (RatisMetrics.java:unregister(43)) - Unregistering Metrics Registry : ratis.log_worker.54156d21-c882-42a4-932f-3be78151626f@group-6D62B9611539
2020-07-16 15:51:33,046 [72350810-11e7-4c4d-b66f-b995d4606524@group-68DF26598CF2-StateMachineUpdater] INFO  ratis.ContainerStateMachine (ContainerStateMachine.java:takeSnapshot(304)) - group-68DF26598CF2: Finished taking a snapshot at:(t:1, i:0) file:/github/workspace/mnt/ozone/hadoop-ozone/integration-test/target/test-dir/MiniOzoneClusterImpl-45392ef6-f0d5-4168-b900-afad7710253d/datanode-2/data/ratis/e2a19c29-41d3-4db9-bbe2-68df26598cf2/sm/snapshot.1_0 time:1
2020-07-16 15:51:33,046 [72350810-11e7-4c4d-b66f-b995d4606524@group-68DF26598CF2-StateMachineUpdater] INFO  impl.StateMachineUpdater (StateMachineUpdater.java:takeSnapshot(277)) - 72350810-11e7-4c4d-b66f-b995d4606524@group-68DF26598CF2-StateMachineUpdater: Took a snapshot at index 0
2020-07-16 15:51:33,046 [72350810-11e7-4c4d-b66f-b995d4606524@group-68DF26598CF2-StateMachineUpdater] INFO  impl.StateMachineUpdater (StateMachineUpdater.java:lambda$new$0(87)) - 72350810-11e7-4c4d-b66f-b995d4606524@group-68DF26598CF2-StateMachineUpdater: snapshotIndex: updateIncreasingly -1 -> 0
2020-07-16 15:51:33,046 [72350810-11e7-4c4d-b66f-b995d4606524@group-68DF26598CF2-StateMachineUpdater] INFO  metrics.RatisMetrics (RatisMetrics.java:unregister(43)) - Unregistering Metrics Registry : ratis.state_machine.72350810-11e7-4c4d-b66f-b995d4606524@group-68DF26598CF2
2020-07-16 15:51:33,046 [ForkJoinPool.commonPool-worker-0] INFO  impl.RaftServerImpl (ServerState.java:close(387)) - 72350810-11e7-4c4d-b66f-b995d4606524@group-68DF26598CF2: closes. applyIndex: 0
2020-07-16 15:51:33,047 [72350810-11e7-4c4d-b66f-b995d4606524@group-68DF26598CF2-SegmentedRaftLogWorker] INFO  segmented.SegmentedRaftLogWorker (SegmentedRaftLogWorker.java:run(327)) - 72350810-11e7-4c4d-b66f-b995d4606524@group-68DF26598CF2-SegmentedRaftLogWorker was interrupted, exiting. There are 0 tasks remaining in the queue.
2020-07-16 15:51:33,047 [Listener at 127.0.0.1/35779] INFO  metrics.RatisMetrics (RatisMetrics.java:unregister(43)) - Unregistering Metrics Registry : ratis.leader_election.54156d21-c882-42a4-932f-3be78151626f@group-6D62B9611539
2020-07-16 15:51:33,048 [Listener at 127.0.0.1/35779] INFO  metrics.RatisMetrics (RatisMetrics.java:unregister(43)) - Unregistering Metrics Registry : ratis.server.54156d21-c882-42a4-932f-3be78151626f@group-6D62B9611539
2020-07-16 15:51:33,048 [Listener at 127.0.0.1/35779] INFO  impl.RaftServerImpl (RaftServerImpl.java:lambda$shutdown$3(252)) - 54156d21-c882-42a4-932f-3be78151626f@group-2A196422D3A1: shutdown
2020-07-16 15:51:33,047 [ForkJoinPool.commonPool-worker-0] INFO  segmented.SegmentedRaftLogWorker (SegmentedRaftLogWorker.java:close(234)) - 72350810-11e7-4c4d-b66f-b995d4606524@group-68DF26598CF2-SegmentedRaftLogWorker close()
2020-07-16 15:51:33,055 [ForkJoinPool.commonPool-worker-0] INFO  metrics.RatisMetrics (RatisMetrics.java:unregister(43)) - Unregistering Metrics Registry : ratis.log_worker.72350810-11e7-4c4d-b66f-b995d4606524@group-68DF26598CF2
2020-07-16 15:51:33,056 [ForkJoinPool.commonPool-worker-0] INFO  metrics.RatisMetrics (RatisMetrics.java:unregister(43)) - Unregistering Metrics Registry : ratis.leader_election.72350810-11e7-4c4d-b66f-b995d4606524@group-68DF26598CF2
2020-07-16 15:51:33,056 [ForkJoinPool.commonPool-worker-0] INFO  metrics.RatisMetrics (RatisMetrics.java:unregister(43)) - Unregistering Metrics Registry : ratis.server.72350810-11e7-4c4d-b66f-b995d4606524@group-68DF26598CF2
2020-07-16 15:51:33,056 [ForkJoinPool.commonPool-worker-0] INFO  impl.RaftServerImpl (RaftServerImpl.java:lambda$shutdown$3(252)) - 72350810-11e7-4c4d-b66f-b995d4606524@group-63549AD2A2A5: shutdown
2020-07-16 15:51:33,056 [ForkJoinPool.commonPool-worker-0] INFO  util.JmxRegister (JmxRegister.java:unregister(73)) - Successfully un-registered JMX Bean with object name Ratis:service=RaftServer,group=group-63549AD2A2A5,id=72350810-11e7-4c4d-b66f-b995d4606524
2020-07-16 15:51:33,056 [ForkJoinPool.commonPool-worker-0] INFO  impl.RoleInfo (RoleInfo.java:shutdownFollowerState(121)) - 72350810-11e7-4c4d-b66f-b995d4606524: shutdown FollowerState
2020-07-16 15:51:33,056 [ForkJoinPool.commonPool-worker-0] INFO  impl.StateMachineUpdater (StateMachineUpdater.java:stopAndJoin(142)) - 72350810-11e7-4c4d-b66f-b995d4606524@group-63549AD2A2A5-StateMachineUpdater: set stopIndex = -1
2020-07-16 15:51:33,056 [Listener at 127.0.0.1/35779] INFO  util.JmxRegister (JmxRegister.java:unregister(73)) - Successfully un-registered JMX Bean with object name Ratis:service=RaftServer,group=group-2A196422D3A1,id=54156d21-c882-42a4-932f-3be78151626f
2020-07-16 15:51:33,056 [72350810-11e7-4c4d-b66f-b995d4606524@group-63549AD2A2A5-StateMachineUpdater] INFO  metrics.RatisMetrics (RatisMetrics.java:unregister(43)) - Unregistering Metrics Registry : ratis.state_machine.72350810-11e7-4c4d-b66f-b995d4606524@group-63549AD2A2A5
2020-07-16 15:51:33,057 [ForkJoinPool.commonPool-worker-0] INFO  impl.RaftServerImpl (ServerState.java:close(387)) - 72350810-11e7-4c4d-b66f-b995d4606524@group-63549AD2A2A5: closes. applyIndex: -1
2020-07-16 15:51:33,056 [Thread-1332] INFO  impl.FollowerState (FollowerState.java:run(117)) - 72350810-11e7-4c4d-b66f-b995d4606524@group-63549AD2A2A5-FollowerState was interrupted: java.lang.InterruptedException: sleep interrupted
2020-07-16 15:51:33,057 [Listener at 127.0.0.1/35779] INFO  impl.RoleInfo (RoleInfo.java:shutdownFollowerState(121)) - 54156d21-c882-42a4-932f-3be78151626f: shutdown FollowerState
2020-07-16 15:51:33,057 [72350810-11e7-4c4d-b66f-b995d4606524@group-63549AD2A2A5-SegmentedRaftLogWorker] INFO  segmented.SegmentedRaftLogWorker (SegmentedRaftLogWorker.java:run(327)) - 72350810-11e7-4c4d-b66f-b995d4606524@group-63549AD2A2A5-SegmentedRaftLogWorker was interrupted, exiting. There are 0 tasks remaining in the queue.
2020-07-16 15:51:33,058 [ForkJoinPool.commonPool-worker-0] INFO  segmented.SegmentedRaftLogWorker (SegmentedRaftLogWorker.java:close(234)) - 72350810-11e7-4c4d-b66f-b995d4606524@group-63549AD2A2A5-SegmentedRaftLogWorker close()
2020-07-16 15:51:33,058 [Thread-1286] INFO  impl.FollowerState (FollowerState.java:run(117)) - 54156d21-c882-42a4-932f-3be78151626f@group-2A196422D3A1-FollowerState was interrupted: java.lang.InterruptedException: sleep interrupted
2020-07-16 15:51:33,058 [54156d21-c882-42a4-932f-3be78151626f@group-2A196422D3A1-StateMachineUpdater] INFO  ratis.ContainerStateMachine (ContainerStateMachine.java:takeSnapshot(293)) - group-2A196422D3A1: Taking a snapshot at:(t:1, i:0) file /github/workspace/mnt/ozone/hadoop-ozone/integration-test/target/test-dir/MiniOzoneClusterImpl-45392ef6-f0d5-4168-b900-afad7710253d/datanode-4/data/ratis/92c66d2b-0479-46c7-a436-2a196422d3a1/sm/snapshot.1_0
2020-07-16 15:51:33,059 [Listener at 127.0.0.1/35779] INFO  impl.StateMachineUpdater (StateMachineUpdater.java:stopAndJoin(142)) - 54156d21-c882-42a4-932f-3be78151626f@group-2A196422D3A1-StateMachineUpdater: set stopIndex = 0
2020-07-16 15:51:33,059 [ForkJoinPool.commonPool-worker-0] INFO  metrics.RatisMetrics (RatisMetrics.java:unregister(43)) - Unregistering Metrics Registry : ratis.log_worker.72350810-11e7-4c4d-b66f-b995d4606524@group-63549AD2A2A5
2020-07-16 15:51:33,060 [ForkJoinPool.commonPool-worker-0] INFO  metrics.RatisMetrics (RatisMetrics.java:unregister(43)) - Unregistering Metrics Registry : ratis.leader_election.72350810-11e7-4c4d-b66f-b995d4606524@group-63549AD2A2A5
2020-07-16 15:51:33,060 [ForkJoinPool.commonPool-worker-0] INFO  metrics.RatisMetrics (RatisMetrics.java:unregister(43)) - Unregistering Metrics Registry : ratis.server.72350810-11e7-4c4d-b66f-b995d4606524@group-63549AD2A2A5
2020-07-16 15:51:33,060 [ForkJoinPool.commonPool-worker-0] INFO  server.GrpcService (GrpcService.java:closeImpl(166)) - 72350810-11e7-4c4d-b66f-b995d4606524: shutdown server with port 38865 now
2020-07-16 15:51:33,061 [54156d21-c882-42a4-932f-3be78151626f@group-2A196422D3A1-StateMachineUpdater] INFO  ratis.ContainerStateMachine (ContainerStateMachine.java:takeSnapshot(304)) - group-2A196422D3A1: Finished taking a snapshot at:(t:1, i:0) file:/github/workspace/mnt/ozone/hadoop-ozone/integration-test/target/test-dir/MiniOzoneClusterImpl-45392ef6-f0d5-4168-b900-afad7710253d/datanode-4/data/ratis/92c66d2b-0479-46c7-a436-2a196422d3a1/sm/snapshot.1_0 time:2
2020-07-16 15:51:33,065 [ForkJoinPool.commonPool-worker-0] INFO  server.GrpcService (GrpcService.java:closeImpl(174)) - 72350810-11e7-4c4d-b66f-b995d4606524: shutdown server with port 38865 successfully
2020-07-16 15:51:33,066 [54156d21-c882-42a4-932f-3be78151626f@group-2A196422D3A1-StateMachineUpdater] INFO  impl.StateMachineUpdater (StateMachineUpdater.java:takeSnapshot(277)) - 54156d21-c882-42a4-932f-3be78151626f@group-2A196422D3A1-StateMachineUpdater: Took a snapshot at index 0
2020-07-16 15:51:33,066 [54156d21-c882-42a4-932f-3be78151626f@group-2A196422D3A1-StateMachineUpdater] INFO  impl.StateMachineUpdater (StateMachineUpdater.java:lambda$new$0(87)) - 54156d21-c882-42a4-932f-3be78151626f@group-2A196422D3A1-StateMachineUpdater: snapshotIndex: updateIncreasingly -1 -> 0
2020-07-16 15:51:33,066 [54156d21-c882-42a4-932f-3be78151626f@group-2A196422D3A1-StateMachineUpdater] INFO  metrics.RatisMetrics (RatisMetrics.java:unregister(43)) - Unregistering Metrics Registry : ratis.state_machine.54156d21-c882-42a4-932f-3be78151626f@group-2A196422D3A1
2020-07-16 15:51:33,066 [Listener at 127.0.0.1/35779] INFO  impl.RaftServerImpl (ServerState.java:close(387)) - 54156d21-c882-42a4-932f-3be78151626f@group-2A196422D3A1: closes. applyIndex: 0
2020-07-16 15:51:33,067 [ForkJoinPool.commonPool-worker-0] INFO  utils.BackgroundService (BackgroundService.java:shutdown(157)) - Shutting down service BlockDeletingService
2020-07-16 15:51:33,080 [54156d21-c882-42a4-932f-3be78151626f@group-2A196422D3A1-SegmentedRaftLogWorker] INFO  segmented.SegmentedRaftLogWorker (SegmentedRaftLogWorker.java:run(327)) - 54156d21-c882-42a4-932f-3be78151626f@group-2A196422D3A1-SegmentedRaftLogWorker was interrupted, exiting. There are 0 tasks remaining in the queue.
2020-07-16 15:51:33,081 [ForkJoinPool.commonPool-worker-0] INFO  statemachine.DatanodeStateMachine (DatanodeStateMachine.java:stopDaemon(428)) - Ozone container server stopped.
2020-07-16 15:51:33,081 [Listener at 127.0.0.1/35779] INFO  segmented.SegmentedRaftLogWorker (SegmentedRaftLogWorker.java:close(234)) - 54156d21-c882-42a4-932f-3be78151626f@group-2A196422D3A1-SegmentedRaftLogWorker close()
2020-07-16 15:51:33,089 [Listener at 127.0.0.1/35779] INFO  metrics.RatisMetrics (RatisMetrics.java:unregister(43)) - Unregistering Metrics Registry : ratis.log_worker.54156d21-c882-42a4-932f-3be78151626f@group-2A196422D3A1
2020-07-16 15:51:33,089 [Listener at 127.0.0.1/35779] INFO  metrics.RatisMetrics (RatisMetrics.java:unregister(43)) - Unregistering Metrics Registry : ratis.leader_election.54156d21-c882-42a4-932f-3be78151626f@group-2A196422D3A1
2020-07-16 15:51:33,089 [Listener at 127.0.0.1/35779] INFO  metrics.RatisMetrics (RatisMetrics.java:unregister(43)) - Unregistering Metrics Registry : ratis.server.54156d21-c882-42a4-932f-3be78151626f@group-2A196422D3A1
2020-07-16 15:51:33,089 [Listener at 127.0.0.1/35779] INFO  server.GrpcService (GrpcService.java:closeImpl(166)) - 54156d21-c882-42a4-932f-3be78151626f: shutdown server with port 39387 now
2020-07-16 15:51:33,090 [ForkJoinPool.commonPool-worker-0] INFO  handler.ContextHandler (ContextHandler.java:doStop(1016)) - Stopped o.e.j.w.WebAppContext@2da2bc89{hddsDatanode,/,null,UNAVAILABLE}{jar:file:/home/user/.m2/repository/org/apache/hadoop/hadoop-hdds-container-service/0.6.0-SNAPSHOT/hadoop-hdds-container-service-0.6.0-SNAPSHOT.jar!/webapps/hddsDatanode}
2020-07-16 15:51:33,091 [ForkJoinPool.commonPool-worker-0] INFO  server.AbstractConnector (AbstractConnector.java:doStop(380)) - Stopped ServerConnector@52790b52{HTTP/1.1,[http/1.1]}{0.0.0.0:0}
2020-07-16 15:51:33,092 [Listener at 127.0.0.1/35779] INFO  server.GrpcService (GrpcService.java:closeImpl(174)) - 54156d21-c882-42a4-932f-3be78151626f: shutdown server with port 39387 successfully
2020-07-16 15:51:33,092 [ForkJoinPool.commonPool-worker-0] INFO  server.session (HouseKeeper.java:stopScavenging(158)) - node0 Stopped scavenging
2020-07-16 15:51:33,095 [ForkJoinPool.commonPool-worker-0] INFO  handler.ContextHandler (ContextHandler.java:doStop(1016)) - Stopped o.e.j.s.ServletContextHandler@339852ab{static,/static,jar:file:/home/user/.m2/repository/org/apache/hadoop/hadoop-hdds-container-service/0.6.0-SNAPSHOT/hadoop-hdds-container-service-0.6.0-SNAPSHOT.jar!/webapps/static,UNAVAILABLE}
2020-07-16 15:51:33,095 [grpc-default-executor-6] WARN  server.GrpcServerProtocolService (LogUtils.java:warn(122)) - 54156d21-c882-42a4-932f-3be78151626f: installSnapshot onError, lastRequest: 8861f160-1711-47f6-a44a-97412e21c0d2->54156d21-c882-42a4-932f-3be78151626f#1-t1, previous=(t:0, i:0), leaderCommit=-1, initializing? false, entries: size=1, first=(t:1, i:0), CONFIGURATIONENTRY: org.apache.ratis.thirdparty.io.grpc.StatusRuntimeException: CANCELLED: cancelled before receiving half close
2020-07-16 15:51:33,096 [grpc-default-executor-7] WARN  server.GrpcLogAppender (LogUtils.java:warn(122)) - 8861f160-1711-47f6-a44a-97412e21c0d2@group-2A196422D3A1->54156d21-c882-42a4-932f-3be78151626f-AppendLogResponseHandler: Failed appendEntries: org.apache.ratis.thirdparty.io.grpc.StatusRuntimeException: CANCELLED: HTTP/2 error code: CANCEL
Received Rst Stream
2020-07-16 15:51:33,096 [Listener at 127.0.0.1/35779] INFO  utils.BackgroundService (BackgroundService.java:shutdown(157)) - Shutting down service BlockDeletingService
2020-07-16 15:51:33,096 [ForkJoinPool.commonPool-worker-0] INFO  handler.ContextHandler (ContextHandler.java:doStop(1016)) - Stopped o.e.j.s.ServletContextHandler@31e8949d{logs,/logs,file:///github/workspace/mnt/ozone/hadoop-ozone/integration-test/target/log,UNAVAILABLE}
2020-07-16 15:51:33,101 [grpc-default-executor-7] INFO  impl.FollowerInfo (FollowerInfo.java:lambda$new$0(51)) - 8861f160-1711-47f6-a44a-97412e21c0d2@group-2A196422D3A1->54156d21-c882-42a4-932f-3be78151626f: nextIndex: updateUnconditionally 1 -> 0
2020-07-16 15:51:33,103 [Listener at 127.0.0.1/35779] INFO  statemachine.DatanodeStateMachine (DatanodeStateMachine.java:stopDaemon(428)) - Ozone container server stopped.
2020-07-16 15:51:33,110 [Listener at 127.0.0.1/35779] INFO  handler.ContextHandler (ContextHandler.java:doStop(1016)) - Stopped o.e.j.w.WebAppContext@10bf4f1c{hddsDatanode,/,null,UNAVAILABLE}{jar:file:/home/user/.m2/repository/org/apache/hadoop/hadoop-hdds-container-service/0.6.0-SNAPSHOT/hadoop-hdds-container-service-0.6.0-SNAPSHOT.jar!/webapps/hddsDatanode}
2020-07-16 15:51:33,111 [Listener at 127.0.0.1/35779] INFO  server.AbstractConnector (AbstractConnector.java:doStop(380)) - Stopped ServerConnector@688c1b2a{HTTP/1.1,[http/1.1]}{0.0.0.0:0}
2020-07-16 15:51:33,111 [Listener at 127.0.0.1/35779] INFO  server.session (HouseKeeper.java:stopScavenging(158)) - node0 Stopped scavenging
2020-07-16 15:51:33,111 [Listener at 127.0.0.1/35779] INFO  handler.ContextHandler (ContextHandler.java:doStop(1016)) - Stopped o.e.j.s.ServletContextHandler@5150ba5a{static,/static,jar:file:/home/user/.m2/repository/org/apache/hadoop/hadoop-hdds-container-service/0.6.0-SNAPSHOT/hadoop-hdds-container-service-0.6.0-SNAPSHOT.jar!/webapps/static,UNAVAILABLE}
2020-07-16 15:51:33,112 [Listener at 127.0.0.1/35779] INFO  handler.ContextHandler (ContextHandler.java:doStop(1016)) - Stopped o.e.j.s.ServletContextHandler@404c8c9d{logs,/logs,file:///github/workspace/mnt/ozone/hadoop-ozone/integration-test/target/log,UNAVAILABLE}
2020-07-16 15:51:33,124 [Thread-1335] INFO  impl.FollowerState (FollowerState.java:run(108)) - e4e99700-16e7-4e9e-86ca-c902d8203535@group-63549AD2A2A5-FollowerState: change to CANDIDATE, lastRpcTime:5023ms, electionTimeout:5023ms
2020-07-16 15:51:33,124 [Thread-1335] INFO  impl.RoleInfo (RoleInfo.java:shutdownFollowerState(121)) - e4e99700-16e7-4e9e-86ca-c902d8203535: shutdown FollowerState
2020-07-16 15:51:33,124 [Thread-1335] INFO  impl.RaftServerImpl (RaftServerImpl.java:setRole(175)) - e4e99700-16e7-4e9e-86ca-c902d8203535@group-63549AD2A2A5: changes role from  FOLLOWER to CANDIDATE at term 0 for changeToCandidate
2020-07-16 15:51:33,124 [Thread-1335] INFO  impl.RoleInfo (RoleInfo.java:updateAndGet(143)) - e4e99700-16e7-4e9e-86ca-c902d8203535: start LeaderElection
2020-07-16 15:51:33,128 [e4e99700-16e7-4e9e-86ca-c902d8203535@group-63549AD2A2A5-LeaderElection45] INFO  impl.LeaderElection (LeaderElection.java:askForVotes(206)) - e4e99700-16e7-4e9e-86ca-c902d8203535@group-63549AD2A2A5-LeaderElection45: begin an election at term 1 for -1: [72350810-11e7-4c4d-b66f-b995d4606524:172.17.0.2:38865, e4e99700-16e7-4e9e-86ca-c902d8203535:172.17.0.2:36525, 1d5bf7e4-8d96-4310-9f32-ec9edaa2380c:172.17.0.2:39143], old=null
2020-07-16 15:51:33,137 [grpc-default-executor-7] INFO  impl.RaftServerImpl (RaftServerImpl.java:setRole(175)) - 1d5bf7e4-8d96-4310-9f32-ec9edaa2380c@group-63549AD2A2A5: changes role from  FOLLOWER to FOLLOWER at term 1 for recognizeCandidate:e4e99700-16e7-4e9e-86ca-c902d8203535
2020-07-16 15:51:33,137 [grpc-default-executor-7] INFO  impl.RoleInfo (RoleInfo.java:shutdownFollowerState(121)) - 1d5bf7e4-8d96-4310-9f32-ec9edaa2380c: shutdown FollowerState
2020-07-16 15:51:33,137 [grpc-default-executor-7] INFO  impl.RoleInfo (RoleInfo.java:updateAndGet(143)) - 1d5bf7e4-8d96-4310-9f32-ec9edaa2380c: start FollowerState
2020-07-16 15:51:33,137 [Thread-1330] INFO  impl.FollowerState (FollowerState.java:run(117)) - 1d5bf7e4-8d96-4310-9f32-ec9edaa2380c@group-63549AD2A2A5-FollowerState was interrupted: java.lang.InterruptedException: sleep interrupted
2020-07-16 15:51:33,148 [e4e99700-16e7-4e9e-86ca-c902d8203535@group-63549AD2A2A5-LeaderElection45] INFO  impl.LeaderElection (LogUtils.java:infoOrTrace(137)) - e4e99700-16e7-4e9e-86ca-c902d8203535@group-63549AD2A2A5-LeaderElection45 got exception when requesting votes: java.util.concurrent.ExecutionException: org.apache.ratis.thirdparty.io.grpc.StatusRuntimeException: UNAVAILABLE: io exception
2020-07-16 15:51:33,148 [e4e99700-16e7-4e9e-86ca-c902d8203535@group-63549AD2A2A5-LeaderElection45] INFO  impl.LeaderElection (LeaderElection.java:logAndReturn(61)) - e4e99700-16e7-4e9e-86ca-c902d8203535@group-63549AD2A2A5-LeaderElection45: Election PASSED; received 1 response(s) [e4e99700-16e7-4e9e-86ca-c902d8203535<-1d5bf7e4-8d96-4310-9f32-ec9edaa2380c#0:OK-t1] and 1 exception(s); e4e99700-16e7-4e9e-86ca-c902d8203535@group-63549AD2A2A5:t1, leader=null, voted=e4e99700-16e7-4e9e-86ca-c902d8203535, raftlog=e4e99700-16e7-4e9e-86ca-c902d8203535@group-63549AD2A2A5-SegmentedRaftLog:OPENED:c-1,f-1,i0, conf=-1: [72350810-11e7-4c4d-b66f-b995d4606524:172.17.0.2:38865, e4e99700-16e7-4e9e-86ca-c902d8203535:172.17.0.2:36525, 1d5bf7e4-8d96-4310-9f32-ec9edaa2380c:172.17.0.2:39143], old=null
2020-07-16 15:51:33,148 [e4e99700-16e7-4e9e-86ca-c902d8203535@group-63549AD2A2A5-LeaderElection45] INFO  impl.LeaderElection (LogUtils.java:infoOrTrace(137)) -   Exception 0: java.util.concurrent.ExecutionException: org.apache.ratis.thirdparty.io.grpc.StatusRuntimeException: UNAVAILABLE: io exception
2020-07-16 15:51:33,148 [e4e99700-16e7-4e9e-86ca-c902d8203535@group-63549AD2A2A5-LeaderElection45] INFO  impl.RoleInfo (RoleInfo.java:shutdownLeaderElection(134)) - e4e99700-16e7-4e9e-86ca-c902d8203535: shutdown LeaderElection
2020-07-16 15:51:33,148 [e4e99700-16e7-4e9e-86ca-c902d8203535@group-63549AD2A2A5-LeaderElection45] INFO  impl.RaftServerImpl (RaftServerImpl.java:setRole(175)) - e4e99700-16e7-4e9e-86ca-c902d8203535@group-63549AD2A2A5: changes role from CANDIDATE to LEADER at term 1 for changeToLeader
2020-07-16 15:51:33,148 [e4e99700-16e7-4e9e-86ca-c902d8203535@group-63549AD2A2A5-LeaderElection45] INFO  ratis.XceiverServerRatis (XceiverServerRatis.java:handleLeaderChangedNotification(820)) - Leader change notification received for group: group-63549AD2A2A5 with new leaderId: e4e99700-16e7-4e9e-86ca-c902d8203535
2020-07-16 15:51:33,148 [e4e99700-16e7-4e9e-86ca-c902d8203535@group-63549AD2A2A5-LeaderElection45] INFO  impl.RaftServerImpl (ServerState.java:setLeader(255)) - e4e99700-16e7-4e9e-86ca-c902d8203535@group-63549AD2A2A5: change Leader from null to e4e99700-16e7-4e9e-86ca-c902d8203535 at term 1 for becomeLeader, leader elected after 5056ms
2020-07-16 15:51:33,148 [e4e99700-16e7-4e9e-86ca-c902d8203535@group-63549AD2A2A5-LeaderElection45] INFO  server.RaftServerConfigKeys (ConfUtils.java:logGet(44)) - raft.server.staging.catchup.gap = 1000 (default)
2020-07-16 15:51:33,148 [e4e99700-16e7-4e9e-86ca-c902d8203535@group-63549AD2A2A5-LeaderElection45] INFO  server.RaftServerConfigKeys (ConfUtils.java:logGet(44)) - raft.server.rpc.sleep.time = 25ms (default)
2020-07-16 15:51:33,148 [e4e99700-16e7-4e9e-86ca-c902d8203535@group-63549AD2A2A5-LeaderElection45] INFO  metrics.RatisMetrics (RatisMetrics.java:lambda$create$0(36)) - Creating Metrics Registry : ratis.log_appender.e4e99700-16e7-4e9e-86ca-c902d8203535@group-63549AD2A2A5
2020-07-16 15:51:33,149 [e4e99700-16e7-4e9e-86ca-c902d8203535@group-63549AD2A2A5-LeaderElection45] INFO  server.RaftServerConfigKeys (ConfUtils.java:logGet(44)) - raft.server.write.element-limit = 1024 (custom)
2020-07-16 15:51:33,149 [e4e99700-16e7-4e9e-86ca-c902d8203535@group-63549AD2A2A5-LeaderElection45] INFO  server.RaftServerConfigKeys (ConfUtils.java:logGet(44)) - raft.server.write.byte-limit = 1073741824 (custom)
2020-07-16 15:51:33,149 [e4e99700-16e7-4e9e-86ca-c902d8203535@group-63549AD2A2A5-LeaderElection45] INFO  server.RaftServerConfigKeys (ConfUtils.java:logGet(44)) - raft.server.watch.timeout = 3000ms (custom)
2020-07-16 15:51:33,149 [e4e99700-16e7-4e9e-86ca-c902d8203535@group-63549AD2A2A5-LeaderElection45] INFO  server.RaftServerConfigKeys (ConfUtils.java:logGet(44)) - raft.server.watch.timeout.denomination = 1s (default)
2020-07-16 15:51:33,149 [e4e99700-16e7-4e9e-86ca-c902d8203535@group-63549AD2A2A5-LeaderElection45] INFO  server.RaftServerConfigKeys (ConfUtils.java:logGet(44)) - raft.server.watch.element-limit = 65536 (default)
2020-07-16 15:51:33,149 [e4e99700-16e7-4e9e-86ca-c902d8203535@group-63549AD2A2A5-LeaderElection45] INFO  server.RaftServerConfigKeys (ConfUtils.java:logGet(44)) - raft.server.log.appender.snapshot.chunk.size.max = 16MB (=16777216) (default)
2020-07-16 15:51:33,149 [e4e99700-16e7-4e9e-86ca-c902d8203535@group-63549AD2A2A5-LeaderElection45] INFO  server.RaftServerConfigKeys (ConfUtils.java:logGet(44)) - raft.server.log.appender.buffer.byte-limit = 33554432 (custom)
2020-07-16 15:51:33,149 [e4e99700-16e7-4e9e-86ca-c902d8203535@group-63549AD2A2A5-LeaderElection45] INFO  server.RaftServerConfigKeys (ConfUtils.java:logGet(44)) - raft.server.log.appender.buffer.element-limit = 1 (custom)
2020-07-16 15:51:33,150 [e4e99700-16e7-4e9e-86ca-c902d8203535@group-63549AD2A2A5-LeaderElection45] INFO  grpc.GrpcConfigKeys (ConfUtils.java:logGet(44)) - raft.grpc.server.leader.outstanding.appends.max = 128 (default)
2020-07-16 15:51:33,150 [e4e99700-16e7-4e9e-86ca-c902d8203535@group-63549AD2A2A5-LeaderElection45] INFO  server.RaftServerConfigKeys (ConfUtils.java:logGet(44)) - raft.server.rpc.request.timeout = 3000ms (default)
2020-07-16 15:51:33,150 [e4e99700-16e7-4e9e-86ca-c902d8203535@group-63549AD2A2A5-LeaderElection45] INFO  server.RaftServerConfigKeys (ConfUtils.java:logGet(44)) - raft.server.log.appender.install.snapshot.enabled = false (custom)
2020-07-16 15:51:33,150 [e4e99700-16e7-4e9e-86ca-c902d8203535@group-63549AD2A2A5-LeaderElection45] INFO  metrics.RatisMetrics (RatisMetrics.java:lambda$create$0(36)) - Creating Metrics Registry : ratis_grpc.log_appender.e4e99700-16e7-4e9e-86ca-c902d8203535@group-63549AD2A2A5
2020-07-16 15:51:33,152 [e4e99700-16e7-4e9e-86ca-c902d8203535@group-63549AD2A2A5-LeaderElection45] INFO  server.RaftServerConfigKeys (ConfUtils.java:logGet(44)) - raft.server.log.appender.snapshot.chunk.size.max = 16MB (=16777216) (default)
2020-07-16 15:51:33,152 [e4e99700-16e7-4e9e-86ca-c902d8203535@group-63549AD2A2A5-LeaderElection45] INFO  server.RaftServerConfigKeys (ConfUtils.java:logGet(44)) - raft.server.log.appender.buffer.byte-limit = 33554432 (custom)
2020-07-16 15:51:33,152 [e4e99700-16e7-4e9e-86ca-c902d8203535@group-63549AD2A2A5-LeaderElection45] INFO  server.RaftServerConfigKeys (ConfUtils.java:logGet(44)) - raft.server.log.appender.buffer.element-limit = 1 (custom)
2020-07-16 15:51:33,152 [e4e99700-16e7-4e9e-86ca-c902d8203535@group-63549AD2A2A5-LeaderElection45] INFO  grpc.GrpcConfigKeys (ConfUtils.java:logGet(44)) - raft.grpc.server.leader.outstanding.appends.max = 128 (default)
2020-07-16 15:51:33,152 [e4e99700-16e7-4e9e-86ca-c902d8203535@group-63549AD2A2A5-LeaderElection45] INFO  server.RaftServerConfigKeys (ConfUtils.java:logGet(44)) - raft.server.rpc.request.timeout = 3000ms (default)
2020-07-16 15:51:33,152 [e4e99700-16e7-4e9e-86ca-c902d8203535@group-63549AD2A2A5-LeaderElection45] INFO  server.RaftServerConfigKeys (ConfUtils.java:logGet(44)) - raft.server.log.appender.install.snapshot.enabled = false (custom)
2020-07-16 15:51:33,153 [e4e99700-16e7-4e9e-86ca-c902d8203535@group-63549AD2A2A5-LeaderElection45] INFO  impl.RoleInfo (RoleInfo.java:updateAndGet(143)) - e4e99700-16e7-4e9e-86ca-c902d8203535: start LeaderState
2020-07-16 15:51:33,154 [e4e99700-16e7-4e9e-86ca-c902d8203535@group-63549AD2A2A5-LeaderElection45] INFO  segmented.SegmentedRaftLogWorker (SegmentedRaftLogWorker.java:startLogSegment(397)) - e4e99700-16e7-4e9e-86ca-c902d8203535@group-63549AD2A2A5-SegmentedRaftLogWorker: Starting segment from index:0
2020-07-16 15:51:33,155 [e4e99700-16e7-4e9e-86ca-c902d8203535@group-63549AD2A2A5-LeaderElection45] INFO  impl.RaftServerImpl (ServerState.java:setRaftConf(356)) - e4e99700-16e7-4e9e-86ca-c902d8203535@group-63549AD2A2A5: set configuration 0: [72350810-11e7-4c4d-b66f-b995d4606524:172.17.0.2:38865, e4e99700-16e7-4e9e-86ca-c902d8203535:172.17.0.2:36525, 1d5bf7e4-8d96-4310-9f32-ec9edaa2380c:172.17.0.2:39143], old=null at 0
2020-07-16 15:51:33,155 [e4e99700-16e7-4e9e-86ca-c902d8203535@group-63549AD2A2A5-SegmentedRaftLogWorker] INFO  segmented.SegmentedRaftLogWorker (SegmentedRaftLogWorker.java:execute(596)) - e4e99700-16e7-4e9e-86ca-c902d8203535@group-63549AD2A2A5-SegmentedRaftLogWorker: created new log segment /github/workspace/mnt/ozone/hadoop-ozone/integration-test/target/test-dir/MiniOzoneClusterImpl-45392ef6-f0d5-4168-b900-afad7710253d/datanode-0/data/ratis/fd8f500c-a8cf-41e6-b167-63549ad2a2a5/current/log_inprogress_0
2020-07-16 15:51:33,167 [grpc-default-executor-6] WARN  server.GrpcLogAppender (LogUtils.java:warn(122)) - e4e99700-16e7-4e9e-86ca-c902d8203535@group-63549AD2A2A5->72350810-11e7-4c4d-b66f-b995d4606524-AppendLogResponseHandler: Failed appendEntries: org.apache.ratis.thirdparty.io.grpc.StatusRuntimeException: UNAVAILABLE: io exception
2020-07-16 15:51:33,168 [grpc-default-executor-7] INFO  ratis.XceiverServerRatis (XceiverServerRatis.java:handleLeaderChangedNotification(820)) - Leader change notification received for group: group-63549AD2A2A5 with new leaderId: e4e99700-16e7-4e9e-86ca-c902d8203535
2020-07-16 15:51:33,168 [grpc-default-executor-7] INFO  impl.RaftServerImpl (ServerState.java:setLeader(255)) - 1d5bf7e4-8d96-4310-9f32-ec9edaa2380c@group-63549AD2A2A5: change Leader from null to e4e99700-16e7-4e9e-86ca-c902d8203535 at term 1 for appendEntries, leader elected after 5127ms
2020-07-16 15:51:33,169 [grpc-default-executor-6] INFO  impl.FollowerInfo (FollowerInfo.java:lambda$new$0(51)) - e4e99700-16e7-4e9e-86ca-c902d8203535@group-63549AD2A2A5->72350810-11e7-4c4d-b66f-b995d4606524: nextIndex: updateUnconditionally 0 -> 0
2020-07-16 15:51:33,170 [grpc-default-executor-7] INFO  impl.RaftServerImpl (ServerState.java:setRaftConf(356)) - 1d5bf7e4-8d96-4310-9f32-ec9edaa2380c@group-63549AD2A2A5: set configuration 0: [72350810-11e7-4c4d-b66f-b995d4606524:172.17.0.2:38865, e4e99700-16e7-4e9e-86ca-c902d8203535:172.17.0.2:36525, 1d5bf7e4-8d96-4310-9f32-ec9edaa2380c:172.17.0.2:39143], old=null at 0
2020-07-16 15:51:33,170 [grpc-default-executor-7] INFO  segmented.SegmentedRaftLogWorker (SegmentedRaftLogWorker.java:startLogSegment(397)) - 1d5bf7e4-8d96-4310-9f32-ec9edaa2380c@group-63549AD2A2A5-SegmentedRaftLogWorker: Starting segment from index:0
2020-07-16 15:51:33,174 [1d5bf7e4-8d96-4310-9f32-ec9edaa2380c@group-63549AD2A2A5-SegmentedRaftLogWorker] INFO  segmented.SegmentedRaftLogWorker (SegmentedRaftLogWorker.java:execute(596)) - 1d5bf7e4-8d96-4310-9f32-ec9edaa2380c@group-63549AD2A2A5-SegmentedRaftLogWorker: created new log segment /github/workspace/mnt/ozone/hadoop-ozone/integration-test/target/test-dir/MiniOzoneClusterImpl-45392ef6-f0d5-4168-b900-afad7710253d/datanode-1/data/ratis/fd8f500c-a8cf-41e6-b167-63549ad2a2a5/current/log_inprogress_0
2020-07-16 15:51:33,176 [grpc-default-executor-6] WARN  server.GrpcLogAppender (LogUtils.java:warn(122)) - e4e99700-16e7-4e9e-86ca-c902d8203535@group-63549AD2A2A5->72350810-11e7-4c4d-b66f-b995d4606524-AppendLogResponseHandler: Failed appendEntries: org.apache.ratis.thirdparty.io.grpc.StatusRuntimeException: UNAVAILABLE: io exception
2020-07-16 15:51:33,176 [grpc-default-executor-6] INFO  impl.FollowerInfo (FollowerInfo.java:lambda$new$0(51)) - e4e99700-16e7-4e9e-86ca-c902d8203535@group-63549AD2A2A5->72350810-11e7-4c4d-b66f-b995d4606524: nextIndex: updateUnconditionally 1 -> 0
2020-07-16 15:51:33,429 [Datanode State Machine Thread - 0] INFO  statemachine.DatanodeStateMachine (DatanodeStateMachine.java:lambda$startDaemon$0(380)) - Ozone container server started.
2020-07-16 15:51:33,570 [Datanode State Machine Thread - 0] INFO  statemachine.DatanodeStateMachine (DatanodeStateMachine.java:lambda$startDaemon$0(380)) - Ozone container server started.
2020-07-16 15:51:34,842 [grpc-default-executor-6] WARN  server.GrpcLogAppender (LogUtils.java:warn(122)) - 8861f160-1711-47f6-a44a-97412e21c0d2@group-2A196422D3A1->54156d21-c882-42a4-932f-3be78151626f-AppendLogResponseHandler: Failed appendEntries: org.apache.ratis.thirdparty.io.grpc.StatusRuntimeException: UNAVAILABLE: io exception
2020-07-16 15:51:34,843 [grpc-default-executor-6] INFO  impl.FollowerInfo (FollowerInfo.java:lambda$new$0(51)) - 8861f160-1711-47f6-a44a-97412e21c0d2@group-2A196422D3A1->54156d21-c882-42a4-932f-3be78151626f: nextIndex: updateUnconditionally 1 -> 0
2020-07-16 15:51:35,677 [grpc-default-executor-7] WARN  server.GrpcLogAppender (LogUtils.java:warn(122)) - e4e99700-16e7-4e9e-86ca-c902d8203535@group-63549AD2A2A5->72350810-11e7-4c4d-b66f-b995d4606524-AppendLogResponseHandler: Failed appendEntries: org.apache.ratis.thirdparty.io.grpc.StatusRuntimeException: UNAVAILABLE: io exception
2020-07-16 15:51:35,679 [grpc-default-executor-7] INFO  impl.FollowerInfo (FollowerInfo.java:lambda$new$0(51)) - e4e99700-16e7-4e9e-86ca-c902d8203535@group-63549AD2A2A5->72350810-11e7-4c4d-b66f-b995d4606524: nextIndex: updateUnconditionally 1 -> 0
2020-07-16 15:51:37,343 [grpc-default-executor-6] WARN  server.GrpcLogAppender (LogUtils.java:warn(122)) - 8861f160-1711-47f6-a44a-97412e21c0d2@group-2A196422D3A1->54156d21-c882-42a4-932f-3be78151626f-AppendLogResponseHandler: Failed appendEntries: org.apache.ratis.thirdparty.io.grpc.StatusRuntimeException: UNAVAILABLE: io exception
2020-07-16 15:51:37,345 [grpc-default-executor-6] INFO  impl.FollowerInfo (FollowerInfo.java:lambda$new$0(51)) - 8861f160-1711-47f6-a44a-97412e21c0d2@group-2A196422D3A1->54156d21-c882-42a4-932f-3be78151626f: nextIndex: updateUnconditionally 1 -> 0
2020-07-16 15:51:38,107 [ForkJoinPool.commonPool-worker-0] INFO  ozoneimpl.OzoneContainer (OzoneContainer.java:stop(247)) - Attempting to stop container services.
2020-07-16 15:51:38,107 [ForkJoinPool.commonPool-worker-0] INFO  impl.RaftServerProxy (RaftServerProxy.java:lambda$close$4(319)) - 8861f160-1711-47f6-a44a-97412e21c0d2: close
2020-07-16 15:51:38,107 [ForkJoinPool.commonPool-worker-0] INFO  impl.RaftServerImpl (RaftServerImpl.java:lambda$shutdown$3(252)) - 8861f160-1711-47f6-a44a-97412e21c0d2@group-4D9F69D57408: shutdown
2020-07-16 15:51:38,108 [ForkJoinPool.commonPool-worker-0] INFO  util.JmxRegister (JmxRegister.java:unregister(73)) - Successfully un-registered JMX Bean with object name Ratis:service=RaftServer,group=group-4D9F69D57408,id=8861f160-1711-47f6-a44a-97412e21c0d2
2020-07-16 15:51:38,108 [ForkJoinPool.commonPool-worker-0] INFO  impl.RoleInfo (RoleInfo.java:shutdownLeaderState(104)) - 8861f160-1711-47f6-a44a-97412e21c0d2: shutdown LeaderState
2020-07-16 15:51:38,108 [ForkJoinPool.commonPool-worker-0] INFO  impl.PendingRequests (PendingRequests.java:sendNotLeaderResponses(249)) - 8861f160-1711-47f6-a44a-97412e21c0d2@group-4D9F69D57408-PendingRequests: sendNotLeaderResponses
2020-07-16 15:51:38,108 [ForkJoinPool.commonPool-worker-0] INFO  metrics.RatisMetrics (RatisMetrics.java:unregister(43)) - Unregistering Metrics Registry : ratis.log_appender.8861f160-1711-47f6-a44a-97412e21c0d2@group-4D9F69D57408
2020-07-16 15:51:38,108 [ForkJoinPool.commonPool-worker-0] INFO  metrics.RatisMetrics (RatisMetrics.java:unregister(43)) - Unregistering Metrics Registry : ratis.server.8861f160-1711-47f6-a44a-97412e21c0d2@group-4D9F69D57408
2020-07-16 15:51:38,109 [ForkJoinPool.commonPool-worker-0] INFO  impl.StateMachineUpdater (StateMachineUpdater.java:stopAndJoin(142)) - 8861f160-1711-47f6-a44a-97412e21c0d2@group-4D9F69D57408-StateMachineUpdater: set stopIndex = 0
2020-07-16 15:51:38,109 [8861f160-1711-47f6-a44a-97412e21c0d2@group-4D9F69D57408-StateMachineUpdater] INFO  ratis.ContainerStateMachine (ContainerStateMachine.java:takeSnapshot(293)) - group-4D9F69D57408: Taking a snapshot at:(t:1, i:0) file /github/workspace/mnt/ozone/hadoop-ozone/integration-test/target/test-dir/MiniOzoneClusterImpl-45392ef6-f0d5-4168-b900-afad7710253d/datanode-3/data/ratis/3a758da9-07c7-40e9-9e55-4d9f69d57408/sm/snapshot.1_0
2020-07-16 15:51:38,110 [8861f160-1711-47f6-a44a-97412e21c0d2@group-4D9F69D57408-StateMachineUpdater] INFO  ratis.ContainerStateMachine (ContainerStateMachine.java:takeSnapshot(304)) - group-4D9F69D57408: Finished taking a snapshot at:(t:1, i:0) file:/github/workspace/mnt/ozone/hadoop-ozone/integration-test/target/test-dir/MiniOzoneClusterImpl-45392ef6-f0d5-4168-b900-afad7710253d/datanode-3/data/ratis/3a758da9-07c7-40e9-9e55-4d9f69d57408/sm/snapshot.1_0 time:1
2020-07-16 15:51:38,110 [8861f160-1711-47f6-a44a-97412e21c0d2@group-4D9F69D57408-StateMachineUpdater] INFO  impl.StateMachineUpdater (StateMachineUpdater.java:takeSnapshot(277)) - 8861f160-1711-47f6-a44a-97412e21c0d2@group-4D9F69D57408-StateMachineUpdater: Took a snapshot at index 0
2020-07-16 15:51:38,110 [8861f160-1711-47f6-a44a-97412e21c0d2@group-4D9F69D57408-StateMachineUpdater] INFO  impl.StateMachineUpdater (StateMachineUpdater.java:lambda$new$0(87)) - 8861f160-1711-47f6-a44a-97412e21c0d2@group-4D9F69D57408-StateMachineUpdater: snapshotIndex: updateIncreasingly -1 -> 0
2020-07-16 15:51:38,110 [8861f160-1711-47f6-a44a-97412e21c0d2@group-4D9F69D57408-StateMachineUpdater] INFO  metrics.RatisMetrics (RatisMetrics.java:unregister(43)) - Unregistering Metrics Registry : ratis.state_machine.8861f160-1711-47f6-a44a-97412e21c0d2@group-4D9F69D57408
2020-07-16 15:51:38,110 [ForkJoinPool.commonPool-worker-0] INFO  impl.RaftServerImpl (ServerState.java:close(387)) - 8861f160-1711-47f6-a44a-97412e21c0d2@group-4D9F69D57408: closes. applyIndex: 0
2020-07-16 15:51:38,111 [8861f160-1711-47f6-a44a-97412e21c0d2@group-4D9F69D57408-SegmentedRaftLogWorker] INFO  segmented.SegmentedRaftLogWorker (SegmentedRaftLogWorker.java:run(327)) - 8861f160-1711-47f6-a44a-97412e21c0d2@group-4D9F69D57408-SegmentedRaftLogWorker was interrupted, exiting. There are 0 tasks remaining in the queue.
2020-07-16 15:51:38,112 [ForkJoinPool.commonPool-worker-0] INFO  segmented.SegmentedRaftLogWorker (SegmentedRaftLogWorker.java:close(234)) - 8861f160-1711-47f6-a44a-97412e21c0d2@group-4D9F69D57408-SegmentedRaftLogWorker close()
2020-07-16 15:51:38,113 [Listener at 127.0.0.1/35779] INFO  ozoneimpl.OzoneContainer (OzoneContainer.java:stop(247)) - Attempting to stop container services.
2020-07-16 15:51:38,114 [Listener at 127.0.0.1/35779] INFO  impl.RaftServerProxy (RaftServerProxy.java:lambda$close$4(319)) - 000e9876-1564-40e7-be97-fe7a2cb99717: close
2020-07-16 15:51:38,114 [Listener at 127.0.0.1/35779] INFO  impl.RaftServerImpl (RaftServerImpl.java:lambda$shutdown$3(252)) - 000e9876-1564-40e7-be97-fe7a2cb99717@group-28ED5D1E31AC: shutdown
2020-07-16 15:51:38,114 [Listener at 127.0.0.1/35779] INFO  util.JmxRegister (JmxRegister.java:unregister(73)) - Successfully un-registered JMX Bean with object name Ratis:service=RaftServer,group=group-28ED5D1E31AC,id=000e9876-1564-40e7-be97-fe7a2cb99717
2020-07-16 15:51:38,114 [Listener at 127.0.0.1/35779] INFO  impl.RoleInfo (RoleInfo.java:shutdownLeaderState(104)) - 000e9876-1564-40e7-be97-fe7a2cb99717: shutdown LeaderState
2020-07-16 15:51:38,114 [Listener at 127.0.0.1/35779] INFO  impl.PendingRequests (PendingRequests.java:sendNotLeaderResponses(249)) - 000e9876-1564-40e7-be97-fe7a2cb99717@group-28ED5D1E31AC-PendingRequests: sendNotLeaderResponses
2020-07-16 15:51:38,114 [Listener at 127.0.0.1/35779] INFO  metrics.RatisMetrics (RatisMetrics.java:unregister(43)) - Unregistering Metrics Registry : ratis.log_appender.000e9876-1564-40e7-be97-fe7a2cb99717@group-28ED5D1E31AC
2020-07-16 15:51:38,115 [Listener at 127.0.0.1/35779] INFO  metrics.RatisMetrics (RatisMetrics.java:unregister(43)) - Unregistering Metrics Registry : ratis.server.000e9876-1564-40e7-be97-fe7a2cb99717@group-28ED5D1E31AC
2020-07-16 15:51:38,116 [Listener at 127.0.0.1/35779] INFO  impl.StateMachineUpdater (StateMachineUpdater.java:stopAndJoin(142)) - 000e9876-1564-40e7-be97-fe7a2cb99717@group-28ED5D1E31AC-StateMachineUpdater: set stopIndex = 0
2020-07-16 15:51:38,114 [ForkJoinPool.commonPool-worker-0] INFO  metrics.RatisMetrics (RatisMetrics.java:unregister(43)) - Unregistering Metrics Registry : ratis.log_worker.8861f160-1711-47f6-a44a-97412e21c0d2@group-4D9F69D57408
2020-07-16 15:51:38,116 [000e9876-1564-40e7-be97-fe7a2cb99717@group-28ED5D1E31AC-StateMachineUpdater] INFO  ratis.ContainerStateMachine (ContainerStateMachine.java:takeSnapshot(293)) - group-28ED5D1E31AC: Taking a snapshot at:(t:1, i:0) file /github/workspace/mnt/ozone/hadoop-ozone/integration-test/target/test-dir/MiniOzoneClusterImpl-45392ef6-f0d5-4168-b900-afad7710253d/datanode-5/data/ratis/4bb689cc-b6d4-4e11-aee2-28ed5d1e31ac/sm/snapshot.1_0
2020-07-16 15:51:38,116 [ForkJoinPool.commonPool-worker-0] INFO  metrics.RatisMetrics (RatisMetrics.java:unregister(43)) - Unregistering Metrics Registry : ratis.leader_election.8861f160-1711-47f6-a44a-97412e21c0d2@group-4D9F69D57408
2020-07-16 15:51:38,116 [ForkJoinPool.commonPool-worker-0] INFO  metrics.RatisMetrics (RatisMetrics.java:unregister(43)) - Unregistering Metrics Registry : ratis.server.8861f160-1711-47f6-a44a-97412e21c0d2@group-4D9F69D57408
2020-07-16 15:51:38,116 [ForkJoinPool.commonPool-worker-0] INFO  impl.RaftServerImpl (RaftServerImpl.java:lambda$shutdown$3(252)) - 8861f160-1711-47f6-a44a-97412e21c0d2@group-2A196422D3A1: shutdown
2020-07-16 15:51:38,117 [000e9876-1564-40e7-be97-fe7a2cb99717@group-28ED5D1E31AC-StateMachineUpdater] INFO  ratis.ContainerStateMachine (ContainerStateMachine.java:takeSnapshot(304)) - group-28ED5D1E31AC: Finished taking a snapshot at:(t:1, i:0) file:/github/workspace/mnt/ozone/hadoop-ozone/integration-test/target/test-dir/MiniOzoneClusterImpl-45392ef6-f0d5-4168-b900-afad7710253d/datanode-5/data/ratis/4bb689cc-b6d4-4e11-aee2-28ed5d1e31ac/sm/snapshot.1_0 time:1
2020-07-16 15:51:38,117 [ForkJoinPool.commonPool-worker-0] INFO  util.JmxRegister (JmxRegister.java:unregister(73)) - Successfully un-registered JMX Bean with object name Ratis:service=RaftServer,group=group-2A196422D3A1,id=8861f160-1711-47f6-a44a-97412e21c0d2
2020-07-16 15:51:38,117 [ForkJoinPool.commonPool-worker-0] INFO  impl.RoleInfo (RoleInfo.java:shutdownLeaderState(104)) - 8861f160-1711-47f6-a44a-97412e21c0d2: shutdown LeaderState
2020-07-16 15:51:38,117 [000e9876-1564-40e7-be97-fe7a2cb99717@group-28ED5D1E31AC-StateMachineUpdater] INFO  impl.StateMachineUpdater (StateMachineUpdater.java:takeSnapshot(277)) - 000e9876-1564-40e7-be97-fe7a2cb99717@group-28ED5D1E31AC-StateMachineUpdater: Took a snapshot at index 0
2020-07-16 15:51:38,117 [000e9876-1564-40e7-be97-fe7a2cb99717@group-28ED5D1E31AC-StateMachineUpdater] INFO  impl.StateMachineUpdater (StateMachineUpdater.java:lambda$new$0(87)) - 000e9876-1564-40e7-be97-fe7a2cb99717@group-28ED5D1E31AC-StateMachineUpdater: snapshotIndex: updateIncreasingly -1 -> 0
2020-07-16 15:51:38,117 [ForkJoinPool.commonPool-worker-0] INFO  metrics.RatisMetrics (RatisMetrics.java:unregister(43)) - Unregistering Metrics Registry : ratis_grpc.log_appender.8861f160-1711-47f6-a44a-97412e21c0d2@group-2A196422D3A1
2020-07-16 15:51:38,117 [000e9876-1564-40e7-be97-fe7a2cb99717@group-28ED5D1E31AC-StateMachineUpdater] INFO  metrics.RatisMetrics (RatisMetrics.java:unregister(43)) - Unregistering Metrics Registry : ratis.state_machine.000e9876-1564-40e7-be97-fe7a2cb99717@group-28ED5D1E31AC
2020-07-16 15:51:38,118 [org.apache.ratis.server.impl.LogAppender$AppenderDaemon$$Lambda$423/1061808257@22b7565f] WARN  server.GrpcLogAppender (GrpcLogAppender.java:mayWait(153)) - 8861f160-1711-47f6-a44a-97412e21c0d2@group-2A196422D3A1->54156d21-c882-42a4-932f-3be78151626f-GrpcLogAppender: Wait interrupted by java.lang.InterruptedException
2020-07-16 15:51:38,118 [ForkJoinPool.commonPool-worker-0] INFO  metrics.RatisMetrics (RatisMetrics.java:unregister(43)) - Unregistering Metrics Registry : ratis_grpc.log_appender.8861f160-1711-47f6-a44a-97412e21c0d2@group-2A196422D3A1
2020-07-16 15:51:38,118 [Listener at 127.0.0.1/35779] INFO  impl.RaftServerImpl (ServerState.java:close(387)) - 000e9876-1564-40e7-be97-fe7a2cb99717@group-28ED5D1E31AC: closes. applyIndex: 0
2020-07-16 15:51:38,119 [000e9876-1564-40e7-be97-fe7a2cb99717@group-28ED5D1E31AC-SegmentedRaftLogWorker] INFO  segmented.SegmentedRaftLogWorker (SegmentedRaftLogWorker.java:run(327)) - 000e9876-1564-40e7-be97-fe7a2cb99717@group-28ED5D1E31AC-SegmentedRaftLogWorker was interrupted, exiting. There are 0 tasks remaining in the queue.
2020-07-16 15:51:38,119 [ForkJoinPool.commonPool-worker-0] INFO  impl.PendingRequests (PendingRequests.java:sendNotLeaderResponses(249)) - 8861f160-1711-47f6-a44a-97412e21c0d2@group-2A196422D3A1-PendingRequests: sendNotLeaderResponses
2020-07-16 15:51:38,119 [org.apache.ratis.server.impl.LogAppender$AppenderDaemon$$Lambda$423/1061808257@512a7188] WARN  server.GrpcLogAppender (GrpcLogAppender.java:mayWait(153)) - 8861f160-1711-47f6-a44a-97412e21c0d2@group-2A196422D3A1->000e9876-1564-40e7-be97-fe7a2cb99717-GrpcLogAppender: Wait interrupted by java.lang.InterruptedException
2020-07-16 15:51:38,119 [ForkJoinPool.commonPool-worker-0] INFO  metrics.RatisMetrics (RatisMetrics.java:unregister(43)) - Unregistering Metrics Registry : ratis.log_appender.8861f160-1711-47f6-a44a-97412e21c0d2@group-2A196422D3A1
2020-07-16 15:51:38,119 [ForkJoinPool.commonPool-worker-0] INFO  metrics.RatisMetrics (RatisMetrics.java:unregister(43)) - Unregistering Metrics Registry : ratis.server.8861f160-1711-47f6-a44a-97412e21c0d2@group-2A196422D3A1
2020-07-16 15:51:38,120 [grpc-default-executor-6] INFO  server.GrpcServerProtocolService (GrpcServerProtocolService.java:onCompleted(138)) - 000e9876-1564-40e7-be97-fe7a2cb99717: Completed APPEND_ENTRIES, lastRequest: 8861f160-1711-47f6-a44a-97412e21c0d2->000e9876-1564-40e7-be97-fe7a2cb99717#1-t1, previous=(t:0, i:0), leaderCommit=0, initializing? false, entries: size=1, first=(t:1, i:0), CONFIGURATIONENTRY
2020-07-16 15:51:38,120 [grpc-default-executor-6] INFO  server.GrpcLogAppender (GrpcLogAppender.java:onCompleted(319)) - 8861f160-1711-47f6-a44a-97412e21c0d2@group-2A196422D3A1->000e9876-1564-40e7-be97-fe7a2cb99717-AppendLogResponseHandler: follower responses appendEntries COMPLETED
2020-07-16 15:51:38,122 [grpc-default-executor-6] INFO  impl.FollowerInfo (FollowerInfo.java:lambda$new$0(51)) - 8861f160-1711-47f6-a44a-97412e21c0d2@group-2A196422D3A1->000e9876-1564-40e7-be97-fe7a2cb99717: nextIndex: updateUnconditionally 1 -> 0
2020-07-16 15:51:38,122 [Listener at 127.0.0.1/35779] INFO  segmented.SegmentedRaftLogWorker (SegmentedRaftLogWorker.java:close(234)) - 000e9876-1564-40e7-be97-fe7a2cb99717@group-28ED5D1E31AC-SegmentedRaftLogWorker close()
2020-07-16 15:51:38,123 [8861f160-1711-47f6-a44a-97412e21c0d2@group-2A196422D3A1-StateMachineUpdater] INFO  ratis.ContainerStateMachine (ContainerStateMachine.java:takeSnapshot(293)) - group-2A196422D3A1: Taking a snapshot at:(t:1, i:0) file /github/workspace/mnt/ozone/hadoop-ozone/integration-test/target/test-dir/MiniOzoneClusterImpl-45392ef6-f0d5-4168-b900-afad7710253d/datanode-3/data/ratis/92c66d2b-0479-46c7-a436-2a196422d3a1/sm/snapshot.1_0
2020-07-16 15:51:38,124 [ForkJoinPool.commonPool-worker-0] INFO  impl.StateMachineUpdater (StateMachineUpdater.java:stopAndJoin(142)) - 8861f160-1711-47f6-a44a-97412e21c0d2@group-2A196422D3A1-StateMachineUpdater: set stopIndex = 0
2020-07-16 15:51:38,124 [Listener at 127.0.0.1/35779] INFO  metrics.RatisMetrics (RatisMetrics.java:unregister(43)) - Unregistering Metrics Registry : ratis.log_worker.000e9876-1564-40e7-be97-fe7a2cb99717@group-28ED5D1E31AC
2020-07-16 15:51:38,124 [Listener at 127.0.0.1/35779] INFO  metrics.RatisMetrics (RatisMetrics.java:unregister(43)) - Unregistering Metrics Registry : ratis.leader_election.000e9876-1564-40e7-be97-fe7a2cb99717@group-28ED5D1E31AC
2020-07-16 15:51:38,124 [Listener at 127.0.0.1/35779] INFO  metrics.RatisMetrics (RatisMetrics.java:unregister(43)) - Unregistering Metrics Registry : ratis.server.000e9876-1564-40e7-be97-fe7a2cb99717@group-28ED5D1E31AC
2020-07-16 15:51:38,124 [Listener at 127.0.0.1/35779] INFO  impl.RaftServerImpl (RaftServerImpl.java:lambda$shutdown$3(252)) - 000e9876-1564-40e7-be97-fe7a2cb99717@group-2A196422D3A1: shutdown
2020-07-16 15:51:38,125 [Listener at 127.0.0.1/35779] INFO  util.JmxRegister (JmxRegister.java:unregister(73)) - Successfully un-registered JMX Bean with object name Ratis:service=RaftServer,group=group-2A196422D3A1,id=000e9876-1564-40e7-be97-fe7a2cb99717
2020-07-16 15:51:38,125 [Listener at 127.0.0.1/35779] INFO  impl.RoleInfo (RoleInfo.java:shutdownFollowerState(121)) - 000e9876-1564-40e7-be97-fe7a2cb99717: shutdown FollowerState
2020-07-16 15:51:38,125 [Thread-1282] INFO  impl.FollowerState (FollowerState.java:run(117)) - 000e9876-1564-40e7-be97-fe7a2cb99717@group-2A196422D3A1-FollowerState was interrupted: java.lang.InterruptedException: sleep interrupted
2020-07-16 15:51:38,125 [Listener at 127.0.0.1/35779] INFO  impl.StateMachineUpdater (StateMachineUpdater.java:stopAndJoin(142)) - 000e9876-1564-40e7-be97-fe7a2cb99717@group-2A196422D3A1-StateMachineUpdater: set stopIndex = 0
2020-07-16 15:51:38,125 [000e9876-1564-40e7-be97-fe7a2cb99717@group-2A196422D3A1-StateMachineUpdater] INFO  ratis.ContainerStateMachine (ContainerStateMachine.java:takeSnapshot(293)) - group-2A196422D3A1: Taking a snapshot at:(t:1, i:0) file /github/workspace/mnt/ozone/hadoop-ozone/integration-test/target/test-dir/MiniOzoneClusterImpl-45392ef6-f0d5-4168-b900-afad7710253d/datanode-5/data/ratis/92c66d2b-0479-46c7-a436-2a196422d3a1/sm/snapshot.1_0
2020-07-16 15:51:38,126 [8861f160-1711-47f6-a44a-97412e21c0d2@group-2A196422D3A1-StateMachineUpdater] INFO  ratis.ContainerStateMachine (ContainerStateMachine.java:takeSnapshot(304)) - group-2A196422D3A1: Finished taking a snapshot at:(t:1, i:0) file:/github/workspace/mnt/ozone/hadoop-ozone/integration-test/target/test-dir/MiniOzoneClusterImpl-45392ef6-f0d5-4168-b900-afad7710253d/datanode-3/data/ratis/92c66d2b-0479-46c7-a436-2a196422d3a1/sm/snapshot.1_0 time:3
2020-07-16 15:51:38,126 [8861f160-1711-47f6-a44a-97412e21c0d2@group-2A196422D3A1-StateMachineUpdater] INFO  impl.StateMachineUpdater (StateMachineUpdater.java:takeSnapshot(277)) - 8861f160-1711-47f6-a44a-97412e21c0d2@group-2A196422D3A1-StateMachineUpdater: Took a snapshot at index 0
2020-07-16 15:51:38,126 [8861f160-1711-47f6-a44a-97412e21c0d2@group-2A196422D3A1-StateMachineUpdater] INFO  impl.StateMachineUpdater (StateMachineUpdater.java:lambda$new$0(87)) - 8861f160-1711-47f6-a44a-97412e21c0d2@group-2A196422D3A1-StateMachineUpdater: snapshotIndex: updateIncreasingly -1 -> 0
2020-07-16 15:51:38,126 [8861f160-1711-47f6-a44a-97412e21c0d2@group-2A196422D3A1-StateMachineUpdater] INFO  metrics.RatisMetrics (RatisMetrics.java:unregister(43)) - Unregistering Metrics Registry : ratis.state_machine.8861f160-1711-47f6-a44a-97412e21c0d2@group-2A196422D3A1
2020-07-16 15:51:38,126 [000e9876-1564-40e7-be97-fe7a2cb99717@group-2A196422D3A1-StateMachineUpdater] INFO  ratis.ContainerStateMachine (ContainerStateMachine.java:takeSnapshot(304)) - group-2A196422D3A1: Finished taking a snapshot at:(t:1, i:0) file:/github/workspace/mnt/ozone/hadoop-ozone/integration-test/target/test-dir/MiniOzoneClusterImpl-45392ef6-f0d5-4168-b900-afad7710253d/datanode-5/data/ratis/92c66d2b-0479-46c7-a436-2a196422d3a1/sm/snapshot.1_0 time:1
2020-07-16 15:51:38,127 [000e9876-1564-40e7-be97-fe7a2cb99717@group-2A196422D3A1-StateMachineUpdater] INFO  impl.StateMachineUpdater (StateMachineUpdater.java:takeSnapshot(277)) - 000e9876-1564-40e7-be97-fe7a2cb99717@group-2A196422D3A1-StateMachineUpdater: Took a snapshot at index 0
2020-07-16 15:51:38,127 [000e9876-1564-40e7-be97-fe7a2cb99717@group-2A196422D3A1-StateMachineUpdater] INFO  impl.StateMachineUpdater (StateMachineUpdater.java:lambda$new$0(87)) - 000e9876-1564-40e7-be97-fe7a2cb99717@group-2A196422D3A1-StateMachineUpdater: snapshotIndex: updateIncreasingly -1 -> 0
2020-07-16 15:51:38,127 [000e9876-1564-40e7-be97-fe7a2cb99717@group-2A196422D3A1-StateMachineUpdater] INFO  metrics.RatisMetrics (RatisMetrics.java:unregister(43)) - Unregistering Metrics Registry : ratis.state_machine.000e9876-1564-40e7-be97-fe7a2cb99717@group-2A196422D3A1
2020-07-16 15:51:38,132 [Listener at 127.0.0.1/35779] INFO  impl.RaftServerImpl (ServerState.java:close(387)) - 000e9876-1564-40e7-be97-fe7a2cb99717@group-2A196422D3A1: closes. applyIndex: 0
2020-07-16 15:51:38,132 [ForkJoinPool.commonPool-worker-0] INFO  impl.RaftServerImpl (ServerState.java:close(387)) - 8861f160-1711-47f6-a44a-97412e21c0d2@group-2A196422D3A1: closes. applyIndex: 0
2020-07-16 15:51:38,132 [000e9876-1564-40e7-be97-fe7a2cb99717@group-2A196422D3A1-SegmentedRaftLogWorker] INFO  segmented.SegmentedRaftLogWorker (SegmentedRaftLogWorker.java:run(327)) - 000e9876-1564-40e7-be97-fe7a2cb99717@group-2A196422D3A1-SegmentedRaftLogWorker was interrupted, exiting. There are 0 tasks remaining in the queue.
2020-07-16 15:51:38,132 [8861f160-1711-47f6-a44a-97412e21c0d2@group-2A196422D3A1-SegmentedRaftLogWorker] INFO  segmented.SegmentedRaftLogWorker (SegmentedRaftLogWorker.java:run(327)) - 8861f160-1711-47f6-a44a-97412e21c0d2@group-2A196422D3A1-SegmentedRaftLogWorker was interrupted, exiting. There are 0 tasks remaining in the queue.
2020-07-16 15:51:38,133 [ForkJoinPool.commonPool-worker-0] INFO  segmented.SegmentedRaftLogWorker (SegmentedRaftLogWorker.java:close(234)) - 8861f160-1711-47f6-a44a-97412e21c0d2@group-2A196422D3A1-SegmentedRaftLogWorker close()
2020-07-16 15:51:38,133 [Listener at 127.0.0.1/35779] INFO  segmented.SegmentedRaftLogWorker (SegmentedRaftLogWorker.java:close(234)) - 000e9876-1564-40e7-be97-fe7a2cb99717@group-2A196422D3A1-SegmentedRaftLogWorker close()
2020-07-16 15:51:38,134 [ForkJoinPool.commonPool-worker-0] INFO  metrics.RatisMetrics (RatisMetrics.java:unregister(43)) - Unregistering Metrics Registry : ratis.log_worker.8861f160-1711-47f6-a44a-97412e21c0d2@group-2A196422D3A1
2020-07-16 15:51:38,137 [ForkJoinPool.commonPool-worker-0] INFO  metrics.RatisMetrics (RatisMetrics.java:unregister(43)) - Unregistering Metrics Registry : ratis.leader_election.8861f160-1711-47f6-a44a-97412e21c0d2@group-2A196422D3A1
2020-07-16 15:51:38,137 [ForkJoinPool.commonPool-worker-0] INFO  metrics.RatisMetrics (RatisMetrics.java:unregister(43)) - Unregistering Metrics Registry : ratis.server.8861f160-1711-47f6-a44a-97412e21c0d2@group-2A196422D3A1
2020-07-16 15:51:38,137 [ForkJoinPool.commonPool-worker-0] INFO  server.GrpcService (GrpcService.java:closeImpl(166)) - 8861f160-1711-47f6-a44a-97412e21c0d2: shutdown server with port 44857 now
2020-07-16 15:51:38,138 [Listener at 127.0.0.1/35779] INFO  metrics.RatisMetrics (RatisMetrics.java:unregister(43)) - Unregistering Metrics Registry : ratis.log_worker.000e9876-1564-40e7-be97-fe7a2cb99717@group-2A196422D3A1
2020-07-16 15:51:38,138 [Listener at 127.0.0.1/35779] INFO  metrics.RatisMetrics (RatisMetrics.java:unregister(43)) - Unregistering Metrics Registry : ratis.leader_election.000e9876-1564-40e7-be97-fe7a2cb99717@group-2A196422D3A1
2020-07-16 15:51:38,138 [Listener at 127.0.0.1/35779] INFO  metrics.RatisMetrics (RatisMetrics.java:unregister(43)) - Unregistering Metrics Registry : ratis.server.000e9876-1564-40e7-be97-fe7a2cb99717@group-2A196422D3A1
2020-07-16 15:51:38,138 [ForkJoinPool.commonPool-worker-0] INFO  server.GrpcService (GrpcService.java:closeImpl(174)) - 8861f160-1711-47f6-a44a-97412e21c0d2: shutdown server with port 44857 successfully
2020-07-16 15:51:38,138 [Listener at 127.0.0.1/35779] INFO  server.GrpcService (GrpcService.java:closeImpl(166)) - 000e9876-1564-40e7-be97-fe7a2cb99717: shutdown server with port 40603 now
2020-07-16 15:51:38,140 [Listener at 127.0.0.1/35779] INFO  server.GrpcService (GrpcService.java:closeImpl(174)) - 000e9876-1564-40e7-be97-fe7a2cb99717: shutdown server with port 40603 successfully
2020-07-16 15:51:38,141 [Listener at 127.0.0.1/35779] INFO  utils.BackgroundService (BackgroundService.java:shutdown(157)) - Shutting down service BlockDeletingService
2020-07-16 15:51:38,142 [Listener at 127.0.0.1/35779] INFO  statemachine.DatanodeStateMachine (DatanodeStateMachine.java:stopDaemon(428)) - Ozone container server stopped.
2020-07-16 15:51:38,147 [ForkJoinPool.commonPool-worker-0] INFO  utils.BackgroundService (BackgroundService.java:shutdown(157)) - Shutting down service BlockDeletingService
2020-07-16 15:51:38,148 [ForkJoinPool.commonPool-worker-0] INFO  statemachine.DatanodeStateMachine (DatanodeStateMachine.java:stopDaemon(428)) - Ozone container server stopped.
2020-07-16 15:51:38,149 [Listener at 127.0.0.1/35779] INFO  handler.ContextHandler (ContextHandler.java:doStop(1016)) - Stopped o.e.j.w.WebAppContext@1c8020c6{hddsDatanode,/,null,UNAVAILABLE}{jar:file:/home/user/.m2/repository/org/apache/hadoop/hadoop-hdds-container-service/0.6.0-SNAPSHOT/hadoop-hdds-container-service-0.6.0-SNAPSHOT.jar!/webapps/hddsDatanode}
2020-07-16 15:51:38,150 [Listener at 127.0.0.1/35779] INFO  server.AbstractConnector (AbstractConnector.java:doStop(380)) - Stopped ServerConnector@7edc785e{HTTP/1.1,[http/1.1]}{0.0.0.0:0}
2020-07-16 15:51:38,150 [Listener at 127.0.0.1/35779] INFO  server.session (HouseKeeper.java:stopScavenging(158)) - node0 Stopped scavenging
2020-07-16 15:51:38,150 [Listener at 127.0.0.1/35779] INFO  handler.ContextHandler (ContextHandler.java:doStop(1016)) - Stopped o.e.j.s.ServletContextHandler@24f6375b{static,/static,jar:file:/home/user/.m2/repository/org/apache/hadoop/hadoop-hdds-container-service/0.6.0-SNAPSHOT/hadoop-hdds-container-service-0.6.0-SNAPSHOT.jar!/webapps/static,UNAVAILABLE}
2020-07-16 15:51:38,151 [Listener at 127.0.0.1/35779] INFO  handler.ContextHandler (ContextHandler.java:doStop(1016)) - Stopped o.e.j.s.ServletContextHandler@7d1a1ee9{logs,/logs,file:///github/workspace/mnt/ozone/hadoop-ozone/integration-test/target/log,UNAVAILABLE}
2020-07-16 15:51:38,160 [ForkJoinPool.commonPool-worker-0] INFO  handler.ContextHandler (ContextHandler.java:doStop(1016)) - Stopped o.e.j.w.WebAppContext@7dbcbc7b{hddsDatanode,/,null,UNAVAILABLE}{jar:file:/home/user/.m2/repository/org/apache/hadoop/hadoop-hdds-container-service/0.6.0-SNAPSHOT/hadoop-hdds-container-service-0.6.0-SNAPSHOT.jar!/webapps/hddsDatanode}
2020-07-16 15:51:38,161 [ForkJoinPool.commonPool-worker-0] INFO  server.AbstractConnector (AbstractConnector.java:doStop(380)) - Stopped ServerConnector@3463851a{HTTP/1.1,[http/1.1]}{0.0.0.0:0}
2020-07-16 15:51:38,161 [ForkJoinPool.commonPool-worker-0] INFO  server.session (HouseKeeper.java:stopScavenging(158)) - node0 Stopped scavenging
2020-07-16 15:51:38,162 [ForkJoinPool.commonPool-worker-0] INFO  handler.ContextHandler (ContextHandler.java:doStop(1016)) - Stopped o.e.j.s.ServletContextHandler@5db7419c{static,/static,jar:file:/home/user/.m2/repository/org/apache/hadoop/hadoop-hdds-container-service/0.6.0-SNAPSHOT/hadoop-hdds-container-service-0.6.0-SNAPSHOT.jar!/webapps/static,UNAVAILABLE}
2020-07-16 15:51:38,162 [ForkJoinPool.commonPool-worker-0] INFO  handler.ContextHandler (ContextHandler.java:doStop(1016)) - Stopped o.e.j.s.ServletContextHandler@6e879a78{logs,/logs,file:///github/workspace/mnt/ozone/hadoop-ozone/integration-test/target/log,UNAVAILABLE}
2020-07-16 15:51:38,181 [grpc-default-executor-8] WARN  server.GrpcLogAppender (LogUtils.java:warn(122)) - e4e99700-16e7-4e9e-86ca-c902d8203535@group-63549AD2A2A5->72350810-11e7-4c4d-b66f-b995d4606524-AppendLogResponseHandler: Failed appendEntries: org.apache.ratis.thirdparty.io.grpc.StatusRuntimeException: UNAVAILABLE: io exception
2020-07-16 15:51:38,182 [grpc-default-executor-8] INFO  impl.FollowerInfo (FollowerInfo.java:lambda$new$0(51)) - e4e99700-16e7-4e9e-86ca-c902d8203535@group-63549AD2A2A5->72350810-11e7-4c4d-b66f-b995d4606524: nextIndex: updateUnconditionally 1 -> 0
2020-07-16 15:51:38,843 [Datanode State Machine Thread - 0] INFO  statemachine.DatanodeStateMachine (DatanodeStateMachine.java:lambda$startDaemon$0(380)) - Ozone container server started.
2020-07-16 15:51:39,151 [Datanode State Machine Thread - 0] INFO  statemachine.DatanodeStateMachine (DatanodeStateMachine.java:lambda$startDaemon$0(380)) - Ozone container server started.
2020-07-16 15:51:40,681 [grpc-default-executor-7] WARN  server.GrpcLogAppender (LogUtils.java:warn(122)) - e4e99700-16e7-4e9e-86ca-c902d8203535@group-63549AD2A2A5->72350810-11e7-4c4d-b66f-b995d4606524-AppendLogResponseHandler: Failed appendEntries: org.apache.ratis.thirdparty.io.grpc.StatusRuntimeException: UNAVAILABLE: io exception
2020-07-16 15:51:40,682 [grpc-default-executor-7] INFO  impl.FollowerInfo (FollowerInfo.java:lambda$new$0(51)) - e4e99700-16e7-4e9e-86ca-c902d8203535@group-63549AD2A2A5->72350810-11e7-4c4d-b66f-b995d4606524: nextIndex: updateUnconditionally 1 -> 0
2020-07-16 15:51:43,152 [Listener at 127.0.0.1/35779] INFO  ozoneimpl.OzoneContainer (OzoneContainer.java:stop(247)) - Attempting to stop container services.
2020-07-16 15:51:43,152 [Listener at 127.0.0.1/35779] INFO  impl.RaftServerProxy (RaftServerProxy.java:lambda$close$4(319)) - 8c659ee4-8941-403a-a7d5-7771662eec54: close
2020-07-16 15:51:43,153 [Listener at 127.0.0.1/35779] INFO  impl.RaftServerImpl (RaftServerImpl.java:lambda$shutdown$3(252)) - 8c659ee4-8941-403a-a7d5-7771662eec54@group-C17B40A851DA: shutdown
2020-07-16 15:51:43,153 [Listener at 127.0.0.1/35779] INFO  util.JmxRegister (JmxRegister.java:unregister(73)) - Successfully un-registered JMX Bean with object name Ratis:service=RaftServer,group=group-C17B40A851DA,id=8c659ee4-8941-403a-a7d5-7771662eec54
2020-07-16 15:51:43,153 [Listener at 127.0.0.1/35779] INFO  impl.RoleInfo (RoleInfo.java:shutdownFollowerState(121)) - 8c659ee4-8941-403a-a7d5-7771662eec54: shutdown FollowerState
2020-07-16 15:51:43,153 [Listener at 127.0.0.1/35779] INFO  impl.StateMachineUpdater (StateMachineUpdater.java:stopAndJoin(142)) - 8c659ee4-8941-403a-a7d5-7771662eec54@group-C17B40A851DA-StateMachineUpdater: set stopIndex = 0
2020-07-16 15:51:43,153 [Thread-1346] INFO  impl.FollowerState (FollowerState.java:run(117)) - 8c659ee4-8941-403a-a7d5-7771662eec54@group-C17B40A851DA-FollowerState was interrupted: java.lang.InterruptedException: sleep interrupted
2020-07-16 15:51:43,153 [8c659ee4-8941-403a-a7d5-7771662eec54@group-C17B40A851DA-StateMachineUpdater] INFO  ratis.ContainerStateMachine (ContainerStateMachine.java:takeSnapshot(293)) - group-C17B40A851DA: Taking a snapshot at:(t:3, i:0) file /github/workspace/mnt/ozone/hadoop-ozone/integration-test/target/test-dir/MiniOzoneClusterImpl-45392ef6-f0d5-4168-b900-afad7710253d/datanode-7/data/ratis/d5f718ce-ddf2-46ca-bb74-c17b40a851da/sm/snapshot.3_0
2020-07-16 15:51:43,155 [8c659ee4-8941-403a-a7d5-7771662eec54@group-C17B40A851DA-StateMachineUpdater] INFO  ratis.ContainerStateMachine (ContainerStateMachine.java:takeSnapshot(304)) - group-C17B40A851DA: Finished taking a snapshot at:(t:3, i:0) file:/github/workspace/mnt/ozone/hadoop-ozone/integration-test/target/test-dir/MiniOzoneClusterImpl-45392ef6-f0d5-4168-b900-afad7710253d/datanode-7/data/ratis/d5f718ce-ddf2-46ca-bb74-c17b40a851da/sm/snapshot.3_0 time:1
2020-07-16 15:51:43,155 [8c659ee4-8941-403a-a7d5-7771662eec54@group-C17B40A851DA-StateMachineUpdater] INFO  impl.StateMachineUpdater (StateMachineUpdater.java:takeSnapshot(277)) - 8c659ee4-8941-403a-a7d5-7771662eec54@group-C17B40A851DA-StateMachineUpdater: Took a snapshot at index 0
2020-07-16 15:51:43,155 [8c659ee4-8941-403a-a7d5-7771662eec54@group-C17B40A851DA-StateMachineUpdater] INFO  impl.StateMachineUpdater (StateMachineUpdater.java:lambda$new$0(87)) - 8c659ee4-8941-403a-a7d5-7771662eec54@group-C17B40A851DA-StateMachineUpdater: snapshotIndex: updateIncreasingly -1 -> 0
2020-07-16 15:51:43,155 [8c659ee4-8941-403a-a7d5-7771662eec54@group-C17B40A851DA-StateMachineUpdater] INFO  metrics.RatisMetrics (RatisMetrics.java:unregister(43)) - Unregistering Metrics Registry : ratis.state_machine.8c659ee4-8941-403a-a7d5-7771662eec54@group-C17B40A851DA
2020-07-16 15:51:43,156 [Listener at 127.0.0.1/35779] INFO  impl.RaftServerImpl (ServerState.java:close(387)) - 8c659ee4-8941-403a-a7d5-7771662eec54@group-C17B40A851DA: closes. applyIndex: 0
2020-07-16 15:51:43,156 [8c659ee4-8941-403a-a7d5-7771662eec54@group-C17B40A851DA-SegmentedRaftLogWorker] INFO  segmented.SegmentedRaftLogWorker (SegmentedRaftLogWorker.java:run(327)) - 8c659ee4-8941-403a-a7d5-7771662eec54@group-C17B40A851DA-SegmentedRaftLogWorker was interrupted, exiting. There are 0 tasks remaining in the queue.
2020-07-16 15:51:43,157 [Listener at 127.0.0.1/35779] INFO  segmented.SegmentedRaftLogWorker (SegmentedRaftLogWorker.java:close(234)) - 8c659ee4-8941-403a-a7d5-7771662eec54@group-C17B40A851DA-SegmentedRaftLogWorker close()
2020-07-16 15:51:43,158 [Listener at 127.0.0.1/35779] INFO  metrics.RatisMetrics (RatisMetrics.java:unregister(43)) - Unregistering Metrics Registry : ratis.log_worker.8c659ee4-8941-403a-a7d5-7771662eec54@group-C17B40A851DA
2020-07-16 15:51:43,158 [Listener at 127.0.0.1/35779] INFO  metrics.RatisMetrics (RatisMetrics.java:unregister(43)) - Unregistering Metrics Registry : ratis.leader_election.8c659ee4-8941-403a-a7d5-7771662eec54@group-C17B40A851DA
2020-07-16 15:51:43,158 [Listener at 127.0.0.1/35779] INFO  metrics.RatisMetrics (RatisMetrics.java:unregister(43)) - Unregistering Metrics Registry : ratis.server.8c659ee4-8941-403a-a7d5-7771662eec54@group-C17B40A851DA
2020-07-16 15:51:43,159 [Listener at 127.0.0.1/35779] INFO  impl.RaftServerImpl (RaftServerImpl.java:lambda$shutdown$3(252)) - 8c659ee4-8941-403a-a7d5-7771662eec54@group-D00752B5DBF3: shutdown
2020-07-16 15:51:43,159 [Listener at 127.0.0.1/35779] INFO  util.JmxRegister (JmxRegister.java:unregister(73)) - Successfully un-registered JMX Bean with object name Ratis:service=RaftServer,group=group-D00752B5DBF3,id=8c659ee4-8941-403a-a7d5-7771662eec54
2020-07-16 15:51:43,159 [Listener at 127.0.0.1/35779] INFO  impl.RoleInfo (RoleInfo.java:shutdownLeaderState(104)) - 8c659ee4-8941-403a-a7d5-7771662eec54: shutdown LeaderState
2020-07-16 15:51:43,159 [Listener at 127.0.0.1/35779] INFO  impl.PendingRequests (PendingRequests.java:sendNotLeaderResponses(249)) - 8c659ee4-8941-403a-a7d5-7771662eec54@group-D00752B5DBF3-PendingRequests: sendNotLeaderResponses
2020-07-16 15:51:43,159 [Listener at 127.0.0.1/35779] INFO  metrics.RatisMetrics (RatisMetrics.java:unregister(43)) - Unregistering Metrics Registry : ratis.log_appender.8c659ee4-8941-403a-a7d5-7771662eec54@group-D00752B5DBF3
2020-07-16 15:51:43,159 [Listener at 127.0.0.1/35779] INFO  metrics.RatisMetrics (RatisMetrics.java:unregister(43)) - Unregistering Metrics Registry : ratis.server.8c659ee4-8941-403a-a7d5-7771662eec54@group-D00752B5DBF3
2020-07-16 15:51:43,160 [Listener at 127.0.0.1/35779] INFO  impl.StateMachineUpdater (StateMachineUpdater.java:stopAndJoin(142)) - 8c659ee4-8941-403a-a7d5-7771662eec54@group-D00752B5DBF3-StateMachineUpdater: set stopIndex = 0
2020-07-16 15:51:43,160 [8c659ee4-8941-403a-a7d5-7771662eec54@group-D00752B5DBF3-StateMachineUpdater] INFO  ratis.ContainerStateMachine (ContainerStateMachine.java:takeSnapshot(293)) - group-D00752B5DBF3: Taking a snapshot at:(t:1, i:0) file /github/workspace/mnt/ozone/hadoop-ozone/integration-test/target/test-dir/MiniOzoneClusterImpl-45392ef6-f0d5-4168-b900-afad7710253d/datanode-7/data/ratis/2738f610-6324-4853-8ce3-d00752b5dbf3/sm/snapshot.1_0
2020-07-16 15:51:43,161 [8c659ee4-8941-403a-a7d5-7771662eec54@group-D00752B5DBF3-StateMachineUpdater] INFO  ratis.ContainerStateMachine (ContainerStateMachine.java:takeSnapshot(304)) - group-D00752B5DBF3: Finished taking a snapshot at:(t:1, i:0) file:/github/workspace/mnt/ozone/hadoop-ozone/integration-test/target/test-dir/MiniOzoneClusterImpl-45392ef6-f0d5-4168-b900-afad7710253d/datanode-7/data/ratis/2738f610-6324-4853-8ce3-d00752b5dbf3/sm/snapshot.1_0 time:0
2020-07-16 15:51:43,161 [8c659ee4-8941-403a-a7d5-7771662eec54@group-D00752B5DBF3-StateMachineUpdater] INFO  impl.StateMachineUpdater (StateMachineUpdater.java:takeSnapshot(277)) - 8c659ee4-8941-403a-a7d5-7771662eec54@group-D00752B5DBF3-StateMachineUpdater: Took a snapshot at index 0
2020-07-16 15:51:43,161 [8c659ee4-8941-403a-a7d5-7771662eec54@group-D00752B5DBF3-StateMachineUpdater] INFO  impl.StateMachineUpdater (StateMachineUpdater.java:lambda$new$0(87)) - 8c659ee4-8941-403a-a7d5-7771662eec54@group-D00752B5DBF3-StateMachineUpdater: snapshotIndex: updateIncreasingly -1 -> 0
2020-07-16 15:51:43,161 [8c659ee4-8941-403a-a7d5-7771662eec54@group-D00752B5DBF3-StateMachineUpdater] INFO  metrics.RatisMetrics (RatisMetrics.java:unregister(43)) - Unregistering Metrics Registry : ratis.state_machine.8c659ee4-8941-403a-a7d5-7771662eec54@group-D00752B5DBF3
2020-07-16 15:51:43,161 [Listener at 127.0.0.1/35779] INFO  impl.RaftServerImpl (ServerState.java:close(387)) - 8c659ee4-8941-403a-a7d5-7771662eec54@group-D00752B5DBF3: closes. applyIndex: 0
2020-07-16 15:51:43,162 [8c659ee4-8941-403a-a7d5-7771662eec54@group-D00752B5DBF3-SegmentedRaftLogWorker] INFO  segmented.SegmentedRaftLogWorker (SegmentedRaftLogWorker.java:run(327)) - 8c659ee4-8941-403a-a7d5-7771662eec54@group-D00752B5DBF3-SegmentedRaftLogWorker was interrupted, exiting. There are 0 tasks remaining in the queue.
2020-07-16 15:51:43,162 [Listener at 127.0.0.1/35779] INFO  segmented.SegmentedRaftLogWorker (SegmentedRaftLogWorker.java:close(234)) - 8c659ee4-8941-403a-a7d5-7771662eec54@group-D00752B5DBF3-SegmentedRaftLogWorker close()
2020-07-16 15:51:43,164 [Listener at 127.0.0.1/35779] INFO  metrics.RatisMetrics (RatisMetrics.java:unregister(43)) - Unregistering Metrics Registry : ratis.log_worker.8c659ee4-8941-403a-a7d5-7771662eec54@group-D00752B5DBF3
2020-07-16 15:51:43,164 [Listener at 127.0.0.1/35779] INFO  metrics.RatisMetrics (RatisMetrics.java:unregister(43)) - Unregistering Metrics Registry : ratis.leader_election.8c659ee4-8941-403a-a7d5-7771662eec54@group-D00752B5DBF3
2020-07-16 15:51:43,164 [ForkJoinPool.commonPool-worker-0] INFO  ozoneimpl.OzoneContainer (OzoneContainer.java:stop(247)) - Attempting to stop container services.
2020-07-16 15:51:43,164 [ForkJoinPool.commonPool-worker-0] INFO  impl.RaftServerProxy (RaftServerProxy.java:lambda$close$4(319)) - e4e99700-16e7-4e9e-86ca-c902d8203535: close
2020-07-16 15:51:43,164 [Listener at 127.0.0.1/35779] INFO  metrics.RatisMetrics (RatisMetrics.java:unregister(43)) - Unregistering Metrics Registry : ratis.server.8c659ee4-8941-403a-a7d5-7771662eec54@group-D00752B5DBF3
2020-07-16 15:51:43,165 [Listener at 127.0.0.1/35779] INFO  server.GrpcService (GrpcService.java:closeImpl(166)) - 8c659ee4-8941-403a-a7d5-7771662eec54: shutdown server with port 36425 now
2020-07-16 15:51:43,165 [ForkJoinPool.commonPool-worker-0] INFO  impl.RaftServerImpl (RaftServerImpl.java:lambda$shutdown$3(252)) - e4e99700-16e7-4e9e-86ca-c902d8203535@group-533E3E7D5CED: shutdown
2020-07-16 15:51:43,166 [ForkJoinPool.commonPool-worker-0] INFO  util.JmxRegister (JmxRegister.java:unregister(73)) - Successfully un-registered JMX Bean with object name Ratis:service=RaftServer,group=group-533E3E7D5CED,id=e4e99700-16e7-4e9e-86ca-c902d8203535
2020-07-16 15:51:43,166 [ForkJoinPool.commonPool-worker-0] INFO  impl.RoleInfo (RoleInfo.java:shutdownLeaderState(104)) - e4e99700-16e7-4e9e-86ca-c902d8203535: shutdown LeaderState
2020-07-16 15:51:43,166 [ForkJoinPool.commonPool-worker-0] INFO  impl.PendingRequests (PendingRequests.java:sendNotLeaderResponses(249)) - e4e99700-16e7-4e9e-86ca-c902d8203535@group-533E3E7D5CED-PendingRequests: sendNotLeaderResponses
2020-07-16 15:51:43,166 [ForkJoinPool.commonPool-worker-0] INFO  metrics.RatisMetrics (RatisMetrics.java:unregister(43)) - Unregistering Metrics Registry : ratis.log_appender.e4e99700-16e7-4e9e-86ca-c902d8203535@group-533E3E7D5CED
2020-07-16 15:51:43,166 [ForkJoinPool.commonPool-worker-0] INFO  metrics.RatisMetrics (RatisMetrics.java:unregister(43)) - Unregistering Metrics Registry : ratis.server.e4e99700-16e7-4e9e-86ca-c902d8203535@group-533E3E7D5CED
2020-07-16 15:51:43,167 [ForkJoinPool.commonPool-worker-0] INFO  impl.StateMachineUpdater (StateMachineUpdater.java:stopAndJoin(142)) - e4e99700-16e7-4e9e-86ca-c902d8203535@group-533E3E7D5CED-StateMachineUpdater: set stopIndex = 0
2020-07-16 15:51:43,167 [e4e99700-16e7-4e9e-86ca-c902d8203535@group-533E3E7D5CED-StateMachineUpdater] INFO  ratis.ContainerStateMachine (ContainerStateMachine.java:takeSnapshot(293)) - group-533E3E7D5CED: Taking a snapshot at:(t:1, i:0) file /github/workspace/mnt/ozone/hadoop-ozone/integration-test/target/test-dir/MiniOzoneClusterImpl-45392ef6-f0d5-4168-b900-afad7710253d/datanode-0/data/ratis/3ff2ba18-d073-4c82-8e25-533e3e7d5ced/sm/snapshot.1_0
2020-07-16 15:51:43,167 [e4e99700-16e7-4e9e-86ca-c902d8203535@group-533E3E7D5CED-StateMachineUpdater] INFO  ratis.ContainerStateMachine (ContainerStateMachine.java:takeSnapshot(304)) - group-533E3E7D5CED: Finished taking a snapshot at:(t:1, i:0) file:/github/workspace/mnt/ozone/hadoop-ozone/integration-test/target/test-dir/MiniOzoneClusterImpl-45392ef6-f0d5-4168-b900-afad7710253d/datanode-0/data/ratis/3ff2ba18-d073-4c82-8e25-533e3e7d5ced/sm/snapshot.1_0 time:1
2020-07-16 15:51:43,168 [grpc-default-executor-8] WARN  server.GrpcServerProtocolService (LogUtils.java:warn(122)) - 8c659ee4-8941-403a-a7d5-7771662eec54: installSnapshot onError, lastRequest: a4211f84-eb03-46d7-a47e-1243f17c8bc7->8c659ee4-8941-403a-a7d5-7771662eec54#1-t3, previous=(t:0, i:0), leaderCommit=0, initializing? false, entries: size=1, first=(t:3, i:0), CONFIGURATIONENTRY: org.apache.ratis.thirdparty.io.grpc.StatusRuntimeException: CANCELLED: cancelled before receiving half close
2020-07-16 15:51:43,168 [e4e99700-16e7-4e9e-86ca-c902d8203535@group-533E3E7D5CED-StateMachineUpdater] INFO  impl.StateMachineUpdater (StateMachineUpdater.java:takeSnapshot(277)) - e4e99700-16e7-4e9e-86ca-c902d8203535@group-533E3E7D5CED-StateMachineUpdater: Took a snapshot at index 0
2020-07-16 15:51:43,168 [e4e99700-16e7-4e9e-86ca-c902d8203535@group-533E3E7D5CED-StateMachineUpdater] INFO  impl.StateMachineUpdater (StateMachineUpdater.java:lambda$new$0(87)) - e4e99700-16e7-4e9e-86ca-c902d8203535@group-533E3E7D5CED-StateMachineUpdater: snapshotIndex: updateIncreasingly -1 -> 0
2020-07-16 15:51:43,168 [e4e99700-16e7-4e9e-86ca-c902d8203535@group-533E3E7D5CED-StateMachineUpdater] INFO  metrics.RatisMetrics (RatisMetrics.java:unregister(43)) - Unregistering Metrics Registry : ratis.state_machine.e4e99700-16e7-4e9e-86ca-c902d8203535@group-533E3E7D5CED
2020-07-16 15:51:43,168 [grpc-default-executor-7] WARN  server.GrpcLogAppender (LogUtils.java:warn(122)) - a4211f84-eb03-46d7-a47e-1243f17c8bc7@group-C17B40A851DA->8c659ee4-8941-403a-a7d5-7771662eec54-AppendLogResponseHandler: Failed appendEntries: org.apache.ratis.thirdparty.io.grpc.StatusRuntimeException: CANCELLED: HTTP/2 error code: CANCEL
Received Rst Stream
2020-07-16 15:51:43,169 [ForkJoinPool.commonPool-worker-0] INFO  impl.RaftServerImpl (ServerState.java:close(387)) - e4e99700-16e7-4e9e-86ca-c902d8203535@group-533E3E7D5CED: closes. applyIndex: 0
2020-07-16 15:51:43,169 [e4e99700-16e7-4e9e-86ca-c902d8203535@group-533E3E7D5CED-SegmentedRaftLogWorker] INFO  segmented.SegmentedRaftLogWorker (SegmentedRaftLogWorker.java:run(327)) - e4e99700-16e7-4e9e-86ca-c902d8203535@group-533E3E7D5CED-SegmentedRaftLogWorker was interrupted, exiting. There are 0 tasks remaining in the queue.
2020-07-16 15:51:43,171 [grpc-default-executor-7] INFO  impl.FollowerInfo (FollowerInfo.java:lambda$new$0(51)) - a4211f84-eb03-46d7-a47e-1243f17c8bc7@group-C17B40A851DA->8c659ee4-8941-403a-a7d5-7771662eec54: nextIndex: updateUnconditionally 1 -> 0
2020-07-16 15:51:43,172 [ForkJoinPool.commonPool-worker-0] INFO  segmented.SegmentedRaftLogWorker (SegmentedRaftLogWorker.java:close(234)) - e4e99700-16e7-4e9e-86ca-c902d8203535@group-533E3E7D5CED-SegmentedRaftLogWorker close()
2020-07-16 15:51:43,172 [ForkJoinPool.commonPool-worker-0] INFO  metrics.RatisMetrics (RatisMetrics.java:unregister(43)) - Unregistering Metrics Registry : ratis.log_worker.e4e99700-16e7-4e9e-86ca-c902d8203535@group-533E3E7D5CED
2020-07-16 15:51:43,172 [ForkJoinPool.commonPool-worker-0] INFO  metrics.RatisMetrics (RatisMetrics.java:unregister(43)) - Unregistering Metrics Registry : ratis.leader_election.e4e99700-16e7-4e9e-86ca-c902d8203535@group-533E3E7D5CED
2020-07-16 15:51:43,173 [ForkJoinPool.commonPool-worker-0] INFO  metrics.RatisMetrics (RatisMetrics.java:unregister(43)) - Unregistering Metrics Registry : ratis.server.e4e99700-16e7-4e9e-86ca-c902d8203535@group-533E3E7D5CED
2020-07-16 15:51:43,173 [ForkJoinPool.commonPool-worker-0] INFO  impl.RaftServerImpl (RaftServerImpl.java:lambda$shutdown$3(252)) - e4e99700-16e7-4e9e-86ca-c902d8203535@group-63549AD2A2A5: shutdown
2020-07-16 15:51:43,173 [ForkJoinPool.commonPool-worker-0] INFO  util.JmxRegister (JmxRegister.java:unregister(73)) - Successfully un-registered JMX Bean with object name Ratis:service=RaftServer,group=group-63549AD2A2A5,id=e4e99700-16e7-4e9e-86ca-c902d8203535
2020-07-16 15:51:43,173 [ForkJoinPool.commonPool-worker-0] INFO  impl.RoleInfo (RoleInfo.java:shutdownLeaderState(104)) - e4e99700-16e7-4e9e-86ca-c902d8203535: shutdown LeaderState
2020-07-16 15:51:43,173 [ForkJoinPool.commonPool-worker-0] INFO  metrics.RatisMetrics (RatisMetrics.java:unregister(43)) - Unregistering Metrics Registry : ratis_grpc.log_appender.e4e99700-16e7-4e9e-86ca-c902d8203535@group-63549AD2A2A5
2020-07-16 15:51:43,174 [ForkJoinPool.commonPool-worker-0] INFO  metrics.RatisMetrics (RatisMetrics.java:unregister(43)) - Unregistering Metrics Registry : ratis_grpc.log_appender.e4e99700-16e7-4e9e-86ca-c902d8203535@group-63549AD2A2A5
2020-07-16 15:51:43,174 [org.apache.ratis.server.impl.LogAppender$AppenderDaemon$$Lambda$423/1061808257@3ff817a5] WARN  server.GrpcLogAppender (GrpcLogAppender.java:mayWait(153)) - e4e99700-16e7-4e9e-86ca-c902d8203535@group-63549AD2A2A5->72350810-11e7-4c4d-b66f-b995d4606524-GrpcLogAppender: Wait interrupted by java.lang.InterruptedException
2020-07-16 15:51:43,175 [ForkJoinPool.commonPool-worker-0] INFO  impl.PendingRequests (PendingRequests.java:sendNotLeaderResponses(249)) - e4e99700-16e7-4e9e-86ca-c902d8203535@group-63549AD2A2A5-PendingRequests: sendNotLeaderResponses
2020-07-16 15:51:43,175 [org.apache.ratis.server.impl.LogAppender$AppenderDaemon$$Lambda$423/1061808257@75391a1a] WARN  server.GrpcLogAppender (GrpcLogAppender.java:mayWait(153)) - e4e99700-16e7-4e9e-86ca-c902d8203535@group-63549AD2A2A5->1d5bf7e4-8d96-4310-9f32-ec9edaa2380c-GrpcLogAppender: Wait interrupted by java.lang.InterruptedException
2020-07-16 15:51:43,176 [grpc-default-executor-7] INFO  server.GrpcServerProtocolService (GrpcServerProtocolService.java:onCompleted(138)) - 1d5bf7e4-8d96-4310-9f32-ec9edaa2380c: Completed APPEND_ENTRIES, lastRequest: e4e99700-16e7-4e9e-86ca-c902d8203535->1d5bf7e4-8d96-4310-9f32-ec9edaa2380c#1-t1, previous=(t:0, i:0), leaderCommit=0, initializing? false, entries: size=1, first=(t:1, i:0), CONFIGURATIONENTRY
2020-07-16 15:51:43,175 [ForkJoinPool.commonPool-worker-0] INFO  metrics.RatisMetrics (RatisMetrics.java:unregister(43)) - Unregistering Metrics Registry : ratis.log_appender.e4e99700-16e7-4e9e-86ca-c902d8203535@group-63549AD2A2A5
2020-07-16 15:51:43,176 [ForkJoinPool.commonPool-worker-0] INFO  metrics.RatisMetrics (RatisMetrics.java:unregister(43)) - Unregistering Metrics Registry : ratis.server.e4e99700-16e7-4e9e-86ca-c902d8203535@group-63549AD2A2A5
2020-07-16 15:51:43,177 [ForkJoinPool.commonPool-worker-0] INFO  impl.StateMachineUpdater (StateMachineUpdater.java:stopAndJoin(142)) - e4e99700-16e7-4e9e-86ca-c902d8203535@group-63549AD2A2A5-StateMachineUpdater: set stopIndex = 0
2020-07-16 15:51:43,177 [e4e99700-16e7-4e9e-86ca-c902d8203535@group-63549AD2A2A5-StateMachineUpdater] INFO  ratis.ContainerStateMachine (ContainerStateMachine.java:takeSnapshot(293)) - group-63549AD2A2A5: Taking a snapshot at:(t:1, i:0) file /github/workspace/mnt/ozone/hadoop-ozone/integration-test/target/test-dir/MiniOzoneClusterImpl-45392ef6-f0d5-4168-b900-afad7710253d/datanode-0/data/ratis/fd8f500c-a8cf-41e6-b167-63549ad2a2a5/sm/snapshot.1_0
2020-07-16 15:51:43,178 [grpc-default-executor-8] INFO  server.GrpcLogAppender (GrpcLogAppender.java:onCompleted(319)) - e4e99700-16e7-4e9e-86ca-c902d8203535@group-63549AD2A2A5->1d5bf7e4-8d96-4310-9f32-ec9edaa2380c-AppendLogResponseHandler: follower responses appendEntries COMPLETED
2020-07-16 15:51:43,178 [Listener at 127.0.0.1/35779] INFO  server.GrpcService (GrpcService.java:closeImpl(174)) - 8c659ee4-8941-403a-a7d5-7771662eec54: shutdown server with port 36425 successfully
2020-07-16 15:51:43,178 [e4e99700-16e7-4e9e-86ca-c902d8203535@group-63549AD2A2A5-StateMachineUpdater] INFO  ratis.ContainerStateMachine (ContainerStateMachine.java:takeSnapshot(304)) - group-63549AD2A2A5: Finished taking a snapshot at:(t:1, i:0) file:/github/workspace/mnt/ozone/hadoop-ozone/integration-test/target/test-dir/MiniOzoneClusterImpl-45392ef6-f0d5-4168-b900-afad7710253d/datanode-0/data/ratis/fd8f500c-a8cf-41e6-b167-63549ad2a2a5/sm/snapshot.1_0 time:0
2020-07-16 15:51:43,179 [e4e99700-16e7-4e9e-86ca-c902d8203535@group-63549AD2A2A5-StateMachineUpdater] INFO  impl.StateMachineUpdater (StateMachineUpdater.java:takeSnapshot(277)) - e4e99700-16e7-4e9e-86ca-c902d8203535@group-63549AD2A2A5-StateMachineUpdater: Took a snapshot at index 0
2020-07-16 15:51:43,179 [e4e99700-16e7-4e9e-86ca-c902d8203535@group-63549AD2A2A5-StateMachineUpdater] INFO  impl.StateMachineUpdater (StateMachineUpdater.java:lambda$new$0(87)) - e4e99700-16e7-4e9e-86ca-c902d8203535@group-63549AD2A2A5-StateMachineUpdater: snapshotIndex: updateIncreasingly -1 -> 0
2020-07-16 15:51:43,179 [e4e99700-16e7-4e9e-86ca-c902d8203535@group-63549AD2A2A5-StateMachineUpdater] INFO  metrics.RatisMetrics (RatisMetrics.java:unregister(43)) - Unregistering Metrics Registry : ratis.state_machine.e4e99700-16e7-4e9e-86ca-c902d8203535@group-63549AD2A2A5
2020-07-16 15:51:43,179 [Listener at 127.0.0.1/35779] INFO  utils.BackgroundService (BackgroundService.java:shutdown(157)) - Shutting down service BlockDeletingService
2020-07-16 15:51:43,179 [ForkJoinPool.commonPool-worker-0] INFO  impl.RaftServerImpl (ServerState.java:close(387)) - e4e99700-16e7-4e9e-86ca-c902d8203535@group-63549AD2A2A5: closes. applyIndex: 0
2020-07-16 15:51:43,179 [e4e99700-16e7-4e9e-86ca-c902d8203535@group-63549AD2A2A5-SegmentedRaftLogWorker] INFO  segmented.SegmentedRaftLogWorker (SegmentedRaftLogWorker.java:run(327)) - e4e99700-16e7-4e9e-86ca-c902d8203535@group-63549AD2A2A5-SegmentedRaftLogWorker was interrupted, exiting. There are 0 tasks remaining in the queue.
2020-07-16 15:51:43,179 [ForkJoinPool.commonPool-worker-0] INFO  segmented.SegmentedRaftLogWorker (SegmentedRaftLogWorker.java:close(234)) - e4e99700-16e7-4e9e-86ca-c902d8203535@group-63549AD2A2A5-SegmentedRaftLogWorker close()
2020-07-16 15:51:43,182 [ForkJoinPool.commonPool-worker-0] INFO  metrics.RatisMetrics (RatisMetrics.java:unregister(43)) - Unregistering Metrics Registry : ratis.log_worker.e4e99700-16e7-4e9e-86ca-c902d8203535@group-63549AD2A2A5
2020-07-16 15:51:43,185 [ForkJoinPool.commonPool-worker-0] INFO  metrics.RatisMetrics (RatisMetrics.java:unregister(43)) - Unregistering Metrics Registry : ratis.leader_election.e4e99700-16e7-4e9e-86ca-c902d8203535@group-63549AD2A2A5
2020-07-16 15:51:43,185 [ForkJoinPool.commonPool-worker-0] INFO  metrics.RatisMetrics (RatisMetrics.java:unregister(43)) - Unregistering Metrics Registry : ratis.server.e4e99700-16e7-4e9e-86ca-c902d8203535@group-63549AD2A2A5
2020-07-16 15:51:43,183 [Listener at 127.0.0.1/35779] INFO  statemachine.DatanodeStateMachine (DatanodeStateMachine.java:stopDaemon(428)) - Ozone container server stopped.
2020-07-16 15:51:43,182 [grpc-default-executor-8] INFO  impl.FollowerInfo (FollowerInfo.java:lambda$new$0(51)) - e4e99700-16e7-4e9e-86ca-c902d8203535@group-63549AD2A2A5->1d5bf7e4-8d96-4310-9f32-ec9edaa2380c: nextIndex: updateUnconditionally 1 -> 0
2020-07-16 15:51:43,185 [ForkJoinPool.commonPool-worker-0] INFO  server.GrpcService (GrpcService.java:closeImpl(166)) - e4e99700-16e7-4e9e-86ca-c902d8203535: shutdown server with port 36525 now
2020-07-16 15:51:43,186 [ForkJoinPool.commonPool-worker-0] INFO  server.GrpcService (GrpcService.java:closeImpl(174)) - e4e99700-16e7-4e9e-86ca-c902d8203535: shutdown server with port 36525 successfully
2020-07-16 15:51:43,188 [ForkJoinPool.commonPool-worker-0] INFO  utils.BackgroundService (BackgroundService.java:shutdown(157)) - Shutting down service BlockDeletingService
2020-07-16 15:51:43,189 [ForkJoinPool.commonPool-worker-0] INFO  statemachine.DatanodeStateMachine (DatanodeStateMachine.java:stopDaemon(428)) - Ozone container server stopped.
2020-07-16 15:51:43,197 [Listener at 127.0.0.1/35779] INFO  handler.ContextHandler (ContextHandler.java:doStop(1016)) - Stopped o.e.j.w.WebAppContext@687101a2{hddsDatanode,/,null,UNAVAILABLE}{jar:file:/home/user/.m2/repository/org/apache/hadoop/hadoop-hdds-container-service/0.6.0-SNAPSHOT/hadoop-hdds-container-service-0.6.0-SNAPSHOT.jar!/webapps/hddsDatanode}
2020-07-16 15:51:43,197 [Listener at 127.0.0.1/35779] INFO  server.AbstractConnector (AbstractConnector.java:doStop(380)) - Stopped ServerConnector@6f2d77e9{HTTP/1.1,[http/1.1]}{0.0.0.0:0}
2020-07-16 15:51:43,197 [Listener at 127.0.0.1/35779] INFO  server.session (HouseKeeper.java:stopScavenging(158)) - node0 Stopped scavenging
2020-07-16 15:51:43,197 [Listener at 127.0.0.1/35779] INFO  handler.ContextHandler (ContextHandler.java:doStop(1016)) - Stopped o.e.j.s.ServletContextHandler@265b52b7{static,/static,jar:file:/home/user/.m2/repository/org/apache/hadoop/hadoop-hdds-container-service/0.6.0-SNAPSHOT/hadoop-hdds-container-service-0.6.0-SNAPSHOT.jar!/webapps/static,UNAVAILABLE}
2020-07-16 15:51:43,198 [Listener at 127.0.0.1/35779] INFO  handler.ContextHandler (ContextHandler.java:doStop(1016)) - Stopped o.e.j.s.ServletContextHandler@5440942{logs,/logs,file:///github/workspace/mnt/ozone/hadoop-ozone/integration-test/target/log,UNAVAILABLE}
2020-07-16 15:51:43,201 [ForkJoinPool.commonPool-worker-0] INFO  handler.ContextHandler (ContextHandler.java:doStop(1016)) - Stopped o.e.j.w.WebAppContext@144ad1f5{hddsDatanode,/,null,UNAVAILABLE}{jar:file:/home/user/.m2/repository/org/apache/hadoop/hadoop-hdds-container-service/0.6.0-SNAPSHOT/hadoop-hdds-container-service-0.6.0-SNAPSHOT.jar!/webapps/hddsDatanode}
2020-07-16 15:51:43,202 [ForkJoinPool.commonPool-worker-0] INFO  server.AbstractConnector (AbstractConnector.java:doStop(380)) - Stopped ServerConnector@6d9020e6{HTTP/1.1,[http/1.1]}{0.0.0.0:0}
2020-07-16 15:51:43,202 [ForkJoinPool.commonPool-worker-0] INFO  server.session (HouseKeeper.java:stopScavenging(158)) - node0 Stopped scavenging
2020-07-16 15:51:43,203 [ForkJoinPool.commonPool-worker-0] INFO  handler.ContextHandler (ContextHandler.java:doStop(1016)) - Stopped o.e.j.s.ServletContextHandler@48c15d35{static,/static,jar:file:/home/user/.m2/repository/org/apache/hadoop/hadoop-hdds-container-service/0.6.0-SNAPSHOT/hadoop-hdds-container-service-0.6.0-SNAPSHOT.jar!/webapps/static,UNAVAILABLE}
2020-07-16 15:51:43,203 [ForkJoinPool.commonPool-worker-0] INFO  handler.ContextHandler (ContextHandler.java:doStop(1016)) - Stopped o.e.j.s.ServletContextHandler@57b9ce87{logs,/logs,file:///github/workspace/mnt/ozone/hadoop-ozone/integration-test/target/log,UNAVAILABLE}
2020-07-16 15:51:43,888 [Datanode State Machine Thread - 0] INFO  statemachine.DatanodeStateMachine (DatanodeStateMachine.java:lambda$startDaemon$0(380)) - Ozone container server started.
2020-07-16 15:51:44,047 [Datanode State Machine Thread - 0] INFO  statemachine.DatanodeStateMachine (DatanodeStateMachine.java:lambda$startDaemon$0(380)) - Ozone container server started.
2020-07-16 15:51:45,441 [grpc-default-executor-7] WARN  server.GrpcLogAppender (LogUtils.java:warn(122)) - a4211f84-eb03-46d7-a47e-1243f17c8bc7@group-C17B40A851DA->8c659ee4-8941-403a-a7d5-7771662eec54-AppendLogResponseHandler: Failed appendEntries: org.apache.ratis.thirdparty.io.grpc.StatusRuntimeException: UNAVAILABLE: io exception
2020-07-16 15:51:45,442 [grpc-default-executor-7] INFO  impl.FollowerInfo (FollowerInfo.java:lambda$new$0(51)) - a4211f84-eb03-46d7-a47e-1243f17c8bc7@group-C17B40A851DA->8c659ee4-8941-403a-a7d5-7771662eec54: nextIndex: updateUnconditionally 1 -> 0
2020-07-16 15:51:47,943 [grpc-default-executor-8] WARN  server.GrpcLogAppender (LogUtils.java:warn(122)) - a4211f84-eb03-46d7-a47e-1243f17c8bc7@group-C17B40A851DA->8c659ee4-8941-403a-a7d5-7771662eec54-AppendLogResponseHandler: Failed appendEntries: org.apache.ratis.thirdparty.io.grpc.StatusRuntimeException: UNAVAILABLE: io exception
2020-07-16 15:51:47,944 [grpc-default-executor-8] INFO  impl.FollowerInfo (FollowerInfo.java:lambda$new$0(51)) - a4211f84-eb03-46d7-a47e-1243f17c8bc7@group-C17B40A851DA->8c659ee4-8941-403a-a7d5-7771662eec54: nextIndex: updateUnconditionally 1 -> 0
2020-07-16 15:51:48,200 [Listener at 127.0.0.1/35779] INFO  ozoneimpl.OzoneContainer (OzoneContainer.java:stop(247)) - Attempting to stop container services.
2020-07-16 15:51:48,200 [Listener at 127.0.0.1/35779] INFO  impl.RaftServerProxy (RaftServerProxy.java:lambda$close$4(319)) - a4211f84-eb03-46d7-a47e-1243f17c8bc7: close
2020-07-16 15:51:48,200 [Listener at 127.0.0.1/35779] INFO  impl.RaftServerImpl (RaftServerImpl.java:lambda$shutdown$3(252)) - a4211f84-eb03-46d7-a47e-1243f17c8bc7@group-B78C77901B76: shutdown
2020-07-16 15:51:48,201 [Listener at 127.0.0.1/35779] INFO  util.JmxRegister (JmxRegister.java:unregister(73)) - Successfully un-registered JMX Bean with object name Ratis:service=RaftServer,group=group-B78C77901B76,id=a4211f84-eb03-46d7-a47e-1243f17c8bc7
2020-07-16 15:51:48,201 [Listener at 127.0.0.1/35779] INFO  impl.RoleInfo (RoleInfo.java:shutdownLeaderState(104)) - a4211f84-eb03-46d7-a47e-1243f17c8bc7: shutdown LeaderState
2020-07-16 15:51:48,201 [Listener at 127.0.0.1/35779] INFO  impl.PendingRequests (PendingRequests.java:sendNotLeaderResponses(249)) - a4211f84-eb03-46d7-a47e-1243f17c8bc7@group-B78C77901B76-PendingRequests: sendNotLeaderResponses
2020-07-16 15:51:48,201 [Listener at 127.0.0.1/35779] INFO  metrics.RatisMetrics (RatisMetrics.java:unregister(43)) - Unregistering Metrics Registry : ratis.log_appender.a4211f84-eb03-46d7-a47e-1243f17c8bc7@group-B78C77901B76
2020-07-16 15:51:48,201 [Listener at 127.0.0.1/35779] INFO  metrics.RatisMetrics (RatisMetrics.java:unregister(43)) - Unregistering Metrics Registry : ratis.server.a4211f84-eb03-46d7-a47e-1243f17c8bc7@group-B78C77901B76
2020-07-16 15:51:48,202 [Listener at 127.0.0.1/35779] INFO  impl.StateMachineUpdater (StateMachineUpdater.java:stopAndJoin(142)) - a4211f84-eb03-46d7-a47e-1243f17c8bc7@group-B78C77901B76-StateMachineUpdater: set stopIndex = 0
2020-07-16 15:51:48,203 [a4211f84-eb03-46d7-a47e-1243f17c8bc7@group-B78C77901B76-StateMachineUpdater] INFO  ratis.ContainerStateMachine (ContainerStateMachine.java:takeSnapshot(293)) - group-B78C77901B76: Taking a snapshot at:(t:1, i:0) file /github/workspace/mnt/ozone/hadoop-ozone/integration-test/target/test-dir/MiniOzoneClusterImpl-45392ef6-f0d5-4168-b900-afad7710253d/datanode-8/data/ratis/7d889a9b-cc54-4cb8-8852-b78c77901b76/sm/snapshot.1_0
2020-07-16 15:51:48,204 [a4211f84-eb03-46d7-a47e-1243f17c8bc7@group-B78C77901B76-StateMachineUpdater] INFO  ratis.ContainerStateMachine (ContainerStateMachine.java:takeSnapshot(304)) - group-B78C77901B76: Finished taking a snapshot at:(t:1, i:0) file:/github/workspace/mnt/ozone/hadoop-ozone/integration-test/target/test-dir/MiniOzoneClusterImpl-45392ef6-f0d5-4168-b900-afad7710253d/datanode-8/data/ratis/7d889a9b-cc54-4cb8-8852-b78c77901b76/sm/snapshot.1_0 time:1
2020-07-16 15:51:48,204 [a4211f84-eb03-46d7-a47e-1243f17c8bc7@group-B78C77901B76-StateMachineUpdater] INFO  impl.StateMachineUpdater (StateMachineUpdater.java:takeSnapshot(277)) - a4211f84-eb03-46d7-a47e-1243f17c8bc7@group-B78C77901B76-StateMachineUpdater: Took a snapshot at index 0
2020-07-16 15:51:48,204 [a4211f84-eb03-46d7-a47e-1243f17c8bc7@group-B78C77901B76-StateMachineUpdater] INFO  impl.StateMachineUpdater (StateMachineUpdater.java:lambda$new$0(87)) - a4211f84-eb03-46d7-a47e-1243f17c8bc7@group-B78C77901B76-StateMachineUpdater: snapshotIndex: updateIncreasingly -1 -> 0
2020-07-16 15:51:48,204 [a4211f84-eb03-46d7-a47e-1243f17c8bc7@group-B78C77901B76-StateMachineUpdater] INFO  metrics.RatisMetrics (RatisMetrics.java:unregister(43)) - Unregistering Metrics Registry : ratis.state_machine.a4211f84-eb03-46d7-a47e-1243f17c8bc7@group-B78C77901B76
2020-07-16 15:51:48,204 [Listener at 127.0.0.1/35779] INFO  impl.RaftServerImpl (ServerState.java:close(387)) - a4211f84-eb03-46d7-a47e-1243f17c8bc7@group-B78C77901B76: closes. applyIndex: 0
2020-07-16 15:51:48,204 [a4211f84-eb03-46d7-a47e-1243f17c8bc7@group-B78C77901B76-SegmentedRaftLogWorker] INFO  segmented.SegmentedRaftLogWorker (SegmentedRaftLogWorker.java:run(327)) - a4211f84-eb03-46d7-a47e-1243f17c8bc7@group-B78C77901B76-SegmentedRaftLogWorker was interrupted, exiting. There are 0 tasks remaining in the queue.
2020-07-16 15:51:48,205 [Listener at 127.0.0.1/35779] INFO  segmented.SegmentedRaftLogWorker (SegmentedRaftLogWorker.java:close(234)) - a4211f84-eb03-46d7-a47e-1243f17c8bc7@group-B78C77901B76-SegmentedRaftLogWorker close()
2020-07-16 15:51:48,205 [Listener at 127.0.0.1/35779] INFO  metrics.RatisMetrics (RatisMetrics.java:unregister(43)) - Unregistering Metrics Registry : ratis.log_worker.a4211f84-eb03-46d7-a47e-1243f17c8bc7@group-B78C77901B76
2020-07-16 15:51:48,205 [ForkJoinPool.commonPool-worker-0] INFO  ozoneimpl.OzoneContainer (OzoneContainer.java:stop(247)) - Attempting to stop container services.
2020-07-16 15:51:48,206 [ForkJoinPool.commonPool-worker-0] INFO  impl.RaftServerProxy (RaftServerProxy.java:lambda$close$4(319)) - 1d5bf7e4-8d96-4310-9f32-ec9edaa2380c: close
2020-07-16 15:51:48,206 [Listener at 127.0.0.1/35779] INFO  metrics.RatisMetrics (RatisMetrics.java:unregister(43)) - Unregistering Metrics Registry : ratis.leader_election.a4211f84-eb03-46d7-a47e-1243f17c8bc7@group-B78C77901B76
2020-07-16 15:51:48,206 [ForkJoinPool.commonPool-worker-0] INFO  impl.RaftServerImpl (RaftServerImpl.java:lambda$shutdown$3(252)) - 1d5bf7e4-8d96-4310-9f32-ec9edaa2380c@group-B6BBBEA15AAF: shutdown
2020-07-16 15:51:48,206 [Listener at 127.0.0.1/35779] INFO  metrics.RatisMetrics (RatisMetrics.java:unregister(43)) - Unregistering Metrics Registry : ratis.server.a4211f84-eb03-46d7-a47e-1243f17c8bc7@group-B78C77901B76
2020-07-16 15:51:48,206 [ForkJoinPool.commonPool-worker-0] INFO  util.JmxRegister (JmxRegister.java:unregister(73)) - Successfully un-registered JMX Bean with object name Ratis:service=RaftServer,group=group-B6BBBEA15AAF,id=1d5bf7e4-8d96-4310-9f32-ec9edaa2380c
2020-07-16 15:51:48,207 [ForkJoinPool.commonPool-worker-0] INFO  impl.RoleInfo (RoleInfo.java:shutdownLeaderState(104)) - 1d5bf7e4-8d96-4310-9f32-ec9edaa2380c: shutdown LeaderState
2020-07-16 15:51:48,206 [Listener at 127.0.0.1/35779] INFO  impl.RaftServerImpl (RaftServerImpl.java:lambda$shutdown$3(252)) - a4211f84-eb03-46d7-a47e-1243f17c8bc7@group-C17B40A851DA: shutdown
2020-07-16 15:51:48,207 [Listener at 127.0.0.1/35779] INFO  util.JmxRegister (JmxRegister.java:unregister(73)) - Successfully un-registered JMX Bean with object name Ratis:service=RaftServer,group=group-C17B40A851DA,id=a4211f84-eb03-46d7-a47e-1243f17c8bc7
2020-07-16 15:51:48,207 [Listener at 127.0.0.1/35779] INFO  impl.RoleInfo (RoleInfo.java:shutdownLeaderState(104)) - a4211f84-eb03-46d7-a47e-1243f17c8bc7: shutdown LeaderState
2020-07-16 15:51:48,207 [Listener at 127.0.0.1/35779] INFO  metrics.RatisMetrics (RatisMetrics.java:unregister(43)) - Unregistering Metrics Registry : ratis_grpc.log_appender.a4211f84-eb03-46d7-a47e-1243f17c8bc7@group-C17B40A851DA
2020-07-16 15:51:48,207 [ForkJoinPool.commonPool-worker-0] INFO  impl.PendingRequests (PendingRequests.java:sendNotLeaderResponses(249)) - 1d5bf7e4-8d96-4310-9f32-ec9edaa2380c@group-B6BBBEA15AAF-PendingRequests: sendNotLeaderResponses
2020-07-16 15:51:48,207 [ForkJoinPool.commonPool-worker-0] INFO  metrics.RatisMetrics (RatisMetrics.java:unregister(43)) - Unregistering Metrics Registry : ratis.log_appender.1d5bf7e4-8d96-4310-9f32-ec9edaa2380c@group-B6BBBEA15AAF
2020-07-16 15:51:48,208 [ForkJoinPool.commonPool-worker-0] INFO  metrics.RatisMetrics (RatisMetrics.java:unregister(43)) - Unregistering Metrics Registry : ratis.server.1d5bf7e4-8d96-4310-9f32-ec9edaa2380c@group-B6BBBEA15AAF
2020-07-16 15:51:48,208 [ForkJoinPool.commonPool-worker-0] INFO  impl.StateMachineUpdater (StateMachineUpdater.java:stopAndJoin(142)) - 1d5bf7e4-8d96-4310-9f32-ec9edaa2380c@group-B6BBBEA15AAF-StateMachineUpdater: set stopIndex = 0
2020-07-16 15:51:48,209 [1d5bf7e4-8d96-4310-9f32-ec9edaa2380c@group-B6BBBEA15AAF-StateMachineUpdater] INFO  ratis.ContainerStateMachine (ContainerStateMachine.java:takeSnapshot(293)) - group-B6BBBEA15AAF: Taking a snapshot at:(t:1, i:0) file /github/workspace/mnt/ozone/hadoop-ozone/integration-test/target/test-dir/MiniOzoneClusterImpl-45392ef6-f0d5-4168-b900-afad7710253d/datanode-1/data/ratis/3a12e4d9-0945-4c30-a575-b6bbbea15aaf/sm/snapshot.1_0
2020-07-16 15:51:48,209 [org.apache.ratis.server.impl.LogAppender$AppenderDaemon$$Lambda$423/1061808257@2ed0ca6c] WARN  server.GrpcLogAppender (GrpcLogAppender.java:mayWait(153)) - a4211f84-eb03-46d7-a47e-1243f17c8bc7@group-C17B40A851DA->a6d40ba8-5007-4ff3-951d-f8e344c09f1a-GrpcLogAppender: Wait interrupted by java.lang.InterruptedException
2020-07-16 15:51:48,209 [Listener at 127.0.0.1/35779] INFO  metrics.RatisMetrics (RatisMetrics.java:unregister(43)) - Unregistering Metrics Registry : ratis_grpc.log_appender.a4211f84-eb03-46d7-a47e-1243f17c8bc7@group-C17B40A851DA
2020-07-16 15:51:48,210 [grpc-default-executor-8] INFO  server.GrpcServerProtocolService (GrpcServerProtocolService.java:onCompleted(138)) - a6d40ba8-5007-4ff3-951d-f8e344c09f1a: Completed APPEND_ENTRIES, lastRequest: a4211f84-eb03-46d7-a47e-1243f17c8bc7->a6d40ba8-5007-4ff3-951d-f8e344c09f1a#1-t3, previous=(t:0, i:0), leaderCommit=-1, initializing? false, entries: size=1, first=(t:3, i:0), CONFIGURATIONENTRY
2020-07-16 15:51:48,212 [1d5bf7e4-8d96-4310-9f32-ec9edaa2380c@group-B6BBBEA15AAF-StateMachineUpdater] INFO  ratis.ContainerStateMachine (ContainerStateMachine.java:takeSnapshot(304)) - group-B6BBBEA15AAF: Finished taking a snapshot at:(t:1, i:0) file:/github/workspace/mnt/ozone/hadoop-ozone/integration-test/target/test-dir/MiniOzoneClusterImpl-45392ef6-f0d5-4168-b900-afad7710253d/datanode-1/data/ratis/3a12e4d9-0945-4c30-a575-b6bbbea15aaf/sm/snapshot.1_0 time:3
2020-07-16 15:51:48,212 [1d5bf7e4-8d96-4310-9f32-ec9edaa2380c@group-B6BBBEA15AAF-StateMachineUpdater] INFO  impl.StateMachineUpdater (StateMachineUpdater.java:takeSnapshot(277)) - 1d5bf7e4-8d96-4310-9f32-ec9edaa2380c@group-B6BBBEA15AAF-StateMachineUpdater: Took a snapshot at index 0
2020-07-16 15:51:48,212 [1d5bf7e4-8d96-4310-9f32-ec9edaa2380c@group-B6BBBEA15AAF-StateMachineUpdater] INFO  impl.StateMachineUpdater (StateMachineUpdater.java:lambda$new$0(87)) - 1d5bf7e4-8d96-4310-9f32-ec9edaa2380c@group-B6BBBEA15AAF-StateMachineUpdater: snapshotIndex: updateIncreasingly -1 -> 0
2020-07-16 15:51:48,212 [1d5bf7e4-8d96-4310-9f32-ec9edaa2380c@group-B6BBBEA15AAF-StateMachineUpdater] INFO  metrics.RatisMetrics (RatisMetrics.java:unregister(43)) - Unregistering Metrics Registry : ratis.state_machine.1d5bf7e4-8d96-4310-9f32-ec9edaa2380c@group-B6BBBEA15AAF
2020-07-16 15:51:48,212 [grpc-default-executor-7] INFO  server.GrpcLogAppender (GrpcLogAppender.java:onCompleted(319)) - a4211f84-eb03-46d7-a47e-1243f17c8bc7@group-C17B40A851DA->a6d40ba8-5007-4ff3-951d-f8e344c09f1a-AppendLogResponseHandler: follower responses appendEntries COMPLETED
2020-07-16 15:51:48,212 [org.apache.ratis.server.impl.LogAppender$AppenderDaemon$$Lambda$423/1061808257@1012adfe] WARN  server.GrpcLogAppender (GrpcLogAppender.java:mayWait(153)) - a4211f84-eb03-46d7-a47e-1243f17c8bc7@group-C17B40A851DA->8c659ee4-8941-403a-a7d5-7771662eec54-GrpcLogAppender: Wait interrupted by java.lang.InterruptedException
2020-07-16 15:51:48,212 [ForkJoinPool.commonPool-worker-0] INFO  impl.RaftServerImpl (ServerState.java:close(387)) - 1d5bf7e4-8d96-4310-9f32-ec9edaa2380c@group-B6BBBEA15AAF: closes. applyIndex: 0
2020-07-16 15:51:48,213 [Listener at 127.0.0.1/35779] INFO  impl.PendingRequests (PendingRequests.java:sendNotLeaderResponses(249)) - a4211f84-eb03-46d7-a47e-1243f17c8bc7@group-C17B40A851DA-PendingRequests: sendNotLeaderResponses
2020-07-16 15:51:48,214 [Listener at 127.0.0.1/35779] INFO  metrics.RatisMetrics (RatisMetrics.java:unregister(43)) - Unregistering Metrics Registry : ratis.log_appender.a4211f84-eb03-46d7-a47e-1243f17c8bc7@group-C17B40A851DA
2020-07-16 15:51:48,214 [Listener at 127.0.0.1/35779] INFO  metrics.RatisMetrics (RatisMetrics.java:unregister(43)) - Unregistering Metrics Registry : ratis.server.a4211f84-eb03-46d7-a47e-1243f17c8bc7@group-C17B40A851DA
2020-07-16 15:51:48,213 [1d5bf7e4-8d96-4310-9f32-ec9edaa2380c@group-B6BBBEA15AAF-SegmentedRaftLogWorker] INFO  segmented.SegmentedRaftLogWorker (SegmentedRaftLogWorker.java:run(327)) - 1d5bf7e4-8d96-4310-9f32-ec9edaa2380c@group-B6BBBEA15AAF-SegmentedRaftLogWorker was interrupted, exiting. There are 0 tasks remaining in the queue.
2020-07-16 15:51:48,215 [ForkJoinPool.commonPool-worker-0] INFO  segmented.SegmentedRaftLogWorker (SegmentedRaftLogWorker.java:close(234)) - 1d5bf7e4-8d96-4310-9f32-ec9edaa2380c@group-B6BBBEA15AAF-SegmentedRaftLogWorker close()
2020-07-16 15:51:48,215 [grpc-default-executor-7] INFO  impl.FollowerInfo (FollowerInfo.java:lambda$new$0(51)) - a4211f84-eb03-46d7-a47e-1243f17c8bc7@group-C17B40A851DA->a6d40ba8-5007-4ff3-951d-f8e344c09f1a: nextIndex: updateUnconditionally 1 -> 0
2020-07-16 15:51:48,216 [ForkJoinPool.commonPool-worker-0] INFO  metrics.RatisMetrics (RatisMetrics.java:unregister(43)) - Unregistering Metrics Registry : ratis.log_worker.1d5bf7e4-8d96-4310-9f32-ec9edaa2380c@group-B6BBBEA15AAF
2020-07-16 15:51:48,216 [ForkJoinPool.commonPool-worker-0] INFO  metrics.RatisMetrics (RatisMetrics.java:unregister(43)) - Unregistering Metrics Registry : ratis.leader_election.1d5bf7e4-8d96-4310-9f32-ec9edaa2380c@group-B6BBBEA15AAF
2020-07-16 15:51:48,216 [ForkJoinPool.commonPool-worker-0] INFO  metrics.RatisMetrics (RatisMetrics.java:unregister(43)) - Unregistering Metrics Registry : ratis.server.1d5bf7e4-8d96-4310-9f32-ec9edaa2380c@group-B6BBBEA15AAF
2020-07-16 15:51:48,216 [ForkJoinPool.commonPool-worker-0] INFO  impl.RaftServerImpl (RaftServerImpl.java:lambda$shutdown$3(252)) - 1d5bf7e4-8d96-4310-9f32-ec9edaa2380c@group-63549AD2A2A5: shutdown
2020-07-16 15:51:48,216 [ForkJoinPool.commonPool-worker-0] INFO  util.JmxRegister (JmxRegister.java:unregister(73)) - Successfully un-registered JMX Bean with object name Ratis:service=RaftServer,group=group-63549AD2A2A5,id=1d5bf7e4-8d96-4310-9f32-ec9edaa2380c
2020-07-16 15:51:48,216 [ForkJoinPool.commonPool-worker-0] INFO  impl.RoleInfo (RoleInfo.java:shutdownFollowerState(121)) - 1d5bf7e4-8d96-4310-9f32-ec9edaa2380c: shutdown FollowerState
2020-07-16 15:51:48,216 [ForkJoinPool.commonPool-worker-0] INFO  impl.StateMachineUpdater (StateMachineUpdater.java:stopAndJoin(142)) - 1d5bf7e4-8d96-4310-9f32-ec9edaa2380c@group-63549AD2A2A5-StateMachineUpdater: set stopIndex = 0
2020-07-16 15:51:48,216 [a4211f84-eb03-46d7-a47e-1243f17c8bc7@group-C17B40A851DA-StateMachineUpdater] INFO  ratis.ContainerStateMachine (ContainerStateMachine.java:takeSnapshot(293)) - group-C17B40A851DA: Taking a snapshot at:(t:3, i:0) file /github/workspace/mnt/ozone/hadoop-ozone/integration-test/target/test-dir/MiniOzoneClusterImpl-45392ef6-f0d5-4168-b900-afad7710253d/datanode-8/data/ratis/d5f718ce-ddf2-46ca-bb74-c17b40a851da/sm/snapshot.3_0
2020-07-16 15:51:48,217 [Listener at 127.0.0.1/35779] INFO  impl.StateMachineUpdater (StateMachineUpdater.java:stopAndJoin(142)) - a4211f84-eb03-46d7-a47e-1243f17c8bc7@group-C17B40A851DA-StateMachineUpdater: set stopIndex = 0
2020-07-16 15:51:48,217 [1d5bf7e4-8d96-4310-9f32-ec9edaa2380c@group-63549AD2A2A5-StateMachineUpdater] INFO  ratis.ContainerStateMachine (ContainerStateMachine.java:takeSnapshot(293)) - group-63549AD2A2A5: Taking a snapshot at:(t:1, i:0) file /github/workspace/mnt/ozone/hadoop-ozone/integration-test/target/test-dir/MiniOzoneClusterImpl-45392ef6-f0d5-4168-b900-afad7710253d/datanode-1/data/ratis/fd8f500c-a8cf-41e6-b167-63549ad2a2a5/sm/snapshot.1_0
2020-07-16 15:51:48,217 [Thread-1358] INFO  impl.FollowerState (FollowerState.java:run(117)) - 1d5bf7e4-8d96-4310-9f32-ec9edaa2380c@group-63549AD2A2A5-FollowerState was interrupted: java.lang.InterruptedException: sleep interrupted
2020-07-16 15:51:48,217 [a4211f84-eb03-46d7-a47e-1243f17c8bc7@group-C17B40A851DA-StateMachineUpdater] INFO  ratis.ContainerStateMachine (ContainerStateMachine.java:takeSnapshot(304)) - group-C17B40A851DA: Finished taking a snapshot at:(t:3, i:0) file:/github/workspace/mnt/ozone/hadoop-ozone/integration-test/target/test-dir/MiniOzoneClusterImpl-45392ef6-f0d5-4168-b900-afad7710253d/datanode-8/data/ratis/d5f718ce-ddf2-46ca-bb74-c17b40a851da/sm/snapshot.3_0 time:0
2020-07-16 15:51:48,218 [a4211f84-eb03-46d7-a47e-1243f17c8bc7@group-C17B40A851DA-StateMachineUpdater] INFO  impl.StateMachineUpdater (StateMachineUpdater.java:takeSnapshot(277)) - a4211f84-eb03-46d7-a47e-1243f17c8bc7@group-C17B40A851DA-StateMachineUpdater: Took a snapshot at index 0
2020-07-16 15:51:48,218 [a4211f84-eb03-46d7-a47e-1243f17c8bc7@group-C17B40A851DA-StateMachineUpdater] INFO  impl.StateMachineUpdater (StateMachineUpdater.java:lambda$new$0(87)) - a4211f84-eb03-46d7-a47e-1243f17c8bc7@group-C17B40A851DA-StateMachineUpdater: snapshotIndex: updateIncreasingly -1 -> 0
2020-07-16 15:51:48,218 [a4211f84-eb03-46d7-a47e-1243f17c8bc7@group-C17B40A851DA-StateMachineUpdater] INFO  metrics.RatisMetrics (RatisMetrics.java:unregister(43)) - Unregistering Metrics Registry : ratis.state_machine.a4211f84-eb03-46d7-a47e-1243f17c8bc7@group-C17B40A851DA
2020-07-16 15:51:48,218 [Listener at 127.0.0.1/35779] INFO  impl.RaftServerImpl (ServerState.java:close(387)) - a4211f84-eb03-46d7-a47e-1243f17c8bc7@group-C17B40A851DA: closes. applyIndex: 0
2020-07-16 15:51:48,222 [a4211f84-eb03-46d7-a47e-1243f17c8bc7@group-C17B40A851DA-SegmentedRaftLogWorker] INFO  segmented.SegmentedRaftLogWorker (SegmentedRaftLogWorker.java:run(327)) - a4211f84-eb03-46d7-a47e-1243f17c8bc7@group-C17B40A851DA-SegmentedRaftLogWorker was interrupted, exiting. There are 0 tasks remaining in the queue.
2020-07-16 15:51:48,223 [Listener at 127.0.0.1/35779] INFO  segmented.SegmentedRaftLogWorker (SegmentedRaftLogWorker.java:close(234)) - a4211f84-eb03-46d7-a47e-1243f17c8bc7@group-C17B40A851DA-SegmentedRaftLogWorker close()
2020-07-16 15:51:48,223 [1d5bf7e4-8d96-4310-9f32-ec9edaa2380c@group-63549AD2A2A5-StateMachineUpdater] INFO  ratis.ContainerStateMachine (ContainerStateMachine.java:takeSnapshot(304)) - group-63549AD2A2A5: Finished taking a snapshot at:(t:1, i:0) file:/github/workspace/mnt/ozone/hadoop-ozone/integration-test/target/test-dir/MiniOzoneClusterImpl-45392ef6-f0d5-4168-b900-afad7710253d/datanode-1/data/ratis/fd8f500c-a8cf-41e6-b167-63549ad2a2a5/sm/snapshot.1_0 time:6
2020-07-16 15:51:48,223 [1d5bf7e4-8d96-4310-9f32-ec9edaa2380c@group-63549AD2A2A5-StateMachineUpdater] INFO  impl.StateMachineUpdater (StateMachineUpdater.java:takeSnapshot(277)) - 1d5bf7e4-8d96-4310-9f32-ec9edaa2380c@group-63549AD2A2A5-StateMachineUpdater: Took a snapshot at index 0
2020-07-16 15:51:48,223 [1d5bf7e4-8d96-4310-9f32-ec9edaa2380c@group-63549AD2A2A5-StateMachineUpdater] INFO  impl.StateMachineUpdater (StateMachineUpdater.java:lambda$new$0(87)) - 1d5bf7e4-8d96-4310-9f32-ec9edaa2380c@group-63549AD2A2A5-StateMachineUpdater: snapshotIndex: updateIncreasingly -1 -> 0
2020-07-16 15:51:48,226 [Listener at 127.0.0.1/35779] INFO  metrics.RatisMetrics (RatisMetrics.java:unregister(43)) - Unregistering Metrics Registry : ratis.log_worker.a4211f84-eb03-46d7-a47e-1243f17c8bc7@group-C17B40A851DA
2020-07-16 15:51:48,226 [Listener at 127.0.0.1/35779] INFO  metrics.RatisMetrics (RatisMetrics.java:unregister(43)) - Unregistering Metrics Registry : ratis.leader_election.a4211f84-eb03-46d7-a47e-1243f17c8bc7@group-C17B40A851DA
2020-07-16 15:51:48,226 [Listener at 127.0.0.1/35779] INFO  metrics.RatisMetrics (RatisMetrics.java:unregister(43)) - Unregistering Metrics Registry : ratis.server.a4211f84-eb03-46d7-a47e-1243f17c8bc7@group-C17B40A851DA
2020-07-16 15:51:48,226 [1d5bf7e4-8d96-4310-9f32-ec9edaa2380c@group-63549AD2A2A5-StateMachineUpdater] INFO  metrics.RatisMetrics (RatisMetrics.java:unregister(43)) - Unregistering Metrics Registry : ratis.state_machine.1d5bf7e4-8d96-4310-9f32-ec9edaa2380c@group-63549AD2A2A5
2020-07-16 15:51:48,227 [Listener at 127.0.0.1/35779] INFO  server.GrpcService (GrpcService.java:closeImpl(166)) - a4211f84-eb03-46d7-a47e-1243f17c8bc7: shutdown server with port 33755 now
2020-07-16 15:51:48,227 [ForkJoinPool.commonPool-worker-0] INFO  impl.RaftServerImpl (ServerState.java:close(387)) - 1d5bf7e4-8d96-4310-9f32-ec9edaa2380c@group-63549AD2A2A5: closes. applyIndex: 0
2020-07-16 15:51:48,227 [1d5bf7e4-8d96-4310-9f32-ec9edaa2380c@group-63549AD2A2A5-SegmentedRaftLogWorker] INFO  segmented.SegmentedRaftLogWorker (SegmentedRaftLogWorker.java:run(327)) - 1d5bf7e4-8d96-4310-9f32-ec9edaa2380c@group-63549AD2A2A5-SegmentedRaftLogWorker was interrupted, exiting. There are 0 tasks remaining in the queue.
2020-07-16 15:51:48,227 [ForkJoinPool.commonPool-worker-0] INFO  segmented.SegmentedRaftLogWorker (SegmentedRaftLogWorker.java:close(234)) - 1d5bf7e4-8d96-4310-9f32-ec9edaa2380c@group-63549AD2A2A5-SegmentedRaftLogWorker close()
2020-07-16 15:51:48,229 [ForkJoinPool.commonPool-worker-0] INFO  metrics.RatisMetrics (RatisMetrics.java:unregister(43)) - Unregistering Metrics Registry : ratis.log_worker.1d5bf7e4-8d96-4310-9f32-ec9edaa2380c@group-63549AD2A2A5
2020-07-16 15:51:48,229 [ForkJoinPool.commonPool-worker-0] INFO  metrics.RatisMetrics (RatisMetrics.java:unregister(43)) - Unregistering Metrics Registry : ratis.leader_election.1d5bf7e4-8d96-4310-9f32-ec9edaa2380c@group-63549AD2A2A5
2020-07-16 15:51:48,229 [ForkJoinPool.commonPool-worker-0] INFO  metrics.RatisMetrics (RatisMetrics.java:unregister(43)) - Unregistering Metrics Registry : ratis.server.1d5bf7e4-8d96-4310-9f32-ec9edaa2380c@group-63549AD2A2A5
2020-07-16 15:51:48,229 [ForkJoinPool.commonPool-worker-0] INFO  server.GrpcService (GrpcService.java:closeImpl(166)) - 1d5bf7e4-8d96-4310-9f32-ec9edaa2380c: shutdown server with port 39143 now
2020-07-16 15:51:48,230 [ForkJoinPool.commonPool-worker-0] INFO  server.GrpcService (GrpcService.java:closeImpl(174)) - 1d5bf7e4-8d96-4310-9f32-ec9edaa2380c: shutdown server with port 39143 successfully
2020-07-16 15:51:48,230 [Listener at 127.0.0.1/35779] INFO  server.GrpcService (GrpcService.java:closeImpl(174)) - a4211f84-eb03-46d7-a47e-1243f17c8bc7: shutdown server with port 33755 successfully
2020-07-16 15:51:48,231 [ForkJoinPool.commonPool-worker-0] INFO  utils.BackgroundService (BackgroundService.java:shutdown(157)) - Shutting down service BlockDeletingService
2020-07-16 15:51:48,232 [Listener at 127.0.0.1/35779] INFO  utils.BackgroundService (BackgroundService.java:shutdown(157)) - Shutting down service BlockDeletingService
2020-07-16 15:51:48,233 [ForkJoinPool.commonPool-worker-0] INFO  statemachine.DatanodeStateMachine (DatanodeStateMachine.java:stopDaemon(428)) - Ozone container server stopped.
2020-07-16 15:51:48,233 [Listener at 127.0.0.1/35779] INFO  statemachine.DatanodeStateMachine (DatanodeStateMachine.java:stopDaemon(428)) - Ozone container server stopped.
2020-07-16 15:51:48,239 [Listener at 127.0.0.1/35779] INFO  handler.ContextHandler (ContextHandler.java:doStop(1016)) - Stopped o.e.j.w.WebAppContext@2a59034e{hddsDatanode,/,null,UNAVAILABLE}{jar:file:/home/user/.m2/repository/org/apache/hadoop/hadoop-hdds-container-service/0.6.0-SNAPSHOT/hadoop-hdds-container-service-0.6.0-SNAPSHOT.jar!/webapps/hddsDatanode}
2020-07-16 15:51:48,247 [Listener at 127.0.0.1/35779] INFO  server.AbstractConnector (AbstractConnector.java:doStop(380)) - Stopped ServerConnector@11a0aee8{HTTP/1.1,[http/1.1]}{0.0.0.0:0}
2020-07-16 15:51:48,247 [Listener at 127.0.0.1/35779] INFO  server.session (HouseKeeper.java:stopScavenging(158)) - node0 Stopped scavenging
2020-07-16 15:51:48,247 [Listener at 127.0.0.1/35779] INFO  handler.ContextHandler (ContextHandler.java:doStop(1016)) - Stopped o.e.j.s.ServletContextHandler@13de7bba{static,/static,jar:file:/home/user/.m2/repository/org/apache/hadoop/hadoop-hdds-container-service/0.6.0-SNAPSHOT/hadoop-hdds-container-service-0.6.0-SNAPSHOT.jar!/webapps/static,UNAVAILABLE}
2020-07-16 15:51:48,247 [Listener at 127.0.0.1/35779] INFO  handler.ContextHandler (ContextHandler.java:doStop(1016)) - Stopped o.e.j.s.ServletContextHandler@6aabacb7{logs,/logs,file:///github/workspace/mnt/ozone/hadoop-ozone/integration-test/target/log,UNAVAILABLE}
2020-07-16 15:51:48,251 [ForkJoinPool.commonPool-worker-0] INFO  handler.ContextHandler (ContextHandler.java:doStop(1016)) - Stopped o.e.j.w.WebAppContext@21be9ddc{hddsDatanode,/,null,UNAVAILABLE}{jar:file:/home/user/.m2/repository/org/apache/hadoop/hadoop-hdds-container-service/0.6.0-SNAPSHOT/hadoop-hdds-container-service-0.6.0-SNAPSHOT.jar!/webapps/hddsDatanode}
2020-07-16 15:51:48,252 [ForkJoinPool.commonPool-worker-0] INFO  server.AbstractConnector (AbstractConnector.java:doStop(380)) - Stopped ServerConnector@7eb22e87{HTTP/1.1,[http/1.1]}{0.0.0.0:0}
2020-07-16 15:51:48,253 [ForkJoinPool.commonPool-worker-0] INFO  server.session (HouseKeeper.java:stopScavenging(158)) - node0 Stopped scavenging
2020-07-16 15:51:48,253 [ForkJoinPool.commonPool-worker-0] INFO  handler.ContextHandler (ContextHandler.java:doStop(1016)) - Stopped o.e.j.s.ServletContextHandler@38c00fa1{static,/static,jar:file:/home/user/.m2/repository/org/apache/hadoop/hadoop-hdds-container-service/0.6.0-SNAPSHOT/hadoop-hdds-container-service-0.6.0-SNAPSHOT.jar!/webapps/static,UNAVAILABLE}
2020-07-16 15:51:48,254 [ForkJoinPool.commonPool-worker-0] INFO  handler.ContextHandler (ContextHandler.java:doStop(1016)) - Stopped o.e.j.s.ServletContextHandler@4c44928e{logs,/logs,file:///github/workspace/mnt/ozone/hadoop-ozone/integration-test/target/log,UNAVAILABLE}
2020-07-16 15:51:48,781 [Datanode State Machine Thread - 0] INFO  statemachine.DatanodeStateMachine (DatanodeStateMachine.java:lambda$startDaemon$0(380)) - Ozone container server started.
2020-07-16 15:51:53,037 [Thread-1347] INFO  impl.FollowerState (FollowerState.java:run(108)) - a6d40ba8-5007-4ff3-951d-f8e344c09f1a@group-C17B40A851DA-FollowerState: change to CANDIDATE, lastRpcTime:5097ms, electionTimeout:5033ms
2020-07-16 15:51:53,038 [Thread-1347] INFO  impl.RoleInfo (RoleInfo.java:shutdownFollowerState(121)) - a6d40ba8-5007-4ff3-951d-f8e344c09f1a: shutdown FollowerState
2020-07-16 15:51:53,038 [Thread-1347] INFO  impl.RaftServerImpl (RaftServerImpl.java:setRole(175)) - a6d40ba8-5007-4ff3-951d-f8e344c09f1a@group-C17B40A851DA: changes role from  FOLLOWER to CANDIDATE at term 3 for changeToCandidate
2020-07-16 15:51:53,038 [Thread-1347] INFO  impl.RoleInfo (RoleInfo.java:updateAndGet(143)) - a6d40ba8-5007-4ff3-951d-f8e344c09f1a: start LeaderElection
2020-07-16 15:51:53,039 [a6d40ba8-5007-4ff3-951d-f8e344c09f1a@group-C17B40A851DA-LeaderElection46] INFO  impl.RaftServerImpl (ServerState.java:setLeader(255)) - a6d40ba8-5007-4ff3-951d-f8e344c09f1a@group-C17B40A851DA: change Leader from a4211f84-eb03-46d7-a47e-1243f17c8bc7 to null at term 3 for initElection
2020-07-16 15:51:53,040 [a6d40ba8-5007-4ff3-951d-f8e344c09f1a@group-C17B40A851DA-LeaderElection46] INFO  impl.LeaderElection (LeaderElection.java:askForVotes(206)) - a6d40ba8-5007-4ff3-951d-f8e344c09f1a@group-C17B40A851DA-LeaderElection46: begin an election at term 4 for 0: [a6d40ba8-5007-4ff3-951d-f8e344c09f1a:172.17.0.2:46485, 8c659ee4-8941-403a-a7d5-7771662eec54:172.17.0.2:36425, a4211f84-eb03-46d7-a47e-1243f17c8bc7:172.17.0.2:33755], old=null
2020-07-16 15:51:53,043 [a6d40ba8-5007-4ff3-951d-f8e344c09f1a@group-C17B40A851DA-LeaderElection46] INFO  impl.LeaderElection (LogUtils.java:infoOrTrace(137)) - a6d40ba8-5007-4ff3-951d-f8e344c09f1a@group-C17B40A851DA-LeaderElection46 got exception when requesting votes: java.util.concurrent.ExecutionException: org.apache.ratis.thirdparty.io.grpc.StatusRuntimeException: UNAVAILABLE: io exception
2020-07-16 15:51:53,047 [a6d40ba8-5007-4ff3-951d-f8e344c09f1a@group-C17B40A851DA-LeaderElection46] INFO  impl.LeaderElection (LogUtils.java:infoOrTrace(137)) - a6d40ba8-5007-4ff3-951d-f8e344c09f1a@group-C17B40A851DA-LeaderElection46 got exception when requesting votes: java.util.concurrent.ExecutionException: org.apache.ratis.thirdparty.io.grpc.StatusRuntimeException: UNAVAILABLE: io exception
2020-07-16 15:51:53,048 [a6d40ba8-5007-4ff3-951d-f8e344c09f1a@group-C17B40A851DA-LeaderElection46] INFO  impl.LeaderElection (LeaderElection.java:logAndReturn(61)) - a6d40ba8-5007-4ff3-951d-f8e344c09f1a@group-C17B40A851DA-LeaderElection46: Election REJECTED; received 0 response(s) [] and 2 exception(s); a6d40ba8-5007-4ff3-951d-f8e344c09f1a@group-C17B40A851DA:t4, leader=null, voted=a6d40ba8-5007-4ff3-951d-f8e344c09f1a, raftlog=a6d40ba8-5007-4ff3-951d-f8e344c09f1a@group-C17B40A851DA-SegmentedRaftLog:OPENED:c0,f0,i0, conf=0: [a6d40ba8-5007-4ff3-951d-f8e344c09f1a:172.17.0.2:46485, 8c659ee4-8941-403a-a7d5-7771662eec54:172.17.0.2:36425, a4211f84-eb03-46d7-a47e-1243f17c8bc7:172.17.0.2:33755], old=null
2020-07-16 15:51:53,048 [a6d40ba8-5007-4ff3-951d-f8e344c09f1a@group-C17B40A851DA-LeaderElection46] INFO  impl.LeaderElection (LogUtils.java:infoOrTrace(137)) -   Exception 0: java.util.concurrent.ExecutionException: org.apache.ratis.thirdparty.io.grpc.StatusRuntimeException: UNAVAILABLE: io exception
2020-07-16 15:51:53,048 [a6d40ba8-5007-4ff3-951d-f8e344c09f1a@group-C17B40A851DA-LeaderElection46] INFO  impl.LeaderElection (LogUtils.java:infoOrTrace(137)) -   Exception 1: java.util.concurrent.ExecutionException: org.apache.ratis.thirdparty.io.grpc.StatusRuntimeException: UNAVAILABLE: io exception
2020-07-16 15:51:53,048 [a6d40ba8-5007-4ff3-951d-f8e344c09f1a@group-C17B40A851DA-LeaderElection46] INFO  impl.RaftServerImpl (RaftServerImpl.java:setRole(175)) - a6d40ba8-5007-4ff3-951d-f8e344c09f1a@group-C17B40A851DA: changes role from CANDIDATE to FOLLOWER at term 4 for DISCOVERED_A_NEW_TERM
2020-07-16 15:51:53,048 [a6d40ba8-5007-4ff3-951d-f8e344c09f1a@group-C17B40A851DA-LeaderElection46] INFO  impl.RoleInfo (RoleInfo.java:shutdownLeaderElection(134)) - a6d40ba8-5007-4ff3-951d-f8e344c09f1a: shutdown LeaderElection
2020-07-16 15:51:53,048 [a6d40ba8-5007-4ff3-951d-f8e344c09f1a@group-C17B40A851DA-LeaderElection46] INFO  impl.RoleInfo (RoleInfo.java:updateAndGet(143)) - a6d40ba8-5007-4ff3-951d-f8e344c09f1a: start FollowerState
2020-07-16 15:51:53,253 [Listener at 127.0.0.1/35779] INFO  ozoneimpl.OzoneContainer (OzoneContainer.java:stop(247)) - Attempting to stop container services.
2020-07-16 15:51:53,254 [Listener at 127.0.0.1/35779] INFO  impl.RaftServerProxy (RaftServerProxy.java:lambda$close$4(319)) - a6d40ba8-5007-4ff3-951d-f8e344c09f1a: close
2020-07-16 15:51:53,254 [Listener at 127.0.0.1/35779] INFO  impl.RaftServerImpl (RaftServerImpl.java:lambda$shutdown$3(252)) - a6d40ba8-5007-4ff3-951d-f8e344c09f1a@group-25346136161F: shutdown
2020-07-16 15:51:53,254 [Listener at 127.0.0.1/35779] INFO  util.JmxRegister (JmxRegister.java:unregister(73)) - Successfully un-registered JMX Bean with object name Ratis:service=RaftServer,group=group-25346136161F,id=a6d40ba8-5007-4ff3-951d-f8e344c09f1a
2020-07-16 15:51:53,254 [Listener at 127.0.0.1/35779] INFO  impl.RoleInfo (RoleInfo.java:shutdownLeaderState(104)) - a6d40ba8-5007-4ff3-951d-f8e344c09f1a: shutdown LeaderState
2020-07-16 15:51:53,255 [Listener at 127.0.0.1/35779] INFO  impl.PendingRequests (PendingRequests.java:sendNotLeaderResponses(249)) - a6d40ba8-5007-4ff3-951d-f8e344c09f1a@group-25346136161F-PendingRequests: sendNotLeaderResponses
2020-07-16 15:51:53,255 [Listener at 127.0.0.1/35779] INFO  metrics.RatisMetrics (RatisMetrics.java:unregister(43)) - Unregistering Metrics Registry : ratis.log_appender.a6d40ba8-5007-4ff3-951d-f8e344c09f1a@group-25346136161F
2020-07-16 15:51:53,255 [Listener at 127.0.0.1/35779] INFO  metrics.RatisMetrics (RatisMetrics.java:unregister(43)) - Unregistering Metrics Registry : ratis.server.a6d40ba8-5007-4ff3-951d-f8e344c09f1a@group-25346136161F
2020-07-16 15:51:53,256 [Listener at 127.0.0.1/35779] INFO  impl.StateMachineUpdater (StateMachineUpdater.java:stopAndJoin(142)) - a6d40ba8-5007-4ff3-951d-f8e344c09f1a@group-25346136161F-StateMachineUpdater: set stopIndex = 0
2020-07-16 15:51:53,256 [a6d40ba8-5007-4ff3-951d-f8e344c09f1a@group-25346136161F-StateMachineUpdater] INFO  ratis.ContainerStateMachine (ContainerStateMachine.java:takeSnapshot(293)) - group-25346136161F: Taking a snapshot at:(t:1, i:0) file /github/workspace/mnt/ozone/hadoop-ozone/integration-test/target/test-dir/MiniOzoneClusterImpl-45392ef6-f0d5-4168-b900-afad7710253d/datanode-6/data/ratis/0d163f20-84b3-4ead-b3ae-25346136161f/sm/snapshot.1_0
2020-07-16 15:51:53,257 [a6d40ba8-5007-4ff3-951d-f8e344c09f1a@group-25346136161F-StateMachineUpdater] INFO  ratis.ContainerStateMachine (ContainerStateMachine.java:takeSnapshot(304)) - group-25346136161F: Finished taking a snapshot at:(t:1, i:0) file:/github/workspace/mnt/ozone/hadoop-ozone/integration-test/target/test-dir/MiniOzoneClusterImpl-45392ef6-f0d5-4168-b900-afad7710253d/datanode-6/data/ratis/0d163f20-84b3-4ead-b3ae-25346136161f/sm/snapshot.1_0 time:0
2020-07-16 15:51:53,257 [a6d40ba8-5007-4ff3-951d-f8e344c09f1a@group-25346136161F-StateMachineUpdater] INFO  impl.StateMachineUpdater (StateMachineUpdater.java:takeSnapshot(277)) - a6d40ba8-5007-4ff3-951d-f8e344c09f1a@group-25346136161F-StateMachineUpdater: Took a snapshot at index 0
2020-07-16 15:51:53,257 [a6d40ba8-5007-4ff3-951d-f8e344c09f1a@group-25346136161F-StateMachineUpdater] INFO  impl.StateMachineUpdater (StateMachineUpdater.java:lambda$new$0(87)) - a6d40ba8-5007-4ff3-951d-f8e344c09f1a@group-25346136161F-StateMachineUpdater: snapshotIndex: updateIncreasingly -1 -> 0
2020-07-16 15:51:53,257 [a6d40ba8-5007-4ff3-951d-f8e344c09f1a@group-25346136161F-StateMachineUpdater] INFO  metrics.RatisMetrics (RatisMetrics.java:unregister(43)) - Unregistering Metrics Registry : ratis.state_machine.a6d40ba8-5007-4ff3-951d-f8e344c09f1a@group-25346136161F
2020-07-16 15:51:53,257 [Listener at 127.0.0.1/35779] INFO  impl.RaftServerImpl (ServerState.java:close(387)) - a6d40ba8-5007-4ff3-951d-f8e344c09f1a@group-25346136161F: closes. applyIndex: 0
2020-07-16 15:51:53,258 [a6d40ba8-5007-4ff3-951d-f8e344c09f1a@group-25346136161F-SegmentedRaftLogWorker] INFO  segmented.SegmentedRaftLogWorker (SegmentedRaftLogWorker.java:run(327)) - a6d40ba8-5007-4ff3-951d-f8e344c09f1a@group-25346136161F-SegmentedRaftLogWorker was interrupted, exiting. There are 0 tasks remaining in the queue.
2020-07-16 15:51:53,258 [Listener at 127.0.0.1/35779] INFO  segmented.SegmentedRaftLogWorker (SegmentedRaftLogWorker.java:close(234)) - a6d40ba8-5007-4ff3-951d-f8e344c09f1a@group-25346136161F-SegmentedRaftLogWorker close()
2020-07-16 15:51:53,260 [Listener at 127.0.0.1/35779] INFO  metrics.RatisMetrics (RatisMetrics.java:unregister(43)) - Unregistering Metrics Registry : ratis.log_worker.a6d40ba8-5007-4ff3-951d-f8e344c09f1a@group-25346136161F
2020-07-16 15:51:53,260 [Listener at 127.0.0.1/35779] INFO  metrics.RatisMetrics (RatisMetrics.java:unregister(43)) - Unregistering Metrics Registry : ratis.leader_election.a6d40ba8-5007-4ff3-951d-f8e344c09f1a@group-25346136161F
2020-07-16 15:51:53,260 [Listener at 127.0.0.1/35779] INFO  metrics.RatisMetrics (RatisMetrics.java:unregister(43)) - Unregistering Metrics Registry : ratis.server.a6d40ba8-5007-4ff3-951d-f8e344c09f1a@group-25346136161F
2020-07-16 15:51:53,260 [Listener at 127.0.0.1/35779] INFO  impl.RaftServerImpl (RaftServerImpl.java:lambda$shutdown$3(252)) - a6d40ba8-5007-4ff3-951d-f8e344c09f1a@group-C17B40A851DA: shutdown
2020-07-16 15:51:53,261 [Listener at 127.0.0.1/35779] INFO  util.JmxRegister (JmxRegister.java:unregister(73)) - Successfully un-registered JMX Bean with object name Ratis:service=RaftServer,group=group-C17B40A851DA,id=a6d40ba8-5007-4ff3-951d-f8e344c09f1a
2020-07-16 15:51:53,261 [Listener at 127.0.0.1/35779] INFO  impl.RoleInfo (RoleInfo.java:shutdownFollowerState(121)) - a6d40ba8-5007-4ff3-951d-f8e344c09f1a: shutdown FollowerState
2020-07-16 15:51:53,261 [Listener at 127.0.0.1/35779] INFO  impl.StateMachineUpdater (StateMachineUpdater.java:stopAndJoin(142)) - a6d40ba8-5007-4ff3-951d-f8e344c09f1a@group-C17B40A851DA-StateMachineUpdater: set stopIndex = 0
2020-07-16 15:51:53,261 [a6d40ba8-5007-4ff3-951d-f8e344c09f1a@group-C17B40A851DA-StateMachineUpdater] INFO  ratis.ContainerStateMachine (ContainerStateMachine.java:takeSnapshot(293)) - group-C17B40A851DA: Taking a snapshot at:(t:3, i:0) file /github/workspace/mnt/ozone/hadoop-ozone/integration-test/target/test-dir/MiniOzoneClusterImpl-45392ef6-f0d5-4168-b900-afad7710253d/datanode-6/data/ratis/d5f718ce-ddf2-46ca-bb74-c17b40a851da/sm/snapshot.3_0
2020-07-16 15:51:53,261 [Thread-1382] INFO  impl.FollowerState (FollowerState.java:run(117)) - a6d40ba8-5007-4ff3-951d-f8e344c09f1a@group-C17B40A851DA-FollowerState was interrupted: java.lang.InterruptedException: sleep interrupted
2020-07-16 15:51:53,262 [a6d40ba8-5007-4ff3-951d-f8e344c09f1a@group-C17B40A851DA-StateMachineUpdater] INFO  ratis.ContainerStateMachine (ContainerStateMachine.java:takeSnapshot(304)) - group-C17B40A851DA: Finished taking a snapshot at:(t:3, i:0) file:/github/workspace/mnt/ozone/hadoop-ozone/integration-test/target/test-dir/MiniOzoneClusterImpl-45392ef6-f0d5-4168-b900-afad7710253d/datanode-6/data/ratis/d5f718ce-ddf2-46ca-bb74-c17b40a851da/sm/snapshot.3_0 time:0
2020-07-16 15:51:53,262 [a6d40ba8-5007-4ff3-951d-f8e344c09f1a@group-C17B40A851DA-StateMachineUpdater] INFO  impl.StateMachineUpdater (StateMachineUpdater.java:takeSnapshot(277)) - a6d40ba8-5007-4ff3-951d-f8e344c09f1a@group-C17B40A851DA-StateMachineUpdater: Took a snapshot at index 0
2020-07-16 15:51:53,262 [a6d40ba8-5007-4ff3-951d-f8e344c09f1a@group-C17B40A851DA-StateMachineUpdater] INFO  impl.StateMachineUpdater (StateMachineUpdater.java:lambda$new$0(87)) - a6d40ba8-5007-4ff3-951d-f8e344c09f1a@group-C17B40A851DA-StateMachineUpdater: snapshotIndex: updateIncreasingly -1 -> 0
2020-07-16 15:51:53,262 [a6d40ba8-5007-4ff3-951d-f8e344c09f1a@group-C17B40A851DA-StateMachineUpdater] INFO  metrics.RatisMetrics (RatisMetrics.java:unregister(43)) - Unregistering Metrics Registry : ratis.state_machine.a6d40ba8-5007-4ff3-951d-f8e344c09f1a@group-C17B40A851DA
2020-07-16 15:51:53,262 [Listener at 127.0.0.1/35779] INFO  impl.RaftServerImpl (ServerState.java:close(387)) - a6d40ba8-5007-4ff3-951d-f8e344c09f1a@group-C17B40A851DA: closes. applyIndex: 0
2020-07-16 15:51:53,263 [a6d40ba8-5007-4ff3-951d-f8e344c09f1a@group-C17B40A851DA-SegmentedRaftLogWorker] INFO  segmented.SegmentedRaftLogWorker (SegmentedRaftLogWorker.java:run(327)) - a6d40ba8-5007-4ff3-951d-f8e344c09f1a@group-C17B40A851DA-SegmentedRaftLogWorker was interrupted, exiting. There are 0 tasks remaining in the queue.
2020-07-16 15:51:53,263 [Listener at 127.0.0.1/35779] INFO  segmented.SegmentedRaftLogWorker (SegmentedRaftLogWorker.java:close(234)) - a6d40ba8-5007-4ff3-951d-f8e344c09f1a@group-C17B40A851DA-SegmentedRaftLogWorker close()
2020-07-16 15:51:53,263 [Listener at 127.0.0.1/35779] INFO  metrics.RatisMetrics (RatisMetrics.java:unregister(43)) - Unregistering Metrics Registry : ratis.log_worker.a6d40ba8-5007-4ff3-951d-f8e344c09f1a@group-C17B40A851DA
2020-07-16 15:51:53,263 [Listener at 127.0.0.1/35779] INFO  metrics.RatisMetrics (RatisMetrics.java:unregister(43)) - Unregistering Metrics Registry : ratis.leader_election.a6d40ba8-5007-4ff3-951d-f8e344c09f1a@group-C17B40A851DA
2020-07-16 15:51:53,263 [Listener at 127.0.0.1/35779] INFO  metrics.RatisMetrics (RatisMetrics.java:unregister(43)) - Unregistering Metrics Registry : ratis.server.a6d40ba8-5007-4ff3-951d-f8e344c09f1a@group-C17B40A851DA
2020-07-16 15:51:53,264 [Listener at 127.0.0.1/35779] INFO  server.GrpcService (GrpcService.java:closeImpl(166)) - a6d40ba8-5007-4ff3-951d-f8e344c09f1a: shutdown server with port 46485 now
2020-07-16 15:51:53,266 [Listener at 127.0.0.1/35779] INFO  server.GrpcService (GrpcService.java:closeImpl(174)) - a6d40ba8-5007-4ff3-951d-f8e344c09f1a: shutdown server with port 46485 successfully
2020-07-16 15:51:53,268 [Listener at 127.0.0.1/35779] INFO  utils.BackgroundService (BackgroundService.java:shutdown(157)) - Shutting down service BlockDeletingService
2020-07-16 15:51:53,269 [Listener at 127.0.0.1/35779] INFO  statemachine.DatanodeStateMachine (DatanodeStateMachine.java:stopDaemon(428)) - Ozone container server stopped.
2020-07-16 15:51:53,276 [Listener at 127.0.0.1/35779] INFO  handler.ContextHandler (ContextHandler.java:doStop(1016)) - Stopped o.e.j.w.WebAppContext@52ac7989{hddsDatanode,/,null,UNAVAILABLE}{jar:file:/home/user/.m2/repository/org/apache/hadoop/hadoop-hdds-container-service/0.6.0-SNAPSHOT/hadoop-hdds-container-service-0.6.0-SNAPSHOT.jar!/webapps/hddsDatanode}
2020-07-16 15:51:53,277 [Listener at 127.0.0.1/35779] INFO  server.AbstractConnector (AbstractConnector.java:doStop(380)) - Stopped ServerConnector@bff5b50{HTTP/1.1,[http/1.1]}{0.0.0.0:0}
2020-07-16 15:51:53,277 [Listener at 127.0.0.1/35779] INFO  server.session (HouseKeeper.java:stopScavenging(158)) - node0 Stopped scavenging
2020-07-16 15:51:53,277 [Listener at 127.0.0.1/35779] INFO  handler.ContextHandler (ContextHandler.java:doStop(1016)) - Stopped o.e.j.s.ServletContextHandler@6b907eec{static,/static,jar:file:/home/user/.m2/repository/org/apache/hadoop/hadoop-hdds-container-service/0.6.0-SNAPSHOT/hadoop-hdds-container-service-0.6.0-SNAPSHOT.jar!/webapps/static,UNAVAILABLE}
2020-07-16 15:51:53,277 [Listener at 127.0.0.1/35779] INFO  handler.ContextHandler (ContextHandler.java:doStop(1016)) - Stopped o.e.j.s.ServletContextHandler@2591343{logs,/logs,file:///github/workspace/mnt/ozone/hadoop-ozone/integration-test/target/log,UNAVAILABLE}
2020-07-16 15:51:53,278 [Listener at 127.0.0.1/35779] INFO  ozone.MiniOzoneClusterImpl (MiniOzoneClusterImpl.java:stopSCM(476)) - Stopping the StorageContainerManager
2020-07-16 15:51:53,278 [Listener at 127.0.0.1/35779] INFO  server.StorageContainerManager (StorageContainerManager.java:stop(827)) - Stopping Replication Manager Service.
2020-07-16 15:51:53,278 [Listener at 127.0.0.1/35779] INFO  container.ReplicationManager (ReplicationManager.java:stop(218)) - Stopping Replication Monitor Thread.
2020-07-16 15:51:53,279 [Listener at 127.0.0.1/35779] INFO  server.StorageContainerManager (StorageContainerManager.java:stop(834)) - Stopping Lease Manager of the command watchers
2020-07-16 15:51:53,279 [CommandWatcher-LeaseManager#LeaseMonitor] ERROR lease.LeaseManager (LeaseManager.java:run(238)) - Execution was interrupted 
java.lang.InterruptedException: sleep interrupted
	at java.lang.Thread.sleep(Native Method)
	at org.apache.hadoop.ozone.lease.LeaseManager$LeaseMonitor.run(LeaseManager.java:234)
	at java.lang.Thread.run(Thread.java:748)
2020-07-16 15:51:53,279 [Listener at 127.0.0.1/35779] INFO  server.StorageContainerManager (StorageContainerManager.java:stop(841)) - Stopping datanode service RPC server
2020-07-16 15:51:53,279 [Listener at 127.0.0.1/35779] INFO  server.SCMDatanodeProtocolServer (SCMDatanodeProtocolServer.java:stop(361)) - Stopping the RPC server for DataNodes
2020-07-16 15:51:53,279 [Listener at 127.0.0.1/35779] INFO  ipc.Server (Server.java:stop(3359)) - Stopping server on 45461
2020-07-16 15:51:53,281 [IPC Server listener on 0] INFO  ipc.Server (Server.java:run(1330)) - Stopping IPC Server listener on 0
2020-07-16 15:51:53,282 [IPC Server Responder] INFO  ipc.Server (Server.java:run(1465)) - Stopping IPC Server Responder
2020-07-16 15:51:53,364 [SCM Heartbeat Processing Thread - 0] WARN  node.NodeStateManager (NodeStateManager.java:scheduleNextHealthCheck(661)) - Current Thread is interrupted, shutting down HB processing thread for Node Manager.
2020-07-16 15:51:53,364 [Listener at 127.0.0.1/35779] INFO  server.StorageContainerManager (StorageContainerManager.java:stop(849)) - Stopping block service RPC server
2020-07-16 15:51:53,365 [Listener at 127.0.0.1/35779] INFO  server.SCMBlockProtocolServer (SCMBlockProtocolServer.java:stop(158)) - Stopping the RPC server for Block Protocol
2020-07-16 15:51:53,365 [Listener at 127.0.0.1/35779] INFO  ipc.Server (Server.java:stop(3359)) - Stopping server on 44569
2020-07-16 15:51:53,367 [IPC Server listener on 0] INFO  ipc.Server (Server.java:run(1330)) - Stopping IPC Server listener on 0
2020-07-16 15:51:53,368 [Listener at 127.0.0.1/35779] INFO  server.StorageContainerManager (StorageContainerManager.java:stop(856)) - Stopping the StorageContainerLocationProtocol RPC server
2020-07-16 15:51:53,368 [Listener at 127.0.0.1/35779] INFO  server.SCMClientProtocolServer (SCMClientProtocolServer.java:stop(165)) - Stopping the RPC server for Client Protocol
2020-07-16 15:51:53,368 [Listener at 127.0.0.1/35779] INFO  ipc.Server (Server.java:stop(3359)) - Stopping server on 36901
2020-07-16 15:51:53,368 [IPC Server Responder] INFO  ipc.Server (Server.java:run(1465)) - Stopping IPC Server Responder
2020-07-16 15:51:53,369 [IPC Server listener on 0] INFO  ipc.Server (Server.java:run(1330)) - Stopping IPC Server listener on 0
2020-07-16 15:51:53,371 [IPC Server Responder] INFO  ipc.Server (Server.java:run(1465)) - Stopping IPC Server Responder
2020-07-16 15:51:53,371 [Listener at 127.0.0.1/35779] INFO  server.StorageContainerManager (StorageContainerManager.java:stop(863)) - Stopping Storage Container Manager HTTP server.
2020-07-16 15:51:53,372 [Listener at 127.0.0.1/35779] INFO  handler.ContextHandler (ContextHandler.java:doStop(1016)) - Stopped o.e.j.w.WebAppContext@183c6db3{scm,/,null,UNAVAILABLE}{file:/github/workspace/mnt/ozone/hadoop-ozone/integration-test/target/test-classes/webapps/scm}
2020-07-16 15:51:53,372 [Listener at 127.0.0.1/35779] INFO  server.AbstractConnector (AbstractConnector.java:doStop(380)) - Stopped ServerConnector@5028cec0{HTTP/1.1,[http/1.1]}{0.0.0.0:0}
2020-07-16 15:51:53,373 [Listener at 127.0.0.1/35779] INFO  server.session (HouseKeeper.java:stopScavenging(158)) - node0 Stopped scavenging
2020-07-16 15:51:53,373 [Listener at 127.0.0.1/35779] INFO  handler.ContextHandler (ContextHandler.java:doStop(1016)) - Stopped o.e.j.s.ServletContextHandler@24b73741{static,/static,file:///github/workspace/mnt/ozone/hadoop-ozone/integration-test/target/test-classes/webapps/static,UNAVAILABLE}
2020-07-16 15:51:53,373 [Listener at 127.0.0.1/35779] INFO  handler.ContextHandler (ContextHandler.java:doStop(1016)) - Stopped o.e.j.s.ServletContextHandler@a28296e{logs,/logs,file:///github/workspace/mnt/ozone/hadoop-ozone/integration-test/target/log,UNAVAILABLE}
2020-07-16 15:51:53,374 [Listener at 127.0.0.1/35779] INFO  server.StorageContainerManager (StorageContainerManager.java:stop(874)) - Stopping Block Manager Service.
2020-07-16 15:51:53,374 [Listener at 127.0.0.1/35779] INFO  utils.BackgroundService (BackgroundService.java:shutdown(157)) - Shutting down service SCMBlockDeletingService
2020-07-16 15:51:53,374 [Listener at 127.0.0.1/35779] INFO  utils.BackgroundService (BackgroundService.java:shutdown(157)) - Shutting down service SCMBlockDeletingService
2020-07-16 15:51:53,374 [Listener at 127.0.0.1/35779] INFO  server.StorageContainerManager (StorageContainerManager.java:stop(899)) - Stopping SCM Event Queue.
2020-07-16 15:51:53,378 [Listener at 127.0.0.1/35779] INFO  impl.MetricsSystemImpl (MetricsSystemImpl.java:stop(210)) - Stopping HddsDatanode metrics system...
2020-07-16 15:51:53,389 [Listener at 127.0.0.1/35779] INFO  impl.MetricsSystemImpl (MetricsSystemImpl.java:stop(216)) - HddsDatanode metrics system stopped.
]]></system-out>
    <system-err><![CDATA[Jul 16, 2020 3:51:21 PM org.apache.ratis.thirdparty.io.grpc.internal.ManagedChannelOrphanWrapper$ManagedChannelReference cleanQueue
SEVERE: *~*~*~ Channel ManagedChannelImpl{logId=233, target=172.17.0.2:45841} was not shutdown properly!!! ~*~*~*
    Make sure to call shutdown()/shutdownNow() and wait until awaitTermination() returns true.
java.lang.RuntimeException: ManagedChannel allocation site
	at org.apache.ratis.thirdparty.io.grpc.internal.ManagedChannelOrphanWrapper$ManagedChannelReference.<init>(ManagedChannelOrphanWrapper.java:94)
	at org.apache.ratis.thirdparty.io.grpc.internal.ManagedChannelOrphanWrapper.<init>(ManagedChannelOrphanWrapper.java:52)
	at org.apache.ratis.thirdparty.io.grpc.internal.ManagedChannelOrphanWrapper.<init>(ManagedChannelOrphanWrapper.java:43)
	at org.apache.ratis.thirdparty.io.grpc.internal.AbstractManagedChannelImplBuilder.build(AbstractManagedChannelImplBuilder.java:518)
	at org.apache.ratis.grpc.client.GrpcClientProtocolClient.<init>(GrpcClientProtocolClient.java:129)
	at org.apache.ratis.grpc.client.GrpcClientRpc.lambda$new$0(GrpcClientRpc.java:55)
	at org.apache.ratis.util.PeerProxyMap$PeerAndProxy.lambda$getProxy$0(PeerProxyMap.java:62)
	at org.apache.ratis.util.LifeCycle.startAndTransition(LifeCycle.java:214)
	at org.apache.ratis.util.PeerProxyMap$PeerAndProxy.getProxy(PeerProxyMap.java:61)
	at org.apache.ratis.util.PeerProxyMap.getProxy(PeerProxyMap.java:109)
	at org.apache.ratis.grpc.client.GrpcClientRpc.sendRequestAsync(GrpcClientRpc.java:66)
	at org.apache.ratis.client.impl.OrderedAsync.sendRequest(OrderedAsync.java:233)
	at org.apache.ratis.client.impl.OrderedAsync.sendRequestWithRetry(OrderedAsync.java:187)
	at org.apache.ratis.util.SlidingWindow$Client.sendOrDelayRequest(SlidingWindow.java:278)
	at org.apache.ratis.util.SlidingWindow$Client.retry(SlidingWindow.java:294)
	at org.apache.ratis.client.impl.OrderedAsync.lambda$scheduleWithTimeout$7(OrderedAsync.java:220)
	at org.apache.ratis.util.TimeoutScheduler.lambda$onTimeout$0(TimeoutScheduler.java:141)
	at org.apache.ratis.util.TimeoutScheduler.lambda$onTimeout$1(TimeoutScheduler.java:155)
	at org.apache.ratis.util.LogUtils.runAndLog(LogUtils.java:38)
	at org.apache.ratis.util.LogUtils$1.run(LogUtils.java:79)
	at java.util.concurrent.Executors$RunnableAdapter.call(Executors.java:511)
	at java.util.concurrent.FutureTask.run(FutureTask.java:266)
	at java.util.concurrent.ScheduledThreadPoolExecutor$ScheduledFutureTask.access$201(ScheduledThreadPoolExecutor.java:180)
	at java.util.concurrent.ScheduledThreadPoolExecutor$ScheduledFutureTask.run(ScheduledThreadPoolExecutor.java:293)
	at java.util.concurrent.ThreadPoolExecutor.runWorker(ThreadPoolExecutor.java:1149)
	at java.util.concurrent.ThreadPoolExecutor$Worker.run(ThreadPoolExecutor.java:624)
	at java.lang.Thread.run(Thread.java:748)

Jul 16, 2020 3:51:21 PM org.apache.ratis.thirdparty.io.grpc.internal.ManagedChannelOrphanWrapper$ManagedChannelReference cleanQueue
SEVERE: *~*~*~ Channel ManagedChannelImpl{logId=238, target=172.17.0.2:38645} was not shutdown properly!!! ~*~*~*
    Make sure to call shutdown()/shutdownNow() and wait until awaitTermination() returns true.
java.lang.RuntimeException: ManagedChannel allocation site
	at org.apache.ratis.thirdparty.io.grpc.internal.ManagedChannelOrphanWrapper$ManagedChannelReference.<init>(ManagedChannelOrphanWrapper.java:94)
	at org.apache.ratis.thirdparty.io.grpc.internal.ManagedChannelOrphanWrapper.<init>(ManagedChannelOrphanWrapper.java:52)
	at org.apache.ratis.thirdparty.io.grpc.internal.ManagedChannelOrphanWrapper.<init>(ManagedChannelOrphanWrapper.java:43)
	at org.apache.ratis.thirdparty.io.grpc.internal.AbstractManagedChannelImplBuilder.build(AbstractManagedChannelImplBuilder.java:518)
	at org.apache.ratis.grpc.client.GrpcClientProtocolClient.<init>(GrpcClientProtocolClient.java:129)
	at org.apache.ratis.grpc.client.GrpcClientRpc.lambda$new$0(GrpcClientRpc.java:55)
	at org.apache.ratis.util.PeerProxyMap$PeerAndProxy.lambda$getProxy$0(PeerProxyMap.java:62)
	at org.apache.ratis.util.LifeCycle.startAndTransition(LifeCycle.java:214)
	at org.apache.ratis.util.PeerProxyMap$PeerAndProxy.getProxy(PeerProxyMap.java:61)
	at org.apache.ratis.util.PeerProxyMap.getProxy(PeerProxyMap.java:109)
	at org.apache.ratis.grpc.client.GrpcClientRpc.sendRequestAsync(GrpcClientRpc.java:66)
	at org.apache.ratis.client.impl.OrderedAsync.sendRequest(OrderedAsync.java:233)
	at org.apache.ratis.client.impl.OrderedAsync.sendRequestWithRetry(OrderedAsync.java:187)
	at org.apache.ratis.util.SlidingWindow$Client.sendOrDelayRequest(SlidingWindow.java:278)
	at org.apache.ratis.util.SlidingWindow$Client.submitNewRequest(SlidingWindow.java:257)
	at org.apache.ratis.client.impl.OrderedAsync.send(OrderedAsync.java:168)
	at org.apache.ratis.client.impl.OrderedAsync.newInstance(OrderedAsync.java:117)
	at org.apache.ratis.client.impl.RaftClientImpl.lambda$new$0(RaftClientImpl.java:127)
	at org.apache.ratis.util.MemoizedSupplier.get(MemoizedSupplier.java:62)
	at org.apache.ratis.client.impl.RaftClientImpl.getOrderedAsync(RaftClientImpl.java:150)
	at org.apache.ratis.client.impl.RaftClientImpl.sendAsync(RaftClientImpl.java:188)
	at org.apache.ratis.client.impl.RaftClientImpl.sendAsync(RaftClientImpl.java:160)
	at org.apache.hadoop.hdds.scm.XceiverClientRatis.lambda$sendRequestAsync$3(XceiverClientRatis.java:224)
	at org.apache.hadoop.hdds.tracing.TracingUtil.executeInNewSpan(TracingUtil.java:159)
	at org.apache.hadoop.hdds.scm.XceiverClientRatis.sendRequestAsync(XceiverClientRatis.java:209)
	at org.apache.hadoop.hdds.scm.XceiverClientRatis.sendCommandAsync(XceiverClientRatis.java:305)
	at org.apache.hadoop.hdds.scm.storage.ContainerProtocolCalls.writeChunkAsync(ContainerProtocolCalls.java:318)
	at org.apache.hadoop.hdds.scm.storage.BlockOutputStream.writeChunkToContainer(BlockOutputStream.java:632)
	at org.apache.hadoop.hdds.scm.storage.BlockOutputStream.writeChunk(BlockOutputStream.java:473)
	at org.apache.hadoop.hdds.scm.storage.BlockOutputStream.writeOnRetry(BlockOutputStream.java:288)
	at org.apache.hadoop.ozone.client.io.BlockOutputStreamEntry.writeOnRetry(BlockOutputStreamEntry.java:206)
	at org.apache.hadoop.ozone.client.io.KeyOutputStream.writeToOutputStream(KeyOutputStream.java:240)
	at org.apache.hadoop.ozone.client.io.KeyOutputStream.handleWrite(KeyOutputStream.java:220)
	at org.apache.hadoop.ozone.client.io.KeyOutputStream.handleRetry(KeyOutputStream.java:403)
	at org.apache.hadoop.ozone.client.io.KeyOutputStream.handleException(KeyOutputStream.java:348)
	at org.apache.hadoop.ozone.client.io.KeyOutputStream.handleFlushOrClose(KeyOutputStream.java:459)
	at org.apache.hadoop.ozone.client.io.KeyOutputStream.handleWrite(KeyOutputStream.java:224)
	at org.apache.hadoop.ozone.client.io.KeyOutputStream.write(KeyOutputStream.java:200)
	at org.apache.hadoop.ozone.client.io.OzoneOutputStream.write(OzoneOutputStream.java:49)
	at java.io.OutputStream.write(OutputStream.java:75)
	at org.apache.hadoop.ozone.client.rpc.TestWatchForCommit.testWatchForCommitWithKeyWrite(TestWatchForCommit.java:212)
	at sun.reflect.NativeMethodAccessorImpl.invoke0(Native Method)
	at sun.reflect.NativeMethodAccessorImpl.invoke(NativeMethodAccessorImpl.java:62)
	at sun.reflect.DelegatingMethodAccessorImpl.invoke(DelegatingMethodAccessorImpl.java:43)
	at java.lang.reflect.Method.invoke(Method.java:498)
	at org.junit.runners.model.FrameworkMethod$1.runReflectiveCall(FrameworkMethod.java:47)
	at org.junit.internal.runners.model.ReflectiveCallable.run(ReflectiveCallable.java:12)
	at org.junit.runners.model.FrameworkMethod.invokeExplosively(FrameworkMethod.java:44)
	at org.junit.internal.runners.statements.InvokeMethod.evaluate(InvokeMethod.java:17)
	at org.junit.internal.runners.statements.RunBefores.evaluate(RunBefores.java:26)
	at org.junit.internal.runners.statements.RunAfters.evaluate(RunAfters.java:27)
	at org.junit.runners.ParentRunner.runLeaf(ParentRunner.java:271)
	at org.junit.runners.BlockJUnit4ClassRunner.runChild(BlockJUnit4ClassRunner.java:70)
	at org.junit.runners.BlockJUnit4ClassRunner.runChild(BlockJUnit4ClassRunner.java:50)
	at org.junit.runners.ParentRunner$3.run(ParentRunner.java:238)
	at org.junit.runners.ParentRunner$1.schedule(ParentRunner.java:63)
	at org.junit.runners.ParentRunner.runChildren(ParentRunner.java:236)
	at org.junit.runners.ParentRunner.access$000(ParentRunner.java:53)
	at org.junit.runners.ParentRunner$2.evaluate(ParentRunner.java:229)
	at org.junit.runners.ParentRunner.run(ParentRunner.java:309)
	at org.apache.maven.surefire.junit4.JUnit4Provider.execute(JUnit4Provider.java:365)
	at org.apache.maven.surefire.junit4.JUnit4Provider.executeWithRerun(JUnit4Provider.java:273)
	at org.apache.maven.surefire.junit4.JUnit4Provider.executeTestSet(JUnit4Provider.java:238)
	at org.apache.maven.surefire.junit4.JUnit4Provider.invoke(JUnit4Provider.java:159)
	at org.apache.maven.surefire.booter.ForkedBooter.invokeProviderInSameClassLoader(ForkedBooter.java:384)
	at org.apache.maven.surefire.booter.ForkedBooter.runSuitesInProcess(ForkedBooter.java:345)
	at org.apache.maven.surefire.booter.ForkedBooter.execute(ForkedBooter.java:126)
	at org.apache.maven.surefire.booter.ForkedBooter.main(ForkedBooter.java:418)

Jul 16, 2020 3:51:21 PM org.apache.ratis.thirdparty.io.grpc.internal.ManagedChannelOrphanWrapper$ManagedChannelReference cleanQueue
SEVERE: *~*~*~ Channel ManagedChannelImpl{logId=251, target=172.17.0.2:35499} was not shutdown properly!!! ~*~*~*
    Make sure to call shutdown()/shutdownNow() and wait until awaitTermination() returns true.
java.lang.RuntimeException: ManagedChannel allocation site
	at org.apache.ratis.thirdparty.io.grpc.internal.ManagedChannelOrphanWrapper$ManagedChannelReference.<init>(ManagedChannelOrphanWrapper.java:94)
	at org.apache.ratis.thirdparty.io.grpc.internal.ManagedChannelOrphanWrapper.<init>(ManagedChannelOrphanWrapper.java:52)
	at org.apache.ratis.thirdparty.io.grpc.internal.ManagedChannelOrphanWrapper.<init>(ManagedChannelOrphanWrapper.java:43)
	at org.apache.ratis.thirdparty.io.grpc.internal.AbstractManagedChannelImplBuilder.build(AbstractManagedChannelImplBuilder.java:518)
	at org.apache.hadoop.hdds.scm.XceiverClientGrpc.connectToDatanode(XceiverClientGrpc.java:193)
	at org.apache.hadoop.hdds.scm.XceiverClientGrpc.reconnect(XceiverClientGrpc.java:501)
	at org.apache.hadoop.hdds.scm.XceiverClientGrpc.checkOpen(XceiverClientGrpc.java:492)
	at org.apache.hadoop.hdds.scm.XceiverClientGrpc.sendCommandAsync(XceiverClientGrpc.java:432)
	at org.apache.hadoop.hdds.scm.XceiverClientGrpc.sendCommandWithRetry(XceiverClientGrpc.java:341)
	at org.apache.hadoop.hdds.scm.XceiverClientGrpc.lambda$sendCommandWithTraceIDAndRetry$0(XceiverClientGrpc.java:281)
	at org.apache.hadoop.hdds.tracing.TracingUtil.executeInSpan(TracingUtil.java:174)
	at org.apache.hadoop.hdds.tracing.TracingUtil.executeInNewSpan(TracingUtil.java:148)
	at org.apache.hadoop.hdds.scm.XceiverClientGrpc.sendCommandWithTraceIDAndRetry(XceiverClientGrpc.java:275)
	at org.apache.hadoop.hdds.scm.XceiverClientGrpc.sendCommand(XceiverClientGrpc.java:256)
	at org.apache.hadoop.hdds.scm.storage.ContainerProtocolCalls.getBlock(ContainerProtocolCalls.java:119)
	at org.apache.hadoop.hdds.scm.storage.BlockInputStream.getChunkInfos(BlockInputStream.java:199)
	at org.apache.hadoop.hdds.scm.storage.BlockInputStream.initialize(BlockInputStream.java:133)
	at org.apache.hadoop.hdds.scm.storage.BlockInputStream.read(BlockInputStream.java:254)
	at org.apache.hadoop.ozone.client.io.KeyInputStream.read(KeyInputStream.java:199)
	at org.apache.hadoop.ozone.client.io.OzoneInputStream.read(OzoneInputStream.java:47)
	at java.io.InputStream.read(InputStream.java:101)
	at org.apache.hadoop.ozone.container.TestHelper.validateData(TestHelper.java:125)
	at org.apache.hadoop.ozone.client.rpc.TestWatchForCommit.validateData(TestWatchForCommit.java:366)
	at org.apache.hadoop.ozone.client.rpc.TestWatchForCommit.testWatchForCommitWithKeyWrite(TestWatchForCommit.java:232)
	at sun.reflect.NativeMethodAccessorImpl.invoke0(Native Method)
	at sun.reflect.NativeMethodAccessorImpl.invoke(NativeMethodAccessorImpl.java:62)
	at sun.reflect.DelegatingMethodAccessorImpl.invoke(DelegatingMethodAccessorImpl.java:43)
	at java.lang.reflect.Method.invoke(Method.java:498)
	at org.junit.runners.model.FrameworkMethod$1.runReflectiveCall(FrameworkMethod.java:47)
	at org.junit.internal.runners.model.ReflectiveCallable.run(ReflectiveCallable.java:12)
	at org.junit.runners.model.FrameworkMethod.invokeExplosively(FrameworkMethod.java:44)
	at org.junit.internal.runners.statements.InvokeMethod.evaluate(InvokeMethod.java:17)
	at org.junit.internal.runners.statements.RunBefores.evaluate(RunBefores.java:26)
	at org.junit.internal.runners.statements.RunAfters.evaluate(RunAfters.java:27)
	at org.junit.runners.ParentRunner.runLeaf(ParentRunner.java:271)
	at org.junit.runners.BlockJUnit4ClassRunner.runChild(BlockJUnit4ClassRunner.java:70)
	at org.junit.runners.BlockJUnit4ClassRunner.runChild(BlockJUnit4ClassRunner.java:50)
	at org.junit.runners.ParentRunner$3.run(ParentRunner.java:238)
	at org.junit.runners.ParentRunner$1.schedule(ParentRunner.java:63)
	at org.junit.runners.ParentRunner.runChildren(ParentRunner.java:236)
	at org.junit.runners.ParentRunner.access$000(ParentRunner.java:53)
	at org.junit.runners.ParentRunner$2.evaluate(ParentRunner.java:229)
	at org.junit.runners.ParentRunner.run(ParentRunner.java:309)
	at org.apache.maven.surefire.junit4.JUnit4Provider.execute(JUnit4Provider.java:365)
	at org.apache.maven.surefire.junit4.JUnit4Provider.executeWithRerun(JUnit4Provider.java:273)
	at org.apache.maven.surefire.junit4.JUnit4Provider.executeTestSet(JUnit4Provider.java:238)
	at org.apache.maven.surefire.junit4.JUnit4Provider.invoke(JUnit4Provider.java:159)
	at org.apache.maven.surefire.booter.ForkedBooter.invokeProviderInSameClassLoader(ForkedBooter.java:384)
	at org.apache.maven.surefire.booter.ForkedBooter.runSuitesInProcess(ForkedBooter.java:345)
	at org.apache.maven.surefire.booter.ForkedBooter.execute(ForkedBooter.java:126)
	at org.apache.maven.surefire.booter.ForkedBooter.main(ForkedBooter.java:418)

Jul 16, 2020 3:51:21 PM org.apache.ratis.thirdparty.io.grpc.internal.ManagedChannelOrphanWrapper$ManagedChannelReference cleanQueue
SEVERE: *~*~*~ Channel ManagedChannelImpl{logId=243, target=172.17.0.2:33107} was not shutdown properly!!! ~*~*~*
    Make sure to call shutdown()/shutdownNow() and wait until awaitTermination() returns true.
java.lang.RuntimeException: ManagedChannel allocation site
	at org.apache.ratis.thirdparty.io.grpc.internal.ManagedChannelOrphanWrapper$ManagedChannelReference.<init>(ManagedChannelOrphanWrapper.java:94)
	at org.apache.ratis.thirdparty.io.grpc.internal.ManagedChannelOrphanWrapper.<init>(ManagedChannelOrphanWrapper.java:52)
	at org.apache.ratis.thirdparty.io.grpc.internal.ManagedChannelOrphanWrapper.<init>(ManagedChannelOrphanWrapper.java:43)
	at org.apache.ratis.thirdparty.io.grpc.internal.AbstractManagedChannelImplBuilder.build(AbstractManagedChannelImplBuilder.java:518)
	at org.apache.hadoop.hdds.scm.XceiverClientGrpc.connectToDatanode(XceiverClientGrpc.java:193)
	at org.apache.hadoop.hdds.scm.XceiverClientGrpc.connect(XceiverClientGrpc.java:142)
	at org.apache.hadoop.hdds.scm.XceiverClientManager$2.call(XceiverClientManager.java:244)
	at org.apache.hadoop.hdds.scm.XceiverClientManager$2.call(XceiverClientManager.java:228)
	at com.google.common.cache.LocalCache$LocalManualCache$1.load(LocalCache.java:4876)
	at com.google.common.cache.LocalCache$LoadingValueReference.loadFuture(LocalCache.java:3529)
	at com.google.common.cache.LocalCache$Segment.loadSync(LocalCache.java:2278)
	at com.google.common.cache.LocalCache$Segment.lockedGetOrLoad(LocalCache.java:2155)
	at com.google.common.cache.LocalCache$Segment.get(LocalCache.java:2045)
	at com.google.common.cache.LocalCache.get(LocalCache.java:3951)
	at com.google.common.cache.LocalCache$LocalManualCache.get(LocalCache.java:4871)
	at org.apache.hadoop.hdds.scm.XceiverClientManager.getClient(XceiverClientManager.java:228)
	at org.apache.hadoop.hdds.scm.XceiverClientManager.acquireClient(XceiverClientManager.java:174)
	at org.apache.hadoop.hdds.scm.XceiverClientManager.acquireClientForReadData(XceiverClientManager.java:163)
	at org.apache.hadoop.hdds.scm.storage.BlockInputStream.getChunkInfos(BlockInputStream.java:184)
	at org.apache.hadoop.hdds.scm.storage.BlockInputStream.initialize(BlockInputStream.java:133)
	at org.apache.hadoop.hdds.scm.storage.BlockInputStream.read(BlockInputStream.java:254)
	at org.apache.hadoop.ozone.client.io.KeyInputStream.read(KeyInputStream.java:199)
	at org.apache.hadoop.ozone.client.io.OzoneInputStream.read(OzoneInputStream.java:47)
	at java.io.InputStream.read(InputStream.java:101)
	at org.apache.hadoop.ozone.container.TestHelper.validateData(TestHelper.java:125)
	at org.apache.hadoop.ozone.client.rpc.TestWatchForCommit.validateData(TestWatchForCommit.java:366)
	at org.apache.hadoop.ozone.client.rpc.TestWatchForCommit.testWatchForCommitWithKeyWrite(TestWatchForCommit.java:232)
	at sun.reflect.NativeMethodAccessorImpl.invoke0(Native Method)
	at sun.reflect.NativeMethodAccessorImpl.invoke(NativeMethodAccessorImpl.java:62)
	at sun.reflect.DelegatingMethodAccessorImpl.invoke(DelegatingMethodAccessorImpl.java:43)
	at java.lang.reflect.Method.invoke(Method.java:498)
	at org.junit.runners.model.FrameworkMethod$1.runReflectiveCall(FrameworkMethod.java:47)
	at org.junit.internal.runners.model.ReflectiveCallable.run(ReflectiveCallable.java:12)
	at org.junit.runners.model.FrameworkMethod.invokeExplosively(FrameworkMethod.java:44)
	at org.junit.internal.runners.statements.InvokeMethod.evaluate(InvokeMethod.java:17)
	at org.junit.internal.runners.statements.RunBefores.evaluate(RunBefores.java:26)
	at org.junit.internal.runners.statements.RunAfters.evaluate(RunAfters.java:27)
	at org.junit.runners.ParentRunner.runLeaf(ParentRunner.java:271)
	at org.junit.runners.BlockJUnit4ClassRunner.runChild(BlockJUnit4ClassRunner.java:70)
	at org.junit.runners.BlockJUnit4ClassRunner.runChild(BlockJUnit4ClassRunner.java:50)
	at org.junit.runners.ParentRunner$3.run(ParentRunner.java:238)
	at org.junit.runners.ParentRunner$1.schedule(ParentRunner.java:63)
	at org.junit.runners.ParentRunner.runChildren(ParentRunner.java:236)
	at org.junit.runners.ParentRunner.access$000(ParentRunner.java:53)
	at org.junit.runners.ParentRunner$2.evaluate(ParentRunner.java:229)
	at org.junit.runners.ParentRunner.run(ParentRunner.java:309)
	at org.apache.maven.surefire.junit4.JUnit4Provider.execute(JUnit4Provider.java:365)
	at org.apache.maven.surefire.junit4.JUnit4Provider.executeWithRerun(JUnit4Provider.java:273)
	at org.apache.maven.surefire.junit4.JUnit4Provider.executeTestSet(JUnit4Provider.java:238)
	at org.apache.maven.surefire.junit4.JUnit4Provider.invoke(JUnit4Provider.java:159)
	at org.apache.maven.surefire.booter.ForkedBooter.invokeProviderInSameClassLoader(ForkedBooter.java:384)
	at org.apache.maven.surefire.booter.ForkedBooter.runSuitesInProcess(ForkedBooter.java:345)
	at org.apache.maven.surefire.booter.ForkedBooter.execute(ForkedBooter.java:126)
	at org.apache.maven.surefire.booter.ForkedBooter.main(ForkedBooter.java:418)

Jul 16, 2020 3:51:21 PM org.apache.ratis.thirdparty.io.grpc.internal.ManagedChannelOrphanWrapper$ManagedChannelReference cleanQueue
SEVERE: *~*~*~ Channel ManagedChannelImpl{logId=426, target=172.17.0.2:33377} was not shutdown properly!!! ~*~*~*
    Make sure to call shutdown()/shutdownNow() and wait until awaitTermination() returns true.
java.lang.RuntimeException: ManagedChannel allocation site
	at org.apache.ratis.thirdparty.io.grpc.internal.ManagedChannelOrphanWrapper$ManagedChannelReference.<init>(ManagedChannelOrphanWrapper.java:94)
	at org.apache.ratis.thirdparty.io.grpc.internal.ManagedChannelOrphanWrapper.<init>(ManagedChannelOrphanWrapper.java:52)
	at org.apache.ratis.thirdparty.io.grpc.internal.ManagedChannelOrphanWrapper.<init>(ManagedChannelOrphanWrapper.java:43)
	at org.apache.ratis.thirdparty.io.grpc.internal.AbstractManagedChannelImplBuilder.build(AbstractManagedChannelImplBuilder.java:518)
	at org.apache.ratis.grpc.client.GrpcClientProtocolClient.<init>(GrpcClientProtocolClient.java:129)
	at org.apache.ratis.grpc.client.GrpcClientRpc.lambda$new$0(GrpcClientRpc.java:55)
	at org.apache.ratis.util.PeerProxyMap$PeerAndProxy.lambda$getProxy$0(PeerProxyMap.java:62)
	at org.apache.ratis.util.LifeCycle.startAndTransition(LifeCycle.java:214)
	at org.apache.ratis.util.PeerProxyMap$PeerAndProxy.getProxy(PeerProxyMap.java:61)
	at org.apache.ratis.util.PeerProxyMap.getProxy(PeerProxyMap.java:109)
	at org.apache.ratis.grpc.client.GrpcClientRpc.sendRequestAsync(GrpcClientRpc.java:66)
	at org.apache.ratis.client.impl.OrderedAsync.sendRequest(OrderedAsync.java:233)
	at org.apache.ratis.client.impl.OrderedAsync.sendRequestWithRetry(OrderedAsync.java:187)
	at org.apache.ratis.util.SlidingWindow$Client.sendOrDelayRequest(SlidingWindow.java:278)
	at org.apache.ratis.util.SlidingWindow$Client.submitNewRequest(SlidingWindow.java:257)
	at org.apache.ratis.client.impl.OrderedAsync.send(OrderedAsync.java:168)
	at org.apache.ratis.client.impl.OrderedAsync.newInstance(OrderedAsync.java:117)
	at org.apache.ratis.client.impl.RaftClientImpl.lambda$new$0(RaftClientImpl.java:127)
	at org.apache.ratis.util.MemoizedSupplier.get(MemoizedSupplier.java:62)
	at org.apache.ratis.client.impl.RaftClientImpl.getOrderedAsync(RaftClientImpl.java:150)
	at org.apache.ratis.client.impl.RaftClientImpl.sendAsync(RaftClientImpl.java:188)
	at org.apache.ratis.client.impl.RaftClientImpl.sendAsync(RaftClientImpl.java:160)
	at org.apache.hadoop.hdds.scm.XceiverClientRatis.lambda$sendRequestAsync$3(XceiverClientRatis.java:224)
	at org.apache.hadoop.hdds.tracing.TracingUtil.executeInNewSpan(TracingUtil.java:159)
	at org.apache.hadoop.hdds.scm.XceiverClientRatis.sendRequestAsync(XceiverClientRatis.java:209)
	at org.apache.hadoop.hdds.scm.XceiverClientRatis.sendCommandAsync(XceiverClientRatis.java:305)
	at org.apache.hadoop.ozone.client.rpc.TestWatchForCommit.testWatchForCommitForRetryfailure(TestWatchForCommit.java:248)
	at sun.reflect.NativeMethodAccessorImpl.invoke0(Native Method)
	at sun.reflect.NativeMethodAccessorImpl.invoke(NativeMethodAccessorImpl.java:62)
	at sun.reflect.DelegatingMethodAccessorImpl.invoke(DelegatingMethodAccessorImpl.java:43)
	at java.lang.reflect.Method.invoke(Method.java:498)
	at org.junit.runners.model.FrameworkMethod$1.runReflectiveCall(FrameworkMethod.java:47)
	at org.junit.internal.runners.model.ReflectiveCallable.run(ReflectiveCallable.java:12)
	at org.junit.runners.model.FrameworkMethod.invokeExplosively(FrameworkMethod.java:44)
	at org.junit.internal.runners.statements.InvokeMethod.evaluate(InvokeMethod.java:17)
	at org.junit.internal.runners.statements.RunBefores.evaluate(RunBefores.java:26)
	at org.junit.internal.runners.statements.RunAfters.evaluate(RunAfters.java:27)
	at org.junit.runners.ParentRunner.runLeaf(ParentRunner.java:271)
	at org.junit.runners.BlockJUnit4ClassRunner.runChild(BlockJUnit4ClassRunner.java:70)
	at org.junit.runners.BlockJUnit4ClassRunner.runChild(BlockJUnit4ClassRunner.java:50)
	at org.junit.runners.ParentRunner$3.run(ParentRunner.java:238)
	at org.junit.runners.ParentRunner$1.schedule(ParentRunner.java:63)
	at org.junit.runners.ParentRunner.runChildren(ParentRunner.java:236)
	at org.junit.runners.ParentRunner.access$000(ParentRunner.java:53)
	at org.junit.runners.ParentRunner$2.evaluate(ParentRunner.java:229)
	at org.junit.runners.ParentRunner.run(ParentRunner.java:309)
	at org.apache.maven.surefire.junit4.JUnit4Provider.execute(JUnit4Provider.java:365)
	at org.apache.maven.surefire.junit4.JUnit4Provider.executeWithRerun(JUnit4Provider.java:273)
	at org.apache.maven.surefire.junit4.JUnit4Provider.executeTestSet(JUnit4Provider.java:238)
	at org.apache.maven.surefire.junit4.JUnit4Provider.invoke(JUnit4Provider.java:159)
	at org.apache.maven.surefire.booter.ForkedBooter.invokeProviderInSameClassLoader(ForkedBooter.java:384)
	at org.apache.maven.surefire.booter.ForkedBooter.runSuitesInProcess(ForkedBooter.java:345)
	at org.apache.maven.surefire.booter.ForkedBooter.execute(ForkedBooter.java:126)
	at org.apache.maven.surefire.booter.ForkedBooter.main(ForkedBooter.java:418)

Jul 16, 2020 3:51:21 PM org.apache.ratis.thirdparty.io.grpc.internal.ManagedChannelOrphanWrapper$ManagedChannelReference cleanQueue
SEVERE: *~*~*~ Channel ManagedChannelImpl{logId=247, target=172.17.0.2:46331} was not shutdown properly!!! ~*~*~*
    Make sure to call shutdown()/shutdownNow() and wait until awaitTermination() returns true.
java.lang.RuntimeException: ManagedChannel allocation site
	at org.apache.ratis.thirdparty.io.grpc.internal.ManagedChannelOrphanWrapper$ManagedChannelReference.<init>(ManagedChannelOrphanWrapper.java:94)
	at org.apache.ratis.thirdparty.io.grpc.internal.ManagedChannelOrphanWrapper.<init>(ManagedChannelOrphanWrapper.java:52)
	at org.apache.ratis.thirdparty.io.grpc.internal.ManagedChannelOrphanWrapper.<init>(ManagedChannelOrphanWrapper.java:43)
	at org.apache.ratis.thirdparty.io.grpc.internal.AbstractManagedChannelImplBuilder.build(AbstractManagedChannelImplBuilder.java:518)
	at org.apache.hadoop.hdds.scm.XceiverClientGrpc.connectToDatanode(XceiverClientGrpc.java:193)
	at org.apache.hadoop.hdds.scm.XceiverClientGrpc.reconnect(XceiverClientGrpc.java:501)
	at org.apache.hadoop.hdds.scm.XceiverClientGrpc.checkOpen(XceiverClientGrpc.java:492)
	at org.apache.hadoop.hdds.scm.XceiverClientGrpc.sendCommandAsync(XceiverClientGrpc.java:432)
	at org.apache.hadoop.hdds.scm.XceiverClientGrpc.sendCommandWithRetry(XceiverClientGrpc.java:341)
	at org.apache.hadoop.hdds.scm.XceiverClientGrpc.lambda$sendCommandWithTraceIDAndRetry$0(XceiverClientGrpc.java:281)
	at org.apache.hadoop.hdds.tracing.TracingUtil.executeInSpan(TracingUtil.java:174)
	at org.apache.hadoop.hdds.tracing.TracingUtil.executeInNewSpan(TracingUtil.java:148)
	at org.apache.hadoop.hdds.scm.XceiverClientGrpc.sendCommandWithTraceIDAndRetry(XceiverClientGrpc.java:275)
	at org.apache.hadoop.hdds.scm.XceiverClientGrpc.sendCommand(XceiverClientGrpc.java:256)
	at org.apache.hadoop.hdds.scm.storage.ContainerProtocolCalls.getBlock(ContainerProtocolCalls.java:119)
	at org.apache.hadoop.hdds.scm.storage.BlockInputStream.getChunkInfos(BlockInputStream.java:199)
	at org.apache.hadoop.hdds.scm.storage.BlockInputStream.initialize(BlockInputStream.java:133)
	at org.apache.hadoop.hdds.scm.storage.BlockInputStream.read(BlockInputStream.java:254)
	at org.apache.hadoop.ozone.client.io.KeyInputStream.read(KeyInputStream.java:199)
	at org.apache.hadoop.ozone.client.io.OzoneInputStream.read(OzoneInputStream.java:47)
	at java.io.InputStream.read(InputStream.java:101)
	at org.apache.hadoop.ozone.container.TestHelper.validateData(TestHelper.java:125)
	at org.apache.hadoop.ozone.client.rpc.TestWatchForCommit.validateData(TestWatchForCommit.java:366)
	at org.apache.hadoop.ozone.client.rpc.TestWatchForCommit.testWatchForCommitWithKeyWrite(TestWatchForCommit.java:232)
	at sun.reflect.NativeMethodAccessorImpl.invoke0(Native Method)
	at sun.reflect.NativeMethodAccessorImpl.invoke(NativeMethodAccessorImpl.java:62)
	at sun.reflect.DelegatingMethodAccessorImpl.invoke(DelegatingMethodAccessorImpl.java:43)
	at java.lang.reflect.Method.invoke(Method.java:498)
	at org.junit.runners.model.FrameworkMethod$1.runReflectiveCall(FrameworkMethod.java:47)
	at org.junit.internal.runners.model.ReflectiveCallable.run(ReflectiveCallable.java:12)
	at org.junit.runners.model.FrameworkMethod.invokeExplosively(FrameworkMethod.java:44)
	at org.junit.internal.runners.statements.InvokeMethod.evaluate(InvokeMethod.java:17)
	at org.junit.internal.runners.statements.RunBefores.evaluate(RunBefores.java:26)
	at org.junit.internal.runners.statements.RunAfters.evaluate(RunAfters.java:27)
	at org.junit.runners.ParentRunner.runLeaf(ParentRunner.java:271)
	at org.junit.runners.BlockJUnit4ClassRunner.runChild(BlockJUnit4ClassRunner.java:70)
	at org.junit.runners.BlockJUnit4ClassRunner.runChild(BlockJUnit4ClassRunner.java:50)
	at org.junit.runners.ParentRunner$3.run(ParentRunner.java:238)
	at org.junit.runners.ParentRunner$1.schedule(ParentRunner.java:63)
	at org.junit.runners.ParentRunner.runChildren(ParentRunner.java:236)
	at org.junit.runners.ParentRunner.access$000(ParentRunner.java:53)
	at org.junit.runners.ParentRunner$2.evaluate(ParentRunner.java:229)
	at org.junit.runners.ParentRunner.run(ParentRunner.java:309)
	at org.apache.maven.surefire.junit4.JUnit4Provider.execute(JUnit4Provider.java:365)
	at org.apache.maven.surefire.junit4.JUnit4Provider.executeWithRerun(JUnit4Provider.java:273)
	at org.apache.maven.surefire.junit4.JUnit4Provider.executeTestSet(JUnit4Provider.java:238)
	at org.apache.maven.surefire.junit4.JUnit4Provider.invoke(JUnit4Provider.java:159)
	at org.apache.maven.surefire.booter.ForkedBooter.invokeProviderInSameClassLoader(ForkedBooter.java:384)
	at org.apache.maven.surefire.booter.ForkedBooter.runSuitesInProcess(ForkedBooter.java:345)
	at org.apache.maven.surefire.booter.ForkedBooter.execute(ForkedBooter.java:126)
	at org.apache.maven.surefire.booter.ForkedBooter.main(ForkedBooter.java:418)

]]></system-err>
  </testcase>
  <testcase name="test2WayCommitForTimeoutException" classname="org.apache.hadoop.ozone.client.rpc.TestWatchForCommit" time="42.082"/>
</testsuite>