<?xml version="1.0" encoding="UTF-8"?>
<testsuite xmlns:xsi="http://www.w3.org/2001/XMLSchema-instance" xsi:noNamespaceSchemaLocation="https://maven.apache.org/surefire/maven-surefire-plugin/xsd/surefire-test-report-3.0.xsd" version="3.0" name="org.apache.hadoop.ozone.client.TestOzoneECClient" time="5.503" tests="34" errors="1" skipped="0" failures="0">
  <properties>
    <property name="awt.toolkit" value="sun.awt.X11.XToolkit"/>
    <property name="file.encoding.pkg" value="sun.io"/>
    <property name="java.specification.version" value="1.8"/>
    <property name="sun.cpu.isalist" value=""/>
    <property name="sun.jnu.encoding" value="UTF-8"/>
    <property name="gradle.enterprise.listener.surefire.forkId" value="1"/>
    <property name="java.class.path" value="/home/runner/work/ozone/ozone/hadoop-ozone/client/target/test-classes:/home/runner/work/ozone/ozone/hadoop-ozone/client/target/classes:/home/runner/work/ozone/ozone/hadoop-hdds/test-utils/target/classes:/home/runner/.m2/repository/com/google/guava/guava/32.0.0-jre/guava-32.0.0-jre.jar:/home/runner/.m2/repository/com/google/guava/failureaccess/1.0.1/failureaccess-1.0.1.jar:/home/runner/.m2/repository/com/google/guava/listenablefuture/9999.0-empty-to-avoid-conflict-with-guava/listenablefuture-9999.0-empty-to-avoid-conflict-with-guava.jar:/home/runner/.m2/repository/com/google/code/findbugs/jsr305/3.0.0/jsr305-3.0.0.jar:/home/runner/.m2/repository/org/checkerframework/checker-qual/3.33.0/checker-qual-3.33.0.jar:/home/runner/.m2/repository/com/google/errorprone/error_prone_annotations/2.2.0/error_prone_annotations-2.2.0.jar:/home/runner/.m2/repository/com/google/j2objc/j2objc-annotations/2.8/j2objc-annotations-2.8.jar:/home/runner/.m2/repository/commons-io/commons-io/2.11.0/commons-io-2.11.0.jar:/home/runner/.m2/repository/commons-logging/commons-logging/1.2/commons-logging-1.2.jar:/home/runner/.m2/repository/org/junit/jupiter/junit-jupiter-api/5.8.2/junit-jupiter-api-5.8.2.jar:/home/runner/.m2/repository/org/opentest4j/opentest4j/1.2.0/opentest4j-1.2.0.jar:/home/runner/.m2/repository/org/junit/platform/junit-platform-commons/1.8.2/junit-platform-commons-1.8.2.jar:/home/runner/.m2/repository/org/apiguardian/apiguardian-api/1.1.2/apiguardian-api-1.1.2.jar:/home/runner/.m2/repository/org/apache/commons/commons-lang3/3.7/commons-lang3-3.7.jar:/home/runner/.m2/repository/org/slf4j/slf4j-api/1.7.36/slf4j-api-1.7.36.jar:/home/runner/.m2/repository/org/apache/logging/log4j/log4j-api/2.17.1/log4j-api-2.17.1.jar:/home/runner/work/ozone/ozone/hadoop-ozone/common/target/classes:/home/runner/.m2/repository/io/grpc/grpc-netty/1.51.1/grpc-netty-1.51.1.jar:/home/runner/.m2/repository/io/grpc/grpc-core/1.51.1/grpc-core-1.51.1.jar:/home/runner/.m2/repository/com/google/code/gson/gson/2.9.0/gson-2.9.0.jar:/home/runner/.m2/repository/com/google/android/annotations/4.1.1.4/annotations-4.1.1.4.jar:/home/runner/.m2/repository/org/codehaus/mojo/animal-sniffer-annotations/1.21/animal-sniffer-annotations-1.21.jar:/home/runner/.m2/repository/io/perfmark/perfmark-api/0.25.0/perfmark-api-0.25.0.jar:/home/runner/.m2/repository/io/netty/netty-transport-native-unix-common/4.1.100.Final/netty-transport-native-unix-common-4.1.100.Final.jar:/home/runner/.m2/repository/io/netty/netty-codec-http2/4.1.100.Final/netty-codec-http2-4.1.100.Final.jar:/home/runner/.m2/repository/io/netty/netty-common/4.1.100.Final/netty-common-4.1.100.Final.jar:/home/runner/.m2/repository/io/netty/netty-buffer/4.1.100.Final/netty-buffer-4.1.100.Final.jar:/home/runner/.m2/repository/io/netty/netty-transport/4.1.100.Final/netty-transport-4.1.100.Final.jar:/home/runner/.m2/repository/io/netty/netty-resolver/4.1.100.Final/netty-resolver-4.1.100.Final.jar:/home/runner/.m2/repository/io/netty/netty-codec/4.1.100.Final/netty-codec-4.1.100.Final.jar:/home/runner/.m2/repository/io/netty/netty-handler/4.1.100.Final/netty-handler-4.1.100.Final.jar:/home/runner/.m2/repository/io/netty/netty-codec-http/4.1.100.Final/netty-codec-http-4.1.100.Final.jar:/home/runner/.m2/repository/io/netty/netty-handler-proxy/4.1.100.Final/netty-handler-proxy-4.1.100.Final.jar:/home/runner/.m2/repository/io/netty/netty-codec-socks/4.1.100.Final/netty-codec-socks-4.1.100.Final.jar:/home/runner/.m2/repository/io/netty/netty-tcnative-boringssl-static/2.0.61.Final/netty-tcnative-boringssl-static-2.0.61.Final.jar:/home/runner/.m2/repository/io/netty/netty-tcnative-classes/2.0.61.Final/netty-tcnative-classes-2.0.61.Final.jar:/home/runner/.m2/repository/io/netty/netty-tcnative-boringssl-static/2.0.61.Final/netty-tcnative-boringssl-static-2.0.61.Final-linux-x86_64.jar:/home/runner/.m2/repository/io/netty/netty-tcnative-boringssl-static/2.0.61.Final/netty-tcnative-boringssl-static-2.0.61.Final-linux-aarch_64.jar:/home/runner/.m2/repository/io/netty/netty-tcnative-boringssl-static/2.0.61.Final/netty-tcnative-boringssl-static-2.0.61.Final-osx-x86_64.jar:/home/runner/.m2/repository/io/netty/netty-tcnative-boringssl-static/2.0.61.Final/netty-tcnative-boringssl-static-2.0.61.Final-osx-aarch_64.jar:/home/runner/.m2/repository/io/netty/netty-tcnative-boringssl-static/2.0.61.Final/netty-tcnative-boringssl-static-2.0.61.Final-windows-x86_64.jar:/home/runner/.m2/repository/org/apache/commons/commons-compress/1.21/commons-compress-1.21.jar:/home/runner/work/ozone/ozone/hadoop-hdds/common/target/classes:/home/runner/work/ozone/ozone/hadoop-hdds/client/target/classes:/home/runner/work/ozone/ozone/hadoop-ozone/interface-client/target/classes:/home/runner/.m2/repository/io/grpc/grpc-protobuf/1.51.1/grpc-protobuf-1.51.1.jar:/home/runner/.m2/repository/com/google/api/grpc/proto-google-common-protos/2.9.0/proto-google-common-protos-2.9.0.jar:/home/runner/.m2/repository/io/grpc/grpc-protobuf-lite/1.51.1/grpc-protobuf-lite-1.51.1.jar:/home/runner/.m2/repository/io/grpc/grpc-stub/1.51.1/grpc-stub-1.51.1.jar:/home/runner/.m2/repository/org/apache/hadoop/hadoop-hdfs-client/3.3.6/hadoop-hdfs-client-3.3.6.jar:/home/runner/.m2/repository/com/squareup/okhttp3/okhttp/4.9.3/okhttp-4.9.3.jar:/home/runner/.m2/repository/com/squareup/okio/okio/3.4.0/okio-3.4.0.jar:/home/runner/.m2/repository/com/squareup/okio/okio-jvm/3.4.0/okio-jvm-3.4.0.jar:/home/runner/.m2/repository/org/jetbrains/kotlin/kotlin-stdlib-jdk8/1.8.0/kotlin-stdlib-jdk8-1.8.0.jar:/home/runner/.m2/repository/org/jetbrains/kotlin/kotlin-stdlib-jdk7/1.8.0/kotlin-stdlib-jdk7-1.8.0.jar:/home/runner/.m2/repository/org/jetbrains/kotlin/kotlin-stdlib-common/1.6.21/kotlin-stdlib-common-1.6.21.jar:/home/runner/.m2/repository/com/fasterxml/jackson/core/jackson-databind/2.13.4.2/jackson-databind-2.13.4.2.jar:/home/runner/work/ozone/ozone/hadoop-hdds/erasurecode/target/classes:/home/runner/.m2/repository/com/github/spotbugs/spotbugs-annotations/3.1.12/spotbugs-annotations-3.1.12.jar:/home/runner/work/ozone/ozone/hadoop-hdds/common/target/test-classes:/home/runner/work/ozone/ozone/hadoop-hdds/hadoop-dependency-client/target/classes:/home/runner/.m2/repository/org/apache/hadoop/hadoop-annotations/3.3.6/hadoop-annotations-3.3.6.jar:/usr/lib/jvm/temurin-8-jdk-amd64/jre/../lib/tools.jar:/home/runner/.m2/repository/org/apache/hadoop/hadoop-common/3.3.6/hadoop-common-3.3.6.jar:/home/runner/.m2/repository/org/apache/hadoop/thirdparty/hadoop-shaded-guava/1.1.1/hadoop-shaded-guava-1.1.1.jar:/home/runner/.m2/repository/org/apache/httpcomponents/httpclient/4.5.13/httpclient-4.5.13.jar:/home/runner/.m2/repository/org/apache/httpcomponents/httpcore/4.4.13/httpcore-4.4.13.jar:/home/runner/.m2/repository/jakarta/activation/jakarta.activation-api/1.2.2/jakarta.activation-api-1.2.2.jar:/home/runner/.m2/repository/org/apache/commons/commons-configuration2/2.1.1/commons-configuration2-2.1.1.jar:/home/runner/.m2/repository/com/google/re2j/re2j/1.1/re2j-1.1.jar:/home/runner/.m2/repository/org/apache/hadoop/hadoop-auth/3.3.6/hadoop-auth-3.3.6.jar:/home/runner/.m2/repository/org/apache/kerby/kerb-core/1.0.1/kerb-core-1.0.1.jar:/home/runner/.m2/repository/org/apache/kerby/kerby-pkix/1.0.1/kerby-pkix-1.0.1.jar:/home/runner/.m2/repository/org/apache/kerby/kerby-asn1/1.0.1/kerby-asn1-1.0.1.jar:/home/runner/.m2/repository/org/apache/kerby/kerby-util/1.0.1/kerby-util-1.0.1.jar:/home/runner/.m2/repository/org/codehaus/woodstox/stax2-api/4.2.1/stax2-api-4.2.1.jar:/home/runner/.m2/repository/com/fasterxml/woodstox/woodstox-core/5.4.0/woodstox-core-5.4.0.jar:/home/runner/.m2/repository/org/xerial/snappy/snappy-java/1.1.8.2/snappy-java-1.1.8.2.jar:/home/runner/.m2/repository/org/apache/hadoop/hadoop-hdfs/3.3.6/hadoop-hdfs-3.3.6.jar:/home/runner/.m2/repository/info/picocli/picocli/4.6.1/picocli-4.6.1.jar:/home/runner/.m2/repository/com/google/protobuf/protobuf-java/2.5.0/protobuf-java-2.5.0.jar:/home/runner/.m2/repository/com/fasterxml/jackson/core/jackson-annotations/2.13.4/jackson-annotations-2.13.4.jar:/home/runner/.m2/repository/com/fasterxml/jackson/datatype/jackson-datatype-jsr310/2.13.4/jackson-datatype-jsr310-2.13.4.jar:/home/runner/.m2/repository/com/fasterxml/jackson/core/jackson-core/2.13.4/jackson-core-2.13.4.jar:/home/runner/work/ozone/ozone/hadoop-hdds/annotations/target/classes:/home/runner/work/ozone/ozone/hadoop-hdds/config/target/classes:/home/runner/.m2/repository/javax/annotation/javax.annotation-api/1.2/javax.annotation-api-1.2.jar:/home/runner/.m2/repository/io/dropwizard/metrics/metrics-core/3.2.4/metrics-core-3.2.4.jar:/home/runner/.m2/repository/org/apache/ratis/ratis-server/2.5.1/ratis-server-2.5.1.jar:/home/runner/.m2/repository/org/apache/ratis/ratis-thirdparty-misc/1.0.4/ratis-thirdparty-misc-1.0.4.jar:/home/runner/.m2/repository/org/apache/ratis/ratis-proto/2.5.1/ratis-proto-2.5.1.jar:/home/runner/.m2/repository/org/apache/ratis/ratis-common/2.5.1/ratis-common-2.5.1.jar:/home/runner/.m2/repository/org/apache/ratis/ratis-client/2.5.1/ratis-client-2.5.1.jar:/home/runner/.m2/repository/org/apache/ratis/ratis-server-api/2.5.1/ratis-server-api-2.5.1.jar:/home/runner/.m2/repository/org/apache/ratis/ratis-metrics/2.5.1/ratis-metrics-2.5.1.jar:/home/runner/.m2/repository/org/apache/ratis/ratis-netty/2.5.1/ratis-netty-2.5.1.jar:/home/runner/.m2/repository/org/apache/ratis/ratis-grpc/2.5.1/ratis-grpc-2.5.1.jar:/home/runner/.m2/repository/org/apache/commons/commons-pool2/2.6.0/commons-pool2-2.6.0.jar:/home/runner/.m2/repository/org/bouncycastle/bcpkix-jdk15on/1.67/bcpkix-jdk15on-1.67.jar:/home/runner/.m2/repository/org/bouncycastle/bcprov-jdk15on/1.67/bcprov-jdk15on-1.67.jar:/home/runner/.m2/repository/commons-validator/commons-validator/1.6/commons-validator-1.6.jar:/home/runner/.m2/repository/commons-beanutils/commons-beanutils/1.9.4/commons-beanutils-1.9.4.jar:/home/runner/.m2/repository/commons-digester/commons-digester/1.8.1/commons-digester-1.8.1.jar:/home/runner/.m2/repository/commons-collections/commons-collections/3.2.2/commons-collections-3.2.2.jar:/home/runner/.m2/repository/io/jaegertracing/jaeger-client/1.6.0/jaeger-client-1.6.0.jar:/home/runner/.m2/repository/io/jaegertracing/jaeger-thrift/1.6.0/jaeger-thrift-1.6.0.jar:/home/runner/.m2/repository/org/apache/thrift/libthrift/0.14.1/libthrift-0.14.1.jar:/home/runner/.m2/repository/io/jaegertracing/jaeger-core/1.6.0/jaeger-core-1.6.0.jar:/home/runner/.m2/repository/io/jaegertracing/jaeger-tracerresolver/1.6.0/jaeger-tracerresolver-1.6.0.jar:/home/runner/.m2/repository/io/opentracing/contrib/opentracing-tracerresolver/0.1.8/opentracing-tracerresolver-0.1.8.jar:/home/runner/.m2/repository/org/jetbrains/kotlin/kotlin-stdlib/1.6.21/kotlin-stdlib-1.6.21.jar:/home/runner/.m2/repository/org/jetbrains/annotations/13.0/annotations-13.0.jar:/home/runner/.m2/repository/io/opentracing/opentracing-util/0.33.0/opentracing-util-0.33.0.jar:/home/runner/.m2/repository/io/opentracing/opentracing-api/0.33.0/opentracing-api-0.33.0.jar:/home/runner/.m2/repository/io/opentracing/opentracing-noop/0.33.0/opentracing-noop-0.33.0.jar:/home/runner/.m2/repository/org/yaml/snakeyaml/2.0/snakeyaml-2.0.jar:/home/runner/.m2/repository/org/reflections/reflections/0.9.11/reflections-0.9.11.jar:/home/runner/.m2/repository/org/javassist/javassist/3.21.0-GA/javassist-3.21.0-GA.jar:/home/runner/work/ozone/ozone/hadoop-hdds/interface-client/target/classes:/home/runner/.m2/repository/org/apache/hadoop/thirdparty/hadoop-shaded-protobuf_3_7/1.1.1/hadoop-shaded-protobuf_3_7-1.1.1.jar:/home/runner/work/ozone/ozone/hadoop-hdds/interface-admin/target/classes:/home/runner/.m2/repository/io/grpc/grpc-api/1.51.1/grpc-api-1.51.1.jar:/home/runner/.m2/repository/io/grpc/grpc-context/1.51.1/grpc-context-1.51.1.jar:/home/runner/.m2/repository/com/fasterxml/uuid/java-uuid-generator/4.3.0/java-uuid-generator-4.3.0.jar:/home/runner/work/ozone/ozone/hadoop-hdds/client/target/test-classes:/home/runner/.m2/repository/junit/junit/4.13.1/junit-4.13.1.jar:/home/runner/.m2/repository/org/hamcrest/hamcrest-core/1.3/hamcrest-core-1.3.jar:/home/runner/.m2/repository/ch/qos/reload4j/reload4j/1.2.22/reload4j-1.2.22.jar:/home/runner/.m2/repository/org/slf4j/slf4j-reload4j/1.7.36/slf4j-reload4j-1.7.36.jar:/home/runner/.m2/repository/org/mockito/mockito-core/3.5.9/mockito-core-3.5.9.jar:/home/runner/.m2/repository/net/bytebuddy/byte-buddy/1.10.13/byte-buddy-1.10.13.jar:/home/runner/.m2/repository/net/bytebuddy/byte-buddy-agent/1.10.13/byte-buddy-agent-1.10.13.jar:/home/runner/.m2/repository/org/objenesis/objenesis/1.0/objenesis-1.0.jar:/home/runner/work/ozone/ozone/hadoop-ozone/client/target/gradle-enterprise/test-listeners.jar:"/>
    <property name="java.vm.vendor" value="Temurin"/>
    <property name="sun.arch.data.model" value="64"/>
    <property name="test.build.dir" value="/home/runner/work/ozone/ozone/hadoop-ozone/client/target/test-dir"/>
    <property name="test.cache.data" value=""/>
    <property name="java.vendor.url" value="https://adoptium.net/"/>
    <property name="user.timezone" value="Etc/UTC"/>
    <property name="os.name" value="Linux"/>
    <property name="java.vm.specification.version" value="1.8"/>
    <property name="test.build.data" value="/home/runner/work/ozone/ozone/hadoop-ozone/client/target/test-dir"/>
    <property name="sun.java.launcher" value="SUN_STANDARD"/>
    <property name="sun.boot.library.path" value="/usr/lib/jvm/temurin-8-jdk-amd64/jre/lib/amd64"/>
    <property name="sun.java.command" value="/home/runner/work/ozone/ozone/hadoop-ozone/client/target/surefire/surefirebooter8998379394748547355.jar /home/runner/work/ozone/ozone/hadoop-ozone/client/target/surefire 2023-11-09T17-25-42_217-jvmRun1 surefire111121329773565601tmp surefire_275394685595665491781tmp"/>
    <property name="native.lib.tmp.dir" value="/tmp"/>
    <property name="surefire.test.class.path" value="/home/runner/work/ozone/ozone/hadoop-ozone/client/target/test-classes:/home/runner/work/ozone/ozone/hadoop-ozone/client/target/classes:/home/runner/work/ozone/ozone/hadoop-hdds/test-utils/target/classes:/home/runner/.m2/repository/com/google/guava/guava/32.0.0-jre/guava-32.0.0-jre.jar:/home/runner/.m2/repository/com/google/guava/failureaccess/1.0.1/failureaccess-1.0.1.jar:/home/runner/.m2/repository/com/google/guava/listenablefuture/9999.0-empty-to-avoid-conflict-with-guava/listenablefuture-9999.0-empty-to-avoid-conflict-with-guava.jar:/home/runner/.m2/repository/com/google/code/findbugs/jsr305/3.0.0/jsr305-3.0.0.jar:/home/runner/.m2/repository/org/checkerframework/checker-qual/3.33.0/checker-qual-3.33.0.jar:/home/runner/.m2/repository/com/google/errorprone/error_prone_annotations/2.2.0/error_prone_annotations-2.2.0.jar:/home/runner/.m2/repository/com/google/j2objc/j2objc-annotations/2.8/j2objc-annotations-2.8.jar:/home/runner/.m2/repository/commons-io/commons-io/2.11.0/commons-io-2.11.0.jar:/home/runner/.m2/repository/commons-logging/commons-logging/1.2/commons-logging-1.2.jar:/home/runner/.m2/repository/org/junit/jupiter/junit-jupiter-api/5.8.2/junit-jupiter-api-5.8.2.jar:/home/runner/.m2/repository/org/opentest4j/opentest4j/1.2.0/opentest4j-1.2.0.jar:/home/runner/.m2/repository/org/junit/platform/junit-platform-commons/1.8.2/junit-platform-commons-1.8.2.jar:/home/runner/.m2/repository/org/apiguardian/apiguardian-api/1.1.2/apiguardian-api-1.1.2.jar:/home/runner/.m2/repository/org/apache/commons/commons-lang3/3.7/commons-lang3-3.7.jar:/home/runner/.m2/repository/org/slf4j/slf4j-api/1.7.36/slf4j-api-1.7.36.jar:/home/runner/.m2/repository/org/apache/logging/log4j/log4j-api/2.17.1/log4j-api-2.17.1.jar:/home/runner/work/ozone/ozone/hadoop-ozone/common/target/classes:/home/runner/.m2/repository/io/grpc/grpc-netty/1.51.1/grpc-netty-1.51.1.jar:/home/runner/.m2/repository/io/grpc/grpc-core/1.51.1/grpc-core-1.51.1.jar:/home/runner/.m2/repository/com/google/code/gson/gson/2.9.0/gson-2.9.0.jar:/home/runner/.m2/repository/com/google/android/annotations/4.1.1.4/annotations-4.1.1.4.jar:/home/runner/.m2/repository/org/codehaus/mojo/animal-sniffer-annotations/1.21/animal-sniffer-annotations-1.21.jar:/home/runner/.m2/repository/io/perfmark/perfmark-api/0.25.0/perfmark-api-0.25.0.jar:/home/runner/.m2/repository/io/netty/netty-transport-native-unix-common/4.1.100.Final/netty-transport-native-unix-common-4.1.100.Final.jar:/home/runner/.m2/repository/io/netty/netty-codec-http2/4.1.100.Final/netty-codec-http2-4.1.100.Final.jar:/home/runner/.m2/repository/io/netty/netty-common/4.1.100.Final/netty-common-4.1.100.Final.jar:/home/runner/.m2/repository/io/netty/netty-buffer/4.1.100.Final/netty-buffer-4.1.100.Final.jar:/home/runner/.m2/repository/io/netty/netty-transport/4.1.100.Final/netty-transport-4.1.100.Final.jar:/home/runner/.m2/repository/io/netty/netty-resolver/4.1.100.Final/netty-resolver-4.1.100.Final.jar:/home/runner/.m2/repository/io/netty/netty-codec/4.1.100.Final/netty-codec-4.1.100.Final.jar:/home/runner/.m2/repository/io/netty/netty-handler/4.1.100.Final/netty-handler-4.1.100.Final.jar:/home/runner/.m2/repository/io/netty/netty-codec-http/4.1.100.Final/netty-codec-http-4.1.100.Final.jar:/home/runner/.m2/repository/io/netty/netty-handler-proxy/4.1.100.Final/netty-handler-proxy-4.1.100.Final.jar:/home/runner/.m2/repository/io/netty/netty-codec-socks/4.1.100.Final/netty-codec-socks-4.1.100.Final.jar:/home/runner/.m2/repository/io/netty/netty-tcnative-boringssl-static/2.0.61.Final/netty-tcnative-boringssl-static-2.0.61.Final.jar:/home/runner/.m2/repository/io/netty/netty-tcnative-classes/2.0.61.Final/netty-tcnative-classes-2.0.61.Final.jar:/home/runner/.m2/repository/io/netty/netty-tcnative-boringssl-static/2.0.61.Final/netty-tcnative-boringssl-static-2.0.61.Final-linux-x86_64.jar:/home/runner/.m2/repository/io/netty/netty-tcnative-boringssl-static/2.0.61.Final/netty-tcnative-boringssl-static-2.0.61.Final-linux-aarch_64.jar:/home/runner/.m2/repository/io/netty/netty-tcnative-boringssl-static/2.0.61.Final/netty-tcnative-boringssl-static-2.0.61.Final-osx-x86_64.jar:/home/runner/.m2/repository/io/netty/netty-tcnative-boringssl-static/2.0.61.Final/netty-tcnative-boringssl-static-2.0.61.Final-osx-aarch_64.jar:/home/runner/.m2/repository/io/netty/netty-tcnative-boringssl-static/2.0.61.Final/netty-tcnative-boringssl-static-2.0.61.Final-windows-x86_64.jar:/home/runner/.m2/repository/org/apache/commons/commons-compress/1.21/commons-compress-1.21.jar:/home/runner/work/ozone/ozone/hadoop-hdds/common/target/classes:/home/runner/work/ozone/ozone/hadoop-hdds/client/target/classes:/home/runner/work/ozone/ozone/hadoop-ozone/interface-client/target/classes:/home/runner/.m2/repository/io/grpc/grpc-protobuf/1.51.1/grpc-protobuf-1.51.1.jar:/home/runner/.m2/repository/com/google/api/grpc/proto-google-common-protos/2.9.0/proto-google-common-protos-2.9.0.jar:/home/runner/.m2/repository/io/grpc/grpc-protobuf-lite/1.51.1/grpc-protobuf-lite-1.51.1.jar:/home/runner/.m2/repository/io/grpc/grpc-stub/1.51.1/grpc-stub-1.51.1.jar:/home/runner/.m2/repository/org/apache/hadoop/hadoop-hdfs-client/3.3.6/hadoop-hdfs-client-3.3.6.jar:/home/runner/.m2/repository/com/squareup/okhttp3/okhttp/4.9.3/okhttp-4.9.3.jar:/home/runner/.m2/repository/com/squareup/okio/okio/3.4.0/okio-3.4.0.jar:/home/runner/.m2/repository/com/squareup/okio/okio-jvm/3.4.0/okio-jvm-3.4.0.jar:/home/runner/.m2/repository/org/jetbrains/kotlin/kotlin-stdlib-jdk8/1.8.0/kotlin-stdlib-jdk8-1.8.0.jar:/home/runner/.m2/repository/org/jetbrains/kotlin/kotlin-stdlib-jdk7/1.8.0/kotlin-stdlib-jdk7-1.8.0.jar:/home/runner/.m2/repository/org/jetbrains/kotlin/kotlin-stdlib-common/1.6.21/kotlin-stdlib-common-1.6.21.jar:/home/runner/.m2/repository/com/fasterxml/jackson/core/jackson-databind/2.13.4.2/jackson-databind-2.13.4.2.jar:/home/runner/work/ozone/ozone/hadoop-hdds/erasurecode/target/classes:/home/runner/.m2/repository/com/github/spotbugs/spotbugs-annotations/3.1.12/spotbugs-annotations-3.1.12.jar:/home/runner/work/ozone/ozone/hadoop-hdds/common/target/test-classes:/home/runner/work/ozone/ozone/hadoop-hdds/hadoop-dependency-client/target/classes:/home/runner/.m2/repository/org/apache/hadoop/hadoop-annotations/3.3.6/hadoop-annotations-3.3.6.jar:/usr/lib/jvm/temurin-8-jdk-amd64/jre/../lib/tools.jar:/home/runner/.m2/repository/org/apache/hadoop/hadoop-common/3.3.6/hadoop-common-3.3.6.jar:/home/runner/.m2/repository/org/apache/hadoop/thirdparty/hadoop-shaded-guava/1.1.1/hadoop-shaded-guava-1.1.1.jar:/home/runner/.m2/repository/org/apache/httpcomponents/httpclient/4.5.13/httpclient-4.5.13.jar:/home/runner/.m2/repository/org/apache/httpcomponents/httpcore/4.4.13/httpcore-4.4.13.jar:/home/runner/.m2/repository/jakarta/activation/jakarta.activation-api/1.2.2/jakarta.activation-api-1.2.2.jar:/home/runner/.m2/repository/org/apache/commons/commons-configuration2/2.1.1/commons-configuration2-2.1.1.jar:/home/runner/.m2/repository/com/google/re2j/re2j/1.1/re2j-1.1.jar:/home/runner/.m2/repository/org/apache/hadoop/hadoop-auth/3.3.6/hadoop-auth-3.3.6.jar:/home/runner/.m2/repository/org/apache/kerby/kerb-core/1.0.1/kerb-core-1.0.1.jar:/home/runner/.m2/repository/org/apache/kerby/kerby-pkix/1.0.1/kerby-pkix-1.0.1.jar:/home/runner/.m2/repository/org/apache/kerby/kerby-asn1/1.0.1/kerby-asn1-1.0.1.jar:/home/runner/.m2/repository/org/apache/kerby/kerby-util/1.0.1/kerby-util-1.0.1.jar:/home/runner/.m2/repository/org/codehaus/woodstox/stax2-api/4.2.1/stax2-api-4.2.1.jar:/home/runner/.m2/repository/com/fasterxml/woodstox/woodstox-core/5.4.0/woodstox-core-5.4.0.jar:/home/runner/.m2/repository/org/xerial/snappy/snappy-java/1.1.8.2/snappy-java-1.1.8.2.jar:/home/runner/.m2/repository/org/apache/hadoop/hadoop-hdfs/3.3.6/hadoop-hdfs-3.3.6.jar:/home/runner/.m2/repository/info/picocli/picocli/4.6.1/picocli-4.6.1.jar:/home/runner/.m2/repository/com/google/protobuf/protobuf-java/2.5.0/protobuf-java-2.5.0.jar:/home/runner/.m2/repository/com/fasterxml/jackson/core/jackson-annotations/2.13.4/jackson-annotations-2.13.4.jar:/home/runner/.m2/repository/com/fasterxml/jackson/datatype/jackson-datatype-jsr310/2.13.4/jackson-datatype-jsr310-2.13.4.jar:/home/runner/.m2/repository/com/fasterxml/jackson/core/jackson-core/2.13.4/jackson-core-2.13.4.jar:/home/runner/work/ozone/ozone/hadoop-hdds/annotations/target/classes:/home/runner/work/ozone/ozone/hadoop-hdds/config/target/classes:/home/runner/.m2/repository/javax/annotation/javax.annotation-api/1.2/javax.annotation-api-1.2.jar:/home/runner/.m2/repository/io/dropwizard/metrics/metrics-core/3.2.4/metrics-core-3.2.4.jar:/home/runner/.m2/repository/org/apache/ratis/ratis-server/2.5.1/ratis-server-2.5.1.jar:/home/runner/.m2/repository/org/apache/ratis/ratis-thirdparty-misc/1.0.4/ratis-thirdparty-misc-1.0.4.jar:/home/runner/.m2/repository/org/apache/ratis/ratis-proto/2.5.1/ratis-proto-2.5.1.jar:/home/runner/.m2/repository/org/apache/ratis/ratis-common/2.5.1/ratis-common-2.5.1.jar:/home/runner/.m2/repository/org/apache/ratis/ratis-client/2.5.1/ratis-client-2.5.1.jar:/home/runner/.m2/repository/org/apache/ratis/ratis-server-api/2.5.1/ratis-server-api-2.5.1.jar:/home/runner/.m2/repository/org/apache/ratis/ratis-metrics/2.5.1/ratis-metrics-2.5.1.jar:/home/runner/.m2/repository/org/apache/ratis/ratis-netty/2.5.1/ratis-netty-2.5.1.jar:/home/runner/.m2/repository/org/apache/ratis/ratis-grpc/2.5.1/ratis-grpc-2.5.1.jar:/home/runner/.m2/repository/org/apache/commons/commons-pool2/2.6.0/commons-pool2-2.6.0.jar:/home/runner/.m2/repository/org/bouncycastle/bcpkix-jdk15on/1.67/bcpkix-jdk15on-1.67.jar:/home/runner/.m2/repository/org/bouncycastle/bcprov-jdk15on/1.67/bcprov-jdk15on-1.67.jar:/home/runner/.m2/repository/commons-validator/commons-validator/1.6/commons-validator-1.6.jar:/home/runner/.m2/repository/commons-beanutils/commons-beanutils/1.9.4/commons-beanutils-1.9.4.jar:/home/runner/.m2/repository/commons-digester/commons-digester/1.8.1/commons-digester-1.8.1.jar:/home/runner/.m2/repository/commons-collections/commons-collections/3.2.2/commons-collections-3.2.2.jar:/home/runner/.m2/repository/io/jaegertracing/jaeger-client/1.6.0/jaeger-client-1.6.0.jar:/home/runner/.m2/repository/io/jaegertracing/jaeger-thrift/1.6.0/jaeger-thrift-1.6.0.jar:/home/runner/.m2/repository/org/apache/thrift/libthrift/0.14.1/libthrift-0.14.1.jar:/home/runner/.m2/repository/io/jaegertracing/jaeger-core/1.6.0/jaeger-core-1.6.0.jar:/home/runner/.m2/repository/io/jaegertracing/jaeger-tracerresolver/1.6.0/jaeger-tracerresolver-1.6.0.jar:/home/runner/.m2/repository/io/opentracing/contrib/opentracing-tracerresolver/0.1.8/opentracing-tracerresolver-0.1.8.jar:/home/runner/.m2/repository/org/jetbrains/kotlin/kotlin-stdlib/1.6.21/kotlin-stdlib-1.6.21.jar:/home/runner/.m2/repository/org/jetbrains/annotations/13.0/annotations-13.0.jar:/home/runner/.m2/repository/io/opentracing/opentracing-util/0.33.0/opentracing-util-0.33.0.jar:/home/runner/.m2/repository/io/opentracing/opentracing-api/0.33.0/opentracing-api-0.33.0.jar:/home/runner/.m2/repository/io/opentracing/opentracing-noop/0.33.0/opentracing-noop-0.33.0.jar:/home/runner/.m2/repository/org/yaml/snakeyaml/2.0/snakeyaml-2.0.jar:/home/runner/.m2/repository/org/reflections/reflections/0.9.11/reflections-0.9.11.jar:/home/runner/.m2/repository/org/javassist/javassist/3.21.0-GA/javassist-3.21.0-GA.jar:/home/runner/work/ozone/ozone/hadoop-hdds/interface-client/target/classes:/home/runner/.m2/repository/org/apache/hadoop/thirdparty/hadoop-shaded-protobuf_3_7/1.1.1/hadoop-shaded-protobuf_3_7-1.1.1.jar:/home/runner/work/ozone/ozone/hadoop-hdds/interface-admin/target/classes:/home/runner/.m2/repository/io/grpc/grpc-api/1.51.1/grpc-api-1.51.1.jar:/home/runner/.m2/repository/io/grpc/grpc-context/1.51.1/grpc-context-1.51.1.jar:/home/runner/.m2/repository/com/fasterxml/uuid/java-uuid-generator/4.3.0/java-uuid-generator-4.3.0.jar:/home/runner/work/ozone/ozone/hadoop-hdds/client/target/test-classes:/home/runner/.m2/repository/junit/junit/4.13.1/junit-4.13.1.jar:/home/runner/.m2/repository/org/hamcrest/hamcrest-core/1.3/hamcrest-core-1.3.jar:/home/runner/.m2/repository/ch/qos/reload4j/reload4j/1.2.22/reload4j-1.2.22.jar:/home/runner/.m2/repository/org/slf4j/slf4j-reload4j/1.7.36/slf4j-reload4j-1.7.36.jar:/home/runner/.m2/repository/org/mockito/mockito-core/3.5.9/mockito-core-3.5.9.jar:/home/runner/.m2/repository/net/bytebuddy/byte-buddy/1.10.13/byte-buddy-1.10.13.jar:/home/runner/.m2/repository/net/bytebuddy/byte-buddy-agent/1.10.13/byte-buddy-agent-1.10.13.jar:/home/runner/.m2/repository/org/objenesis/objenesis/1.0/objenesis-1.0.jar:/home/runner/work/ozone/ozone/hadoop-ozone/client/target/gradle-enterprise/test-listeners.jar:"/>
    <property name="sun.cpu.endian" value="little"/>
    <property name="user.home" value="/home/runner"/>
    <property name="user.language" value="en"/>
    <property name="java.specification.vendor" value="Oracle Corporation"/>
    <property name="java.home" value="/usr/lib/jvm/temurin-8-jdk-amd64/jre"/>
    <property name="java.security.krb5.conf" value="/home/runner/work/ozone/ozone/hadoop-ozone/client/target/test-classes/krb5.conf"/>
    <property name="file.separator" value="/"/>
    <property name="basedir" value="/home/runner/work/ozone/ozone/hadoop-ozone/client"/>
    <property name="line.separator" value="&#10;"/>
    <property name="java.vm.specification.vendor" value="Oracle Corporation"/>
    <property name="java.specification.name" value="Java Platform API Specification"/>
    <property name="skip.installnpx" value="true"/>
    <property name="java.awt.graphicsenv" value="sun.awt.X11GraphicsEnvironment"/>
    <property name="surefire.real.class.path" value="/home/runner/work/ozone/ozone/hadoop-ozone/client/target/surefire/surefirebooter8998379394748547355.jar:/home/runner/.m2/repository/org/jacoco/org.jacoco.agent/0.8.5/org.jacoco.agent-0.8.5-runtime.jar"/>
    <property name="sun.boot.class.path" value="/usr/lib/jvm/temurin-8-jdk-amd64/jre/lib/resources.jar:/usr/lib/jvm/temurin-8-jdk-amd64/jre/lib/rt.jar:/usr/lib/jvm/temurin-8-jdk-amd64/jre/lib/sunrsasign.jar:/usr/lib/jvm/temurin-8-jdk-amd64/jre/lib/jsse.jar:/usr/lib/jvm/temurin-8-jdk-amd64/jre/lib/jce.jar:/usr/lib/jvm/temurin-8-jdk-amd64/jre/lib/charsets.jar:/usr/lib/jvm/temurin-8-jdk-amd64/jre/lib/jfr.jar:/usr/lib/jvm/temurin-8-jdk-amd64/jre/classes"/>
    <property name="hadoop.log.dir" value="/home/runner/work/ozone/ozone/hadoop-ozone/client/target/log"/>
    <property name="sun.management.compiler" value="HotSpot 64-Bit Tiered Compilers"/>
    <property name="java.runtime.version" value="1.8.0_382-b05"/>
    <property name="skip.npx" value="true"/>
    <property name="user.name" value="runner"/>
    <property name="java.net.preferIPv4Stack" value="true"/>
    <property name="path.separator" value=":"/>
    <property name="java.security.egd" value="file:///dev/urandom"/>
    <property name="os.version" value="5.15.0-1050-azure"/>
    <property name="java.endorsed.dirs" value="/usr/lib/jvm/temurin-8-jdk-amd64/jre/lib/endorsed"/>
    <property name="java.runtime.name" value="OpenJDK Runtime Environment"/>
    <property name="com.gradle.maven.scan.extension.test.listener.junitplatform.NestedExecutionSafeDelegatingTestExecutionListener" value="1e16c0aa"/>
    <property name="file.encoding" value="UTF-8"/>
    <property name="java.vm.name" value="OpenJDK 64-Bit Server VM"/>
    <property name="test.build.webapps" value=""/>
    <property name="localRepository" value="/home/runner/.m2/repository"/>
    <property name="gradle.enterprise.listener.port" value="40161"/>
    <property name="java.vendor.url.bug" value="https://github.com/adoptium/adoptium-support/issues"/>
    <property name="require.test.libhadoop" value=""/>
    <property name="java.io.tmpdir" value="/tmp"/>
    <property name="java.version" value="1.8.0_382"/>
    <property name="user.dir" value="/home/runner/work/ozone/ozone/hadoop-ozone/client"/>
    <property name="os.arch" value="amd64"/>
    <property name="test.build.classes" value="/home/runner/work/ozone/ozone/hadoop-ozone/client/target/test-classes"/>
    <property name="java.vm.specification.name" value="Java Virtual Machine Specification"/>
    <property name="java.awt.printerjob" value="sun.print.PSPrinterJob"/>
    <property name="sun.os.patch.level" value="unknown"/>
    <property name="excludedGroups" value="native | unhealthy | org.apache.ozone.test.UnhealthyTest"/>
    <property name="hadoop.tmp.dir" value="/home/runner/work/ozone/ozone/hadoop-ozone/client/target/tmp"/>
    <property name="java.library.path" value="/usr/java/packages/lib/amd64:/usr/lib64:/lib64:/lib:/usr/lib"/>
    <property name="java.vendor" value="Temurin"/>
    <property name="java.vm.info" value="mixed mode"/>
    <property name="java.vm.version" value="25.382-b05"/>
    <property name="java.specification.maintenance.version" value="5"/>
    <property name="sun.io.unicode.encoding" value="UnicodeLittle"/>
    <property name="java.ext.dirs" value="/usr/lib/jvm/temurin-8-jdk-amd64/jre/lib/ext:/usr/java/packages/lib/ext"/>
    <property name="java.class.version" value="52.0"/>
  </properties>
  <testcase name="testCommitKeyInfo" classname="org.apache.hadoop.ozone.client.TestOzoneECClient" time="1.228">
    <system-out><![CDATA[2023-11-09 17:27:09,104 [main] WARN  util.NativeCodeLoader (NativeCodeLoader.java:<clinit>(60)) - Unable to load native-hadoop library for your platform... using builtin-java classes where applicable
2023-11-09 17:27:09,866 [main] INFO  rpc.RpcClient (RpcClient.java:createVolume(463)) - Creating Volume: 2e37c659-0fb7-45e2-b876-9a9cee943fe8, with runner as owner and space quota set to -1 bytes, counts quota set to -1
2023-11-09 17:27:09,887 [main] INFO  rpc.RpcClient (RpcClient.java:createBucket(690)) - Creating Bucket: 2e37c659-0fb7-45e2-b876-9a9cee943fe8/ab3f22bc-16bd-406e-9fdb-9f7e13892b2d, with server-side default bucket layout, runner as owner, Versioning false, Storage Type set to DISK and Encryption set to false, Replication Type set to EC, Namespace Quota set to -1, Space Quota set to -1 
2023-11-09 17:27:09,973 [main] WARN  erasurecode.ErasureCodeNative (ErasureCodeNative.java:<clinit>(55)) - ISA-L support is not available in your platform... using builtin-java codec where applicable
]]></system-out>
  </testcase>
  <testcase name="testStripeWriteRetriesOn4FailuresWith3RetriesAllowed" classname="org.apache.hadoop.ozone.client.TestOzoneECClient" time="0.172">
    <system-out><![CDATA[2023-11-09 17:27:10,271 [main] INFO  rpc.RpcClient (RpcClient.java:createVolume(463)) - Creating Volume: 684cf737-c8c8-46d8-b513-c420a2979b80, with runner as owner and space quota set to -1 bytes, counts quota set to -1
2023-11-09 17:27:10,273 [main] INFO  rpc.RpcClient (RpcClient.java:createBucket(690)) - Creating Bucket: 684cf737-c8c8-46d8-b513-c420a2979b80/c20633c7-1b0b-4412-8ae4-adaab9494bc0, with server-side default bucket layout, runner as owner, Versioning false, Storage Type set to DISK and Encryption set to false, Replication Type set to server-side default replication type, Namespace Quota set to -1, Space Quota set to -1 
2023-11-09 17:27:10,406 [pool-24-thread-1] WARN  io.KeyOutputStream (ECKeyOutputStream.java:logStreamError(250)) - EC stripe write failed: F S S S S
2023-11-09 17:27:10,408 [pool-24-thread-1] WARN  io.KeyOutputStream (ECKeyOutputStream.java:logStreamError(252)) - Failure for replica index: 1, DatanodeDetails: 00000000-0000-0000-0000-000000000000(localhost/1.2.3.4)
java.io.IOException: Unexpected Storage Container Exception: org.apache.hadoop.hdds.scm.container.common.helpers.StorageContainerException: 
	at org.apache.hadoop.hdds.scm.storage.BlockOutputStream.setIoException(BlockOutputStream.java:634)
	at org.apache.hadoop.hdds.scm.storage.ECBlockOutputStream.validateResponse(ECBlockOutputStream.java:303)
	at org.apache.hadoop.hdds.scm.storage.BlockOutputStream.lambda$writeChunkToContainer$2(BlockOutputStream.java:729)
	at java.util.concurrent.CompletableFuture.uniApply(CompletableFuture.java:616)
	at java.util.concurrent.CompletableFuture$UniApply.tryFire(CompletableFuture.java:591)
	at java.util.concurrent.CompletableFuture$Completion.run(CompletableFuture.java:456)
	at java.util.concurrent.ThreadPoolExecutor.runWorker(ThreadPoolExecutor.java:1149)
	at java.util.concurrent.ThreadPoolExecutor$Worker.run(ThreadPoolExecutor.java:624)
	at java.lang.Thread.run(Thread.java:750)
Caused by: org.apache.hadoop.hdds.scm.container.common.helpers.StorageContainerException: 
	at org.apache.hadoop.hdds.scm.storage.ContainerProtocolCalls.validateContainerResponse(ContainerProtocolCalls.java:674)
	at org.apache.hadoop.hdds.scm.storage.ECBlockOutputStream.validateResponse(ECBlockOutputStream.java:301)
	... 7 more
2023-11-09 17:27:10,417 [pool-24-thread-1] WARN  io.KeyOutputStream (ECKeyOutputStream.java:logStreamError(250)) - EC stripe write failed: F S S S S
2023-11-09 17:27:10,418 [pool-24-thread-1] WARN  io.KeyOutputStream (ECKeyOutputStream.java:logStreamError(252)) - Failure for replica index: 1, DatanodeDetails: 00000000-0000-0005-0000-000000000005(localhost/1.2.3.4)
java.io.IOException: Unexpected Storage Container Exception: org.apache.hadoop.hdds.scm.container.common.helpers.StorageContainerException: 
	at org.apache.hadoop.hdds.scm.storage.BlockOutputStream.setIoException(BlockOutputStream.java:634)
	at org.apache.hadoop.hdds.scm.storage.ECBlockOutputStream.validateResponse(ECBlockOutputStream.java:303)
	at org.apache.hadoop.hdds.scm.storage.BlockOutputStream.lambda$writeChunkToContainer$2(BlockOutputStream.java:729)
	at java.util.concurrent.CompletableFuture.uniApply(CompletableFuture.java:616)
	at java.util.concurrent.CompletableFuture$UniApply.tryFire(CompletableFuture.java:591)
	at java.util.concurrent.CompletableFuture$Completion.run(CompletableFuture.java:456)
	at java.util.concurrent.ThreadPoolExecutor.runWorker(ThreadPoolExecutor.java:1149)
	at java.util.concurrent.ThreadPoolExecutor$Worker.run(ThreadPoolExecutor.java:624)
	at java.lang.Thread.run(Thread.java:750)
Caused by: org.apache.hadoop.hdds.scm.container.common.helpers.StorageContainerException: 
	at org.apache.hadoop.hdds.scm.storage.ContainerProtocolCalls.validateContainerResponse(ContainerProtocolCalls.java:674)
	at org.apache.hadoop.hdds.scm.storage.ECBlockOutputStream.validateResponse(ECBlockOutputStream.java:301)
	... 7 more
2023-11-09 17:27:10,422 [pool-24-thread-1] WARN  io.KeyOutputStream (ECKeyOutputStream.java:logStreamError(250)) - EC stripe write failed: F S S S S
2023-11-09 17:27:10,422 [pool-24-thread-1] WARN  io.KeyOutputStream (ECKeyOutputStream.java:logStreamError(252)) - Failure for replica index: 1, DatanodeDetails: 00000000-0000-000a-0000-00000000000a(localhost/1.2.3.4)
java.io.IOException: Unexpected Storage Container Exception: org.apache.hadoop.hdds.scm.container.common.helpers.StorageContainerException: 
	at org.apache.hadoop.hdds.scm.storage.BlockOutputStream.setIoException(BlockOutputStream.java:634)
	at org.apache.hadoop.hdds.scm.storage.ECBlockOutputStream.validateResponse(ECBlockOutputStream.java:303)
	at org.apache.hadoop.hdds.scm.storage.BlockOutputStream.lambda$writeChunkToContainer$2(BlockOutputStream.java:729)
	at java.util.concurrent.CompletableFuture.uniApply(CompletableFuture.java:616)
	at java.util.concurrent.CompletableFuture$UniApply.tryFire(CompletableFuture.java:591)
	at java.util.concurrent.CompletableFuture$Completion.run(CompletableFuture.java:456)
	at java.util.concurrent.ThreadPoolExecutor.runWorker(ThreadPoolExecutor.java:1149)
	at java.util.concurrent.ThreadPoolExecutor$Worker.run(ThreadPoolExecutor.java:624)
	at java.lang.Thread.run(Thread.java:750)
Caused by: org.apache.hadoop.hdds.scm.container.common.helpers.StorageContainerException: 
	at org.apache.hadoop.hdds.scm.storage.ContainerProtocolCalls.validateContainerResponse(ContainerProtocolCalls.java:674)
	at org.apache.hadoop.hdds.scm.storage.ECBlockOutputStream.validateResponse(ECBlockOutputStream.java:301)
	... 7 more
2023-11-09 17:27:10,427 [pool-24-thread-1] WARN  io.KeyOutputStream (ECKeyOutputStream.java:logStreamError(250)) - EC stripe write failed: F S S S S
2023-11-09 17:27:10,427 [pool-24-thread-1] WARN  io.KeyOutputStream (ECKeyOutputStream.java:logStreamError(252)) - Failure for replica index: 1, DatanodeDetails: 00000000-0000-000f-0000-00000000000f(localhost/1.2.3.4)
java.io.IOException: Unexpected Storage Container Exception: org.apache.hadoop.hdds.scm.container.common.helpers.StorageContainerException: 
	at org.apache.hadoop.hdds.scm.storage.BlockOutputStream.setIoException(BlockOutputStream.java:634)
	at org.apache.hadoop.hdds.scm.storage.ECBlockOutputStream.validateResponse(ECBlockOutputStream.java:303)
	at org.apache.hadoop.hdds.scm.storage.BlockOutputStream.lambda$writeChunkToContainer$2(BlockOutputStream.java:729)
	at java.util.concurrent.CompletableFuture.uniApply(CompletableFuture.java:616)
	at java.util.concurrent.CompletableFuture$UniApply.tryFire(CompletableFuture.java:591)
	at java.util.concurrent.CompletableFuture$Completion.run(CompletableFuture.java:456)
	at java.util.concurrent.ThreadPoolExecutor.runWorker(ThreadPoolExecutor.java:1149)
	at java.util.concurrent.ThreadPoolExecutor$Worker.run(ThreadPoolExecutor.java:624)
	at java.lang.Thread.run(Thread.java:750)
Caused by: org.apache.hadoop.hdds.scm.container.common.helpers.StorageContainerException: 
	at org.apache.hadoop.hdds.scm.storage.ContainerProtocolCalls.validateContainerResponse(ContainerProtocolCalls.java:674)
	at org.apache.hadoop.hdds.scm.storage.ECBlockOutputStream.validateResponse(ECBlockOutputStream.java:301)
	... 7 more
]]></system-out>
  </testcase>
  <testcase name="testWriteShouldSuccessIfLessThanParityNodesFail" classname="org.apache.hadoop.ozone.client.TestOzoneECClient" time="0.164">
    <system-out><![CDATA[2023-11-09 17:27:10,445 [main] INFO  rpc.RpcClient (RpcClient.java:createVolume(463)) - Creating Volume: 4fa18858-0322-423b-af5f-3dadd0567130, with runner as owner and space quota set to -1 bytes, counts quota set to -1
2023-11-09 17:27:10,446 [main] INFO  rpc.RpcClient (RpcClient.java:createBucket(690)) - Creating Bucket: 4fa18858-0322-423b-af5f-3dadd0567130/b4b2f982-2586-469e-92b6-d4a80eb8c9ff, with server-side default bucket layout, runner as owner, Versioning false, Storage Type set to DISK and Encryption set to false, Replication Type set to server-side default replication type, Namespace Quota set to -1, Space Quota set to -1 
2023-11-09 17:27:10,568 [pool-45-thread-1] WARN  io.KeyOutputStream (ECKeyOutputStream.java:logStreamError(250)) - EC stripe write failed: F S S S S
2023-11-09 17:27:10,569 [pool-45-thread-1] WARN  io.KeyOutputStream (ECKeyOutputStream.java:logStreamError(252)) - Failure for replica index: 1, DatanodeDetails: 00000000-0000-0000-0000-000000000000(localhost/1.2.3.4)
java.io.IOException: Unexpected Storage Container Exception: org.apache.hadoop.hdds.scm.container.common.helpers.StorageContainerException: 
	at org.apache.hadoop.hdds.scm.storage.BlockOutputStream.setIoException(BlockOutputStream.java:634)
	at org.apache.hadoop.hdds.scm.storage.ECBlockOutputStream.validateResponse(ECBlockOutputStream.java:303)
	at org.apache.hadoop.hdds.scm.storage.BlockOutputStream.lambda$writeChunkToContainer$2(BlockOutputStream.java:729)
	at java.util.concurrent.CompletableFuture.uniApply(CompletableFuture.java:616)
	at java.util.concurrent.CompletableFuture$UniApply.tryFire(CompletableFuture.java:591)
	at java.util.concurrent.CompletableFuture$Completion.run(CompletableFuture.java:456)
	at java.util.concurrent.ThreadPoolExecutor.runWorker(ThreadPoolExecutor.java:1149)
	at java.util.concurrent.ThreadPoolExecutor$Worker.run(ThreadPoolExecutor.java:624)
	at java.lang.Thread.run(Thread.java:750)
Caused by: org.apache.hadoop.hdds.scm.container.common.helpers.StorageContainerException: 
	at org.apache.hadoop.hdds.scm.storage.ContainerProtocolCalls.validateContainerResponse(ContainerProtocolCalls.java:674)
	at org.apache.hadoop.hdds.scm.storage.ECBlockOutputStream.validateResponse(ECBlockOutputStream.java:301)
	... 7 more
]]></system-out>
  </testcase>
  <testcase name="testChunksInSingleWriteOpWithOffset" classname="org.apache.hadoop.ozone.client.TestOzoneECClient" time="0.032">
    <system-out><![CDATA[2023-11-09 17:27:10,619 [main] INFO  rpc.RpcClient (RpcClient.java:createVolume(463)) - Creating Volume: 96d26089-8ebf-4ab7-b0ce-69449b249ea7, with runner as owner and space quota set to -1 bytes, counts quota set to -1
2023-11-09 17:27:10,620 [main] INFO  rpc.RpcClient (RpcClient.java:createBucket(690)) - Creating Bucket: 96d26089-8ebf-4ab7-b0ce-69449b249ea7/201fcd1e-03be-4e57-aede-4baa407d0035, with server-side default bucket layout, runner as owner, Versioning false, Storage Type set to DISK and Encryption set to false, Replication Type set to EC, Namespace Quota set to -1, Space Quota set to -1 
]]></system-out>
  </testcase>
  <testcase name="testExcludeOnDNFailure" classname="org.apache.hadoop.ozone.client.TestOzoneECClient" time="0.237">
    <system-out><![CDATA[2023-11-09 17:27:10,670 [main] INFO  rpc.RpcClient (RpcClient.java:createVolume(463)) - Creating Volume: aad0f8df-a8c1-41d2-a0fe-6f3b30b49f38, with runner as owner and space quota set to -1 bytes, counts quota set to -1
2023-11-09 17:27:10,671 [main] INFO  rpc.RpcClient (RpcClient.java:createBucket(690)) - Creating Bucket: aad0f8df-a8c1-41d2-a0fe-6f3b30b49f38/0ef74006-4816-4446-ad88-9426c95fb359, with server-side default bucket layout, runner as owner, Versioning false, Storage Type set to DISK and Encryption set to false, Replication Type set to server-side default replication type, Namespace Quota set to -1, Space Quota set to -1 
2023-11-09 17:27:10,793 [pool-67-thread-1] WARN  io.KeyOutputStream (ECKeyOutputStream.java:logStreamError(250)) - EC stripe write failed: F F F F F
2023-11-09 17:27:10,793 [pool-67-thread-1] WARN  io.KeyOutputStream (ECKeyOutputStream.java:logStreamError(252)) - Failure for replica index: 1, DatanodeDetails: 00000000-0000-0000-0000-000000000000(localhost/1.2.3.4)
java.io.IOException: Unexpected Storage Container Exception: org.apache.hadoop.hdds.scm.container.common.helpers.StorageContainerException: 
	at org.apache.hadoop.hdds.scm.storage.BlockOutputStream.setIoException(BlockOutputStream.java:634)
	at org.apache.hadoop.hdds.scm.storage.ECBlockOutputStream.validateResponse(ECBlockOutputStream.java:303)
	at org.apache.hadoop.hdds.scm.storage.BlockOutputStream.lambda$writeChunkToContainer$2(BlockOutputStream.java:729)
	at java.util.concurrent.CompletableFuture.uniApply(CompletableFuture.java:616)
	at java.util.concurrent.CompletableFuture$UniApply.tryFire(CompletableFuture.java:591)
	at java.util.concurrent.CompletableFuture$Completion.run(CompletableFuture.java:456)
	at java.util.concurrent.ThreadPoolExecutor.runWorker(ThreadPoolExecutor.java:1149)
	at java.util.concurrent.ThreadPoolExecutor$Worker.run(ThreadPoolExecutor.java:624)
	at java.lang.Thread.run(Thread.java:750)
Caused by: org.apache.hadoop.hdds.scm.container.common.helpers.StorageContainerException: 
	at org.apache.hadoop.hdds.scm.storage.ContainerProtocolCalls.validateContainerResponse(ContainerProtocolCalls.java:674)
	at org.apache.hadoop.hdds.scm.storage.ECBlockOutputStream.validateResponse(ECBlockOutputStream.java:301)
	... 7 more
2023-11-09 17:27:10,794 [pool-67-thread-1] WARN  io.KeyOutputStream (ECKeyOutputStream.java:logStreamError(252)) - Failure for replica index: 2, DatanodeDetails: 00000000-0000-0001-0000-000000000001(localhost/1.2.3.4)
java.io.IOException: Unexpected Storage Container Exception: org.apache.hadoop.hdds.scm.container.common.helpers.StorageContainerException: 
	at org.apache.hadoop.hdds.scm.storage.BlockOutputStream.setIoException(BlockOutputStream.java:634)
	at org.apache.hadoop.hdds.scm.storage.ECBlockOutputStream.validateResponse(ECBlockOutputStream.java:303)
	at org.apache.hadoop.hdds.scm.storage.BlockOutputStream.lambda$writeChunkToContainer$2(BlockOutputStream.java:729)
	at java.util.concurrent.CompletableFuture.uniApply(CompletableFuture.java:616)
	at java.util.concurrent.CompletableFuture$UniApply.tryFire(CompletableFuture.java:591)
	at java.util.concurrent.CompletableFuture$Completion.run(CompletableFuture.java:456)
	at java.util.concurrent.ThreadPoolExecutor.runWorker(ThreadPoolExecutor.java:1149)
	at java.util.concurrent.ThreadPoolExecutor$Worker.run(ThreadPoolExecutor.java:624)
	at java.lang.Thread.run(Thread.java:750)
Caused by: org.apache.hadoop.hdds.scm.container.common.helpers.StorageContainerException: 
	at org.apache.hadoop.hdds.scm.storage.ContainerProtocolCalls.validateContainerResponse(ContainerProtocolCalls.java:674)
	at org.apache.hadoop.hdds.scm.storage.ECBlockOutputStream.validateResponse(ECBlockOutputStream.java:301)
	... 7 more
2023-11-09 17:27:10,794 [pool-67-thread-1] WARN  io.KeyOutputStream (ECKeyOutputStream.java:logStreamError(252)) - Failure for replica index: 3, DatanodeDetails: 00000000-0000-0002-0000-000000000002(localhost/1.2.3.4)
java.io.IOException: Unexpected Storage Container Exception: org.apache.hadoop.hdds.scm.container.common.helpers.StorageContainerException: 
	at org.apache.hadoop.hdds.scm.storage.BlockOutputStream.setIoException(BlockOutputStream.java:634)
	at org.apache.hadoop.hdds.scm.storage.ECBlockOutputStream.validateResponse(ECBlockOutputStream.java:303)
	at org.apache.hadoop.hdds.scm.storage.BlockOutputStream.lambda$writeChunkToContainer$2(BlockOutputStream.java:729)
	at java.util.concurrent.CompletableFuture.uniApply(CompletableFuture.java:616)
	at java.util.concurrent.CompletableFuture$UniApply.tryFire(CompletableFuture.java:591)
	at java.util.concurrent.CompletableFuture$Completion.run(CompletableFuture.java:456)
	at java.util.concurrent.ThreadPoolExecutor.runWorker(ThreadPoolExecutor.java:1149)
	at java.util.concurrent.ThreadPoolExecutor$Worker.run(ThreadPoolExecutor.java:624)
	at java.lang.Thread.run(Thread.java:750)
Caused by: org.apache.hadoop.hdds.scm.container.common.helpers.StorageContainerException: 
	at org.apache.hadoop.hdds.scm.storage.ContainerProtocolCalls.validateContainerResponse(ContainerProtocolCalls.java:674)
	at org.apache.hadoop.hdds.scm.storage.ECBlockOutputStream.validateResponse(ECBlockOutputStream.java:301)
	... 7 more
2023-11-09 17:27:10,795 [pool-67-thread-1] WARN  io.KeyOutputStream (ECKeyOutputStream.java:logStreamError(252)) - Failure for replica index: 4, DatanodeDetails: 00000000-0000-0003-0000-000000000003(localhost/1.2.3.4)
java.io.IOException: Unexpected Storage Container Exception: org.apache.hadoop.hdds.scm.container.common.helpers.StorageContainerException: 
	at org.apache.hadoop.hdds.scm.storage.BlockOutputStream.setIoException(BlockOutputStream.java:634)
	at org.apache.hadoop.hdds.scm.storage.ECBlockOutputStream.validateResponse(ECBlockOutputStream.java:303)
	at org.apache.hadoop.hdds.scm.storage.BlockOutputStream.lambda$writeChunkToContainer$2(BlockOutputStream.java:729)
	at java.util.concurrent.CompletableFuture.uniApply(CompletableFuture.java:616)
	at java.util.concurrent.CompletableFuture$UniApply.tryFire(CompletableFuture.java:591)
	at java.util.concurrent.CompletableFuture$Completion.run(CompletableFuture.java:456)
	at java.util.concurrent.ThreadPoolExecutor.runWorker(ThreadPoolExecutor.java:1149)
	at java.util.concurrent.ThreadPoolExecutor$Worker.run(ThreadPoolExecutor.java:624)
	at java.lang.Thread.run(Thread.java:750)
Caused by: org.apache.hadoop.hdds.scm.container.common.helpers.StorageContainerException: 
	at org.apache.hadoop.hdds.scm.storage.ContainerProtocolCalls.validateContainerResponse(ContainerProtocolCalls.java:674)
	at org.apache.hadoop.hdds.scm.storage.ECBlockOutputStream.validateResponse(ECBlockOutputStream.java:301)
	... 7 more
2023-11-09 17:27:10,796 [pool-67-thread-1] WARN  io.KeyOutputStream (ECKeyOutputStream.java:logStreamError(252)) - Failure for replica index: 5, DatanodeDetails: 00000000-0000-0004-0000-000000000004(localhost/1.2.3.4)
java.io.IOException: Unexpected Storage Container Exception: org.apache.hadoop.hdds.scm.container.common.helpers.StorageContainerException: 
	at org.apache.hadoop.hdds.scm.storage.BlockOutputStream.setIoException(BlockOutputStream.java:634)
	at org.apache.hadoop.hdds.scm.storage.ECBlockOutputStream.validateResponse(ECBlockOutputStream.java:303)
	at org.apache.hadoop.hdds.scm.storage.BlockOutputStream.lambda$writeChunkToContainer$2(BlockOutputStream.java:729)
	at java.util.concurrent.CompletableFuture.uniApply(CompletableFuture.java:616)
	at java.util.concurrent.CompletableFuture$UniApply.tryFire(CompletableFuture.java:591)
	at java.util.concurrent.CompletableFuture$Completion.run(CompletableFuture.java:456)
	at java.util.concurrent.ThreadPoolExecutor.runWorker(ThreadPoolExecutor.java:1149)
	at java.util.concurrent.ThreadPoolExecutor$Worker.run(ThreadPoolExecutor.java:624)
	at java.lang.Thread.run(Thread.java:750)
Caused by: org.apache.hadoop.hdds.scm.container.common.helpers.StorageContainerException: 
	at org.apache.hadoop.hdds.scm.storage.ContainerProtocolCalls.validateContainerResponse(ContainerProtocolCalls.java:674)
	at org.apache.hadoop.hdds.scm.storage.ECBlockOutputStream.validateResponse(ECBlockOutputStream.java:301)
	... 7 more
]]></system-out>
  </testcase>
  <testcase name="testWriteShouldFailIfMoreThanParityNodesFail" classname="org.apache.hadoop.ozone.client.TestOzoneECClient" time="0.133">
    <system-out><![CDATA[2023-11-09 17:27:10,909 [main] INFO  rpc.RpcClient (RpcClient.java:createVolume(463)) - Creating Volume: ae52c907-befc-42b0-b502-984e5cc2629f, with runner as owner and space quota set to -1 bytes, counts quota set to -1
2023-11-09 17:27:10,910 [main] INFO  rpc.RpcClient (RpcClient.java:createBucket(690)) - Creating Bucket: ae52c907-befc-42b0-b502-984e5cc2629f/eb781c1f-946c-47fc-abd1-6e34f32e71da, with server-side default bucket layout, runner as owner, Versioning false, Storage Type set to DISK and Encryption set to false, Replication Type set to server-side default replication type, Namespace Quota set to -1, Space Quota set to -1 
2023-11-09 17:27:11,030 [pool-78-thread-1] WARN  io.KeyOutputStream (ECKeyOutputStream.java:logStreamError(250)) - EC stripe write failed: F F F S S
2023-11-09 17:27:11,031 [pool-78-thread-1] WARN  io.KeyOutputStream (ECKeyOutputStream.java:logStreamError(252)) - Failure for replica index: 1, DatanodeDetails: 00000000-0000-0000-0000-000000000000(localhost/1.2.3.4)
java.io.IOException: Unexpected Storage Container Exception: org.apache.hadoop.hdds.scm.container.common.helpers.StorageContainerException: 
	at org.apache.hadoop.hdds.scm.storage.BlockOutputStream.setIoException(BlockOutputStream.java:634)
	at org.apache.hadoop.hdds.scm.storage.ECBlockOutputStream.validateResponse(ECBlockOutputStream.java:303)
	at org.apache.hadoop.hdds.scm.storage.BlockOutputStream.lambda$writeChunkToContainer$2(BlockOutputStream.java:729)
	at java.util.concurrent.CompletableFuture.uniApply(CompletableFuture.java:616)
	at java.util.concurrent.CompletableFuture$UniApply.tryFire(CompletableFuture.java:591)
	at java.util.concurrent.CompletableFuture$Completion.run(CompletableFuture.java:456)
	at java.util.concurrent.ThreadPoolExecutor.runWorker(ThreadPoolExecutor.java:1149)
	at java.util.concurrent.ThreadPoolExecutor$Worker.run(ThreadPoolExecutor.java:624)
	at java.lang.Thread.run(Thread.java:750)
Caused by: org.apache.hadoop.hdds.scm.container.common.helpers.StorageContainerException: 
	at org.apache.hadoop.hdds.scm.storage.ContainerProtocolCalls.validateContainerResponse(ContainerProtocolCalls.java:674)
	at org.apache.hadoop.hdds.scm.storage.ECBlockOutputStream.validateResponse(ECBlockOutputStream.java:301)
	... 7 more
2023-11-09 17:27:11,031 [pool-78-thread-1] WARN  io.KeyOutputStream (ECKeyOutputStream.java:logStreamError(252)) - Failure for replica index: 2, DatanodeDetails: 00000000-0000-0001-0000-000000000001(localhost/1.2.3.4)
java.io.IOException: Unexpected Storage Container Exception: org.apache.hadoop.hdds.scm.container.common.helpers.StorageContainerException: 
	at org.apache.hadoop.hdds.scm.storage.BlockOutputStream.setIoException(BlockOutputStream.java:634)
	at org.apache.hadoop.hdds.scm.storage.ECBlockOutputStream.validateResponse(ECBlockOutputStream.java:303)
	at org.apache.hadoop.hdds.scm.storage.BlockOutputStream.lambda$writeChunkToContainer$2(BlockOutputStream.java:729)
	at java.util.concurrent.CompletableFuture.uniApply(CompletableFuture.java:616)
	at java.util.concurrent.CompletableFuture$UniApply.tryFire(CompletableFuture.java:591)
	at java.util.concurrent.CompletableFuture$Completion.run(CompletableFuture.java:456)
	at java.util.concurrent.ThreadPoolExecutor.runWorker(ThreadPoolExecutor.java:1149)
	at java.util.concurrent.ThreadPoolExecutor$Worker.run(ThreadPoolExecutor.java:624)
	at java.lang.Thread.run(Thread.java:750)
Caused by: org.apache.hadoop.hdds.scm.container.common.helpers.StorageContainerException: 
	at org.apache.hadoop.hdds.scm.storage.ContainerProtocolCalls.validateContainerResponse(ContainerProtocolCalls.java:674)
	at org.apache.hadoop.hdds.scm.storage.ECBlockOutputStream.validateResponse(ECBlockOutputStream.java:301)
	... 7 more
2023-11-09 17:27:11,032 [pool-78-thread-1] WARN  io.KeyOutputStream (ECKeyOutputStream.java:logStreamError(252)) - Failure for replica index: 3, DatanodeDetails: 00000000-0000-0002-0000-000000000002(localhost/1.2.3.4)
java.io.IOException: Unexpected Storage Container Exception: org.apache.hadoop.hdds.scm.container.common.helpers.StorageContainerException: 
	at org.apache.hadoop.hdds.scm.storage.BlockOutputStream.setIoException(BlockOutputStream.java:634)
	at org.apache.hadoop.hdds.scm.storage.ECBlockOutputStream.validateResponse(ECBlockOutputStream.java:303)
	at org.apache.hadoop.hdds.scm.storage.BlockOutputStream.lambda$writeChunkToContainer$2(BlockOutputStream.java:729)
	at java.util.concurrent.CompletableFuture.uniApply(CompletableFuture.java:616)
	at java.util.concurrent.CompletableFuture$UniApply.tryFire(CompletableFuture.java:591)
	at java.util.concurrent.CompletableFuture$Completion.run(CompletableFuture.java:456)
	at java.util.concurrent.ThreadPoolExecutor.runWorker(ThreadPoolExecutor.java:1149)
	at java.util.concurrent.ThreadPoolExecutor$Worker.run(ThreadPoolExecutor.java:624)
	at java.lang.Thread.run(Thread.java:750)
Caused by: org.apache.hadoop.hdds.scm.container.common.helpers.StorageContainerException: 
	at org.apache.hadoop.hdds.scm.storage.ContainerProtocolCalls.validateContainerResponse(ContainerProtocolCalls.java:674)
	at org.apache.hadoop.hdds.scm.storage.ECBlockOutputStream.validateResponse(ECBlockOutputStream.java:301)
	... 7 more
]]></system-out>
  </testcase>
  <testcase name="testStripeWriteRetriesOnAllNodeFailures" classname="org.apache.hadoop.ozone.client.TestOzoneECClient" time="0.135">
    <system-out><![CDATA[2023-11-09 17:27:11,060 [main] INFO  rpc.RpcClient (RpcClient.java:createVolume(463)) - Creating Volume: 854b6b41-6d44-4c5d-8bff-fcb030087411, with runner as owner and space quota set to -1 bytes, counts quota set to -1
2023-11-09 17:27:11,062 [main] INFO  rpc.RpcClient (RpcClient.java:createBucket(690)) - Creating Bucket: 854b6b41-6d44-4c5d-8bff-fcb030087411/3de0575d-0352-4070-95a7-b6ffeda208df, with server-side default bucket layout, runner as owner, Versioning false, Storage Type set to DISK and Encryption set to false, Replication Type set to server-side default replication type, Namespace Quota set to -1, Space Quota set to -1 
2023-11-09 17:27:11,180 [pool-89-thread-1] WARN  io.KeyOutputStream (ECKeyOutputStream.java:logStreamError(250)) - EC stripe write failed: F F F F F
2023-11-09 17:27:11,180 [pool-89-thread-1] WARN  io.KeyOutputStream (ECKeyOutputStream.java:logStreamError(252)) - Failure for replica index: 1, DatanodeDetails: 00000000-0000-0000-0000-000000000000(localhost/1.2.3.4)
java.io.IOException: Unexpected Storage Container Exception: org.apache.hadoop.hdds.scm.container.common.helpers.StorageContainerException: 
	at org.apache.hadoop.hdds.scm.storage.BlockOutputStream.setIoException(BlockOutputStream.java:634)
	at org.apache.hadoop.hdds.scm.storage.ECBlockOutputStream.validateResponse(ECBlockOutputStream.java:303)
	at org.apache.hadoop.hdds.scm.storage.BlockOutputStream.lambda$writeChunkToContainer$2(BlockOutputStream.java:729)
	at java.util.concurrent.CompletableFuture.uniApply(CompletableFuture.java:616)
	at java.util.concurrent.CompletableFuture$UniApply.tryFire(CompletableFuture.java:591)
	at java.util.concurrent.CompletableFuture$Completion.run(CompletableFuture.java:456)
	at java.util.concurrent.ThreadPoolExecutor.runWorker(ThreadPoolExecutor.java:1149)
	at java.util.concurrent.ThreadPoolExecutor$Worker.run(ThreadPoolExecutor.java:624)
	at java.lang.Thread.run(Thread.java:750)
Caused by: org.apache.hadoop.hdds.scm.container.common.helpers.StorageContainerException: 
	at org.apache.hadoop.hdds.scm.storage.ContainerProtocolCalls.validateContainerResponse(ContainerProtocolCalls.java:674)
	at org.apache.hadoop.hdds.scm.storage.ECBlockOutputStream.validateResponse(ECBlockOutputStream.java:301)
	... 7 more
2023-11-09 17:27:11,180 [pool-89-thread-1] WARN  io.KeyOutputStream (ECKeyOutputStream.java:logStreamError(252)) - Failure for replica index: 2, DatanodeDetails: 00000000-0000-0001-0000-000000000001(localhost/1.2.3.4)
java.io.IOException: Unexpected Storage Container Exception: org.apache.hadoop.hdds.scm.container.common.helpers.StorageContainerException: 
	at org.apache.hadoop.hdds.scm.storage.BlockOutputStream.setIoException(BlockOutputStream.java:634)
	at org.apache.hadoop.hdds.scm.storage.ECBlockOutputStream.validateResponse(ECBlockOutputStream.java:303)
	at org.apache.hadoop.hdds.scm.storage.BlockOutputStream.lambda$writeChunkToContainer$2(BlockOutputStream.java:729)
	at java.util.concurrent.CompletableFuture.uniApply(CompletableFuture.java:616)
	at java.util.concurrent.CompletableFuture$UniApply.tryFire(CompletableFuture.java:591)
	at java.util.concurrent.CompletableFuture$Completion.run(CompletableFuture.java:456)
	at java.util.concurrent.ThreadPoolExecutor.runWorker(ThreadPoolExecutor.java:1149)
	at java.util.concurrent.ThreadPoolExecutor$Worker.run(ThreadPoolExecutor.java:624)
	at java.lang.Thread.run(Thread.java:750)
Caused by: org.apache.hadoop.hdds.scm.container.common.helpers.StorageContainerException: 
	at org.apache.hadoop.hdds.scm.storage.ContainerProtocolCalls.validateContainerResponse(ContainerProtocolCalls.java:674)
	at org.apache.hadoop.hdds.scm.storage.ECBlockOutputStream.validateResponse(ECBlockOutputStream.java:301)
	... 7 more
2023-11-09 17:27:11,181 [pool-89-thread-1] WARN  io.KeyOutputStream (ECKeyOutputStream.java:logStreamError(252)) - Failure for replica index: 3, DatanodeDetails: 00000000-0000-0002-0000-000000000002(localhost/1.2.3.4)
java.io.IOException: Unexpected Storage Container Exception: org.apache.hadoop.hdds.scm.container.common.helpers.StorageContainerException: 
	at org.apache.hadoop.hdds.scm.storage.BlockOutputStream.setIoException(BlockOutputStream.java:634)
	at org.apache.hadoop.hdds.scm.storage.ECBlockOutputStream.validateResponse(ECBlockOutputStream.java:303)
	at org.apache.hadoop.hdds.scm.storage.BlockOutputStream.lambda$writeChunkToContainer$2(BlockOutputStream.java:729)
	at java.util.concurrent.CompletableFuture.uniApply(CompletableFuture.java:616)
	at java.util.concurrent.CompletableFuture$UniApply.tryFire(CompletableFuture.java:591)
	at java.util.concurrent.CompletableFuture$Completion.run(CompletableFuture.java:456)
	at java.util.concurrent.ThreadPoolExecutor.runWorker(ThreadPoolExecutor.java:1149)
	at java.util.concurrent.ThreadPoolExecutor$Worker.run(ThreadPoolExecutor.java:624)
	at java.lang.Thread.run(Thread.java:750)
Caused by: org.apache.hadoop.hdds.scm.container.common.helpers.StorageContainerException: 
	at org.apache.hadoop.hdds.scm.storage.ContainerProtocolCalls.validateContainerResponse(ContainerProtocolCalls.java:674)
	at org.apache.hadoop.hdds.scm.storage.ECBlockOutputStream.validateResponse(ECBlockOutputStream.java:301)
	... 7 more
2023-11-09 17:27:11,181 [pool-89-thread-1] WARN  io.KeyOutputStream (ECKeyOutputStream.java:logStreamError(252)) - Failure for replica index: 4, DatanodeDetails: 00000000-0000-0003-0000-000000000003(localhost/1.2.3.4)
java.io.IOException: Unexpected Storage Container Exception: org.apache.hadoop.hdds.scm.container.common.helpers.StorageContainerException: 
	at org.apache.hadoop.hdds.scm.storage.BlockOutputStream.setIoException(BlockOutputStream.java:634)
	at org.apache.hadoop.hdds.scm.storage.ECBlockOutputStream.validateResponse(ECBlockOutputStream.java:303)
	at org.apache.hadoop.hdds.scm.storage.BlockOutputStream.lambda$writeChunkToContainer$2(BlockOutputStream.java:729)
	at java.util.concurrent.CompletableFuture.uniApply(CompletableFuture.java:616)
	at java.util.concurrent.CompletableFuture$UniApply.tryFire(CompletableFuture.java:591)
	at java.util.concurrent.CompletableFuture$Completion.run(CompletableFuture.java:456)
	at java.util.concurrent.ThreadPoolExecutor.runWorker(ThreadPoolExecutor.java:1149)
	at java.util.concurrent.ThreadPoolExecutor$Worker.run(ThreadPoolExecutor.java:624)
	at java.lang.Thread.run(Thread.java:750)
Caused by: org.apache.hadoop.hdds.scm.container.common.helpers.StorageContainerException: 
	at org.apache.hadoop.hdds.scm.storage.ContainerProtocolCalls.validateContainerResponse(ContainerProtocolCalls.java:674)
	at org.apache.hadoop.hdds.scm.storage.ECBlockOutputStream.validateResponse(ECBlockOutputStream.java:301)
	... 7 more
2023-11-09 17:27:11,182 [pool-89-thread-1] WARN  io.KeyOutputStream (ECKeyOutputStream.java:logStreamError(252)) - Failure for replica index: 5, DatanodeDetails: 00000000-0000-0004-0000-000000000004(localhost/1.2.3.4)
java.io.IOException: Unexpected Storage Container Exception: org.apache.hadoop.hdds.scm.container.common.helpers.StorageContainerException: 
	at org.apache.hadoop.hdds.scm.storage.BlockOutputStream.setIoException(BlockOutputStream.java:634)
	at org.apache.hadoop.hdds.scm.storage.ECBlockOutputStream.validateResponse(ECBlockOutputStream.java:303)
	at org.apache.hadoop.hdds.scm.storage.BlockOutputStream.lambda$writeChunkToContainer$2(BlockOutputStream.java:729)
	at java.util.concurrent.CompletableFuture.uniApply(CompletableFuture.java:616)
	at java.util.concurrent.CompletableFuture$UniApply.tryFire(CompletableFuture.java:591)
	at java.util.concurrent.CompletableFuture$Completion.run(CompletableFuture.java:456)
	at java.util.concurrent.ThreadPoolExecutor.runWorker(ThreadPoolExecutor.java:1149)
	at java.util.concurrent.ThreadPoolExecutor$Worker.run(ThreadPoolExecutor.java:624)
	at java.lang.Thread.run(Thread.java:750)
Caused by: org.apache.hadoop.hdds.scm.container.common.helpers.StorageContainerException: 
	at org.apache.hadoop.hdds.scm.storage.ContainerProtocolCalls.validateContainerResponse(ContainerProtocolCalls.java:674)
	at org.apache.hadoop.hdds.scm.storage.ECBlockOutputStream.validateResponse(ECBlockOutputStream.java:301)
	... 7 more
]]></system-out>
  </testcase>
  <testcase name="testSmallerThanChunkSize" classname="org.apache.hadoop.ozone.client.TestOzoneECClient" time="0.017">
    <system-out><![CDATA[2023-11-09 17:27:11,194 [main] INFO  rpc.RpcClient (RpcClient.java:createVolume(463)) - Creating Volume: 1cfa0a70-3699-4cf6-87a4-68d8cec764e3, with runner as owner and space quota set to -1 bytes, counts quota set to -1
2023-11-09 17:27:11,195 [main] INFO  rpc.RpcClient (RpcClient.java:createBucket(690)) - Creating Bucket: 1cfa0a70-3699-4cf6-87a4-68d8cec764e3/ecddb18f-1f5c-4343-bdbc-6c0dc0e424b8, with server-side default bucket layout, runner as owner, Versioning false, Storage Type set to DISK and Encryption set to false, Replication Type set to EC, Namespace Quota set to -1, Space Quota set to -1 
]]></system-out>
  </testcase>
  <testcase name="testStripeWriteRetriesOn3Failures" classname="org.apache.hadoop.ozone.client.TestOzoneECClient" time="0.141">
    <system-out><![CDATA[2023-11-09 17:27:11,226 [main] INFO  rpc.RpcClient (RpcClient.java:createVolume(463)) - Creating Volume: 637ba802-eb1e-4f3c-8fcb-27a5084e71f7, with runner as owner and space quota set to -1 bytes, counts quota set to -1
2023-11-09 17:27:11,227 [main] INFO  rpc.RpcClient (RpcClient.java:createBucket(690)) - Creating Bucket: 637ba802-eb1e-4f3c-8fcb-27a5084e71f7/711aab8c-8c05-4804-9439-7a7b3aa8dd92, with server-side default bucket layout, runner as owner, Versioning false, Storage Type set to DISK and Encryption set to false, Replication Type set to server-side default replication type, Namespace Quota set to -1, Space Quota set to -1 
2023-11-09 17:27:11,343 [pool-101-thread-1] WARN  io.KeyOutputStream (ECKeyOutputStream.java:logStreamError(250)) - EC stripe write failed: F S S S S
2023-11-09 17:27:11,344 [pool-101-thread-1] WARN  io.KeyOutputStream (ECKeyOutputStream.java:logStreamError(252)) - Failure for replica index: 1, DatanodeDetails: 00000000-0000-0000-0000-000000000000(localhost/1.2.3.4)
java.io.IOException: Unexpected Storage Container Exception: org.apache.hadoop.hdds.scm.container.common.helpers.StorageContainerException: 
	at org.apache.hadoop.hdds.scm.storage.BlockOutputStream.setIoException(BlockOutputStream.java:634)
	at org.apache.hadoop.hdds.scm.storage.ECBlockOutputStream.validateResponse(ECBlockOutputStream.java:303)
	at org.apache.hadoop.hdds.scm.storage.BlockOutputStream.lambda$writeChunkToContainer$2(BlockOutputStream.java:729)
	at java.util.concurrent.CompletableFuture.uniApply(CompletableFuture.java:616)
	at java.util.concurrent.CompletableFuture$UniApply.tryFire(CompletableFuture.java:591)
	at java.util.concurrent.CompletableFuture$Completion.run(CompletableFuture.java:456)
	at java.util.concurrent.ThreadPoolExecutor.runWorker(ThreadPoolExecutor.java:1149)
	at java.util.concurrent.ThreadPoolExecutor$Worker.run(ThreadPoolExecutor.java:624)
	at java.lang.Thread.run(Thread.java:750)
Caused by: org.apache.hadoop.hdds.scm.container.common.helpers.StorageContainerException: 
	at org.apache.hadoop.hdds.scm.storage.ContainerProtocolCalls.validateContainerResponse(ContainerProtocolCalls.java:674)
	at org.apache.hadoop.hdds.scm.storage.ECBlockOutputStream.validateResponse(ECBlockOutputStream.java:301)
	... 7 more
2023-11-09 17:27:11,347 [pool-101-thread-1] WARN  io.KeyOutputStream (ECKeyOutputStream.java:logStreamError(250)) - EC stripe write failed: F S S S S
2023-11-09 17:27:11,347 [pool-101-thread-1] WARN  io.KeyOutputStream (ECKeyOutputStream.java:logStreamError(252)) - Failure for replica index: 1, DatanodeDetails: 00000000-0000-0005-0000-000000000005(localhost/1.2.3.4)
java.io.IOException: Unexpected Storage Container Exception: org.apache.hadoop.hdds.scm.container.common.helpers.StorageContainerException: 
	at org.apache.hadoop.hdds.scm.storage.BlockOutputStream.setIoException(BlockOutputStream.java:634)
	at org.apache.hadoop.hdds.scm.storage.ECBlockOutputStream.validateResponse(ECBlockOutputStream.java:303)
	at org.apache.hadoop.hdds.scm.storage.BlockOutputStream.lambda$writeChunkToContainer$2(BlockOutputStream.java:729)
	at java.util.concurrent.CompletableFuture.uniApply(CompletableFuture.java:616)
	at java.util.concurrent.CompletableFuture$UniApply.tryFire(CompletableFuture.java:591)
	at java.util.concurrent.CompletableFuture$Completion.run(CompletableFuture.java:456)
	at java.util.concurrent.ThreadPoolExecutor.runWorker(ThreadPoolExecutor.java:1149)
	at java.util.concurrent.ThreadPoolExecutor$Worker.run(ThreadPoolExecutor.java:624)
	at java.lang.Thread.run(Thread.java:750)
Caused by: org.apache.hadoop.hdds.scm.container.common.helpers.StorageContainerException: 
	at org.apache.hadoop.hdds.scm.storage.ContainerProtocolCalls.validateContainerResponse(ContainerProtocolCalls.java:674)
	at org.apache.hadoop.hdds.scm.storage.ECBlockOutputStream.validateResponse(ECBlockOutputStream.java:301)
	... 7 more
2023-11-09 17:27:11,350 [pool-101-thread-1] WARN  io.KeyOutputStream (ECKeyOutputStream.java:logStreamError(250)) - EC stripe write failed: F S S S S
2023-11-09 17:27:11,350 [pool-101-thread-1] WARN  io.KeyOutputStream (ECKeyOutputStream.java:logStreamError(252)) - Failure for replica index: 1, DatanodeDetails: 00000000-0000-000a-0000-00000000000a(localhost/1.2.3.4)
java.io.IOException: Unexpected Storage Container Exception: org.apache.hadoop.hdds.scm.container.common.helpers.StorageContainerException: 
	at org.apache.hadoop.hdds.scm.storage.BlockOutputStream.setIoException(BlockOutputStream.java:634)
	at org.apache.hadoop.hdds.scm.storage.ECBlockOutputStream.validateResponse(ECBlockOutputStream.java:303)
	at org.apache.hadoop.hdds.scm.storage.BlockOutputStream.lambda$writeChunkToContainer$2(BlockOutputStream.java:729)
	at java.util.concurrent.CompletableFuture.uniApply(CompletableFuture.java:616)
	at java.util.concurrent.CompletableFuture$UniApply.tryFire(CompletableFuture.java:591)
	at java.util.concurrent.CompletableFuture$Completion.run(CompletableFuture.java:456)
	at java.util.concurrent.ThreadPoolExecutor.runWorker(ThreadPoolExecutor.java:1149)
	at java.util.concurrent.ThreadPoolExecutor$Worker.run(ThreadPoolExecutor.java:624)
	at java.lang.Thread.run(Thread.java:750)
Caused by: org.apache.hadoop.hdds.scm.container.common.helpers.StorageContainerException: 
	at org.apache.hadoop.hdds.scm.storage.ContainerProtocolCalls.validateContainerResponse(ContainerProtocolCalls.java:674)
	at org.apache.hadoop.hdds.scm.storage.ECBlockOutputStream.validateResponse(ECBlockOutputStream.java:301)
	... 7 more
]]></system-out>
  </testcase>
  <testcase name="test10D4PConfigWithPartialStripe" classname="org.apache.hadoop.ozone.client.TestOzoneECClient" time="0.034">
    <system-out><![CDATA[2023-11-09 17:27:11,370 [main] INFO  rpc.RpcClient (RpcClient.java:createVolume(463)) - Creating Volume: a12acb2f-30ec-4149-b63e-23fa3eea24bf, with runner as owner and space quota set to -1 bytes, counts quota set to -1
2023-11-09 17:27:11,371 [main] INFO  rpc.RpcClient (RpcClient.java:createBucket(690)) - Creating Bucket: a12acb2f-30ec-4149-b63e-23fa3eea24bf/7445531a-9cb0-4ceb-ba2c-17decce8c4f3, with server-side default bucket layout, runner as owner, Versioning false, Storage Type set to DISK and Encryption set to false, Replication Type set to server-side default replication type, Namespace Quota set to -1, Space Quota set to -1 
]]></system-out>
  </testcase>
  <testcase name="test4ChunksInSingleWriteOp" classname="org.apache.hadoop.ozone.client.TestOzoneECClient" time="0.025">
    <system-out><![CDATA[2023-11-09 17:27:11,415 [main] INFO  rpc.RpcClient (RpcClient.java:createVolume(463)) - Creating Volume: f81f7d61-193c-4272-bb68-3df761e73b37, with runner as owner and space quota set to -1 bytes, counts quota set to -1
2023-11-09 17:27:11,416 [main] INFO  rpc.RpcClient (RpcClient.java:createBucket(690)) - Creating Bucket: f81f7d61-193c-4272-bb68-3df761e73b37/c1164b6b-6dbc-4406-9a1d-31da38efce7f, with server-side default bucket layout, runner as owner, Versioning false, Storage Type set to DISK and Encryption set to false, Replication Type set to EC, Namespace Quota set to -1, Space Quota set to -1 
]]></system-out>
  </testcase>
  <testcase name="testPutBlockHasBlockGroupLen" classname="org.apache.hadoop.ozone.client.TestOzoneECClient" time="0.026">
    <system-out><![CDATA[2023-11-09 17:27:11,448 [main] INFO  rpc.RpcClient (RpcClient.java:createVolume(463)) - Creating Volume: 66586126-8e8a-4f2d-8090-4a7a0ffedd67, with runner as owner and space quota set to -1 bytes, counts quota set to -1
2023-11-09 17:27:11,449 [main] INFO  rpc.RpcClient (RpcClient.java:createBucket(690)) - Creating Bucket: 66586126-8e8a-4f2d-8090-4a7a0ffedd67/ec89a6b9-b79b-4059-809c-5946af35fbe5, with server-side default bucket layout, runner as owner, Versioning false, Storage Type set to DISK and Encryption set to false, Replication Type set to server-side default replication type, Namespace Quota set to -1, Space Quota set to -1 
]]></system-out>
  </testcase>
  <testcase name="test6ChunksInSingleWriteOp" classname="org.apache.hadoop.ozone.client.TestOzoneECClient" time="0.019">
    <system-out><![CDATA[2023-11-09 17:27:11,482 [main] INFO  rpc.RpcClient (RpcClient.java:createVolume(463)) - Creating Volume: bf7ca11f-8621-49b6-97ee-3cf41079c318, with runner as owner and space quota set to -1 bytes, counts quota set to -1
2023-11-09 17:27:11,483 [main] INFO  rpc.RpcClient (RpcClient.java:createBucket(690)) - Creating Bucket: bf7ca11f-8621-49b6-97ee-3cf41079c318/74ab99ac-dd8b-4493-b600-0c2160b01e21, with server-side default bucket layout, runner as owner, Versioning false, Storage Type set to DISK and Encryption set to false, Replication Type set to EC, Namespace Quota set to -1, Space Quota set to -1 
]]></system-out>
  </testcase>
  <testcase name="testPutECKeyAndReadContent" classname="org.apache.hadoop.ozone.client.TestOzoneECClient" time="0.025">
    <system-out><![CDATA[2023-11-09 17:27:11,509 [main] INFO  rpc.RpcClient (RpcClient.java:createVolume(463)) - Creating Volume: 226e7d6b-b38a-4d7b-b40b-4eae1320930a, with runner as owner and space quota set to -1 bytes, counts quota set to -1
2023-11-09 17:27:11,510 [main] INFO  rpc.RpcClient (RpcClient.java:createBucket(690)) - Creating Bucket: 226e7d6b-b38a-4d7b-b40b-4eae1320930a/b0a7fc3d-3a4a-4acb-89af-29326026d07c, with server-side default bucket layout, runner as owner, Versioning false, Storage Type set to DISK and Encryption set to false, Replication Type set to server-side default replication type, Namespace Quota set to -1, Space Quota set to -1 
]]></system-out>
  </testcase>
  <testcase name="testExcludeOnDNMixed" classname="org.apache.hadoop.ozone.client.TestOzoneECClient" time="0.237">
    <system-out><![CDATA[2023-11-09 17:27:11,559 [main] INFO  rpc.RpcClient (RpcClient.java:createVolume(463)) - Creating Volume: d72fc61a-a8e1-47a6-b75a-a13a38550531, with runner as owner and space quota set to -1 bytes, counts quota set to -1
2023-11-09 17:27:11,560 [main] INFO  rpc.RpcClient (RpcClient.java:createBucket(690)) - Creating Bucket: d72fc61a-a8e1-47a6-b75a-a13a38550531/c198d776-bda5-4ad5-898c-aa6eb52f9caa, with server-side default bucket layout, runner as owner, Versioning false, Storage Type set to DISK and Encryption set to false, Replication Type set to server-side default replication type, Namespace Quota set to -1, Space Quota set to -1 
2023-11-09 17:27:11,681 [pool-161-thread-1] WARN  io.KeyOutputStream (ECKeyOutputStream.java:logStreamError(250)) - EC stripe write failed: F F F F F
2023-11-09 17:27:11,681 [pool-161-thread-1] WARN  io.KeyOutputStream (ECKeyOutputStream.java:logStreamError(252)) - Failure for replica index: 1, DatanodeDetails: 00000000-0000-0000-0000-000000000000(localhost/1.2.3.4)
java.io.IOException: Unexpected Storage Container Exception: org.apache.hadoop.hdds.scm.container.common.helpers.StorageContainerException: 
	at org.apache.hadoop.hdds.scm.storage.BlockOutputStream.setIoException(BlockOutputStream.java:634)
	at org.apache.hadoop.hdds.scm.storage.ECBlockOutputStream.validateResponse(ECBlockOutputStream.java:303)
	at org.apache.hadoop.hdds.scm.storage.BlockOutputStream.lambda$writeChunkToContainer$2(BlockOutputStream.java:729)
	at java.util.concurrent.CompletableFuture.uniApply(CompletableFuture.java:616)
	at java.util.concurrent.CompletableFuture$UniApply.tryFire(CompletableFuture.java:591)
	at java.util.concurrent.CompletableFuture$Completion.run(CompletableFuture.java:456)
	at java.util.concurrent.ThreadPoolExecutor.runWorker(ThreadPoolExecutor.java:1149)
	at java.util.concurrent.ThreadPoolExecutor$Worker.run(ThreadPoolExecutor.java:624)
	at java.lang.Thread.run(Thread.java:750)
Caused by: org.apache.hadoop.hdds.scm.container.common.helpers.StorageContainerException: 
	at org.apache.hadoop.hdds.scm.storage.ContainerProtocolCalls.validateContainerResponse(ContainerProtocolCalls.java:674)
	at org.apache.hadoop.hdds.scm.storage.ECBlockOutputStream.validateResponse(ECBlockOutputStream.java:301)
	... 7 more
2023-11-09 17:27:11,682 [pool-161-thread-1] WARN  io.KeyOutputStream (ECKeyOutputStream.java:logStreamError(252)) - Failure for replica index: 2, DatanodeDetails: 00000000-0000-0001-0000-000000000001(localhost/1.2.3.4)
java.io.IOException: Unexpected Storage Container Exception: org.apache.hadoop.hdds.scm.container.common.helpers.StorageContainerException: 
	at org.apache.hadoop.hdds.scm.storage.BlockOutputStream.setIoException(BlockOutputStream.java:634)
	at org.apache.hadoop.hdds.scm.storage.ECBlockOutputStream.validateResponse(ECBlockOutputStream.java:303)
	at org.apache.hadoop.hdds.scm.storage.BlockOutputStream.lambda$writeChunkToContainer$2(BlockOutputStream.java:729)
	at java.util.concurrent.CompletableFuture.uniApply(CompletableFuture.java:616)
	at java.util.concurrent.CompletableFuture$UniApply.tryFire(CompletableFuture.java:591)
	at java.util.concurrent.CompletableFuture$Completion.run(CompletableFuture.java:456)
	at java.util.concurrent.ThreadPoolExecutor.runWorker(ThreadPoolExecutor.java:1149)
	at java.util.concurrent.ThreadPoolExecutor$Worker.run(ThreadPoolExecutor.java:624)
	at java.lang.Thread.run(Thread.java:750)
Caused by: org.apache.hadoop.hdds.scm.container.common.helpers.StorageContainerException: 
	at org.apache.hadoop.hdds.scm.storage.ContainerProtocolCalls.validateContainerResponse(ContainerProtocolCalls.java:674)
	at org.apache.hadoop.hdds.scm.storage.ECBlockOutputStream.validateResponse(ECBlockOutputStream.java:301)
	... 7 more
2023-11-09 17:27:11,682 [pool-161-thread-1] WARN  io.KeyOutputStream (ECKeyOutputStream.java:logStreamError(252)) - Failure for replica index: 3, DatanodeDetails: 00000000-0000-0002-0000-000000000002(localhost/1.2.3.4)
java.io.IOException: Unexpected Storage Container Exception: org.apache.hadoop.hdds.scm.container.common.helpers.StorageContainerException: 
	at org.apache.hadoop.hdds.scm.storage.BlockOutputStream.setIoException(BlockOutputStream.java:634)
	at org.apache.hadoop.hdds.scm.storage.ECBlockOutputStream.validateResponse(ECBlockOutputStream.java:303)
	at org.apache.hadoop.hdds.scm.storage.BlockOutputStream.lambda$writeChunkToContainer$2(BlockOutputStream.java:729)
	at java.util.concurrent.CompletableFuture.uniApply(CompletableFuture.java:616)
	at java.util.concurrent.CompletableFuture$UniApply.tryFire(CompletableFuture.java:591)
	at java.util.concurrent.CompletableFuture$Completion.run(CompletableFuture.java:456)
	at java.util.concurrent.ThreadPoolExecutor.runWorker(ThreadPoolExecutor.java:1149)
	at java.util.concurrent.ThreadPoolExecutor$Worker.run(ThreadPoolExecutor.java:624)
	at java.lang.Thread.run(Thread.java:750)
Caused by: org.apache.hadoop.hdds.scm.container.common.helpers.StorageContainerException: 
	at org.apache.hadoop.hdds.scm.storage.ContainerProtocolCalls.validateContainerResponse(ContainerProtocolCalls.java:674)
	at org.apache.hadoop.hdds.scm.storage.ECBlockOutputStream.validateResponse(ECBlockOutputStream.java:301)
	... 7 more
2023-11-09 17:27:11,682 [pool-161-thread-1] WARN  io.KeyOutputStream (ECKeyOutputStream.java:logStreamError(252)) - Failure for replica index: 4, DatanodeDetails: 00000000-0000-0003-0000-000000000003(localhost/1.2.3.4)
java.io.IOException: Unexpected Storage Container Exception: org.apache.hadoop.hdds.scm.container.common.helpers.ContainerNotOpenException: 
	at org.apache.hadoop.hdds.scm.storage.BlockOutputStream.setIoException(BlockOutputStream.java:634)
	at org.apache.hadoop.hdds.scm.storage.ECBlockOutputStream.validateResponse(ECBlockOutputStream.java:303)
	at org.apache.hadoop.hdds.scm.storage.BlockOutputStream.lambda$writeChunkToContainer$2(BlockOutputStream.java:729)
	at java.util.concurrent.CompletableFuture.uniApply(CompletableFuture.java:616)
	at java.util.concurrent.CompletableFuture$UniApply.tryFire(CompletableFuture.java:591)
	at java.util.concurrent.CompletableFuture$Completion.run(CompletableFuture.java:456)
	at java.util.concurrent.ThreadPoolExecutor.runWorker(ThreadPoolExecutor.java:1149)
	at java.util.concurrent.ThreadPoolExecutor$Worker.run(ThreadPoolExecutor.java:624)
	at java.lang.Thread.run(Thread.java:750)
Caused by: org.apache.hadoop.hdds.scm.container.common.helpers.ContainerNotOpenException: 
	at org.apache.hadoop.hdds.scm.storage.ContainerProtocolCalls.validateContainerResponse(ContainerProtocolCalls.java:671)
	at org.apache.hadoop.hdds.scm.storage.ECBlockOutputStream.validateResponse(ECBlockOutputStream.java:301)
	... 7 more
2023-11-09 17:27:11,683 [pool-161-thread-1] WARN  io.KeyOutputStream (ECKeyOutputStream.java:logStreamError(252)) - Failure for replica index: 5, DatanodeDetails: 00000000-0000-0004-0000-000000000004(localhost/1.2.3.4)
java.io.IOException: Unexpected Storage Container Exception: org.apache.hadoop.hdds.scm.container.common.helpers.ContainerNotOpenException: 
	at org.apache.hadoop.hdds.scm.storage.BlockOutputStream.setIoException(BlockOutputStream.java:634)
	at org.apache.hadoop.hdds.scm.storage.ECBlockOutputStream.validateResponse(ECBlockOutputStream.java:303)
	at org.apache.hadoop.hdds.scm.storage.BlockOutputStream.lambda$writeChunkToContainer$2(BlockOutputStream.java:729)
	at java.util.concurrent.CompletableFuture.uniApply(CompletableFuture.java:616)
	at java.util.concurrent.CompletableFuture$UniApply.tryFire(CompletableFuture.java:591)
	at java.util.concurrent.CompletableFuture$Completion.run(CompletableFuture.java:456)
	at java.util.concurrent.ThreadPoolExecutor.runWorker(ThreadPoolExecutor.java:1149)
	at java.util.concurrent.ThreadPoolExecutor$Worker.run(ThreadPoolExecutor.java:624)
	at java.lang.Thread.run(Thread.java:750)
Caused by: org.apache.hadoop.hdds.scm.container.common.helpers.ContainerNotOpenException: 
	at org.apache.hadoop.hdds.scm.storage.ContainerProtocolCalls.validateContainerResponse(ContainerProtocolCalls.java:671)
	at org.apache.hadoop.hdds.scm.storage.ECBlockOutputStream.validateResponse(ECBlockOutputStream.java:301)
	... 7 more
]]></system-out>
  </testcase>
  <testcase name="testPutECKeyAndCheckDNStoredData" classname="org.apache.hadoop.ozone.client.TestOzoneECClient" time="0.023">
    <system-out><![CDATA[2023-11-09 17:27:11,793 [main] INFO  rpc.RpcClient (RpcClient.java:createVolume(463)) - Creating Volume: a045daad-81a7-47c8-b341-3b6f7be18061, with runner as owner and space quota set to -1 bytes, counts quota set to -1
2023-11-09 17:27:11,794 [main] INFO  rpc.RpcClient (RpcClient.java:createBucket(690)) - Creating Bucket: a045daad-81a7-47c8-b341-3b6f7be18061/68b5e107-d6bb-42b5-9c21-faac74a47162, with server-side default bucket layout, runner as owner, Versioning false, Storage Type set to DISK and Encryption set to false, Replication Type set to server-side default replication type, Namespace Quota set to -1, Space Quota set to -1 
]]></system-out>
  </testcase>
  <testcase name="testPutECKeyAndCheckParityData" classname="org.apache.hadoop.ozone.client.TestOzoneECClient" time="0.023">
    <system-out><![CDATA[2023-11-09 17:27:11,823 [main] INFO  rpc.RpcClient (RpcClient.java:createVolume(463)) - Creating Volume: 12971a89-80c5-48e5-bdf5-afe742dc4ca4, with runner as owner and space quota set to -1 bytes, counts quota set to -1
2023-11-09 17:27:11,824 [main] INFO  rpc.RpcClient (RpcClient.java:createBucket(690)) - Creating Bucket: 12971a89-80c5-48e5-bdf5-afe742dc4ca4/c43f307d-2218-41b5-86b1-64b5198b49f8, with server-side default bucket layout, runner as owner, Versioning false, Storage Type set to DISK and Encryption set to false, Replication Type set to server-side default replication type, Namespace Quota set to -1, Space Quota set to -1 
]]></system-out>
  </testcase>
  <testcase name="testPartialStripeWithSingleChunkAndPadding" classname="org.apache.hadoop.ozone.client.TestOzoneECClient" time="0.024">
    <system-out><![CDATA[2023-11-09 17:27:11,854 [main] INFO  rpc.RpcClient (RpcClient.java:createVolume(463)) - Creating Volume: 85883d89-222f-4ccb-b4bc-f61846f20836, with runner as owner and space quota set to -1 bytes, counts quota set to -1
2023-11-09 17:27:11,855 [main] INFO  rpc.RpcClient (RpcClient.java:createBucket(690)) - Creating Bucket: 85883d89-222f-4ccb-b4bc-f61846f20836/72c5492e-5792-4d1a-a1d0-c3a7e1a2507c, with server-side default bucket layout, runner as owner, Versioning false, Storage Type set to DISK and Encryption set to false, Replication Type set to server-side default replication type, Namespace Quota set to -1, Space Quota set to -1 
]]></system-out>
  </testcase>
  <testcase name="testLargeWriteOfMultipleStripesWithStripeFailure" classname="org.apache.hadoop.ozone.client.TestOzoneECClient" time="0.138">
    <system-out><![CDATA[2023-11-09 17:27:11,893 [main] INFO  rpc.RpcClient (RpcClient.java:createVolume(463)) - Creating Volume: e07faa5f-dd9e-48aa-9e6a-5462b1f40d2c, with runner as owner and space quota set to -1 bytes, counts quota set to -1
2023-11-09 17:27:11,894 [main] INFO  rpc.RpcClient (RpcClient.java:createBucket(690)) - Creating Bucket: e07faa5f-dd9e-48aa-9e6a-5462b1f40d2c/8367c6ed-6613-41b3-9395-7e1c8ffc3572, with server-side default bucket layout, runner as owner, Versioning false, Storage Type set to DISK and Encryption set to false, Replication Type set to server-side default replication type, Namespace Quota set to -1, Space Quota set to -1 
2023-11-09 17:27:12,011 [pool-190-thread-1] WARN  io.KeyOutputStream (ECKeyOutputStream.java:logStreamError(250)) - EC stripe write failed: S S S F F
2023-11-09 17:27:12,011 [pool-190-thread-1] WARN  io.KeyOutputStream (ECKeyOutputStream.java:logStreamError(252)) - Failure for replica index: 4, DatanodeDetails: 00000000-0000-0003-0000-000000000003(localhost/1.2.3.4)
java.io.IOException: Unexpected Storage Container Exception: org.apache.hadoop.hdds.scm.container.common.helpers.StorageContainerException: 
	at org.apache.hadoop.hdds.scm.storage.BlockOutputStream.setIoException(BlockOutputStream.java:634)
	at org.apache.hadoop.hdds.scm.storage.ECBlockOutputStream.validateResponse(ECBlockOutputStream.java:303)
	at org.apache.hadoop.hdds.scm.storage.BlockOutputStream.lambda$writeChunkToContainer$2(BlockOutputStream.java:729)
	at java.util.concurrent.CompletableFuture.uniApply(CompletableFuture.java:616)
	at java.util.concurrent.CompletableFuture$UniApply.tryFire(CompletableFuture.java:591)
	at java.util.concurrent.CompletableFuture$Completion.run(CompletableFuture.java:456)
	at java.util.concurrent.ThreadPoolExecutor.runWorker(ThreadPoolExecutor.java:1149)
	at java.util.concurrent.ThreadPoolExecutor$Worker.run(ThreadPoolExecutor.java:624)
	at java.lang.Thread.run(Thread.java:750)
Caused by: org.apache.hadoop.hdds.scm.container.common.helpers.StorageContainerException: 
	at org.apache.hadoop.hdds.scm.storage.ContainerProtocolCalls.validateContainerResponse(ContainerProtocolCalls.java:674)
	at org.apache.hadoop.hdds.scm.storage.ECBlockOutputStream.validateResponse(ECBlockOutputStream.java:301)
	... 7 more
2023-11-09 17:27:12,011 [pool-190-thread-1] WARN  io.KeyOutputStream (ECKeyOutputStream.java:logStreamError(252)) - Failure for replica index: 5, DatanodeDetails: 00000000-0000-0004-0000-000000000004(localhost/1.2.3.4)
java.io.IOException: Unexpected Storage Container Exception: org.apache.hadoop.hdds.scm.container.common.helpers.StorageContainerException: 
	at org.apache.hadoop.hdds.scm.storage.BlockOutputStream.setIoException(BlockOutputStream.java:634)
	at org.apache.hadoop.hdds.scm.storage.ECBlockOutputStream.validateResponse(ECBlockOutputStream.java:303)
	at org.apache.hadoop.hdds.scm.storage.BlockOutputStream.lambda$writeChunkToContainer$2(BlockOutputStream.java:729)
	at java.util.concurrent.CompletableFuture.uniApply(CompletableFuture.java:616)
	at java.util.concurrent.CompletableFuture$UniApply.tryFire(CompletableFuture.java:591)
	at java.util.concurrent.CompletableFuture$Completion.run(CompletableFuture.java:456)
	at java.util.concurrent.ThreadPoolExecutor.runWorker(ThreadPoolExecutor.java:1149)
	at java.util.concurrent.ThreadPoolExecutor$Worker.run(ThreadPoolExecutor.java:624)
	at java.lang.Thread.run(Thread.java:750)
Caused by: org.apache.hadoop.hdds.scm.container.common.helpers.StorageContainerException: 
	at org.apache.hadoop.hdds.scm.storage.ContainerProtocolCalls.validateContainerResponse(ContainerProtocolCalls.java:674)
	at org.apache.hadoop.hdds.scm.storage.ECBlockOutputStream.validateResponse(ECBlockOutputStream.java:301)
	... 7 more
]]></system-out>
  </testcase>
  <testcase name="testPartialStripeLessThanSingleChunkWithPadding" classname="org.apache.hadoop.ozone.client.TestOzoneECClient" time="0.025">
    <system-out><![CDATA[2023-11-09 17:27:12,034 [main] INFO  rpc.RpcClient (RpcClient.java:createVolume(463)) - Creating Volume: c2b55735-744b-47a3-b12e-164e2e75a1a3, with runner as owner and space quota set to -1 bytes, counts quota set to -1
2023-11-09 17:27:12,035 [main] INFO  rpc.RpcClient (RpcClient.java:createBucket(690)) - Creating Bucket: c2b55735-744b-47a3-b12e-164e2e75a1a3/12b5ceb6-66bc-4c8b-ab12-490f10a4dc2b, with server-side default bucket layout, runner as owner, Versioning false, Storage Type set to DISK and Encryption set to false, Replication Type set to server-side default replication type, Namespace Quota set to -1, Space Quota set to -1 
]]></system-out>
  </testcase>
  <testcase name="testExcludeOnDNClosed" classname="org.apache.hadoop.ozone.client.TestOzoneECClient" time="0.228">
    <system-out><![CDATA[2023-11-09 17:27:12,077 [main] INFO  rpc.RpcClient (RpcClient.java:createVolume(463)) - Creating Volume: ae00875d-fade-4cd3-b241-694b194d43b6, with runner as owner and space quota set to -1 bytes, counts quota set to -1
2023-11-09 17:27:12,078 [main] INFO  rpc.RpcClient (RpcClient.java:createBucket(690)) - Creating Bucket: ae00875d-fade-4cd3-b241-694b194d43b6/d561a841-8744-4c12-8a0e-1f94541cd23e, with server-side default bucket layout, runner as owner, Versioning false, Storage Type set to DISK and Encryption set to false, Replication Type set to server-side default replication type, Namespace Quota set to -1, Space Quota set to -1 
2023-11-09 17:27:12,195 [pool-207-thread-1] WARN  io.KeyOutputStream (ECKeyOutputStream.java:logStreamError(250)) - EC stripe write failed: F F F F F
2023-11-09 17:27:12,196 [pool-207-thread-1] WARN  io.KeyOutputStream (ECKeyOutputStream.java:logStreamError(252)) - Failure for replica index: 1, DatanodeDetails: 00000000-0000-0000-0000-000000000000(localhost/1.2.3.4)
java.io.IOException: Unexpected Storage Container Exception: org.apache.hadoop.hdds.scm.container.common.helpers.ContainerNotOpenException: 
	at org.apache.hadoop.hdds.scm.storage.BlockOutputStream.setIoException(BlockOutputStream.java:634)
	at org.apache.hadoop.hdds.scm.storage.ECBlockOutputStream.validateResponse(ECBlockOutputStream.java:303)
	at org.apache.hadoop.hdds.scm.storage.BlockOutputStream.lambda$writeChunkToContainer$2(BlockOutputStream.java:729)
	at java.util.concurrent.CompletableFuture.uniApply(CompletableFuture.java:616)
	at java.util.concurrent.CompletableFuture$UniApply.tryFire(CompletableFuture.java:591)
	at java.util.concurrent.CompletableFuture$Completion.run(CompletableFuture.java:456)
	at java.util.concurrent.ThreadPoolExecutor.runWorker(ThreadPoolExecutor.java:1149)
	at java.util.concurrent.ThreadPoolExecutor$Worker.run(ThreadPoolExecutor.java:624)
	at java.lang.Thread.run(Thread.java:750)
Caused by: org.apache.hadoop.hdds.scm.container.common.helpers.ContainerNotOpenException: 
	at org.apache.hadoop.hdds.scm.storage.ContainerProtocolCalls.validateContainerResponse(ContainerProtocolCalls.java:671)
	at org.apache.hadoop.hdds.scm.storage.ECBlockOutputStream.validateResponse(ECBlockOutputStream.java:301)
	... 7 more
2023-11-09 17:27:12,196 [pool-207-thread-1] WARN  io.KeyOutputStream (ECKeyOutputStream.java:logStreamError(252)) - Failure for replica index: 2, DatanodeDetails: 00000000-0000-0001-0000-000000000001(localhost/1.2.3.4)
java.io.IOException: Unexpected Storage Container Exception: org.apache.hadoop.hdds.scm.container.common.helpers.ContainerNotOpenException: 
	at org.apache.hadoop.hdds.scm.storage.BlockOutputStream.setIoException(BlockOutputStream.java:634)
	at org.apache.hadoop.hdds.scm.storage.ECBlockOutputStream.validateResponse(ECBlockOutputStream.java:303)
	at org.apache.hadoop.hdds.scm.storage.BlockOutputStream.lambda$writeChunkToContainer$2(BlockOutputStream.java:729)
	at java.util.concurrent.CompletableFuture.uniApply(CompletableFuture.java:616)
	at java.util.concurrent.CompletableFuture$UniApply.tryFire(CompletableFuture.java:591)
	at java.util.concurrent.CompletableFuture$Completion.run(CompletableFuture.java:456)
	at java.util.concurrent.ThreadPoolExecutor.runWorker(ThreadPoolExecutor.java:1149)
	at java.util.concurrent.ThreadPoolExecutor$Worker.run(ThreadPoolExecutor.java:624)
	at java.lang.Thread.run(Thread.java:750)
Caused by: org.apache.hadoop.hdds.scm.container.common.helpers.ContainerNotOpenException: 
	at org.apache.hadoop.hdds.scm.storage.ContainerProtocolCalls.validateContainerResponse(ContainerProtocolCalls.java:671)
	at org.apache.hadoop.hdds.scm.storage.ECBlockOutputStream.validateResponse(ECBlockOutputStream.java:301)
	... 7 more
2023-11-09 17:27:12,197 [pool-207-thread-1] WARN  io.KeyOutputStream (ECKeyOutputStream.java:logStreamError(252)) - Failure for replica index: 3, DatanodeDetails: 00000000-0000-0002-0000-000000000002(localhost/1.2.3.4)
java.io.IOException: Unexpected Storage Container Exception: org.apache.hadoop.hdds.scm.container.common.helpers.ContainerNotOpenException: 
	at org.apache.hadoop.hdds.scm.storage.BlockOutputStream.setIoException(BlockOutputStream.java:634)
	at org.apache.hadoop.hdds.scm.storage.ECBlockOutputStream.validateResponse(ECBlockOutputStream.java:303)
	at org.apache.hadoop.hdds.scm.storage.BlockOutputStream.lambda$writeChunkToContainer$2(BlockOutputStream.java:729)
	at java.util.concurrent.CompletableFuture.uniApply(CompletableFuture.java:616)
	at java.util.concurrent.CompletableFuture$UniApply.tryFire(CompletableFuture.java:591)
	at java.util.concurrent.CompletableFuture$Completion.run(CompletableFuture.java:456)
	at java.util.concurrent.ThreadPoolExecutor.runWorker(ThreadPoolExecutor.java:1149)
	at java.util.concurrent.ThreadPoolExecutor$Worker.run(ThreadPoolExecutor.java:624)
	at java.lang.Thread.run(Thread.java:750)
Caused by: org.apache.hadoop.hdds.scm.container.common.helpers.ContainerNotOpenException: 
	at org.apache.hadoop.hdds.scm.storage.ContainerProtocolCalls.validateContainerResponse(ContainerProtocolCalls.java:671)
	at org.apache.hadoop.hdds.scm.storage.ECBlockOutputStream.validateResponse(ECBlockOutputStream.java:301)
	... 7 more
2023-11-09 17:27:12,198 [pool-207-thread-1] WARN  io.KeyOutputStream (ECKeyOutputStream.java:logStreamError(252)) - Failure for replica index: 4, DatanodeDetails: 00000000-0000-0003-0000-000000000003(localhost/1.2.3.4)
java.io.IOException: Unexpected Storage Container Exception: org.apache.hadoop.hdds.scm.container.common.helpers.ContainerNotOpenException: 
	at org.apache.hadoop.hdds.scm.storage.BlockOutputStream.setIoException(BlockOutputStream.java:634)
	at org.apache.hadoop.hdds.scm.storage.ECBlockOutputStream.validateResponse(ECBlockOutputStream.java:303)
	at org.apache.hadoop.hdds.scm.storage.BlockOutputStream.lambda$writeChunkToContainer$2(BlockOutputStream.java:729)
	at java.util.concurrent.CompletableFuture.uniApply(CompletableFuture.java:616)
	at java.util.concurrent.CompletableFuture$UniApply.tryFire(CompletableFuture.java:591)
	at java.util.concurrent.CompletableFuture$Completion.run(CompletableFuture.java:456)
	at java.util.concurrent.ThreadPoolExecutor.runWorker(ThreadPoolExecutor.java:1149)
	at java.util.concurrent.ThreadPoolExecutor$Worker.run(ThreadPoolExecutor.java:624)
	at java.lang.Thread.run(Thread.java:750)
Caused by: org.apache.hadoop.hdds.scm.container.common.helpers.ContainerNotOpenException: 
	at org.apache.hadoop.hdds.scm.storage.ContainerProtocolCalls.validateContainerResponse(ContainerProtocolCalls.java:671)
	at org.apache.hadoop.hdds.scm.storage.ECBlockOutputStream.validateResponse(ECBlockOutputStream.java:301)
	... 7 more
2023-11-09 17:27:12,199 [pool-207-thread-1] WARN  io.KeyOutputStream (ECKeyOutputStream.java:logStreamError(252)) - Failure for replica index: 5, DatanodeDetails: 00000000-0000-0004-0000-000000000004(localhost/1.2.3.4)
java.io.IOException: Unexpected Storage Container Exception: org.apache.hadoop.hdds.scm.container.common.helpers.ContainerNotOpenException: 
	at org.apache.hadoop.hdds.scm.storage.BlockOutputStream.setIoException(BlockOutputStream.java:634)
	at org.apache.hadoop.hdds.scm.storage.ECBlockOutputStream.validateResponse(ECBlockOutputStream.java:303)
	at org.apache.hadoop.hdds.scm.storage.BlockOutputStream.lambda$writeChunkToContainer$2(BlockOutputStream.java:729)
	at java.util.concurrent.CompletableFuture.uniApply(CompletableFuture.java:616)
	at java.util.concurrent.CompletableFuture$UniApply.tryFire(CompletableFuture.java:591)
	at java.util.concurrent.CompletableFuture$Completion.run(CompletableFuture.java:456)
	at java.util.concurrent.ThreadPoolExecutor.runWorker(ThreadPoolExecutor.java:1149)
	at java.util.concurrent.ThreadPoolExecutor$Worker.run(ThreadPoolExecutor.java:624)
	at java.lang.Thread.run(Thread.java:750)
Caused by: org.apache.hadoop.hdds.scm.container.common.helpers.ContainerNotOpenException: 
	at org.apache.hadoop.hdds.scm.storage.ContainerProtocolCalls.validateContainerResponse(ContainerProtocolCalls.java:671)
	at org.apache.hadoop.hdds.scm.storage.ECBlockOutputStream.validateResponse(ECBlockOutputStream.java:301)
	... 7 more
]]></system-out>
  </testcase>
  <testcase name="testDiscardPreAllocatedBlocksPreventRetryExceeds" classname="org.apache.hadoop.ozone.client.TestOzoneECClient" time="0.156">
    <system-out><![CDATA[2023-11-09 17:27:12,319 [main] INFO  rpc.RpcClient (RpcClient.java:createVolume(463)) - Creating Volume: ffa6fae0-277e-494f-ab17-de4a82104fc7, with runner as owner and space quota set to -1 bytes, counts quota set to -1
2023-11-09 17:27:12,320 [main] INFO  rpc.RpcClient (RpcClient.java:createBucket(690)) - Creating Bucket: ffa6fae0-277e-494f-ab17-de4a82104fc7/19e9edcc-467c-4b17-978e-9f18b409224e, with server-side default bucket layout, runner as owner, Versioning false, Storage Type set to DISK and Encryption set to false, Replication Type set to server-side default replication type, Namespace Quota set to -1, Space Quota set to -1 
2023-11-09 17:27:12,443 [pool-218-thread-1] WARN  io.KeyOutputStream (ECKeyOutputStream.java:logStreamError(250)) - EC stripe write failed: F F S S S
2023-11-09 17:27:12,444 [pool-218-thread-1] WARN  io.KeyOutputStream (ECKeyOutputStream.java:logStreamError(252)) - Failure for replica index: 1, DatanodeDetails: 00000000-0000-0000-0000-000000000000(localhost/1.2.3.4)
java.io.IOException: Unexpected Storage Container Exception: org.apache.hadoop.hdds.scm.container.common.helpers.StorageContainerException: 
	at org.apache.hadoop.hdds.scm.storage.BlockOutputStream.setIoException(BlockOutputStream.java:634)
	at org.apache.hadoop.hdds.scm.storage.ECBlockOutputStream.validateResponse(ECBlockOutputStream.java:303)
	at org.apache.hadoop.hdds.scm.storage.BlockOutputStream.lambda$writeChunkToContainer$2(BlockOutputStream.java:729)
	at java.util.concurrent.CompletableFuture.uniApply(CompletableFuture.java:616)
	at java.util.concurrent.CompletableFuture$UniApply.tryFire(CompletableFuture.java:591)
	at java.util.concurrent.CompletableFuture$Completion.run(CompletableFuture.java:456)
	at java.util.concurrent.ThreadPoolExecutor.runWorker(ThreadPoolExecutor.java:1149)
	at java.util.concurrent.ThreadPoolExecutor$Worker.run(ThreadPoolExecutor.java:624)
	at java.lang.Thread.run(Thread.java:750)
Caused by: org.apache.hadoop.hdds.scm.container.common.helpers.StorageContainerException: 
	at org.apache.hadoop.hdds.scm.storage.ContainerProtocolCalls.validateContainerResponse(ContainerProtocolCalls.java:674)
	at org.apache.hadoop.hdds.scm.storage.ECBlockOutputStream.validateResponse(ECBlockOutputStream.java:301)
	... 7 more
2023-11-09 17:27:12,444 [pool-218-thread-1] WARN  io.KeyOutputStream (ECKeyOutputStream.java:logStreamError(252)) - Failure for replica index: 2, DatanodeDetails: 00000000-0000-0001-0000-000000000001(localhost/1.2.3.4)
java.io.IOException: Unexpected Storage Container Exception: org.apache.hadoop.hdds.scm.container.common.helpers.StorageContainerException: 
	at org.apache.hadoop.hdds.scm.storage.BlockOutputStream.setIoException(BlockOutputStream.java:634)
	at org.apache.hadoop.hdds.scm.storage.ECBlockOutputStream.validateResponse(ECBlockOutputStream.java:303)
	at org.apache.hadoop.hdds.scm.storage.BlockOutputStream.lambda$writeChunkToContainer$2(BlockOutputStream.java:729)
	at java.util.concurrent.CompletableFuture.uniApply(CompletableFuture.java:616)
	at java.util.concurrent.CompletableFuture$UniApply.tryFire(CompletableFuture.java:591)
	at java.util.concurrent.CompletableFuture$Completion.run(CompletableFuture.java:456)
	at java.util.concurrent.ThreadPoolExecutor.runWorker(ThreadPoolExecutor.java:1149)
	at java.util.concurrent.ThreadPoolExecutor$Worker.run(ThreadPoolExecutor.java:624)
	at java.lang.Thread.run(Thread.java:750)
Caused by: org.apache.hadoop.hdds.scm.container.common.helpers.StorageContainerException: 
	at org.apache.hadoop.hdds.scm.storage.ContainerProtocolCalls.validateContainerResponse(ContainerProtocolCalls.java:674)
	at org.apache.hadoop.hdds.scm.storage.ECBlockOutputStream.validateResponse(ECBlockOutputStream.java:301)
	... 7 more
]]></system-out>
  </testcase>
  <testcase name="testStripeWriteRetriesOn2Failures" classname="org.apache.hadoop.ozone.client.TestOzoneECClient" time="0.143">
    <system-out><![CDATA[2023-11-09 17:27:12,481 [main] INFO  rpc.RpcClient (RpcClient.java:createVolume(463)) - Creating Volume: 2908b6ea-1a6a-4f4c-b79a-ce4496fb118c, with runner as owner and space quota set to -1 bytes, counts quota set to -1
2023-11-09 17:27:12,482 [main] INFO  rpc.RpcClient (RpcClient.java:createBucket(690)) - Creating Bucket: 2908b6ea-1a6a-4f4c-b79a-ce4496fb118c/6098bf6e-d2d2-4dcf-9079-4e97c11577b0, with server-side default bucket layout, runner as owner, Versioning false, Storage Type set to DISK and Encryption set to false, Replication Type set to server-side default replication type, Namespace Quota set to -1, Space Quota set to -1 
2023-11-09 17:27:12,599 [pool-229-thread-1] WARN  io.KeyOutputStream (ECKeyOutputStream.java:logStreamError(250)) - EC stripe write failed: F S S S S
2023-11-09 17:27:12,599 [pool-229-thread-1] WARN  io.KeyOutputStream (ECKeyOutputStream.java:logStreamError(252)) - Failure for replica index: 1, DatanodeDetails: 00000000-0000-0000-0000-000000000000(localhost/1.2.3.4)
java.io.IOException: Unexpected Storage Container Exception: org.apache.hadoop.hdds.scm.container.common.helpers.StorageContainerException: 
	at org.apache.hadoop.hdds.scm.storage.BlockOutputStream.setIoException(BlockOutputStream.java:634)
	at org.apache.hadoop.hdds.scm.storage.ECBlockOutputStream.validateResponse(ECBlockOutputStream.java:303)
	at org.apache.hadoop.hdds.scm.storage.BlockOutputStream.lambda$writeChunkToContainer$2(BlockOutputStream.java:729)
	at java.util.concurrent.CompletableFuture.uniApply(CompletableFuture.java:616)
	at java.util.concurrent.CompletableFuture$UniApply.tryFire(CompletableFuture.java:591)
	at java.util.concurrent.CompletableFuture$Completion.run(CompletableFuture.java:456)
	at java.util.concurrent.ThreadPoolExecutor.runWorker(ThreadPoolExecutor.java:1149)
	at java.util.concurrent.ThreadPoolExecutor$Worker.run(ThreadPoolExecutor.java:624)
	at java.lang.Thread.run(Thread.java:750)
Caused by: org.apache.hadoop.hdds.scm.container.common.helpers.StorageContainerException: 
	at org.apache.hadoop.hdds.scm.storage.ContainerProtocolCalls.validateContainerResponse(ContainerProtocolCalls.java:674)
	at org.apache.hadoop.hdds.scm.storage.ECBlockOutputStream.validateResponse(ECBlockOutputStream.java:301)
	... 7 more
2023-11-09 17:27:12,602 [pool-229-thread-1] WARN  io.KeyOutputStream (ECKeyOutputStream.java:logStreamError(250)) - EC stripe write failed: F S S S S
2023-11-09 17:27:12,603 [pool-229-thread-1] WARN  io.KeyOutputStream (ECKeyOutputStream.java:logStreamError(252)) - Failure for replica index: 1, DatanodeDetails: 00000000-0000-0005-0000-000000000005(localhost/1.2.3.4)
java.io.IOException: Unexpected Storage Container Exception: org.apache.hadoop.hdds.scm.container.common.helpers.StorageContainerException: 
	at org.apache.hadoop.hdds.scm.storage.BlockOutputStream.setIoException(BlockOutputStream.java:634)
	at org.apache.hadoop.hdds.scm.storage.ECBlockOutputStream.validateResponse(ECBlockOutputStream.java:303)
	at org.apache.hadoop.hdds.scm.storage.BlockOutputStream.lambda$writeChunkToContainer$2(BlockOutputStream.java:729)
	at java.util.concurrent.CompletableFuture.uniApply(CompletableFuture.java:616)
	at java.util.concurrent.CompletableFuture$UniApply.tryFire(CompletableFuture.java:591)
	at java.util.concurrent.CompletableFuture$Completion.run(CompletableFuture.java:456)
	at java.util.concurrent.ThreadPoolExecutor.runWorker(ThreadPoolExecutor.java:1149)
	at java.util.concurrent.ThreadPoolExecutor$Worker.run(ThreadPoolExecutor.java:624)
	at java.lang.Thread.run(Thread.java:750)
Caused by: org.apache.hadoop.hdds.scm.container.common.helpers.StorageContainerException: 
	at org.apache.hadoop.hdds.scm.storage.ContainerProtocolCalls.validateContainerResponse(ContainerProtocolCalls.java:674)
	at org.apache.hadoop.hdds.scm.storage.ECBlockOutputStream.validateResponse(ECBlockOutputStream.java:301)
	... 7 more
]]></system-out>
  </testcase>
  <testcase name="testPartialStripeWithPartialLastChunk" classname="org.apache.hadoop.ozone.client.TestOzoneECClient" time="0.022">
    <system-out><![CDATA[2023-11-09 17:27:12,626 [main] INFO  rpc.RpcClient (RpcClient.java:createVolume(463)) - Creating Volume: 628314a9-8492-4d92-bf7f-1546f79ec2ec, with runner as owner and space quota set to -1 bytes, counts quota set to -1
2023-11-09 17:27:12,627 [main] INFO  rpc.RpcClient (RpcClient.java:createBucket(690)) - Creating Bucket: 628314a9-8492-4d92-bf7f-1546f79ec2ec/d5c6b73c-e254-4a50-8c43-d1659ec14364, with server-side default bucket layout, runner as owner, Versioning false, Storage Type set to DISK and Encryption set to false, Replication Type set to server-side default replication type, Namespace Quota set to -1, Space Quota set to -1 
]]></system-out>
  </testcase>
  <testcase name="testWriteShouldSuccessWithAdditional1BlockGroupAfterFailure" classname="org.apache.hadoop.ozone.client.TestOzoneECClient" time="0.133">
    <system-out><![CDATA[2023-11-09 17:27:12,656 [main] INFO  rpc.RpcClient (RpcClient.java:createVolume(463)) - Creating Volume: 7add99fc-58d6-4f5e-b9c2-d74779bdc3c5, with runner as owner and space quota set to -1 bytes, counts quota set to -1
2023-11-09 17:27:12,657 [main] INFO  rpc.RpcClient (RpcClient.java:createBucket(690)) - Creating Bucket: 7add99fc-58d6-4f5e-b9c2-d74779bdc3c5/c5e2732b-da97-41ce-9264-1ef4e8091c74, with server-side default bucket layout, runner as owner, Versioning false, Storage Type set to DISK and Encryption set to false, Replication Type set to server-side default replication type, Namespace Quota set to -1, Space Quota set to -1 
2023-11-09 17:27:12,773 [pool-251-thread-1] WARN  io.KeyOutputStream (ECKeyOutputStream.java:logStreamError(250)) - EC stripe write failed: F F F F S
2023-11-09 17:27:12,773 [pool-251-thread-1] WARN  io.KeyOutputStream (ECKeyOutputStream.java:logStreamError(252)) - Failure for replica index: 1, DatanodeDetails: 00000000-0000-0000-0000-000000000000(localhost/1.2.3.4)
java.io.IOException: Unexpected Storage Container Exception: org.apache.hadoop.hdds.scm.container.common.helpers.StorageContainerException: 
	at org.apache.hadoop.hdds.scm.storage.BlockOutputStream.setIoException(BlockOutputStream.java:634)
	at org.apache.hadoop.hdds.scm.storage.ECBlockOutputStream.validateResponse(ECBlockOutputStream.java:303)
	at org.apache.hadoop.hdds.scm.storage.BlockOutputStream.lambda$writeChunkToContainer$2(BlockOutputStream.java:729)
	at java.util.concurrent.CompletableFuture.uniApply(CompletableFuture.java:616)
	at java.util.concurrent.CompletableFuture$UniApply.tryFire(CompletableFuture.java:591)
	at java.util.concurrent.CompletableFuture$Completion.run(CompletableFuture.java:456)
	at java.util.concurrent.ThreadPoolExecutor.runWorker(ThreadPoolExecutor.java:1149)
	at java.util.concurrent.ThreadPoolExecutor$Worker.run(ThreadPoolExecutor.java:624)
	at java.lang.Thread.run(Thread.java:750)
Caused by: org.apache.hadoop.hdds.scm.container.common.helpers.StorageContainerException: 
	at org.apache.hadoop.hdds.scm.storage.ContainerProtocolCalls.validateContainerResponse(ContainerProtocolCalls.java:674)
	at org.apache.hadoop.hdds.scm.storage.ECBlockOutputStream.validateResponse(ECBlockOutputStream.java:301)
	... 7 more
2023-11-09 17:27:12,774 [pool-251-thread-1] WARN  io.KeyOutputStream (ECKeyOutputStream.java:logStreamError(252)) - Failure for replica index: 2, DatanodeDetails: 00000000-0000-0001-0000-000000000001(localhost/1.2.3.4)
java.io.IOException: Unexpected Storage Container Exception: org.apache.hadoop.hdds.scm.container.common.helpers.StorageContainerException: 
	at org.apache.hadoop.hdds.scm.storage.BlockOutputStream.setIoException(BlockOutputStream.java:634)
	at org.apache.hadoop.hdds.scm.storage.ECBlockOutputStream.validateResponse(ECBlockOutputStream.java:303)
	at org.apache.hadoop.hdds.scm.storage.BlockOutputStream.lambda$writeChunkToContainer$2(BlockOutputStream.java:729)
	at java.util.concurrent.CompletableFuture.uniApply(CompletableFuture.java:616)
	at java.util.concurrent.CompletableFuture$UniApply.tryFire(CompletableFuture.java:591)
	at java.util.concurrent.CompletableFuture$Completion.run(CompletableFuture.java:456)
	at java.util.concurrent.ThreadPoolExecutor.runWorker(ThreadPoolExecutor.java:1149)
	at java.util.concurrent.ThreadPoolExecutor$Worker.run(ThreadPoolExecutor.java:624)
	at java.lang.Thread.run(Thread.java:750)
Caused by: org.apache.hadoop.hdds.scm.container.common.helpers.StorageContainerException: 
	at org.apache.hadoop.hdds.scm.storage.ContainerProtocolCalls.validateContainerResponse(ContainerProtocolCalls.java:674)
	at org.apache.hadoop.hdds.scm.storage.ECBlockOutputStream.validateResponse(ECBlockOutputStream.java:301)
	... 7 more
2023-11-09 17:27:12,774 [pool-251-thread-1] WARN  io.KeyOutputStream (ECKeyOutputStream.java:logStreamError(252)) - Failure for replica index: 3, DatanodeDetails: 00000000-0000-0002-0000-000000000002(localhost/1.2.3.4)
java.io.IOException: Unexpected Storage Container Exception: org.apache.hadoop.hdds.scm.container.common.helpers.StorageContainerException: 
	at org.apache.hadoop.hdds.scm.storage.BlockOutputStream.setIoException(BlockOutputStream.java:634)
	at org.apache.hadoop.hdds.scm.storage.ECBlockOutputStream.validateResponse(ECBlockOutputStream.java:303)
	at org.apache.hadoop.hdds.scm.storage.BlockOutputStream.lambda$writeChunkToContainer$2(BlockOutputStream.java:729)
	at java.util.concurrent.CompletableFuture.uniApply(CompletableFuture.java:616)
	at java.util.concurrent.CompletableFuture$UniApply.tryFire(CompletableFuture.java:591)
	at java.util.concurrent.CompletableFuture$Completion.run(CompletableFuture.java:456)
	at java.util.concurrent.ThreadPoolExecutor.runWorker(ThreadPoolExecutor.java:1149)
	at java.util.concurrent.ThreadPoolExecutor$Worker.run(ThreadPoolExecutor.java:624)
	at java.lang.Thread.run(Thread.java:750)
Caused by: org.apache.hadoop.hdds.scm.container.common.helpers.StorageContainerException: 
	at org.apache.hadoop.hdds.scm.storage.ContainerProtocolCalls.validateContainerResponse(ContainerProtocolCalls.java:674)
	at org.apache.hadoop.hdds.scm.storage.ECBlockOutputStream.validateResponse(ECBlockOutputStream.java:301)
	... 7 more
2023-11-09 17:27:12,775 [pool-251-thread-1] WARN  io.KeyOutputStream (ECKeyOutputStream.java:logStreamError(252)) - Failure for replica index: 4, DatanodeDetails: 00000000-0000-0003-0000-000000000003(localhost/1.2.3.4)
java.io.IOException: Unexpected Storage Container Exception: org.apache.hadoop.hdds.scm.container.common.helpers.StorageContainerException: 
	at org.apache.hadoop.hdds.scm.storage.BlockOutputStream.setIoException(BlockOutputStream.java:634)
	at org.apache.hadoop.hdds.scm.storage.ECBlockOutputStream.validateResponse(ECBlockOutputStream.java:303)
	at org.apache.hadoop.hdds.scm.storage.BlockOutputStream.lambda$writeChunkToContainer$2(BlockOutputStream.java:729)
	at java.util.concurrent.CompletableFuture.uniApply(CompletableFuture.java:616)
	at java.util.concurrent.CompletableFuture$UniApply.tryFire(CompletableFuture.java:591)
	at java.util.concurrent.CompletableFuture$Completion.run(CompletableFuture.java:456)
	at java.util.concurrent.ThreadPoolExecutor.runWorker(ThreadPoolExecutor.java:1149)
	at java.util.concurrent.ThreadPoolExecutor$Worker.run(ThreadPoolExecutor.java:624)
	at java.lang.Thread.run(Thread.java:750)
Caused by: org.apache.hadoop.hdds.scm.container.common.helpers.StorageContainerException: 
	at org.apache.hadoop.hdds.scm.storage.ContainerProtocolCalls.validateContainerResponse(ContainerProtocolCalls.java:674)
	at org.apache.hadoop.hdds.scm.storage.ECBlockOutputStream.validateResponse(ECBlockOutputStream.java:301)
	... 7 more
]]></system-out>
  </testcase>
  <testcase name="test5ChunksInSingleWriteOp" classname="org.apache.hadoop.ozone.client.TestOzoneECClient" time="0.016">
    <system-out><![CDATA[2023-11-09 17:27:12,797 [main] INFO  rpc.RpcClient (RpcClient.java:createVolume(463)) - Creating Volume: 5be6b38b-e321-4e8b-b234-79c9f9b057c7, with runner as owner and space quota set to -1 bytes, counts quota set to -1
2023-11-09 17:27:12,798 [main] INFO  rpc.RpcClient (RpcClient.java:createBucket(690)) - Creating Bucket: 5be6b38b-e321-4e8b-b234-79c9f9b057c7/b6b60f5c-dddd-41c6-8922-c60f0fe30687, with server-side default bucket layout, runner as owner, Versioning false, Storage Type set to DISK and Encryption set to false, Replication Type set to EC, Namespace Quota set to -1, Space Quota set to -1 
]]></system-out>
  </testcase>
  <testcase name="test10ChunksInSingleWriteOp" classname="org.apache.hadoop.ozone.client.TestOzoneECClient" time="0.021">
    <system-out><![CDATA[2023-11-09 17:27:12,820 [main] INFO  rpc.RpcClient (RpcClient.java:createVolume(463)) - Creating Volume: 08e230a6-1ba1-448e-bf15-0c527d417c42, with runner as owner and space quota set to -1 bytes, counts quota set to -1
2023-11-09 17:27:12,821 [main] INFO  rpc.RpcClient (RpcClient.java:createBucket(690)) - Creating Bucket: 08e230a6-1ba1-448e-bf15-0c527d417c42/46e96655-271d-42b8-a523-609674fc4fe3, with server-side default bucket layout, runner as owner, Versioning false, Storage Type set to DISK and Encryption set to false, Replication Type set to EC, Namespace Quota set to -1, Space Quota set to -1 
]]></system-out>
  </testcase>
  <testcase name="testPartialStripeWithPartialChunkRetry" classname="org.apache.hadoop.ozone.client.TestOzoneECClient" time="1.035">
    <error type="java.lang.IndexOutOfBoundsException"><![CDATA[java.lang.IndexOutOfBoundsException: Index: -1
	at java.util.Collections$EmptyList.get(Collections.java:4456)
	at java.util.Collections$UnmodifiableList.get(Collections.java:1311)
	at org.apache.hadoop.ozone.client.io.ECBlockOutputStreamEntry.calculateChecksum(ECBlockOutputStreamEntry.java:416)
	at org.apache.hadoop.ozone.client.io.ECKeyOutputStream.commitStripeWrite(ECKeyOutputStream.java:275)
	at org.apache.hadoop.ozone.client.io.ECKeyOutputStream.flushStripeToDatanodes(ECKeyOutputStream.java:600)
	at org.apache.hadoop.ozone.client.io.ECKeyOutputStream.flushStripeFromQueue(ECKeyOutputStream.java:582)
	at java.util.concurrent.FutureTask.run(FutureTask.java:266)
	at java.util.concurrent.ThreadPoolExecutor.runWorker(ThreadPoolExecutor.java:1149)
	at java.util.concurrent.ThreadPoolExecutor$Worker.run(ThreadPoolExecutor.java:624)
	at java.lang.Thread.run(Thread.java:750)
]]></error>
    <system-out><![CDATA[2023-11-09 17:27:12,862 [main] INFO  rpc.RpcClient (RpcClient.java:createVolume(463)) - Creating Volume: 116ab5a8-d361-47a8-a47c-75da258664b8, with runner as owner and space quota set to -1 bytes, counts quota set to -1
2023-11-09 17:27:12,863 [main] INFO  rpc.RpcClient (RpcClient.java:createBucket(690)) - Creating Bucket: 116ab5a8-d361-47a8-a47c-75da258664b8/9fddb606-d087-462a-8b1d-828621c60359, with server-side default bucket layout, runner as owner, Versioning false, Storage Type set to DISK and Encryption set to false, Replication Type set to server-side default replication type, Namespace Quota set to -1, Space Quota set to -1 
]]></system-out>
  </testcase>
  <testcase name="test7ChunksInSingleWriteOp" classname="org.apache.hadoop.ozone.client.TestOzoneECClient" time="0.02">
    <system-out><![CDATA[2023-11-09 17:27:13,900 [main] INFO  rpc.RpcClient (RpcClient.java:createVolume(463)) - Creating Volume: e3a698eb-a398-45e9-9ddd-9d75a698a11a, with runner as owner and space quota set to -1 bytes, counts quota set to -1
2023-11-09 17:27:13,901 [main] INFO  rpc.RpcClient (RpcClient.java:createBucket(690)) - Creating Bucket: e3a698eb-a398-45e9-9ddd-9d75a698a11a/8dfd57f2-5907-4785-9ca1-373e36c2ca6a, with server-side default bucket layout, runner as owner, Versioning false, Storage Type set to DISK and Encryption set to false, Replication Type set to EC, Namespace Quota set to -1, Space Quota set to -1 
]]></system-out>
  </testcase>
  <testcase name="test12ChunksInSingleWriteOp" classname="org.apache.hadoop.ozone.client.TestOzoneECClient" time="0.02">
    <system-out><![CDATA[2023-11-09 17:27:13,928 [main] INFO  rpc.RpcClient (RpcClient.java:createVolume(463)) - Creating Volume: f40a6ec6-b3f5-4005-b9fd-f8ec55a49cc0, with runner as owner and space quota set to -1 bytes, counts quota set to -1
2023-11-09 17:27:13,929 [main] INFO  rpc.RpcClient (RpcClient.java:createBucket(690)) - Creating Bucket: f40a6ec6-b3f5-4005-b9fd-f8ec55a49cc0/f7eff316-fcae-488c-b0a3-25d815195c31, with server-side default bucket layout, runner as owner, Versioning false, Storage Type set to DISK and Encryption set to false, Replication Type set to EC, Namespace Quota set to -1, Space Quota set to -1 
]]></system-out>
  </testcase>
  <testcase name="test9ChunksInSingleWriteOp" classname="org.apache.hadoop.ozone.client.TestOzoneECClient" time="0.02">
    <system-out><![CDATA[2023-11-09 17:27:13,960 [main] INFO  rpc.RpcClient (RpcClient.java:createVolume(463)) - Creating Volume: 182a3795-3c8f-4112-a254-27db99552961, with runner as owner and space quota set to -1 bytes, counts quota set to -1
2023-11-09 17:27:13,961 [main] INFO  rpc.RpcClient (RpcClient.java:createBucket(690)) - Creating Bucket: 182a3795-3c8f-4112-a254-27db99552961/4393110f-2fe8-4f1b-82af-54c4b026f3cd, with server-side default bucket layout, runner as owner, Versioning false, Storage Type set to DISK and Encryption set to false, Replication Type set to EC, Namespace Quota set to -1, Space Quota set to -1 
]]></system-out>
  </testcase>
  <testcase name="testCreateBucketWithDefaultReplicationConfig" classname="org.apache.hadoop.ozone.client.TestOzoneECClient" time="0.024">
    <system-out><![CDATA[2023-11-09 17:27:13,987 [main] INFO  rpc.RpcClient (RpcClient.java:createVolume(463)) - Creating Volume: 13f19b84-3435-4bc5-8a60-a04fa9b8c193, with runner as owner and space quota set to -1 bytes, counts quota set to -1
2023-11-09 17:27:13,988 [main] INFO  rpc.RpcClient (RpcClient.java:createBucket(690)) - Creating Bucket: 13f19b84-3435-4bc5-8a60-a04fa9b8c193/be61a3ac-032f-42b1-8010-77cb2397f902, with server-side default bucket layout, runner as owner, Versioning false, Storage Type set to DISK and Encryption set to false, Replication Type set to EC, Namespace Quota set to -1, Space Quota set to -1 
]]></system-out>
  </testcase>
  <testcase name="testMultipleChunksWithPartialChunkInSingleWriteOp" classname="org.apache.hadoop.ozone.client.TestOzoneECClient" time="0.032">
    <system-out><![CDATA[2023-11-09 17:27:14,019 [main] INFO  rpc.RpcClient (RpcClient.java:createVolume(463)) - Creating Volume: c66a2203-97d7-4e27-88b9-cdceacd77314, with runner as owner and space quota set to -1 bytes, counts quota set to -1
2023-11-09 17:27:14,020 [main] INFO  rpc.RpcClient (RpcClient.java:createBucket(690)) - Creating Bucket: c66a2203-97d7-4e27-88b9-cdceacd77314/b04a7f92-998e-4972-8c28-b466397fc31c, with server-side default bucket layout, runner as owner, Versioning false, Storage Type set to DISK and Encryption set to false, Replication Type set to EC, Namespace Quota set to -1, Space Quota set to -1 
]]></system-out>
  </testcase>
  <testcase name="testWriteShouldSuccessIf4NodesFailed" classname="org.apache.hadoop.ozone.client.TestOzoneECClient" time="0.131">
    <system-out><![CDATA[2023-11-09 17:27:14,063 [main] INFO  rpc.RpcClient (RpcClient.java:createVolume(463)) - Creating Volume: 51004c87-39ea-4164-878a-faa254d7dae7, with runner as owner and space quota set to -1 bytes, counts quota set to -1
2023-11-09 17:27:14,064 [main] INFO  rpc.RpcClient (RpcClient.java:createBucket(690)) - Creating Bucket: 51004c87-39ea-4164-878a-faa254d7dae7/79a51670-8fa9-4fe6-8c76-5f1e820676d9, with server-side default bucket layout, runner as owner, Versioning false, Storage Type set to DISK and Encryption set to false, Replication Type set to server-side default replication type, Namespace Quota set to -1, Space Quota set to -1 
2023-11-09 17:27:14,186 [pool-344-thread-1] WARN  io.KeyOutputStream (ECKeyOutputStream.java:logStreamError(250)) - EC stripe write failed: F S S F S
2023-11-09 17:27:14,186 [pool-344-thread-1] WARN  io.KeyOutputStream (ECKeyOutputStream.java:logStreamError(252)) - Failure for replica index: 1, DatanodeDetails: 00000000-0000-0000-0000-000000000000(localhost/1.2.3.4)
java.io.IOException: Unexpected Storage Container Exception: org.apache.hadoop.hdds.scm.container.common.helpers.StorageContainerException: 
	at org.apache.hadoop.hdds.scm.storage.BlockOutputStream.setIoException(BlockOutputStream.java:634)
	at org.apache.hadoop.hdds.scm.storage.ECBlockOutputStream.validateResponse(ECBlockOutputStream.java:303)
	at org.apache.hadoop.hdds.scm.storage.BlockOutputStream.lambda$writeChunkToContainer$2(BlockOutputStream.java:729)
	at java.util.concurrent.CompletableFuture.uniApply(CompletableFuture.java:616)
	at java.util.concurrent.CompletableFuture$UniApply.tryFire(CompletableFuture.java:591)
	at java.util.concurrent.CompletableFuture$Completion.run(CompletableFuture.java:456)
	at java.util.concurrent.ThreadPoolExecutor.runWorker(ThreadPoolExecutor.java:1149)
	at java.util.concurrent.ThreadPoolExecutor$Worker.run(ThreadPoolExecutor.java:624)
	at java.lang.Thread.run(Thread.java:750)
Caused by: org.apache.hadoop.hdds.scm.container.common.helpers.StorageContainerException: 
	at org.apache.hadoop.hdds.scm.storage.ContainerProtocolCalls.validateContainerResponse(ContainerProtocolCalls.java:674)
	at org.apache.hadoop.hdds.scm.storage.ECBlockOutputStream.validateResponse(ECBlockOutputStream.java:301)
	... 7 more
2023-11-09 17:27:14,187 [pool-344-thread-1] WARN  io.KeyOutputStream (ECKeyOutputStream.java:logStreamError(252)) - Failure for replica index: 4, DatanodeDetails: 00000000-0000-0003-0000-000000000003(localhost/1.2.3.4)
java.io.IOException: Unexpected Storage Container Exception: org.apache.hadoop.hdds.scm.container.common.helpers.StorageContainerException: 
	at org.apache.hadoop.hdds.scm.storage.BlockOutputStream.setIoException(BlockOutputStream.java:634)
	at org.apache.hadoop.hdds.scm.storage.ECBlockOutputStream.validateResponse(ECBlockOutputStream.java:303)
	at org.apache.hadoop.hdds.scm.storage.BlockOutputStream.lambda$writeChunkToContainer$2(BlockOutputStream.java:729)
	at java.util.concurrent.CompletableFuture.uniApply(CompletableFuture.java:616)
	at java.util.concurrent.CompletableFuture$UniApply.tryFire(CompletableFuture.java:591)
	at java.util.concurrent.CompletableFuture$Completion.run(CompletableFuture.java:456)
	at java.util.concurrent.ThreadPoolExecutor.runWorker(ThreadPoolExecutor.java:1149)
	at java.util.concurrent.ThreadPoolExecutor$Worker.run(ThreadPoolExecutor.java:624)
	at java.lang.Thread.run(Thread.java:750)
Caused by: org.apache.hadoop.hdds.scm.container.common.helpers.StorageContainerException: 
	at org.apache.hadoop.hdds.scm.storage.ContainerProtocolCalls.validateContainerResponse(ContainerProtocolCalls.java:674)
	at org.apache.hadoop.hdds.scm.storage.ECBlockOutputStream.validateResponse(ECBlockOutputStream.java:301)
	... 7 more
]]></system-out>
  </testcase>
</testsuite>