<?xml version="1.0" encoding="UTF-8"?>
<testsuite xmlns:xsi="http://www.w3.org/2001/XMLSchema-instance" xsi:noNamespaceSchemaLocation="https://maven.apache.org/surefire/maven-surefire-plugin/xsd/surefire-test-report.xsd" name="org.apache.hadoop.ozone.TestMiniOzoneCluster" time="239.314" tests="5" errors="1" skipped="0" failures="0">
  <properties>
    <property name="awt.toolkit" value="sun.awt.X11.XToolkit"/>
    <property name="file.encoding.pkg" value="sun.io"/>
    <property name="java.specification.version" value="1.8"/>
    <property name="sun.cpu.isalist" value=""/>
    <property name="sun.jnu.encoding" value="UTF-8"/>
    <property name="java.class.path" value="/home/runner/work/ozone/ozone/hadoop-ozone/integration-test/target/test-classes:/home/runner/work/ozone/ozone/hadoop-ozone/integration-test/target/classes:/home/runner/.m2/repository/org/apache/ozone/ozone-common/1.3.0-SNAPSHOT/ozone-common-1.3.0-SNAPSHOT.jar:/home/runner/.m2/repository/org/apache/commons/commons-compress/1.21/commons-compress-1.21.jar:/home/runner/.m2/repository/org/apache/ozone/hdds-common/1.3.0-SNAPSHOT/hdds-common-1.3.0-SNAPSHOT.jar:/home/runner/.m2/repository/org/apache/ozone/hdds-client/1.3.0-SNAPSHOT/hdds-client-1.3.0-SNAPSHOT.jar:/home/runner/.m2/repository/org/apache/ozone/ozone-interface-client/1.3.0-SNAPSHOT/ozone-interface-client-1.3.0-SNAPSHOT.jar:/home/runner/.m2/repository/org/apache/ozone/hdds-test-utils/1.3.0-SNAPSHOT/hdds-test-utils-1.3.0-SNAPSHOT.jar:/home/runner/.m2/repository/com/google/guava/guava/30.1.1-jre/guava-30.1.1-jre.jar:/home/runner/.m2/repository/com/google/guava/failureaccess/1.0.1/failureaccess-1.0.1.jar:/home/runner/.m2/repository/com/google/guava/listenablefuture/9999.0-empty-to-avoid-conflict-with-guava/listenablefuture-9999.0-empty-to-avoid-conflict-with-guava.jar:/home/runner/.m2/repository/com/google/code/findbugs/jsr305/3.0.0/jsr305-3.0.0.jar:/home/runner/.m2/repository/org/checkerframework/checker-qual/3.8.0/checker-qual-3.8.0.jar:/home/runner/.m2/repository/com/google/errorprone/error_prone_annotations/2.2.0/error_prone_annotations-2.2.0.jar:/home/runner/.m2/repository/com/google/j2objc/j2objc-annotations/1.3/j2objc-annotations-1.3.jar:/home/runner/.m2/repository/commons-io/commons-io/2.11.0/commons-io-2.11.0.jar:/home/runner/.m2/repository/commons-logging/commons-logging/1.2/commons-logging-1.2.jar:/home/runner/.m2/repository/log4j/log4j/1.2.17/log4j-1.2.17.jar:/home/runner/.m2/repository/org/slf4j/slf4j-api/1.7.30/slf4j-api-1.7.30.jar:/home/runner/.m2/repository/org/apache/ozone/hdds-server-scm/1.3.0-SNAPSHOT/hdds-server-scm-1.3.0-SNAPSHOT.jar:/home/runner/.m2/repository/org/apache/ozone/hdds-container-service/1.3.0-SNAPSHOT/hdds-container-service-1.3.0-SNAPSHOT.jar:/home/runner/.m2/repository/org/apache/ozone/hdds-hadoop-dependency-server/1.3.0-SNAPSHOT/hdds-hadoop-dependency-server-1.3.0-SNAPSHOT.jar:/home/runner/.m2/repository/org/apache/hadoop/hadoop-hdfs/3.3.1/hadoop-hdfs-3.3.1.jar:/home/runner/.m2/repository/org/apache/ozone/hdds-server-framework/1.3.0-SNAPSHOT/hdds-server-framework-1.3.0-SNAPSHOT.jar:/home/runner/.m2/repository/org/apache/ozone/hdds-interface-server/1.3.0-SNAPSHOT/hdds-interface-server-1.3.0-SNAPSHOT.jar:/home/runner/.m2/repository/org/eclipse/jetty/jetty-servlet/9.4.43.v20210629/jetty-servlet-9.4.43.v20210629.jar:/home/runner/.m2/repository/org/eclipse/jetty/jetty-security/9.4.43.v20210629/jetty-security-9.4.43.v20210629.jar:/home/runner/.m2/repository/org/rocksdb/rocksdbjni/6.25.3/rocksdbjni-6.25.3.jar:/home/runner/.m2/repository/io/prometheus/simpleclient_dropwizard/0.7.0/simpleclient_dropwizard-0.7.0.jar:/home/runner/.m2/repository/io/prometheus/simpleclient/0.7.0/simpleclient-0.7.0.jar:/home/runner/.m2/repository/io/prometheus/simpleclient_common/0.7.0/simpleclient_common-0.7.0.jar:/home/runner/.m2/repository/com/fasterxml/jackson/datatype/jackson-datatype-jsr310/2.12.1/jackson-datatype-jsr310-2.12.1.jar:/home/runner/.m2/repository/io/dropwizard/metrics/metrics-core/3.2.4/metrics-core-3.2.4.jar:/home/runner/.m2/repository/org/apache/hadoop/hadoop-hdfs-client/3.3.1/hadoop-hdfs-client-3.3.1.jar:/home/runner/.m2/repository/org/bouncycastle/bcprov-jdk15on/1.67/bcprov-jdk15on-1.67.jar:/home/runner/.m2/repository/com/google/protobuf/protobuf-java/2.5.0/protobuf-java-2.5.0.jar:/home/runner/.m2/repository/org/apache/ozone/ozone-manager/1.3.0-SNAPSHOT/ozone-manager-1.3.0-SNAPSHOT.jar:/home/runner/.m2/repository/org/aspectj/aspectjrt/1.9.7/aspectjrt-1.9.7.jar:/home/runner/.m2/repository/org/aspectj/aspectjweaver/1.9.7/aspectjweaver-1.9.7.jar:/home/runner/.m2/repository/org/apache/ozone/hdds-interface-client/1.3.0-SNAPSHOT/hdds-interface-client-1.3.0-SNAPSHOT.jar:/home/runner/.m2/repository/org/apache/hadoop/thirdparty/hadoop-shaded-protobuf_3_7/1.1.1/hadoop-shaded-protobuf_3_7-1.1.1.jar:/home/runner/.m2/repository/org/apache/ozone/ozone-interface-storage/1.3.0-SNAPSHOT/ozone-interface-storage-1.3.0-SNAPSHOT.jar:/home/runner/.m2/repository/org/reflections/reflections/0.9.11/reflections-0.9.11.jar:/home/runner/.m2/repository/org/apache/hadoop/hadoop-minikdc/3.3.1/hadoop-minikdc-3.3.1.jar:/home/runner/.m2/repository/org/apache/kerby/kerb-simplekdc/1.0.1/kerb-simplekdc-1.0.1.jar:/home/runner/.m2/repository/org/apache/kerby/kerb-client/1.0.1/kerb-client-1.0.1.jar:/home/runner/.m2/repository/org/apache/kerby/kerby-config/1.0.1/kerby-config-1.0.1.jar:/home/runner/.m2/repository/org/apache/kerby/kerb-common/1.0.1/kerb-common-1.0.1.jar:/home/runner/.m2/repository/org/apache/kerby/kerb-crypto/1.0.1/kerb-crypto-1.0.1.jar:/home/runner/.m2/repository/org/apache/kerby/kerb-util/1.0.1/kerb-util-1.0.1.jar:/home/runner/.m2/repository/org/apache/kerby/token-provider/1.0.1/token-provider-1.0.1.jar:/home/runner/.m2/repository/org/apache/kerby/kerb-admin/1.0.1/kerb-admin-1.0.1.jar:/home/runner/.m2/repository/org/apache/kerby/kerb-server/1.0.1/kerb-server-1.0.1.jar:/home/runner/.m2/repository/org/apache/kerby/kerb-identity/1.0.1/kerb-identity-1.0.1.jar:/home/runner/.m2/repository/org/apache/kerby/kerby-xdr/1.0.1/kerby-xdr-1.0.1.jar:/home/runner/.m2/repository/org/slf4j/slf4j-log4j12/1.7.30/slf4j-log4j12-1.7.30.jar:/home/runner/.m2/repository/org/apache/ozone/ozone-s3gateway/1.3.0-SNAPSHOT/ozone-s3gateway-1.3.0-SNAPSHOT.jar:/home/runner/.m2/repository/org/javassist/javassist/3.21.0-GA/javassist-3.21.0-GA.jar:/home/runner/.m2/repository/org/jboss/weld/servlet/weld-servlet/2.4.7.Final/weld-servlet-2.4.7.Final.jar:/home/runner/.m2/repository/org/glassfish/jersey/containers/jersey-container-servlet-core/2.33/jersey-container-servlet-core-2.33.jar:/home/runner/.m2/repository/org/glassfish/hk2/external/jakarta.inject/2.6.1/jakarta.inject-2.6.1.jar:/home/runner/.m2/repository/org/glassfish/jersey/core/jersey-common/2.33/jersey-common-2.33.jar:/home/runner/.m2/repository/jakarta/ws/rs/jakarta.ws.rs-api/2.1.6/jakarta.ws.rs-api-2.1.6.jar:/home/runner/.m2/repository/org/glassfish/jersey/ext/cdi/jersey-cdi1x/2.33/jersey-cdi1x-2.33.jar:/home/runner/.m2/repository/org/glassfish/jersey/inject/jersey-hk2/2.33/jersey-hk2-2.33.jar:/home/runner/.m2/repository/org/glassfish/hk2/hk2-locator/2.6.1/hk2-locator-2.6.1.jar:/home/runner/.m2/repository/org/glassfish/jersey/media/jersey-media-jaxb/2.33/jersey-media-jaxb-2.33.jar:/home/runner/.m2/repository/org/glassfish/hk2/osgi-resource-locator/1.0.3/osgi-resource-locator-1.0.3.jar:/home/runner/.m2/repository/org/glassfish/hk2/hk2-api/2.5.0/hk2-api-2.5.0.jar:/home/runner/.m2/repository/org/glassfish/hk2/hk2-utils/2.5.0/hk2-utils-2.5.0.jar:/home/runner/.m2/repository/org/glassfish/hk2/external/aopalliance-repackaged/2.5.0/aopalliance-repackaged-2.5.0.jar:/home/runner/.m2/repository/com/fasterxml/jackson/dataformat/jackson-dataformat-xml/2.12.1/jackson-dataformat-xml-2.12.1.jar:/home/runner/.m2/repository/com/fasterxml/jackson/core/jackson-core/2.12.1/jackson-core-2.12.1.jar:/home/runner/.m2/repository/com/fasterxml/jackson/module/jackson-module-jaxb-annotations/2.12.1/jackson-module-jaxb-annotations-2.12.1.jar:/home/runner/.m2/repository/jakarta/xml/bind/jakarta.xml.bind-api/2.3.2/jakarta.xml.bind-api-2.3.2.jar:/home/runner/.m2/repository/org/codehaus/woodstox/stax2-api/3.1.4/stax2-api-3.1.4.jar:/home/runner/.m2/repository/com/fasterxml/woodstox/woodstox-core/5.0.3/woodstox-core-5.0.3.jar:/home/runner/.m2/repository/javax/enterprise/cdi-api/1.2/cdi-api-1.2.jar:/home/runner/.m2/repository/javax/el/javax.el-api/3.0.0/javax.el-api-3.0.0.jar:/home/runner/.m2/repository/javax/interceptor/javax.interceptor-api/1.2/javax.interceptor-api-1.2.jar:/home/runner/.m2/repository/javax/inject/javax.inject/1/javax.inject-1.jar:/home/runner/.m2/repository/javax/xml/bind/jaxb-api/2.3.0/jaxb-api-2.3.0.jar:/home/runner/.m2/repository/org/glassfish/jaxb/jaxb-runtime/2.3.0.1/jaxb-runtime-2.3.0.1.jar:/home/runner/.m2/repository/org/glassfish/jaxb/jaxb-core/2.3.0.1/jaxb-core-2.3.0.1.jar:/home/runner/.m2/repository/org/glassfish/jaxb/txw2/2.3.0.1/txw2-2.3.0.1.jar:/home/runner/.m2/repository/com/sun/istack/istack-commons-runtime/3.0.5/istack-commons-runtime-3.0.5.jar:/home/runner/.m2/repository/org/jvnet/staxex/stax-ex/1.7.8/stax-ex-1.7.8.jar:/home/runner/.m2/repository/com/sun/xml/fastinfoset/FastInfoset/1.2.13/FastInfoset-1.2.13.jar:/home/runner/.m2/repository/javax/activation/activation/1.1.1/activation-1.1.1.jar:/home/runner/.m2/repository/org/apache/ozone/ozone-csi/1.3.0-SNAPSHOT/ozone-csi-1.3.0-SNAPSHOT.jar:/home/runner/.m2/repository/com/google/protobuf/protobuf-java-util/3.12.0/protobuf-java-util-3.12.0.jar:/home/runner/.m2/repository/com/google/code/gson/gson/2.2.4/gson-2.2.4.jar:/home/runner/.m2/repository/org/apache/ozone/hdds-config/1.3.0-SNAPSHOT/hdds-config-1.3.0-SNAPSHOT.jar:/home/runner/.m2/repository/io/grpc/grpc-netty/1.33.0/grpc-netty-1.33.0.jar:/home/runner/.m2/repository/io/grpc/grpc-core/1.33.0/grpc-core-1.33.0.jar:/home/runner/.m2/repository/com/google/android/annotations/4.1.1.4/annotations-4.1.1.4.jar:/home/runner/.m2/repository/io/netty/netty-codec-http2/4.1.63.Final/netty-codec-http2-4.1.63.Final.jar:/home/runner/.m2/repository/io/netty/netty-codec-http/4.1.63.Final/netty-codec-http-4.1.63.Final.jar:/home/runner/.m2/repository/io/netty/netty-handler-proxy/4.1.63.Final/netty-handler-proxy-4.1.63.Final.jar:/home/runner/.m2/repository/io/netty/netty-codec-socks/4.1.63.Final/netty-codec-socks-4.1.63.Final.jar:/home/runner/.m2/repository/io/perfmark/perfmark-api/0.19.0/perfmark-api-0.19.0.jar:/home/runner/.m2/repository/org/codehaus/mojo/animal-sniffer-annotations/1.18/animal-sniffer-annotations-1.18.jar:/home/runner/.m2/repository/io/netty/netty-transport-native-epoll/4.1.63.Final/netty-transport-native-epoll-4.1.63.Final.jar:/home/runner/.m2/repository/io/netty/netty-common/4.1.63.Final/netty-common-4.1.63.Final.jar:/home/runner/.m2/repository/io/netty/netty-buffer/4.1.63.Final/netty-buffer-4.1.63.Final.jar:/home/runner/.m2/repository/io/netty/netty-transport-native-unix-common/4.1.63.Final/netty-transport-native-unix-common-4.1.63.Final.jar:/home/runner/.m2/repository/io/grpc/grpc-protobuf/1.33.0/grpc-protobuf-1.33.0.jar:/home/runner/.m2/repository/io/grpc/grpc-api/1.33.0/grpc-api-1.33.0.jar:/home/runner/.m2/repository/io/grpc/grpc-context/1.33.0/grpc-context-1.33.0.jar:/home/runner/.m2/repository/com/google/api/grpc/proto-google-common-protos/1.17.0/proto-google-common-protos-1.17.0.jar:/home/runner/.m2/repository/io/grpc/grpc-protobuf-lite/1.33.0/grpc-protobuf-lite-1.33.0.jar:/home/runner/.m2/repository/io/grpc/grpc-stub/1.33.0/grpc-stub-1.33.0.jar:/home/runner/.m2/repository/org/apache/ozone/ozone-recon/1.3.0-SNAPSHOT/ozone-recon-1.3.0-SNAPSHOT.jar:/home/runner/.m2/repository/org/apache/ozone/ozone-reconcodegen/1.3.0-SNAPSHOT/ozone-reconcodegen-1.3.0-SNAPSHOT.jar:/home/runner/.m2/repository/com/google/inject/extensions/guice-multibindings/4.0/guice-multibindings-4.0.jar:/home/runner/.m2/repository/com/google/inject/guice/4.0/guice-4.0.jar:/home/runner/.m2/repository/aopalliance/aopalliance/1.0/aopalliance-1.0.jar:/home/runner/.m2/repository/com/google/inject/extensions/guice-assistedinject/4.0/guice-assistedinject-4.0.jar:/home/runner/.m2/repository/com/google/inject/extensions/guice-servlet/4.0/guice-servlet-4.0.jar:/home/runner/.m2/repository/org/glassfish/jersey/containers/jersey-container-servlet/2.33/jersey-container-servlet-2.33.jar:/home/runner/.m2/repository/org/glassfish/hk2/guice-bridge/2.5.0/guice-bridge-2.5.0.jar:/home/runner/.m2/repository/org/glassfish/jersey/core/jersey-server/2.33/jersey-server-2.33.jar:/home/runner/.m2/repository/org/glassfish/jersey/core/jersey-client/2.33/jersey-client-2.33.jar:/home/runner/.m2/repository/jakarta/annotation/jakarta.annotation-api/1.3.5/jakarta.annotation-api-1.3.5.jar:/home/runner/.m2/repository/jakarta/validation/jakarta.validation-api/2.0.2/jakarta.validation-api-2.0.2.jar:/home/runner/.m2/repository/org/glassfish/jersey/media/jersey-media-json-jackson/2.33/jersey-media-json-jackson-2.33.jar:/home/runner/.m2/repository/org/glassfish/jersey/ext/jersey-entity-filtering/2.33/jersey-entity-filtering-2.33.jar:/home/runner/.m2/repository/org/jooq/jooq/3.11.10/jooq-3.11.10.jar:/home/runner/.m2/repository/org/jooq/jooq-meta/3.11.10/jooq-meta-3.11.10.jar:/home/runner/.m2/repository/org/jooq/jooq-codegen/3.11.10/jooq-codegen-3.11.10.jar:/home/runner/.m2/repository/com/jolbox/bonecp/0.8.0.RELEASE/bonecp-0.8.0.RELEASE.jar:/home/runner/.m2/repository/org/apache/derby/derby/10.14.2.0/derby-10.14.2.0.jar:/home/runner/.m2/repository/org/xerial/sqlite-jdbc/3.25.2/sqlite-jdbc-3.25.2.jar:/home/runner/.m2/repository/org/springframework/spring-jdbc/5.2.18.RELEASE/spring-jdbc-5.2.18.RELEASE.jar:/home/runner/.m2/repository/org/springframework/spring-beans/5.2.18.RELEASE/spring-beans-5.2.18.RELEASE.jar:/home/runner/.m2/repository/org/springframework/spring-core/5.2.18.RELEASE/spring-core-5.2.18.RELEASE.jar:/home/runner/.m2/repository/org/springframework/spring-jcl/5.2.18.RELEASE/spring-jcl-5.2.18.RELEASE.jar:/home/runner/.m2/repository/org/springframework/spring-tx/5.2.18.RELEASE/spring-tx-5.2.18.RELEASE.jar:/home/runner/.m2/repository/org/apache/ozone/ozone-client/1.3.0-SNAPSHOT/ozone-client-1.3.0-SNAPSHOT.jar:/home/runner/.m2/repository/org/apache/ozone/ozone-filesystem/1.3.0-SNAPSHOT/ozone-filesystem-1.3.0-SNAPSHOT.jar:/home/runner/.m2/repository/org/apache/ozone/ozone-filesystem-common/1.3.0-SNAPSHOT/ozone-filesystem-common-1.3.0-SNAPSHOT.jar:/home/runner/.m2/repository/org/apache/ozone/ozone-tools/1.3.0-SNAPSHOT/ozone-tools-1.3.0-SNAPSHOT.jar:/home/runner/.m2/repository/org/apache/ratis/ratis-tools/2.2.0/ratis-tools-2.2.0.jar:/home/runner/.m2/repository/com/amazonaws/aws-java-sdk-core/1.12.124/aws-java-sdk-core-1.12.124.jar:/home/runner/.m2/repository/org/apache/httpcomponents/httpclient/4.5.13/httpclient-4.5.13.jar:/home/runner/.m2/repository/org/apache/httpcomponents/httpcore/4.4.13/httpcore-4.4.13.jar:/home/runner/.m2/repository/software/amazon/ion/ion-java/1.0.2/ion-java-1.0.2.jar:/home/runner/.m2/repository/com/fasterxml/jackson/dataformat/jackson-dataformat-cbor/2.12.1/jackson-dataformat-cbor-2.12.1.jar:/home/runner/.m2/repository/joda-time/joda-time/2.8.1/joda-time-2.8.1.jar:/home/runner/.m2/repository/com/amazonaws/aws-java-sdk-s3/1.12.124/aws-java-sdk-s3-1.12.124.jar:/home/runner/.m2/repository/com/amazonaws/aws-java-sdk-kms/1.12.124/aws-java-sdk-kms-1.12.124.jar:/home/runner/.m2/repository/com/amazonaws/jmespath-java/1.12.124/jmespath-java-1.12.124.jar:/home/runner/.m2/repository/org/kohsuke/metainf-services/metainf-services/1.8/metainf-services-1.8.jar:/home/runner/.m2/repository/org/apache/ozone/hdds-tools/1.3.0-SNAPSHOT/hdds-tools-1.3.0-SNAPSHOT.jar:/home/runner/.m2/repository/commons-cli/commons-cli/1.2/commons-cli-1.2.jar:/home/runner/.m2/repository/org/apache/commons/commons-lang3/3.7/commons-lang3-3.7.jar:/home/runner/.m2/repository/org/apache/ozone/ozone-manager/1.3.0-SNAPSHOT/ozone-manager-1.3.0-SNAPSHOT-tests.jar:/home/runner/.m2/repository/org/apache/ozone/hdds-common/1.3.0-SNAPSHOT/hdds-common-1.3.0-SNAPSHOT-tests.jar:/home/runner/.m2/repository/org/apache/ozone/hdds-hadoop-dependency-client/1.3.0-SNAPSHOT/hdds-hadoop-dependency-client-1.3.0-SNAPSHOT.jar:/home/runner/.m2/repository/info/picocli/picocli/4.6.1/picocli-4.6.1.jar:/home/runner/.m2/repository/com/fasterxml/jackson/core/jackson-annotations/2.12.1/jackson-annotations-2.12.1.jar:/home/runner/.m2/repository/javax/annotation/javax.annotation-api/1.2/javax.annotation-api-1.2.jar:/home/runner/.m2/repository/org/apache/ratis/ratis-server/2.2.0/ratis-server-2.2.0.jar:/home/runner/.m2/repository/org/apache/ratis/ratis-client/2.2.0/ratis-client-2.2.0.jar:/home/runner/.m2/repository/org/apache/ratis/ratis-server-api/2.2.0/ratis-server-api-2.2.0.jar:/home/runner/.m2/repository/org/apache/ratis/ratis-metrics/2.2.0/ratis-metrics-2.2.0.jar:/home/runner/.m2/repository/org/apache/ratis/ratis-netty/2.2.0/ratis-netty-2.2.0.jar:/home/runner/.m2/repository/org/apache/ratis/ratis-grpc/2.2.0/ratis-grpc-2.2.0.jar:/home/runner/.m2/repository/org/apache/logging/log4j/log4j-api/2.17.1/log4j-api-2.17.1.jar:/home/runner/.m2/repository/org/apache/logging/log4j/log4j-core/2.17.1/log4j-core-2.17.1.jar:/home/runner/.m2/repository/com/lmax/disruptor/3.4.2/disruptor-3.4.2.jar:/home/runner/.m2/repository/org/apache/commons/commons-pool2/2.6.0/commons-pool2-2.6.0.jar:/home/runner/.m2/repository/org/bouncycastle/bcpkix-jdk15on/1.67/bcpkix-jdk15on-1.67.jar:/home/runner/.m2/repository/commons-validator/commons-validator/1.6/commons-validator-1.6.jar:/home/runner/.m2/repository/commons-beanutils/commons-beanutils/1.9.4/commons-beanutils-1.9.4.jar:/home/runner/.m2/repository/commons-digester/commons-digester/1.8.1/commons-digester-1.8.1.jar:/home/runner/.m2/repository/commons-collections/commons-collections/3.2.2/commons-collections-3.2.2.jar:/home/runner/.m2/repository/io/jaegertracing/jaeger-client/1.6.0/jaeger-client-1.6.0.jar:/home/runner/.m2/repository/io/jaegertracing/jaeger-thrift/1.6.0/jaeger-thrift-1.6.0.jar:/home/runner/.m2/repository/org/apache/thrift/libthrift/0.14.1/libthrift-0.14.1.jar:/home/runner/.m2/repository/com/squareup/okhttp3/okhttp/4.9.0/okhttp-4.9.0.jar:/home/runner/.m2/repository/com/squareup/okio/okio/2.8.0/okio-2.8.0.jar:/home/runner/.m2/repository/io/jaegertracing/jaeger-core/1.6.0/jaeger-core-1.6.0.jar:/home/runner/.m2/repository/io/jaegertracing/jaeger-tracerresolver/1.6.0/jaeger-tracerresolver-1.6.0.jar:/home/runner/.m2/repository/io/opentracing/contrib/opentracing-tracerresolver/0.1.8/opentracing-tracerresolver-0.1.8.jar:/home/runner/.m2/repository/org/jetbrains/kotlin/kotlin-stdlib/1.4.31/kotlin-stdlib-1.4.31.jar:/home/runner/.m2/repository/org/jetbrains/kotlin/kotlin-stdlib-common/1.4.31/kotlin-stdlib-common-1.4.31.jar:/home/runner/.m2/repository/org/jetbrains/annotations/13.0/annotations-13.0.jar:/home/runner/.m2/repository/io/opentracing/opentracing-util/0.33.0/opentracing-util-0.33.0.jar:/home/runner/.m2/repository/io/opentracing/opentracing-api/0.33.0/opentracing-api-0.33.0.jar:/home/runner/.m2/repository/io/opentracing/opentracing-noop/0.33.0/opentracing-noop-0.33.0.jar:/home/runner/.m2/repository/org/yaml/snakeyaml/1.26/snakeyaml-1.26.jar:/home/runner/.m2/repository/org/apache/ozone/hdds-interface-admin/1.3.0-SNAPSHOT/hdds-interface-admin-1.3.0-SNAPSHOT.jar:/home/runner/.m2/repository/junit/junit/4.13.1/junit-4.13.1.jar:/home/runner/.m2/repository/org/hamcrest/hamcrest-core/1.3/hamcrest-core-1.3.jar:/home/runner/.m2/repository/org/junit/jupiter/junit-jupiter-api/5.7.0/junit-jupiter-api-5.7.0.jar:/home/runner/.m2/repository/org/apiguardian/apiguardian-api/1.1.0/apiguardian-api-1.1.0.jar:/home/runner/.m2/repository/org/opentest4j/opentest4j/1.2.0/opentest4j-1.2.0.jar:/home/runner/.m2/repository/org/junit/platform/junit-platform-commons/1.7.0/junit-platform-commons-1.7.0.jar:/home/runner/.m2/repository/org/junit/jupiter/junit-jupiter-engine/5.7.0/junit-jupiter-engine-5.7.0.jar:/home/runner/.m2/repository/org/junit/platform/junit-platform-engine/1.7.0/junit-platform-engine-1.7.0.jar:/home/runner/.m2/repository/org/junit/vintage/junit-vintage-engine/5.7.0/junit-vintage-engine-5.7.0.jar:/home/runner/.m2/repository/org/junit/platform/junit-platform-launcher/1.7.0/junit-platform-launcher-1.7.0.jar:/home/runner/.m2/repository/org/openjdk/jmh/jmh-core/1.19/jmh-core-1.19.jar:/home/runner/.m2/repository/net/sf/jopt-simple/jopt-simple/4.6/jopt-simple-4.6.jar:/home/runner/.m2/repository/org/apache/commons/commons-math3/3.1.1/commons-math3-3.1.1.jar:/home/runner/.m2/repository/org/openjdk/jmh/jmh-generator-annprocess/1.19/jmh-generator-annprocess-1.19.jar:/home/runner/.m2/repository/org/mockito/mockito-core/2.28.2/mockito-core-2.28.2.jar:/home/runner/.m2/repository/net/bytebuddy/byte-buddy/1.9.10/byte-buddy-1.9.10.jar:/home/runner/.m2/repository/net/bytebuddy/byte-buddy-agent/1.9.10/byte-buddy-agent-1.9.10.jar:/home/runner/.m2/repository/org/objenesis/objenesis/1.0/objenesis-1.0.jar:/home/runner/.m2/repository/org/apache/hadoop/hadoop-kms/3.3.1/hadoop-kms-3.3.1.jar:/home/runner/.m2/repository/org/apache/hadoop/hadoop-auth/3.3.1/hadoop-auth-3.3.1.jar:/home/runner/.m2/repository/com/nimbusds/nimbus-jose-jwt/7.9/nimbus-jose-jwt-7.9.jar:/home/runner/.m2/repository/com/github/stephenc/jcip/jcip-annotations/1.0-1/jcip-annotations-1.0-1.jar:/home/runner/.m2/repository/net/minidev/json-smart/2.3.1/json-smart-2.3.1.jar:/home/runner/.m2/repository/net/minidev/accessors-smart/2.3.1/accessors-smart-2.3.1.jar:/home/runner/.m2/repository/org/ow2/asm/asm/5.0.4/asm-5.0.4.jar:/home/runner/.m2/repository/org/apache/zookeeper/zookeeper/3.5.6/zookeeper-3.5.6.jar:/home/runner/.m2/repository/org/apache/zookeeper/zookeeper-jute/3.5.6/zookeeper-jute-3.5.6.jar:/home/runner/.m2/repository/org/apache/yetus/audience-annotations/0.5.0/audience-annotations-0.5.0.jar:/home/runner/.m2/repository/org/apache/curator/curator-framework/4.2.0/curator-framework-4.2.0.jar:/home/runner/.m2/repository/org/apache/hadoop/thirdparty/hadoop-shaded-guava/1.1.1/hadoop-shaded-guava-1.1.1.jar:/home/runner/.m2/repository/com/sun/jersey/jersey-core/1.19/jersey-core-1.19.jar:/home/runner/.m2/repository/javax/ws/rs/jsr311-api/1.1.1/jsr311-api-1.1.1.jar:/home/runner/.m2/repository/com/sun/jersey/jersey-server/1.19/jersey-server-1.19.jar:/home/runner/.m2/repository/javax/servlet/javax.servlet-api/3.1.0/javax.servlet-api-3.1.0.jar:/home/runner/.m2/repository/org/eclipse/jetty/jetty-server/9.4.43.v20210629/jetty-server-9.4.43.v20210629.jar:/home/runner/.m2/repository/org/eclipse/jetty/jetty-http/9.4.43.v20210629/jetty-http-9.4.43.v20210629.jar:/home/runner/.m2/repository/org/eclipse/jetty/jetty-io/9.4.43.v20210629/jetty-io-9.4.43.v20210629.jar:/home/runner/.m2/repository/org/eclipse/jetty/jetty-webapp/9.4.43.v20210629/jetty-webapp-9.4.43.v20210629.jar:/home/runner/.m2/repository/org/eclipse/jetty/jetty-xml/9.4.43.v20210629/jetty-xml-9.4.43.v20210629.jar:/home/runner/.m2/repository/org/apache/hadoop/hadoop-common/3.3.1/hadoop-common-3.3.1.jar:/home/runner/.m2/repository/commons-net/commons-net/3.6/commons-net-3.6.jar:/home/runner/.m2/repository/jakarta/activation/jakarta.activation-api/1.2.1/jakarta.activation-api-1.2.1.jar:/home/runner/.m2/repository/com/sun/jersey/jersey-servlet/1.19/jersey-servlet-1.19.jar:/home/runner/.m2/repository/com/sun/jersey/jersey-json/1.19/jersey-json-1.19.jar:/home/runner/.m2/repository/org/codehaus/jettison/jettison/1.1/jettison-1.1.jar:/home/runner/.m2/repository/com/sun/xml/bind/jaxb-impl/2.2.3-1/jaxb-impl-2.2.3-1.jar:/home/runner/.m2/repository/org/codehaus/jackson/jackson-jaxrs/1.9.2/jackson-jaxrs-1.9.2.jar:/home/runner/.m2/repository/org/codehaus/jackson/jackson-xc/1.9.2/jackson-xc-1.9.2.jar:/home/runner/.m2/repository/org/apache/commons/commons-configuration2/2.1.1/commons-configuration2-2.1.1.jar:/home/runner/.m2/repository/org/apache/commons/commons-text/1.4/commons-text-1.4.jar:/home/runner/.m2/repository/com/google/re2j/re2j/1.1/re2j-1.1.jar:/home/runner/.m2/repository/com/jcraft/jsch/0.1.54/jsch-0.1.54.jar:/home/runner/.m2/repository/org/apache/curator/curator-client/4.2.0/curator-client-4.2.0.jar:/home/runner/.m2/repository/org/apache/curator/curator-recipes/4.2.0/curator-recipes-4.2.0.jar:/home/runner/.m2/repository/org/apache/kerby/kerb-core/1.0.1/kerb-core-1.0.1.jar:/home/runner/.m2/repository/org/apache/kerby/kerby-pkix/1.0.1/kerby-pkix-1.0.1.jar:/home/runner/.m2/repository/org/apache/kerby/kerby-asn1/1.0.1/kerby-asn1-1.0.1.jar:/home/runner/.m2/repository/org/apache/kerby/kerby-util/1.0.1/kerby-util-1.0.1.jar:/home/runner/.m2/repository/dnsjava/dnsjava/2.1.7/dnsjava-2.1.7.jar:/home/runner/.m2/repository/org/xerial/snappy/snappy-java/1.1.8.2/snappy-java-1.1.8.2.jar:/home/runner/.m2/repository/org/slf4j/jul-to-slf4j/1.7.30/jul-to-slf4j-1.7.30.jar:/home/runner/.m2/repository/org/eclipse/jetty/jetty-util/9.4.43.v20210629/jetty-util-9.4.43.v20210629.jar:/home/runner/.m2/repository/com/fasterxml/jackson/core/jackson-databind/2.12.1/jackson-databind-2.12.1.jar:/home/runner/.m2/repository/org/apache/hadoop/hadoop-kms/3.3.1/hadoop-kms-3.3.1-tests.jar:/home/runner/.m2/repository/org/apache/ozone/hdds-server-scm/1.3.0-SNAPSHOT/hdds-server-scm-1.3.0-SNAPSHOT-tests.jar:/home/runner/.m2/repository/org/apache/ozone/hdds-container-service/1.3.0-SNAPSHOT/hdds-container-service-1.3.0-SNAPSHOT-tests.jar:/home/runner/.m2/repository/commons-codec/commons-codec/1.11/commons-codec-1.11.jar:/home/runner/.m2/repository/io/netty/netty-transport/4.1.63.Final/netty-transport-4.1.63.Final.jar:/home/runner/.m2/repository/io/netty/netty-resolver/4.1.63.Final/netty-resolver-4.1.63.Final.jar:/home/runner/.m2/repository/io/netty/netty-codec/4.1.63.Final/netty-codec-4.1.63.Final.jar:/home/runner/.m2/repository/io/netty/netty-handler/4.1.63.Final/netty-handler-4.1.63.Final.jar:/home/runner/.m2/repository/org/apache/ozone/hdds-hadoop-dependency-test/1.3.0-SNAPSHOT/hdds-hadoop-dependency-test-1.3.0-SNAPSHOT.jar:/home/runner/.m2/repository/org/apache/hadoop/hadoop-common/3.3.1/hadoop-common-3.3.1-tests.jar:/home/runner/.m2/repository/org/assertj/assertj-core/3.12.2/assertj-core-3.12.2.jar:/home/runner/.m2/repository/org/apache/hadoop/hadoop-hdfs/3.3.1/hadoop-hdfs-3.3.1-tests.jar:/home/runner/.m2/repository/org/eclipse/jetty/jetty-util-ajax/9.4.43.v20210629/jetty-util-ajax-9.4.43.v20210629.jar:/home/runner/.m2/repository/commons-daemon/commons-daemon/1.0.13/commons-daemon-1.0.13.jar:/home/runner/.m2/repository/io/netty/netty/3.10.6.Final/netty-3.10.6.Final.jar:/home/runner/.m2/repository/io/netty/netty-all/4.1.63.Final/netty-all-4.1.63.Final.jar:/home/runner/.m2/repository/org/apache/htrace/htrace-core4/4.1.0-incubating/htrace-core4-4.1.0-incubating.jar:/home/runner/.m2/repository/org/fusesource/leveldbjni/leveldbjni-all/1.8/leveldbjni-all-1.8.jar:/home/runner/.m2/repository/org/apache/hadoop/hadoop-distcp/3.3.1/hadoop-distcp-3.3.1.jar:/home/runner/.m2/repository/org/apache/hadoop/hadoop-mapreduce-client-jobclient/3.3.1/hadoop-mapreduce-client-jobclient-3.3.1.jar:/home/runner/.m2/repository/org/apache/hadoop/hadoop-mapreduce-client-common/3.3.1/hadoop-mapreduce-client-common-3.3.1.jar:/home/runner/.m2/repository/org/apache/hadoop/hadoop-yarn-common/3.3.1/hadoop-yarn-common-3.3.1.jar:/home/runner/.m2/repository/org/apache/hadoop/hadoop-yarn-api/3.3.1/hadoop-yarn-api-3.3.1.jar:/home/runner/.m2/repository/com/sun/jersey/jersey-client/1.19/jersey-client-1.19.jar:/home/runner/.m2/repository/com/sun/jersey/contribs/jersey-guice/1.19/jersey-guice-1.19.jar:/home/runner/.m2/repository/com/fasterxml/jackson/jaxrs/jackson-jaxrs-json-provider/2.12.1/jackson-jaxrs-json-provider-2.12.1.jar:/home/runner/.m2/repository/com/fasterxml/jackson/jaxrs/jackson-jaxrs-base/2.12.1/jackson-jaxrs-base-2.12.1.jar:/home/runner/.m2/repository/org/apache/hadoop/hadoop-yarn-client/3.3.1/hadoop-yarn-client-3.3.1.jar:/home/runner/.m2/repository/org/eclipse/jetty/websocket/websocket-client/9.4.40.v20210413/websocket-client-9.4.40.v20210413.jar:/home/runner/.m2/repository/org/eclipse/jetty/jetty-client/9.4.40.v20210413/jetty-client-9.4.40.v20210413.jar:/home/runner/.m2/repository/org/eclipse/jetty/websocket/websocket-common/9.4.40.v20210413/websocket-common-9.4.40.v20210413.jar:/home/runner/.m2/repository/org/eclipse/jetty/websocket/websocket-api/9.4.40.v20210413/websocket-api-9.4.40.v20210413.jar:/home/runner/.m2/repository/org/jline/jline/3.9.0/jline-3.9.0.jar:/home/runner/.m2/repository/org/apache/hadoop/hadoop-mapreduce-client-core/3.3.1/hadoop-mapreduce-client-core-3.3.1.jar:/home/runner/.m2/repository/org/apache/avro/avro/1.7.7/avro-1.7.7.jar:/home/runner/.m2/repository/org/codehaus/jackson/jackson-core-asl/1.9.13/jackson-core-asl-1.9.13.jar:/home/runner/.m2/repository/org/codehaus/jackson/jackson-mapper-asl/1.9.13/jackson-mapper-asl-1.9.13.jar:/home/runner/.m2/repository/com/thoughtworks/paranamer/paranamer/2.3/paranamer-2.3.jar:/home/runner/.m2/repository/org/apache/hadoop/hadoop-annotations/3.3.1/hadoop-annotations-3.3.1.jar:/usr/lib/jvm/adoptopenjdk-8-hotspot-amd64/jre/../lib/tools.jar:/home/runner/.m2/repository/org/apache/hadoop/hadoop-distcp/3.3.1/hadoop-distcp-3.3.1-tests.jar:/home/runner/.m2/repository/org/apache/ratis/ratis-common/2.2.0/ratis-common-2.2.0.jar:/home/runner/.m2/repository/org/apache/ratis/ratis-thirdparty-misc/0.7.0/ratis-thirdparty-misc-0.7.0.jar:/home/runner/.m2/repository/org/apache/ratis/ratis-proto/2.2.0/ratis-proto-2.2.0.jar:"/>
    <property name="java.vm.vendor" value="AdoptOpenJDK"/>
    <property name="sun.arch.data.model" value="64"/>
    <property name="test.build.dir" value="/home/runner/work/ozone/ozone/hadoop-ozone/integration-test/target/test-dir"/>
    <property name="test.cache.data" value=""/>
    <property name="java.vendor.url" value="https://adoptopenjdk.net/"/>
    <property name="user.timezone" value=""/>
    <property name="java.vm.specification.version" value="1.8"/>
    <property name="os.name" value="Linux"/>
    <property name="test.build.data" value="/home/runner/work/ozone/ozone/hadoop-ozone/integration-test/target/test-dir"/>
    <property name="sun.java.launcher" value="SUN_STANDARD"/>
    <property name="sun.boot.library.path" value="/usr/lib/jvm/adoptopenjdk-8-hotspot-amd64/jre/lib/amd64"/>
    <property name="sun.java.command" value="/home/runner/work/ozone/ozone/hadoop-ozone/integration-test/target/surefire/surefirebooter8393823588599106607.jar /home/runner/work/ozone/ozone/hadoop-ozone/integration-test/target/surefire 2022-01-13T06-03-56_661-jvmRun1 surefire8846227526401579295tmp surefire_427901555533538185663tmp"/>
    <property name="surefire.test.class.path" value="/home/runner/work/ozone/ozone/hadoop-ozone/integration-test/target/test-classes:/home/runner/work/ozone/ozone/hadoop-ozone/integration-test/target/classes:/home/runner/.m2/repository/org/apache/ozone/ozone-common/1.3.0-SNAPSHOT/ozone-common-1.3.0-SNAPSHOT.jar:/home/runner/.m2/repository/org/apache/commons/commons-compress/1.21/commons-compress-1.21.jar:/home/runner/.m2/repository/org/apache/ozone/hdds-common/1.3.0-SNAPSHOT/hdds-common-1.3.0-SNAPSHOT.jar:/home/runner/.m2/repository/org/apache/ozone/hdds-client/1.3.0-SNAPSHOT/hdds-client-1.3.0-SNAPSHOT.jar:/home/runner/.m2/repository/org/apache/ozone/ozone-interface-client/1.3.0-SNAPSHOT/ozone-interface-client-1.3.0-SNAPSHOT.jar:/home/runner/.m2/repository/org/apache/ozone/hdds-test-utils/1.3.0-SNAPSHOT/hdds-test-utils-1.3.0-SNAPSHOT.jar:/home/runner/.m2/repository/com/google/guava/guava/30.1.1-jre/guava-30.1.1-jre.jar:/home/runner/.m2/repository/com/google/guava/failureaccess/1.0.1/failureaccess-1.0.1.jar:/home/runner/.m2/repository/com/google/guava/listenablefuture/9999.0-empty-to-avoid-conflict-with-guava/listenablefuture-9999.0-empty-to-avoid-conflict-with-guava.jar:/home/runner/.m2/repository/com/google/code/findbugs/jsr305/3.0.0/jsr305-3.0.0.jar:/home/runner/.m2/repository/org/checkerframework/checker-qual/3.8.0/checker-qual-3.8.0.jar:/home/runner/.m2/repository/com/google/errorprone/error_prone_annotations/2.2.0/error_prone_annotations-2.2.0.jar:/home/runner/.m2/repository/com/google/j2objc/j2objc-annotations/1.3/j2objc-annotations-1.3.jar:/home/runner/.m2/repository/commons-io/commons-io/2.11.0/commons-io-2.11.0.jar:/home/runner/.m2/repository/commons-logging/commons-logging/1.2/commons-logging-1.2.jar:/home/runner/.m2/repository/log4j/log4j/1.2.17/log4j-1.2.17.jar:/home/runner/.m2/repository/org/slf4j/slf4j-api/1.7.30/slf4j-api-1.7.30.jar:/home/runner/.m2/repository/org/apache/ozone/hdds-server-scm/1.3.0-SNAPSHOT/hdds-server-scm-1.3.0-SNAPSHOT.jar:/home/runner/.m2/repository/org/apache/ozone/hdds-container-service/1.3.0-SNAPSHOT/hdds-container-service-1.3.0-SNAPSHOT.jar:/home/runner/.m2/repository/org/apache/ozone/hdds-hadoop-dependency-server/1.3.0-SNAPSHOT/hdds-hadoop-dependency-server-1.3.0-SNAPSHOT.jar:/home/runner/.m2/repository/org/apache/hadoop/hadoop-hdfs/3.3.1/hadoop-hdfs-3.3.1.jar:/home/runner/.m2/repository/org/apache/ozone/hdds-server-framework/1.3.0-SNAPSHOT/hdds-server-framework-1.3.0-SNAPSHOT.jar:/home/runner/.m2/repository/org/apache/ozone/hdds-interface-server/1.3.0-SNAPSHOT/hdds-interface-server-1.3.0-SNAPSHOT.jar:/home/runner/.m2/repository/org/eclipse/jetty/jetty-servlet/9.4.43.v20210629/jetty-servlet-9.4.43.v20210629.jar:/home/runner/.m2/repository/org/eclipse/jetty/jetty-security/9.4.43.v20210629/jetty-security-9.4.43.v20210629.jar:/home/runner/.m2/repository/org/rocksdb/rocksdbjni/6.25.3/rocksdbjni-6.25.3.jar:/home/runner/.m2/repository/io/prometheus/simpleclient_dropwizard/0.7.0/simpleclient_dropwizard-0.7.0.jar:/home/runner/.m2/repository/io/prometheus/simpleclient/0.7.0/simpleclient-0.7.0.jar:/home/runner/.m2/repository/io/prometheus/simpleclient_common/0.7.0/simpleclient_common-0.7.0.jar:/home/runner/.m2/repository/com/fasterxml/jackson/datatype/jackson-datatype-jsr310/2.12.1/jackson-datatype-jsr310-2.12.1.jar:/home/runner/.m2/repository/io/dropwizard/metrics/metrics-core/3.2.4/metrics-core-3.2.4.jar:/home/runner/.m2/repository/org/apache/hadoop/hadoop-hdfs-client/3.3.1/hadoop-hdfs-client-3.3.1.jar:/home/runner/.m2/repository/org/bouncycastle/bcprov-jdk15on/1.67/bcprov-jdk15on-1.67.jar:/home/runner/.m2/repository/com/google/protobuf/protobuf-java/2.5.0/protobuf-java-2.5.0.jar:/home/runner/.m2/repository/org/apache/ozone/ozone-manager/1.3.0-SNAPSHOT/ozone-manager-1.3.0-SNAPSHOT.jar:/home/runner/.m2/repository/org/aspectj/aspectjrt/1.9.7/aspectjrt-1.9.7.jar:/home/runner/.m2/repository/org/aspectj/aspectjweaver/1.9.7/aspectjweaver-1.9.7.jar:/home/runner/.m2/repository/org/apache/ozone/hdds-interface-client/1.3.0-SNAPSHOT/hdds-interface-client-1.3.0-SNAPSHOT.jar:/home/runner/.m2/repository/org/apache/hadoop/thirdparty/hadoop-shaded-protobuf_3_7/1.1.1/hadoop-shaded-protobuf_3_7-1.1.1.jar:/home/runner/.m2/repository/org/apache/ozone/ozone-interface-storage/1.3.0-SNAPSHOT/ozone-interface-storage-1.3.0-SNAPSHOT.jar:/home/runner/.m2/repository/org/reflections/reflections/0.9.11/reflections-0.9.11.jar:/home/runner/.m2/repository/org/apache/hadoop/hadoop-minikdc/3.3.1/hadoop-minikdc-3.3.1.jar:/home/runner/.m2/repository/org/apache/kerby/kerb-simplekdc/1.0.1/kerb-simplekdc-1.0.1.jar:/home/runner/.m2/repository/org/apache/kerby/kerb-client/1.0.1/kerb-client-1.0.1.jar:/home/runner/.m2/repository/org/apache/kerby/kerby-config/1.0.1/kerby-config-1.0.1.jar:/home/runner/.m2/repository/org/apache/kerby/kerb-common/1.0.1/kerb-common-1.0.1.jar:/home/runner/.m2/repository/org/apache/kerby/kerb-crypto/1.0.1/kerb-crypto-1.0.1.jar:/home/runner/.m2/repository/org/apache/kerby/kerb-util/1.0.1/kerb-util-1.0.1.jar:/home/runner/.m2/repository/org/apache/kerby/token-provider/1.0.1/token-provider-1.0.1.jar:/home/runner/.m2/repository/org/apache/kerby/kerb-admin/1.0.1/kerb-admin-1.0.1.jar:/home/runner/.m2/repository/org/apache/kerby/kerb-server/1.0.1/kerb-server-1.0.1.jar:/home/runner/.m2/repository/org/apache/kerby/kerb-identity/1.0.1/kerb-identity-1.0.1.jar:/home/runner/.m2/repository/org/apache/kerby/kerby-xdr/1.0.1/kerby-xdr-1.0.1.jar:/home/runner/.m2/repository/org/slf4j/slf4j-log4j12/1.7.30/slf4j-log4j12-1.7.30.jar:/home/runner/.m2/repository/org/apache/ozone/ozone-s3gateway/1.3.0-SNAPSHOT/ozone-s3gateway-1.3.0-SNAPSHOT.jar:/home/runner/.m2/repository/org/javassist/javassist/3.21.0-GA/javassist-3.21.0-GA.jar:/home/runner/.m2/repository/org/jboss/weld/servlet/weld-servlet/2.4.7.Final/weld-servlet-2.4.7.Final.jar:/home/runner/.m2/repository/org/glassfish/jersey/containers/jersey-container-servlet-core/2.33/jersey-container-servlet-core-2.33.jar:/home/runner/.m2/repository/org/glassfish/hk2/external/jakarta.inject/2.6.1/jakarta.inject-2.6.1.jar:/home/runner/.m2/repository/org/glassfish/jersey/core/jersey-common/2.33/jersey-common-2.33.jar:/home/runner/.m2/repository/jakarta/ws/rs/jakarta.ws.rs-api/2.1.6/jakarta.ws.rs-api-2.1.6.jar:/home/runner/.m2/repository/org/glassfish/jersey/ext/cdi/jersey-cdi1x/2.33/jersey-cdi1x-2.33.jar:/home/runner/.m2/repository/org/glassfish/jersey/inject/jersey-hk2/2.33/jersey-hk2-2.33.jar:/home/runner/.m2/repository/org/glassfish/hk2/hk2-locator/2.6.1/hk2-locator-2.6.1.jar:/home/runner/.m2/repository/org/glassfish/jersey/media/jersey-media-jaxb/2.33/jersey-media-jaxb-2.33.jar:/home/runner/.m2/repository/org/glassfish/hk2/osgi-resource-locator/1.0.3/osgi-resource-locator-1.0.3.jar:/home/runner/.m2/repository/org/glassfish/hk2/hk2-api/2.5.0/hk2-api-2.5.0.jar:/home/runner/.m2/repository/org/glassfish/hk2/hk2-utils/2.5.0/hk2-utils-2.5.0.jar:/home/runner/.m2/repository/org/glassfish/hk2/external/aopalliance-repackaged/2.5.0/aopalliance-repackaged-2.5.0.jar:/home/runner/.m2/repository/com/fasterxml/jackson/dataformat/jackson-dataformat-xml/2.12.1/jackson-dataformat-xml-2.12.1.jar:/home/runner/.m2/repository/com/fasterxml/jackson/core/jackson-core/2.12.1/jackson-core-2.12.1.jar:/home/runner/.m2/repository/com/fasterxml/jackson/module/jackson-module-jaxb-annotations/2.12.1/jackson-module-jaxb-annotations-2.12.1.jar:/home/runner/.m2/repository/jakarta/xml/bind/jakarta.xml.bind-api/2.3.2/jakarta.xml.bind-api-2.3.2.jar:/home/runner/.m2/repository/org/codehaus/woodstox/stax2-api/3.1.4/stax2-api-3.1.4.jar:/home/runner/.m2/repository/com/fasterxml/woodstox/woodstox-core/5.0.3/woodstox-core-5.0.3.jar:/home/runner/.m2/repository/javax/enterprise/cdi-api/1.2/cdi-api-1.2.jar:/home/runner/.m2/repository/javax/el/javax.el-api/3.0.0/javax.el-api-3.0.0.jar:/home/runner/.m2/repository/javax/interceptor/javax.interceptor-api/1.2/javax.interceptor-api-1.2.jar:/home/runner/.m2/repository/javax/inject/javax.inject/1/javax.inject-1.jar:/home/runner/.m2/repository/javax/xml/bind/jaxb-api/2.3.0/jaxb-api-2.3.0.jar:/home/runner/.m2/repository/org/glassfish/jaxb/jaxb-runtime/2.3.0.1/jaxb-runtime-2.3.0.1.jar:/home/runner/.m2/repository/org/glassfish/jaxb/jaxb-core/2.3.0.1/jaxb-core-2.3.0.1.jar:/home/runner/.m2/repository/org/glassfish/jaxb/txw2/2.3.0.1/txw2-2.3.0.1.jar:/home/runner/.m2/repository/com/sun/istack/istack-commons-runtime/3.0.5/istack-commons-runtime-3.0.5.jar:/home/runner/.m2/repository/org/jvnet/staxex/stax-ex/1.7.8/stax-ex-1.7.8.jar:/home/runner/.m2/repository/com/sun/xml/fastinfoset/FastInfoset/1.2.13/FastInfoset-1.2.13.jar:/home/runner/.m2/repository/javax/activation/activation/1.1.1/activation-1.1.1.jar:/home/runner/.m2/repository/org/apache/ozone/ozone-csi/1.3.0-SNAPSHOT/ozone-csi-1.3.0-SNAPSHOT.jar:/home/runner/.m2/repository/com/google/protobuf/protobuf-java-util/3.12.0/protobuf-java-util-3.12.0.jar:/home/runner/.m2/repository/com/google/code/gson/gson/2.2.4/gson-2.2.4.jar:/home/runner/.m2/repository/org/apache/ozone/hdds-config/1.3.0-SNAPSHOT/hdds-config-1.3.0-SNAPSHOT.jar:/home/runner/.m2/repository/io/grpc/grpc-netty/1.33.0/grpc-netty-1.33.0.jar:/home/runner/.m2/repository/io/grpc/grpc-core/1.33.0/grpc-core-1.33.0.jar:/home/runner/.m2/repository/com/google/android/annotations/4.1.1.4/annotations-4.1.1.4.jar:/home/runner/.m2/repository/io/netty/netty-codec-http2/4.1.63.Final/netty-codec-http2-4.1.63.Final.jar:/home/runner/.m2/repository/io/netty/netty-codec-http/4.1.63.Final/netty-codec-http-4.1.63.Final.jar:/home/runner/.m2/repository/io/netty/netty-handler-proxy/4.1.63.Final/netty-handler-proxy-4.1.63.Final.jar:/home/runner/.m2/repository/io/netty/netty-codec-socks/4.1.63.Final/netty-codec-socks-4.1.63.Final.jar:/home/runner/.m2/repository/io/perfmark/perfmark-api/0.19.0/perfmark-api-0.19.0.jar:/home/runner/.m2/repository/org/codehaus/mojo/animal-sniffer-annotations/1.18/animal-sniffer-annotations-1.18.jar:/home/runner/.m2/repository/io/netty/netty-transport-native-epoll/4.1.63.Final/netty-transport-native-epoll-4.1.63.Final.jar:/home/runner/.m2/repository/io/netty/netty-common/4.1.63.Final/netty-common-4.1.63.Final.jar:/home/runner/.m2/repository/io/netty/netty-buffer/4.1.63.Final/netty-buffer-4.1.63.Final.jar:/home/runner/.m2/repository/io/netty/netty-transport-native-unix-common/4.1.63.Final/netty-transport-native-unix-common-4.1.63.Final.jar:/home/runner/.m2/repository/io/grpc/grpc-protobuf/1.33.0/grpc-protobuf-1.33.0.jar:/home/runner/.m2/repository/io/grpc/grpc-api/1.33.0/grpc-api-1.33.0.jar:/home/runner/.m2/repository/io/grpc/grpc-context/1.33.0/grpc-context-1.33.0.jar:/home/runner/.m2/repository/com/google/api/grpc/proto-google-common-protos/1.17.0/proto-google-common-protos-1.17.0.jar:/home/runner/.m2/repository/io/grpc/grpc-protobuf-lite/1.33.0/grpc-protobuf-lite-1.33.0.jar:/home/runner/.m2/repository/io/grpc/grpc-stub/1.33.0/grpc-stub-1.33.0.jar:/home/runner/.m2/repository/org/apache/ozone/ozone-recon/1.3.0-SNAPSHOT/ozone-recon-1.3.0-SNAPSHOT.jar:/home/runner/.m2/repository/org/apache/ozone/ozone-reconcodegen/1.3.0-SNAPSHOT/ozone-reconcodegen-1.3.0-SNAPSHOT.jar:/home/runner/.m2/repository/com/google/inject/extensions/guice-multibindings/4.0/guice-multibindings-4.0.jar:/home/runner/.m2/repository/com/google/inject/guice/4.0/guice-4.0.jar:/home/runner/.m2/repository/aopalliance/aopalliance/1.0/aopalliance-1.0.jar:/home/runner/.m2/repository/com/google/inject/extensions/guice-assistedinject/4.0/guice-assistedinject-4.0.jar:/home/runner/.m2/repository/com/google/inject/extensions/guice-servlet/4.0/guice-servlet-4.0.jar:/home/runner/.m2/repository/org/glassfish/jersey/containers/jersey-container-servlet/2.33/jersey-container-servlet-2.33.jar:/home/runner/.m2/repository/org/glassfish/hk2/guice-bridge/2.5.0/guice-bridge-2.5.0.jar:/home/runner/.m2/repository/org/glassfish/jersey/core/jersey-server/2.33/jersey-server-2.33.jar:/home/runner/.m2/repository/org/glassfish/jersey/core/jersey-client/2.33/jersey-client-2.33.jar:/home/runner/.m2/repository/jakarta/annotation/jakarta.annotation-api/1.3.5/jakarta.annotation-api-1.3.5.jar:/home/runner/.m2/repository/jakarta/validation/jakarta.validation-api/2.0.2/jakarta.validation-api-2.0.2.jar:/home/runner/.m2/repository/org/glassfish/jersey/media/jersey-media-json-jackson/2.33/jersey-media-json-jackson-2.33.jar:/home/runner/.m2/repository/org/glassfish/jersey/ext/jersey-entity-filtering/2.33/jersey-entity-filtering-2.33.jar:/home/runner/.m2/repository/org/jooq/jooq/3.11.10/jooq-3.11.10.jar:/home/runner/.m2/repository/org/jooq/jooq-meta/3.11.10/jooq-meta-3.11.10.jar:/home/runner/.m2/repository/org/jooq/jooq-codegen/3.11.10/jooq-codegen-3.11.10.jar:/home/runner/.m2/repository/com/jolbox/bonecp/0.8.0.RELEASE/bonecp-0.8.0.RELEASE.jar:/home/runner/.m2/repository/org/apache/derby/derby/10.14.2.0/derby-10.14.2.0.jar:/home/runner/.m2/repository/org/xerial/sqlite-jdbc/3.25.2/sqlite-jdbc-3.25.2.jar:/home/runner/.m2/repository/org/springframework/spring-jdbc/5.2.18.RELEASE/spring-jdbc-5.2.18.RELEASE.jar:/home/runner/.m2/repository/org/springframework/spring-beans/5.2.18.RELEASE/spring-beans-5.2.18.RELEASE.jar:/home/runner/.m2/repository/org/springframework/spring-core/5.2.18.RELEASE/spring-core-5.2.18.RELEASE.jar:/home/runner/.m2/repository/org/springframework/spring-jcl/5.2.18.RELEASE/spring-jcl-5.2.18.RELEASE.jar:/home/runner/.m2/repository/org/springframework/spring-tx/5.2.18.RELEASE/spring-tx-5.2.18.RELEASE.jar:/home/runner/.m2/repository/org/apache/ozone/ozone-client/1.3.0-SNAPSHOT/ozone-client-1.3.0-SNAPSHOT.jar:/home/runner/.m2/repository/org/apache/ozone/ozone-filesystem/1.3.0-SNAPSHOT/ozone-filesystem-1.3.0-SNAPSHOT.jar:/home/runner/.m2/repository/org/apache/ozone/ozone-filesystem-common/1.3.0-SNAPSHOT/ozone-filesystem-common-1.3.0-SNAPSHOT.jar:/home/runner/.m2/repository/org/apache/ozone/ozone-tools/1.3.0-SNAPSHOT/ozone-tools-1.3.0-SNAPSHOT.jar:/home/runner/.m2/repository/org/apache/ratis/ratis-tools/2.2.0/ratis-tools-2.2.0.jar:/home/runner/.m2/repository/com/amazonaws/aws-java-sdk-core/1.12.124/aws-java-sdk-core-1.12.124.jar:/home/runner/.m2/repository/org/apache/httpcomponents/httpclient/4.5.13/httpclient-4.5.13.jar:/home/runner/.m2/repository/org/apache/httpcomponents/httpcore/4.4.13/httpcore-4.4.13.jar:/home/runner/.m2/repository/software/amazon/ion/ion-java/1.0.2/ion-java-1.0.2.jar:/home/runner/.m2/repository/com/fasterxml/jackson/dataformat/jackson-dataformat-cbor/2.12.1/jackson-dataformat-cbor-2.12.1.jar:/home/runner/.m2/repository/joda-time/joda-time/2.8.1/joda-time-2.8.1.jar:/home/runner/.m2/repository/com/amazonaws/aws-java-sdk-s3/1.12.124/aws-java-sdk-s3-1.12.124.jar:/home/runner/.m2/repository/com/amazonaws/aws-java-sdk-kms/1.12.124/aws-java-sdk-kms-1.12.124.jar:/home/runner/.m2/repository/com/amazonaws/jmespath-java/1.12.124/jmespath-java-1.12.124.jar:/home/runner/.m2/repository/org/kohsuke/metainf-services/metainf-services/1.8/metainf-services-1.8.jar:/home/runner/.m2/repository/org/apache/ozone/hdds-tools/1.3.0-SNAPSHOT/hdds-tools-1.3.0-SNAPSHOT.jar:/home/runner/.m2/repository/commons-cli/commons-cli/1.2/commons-cli-1.2.jar:/home/runner/.m2/repository/org/apache/commons/commons-lang3/3.7/commons-lang3-3.7.jar:/home/runner/.m2/repository/org/apache/ozone/ozone-manager/1.3.0-SNAPSHOT/ozone-manager-1.3.0-SNAPSHOT-tests.jar:/home/runner/.m2/repository/org/apache/ozone/hdds-common/1.3.0-SNAPSHOT/hdds-common-1.3.0-SNAPSHOT-tests.jar:/home/runner/.m2/repository/org/apache/ozone/hdds-hadoop-dependency-client/1.3.0-SNAPSHOT/hdds-hadoop-dependency-client-1.3.0-SNAPSHOT.jar:/home/runner/.m2/repository/info/picocli/picocli/4.6.1/picocli-4.6.1.jar:/home/runner/.m2/repository/com/fasterxml/jackson/core/jackson-annotations/2.12.1/jackson-annotations-2.12.1.jar:/home/runner/.m2/repository/javax/annotation/javax.annotation-api/1.2/javax.annotation-api-1.2.jar:/home/runner/.m2/repository/org/apache/ratis/ratis-server/2.2.0/ratis-server-2.2.0.jar:/home/runner/.m2/repository/org/apache/ratis/ratis-client/2.2.0/ratis-client-2.2.0.jar:/home/runner/.m2/repository/org/apache/ratis/ratis-server-api/2.2.0/ratis-server-api-2.2.0.jar:/home/runner/.m2/repository/org/apache/ratis/ratis-metrics/2.2.0/ratis-metrics-2.2.0.jar:/home/runner/.m2/repository/org/apache/ratis/ratis-netty/2.2.0/ratis-netty-2.2.0.jar:/home/runner/.m2/repository/org/apache/ratis/ratis-grpc/2.2.0/ratis-grpc-2.2.0.jar:/home/runner/.m2/repository/org/apache/logging/log4j/log4j-api/2.17.1/log4j-api-2.17.1.jar:/home/runner/.m2/repository/org/apache/logging/log4j/log4j-core/2.17.1/log4j-core-2.17.1.jar:/home/runner/.m2/repository/com/lmax/disruptor/3.4.2/disruptor-3.4.2.jar:/home/runner/.m2/repository/org/apache/commons/commons-pool2/2.6.0/commons-pool2-2.6.0.jar:/home/runner/.m2/repository/org/bouncycastle/bcpkix-jdk15on/1.67/bcpkix-jdk15on-1.67.jar:/home/runner/.m2/repository/commons-validator/commons-validator/1.6/commons-validator-1.6.jar:/home/runner/.m2/repository/commons-beanutils/commons-beanutils/1.9.4/commons-beanutils-1.9.4.jar:/home/runner/.m2/repository/commons-digester/commons-digester/1.8.1/commons-digester-1.8.1.jar:/home/runner/.m2/repository/commons-collections/commons-collections/3.2.2/commons-collections-3.2.2.jar:/home/runner/.m2/repository/io/jaegertracing/jaeger-client/1.6.0/jaeger-client-1.6.0.jar:/home/runner/.m2/repository/io/jaegertracing/jaeger-thrift/1.6.0/jaeger-thrift-1.6.0.jar:/home/runner/.m2/repository/org/apache/thrift/libthrift/0.14.1/libthrift-0.14.1.jar:/home/runner/.m2/repository/com/squareup/okhttp3/okhttp/4.9.0/okhttp-4.9.0.jar:/home/runner/.m2/repository/com/squareup/okio/okio/2.8.0/okio-2.8.0.jar:/home/runner/.m2/repository/io/jaegertracing/jaeger-core/1.6.0/jaeger-core-1.6.0.jar:/home/runner/.m2/repository/io/jaegertracing/jaeger-tracerresolver/1.6.0/jaeger-tracerresolver-1.6.0.jar:/home/runner/.m2/repository/io/opentracing/contrib/opentracing-tracerresolver/0.1.8/opentracing-tracerresolver-0.1.8.jar:/home/runner/.m2/repository/org/jetbrains/kotlin/kotlin-stdlib/1.4.31/kotlin-stdlib-1.4.31.jar:/home/runner/.m2/repository/org/jetbrains/kotlin/kotlin-stdlib-common/1.4.31/kotlin-stdlib-common-1.4.31.jar:/home/runner/.m2/repository/org/jetbrains/annotations/13.0/annotations-13.0.jar:/home/runner/.m2/repository/io/opentracing/opentracing-util/0.33.0/opentracing-util-0.33.0.jar:/home/runner/.m2/repository/io/opentracing/opentracing-api/0.33.0/opentracing-api-0.33.0.jar:/home/runner/.m2/repository/io/opentracing/opentracing-noop/0.33.0/opentracing-noop-0.33.0.jar:/home/runner/.m2/repository/org/yaml/snakeyaml/1.26/snakeyaml-1.26.jar:/home/runner/.m2/repository/org/apache/ozone/hdds-interface-admin/1.3.0-SNAPSHOT/hdds-interface-admin-1.3.0-SNAPSHOT.jar:/home/runner/.m2/repository/junit/junit/4.13.1/junit-4.13.1.jar:/home/runner/.m2/repository/org/hamcrest/hamcrest-core/1.3/hamcrest-core-1.3.jar:/home/runner/.m2/repository/org/junit/jupiter/junit-jupiter-api/5.7.0/junit-jupiter-api-5.7.0.jar:/home/runner/.m2/repository/org/apiguardian/apiguardian-api/1.1.0/apiguardian-api-1.1.0.jar:/home/runner/.m2/repository/org/opentest4j/opentest4j/1.2.0/opentest4j-1.2.0.jar:/home/runner/.m2/repository/org/junit/platform/junit-platform-commons/1.7.0/junit-platform-commons-1.7.0.jar:/home/runner/.m2/repository/org/junit/jupiter/junit-jupiter-engine/5.7.0/junit-jupiter-engine-5.7.0.jar:/home/runner/.m2/repository/org/junit/platform/junit-platform-engine/1.7.0/junit-platform-engine-1.7.0.jar:/home/runner/.m2/repository/org/junit/vintage/junit-vintage-engine/5.7.0/junit-vintage-engine-5.7.0.jar:/home/runner/.m2/repository/org/junit/platform/junit-platform-launcher/1.7.0/junit-platform-launcher-1.7.0.jar:/home/runner/.m2/repository/org/openjdk/jmh/jmh-core/1.19/jmh-core-1.19.jar:/home/runner/.m2/repository/net/sf/jopt-simple/jopt-simple/4.6/jopt-simple-4.6.jar:/home/runner/.m2/repository/org/apache/commons/commons-math3/3.1.1/commons-math3-3.1.1.jar:/home/runner/.m2/repository/org/openjdk/jmh/jmh-generator-annprocess/1.19/jmh-generator-annprocess-1.19.jar:/home/runner/.m2/repository/org/mockito/mockito-core/2.28.2/mockito-core-2.28.2.jar:/home/runner/.m2/repository/net/bytebuddy/byte-buddy/1.9.10/byte-buddy-1.9.10.jar:/home/runner/.m2/repository/net/bytebuddy/byte-buddy-agent/1.9.10/byte-buddy-agent-1.9.10.jar:/home/runner/.m2/repository/org/objenesis/objenesis/1.0/objenesis-1.0.jar:/home/runner/.m2/repository/org/apache/hadoop/hadoop-kms/3.3.1/hadoop-kms-3.3.1.jar:/home/runner/.m2/repository/org/apache/hadoop/hadoop-auth/3.3.1/hadoop-auth-3.3.1.jar:/home/runner/.m2/repository/com/nimbusds/nimbus-jose-jwt/7.9/nimbus-jose-jwt-7.9.jar:/home/runner/.m2/repository/com/github/stephenc/jcip/jcip-annotations/1.0-1/jcip-annotations-1.0-1.jar:/home/runner/.m2/repository/net/minidev/json-smart/2.3.1/json-smart-2.3.1.jar:/home/runner/.m2/repository/net/minidev/accessors-smart/2.3.1/accessors-smart-2.3.1.jar:/home/runner/.m2/repository/org/ow2/asm/asm/5.0.4/asm-5.0.4.jar:/home/runner/.m2/repository/org/apache/zookeeper/zookeeper/3.5.6/zookeeper-3.5.6.jar:/home/runner/.m2/repository/org/apache/zookeeper/zookeeper-jute/3.5.6/zookeeper-jute-3.5.6.jar:/home/runner/.m2/repository/org/apache/yetus/audience-annotations/0.5.0/audience-annotations-0.5.0.jar:/home/runner/.m2/repository/org/apache/curator/curator-framework/4.2.0/curator-framework-4.2.0.jar:/home/runner/.m2/repository/org/apache/hadoop/thirdparty/hadoop-shaded-guava/1.1.1/hadoop-shaded-guava-1.1.1.jar:/home/runner/.m2/repository/com/sun/jersey/jersey-core/1.19/jersey-core-1.19.jar:/home/runner/.m2/repository/javax/ws/rs/jsr311-api/1.1.1/jsr311-api-1.1.1.jar:/home/runner/.m2/repository/com/sun/jersey/jersey-server/1.19/jersey-server-1.19.jar:/home/runner/.m2/repository/javax/servlet/javax.servlet-api/3.1.0/javax.servlet-api-3.1.0.jar:/home/runner/.m2/repository/org/eclipse/jetty/jetty-server/9.4.43.v20210629/jetty-server-9.4.43.v20210629.jar:/home/runner/.m2/repository/org/eclipse/jetty/jetty-http/9.4.43.v20210629/jetty-http-9.4.43.v20210629.jar:/home/runner/.m2/repository/org/eclipse/jetty/jetty-io/9.4.43.v20210629/jetty-io-9.4.43.v20210629.jar:/home/runner/.m2/repository/org/eclipse/jetty/jetty-webapp/9.4.43.v20210629/jetty-webapp-9.4.43.v20210629.jar:/home/runner/.m2/repository/org/eclipse/jetty/jetty-xml/9.4.43.v20210629/jetty-xml-9.4.43.v20210629.jar:/home/runner/.m2/repository/org/apache/hadoop/hadoop-common/3.3.1/hadoop-common-3.3.1.jar:/home/runner/.m2/repository/commons-net/commons-net/3.6/commons-net-3.6.jar:/home/runner/.m2/repository/jakarta/activation/jakarta.activation-api/1.2.1/jakarta.activation-api-1.2.1.jar:/home/runner/.m2/repository/com/sun/jersey/jersey-servlet/1.19/jersey-servlet-1.19.jar:/home/runner/.m2/repository/com/sun/jersey/jersey-json/1.19/jersey-json-1.19.jar:/home/runner/.m2/repository/org/codehaus/jettison/jettison/1.1/jettison-1.1.jar:/home/runner/.m2/repository/com/sun/xml/bind/jaxb-impl/2.2.3-1/jaxb-impl-2.2.3-1.jar:/home/runner/.m2/repository/org/codehaus/jackson/jackson-jaxrs/1.9.2/jackson-jaxrs-1.9.2.jar:/home/runner/.m2/repository/org/codehaus/jackson/jackson-xc/1.9.2/jackson-xc-1.9.2.jar:/home/runner/.m2/repository/org/apache/commons/commons-configuration2/2.1.1/commons-configuration2-2.1.1.jar:/home/runner/.m2/repository/org/apache/commons/commons-text/1.4/commons-text-1.4.jar:/home/runner/.m2/repository/com/google/re2j/re2j/1.1/re2j-1.1.jar:/home/runner/.m2/repository/com/jcraft/jsch/0.1.54/jsch-0.1.54.jar:/home/runner/.m2/repository/org/apache/curator/curator-client/4.2.0/curator-client-4.2.0.jar:/home/runner/.m2/repository/org/apache/curator/curator-recipes/4.2.0/curator-recipes-4.2.0.jar:/home/runner/.m2/repository/org/apache/kerby/kerb-core/1.0.1/kerb-core-1.0.1.jar:/home/runner/.m2/repository/org/apache/kerby/kerby-pkix/1.0.1/kerby-pkix-1.0.1.jar:/home/runner/.m2/repository/org/apache/kerby/kerby-asn1/1.0.1/kerby-asn1-1.0.1.jar:/home/runner/.m2/repository/org/apache/kerby/kerby-util/1.0.1/kerby-util-1.0.1.jar:/home/runner/.m2/repository/dnsjava/dnsjava/2.1.7/dnsjava-2.1.7.jar:/home/runner/.m2/repository/org/xerial/snappy/snappy-java/1.1.8.2/snappy-java-1.1.8.2.jar:/home/runner/.m2/repository/org/slf4j/jul-to-slf4j/1.7.30/jul-to-slf4j-1.7.30.jar:/home/runner/.m2/repository/org/eclipse/jetty/jetty-util/9.4.43.v20210629/jetty-util-9.4.43.v20210629.jar:/home/runner/.m2/repository/com/fasterxml/jackson/core/jackson-databind/2.12.1/jackson-databind-2.12.1.jar:/home/runner/.m2/repository/org/apache/hadoop/hadoop-kms/3.3.1/hadoop-kms-3.3.1-tests.jar:/home/runner/.m2/repository/org/apache/ozone/hdds-server-scm/1.3.0-SNAPSHOT/hdds-server-scm-1.3.0-SNAPSHOT-tests.jar:/home/runner/.m2/repository/org/apache/ozone/hdds-container-service/1.3.0-SNAPSHOT/hdds-container-service-1.3.0-SNAPSHOT-tests.jar:/home/runner/.m2/repository/commons-codec/commons-codec/1.11/commons-codec-1.11.jar:/home/runner/.m2/repository/io/netty/netty-transport/4.1.63.Final/netty-transport-4.1.63.Final.jar:/home/runner/.m2/repository/io/netty/netty-resolver/4.1.63.Final/netty-resolver-4.1.63.Final.jar:/home/runner/.m2/repository/io/netty/netty-codec/4.1.63.Final/netty-codec-4.1.63.Final.jar:/home/runner/.m2/repository/io/netty/netty-handler/4.1.63.Final/netty-handler-4.1.63.Final.jar:/home/runner/.m2/repository/org/apache/ozone/hdds-hadoop-dependency-test/1.3.0-SNAPSHOT/hdds-hadoop-dependency-test-1.3.0-SNAPSHOT.jar:/home/runner/.m2/repository/org/apache/hadoop/hadoop-common/3.3.1/hadoop-common-3.3.1-tests.jar:/home/runner/.m2/repository/org/assertj/assertj-core/3.12.2/assertj-core-3.12.2.jar:/home/runner/.m2/repository/org/apache/hadoop/hadoop-hdfs/3.3.1/hadoop-hdfs-3.3.1-tests.jar:/home/runner/.m2/repository/org/eclipse/jetty/jetty-util-ajax/9.4.43.v20210629/jetty-util-ajax-9.4.43.v20210629.jar:/home/runner/.m2/repository/commons-daemon/commons-daemon/1.0.13/commons-daemon-1.0.13.jar:/home/runner/.m2/repository/io/netty/netty/3.10.6.Final/netty-3.10.6.Final.jar:/home/runner/.m2/repository/io/netty/netty-all/4.1.63.Final/netty-all-4.1.63.Final.jar:/home/runner/.m2/repository/org/apache/htrace/htrace-core4/4.1.0-incubating/htrace-core4-4.1.0-incubating.jar:/home/runner/.m2/repository/org/fusesource/leveldbjni/leveldbjni-all/1.8/leveldbjni-all-1.8.jar:/home/runner/.m2/repository/org/apache/hadoop/hadoop-distcp/3.3.1/hadoop-distcp-3.3.1.jar:/home/runner/.m2/repository/org/apache/hadoop/hadoop-mapreduce-client-jobclient/3.3.1/hadoop-mapreduce-client-jobclient-3.3.1.jar:/home/runner/.m2/repository/org/apache/hadoop/hadoop-mapreduce-client-common/3.3.1/hadoop-mapreduce-client-common-3.3.1.jar:/home/runner/.m2/repository/org/apache/hadoop/hadoop-yarn-common/3.3.1/hadoop-yarn-common-3.3.1.jar:/home/runner/.m2/repository/org/apache/hadoop/hadoop-yarn-api/3.3.1/hadoop-yarn-api-3.3.1.jar:/home/runner/.m2/repository/com/sun/jersey/jersey-client/1.19/jersey-client-1.19.jar:/home/runner/.m2/repository/com/sun/jersey/contribs/jersey-guice/1.19/jersey-guice-1.19.jar:/home/runner/.m2/repository/com/fasterxml/jackson/jaxrs/jackson-jaxrs-json-provider/2.12.1/jackson-jaxrs-json-provider-2.12.1.jar:/home/runner/.m2/repository/com/fasterxml/jackson/jaxrs/jackson-jaxrs-base/2.12.1/jackson-jaxrs-base-2.12.1.jar:/home/runner/.m2/repository/org/apache/hadoop/hadoop-yarn-client/3.3.1/hadoop-yarn-client-3.3.1.jar:/home/runner/.m2/repository/org/eclipse/jetty/websocket/websocket-client/9.4.40.v20210413/websocket-client-9.4.40.v20210413.jar:/home/runner/.m2/repository/org/eclipse/jetty/jetty-client/9.4.40.v20210413/jetty-client-9.4.40.v20210413.jar:/home/runner/.m2/repository/org/eclipse/jetty/websocket/websocket-common/9.4.40.v20210413/websocket-common-9.4.40.v20210413.jar:/home/runner/.m2/repository/org/eclipse/jetty/websocket/websocket-api/9.4.40.v20210413/websocket-api-9.4.40.v20210413.jar:/home/runner/.m2/repository/org/jline/jline/3.9.0/jline-3.9.0.jar:/home/runner/.m2/repository/org/apache/hadoop/hadoop-mapreduce-client-core/3.3.1/hadoop-mapreduce-client-core-3.3.1.jar:/home/runner/.m2/repository/org/apache/avro/avro/1.7.7/avro-1.7.7.jar:/home/runner/.m2/repository/org/codehaus/jackson/jackson-core-asl/1.9.13/jackson-core-asl-1.9.13.jar:/home/runner/.m2/repository/org/codehaus/jackson/jackson-mapper-asl/1.9.13/jackson-mapper-asl-1.9.13.jar:/home/runner/.m2/repository/com/thoughtworks/paranamer/paranamer/2.3/paranamer-2.3.jar:/home/runner/.m2/repository/org/apache/hadoop/hadoop-annotations/3.3.1/hadoop-annotations-3.3.1.jar:/usr/lib/jvm/adoptopenjdk-8-hotspot-amd64/jre/../lib/tools.jar:/home/runner/.m2/repository/org/apache/hadoop/hadoop-distcp/3.3.1/hadoop-distcp-3.3.1-tests.jar:/home/runner/.m2/repository/org/apache/ratis/ratis-common/2.2.0/ratis-common-2.2.0.jar:/home/runner/.m2/repository/org/apache/ratis/ratis-thirdparty-misc/0.7.0/ratis-thirdparty-misc-0.7.0.jar:/home/runner/.m2/repository/org/apache/ratis/ratis-proto/2.2.0/ratis-proto-2.2.0.jar:"/>
    <property name="sun.cpu.endian" value="little"/>
    <property name="user.home" value="/home/runner"/>
    <property name="user.language" value="en"/>
    <property name="java.specification.vendor" value="Oracle Corporation"/>
    <property name="java.home" value="/usr/lib/jvm/adoptopenjdk-8-hotspot-amd64/jre"/>
    <property name="java.security.krb5.conf" value="/home/runner/work/ozone/ozone/hadoop-ozone/integration-test/target/test-classes/krb5.conf"/>
    <property name="basedir" value="/home/runner/work/ozone/ozone/hadoop-ozone/integration-test"/>
    <property name="file.separator" value="/"/>
    <property name="line.separator" value="&#10;"/>
    <property name="java.vm.specification.vendor" value="Oracle Corporation"/>
    <property name="java.specification.name" value="Java Platform API Specification"/>
    <property name="java.awt.graphicsenv" value="sun.awt.X11GraphicsEnvironment"/>
    <property name="skip.installnpx" value="true"/>
    <property name="surefire.real.class.path" value="/home/runner/work/ozone/ozone/hadoop-ozone/integration-test/target/surefire/surefirebooter8393823588599106607.jar:/home/runner/.m2/repository/org/jacoco/org.jacoco.agent/0.8.5/org.jacoco.agent-0.8.5-runtime.jar"/>
    <property name="hadoop.log.dir" value="/home/runner/work/ozone/ozone/hadoop-ozone/integration-test/target/log"/>
    <property name="sun.boot.class.path" value="/usr/lib/jvm/adoptopenjdk-8-hotspot-amd64/jre/lib/resources.jar:/usr/lib/jvm/adoptopenjdk-8-hotspot-amd64/jre/lib/rt.jar:/usr/lib/jvm/adoptopenjdk-8-hotspot-amd64/jre/lib/sunrsasign.jar:/usr/lib/jvm/adoptopenjdk-8-hotspot-amd64/jre/lib/jsse.jar:/usr/lib/jvm/adoptopenjdk-8-hotspot-amd64/jre/lib/jce.jar:/usr/lib/jvm/adoptopenjdk-8-hotspot-amd64/jre/lib/charsets.jar:/usr/lib/jvm/adoptopenjdk-8-hotspot-amd64/jre/lib/jfr.jar:/usr/lib/jvm/adoptopenjdk-8-hotspot-amd64/jre/classes"/>
    <property name="sun.management.compiler" value="HotSpot 64-Bit Tiered Compilers"/>
    <property name="skip.npx" value="true"/>
    <property name="java.runtime.version" value="1.8.0_292-b10"/>
    <property name="java.net.preferIPv4Stack" value="true"/>
    <property name="user.name" value="runner"/>
    <property name="path.separator" value=":"/>
    <property name="java.security.egd" value="file:///dev/urandom"/>
    <property name="os.version" value="5.4.0-1064-azure"/>
    <property name="java.endorsed.dirs" value="/usr/lib/jvm/adoptopenjdk-8-hotspot-amd64/jre/lib/endorsed"/>
    <property name="java.runtime.name" value="OpenJDK Runtime Environment"/>
    <property name="file.encoding" value="UTF-8"/>
    <property name="java.vm.name" value="OpenJDK 64-Bit Server VM"/>
    <property name="test.build.webapps" value=""/>
    <property name="localRepository" value="/home/runner/.m2/repository"/>
    <property name="java.vendor.url.bug" value="https://github.com/AdoptOpenJDK/openjdk-support/issues"/>
    <property name="java.io.tmpdir" value="/tmp"/>
    <property name="require.test.libhadoop" value=""/>
    <property name="java.version" value="1.8.0_292"/>
    <property name="user.dir" value="/home/runner/work/ozone/ozone/hadoop-ozone/integration-test"/>
    <property name="os.arch" value="amd64"/>
    <property name="java.vm.specification.name" value="Java Virtual Machine Specification"/>
    <property name="test.build.classes" value="/home/runner/work/ozone/ozone/hadoop-ozone/integration-test/target/test-classes"/>
    <property name="java.awt.printerjob" value="sun.print.PSPrinterJob"/>
    <property name="sun.os.patch.level" value="unknown"/>
    <property name="hadoop.tmp.dir" value="/home/runner/work/ozone/ozone/hadoop-ozone/integration-test/target/tmp"/>
    <property name="java.library.path" value="/usr/java/packages/lib/amd64:/usr/lib64:/lib64:/lib:/usr/lib"/>
    <property name="java.vm.info" value="mixed mode"/>
    <property name="java.vendor" value="AdoptOpenJDK"/>
    <property name="java.vm.version" value="25.292-b10"/>
    <property name="java.ext.dirs" value="/usr/lib/jvm/adoptopenjdk-8-hotspot-amd64/jre/lib/ext:/usr/java/packages/lib/ext"/>
    <property name="sun.io.unicode.encoding" value="UnicodeLittle"/>
    <property name="java.class.version" value="52.0"/>
  </properties>
  <testcase name="testMultipleDataDirs" classname="org.apache.hadoop.ozone.TestMiniOzoneCluster" time="31.507"/>
  <testcase name="testStartMultipleDatanodes" classname="org.apache.hadoop.ozone.TestMiniOzoneCluster" time="80.492">
    <error message="test timed out after 60000 milliseconds" type="org.junit.runners.model.TestTimedOutException">org.junit.runners.model.TestTimedOutException: test timed out after 60000 milliseconds
	at java.lang.Thread.sleep(Native Method)
	at org.apache.ozone.test.GenericTestUtils.waitFor(GenericTestUtils.java:218)
	at org.apache.hadoop.ozone.MiniOzoneClusterImpl.waitForClusterToBeReady(MiniOzoneClusterImpl.java:212)
	at org.apache.hadoop.ozone.TestMiniOzoneCluster.testStartMultipleDatanodes(TestMiniOzoneCluster.java:119)
	at sun.reflect.NativeMethodAccessorImpl.invoke0(Native Method)
	at sun.reflect.NativeMethodAccessorImpl.invoke(NativeMethodAccessorImpl.java:62)
	at sun.reflect.DelegatingMethodAccessorImpl.invoke(DelegatingMethodAccessorImpl.java:43)
	at java.lang.reflect.Method.invoke(Method.java:498)
	at org.junit.runners.model.FrameworkMethod$1.runReflectiveCall(FrameworkMethod.java:59)
	at org.junit.internal.runners.model.ReflectiveCallable.run(ReflectiveCallable.java:12)
	at org.junit.runners.model.FrameworkMethod.invokeExplosively(FrameworkMethod.java:56)
	at org.junit.internal.runners.statements.InvokeMethod.evaluate(InvokeMethod.java:17)
	at org.junit.internal.runners.statements.FailOnTimeout$CallableStatement.call(FailOnTimeout.java:288)
	at org.junit.internal.runners.statements.FailOnTimeout$CallableStatement.call(FailOnTimeout.java:282)
	at java.util.concurrent.FutureTask.run(FutureTask.java:266)
	at java.lang.Thread.run(Thread.java:748)
</error>
    <system-out><![CDATA[2022-01-13 07:01:25,808 [Time-limited test] WARN  server.ServerUtils (ServerUtils.java:getScmDbDir(148)) - ozone.scm.db.dirs is not configured. We recommend adding this setting. Falling back to ozone.metadata.dirs instead.
2022-01-13 07:01:25,811 [Time-limited test] INFO  ha.SCMHANodeDetails (SCMHANodeDetails.java:loadSCMHAConfig(157)) - ServiceID for StorageContainerManager is null
2022-01-13 07:01:25,811 [Time-limited test] INFO  ha.SCMHANodeDetails (SCMHANodeDetails.java:loadSCMHAConfig(162)) - ozone.scm.default.service.id is not defined, falling back to ozone.scm.service.ids to find serviceID for StorageContainerManager if it is HA enabled cluster
2022-01-13 07:01:25,812 [Time-limited test] INFO  server.RaftServer (ConfUtils.java:logGet(44)) - raft.rpc.type = GRPC (default)
2022-01-13 07:01:25,812 [Time-limited test] INFO  grpc.GrpcFactory (GrpcFactory.java:checkPooledByteBufAllocatorUseCacheForAllThreads(48)) - PERFORMANCE WARNING: useCacheForAllThreads is true that may cause Netty to create a lot garbage objects and, as a result, trigger GC.
	It is recommended to disable useCacheForAllThreads by setting -Dorg.apache.ratis.thirdparty.io.netty.allocator.useCacheForAllThreads=false in command line.
2022-01-13 07:01:25,813 [Time-limited test] INFO  grpc.GrpcConfigKeys (ConfUtils.java:logGet(44)) - raft.grpc.admin.port = -1 (default)
2022-01-13 07:01:25,813 [Time-limited test] INFO  grpc.GrpcConfigKeys (ConfUtils.java:logGet(44)) - raft.grpc.server.port = 9894 (custom)
2022-01-13 07:01:25,813 [Time-limited test] INFO  grpc.GrpcConfigKeys (ConfUtils.java:logGet(44)) - raft.grpc.client.port = -1 (default)
2022-01-13 07:01:25,813 [Time-limited test] INFO  grpc.GrpcConfigKeys (ConfUtils.java:logGet(44)) - raft.grpc.server.port = 9894 (custom)
2022-01-13 07:01:25,813 [Time-limited test] INFO  grpc.GrpcConfigKeys (ConfUtils.java:logGet(44)) - raft.grpc.server.port = 9894 (custom)
2022-01-13 07:01:25,813 [Time-limited test] INFO  server.GrpcService (ConfUtils.java:logGet(44)) - raft.grpc.message.size.max = 32m (=33554432) (custom)
2022-01-13 07:01:25,813 [Time-limited test] INFO  server.RaftServerConfigKeys (ConfUtils.java:logGet(44)) - raft.server.log.appender.buffer.byte-limit = 33554432 (custom)
2022-01-13 07:01:25,813 [Time-limited test] INFO  server.GrpcService (ConfUtils.java:logGet(44)) - raft.grpc.flow.control.window = 1MB (=1048576) (default)
2022-01-13 07:01:25,813 [Time-limited test] INFO  server.RaftServerConfigKeys (ConfUtils.java:logGet(44)) - raft.server.rpc.request.timeout = 30000ms (custom)
2022-01-13 07:01:25,815 [Time-limited test] INFO  impl.DataStreamServerImpl (ConfUtils.java:logGet(44)) - raft.datastream.type = DISABLED (default)
2022-01-13 07:01:25,815 [Time-limited test] INFO  server.RaftServerConfigKeys (ConfUtils.java:logGet(44)) - raft.server.rpc.slowness.timeout = 120000ms (custom)
2022-01-13 07:01:25,815 [Time-limited test] INFO  server.RaftServerConfigKeys (ConfUtils.java:logGet(44)) - raft.server.leaderelection.leader.step-down.wait-time = 10s (default)
2022-01-13 07:01:25,815 [Time-limited test] INFO  server.RaftServerConfigKeys (ConfUtils.java:logGet(44)) - raft.server.storage.dir = [/home/runner/work/ozone/ozone/hadoop-ozone/integration-test/target/test-dir/MiniOzoneClusterImpl-5cc78717-de86-4374-8821-2b604027a93e/ozone-meta/scm-ha] (custom)
2022-01-13 07:01:25,818 [Time-limited test] INFO  server.RaftServer (RaftServerProxy.java:addNew(95)) - 7205198f-879f-4d5d-99ab-4c1e7d178ba2: addNew group-2B604027A93E:[7205198f-879f-4d5d-99ab-4c1e7d178ba2|rpc:fv-az184-560:9894|priority:0] returns group-2B604027A93E:java.util.concurrent.CompletableFuture@62b51b3b[Not completed]
2022-01-13 07:01:25,819 [pool-79-thread-1] INFO  server.RaftServer$Division (RaftServerImpl.java:<init>(184)) - 7205198f-879f-4d5d-99ab-4c1e7d178ba2: new RaftServerImpl for group-2B604027A93E:[7205198f-879f-4d5d-99ab-4c1e7d178ba2|rpc:fv-az184-560:9894|priority:0] with SCMStateMachine:uninitialized
2022-01-13 07:01:25,819 [pool-79-thread-1] INFO  server.RaftServerConfigKeys (ConfUtils.java:logGet(44)) - raft.server.rpc.timeout.min = 5000ms (custom)
2022-01-13 07:01:25,819 [pool-79-thread-1] INFO  server.RaftServerConfigKeys (ConfUtils.java:logGet(44)) - raft.server.rpc.timeout.max = 5200ms (custom)
2022-01-13 07:01:25,819 [pool-79-thread-1] INFO  server.RaftServerConfigKeys (ConfUtils.java:logGet(44)) - raft.server.rpc.sleep.time = 25ms (default)
2022-01-13 07:01:25,819 [pool-79-thread-1] INFO  server.RaftServerConfigKeys (ConfUtils.java:logGet(44)) - raft.server.rpc.slowness.timeout = 120000ms (custom)
2022-01-13 07:01:25,819 [pool-79-thread-1] INFO  server.RaftServerConfigKeys (ConfUtils.java:logGet(44)) - raft.server.leaderelection.leader.step-down.wait-time = 10s (default)
2022-01-13 07:01:25,819 [pool-79-thread-1] INFO  server.RaftServerConfigKeys (ConfUtils.java:logGet(44)) - raft.server.sleep.deviation.threshold = 300ms (default)
2022-01-13 07:01:25,819 [pool-79-thread-1] INFO  server.RaftServerConfigKeys (ConfUtils.java:logGet(44)) - raft.server.log.appender.install.snapshot.enabled = false (custom)
2022-01-13 07:01:25,819 [pool-79-thread-1] INFO  server.RaftServer$Division (ServerState.java:<init>(105)) - 7205198f-879f-4d5d-99ab-4c1e7d178ba2@group-2B604027A93E: ConfigurationManager, init=-1: [7205198f-879f-4d5d-99ab-4c1e7d178ba2|rpc:fv-az184-560:9894|priority:0], old=null, confs=<EMPTY_MAP>
2022-01-13 07:01:25,820 [pool-79-thread-1] INFO  server.RaftServerConfigKeys (ConfUtils.java:logGet(44)) - raft.server.storage.dir = [/home/runner/work/ozone/ozone/hadoop-ozone/integration-test/target/test-dir/MiniOzoneClusterImpl-5cc78717-de86-4374-8821-2b604027a93e/ozone-meta/scm-ha] (custom)
2022-01-13 07:01:25,820 [pool-79-thread-1] INFO  server.RaftServerConfigKeys (ConfUtils.java:logGet(44)) - raft.server.log.corruption.policy = EXCEPTION (default)
2022-01-13 07:01:25,820 [pool-79-thread-1] INFO  server.RaftServerConfigKeys (ConfUtils.java:logGet(44)) - raft.server.storage.free-space.min = 0MB (=0) (default)
2022-01-13 07:01:25,820 [pool-79-thread-1] INFO  storage.RaftStorageDirectory (RaftStorageDirectoryImpl.java:analyzeStorage(135)) - The storage directory /home/runner/work/ozone/ozone/hadoop-ozone/integration-test/target/test-dir/MiniOzoneClusterImpl-5cc78717-de86-4374-8821-2b604027a93e/ozone-meta/scm-ha/5cc78717-de86-4374-8821-2b604027a93e does not exist. Creating ...
2022-01-13 07:01:25,824 [pool-79-thread-1] INFO  storage.RaftStorageDirectory (RaftStorageDirectoryImpl.java:tryLock(230)) - Lock on /home/runner/work/ozone/ozone/hadoop-ozone/integration-test/target/test-dir/MiniOzoneClusterImpl-5cc78717-de86-4374-8821-2b604027a93e/ozone-meta/scm-ha/5cc78717-de86-4374-8821-2b604027a93e/in_use.lock acquired by nodename 17775@fv-az184-560
2022-01-13 07:01:25,827 [pool-79-thread-1] INFO  storage.RaftStorage (RaftStorageImpl.java:format(89)) - Storage directory /home/runner/work/ozone/ozone/hadoop-ozone/integration-test/target/test-dir/MiniOzoneClusterImpl-5cc78717-de86-4374-8821-2b604027a93e/ozone-meta/scm-ha/5cc78717-de86-4374-8821-2b604027a93e has been successfully formatted.
2022-01-13 07:01:25,827 [pool-79-thread-1] INFO  server.RaftServerConfigKeys (ConfUtils.java:logGet(44)) - raft.server.notification.no-leader.timeout = 60s (default)
2022-01-13 07:01:25,827 [pool-79-thread-1] INFO  server.RaftServerConfigKeys (ConfUtils.java:logGet(44)) - raft.server.log.use.memory = false (default)
2022-01-13 07:01:25,827 [pool-79-thread-1] INFO  server.RaftServerConfigKeys (ConfUtils.java:logGet(44)) - raft.server.log.purge.gap = 1000000 (custom)
2022-01-13 07:01:25,827 [pool-79-thread-1] INFO  server.RaftServerConfigKeys (ConfUtils.java:logGet(44)) - raft.server.log.appender.buffer.byte-limit = 33554432 (custom)
2022-01-13 07:01:25,828 [pool-79-thread-1] INFO  server.RaftServerConfigKeys (ConfUtils.java:logGet(44)) - raft.server.log.segment.size.max = 4194304 (custom)
2022-01-13 07:01:25,828 [pool-79-thread-1] INFO  server.RaftServerConfigKeys (ConfUtils.java:logGet(44)) - raft.server.log.segment.cache.num.max = 2 (custom)
2022-01-13 07:01:25,828 [pool-79-thread-1] INFO  server.RaftServerConfigKeys (ConfUtils.java:logGet(44)) - raft.server.log.segment.cache.size.max = 200MB (=209715200) (default)
2022-01-13 07:01:25,828 [pool-79-thread-1] INFO  segmented.SegmentedRaftLogWorker (SegmentedRaftLogWorker.java:<init>(182)) - new 7205198f-879f-4d5d-99ab-4c1e7d178ba2@group-2B604027A93E-SegmentedRaftLogWorker for RaftStorageImpl:Storage Directory /home/runner/work/ozone/ozone/hadoop-ozone/integration-test/target/test-dir/MiniOzoneClusterImpl-5cc78717-de86-4374-8821-2b604027a93e/ozone-meta/scm-ha/5cc78717-de86-4374-8821-2b604027a93e
2022-01-13 07:01:25,829 [pool-79-thread-1] INFO  server.RaftServerConfigKeys (ConfUtils.java:logGet(44)) - raft.server.log.queue.byte-limit = 64MB (=67108864) (default)
2022-01-13 07:01:25,829 [pool-79-thread-1] INFO  server.RaftServerConfigKeys (ConfUtils.java:logGet(44)) - raft.server.log.queue.element-limit = 4096 (default)
2022-01-13 07:01:25,829 [pool-79-thread-1] INFO  server.RaftServerConfigKeys (ConfUtils.java:logGet(44)) - raft.server.log.segment.size.max = 4194304 (custom)
2022-01-13 07:01:25,829 [pool-79-thread-1] INFO  server.RaftServerConfigKeys (ConfUtils.java:logGet(44)) - raft.server.log.preallocated.size = 4194304 (custom)
2022-01-13 07:01:25,829 [pool-79-thread-1] INFO  server.RaftServerConfigKeys (ConfUtils.java:logGet(44)) - raft.server.log.force.sync.num = 128 (default)
2022-01-13 07:01:25,829 [pool-79-thread-1] INFO  server.RaftServerConfigKeys (ConfUtils.java:logGet(44)) - raft.server.log.statemachine.data.sync = true (default)
2022-01-13 07:01:25,829 [pool-79-thread-1] INFO  server.RaftServerConfigKeys (ConfUtils.java:logGet(44)) - raft.server.log.statemachine.data.sync.timeout = 10s (default)
2022-01-13 07:01:25,829 [pool-79-thread-1] INFO  server.RaftServerConfigKeys (ConfUtils.java:logGet(44)) - raft.server.log.statemachine.data.sync.timeout.retry = -1 (default)
2022-01-13 07:01:25,830 [pool-79-thread-1] INFO  server.RaftServerConfigKeys (ConfUtils.java:logGet(44)) - raft.server.log.write.buffer.size = 64KB (=65536) (default)
2022-01-13 07:01:25,830 [pool-79-thread-1] INFO  server.RaftServerConfigKeys (ConfUtils.java:logGet(44)) - raft.server.log.statemachine.data.caching.enabled = false (default)
2022-01-13 07:01:25,830 [pool-79-thread-1] INFO  segmented.SegmentedRaftLogWorker (SegmentedRaftLogWorker.java:lambda$new$0(133)) - 7205198f-879f-4d5d-99ab-4c1e7d178ba2@group-2B604027A93E-SegmentedRaftLogWorker: flushIndex: setUnconditionally 0 -> -1
2022-01-13 07:01:25,834 [pool-79-thread-1] INFO  segmented.SegmentedRaftLogWorker (SegmentedRaftLogWorker.java:lambda$new$0(133)) - 7205198f-879f-4d5d-99ab-4c1e7d178ba2@group-2B604027A93E-SegmentedRaftLogWorker: safeCacheEvictIndex: setUnconditionally 0 -> -1
2022-01-13 07:01:25,842 [pool-79-thread-1] INFO  server.RaftServerConfigKeys (ConfUtils.java:logGet(44)) - raft.server.snapshot.auto.trigger.enabled = true (custom)
2022-01-13 07:01:25,842 [pool-79-thread-1] INFO  server.RaftServerConfigKeys (ConfUtils.java:logGet(44)) - raft.server.snapshot.auto.trigger.threshold = 1000 (custom)
2022-01-13 07:01:25,842 [pool-79-thread-1] INFO  server.RaftServerConfigKeys (ConfUtils.java:logGet(44)) - raft.server.snapshot.retention.file.num = -1 (default)
2022-01-13 07:01:25,842 [pool-79-thread-1] INFO  server.RaftServerConfigKeys (ConfUtils.java:logGet(44)) - raft.server.log.purge.upto.snapshot.index = false (default)
2022-01-13 07:01:25,843 [pool-79-thread-1] INFO  server.RaftServerConfigKeys (ConfUtils.java:logGet(44)) - raft.server.retrycache.expirytime = 60000ms (default)
2022-01-13 07:01:25,843 [pool-79-thread-1] INFO  server.RaftServerConfigKeys (ConfUtils.java:logGet(44)) - raft.server.retrycache.statistics.expirytime = 100μs (default)
2022-01-13 07:01:25,844 [Time-limited test] INFO  server.RaftServer$Division (RaftServerImpl.java:start(301)) - 7205198f-879f-4d5d-99ab-4c1e7d178ba2@group-2B604027A93E: start as a follower, conf=-1: [7205198f-879f-4d5d-99ab-4c1e7d178ba2|rpc:fv-az184-560:9894|priority:0], old=null
2022-01-13 07:01:25,844 [Time-limited test] INFO  server.RaftServer$Division (RaftServerImpl.java:setRole(290)) - 7205198f-879f-4d5d-99ab-4c1e7d178ba2@group-2B604027A93E: changes role from      null to FOLLOWER at term 0 for startAsFollower
2022-01-13 07:01:25,844 [Time-limited test] INFO  impl.RoleInfo (RoleInfo.java:updateAndGet(130)) - 7205198f-879f-4d5d-99ab-4c1e7d178ba2: start 7205198f-879f-4d5d-99ab-4c1e7d178ba2@group-2B604027A93E-FollowerState
2022-01-13 07:01:25,850 [Time-limited test] INFO  util.JmxRegister (JmxRegister.java:tryRegister(44)) - Successfully registered JMX Bean with object name Ratis:service=RaftServer,group=group-2B604027A93E,id=7205198f-879f-4d5d-99ab-4c1e7d178ba2
2022-01-13 07:01:25,851 [Time-limited test] INFO  server.RaftServer (RaftServerProxy.java:lambda$start$5(374)) - 7205198f-879f-4d5d-99ab-4c1e7d178ba2: start RPC server
2022-01-13 07:01:25,852 [Time-limited test] INFO  server.GrpcService (GrpcService.java:startImpl(253)) - 7205198f-879f-4d5d-99ab-4c1e7d178ba2: GrpcService started, listening on 9894
2022-01-13 07:01:25,853 [org.apache.ratis.util.JvmPauseMonitor$$Lambda$431/949233711@47986646] INFO  util.JvmPauseMonitor (JvmPauseMonitor.java:run(103)) - JvmPauseMonitor-7205198f-879f-4d5d-99ab-4c1e7d178ba2: Started
2022-01-13 07:01:30,983 [7205198f-879f-4d5d-99ab-4c1e7d178ba2@group-2B604027A93E-FollowerState] INFO  impl.FollowerState (FollowerState.java:run(134)) - 7205198f-879f-4d5d-99ab-4c1e7d178ba2@group-2B604027A93E-FollowerState: change to CANDIDATE, lastRpcElapsedTime:5139241076ns, electionTimeout:5133ms
2022-01-13 07:01:30,984 [7205198f-879f-4d5d-99ab-4c1e7d178ba2@group-2B604027A93E-FollowerState] INFO  impl.RoleInfo (RoleInfo.java:shutdownFollowerState(108)) - 7205198f-879f-4d5d-99ab-4c1e7d178ba2: shutdown 7205198f-879f-4d5d-99ab-4c1e7d178ba2@group-2B604027A93E-FollowerState
2022-01-13 07:01:30,984 [7205198f-879f-4d5d-99ab-4c1e7d178ba2@group-2B604027A93E-FollowerState] INFO  server.RaftServer$Division (RaftServerImpl.java:setRole(290)) - 7205198f-879f-4d5d-99ab-4c1e7d178ba2@group-2B604027A93E: changes role from  FOLLOWER to CANDIDATE at term 0 for changeToCandidate
2022-01-13 07:01:30,984 [7205198f-879f-4d5d-99ab-4c1e7d178ba2@group-2B604027A93E-FollowerState] INFO  server.RaftServerConfigKeys (ConfUtils.java:logGet(44)) - raft.server.leaderelection.pre-vote = false (custom)
2022-01-13 07:01:30,985 [7205198f-879f-4d5d-99ab-4c1e7d178ba2@group-2B604027A93E-FollowerState] INFO  impl.RoleInfo (RoleInfo.java:updateAndGet(130)) - 7205198f-879f-4d5d-99ab-4c1e7d178ba2: start 7205198f-879f-4d5d-99ab-4c1e7d178ba2@group-2B604027A93E-LeaderElection4
2022-01-13 07:01:30,993 [7205198f-879f-4d5d-99ab-4c1e7d178ba2@group-2B604027A93E-LeaderElection4] INFO  impl.LeaderElection (LeaderElection.java:askForVotes(306)) - 7205198f-879f-4d5d-99ab-4c1e7d178ba2@group-2B604027A93E-LeaderElection4 ELECTION round 0: submit vote requests at term 1 for -1: [7205198f-879f-4d5d-99ab-4c1e7d178ba2|rpc:fv-az184-560:9894|priority:0], old=null
2022-01-13 07:01:30,993 [7205198f-879f-4d5d-99ab-4c1e7d178ba2@group-2B604027A93E-LeaderElection4] INFO  impl.LeaderElection (LeaderElection.java:askForVotes(308)) - 7205198f-879f-4d5d-99ab-4c1e7d178ba2@group-2B604027A93E-LeaderElection4 ELECTION round 0: result PASSED (term=1)
2022-01-13 07:01:30,994 [7205198f-879f-4d5d-99ab-4c1e7d178ba2@group-2B604027A93E-LeaderElection4] INFO  impl.RoleInfo (RoleInfo.java:shutdownLeaderElection(121)) - 7205198f-879f-4d5d-99ab-4c1e7d178ba2: shutdown 7205198f-879f-4d5d-99ab-4c1e7d178ba2@group-2B604027A93E-LeaderElection4
2022-01-13 07:01:30,994 [7205198f-879f-4d5d-99ab-4c1e7d178ba2@group-2B604027A93E-LeaderElection4] INFO  server.RaftServer$Division (RaftServerImpl.java:setRole(290)) - 7205198f-879f-4d5d-99ab-4c1e7d178ba2@group-2B604027A93E: changes role from CANDIDATE to LEADER at term 1 for changeToLeader
2022-01-13 07:01:30,994 [7205198f-879f-4d5d-99ab-4c1e7d178ba2@group-2B604027A93E-LeaderElection4] INFO  server.RaftServer$Division (ServerState.java:setLeader(285)) - 7205198f-879f-4d5d-99ab-4c1e7d178ba2@group-2B604027A93E: change Leader from null to 7205198f-879f-4d5d-99ab-4c1e7d178ba2 at term 1 for becomeLeader, leader elected after 5166ms
2022-01-13 07:01:30,994 [7205198f-879f-4d5d-99ab-4c1e7d178ba2@group-2B604027A93E-LeaderElection4] INFO  server.RaftServerConfigKeys (ConfUtils.java:logGet(44)) - raft.server.staging.catchup.gap = 1000 (default)
2022-01-13 07:01:30,995 [7205198f-879f-4d5d-99ab-4c1e7d178ba2@group-2B604027A93E-LeaderElection4] INFO  server.RaftServerConfigKeys (ConfUtils.java:logGet(44)) - raft.server.write.element-limit = 4096 (default)
2022-01-13 07:01:30,995 [7205198f-879f-4d5d-99ab-4c1e7d178ba2@group-2B604027A93E-LeaderElection4] INFO  server.RaftServerConfigKeys (ConfUtils.java:logGet(44)) - raft.server.write.byte-limit = 64MB (=67108864) (default)
2022-01-13 07:01:30,996 [7205198f-879f-4d5d-99ab-4c1e7d178ba2@group-2B604027A93E-LeaderElection4] INFO  server.RaftServerConfigKeys (ConfUtils.java:logGet(44)) - raft.server.watch.timeout = 10s (default)
2022-01-13 07:01:30,996 [7205198f-879f-4d5d-99ab-4c1e7d178ba2@group-2B604027A93E-LeaderElection4] INFO  server.RaftServerConfigKeys (ConfUtils.java:logGet(44)) - raft.server.watch.timeout.denomination = 1s (default)
2022-01-13 07:01:30,996 [7205198f-879f-4d5d-99ab-4c1e7d178ba2@group-2B604027A93E-LeaderElection4] INFO  server.RaftServerConfigKeys (ConfUtils.java:logGet(44)) - raft.server.watch.element-limit = 65536 (default)
2022-01-13 07:01:30,996 [7205198f-879f-4d5d-99ab-4c1e7d178ba2@group-2B604027A93E-LeaderElection4] INFO  server.RaftServerConfigKeys (ConfUtils.java:logGet(44)) - raft.server.write.element-limit = 4096 (default)
2022-01-13 07:01:30,997 [7205198f-879f-4d5d-99ab-4c1e7d178ba2@group-2B604027A93E-LeaderElection4] INFO  server.RaftServerConfigKeys (ConfUtils.java:logGet(44)) - raft.server.write.follower.gap.ratio.max = -1.0 (default)
2022-01-13 07:01:30,997 [7205198f-879f-4d5d-99ab-4c1e7d178ba2@group-2B604027A93E-LeaderElection4] INFO  impl.RoleInfo (RoleInfo.java:updateAndGet(130)) - 7205198f-879f-4d5d-99ab-4c1e7d178ba2: start 7205198f-879f-4d5d-99ab-4c1e7d178ba2@group-2B604027A93E-LeaderStateImpl
2022-01-13 07:01:30,997 [7205198f-879f-4d5d-99ab-4c1e7d178ba2@group-2B604027A93E-LeaderElection4] INFO  segmented.SegmentedRaftLogWorker (SegmentedRaftLogWorker.java:startLogSegment(394)) - 7205198f-879f-4d5d-99ab-4c1e7d178ba2@group-2B604027A93E-SegmentedRaftLogWorker: Starting segment from index:0
2022-01-13 07:01:31,008 [7205198f-879f-4d5d-99ab-4c1e7d178ba2@group-2B604027A93E-LeaderElection4] INFO  server.RaftServer$Division (ServerState.java:setRaftConf(387)) - 7205198f-879f-4d5d-99ab-4c1e7d178ba2@group-2B604027A93E: set configuration 0: [7205198f-879f-4d5d-99ab-4c1e7d178ba2|rpc:fv-az184-560:9894|admin:|client:|dataStream:|priority:0], old=null
2022-01-13 07:01:31,009 [7205198f-879f-4d5d-99ab-4c1e7d178ba2@group-2B604027A93E-SegmentedRaftLogWorker] INFO  segmented.SegmentedRaftLogWorker (SegmentedRaftLogWorker.java:execute(601)) - 7205198f-879f-4d5d-99ab-4c1e7d178ba2@group-2B604027A93E-SegmentedRaftLogWorker: created new log segment /home/runner/work/ozone/ozone/hadoop-ozone/integration-test/target/test-dir/MiniOzoneClusterImpl-5cc78717-de86-4374-8821-2b604027a93e/ozone-meta/scm-ha/5cc78717-de86-4374-8821-2b604027a93e/current/log_inprogress_0
2022-01-13 07:01:31,855 [Time-limited test] INFO  server.RaftServer (RaftServerProxy.java:lambda$close$6(391)) - 7205198f-879f-4d5d-99ab-4c1e7d178ba2: close
2022-01-13 07:01:31,855 [Time-limited test] INFO  server.RaftServer$Division (RaftServerImpl.java:lambda$close$4(412)) - 7205198f-879f-4d5d-99ab-4c1e7d178ba2@group-2B604027A93E: shutdown
2022-01-13 07:01:31,855 [Time-limited test] INFO  util.JmxRegister (JmxRegister.java:unregister(73)) - Successfully un-registered JMX Bean with object name Ratis:service=RaftServer,group=group-2B604027A93E,id=7205198f-879f-4d5d-99ab-4c1e7d178ba2
2022-01-13 07:01:31,855 [Time-limited test] INFO  impl.RoleInfo (RoleInfo.java:shutdownLeaderState(91)) - 7205198f-879f-4d5d-99ab-4c1e7d178ba2: shutdown 7205198f-879f-4d5d-99ab-4c1e7d178ba2@group-2B604027A93E-LeaderStateImpl
2022-01-13 07:01:31,856 [Time-limited test] INFO  impl.PendingRequests (PendingRequests.java:sendNotLeaderResponses(282)) - 7205198f-879f-4d5d-99ab-4c1e7d178ba2@group-2B604027A93E-PendingRequests: sendNotLeaderResponses
2022-01-13 07:01:31,858 [7205198f-879f-4d5d-99ab-4c1e7d178ba2@group-2B604027A93E-StateMachineUpdater] INFO  impl.StateMachineUpdater (StateMachineUpdater.java:takeSnapshot(281)) - 7205198f-879f-4d5d-99ab-4c1e7d178ba2@group-2B604027A93E-StateMachineUpdater: Took a snapshot at index 0
2022-01-13 07:01:31,858 [7205198f-879f-4d5d-99ab-4c1e7d178ba2@group-2B604027A93E-StateMachineUpdater] INFO  impl.StateMachineUpdater (StateMachineUpdater.java:lambda$new$0(89)) - 7205198f-879f-4d5d-99ab-4c1e7d178ba2@group-2B604027A93E-StateMachineUpdater: snapshotIndex: updateIncreasingly -1 -> 0
2022-01-13 07:01:31,859 [Time-limited test] INFO  impl.StateMachineUpdater (StateMachineUpdater.java:stopAndJoin(149)) - 7205198f-879f-4d5d-99ab-4c1e7d178ba2@group-2B604027A93E-StateMachineUpdater: set stopIndex = 0
2022-01-13 07:01:31,859 [Time-limited test] INFO  server.RaftServer$Division (ServerState.java:close(419)) - 7205198f-879f-4d5d-99ab-4c1e7d178ba2@group-2B604027A93E: closes. applyIndex: 0
2022-01-13 07:01:31,859 [7205198f-879f-4d5d-99ab-4c1e7d178ba2@group-2B604027A93E-SegmentedRaftLogWorker] INFO  segmented.SegmentedRaftLogWorker (SegmentedRaftLogWorker.java:run(327)) - 7205198f-879f-4d5d-99ab-4c1e7d178ba2@group-2B604027A93E-SegmentedRaftLogWorker was interrupted, exiting. There are 0 tasks remaining in the queue.
2022-01-13 07:01:31,861 [Time-limited test] INFO  segmented.SegmentedRaftLogWorker (SegmentedRaftLogWorker.java:close(237)) - 7205198f-879f-4d5d-99ab-4c1e7d178ba2@group-2B604027A93E-SegmentedRaftLogWorker close()
2022-01-13 07:01:31,862 [Time-limited test] INFO  server.GrpcService (GrpcService.java:closeImpl(262)) - 7205198f-879f-4d5d-99ab-4c1e7d178ba2: shutdown server with port 9894 now
2022-01-13 07:01:31,863 [Time-limited test] INFO  server.GrpcService (GrpcService.java:closeImpl(271)) - 7205198f-879f-4d5d-99ab-4c1e7d178ba2: shutdown server with port 9894 successfully
2022-01-13 07:01:31,863 [org.apache.ratis.util.JvmPauseMonitor$$Lambda$431/949233711@47986646] INFO  util.JvmPauseMonitor (JvmPauseMonitor.java:run(109)) - JvmPauseMonitor-7205198f-879f-4d5d-99ab-4c1e7d178ba2: Stopped
2022-01-13 07:01:31,863 [Time-limited test] INFO  ha.SCMHANodeDetails (SCMHANodeDetails.java:loadSCMHAConfig(157)) - ServiceID for StorageContainerManager is null
2022-01-13 07:01:31,864 [Time-limited test] INFO  ha.SCMHANodeDetails (SCMHANodeDetails.java:loadSCMHAConfig(162)) - ozone.scm.default.service.id is not defined, falling back to ozone.scm.service.ids to find serviceID for StorageContainerManager if it is HA enabled cluster
2022-01-13 07:01:31,865 [Time-limited test] WARN  server.ServerUtils (ServerUtils.java:getScmDbDir(148)) - ozone.scm.db.dirs is not configured. We recommend adding this setting. Falling back to ozone.metadata.dirs instead.
2022-01-13 07:01:31,867 [Time-limited test] INFO  upgrade.AbstractLayoutVersionManager (AbstractLayoutVersionManager.java:init(79)) - Initializing Layout version manager with metadata layout = SCM_HA (version = 2), software layout = SCM_HA (version = 2)
2022-01-13 07:01:31,964 [Time-limited test] INFO  reflections.Reflections (Reflections.java:scan(232)) - Reflections took 93 ms to scan 7 urls, producing 119 keys and 279 values 
2022-01-13 07:01:31,971 [Time-limited test] WARN  utils.HAUtils (HAUtils.java:getMetaDir(342)) - ozone.scm.db.dirs is not configured. We recommend adding this setting. Falling back to ozone.metadata.dirs instead.
2022-01-13 07:01:31,973 [Time-limited test] WARN  db.DBStoreBuilder (DBStoreBuilder.java:applyDBDefinition(145)) - ozone.scm.db.dirs is not configured. We recommend adding this setting. Falling back to ozone.metadata.dirs instead.
2022-01-13 07:01:32,072 [Time-limited test] INFO  net.NodeSchemaLoader (NodeSchemaLoader.java:loadSchemaFromFile(129)) - Loading schema from [jar:file:/home/runner/.m2/repository/org/apache/ozone/hdds-common/1.3.0-SNAPSHOT/hdds-common-1.3.0-SNAPSHOT.jar!/network-topology-default.xml]
2022-01-13 07:01:32,072 [Time-limited test] INFO  net.NodeSchemaLoader (NodeSchemaLoader.java:loadSchema(176)) - Loading network topology layer schema file
2022-01-13 07:01:32,086 [Time-limited test] INFO  ha.SCMRatisServerImpl (SCMRatisServerImpl.java:<init>(87)) - starting Raft server for scm:7205198f-879f-4d5d-99ab-4c1e7d178ba2
2022-01-13 07:01:32,086 [Time-limited test] INFO  server.RaftServer (ConfUtils.java:logGet(44)) - raft.rpc.type = GRPC (default)
2022-01-13 07:01:32,087 [Time-limited test] INFO  grpc.GrpcFactory (GrpcFactory.java:checkPooledByteBufAllocatorUseCacheForAllThreads(48)) - PERFORMANCE WARNING: useCacheForAllThreads is true that may cause Netty to create a lot garbage objects and, as a result, trigger GC.
	It is recommended to disable useCacheForAllThreads by setting -Dorg.apache.ratis.thirdparty.io.netty.allocator.useCacheForAllThreads=false in command line.
2022-01-13 07:01:32,087 [Time-limited test] INFO  grpc.GrpcConfigKeys (ConfUtils.java:logGet(44)) - raft.grpc.admin.port = -1 (default)
2022-01-13 07:01:32,087 [Time-limited test] INFO  grpc.GrpcConfigKeys (ConfUtils.java:logGet(44)) - raft.grpc.server.port = 9894 (custom)
2022-01-13 07:01:32,087 [Time-limited test] INFO  grpc.GrpcConfigKeys (ConfUtils.java:logGet(44)) - raft.grpc.client.port = -1 (default)
2022-01-13 07:01:32,087 [Time-limited test] INFO  grpc.GrpcConfigKeys (ConfUtils.java:logGet(44)) - raft.grpc.server.port = 9894 (custom)
2022-01-13 07:01:32,087 [Time-limited test] INFO  grpc.GrpcConfigKeys (ConfUtils.java:logGet(44)) - raft.grpc.server.port = 9894 (custom)
2022-01-13 07:01:32,087 [Time-limited test] INFO  server.GrpcService (ConfUtils.java:logGet(44)) - raft.grpc.message.size.max = 32m (=33554432) (custom)
2022-01-13 07:01:32,087 [Time-limited test] INFO  server.RaftServerConfigKeys (ConfUtils.java:logGet(44)) - raft.server.log.appender.buffer.byte-limit = 33554432 (custom)
2022-01-13 07:01:32,088 [Time-limited test] INFO  server.GrpcService (ConfUtils.java:logGet(44)) - raft.grpc.flow.control.window = 1MB (=1048576) (default)
2022-01-13 07:01:32,088 [Time-limited test] INFO  server.RaftServerConfigKeys (ConfUtils.java:logGet(44)) - raft.server.rpc.request.timeout = 30000ms (custom)
2022-01-13 07:01:32,089 [Time-limited test] INFO  impl.DataStreamServerImpl (ConfUtils.java:logGet(44)) - raft.datastream.type = DISABLED (default)
2022-01-13 07:01:32,092 [Time-limited test] INFO  server.RaftServerConfigKeys (ConfUtils.java:logGet(44)) - raft.server.rpc.slowness.timeout = 120000ms (custom)
2022-01-13 07:01:32,093 [Time-limited test] INFO  server.RaftServerConfigKeys (ConfUtils.java:logGet(44)) - raft.server.leaderelection.leader.step-down.wait-time = 10s (default)
2022-01-13 07:01:32,093 [Time-limited test] INFO  server.RaftServerConfigKeys (ConfUtils.java:logGet(44)) - raft.server.storage.dir = [/home/runner/work/ozone/ozone/hadoop-ozone/integration-test/target/test-dir/MiniOzoneClusterImpl-5cc78717-de86-4374-8821-2b604027a93e/ozone-meta/scm-ha] (custom)
2022-01-13 07:01:32,093 [Time-limited test] INFO  server.RaftServer (RaftServerProxy.java:lambda$null$1(235)) - 7205198f-879f-4d5d-99ab-4c1e7d178ba2: found a subdirectory /home/runner/work/ozone/ozone/hadoop-ozone/integration-test/target/test-dir/MiniOzoneClusterImpl-5cc78717-de86-4374-8821-2b604027a93e/ozone-meta/scm-ha/5cc78717-de86-4374-8821-2b604027a93e
2022-01-13 07:01:32,094 [Time-limited test] INFO  server.RaftServer (RaftServerProxy.java:addNew(95)) - 7205198f-879f-4d5d-99ab-4c1e7d178ba2: addNew group-2B604027A93E:[] returns group-2B604027A93E:java.util.concurrent.CompletableFuture@32489eb8[Not completed]
2022-01-13 07:01:32,095 [pool-92-thread-1] INFO  server.RaftServer$Division (RaftServerImpl.java:<init>(184)) - 7205198f-879f-4d5d-99ab-4c1e7d178ba2: new RaftServerImpl for group-2B604027A93E:[] with SCMStateMachine:uninitialized
2022-01-13 07:01:32,095 [pool-92-thread-1] INFO  server.RaftServerConfigKeys (ConfUtils.java:logGet(44)) - raft.server.rpc.timeout.min = 5000ms (custom)
2022-01-13 07:01:32,095 [pool-92-thread-1] INFO  server.RaftServerConfigKeys (ConfUtils.java:logGet(44)) - raft.server.rpc.timeout.max = 5200ms (custom)
2022-01-13 07:01:32,095 [pool-92-thread-1] INFO  server.RaftServerConfigKeys (ConfUtils.java:logGet(44)) - raft.server.rpc.sleep.time = 25ms (default)
2022-01-13 07:01:32,096 [pool-92-thread-1] INFO  server.RaftServerConfigKeys (ConfUtils.java:logGet(44)) - raft.server.rpc.slowness.timeout = 120000ms (custom)
2022-01-13 07:01:32,096 [pool-92-thread-1] INFO  server.RaftServerConfigKeys (ConfUtils.java:logGet(44)) - raft.server.leaderelection.leader.step-down.wait-time = 10s (default)
2022-01-13 07:01:32,099 [pool-92-thread-1] INFO  server.RaftServerConfigKeys (ConfUtils.java:logGet(44)) - raft.server.sleep.deviation.threshold = 300ms (default)
2022-01-13 07:01:32,099 [pool-92-thread-1] INFO  server.RaftServerConfigKeys (ConfUtils.java:logGet(44)) - raft.server.log.appender.install.snapshot.enabled = false (custom)
2022-01-13 07:01:32,099 [pool-92-thread-1] INFO  server.RaftServer$Division (ServerState.java:<init>(105)) - 7205198f-879f-4d5d-99ab-4c1e7d178ba2@group-2B604027A93E: ConfigurationManager, init=-1: [], old=null, confs=<EMPTY_MAP>
2022-01-13 07:01:32,099 [pool-92-thread-1] INFO  server.RaftServerConfigKeys (ConfUtils.java:logGet(44)) - raft.server.storage.dir = [/home/runner/work/ozone/ozone/hadoop-ozone/integration-test/target/test-dir/MiniOzoneClusterImpl-5cc78717-de86-4374-8821-2b604027a93e/ozone-meta/scm-ha] (custom)
2022-01-13 07:01:32,100 [pool-92-thread-1] INFO  server.RaftServerConfigKeys (ConfUtils.java:logGet(44)) - raft.server.log.corruption.policy = EXCEPTION (default)
2022-01-13 07:01:32,100 [pool-92-thread-1] INFO  server.RaftServerConfigKeys (ConfUtils.java:logGet(44)) - raft.server.storage.free-space.min = 0MB (=0) (default)
2022-01-13 07:01:32,102 [pool-92-thread-1] INFO  storage.RaftStorageDirectory (RaftStorageDirectoryImpl.java:tryLock(230)) - Lock on /home/runner/work/ozone/ozone/hadoop-ozone/integration-test/target/test-dir/MiniOzoneClusterImpl-5cc78717-de86-4374-8821-2b604027a93e/ozone-meta/scm-ha/5cc78717-de86-4374-8821-2b604027a93e/in_use.lock acquired by nodename 17775@fv-az184-560
2022-01-13 07:01:32,102 [pool-92-thread-1] INFO  storage.RaftStorage (RaftStorageImpl.java:analyzeAndRecoverStorage(110)) - Read RaftStorageMetadata{term=1, votedFor=7205198f-879f-4d5d-99ab-4c1e7d178ba2} from /home/runner/work/ozone/ozone/hadoop-ozone/integration-test/target/test-dir/MiniOzoneClusterImpl-5cc78717-de86-4374-8821-2b604027a93e/ozone-meta/scm-ha/5cc78717-de86-4374-8821-2b604027a93e/current/raft-meta
2022-01-13 07:01:32,103 [pool-92-thread-1] INFO  server.RaftServer$Division (ServerState.java:setRaftConf(387)) - 7205198f-879f-4d5d-99ab-4c1e7d178ba2@group-2B604027A93E: set configuration 0: [7205198f-879f-4d5d-99ab-4c1e7d178ba2|rpc:fv-az184-560:9894|admin:|client:|dataStream:|priority:0], old=null
2022-01-13 07:01:32,103 [pool-92-thread-1] INFO  server.RaftServerConfigKeys (ConfUtils.java:logGet(44)) - raft.server.notification.no-leader.timeout = 60s (default)
2022-01-13 07:01:32,103 [pool-92-thread-1] INFO  server.RaftServerConfigKeys (ConfUtils.java:logGet(44)) - raft.server.log.use.memory = false (default)
2022-01-13 07:01:32,103 [pool-92-thread-1] INFO  server.RaftServerConfigKeys (ConfUtils.java:logGet(44)) - raft.server.log.purge.gap = 1000000 (custom)
2022-01-13 07:01:32,103 [pool-92-thread-1] INFO  server.RaftServerConfigKeys (ConfUtils.java:logGet(44)) - raft.server.log.appender.buffer.byte-limit = 33554432 (custom)
2022-01-13 07:01:32,104 [pool-92-thread-1] INFO  server.RaftServerConfigKeys (ConfUtils.java:logGet(44)) - raft.server.log.segment.size.max = 4194304 (custom)
2022-01-13 07:01:32,106 [pool-92-thread-1] INFO  server.RaftServerConfigKeys (ConfUtils.java:logGet(44)) - raft.server.log.segment.cache.num.max = 2 (custom)
2022-01-13 07:01:32,106 [pool-92-thread-1] INFO  server.RaftServerConfigKeys (ConfUtils.java:logGet(44)) - raft.server.log.segment.cache.size.max = 200MB (=209715200) (default)
2022-01-13 07:01:32,106 [pool-92-thread-1] INFO  segmented.SegmentedRaftLogWorker (SegmentedRaftLogWorker.java:<init>(182)) - new 7205198f-879f-4d5d-99ab-4c1e7d178ba2@group-2B604027A93E-SegmentedRaftLogWorker for RaftStorageImpl:Storage Directory /home/runner/work/ozone/ozone/hadoop-ozone/integration-test/target/test-dir/MiniOzoneClusterImpl-5cc78717-de86-4374-8821-2b604027a93e/ozone-meta/scm-ha/5cc78717-de86-4374-8821-2b604027a93e
2022-01-13 07:01:32,107 [pool-92-thread-1] INFO  server.RaftServerConfigKeys (ConfUtils.java:logGet(44)) - raft.server.log.queue.byte-limit = 64MB (=67108864) (default)
2022-01-13 07:01:32,107 [pool-92-thread-1] INFO  server.RaftServerConfigKeys (ConfUtils.java:logGet(44)) - raft.server.log.queue.element-limit = 4096 (default)
2022-01-13 07:01:32,107 [pool-92-thread-1] INFO  server.RaftServerConfigKeys (ConfUtils.java:logGet(44)) - raft.server.log.segment.size.max = 4194304 (custom)
2022-01-13 07:01:32,107 [pool-92-thread-1] INFO  server.RaftServerConfigKeys (ConfUtils.java:logGet(44)) - raft.server.log.preallocated.size = 4194304 (custom)
2022-01-13 07:01:32,107 [pool-92-thread-1] INFO  server.RaftServerConfigKeys (ConfUtils.java:logGet(44)) - raft.server.log.force.sync.num = 128 (default)
2022-01-13 07:01:32,107 [pool-92-thread-1] INFO  server.RaftServerConfigKeys (ConfUtils.java:logGet(44)) - raft.server.log.statemachine.data.sync = true (default)
2022-01-13 07:01:32,113 [pool-92-thread-1] INFO  server.RaftServerConfigKeys (ConfUtils.java:logGet(44)) - raft.server.log.statemachine.data.sync.timeout = 10s (default)
2022-01-13 07:01:32,113 [pool-92-thread-1] INFO  server.RaftServerConfigKeys (ConfUtils.java:logGet(44)) - raft.server.log.statemachine.data.sync.timeout.retry = -1 (default)
2022-01-13 07:01:32,114 [pool-92-thread-1] INFO  server.RaftServerConfigKeys (ConfUtils.java:logGet(44)) - raft.server.log.write.buffer.size = 64KB (=65536) (default)
2022-01-13 07:01:32,118 [pool-92-thread-1] INFO  server.RaftServerConfigKeys (ConfUtils.java:logGet(44)) - raft.server.log.statemachine.data.caching.enabled = false (default)
2022-01-13 07:01:32,120 [pool-92-thread-1] INFO  server.RaftServer$Division (ServerState.java:setRaftConf(387)) - 7205198f-879f-4d5d-99ab-4c1e7d178ba2@group-2B604027A93E: set configuration 0: [7205198f-879f-4d5d-99ab-4c1e7d178ba2|rpc:fv-az184-560:9894|admin:|client:|dataStream:|priority:0], old=null
2022-01-13 07:01:32,122 [pool-92-thread-1] INFO  segmented.LogSegment (LogSegment.java:loadSegment(173)) - Successfully read 1 entries from segment file /home/runner/work/ozone/ozone/hadoop-ozone/integration-test/target/test-dir/MiniOzoneClusterImpl-5cc78717-de86-4374-8821-2b604027a93e/ozone-meta/scm-ha/5cc78717-de86-4374-8821-2b604027a93e/current/log_inprogress_0
2022-01-13 07:01:32,122 [pool-92-thread-1] INFO  segmented.SegmentedRaftLogWorker (SegmentedRaftLogWorker.java:lambda$new$0(133)) - 7205198f-879f-4d5d-99ab-4c1e7d178ba2@group-2B604027A93E-SegmentedRaftLogWorker: flushIndex: setUnconditionally 0 -> 0
2022-01-13 07:01:32,122 [pool-92-thread-1] INFO  segmented.SegmentedRaftLogWorker (SegmentedRaftLogWorker.java:lambda$new$0(133)) - 7205198f-879f-4d5d-99ab-4c1e7d178ba2@group-2B604027A93E-SegmentedRaftLogWorker: safeCacheEvictIndex: setUnconditionally 0 -> -1
2022-01-13 07:01:32,130 [pool-92-thread-1] INFO  server.RaftServerConfigKeys (ConfUtils.java:logGet(44)) - raft.server.snapshot.auto.trigger.enabled = true (custom)
2022-01-13 07:01:32,130 [pool-92-thread-1] INFO  server.RaftServerConfigKeys (ConfUtils.java:logGet(44)) - raft.server.snapshot.auto.trigger.threshold = 1000 (custom)
2022-01-13 07:01:32,130 [pool-92-thread-1] INFO  server.RaftServerConfigKeys (ConfUtils.java:logGet(44)) - raft.server.snapshot.retention.file.num = -1 (default)
2022-01-13 07:01:32,130 [pool-92-thread-1] INFO  server.RaftServerConfigKeys (ConfUtils.java:logGet(44)) - raft.server.log.purge.upto.snapshot.index = false (default)
2022-01-13 07:01:32,131 [pool-92-thread-1] INFO  server.RaftServerConfigKeys (ConfUtils.java:logGet(44)) - raft.server.retrycache.expirytime = 60000ms (default)
2022-01-13 07:01:32,131 [pool-92-thread-1] INFO  server.RaftServerConfigKeys (ConfUtils.java:logGet(44)) - raft.server.retrycache.statistics.expirytime = 100μs (default)
2022-01-13 07:01:32,137 [Time-limited test] INFO  ha.SCMSnapshotProvider (SCMSnapshotProvider.java:<init>(66)) - Initializing SCM Snapshot Provider
2022-01-13 07:01:32,137 [Time-limited test] WARN  server.ServerUtils (ServerUtils.java:getDefaultRatisDirectory(237)) - Storage directory for Ratis is not configured. It is a good idea to map this to an SSD disk. Falling back to ozone.metadata.dirs
2022-01-13 07:01:32,137 [Time-limited test] WARN  ha.SCMHAUtils (SCMHAUtils.java:getSCMRatisSnapshotDirectory(146)) - SCM snapshot dir is not configured. Falling back to ozone.metadata.dirs config
2022-01-13 07:01:32,143 [Time-limited test] INFO  ha.SequenceIdGenerator (SequenceIdGenerator.java:upgradeToSequenceId(347)) - upgrade localId to 109611004723200000
2022-01-13 07:01:32,143 [Time-limited test] INFO  ha.SequenceIdGenerator (SequenceIdGenerator.java:upgradeToSequenceId(357)) - upgrade delTxnId to 0
2022-01-13 07:01:32,143 [Time-limited test] INFO  ha.SequenceIdGenerator (SequenceIdGenerator.java:upgradeToSequenceId(371)) - upgrade containerId to 0
2022-01-13 07:01:32,143 [Time-limited test] INFO  ha.SequenceIdGenerator (SequenceIdGenerator.java:<init>(218)) - Init the HA SequenceIdGenerator.
2022-01-13 07:01:32,144 [Time-limited test] WARN  server.ServerUtils (ServerUtils.java:sanitizeUserArgs(73)) - ozone.scm.stale.node.interval value = 300000 is larger than max = 100000 based on the key value of ozone.scm.heartbeat.thread.interval, reset to the max value 100000.
2022-01-13 07:01:32,144 [Time-limited test] WARN  server.ServerUtils (ServerUtils.java:sanitizeUserArgs(73)) - ozone.scm.stale.node.interval value = 300000 is larger than max = 100000 based on the key value of ozone.scm.heartbeat.thread.interval, reset to the max value 100000.
2022-01-13 07:01:32,146 [Time-limited test] INFO  node.SCMNodeManager (SCMNodeManager.java:<init>(144)) - Entering startup safe mode.
2022-01-13 07:01:32,154 [Time-limited test] INFO  algorithms.ContainerPlacementPolicyFactory (ContainerPlacementPolicyFactory.java:getPolicy(60)) - Create container placement policy of type org.apache.hadoop.hdds.scm.container.placement.algorithms.SCMContainerPlacementRandom
2022-01-13 07:01:32,155 [Time-limited test] INFO  pipeline.PipelineStateManagerImpl (PipelineStateManagerImpl.java:initialize(78)) - No pipeline exists in current db
2022-01-13 07:01:32,155 [Time-limited test] INFO  algorithms.LeaderChoosePolicyFactory (LeaderChoosePolicyFactory.java:getPolicy(57)) - Create leader choose policy of type org.apache.hadoop.hdds.scm.pipeline.leader.choose.algorithms.MinLeaderCountChoosePolicy
2022-01-13 07:01:32,155 [Time-limited test] INFO  ha.SCMServiceManager (SCMServiceManager.java:register(43)) - Registering service BackgroundPipelineCreator.
2022-01-13 07:01:32,155 [Time-limited test] INFO  pipeline.BackgroundPipelineCreator (BackgroundPipelineCreator.java:start(130)) - Starting RatisPipelineUtilsThread.
2022-01-13 07:01:32,163 [Time-limited test] INFO  algorithms.PipelineChoosePolicyFactory (PipelineChoosePolicyFactory.java:createPipelineChoosePolicyFromClass(73)) - Create pipeline choose policy of type org.apache.hadoop.hdds.scm.pipeline.choose.algorithms.RandomPipelineChoosePolicy
2022-01-13 07:01:32,164 [Time-limited test] INFO  ha.SCMServiceManager (SCMServiceManager.java:register(43)) - Registering service SCMBlockDeletingService.
2022-01-13 07:01:32,164 [Time-limited test] INFO  ha.SCMServiceManager (SCMServiceManager.java:register(43)) - Registering service ReplicationManager.
2022-01-13 07:01:32,164 [Time-limited test] INFO  container.ReplicationManager (ReplicationManager.java:start(326)) - Starting Replication Monitor Thread.
2022-01-13 07:01:32,171 [Time-limited test] INFO  safemode.ContainerSafeModeRule (ContainerSafeModeRule.java:<init>(89)) - containers with one replica threshold count 0
2022-01-13 07:01:32,171 [Time-limited test] INFO  safemode.HealthyPipelineSafeModeRule (HealthyPipelineSafeModeRule.java:initializeRule(156)) - Total pipeline count is 0, healthy pipeline threshold count is 1
2022-01-13 07:01:32,171 [Time-limited test] INFO  safemode.OneReplicaPipelineSafeModeRule (OneReplicaPipelineSafeModeRule.java:initializeRule(180)) - Total pipeline count is 0, pipeline's with at least one datanode reported threshold count is 0
2022-01-13 07:01:32,178 [Time-limited test] INFO  ipc.CallQueueManager (CallQueueManager.java:<init>(90)) - Using callQueue: class java.util.concurrent.LinkedBlockingQueue, queueCapacity: 2000, scheduler: class org.apache.hadoop.ipc.DefaultRpcScheduler, ipcBackoff: false.
2022-01-13 07:01:32,186 [Socket Reader #1 for port 0] INFO  ipc.Server (Server.java:run(1265)) - Starting Socket Reader #1 for port 0
2022-01-13 07:01:32,187 [Listener at 0.0.0.0/45003] INFO  ipc.CallQueueManager (CallQueueManager.java:<init>(90)) - Using callQueue: class java.util.concurrent.LinkedBlockingQueue, queueCapacity: 2000, scheduler: class org.apache.hadoop.ipc.DefaultRpcScheduler, ipcBackoff: false.
2022-01-13 07:01:32,190 [Socket Reader #1 for port 0] INFO  ipc.Server (Server.java:run(1265)) - Starting Socket Reader #1 for port 0
2022-01-13 07:01:32,195 [ReplicationMonitor] INFO  container.ReplicationManager (ReplicationManager.java:processAll(382)) - Replication Monitor Thread took 0 milliseconds for processing 0 containers.
2022-01-13 07:01:32,195 [Listener at 0.0.0.0/42043] INFO  ipc.CallQueueManager (CallQueueManager.java:<init>(90)) - Using callQueue: class java.util.concurrent.LinkedBlockingQueue, queueCapacity: 2000, scheduler: class org.apache.hadoop.ipc.DefaultRpcScheduler, ipcBackoff: false.
2022-01-13 07:01:32,197 [Socket Reader #1 for port 0] INFO  ipc.Server (Server.java:run(1265)) - Starting Socket Reader #1 for port 0
2022-01-13 07:01:32,234 [Listener at 0.0.0.0/36885] INFO  algorithms.ContainerPlacementPolicyFactory (ContainerPlacementPolicyFactory.java:getPolicy(60)) - Create container placement policy of type org.apache.hadoop.hdds.scm.container.placement.algorithms.SCMContainerPlacementRandom
2022-01-13 07:01:32,235 [Listener at 0.0.0.0/36885] INFO  server.StorageContainerManager (StorageContainerManager.java:<init>(388)) - 
Container Balancer status:
Key                            Value
Running                        false
Container Balancer Configuration values:
Key                                                Value
Threshold                                          10
Max Datanodes to Involve per Iteration(percent)    20
Max Size to Move per Iteration                     500GB
Max Size Entering Target per Iteration             26GB
Max Size Leaving Source per Iteration              26GB

2022-01-13 07:01:32,237 [Listener at 0.0.0.0/36885] WARN  events.EventQueue (EventQueue.java:fireEvent(194)) - No event handler registered for event TypedEvent{payloadType=SafeModeStatus, name='Safe mode status'}
2022-01-13 07:01:32,237 [Listener at 0.0.0.0/36885] INFO  ha.SCMContext (SCMContext.java:updateSafeModeStatus(211)) - Update SafeModeStatus from SafeModeStatus{safeModeStatus=true, preCheckPassed=false} to SafeModeStatus{safeModeStatus=true, preCheckPassed=false}.
2022-01-13 07:01:32,238 [Listener at 0.0.0.0/36885] INFO  server.StorageContainerManager (StorageContainerManager.java:start(1303)) - StorageContainerLocationProtocol RPC server is listening at /0.0.0.0:36885
2022-01-13 07:01:32,238 [Listener at 0.0.0.0/36885] INFO  ha.SCMRatisServerImpl (SCMRatisServerImpl.java:start(177)) - starting ratis server 0.0.0.0:9894
2022-01-13 07:01:32,238 [Listener at 0.0.0.0/36885] INFO  server.RaftServer$Division (RaftServerImpl.java:start(301)) - 7205198f-879f-4d5d-99ab-4c1e7d178ba2@group-2B604027A93E: start as a follower, conf=0: [7205198f-879f-4d5d-99ab-4c1e7d178ba2|rpc:fv-az184-560:9894|admin:|client:|dataStream:|priority:0], old=null
2022-01-13 07:01:32,238 [Listener at 0.0.0.0/36885] INFO  server.RaftServer$Division (RaftServerImpl.java:setRole(290)) - 7205198f-879f-4d5d-99ab-4c1e7d178ba2@group-2B604027A93E: changes role from      null to FOLLOWER at term 1 for startAsFollower
2022-01-13 07:01:32,238 [Listener at 0.0.0.0/36885] INFO  impl.RoleInfo (RoleInfo.java:updateAndGet(130)) - 7205198f-879f-4d5d-99ab-4c1e7d178ba2: start 7205198f-879f-4d5d-99ab-4c1e7d178ba2@group-2B604027A93E-FollowerState
2022-01-13 07:01:32,239 [Listener at 0.0.0.0/36885] INFO  util.JmxRegister (JmxRegister.java:tryRegister(44)) - Successfully registered JMX Bean with object name Ratis:service=RaftServer,group=group-2B604027A93E,id=7205198f-879f-4d5d-99ab-4c1e7d178ba2
2022-01-13 07:01:32,240 [Listener at 0.0.0.0/36885] INFO  server.RaftServer (RaftServerProxy.java:lambda$start$5(374)) - 7205198f-879f-4d5d-99ab-4c1e7d178ba2: start RPC server
2022-01-13 07:01:32,243 [Listener at 0.0.0.0/36885] INFO  server.GrpcService (GrpcService.java:startImpl(253)) - 7205198f-879f-4d5d-99ab-4c1e7d178ba2: GrpcService started, listening on 9894
2022-01-13 07:01:32,243 [Listener at 0.0.0.0/36885] INFO  ha.SCMHAManagerImpl (SCMHAManagerImpl.java:start(121)) -  scm role is FOLLOWER peers [7205198f-879f-4d5d-99ab-4c1e7d178ba2|rpc:fv-az184-560:9894|admin:|client:|dataStream:|priority:0]
2022-01-13 07:01:32,243 [Listener at 0.0.0.0/36885] INFO  ha.InterSCMGrpcService (InterSCMGrpcProtocolService.java:start(94)) - Starting SCM Grpc Service at port 9895
2022-01-13 07:01:32,243 [org.apache.ratis.util.JvmPauseMonitor$$Lambda$431/949233711@3e6befe5] INFO  util.JvmPauseMonitor (JvmPauseMonitor.java:run(103)) - JvmPauseMonitor-7205198f-879f-4d5d-99ab-4c1e7d178ba2: Started
2022-01-13 07:01:32,245 [Listener at 0.0.0.0/36885] WARN  impl.MetricsConfig (MetricsConfig.java:loadFirst(136)) - Cannot locate configuration: tried hadoop-metrics2-storagecontainermanager.properties,hadoop-metrics2.properties
2022-01-13 07:01:32,246 [Listener at 0.0.0.0/36885] INFO  impl.MetricsSystemImpl (MetricsSystemImpl.java:startTimer(378)) - Scheduled Metric snapshot period at 10 second(s).
2022-01-13 07:01:32,246 [Listener at 0.0.0.0/36885] INFO  impl.MetricsSystemImpl (MetricsSystemImpl.java:start(191)) - StorageContainerManager metrics system started
2022-01-13 07:01:32,255 [Listener at 0.0.0.0/36885] INFO  impl.MetricsSinkAdapter (MetricsSinkAdapter.java:start(204)) - Sink prometheus started
2022-01-13 07:01:32,258 [Listener at 0.0.0.0/36885] INFO  impl.MetricsSystemImpl (MetricsSystemImpl.java:registerSink(305)) - Registered sink prometheus
2022-01-13 07:01:32,282 [Listener at 0.0.0.0/36885] INFO  server.SCMClientProtocolServer (SCMClientProtocolServer.java:start(164)) - RPC server for Client  is listening at /0.0.0.0:36885
2022-01-13 07:01:32,284 [IPC Server Responder] INFO  ipc.Server (Server.java:run(1507)) - IPC Server Responder: starting
2022-01-13 07:01:32,286 [IPC Server listener on 0] INFO  ipc.Server (Server.java:run(1344)) - IPC Server listener on 0: starting
2022-01-13 07:01:32,292 [Listener at 0.0.0.0/36885] INFO  server.StorageContainerManager (StorageContainerManager.java:start(1318)) - ScmBlockLocationProtocol RPC server is listening at /0.0.0.0:42043
2022-01-13 07:01:32,293 [Listener at 0.0.0.0/36885] INFO  server.SCMBlockProtocolServer (SCMBlockProtocolServer.java:start(151)) - RPC server for Block Protocol is listening at /0.0.0.0:42043
2022-01-13 07:01:32,293 [IPC Server Responder] INFO  ipc.Server (Server.java:run(1507)) - IPC Server Responder: starting
2022-01-13 07:01:32,293 [IPC Server listener on 0] INFO  ipc.Server (Server.java:run(1344)) - IPC Server listener on 0: starting
2022-01-13 07:01:32,320 [org.apache.hadoop.util.JvmPauseMonitor$Monitor@4ec65b6b] INFO  util.JvmPauseMonitor (JvmPauseMonitor.java:run(188)) - Starting JVM pause monitor
2022-01-13 07:01:32,321 [Listener at 0.0.0.0/36885] INFO  http.BaseHttpServer (BaseHttpServer.java:newHttpServer2BuilderForOzone(209)) - Starting Web-server for scm at: http://0.0.0.0:0
2022-01-13 07:01:32,321 [Listener at 0.0.0.0/36885] INFO  http.BaseHttpServer (BaseHttpServer.java:<init>(107)) - Hadoop Security Enabled: false Ozone Security Enabled: false Ozone HTTP Security Enabled: false 
2022-01-13 07:01:32,322 [Listener at 0.0.0.0/36885] INFO  server.AuthenticationFilter (AuthenticationFilter.java:constructSecretProvider(240)) - Unable to initialize FileSignerSecretProvider, falling back to use random secrets.
2022-01-13 07:01:32,330 [Listener at 0.0.0.0/36885] WARN  http.HttpRequestLog (HttpRequestLog.java:getRequestLog(103)) - Jetty request log can only be enabled using Log4j
2022-01-13 07:01:32,331 [Listener at 0.0.0.0/36885] INFO  http.HttpServer2 (HttpServer2.java:addGlobalFilter(1030)) - Added global filter 'safety' (class=org.apache.hadoop.hdds.server.http.HttpServer2$QuotingInputFilter)
2022-01-13 07:01:32,332 [Listener at 0.0.0.0/36885] INFO  http.HttpServer2 (HttpServer2.java:addFilter(1006)) - Added filter static_user_filter (class=org.apache.hadoop.http.lib.StaticUserWebFilter$StaticUserFilter) to context scm
2022-01-13 07:01:32,332 [Listener at 0.0.0.0/36885] INFO  http.HttpServer2 (HttpServer2.java:addFilter(1014)) - Added filter static_user_filter (class=org.apache.hadoop.http.lib.StaticUserWebFilter$StaticUserFilter) to context logs
2022-01-13 07:01:32,332 [Listener at 0.0.0.0/36885] INFO  http.HttpServer2 (HttpServer2.java:addFilter(1014)) - Added filter static_user_filter (class=org.apache.hadoop.http.lib.StaticUserWebFilter$StaticUserFilter) to context static
2022-01-13 07:01:32,332 [Listener at 0.0.0.0/36885] INFO  http.HttpServer2 (HttpServer2.java:bindListener(1249)) - Jetty bound to port 36083
2022-01-13 07:01:32,333 [Listener at 0.0.0.0/36885] INFO  server.Server (Server.java:doStart(375)) - jetty-9.4.43.v20210629; built: 2021-06-30T11:07:22.254Z; git: 526006ecfa3af7f1a27ef3a288e2bef7ea9dd7e8; jvm 1.8.0_292-b10
2022-01-13 07:01:32,347 [Listener at 0.0.0.0/36885] INFO  server.session (DefaultSessionIdManager.java:doStart(334)) - DefaultSessionIdManager workerName=node0
2022-01-13 07:01:32,347 [Listener at 0.0.0.0/36885] INFO  server.session (DefaultSessionIdManager.java:doStart(339)) - No SessionScavenger set, using defaults
2022-01-13 07:01:32,347 [Listener at 0.0.0.0/36885] INFO  server.session (HouseKeeper.java:startScavenging(132)) - node0 Scavenging every 600000ms
2022-01-13 07:01:32,348 [Listener at 0.0.0.0/36885] INFO  handler.ContextHandler (ContextHandler.java:doStart(915)) - Started o.e.j.s.ServletContextHandler@471dff01{logs,/logs,file:///home/runner/work/ozone/ozone/hadoop-ozone/integration-test/target/log,AVAILABLE}
2022-01-13 07:01:32,358 [Listener at 0.0.0.0/36885] INFO  handler.ContextHandler (ContextHandler.java:doStart(915)) - Started o.e.j.s.ServletContextHandler@5c29d344{static,/static,file:///home/runner/work/ozone/ozone/hadoop-ozone/integration-test/target/test-classes/webapps/static,AVAILABLE}
2022-01-13 07:01:32,370 [Listener at 0.0.0.0/36885] INFO  handler.ContextHandler (ContextHandler.java:doStart(915)) - Started o.e.j.w.WebAppContext@7544e369{scm,/,file:///home/runner/work/ozone/ozone/hadoop-ozone/integration-test/target/test-classes/webapps/scm/,AVAILABLE}{file:/home/runner/work/ozone/ozone/hadoop-ozone/integration-test/target/test-classes/webapps/scm}
2022-01-13 07:01:32,371 [Listener at 0.0.0.0/36885] INFO  server.AbstractConnector (AbstractConnector.java:doStart(331)) - Started ServerConnector@6ac610d9{HTTP/1.1, (http/1.1)}{0.0.0.0:36083}
2022-01-13 07:01:32,371 [Listener at 0.0.0.0/36885] INFO  server.Server (Server.java:doStart(415)) - Started @39379ms
2022-01-13 07:01:32,371 [Listener at 0.0.0.0/36885] WARN  impl.MetricsSystemImpl (MetricsSystemImpl.java:register(279)) - Sink prometheus already exists!
2022-01-13 07:01:32,372 [Listener at 0.0.0.0/36885] INFO  http.BaseHttpServer (BaseHttpServer.java:updateConnectorAddress(329)) - HTTP server of scm listening at http://0.0.0.0:36083
2022-01-13 07:01:32,372 [Listener at 0.0.0.0/36885] WARN  server.ServerUtils (ServerUtils.java:getDBPath(225)) - ozone.om.db.dirs is not configured. We recommend adding this setting. Falling back to ozone.metadata.dirs instead.
2022-01-13 07:01:32,374 [Listener at 0.0.0.0/36885] INFO  ha.OMHANodeDetails (OMHANodeDetails.java:loadOMHAConfig(112)) - ozone.om.internal.service.id is not defined, falling back to ozone.om.service.ids to find serviceID for OzoneManager if it is HA enabled cluster
2022-01-13 07:01:32,374 [Listener at 0.0.0.0/36885] INFO  ha.OMHANodeDetails (OMHANodeDetails.java:loadOMHAConfig(218)) - Configuration does not have ozone.om.address set. Falling back to the default OM address /127.0.0.1:0
2022-01-13 07:01:32,375 [Listener at 0.0.0.0/36885] INFO  ha.OMHANodeDetails (OMHANodeDetails.java:getOMNodeDetailsForNonHA(246)) - OM Service ID is not set. Setting it to the default ID: omServiceIdDefault
2022-01-13 07:01:32,375 [Listener at 0.0.0.0/36885] INFO  ha.OMHANodeDetails (OMHANodeDetails.java:getOMNodeDetailsForNonHA(253)) - OM Node ID is not set. Setting it to the default ID: om1
2022-01-13 07:01:32,375 [Listener at 0.0.0.0/36885] WARN  server.ServerUtils (ServerUtils.java:getDBPath(225)) - ozone.om.db.dirs is not configured. We recommend adding this setting. Falling back to ozone.metadata.dirs instead.
2022-01-13 07:01:32,375 [Listener at 0.0.0.0/36885] INFO  upgrade.AbstractLayoutVersionManager (AbstractLayoutVersionManager.java:init(79)) - Initializing Layout version manager with metadata layout = INITIAL_VERSION (version = 0), software layout = INITIAL_VERSION (version = 0)
2022-01-13 07:01:32,439 [Listener at 0.0.0.0/36885] INFO  reflections.Reflections (Reflections.java:scan(232)) - Reflections took 62 ms to scan 2 urls, producing 133 keys and 345 values [using 2 cores]
2022-01-13 07:01:32,440 [Listener at 0.0.0.0/36885] INFO  upgrade.OMLayoutVersionManager (OMLayoutVersionManager.java:lambda$0(115)) - Skipping Upgrade Action MockOmUpgradeAction since it has been finalized.
2022-01-13 07:01:32,440 [Listener at 0.0.0.0/36885] WARN  server.ServerUtils (ServerUtils.java:getDBPath(225)) - ozone.om.db.dirs is not configured. We recommend adding this setting. Falling back to ozone.metadata.dirs instead.
2022-01-13 07:01:34,469 [Listener at 0.0.0.0/36885] INFO  retry.RetryInvocationHandler (RetryInvocationHandler.java:log(411)) - com.google.protobuf.ServiceException: org.apache.hadoop.ipc.RemoteException(org.apache.hadoop.hdds.ratis.ServerNotLeaderException): Server:7205198f-879f-4d5d-99ab-4c1e7d178ba2 is not the leader. Could not determine the leader node.
	at org.apache.hadoop.hdds.ratis.ServerNotLeaderException.convertToNotLeaderException(ServerNotLeaderException.java:109)
	at org.apache.hadoop.hdds.scm.ha.RatisUtil.checkRatisException(RatisUtil.java:245)
	at org.apache.hadoop.hdds.scm.protocol.ScmBlockLocationProtocolServerSideTranslatorPB.send(ScmBlockLocationProtocolServerSideTranslatorPB.java:108)
	at org.apache.hadoop.hdds.protocol.proto.ScmBlockLocationProtocolProtos$ScmBlockLocationProtocolService$2.callBlockingMethod(ScmBlockLocationProtocolProtos.java:13937)
	at org.apache.hadoop.ipc.ProtobufRpcEngine$Server.processCall(ProtobufRpcEngine.java:466)
	at org.apache.hadoop.ipc.ProtobufRpcEngine2$Server$ProtoBufRpcInvoker.call(ProtobufRpcEngine2.java:574)
	at org.apache.hadoop.ipc.ProtobufRpcEngine2$Server$ProtoBufRpcInvoker.call(ProtobufRpcEngine2.java:552)
	at org.apache.hadoop.ipc.RPC$Server.call(RPC.java:1093)
	at org.apache.hadoop.ipc.Server$RpcCall.run(Server.java:1035)
	at org.apache.hadoop.ipc.Server$RpcCall.run(Server.java:963)
	at java.security.AccessController.doPrivileged(Native Method)
	at javax.security.auth.Subject.doAs(Subject.java:422)
	at org.apache.hadoop.security.UserGroupInformation.doAs(UserGroupInformation.java:1878)
	at org.apache.hadoop.ipc.Server$Handler.run(Server.java:2966)
, while invoking $Proxy44.send over nodeId=scmNodeId,nodeAddress=/0.0.0.0:42043 after 1 failover attempts. Trying to failover after sleeping for 2000ms.
2022-01-13 07:01:36,475 [Listener at 0.0.0.0/36885] INFO  retry.RetryInvocationHandler (RetryInvocationHandler.java:log(411)) - com.google.protobuf.ServiceException: org.apache.hadoop.ipc.RemoteException(org.apache.hadoop.hdds.ratis.ServerNotLeaderException): Server:7205198f-879f-4d5d-99ab-4c1e7d178ba2 is not the leader. Could not determine the leader node.
	at org.apache.hadoop.hdds.ratis.ServerNotLeaderException.convertToNotLeaderException(ServerNotLeaderException.java:109)
	at org.apache.hadoop.hdds.scm.ha.RatisUtil.checkRatisException(RatisUtil.java:245)
	at org.apache.hadoop.hdds.scm.protocol.ScmBlockLocationProtocolServerSideTranslatorPB.send(ScmBlockLocationProtocolServerSideTranslatorPB.java:108)
	at org.apache.hadoop.hdds.protocol.proto.ScmBlockLocationProtocolProtos$ScmBlockLocationProtocolService$2.callBlockingMethod(ScmBlockLocationProtocolProtos.java:13937)
	at org.apache.hadoop.ipc.ProtobufRpcEngine$Server.processCall(ProtobufRpcEngine.java:466)
	at org.apache.hadoop.ipc.ProtobufRpcEngine2$Server$ProtoBufRpcInvoker.call(ProtobufRpcEngine2.java:574)
	at org.apache.hadoop.ipc.ProtobufRpcEngine2$Server$ProtoBufRpcInvoker.call(ProtobufRpcEngine2.java:552)
	at org.apache.hadoop.ipc.RPC$Server.call(RPC.java:1093)
	at org.apache.hadoop.ipc.Server$RpcCall.run(Server.java:1035)
	at org.apache.hadoop.ipc.Server$RpcCall.run(Server.java:963)
	at java.security.AccessController.doPrivileged(Native Method)
	at javax.security.auth.Subject.doAs(Subject.java:422)
	at org.apache.hadoop.security.UserGroupInformation.doAs(UserGroupInformation.java:1878)
	at org.apache.hadoop.ipc.Server$Handler.run(Server.java:2966)
, while invoking $Proxy44.send over nodeId=scmNodeId,nodeAddress=/0.0.0.0:42043 after 2 failover attempts. Trying to failover after sleeping for 2000ms.
2022-01-13 07:01:37,360 [7205198f-879f-4d5d-99ab-4c1e7d178ba2@group-2B604027A93E-FollowerState] INFO  impl.FollowerState (FollowerState.java:run(134)) - 7205198f-879f-4d5d-99ab-4c1e7d178ba2@group-2B604027A93E-FollowerState: change to CANDIDATE, lastRpcElapsedTime:5121373387ns, electionTimeout:5116ms
2022-01-13 07:01:37,361 [7205198f-879f-4d5d-99ab-4c1e7d178ba2@group-2B604027A93E-FollowerState] INFO  impl.RoleInfo (RoleInfo.java:shutdownFollowerState(108)) - 7205198f-879f-4d5d-99ab-4c1e7d178ba2: shutdown 7205198f-879f-4d5d-99ab-4c1e7d178ba2@group-2B604027A93E-FollowerState
2022-01-13 07:01:37,361 [7205198f-879f-4d5d-99ab-4c1e7d178ba2@group-2B604027A93E-FollowerState] INFO  server.RaftServer$Division (RaftServerImpl.java:setRole(290)) - 7205198f-879f-4d5d-99ab-4c1e7d178ba2@group-2B604027A93E: changes role from  FOLLOWER to CANDIDATE at term 1 for changeToCandidate
2022-01-13 07:01:37,361 [7205198f-879f-4d5d-99ab-4c1e7d178ba2@group-2B604027A93E-FollowerState] INFO  server.RaftServerConfigKeys (ConfUtils.java:logGet(44)) - raft.server.leaderelection.pre-vote = false (custom)
2022-01-13 07:01:37,361 [7205198f-879f-4d5d-99ab-4c1e7d178ba2@group-2B604027A93E-FollowerState] INFO  impl.RoleInfo (RoleInfo.java:updateAndGet(130)) - 7205198f-879f-4d5d-99ab-4c1e7d178ba2: start 7205198f-879f-4d5d-99ab-4c1e7d178ba2@group-2B604027A93E-LeaderElection5
2022-01-13 07:01:37,369 [7205198f-879f-4d5d-99ab-4c1e7d178ba2@group-2B604027A93E-LeaderElection5] INFO  impl.LeaderElection (LeaderElection.java:askForVotes(306)) - 7205198f-879f-4d5d-99ab-4c1e7d178ba2@group-2B604027A93E-LeaderElection5 ELECTION round 0: submit vote requests at term 2 for 0: [7205198f-879f-4d5d-99ab-4c1e7d178ba2|rpc:fv-az184-560:9894|admin:|client:|dataStream:|priority:0], old=null
2022-01-13 07:01:37,369 [7205198f-879f-4d5d-99ab-4c1e7d178ba2@group-2B604027A93E-LeaderElection5] INFO  impl.LeaderElection (LeaderElection.java:askForVotes(308)) - 7205198f-879f-4d5d-99ab-4c1e7d178ba2@group-2B604027A93E-LeaderElection5 ELECTION round 0: result PASSED (term=2)
2022-01-13 07:01:37,369 [7205198f-879f-4d5d-99ab-4c1e7d178ba2@group-2B604027A93E-LeaderElection5] INFO  impl.RoleInfo (RoleInfo.java:shutdownLeaderElection(121)) - 7205198f-879f-4d5d-99ab-4c1e7d178ba2: shutdown 7205198f-879f-4d5d-99ab-4c1e7d178ba2@group-2B604027A93E-LeaderElection5
2022-01-13 07:01:37,370 [7205198f-879f-4d5d-99ab-4c1e7d178ba2@group-2B604027A93E-LeaderElection5] INFO  server.RaftServer$Division (RaftServerImpl.java:setRole(290)) - 7205198f-879f-4d5d-99ab-4c1e7d178ba2@group-2B604027A93E: changes role from CANDIDATE to LEADER at term 2 for changeToLeader
2022-01-13 07:01:37,370 [7205198f-879f-4d5d-99ab-4c1e7d178ba2@group-2B604027A93E-LeaderElection5] INFO  ha.SCMStateMachine (SCMStateMachine.java:notifyLeaderChanged(259)) - current SCM becomes leader of term 2.
2022-01-13 07:01:37,370 [7205198f-879f-4d5d-99ab-4c1e7d178ba2@group-2B604027A93E-LeaderElection5] INFO  ha.SCMContext (SCMContext.java:updateLeaderAndTerm(90)) - update <isLeader,term> from <false,0> to <true,2>
2022-01-13 07:01:37,370 [7205198f-879f-4d5d-99ab-4c1e7d178ba2@group-2B604027A93E-LeaderElection5] INFO  server.RaftServer$Division (ServerState.java:setLeader(285)) - 7205198f-879f-4d5d-99ab-4c1e7d178ba2@group-2B604027A93E: change Leader from null to 7205198f-879f-4d5d-99ab-4c1e7d178ba2 at term 2 for becomeLeader, leader elected after 5267ms
2022-01-13 07:01:37,370 [7205198f-879f-4d5d-99ab-4c1e7d178ba2@group-2B604027A93E-LeaderElection5] INFO  server.RaftServerConfigKeys (ConfUtils.java:logGet(44)) - raft.server.staging.catchup.gap = 1000 (default)
2022-01-13 07:01:37,371 [7205198f-879f-4d5d-99ab-4c1e7d178ba2@group-2B604027A93E-LeaderElection5] INFO  server.RaftServerConfigKeys (ConfUtils.java:logGet(44)) - raft.server.write.element-limit = 4096 (default)
2022-01-13 07:01:37,371 [7205198f-879f-4d5d-99ab-4c1e7d178ba2@group-2B604027A93E-LeaderElection5] INFO  server.RaftServerConfigKeys (ConfUtils.java:logGet(44)) - raft.server.write.byte-limit = 64MB (=67108864) (default)
2022-01-13 07:01:37,371 [7205198f-879f-4d5d-99ab-4c1e7d178ba2@group-2B604027A93E-LeaderElection5] INFO  server.RaftServerConfigKeys (ConfUtils.java:logGet(44)) - raft.server.watch.timeout = 10s (default)
2022-01-13 07:01:37,371 [7205198f-879f-4d5d-99ab-4c1e7d178ba2@group-2B604027A93E-LeaderElection5] INFO  server.RaftServerConfigKeys (ConfUtils.java:logGet(44)) - raft.server.watch.timeout.denomination = 1s (default)
2022-01-13 07:01:37,371 [7205198f-879f-4d5d-99ab-4c1e7d178ba2@group-2B604027A93E-LeaderElection5] INFO  server.RaftServerConfigKeys (ConfUtils.java:logGet(44)) - raft.server.watch.element-limit = 65536 (default)
2022-01-13 07:01:37,372 [7205198f-879f-4d5d-99ab-4c1e7d178ba2@group-2B604027A93E-LeaderElection5] INFO  server.RaftServerConfigKeys (ConfUtils.java:logGet(44)) - raft.server.write.element-limit = 4096 (default)
2022-01-13 07:01:37,372 [7205198f-879f-4d5d-99ab-4c1e7d178ba2@group-2B604027A93E-LeaderElection5] INFO  server.RaftServerConfigKeys (ConfUtils.java:logGet(44)) - raft.server.write.follower.gap.ratio.max = -1.0 (default)
2022-01-13 07:01:37,372 [7205198f-879f-4d5d-99ab-4c1e7d178ba2@group-2B604027A93E-LeaderElection5] INFO  impl.RoleInfo (RoleInfo.java:updateAndGet(130)) - 7205198f-879f-4d5d-99ab-4c1e7d178ba2: start 7205198f-879f-4d5d-99ab-4c1e7d178ba2@group-2B604027A93E-LeaderStateImpl
2022-01-13 07:01:37,372 [7205198f-879f-4d5d-99ab-4c1e7d178ba2@group-2B604027A93E-LeaderElection5] INFO  segmented.SegmentedRaftLogWorker (SegmentedRaftLogWorker.java:rollLogSegment(399)) - 7205198f-879f-4d5d-99ab-4c1e7d178ba2@group-2B604027A93E-SegmentedRaftLogWorker: Rolling segment log-0_0 to index:0
2022-01-13 07:01:37,373 [7205198f-879f-4d5d-99ab-4c1e7d178ba2@group-2B604027A93E-SegmentedRaftLogWorker] INFO  segmented.SegmentedRaftLogWorker (SegmentedRaftLogWorker.java:execute(558)) - 7205198f-879f-4d5d-99ab-4c1e7d178ba2@group-2B604027A93E-SegmentedRaftLogWorker: Rolled log segment from /home/runner/work/ozone/ozone/hadoop-ozone/integration-test/target/test-dir/MiniOzoneClusterImpl-5cc78717-de86-4374-8821-2b604027a93e/ozone-meta/scm-ha/5cc78717-de86-4374-8821-2b604027a93e/current/log_inprogress_0 to /home/runner/work/ozone/ozone/hadoop-ozone/integration-test/target/test-dir/MiniOzoneClusterImpl-5cc78717-de86-4374-8821-2b604027a93e/ozone-meta/scm-ha/5cc78717-de86-4374-8821-2b604027a93e/current/log_0-0
2022-01-13 07:01:37,383 [7205198f-879f-4d5d-99ab-4c1e7d178ba2@group-2B604027A93E-LeaderElection5] INFO  server.RaftServer$Division (ServerState.java:setRaftConf(387)) - 7205198f-879f-4d5d-99ab-4c1e7d178ba2@group-2B604027A93E: set configuration 1: [7205198f-879f-4d5d-99ab-4c1e7d178ba2|rpc:fv-az184-560:9894|admin:|client:|dataStream:|priority:0], old=null
2022-01-13 07:01:37,389 [7205198f-879f-4d5d-99ab-4c1e7d178ba2@group-2B604027A93E-SegmentedRaftLogWorker] INFO  segmented.SegmentedRaftLogWorker (SegmentedRaftLogWorker.java:execute(601)) - 7205198f-879f-4d5d-99ab-4c1e7d178ba2@group-2B604027A93E-SegmentedRaftLogWorker: created new log segment /home/runner/work/ozone/ozone/hadoop-ozone/integration-test/target/test-dir/MiniOzoneClusterImpl-5cc78717-de86-4374-8821-2b604027a93e/ozone-meta/scm-ha/5cc78717-de86-4374-8821-2b604027a93e/current/log_inprogress_1
2022-01-13 07:01:37,394 [7205198f-879f-4d5d-99ab-4c1e7d178ba2@group-2B604027A93E-StateMachineUpdater] INFO  ha.SCMContext (SCMContext.java:setLeaderReady(117)) - update <isLeaderReady> from <false> to <true>
2022-01-13 07:01:37,395 [7205198f-879f-4d5d-99ab-4c1e7d178ba2@group-2B604027A93E-StateMachineUpdater] INFO  pipeline.BackgroundPipelineCreator (BackgroundPipelineCreator.java:notifyStatusChanged(264)) - Service BackgroundPipelineCreator transitions to RUNNING.
2022-01-13 07:01:37,395 [7205198f-879f-4d5d-99ab-4c1e7d178ba2@group-2B604027A93E-StateMachineUpdater] INFO  safemode.HealthyPipelineSafeModeRule (HealthyPipelineSafeModeRule.java:initializeRule(152)) - Refreshed total pipeline count is 0, healthy pipeline threshold count is 1
2022-01-13 07:01:37,395 [7205198f-879f-4d5d-99ab-4c1e7d178ba2@group-2B604027A93E-StateMachineUpdater] INFO  safemode.ContainerSafeModeRule (ContainerSafeModeRule.java:reInitializeRule(177)) - Refreshed one replica container threshold 0, currentThreshold 0
2022-01-13 07:01:37,395 [7205198f-879f-4d5d-99ab-4c1e7d178ba2@group-2B604027A93E-StateMachineUpdater] INFO  safemode.OneReplicaPipelineSafeModeRule (OneReplicaPipelineSafeModeRule.java:initializeRule(176)) - Refreshed Total pipeline count is 0, pipeline's with at least one datanode reported threshold count is 0
2022-01-13 07:01:37,395 [7205198f-879f-4d5d-99ab-4c1e7d178ba2@group-2B604027A93E-StateMachineUpdater] INFO  server.SCMDatanodeProtocolServer (SCMDatanodeProtocolServer.java:start(181)) - ScmDatanodeProtocol RPC server for DataNodes is listening at /0.0.0.0:45003
2022-01-13 07:01:37,401 [IPC Server listener on 0] INFO  ipc.Server (Server.java:run(1344)) - IPC Server listener on 0: starting
2022-01-13 07:01:37,414 [IPC Server Responder] INFO  ipc.Server (Server.java:run(1507)) - IPC Server Responder: starting
2022-01-13 07:01:38,479 [Listener at 0.0.0.0/36885] WARN  server.ServerUtils (ServerUtils.java:getDBPath(225)) - ozone.om.db.dirs is not configured. We recommend adding this setting. Falling back to ozone.metadata.dirs instead.
2022-01-13 07:01:38,481 [Listener at 0.0.0.0/36885] INFO  codec.OmKeyInfoCodec (OmKeyInfoCodec.java:<init>(50)) - OmKeyInfoCodec ignorePipeline = true
2022-01-13 07:01:38,481 [Listener at 0.0.0.0/36885] INFO  codec.RepeatedOmKeyInfoCodec (RepeatedOmKeyInfoCodec.java:<init>(42)) - RepeatedOmKeyInfoCodec ignorePipeline = true
2022-01-13 07:01:38,602 [Listener at 0.0.0.0/36885] INFO  om.OzoneManager (OzoneManager.java:addS3GVolumeToDB(3728)) - Created Volume s3v With Owner runner required for S3Gateway operations.
2022-01-13 07:01:38,603 [Listener at 0.0.0.0/36885] WARN  server.ServerUtils (ServerUtils.java:getDefaultRatisDirectory(237)) - Storage directory for Ratis is not configured. It is a good idea to map this to an SSD disk. Falling back to ozone.metadata.dirs
2022-01-13 07:01:38,603 [Listener at 0.0.0.0/36885] WARN  utils.OzoneManagerRatisUtils (OzoneManagerRatisUtils.java:getOMRatisSnapshotDirectory(323)) - ozone.om.ratis.snapshot.dir is not configured. Falling back to ozone.metadata.dirs config
2022-01-13 07:01:38,603 [Listener at 0.0.0.0/36885] WARN  impl.MetricRegistriesImpl (MetricRegistriesImpl.java:addReporterRegistration(111)) - New reporters are added after registries were created. Some metrics will be missing from the reporter. Please add reporter before adding any new registry.
2022-01-13 07:01:38,604 [Listener at 0.0.0.0/36885] WARN  impl.MetricRegistriesImpl (MetricRegistriesImpl.java:addReporterRegistration(111)) - New reporters are added after registries were created. Some metrics will be missing from the reporter. Please add reporter before adding any new registry.
2022-01-13 07:01:38,604 [Listener at 0.0.0.0/36885] WARN  server.ServerUtils (ServerUtils.java:getDefaultRatisDirectory(237)) - Storage directory for Ratis is not configured. It is a good idea to map this to an SSD disk. Falling back to ozone.metadata.dirs
2022-01-13 07:01:38,605 [Listener at 0.0.0.0/36885] INFO  ratis.OzoneManagerRatisServer (OzoneManagerRatisServer.java:<init>(159)) - Instantiating OM Ratis server with groupID: omServiceIdDefault and peers: localhost:9872
2022-01-13 07:01:38,605 [Listener at 0.0.0.0/36885] INFO  ratis.OzoneManagerStateMachine (OzoneManagerStateMachine.java:loadSnapshotInfoFromDB(605)) - LastAppliedIndex is set from TransactionInfo from OM DB as (t:0, i:~)
2022-01-13 07:01:38,606 [Listener at 0.0.0.0/36885] INFO  server.RaftServer (ConfUtils.java:logGet(44)) - raft.rpc.type = GRPC (default)
2022-01-13 07:01:38,606 [Listener at 0.0.0.0/36885] INFO  grpc.GrpcFactory (GrpcFactory.java:checkPooledByteBufAllocatorUseCacheForAllThreads(48)) - PERFORMANCE WARNING: useCacheForAllThreads is true that may cause Netty to create a lot garbage objects and, as a result, trigger GC.
	It is recommended to disable useCacheForAllThreads by setting -Dorg.apache.ratis.thirdparty.io.netty.allocator.useCacheForAllThreads=false in command line.
2022-01-13 07:01:38,606 [Listener at 0.0.0.0/36885] INFO  grpc.GrpcConfigKeys (ConfUtils.java:logGet(44)) - raft.grpc.admin.port = -1 (default)
2022-01-13 07:01:38,606 [Listener at 0.0.0.0/36885] INFO  grpc.GrpcConfigKeys (ConfUtils.java:logGet(44)) - raft.grpc.server.port = 9872 (custom)
2022-01-13 07:01:38,606 [Listener at 0.0.0.0/36885] INFO  grpc.GrpcConfigKeys (ConfUtils.java:logGet(44)) - raft.grpc.client.port = -1 (default)
2022-01-13 07:01:38,606 [Listener at 0.0.0.0/36885] INFO  grpc.GrpcConfigKeys (ConfUtils.java:logGet(44)) - raft.grpc.server.port = 9872 (custom)
2022-01-13 07:01:38,606 [Listener at 0.0.0.0/36885] INFO  grpc.GrpcConfigKeys (ConfUtils.java:logGet(44)) - raft.grpc.server.port = 9872 (custom)
2022-01-13 07:01:38,606 [Listener at 0.0.0.0/36885] INFO  server.GrpcService (ConfUtils.java:logGet(44)) - raft.grpc.message.size.max = 33554432 (custom)
2022-01-13 07:01:38,606 [Listener at 0.0.0.0/36885] INFO  server.RaftServerConfigKeys (ConfUtils.java:logGet(44)) - raft.server.log.appender.buffer.byte-limit = 33554432 (custom)
2022-01-13 07:01:38,606 [Listener at 0.0.0.0/36885] INFO  server.GrpcService (ConfUtils.java:logGet(44)) - raft.grpc.flow.control.window = 1MB (=1048576) (default)
2022-01-13 07:01:38,606 [Listener at 0.0.0.0/36885] INFO  server.RaftServerConfigKeys (ConfUtils.java:logGet(44)) - raft.server.rpc.request.timeout = 3000ms (default)
2022-01-13 07:01:38,608 [Listener at 0.0.0.0/36885] INFO  impl.DataStreamServerImpl (ConfUtils.java:logGet(44)) - raft.datastream.type = DISABLED (default)
2022-01-13 07:01:38,608 [Listener at 0.0.0.0/36885] INFO  server.RaftServerConfigKeys (ConfUtils.java:logGet(44)) - raft.server.rpc.slowness.timeout = 120s (custom)
2022-01-13 07:01:38,608 [Listener at 0.0.0.0/36885] INFO  server.RaftServerConfigKeys (ConfUtils.java:logGet(44)) - raft.server.leaderelection.leader.step-down.wait-time = 10s (default)
2022-01-13 07:01:38,608 [Listener at 0.0.0.0/36885] INFO  server.RaftServerConfigKeys (ConfUtils.java:logGet(44)) - raft.server.storage.dir = [/home/runner/work/ozone/ozone/hadoop-ozone/integration-test/target/test-dir/MiniOzoneClusterImpl-5cc78717-de86-4374-8821-2b604027a93e/ozone-meta/ratis] (custom)
2022-01-13 07:01:38,608 [Listener at 0.0.0.0/36885] INFO  server.RaftServer (RaftServerProxy.java:addNew(95)) - om1: addNew group-C5BA1605619E:[om1|rpc:localhost:9872|priority:0] returns group-C5BA1605619E:java.util.concurrent.CompletableFuture@164b8a2f[Not completed]
2022-01-13 07:01:38,609 [Listener at 0.0.0.0/36885] INFO  om.OzoneManager (OzoneManager.java:initializeRatisServer(1834)) - OzoneManager Ratis server initialized at port 9872
2022-01-13 07:01:38,610 [Listener at 0.0.0.0/36885] INFO  ipc.CallQueueManager (CallQueueManager.java:<init>(90)) - Using callQueue: class java.util.concurrent.LinkedBlockingQueue, queueCapacity: 2000, scheduler: class org.apache.hadoop.ipc.DefaultRpcScheduler, ipcBackoff: false.
2022-01-13 07:01:38,611 [pool-118-thread-1] INFO  server.RaftServer$Division (RaftServerImpl.java:<init>(184)) - om1: new RaftServerImpl for group-C5BA1605619E:[om1|rpc:localhost:9872|priority:0] with OzoneManagerStateMachine:uninitialized
2022-01-13 07:01:38,611 [Socket Reader #1 for port 0] INFO  ipc.Server (Server.java:run(1265)) - Starting Socket Reader #1 for port 0
2022-01-13 07:01:38,623 [pool-118-thread-1] INFO  server.RaftServerConfigKeys (ConfUtils.java:logGet(44)) - raft.server.rpc.timeout.min = 1s (custom)
2022-01-13 07:01:38,623 [pool-118-thread-1] INFO  server.RaftServerConfigKeys (ConfUtils.java:logGet(44)) - raft.server.rpc.timeout.max = 1200ms (custom)
2022-01-13 07:01:38,623 [pool-118-thread-1] INFO  server.RaftServerConfigKeys (ConfUtils.java:logGet(44)) - raft.server.rpc.sleep.time = 25ms (default)
2022-01-13 07:01:38,623 [pool-118-thread-1] INFO  server.RaftServerConfigKeys (ConfUtils.java:logGet(44)) - raft.server.rpc.slowness.timeout = 120s (custom)
2022-01-13 07:01:38,623 [pool-118-thread-1] INFO  server.RaftServerConfigKeys (ConfUtils.java:logGet(44)) - raft.server.leaderelection.leader.step-down.wait-time = 10s (default)
2022-01-13 07:01:38,623 [pool-118-thread-1] INFO  server.RaftServerConfigKeys (ConfUtils.java:logGet(44)) - raft.server.sleep.deviation.threshold = 300ms (default)
2022-01-13 07:01:38,623 [pool-118-thread-1] INFO  server.RaftServerConfigKeys (ConfUtils.java:logGet(44)) - raft.server.log.appender.install.snapshot.enabled = false (custom)
2022-01-13 07:01:38,623 [pool-118-thread-1] INFO  server.RaftServer$Division (ServerState.java:<init>(105)) - om1@group-C5BA1605619E: ConfigurationManager, init=-1: [om1|rpc:localhost:9872|priority:0], old=null, confs=<EMPTY_MAP>
2022-01-13 07:01:38,623 [pool-118-thread-1] INFO  server.RaftServerConfigKeys (ConfUtils.java:logGet(44)) - raft.server.storage.dir = [/home/runner/work/ozone/ozone/hadoop-ozone/integration-test/target/test-dir/MiniOzoneClusterImpl-5cc78717-de86-4374-8821-2b604027a93e/ozone-meta/ratis] (custom)
2022-01-13 07:01:38,623 [pool-118-thread-1] INFO  server.RaftServerConfigKeys (ConfUtils.java:logGet(44)) - raft.server.log.corruption.policy = EXCEPTION (default)
2022-01-13 07:01:38,623 [pool-118-thread-1] INFO  server.RaftServerConfigKeys (ConfUtils.java:logGet(44)) - raft.server.storage.free-space.min = 0MB (=0) (default)
2022-01-13 07:01:38,623 [pool-118-thread-1] INFO  storage.RaftStorageDirectory (RaftStorageDirectoryImpl.java:analyzeStorage(135)) - The storage directory /home/runner/work/ozone/ozone/hadoop-ozone/integration-test/target/test-dir/MiniOzoneClusterImpl-5cc78717-de86-4374-8821-2b604027a93e/ozone-meta/ratis/bf265839-605b-3f16-9796-c5ba1605619e does not exist. Creating ...
2022-01-13 07:01:38,624 [pool-118-thread-1] INFO  storage.RaftStorageDirectory (RaftStorageDirectoryImpl.java:tryLock(230)) - Lock on /home/runner/work/ozone/ozone/hadoop-ozone/integration-test/target/test-dir/MiniOzoneClusterImpl-5cc78717-de86-4374-8821-2b604027a93e/ozone-meta/ratis/bf265839-605b-3f16-9796-c5ba1605619e/in_use.lock acquired by nodename 17775@fv-az184-560
2022-01-13 07:01:38,626 [pool-118-thread-1] INFO  storage.RaftStorage (RaftStorageImpl.java:format(89)) - Storage directory /home/runner/work/ozone/ozone/hadoop-ozone/integration-test/target/test-dir/MiniOzoneClusterImpl-5cc78717-de86-4374-8821-2b604027a93e/ozone-meta/ratis/bf265839-605b-3f16-9796-c5ba1605619e has been successfully formatted.
2022-01-13 07:01:38,626 [pool-118-thread-1] INFO  server.RaftServerConfigKeys (ConfUtils.java:logGet(44)) - raft.server.notification.no-leader.timeout = 120s (custom)
2022-01-13 07:01:38,627 [pool-118-thread-1] INFO  server.RaftServerConfigKeys (ConfUtils.java:logGet(44)) - raft.server.log.use.memory = false (default)
2022-01-13 07:01:38,627 [pool-118-thread-1] INFO  server.RaftServerConfigKeys (ConfUtils.java:logGet(44)) - raft.server.log.purge.gap = 1000000 (custom)
2022-01-13 07:01:38,627 [pool-118-thread-1] INFO  server.RaftServerConfigKeys (ConfUtils.java:logGet(44)) - raft.server.log.appender.buffer.byte-limit = 33554432 (custom)
2022-01-13 07:01:38,627 [pool-118-thread-1] INFO  server.RaftServerConfigKeys (ConfUtils.java:logGet(44)) - raft.server.log.segment.size.max = 4194304 (custom)
2022-01-13 07:01:38,628 [pool-118-thread-1] INFO  server.RaftServerConfigKeys (ConfUtils.java:logGet(44)) - raft.server.log.segment.cache.num.max = 2 (custom)
2022-01-13 07:01:38,628 [pool-118-thread-1] INFO  server.RaftServerConfigKeys (ConfUtils.java:logGet(44)) - raft.server.log.segment.cache.size.max = 200MB (=209715200) (default)
2022-01-13 07:01:38,628 [pool-118-thread-1] INFO  segmented.SegmentedRaftLogWorker (SegmentedRaftLogWorker.java:<init>(182)) - new om1@group-C5BA1605619E-SegmentedRaftLogWorker for RaftStorageImpl:Storage Directory /home/runner/work/ozone/ozone/hadoop-ozone/integration-test/target/test-dir/MiniOzoneClusterImpl-5cc78717-de86-4374-8821-2b604027a93e/ozone-meta/ratis/bf265839-605b-3f16-9796-c5ba1605619e
2022-01-13 07:01:38,628 [pool-118-thread-1] INFO  server.RaftServerConfigKeys (ConfUtils.java:logGet(44)) - raft.server.log.queue.byte-limit = 64MB (=67108864) (default)
2022-01-13 07:01:38,628 [pool-118-thread-1] INFO  server.RaftServerConfigKeys (ConfUtils.java:logGet(44)) - raft.server.log.queue.element-limit = 4096 (default)
2022-01-13 07:01:38,628 [pool-118-thread-1] INFO  server.RaftServerConfigKeys (ConfUtils.java:logGet(44)) - raft.server.log.segment.size.max = 4194304 (custom)
2022-01-13 07:01:38,628 [pool-118-thread-1] INFO  server.RaftServerConfigKeys (ConfUtils.java:logGet(44)) - raft.server.log.preallocated.size = 4194304 (custom)
2022-01-13 07:01:38,628 [pool-118-thread-1] INFO  server.RaftServerConfigKeys (ConfUtils.java:logGet(44)) - raft.server.log.force.sync.num = 128 (default)
2022-01-13 07:01:38,628 [pool-118-thread-1] INFO  server.RaftServerConfigKeys (ConfUtils.java:logGet(44)) - raft.server.log.statemachine.data.sync = true (default)
2022-01-13 07:01:38,628 [pool-118-thread-1] INFO  server.RaftServerConfigKeys (ConfUtils.java:logGet(44)) - raft.server.log.statemachine.data.sync.timeout = 10s (default)
2022-01-13 07:01:38,628 [pool-118-thread-1] INFO  server.RaftServerConfigKeys (ConfUtils.java:logGet(44)) - raft.server.log.statemachine.data.sync.timeout.retry = -1 (default)
2022-01-13 07:01:38,629 [pool-118-thread-1] INFO  server.RaftServerConfigKeys (ConfUtils.java:logGet(44)) - raft.server.log.write.buffer.size = 64KB (=65536) (default)
2022-01-13 07:01:38,629 [pool-118-thread-1] INFO  server.RaftServerConfigKeys (ConfUtils.java:logGet(44)) - raft.server.log.statemachine.data.caching.enabled = false (default)
2022-01-13 07:01:38,629 [pool-118-thread-1] INFO  segmented.SegmentedRaftLogWorker (SegmentedRaftLogWorker.java:lambda$new$0(133)) - om1@group-C5BA1605619E-SegmentedRaftLogWorker: flushIndex: setUnconditionally 0 -> -1
2022-01-13 07:01:38,629 [pool-118-thread-1] INFO  segmented.SegmentedRaftLogWorker (SegmentedRaftLogWorker.java:lambda$new$0(133)) - om1@group-C5BA1605619E-SegmentedRaftLogWorker: safeCacheEvictIndex: setUnconditionally 0 -> -1
2022-01-13 07:01:38,635 [pool-118-thread-1] INFO  server.RaftServerConfigKeys (ConfUtils.java:logGet(44)) - raft.server.snapshot.auto.trigger.enabled = true (custom)
2022-01-13 07:01:38,636 [pool-118-thread-1] INFO  server.RaftServerConfigKeys (ConfUtils.java:logGet(44)) - raft.server.snapshot.auto.trigger.threshold = 400000 (default)
2022-01-13 07:01:38,636 [pool-118-thread-1] INFO  server.RaftServerConfigKeys (ConfUtils.java:logGet(44)) - raft.server.snapshot.retention.file.num = -1 (default)
2022-01-13 07:01:38,636 [pool-118-thread-1] INFO  server.RaftServerConfigKeys (ConfUtils.java:logGet(44)) - raft.server.log.purge.upto.snapshot.index = true (custom)
2022-01-13 07:01:38,636 [pool-118-thread-1] INFO  server.RaftServerConfigKeys (ConfUtils.java:logGet(44)) - raft.server.retrycache.expirytime = 300s (custom)
2022-01-13 07:01:38,636 [pool-118-thread-1] INFO  server.RaftServerConfigKeys (ConfUtils.java:logGet(44)) - raft.server.retrycache.statistics.expirytime = 100μs (default)
2022-01-13 07:01:38,661 [Listener at 127.0.0.1/43165] INFO  impl.MetricsSystemImpl (MetricsSystemImpl.java:init(158)) - OzoneManager metrics system started (again)
2022-01-13 07:01:38,680 [Listener at 127.0.0.1/43165] INFO  om.OzoneManager (OzoneManager.java:start(1365)) - OzoneManager RPC server is listening at localhost/127.0.0.1:43165
2022-01-13 07:01:38,681 [Listener at 127.0.0.1/43165] INFO  ratis.OzoneManagerRatisServer (OzoneManagerRatisServer.java:start(554)) - Starting OzoneManagerRatisServer om1 at port 9872
2022-01-13 07:01:38,681 [Listener at 127.0.0.1/43165] INFO  server.RaftServer$Division (RaftServerImpl.java:start(301)) - om1@group-C5BA1605619E: start as a follower, conf=-1: [om1|rpc:localhost:9872|priority:0], old=null
2022-01-13 07:01:38,681 [Listener at 127.0.0.1/43165] INFO  server.RaftServer$Division (RaftServerImpl.java:setRole(290)) - om1@group-C5BA1605619E: changes role from      null to FOLLOWER at term 0 for startAsFollower
2022-01-13 07:01:38,681 [Listener at 127.0.0.1/43165] INFO  impl.RoleInfo (RoleInfo.java:updateAndGet(130)) - om1: start om1@group-C5BA1605619E-FollowerState
2022-01-13 07:01:38,682 [Listener at 127.0.0.1/43165] INFO  util.JmxRegister (JmxRegister.java:tryRegister(44)) - Successfully registered JMX Bean with object name Ratis:service=RaftServer,group=group-C5BA1605619E,id=om1
2022-01-13 07:01:38,688 [Listener at 127.0.0.1/43165] INFO  server.RaftServer (RaftServerProxy.java:lambda$start$5(374)) - om1: start RPC server
2022-01-13 07:01:38,691 [Listener at 127.0.0.1/43165] INFO  server.GrpcService (GrpcService.java:startImpl(253)) - om1: GrpcService started, listening on 9872
2022-01-13 07:01:38,694 [Listener at 127.0.0.1/43165] INFO  om.OzoneManager (OzoneManager.java:start(1381)) - Version File has different layout version (0) than OM DB (null). That is expected if this OM has never been finalized to a newer layout version.
2022-01-13 07:01:38,695 [org.apache.ratis.util.JvmPauseMonitor$$Lambda$431/949233711@174f40a9] INFO  util.JvmPauseMonitor (JvmPauseMonitor.java:run(103)) - JvmPauseMonitor-om1: Started
2022-01-13 07:01:38,699 [Listener at 127.0.0.1/43165] INFO  http.BaseHttpServer (BaseHttpServer.java:newHttpServer2BuilderForOzone(209)) - Starting Web-server for ozoneManager at: http://0.0.0.0:0
2022-01-13 07:01:38,699 [Listener at 127.0.0.1/43165] INFO  http.BaseHttpServer (BaseHttpServer.java:<init>(107)) - Hadoop Security Enabled: false Ozone Security Enabled: false Ozone HTTP Security Enabled: false 
2022-01-13 07:01:38,700 [Listener at 127.0.0.1/43165] INFO  server.AuthenticationFilter (AuthenticationFilter.java:constructSecretProvider(240)) - Unable to initialize FileSignerSecretProvider, falling back to use random secrets.
2022-01-13 07:01:38,701 [Listener at 127.0.0.1/43165] WARN  http.HttpRequestLog (HttpRequestLog.java:getRequestLog(103)) - Jetty request log can only be enabled using Log4j
2022-01-13 07:01:38,702 [Listener at 127.0.0.1/43165] INFO  http.HttpServer2 (HttpServer2.java:addGlobalFilter(1030)) - Added global filter 'safety' (class=org.apache.hadoop.hdds.server.http.HttpServer2$QuotingInputFilter)
2022-01-13 07:01:38,703 [Listener at 127.0.0.1/43165] INFO  http.HttpServer2 (HttpServer2.java:addFilter(1006)) - Added filter static_user_filter (class=org.apache.hadoop.http.lib.StaticUserWebFilter$StaticUserFilter) to context ozoneManager
2022-01-13 07:01:38,703 [Listener at 127.0.0.1/43165] INFO  http.HttpServer2 (HttpServer2.java:addFilter(1014)) - Added filter static_user_filter (class=org.apache.hadoop.http.lib.StaticUserWebFilter$StaticUserFilter) to context logs
2022-01-13 07:01:38,703 [Listener at 127.0.0.1/43165] INFO  http.HttpServer2 (HttpServer2.java:addFilter(1014)) - Added filter static_user_filter (class=org.apache.hadoop.http.lib.StaticUserWebFilter$StaticUserFilter) to context static
2022-01-13 07:01:38,703 [Listener at 127.0.0.1/43165] INFO  http.HttpServer2 (HttpServer2.java:bindListener(1249)) - Jetty bound to port 33181
2022-01-13 07:01:38,704 [Listener at 127.0.0.1/43165] INFO  server.Server (Server.java:doStart(375)) - jetty-9.4.43.v20210629; built: 2021-06-30T11:07:22.254Z; git: 526006ecfa3af7f1a27ef3a288e2bef7ea9dd7e8; jvm 1.8.0_292-b10
2022-01-13 07:01:38,707 [Listener at 127.0.0.1/43165] INFO  server.session (DefaultSessionIdManager.java:doStart(334)) - DefaultSessionIdManager workerName=node0
2022-01-13 07:01:38,708 [Listener at 127.0.0.1/43165] INFO  server.session (DefaultSessionIdManager.java:doStart(339)) - No SessionScavenger set, using defaults
2022-01-13 07:01:38,708 [Listener at 127.0.0.1/43165] INFO  server.session (HouseKeeper.java:startScavenging(132)) - node0 Scavenging every 660000ms
2022-01-13 07:01:38,711 [Listener at 127.0.0.1/43165] INFO  handler.ContextHandler (ContextHandler.java:doStart(915)) - Started o.e.j.s.ServletContextHandler@31b6bda{logs,/logs,file:///home/runner/work/ozone/ozone/hadoop-ozone/integration-test/target/log,AVAILABLE}
2022-01-13 07:01:38,711 [Listener at 127.0.0.1/43165] INFO  handler.ContextHandler (ContextHandler.java:doStart(915)) - Started o.e.j.s.ServletContextHandler@51ba3547{static,/static,file:///home/runner/work/ozone/ozone/hadoop-ozone/integration-test/target/test-classes/webapps/static,AVAILABLE}
2022-01-13 07:01:38,717 [Listener at 127.0.0.1/43165] INFO  handler.ContextHandler (ContextHandler.java:doStart(915)) - Started o.e.j.w.WebAppContext@35f411b{ozoneManager,/,file:///home/runner/work/ozone/ozone/hadoop-ozone/integration-test/target/test-classes/webapps/ozoneManager/,AVAILABLE}{file:/home/runner/work/ozone/ozone/hadoop-ozone/integration-test/target/test-classes/webapps/ozoneManager}
2022-01-13 07:01:38,723 [Listener at 127.0.0.1/43165] INFO  server.AbstractConnector (AbstractConnector.java:doStart(331)) - Started ServerConnector@55b0660f{HTTP/1.1, (http/1.1)}{0.0.0.0:33181}
2022-01-13 07:01:38,723 [Listener at 127.0.0.1/43165] INFO  server.Server (Server.java:doStart(415)) - Started @45731ms
2022-01-13 07:01:38,723 [Listener at 127.0.0.1/43165] WARN  impl.MetricsSystemImpl (MetricsSystemImpl.java:register(279)) - Sink prometheus already exists!
2022-01-13 07:01:38,724 [Listener at 127.0.0.1/43165] INFO  http.BaseHttpServer (BaseHttpServer.java:updateConnectorAddress(329)) - HTTP server of ozoneManager listening at http://0.0.0.0:33181
2022-01-13 07:01:38,724 [IPC Server Responder] INFO  ipc.Server (Server.java:run(1507)) - IPC Server Responder: starting
2022-01-13 07:01:38,724 [IPC Server listener on 0] INFO  ipc.Server (Server.java:run(1344)) - IPC Server listener on 0: starting
2022-01-13 07:01:38,727 [Listener at 127.0.0.1/43165] INFO  om.OzoneManager (OzoneManager.java:startTrashEmptier(1792)) - Trash Interval set to 0. Files deleted will not move to trash
2022-01-13 07:01:38,733 [org.apache.hadoop.util.JvmPauseMonitor$Monitor@72645726] INFO  util.JvmPauseMonitor (JvmPauseMonitor.java:run(188)) - Starting JVM pause monitor
2022-01-13 07:01:38,742 [Listener at 127.0.0.1/43165] WARN  impl.MetricRegistriesImpl (MetricRegistriesImpl.java:addReporterRegistration(111)) - New reporters are added after registries were created. Some metrics will be missing from the reporter. Please add reporter before adding any new registry.
2022-01-13 07:01:38,743 [Listener at 127.0.0.1/43165] WARN  impl.MetricRegistriesImpl (MetricRegistriesImpl.java:addReporterRegistration(111)) - New reporters are added after registries were created. Some metrics will be missing from the reporter. Please add reporter before adding any new registry.
2022-01-13 07:01:38,743 [Listener at 127.0.0.1/43165] INFO  impl.MetricsSystemImpl (MetricsSystemImpl.java:init(158)) - HddsDatanode metrics system started (again)
2022-01-13 07:01:38,759 [Listener at 127.0.0.1/43165] INFO  ozone.HddsDatanodeService (HddsDatanodeService.java:start(234)) - HddsDatanodeService host:fv-az184-560.3ow45vhwbzuu5incsxmygykede.cx.internal.cloudapp.net ip:10.1.0.23
2022-01-13 07:01:38,783 [Listener at 127.0.0.1/43165] INFO  upgrade.AbstractLayoutVersionManager (AbstractLayoutVersionManager.java:init(79)) - Initializing Layout version manager with metadata layout = SCM_HA (version = 2), software layout = SCM_HA (version = 2)
2022-01-13 07:01:38,851 [Listener at 127.0.0.1/43165] INFO  reflections.Reflections (Reflections.java:scan(232)) - Reflections took 66 ms to scan 7 urls, producing 119 keys and 279 values 
2022-01-13 07:01:38,862 [Listener at 127.0.0.1/43165] INFO  statemachine.DatanodeStateMachine (DatanodeStateMachine.java:getEndPointTaskThreadPoolSize(222)) - Datanode State Machine Task Thread Pool size 2
2022-01-13 07:01:38,871 [Listener at 127.0.0.1/43165] INFO  volume.HddsVolume (HddsVolume.java:<init>(120)) - Creating HddsVolume: /home/runner/work/ozone/ozone/hadoop-ozone/integration-test/target/test-dir/MiniOzoneClusterImpl-5cc78717-de86-4374-8821-2b604027a93e/datanode-0/data-0/containers/hdds of storage type : DISK capacity : 9223372036854775807
2022-01-13 07:01:38,871 [Listener at 127.0.0.1/43165] INFO  volume.MutableVolumeSet (MutableVolumeSet.java:initializeVolumeSet(168)) - Added Volume : /home/runner/work/ozone/ozone/hadoop-ozone/integration-test/target/test-dir/MiniOzoneClusterImpl-5cc78717-de86-4374-8821-2b604027a93e/datanode-0/data-0/containers/hdds to VolumeSet
2022-01-13 07:01:38,871 [Listener at 127.0.0.1/43165] INFO  volume.ThrottledAsyncChecker (ThrottledAsyncChecker.java:schedule(141)) - Scheduling a check for /home/runner/work/ozone/ozone/hadoop-ozone/integration-test/target/test-dir/MiniOzoneClusterImpl-5cc78717-de86-4374-8821-2b604027a93e/datanode-0/data-0/containers/hdds
2022-01-13 07:01:38,879 [Listener at 127.0.0.1/43165] INFO  volume.StorageVolumeChecker (StorageVolumeChecker.java:checkAllVolumes(202)) - Scheduled health check for volume /home/runner/work/ozone/ozone/hadoop-ozone/integration-test/target/test-dir/MiniOzoneClusterImpl-5cc78717-de86-4374-8821-2b604027a93e/datanode-0/data-0/containers/hdds
2022-01-13 07:01:38,894 [Listener at 127.0.0.1/43165] INFO  volume.MutableVolumeSet (MutableVolumeSet.java:initializeVolumeSet(168)) - Added Volume : /home/runner/work/ozone/ozone/hadoop-ozone/integration-test/target/test-dir/MiniOzoneClusterImpl-5cc78717-de86-4374-8821-2b604027a93e/datanode-0/data/ratis to VolumeSet
2022-01-13 07:01:38,894 [Listener at 127.0.0.1/43165] INFO  volume.ThrottledAsyncChecker (ThrottledAsyncChecker.java:schedule(141)) - Scheduling a check for /home/runner/work/ozone/ozone/hadoop-ozone/integration-test/target/test-dir/MiniOzoneClusterImpl-5cc78717-de86-4374-8821-2b604027a93e/datanode-0/data/ratis
2022-01-13 07:01:38,894 [Listener at 127.0.0.1/43165] INFO  volume.StorageVolumeChecker (StorageVolumeChecker.java:checkAllVolumes(202)) - Scheduled health check for volume /home/runner/work/ozone/ozone/hadoop-ozone/integration-test/target/test-dir/MiniOzoneClusterImpl-5cc78717-de86-4374-8821-2b604027a93e/datanode-0/data/ratis
2022-01-13 07:01:38,908 [Thread-299] INFO  ozoneimpl.ContainerReader (ContainerReader.java:readVolume(172)) - Finish verifying containers on volume /home/runner/work/ozone/ozone/hadoop-ozone/integration-test/target/test-dir/MiniOzoneClusterImpl-5cc78717-de86-4374-8821-2b604027a93e/datanode-0/data-0/containers/hdds
2022-01-13 07:01:38,909 [Listener at 127.0.0.1/43165] INFO  ozoneimpl.OzoneContainer (OzoneContainer.java:buildContainerSet(237)) - Build ContainerSet costs 0s
2022-01-13 07:01:38,912 [Listener at 127.0.0.1/43165] INFO  server.RaftServer (ConfUtils.java:logGet(44)) - raft.rpc.type = GRPC (default)
2022-01-13 07:01:38,912 [Listener at 127.0.0.1/43165] INFO  grpc.GrpcFactory (GrpcFactory.java:checkPooledByteBufAllocatorUseCacheForAllThreads(48)) - PERFORMANCE WARNING: useCacheForAllThreads is true that may cause Netty to create a lot garbage objects and, as a result, trigger GC.
	It is recommended to disable useCacheForAllThreads by setting -Dorg.apache.ratis.thirdparty.io.netty.allocator.useCacheForAllThreads=false in command line.
2022-01-13 07:01:38,912 [Listener at 127.0.0.1/43165] INFO  grpc.GrpcConfigKeys (ConfUtils.java:logGet(44)) - raft.grpc.admin.port = 0 (custom)
2022-01-13 07:01:38,912 [Listener at 127.0.0.1/43165] INFO  grpc.GrpcConfigKeys (ConfUtils.java:logGet(44)) - raft.grpc.client.port = 0 (custom)
2022-01-13 07:01:38,912 [Listener at 127.0.0.1/43165] INFO  grpc.GrpcConfigKeys (ConfUtils.java:logGet(44)) - raft.grpc.server.port = 0 (default)
2022-01-13 07:01:38,912 [Listener at 127.0.0.1/43165] INFO  server.GrpcService (ConfUtils.java:logGet(44)) - raft.grpc.message.size.max = 32MB (=33554432) (custom)
2022-01-13 07:01:38,912 [Listener at 127.0.0.1/43165] INFO  server.RaftServerConfigKeys (ConfUtils.java:logGet(44)) - raft.server.log.appender.buffer.byte-limit = 33554432 (custom)
2022-01-13 07:01:38,912 [Listener at 127.0.0.1/43165] INFO  server.GrpcService (ConfUtils.java:logGet(44)) - raft.grpc.flow.control.window = 5MB (=5242880) (custom)
2022-01-13 07:01:38,912 [Listener at 127.0.0.1/43165] INFO  server.RaftServerConfigKeys (ConfUtils.java:logGet(44)) - raft.server.rpc.request.timeout = 60s (custom)
2022-01-13 07:01:38,913 [Listener at 127.0.0.1/43165] INFO  impl.DataStreamServerImpl (ConfUtils.java:logGet(44)) - raft.datastream.type = DISABLED (default)
2022-01-13 07:01:38,914 [Listener at 127.0.0.1/43165] INFO  server.RaftServerConfigKeys (ConfUtils.java:logGet(44)) - raft.server.rpc.slowness.timeout = 300s (custom)
2022-01-13 07:01:38,914 [Listener at 127.0.0.1/43165] INFO  server.RaftServerConfigKeys (ConfUtils.java:logGet(44)) - raft.server.leaderelection.leader.step-down.wait-time = 10s (default)
2022-01-13 07:01:38,914 [Listener at 127.0.0.1/43165] INFO  server.RaftServerConfigKeys (ConfUtils.java:logGet(44)) - raft.server.storage.dir = [/home/runner/work/ozone/ozone/hadoop-ozone/integration-test/target/test-dir/MiniOzoneClusterImpl-5cc78717-de86-4374-8821-2b604027a93e/datanode-0/data/ratis] (custom)
2022-01-13 07:01:38,919 [Listener at 127.0.0.1/43165] INFO  server.XceiverServerGrpc (XceiverServerGrpc.java:<init>(132)) - GrpcServer channel type EpollServerSocketChannel
2022-01-13 07:01:38,936 [Listener at 127.0.0.1/43165] INFO  http.BaseHttpServer (BaseHttpServer.java:newHttpServer2BuilderForOzone(209)) - Starting Web-server for hddsDatanode at: http://0.0.0.0:0
2022-01-13 07:01:38,936 [Listener at 127.0.0.1/43165] INFO  http.BaseHttpServer (BaseHttpServer.java:<init>(107)) - Hadoop Security Enabled: false Ozone Security Enabled: false Ozone HTTP Security Enabled: false 
2022-01-13 07:01:38,939 [Listener at 127.0.0.1/43165] INFO  server.AuthenticationFilter (AuthenticationFilter.java:constructSecretProvider(240)) - Unable to initialize FileSignerSecretProvider, falling back to use random secrets.
2022-01-13 07:01:38,940 [Listener at 127.0.0.1/43165] WARN  http.HttpRequestLog (HttpRequestLog.java:getRequestLog(103)) - Jetty request log can only be enabled using Log4j
2022-01-13 07:01:38,941 [Listener at 127.0.0.1/43165] INFO  http.HttpServer2 (HttpServer2.java:addGlobalFilter(1030)) - Added global filter 'safety' (class=org.apache.hadoop.hdds.server.http.HttpServer2$QuotingInputFilter)
2022-01-13 07:01:38,942 [Listener at 127.0.0.1/43165] INFO  http.HttpServer2 (HttpServer2.java:addFilter(1006)) - Added filter static_user_filter (class=org.apache.hadoop.http.lib.StaticUserWebFilter$StaticUserFilter) to context hddsDatanode
2022-01-13 07:01:38,942 [Listener at 127.0.0.1/43165] INFO  http.HttpServer2 (HttpServer2.java:addFilter(1014)) - Added filter static_user_filter (class=org.apache.hadoop.http.lib.StaticUserWebFilter$StaticUserFilter) to context static
2022-01-13 07:01:38,942 [Listener at 127.0.0.1/43165] INFO  http.HttpServer2 (HttpServer2.java:addFilter(1014)) - Added filter static_user_filter (class=org.apache.hadoop.http.lib.StaticUserWebFilter$StaticUserFilter) to context logs
2022-01-13 07:01:38,943 [Listener at 127.0.0.1/43165] INFO  http.HttpServer2 (HttpServer2.java:bindListener(1249)) - Jetty bound to port 45609
2022-01-13 07:01:38,945 [Listener at 127.0.0.1/43165] INFO  server.Server (Server.java:doStart(375)) - jetty-9.4.43.v20210629; built: 2021-06-30T11:07:22.254Z; git: 526006ecfa3af7f1a27ef3a288e2bef7ea9dd7e8; jvm 1.8.0_292-b10
2022-01-13 07:01:38,947 [Listener at 127.0.0.1/43165] INFO  server.session (DefaultSessionIdManager.java:doStart(334)) - DefaultSessionIdManager workerName=node0
2022-01-13 07:01:38,947 [Listener at 127.0.0.1/43165] INFO  server.session (DefaultSessionIdManager.java:doStart(339)) - No SessionScavenger set, using defaults
2022-01-13 07:01:38,948 [Listener at 127.0.0.1/43165] INFO  server.session (HouseKeeper.java:startScavenging(132)) - node0 Scavenging every 600000ms
2022-01-13 07:01:38,948 [Listener at 127.0.0.1/43165] INFO  handler.ContextHandler (ContextHandler.java:doStart(915)) - Started o.e.j.s.ServletContextHandler@37f62f6a{logs,/logs,file:///home/runner/work/ozone/ozone/hadoop-ozone/integration-test/target/log,AVAILABLE}
2022-01-13 07:01:38,949 [Listener at 127.0.0.1/43165] INFO  handler.ContextHandler (ContextHandler.java:doStart(915)) - Started o.e.j.s.ServletContextHandler@2d5b9b{static,/static,jar:file:/home/runner/.m2/repository/org/apache/ozone/hdds-container-service/1.3.0-SNAPSHOT/hdds-container-service-1.3.0-SNAPSHOT.jar!/webapps/static,AVAILABLE}
2022-01-13 07:01:39,006 [Listener at 127.0.0.1/43165] INFO  handler.ContextHandler (ContextHandler.java:doStart(915)) - Started o.e.j.w.WebAppContext@5f5a77a3{hddsDatanode,/,file:///tmp/jetty-0_0_0_0-45609-hdds-container-service-1_3_0-SNAPSHOT_jar-_-any-8678486801071350622/webapp/,AVAILABLE}{jar:file:/home/runner/.m2/repository/org/apache/ozone/hdds-container-service/1.3.0-SNAPSHOT/hdds-container-service-1.3.0-SNAPSHOT.jar!/webapps/hddsDatanode}
2022-01-13 07:01:39,008 [Listener at 127.0.0.1/43165] INFO  server.AbstractConnector (AbstractConnector.java:doStart(331)) - Started ServerConnector@913898{HTTP/1.1, (http/1.1)}{0.0.0.0:45609}
2022-01-13 07:01:39,008 [Listener at 127.0.0.1/43165] INFO  server.Server (Server.java:doStart(415)) - Started @46016ms
2022-01-13 07:01:39,008 [Listener at 127.0.0.1/43165] WARN  impl.MetricsSystemImpl (MetricsSystemImpl.java:register(279)) - Sink prometheus already exists!
2022-01-13 07:01:39,011 [Listener at 127.0.0.1/43165] INFO  http.BaseHttpServer (BaseHttpServer.java:updateConnectorAddress(329)) - HTTP server of hddsDatanode listening at http://0.0.0.0:45609
2022-01-13 07:01:39,012 [Listener at 127.0.0.1/43165] WARN  impl.MetricRegistriesImpl (MetricRegistriesImpl.java:addReporterRegistration(111)) - New reporters are added after registries were created. Some metrics will be missing from the reporter. Please add reporter before adding any new registry.
2022-01-13 07:01:39,012 [Listener at 127.0.0.1/43165] WARN  impl.MetricRegistriesImpl (MetricRegistriesImpl.java:addReporterRegistration(111)) - New reporters are added after registries were created. Some metrics will be missing from the reporter. Please add reporter before adding any new registry.
2022-01-13 07:01:39,012 [Listener at 127.0.0.1/43165] INFO  impl.MetricsSystemImpl (MetricsSystemImpl.java:init(158)) - HddsDatanode metrics system started (again)
2022-01-13 07:01:39,022 [Datanode State Machine Daemon Thread] INFO  statemachine.DatanodeStateMachine (DatanodeStateMachine.java:lambda$startDaemon$0(470)) - Ozone container server started.
2022-01-13 07:01:39,039 [org.apache.hadoop.util.JvmPauseMonitor$Monitor@bc73e2] INFO  util.JvmPauseMonitor (JvmPauseMonitor.java:run(188)) - Starting JVM pause monitor
2022-01-13 07:01:39,043 [Listener at 127.0.0.1/43165] INFO  ozone.HddsDatanodeService (HddsDatanodeService.java:start(234)) - HddsDatanodeService host:fv-az184-560.3ow45vhwbzuu5incsxmygykede.cx.internal.cloudapp.net ip:10.1.0.23
2022-01-13 07:01:39,055 [Datanode State Machine Task Thread - 0] INFO  datanode.InitDatanodeState (InitDatanodeState.java:persistContainerDatanodeDetails(145)) - DatanodeDetails is persisted to /home/runner/work/ozone/ozone/hadoop-ozone/integration-test/target/test-dir/MiniOzoneClusterImpl-5cc78717-de86-4374-8821-2b604027a93e/datanode-0/meta/datanode.id
2022-01-13 07:01:39,071 [Listener at 127.0.0.1/43165] INFO  upgrade.AbstractLayoutVersionManager (AbstractLayoutVersionManager.java:init(79)) - Initializing Layout version manager with metadata layout = SCM_HA (version = 2), software layout = SCM_HA (version = 2)
2022-01-13 07:01:39,138 [Listener at 127.0.0.1/43165] INFO  reflections.Reflections (Reflections.java:scan(232)) - Reflections took 65 ms to scan 7 urls, producing 119 keys and 279 values 
2022-01-13 07:01:39,146 [Listener at 127.0.0.1/43165] INFO  statemachine.DatanodeStateMachine (DatanodeStateMachine.java:getEndPointTaskThreadPoolSize(222)) - Datanode State Machine Task Thread Pool size 2
2022-01-13 07:01:39,159 [Listener at 127.0.0.1/43165] INFO  volume.HddsVolume (HddsVolume.java:<init>(120)) - Creating HddsVolume: /home/runner/work/ozone/ozone/hadoop-ozone/integration-test/target/test-dir/MiniOzoneClusterImpl-5cc78717-de86-4374-8821-2b604027a93e/datanode-1/data-0/containers/hdds of storage type : DISK capacity : 9223372036854775807
2022-01-13 07:01:39,160 [Listener at 127.0.0.1/43165] INFO  volume.MutableVolumeSet (MutableVolumeSet.java:initializeVolumeSet(168)) - Added Volume : /home/runner/work/ozone/ozone/hadoop-ozone/integration-test/target/test-dir/MiniOzoneClusterImpl-5cc78717-de86-4374-8821-2b604027a93e/datanode-1/data-0/containers/hdds to VolumeSet
2022-01-13 07:01:39,160 [Listener at 127.0.0.1/43165] INFO  volume.ThrottledAsyncChecker (ThrottledAsyncChecker.java:schedule(141)) - Scheduling a check for /home/runner/work/ozone/ozone/hadoop-ozone/integration-test/target/test-dir/MiniOzoneClusterImpl-5cc78717-de86-4374-8821-2b604027a93e/datanode-1/data-0/containers/hdds
2022-01-13 07:01:39,178 [Listener at 127.0.0.1/43165] INFO  volume.StorageVolumeChecker (StorageVolumeChecker.java:checkAllVolumes(202)) - Scheduled health check for volume /home/runner/work/ozone/ozone/hadoop-ozone/integration-test/target/test-dir/MiniOzoneClusterImpl-5cc78717-de86-4374-8821-2b604027a93e/datanode-1/data-0/containers/hdds
2022-01-13 07:01:39,207 [Listener at 127.0.0.1/43165] INFO  volume.MutableVolumeSet (MutableVolumeSet.java:initializeVolumeSet(168)) - Added Volume : /home/runner/work/ozone/ozone/hadoop-ozone/integration-test/target/test-dir/MiniOzoneClusterImpl-5cc78717-de86-4374-8821-2b604027a93e/datanode-1/data/ratis to VolumeSet
2022-01-13 07:01:39,208 [Listener at 127.0.0.1/43165] INFO  volume.ThrottledAsyncChecker (ThrottledAsyncChecker.java:schedule(141)) - Scheduling a check for /home/runner/work/ozone/ozone/hadoop-ozone/integration-test/target/test-dir/MiniOzoneClusterImpl-5cc78717-de86-4374-8821-2b604027a93e/datanode-1/data/ratis
2022-01-13 07:01:39,208 [Listener at 127.0.0.1/43165] INFO  volume.StorageVolumeChecker (StorageVolumeChecker.java:checkAllVolumes(202)) - Scheduled health check for volume /home/runner/work/ozone/ozone/hadoop-ozone/integration-test/target/test-dir/MiniOzoneClusterImpl-5cc78717-de86-4374-8821-2b604027a93e/datanode-1/data/ratis
2022-01-13 07:01:39,236 [Thread-311] INFO  ozoneimpl.ContainerReader (ContainerReader.java:readVolume(172)) - Finish verifying containers on volume /home/runner/work/ozone/ozone/hadoop-ozone/integration-test/target/test-dir/MiniOzoneClusterImpl-5cc78717-de86-4374-8821-2b604027a93e/datanode-1/data-0/containers/hdds
2022-01-13 07:01:39,237 [Listener at 127.0.0.1/43165] INFO  ozoneimpl.OzoneContainer (OzoneContainer.java:buildContainerSet(237)) - Build ContainerSet costs 0s
2022-01-13 07:01:39,250 [Listener at 127.0.0.1/43165] INFO  server.RaftServer (ConfUtils.java:logGet(44)) - raft.rpc.type = GRPC (default)
2022-01-13 07:01:39,250 [Listener at 127.0.0.1/43165] INFO  grpc.GrpcFactory (GrpcFactory.java:checkPooledByteBufAllocatorUseCacheForAllThreads(48)) - PERFORMANCE WARNING: useCacheForAllThreads is true that may cause Netty to create a lot garbage objects and, as a result, trigger GC.
	It is recommended to disable useCacheForAllThreads by setting -Dorg.apache.ratis.thirdparty.io.netty.allocator.useCacheForAllThreads=false in command line.
2022-01-13 07:01:39,250 [Listener at 127.0.0.1/43165] INFO  grpc.GrpcConfigKeys (ConfUtils.java:logGet(44)) - raft.grpc.admin.port = 0 (custom)
2022-01-13 07:01:39,250 [Listener at 127.0.0.1/43165] INFO  grpc.GrpcConfigKeys (ConfUtils.java:logGet(44)) - raft.grpc.client.port = 0 (custom)
2022-01-13 07:01:39,250 [Listener at 127.0.0.1/43165] INFO  grpc.GrpcConfigKeys (ConfUtils.java:logGet(44)) - raft.grpc.server.port = 0 (default)
2022-01-13 07:01:39,250 [Listener at 127.0.0.1/43165] INFO  server.GrpcService (ConfUtils.java:logGet(44)) - raft.grpc.message.size.max = 32MB (=33554432) (custom)
2022-01-13 07:01:39,251 [Listener at 127.0.0.1/43165] INFO  server.RaftServerConfigKeys (ConfUtils.java:logGet(44)) - raft.server.log.appender.buffer.byte-limit = 33554432 (custom)
2022-01-13 07:01:39,251 [Listener at 127.0.0.1/43165] INFO  server.GrpcService (ConfUtils.java:logGet(44)) - raft.grpc.flow.control.window = 5MB (=5242880) (custom)
2022-01-13 07:01:39,251 [Listener at 127.0.0.1/43165] INFO  server.RaftServerConfigKeys (ConfUtils.java:logGet(44)) - raft.server.rpc.request.timeout = 60s (custom)
2022-01-13 07:01:39,252 [Listener at 127.0.0.1/43165] INFO  impl.DataStreamServerImpl (ConfUtils.java:logGet(44)) - raft.datastream.type = DISABLED (default)
2022-01-13 07:01:39,253 [Listener at 127.0.0.1/43165] INFO  server.RaftServerConfigKeys (ConfUtils.java:logGet(44)) - raft.server.rpc.slowness.timeout = 300s (custom)
2022-01-13 07:01:39,253 [Listener at 127.0.0.1/43165] INFO  server.RaftServerConfigKeys (ConfUtils.java:logGet(44)) - raft.server.leaderelection.leader.step-down.wait-time = 10s (default)
2022-01-13 07:01:39,253 [Listener at 127.0.0.1/43165] INFO  server.RaftServerConfigKeys (ConfUtils.java:logGet(44)) - raft.server.storage.dir = [/home/runner/work/ozone/ozone/hadoop-ozone/integration-test/target/test-dir/MiniOzoneClusterImpl-5cc78717-de86-4374-8821-2b604027a93e/datanode-1/data/ratis] (custom)
2022-01-13 07:01:39,254 [Listener at 127.0.0.1/43165] INFO  server.XceiverServerGrpc (XceiverServerGrpc.java:<init>(132)) - GrpcServer channel type EpollServerSocketChannel
2022-01-13 07:01:39,261 [Listener at 127.0.0.1/43165] INFO  http.BaseHttpServer (BaseHttpServer.java:newHttpServer2BuilderForOzone(209)) - Starting Web-server for hddsDatanode at: http://0.0.0.0:0
2022-01-13 07:01:39,261 [Listener at 127.0.0.1/43165] INFO  http.BaseHttpServer (BaseHttpServer.java:<init>(107)) - Hadoop Security Enabled: false Ozone Security Enabled: false Ozone HTTP Security Enabled: false 
2022-01-13 07:01:39,262 [Listener at 127.0.0.1/43165] INFO  server.AuthenticationFilter (AuthenticationFilter.java:constructSecretProvider(240)) - Unable to initialize FileSignerSecretProvider, falling back to use random secrets.
2022-01-13 07:01:39,266 [Listener at 127.0.0.1/43165] WARN  http.HttpRequestLog (HttpRequestLog.java:getRequestLog(103)) - Jetty request log can only be enabled using Log4j
2022-01-13 07:01:39,267 [Listener at 127.0.0.1/43165] INFO  http.HttpServer2 (HttpServer2.java:addGlobalFilter(1030)) - Added global filter 'safety' (class=org.apache.hadoop.hdds.server.http.HttpServer2$QuotingInputFilter)
2022-01-13 07:01:39,268 [Listener at 127.0.0.1/43165] INFO  http.HttpServer2 (HttpServer2.java:addFilter(1006)) - Added filter static_user_filter (class=org.apache.hadoop.http.lib.StaticUserWebFilter$StaticUserFilter) to context hddsDatanode
2022-01-13 07:01:39,268 [Listener at 127.0.0.1/43165] INFO  http.HttpServer2 (HttpServer2.java:addFilter(1014)) - Added filter static_user_filter (class=org.apache.hadoop.http.lib.StaticUserWebFilter$StaticUserFilter) to context static
2022-01-13 07:01:39,268 [Listener at 127.0.0.1/43165] INFO  http.HttpServer2 (HttpServer2.java:addFilter(1014)) - Added filter static_user_filter (class=org.apache.hadoop.http.lib.StaticUserWebFilter$StaticUserFilter) to context logs
2022-01-13 07:01:39,269 [Listener at 127.0.0.1/43165] INFO  http.HttpServer2 (HttpServer2.java:bindListener(1249)) - Jetty bound to port 39671
2022-01-13 07:01:39,269 [Listener at 127.0.0.1/43165] INFO  server.Server (Server.java:doStart(375)) - jetty-9.4.43.v20210629; built: 2021-06-30T11:07:22.254Z; git: 526006ecfa3af7f1a27ef3a288e2bef7ea9dd7e8; jvm 1.8.0_292-b10
2022-01-13 07:01:39,271 [Listener at 127.0.0.1/43165] INFO  server.session (DefaultSessionIdManager.java:doStart(334)) - DefaultSessionIdManager workerName=node0
2022-01-13 07:01:39,271 [Listener at 127.0.0.1/43165] INFO  server.session (DefaultSessionIdManager.java:doStart(339)) - No SessionScavenger set, using defaults
2022-01-13 07:01:39,271 [Listener at 127.0.0.1/43165] INFO  server.session (HouseKeeper.java:startScavenging(132)) - node0 Scavenging every 600000ms
2022-01-13 07:01:39,275 [Listener at 127.0.0.1/43165] INFO  handler.ContextHandler (ContextHandler.java:doStart(915)) - Started o.e.j.s.ServletContextHandler@6a5f2016{logs,/logs,file:///home/runner/work/ozone/ozone/hadoop-ozone/integration-test/target/log,AVAILABLE}
2022-01-13 07:01:39,275 [Listener at 127.0.0.1/43165] INFO  handler.ContextHandler (ContextHandler.java:doStart(915)) - Started o.e.j.s.ServletContextHandler@4a47bc62{static,/static,jar:file:/home/runner/.m2/repository/org/apache/ozone/hdds-container-service/1.3.0-SNAPSHOT/hdds-container-service-1.3.0-SNAPSHOT.jar!/webapps/static,AVAILABLE}
2022-01-13 07:01:39,347 [Listener at 127.0.0.1/43165] INFO  handler.ContextHandler (ContextHandler.java:doStart(915)) - Started o.e.j.w.WebAppContext@30e7592c{hddsDatanode,/,file:///tmp/jetty-0_0_0_0-39671-hdds-container-service-1_3_0-SNAPSHOT_jar-_-any-4631319939974835221/webapp/,AVAILABLE}{jar:file:/home/runner/.m2/repository/org/apache/ozone/hdds-container-service/1.3.0-SNAPSHOT/hdds-container-service-1.3.0-SNAPSHOT.jar!/webapps/hddsDatanode}
2022-01-13 07:01:39,348 [Listener at 127.0.0.1/43165] INFO  server.AbstractConnector (AbstractConnector.java:doStart(331)) - Started ServerConnector@65fb2587{HTTP/1.1, (http/1.1)}{0.0.0.0:39671}
2022-01-13 07:01:39,348 [Listener at 127.0.0.1/43165] INFO  server.Server (Server.java:doStart(415)) - Started @46356ms
2022-01-13 07:01:39,348 [Listener at 127.0.0.1/43165] WARN  impl.MetricsSystemImpl (MetricsSystemImpl.java:register(279)) - Sink prometheus already exists!
2022-01-13 07:01:39,349 [Listener at 127.0.0.1/43165] INFO  http.BaseHttpServer (BaseHttpServer.java:updateConnectorAddress(329)) - HTTP server of hddsDatanode listening at http://0.0.0.0:39671
2022-01-13 07:01:39,350 [Listener at 127.0.0.1/43165] WARN  impl.MetricRegistriesImpl (MetricRegistriesImpl.java:addReporterRegistration(111)) - New reporters are added after registries were created. Some metrics will be missing from the reporter. Please add reporter before adding any new registry.
2022-01-13 07:01:39,350 [Listener at 127.0.0.1/43165] WARN  impl.MetricRegistriesImpl (MetricRegistriesImpl.java:addReporterRegistration(111)) - New reporters are added after registries were created. Some metrics will be missing from the reporter. Please add reporter before adding any new registry.
2022-01-13 07:01:39,351 [Listener at 127.0.0.1/43165] INFO  impl.MetricsSystemImpl (MetricsSystemImpl.java:init(158)) - HddsDatanode metrics system started (again)
2022-01-13 07:01:39,361 [Datanode State Machine Daemon Thread] INFO  statemachine.DatanodeStateMachine (DatanodeStateMachine.java:lambda$startDaemon$0(470)) - Ozone container server started.
2022-01-13 07:01:39,366 [Listener at 127.0.0.1/43165] INFO  ozone.HddsDatanodeService (HddsDatanodeService.java:start(234)) - HddsDatanodeService host:fv-az184-560.3ow45vhwbzuu5incsxmygykede.cx.internal.cloudapp.net ip:10.1.0.23
2022-01-13 07:01:39,390 [org.apache.hadoop.util.JvmPauseMonitor$Monitor@64d7ced9] INFO  util.JvmPauseMonitor (JvmPauseMonitor.java:run(188)) - Starting JVM pause monitor
2022-01-13 07:01:39,403 [Listener at 127.0.0.1/43165] INFO  upgrade.AbstractLayoutVersionManager (AbstractLayoutVersionManager.java:init(79)) - Initializing Layout version manager with metadata layout = SCM_HA (version = 2), software layout = SCM_HA (version = 2)
2022-01-13 07:01:39,405 [Datanode State Machine Task Thread - 0] INFO  datanode.InitDatanodeState (InitDatanodeState.java:persistContainerDatanodeDetails(145)) - DatanodeDetails is persisted to /home/runner/work/ozone/ozone/hadoop-ozone/integration-test/target/test-dir/MiniOzoneClusterImpl-5cc78717-de86-4374-8821-2b604027a93e/datanode-1/meta/datanode.id
2022-01-13 07:01:39,494 [Listener at 127.0.0.1/43165] INFO  reflections.Reflections (Reflections.java:scan(232)) - Reflections took 87 ms to scan 7 urls, producing 119 keys and 279 values 
2022-01-13 07:01:39,502 [Listener at 127.0.0.1/43165] INFO  statemachine.DatanodeStateMachine (DatanodeStateMachine.java:getEndPointTaskThreadPoolSize(222)) - Datanode State Machine Task Thread Pool size 2
2022-01-13 07:01:39,511 [Listener at 127.0.0.1/43165] INFO  volume.HddsVolume (HddsVolume.java:<init>(120)) - Creating HddsVolume: /home/runner/work/ozone/ozone/hadoop-ozone/integration-test/target/test-dir/MiniOzoneClusterImpl-5cc78717-de86-4374-8821-2b604027a93e/datanode-2/data-0/containers/hdds of storage type : DISK capacity : 9223372036854775807
2022-01-13 07:01:39,511 [Listener at 127.0.0.1/43165] INFO  volume.MutableVolumeSet (MutableVolumeSet.java:initializeVolumeSet(168)) - Added Volume : /home/runner/work/ozone/ozone/hadoop-ozone/integration-test/target/test-dir/MiniOzoneClusterImpl-5cc78717-de86-4374-8821-2b604027a93e/datanode-2/data-0/containers/hdds to VolumeSet
2022-01-13 07:01:39,511 [Listener at 127.0.0.1/43165] INFO  volume.ThrottledAsyncChecker (ThrottledAsyncChecker.java:schedule(141)) - Scheduling a check for /home/runner/work/ozone/ozone/hadoop-ozone/integration-test/target/test-dir/MiniOzoneClusterImpl-5cc78717-de86-4374-8821-2b604027a93e/datanode-2/data-0/containers/hdds
2022-01-13 07:01:39,530 [Listener at 127.0.0.1/43165] INFO  volume.StorageVolumeChecker (StorageVolumeChecker.java:checkAllVolumes(202)) - Scheduled health check for volume /home/runner/work/ozone/ozone/hadoop-ozone/integration-test/target/test-dir/MiniOzoneClusterImpl-5cc78717-de86-4374-8821-2b604027a93e/datanode-2/data-0/containers/hdds
2022-01-13 07:01:39,544 [Listener at 127.0.0.1/43165] INFO  volume.MutableVolumeSet (MutableVolumeSet.java:initializeVolumeSet(168)) - Added Volume : /home/runner/work/ozone/ozone/hadoop-ozone/integration-test/target/test-dir/MiniOzoneClusterImpl-5cc78717-de86-4374-8821-2b604027a93e/datanode-2/data/ratis to VolumeSet
2022-01-13 07:01:39,544 [Listener at 127.0.0.1/43165] INFO  volume.ThrottledAsyncChecker (ThrottledAsyncChecker.java:schedule(141)) - Scheduling a check for /home/runner/work/ozone/ozone/hadoop-ozone/integration-test/target/test-dir/MiniOzoneClusterImpl-5cc78717-de86-4374-8821-2b604027a93e/datanode-2/data/ratis
2022-01-13 07:01:39,544 [Listener at 127.0.0.1/43165] INFO  volume.StorageVolumeChecker (StorageVolumeChecker.java:checkAllVolumes(202)) - Scheduled health check for volume /home/runner/work/ozone/ozone/hadoop-ozone/integration-test/target/test-dir/MiniOzoneClusterImpl-5cc78717-de86-4374-8821-2b604027a93e/datanode-2/data/ratis
2022-01-13 07:01:39,562 [Thread-323] INFO  ozoneimpl.ContainerReader (ContainerReader.java:readVolume(172)) - Finish verifying containers on volume /home/runner/work/ozone/ozone/hadoop-ozone/integration-test/target/test-dir/MiniOzoneClusterImpl-5cc78717-de86-4374-8821-2b604027a93e/datanode-2/data-0/containers/hdds
2022-01-13 07:01:39,562 [Listener at 127.0.0.1/43165] INFO  ozoneimpl.OzoneContainer (OzoneContainer.java:buildContainerSet(237)) - Build ContainerSet costs 0s
2022-01-13 07:01:39,565 [Listener at 127.0.0.1/43165] INFO  server.RaftServer (ConfUtils.java:logGet(44)) - raft.rpc.type = GRPC (default)
2022-01-13 07:01:39,565 [Listener at 127.0.0.1/43165] INFO  grpc.GrpcFactory (GrpcFactory.java:checkPooledByteBufAllocatorUseCacheForAllThreads(48)) - PERFORMANCE WARNING: useCacheForAllThreads is true that may cause Netty to create a lot garbage objects and, as a result, trigger GC.
	It is recommended to disable useCacheForAllThreads by setting -Dorg.apache.ratis.thirdparty.io.netty.allocator.useCacheForAllThreads=false in command line.
2022-01-13 07:01:39,566 [Listener at 127.0.0.1/43165] INFO  grpc.GrpcConfigKeys (ConfUtils.java:logGet(44)) - raft.grpc.admin.port = 0 (custom)
2022-01-13 07:01:39,566 [Listener at 127.0.0.1/43165] INFO  grpc.GrpcConfigKeys (ConfUtils.java:logGet(44)) - raft.grpc.client.port = 0 (custom)
2022-01-13 07:01:39,566 [Listener at 127.0.0.1/43165] INFO  grpc.GrpcConfigKeys (ConfUtils.java:logGet(44)) - raft.grpc.server.port = 0 (default)
2022-01-13 07:01:39,566 [Listener at 127.0.0.1/43165] INFO  server.GrpcService (ConfUtils.java:logGet(44)) - raft.grpc.message.size.max = 32MB (=33554432) (custom)
2022-01-13 07:01:39,566 [Listener at 127.0.0.1/43165] INFO  server.RaftServerConfigKeys (ConfUtils.java:logGet(44)) - raft.server.log.appender.buffer.byte-limit = 33554432 (custom)
2022-01-13 07:01:39,566 [Listener at 127.0.0.1/43165] INFO  server.GrpcService (ConfUtils.java:logGet(44)) - raft.grpc.flow.control.window = 5MB (=5242880) (custom)
2022-01-13 07:01:39,566 [Listener at 127.0.0.1/43165] INFO  server.RaftServerConfigKeys (ConfUtils.java:logGet(44)) - raft.server.rpc.request.timeout = 60s (custom)
2022-01-13 07:01:39,575 [Listener at 127.0.0.1/43165] INFO  impl.DataStreamServerImpl (ConfUtils.java:logGet(44)) - raft.datastream.type = DISABLED (default)
2022-01-13 07:01:39,575 [Listener at 127.0.0.1/43165] INFO  server.RaftServerConfigKeys (ConfUtils.java:logGet(44)) - raft.server.rpc.slowness.timeout = 300s (custom)
2022-01-13 07:01:39,575 [Listener at 127.0.0.1/43165] INFO  server.RaftServerConfigKeys (ConfUtils.java:logGet(44)) - raft.server.leaderelection.leader.step-down.wait-time = 10s (default)
2022-01-13 07:01:39,576 [Listener at 127.0.0.1/43165] INFO  server.RaftServerConfigKeys (ConfUtils.java:logGet(44)) - raft.server.storage.dir = [/home/runner/work/ozone/ozone/hadoop-ozone/integration-test/target/test-dir/MiniOzoneClusterImpl-5cc78717-de86-4374-8821-2b604027a93e/datanode-2/data/ratis] (custom)
2022-01-13 07:01:39,577 [Listener at 127.0.0.1/43165] INFO  server.XceiverServerGrpc (XceiverServerGrpc.java:<init>(132)) - GrpcServer channel type EpollServerSocketChannel
2022-01-13 07:01:39,580 [Listener at 127.0.0.1/43165] INFO  http.BaseHttpServer (BaseHttpServer.java:newHttpServer2BuilderForOzone(209)) - Starting Web-server for hddsDatanode at: http://0.0.0.0:0
2022-01-13 07:01:39,580 [Listener at 127.0.0.1/43165] INFO  http.BaseHttpServer (BaseHttpServer.java:<init>(107)) - Hadoop Security Enabled: false Ozone Security Enabled: false Ozone HTTP Security Enabled: false 
2022-01-13 07:01:39,581 [Listener at 127.0.0.1/43165] INFO  server.AuthenticationFilter (AuthenticationFilter.java:constructSecretProvider(240)) - Unable to initialize FileSignerSecretProvider, falling back to use random secrets.
2022-01-13 07:01:39,582 [Listener at 127.0.0.1/43165] WARN  http.HttpRequestLog (HttpRequestLog.java:getRequestLog(103)) - Jetty request log can only be enabled using Log4j
2022-01-13 07:01:39,582 [Listener at 127.0.0.1/43165] INFO  http.HttpServer2 (HttpServer2.java:addGlobalFilter(1030)) - Added global filter 'safety' (class=org.apache.hadoop.hdds.server.http.HttpServer2$QuotingInputFilter)
2022-01-13 07:01:39,583 [Listener at 127.0.0.1/43165] INFO  http.HttpServer2 (HttpServer2.java:addFilter(1006)) - Added filter static_user_filter (class=org.apache.hadoop.http.lib.StaticUserWebFilter$StaticUserFilter) to context hddsDatanode
2022-01-13 07:01:39,583 [Listener at 127.0.0.1/43165] INFO  http.HttpServer2 (HttpServer2.java:addFilter(1014)) - Added filter static_user_filter (class=org.apache.hadoop.http.lib.StaticUserWebFilter$StaticUserFilter) to context logs
2022-01-13 07:01:39,584 [Listener at 127.0.0.1/43165] INFO  http.HttpServer2 (HttpServer2.java:addFilter(1014)) - Added filter static_user_filter (class=org.apache.hadoop.http.lib.StaticUserWebFilter$StaticUserFilter) to context static
2022-01-13 07:01:39,584 [Listener at 127.0.0.1/43165] INFO  http.HttpServer2 (HttpServer2.java:bindListener(1249)) - Jetty bound to port 37295
2022-01-13 07:01:39,584 [Listener at 127.0.0.1/43165] INFO  server.Server (Server.java:doStart(375)) - jetty-9.4.43.v20210629; built: 2021-06-30T11:07:22.254Z; git: 526006ecfa3af7f1a27ef3a288e2bef7ea9dd7e8; jvm 1.8.0_292-b10
2022-01-13 07:01:39,586 [Listener at 127.0.0.1/43165] INFO  server.session (DefaultSessionIdManager.java:doStart(334)) - DefaultSessionIdManager workerName=node0
2022-01-13 07:01:39,586 [Listener at 127.0.0.1/43165] INFO  server.session (DefaultSessionIdManager.java:doStart(339)) - No SessionScavenger set, using defaults
2022-01-13 07:01:39,586 [Listener at 127.0.0.1/43165] INFO  server.session (HouseKeeper.java:startScavenging(132)) - node0 Scavenging every 660000ms
2022-01-13 07:01:39,591 [Listener at 127.0.0.1/43165] INFO  handler.ContextHandler (ContextHandler.java:doStart(915)) - Started o.e.j.s.ServletContextHandler@52f4a550{logs,/logs,file:///home/runner/work/ozone/ozone/hadoop-ozone/integration-test/target/log,AVAILABLE}
2022-01-13 07:01:39,591 [Listener at 127.0.0.1/43165] INFO  handler.ContextHandler (ContextHandler.java:doStart(915)) - Started o.e.j.s.ServletContextHandler@7b80eafa{static,/static,jar:file:/home/runner/.m2/repository/org/apache/ozone/hdds-container-service/1.3.0-SNAPSHOT/hdds-container-service-1.3.0-SNAPSHOT.jar!/webapps/static,AVAILABLE}
2022-01-13 07:01:39,661 [Listener at 127.0.0.1/43165] INFO  handler.ContextHandler (ContextHandler.java:doStart(915)) - Started o.e.j.w.WebAppContext@58c2fc6{hddsDatanode,/,file:///tmp/jetty-0_0_0_0-37295-hdds-container-service-1_3_0-SNAPSHOT_jar-_-any-597736435739737813/webapp/,AVAILABLE}{jar:file:/home/runner/.m2/repository/org/apache/ozone/hdds-container-service/1.3.0-SNAPSHOT/hdds-container-service-1.3.0-SNAPSHOT.jar!/webapps/hddsDatanode}
2022-01-13 07:01:39,671 [Listener at 127.0.0.1/43165] INFO  server.AbstractConnector (AbstractConnector.java:doStart(331)) - Started ServerConnector@3c7d64f6{HTTP/1.1, (http/1.1)}{0.0.0.0:37295}
2022-01-13 07:01:39,672 [Listener at 127.0.0.1/43165] INFO  server.Server (Server.java:doStart(415)) - Started @46680ms
2022-01-13 07:01:39,672 [Listener at 127.0.0.1/43165] WARN  impl.MetricsSystemImpl (MetricsSystemImpl.java:register(279)) - Sink prometheus already exists!
2022-01-13 07:01:39,672 [Listener at 127.0.0.1/43165] INFO  http.BaseHttpServer (BaseHttpServer.java:updateConnectorAddress(329)) - HTTP server of hddsDatanode listening at http://0.0.0.0:37295
2022-01-13 07:01:39,679 [Listener at 127.0.0.1/43165] INFO  ozone.MiniOzoneClusterImpl (MiniOzoneClusterImpl.java:lambda$waitForClusterToBeReady$0(219)) - Waiting for nodes to be ready. Got 0 of 3 DN Heartbeats.
2022-01-13 07:01:39,679 [Listener at 127.0.0.1/43165] INFO  ozone.MiniOzoneClusterImpl (MiniOzoneClusterImpl.java:lambda$waitForClusterToBeReady$0(222)) - Waiting for cluster to exit safe mode
2022-01-13 07:01:39,679 [Listener at 127.0.0.1/43165] INFO  ozone.MiniOzoneClusterImpl (MiniOzoneClusterImpl.java:lambda$waitForClusterToBeReady$0(224)) - SCM became leader
2022-01-13 07:01:39,679 [Datanode State Machine Daemon Thread] INFO  statemachine.DatanodeStateMachine (DatanodeStateMachine.java:lambda$startDaemon$0(470)) - Ozone container server started.
2022-01-13 07:01:39,686 [org.apache.hadoop.util.JvmPauseMonitor$Monitor@31cb376b] INFO  util.JvmPauseMonitor (JvmPauseMonitor.java:run(188)) - Starting JVM pause monitor
2022-01-13 07:01:39,692 [Datanode State Machine Task Thread - 0] INFO  datanode.InitDatanodeState (InitDatanodeState.java:persistContainerDatanodeDetails(145)) - DatanodeDetails is persisted to /home/runner/work/ozone/ozone/hadoop-ozone/integration-test/target/test-dir/MiniOzoneClusterImpl-5cc78717-de86-4374-8821-2b604027a93e/datanode-2/meta/datanode.id
2022-01-13 07:01:39,798 [om1@group-C5BA1605619E-FollowerState] INFO  impl.FollowerState (FollowerState.java:run(134)) - om1@group-C5BA1605619E-FollowerState: change to CANDIDATE, lastRpcElapsedTime:1116597657ns, electionTimeout:1099ms
2022-01-13 07:01:39,798 [om1@group-C5BA1605619E-FollowerState] INFO  impl.RoleInfo (RoleInfo.java:shutdownFollowerState(108)) - om1: shutdown om1@group-C5BA1605619E-FollowerState
2022-01-13 07:01:39,798 [om1@group-C5BA1605619E-FollowerState] INFO  server.RaftServer$Division (RaftServerImpl.java:setRole(290)) - om1@group-C5BA1605619E: changes role from  FOLLOWER to CANDIDATE at term 0 for changeToCandidate
2022-01-13 07:01:39,799 [om1@group-C5BA1605619E-FollowerState] INFO  server.RaftServerConfigKeys (ConfUtils.java:logGet(44)) - raft.server.leaderelection.pre-vote = false (custom)
2022-01-13 07:01:39,799 [om1@group-C5BA1605619E-FollowerState] INFO  impl.RoleInfo (RoleInfo.java:updateAndGet(130)) - om1: start om1@group-C5BA1605619E-LeaderElection6
2022-01-13 07:01:39,804 [om1@group-C5BA1605619E-LeaderElection6] INFO  impl.LeaderElection (LeaderElection.java:askForVotes(306)) - om1@group-C5BA1605619E-LeaderElection6 ELECTION round 0: submit vote requests at term 1 for -1: [om1|rpc:localhost:9872|priority:0], old=null
2022-01-13 07:01:39,804 [om1@group-C5BA1605619E-LeaderElection6] INFO  impl.LeaderElection (LeaderElection.java:askForVotes(308)) - om1@group-C5BA1605619E-LeaderElection6 ELECTION round 0: result PASSED (term=1)
2022-01-13 07:01:39,804 [om1@group-C5BA1605619E-LeaderElection6] INFO  impl.RoleInfo (RoleInfo.java:shutdownLeaderElection(121)) - om1: shutdown om1@group-C5BA1605619E-LeaderElection6
2022-01-13 07:01:39,805 [om1@group-C5BA1605619E-LeaderElection6] INFO  server.RaftServer$Division (RaftServerImpl.java:setRole(290)) - om1@group-C5BA1605619E: changes role from CANDIDATE to LEADER at term 1 for changeToLeader
2022-01-13 07:01:39,805 [om1@group-C5BA1605619E-LeaderElection6] INFO  server.RaftServer$Division (ServerState.java:setLeader(285)) - om1@group-C5BA1605619E: change Leader from null to om1 at term 1 for becomeLeader, leader elected after 1178ms
2022-01-13 07:01:39,805 [om1@group-C5BA1605619E-LeaderElection6] INFO  server.RaftServerConfigKeys (ConfUtils.java:logGet(44)) - raft.server.staging.catchup.gap = 1000 (default)
2022-01-13 07:01:39,805 [om1@group-C5BA1605619E-LeaderElection6] INFO  server.RaftServerConfigKeys (ConfUtils.java:logGet(44)) - raft.server.write.element-limit = 4096 (default)
2022-01-13 07:01:39,805 [om1@group-C5BA1605619E-LeaderElection6] INFO  server.RaftServerConfigKeys (ConfUtils.java:logGet(44)) - raft.server.write.byte-limit = 64MB (=67108864) (default)
2022-01-13 07:01:39,805 [om1@group-C5BA1605619E-LeaderElection6] INFO  server.RaftServerConfigKeys (ConfUtils.java:logGet(44)) - raft.server.watch.timeout = 10s (default)
2022-01-13 07:01:39,806 [om1@group-C5BA1605619E-LeaderElection6] INFO  server.RaftServerConfigKeys (ConfUtils.java:logGet(44)) - raft.server.watch.timeout.denomination = 1s (default)
2022-01-13 07:01:39,806 [om1@group-C5BA1605619E-LeaderElection6] INFO  server.RaftServerConfigKeys (ConfUtils.java:logGet(44)) - raft.server.watch.element-limit = 65536 (default)
2022-01-13 07:01:39,807 [om1@group-C5BA1605619E-LeaderElection6] INFO  server.RaftServerConfigKeys (ConfUtils.java:logGet(44)) - raft.server.write.element-limit = 4096 (default)
2022-01-13 07:01:39,807 [om1@group-C5BA1605619E-LeaderElection6] INFO  server.RaftServerConfigKeys (ConfUtils.java:logGet(44)) - raft.server.write.follower.gap.ratio.max = -1.0 (default)
2022-01-13 07:01:39,807 [om1@group-C5BA1605619E-LeaderElection6] INFO  impl.RoleInfo (RoleInfo.java:updateAndGet(130)) - om1: start om1@group-C5BA1605619E-LeaderStateImpl
2022-01-13 07:01:39,807 [om1@group-C5BA1605619E-LeaderElection6] INFO  segmented.SegmentedRaftLogWorker (SegmentedRaftLogWorker.java:startLogSegment(394)) - om1@group-C5BA1605619E-SegmentedRaftLogWorker: Starting segment from index:0
2022-01-13 07:01:39,823 [om1@group-C5BA1605619E-LeaderElection6] INFO  server.RaftServer$Division (ServerState.java:setRaftConf(387)) - om1@group-C5BA1605619E: set configuration 0: [om1|rpc:localhost:9872|admin:|client:|dataStream:|priority:0], old=null
2022-01-13 07:01:39,823 [om1@group-C5BA1605619E-SegmentedRaftLogWorker] INFO  segmented.SegmentedRaftLogWorker (SegmentedRaftLogWorker.java:execute(601)) - om1@group-C5BA1605619E-SegmentedRaftLogWorker: created new log segment /home/runner/work/ozone/ozone/hadoop-ozone/integration-test/target/test-dir/MiniOzoneClusterImpl-5cc78717-de86-4374-8821-2b604027a93e/ozone-meta/ratis/bf265839-605b-3f16-9796-c5ba1605619e/current/log_inprogress_0
2022-01-13 07:01:39,827 [om1@group-C5BA1605619E-StateMachineUpdater] INFO  ratis.OzoneManagerStateMachine (OzoneManagerStateMachine.java:notifyConfigurationChanged(188)) - Received Configuration change notification from Ratis. New Peer list:
[id: "om1"
address: "localhost:9872"
]
2022-01-13 07:01:40,679 [Listener at 127.0.0.1/43165] INFO  ozone.MiniOzoneClusterImpl (MiniOzoneClusterImpl.java:lambda$waitForClusterToBeReady$0(219)) - Waiting for nodes to be ready. Got 0 of 3 DN Heartbeats.
2022-01-13 07:01:40,679 [Listener at 127.0.0.1/43165] INFO  ozone.MiniOzoneClusterImpl (MiniOzoneClusterImpl.java:lambda$waitForClusterToBeReady$0(222)) - Waiting for cluster to exit safe mode
2022-01-13 07:01:40,679 [Listener at 127.0.0.1/43165] INFO  ozone.MiniOzoneClusterImpl (MiniOzoneClusterImpl.java:lambda$waitForClusterToBeReady$0(224)) - SCM became leader
2022-01-13 07:01:41,048 [EndpointStateMachine task thread for /0.0.0.0:45003 - 0 ] INFO  ozoneimpl.OzoneContainer (OzoneContainer.java:start(315)) - Attempting to start container services.
2022-01-13 07:01:41,049 [EndpointStateMachine task thread for /0.0.0.0:45003 - 0 ] INFO  ozoneimpl.OzoneContainer (OzoneContainer.java:startContainerScrub(250)) - Background container scanner has been disabled.
2022-01-13 07:01:41,050 [EndpointStateMachine task thread for /0.0.0.0:45003 - 0 ] INFO  replication.ReplicationServer (ReplicationServer.java:start(111)) - ReplicationServer is started using port 44221
2022-01-13 07:01:41,050 [EndpointStateMachine task thread for /0.0.0.0:45003 - 0 ] INFO  ratis.XceiverServerRatis (XceiverServerRatis.java:start(484)) - Starting XceiverServerRatis f1e76221-b4f8-46a8-99fe-d8b881880070
2022-01-13 07:01:41,051 [EndpointStateMachine task thread for /0.0.0.0:45003 - 0 ] INFO  server.RaftServer (RaftServerProxy.java:lambda$start$5(374)) - f1e76221-b4f8-46a8-99fe-d8b881880070: start RPC server
2022-01-13 07:01:41,055 [EndpointStateMachine task thread for /0.0.0.0:45003 - 0 ] INFO  server.GrpcService (GrpcService.java:startImpl(253)) - f1e76221-b4f8-46a8-99fe-d8b881880070: GrpcService started, listening on 34875
2022-01-13 07:01:41,055 [EndpointStateMachine task thread for /0.0.0.0:45003 - 0 ] INFO  ratis.XceiverServerRatis (XceiverServerRatis.java:getRealPort(505)) - XceiverServerRatis f1e76221-b4f8-46a8-99fe-d8b881880070 is started using port 34875 for RATIS
2022-01-13 07:01:41,055 [EndpointStateMachine task thread for /0.0.0.0:45003 - 0 ] INFO  ratis.XceiverServerRatis (XceiverServerRatis.java:getRealPort(505)) - XceiverServerRatis f1e76221-b4f8-46a8-99fe-d8b881880070 is started using port 34875 for RATIS_ADMIN
2022-01-13 07:01:41,055 [EndpointStateMachine task thread for /0.0.0.0:45003 - 0 ] INFO  ratis.XceiverServerRatis (XceiverServerRatis.java:getRealPort(505)) - XceiverServerRatis f1e76221-b4f8-46a8-99fe-d8b881880070 is started using port 34875 for RATIS_SERVER
2022-01-13 07:01:41,057 [org.apache.ratis.util.JvmPauseMonitor$$Lambda$431/949233711@e4e6cf8] INFO  util.JvmPauseMonitor (JvmPauseMonitor.java:run(103)) - JvmPauseMonitor-f1e76221-b4f8-46a8-99fe-d8b881880070: Started
2022-01-13 07:01:41,059 [EndpointStateMachine task thread for /0.0.0.0:45003 - 0 ] INFO  server.XceiverServerGrpc (XceiverServerGrpc.java:start(180)) - XceiverServerGrpc f1e76221-b4f8-46a8-99fe-d8b881880070 is started using port 46365
2022-01-13 07:01:41,399 [EndpointStateMachine task thread for /0.0.0.0:45003 - 0 ] INFO  ozoneimpl.OzoneContainer (OzoneContainer.java:start(315)) - Attempting to start container services.
2022-01-13 07:01:41,399 [EndpointStateMachine task thread for /0.0.0.0:45003 - 0 ] INFO  ozoneimpl.OzoneContainer (OzoneContainer.java:startContainerScrub(250)) - Background container scanner has been disabled.
2022-01-13 07:01:41,400 [EndpointStateMachine task thread for /0.0.0.0:45003 - 0 ] INFO  replication.ReplicationServer (ReplicationServer.java:start(111)) - ReplicationServer is started using port 44345
2022-01-13 07:01:41,401 [EndpointStateMachine task thread for /0.0.0.0:45003 - 0 ] INFO  ratis.XceiverServerRatis (XceiverServerRatis.java:start(484)) - Starting XceiverServerRatis 3015db82-fb4c-400e-a95f-6cfd8e47dd90
2022-01-13 07:01:41,403 [EndpointStateMachine task thread for /0.0.0.0:45003 - 0 ] INFO  server.RaftServer (RaftServerProxy.java:lambda$start$5(374)) - 3015db82-fb4c-400e-a95f-6cfd8e47dd90: start RPC server
2022-01-13 07:01:41,408 [EndpointStateMachine task thread for /0.0.0.0:45003 - 0 ] INFO  server.GrpcService (GrpcService.java:startImpl(253)) - 3015db82-fb4c-400e-a95f-6cfd8e47dd90: GrpcService started, listening on 41163
2022-01-13 07:01:41,410 [EndpointStateMachine task thread for /0.0.0.0:45003 - 0 ] INFO  ratis.XceiverServerRatis (XceiverServerRatis.java:getRealPort(505)) - XceiverServerRatis 3015db82-fb4c-400e-a95f-6cfd8e47dd90 is started using port 41163 for RATIS
2022-01-13 07:01:41,410 [EndpointStateMachine task thread for /0.0.0.0:45003 - 0 ] INFO  ratis.XceiverServerRatis (XceiverServerRatis.java:getRealPort(505)) - XceiverServerRatis 3015db82-fb4c-400e-a95f-6cfd8e47dd90 is started using port 41163 for RATIS_ADMIN
2022-01-13 07:01:41,410 [EndpointStateMachine task thread for /0.0.0.0:45003 - 0 ] INFO  ratis.XceiverServerRatis (XceiverServerRatis.java:getRealPort(505)) - XceiverServerRatis 3015db82-fb4c-400e-a95f-6cfd8e47dd90 is started using port 41163 for RATIS_SERVER
2022-01-13 07:01:41,411 [org.apache.ratis.util.JvmPauseMonitor$$Lambda$431/949233711@336ed3d7] INFO  util.JvmPauseMonitor (JvmPauseMonitor.java:run(103)) - JvmPauseMonitor-3015db82-fb4c-400e-a95f-6cfd8e47dd90: Started
2022-01-13 07:01:41,412 [EndpointStateMachine task thread for /0.0.0.0:45003 - 0 ] INFO  server.XceiverServerGrpc (XceiverServerGrpc.java:start(180)) - XceiverServerGrpc 3015db82-fb4c-400e-a95f-6cfd8e47dd90 is started using port 38023
2022-01-13 07:01:41,680 [Listener at 127.0.0.1/43165] INFO  ozone.MiniOzoneClusterImpl (MiniOzoneClusterImpl.java:lambda$waitForClusterToBeReady$0(219)) - Waiting for nodes to be ready. Got 0 of 3 DN Heartbeats.
2022-01-13 07:01:41,680 [Listener at 127.0.0.1/43165] INFO  ozone.MiniOzoneClusterImpl (MiniOzoneClusterImpl.java:lambda$waitForClusterToBeReady$0(222)) - Waiting for cluster to exit safe mode
2022-01-13 07:01:41,680 [Listener at 127.0.0.1/43165] INFO  ozone.MiniOzoneClusterImpl (MiniOzoneClusterImpl.java:lambda$waitForClusterToBeReady$0(224)) - SCM became leader
2022-01-13 07:01:41,697 [EndpointStateMachine task thread for /0.0.0.0:45003 - 0 ] INFO  ozoneimpl.OzoneContainer (OzoneContainer.java:start(315)) - Attempting to start container services.
2022-01-13 07:01:41,699 [EndpointStateMachine task thread for /0.0.0.0:45003 - 0 ] INFO  ozoneimpl.OzoneContainer (OzoneContainer.java:startContainerScrub(250)) - Background container scanner has been disabled.
2022-01-13 07:01:41,701 [EndpointStateMachine task thread for /0.0.0.0:45003 - 0 ] INFO  replication.ReplicationServer (ReplicationServer.java:start(111)) - ReplicationServer is started using port 33249
2022-01-13 07:01:41,701 [EndpointStateMachine task thread for /0.0.0.0:45003 - 0 ] INFO  ratis.XceiverServerRatis (XceiverServerRatis.java:start(484)) - Starting XceiverServerRatis b200734c-4eb0-41ea-b507-ea370eae09c2
2022-01-13 07:01:41,702 [EndpointStateMachine task thread for /0.0.0.0:45003 - 0 ] INFO  server.RaftServer (RaftServerProxy.java:lambda$start$5(374)) - b200734c-4eb0-41ea-b507-ea370eae09c2: start RPC server
2022-01-13 07:01:41,707 [EndpointStateMachine task thread for /0.0.0.0:45003 - 0 ] INFO  server.GrpcService (GrpcService.java:startImpl(253)) - b200734c-4eb0-41ea-b507-ea370eae09c2: GrpcService started, listening on 39873
2022-01-13 07:01:41,710 [EndpointStateMachine task thread for /0.0.0.0:45003 - 0 ] INFO  ratis.XceiverServerRatis (XceiverServerRatis.java:getRealPort(505)) - XceiverServerRatis b200734c-4eb0-41ea-b507-ea370eae09c2 is started using port 39873 for RATIS
2022-01-13 07:01:41,710 [EndpointStateMachine task thread for /0.0.0.0:45003 - 0 ] INFO  ratis.XceiverServerRatis (XceiverServerRatis.java:getRealPort(505)) - XceiverServerRatis b200734c-4eb0-41ea-b507-ea370eae09c2 is started using port 39873 for RATIS_ADMIN
2022-01-13 07:01:41,710 [EndpointStateMachine task thread for /0.0.0.0:45003 - 0 ] INFO  ratis.XceiverServerRatis (XceiverServerRatis.java:getRealPort(505)) - XceiverServerRatis b200734c-4eb0-41ea-b507-ea370eae09c2 is started using port 39873 for RATIS_SERVER
2022-01-13 07:01:41,711 [org.apache.ratis.util.JvmPauseMonitor$$Lambda$431/949233711@3d031511] INFO  util.JvmPauseMonitor (JvmPauseMonitor.java:run(103)) - JvmPauseMonitor-b200734c-4eb0-41ea-b507-ea370eae09c2: Started
2022-01-13 07:01:41,715 [EndpointStateMachine task thread for /0.0.0.0:45003 - 0 ] INFO  server.XceiverServerGrpc (XceiverServerGrpc.java:start(180)) - XceiverServerGrpc b200734c-4eb0-41ea-b507-ea370eae09c2 is started using port 36341
2022-01-13 07:01:42,681 [Listener at 127.0.0.1/43165] INFO  ozone.MiniOzoneClusterImpl (MiniOzoneClusterImpl.java:lambda$waitForClusterToBeReady$0(219)) - Waiting for nodes to be ready. Got 0 of 3 DN Heartbeats.
2022-01-13 07:01:42,681 [Listener at 127.0.0.1/43165] INFO  ozone.MiniOzoneClusterImpl (MiniOzoneClusterImpl.java:lambda$waitForClusterToBeReady$0(222)) - Waiting for cluster to exit safe mode
2022-01-13 07:01:42,681 [Listener at 127.0.0.1/43165] INFO  ozone.MiniOzoneClusterImpl (MiniOzoneClusterImpl.java:lambda$waitForClusterToBeReady$0(224)) - SCM became leader
2022-01-13 07:01:43,041 [IPC Server handler 1 on default port 45003] INFO  net.NetworkTopologyImpl (NetworkTopologyImpl.java:add(112)) - Added a new node: /default-rack/f1e76221-b4f8-46a8-99fe-d8b881880070
2022-01-13 07:01:43,041 [IPC Server handler 1 on default port 45003] INFO  node.SCMNodeManager (SCMNodeManager.java:register(389)) - Registered Data node : f1e76221-b4f8-46a8-99fe-d8b881880070{ip: 10.1.0.23, host: fv-az184-560.3ow45vhwbzuu5incsxmygykede.cx.internal.cloudapp.net, ports: [REPLICATION=44221, RATIS=34875, RATIS_ADMIN=34875, RATIS_SERVER=34875, STANDALONE=46365], networkLocation: /default-rack, certSerialId: null, persistedOpState: null, persistedOpStateExpiryEpochSec: 0}
2022-01-13 07:01:43,044 [EventQueue-NewNodeForNewNodeHandler] INFO  pipeline.BackgroundPipelineCreator (BackgroundPipelineCreator.java:notifyEventTriggered(285)) - trigger a one-shot run on RatisPipelineUtilsThread.
2022-01-13 07:01:43,044 [RatisPipelineUtilsThread - 0] INFO  pipeline.RatisPipelineProvider (RatisPipelineProvider.java:lambda$create$0(183)) - Sending CreatePipelineCommand for pipeline:PipelineID=707a49ec-a09b-4c92-8483-593832c4efe8 to datanode:f1e76221-b4f8-46a8-99fe-d8b881880070
2022-01-13 07:01:43,045 [EventQueue-NodeRegistrationContainerReportForDataNodeSafeModeRule] INFO  safemode.SCMSafeModeManager (DataNodeSafeModeRule.java:process(71)) - SCM in safe mode. 1 DataNodes registered, 3 required.
2022-01-13 07:01:43,055 [EventQueue-NodeRegistrationContainerReportForContainerSafeModeRule] INFO  safemode.SCMSafeModeManager (SCMSafeModeManager.java:validateSafeModeExitRules(204)) - ContainerSafeModeRule rule is successfully validated
2022-01-13 07:01:43,055 [EventQueue-PipelineReportForOneReplicaPipelineSafeModeRule] INFO  safemode.SCMSafeModeManager (SCMSafeModeManager.java:validateSafeModeExitRules(204)) - AtleastOneDatanodeReportedRule rule is successfully validated
2022-01-13 07:01:43,071 [7205198f-879f-4d5d-99ab-4c1e7d178ba2@group-2B604027A93E-StateMachineUpdater] INFO  pipeline.PipelineStateManagerImpl (PipelineStateManagerImpl.java:addPipeline(101)) - Created pipeline Pipeline[ Id: 707a49ec-a09b-4c92-8483-593832c4efe8, Nodes: f1e76221-b4f8-46a8-99fe-d8b881880070{ip: 10.1.0.23, host: fv-az184-560.3ow45vhwbzuu5incsxmygykede.cx.internal.cloudapp.net, ports: [REPLICATION=44221, RATIS=34875, RATIS_ADMIN=34875, RATIS_SERVER=34875, STANDALONE=46365], networkLocation: /default-rack, certSerialId: null, persistedOpState: IN_SERVICE, persistedOpStateExpiryEpochSec: 0}, ReplicationConfig: RATIS/ONE, State:ALLOCATED, leaderId:, CreationTimestamp2022-01-13T07:01:43.044Z[Etc/UTC]].
2022-01-13 07:01:43,071 [7205198f-879f-4d5d-99ab-4c1e7d178ba2@group-2B604027A93E-StateMachineUpdater] INFO  safemode.HealthyPipelineSafeModeRule (HealthyPipelineSafeModeRule.java:initializeRule(152)) - Refreshed total pipeline count is 0, healthy pipeline threshold count is 1
2022-01-13 07:01:43,072 [RatisPipelineUtilsThread - 0] INFO  ha.SCMHAInvocationHandler (SCMHAInvocationHandler.java:invokeRatis(113)) - Invoking method public abstract void org.apache.hadoop.hdds.scm.pipeline.PipelineStateManager.addPipeline(org.apache.hadoop.hdds.protocol.proto.HddsProtos$Pipeline) throws java.io.IOException on target org.apache.hadoop.hdds.scm.ha.SCMRatisServerImpl@7b407e98, cost 24893.103us
2022-01-13 07:01:43,393 [IPC Server handler 2 on default port 45003] INFO  net.NetworkTopologyImpl (NetworkTopologyImpl.java:add(112)) - Added a new node: /default-rack/3015db82-fb4c-400e-a95f-6cfd8e47dd90
2022-01-13 07:01:43,395 [IPC Server handler 2 on default port 45003] INFO  node.SCMNodeManager (SCMNodeManager.java:register(389)) - Registered Data node : 3015db82-fb4c-400e-a95f-6cfd8e47dd90{ip: 10.1.0.23, host: fv-az184-560.3ow45vhwbzuu5incsxmygykede.cx.internal.cloudapp.net, ports: [REPLICATION=44345, RATIS=41163, RATIS_ADMIN=41163, RATIS_SERVER=41163, STANDALONE=38023], networkLocation: /default-rack, certSerialId: null, persistedOpState: null, persistedOpStateExpiryEpochSec: 0}
2022-01-13 07:01:43,395 [EventQueue-NewNodeForNewNodeHandler] INFO  pipeline.BackgroundPipelineCreator (BackgroundPipelineCreator.java:notifyEventTriggered(285)) - trigger a one-shot run on RatisPipelineUtilsThread.
2022-01-13 07:01:43,396 [EventQueue-NodeRegistrationContainerReportForDataNodeSafeModeRule] INFO  safemode.SCMSafeModeManager (DataNodeSafeModeRule.java:process(71)) - SCM in safe mode. 2 DataNodes registered, 3 required.
2022-01-13 07:01:43,399 [RatisPipelineUtilsThread - 0] INFO  pipeline.RatisPipelineProvider (RatisPipelineProvider.java:lambda$create$0(183)) - Sending CreatePipelineCommand for pipeline:PipelineID=0a25af4b-9129-45ba-96f7-a314e92bf1e7 to datanode:3015db82-fb4c-400e-a95f-6cfd8e47dd90
2022-01-13 07:01:43,404 [7205198f-879f-4d5d-99ab-4c1e7d178ba2@group-2B604027A93E-StateMachineUpdater] INFO  pipeline.PipelineStateManagerImpl (PipelineStateManagerImpl.java:addPipeline(101)) - Created pipeline Pipeline[ Id: 0a25af4b-9129-45ba-96f7-a314e92bf1e7, Nodes: 3015db82-fb4c-400e-a95f-6cfd8e47dd90{ip: 10.1.0.23, host: fv-az184-560.3ow45vhwbzuu5incsxmygykede.cx.internal.cloudapp.net, ports: [REPLICATION=44345, RATIS=41163, RATIS_ADMIN=41163, RATIS_SERVER=41163, STANDALONE=38023], networkLocation: /default-rack, certSerialId: null, persistedOpState: IN_SERVICE, persistedOpStateExpiryEpochSec: 0}, ReplicationConfig: RATIS/ONE, State:ALLOCATED, leaderId:, CreationTimestamp2022-01-13T07:01:43.399Z[Etc/UTC]].
2022-01-13 07:01:43,405 [7205198f-879f-4d5d-99ab-4c1e7d178ba2@group-2B604027A93E-StateMachineUpdater] INFO  safemode.HealthyPipelineSafeModeRule (HealthyPipelineSafeModeRule.java:initializeRule(152)) - Refreshed total pipeline count is 0, healthy pipeline threshold count is 1
2022-01-13 07:01:43,405 [RatisPipelineUtilsThread - 0] INFO  ha.SCMHAInvocationHandler (SCMHAInvocationHandler.java:invokeRatis(113)) - Invoking method public abstract void org.apache.hadoop.hdds.scm.pipeline.PipelineStateManager.addPipeline(org.apache.hadoop.hdds.protocol.proto.HddsProtos$Pipeline) throws java.io.IOException on target org.apache.hadoop.hdds.scm.ha.SCMRatisServerImpl@7b407e98, cost 5960.473us
2022-01-13 07:01:43,681 [Listener at 127.0.0.1/43165] INFO  ozone.MiniOzoneClusterImpl (MiniOzoneClusterImpl.java:lambda$waitForClusterToBeReady$0(219)) - Waiting for nodes to be ready. Got 2 of 3 DN Heartbeats.
2022-01-13 07:01:43,682 [Listener at 127.0.0.1/43165] INFO  ozone.MiniOzoneClusterImpl (MiniOzoneClusterImpl.java:lambda$waitForClusterToBeReady$0(222)) - Waiting for cluster to exit safe mode
2022-01-13 07:01:43,682 [Listener at 127.0.0.1/43165] INFO  ozone.MiniOzoneClusterImpl (MiniOzoneClusterImpl.java:lambda$waitForClusterToBeReady$0(224)) - SCM became leader
2022-01-13 07:01:43,690 [IPC Server handler 0 on default port 45003] INFO  net.NetworkTopologyImpl (NetworkTopologyImpl.java:add(112)) - Added a new node: /default-rack/b200734c-4eb0-41ea-b507-ea370eae09c2
2022-01-13 07:01:43,690 [IPC Server handler 0 on default port 45003] INFO  node.SCMNodeManager (SCMNodeManager.java:register(389)) - Registered Data node : b200734c-4eb0-41ea-b507-ea370eae09c2{ip: 10.1.0.23, host: fv-az184-560.3ow45vhwbzuu5incsxmygykede.cx.internal.cloudapp.net, ports: [REPLICATION=33249, RATIS=39873, RATIS_ADMIN=39873, RATIS_SERVER=39873, STANDALONE=36341], networkLocation: /default-rack, certSerialId: null, persistedOpState: null, persistedOpStateExpiryEpochSec: 0}
2022-01-13 07:01:43,691 [EventQueue-NewNodeForNewNodeHandler] INFO  pipeline.BackgroundPipelineCreator (BackgroundPipelineCreator.java:notifyEventTriggered(285)) - trigger a one-shot run on RatisPipelineUtilsThread.
2022-01-13 07:01:43,693 [RatisPipelineUtilsThread - 0] INFO  pipeline.RatisPipelineProvider (RatisPipelineProvider.java:lambda$create$0(183)) - Sending CreatePipelineCommand for pipeline:PipelineID=55d34517-5da3-466c-93b5-2d2d4086fd83 to datanode:b200734c-4eb0-41ea-b507-ea370eae09c2
2022-01-13 07:01:43,694 [EventQueue-NodeRegistrationContainerReportForDataNodeSafeModeRule] INFO  safemode.SCMSafeModeManager (DataNodeSafeModeRule.java:process(71)) - SCM in safe mode. 3 DataNodes registered, 3 required.
2022-01-13 07:01:43,694 [EventQueue-NodeRegistrationContainerReportForDataNodeSafeModeRule] INFO  safemode.SCMSafeModeManager (SCMSafeModeManager.java:validateSafeModeExitRules(204)) - DataNodeSafeModeRule rule is successfully validated
2022-01-13 07:01:43,694 [EventQueue-NodeRegistrationContainerReportForDataNodeSafeModeRule] INFO  safemode.SCMSafeModeManager (SCMSafeModeManager.java:completePreCheck(233)) - All SCM safe mode pre check rules have passed
2022-01-13 07:01:43,694 [EventQueue-NodeRegistrationContainerReportForDataNodeSafeModeRule] WARN  events.EventQueue (EventQueue.java:fireEvent(194)) - No event handler registered for event TypedEvent{payloadType=SafeModeStatus, name='Safe mode status'}
2022-01-13 07:01:43,694 [EventQueue-NodeRegistrationContainerReportForDataNodeSafeModeRule] INFO  ha.SCMContext (SCMContext.java:updateSafeModeStatus(211)) - Update SafeModeStatus from SafeModeStatus{safeModeStatus=true, preCheckPassed=false} to SafeModeStatus{safeModeStatus=true, preCheckPassed=true}.
2022-01-13 07:01:43,694 [EventQueue-NodeRegistrationContainerReportForDataNodeSafeModeRule] INFO  pipeline.BackgroundPipelineCreator (BackgroundPipelineCreator.java:notifyEventTriggered(285)) - trigger a one-shot run on RatisPipelineUtilsThread.
2022-01-13 07:01:43,696 [7205198f-879f-4d5d-99ab-4c1e7d178ba2@group-2B604027A93E-StateMachineUpdater] INFO  pipeline.PipelineStateManagerImpl (PipelineStateManagerImpl.java:addPipeline(101)) - Created pipeline Pipeline[ Id: 55d34517-5da3-466c-93b5-2d2d4086fd83, Nodes: b200734c-4eb0-41ea-b507-ea370eae09c2{ip: 10.1.0.23, host: fv-az184-560.3ow45vhwbzuu5incsxmygykede.cx.internal.cloudapp.net, ports: [REPLICATION=33249, RATIS=39873, RATIS_ADMIN=39873, RATIS_SERVER=39873, STANDALONE=36341], networkLocation: /default-rack, certSerialId: null, persistedOpState: IN_SERVICE, persistedOpStateExpiryEpochSec: 0}, ReplicationConfig: RATIS/ONE, State:ALLOCATED, leaderId:, CreationTimestamp2022-01-13T07:01:43.693Z[Etc/UTC]].
2022-01-13 07:01:43,696 [7205198f-879f-4d5d-99ab-4c1e7d178ba2@group-2B604027A93E-StateMachineUpdater] INFO  safemode.HealthyPipelineSafeModeRule (HealthyPipelineSafeModeRule.java:initializeRule(152)) - Refreshed total pipeline count is 0, healthy pipeline threshold count is 1
2022-01-13 07:01:43,696 [RatisPipelineUtilsThread - 0] INFO  ha.SCMHAInvocationHandler (SCMHAInvocationHandler.java:invokeRatis(113)) - Invoking method public abstract void org.apache.hadoop.hdds.scm.pipeline.PipelineStateManager.addPipeline(org.apache.hadoop.hdds.protocol.proto.HddsProtos$Pipeline) throws java.io.IOException on target org.apache.hadoop.hdds.scm.ha.SCMRatisServerImpl@7b407e98, cost 3007.437us
2022-01-13 07:01:43,700 [RatisPipelineUtilsThread - 0] INFO  pipeline.RatisPipelineProvider (RatisPipelineProvider.java:lambda$create$0(183)) - Sending CreatePipelineCommand for pipeline:PipelineID=03c41640-69dc-408d-aaac-2f0313a0df11 to datanode:3015db82-fb4c-400e-a95f-6cfd8e47dd90
2022-01-13 07:01:43,700 [RatisPipelineUtilsThread - 0] INFO  pipeline.RatisPipelineProvider (RatisPipelineProvider.java:lambda$create$0(183)) - Sending CreatePipelineCommand for pipeline:PipelineID=03c41640-69dc-408d-aaac-2f0313a0df11 to datanode:b200734c-4eb0-41ea-b507-ea370eae09c2
2022-01-13 07:01:43,700 [RatisPipelineUtilsThread - 0] INFO  pipeline.RatisPipelineProvider (RatisPipelineProvider.java:lambda$create$0(183)) - Sending CreatePipelineCommand for pipeline:PipelineID=03c41640-69dc-408d-aaac-2f0313a0df11 to datanode:f1e76221-b4f8-46a8-99fe-d8b881880070
2022-01-13 07:01:43,708 [7205198f-879f-4d5d-99ab-4c1e7d178ba2@group-2B604027A93E-StateMachineUpdater] INFO  pipeline.PipelineStateManagerImpl (PipelineStateManagerImpl.java:addPipeline(101)) - Created pipeline Pipeline[ Id: 03c41640-69dc-408d-aaac-2f0313a0df11, Nodes: 3015db82-fb4c-400e-a95f-6cfd8e47dd90{ip: 10.1.0.23, host: fv-az184-560.3ow45vhwbzuu5incsxmygykede.cx.internal.cloudapp.net, ports: [REPLICATION=44345, RATIS=41163, RATIS_ADMIN=41163, RATIS_SERVER=41163, STANDALONE=38023], networkLocation: /default-rack, certSerialId: null, persistedOpState: IN_SERVICE, persistedOpStateExpiryEpochSec: 0}b200734c-4eb0-41ea-b507-ea370eae09c2{ip: 10.1.0.23, host: fv-az184-560.3ow45vhwbzuu5incsxmygykede.cx.internal.cloudapp.net, ports: [REPLICATION=33249, RATIS=39873, RATIS_ADMIN=39873, RATIS_SERVER=39873, STANDALONE=36341], networkLocation: /default-rack, certSerialId: null, persistedOpState: IN_SERVICE, persistedOpStateExpiryEpochSec: 0}f1e76221-b4f8-46a8-99fe-d8b881880070{ip: 10.1.0.23, host: fv-az184-560.3ow45vhwbzuu5incsxmygykede.cx.internal.cloudapp.net, ports: [REPLICATION=44221, RATIS=34875, RATIS_ADMIN=34875, RATIS_SERVER=34875, STANDALONE=46365], networkLocation: /default-rack, certSerialId: null, persistedOpState: IN_SERVICE, persistedOpStateExpiryEpochSec: 0}, ReplicationConfig: RATIS/THREE, State:ALLOCATED, leaderId:, CreationTimestamp2022-01-13T07:01:43.700Z[Etc/UTC]].
2022-01-13 07:01:43,708 [7205198f-879f-4d5d-99ab-4c1e7d178ba2@group-2B604027A93E-StateMachineUpdater] INFO  safemode.HealthyPipelineSafeModeRule (HealthyPipelineSafeModeRule.java:initializeRule(152)) - Refreshed total pipeline count is 0, healthy pipeline threshold count is 1
2022-01-13 07:01:43,709 [RatisPipelineUtilsThread - 0] INFO  ha.SCMHAInvocationHandler (SCMHAInvocationHandler.java:invokeRatis(113)) - Invoking method public abstract void org.apache.hadoop.hdds.scm.pipeline.PipelineStateManager.addPipeline(org.apache.hadoop.hdds.protocol.proto.HddsProtos$Pipeline) throws java.io.IOException on target org.apache.hadoop.hdds.scm.ha.SCMRatisServerImpl@7b407e98, cost 8653.505us
2022-01-13 07:01:44,682 [Listener at 127.0.0.1/43165] INFO  ozone.MiniOzoneClusterImpl (MiniOzoneClusterImpl.java:lambda$waitForClusterToBeReady$0(219)) - Nodes are ready. Got 3 of 3 DN Heartbeats.
2022-01-13 07:01:44,682 [Listener at 127.0.0.1/43165] INFO  ozone.MiniOzoneClusterImpl (MiniOzoneClusterImpl.java:lambda$waitForClusterToBeReady$0(222)) - Waiting for cluster to exit safe mode
2022-01-13 07:01:44,683 [Listener at 127.0.0.1/43165] INFO  ozone.MiniOzoneClusterImpl (MiniOzoneClusterImpl.java:lambda$waitForClusterToBeReady$0(224)) - SCM became leader
2022-01-13 07:01:45,683 [Listener at 127.0.0.1/43165] INFO  ozone.MiniOzoneClusterImpl (MiniOzoneClusterImpl.java:lambda$waitForClusterToBeReady$0(219)) - Nodes are ready. Got 3 of 3 DN Heartbeats.
2022-01-13 07:01:45,683 [Listener at 127.0.0.1/43165] INFO  ozone.MiniOzoneClusterImpl (MiniOzoneClusterImpl.java:lambda$waitForClusterToBeReady$0(222)) - Waiting for cluster to exit safe mode
2022-01-13 07:01:45,683 [Listener at 127.0.0.1/43165] INFO  ozone.MiniOzoneClusterImpl (MiniOzoneClusterImpl.java:lambda$waitForClusterToBeReady$0(224)) - SCM became leader
2022-01-13 07:01:46,058 [Command processor thread] INFO  server.RaftServer (RaftServerProxy.java:addNew(95)) - f1e76221-b4f8-46a8-99fe-d8b881880070: addNew group-593832C4EFE8:[f1e76221-b4f8-46a8-99fe-d8b881880070|rpc:10.1.0.23:34875|priority:1] returns group-593832C4EFE8:java.util.concurrent.CompletableFuture@5d9061f1[Not completed]
2022-01-13 07:01:46,071 [pool-131-thread-1] INFO  server.RaftServer$Division (RaftServerImpl.java:<init>(184)) - f1e76221-b4f8-46a8-99fe-d8b881880070: new RaftServerImpl for group-593832C4EFE8:[f1e76221-b4f8-46a8-99fe-d8b881880070|rpc:10.1.0.23:34875|priority:1] with ContainerStateMachine:uninitialized
2022-01-13 07:01:46,073 [pool-131-thread-1] INFO  server.RaftServerConfigKeys (ConfUtils.java:logGet(44)) - raft.server.rpc.timeout.min = 5s (custom)
2022-01-13 07:01:46,073 [pool-131-thread-1] INFO  server.RaftServerConfigKeys (ConfUtils.java:logGet(44)) - raft.server.rpc.timeout.max = 5200ms (custom)
2022-01-13 07:01:46,073 [pool-131-thread-1] INFO  server.RaftServerConfigKeys (ConfUtils.java:logGet(44)) - raft.server.rpc.sleep.time = 25ms (default)
2022-01-13 07:01:46,073 [pool-131-thread-1] INFO  server.RaftServerConfigKeys (ConfUtils.java:logGet(44)) - raft.server.rpc.slowness.timeout = 300s (custom)
2022-01-13 07:01:46,073 [pool-131-thread-1] INFO  server.RaftServerConfigKeys (ConfUtils.java:logGet(44)) - raft.server.leaderelection.leader.step-down.wait-time = 10s (default)
2022-01-13 07:01:46,074 [pool-131-thread-1] INFO  server.RaftServerConfigKeys (ConfUtils.java:logGet(44)) - raft.server.sleep.deviation.threshold = 300ms (default)
2022-01-13 07:01:46,074 [pool-131-thread-1] INFO  server.RaftServerConfigKeys (ConfUtils.java:logGet(44)) - raft.server.log.appender.install.snapshot.enabled = false (custom)
2022-01-13 07:01:46,074 [pool-131-thread-1] INFO  server.RaftServer$Division (ServerState.java:<init>(105)) - f1e76221-b4f8-46a8-99fe-d8b881880070@group-593832C4EFE8: ConfigurationManager, init=-1: [f1e76221-b4f8-46a8-99fe-d8b881880070|rpc:10.1.0.23:34875|priority:1], old=null, confs=<EMPTY_MAP>
2022-01-13 07:01:46,074 [pool-131-thread-1] INFO  server.RaftServerConfigKeys (ConfUtils.java:logGet(44)) - raft.server.storage.dir = [/home/runner/work/ozone/ozone/hadoop-ozone/integration-test/target/test-dir/MiniOzoneClusterImpl-5cc78717-de86-4374-8821-2b604027a93e/datanode-0/data/ratis] (custom)
2022-01-13 07:01:46,074 [pool-131-thread-1] INFO  server.RaftServerConfigKeys (ConfUtils.java:logGet(44)) - raft.server.log.corruption.policy = EXCEPTION (default)
2022-01-13 07:01:46,074 [pool-131-thread-1] INFO  server.RaftServerConfigKeys (ConfUtils.java:logGet(44)) - raft.server.storage.free-space.min = 0MB (=0) (default)
2022-01-13 07:01:46,075 [pool-131-thread-1] INFO  storage.RaftStorageDirectory (RaftStorageDirectoryImpl.java:analyzeStorage(135)) - The storage directory /home/runner/work/ozone/ozone/hadoop-ozone/integration-test/target/test-dir/MiniOzoneClusterImpl-5cc78717-de86-4374-8821-2b604027a93e/datanode-0/data/ratis/707a49ec-a09b-4c92-8483-593832c4efe8 does not exist. Creating ...
2022-01-13 07:01:46,076 [pool-131-thread-1] INFO  storage.RaftStorageDirectory (RaftStorageDirectoryImpl.java:tryLock(230)) - Lock on /home/runner/work/ozone/ozone/hadoop-ozone/integration-test/target/test-dir/MiniOzoneClusterImpl-5cc78717-de86-4374-8821-2b604027a93e/datanode-0/data/ratis/707a49ec-a09b-4c92-8483-593832c4efe8/in_use.lock acquired by nodename 17775@fv-az184-560
2022-01-13 07:01:46,078 [pool-131-thread-1] INFO  storage.RaftStorage (RaftStorageImpl.java:format(89)) - Storage directory /home/runner/work/ozone/ozone/hadoop-ozone/integration-test/target/test-dir/MiniOzoneClusterImpl-5cc78717-de86-4374-8821-2b604027a93e/datanode-0/data/ratis/707a49ec-a09b-4c92-8483-593832c4efe8 has been successfully formatted.
2022-01-13 07:01:46,082 [pool-131-thread-1] INFO  ratis.ContainerStateMachine (ContainerStateMachine.java:loadSnapshot(231)) - group-593832C4EFE8: The snapshot info is null. Setting the last applied indexto:(t:0, i:~)
2022-01-13 07:01:46,082 [pool-131-thread-1] INFO  server.RaftServerConfigKeys (ConfUtils.java:logGet(44)) - raft.server.notification.no-leader.timeout = 300s (custom)
2022-01-13 07:01:46,082 [pool-131-thread-1] INFO  server.RaftServerConfigKeys (ConfUtils.java:logGet(44)) - raft.server.log.use.memory = false (default)
2022-01-13 07:01:46,082 [pool-131-thread-1] INFO  server.RaftServerConfigKeys (ConfUtils.java:logGet(44)) - raft.server.log.purge.gap = 1000000 (custom)
2022-01-13 07:01:46,082 [pool-131-thread-1] INFO  server.RaftServerConfigKeys (ConfUtils.java:logGet(44)) - raft.server.log.appender.buffer.byte-limit = 33554432 (custom)
2022-01-13 07:01:46,083 [pool-131-thread-1] INFO  server.RaftServerConfigKeys (ConfUtils.java:logGet(44)) - raft.server.log.segment.size.max = 1048576 (custom)
2022-01-13 07:01:46,097 [pool-131-thread-1] INFO  server.RaftServerConfigKeys (ConfUtils.java:logGet(44)) - raft.server.log.segment.cache.num.max = 2 (custom)
2022-01-13 07:01:46,097 [pool-131-thread-1] INFO  server.RaftServerConfigKeys (ConfUtils.java:logGet(44)) - raft.server.log.segment.cache.size.max = 200MB (=209715200) (default)
2022-01-13 07:01:46,097 [pool-131-thread-1] INFO  segmented.SegmentedRaftLogWorker (SegmentedRaftLogWorker.java:<init>(182)) - new f1e76221-b4f8-46a8-99fe-d8b881880070@group-593832C4EFE8-SegmentedRaftLogWorker for RaftStorageImpl:Storage Directory /home/runner/work/ozone/ozone/hadoop-ozone/integration-test/target/test-dir/MiniOzoneClusterImpl-5cc78717-de86-4374-8821-2b604027a93e/datanode-0/data/ratis/707a49ec-a09b-4c92-8483-593832c4efe8
2022-01-13 07:01:46,097 [pool-131-thread-1] INFO  server.RaftServerConfigKeys (ConfUtils.java:logGet(44)) - raft.server.log.queue.byte-limit = 2147483647 (custom)
2022-01-13 07:01:46,097 [pool-131-thread-1] INFO  server.RaftServerConfigKeys (ConfUtils.java:logGet(44)) - raft.server.log.queue.element-limit = 1024 (custom)
2022-01-13 07:01:46,097 [pool-131-thread-1] INFO  server.RaftServerConfigKeys (ConfUtils.java:logGet(44)) - raft.server.log.segment.size.max = 1048576 (custom)
2022-01-13 07:01:46,097 [pool-131-thread-1] INFO  server.RaftServerConfigKeys (ConfUtils.java:logGet(44)) - raft.server.log.preallocated.size = 16384 (custom)
2022-01-13 07:01:46,098 [pool-131-thread-1] INFO  server.RaftServerConfigKeys (ConfUtils.java:logGet(44)) - raft.server.log.force.sync.num = 128 (default)
2022-01-13 07:01:46,098 [pool-131-thread-1] INFO  server.RaftServerConfigKeys (ConfUtils.java:logGet(44)) - raft.server.log.statemachine.data.sync = true (default)
2022-01-13 07:01:46,098 [pool-131-thread-1] INFO  server.RaftServerConfigKeys (ConfUtils.java:logGet(44)) - raft.server.log.statemachine.data.sync.timeout = 10s (default)
2022-01-13 07:01:46,098 [pool-131-thread-1] INFO  server.RaftServerConfigKeys (ConfUtils.java:logGet(44)) - raft.server.log.statemachine.data.sync.timeout.retry = -1 (default)
2022-01-13 07:01:46,099 [pool-131-thread-1] INFO  server.RaftServerConfigKeys (ConfUtils.java:logGet(44)) - raft.server.log.write.buffer.size = 1048576 (custom)
2022-01-13 07:01:46,099 [pool-131-thread-1] INFO  server.RaftServerConfigKeys (ConfUtils.java:logGet(44)) - raft.server.log.statemachine.data.caching.enabled = true (custom)
2022-01-13 07:01:46,099 [pool-131-thread-1] INFO  segmented.SegmentedRaftLogWorker (SegmentedRaftLogWorker.java:lambda$new$0(133)) - f1e76221-b4f8-46a8-99fe-d8b881880070@group-593832C4EFE8-SegmentedRaftLogWorker: flushIndex: setUnconditionally 0 -> -1
2022-01-13 07:01:46,099 [pool-131-thread-1] INFO  segmented.SegmentedRaftLogWorker (SegmentedRaftLogWorker.java:lambda$new$0(133)) - f1e76221-b4f8-46a8-99fe-d8b881880070@group-593832C4EFE8-SegmentedRaftLogWorker: safeCacheEvictIndex: setUnconditionally 0 -> -1
2022-01-13 07:01:46,109 [pool-131-thread-1] INFO  server.RaftServerConfigKeys (ConfUtils.java:logGet(44)) - raft.server.snapshot.auto.trigger.enabled = true (custom)
2022-01-13 07:01:46,113 [pool-131-thread-1] INFO  server.RaftServerConfigKeys (ConfUtils.java:logGet(44)) - raft.server.snapshot.auto.trigger.threshold = 10000 (custom)
2022-01-13 07:01:46,113 [pool-131-thread-1] INFO  server.RaftServerConfigKeys (ConfUtils.java:logGet(44)) - raft.server.snapshot.retention.file.num = 5 (custom)
2022-01-13 07:01:46,113 [pool-131-thread-1] INFO  server.RaftServerConfigKeys (ConfUtils.java:logGet(44)) - raft.server.log.purge.upto.snapshot.index = false (default)
2022-01-13 07:01:46,113 [EventQueue-PipelineReportForPipelineReportHandler] INFO  pipeline.PipelineManagerImpl (PipelineManagerImpl.java:openPipeline(291)) - Pipeline Pipeline[ Id: 707a49ec-a09b-4c92-8483-593832c4efe8, Nodes: f1e76221-b4f8-46a8-99fe-d8b881880070{ip: 10.1.0.23, host: fv-az184-560.3ow45vhwbzuu5incsxmygykede.cx.internal.cloudapp.net, ports: [REPLICATION=44221, RATIS=34875, RATIS_ADMIN=34875, RATIS_SERVER=34875, STANDALONE=46365], networkLocation: /default-rack, certSerialId: null, persistedOpState: IN_SERVICE, persistedOpStateExpiryEpochSec: 0}, ReplicationConfig: RATIS/ONE, State:ALLOCATED, leaderId:f1e76221-b4f8-46a8-99fe-d8b881880070, CreationTimestamp2022-01-13T07:01:43.044Z[Etc/UTC]] moved to OPEN state
2022-01-13 07:01:46,113 [pool-131-thread-1] INFO  server.RaftServerConfigKeys (ConfUtils.java:logGet(44)) - raft.server.retrycache.expirytime = 600000ms (custom)
2022-01-13 07:01:46,114 [pool-131-thread-1] INFO  server.RaftServerConfigKeys (ConfUtils.java:logGet(44)) - raft.server.retrycache.statistics.expirytime = 100μs (default)
2022-01-13 07:01:46,115 [pool-131-thread-1] INFO  server.RaftServer$Division (RaftServerImpl.java:start(301)) - f1e76221-b4f8-46a8-99fe-d8b881880070@group-593832C4EFE8: start as a follower, conf=-1: [f1e76221-b4f8-46a8-99fe-d8b881880070|rpc:10.1.0.23:34875|priority:1], old=null
2022-01-13 07:01:46,116 [pool-131-thread-1] INFO  server.RaftServer$Division (RaftServerImpl.java:setRole(290)) - f1e76221-b4f8-46a8-99fe-d8b881880070@group-593832C4EFE8: changes role from      null to FOLLOWER at term 0 for startAsFollower
2022-01-13 07:01:46,116 [pool-131-thread-1] INFO  impl.RoleInfo (RoleInfo.java:updateAndGet(130)) - f1e76221-b4f8-46a8-99fe-d8b881880070: start f1e76221-b4f8-46a8-99fe-d8b881880070@group-593832C4EFE8-FollowerState
2022-01-13 07:01:46,118 [pool-131-thread-1] INFO  util.JmxRegister (JmxRegister.java:tryRegister(44)) - Successfully registered JMX Bean with object name Ratis:service=RaftServer,group=group-593832C4EFE8,id=f1e76221-b4f8-46a8-99fe-d8b881880070
2022-01-13 07:01:46,131 [Command processor thread] INFO  ratis.XceiverServerRatis (XceiverServerRatis.java:addGroup(768)) - Created group PipelineID=707a49ec-a09b-4c92-8483-593832c4efe8
2022-01-13 07:01:46,132 [Command processor thread] INFO  commandhandler.CreatePipelineCommandHandler (CreatePipelineCommandHandler.java:handle(106)) - Created Pipeline RATIS ONE PipelineID=707a49ec-a09b-4c92-8483-593832c4efe8.
2022-01-13 07:01:46,132 [Command processor thread] INFO  server.RaftServer (RaftServerProxy.java:addNew(95)) - f1e76221-b4f8-46a8-99fe-d8b881880070: addNew group-2F0313A0DF11:[3015db82-fb4c-400e-a95f-6cfd8e47dd90|rpc:10.1.0.23:41163|priority:1, f1e76221-b4f8-46a8-99fe-d8b881880070|rpc:10.1.0.23:34875|priority:0, b200734c-4eb0-41ea-b507-ea370eae09c2|rpc:10.1.0.23:39873|priority:0] returns group-2F0313A0DF11:java.util.concurrent.CompletableFuture@67ecbcf2[Not completed]
2022-01-13 07:01:46,134 [7205198f-879f-4d5d-99ab-4c1e7d178ba2@group-2B604027A93E-StateMachineUpdater] INFO  safemode.HealthyPipelineSafeModeRule (HealthyPipelineSafeModeRule.java:initializeRule(152)) - Refreshed total pipeline count is 0, healthy pipeline threshold count is 1
2022-01-13 07:01:46,136 [pool-131-thread-1] INFO  server.RaftServer$Division (RaftServerImpl.java:<init>(184)) - f1e76221-b4f8-46a8-99fe-d8b881880070: new RaftServerImpl for group-2F0313A0DF11:[3015db82-fb4c-400e-a95f-6cfd8e47dd90|rpc:10.1.0.23:41163|priority:1, f1e76221-b4f8-46a8-99fe-d8b881880070|rpc:10.1.0.23:34875|priority:0, b200734c-4eb0-41ea-b507-ea370eae09c2|rpc:10.1.0.23:39873|priority:0] with ContainerStateMachine:uninitialized
2022-01-13 07:01:46,137 [pool-131-thread-1] INFO  server.RaftServerConfigKeys (ConfUtils.java:logGet(44)) - raft.server.rpc.timeout.min = 5s (custom)
2022-01-13 07:01:46,137 [pool-131-thread-1] INFO  server.RaftServerConfigKeys (ConfUtils.java:logGet(44)) - raft.server.rpc.timeout.max = 5200ms (custom)
2022-01-13 07:01:46,137 [pool-131-thread-1] INFO  server.RaftServerConfigKeys (ConfUtils.java:logGet(44)) - raft.server.rpc.sleep.time = 25ms (default)
2022-01-13 07:01:46,134 [EventQueue-PipelineReportForPipelineReportHandler] INFO  ha.SCMHAInvocationHandler (SCMHAInvocationHandler.java:invokeRatis(113)) - Invoking method public abstract void org.apache.hadoop.hdds.scm.pipeline.PipelineStateManager.updatePipelineState(org.apache.hadoop.hdds.protocol.proto.HddsProtos$PipelineID,org.apache.hadoop.hdds.protocol.proto.HddsProtos$PipelineState) throws java.io.IOException on target org.apache.hadoop.hdds.scm.ha.SCMRatisServerImpl@7b407e98, cost 21193.757us
2022-01-13 07:01:46,145 [pool-131-thread-1] INFO  server.RaftServerConfigKeys (ConfUtils.java:logGet(44)) - raft.server.rpc.slowness.timeout = 300s (custom)
2022-01-13 07:01:46,145 [pool-131-thread-1] INFO  server.RaftServerConfigKeys (ConfUtils.java:logGet(44)) - raft.server.leaderelection.leader.step-down.wait-time = 10s (default)
2022-01-13 07:01:46,145 [pool-131-thread-1] INFO  server.RaftServerConfigKeys (ConfUtils.java:logGet(44)) - raft.server.sleep.deviation.threshold = 300ms (default)
2022-01-13 07:01:46,145 [pool-131-thread-1] INFO  server.RaftServerConfigKeys (ConfUtils.java:logGet(44)) - raft.server.log.appender.install.snapshot.enabled = false (custom)
2022-01-13 07:01:46,146 [pool-131-thread-1] INFO  server.RaftServer$Division (ServerState.java:<init>(105)) - f1e76221-b4f8-46a8-99fe-d8b881880070@group-2F0313A0DF11: ConfigurationManager, init=-1: [3015db82-fb4c-400e-a95f-6cfd8e47dd90|rpc:10.1.0.23:41163|priority:1, f1e76221-b4f8-46a8-99fe-d8b881880070|rpc:10.1.0.23:34875|priority:0, b200734c-4eb0-41ea-b507-ea370eae09c2|rpc:10.1.0.23:39873|priority:0], old=null, confs=<EMPTY_MAP>
2022-01-13 07:01:46,146 [pool-131-thread-1] INFO  server.RaftServerConfigKeys (ConfUtils.java:logGet(44)) - raft.server.storage.dir = [/home/runner/work/ozone/ozone/hadoop-ozone/integration-test/target/test-dir/MiniOzoneClusterImpl-5cc78717-de86-4374-8821-2b604027a93e/datanode-0/data/ratis] (custom)
2022-01-13 07:01:46,146 [pool-131-thread-1] INFO  server.RaftServerConfigKeys (ConfUtils.java:logGet(44)) - raft.server.log.corruption.policy = EXCEPTION (default)
2022-01-13 07:01:46,146 [pool-131-thread-1] INFO  server.RaftServerConfigKeys (ConfUtils.java:logGet(44)) - raft.server.storage.free-space.min = 0MB (=0) (default)
2022-01-13 07:01:46,146 [pool-131-thread-1] INFO  storage.RaftStorageDirectory (RaftStorageDirectoryImpl.java:analyzeStorage(135)) - The storage directory /home/runner/work/ozone/ozone/hadoop-ozone/integration-test/target/test-dir/MiniOzoneClusterImpl-5cc78717-de86-4374-8821-2b604027a93e/datanode-0/data/ratis/03c41640-69dc-408d-aaac-2f0313a0df11 does not exist. Creating ...
2022-01-13 07:01:46,146 [EventQueue-OpenPipelineForHealthyPipelineSafeModeRule] INFO  safemode.SCMSafeModeManager (HealthyPipelineSafeModeRule.java:process(124)) - SCM in safe mode. Healthy pipelines reported count is 0, required healthy pipeline reported count is 1
2022-01-13 07:01:46,147 [pool-131-thread-1] INFO  storage.RaftStorageDirectory (RaftStorageDirectoryImpl.java:tryLock(230)) - Lock on /home/runner/work/ozone/ozone/hadoop-ozone/integration-test/target/test-dir/MiniOzoneClusterImpl-5cc78717-de86-4374-8821-2b604027a93e/datanode-0/data/ratis/03c41640-69dc-408d-aaac-2f0313a0df11/in_use.lock acquired by nodename 17775@fv-az184-560
2022-01-13 07:01:46,148 [pool-131-thread-1] INFO  storage.RaftStorage (RaftStorageImpl.java:format(89)) - Storage directory /home/runner/work/ozone/ozone/hadoop-ozone/integration-test/target/test-dir/MiniOzoneClusterImpl-5cc78717-de86-4374-8821-2b604027a93e/datanode-0/data/ratis/03c41640-69dc-408d-aaac-2f0313a0df11 has been successfully formatted.
2022-01-13 07:01:46,149 [pool-131-thread-1] INFO  ratis.ContainerStateMachine (ContainerStateMachine.java:loadSnapshot(231)) - group-2F0313A0DF11: The snapshot info is null. Setting the last applied indexto:(t:0, i:~)
2022-01-13 07:01:46,149 [pool-131-thread-1] INFO  server.RaftServerConfigKeys (ConfUtils.java:logGet(44)) - raft.server.notification.no-leader.timeout = 300s (custom)
2022-01-13 07:01:46,149 [pool-131-thread-1] INFO  server.RaftServerConfigKeys (ConfUtils.java:logGet(44)) - raft.server.log.use.memory = false (default)
2022-01-13 07:01:46,149 [pool-131-thread-1] INFO  server.RaftServerConfigKeys (ConfUtils.java:logGet(44)) - raft.server.log.purge.gap = 1000000 (custom)
2022-01-13 07:01:46,149 [pool-131-thread-1] INFO  server.RaftServerConfigKeys (ConfUtils.java:logGet(44)) - raft.server.log.appender.buffer.byte-limit = 33554432 (custom)
2022-01-13 07:01:46,150 [pool-131-thread-1] INFO  server.RaftServerConfigKeys (ConfUtils.java:logGet(44)) - raft.server.log.segment.size.max = 1048576 (custom)
2022-01-13 07:01:46,151 [pool-131-thread-1] INFO  server.RaftServerConfigKeys (ConfUtils.java:logGet(44)) - raft.server.log.segment.cache.num.max = 2 (custom)
2022-01-13 07:01:46,151 [pool-131-thread-1] INFO  server.RaftServerConfigKeys (ConfUtils.java:logGet(44)) - raft.server.log.segment.cache.size.max = 200MB (=209715200) (default)
2022-01-13 07:01:46,151 [pool-131-thread-1] INFO  segmented.SegmentedRaftLogWorker (SegmentedRaftLogWorker.java:<init>(182)) - new f1e76221-b4f8-46a8-99fe-d8b881880070@group-2F0313A0DF11-SegmentedRaftLogWorker for RaftStorageImpl:Storage Directory /home/runner/work/ozone/ozone/hadoop-ozone/integration-test/target/test-dir/MiniOzoneClusterImpl-5cc78717-de86-4374-8821-2b604027a93e/datanode-0/data/ratis/03c41640-69dc-408d-aaac-2f0313a0df11
2022-01-13 07:01:46,151 [pool-131-thread-1] INFO  server.RaftServerConfigKeys (ConfUtils.java:logGet(44)) - raft.server.log.queue.byte-limit = 2147483647 (custom)
2022-01-13 07:01:46,151 [pool-131-thread-1] INFO  server.RaftServerConfigKeys (ConfUtils.java:logGet(44)) - raft.server.log.queue.element-limit = 1024 (custom)
2022-01-13 07:01:46,151 [pool-131-thread-1] INFO  server.RaftServerConfigKeys (ConfUtils.java:logGet(44)) - raft.server.log.segment.size.max = 1048576 (custom)
2022-01-13 07:01:46,151 [pool-131-thread-1] INFO  server.RaftServerConfigKeys (ConfUtils.java:logGet(44)) - raft.server.log.preallocated.size = 16384 (custom)
2022-01-13 07:01:46,151 [pool-131-thread-1] INFO  server.RaftServerConfigKeys (ConfUtils.java:logGet(44)) - raft.server.log.force.sync.num = 128 (default)
2022-01-13 07:01:46,151 [pool-131-thread-1] INFO  server.RaftServerConfigKeys (ConfUtils.java:logGet(44)) - raft.server.log.statemachine.data.sync = true (default)
2022-01-13 07:01:46,151 [pool-131-thread-1] INFO  server.RaftServerConfigKeys (ConfUtils.java:logGet(44)) - raft.server.log.statemachine.data.sync.timeout = 10s (default)
2022-01-13 07:01:46,151 [pool-131-thread-1] INFO  server.RaftServerConfigKeys (ConfUtils.java:logGet(44)) - raft.server.log.statemachine.data.sync.timeout.retry = -1 (default)
2022-01-13 07:01:46,152 [pool-131-thread-1] INFO  server.RaftServerConfigKeys (ConfUtils.java:logGet(44)) - raft.server.log.write.buffer.size = 1048576 (custom)
2022-01-13 07:01:46,153 [pool-131-thread-1] INFO  server.RaftServerConfigKeys (ConfUtils.java:logGet(44)) - raft.server.log.statemachine.data.caching.enabled = true (custom)
2022-01-13 07:01:46,153 [pool-131-thread-1] INFO  segmented.SegmentedRaftLogWorker (SegmentedRaftLogWorker.java:lambda$new$0(133)) - f1e76221-b4f8-46a8-99fe-d8b881880070@group-2F0313A0DF11-SegmentedRaftLogWorker: flushIndex: setUnconditionally 0 -> -1
2022-01-13 07:01:46,153 [pool-131-thread-1] INFO  segmented.SegmentedRaftLogWorker (SegmentedRaftLogWorker.java:lambda$new$0(133)) - f1e76221-b4f8-46a8-99fe-d8b881880070@group-2F0313A0DF11-SegmentedRaftLogWorker: safeCacheEvictIndex: setUnconditionally 0 -> -1
2022-01-13 07:01:46,159 [EventQueue-OpenPipelineForHealthyPipelineSafeModeRule] INFO  safemode.SCMSafeModeManager (HealthyPipelineSafeModeRule.java:process(124)) - SCM in safe mode. Healthy pipelines reported count is 0, required healthy pipeline reported count is 1
2022-01-13 07:01:46,159 [pool-131-thread-1] INFO  server.RaftServerConfigKeys (ConfUtils.java:logGet(44)) - raft.server.snapshot.auto.trigger.enabled = true (custom)
2022-01-13 07:01:46,159 [pool-131-thread-1] INFO  server.RaftServerConfigKeys (ConfUtils.java:logGet(44)) - raft.server.snapshot.auto.trigger.threshold = 10000 (custom)
2022-01-13 07:01:46,159 [pool-131-thread-1] INFO  server.RaftServerConfigKeys (ConfUtils.java:logGet(44)) - raft.server.snapshot.retention.file.num = 5 (custom)
2022-01-13 07:01:46,159 [pool-131-thread-1] INFO  server.RaftServerConfigKeys (ConfUtils.java:logGet(44)) - raft.server.log.purge.upto.snapshot.index = false (default)
2022-01-13 07:01:46,159 [pool-131-thread-1] INFO  server.RaftServerConfigKeys (ConfUtils.java:logGet(44)) - raft.server.retrycache.expirytime = 600000ms (custom)
2022-01-13 07:01:46,159 [pool-131-thread-1] INFO  server.RaftServerConfigKeys (ConfUtils.java:logGet(44)) - raft.server.retrycache.statistics.expirytime = 100μs (default)
2022-01-13 07:01:46,161 [pool-131-thread-1] INFO  server.RaftServer$Division (RaftServerImpl.java:start(301)) - f1e76221-b4f8-46a8-99fe-d8b881880070@group-2F0313A0DF11: start as a follower, conf=-1: [3015db82-fb4c-400e-a95f-6cfd8e47dd90|rpc:10.1.0.23:41163|priority:1, f1e76221-b4f8-46a8-99fe-d8b881880070|rpc:10.1.0.23:34875|priority:0, b200734c-4eb0-41ea-b507-ea370eae09c2|rpc:10.1.0.23:39873|priority:0], old=null
2022-01-13 07:01:46,161 [pool-131-thread-1] INFO  server.RaftServer$Division (RaftServerImpl.java:setRole(290)) - f1e76221-b4f8-46a8-99fe-d8b881880070@group-2F0313A0DF11: changes role from      null to FOLLOWER at term 0 for startAsFollower
2022-01-13 07:01:46,161 [pool-131-thread-1] INFO  impl.RoleInfo (RoleInfo.java:updateAndGet(130)) - f1e76221-b4f8-46a8-99fe-d8b881880070: start f1e76221-b4f8-46a8-99fe-d8b881880070@group-2F0313A0DF11-FollowerState
2022-01-13 07:01:46,170 [pool-131-thread-1] INFO  util.JmxRegister (JmxRegister.java:tryRegister(44)) - Successfully registered JMX Bean with object name Ratis:service=RaftServer,group=group-2F0313A0DF11,id=f1e76221-b4f8-46a8-99fe-d8b881880070
2022-01-13 07:01:46,182 [Command processor thread] INFO  ratis.XceiverServerRatis (XceiverServerRatis.java:addGroup(768)) - Created group PipelineID=03c41640-69dc-408d-aaac-2f0313a0df11
2022-01-13 07:01:46,403 [Command processor thread] INFO  server.RaftServer (RaftServerProxy.java:addNew(95)) - 3015db82-fb4c-400e-a95f-6cfd8e47dd90: addNew group-A314E92BF1E7:[3015db82-fb4c-400e-a95f-6cfd8e47dd90|rpc:10.1.0.23:41163|priority:1] returns group-A314E92BF1E7:java.util.concurrent.CompletableFuture@4973f336[Not completed]
2022-01-13 07:01:46,411 [pool-152-thread-1] INFO  server.RaftServer$Division (RaftServerImpl.java:<init>(184)) - 3015db82-fb4c-400e-a95f-6cfd8e47dd90: new RaftServerImpl for group-A314E92BF1E7:[3015db82-fb4c-400e-a95f-6cfd8e47dd90|rpc:10.1.0.23:41163|priority:1] with ContainerStateMachine:uninitialized
2022-01-13 07:01:46,411 [pool-152-thread-1] INFO  server.RaftServerConfigKeys (ConfUtils.java:logGet(44)) - raft.server.rpc.timeout.min = 5s (custom)
2022-01-13 07:01:46,411 [pool-152-thread-1] INFO  server.RaftServerConfigKeys (ConfUtils.java:logGet(44)) - raft.server.rpc.timeout.max = 5200ms (custom)
2022-01-13 07:01:46,412 [pool-152-thread-1] INFO  server.RaftServerConfigKeys (ConfUtils.java:logGet(44)) - raft.server.rpc.sleep.time = 25ms (default)
2022-01-13 07:01:46,412 [pool-152-thread-1] INFO  server.RaftServerConfigKeys (ConfUtils.java:logGet(44)) - raft.server.rpc.slowness.timeout = 300s (custom)
2022-01-13 07:01:46,412 [pool-152-thread-1] INFO  server.RaftServerConfigKeys (ConfUtils.java:logGet(44)) - raft.server.leaderelection.leader.step-down.wait-time = 10s (default)
2022-01-13 07:01:46,412 [pool-152-thread-1] INFO  server.RaftServerConfigKeys (ConfUtils.java:logGet(44)) - raft.server.sleep.deviation.threshold = 300ms (default)
2022-01-13 07:01:46,412 [pool-152-thread-1] INFO  server.RaftServerConfigKeys (ConfUtils.java:logGet(44)) - raft.server.log.appender.install.snapshot.enabled = false (custom)
2022-01-13 07:01:46,412 [pool-152-thread-1] INFO  server.RaftServer$Division (ServerState.java:<init>(105)) - 3015db82-fb4c-400e-a95f-6cfd8e47dd90@group-A314E92BF1E7: ConfigurationManager, init=-1: [3015db82-fb4c-400e-a95f-6cfd8e47dd90|rpc:10.1.0.23:41163|priority:1], old=null, confs=<EMPTY_MAP>
2022-01-13 07:01:46,412 [pool-152-thread-1] INFO  server.RaftServerConfigKeys (ConfUtils.java:logGet(44)) - raft.server.storage.dir = [/home/runner/work/ozone/ozone/hadoop-ozone/integration-test/target/test-dir/MiniOzoneClusterImpl-5cc78717-de86-4374-8821-2b604027a93e/datanode-1/data/ratis] (custom)
2022-01-13 07:01:46,412 [pool-152-thread-1] INFO  server.RaftServerConfigKeys (ConfUtils.java:logGet(44)) - raft.server.log.corruption.policy = EXCEPTION (default)
2022-01-13 07:01:46,412 [pool-152-thread-1] INFO  server.RaftServerConfigKeys (ConfUtils.java:logGet(44)) - raft.server.storage.free-space.min = 0MB (=0) (default)
2022-01-13 07:01:46,412 [pool-152-thread-1] INFO  storage.RaftStorageDirectory (RaftStorageDirectoryImpl.java:analyzeStorage(135)) - The storage directory /home/runner/work/ozone/ozone/hadoop-ozone/integration-test/target/test-dir/MiniOzoneClusterImpl-5cc78717-de86-4374-8821-2b604027a93e/datanode-1/data/ratis/0a25af4b-9129-45ba-96f7-a314e92bf1e7 does not exist. Creating ...
2022-01-13 07:01:46,418 [pool-152-thread-1] INFO  storage.RaftStorageDirectory (RaftStorageDirectoryImpl.java:tryLock(230)) - Lock on /home/runner/work/ozone/ozone/hadoop-ozone/integration-test/target/test-dir/MiniOzoneClusterImpl-5cc78717-de86-4374-8821-2b604027a93e/datanode-1/data/ratis/0a25af4b-9129-45ba-96f7-a314e92bf1e7/in_use.lock acquired by nodename 17775@fv-az184-560
2022-01-13 07:01:46,419 [pool-152-thread-1] INFO  storage.RaftStorage (RaftStorageImpl.java:format(89)) - Storage directory /home/runner/work/ozone/ozone/hadoop-ozone/integration-test/target/test-dir/MiniOzoneClusterImpl-5cc78717-de86-4374-8821-2b604027a93e/datanode-1/data/ratis/0a25af4b-9129-45ba-96f7-a314e92bf1e7 has been successfully formatted.
2022-01-13 07:01:46,421 [pool-152-thread-1] INFO  ratis.ContainerStateMachine (ContainerStateMachine.java:loadSnapshot(231)) - group-A314E92BF1E7: The snapshot info is null. Setting the last applied indexto:(t:0, i:~)
2022-01-13 07:01:46,421 [pool-152-thread-1] INFO  server.RaftServerConfigKeys (ConfUtils.java:logGet(44)) - raft.server.notification.no-leader.timeout = 300s (custom)
2022-01-13 07:01:46,421 [pool-152-thread-1] INFO  server.RaftServerConfigKeys (ConfUtils.java:logGet(44)) - raft.server.log.use.memory = false (default)
2022-01-13 07:01:46,421 [pool-152-thread-1] INFO  server.RaftServerConfigKeys (ConfUtils.java:logGet(44)) - raft.server.log.purge.gap = 1000000 (custom)
2022-01-13 07:01:46,421 [pool-152-thread-1] INFO  server.RaftServerConfigKeys (ConfUtils.java:logGet(44)) - raft.server.log.appender.buffer.byte-limit = 33554432 (custom)
2022-01-13 07:01:46,422 [pool-152-thread-1] INFO  server.RaftServerConfigKeys (ConfUtils.java:logGet(44)) - raft.server.log.segment.size.max = 1048576 (custom)
2022-01-13 07:01:46,441 [pool-152-thread-1] INFO  server.RaftServerConfigKeys (ConfUtils.java:logGet(44)) - raft.server.log.segment.cache.num.max = 2 (custom)
2022-01-13 07:01:46,441 [pool-152-thread-1] INFO  server.RaftServerConfigKeys (ConfUtils.java:logGet(44)) - raft.server.log.segment.cache.size.max = 200MB (=209715200) (default)
2022-01-13 07:01:46,441 [pool-152-thread-1] INFO  segmented.SegmentedRaftLogWorker (SegmentedRaftLogWorker.java:<init>(182)) - new 3015db82-fb4c-400e-a95f-6cfd8e47dd90@group-A314E92BF1E7-SegmentedRaftLogWorker for RaftStorageImpl:Storage Directory /home/runner/work/ozone/ozone/hadoop-ozone/integration-test/target/test-dir/MiniOzoneClusterImpl-5cc78717-de86-4374-8821-2b604027a93e/datanode-1/data/ratis/0a25af4b-9129-45ba-96f7-a314e92bf1e7
2022-01-13 07:01:46,441 [pool-152-thread-1] INFO  server.RaftServerConfigKeys (ConfUtils.java:logGet(44)) - raft.server.log.queue.byte-limit = 2147483647 (custom)
2022-01-13 07:01:46,442 [pool-152-thread-1] INFO  server.RaftServerConfigKeys (ConfUtils.java:logGet(44)) - raft.server.log.queue.element-limit = 1024 (custom)
2022-01-13 07:01:46,442 [pool-152-thread-1] INFO  server.RaftServerConfigKeys (ConfUtils.java:logGet(44)) - raft.server.log.segment.size.max = 1048576 (custom)
2022-01-13 07:01:46,442 [pool-152-thread-1] INFO  server.RaftServerConfigKeys (ConfUtils.java:logGet(44)) - raft.server.log.preallocated.size = 16384 (custom)
2022-01-13 07:01:46,442 [pool-152-thread-1] INFO  server.RaftServerConfigKeys (ConfUtils.java:logGet(44)) - raft.server.log.force.sync.num = 128 (default)
2022-01-13 07:01:46,442 [pool-152-thread-1] INFO  server.RaftServerConfigKeys (ConfUtils.java:logGet(44)) - raft.server.log.statemachine.data.sync = true (default)
2022-01-13 07:01:46,442 [pool-152-thread-1] INFO  server.RaftServerConfigKeys (ConfUtils.java:logGet(44)) - raft.server.log.statemachine.data.sync.timeout = 10s (default)
2022-01-13 07:01:46,442 [pool-152-thread-1] INFO  server.RaftServerConfigKeys (ConfUtils.java:logGet(44)) - raft.server.log.statemachine.data.sync.timeout.retry = -1 (default)
2022-01-13 07:01:46,443 [pool-152-thread-1] INFO  server.RaftServerConfigKeys (ConfUtils.java:logGet(44)) - raft.server.log.write.buffer.size = 1048576 (custom)
2022-01-13 07:01:46,443 [pool-152-thread-1] INFO  server.RaftServerConfigKeys (ConfUtils.java:logGet(44)) - raft.server.log.statemachine.data.caching.enabled = true (custom)
2022-01-13 07:01:46,444 [pool-152-thread-1] INFO  segmented.SegmentedRaftLogWorker (SegmentedRaftLogWorker.java:lambda$new$0(133)) - 3015db82-fb4c-400e-a95f-6cfd8e47dd90@group-A314E92BF1E7-SegmentedRaftLogWorker: flushIndex: setUnconditionally 0 -> -1
2022-01-13 07:01:46,444 [pool-152-thread-1] INFO  segmented.SegmentedRaftLogWorker (SegmentedRaftLogWorker.java:lambda$new$0(133)) - 3015db82-fb4c-400e-a95f-6cfd8e47dd90@group-A314E92BF1E7-SegmentedRaftLogWorker: safeCacheEvictIndex: setUnconditionally 0 -> -1
2022-01-13 07:01:46,447 [EventQueue-PipelineReportForPipelineReportHandler] INFO  pipeline.PipelineManagerImpl (PipelineManagerImpl.java:openPipeline(291)) - Pipeline Pipeline[ Id: 0a25af4b-9129-45ba-96f7-a314e92bf1e7, Nodes: 3015db82-fb4c-400e-a95f-6cfd8e47dd90{ip: 10.1.0.23, host: fv-az184-560.3ow45vhwbzuu5incsxmygykede.cx.internal.cloudapp.net, ports: [REPLICATION=44345, RATIS=41163, RATIS_ADMIN=41163, RATIS_SERVER=41163, STANDALONE=38023], networkLocation: /default-rack, certSerialId: null, persistedOpState: IN_SERVICE, persistedOpStateExpiryEpochSec: 0}, ReplicationConfig: RATIS/ONE, State:ALLOCATED, leaderId:3015db82-fb4c-400e-a95f-6cfd8e47dd90, CreationTimestamp2022-01-13T07:01:43.399Z[Etc/UTC]] moved to OPEN state
2022-01-13 07:01:46,449 [7205198f-879f-4d5d-99ab-4c1e7d178ba2@group-2B604027A93E-StateMachineUpdater] INFO  safemode.HealthyPipelineSafeModeRule (HealthyPipelineSafeModeRule.java:initializeRule(152)) - Refreshed total pipeline count is 0, healthy pipeline threshold count is 1
2022-01-13 07:01:46,449 [EventQueue-PipelineReportForPipelineReportHandler] INFO  ha.SCMHAInvocationHandler (SCMHAInvocationHandler.java:invokeRatis(113)) - Invoking method public abstract void org.apache.hadoop.hdds.scm.pipeline.PipelineStateManager.updatePipelineState(org.apache.hadoop.hdds.protocol.proto.HddsProtos$PipelineID,org.apache.hadoop.hdds.protocol.proto.HddsProtos$PipelineState) throws java.io.IOException on target org.apache.hadoop.hdds.scm.ha.SCMRatisServerImpl@7b407e98, cost 2599.832us
2022-01-13 07:01:46,470 [pool-152-thread-1] INFO  server.RaftServerConfigKeys (ConfUtils.java:logGet(44)) - raft.server.snapshot.auto.trigger.enabled = true (custom)
2022-01-13 07:01:46,470 [pool-152-thread-1] INFO  server.RaftServerConfigKeys (ConfUtils.java:logGet(44)) - raft.server.snapshot.auto.trigger.threshold = 10000 (custom)
2022-01-13 07:01:46,471 [pool-152-thread-1] INFO  server.RaftServerConfigKeys (ConfUtils.java:logGet(44)) - raft.server.snapshot.retention.file.num = 5 (custom)
2022-01-13 07:01:46,471 [pool-152-thread-1] INFO  server.RaftServerConfigKeys (ConfUtils.java:logGet(44)) - raft.server.log.purge.upto.snapshot.index = false (default)
2022-01-13 07:01:46,471 [pool-152-thread-1] INFO  server.RaftServerConfigKeys (ConfUtils.java:logGet(44)) - raft.server.retrycache.expirytime = 600000ms (custom)
2022-01-13 07:01:46,471 [pool-152-thread-1] INFO  server.RaftServerConfigKeys (ConfUtils.java:logGet(44)) - raft.server.retrycache.statistics.expirytime = 100μs (default)
2022-01-13 07:01:46,472 [pool-152-thread-1] INFO  server.RaftServer$Division (RaftServerImpl.java:start(301)) - 3015db82-fb4c-400e-a95f-6cfd8e47dd90@group-A314E92BF1E7: start as a follower, conf=-1: [3015db82-fb4c-400e-a95f-6cfd8e47dd90|rpc:10.1.0.23:41163|priority:1], old=null
2022-01-13 07:01:46,472 [pool-152-thread-1] INFO  server.RaftServer$Division (RaftServerImpl.java:setRole(290)) - 3015db82-fb4c-400e-a95f-6cfd8e47dd90@group-A314E92BF1E7: changes role from      null to FOLLOWER at term 0 for startAsFollower
2022-01-13 07:01:46,472 [pool-152-thread-1] INFO  impl.RoleInfo (RoleInfo.java:updateAndGet(130)) - 3015db82-fb4c-400e-a95f-6cfd8e47dd90: start 3015db82-fb4c-400e-a95f-6cfd8e47dd90@group-A314E92BF1E7-FollowerState
2022-01-13 07:01:46,472 [EventQueue-OpenPipelineForHealthyPipelineSafeModeRule] INFO  safemode.SCMSafeModeManager (HealthyPipelineSafeModeRule.java:process(124)) - SCM in safe mode. Healthy pipelines reported count is 0, required healthy pipeline reported count is 1
2022-01-13 07:01:46,477 [pool-152-thread-1] INFO  util.JmxRegister (JmxRegister.java:tryRegister(44)) - Successfully registered JMX Bean with object name Ratis:service=RaftServer,group=group-A314E92BF1E7,id=3015db82-fb4c-400e-a95f-6cfd8e47dd90
2022-01-13 07:01:46,486 [Command processor thread] INFO  ratis.XceiverServerRatis (XceiverServerRatis.java:addGroup(768)) - Created group PipelineID=0a25af4b-9129-45ba-96f7-a314e92bf1e7
2022-01-13 07:01:46,487 [Command processor thread] INFO  commandhandler.CreatePipelineCommandHandler (CreatePipelineCommandHandler.java:handle(106)) - Created Pipeline RATIS ONE PipelineID=0a25af4b-9129-45ba-96f7-a314e92bf1e7.
2022-01-13 07:01:46,499 [Command processor thread] INFO  server.RaftServer (RaftServerProxy.java:addNew(95)) - 3015db82-fb4c-400e-a95f-6cfd8e47dd90: addNew group-2F0313A0DF11:[3015db82-fb4c-400e-a95f-6cfd8e47dd90|rpc:10.1.0.23:41163|priority:1, f1e76221-b4f8-46a8-99fe-d8b881880070|rpc:10.1.0.23:34875|priority:0, b200734c-4eb0-41ea-b507-ea370eae09c2|rpc:10.1.0.23:39873|priority:0] returns group-2F0313A0DF11:java.util.concurrent.CompletableFuture@4d4c7ec0[Not completed]
2022-01-13 07:01:46,500 [pool-152-thread-1] INFO  server.RaftServer$Division (RaftServerImpl.java:<init>(184)) - 3015db82-fb4c-400e-a95f-6cfd8e47dd90: new RaftServerImpl for group-2F0313A0DF11:[3015db82-fb4c-400e-a95f-6cfd8e47dd90|rpc:10.1.0.23:41163|priority:1, f1e76221-b4f8-46a8-99fe-d8b881880070|rpc:10.1.0.23:34875|priority:0, b200734c-4eb0-41ea-b507-ea370eae09c2|rpc:10.1.0.23:39873|priority:0] with ContainerStateMachine:uninitialized
2022-01-13 07:01:46,500 [pool-152-thread-1] INFO  server.RaftServerConfigKeys (ConfUtils.java:logGet(44)) - raft.server.rpc.timeout.min = 5s (custom)
2022-01-13 07:01:46,501 [pool-152-thread-1] INFO  server.RaftServerConfigKeys (ConfUtils.java:logGet(44)) - raft.server.rpc.timeout.max = 5200ms (custom)
2022-01-13 07:01:46,501 [pool-152-thread-1] INFO  server.RaftServerConfigKeys (ConfUtils.java:logGet(44)) - raft.server.rpc.sleep.time = 25ms (default)
2022-01-13 07:01:46,501 [pool-152-thread-1] INFO  server.RaftServerConfigKeys (ConfUtils.java:logGet(44)) - raft.server.rpc.slowness.timeout = 300s (custom)
2022-01-13 07:01:46,501 [pool-152-thread-1] INFO  server.RaftServerConfigKeys (ConfUtils.java:logGet(44)) - raft.server.leaderelection.leader.step-down.wait-time = 10s (default)
2022-01-13 07:01:46,501 [pool-152-thread-1] INFO  server.RaftServerConfigKeys (ConfUtils.java:logGet(44)) - raft.server.sleep.deviation.threshold = 300ms (default)
2022-01-13 07:01:46,501 [pool-152-thread-1] INFO  server.RaftServerConfigKeys (ConfUtils.java:logGet(44)) - raft.server.log.appender.install.snapshot.enabled = false (custom)
2022-01-13 07:01:46,501 [pool-152-thread-1] INFO  server.RaftServer$Division (ServerState.java:<init>(105)) - 3015db82-fb4c-400e-a95f-6cfd8e47dd90@group-2F0313A0DF11: ConfigurationManager, init=-1: [3015db82-fb4c-400e-a95f-6cfd8e47dd90|rpc:10.1.0.23:41163|priority:1, f1e76221-b4f8-46a8-99fe-d8b881880070|rpc:10.1.0.23:34875|priority:0, b200734c-4eb0-41ea-b507-ea370eae09c2|rpc:10.1.0.23:39873|priority:0], old=null, confs=<EMPTY_MAP>
2022-01-13 07:01:46,501 [pool-152-thread-1] INFO  server.RaftServerConfigKeys (ConfUtils.java:logGet(44)) - raft.server.storage.dir = [/home/runner/work/ozone/ozone/hadoop-ozone/integration-test/target/test-dir/MiniOzoneClusterImpl-5cc78717-de86-4374-8821-2b604027a93e/datanode-1/data/ratis] (custom)
2022-01-13 07:01:46,501 [pool-152-thread-1] INFO  server.RaftServerConfigKeys (ConfUtils.java:logGet(44)) - raft.server.log.corruption.policy = EXCEPTION (default)
2022-01-13 07:01:46,501 [pool-152-thread-1] INFO  server.RaftServerConfigKeys (ConfUtils.java:logGet(44)) - raft.server.storage.free-space.min = 0MB (=0) (default)
2022-01-13 07:01:46,501 [pool-152-thread-1] INFO  storage.RaftStorageDirectory (RaftStorageDirectoryImpl.java:analyzeStorage(135)) - The storage directory /home/runner/work/ozone/ozone/hadoop-ozone/integration-test/target/test-dir/MiniOzoneClusterImpl-5cc78717-de86-4374-8821-2b604027a93e/datanode-1/data/ratis/03c41640-69dc-408d-aaac-2f0313a0df11 does not exist. Creating ...
2022-01-13 07:01:46,502 [pool-152-thread-1] INFO  storage.RaftStorageDirectory (RaftStorageDirectoryImpl.java:tryLock(230)) - Lock on /home/runner/work/ozone/ozone/hadoop-ozone/integration-test/target/test-dir/MiniOzoneClusterImpl-5cc78717-de86-4374-8821-2b604027a93e/datanode-1/data/ratis/03c41640-69dc-408d-aaac-2f0313a0df11/in_use.lock acquired by nodename 17775@fv-az184-560
2022-01-13 07:01:46,504 [pool-152-thread-1] INFO  storage.RaftStorage (RaftStorageImpl.java:format(89)) - Storage directory /home/runner/work/ozone/ozone/hadoop-ozone/integration-test/target/test-dir/MiniOzoneClusterImpl-5cc78717-de86-4374-8821-2b604027a93e/datanode-1/data/ratis/03c41640-69dc-408d-aaac-2f0313a0df11 has been successfully formatted.
2022-01-13 07:01:46,505 [pool-152-thread-1] INFO  ratis.ContainerStateMachine (ContainerStateMachine.java:loadSnapshot(231)) - group-2F0313A0DF11: The snapshot info is null. Setting the last applied indexto:(t:0, i:~)
2022-01-13 07:01:46,505 [pool-152-thread-1] INFO  server.RaftServerConfigKeys (ConfUtils.java:logGet(44)) - raft.server.notification.no-leader.timeout = 300s (custom)
2022-01-13 07:01:46,505 [pool-152-thread-1] INFO  server.RaftServerConfigKeys (ConfUtils.java:logGet(44)) - raft.server.log.use.memory = false (default)
2022-01-13 07:01:46,505 [pool-152-thread-1] INFO  server.RaftServerConfigKeys (ConfUtils.java:logGet(44)) - raft.server.log.purge.gap = 1000000 (custom)
2022-01-13 07:01:46,505 [pool-152-thread-1] INFO  server.RaftServerConfigKeys (ConfUtils.java:logGet(44)) - raft.server.log.appender.buffer.byte-limit = 33554432 (custom)
2022-01-13 07:01:46,506 [pool-152-thread-1] INFO  server.RaftServerConfigKeys (ConfUtils.java:logGet(44)) - raft.server.log.segment.size.max = 1048576 (custom)
2022-01-13 07:01:46,508 [EventQueue-OpenPipelineForHealthyPipelineSafeModeRule] INFO  safemode.SCMSafeModeManager (HealthyPipelineSafeModeRule.java:process(124)) - SCM in safe mode. Healthy pipelines reported count is 0, required healthy pipeline reported count is 1
2022-01-13 07:01:46,509 [pool-152-thread-1] INFO  server.RaftServerConfigKeys (ConfUtils.java:logGet(44)) - raft.server.log.segment.cache.num.max = 2 (custom)
2022-01-13 07:01:46,509 [pool-152-thread-1] INFO  server.RaftServerConfigKeys (ConfUtils.java:logGet(44)) - raft.server.log.segment.cache.size.max = 200MB (=209715200) (default)
2022-01-13 07:01:46,509 [pool-152-thread-1] INFO  segmented.SegmentedRaftLogWorker (SegmentedRaftLogWorker.java:<init>(182)) - new 3015db82-fb4c-400e-a95f-6cfd8e47dd90@group-2F0313A0DF11-SegmentedRaftLogWorker for RaftStorageImpl:Storage Directory /home/runner/work/ozone/ozone/hadoop-ozone/integration-test/target/test-dir/MiniOzoneClusterImpl-5cc78717-de86-4374-8821-2b604027a93e/datanode-1/data/ratis/03c41640-69dc-408d-aaac-2f0313a0df11
2022-01-13 07:01:46,509 [pool-152-thread-1] INFO  server.RaftServerConfigKeys (ConfUtils.java:logGet(44)) - raft.server.log.queue.byte-limit = 2147483647 (custom)
2022-01-13 07:01:46,509 [pool-152-thread-1] INFO  server.RaftServerConfigKeys (ConfUtils.java:logGet(44)) - raft.server.log.queue.element-limit = 1024 (custom)
2022-01-13 07:01:46,509 [pool-152-thread-1] INFO  server.RaftServerConfigKeys (ConfUtils.java:logGet(44)) - raft.server.log.segment.size.max = 1048576 (custom)
2022-01-13 07:01:46,509 [pool-152-thread-1] INFO  server.RaftServerConfigKeys (ConfUtils.java:logGet(44)) - raft.server.log.preallocated.size = 16384 (custom)
2022-01-13 07:01:46,510 [pool-152-thread-1] INFO  server.RaftServerConfigKeys (ConfUtils.java:logGet(44)) - raft.server.log.force.sync.num = 128 (default)
2022-01-13 07:01:46,510 [pool-152-thread-1] INFO  server.RaftServerConfigKeys (ConfUtils.java:logGet(44)) - raft.server.log.statemachine.data.sync = true (default)
2022-01-13 07:01:46,510 [pool-152-thread-1] INFO  server.RaftServerConfigKeys (ConfUtils.java:logGet(44)) - raft.server.log.statemachine.data.sync.timeout = 10s (default)
2022-01-13 07:01:46,510 [pool-152-thread-1] INFO  server.RaftServerConfigKeys (ConfUtils.java:logGet(44)) - raft.server.log.statemachine.data.sync.timeout.retry = -1 (default)
2022-01-13 07:01:46,511 [pool-152-thread-1] INFO  server.RaftServerConfigKeys (ConfUtils.java:logGet(44)) - raft.server.log.write.buffer.size = 1048576 (custom)
2022-01-13 07:01:46,512 [pool-152-thread-1] INFO  server.RaftServerConfigKeys (ConfUtils.java:logGet(44)) - raft.server.log.statemachine.data.caching.enabled = true (custom)
2022-01-13 07:01:46,518 [pool-152-thread-1] INFO  segmented.SegmentedRaftLogWorker (SegmentedRaftLogWorker.java:lambda$new$0(133)) - 3015db82-fb4c-400e-a95f-6cfd8e47dd90@group-2F0313A0DF11-SegmentedRaftLogWorker: flushIndex: setUnconditionally 0 -> -1
2022-01-13 07:01:46,518 [pool-152-thread-1] INFO  segmented.SegmentedRaftLogWorker (SegmentedRaftLogWorker.java:lambda$new$0(133)) - 3015db82-fb4c-400e-a95f-6cfd8e47dd90@group-2F0313A0DF11-SegmentedRaftLogWorker: safeCacheEvictIndex: setUnconditionally 0 -> -1
2022-01-13 07:01:46,536 [pool-152-thread-1] INFO  server.RaftServerConfigKeys (ConfUtils.java:logGet(44)) - raft.server.snapshot.auto.trigger.enabled = true (custom)
2022-01-13 07:01:46,536 [pool-152-thread-1] INFO  server.RaftServerConfigKeys (ConfUtils.java:logGet(44)) - raft.server.snapshot.auto.trigger.threshold = 10000 (custom)
2022-01-13 07:01:46,536 [pool-152-thread-1] INFO  server.RaftServerConfigKeys (ConfUtils.java:logGet(44)) - raft.server.snapshot.retention.file.num = 5 (custom)
2022-01-13 07:01:46,537 [pool-152-thread-1] INFO  server.RaftServerConfigKeys (ConfUtils.java:logGet(44)) - raft.server.log.purge.upto.snapshot.index = false (default)
2022-01-13 07:01:46,537 [pool-152-thread-1] INFO  server.RaftServerConfigKeys (ConfUtils.java:logGet(44)) - raft.server.retrycache.expirytime = 600000ms (custom)
2022-01-13 07:01:46,537 [pool-152-thread-1] INFO  server.RaftServerConfigKeys (ConfUtils.java:logGet(44)) - raft.server.retrycache.statistics.expirytime = 100μs (default)
2022-01-13 07:01:46,538 [pool-152-thread-1] INFO  server.RaftServer$Division (RaftServerImpl.java:start(301)) - 3015db82-fb4c-400e-a95f-6cfd8e47dd90@group-2F0313A0DF11: start as a follower, conf=-1: [3015db82-fb4c-400e-a95f-6cfd8e47dd90|rpc:10.1.0.23:41163|priority:1, f1e76221-b4f8-46a8-99fe-d8b881880070|rpc:10.1.0.23:34875|priority:0, b200734c-4eb0-41ea-b507-ea370eae09c2|rpc:10.1.0.23:39873|priority:0], old=null
2022-01-13 07:01:46,538 [pool-152-thread-1] INFO  server.RaftServer$Division (RaftServerImpl.java:setRole(290)) - 3015db82-fb4c-400e-a95f-6cfd8e47dd90@group-2F0313A0DF11: changes role from      null to FOLLOWER at term 0 for startAsFollower
2022-01-13 07:01:46,538 [pool-152-thread-1] INFO  impl.RoleInfo (RoleInfo.java:updateAndGet(130)) - 3015db82-fb4c-400e-a95f-6cfd8e47dd90: start 3015db82-fb4c-400e-a95f-6cfd8e47dd90@group-2F0313A0DF11-FollowerState
2022-01-13 07:01:46,542 [pool-152-thread-1] INFO  util.JmxRegister (JmxRegister.java:tryRegister(44)) - Successfully registered JMX Bean with object name Ratis:service=RaftServer,group=group-2F0313A0DF11,id=3015db82-fb4c-400e-a95f-6cfd8e47dd90
2022-01-13 07:01:46,550 [Command processor thread] INFO  ratis.XceiverServerRatis (XceiverServerRatis.java:addGroup(768)) - Created group PipelineID=03c41640-69dc-408d-aaac-2f0313a0df11
2022-01-13 07:01:46,684 [Listener at 127.0.0.1/43165] INFO  ozone.MiniOzoneClusterImpl (MiniOzoneClusterImpl.java:lambda$waitForClusterToBeReady$0(219)) - Nodes are ready. Got 3 of 3 DN Heartbeats.
2022-01-13 07:01:46,684 [Listener at 127.0.0.1/43165] INFO  ozone.MiniOzoneClusterImpl (MiniOzoneClusterImpl.java:lambda$waitForClusterToBeReady$0(222)) - Waiting for cluster to exit safe mode
2022-01-13 07:01:46,684 [Listener at 127.0.0.1/43165] INFO  ozone.MiniOzoneClusterImpl (MiniOzoneClusterImpl.java:lambda$waitForClusterToBeReady$0(224)) - SCM became leader
2022-01-13 07:01:46,692 [Command processor thread] INFO  server.RaftServer (RaftServerProxy.java:addNew(95)) - b200734c-4eb0-41ea-b507-ea370eae09c2: addNew group-2D2D4086FD83:[b200734c-4eb0-41ea-b507-ea370eae09c2|rpc:10.1.0.23:39873|priority:1] returns group-2D2D4086FD83:java.util.concurrent.CompletableFuture@7e61aeb[Not completed]
2022-01-13 07:01:46,700 [pool-173-thread-1] INFO  server.RaftServer$Division (RaftServerImpl.java:<init>(184)) - b200734c-4eb0-41ea-b507-ea370eae09c2: new RaftServerImpl for group-2D2D4086FD83:[b200734c-4eb0-41ea-b507-ea370eae09c2|rpc:10.1.0.23:39873|priority:1] with ContainerStateMachine:uninitialized
2022-01-13 07:01:46,701 [pool-173-thread-1] INFO  server.RaftServerConfigKeys (ConfUtils.java:logGet(44)) - raft.server.rpc.timeout.min = 5s (custom)
2022-01-13 07:01:46,701 [pool-173-thread-1] INFO  server.RaftServerConfigKeys (ConfUtils.java:logGet(44)) - raft.server.rpc.timeout.max = 5200ms (custom)
2022-01-13 07:01:46,701 [pool-173-thread-1] INFO  server.RaftServerConfigKeys (ConfUtils.java:logGet(44)) - raft.server.rpc.sleep.time = 25ms (default)
2022-01-13 07:01:46,702 [pool-173-thread-1] INFO  server.RaftServerConfigKeys (ConfUtils.java:logGet(44)) - raft.server.rpc.slowness.timeout = 300s (custom)
2022-01-13 07:01:46,702 [pool-173-thread-1] INFO  server.RaftServerConfigKeys (ConfUtils.java:logGet(44)) - raft.server.leaderelection.leader.step-down.wait-time = 10s (default)
2022-01-13 07:01:46,702 [pool-173-thread-1] INFO  server.RaftServerConfigKeys (ConfUtils.java:logGet(44)) - raft.server.sleep.deviation.threshold = 300ms (default)
2022-01-13 07:01:46,702 [pool-173-thread-1] INFO  server.RaftServerConfigKeys (ConfUtils.java:logGet(44)) - raft.server.log.appender.install.snapshot.enabled = false (custom)
2022-01-13 07:01:46,702 [pool-173-thread-1] INFO  server.RaftServer$Division (ServerState.java:<init>(105)) - b200734c-4eb0-41ea-b507-ea370eae09c2@group-2D2D4086FD83: ConfigurationManager, init=-1: [b200734c-4eb0-41ea-b507-ea370eae09c2|rpc:10.1.0.23:39873|priority:1], old=null, confs=<EMPTY_MAP>
2022-01-13 07:01:46,702 [pool-173-thread-1] INFO  server.RaftServerConfigKeys (ConfUtils.java:logGet(44)) - raft.server.storage.dir = [/home/runner/work/ozone/ozone/hadoop-ozone/integration-test/target/test-dir/MiniOzoneClusterImpl-5cc78717-de86-4374-8821-2b604027a93e/datanode-2/data/ratis] (custom)
2022-01-13 07:01:46,702 [pool-173-thread-1] INFO  server.RaftServerConfigKeys (ConfUtils.java:logGet(44)) - raft.server.log.corruption.policy = EXCEPTION (default)
2022-01-13 07:01:46,702 [pool-173-thread-1] INFO  server.RaftServerConfigKeys (ConfUtils.java:logGet(44)) - raft.server.storage.free-space.min = 0MB (=0) (default)
2022-01-13 07:01:46,703 [pool-173-thread-1] INFO  storage.RaftStorageDirectory (RaftStorageDirectoryImpl.java:analyzeStorage(135)) - The storage directory /home/runner/work/ozone/ozone/hadoop-ozone/integration-test/target/test-dir/MiniOzoneClusterImpl-5cc78717-de86-4374-8821-2b604027a93e/datanode-2/data/ratis/55d34517-5da3-466c-93b5-2d2d4086fd83 does not exist. Creating ...
2022-01-13 07:01:46,704 [pool-173-thread-1] INFO  storage.RaftStorageDirectory (RaftStorageDirectoryImpl.java:tryLock(230)) - Lock on /home/runner/work/ozone/ozone/hadoop-ozone/integration-test/target/test-dir/MiniOzoneClusterImpl-5cc78717-de86-4374-8821-2b604027a93e/datanode-2/data/ratis/55d34517-5da3-466c-93b5-2d2d4086fd83/in_use.lock acquired by nodename 17775@fv-az184-560
2022-01-13 07:01:46,716 [pool-173-thread-1] INFO  storage.RaftStorage (RaftStorageImpl.java:format(89)) - Storage directory /home/runner/work/ozone/ozone/hadoop-ozone/integration-test/target/test-dir/MiniOzoneClusterImpl-5cc78717-de86-4374-8821-2b604027a93e/datanode-2/data/ratis/55d34517-5da3-466c-93b5-2d2d4086fd83 has been successfully formatted.
2022-01-13 07:01:46,717 [pool-173-thread-1] INFO  ratis.ContainerStateMachine (ContainerStateMachine.java:loadSnapshot(231)) - group-2D2D4086FD83: The snapshot info is null. Setting the last applied indexto:(t:0, i:~)
2022-01-13 07:01:46,718 [pool-173-thread-1] INFO  server.RaftServerConfigKeys (ConfUtils.java:logGet(44)) - raft.server.notification.no-leader.timeout = 300s (custom)
2022-01-13 07:01:46,718 [pool-173-thread-1] INFO  server.RaftServerConfigKeys (ConfUtils.java:logGet(44)) - raft.server.log.use.memory = false (default)
2022-01-13 07:01:46,718 [pool-173-thread-1] INFO  server.RaftServerConfigKeys (ConfUtils.java:logGet(44)) - raft.server.log.purge.gap = 1000000 (custom)
2022-01-13 07:01:46,718 [pool-173-thread-1] INFO  server.RaftServerConfigKeys (ConfUtils.java:logGet(44)) - raft.server.log.appender.buffer.byte-limit = 33554432 (custom)
2022-01-13 07:01:46,718 [pool-173-thread-1] INFO  server.RaftServerConfigKeys (ConfUtils.java:logGet(44)) - raft.server.log.segment.size.max = 1048576 (custom)
2022-01-13 07:01:46,719 [pool-173-thread-1] INFO  server.RaftServerConfigKeys (ConfUtils.java:logGet(44)) - raft.server.log.segment.cache.num.max = 2 (custom)
2022-01-13 07:01:46,719 [pool-173-thread-1] INFO  server.RaftServerConfigKeys (ConfUtils.java:logGet(44)) - raft.server.log.segment.cache.size.max = 200MB (=209715200) (default)
2022-01-13 07:01:46,719 [pool-173-thread-1] INFO  segmented.SegmentedRaftLogWorker (SegmentedRaftLogWorker.java:<init>(182)) - new b200734c-4eb0-41ea-b507-ea370eae09c2@group-2D2D4086FD83-SegmentedRaftLogWorker for RaftStorageImpl:Storage Directory /home/runner/work/ozone/ozone/hadoop-ozone/integration-test/target/test-dir/MiniOzoneClusterImpl-5cc78717-de86-4374-8821-2b604027a93e/datanode-2/data/ratis/55d34517-5da3-466c-93b5-2d2d4086fd83
2022-01-13 07:01:46,719 [pool-173-thread-1] INFO  server.RaftServerConfigKeys (ConfUtils.java:logGet(44)) - raft.server.log.queue.byte-limit = 2147483647 (custom)
2022-01-13 07:01:46,719 [pool-173-thread-1] INFO  server.RaftServerConfigKeys (ConfUtils.java:logGet(44)) - raft.server.log.queue.element-limit = 1024 (custom)
2022-01-13 07:01:46,719 [pool-173-thread-1] INFO  server.RaftServerConfigKeys (ConfUtils.java:logGet(44)) - raft.server.log.segment.size.max = 1048576 (custom)
2022-01-13 07:01:46,719 [pool-173-thread-1] INFO  server.RaftServerConfigKeys (ConfUtils.java:logGet(44)) - raft.server.log.preallocated.size = 16384 (custom)
2022-01-13 07:01:46,719 [pool-173-thread-1] INFO  server.RaftServerConfigKeys (ConfUtils.java:logGet(44)) - raft.server.log.force.sync.num = 128 (default)
2022-01-13 07:01:46,719 [pool-173-thread-1] INFO  server.RaftServerConfigKeys (ConfUtils.java:logGet(44)) - raft.server.log.statemachine.data.sync = true (default)
2022-01-13 07:01:46,719 [pool-173-thread-1] INFO  server.RaftServerConfigKeys (ConfUtils.java:logGet(44)) - raft.server.log.statemachine.data.sync.timeout = 10s (default)
2022-01-13 07:01:46,719 [pool-173-thread-1] INFO  server.RaftServerConfigKeys (ConfUtils.java:logGet(44)) - raft.server.log.statemachine.data.sync.timeout.retry = -1 (default)
2022-01-13 07:01:46,720 [pool-173-thread-1] INFO  server.RaftServerConfigKeys (ConfUtils.java:logGet(44)) - raft.server.log.write.buffer.size = 1048576 (custom)
2022-01-13 07:01:46,720 [pool-173-thread-1] INFO  server.RaftServerConfigKeys (ConfUtils.java:logGet(44)) - raft.server.log.statemachine.data.caching.enabled = true (custom)
2022-01-13 07:01:46,720 [pool-173-thread-1] INFO  segmented.SegmentedRaftLogWorker (SegmentedRaftLogWorker.java:lambda$new$0(133)) - b200734c-4eb0-41ea-b507-ea370eae09c2@group-2D2D4086FD83-SegmentedRaftLogWorker: flushIndex: setUnconditionally 0 -> -1
2022-01-13 07:01:46,720 [pool-173-thread-1] INFO  segmented.SegmentedRaftLogWorker (SegmentedRaftLogWorker.java:lambda$new$0(133)) - b200734c-4eb0-41ea-b507-ea370eae09c2@group-2D2D4086FD83-SegmentedRaftLogWorker: safeCacheEvictIndex: setUnconditionally 0 -> -1
2022-01-13 07:01:46,738 [pool-173-thread-1] INFO  server.RaftServerConfigKeys (ConfUtils.java:logGet(44)) - raft.server.snapshot.auto.trigger.enabled = true (custom)
2022-01-13 07:01:46,738 [pool-173-thread-1] INFO  server.RaftServerConfigKeys (ConfUtils.java:logGet(44)) - raft.server.snapshot.auto.trigger.threshold = 10000 (custom)
2022-01-13 07:01:46,739 [pool-173-thread-1] INFO  server.RaftServerConfigKeys (ConfUtils.java:logGet(44)) - raft.server.snapshot.retention.file.num = 5 (custom)
2022-01-13 07:01:46,739 [pool-173-thread-1] INFO  server.RaftServerConfigKeys (ConfUtils.java:logGet(44)) - raft.server.log.purge.upto.snapshot.index = false (default)
2022-01-13 07:01:46,739 [pool-173-thread-1] INFO  server.RaftServerConfigKeys (ConfUtils.java:logGet(44)) - raft.server.retrycache.expirytime = 600000ms (custom)
2022-01-13 07:01:46,739 [pool-173-thread-1] INFO  server.RaftServerConfigKeys (ConfUtils.java:logGet(44)) - raft.server.retrycache.statistics.expirytime = 100μs (default)
2022-01-13 07:01:46,740 [pool-173-thread-1] INFO  server.RaftServer$Division (RaftServerImpl.java:start(301)) - b200734c-4eb0-41ea-b507-ea370eae09c2@group-2D2D4086FD83: start as a follower, conf=-1: [b200734c-4eb0-41ea-b507-ea370eae09c2|rpc:10.1.0.23:39873|priority:1], old=null
2022-01-13 07:01:46,740 [pool-173-thread-1] INFO  server.RaftServer$Division (RaftServerImpl.java:setRole(290)) - b200734c-4eb0-41ea-b507-ea370eae09c2@group-2D2D4086FD83: changes role from      null to FOLLOWER at term 0 for startAsFollower
2022-01-13 07:01:46,740 [pool-173-thread-1] INFO  impl.RoleInfo (RoleInfo.java:updateAndGet(130)) - b200734c-4eb0-41ea-b507-ea370eae09c2: start b200734c-4eb0-41ea-b507-ea370eae09c2@group-2D2D4086FD83-FollowerState
2022-01-13 07:01:46,750 [pool-173-thread-1] INFO  util.JmxRegister (JmxRegister.java:tryRegister(44)) - Successfully registered JMX Bean with object name Ratis:service=RaftServer,group=group-2D2D4086FD83,id=b200734c-4eb0-41ea-b507-ea370eae09c2
2022-01-13 07:01:46,762 [EventQueue-PipelineReportForPipelineReportHandler] INFO  pipeline.PipelineManagerImpl (PipelineManagerImpl.java:openPipeline(291)) - Pipeline Pipeline[ Id: 55d34517-5da3-466c-93b5-2d2d4086fd83, Nodes: b200734c-4eb0-41ea-b507-ea370eae09c2{ip: 10.1.0.23, host: fv-az184-560.3ow45vhwbzuu5incsxmygykede.cx.internal.cloudapp.net, ports: [REPLICATION=33249, RATIS=39873, RATIS_ADMIN=39873, RATIS_SERVER=39873, STANDALONE=36341], networkLocation: /default-rack, certSerialId: null, persistedOpState: IN_SERVICE, persistedOpStateExpiryEpochSec: 0}, ReplicationConfig: RATIS/ONE, State:ALLOCATED, leaderId:b200734c-4eb0-41ea-b507-ea370eae09c2, CreationTimestamp2022-01-13T07:01:43.693Z[Etc/UTC]] moved to OPEN state
2022-01-13 07:01:46,765 [Command processor thread] INFO  ratis.XceiverServerRatis (XceiverServerRatis.java:addGroup(768)) - Created group PipelineID=55d34517-5da3-466c-93b5-2d2d4086fd83
2022-01-13 07:01:46,766 [Command processor thread] INFO  commandhandler.CreatePipelineCommandHandler (CreatePipelineCommandHandler.java:handle(106)) - Created Pipeline RATIS ONE PipelineID=55d34517-5da3-466c-93b5-2d2d4086fd83.
2022-01-13 07:01:46,767 [Command processor thread] INFO  server.RaftServer (RaftServerProxy.java:addNew(95)) - b200734c-4eb0-41ea-b507-ea370eae09c2: addNew group-2F0313A0DF11:[3015db82-fb4c-400e-a95f-6cfd8e47dd90|rpc:10.1.0.23:41163|priority:1, f1e76221-b4f8-46a8-99fe-d8b881880070|rpc:10.1.0.23:34875|priority:0, b200734c-4eb0-41ea-b507-ea370eae09c2|rpc:10.1.0.23:39873|priority:0] returns group-2F0313A0DF11:java.util.concurrent.CompletableFuture@3d99ecf[Not completed]
2022-01-13 07:01:46,767 [7205198f-879f-4d5d-99ab-4c1e7d178ba2@group-2B604027A93E-StateMachineUpdater] INFO  safemode.HealthyPipelineSafeModeRule (HealthyPipelineSafeModeRule.java:initializeRule(152)) - Refreshed total pipeline count is 0, healthy pipeline threshold count is 1
2022-01-13 07:01:46,780 [EventQueue-PipelineReportForPipelineReportHandler] INFO  ha.SCMHAInvocationHandler (SCMHAInvocationHandler.java:invokeRatis(113)) - Invoking method public abstract void org.apache.hadoop.hdds.scm.pipeline.PipelineStateManager.updatePipelineState(org.apache.hadoop.hdds.protocol.proto.HddsProtos$PipelineID,org.apache.hadoop.hdds.protocol.proto.HddsProtos$PipelineState) throws java.io.IOException on target org.apache.hadoop.hdds.scm.ha.SCMRatisServerImpl@7b407e98, cost 18375.523us
2022-01-13 07:01:46,780 [EventQueue-OpenPipelineForHealthyPipelineSafeModeRule] INFO  safemode.SCMSafeModeManager (HealthyPipelineSafeModeRule.java:process(124)) - SCM in safe mode. Healthy pipelines reported count is 0, required healthy pipeline reported count is 1
2022-01-13 07:01:46,768 [pool-173-thread-1] INFO  server.RaftServer$Division (RaftServerImpl.java:<init>(184)) - b200734c-4eb0-41ea-b507-ea370eae09c2: new RaftServerImpl for group-2F0313A0DF11:[3015db82-fb4c-400e-a95f-6cfd8e47dd90|rpc:10.1.0.23:41163|priority:1, f1e76221-b4f8-46a8-99fe-d8b881880070|rpc:10.1.0.23:34875|priority:0, b200734c-4eb0-41ea-b507-ea370eae09c2|rpc:10.1.0.23:39873|priority:0] with ContainerStateMachine:uninitialized
2022-01-13 07:01:46,781 [pool-173-thread-1] INFO  server.RaftServerConfigKeys (ConfUtils.java:logGet(44)) - raft.server.rpc.timeout.min = 5s (custom)
2022-01-13 07:01:46,781 [pool-173-thread-1] INFO  server.RaftServerConfigKeys (ConfUtils.java:logGet(44)) - raft.server.rpc.timeout.max = 5200ms (custom)
2022-01-13 07:01:46,781 [pool-173-thread-1] INFO  server.RaftServerConfigKeys (ConfUtils.java:logGet(44)) - raft.server.rpc.sleep.time = 25ms (default)
2022-01-13 07:01:46,781 [pool-173-thread-1] INFO  server.RaftServerConfigKeys (ConfUtils.java:logGet(44)) - raft.server.rpc.slowness.timeout = 300s (custom)
2022-01-13 07:01:46,781 [pool-173-thread-1] INFO  server.RaftServerConfigKeys (ConfUtils.java:logGet(44)) - raft.server.leaderelection.leader.step-down.wait-time = 10s (default)
2022-01-13 07:01:46,781 [pool-173-thread-1] INFO  server.RaftServerConfigKeys (ConfUtils.java:logGet(44)) - raft.server.sleep.deviation.threshold = 300ms (default)
2022-01-13 07:01:46,781 [pool-173-thread-1] INFO  server.RaftServerConfigKeys (ConfUtils.java:logGet(44)) - raft.server.log.appender.install.snapshot.enabled = false (custom)
2022-01-13 07:01:46,781 [pool-173-thread-1] INFO  server.RaftServer$Division (ServerState.java:<init>(105)) - b200734c-4eb0-41ea-b507-ea370eae09c2@group-2F0313A0DF11: ConfigurationManager, init=-1: [3015db82-fb4c-400e-a95f-6cfd8e47dd90|rpc:10.1.0.23:41163|priority:1, f1e76221-b4f8-46a8-99fe-d8b881880070|rpc:10.1.0.23:34875|priority:0, b200734c-4eb0-41ea-b507-ea370eae09c2|rpc:10.1.0.23:39873|priority:0], old=null, confs=<EMPTY_MAP>
2022-01-13 07:01:46,781 [pool-173-thread-1] INFO  server.RaftServerConfigKeys (ConfUtils.java:logGet(44)) - raft.server.storage.dir = [/home/runner/work/ozone/ozone/hadoop-ozone/integration-test/target/test-dir/MiniOzoneClusterImpl-5cc78717-de86-4374-8821-2b604027a93e/datanode-2/data/ratis] (custom)
2022-01-13 07:01:46,781 [pool-173-thread-1] INFO  server.RaftServerConfigKeys (ConfUtils.java:logGet(44)) - raft.server.log.corruption.policy = EXCEPTION (default)
2022-01-13 07:01:46,781 [pool-173-thread-1] INFO  server.RaftServerConfigKeys (ConfUtils.java:logGet(44)) - raft.server.storage.free-space.min = 0MB (=0) (default)
2022-01-13 07:01:46,782 [pool-173-thread-1] INFO  storage.RaftStorageDirectory (RaftStorageDirectoryImpl.java:analyzeStorage(135)) - The storage directory /home/runner/work/ozone/ozone/hadoop-ozone/integration-test/target/test-dir/MiniOzoneClusterImpl-5cc78717-de86-4374-8821-2b604027a93e/datanode-2/data/ratis/03c41640-69dc-408d-aaac-2f0313a0df11 does not exist. Creating ...
2022-01-13 07:01:46,784 [pool-173-thread-1] INFO  storage.RaftStorageDirectory (RaftStorageDirectoryImpl.java:tryLock(230)) - Lock on /home/runner/work/ozone/ozone/hadoop-ozone/integration-test/target/test-dir/MiniOzoneClusterImpl-5cc78717-de86-4374-8821-2b604027a93e/datanode-2/data/ratis/03c41640-69dc-408d-aaac-2f0313a0df11/in_use.lock acquired by nodename 17775@fv-az184-560
2022-01-13 07:01:46,787 [pool-173-thread-1] INFO  storage.RaftStorage (RaftStorageImpl.java:format(89)) - Storage directory /home/runner/work/ozone/ozone/hadoop-ozone/integration-test/target/test-dir/MiniOzoneClusterImpl-5cc78717-de86-4374-8821-2b604027a93e/datanode-2/data/ratis/03c41640-69dc-408d-aaac-2f0313a0df11 has been successfully formatted.
2022-01-13 07:01:46,787 [pool-173-thread-1] INFO  ratis.ContainerStateMachine (ContainerStateMachine.java:loadSnapshot(231)) - group-2F0313A0DF11: The snapshot info is null. Setting the last applied indexto:(t:0, i:~)
2022-01-13 07:01:46,787 [pool-173-thread-1] INFO  server.RaftServerConfigKeys (ConfUtils.java:logGet(44)) - raft.server.notification.no-leader.timeout = 300s (custom)
2022-01-13 07:01:46,787 [pool-173-thread-1] INFO  server.RaftServerConfigKeys (ConfUtils.java:logGet(44)) - raft.server.log.use.memory = false (default)
2022-01-13 07:01:46,787 [pool-173-thread-1] INFO  server.RaftServerConfigKeys (ConfUtils.java:logGet(44)) - raft.server.log.purge.gap = 1000000 (custom)
2022-01-13 07:01:46,787 [pool-173-thread-1] INFO  server.RaftServerConfigKeys (ConfUtils.java:logGet(44)) - raft.server.log.appender.buffer.byte-limit = 33554432 (custom)
2022-01-13 07:01:46,788 [pool-173-thread-1] INFO  server.RaftServerConfigKeys (ConfUtils.java:logGet(44)) - raft.server.log.segment.size.max = 1048576 (custom)
2022-01-13 07:01:46,788 [pool-173-thread-1] INFO  server.RaftServerConfigKeys (ConfUtils.java:logGet(44)) - raft.server.log.segment.cache.num.max = 2 (custom)
2022-01-13 07:01:46,788 [pool-173-thread-1] INFO  server.RaftServerConfigKeys (ConfUtils.java:logGet(44)) - raft.server.log.segment.cache.size.max = 200MB (=209715200) (default)
2022-01-13 07:01:46,788 [pool-173-thread-1] INFO  segmented.SegmentedRaftLogWorker (SegmentedRaftLogWorker.java:<init>(182)) - new b200734c-4eb0-41ea-b507-ea370eae09c2@group-2F0313A0DF11-SegmentedRaftLogWorker for RaftStorageImpl:Storage Directory /home/runner/work/ozone/ozone/hadoop-ozone/integration-test/target/test-dir/MiniOzoneClusterImpl-5cc78717-de86-4374-8821-2b604027a93e/datanode-2/data/ratis/03c41640-69dc-408d-aaac-2f0313a0df11
2022-01-13 07:01:46,788 [pool-173-thread-1] INFO  server.RaftServerConfigKeys (ConfUtils.java:logGet(44)) - raft.server.log.queue.byte-limit = 2147483647 (custom)
2022-01-13 07:01:46,788 [pool-173-thread-1] INFO  server.RaftServerConfigKeys (ConfUtils.java:logGet(44)) - raft.server.log.queue.element-limit = 1024 (custom)
2022-01-13 07:01:46,788 [pool-173-thread-1] INFO  server.RaftServerConfigKeys (ConfUtils.java:logGet(44)) - raft.server.log.segment.size.max = 1048576 (custom)
2022-01-13 07:01:46,788 [pool-173-thread-1] INFO  server.RaftServerConfigKeys (ConfUtils.java:logGet(44)) - raft.server.log.preallocated.size = 16384 (custom)
2022-01-13 07:01:46,788 [pool-173-thread-1] INFO  server.RaftServerConfigKeys (ConfUtils.java:logGet(44)) - raft.server.log.force.sync.num = 128 (default)
2022-01-13 07:01:46,788 [pool-173-thread-1] INFO  server.RaftServerConfigKeys (ConfUtils.java:logGet(44)) - raft.server.log.statemachine.data.sync = true (default)
2022-01-13 07:01:46,788 [pool-173-thread-1] INFO  server.RaftServerConfigKeys (ConfUtils.java:logGet(44)) - raft.server.log.statemachine.data.sync.timeout = 10s (default)
2022-01-13 07:01:46,788 [pool-173-thread-1] INFO  server.RaftServerConfigKeys (ConfUtils.java:logGet(44)) - raft.server.log.statemachine.data.sync.timeout.retry = -1 (default)
2022-01-13 07:01:46,789 [pool-173-thread-1] INFO  server.RaftServerConfigKeys (ConfUtils.java:logGet(44)) - raft.server.log.write.buffer.size = 1048576 (custom)
2022-01-13 07:01:46,790 [pool-173-thread-1] INFO  server.RaftServerConfigKeys (ConfUtils.java:logGet(44)) - raft.server.log.statemachine.data.caching.enabled = true (custom)
2022-01-13 07:01:46,790 [pool-173-thread-1] INFO  segmented.SegmentedRaftLogWorker (SegmentedRaftLogWorker.java:lambda$new$0(133)) - b200734c-4eb0-41ea-b507-ea370eae09c2@group-2F0313A0DF11-SegmentedRaftLogWorker: flushIndex: setUnconditionally 0 -> -1
2022-01-13 07:01:46,790 [pool-173-thread-1] INFO  segmented.SegmentedRaftLogWorker (SegmentedRaftLogWorker.java:lambda$new$0(133)) - b200734c-4eb0-41ea-b507-ea370eae09c2@group-2F0313A0DF11-SegmentedRaftLogWorker: safeCacheEvictIndex: setUnconditionally 0 -> -1
2022-01-13 07:01:46,794 [pool-173-thread-1] INFO  server.RaftServerConfigKeys (ConfUtils.java:logGet(44)) - raft.server.snapshot.auto.trigger.enabled = true (custom)
2022-01-13 07:01:46,794 [pool-173-thread-1] INFO  server.RaftServerConfigKeys (ConfUtils.java:logGet(44)) - raft.server.snapshot.auto.trigger.threshold = 10000 (custom)
2022-01-13 07:01:46,794 [pool-173-thread-1] INFO  server.RaftServerConfigKeys (ConfUtils.java:logGet(44)) - raft.server.snapshot.retention.file.num = 5 (custom)
2022-01-13 07:01:46,794 [pool-173-thread-1] INFO  server.RaftServerConfigKeys (ConfUtils.java:logGet(44)) - raft.server.log.purge.upto.snapshot.index = false (default)
2022-01-13 07:01:46,800 [pool-173-thread-1] INFO  server.RaftServerConfigKeys (ConfUtils.java:logGet(44)) - raft.server.retrycache.expirytime = 600000ms (custom)
2022-01-13 07:01:46,800 [pool-173-thread-1] INFO  server.RaftServerConfigKeys (ConfUtils.java:logGet(44)) - raft.server.retrycache.statistics.expirytime = 100μs (default)
2022-01-13 07:01:46,801 [pool-173-thread-1] INFO  server.RaftServer$Division (RaftServerImpl.java:start(301)) - b200734c-4eb0-41ea-b507-ea370eae09c2@group-2F0313A0DF11: start as a follower, conf=-1: [3015db82-fb4c-400e-a95f-6cfd8e47dd90|rpc:10.1.0.23:41163|priority:1, f1e76221-b4f8-46a8-99fe-d8b881880070|rpc:10.1.0.23:34875|priority:0, b200734c-4eb0-41ea-b507-ea370eae09c2|rpc:10.1.0.23:39873|priority:0], old=null
2022-01-13 07:01:46,802 [pool-173-thread-1] INFO  server.RaftServer$Division (RaftServerImpl.java:setRole(290)) - b200734c-4eb0-41ea-b507-ea370eae09c2@group-2F0313A0DF11: changes role from      null to FOLLOWER at term 0 for startAsFollower
2022-01-13 07:01:46,797 [EventQueue-OpenPipelineForHealthyPipelineSafeModeRule] INFO  safemode.SCMSafeModeManager (HealthyPipelineSafeModeRule.java:process(124)) - SCM in safe mode. Healthy pipelines reported count is 0, required healthy pipeline reported count is 1
2022-01-13 07:01:46,802 [pool-173-thread-1] INFO  impl.RoleInfo (RoleInfo.java:updateAndGet(130)) - b200734c-4eb0-41ea-b507-ea370eae09c2: start b200734c-4eb0-41ea-b507-ea370eae09c2@group-2F0313A0DF11-FollowerState
2022-01-13 07:01:46,802 [pool-173-thread-1] INFO  util.JmxRegister (JmxRegister.java:tryRegister(44)) - Successfully registered JMX Bean with object name Ratis:service=RaftServer,group=group-2F0313A0DF11,id=b200734c-4eb0-41ea-b507-ea370eae09c2
2022-01-13 07:01:46,807 [Command processor thread] INFO  ratis.XceiverServerRatis (XceiverServerRatis.java:addGroup(768)) - Created group PipelineID=03c41640-69dc-408d-aaac-2f0313a0df11
2022-01-13 07:01:47,141 [Command processor thread] INFO  commandhandler.CreatePipelineCommandHandler (CreatePipelineCommandHandler.java:handle(106)) - Created Pipeline RATIS THREE PipelineID=03c41640-69dc-408d-aaac-2f0313a0df11.
2022-01-13 07:01:47,146 [Command processor thread] INFO  commandhandler.CreatePipelineCommandHandler (CreatePipelineCommandHandler.java:handle(106)) - Created Pipeline RATIS THREE PipelineID=03c41640-69dc-408d-aaac-2f0313a0df11.
2022-01-13 07:01:47,147 [Command processor thread] INFO  commandhandler.CreatePipelineCommandHandler (CreatePipelineCommandHandler.java:handle(106)) - Created Pipeline RATIS THREE PipelineID=03c41640-69dc-408d-aaac-2f0313a0df11.
2022-01-13 07:01:47,684 [Listener at 127.0.0.1/43165] INFO  ozone.MiniOzoneClusterImpl (MiniOzoneClusterImpl.java:lambda$waitForClusterToBeReady$0(219)) - Nodes are ready. Got 3 of 3 DN Heartbeats.
2022-01-13 07:01:47,684 [Listener at 127.0.0.1/43165] INFO  ozone.MiniOzoneClusterImpl (MiniOzoneClusterImpl.java:lambda$waitForClusterToBeReady$0(222)) - Waiting for cluster to exit safe mode
2022-01-13 07:01:47,685 [Listener at 127.0.0.1/43165] INFO  ozone.MiniOzoneClusterImpl (MiniOzoneClusterImpl.java:lambda$waitForClusterToBeReady$0(224)) - SCM became leader
2022-01-13 07:01:48,685 [Listener at 127.0.0.1/43165] INFO  ozone.MiniOzoneClusterImpl (MiniOzoneClusterImpl.java:lambda$waitForClusterToBeReady$0(219)) - Nodes are ready. Got 3 of 3 DN Heartbeats.
2022-01-13 07:01:48,685 [Listener at 127.0.0.1/43165] INFO  ozone.MiniOzoneClusterImpl (MiniOzoneClusterImpl.java:lambda$waitForClusterToBeReady$0(222)) - Waiting for cluster to exit safe mode
2022-01-13 07:01:48,685 [Listener at 127.0.0.1/43165] INFO  ozone.MiniOzoneClusterImpl (MiniOzoneClusterImpl.java:lambda$waitForClusterToBeReady$0(224)) - SCM became leader
2022-01-13 07:01:49,686 [Listener at 127.0.0.1/43165] INFO  ozone.MiniOzoneClusterImpl (MiniOzoneClusterImpl.java:lambda$waitForClusterToBeReady$0(219)) - Nodes are ready. Got 3 of 3 DN Heartbeats.
2022-01-13 07:01:49,686 [Listener at 127.0.0.1/43165] INFO  ozone.MiniOzoneClusterImpl (MiniOzoneClusterImpl.java:lambda$waitForClusterToBeReady$0(222)) - Waiting for cluster to exit safe mode
2022-01-13 07:01:49,686 [Listener at 127.0.0.1/43165] INFO  ozone.MiniOzoneClusterImpl (MiniOzoneClusterImpl.java:lambda$waitForClusterToBeReady$0(224)) - SCM became leader
2022-01-13 07:01:50,686 [Listener at 127.0.0.1/43165] INFO  ozone.MiniOzoneClusterImpl (MiniOzoneClusterImpl.java:lambda$waitForClusterToBeReady$0(219)) - Nodes are ready. Got 3 of 3 DN Heartbeats.
2022-01-13 07:01:50,687 [Listener at 127.0.0.1/43165] INFO  ozone.MiniOzoneClusterImpl (MiniOzoneClusterImpl.java:lambda$waitForClusterToBeReady$0(222)) - Waiting for cluster to exit safe mode
2022-01-13 07:01:50,687 [Listener at 127.0.0.1/43165] INFO  ozone.MiniOzoneClusterImpl (MiniOzoneClusterImpl.java:lambda$waitForClusterToBeReady$0(224)) - SCM became leader
2022-01-13 07:01:51,181 [f1e76221-b4f8-46a8-99fe-d8b881880070@group-593832C4EFE8-FollowerState] INFO  impl.FollowerState (FollowerState.java:run(134)) - f1e76221-b4f8-46a8-99fe-d8b881880070@group-593832C4EFE8-FollowerState: change to CANDIDATE, lastRpcElapsedTime:5065397828ns, electionTimeout:5058ms
2022-01-13 07:01:51,181 [f1e76221-b4f8-46a8-99fe-d8b881880070@group-593832C4EFE8-FollowerState] INFO  impl.RoleInfo (RoleInfo.java:shutdownFollowerState(108)) - f1e76221-b4f8-46a8-99fe-d8b881880070: shutdown f1e76221-b4f8-46a8-99fe-d8b881880070@group-593832C4EFE8-FollowerState
2022-01-13 07:01:51,182 [f1e76221-b4f8-46a8-99fe-d8b881880070@group-593832C4EFE8-FollowerState] INFO  server.RaftServer$Division (RaftServerImpl.java:setRole(290)) - f1e76221-b4f8-46a8-99fe-d8b881880070@group-593832C4EFE8: changes role from  FOLLOWER to CANDIDATE at term 0 for changeToCandidate
2022-01-13 07:01:51,182 [f1e76221-b4f8-46a8-99fe-d8b881880070@group-593832C4EFE8-FollowerState] INFO  server.RaftServerConfigKeys (ConfUtils.java:logGet(44)) - raft.server.leaderelection.pre-vote = false (custom)
2022-01-13 07:01:51,183 [f1e76221-b4f8-46a8-99fe-d8b881880070@group-593832C4EFE8-FollowerState] INFO  impl.RoleInfo (RoleInfo.java:updateAndGet(130)) - f1e76221-b4f8-46a8-99fe-d8b881880070: start f1e76221-b4f8-46a8-99fe-d8b881880070@group-593832C4EFE8-LeaderElection7
2022-01-13 07:01:51,191 [f1e76221-b4f8-46a8-99fe-d8b881880070@group-593832C4EFE8-LeaderElection7] INFO  impl.LeaderElection (LeaderElection.java:askForVotes(306)) - f1e76221-b4f8-46a8-99fe-d8b881880070@group-593832C4EFE8-LeaderElection7 ELECTION round 0: submit vote requests at term 1 for -1: [f1e76221-b4f8-46a8-99fe-d8b881880070|rpc:10.1.0.23:34875|priority:1], old=null
2022-01-13 07:01:51,191 [f1e76221-b4f8-46a8-99fe-d8b881880070@group-593832C4EFE8-LeaderElection7] INFO  impl.LeaderElection (LeaderElection.java:askForVotes(308)) - f1e76221-b4f8-46a8-99fe-d8b881880070@group-593832C4EFE8-LeaderElection7 ELECTION round 0: result PASSED (term=1)
2022-01-13 07:01:51,191 [f1e76221-b4f8-46a8-99fe-d8b881880070@group-593832C4EFE8-LeaderElection7] INFO  impl.RoleInfo (RoleInfo.java:shutdownLeaderElection(121)) - f1e76221-b4f8-46a8-99fe-d8b881880070: shutdown f1e76221-b4f8-46a8-99fe-d8b881880070@group-593832C4EFE8-LeaderElection7
2022-01-13 07:01:51,191 [f1e76221-b4f8-46a8-99fe-d8b881880070@group-593832C4EFE8-LeaderElection7] INFO  server.RaftServer$Division (RaftServerImpl.java:setRole(290)) - f1e76221-b4f8-46a8-99fe-d8b881880070@group-593832C4EFE8: changes role from CANDIDATE to LEADER at term 1 for changeToLeader
2022-01-13 07:01:51,191 [f1e76221-b4f8-46a8-99fe-d8b881880070@group-593832C4EFE8-LeaderElection7] INFO  ratis.XceiverServerRatis (XceiverServerRatis.java:handleLeaderChangedNotification(866)) - Leader change notification received for group: group-593832C4EFE8 with new leaderId: f1e76221-b4f8-46a8-99fe-d8b881880070
2022-01-13 07:01:51,193 [EventQueue-OpenPipelineForHealthyPipelineSafeModeRule] INFO  safemode.SCMSafeModeManager (HealthyPipelineSafeModeRule.java:process(124)) - SCM in safe mode. Healthy pipelines reported count is 0, required healthy pipeline reported count is 1
2022-01-13 07:01:51,194 [f1e76221-b4f8-46a8-99fe-d8b881880070@group-593832C4EFE8-LeaderElection7] INFO  server.RaftServer$Division (ServerState.java:setLeader(285)) - f1e76221-b4f8-46a8-99fe-d8b881880070@group-593832C4EFE8: change Leader from null to f1e76221-b4f8-46a8-99fe-d8b881880070 at term 1 for becomeLeader, leader elected after 5109ms
2022-01-13 07:01:51,194 [f1e76221-b4f8-46a8-99fe-d8b881880070@group-593832C4EFE8-LeaderElection7] INFO  server.RaftServerConfigKeys (ConfUtils.java:logGet(44)) - raft.server.staging.catchup.gap = 1000 (default)
2022-01-13 07:01:51,194 [f1e76221-b4f8-46a8-99fe-d8b881880070@group-593832C4EFE8-LeaderElection7] INFO  server.RaftServerConfigKeys (ConfUtils.java:logGet(44)) - raft.server.write.element-limit = 1024 (custom)
2022-01-13 07:01:51,195 [f1e76221-b4f8-46a8-99fe-d8b881880070@group-593832C4EFE8-LeaderElection7] INFO  server.RaftServerConfigKeys (ConfUtils.java:logGet(44)) - raft.server.write.byte-limit = 1024 M (=1073741824) (custom)
2022-01-13 07:01:51,202 [f1e76221-b4f8-46a8-99fe-d8b881880070@group-593832C4EFE8-LeaderElection7] INFO  server.RaftServerConfigKeys (ConfUtils.java:logGet(44)) - raft.server.watch.timeout = 180s (custom)
2022-01-13 07:01:51,202 [f1e76221-b4f8-46a8-99fe-d8b881880070@group-593832C4EFE8-LeaderElection7] INFO  server.RaftServerConfigKeys (ConfUtils.java:logGet(44)) - raft.server.watch.timeout.denomination = 1s (default)
2022-01-13 07:01:51,202 [f1e76221-b4f8-46a8-99fe-d8b881880070@group-593832C4EFE8-LeaderElection7] INFO  server.RaftServerConfigKeys (ConfUtils.java:logGet(44)) - raft.server.watch.element-limit = 65536 (default)
2022-01-13 07:01:51,202 [f1e76221-b4f8-46a8-99fe-d8b881880070@group-593832C4EFE8-LeaderElection7] INFO  server.RaftServerConfigKeys (ConfUtils.java:logGet(44)) - raft.server.write.element-limit = 1024 (custom)
2022-01-13 07:01:51,202 [f1e76221-b4f8-46a8-99fe-d8b881880070@group-593832C4EFE8-LeaderElection7] INFO  server.RaftServerConfigKeys (ConfUtils.java:logGet(44)) - raft.server.write.follower.gap.ratio.max = -1.0 (default)
2022-01-13 07:01:51,202 [f1e76221-b4f8-46a8-99fe-d8b881880070@group-593832C4EFE8-LeaderElection7] INFO  impl.RoleInfo (RoleInfo.java:updateAndGet(130)) - f1e76221-b4f8-46a8-99fe-d8b881880070: start f1e76221-b4f8-46a8-99fe-d8b881880070@group-593832C4EFE8-LeaderStateImpl
2022-01-13 07:01:51,203 [f1e76221-b4f8-46a8-99fe-d8b881880070@group-593832C4EFE8-LeaderElection7] INFO  segmented.SegmentedRaftLogWorker (SegmentedRaftLogWorker.java:startLogSegment(394)) - f1e76221-b4f8-46a8-99fe-d8b881880070@group-593832C4EFE8-SegmentedRaftLogWorker: Starting segment from index:0
2022-01-13 07:01:51,205 [f1e76221-b4f8-46a8-99fe-d8b881880070@group-593832C4EFE8-SegmentedRaftLogWorker] INFO  segmented.SegmentedRaftLogWorker (SegmentedRaftLogWorker.java:execute(601)) - f1e76221-b4f8-46a8-99fe-d8b881880070@group-593832C4EFE8-SegmentedRaftLogWorker: created new log segment /home/runner/work/ozone/ozone/hadoop-ozone/integration-test/target/test-dir/MiniOzoneClusterImpl-5cc78717-de86-4374-8821-2b604027a93e/datanode-0/data/ratis/707a49ec-a09b-4c92-8483-593832c4efe8/current/log_inprogress_0
2022-01-13 07:01:51,209 [f1e76221-b4f8-46a8-99fe-d8b881880070@group-593832C4EFE8-LeaderElection7] INFO  server.RaftServer$Division (ServerState.java:setRaftConf(387)) - f1e76221-b4f8-46a8-99fe-d8b881880070@group-593832C4EFE8: set configuration 0: [f1e76221-b4f8-46a8-99fe-d8b881880070|rpc:10.1.0.23:34875|dataStream:|priority:1], old=null
2022-01-13 07:01:51,264 [f1e76221-b4f8-46a8-99fe-d8b881880070@group-2F0313A0DF11-FollowerState] INFO  impl.FollowerState (FollowerState.java:run(134)) - f1e76221-b4f8-46a8-99fe-d8b881880070@group-2F0313A0DF11-FollowerState: change to CANDIDATE, lastRpcElapsedTime:5103511986ns, electionTimeout:5093ms
2022-01-13 07:01:51,265 [f1e76221-b4f8-46a8-99fe-d8b881880070@group-2F0313A0DF11-FollowerState] INFO  impl.RoleInfo (RoleInfo.java:shutdownFollowerState(108)) - f1e76221-b4f8-46a8-99fe-d8b881880070: shutdown f1e76221-b4f8-46a8-99fe-d8b881880070@group-2F0313A0DF11-FollowerState
2022-01-13 07:01:51,265 [f1e76221-b4f8-46a8-99fe-d8b881880070@group-2F0313A0DF11-FollowerState] INFO  server.RaftServer$Division (RaftServerImpl.java:setRole(290)) - f1e76221-b4f8-46a8-99fe-d8b881880070@group-2F0313A0DF11: changes role from  FOLLOWER to CANDIDATE at term 0 for changeToCandidate
2022-01-13 07:01:51,265 [f1e76221-b4f8-46a8-99fe-d8b881880070@group-2F0313A0DF11-FollowerState] INFO  server.RaftServerConfigKeys (ConfUtils.java:logGet(44)) - raft.server.leaderelection.pre-vote = false (custom)
2022-01-13 07:01:51,265 [f1e76221-b4f8-46a8-99fe-d8b881880070@group-2F0313A0DF11-FollowerState] INFO  impl.RoleInfo (RoleInfo.java:updateAndGet(130)) - f1e76221-b4f8-46a8-99fe-d8b881880070: start f1e76221-b4f8-46a8-99fe-d8b881880070@group-2F0313A0DF11-LeaderElection8
2022-01-13 07:01:51,278 [f1e76221-b4f8-46a8-99fe-d8b881880070@group-2F0313A0DF11-LeaderElection8] INFO  impl.LeaderElection (LeaderElection.java:askForVotes(306)) - f1e76221-b4f8-46a8-99fe-d8b881880070@group-2F0313A0DF11-LeaderElection8 ELECTION round 0: submit vote requests at term 1 for -1: [3015db82-fb4c-400e-a95f-6cfd8e47dd90|rpc:10.1.0.23:41163|priority:1, f1e76221-b4f8-46a8-99fe-d8b881880070|rpc:10.1.0.23:34875|priority:0, b200734c-4eb0-41ea-b507-ea370eae09c2|rpc:10.1.0.23:39873|priority:0], old=null
2022-01-13 07:01:51,300 [grpc-default-executor-0] INFO  server.RaftServer$Division (RaftServerImpl.java:requestVote(1046)) - b200734c-4eb0-41ea-b507-ea370eae09c2@group-2F0313A0DF11: receive requestVote(ELECTION, f1e76221-b4f8-46a8-99fe-d8b881880070, group-2F0313A0DF11, 1, (t:0, i:0))
2022-01-13 07:01:51,301 [grpc-default-executor-0] INFO  impl.VoteContext (VoteContext.java:log(48)) - b200734c-4eb0-41ea-b507-ea370eae09c2@group-2F0313A0DF11-FOLLOWER: accept ELECTION from f1e76221-b4f8-46a8-99fe-d8b881880070: our priority 0 <= candidate's priority 0
2022-01-13 07:01:51,302 [grpc-default-executor-0] INFO  server.RaftServer$Division (RaftServerImpl.java:setRole(290)) - b200734c-4eb0-41ea-b507-ea370eae09c2@group-2F0313A0DF11: changes role from  FOLLOWER to FOLLOWER at term 1 for candidate:f1e76221-b4f8-46a8-99fe-d8b881880070
2022-01-13 07:01:51,302 [grpc-default-executor-0] INFO  impl.RoleInfo (RoleInfo.java:shutdownFollowerState(108)) - b200734c-4eb0-41ea-b507-ea370eae09c2: shutdown b200734c-4eb0-41ea-b507-ea370eae09c2@group-2F0313A0DF11-FollowerState
2022-01-13 07:01:51,303 [grpc-default-executor-0] INFO  impl.RoleInfo (RoleInfo.java:updateAndGet(130)) - b200734c-4eb0-41ea-b507-ea370eae09c2: start b200734c-4eb0-41ea-b507-ea370eae09c2@group-2F0313A0DF11-FollowerState
2022-01-13 07:01:51,310 [b200734c-4eb0-41ea-b507-ea370eae09c2@group-2F0313A0DF11-FollowerState] INFO  impl.FollowerState (FollowerState.java:run(143)) - b200734c-4eb0-41ea-b507-ea370eae09c2@group-2F0313A0DF11-FollowerState was interrupted: {}
java.lang.InterruptedException: sleep interrupted
	at java.lang.Thread.sleep(Native Method)
	at java.lang.Thread.sleep(Thread.java:340)
	at java.util.concurrent.TimeUnit.sleep(TimeUnit.java:386)
	at org.apache.ratis.util.TimeDuration.sleep(TimeDuration.java:324)
	at org.apache.ratis.util.TimeDuration.sleep(TimeDuration.java:309)
	at org.apache.ratis.server.impl.FollowerState.run(FollowerState.java:118)
2022-01-13 07:01:51,310 [grpc-default-executor-1] INFO  server.RaftServer$Division (RaftServerImpl.java:requestVote(1046)) - 3015db82-fb4c-400e-a95f-6cfd8e47dd90@group-2F0313A0DF11: receive requestVote(ELECTION, f1e76221-b4f8-46a8-99fe-d8b881880070, group-2F0313A0DF11, 1, (t:0, i:0))
2022-01-13 07:01:51,311 [grpc-default-executor-1] INFO  impl.VoteContext (VoteContext.java:log(48)) - 3015db82-fb4c-400e-a95f-6cfd8e47dd90@group-2F0313A0DF11-FOLLOWER: reject ELECTION from f1e76221-b4f8-46a8-99fe-d8b881880070: our priority 1 > candidate's priority 0
2022-01-13 07:01:51,315 [grpc-default-executor-1] INFO  server.RaftServer$Division (RaftServerImpl.java:setRole(290)) - 3015db82-fb4c-400e-a95f-6cfd8e47dd90@group-2F0313A0DF11: changes role from  FOLLOWER to FOLLOWER at term 1 for candidate:f1e76221-b4f8-46a8-99fe-d8b881880070
2022-01-13 07:01:51,315 [grpc-default-executor-1] INFO  impl.RoleInfo (RoleInfo.java:shutdownFollowerState(108)) - 3015db82-fb4c-400e-a95f-6cfd8e47dd90: shutdown 3015db82-fb4c-400e-a95f-6cfd8e47dd90@group-2F0313A0DF11-FollowerState
2022-01-13 07:01:51,315 [grpc-default-executor-1] INFO  impl.RoleInfo (RoleInfo.java:updateAndGet(130)) - 3015db82-fb4c-400e-a95f-6cfd8e47dd90: start 3015db82-fb4c-400e-a95f-6cfd8e47dd90@group-2F0313A0DF11-FollowerState
2022-01-13 07:01:51,315 [3015db82-fb4c-400e-a95f-6cfd8e47dd90@group-2F0313A0DF11-FollowerState] INFO  impl.FollowerState (FollowerState.java:run(143)) - 3015db82-fb4c-400e-a95f-6cfd8e47dd90@group-2F0313A0DF11-FollowerState was interrupted: {}
java.lang.InterruptedException: sleep interrupted
	at java.lang.Thread.sleep(Native Method)
	at java.lang.Thread.sleep(Thread.java:340)
	at java.util.concurrent.TimeUnit.sleep(TimeUnit.java:386)
	at org.apache.ratis.util.TimeDuration.sleep(TimeDuration.java:324)
	at org.apache.ratis.util.TimeDuration.sleep(TimeDuration.java:309)
	at org.apache.ratis.server.impl.FollowerState.run(FollowerState.java:118)
2022-01-13 07:01:51,325 [grpc-default-executor-1] INFO  server.RaftServer$Division (RaftServerImpl.java:requestVote(1078)) - 3015db82-fb4c-400e-a95f-6cfd8e47dd90@group-2F0313A0DF11 replies to ELECTION vote request: f1e76221-b4f8-46a8-99fe-d8b881880070<-3015db82-fb4c-400e-a95f-6cfd8e47dd90#0:FAIL-t1. Peer's state: 3015db82-fb4c-400e-a95f-6cfd8e47dd90@group-2F0313A0DF11:t1, leader=null, voted=null, raftlog=3015db82-fb4c-400e-a95f-6cfd8e47dd90@group-2F0313A0DF11-SegmentedRaftLog:OPENED:c-1, conf=-1: [3015db82-fb4c-400e-a95f-6cfd8e47dd90|rpc:10.1.0.23:41163|priority:1, f1e76221-b4f8-46a8-99fe-d8b881880070|rpc:10.1.0.23:34875|priority:0, b200734c-4eb0-41ea-b507-ea370eae09c2|rpc:10.1.0.23:39873|priority:0], old=null
2022-01-13 07:01:51,330 [f1e76221-b4f8-46a8-99fe-d8b881880070@group-2F0313A0DF11-LeaderElection8] INFO  impl.LeaderElection (LeaderElection.java:logAndReturn(89)) - f1e76221-b4f8-46a8-99fe-d8b881880070@group-2F0313A0DF11-LeaderElection8: ELECTION REJECTED received 1 response(s) and 0 exception(s):
2022-01-13 07:01:51,330 [f1e76221-b4f8-46a8-99fe-d8b881880070@group-2F0313A0DF11-LeaderElection8] INFO  impl.LeaderElection (LeaderElection.java:logAndReturn(93)) -   Response 0: f1e76221-b4f8-46a8-99fe-d8b881880070<-3015db82-fb4c-400e-a95f-6cfd8e47dd90#0:FAIL-t1
2022-01-13 07:01:51,330 [f1e76221-b4f8-46a8-99fe-d8b881880070@group-2F0313A0DF11-LeaderElection8] INFO  impl.LeaderElection (LeaderElection.java:askForVotes(308)) - f1e76221-b4f8-46a8-99fe-d8b881880070@group-2F0313A0DF11-LeaderElection8 ELECTION round 0: result REJECTED
2022-01-13 07:01:51,330 [f1e76221-b4f8-46a8-99fe-d8b881880070@group-2F0313A0DF11-LeaderElection8] INFO  server.RaftServer$Division (RaftServerImpl.java:setRole(290)) - f1e76221-b4f8-46a8-99fe-d8b881880070@group-2F0313A0DF11: changes role from CANDIDATE to FOLLOWER at term 1 for REJECTED
2022-01-13 07:01:51,330 [f1e76221-b4f8-46a8-99fe-d8b881880070@group-2F0313A0DF11-LeaderElection8] INFO  impl.RoleInfo (RoleInfo.java:shutdownLeaderElection(121)) - f1e76221-b4f8-46a8-99fe-d8b881880070: shutdown f1e76221-b4f8-46a8-99fe-d8b881880070@group-2F0313A0DF11-LeaderElection8
2022-01-13 07:01:51,330 [f1e76221-b4f8-46a8-99fe-d8b881880070@group-2F0313A0DF11-LeaderElection8] INFO  impl.RoleInfo (RoleInfo.java:updateAndGet(130)) - f1e76221-b4f8-46a8-99fe-d8b881880070: start f1e76221-b4f8-46a8-99fe-d8b881880070@group-2F0313A0DF11-FollowerState
2022-01-13 07:01:51,336 [grpc-default-executor-0] INFO  server.RaftServer$Division (RaftServerImpl.java:requestVote(1078)) - b200734c-4eb0-41ea-b507-ea370eae09c2@group-2F0313A0DF11 replies to ELECTION vote request: f1e76221-b4f8-46a8-99fe-d8b881880070<-b200734c-4eb0-41ea-b507-ea370eae09c2#0:OK-t1. Peer's state: b200734c-4eb0-41ea-b507-ea370eae09c2@group-2F0313A0DF11:t1, leader=null, voted=f1e76221-b4f8-46a8-99fe-d8b881880070, raftlog=b200734c-4eb0-41ea-b507-ea370eae09c2@group-2F0313A0DF11-SegmentedRaftLog:OPENED:c-1, conf=-1: [3015db82-fb4c-400e-a95f-6cfd8e47dd90|rpc:10.1.0.23:41163|priority:1, f1e76221-b4f8-46a8-99fe-d8b881880070|rpc:10.1.0.23:34875|priority:0, b200734c-4eb0-41ea-b507-ea370eae09c2|rpc:10.1.0.23:39873|priority:0], old=null
2022-01-13 07:01:51,515 [3015db82-fb4c-400e-a95f-6cfd8e47dd90@group-A314E92BF1E7-FollowerState] INFO  impl.FollowerState (FollowerState.java:run(134)) - 3015db82-fb4c-400e-a95f-6cfd8e47dd90@group-A314E92BF1E7-FollowerState: change to CANDIDATE, lastRpcElapsedTime:5043220840ns, electionTimeout:5038ms
2022-01-13 07:01:51,516 [3015db82-fb4c-400e-a95f-6cfd8e47dd90@group-A314E92BF1E7-FollowerState] INFO  impl.RoleInfo (RoleInfo.java:shutdownFollowerState(108)) - 3015db82-fb4c-400e-a95f-6cfd8e47dd90: shutdown 3015db82-fb4c-400e-a95f-6cfd8e47dd90@group-A314E92BF1E7-FollowerState
2022-01-13 07:01:51,516 [3015db82-fb4c-400e-a95f-6cfd8e47dd90@group-A314E92BF1E7-FollowerState] INFO  server.RaftServer$Division (RaftServerImpl.java:setRole(290)) - 3015db82-fb4c-400e-a95f-6cfd8e47dd90@group-A314E92BF1E7: changes role from  FOLLOWER to CANDIDATE at term 0 for changeToCandidate
2022-01-13 07:01:51,517 [3015db82-fb4c-400e-a95f-6cfd8e47dd90@group-A314E92BF1E7-FollowerState] INFO  server.RaftServerConfigKeys (ConfUtils.java:logGet(44)) - raft.server.leaderelection.pre-vote = false (custom)
2022-01-13 07:01:51,517 [3015db82-fb4c-400e-a95f-6cfd8e47dd90@group-A314E92BF1E7-FollowerState] INFO  impl.RoleInfo (RoleInfo.java:updateAndGet(130)) - 3015db82-fb4c-400e-a95f-6cfd8e47dd90: start 3015db82-fb4c-400e-a95f-6cfd8e47dd90@group-A314E92BF1E7-LeaderElection9
2022-01-13 07:01:51,528 [3015db82-fb4c-400e-a95f-6cfd8e47dd90@group-A314E92BF1E7-LeaderElection9] INFO  impl.LeaderElection (LeaderElection.java:askForVotes(306)) - 3015db82-fb4c-400e-a95f-6cfd8e47dd90@group-A314E92BF1E7-LeaderElection9 ELECTION round 0: submit vote requests at term 1 for -1: [3015db82-fb4c-400e-a95f-6cfd8e47dd90|rpc:10.1.0.23:41163|priority:1], old=null
2022-01-13 07:01:51,529 [3015db82-fb4c-400e-a95f-6cfd8e47dd90@group-A314E92BF1E7-LeaderElection9] INFO  impl.LeaderElection (LeaderElection.java:askForVotes(308)) - 3015db82-fb4c-400e-a95f-6cfd8e47dd90@group-A314E92BF1E7-LeaderElection9 ELECTION round 0: result PASSED (term=1)
2022-01-13 07:01:51,529 [3015db82-fb4c-400e-a95f-6cfd8e47dd90@group-A314E92BF1E7-LeaderElection9] INFO  impl.RoleInfo (RoleInfo.java:shutdownLeaderElection(121)) - 3015db82-fb4c-400e-a95f-6cfd8e47dd90: shutdown 3015db82-fb4c-400e-a95f-6cfd8e47dd90@group-A314E92BF1E7-LeaderElection9
2022-01-13 07:01:51,529 [3015db82-fb4c-400e-a95f-6cfd8e47dd90@group-A314E92BF1E7-LeaderElection9] INFO  server.RaftServer$Division (RaftServerImpl.java:setRole(290)) - 3015db82-fb4c-400e-a95f-6cfd8e47dd90@group-A314E92BF1E7: changes role from CANDIDATE to LEADER at term 1 for changeToLeader
2022-01-13 07:01:51,529 [3015db82-fb4c-400e-a95f-6cfd8e47dd90@group-A314E92BF1E7-LeaderElection9] INFO  ratis.XceiverServerRatis (XceiverServerRatis.java:handleLeaderChangedNotification(866)) - Leader change notification received for group: group-A314E92BF1E7 with new leaderId: 3015db82-fb4c-400e-a95f-6cfd8e47dd90
2022-01-13 07:01:51,529 [3015db82-fb4c-400e-a95f-6cfd8e47dd90@group-A314E92BF1E7-LeaderElection9] INFO  server.RaftServer$Division (ServerState.java:setLeader(285)) - 3015db82-fb4c-400e-a95f-6cfd8e47dd90@group-A314E92BF1E7: change Leader from null to 3015db82-fb4c-400e-a95f-6cfd8e47dd90 at term 1 for becomeLeader, leader elected after 5107ms
2022-01-13 07:01:51,530 [3015db82-fb4c-400e-a95f-6cfd8e47dd90@group-A314E92BF1E7-LeaderElection9] INFO  server.RaftServerConfigKeys (ConfUtils.java:logGet(44)) - raft.server.staging.catchup.gap = 1000 (default)
2022-01-13 07:01:51,530 [3015db82-fb4c-400e-a95f-6cfd8e47dd90@group-A314E92BF1E7-LeaderElection9] INFO  server.RaftServerConfigKeys (ConfUtils.java:logGet(44)) - raft.server.write.element-limit = 1024 (custom)
2022-01-13 07:01:51,530 [3015db82-fb4c-400e-a95f-6cfd8e47dd90@group-A314E92BF1E7-LeaderElection9] INFO  server.RaftServerConfigKeys (ConfUtils.java:logGet(44)) - raft.server.write.byte-limit = 1024 M (=1073741824) (custom)
2022-01-13 07:01:51,531 [EventQueue-OpenPipelineForHealthyPipelineSafeModeRule] INFO  safemode.SCMSafeModeManager (HealthyPipelineSafeModeRule.java:process(124)) - SCM in safe mode. Healthy pipelines reported count is 0, required healthy pipeline reported count is 1
2022-01-13 07:01:51,536 [3015db82-fb4c-400e-a95f-6cfd8e47dd90@group-A314E92BF1E7-LeaderElection9] INFO  server.RaftServerConfigKeys (ConfUtils.java:logGet(44)) - raft.server.watch.timeout = 180s (custom)
2022-01-13 07:01:51,537 [3015db82-fb4c-400e-a95f-6cfd8e47dd90@group-A314E92BF1E7-LeaderElection9] INFO  server.RaftServerConfigKeys (ConfUtils.java:logGet(44)) - raft.server.watch.timeout.denomination = 1s (default)
2022-01-13 07:01:51,537 [3015db82-fb4c-400e-a95f-6cfd8e47dd90@group-A314E92BF1E7-LeaderElection9] INFO  server.RaftServerConfigKeys (ConfUtils.java:logGet(44)) - raft.server.watch.element-limit = 65536 (default)
2022-01-13 07:01:51,537 [3015db82-fb4c-400e-a95f-6cfd8e47dd90@group-A314E92BF1E7-LeaderElection9] INFO  server.RaftServerConfigKeys (ConfUtils.java:logGet(44)) - raft.server.write.element-limit = 1024 (custom)
2022-01-13 07:01:51,537 [3015db82-fb4c-400e-a95f-6cfd8e47dd90@group-A314E92BF1E7-LeaderElection9] INFO  server.RaftServerConfigKeys (ConfUtils.java:logGet(44)) - raft.server.write.follower.gap.ratio.max = -1.0 (default)
2022-01-13 07:01:51,537 [3015db82-fb4c-400e-a95f-6cfd8e47dd90@group-A314E92BF1E7-LeaderElection9] INFO  impl.RoleInfo (RoleInfo.java:updateAndGet(130)) - 3015db82-fb4c-400e-a95f-6cfd8e47dd90: start 3015db82-fb4c-400e-a95f-6cfd8e47dd90@group-A314E92BF1E7-LeaderStateImpl
2022-01-13 07:01:51,537 [3015db82-fb4c-400e-a95f-6cfd8e47dd90@group-A314E92BF1E7-LeaderElection9] INFO  segmented.SegmentedRaftLogWorker (SegmentedRaftLogWorker.java:startLogSegment(394)) - 3015db82-fb4c-400e-a95f-6cfd8e47dd90@group-A314E92BF1E7-SegmentedRaftLogWorker: Starting segment from index:0
2022-01-13 07:01:51,544 [3015db82-fb4c-400e-a95f-6cfd8e47dd90@group-A314E92BF1E7-LeaderElection9] INFO  server.RaftServer$Division (ServerState.java:setRaftConf(387)) - 3015db82-fb4c-400e-a95f-6cfd8e47dd90@group-A314E92BF1E7: set configuration 0: [3015db82-fb4c-400e-a95f-6cfd8e47dd90|rpc:10.1.0.23:41163|dataStream:|priority:1], old=null
2022-01-13 07:01:51,545 [3015db82-fb4c-400e-a95f-6cfd8e47dd90@group-A314E92BF1E7-SegmentedRaftLogWorker] INFO  segmented.SegmentedRaftLogWorker (SegmentedRaftLogWorker.java:execute(601)) - 3015db82-fb4c-400e-a95f-6cfd8e47dd90@group-A314E92BF1E7-SegmentedRaftLogWorker: created new log segment /home/runner/work/ozone/ozone/hadoop-ozone/integration-test/target/test-dir/MiniOzoneClusterImpl-5cc78717-de86-4374-8821-2b604027a93e/datanode-1/data/ratis/0a25af4b-9129-45ba-96f7-a314e92bf1e7/current/log_inprogress_0
2022-01-13 07:01:51,687 [Listener at 127.0.0.1/43165] INFO  ozone.MiniOzoneClusterImpl (MiniOzoneClusterImpl.java:lambda$waitForClusterToBeReady$0(219)) - Nodes are ready. Got 3 of 3 DN Heartbeats.
2022-01-13 07:01:51,688 [Listener at 127.0.0.1/43165] INFO  ozone.MiniOzoneClusterImpl (MiniOzoneClusterImpl.java:lambda$waitForClusterToBeReady$0(222)) - Waiting for cluster to exit safe mode
2022-01-13 07:01:51,688 [Listener at 127.0.0.1/43165] INFO  ozone.MiniOzoneClusterImpl (MiniOzoneClusterImpl.java:lambda$waitForClusterToBeReady$0(224)) - SCM became leader
2022-01-13 07:01:51,784 [b200734c-4eb0-41ea-b507-ea370eae09c2@group-2D2D4086FD83-FollowerState] INFO  impl.FollowerState (FollowerState.java:run(134)) - b200734c-4eb0-41ea-b507-ea370eae09c2@group-2D2D4086FD83-FollowerState: change to CANDIDATE, lastRpcElapsedTime:5043545029ns, electionTimeout:5033ms
2022-01-13 07:01:51,784 [b200734c-4eb0-41ea-b507-ea370eae09c2@group-2D2D4086FD83-FollowerState] INFO  impl.RoleInfo (RoleInfo.java:shutdownFollowerState(108)) - b200734c-4eb0-41ea-b507-ea370eae09c2: shutdown b200734c-4eb0-41ea-b507-ea370eae09c2@group-2D2D4086FD83-FollowerState
2022-01-13 07:01:51,784 [b200734c-4eb0-41ea-b507-ea370eae09c2@group-2D2D4086FD83-FollowerState] INFO  server.RaftServer$Division (RaftServerImpl.java:setRole(290)) - b200734c-4eb0-41ea-b507-ea370eae09c2@group-2D2D4086FD83: changes role from  FOLLOWER to CANDIDATE at term 0 for changeToCandidate
2022-01-13 07:01:51,785 [b200734c-4eb0-41ea-b507-ea370eae09c2@group-2D2D4086FD83-FollowerState] INFO  server.RaftServerConfigKeys (ConfUtils.java:logGet(44)) - raft.server.leaderelection.pre-vote = false (custom)
2022-01-13 07:01:51,786 [b200734c-4eb0-41ea-b507-ea370eae09c2@group-2D2D4086FD83-FollowerState] INFO  impl.RoleInfo (RoleInfo.java:updateAndGet(130)) - b200734c-4eb0-41ea-b507-ea370eae09c2: start b200734c-4eb0-41ea-b507-ea370eae09c2@group-2D2D4086FD83-LeaderElection10
2022-01-13 07:01:51,800 [b200734c-4eb0-41ea-b507-ea370eae09c2@group-2D2D4086FD83-LeaderElection10] INFO  impl.LeaderElection (LeaderElection.java:askForVotes(306)) - b200734c-4eb0-41ea-b507-ea370eae09c2@group-2D2D4086FD83-LeaderElection10 ELECTION round 0: submit vote requests at term 1 for -1: [b200734c-4eb0-41ea-b507-ea370eae09c2|rpc:10.1.0.23:39873|priority:1], old=null
2022-01-13 07:01:51,800 [b200734c-4eb0-41ea-b507-ea370eae09c2@group-2D2D4086FD83-LeaderElection10] INFO  impl.LeaderElection (LeaderElection.java:askForVotes(308)) - b200734c-4eb0-41ea-b507-ea370eae09c2@group-2D2D4086FD83-LeaderElection10 ELECTION round 0: result PASSED (term=1)
2022-01-13 07:01:51,800 [b200734c-4eb0-41ea-b507-ea370eae09c2@group-2D2D4086FD83-LeaderElection10] INFO  impl.RoleInfo (RoleInfo.java:shutdownLeaderElection(121)) - b200734c-4eb0-41ea-b507-ea370eae09c2: shutdown b200734c-4eb0-41ea-b507-ea370eae09c2@group-2D2D4086FD83-LeaderElection10
2022-01-13 07:01:51,800 [b200734c-4eb0-41ea-b507-ea370eae09c2@group-2D2D4086FD83-LeaderElection10] INFO  server.RaftServer$Division (RaftServerImpl.java:setRole(290)) - b200734c-4eb0-41ea-b507-ea370eae09c2@group-2D2D4086FD83: changes role from CANDIDATE to LEADER at term 1 for changeToLeader
2022-01-13 07:01:51,800 [b200734c-4eb0-41ea-b507-ea370eae09c2@group-2D2D4086FD83-LeaderElection10] INFO  ratis.XceiverServerRatis (XceiverServerRatis.java:handleLeaderChangedNotification(866)) - Leader change notification received for group: group-2D2D4086FD83 with new leaderId: b200734c-4eb0-41ea-b507-ea370eae09c2
2022-01-13 07:01:51,803 [EventQueue-OpenPipelineForHealthyPipelineSafeModeRule] INFO  safemode.SCMSafeModeManager (HealthyPipelineSafeModeRule.java:process(124)) - SCM in safe mode. Healthy pipelines reported count is 0, required healthy pipeline reported count is 1
2022-01-13 07:01:51,803 [b200734c-4eb0-41ea-b507-ea370eae09c2@group-2D2D4086FD83-LeaderElection10] INFO  server.RaftServer$Division (ServerState.java:setLeader(285)) - b200734c-4eb0-41ea-b507-ea370eae09c2@group-2D2D4086FD83: change Leader from null to b200734c-4eb0-41ea-b507-ea370eae09c2 at term 1 for becomeLeader, leader elected after 5082ms
2022-01-13 07:01:51,804 [b200734c-4eb0-41ea-b507-ea370eae09c2@group-2D2D4086FD83-LeaderElection10] INFO  server.RaftServerConfigKeys (ConfUtils.java:logGet(44)) - raft.server.staging.catchup.gap = 1000 (default)
2022-01-13 07:01:51,804 [b200734c-4eb0-41ea-b507-ea370eae09c2@group-2D2D4086FD83-LeaderElection10] INFO  server.RaftServerConfigKeys (ConfUtils.java:logGet(44)) - raft.server.write.element-limit = 1024 (custom)
2022-01-13 07:01:51,804 [b200734c-4eb0-41ea-b507-ea370eae09c2@group-2D2D4086FD83-LeaderElection10] INFO  server.RaftServerConfigKeys (ConfUtils.java:logGet(44)) - raft.server.write.byte-limit = 1024 M (=1073741824) (custom)
2022-01-13 07:01:51,804 [b200734c-4eb0-41ea-b507-ea370eae09c2@group-2D2D4086FD83-LeaderElection10] INFO  server.RaftServerConfigKeys (ConfUtils.java:logGet(44)) - raft.server.watch.timeout = 180s (custom)
2022-01-13 07:01:51,804 [b200734c-4eb0-41ea-b507-ea370eae09c2@group-2D2D4086FD83-LeaderElection10] INFO  server.RaftServerConfigKeys (ConfUtils.java:logGet(44)) - raft.server.watch.timeout.denomination = 1s (default)
2022-01-13 07:01:51,805 [b200734c-4eb0-41ea-b507-ea370eae09c2@group-2D2D4086FD83-LeaderElection10] INFO  server.RaftServerConfigKeys (ConfUtils.java:logGet(44)) - raft.server.watch.element-limit = 65536 (default)
2022-01-13 07:01:51,805 [b200734c-4eb0-41ea-b507-ea370eae09c2@group-2D2D4086FD83-LeaderElection10] INFO  server.RaftServerConfigKeys (ConfUtils.java:logGet(44)) - raft.server.write.element-limit = 1024 (custom)
2022-01-13 07:01:51,805 [b200734c-4eb0-41ea-b507-ea370eae09c2@group-2D2D4086FD83-LeaderElection10] INFO  server.RaftServerConfigKeys (ConfUtils.java:logGet(44)) - raft.server.write.follower.gap.ratio.max = -1.0 (default)
2022-01-13 07:01:51,805 [b200734c-4eb0-41ea-b507-ea370eae09c2@group-2D2D4086FD83-LeaderElection10] INFO  impl.RoleInfo (RoleInfo.java:updateAndGet(130)) - b200734c-4eb0-41ea-b507-ea370eae09c2: start b200734c-4eb0-41ea-b507-ea370eae09c2@group-2D2D4086FD83-LeaderStateImpl
2022-01-13 07:01:51,806 [b200734c-4eb0-41ea-b507-ea370eae09c2@group-2D2D4086FD83-LeaderElection10] INFO  segmented.SegmentedRaftLogWorker (SegmentedRaftLogWorker.java:startLogSegment(394)) - b200734c-4eb0-41ea-b507-ea370eae09c2@group-2D2D4086FD83-SegmentedRaftLogWorker: Starting segment from index:0
2022-01-13 07:01:51,813 [b200734c-4eb0-41ea-b507-ea370eae09c2@group-2D2D4086FD83-LeaderElection10] INFO  server.RaftServer$Division (ServerState.java:setRaftConf(387)) - b200734c-4eb0-41ea-b507-ea370eae09c2@group-2D2D4086FD83: set configuration 0: [b200734c-4eb0-41ea-b507-ea370eae09c2|rpc:10.1.0.23:39873|dataStream:|priority:1], old=null
2022-01-13 07:01:51,813 [b200734c-4eb0-41ea-b507-ea370eae09c2@group-2D2D4086FD83-SegmentedRaftLogWorker] INFO  segmented.SegmentedRaftLogWorker (SegmentedRaftLogWorker.java:execute(601)) - b200734c-4eb0-41ea-b507-ea370eae09c2@group-2D2D4086FD83-SegmentedRaftLogWorker: created new log segment /home/runner/work/ozone/ozone/hadoop-ozone/integration-test/target/test-dir/MiniOzoneClusterImpl-5cc78717-de86-4374-8821-2b604027a93e/datanode-2/data/ratis/55d34517-5da3-466c-93b5-2d2d4086fd83/current/log_inprogress_0
2022-01-13 07:01:52,688 [Listener at 127.0.0.1/43165] INFO  ozone.MiniOzoneClusterImpl (MiniOzoneClusterImpl.java:lambda$waitForClusterToBeReady$0(219)) - Nodes are ready. Got 3 of 3 DN Heartbeats.
2022-01-13 07:01:52,688 [Listener at 127.0.0.1/43165] INFO  ozone.MiniOzoneClusterImpl (MiniOzoneClusterImpl.java:lambda$waitForClusterToBeReady$0(222)) - Waiting for cluster to exit safe mode
2022-01-13 07:01:52,688 [Listener at 127.0.0.1/43165] INFO  ozone.MiniOzoneClusterImpl (MiniOzoneClusterImpl.java:lambda$waitForClusterToBeReady$0(224)) - SCM became leader
2022-01-13 07:01:53,689 [Listener at 127.0.0.1/43165] INFO  ozone.MiniOzoneClusterImpl (MiniOzoneClusterImpl.java:lambda$waitForClusterToBeReady$0(219)) - Nodes are ready. Got 3 of 3 DN Heartbeats.
2022-01-13 07:01:53,689 [Listener at 127.0.0.1/43165] INFO  ozone.MiniOzoneClusterImpl (MiniOzoneClusterImpl.java:lambda$waitForClusterToBeReady$0(222)) - Waiting for cluster to exit safe mode
2022-01-13 07:01:53,689 [Listener at 127.0.0.1/43165] INFO  ozone.MiniOzoneClusterImpl (MiniOzoneClusterImpl.java:lambda$waitForClusterToBeReady$0(224)) - SCM became leader
2022-01-13 07:01:54,690 [Listener at 127.0.0.1/43165] INFO  ozone.MiniOzoneClusterImpl (MiniOzoneClusterImpl.java:lambda$waitForClusterToBeReady$0(219)) - Nodes are ready. Got 3 of 3 DN Heartbeats.
2022-01-13 07:01:54,690 [Listener at 127.0.0.1/43165] INFO  ozone.MiniOzoneClusterImpl (MiniOzoneClusterImpl.java:lambda$waitForClusterToBeReady$0(222)) - Waiting for cluster to exit safe mode
2022-01-13 07:01:54,690 [Listener at 127.0.0.1/43165] INFO  ozone.MiniOzoneClusterImpl (MiniOzoneClusterImpl.java:lambda$waitForClusterToBeReady$0(224)) - SCM became leader
2022-01-13 07:01:55,691 [Listener at 127.0.0.1/43165] INFO  ozone.MiniOzoneClusterImpl (MiniOzoneClusterImpl.java:lambda$waitForClusterToBeReady$0(219)) - Nodes are ready. Got 3 of 3 DN Heartbeats.
2022-01-13 07:01:55,691 [Listener at 127.0.0.1/43165] INFO  ozone.MiniOzoneClusterImpl (MiniOzoneClusterImpl.java:lambda$waitForClusterToBeReady$0(222)) - Waiting for cluster to exit safe mode
2022-01-13 07:01:55,691 [Listener at 127.0.0.1/43165] INFO  ozone.MiniOzoneClusterImpl (MiniOzoneClusterImpl.java:lambda$waitForClusterToBeReady$0(224)) - SCM became leader
2022-01-13 07:01:56,353 [f1e76221-b4f8-46a8-99fe-d8b881880070@group-2F0313A0DF11-FollowerState] INFO  impl.FollowerState (FollowerState.java:run(134)) - f1e76221-b4f8-46a8-99fe-d8b881880070@group-2F0313A0DF11-FollowerState: change to CANDIDATE, lastRpcElapsedTime:5023001332ns, electionTimeout:5015ms
2022-01-13 07:01:56,353 [f1e76221-b4f8-46a8-99fe-d8b881880070@group-2F0313A0DF11-FollowerState] INFO  impl.RoleInfo (RoleInfo.java:shutdownFollowerState(108)) - f1e76221-b4f8-46a8-99fe-d8b881880070: shutdown f1e76221-b4f8-46a8-99fe-d8b881880070@group-2F0313A0DF11-FollowerState
2022-01-13 07:01:56,353 [f1e76221-b4f8-46a8-99fe-d8b881880070@group-2F0313A0DF11-FollowerState] INFO  server.RaftServer$Division (RaftServerImpl.java:setRole(290)) - f1e76221-b4f8-46a8-99fe-d8b881880070@group-2F0313A0DF11: changes role from  FOLLOWER to CANDIDATE at term 1 for changeToCandidate
2022-01-13 07:01:56,354 [f1e76221-b4f8-46a8-99fe-d8b881880070@group-2F0313A0DF11-FollowerState] INFO  server.RaftServerConfigKeys (ConfUtils.java:logGet(44)) - raft.server.leaderelection.pre-vote = false (custom)
2022-01-13 07:01:56,354 [f1e76221-b4f8-46a8-99fe-d8b881880070@group-2F0313A0DF11-FollowerState] INFO  impl.RoleInfo (RoleInfo.java:updateAndGet(130)) - f1e76221-b4f8-46a8-99fe-d8b881880070: start f1e76221-b4f8-46a8-99fe-d8b881880070@group-2F0313A0DF11-LeaderElection11
2022-01-13 07:01:56,365 [f1e76221-b4f8-46a8-99fe-d8b881880070@group-2F0313A0DF11-LeaderElection11] INFO  impl.LeaderElection (LeaderElection.java:askForVotes(306)) - f1e76221-b4f8-46a8-99fe-d8b881880070@group-2F0313A0DF11-LeaderElection11 ELECTION round 0: submit vote requests at term 2 for -1: [3015db82-fb4c-400e-a95f-6cfd8e47dd90|rpc:10.1.0.23:41163|priority:1, f1e76221-b4f8-46a8-99fe-d8b881880070|rpc:10.1.0.23:34875|priority:0, b200734c-4eb0-41ea-b507-ea370eae09c2|rpc:10.1.0.23:39873|priority:0], old=null
2022-01-13 07:01:56,372 [grpc-default-executor-0] INFO  server.RaftServer$Division (RaftServerImpl.java:requestVote(1046)) - 3015db82-fb4c-400e-a95f-6cfd8e47dd90@group-2F0313A0DF11: receive requestVote(ELECTION, f1e76221-b4f8-46a8-99fe-d8b881880070, group-2F0313A0DF11, 2, (t:0, i:0))
2022-01-13 07:01:56,372 [grpc-default-executor-0] INFO  impl.VoteContext (VoteContext.java:log(48)) - 3015db82-fb4c-400e-a95f-6cfd8e47dd90@group-2F0313A0DF11-FOLLOWER: reject ELECTION from f1e76221-b4f8-46a8-99fe-d8b881880070: our priority 1 > candidate's priority 0
2022-01-13 07:01:56,373 [grpc-default-executor-0] INFO  server.RaftServer$Division (RaftServerImpl.java:setRole(290)) - 3015db82-fb4c-400e-a95f-6cfd8e47dd90@group-2F0313A0DF11: changes role from  FOLLOWER to FOLLOWER at term 2 for candidate:f1e76221-b4f8-46a8-99fe-d8b881880070
2022-01-13 07:01:56,373 [grpc-default-executor-0] INFO  impl.RoleInfo (RoleInfo.java:shutdownFollowerState(108)) - 3015db82-fb4c-400e-a95f-6cfd8e47dd90: shutdown 3015db82-fb4c-400e-a95f-6cfd8e47dd90@group-2F0313A0DF11-FollowerState
2022-01-13 07:01:56,373 [grpc-default-executor-0] INFO  impl.RoleInfo (RoleInfo.java:updateAndGet(130)) - 3015db82-fb4c-400e-a95f-6cfd8e47dd90: start 3015db82-fb4c-400e-a95f-6cfd8e47dd90@group-2F0313A0DF11-FollowerState
2022-01-13 07:01:56,374 [3015db82-fb4c-400e-a95f-6cfd8e47dd90@group-2F0313A0DF11-FollowerState] INFO  impl.FollowerState (FollowerState.java:run(143)) - 3015db82-fb4c-400e-a95f-6cfd8e47dd90@group-2F0313A0DF11-FollowerState was interrupted: {}
java.lang.InterruptedException: sleep interrupted
	at java.lang.Thread.sleep(Native Method)
	at java.lang.Thread.sleep(Thread.java:340)
	at java.util.concurrent.TimeUnit.sleep(TimeUnit.java:386)
	at org.apache.ratis.util.TimeDuration.sleep(TimeDuration.java:324)
	at org.apache.ratis.util.TimeDuration.sleep(TimeDuration.java:309)
	at org.apache.ratis.server.impl.FollowerState.run(FollowerState.java:118)
2022-01-13 07:01:56,376 [grpc-default-executor-0] INFO  server.RaftServer$Division (RaftServerImpl.java:requestVote(1078)) - 3015db82-fb4c-400e-a95f-6cfd8e47dd90@group-2F0313A0DF11 replies to ELECTION vote request: f1e76221-b4f8-46a8-99fe-d8b881880070<-3015db82-fb4c-400e-a95f-6cfd8e47dd90#0:FAIL-t2. Peer's state: 3015db82-fb4c-400e-a95f-6cfd8e47dd90@group-2F0313A0DF11:t2, leader=null, voted=null, raftlog=3015db82-fb4c-400e-a95f-6cfd8e47dd90@group-2F0313A0DF11-SegmentedRaftLog:OPENED:c-1, conf=-1: [3015db82-fb4c-400e-a95f-6cfd8e47dd90|rpc:10.1.0.23:41163|priority:1, f1e76221-b4f8-46a8-99fe-d8b881880070|rpc:10.1.0.23:34875|priority:0, b200734c-4eb0-41ea-b507-ea370eae09c2|rpc:10.1.0.23:39873|priority:0], old=null
2022-01-13 07:01:56,377 [grpc-default-executor-0] INFO  server.RaftServer$Division (RaftServerImpl.java:requestVote(1046)) - b200734c-4eb0-41ea-b507-ea370eae09c2@group-2F0313A0DF11: receive requestVote(ELECTION, f1e76221-b4f8-46a8-99fe-d8b881880070, group-2F0313A0DF11, 2, (t:0, i:0))
2022-01-13 07:01:56,377 [grpc-default-executor-0] INFO  impl.VoteContext (VoteContext.java:log(48)) - b200734c-4eb0-41ea-b507-ea370eae09c2@group-2F0313A0DF11-FOLLOWER: accept ELECTION from f1e76221-b4f8-46a8-99fe-d8b881880070: our priority 0 <= candidate's priority 0
2022-01-13 07:01:56,377 [grpc-default-executor-0] INFO  server.RaftServer$Division (RaftServerImpl.java:setRole(290)) - b200734c-4eb0-41ea-b507-ea370eae09c2@group-2F0313A0DF11: changes role from  FOLLOWER to FOLLOWER at term 2 for candidate:f1e76221-b4f8-46a8-99fe-d8b881880070
2022-01-13 07:01:56,377 [grpc-default-executor-0] INFO  impl.RoleInfo (RoleInfo.java:shutdownFollowerState(108)) - b200734c-4eb0-41ea-b507-ea370eae09c2: shutdown b200734c-4eb0-41ea-b507-ea370eae09c2@group-2F0313A0DF11-FollowerState
2022-01-13 07:01:56,377 [grpc-default-executor-0] INFO  impl.RoleInfo (RoleInfo.java:updateAndGet(130)) - b200734c-4eb0-41ea-b507-ea370eae09c2: start b200734c-4eb0-41ea-b507-ea370eae09c2@group-2F0313A0DF11-FollowerState
2022-01-13 07:01:56,377 [b200734c-4eb0-41ea-b507-ea370eae09c2@group-2F0313A0DF11-FollowerState] INFO  impl.FollowerState (FollowerState.java:run(143)) - b200734c-4eb0-41ea-b507-ea370eae09c2@group-2F0313A0DF11-FollowerState was interrupted: {}
java.lang.InterruptedException: sleep interrupted
	at java.lang.Thread.sleep(Native Method)
	at java.lang.Thread.sleep(Thread.java:340)
	at java.util.concurrent.TimeUnit.sleep(TimeUnit.java:386)
	at org.apache.ratis.util.TimeDuration.sleep(TimeDuration.java:324)
	at org.apache.ratis.util.TimeDuration.sleep(TimeDuration.java:309)
	at org.apache.ratis.server.impl.FollowerState.run(FollowerState.java:118)
2022-01-13 07:01:56,379 [grpc-default-executor-0] INFO  server.RaftServer$Division (RaftServerImpl.java:requestVote(1078)) - b200734c-4eb0-41ea-b507-ea370eae09c2@group-2F0313A0DF11 replies to ELECTION vote request: f1e76221-b4f8-46a8-99fe-d8b881880070<-b200734c-4eb0-41ea-b507-ea370eae09c2#0:OK-t2. Peer's state: b200734c-4eb0-41ea-b507-ea370eae09c2@group-2F0313A0DF11:t2, leader=null, voted=f1e76221-b4f8-46a8-99fe-d8b881880070, raftlog=b200734c-4eb0-41ea-b507-ea370eae09c2@group-2F0313A0DF11-SegmentedRaftLog:OPENED:c-1, conf=-1: [3015db82-fb4c-400e-a95f-6cfd8e47dd90|rpc:10.1.0.23:41163|priority:1, f1e76221-b4f8-46a8-99fe-d8b881880070|rpc:10.1.0.23:34875|priority:0, b200734c-4eb0-41ea-b507-ea370eae09c2|rpc:10.1.0.23:39873|priority:0], old=null
2022-01-13 07:01:56,387 [f1e76221-b4f8-46a8-99fe-d8b881880070@group-2F0313A0DF11-LeaderElection11] INFO  impl.LeaderElection (LeaderElection.java:logAndReturn(89)) - f1e76221-b4f8-46a8-99fe-d8b881880070@group-2F0313A0DF11-LeaderElection11: ELECTION REJECTED received 1 response(s) and 0 exception(s):
2022-01-13 07:01:56,387 [f1e76221-b4f8-46a8-99fe-d8b881880070@group-2F0313A0DF11-LeaderElection11] INFO  impl.LeaderElection (LeaderElection.java:logAndReturn(93)) -   Response 0: f1e76221-b4f8-46a8-99fe-d8b881880070<-3015db82-fb4c-400e-a95f-6cfd8e47dd90#0:FAIL-t2
2022-01-13 07:01:56,387 [f1e76221-b4f8-46a8-99fe-d8b881880070@group-2F0313A0DF11-LeaderElection11] INFO  impl.LeaderElection (LeaderElection.java:askForVotes(308)) - f1e76221-b4f8-46a8-99fe-d8b881880070@group-2F0313A0DF11-LeaderElection11 ELECTION round 0: result REJECTED
2022-01-13 07:01:56,387 [f1e76221-b4f8-46a8-99fe-d8b881880070@group-2F0313A0DF11-LeaderElection11] INFO  server.RaftServer$Division (RaftServerImpl.java:setRole(290)) - f1e76221-b4f8-46a8-99fe-d8b881880070@group-2F0313A0DF11: changes role from CANDIDATE to FOLLOWER at term 2 for REJECTED
2022-01-13 07:01:56,387 [f1e76221-b4f8-46a8-99fe-d8b881880070@group-2F0313A0DF11-LeaderElection11] INFO  impl.RoleInfo (RoleInfo.java:shutdownLeaderElection(121)) - f1e76221-b4f8-46a8-99fe-d8b881880070: shutdown f1e76221-b4f8-46a8-99fe-d8b881880070@group-2F0313A0DF11-LeaderElection11
2022-01-13 07:01:56,388 [f1e76221-b4f8-46a8-99fe-d8b881880070@group-2F0313A0DF11-LeaderElection11] INFO  impl.RoleInfo (RoleInfo.java:updateAndGet(130)) - f1e76221-b4f8-46a8-99fe-d8b881880070: start f1e76221-b4f8-46a8-99fe-d8b881880070@group-2F0313A0DF11-FollowerState
2022-01-13 07:01:56,691 [Listener at 127.0.0.1/43165] INFO  ozone.MiniOzoneClusterImpl (MiniOzoneClusterImpl.java:lambda$waitForClusterToBeReady$0(219)) - Nodes are ready. Got 3 of 3 DN Heartbeats.
2022-01-13 07:01:56,693 [Listener at 127.0.0.1/43165] INFO  ozone.MiniOzoneClusterImpl (MiniOzoneClusterImpl.java:lambda$waitForClusterToBeReady$0(222)) - Waiting for cluster to exit safe mode
2022-01-13 07:01:56,693 [Listener at 127.0.0.1/43165] INFO  ozone.MiniOzoneClusterImpl (MiniOzoneClusterImpl.java:lambda$waitForClusterToBeReady$0(224)) - SCM became leader
2022-01-13 07:01:57,694 [Listener at 127.0.0.1/43165] INFO  ozone.MiniOzoneClusterImpl (MiniOzoneClusterImpl.java:lambda$waitForClusterToBeReady$0(219)) - Nodes are ready. Got 3 of 3 DN Heartbeats.
2022-01-13 07:01:57,694 [Listener at 127.0.0.1/43165] INFO  ozone.MiniOzoneClusterImpl (MiniOzoneClusterImpl.java:lambda$waitForClusterToBeReady$0(222)) - Waiting for cluster to exit safe mode
2022-01-13 07:01:57,694 [Listener at 127.0.0.1/43165] INFO  ozone.MiniOzoneClusterImpl (MiniOzoneClusterImpl.java:lambda$waitForClusterToBeReady$0(224)) - SCM became leader
2022-01-13 07:01:58,694 [Listener at 127.0.0.1/43165] INFO  ozone.MiniOzoneClusterImpl (MiniOzoneClusterImpl.java:lambda$waitForClusterToBeReady$0(219)) - Nodes are ready. Got 3 of 3 DN Heartbeats.
2022-01-13 07:01:58,695 [Listener at 127.0.0.1/43165] INFO  ozone.MiniOzoneClusterImpl (MiniOzoneClusterImpl.java:lambda$waitForClusterToBeReady$0(222)) - Waiting for cluster to exit safe mode
2022-01-13 07:01:58,695 [Listener at 127.0.0.1/43165] INFO  ozone.MiniOzoneClusterImpl (MiniOzoneClusterImpl.java:lambda$waitForClusterToBeReady$0(224)) - SCM became leader
2022-01-13 07:01:59,695 [Listener at 127.0.0.1/43165] INFO  ozone.MiniOzoneClusterImpl (MiniOzoneClusterImpl.java:lambda$waitForClusterToBeReady$0(219)) - Nodes are ready. Got 3 of 3 DN Heartbeats.
2022-01-13 07:01:59,695 [Listener at 127.0.0.1/43165] INFO  ozone.MiniOzoneClusterImpl (MiniOzoneClusterImpl.java:lambda$waitForClusterToBeReady$0(222)) - Waiting for cluster to exit safe mode
2022-01-13 07:01:59,695 [Listener at 127.0.0.1/43165] INFO  ozone.MiniOzoneClusterImpl (MiniOzoneClusterImpl.java:lambda$waitForClusterToBeReady$0(224)) - SCM became leader
2022-01-13 07:02:00,696 [Listener at 127.0.0.1/43165] INFO  ozone.MiniOzoneClusterImpl (MiniOzoneClusterImpl.java:lambda$waitForClusterToBeReady$0(219)) - Nodes are ready. Got 3 of 3 DN Heartbeats.
2022-01-13 07:02:00,696 [Listener at 127.0.0.1/43165] INFO  ozone.MiniOzoneClusterImpl (MiniOzoneClusterImpl.java:lambda$waitForClusterToBeReady$0(222)) - Waiting for cluster to exit safe mode
2022-01-13 07:02:00,696 [Listener at 127.0.0.1/43165] INFO  ozone.MiniOzoneClusterImpl (MiniOzoneClusterImpl.java:lambda$waitForClusterToBeReady$0(224)) - SCM became leader
2022-01-13 07:02:01,437 [f1e76221-b4f8-46a8-99fe-d8b881880070@group-2F0313A0DF11-FollowerState] INFO  impl.FollowerState (FollowerState.java:run(134)) - f1e76221-b4f8-46a8-99fe-d8b881880070@group-2F0313A0DF11-FollowerState: change to CANDIDATE, lastRpcElapsedTime:5049640880ns, electionTimeout:5045ms
2022-01-13 07:02:01,437 [f1e76221-b4f8-46a8-99fe-d8b881880070@group-2F0313A0DF11-FollowerState] INFO  impl.RoleInfo (RoleInfo.java:shutdownFollowerState(108)) - f1e76221-b4f8-46a8-99fe-d8b881880070: shutdown f1e76221-b4f8-46a8-99fe-d8b881880070@group-2F0313A0DF11-FollowerState
2022-01-13 07:02:01,438 [f1e76221-b4f8-46a8-99fe-d8b881880070@group-2F0313A0DF11-FollowerState] INFO  server.RaftServer$Division (RaftServerImpl.java:setRole(290)) - f1e76221-b4f8-46a8-99fe-d8b881880070@group-2F0313A0DF11: changes role from  FOLLOWER to CANDIDATE at term 2 for changeToCandidate
2022-01-13 07:02:01,438 [f1e76221-b4f8-46a8-99fe-d8b881880070@group-2F0313A0DF11-FollowerState] INFO  server.RaftServerConfigKeys (ConfUtils.java:logGet(44)) - raft.server.leaderelection.pre-vote = false (custom)
2022-01-13 07:02:01,438 [f1e76221-b4f8-46a8-99fe-d8b881880070@group-2F0313A0DF11-FollowerState] INFO  impl.RoleInfo (RoleInfo.java:updateAndGet(130)) - f1e76221-b4f8-46a8-99fe-d8b881880070: start f1e76221-b4f8-46a8-99fe-d8b881880070@group-2F0313A0DF11-LeaderElection12
2022-01-13 07:02:01,448 [f1e76221-b4f8-46a8-99fe-d8b881880070@group-2F0313A0DF11-LeaderElection12] INFO  impl.LeaderElection (LeaderElection.java:askForVotes(306)) - f1e76221-b4f8-46a8-99fe-d8b881880070@group-2F0313A0DF11-LeaderElection12 ELECTION round 0: submit vote requests at term 3 for -1: [3015db82-fb4c-400e-a95f-6cfd8e47dd90|rpc:10.1.0.23:41163|priority:1, f1e76221-b4f8-46a8-99fe-d8b881880070|rpc:10.1.0.23:34875|priority:0, b200734c-4eb0-41ea-b507-ea370eae09c2|rpc:10.1.0.23:39873|priority:0], old=null
2022-01-13 07:02:01,455 [grpc-default-executor-0] INFO  server.RaftServer$Division (RaftServerImpl.java:requestVote(1046)) - 3015db82-fb4c-400e-a95f-6cfd8e47dd90@group-2F0313A0DF11: receive requestVote(ELECTION, f1e76221-b4f8-46a8-99fe-d8b881880070, group-2F0313A0DF11, 3, (t:0, i:0))
2022-01-13 07:02:01,455 [grpc-default-executor-0] INFO  impl.VoteContext (VoteContext.java:log(48)) - 3015db82-fb4c-400e-a95f-6cfd8e47dd90@group-2F0313A0DF11-FOLLOWER: reject ELECTION from f1e76221-b4f8-46a8-99fe-d8b881880070: our priority 1 > candidate's priority 0
2022-01-13 07:02:01,455 [grpc-default-executor-0] INFO  server.RaftServer$Division (RaftServerImpl.java:setRole(290)) - 3015db82-fb4c-400e-a95f-6cfd8e47dd90@group-2F0313A0DF11: changes role from  FOLLOWER to FOLLOWER at term 3 for candidate:f1e76221-b4f8-46a8-99fe-d8b881880070
2022-01-13 07:02:01,455 [grpc-default-executor-0] INFO  impl.RoleInfo (RoleInfo.java:shutdownFollowerState(108)) - 3015db82-fb4c-400e-a95f-6cfd8e47dd90: shutdown 3015db82-fb4c-400e-a95f-6cfd8e47dd90@group-2F0313A0DF11-FollowerState
2022-01-13 07:02:01,455 [grpc-default-executor-0] INFO  impl.RoleInfo (RoleInfo.java:updateAndGet(130)) - 3015db82-fb4c-400e-a95f-6cfd8e47dd90: start 3015db82-fb4c-400e-a95f-6cfd8e47dd90@group-2F0313A0DF11-FollowerState
2022-01-13 07:02:01,455 [3015db82-fb4c-400e-a95f-6cfd8e47dd90@group-2F0313A0DF11-FollowerState] INFO  impl.FollowerState (FollowerState.java:run(143)) - 3015db82-fb4c-400e-a95f-6cfd8e47dd90@group-2F0313A0DF11-FollowerState was interrupted: {}
java.lang.InterruptedException: sleep interrupted
	at java.lang.Thread.sleep(Native Method)
	at java.lang.Thread.sleep(Thread.java:340)
	at java.util.concurrent.TimeUnit.sleep(TimeUnit.java:386)
	at org.apache.ratis.util.TimeDuration.sleep(TimeDuration.java:324)
	at org.apache.ratis.util.TimeDuration.sleep(TimeDuration.java:309)
	at org.apache.ratis.server.impl.FollowerState.run(FollowerState.java:118)
2022-01-13 07:02:01,462 [grpc-default-executor-0] INFO  server.RaftServer$Division (RaftServerImpl.java:requestVote(1078)) - 3015db82-fb4c-400e-a95f-6cfd8e47dd90@group-2F0313A0DF11 replies to ELECTION vote request: f1e76221-b4f8-46a8-99fe-d8b881880070<-3015db82-fb4c-400e-a95f-6cfd8e47dd90#0:FAIL-t3. Peer's state: 3015db82-fb4c-400e-a95f-6cfd8e47dd90@group-2F0313A0DF11:t3, leader=null, voted=null, raftlog=3015db82-fb4c-400e-a95f-6cfd8e47dd90@group-2F0313A0DF11-SegmentedRaftLog:OPENED:c-1, conf=-1: [3015db82-fb4c-400e-a95f-6cfd8e47dd90|rpc:10.1.0.23:41163|priority:1, f1e76221-b4f8-46a8-99fe-d8b881880070|rpc:10.1.0.23:34875|priority:0, b200734c-4eb0-41ea-b507-ea370eae09c2|rpc:10.1.0.23:39873|priority:0], old=null
2022-01-13 07:02:01,466 [f1e76221-b4f8-46a8-99fe-d8b881880070@group-2F0313A0DF11-LeaderElection12] INFO  impl.LeaderElection (LeaderElection.java:logAndReturn(89)) - f1e76221-b4f8-46a8-99fe-d8b881880070@group-2F0313A0DF11-LeaderElection12: ELECTION REJECTED received 1 response(s) and 0 exception(s):
2022-01-13 07:02:01,466 [f1e76221-b4f8-46a8-99fe-d8b881880070@group-2F0313A0DF11-LeaderElection12] INFO  impl.LeaderElection (LeaderElection.java:logAndReturn(93)) -   Response 0: f1e76221-b4f8-46a8-99fe-d8b881880070<-3015db82-fb4c-400e-a95f-6cfd8e47dd90#0:FAIL-t3
2022-01-13 07:02:01,466 [f1e76221-b4f8-46a8-99fe-d8b881880070@group-2F0313A0DF11-LeaderElection12] INFO  impl.LeaderElection (LeaderElection.java:askForVotes(308)) - f1e76221-b4f8-46a8-99fe-d8b881880070@group-2F0313A0DF11-LeaderElection12 ELECTION round 0: result REJECTED
2022-01-13 07:02:01,466 [f1e76221-b4f8-46a8-99fe-d8b881880070@group-2F0313A0DF11-LeaderElection12] INFO  server.RaftServer$Division (RaftServerImpl.java:setRole(290)) - f1e76221-b4f8-46a8-99fe-d8b881880070@group-2F0313A0DF11: changes role from CANDIDATE to FOLLOWER at term 3 for REJECTED
2022-01-13 07:02:01,466 [f1e76221-b4f8-46a8-99fe-d8b881880070@group-2F0313A0DF11-LeaderElection12] INFO  impl.RoleInfo (RoleInfo.java:shutdownLeaderElection(121)) - f1e76221-b4f8-46a8-99fe-d8b881880070: shutdown f1e76221-b4f8-46a8-99fe-d8b881880070@group-2F0313A0DF11-LeaderElection12
2022-01-13 07:02:01,466 [f1e76221-b4f8-46a8-99fe-d8b881880070@group-2F0313A0DF11-LeaderElection12] INFO  impl.RoleInfo (RoleInfo.java:updateAndGet(130)) - f1e76221-b4f8-46a8-99fe-d8b881880070: start f1e76221-b4f8-46a8-99fe-d8b881880070@group-2F0313A0DF11-FollowerState
2022-01-13 07:02:01,473 [grpc-default-executor-0] INFO  server.RaftServer$Division (RaftServerImpl.java:requestVote(1046)) - b200734c-4eb0-41ea-b507-ea370eae09c2@group-2F0313A0DF11: receive requestVote(ELECTION, f1e76221-b4f8-46a8-99fe-d8b881880070, group-2F0313A0DF11, 3, (t:0, i:0))
2022-01-13 07:02:01,475 [grpc-default-executor-0] INFO  impl.VoteContext (VoteContext.java:log(48)) - b200734c-4eb0-41ea-b507-ea370eae09c2@group-2F0313A0DF11-FOLLOWER: accept ELECTION from f1e76221-b4f8-46a8-99fe-d8b881880070: our priority 0 <= candidate's priority 0
2022-01-13 07:02:01,475 [grpc-default-executor-0] INFO  server.RaftServer$Division (RaftServerImpl.java:setRole(290)) - b200734c-4eb0-41ea-b507-ea370eae09c2@group-2F0313A0DF11: changes role from  FOLLOWER to FOLLOWER at term 3 for candidate:f1e76221-b4f8-46a8-99fe-d8b881880070
2022-01-13 07:02:01,475 [grpc-default-executor-0] INFO  impl.RoleInfo (RoleInfo.java:shutdownFollowerState(108)) - b200734c-4eb0-41ea-b507-ea370eae09c2: shutdown b200734c-4eb0-41ea-b507-ea370eae09c2@group-2F0313A0DF11-FollowerState
2022-01-13 07:02:01,475 [grpc-default-executor-0] INFO  impl.RoleInfo (RoleInfo.java:updateAndGet(130)) - b200734c-4eb0-41ea-b507-ea370eae09c2: start b200734c-4eb0-41ea-b507-ea370eae09c2@group-2F0313A0DF11-FollowerState
2022-01-13 07:02:01,475 [b200734c-4eb0-41ea-b507-ea370eae09c2@group-2F0313A0DF11-FollowerState] INFO  impl.FollowerState (FollowerState.java:run(143)) - b200734c-4eb0-41ea-b507-ea370eae09c2@group-2F0313A0DF11-FollowerState was interrupted: {}
java.lang.InterruptedException: sleep interrupted
	at java.lang.Thread.sleep(Native Method)
	at java.lang.Thread.sleep(Thread.java:340)
	at java.util.concurrent.TimeUnit.sleep(TimeUnit.java:386)
	at org.apache.ratis.util.TimeDuration.sleep(TimeDuration.java:324)
	at org.apache.ratis.util.TimeDuration.sleep(TimeDuration.java:309)
	at org.apache.ratis.server.impl.FollowerState.run(FollowerState.java:118)
2022-01-13 07:02:01,483 [grpc-default-executor-0] INFO  server.RaftServer$Division (RaftServerImpl.java:requestVote(1078)) - b200734c-4eb0-41ea-b507-ea370eae09c2@group-2F0313A0DF11 replies to ELECTION vote request: f1e76221-b4f8-46a8-99fe-d8b881880070<-b200734c-4eb0-41ea-b507-ea370eae09c2#0:OK-t3. Peer's state: b200734c-4eb0-41ea-b507-ea370eae09c2@group-2F0313A0DF11:t3, leader=null, voted=f1e76221-b4f8-46a8-99fe-d8b881880070, raftlog=b200734c-4eb0-41ea-b507-ea370eae09c2@group-2F0313A0DF11-SegmentedRaftLog:OPENED:c-1, conf=-1: [3015db82-fb4c-400e-a95f-6cfd8e47dd90|rpc:10.1.0.23:41163|priority:1, f1e76221-b4f8-46a8-99fe-d8b881880070|rpc:10.1.0.23:34875|priority:0, b200734c-4eb0-41ea-b507-ea370eae09c2|rpc:10.1.0.23:39873|priority:0], old=null
2022-01-13 07:02:01,697 [Listener at 127.0.0.1/43165] INFO  ozone.MiniOzoneClusterImpl (MiniOzoneClusterImpl.java:lambda$waitForClusterToBeReady$0(219)) - Nodes are ready. Got 3 of 3 DN Heartbeats.
2022-01-13 07:02:01,697 [Listener at 127.0.0.1/43165] INFO  ozone.MiniOzoneClusterImpl (MiniOzoneClusterImpl.java:lambda$waitForClusterToBeReady$0(222)) - Waiting for cluster to exit safe mode
2022-01-13 07:02:01,697 [Listener at 127.0.0.1/43165] INFO  ozone.MiniOzoneClusterImpl (MiniOzoneClusterImpl.java:lambda$waitForClusterToBeReady$0(224)) - SCM became leader
2022-01-13 07:02:02,697 [Listener at 127.0.0.1/43165] INFO  ozone.MiniOzoneClusterImpl (MiniOzoneClusterImpl.java:lambda$waitForClusterToBeReady$0(219)) - Nodes are ready. Got 3 of 3 DN Heartbeats.
2022-01-13 07:02:02,698 [Listener at 127.0.0.1/43165] INFO  ozone.MiniOzoneClusterImpl (MiniOzoneClusterImpl.java:lambda$waitForClusterToBeReady$0(222)) - Waiting for cluster to exit safe mode
2022-01-13 07:02:02,698 [Listener at 127.0.0.1/43165] INFO  ozone.MiniOzoneClusterImpl (MiniOzoneClusterImpl.java:lambda$waitForClusterToBeReady$0(224)) - SCM became leader
2022-01-13 07:02:03,698 [Listener at 127.0.0.1/43165] INFO  ozone.MiniOzoneClusterImpl (MiniOzoneClusterImpl.java:lambda$waitForClusterToBeReady$0(219)) - Nodes are ready. Got 3 of 3 DN Heartbeats.
2022-01-13 07:02:03,698 [Listener at 127.0.0.1/43165] INFO  ozone.MiniOzoneClusterImpl (MiniOzoneClusterImpl.java:lambda$waitForClusterToBeReady$0(222)) - Waiting for cluster to exit safe mode
2022-01-13 07:02:03,698 [Listener at 127.0.0.1/43165] INFO  ozone.MiniOzoneClusterImpl (MiniOzoneClusterImpl.java:lambda$waitForClusterToBeReady$0(224)) - SCM became leader
2022-01-13 07:02:04,699 [Listener at 127.0.0.1/43165] INFO  ozone.MiniOzoneClusterImpl (MiniOzoneClusterImpl.java:lambda$waitForClusterToBeReady$0(219)) - Nodes are ready. Got 3 of 3 DN Heartbeats.
2022-01-13 07:02:04,699 [Listener at 127.0.0.1/43165] INFO  ozone.MiniOzoneClusterImpl (MiniOzoneClusterImpl.java:lambda$waitForClusterToBeReady$0(222)) - Waiting for cluster to exit safe mode
2022-01-13 07:02:04,699 [Listener at 127.0.0.1/43165] INFO  ozone.MiniOzoneClusterImpl (MiniOzoneClusterImpl.java:lambda$waitForClusterToBeReady$0(224)) - SCM became leader
2022-01-13 07:02:05,700 [Listener at 127.0.0.1/43165] INFO  ozone.MiniOzoneClusterImpl (MiniOzoneClusterImpl.java:lambda$waitForClusterToBeReady$0(219)) - Nodes are ready. Got 3 of 3 DN Heartbeats.
2022-01-13 07:02:05,700 [Listener at 127.0.0.1/43165] INFO  ozone.MiniOzoneClusterImpl (MiniOzoneClusterImpl.java:lambda$waitForClusterToBeReady$0(222)) - Waiting for cluster to exit safe mode
2022-01-13 07:02:05,700 [Listener at 127.0.0.1/43165] INFO  ozone.MiniOzoneClusterImpl (MiniOzoneClusterImpl.java:lambda$waitForClusterToBeReady$0(224)) - SCM became leader
2022-01-13 07:02:06,583 [f1e76221-b4f8-46a8-99fe-d8b881880070@group-2F0313A0DF11-FollowerState] INFO  impl.FollowerState (FollowerState.java:run(134)) - f1e76221-b4f8-46a8-99fe-d8b881880070@group-2F0313A0DF11-FollowerState: change to CANDIDATE, lastRpcElapsedTime:5117016312ns, electionTimeout:5108ms
2022-01-13 07:02:06,584 [f1e76221-b4f8-46a8-99fe-d8b881880070@group-2F0313A0DF11-FollowerState] INFO  impl.RoleInfo (RoleInfo.java:shutdownFollowerState(108)) - f1e76221-b4f8-46a8-99fe-d8b881880070: shutdown f1e76221-b4f8-46a8-99fe-d8b881880070@group-2F0313A0DF11-FollowerState
2022-01-13 07:02:06,584 [f1e76221-b4f8-46a8-99fe-d8b881880070@group-2F0313A0DF11-FollowerState] INFO  server.RaftServer$Division (RaftServerImpl.java:setRole(290)) - f1e76221-b4f8-46a8-99fe-d8b881880070@group-2F0313A0DF11: changes role from  FOLLOWER to CANDIDATE at term 3 for changeToCandidate
2022-01-13 07:02:06,584 [f1e76221-b4f8-46a8-99fe-d8b881880070@group-2F0313A0DF11-FollowerState] INFO  server.RaftServerConfigKeys (ConfUtils.java:logGet(44)) - raft.server.leaderelection.pre-vote = false (custom)
2022-01-13 07:02:06,585 [f1e76221-b4f8-46a8-99fe-d8b881880070@group-2F0313A0DF11-FollowerState] INFO  impl.RoleInfo (RoleInfo.java:updateAndGet(130)) - f1e76221-b4f8-46a8-99fe-d8b881880070: start f1e76221-b4f8-46a8-99fe-d8b881880070@group-2F0313A0DF11-LeaderElection13
2022-01-13 07:02:06,594 [f1e76221-b4f8-46a8-99fe-d8b881880070@group-2F0313A0DF11-LeaderElection13] INFO  impl.LeaderElection (LeaderElection.java:askForVotes(306)) - f1e76221-b4f8-46a8-99fe-d8b881880070@group-2F0313A0DF11-LeaderElection13 ELECTION round 0: submit vote requests at term 4 for -1: [3015db82-fb4c-400e-a95f-6cfd8e47dd90|rpc:10.1.0.23:41163|priority:1, f1e76221-b4f8-46a8-99fe-d8b881880070|rpc:10.1.0.23:34875|priority:0, b200734c-4eb0-41ea-b507-ea370eae09c2|rpc:10.1.0.23:39873|priority:0], old=null
2022-01-13 07:02:06,603 [grpc-default-executor-0] INFO  server.RaftServer$Division (RaftServerImpl.java:requestVote(1046)) - 3015db82-fb4c-400e-a95f-6cfd8e47dd90@group-2F0313A0DF11: receive requestVote(ELECTION, f1e76221-b4f8-46a8-99fe-d8b881880070, group-2F0313A0DF11, 4, (t:0, i:0))
2022-01-13 07:02:06,603 [grpc-default-executor-0] INFO  impl.VoteContext (VoteContext.java:log(48)) - 3015db82-fb4c-400e-a95f-6cfd8e47dd90@group-2F0313A0DF11-FOLLOWER: reject ELECTION from f1e76221-b4f8-46a8-99fe-d8b881880070: our priority 1 > candidate's priority 0
2022-01-13 07:02:06,603 [grpc-default-executor-0] INFO  server.RaftServer$Division (RaftServerImpl.java:setRole(290)) - 3015db82-fb4c-400e-a95f-6cfd8e47dd90@group-2F0313A0DF11: changes role from  FOLLOWER to FOLLOWER at term 4 for candidate:f1e76221-b4f8-46a8-99fe-d8b881880070
2022-01-13 07:02:06,603 [grpc-default-executor-0] INFO  impl.RoleInfo (RoleInfo.java:shutdownFollowerState(108)) - 3015db82-fb4c-400e-a95f-6cfd8e47dd90: shutdown 3015db82-fb4c-400e-a95f-6cfd8e47dd90@group-2F0313A0DF11-FollowerState
2022-01-13 07:02:06,603 [grpc-default-executor-0] INFO  impl.RoleInfo (RoleInfo.java:updateAndGet(130)) - 3015db82-fb4c-400e-a95f-6cfd8e47dd90: start 3015db82-fb4c-400e-a95f-6cfd8e47dd90@group-2F0313A0DF11-FollowerState
2022-01-13 07:02:06,603 [3015db82-fb4c-400e-a95f-6cfd8e47dd90@group-2F0313A0DF11-FollowerState] INFO  impl.FollowerState (FollowerState.java:run(143)) - 3015db82-fb4c-400e-a95f-6cfd8e47dd90@group-2F0313A0DF11-FollowerState was interrupted: {}
java.lang.InterruptedException: sleep interrupted
	at java.lang.Thread.sleep(Native Method)
	at java.lang.Thread.sleep(Thread.java:340)
	at java.util.concurrent.TimeUnit.sleep(TimeUnit.java:386)
	at org.apache.ratis.util.TimeDuration.sleep(TimeDuration.java:324)
	at org.apache.ratis.util.TimeDuration.sleep(TimeDuration.java:309)
	at org.apache.ratis.server.impl.FollowerState.run(FollowerState.java:118)
2022-01-13 07:02:06,608 [grpc-default-executor-0] INFO  server.RaftServer$Division (RaftServerImpl.java:requestVote(1078)) - 3015db82-fb4c-400e-a95f-6cfd8e47dd90@group-2F0313A0DF11 replies to ELECTION vote request: f1e76221-b4f8-46a8-99fe-d8b881880070<-3015db82-fb4c-400e-a95f-6cfd8e47dd90#0:FAIL-t4. Peer's state: 3015db82-fb4c-400e-a95f-6cfd8e47dd90@group-2F0313A0DF11:t4, leader=null, voted=null, raftlog=3015db82-fb4c-400e-a95f-6cfd8e47dd90@group-2F0313A0DF11-SegmentedRaftLog:OPENED:c-1, conf=-1: [3015db82-fb4c-400e-a95f-6cfd8e47dd90|rpc:10.1.0.23:41163|priority:1, f1e76221-b4f8-46a8-99fe-d8b881880070|rpc:10.1.0.23:34875|priority:0, b200734c-4eb0-41ea-b507-ea370eae09c2|rpc:10.1.0.23:39873|priority:0], old=null
2022-01-13 07:02:06,611 [grpc-default-executor-0] INFO  server.RaftServer$Division (RaftServerImpl.java:requestVote(1046)) - b200734c-4eb0-41ea-b507-ea370eae09c2@group-2F0313A0DF11: receive requestVote(ELECTION, f1e76221-b4f8-46a8-99fe-d8b881880070, group-2F0313A0DF11, 4, (t:0, i:0))
2022-01-13 07:02:06,611 [grpc-default-executor-0] INFO  impl.VoteContext (VoteContext.java:log(48)) - b200734c-4eb0-41ea-b507-ea370eae09c2@group-2F0313A0DF11-FOLLOWER: accept ELECTION from f1e76221-b4f8-46a8-99fe-d8b881880070: our priority 0 <= candidate's priority 0
2022-01-13 07:02:06,611 [grpc-default-executor-0] INFO  server.RaftServer$Division (RaftServerImpl.java:setRole(290)) - b200734c-4eb0-41ea-b507-ea370eae09c2@group-2F0313A0DF11: changes role from  FOLLOWER to FOLLOWER at term 4 for candidate:f1e76221-b4f8-46a8-99fe-d8b881880070
2022-01-13 07:02:06,611 [grpc-default-executor-0] INFO  impl.RoleInfo (RoleInfo.java:shutdownFollowerState(108)) - b200734c-4eb0-41ea-b507-ea370eae09c2: shutdown b200734c-4eb0-41ea-b507-ea370eae09c2@group-2F0313A0DF11-FollowerState
2022-01-13 07:02:06,611 [grpc-default-executor-0] INFO  impl.RoleInfo (RoleInfo.java:updateAndGet(130)) - b200734c-4eb0-41ea-b507-ea370eae09c2: start b200734c-4eb0-41ea-b507-ea370eae09c2@group-2F0313A0DF11-FollowerState
2022-01-13 07:02:06,611 [b200734c-4eb0-41ea-b507-ea370eae09c2@group-2F0313A0DF11-FollowerState] INFO  impl.FollowerState (FollowerState.java:run(143)) - b200734c-4eb0-41ea-b507-ea370eae09c2@group-2F0313A0DF11-FollowerState was interrupted: {}
java.lang.InterruptedException: sleep interrupted
	at java.lang.Thread.sleep(Native Method)
	at java.lang.Thread.sleep(Thread.java:340)
	at java.util.concurrent.TimeUnit.sleep(TimeUnit.java:386)
	at org.apache.ratis.util.TimeDuration.sleep(TimeDuration.java:324)
	at org.apache.ratis.util.TimeDuration.sleep(TimeDuration.java:309)
	at org.apache.ratis.server.impl.FollowerState.run(FollowerState.java:118)
2022-01-13 07:02:06,612 [f1e76221-b4f8-46a8-99fe-d8b881880070@group-2F0313A0DF11-LeaderElection13] INFO  impl.LeaderElection (LeaderElection.java:logAndReturn(89)) - f1e76221-b4f8-46a8-99fe-d8b881880070@group-2F0313A0DF11-LeaderElection13: ELECTION REJECTED received 1 response(s) and 0 exception(s):
2022-01-13 07:02:06,613 [f1e76221-b4f8-46a8-99fe-d8b881880070@group-2F0313A0DF11-LeaderElection13] INFO  impl.LeaderElection (LeaderElection.java:logAndReturn(93)) -   Response 0: f1e76221-b4f8-46a8-99fe-d8b881880070<-3015db82-fb4c-400e-a95f-6cfd8e47dd90#0:FAIL-t4
2022-01-13 07:02:06,613 [f1e76221-b4f8-46a8-99fe-d8b881880070@group-2F0313A0DF11-LeaderElection13] INFO  impl.LeaderElection (LeaderElection.java:askForVotes(308)) - f1e76221-b4f8-46a8-99fe-d8b881880070@group-2F0313A0DF11-LeaderElection13 ELECTION round 0: result REJECTED
2022-01-13 07:02:06,613 [f1e76221-b4f8-46a8-99fe-d8b881880070@group-2F0313A0DF11-LeaderElection13] INFO  server.RaftServer$Division (RaftServerImpl.java:setRole(290)) - f1e76221-b4f8-46a8-99fe-d8b881880070@group-2F0313A0DF11: changes role from CANDIDATE to FOLLOWER at term 4 for REJECTED
2022-01-13 07:02:06,613 [f1e76221-b4f8-46a8-99fe-d8b881880070@group-2F0313A0DF11-LeaderElection13] INFO  impl.RoleInfo (RoleInfo.java:shutdownLeaderElection(121)) - f1e76221-b4f8-46a8-99fe-d8b881880070: shutdown f1e76221-b4f8-46a8-99fe-d8b881880070@group-2F0313A0DF11-LeaderElection13
2022-01-13 07:02:06,613 [f1e76221-b4f8-46a8-99fe-d8b881880070@group-2F0313A0DF11-LeaderElection13] INFO  impl.RoleInfo (RoleInfo.java:updateAndGet(130)) - f1e76221-b4f8-46a8-99fe-d8b881880070: start f1e76221-b4f8-46a8-99fe-d8b881880070@group-2F0313A0DF11-FollowerState
2022-01-13 07:02:06,613 [grpc-default-executor-0] INFO  server.RaftServer$Division (RaftServerImpl.java:requestVote(1078)) - b200734c-4eb0-41ea-b507-ea370eae09c2@group-2F0313A0DF11 replies to ELECTION vote request: f1e76221-b4f8-46a8-99fe-d8b881880070<-b200734c-4eb0-41ea-b507-ea370eae09c2#0:OK-t4. Peer's state: b200734c-4eb0-41ea-b507-ea370eae09c2@group-2F0313A0DF11:t4, leader=null, voted=f1e76221-b4f8-46a8-99fe-d8b881880070, raftlog=b200734c-4eb0-41ea-b507-ea370eae09c2@group-2F0313A0DF11-SegmentedRaftLog:OPENED:c-1, conf=-1: [3015db82-fb4c-400e-a95f-6cfd8e47dd90|rpc:10.1.0.23:41163|priority:1, f1e76221-b4f8-46a8-99fe-d8b881880070|rpc:10.1.0.23:34875|priority:0, b200734c-4eb0-41ea-b507-ea370eae09c2|rpc:10.1.0.23:39873|priority:0], old=null
2022-01-13 07:02:06,700 [Listener at 127.0.0.1/43165] INFO  ozone.MiniOzoneClusterImpl (MiniOzoneClusterImpl.java:lambda$waitForClusterToBeReady$0(219)) - Nodes are ready. Got 3 of 3 DN Heartbeats.
2022-01-13 07:02:06,701 [Listener at 127.0.0.1/43165] INFO  ozone.MiniOzoneClusterImpl (MiniOzoneClusterImpl.java:lambda$waitForClusterToBeReady$0(222)) - Waiting for cluster to exit safe mode
2022-01-13 07:02:06,701 [Listener at 127.0.0.1/43165] INFO  ozone.MiniOzoneClusterImpl (MiniOzoneClusterImpl.java:lambda$waitForClusterToBeReady$0(224)) - SCM became leader
2022-01-13 07:02:07,701 [Listener at 127.0.0.1/43165] INFO  ozone.MiniOzoneClusterImpl (MiniOzoneClusterImpl.java:lambda$waitForClusterToBeReady$0(219)) - Nodes are ready. Got 3 of 3 DN Heartbeats.
2022-01-13 07:02:07,701 [Listener at 127.0.0.1/43165] INFO  ozone.MiniOzoneClusterImpl (MiniOzoneClusterImpl.java:lambda$waitForClusterToBeReady$0(222)) - Waiting for cluster to exit safe mode
2022-01-13 07:02:07,702 [Listener at 127.0.0.1/43165] INFO  ozone.MiniOzoneClusterImpl (MiniOzoneClusterImpl.java:lambda$waitForClusterToBeReady$0(224)) - SCM became leader
2022-01-13 07:02:08,702 [Listener at 127.0.0.1/43165] INFO  ozone.MiniOzoneClusterImpl (MiniOzoneClusterImpl.java:lambda$waitForClusterToBeReady$0(219)) - Nodes are ready. Got 3 of 3 DN Heartbeats.
2022-01-13 07:02:08,702 [Listener at 127.0.0.1/43165] INFO  ozone.MiniOzoneClusterImpl (MiniOzoneClusterImpl.java:lambda$waitForClusterToBeReady$0(222)) - Waiting for cluster to exit safe mode
2022-01-13 07:02:08,702 [Listener at 127.0.0.1/43165] INFO  ozone.MiniOzoneClusterImpl (MiniOzoneClusterImpl.java:lambda$waitForClusterToBeReady$0(224)) - SCM became leader
2022-01-13 07:02:09,703 [Listener at 127.0.0.1/43165] INFO  ozone.MiniOzoneClusterImpl (MiniOzoneClusterImpl.java:lambda$waitForClusterToBeReady$0(219)) - Nodes are ready. Got 3 of 3 DN Heartbeats.
2022-01-13 07:02:09,703 [Listener at 127.0.0.1/43165] INFO  ozone.MiniOzoneClusterImpl (MiniOzoneClusterImpl.java:lambda$waitForClusterToBeReady$0(222)) - Waiting for cluster to exit safe mode
2022-01-13 07:02:09,703 [Listener at 127.0.0.1/43165] INFO  ozone.MiniOzoneClusterImpl (MiniOzoneClusterImpl.java:lambda$waitForClusterToBeReady$0(224)) - SCM became leader
2022-01-13 07:02:10,703 [Listener at 127.0.0.1/43165] INFO  ozone.MiniOzoneClusterImpl (MiniOzoneClusterImpl.java:lambda$waitForClusterToBeReady$0(219)) - Nodes are ready. Got 3 of 3 DN Heartbeats.
2022-01-13 07:02:10,704 [Listener at 127.0.0.1/43165] INFO  ozone.MiniOzoneClusterImpl (MiniOzoneClusterImpl.java:lambda$waitForClusterToBeReady$0(222)) - Waiting for cluster to exit safe mode
2022-01-13 07:02:10,704 [Listener at 127.0.0.1/43165] INFO  ozone.MiniOzoneClusterImpl (MiniOzoneClusterImpl.java:lambda$waitForClusterToBeReady$0(224)) - SCM became leader
2022-01-13 07:02:11,704 [Listener at 127.0.0.1/43165] INFO  ozone.MiniOzoneClusterImpl (MiniOzoneClusterImpl.java:lambda$waitForClusterToBeReady$0(219)) - Nodes are ready. Got 3 of 3 DN Heartbeats.
2022-01-13 07:02:11,704 [Listener at 127.0.0.1/43165] INFO  ozone.MiniOzoneClusterImpl (MiniOzoneClusterImpl.java:lambda$waitForClusterToBeReady$0(222)) - Waiting for cluster to exit safe mode
2022-01-13 07:02:11,704 [Listener at 127.0.0.1/43165] INFO  ozone.MiniOzoneClusterImpl (MiniOzoneClusterImpl.java:lambda$waitForClusterToBeReady$0(224)) - SCM became leader
2022-01-13 07:02:11,716 [f1e76221-b4f8-46a8-99fe-d8b881880070@group-2F0313A0DF11-FollowerState] INFO  impl.FollowerState (FollowerState.java:run(134)) - f1e76221-b4f8-46a8-99fe-d8b881880070@group-2F0313A0DF11-FollowerState: change to CANDIDATE, lastRpcElapsedTime:5102919669ns, electionTimeout:5091ms
2022-01-13 07:02:11,718 [f1e76221-b4f8-46a8-99fe-d8b881880070@group-2F0313A0DF11-FollowerState] INFO  impl.RoleInfo (RoleInfo.java:shutdownFollowerState(108)) - f1e76221-b4f8-46a8-99fe-d8b881880070: shutdown f1e76221-b4f8-46a8-99fe-d8b881880070@group-2F0313A0DF11-FollowerState
2022-01-13 07:02:11,718 [f1e76221-b4f8-46a8-99fe-d8b881880070@group-2F0313A0DF11-FollowerState] INFO  server.RaftServer$Division (RaftServerImpl.java:setRole(290)) - f1e76221-b4f8-46a8-99fe-d8b881880070@group-2F0313A0DF11: changes role from  FOLLOWER to CANDIDATE at term 4 for changeToCandidate
2022-01-13 07:02:11,718 [f1e76221-b4f8-46a8-99fe-d8b881880070@group-2F0313A0DF11-FollowerState] INFO  server.RaftServerConfigKeys (ConfUtils.java:logGet(44)) - raft.server.leaderelection.pre-vote = false (custom)
2022-01-13 07:02:11,718 [f1e76221-b4f8-46a8-99fe-d8b881880070@group-2F0313A0DF11-FollowerState] INFO  impl.RoleInfo (RoleInfo.java:updateAndGet(130)) - f1e76221-b4f8-46a8-99fe-d8b881880070: start f1e76221-b4f8-46a8-99fe-d8b881880070@group-2F0313A0DF11-LeaderElection14
2022-01-13 07:02:11,720 [f1e76221-b4f8-46a8-99fe-d8b881880070@group-2F0313A0DF11-LeaderElection14] INFO  impl.LeaderElection (LeaderElection.java:askForVotes(306)) - f1e76221-b4f8-46a8-99fe-d8b881880070@group-2F0313A0DF11-LeaderElection14 ELECTION round 0: submit vote requests at term 5 for -1: [3015db82-fb4c-400e-a95f-6cfd8e47dd90|rpc:10.1.0.23:41163|priority:1, f1e76221-b4f8-46a8-99fe-d8b881880070|rpc:10.1.0.23:34875|priority:0, b200734c-4eb0-41ea-b507-ea370eae09c2|rpc:10.1.0.23:39873|priority:0], old=null
2022-01-13 07:02:11,727 [grpc-default-executor-0] INFO  server.RaftServer$Division (RaftServerImpl.java:requestVote(1046)) - 3015db82-fb4c-400e-a95f-6cfd8e47dd90@group-2F0313A0DF11: receive requestVote(ELECTION, f1e76221-b4f8-46a8-99fe-d8b881880070, group-2F0313A0DF11, 5, (t:0, i:0))
2022-01-13 07:02:11,728 [grpc-default-executor-0] INFO  impl.VoteContext (VoteContext.java:log(48)) - 3015db82-fb4c-400e-a95f-6cfd8e47dd90@group-2F0313A0DF11-FOLLOWER: reject ELECTION from f1e76221-b4f8-46a8-99fe-d8b881880070: our priority 1 > candidate's priority 0
2022-01-13 07:02:11,728 [grpc-default-executor-0] INFO  server.RaftServer$Division (RaftServerImpl.java:setRole(290)) - 3015db82-fb4c-400e-a95f-6cfd8e47dd90@group-2F0313A0DF11: changes role from  FOLLOWER to FOLLOWER at term 5 for candidate:f1e76221-b4f8-46a8-99fe-d8b881880070
2022-01-13 07:02:11,728 [grpc-default-executor-0] INFO  impl.RoleInfo (RoleInfo.java:shutdownFollowerState(108)) - 3015db82-fb4c-400e-a95f-6cfd8e47dd90: shutdown 3015db82-fb4c-400e-a95f-6cfd8e47dd90@group-2F0313A0DF11-FollowerState
2022-01-13 07:02:11,728 [grpc-default-executor-0] INFO  impl.RoleInfo (RoleInfo.java:updateAndGet(130)) - 3015db82-fb4c-400e-a95f-6cfd8e47dd90: start 3015db82-fb4c-400e-a95f-6cfd8e47dd90@group-2F0313A0DF11-FollowerState
2022-01-13 07:02:11,728 [3015db82-fb4c-400e-a95f-6cfd8e47dd90@group-2F0313A0DF11-FollowerState] INFO  impl.FollowerState (FollowerState.java:run(143)) - 3015db82-fb4c-400e-a95f-6cfd8e47dd90@group-2F0313A0DF11-FollowerState was interrupted: {}
java.lang.InterruptedException: sleep interrupted
	at java.lang.Thread.sleep(Native Method)
	at java.lang.Thread.sleep(Thread.java:340)
	at java.util.concurrent.TimeUnit.sleep(TimeUnit.java:386)
	at org.apache.ratis.util.TimeDuration.sleep(TimeDuration.java:324)
	at org.apache.ratis.util.TimeDuration.sleep(TimeDuration.java:309)
	at org.apache.ratis.server.impl.FollowerState.run(FollowerState.java:118)
2022-01-13 07:02:11,731 [grpc-default-executor-0] INFO  server.RaftServer$Division (RaftServerImpl.java:requestVote(1078)) - 3015db82-fb4c-400e-a95f-6cfd8e47dd90@group-2F0313A0DF11 replies to ELECTION vote request: f1e76221-b4f8-46a8-99fe-d8b881880070<-3015db82-fb4c-400e-a95f-6cfd8e47dd90#0:FAIL-t5. Peer's state: 3015db82-fb4c-400e-a95f-6cfd8e47dd90@group-2F0313A0DF11:t5, leader=null, voted=null, raftlog=3015db82-fb4c-400e-a95f-6cfd8e47dd90@group-2F0313A0DF11-SegmentedRaftLog:OPENED:c-1, conf=-1: [3015db82-fb4c-400e-a95f-6cfd8e47dd90|rpc:10.1.0.23:41163|priority:1, f1e76221-b4f8-46a8-99fe-d8b881880070|rpc:10.1.0.23:34875|priority:0, b200734c-4eb0-41ea-b507-ea370eae09c2|rpc:10.1.0.23:39873|priority:0], old=null
2022-01-13 07:02:11,737 [f1e76221-b4f8-46a8-99fe-d8b881880070@group-2F0313A0DF11-LeaderElection14] INFO  impl.LeaderElection (LeaderElection.java:logAndReturn(89)) - f1e76221-b4f8-46a8-99fe-d8b881880070@group-2F0313A0DF11-LeaderElection14: ELECTION REJECTED received 1 response(s) and 0 exception(s):
2022-01-13 07:02:11,737 [f1e76221-b4f8-46a8-99fe-d8b881880070@group-2F0313A0DF11-LeaderElection14] INFO  impl.LeaderElection (LeaderElection.java:logAndReturn(93)) -   Response 0: f1e76221-b4f8-46a8-99fe-d8b881880070<-3015db82-fb4c-400e-a95f-6cfd8e47dd90#0:FAIL-t5
2022-01-13 07:02:11,737 [f1e76221-b4f8-46a8-99fe-d8b881880070@group-2F0313A0DF11-LeaderElection14] INFO  impl.LeaderElection (LeaderElection.java:askForVotes(308)) - f1e76221-b4f8-46a8-99fe-d8b881880070@group-2F0313A0DF11-LeaderElection14 ELECTION round 0: result REJECTED
2022-01-13 07:02:11,737 [f1e76221-b4f8-46a8-99fe-d8b881880070@group-2F0313A0DF11-LeaderElection14] INFO  server.RaftServer$Division (RaftServerImpl.java:setRole(290)) - f1e76221-b4f8-46a8-99fe-d8b881880070@group-2F0313A0DF11: changes role from CANDIDATE to FOLLOWER at term 5 for REJECTED
2022-01-13 07:02:11,737 [f1e76221-b4f8-46a8-99fe-d8b881880070@group-2F0313A0DF11-LeaderElection14] INFO  impl.RoleInfo (RoleInfo.java:shutdownLeaderElection(121)) - f1e76221-b4f8-46a8-99fe-d8b881880070: shutdown f1e76221-b4f8-46a8-99fe-d8b881880070@group-2F0313A0DF11-LeaderElection14
2022-01-13 07:02:11,737 [f1e76221-b4f8-46a8-99fe-d8b881880070@group-2F0313A0DF11-LeaderElection14] INFO  impl.RoleInfo (RoleInfo.java:updateAndGet(130)) - f1e76221-b4f8-46a8-99fe-d8b881880070: start f1e76221-b4f8-46a8-99fe-d8b881880070@group-2F0313A0DF11-FollowerState
2022-01-13 07:02:11,743 [grpc-default-executor-0] INFO  server.RaftServer$Division (RaftServerImpl.java:requestVote(1046)) - b200734c-4eb0-41ea-b507-ea370eae09c2@group-2F0313A0DF11: receive requestVote(ELECTION, f1e76221-b4f8-46a8-99fe-d8b881880070, group-2F0313A0DF11, 5, (t:0, i:0))
2022-01-13 07:02:11,744 [grpc-default-executor-0] INFO  impl.VoteContext (VoteContext.java:log(48)) - b200734c-4eb0-41ea-b507-ea370eae09c2@group-2F0313A0DF11-FOLLOWER: accept ELECTION from f1e76221-b4f8-46a8-99fe-d8b881880070: our priority 0 <= candidate's priority 0
2022-01-13 07:02:11,744 [grpc-default-executor-0] INFO  server.RaftServer$Division (RaftServerImpl.java:setRole(290)) - b200734c-4eb0-41ea-b507-ea370eae09c2@group-2F0313A0DF11: changes role from  FOLLOWER to FOLLOWER at term 5 for candidate:f1e76221-b4f8-46a8-99fe-d8b881880070
2022-01-13 07:02:11,744 [grpc-default-executor-0] INFO  impl.RoleInfo (RoleInfo.java:shutdownFollowerState(108)) - b200734c-4eb0-41ea-b507-ea370eae09c2: shutdown b200734c-4eb0-41ea-b507-ea370eae09c2@group-2F0313A0DF11-FollowerState
2022-01-13 07:02:11,744 [grpc-default-executor-0] INFO  impl.RoleInfo (RoleInfo.java:updateAndGet(130)) - b200734c-4eb0-41ea-b507-ea370eae09c2: start b200734c-4eb0-41ea-b507-ea370eae09c2@group-2F0313A0DF11-FollowerState
2022-01-13 07:02:11,744 [b200734c-4eb0-41ea-b507-ea370eae09c2@group-2F0313A0DF11-FollowerState] INFO  impl.FollowerState (FollowerState.java:run(143)) - b200734c-4eb0-41ea-b507-ea370eae09c2@group-2F0313A0DF11-FollowerState was interrupted: {}
java.lang.InterruptedException: sleep interrupted
	at java.lang.Thread.sleep(Native Method)
	at java.lang.Thread.sleep(Thread.java:340)
	at java.util.concurrent.TimeUnit.sleep(TimeUnit.java:386)
	at org.apache.ratis.util.TimeDuration.sleep(TimeDuration.java:324)
	at org.apache.ratis.util.TimeDuration.sleep(TimeDuration.java:309)
	at org.apache.ratis.server.impl.FollowerState.run(FollowerState.java:118)
2022-01-13 07:02:11,745 [grpc-default-executor-0] INFO  server.RaftServer$Division (RaftServerImpl.java:requestVote(1078)) - b200734c-4eb0-41ea-b507-ea370eae09c2@group-2F0313A0DF11 replies to ELECTION vote request: f1e76221-b4f8-46a8-99fe-d8b881880070<-b200734c-4eb0-41ea-b507-ea370eae09c2#0:OK-t5. Peer's state: b200734c-4eb0-41ea-b507-ea370eae09c2@group-2F0313A0DF11:t5, leader=null, voted=f1e76221-b4f8-46a8-99fe-d8b881880070, raftlog=b200734c-4eb0-41ea-b507-ea370eae09c2@group-2F0313A0DF11-SegmentedRaftLog:OPENED:c-1, conf=-1: [3015db82-fb4c-400e-a95f-6cfd8e47dd90|rpc:10.1.0.23:41163|priority:1, f1e76221-b4f8-46a8-99fe-d8b881880070|rpc:10.1.0.23:34875|priority:0, b200734c-4eb0-41ea-b507-ea370eae09c2|rpc:10.1.0.23:39873|priority:0], old=null
2022-01-13 07:02:12,705 [Listener at 127.0.0.1/43165] INFO  ozone.MiniOzoneClusterImpl (MiniOzoneClusterImpl.java:lambda$waitForClusterToBeReady$0(219)) - Nodes are ready. Got 3 of 3 DN Heartbeats.
2022-01-13 07:02:12,705 [Listener at 127.0.0.1/43165] INFO  ozone.MiniOzoneClusterImpl (MiniOzoneClusterImpl.java:lambda$waitForClusterToBeReady$0(222)) - Waiting for cluster to exit safe mode
2022-01-13 07:02:12,705 [Listener at 127.0.0.1/43165] INFO  ozone.MiniOzoneClusterImpl (MiniOzoneClusterImpl.java:lambda$waitForClusterToBeReady$0(224)) - SCM became leader
2022-01-13 07:02:13,705 [Listener at 127.0.0.1/43165] INFO  ozone.MiniOzoneClusterImpl (MiniOzoneClusterImpl.java:lambda$waitForClusterToBeReady$0(219)) - Nodes are ready. Got 3 of 3 DN Heartbeats.
2022-01-13 07:02:13,705 [Listener at 127.0.0.1/43165] INFO  ozone.MiniOzoneClusterImpl (MiniOzoneClusterImpl.java:lambda$waitForClusterToBeReady$0(222)) - Waiting for cluster to exit safe mode
2022-01-13 07:02:13,706 [Listener at 127.0.0.1/43165] INFO  ozone.MiniOzoneClusterImpl (MiniOzoneClusterImpl.java:lambda$waitForClusterToBeReady$0(224)) - SCM became leader
2022-01-13 07:02:14,706 [Listener at 127.0.0.1/43165] INFO  ozone.MiniOzoneClusterImpl (MiniOzoneClusterImpl.java:lambda$waitForClusterToBeReady$0(219)) - Nodes are ready. Got 3 of 3 DN Heartbeats.
2022-01-13 07:02:14,706 [Listener at 127.0.0.1/43165] INFO  ozone.MiniOzoneClusterImpl (MiniOzoneClusterImpl.java:lambda$waitForClusterToBeReady$0(222)) - Waiting for cluster to exit safe mode
2022-01-13 07:02:14,706 [Listener at 127.0.0.1/43165] INFO  ozone.MiniOzoneClusterImpl (MiniOzoneClusterImpl.java:lambda$waitForClusterToBeReady$0(224)) - SCM became leader
2022-01-13 07:02:15,707 [Listener at 127.0.0.1/43165] INFO  ozone.MiniOzoneClusterImpl (MiniOzoneClusterImpl.java:lambda$waitForClusterToBeReady$0(219)) - Nodes are ready. Got 3 of 3 DN Heartbeats.
2022-01-13 07:02:15,707 [Listener at 127.0.0.1/43165] INFO  ozone.MiniOzoneClusterImpl (MiniOzoneClusterImpl.java:lambda$waitForClusterToBeReady$0(222)) - Waiting for cluster to exit safe mode
2022-01-13 07:02:15,707 [Listener at 127.0.0.1/43165] INFO  ozone.MiniOzoneClusterImpl (MiniOzoneClusterImpl.java:lambda$waitForClusterToBeReady$0(224)) - SCM became leader
2022-01-13 07:02:16,708 [Listener at 127.0.0.1/43165] INFO  ozone.MiniOzoneClusterImpl (MiniOzoneClusterImpl.java:lambda$waitForClusterToBeReady$0(219)) - Nodes are ready. Got 3 of 3 DN Heartbeats.
2022-01-13 07:02:16,708 [Listener at 127.0.0.1/43165] INFO  ozone.MiniOzoneClusterImpl (MiniOzoneClusterImpl.java:lambda$waitForClusterToBeReady$0(222)) - Waiting for cluster to exit safe mode
2022-01-13 07:02:16,708 [Listener at 127.0.0.1/43165] INFO  ozone.MiniOzoneClusterImpl (MiniOzoneClusterImpl.java:lambda$waitForClusterToBeReady$0(224)) - SCM became leader
2022-01-13 07:02:16,829 [f1e76221-b4f8-46a8-99fe-d8b881880070@group-2F0313A0DF11-FollowerState] INFO  impl.FollowerState (FollowerState.java:run(134)) - f1e76221-b4f8-46a8-99fe-d8b881880070@group-2F0313A0DF11-FollowerState: change to CANDIDATE, lastRpcElapsedTime:5091478462ns, electionTimeout:5085ms
2022-01-13 07:02:16,830 [f1e76221-b4f8-46a8-99fe-d8b881880070@group-2F0313A0DF11-FollowerState] INFO  impl.RoleInfo (RoleInfo.java:shutdownFollowerState(108)) - f1e76221-b4f8-46a8-99fe-d8b881880070: shutdown f1e76221-b4f8-46a8-99fe-d8b881880070@group-2F0313A0DF11-FollowerState
2022-01-13 07:02:16,830 [f1e76221-b4f8-46a8-99fe-d8b881880070@group-2F0313A0DF11-FollowerState] INFO  server.RaftServer$Division (RaftServerImpl.java:setRole(290)) - f1e76221-b4f8-46a8-99fe-d8b881880070@group-2F0313A0DF11: changes role from  FOLLOWER to CANDIDATE at term 5 for changeToCandidate
2022-01-13 07:02:16,830 [f1e76221-b4f8-46a8-99fe-d8b881880070@group-2F0313A0DF11-FollowerState] INFO  server.RaftServerConfigKeys (ConfUtils.java:logGet(44)) - raft.server.leaderelection.pre-vote = false (custom)
2022-01-13 07:02:16,830 [f1e76221-b4f8-46a8-99fe-d8b881880070@group-2F0313A0DF11-FollowerState] INFO  impl.RoleInfo (RoleInfo.java:updateAndGet(130)) - f1e76221-b4f8-46a8-99fe-d8b881880070: start f1e76221-b4f8-46a8-99fe-d8b881880070@group-2F0313A0DF11-LeaderElection15
2022-01-13 07:02:16,840 [f1e76221-b4f8-46a8-99fe-d8b881880070@group-2F0313A0DF11-LeaderElection15] INFO  impl.LeaderElection (LeaderElection.java:askForVotes(306)) - f1e76221-b4f8-46a8-99fe-d8b881880070@group-2F0313A0DF11-LeaderElection15 ELECTION round 0: submit vote requests at term 6 for -1: [3015db82-fb4c-400e-a95f-6cfd8e47dd90|rpc:10.1.0.23:41163|priority:1, f1e76221-b4f8-46a8-99fe-d8b881880070|rpc:10.1.0.23:34875|priority:0, b200734c-4eb0-41ea-b507-ea370eae09c2|rpc:10.1.0.23:39873|priority:0], old=null
2022-01-13 07:02:16,847 [grpc-default-executor-0] INFO  server.RaftServer$Division (RaftServerImpl.java:requestVote(1046)) - 3015db82-fb4c-400e-a95f-6cfd8e47dd90@group-2F0313A0DF11: receive requestVote(ELECTION, f1e76221-b4f8-46a8-99fe-d8b881880070, group-2F0313A0DF11, 6, (t:0, i:0))
2022-01-13 07:02:16,847 [grpc-default-executor-0] INFO  impl.VoteContext (VoteContext.java:log(48)) - 3015db82-fb4c-400e-a95f-6cfd8e47dd90@group-2F0313A0DF11-FOLLOWER: reject ELECTION from f1e76221-b4f8-46a8-99fe-d8b881880070: our priority 1 > candidate's priority 0
2022-01-13 07:02:16,847 [grpc-default-executor-0] INFO  server.RaftServer$Division (RaftServerImpl.java:setRole(290)) - 3015db82-fb4c-400e-a95f-6cfd8e47dd90@group-2F0313A0DF11: changes role from  FOLLOWER to FOLLOWER at term 6 for candidate:f1e76221-b4f8-46a8-99fe-d8b881880070
2022-01-13 07:02:16,847 [grpc-default-executor-0] INFO  impl.RoleInfo (RoleInfo.java:shutdownFollowerState(108)) - 3015db82-fb4c-400e-a95f-6cfd8e47dd90: shutdown 3015db82-fb4c-400e-a95f-6cfd8e47dd90@group-2F0313A0DF11-FollowerState
2022-01-13 07:02:16,847 [grpc-default-executor-0] INFO  impl.RoleInfo (RoleInfo.java:updateAndGet(130)) - 3015db82-fb4c-400e-a95f-6cfd8e47dd90: start 3015db82-fb4c-400e-a95f-6cfd8e47dd90@group-2F0313A0DF11-FollowerState
2022-01-13 07:02:16,848 [3015db82-fb4c-400e-a95f-6cfd8e47dd90@group-2F0313A0DF11-FollowerState] INFO  impl.FollowerState (FollowerState.java:run(143)) - 3015db82-fb4c-400e-a95f-6cfd8e47dd90@group-2F0313A0DF11-FollowerState was interrupted: {}
java.lang.InterruptedException: sleep interrupted
	at java.lang.Thread.sleep(Native Method)
	at java.lang.Thread.sleep(Thread.java:340)
	at java.util.concurrent.TimeUnit.sleep(TimeUnit.java:386)
	at org.apache.ratis.util.TimeDuration.sleep(TimeDuration.java:324)
	at org.apache.ratis.util.TimeDuration.sleep(TimeDuration.java:309)
	at org.apache.ratis.server.impl.FollowerState.run(FollowerState.java:118)
2022-01-13 07:02:16,851 [grpc-default-executor-0] INFO  server.RaftServer$Division (RaftServerImpl.java:requestVote(1078)) - 3015db82-fb4c-400e-a95f-6cfd8e47dd90@group-2F0313A0DF11 replies to ELECTION vote request: f1e76221-b4f8-46a8-99fe-d8b881880070<-3015db82-fb4c-400e-a95f-6cfd8e47dd90#0:FAIL-t6. Peer's state: 3015db82-fb4c-400e-a95f-6cfd8e47dd90@group-2F0313A0DF11:t6, leader=null, voted=null, raftlog=3015db82-fb4c-400e-a95f-6cfd8e47dd90@group-2F0313A0DF11-SegmentedRaftLog:OPENED:c-1, conf=-1: [3015db82-fb4c-400e-a95f-6cfd8e47dd90|rpc:10.1.0.23:41163|priority:1, f1e76221-b4f8-46a8-99fe-d8b881880070|rpc:10.1.0.23:34875|priority:0, b200734c-4eb0-41ea-b507-ea370eae09c2|rpc:10.1.0.23:39873|priority:0], old=null
2022-01-13 07:02:16,853 [f1e76221-b4f8-46a8-99fe-d8b881880070@group-2F0313A0DF11-LeaderElection15] INFO  impl.LeaderElection (LeaderElection.java:logAndReturn(89)) - f1e76221-b4f8-46a8-99fe-d8b881880070@group-2F0313A0DF11-LeaderElection15: ELECTION REJECTED received 1 response(s) and 0 exception(s):
2022-01-13 07:02:16,853 [f1e76221-b4f8-46a8-99fe-d8b881880070@group-2F0313A0DF11-LeaderElection15] INFO  impl.LeaderElection (LeaderElection.java:logAndReturn(93)) -   Response 0: f1e76221-b4f8-46a8-99fe-d8b881880070<-3015db82-fb4c-400e-a95f-6cfd8e47dd90#0:FAIL-t6
2022-01-13 07:02:16,853 [f1e76221-b4f8-46a8-99fe-d8b881880070@group-2F0313A0DF11-LeaderElection15] INFO  impl.LeaderElection (LeaderElection.java:askForVotes(308)) - f1e76221-b4f8-46a8-99fe-d8b881880070@group-2F0313A0DF11-LeaderElection15 ELECTION round 0: result REJECTED
2022-01-13 07:02:16,853 [f1e76221-b4f8-46a8-99fe-d8b881880070@group-2F0313A0DF11-LeaderElection15] INFO  server.RaftServer$Division (RaftServerImpl.java:setRole(290)) - f1e76221-b4f8-46a8-99fe-d8b881880070@group-2F0313A0DF11: changes role from CANDIDATE to FOLLOWER at term 6 for REJECTED
2022-01-13 07:02:16,853 [f1e76221-b4f8-46a8-99fe-d8b881880070@group-2F0313A0DF11-LeaderElection15] INFO  impl.RoleInfo (RoleInfo.java:shutdownLeaderElection(121)) - f1e76221-b4f8-46a8-99fe-d8b881880070: shutdown f1e76221-b4f8-46a8-99fe-d8b881880070@group-2F0313A0DF11-LeaderElection15
2022-01-13 07:02:16,853 [f1e76221-b4f8-46a8-99fe-d8b881880070@group-2F0313A0DF11-LeaderElection15] INFO  impl.RoleInfo (RoleInfo.java:updateAndGet(130)) - f1e76221-b4f8-46a8-99fe-d8b881880070: start f1e76221-b4f8-46a8-99fe-d8b881880070@group-2F0313A0DF11-FollowerState
2022-01-13 07:02:16,866 [grpc-default-executor-0] INFO  server.RaftServer$Division (RaftServerImpl.java:requestVote(1046)) - b200734c-4eb0-41ea-b507-ea370eae09c2@group-2F0313A0DF11: receive requestVote(ELECTION, f1e76221-b4f8-46a8-99fe-d8b881880070, group-2F0313A0DF11, 6, (t:0, i:0))
2022-01-13 07:02:16,867 [grpc-default-executor-0] INFO  impl.VoteContext (VoteContext.java:log(48)) - b200734c-4eb0-41ea-b507-ea370eae09c2@group-2F0313A0DF11-FOLLOWER: accept ELECTION from f1e76221-b4f8-46a8-99fe-d8b881880070: our priority 0 <= candidate's priority 0
2022-01-13 07:02:16,867 [grpc-default-executor-0] INFO  server.RaftServer$Division (RaftServerImpl.java:setRole(290)) - b200734c-4eb0-41ea-b507-ea370eae09c2@group-2F0313A0DF11: changes role from  FOLLOWER to FOLLOWER at term 6 for candidate:f1e76221-b4f8-46a8-99fe-d8b881880070
2022-01-13 07:02:16,867 [grpc-default-executor-0] INFO  impl.RoleInfo (RoleInfo.java:shutdownFollowerState(108)) - b200734c-4eb0-41ea-b507-ea370eae09c2: shutdown b200734c-4eb0-41ea-b507-ea370eae09c2@group-2F0313A0DF11-FollowerState
2022-01-13 07:02:16,867 [grpc-default-executor-0] INFO  impl.RoleInfo (RoleInfo.java:updateAndGet(130)) - b200734c-4eb0-41ea-b507-ea370eae09c2: start b200734c-4eb0-41ea-b507-ea370eae09c2@group-2F0313A0DF11-FollowerState
2022-01-13 07:02:16,867 [b200734c-4eb0-41ea-b507-ea370eae09c2@group-2F0313A0DF11-FollowerState] INFO  impl.FollowerState (FollowerState.java:run(143)) - b200734c-4eb0-41ea-b507-ea370eae09c2@group-2F0313A0DF11-FollowerState was interrupted: {}
java.lang.InterruptedException: sleep interrupted
	at java.lang.Thread.sleep(Native Method)
	at java.lang.Thread.sleep(Thread.java:340)
	at java.util.concurrent.TimeUnit.sleep(TimeUnit.java:386)
	at org.apache.ratis.util.TimeDuration.sleep(TimeDuration.java:324)
	at org.apache.ratis.util.TimeDuration.sleep(TimeDuration.java:309)
	at org.apache.ratis.server.impl.FollowerState.run(FollowerState.java:118)
2022-01-13 07:02:16,869 [grpc-default-executor-0] INFO  server.RaftServer$Division (RaftServerImpl.java:requestVote(1078)) - b200734c-4eb0-41ea-b507-ea370eae09c2@group-2F0313A0DF11 replies to ELECTION vote request: f1e76221-b4f8-46a8-99fe-d8b881880070<-b200734c-4eb0-41ea-b507-ea370eae09c2#0:OK-t6. Peer's state: b200734c-4eb0-41ea-b507-ea370eae09c2@group-2F0313A0DF11:t6, leader=null, voted=f1e76221-b4f8-46a8-99fe-d8b881880070, raftlog=b200734c-4eb0-41ea-b507-ea370eae09c2@group-2F0313A0DF11-SegmentedRaftLog:OPENED:c-1, conf=-1: [3015db82-fb4c-400e-a95f-6cfd8e47dd90|rpc:10.1.0.23:41163|priority:1, f1e76221-b4f8-46a8-99fe-d8b881880070|rpc:10.1.0.23:34875|priority:0, b200734c-4eb0-41ea-b507-ea370eae09c2|rpc:10.1.0.23:39873|priority:0], old=null
2022-01-13 07:02:17,708 [Listener at 127.0.0.1/43165] INFO  ozone.MiniOzoneClusterImpl (MiniOzoneClusterImpl.java:lambda$waitForClusterToBeReady$0(219)) - Nodes are ready. Got 3 of 3 DN Heartbeats.
2022-01-13 07:02:17,709 [Listener at 127.0.0.1/43165] INFO  ozone.MiniOzoneClusterImpl (MiniOzoneClusterImpl.java:lambda$waitForClusterToBeReady$0(222)) - Waiting for cluster to exit safe mode
2022-01-13 07:02:17,709 [Listener at 127.0.0.1/43165] INFO  ozone.MiniOzoneClusterImpl (MiniOzoneClusterImpl.java:lambda$waitForClusterToBeReady$0(224)) - SCM became leader
2022-01-13 07:02:18,709 [Listener at 127.0.0.1/43165] INFO  ozone.MiniOzoneClusterImpl (MiniOzoneClusterImpl.java:lambda$waitForClusterToBeReady$0(219)) - Nodes are ready. Got 3 of 3 DN Heartbeats.
2022-01-13 07:02:18,710 [Listener at 127.0.0.1/43165] INFO  ozone.MiniOzoneClusterImpl (MiniOzoneClusterImpl.java:lambda$waitForClusterToBeReady$0(222)) - Waiting for cluster to exit safe mode
2022-01-13 07:02:18,710 [Listener at 127.0.0.1/43165] INFO  ozone.MiniOzoneClusterImpl (MiniOzoneClusterImpl.java:lambda$waitForClusterToBeReady$0(224)) - SCM became leader
2022-01-13 07:02:19,710 [Listener at 127.0.0.1/43165] INFO  ozone.MiniOzoneClusterImpl (MiniOzoneClusterImpl.java:lambda$waitForClusterToBeReady$0(219)) - Nodes are ready. Got 3 of 3 DN Heartbeats.
2022-01-13 07:02:19,710 [Listener at 127.0.0.1/43165] INFO  ozone.MiniOzoneClusterImpl (MiniOzoneClusterImpl.java:lambda$waitForClusterToBeReady$0(222)) - Waiting for cluster to exit safe mode
2022-01-13 07:02:19,710 [Listener at 127.0.0.1/43165] INFO  ozone.MiniOzoneClusterImpl (MiniOzoneClusterImpl.java:lambda$waitForClusterToBeReady$0(224)) - SCM became leader
2022-01-13 07:02:20,711 [Listener at 127.0.0.1/43165] INFO  ozone.MiniOzoneClusterImpl (MiniOzoneClusterImpl.java:lambda$waitForClusterToBeReady$0(219)) - Nodes are ready. Got 3 of 3 DN Heartbeats.
2022-01-13 07:02:20,711 [Listener at 127.0.0.1/43165] INFO  ozone.MiniOzoneClusterImpl (MiniOzoneClusterImpl.java:lambda$waitForClusterToBeReady$0(222)) - Waiting for cluster to exit safe mode
2022-01-13 07:02:20,711 [Listener at 127.0.0.1/43165] INFO  ozone.MiniOzoneClusterImpl (MiniOzoneClusterImpl.java:lambda$waitForClusterToBeReady$0(224)) - SCM became leader
2022-01-13 07:02:21,712 [Listener at 127.0.0.1/43165] INFO  ozone.MiniOzoneClusterImpl (MiniOzoneClusterImpl.java:lambda$waitForClusterToBeReady$0(219)) - Nodes are ready. Got 3 of 3 DN Heartbeats.
2022-01-13 07:02:21,712 [Listener at 127.0.0.1/43165] INFO  ozone.MiniOzoneClusterImpl (MiniOzoneClusterImpl.java:lambda$waitForClusterToBeReady$0(222)) - Waiting for cluster to exit safe mode
2022-01-13 07:02:21,712 [Listener at 127.0.0.1/43165] INFO  ozone.MiniOzoneClusterImpl (MiniOzoneClusterImpl.java:lambda$waitForClusterToBeReady$0(224)) - SCM became leader
2022-01-13 07:02:21,897 [3015db82-fb4c-400e-a95f-6cfd8e47dd90@group-2F0313A0DF11-FollowerState] INFO  impl.FollowerState (FollowerState.java:run(134)) - 3015db82-fb4c-400e-a95f-6cfd8e47dd90@group-2F0313A0DF11-FollowerState: change to CANDIDATE, lastRpcElapsedTime:5050122107ns, electionTimeout:5048ms
2022-01-13 07:02:21,899 [3015db82-fb4c-400e-a95f-6cfd8e47dd90@group-2F0313A0DF11-FollowerState] INFO  impl.RoleInfo (RoleInfo.java:shutdownFollowerState(108)) - 3015db82-fb4c-400e-a95f-6cfd8e47dd90: shutdown 3015db82-fb4c-400e-a95f-6cfd8e47dd90@group-2F0313A0DF11-FollowerState
2022-01-13 07:02:21,899 [3015db82-fb4c-400e-a95f-6cfd8e47dd90@group-2F0313A0DF11-FollowerState] INFO  server.RaftServer$Division (RaftServerImpl.java:setRole(290)) - 3015db82-fb4c-400e-a95f-6cfd8e47dd90@group-2F0313A0DF11: changes role from  FOLLOWER to CANDIDATE at term 6 for changeToCandidate
2022-01-13 07:02:21,899 [3015db82-fb4c-400e-a95f-6cfd8e47dd90@group-2F0313A0DF11-FollowerState] INFO  server.RaftServerConfigKeys (ConfUtils.java:logGet(44)) - raft.server.leaderelection.pre-vote = false (custom)
2022-01-13 07:02:21,899 [3015db82-fb4c-400e-a95f-6cfd8e47dd90@group-2F0313A0DF11-FollowerState] INFO  impl.RoleInfo (RoleInfo.java:updateAndGet(130)) - 3015db82-fb4c-400e-a95f-6cfd8e47dd90: start 3015db82-fb4c-400e-a95f-6cfd8e47dd90@group-2F0313A0DF11-LeaderElection16
2022-01-13 07:02:21,907 [f1e76221-b4f8-46a8-99fe-d8b881880070@group-2F0313A0DF11-FollowerState] INFO  impl.FollowerState (FollowerState.java:run(134)) - f1e76221-b4f8-46a8-99fe-d8b881880070@group-2F0313A0DF11-FollowerState: change to CANDIDATE, lastRpcElapsedTime:5053329545ns, electionTimeout:5048ms
2022-01-13 07:02:21,907 [f1e76221-b4f8-46a8-99fe-d8b881880070@group-2F0313A0DF11-FollowerState] INFO  impl.RoleInfo (RoleInfo.java:shutdownFollowerState(108)) - f1e76221-b4f8-46a8-99fe-d8b881880070: shutdown f1e76221-b4f8-46a8-99fe-d8b881880070@group-2F0313A0DF11-FollowerState
2022-01-13 07:02:21,907 [f1e76221-b4f8-46a8-99fe-d8b881880070@group-2F0313A0DF11-FollowerState] INFO  server.RaftServer$Division (RaftServerImpl.java:setRole(290)) - f1e76221-b4f8-46a8-99fe-d8b881880070@group-2F0313A0DF11: changes role from  FOLLOWER to CANDIDATE at term 6 for changeToCandidate
2022-01-13 07:02:21,907 [f1e76221-b4f8-46a8-99fe-d8b881880070@group-2F0313A0DF11-FollowerState] INFO  server.RaftServerConfigKeys (ConfUtils.java:logGet(44)) - raft.server.leaderelection.pre-vote = false (custom)
2022-01-13 07:02:21,907 [f1e76221-b4f8-46a8-99fe-d8b881880070@group-2F0313A0DF11-FollowerState] INFO  impl.RoleInfo (RoleInfo.java:updateAndGet(130)) - f1e76221-b4f8-46a8-99fe-d8b881880070: start f1e76221-b4f8-46a8-99fe-d8b881880070@group-2F0313A0DF11-LeaderElection17
2022-01-13 07:02:21,909 [3015db82-fb4c-400e-a95f-6cfd8e47dd90@group-2F0313A0DF11-LeaderElection16] INFO  impl.LeaderElection (LeaderElection.java:askForVotes(306)) - 3015db82-fb4c-400e-a95f-6cfd8e47dd90@group-2F0313A0DF11-LeaderElection16 ELECTION round 0: submit vote requests at term 7 for -1: [3015db82-fb4c-400e-a95f-6cfd8e47dd90|rpc:10.1.0.23:41163|priority:1, f1e76221-b4f8-46a8-99fe-d8b881880070|rpc:10.1.0.23:34875|priority:0, b200734c-4eb0-41ea-b507-ea370eae09c2|rpc:10.1.0.23:39873|priority:0], old=null
2022-01-13 07:02:21,924 [f1e76221-b4f8-46a8-99fe-d8b881880070@group-2F0313A0DF11-LeaderElection17] INFO  impl.LeaderElection (LeaderElection.java:askForVotes(306)) - f1e76221-b4f8-46a8-99fe-d8b881880070@group-2F0313A0DF11-LeaderElection17 ELECTION round 0: submit vote requests at term 7 for -1: [3015db82-fb4c-400e-a95f-6cfd8e47dd90|rpc:10.1.0.23:41163|priority:1, f1e76221-b4f8-46a8-99fe-d8b881880070|rpc:10.1.0.23:34875|priority:0, b200734c-4eb0-41ea-b507-ea370eae09c2|rpc:10.1.0.23:39873|priority:0], old=null
2022-01-13 07:02:21,935 [grpc-default-executor-0] INFO  server.RaftServer$Division (RaftServerImpl.java:requestVote(1046)) - 3015db82-fb4c-400e-a95f-6cfd8e47dd90@group-2F0313A0DF11: receive requestVote(ELECTION, f1e76221-b4f8-46a8-99fe-d8b881880070, group-2F0313A0DF11, 7, (t:0, i:0))
2022-01-13 07:02:21,935 [grpc-default-executor-0] INFO  impl.VoteContext (VoteContext.java:log(48)) - 3015db82-fb4c-400e-a95f-6cfd8e47dd90@group-2F0313A0DF11-CANDIDATE: reject ELECTION from f1e76221-b4f8-46a8-99fe-d8b881880070: already has voted for 3015db82-fb4c-400e-a95f-6cfd8e47dd90 at current term 7
2022-01-13 07:02:21,935 [grpc-default-executor-0] INFO  server.RaftServer$Division (RaftServerImpl.java:requestVote(1078)) - 3015db82-fb4c-400e-a95f-6cfd8e47dd90@group-2F0313A0DF11 replies to ELECTION vote request: f1e76221-b4f8-46a8-99fe-d8b881880070<-3015db82-fb4c-400e-a95f-6cfd8e47dd90#0:FAIL-t7. Peer's state: 3015db82-fb4c-400e-a95f-6cfd8e47dd90@group-2F0313A0DF11:t7, leader=null, voted=3015db82-fb4c-400e-a95f-6cfd8e47dd90, raftlog=3015db82-fb4c-400e-a95f-6cfd8e47dd90@group-2F0313A0DF11-SegmentedRaftLog:OPENED:c-1, conf=-1: [3015db82-fb4c-400e-a95f-6cfd8e47dd90|rpc:10.1.0.23:41163|priority:1, f1e76221-b4f8-46a8-99fe-d8b881880070|rpc:10.1.0.23:34875|priority:0, b200734c-4eb0-41ea-b507-ea370eae09c2|rpc:10.1.0.23:39873|priority:0], old=null
2022-01-13 07:02:21,943 [grpc-default-executor-0] INFO  server.RaftServer$Division (RaftServerImpl.java:requestVote(1046)) - f1e76221-b4f8-46a8-99fe-d8b881880070@group-2F0313A0DF11: receive requestVote(ELECTION, 3015db82-fb4c-400e-a95f-6cfd8e47dd90, group-2F0313A0DF11, 7, (t:0, i:0))
2022-01-13 07:02:21,944 [grpc-default-executor-0] INFO  impl.VoteContext (VoteContext.java:log(48)) - f1e76221-b4f8-46a8-99fe-d8b881880070@group-2F0313A0DF11-CANDIDATE: reject ELECTION from 3015db82-fb4c-400e-a95f-6cfd8e47dd90: already has voted for f1e76221-b4f8-46a8-99fe-d8b881880070 at current term 7
2022-01-13 07:02:21,944 [grpc-default-executor-0] INFO  server.RaftServer$Division (RaftServerImpl.java:requestVote(1078)) - f1e76221-b4f8-46a8-99fe-d8b881880070@group-2F0313A0DF11 replies to ELECTION vote request: 3015db82-fb4c-400e-a95f-6cfd8e47dd90<-f1e76221-b4f8-46a8-99fe-d8b881880070#0:FAIL-t7. Peer's state: f1e76221-b4f8-46a8-99fe-d8b881880070@group-2F0313A0DF11:t7, leader=null, voted=f1e76221-b4f8-46a8-99fe-d8b881880070, raftlog=f1e76221-b4f8-46a8-99fe-d8b881880070@group-2F0313A0DF11-SegmentedRaftLog:OPENED:c-1, conf=-1: [3015db82-fb4c-400e-a95f-6cfd8e47dd90|rpc:10.1.0.23:41163|priority:1, f1e76221-b4f8-46a8-99fe-d8b881880070|rpc:10.1.0.23:34875|priority:0, b200734c-4eb0-41ea-b507-ea370eae09c2|rpc:10.1.0.23:39873|priority:0], old=null
2022-01-13 07:02:21,949 [f1e76221-b4f8-46a8-99fe-d8b881880070@group-2F0313A0DF11-LeaderElection17] INFO  impl.LeaderElection (LeaderElection.java:logAndReturn(89)) - f1e76221-b4f8-46a8-99fe-d8b881880070@group-2F0313A0DF11-LeaderElection17: ELECTION REJECTED received 1 response(s) and 0 exception(s):
2022-01-13 07:02:21,954 [f1e76221-b4f8-46a8-99fe-d8b881880070@group-2F0313A0DF11-LeaderElection17] INFO  impl.LeaderElection (LeaderElection.java:logAndReturn(93)) -   Response 0: f1e76221-b4f8-46a8-99fe-d8b881880070<-3015db82-fb4c-400e-a95f-6cfd8e47dd90#0:FAIL-t7
2022-01-13 07:02:21,954 [f1e76221-b4f8-46a8-99fe-d8b881880070@group-2F0313A0DF11-LeaderElection17] INFO  impl.LeaderElection (LeaderElection.java:askForVotes(308)) - f1e76221-b4f8-46a8-99fe-d8b881880070@group-2F0313A0DF11-LeaderElection17 ELECTION round 0: result REJECTED
2022-01-13 07:02:21,954 [grpc-default-executor-1] INFO  server.RaftServer$Division (RaftServerImpl.java:requestVote(1046)) - b200734c-4eb0-41ea-b507-ea370eae09c2@group-2F0313A0DF11: receive requestVote(ELECTION, f1e76221-b4f8-46a8-99fe-d8b881880070, group-2F0313A0DF11, 7, (t:0, i:0))
2022-01-13 07:02:21,955 [grpc-default-executor-1] INFO  impl.VoteContext (VoteContext.java:log(48)) - b200734c-4eb0-41ea-b507-ea370eae09c2@group-2F0313A0DF11-FOLLOWER: accept ELECTION from f1e76221-b4f8-46a8-99fe-d8b881880070: our priority 0 <= candidate's priority 0
2022-01-13 07:02:21,955 [grpc-default-executor-1] INFO  server.RaftServer$Division (RaftServerImpl.java:setRole(290)) - b200734c-4eb0-41ea-b507-ea370eae09c2@group-2F0313A0DF11: changes role from  FOLLOWER to FOLLOWER at term 7 for candidate:f1e76221-b4f8-46a8-99fe-d8b881880070
2022-01-13 07:02:21,955 [grpc-default-executor-1] INFO  impl.RoleInfo (RoleInfo.java:shutdownFollowerState(108)) - b200734c-4eb0-41ea-b507-ea370eae09c2: shutdown b200734c-4eb0-41ea-b507-ea370eae09c2@group-2F0313A0DF11-FollowerState
2022-01-13 07:02:21,956 [grpc-default-executor-1] INFO  impl.RoleInfo (RoleInfo.java:updateAndGet(130)) - b200734c-4eb0-41ea-b507-ea370eae09c2: start b200734c-4eb0-41ea-b507-ea370eae09c2@group-2F0313A0DF11-FollowerState
2022-01-13 07:02:21,956 [b200734c-4eb0-41ea-b507-ea370eae09c2@group-2F0313A0DF11-FollowerState] INFO  impl.FollowerState (FollowerState.java:run(143)) - b200734c-4eb0-41ea-b507-ea370eae09c2@group-2F0313A0DF11-FollowerState was interrupted: {}
java.lang.InterruptedException: sleep interrupted
	at java.lang.Thread.sleep(Native Method)
	at java.lang.Thread.sleep(Thread.java:340)
	at java.util.concurrent.TimeUnit.sleep(TimeUnit.java:386)
	at org.apache.ratis.util.TimeDuration.sleep(TimeDuration.java:324)
	at org.apache.ratis.util.TimeDuration.sleep(TimeDuration.java:309)
	at org.apache.ratis.server.impl.FollowerState.run(FollowerState.java:118)
2022-01-13 07:02:21,955 [grpc-default-executor-0] INFO  server.RaftServer$Division (RaftServerImpl.java:requestVote(1046)) - b200734c-4eb0-41ea-b507-ea370eae09c2@group-2F0313A0DF11: receive requestVote(ELECTION, 3015db82-fb4c-400e-a95f-6cfd8e47dd90, group-2F0313A0DF11, 7, (t:0, i:0))
2022-01-13 07:02:21,954 [f1e76221-b4f8-46a8-99fe-d8b881880070@group-2F0313A0DF11-LeaderElection17] INFO  server.RaftServer$Division (RaftServerImpl.java:setRole(290)) - f1e76221-b4f8-46a8-99fe-d8b881880070@group-2F0313A0DF11: changes role from CANDIDATE to FOLLOWER at term 7 for REJECTED
2022-01-13 07:02:21,956 [f1e76221-b4f8-46a8-99fe-d8b881880070@group-2F0313A0DF11-LeaderElection17] INFO  impl.RoleInfo (RoleInfo.java:shutdownLeaderElection(121)) - f1e76221-b4f8-46a8-99fe-d8b881880070: shutdown f1e76221-b4f8-46a8-99fe-d8b881880070@group-2F0313A0DF11-LeaderElection17
2022-01-13 07:02:21,958 [f1e76221-b4f8-46a8-99fe-d8b881880070@group-2F0313A0DF11-LeaderElection17] INFO  impl.RoleInfo (RoleInfo.java:updateAndGet(130)) - f1e76221-b4f8-46a8-99fe-d8b881880070: start f1e76221-b4f8-46a8-99fe-d8b881880070@group-2F0313A0DF11-FollowerState
2022-01-13 07:02:21,960 [grpc-default-executor-1] INFO  server.RaftServer$Division (RaftServerImpl.java:requestVote(1078)) - b200734c-4eb0-41ea-b507-ea370eae09c2@group-2F0313A0DF11 replies to ELECTION vote request: f1e76221-b4f8-46a8-99fe-d8b881880070<-b200734c-4eb0-41ea-b507-ea370eae09c2#0:OK-t7. Peer's state: b200734c-4eb0-41ea-b507-ea370eae09c2@group-2F0313A0DF11:t7, leader=null, voted=f1e76221-b4f8-46a8-99fe-d8b881880070, raftlog=b200734c-4eb0-41ea-b507-ea370eae09c2@group-2F0313A0DF11-SegmentedRaftLog:OPENED:c-1, conf=-1: [3015db82-fb4c-400e-a95f-6cfd8e47dd90|rpc:10.1.0.23:41163|priority:1, f1e76221-b4f8-46a8-99fe-d8b881880070|rpc:10.1.0.23:34875|priority:0, b200734c-4eb0-41ea-b507-ea370eae09c2|rpc:10.1.0.23:39873|priority:0], old=null
2022-01-13 07:02:21,960 [grpc-default-executor-0] INFO  impl.VoteContext (VoteContext.java:log(48)) - b200734c-4eb0-41ea-b507-ea370eae09c2@group-2F0313A0DF11-FOLLOWER: reject ELECTION from 3015db82-fb4c-400e-a95f-6cfd8e47dd90: already has voted for f1e76221-b4f8-46a8-99fe-d8b881880070 at current term 7
2022-01-13 07:02:21,960 [grpc-default-executor-0] INFO  server.RaftServer$Division (RaftServerImpl.java:requestVote(1078)) - b200734c-4eb0-41ea-b507-ea370eae09c2@group-2F0313A0DF11 replies to ELECTION vote request: 3015db82-fb4c-400e-a95f-6cfd8e47dd90<-b200734c-4eb0-41ea-b507-ea370eae09c2#0:FAIL-t7. Peer's state: b200734c-4eb0-41ea-b507-ea370eae09c2@group-2F0313A0DF11:t7, leader=null, voted=f1e76221-b4f8-46a8-99fe-d8b881880070, raftlog=b200734c-4eb0-41ea-b507-ea370eae09c2@group-2F0313A0DF11-SegmentedRaftLog:OPENED:c-1, conf=-1: [3015db82-fb4c-400e-a95f-6cfd8e47dd90|rpc:10.1.0.23:41163|priority:1, f1e76221-b4f8-46a8-99fe-d8b881880070|rpc:10.1.0.23:34875|priority:0, b200734c-4eb0-41ea-b507-ea370eae09c2|rpc:10.1.0.23:39873|priority:0], old=null
2022-01-13 07:02:21,973 [3015db82-fb4c-400e-a95f-6cfd8e47dd90@group-2F0313A0DF11-LeaderElection16] INFO  impl.LeaderElection (LeaderElection.java:logAndReturn(89)) - 3015db82-fb4c-400e-a95f-6cfd8e47dd90@group-2F0313A0DF11-LeaderElection16: ELECTION REJECTED received 2 response(s) and 0 exception(s):
2022-01-13 07:02:21,973 [3015db82-fb4c-400e-a95f-6cfd8e47dd90@group-2F0313A0DF11-LeaderElection16] INFO  impl.LeaderElection (LeaderElection.java:logAndReturn(93)) -   Response 0: 3015db82-fb4c-400e-a95f-6cfd8e47dd90<-f1e76221-b4f8-46a8-99fe-d8b881880070#0:FAIL-t7
2022-01-13 07:02:21,974 [3015db82-fb4c-400e-a95f-6cfd8e47dd90@group-2F0313A0DF11-LeaderElection16] INFO  impl.LeaderElection (LeaderElection.java:logAndReturn(93)) -   Response 1: 3015db82-fb4c-400e-a95f-6cfd8e47dd90<-b200734c-4eb0-41ea-b507-ea370eae09c2#0:FAIL-t7
2022-01-13 07:02:21,974 [3015db82-fb4c-400e-a95f-6cfd8e47dd90@group-2F0313A0DF11-LeaderElection16] INFO  impl.LeaderElection (LeaderElection.java:askForVotes(308)) - 3015db82-fb4c-400e-a95f-6cfd8e47dd90@group-2F0313A0DF11-LeaderElection16 ELECTION round 0: result REJECTED
2022-01-13 07:02:21,974 [3015db82-fb4c-400e-a95f-6cfd8e47dd90@group-2F0313A0DF11-LeaderElection16] INFO  server.RaftServer$Division (RaftServerImpl.java:setRole(290)) - 3015db82-fb4c-400e-a95f-6cfd8e47dd90@group-2F0313A0DF11: changes role from CANDIDATE to FOLLOWER at term 7 for REJECTED
2022-01-13 07:02:21,974 [3015db82-fb4c-400e-a95f-6cfd8e47dd90@group-2F0313A0DF11-LeaderElection16] INFO  impl.RoleInfo (RoleInfo.java:shutdownLeaderElection(121)) - 3015db82-fb4c-400e-a95f-6cfd8e47dd90: shutdown 3015db82-fb4c-400e-a95f-6cfd8e47dd90@group-2F0313A0DF11-LeaderElection16
2022-01-13 07:02:21,974 [3015db82-fb4c-400e-a95f-6cfd8e47dd90@group-2F0313A0DF11-LeaderElection16] INFO  impl.RoleInfo (RoleInfo.java:updateAndGet(130)) - 3015db82-fb4c-400e-a95f-6cfd8e47dd90: start 3015db82-fb4c-400e-a95f-6cfd8e47dd90@group-2F0313A0DF11-FollowerState
2022-01-13 07:02:22,712 [Listener at 127.0.0.1/43165] INFO  ozone.MiniOzoneClusterImpl (MiniOzoneClusterImpl.java:lambda$waitForClusterToBeReady$0(219)) - Nodes are ready. Got 3 of 3 DN Heartbeats.
2022-01-13 07:02:22,714 [Listener at 127.0.0.1/43165] INFO  ozone.MiniOzoneClusterImpl (MiniOzoneClusterImpl.java:lambda$waitForClusterToBeReady$0(222)) - Waiting for cluster to exit safe mode
2022-01-13 07:02:22,714 [Listener at 127.0.0.1/43165] INFO  ozone.MiniOzoneClusterImpl (MiniOzoneClusterImpl.java:lambda$waitForClusterToBeReady$0(224)) - SCM became leader
2022-01-13 07:02:23,714 [Listener at 127.0.0.1/43165] INFO  ozone.MiniOzoneClusterImpl (MiniOzoneClusterImpl.java:lambda$waitForClusterToBeReady$0(219)) - Nodes are ready. Got 3 of 3 DN Heartbeats.
2022-01-13 07:02:23,715 [Listener at 127.0.0.1/43165] INFO  ozone.MiniOzoneClusterImpl (MiniOzoneClusterImpl.java:lambda$waitForClusterToBeReady$0(222)) - Waiting for cluster to exit safe mode
2022-01-13 07:02:23,715 [Listener at 127.0.0.1/43165] INFO  ozone.MiniOzoneClusterImpl (MiniOzoneClusterImpl.java:lambda$waitForClusterToBeReady$0(224)) - SCM became leader
2022-01-13 07:02:24,715 [Listener at 127.0.0.1/43165] INFO  ozone.MiniOzoneClusterImpl (MiniOzoneClusterImpl.java:lambda$waitForClusterToBeReady$0(219)) - Nodes are ready. Got 3 of 3 DN Heartbeats.
2022-01-13 07:02:24,716 [Listener at 127.0.0.1/43165] INFO  ozone.MiniOzoneClusterImpl (MiniOzoneClusterImpl.java:lambda$waitForClusterToBeReady$0(222)) - Waiting for cluster to exit safe mode
2022-01-13 07:02:24,716 [Listener at 127.0.0.1/43165] INFO  ozone.MiniOzoneClusterImpl (MiniOzoneClusterImpl.java:lambda$waitForClusterToBeReady$0(224)) - SCM became leader
2022-01-13 07:02:25,716 [Listener at 127.0.0.1/43165] INFO  ozone.MiniOzoneClusterImpl (MiniOzoneClusterImpl.java:lambda$waitForClusterToBeReady$0(219)) - Nodes are ready. Got 3 of 3 DN Heartbeats.
2022-01-13 07:02:25,716 [Listener at 127.0.0.1/43165] INFO  ozone.MiniOzoneClusterImpl (MiniOzoneClusterImpl.java:lambda$waitForClusterToBeReady$0(222)) - Waiting for cluster to exit safe mode
2022-01-13 07:02:25,716 [Listener at 127.0.0.1/43165] INFO  ozone.MiniOzoneClusterImpl (MiniOzoneClusterImpl.java:lambda$waitForClusterToBeReady$0(224)) - SCM became leader
2022-01-13 07:02:25,808 [Time-limited test] INFO  ozone.MiniOzoneClusterImpl (MiniOzoneClusterImpl.java:shutdown(437)) - Shutting down the Mini Ozone Cluster
2022-01-13 07:02:25,809 [Time-limited test] INFO  ozone.MiniOzoneClusterImpl (MiniOzoneClusterImpl.java:stop(452)) - Stopping the Mini Ozone Cluster
2022-01-13 07:02:25,809 [Time-limited test] INFO  ozone.MiniOzoneClusterImpl (MiniOzoneClusterImpl.java:stopOM(534)) - Stopping the OzoneManager
2022-01-13 07:02:25,809 [Time-limited test] INFO  om.OzoneManager (OzoneManager.java:stop(1893)) - om1[localhost:0]: Stopping Ozone Manager
2022-01-13 07:02:25,810 [Time-limited test] INFO  ipc.Server (Server.java:stop(3414)) - Stopping server on 43165
2022-01-13 07:02:25,814 [IPC Server listener on 0] INFO  ipc.Server (Server.java:run(1376)) - Stopping IPC Server listener on 0
2022-01-13 07:02:25,815 [IPC Server Responder] INFO  ipc.Server (Server.java:run(1512)) - Stopping IPC Server Responder
2022-01-13 07:02:25,815 [Time-limited test] INFO  server.RaftServer (RaftServerProxy.java:lambda$close$6(391)) - om1: close
2022-01-13 07:02:25,816 [Time-limited test] INFO  server.RaftServer$Division (RaftServerImpl.java:lambda$close$4(412)) - om1@group-C5BA1605619E: shutdown
2022-01-13 07:02:25,816 [Time-limited test] INFO  util.JmxRegister (JmxRegister.java:unregister(73)) - Successfully un-registered JMX Bean with object name Ratis:service=RaftServer,group=group-C5BA1605619E,id=om1
2022-01-13 07:02:25,816 [Time-limited test] INFO  impl.RoleInfo (RoleInfo.java:shutdownLeaderState(91)) - om1: shutdown om1@group-C5BA1605619E-LeaderStateImpl
2022-01-13 07:02:25,816 [Time-limited test] INFO  impl.PendingRequests (PendingRequests.java:sendNotLeaderResponses(282)) - om1@group-C5BA1605619E-PendingRequests: sendNotLeaderResponses
2022-01-13 07:02:25,818 [om1@group-C5BA1605619E-StateMachineUpdater] INFO  ratis.OzoneManagerStateMachine (OzoneManagerStateMachine.java:takeSnapshot(417)) - Current Snapshot Index (t:1, i:0)
2022-01-13 07:02:25,818 [om1@group-C5BA1605619E-StateMachineUpdater] INFO  impl.StateMachineUpdater (StateMachineUpdater.java:takeSnapshot(281)) - om1@group-C5BA1605619E-StateMachineUpdater: Took a snapshot at index 0
2022-01-13 07:02:25,818 [om1@group-C5BA1605619E-StateMachineUpdater] INFO  impl.StateMachineUpdater (StateMachineUpdater.java:lambda$new$0(89)) - om1@group-C5BA1605619E-StateMachineUpdater: snapshotIndex: updateIncreasingly -1 -> 0
2022-01-13 07:02:25,818 [om1@group-C5BA1605619E-StateMachineUpdater] INFO  ratis.OzoneManagerStateMachine (OzoneManagerStateMachine.java:close(471)) - StateMachine has shutdown. Shutdown OzoneManager if not already shutdown.
2022-01-13 07:02:25,821 [Time-limited test] INFO  impl.StateMachineUpdater (StateMachineUpdater.java:stopAndJoin(149)) - om1@group-C5BA1605619E-StateMachineUpdater: set stopIndex = 0
2022-01-13 07:02:25,821 [Time-limited test] INFO  server.RaftServer$Division (ServerState.java:close(419)) - om1@group-C5BA1605619E: closes. applyIndex: 0
2022-01-13 07:02:25,821 [om1@group-C5BA1605619E-SegmentedRaftLogWorker] INFO  segmented.SegmentedRaftLogWorker (SegmentedRaftLogWorker.java:run(327)) - om1@group-C5BA1605619E-SegmentedRaftLogWorker was interrupted, exiting. There are 0 tasks remaining in the queue.
2022-01-13 07:02:25,823 [Time-limited test] INFO  segmented.SegmentedRaftLogWorker (SegmentedRaftLogWorker.java:close(237)) - om1@group-C5BA1605619E-SegmentedRaftLogWorker close()
2022-01-13 07:02:25,824 [Time-limited test] INFO  server.GrpcService (GrpcService.java:closeImpl(262)) - om1: shutdown server with port 9872 now
2022-01-13 07:02:25,824 [Time-limited test] INFO  server.GrpcService (GrpcService.java:closeImpl(271)) - om1: shutdown server with port 9872 successfully
2022-01-13 07:02:25,825 [org.apache.ratis.util.JvmPauseMonitor$$Lambda$431/949233711@174f40a9] INFO  util.JvmPauseMonitor (JvmPauseMonitor.java:run(109)) - JvmPauseMonitor-om1: Stopped
2022-01-13 07:02:25,825 [Time-limited test] INFO  ratis.OzoneManagerDoubleBuffer (OzoneManagerDoubleBuffer.java:stop(437)) - Stopping OMDoubleBuffer flush thread
2022-01-13 07:02:25,825 [OMDoubleBufferFlushThread] INFO  ratis.OzoneManagerDoubleBuffer (OzoneManagerDoubleBuffer.java:flushTransactions(356)) - OMDoubleBuffer flush thread OMDoubleBufferFlushThread is interrupted and will exit. OMDoubleBufferFlushThread
2022-01-13 07:02:25,826 [Time-limited test] INFO  utils.BackgroundService (BackgroundService.java:shutdown(132)) - Shutting down service KeyDeletingService
2022-01-13 07:02:25,826 [Time-limited test] INFO  utils.BackgroundService (BackgroundService.java:shutdown(132)) - Shutting down service DirectoryDeletingService
2022-01-13 07:02:25,829 [Time-limited test] INFO  handler.ContextHandler (ContextHandler.java:doStop(1153)) - Stopped o.e.j.w.WebAppContext@35f411b{ozoneManager,/,null,STOPPED}{file:/home/runner/work/ozone/ozone/hadoop-ozone/integration-test/target/test-classes/webapps/ozoneManager}
2022-01-13 07:02:25,830 [Time-limited test] INFO  server.AbstractConnector (AbstractConnector.java:doStop(381)) - Stopped ServerConnector@55b0660f{HTTP/1.1, (http/1.1)}{0.0.0.0:0}
2022-01-13 07:02:25,830 [Time-limited test] INFO  server.session (HouseKeeper.java:stopScavenging(149)) - node0 Stopped scavenging
2022-01-13 07:02:25,832 [Time-limited test] INFO  handler.ContextHandler (ContextHandler.java:doStop(1153)) - Stopped o.e.j.s.ServletContextHandler@51ba3547{static,/static,file:///home/runner/work/ozone/ozone/hadoop-ozone/integration-test/target/test-classes/webapps/static,STOPPED}
2022-01-13 07:02:25,833 [Time-limited test] INFO  handler.ContextHandler (ContextHandler.java:doStop(1153)) - Stopped o.e.j.s.ServletContextHandler@31b6bda{logs,/logs,file:///home/runner/work/ozone/ozone/hadoop-ozone/integration-test/target/log,STOPPED}
2022-01-13 07:02:25,838 [Time-limited test] INFO  ozone.MiniOzoneClusterImpl (MiniOzoneClusterImpl.java:stopDatanodes(511)) - Stopping the HddsDatanodes
2022-01-13 07:02:26,983 [3015db82-fb4c-400e-a95f-6cfd8e47dd90@group-2F0313A0DF11-FollowerState] INFO  impl.FollowerState (FollowerState.java:run(134)) - 3015db82-fb4c-400e-a95f-6cfd8e47dd90@group-2F0313A0DF11-FollowerState: change to CANDIDATE, lastRpcElapsedTime:5008334454ns, electionTimeout:5004ms
2022-01-13 07:02:26,983 [3015db82-fb4c-400e-a95f-6cfd8e47dd90@group-2F0313A0DF11-FollowerState] INFO  impl.RoleInfo (RoleInfo.java:shutdownFollowerState(108)) - 3015db82-fb4c-400e-a95f-6cfd8e47dd90: shutdown 3015db82-fb4c-400e-a95f-6cfd8e47dd90@group-2F0313A0DF11-FollowerState
2022-01-13 07:02:26,983 [3015db82-fb4c-400e-a95f-6cfd8e47dd90@group-2F0313A0DF11-FollowerState] INFO  server.RaftServer$Division (RaftServerImpl.java:setRole(290)) - 3015db82-fb4c-400e-a95f-6cfd8e47dd90@group-2F0313A0DF11: changes role from  FOLLOWER to CANDIDATE at term 7 for changeToCandidate
2022-01-13 07:02:26,983 [3015db82-fb4c-400e-a95f-6cfd8e47dd90@group-2F0313A0DF11-FollowerState] INFO  server.RaftServerConfigKeys (ConfUtils.java:logGet(44)) - raft.server.leaderelection.pre-vote = false (custom)
2022-01-13 07:02:26,983 [3015db82-fb4c-400e-a95f-6cfd8e47dd90@group-2F0313A0DF11-FollowerState] INFO  impl.RoleInfo (RoleInfo.java:updateAndGet(130)) - 3015db82-fb4c-400e-a95f-6cfd8e47dd90: start 3015db82-fb4c-400e-a95f-6cfd8e47dd90@group-2F0313A0DF11-LeaderElection18
2022-01-13 07:02:27,002 [3015db82-fb4c-400e-a95f-6cfd8e47dd90@group-2F0313A0DF11-LeaderElection18] INFO  impl.LeaderElection (LeaderElection.java:askForVotes(306)) - 3015db82-fb4c-400e-a95f-6cfd8e47dd90@group-2F0313A0DF11-LeaderElection18 ELECTION round 0: submit vote requests at term 8 for -1: [3015db82-fb4c-400e-a95f-6cfd8e47dd90|rpc:10.1.0.23:41163|priority:1, f1e76221-b4f8-46a8-99fe-d8b881880070|rpc:10.1.0.23:34875|priority:0, b200734c-4eb0-41ea-b507-ea370eae09c2|rpc:10.1.0.23:39873|priority:0], old=null
2022-01-13 07:02:27,011 [grpc-default-executor-0] INFO  server.RaftServer$Division (RaftServerImpl.java:requestVote(1046)) - f1e76221-b4f8-46a8-99fe-d8b881880070@group-2F0313A0DF11: receive requestVote(ELECTION, 3015db82-fb4c-400e-a95f-6cfd8e47dd90, group-2F0313A0DF11, 8, (t:0, i:0))
2022-01-13 07:02:27,011 [grpc-default-executor-0] INFO  impl.VoteContext (VoteContext.java:log(48)) - f1e76221-b4f8-46a8-99fe-d8b881880070@group-2F0313A0DF11-FOLLOWER: accept ELECTION from 3015db82-fb4c-400e-a95f-6cfd8e47dd90: our priority 0 <= candidate's priority 1
2022-01-13 07:02:27,011 [grpc-default-executor-0] INFO  server.RaftServer$Division (RaftServerImpl.java:setRole(290)) - f1e76221-b4f8-46a8-99fe-d8b881880070@group-2F0313A0DF11: changes role from  FOLLOWER to FOLLOWER at term 8 for candidate:3015db82-fb4c-400e-a95f-6cfd8e47dd90
2022-01-13 07:02:27,011 [grpc-default-executor-0] INFO  impl.RoleInfo (RoleInfo.java:shutdownFollowerState(108)) - f1e76221-b4f8-46a8-99fe-d8b881880070: shutdown f1e76221-b4f8-46a8-99fe-d8b881880070@group-2F0313A0DF11-FollowerState
2022-01-13 07:02:27,011 [grpc-default-executor-0] INFO  impl.RoleInfo (RoleInfo.java:updateAndGet(130)) - f1e76221-b4f8-46a8-99fe-d8b881880070: start f1e76221-b4f8-46a8-99fe-d8b881880070@group-2F0313A0DF11-FollowerState
2022-01-13 07:02:27,011 [f1e76221-b4f8-46a8-99fe-d8b881880070@group-2F0313A0DF11-FollowerState] INFO  impl.FollowerState (FollowerState.java:run(143)) - f1e76221-b4f8-46a8-99fe-d8b881880070@group-2F0313A0DF11-FollowerState was interrupted: {}
java.lang.InterruptedException: sleep interrupted
	at java.lang.Thread.sleep(Native Method)
	at java.lang.Thread.sleep(Thread.java:340)
	at java.util.concurrent.TimeUnit.sleep(TimeUnit.java:386)
	at org.apache.ratis.util.TimeDuration.sleep(TimeDuration.java:324)
	at org.apache.ratis.util.TimeDuration.sleep(TimeDuration.java:309)
	at org.apache.ratis.server.impl.FollowerState.run(FollowerState.java:118)
2022-01-13 07:02:27,017 [grpc-default-executor-0] INFO  server.RaftServer$Division (RaftServerImpl.java:requestVote(1078)) - f1e76221-b4f8-46a8-99fe-d8b881880070@group-2F0313A0DF11 replies to ELECTION vote request: 3015db82-fb4c-400e-a95f-6cfd8e47dd90<-f1e76221-b4f8-46a8-99fe-d8b881880070#0:OK-t8. Peer's state: f1e76221-b4f8-46a8-99fe-d8b881880070@group-2F0313A0DF11:t8, leader=null, voted=3015db82-fb4c-400e-a95f-6cfd8e47dd90, raftlog=f1e76221-b4f8-46a8-99fe-d8b881880070@group-2F0313A0DF11-SegmentedRaftLog:OPENED:c-1, conf=-1: [3015db82-fb4c-400e-a95f-6cfd8e47dd90|rpc:10.1.0.23:41163|priority:1, f1e76221-b4f8-46a8-99fe-d8b881880070|rpc:10.1.0.23:34875|priority:0, b200734c-4eb0-41ea-b507-ea370eae09c2|rpc:10.1.0.23:39873|priority:0], old=null
2022-01-13 07:02:27,020 [3015db82-fb4c-400e-a95f-6cfd8e47dd90@group-2F0313A0DF11-LeaderElection18] INFO  impl.LeaderElection (LeaderElection.java:logAndReturn(89)) - 3015db82-fb4c-400e-a95f-6cfd8e47dd90@group-2F0313A0DF11-LeaderElection18: ELECTION PASSED received 1 response(s) and 0 exception(s):
2022-01-13 07:02:27,020 [3015db82-fb4c-400e-a95f-6cfd8e47dd90@group-2F0313A0DF11-LeaderElection18] INFO  impl.LeaderElection (LeaderElection.java:logAndReturn(93)) -   Response 0: 3015db82-fb4c-400e-a95f-6cfd8e47dd90<-f1e76221-b4f8-46a8-99fe-d8b881880070#0:OK-t8
2022-01-13 07:02:27,020 [3015db82-fb4c-400e-a95f-6cfd8e47dd90@group-2F0313A0DF11-LeaderElection18] INFO  impl.LeaderElection (LeaderElection.java:askForVotes(308)) - 3015db82-fb4c-400e-a95f-6cfd8e47dd90@group-2F0313A0DF11-LeaderElection18 ELECTION round 0: result PASSED
2022-01-13 07:02:27,020 [3015db82-fb4c-400e-a95f-6cfd8e47dd90@group-2F0313A0DF11-LeaderElection18] INFO  impl.RoleInfo (RoleInfo.java:shutdownLeaderElection(121)) - 3015db82-fb4c-400e-a95f-6cfd8e47dd90: shutdown 3015db82-fb4c-400e-a95f-6cfd8e47dd90@group-2F0313A0DF11-LeaderElection18
2022-01-13 07:02:27,020 [3015db82-fb4c-400e-a95f-6cfd8e47dd90@group-2F0313A0DF11-LeaderElection18] INFO  server.RaftServer$Division (RaftServerImpl.java:setRole(290)) - 3015db82-fb4c-400e-a95f-6cfd8e47dd90@group-2F0313A0DF11: changes role from CANDIDATE to LEADER at term 8 for changeToLeader
2022-01-13 07:02:27,020 [3015db82-fb4c-400e-a95f-6cfd8e47dd90@group-2F0313A0DF11-LeaderElection18] INFO  ratis.XceiverServerRatis (XceiverServerRatis.java:handleLeaderChangedNotification(866)) - Leader change notification received for group: group-2F0313A0DF11 with new leaderId: 3015db82-fb4c-400e-a95f-6cfd8e47dd90
2022-01-13 07:02:27,021 [3015db82-fb4c-400e-a95f-6cfd8e47dd90@group-2F0313A0DF11-LeaderElection18] INFO  server.RaftServer$Division (ServerState.java:setLeader(285)) - 3015db82-fb4c-400e-a95f-6cfd8e47dd90@group-2F0313A0DF11: change Leader from null to 3015db82-fb4c-400e-a95f-6cfd8e47dd90 at term 8 for becomeLeader, leader elected after 40515ms
2022-01-13 07:02:27,021 [3015db82-fb4c-400e-a95f-6cfd8e47dd90@group-2F0313A0DF11-LeaderElection18] INFO  server.RaftServerConfigKeys (ConfUtils.java:logGet(44)) - raft.server.staging.catchup.gap = 1000 (default)
2022-01-13 07:02:27,021 [3015db82-fb4c-400e-a95f-6cfd8e47dd90@group-2F0313A0DF11-LeaderElection18] INFO  server.RaftServerConfigKeys (ConfUtils.java:logGet(44)) - raft.server.write.element-limit = 1024 (custom)
2022-01-13 07:02:27,021 [3015db82-fb4c-400e-a95f-6cfd8e47dd90@group-2F0313A0DF11-LeaderElection18] INFO  server.RaftServerConfigKeys (ConfUtils.java:logGet(44)) - raft.server.write.byte-limit = 1024 M (=1073741824) (custom)
2022-01-13 07:02:27,021 [3015db82-fb4c-400e-a95f-6cfd8e47dd90@group-2F0313A0DF11-LeaderElection18] INFO  server.RaftServerConfigKeys (ConfUtils.java:logGet(44)) - raft.server.watch.timeout = 180s (custom)
2022-01-13 07:02:27,021 [3015db82-fb4c-400e-a95f-6cfd8e47dd90@group-2F0313A0DF11-LeaderElection18] INFO  server.RaftServerConfigKeys (ConfUtils.java:logGet(44)) - raft.server.watch.timeout.denomination = 1s (default)
2022-01-13 07:02:27,021 [3015db82-fb4c-400e-a95f-6cfd8e47dd90@group-2F0313A0DF11-LeaderElection18] INFO  server.RaftServerConfigKeys (ConfUtils.java:logGet(44)) - raft.server.watch.element-limit = 65536 (default)
2022-01-13 07:02:27,021 [3015db82-fb4c-400e-a95f-6cfd8e47dd90@group-2F0313A0DF11-LeaderElection18] INFO  server.RaftServerConfigKeys (ConfUtils.java:logGet(44)) - raft.server.write.element-limit = 1024 (custom)
2022-01-13 07:02:27,022 [3015db82-fb4c-400e-a95f-6cfd8e47dd90@group-2F0313A0DF11-LeaderElection18] INFO  server.RaftServerConfigKeys (ConfUtils.java:logGet(44)) - raft.server.write.follower.gap.ratio.max = -1.0 (default)
2022-01-13 07:02:27,033 [3015db82-fb4c-400e-a95f-6cfd8e47dd90@group-2F0313A0DF11-LeaderElection18] INFO  server.RaftServerConfigKeys (ConfUtils.java:logGet(44)) - raft.server.log.appender.snapshot.chunk.size.max = 16MB (=16777216) (default)
2022-01-13 07:02:27,034 [grpc-default-executor-0] INFO  server.RaftServer$Division (RaftServerImpl.java:requestVote(1046)) - b200734c-4eb0-41ea-b507-ea370eae09c2@group-2F0313A0DF11: receive requestVote(ELECTION, 3015db82-fb4c-400e-a95f-6cfd8e47dd90, group-2F0313A0DF11, 8, (t:0, i:0))
2022-01-13 07:02:27,039 [grpc-default-executor-0] INFO  impl.VoteContext (VoteContext.java:log(48)) - b200734c-4eb0-41ea-b507-ea370eae09c2@group-2F0313A0DF11-FOLLOWER: accept ELECTION from 3015db82-fb4c-400e-a95f-6cfd8e47dd90: our priority 0 <= candidate's priority 1
2022-01-13 07:02:27,039 [grpc-default-executor-0] INFO  server.RaftServer$Division (RaftServerImpl.java:setRole(290)) - b200734c-4eb0-41ea-b507-ea370eae09c2@group-2F0313A0DF11: changes role from  FOLLOWER to FOLLOWER at term 8 for candidate:3015db82-fb4c-400e-a95f-6cfd8e47dd90
2022-01-13 07:02:27,039 [grpc-default-executor-0] INFO  impl.RoleInfo (RoleInfo.java:shutdownFollowerState(108)) - b200734c-4eb0-41ea-b507-ea370eae09c2: shutdown b200734c-4eb0-41ea-b507-ea370eae09c2@group-2F0313A0DF11-FollowerState
2022-01-13 07:02:27,039 [grpc-default-executor-0] INFO  impl.RoleInfo (RoleInfo.java:updateAndGet(130)) - b200734c-4eb0-41ea-b507-ea370eae09c2: start b200734c-4eb0-41ea-b507-ea370eae09c2@group-2F0313A0DF11-FollowerState
2022-01-13 07:02:27,039 [b200734c-4eb0-41ea-b507-ea370eae09c2@group-2F0313A0DF11-FollowerState] INFO  impl.FollowerState (FollowerState.java:run(143)) - b200734c-4eb0-41ea-b507-ea370eae09c2@group-2F0313A0DF11-FollowerState was interrupted: {}
java.lang.InterruptedException: sleep interrupted
	at java.lang.Thread.sleep(Native Method)
	at java.lang.Thread.sleep(Thread.java:340)
	at java.util.concurrent.TimeUnit.sleep(TimeUnit.java:386)
	at org.apache.ratis.util.TimeDuration.sleep(TimeDuration.java:324)
	at org.apache.ratis.util.TimeDuration.sleep(TimeDuration.java:309)
	at org.apache.ratis.server.impl.FollowerState.run(FollowerState.java:118)
2022-01-13 07:02:27,041 [grpc-default-executor-0] INFO  server.RaftServer$Division (RaftServerImpl.java:requestVote(1078)) - b200734c-4eb0-41ea-b507-ea370eae09c2@group-2F0313A0DF11 replies to ELECTION vote request: 3015db82-fb4c-400e-a95f-6cfd8e47dd90<-b200734c-4eb0-41ea-b507-ea370eae09c2#0:OK-t8. Peer's state: b200734c-4eb0-41ea-b507-ea370eae09c2@group-2F0313A0DF11:t8, leader=null, voted=3015db82-fb4c-400e-a95f-6cfd8e47dd90, raftlog=b200734c-4eb0-41ea-b507-ea370eae09c2@group-2F0313A0DF11-SegmentedRaftLog:OPENED:c-1, conf=-1: [3015db82-fb4c-400e-a95f-6cfd8e47dd90|rpc:10.1.0.23:41163|priority:1, f1e76221-b4f8-46a8-99fe-d8b881880070|rpc:10.1.0.23:34875|priority:0, b200734c-4eb0-41ea-b507-ea370eae09c2|rpc:10.1.0.23:39873|priority:0], old=null
2022-01-13 07:02:27,041 [3015db82-fb4c-400e-a95f-6cfd8e47dd90@group-2F0313A0DF11-LeaderElection18] INFO  server.RaftServerConfigKeys (ConfUtils.java:logGet(44)) - raft.server.log.appender.buffer.byte-limit = 33554432 (custom)
2022-01-13 07:02:27,041 [3015db82-fb4c-400e-a95f-6cfd8e47dd90@group-2F0313A0DF11-LeaderElection18] INFO  server.RaftServerConfigKeys (ConfUtils.java:logGet(44)) - raft.server.log.appender.buffer.element-limit = 1 (custom)
2022-01-13 07:02:27,051 [3015db82-fb4c-400e-a95f-6cfd8e47dd90@group-2F0313A0DF11-LeaderElection18] INFO  grpc.GrpcConfigKeys (ConfUtils.java:logGet(44)) - raft.grpc.server.leader.outstanding.appends.max = 128 (default)
2022-01-13 07:02:27,053 [3015db82-fb4c-400e-a95f-6cfd8e47dd90@group-2F0313A0DF11-LeaderElection18] INFO  server.RaftServerConfigKeys (ConfUtils.java:logGet(44)) - raft.server.rpc.request.timeout = 60s (custom)
2022-01-13 07:02:27,055 [3015db82-fb4c-400e-a95f-6cfd8e47dd90@group-2F0313A0DF11-LeaderElection18] INFO  server.RaftServerConfigKeys (ConfUtils.java:logGet(44)) - raft.server.log.appender.install.snapshot.enabled = false (custom)
2022-01-13 07:02:27,060 [3015db82-fb4c-400e-a95f-6cfd8e47dd90@group-2F0313A0DF11-LeaderElection18] INFO  server.RaftServerConfigKeys (ConfUtils.java:logGet(44)) - raft.server.log.appender.snapshot.chunk.size.max = 16MB (=16777216) (default)
2022-01-13 07:02:27,060 [3015db82-fb4c-400e-a95f-6cfd8e47dd90@group-2F0313A0DF11-LeaderElection18] INFO  server.RaftServerConfigKeys (ConfUtils.java:logGet(44)) - raft.server.log.appender.buffer.byte-limit = 33554432 (custom)
2022-01-13 07:02:27,060 [3015db82-fb4c-400e-a95f-6cfd8e47dd90@group-2F0313A0DF11-LeaderElection18] INFO  server.RaftServerConfigKeys (ConfUtils.java:logGet(44)) - raft.server.log.appender.buffer.element-limit = 1 (custom)
2022-01-13 07:02:27,060 [3015db82-fb4c-400e-a95f-6cfd8e47dd90@group-2F0313A0DF11-LeaderElection18] INFO  grpc.GrpcConfigKeys (ConfUtils.java:logGet(44)) - raft.grpc.server.leader.outstanding.appends.max = 128 (default)
2022-01-13 07:02:27,060 [3015db82-fb4c-400e-a95f-6cfd8e47dd90@group-2F0313A0DF11-LeaderElection18] INFO  server.RaftServerConfigKeys (ConfUtils.java:logGet(44)) - raft.server.rpc.request.timeout = 60s (custom)
2022-01-13 07:02:27,060 [3015db82-fb4c-400e-a95f-6cfd8e47dd90@group-2F0313A0DF11-LeaderElection18] INFO  server.RaftServerConfigKeys (ConfUtils.java:logGet(44)) - raft.server.log.appender.install.snapshot.enabled = false (custom)
2022-01-13 07:02:27,062 [3015db82-fb4c-400e-a95f-6cfd8e47dd90@group-2F0313A0DF11-LeaderElection18] INFO  impl.RoleInfo (RoleInfo.java:updateAndGet(130)) - 3015db82-fb4c-400e-a95f-6cfd8e47dd90: start 3015db82-fb4c-400e-a95f-6cfd8e47dd90@group-2F0313A0DF11-LeaderStateImpl
2022-01-13 07:02:27,062 [3015db82-fb4c-400e-a95f-6cfd8e47dd90@group-2F0313A0DF11-LeaderElection18] INFO  segmented.SegmentedRaftLogWorker (SegmentedRaftLogWorker.java:startLogSegment(394)) - 3015db82-fb4c-400e-a95f-6cfd8e47dd90@group-2F0313A0DF11-SegmentedRaftLogWorker: Starting segment from index:0
2022-01-13 07:02:27,064 [3015db82-fb4c-400e-a95f-6cfd8e47dd90@group-2F0313A0DF11-SegmentedRaftLogWorker] INFO  segmented.SegmentedRaftLogWorker (SegmentedRaftLogWorker.java:execute(601)) - 3015db82-fb4c-400e-a95f-6cfd8e47dd90@group-2F0313A0DF11-SegmentedRaftLogWorker: created new log segment /home/runner/work/ozone/ozone/hadoop-ozone/integration-test/target/test-dir/MiniOzoneClusterImpl-5cc78717-de86-4374-8821-2b604027a93e/datanode-1/data/ratis/03c41640-69dc-408d-aaac-2f0313a0df11/current/log_inprogress_0
2022-01-13 07:02:27,073 [3015db82-fb4c-400e-a95f-6cfd8e47dd90@group-2F0313A0DF11-LeaderElection18] INFO  server.RaftServer$Division (ServerState.java:setRaftConf(387)) - 3015db82-fb4c-400e-a95f-6cfd8e47dd90@group-2F0313A0DF11: set configuration 0: [3015db82-fb4c-400e-a95f-6cfd8e47dd90|rpc:10.1.0.23:41163|dataStream:|priority:1, f1e76221-b4f8-46a8-99fe-d8b881880070|rpc:10.1.0.23:34875|dataStream:|priority:0, b200734c-4eb0-41ea-b507-ea370eae09c2|rpc:10.1.0.23:39873|dataStream:|priority:0], old=null
2022-01-13 07:02:27,112 [grpc-default-executor-2] INFO  ratis.XceiverServerRatis (XceiverServerRatis.java:handleLeaderChangedNotification(866)) - Leader change notification received for group: group-2F0313A0DF11 with new leaderId: 3015db82-fb4c-400e-a95f-6cfd8e47dd90
2022-01-13 07:02:27,112 [grpc-default-executor-2] INFO  server.RaftServer$Division (ServerState.java:setLeader(285)) - b200734c-4eb0-41ea-b507-ea370eae09c2@group-2F0313A0DF11: change Leader from null to 3015db82-fb4c-400e-a95f-6cfd8e47dd90 at term 8 for appendEntries, leader elected after 40323ms
2022-01-13 07:02:27,114 [grpc-default-executor-3] INFO  ratis.XceiverServerRatis (XceiverServerRatis.java:handleLeaderChangedNotification(866)) - Leader change notification received for group: group-2F0313A0DF11 with new leaderId: 3015db82-fb4c-400e-a95f-6cfd8e47dd90
2022-01-13 07:02:27,114 [grpc-default-executor-3] INFO  server.RaftServer$Division (ServerState.java:setLeader(285)) - f1e76221-b4f8-46a8-99fe-d8b881880070@group-2F0313A0DF11: change Leader from null to 3015db82-fb4c-400e-a95f-6cfd8e47dd90 at term 8 for appendEntries, leader elected after 40964ms
2022-01-13 07:02:27,136 [grpc-default-executor-1] INFO  server.RaftServer$Division (ServerState.java:setRaftConf(387)) - b200734c-4eb0-41ea-b507-ea370eae09c2@group-2F0313A0DF11: set configuration 0: [3015db82-fb4c-400e-a95f-6cfd8e47dd90|rpc:10.1.0.23:41163|dataStream:|priority:1, f1e76221-b4f8-46a8-99fe-d8b881880070|rpc:10.1.0.23:34875|dataStream:|priority:0, b200734c-4eb0-41ea-b507-ea370eae09c2|rpc:10.1.0.23:39873|dataStream:|priority:0], old=null
2022-01-13 07:02:27,137 [grpc-default-executor-1] INFO  segmented.SegmentedRaftLogWorker (SegmentedRaftLogWorker.java:startLogSegment(394)) - b200734c-4eb0-41ea-b507-ea370eae09c2@group-2F0313A0DF11-SegmentedRaftLogWorker: Starting segment from index:0
2022-01-13 07:02:27,139 [grpc-default-executor-3] INFO  server.RaftServer$Division (ServerState.java:setRaftConf(387)) - f1e76221-b4f8-46a8-99fe-d8b881880070@group-2F0313A0DF11: set configuration 0: [3015db82-fb4c-400e-a95f-6cfd8e47dd90|rpc:10.1.0.23:41163|dataStream:|priority:1, f1e76221-b4f8-46a8-99fe-d8b881880070|rpc:10.1.0.23:34875|dataStream:|priority:0, b200734c-4eb0-41ea-b507-ea370eae09c2|rpc:10.1.0.23:39873|dataStream:|priority:0], old=null
2022-01-13 07:02:27,139 [grpc-default-executor-3] INFO  segmented.SegmentedRaftLogWorker (SegmentedRaftLogWorker.java:startLogSegment(394)) - f1e76221-b4f8-46a8-99fe-d8b881880070@group-2F0313A0DF11-SegmentedRaftLogWorker: Starting segment from index:0
2022-01-13 07:02:27,141 [b200734c-4eb0-41ea-b507-ea370eae09c2@group-2F0313A0DF11-SegmentedRaftLogWorker] INFO  segmented.SegmentedRaftLogWorker (SegmentedRaftLogWorker.java:execute(601)) - b200734c-4eb0-41ea-b507-ea370eae09c2@group-2F0313A0DF11-SegmentedRaftLogWorker: created new log segment /home/runner/work/ozone/ozone/hadoop-ozone/integration-test/target/test-dir/MiniOzoneClusterImpl-5cc78717-de86-4374-8821-2b604027a93e/datanode-2/data/ratis/03c41640-69dc-408d-aaac-2f0313a0df11/current/log_inprogress_0
2022-01-13 07:02:27,141 [f1e76221-b4f8-46a8-99fe-d8b881880070@group-2F0313A0DF11-SegmentedRaftLogWorker] INFO  segmented.SegmentedRaftLogWorker (SegmentedRaftLogWorker.java:execute(601)) - f1e76221-b4f8-46a8-99fe-d8b881880070@group-2F0313A0DF11-SegmentedRaftLogWorker: created new log segment /home/runner/work/ozone/ozone/hadoop-ozone/integration-test/target/test-dir/MiniOzoneClusterImpl-5cc78717-de86-4374-8821-2b604027a93e/datanode-0/data/ratis/03c41640-69dc-408d-aaac-2f0313a0df11/current/log_inprogress_0
2022-01-13 07:02:30,849 [Time-limited test] INFO  ozoneimpl.OzoneContainer (OzoneContainer.java:stop(336)) - Attempting to stop container services.
2022-01-13 07:02:30,849 [ForkJoinPool.commonPool-worker-1] INFO  ozoneimpl.OzoneContainer (OzoneContainer.java:stop(336)) - Attempting to stop container services.
2022-01-13 07:02:30,850 [ForkJoinPool.commonPool-worker-1] INFO  server.RaftServer (RaftServerProxy.java:lambda$close$6(391)) - f1e76221-b4f8-46a8-99fe-d8b881880070: close
2022-01-13 07:02:30,850 [ForkJoinPool.commonPool-worker-1] INFO  server.RaftServer$Division (RaftServerImpl.java:lambda$close$4(412)) - f1e76221-b4f8-46a8-99fe-d8b881880070@group-593832C4EFE8: shutdown
2022-01-13 07:02:30,850 [ForkJoinPool.commonPool-worker-1] INFO  util.JmxRegister (JmxRegister.java:unregister(73)) - Successfully un-registered JMX Bean with object name Ratis:service=RaftServer,group=group-593832C4EFE8,id=f1e76221-b4f8-46a8-99fe-d8b881880070
2022-01-13 07:02:30,850 [ForkJoinPool.commonPool-worker-1] INFO  impl.RoleInfo (RoleInfo.java:shutdownLeaderState(91)) - f1e76221-b4f8-46a8-99fe-d8b881880070: shutdown f1e76221-b4f8-46a8-99fe-d8b881880070@group-593832C4EFE8-LeaderStateImpl
2022-01-13 07:02:30,851 [ForkJoinPool.commonPool-worker-1] INFO  impl.PendingRequests (PendingRequests.java:sendNotLeaderResponses(282)) - f1e76221-b4f8-46a8-99fe-d8b881880070@group-593832C4EFE8-PendingRequests: sendNotLeaderResponses
2022-01-13 07:02:30,851 [ForkJoinPool.commonPool-worker-1] INFO  impl.StateMachineUpdater (StateMachineUpdater.java:stopAndJoin(149)) - f1e76221-b4f8-46a8-99fe-d8b881880070@group-593832C4EFE8-StateMachineUpdater: set stopIndex = 0
2022-01-13 07:02:30,852 [f1e76221-b4f8-46a8-99fe-d8b881880070@group-593832C4EFE8-StateMachineUpdater] INFO  ratis.ContainerStateMachine (ContainerStateMachine.java:takeSnapshot(299)) - group-593832C4EFE8: Taking a snapshot at:(t:1, i:0) file /home/runner/work/ozone/ozone/hadoop-ozone/integration-test/target/test-dir/MiniOzoneClusterImpl-5cc78717-de86-4374-8821-2b604027a93e/datanode-0/data/ratis/707a49ec-a09b-4c92-8483-593832c4efe8/sm/snapshot.1_0
2022-01-13 07:02:30,855 [Time-limited test] INFO  server.RaftServer (RaftServerProxy.java:lambda$close$6(391)) - 3015db82-fb4c-400e-a95f-6cfd8e47dd90: close
2022-01-13 07:02:30,855 [Time-limited test] INFO  server.RaftServer$Division (RaftServerImpl.java:lambda$close$4(412)) - 3015db82-fb4c-400e-a95f-6cfd8e47dd90@group-A314E92BF1E7: shutdown
2022-01-13 07:02:30,855 [Time-limited test] INFO  util.JmxRegister (JmxRegister.java:unregister(73)) - Successfully un-registered JMX Bean with object name Ratis:service=RaftServer,group=group-A314E92BF1E7,id=3015db82-fb4c-400e-a95f-6cfd8e47dd90
2022-01-13 07:02:30,855 [Time-limited test] INFO  impl.RoleInfo (RoleInfo.java:shutdownLeaderState(91)) - 3015db82-fb4c-400e-a95f-6cfd8e47dd90: shutdown 3015db82-fb4c-400e-a95f-6cfd8e47dd90@group-A314E92BF1E7-LeaderStateImpl
2022-01-13 07:02:30,856 [Time-limited test] INFO  impl.PendingRequests (PendingRequests.java:sendNotLeaderResponses(282)) - 3015db82-fb4c-400e-a95f-6cfd8e47dd90@group-A314E92BF1E7-PendingRequests: sendNotLeaderResponses
2022-01-13 07:02:30,856 [Time-limited test] INFO  impl.StateMachineUpdater (StateMachineUpdater.java:stopAndJoin(149)) - 3015db82-fb4c-400e-a95f-6cfd8e47dd90@group-A314E92BF1E7-StateMachineUpdater: set stopIndex = 0
2022-01-13 07:02:30,856 [3015db82-fb4c-400e-a95f-6cfd8e47dd90@group-A314E92BF1E7-StateMachineUpdater] INFO  ratis.ContainerStateMachine (ContainerStateMachine.java:takeSnapshot(299)) - group-A314E92BF1E7: Taking a snapshot at:(t:1, i:0) file /home/runner/work/ozone/ozone/hadoop-ozone/integration-test/target/test-dir/MiniOzoneClusterImpl-5cc78717-de86-4374-8821-2b604027a93e/datanode-1/data/ratis/0a25af4b-9129-45ba-96f7-a314e92bf1e7/sm/snapshot.1_0
2022-01-13 07:02:30,906 [3015db82-fb4c-400e-a95f-6cfd8e47dd90@group-A314E92BF1E7-StateMachineUpdater] INFO  ratis.ContainerStateMachine (ContainerStateMachine.java:takeSnapshot(310)) - group-A314E92BF1E7: Finished taking a snapshot at:(t:1, i:0) file:/home/runner/work/ozone/ozone/hadoop-ozone/integration-test/target/test-dir/MiniOzoneClusterImpl-5cc78717-de86-4374-8821-2b604027a93e/datanode-1/data/ratis/0a25af4b-9129-45ba-96f7-a314e92bf1e7/sm/snapshot.1_0 took: 50 ms
2022-01-13 07:02:30,908 [3015db82-fb4c-400e-a95f-6cfd8e47dd90@group-A314E92BF1E7-StateMachineUpdater] INFO  impl.StateMachineUpdater (StateMachineUpdater.java:takeSnapshot(281)) - 3015db82-fb4c-400e-a95f-6cfd8e47dd90@group-A314E92BF1E7-StateMachineUpdater: Took a snapshot at index 0
2022-01-13 07:02:30,907 [f1e76221-b4f8-46a8-99fe-d8b881880070@group-593832C4EFE8-StateMachineUpdater] INFO  ratis.ContainerStateMachine (ContainerStateMachine.java:takeSnapshot(310)) - group-593832C4EFE8: Finished taking a snapshot at:(t:1, i:0) file:/home/runner/work/ozone/ozone/hadoop-ozone/integration-test/target/test-dir/MiniOzoneClusterImpl-5cc78717-de86-4374-8821-2b604027a93e/datanode-0/data/ratis/707a49ec-a09b-4c92-8483-593832c4efe8/sm/snapshot.1_0 took: 55 ms
2022-01-13 07:02:30,908 [f1e76221-b4f8-46a8-99fe-d8b881880070@group-593832C4EFE8-StateMachineUpdater] INFO  impl.StateMachineUpdater (StateMachineUpdater.java:takeSnapshot(281)) - f1e76221-b4f8-46a8-99fe-d8b881880070@group-593832C4EFE8-StateMachineUpdater: Took a snapshot at index 0
2022-01-13 07:02:30,908 [f1e76221-b4f8-46a8-99fe-d8b881880070@group-593832C4EFE8-StateMachineUpdater] INFO  impl.StateMachineUpdater (StateMachineUpdater.java:lambda$new$0(89)) - f1e76221-b4f8-46a8-99fe-d8b881880070@group-593832C4EFE8-StateMachineUpdater: snapshotIndex: updateIncreasingly -1 -> 0
2022-01-13 07:02:30,909 [ForkJoinPool.commonPool-worker-1] INFO  server.RaftServer$Division (ServerState.java:close(419)) - f1e76221-b4f8-46a8-99fe-d8b881880070@group-593832C4EFE8: closes. applyIndex: 0
2022-01-13 07:02:30,909 [f1e76221-b4f8-46a8-99fe-d8b881880070@group-593832C4EFE8-SegmentedRaftLogWorker] INFO  segmented.SegmentedRaftLogWorker (SegmentedRaftLogWorker.java:run(327)) - f1e76221-b4f8-46a8-99fe-d8b881880070@group-593832C4EFE8-SegmentedRaftLogWorker was interrupted, exiting. There are 0 tasks remaining in the queue.
2022-01-13 07:02:30,911 [ForkJoinPool.commonPool-worker-1] INFO  segmented.SegmentedRaftLogWorker (SegmentedRaftLogWorker.java:close(237)) - f1e76221-b4f8-46a8-99fe-d8b881880070@group-593832C4EFE8-SegmentedRaftLogWorker close()
2022-01-13 07:02:30,912 [ForkJoinPool.commonPool-worker-1] INFO  server.RaftServer$Division (RaftServerImpl.java:lambda$close$4(412)) - f1e76221-b4f8-46a8-99fe-d8b881880070@group-2F0313A0DF11: shutdown
2022-01-13 07:02:30,912 [ForkJoinPool.commonPool-worker-1] INFO  util.JmxRegister (JmxRegister.java:unregister(73)) - Successfully un-registered JMX Bean with object name Ratis:service=RaftServer,group=group-2F0313A0DF11,id=f1e76221-b4f8-46a8-99fe-d8b881880070
2022-01-13 07:02:30,912 [ForkJoinPool.commonPool-worker-1] INFO  impl.RoleInfo (RoleInfo.java:shutdownFollowerState(108)) - f1e76221-b4f8-46a8-99fe-d8b881880070: shutdown f1e76221-b4f8-46a8-99fe-d8b881880070@group-2F0313A0DF11-FollowerState
2022-01-13 07:02:30,912 [ForkJoinPool.commonPool-worker-1] INFO  impl.StateMachineUpdater (StateMachineUpdater.java:stopAndJoin(149)) - f1e76221-b4f8-46a8-99fe-d8b881880070@group-2F0313A0DF11-StateMachineUpdater: set stopIndex = 0
2022-01-13 07:02:30,912 [f1e76221-b4f8-46a8-99fe-d8b881880070@group-2F0313A0DF11-FollowerState] INFO  impl.FollowerState (FollowerState.java:run(143)) - f1e76221-b4f8-46a8-99fe-d8b881880070@group-2F0313A0DF11-FollowerState was interrupted: {}
java.lang.InterruptedException: sleep interrupted
	at java.lang.Thread.sleep(Native Method)
	at java.lang.Thread.sleep(Thread.java:340)
	at java.util.concurrent.TimeUnit.sleep(TimeUnit.java:386)
	at org.apache.ratis.util.TimeDuration.sleep(TimeDuration.java:324)
	at org.apache.ratis.util.TimeDuration.sleep(TimeDuration.java:309)
	at org.apache.ratis.server.impl.FollowerState.run(FollowerState.java:118)
2022-01-13 07:02:30,912 [f1e76221-b4f8-46a8-99fe-d8b881880070@group-2F0313A0DF11-StateMachineUpdater] INFO  ratis.ContainerStateMachine (ContainerStateMachine.java:takeSnapshot(299)) - group-2F0313A0DF11: Taking a snapshot at:(t:8, i:0) file /home/runner/work/ozone/ozone/hadoop-ozone/integration-test/target/test-dir/MiniOzoneClusterImpl-5cc78717-de86-4374-8821-2b604027a93e/datanode-0/data/ratis/03c41640-69dc-408d-aaac-2f0313a0df11/sm/snapshot.8_0
2022-01-13 07:02:30,913 [3015db82-fb4c-400e-a95f-6cfd8e47dd90@group-A314E92BF1E7-StateMachineUpdater] INFO  impl.StateMachineUpdater (StateMachineUpdater.java:lambda$new$0(89)) - 3015db82-fb4c-400e-a95f-6cfd8e47dd90@group-A314E92BF1E7-StateMachineUpdater: snapshotIndex: updateIncreasingly -1 -> 0
2022-01-13 07:02:30,914 [Time-limited test] INFO  server.RaftServer$Division (ServerState.java:close(419)) - 3015db82-fb4c-400e-a95f-6cfd8e47dd90@group-A314E92BF1E7: closes. applyIndex: 0
2022-01-13 07:02:30,914 [3015db82-fb4c-400e-a95f-6cfd8e47dd90@group-A314E92BF1E7-SegmentedRaftLogWorker] INFO  segmented.SegmentedRaftLogWorker (SegmentedRaftLogWorker.java:run(327)) - 3015db82-fb4c-400e-a95f-6cfd8e47dd90@group-A314E92BF1E7-SegmentedRaftLogWorker was interrupted, exiting. There are 0 tasks remaining in the queue.
2022-01-13 07:02:30,914 [f1e76221-b4f8-46a8-99fe-d8b881880070@group-2F0313A0DF11-StateMachineUpdater] INFO  ratis.ContainerStateMachine (ContainerStateMachine.java:takeSnapshot(310)) - group-2F0313A0DF11: Finished taking a snapshot at:(t:8, i:0) file:/home/runner/work/ozone/ozone/hadoop-ozone/integration-test/target/test-dir/MiniOzoneClusterImpl-5cc78717-de86-4374-8821-2b604027a93e/datanode-0/data/ratis/03c41640-69dc-408d-aaac-2f0313a0df11/sm/snapshot.8_0 took: 1 ms
2022-01-13 07:02:30,914 [Time-limited test] INFO  segmented.SegmentedRaftLogWorker (SegmentedRaftLogWorker.java:close(237)) - 3015db82-fb4c-400e-a95f-6cfd8e47dd90@group-A314E92BF1E7-SegmentedRaftLogWorker close()
2022-01-13 07:02:30,914 [f1e76221-b4f8-46a8-99fe-d8b881880070@group-2F0313A0DF11-StateMachineUpdater] INFO  impl.StateMachineUpdater (StateMachineUpdater.java:takeSnapshot(281)) - f1e76221-b4f8-46a8-99fe-d8b881880070@group-2F0313A0DF11-StateMachineUpdater: Took a snapshot at index 0
2022-01-13 07:02:30,916 [f1e76221-b4f8-46a8-99fe-d8b881880070@group-2F0313A0DF11-StateMachineUpdater] INFO  impl.StateMachineUpdater (StateMachineUpdater.java:lambda$new$0(89)) - f1e76221-b4f8-46a8-99fe-d8b881880070@group-2F0313A0DF11-StateMachineUpdater: snapshotIndex: updateIncreasingly -1 -> 0
2022-01-13 07:02:30,915 [Time-limited test] INFO  server.RaftServer$Division (RaftServerImpl.java:lambda$close$4(412)) - 3015db82-fb4c-400e-a95f-6cfd8e47dd90@group-2F0313A0DF11: shutdown
2022-01-13 07:02:30,916 [Time-limited test] INFO  util.JmxRegister (JmxRegister.java:unregister(73)) - Successfully un-registered JMX Bean with object name Ratis:service=RaftServer,group=group-2F0313A0DF11,id=3015db82-fb4c-400e-a95f-6cfd8e47dd90
2022-01-13 07:02:30,916 [Time-limited test] INFO  impl.RoleInfo (RoleInfo.java:shutdownLeaderState(91)) - 3015db82-fb4c-400e-a95f-6cfd8e47dd90: shutdown 3015db82-fb4c-400e-a95f-6cfd8e47dd90@group-2F0313A0DF11-LeaderStateImpl
2022-01-13 07:02:30,917 [Time-limited test] INFO  impl.PendingRequests (PendingRequests.java:sendNotLeaderResponses(282)) - 3015db82-fb4c-400e-a95f-6cfd8e47dd90@group-2F0313A0DF11-PendingRequests: sendNotLeaderResponses
2022-01-13 07:02:30,917 [3015db82-fb4c-400e-a95f-6cfd8e47dd90@group-2F0313A0DF11->f1e76221-b4f8-46a8-99fe-d8b881880070-GrpcLogAppender-LogAppenderDaemon] WARN  server.GrpcLogAppender (GrpcLogAppender.java:mayWait(177)) - 3015db82-fb4c-400e-a95f-6cfd8e47dd90@group-2F0313A0DF11->f1e76221-b4f8-46a8-99fe-d8b881880070-GrpcLogAppender: Wait interrupted by java.lang.InterruptedException
2022-01-13 07:02:30,917 [Time-limited test] INFO  impl.StateMachineUpdater (StateMachineUpdater.java:stopAndJoin(149)) - 3015db82-fb4c-400e-a95f-6cfd8e47dd90@group-2F0313A0DF11-StateMachineUpdater: set stopIndex = 0
2022-01-13 07:02:30,918 [3015db82-fb4c-400e-a95f-6cfd8e47dd90@group-2F0313A0DF11-StateMachineUpdater] INFO  ratis.ContainerStateMachine (ContainerStateMachine.java:takeSnapshot(299)) - group-2F0313A0DF11: Taking a snapshot at:(t:8, i:0) file /home/runner/work/ozone/ozone/hadoop-ozone/integration-test/target/test-dir/MiniOzoneClusterImpl-5cc78717-de86-4374-8821-2b604027a93e/datanode-1/data/ratis/03c41640-69dc-408d-aaac-2f0313a0df11/sm/snapshot.8_0
2022-01-13 07:02:30,918 [ForkJoinPool.commonPool-worker-1] INFO  server.RaftServer$Division (ServerState.java:close(419)) - f1e76221-b4f8-46a8-99fe-d8b881880070@group-2F0313A0DF11: closes. applyIndex: 0
2022-01-13 07:02:30,918 [f1e76221-b4f8-46a8-99fe-d8b881880070@group-2F0313A0DF11-SegmentedRaftLogWorker] INFO  segmented.SegmentedRaftLogWorker (SegmentedRaftLogWorker.java:run(327)) - f1e76221-b4f8-46a8-99fe-d8b881880070@group-2F0313A0DF11-SegmentedRaftLogWorker was interrupted, exiting. There are 0 tasks remaining in the queue.
2022-01-13 07:02:30,919 [3015db82-fb4c-400e-a95f-6cfd8e47dd90@group-2F0313A0DF11-StateMachineUpdater] INFO  ratis.ContainerStateMachine (ContainerStateMachine.java:takeSnapshot(310)) - group-2F0313A0DF11: Finished taking a snapshot at:(t:8, i:0) file:/home/runner/work/ozone/ozone/hadoop-ozone/integration-test/target/test-dir/MiniOzoneClusterImpl-5cc78717-de86-4374-8821-2b604027a93e/datanode-1/data/ratis/03c41640-69dc-408d-aaac-2f0313a0df11/sm/snapshot.8_0 took: 1 ms
2022-01-13 07:02:30,919 [3015db82-fb4c-400e-a95f-6cfd8e47dd90@group-2F0313A0DF11-StateMachineUpdater] INFO  impl.StateMachineUpdater (StateMachineUpdater.java:takeSnapshot(281)) - 3015db82-fb4c-400e-a95f-6cfd8e47dd90@group-2F0313A0DF11-StateMachineUpdater: Took a snapshot at index 0
2022-01-13 07:02:30,919 [3015db82-fb4c-400e-a95f-6cfd8e47dd90@group-2F0313A0DF11-StateMachineUpdater] INFO  impl.StateMachineUpdater (StateMachineUpdater.java:lambda$new$0(89)) - 3015db82-fb4c-400e-a95f-6cfd8e47dd90@group-2F0313A0DF11-StateMachineUpdater: snapshotIndex: updateIncreasingly -1 -> 0
2022-01-13 07:02:30,919 [Time-limited test] INFO  server.RaftServer$Division (ServerState.java:close(419)) - 3015db82-fb4c-400e-a95f-6cfd8e47dd90@group-2F0313A0DF11: closes. applyIndex: 0
2022-01-13 07:02:30,920 [3015db82-fb4c-400e-a95f-6cfd8e47dd90@group-2F0313A0DF11-SegmentedRaftLogWorker] INFO  segmented.SegmentedRaftLogWorker (SegmentedRaftLogWorker.java:run(327)) - 3015db82-fb4c-400e-a95f-6cfd8e47dd90@group-2F0313A0DF11-SegmentedRaftLogWorker was interrupted, exiting. There are 0 tasks remaining in the queue.
2022-01-13 07:02:30,919 [grpc-default-executor-3] INFO  server.GrpcServerProtocolService (GrpcServerProtocolService.java:onCompleted(140)) - f1e76221-b4f8-46a8-99fe-d8b881880070: Completed APPEND_ENTRIES, lastRequest: 3015db82-fb4c-400e-a95f-6cfd8e47dd90->f1e76221-b4f8-46a8-99fe-d8b881880070#1-t8,previous=(t:0, i:0),leaderCommit=0,initializing? true,entries: size=1, first=(t:8, i:0), CONFIGURATIONENTRY
2022-01-13 07:02:30,920 [3015db82-fb4c-400e-a95f-6cfd8e47dd90@group-2F0313A0DF11->b200734c-4eb0-41ea-b507-ea370eae09c2-GrpcLogAppender-LogAppenderDaemon] WARN  server.GrpcLogAppender (GrpcLogAppender.java:mayWait(177)) - 3015db82-fb4c-400e-a95f-6cfd8e47dd90@group-2F0313A0DF11->b200734c-4eb0-41ea-b507-ea370eae09c2-GrpcLogAppender: Wait interrupted by java.lang.InterruptedException
2022-01-13 07:02:30,923 [ForkJoinPool.commonPool-worker-1] INFO  segmented.SegmentedRaftLogWorker (SegmentedRaftLogWorker.java:close(237)) - f1e76221-b4f8-46a8-99fe-d8b881880070@group-2F0313A0DF11-SegmentedRaftLogWorker close()
2022-01-13 07:02:30,921 [grpc-default-executor-1] INFO  server.GrpcLogAppender (GrpcLogAppender.java:onCompleted(346)) - 3015db82-fb4c-400e-a95f-6cfd8e47dd90@group-2F0313A0DF11->f1e76221-b4f8-46a8-99fe-d8b881880070-AppendLogResponseHandler: follower responses appendEntries COMPLETED
2022-01-13 07:02:30,927 [grpc-default-executor-3] INFO  server.GrpcServerProtocolService (GrpcServerProtocolService.java:onCompleted(140)) - b200734c-4eb0-41ea-b507-ea370eae09c2: Completed APPEND_ENTRIES, lastRequest: 3015db82-fb4c-400e-a95f-6cfd8e47dd90->b200734c-4eb0-41ea-b507-ea370eae09c2#1-t8,previous=(t:0, i:0),leaderCommit=0,initializing? true,entries: size=1, first=(t:8, i:0), CONFIGURATIONENTRY
2022-01-13 07:02:30,928 [grpc-default-executor-2] INFO  server.GrpcLogAppender (GrpcLogAppender.java:onCompleted(346)) - 3015db82-fb4c-400e-a95f-6cfd8e47dd90@group-2F0313A0DF11->b200734c-4eb0-41ea-b507-ea370eae09c2-AppendLogResponseHandler: follower responses appendEntries COMPLETED
2022-01-13 07:02:30,928 [Time-limited test] INFO  segmented.SegmentedRaftLogWorker (SegmentedRaftLogWorker.java:close(237)) - 3015db82-fb4c-400e-a95f-6cfd8e47dd90@group-2F0313A0DF11-SegmentedRaftLogWorker close()
2022-01-13 07:02:30,929 [grpc-default-executor-2] INFO  leader.FollowerInfo (FollowerInfoImpl.java:lambda$new$0(47)) - 3015db82-fb4c-400e-a95f-6cfd8e47dd90@group-2F0313A0DF11->b200734c-4eb0-41ea-b507-ea370eae09c2: nextIndex: updateUnconditionally 1 -> 0
2022-01-13 07:02:30,929 [grpc-default-executor-1] INFO  leader.FollowerInfo (FollowerInfoImpl.java:lambda$new$0(47)) - 3015db82-fb4c-400e-a95f-6cfd8e47dd90@group-2F0313A0DF11->f1e76221-b4f8-46a8-99fe-d8b881880070: nextIndex: updateUnconditionally 1 -> 0
2022-01-13 07:02:30,930 [ForkJoinPool.commonPool-worker-1] INFO  server.GrpcService (GrpcService.java:closeImpl(262)) - f1e76221-b4f8-46a8-99fe-d8b881880070: shutdown server with port 34875 now
2022-01-13 07:02:30,934 [Time-limited test] INFO  server.GrpcService (GrpcService.java:closeImpl(262)) - 3015db82-fb4c-400e-a95f-6cfd8e47dd90: shutdown server with port 41163 now
2022-01-13 07:02:30,944 [ForkJoinPool.commonPool-worker-1] INFO  server.GrpcService (GrpcService.java:closeImpl(271)) - f1e76221-b4f8-46a8-99fe-d8b881880070: shutdown server with port 34875 successfully
2022-01-13 07:02:30,944 [org.apache.ratis.util.JvmPauseMonitor$$Lambda$431/949233711@e4e6cf8] INFO  util.JvmPauseMonitor (JvmPauseMonitor.java:run(109)) - JvmPauseMonitor-f1e76221-b4f8-46a8-99fe-d8b881880070: Stopped
2022-01-13 07:02:30,951 [Time-limited test] INFO  server.GrpcService (GrpcService.java:closeImpl(271)) - 3015db82-fb4c-400e-a95f-6cfd8e47dd90: shutdown server with port 41163 successfully
2022-01-13 07:02:30,952 [org.apache.ratis.util.JvmPauseMonitor$$Lambda$431/949233711@336ed3d7] INFO  util.JvmPauseMonitor (JvmPauseMonitor.java:run(109)) - JvmPauseMonitor-3015db82-fb4c-400e-a95f-6cfd8e47dd90: Stopped
2022-01-13 07:02:32,956 [ForkJoinPool.commonPool-worker-1] INFO  utils.BackgroundService (BackgroundService.java:shutdown(132)) - Shutting down service BlockDeletingService
2022-01-13 07:02:32,977 [Time-limited test] INFO  utils.BackgroundService (BackgroundService.java:shutdown(132)) - Shutting down service BlockDeletingService
2022-01-13 07:02:35,964 [ForkJoinPool.commonPool-worker-1] INFO  statemachine.DatanodeStateMachine (DatanodeStateMachine.java:stopDaemon(529)) - Ozone container server stopped.
2022-01-13 07:02:35,966 [ForkJoinPool.commonPool-worker-1] INFO  handler.ContextHandler (ContextHandler.java:doStop(1153)) - Stopped o.e.j.w.WebAppContext@5f5a77a3{hddsDatanode,/,null,STOPPED}{jar:file:/home/runner/.m2/repository/org/apache/ozone/hdds-container-service/1.3.0-SNAPSHOT/hdds-container-service-1.3.0-SNAPSHOT.jar!/webapps/hddsDatanode}
2022-01-13 07:02:35,968 [ForkJoinPool.commonPool-worker-1] INFO  server.AbstractConnector (AbstractConnector.java:doStop(381)) - Stopped ServerConnector@913898{HTTP/1.1, (http/1.1)}{0.0.0.0:0}
2022-01-13 07:02:35,969 [ForkJoinPool.commonPool-worker-1] INFO  server.session (HouseKeeper.java:stopScavenging(149)) - node0 Stopped scavenging
2022-01-13 07:02:35,969 [ForkJoinPool.commonPool-worker-1] INFO  handler.ContextHandler (ContextHandler.java:doStop(1153)) - Stopped o.e.j.s.ServletContextHandler@2d5b9b{static,/static,jar:file:/home/runner/.m2/repository/org/apache/ozone/hdds-container-service/1.3.0-SNAPSHOT/hdds-container-service-1.3.0-SNAPSHOT.jar!/webapps/static,STOPPED}
2022-01-13 07:02:35,970 [ForkJoinPool.commonPool-worker-1] INFO  handler.ContextHandler (ContextHandler.java:doStop(1153)) - Stopped o.e.j.s.ServletContextHandler@37f62f6a{logs,/logs,file:///home/runner/work/ozone/ozone/hadoop-ozone/integration-test/target/log,STOPPED}
2022-01-13 07:02:35,985 [Time-limited test] INFO  statemachine.DatanodeStateMachine (DatanodeStateMachine.java:stopDaemon(529)) - Ozone container server stopped.
2022-01-13 07:02:35,987 [Time-limited test] INFO  handler.ContextHandler (ContextHandler.java:doStop(1153)) - Stopped o.e.j.w.WebAppContext@30e7592c{hddsDatanode,/,null,STOPPED}{jar:file:/home/runner/.m2/repository/org/apache/ozone/hdds-container-service/1.3.0-SNAPSHOT/hdds-container-service-1.3.0-SNAPSHOT.jar!/webapps/hddsDatanode}
2022-01-13 07:02:35,994 [Time-limited test] INFO  server.AbstractConnector (AbstractConnector.java:doStop(381)) - Stopped ServerConnector@65fb2587{HTTP/1.1, (http/1.1)}{0.0.0.0:0}
2022-01-13 07:02:35,994 [Time-limited test] INFO  server.session (HouseKeeper.java:stopScavenging(149)) - node0 Stopped scavenging
2022-01-13 07:02:35,996 [Time-limited test] INFO  handler.ContextHandler (ContextHandler.java:doStop(1153)) - Stopped o.e.j.s.ServletContextHandler@4a47bc62{static,/static,jar:file:/home/runner/.m2/repository/org/apache/ozone/hdds-container-service/1.3.0-SNAPSHOT/hdds-container-service-1.3.0-SNAPSHOT.jar!/webapps/static,STOPPED}
2022-01-13 07:02:35,996 [Time-limited test] INFO  handler.ContextHandler (ContextHandler.java:doStop(1153)) - Stopped o.e.j.s.ServletContextHandler@6a5f2016{logs,/logs,file:///home/runner/work/ozone/ozone/hadoop-ozone/integration-test/target/log,STOPPED}
2022-01-13 07:02:37,224 [b200734c-4eb0-41ea-b507-ea370eae09c2@group-2F0313A0DF11-FollowerState] INFO  impl.FollowerState (FollowerState.java:run(134)) - b200734c-4eb0-41ea-b507-ea370eae09c2@group-2F0313A0DF11-FollowerState: change to CANDIDATE, lastRpcElapsedTime:7554242492ns, electionTimeout:5094ms
2022-01-13 07:02:37,224 [b200734c-4eb0-41ea-b507-ea370eae09c2@group-2F0313A0DF11-FollowerState] INFO  impl.RoleInfo (RoleInfo.java:shutdownFollowerState(108)) - b200734c-4eb0-41ea-b507-ea370eae09c2: shutdown b200734c-4eb0-41ea-b507-ea370eae09c2@group-2F0313A0DF11-FollowerState
2022-01-13 07:02:37,224 [b200734c-4eb0-41ea-b507-ea370eae09c2@group-2F0313A0DF11-FollowerState] INFO  server.RaftServer$Division (RaftServerImpl.java:setRole(290)) - b200734c-4eb0-41ea-b507-ea370eae09c2@group-2F0313A0DF11: changes role from  FOLLOWER to CANDIDATE at term 8 for changeToCandidate
2022-01-13 07:02:37,224 [b200734c-4eb0-41ea-b507-ea370eae09c2@group-2F0313A0DF11-FollowerState] INFO  server.RaftServerConfigKeys (ConfUtils.java:logGet(44)) - raft.server.leaderelection.pre-vote = false (custom)
2022-01-13 07:02:37,225 [b200734c-4eb0-41ea-b507-ea370eae09c2@group-2F0313A0DF11-FollowerState] INFO  impl.RoleInfo (RoleInfo.java:updateAndGet(130)) - b200734c-4eb0-41ea-b507-ea370eae09c2: start b200734c-4eb0-41ea-b507-ea370eae09c2@group-2F0313A0DF11-LeaderElection19
2022-01-13 07:02:37,234 [b200734c-4eb0-41ea-b507-ea370eae09c2@group-2F0313A0DF11-LeaderElection19] INFO  server.RaftServer$Division (ServerState.java:setLeader(285)) - b200734c-4eb0-41ea-b507-ea370eae09c2@group-2F0313A0DF11: change Leader from 3015db82-fb4c-400e-a95f-6cfd8e47dd90 to null at term 8 for ELECTION
2022-01-13 07:02:37,237 [b200734c-4eb0-41ea-b507-ea370eae09c2@group-2F0313A0DF11-LeaderElection19] INFO  impl.LeaderElection (LeaderElection.java:askForVotes(306)) - b200734c-4eb0-41ea-b507-ea370eae09c2@group-2F0313A0DF11-LeaderElection19 ELECTION round 0: submit vote requests at term 9 for 0: [3015db82-fb4c-400e-a95f-6cfd8e47dd90|rpc:10.1.0.23:41163|dataStream:|priority:1, f1e76221-b4f8-46a8-99fe-d8b881880070|rpc:10.1.0.23:34875|dataStream:|priority:0, b200734c-4eb0-41ea-b507-ea370eae09c2|rpc:10.1.0.23:39873|dataStream:|priority:0], old=null
2022-01-13 07:02:37,255 [b200734c-4eb0-41ea-b507-ea370eae09c2@group-2F0313A0DF11-LeaderElection19] INFO  impl.LeaderElection (LogUtils.java:infoOrTrace(137)) - b200734c-4eb0-41ea-b507-ea370eae09c2@group-2F0313A0DF11-LeaderElection19 got exception when requesting votes: java.util.concurrent.ExecutionException: org.apache.ratis.thirdparty.io.grpc.StatusRuntimeException: UNAVAILABLE: io exception
2022-01-13 07:02:37,261 [b200734c-4eb0-41ea-b507-ea370eae09c2@group-2F0313A0DF11-LeaderElection19] INFO  impl.LeaderElection (LogUtils.java:infoOrTrace(137)) - b200734c-4eb0-41ea-b507-ea370eae09c2@group-2F0313A0DF11-LeaderElection19 got exception when requesting votes: java.util.concurrent.ExecutionException: org.apache.ratis.thirdparty.io.grpc.StatusRuntimeException: UNAVAILABLE: io exception
2022-01-13 07:02:37,261 [b200734c-4eb0-41ea-b507-ea370eae09c2@group-2F0313A0DF11-LeaderElection19] INFO  impl.LeaderElection (LeaderElection.java:logAndReturn(89)) - b200734c-4eb0-41ea-b507-ea370eae09c2@group-2F0313A0DF11-LeaderElection19: ELECTION REJECTED received 0 response(s) and 2 exception(s):
2022-01-13 07:02:37,261 [b200734c-4eb0-41ea-b507-ea370eae09c2@group-2F0313A0DF11-LeaderElection19] INFO  impl.LeaderElection (LogUtils.java:infoOrTrace(137)) -   Exception 0: java.util.concurrent.ExecutionException: org.apache.ratis.thirdparty.io.grpc.StatusRuntimeException: UNAVAILABLE: io exception
2022-01-13 07:02:37,261 [b200734c-4eb0-41ea-b507-ea370eae09c2@group-2F0313A0DF11-LeaderElection19] INFO  impl.LeaderElection (LogUtils.java:infoOrTrace(137)) -   Exception 1: java.util.concurrent.ExecutionException: org.apache.ratis.thirdparty.io.grpc.StatusRuntimeException: UNAVAILABLE: io exception
2022-01-13 07:02:37,261 [b200734c-4eb0-41ea-b507-ea370eae09c2@group-2F0313A0DF11-LeaderElection19] INFO  impl.LeaderElection (LeaderElection.java:askForVotes(308)) - b200734c-4eb0-41ea-b507-ea370eae09c2@group-2F0313A0DF11-LeaderElection19 ELECTION round 0: result REJECTED
2022-01-13 07:02:37,264 [b200734c-4eb0-41ea-b507-ea370eae09c2@group-2F0313A0DF11-LeaderElection19] INFO  server.RaftServer$Division (RaftServerImpl.java:setRole(290)) - b200734c-4eb0-41ea-b507-ea370eae09c2@group-2F0313A0DF11: changes role from CANDIDATE to FOLLOWER at term 9 for REJECTED
2022-01-13 07:02:37,266 [b200734c-4eb0-41ea-b507-ea370eae09c2@group-2F0313A0DF11-LeaderElection19] INFO  impl.RoleInfo (RoleInfo.java:shutdownLeaderElection(121)) - b200734c-4eb0-41ea-b507-ea370eae09c2: shutdown b200734c-4eb0-41ea-b507-ea370eae09c2@group-2F0313A0DF11-LeaderElection19
2022-01-13 07:02:37,266 [b200734c-4eb0-41ea-b507-ea370eae09c2@group-2F0313A0DF11-LeaderElection19] INFO  impl.RoleInfo (RoleInfo.java:updateAndGet(130)) - b200734c-4eb0-41ea-b507-ea370eae09c2: start b200734c-4eb0-41ea-b507-ea370eae09c2@group-2F0313A0DF11-FollowerState
2022-01-13 07:02:40,972 [ForkJoinPool.commonPool-worker-1] INFO  ozoneimpl.OzoneContainer (OzoneContainer.java:stop(336)) - Attempting to stop container services.
2022-01-13 07:02:40,973 [ForkJoinPool.commonPool-worker-1] INFO  server.RaftServer (RaftServerProxy.java:lambda$close$6(391)) - b200734c-4eb0-41ea-b507-ea370eae09c2: close
2022-01-13 07:02:40,973 [ForkJoinPool.commonPool-worker-1] INFO  server.RaftServer$Division (RaftServerImpl.java:lambda$close$4(412)) - b200734c-4eb0-41ea-b507-ea370eae09c2@group-2D2D4086FD83: shutdown
2022-01-13 07:02:40,973 [ForkJoinPool.commonPool-worker-1] INFO  util.JmxRegister (JmxRegister.java:unregister(73)) - Successfully un-registered JMX Bean with object name Ratis:service=RaftServer,group=group-2D2D4086FD83,id=b200734c-4eb0-41ea-b507-ea370eae09c2
2022-01-13 07:02:40,973 [ForkJoinPool.commonPool-worker-1] INFO  impl.RoleInfo (RoleInfo.java:shutdownLeaderState(91)) - b200734c-4eb0-41ea-b507-ea370eae09c2: shutdown b200734c-4eb0-41ea-b507-ea370eae09c2@group-2D2D4086FD83-LeaderStateImpl
2022-01-13 07:02:40,974 [ForkJoinPool.commonPool-worker-1] INFO  impl.PendingRequests (PendingRequests.java:sendNotLeaderResponses(282)) - b200734c-4eb0-41ea-b507-ea370eae09c2@group-2D2D4086FD83-PendingRequests: sendNotLeaderResponses
2022-01-13 07:02:40,974 [ForkJoinPool.commonPool-worker-1] INFO  impl.StateMachineUpdater (StateMachineUpdater.java:stopAndJoin(149)) - b200734c-4eb0-41ea-b507-ea370eae09c2@group-2D2D4086FD83-StateMachineUpdater: set stopIndex = 0
2022-01-13 07:02:40,974 [b200734c-4eb0-41ea-b507-ea370eae09c2@group-2D2D4086FD83-StateMachineUpdater] INFO  ratis.ContainerStateMachine (ContainerStateMachine.java:takeSnapshot(299)) - group-2D2D4086FD83: Taking a snapshot at:(t:1, i:0) file /home/runner/work/ozone/ozone/hadoop-ozone/integration-test/target/test-dir/MiniOzoneClusterImpl-5cc78717-de86-4374-8821-2b604027a93e/datanode-2/data/ratis/55d34517-5da3-466c-93b5-2d2d4086fd83/sm/snapshot.1_0
2022-01-13 07:02:40,976 [b200734c-4eb0-41ea-b507-ea370eae09c2@group-2D2D4086FD83-StateMachineUpdater] INFO  ratis.ContainerStateMachine (ContainerStateMachine.java:takeSnapshot(310)) - group-2D2D4086FD83: Finished taking a snapshot at:(t:1, i:0) file:/home/runner/work/ozone/ozone/hadoop-ozone/integration-test/target/test-dir/MiniOzoneClusterImpl-5cc78717-de86-4374-8821-2b604027a93e/datanode-2/data/ratis/55d34517-5da3-466c-93b5-2d2d4086fd83/sm/snapshot.1_0 took: 1 ms
2022-01-13 07:02:40,976 [b200734c-4eb0-41ea-b507-ea370eae09c2@group-2D2D4086FD83-StateMachineUpdater] INFO  impl.StateMachineUpdater (StateMachineUpdater.java:takeSnapshot(281)) - b200734c-4eb0-41ea-b507-ea370eae09c2@group-2D2D4086FD83-StateMachineUpdater: Took a snapshot at index 0
2022-01-13 07:02:40,976 [b200734c-4eb0-41ea-b507-ea370eae09c2@group-2D2D4086FD83-StateMachineUpdater] INFO  impl.StateMachineUpdater (StateMachineUpdater.java:lambda$new$0(89)) - b200734c-4eb0-41ea-b507-ea370eae09c2@group-2D2D4086FD83-StateMachineUpdater: snapshotIndex: updateIncreasingly -1 -> 0
2022-01-13 07:02:40,976 [ForkJoinPool.commonPool-worker-1] INFO  server.RaftServer$Division (ServerState.java:close(419)) - b200734c-4eb0-41ea-b507-ea370eae09c2@group-2D2D4086FD83: closes. applyIndex: 0
2022-01-13 07:02:40,977 [b200734c-4eb0-41ea-b507-ea370eae09c2@group-2D2D4086FD83-SegmentedRaftLogWorker] INFO  segmented.SegmentedRaftLogWorker (SegmentedRaftLogWorker.java:run(327)) - b200734c-4eb0-41ea-b507-ea370eae09c2@group-2D2D4086FD83-SegmentedRaftLogWorker was interrupted, exiting. There are 0 tasks remaining in the queue.
2022-01-13 07:02:40,978 [ForkJoinPool.commonPool-worker-1] INFO  segmented.SegmentedRaftLogWorker (SegmentedRaftLogWorker.java:close(237)) - b200734c-4eb0-41ea-b507-ea370eae09c2@group-2D2D4086FD83-SegmentedRaftLogWorker close()
2022-01-13 07:02:40,979 [ForkJoinPool.commonPool-worker-1] INFO  server.RaftServer$Division (RaftServerImpl.java:lambda$close$4(412)) - b200734c-4eb0-41ea-b507-ea370eae09c2@group-2F0313A0DF11: shutdown
2022-01-13 07:02:40,979 [ForkJoinPool.commonPool-worker-1] INFO  util.JmxRegister (JmxRegister.java:unregister(73)) - Successfully un-registered JMX Bean with object name Ratis:service=RaftServer,group=group-2F0313A0DF11,id=b200734c-4eb0-41ea-b507-ea370eae09c2
2022-01-13 07:02:40,979 [ForkJoinPool.commonPool-worker-1] INFO  impl.RoleInfo (RoleInfo.java:shutdownFollowerState(108)) - b200734c-4eb0-41ea-b507-ea370eae09c2: shutdown b200734c-4eb0-41ea-b507-ea370eae09c2@group-2F0313A0DF11-FollowerState
2022-01-13 07:02:40,980 [b200734c-4eb0-41ea-b507-ea370eae09c2@group-2F0313A0DF11-FollowerState] INFO  impl.FollowerState (FollowerState.java:run(143)) - b200734c-4eb0-41ea-b507-ea370eae09c2@group-2F0313A0DF11-FollowerState was interrupted: {}
java.lang.InterruptedException: sleep interrupted
	at java.lang.Thread.sleep(Native Method)
	at java.lang.Thread.sleep(Thread.java:340)
	at java.util.concurrent.TimeUnit.sleep(TimeUnit.java:386)
	at org.apache.ratis.util.TimeDuration.sleep(TimeDuration.java:324)
	at org.apache.ratis.util.TimeDuration.sleep(TimeDuration.java:309)
	at org.apache.ratis.server.impl.FollowerState.run(FollowerState.java:118)
2022-01-13 07:02:40,980 [ForkJoinPool.commonPool-worker-1] INFO  impl.StateMachineUpdater (StateMachineUpdater.java:stopAndJoin(149)) - b200734c-4eb0-41ea-b507-ea370eae09c2@group-2F0313A0DF11-StateMachineUpdater: set stopIndex = 0
2022-01-13 07:02:40,980 [b200734c-4eb0-41ea-b507-ea370eae09c2@group-2F0313A0DF11-StateMachineUpdater] INFO  ratis.ContainerStateMachine (ContainerStateMachine.java:takeSnapshot(299)) - group-2F0313A0DF11: Taking a snapshot at:(t:8, i:0) file /home/runner/work/ozone/ozone/hadoop-ozone/integration-test/target/test-dir/MiniOzoneClusterImpl-5cc78717-de86-4374-8821-2b604027a93e/datanode-2/data/ratis/03c41640-69dc-408d-aaac-2f0313a0df11/sm/snapshot.8_0
2022-01-13 07:02:40,981 [b200734c-4eb0-41ea-b507-ea370eae09c2@group-2F0313A0DF11-StateMachineUpdater] INFO  ratis.ContainerStateMachine (ContainerStateMachine.java:takeSnapshot(310)) - group-2F0313A0DF11: Finished taking a snapshot at:(t:8, i:0) file:/home/runner/work/ozone/ozone/hadoop-ozone/integration-test/target/test-dir/MiniOzoneClusterImpl-5cc78717-de86-4374-8821-2b604027a93e/datanode-2/data/ratis/03c41640-69dc-408d-aaac-2f0313a0df11/sm/snapshot.8_0 took: 1 ms
2022-01-13 07:02:40,981 [b200734c-4eb0-41ea-b507-ea370eae09c2@group-2F0313A0DF11-StateMachineUpdater] INFO  impl.StateMachineUpdater (StateMachineUpdater.java:takeSnapshot(281)) - b200734c-4eb0-41ea-b507-ea370eae09c2@group-2F0313A0DF11-StateMachineUpdater: Took a snapshot at index 0
2022-01-13 07:02:40,981 [b200734c-4eb0-41ea-b507-ea370eae09c2@group-2F0313A0DF11-StateMachineUpdater] INFO  impl.StateMachineUpdater (StateMachineUpdater.java:lambda$new$0(89)) - b200734c-4eb0-41ea-b507-ea370eae09c2@group-2F0313A0DF11-StateMachineUpdater: snapshotIndex: updateIncreasingly -1 -> 0
2022-01-13 07:02:40,982 [ForkJoinPool.commonPool-worker-1] INFO  server.RaftServer$Division (ServerState.java:close(419)) - b200734c-4eb0-41ea-b507-ea370eae09c2@group-2F0313A0DF11: closes. applyIndex: 0
2022-01-13 07:02:40,982 [b200734c-4eb0-41ea-b507-ea370eae09c2@group-2F0313A0DF11-SegmentedRaftLogWorker] INFO  segmented.SegmentedRaftLogWorker (SegmentedRaftLogWorker.java:run(327)) - b200734c-4eb0-41ea-b507-ea370eae09c2@group-2F0313A0DF11-SegmentedRaftLogWorker was interrupted, exiting. There are 0 tasks remaining in the queue.
2022-01-13 07:02:40,982 [ForkJoinPool.commonPool-worker-1] INFO  segmented.SegmentedRaftLogWorker (SegmentedRaftLogWorker.java:close(237)) - b200734c-4eb0-41ea-b507-ea370eae09c2@group-2F0313A0DF11-SegmentedRaftLogWorker close()
2022-01-13 07:02:40,983 [ForkJoinPool.commonPool-worker-1] INFO  server.GrpcService (GrpcService.java:closeImpl(262)) - b200734c-4eb0-41ea-b507-ea370eae09c2: shutdown server with port 39873 now
2022-01-13 07:02:40,985 [ForkJoinPool.commonPool-worker-1] INFO  server.GrpcService (GrpcService.java:closeImpl(271)) - b200734c-4eb0-41ea-b507-ea370eae09c2: shutdown server with port 39873 successfully
2022-01-13 07:02:40,985 [org.apache.ratis.util.JvmPauseMonitor$$Lambda$431/949233711@3d031511] INFO  util.JvmPauseMonitor (JvmPauseMonitor.java:run(109)) - JvmPauseMonitor-b200734c-4eb0-41ea-b507-ea370eae09c2: Stopped
2022-01-13 07:02:43,011 [ForkJoinPool.commonPool-worker-1] INFO  utils.BackgroundService (BackgroundService.java:shutdown(132)) - Shutting down service BlockDeletingService
2022-01-13 07:02:46,015 [ForkJoinPool.commonPool-worker-1] INFO  statemachine.DatanodeStateMachine (DatanodeStateMachine.java:stopDaemon(529)) - Ozone container server stopped.
2022-01-13 07:02:46,019 [ForkJoinPool.commonPool-worker-1] INFO  handler.ContextHandler (ContextHandler.java:doStop(1153)) - Stopped o.e.j.w.WebAppContext@58c2fc6{hddsDatanode,/,null,STOPPED}{jar:file:/home/runner/.m2/repository/org/apache/ozone/hdds-container-service/1.3.0-SNAPSHOT/hdds-container-service-1.3.0-SNAPSHOT.jar!/webapps/hddsDatanode}
2022-01-13 07:02:46,023 [ForkJoinPool.commonPool-worker-1] INFO  server.AbstractConnector (AbstractConnector.java:doStop(381)) - Stopped ServerConnector@3c7d64f6{HTTP/1.1, (http/1.1)}{0.0.0.0:0}
2022-01-13 07:02:46,023 [ForkJoinPool.commonPool-worker-1] INFO  server.session (HouseKeeper.java:stopScavenging(149)) - node0 Stopped scavenging
2022-01-13 07:02:46,024 [ForkJoinPool.commonPool-worker-1] INFO  handler.ContextHandler (ContextHandler.java:doStop(1153)) - Stopped o.e.j.s.ServletContextHandler@7b80eafa{static,/static,jar:file:/home/runner/.m2/repository/org/apache/ozone/hdds-container-service/1.3.0-SNAPSHOT/hdds-container-service-1.3.0-SNAPSHOT.jar!/webapps/static,STOPPED}
2022-01-13 07:02:46,024 [ForkJoinPool.commonPool-worker-1] INFO  handler.ContextHandler (ContextHandler.java:doStop(1153)) - Stopped o.e.j.s.ServletContextHandler@52f4a550{logs,/logs,file:///home/runner/work/ozone/ozone/hadoop-ozone/integration-test/target/log,STOPPED}
2022-01-13 07:02:46,025 [Time-limited test] INFO  ozone.MiniOzoneClusterImpl (MiniOzoneClusterImpl.java:stopSCM(526)) - Stopping the StorageContainerManager
2022-01-13 07:02:46,026 [Time-limited test] INFO  server.StorageContainerManager (StorageContainerManager.java:stop(1390)) - Stopping Container Balancer service.
2022-01-13 07:02:46,026 [Time-limited test] INFO  balancer.ContainerBalancer (ContainerBalancer.java:stop(751)) - Container Balancer is not running.
2022-01-13 07:02:46,026 [Time-limited test] INFO  server.StorageContainerManager (StorageContainerManager.java:stop(1397)) - Stopping Replication Manager Service.
2022-01-13 07:02:46,026 [Time-limited test] INFO  container.ReplicationManager (ReplicationManager.java:stop(357)) - Stopping Replication Monitor Thread.
2022-01-13 07:02:46,027 [Time-limited test] INFO  server.StorageContainerManager (StorageContainerManager.java:stop(1404)) - Stopping the Datanode Admin Monitor.
2022-01-13 07:02:46,027 [Time-limited test] INFO  server.StorageContainerManager (StorageContainerManager.java:stop(1411)) - Stopping Lease Manager of the command watchers
2022-01-13 07:02:46,027 [Time-limited test] INFO  server.StorageContainerManager (StorageContainerManager.java:stop(1418)) - Stopping datanode service RPC server
2022-01-13 07:02:46,027 [Time-limited test] INFO  server.SCMDatanodeProtocolServer (SCMDatanodeProtocolServer.java:stop(390)) - Stopping the RPC server for DataNodes
2022-01-13 07:02:46,027 [Time-limited test] INFO  ipc.Server (Server.java:stop(3414)) - Stopping server on 45003
2022-01-13 07:02:46,032 [IPC Server listener on 0] INFO  ipc.Server (Server.java:run(1376)) - Stopping IPC Server listener on 0
2022-01-13 07:02:46,032 [IPC Server Responder] INFO  ipc.Server (Server.java:run(1512)) - Stopping IPC Server Responder
2022-01-13 07:02:46,133 [SCM Heartbeat Processing Thread - 0] WARN  node.NodeStateManager (NodeStateManager.java:scheduleNextHealthCheck(799)) - Current Thread is interrupted, shutting down HB processing thread for Node Manager.
2022-01-13 07:02:46,138 [Time-limited test] INFO  server.StorageContainerManager (StorageContainerManager.java:stop(1426)) - Stopping block service RPC server
2022-01-13 07:02:46,139 [Time-limited test] INFO  server.SCMBlockProtocolServer (SCMBlockProtocolServer.java:stop(160)) - Stopping the RPC server for Block Protocol
2022-01-13 07:02:46,139 [Time-limited test] INFO  ipc.Server (Server.java:stop(3414)) - Stopping server on 42043
2022-01-13 07:02:46,141 [IPC Server listener on 0] INFO  ipc.Server (Server.java:run(1376)) - Stopping IPC Server listener on 0
2022-01-13 07:02:46,142 [IPC Server Responder] INFO  ipc.Server (Server.java:run(1512)) - Stopping IPC Server Responder
2022-01-13 07:02:46,144 [Time-limited test] INFO  server.StorageContainerManager (StorageContainerManager.java:stop(1433)) - Stopping the StorageContainerLocationProtocol RPC server
2022-01-13 07:02:46,144 [Time-limited test] INFO  server.SCMClientProtocolServer (SCMClientProtocolServer.java:stop(173)) - Stopping the RPC server for Client Protocol
2022-01-13 07:02:46,144 [Time-limited test] INFO  ipc.Server (Server.java:stop(3414)) - Stopping server on 36885
2022-01-13 07:02:46,148 [Time-limited test] INFO  server.StorageContainerManager (StorageContainerManager.java:stop(1440)) - Stopping Storage Container Manager HTTP server.
2022-01-13 07:02:46,148 [IPC Server Responder] INFO  ipc.Server (Server.java:run(1512)) - Stopping IPC Server Responder
2022-01-13 07:02:46,148 [IPC Server listener on 0] INFO  ipc.Server (Server.java:run(1376)) - Stopping IPC Server listener on 0
2022-01-13 07:02:46,153 [Time-limited test] INFO  handler.ContextHandler (ContextHandler.java:doStop(1153)) - Stopped o.e.j.w.WebAppContext@7544e369{scm,/,null,STOPPED}{file:/home/runner/work/ozone/ozone/hadoop-ozone/integration-test/target/test-classes/webapps/scm}
2022-01-13 07:02:46,156 [Time-limited test] INFO  server.AbstractConnector (AbstractConnector.java:doStop(381)) - Stopped ServerConnector@6ac610d9{HTTP/1.1, (http/1.1)}{0.0.0.0:0}
2022-01-13 07:02:46,156 [Time-limited test] INFO  server.session (HouseKeeper.java:stopScavenging(149)) - node0 Stopped scavenging
2022-01-13 07:02:46,156 [Time-limited test] INFO  handler.ContextHandler (ContextHandler.java:doStop(1153)) - Stopped o.e.j.s.ServletContextHandler@5c29d344{static,/static,file:///home/runner/work/ozone/ozone/hadoop-ozone/integration-test/target/test-classes/webapps/static,STOPPED}
2022-01-13 07:02:46,156 [Time-limited test] INFO  handler.ContextHandler (ContextHandler.java:doStop(1153)) - Stopped o.e.j.s.ServletContextHandler@471dff01{logs,/logs,file:///home/runner/work/ozone/ozone/hadoop-ozone/integration-test/target/log,STOPPED}
2022-01-13 07:02:46,159 [Time-limited test] INFO  server.StorageContainerManager (StorageContainerManager.java:stop(1451)) - Stopping Block Manager Service.
2022-01-13 07:02:46,159 [Time-limited test] INFO  utils.BackgroundService (BackgroundService.java:shutdown(132)) - Shutting down service SCMBlockDeletingService
2022-01-13 07:02:46,159 [Time-limited test] INFO  utils.BackgroundService (BackgroundService.java:shutdown(132)) - Shutting down service SCMBlockDeletingService
2022-01-13 07:02:46,159 [Time-limited test] INFO  server.StorageContainerManager (StorageContainerManager.java:stop(1478)) - Stopping SCM Event Queue.
2022-01-13 07:02:46,164 [Time-limited test] INFO  server.StorageContainerManager (StorageContainerManager.java:stop(1489)) - Stopping SCM HA services.
2022-01-13 07:02:46,164 [Time-limited test] INFO  ha.SCMRatisServerImpl (SCMRatisServerImpl.java:stop(236)) - stopping ratis server 0.0.0.0:9894
2022-01-13 07:02:46,164 [Time-limited test] INFO  server.RaftServer (RaftServerProxy.java:lambda$close$6(391)) - 7205198f-879f-4d5d-99ab-4c1e7d178ba2: close
2022-01-13 07:02:46,165 [Time-limited test] INFO  server.RaftServer$Division (RaftServerImpl.java:lambda$close$4(412)) - 7205198f-879f-4d5d-99ab-4c1e7d178ba2@group-2B604027A93E: shutdown
2022-01-13 07:02:46,166 [Time-limited test] INFO  util.JmxRegister (JmxRegister.java:unregister(73)) - Successfully un-registered JMX Bean with object name Ratis:service=RaftServer,group=group-2B604027A93E,id=7205198f-879f-4d5d-99ab-4c1e7d178ba2
2022-01-13 07:02:46,166 [Time-limited test] INFO  impl.RoleInfo (RoleInfo.java:shutdownLeaderState(91)) - 7205198f-879f-4d5d-99ab-4c1e7d178ba2: shutdown 7205198f-879f-4d5d-99ab-4c1e7d178ba2@group-2B604027A93E-LeaderStateImpl
2022-01-13 07:02:46,167 [Time-limited test] INFO  impl.PendingRequests (PendingRequests.java:sendNotLeaderResponses(282)) - 7205198f-879f-4d5d-99ab-4c1e7d178ba2@group-2B604027A93E-PendingRequests: sendNotLeaderResponses
2022-01-13 07:02:46,167 [Time-limited test] INFO  ha.SCMStateMachine (SCMStateMachine.java:notifyNotLeader(190)) - current leader SCM steps down.
2022-01-13 07:02:46,167 [Time-limited test] INFO  ha.SCMContext (SCMContext.java:updateLeaderAndTerm(90)) - update <isLeader,term> from <true,2> to <false,0>
2022-01-13 07:02:46,170 [Time-limited test] INFO  ha.SCMContext (SCMContext.java:updateLeaderAndTerm(97)) - update <isLeaderReady> from <false> to <false>
2022-01-13 07:02:46,171 [Time-limited test] INFO  impl.StateMachineUpdater (StateMachineUpdater.java:stopAndJoin(149)) - 7205198f-879f-4d5d-99ab-4c1e7d178ba2@group-2B604027A93E-StateMachineUpdater: set stopIndex = 16
2022-01-13 07:02:46,174 [7205198f-879f-4d5d-99ab-4c1e7d178ba2@group-2B604027A93E-StateMachineUpdater] INFO  ha.SCMStateMachine (SCMStateMachine.java:takeSnapshot(297)) - Current Snapshot Index 16, takeSnapshot took 0 ms
2022-01-13 07:02:46,175 [7205198f-879f-4d5d-99ab-4c1e7d178ba2@group-2B604027A93E-StateMachineUpdater] INFO  impl.StateMachineUpdater (StateMachineUpdater.java:takeSnapshot(281)) - 7205198f-879f-4d5d-99ab-4c1e7d178ba2@group-2B604027A93E-StateMachineUpdater: Took a snapshot at index 16
2022-01-13 07:02:46,175 [7205198f-879f-4d5d-99ab-4c1e7d178ba2@group-2B604027A93E-StateMachineUpdater] INFO  impl.StateMachineUpdater (StateMachineUpdater.java:lambda$new$0(89)) - 7205198f-879f-4d5d-99ab-4c1e7d178ba2@group-2B604027A93E-StateMachineUpdater: snapshotIndex: updateIncreasingly -1 -> 16
2022-01-13 07:02:46,178 [Time-limited test] INFO  server.RaftServer$Division (ServerState.java:close(419)) - 7205198f-879f-4d5d-99ab-4c1e7d178ba2@group-2B604027A93E: closes. applyIndex: 16
2022-01-13 07:02:46,186 [7205198f-879f-4d5d-99ab-4c1e7d178ba2@group-2B604027A93E-SegmentedRaftLogWorker] INFO  segmented.SegmentedRaftLogWorker (SegmentedRaftLogWorker.java:run(327)) - 7205198f-879f-4d5d-99ab-4c1e7d178ba2@group-2B604027A93E-SegmentedRaftLogWorker was interrupted, exiting. There are 0 tasks remaining in the queue.
2022-01-13 07:02:46,187 [Time-limited test] INFO  segmented.SegmentedRaftLogWorker (SegmentedRaftLogWorker.java:close(237)) - 7205198f-879f-4d5d-99ab-4c1e7d178ba2@group-2B604027A93E-SegmentedRaftLogWorker close()
2022-01-13 07:02:46,190 [Time-limited test] INFO  server.GrpcService (GrpcService.java:closeImpl(262)) - 7205198f-879f-4d5d-99ab-4c1e7d178ba2: shutdown server with port 9894 now
2022-01-13 07:02:46,191 [Time-limited test] INFO  server.GrpcService (GrpcService.java:closeImpl(271)) - 7205198f-879f-4d5d-99ab-4c1e7d178ba2: shutdown server with port 9894 successfully
2022-01-13 07:02:46,191 [org.apache.ratis.util.JvmPauseMonitor$$Lambda$431/949233711@3e6befe5] INFO  util.JvmPauseMonitor (JvmPauseMonitor.java:run(109)) - JvmPauseMonitor-7205198f-879f-4d5d-99ab-4c1e7d178ba2: Stopped
2022-01-13 07:02:46,191 [Time-limited test] INFO  pipeline.BackgroundPipelineCreator (BackgroundPipelineCreator.java:stop(158)) - Stopping RatisPipelineUtilsThread.
2022-01-13 07:02:46,192 [Time-limited test] INFO  server.StorageContainerManager (StorageContainerManager.java:stop(1499)) - Stopping SCM MetadataStore.
2022-01-13 07:02:46,193 [Time-limited test] INFO  impl.MetricsSystemImpl (MetricsSystemImpl.java:stop(210)) - Stopping HddsDatanode metrics system...
2022-01-13 07:02:46,195 [prometheus] INFO  impl.MetricsSinkAdapter (MetricsSinkAdapter.java:publishMetricsFromQueue(141)) - prometheus thread interrupted.
2022-01-13 07:02:46,199 [Time-limited test] INFO  impl.MetricsSystemImpl (MetricsSystemImpl.java:stop(216)) - HddsDatanode metrics system stopped.
]]></system-out>
  </testcase>
  <testcase name="testDNstartAfterSCM" classname="org.apache.hadoop.ozone.TestMiniOzoneCluster" time="101.59"/>
  <testcase name="testDatanodeIDPersistent" classname="org.apache.hadoop.ozone.TestMiniOzoneCluster" time="0.111"/>
  <testcase name="testContainerRandomPort" classname="org.apache.hadoop.ozone.TestMiniOzoneCluster" time="25.337"/>
</testsuite>