<?xml version="1.0" encoding="UTF-8"?>
<testsuite xmlns:xsi="http://www.w3.org/2001/XMLSchema-instance" xsi:noNamespaceSchemaLocation="https://maven.apache.org/surefire/maven-surefire-plugin/xsd/surefire-test-report-3.0.xsd" version="3.0" name="org.apache.hadoop.hdds.scm.TestSecretKeysApi" time="145" tests="4" errors="1" skipped="0" failures="0">
  <properties>
    <property name="java.specification.version" value="17"/>
    <property name="sun.jnu.encoding" value="UTF-8"/>
    <property name="java.class.path" value="/home/runner/work/ozone/ozone/hadoop-ozone/integration-test/target/test-classes:/home/runner/work/ozone/ozone/hadoop-ozone/integration-test/target/classes:/home/runner/work/ozone/ozone/hadoop-ozone/common/target/ozone-common-1.5.0-SNAPSHOT.jar:/home/runner/.m2/repository/io/grpc/grpc-netty/1.58.0/grpc-netty-1.58.0.jar:/home/runner/.m2/repository/io/grpc/grpc-core/1.58.0/grpc-core-1.58.0.jar:/home/runner/.m2/repository/com/google/android/annotations/4.1.1.4/annotations-4.1.1.4.jar:/home/runner/.m2/repository/org/codehaus/mojo/animal-sniffer-annotations/1.23/animal-sniffer-annotations-1.23.jar:/home/runner/.m2/repository/io/grpc/grpc-context/1.58.0/grpc-context-1.58.0.jar:/home/runner/.m2/repository/io/grpc/grpc-util/1.58.0/grpc-util-1.58.0.jar:/home/runner/.m2/repository/com/google/errorprone/error_prone_annotations/2.2.0/error_prone_annotations-2.2.0.jar:/home/runner/.m2/repository/io/perfmark/perfmark-api/0.26.0/perfmark-api-0.26.0.jar:/home/runner/.m2/repository/io/netty/netty-codec-http2/4.1.109.Final/netty-codec-http2-4.1.109.Final.jar:/home/runner/.m2/repository/io/netty/netty-common/4.1.109.Final/netty-common-4.1.109.Final.jar:/home/runner/.m2/repository/io/netty/netty-buffer/4.1.109.Final/netty-buffer-4.1.109.Final.jar:/home/runner/.m2/repository/io/netty/netty-codec-http/4.1.109.Final/netty-codec-http-4.1.109.Final.jar:/home/runner/.m2/repository/io/netty/netty-handler-proxy/4.1.109.Final/netty-handler-proxy-4.1.109.Final.jar:/home/runner/.m2/repository/io/netty/netty-codec-socks/4.1.109.Final/netty-codec-socks-4.1.109.Final.jar:/home/runner/.m2/repository/io/netty/netty-tcnative-boringssl-static/2.0.65.Final/netty-tcnative-boringssl-static-2.0.65.Final.jar:/home/runner/.m2/repository/io/netty/netty-tcnative-classes/2.0.65.Final/netty-tcnative-classes-2.0.65.Final.jar:/home/runner/.m2/repository/io/netty/netty-tcnative-boringssl-static/2.0.65.Final/netty-tcnative-boringssl-static-2.0.65.Final-linux-x86_64.jar:/home/runner/.m2/repository/io/netty/netty-tcnative-boringssl-static/2.0.65.Final/netty-tcnative-boringssl-static-2.0.65.Final-linux-aarch_64.jar:/home/runner/.m2/repository/io/netty/netty-tcnative-boringssl-static/2.0.65.Final/netty-tcnative-boringssl-static-2.0.65.Final-osx-x86_64.jar:/home/runner/.m2/repository/io/netty/netty-tcnative-boringssl-static/2.0.65.Final/netty-tcnative-boringssl-static-2.0.65.Final-osx-aarch_64.jar:/home/runner/.m2/repository/io/netty/netty-tcnative-boringssl-static/2.0.65.Final/netty-tcnative-boringssl-static-2.0.65.Final-windows-x86_64.jar:/home/runner/.m2/repository/org/apache/commons/commons-compress/1.26.0/commons-compress-1.26.0.jar:/home/runner/work/ozone/ozone/hadoop-hdds/common/target/hdds-common-1.5.0-SNAPSHOT.jar:/home/runner/work/ozone/ozone/hadoop-hdds/client/target/hdds-client-1.5.0-SNAPSHOT.jar:/home/runner/work/ozone/ozone/hadoop-ozone/interface-client/target/ozone-interface-client-1.5.0-SNAPSHOT.jar:/home/runner/.m2/repository/org/apache/hadoop/hadoop-hdfs-client/3.3.6/hadoop-hdfs-client-3.3.6.jar:/home/runner/.m2/repository/com/squareup/okhttp3/okhttp/4.12.0/okhttp-4.12.0.jar:/home/runner/.m2/repository/com/squareup/okio/okio/3.6.0/okio-3.6.0.jar:/home/runner/.m2/repository/com/squareup/okio/okio-jvm/3.6.0/okio-jvm-3.6.0.jar:/home/runner/.m2/repository/org/jetbrains/kotlin/kotlin-stdlib-jdk8/1.9.24/kotlin-stdlib-jdk8-1.9.24.jar:/home/runner/.m2/repository/org/jetbrains/kotlin/kotlin-stdlib-jdk7/1.9.24/kotlin-stdlib-jdk7-1.9.24.jar:/home/runner/.m2/repository/org/jetbrains/kotlin/kotlin-stdlib-common/1.9.24/kotlin-stdlib-common-1.9.24.jar:/home/runner/.m2/repository/com/github/stephenc/jcip/jcip-annotations/1.0-1/jcip-annotations-1.0-1.jar:/home/runner/work/ozone/ozone/hadoop-hdds/test-utils/target/hdds-test-utils-1.5.0-SNAPSHOT.jar:/home/runner/.m2/repository/org/assertj/assertj-core/3.26.0/assertj-core-3.26.0.jar:/home/runner/.m2/repository/net/bytebuddy/byte-buddy/1.14.16/byte-buddy-1.14.16.jar:/home/runner/.m2/repository/com/google/guava/guava/32.1.3-jre/guava-32.1.3-jre.jar:/home/runner/.m2/repository/com/google/guava/failureaccess/1.0.1/failureaccess-1.0.1.jar:/home/runner/.m2/repository/com/google/guava/listenablefuture/9999.0-empty-to-avoid-conflict-with-guava/listenablefuture-9999.0-empty-to-avoid-conflict-with-guava.jar:/home/runner/.m2/repository/org/checkerframework/checker-qual/3.37.0/checker-qual-3.37.0.jar:/home/runner/.m2/repository/com/google/j2objc/j2objc-annotations/2.8/j2objc-annotations-2.8.jar:/home/runner/.m2/repository/commons-io/commons-io/2.16.1/commons-io-2.16.1.jar:/home/runner/.m2/repository/commons-logging/commons-logging/1.2/commons-logging-1.2.jar:/home/runner/.m2/repository/org/junit/jupiter/junit-jupiter-api/5.10.3/junit-jupiter-api-5.10.3.jar:/home/runner/.m2/repository/org/opentest4j/opentest4j/1.3.0/opentest4j-1.3.0.jar:/home/runner/.m2/repository/org/junit/platform/junit-platform-commons/1.10.3/junit-platform-commons-1.10.3.jar:/home/runner/.m2/repository/ch/qos/reload4j/reload4j/1.2.25/reload4j-1.2.25.jar:/home/runner/.m2/repository/jakarta/annotation/jakarta.annotation-api/2.1.1/jakarta.annotation-api-2.1.1.jar:/home/runner/.m2/repository/org/slf4j/slf4j-api/2.0.13/slf4j-api-2.0.13.jar:/home/runner/.m2/repository/org/apache/logging/log4j/log4j-api/2.17.1/log4j-api-2.17.1.jar:/home/runner/work/ozone/ozone/hadoop-hdds/server-scm/target/hdds-server-scm-1.5.0-SNAPSHOT.jar:/home/runner/.m2/repository/com/google/protobuf/protobuf-java/2.5.0/protobuf-java-2.5.0.jar:/home/runner/work/ozone/ozone/hadoop-hdds/container-service/target/hdds-container-service-1.5.0-SNAPSHOT.jar:/home/runner/work/ozone/ozone/hadoop-hdds/hadoop-dependency-server/target/hdds-hadoop-dependency-server-1.5.0-SNAPSHOT.jar:/home/runner/.m2/repository/com/nimbusds/nimbus-jose-jwt/9.40/nimbus-jose-jwt-9.40.jar:/home/runner/.m2/repository/org/apache/hadoop/hadoop-hdfs/3.3.6/hadoop-hdfs-3.3.6.jar:/home/runner/.m2/repository/commons-daemon/commons-daemon/1.3.4/commons-daemon-1.3.4.jar:/home/runner/.m2/repository/org/apache/kerby/kerb-core/1.0.1/kerb-core-1.0.1.jar:/home/runner/.m2/repository/org/apache/kerby/kerby-pkix/1.0.1/kerby-pkix-1.0.1.jar:/home/runner/.m2/repository/org/apache/kerby/kerby-asn1/1.0.1/kerby-asn1-1.0.1.jar:/home/runner/.m2/repository/org/apache/kerby/kerby-util/1.0.1/kerby-util-1.0.1.jar:/home/runner/.m2/repository/org/apache/kerby/kerb-util/1.0.1/kerb-util-1.0.1.jar:/home/runner/.m2/repository/org/apache/kerby/kerby-config/1.0.1/kerby-config-1.0.1.jar:/home/runner/.m2/repository/org/apache/kerby/kerb-crypto/1.0.1/kerb-crypto-1.0.1.jar:/home/runner/.m2/repository/org/xerial/snappy/snappy-java/1.1.10.5/snappy-java-1.1.10.5.jar:/home/runner/work/ozone/ozone/hadoop-hdds/framework/target/hdds-server-framework-1.5.0-SNAPSHOT.jar:/home/runner/.m2/repository/org/bouncycastle/bcprov-jdk18on/1.78.1/bcprov-jdk18on-1.78.1.jar:/home/runner/.m2/repository/io/dropwizard/metrics/metrics-core/3.2.6/metrics-core-3.2.6.jar:/home/runner/.m2/repository/org/apache/commons/commons-text/1.12.0/commons-text-1.12.0.jar:/home/runner/work/ozone/ozone/hadoop-hdds/framework/target/hdds-server-framework-1.5.0-SNAPSHOT-tests.jar:/home/runner/work/ozone/ozone/hadoop-hdds/interface-server/target/hdds-interface-server-1.5.0-SNAPSHOT.jar:/home/runner/work/ozone/ozone/hadoop-hdds/interface-admin/target/hdds-interface-admin-1.5.0-SNAPSHOT.jar:/home/runner/work/ozone/ozone/hadoop-hdds/managed-rocksdb/target/hdds-managed-rocksdb-1.5.0-SNAPSHOT.jar:/home/runner/.m2/repository/org/rocksdb/rocksdbjni/7.7.3/rocksdbjni-7.7.3.jar:/home/runner/.m2/repository/org/slf4j/slf4j-reload4j/2.0.13/slf4j-reload4j-2.0.13.jar:/home/runner/.m2/repository/org/apache/commons/commons-configuration2/2.10.1/commons-configuration2-2.10.1.jar:/home/runner/.m2/repository/commons-fileupload/commons-fileupload/1.5/commons-fileupload-1.5.jar:/home/runner/.m2/repository/org/apache/logging/log4j/log4j-core/2.17.1/log4j-core-2.17.1.jar:/home/runner/.m2/repository/com/lmax/disruptor/3.4.4/disruptor-3.4.4.jar:/home/runner/.m2/repository/org/eclipse/jetty/jetty-util/9.4.55.v20240627/jetty-util-9.4.55.v20240627.jar:/home/runner/.m2/repository/org/eclipse/jetty/jetty-server/9.4.55.v20240627/jetty-server-9.4.55.v20240627.jar:/home/runner/.m2/repository/org/eclipse/jetty/jetty-http/9.4.55.v20240627/jetty-http-9.4.55.v20240627.jar:/home/runner/.m2/repository/org/eclipse/jetty/jetty-io/9.4.55.v20240627/jetty-io-9.4.55.v20240627.jar:/home/runner/.m2/repository/org/eclipse/jetty/jetty-servlet/9.4.55.v20240627/jetty-servlet-9.4.55.v20240627.jar:/home/runner/.m2/repository/org/eclipse/jetty/jetty-security/9.4.55.v20240627/jetty-security-9.4.55.v20240627.jar:/home/runner/.m2/repository/org/eclipse/jetty/jetty-util-ajax/9.4.55.v20240627/jetty-util-ajax-9.4.55.v20240627.jar:/home/runner/.m2/repository/org/eclipse/jetty/jetty-webapp/9.4.55.v20240627/jetty-webapp-9.4.55.v20240627.jar:/home/runner/.m2/repository/org/eclipse/jetty/jetty-xml/9.4.55.v20240627/jetty-xml-9.4.55.v20240627.jar:/home/runner/.m2/repository/org/apache/ratis/ratis-server/3.1.0/ratis-server-3.1.0.jar:/home/runner/.m2/repository/org/apache/ratis/ratis-thirdparty-misc/1.0.6/ratis-thirdparty-misc-1.0.6.jar:/home/runner/.m2/repository/org/apache/ratis/ratis-proto/3.1.0/ratis-proto-3.1.0.jar:/home/runner/.m2/repository/org/apache/ratis/ratis-common/3.1.0/ratis-common-3.1.0.jar:/home/runner/.m2/repository/org/apache/ratis/ratis-client/3.1.0/ratis-client-3.1.0.jar:/home/runner/.m2/repository/org/apache/ratis/ratis-metrics-api/3.1.0/ratis-metrics-api-3.1.0.jar:/home/runner/.m2/repository/org/apache/ratis/ratis-metrics-dropwizard3/3.1.0/ratis-metrics-dropwizard3-3.1.0.jar:/home/runner/.m2/repository/io/prometheus/simpleclient_dropwizard/0.16.0/simpleclient_dropwizard-0.16.0.jar:/home/runner/.m2/repository/io/prometheus/simpleclient/0.16.0/simpleclient-0.16.0.jar:/home/runner/.m2/repository/io/prometheus/simpleclient_common/0.16.0/simpleclient_common-0.16.0.jar:/home/runner/.m2/repository/com/fasterxml/jackson/datatype/jackson-datatype-jsr310/2.16.2/jackson-datatype-jsr310-2.16.2.jar:/home/runner/.m2/repository/com/fasterxml/jackson/core/jackson-core/2.16.2/jackson-core-2.16.2.jar:/home/runner/.m2/repository/com/github/jnr/jnr-posix/3.1.19/jnr-posix-3.1.19.jar:/home/runner/.m2/repository/com/github/jnr/jnr-ffi/2.2.16/jnr-ffi-2.2.16.jar:/home/runner/.m2/repository/com/github/jnr/jffi/1.3.13/jffi-1.3.13.jar:/home/runner/.m2/repository/com/github/jnr/jffi/1.3.13/jffi-1.3.13-native.jar:/home/runner/.m2/repository/org/ow2/asm/asm/9.2/asm-9.2.jar:/home/runner/.m2/repository/org/ow2/asm/asm-commons/9.2/asm-commons-9.2.jar:/home/runner/.m2/repository/org/ow2/asm/asm-analysis/9.2/asm-analysis-9.2.jar:/home/runner/.m2/repository/org/ow2/asm/asm-tree/9.2/asm-tree-9.2.jar:/home/runner/.m2/repository/org/ow2/asm/asm-util/9.2/asm-util-9.2.jar:/home/runner/.m2/repository/com/github/jnr/jnr-a64asm/1.0.0/jnr-a64asm-1.0.0.jar:/home/runner/.m2/repository/com/github/jnr/jnr-x86asm/1.0.2/jnr-x86asm-1.0.2.jar:/home/runner/.m2/repository/com/github/jnr/jnr-constants/0.10.4/jnr-constants-0.10.4.jar:/home/runner/work/ozone/ozone/hadoop-hdds/rocksdb-checkpoint-differ/target/rocksdb-checkpoint-differ-1.5.0-SNAPSHOT.jar:/home/runner/.m2/repository/org/jgrapht/jgrapht-core/1.4.0/jgrapht-core-1.4.0.jar:/home/runner/.m2/repository/org/jheaps/jheaps/0.11/jheaps-0.11.jar:/home/runner/.m2/repository/org/jgrapht/jgrapht-ext/1.4.0/jgrapht-ext-1.4.0.jar:/home/runner/.m2/repository/com/github/vlsi/mxgraph/jgraphx/3.9.8.1/jgraphx-3.9.8.1.jar:/home/runner/work/ozone/ozone/hadoop-ozone/ozone-manager/target/ozone-manager-1.5.0-SNAPSHOT.jar:/home/runner/.m2/repository/org/aspectj/aspectjrt/1.9.7/aspectjrt-1.9.7.jar:/home/runner/.m2/repository/org/aspectj/aspectjweaver/1.9.7/aspectjweaver-1.9.7.jar:/home/runner/work/ozone/ozone/hadoop-hdds/interface-client/target/hdds-interface-client-1.5.0-SNAPSHOT.jar:/home/runner/.m2/repository/org/apache/hadoop/thirdparty/hadoop-shaded-protobuf_3_7/1.1.1/hadoop-shaded-protobuf_3_7-1.1.1.jar:/home/runner/work/ozone/ozone/hadoop-ozone/interface-storage/target/ozone-interface-storage-1.5.0-SNAPSHOT.jar:/home/runner/.m2/repository/org/reflections/reflections/0.10.2/reflections-0.10.2.jar:/home/runner/.m2/repository/com/sun/jersey/jersey-client/1.19.4/jersey-client-1.19.4.jar:/home/runner/.m2/repository/org/codehaus/jackson/jackson-core-asl/1.9.13/jackson-core-asl-1.9.13.jar:/home/runner/.m2/repository/org/codehaus/jackson/jackson-mapper-asl/1.9.13/jackson-mapper-asl-1.9.13.jar:/home/runner/.m2/repository/org/codehaus/jackson/jackson-jaxrs/1.9.13/jackson-jaxrs-1.9.13.jar:/home/runner/.m2/repository/org/apache/ranger/ranger-intg/2.3.0/ranger-intg-2.3.0.jar:/home/runner/.m2/repository/org/apache/ranger/ranger-plugins-common/2.3.0/ranger-plugins-common-2.3.0.jar:/home/runner/.m2/repository/commons-lang/commons-lang/2.6/commons-lang-2.6.jar:/home/runner/.m2/repository/org/apache/ranger/ranger-plugins-cred/2.3.0/ranger-plugins-cred-2.3.0.jar:/home/runner/.m2/repository/org/apache/ranger/ranger-plugins-audit/2.3.0/ranger-plugins-audit-2.3.0.jar:/home/runner/.m2/repository/org/eclipse/jetty/jetty-client/9.4.55.v20240627/jetty-client-9.4.55.v20240627.jar:/home/runner/.m2/repository/org/apache/httpcomponents/httpmime/4.5.6/httpmime-4.5.6.jar:/home/runner/.m2/repository/org/apache/httpcomponents/httpcore-nio/4.4.16/httpcore-nio-4.4.16.jar:/home/runner/.m2/repository/org/apache/httpcomponents/httpasyncclient/4.1.3/httpasyncclient-4.1.3.jar:/home/runner/.m2/repository/com/carrotsearch/hppc/0.8.0/hppc-0.8.0.jar:/home/runner/.m2/repository/org/apache/orc/orc-core/1.5.8/orc-core-1.5.8.jar:/home/runner/.m2/repository/net/java/dev/jna/jna/5.2.0/jna-5.2.0.jar:/home/runner/.m2/repository/net/java/dev/jna/jna-platform/5.2.0/jna-platform-5.2.0.jar:/home/runner/.m2/repository/com/kstruct/gethostname4j/0.0.2/gethostname4j-0.0.2.jar:/home/runner/.m2/repository/org/apache/ranger/ranger-plugin-classloader/2.3.0/ranger-plugin-classloader-2.3.0.jar:/home/runner/work/ozone/ozone/hadoop-hdds/rocks-native/target/hdds-rocks-native-1.5.0-SNAPSHOT.jar:/home/runner/.m2/repository/org/apache/hadoop/hadoop-minikdc/3.3.6/hadoop-minikdc-3.3.6.jar:/home/runner/.m2/repository/org/apache/kerby/kerb-simplekdc/1.0.1/kerb-simplekdc-1.0.1.jar:/home/runner/.m2/repository/org/apache/kerby/kerb-client/1.0.1/kerb-client-1.0.1.jar:/home/runner/.m2/repository/org/apache/kerby/kerb-common/1.0.1/kerb-common-1.0.1.jar:/home/runner/.m2/repository/org/apache/kerby/token-provider/1.0.1/token-provider-1.0.1.jar:/home/runner/.m2/repository/org/apache/kerby/kerb-admin/1.0.1/kerb-admin-1.0.1.jar:/home/runner/.m2/repository/org/apache/kerby/kerb-server/1.0.1/kerb-server-1.0.1.jar:/home/runner/.m2/repository/org/apache/kerby/kerb-identity/1.0.1/kerb-identity-1.0.1.jar:/home/runner/.m2/repository/org/apache/kerby/kerby-xdr/1.0.1/kerby-xdr-1.0.1.jar:/home/runner/.m2/repository/junit/junit/4.13.2/junit-4.13.2.jar:/home/runner/.m2/repository/org/hamcrest/hamcrest-core/1.3/hamcrest-core-1.3.jar:/home/runner/work/ozone/ozone/hadoop-ozone/s3gateway/target/ozone-s3gateway-1.5.0-SNAPSHOT.jar:/home/runner/.m2/repository/org/javassist/javassist/3.30.2-GA/javassist-3.30.2-GA.jar:/home/runner/.m2/repository/org/jboss/weld/servlet/weld-servlet-shaded/3.1.9.Final/weld-servlet-shaded-3.1.9.Final.jar:/home/runner/.m2/repository/org/glassfish/jersey/containers/jersey-container-servlet-core/2.43/jersey-container-servlet-core-2.43.jar:/home/runner/.m2/repository/org/glassfish/hk2/external/jakarta.inject/2.6.1/jakarta.inject-2.6.1.jar:/home/runner/.m2/repository/org/glassfish/jersey/core/jersey-common/2.43/jersey-common-2.43.jar:/home/runner/.m2/repository/jakarta/ws/rs/jakarta.ws.rs-api/2.1.6/jakarta.ws.rs-api-2.1.6.jar:/home/runner/.m2/repository/org/glassfish/jersey/ext/cdi/jersey-cdi1x/2.43/jersey-cdi1x-2.43.jar:/home/runner/.m2/repository/org/glassfish/jersey/inject/jersey-hk2/2.43/jersey-hk2-2.43.jar:/home/runner/.m2/repository/org/glassfish/hk2/hk2-locator/2.6.1/hk2-locator-2.6.1.jar:/home/runner/.m2/repository/org/glassfish/jersey/media/jersey-media-jaxb/2.43/jersey-media-jaxb-2.43.jar:/home/runner/.m2/repository/org/glassfish/hk2/osgi-resource-locator/1.0.3/osgi-resource-locator-1.0.3.jar:/home/runner/.m2/repository/org/glassfish/hk2/hk2-api/2.6.1/hk2-api-2.6.1.jar:/home/runner/.m2/repository/org/glassfish/hk2/hk2-utils/2.6.1/hk2-utils-2.6.1.jar:/home/runner/.m2/repository/org/glassfish/hk2/external/aopalliance-repackaged/2.6.1/aopalliance-repackaged-2.6.1.jar:/home/runner/.m2/repository/com/fasterxml/jackson/dataformat/jackson-dataformat-xml/2.16.2/jackson-dataformat-xml-2.16.2.jar:/home/runner/.m2/repository/org/codehaus/woodstox/stax2-api/4.2.2/stax2-api-4.2.2.jar:/home/runner/.m2/repository/com/fasterxml/woodstox/woodstox-core/5.4.0/woodstox-core-5.4.0.jar:/home/runner/.m2/repository/com/fasterxml/jackson/module/jackson-module-jaxb-annotations/2.16.2/jackson-module-jaxb-annotations-2.16.2.jar:/home/runner/.m2/repository/javax/enterprise/cdi-api/2.0/cdi-api-2.0.jar:/home/runner/.m2/repository/javax/el/javax.el-api/3.0.0/javax.el-api-3.0.0.jar:/home/runner/.m2/repository/javax/interceptor/javax.interceptor-api/1.2/javax.interceptor-api-1.2.jar:/home/runner/.m2/repository/javax/inject/javax.inject/1/javax.inject-1.jar:/home/runner/.m2/repository/jakarta/xml/bind/jakarta.xml.bind-api/2.3.3/jakarta.xml.bind-api-2.3.3.jar:/home/runner/.m2/repository/org/glassfish/jaxb/jaxb-runtime/2.3.9/jaxb-runtime-2.3.9.jar:/home/runner/.m2/repository/org/glassfish/jaxb/txw2/2.3.9/txw2-2.3.9.jar:/home/runner/.m2/repository/com/sun/istack/istack-commons-runtime/3.0.12/istack-commons-runtime-3.0.12.jar:/home/runner/.m2/repository/com/sun/activation/jakarta.activation/1.2.2/jakarta.activation-1.2.2.jar:/home/runner/.m2/repository/jakarta/activation/jakarta.activation-api/1.2.2/jakarta.activation-api-1.2.2.jar:/home/runner/.m2/repository/io/grpc/grpc-protobuf/1.58.0/grpc-protobuf-1.58.0.jar:/home/runner/.m2/repository/com/google/api/grpc/proto-google-common-protos/2.22.0/proto-google-common-protos-2.22.0.jar:/home/runner/.m2/repository/io/grpc/grpc-protobuf-lite/1.58.0/grpc-protobuf-lite-1.58.0.jar:/home/runner/.m2/repository/io/grpc/grpc-stub/1.58.0/grpc-stub-1.58.0.jar:/home/runner/.m2/repository/io/netty/netty-transport/4.1.109.Final/netty-transport-4.1.109.Final.jar:/home/runner/.m2/repository/io/netty/netty-resolver/4.1.109.Final/netty-resolver-4.1.109.Final.jar:/home/runner/work/ozone/ozone/hadoop-ozone/csi/target/ozone-csi-1.5.0-SNAPSHOT.jar:/home/runner/.m2/repository/com/google/protobuf/protobuf-java-util/3.19.6/protobuf-java-util-3.19.6.jar:/home/runner/.m2/repository/com/google/code/gson/gson/2.10.1/gson-2.10.1.jar:/home/runner/work/ozone/ozone/hadoop-hdds/config/target/hdds-config-1.5.0-SNAPSHOT.jar:/home/runner/.m2/repository/io/netty/netty-transport-native-epoll/4.1.109.Final/netty-transport-native-epoll-4.1.109.Final-linux-x86_64.jar:/home/runner/.m2/repository/io/netty/netty-transport-classes-epoll/4.1.109.Final/netty-transport-classes-epoll-4.1.109.Final.jar:/home/runner/.m2/repository/io/netty/netty-transport-native-unix-common/4.1.109.Final/netty-transport-native-unix-common-4.1.109.Final.jar:/home/runner/work/ozone/ozone/hadoop-ozone/recon/target/ozone-recon-1.5.0-SNAPSHOT.jar:/home/runner/work/ozone/ozone/hadoop-ozone/recon-codegen/target/ozone-reconcodegen-1.5.0-SNAPSHOT.jar:/home/runner/.m2/repository/com/google/inject/guice/6.0.0/guice-6.0.0.jar:/home/runner/.m2/repository/jakarta/inject/jakarta.inject-api/2.0.1/jakarta.inject-api-2.0.1.jar:/home/runner/.m2/repository/aopalliance/aopalliance/1.0/aopalliance-1.0.jar:/home/runner/.m2/repository/com/google/inject/extensions/guice-assistedinject/6.0.0/guice-assistedinject-6.0.0.jar:/home/runner/.m2/repository/com/google/inject/extensions/guice-servlet/6.0.0/guice-servlet-6.0.0.jar:/home/runner/.m2/repository/org/glassfish/jersey/containers/jersey-container-servlet/2.43/jersey-container-servlet-2.43.jar:/home/runner/.m2/repository/org/glassfish/hk2/guice-bridge/2.6.1/guice-bridge-2.6.1.jar:/home/runner/.m2/repository/org/glassfish/jersey/core/jersey-server/2.43/jersey-server-2.43.jar:/home/runner/.m2/repository/org/glassfish/jersey/core/jersey-client/2.43/jersey-client-2.43.jar:/home/runner/.m2/repository/jakarta/validation/jakarta.validation-api/2.0.2/jakarta.validation-api-2.0.2.jar:/home/runner/.m2/repository/org/glassfish/jersey/media/jersey-media-json-jackson/2.43/jersey-media-json-jackson-2.43.jar:/home/runner/.m2/repository/org/glassfish/jersey/ext/jersey-entity-filtering/2.43/jersey-entity-filtering-2.43.jar:/home/runner/.m2/repository/org/jooq/jooq/3.11.10/jooq-3.11.10.jar:/home/runner/.m2/repository/org/jooq/jooq-meta/3.11.10/jooq-meta-3.11.10.jar:/home/runner/.m2/repository/org/jooq/jooq-codegen/3.11.10/jooq-codegen-3.11.10.jar:/home/runner/.m2/repository/com/jolbox/bonecp/0.8.0.RELEASE/bonecp-0.8.0.RELEASE.jar:/home/runner/.m2/repository/org/apache/derby/derby/10.14.2.0/derby-10.14.2.0.jar:/home/runner/.m2/repository/org/xerial/sqlite-jdbc/3.44.1.0/sqlite-jdbc-3.44.1.0.jar:/home/runner/.m2/repository/org/springframework/spring-jdbc/5.3.34/spring-jdbc-5.3.34.jar:/home/runner/.m2/repository/org/springframework/spring-beans/5.3.34/spring-beans-5.3.34.jar:/home/runner/.m2/repository/org/springframework/spring-core/5.3.34/spring-core-5.3.34.jar:/home/runner/.m2/repository/org/springframework/spring-tx/5.3.34/spring-tx-5.3.34.jar:/home/runner/work/ozone/ozone/hadoop-ozone/client/target/ozone-client-1.5.0-SNAPSHOT.jar:/home/runner/work/ozone/ozone/hadoop-hdds/erasurecode/target/hdds-erasurecode-1.5.0-SNAPSHOT.jar:/home/runner/work/ozone/ozone/hadoop-ozone/ozonefs/target/ozone-filesystem-1.5.0-SNAPSHOT.jar:/home/runner/work/ozone/ozone/hadoop-ozone/ozonefs-common/target/ozone-filesystem-common-1.5.0-SNAPSHOT.jar:/home/runner/work/ozone/ozone/hadoop-ozone/tools/target/ozone-tools-1.5.0-SNAPSHOT.jar:/home/runner/.m2/repository/com/amazonaws/aws-java-sdk-core/1.12.661/aws-java-sdk-core-1.12.661.jar:/home/runner/.m2/repository/org/apache/httpcomponents/httpclient/4.5.14/httpclient-4.5.14.jar:/home/runner/.m2/repository/org/apache/httpcomponents/httpcore/4.4.16/httpcore-4.4.16.jar:/home/runner/.m2/repository/com/fasterxml/jackson/dataformat/jackson-dataformat-cbor/2.16.2/jackson-dataformat-cbor-2.16.2.jar:/home/runner/.m2/repository/joda-time/joda-time/2.12.7/joda-time-2.12.7.jar:/home/runner/.m2/repository/com/amazonaws/aws-java-sdk-s3/1.12.661/aws-java-sdk-s3-1.12.661.jar:/home/runner/.m2/repository/com/amazonaws/aws-java-sdk-kms/1.12.661/aws-java-sdk-kms-1.12.661.jar:/home/runner/.m2/repository/com/amazonaws/jmespath-java/1.12.661/jmespath-java-1.12.661.jar:/home/runner/.m2/repository/org/kohsuke/metainf-services/metainf-services/1.11/metainf-services-1.11.jar:/home/runner/work/ozone/ozone/hadoop-hdds/tools/target/hdds-tools-1.5.0-SNAPSHOT.jar:/home/runner/.m2/repository/org/apache/ratis/ratis-tools/3.1.0/ratis-tools-3.1.0.jar:/home/runner/.m2/repository/commons-cli/commons-cli/1.8.0/commons-cli-1.8.0.jar:/home/runner/.m2/repository/org/apache/commons/commons-lang3/3.14.0/commons-lang3-3.14.0.jar:/home/runner/work/ozone/ozone/hadoop-ozone/ozone-manager/target/ozone-manager-1.5.0-SNAPSHOT-tests.jar:/home/runner/work/ozone/ozone/hadoop-hdds/common/target/hdds-common-1.5.0-SNAPSHOT-tests.jar:/home/runner/work/ozone/ozone/hadoop-hdds/hadoop-dependency-client/target/hdds-hadoop-dependency-client-1.5.0-SNAPSHOT.jar:/home/runner/.m2/repository/info/picocli/picocli/4.7.6/picocli-4.7.6.jar:/home/runner/.m2/repository/com/fasterxml/jackson/core/jackson-annotations/2.16.2/jackson-annotations-2.16.2.jar:/home/runner/work/ozone/ozone/hadoop-hdds/annotations/target/hdds-annotation-processing-1.5.0-SNAPSHOT.jar:/home/runner/.m2/repository/javax/annotation/javax.annotation-api/1.3.2/javax.annotation-api-1.3.2.jar:/home/runner/.m2/repository/org/apache/ratis/ratis-server-api/3.1.0/ratis-server-api-3.1.0.jar:/home/runner/.m2/repository/org/apache/ratis/ratis-netty/3.1.0/ratis-netty-3.1.0.jar:/home/runner/.m2/repository/org/apache/ratis/ratis-grpc/3.1.0/ratis-grpc-3.1.0.jar:/home/runner/.m2/repository/org/bouncycastle/bcpkix-jdk18on/1.78.1/bcpkix-jdk18on-1.78.1.jar:/home/runner/.m2/repository/org/bouncycastle/bcutil-jdk18on/1.78.1/bcutil-jdk18on-1.78.1.jar:/home/runner/.m2/repository/commons-validator/commons-validator/1.6/commons-validator-1.6.jar:/home/runner/.m2/repository/commons-beanutils/commons-beanutils/1.9.4/commons-beanutils-1.9.4.jar:/home/runner/.m2/repository/commons-digester/commons-digester/1.8.1/commons-digester-1.8.1.jar:/home/runner/.m2/repository/commons-collections/commons-collections/3.2.2/commons-collections-3.2.2.jar:/home/runner/.m2/repository/io/jaegertracing/jaeger-client/1.8.1/jaeger-client-1.8.1.jar:/home/runner/.m2/repository/io/jaegertracing/jaeger-thrift/1.8.1/jaeger-thrift-1.8.1.jar:/home/runner/.m2/repository/org/apache/thrift/libthrift/0.15.0/libthrift-0.15.0.jar:/home/runner/.m2/repository/io/jaegertracing/jaeger-core/1.8.1/jaeger-core-1.8.1.jar:/home/runner/.m2/repository/io/jaegertracing/jaeger-tracerresolver/1.8.1/jaeger-tracerresolver-1.8.1.jar:/home/runner/.m2/repository/io/opentracing/contrib/opentracing-tracerresolver/0.1.8/opentracing-tracerresolver-0.1.8.jar:/home/runner/.m2/repository/org/jetbrains/kotlin/kotlin-stdlib/1.9.24/kotlin-stdlib-1.9.24.jar:/home/runner/.m2/repository/org/jetbrains/annotations/13.0/annotations-13.0.jar:/home/runner/.m2/repository/io/opentracing/opentracing-util/0.33.0/opentracing-util-0.33.0.jar:/home/runner/.m2/repository/io/opentracing/opentracing-api/0.33.0/opentracing-api-0.33.0.jar:/home/runner/.m2/repository/io/opentracing/opentracing-noop/0.33.0/opentracing-noop-0.33.0.jar:/home/runner/.m2/repository/org/yaml/snakeyaml/2.0/snakeyaml-2.0.jar:/home/runner/.m2/repository/io/grpc/grpc-api/1.58.0/grpc-api-1.58.0.jar:/home/runner/.m2/repository/org/junit/platform/junit-platform-launcher/1.10.3/junit-platform-launcher-1.10.3.jar:/home/runner/.m2/repository/org/junit/platform/junit-platform-engine/1.10.3/junit-platform-engine-1.10.3.jar:/home/runner/.m2/repository/org/apiguardian/apiguardian-api/1.1.2/apiguardian-api-1.1.2.jar:/home/runner/.m2/repository/org/apache/hadoop/hadoop-kms/3.3.6/hadoop-kms-3.3.6.jar:/home/runner/.m2/repository/org/apache/hadoop/hadoop-auth/3.3.6/hadoop-auth-3.3.6.jar:/home/runner/.m2/repository/org/apache/zookeeper/zookeeper/3.8.4/zookeeper-3.8.4.jar:/home/runner/.m2/repository/org/apache/zookeeper/zookeeper-jute/3.8.4/zookeeper-jute-3.8.4.jar:/home/runner/.m2/repository/org/apache/yetus/audience-annotations/0.12.0/audience-annotations-0.12.0.jar:/home/runner/.m2/repository/org/apache/curator/curator-framework/4.2.0/curator-framework-4.2.0.jar:/home/runner/.m2/repository/org/apache/hadoop/thirdparty/hadoop-shaded-guava/1.2.0/hadoop-shaded-guava-1.2.0.jar:/home/runner/.m2/repository/com/sun/jersey/jersey-core/1.19.4/jersey-core-1.19.4.jar:/home/runner/.m2/repository/javax/ws/rs/jsr311-api/1.1.1/jsr311-api-1.1.1.jar:/home/runner/.m2/repository/com/sun/jersey/jersey-server/1.19.4/jersey-server-1.19.4.jar:/home/runner/.m2/repository/javax/servlet/javax.servlet-api/3.1.0/javax.servlet-api-3.1.0.jar:/home/runner/.m2/repository/org/apache/hadoop/hadoop-common/3.3.6/hadoop-common-3.3.6.jar:/home/runner/.m2/repository/org/apache/commons/commons-math3/3.6.1/commons-math3-3.6.1.jar:/home/runner/.m2/repository/commons-net/commons-net/3.10.0/commons-net-3.10.0.jar:/home/runner/.m2/repository/com/sun/jersey/jersey-servlet/1.19.4/jersey-servlet-1.19.4.jar:/home/runner/.m2/repository/com/github/pjfanning/jersey-json/1.20/jersey-json-1.20.jar:/home/runner/.m2/repository/org/codehaus/jettison/jettison/1.1/jettison-1.1.jar:/home/runner/.m2/repository/com/sun/xml/bind/jaxb-impl/2.2.3-1/jaxb-impl-2.2.3-1.jar:/home/runner/.m2/repository/com/google/re2j/re2j/1.7/re2j-1.7.jar:/home/runner/.m2/repository/com/jcraft/jsch/0.1.55/jsch-0.1.55.jar:/home/runner/.m2/repository/org/apache/curator/curator-client/4.2.0/curator-client-4.2.0.jar:/home/runner/.m2/repository/org/apache/curator/curator-recipes/5.2.0/curator-recipes-5.2.0.jar:/home/runner/.m2/repository/com/google/code/findbugs/jsr305/3.0.2/jsr305-3.0.2.jar:/home/runner/.m2/repository/dnsjava/dnsjava/2.1.9/dnsjava-2.1.9.jar:/home/runner/.m2/repository/com/fasterxml/jackson/core/jackson-databind/2.16.2/jackson-databind-2.16.2.jar:/home/runner/.m2/repository/org/apache/hadoop/hadoop-kms/3.3.6/hadoop-kms-3.3.6-tests.jar:/home/runner/work/ozone/ozone/hadoop-hdds/server-scm/target/hdds-server-scm-1.5.0-SNAPSHOT-tests.jar:/home/runner/work/ozone/ozone/hadoop-hdds/container-service/target/hdds-container-service-1.5.0-SNAPSHOT-tests.jar:/home/runner/.m2/repository/com/github/luben/zstd-jni/1.5.6-3/zstd-jni-1.5.6-3.jar:/home/runner/.m2/repository/commons-codec/commons-codec/1.17.0/commons-codec-1.17.0.jar:/home/runner/.m2/repository/io/netty/netty-codec/4.1.109.Final/netty-codec-4.1.109.Final.jar:/home/runner/.m2/repository/io/netty/netty-handler/4.1.109.Final/netty-handler-4.1.109.Final.jar:/home/runner/work/ozone/ozone/hadoop-hdds/hadoop-dependency-test/target/hdds-hadoop-dependency-test-1.5.0-SNAPSHOT.jar:/home/runner/.m2/repository/org/apache/hadoop/hadoop-common/3.3.6/hadoop-common-3.3.6-tests.jar:/home/runner/.m2/repository/org/apache/hadoop/hadoop-hdfs/3.3.6/hadoop-hdfs-3.3.6-tests.jar:/home/runner/.m2/repository/org/junit/jupiter/junit-jupiter-engine/5.10.3/junit-jupiter-engine-5.10.3.jar:/home/runner/.m2/repository/org/junit/jupiter/junit-jupiter-params/5.10.3/junit-jupiter-params-5.10.3.jar:/home/runner/.m2/repository/org/mockito/mockito-core/4.11.0/mockito-core-4.11.0.jar:/home/runner/.m2/repository/net/bytebuddy/byte-buddy-agent/1.12.19/byte-buddy-agent-1.12.19.jar:/home/runner/.m2/repository/org/objenesis/objenesis/3.3/objenesis-3.3.jar:/home/runner/.m2/repository/org/mockito/mockito-inline/4.11.0/mockito-inline-4.11.0.jar:/home/runner/.m2/repository/org/mockito/mockito-junit-jupiter/4.11.0/mockito-junit-jupiter-4.11.0.jar:/home/runner/.m2/repository/org/apache/hadoop/hadoop-distcp/3.3.6/hadoop-distcp-3.3.6.jar:/home/runner/.m2/repository/org/apache/hadoop/hadoop-mapreduce-client-jobclient/3.3.6/hadoop-mapreduce-client-jobclient-3.3.6.jar:/home/runner/.m2/repository/org/apache/hadoop/hadoop-mapreduce-client-common/3.3.6/hadoop-mapreduce-client-common-3.3.6.jar:/home/runner/.m2/repository/org/apache/hadoop/hadoop-yarn-common/3.3.6/hadoop-yarn-common-3.3.6.jar:/home/runner/.m2/repository/org/apache/hadoop/hadoop-yarn-api/3.3.6/hadoop-yarn-api-3.3.6.jar:/home/runner/.m2/repository/javax/xml/bind/jaxb-api/2.2.11/jaxb-api-2.2.11.jar:/home/runner/.m2/repository/com/sun/jersey/contribs/jersey-guice/1.19.4/jersey-guice-1.19.4.jar:/home/runner/.m2/repository/com/fasterxml/jackson/jaxrs/jackson-jaxrs-json-provider/2.16.2/jackson-jaxrs-json-provider-2.16.2.jar:/home/runner/.m2/repository/com/fasterxml/jackson/jaxrs/jackson-jaxrs-base/2.16.2/jackson-jaxrs-base-2.16.2.jar:/home/runner/.m2/repository/org/apache/hadoop/hadoop-yarn-client/3.3.6/hadoop-yarn-client-3.3.6.jar:/home/runner/.m2/repository/org/eclipse/jetty/websocket/websocket-client/9.4.51.v20230217/websocket-client-9.4.51.v20230217.jar:/home/runner/.m2/repository/org/eclipse/jetty/websocket/websocket-common/9.4.51.v20230217/websocket-common-9.4.51.v20230217.jar:/home/runner/.m2/repository/org/eclipse/jetty/websocket/websocket-api/9.4.51.v20230217/websocket-api-9.4.51.v20230217.jar:/home/runner/.m2/repository/org/jline/jline/3.9.0/jline-3.9.0.jar:/home/runner/.m2/repository/org/apache/hadoop/hadoop-mapreduce-client-core/3.3.6/hadoop-mapreduce-client-core-3.3.6.jar:/home/runner/.m2/repository/org/apache/avro/avro/1.7.7/avro-1.7.7.jar:/home/runner/.m2/repository/com/thoughtworks/paranamer/paranamer/2.3/paranamer-2.3.jar:/home/runner/.m2/repository/org/apache/hadoop/hadoop-annotations/3.3.6/hadoop-annotations-3.3.6.jar:/home/runner/.m2/repository/io/netty/netty/3.10.6.Final/netty-3.10.6.Final.jar:/home/runner/.m2/repository/org/apache/hadoop/hadoop-distcp/3.3.6/hadoop-distcp-3.3.6-tests.jar:/home/runner/.m2/repository/org/hamcrest/hamcrest/2.2/hamcrest-2.2.jar:/home/runner/.m2/repository/org/slf4j/jul-to-slf4j/2.0.13/jul-to-slf4j-2.0.13.jar:/home/runner/work/ozone/ozone/hadoop-ozone/integration-test/target/gradle-enterprise/test-listeners.jar:"/>
    <property name="java.vm.vendor" value="Eclipse Adoptium"/>
    <property name="sun.arch.data.model" value="64"/>
    <property name="test.build.dir" value="/home/runner/work/ozone/ozone/hadoop-ozone/integration-test/target/test-dir"/>
    <property name="sun.security.krb5.debug" value="false"/>
    <property name="test.cache.data" value=""/>
    <property name="java.vendor.url" value="https://adoptium.net/"/>
    <property name="user.timezone" value="Etc/UTC"/>
    <property name="maven-surefire-plugin.argLineAccessArgs" value=" --add-opens java.management/com.sun.jmx.mbeanserver=ALL-UNNAMED --add-exports java.management/com.sun.jmx.mbeanserver=ALL-UNNAMED --add-opens java.base/java.nio=ALL-UNNAMED --add-opens java.base/java.lang=ALL-UNNAMED --add-opens java.base/java.lang.reflect=ALL-UNNAMED"/>
    <property name="os.name" value="Linux"/>
    <property name="java.vm.specification.version" value="17"/>
    <property name="test.build.data" value="/home/runner/work/ozone/ozone/hadoop-ozone/integration-test/target/test-dir"/>
    <property name="sun.java.launcher" value="SUN_STANDARD"/>
    <property name="sun.boot.library.path" value="/usr/lib/jvm/temurin-17-jdk-amd64/lib"/>
    <property name="sun.java.command" value="/home/runner/work/ozone/ozone/hadoop-ozone/integration-test/target/surefire/surefirebooter14163594513494390966.jar /home/runner/work/ozone/ozone/hadoop-ozone/integration-test/target/surefire 2024-07-10T06-55-16_640-jvmRun1 surefire17293773606435064234tmp surefire_296597519185042860913tmp"/>
    <property name="jdk.debug" value="release"/>
    <property name="native.lib.tmp.dir" value="/tmp"/>
    <property name="surefire.test.class.path" value="/home/runner/work/ozone/ozone/hadoop-ozone/integration-test/target/test-classes:/home/runner/work/ozone/ozone/hadoop-ozone/integration-test/target/classes:/home/runner/work/ozone/ozone/hadoop-ozone/common/target/ozone-common-1.5.0-SNAPSHOT.jar:/home/runner/.m2/repository/io/grpc/grpc-netty/1.58.0/grpc-netty-1.58.0.jar:/home/runner/.m2/repository/io/grpc/grpc-core/1.58.0/grpc-core-1.58.0.jar:/home/runner/.m2/repository/com/google/android/annotations/4.1.1.4/annotations-4.1.1.4.jar:/home/runner/.m2/repository/org/codehaus/mojo/animal-sniffer-annotations/1.23/animal-sniffer-annotations-1.23.jar:/home/runner/.m2/repository/io/grpc/grpc-context/1.58.0/grpc-context-1.58.0.jar:/home/runner/.m2/repository/io/grpc/grpc-util/1.58.0/grpc-util-1.58.0.jar:/home/runner/.m2/repository/com/google/errorprone/error_prone_annotations/2.2.0/error_prone_annotations-2.2.0.jar:/home/runner/.m2/repository/io/perfmark/perfmark-api/0.26.0/perfmark-api-0.26.0.jar:/home/runner/.m2/repository/io/netty/netty-codec-http2/4.1.109.Final/netty-codec-http2-4.1.109.Final.jar:/home/runner/.m2/repository/io/netty/netty-common/4.1.109.Final/netty-common-4.1.109.Final.jar:/home/runner/.m2/repository/io/netty/netty-buffer/4.1.109.Final/netty-buffer-4.1.109.Final.jar:/home/runner/.m2/repository/io/netty/netty-codec-http/4.1.109.Final/netty-codec-http-4.1.109.Final.jar:/home/runner/.m2/repository/io/netty/netty-handler-proxy/4.1.109.Final/netty-handler-proxy-4.1.109.Final.jar:/home/runner/.m2/repository/io/netty/netty-codec-socks/4.1.109.Final/netty-codec-socks-4.1.109.Final.jar:/home/runner/.m2/repository/io/netty/netty-tcnative-boringssl-static/2.0.65.Final/netty-tcnative-boringssl-static-2.0.65.Final.jar:/home/runner/.m2/repository/io/netty/netty-tcnative-classes/2.0.65.Final/netty-tcnative-classes-2.0.65.Final.jar:/home/runner/.m2/repository/io/netty/netty-tcnative-boringssl-static/2.0.65.Final/netty-tcnative-boringssl-static-2.0.65.Final-linux-x86_64.jar:/home/runner/.m2/repository/io/netty/netty-tcnative-boringssl-static/2.0.65.Final/netty-tcnative-boringssl-static-2.0.65.Final-linux-aarch_64.jar:/home/runner/.m2/repository/io/netty/netty-tcnative-boringssl-static/2.0.65.Final/netty-tcnative-boringssl-static-2.0.65.Final-osx-x86_64.jar:/home/runner/.m2/repository/io/netty/netty-tcnative-boringssl-static/2.0.65.Final/netty-tcnative-boringssl-static-2.0.65.Final-osx-aarch_64.jar:/home/runner/.m2/repository/io/netty/netty-tcnative-boringssl-static/2.0.65.Final/netty-tcnative-boringssl-static-2.0.65.Final-windows-x86_64.jar:/home/runner/.m2/repository/org/apache/commons/commons-compress/1.26.0/commons-compress-1.26.0.jar:/home/runner/work/ozone/ozone/hadoop-hdds/common/target/hdds-common-1.5.0-SNAPSHOT.jar:/home/runner/work/ozone/ozone/hadoop-hdds/client/target/hdds-client-1.5.0-SNAPSHOT.jar:/home/runner/work/ozone/ozone/hadoop-ozone/interface-client/target/ozone-interface-client-1.5.0-SNAPSHOT.jar:/home/runner/.m2/repository/org/apache/hadoop/hadoop-hdfs-client/3.3.6/hadoop-hdfs-client-3.3.6.jar:/home/runner/.m2/repository/com/squareup/okhttp3/okhttp/4.12.0/okhttp-4.12.0.jar:/home/runner/.m2/repository/com/squareup/okio/okio/3.6.0/okio-3.6.0.jar:/home/runner/.m2/repository/com/squareup/okio/okio-jvm/3.6.0/okio-jvm-3.6.0.jar:/home/runner/.m2/repository/org/jetbrains/kotlin/kotlin-stdlib-jdk8/1.9.24/kotlin-stdlib-jdk8-1.9.24.jar:/home/runner/.m2/repository/org/jetbrains/kotlin/kotlin-stdlib-jdk7/1.9.24/kotlin-stdlib-jdk7-1.9.24.jar:/home/runner/.m2/repository/org/jetbrains/kotlin/kotlin-stdlib-common/1.9.24/kotlin-stdlib-common-1.9.24.jar:/home/runner/.m2/repository/com/github/stephenc/jcip/jcip-annotations/1.0-1/jcip-annotations-1.0-1.jar:/home/runner/work/ozone/ozone/hadoop-hdds/test-utils/target/hdds-test-utils-1.5.0-SNAPSHOT.jar:/home/runner/.m2/repository/org/assertj/assertj-core/3.26.0/assertj-core-3.26.0.jar:/home/runner/.m2/repository/net/bytebuddy/byte-buddy/1.14.16/byte-buddy-1.14.16.jar:/home/runner/.m2/repository/com/google/guava/guava/32.1.3-jre/guava-32.1.3-jre.jar:/home/runner/.m2/repository/com/google/guava/failureaccess/1.0.1/failureaccess-1.0.1.jar:/home/runner/.m2/repository/com/google/guava/listenablefuture/9999.0-empty-to-avoid-conflict-with-guava/listenablefuture-9999.0-empty-to-avoid-conflict-with-guava.jar:/home/runner/.m2/repository/org/checkerframework/checker-qual/3.37.0/checker-qual-3.37.0.jar:/home/runner/.m2/repository/com/google/j2objc/j2objc-annotations/2.8/j2objc-annotations-2.8.jar:/home/runner/.m2/repository/commons-io/commons-io/2.16.1/commons-io-2.16.1.jar:/home/runner/.m2/repository/commons-logging/commons-logging/1.2/commons-logging-1.2.jar:/home/runner/.m2/repository/org/junit/jupiter/junit-jupiter-api/5.10.3/junit-jupiter-api-5.10.3.jar:/home/runner/.m2/repository/org/opentest4j/opentest4j/1.3.0/opentest4j-1.3.0.jar:/home/runner/.m2/repository/org/junit/platform/junit-platform-commons/1.10.3/junit-platform-commons-1.10.3.jar:/home/runner/.m2/repository/ch/qos/reload4j/reload4j/1.2.25/reload4j-1.2.25.jar:/home/runner/.m2/repository/jakarta/annotation/jakarta.annotation-api/2.1.1/jakarta.annotation-api-2.1.1.jar:/home/runner/.m2/repository/org/slf4j/slf4j-api/2.0.13/slf4j-api-2.0.13.jar:/home/runner/.m2/repository/org/apache/logging/log4j/log4j-api/2.17.1/log4j-api-2.17.1.jar:/home/runner/work/ozone/ozone/hadoop-hdds/server-scm/target/hdds-server-scm-1.5.0-SNAPSHOT.jar:/home/runner/.m2/repository/com/google/protobuf/protobuf-java/2.5.0/protobuf-java-2.5.0.jar:/home/runner/work/ozone/ozone/hadoop-hdds/container-service/target/hdds-container-service-1.5.0-SNAPSHOT.jar:/home/runner/work/ozone/ozone/hadoop-hdds/hadoop-dependency-server/target/hdds-hadoop-dependency-server-1.5.0-SNAPSHOT.jar:/home/runner/.m2/repository/com/nimbusds/nimbus-jose-jwt/9.40/nimbus-jose-jwt-9.40.jar:/home/runner/.m2/repository/org/apache/hadoop/hadoop-hdfs/3.3.6/hadoop-hdfs-3.3.6.jar:/home/runner/.m2/repository/commons-daemon/commons-daemon/1.3.4/commons-daemon-1.3.4.jar:/home/runner/.m2/repository/org/apache/kerby/kerb-core/1.0.1/kerb-core-1.0.1.jar:/home/runner/.m2/repository/org/apache/kerby/kerby-pkix/1.0.1/kerby-pkix-1.0.1.jar:/home/runner/.m2/repository/org/apache/kerby/kerby-asn1/1.0.1/kerby-asn1-1.0.1.jar:/home/runner/.m2/repository/org/apache/kerby/kerby-util/1.0.1/kerby-util-1.0.1.jar:/home/runner/.m2/repository/org/apache/kerby/kerb-util/1.0.1/kerb-util-1.0.1.jar:/home/runner/.m2/repository/org/apache/kerby/kerby-config/1.0.1/kerby-config-1.0.1.jar:/home/runner/.m2/repository/org/apache/kerby/kerb-crypto/1.0.1/kerb-crypto-1.0.1.jar:/home/runner/.m2/repository/org/xerial/snappy/snappy-java/1.1.10.5/snappy-java-1.1.10.5.jar:/home/runner/work/ozone/ozone/hadoop-hdds/framework/target/hdds-server-framework-1.5.0-SNAPSHOT.jar:/home/runner/.m2/repository/org/bouncycastle/bcprov-jdk18on/1.78.1/bcprov-jdk18on-1.78.1.jar:/home/runner/.m2/repository/io/dropwizard/metrics/metrics-core/3.2.6/metrics-core-3.2.6.jar:/home/runner/.m2/repository/org/apache/commons/commons-text/1.12.0/commons-text-1.12.0.jar:/home/runner/work/ozone/ozone/hadoop-hdds/framework/target/hdds-server-framework-1.5.0-SNAPSHOT-tests.jar:/home/runner/work/ozone/ozone/hadoop-hdds/interface-server/target/hdds-interface-server-1.5.0-SNAPSHOT.jar:/home/runner/work/ozone/ozone/hadoop-hdds/interface-admin/target/hdds-interface-admin-1.5.0-SNAPSHOT.jar:/home/runner/work/ozone/ozone/hadoop-hdds/managed-rocksdb/target/hdds-managed-rocksdb-1.5.0-SNAPSHOT.jar:/home/runner/.m2/repository/org/rocksdb/rocksdbjni/7.7.3/rocksdbjni-7.7.3.jar:/home/runner/.m2/repository/org/slf4j/slf4j-reload4j/2.0.13/slf4j-reload4j-2.0.13.jar:/home/runner/.m2/repository/org/apache/commons/commons-configuration2/2.10.1/commons-configuration2-2.10.1.jar:/home/runner/.m2/repository/commons-fileupload/commons-fileupload/1.5/commons-fileupload-1.5.jar:/home/runner/.m2/repository/org/apache/logging/log4j/log4j-core/2.17.1/log4j-core-2.17.1.jar:/home/runner/.m2/repository/com/lmax/disruptor/3.4.4/disruptor-3.4.4.jar:/home/runner/.m2/repository/org/eclipse/jetty/jetty-util/9.4.55.v20240627/jetty-util-9.4.55.v20240627.jar:/home/runner/.m2/repository/org/eclipse/jetty/jetty-server/9.4.55.v20240627/jetty-server-9.4.55.v20240627.jar:/home/runner/.m2/repository/org/eclipse/jetty/jetty-http/9.4.55.v20240627/jetty-http-9.4.55.v20240627.jar:/home/runner/.m2/repository/org/eclipse/jetty/jetty-io/9.4.55.v20240627/jetty-io-9.4.55.v20240627.jar:/home/runner/.m2/repository/org/eclipse/jetty/jetty-servlet/9.4.55.v20240627/jetty-servlet-9.4.55.v20240627.jar:/home/runner/.m2/repository/org/eclipse/jetty/jetty-security/9.4.55.v20240627/jetty-security-9.4.55.v20240627.jar:/home/runner/.m2/repository/org/eclipse/jetty/jetty-util-ajax/9.4.55.v20240627/jetty-util-ajax-9.4.55.v20240627.jar:/home/runner/.m2/repository/org/eclipse/jetty/jetty-webapp/9.4.55.v20240627/jetty-webapp-9.4.55.v20240627.jar:/home/runner/.m2/repository/org/eclipse/jetty/jetty-xml/9.4.55.v20240627/jetty-xml-9.4.55.v20240627.jar:/home/runner/.m2/repository/org/apache/ratis/ratis-server/3.1.0/ratis-server-3.1.0.jar:/home/runner/.m2/repository/org/apache/ratis/ratis-thirdparty-misc/1.0.6/ratis-thirdparty-misc-1.0.6.jar:/home/runner/.m2/repository/org/apache/ratis/ratis-proto/3.1.0/ratis-proto-3.1.0.jar:/home/runner/.m2/repository/org/apache/ratis/ratis-common/3.1.0/ratis-common-3.1.0.jar:/home/runner/.m2/repository/org/apache/ratis/ratis-client/3.1.0/ratis-client-3.1.0.jar:/home/runner/.m2/repository/org/apache/ratis/ratis-metrics-api/3.1.0/ratis-metrics-api-3.1.0.jar:/home/runner/.m2/repository/org/apache/ratis/ratis-metrics-dropwizard3/3.1.0/ratis-metrics-dropwizard3-3.1.0.jar:/home/runner/.m2/repository/io/prometheus/simpleclient_dropwizard/0.16.0/simpleclient_dropwizard-0.16.0.jar:/home/runner/.m2/repository/io/prometheus/simpleclient/0.16.0/simpleclient-0.16.0.jar:/home/runner/.m2/repository/io/prometheus/simpleclient_common/0.16.0/simpleclient_common-0.16.0.jar:/home/runner/.m2/repository/com/fasterxml/jackson/datatype/jackson-datatype-jsr310/2.16.2/jackson-datatype-jsr310-2.16.2.jar:/home/runner/.m2/repository/com/fasterxml/jackson/core/jackson-core/2.16.2/jackson-core-2.16.2.jar:/home/runner/.m2/repository/com/github/jnr/jnr-posix/3.1.19/jnr-posix-3.1.19.jar:/home/runner/.m2/repository/com/github/jnr/jnr-ffi/2.2.16/jnr-ffi-2.2.16.jar:/home/runner/.m2/repository/com/github/jnr/jffi/1.3.13/jffi-1.3.13.jar:/home/runner/.m2/repository/com/github/jnr/jffi/1.3.13/jffi-1.3.13-native.jar:/home/runner/.m2/repository/org/ow2/asm/asm/9.2/asm-9.2.jar:/home/runner/.m2/repository/org/ow2/asm/asm-commons/9.2/asm-commons-9.2.jar:/home/runner/.m2/repository/org/ow2/asm/asm-analysis/9.2/asm-analysis-9.2.jar:/home/runner/.m2/repository/org/ow2/asm/asm-tree/9.2/asm-tree-9.2.jar:/home/runner/.m2/repository/org/ow2/asm/asm-util/9.2/asm-util-9.2.jar:/home/runner/.m2/repository/com/github/jnr/jnr-a64asm/1.0.0/jnr-a64asm-1.0.0.jar:/home/runner/.m2/repository/com/github/jnr/jnr-x86asm/1.0.2/jnr-x86asm-1.0.2.jar:/home/runner/.m2/repository/com/github/jnr/jnr-constants/0.10.4/jnr-constants-0.10.4.jar:/home/runner/work/ozone/ozone/hadoop-hdds/rocksdb-checkpoint-differ/target/rocksdb-checkpoint-differ-1.5.0-SNAPSHOT.jar:/home/runner/.m2/repository/org/jgrapht/jgrapht-core/1.4.0/jgrapht-core-1.4.0.jar:/home/runner/.m2/repository/org/jheaps/jheaps/0.11/jheaps-0.11.jar:/home/runner/.m2/repository/org/jgrapht/jgrapht-ext/1.4.0/jgrapht-ext-1.4.0.jar:/home/runner/.m2/repository/com/github/vlsi/mxgraph/jgraphx/3.9.8.1/jgraphx-3.9.8.1.jar:/home/runner/work/ozone/ozone/hadoop-ozone/ozone-manager/target/ozone-manager-1.5.0-SNAPSHOT.jar:/home/runner/.m2/repository/org/aspectj/aspectjrt/1.9.7/aspectjrt-1.9.7.jar:/home/runner/.m2/repository/org/aspectj/aspectjweaver/1.9.7/aspectjweaver-1.9.7.jar:/home/runner/work/ozone/ozone/hadoop-hdds/interface-client/target/hdds-interface-client-1.5.0-SNAPSHOT.jar:/home/runner/.m2/repository/org/apache/hadoop/thirdparty/hadoop-shaded-protobuf_3_7/1.1.1/hadoop-shaded-protobuf_3_7-1.1.1.jar:/home/runner/work/ozone/ozone/hadoop-ozone/interface-storage/target/ozone-interface-storage-1.5.0-SNAPSHOT.jar:/home/runner/.m2/repository/org/reflections/reflections/0.10.2/reflections-0.10.2.jar:/home/runner/.m2/repository/com/sun/jersey/jersey-client/1.19.4/jersey-client-1.19.4.jar:/home/runner/.m2/repository/org/codehaus/jackson/jackson-core-asl/1.9.13/jackson-core-asl-1.9.13.jar:/home/runner/.m2/repository/org/codehaus/jackson/jackson-mapper-asl/1.9.13/jackson-mapper-asl-1.9.13.jar:/home/runner/.m2/repository/org/codehaus/jackson/jackson-jaxrs/1.9.13/jackson-jaxrs-1.9.13.jar:/home/runner/.m2/repository/org/apache/ranger/ranger-intg/2.3.0/ranger-intg-2.3.0.jar:/home/runner/.m2/repository/org/apache/ranger/ranger-plugins-common/2.3.0/ranger-plugins-common-2.3.0.jar:/home/runner/.m2/repository/commons-lang/commons-lang/2.6/commons-lang-2.6.jar:/home/runner/.m2/repository/org/apache/ranger/ranger-plugins-cred/2.3.0/ranger-plugins-cred-2.3.0.jar:/home/runner/.m2/repository/org/apache/ranger/ranger-plugins-audit/2.3.0/ranger-plugins-audit-2.3.0.jar:/home/runner/.m2/repository/org/eclipse/jetty/jetty-client/9.4.55.v20240627/jetty-client-9.4.55.v20240627.jar:/home/runner/.m2/repository/org/apache/httpcomponents/httpmime/4.5.6/httpmime-4.5.6.jar:/home/runner/.m2/repository/org/apache/httpcomponents/httpcore-nio/4.4.16/httpcore-nio-4.4.16.jar:/home/runner/.m2/repository/org/apache/httpcomponents/httpasyncclient/4.1.3/httpasyncclient-4.1.3.jar:/home/runner/.m2/repository/com/carrotsearch/hppc/0.8.0/hppc-0.8.0.jar:/home/runner/.m2/repository/org/apache/orc/orc-core/1.5.8/orc-core-1.5.8.jar:/home/runner/.m2/repository/net/java/dev/jna/jna/5.2.0/jna-5.2.0.jar:/home/runner/.m2/repository/net/java/dev/jna/jna-platform/5.2.0/jna-platform-5.2.0.jar:/home/runner/.m2/repository/com/kstruct/gethostname4j/0.0.2/gethostname4j-0.0.2.jar:/home/runner/.m2/repository/org/apache/ranger/ranger-plugin-classloader/2.3.0/ranger-plugin-classloader-2.3.0.jar:/home/runner/work/ozone/ozone/hadoop-hdds/rocks-native/target/hdds-rocks-native-1.5.0-SNAPSHOT.jar:/home/runner/.m2/repository/org/apache/hadoop/hadoop-minikdc/3.3.6/hadoop-minikdc-3.3.6.jar:/home/runner/.m2/repository/org/apache/kerby/kerb-simplekdc/1.0.1/kerb-simplekdc-1.0.1.jar:/home/runner/.m2/repository/org/apache/kerby/kerb-client/1.0.1/kerb-client-1.0.1.jar:/home/runner/.m2/repository/org/apache/kerby/kerb-common/1.0.1/kerb-common-1.0.1.jar:/home/runner/.m2/repository/org/apache/kerby/token-provider/1.0.1/token-provider-1.0.1.jar:/home/runner/.m2/repository/org/apache/kerby/kerb-admin/1.0.1/kerb-admin-1.0.1.jar:/home/runner/.m2/repository/org/apache/kerby/kerb-server/1.0.1/kerb-server-1.0.1.jar:/home/runner/.m2/repository/org/apache/kerby/kerb-identity/1.0.1/kerb-identity-1.0.1.jar:/home/runner/.m2/repository/org/apache/kerby/kerby-xdr/1.0.1/kerby-xdr-1.0.1.jar:/home/runner/.m2/repository/junit/junit/4.13.2/junit-4.13.2.jar:/home/runner/.m2/repository/org/hamcrest/hamcrest-core/1.3/hamcrest-core-1.3.jar:/home/runner/work/ozone/ozone/hadoop-ozone/s3gateway/target/ozone-s3gateway-1.5.0-SNAPSHOT.jar:/home/runner/.m2/repository/org/javassist/javassist/3.30.2-GA/javassist-3.30.2-GA.jar:/home/runner/.m2/repository/org/jboss/weld/servlet/weld-servlet-shaded/3.1.9.Final/weld-servlet-shaded-3.1.9.Final.jar:/home/runner/.m2/repository/org/glassfish/jersey/containers/jersey-container-servlet-core/2.43/jersey-container-servlet-core-2.43.jar:/home/runner/.m2/repository/org/glassfish/hk2/external/jakarta.inject/2.6.1/jakarta.inject-2.6.1.jar:/home/runner/.m2/repository/org/glassfish/jersey/core/jersey-common/2.43/jersey-common-2.43.jar:/home/runner/.m2/repository/jakarta/ws/rs/jakarta.ws.rs-api/2.1.6/jakarta.ws.rs-api-2.1.6.jar:/home/runner/.m2/repository/org/glassfish/jersey/ext/cdi/jersey-cdi1x/2.43/jersey-cdi1x-2.43.jar:/home/runner/.m2/repository/org/glassfish/jersey/inject/jersey-hk2/2.43/jersey-hk2-2.43.jar:/home/runner/.m2/repository/org/glassfish/hk2/hk2-locator/2.6.1/hk2-locator-2.6.1.jar:/home/runner/.m2/repository/org/glassfish/jersey/media/jersey-media-jaxb/2.43/jersey-media-jaxb-2.43.jar:/home/runner/.m2/repository/org/glassfish/hk2/osgi-resource-locator/1.0.3/osgi-resource-locator-1.0.3.jar:/home/runner/.m2/repository/org/glassfish/hk2/hk2-api/2.6.1/hk2-api-2.6.1.jar:/home/runner/.m2/repository/org/glassfish/hk2/hk2-utils/2.6.1/hk2-utils-2.6.1.jar:/home/runner/.m2/repository/org/glassfish/hk2/external/aopalliance-repackaged/2.6.1/aopalliance-repackaged-2.6.1.jar:/home/runner/.m2/repository/com/fasterxml/jackson/dataformat/jackson-dataformat-xml/2.16.2/jackson-dataformat-xml-2.16.2.jar:/home/runner/.m2/repository/org/codehaus/woodstox/stax2-api/4.2.2/stax2-api-4.2.2.jar:/home/runner/.m2/repository/com/fasterxml/woodstox/woodstox-core/5.4.0/woodstox-core-5.4.0.jar:/home/runner/.m2/repository/com/fasterxml/jackson/module/jackson-module-jaxb-annotations/2.16.2/jackson-module-jaxb-annotations-2.16.2.jar:/home/runner/.m2/repository/javax/enterprise/cdi-api/2.0/cdi-api-2.0.jar:/home/runner/.m2/repository/javax/el/javax.el-api/3.0.0/javax.el-api-3.0.0.jar:/home/runner/.m2/repository/javax/interceptor/javax.interceptor-api/1.2/javax.interceptor-api-1.2.jar:/home/runner/.m2/repository/javax/inject/javax.inject/1/javax.inject-1.jar:/home/runner/.m2/repository/jakarta/xml/bind/jakarta.xml.bind-api/2.3.3/jakarta.xml.bind-api-2.3.3.jar:/home/runner/.m2/repository/org/glassfish/jaxb/jaxb-runtime/2.3.9/jaxb-runtime-2.3.9.jar:/home/runner/.m2/repository/org/glassfish/jaxb/txw2/2.3.9/txw2-2.3.9.jar:/home/runner/.m2/repository/com/sun/istack/istack-commons-runtime/3.0.12/istack-commons-runtime-3.0.12.jar:/home/runner/.m2/repository/com/sun/activation/jakarta.activation/1.2.2/jakarta.activation-1.2.2.jar:/home/runner/.m2/repository/jakarta/activation/jakarta.activation-api/1.2.2/jakarta.activation-api-1.2.2.jar:/home/runner/.m2/repository/io/grpc/grpc-protobuf/1.58.0/grpc-protobuf-1.58.0.jar:/home/runner/.m2/repository/com/google/api/grpc/proto-google-common-protos/2.22.0/proto-google-common-protos-2.22.0.jar:/home/runner/.m2/repository/io/grpc/grpc-protobuf-lite/1.58.0/grpc-protobuf-lite-1.58.0.jar:/home/runner/.m2/repository/io/grpc/grpc-stub/1.58.0/grpc-stub-1.58.0.jar:/home/runner/.m2/repository/io/netty/netty-transport/4.1.109.Final/netty-transport-4.1.109.Final.jar:/home/runner/.m2/repository/io/netty/netty-resolver/4.1.109.Final/netty-resolver-4.1.109.Final.jar:/home/runner/work/ozone/ozone/hadoop-ozone/csi/target/ozone-csi-1.5.0-SNAPSHOT.jar:/home/runner/.m2/repository/com/google/protobuf/protobuf-java-util/3.19.6/protobuf-java-util-3.19.6.jar:/home/runner/.m2/repository/com/google/code/gson/gson/2.10.1/gson-2.10.1.jar:/home/runner/work/ozone/ozone/hadoop-hdds/config/target/hdds-config-1.5.0-SNAPSHOT.jar:/home/runner/.m2/repository/io/netty/netty-transport-native-epoll/4.1.109.Final/netty-transport-native-epoll-4.1.109.Final-linux-x86_64.jar:/home/runner/.m2/repository/io/netty/netty-transport-classes-epoll/4.1.109.Final/netty-transport-classes-epoll-4.1.109.Final.jar:/home/runner/.m2/repository/io/netty/netty-transport-native-unix-common/4.1.109.Final/netty-transport-native-unix-common-4.1.109.Final.jar:/home/runner/work/ozone/ozone/hadoop-ozone/recon/target/ozone-recon-1.5.0-SNAPSHOT.jar:/home/runner/work/ozone/ozone/hadoop-ozone/recon-codegen/target/ozone-reconcodegen-1.5.0-SNAPSHOT.jar:/home/runner/.m2/repository/com/google/inject/guice/6.0.0/guice-6.0.0.jar:/home/runner/.m2/repository/jakarta/inject/jakarta.inject-api/2.0.1/jakarta.inject-api-2.0.1.jar:/home/runner/.m2/repository/aopalliance/aopalliance/1.0/aopalliance-1.0.jar:/home/runner/.m2/repository/com/google/inject/extensions/guice-assistedinject/6.0.0/guice-assistedinject-6.0.0.jar:/home/runner/.m2/repository/com/google/inject/extensions/guice-servlet/6.0.0/guice-servlet-6.0.0.jar:/home/runner/.m2/repository/org/glassfish/jersey/containers/jersey-container-servlet/2.43/jersey-container-servlet-2.43.jar:/home/runner/.m2/repository/org/glassfish/hk2/guice-bridge/2.6.1/guice-bridge-2.6.1.jar:/home/runner/.m2/repository/org/glassfish/jersey/core/jersey-server/2.43/jersey-server-2.43.jar:/home/runner/.m2/repository/org/glassfish/jersey/core/jersey-client/2.43/jersey-client-2.43.jar:/home/runner/.m2/repository/jakarta/validation/jakarta.validation-api/2.0.2/jakarta.validation-api-2.0.2.jar:/home/runner/.m2/repository/org/glassfish/jersey/media/jersey-media-json-jackson/2.43/jersey-media-json-jackson-2.43.jar:/home/runner/.m2/repository/org/glassfish/jersey/ext/jersey-entity-filtering/2.43/jersey-entity-filtering-2.43.jar:/home/runner/.m2/repository/org/jooq/jooq/3.11.10/jooq-3.11.10.jar:/home/runner/.m2/repository/org/jooq/jooq-meta/3.11.10/jooq-meta-3.11.10.jar:/home/runner/.m2/repository/org/jooq/jooq-codegen/3.11.10/jooq-codegen-3.11.10.jar:/home/runner/.m2/repository/com/jolbox/bonecp/0.8.0.RELEASE/bonecp-0.8.0.RELEASE.jar:/home/runner/.m2/repository/org/apache/derby/derby/10.14.2.0/derby-10.14.2.0.jar:/home/runner/.m2/repository/org/xerial/sqlite-jdbc/3.44.1.0/sqlite-jdbc-3.44.1.0.jar:/home/runner/.m2/repository/org/springframework/spring-jdbc/5.3.34/spring-jdbc-5.3.34.jar:/home/runner/.m2/repository/org/springframework/spring-beans/5.3.34/spring-beans-5.3.34.jar:/home/runner/.m2/repository/org/springframework/spring-core/5.3.34/spring-core-5.3.34.jar:/home/runner/.m2/repository/org/springframework/spring-tx/5.3.34/spring-tx-5.3.34.jar:/home/runner/work/ozone/ozone/hadoop-ozone/client/target/ozone-client-1.5.0-SNAPSHOT.jar:/home/runner/work/ozone/ozone/hadoop-hdds/erasurecode/target/hdds-erasurecode-1.5.0-SNAPSHOT.jar:/home/runner/work/ozone/ozone/hadoop-ozone/ozonefs/target/ozone-filesystem-1.5.0-SNAPSHOT.jar:/home/runner/work/ozone/ozone/hadoop-ozone/ozonefs-common/target/ozone-filesystem-common-1.5.0-SNAPSHOT.jar:/home/runner/work/ozone/ozone/hadoop-ozone/tools/target/ozone-tools-1.5.0-SNAPSHOT.jar:/home/runner/.m2/repository/com/amazonaws/aws-java-sdk-core/1.12.661/aws-java-sdk-core-1.12.661.jar:/home/runner/.m2/repository/org/apache/httpcomponents/httpclient/4.5.14/httpclient-4.5.14.jar:/home/runner/.m2/repository/org/apache/httpcomponents/httpcore/4.4.16/httpcore-4.4.16.jar:/home/runner/.m2/repository/com/fasterxml/jackson/dataformat/jackson-dataformat-cbor/2.16.2/jackson-dataformat-cbor-2.16.2.jar:/home/runner/.m2/repository/joda-time/joda-time/2.12.7/joda-time-2.12.7.jar:/home/runner/.m2/repository/com/amazonaws/aws-java-sdk-s3/1.12.661/aws-java-sdk-s3-1.12.661.jar:/home/runner/.m2/repository/com/amazonaws/aws-java-sdk-kms/1.12.661/aws-java-sdk-kms-1.12.661.jar:/home/runner/.m2/repository/com/amazonaws/jmespath-java/1.12.661/jmespath-java-1.12.661.jar:/home/runner/.m2/repository/org/kohsuke/metainf-services/metainf-services/1.11/metainf-services-1.11.jar:/home/runner/work/ozone/ozone/hadoop-hdds/tools/target/hdds-tools-1.5.0-SNAPSHOT.jar:/home/runner/.m2/repository/org/apache/ratis/ratis-tools/3.1.0/ratis-tools-3.1.0.jar:/home/runner/.m2/repository/commons-cli/commons-cli/1.8.0/commons-cli-1.8.0.jar:/home/runner/.m2/repository/org/apache/commons/commons-lang3/3.14.0/commons-lang3-3.14.0.jar:/home/runner/work/ozone/ozone/hadoop-ozone/ozone-manager/target/ozone-manager-1.5.0-SNAPSHOT-tests.jar:/home/runner/work/ozone/ozone/hadoop-hdds/common/target/hdds-common-1.5.0-SNAPSHOT-tests.jar:/home/runner/work/ozone/ozone/hadoop-hdds/hadoop-dependency-client/target/hdds-hadoop-dependency-client-1.5.0-SNAPSHOT.jar:/home/runner/.m2/repository/info/picocli/picocli/4.7.6/picocli-4.7.6.jar:/home/runner/.m2/repository/com/fasterxml/jackson/core/jackson-annotations/2.16.2/jackson-annotations-2.16.2.jar:/home/runner/work/ozone/ozone/hadoop-hdds/annotations/target/hdds-annotation-processing-1.5.0-SNAPSHOT.jar:/home/runner/.m2/repository/javax/annotation/javax.annotation-api/1.3.2/javax.annotation-api-1.3.2.jar:/home/runner/.m2/repository/org/apache/ratis/ratis-server-api/3.1.0/ratis-server-api-3.1.0.jar:/home/runner/.m2/repository/org/apache/ratis/ratis-netty/3.1.0/ratis-netty-3.1.0.jar:/home/runner/.m2/repository/org/apache/ratis/ratis-grpc/3.1.0/ratis-grpc-3.1.0.jar:/home/runner/.m2/repository/org/bouncycastle/bcpkix-jdk18on/1.78.1/bcpkix-jdk18on-1.78.1.jar:/home/runner/.m2/repository/org/bouncycastle/bcutil-jdk18on/1.78.1/bcutil-jdk18on-1.78.1.jar:/home/runner/.m2/repository/commons-validator/commons-validator/1.6/commons-validator-1.6.jar:/home/runner/.m2/repository/commons-beanutils/commons-beanutils/1.9.4/commons-beanutils-1.9.4.jar:/home/runner/.m2/repository/commons-digester/commons-digester/1.8.1/commons-digester-1.8.1.jar:/home/runner/.m2/repository/commons-collections/commons-collections/3.2.2/commons-collections-3.2.2.jar:/home/runner/.m2/repository/io/jaegertracing/jaeger-client/1.8.1/jaeger-client-1.8.1.jar:/home/runner/.m2/repository/io/jaegertracing/jaeger-thrift/1.8.1/jaeger-thrift-1.8.1.jar:/home/runner/.m2/repository/org/apache/thrift/libthrift/0.15.0/libthrift-0.15.0.jar:/home/runner/.m2/repository/io/jaegertracing/jaeger-core/1.8.1/jaeger-core-1.8.1.jar:/home/runner/.m2/repository/io/jaegertracing/jaeger-tracerresolver/1.8.1/jaeger-tracerresolver-1.8.1.jar:/home/runner/.m2/repository/io/opentracing/contrib/opentracing-tracerresolver/0.1.8/opentracing-tracerresolver-0.1.8.jar:/home/runner/.m2/repository/org/jetbrains/kotlin/kotlin-stdlib/1.9.24/kotlin-stdlib-1.9.24.jar:/home/runner/.m2/repository/org/jetbrains/annotations/13.0/annotations-13.0.jar:/home/runner/.m2/repository/io/opentracing/opentracing-util/0.33.0/opentracing-util-0.33.0.jar:/home/runner/.m2/repository/io/opentracing/opentracing-api/0.33.0/opentracing-api-0.33.0.jar:/home/runner/.m2/repository/io/opentracing/opentracing-noop/0.33.0/opentracing-noop-0.33.0.jar:/home/runner/.m2/repository/org/yaml/snakeyaml/2.0/snakeyaml-2.0.jar:/home/runner/.m2/repository/io/grpc/grpc-api/1.58.0/grpc-api-1.58.0.jar:/home/runner/.m2/repository/org/junit/platform/junit-platform-launcher/1.10.3/junit-platform-launcher-1.10.3.jar:/home/runner/.m2/repository/org/junit/platform/junit-platform-engine/1.10.3/junit-platform-engine-1.10.3.jar:/home/runner/.m2/repository/org/apiguardian/apiguardian-api/1.1.2/apiguardian-api-1.1.2.jar:/home/runner/.m2/repository/org/apache/hadoop/hadoop-kms/3.3.6/hadoop-kms-3.3.6.jar:/home/runner/.m2/repository/org/apache/hadoop/hadoop-auth/3.3.6/hadoop-auth-3.3.6.jar:/home/runner/.m2/repository/org/apache/zookeeper/zookeeper/3.8.4/zookeeper-3.8.4.jar:/home/runner/.m2/repository/org/apache/zookeeper/zookeeper-jute/3.8.4/zookeeper-jute-3.8.4.jar:/home/runner/.m2/repository/org/apache/yetus/audience-annotations/0.12.0/audience-annotations-0.12.0.jar:/home/runner/.m2/repository/org/apache/curator/curator-framework/4.2.0/curator-framework-4.2.0.jar:/home/runner/.m2/repository/org/apache/hadoop/thirdparty/hadoop-shaded-guava/1.2.0/hadoop-shaded-guava-1.2.0.jar:/home/runner/.m2/repository/com/sun/jersey/jersey-core/1.19.4/jersey-core-1.19.4.jar:/home/runner/.m2/repository/javax/ws/rs/jsr311-api/1.1.1/jsr311-api-1.1.1.jar:/home/runner/.m2/repository/com/sun/jersey/jersey-server/1.19.4/jersey-server-1.19.4.jar:/home/runner/.m2/repository/javax/servlet/javax.servlet-api/3.1.0/javax.servlet-api-3.1.0.jar:/home/runner/.m2/repository/org/apache/hadoop/hadoop-common/3.3.6/hadoop-common-3.3.6.jar:/home/runner/.m2/repository/org/apache/commons/commons-math3/3.6.1/commons-math3-3.6.1.jar:/home/runner/.m2/repository/commons-net/commons-net/3.10.0/commons-net-3.10.0.jar:/home/runner/.m2/repository/com/sun/jersey/jersey-servlet/1.19.4/jersey-servlet-1.19.4.jar:/home/runner/.m2/repository/com/github/pjfanning/jersey-json/1.20/jersey-json-1.20.jar:/home/runner/.m2/repository/org/codehaus/jettison/jettison/1.1/jettison-1.1.jar:/home/runner/.m2/repository/com/sun/xml/bind/jaxb-impl/2.2.3-1/jaxb-impl-2.2.3-1.jar:/home/runner/.m2/repository/com/google/re2j/re2j/1.7/re2j-1.7.jar:/home/runner/.m2/repository/com/jcraft/jsch/0.1.55/jsch-0.1.55.jar:/home/runner/.m2/repository/org/apache/curator/curator-client/4.2.0/curator-client-4.2.0.jar:/home/runner/.m2/repository/org/apache/curator/curator-recipes/5.2.0/curator-recipes-5.2.0.jar:/home/runner/.m2/repository/com/google/code/findbugs/jsr305/3.0.2/jsr305-3.0.2.jar:/home/runner/.m2/repository/dnsjava/dnsjava/2.1.9/dnsjava-2.1.9.jar:/home/runner/.m2/repository/com/fasterxml/jackson/core/jackson-databind/2.16.2/jackson-databind-2.16.2.jar:/home/runner/.m2/repository/org/apache/hadoop/hadoop-kms/3.3.6/hadoop-kms-3.3.6-tests.jar:/home/runner/work/ozone/ozone/hadoop-hdds/server-scm/target/hdds-server-scm-1.5.0-SNAPSHOT-tests.jar:/home/runner/work/ozone/ozone/hadoop-hdds/container-service/target/hdds-container-service-1.5.0-SNAPSHOT-tests.jar:/home/runner/.m2/repository/com/github/luben/zstd-jni/1.5.6-3/zstd-jni-1.5.6-3.jar:/home/runner/.m2/repository/commons-codec/commons-codec/1.17.0/commons-codec-1.17.0.jar:/home/runner/.m2/repository/io/netty/netty-codec/4.1.109.Final/netty-codec-4.1.109.Final.jar:/home/runner/.m2/repository/io/netty/netty-handler/4.1.109.Final/netty-handler-4.1.109.Final.jar:/home/runner/work/ozone/ozone/hadoop-hdds/hadoop-dependency-test/target/hdds-hadoop-dependency-test-1.5.0-SNAPSHOT.jar:/home/runner/.m2/repository/org/apache/hadoop/hadoop-common/3.3.6/hadoop-common-3.3.6-tests.jar:/home/runner/.m2/repository/org/apache/hadoop/hadoop-hdfs/3.3.6/hadoop-hdfs-3.3.6-tests.jar:/home/runner/.m2/repository/org/junit/jupiter/junit-jupiter-engine/5.10.3/junit-jupiter-engine-5.10.3.jar:/home/runner/.m2/repository/org/junit/jupiter/junit-jupiter-params/5.10.3/junit-jupiter-params-5.10.3.jar:/home/runner/.m2/repository/org/mockito/mockito-core/4.11.0/mockito-core-4.11.0.jar:/home/runner/.m2/repository/net/bytebuddy/byte-buddy-agent/1.12.19/byte-buddy-agent-1.12.19.jar:/home/runner/.m2/repository/org/objenesis/objenesis/3.3/objenesis-3.3.jar:/home/runner/.m2/repository/org/mockito/mockito-inline/4.11.0/mockito-inline-4.11.0.jar:/home/runner/.m2/repository/org/mockito/mockito-junit-jupiter/4.11.0/mockito-junit-jupiter-4.11.0.jar:/home/runner/.m2/repository/org/apache/hadoop/hadoop-distcp/3.3.6/hadoop-distcp-3.3.6.jar:/home/runner/.m2/repository/org/apache/hadoop/hadoop-mapreduce-client-jobclient/3.3.6/hadoop-mapreduce-client-jobclient-3.3.6.jar:/home/runner/.m2/repository/org/apache/hadoop/hadoop-mapreduce-client-common/3.3.6/hadoop-mapreduce-client-common-3.3.6.jar:/home/runner/.m2/repository/org/apache/hadoop/hadoop-yarn-common/3.3.6/hadoop-yarn-common-3.3.6.jar:/home/runner/.m2/repository/org/apache/hadoop/hadoop-yarn-api/3.3.6/hadoop-yarn-api-3.3.6.jar:/home/runner/.m2/repository/javax/xml/bind/jaxb-api/2.2.11/jaxb-api-2.2.11.jar:/home/runner/.m2/repository/com/sun/jersey/contribs/jersey-guice/1.19.4/jersey-guice-1.19.4.jar:/home/runner/.m2/repository/com/fasterxml/jackson/jaxrs/jackson-jaxrs-json-provider/2.16.2/jackson-jaxrs-json-provider-2.16.2.jar:/home/runner/.m2/repository/com/fasterxml/jackson/jaxrs/jackson-jaxrs-base/2.16.2/jackson-jaxrs-base-2.16.2.jar:/home/runner/.m2/repository/org/apache/hadoop/hadoop-yarn-client/3.3.6/hadoop-yarn-client-3.3.6.jar:/home/runner/.m2/repository/org/eclipse/jetty/websocket/websocket-client/9.4.51.v20230217/websocket-client-9.4.51.v20230217.jar:/home/runner/.m2/repository/org/eclipse/jetty/websocket/websocket-common/9.4.51.v20230217/websocket-common-9.4.51.v20230217.jar:/home/runner/.m2/repository/org/eclipse/jetty/websocket/websocket-api/9.4.51.v20230217/websocket-api-9.4.51.v20230217.jar:/home/runner/.m2/repository/org/jline/jline/3.9.0/jline-3.9.0.jar:/home/runner/.m2/repository/org/apache/hadoop/hadoop-mapreduce-client-core/3.3.6/hadoop-mapreduce-client-core-3.3.6.jar:/home/runner/.m2/repository/org/apache/avro/avro/1.7.7/avro-1.7.7.jar:/home/runner/.m2/repository/com/thoughtworks/paranamer/paranamer/2.3/paranamer-2.3.jar:/home/runner/.m2/repository/org/apache/hadoop/hadoop-annotations/3.3.6/hadoop-annotations-3.3.6.jar:/home/runner/.m2/repository/io/netty/netty/3.10.6.Final/netty-3.10.6.Final.jar:/home/runner/.m2/repository/org/apache/hadoop/hadoop-distcp/3.3.6/hadoop-distcp-3.3.6-tests.jar:/home/runner/.m2/repository/org/hamcrest/hamcrest/2.2/hamcrest-2.2.jar:/home/runner/.m2/repository/org/slf4j/jul-to-slf4j/2.0.13/jul-to-slf4j-2.0.13.jar:/home/runner/work/ozone/ozone/hadoop-ozone/integration-test/target/gradle-enterprise/test-listeners.jar:"/>
    <property name="sun.cpu.endian" value="little"/>
    <property name="user.home" value="/home/runner"/>
    <property name="user.language" value="en"/>
    <property name="java.specification.vendor" value="Oracle Corporation"/>
    <property name="java.version.date" value="2024-04-16"/>
    <property name="java.home" value="/usr/lib/jvm/temurin-17-jdk-amd64"/>
    <property name="java.security.krb5.conf" value="/tmp/junit10906469501522001792/1720596274670/krb5.conf"/>
    <property name="file.separator" value="/"/>
    <property name="basedir" value="/home/runner/work/ozone/ozone/hadoop-ozone/integration-test"/>
    <property name="java.vm.compressedOopsMode" value="Zero based"/>
    <property name="line.separator" value="&#10;"/>
    <property name="java.vm.specification.vendor" value="Oracle Corporation"/>
    <property name="java.specification.name" value="Java Platform API Specification"/>
    <property name="skip.installnpx" value="true"/>
    <property name="surefire.real.class.path" value="/home/runner/work/ozone/ozone/hadoop-ozone/integration-test/target/surefire/surefirebooter14163594513494390966.jar"/>
    <property name="hadoop.log.dir" value="/home/runner/work/ozone/ozone/hadoop-ozone/integration-test/target/log"/>
    <property name="sun.management.compiler" value="HotSpot 64-Bit Tiered Compilers"/>
    <property name="java.runtime.version" value="17.0.11+9"/>
    <property name="skip.npx" value="true"/>
    <property name="user.name" value="runner"/>
    <property name="java.net.preferIPv4Stack" value="true"/>
    <property name="path.separator" value=":"/>
    <property name="java.security.egd" value="file:///dev/urandom"/>
    <property name="os.version" value="5.15.0-1064-azure"/>
    <property name="java.runtime.name" value="OpenJDK Runtime Environment"/>
    <property name="com.gradle.maven.scan.extension.test.listener.junitplatform.NestedExecutionSafeDelegatingTestExecutionListener" value="574b560f"/>
    <property name="file.encoding" value="UTF-8"/>
    <property name="java.vm.name" value="OpenJDK 64-Bit Server VM"/>
    <property name="java.vendor.version" value="Temurin-17.0.11+9"/>
    <property name="test.build.webapps" value=""/>
    <property name="develocity.listener.surefire.forkId" value="1"/>
    <property name="localRepository" value="/home/runner/.m2/repository"/>
    <property name="java.vendor.url.bug" value="https://github.com/adoptium/adoptium-support/issues"/>
    <property name="jetty.git.hash" value="70015831e5195ba74da6383c4ab7c90c56bb08af"/>
    <property name="java.io.tmpdir" value="/tmp"/>
    <property name="require.test.libhadoop" value=""/>
    <property name="java.version" value="17.0.11"/>
    <property name="user.dir" value="/home/runner/work/ozone/ozone/hadoop-ozone/integration-test"/>
    <property name="os.arch" value="amd64"/>
    <property name="java.vm.specification.name" value="Java Virtual Machine Specification"/>
    <property name="test.build.classes" value="/home/runner/work/ozone/ozone/hadoop-ozone/integration-test/target/test-classes"/>
    <property name="org.apache.ratis.thirdparty.io.netty.allocator.useCacheForAllThreads" value="false"/>
    <property name="native.encoding" value="UTF-8"/>
    <property name="hadoop.tmp.dir" value="/home/runner/work/ozone/ozone/hadoop-ozone/integration-test/target/tmp"/>
    <property name="java.library.path" value="/usr/java/packages/lib:/usr/lib64:/lib64:/lib:/usr/lib"/>
    <property name="java.vm.info" value="mixed mode, sharing"/>
    <property name="java.vendor" value="Eclipse Adoptium"/>
    <property name="java.vm.version" value="17.0.11+9"/>
    <property name="sun.io.unicode.encoding" value="UnicodeLittle"/>
    <property name="develocity.listener.port" value="37033"/>
    <property name="java.class.version" value="61.0"/>
  </properties>
  <testcase name="testSecretKeyApiSuccess" classname="org.apache.hadoop.hdds.scm.TestSecretKeysApi" time="23.105">
    <error type="org.apache.hadoop.hdds.scm.exceptions.SCMException"><![CDATA[org.apache.hadoop.hdds.scm.exceptions.SCMException: java.io.IOException: Rocks Database is closed
	at org.apache.hadoop.hdds.scm.ha.SCMHAInvocationHandler.translateException(SCMHAInvocationHandler.java:165)
	at org.apache.hadoop.hdds.scm.ha.SCMHAInvocationHandler.translateException(SCMHAInvocationHandler.java:151)
	at org.apache.hadoop.hdds.scm.ha.SCMHAInvocationHandler.invokeLocal(SCMHAInvocationHandler.java:94)
	at org.apache.hadoop.hdds.scm.ha.SCMHAInvocationHandler.invoke(SCMHAInvocationHandler.java:75)
	at jdk.proxy2/jdk.proxy2.$Proxy55.getCertificateByID(Unknown Source)
	at org.apache.hadoop.hdds.scm.server.StorageContainerManager.persistSCMCertificates(StorageContainerManager.java:1617)
	at org.apache.hadoop.hdds.scm.server.StorageContainerManager.start(StorageContainerManager.java:1562)
	at org.apache.hadoop.ozone.MiniOzoneHAClusterImpl$Builder.createSCMService(MiniOzoneHAClusterImpl.java:588)
	at org.apache.hadoop.ozone.MiniOzoneHAClusterImpl$Builder.build(MiniOzoneHAClusterImpl.java:424)
	at org.apache.hadoop.hdds.scm.TestSecretKeysApi.startCluster(TestSecretKeysApi.java:334)
	at org.apache.hadoop.hdds.scm.TestSecretKeysApi.testSecretKeyApiSuccess(TestSecretKeysApi.java:195)
	at java.base/java.lang.reflect.Method.invoke(Method.java:568)
	at java.base/java.util.ArrayList.forEach(ArrayList.java:1511)
	at java.base/java.util.ArrayList.forEach(ArrayList.java:1511)
Caused by: java.io.IOException: Rocks Database is closed
	at org.apache.hadoop.hdds.utils.db.RocksDatabase.acquire(RocksDatabase.java:439)
	at org.apache.hadoop.hdds.utils.db.RocksDatabase.get(RocksDatabase.java:656)
	at org.apache.hadoop.hdds.utils.db.RDBTable.get(RDBTable.java:130)
	at org.apache.hadoop.hdds.utils.db.TypedTable.getFromTable(TypedTable.java:330)
	at org.apache.hadoop.hdds.utils.db.TypedTable.get(TypedTable.java:237)
	at org.apache.hadoop.hdds.scm.server.SCMCertStore.getCertificateByID(SCMCertStore.java:160)
	at java.base/jdk.internal.reflect.NativeMethodAccessorImpl.invoke0(Native Method)
	at java.base/jdk.internal.reflect.NativeMethodAccessorImpl.invoke(NativeMethodAccessorImpl.java:77)
	at java.base/jdk.internal.reflect.DelegatingMethodAccessorImpl.invoke(DelegatingMethodAccessorImpl.java:43)
	at java.base/java.lang.reflect.Method.invoke(Method.java:568)
	at org.apache.hadoop.hdds.scm.ha.SCMHAInvocationHandler.invokeLocal(SCMHAInvocationHandler.java:92)
	... 11 more
]]></error>
    <system-out><![CDATA[2024-07-10 07:23:05,239 [main] INFO  minikdc.MiniKdc (MiniKdc.java:<init>(225)) - Configuration:
2024-07-10 07:23:05,240 [main] INFO  minikdc.MiniKdc (MiniKdc.java:<init>(226)) - ---------------------------------------------------------------
2024-07-10 07:23:05,240 [main] INFO  minikdc.MiniKdc (MiniKdc.java:<init>(228)) -   max.renewable.lifetime: 604800000
2024-07-10 07:23:05,241 [main] INFO  minikdc.MiniKdc (MiniKdc.java:<init>(228)) -   instance: DefaultKrbServer
2024-07-10 07:23:05,241 [main] INFO  minikdc.MiniKdc (MiniKdc.java:<init>(228)) -   debug: false
2024-07-10 07:23:05,241 [main] INFO  minikdc.MiniKdc (MiniKdc.java:<init>(228)) -   kdc.bind.address: localhost
2024-07-10 07:23:05,241 [main] INFO  minikdc.MiniKdc (MiniKdc.java:<init>(228)) -   max.ticket.lifetime: 86400000
2024-07-10 07:23:05,242 [main] INFO  minikdc.MiniKdc (MiniKdc.java:<init>(228)) -   transport: TCP
2024-07-10 07:23:05,242 [main] INFO  minikdc.MiniKdc (MiniKdc.java:<init>(228)) -   org.name: EXAMPLE
2024-07-10 07:23:05,244 [main] INFO  minikdc.MiniKdc (MiniKdc.java:<init>(228)) -   org.domain: COM
2024-07-10 07:23:05,244 [main] INFO  minikdc.MiniKdc (MiniKdc.java:<init>(228)) -   kdc.port: 0
2024-07-10 07:23:05,244 [main] INFO  minikdc.MiniKdc (MiniKdc.java:<init>(230)) - ---------------------------------------------------------------
2024-07-10 07:23:05,285 [main] INFO  minikdc.MiniKdc (MiniKdc.java:start(285)) - MiniKdc started.
2024-07-10 07:23:05,761 [main] INFO  audit.AuditLogger (AuditLogger.java:refreshDebugCmdSet(135)) - Refresh DebugCmdSet for OMAudit to [].
2024-07-10 07:23:06,008 [main] WARN  server.ServerUtils (ServerUtils.java:getScmDbDir(143)) - ozone.scm.db.dirs is not configured. We recommend adding this setting. Falling back to ozone.metadata.dirs instead.
2024-07-10 07:23:06,159 [main] INFO  reflections.Reflections (Reflections.java:scan(219)) - Reflections took 132 ms to scan 7 urls, producing 158 keys and 370 values
2024-07-10 07:23:06,256 [main] INFO  ha.SCMHANodeDetails (SCMHANodeDetails.java:loadSCMHAConfig(207)) - ServiceID for StorageContainerManager is TestSecretKey
2024-07-10 07:23:06,263 [main] INFO  ha.SCMHANodeDetails (SCMHANodeDetails.java:loadSCMHAConfig(218)) - ServiceID for StorageContainerManager is TestSecretKey
2024-07-10 07:23:06,290 [main] WARN  scm.ScmUtils (ScmUtils.java:logWarn(165)) - ConfigKey ozone.scm.block.client.address is deprecated, For configuring different ports for each SCM use PortConfigKey ozone.scm.block.client.port appended with serviceId and nodeId. If want to configure same port configure ozone.scm.block.client.port
2024-07-10 07:23:06,291 [main] WARN  scm.ScmUtils (ScmUtils.java:logWarn(165)) - ConfigKey ozone.scm.client.address is deprecated, For configuring different ports for each SCM use PortConfigKey ozone.scm.client.port appended with serviceId and nodeId. If want to configure same port configure ozone.scm.client.port
2024-07-10 07:23:06,292 [main] WARN  scm.ScmUtils (ScmUtils.java:logWarn(165)) - ConfigKey ozone.scm.datanode.address is deprecated, For configuring different ports for each SCM use PortConfigKey ozone.scm.datanode.port appended with serviceId and nodeId. If want to configure same port configure ozone.scm.datanode.port
2024-07-10 07:23:06,294 [main] WARN  scm.ScmUtils (ScmUtils.java:logWarn(165)) - ConfigKey ozone.scm.block.client.address is deprecated, For configuring different ports for each SCM use PortConfigKey ozone.scm.block.client.port appended with serviceId and nodeId. If want to configure same port configure ozone.scm.block.client.port
2024-07-10 07:23:06,295 [main] WARN  scm.ScmUtils (ScmUtils.java:logWarn(165)) - ConfigKey ozone.scm.client.address is deprecated, For configuring different ports for each SCM use PortConfigKey ozone.scm.client.port appended with serviceId and nodeId. If want to configure same port configure ozone.scm.client.port
2024-07-10 07:23:06,296 [main] WARN  scm.ScmUtils (ScmUtils.java:logWarn(165)) - ConfigKey ozone.scm.datanode.address is deprecated, For configuring different ports for each SCM use PortConfigKey ozone.scm.datanode.port appended with serviceId and nodeId. If want to configure same port configure ozone.scm.datanode.port
2024-07-10 07:23:06,297 [main] INFO  ha.SCMHANodeDetails (SCMHANodeDetails.java:loadSCMHAConfig(305)) - Found matching SCM address with SCMServiceId: TestSecretKey, SCMNodeId: scmNode-1, RPC Address: localhost:15003 and Ratis port: 15003
2024-07-10 07:23:06,298 [main] INFO  ha.SCMHANodeDetails (ConfUtils.java:setNodeSpecificConfigs(97)) - Setting configuration key ozone.scm.datanode.address with value of key ozone.scm.datanode.address.TestSecretKey.scmNode-1: 127.0.0.1:15004
2024-07-10 07:23:06,299 [main] INFO  ha.SCMHANodeDetails (ConfUtils.java:setNodeSpecificConfigs(97)) - Setting configuration key ozone.scm.block.client.address with value of key ozone.scm.block.client.address.TestSecretKey.scmNode-1: 127.0.0.1:15007
2024-07-10 07:23:06,299 [main] INFO  ha.SCMHANodeDetails (ConfUtils.java:setNodeSpecificConfigs(97)) - Setting configuration key ozone.scm.client.address with value of key ozone.scm.client.address.TestSecretKey.scmNode-1: 127.0.0.1:15005
2024-07-10 07:23:06,300 [main] INFO  ha.SCMHANodeDetails (ConfUtils.java:setNodeSpecificConfigs(97)) - Setting configuration key ozone.scm.security.service.address with value of key ozone.scm.security.service.address.TestSecretKey.scmNode-1: 127.0.0.1:15002
2024-07-10 07:23:06,301 [main] INFO  ha.SCMHANodeDetails (ConfUtils.java:setNodeSpecificConfigs(97)) - Setting configuration key ozone.scm.ratis.port with value of key ozone.scm.ratis.port.TestSecretKey.scmNode-1: 15003
2024-07-10 07:23:06,301 [main] INFO  ha.SCMHANodeDetails (ConfUtils.java:setNodeSpecificConfigs(97)) - Setting configuration key ozone.scm.grpc.port with value of key ozone.scm.grpc.port.TestSecretKey.scmNode-1: 15006
2024-07-10 07:23:06,302 [main] INFO  ha.SCMHANodeDetails (ConfUtils.java:setNodeSpecificConfigs(97)) - Setting configuration key ozone.scm.http-address with value of key ozone.scm.http-address.TestSecretKey.scmNode-1: 127.0.0.1:15000
2024-07-10 07:23:06,303 [main] INFO  ha.SCMHANodeDetails (ConfUtils.java:setNodeSpecificConfigs(97)) - Setting configuration key ozone.scm.https-address with value of key ozone.scm.https-address.TestSecretKey.scmNode-1: 127.0.0.1:15001
2024-07-10 07:23:06,304 [main] INFO  ha.SCMHANodeDetails (ConfUtils.java:setNodeSpecificConfigs(97)) - Setting configuration key ozone.scm.address with value of key ozone.scm.address.TestSecretKey.scmNode-1: 127.0.0.1
2024-07-10 07:23:06,304 [main] WARN  scm.ScmUtils (ScmUtils.java:logWarn(165)) - ConfigKey ozone.scm.block.client.address is deprecated, For configuring different ports for each SCM use PortConfigKey ozone.scm.block.client.port appended with serviceId and nodeId. If want to configure same port configure ozone.scm.block.client.port
2024-07-10 07:23:06,305 [main] WARN  scm.ScmUtils (ScmUtils.java:logWarn(165)) - ConfigKey ozone.scm.client.address is deprecated, For configuring different ports for each SCM use PortConfigKey ozone.scm.client.port appended with serviceId and nodeId. If want to configure same port configure ozone.scm.client.port
2024-07-10 07:23:06,306 [main] WARN  scm.ScmUtils (ScmUtils.java:logWarn(165)) - ConfigKey ozone.scm.datanode.address is deprecated, For configuring different ports for each SCM use PortConfigKey ozone.scm.datanode.port appended with serviceId and nodeId. If want to configure same port configure ozone.scm.datanode.port
2024-07-10 07:23:06,645 [main] INFO  ha.SCMNodeInfo (SCMNodeInfo.java:getPort(197)) - ConfigKey ozone.scm.client.address is deprecated, For configuring different ports for each SCM use PortConfigKey ozone.scm.client.port appended with serviceId and nodeId
2024-07-10 07:23:06,645 [main] INFO  ha.SCMNodeInfo (SCMNodeInfo.java:getPort(197)) - ConfigKey ozone.scm.block.client.address is deprecated, For configuring different ports for each SCM use PortConfigKey ozone.scm.block.client.port appended with serviceId and nodeId
2024-07-10 07:23:06,646 [main] INFO  ha.SCMNodeInfo (SCMNodeInfo.java:getPort(197)) - ConfigKey ozone.scm.security.service.address is deprecated, For configuring different ports for each SCM use PortConfigKey ozone.scm.security.service.port appended with serviceId and nodeId
2024-07-10 07:23:06,646 [main] INFO  ha.SCMNodeInfo (SCMNodeInfo.java:getPort(197)) - ConfigKey ozone.scm.datanode.address is deprecated, For configuring different ports for each SCM use PortConfigKey ozone.scm.datanode.port appended with serviceId and nodeId
2024-07-10 07:23:06,646 [main] INFO  ha.SCMNodeInfo (SCMNodeInfo.java:getPort(197)) - ConfigKey ozone.scm.client.address is deprecated, For configuring different ports for each SCM use PortConfigKey ozone.scm.client.port appended with serviceId and nodeId
2024-07-10 07:23:06,646 [main] INFO  ha.SCMNodeInfo (SCMNodeInfo.java:getPort(197)) - ConfigKey ozone.scm.block.client.address is deprecated, For configuring different ports for each SCM use PortConfigKey ozone.scm.block.client.port appended with serviceId and nodeId
2024-07-10 07:23:06,647 [main] INFO  ha.SCMNodeInfo (SCMNodeInfo.java:getPort(197)) - ConfigKey ozone.scm.security.service.address is deprecated, For configuring different ports for each SCM use PortConfigKey ozone.scm.security.service.port appended with serviceId and nodeId
2024-07-10 07:23:06,647 [main] INFO  ha.SCMNodeInfo (SCMNodeInfo.java:getPort(197)) - ConfigKey ozone.scm.datanode.address is deprecated, For configuring different ports for each SCM use PortConfigKey ozone.scm.datanode.port appended with serviceId and nodeId
2024-07-10 07:23:06,647 [main] INFO  ha.SCMNodeInfo (SCMNodeInfo.java:getPort(197)) - ConfigKey ozone.scm.client.address is deprecated, For configuring different ports for each SCM use PortConfigKey ozone.scm.client.port appended with serviceId and nodeId
2024-07-10 07:23:06,648 [main] INFO  ha.SCMNodeInfo (SCMNodeInfo.java:getPort(197)) - ConfigKey ozone.scm.block.client.address is deprecated, For configuring different ports for each SCM use PortConfigKey ozone.scm.block.client.port appended with serviceId and nodeId
2024-07-10 07:23:06,648 [main] INFO  ha.SCMNodeInfo (SCMNodeInfo.java:getPort(197)) - ConfigKey ozone.scm.security.service.address is deprecated, For configuring different ports for each SCM use PortConfigKey ozone.scm.security.service.port appended with serviceId and nodeId
2024-07-10 07:23:06,648 [main] INFO  ha.SCMNodeInfo (SCMNodeInfo.java:getPort(197)) - ConfigKey ozone.scm.datanode.address is deprecated, For configuring different ports for each SCM use PortConfigKey ozone.scm.datanode.port appended with serviceId and nodeId
2024-07-10 07:23:06,651 [main] INFO  ha.HASecurityUtils (HASecurityUtils.java:initializeSecurity(81)) - Initializing secure StorageContainerManager.
2024-07-10 07:23:06,661 [main] INFO  ha.SCMNodeInfo (SCMNodeInfo.java:getPort(197)) - ConfigKey ozone.scm.client.address is deprecated, For configuring different ports for each SCM use PortConfigKey ozone.scm.client.port appended with serviceId and nodeId
2024-07-10 07:23:06,661 [main] INFO  ha.SCMNodeInfo (SCMNodeInfo.java:getPort(197)) - ConfigKey ozone.scm.block.client.address is deprecated, For configuring different ports for each SCM use PortConfigKey ozone.scm.block.client.port appended with serviceId and nodeId
2024-07-10 07:23:06,661 [main] INFO  ha.SCMNodeInfo (SCMNodeInfo.java:getPort(197)) - ConfigKey ozone.scm.security.service.address is deprecated, For configuring different ports for each SCM use PortConfigKey ozone.scm.security.service.port appended with serviceId and nodeId
2024-07-10 07:23:06,662 [main] INFO  ha.SCMNodeInfo (SCMNodeInfo.java:getPort(197)) - ConfigKey ozone.scm.datanode.address is deprecated, For configuring different ports for each SCM use PortConfigKey ozone.scm.datanode.port appended with serviceId and nodeId
2024-07-10 07:23:06,662 [main] INFO  ha.SCMNodeInfo (SCMNodeInfo.java:getPort(197)) - ConfigKey ozone.scm.client.address is deprecated, For configuring different ports for each SCM use PortConfigKey ozone.scm.client.port appended with serviceId and nodeId
2024-07-10 07:23:06,662 [main] INFO  ha.SCMNodeInfo (SCMNodeInfo.java:getPort(197)) - ConfigKey ozone.scm.block.client.address is deprecated, For configuring different ports for each SCM use PortConfigKey ozone.scm.block.client.port appended with serviceId and nodeId
2024-07-10 07:23:06,663 [main] INFO  ha.SCMNodeInfo (SCMNodeInfo.java:getPort(197)) - ConfigKey ozone.scm.security.service.address is deprecated, For configuring different ports for each SCM use PortConfigKey ozone.scm.security.service.port appended with serviceId and nodeId
2024-07-10 07:23:06,663 [main] INFO  ha.SCMNodeInfo (SCMNodeInfo.java:getPort(197)) - ConfigKey ozone.scm.datanode.address is deprecated, For configuring different ports for each SCM use PortConfigKey ozone.scm.datanode.port appended with serviceId and nodeId
2024-07-10 07:23:06,663 [main] INFO  ha.SCMNodeInfo (SCMNodeInfo.java:getPort(197)) - ConfigKey ozone.scm.client.address is deprecated, For configuring different ports for each SCM use PortConfigKey ozone.scm.client.port appended with serviceId and nodeId
2024-07-10 07:23:06,663 [main] INFO  ha.SCMNodeInfo (SCMNodeInfo.java:getPort(197)) - ConfigKey ozone.scm.block.client.address is deprecated, For configuring different ports for each SCM use PortConfigKey ozone.scm.block.client.port appended with serviceId and nodeId
2024-07-10 07:23:06,664 [main] INFO  ha.SCMNodeInfo (SCMNodeInfo.java:getPort(197)) - ConfigKey ozone.scm.security.service.address is deprecated, For configuring different ports for each SCM use PortConfigKey ozone.scm.security.service.port appended with serviceId and nodeId
2024-07-10 07:23:06,664 [main] INFO  ha.SCMNodeInfo (SCMNodeInfo.java:getPort(197)) - ConfigKey ozone.scm.datanode.address is deprecated, For configuring different ports for each SCM use PortConfigKey ozone.scm.datanode.port appended with serviceId and nodeId
2024-07-10 07:23:06,772 [main] INFO  client.SCMCertificateClient (DefaultCertificateClient.java:updateCertSerialId(1313)) - Certificate serial ID set to null
2024-07-10 07:23:06,774 [main] ERROR client.SCMCertificateClient (DefaultCertificateClient.java:getCertPath(376)) - Default certificate serial id is not set. Can't locate the default certificate for this client.
2024-07-10 07:23:06,775 [main] INFO  client.SCMCertificateClient (DefaultCertificateClient.java:init(720)) - Certificate client init case: 0
2024-07-10 07:23:06,777 [main] INFO  client.SCMCertificateClient (DefaultCertificateClient.java:handleCase(738)) - Creating keypair for client as keypair and certificate not found.
2024-07-10 07:23:07,478 [main] INFO  client.SCMCertificateClient (SCMCertificateClient.java:recoverStateIfNeeded(284)) - Init response: GETCERT
2024-07-10 07:23:07,812 [main] INFO  ozone.OzoneSecurityUtil (OzoneSecurityUtil.java:getValidInetsForCurrentHost(120)) - ip:fe80:0:0:0:20d:3aff:fe3b:2de%eth0 not returned.
2024-07-10 07:23:07,813 [main] INFO  ozone.OzoneSecurityUtil (OzoneSecurityUtil.java:getValidInetsForCurrentHost(117)) - Adding ip:10.1.0.19,host:fv-az1386-216.klszfsxs10seni2gsqlth152tc.dx.internal.cloudapp.net
2024-07-10 07:23:07,813 [main] INFO  ozone.OzoneSecurityUtil (OzoneSecurityUtil.java:getValidInetsForCurrentHost(120)) - ip:0:0:0:0:0:0:0:1%lo not returned.
2024-07-10 07:23:07,814 [main] INFO  ozone.OzoneSecurityUtil (OzoneSecurityUtil.java:getValidInetsForCurrentHost(120)) - ip:127.0.0.1 not returned.
2024-07-10 07:23:07,874 [main] INFO  utils.SelfSignedCertificate (SelfSignedCertificate.java:generateCertificate(160)) - Certificate 1 is issued by SERIALNUMBER=1, O=e3afc6b0-d37c-4e66-a691-c5585a39a1b5, OU=d38ec341-43ec-4d2c-a000-6eddcfc2f96f, CN=scm@fv-az1386-216 to SERIALNUMBER=1, O=e3afc6b0-d37c-4e66-a691-c5585a39a1b5, OU=d38ec341-43ec-4d2c-a000-6eddcfc2f96f, CN=scm@fv-az1386-216, valid from Wed Jul 10 07:23:07 UTC 2024 to Sat Aug 18 07:23:07 UTC 2029
2024-07-10 07:23:07,879 [main] INFO  utils.CertificateCodec (CertificateCodec.java:writeCertificate(253)) - Save certificate to /home/runner/work/ozone/ozone/hadoop-ozone/integration-test/target/test-dir/MiniOzoneClusterImpl-e3afc6b0-d37c-4e66-a691-c5585a39a1b5/scmNode-1/scm/ca/certs/certificate.crt
2024-07-10 07:23:07,879 [main] INFO  utils.CertificateCodec (CertificateCodec.java:writeCertificate(254)) - Certificate -----BEGIN CERTIFICATE-----
MIIEADCCAuigAwIBAgIBATANBgkqhkiG9w0BAQsFADCBhjEaMBgGA1UEAwwRc2Nt
QGZ2LWF6MTM4Ni0yMTYxLTArBgNVBAsMJGQzOGVjMzQxLTQzZWMtNGQyYy1hMDAw
LTZlZGRjZmMyZjk2ZjEtMCsGA1UECgwkZTNhZmM2YjAtZDM3Yy00ZTY2LWE2OTEt
YzU1ODVhMzlhMWI1MQowCAYDVQQFEwExMB4XDTI0MDcxMDA3MjMwN1oXDTI5MDgx
ODA3MjMwN1owgYYxGjAYBgNVBAMMEXNjbUBmdi1hejEzODYtMjE2MS0wKwYDVQQL
DCRkMzhlYzM0MS00M2VjLTRkMmMtYTAwMC02ZWRkY2ZjMmY5NmYxLTArBgNVBAoM
JGUzYWZjNmIwLWQzN2MtNGU2Ni1hNjkxLWM1NTg1YTM5YTFiNTEKMAgGA1UEBRMB
MTCCASIwDQYJKoZIhvcNAQEBBQADggEPADCCAQoCggEBAKzpRY5cNsZlta7ho5HJ
tjrZH0TtKWid9+5TmD4zBNXSTe3fDZb0lmOIMofdqYw0F6Cwx/+ohBi7oMZRjF80
ebDTDb5TJW5CnJGi4k6THV0Qa1Na0XuwhaJ/ezNMu+S3sxOXZ8vgIO98ViWt1HPm
VdCmCQ2WwMQb0uCBajpMGIZY39PUa2rlbAkDfA1a39hdpd6bjq+IxwyaLGqqsruX
j55QfTxfjpYJgbbISGV/WZypL+U9MzB5EXjES4ve5v33ALOMGrKmT04p5XvPXz3l
Yf/Bh0yV3y+Gz5Xv2imXAvWcAzkc8k29BsD19DyUSPEGj8rQlTN+MlhFF4FWsW5Y
vM8CAwEAAaN3MHUwDwYDVR0TAQH/BAUwAwEB/zAOBgNVHQ8BAf8EBAMCAQYwUgYD
VR0RBEswSYcECgEAE4JBZnYtYXoxMzg2LTIxNi5rbHN6ZnN4czEwc2VuaTJnc3Fs
dGgxNTJ0Yy5keC5pbnRlcm5hbC5jbG91ZGFwcC5uZXQwDQYJKoZIhvcNAQELBQAD
ggEBAFrYxLJV0JZNxWTuNsQfV12XAsjBOyT2TdG2oOYVkb2rvBo8mBEOGDr1HSa/
Kd47PM0PdqdRFxT5/RnSD6PJd5ziFTpxa1Gpv9KF38J5oGceGHpRdjnhc81d/u0C
sR+q3ZEqIrF4Bjj+sxATobDPhFe84FLYqcC+t1y+EG2WXqmEwM7RHRCZOW8i4FUw
3j3h0Nv/8XPOtSjjRIpgFQH61wJ56vVezePgN7rsHPUaBHXZfniIpT3kARA+qrMj
y2cpCVBrPIXnwjnJoRIUopz6qcUw//BLvLe0+ibfuIWzUe9BzUTHxhHoHF29itol
ducdHLhn6fjDeY1U+PhJT/41TlM=
-----END CERTIFICATE-----

2024-07-10 07:23:07,897 [main] INFO  client.SCMCertificateClient (SCMCertificateClient.java:getCSRBuilder(144)) - Creating csr for SCM->hostName:localhost,scmId:d38ec341-43ec-4d2c-a000-6eddcfc2f96f,clusterId:e3afc6b0-d37c-4e66-a691-c5585a39a1b5,subject:scm-sub@localhost
2024-07-10 07:23:07,899 [main] INFO  ozone.OzoneSecurityUtil (OzoneSecurityUtil.java:getValidInetsForCurrentHost(120)) - ip:fe80:0:0:0:20d:3aff:fe3b:2de%eth0 not returned.
2024-07-10 07:23:07,899 [main] INFO  ozone.OzoneSecurityUtil (OzoneSecurityUtil.java:getValidInetsForCurrentHost(117)) - Adding ip:10.1.0.19,host:fv-az1386-216.klszfsxs10seni2gsqlth152tc.dx.internal.cloudapp.net
2024-07-10 07:23:07,899 [main] INFO  ozone.OzoneSecurityUtil (OzoneSecurityUtil.java:getValidInetsForCurrentHost(120)) - ip:0:0:0:0:0:0:0:1%lo not returned.
2024-07-10 07:23:07,900 [main] INFO  ozone.OzoneSecurityUtil (OzoneSecurityUtil.java:getValidInetsForCurrentHost(120)) - ip:127.0.0.1 not returned.
2024-07-10 07:23:07,936 [main] INFO  authority.DefaultApprover (DefaultApprover.java:sign(174)) - Extensions in CSR: 2.5.29.19, 2.5.29.15, 2.5.29.17
2024-07-10 07:23:07,936 [main] INFO  authority.DefaultApprover (DefaultApprover.java:sign(178)) - Extensions to add to the certificate if they present in CSR: 2.5.29.15, 2.5.29.17, 2.5.29.35, 2.5.29.37, 2.5.29.19, 1.3.6.1.5.5.7.1.12
2024-07-10 07:23:07,948 [main] INFO  utils.CertificateCodec (CertificateCodec.java:writeCertificate(253)) - Save certificate to /home/runner/work/ozone/ozone/hadoop-ozone/integration-test/target/test-dir/MiniOzoneClusterImpl-e3afc6b0-d37c-4e66-a691-c5585a39a1b5/scmNode-1/scm/sub-ca/certs/CA-1.crt
2024-07-10 07:23:07,948 [main] INFO  utils.CertificateCodec (CertificateCodec.java:writeCertificate(254)) - Certificate -----BEGIN CERTIFICATE-----
MIIEADCCAuigAwIBAgIBATANBgkqhkiG9w0BAQsFADCBhjEaMBgGA1UEAwwRc2Nt
QGZ2LWF6MTM4Ni0yMTYxLTArBgNVBAsMJGQzOGVjMzQxLTQzZWMtNGQyYy1hMDAw
LTZlZGRjZmMyZjk2ZjEtMCsGA1UECgwkZTNhZmM2YjAtZDM3Yy00ZTY2LWE2OTEt
YzU1ODVhMzlhMWI1MQowCAYDVQQFEwExMB4XDTI0MDcxMDA3MjMwN1oXDTI5MDgx
ODA3MjMwN1owgYYxGjAYBgNVBAMMEXNjbUBmdi1hejEzODYtMjE2MS0wKwYDVQQL
DCRkMzhlYzM0MS00M2VjLTRkMmMtYTAwMC02ZWRkY2ZjMmY5NmYxLTArBgNVBAoM
JGUzYWZjNmIwLWQzN2MtNGU2Ni1hNjkxLWM1NTg1YTM5YTFiNTEKMAgGA1UEBRMB
MTCCASIwDQYJKoZIhvcNAQEBBQADggEPADCCAQoCggEBAKzpRY5cNsZlta7ho5HJ
tjrZH0TtKWid9+5TmD4zBNXSTe3fDZb0lmOIMofdqYw0F6Cwx/+ohBi7oMZRjF80
ebDTDb5TJW5CnJGi4k6THV0Qa1Na0XuwhaJ/ezNMu+S3sxOXZ8vgIO98ViWt1HPm
VdCmCQ2WwMQb0uCBajpMGIZY39PUa2rlbAkDfA1a39hdpd6bjq+IxwyaLGqqsruX
j55QfTxfjpYJgbbISGV/WZypL+U9MzB5EXjES4ve5v33ALOMGrKmT04p5XvPXz3l
Yf/Bh0yV3y+Gz5Xv2imXAvWcAzkc8k29BsD19DyUSPEGj8rQlTN+MlhFF4FWsW5Y
vM8CAwEAAaN3MHUwDwYDVR0TAQH/BAUwAwEB/zAOBgNVHQ8BAf8EBAMCAQYwUgYD
VR0RBEswSYcECgEAE4JBZnYtYXoxMzg2LTIxNi5rbHN6ZnN4czEwc2VuaTJnc3Fs
dGgxNTJ0Yy5keC5pbnRlcm5hbC5jbG91ZGFwcC5uZXQwDQYJKoZIhvcNAQELBQAD
ggEBAFrYxLJV0JZNxWTuNsQfV12XAsjBOyT2TdG2oOYVkb2rvBo8mBEOGDr1HSa/
Kd47PM0PdqdRFxT5/RnSD6PJd5ziFTpxa1Gpv9KF38J5oGceGHpRdjnhc81d/u0C
sR+q3ZEqIrF4Bjj+sxATobDPhFe84FLYqcC+t1y+EG2WXqmEwM7RHRCZOW8i4FUw
3j3h0Nv/8XPOtSjjRIpgFQH61wJ56vVezePgN7rsHPUaBHXZfniIpT3kARA+qrMj
y2cpCVBrPIXnwjnJoRIUopz6qcUw//BLvLe0+ibfuIWzUe9BzUTHxhHoHF29itol
ducdHLhn6fjDeY1U+PhJT/41TlM=
-----END CERTIFICATE-----

2024-07-10 07:23:07,951 [main] INFO  utils.CertificateCodec (CertificateCodec.java:writeCertificate(253)) - Save certificate to /home/runner/work/ozone/ozone/hadoop-ozone/integration-test/target/test-dir/MiniOzoneClusterImpl-e3afc6b0-d37c-4e66-a691-c5585a39a1b5/scmNode-1/scm/sub-ca/certs/2.crt
2024-07-10 07:23:07,951 [main] INFO  utils.CertificateCodec (CertificateCodec.java:writeCertificate(254)) - Certificate -----BEGIN CERTIFICATE-----
MIIEADCCAuigAwIBAgIBAjANBgkqhkiG9w0BAQsFADCBhjEaMBgGA1UEAwwRc2Nt
QGZ2LWF6MTM4Ni0yMTYxLTArBgNVBAsMJGQzOGVjMzQxLTQzZWMtNGQyYy1hMDAw
LTZlZGRjZmMyZjk2ZjEtMCsGA1UECgwkZTNhZmM2YjAtZDM3Yy00ZTY2LWE2OTEt
YzU1ODVhMzlhMWI1MQowCAYDVQQFEwExMB4XDTI0MDcxMDA3MjMwN1oXDTI5MDgx
ODA3MjMwN1owgYYxGjAYBgNVBAMMEXNjbS1zdWJAbG9jYWxob3N0MS0wKwYDVQQL
DCRkMzhlYzM0MS00M2VjLTRkMmMtYTAwMC02ZWRkY2ZjMmY5NmYxLTArBgNVBAoM
JGUzYWZjNmIwLWQzN2MtNGU2Ni1hNjkxLWM1NTg1YTM5YTFiNTEKMAgGA1UEBRMB
MjCCASIwDQYJKoZIhvcNAQEBBQADggEPADCCAQoCggEBAJpy58xsYpXZysFWXeIV
Xqz0fxXgzP0Y3I1AwqDqiAJDBtlXVvDT7EzILpt7HevVKXYvaVcXbilAvwYClCmj
sfPF5tfF2XM2lD5xHD2jKmIOZeqTGyfGvdB8ViaKAEHms1VPOEn2HJOMJvHFNgvQ
gc4WFwNdMbKi3fSErBGUjzUPEE2RfKFz+VVFtvMGtYWszWrOzv3ieQSnkuQYam1o
5Zy0d8MFXNPnQZHmNubgXIg4+xaxlA91ROrNlxBSRN6WTTf/f5uU55OK18fF5kA5
NyAN/zi1qf121tTLbV8rKMdDFxLWsFlmQ5aW9BvTZ0Vq7rh9b5AIzMLVk7aHEoG3
JZ0CAwEAAaN3MHUwDgYDVR0PAQH/BAQDAgG+MFIGA1UdEQRLMEmHBAoBABOCQWZ2
LWF6MTM4Ni0yMTYua2xzemZzeHMxMHNlbmkyZ3NxbHRoMTUydGMuZHguaW50ZXJu
YWwuY2xvdWRhcHAubmV0MA8GA1UdEwEB/wQFMAMBAf8wDQYJKoZIhvcNAQELBQAD
ggEBABqoerbl96TQ279kWcy/GHjA8PW6Vgra9ekuWNZQWEJ72S8NyTdWZ17Zx8F3
OScCmIGDEN24118jIZF2TlxtowabQ+wnRQ8ckk+VnffBpeVwzm7GcuJwlcp4ry4p
0nSNNaraB9OebHGWiOHjH2d0UvBH3Lrwwg8S/NtQ5Ul4Ehgz/I33o0zi10YEb34Y
XmYv+aB+IE3aM+NinAC+SFz5MqG1bIAeuvP1Ga57cwnrrxRI51lMLnZpUXwwbwm/
foGN2ZonThe94txMOV5XAXzZncUSiVvPAhNVNBu1cIBij2tFUF3Ay3Y/t6SBFXjU
0u45SeDjsZjL3rZA2bqkX7n3Z94=
-----END CERTIFICATE-----

-----BEGIN CERTIFICATE-----
MIIEADCCAuigAwIBAgIBATANBgkqhkiG9w0BAQsFADCBhjEaMBgGA1UEAwwRc2Nt
QGZ2LWF6MTM4Ni0yMTYxLTArBgNVBAsMJGQzOGVjMzQxLTQzZWMtNGQyYy1hMDAw
LTZlZGRjZmMyZjk2ZjEtMCsGA1UECgwkZTNhZmM2YjAtZDM3Yy00ZTY2LWE2OTEt
YzU1ODVhMzlhMWI1MQowCAYDVQQFEwExMB4XDTI0MDcxMDA3MjMwN1oXDTI5MDgx
ODA3MjMwN1owgYYxGjAYBgNVBAMMEXNjbUBmdi1hejEzODYtMjE2MS0wKwYDVQQL
DCRkMzhlYzM0MS00M2VjLTRkMmMtYTAwMC02ZWRkY2ZjMmY5NmYxLTArBgNVBAoM
JGUzYWZjNmIwLWQzN2MtNGU2Ni1hNjkxLWM1NTg1YTM5YTFiNTEKMAgGA1UEBRMB
MTCCASIwDQYJKoZIhvcNAQEBBQADggEPADCCAQoCggEBAKzpRY5cNsZlta7ho5HJ
tjrZH0TtKWid9+5TmD4zBNXSTe3fDZb0lmOIMofdqYw0F6Cwx/+ohBi7oMZRjF80
ebDTDb5TJW5CnJGi4k6THV0Qa1Na0XuwhaJ/ezNMu+S3sxOXZ8vgIO98ViWt1HPm
VdCmCQ2WwMQb0uCBajpMGIZY39PUa2rlbAkDfA1a39hdpd6bjq+IxwyaLGqqsruX
j55QfTxfjpYJgbbISGV/WZypL+U9MzB5EXjES4ve5v33ALOMGrKmT04p5XvPXz3l
Yf/Bh0yV3y+Gz5Xv2imXAvWcAzkc8k29BsD19DyUSPEGj8rQlTN+MlhFF4FWsW5Y
vM8CAwEAAaN3MHUwDwYDVR0TAQH/BAUwAwEB/zAOBgNVHQ8BAf8EBAMCAQYwUgYD
VR0RBEswSYcECgEAE4JBZnYtYXoxMzg2LTIxNi5rbHN6ZnN4czEwc2VuaTJnc3Fs
dGgxNTJ0Yy5keC5pbnRlcm5hbC5jbG91ZGFwcC5uZXQwDQYJKoZIhvcNAQELBQAD
ggEBAFrYxLJV0JZNxWTuNsQfV12XAsjBOyT2TdG2oOYVkb2rvBo8mBEOGDr1HSa/
Kd47PM0PdqdRFxT5/RnSD6PJd5ziFTpxa1Gpv9KF38J5oGceGHpRdjnhc81d/u0C
sR+q3ZEqIrF4Bjj+sxATobDPhFe84FLYqcC+t1y+EG2WXqmEwM7RHRCZOW8i4FUw
3j3h0Nv/8XPOtSjjRIpgFQH61wJ56vVezePgN7rsHPUaBHXZfniIpT3kARA+qrMj
y2cpCVBrPIXnwjnJoRIUopz6qcUw//BLvLe0+ibfuIWzUe9BzUTHxhHoHF29itol
ducdHLhn6fjDeY1U+PhJT/41TlM=
-----END CERTIFICATE-----

2024-07-10 07:23:07,952 [main] INFO  utils.CertificateCodec (CertificateCodec.java:writeCertificate(253)) - Save certificate to /home/runner/work/ozone/ozone/hadoop-ozone/integration-test/target/test-dir/MiniOzoneClusterImpl-e3afc6b0-d37c-4e66-a691-c5585a39a1b5/scmNode-1/scm/sub-ca/certs/certificate.crt
2024-07-10 07:23:07,952 [main] INFO  utils.CertificateCodec (CertificateCodec.java:writeCertificate(254)) - Certificate -----BEGIN CERTIFICATE-----
MIIEADCCAuigAwIBAgIBAjANBgkqhkiG9w0BAQsFADCBhjEaMBgGA1UEAwwRc2Nt
QGZ2LWF6MTM4Ni0yMTYxLTArBgNVBAsMJGQzOGVjMzQxLTQzZWMtNGQyYy1hMDAw
LTZlZGRjZmMyZjk2ZjEtMCsGA1UECgwkZTNhZmM2YjAtZDM3Yy00ZTY2LWE2OTEt
YzU1ODVhMzlhMWI1MQowCAYDVQQFEwExMB4XDTI0MDcxMDA3MjMwN1oXDTI5MDgx
ODA3MjMwN1owgYYxGjAYBgNVBAMMEXNjbS1zdWJAbG9jYWxob3N0MS0wKwYDVQQL
DCRkMzhlYzM0MS00M2VjLTRkMmMtYTAwMC02ZWRkY2ZjMmY5NmYxLTArBgNVBAoM
JGUzYWZjNmIwLWQzN2MtNGU2Ni1hNjkxLWM1NTg1YTM5YTFiNTEKMAgGA1UEBRMB
MjCCASIwDQYJKoZIhvcNAQEBBQADggEPADCCAQoCggEBAJpy58xsYpXZysFWXeIV
Xqz0fxXgzP0Y3I1AwqDqiAJDBtlXVvDT7EzILpt7HevVKXYvaVcXbilAvwYClCmj
sfPF5tfF2XM2lD5xHD2jKmIOZeqTGyfGvdB8ViaKAEHms1VPOEn2HJOMJvHFNgvQ
gc4WFwNdMbKi3fSErBGUjzUPEE2RfKFz+VVFtvMGtYWszWrOzv3ieQSnkuQYam1o
5Zy0d8MFXNPnQZHmNubgXIg4+xaxlA91ROrNlxBSRN6WTTf/f5uU55OK18fF5kA5
NyAN/zi1qf121tTLbV8rKMdDFxLWsFlmQ5aW9BvTZ0Vq7rh9b5AIzMLVk7aHEoG3
JZ0CAwEAAaN3MHUwDgYDVR0PAQH/BAQDAgG+MFIGA1UdEQRLMEmHBAoBABOCQWZ2
LWF6MTM4Ni0yMTYua2xzemZzeHMxMHNlbmkyZ3NxbHRoMTUydGMuZHguaW50ZXJu
YWwuY2xvdWRhcHAubmV0MA8GA1UdEwEB/wQFMAMBAf8wDQYJKoZIhvcNAQELBQAD
ggEBABqoerbl96TQ279kWcy/GHjA8PW6Vgra9ekuWNZQWEJ72S8NyTdWZ17Zx8F3
OScCmIGDEN24118jIZF2TlxtowabQ+wnRQ8ckk+VnffBpeVwzm7GcuJwlcp4ry4p
0nSNNaraB9OebHGWiOHjH2d0UvBH3Lrwwg8S/NtQ5Ul4Ehgz/I33o0zi10YEb34Y
XmYv+aB+IE3aM+NinAC+SFz5MqG1bIAeuvP1Ga57cwnrrxRI51lMLnZpUXwwbwm/
foGN2ZonThe94txMOV5XAXzZncUSiVvPAhNVNBu1cIBij2tFUF3Ay3Y/t6SBFXjU
0u45SeDjsZjL3rZA2bqkX7n3Z94=
-----END CERTIFICATE-----

-----BEGIN CERTIFICATE-----
MIIEADCCAuigAwIBAgIBATANBgkqhkiG9w0BAQsFADCBhjEaMBgGA1UEAwwRc2Nt
QGZ2LWF6MTM4Ni0yMTYxLTArBgNVBAsMJGQzOGVjMzQxLTQzZWMtNGQyYy1hMDAw
LTZlZGRjZmMyZjk2ZjEtMCsGA1UECgwkZTNhZmM2YjAtZDM3Yy00ZTY2LWE2OTEt
YzU1ODVhMzlhMWI1MQowCAYDVQQFEwExMB4XDTI0MDcxMDA3MjMwN1oXDTI5MDgx
ODA3MjMwN1owgYYxGjAYBgNVBAMMEXNjbUBmdi1hejEzODYtMjE2MS0wKwYDVQQL
DCRkMzhlYzM0MS00M2VjLTRkMmMtYTAwMC02ZWRkY2ZjMmY5NmYxLTArBgNVBAoM
JGUzYWZjNmIwLWQzN2MtNGU2Ni1hNjkxLWM1NTg1YTM5YTFiNTEKMAgGA1UEBRMB
MTCCASIwDQYJKoZIhvcNAQEBBQADggEPADCCAQoCggEBAKzpRY5cNsZlta7ho5HJ
tjrZH0TtKWid9+5TmD4zBNXSTe3fDZb0lmOIMofdqYw0F6Cwx/+ohBi7oMZRjF80
ebDTDb5TJW5CnJGi4k6THV0Qa1Na0XuwhaJ/ezNMu+S3sxOXZ8vgIO98ViWt1HPm
VdCmCQ2WwMQb0uCBajpMGIZY39PUa2rlbAkDfA1a39hdpd6bjq+IxwyaLGqqsruX
j55QfTxfjpYJgbbISGV/WZypL+U9MzB5EXjES4ve5v33ALOMGrKmT04p5XvPXz3l
Yf/Bh0yV3y+Gz5Xv2imXAvWcAzkc8k29BsD19DyUSPEGj8rQlTN+MlhFF4FWsW5Y
vM8CAwEAAaN3MHUwDwYDVR0TAQH/BAUwAwEB/zAOBgNVHQ8BAf8EBAMCAQYwUgYD
VR0RBEswSYcECgEAE4JBZnYtYXoxMzg2LTIxNi5rbHN6ZnN4czEwc2VuaTJnc3Fs
dGgxNTJ0Yy5keC5pbnRlcm5hbC5jbG91ZGFwcC5uZXQwDQYJKoZIhvcNAQELBQAD
ggEBAFrYxLJV0JZNxWTuNsQfV12XAsjBOyT2TdG2oOYVkb2rvBo8mBEOGDr1HSa/
Kd47PM0PdqdRFxT5/RnSD6PJd5ziFTpxa1Gpv9KF38J5oGceGHpRdjnhc81d/u0C
sR+q3ZEqIrF4Bjj+sxATobDPhFe84FLYqcC+t1y+EG2WXqmEwM7RHRCZOW8i4FUw
3j3h0Nv/8XPOtSjjRIpgFQH61wJ56vVezePgN7rsHPUaBHXZfniIpT3kARA+qrMj
y2cpCVBrPIXnwjnJoRIUopz6qcUw//BLvLe0+ibfuIWzUe9BzUTHxhHoHF29itol
ducdHLhn6fjDeY1U+PhJT/41TlM=
-----END CERTIFICATE-----

2024-07-10 07:23:07,952 [main] INFO  client.SCMCertificateClient (SCMCertificateClient.java:recoverStateIfNeeded(295)) - Successfully stored SCM signed certificate.
2024-07-10 07:23:08,020 [main] INFO  server.RaftServer (ConfUtils.java:logGet(46)) - raft.rpc.type = GRPC (default)
2024-07-10 07:23:08,071 [main] INFO  grpc.GrpcConfigKeys (ConfUtils.java:logFallback(53)) - raft.grpc.admin.host = null (fallback to raft.grpc.server.host)
2024-07-10 07:23:08,072 [main] INFO  grpc.GrpcConfigKeys (ConfUtils.java:logFallback(53)) - raft.grpc.admin.port = 15003 (fallback to raft.grpc.server.port)
2024-07-10 07:23:08,072 [main] INFO  grpc.GrpcConfigKeys (ConfUtils.java:logFallback(53)) - raft.grpc.client.host = null (fallback to raft.grpc.server.host)
2024-07-10 07:23:08,073 [main] INFO  grpc.GrpcConfigKeys (ConfUtils.java:logFallback(53)) - raft.grpc.client.port = 15003 (fallback to raft.grpc.server.port)
2024-07-10 07:23:08,073 [main] INFO  grpc.GrpcConfigKeys (ConfUtils.java:logGet(46)) - raft.grpc.server.host = null (default)
2024-07-10 07:23:08,073 [main] INFO  grpc.GrpcConfigKeys (ConfUtils.java:logGet(46)) - raft.grpc.server.port = 15003 (custom)
2024-07-10 07:23:08,074 [main] INFO  server.GrpcService (ConfUtils.java:logGet(46)) - raft.grpc.message.size.max = 32m (=33554432) (custom)
2024-07-10 07:23:08,075 [main] INFO  server.RaftServerConfigKeys (ConfUtils.java:logGet(46)) - raft.server.log.appender.buffer.byte-limit = 4194304 (custom)
2024-07-10 07:23:08,075 [main] INFO  server.GrpcService (ConfUtils.java:logGet(46)) - raft.grpc.flow.control.window = 1MB (=1048576) (default)
2024-07-10 07:23:08,076 [main] INFO  server.RaftServerConfigKeys (ConfUtils.java:logGet(46)) - raft.server.rpc.request.timeout = 30000ms (custom)
2024-07-10 07:23:08,084 [main] INFO  grpc.GrpcConfigKeys (ConfUtils.java:logGet(46)) - raft.grpc.server.heartbeat.channel = true (default)
2024-07-10 07:23:08,088 [main] INFO  grpc.GrpcConfigKeys (ConfUtils.java:logGet(46)) - raft.grpc.server.async.request.thread.pool.cached = true (default)
2024-07-10 07:23:08,088 [main] INFO  grpc.GrpcConfigKeys (ConfUtils.java:logGet(46)) - raft.grpc.server.async.request.thread.pool.size = 32 (default)
2024-07-10 07:23:08,243 [main] INFO  impl.DataStreamServerImpl (ConfUtils.java:logGet(46)) - raft.datastream.type = DISABLED (default)
2024-07-10 07:23:08,244 [main] INFO  server.RaftServerConfigKeys (ConfUtils.java:logGet(46)) - raft.server.sleep.deviation.threshold = 300ms (default)
2024-07-10 07:23:08,245 [main] INFO  server.RaftServerConfigKeys (ConfUtils.java:logGet(46)) - raft.server.close.threshold = 60s (default)
2024-07-10 07:23:08,245 [main] INFO  server.RaftServerConfigKeys (ConfUtils.java:logGet(46)) - raft.server.leaderelection.leader.step-down.wait-time = 10s (default)
2024-07-10 07:23:08,248 [main] INFO  server.RaftServerConfigKeys (ConfUtils.java:logGet(46)) - raft.server.storage.dir = [/home/runner/work/ozone/ozone/hadoop-ozone/integration-test/target/test-dir/MiniOzoneClusterImpl-e3afc6b0-d37c-4e66-a691-c5585a39a1b5/scmNode-1/scm-ha] (custom)
2024-07-10 07:23:08,249 [main] INFO  server.RaftServerConfigKeys (ConfUtils.java:logGet(46)) - raft.server.threadpool.proxy.cached = true (default)
2024-07-10 07:23:08,250 [main] INFO  server.RaftServerConfigKeys (ConfUtils.java:logGet(46)) - raft.server.threadpool.proxy.size = 0 (default)
2024-07-10 07:23:08,255 [main] INFO  server.RaftServer (RaftServerProxy.java:addNew(101)) - d38ec341-43ec-4d2c-a000-6eddcfc2f96f: addNew group-C5585A39A1B5:[d38ec341-43ec-4d2c-a000-6eddcfc2f96f|localhost:15003] returns group-C5585A39A1B5:java.util.concurrent.CompletableFuture@185339ed[Not completed]
2024-07-10 07:23:08,268 [d38ec341-43ec-4d2c-a000-6eddcfc2f96f-groupManagement] INFO  server.RaftServer$Division (RaftServerImpl.java:<init>(253)) - d38ec341-43ec-4d2c-a000-6eddcfc2f96f: new RaftServerImpl for group-C5585A39A1B5:[d38ec341-43ec-4d2c-a000-6eddcfc2f96f|localhost:15003] with SCMStateMachine:uninitialized
2024-07-10 07:23:08,269 [d38ec341-43ec-4d2c-a000-6eddcfc2f96f-groupManagement] INFO  server.RaftServerConfigKeys (ConfUtils.java:logGet(46)) - raft.server.rpc.timeout.min = 5000ms (custom)
2024-07-10 07:23:08,269 [d38ec341-43ec-4d2c-a000-6eddcfc2f96f-groupManagement] INFO  server.RaftServerConfigKeys (ConfUtils.java:logGet(46)) - raft.server.rpc.timeout.max = 5200ms (custom)
2024-07-10 07:23:08,270 [d38ec341-43ec-4d2c-a000-6eddcfc2f96f-groupManagement] INFO  server.RaftServerConfigKeys (ConfUtils.java:logGet(46)) - raft.server.rpc.sleep.time = 25ms (default)
2024-07-10 07:23:08,270 [d38ec341-43ec-4d2c-a000-6eddcfc2f96f-groupManagement] INFO  server.RaftServerConfigKeys (ConfUtils.java:logGet(46)) - raft.server.rpc.slowness.timeout = 120000ms (custom)
2024-07-10 07:23:08,270 [d38ec341-43ec-4d2c-a000-6eddcfc2f96f-groupManagement] INFO  server.RaftServerConfigKeys (ConfUtils.java:logGet(46)) - raft.server.leaderelection.leader.step-down.wait-time = 10s (default)
2024-07-10 07:23:08,271 [d38ec341-43ec-4d2c-a000-6eddcfc2f96f-groupManagement] INFO  server.RaftServerConfigKeys (ConfUtils.java:logGet(46)) - raft.server.leaderelection.member.majority-add = false (default)
2024-07-10 07:23:08,271 [d38ec341-43ec-4d2c-a000-6eddcfc2f96f-groupManagement] INFO  server.RaftServerConfigKeys (ConfUtils.java:logGet(46)) - raft.server.sleep.deviation.threshold = 300ms (default)
2024-07-10 07:23:08,275 [d38ec341-43ec-4d2c-a000-6eddcfc2f96f-groupManagement] INFO  server.RaftServer$Division (ServerState.java:<init>(114)) - d38ec341-43ec-4d2c-a000-6eddcfc2f96f@group-C5585A39A1B5: ConfigurationManager, init=conf: {index: -1, cur=peers:[d38ec341-43ec-4d2c-a000-6eddcfc2f96f|localhost:15003]|listeners:[], old=null}, confs=<EMPTY_MAP>
2024-07-10 07:23:08,279 [d38ec341-43ec-4d2c-a000-6eddcfc2f96f-groupManagement] INFO  server.RaftServerConfigKeys (ConfUtils.java:logGet(46)) - raft.server.notification.no-leader.timeout = 60s (default)
2024-07-10 07:23:08,280 [d38ec341-43ec-4d2c-a000-6eddcfc2f96f-groupManagement] INFO  server.RaftServerConfigKeys (ConfUtils.java:logGet(46)) - raft.server.read.timeout = 10s (default)
2024-07-10 07:23:08,283 [d38ec341-43ec-4d2c-a000-6eddcfc2f96f-groupManagement] INFO  server.RaftServerConfigKeys (ConfUtils.java:logGet(46)) - raft.server.retrycache.expirytime = 60000ms (default)
2024-07-10 07:23:08,283 [d38ec341-43ec-4d2c-a000-6eddcfc2f96f-groupManagement] INFO  server.RaftServerConfigKeys (ConfUtils.java:logGet(46)) - raft.server.retrycache.statistics.expirytime = 100ms (default)
2024-07-10 07:23:08,285 [d38ec341-43ec-4d2c-a000-6eddcfc2f96f-groupManagement] INFO  server.RaftServerConfigKeys (ConfUtils.java:logGet(46)) - raft.server.read.option = DEFAULT (default)
2024-07-10 07:23:08,286 [d38ec341-43ec-4d2c-a000-6eddcfc2f96f-groupManagement] INFO  server.RaftServerConfigKeys (ConfUtils.java:logGet(46)) - raft.server.read.read-after-write-consistent.write-index-cache.expiry-time = 60s (default)
2024-07-10 07:23:08,291 [d38ec341-43ec-4d2c-a000-6eddcfc2f96f-groupManagement] INFO  metrics.MetricRegistries (MetricRegistriesLoader.java:load(64)) - Loaded MetricRegistries class org.apache.ratis.metrics.dropwizard3.Dm3MetricRegistriesImpl
2024-07-10 07:23:08,311 [d38ec341-43ec-4d2c-a000-6eddcfc2f96f-groupManagement] INFO  server.RaftServerConfigKeys (ConfUtils.java:logGet(46)) - raft.server.rpc.request.timeout = 30000ms (custom)
2024-07-10 07:23:08,313 [d38ec341-43ec-4d2c-a000-6eddcfc2f96f-groupManagement] INFO  server.RaftServerConfigKeys (ConfUtils.java:logGet(46)) - raft.server.log.appender.install.snapshot.enabled = false (custom)
2024-07-10 07:23:08,313 [d38ec341-43ec-4d2c-a000-6eddcfc2f96f-groupManagement] INFO  server.RaftServerConfigKeys (ConfUtils.java:logGet(46)) - raft.server.threadpool.server.cached = true (default)
2024-07-10 07:23:08,313 [d38ec341-43ec-4d2c-a000-6eddcfc2f96f-groupManagement] INFO  server.RaftServerConfigKeys (ConfUtils.java:logGet(46)) - raft.server.threadpool.server.size = 0 (default)
2024-07-10 07:23:08,314 [d38ec341-43ec-4d2c-a000-6eddcfc2f96f-groupManagement] INFO  server.RaftServerConfigKeys (ConfUtils.java:logGet(46)) - raft.server.threadpool.client.cached = true (default)
2024-07-10 07:23:08,314 [d38ec341-43ec-4d2c-a000-6eddcfc2f96f-groupManagement] INFO  server.RaftServerConfigKeys (ConfUtils.java:logGet(46)) - raft.server.threadpool.client.size = 0 (default)
2024-07-10 07:23:08,315 [d38ec341-43ec-4d2c-a000-6eddcfc2f96f-impl-thread1] INFO  server.RaftServerConfigKeys (ConfUtils.java:logGet(46)) - raft.server.storage.free-space.min = 0MB (=0) (default)
2024-07-10 07:23:08,315 [d38ec341-43ec-4d2c-a000-6eddcfc2f96f-impl-thread1] INFO  server.RaftServerConfigKeys (ConfUtils.java:logGet(46)) - raft.server.log.corruption.policy = EXCEPTION (default)
2024-07-10 07:23:08,316 [d38ec341-43ec-4d2c-a000-6eddcfc2f96f-impl-thread1] INFO  server.RaftServerConfigKeys (ConfUtils.java:logGet(46)) - raft.server.storage.dir = [/home/runner/work/ozone/ozone/hadoop-ozone/integration-test/target/test-dir/MiniOzoneClusterImpl-e3afc6b0-d37c-4e66-a691-c5585a39a1b5/scmNode-1/scm-ha] (custom)
2024-07-10 07:23:08,320 [d38ec341-43ec-4d2c-a000-6eddcfc2f96f-impl-thread1] INFO  storage.RaftStorageDirectory (RaftStorageDirectoryImpl.java:analyzeStorage(138)) - The storage directory /home/runner/work/ozone/ozone/hadoop-ozone/integration-test/target/test-dir/MiniOzoneClusterImpl-e3afc6b0-d37c-4e66-a691-c5585a39a1b5/scmNode-1/scm-ha/e3afc6b0-d37c-4e66-a691-c5585a39a1b5 does not exist. Creating ...
2024-07-10 07:23:08,325 [d38ec341-43ec-4d2c-a000-6eddcfc2f96f-impl-thread1] INFO  storage.RaftStorageDirectory (RaftStorageDirectoryImpl.java:tryLock(229)) - Lock on /home/runner/work/ozone/ozone/hadoop-ozone/integration-test/target/test-dir/MiniOzoneClusterImpl-e3afc6b0-d37c-4e66-a691-c5585a39a1b5/scmNode-1/scm-ha/e3afc6b0-d37c-4e66-a691-c5585a39a1b5/in_use.lock acquired by nodename 98666@fv-az1386-216
2024-07-10 07:23:08,330 [d38ec341-43ec-4d2c-a000-6eddcfc2f96f-impl-thread1] INFO  storage.RaftStorage (RaftStorageImpl.java:format(98)) - Storage directory /home/runner/work/ozone/ozone/hadoop-ozone/integration-test/target/test-dir/MiniOzoneClusterImpl-e3afc6b0-d37c-4e66-a691-c5585a39a1b5/scmNode-1/scm-ha/e3afc6b0-d37c-4e66-a691-c5585a39a1b5 has been successfully formatted.
2024-07-10 07:23:08,332 [d38ec341-43ec-4d2c-a000-6eddcfc2f96f-impl-thread1] INFO  server.RaftServerConfigKeys (ConfUtils.java:logGet(46)) - raft.server.log.use.memory = false (default)
2024-07-10 07:23:08,338 [d38ec341-43ec-4d2c-a000-6eddcfc2f96f-impl-thread1] INFO  server.RaftServerConfigKeys (ConfUtils.java:logGet(46)) - raft.server.log.purge.gap = 1000000 (custom)
2024-07-10 07:23:08,338 [d38ec341-43ec-4d2c-a000-6eddcfc2f96f-impl-thread1] INFO  server.RaftServerConfigKeys (ConfUtils.java:logGet(46)) - raft.server.log.appender.buffer.byte-limit = 4194304 (custom)
2024-07-10 07:23:08,339 [d38ec341-43ec-4d2c-a000-6eddcfc2f96f-impl-thread1] INFO  server.RaftServerConfigKeys (ConfUtils.java:logGet(46)) - raft.server.log.statemachine.data.read.timeout = 1000ms (default)
2024-07-10 07:23:08,339 [d38ec341-43ec-4d2c-a000-6eddcfc2f96f-impl-thread1] INFO  server.RaftServerConfigKeys (ConfUtils.java:logGet(46)) - raft.server.log.purge.preservation.log.num = 0 (default)
2024-07-10 07:23:08,342 [d38ec341-43ec-4d2c-a000-6eddcfc2f96f-impl-thread1] INFO  server.RaftServerConfigKeys (ConfUtils.java:logGet(46)) - raft.server.log.segment.size.max = 4194304 (custom)
2024-07-10 07:23:08,346 [d38ec341-43ec-4d2c-a000-6eddcfc2f96f-impl-thread1] INFO  server.RaftServerConfigKeys (ConfUtils.java:logGet(46)) - raft.server.log.segment.cache.num.max = 2 (custom)
2024-07-10 07:23:08,347 [d38ec341-43ec-4d2c-a000-6eddcfc2f96f-impl-thread1] INFO  server.RaftServerConfigKeys (ConfUtils.java:logGet(46)) - raft.server.log.segment.cache.size.max = 200MB (=209715200) (default)
2024-07-10 07:23:08,347 [d38ec341-43ec-4d2c-a000-6eddcfc2f96f-impl-thread1] INFO  server.RaftServerConfigKeys (ConfUtils.java:logGet(46)) - raft.server.log.appender.buffer.byte-limit = 4194304 (custom)
2024-07-10 07:23:08,348 [d38ec341-43ec-4d2c-a000-6eddcfc2f96f-impl-thread1] INFO  util.AwaitToRun (AwaitToRun.java:start(81)) - Thread[d38ec341-43ec-4d2c-a000-6eddcfc2f96f@group-C5585A39A1B5-cacheEviction-AwaitToRun,5,main] started
2024-07-10 07:23:08,351 [d38ec341-43ec-4d2c-a000-6eddcfc2f96f-impl-thread1] INFO  segmented.SegmentedRaftLogWorker (SegmentedRaftLogWorker.java:<init>(184)) - new d38ec341-43ec-4d2c-a000-6eddcfc2f96f@group-C5585A39A1B5-SegmentedRaftLogWorker for RaftStorageImpl:Storage Directory /home/runner/work/ozone/ozone/hadoop-ozone/integration-test/target/test-dir/MiniOzoneClusterImpl-e3afc6b0-d37c-4e66-a691-c5585a39a1b5/scmNode-1/scm-ha/e3afc6b0-d37c-4e66-a691-c5585a39a1b5
2024-07-10 07:23:08,351 [d38ec341-43ec-4d2c-a000-6eddcfc2f96f-impl-thread1] INFO  server.RaftServerConfigKeys (ConfUtils.java:logGet(46)) - raft.server.log.queue.byte-limit = 64MB (=67108864) (default)
2024-07-10 07:23:08,351 [d38ec341-43ec-4d2c-a000-6eddcfc2f96f-impl-thread1] INFO  server.RaftServerConfigKeys (ConfUtils.java:logGet(46)) - raft.server.log.queue.element-limit = 4096 (default)
2024-07-10 07:23:08,352 [d38ec341-43ec-4d2c-a000-6eddcfc2f96f-impl-thread1] INFO  server.RaftServerConfigKeys (ConfUtils.java:logGet(46)) - raft.server.log.segment.size.max = 4194304 (custom)
2024-07-10 07:23:08,353 [d38ec341-43ec-4d2c-a000-6eddcfc2f96f-impl-thread1] INFO  server.RaftServerConfigKeys (ConfUtils.java:logGet(46)) - raft.server.log.preallocated.size = 4194304 (custom)
2024-07-10 07:23:08,353 [d38ec341-43ec-4d2c-a000-6eddcfc2f96f-impl-thread1] INFO  server.RaftServerConfigKeys (ConfUtils.java:logGet(46)) - raft.server.log.force.sync.num = 128 (default)
2024-07-10 07:23:08,354 [d38ec341-43ec-4d2c-a000-6eddcfc2f96f-impl-thread1] INFO  server.RaftServerConfigKeys (ConfUtils.java:logGet(46)) - raft.server.log.statemachine.data.sync = true (default)
2024-07-10 07:23:08,354 [d38ec341-43ec-4d2c-a000-6eddcfc2f96f-impl-thread1] INFO  server.RaftServerConfigKeys (ConfUtils.java:logGet(46)) - raft.server.log.statemachine.data.sync.timeout = 10s (default)
2024-07-10 07:23:08,354 [d38ec341-43ec-4d2c-a000-6eddcfc2f96f-impl-thread1] INFO  server.RaftServerConfigKeys (ConfUtils.java:logGet(46)) - raft.server.log.statemachine.data.sync.timeout.retry = -1 (default)
2024-07-10 07:23:08,356 [d38ec341-43ec-4d2c-a000-6eddcfc2f96f-impl-thread1] INFO  server.RaftServerConfigKeys (ConfUtils.java:logGet(46)) - raft.server.log.write.buffer.size = 4194312 (custom)
2024-07-10 07:23:08,357 [d38ec341-43ec-4d2c-a000-6eddcfc2f96f-impl-thread1] INFO  server.RaftServerConfigKeys (ConfUtils.java:logGet(46)) - raft.server.log.appender.buffer.byte-limit = 4194304 (custom)
2024-07-10 07:23:08,357 [d38ec341-43ec-4d2c-a000-6eddcfc2f96f-impl-thread1] INFO  server.RaftServerConfigKeys (ConfUtils.java:logGet(46)) - raft.server.log.unsafe-flush.enabled = false (default)
2024-07-10 07:23:08,358 [d38ec341-43ec-4d2c-a000-6eddcfc2f96f-impl-thread1] INFO  server.RaftServerConfigKeys (ConfUtils.java:logGet(46)) - raft.server.log.async-flush.enabled = false (default)
2024-07-10 07:23:08,358 [d38ec341-43ec-4d2c-a000-6eddcfc2f96f-impl-thread1] INFO  server.RaftServerConfigKeys (ConfUtils.java:logGet(46)) - raft.server.log.statemachine.data.caching.enabled = false (default)
2024-07-10 07:23:08,363 [d38ec341-43ec-4d2c-a000-6eddcfc2f96f-impl-thread1] INFO  segmented.SegmentedRaftLogWorker (SegmentedRaftLogWorker.java:lambda$new$0(135)) - d38ec341-43ec-4d2c-a000-6eddcfc2f96f@group-C5585A39A1B5-SegmentedRaftLogWorker: flushIndex: setUnconditionally 0 -> -1
2024-07-10 07:23:08,363 [d38ec341-43ec-4d2c-a000-6eddcfc2f96f-impl-thread1] INFO  segmented.SegmentedRaftLogWorker (SegmentedRaftLogWorker.java:lambda$new$0(135)) - d38ec341-43ec-4d2c-a000-6eddcfc2f96f@group-C5585A39A1B5-SegmentedRaftLogWorker: safeCacheEvictIndex: setUnconditionally 0 -> -1
2024-07-10 07:23:08,365 [d38ec341-43ec-4d2c-a000-6eddcfc2f96f-impl-thread1] INFO  server.RaftServer$Division (RaftServerImpl.java:start(389)) - d38ec341-43ec-4d2c-a000-6eddcfc2f96f@group-C5585A39A1B5: start as a follower, conf=conf: {index: -1, cur=peers:[d38ec341-43ec-4d2c-a000-6eddcfc2f96f|localhost:15003]|listeners:[], old=null}
2024-07-10 07:23:08,366 [d38ec341-43ec-4d2c-a000-6eddcfc2f96f-impl-thread1] INFO  server.RaftServer$Division (RaftServerImpl.java:setRole(376)) - d38ec341-43ec-4d2c-a000-6eddcfc2f96f@group-C5585A39A1B5: changes role from      null to FOLLOWER at term 0 for startAsFollower
2024-07-10 07:23:08,366 [d38ec341-43ec-4d2c-a000-6eddcfc2f96f-impl-thread1] INFO  impl.RoleInfo (RoleInfo.java:updateAndGet(148)) - d38ec341-43ec-4d2c-a000-6eddcfc2f96f: start d38ec341-43ec-4d2c-a000-6eddcfc2f96f@group-C5585A39A1B5-FollowerState
2024-07-10 07:23:08,367 [d38ec341-43ec-4d2c-a000-6eddcfc2f96f@group-C5585A39A1B5-FollowerState] INFO  server.RaftServerConfigKeys (ConfUtils.java:logFallback(53)) - raft.server.rpc.first-election.timeout.min = 5000ms (fallback to raft.server.rpc.timeout.min)
2024-07-10 07:23:08,367 [d38ec341-43ec-4d2c-a000-6eddcfc2f96f@group-C5585A39A1B5-FollowerState] INFO  server.RaftServerConfigKeys (ConfUtils.java:logFallback(53)) - raft.server.rpc.first-election.timeout.max = 5200ms (fallback to raft.server.rpc.timeout.max)
2024-07-10 07:23:08,368 [d38ec341-43ec-4d2c-a000-6eddcfc2f96f-impl-thread1] INFO  util.JmxRegister (JmxRegister.java:tryRegister(44)) - Successfully registered JMX Bean with object name Ratis:service=RaftServer,group=group-C5585A39A1B5,id=d38ec341-43ec-4d2c-a000-6eddcfc2f96f
2024-07-10 07:23:08,368 [d38ec341-43ec-4d2c-a000-6eddcfc2f96f-impl-thread1] INFO  util.JmxRegister (JmxRegister.java:register(58)) - register mxBean class org.apache.ratis.server.impl.RaftServerJmxAdapter as Ratis:service=RaftServer,group=group-C5585A39A1B5,id=d38ec341-43ec-4d2c-a000-6eddcfc2f96f
2024-07-10 07:23:08,370 [d38ec341-43ec-4d2c-a000-6eddcfc2f96f-impl-thread1] INFO  server.RaftServerConfigKeys (ConfUtils.java:logGet(46)) - raft.server.snapshot.trigger-when-stop.enabled = true (default)
2024-07-10 07:23:08,370 [d38ec341-43ec-4d2c-a000-6eddcfc2f96f-impl-thread1] INFO  server.RaftServerConfigKeys (ConfUtils.java:logGet(46)) - raft.server.snapshot.trigger-when-remove.enabled = true (default)
2024-07-10 07:23:08,370 [d38ec341-43ec-4d2c-a000-6eddcfc2f96f-impl-thread1] INFO  server.RaftServerConfigKeys (ConfUtils.java:logGet(46)) - raft.server.snapshot.auto.trigger.enabled = true (custom)
2024-07-10 07:23:08,371 [d38ec341-43ec-4d2c-a000-6eddcfc2f96f-impl-thread1] INFO  server.RaftServerConfigKeys (ConfUtils.java:logGet(46)) - raft.server.snapshot.auto.trigger.threshold = 1000 (custom)
2024-07-10 07:23:08,371 [d38ec341-43ec-4d2c-a000-6eddcfc2f96f-impl-thread1] INFO  server.RaftServerConfigKeys (ConfUtils.java:logGet(46)) - raft.server.snapshot.retention.file.num = -1 (default)
2024-07-10 07:23:08,371 [d38ec341-43ec-4d2c-a000-6eddcfc2f96f-impl-thread1] INFO  server.RaftServerConfigKeys (ConfUtils.java:logGet(46)) - raft.server.log.purge.upto.snapshot.index = false (default)
2024-07-10 07:23:08,374 [main] INFO  server.RaftServer (RaftServerProxy.java:startImpl(408)) - d38ec341-43ec-4d2c-a000-6eddcfc2f96f: start RPC server
2024-07-10 07:23:08,399 [main] INFO  server.GrpcService (GrpcService.java:startImpl(302)) - d38ec341-43ec-4d2c-a000-6eddcfc2f96f: GrpcService started, listening on 15003
2024-07-10 07:23:08,401 [JvmPauseMonitor0] INFO  util.JvmPauseMonitor (JvmPauseMonitor.java:run(146)) - JvmPauseMonitor-d38ec341-43ec-4d2c-a000-6eddcfc2f96f: Started
2024-07-10 07:23:13,434 [d38ec341-43ec-4d2c-a000-6eddcfc2f96f@group-C5585A39A1B5-FollowerState] INFO  impl.FollowerState (FollowerState.java:run(144)) - d38ec341-43ec-4d2c-a000-6eddcfc2f96f@group-C5585A39A1B5-FollowerState: change to CANDIDATE, lastRpcElapsedTime:5067446839ns, electionTimeout:5065ms
2024-07-10 07:23:13,434 [d38ec341-43ec-4d2c-a000-6eddcfc2f96f@group-C5585A39A1B5-FollowerState] INFO  impl.RoleInfo (RoleInfo.java:shutdownFollowerState(119)) - d38ec341-43ec-4d2c-a000-6eddcfc2f96f: shutdown d38ec341-43ec-4d2c-a000-6eddcfc2f96f@group-C5585A39A1B5-FollowerState
2024-07-10 07:23:13,434 [d38ec341-43ec-4d2c-a000-6eddcfc2f96f@group-C5585A39A1B5-FollowerState] INFO  server.RaftServer$Division (RaftServerImpl.java:setRole(376)) - d38ec341-43ec-4d2c-a000-6eddcfc2f96f@group-C5585A39A1B5: changes role from  FOLLOWER to CANDIDATE at term 0 for changeToCandidate
2024-07-10 07:23:13,436 [d38ec341-43ec-4d2c-a000-6eddcfc2f96f@group-C5585A39A1B5-FollowerState] INFO  server.RaftServerConfigKeys (ConfUtils.java:logGet(46)) - raft.server.leaderelection.pre-vote = true (default)
2024-07-10 07:23:13,437 [d38ec341-43ec-4d2c-a000-6eddcfc2f96f@group-C5585A39A1B5-FollowerState] INFO  impl.RoleInfo (RoleInfo.java:updateAndGet(148)) - d38ec341-43ec-4d2c-a000-6eddcfc2f96f: start d38ec341-43ec-4d2c-a000-6eddcfc2f96f@group-C5585A39A1B5-LeaderElection1
2024-07-10 07:23:13,439 [d38ec341-43ec-4d2c-a000-6eddcfc2f96f@group-C5585A39A1B5-LeaderElection1] INFO  impl.LeaderElection (LeaderElection.java:askForVotes(321)) - d38ec341-43ec-4d2c-a000-6eddcfc2f96f@group-C5585A39A1B5-LeaderElection1 PRE_VOTE round 0: submit vote requests at term 0 for conf: {index: -1, cur=peers:[d38ec341-43ec-4d2c-a000-6eddcfc2f96f|localhost:15003]|listeners:[], old=null}
2024-07-10 07:23:13,440 [d38ec341-43ec-4d2c-a000-6eddcfc2f96f@group-C5585A39A1B5-LeaderElection1] INFO  impl.LeaderElection (LeaderElection.java:askForVotes(323)) - d38ec341-43ec-4d2c-a000-6eddcfc2f96f@group-C5585A39A1B5-LeaderElection1 PRE_VOTE round 0: result PASSED (term=0)
2024-07-10 07:23:13,442 [d38ec341-43ec-4d2c-a000-6eddcfc2f96f@group-C5585A39A1B5-LeaderElection1] INFO  impl.LeaderElection (LeaderElection.java:askForVotes(321)) - d38ec341-43ec-4d2c-a000-6eddcfc2f96f@group-C5585A39A1B5-LeaderElection1 ELECTION round 0: submit vote requests at term 1 for conf: {index: -1, cur=peers:[d38ec341-43ec-4d2c-a000-6eddcfc2f96f|localhost:15003]|listeners:[], old=null}
2024-07-10 07:23:13,443 [d38ec341-43ec-4d2c-a000-6eddcfc2f96f@group-C5585A39A1B5-LeaderElection1] INFO  impl.LeaderElection (LeaderElection.java:askForVotes(323)) - d38ec341-43ec-4d2c-a000-6eddcfc2f96f@group-C5585A39A1B5-LeaderElection1 ELECTION round 0: result PASSED (term=1)
2024-07-10 07:23:13,443 [d38ec341-43ec-4d2c-a000-6eddcfc2f96f@group-C5585A39A1B5-LeaderElection1] INFO  impl.RoleInfo (RoleInfo.java:shutdownLeaderElection(139)) - d38ec341-43ec-4d2c-a000-6eddcfc2f96f: shutdown d38ec341-43ec-4d2c-a000-6eddcfc2f96f@group-C5585A39A1B5-LeaderElection1
2024-07-10 07:23:13,443 [d38ec341-43ec-4d2c-a000-6eddcfc2f96f@group-C5585A39A1B5-LeaderElection1] INFO  server.RaftServer$Division (RaftServerImpl.java:setRole(376)) - d38ec341-43ec-4d2c-a000-6eddcfc2f96f@group-C5585A39A1B5: changes role from CANDIDATE to LEADER at term 1 for changeToLeader
2024-07-10 07:23:13,448 [d38ec341-43ec-4d2c-a000-6eddcfc2f96f@group-C5585A39A1B5-LeaderElection1] INFO  server.RaftServerConfigKeys (ConfUtils.java:logGet(46)) - raft.server.staging.catchup.gap = 1000 (default)
2024-07-10 07:23:13,450 [d38ec341-43ec-4d2c-a000-6eddcfc2f96f@group-C5585A39A1B5-LeaderElection1] INFO  server.RaftServerConfigKeys (ConfUtils.java:logGet(46)) - raft.server.write.element-limit = 4096 (default)
2024-07-10 07:23:13,450 [d38ec341-43ec-4d2c-a000-6eddcfc2f96f@group-C5585A39A1B5-LeaderElection1] INFO  server.RaftServerConfigKeys (ConfUtils.java:logGet(46)) - raft.server.write.byte-limit = 64MB (=67108864) (default)
2024-07-10 07:23:13,452 [d38ec341-43ec-4d2c-a000-6eddcfc2f96f@group-C5585A39A1B5-LeaderElection1] INFO  server.RaftServerConfigKeys (ConfUtils.java:logGet(46)) - raft.server.watch.timeout = 10s (default)
2024-07-10 07:23:13,452 [d38ec341-43ec-4d2c-a000-6eddcfc2f96f@group-C5585A39A1B5-LeaderElection1] INFO  server.RaftServerConfigKeys (ConfUtils.java:logGet(46)) - raft.server.watch.timeout.denomination = 1s (default)
2024-07-10 07:23:13,453 [d38ec341-43ec-4d2c-a000-6eddcfc2f96f@group-C5585A39A1B5-LeaderElection1] INFO  server.RaftServerConfigKeys (ConfUtils.java:logGet(46)) - raft.server.watch.element-limit = 65536 (default)
2024-07-10 07:23:13,458 [d38ec341-43ec-4d2c-a000-6eddcfc2f96f@group-C5585A39A1B5-LeaderElection1] INFO  server.RaftServerConfigKeys (ConfUtils.java:logGet(46)) - raft.server.read.leader.lease.enabled = false (default)
2024-07-10 07:23:13,459 [d38ec341-43ec-4d2c-a000-6eddcfc2f96f@group-C5585A39A1B5-LeaderElection1] INFO  server.RaftServerConfigKeys (ConfUtils.java:logGet(46)) - raft.server.read.leader.lease.timeout.ratio = 0.9 (default)
2024-07-10 07:23:13,459 [d38ec341-43ec-4d2c-a000-6eddcfc2f96f@group-C5585A39A1B5-LeaderElection1] INFO  server.RaftServerConfigKeys (ConfUtils.java:logGet(46)) - raft.server.rpc.timeout.min = 5000ms (custom)
2024-07-10 07:23:13,460 [d38ec341-43ec-4d2c-a000-6eddcfc2f96f@group-C5585A39A1B5-LeaderElection1] INFO  server.RaftServerConfigKeys (ConfUtils.java:logGet(46)) - raft.server.log.log-metadata.enabled = true (default)
2024-07-10 07:23:13,460 [d38ec341-43ec-4d2c-a000-6eddcfc2f96f@group-C5585A39A1B5-LeaderElection1] INFO  server.RaftServerConfigKeys (ConfUtils.java:logGet(46)) - raft.server.write.element-limit = 4096 (default)
2024-07-10 07:23:13,460 [d38ec341-43ec-4d2c-a000-6eddcfc2f96f@group-C5585A39A1B5-LeaderElection1] INFO  server.RaftServerConfigKeys (ConfUtils.java:logGet(46)) - raft.server.write.follower.gap.ratio.max = -1.0 (default)
2024-07-10 07:23:13,462 [d38ec341-43ec-4d2c-a000-6eddcfc2f96f@group-C5585A39A1B5-LeaderElection1] INFO  impl.RoleInfo (RoleInfo.java:updateAndGet(148)) - d38ec341-43ec-4d2c-a000-6eddcfc2f96f: start d38ec341-43ec-4d2c-a000-6eddcfc2f96f@group-C5585A39A1B5-LeaderStateImpl
2024-07-10 07:23:13,462 [d38ec341-43ec-4d2c-a000-6eddcfc2f96f@group-C5585A39A1B5-LeaderElection1] INFO  server.RaftServer$Division (RaftServerImpl.java:setFirstElection(549)) - d38ec341-43ec-4d2c-a000-6eddcfc2f96f@group-C5585A39A1B5: set firstElectionSinceStartup to false for becomeLeader
2024-07-10 07:23:13,462 [d38ec341-43ec-4d2c-a000-6eddcfc2f96f@group-C5585A39A1B5-LeaderElection1] INFO  server.RaftServer$Division (ServerState.java:setLeader(272)) - d38ec341-43ec-4d2c-a000-6eddcfc2f96f@group-C5585A39A1B5: change Leader from null to d38ec341-43ec-4d2c-a000-6eddcfc2f96f at term 1 for becomeLeader, leader elected after 5183ms
2024-07-10 07:23:13,480 [d38ec341-43ec-4d2c-a000-6eddcfc2f96f@group-C5585A39A1B5-LeaderElection1] INFO  segmented.SegmentedRaftLogWorker (SegmentedRaftLogWorker.java:startLogSegment(433)) - d38ec341-43ec-4d2c-a000-6eddcfc2f96f@group-C5585A39A1B5-SegmentedRaftLogWorker: Starting segment from index:0
2024-07-10 07:23:13,494 [d38ec341-43ec-4d2c-a000-6eddcfc2f96f@group-C5585A39A1B5-LeaderElection1] INFO  server.RaftServer$Division (ServerState.java:setRaftConf(386)) - d38ec341-43ec-4d2c-a000-6eddcfc2f96f@group-C5585A39A1B5: set configuration conf: {index: 0, cur=peers:[d38ec341-43ec-4d2c-a000-6eddcfc2f96f|localhost:15003]|listeners:[], old=null}
2024-07-10 07:23:13,499 [d38ec341-43ec-4d2c-a000-6eddcfc2f96f@group-C5585A39A1B5-SegmentedRaftLogWorker] INFO  segmented.BufferedWriteChannel (BufferedWriteChannel.java:open(61)) - open log_inprogress_0 at position 0
2024-07-10 07:23:13,508 [d38ec341-43ec-4d2c-a000-6eddcfc2f96f@group-C5585A39A1B5-SegmentedRaftLogWorker] INFO  segmented.SegmentedRaftLogWorker (SegmentedRaftLogWorker.java:execute(637)) - d38ec341-43ec-4d2c-a000-6eddcfc2f96f@group-C5585A39A1B5-SegmentedRaftLogWorker: created new log segment /home/runner/work/ozone/ozone/hadoop-ozone/integration-test/target/test-dir/MiniOzoneClusterImpl-e3afc6b0-d37c-4e66-a691-c5585a39a1b5/scmNode-1/scm-ha/e3afc6b0-d37c-4e66-a691-c5585a39a1b5/current/log_inprogress_0
2024-07-10 07:23:13,519 [d38ec341-43ec-4d2c-a000-6eddcfc2f96f@group-C5585A39A1B5-StateMachineUpdater] INFO  server.RaftServer$Division (LeaderStateImpl.java:checkStartIndex(316)) - Leader d38ec341-43ec-4d2c-a000-6eddcfc2f96f@group-C5585A39A1B5-LeaderStateImpl is ready since appliedIndex == startIndex == 0
2024-07-10 07:23:14,402 [main] INFO  server.RaftServer (RaftServerProxy.java:lambda$close$9(418)) - d38ec341-43ec-4d2c-a000-6eddcfc2f96f: close
2024-07-10 07:23:14,403 [d38ec341-43ec-4d2c-a000-6eddcfc2f96f-impl-thread1] INFO  server.RaftServer$Division (RaftServerImpl.java:lambda$close$1(501)) - d38ec341-43ec-4d2c-a000-6eddcfc2f96f@group-C5585A39A1B5: shutdown
2024-07-10 07:23:14,403 [main] INFO  server.GrpcService (GrpcService.java:closeImpl(311)) - d38ec341-43ec-4d2c-a000-6eddcfc2f96f: shutdown server GrpcServerProtocolService now
2024-07-10 07:23:14,403 [d38ec341-43ec-4d2c-a000-6eddcfc2f96f-impl-thread1] INFO  util.JmxRegister (JmxRegister.java:unregister(74)) - Successfully un-registered JMX Bean with object name Ratis:service=RaftServer,group=group-C5585A39A1B5,id=d38ec341-43ec-4d2c-a000-6eddcfc2f96f
2024-07-10 07:23:14,403 [d38ec341-43ec-4d2c-a000-6eddcfc2f96f-impl-thread1] INFO  impl.RoleInfo (RoleInfo.java:shutdownLeaderState(103)) - d38ec341-43ec-4d2c-a000-6eddcfc2f96f: shutdown d38ec341-43ec-4d2c-a000-6eddcfc2f96f@group-C5585A39A1B5-LeaderStateImpl
2024-07-10 07:23:14,406 [d38ec341-43ec-4d2c-a000-6eddcfc2f96f-impl-thread1] INFO  impl.PendingRequests (PendingRequests.java:sendNotLeaderResponses(287)) - d38ec341-43ec-4d2c-a000-6eddcfc2f96f@group-C5585A39A1B5-PendingRequests: sendNotLeaderResponses
2024-07-10 07:23:14,408 [main] INFO  server.GrpcService (GrpcService.java:closeImpl(320)) - d38ec341-43ec-4d2c-a000-6eddcfc2f96f: shutdown server GrpcServerProtocolService successfully
2024-07-10 07:23:14,410 [d38ec341-43ec-4d2c-a000-6eddcfc2f96f@group-C5585A39A1B5-StateMachineUpdater] INFO  impl.StateMachineUpdater (StateMachineUpdater.java:takeSnapshot(303)) - d38ec341-43ec-4d2c-a000-6eddcfc2f96f@group-C5585A39A1B5-StateMachineUpdater: Took a snapshot at index 0
2024-07-10 07:23:14,410 [d38ec341-43ec-4d2c-a000-6eddcfc2f96f-impl-thread1] INFO  impl.StateMachineUpdater (StateMachineUpdater.java:stopAndJoin(164)) - d38ec341-43ec-4d2c-a000-6eddcfc2f96f@group-C5585A39A1B5-StateMachineUpdater: set stopIndex = 0
2024-07-10 07:23:14,410 [d38ec341-43ec-4d2c-a000-6eddcfc2f96f@group-C5585A39A1B5-StateMachineUpdater] INFO  impl.StateMachineUpdater (StateMachineUpdater.java:lambda$new$0(102)) - d38ec341-43ec-4d2c-a000-6eddcfc2f96f@group-C5585A39A1B5-StateMachineUpdater: snapshotIndex: updateIncreasingly -1 -> 0
2024-07-10 07:23:14,412 [d38ec341-43ec-4d2c-a000-6eddcfc2f96f@group-C5585A39A1B5-StateMachineUpdater] INFO  impl.StateMachineUpdater (StateMachineUpdater.java:stop(141)) - d38ec341-43ec-4d2c-a000-6eddcfc2f96f@group-C5585A39A1B5-StateMachineUpdater: closing SCMStateMachine, lastApplied=(t:1, i:0)
2024-07-10 07:23:14,413 [d38ec341-43ec-4d2c-a000-6eddcfc2f96f@group-C5585A39A1B5-cacheEviction-AwaitToRun] INFO  util.AwaitToRun (AwaitToRun.java:run(49)) - d38ec341-43ec-4d2c-a000-6eddcfc2f96f@group-C5585A39A1B5-cacheEviction-AwaitToRun-AwaitForSignal is interrupted
2024-07-10 07:23:14,514 [d38ec341-43ec-4d2c-a000-6eddcfc2f96f-impl-thread1] INFO  segmented.SegmentedRaftLogWorker (SegmentedRaftLogWorker.java:close(248)) - d38ec341-43ec-4d2c-a000-6eddcfc2f96f@group-C5585A39A1B5-SegmentedRaftLogWorker close()
2024-07-10 07:23:14,518 [JvmPauseMonitor0] INFO  util.JvmPauseMonitor (JvmPauseMonitor.java:run(152)) - JvmPauseMonitor-d38ec341-43ec-4d2c-a000-6eddcfc2f96f: Stopped
2024-07-10 07:23:14,518 [main] WARN  server.ServerUtils (ServerUtils.java:getScmDbDir(143)) - ozone.scm.db.dirs is not configured. We recommend adding this setting. Falling back to ozone.metadata.dirs instead.
2024-07-10 07:23:14,520 [main] INFO  server.StorageContainerManager (StorageContainerManager.java:scmInit(1300)) - SCM initialization succeeded. Current cluster id for sd=/home/runner/work/ozone/ozone/hadoop-ozone/integration-test/target/test-dir/MiniOzoneClusterImpl-e3afc6b0-d37c-4e66-a691-c5585a39a1b5/scmNode-1/scm; cid=e3afc6b0-d37c-4e66-a691-c5585a39a1b5; layoutVersion=7; scmId=d38ec341-43ec-4d2c-a000-6eddcfc2f96f
2024-07-10 07:23:14,529 [main] WARN  server.ServerUtils (ServerUtils.java:getScmDbDir(143)) - ozone.scm.db.dirs is not configured. We recommend adding this setting. Falling back to ozone.metadata.dirs instead.
2024-07-10 07:23:14,530 [main] INFO  ha.SCMHANodeDetails (SCMHANodeDetails.java:loadSCMHAConfig(207)) - ServiceID for StorageContainerManager is TestSecretKey
2024-07-10 07:23:14,530 [main] INFO  ha.SCMHANodeDetails (SCMHANodeDetails.java:loadSCMHAConfig(218)) - ServiceID for StorageContainerManager is TestSecretKey
2024-07-10 07:23:14,530 [main] WARN  scm.ScmUtils (ScmUtils.java:logWarn(165)) - ConfigKey ozone.scm.block.client.address is deprecated, For configuring different ports for each SCM use PortConfigKey ozone.scm.block.client.port appended with serviceId and nodeId. If want to configure same port configure ozone.scm.block.client.port
2024-07-10 07:23:14,531 [main] WARN  scm.ScmUtils (ScmUtils.java:logWarn(165)) - ConfigKey ozone.scm.client.address is deprecated, For configuring different ports for each SCM use PortConfigKey ozone.scm.client.port appended with serviceId and nodeId. If want to configure same port configure ozone.scm.client.port
2024-07-10 07:23:14,531 [main] WARN  scm.ScmUtils (ScmUtils.java:logWarn(165)) - ConfigKey ozone.scm.datanode.address is deprecated, For configuring different ports for each SCM use PortConfigKey ozone.scm.datanode.port appended with serviceId and nodeId. If want to configure same port configure ozone.scm.datanode.port
2024-07-10 07:23:14,531 [main] WARN  scm.ScmUtils (ScmUtils.java:logWarn(165)) - ConfigKey ozone.scm.block.client.address is deprecated, For configuring different ports for each SCM use PortConfigKey ozone.scm.block.client.port appended with serviceId and nodeId. If want to configure same port configure ozone.scm.block.client.port
2024-07-10 07:23:14,532 [main] WARN  scm.ScmUtils (ScmUtils.java:logWarn(165)) - ConfigKey ozone.scm.client.address is deprecated, For configuring different ports for each SCM use PortConfigKey ozone.scm.client.port appended with serviceId and nodeId. If want to configure same port configure ozone.scm.client.port
2024-07-10 07:23:14,532 [main] WARN  scm.ScmUtils (ScmUtils.java:logWarn(165)) - ConfigKey ozone.scm.datanode.address is deprecated, For configuring different ports for each SCM use PortConfigKey ozone.scm.datanode.port appended with serviceId and nodeId. If want to configure same port configure ozone.scm.datanode.port
2024-07-10 07:23:14,532 [main] INFO  ha.SCMHANodeDetails (SCMHANodeDetails.java:loadSCMHAConfig(305)) - Found matching SCM address with SCMServiceId: TestSecretKey, SCMNodeId: scmNode-1, RPC Address: localhost:15003 and Ratis port: 15003
2024-07-10 07:23:14,532 [main] INFO  ha.SCMHANodeDetails (ConfUtils.java:setNodeSpecificConfigs(97)) - Setting configuration key ozone.scm.datanode.address with value of key ozone.scm.datanode.address.TestSecretKey.scmNode-1: 127.0.0.1:15004
2024-07-10 07:23:14,532 [main] INFO  ha.SCMHANodeDetails (ConfUtils.java:setNodeSpecificConfigs(97)) - Setting configuration key ozone.scm.block.client.address with value of key ozone.scm.block.client.address.TestSecretKey.scmNode-1: 127.0.0.1:15007
2024-07-10 07:23:14,533 [main] INFO  ha.SCMHANodeDetails (ConfUtils.java:setNodeSpecificConfigs(97)) - Setting configuration key ozone.scm.client.address with value of key ozone.scm.client.address.TestSecretKey.scmNode-1: 127.0.0.1:15005
2024-07-10 07:23:14,533 [main] INFO  ha.SCMHANodeDetails (ConfUtils.java:setNodeSpecificConfigs(97)) - Setting configuration key ozone.scm.security.service.address with value of key ozone.scm.security.service.address.TestSecretKey.scmNode-1: 127.0.0.1:15002
2024-07-10 07:23:14,533 [main] INFO  ha.SCMHANodeDetails (ConfUtils.java:setNodeSpecificConfigs(97)) - Setting configuration key ozone.scm.ratis.port with value of key ozone.scm.ratis.port.TestSecretKey.scmNode-1: 15003
2024-07-10 07:23:14,533 [main] INFO  ha.SCMHANodeDetails (ConfUtils.java:setNodeSpecificConfigs(97)) - Setting configuration key ozone.scm.grpc.port with value of key ozone.scm.grpc.port.TestSecretKey.scmNode-1: 15006
2024-07-10 07:23:14,534 [main] INFO  ha.SCMHANodeDetails (ConfUtils.java:setNodeSpecificConfigs(97)) - Setting configuration key ozone.scm.http-address with value of key ozone.scm.http-address.TestSecretKey.scmNode-1: 127.0.0.1:15000
2024-07-10 07:23:14,534 [main] INFO  ha.SCMHANodeDetails (ConfUtils.java:setNodeSpecificConfigs(97)) - Setting configuration key ozone.scm.https-address with value of key ozone.scm.https-address.TestSecretKey.scmNode-1: 127.0.0.1:15001
2024-07-10 07:23:14,534 [main] INFO  ha.SCMHANodeDetails (ConfUtils.java:setNodeSpecificConfigs(97)) - Setting configuration key ozone.scm.address with value of key ozone.scm.address.TestSecretKey.scmNode-1: 127.0.0.1
2024-07-10 07:23:14,534 [main] WARN  scm.ScmUtils (ScmUtils.java:logWarn(165)) - ConfigKey ozone.scm.block.client.address is deprecated, For configuring different ports for each SCM use PortConfigKey ozone.scm.block.client.port appended with serviceId and nodeId. If want to configure same port configure ozone.scm.block.client.port
2024-07-10 07:23:14,535 [main] WARN  scm.ScmUtils (ScmUtils.java:logWarn(165)) - ConfigKey ozone.scm.client.address is deprecated, For configuring different ports for each SCM use PortConfigKey ozone.scm.client.port appended with serviceId and nodeId. If want to configure same port configure ozone.scm.client.port
2024-07-10 07:23:14,535 [main] WARN  scm.ScmUtils (ScmUtils.java:logWarn(165)) - ConfigKey ozone.scm.datanode.address is deprecated, For configuring different ports for each SCM use PortConfigKey ozone.scm.datanode.port appended with serviceId and nodeId. If want to configure same port configure ozone.scm.datanode.port
2024-07-10 07:23:14,545 [main] INFO  ha.SCMNodeInfo (SCMNodeInfo.java:getPort(197)) - ConfigKey ozone.scm.client.address is deprecated, For configuring different ports for each SCM use PortConfigKey ozone.scm.client.port appended with serviceId and nodeId
2024-07-10 07:23:14,545 [main] INFO  ha.SCMNodeInfo (SCMNodeInfo.java:getPort(197)) - ConfigKey ozone.scm.block.client.address is deprecated, For configuring different ports for each SCM use PortConfigKey ozone.scm.block.client.port appended with serviceId and nodeId
2024-07-10 07:23:14,545 [main] INFO  ha.SCMNodeInfo (SCMNodeInfo.java:getPort(197)) - ConfigKey ozone.scm.security.service.address is deprecated, For configuring different ports for each SCM use PortConfigKey ozone.scm.security.service.port appended with serviceId and nodeId
2024-07-10 07:23:14,545 [main] INFO  ha.SCMNodeInfo (SCMNodeInfo.java:getPort(197)) - ConfigKey ozone.scm.datanode.address is deprecated, For configuring different ports for each SCM use PortConfigKey ozone.scm.datanode.port appended with serviceId and nodeId
2024-07-10 07:23:14,546 [main] INFO  ha.SCMNodeInfo (SCMNodeInfo.java:getPort(197)) - ConfigKey ozone.scm.client.address is deprecated, For configuring different ports for each SCM use PortConfigKey ozone.scm.client.port appended with serviceId and nodeId
2024-07-10 07:23:14,546 [main] INFO  ha.SCMNodeInfo (SCMNodeInfo.java:getPort(197)) - ConfigKey ozone.scm.block.client.address is deprecated, For configuring different ports for each SCM use PortConfigKey ozone.scm.block.client.port appended with serviceId and nodeId
2024-07-10 07:23:14,546 [main] INFO  ha.SCMNodeInfo (SCMNodeInfo.java:getPort(197)) - ConfigKey ozone.scm.security.service.address is deprecated, For configuring different ports for each SCM use PortConfigKey ozone.scm.security.service.port appended with serviceId and nodeId
2024-07-10 07:23:14,546 [main] INFO  ha.SCMNodeInfo (SCMNodeInfo.java:getPort(197)) - ConfigKey ozone.scm.datanode.address is deprecated, For configuring different ports for each SCM use PortConfigKey ozone.scm.datanode.port appended with serviceId and nodeId
2024-07-10 07:23:14,546 [main] INFO  ha.SCMNodeInfo (SCMNodeInfo.java:getPort(197)) - ConfigKey ozone.scm.client.address is deprecated, For configuring different ports for each SCM use PortConfigKey ozone.scm.client.port appended with serviceId and nodeId
2024-07-10 07:23:14,547 [main] INFO  ha.SCMNodeInfo (SCMNodeInfo.java:getPort(197)) - ConfigKey ozone.scm.block.client.address is deprecated, For configuring different ports for each SCM use PortConfigKey ozone.scm.block.client.port appended with serviceId and nodeId
2024-07-10 07:23:14,547 [main] INFO  ha.SCMNodeInfo (SCMNodeInfo.java:getPort(197)) - ConfigKey ozone.scm.security.service.address is deprecated, For configuring different ports for each SCM use PortConfigKey ozone.scm.security.service.port appended with serviceId and nodeId
2024-07-10 07:23:14,547 [main] INFO  ha.SCMNodeInfo (SCMNodeInfo.java:getPort(197)) - ConfigKey ozone.scm.datanode.address is deprecated, For configuring different ports for each SCM use PortConfigKey ozone.scm.datanode.port appended with serviceId and nodeId
2024-07-10 07:23:14,580 [pool-1-thread-1] INFO  request.KdcRequest (KdcRequest.java:preauth(651)) - The preauth data is empty.
2024-07-10 07:23:14,583 [pool-1-thread-1] INFO  server.KdcHandler (KdcHandler.java:handleRecoverableException(177)) - KRB error occurred while processing request:Additional pre-authentication required
2024-07-10 07:23:14,606 [pool-1-thread-1] INFO  request.AsRequest (AsRequest.java:issueTicket(112)) - AS_REQ ISSUE: authtime 1720596194604,scm/fv-az1386-216.klszfsxs10seni2gsqlth152tc.dx.internal.cloudapp.net@EXAMPLE.COM for krbtgt/EXAMPLE.COM@EXAMPLE.COM
2024-07-10 07:23:14,613 [main] INFO  security.UserGroupInformation (UserGroupInformation.java:loginUserFromKeytab(1132)) - Login successful for user scm/fv-az1386-216.klszfsxs10seni2gsqlth152tc.dx.internal.cloudapp.net@EXAMPLE.COM using keytab file scm.keytab. Keytab auto renewal enabled : false
2024-07-10 07:23:14,613 [main] INFO  server.StorageContainerManager (StorageContainerManager.java:loginAsSCMUserIfSecurityEnabled(1069)) - SCM login successful.
2024-07-10 07:23:14,622 [main] INFO  ha.SCMNodeInfo (SCMNodeInfo.java:getPort(197)) - ConfigKey ozone.scm.client.address is deprecated, For configuring different ports for each SCM use PortConfigKey ozone.scm.client.port appended with serviceId and nodeId
2024-07-10 07:23:14,622 [main] INFO  ha.SCMNodeInfo (SCMNodeInfo.java:getPort(197)) - ConfigKey ozone.scm.block.client.address is deprecated, For configuring different ports for each SCM use PortConfigKey ozone.scm.block.client.port appended with serviceId and nodeId
2024-07-10 07:23:14,622 [main] INFO  ha.SCMNodeInfo (SCMNodeInfo.java:getPort(197)) - ConfigKey ozone.scm.security.service.address is deprecated, For configuring different ports for each SCM use PortConfigKey ozone.scm.security.service.port appended with serviceId and nodeId
2024-07-10 07:23:14,622 [main] INFO  ha.SCMNodeInfo (SCMNodeInfo.java:getPort(197)) - ConfigKey ozone.scm.datanode.address is deprecated, For configuring different ports for each SCM use PortConfigKey ozone.scm.datanode.port appended with serviceId and nodeId
2024-07-10 07:23:14,622 [main] INFO  ha.SCMNodeInfo (SCMNodeInfo.java:getPort(197)) - ConfigKey ozone.scm.client.address is deprecated, For configuring different ports for each SCM use PortConfigKey ozone.scm.client.port appended with serviceId and nodeId
2024-07-10 07:23:14,623 [main] INFO  ha.SCMNodeInfo (SCMNodeInfo.java:getPort(197)) - ConfigKey ozone.scm.block.client.address is deprecated, For configuring different ports for each SCM use PortConfigKey ozone.scm.block.client.port appended with serviceId and nodeId
2024-07-10 07:23:14,623 [main] INFO  ha.SCMNodeInfo (SCMNodeInfo.java:getPort(197)) - ConfigKey ozone.scm.security.service.address is deprecated, For configuring different ports for each SCM use PortConfigKey ozone.scm.security.service.port appended with serviceId and nodeId
2024-07-10 07:23:14,623 [main] INFO  ha.SCMNodeInfo (SCMNodeInfo.java:getPort(197)) - ConfigKey ozone.scm.datanode.address is deprecated, For configuring different ports for each SCM use PortConfigKey ozone.scm.datanode.port appended with serviceId and nodeId
2024-07-10 07:23:14,623 [main] INFO  ha.SCMNodeInfo (SCMNodeInfo.java:getPort(197)) - ConfigKey ozone.scm.client.address is deprecated, For configuring different ports for each SCM use PortConfigKey ozone.scm.client.port appended with serviceId and nodeId
2024-07-10 07:23:14,623 [main] INFO  ha.SCMNodeInfo (SCMNodeInfo.java:getPort(197)) - ConfigKey ozone.scm.block.client.address is deprecated, For configuring different ports for each SCM use PortConfigKey ozone.scm.block.client.port appended with serviceId and nodeId
2024-07-10 07:23:14,623 [main] INFO  ha.SCMNodeInfo (SCMNodeInfo.java:getPort(197)) - ConfigKey ozone.scm.security.service.address is deprecated, For configuring different ports for each SCM use PortConfigKey ozone.scm.security.service.port appended with serviceId and nodeId
2024-07-10 07:23:14,624 [main] INFO  ha.SCMNodeInfo (SCMNodeInfo.java:getPort(197)) - ConfigKey ozone.scm.datanode.address is deprecated, For configuring different ports for each SCM use PortConfigKey ozone.scm.datanode.port appended with serviceId and nodeId
2024-07-10 07:23:14,636 [main] INFO  ha.SCMNodeInfo (SCMNodeInfo.java:getPort(197)) - ConfigKey ozone.scm.client.address is deprecated, For configuring different ports for each SCM use PortConfigKey ozone.scm.client.port appended with serviceId and nodeId
2024-07-10 07:23:14,637 [main] INFO  ha.SCMNodeInfo (SCMNodeInfo.java:getPort(197)) - ConfigKey ozone.scm.block.client.address is deprecated, For configuring different ports for each SCM use PortConfigKey ozone.scm.block.client.port appended with serviceId and nodeId
2024-07-10 07:23:14,637 [main] INFO  ha.SCMNodeInfo (SCMNodeInfo.java:getPort(197)) - ConfigKey ozone.scm.security.service.address is deprecated, For configuring different ports for each SCM use PortConfigKey ozone.scm.security.service.port appended with serviceId and nodeId
2024-07-10 07:23:14,637 [main] INFO  ha.SCMNodeInfo (SCMNodeInfo.java:getPort(197)) - ConfigKey ozone.scm.datanode.address is deprecated, For configuring different ports for each SCM use PortConfigKey ozone.scm.datanode.port appended with serviceId and nodeId
2024-07-10 07:23:14,637 [main] INFO  ha.SCMNodeInfo (SCMNodeInfo.java:getPort(197)) - ConfigKey ozone.scm.client.address is deprecated, For configuring different ports for each SCM use PortConfigKey ozone.scm.client.port appended with serviceId and nodeId
2024-07-10 07:23:14,637 [main] INFO  ha.SCMNodeInfo (SCMNodeInfo.java:getPort(197)) - ConfigKey ozone.scm.block.client.address is deprecated, For configuring different ports for each SCM use PortConfigKey ozone.scm.block.client.port appended with serviceId and nodeId
2024-07-10 07:23:14,637 [main] INFO  ha.SCMNodeInfo (SCMNodeInfo.java:getPort(197)) - ConfigKey ozone.scm.security.service.address is deprecated, For configuring different ports for each SCM use PortConfigKey ozone.scm.security.service.port appended with serviceId and nodeId
2024-07-10 07:23:14,638 [main] INFO  ha.SCMNodeInfo (SCMNodeInfo.java:getPort(197)) - ConfigKey ozone.scm.datanode.address is deprecated, For configuring different ports for each SCM use PortConfigKey ozone.scm.datanode.port appended with serviceId and nodeId
2024-07-10 07:23:14,638 [main] INFO  ha.SCMNodeInfo (SCMNodeInfo.java:getPort(197)) - ConfigKey ozone.scm.client.address is deprecated, For configuring different ports for each SCM use PortConfigKey ozone.scm.client.port appended with serviceId and nodeId
2024-07-10 07:23:14,638 [main] INFO  ha.SCMNodeInfo (SCMNodeInfo.java:getPort(197)) - ConfigKey ozone.scm.block.client.address is deprecated, For configuring different ports for each SCM use PortConfigKey ozone.scm.block.client.port appended with serviceId and nodeId
2024-07-10 07:23:14,638 [main] INFO  ha.SCMNodeInfo (SCMNodeInfo.java:getPort(197)) - ConfigKey ozone.scm.security.service.address is deprecated, For configuring different ports for each SCM use PortConfigKey ozone.scm.security.service.port appended with serviceId and nodeId
2024-07-10 07:23:14,638 [main] INFO  ha.SCMNodeInfo (SCMNodeInfo.java:getPort(197)) - ConfigKey ozone.scm.datanode.address is deprecated, For configuring different ports for each SCM use PortConfigKey ozone.scm.datanode.port appended with serviceId and nodeId
2024-07-10 07:23:14,639 [main] INFO  client.SCMCertificateClient (DefaultCertificateClient.java:updateCertSerialId(1313)) - Certificate serial ID set to 2
2024-07-10 07:23:14,642 [main] INFO  client.SCMCertificateClient (DefaultCertificateClient.java:readCertificateFile(248)) - Added certificate 2 from file: /home/runner/work/ozone/ozone/hadoop-ozone/integration-test/target/test-dir/MiniOzoneClusterImpl-e3afc6b0-d37c-4e66-a691-c5585a39a1b5/scmNode-1/scm/sub-ca/certs/2.crt.
2024-07-10 07:23:14,643 [main] INFO  client.SCMCertificateClient (DefaultCertificateClient.java:readCertificateFile(248)) - Added certificate 2 from file: /home/runner/work/ozone/ozone/hadoop-ozone/integration-test/target/test-dir/MiniOzoneClusterImpl-e3afc6b0-d37c-4e66-a691-c5585a39a1b5/scmNode-1/scm/sub-ca/certs/certificate.crt.
2024-07-10 07:23:14,644 [main] INFO  client.SCMCertificateClient (DefaultCertificateClient.java:readCertificateFile(248)) - Added certificate 1 from file: /home/runner/work/ozone/ozone/hadoop-ozone/integration-test/target/test-dir/MiniOzoneClusterImpl-e3afc6b0-d37c-4e66-a691-c5585a39a1b5/scmNode-1/scm/sub-ca/certs/CA-1.crt.
2024-07-10 07:23:14,645 [main] INFO  client.SCMCertificateClient (DefaultCertificateClient.java:loadAllCertificates(197)) - CertificateRenewerService and root ca rotation polling is disabled for scm/sub-ca
2024-07-10 07:23:14,687 [main] WARN  utils.HAUtils (HAUtils.java:getMetaDir(339)) - ozone.scm.db.dirs is not configured. We recommend adding this setting. Falling back to ozone.metadata.dirs instead.
2024-07-10 07:23:14,802 [main] WARN  db.DBStoreBuilder (DBStoreBuilder.java:applyDBDefinition(171)) - ozone.scm.db.dirs is not configured. We recommend adding this setting. Falling back to ozone.metadata.dirs instead.
2024-07-10 07:23:14,810 [main] INFO  utils.LeakDetector (LeakDetector.java:start(73)) - Starting leak detector thread ManagedRocksObject0.
2024-07-10 07:23:15,002 [main] INFO  net.NodeSchemaLoader (NodeSchemaLoader.java:loadSchemaFromFile(129)) - Loading schema from [jar:file:/home/runner/work/ozone/ozone/hadoop-hdds/common/target/hdds-common-1.5.0-SNAPSHOT.jar!/network-topology-default.xml]
2024-07-10 07:23:15,003 [main] INFO  net.NodeSchemaLoader (NodeSchemaLoader.java:loadSchema(176)) - Loading network topology layer schema file
2024-07-10 07:23:15,092 [main] INFO  ha.SCMRatisServerImpl (SCMRatisServerImpl.java:<init>(99)) - starting Raft server for scm:d38ec341-43ec-4d2c-a000-6eddcfc2f96f
2024-07-10 07:23:15,095 [main] INFO  server.RaftServer (ConfUtils.java:logGet(46)) - raft.rpc.type = GRPC (default)
2024-07-10 07:23:15,096 [main] INFO  grpc.GrpcConfigKeys (ConfUtils.java:logFallback(53)) - raft.grpc.admin.host = null (fallback to raft.grpc.server.host)
2024-07-10 07:23:15,097 [main] INFO  grpc.GrpcConfigKeys (ConfUtils.java:logFallback(53)) - raft.grpc.admin.port = 15003 (fallback to raft.grpc.server.port)
2024-07-10 07:23:15,097 [main] INFO  grpc.GrpcConfigKeys (ConfUtils.java:logFallback(53)) - raft.grpc.client.host = null (fallback to raft.grpc.server.host)
2024-07-10 07:23:15,097 [main] INFO  grpc.GrpcConfigKeys (ConfUtils.java:logFallback(53)) - raft.grpc.client.port = 15003 (fallback to raft.grpc.server.port)
2024-07-10 07:23:15,098 [main] INFO  grpc.GrpcConfigKeys (ConfUtils.java:logGet(46)) - raft.grpc.server.host = null (default)
2024-07-10 07:23:15,098 [main] INFO  grpc.GrpcConfigKeys (ConfUtils.java:logGet(46)) - raft.grpc.server.port = 15003 (custom)
2024-07-10 07:23:15,099 [main] INFO  server.GrpcService (ConfUtils.java:logGet(46)) - raft.grpc.message.size.max = 32m (=33554432) (custom)
2024-07-10 07:23:15,099 [main] INFO  server.RaftServerConfigKeys (ConfUtils.java:logGet(46)) - raft.server.log.appender.buffer.byte-limit = 4194304 (custom)
2024-07-10 07:23:15,100 [main] INFO  server.GrpcService (ConfUtils.java:logGet(46)) - raft.grpc.flow.control.window = 1MB (=1048576) (default)
2024-07-10 07:23:15,100 [main] INFO  server.RaftServerConfigKeys (ConfUtils.java:logGet(46)) - raft.server.rpc.request.timeout = 30000ms (custom)
2024-07-10 07:23:15,101 [main] INFO  grpc.GrpcConfigKeys (ConfUtils.java:logGet(46)) - raft.grpc.server.heartbeat.channel = true (default)
2024-07-10 07:23:15,101 [main] INFO  grpc.GrpcConfigKeys (ConfUtils.java:logGet(46)) - raft.grpc.server.async.request.thread.pool.cached = true (default)
2024-07-10 07:23:15,102 [main] INFO  grpc.GrpcConfigKeys (ConfUtils.java:logGet(46)) - raft.grpc.server.async.request.thread.pool.size = 32 (default)
2024-07-10 07:23:15,103 [main] INFO  impl.DataStreamServerImpl (ConfUtils.java:logGet(46)) - raft.datastream.type = DISABLED (default)
2024-07-10 07:23:15,104 [main] INFO  server.RaftServerConfigKeys (ConfUtils.java:logGet(46)) - raft.server.sleep.deviation.threshold = 300ms (default)
2024-07-10 07:23:15,104 [main] INFO  server.RaftServerConfigKeys (ConfUtils.java:logGet(46)) - raft.server.close.threshold = 60s (default)
2024-07-10 07:23:15,105 [main] INFO  server.RaftServerConfigKeys (ConfUtils.java:logGet(46)) - raft.server.leaderelection.leader.step-down.wait-time = 10s (default)
2024-07-10 07:23:15,105 [main] INFO  server.RaftServerConfigKeys (ConfUtils.java:logGet(46)) - raft.server.storage.dir = [/home/runner/work/ozone/ozone/hadoop-ozone/integration-test/target/test-dir/MiniOzoneClusterImpl-e3afc6b0-d37c-4e66-a691-c5585a39a1b5/scmNode-1/scm-ha] (custom)
2024-07-10 07:23:15,106 [main] INFO  server.RaftServerConfigKeys (ConfUtils.java:logGet(46)) - raft.server.threadpool.proxy.cached = true (default)
2024-07-10 07:23:15,106 [main] INFO  server.RaftServerConfigKeys (ConfUtils.java:logGet(46)) - raft.server.threadpool.proxy.size = 0 (default)
2024-07-10 07:23:15,110 [d38ec341-43ec-4d2c-a000-6eddcfc2f96f-impl-thread1] INFO  server.RaftServer (RaftServerProxy.java:initGroupDir(266)) - d38ec341-43ec-4d2c-a000-6eddcfc2f96f: found a subdirectory /home/runner/work/ozone/ozone/hadoop-ozone/integration-test/target/test-dir/MiniOzoneClusterImpl-e3afc6b0-d37c-4e66-a691-c5585a39a1b5/scmNode-1/scm-ha/e3afc6b0-d37c-4e66-a691-c5585a39a1b5
2024-07-10 07:23:15,111 [main] INFO  server.RaftServer (RaftServerProxy.java:addNew(101)) - d38ec341-43ec-4d2c-a000-6eddcfc2f96f: addNew group-C5585A39A1B5:[] returns group-C5585A39A1B5:java.util.concurrent.CompletableFuture@53b8a0f7[Not completed]
2024-07-10 07:23:15,113 [d38ec341-43ec-4d2c-a000-6eddcfc2f96f-groupManagement] INFO  server.RaftServer$Division (RaftServerImpl.java:<init>(253)) - d38ec341-43ec-4d2c-a000-6eddcfc2f96f: new RaftServerImpl for group-C5585A39A1B5:[] with SCMStateMachine:uninitialized
2024-07-10 07:23:15,114 [d38ec341-43ec-4d2c-a000-6eddcfc2f96f-groupManagement] INFO  server.RaftServerConfigKeys (ConfUtils.java:logGet(46)) - raft.server.rpc.timeout.min = 5000ms (custom)
2024-07-10 07:23:15,114 [d38ec341-43ec-4d2c-a000-6eddcfc2f96f-groupManagement] INFO  server.RaftServerConfigKeys (ConfUtils.java:logGet(46)) - raft.server.rpc.timeout.max = 5200ms (custom)
2024-07-10 07:23:15,114 [d38ec341-43ec-4d2c-a000-6eddcfc2f96f-groupManagement] INFO  server.RaftServerConfigKeys (ConfUtils.java:logGet(46)) - raft.server.rpc.sleep.time = 25ms (default)
2024-07-10 07:23:15,114 [d38ec341-43ec-4d2c-a000-6eddcfc2f96f-groupManagement] INFO  server.RaftServerConfigKeys (ConfUtils.java:logGet(46)) - raft.server.rpc.slowness.timeout = 120000ms (custom)
2024-07-10 07:23:15,114 [d38ec341-43ec-4d2c-a000-6eddcfc2f96f-groupManagement] INFO  server.RaftServerConfigKeys (ConfUtils.java:logGet(46)) - raft.server.leaderelection.leader.step-down.wait-time = 10s (default)
2024-07-10 07:23:15,114 [d38ec341-43ec-4d2c-a000-6eddcfc2f96f-groupManagement] INFO  server.RaftServerConfigKeys (ConfUtils.java:logGet(46)) - raft.server.leaderelection.member.majority-add = false (default)
2024-07-10 07:23:15,114 [d38ec341-43ec-4d2c-a000-6eddcfc2f96f-groupManagement] INFO  server.RaftServerConfigKeys (ConfUtils.java:logGet(46)) - raft.server.sleep.deviation.threshold = 300ms (default)
2024-07-10 07:23:15,115 [d38ec341-43ec-4d2c-a000-6eddcfc2f96f-groupManagement] INFO  server.RaftServer$Division (ServerState.java:<init>(114)) - d38ec341-43ec-4d2c-a000-6eddcfc2f96f@group-C5585A39A1B5: ConfigurationManager, init=conf: {index: -1, cur=peers:[]|listeners:[], old=null}, confs=<EMPTY_MAP>
2024-07-10 07:23:15,115 [d38ec341-43ec-4d2c-a000-6eddcfc2f96f-groupManagement] INFO  server.RaftServerConfigKeys (ConfUtils.java:logGet(46)) - raft.server.notification.no-leader.timeout = 60s (default)
2024-07-10 07:23:15,115 [d38ec341-43ec-4d2c-a000-6eddcfc2f96f-groupManagement] INFO  server.RaftServerConfigKeys (ConfUtils.java:logGet(46)) - raft.server.read.timeout = 10s (default)
2024-07-10 07:23:15,115 [d38ec341-43ec-4d2c-a000-6eddcfc2f96f-groupManagement] INFO  server.RaftServerConfigKeys (ConfUtils.java:logGet(46)) - raft.server.retrycache.expirytime = 60000ms (default)
2024-07-10 07:23:15,115 [d38ec341-43ec-4d2c-a000-6eddcfc2f96f-groupManagement] INFO  server.RaftServerConfigKeys (ConfUtils.java:logGet(46)) - raft.server.retrycache.statistics.expirytime = 100ms (default)
2024-07-10 07:23:15,115 [d38ec341-43ec-4d2c-a000-6eddcfc2f96f-groupManagement] INFO  server.RaftServerConfigKeys (ConfUtils.java:logGet(46)) - raft.server.read.option = DEFAULT (default)
2024-07-10 07:23:15,115 [d38ec341-43ec-4d2c-a000-6eddcfc2f96f-groupManagement] INFO  server.RaftServerConfigKeys (ConfUtils.java:logGet(46)) - raft.server.read.read-after-write-consistent.write-index-cache.expiry-time = 60s (default)
2024-07-10 07:23:15,134 [d38ec341-43ec-4d2c-a000-6eddcfc2f96f-groupManagement] INFO  server.RaftServerConfigKeys (ConfUtils.java:logGet(46)) - raft.server.rpc.request.timeout = 30000ms (custom)
2024-07-10 07:23:15,134 [d38ec341-43ec-4d2c-a000-6eddcfc2f96f-groupManagement] INFO  server.RaftServerConfigKeys (ConfUtils.java:logGet(46)) - raft.server.log.appender.install.snapshot.enabled = false (custom)
2024-07-10 07:23:15,134 [d38ec341-43ec-4d2c-a000-6eddcfc2f96f-groupManagement] INFO  server.RaftServerConfigKeys (ConfUtils.java:logGet(46)) - raft.server.threadpool.server.cached = true (default)
2024-07-10 07:23:15,134 [d38ec341-43ec-4d2c-a000-6eddcfc2f96f-groupManagement] INFO  server.RaftServerConfigKeys (ConfUtils.java:logGet(46)) - raft.server.threadpool.server.size = 0 (default)
2024-07-10 07:23:15,134 [d38ec341-43ec-4d2c-a000-6eddcfc2f96f-groupManagement] INFO  server.RaftServerConfigKeys (ConfUtils.java:logGet(46)) - raft.server.threadpool.client.cached = true (default)
2024-07-10 07:23:15,136 [d38ec341-43ec-4d2c-a000-6eddcfc2f96f-groupManagement] INFO  server.RaftServerConfigKeys (ConfUtils.java:logGet(46)) - raft.server.threadpool.client.size = 0 (default)
2024-07-10 07:23:15,137 [main] INFO  ha.SCMSnapshotProvider (SCMSnapshotProvider.java:<init>(66)) - Initializing SCM Snapshot Provider
2024-07-10 07:23:15,138 [main] WARN  server.ServerUtils (ServerUtils.java:getDefaultRatisDirectory(311)) - Storage directory for Ratis is not configured. It is a good idea to map this to an SSD disk. Falling back to ozone.metadata.dirs
2024-07-10 07:23:15,138 [main] WARN  ha.SCMHAUtils (SCMHAUtils.java:getSCMRatisSnapshotDirectory(158)) - SCM snapshot dir is not configured. Falling back to ozone.metadata.dirs config
2024-07-10 07:23:15,160 [main] INFO  upgrade.AbstractLayoutVersionManager (AbstractLayoutVersionManager.java:init(83)) - Initializing Layout version manager with metadata layout = HADOOP_PRC_PORTS_IN_DATANODEDETAILS (version = 7), software layout = HADOOP_PRC_PORTS_IN_DATANODEDETAILS (version = 7)
2024-07-10 07:23:15,186 [main] INFO  ha.SequenceIdGenerator (SequenceIdGenerator.java:upgradeToSequenceId(369)) - upgrade localId to 113750153625600000
2024-07-10 07:23:15,188 [main] INFO  ha.SequenceIdGenerator (SequenceIdGenerator.java:upgradeToSequenceId(379)) - upgrade delTxnId to 0
2024-07-10 07:23:15,194 [main] INFO  ha.SequenceIdGenerator (SequenceIdGenerator.java:upgradeToSequenceId(396)) - upgrade containerId to 0
2024-07-10 07:23:15,196 [main] INFO  ha.SequenceIdGenerator (SequenceIdGenerator.java:upgradeToCertificateSequenceId(433)) - upgrade CertificateId to 2
2024-07-10 07:23:15,198 [main] INFO  ha.SequenceIdGenerator (SequenceIdGenerator.java:<init>(240)) - Init the HA SequenceIdGenerator.
2024-07-10 07:23:15,243 [main] WARN  server.ServerUtils (ServerUtils.java:sanitizeUserArgs(79)) - ozone.scm.stale.node.interval value = 300000 is larger than max = 100000 based on the key value of ozone.scm.heartbeat.thread.interval, reset to the max value 100000.
2024-07-10 07:23:15,243 [main] WARN  server.ServerUtils (ServerUtils.java:sanitizeUserArgs(79)) - ozone.scm.stale.node.interval value = 300000 is larger than max = 100000 based on the key value of ozone.scm.heartbeat.thread.interval, reset to the max value 100000.
2024-07-10 07:23:15,248 [main] INFO  node.SCMNodeManager (SCMNodeManager.java:<init>(177)) - Entering startup safe mode.
2024-07-10 07:23:15,259 [main] INFO  algorithms.ContainerPlacementPolicyFactory (ContainerPlacementPolicyFactory.java:getPolicyInternal(86)) - Create container placement policy of type org.apache.hadoop.hdds.scm.container.placement.algorithms.SCMContainerPlacementRackAware
2024-07-10 07:23:15,260 [main] INFO  algorithms.ContainerPlacementPolicyFactory (ContainerPlacementPolicyFactory.java:getPolicyInternal(86)) - Create container placement policy of type org.apache.hadoop.hdds.scm.container.placement.algorithms.SCMContainerPlacementRackScatter
2024-07-10 07:23:15,267 [main] INFO  pipeline.PipelineStateManagerImpl (PipelineStateManagerImpl.java:initialize(78)) - No pipeline exists in current db
2024-07-10 07:23:15,279 [main] INFO  algorithms.LeaderChoosePolicyFactory (LeaderChoosePolicyFactory.java:getPolicy(57)) - Create leader choose policy of type org.apache.hadoop.hdds.scm.pipeline.leader.choose.algorithms.MinLeaderCountChoosePolicy
2024-07-10 07:23:15,279 [main] INFO  algorithms.ContainerPlacementPolicyFactory (ContainerPlacementPolicyFactory.java:getPolicyInternal(86)) - Create container placement policy of type org.apache.hadoop.hdds.scm.container.placement.algorithms.SCMContainerPlacementRackScatter
2024-07-10 07:23:15,284 [main] INFO  ha.SCMServiceManager (SCMServiceManager.java:register(42)) - Registering service BackgroundPipelineCreator.
2024-07-10 07:23:15,284 [main] INFO  pipeline.BackgroundPipelineCreator (BackgroundPipelineCreator.java:start(127)) - Starting scmNode-1-RatisPipelineUtilsThread.
2024-07-10 07:23:15,287 [main] INFO  BackgroundPipelineScrubber (BackgroundSCMService.java:start(65)) - Starting BackgroundPipelineScrubber Service.
2024-07-10 07:23:15,289 [main] INFO  ha.SCMServiceManager (SCMServiceManager.java:register(42)) - Registering service BackgroundPipelineScrubber.
2024-07-10 07:23:15,294 [main] INFO  ExpiredContainerReplicaOpScrubber (BackgroundSCMService.java:start(65)) - Starting ExpiredContainerReplicaOpScrubber Service.
2024-07-10 07:23:15,294 [main] INFO  ha.SCMServiceManager (SCMServiceManager.java:register(42)) - Registering service ExpiredContainerReplicaOpScrubber.
2024-07-10 07:23:15,314 [main] INFO  algorithms.PipelineChoosePolicyFactory (PipelineChoosePolicyFactory.java:createPipelineChoosePolicyFromClass(80)) - Create pipeline choose policy of type org.apache.hadoop.hdds.scm.pipeline.choose.algorithms.RandomPipelineChoosePolicy
2024-07-10 07:23:15,314 [main] INFO  algorithms.PipelineChoosePolicyFactory (PipelineChoosePolicyFactory.java:createPipelineChoosePolicyFromClass(80)) - Create pipeline choose policy of type org.apache.hadoop.hdds.scm.pipeline.choose.algorithms.RandomPipelineChoosePolicy
2024-07-10 07:23:15,336 [main] INFO  ha.SCMServiceManager (SCMServiceManager.java:register(42)) - Registering service SCMBlockDeletingService.
2024-07-10 07:23:15,396 [main] INFO  replication.ReplicationManager (ReplicationManager.java:start(296)) - Starting Replication Monitor Thread.
2024-07-10 07:23:15,397 [main] INFO  ha.SCMServiceManager (SCMServiceManager.java:register(42)) - Registering service ReplicationManager.
2024-07-10 07:23:15,412 [main] INFO  safemode.ContainerSafeModeRule (ContainerSafeModeRule.java:<init>(91)) - containers with one replica threshold count 0
2024-07-10 07:23:15,415 [main] INFO  safemode.HealthyPipelineSafeModeRule (HealthyPipelineSafeModeRule.java:initializeRule(176)) - Total pipeline count is 0, healthy pipeline threshold count is 1
2024-07-10 07:23:15,417 [main] INFO  safemode.OneReplicaPipelineSafeModeRule (OneReplicaPipelineSafeModeRule.java:initializeRule(193)) - Total pipeline count is 0, pipeline's with at least one datanode reported threshold count is 0
2024-07-10 07:23:15,461 [main] INFO  security.SecretKeyManagerService (SecretKeyManagerService.java:start(144)) - Scheduling rotation checker with interval PT0.1S
2024-07-10 07:23:15,462 [main] INFO  ha.SCMServiceManager (SCMServiceManager.java:register(42)) - Registering service SecretKeyManagerService.
2024-07-10 07:23:15,466 [main] INFO  authority.DefaultCAServer (DefaultCAServer.java:lambda$processVerificationStatus$0(397)) - CertificateServer validation is successful
2024-07-10 07:23:15,467 [main] INFO  authority.DefaultCAServer (DefaultCAServer.java:lambda$processVerificationStatus$0(397)) - CertificateServer validation is successful
2024-07-10 07:23:15,470 [main] INFO  server.StorageContainerManager (StorageContainerManager.java:persistPrimarySCMCerts(957)) - Storing sub-ca certificate serialId 2 on primary SCM
2024-07-10 07:23:15,483 [main] INFO  server.SCMCertStore (SCMCertStore.java:storeValidScmCertificate(101)) - Scm certificate 2 for CN=scm-sub@localhost,OU=d38ec341-43ec-4d2c-a000-6eddcfc2f96f,O=e3afc6b0-d37c-4e66-a691-c5585a39a1b5,SERIALNUMBER=2 is stored
2024-07-10 07:23:15,484 [main] INFO  server.StorageContainerManager (StorageContainerManager.java:persistPrimarySCMCerts(964)) - Storing root certificate serialId 1
2024-07-10 07:23:15,487 [main] INFO  server.SCMCertStore (SCMCertStore.java:storeValidScmCertificate(101)) - Scm certificate 1 for CN=scm@fv-az1386-216,OU=d38ec341-43ec-4d2c-a000-6eddcfc2f96f,O=e3afc6b0-d37c-4e66-a691-c5585a39a1b5,SERIALNUMBER=1 is stored
2024-07-10 07:23:15,492 [main] INFO  ha.SequenceIdGenerator (SequenceIdGenerator.java:upgradeToCertificateSequenceId(433)) - upgrade CertificateId to 2
2024-07-10 07:23:15,505 [main] INFO  ipc.CallQueueManager (CallQueueManager.java:<init>(90)) - Using callQueue: class java.util.concurrent.LinkedBlockingQueue, queueCapacity: 200, scheduler: class org.apache.hadoop.ipc.DefaultRpcScheduler, ipcBackoff: false.
2024-07-10 07:23:15,524 [main] INFO  ipc.Server (Server.java:<init>(1287)) - Listener at 0.0.0.0:15002
2024-07-10 07:23:15,525 [Socket Reader #1 for port 15002] INFO  ipc.Server (Server.java:run(1323)) - Starting Socket Reader #1 for port 15002
2024-07-10 07:23:15,546 [main] INFO  server.StorageContainerManager (StorageContainerManager.java:<init>(440)) - SCM start with adminUsers: [runner, scm]
2024-07-10 07:23:15,563 [main] INFO  audit.AuditLogger (AuditLogger.java:refreshDebugCmdSet(135)) - Refresh DebugCmdSet for SCMAudit to [].
2024-07-10 07:23:15,567 [main] INFO  ipc.CallQueueManager (CallQueueManager.java:<init>(90)) - Using callQueue: class java.util.concurrent.LinkedBlockingQueue, queueCapacity: 10000, scheduler: class org.apache.hadoop.ipc.DefaultRpcScheduler, ipcBackoff: false.
2024-07-10 07:23:15,568 [main] INFO  ipc.Server (Server.java:<init>(1287)) - Listener at 0.0.0.0:15004
2024-07-10 07:23:15,568 [Socket Reader #1 for port 15004] INFO  ipc.Server (Server.java:run(1323)) - Starting Socket Reader #1 for port 15004
2024-07-10 07:23:15,589 [main] INFO  audit.AuditLogger (AuditLogger.java:refreshDebugCmdSet(135)) - Refresh DebugCmdSet for SCMAudit to [].
2024-07-10 07:23:15,593 [main] INFO  ipc.CallQueueManager (CallQueueManager.java:<init>(90)) - Using callQueue: class java.util.concurrent.LinkedBlockingQueue, queueCapacity: 10000, scheduler: class org.apache.hadoop.ipc.DefaultRpcScheduler, ipcBackoff: false.
2024-07-10 07:23:15,593 [main] INFO  ipc.Server (Server.java:<init>(1287)) - Listener at 0.0.0.0:15007
2024-07-10 07:23:15,593 [Socket Reader #1 for port 15007] INFO  ipc.Server (Server.java:run(1323)) - Starting Socket Reader #1 for port 15007
2024-07-10 07:23:15,617 [main] INFO  audit.AuditLogger (AuditLogger.java:refreshDebugCmdSet(135)) - Refresh DebugCmdSet for SCMAudit to [].
2024-07-10 07:23:15,627 [main] INFO  ipc.CallQueueManager (CallQueueManager.java:<init>(90)) - Using callQueue: class java.util.concurrent.LinkedBlockingQueue, queueCapacity: 10000, scheduler: class org.apache.hadoop.ipc.DefaultRpcScheduler, ipcBackoff: false.
2024-07-10 07:23:15,628 [main] INFO  ipc.Server (Server.java:<init>(1287)) - Listener at 0.0.0.0:15005
2024-07-10 07:23:15,628 [Socket Reader #1 for port 15005] INFO  ipc.Server (Server.java:run(1323)) - Starting Socket Reader #1 for port 15005
2024-07-10 07:23:15,663 [main] INFO  ha.SCMServiceManager (SCMServiceManager.java:register(42)) - Registering service ContainerBalancer.
2024-07-10 07:23:15,664 [main] INFO  ha.SCMContext (SCMContext.java:updateSafeModeStatus(225)) - Update SafeModeStatus from SafeModeStatus{safeModeStatus=true, preCheckPassed=false} to SafeModeStatus{safeModeStatus=true, preCheckPassed=false}.
2024-07-10 07:23:15,666 [main] INFO  server.StorageContainerManager (StorageContainerManager.java:start(1538)) - StorageContainerLocationProtocol RPC server is listening at /0.0.0.0:15005
2024-07-10 07:23:15,666 [main] INFO  ha.SCMRatisServerImpl (SCMRatisServerImpl.java:start(192)) - starting ratis server 0.0.0.0:15003
2024-07-10 07:23:15,666 [d38ec341-43ec-4d2c-a000-6eddcfc2f96f-impl-thread1] INFO  server.RaftServerConfigKeys (ConfUtils.java:logGet(46)) - raft.server.storage.free-space.min = 0MB (=0) (default)
2024-07-10 07:23:15,666 [d38ec341-43ec-4d2c-a000-6eddcfc2f96f-impl-thread1] INFO  server.RaftServerConfigKeys (ConfUtils.java:logGet(46)) - raft.server.log.corruption.policy = EXCEPTION (default)
2024-07-10 07:23:15,667 [d38ec341-43ec-4d2c-a000-6eddcfc2f96f-impl-thread1] INFO  server.RaftServerConfigKeys (ConfUtils.java:logGet(46)) - raft.server.storage.dir = [/home/runner/work/ozone/ozone/hadoop-ozone/integration-test/target/test-dir/MiniOzoneClusterImpl-e3afc6b0-d37c-4e66-a691-c5585a39a1b5/scmNode-1/scm-ha] (custom)
2024-07-10 07:23:15,668 [d38ec341-43ec-4d2c-a000-6eddcfc2f96f-impl-thread1] INFO  storage.RaftStorageDirectory (RaftStorageDirectoryImpl.java:tryLock(229)) - Lock on /home/runner/work/ozone/ozone/hadoop-ozone/integration-test/target/test-dir/MiniOzoneClusterImpl-e3afc6b0-d37c-4e66-a691-c5585a39a1b5/scmNode-1/scm-ha/e3afc6b0-d37c-4e66-a691-c5585a39a1b5/in_use.lock acquired by nodename 98666@fv-az1386-216
2024-07-10 07:23:15,669 [d38ec341-43ec-4d2c-a000-6eddcfc2f96f-impl-thread1] INFO  storage.RaftStorage (RaftStorageImpl.java:analyzeAndRecoverStorage(118)) - Read RaftStorageMetadata{term=1, votedFor=d38ec341-43ec-4d2c-a000-6eddcfc2f96f} from /home/runner/work/ozone/ozone/hadoop-ozone/integration-test/target/test-dir/MiniOzoneClusterImpl-e3afc6b0-d37c-4e66-a691-c5585a39a1b5/scmNode-1/scm-ha/e3afc6b0-d37c-4e66-a691-c5585a39a1b5/current/raft-meta
2024-07-10 07:23:15,671 [d38ec341-43ec-4d2c-a000-6eddcfc2f96f-impl-thread1] INFO  server.RaftServer$Division (ServerState.java:setRaftConf(386)) - d38ec341-43ec-4d2c-a000-6eddcfc2f96f@group-C5585A39A1B5: set configuration conf: {index: 0, cur=peers:[d38ec341-43ec-4d2c-a000-6eddcfc2f96f|localhost:15003]|listeners:[], old=null}
2024-07-10 07:23:15,671 [d38ec341-43ec-4d2c-a000-6eddcfc2f96f-impl-thread1] INFO  server.RaftServerConfigKeys (ConfUtils.java:logGet(46)) - raft.server.log.use.memory = false (default)
2024-07-10 07:23:15,671 [d38ec341-43ec-4d2c-a000-6eddcfc2f96f-impl-thread1] INFO  server.RaftServerConfigKeys (ConfUtils.java:logGet(46)) - raft.server.log.purge.gap = 1000000 (custom)
2024-07-10 07:23:15,671 [d38ec341-43ec-4d2c-a000-6eddcfc2f96f-impl-thread1] INFO  server.RaftServerConfigKeys (ConfUtils.java:logGet(46)) - raft.server.log.appender.buffer.byte-limit = 4194304 (custom)
2024-07-10 07:23:15,672 [d38ec341-43ec-4d2c-a000-6eddcfc2f96f-impl-thread1] INFO  server.RaftServerConfigKeys (ConfUtils.java:logGet(46)) - raft.server.log.statemachine.data.read.timeout = 1000ms (default)
2024-07-10 07:23:15,672 [d38ec341-43ec-4d2c-a000-6eddcfc2f96f-impl-thread1] INFO  server.RaftServerConfigKeys (ConfUtils.java:logGet(46)) - raft.server.log.purge.preservation.log.num = 0 (default)
2024-07-10 07:23:15,674 [d38ec341-43ec-4d2c-a000-6eddcfc2f96f-impl-thread1] INFO  server.RaftServerConfigKeys (ConfUtils.java:logGet(46)) - raft.server.log.segment.size.max = 4194304 (custom)
2024-07-10 07:23:15,674 [d38ec341-43ec-4d2c-a000-6eddcfc2f96f-impl-thread1] INFO  server.RaftServerConfigKeys (ConfUtils.java:logGet(46)) - raft.server.log.segment.cache.num.max = 2 (custom)
2024-07-10 07:23:15,674 [d38ec341-43ec-4d2c-a000-6eddcfc2f96f-impl-thread1] INFO  server.RaftServerConfigKeys (ConfUtils.java:logGet(46)) - raft.server.log.segment.cache.size.max = 200MB (=209715200) (default)
2024-07-10 07:23:15,674 [d38ec341-43ec-4d2c-a000-6eddcfc2f96f-impl-thread1] INFO  server.RaftServerConfigKeys (ConfUtils.java:logGet(46)) - raft.server.log.appender.buffer.byte-limit = 4194304 (custom)
2024-07-10 07:23:15,678 [d38ec341-43ec-4d2c-a000-6eddcfc2f96f-impl-thread1] INFO  util.AwaitToRun (AwaitToRun.java:start(81)) - Thread[d38ec341-43ec-4d2c-a000-6eddcfc2f96f@group-C5585A39A1B5-cacheEviction-AwaitToRun,5,main] started
2024-07-10 07:23:15,678 [d38ec341-43ec-4d2c-a000-6eddcfc2f96f-impl-thread1] INFO  segmented.SegmentedRaftLogWorker (SegmentedRaftLogWorker.java:<init>(184)) - new d38ec341-43ec-4d2c-a000-6eddcfc2f96f@group-C5585A39A1B5-SegmentedRaftLogWorker for RaftStorageImpl:Storage Directory /home/runner/work/ozone/ozone/hadoop-ozone/integration-test/target/test-dir/MiniOzoneClusterImpl-e3afc6b0-d37c-4e66-a691-c5585a39a1b5/scmNode-1/scm-ha/e3afc6b0-d37c-4e66-a691-c5585a39a1b5
2024-07-10 07:23:15,678 [d38ec341-43ec-4d2c-a000-6eddcfc2f96f-impl-thread1] INFO  server.RaftServerConfigKeys (ConfUtils.java:logGet(46)) - raft.server.log.queue.byte-limit = 64MB (=67108864) (default)
2024-07-10 07:23:15,678 [d38ec341-43ec-4d2c-a000-6eddcfc2f96f-impl-thread1] INFO  server.RaftServerConfigKeys (ConfUtils.java:logGet(46)) - raft.server.log.queue.element-limit = 4096 (default)
2024-07-10 07:23:15,679 [d38ec341-43ec-4d2c-a000-6eddcfc2f96f-impl-thread1] INFO  server.RaftServerConfigKeys (ConfUtils.java:logGet(46)) - raft.server.log.segment.size.max = 4194304 (custom)
2024-07-10 07:23:15,679 [d38ec341-43ec-4d2c-a000-6eddcfc2f96f-impl-thread1] INFO  server.RaftServerConfigKeys (ConfUtils.java:logGet(46)) - raft.server.log.preallocated.size = 4194304 (custom)
2024-07-10 07:23:15,679 [d38ec341-43ec-4d2c-a000-6eddcfc2f96f-impl-thread1] INFO  server.RaftServerConfigKeys (ConfUtils.java:logGet(46)) - raft.server.log.force.sync.num = 128 (default)
2024-07-10 07:23:15,679 [d38ec341-43ec-4d2c-a000-6eddcfc2f96f-impl-thread1] INFO  server.RaftServerConfigKeys (ConfUtils.java:logGet(46)) - raft.server.log.statemachine.data.sync = true (default)
2024-07-10 07:23:15,679 [d38ec341-43ec-4d2c-a000-6eddcfc2f96f-impl-thread1] INFO  server.RaftServerConfigKeys (ConfUtils.java:logGet(46)) - raft.server.log.statemachine.data.sync.timeout = 10s (default)
2024-07-10 07:23:15,679 [d38ec341-43ec-4d2c-a000-6eddcfc2f96f-impl-thread1] INFO  server.RaftServerConfigKeys (ConfUtils.java:logGet(46)) - raft.server.log.statemachine.data.sync.timeout.retry = -1 (default)
2024-07-10 07:23:15,679 [d38ec341-43ec-4d2c-a000-6eddcfc2f96f-impl-thread1] INFO  server.RaftServerConfigKeys (ConfUtils.java:logGet(46)) - raft.server.log.write.buffer.size = 4194312 (custom)
2024-07-10 07:23:15,680 [d38ec341-43ec-4d2c-a000-6eddcfc2f96f-impl-thread1] INFO  server.RaftServerConfigKeys (ConfUtils.java:logGet(46)) - raft.server.log.appender.buffer.byte-limit = 4194304 (custom)
2024-07-10 07:23:15,680 [d38ec341-43ec-4d2c-a000-6eddcfc2f96f-impl-thread1] INFO  server.RaftServerConfigKeys (ConfUtils.java:logGet(46)) - raft.server.log.unsafe-flush.enabled = false (default)
2024-07-10 07:23:15,681 [d38ec341-43ec-4d2c-a000-6eddcfc2f96f-impl-thread1] INFO  server.RaftServerConfigKeys (ConfUtils.java:logGet(46)) - raft.server.log.async-flush.enabled = false (default)
2024-07-10 07:23:15,681 [d38ec341-43ec-4d2c-a000-6eddcfc2f96f-impl-thread1] INFO  server.RaftServerConfigKeys (ConfUtils.java:logGet(46)) - raft.server.log.statemachine.data.caching.enabled = false (default)
2024-07-10 07:23:15,684 [d38ec341-43ec-4d2c-a000-6eddcfc2f96f-impl-thread1] INFO  server.RaftServer$Division (ServerState.java:setRaftConf(386)) - d38ec341-43ec-4d2c-a000-6eddcfc2f96f@group-C5585A39A1B5: set configuration conf: {index: 0, cur=peers:[d38ec341-43ec-4d2c-a000-6eddcfc2f96f|localhost:15003]|listeners:[], old=null}
2024-07-10 07:23:15,685 [d38ec341-43ec-4d2c-a000-6eddcfc2f96f-impl-thread1] INFO  segmented.LogSegment (LogSegment.java:loadSegment(175)) - Successfully read 1 entries from segment file /home/runner/work/ozone/ozone/hadoop-ozone/integration-test/target/test-dir/MiniOzoneClusterImpl-e3afc6b0-d37c-4e66-a691-c5585a39a1b5/scmNode-1/scm-ha/e3afc6b0-d37c-4e66-a691-c5585a39a1b5/current/log_inprogress_0
2024-07-10 07:23:15,685 [d38ec341-43ec-4d2c-a000-6eddcfc2f96f-impl-thread1] INFO  segmented.SegmentedRaftLogWorker (SegmentedRaftLogWorker.java:lambda$new$0(135)) - d38ec341-43ec-4d2c-a000-6eddcfc2f96f@group-C5585A39A1B5-SegmentedRaftLogWorker: safeCacheEvictIndex: setUnconditionally 0 -> -1
2024-07-10 07:23:15,685 [d38ec341-43ec-4d2c-a000-6eddcfc2f96f-impl-thread1] INFO  segmented.BufferedWriteChannel (BufferedWriteChannel.java:open(61)) - open log_inprogress_0 (append) at position 76
2024-07-10 07:23:15,687 [d38ec341-43ec-4d2c-a000-6eddcfc2f96f-impl-thread1] INFO  server.RaftServer$Division (RaftServerImpl.java:start(389)) - d38ec341-43ec-4d2c-a000-6eddcfc2f96f@group-C5585A39A1B5: start as a follower, conf=conf: {index: 0, cur=peers:[d38ec341-43ec-4d2c-a000-6eddcfc2f96f|localhost:15003]|listeners:[], old=null}
2024-07-10 07:23:15,687 [d38ec341-43ec-4d2c-a000-6eddcfc2f96f-impl-thread1] INFO  server.RaftServer$Division (RaftServerImpl.java:setRole(376)) - d38ec341-43ec-4d2c-a000-6eddcfc2f96f@group-C5585A39A1B5: changes role from      null to FOLLOWER at term 1 for startAsFollower
2024-07-10 07:23:15,688 [d38ec341-43ec-4d2c-a000-6eddcfc2f96f-impl-thread1] INFO  impl.RoleInfo (RoleInfo.java:updateAndGet(148)) - d38ec341-43ec-4d2c-a000-6eddcfc2f96f: start d38ec341-43ec-4d2c-a000-6eddcfc2f96f@group-C5585A39A1B5-FollowerState
2024-07-10 07:23:15,690 [d38ec341-43ec-4d2c-a000-6eddcfc2f96f@group-C5585A39A1B5-FollowerState] INFO  server.RaftServerConfigKeys (ConfUtils.java:logFallback(53)) - raft.server.rpc.first-election.timeout.min = 5000ms (fallback to raft.server.rpc.timeout.min)
2024-07-10 07:23:15,690 [d38ec341-43ec-4d2c-a000-6eddcfc2f96f@group-C5585A39A1B5-FollowerState] INFO  server.RaftServerConfigKeys (ConfUtils.java:logFallback(53)) - raft.server.rpc.first-election.timeout.max = 5200ms (fallback to raft.server.rpc.timeout.max)
2024-07-10 07:23:15,691 [d38ec341-43ec-4d2c-a000-6eddcfc2f96f-impl-thread1] INFO  util.JmxRegister (JmxRegister.java:tryRegister(44)) - Successfully registered JMX Bean with object name Ratis:service=RaftServer,group=group-C5585A39A1B5,id=d38ec341-43ec-4d2c-a000-6eddcfc2f96f
2024-07-10 07:23:15,691 [d38ec341-43ec-4d2c-a000-6eddcfc2f96f-impl-thread1] INFO  util.JmxRegister (JmxRegister.java:register(58)) - register mxBean class org.apache.ratis.server.impl.RaftServerJmxAdapter as Ratis:service=RaftServer,group=group-C5585A39A1B5,id=d38ec341-43ec-4d2c-a000-6eddcfc2f96f
2024-07-10 07:23:15,691 [d38ec341-43ec-4d2c-a000-6eddcfc2f96f-impl-thread1] INFO  server.RaftServerConfigKeys (ConfUtils.java:logGet(46)) - raft.server.snapshot.trigger-when-stop.enabled = true (default)
2024-07-10 07:23:15,691 [d38ec341-43ec-4d2c-a000-6eddcfc2f96f-impl-thread1] INFO  server.RaftServerConfigKeys (ConfUtils.java:logGet(46)) - raft.server.snapshot.trigger-when-remove.enabled = true (default)
2024-07-10 07:23:15,691 [d38ec341-43ec-4d2c-a000-6eddcfc2f96f-impl-thread1] INFO  server.RaftServerConfigKeys (ConfUtils.java:logGet(46)) - raft.server.snapshot.auto.trigger.enabled = true (custom)
2024-07-10 07:23:15,691 [d38ec341-43ec-4d2c-a000-6eddcfc2f96f-impl-thread1] INFO  server.RaftServerConfigKeys (ConfUtils.java:logGet(46)) - raft.server.snapshot.auto.trigger.threshold = 1000 (custom)
2024-07-10 07:23:15,691 [d38ec341-43ec-4d2c-a000-6eddcfc2f96f-impl-thread1] INFO  server.RaftServerConfigKeys (ConfUtils.java:logGet(46)) - raft.server.snapshot.retention.file.num = -1 (default)
2024-07-10 07:23:15,691 [d38ec341-43ec-4d2c-a000-6eddcfc2f96f-impl-thread1] INFO  server.RaftServerConfigKeys (ConfUtils.java:logGet(46)) - raft.server.log.purge.upto.snapshot.index = false (default)
2024-07-10 07:23:15,695 [main] INFO  server.RaftServer (RaftServerProxy.java:startImpl(408)) - d38ec341-43ec-4d2c-a000-6eddcfc2f96f: start RPC server
2024-07-10 07:23:15,696 [main] INFO  server.GrpcService (GrpcService.java:startImpl(302)) - d38ec341-43ec-4d2c-a000-6eddcfc2f96f: GrpcService started, listening on 15003
2024-07-10 07:23:15,698 [JvmPauseMonitor1] INFO  util.JvmPauseMonitor (JvmPauseMonitor.java:run(146)) - JvmPauseMonitor-d38ec341-43ec-4d2c-a000-6eddcfc2f96f: Started
2024-07-10 07:23:15,703 [main] INFO  ha.SCMHAManagerImpl (SCMHAManagerImpl.java:start(144)) -  scm role is FOLLOWER peers [d38ec341-43ec-4d2c-a000-6eddcfc2f96f|localhost:15003]
2024-07-10 07:23:15,703 [main] INFO  ha.InterSCMGrpcService (InterSCMGrpcProtocolService.java:start(101)) - Starting SCM Grpc Service at port 15006
2024-07-10 07:23:15,704 [main] INFO  SCMHATransactionMonitor (BackgroundSCMService.java:start(65)) - Starting SCMHATransactionMonitor Service.
2024-07-10 07:23:15,705 [main] INFO  ha.SCMServiceManager (SCMServiceManager.java:register(42)) - Registering service SCMHATransactionMonitor.
2024-07-10 07:23:15,705 [main] INFO  SCMHATransactionMonitor (BackgroundSCMService.java:start(62)) - SCMHATransactionMonitor Service is already running, skip start.
2024-07-10 07:23:15,742 [main] WARN  impl.MetricsConfig (MetricsConfig.java:loadFirst(136)) - Cannot locate configuration: tried hadoop-metrics2-storagecontainermanager.properties,hadoop-metrics2.properties
2024-07-10 07:23:15,750 [main] INFO  impl.MetricsSystemImpl (MetricsSystemImpl.java:startTimer(378)) - Scheduled Metric snapshot period at 10 second(s).
2024-07-10 07:23:15,750 [main] INFO  impl.MetricsSystemImpl (MetricsSystemImpl.java:start(191)) - StorageContainerManager metrics system started
2024-07-10 07:23:15,797 [main] INFO  server.SCMClientProtocolServer (SCMClientProtocolServer.java:start(204)) - RPC server for Client  is listening at /0.0.0.0:15005
2024-07-10 07:23:15,797 [IPC Server Responder] INFO  ipc.Server (Server.java:run(1562)) - IPC Server Responder: starting
2024-07-10 07:23:15,797 [IPC Server listener on 15005] INFO  ipc.Server (Server.java:run(1402)) - IPC Server listener on 15005: starting
2024-07-10 07:23:15,815 [main] INFO  server.StorageContainerManager (StorageContainerManager.java:start(1551)) - ScmBlockLocationProtocol RPC server is listening at /0.0.0.0:15007
2024-07-10 07:23:15,816 [main] INFO  server.SCMBlockProtocolServer (SCMBlockProtocolServer.java:start(167)) - RPC server for Block Protocol is listening at /0.0.0.0:15007
2024-07-10 07:23:15,816 [IPC Server Responder] INFO  ipc.Server (Server.java:run(1562)) - IPC Server Responder: starting
2024-07-10 07:23:15,816 [IPC Server listener on 15007] INFO  ipc.Server (Server.java:run(1402)) - IPC Server listener on 15007: starting
2024-07-10 07:23:15,832 [main] INFO  server.SCMSecurityProtocolServer (SCMSecurityProtocolServer.java:start(504)) - Starting RPC server for SCMSecurityProtocolServer. is listening at /0.0.0.0:15002
2024-07-10 07:23:15,833 [IPC Server Responder] INFO  ipc.Server (Server.java:run(1562)) - IPC Server Responder: starting
2024-07-10 07:23:15,833 [IPC Server listener on 15002] INFO  ipc.Server (Server.java:run(1402)) - IPC Server listener on 15002: starting
2024-07-10 07:23:15,844 [main] INFO  http.BaseHttpServer (BaseHttpServer.java:newHttpServer2BuilderForOzone(223)) - Starting Web-server for scm at: http://0.0.0.0:15000
2024-07-10 07:23:15,844 [main] INFO  http.BaseHttpServer (BaseHttpServer.java:<init>(110)) - Hadoop Security Enabled: true Ozone Security Enabled: true Ozone HTTP Security Enabled: false 
2024-07-10 07:23:15,864 [main] INFO  util.log (Log.java:initialized(170)) - Logging initialized @11661ms to org.eclipse.jetty.util.log.Slf4jLog
2024-07-10 07:23:15,930 [main] WARN  server.AuthenticationFilter (AuthenticationFilter.java:constructSecretProvider(240)) - Unable to initialize FileSignerSecretProvider, falling back to use random secrets. Reason: Could not read signature secret file: /home/runner/hadoop-http-auth-signature-secret
2024-07-10 07:23:15,935 [main] INFO  http.HttpRequestLog (HttpRequestLog.java:getRequestLog(86)) - Http request log for http.requests.scm is not defined
2024-07-10 07:23:15,939 [main] INFO  http.HttpServer2 (HttpServer2.java:addGlobalFilter(1036)) - Added global filter 'safety' (class=org.apache.hadoop.hdds.server.http.HttpServer2$QuotingInputFilter)
2024-07-10 07:23:15,941 [main] INFO  http.HttpServer2 (HttpServer2.java:addFilter(1012)) - Added filter static_user_filter (class=org.apache.hadoop.http.lib.StaticUserWebFilter$StaticUserFilter) to context scm
2024-07-10 07:23:15,942 [main] INFO  http.HttpServer2 (HttpServer2.java:addFilter(1020)) - Added filter static_user_filter (class=org.apache.hadoop.http.lib.StaticUserWebFilter$StaticUserFilter) to context static
2024-07-10 07:23:15,942 [main] INFO  http.HttpServer2 (HttpServer2.java:addFilter(1020)) - Added filter static_user_filter (class=org.apache.hadoop.http.lib.StaticUserWebFilter$StaticUserFilter) to context logs
2024-07-10 07:23:15,968 [main] INFO  http.BaseHttpServer (BaseHttpServer.java:<init>(189)) - HTTP server of scm uses base directory /home/runner/work/ozone/ozone/hadoop-ozone/integration-test/target/test-dir/MiniOzoneClusterImpl-e3afc6b0-d37c-4e66-a691-c5585a39a1b5/scmNode-1/webserver
2024-07-10 07:23:15,969 [main] INFO  http.HttpServer2 (HttpServer2.java:bindListener(1236)) - Jetty bound to port 15000
2024-07-10 07:23:15,969 [main] INFO  server.Server (Server.java:doStart(375)) - jetty-9.4.55.v20240627; built: 2024-06-27T15:05:37.765Z; git: 70015831e5195ba74da6383c4ab7c90c56bb08af; jvm 17.0.11+9
2024-07-10 07:23:15,998 [main] INFO  server.session (DefaultSessionIdManager.java:doStart(334)) - DefaultSessionIdManager workerName=node0
2024-07-10 07:23:15,998 [main] INFO  server.session (DefaultSessionIdManager.java:doStart(339)) - No SessionScavenger set, using defaults
2024-07-10 07:23:16,000 [main] INFO  server.session (HouseKeeper.java:startScavenging(132)) - node0 Scavenging every 660000ms
2024-07-10 07:23:16,008 [main] INFO  handler.ContextHandler (ContextHandler.java:doStart(921)) - Started o.e.j.s.ServletContextHandler@275ff5f8{logs,/logs,file:///home/runner/work/ozone/ozone/hadoop-ozone/integration-test/target/log,AVAILABLE}
2024-07-10 07:23:16,008 [main] INFO  handler.ContextHandler (ContextHandler.java:doStart(921)) - Started o.e.j.s.ServletContextHandler@3d306fd5{static,/static,file:///home/runner/work/ozone/ozone/hadoop-ozone/integration-test/target/test-classes/webapps/static,AVAILABLE}
2024-07-10 07:23:16,043 [main] INFO  handler.ContextHandler (ContextHandler.java:doStart(921)) - Started o.e.j.w.WebAppContext@2ab0ca04{scm,/,file:///home/runner/work/ozone/ozone/hadoop-ozone/integration-test/target/test-classes/webapps/scm/,AVAILABLE}{file:/home/runner/work/ozone/ozone/hadoop-ozone/integration-test/target/test-classes/webapps/scm}
2024-07-10 07:23:16,048 [main] INFO  server.AbstractConnector (AbstractConnector.java:doStart(333)) - Started ServerConnector@61ee9672{HTTP/1.1, (http/1.1)}{0.0.0.0:15000}
2024-07-10 07:23:16,048 [main] INFO  server.Server (Server.java:doStart(415)) - Started @11845ms
2024-07-10 07:23:16,050 [main] INFO  impl.MetricsSinkAdapter (MetricsSinkAdapter.java:start(204)) - Sink prometheus started
2024-07-10 07:23:16,050 [main] INFO  impl.MetricsSystemImpl (MetricsSystemImpl.java:registerSink(305)) - Registered sink prometheus
2024-07-10 07:23:16,051 [main] INFO  http.BaseHttpServer (BaseHttpServer.java:updateConnectorAddress(354)) - HTTP server of scm listening at http://0.0.0.0:15000
2024-07-10 07:23:16,055 [main] INFO  db.CodecBuffer (CodecBuffer.java:set(63)) - Successfully set constructor to org.apache.hadoop.hdds.utils.db.CodecBuffer$$Lambda$1321/0x00007fd08c754150@16c559c7
2024-07-10 07:23:16,055 [main] INFO  ozone.MiniOzoneHAClusterImpl (MiniOzoneHAClusterImpl.java:createSCMService(590)) - Started SCM RPC server at /0.0.0.0:15005
2024-07-10 07:23:16,056 [main] WARN  server.ServerUtils (ServerUtils.java:getScmDbDir(143)) - ozone.scm.db.dirs is not configured. We recommend adding this setting. Falling back to ozone.metadata.dirs instead.
2024-07-10 07:23:16,057 [main] INFO  ha.SCMHANodeDetails (SCMHANodeDetails.java:loadSCMHAConfig(207)) - ServiceID for StorageContainerManager is TestSecretKey
2024-07-10 07:23:16,057 [main] INFO  ha.SCMHANodeDetails (SCMHANodeDetails.java:loadSCMHAConfig(218)) - ServiceID for StorageContainerManager is TestSecretKey
2024-07-10 07:23:16,057 [main] WARN  scm.ScmUtils (ScmUtils.java:logWarn(165)) - ConfigKey ozone.scm.block.client.address is deprecated, For configuring different ports for each SCM use PortConfigKey ozone.scm.block.client.port appended with serviceId and nodeId. If want to configure same port configure ozone.scm.block.client.port
2024-07-10 07:23:16,058 [main] WARN  scm.ScmUtils (ScmUtils.java:logWarn(165)) - ConfigKey ozone.scm.client.address is deprecated, For configuring different ports for each SCM use PortConfigKey ozone.scm.client.port appended with serviceId and nodeId. If want to configure same port configure ozone.scm.client.port
2024-07-10 07:23:16,058 [main] WARN  scm.ScmUtils (ScmUtils.java:logWarn(165)) - ConfigKey ozone.scm.datanode.address is deprecated, For configuring different ports for each SCM use PortConfigKey ozone.scm.datanode.port appended with serviceId and nodeId. If want to configure same port configure ozone.scm.datanode.port
2024-07-10 07:23:16,059 [main] WARN  scm.ScmUtils (ScmUtils.java:logWarn(165)) - ConfigKey ozone.scm.block.client.address is deprecated, For configuring different ports for each SCM use PortConfigKey ozone.scm.block.client.port appended with serviceId and nodeId. If want to configure same port configure ozone.scm.block.client.port
2024-07-10 07:23:16,060 [main] WARN  scm.ScmUtils (ScmUtils.java:logWarn(165)) - ConfigKey ozone.scm.client.address is deprecated, For configuring different ports for each SCM use PortConfigKey ozone.scm.client.port appended with serviceId and nodeId. If want to configure same port configure ozone.scm.client.port
2024-07-10 07:23:16,060 [main] WARN  scm.ScmUtils (ScmUtils.java:logWarn(165)) - ConfigKey ozone.scm.datanode.address is deprecated, For configuring different ports for each SCM use PortConfigKey ozone.scm.datanode.port appended with serviceId and nodeId. If want to configure same port configure ozone.scm.datanode.port
2024-07-10 07:23:16,061 [main] INFO  ha.SCMHANodeDetails (SCMHANodeDetails.java:loadSCMHAConfig(305)) - Found matching SCM address with SCMServiceId: TestSecretKey, SCMNodeId: scmNode-2, RPC Address: localhost:15011 and Ratis port: 15011
2024-07-10 07:23:16,061 [main] INFO  ha.SCMHANodeDetails (ConfUtils.java:setNodeSpecificConfigs(97)) - Setting configuration key ozone.scm.datanode.address with value of key ozone.scm.datanode.address.TestSecretKey.scmNode-2: 127.0.0.1:15012
2024-07-10 07:23:16,061 [main] INFO  ha.SCMHANodeDetails (ConfUtils.java:setNodeSpecificConfigs(97)) - Setting configuration key ozone.scm.block.client.address with value of key ozone.scm.block.client.address.TestSecretKey.scmNode-2: 127.0.0.1:15015
2024-07-10 07:23:16,062 [main] INFO  ha.SCMHANodeDetails (ConfUtils.java:setNodeSpecificConfigs(97)) - Setting configuration key ozone.scm.client.address with value of key ozone.scm.client.address.TestSecretKey.scmNode-2: 127.0.0.1:15013
2024-07-10 07:23:16,062 [main] INFO  ha.SCMHANodeDetails (ConfUtils.java:setNodeSpecificConfigs(97)) - Setting configuration key ozone.scm.security.service.address with value of key ozone.scm.security.service.address.TestSecretKey.scmNode-2: 127.0.0.1:15010
2024-07-10 07:23:16,063 [main] INFO  ha.SCMHANodeDetails (ConfUtils.java:setNodeSpecificConfigs(97)) - Setting configuration key ozone.scm.ratis.port with value of key ozone.scm.ratis.port.TestSecretKey.scmNode-2: 15011
2024-07-10 07:23:16,063 [main] INFO  ha.SCMHANodeDetails (ConfUtils.java:setNodeSpecificConfigs(97)) - Setting configuration key ozone.scm.grpc.port with value of key ozone.scm.grpc.port.TestSecretKey.scmNode-2: 15014
2024-07-10 07:23:16,064 [main] INFO  ha.SCMHANodeDetails (ConfUtils.java:setNodeSpecificConfigs(97)) - Setting configuration key ozone.scm.http-address with value of key ozone.scm.http-address.TestSecretKey.scmNode-2: 127.0.0.1:15008
2024-07-10 07:23:16,064 [main] INFO  ha.SCMHANodeDetails (ConfUtils.java:setNodeSpecificConfigs(97)) - Setting configuration key ozone.scm.https-address with value of key ozone.scm.https-address.TestSecretKey.scmNode-2: 127.0.0.1:15009
2024-07-10 07:23:16,064 [main] INFO  ha.SCMHANodeDetails (ConfUtils.java:setNodeSpecificConfigs(97)) - Setting configuration key ozone.scm.address with value of key ozone.scm.address.TestSecretKey.scmNode-2: 127.0.0.1
2024-07-10 07:23:16,064 [main] WARN  scm.ScmUtils (ScmUtils.java:logWarn(165)) - ConfigKey ozone.scm.block.client.address is deprecated, For configuring different ports for each SCM use PortConfigKey ozone.scm.block.client.port appended with serviceId and nodeId. If want to configure same port configure ozone.scm.block.client.port
2024-07-10 07:23:16,065 [main] WARN  scm.ScmUtils (ScmUtils.java:logWarn(165)) - ConfigKey ozone.scm.client.address is deprecated, For configuring different ports for each SCM use PortConfigKey ozone.scm.client.port appended with serviceId and nodeId. If want to configure same port configure ozone.scm.client.port
2024-07-10 07:23:16,065 [main] WARN  scm.ScmUtils (ScmUtils.java:logWarn(165)) - ConfigKey ozone.scm.datanode.address is deprecated, For configuring different ports for each SCM use PortConfigKey ozone.scm.datanode.port appended with serviceId and nodeId. If want to configure same port configure ozone.scm.datanode.port
2024-07-10 07:23:16,066 [main] INFO  ha.SCMNodeInfo (SCMNodeInfo.java:getPort(197)) - ConfigKey ozone.scm.client.address is deprecated, For configuring different ports for each SCM use PortConfigKey ozone.scm.client.port appended with serviceId and nodeId
2024-07-10 07:23:16,067 [main] INFO  ha.SCMNodeInfo (SCMNodeInfo.java:getPort(197)) - ConfigKey ozone.scm.block.client.address is deprecated, For configuring different ports for each SCM use PortConfigKey ozone.scm.block.client.port appended with serviceId and nodeId
2024-07-10 07:23:16,067 [main] INFO  ha.SCMNodeInfo (SCMNodeInfo.java:getPort(197)) - ConfigKey ozone.scm.security.service.address is deprecated, For configuring different ports for each SCM use PortConfigKey ozone.scm.security.service.port appended with serviceId and nodeId
2024-07-10 07:23:16,067 [main] INFO  ha.SCMNodeInfo (SCMNodeInfo.java:getPort(197)) - ConfigKey ozone.scm.datanode.address is deprecated, For configuring different ports for each SCM use PortConfigKey ozone.scm.datanode.port appended with serviceId and nodeId
2024-07-10 07:23:16,067 [main] INFO  ha.SCMNodeInfo (SCMNodeInfo.java:getPort(197)) - ConfigKey ozone.scm.client.address is deprecated, For configuring different ports for each SCM use PortConfigKey ozone.scm.client.port appended with serviceId and nodeId
2024-07-10 07:23:16,067 [main] INFO  ha.SCMNodeInfo (SCMNodeInfo.java:getPort(197)) - ConfigKey ozone.scm.block.client.address is deprecated, For configuring different ports for each SCM use PortConfigKey ozone.scm.block.client.port appended with serviceId and nodeId
2024-07-10 07:23:16,068 [main] INFO  ha.SCMNodeInfo (SCMNodeInfo.java:getPort(197)) - ConfigKey ozone.scm.security.service.address is deprecated, For configuring different ports for each SCM use PortConfigKey ozone.scm.security.service.port appended with serviceId and nodeId
2024-07-10 07:23:16,068 [main] INFO  ha.SCMNodeInfo (SCMNodeInfo.java:getPort(197)) - ConfigKey ozone.scm.datanode.address is deprecated, For configuring different ports for each SCM use PortConfigKey ozone.scm.datanode.port appended with serviceId and nodeId
2024-07-10 07:23:16,069 [main] INFO  ha.SCMNodeInfo (SCMNodeInfo.java:getPort(197)) - ConfigKey ozone.scm.client.address is deprecated, For configuring different ports for each SCM use PortConfigKey ozone.scm.client.port appended with serviceId and nodeId
2024-07-10 07:23:16,069 [main] INFO  ha.SCMNodeInfo (SCMNodeInfo.java:getPort(197)) - ConfigKey ozone.scm.block.client.address is deprecated, For configuring different ports for each SCM use PortConfigKey ozone.scm.block.client.port appended with serviceId and nodeId
2024-07-10 07:23:16,069 [main] INFO  ha.SCMNodeInfo (SCMNodeInfo.java:getPort(197)) - ConfigKey ozone.scm.security.service.address is deprecated, For configuring different ports for each SCM use PortConfigKey ozone.scm.security.service.port appended with serviceId and nodeId
2024-07-10 07:23:16,069 [main] INFO  ha.SCMNodeInfo (SCMNodeInfo.java:getPort(197)) - ConfigKey ozone.scm.datanode.address is deprecated, For configuring different ports for each SCM use PortConfigKey ozone.scm.datanode.port appended with serviceId and nodeId
2024-07-10 07:23:16,073 [pool-1-thread-1] INFO  request.KdcRequest (KdcRequest.java:preauth(651)) - The preauth data is empty.
2024-07-10 07:23:16,074 [pool-1-thread-1] INFO  server.KdcHandler (KdcHandler.java:handleRecoverableException(177)) - KRB error occurred while processing request:Additional pre-authentication required
2024-07-10 07:23:16,088 [pool-1-thread-1] INFO  request.AsRequest (AsRequest.java:issueTicket(112)) - AS_REQ ISSUE: authtime 1720596196087,scm/fv-az1386-216.klszfsxs10seni2gsqlth152tc.dx.internal.cloudapp.net@EXAMPLE.COM for krbtgt/EXAMPLE.COM@EXAMPLE.COM
2024-07-10 07:23:16,090 [main] INFO  security.UserGroupInformation (UserGroupInformation.java:loginUserFromKeytab(1132)) - Login successful for user scm/fv-az1386-216.klszfsxs10seni2gsqlth152tc.dx.internal.cloudapp.net@EXAMPLE.COM using keytab file scm.keytab. Keytab auto renewal enabled : false
2024-07-10 07:23:16,091 [main] INFO  server.StorageContainerManager (StorageContainerManager.java:loginAsSCMUserIfSecurityEnabled(1069)) - SCM login successful.
2024-07-10 07:23:16,096 [main] INFO  ha.SCMNodeInfo (SCMNodeInfo.java:getPort(197)) - ConfigKey ozone.scm.client.address is deprecated, For configuring different ports for each SCM use PortConfigKey ozone.scm.client.port appended with serviceId and nodeId
2024-07-10 07:23:16,096 [main] INFO  ha.SCMNodeInfo (SCMNodeInfo.java:getPort(197)) - ConfigKey ozone.scm.block.client.address is deprecated, For configuring different ports for each SCM use PortConfigKey ozone.scm.block.client.port appended with serviceId and nodeId
2024-07-10 07:23:16,096 [main] INFO  ha.SCMNodeInfo (SCMNodeInfo.java:getPort(197)) - ConfigKey ozone.scm.security.service.address is deprecated, For configuring different ports for each SCM use PortConfigKey ozone.scm.security.service.port appended with serviceId and nodeId
2024-07-10 07:23:16,096 [main] INFO  ha.SCMNodeInfo (SCMNodeInfo.java:getPort(197)) - ConfigKey ozone.scm.datanode.address is deprecated, For configuring different ports for each SCM use PortConfigKey ozone.scm.datanode.port appended with serviceId and nodeId
2024-07-10 07:23:16,096 [main] INFO  ha.SCMNodeInfo (SCMNodeInfo.java:getPort(197)) - ConfigKey ozone.scm.client.address is deprecated, For configuring different ports for each SCM use PortConfigKey ozone.scm.client.port appended with serviceId and nodeId
2024-07-10 07:23:16,097 [main] INFO  ha.SCMNodeInfo (SCMNodeInfo.java:getPort(197)) - ConfigKey ozone.scm.block.client.address is deprecated, For configuring different ports for each SCM use PortConfigKey ozone.scm.block.client.port appended with serviceId and nodeId
2024-07-10 07:23:16,097 [main] INFO  ha.SCMNodeInfo (SCMNodeInfo.java:getPort(197)) - ConfigKey ozone.scm.security.service.address is deprecated, For configuring different ports for each SCM use PortConfigKey ozone.scm.security.service.port appended with serviceId and nodeId
2024-07-10 07:23:16,097 [main] INFO  ha.SCMNodeInfo (SCMNodeInfo.java:getPort(197)) - ConfigKey ozone.scm.datanode.address is deprecated, For configuring different ports for each SCM use PortConfigKey ozone.scm.datanode.port appended with serviceId and nodeId
2024-07-10 07:23:16,097 [main] INFO  proxy.SCMBlockLocationFailoverProxyProvider (SCMBlockLocationFailoverProxyProvider.java:<init>(115)) - Created block location fail-over proxy with 2 nodes: [nodeId=scmNode-3,nodeAddress=/127.0.0.1:15023, nodeId=scmNode-1,nodeAddress=/127.0.0.1:15007]
2024-07-10 07:23:16,185 [pool-1-thread-1] INFO  request.TgsRequest (TgsRequest.java:issueTicket(115)) - TGS_REQ ISSUE: authtime 1720596196184,scm/fv-az1386-216.klszfsxs10seni2gsqlth152tc.dx.internal.cloudapp.net for scm/fv-az1386-216.klszfsxs10seni2gsqlth152tc.dx.internal.cloudapp.net@EXAMPLE.COM
2024-07-10 07:23:16,195 [pool-1-thread-2] INFO  request.TgsRequest (TgsRequest.java:issueTicket(115)) - TGS_REQ ISSUE: authtime 1720596196195,scm/fv-az1386-216.klszfsxs10seni2gsqlth152tc.dx.internal.cloudapp.net for scm/fv-az1386-216.klszfsxs10seni2gsqlth152tc.dx.internal.cloudapp.net@EXAMPLE.COM
2024-07-10 07:23:16,207 [Socket Reader #1 for port 15007] INFO  ipc.Server (Server.java:saslProcess(2139)) - Auth successful for scm/fv-az1386-216.klszfsxs10seni2gsqlth152tc.dx.internal.cloudapp.net@EXAMPLE.COM (auth:KERBEROS) from fv-az1386-216.klszfsxs10seni2gsqlth152tc.dx.internal.cloudapp.net:34085 / 10.1.0.19:34085
2024-07-10 07:23:16,208 [Socket Reader #1 for port 15002] INFO  ipc.Server (Server.java:saslProcess(2139)) - Auth successful for scm/fv-az1386-216.klszfsxs10seni2gsqlth152tc.dx.internal.cloudapp.net@EXAMPLE.COM (auth:KERBEROS) from fv-az1386-216.klszfsxs10seni2gsqlth152tc.dx.internal.cloudapp.net:46869 / 10.1.0.19:46869
2024-07-10 07:23:16,217 [Socket Reader #1 for port 15002] INFO  authorize.ServiceAuthorizationManager (ServiceAuthorizationManager.java:authorize(137)) - Authorization successful for scm/fv-az1386-216.klszfsxs10seni2gsqlth152tc.dx.internal.cloudapp.net@EXAMPLE.COM (auth:KERBEROS) for protocol=interface org.apache.hadoop.hdds.protocol.SCMSecurityProtocol
2024-07-10 07:23:16,219 [Socket Reader #1 for port 15007] INFO  authorize.ServiceAuthorizationManager (ServiceAuthorizationManager.java:authorize(137)) - Authorization successful for scm/fv-az1386-216.klszfsxs10seni2gsqlth152tc.dx.internal.cloudapp.net@EXAMPLE.COM (auth:KERBEROS) for protocol=interface org.apache.hadoop.hdds.scm.protocol.ScmBlockLocationProtocol
2024-07-10 07:23:16,291 [IPC Server handler 0 on default port 15002] INFO  ipc.Server (Server.java:logException(3109)) - IPC Server handler 0 on default port 15002, call Call#0 Retry#0 org.apache.hadoop.hdds.protocol.SCMSecurityProtocol.submitRequest from fv-az1386-216.klszfsxs10seni2gsqlth152tc.dx.internal.cloudapp.net:46869 / 10.1.0.19:46869
org.apache.hadoop.hdds.ratis.ServerNotLeaderException: Server:d38ec341-43ec-4d2c-a000-6eddcfc2f96f is not the leader. Could not determine the leader node.
	at org.apache.hadoop.hdds.ratis.ServerNotLeaderException.convertToNotLeaderException(ServerNotLeaderException.java:105)
	at org.apache.hadoop.hdds.scm.ha.RatisUtil.checkRatisException(RatisUtil.java:246)
	at org.apache.hadoop.hdds.scm.protocol.SCMSecurityProtocolServerSideTranslatorPB.submitRequest(SCMSecurityProtocolServerSideTranslatorPB.java:83)
	at org.apache.hadoop.hdds.protocol.proto.SCMSecurityProtocolProtos$SCMSecurityProtocolService$2.callBlockingMethod(SCMSecurityProtocolProtos.java:18942)
	at org.apache.hadoop.ipc.ProtobufRpcEngine$Server.processCall(ProtobufRpcEngine.java:484)
	at org.apache.hadoop.ipc.ProtobufRpcEngine2$Server$ProtoBufRpcInvoker.call(ProtobufRpcEngine2.java:595)
	at org.apache.hadoop.ipc.ProtobufRpcEngine2$Server$ProtoBufRpcInvoker.call(ProtobufRpcEngine2.java:573)
	at org.apache.hadoop.ipc.RPC$Server.call(RPC.java:1227)
	at org.apache.hadoop.ipc.Server$RpcCall.run(Server.java:1094)
	at org.apache.hadoop.ipc.Server$RpcCall.run(Server.java:1017)
	at java.base/java.security.AccessController.doPrivileged(AccessController.java:712)
	at java.base/javax.security.auth.Subject.doAs(Subject.java:439)
	at org.apache.hadoop.security.UserGroupInformation.doAs(UserGroupInformation.java:1899)
	at org.apache.hadoop.ipc.Server$Handler.run(Server.java:3048)
2024-07-10 07:23:20,299 [main] INFO  retry.RetryInvocationHandler (RetryInvocationHandler.java:log(422)) - com.google.protobuf.ServiceException: org.apache.hadoop.ipc.RemoteException(org.apache.hadoop.hdds.ratis.ServerNotLeaderException): Server:d38ec341-43ec-4d2c-a000-6eddcfc2f96f is not the leader. Could not determine the leader node.
	at org.apache.hadoop.hdds.ratis.ServerNotLeaderException.convertToNotLeaderException(ServerNotLeaderException.java:105)
	at org.apache.hadoop.hdds.scm.ha.RatisUtil.checkRatisException(RatisUtil.java:246)
	at org.apache.hadoop.hdds.scm.protocol.ScmBlockLocationProtocolServerSideTranslatorPB.send(ScmBlockLocationProtocolServerSideTranslatorPB.java:111)
	at org.apache.hadoop.hdds.protocol.proto.ScmBlockLocationProtocolProtos$ScmBlockLocationProtocolService$2.callBlockingMethod(ScmBlockLocationProtocolProtos.java:15776)
	at org.apache.hadoop.ipc.ProtobufRpcEngine$Server.processCall(ProtobufRpcEngine.java:484)
	at org.apache.hadoop.ipc.ProtobufRpcEngine2$Server$ProtoBufRpcInvoker.call(ProtobufRpcEngine2.java:595)
	at org.apache.hadoop.ipc.ProtobufRpcEngine2$Server$ProtoBufRpcInvoker.call(ProtobufRpcEngine2.java:573)
	at org.apache.hadoop.ipc.RPC$Server.call(RPC.java:1227)
	at org.apache.hadoop.ipc.Server$RpcCall.run(Server.java:1094)
	at org.apache.hadoop.ipc.Server$RpcCall.run(Server.java:1017)
	at java.base/java.security.AccessController.doPrivileged(AccessController.java:712)
	at java.base/javax.security.auth.Subject.doAs(Subject.java:439)
	at org.apache.hadoop.security.UserGroupInformation.doAs(UserGroupInformation.java:1899)
	at org.apache.hadoop.ipc.Server$Handler.run(Server.java:3048)
, while invoking $Proxy57.send over nodeId=scmNode-1,nodeAddress=/127.0.0.1:15007 after 2 failover attempts. Trying to failover after sleeping for 2000ms. Current retry count: 2.
2024-07-10 07:23:20,841 [d38ec341-43ec-4d2c-a000-6eddcfc2f96f@group-C5585A39A1B5-FollowerState] INFO  impl.FollowerState (FollowerState.java:run(144)) - d38ec341-43ec-4d2c-a000-6eddcfc2f96f@group-C5585A39A1B5-FollowerState: change to CANDIDATE, lastRpcElapsedTime:5153147910ns, electionTimeout:5150ms
2024-07-10 07:23:20,841 [d38ec341-43ec-4d2c-a000-6eddcfc2f96f@group-C5585A39A1B5-FollowerState] INFO  impl.RoleInfo (RoleInfo.java:shutdownFollowerState(119)) - d38ec341-43ec-4d2c-a000-6eddcfc2f96f: shutdown d38ec341-43ec-4d2c-a000-6eddcfc2f96f@group-C5585A39A1B5-FollowerState
2024-07-10 07:23:20,841 [d38ec341-43ec-4d2c-a000-6eddcfc2f96f@group-C5585A39A1B5-FollowerState] INFO  server.RaftServer$Division (RaftServerImpl.java:setRole(376)) - d38ec341-43ec-4d2c-a000-6eddcfc2f96f@group-C5585A39A1B5: changes role from  FOLLOWER to CANDIDATE at term 1 for changeToCandidate
2024-07-10 07:23:20,841 [d38ec341-43ec-4d2c-a000-6eddcfc2f96f@group-C5585A39A1B5-FollowerState] INFO  server.RaftServerConfigKeys (ConfUtils.java:logGet(46)) - raft.server.leaderelection.pre-vote = true (default)
2024-07-10 07:23:20,841 [d38ec341-43ec-4d2c-a000-6eddcfc2f96f@group-C5585A39A1B5-FollowerState] INFO  impl.RoleInfo (RoleInfo.java:updateAndGet(148)) - d38ec341-43ec-4d2c-a000-6eddcfc2f96f: start d38ec341-43ec-4d2c-a000-6eddcfc2f96f@group-C5585A39A1B5-LeaderElection2
2024-07-10 07:23:20,842 [d38ec341-43ec-4d2c-a000-6eddcfc2f96f@group-C5585A39A1B5-LeaderElection2] INFO  impl.LeaderElection (LeaderElection.java:askForVotes(321)) - d38ec341-43ec-4d2c-a000-6eddcfc2f96f@group-C5585A39A1B5-LeaderElection2 PRE_VOTE round 0: submit vote requests at term 1 for conf: {index: 0, cur=peers:[d38ec341-43ec-4d2c-a000-6eddcfc2f96f|localhost:15003]|listeners:[], old=null}
2024-07-10 07:23:20,842 [d38ec341-43ec-4d2c-a000-6eddcfc2f96f@group-C5585A39A1B5-LeaderElection2] INFO  impl.LeaderElection (LeaderElection.java:askForVotes(323)) - d38ec341-43ec-4d2c-a000-6eddcfc2f96f@group-C5585A39A1B5-LeaderElection2 PRE_VOTE round 0: result PASSED (term=1)
2024-07-10 07:23:20,843 [d38ec341-43ec-4d2c-a000-6eddcfc2f96f@group-C5585A39A1B5-LeaderElection2] INFO  impl.LeaderElection (LeaderElection.java:askForVotes(321)) - d38ec341-43ec-4d2c-a000-6eddcfc2f96f@group-C5585A39A1B5-LeaderElection2 ELECTION round 0: submit vote requests at term 2 for conf: {index: 0, cur=peers:[d38ec341-43ec-4d2c-a000-6eddcfc2f96f|localhost:15003]|listeners:[], old=null}
2024-07-10 07:23:20,844 [d38ec341-43ec-4d2c-a000-6eddcfc2f96f@group-C5585A39A1B5-LeaderElection2] INFO  impl.LeaderElection (LeaderElection.java:askForVotes(323)) - d38ec341-43ec-4d2c-a000-6eddcfc2f96f@group-C5585A39A1B5-LeaderElection2 ELECTION round 0: result PASSED (term=2)
2024-07-10 07:23:20,844 [d38ec341-43ec-4d2c-a000-6eddcfc2f96f@group-C5585A39A1B5-LeaderElection2] INFO  impl.RoleInfo (RoleInfo.java:shutdownLeaderElection(139)) - d38ec341-43ec-4d2c-a000-6eddcfc2f96f: shutdown d38ec341-43ec-4d2c-a000-6eddcfc2f96f@group-C5585A39A1B5-LeaderElection2
2024-07-10 07:23:20,844 [d38ec341-43ec-4d2c-a000-6eddcfc2f96f@group-C5585A39A1B5-LeaderElection2] INFO  server.RaftServer$Division (RaftServerImpl.java:setRole(376)) - d38ec341-43ec-4d2c-a000-6eddcfc2f96f@group-C5585A39A1B5: changes role from CANDIDATE to LEADER at term 2 for changeToLeader
2024-07-10 07:23:20,844 [d38ec341-43ec-4d2c-a000-6eddcfc2f96f@group-C5585A39A1B5-LeaderElection2] INFO  server.RaftServerConfigKeys (ConfUtils.java:logGet(46)) - raft.server.staging.catchup.gap = 1000 (default)
2024-07-10 07:23:20,844 [d38ec341-43ec-4d2c-a000-6eddcfc2f96f@group-C5585A39A1B5-LeaderElection2] INFO  server.RaftServerConfigKeys (ConfUtils.java:logGet(46)) - raft.server.write.element-limit = 4096 (default)
2024-07-10 07:23:20,844 [d38ec341-43ec-4d2c-a000-6eddcfc2f96f@group-C5585A39A1B5-LeaderElection2] INFO  server.RaftServerConfigKeys (ConfUtils.java:logGet(46)) - raft.server.write.byte-limit = 64MB (=67108864) (default)
2024-07-10 07:23:20,845 [d38ec341-43ec-4d2c-a000-6eddcfc2f96f@group-C5585A39A1B5-LeaderElection2] INFO  server.RaftServerConfigKeys (ConfUtils.java:logGet(46)) - raft.server.watch.timeout = 10s (default)
2024-07-10 07:23:20,845 [d38ec341-43ec-4d2c-a000-6eddcfc2f96f@group-C5585A39A1B5-LeaderElection2] INFO  server.RaftServerConfigKeys (ConfUtils.java:logGet(46)) - raft.server.watch.timeout.denomination = 1s (default)
2024-07-10 07:23:20,845 [d38ec341-43ec-4d2c-a000-6eddcfc2f96f@group-C5585A39A1B5-LeaderElection2] INFO  server.RaftServerConfigKeys (ConfUtils.java:logGet(46)) - raft.server.watch.element-limit = 65536 (default)
2024-07-10 07:23:20,846 [d38ec341-43ec-4d2c-a000-6eddcfc2f96f@group-C5585A39A1B5-LeaderElection2] INFO  server.RaftServerConfigKeys (ConfUtils.java:logGet(46)) - raft.server.read.leader.lease.enabled = false (default)
2024-07-10 07:23:20,846 [d38ec341-43ec-4d2c-a000-6eddcfc2f96f@group-C5585A39A1B5-LeaderElection2] INFO  server.RaftServerConfigKeys (ConfUtils.java:logGet(46)) - raft.server.read.leader.lease.timeout.ratio = 0.9 (default)
2024-07-10 07:23:20,846 [d38ec341-43ec-4d2c-a000-6eddcfc2f96f@group-C5585A39A1B5-LeaderElection2] INFO  server.RaftServerConfigKeys (ConfUtils.java:logGet(46)) - raft.server.rpc.timeout.min = 5000ms (custom)
2024-07-10 07:23:20,846 [d38ec341-43ec-4d2c-a000-6eddcfc2f96f@group-C5585A39A1B5-LeaderElection2] INFO  server.RaftServerConfigKeys (ConfUtils.java:logGet(46)) - raft.server.log.log-metadata.enabled = true (default)
2024-07-10 07:23:20,846 [d38ec341-43ec-4d2c-a000-6eddcfc2f96f@group-C5585A39A1B5-LeaderElection2] INFO  server.RaftServerConfigKeys (ConfUtils.java:logGet(46)) - raft.server.write.element-limit = 4096 (default)
2024-07-10 07:23:20,846 [d38ec341-43ec-4d2c-a000-6eddcfc2f96f@group-C5585A39A1B5-LeaderElection2] INFO  server.RaftServerConfigKeys (ConfUtils.java:logGet(46)) - raft.server.write.follower.gap.ratio.max = -1.0 (default)
2024-07-10 07:23:20,846 [d38ec341-43ec-4d2c-a000-6eddcfc2f96f@group-C5585A39A1B5-LeaderElection2] INFO  impl.RoleInfo (RoleInfo.java:updateAndGet(148)) - d38ec341-43ec-4d2c-a000-6eddcfc2f96f: start d38ec341-43ec-4d2c-a000-6eddcfc2f96f@group-C5585A39A1B5-LeaderStateImpl
2024-07-10 07:23:20,847 [d38ec341-43ec-4d2c-a000-6eddcfc2f96f@group-C5585A39A1B5-LeaderElection2] INFO  server.RaftServer$Division (RaftServerImpl.java:setFirstElection(549)) - d38ec341-43ec-4d2c-a000-6eddcfc2f96f@group-C5585A39A1B5: set firstElectionSinceStartup to false for becomeLeader
2024-07-10 07:23:20,847 [d38ec341-43ec-4d2c-a000-6eddcfc2f96f@group-C5585A39A1B5-LeaderElection2] INFO  ha.SCMStateMachine (SCMStateMachine.java:notifyLeaderChanged(292)) - current SCM becomes leader of term 2.
2024-07-10 07:23:20,847 [d38ec341-43ec-4d2c-a000-6eddcfc2f96f@group-C5585A39A1B5-LeaderElection2] INFO  ha.SCMContext (SCMContext.java:updateLeaderAndTerm(96)) - update <isLeader,term> from <false,0> to <true,2>
2024-07-10 07:23:20,849 [d38ec341-43ec-4d2c-a000-6eddcfc2f96f@group-C5585A39A1B5-LeaderElection2] INFO  server.RaftServer$Division (ServerState.java:setLeader(272)) - d38ec341-43ec-4d2c-a000-6eddcfc2f96f@group-C5585A39A1B5: change Leader from null to d38ec341-43ec-4d2c-a000-6eddcfc2f96f at term 2 for becomeLeader, leader elected after 5731ms
2024-07-10 07:23:20,849 [d38ec341-43ec-4d2c-a000-6eddcfc2f96f@group-C5585A39A1B5-LeaderElection2] INFO  segmented.SegmentedRaftLogWorker (SegmentedRaftLogWorker.java:rollLogSegment(438)) - d38ec341-43ec-4d2c-a000-6eddcfc2f96f@group-C5585A39A1B5-SegmentedRaftLogWorker: Rolling segment log-0_0 to index:0
2024-07-10 07:23:20,850 [d38ec341-43ec-4d2c-a000-6eddcfc2f96f@group-C5585A39A1B5-SegmentedRaftLogWorker] INFO  segmented.SegmentedRaftLogWorker (SegmentedRaftLogWorker.java:execute(594)) - d38ec341-43ec-4d2c-a000-6eddcfc2f96f@group-C5585A39A1B5-SegmentedRaftLogWorker: Rolled log segment from /home/runner/work/ozone/ozone/hadoop-ozone/integration-test/target/test-dir/MiniOzoneClusterImpl-e3afc6b0-d37c-4e66-a691-c5585a39a1b5/scmNode-1/scm-ha/e3afc6b0-d37c-4e66-a691-c5585a39a1b5/current/log_inprogress_0 to /home/runner/work/ozone/ozone/hadoop-ozone/integration-test/target/test-dir/MiniOzoneClusterImpl-e3afc6b0-d37c-4e66-a691-c5585a39a1b5/scmNode-1/scm-ha/e3afc6b0-d37c-4e66-a691-c5585a39a1b5/current/log_0-0
2024-07-10 07:23:20,852 [d38ec341-43ec-4d2c-a000-6eddcfc2f96f@group-C5585A39A1B5-LeaderElection2] INFO  server.RaftServer$Division (ServerState.java:setRaftConf(386)) - d38ec341-43ec-4d2c-a000-6eddcfc2f96f@group-C5585A39A1B5: set configuration conf: {index: 1, cur=peers:[d38ec341-43ec-4d2c-a000-6eddcfc2f96f|localhost:15003]|listeners:[], old=null}
2024-07-10 07:23:20,852 [d38ec341-43ec-4d2c-a000-6eddcfc2f96f@group-C5585A39A1B5-SegmentedRaftLogWorker] INFO  segmented.BufferedWriteChannel (BufferedWriteChannel.java:open(61)) - open log_inprogress_1 at position 0
2024-07-10 07:23:20,861 [d38ec341-43ec-4d2c-a000-6eddcfc2f96f@group-C5585A39A1B5-SegmentedRaftLogWorker] INFO  segmented.SegmentedRaftLogWorker (SegmentedRaftLogWorker.java:execute(637)) - d38ec341-43ec-4d2c-a000-6eddcfc2f96f@group-C5585A39A1B5-SegmentedRaftLogWorker: created new log segment /home/runner/work/ozone/ozone/hadoop-ozone/integration-test/target/test-dir/MiniOzoneClusterImpl-e3afc6b0-d37c-4e66-a691-c5585a39a1b5/scmNode-1/scm-ha/e3afc6b0-d37c-4e66-a691-c5585a39a1b5/current/log_inprogress_1
2024-07-10 07:23:20,865 [d38ec341-43ec-4d2c-a000-6eddcfc2f96f@group-C5585A39A1B5-StateMachineUpdater] INFO  server.RaftServer$Division (LeaderStateImpl.java:checkStartIndex(316)) - Leader d38ec341-43ec-4d2c-a000-6eddcfc2f96f@group-C5585A39A1B5-LeaderStateImpl is ready since appliedIndex == startIndex == 1
2024-07-10 07:23:20,865 [d38ec341-43ec-4d2c-a000-6eddcfc2f96f@group-C5585A39A1B5-StateMachineUpdater] INFO  ha.SCMContext (SCMContext.java:setLeaderReady(123)) - update <isLeaderReady> from <false> to <true>
2024-07-10 07:23:20,865 [d38ec341-43ec-4d2c-a000-6eddcfc2f96f@group-C5585A39A1B5-StateMachineUpdater] INFO  pipeline.BackgroundPipelineCreator (BackgroundPipelineCreator.java:notifyStatusChanged(258)) - Service BackgroundPipelineCreator transitions to RUNNING.
2024-07-10 07:23:20,866 [scmNode-1-SecretKeyManagerService] INFO  symmetric.SecretKeyManager (SecretKeyManager.java:checkAndInitialize(80)) - Initializing SecretKeys.
2024-07-10 07:23:20,868 [scmNode-1-SecretKeyManagerService] INFO  symmetric.SecretKeyManager (SecretKeyManager.java:checkAndInitialize(94)) - No valid key has been loaded. A new key is generated: SecretKey(id = ccd6b62b-1e60-45f0-8a81-c8da6b2d6a2b, creation at: 2024-07-10T07:23:20.867383475Z, expire at: 2024-07-10T07:23:23.867383475Z)
2024-07-10 07:23:20,871 [d38ec341-43ec-4d2c-a000-6eddcfc2f96f@group-C5585A39A1B5-StateMachineUpdater] INFO  safemode.HealthyPipelineSafeModeRule (HealthyPipelineSafeModeRule.java:initializeRule(172)) - Refreshed total pipeline count is 0, healthy pipeline threshold count is 1
2024-07-10 07:23:20,871 [d38ec341-43ec-4d2c-a000-6eddcfc2f96f@group-C5585A39A1B5-StateMachineUpdater] INFO  safemode.ContainerSafeModeRule (ContainerSafeModeRule.java:reInitializeRule(191)) - Refreshed one replica container threshold 0, currentThreshold 0
2024-07-10 07:23:20,871 [d38ec341-43ec-4d2c-a000-6eddcfc2f96f@group-C5585A39A1B5-StateMachineUpdater] INFO  safemode.OneReplicaPipelineSafeModeRule (OneReplicaPipelineSafeModeRule.java:initializeRule(189)) - Refreshed Total pipeline count is 0, pipeline's with at least one datanode reported threshold count is 0
2024-07-10 07:23:20,871 [d38ec341-43ec-4d2c-a000-6eddcfc2f96f@group-C5585A39A1B5-StateMachineUpdater] INFO  server.SCMDatanodeProtocolServer (SCMDatanodeProtocolServer.java:start(194)) - ScmDatanodeProtocol RPC server for DataNodes is listening at /0.0.0.0:15004
2024-07-10 07:23:20,878 [IPC Server Responder] INFO  ipc.Server (Server.java:run(1562)) - IPC Server Responder: starting
2024-07-10 07:23:20,888 [IPC Server listener on 15004] INFO  ipc.Server (Server.java:run(1402)) - IPC Server listener on 15004: starting
2024-07-10 07:23:20,944 [d38ec341-43ec-4d2c-a000-6eddcfc2f96f@group-C5585A39A1B5-StateMachineUpdater] INFO  symmetric.SecretKeyStateImpl (SecretKeyStateImpl.java:updateKeysInternal(113)) - Updating keys with [SecretKey(id = ccd6b62b-1e60-45f0-8a81-c8da6b2d6a2b, creation at: 2024-07-10T07:23:20.867Z, expire at: 2024-07-10T07:23:23.867Z)]
2024-07-10 07:23:20,945 [d38ec341-43ec-4d2c-a000-6eddcfc2f96f@group-C5585A39A1B5-StateMachineUpdater] INFO  symmetric.SecretKeyStateImpl (SecretKeyStateImpl.java:updateKeysInternal(128)) - Current key updated SecretKey(id = ccd6b62b-1e60-45f0-8a81-c8da6b2d6a2b, creation at: 2024-07-10T07:23:20.867Z, expire at: 2024-07-10T07:23:23.867Z)
2024-07-10 07:23:20,961 [d38ec341-43ec-4d2c-a000-6eddcfc2f96f@group-C5585A39A1B5-StateMachineUpdater] INFO  symmetric.LocalSecretKeyStore (LocalSecretKeyStore.java:save(109)) - Saved [SecretKey(id = ccd6b62b-1e60-45f0-8a81-c8da6b2d6a2b, creation at: 2024-07-10T07:23:20.867Z, expire at: 2024-07-10T07:23:23.867Z)] to file /home/runner/work/ozone/ozone/hadoop-ozone/integration-test/target/test-dir/MiniOzoneClusterImpl-e3afc6b0-d37c-4e66-a691-c5585a39a1b5/scmNode-1/scm/keys/secret_keys.json
2024-07-10 07:23:20,962 [d38ec341-43ec-4d2c-a000-6eddcfc2f96f@group-C5585A39A1B5-StateMachineUpdater] INFO  safemode.HealthyPipelineSafeModeRule (HealthyPipelineSafeModeRule.java:initializeRule(172)) - Refreshed total pipeline count is 0, healthy pipeline threshold count is 1
2024-07-10 07:23:20,962 [d38ec341-43ec-4d2c-a000-6eddcfc2f96f@group-C5585A39A1B5-StateMachineUpdater] INFO  safemode.SCMSafeModeManager (SCMSafeModeManager.java:validateSafeModeExitRules(203)) - ContainerSafeModeRule rule is successfully validated
2024-07-10 07:23:20,962 [d38ec341-43ec-4d2c-a000-6eddcfc2f96f@group-C5585A39A1B5-StateMachineUpdater] INFO  safemode.SCMSafeModeManager (SCMSafeModeManager.java:validateSafeModeExitRules(203)) - AtleastOneDatanodeReportedRule rule is successfully validated
2024-07-10 07:23:21,962 [scmNode-1-SecretKeyManagerService] INFO  symmetric.SecretKeyManager (SecretKeyManager.java:checkAndRotate(125)) - SecretKey rotation is happening, new key generated SecretKey(id = e7408436-9398-47b7-8dfe-8f76318215c9, creation at: 2024-07-10T07:23:21.961845694Z, expire at: 2024-07-10T07:23:24.961845694Z)
2024-07-10 07:23:21,964 [d38ec341-43ec-4d2c-a000-6eddcfc2f96f@group-C5585A39A1B5-StateMachineUpdater] INFO  symmetric.SecretKeyStateImpl (SecretKeyStateImpl.java:updateKeysInternal(113)) - Updating keys with [SecretKey(id = ccd6b62b-1e60-45f0-8a81-c8da6b2d6a2b, creation at: 2024-07-10T07:23:20.867Z, expire at: 2024-07-10T07:23:23.867Z), SecretKey(id = e7408436-9398-47b7-8dfe-8f76318215c9, creation at: 2024-07-10T07:23:21.961Z, expire at: 2024-07-10T07:23:24.961Z)]
2024-07-10 07:23:21,965 [d38ec341-43ec-4d2c-a000-6eddcfc2f96f@group-C5585A39A1B5-StateMachineUpdater] INFO  symmetric.SecretKeyStateImpl (SecretKeyStateImpl.java:updateKeysInternal(128)) - Current key updated SecretKey(id = e7408436-9398-47b7-8dfe-8f76318215c9, creation at: 2024-07-10T07:23:21.961Z, expire at: 2024-07-10T07:23:24.961Z)
2024-07-10 07:23:21,967 [d38ec341-43ec-4d2c-a000-6eddcfc2f96f@group-C5585A39A1B5-StateMachineUpdater] INFO  symmetric.LocalSecretKeyStore (LocalSecretKeyStore.java:save(109)) - Saved [SecretKey(id = e7408436-9398-47b7-8dfe-8f76318215c9, creation at: 2024-07-10T07:23:21.961Z, expire at: 2024-07-10T07:23:24.961Z), SecretKey(id = ccd6b62b-1e60-45f0-8a81-c8da6b2d6a2b, creation at: 2024-07-10T07:23:20.867Z, expire at: 2024-07-10T07:23:23.867Z)] to file /home/runner/work/ozone/ozone/hadoop-ozone/integration-test/target/test-dir/MiniOzoneClusterImpl-e3afc6b0-d37c-4e66-a691-c5585a39a1b5/scmNode-1/scm/keys/secret_keys.json
2024-07-10 07:23:21,967 [d38ec341-43ec-4d2c-a000-6eddcfc2f96f@group-C5585A39A1B5-StateMachineUpdater] INFO  safemode.HealthyPipelineSafeModeRule (HealthyPipelineSafeModeRule.java:initializeRule(172)) - Refreshed total pipeline count is 0, healthy pipeline threshold count is 1
2024-07-10 07:23:22,301 [main] INFO  retry.RetryInvocationHandler (RetryInvocationHandler.java:log(422)) - com.google.protobuf.ServiceException: java.net.ConnectException: Call From fv-az1386-216/10.1.0.19 to localhost:15023 failed on connection exception: java.net.ConnectException: Connection refused; For more details see:  http://wiki.apache.org/hadoop/ConnectionRefused, while invoking $Proxy57.send over nodeId=scmNode-3,nodeAddress=/127.0.0.1:15023 after 3 failover attempts. Trying to failover after sleeping for 2000ms. Current retry count: 3.
2024-07-10 07:23:22,317 [IPC Server handler 1 on default port 15002] INFO  client.SCMCertificateClient (DefaultCertificateClient.java:getAllRootCaCerts(973)) - scm/sub-ca has 0 Root CA certificates
2024-07-10 07:23:22,318 [IPC Server handler 1 on default port 15002] INFO  client.SCMCertificateClient (DefaultCertificateClient.java:getAllCaCerts(981)) - scm/sub-ca has 1 CA certificates
2024-07-10 07:23:22,319 [d38ec341-43ec-4d2c-a000-6eddcfc2f96f-scm/sub-ca-refreshCACertificates] INFO  client.SCMCertificateClient (DefaultCertificateClient.java:getAllRootCaCerts(973)) - scm/sub-ca has 0 Root CA certificates
2024-07-10 07:23:22,319 [d38ec341-43ec-4d2c-a000-6eddcfc2f96f-scm/sub-ca-refreshCACertificates] INFO  client.SCMCertificateClient (DefaultCertificateClient.java:getAllCaCerts(981)) - scm/sub-ca has 1 CA certificates
2024-07-10 07:23:22,320 [d38ec341-43ec-4d2c-a000-6eddcfc2f96f-scm/sub-ca-refreshCACertificates] INFO  client.SCMCertificateClient (SCMCertificateClient.java:run(255)) - CA certificates are not changed.
2024-07-10 07:23:22,962 [scmNode-1-SecretKeyManagerService] INFO  symmetric.SecretKeyManager (SecretKeyManager.java:checkAndRotate(125)) - SecretKey rotation is happening, new key generated SecretKey(id = 0db6ef56-43dc-4856-8d03-91fc2f057d83, creation at: 2024-07-10T07:23:22.961860163Z, expire at: 2024-07-10T07:23:25.961860163Z)
2024-07-10 07:23:22,964 [d38ec341-43ec-4d2c-a000-6eddcfc2f96f@group-C5585A39A1B5-StateMachineUpdater] INFO  symmetric.SecretKeyStateImpl (SecretKeyStateImpl.java:updateKeysInternal(113)) - Updating keys with [SecretKey(id = e7408436-9398-47b7-8dfe-8f76318215c9, creation at: 2024-07-10T07:23:21.961Z, expire at: 2024-07-10T07:23:24.961Z), SecretKey(id = ccd6b62b-1e60-45f0-8a81-c8da6b2d6a2b, creation at: 2024-07-10T07:23:20.867Z, expire at: 2024-07-10T07:23:23.867Z), SecretKey(id = 0db6ef56-43dc-4856-8d03-91fc2f057d83, creation at: 2024-07-10T07:23:22.961Z, expire at: 2024-07-10T07:23:25.961Z)]
2024-07-10 07:23:22,964 [d38ec341-43ec-4d2c-a000-6eddcfc2f96f@group-C5585A39A1B5-StateMachineUpdater] INFO  symmetric.SecretKeyStateImpl (SecretKeyStateImpl.java:updateKeysInternal(128)) - Current key updated SecretKey(id = 0db6ef56-43dc-4856-8d03-91fc2f057d83, creation at: 2024-07-10T07:23:22.961Z, expire at: 2024-07-10T07:23:25.961Z)
2024-07-10 07:23:22,965 [d38ec341-43ec-4d2c-a000-6eddcfc2f96f@group-C5585A39A1B5-StateMachineUpdater] INFO  symmetric.LocalSecretKeyStore (LocalSecretKeyStore.java:save(109)) - Saved [SecretKey(id = 0db6ef56-43dc-4856-8d03-91fc2f057d83, creation at: 2024-07-10T07:23:22.961Z, expire at: 2024-07-10T07:23:25.961Z), SecretKey(id = e7408436-9398-47b7-8dfe-8f76318215c9, creation at: 2024-07-10T07:23:21.961Z, expire at: 2024-07-10T07:23:24.961Z), SecretKey(id = ccd6b62b-1e60-45f0-8a81-c8da6b2d6a2b, creation at: 2024-07-10T07:23:20.867Z, expire at: 2024-07-10T07:23:23.867Z)] to file /home/runner/work/ozone/ozone/hadoop-ozone/integration-test/target/test-dir/MiniOzoneClusterImpl-e3afc6b0-d37c-4e66-a691-c5585a39a1b5/scmNode-1/scm/keys/secret_keys.json
2024-07-10 07:23:22,965 [d38ec341-43ec-4d2c-a000-6eddcfc2f96f@group-C5585A39A1B5-StateMachineUpdater] INFO  safemode.HealthyPipelineSafeModeRule (HealthyPipelineSafeModeRule.java:initializeRule(172)) - Refreshed total pipeline count is 0, healthy pipeline threshold count is 1
2024-07-10 07:23:23,962 [scmNode-1-SecretKeyManagerService] INFO  symmetric.SecretKeyManager (SecretKeyManager.java:checkAndRotate(125)) - SecretKey rotation is happening, new key generated SecretKey(id = c0c1d7fb-2adb-4ddf-9e48-e51d45f11d5f, creation at: 2024-07-10T07:23:23.961863280Z, expire at: 2024-07-10T07:23:26.961863280Z)
2024-07-10 07:23:23,964 [d38ec341-43ec-4d2c-a000-6eddcfc2f96f@group-C5585A39A1B5-StateMachineUpdater] INFO  symmetric.SecretKeyStateImpl (SecretKeyStateImpl.java:updateKeysInternal(113)) - Updating keys with [SecretKey(id = 0db6ef56-43dc-4856-8d03-91fc2f057d83, creation at: 2024-07-10T07:23:22.961Z, expire at: 2024-07-10T07:23:25.961Z), SecretKey(id = e7408436-9398-47b7-8dfe-8f76318215c9, creation at: 2024-07-10T07:23:21.961Z, expire at: 2024-07-10T07:23:24.961Z), SecretKey(id = c0c1d7fb-2adb-4ddf-9e48-e51d45f11d5f, creation at: 2024-07-10T07:23:23.961Z, expire at: 2024-07-10T07:23:26.961Z)]
2024-07-10 07:23:23,964 [d38ec341-43ec-4d2c-a000-6eddcfc2f96f@group-C5585A39A1B5-StateMachineUpdater] INFO  symmetric.SecretKeyStateImpl (SecretKeyStateImpl.java:updateKeysInternal(128)) - Current key updated SecretKey(id = c0c1d7fb-2adb-4ddf-9e48-e51d45f11d5f, creation at: 2024-07-10T07:23:23.961Z, expire at: 2024-07-10T07:23:26.961Z)
2024-07-10 07:23:23,965 [d38ec341-43ec-4d2c-a000-6eddcfc2f96f@group-C5585A39A1B5-StateMachineUpdater] INFO  symmetric.LocalSecretKeyStore (LocalSecretKeyStore.java:save(109)) - Saved [SecretKey(id = c0c1d7fb-2adb-4ddf-9e48-e51d45f11d5f, creation at: 2024-07-10T07:23:23.961Z, expire at: 2024-07-10T07:23:26.961Z), SecretKey(id = 0db6ef56-43dc-4856-8d03-91fc2f057d83, creation at: 2024-07-10T07:23:22.961Z, expire at: 2024-07-10T07:23:25.961Z), SecretKey(id = e7408436-9398-47b7-8dfe-8f76318215c9, creation at: 2024-07-10T07:23:21.961Z, expire at: 2024-07-10T07:23:24.961Z)] to file /home/runner/work/ozone/ozone/hadoop-ozone/integration-test/target/test-dir/MiniOzoneClusterImpl-e3afc6b0-d37c-4e66-a691-c5585a39a1b5/scmNode-1/scm/keys/secret_keys.json
2024-07-10 07:23:23,965 [d38ec341-43ec-4d2c-a000-6eddcfc2f96f@group-C5585A39A1B5-StateMachineUpdater] INFO  safemode.HealthyPipelineSafeModeRule (HealthyPipelineSafeModeRule.java:initializeRule(172)) - Refreshed total pipeline count is 0, healthy pipeline threshold count is 1
2024-07-10 07:23:24,328 [main] INFO  ha.HASecurityUtils (HASecurityUtils.java:initializeSecurity(81)) - Initializing secure StorageContainerManager.
2024-07-10 07:23:24,329 [main] INFO  ha.SCMNodeInfo (SCMNodeInfo.java:getPort(197)) - ConfigKey ozone.scm.client.address is deprecated, For configuring different ports for each SCM use PortConfigKey ozone.scm.client.port appended with serviceId and nodeId
2024-07-10 07:23:24,329 [main] INFO  ha.SCMNodeInfo (SCMNodeInfo.java:getPort(197)) - ConfigKey ozone.scm.block.client.address is deprecated, For configuring different ports for each SCM use PortConfigKey ozone.scm.block.client.port appended with serviceId and nodeId
2024-07-10 07:23:24,329 [main] INFO  ha.SCMNodeInfo (SCMNodeInfo.java:getPort(197)) - ConfigKey ozone.scm.security.service.address is deprecated, For configuring different ports for each SCM use PortConfigKey ozone.scm.security.service.port appended with serviceId and nodeId
2024-07-10 07:23:24,330 [main] INFO  ha.SCMNodeInfo (SCMNodeInfo.java:getPort(197)) - ConfigKey ozone.scm.datanode.address is deprecated, For configuring different ports for each SCM use PortConfigKey ozone.scm.datanode.port appended with serviceId and nodeId
2024-07-10 07:23:24,330 [main] INFO  ha.SCMNodeInfo (SCMNodeInfo.java:getPort(197)) - ConfigKey ozone.scm.client.address is deprecated, For configuring different ports for each SCM use PortConfigKey ozone.scm.client.port appended with serviceId and nodeId
2024-07-10 07:23:24,330 [main] INFO  ha.SCMNodeInfo (SCMNodeInfo.java:getPort(197)) - ConfigKey ozone.scm.block.client.address is deprecated, For configuring different ports for each SCM use PortConfigKey ozone.scm.block.client.port appended with serviceId and nodeId
2024-07-10 07:23:24,330 [main] INFO  ha.SCMNodeInfo (SCMNodeInfo.java:getPort(197)) - ConfigKey ozone.scm.security.service.address is deprecated, For configuring different ports for each SCM use PortConfigKey ozone.scm.security.service.port appended with serviceId and nodeId
2024-07-10 07:23:24,330 [main] INFO  ha.SCMNodeInfo (SCMNodeInfo.java:getPort(197)) - ConfigKey ozone.scm.datanode.address is deprecated, For configuring different ports for each SCM use PortConfigKey ozone.scm.datanode.port appended with serviceId and nodeId
2024-07-10 07:23:24,331 [main] INFO  client.SCMCertificateClient (DefaultCertificateClient.java:updateCertSerialId(1313)) - Certificate serial ID set to null
2024-07-10 07:23:24,331 [main] ERROR client.SCMCertificateClient (DefaultCertificateClient.java:getCertPath(376)) - Default certificate serial id is not set. Can't locate the default certificate for this client.
2024-07-10 07:23:24,331 [main] INFO  client.SCMCertificateClient (DefaultCertificateClient.java:init(720)) - Certificate client init case: 0
2024-07-10 07:23:24,331 [main] INFO  client.SCMCertificateClient (DefaultCertificateClient.java:handleCase(738)) - Creating keypair for client as keypair and certificate not found.
2024-07-10 07:23:24,403 [main] INFO  client.SCMCertificateClient (SCMCertificateClient.java:recoverStateIfNeeded(284)) - Init response: GETCERT
2024-07-10 07:23:24,403 [main] INFO  client.SCMCertificateClient (SCMCertificateClient.java:getCSRBuilder(144)) - Creating csr for SCM->hostName:localhost,scmId:8b0090bf-277f-4b89-9ec7-80a6dcff705a,clusterId:e3afc6b0-d37c-4e66-a691-c5585a39a1b5,subject:scm-sub@localhost
2024-07-10 07:23:24,404 [main] INFO  ozone.OzoneSecurityUtil (OzoneSecurityUtil.java:getValidInetsForCurrentHost(120)) - ip:fe80:0:0:0:20d:3aff:fe3b:2de%eth0 not returned.
2024-07-10 07:23:24,405 [main] INFO  ozone.OzoneSecurityUtil (OzoneSecurityUtil.java:getValidInetsForCurrentHost(117)) - Adding ip:10.1.0.19,host:fv-az1386-216.klszfsxs10seni2gsqlth152tc.dx.internal.cloudapp.net
2024-07-10 07:23:24,405 [main] INFO  ozone.OzoneSecurityUtil (OzoneSecurityUtil.java:getValidInetsForCurrentHost(120)) - ip:0:0:0:0:0:0:0:1%lo not returned.
2024-07-10 07:23:24,406 [main] INFO  ozone.OzoneSecurityUtil (OzoneSecurityUtil.java:getValidInetsForCurrentHost(120)) - ip:127.0.0.1 not returned.
2024-07-10 07:23:24,431 [Socket Reader #1 for port 15002] INFO  ipc.Server (Server.java:saslProcess(2139)) - Auth successful for scm/fv-az1386-216.klszfsxs10seni2gsqlth152tc.dx.internal.cloudapp.net@EXAMPLE.COM (auth:KERBEROS) from fv-az1386-216.klszfsxs10seni2gsqlth152tc.dx.internal.cloudapp.net:40285 / 10.1.0.19:40285
2024-07-10 07:23:24,433 [Socket Reader #1 for port 15002] INFO  authorize.ServiceAuthorizationManager (ServiceAuthorizationManager.java:authorize(137)) - Authorization successful for scm/fv-az1386-216.klszfsxs10seni2gsqlth152tc.dx.internal.cloudapp.net@EXAMPLE.COM (auth:KERBEROS) for protocol=interface org.apache.hadoop.hdds.protocol.SCMSecurityProtocol
2024-07-10 07:23:24,434 [IPC Server handler 0 on default port 15002] INFO  server.SCMSecurityProtocolServer (SCMSecurityProtocolServer.java:getSCMCertificate(326)) - Processing CSR for scm localhost, nodeId: 8b0090bf-277f-4b89-9ec7-80a6dcff705a
2024-07-10 07:23:24,440 [d38ec341-43ec-4d2c-a000-6eddcfc2f96f@group-C5585A39A1B5-StateMachineUpdater] WARN  ha.SequenceIdGenerator (SequenceIdGenerator.java:allocateBatch(257)) - Failed to allocate a batch for CertificateId, expected lastId is 0, actual lastId is 2.
2024-07-10 07:23:24,442 [d38ec341-43ec-4d2c-a000-6eddcfc2f96f@group-C5585A39A1B5-StateMachineUpdater] INFO  safemode.HealthyPipelineSafeModeRule (HealthyPipelineSafeModeRule.java:initializeRule(172)) - Refreshed total pipeline count is 0, healthy pipeline threshold count is 1
2024-07-10 07:23:24,446 [d38ec341-43ec-4d2c-a000-6eddcfc2f96f@group-C5585A39A1B5-StateMachineUpdater] INFO  safemode.HealthyPipelineSafeModeRule (HealthyPipelineSafeModeRule.java:initializeRule(172)) - Refreshed total pipeline count is 0, healthy pipeline threshold count is 1
2024-07-10 07:23:24,446 [IPC Server handler 0 on default port 15002] INFO  ha.SequenceIdGenerator (SequenceIdGenerator.java:getNextId(144)) - Allocate a batch for CertificateId, change lastId from 2 to 3.
2024-07-10 07:23:24,450 [IPC Server handler 0 on default port 15002] INFO  authority.DefaultApprover (DefaultApprover.java:sign(174)) - Extensions in CSR: 2.5.29.19, 2.5.29.15, 2.5.29.17
2024-07-10 07:23:24,450 [IPC Server handler 0 on default port 15002] INFO  authority.DefaultApprover (DefaultApprover.java:sign(178)) - Extensions to add to the certificate if they present in CSR: 2.5.29.15, 2.5.29.17, 2.5.29.35, 2.5.29.37, 2.5.29.19, 1.3.6.1.5.5.7.1.12
2024-07-10 07:23:24,664 [d38ec341-43ec-4d2c-a000-6eddcfc2f96f@group-C5585A39A1B5-StateMachineUpdater] INFO  server.SCMCertStore (SCMCertStore.java:storeValidScmCertificate(101)) - Scm certificate 3 for CN=scm-sub@localhost,OU=8b0090bf-277f-4b89-9ec7-80a6dcff705a,O=e3afc6b0-d37c-4e66-a691-c5585a39a1b5,SERIALNUMBER=3 is stored
2024-07-10 07:23:24,665 [d38ec341-43ec-4d2c-a000-6eddcfc2f96f@group-C5585A39A1B5-StateMachineUpdater] INFO  safemode.HealthyPipelineSafeModeRule (HealthyPipelineSafeModeRule.java:initializeRule(172)) - Refreshed total pipeline count is 0, healthy pipeline threshold count is 1
2024-07-10 07:23:24,684 [main] INFO  utils.CertificateCodec (CertificateCodec.java:writeCertificate(253)) - Save certificate to /home/runner/work/ozone/ozone/hadoop-ozone/integration-test/target/test-dir/MiniOzoneClusterImpl-e3afc6b0-d37c-4e66-a691-c5585a39a1b5/scmNode-2/scm/sub-ca/certs/CA-1.crt
2024-07-10 07:23:24,685 [main] INFO  utils.CertificateCodec (CertificateCodec.java:writeCertificate(254)) - Certificate -----BEGIN CERTIFICATE-----
MIIEADCCAuigAwIBAgIBATANBgkqhkiG9w0BAQsFADCBhjEaMBgGA1UEAwwRc2Nt
QGZ2LWF6MTM4Ni0yMTYxLTArBgNVBAsMJGQzOGVjMzQxLTQzZWMtNGQyYy1hMDAw
LTZlZGRjZmMyZjk2ZjEtMCsGA1UECgwkZTNhZmM2YjAtZDM3Yy00ZTY2LWE2OTEt
YzU1ODVhMzlhMWI1MQowCAYDVQQFEwExMB4XDTI0MDcxMDA3MjMwN1oXDTI5MDgx
ODA3MjMwN1owgYYxGjAYBgNVBAMMEXNjbUBmdi1hejEzODYtMjE2MS0wKwYDVQQL
DCRkMzhlYzM0MS00M2VjLTRkMmMtYTAwMC02ZWRkY2ZjMmY5NmYxLTArBgNVBAoM
JGUzYWZjNmIwLWQzN2MtNGU2Ni1hNjkxLWM1NTg1YTM5YTFiNTEKMAgGA1UEBRMB
MTCCASIwDQYJKoZIhvcNAQEBBQADggEPADCCAQoCggEBAKzpRY5cNsZlta7ho5HJ
tjrZH0TtKWid9+5TmD4zBNXSTe3fDZb0lmOIMofdqYw0F6Cwx/+ohBi7oMZRjF80
ebDTDb5TJW5CnJGi4k6THV0Qa1Na0XuwhaJ/ezNMu+S3sxOXZ8vgIO98ViWt1HPm
VdCmCQ2WwMQb0uCBajpMGIZY39PUa2rlbAkDfA1a39hdpd6bjq+IxwyaLGqqsruX
j55QfTxfjpYJgbbISGV/WZypL+U9MzB5EXjES4ve5v33ALOMGrKmT04p5XvPXz3l
Yf/Bh0yV3y+Gz5Xv2imXAvWcAzkc8k29BsD19DyUSPEGj8rQlTN+MlhFF4FWsW5Y
vM8CAwEAAaN3MHUwDwYDVR0TAQH/BAUwAwEB/zAOBgNVHQ8BAf8EBAMCAQYwUgYD
VR0RBEswSYcECgEAE4JBZnYtYXoxMzg2LTIxNi5rbHN6ZnN4czEwc2VuaTJnc3Fs
dGgxNTJ0Yy5keC5pbnRlcm5hbC5jbG91ZGFwcC5uZXQwDQYJKoZIhvcNAQELBQAD
ggEBAFrYxLJV0JZNxWTuNsQfV12XAsjBOyT2TdG2oOYVkb2rvBo8mBEOGDr1HSa/
Kd47PM0PdqdRFxT5/RnSD6PJd5ziFTpxa1Gpv9KF38J5oGceGHpRdjnhc81d/u0C
sR+q3ZEqIrF4Bjj+sxATobDPhFe84FLYqcC+t1y+EG2WXqmEwM7RHRCZOW8i4FUw
3j3h0Nv/8XPOtSjjRIpgFQH61wJ56vVezePgN7rsHPUaBHXZfniIpT3kARA+qrMj
y2cpCVBrPIXnwjnJoRIUopz6qcUw//BLvLe0+ibfuIWzUe9BzUTHxhHoHF29itol
ducdHLhn6fjDeY1U+PhJT/41TlM=
-----END CERTIFICATE-----

2024-07-10 07:23:24,686 [main] INFO  utils.CertificateCodec (CertificateCodec.java:writeCertificate(253)) - Save certificate to /home/runner/work/ozone/ozone/hadoop-ozone/integration-test/target/test-dir/MiniOzoneClusterImpl-e3afc6b0-d37c-4e66-a691-c5585a39a1b5/scmNode-2/scm/sub-ca/certs/3.crt
2024-07-10 07:23:24,686 [main] INFO  utils.CertificateCodec (CertificateCodec.java:writeCertificate(254)) - Certificate -----BEGIN CERTIFICATE-----
MIIEADCCAuigAwIBAgIBAzANBgkqhkiG9w0BAQsFADCBhjEaMBgGA1UEAwwRc2Nt
QGZ2LWF6MTM4Ni0yMTYxLTArBgNVBAsMJGQzOGVjMzQxLTQzZWMtNGQyYy1hMDAw
LTZlZGRjZmMyZjk2ZjEtMCsGA1UECgwkZTNhZmM2YjAtZDM3Yy00ZTY2LWE2OTEt
YzU1ODVhMzlhMWI1MQowCAYDVQQFEwExMB4XDTI0MDcxMDA3MjMyNFoXDTI5MDgx
ODA3MjMyNFowgYYxGjAYBgNVBAMMEXNjbS1zdWJAbG9jYWxob3N0MS0wKwYDVQQL
DCQ4YjAwOTBiZi0yNzdmLTRiODktOWVjNy04MGE2ZGNmZjcwNWExLTArBgNVBAoM
JGUzYWZjNmIwLWQzN2MtNGU2Ni1hNjkxLWM1NTg1YTM5YTFiNTEKMAgGA1UEBRMB
MzCCASIwDQYJKoZIhvcNAQEBBQADggEPADCCAQoCggEBAOEEOnn7FKymFAWsfRaB
TBZmo7JjdLuocSoUI4m8VM5eJ0vwi500iVkdDm9slpOc5NC9OE1zAehzFSD1Q3sy
sN4MDoVglvpE3j7791LBgzWw5ygNeNrWiL5E7ntlBrDElO47x/03Hkje2WflnD2w
SW0d7XkdXL+RQe5vmqTwpCpO4lbfiS9jRTg+QZ7W6ErYXHaJU+Hu+NiKL7p2PUyp
Bg3U9UgkfYsPzmlU/9kMed4GcdgFtGo7YVO2goG54O0BC9H94EuciF+91FlJ18ju
antRub5/WvXsd+1vPoRpnkVkjN958Qmk2UlbFvq+kMzcgsKzZP5g4vEbPijQs6ph
5jsCAwEAAaN3MHUwDgYDVR0PAQH/BAQDAgG+MFIGA1UdEQRLMEmHBAoBABOCQWZ2
LWF6MTM4Ni0yMTYua2xzemZzeHMxMHNlbmkyZ3NxbHRoMTUydGMuZHguaW50ZXJu
YWwuY2xvdWRhcHAubmV0MA8GA1UdEwEB/wQFMAMBAf8wDQYJKoZIhvcNAQELBQAD
ggEBAIU00GICBashsMjEnK0RqOIIFWU+1rXZNtmWSUdjxyWGRhg2QjXyx6aIldHO
u3mh1PNWqYt1OPkp3vfc9BTPf8gs5BasRY6YPwxJQgYc2qGIg2DgqGowNBbS2DQ8
HRfKigRz+IqzZAtLAdSDqjhrknPX+opsGJPRkMwJ/HMwc+LQ7/GOPsY7a3uXymLh
ZVA1ka3gdK6oEcj0uiIZjxky6B7Ao2ybLgkiIxz7tDRtYlydOZRKDPNAD+toxnMk
GOflxurtRpq3y7qZR16+aP3bWG63330Malm4uSpb+ROL8t5SjlfpBXqqof0mJw08
rno31/W0wzDkd786WpaqP8NY9GQ=
-----END CERTIFICATE-----

-----BEGIN CERTIFICATE-----
MIIEADCCAuigAwIBAgIBATANBgkqhkiG9w0BAQsFADCBhjEaMBgGA1UEAwwRc2Nt
QGZ2LWF6MTM4Ni0yMTYxLTArBgNVBAsMJGQzOGVjMzQxLTQzZWMtNGQyYy1hMDAw
LTZlZGRjZmMyZjk2ZjEtMCsGA1UECgwkZTNhZmM2YjAtZDM3Yy00ZTY2LWE2OTEt
YzU1ODVhMzlhMWI1MQowCAYDVQQFEwExMB4XDTI0MDcxMDA3MjMwN1oXDTI5MDgx
ODA3MjMwN1owgYYxGjAYBgNVBAMMEXNjbUBmdi1hejEzODYtMjE2MS0wKwYDVQQL
DCRkMzhlYzM0MS00M2VjLTRkMmMtYTAwMC02ZWRkY2ZjMmY5NmYxLTArBgNVBAoM
JGUzYWZjNmIwLWQzN2MtNGU2Ni1hNjkxLWM1NTg1YTM5YTFiNTEKMAgGA1UEBRMB
MTCCASIwDQYJKoZIhvcNAQEBBQADggEPADCCAQoCggEBAKzpRY5cNsZlta7ho5HJ
tjrZH0TtKWid9+5TmD4zBNXSTe3fDZb0lmOIMofdqYw0F6Cwx/+ohBi7oMZRjF80
ebDTDb5TJW5CnJGi4k6THV0Qa1Na0XuwhaJ/ezNMu+S3sxOXZ8vgIO98ViWt1HPm
VdCmCQ2WwMQb0uCBajpMGIZY39PUa2rlbAkDfA1a39hdpd6bjq+IxwyaLGqqsruX
j55QfTxfjpYJgbbISGV/WZypL+U9MzB5EXjES4ve5v33ALOMGrKmT04p5XvPXz3l
Yf/Bh0yV3y+Gz5Xv2imXAvWcAzkc8k29BsD19DyUSPEGj8rQlTN+MlhFF4FWsW5Y
vM8CAwEAAaN3MHUwDwYDVR0TAQH/BAUwAwEB/zAOBgNVHQ8BAf8EBAMCAQYwUgYD
VR0RBEswSYcECgEAE4JBZnYtYXoxMzg2LTIxNi5rbHN6ZnN4czEwc2VuaTJnc3Fs
dGgxNTJ0Yy5keC5pbnRlcm5hbC5jbG91ZGFwcC5uZXQwDQYJKoZIhvcNAQELBQAD
ggEBAFrYxLJV0JZNxWTuNsQfV12XAsjBOyT2TdG2oOYVkb2rvBo8mBEOGDr1HSa/
Kd47PM0PdqdRFxT5/RnSD6PJd5ziFTpxa1Gpv9KF38J5oGceGHpRdjnhc81d/u0C
sR+q3ZEqIrF4Bjj+sxATobDPhFe84FLYqcC+t1y+EG2WXqmEwM7RHRCZOW8i4FUw
3j3h0Nv/8XPOtSjjRIpgFQH61wJ56vVezePgN7rsHPUaBHXZfniIpT3kARA+qrMj
y2cpCVBrPIXnwjnJoRIUopz6qcUw//BLvLe0+ibfuIWzUe9BzUTHxhHoHF29itol
ducdHLhn6fjDeY1U+PhJT/41TlM=
-----END CERTIFICATE-----

2024-07-10 07:23:24,686 [main] INFO  utils.CertificateCodec (CertificateCodec.java:writeCertificate(253)) - Save certificate to /home/runner/work/ozone/ozone/hadoop-ozone/integration-test/target/test-dir/MiniOzoneClusterImpl-e3afc6b0-d37c-4e66-a691-c5585a39a1b5/scmNode-2/scm/sub-ca/certs/certificate.crt
2024-07-10 07:23:24,686 [main] INFO  utils.CertificateCodec (CertificateCodec.java:writeCertificate(254)) - Certificate -----BEGIN CERTIFICATE-----
MIIEADCCAuigAwIBAgIBAzANBgkqhkiG9w0BAQsFADCBhjEaMBgGA1UEAwwRc2Nt
QGZ2LWF6MTM4Ni0yMTYxLTArBgNVBAsMJGQzOGVjMzQxLTQzZWMtNGQyYy1hMDAw
LTZlZGRjZmMyZjk2ZjEtMCsGA1UECgwkZTNhZmM2YjAtZDM3Yy00ZTY2LWE2OTEt
YzU1ODVhMzlhMWI1MQowCAYDVQQFEwExMB4XDTI0MDcxMDA3MjMyNFoXDTI5MDgx
ODA3MjMyNFowgYYxGjAYBgNVBAMMEXNjbS1zdWJAbG9jYWxob3N0MS0wKwYDVQQL
DCQ4YjAwOTBiZi0yNzdmLTRiODktOWVjNy04MGE2ZGNmZjcwNWExLTArBgNVBAoM
JGUzYWZjNmIwLWQzN2MtNGU2Ni1hNjkxLWM1NTg1YTM5YTFiNTEKMAgGA1UEBRMB
MzCCASIwDQYJKoZIhvcNAQEBBQADggEPADCCAQoCggEBAOEEOnn7FKymFAWsfRaB
TBZmo7JjdLuocSoUI4m8VM5eJ0vwi500iVkdDm9slpOc5NC9OE1zAehzFSD1Q3sy
sN4MDoVglvpE3j7791LBgzWw5ygNeNrWiL5E7ntlBrDElO47x/03Hkje2WflnD2w
SW0d7XkdXL+RQe5vmqTwpCpO4lbfiS9jRTg+QZ7W6ErYXHaJU+Hu+NiKL7p2PUyp
Bg3U9UgkfYsPzmlU/9kMed4GcdgFtGo7YVO2goG54O0BC9H94EuciF+91FlJ18ju
antRub5/WvXsd+1vPoRpnkVkjN958Qmk2UlbFvq+kMzcgsKzZP5g4vEbPijQs6ph
5jsCAwEAAaN3MHUwDgYDVR0PAQH/BAQDAgG+MFIGA1UdEQRLMEmHBAoBABOCQWZ2
LWF6MTM4Ni0yMTYua2xzemZzeHMxMHNlbmkyZ3NxbHRoMTUydGMuZHguaW50ZXJu
YWwuY2xvdWRhcHAubmV0MA8GA1UdEwEB/wQFMAMBAf8wDQYJKoZIhvcNAQELBQAD
ggEBAIU00GICBashsMjEnK0RqOIIFWU+1rXZNtmWSUdjxyWGRhg2QjXyx6aIldHO
u3mh1PNWqYt1OPkp3vfc9BTPf8gs5BasRY6YPwxJQgYc2qGIg2DgqGowNBbS2DQ8
HRfKigRz+IqzZAtLAdSDqjhrknPX+opsGJPRkMwJ/HMwc+LQ7/GOPsY7a3uXymLh
ZVA1ka3gdK6oEcj0uiIZjxky6B7Ao2ybLgkiIxz7tDRtYlydOZRKDPNAD+toxnMk
GOflxurtRpq3y7qZR16+aP3bWG63330Malm4uSpb+ROL8t5SjlfpBXqqof0mJw08
rno31/W0wzDkd786WpaqP8NY9GQ=
-----END CERTIFICATE-----

-----BEGIN CERTIFICATE-----
MIIEADCCAuigAwIBAgIBATANBgkqhkiG9w0BAQsFADCBhjEaMBgGA1UEAwwRc2Nt
QGZ2LWF6MTM4Ni0yMTYxLTArBgNVBAsMJGQzOGVjMzQxLTQzZWMtNGQyYy1hMDAw
LTZlZGRjZmMyZjk2ZjEtMCsGA1UECgwkZTNhZmM2YjAtZDM3Yy00ZTY2LWE2OTEt
YzU1ODVhMzlhMWI1MQowCAYDVQQFEwExMB4XDTI0MDcxMDA3MjMwN1oXDTI5MDgx
ODA3MjMwN1owgYYxGjAYBgNVBAMMEXNjbUBmdi1hejEzODYtMjE2MS0wKwYDVQQL
DCRkMzhlYzM0MS00M2VjLTRkMmMtYTAwMC02ZWRkY2ZjMmY5NmYxLTArBgNVBAoM
JGUzYWZjNmIwLWQzN2MtNGU2Ni1hNjkxLWM1NTg1YTM5YTFiNTEKMAgGA1UEBRMB
MTCCASIwDQYJKoZIhvcNAQEBBQADggEPADCCAQoCggEBAKzpRY5cNsZlta7ho5HJ
tjrZH0TtKWid9+5TmD4zBNXSTe3fDZb0lmOIMofdqYw0F6Cwx/+ohBi7oMZRjF80
ebDTDb5TJW5CnJGi4k6THV0Qa1Na0XuwhaJ/ezNMu+S3sxOXZ8vgIO98ViWt1HPm
VdCmCQ2WwMQb0uCBajpMGIZY39PUa2rlbAkDfA1a39hdpd6bjq+IxwyaLGqqsruX
j55QfTxfjpYJgbbISGV/WZypL+U9MzB5EXjES4ve5v33ALOMGrKmT04p5XvPXz3l
Yf/Bh0yV3y+Gz5Xv2imXAvWcAzkc8k29BsD19DyUSPEGj8rQlTN+MlhFF4FWsW5Y
vM8CAwEAAaN3MHUwDwYDVR0TAQH/BAUwAwEB/zAOBgNVHQ8BAf8EBAMCAQYwUgYD
VR0RBEswSYcECgEAE4JBZnYtYXoxMzg2LTIxNi5rbHN6ZnN4czEwc2VuaTJnc3Fs
dGgxNTJ0Yy5keC5pbnRlcm5hbC5jbG91ZGFwcC5uZXQwDQYJKoZIhvcNAQELBQAD
ggEBAFrYxLJV0JZNxWTuNsQfV12XAsjBOyT2TdG2oOYVkb2rvBo8mBEOGDr1HSa/
Kd47PM0PdqdRFxT5/RnSD6PJd5ziFTpxa1Gpv9KF38J5oGceGHpRdjnhc81d/u0C
sR+q3ZEqIrF4Bjj+sxATobDPhFe84FLYqcC+t1y+EG2WXqmEwM7RHRCZOW8i4FUw
3j3h0Nv/8XPOtSjjRIpgFQH61wJ56vVezePgN7rsHPUaBHXZfniIpT3kARA+qrMj
y2cpCVBrPIXnwjnJoRIUopz6qcUw//BLvLe0+ibfuIWzUe9BzUTHxhHoHF29itol
ducdHLhn6fjDeY1U+PhJT/41TlM=
-----END CERTIFICATE-----

2024-07-10 07:23:24,687 [main] INFO  client.SCMCertificateClient (SCMCertificateClient.java:recoverStateIfNeeded(295)) - Successfully stored SCM signed certificate.
2024-07-10 07:23:24,689 [main] INFO  server.StorageContainerManager (StorageContainerManager.java:scmBootstrap(1207)) - SCM BootStrap  is successful for ClusterID e3afc6b0-d37c-4e66-a691-c5585a39a1b5, SCMID 8b0090bf-277f-4b89-9ec7-80a6dcff705a
2024-07-10 07:23:24,689 [main] INFO  server.StorageContainerManager (StorageContainerManager.java:scmBootstrap(1209)) - Primary SCM Node ID d38ec341-43ec-4d2c-a000-6eddcfc2f96f
2024-07-10 07:23:24,690 [main] WARN  server.ServerUtils (ServerUtils.java:getScmDbDir(143)) - ozone.scm.db.dirs is not configured. We recommend adding this setting. Falling back to ozone.metadata.dirs instead.
2024-07-10 07:23:24,690 [main] INFO  ha.SCMHANodeDetails (SCMHANodeDetails.java:loadSCMHAConfig(207)) - ServiceID for StorageContainerManager is TestSecretKey
2024-07-10 07:23:24,691 [main] INFO  ha.SCMHANodeDetails (SCMHANodeDetails.java:loadSCMHAConfig(218)) - ServiceID for StorageContainerManager is TestSecretKey
2024-07-10 07:23:24,691 [main] WARN  scm.ScmUtils (ScmUtils.java:logWarn(165)) - ConfigKey ozone.scm.block.client.address is deprecated, For configuring different ports for each SCM use PortConfigKey ozone.scm.block.client.port appended with serviceId and nodeId. If want to configure same port configure ozone.scm.block.client.port
2024-07-10 07:23:24,692 [main] WARN  scm.ScmUtils (ScmUtils.java:logWarn(165)) - ConfigKey ozone.scm.client.address is deprecated, For configuring different ports for each SCM use PortConfigKey ozone.scm.client.port appended with serviceId and nodeId. If want to configure same port configure ozone.scm.client.port
2024-07-10 07:23:24,692 [main] WARN  scm.ScmUtils (ScmUtils.java:logWarn(165)) - ConfigKey ozone.scm.datanode.address is deprecated, For configuring different ports for each SCM use PortConfigKey ozone.scm.datanode.port appended with serviceId and nodeId. If want to configure same port configure ozone.scm.datanode.port
2024-07-10 07:23:24,693 [main] WARN  scm.ScmUtils (ScmUtils.java:logWarn(165)) - ConfigKey ozone.scm.block.client.address is deprecated, For configuring different ports for each SCM use PortConfigKey ozone.scm.block.client.port appended with serviceId and nodeId. If want to configure same port configure ozone.scm.block.client.port
2024-07-10 07:23:24,693 [main] WARN  scm.ScmUtils (ScmUtils.java:logWarn(165)) - ConfigKey ozone.scm.client.address is deprecated, For configuring different ports for each SCM use PortConfigKey ozone.scm.client.port appended with serviceId and nodeId. If want to configure same port configure ozone.scm.client.port
2024-07-10 07:23:24,694 [main] WARN  scm.ScmUtils (ScmUtils.java:logWarn(165)) - ConfigKey ozone.scm.datanode.address is deprecated, For configuring different ports for each SCM use PortConfigKey ozone.scm.datanode.port appended with serviceId and nodeId. If want to configure same port configure ozone.scm.datanode.port
2024-07-10 07:23:24,694 [main] INFO  ha.SCMHANodeDetails (SCMHANodeDetails.java:loadSCMHAConfig(305)) - Found matching SCM address with SCMServiceId: TestSecretKey, SCMNodeId: scmNode-2, RPC Address: localhost:15011 and Ratis port: 15011
2024-07-10 07:23:24,694 [main] INFO  ha.SCMHANodeDetails (ConfUtils.java:setNodeSpecificConfigs(97)) - Setting configuration key ozone.scm.datanode.address with value of key ozone.scm.datanode.address.TestSecretKey.scmNode-2: 127.0.0.1:15012
2024-07-10 07:23:24,695 [main] INFO  ha.SCMHANodeDetails (ConfUtils.java:setNodeSpecificConfigs(97)) - Setting configuration key ozone.scm.block.client.address with value of key ozone.scm.block.client.address.TestSecretKey.scmNode-2: 127.0.0.1:15015
2024-07-10 07:23:24,695 [main] INFO  ha.SCMHANodeDetails (ConfUtils.java:setNodeSpecificConfigs(97)) - Setting configuration key ozone.scm.client.address with value of key ozone.scm.client.address.TestSecretKey.scmNode-2: 127.0.0.1:15013
2024-07-10 07:23:24,696 [main] INFO  ha.SCMHANodeDetails (ConfUtils.java:setNodeSpecificConfigs(97)) - Setting configuration key ozone.scm.security.service.address with value of key ozone.scm.security.service.address.TestSecretKey.scmNode-2: 127.0.0.1:15010
2024-07-10 07:23:24,696 [main] INFO  ha.SCMHANodeDetails (ConfUtils.java:setNodeSpecificConfigs(97)) - Setting configuration key ozone.scm.ratis.port with value of key ozone.scm.ratis.port.TestSecretKey.scmNode-2: 15011
2024-07-10 07:23:24,697 [main] INFO  ha.SCMHANodeDetails (ConfUtils.java:setNodeSpecificConfigs(97)) - Setting configuration key ozone.scm.grpc.port with value of key ozone.scm.grpc.port.TestSecretKey.scmNode-2: 15014
2024-07-10 07:23:24,697 [main] INFO  ha.SCMHANodeDetails (ConfUtils.java:setNodeSpecificConfigs(97)) - Setting configuration key ozone.scm.http-address with value of key ozone.scm.http-address.TestSecretKey.scmNode-2: 127.0.0.1:15008
2024-07-10 07:23:24,697 [main] INFO  ha.SCMHANodeDetails (ConfUtils.java:setNodeSpecificConfigs(97)) - Setting configuration key ozone.scm.https-address with value of key ozone.scm.https-address.TestSecretKey.scmNode-2: 127.0.0.1:15009
2024-07-10 07:23:24,698 [main] INFO  ha.SCMHANodeDetails (ConfUtils.java:setNodeSpecificConfigs(97)) - Setting configuration key ozone.scm.address with value of key ozone.scm.address.TestSecretKey.scmNode-2: 127.0.0.1
2024-07-10 07:23:24,698 [main] WARN  scm.ScmUtils (ScmUtils.java:logWarn(165)) - ConfigKey ozone.scm.block.client.address is deprecated, For configuring different ports for each SCM use PortConfigKey ozone.scm.block.client.port appended with serviceId and nodeId. If want to configure same port configure ozone.scm.block.client.port
2024-07-10 07:23:24,699 [main] WARN  scm.ScmUtils (ScmUtils.java:logWarn(165)) - ConfigKey ozone.scm.client.address is deprecated, For configuring different ports for each SCM use PortConfigKey ozone.scm.client.port appended with serviceId and nodeId. If want to configure same port configure ozone.scm.client.port
2024-07-10 07:23:24,699 [main] WARN  scm.ScmUtils (ScmUtils.java:logWarn(165)) - ConfigKey ozone.scm.datanode.address is deprecated, For configuring different ports for each SCM use PortConfigKey ozone.scm.datanode.port appended with serviceId and nodeId. If want to configure same port configure ozone.scm.datanode.port
2024-07-10 07:23:24,701 [main] INFO  ha.SCMNodeInfo (SCMNodeInfo.java:getPort(197)) - ConfigKey ozone.scm.client.address is deprecated, For configuring different ports for each SCM use PortConfigKey ozone.scm.client.port appended with serviceId and nodeId
2024-07-10 07:23:24,701 [main] INFO  ha.SCMNodeInfo (SCMNodeInfo.java:getPort(197)) - ConfigKey ozone.scm.block.client.address is deprecated, For configuring different ports for each SCM use PortConfigKey ozone.scm.block.client.port appended with serviceId and nodeId
2024-07-10 07:23:24,702 [main] INFO  ha.SCMNodeInfo (SCMNodeInfo.java:getPort(197)) - ConfigKey ozone.scm.security.service.address is deprecated, For configuring different ports for each SCM use PortConfigKey ozone.scm.security.service.port appended with serviceId and nodeId
2024-07-10 07:23:24,702 [main] INFO  ha.SCMNodeInfo (SCMNodeInfo.java:getPort(197)) - ConfigKey ozone.scm.datanode.address is deprecated, For configuring different ports for each SCM use PortConfigKey ozone.scm.datanode.port appended with serviceId and nodeId
2024-07-10 07:23:24,703 [main] INFO  ha.SCMNodeInfo (SCMNodeInfo.java:getPort(197)) - ConfigKey ozone.scm.client.address is deprecated, For configuring different ports for each SCM use PortConfigKey ozone.scm.client.port appended with serviceId and nodeId
2024-07-10 07:23:24,703 [main] INFO  ha.SCMNodeInfo (SCMNodeInfo.java:getPort(197)) - ConfigKey ozone.scm.block.client.address is deprecated, For configuring different ports for each SCM use PortConfigKey ozone.scm.block.client.port appended with serviceId and nodeId
2024-07-10 07:23:24,703 [main] INFO  ha.SCMNodeInfo (SCMNodeInfo.java:getPort(197)) - ConfigKey ozone.scm.security.service.address is deprecated, For configuring different ports for each SCM use PortConfigKey ozone.scm.security.service.port appended with serviceId and nodeId
2024-07-10 07:23:24,704 [main] INFO  ha.SCMNodeInfo (SCMNodeInfo.java:getPort(197)) - ConfigKey ozone.scm.datanode.address is deprecated, For configuring different ports for each SCM use PortConfigKey ozone.scm.datanode.port appended with serviceId and nodeId
2024-07-10 07:23:24,704 [main] INFO  ha.SCMNodeInfo (SCMNodeInfo.java:getPort(197)) - ConfigKey ozone.scm.client.address is deprecated, For configuring different ports for each SCM use PortConfigKey ozone.scm.client.port appended with serviceId and nodeId
2024-07-10 07:23:24,705 [main] INFO  ha.SCMNodeInfo (SCMNodeInfo.java:getPort(197)) - ConfigKey ozone.scm.block.client.address is deprecated, For configuring different ports for each SCM use PortConfigKey ozone.scm.block.client.port appended with serviceId and nodeId
2024-07-10 07:23:24,705 [main] INFO  ha.SCMNodeInfo (SCMNodeInfo.java:getPort(197)) - ConfigKey ozone.scm.security.service.address is deprecated, For configuring different ports for each SCM use PortConfigKey ozone.scm.security.service.port appended with serviceId and nodeId
2024-07-10 07:23:24,705 [main] INFO  ha.SCMNodeInfo (SCMNodeInfo.java:getPort(197)) - ConfigKey ozone.scm.datanode.address is deprecated, For configuring different ports for each SCM use PortConfigKey ozone.scm.datanode.port appended with serviceId and nodeId
2024-07-10 07:23:24,718 [pool-1-thread-2] INFO  request.KdcRequest (KdcRequest.java:preauth(651)) - The preauth data is empty.
2024-07-10 07:23:24,719 [pool-1-thread-2] INFO  server.KdcHandler (KdcHandler.java:handleRecoverableException(177)) - KRB error occurred while processing request:Additional pre-authentication required
2024-07-10 07:23:24,731 [pool-1-thread-2] INFO  request.AsRequest (AsRequest.java:issueTicket(112)) - AS_REQ ISSUE: authtime 1720596204731,scm/fv-az1386-216.klszfsxs10seni2gsqlth152tc.dx.internal.cloudapp.net@EXAMPLE.COM for krbtgt/EXAMPLE.COM@EXAMPLE.COM
2024-07-10 07:23:24,733 [main] INFO  security.UserGroupInformation (UserGroupInformation.java:loginUserFromKeytab(1132)) - Login successful for user scm/fv-az1386-216.klszfsxs10seni2gsqlth152tc.dx.internal.cloudapp.net@EXAMPLE.COM using keytab file scm.keytab. Keytab auto renewal enabled : false
2024-07-10 07:23:24,734 [main] INFO  server.StorageContainerManager (StorageContainerManager.java:loginAsSCMUserIfSecurityEnabled(1069)) - SCM login successful.
2024-07-10 07:23:24,735 [main] INFO  ha.SCMNodeInfo (SCMNodeInfo.java:getPort(197)) - ConfigKey ozone.scm.client.address is deprecated, For configuring different ports for each SCM use PortConfigKey ozone.scm.client.port appended with serviceId and nodeId
2024-07-10 07:23:24,736 [main] INFO  ha.SCMNodeInfo (SCMNodeInfo.java:getPort(197)) - ConfigKey ozone.scm.block.client.address is deprecated, For configuring different ports for each SCM use PortConfigKey ozone.scm.block.client.port appended with serviceId and nodeId
2024-07-10 07:23:24,736 [main] INFO  ha.SCMNodeInfo (SCMNodeInfo.java:getPort(197)) - ConfigKey ozone.scm.security.service.address is deprecated, For configuring different ports for each SCM use PortConfigKey ozone.scm.security.service.port appended with serviceId and nodeId
2024-07-10 07:23:24,737 [main] INFO  ha.SCMNodeInfo (SCMNodeInfo.java:getPort(197)) - ConfigKey ozone.scm.datanode.address is deprecated, For configuring different ports for each SCM use PortConfigKey ozone.scm.datanode.port appended with serviceId and nodeId
2024-07-10 07:23:24,737 [main] INFO  ha.SCMNodeInfo (SCMNodeInfo.java:getPort(197)) - ConfigKey ozone.scm.client.address is deprecated, For configuring different ports for each SCM use PortConfigKey ozone.scm.client.port appended with serviceId and nodeId
2024-07-10 07:23:24,738 [main] INFO  ha.SCMNodeInfo (SCMNodeInfo.java:getPort(197)) - ConfigKey ozone.scm.block.client.address is deprecated, For configuring different ports for each SCM use PortConfigKey ozone.scm.block.client.port appended with serviceId and nodeId
2024-07-10 07:23:24,738 [main] INFO  ha.SCMNodeInfo (SCMNodeInfo.java:getPort(197)) - ConfigKey ozone.scm.security.service.address is deprecated, For configuring different ports for each SCM use PortConfigKey ozone.scm.security.service.port appended with serviceId and nodeId
2024-07-10 07:23:24,738 [main] INFO  ha.SCMNodeInfo (SCMNodeInfo.java:getPort(197)) - ConfigKey ozone.scm.datanode.address is deprecated, For configuring different ports for each SCM use PortConfigKey ozone.scm.datanode.port appended with serviceId and nodeId
2024-07-10 07:23:24,739 [main] INFO  ha.SCMNodeInfo (SCMNodeInfo.java:getPort(197)) - ConfigKey ozone.scm.client.address is deprecated, For configuring different ports for each SCM use PortConfigKey ozone.scm.client.port appended with serviceId and nodeId
2024-07-10 07:23:24,739 [main] INFO  ha.SCMNodeInfo (SCMNodeInfo.java:getPort(197)) - ConfigKey ozone.scm.block.client.address is deprecated, For configuring different ports for each SCM use PortConfigKey ozone.scm.block.client.port appended with serviceId and nodeId
2024-07-10 07:23:24,740 [main] INFO  ha.SCMNodeInfo (SCMNodeInfo.java:getPort(197)) - ConfigKey ozone.scm.security.service.address is deprecated, For configuring different ports for each SCM use PortConfigKey ozone.scm.security.service.port appended with serviceId and nodeId
2024-07-10 07:23:24,740 [main] INFO  ha.SCMNodeInfo (SCMNodeInfo.java:getPort(197)) - ConfigKey ozone.scm.datanode.address is deprecated, For configuring different ports for each SCM use PortConfigKey ozone.scm.datanode.port appended with serviceId and nodeId
2024-07-10 07:23:24,741 [main] INFO  ha.SCMNodeInfo (SCMNodeInfo.java:getPort(197)) - ConfigKey ozone.scm.client.address is deprecated, For configuring different ports for each SCM use PortConfigKey ozone.scm.client.port appended with serviceId and nodeId
2024-07-10 07:23:24,741 [main] INFO  ha.SCMNodeInfo (SCMNodeInfo.java:getPort(197)) - ConfigKey ozone.scm.block.client.address is deprecated, For configuring different ports for each SCM use PortConfigKey ozone.scm.block.client.port appended with serviceId and nodeId
2024-07-10 07:23:24,742 [main] INFO  ha.SCMNodeInfo (SCMNodeInfo.java:getPort(197)) - ConfigKey ozone.scm.security.service.address is deprecated, For configuring different ports for each SCM use PortConfigKey ozone.scm.security.service.port appended with serviceId and nodeId
2024-07-10 07:23:24,742 [main] INFO  ha.SCMNodeInfo (SCMNodeInfo.java:getPort(197)) - ConfigKey ozone.scm.datanode.address is deprecated, For configuring different ports for each SCM use PortConfigKey ozone.scm.datanode.port appended with serviceId and nodeId
2024-07-10 07:23:24,742 [main] INFO  ha.SCMNodeInfo (SCMNodeInfo.java:getPort(197)) - ConfigKey ozone.scm.client.address is deprecated, For configuring different ports for each SCM use PortConfigKey ozone.scm.client.port appended with serviceId and nodeId
2024-07-10 07:23:24,743 [main] INFO  ha.SCMNodeInfo (SCMNodeInfo.java:getPort(197)) - ConfigKey ozone.scm.block.client.address is deprecated, For configuring different ports for each SCM use PortConfigKey ozone.scm.block.client.port appended with serviceId and nodeId
2024-07-10 07:23:24,743 [main] INFO  ha.SCMNodeInfo (SCMNodeInfo.java:getPort(197)) - ConfigKey ozone.scm.security.service.address is deprecated, For configuring different ports for each SCM use PortConfigKey ozone.scm.security.service.port appended with serviceId and nodeId
2024-07-10 07:23:24,744 [main] INFO  ha.SCMNodeInfo (SCMNodeInfo.java:getPort(197)) - ConfigKey ozone.scm.datanode.address is deprecated, For configuring different ports for each SCM use PortConfigKey ozone.scm.datanode.port appended with serviceId and nodeId
2024-07-10 07:23:24,744 [main] INFO  ha.SCMNodeInfo (SCMNodeInfo.java:getPort(197)) - ConfigKey ozone.scm.client.address is deprecated, For configuring different ports for each SCM use PortConfigKey ozone.scm.client.port appended with serviceId and nodeId
2024-07-10 07:23:24,745 [main] INFO  ha.SCMNodeInfo (SCMNodeInfo.java:getPort(197)) - ConfigKey ozone.scm.block.client.address is deprecated, For configuring different ports for each SCM use PortConfigKey ozone.scm.block.client.port appended with serviceId and nodeId
2024-07-10 07:23:24,745 [main] INFO  ha.SCMNodeInfo (SCMNodeInfo.java:getPort(197)) - ConfigKey ozone.scm.security.service.address is deprecated, For configuring different ports for each SCM use PortConfigKey ozone.scm.security.service.port appended with serviceId and nodeId
2024-07-10 07:23:24,745 [main] INFO  ha.SCMNodeInfo (SCMNodeInfo.java:getPort(197)) - ConfigKey ozone.scm.datanode.address is deprecated, For configuring different ports for each SCM use PortConfigKey ozone.scm.datanode.port appended with serviceId and nodeId
2024-07-10 07:23:24,746 [main] INFO  client.SCMCertificateClient (DefaultCertificateClient.java:updateCertSerialId(1313)) - Certificate serial ID set to 3
2024-07-10 07:23:24,748 [main] INFO  client.SCMCertificateClient (DefaultCertificateClient.java:readCertificateFile(248)) - Added certificate 3 from file: /home/runner/work/ozone/ozone/hadoop-ozone/integration-test/target/test-dir/MiniOzoneClusterImpl-e3afc6b0-d37c-4e66-a691-c5585a39a1b5/scmNode-2/scm/sub-ca/certs/certificate.crt.
2024-07-10 07:23:24,752 [main] INFO  client.SCMCertificateClient (DefaultCertificateClient.java:readCertificateFile(248)) - Added certificate 3 from file: /home/runner/work/ozone/ozone/hadoop-ozone/integration-test/target/test-dir/MiniOzoneClusterImpl-e3afc6b0-d37c-4e66-a691-c5585a39a1b5/scmNode-2/scm/sub-ca/certs/3.crt.
2024-07-10 07:23:24,753 [main] INFO  client.SCMCertificateClient (DefaultCertificateClient.java:readCertificateFile(248)) - Added certificate 1 from file: /home/runner/work/ozone/ozone/hadoop-ozone/integration-test/target/test-dir/MiniOzoneClusterImpl-e3afc6b0-d37c-4e66-a691-c5585a39a1b5/scmNode-2/scm/sub-ca/certs/CA-1.crt.
2024-07-10 07:23:24,754 [main] INFO  client.SCMCertificateClient (DefaultCertificateClient.java:loadAllCertificates(197)) - CertificateRenewerService and root ca rotation polling is disabled for scm/sub-ca
2024-07-10 07:23:24,754 [main] WARN  utils.HAUtils (HAUtils.java:getMetaDir(339)) - ozone.scm.db.dirs is not configured. We recommend adding this setting. Falling back to ozone.metadata.dirs instead.
2024-07-10 07:23:24,755 [main] WARN  db.DBStoreBuilder (DBStoreBuilder.java:applyDBDefinition(171)) - ozone.scm.db.dirs is not configured. We recommend adding this setting. Falling back to ozone.metadata.dirs instead.
2024-07-10 07:23:24,817 [main] INFO  net.NodeSchemaLoader (NodeSchemaLoader.java:loadSchemaFromFile(129)) - Loading schema from [jar:file:/home/runner/work/ozone/ozone/hadoop-hdds/common/target/hdds-common-1.5.0-SNAPSHOT.jar!/network-topology-default.xml]
2024-07-10 07:23:24,817 [main] INFO  net.NodeSchemaLoader (NodeSchemaLoader.java:loadSchema(176)) - Loading network topology layer schema file
2024-07-10 07:23:24,820 [main] WARN  dropwizard3.Dm3MetricRegistriesImpl (Dm3MetricRegistriesImpl.java:addReporterRegistration(114)) - New reporters are added after registries were created. Some metrics will be missing from the reporter. Please add reporter before adding any new registry.
2024-07-10 07:23:24,820 [main] WARN  dropwizard3.Dm3MetricRegistriesImpl (Dm3MetricRegistriesImpl.java:addReporterRegistration(114)) - New reporters are added after registries were created. Some metrics will be missing from the reporter. Please add reporter before adding any new registry.
2024-07-10 07:23:24,838 [main] INFO  ha.SCMRatisServerImpl (SCMRatisServerImpl.java:<init>(99)) - starting Raft server for scm:8b0090bf-277f-4b89-9ec7-80a6dcff705a
2024-07-10 07:23:24,839 [main] INFO  server.RaftServer (ConfUtils.java:logGet(46)) - raft.rpc.type = GRPC (default)
2024-07-10 07:23:24,840 [main] INFO  grpc.GrpcConfigKeys (ConfUtils.java:logFallback(53)) - raft.grpc.admin.host = null (fallback to raft.grpc.server.host)
2024-07-10 07:23:24,840 [main] INFO  grpc.GrpcConfigKeys (ConfUtils.java:logFallback(53)) - raft.grpc.admin.port = 15011 (fallback to raft.grpc.server.port)
2024-07-10 07:23:24,840 [main] INFO  grpc.GrpcConfigKeys (ConfUtils.java:logFallback(53)) - raft.grpc.client.host = null (fallback to raft.grpc.server.host)
2024-07-10 07:23:24,840 [main] INFO  grpc.GrpcConfigKeys (ConfUtils.java:logFallback(53)) - raft.grpc.client.port = 15011 (fallback to raft.grpc.server.port)
2024-07-10 07:23:24,840 [main] INFO  grpc.GrpcConfigKeys (ConfUtils.java:logGet(46)) - raft.grpc.server.host = null (default)
2024-07-10 07:23:24,840 [main] INFO  grpc.GrpcConfigKeys (ConfUtils.java:logGet(46)) - raft.grpc.server.port = 15011 (custom)
2024-07-10 07:23:24,840 [main] INFO  server.GrpcService (ConfUtils.java:logGet(46)) - raft.grpc.message.size.max = 32m (=33554432) (custom)
2024-07-10 07:23:24,841 [main] INFO  server.RaftServerConfigKeys (ConfUtils.java:logGet(46)) - raft.server.log.appender.buffer.byte-limit = 4194304 (custom)
2024-07-10 07:23:24,841 [main] INFO  server.GrpcService (ConfUtils.java:logGet(46)) - raft.grpc.flow.control.window = 1MB (=1048576) (default)
2024-07-10 07:23:24,841 [main] INFO  server.RaftServerConfigKeys (ConfUtils.java:logGet(46)) - raft.server.rpc.request.timeout = 30000ms (custom)
2024-07-10 07:23:24,841 [main] INFO  grpc.GrpcConfigKeys (ConfUtils.java:logGet(46)) - raft.grpc.server.heartbeat.channel = true (default)
2024-07-10 07:23:24,841 [main] INFO  grpc.GrpcConfigKeys (ConfUtils.java:logGet(46)) - raft.grpc.server.async.request.thread.pool.cached = true (default)
2024-07-10 07:23:24,841 [main] INFO  grpc.GrpcConfigKeys (ConfUtils.java:logGet(46)) - raft.grpc.server.async.request.thread.pool.size = 32 (default)
2024-07-10 07:23:24,842 [main] INFO  impl.DataStreamServerImpl (ConfUtils.java:logGet(46)) - raft.datastream.type = DISABLED (default)
2024-07-10 07:23:24,842 [main] INFO  server.RaftServerConfigKeys (ConfUtils.java:logGet(46)) - raft.server.sleep.deviation.threshold = 300ms (default)
2024-07-10 07:23:24,842 [main] INFO  server.RaftServerConfigKeys (ConfUtils.java:logGet(46)) - raft.server.close.threshold = 60s (default)
2024-07-10 07:23:24,842 [main] INFO  server.RaftServerConfigKeys (ConfUtils.java:logGet(46)) - raft.server.leaderelection.leader.step-down.wait-time = 10s (default)
2024-07-10 07:23:24,842 [main] INFO  server.RaftServerConfigKeys (ConfUtils.java:logGet(46)) - raft.server.storage.dir = [/home/runner/work/ozone/ozone/hadoop-ozone/integration-test/target/test-dir/MiniOzoneClusterImpl-e3afc6b0-d37c-4e66-a691-c5585a39a1b5/scmNode-2/scm-ha] (custom)
2024-07-10 07:23:24,842 [main] INFO  server.RaftServerConfigKeys (ConfUtils.java:logGet(46)) - raft.server.threadpool.proxy.cached = true (default)
2024-07-10 07:23:24,843 [main] INFO  server.RaftServerConfigKeys (ConfUtils.java:logGet(46)) - raft.server.threadpool.proxy.size = 0 (default)
2024-07-10 07:23:24,843 [main] INFO  server.RaftServer (RaftServerProxy.java:addNew(101)) - 8b0090bf-277f-4b89-9ec7-80a6dcff705a: addNew group-C5585A39A1B5:[] returns group-C5585A39A1B5:java.util.concurrent.CompletableFuture@57ab7b32[Not completed]
2024-07-10 07:23:24,843 [8b0090bf-277f-4b89-9ec7-80a6dcff705a-groupManagement] INFO  server.RaftServer$Division (RaftServerImpl.java:<init>(253)) - 8b0090bf-277f-4b89-9ec7-80a6dcff705a: new RaftServerImpl for group-C5585A39A1B5:[] with SCMStateMachine:uninitialized
2024-07-10 07:23:24,844 [8b0090bf-277f-4b89-9ec7-80a6dcff705a-groupManagement] INFO  server.RaftServerConfigKeys (ConfUtils.java:logGet(46)) - raft.server.rpc.timeout.min = 5000ms (custom)
2024-07-10 07:23:24,844 [8b0090bf-277f-4b89-9ec7-80a6dcff705a-groupManagement] INFO  server.RaftServerConfigKeys (ConfUtils.java:logGet(46)) - raft.server.rpc.timeout.max = 5200ms (custom)
2024-07-10 07:23:24,844 [8b0090bf-277f-4b89-9ec7-80a6dcff705a-groupManagement] INFO  server.RaftServerConfigKeys (ConfUtils.java:logGet(46)) - raft.server.rpc.sleep.time = 25ms (default)
2024-07-10 07:23:24,844 [8b0090bf-277f-4b89-9ec7-80a6dcff705a-groupManagement] INFO  server.RaftServerConfigKeys (ConfUtils.java:logGet(46)) - raft.server.rpc.slowness.timeout = 120000ms (custom)
2024-07-10 07:23:24,844 [8b0090bf-277f-4b89-9ec7-80a6dcff705a-groupManagement] INFO  server.RaftServerConfigKeys (ConfUtils.java:logGet(46)) - raft.server.leaderelection.leader.step-down.wait-time = 10s (default)
2024-07-10 07:23:24,844 [8b0090bf-277f-4b89-9ec7-80a6dcff705a-groupManagement] INFO  server.RaftServerConfigKeys (ConfUtils.java:logGet(46)) - raft.server.leaderelection.member.majority-add = false (default)
2024-07-10 07:23:24,844 [8b0090bf-277f-4b89-9ec7-80a6dcff705a-groupManagement] INFO  server.RaftServerConfigKeys (ConfUtils.java:logGet(46)) - raft.server.sleep.deviation.threshold = 300ms (default)
2024-07-10 07:23:24,844 [8b0090bf-277f-4b89-9ec7-80a6dcff705a-groupManagement] INFO  server.RaftServer$Division (ServerState.java:<init>(114)) - 8b0090bf-277f-4b89-9ec7-80a6dcff705a@group-C5585A39A1B5: ConfigurationManager, init=conf: {index: -1, cur=peers:[]|listeners:[], old=null}, confs=<EMPTY_MAP>
2024-07-10 07:23:24,844 [8b0090bf-277f-4b89-9ec7-80a6dcff705a-groupManagement] INFO  server.RaftServerConfigKeys (ConfUtils.java:logGet(46)) - raft.server.notification.no-leader.timeout = 60s (default)
2024-07-10 07:23:24,845 [8b0090bf-277f-4b89-9ec7-80a6dcff705a-groupManagement] INFO  server.RaftServerConfigKeys (ConfUtils.java:logGet(46)) - raft.server.read.timeout = 10s (default)
2024-07-10 07:23:24,845 [8b0090bf-277f-4b89-9ec7-80a6dcff705a-groupManagement] INFO  server.RaftServerConfigKeys (ConfUtils.java:logGet(46)) - raft.server.retrycache.expirytime = 60000ms (default)
2024-07-10 07:23:24,845 [8b0090bf-277f-4b89-9ec7-80a6dcff705a-groupManagement] INFO  server.RaftServerConfigKeys (ConfUtils.java:logGet(46)) - raft.server.retrycache.statistics.expirytime = 100ms (default)
2024-07-10 07:23:24,845 [8b0090bf-277f-4b89-9ec7-80a6dcff705a-groupManagement] INFO  server.RaftServerConfigKeys (ConfUtils.java:logGet(46)) - raft.server.read.option = DEFAULT (default)
2024-07-10 07:23:24,845 [8b0090bf-277f-4b89-9ec7-80a6dcff705a-groupManagement] INFO  server.RaftServerConfigKeys (ConfUtils.java:logGet(46)) - raft.server.read.read-after-write-consistent.write-index-cache.expiry-time = 60s (default)
2024-07-10 07:23:24,851 [8b0090bf-277f-4b89-9ec7-80a6dcff705a-groupManagement] INFO  server.RaftServerConfigKeys (ConfUtils.java:logGet(46)) - raft.server.rpc.request.timeout = 30000ms (custom)
2024-07-10 07:23:24,851 [8b0090bf-277f-4b89-9ec7-80a6dcff705a-groupManagement] INFO  server.RaftServerConfigKeys (ConfUtils.java:logGet(46)) - raft.server.log.appender.install.snapshot.enabled = false (custom)
2024-07-10 07:23:24,851 [8b0090bf-277f-4b89-9ec7-80a6dcff705a-groupManagement] INFO  server.RaftServerConfigKeys (ConfUtils.java:logGet(46)) - raft.server.threadpool.server.cached = true (default)
2024-07-10 07:23:24,851 [8b0090bf-277f-4b89-9ec7-80a6dcff705a-groupManagement] INFO  server.RaftServerConfigKeys (ConfUtils.java:logGet(46)) - raft.server.threadpool.server.size = 0 (default)
2024-07-10 07:23:24,851 [8b0090bf-277f-4b89-9ec7-80a6dcff705a-groupManagement] INFO  server.RaftServerConfigKeys (ConfUtils.java:logGet(46)) - raft.server.threadpool.client.cached = true (default)
2024-07-10 07:23:24,851 [8b0090bf-277f-4b89-9ec7-80a6dcff705a-groupManagement] INFO  server.RaftServerConfigKeys (ConfUtils.java:logGet(46)) - raft.server.threadpool.client.size = 0 (default)
2024-07-10 07:23:24,851 [main] INFO  ha.SCMSnapshotProvider (SCMSnapshotProvider.java:<init>(66)) - Initializing SCM Snapshot Provider
2024-07-10 07:23:24,852 [main] WARN  server.ServerUtils (ServerUtils.java:getDefaultRatisDirectory(311)) - Storage directory for Ratis is not configured. It is a good idea to map this to an SSD disk. Falling back to ozone.metadata.dirs
2024-07-10 07:23:24,852 [main] WARN  ha.SCMHAUtils (SCMHAUtils.java:getSCMRatisSnapshotDirectory(158)) - SCM snapshot dir is not configured. Falling back to ozone.metadata.dirs config
2024-07-10 07:23:24,853 [main] INFO  upgrade.AbstractLayoutVersionManager (AbstractLayoutVersionManager.java:init(83)) - Initializing Layout version manager with metadata layout = HADOOP_PRC_PORTS_IN_DATANODEDETAILS (version = 7), software layout = HADOOP_PRC_PORTS_IN_DATANODEDETAILS (version = 7)
2024-07-10 07:23:24,855 [main] INFO  ha.SequenceIdGenerator (SequenceIdGenerator.java:upgradeToSequenceId(369)) - upgrade localId to 113750153625600000
2024-07-10 07:23:24,856 [main] INFO  ha.SequenceIdGenerator (SequenceIdGenerator.java:upgradeToSequenceId(379)) - upgrade delTxnId to 0
2024-07-10 07:23:24,857 [main] INFO  ha.SequenceIdGenerator (SequenceIdGenerator.java:upgradeToSequenceId(396)) - upgrade containerId to 0
2024-07-10 07:23:24,858 [main] INFO  ha.SequenceIdGenerator (SequenceIdGenerator.java:upgradeToCertificateSequenceId(433)) - upgrade CertificateId to 2
2024-07-10 07:23:24,859 [main] INFO  ha.SequenceIdGenerator (SequenceIdGenerator.java:<init>(240)) - Init the HA SequenceIdGenerator.
2024-07-10 07:23:24,859 [main] WARN  server.ServerUtils (ServerUtils.java:sanitizeUserArgs(79)) - ozone.scm.stale.node.interval value = 300000 is larger than max = 100000 based on the key value of ozone.scm.heartbeat.thread.interval, reset to the max value 100000.
2024-07-10 07:23:24,859 [main] WARN  server.ServerUtils (ServerUtils.java:sanitizeUserArgs(79)) - ozone.scm.stale.node.interval value = 300000 is larger than max = 100000 based on the key value of ozone.scm.heartbeat.thread.interval, reset to the max value 100000.
2024-07-10 07:23:24,862 [main] INFO  node.SCMNodeManager (SCMNodeManager.java:<init>(177)) - Entering startup safe mode.
2024-07-10 07:23:24,863 [main] INFO  algorithms.ContainerPlacementPolicyFactory (ContainerPlacementPolicyFactory.java:getPolicyInternal(86)) - Create container placement policy of type org.apache.hadoop.hdds.scm.container.placement.algorithms.SCMContainerPlacementRackAware
2024-07-10 07:23:24,863 [main] INFO  algorithms.ContainerPlacementPolicyFactory (ContainerPlacementPolicyFactory.java:getPolicyInternal(86)) - Create container placement policy of type org.apache.hadoop.hdds.scm.container.placement.algorithms.SCMContainerPlacementRackScatter
2024-07-10 07:23:24,864 [main] INFO  pipeline.PipelineStateManagerImpl (PipelineStateManagerImpl.java:initialize(78)) - No pipeline exists in current db
2024-07-10 07:23:24,864 [main] INFO  algorithms.LeaderChoosePolicyFactory (LeaderChoosePolicyFactory.java:getPolicy(57)) - Create leader choose policy of type org.apache.hadoop.hdds.scm.pipeline.leader.choose.algorithms.MinLeaderCountChoosePolicy
2024-07-10 07:23:24,864 [main] INFO  algorithms.ContainerPlacementPolicyFactory (ContainerPlacementPolicyFactory.java:getPolicyInternal(86)) - Create container placement policy of type org.apache.hadoop.hdds.scm.container.placement.algorithms.SCMContainerPlacementRackScatter
2024-07-10 07:23:24,864 [main] INFO  ha.SCMServiceManager (SCMServiceManager.java:register(42)) - Registering service BackgroundPipelineCreator.
2024-07-10 07:23:24,865 [main] INFO  pipeline.BackgroundPipelineCreator (BackgroundPipelineCreator.java:start(127)) - Starting scmNode-2-RatisPipelineUtilsThread.
2024-07-10 07:23:24,865 [main] INFO  BackgroundPipelineScrubber (BackgroundSCMService.java:start(65)) - Starting BackgroundPipelineScrubber Service.
2024-07-10 07:23:24,865 [main] INFO  ha.SCMServiceManager (SCMServiceManager.java:register(42)) - Registering service BackgroundPipelineScrubber.
2024-07-10 07:23:24,865 [main] INFO  ExpiredContainerReplicaOpScrubber (BackgroundSCMService.java:start(65)) - Starting ExpiredContainerReplicaOpScrubber Service.
2024-07-10 07:23:24,866 [main] INFO  ha.SCMServiceManager (SCMServiceManager.java:register(42)) - Registering service ExpiredContainerReplicaOpScrubber.
2024-07-10 07:23:24,867 [main] INFO  algorithms.PipelineChoosePolicyFactory (PipelineChoosePolicyFactory.java:createPipelineChoosePolicyFromClass(80)) - Create pipeline choose policy of type org.apache.hadoop.hdds.scm.pipeline.choose.algorithms.RandomPipelineChoosePolicy
2024-07-10 07:23:24,867 [main] INFO  algorithms.PipelineChoosePolicyFactory (PipelineChoosePolicyFactory.java:createPipelineChoosePolicyFromClass(80)) - Create pipeline choose policy of type org.apache.hadoop.hdds.scm.pipeline.choose.algorithms.RandomPipelineChoosePolicy
2024-07-10 07:23:24,868 [main] INFO  ha.SCMServiceManager (SCMServiceManager.java:register(42)) - Registering service SCMBlockDeletingService.
2024-07-10 07:23:24,869 [main] INFO  replication.ReplicationManager (ReplicationManager.java:start(296)) - Starting Replication Monitor Thread.
2024-07-10 07:23:24,876 [main] INFO  ha.SCMServiceManager (SCMServiceManager.java:register(42)) - Registering service ReplicationManager.
2024-07-10 07:23:24,877 [main] INFO  safemode.ContainerSafeModeRule (ContainerSafeModeRule.java:<init>(91)) - containers with one replica threshold count 0
2024-07-10 07:23:24,878 [main] INFO  safemode.HealthyPipelineSafeModeRule (HealthyPipelineSafeModeRule.java:initializeRule(176)) - Total pipeline count is 0, healthy pipeline threshold count is 1
2024-07-10 07:23:24,878 [main] INFO  safemode.OneReplicaPipelineSafeModeRule (OneReplicaPipelineSafeModeRule.java:initializeRule(193)) - Total pipeline count is 0, pipeline's with at least one datanode reported threshold count is 0
2024-07-10 07:23:24,879 [main] INFO  security.SecretKeyManagerService (SecretKeyManagerService.java:start(144)) - Scheduling rotation checker with interval PT0.1S
2024-07-10 07:23:24,879 [main] INFO  ha.SCMServiceManager (SCMServiceManager.java:register(42)) - Registering service SecretKeyManagerService.
2024-07-10 07:23:24,880 [main] INFO  authority.DefaultCAServer (DefaultCAServer.java:lambda$processVerificationStatus$0(397)) - CertificateServer validation is successful
2024-07-10 07:23:24,880 [main] INFO  ipc.CallQueueManager (CallQueueManager.java:<init>(90)) - Using callQueue: class java.util.concurrent.LinkedBlockingQueue, queueCapacity: 200, scheduler: class org.apache.hadoop.ipc.DefaultRpcScheduler, ipcBackoff: false.
2024-07-10 07:23:24,881 [main] INFO  ipc.Server (Server.java:<init>(1287)) - Listener at 0.0.0.0:15010
2024-07-10 07:23:24,881 [Socket Reader #1 for port 15010] INFO  ipc.Server (Server.java:run(1323)) - Starting Socket Reader #1 for port 15010
2024-07-10 07:23:24,885 [main] INFO  server.StorageContainerManager (StorageContainerManager.java:<init>(440)) - SCM start with adminUsers: [runner, scm]
2024-07-10 07:23:24,885 [main] INFO  ipc.CallQueueManager (CallQueueManager.java:<init>(90)) - Using callQueue: class java.util.concurrent.LinkedBlockingQueue, queueCapacity: 10000, scheduler: class org.apache.hadoop.ipc.DefaultRpcScheduler, ipcBackoff: false.
2024-07-10 07:23:24,886 [main] INFO  ipc.Server (Server.java:<init>(1287)) - Listener at 0.0.0.0:15012
2024-07-10 07:23:24,886 [Socket Reader #1 for port 15012] INFO  ipc.Server (Server.java:run(1323)) - Starting Socket Reader #1 for port 15012
2024-07-10 07:23:24,889 [main] INFO  ipc.CallQueueManager (CallQueueManager.java:<init>(90)) - Using callQueue: class java.util.concurrent.LinkedBlockingQueue, queueCapacity: 10000, scheduler: class org.apache.hadoop.ipc.DefaultRpcScheduler, ipcBackoff: false.
2024-07-10 07:23:24,889 [main] INFO  ipc.Server (Server.java:<init>(1287)) - Listener at 0.0.0.0:15015
2024-07-10 07:23:24,890 [Socket Reader #1 for port 15015] INFO  ipc.Server (Server.java:run(1323)) - Starting Socket Reader #1 for port 15015
2024-07-10 07:23:24,893 [main] INFO  ipc.CallQueueManager (CallQueueManager.java:<init>(90)) - Using callQueue: class java.util.concurrent.LinkedBlockingQueue, queueCapacity: 10000, scheduler: class org.apache.hadoop.ipc.DefaultRpcScheduler, ipcBackoff: false.
2024-07-10 07:23:24,894 [main] INFO  ipc.Server (Server.java:<init>(1287)) - Listener at 0.0.0.0:15013
2024-07-10 07:23:24,894 [Socket Reader #1 for port 15013] INFO  ipc.Server (Server.java:run(1323)) - Starting Socket Reader #1 for port 15013
2024-07-10 07:23:24,916 [main] INFO  ha.SCMServiceManager (SCMServiceManager.java:register(42)) - Registering service ContainerBalancer.
2024-07-10 07:23:24,917 [main] INFO  ha.SCMContext (SCMContext.java:updateSafeModeStatus(225)) - Update SafeModeStatus from SafeModeStatus{safeModeStatus=true, preCheckPassed=false} to SafeModeStatus{safeModeStatus=true, preCheckPassed=false}.
2024-07-10 07:23:24,917 [main] INFO  server.StorageContainerManager (StorageContainerManager.java:start(1538)) - StorageContainerLocationProtocol RPC server is listening at /0.0.0.0:15013
2024-07-10 07:23:24,917 [main] INFO  ha.SCMRatisServerImpl (SCMRatisServerImpl.java:start(192)) - starting ratis server 0.0.0.0:15011
2024-07-10 07:23:24,918 [8b0090bf-277f-4b89-9ec7-80a6dcff705a-impl-thread1] INFO  server.RaftServerConfigKeys (ConfUtils.java:logGet(46)) - raft.server.storage.free-space.min = 0MB (=0) (default)
2024-07-10 07:23:24,918 [8b0090bf-277f-4b89-9ec7-80a6dcff705a-impl-thread1] INFO  server.RaftServerConfigKeys (ConfUtils.java:logGet(46)) - raft.server.log.corruption.policy = EXCEPTION (default)
2024-07-10 07:23:24,918 [8b0090bf-277f-4b89-9ec7-80a6dcff705a-impl-thread1] INFO  server.RaftServerConfigKeys (ConfUtils.java:logGet(46)) - raft.server.storage.dir = [/home/runner/work/ozone/ozone/hadoop-ozone/integration-test/target/test-dir/MiniOzoneClusterImpl-e3afc6b0-d37c-4e66-a691-c5585a39a1b5/scmNode-2/scm-ha] (custom)
2024-07-10 07:23:24,918 [8b0090bf-277f-4b89-9ec7-80a6dcff705a-impl-thread1] INFO  storage.RaftStorageDirectory (RaftStorageDirectoryImpl.java:analyzeStorage(138)) - The storage directory /home/runner/work/ozone/ozone/hadoop-ozone/integration-test/target/test-dir/MiniOzoneClusterImpl-e3afc6b0-d37c-4e66-a691-c5585a39a1b5/scmNode-2/scm-ha/e3afc6b0-d37c-4e66-a691-c5585a39a1b5 does not exist. Creating ...
2024-07-10 07:23:24,920 [8b0090bf-277f-4b89-9ec7-80a6dcff705a-impl-thread1] INFO  storage.RaftStorageDirectory (RaftStorageDirectoryImpl.java:tryLock(229)) - Lock on /home/runner/work/ozone/ozone/hadoop-ozone/integration-test/target/test-dir/MiniOzoneClusterImpl-e3afc6b0-d37c-4e66-a691-c5585a39a1b5/scmNode-2/scm-ha/e3afc6b0-d37c-4e66-a691-c5585a39a1b5/in_use.lock acquired by nodename 98666@fv-az1386-216
2024-07-10 07:23:24,921 [8b0090bf-277f-4b89-9ec7-80a6dcff705a-impl-thread1] INFO  storage.RaftStorage (RaftStorageImpl.java:format(98)) - Storage directory /home/runner/work/ozone/ozone/hadoop-ozone/integration-test/target/test-dir/MiniOzoneClusterImpl-e3afc6b0-d37c-4e66-a691-c5585a39a1b5/scmNode-2/scm-ha/e3afc6b0-d37c-4e66-a691-c5585a39a1b5 has been successfully formatted.
2024-07-10 07:23:24,922 [8b0090bf-277f-4b89-9ec7-80a6dcff705a-impl-thread1] INFO  server.RaftServerConfigKeys (ConfUtils.java:logGet(46)) - raft.server.log.use.memory = false (default)
2024-07-10 07:23:24,922 [8b0090bf-277f-4b89-9ec7-80a6dcff705a-impl-thread1] INFO  server.RaftServerConfigKeys (ConfUtils.java:logGet(46)) - raft.server.log.purge.gap = 1000000 (custom)
2024-07-10 07:23:24,922 [8b0090bf-277f-4b89-9ec7-80a6dcff705a-impl-thread1] INFO  server.RaftServerConfigKeys (ConfUtils.java:logGet(46)) - raft.server.log.appender.buffer.byte-limit = 4194304 (custom)
2024-07-10 07:23:24,922 [8b0090bf-277f-4b89-9ec7-80a6dcff705a-impl-thread1] INFO  server.RaftServerConfigKeys (ConfUtils.java:logGet(46)) - raft.server.log.statemachine.data.read.timeout = 1000ms (default)
2024-07-10 07:23:24,922 [8b0090bf-277f-4b89-9ec7-80a6dcff705a-impl-thread1] INFO  server.RaftServerConfigKeys (ConfUtils.java:logGet(46)) - raft.server.log.purge.preservation.log.num = 0 (default)
2024-07-10 07:23:24,925 [8b0090bf-277f-4b89-9ec7-80a6dcff705a-impl-thread1] INFO  server.RaftServerConfigKeys (ConfUtils.java:logGet(46)) - raft.server.log.segment.size.max = 4194304 (custom)
2024-07-10 07:23:24,925 [8b0090bf-277f-4b89-9ec7-80a6dcff705a-impl-thread1] INFO  server.RaftServerConfigKeys (ConfUtils.java:logGet(46)) - raft.server.log.segment.cache.num.max = 2 (custom)
2024-07-10 07:23:24,925 [8b0090bf-277f-4b89-9ec7-80a6dcff705a-impl-thread1] INFO  server.RaftServerConfigKeys (ConfUtils.java:logGet(46)) - raft.server.log.segment.cache.size.max = 200MB (=209715200) (default)
2024-07-10 07:23:24,925 [8b0090bf-277f-4b89-9ec7-80a6dcff705a-impl-thread1] INFO  server.RaftServerConfigKeys (ConfUtils.java:logGet(46)) - raft.server.log.appender.buffer.byte-limit = 4194304 (custom)
2024-07-10 07:23:24,935 [8b0090bf-277f-4b89-9ec7-80a6dcff705a-impl-thread1] INFO  util.AwaitToRun (AwaitToRun.java:start(81)) - Thread[8b0090bf-277f-4b89-9ec7-80a6dcff705a@group-C5585A39A1B5-cacheEviction-AwaitToRun,5,main] started
2024-07-10 07:23:24,935 [8b0090bf-277f-4b89-9ec7-80a6dcff705a-impl-thread1] INFO  segmented.SegmentedRaftLogWorker (SegmentedRaftLogWorker.java:<init>(184)) - new 8b0090bf-277f-4b89-9ec7-80a6dcff705a@group-C5585A39A1B5-SegmentedRaftLogWorker for RaftStorageImpl:Storage Directory /home/runner/work/ozone/ozone/hadoop-ozone/integration-test/target/test-dir/MiniOzoneClusterImpl-e3afc6b0-d37c-4e66-a691-c5585a39a1b5/scmNode-2/scm-ha/e3afc6b0-d37c-4e66-a691-c5585a39a1b5
2024-07-10 07:23:24,935 [8b0090bf-277f-4b89-9ec7-80a6dcff705a-impl-thread1] INFO  server.RaftServerConfigKeys (ConfUtils.java:logGet(46)) - raft.server.log.queue.byte-limit = 64MB (=67108864) (default)
2024-07-10 07:23:24,935 [8b0090bf-277f-4b89-9ec7-80a6dcff705a-impl-thread1] INFO  server.RaftServerConfigKeys (ConfUtils.java:logGet(46)) - raft.server.log.queue.element-limit = 4096 (default)
2024-07-10 07:23:24,935 [8b0090bf-277f-4b89-9ec7-80a6dcff705a-impl-thread1] INFO  server.RaftServerConfigKeys (ConfUtils.java:logGet(46)) - raft.server.log.segment.size.max = 4194304 (custom)
2024-07-10 07:23:24,935 [8b0090bf-277f-4b89-9ec7-80a6dcff705a-impl-thread1] INFO  server.RaftServerConfigKeys (ConfUtils.java:logGet(46)) - raft.server.log.preallocated.size = 4194304 (custom)
2024-07-10 07:23:24,935 [8b0090bf-277f-4b89-9ec7-80a6dcff705a-impl-thread1] INFO  server.RaftServerConfigKeys (ConfUtils.java:logGet(46)) - raft.server.log.force.sync.num = 128 (default)
2024-07-10 07:23:24,935 [8b0090bf-277f-4b89-9ec7-80a6dcff705a-impl-thread1] INFO  server.RaftServerConfigKeys (ConfUtils.java:logGet(46)) - raft.server.log.statemachine.data.sync = true (default)
2024-07-10 07:23:24,935 [8b0090bf-277f-4b89-9ec7-80a6dcff705a-impl-thread1] INFO  server.RaftServerConfigKeys (ConfUtils.java:logGet(46)) - raft.server.log.statemachine.data.sync.timeout = 10s (default)
2024-07-10 07:23:24,935 [8b0090bf-277f-4b89-9ec7-80a6dcff705a-impl-thread1] INFO  server.RaftServerConfigKeys (ConfUtils.java:logGet(46)) - raft.server.log.statemachine.data.sync.timeout.retry = -1 (default)
2024-07-10 07:23:24,936 [8b0090bf-277f-4b89-9ec7-80a6dcff705a-impl-thread1] INFO  server.RaftServerConfigKeys (ConfUtils.java:logGet(46)) - raft.server.log.write.buffer.size = 4194312 (custom)
2024-07-10 07:23:24,939 [8b0090bf-277f-4b89-9ec7-80a6dcff705a-impl-thread1] INFO  server.RaftServerConfigKeys (ConfUtils.java:logGet(46)) - raft.server.log.appender.buffer.byte-limit = 4194304 (custom)
2024-07-10 07:23:24,939 [8b0090bf-277f-4b89-9ec7-80a6dcff705a-impl-thread1] INFO  server.RaftServerConfigKeys (ConfUtils.java:logGet(46)) - raft.server.log.unsafe-flush.enabled = false (default)
2024-07-10 07:23:24,939 [8b0090bf-277f-4b89-9ec7-80a6dcff705a-impl-thread1] INFO  server.RaftServerConfigKeys (ConfUtils.java:logGet(46)) - raft.server.log.async-flush.enabled = false (default)
2024-07-10 07:23:24,939 [8b0090bf-277f-4b89-9ec7-80a6dcff705a-impl-thread1] INFO  server.RaftServerConfigKeys (ConfUtils.java:logGet(46)) - raft.server.log.statemachine.data.caching.enabled = false (default)
2024-07-10 07:23:24,940 [8b0090bf-277f-4b89-9ec7-80a6dcff705a-impl-thread1] INFO  segmented.SegmentedRaftLogWorker (SegmentedRaftLogWorker.java:lambda$new$0(135)) - 8b0090bf-277f-4b89-9ec7-80a6dcff705a@group-C5585A39A1B5-SegmentedRaftLogWorker: flushIndex: setUnconditionally 0 -> -1
2024-07-10 07:23:24,940 [8b0090bf-277f-4b89-9ec7-80a6dcff705a-impl-thread1] INFO  segmented.SegmentedRaftLogWorker (SegmentedRaftLogWorker.java:lambda$new$0(135)) - 8b0090bf-277f-4b89-9ec7-80a6dcff705a@group-C5585A39A1B5-SegmentedRaftLogWorker: safeCacheEvictIndex: setUnconditionally 0 -> -1
2024-07-10 07:23:24,942 [8b0090bf-277f-4b89-9ec7-80a6dcff705a-impl-thread1] INFO  server.RaftServer$Division (RaftServerImpl.java:start(395)) - 8b0090bf-277f-4b89-9ec7-80a6dcff705a@group-C5585A39A1B5: start with initializing state, conf=conf: {index: -1, cur=peers:[]|listeners:[], old=null}
2024-07-10 07:23:24,942 [8b0090bf-277f-4b89-9ec7-80a6dcff705a-impl-thread1] INFO  server.RaftServer$Division (RaftServerImpl.java:setRole(376)) - 8b0090bf-277f-4b89-9ec7-80a6dcff705a@group-C5585A39A1B5: changes role from      null to FOLLOWER at term 0 for start
2024-07-10 07:23:24,943 [8b0090bf-277f-4b89-9ec7-80a6dcff705a-impl-thread1] INFO  util.JmxRegister (JmxRegister.java:tryRegister(44)) - Successfully registered JMX Bean with object name Ratis:service=RaftServer,group=group-C5585A39A1B5,id=8b0090bf-277f-4b89-9ec7-80a6dcff705a
2024-07-10 07:23:24,943 [8b0090bf-277f-4b89-9ec7-80a6dcff705a-impl-thread1] INFO  util.JmxRegister (JmxRegister.java:register(58)) - register mxBean class org.apache.ratis.server.impl.RaftServerJmxAdapter as Ratis:service=RaftServer,group=group-C5585A39A1B5,id=8b0090bf-277f-4b89-9ec7-80a6dcff705a
2024-07-10 07:23:24,943 [8b0090bf-277f-4b89-9ec7-80a6dcff705a-impl-thread1] INFO  server.RaftServerConfigKeys (ConfUtils.java:logGet(46)) - raft.server.snapshot.trigger-when-stop.enabled = true (default)
2024-07-10 07:23:24,943 [8b0090bf-277f-4b89-9ec7-80a6dcff705a-impl-thread1] INFO  server.RaftServerConfigKeys (ConfUtils.java:logGet(46)) - raft.server.snapshot.trigger-when-remove.enabled = true (default)
2024-07-10 07:23:24,943 [8b0090bf-277f-4b89-9ec7-80a6dcff705a-impl-thread1] INFO  server.RaftServerConfigKeys (ConfUtils.java:logGet(46)) - raft.server.snapshot.auto.trigger.enabled = true (custom)
2024-07-10 07:23:24,943 [8b0090bf-277f-4b89-9ec7-80a6dcff705a-impl-thread1] INFO  server.RaftServerConfigKeys (ConfUtils.java:logGet(46)) - raft.server.snapshot.auto.trigger.threshold = 1000 (custom)
2024-07-10 07:23:24,943 [8b0090bf-277f-4b89-9ec7-80a6dcff705a-impl-thread1] INFO  server.RaftServerConfigKeys (ConfUtils.java:logGet(46)) - raft.server.snapshot.retention.file.num = -1 (default)
2024-07-10 07:23:24,943 [8b0090bf-277f-4b89-9ec7-80a6dcff705a-impl-thread1] INFO  server.RaftServerConfigKeys (ConfUtils.java:logGet(46)) - raft.server.log.purge.upto.snapshot.index = false (default)
2024-07-10 07:23:24,946 [main] INFO  server.RaftServer (RaftServerProxy.java:startImpl(408)) - 8b0090bf-277f-4b89-9ec7-80a6dcff705a: start RPC server
2024-07-10 07:23:24,947 [main] INFO  server.GrpcService (GrpcService.java:startImpl(302)) - 8b0090bf-277f-4b89-9ec7-80a6dcff705a: GrpcService started, listening on 15011
2024-07-10 07:23:24,947 [JvmPauseMonitor2] INFO  util.JvmPauseMonitor (JvmPauseMonitor.java:run(146)) - JvmPauseMonitor-8b0090bf-277f-4b89-9ec7-80a6dcff705a: Started
2024-07-10 07:23:24,949 [main] INFO  ha.SCMNodeInfo (SCMNodeInfo.java:getPort(197)) - ConfigKey ozone.scm.client.address is deprecated, For configuring different ports for each SCM use PortConfigKey ozone.scm.client.port appended with serviceId and nodeId
2024-07-10 07:23:24,949 [main] INFO  ha.SCMNodeInfo (SCMNodeInfo.java:getPort(197)) - ConfigKey ozone.scm.block.client.address is deprecated, For configuring different ports for each SCM use PortConfigKey ozone.scm.block.client.port appended with serviceId and nodeId
2024-07-10 07:23:24,949 [main] INFO  ha.SCMNodeInfo (SCMNodeInfo.java:getPort(197)) - ConfigKey ozone.scm.security.service.address is deprecated, For configuring different ports for each SCM use PortConfigKey ozone.scm.security.service.port appended with serviceId and nodeId
2024-07-10 07:23:24,949 [main] INFO  ha.SCMNodeInfo (SCMNodeInfo.java:getPort(197)) - ConfigKey ozone.scm.datanode.address is deprecated, For configuring different ports for each SCM use PortConfigKey ozone.scm.datanode.port appended with serviceId and nodeId
2024-07-10 07:23:24,949 [main] INFO  ha.SCMNodeInfo (SCMNodeInfo.java:getPort(197)) - ConfigKey ozone.scm.client.address is deprecated, For configuring different ports for each SCM use PortConfigKey ozone.scm.client.port appended with serviceId and nodeId
2024-07-10 07:23:24,950 [main] INFO  ha.SCMNodeInfo (SCMNodeInfo.java:getPort(197)) - ConfigKey ozone.scm.block.client.address is deprecated, For configuring different ports for each SCM use PortConfigKey ozone.scm.block.client.port appended with serviceId and nodeId
2024-07-10 07:23:24,950 [main] INFO  ha.SCMNodeInfo (SCMNodeInfo.java:getPort(197)) - ConfigKey ozone.scm.security.service.address is deprecated, For configuring different ports for each SCM use PortConfigKey ozone.scm.security.service.port appended with serviceId and nodeId
2024-07-10 07:23:24,950 [main] INFO  ha.SCMNodeInfo (SCMNodeInfo.java:getPort(197)) - ConfigKey ozone.scm.datanode.address is deprecated, For configuring different ports for each SCM use PortConfigKey ozone.scm.datanode.port appended with serviceId and nodeId
2024-07-10 07:23:24,950 [main] INFO  proxy.SCMBlockLocationFailoverProxyProvider (SCMBlockLocationFailoverProxyProvider.java:<init>(115)) - Created block location fail-over proxy with 2 nodes: [nodeId=scmNode-3,nodeAddress=/127.0.0.1:15023, nodeId=scmNode-1,nodeAddress=/127.0.0.1:15007]
2024-07-10 07:23:24,964 [scmNode-1-SecretKeyManagerService] INFO  symmetric.SecretKeyManager (SecretKeyManager.java:checkAndRotate(125)) - SecretKey rotation is happening, new key generated SecretKey(id = 778f8783-5882-4fb8-9e2c-0b8e26535ab6, creation at: 2024-07-10T07:23:24.964726529Z, expire at: 2024-07-10T07:23:27.964726529Z)
2024-07-10 07:23:24,968 [pool-1-thread-2] INFO  request.TgsRequest (TgsRequest.java:issueTicket(115)) - TGS_REQ ISSUE: authtime 1720596204967,scm/fv-az1386-216.klszfsxs10seni2gsqlth152tc.dx.internal.cloudapp.net for scm/fv-az1386-216.klszfsxs10seni2gsqlth152tc.dx.internal.cloudapp.net@EXAMPLE.COM
2024-07-10 07:23:24,970 [d38ec341-43ec-4d2c-a000-6eddcfc2f96f@group-C5585A39A1B5-StateMachineUpdater] INFO  symmetric.SecretKeyStateImpl (SecretKeyStateImpl.java:updateKeysInternal(113)) - Updating keys with [SecretKey(id = c0c1d7fb-2adb-4ddf-9e48-e51d45f11d5f, creation at: 2024-07-10T07:23:23.961Z, expire at: 2024-07-10T07:23:26.961Z), SecretKey(id = 0db6ef56-43dc-4856-8d03-91fc2f057d83, creation at: 2024-07-10T07:23:22.961Z, expire at: 2024-07-10T07:23:25.961Z), SecretKey(id = 778f8783-5882-4fb8-9e2c-0b8e26535ab6, creation at: 2024-07-10T07:23:24.964Z, expire at: 2024-07-10T07:23:27.964Z)]
2024-07-10 07:23:24,970 [d38ec341-43ec-4d2c-a000-6eddcfc2f96f@group-C5585A39A1B5-StateMachineUpdater] INFO  symmetric.SecretKeyStateImpl (SecretKeyStateImpl.java:updateKeysInternal(128)) - Current key updated SecretKey(id = 778f8783-5882-4fb8-9e2c-0b8e26535ab6, creation at: 2024-07-10T07:23:24.964Z, expire at: 2024-07-10T07:23:27.964Z)
2024-07-10 07:23:24,971 [d38ec341-43ec-4d2c-a000-6eddcfc2f96f@group-C5585A39A1B5-StateMachineUpdater] INFO  symmetric.LocalSecretKeyStore (LocalSecretKeyStore.java:save(109)) - Saved [SecretKey(id = 778f8783-5882-4fb8-9e2c-0b8e26535ab6, creation at: 2024-07-10T07:23:24.964Z, expire at: 2024-07-10T07:23:27.964Z), SecretKey(id = c0c1d7fb-2adb-4ddf-9e48-e51d45f11d5f, creation at: 2024-07-10T07:23:23.961Z, expire at: 2024-07-10T07:23:26.961Z), SecretKey(id = 0db6ef56-43dc-4856-8d03-91fc2f057d83, creation at: 2024-07-10T07:23:22.961Z, expire at: 2024-07-10T07:23:25.961Z)] to file /home/runner/work/ozone/ozone/hadoop-ozone/integration-test/target/test-dir/MiniOzoneClusterImpl-e3afc6b0-d37c-4e66-a691-c5585a39a1b5/scmNode-1/scm/keys/secret_keys.json
2024-07-10 07:23:24,971 [d38ec341-43ec-4d2c-a000-6eddcfc2f96f@group-C5585A39A1B5-StateMachineUpdater] INFO  safemode.HealthyPipelineSafeModeRule (HealthyPipelineSafeModeRule.java:initializeRule(172)) - Refreshed total pipeline count is 0, healthy pipeline threshold count is 1
2024-07-10 07:23:24,976 [Socket Reader #1 for port 15007] INFO  ipc.Server (Server.java:saslProcess(2139)) - Auth successful for scm/fv-az1386-216.klszfsxs10seni2gsqlth152tc.dx.internal.cloudapp.net@EXAMPLE.COM (auth:KERBEROS) from fv-az1386-216.klszfsxs10seni2gsqlth152tc.dx.internal.cloudapp.net:41377 / 10.1.0.19:41377
2024-07-10 07:23:24,979 [Socket Reader #1 for port 15007] INFO  authorize.ServiceAuthorizationManager (ServiceAuthorizationManager.java:authorize(137)) - Authorization successful for scm/fv-az1386-216.klszfsxs10seni2gsqlth152tc.dx.internal.cloudapp.net@EXAMPLE.COM (auth:KERBEROS) for protocol=interface org.apache.hadoop.hdds.scm.protocol.ScmBlockLocationProtocol
2024-07-10 07:23:24,980 [IPC Server handler 0 on default port 15007] INFO  ha.SCMRatisServerImpl (SCMRatisServerImpl.java:addSCM(317)) - d38ec341-43ec-4d2c-a000-6eddcfc2f96f: Submitting SetConfiguration request to Ratis server with new SCM peers list: [d38ec341-43ec-4d2c-a000-6eddcfc2f96f|localhost:15003, 8b0090bf-277f-4b89-9ec7-80a6dcff705a|localhost:15011]
2024-07-10 07:23:24,982 [IPC Server handler 0 on default port 15007] INFO  server.RaftServer$Division (RaftServerImpl.java:setConfigurationAsync(1305)) - d38ec341-43ec-4d2c-a000-6eddcfc2f96f@group-C5585A39A1B5: receive setConfiguration SetConfigurationRequest:client-18885D4E7257->d38ec341-43ec-4d2c-a000-6eddcfc2f96f@group-C5585A39A1B5, cid=7, seq=null, RW, null, SET_UNCONDITIONALLY, servers:[d38ec341-43ec-4d2c-a000-6eddcfc2f96f|localhost:15003, 8b0090bf-277f-4b89-9ec7-80a6dcff705a|localhost:15011], listeners:[]
2024-07-10 07:23:24,983 [IPC Server handler 0 on default port 15007] INFO  server.RaftServer$Division (LeaderStateImpl.java:startSetConfiguration(488)) - d38ec341-43ec-4d2c-a000-6eddcfc2f96f@group-C5585A39A1B5-LeaderStateImpl: startSetConfiguration SetConfigurationRequest:client-18885D4E7257->d38ec341-43ec-4d2c-a000-6eddcfc2f96f@group-C5585A39A1B5, cid=7, seq=null, RW, null, SET_UNCONDITIONALLY, servers:[d38ec341-43ec-4d2c-a000-6eddcfc2f96f|localhost:15003, 8b0090bf-277f-4b89-9ec7-80a6dcff705a|localhost:15011], listeners:[]
2024-07-10 07:23:24,990 [IPC Server handler 0 on default port 15007] INFO  server.RaftServerConfigKeys (ConfUtils.java:logGet(46)) - raft.server.log.appender.snapshot.chunk.size.max = 16MB (=16777216) (default)
2024-07-10 07:23:24,990 [IPC Server handler 0 on default port 15007] INFO  server.RaftServerConfigKeys (ConfUtils.java:logGet(46)) - raft.server.log.appender.buffer.byte-limit = 4194304 (custom)
2024-07-10 07:23:24,990 [IPC Server handler 0 on default port 15007] INFO  server.RaftServerConfigKeys (ConfUtils.java:logGet(46)) - raft.server.log.appender.buffer.element-limit = 1024 (custom)
2024-07-10 07:23:24,992 [IPC Server handler 0 on default port 15007] INFO  server.RaftServerConfigKeys (ConfUtils.java:logGet(46)) - raft.server.log.appender.wait-time.min = 0ms (custom)
2024-07-10 07:23:24,993 [IPC Server handler 0 on default port 15007] INFO  grpc.GrpcConfigKeys (ConfUtils.java:logGet(46)) - raft.grpc.server.leader.outstanding.appends.max = 8 (default)
2024-07-10 07:23:24,993 [IPC Server handler 0 on default port 15007] INFO  server.RaftServerConfigKeys (ConfUtils.java:logGet(46)) - raft.server.rpc.request.timeout = 30000ms (custom)
2024-07-10 07:23:24,993 [IPC Server handler 0 on default port 15007] INFO  grpc.GrpcConfigKeys (ConfUtils.java:logGet(46)) - raft.grpc.server.install_snapshot.request.element-limit = 8 (default)
2024-07-10 07:23:24,993 [IPC Server handler 0 on default port 15007] INFO  grpc.GrpcConfigKeys (ConfUtils.java:logGet(46)) - raft.grpc.server.install_snapshot.request.timeout = 3000ms (default)
2024-07-10 07:23:24,993 [IPC Server handler 0 on default port 15007] INFO  grpc.GrpcConfigKeys (ConfUtils.java:logGet(46)) - raft.grpc.server.log-message.batch.duration = 5s (default)
2024-07-10 07:23:24,994 [IPC Server handler 0 on default port 15007] INFO  server.RaftServerConfigKeys (ConfUtils.java:logGet(46)) - raft.server.log.appender.install.snapshot.enabled = false (custom)
2024-07-10 07:23:24,994 [IPC Server handler 0 on default port 15007] INFO  grpc.GrpcConfigKeys (ConfUtils.java:logGet(46)) - raft.grpc.server.heartbeat.channel = true (default)
2024-07-10 07:23:25,003 [d38ec341-43ec-4d2c-a000-6eddcfc2f96f@group-C5585A39A1B5->8b0090bf-277f-4b89-9ec7-80a6dcff705a-GrpcLogAppender-LogAppenderDaemon] INFO  server.GrpcLogAppender (GrpcLogAppender.java:notifyInstallSnapshot(790)) - d38ec341-43ec-4d2c-a000-6eddcfc2f96f@group-C5585A39A1B5->8b0090bf-277f-4b89-9ec7-80a6dcff705a-GrpcLogAppender: notifyInstallSnapshot with firstAvailable=(t:1, i:0), followerNextIndex=0
2024-07-10 07:23:25,011 [d38ec341-43ec-4d2c-a000-6eddcfc2f96f@group-C5585A39A1B5->8b0090bf-277f-4b89-9ec7-80a6dcff705a-GrpcLogAppender-LogAppenderDaemon] INFO  server.GrpcLogAppender (GrpcLogAppender.java:notifyInstallSnapshot(798)) - d38ec341-43ec-4d2c-a000-6eddcfc2f96f@group-C5585A39A1B5->8b0090bf-277f-4b89-9ec7-80a6dcff705a-GrpcLogAppender: send d38ec341-43ec-4d2c-a000-6eddcfc2f96f->8b0090bf-277f-4b89-9ec7-80a6dcff705a#0-t2,notify:(t:1, i:0)
2024-07-10 07:23:25,012 [d38ec341-43ec-4d2c-a000-6eddcfc2f96f@group-C5585A39A1B5->8b0090bf-277f-4b89-9ec7-80a6dcff705a-GrpcLogAppender-LogAppenderDaemon] INFO  server.GrpcServerProtocolClient (GrpcServerProtocolClient.java:<init>(65)) - Build channel for 8b0090bf-277f-4b89-9ec7-80a6dcff705a|localhost:15011
2024-07-10 07:23:25,025 [grpc-default-executor-2] INFO  impl.SnapshotInstallationHandler (SnapshotInstallationHandler.java:installSnapshot(92)) - 8b0090bf-277f-4b89-9ec7-80a6dcff705a@group-C5585A39A1B5: receive installSnapshot: d38ec341-43ec-4d2c-a000-6eddcfc2f96f->8b0090bf-277f-4b89-9ec7-80a6dcff705a#0-t2,notify:(t:1, i:0)
2024-07-10 07:23:25,028 [grpc-default-executor-2] INFO  server.RaftServer$Division (RaftServerImpl.java:setFirstElection(549)) - 8b0090bf-277f-4b89-9ec7-80a6dcff705a@group-C5585A39A1B5: set firstElectionSinceStartup to false for installSnapshot
2024-07-10 07:23:25,028 [grpc-default-executor-2] INFO  ha.SCMStateMachine (SCMStateMachine.java:notifyLeaderChanged(288)) - leader changed, yet current SCM is still follower.
2024-07-10 07:23:25,028 [grpc-default-executor-2] INFO  server.RaftServer$Division (ServerState.java:setLeader(272)) - 8b0090bf-277f-4b89-9ec7-80a6dcff705a@group-C5585A39A1B5: change Leader from null to d38ec341-43ec-4d2c-a000-6eddcfc2f96f at term 2 for installSnapshot, leader elected after 183ms
2024-07-10 07:23:25,029 [grpc-default-executor-2] INFO  impl.SnapshotInstallationHandler (SnapshotInstallationHandler.java:notifyStateMachineToInstallSnapshot(222)) - 8b0090bf-277f-4b89-9ec7-80a6dcff705a@group-C5585A39A1B5: Received notification to install snapshot at index 0
2024-07-10 07:23:25,031 [grpc-default-executor-2] INFO  impl.SnapshotInstallationHandler (SnapshotInstallationHandler.java:notifyStateMachineToInstallSnapshot(256)) - 8b0090bf-277f-4b89-9ec7-80a6dcff705a@group-C5585A39A1B5: notifyInstallSnapshot: nextIndex is 0 but the leader's first available index is 0.
2024-07-10 07:23:25,032 [grpc-default-executor-2] INFO  ha.SCMStateMachine (SCMStateMachine.java:notifyInstallSnapshotFromLeader(241)) - Received install snapshot notification from SCM leader: localhost:15003 with term index: (t:1, i:0)
2024-07-10 07:23:25,032 [scmNode-2-SCMInstallSnapshot-0] INFO  ha.SCMHAManagerImpl (SCMHAManagerImpl.java:getDBCheckpointFromLeader(267)) - Downloading checkpoint from leader SCM scmNode-1 and reloading state from the checkpoint.
2024-07-10 07:23:25,056 [grpc-default-executor-1] INFO  ha.SCMDBCheckpointProvider (SCMDBCheckpointProvider.java:writeDBCheckPointToSream(49)) - Received request to obtain SCM DB checkpoint snapshot
2024-07-10 07:23:25,070 [grpc-default-executor-1] INFO  db.RDBCheckpointManager (RDBCheckpointManager.java:createCheckpoint(89)) - Created checkpoint in rocksDB at /home/runner/work/ozone/ozone/hadoop-ozone/integration-test/target/test-dir/MiniOzoneClusterImpl-e3afc6b0-d37c-4e66-a691-c5585a39a1b5/scmNode-1/db.checkpoints/scm.db_checkpoint_1720596205066 in 3 milliseconds
2024-07-10 07:23:25,104 [grpc-default-executor-1] INFO  ha.SCMGrpcOutputStream (SCMGrpcOutputStream.java:close(111)) - Sent 75776 bytes for cluster e3afc6b0-d37c-4e66-a691-c5585a39a1b5
2024-07-10 07:23:25,105 [grpc-default-executor-1] INFO  ha.SCMDBCheckpointProvider (SCMDBCheckpointProvider.java:writeDBCheckPointToSream(75)) - Time taken to write the checkpoint to response output stream: 32 milliseconds
2024-07-10 07:23:25,105 [grpc-default-executor-1] INFO  db.RocksDBCheckpoint (RocksDBCheckpoint.java:cleanupCheckpoint(78)) - Cleaning up RocksDB checkpoint at /home/runner/work/ozone/ozone/hadoop-ozone/integration-test/target/test-dir/MiniOzoneClusterImpl-e3afc6b0-d37c-4e66-a691-c5585a39a1b5/scmNode-1/db.checkpoints/scm.db_checkpoint_1720596205066
2024-07-10 07:23:25,108 [grpc-default-executor-3] INFO  ha.InterSCMGrpcClient (InterSCMGrpcClient.java:onCompleted(175)) - Checkpoint is downloaded to /home/runner/work/ozone/ozone/hadoop-ozone/integration-test/target/test-dir/MiniOzoneClusterImpl-e3afc6b0-d37c-4e66-a691-c5585a39a1b5/scmNode-2/snapshot/scm.db-scmNode-1-1720596205033.tar
2024-07-10 07:23:25,113 [grpc-default-executor-2] INFO  impl.SnapshotInstallationHandler (SnapshotInstallationHandler.java:installSnapshotImpl(138)) - 8b0090bf-277f-4b89-9ec7-80a6dcff705a@group-C5585A39A1B5: set new configuration index: 1
configurationEntry {
  peers {
    id: "d38ec341-43ec-4d2c-a000-6eddcfc2f96f"
    address: "localhost:15003"
    startupRole: FOLLOWER
  }
}
 from snapshot
2024-07-10 07:23:25,114 [grpc-default-executor-2] INFO  server.RaftServer$Division (ServerState.java:setRaftConf(386)) - 8b0090bf-277f-4b89-9ec7-80a6dcff705a@group-C5585A39A1B5: set configuration conf: {index: 1, cur=peers:[d38ec341-43ec-4d2c-a000-6eddcfc2f96f|localhost:15003]|listeners:[], old=null}
2024-07-10 07:23:25,117 [grpc-default-executor-2] INFO  impl.SnapshotInstallationHandler (SnapshotInstallationHandler.java:installSnapshot(103)) - 8b0090bf-277f-4b89-9ec7-80a6dcff705a@group-C5585A39A1B5: reply installSnapshot: d38ec341-43ec-4d2c-a000-6eddcfc2f96f<-8b0090bf-277f-4b89-9ec7-80a6dcff705a#0:FAIL-t0,IN_PROGRESS,snapshotIndex=0
2024-07-10 07:23:25,122 [grpc-default-executor-1] INFO  server.GrpcLogAppender (GrpcLogAppender.java:onNext(649)) - d38ec341-43ec-4d2c-a000-6eddcfc2f96f@group-C5585A39A1B5->8b0090bf-277f-4b89-9ec7-80a6dcff705a-InstallSnapshotResponseHandler: received the first reply d38ec341-43ec-4d2c-a000-6eddcfc2f96f<-8b0090bf-277f-4b89-9ec7-80a6dcff705a#0:FAIL-t0,IN_PROGRESS,snapshotIndex=0
2024-07-10 07:23:25,122 [grpc-default-executor-2] INFO  server.GrpcServerProtocolService (GrpcServerProtocolService.java:onCompleted(157)) - 8b0090bf-277f-4b89-9ec7-80a6dcff705a: Completed INSTALL_SNAPSHOT, lastRequest: d38ec341-43ec-4d2c-a000-6eddcfc2f96f->8b0090bf-277f-4b89-9ec7-80a6dcff705a#0-t2,notify:(t:1, i:0)
2024-07-10 07:23:25,123 [grpc-default-executor-2] INFO  server.GrpcServerProtocolService (GrpcServerProtocolService.java:lambda$onCompleted$5(159)) - 8b0090bf-277f-4b89-9ec7-80a6dcff705a: Completed INSTALL_SNAPSHOT, lastReply: null
2024-07-10 07:23:25,124 [grpc-default-executor-1] INFO  server.GrpcLogAppender (GrpcLogAppender.java:onNext(665)) - d38ec341-43ec-4d2c-a000-6eddcfc2f96f@group-C5585A39A1B5->8b0090bf-277f-4b89-9ec7-80a6dcff705a-InstallSnapshotResponseHandler: InstallSnapshot in progress.
2024-07-10 07:23:25,126 [scmNode-2-SCMInstallSnapshot-0] INFO  ha.SCMSnapshotProvider (SCMSnapshotProvider.java:getSCMDBSnapshot(131)) - Successfully downloaded latest checkpoint from leader SCM: scmNode-1 path /home/runner/work/ozone/ozone/hadoop-ozone/integration-test/target/test-dir/MiniOzoneClusterImpl-e3afc6b0-d37c-4e66-a691-c5585a39a1b5/scmNode-2/snapshot/scm.db-scmNode-1-1720596205033
2024-07-10 07:23:25,126 [scmNode-2-SCMInstallSnapshot-0] INFO  ha.SCMHAManagerImpl (SCMHAManagerImpl.java:downloadCheckpointFromLeader(203)) - Downloaded checkpoint from Leader scmNode-1 to the location /home/runner/work/ozone/ozone/hadoop-ozone/integration-test/target/test-dir/MiniOzoneClusterImpl-e3afc6b0-d37c-4e66-a691-c5585a39a1b5/scmNode-2/snapshot/scm.db-scmNode-1-1720596205033
2024-07-10 07:23:25,126 [scmNode-2-SCMInstallSnapshot-0] INFO  ha.SCMHAManagerImpl (SCMHAManagerImpl.java:getSecretKeysFromLeader(216)) - Getting secret keys from leader scmNode-1.
2024-07-10 07:23:25,127 [scmNode-2-SCMInstallSnapshot-0] INFO  ha.SCMNodeInfo (SCMNodeInfo.java:getPort(197)) - ConfigKey ozone.scm.client.address is deprecated, For configuring different ports for each SCM use PortConfigKey ozone.scm.client.port appended with serviceId and nodeId
2024-07-10 07:23:25,127 [scmNode-2-SCMInstallSnapshot-0] INFO  ha.SCMNodeInfo (SCMNodeInfo.java:getPort(197)) - ConfigKey ozone.scm.block.client.address is deprecated, For configuring different ports for each SCM use PortConfigKey ozone.scm.block.client.port appended with serviceId and nodeId
2024-07-10 07:23:25,128 [scmNode-2-SCMInstallSnapshot-0] INFO  ha.SCMNodeInfo (SCMNodeInfo.java:getPort(197)) - ConfigKey ozone.scm.security.service.address is deprecated, For configuring different ports for each SCM use PortConfigKey ozone.scm.security.service.port appended with serviceId and nodeId
2024-07-10 07:23:25,128 [scmNode-2-SCMInstallSnapshot-0] INFO  ha.SCMNodeInfo (SCMNodeInfo.java:getPort(197)) - ConfigKey ozone.scm.datanode.address is deprecated, For configuring different ports for each SCM use PortConfigKey ozone.scm.datanode.port appended with serviceId and nodeId
2024-07-10 07:23:25,128 [scmNode-2-SCMInstallSnapshot-0] INFO  ha.SCMNodeInfo (SCMNodeInfo.java:getPort(197)) - ConfigKey ozone.scm.client.address is deprecated, For configuring different ports for each SCM use PortConfigKey ozone.scm.client.port appended with serviceId and nodeId
2024-07-10 07:23:25,128 [scmNode-2-SCMInstallSnapshot-0] INFO  ha.SCMNodeInfo (SCMNodeInfo.java:getPort(197)) - ConfigKey ozone.scm.block.client.address is deprecated, For configuring different ports for each SCM use PortConfigKey ozone.scm.block.client.port appended with serviceId and nodeId
2024-07-10 07:23:25,128 [scmNode-2-SCMInstallSnapshot-0] INFO  ha.SCMNodeInfo (SCMNodeInfo.java:getPort(197)) - ConfigKey ozone.scm.security.service.address is deprecated, For configuring different ports for each SCM use PortConfigKey ozone.scm.security.service.port appended with serviceId and nodeId
2024-07-10 07:23:25,128 [scmNode-2-SCMInstallSnapshot-0] INFO  ha.SCMNodeInfo (SCMNodeInfo.java:getPort(197)) - ConfigKey ozone.scm.datanode.address is deprecated, For configuring different ports for each SCM use PortConfigKey ozone.scm.datanode.port appended with serviceId and nodeId
2024-07-10 07:23:25,128 [scmNode-2-SCMInstallSnapshot-0] INFO  ha.SCMNodeInfo (SCMNodeInfo.java:getPort(197)) - ConfigKey ozone.scm.client.address is deprecated, For configuring different ports for each SCM use PortConfigKey ozone.scm.client.port appended with serviceId and nodeId
2024-07-10 07:23:25,128 [scmNode-2-SCMInstallSnapshot-0] INFO  ha.SCMNodeInfo (SCMNodeInfo.java:getPort(197)) - ConfigKey ozone.scm.block.client.address is deprecated, For configuring different ports for each SCM use PortConfigKey ozone.scm.block.client.port appended with serviceId and nodeId
2024-07-10 07:23:25,128 [scmNode-2-SCMInstallSnapshot-0] INFO  ha.SCMNodeInfo (SCMNodeInfo.java:getPort(197)) - ConfigKey ozone.scm.security.service.address is deprecated, For configuring different ports for each SCM use PortConfigKey ozone.scm.security.service.port appended with serviceId and nodeId
2024-07-10 07:23:25,128 [scmNode-2-SCMInstallSnapshot-0] INFO  ha.SCMNodeInfo (SCMNodeInfo.java:getPort(197)) - ConfigKey ozone.scm.datanode.address is deprecated, For configuring different ports for each SCM use PortConfigKey ozone.scm.datanode.port appended with serviceId and nodeId
2024-07-10 07:23:25,146 [8b0090bf-277f-4b89-9ec7-80a6dcff705a-server-thread1] INFO  server.RaftServer$Division (RaftServerImpl.java:checkInconsistentAppendEntries(1629)) - 8b0090bf-277f-4b89-9ec7-80a6dcff705a@group-C5585A39A1B5: Failed appendEntries as snapshot (0) installation is in progress
2024-07-10 07:23:25,148 [8b0090bf-277f-4b89-9ec7-80a6dcff705a-server-thread1] INFO  server.RaftServer$Division (RaftServerImpl.java:appendEntriesAsync(1584)) - 8b0090bf-277f-4b89-9ec7-80a6dcff705a@group-C5585A39A1B5: appendEntries* reply d38ec341-43ec-4d2c-a000-6eddcfc2f96f<-8b0090bf-277f-4b89-9ec7-80a6dcff705a#0:FAIL-t2,INCONSISTENCY,nextIndex=0,followerCommit=-1,matchIndex=-1
2024-07-10 07:23:25,150 [Socket Reader #1 for port 15002] INFO  ipc.Server (Server.java:saslProcess(2139)) - Auth successful for scm/fv-az1386-216.klszfsxs10seni2gsqlth152tc.dx.internal.cloudapp.net@EXAMPLE.COM (auth:KERBEROS) from fv-az1386-216.klszfsxs10seni2gsqlth152tc.dx.internal.cloudapp.net:33055 / 10.1.0.19:33055
2024-07-10 07:23:25,152 [grpc-default-executor-3] WARN  server.GrpcLogAppender (GrpcLogAppender.java:onNextImpl(519)) - d38ec341-43ec-4d2c-a000-6eddcfc2f96f@group-C5585A39A1B5->8b0090bf-277f-4b89-9ec7-80a6dcff705a-AppendLogResponseHandler: received INCONSISTENCY reply with nextIndex 0, errorCount=1, request=AppendEntriesRequest:cid=0,entriesCount=0
2024-07-10 07:23:25,154 [Socket Reader #1 for port 15002] INFO  authorize.ServiceAuthorizationManager (ServiceAuthorizationManager.java:authorize(137)) - Authorization successful for scm/fv-az1386-216.klszfsxs10seni2gsqlth152tc.dx.internal.cloudapp.net@EXAMPLE.COM (auth:KERBEROS) for protocol=interface org.apache.hadoop.hdds.protocol.SecretKeyProtocolScm
2024-07-10 07:23:25,155 [d38ec341-43ec-4d2c-a000-6eddcfc2f96f@group-C5585A39A1B5->8b0090bf-277f-4b89-9ec7-80a6dcff705a-GrpcLogAppender-LogAppenderDaemon] INFO  server.GrpcLogAppender (GrpcLogAppender.java:notifyInstallSnapshot(790)) - d38ec341-43ec-4d2c-a000-6eddcfc2f96f@group-C5585A39A1B5->8b0090bf-277f-4b89-9ec7-80a6dcff705a-GrpcLogAppender: notifyInstallSnapshot with firstAvailable=(t:1, i:0), followerNextIndex=0
2024-07-10 07:23:25,155 [d38ec341-43ec-4d2c-a000-6eddcfc2f96f@group-C5585A39A1B5->8b0090bf-277f-4b89-9ec7-80a6dcff705a-GrpcLogAppender-LogAppenderDaemon] INFO  server.GrpcLogAppender (GrpcLogAppender.java:notifyInstallSnapshot(798)) - d38ec341-43ec-4d2c-a000-6eddcfc2f96f@group-C5585A39A1B5->8b0090bf-277f-4b89-9ec7-80a6dcff705a-GrpcLogAppender: send d38ec341-43ec-4d2c-a000-6eddcfc2f96f->8b0090bf-277f-4b89-9ec7-80a6dcff705a#0-t2,notify:(t:1, i:0)
2024-07-10 07:23:25,158 [grpc-default-executor-3] INFO  impl.SnapshotInstallationHandler (SnapshotInstallationHandler.java:installSnapshot(92)) - 8b0090bf-277f-4b89-9ec7-80a6dcff705a@group-C5585A39A1B5: receive installSnapshot: d38ec341-43ec-4d2c-a000-6eddcfc2f96f->8b0090bf-277f-4b89-9ec7-80a6dcff705a#0-t2,notify:(t:1, i:0)
2024-07-10 07:23:25,158 [grpc-default-executor-3] INFO  impl.SnapshotInstallationHandler (SnapshotInstallationHandler.java:installSnapshotImpl(138)) - 8b0090bf-277f-4b89-9ec7-80a6dcff705a@group-C5585A39A1B5: set new configuration index: 1
configurationEntry {
  peers {
    id: "d38ec341-43ec-4d2c-a000-6eddcfc2f96f"
    address: "localhost:15003"
    startupRole: FOLLOWER
  }
}
 from snapshot
2024-07-10 07:23:25,158 [grpc-default-executor-3] INFO  server.RaftServer$Division (ServerState.java:setRaftConf(386)) - 8b0090bf-277f-4b89-9ec7-80a6dcff705a@group-C5585A39A1B5: set configuration conf: {index: 1, cur=peers:[d38ec341-43ec-4d2c-a000-6eddcfc2f96f|localhost:15003]|listeners:[], old=null}
2024-07-10 07:23:25,159 [grpc-default-executor-3] INFO  impl.SnapshotInstallationHandler (SnapshotInstallationHandler.java:installSnapshot(103)) - 8b0090bf-277f-4b89-9ec7-80a6dcff705a@group-C5585A39A1B5: reply installSnapshot: d38ec341-43ec-4d2c-a000-6eddcfc2f96f<-8b0090bf-277f-4b89-9ec7-80a6dcff705a#0:FAIL-t2,IN_PROGRESS,snapshotIndex=0
2024-07-10 07:23:25,161 [grpc-default-executor-3] INFO  server.GrpcLogAppender (GrpcLogAppender.java:onNext(649)) - d38ec341-43ec-4d2c-a000-6eddcfc2f96f@group-C5585A39A1B5->8b0090bf-277f-4b89-9ec7-80a6dcff705a-InstallSnapshotResponseHandler: received a reply d38ec341-43ec-4d2c-a000-6eddcfc2f96f<-8b0090bf-277f-4b89-9ec7-80a6dcff705a#0:FAIL-t2,IN_PROGRESS,snapshotIndex=0
2024-07-10 07:23:25,161 [grpc-default-executor-3] INFO  server.GrpcLogAppender (GrpcLogAppender.java:onNext(665)) - d38ec341-43ec-4d2c-a000-6eddcfc2f96f@group-C5585A39A1B5->8b0090bf-277f-4b89-9ec7-80a6dcff705a-InstallSnapshotResponseHandler: InstallSnapshot in progress.
2024-07-10 07:23:25,162 [grpc-default-executor-2] WARN  server.GrpcServerProtocolService (LogUtils.java:warn(121)) - 8b0090bf-277f-4b89-9ec7-80a6dcff705a: INSTALL_SNAPSHOT onError, lastRequest: d38ec341-43ec-4d2c-a000-6eddcfc2f96f->8b0090bf-277f-4b89-9ec7-80a6dcff705a#0-t2,notify:(t:1, i:0): org.apache.ratis.thirdparty.io.grpc.StatusRuntimeException: CANCELLED: client cancelled
2024-07-10 07:23:25,163 [grpc-default-executor-3] WARN  server.GrpcLogAppender (LogUtils.java:warn(121)) - d38ec341-43ec-4d2c-a000-6eddcfc2f96f@group-C5585A39A1B5->8b0090bf-277f-4b89-9ec7-80a6dcff705a-InstallSnapshotResponseHandler: Failed InstallSnapshot: org.apache.ratis.thirdparty.io.grpc.StatusRuntimeException: CANCELLED: Failed to read message.
2024-07-10 07:23:25,166 [grpc-default-executor-3] WARN  server.GrpcLogAppender (GrpcLogAppender.java:lambda$resetClient$1(221)) - d38ec341-43ec-4d2c-a000-6eddcfc2f96f@group-C5585A39A1B5->8b0090bf-277f-4b89-9ec7-80a6dcff705a-GrpcLogAppender: Follower failed (request=null, errorCount=1); keep nextIndex (0) unchanged and retry.
2024-07-10 07:23:25,170 [8b0090bf-277f-4b89-9ec7-80a6dcff705a-server-thread1] INFO  server.RaftServer$Division (RaftServerImpl.java:checkInconsistentAppendEntries(1629)) - 8b0090bf-277f-4b89-9ec7-80a6dcff705a@group-C5585A39A1B5: Failed appendEntries as snapshot (0) installation is in progress
2024-07-10 07:23:25,171 [8b0090bf-277f-4b89-9ec7-80a6dcff705a-server-thread1] INFO  server.RaftServer$Division (RaftServerImpl.java:appendEntriesAsync(1584)) - 8b0090bf-277f-4b89-9ec7-80a6dcff705a@group-C5585A39A1B5: appendEntries* reply d38ec341-43ec-4d2c-a000-6eddcfc2f96f<-8b0090bf-277f-4b89-9ec7-80a6dcff705a#1:FAIL-t2,INCONSISTENCY,nextIndex=0,followerCommit=-1,matchIndex=-1
2024-07-10 07:23:25,172 [grpc-default-executor-2] WARN  server.GrpcLogAppender (GrpcLogAppender.java:onNextImpl(519)) - d38ec341-43ec-4d2c-a000-6eddcfc2f96f@group-C5585A39A1B5->8b0090bf-277f-4b89-9ec7-80a6dcff705a-AppendLogResponseHandler: received INCONSISTENCY reply with nextIndex 0, errorCount=2, request=AppendEntriesRequest:cid=1,entriesCount=0
2024-07-10 07:23:25,175 [d38ec341-43ec-4d2c-a000-6eddcfc2f96f@group-C5585A39A1B5->8b0090bf-277f-4b89-9ec7-80a6dcff705a-GrpcLogAppender-LogAppenderDaemon] INFO  server.GrpcLogAppender (GrpcLogAppender.java:notifyInstallSnapshot(790)) - d38ec341-43ec-4d2c-a000-6eddcfc2f96f@group-C5585A39A1B5->8b0090bf-277f-4b89-9ec7-80a6dcff705a-GrpcLogAppender: notifyInstallSnapshot with firstAvailable=(t:1, i:0), followerNextIndex=0
2024-07-10 07:23:25,175 [d38ec341-43ec-4d2c-a000-6eddcfc2f96f@group-C5585A39A1B5->8b0090bf-277f-4b89-9ec7-80a6dcff705a-GrpcLogAppender-LogAppenderDaemon] INFO  server.GrpcLogAppender (GrpcLogAppender.java:notifyInstallSnapshot(798)) - d38ec341-43ec-4d2c-a000-6eddcfc2f96f@group-C5585A39A1B5->8b0090bf-277f-4b89-9ec7-80a6dcff705a-GrpcLogAppender: send d38ec341-43ec-4d2c-a000-6eddcfc2f96f->8b0090bf-277f-4b89-9ec7-80a6dcff705a#0-t2,notify:(t:1, i:0)
2024-07-10 07:23:25,178 [scmNode-2-SCMInstallSnapshot-0] INFO  ha.SCMStateMachine (SCMStateMachine.java:lambda$notifyInstallSnapshotFromLeader$2(257)) - Got secret keys from leaders [SecretKey(id = 778f8783-5882-4fb8-9e2c-0b8e26535ab6, creation at: 2024-07-10T07:23:24.964Z, expire at: 2024-07-10T07:23:27.964Z), SecretKey(id = c0c1d7fb-2adb-4ddf-9e48-e51d45f11d5f, creation at: 2024-07-10T07:23:23.961Z, expire at: 2024-07-10T07:23:26.961Z), SecretKey(id = 0db6ef56-43dc-4856-8d03-91fc2f057d83, creation at: 2024-07-10T07:23:22.961Z, expire at: 2024-07-10T07:23:25.961Z)]
2024-07-10 07:23:25,178 [grpc-default-executor-2] INFO  impl.SnapshotInstallationHandler (SnapshotInstallationHandler.java:installSnapshot(92)) - 8b0090bf-277f-4b89-9ec7-80a6dcff705a@group-C5585A39A1B5: receive installSnapshot: d38ec341-43ec-4d2c-a000-6eddcfc2f96f->8b0090bf-277f-4b89-9ec7-80a6dcff705a#0-t2,notify:(t:1, i:0)
2024-07-10 07:23:25,178 [grpc-default-executor-2] INFO  impl.SnapshotInstallationHandler (SnapshotInstallationHandler.java:installSnapshotImpl(138)) - 8b0090bf-277f-4b89-9ec7-80a6dcff705a@group-C5585A39A1B5: set new configuration index: 1
configurationEntry {
  peers {
    id: "d38ec341-43ec-4d2c-a000-6eddcfc2f96f"
    address: "localhost:15003"
    startupRole: FOLLOWER
  }
}
 from snapshot
2024-07-10 07:23:25,179 [grpc-default-executor-2] INFO  server.RaftServer$Division (ServerState.java:setRaftConf(386)) - 8b0090bf-277f-4b89-9ec7-80a6dcff705a@group-C5585A39A1B5: set configuration conf: {index: 1, cur=peers:[d38ec341-43ec-4d2c-a000-6eddcfc2f96f|localhost:15003]|listeners:[], old=null}
2024-07-10 07:23:25,181 [grpc-default-executor-2] INFO  impl.SnapshotInstallationHandler (SnapshotInstallationHandler.java:installSnapshot(103)) - 8b0090bf-277f-4b89-9ec7-80a6dcff705a@group-C5585A39A1B5: reply installSnapshot: d38ec341-43ec-4d2c-a000-6eddcfc2f96f<-8b0090bf-277f-4b89-9ec7-80a6dcff705a#0:FAIL-t2,IN_PROGRESS,snapshotIndex=0
2024-07-10 07:23:25,182 [grpc-default-executor-2] INFO  server.GrpcLogAppender (GrpcLogAppender.java:onNext(649)) - d38ec341-43ec-4d2c-a000-6eddcfc2f96f@group-C5585A39A1B5->8b0090bf-277f-4b89-9ec7-80a6dcff705a-InstallSnapshotResponseHandler: received a reply d38ec341-43ec-4d2c-a000-6eddcfc2f96f<-8b0090bf-277f-4b89-9ec7-80a6dcff705a#0:FAIL-t2,IN_PROGRESS,snapshotIndex=0
2024-07-10 07:23:25,182 [grpc-default-executor-2] INFO  server.GrpcLogAppender (GrpcLogAppender.java:onNext(665)) - d38ec341-43ec-4d2c-a000-6eddcfc2f96f@group-C5585A39A1B5->8b0090bf-277f-4b89-9ec7-80a6dcff705a-InstallSnapshotResponseHandler: InstallSnapshot in progress.
2024-07-10 07:23:25,182 [grpc-default-executor-2] WARN  server.GrpcLogAppender (LogUtils.java:warn(121)) - d38ec341-43ec-4d2c-a000-6eddcfc2f96f@group-C5585A39A1B5->8b0090bf-277f-4b89-9ec7-80a6dcff705a-InstallSnapshotResponseHandler: Failed InstallSnapshot: org.apache.ratis.thirdparty.io.grpc.StatusRuntimeException: CANCELLED: Failed to read message.
2024-07-10 07:23:25,184 [grpc-default-executor-3] WARN  server.GrpcServerProtocolService (LogUtils.java:warn(121)) - 8b0090bf-277f-4b89-9ec7-80a6dcff705a: INSTALL_SNAPSHOT onError, lastRequest: d38ec341-43ec-4d2c-a000-6eddcfc2f96f->8b0090bf-277f-4b89-9ec7-80a6dcff705a#0-t2,notify:(t:1, i:0): org.apache.ratis.thirdparty.io.grpc.StatusRuntimeException: CANCELLED: client cancelled
2024-07-10 07:23:25,190 [8b0090bf-277f-4b89-9ec7-80a6dcff705a-server-thread1] INFO  server.RaftServer$Division (RaftServerImpl.java:checkInconsistentAppendEntries(1629)) - 8b0090bf-277f-4b89-9ec7-80a6dcff705a@group-C5585A39A1B5: Failed appendEntries as snapshot (0) installation is in progress
2024-07-10 07:23:25,191 [8b0090bf-277f-4b89-9ec7-80a6dcff705a-server-thread1] INFO  server.RaftServer$Division (RaftServerImpl.java:appendEntriesAsync(1584)) - 8b0090bf-277f-4b89-9ec7-80a6dcff705a@group-C5585A39A1B5: appendEntries* reply d38ec341-43ec-4d2c-a000-6eddcfc2f96f<-8b0090bf-277f-4b89-9ec7-80a6dcff705a#2:FAIL-t2,INCONSISTENCY,nextIndex=0,followerCommit=-1,matchIndex=-1
2024-07-10 07:23:25,191 [d38ec341-43ec-4d2c-a000-6eddcfc2f96f@group-C5585A39A1B5->8b0090bf-277f-4b89-9ec7-80a6dcff705a-GrpcLogAppender-LogAppenderDaemon] INFO  server.GrpcLogAppender (GrpcLogAppender.java:notifyInstallSnapshot(790)) - d38ec341-43ec-4d2c-a000-6eddcfc2f96f@group-C5585A39A1B5->8b0090bf-277f-4b89-9ec7-80a6dcff705a-GrpcLogAppender: notifyInstallSnapshot with firstAvailable=(t:1, i:0), followerNextIndex=0
2024-07-10 07:23:25,191 [d38ec341-43ec-4d2c-a000-6eddcfc2f96f@group-C5585A39A1B5->8b0090bf-277f-4b89-9ec7-80a6dcff705a-GrpcLogAppender-LogAppenderDaemon] INFO  server.GrpcLogAppender (GrpcLogAppender.java:notifyInstallSnapshot(798)) - d38ec341-43ec-4d2c-a000-6eddcfc2f96f@group-C5585A39A1B5->8b0090bf-277f-4b89-9ec7-80a6dcff705a-GrpcLogAppender: send d38ec341-43ec-4d2c-a000-6eddcfc2f96f->8b0090bf-277f-4b89-9ec7-80a6dcff705a#0-t2,notify:(t:1, i:0)
2024-07-10 07:23:25,192 [grpc-default-executor-2] WARN  server.GrpcLogAppender (GrpcLogAppender.java:onNextImpl(519)) - d38ec341-43ec-4d2c-a000-6eddcfc2f96f@group-C5585A39A1B5->8b0090bf-277f-4b89-9ec7-80a6dcff705a-AppendLogResponseHandler: received INCONSISTENCY reply with nextIndex 0, errorCount=2, request=AppendEntriesRequest:cid=2,entriesCount=0
2024-07-10 07:23:25,193 [grpc-default-executor-2] INFO  impl.SnapshotInstallationHandler (SnapshotInstallationHandler.java:installSnapshot(92)) - 8b0090bf-277f-4b89-9ec7-80a6dcff705a@group-C5585A39A1B5: receive installSnapshot: d38ec341-43ec-4d2c-a000-6eddcfc2f96f->8b0090bf-277f-4b89-9ec7-80a6dcff705a#0-t2,notify:(t:1, i:0)
2024-07-10 07:23:25,194 [grpc-default-executor-2] INFO  impl.SnapshotInstallationHandler (SnapshotInstallationHandler.java:installSnapshotImpl(138)) - 8b0090bf-277f-4b89-9ec7-80a6dcff705a@group-C5585A39A1B5: set new configuration index: 1
configurationEntry {
  peers {
    id: "d38ec341-43ec-4d2c-a000-6eddcfc2f96f"
    address: "localhost:15003"
    startupRole: FOLLOWER
  }
}
 from snapshot
2024-07-10 07:23:25,194 [grpc-default-executor-2] INFO  server.RaftServer$Division (ServerState.java:setRaftConf(386)) - 8b0090bf-277f-4b89-9ec7-80a6dcff705a@group-C5585A39A1B5: set configuration conf: {index: 1, cur=peers:[d38ec341-43ec-4d2c-a000-6eddcfc2f96f|localhost:15003]|listeners:[], old=null}
2024-07-10 07:23:25,195 [grpc-default-executor-2] INFO  impl.SnapshotInstallationHandler (SnapshotInstallationHandler.java:installSnapshot(103)) - 8b0090bf-277f-4b89-9ec7-80a6dcff705a@group-C5585A39A1B5: reply installSnapshot: d38ec341-43ec-4d2c-a000-6eddcfc2f96f<-8b0090bf-277f-4b89-9ec7-80a6dcff705a#0:FAIL-t2,IN_PROGRESS,snapshotIndex=0
2024-07-10 07:23:25,195 [grpc-default-executor-2] INFO  server.GrpcServerProtocolService (GrpcServerProtocolService.java:onCompleted(157)) - 8b0090bf-277f-4b89-9ec7-80a6dcff705a: Completed INSTALL_SNAPSHOT, lastRequest: d38ec341-43ec-4d2c-a000-6eddcfc2f96f->8b0090bf-277f-4b89-9ec7-80a6dcff705a#0-t2,notify:(t:1, i:0)
2024-07-10 07:23:25,195 [grpc-default-executor-2] INFO  server.GrpcServerProtocolService (GrpcServerProtocolService.java:lambda$onCompleted$5(159)) - 8b0090bf-277f-4b89-9ec7-80a6dcff705a: Completed INSTALL_SNAPSHOT, lastReply: null
2024-07-10 07:23:25,197 [grpc-default-executor-3] INFO  server.GrpcLogAppender (GrpcLogAppender.java:onNext(649)) - d38ec341-43ec-4d2c-a000-6eddcfc2f96f@group-C5585A39A1B5->8b0090bf-277f-4b89-9ec7-80a6dcff705a-InstallSnapshotResponseHandler: received a reply d38ec341-43ec-4d2c-a000-6eddcfc2f96f<-8b0090bf-277f-4b89-9ec7-80a6dcff705a#0:FAIL-t2,IN_PROGRESS,snapshotIndex=0
2024-07-10 07:23:25,197 [grpc-default-executor-3] INFO  server.GrpcLogAppender (GrpcLogAppender.java:onNext(665)) - d38ec341-43ec-4d2c-a000-6eddcfc2f96f@group-C5585A39A1B5->8b0090bf-277f-4b89-9ec7-80a6dcff705a-InstallSnapshotResponseHandler: InstallSnapshot in progress.
2024-07-10 07:23:25,198 [d38ec341-43ec-4d2c-a000-6eddcfc2f96f@group-C5585A39A1B5->8b0090bf-277f-4b89-9ec7-80a6dcff705a-GrpcLogAppender-LogAppenderDaemon] INFO  server.GrpcLogAppender (GrpcLogAppender.java:notifyInstallSnapshot(790)) - d38ec341-43ec-4d2c-a000-6eddcfc2f96f@group-C5585A39A1B5->8b0090bf-277f-4b89-9ec7-80a6dcff705a-GrpcLogAppender: notifyInstallSnapshot with firstAvailable=(t:1, i:0), followerNextIndex=0
2024-07-10 07:23:25,198 [d38ec341-43ec-4d2c-a000-6eddcfc2f96f@group-C5585A39A1B5->8b0090bf-277f-4b89-9ec7-80a6dcff705a-GrpcLogAppender-LogAppenderDaemon] INFO  server.GrpcLogAppender (GrpcLogAppender.java:notifyInstallSnapshot(798)) - d38ec341-43ec-4d2c-a000-6eddcfc2f96f@group-C5585A39A1B5->8b0090bf-277f-4b89-9ec7-80a6dcff705a-GrpcLogAppender: send d38ec341-43ec-4d2c-a000-6eddcfc2f96f->8b0090bf-277f-4b89-9ec7-80a6dcff705a#0-t2,notify:(t:1, i:0)
2024-07-10 07:23:25,199 [8b0090bf-277f-4b89-9ec7-80a6dcff705a-server-thread1] INFO  server.RaftServer$Division (RaftServerImpl.java:checkInconsistentAppendEntries(1629)) - 8b0090bf-277f-4b89-9ec7-80a6dcff705a@group-C5585A39A1B5: Failed appendEntries as snapshot (0) installation is in progress
2024-07-10 07:23:25,200 [8b0090bf-277f-4b89-9ec7-80a6dcff705a-server-thread1] INFO  server.RaftServer$Division (RaftServerImpl.java:appendEntriesAsync(1584)) - 8b0090bf-277f-4b89-9ec7-80a6dcff705a@group-C5585A39A1B5: appendEntries* reply d38ec341-43ec-4d2c-a000-6eddcfc2f96f<-8b0090bf-277f-4b89-9ec7-80a6dcff705a#3:FAIL-t2,INCONSISTENCY,nextIndex=0,followerCommit=-1,matchIndex=-1
2024-07-10 07:23:25,200 [grpc-default-executor-3] INFO  impl.SnapshotInstallationHandler (SnapshotInstallationHandler.java:installSnapshot(92)) - 8b0090bf-277f-4b89-9ec7-80a6dcff705a@group-C5585A39A1B5: receive installSnapshot: d38ec341-43ec-4d2c-a000-6eddcfc2f96f->8b0090bf-277f-4b89-9ec7-80a6dcff705a#0-t2,notify:(t:1, i:0)
2024-07-10 07:23:25,201 [grpc-default-executor-3] INFO  impl.SnapshotInstallationHandler (SnapshotInstallationHandler.java:installSnapshotImpl(138)) - 8b0090bf-277f-4b89-9ec7-80a6dcff705a@group-C5585A39A1B5: set new configuration index: 1
configurationEntry {
  peers {
    id: "d38ec341-43ec-4d2c-a000-6eddcfc2f96f"
    address: "localhost:15003"
    startupRole: FOLLOWER
  }
}
 from snapshot
2024-07-10 07:23:25,201 [grpc-default-executor-3] INFO  server.RaftServer$Division (ServerState.java:setRaftConf(386)) - 8b0090bf-277f-4b89-9ec7-80a6dcff705a@group-C5585A39A1B5: set configuration conf: {index: 1, cur=peers:[d38ec341-43ec-4d2c-a000-6eddcfc2f96f|localhost:15003]|listeners:[], old=null}
2024-07-10 07:23:25,202 [grpc-default-executor-0] WARN  server.GrpcLogAppender (GrpcLogAppender.java:onNextImpl(519)) - d38ec341-43ec-4d2c-a000-6eddcfc2f96f@group-C5585A39A1B5->8b0090bf-277f-4b89-9ec7-80a6dcff705a-AppendLogResponseHandler: received INCONSISTENCY reply with nextIndex 0, errorCount=1, request=AppendEntriesRequest:cid=3,entriesCount=0
2024-07-10 07:23:25,202 [grpc-default-executor-3] INFO  impl.SnapshotInstallationHandler (SnapshotInstallationHandler.java:installSnapshot(103)) - 8b0090bf-277f-4b89-9ec7-80a6dcff705a@group-C5585A39A1B5: reply installSnapshot: d38ec341-43ec-4d2c-a000-6eddcfc2f96f<-8b0090bf-277f-4b89-9ec7-80a6dcff705a#0:FAIL-t2,IN_PROGRESS,snapshotIndex=0
2024-07-10 07:23:25,203 [grpc-default-executor-3] INFO  server.GrpcServerProtocolService (GrpcServerProtocolService.java:onCompleted(157)) - 8b0090bf-277f-4b89-9ec7-80a6dcff705a: Completed INSTALL_SNAPSHOT, lastRequest: d38ec341-43ec-4d2c-a000-6eddcfc2f96f->8b0090bf-277f-4b89-9ec7-80a6dcff705a#0-t2,notify:(t:1, i:0)
2024-07-10 07:23:25,203 [grpc-default-executor-3] INFO  server.GrpcServerProtocolService (GrpcServerProtocolService.java:lambda$onCompleted$5(159)) - 8b0090bf-277f-4b89-9ec7-80a6dcff705a: Completed INSTALL_SNAPSHOT, lastReply: null
2024-07-10 07:23:25,204 [grpc-default-executor-0] INFO  server.GrpcLogAppender (GrpcLogAppender.java:onNext(649)) - d38ec341-43ec-4d2c-a000-6eddcfc2f96f@group-C5585A39A1B5->8b0090bf-277f-4b89-9ec7-80a6dcff705a-InstallSnapshotResponseHandler: received a reply d38ec341-43ec-4d2c-a000-6eddcfc2f96f<-8b0090bf-277f-4b89-9ec7-80a6dcff705a#0:FAIL-t2,IN_PROGRESS,snapshotIndex=0
2024-07-10 07:23:25,204 [grpc-default-executor-0] INFO  server.GrpcLogAppender (GrpcLogAppender.java:onNext(665)) - d38ec341-43ec-4d2c-a000-6eddcfc2f96f@group-C5585A39A1B5->8b0090bf-277f-4b89-9ec7-80a6dcff705a-InstallSnapshotResponseHandler: InstallSnapshot in progress.
2024-07-10 07:23:25,205 [8b0090bf-277f-4b89-9ec7-80a6dcff705a-server-thread1] INFO  server.RaftServer$Division (RaftServerImpl.java:checkInconsistentAppendEntries(1629)) - 8b0090bf-277f-4b89-9ec7-80a6dcff705a@group-C5585A39A1B5: Failed appendEntries as snapshot (0) installation is in progress
2024-07-10 07:23:25,205 [8b0090bf-277f-4b89-9ec7-80a6dcff705a-server-thread1] INFO  server.RaftServer$Division (RaftServerImpl.java:appendEntriesAsync(1584)) - 8b0090bf-277f-4b89-9ec7-80a6dcff705a@group-C5585A39A1B5: appendEntries* reply d38ec341-43ec-4d2c-a000-6eddcfc2f96f<-8b0090bf-277f-4b89-9ec7-80a6dcff705a#4:FAIL-t2,INCONSISTENCY,nextIndex=0,followerCommit=-1,matchIndex=-1
2024-07-10 07:23:25,205 [d38ec341-43ec-4d2c-a000-6eddcfc2f96f@group-C5585A39A1B5->8b0090bf-277f-4b89-9ec7-80a6dcff705a-GrpcLogAppender-LogAppenderDaemon] INFO  server.GrpcLogAppender (GrpcLogAppender.java:notifyInstallSnapshot(790)) - d38ec341-43ec-4d2c-a000-6eddcfc2f96f@group-C5585A39A1B5->8b0090bf-277f-4b89-9ec7-80a6dcff705a-GrpcLogAppender: notifyInstallSnapshot with firstAvailable=(t:1, i:0), followerNextIndex=0
2024-07-10 07:23:25,205 [d38ec341-43ec-4d2c-a000-6eddcfc2f96f@group-C5585A39A1B5->8b0090bf-277f-4b89-9ec7-80a6dcff705a-GrpcLogAppender-LogAppenderDaemon] INFO  server.GrpcLogAppender (GrpcLogAppender.java:notifyInstallSnapshot(798)) - d38ec341-43ec-4d2c-a000-6eddcfc2f96f@group-C5585A39A1B5->8b0090bf-277f-4b89-9ec7-80a6dcff705a-GrpcLogAppender: send d38ec341-43ec-4d2c-a000-6eddcfc2f96f->8b0090bf-277f-4b89-9ec7-80a6dcff705a#0-t2,notify:(t:1, i:0)
2024-07-10 07:23:25,206 [grpc-default-executor-3] WARN  server.GrpcLogAppender (GrpcLogAppender.java:onNextImpl(519)) - d38ec341-43ec-4d2c-a000-6eddcfc2f96f@group-C5585A39A1B5->8b0090bf-277f-4b89-9ec7-80a6dcff705a-AppendLogResponseHandler: received INCONSISTENCY reply with nextIndex 0, errorCount=1, request=AppendEntriesRequest:cid=4,entriesCount=0
2024-07-10 07:23:25,207 [grpc-default-executor-3] INFO  impl.SnapshotInstallationHandler (SnapshotInstallationHandler.java:installSnapshot(92)) - 8b0090bf-277f-4b89-9ec7-80a6dcff705a@group-C5585A39A1B5: receive installSnapshot: d38ec341-43ec-4d2c-a000-6eddcfc2f96f->8b0090bf-277f-4b89-9ec7-80a6dcff705a#0-t2,notify:(t:1, i:0)
2024-07-10 07:23:25,208 [grpc-default-executor-3] INFO  impl.SnapshotInstallationHandler (SnapshotInstallationHandler.java:installSnapshotImpl(138)) - 8b0090bf-277f-4b89-9ec7-80a6dcff705a@group-C5585A39A1B5: set new configuration index: 1
configurationEntry {
  peers {
    id: "d38ec341-43ec-4d2c-a000-6eddcfc2f96f"
    address: "localhost:15003"
    startupRole: FOLLOWER
  }
}
 from snapshot
2024-07-10 07:23:25,208 [grpc-default-executor-3] INFO  server.RaftServer$Division (ServerState.java:setRaftConf(386)) - 8b0090bf-277f-4b89-9ec7-80a6dcff705a@group-C5585A39A1B5: set configuration conf: {index: 1, cur=peers:[d38ec341-43ec-4d2c-a000-6eddcfc2f96f|localhost:15003]|listeners:[], old=null}
2024-07-10 07:23:25,209 [grpc-default-executor-3] INFO  impl.SnapshotInstallationHandler (SnapshotInstallationHandler.java:installSnapshot(103)) - 8b0090bf-277f-4b89-9ec7-80a6dcff705a@group-C5585A39A1B5: reply installSnapshot: d38ec341-43ec-4d2c-a000-6eddcfc2f96f<-8b0090bf-277f-4b89-9ec7-80a6dcff705a#0:FAIL-t2,IN_PROGRESS,snapshotIndex=0
2024-07-10 07:23:25,209 [grpc-default-executor-3] INFO  server.GrpcServerProtocolService (GrpcServerProtocolService.java:onCompleted(157)) - 8b0090bf-277f-4b89-9ec7-80a6dcff705a: Completed INSTALL_SNAPSHOT, lastRequest: d38ec341-43ec-4d2c-a000-6eddcfc2f96f->8b0090bf-277f-4b89-9ec7-80a6dcff705a#0-t2,notify:(t:1, i:0)
2024-07-10 07:23:25,209 [grpc-default-executor-3] INFO  server.GrpcServerProtocolService (GrpcServerProtocolService.java:lambda$onCompleted$5(159)) - 8b0090bf-277f-4b89-9ec7-80a6dcff705a: Completed INSTALL_SNAPSHOT, lastReply: null
2024-07-10 07:23:25,211 [grpc-default-executor-0] INFO  server.GrpcLogAppender (GrpcLogAppender.java:onNext(649)) - d38ec341-43ec-4d2c-a000-6eddcfc2f96f@group-C5585A39A1B5->8b0090bf-277f-4b89-9ec7-80a6dcff705a-InstallSnapshotResponseHandler: received a reply d38ec341-43ec-4d2c-a000-6eddcfc2f96f<-8b0090bf-277f-4b89-9ec7-80a6dcff705a#0:FAIL-t2,IN_PROGRESS,snapshotIndex=0
2024-07-10 07:23:25,211 [grpc-default-executor-0] INFO  server.GrpcLogAppender (GrpcLogAppender.java:onNext(665)) - d38ec341-43ec-4d2c-a000-6eddcfc2f96f@group-C5585A39A1B5->8b0090bf-277f-4b89-9ec7-80a6dcff705a-InstallSnapshotResponseHandler: InstallSnapshot in progress.
2024-07-10 07:23:25,211 [d38ec341-43ec-4d2c-a000-6eddcfc2f96f@group-C5585A39A1B5->8b0090bf-277f-4b89-9ec7-80a6dcff705a-GrpcLogAppender-LogAppenderDaemon] INFO  server.GrpcLogAppender (GrpcLogAppender.java:notifyInstallSnapshot(790)) - d38ec341-43ec-4d2c-a000-6eddcfc2f96f@group-C5585A39A1B5->8b0090bf-277f-4b89-9ec7-80a6dcff705a-GrpcLogAppender: notifyInstallSnapshot with firstAvailable=(t:1, i:0), followerNextIndex=0
2024-07-10 07:23:25,211 [d38ec341-43ec-4d2c-a000-6eddcfc2f96f@group-C5585A39A1B5->8b0090bf-277f-4b89-9ec7-80a6dcff705a-GrpcLogAppender-LogAppenderDaemon] INFO  server.GrpcLogAppender (GrpcLogAppender.java:notifyInstallSnapshot(798)) - d38ec341-43ec-4d2c-a000-6eddcfc2f96f@group-C5585A39A1B5->8b0090bf-277f-4b89-9ec7-80a6dcff705a-GrpcLogAppender: send d38ec341-43ec-4d2c-a000-6eddcfc2f96f->8b0090bf-277f-4b89-9ec7-80a6dcff705a#0-t2,notify:(t:1, i:0)
2024-07-10 07:23:25,213 [8b0090bf-277f-4b89-9ec7-80a6dcff705a-server-thread1] INFO  server.RaftServer$Division (RaftServerImpl.java:checkInconsistentAppendEntries(1629)) - 8b0090bf-277f-4b89-9ec7-80a6dcff705a@group-C5585A39A1B5: Failed appendEntries as snapshot (0) installation is in progress
2024-07-10 07:23:25,213 [8b0090bf-277f-4b89-9ec7-80a6dcff705a-server-thread1] INFO  server.RaftServer$Division (RaftServerImpl.java:appendEntriesAsync(1584)) - 8b0090bf-277f-4b89-9ec7-80a6dcff705a@group-C5585A39A1B5: appendEntries* reply d38ec341-43ec-4d2c-a000-6eddcfc2f96f<-8b0090bf-277f-4b89-9ec7-80a6dcff705a#5:FAIL-t2,INCONSISTENCY,nextIndex=0,followerCommit=-1,matchIndex=-1
2024-07-10 07:23:25,214 [grpc-default-executor-3] INFO  impl.SnapshotInstallationHandler (SnapshotInstallationHandler.java:installSnapshot(92)) - 8b0090bf-277f-4b89-9ec7-80a6dcff705a@group-C5585A39A1B5: receive installSnapshot: d38ec341-43ec-4d2c-a000-6eddcfc2f96f->8b0090bf-277f-4b89-9ec7-80a6dcff705a#0-t2,notify:(t:1, i:0)
2024-07-10 07:23:25,214 [grpc-default-executor-3] INFO  impl.SnapshotInstallationHandler (SnapshotInstallationHandler.java:installSnapshotImpl(138)) - 8b0090bf-277f-4b89-9ec7-80a6dcff705a@group-C5585A39A1B5: set new configuration index: 1
configurationEntry {
  peers {
    id: "d38ec341-43ec-4d2c-a000-6eddcfc2f96f"
    address: "localhost:15003"
    startupRole: FOLLOWER
  }
}
 from snapshot
2024-07-10 07:23:25,214 [grpc-default-executor-3] INFO  server.RaftServer$Division (ServerState.java:setRaftConf(386)) - 8b0090bf-277f-4b89-9ec7-80a6dcff705a@group-C5585A39A1B5: set configuration conf: {index: 1, cur=peers:[d38ec341-43ec-4d2c-a000-6eddcfc2f96f|localhost:15003]|listeners:[], old=null}
2024-07-10 07:23:25,215 [grpc-default-executor-0] WARN  server.GrpcLogAppender (GrpcLogAppender.java:onNextImpl(519)) - d38ec341-43ec-4d2c-a000-6eddcfc2f96f@group-C5585A39A1B5->8b0090bf-277f-4b89-9ec7-80a6dcff705a-AppendLogResponseHandler: received INCONSISTENCY reply with nextIndex 0, errorCount=1, request=AppendEntriesRequest:cid=5,entriesCount=0
2024-07-10 07:23:25,216 [grpc-default-executor-3] INFO  impl.SnapshotInstallationHandler (SnapshotInstallationHandler.java:installSnapshot(103)) - 8b0090bf-277f-4b89-9ec7-80a6dcff705a@group-C5585A39A1B5: reply installSnapshot: d38ec341-43ec-4d2c-a000-6eddcfc2f96f<-8b0090bf-277f-4b89-9ec7-80a6dcff705a#0:FAIL-t2,IN_PROGRESS,snapshotIndex=0
2024-07-10 07:23:25,216 [grpc-default-executor-3] INFO  server.GrpcServerProtocolService (GrpcServerProtocolService.java:onCompleted(157)) - 8b0090bf-277f-4b89-9ec7-80a6dcff705a: Completed INSTALL_SNAPSHOT, lastRequest: d38ec341-43ec-4d2c-a000-6eddcfc2f96f->8b0090bf-277f-4b89-9ec7-80a6dcff705a#0-t2,notify:(t:1, i:0)
2024-07-10 07:23:25,216 [grpc-default-executor-3] INFO  server.GrpcServerProtocolService (GrpcServerProtocolService.java:lambda$onCompleted$5(159)) - 8b0090bf-277f-4b89-9ec7-80a6dcff705a: Completed INSTALL_SNAPSHOT, lastReply: null
2024-07-10 07:23:25,217 [grpc-default-executor-0] INFO  server.GrpcLogAppender (GrpcLogAppender.java:onNext(649)) - d38ec341-43ec-4d2c-a000-6eddcfc2f96f@group-C5585A39A1B5->8b0090bf-277f-4b89-9ec7-80a6dcff705a-InstallSnapshotResponseHandler: received a reply d38ec341-43ec-4d2c-a000-6eddcfc2f96f<-8b0090bf-277f-4b89-9ec7-80a6dcff705a#0:FAIL-t2,IN_PROGRESS,snapshotIndex=0
2024-07-10 07:23:25,218 [grpc-default-executor-0] INFO  server.GrpcLogAppender (GrpcLogAppender.java:onNext(665)) - d38ec341-43ec-4d2c-a000-6eddcfc2f96f@group-C5585A39A1B5->8b0090bf-277f-4b89-9ec7-80a6dcff705a-InstallSnapshotResponseHandler: InstallSnapshot in progress.
2024-07-10 07:23:25,219 [8b0090bf-277f-4b89-9ec7-80a6dcff705a-server-thread1] INFO  server.RaftServer$Division (RaftServerImpl.java:checkInconsistentAppendEntries(1629)) - 8b0090bf-277f-4b89-9ec7-80a6dcff705a@group-C5585A39A1B5: Failed appendEntries as snapshot (0) installation is in progress
2024-07-10 07:23:25,219 [8b0090bf-277f-4b89-9ec7-80a6dcff705a-server-thread1] INFO  server.RaftServer$Division (RaftServerImpl.java:appendEntriesAsync(1584)) - 8b0090bf-277f-4b89-9ec7-80a6dcff705a@group-C5585A39A1B5: appendEntries* reply d38ec341-43ec-4d2c-a000-6eddcfc2f96f<-8b0090bf-277f-4b89-9ec7-80a6dcff705a#6:FAIL-t2,INCONSISTENCY,nextIndex=0,followerCommit=-1,matchIndex=-1
2024-07-10 07:23:25,219 [d38ec341-43ec-4d2c-a000-6eddcfc2f96f@group-C5585A39A1B5->8b0090bf-277f-4b89-9ec7-80a6dcff705a-GrpcLogAppender-LogAppenderDaemon] INFO  server.GrpcLogAppender (GrpcLogAppender.java:notifyInstallSnapshot(790)) - d38ec341-43ec-4d2c-a000-6eddcfc2f96f@group-C5585A39A1B5->8b0090bf-277f-4b89-9ec7-80a6dcff705a-GrpcLogAppender: notifyInstallSnapshot with firstAvailable=(t:1, i:0), followerNextIndex=0
2024-07-10 07:23:25,219 [d38ec341-43ec-4d2c-a000-6eddcfc2f96f@group-C5585A39A1B5->8b0090bf-277f-4b89-9ec7-80a6dcff705a-GrpcLogAppender-LogAppenderDaemon] INFO  server.GrpcLogAppender (GrpcLogAppender.java:notifyInstallSnapshot(798)) - d38ec341-43ec-4d2c-a000-6eddcfc2f96f@group-C5585A39A1B5->8b0090bf-277f-4b89-9ec7-80a6dcff705a-GrpcLogAppender: send d38ec341-43ec-4d2c-a000-6eddcfc2f96f->8b0090bf-277f-4b89-9ec7-80a6dcff705a#0-t2,notify:(t:1, i:0)
2024-07-10 07:23:25,221 [grpc-default-executor-3] WARN  server.GrpcLogAppender (GrpcLogAppender.java:onNextImpl(519)) - d38ec341-43ec-4d2c-a000-6eddcfc2f96f@group-C5585A39A1B5->8b0090bf-277f-4b89-9ec7-80a6dcff705a-AppendLogResponseHandler: received INCONSISTENCY reply with nextIndex 0, errorCount=1, request=AppendEntriesRequest:cid=6,entriesCount=0
2024-07-10 07:23:25,222 [grpc-default-executor-3] INFO  impl.SnapshotInstallationHandler (SnapshotInstallationHandler.java:installSnapshot(92)) - 8b0090bf-277f-4b89-9ec7-80a6dcff705a@group-C5585A39A1B5: receive installSnapshot: d38ec341-43ec-4d2c-a000-6eddcfc2f96f->8b0090bf-277f-4b89-9ec7-80a6dcff705a#0-t2,notify:(t:1, i:0)
2024-07-10 07:23:25,223 [grpc-default-executor-3] INFO  impl.SnapshotInstallationHandler (SnapshotInstallationHandler.java:installSnapshotImpl(138)) - 8b0090bf-277f-4b89-9ec7-80a6dcff705a@group-C5585A39A1B5: set new configuration index: 1
configurationEntry {
  peers {
    id: "d38ec341-43ec-4d2c-a000-6eddcfc2f96f"
    address: "localhost:15003"
    startupRole: FOLLOWER
  }
}
 from snapshot
2024-07-10 07:23:25,223 [grpc-default-executor-3] INFO  server.RaftServer$Division (ServerState.java:setRaftConf(386)) - 8b0090bf-277f-4b89-9ec7-80a6dcff705a@group-C5585A39A1B5: set configuration conf: {index: 1, cur=peers:[d38ec341-43ec-4d2c-a000-6eddcfc2f96f|localhost:15003]|listeners:[], old=null}
2024-07-10 07:23:25,225 [grpc-default-executor-3] INFO  impl.SnapshotInstallationHandler (SnapshotInstallationHandler.java:installSnapshot(103)) - 8b0090bf-277f-4b89-9ec7-80a6dcff705a@group-C5585A39A1B5: reply installSnapshot: d38ec341-43ec-4d2c-a000-6eddcfc2f96f<-8b0090bf-277f-4b89-9ec7-80a6dcff705a#0:FAIL-t2,IN_PROGRESS,snapshotIndex=0
2024-07-10 07:23:25,225 [grpc-default-executor-3] INFO  server.GrpcServerProtocolService (GrpcServerProtocolService.java:onCompleted(157)) - 8b0090bf-277f-4b89-9ec7-80a6dcff705a: Completed INSTALL_SNAPSHOT, lastRequest: d38ec341-43ec-4d2c-a000-6eddcfc2f96f->8b0090bf-277f-4b89-9ec7-80a6dcff705a#0-t2,notify:(t:1, i:0)
2024-07-10 07:23:25,225 [grpc-default-executor-3] INFO  server.GrpcServerProtocolService (GrpcServerProtocolService.java:lambda$onCompleted$5(159)) - 8b0090bf-277f-4b89-9ec7-80a6dcff705a: Completed INSTALL_SNAPSHOT, lastReply: null
2024-07-10 07:23:25,227 [grpc-default-executor-0] INFO  server.GrpcLogAppender (GrpcLogAppender.java:onNext(649)) - d38ec341-43ec-4d2c-a000-6eddcfc2f96f@group-C5585A39A1B5->8b0090bf-277f-4b89-9ec7-80a6dcff705a-InstallSnapshotResponseHandler: received a reply d38ec341-43ec-4d2c-a000-6eddcfc2f96f<-8b0090bf-277f-4b89-9ec7-80a6dcff705a#0:FAIL-t2,IN_PROGRESS,snapshotIndex=0
2024-07-10 07:23:25,227 [grpc-default-executor-0] INFO  server.GrpcLogAppender (GrpcLogAppender.java:onNext(665)) - d38ec341-43ec-4d2c-a000-6eddcfc2f96f@group-C5585A39A1B5->8b0090bf-277f-4b89-9ec7-80a6dcff705a-InstallSnapshotResponseHandler: InstallSnapshot in progress.
2024-07-10 07:23:25,228 [8b0090bf-277f-4b89-9ec7-80a6dcff705a-server-thread1] INFO  server.RaftServer$Division (RaftServerImpl.java:checkInconsistentAppendEntries(1629)) - 8b0090bf-277f-4b89-9ec7-80a6dcff705a@group-C5585A39A1B5: Failed appendEntries as snapshot (0) installation is in progress
2024-07-10 07:23:25,228 [8b0090bf-277f-4b89-9ec7-80a6dcff705a-server-thread1] INFO  server.RaftServer$Division (RaftServerImpl.java:appendEntriesAsync(1584)) - 8b0090bf-277f-4b89-9ec7-80a6dcff705a@group-C5585A39A1B5: appendEntries* reply d38ec341-43ec-4d2c-a000-6eddcfc2f96f<-8b0090bf-277f-4b89-9ec7-80a6dcff705a#7:FAIL-t2,INCONSISTENCY,nextIndex=0,followerCommit=-1,matchIndex=-1
2024-07-10 07:23:25,229 [d38ec341-43ec-4d2c-a000-6eddcfc2f96f@group-C5585A39A1B5->8b0090bf-277f-4b89-9ec7-80a6dcff705a-GrpcLogAppender-LogAppenderDaemon] INFO  server.GrpcLogAppender (GrpcLogAppender.java:notifyInstallSnapshot(790)) - d38ec341-43ec-4d2c-a000-6eddcfc2f96f@group-C5585A39A1B5->8b0090bf-277f-4b89-9ec7-80a6dcff705a-GrpcLogAppender: notifyInstallSnapshot with firstAvailable=(t:1, i:0), followerNextIndex=0
2024-07-10 07:23:25,229 [d38ec341-43ec-4d2c-a000-6eddcfc2f96f@group-C5585A39A1B5->8b0090bf-277f-4b89-9ec7-80a6dcff705a-GrpcLogAppender-LogAppenderDaemon] INFO  server.GrpcLogAppender (GrpcLogAppender.java:notifyInstallSnapshot(798)) - d38ec341-43ec-4d2c-a000-6eddcfc2f96f@group-C5585A39A1B5->8b0090bf-277f-4b89-9ec7-80a6dcff705a-GrpcLogAppender: send d38ec341-43ec-4d2c-a000-6eddcfc2f96f->8b0090bf-277f-4b89-9ec7-80a6dcff705a#0-t2,notify:(t:1, i:0)
2024-07-10 07:23:25,230 [grpc-default-executor-3] WARN  server.GrpcLogAppender (GrpcLogAppender.java:onNextImpl(519)) - d38ec341-43ec-4d2c-a000-6eddcfc2f96f@group-C5585A39A1B5->8b0090bf-277f-4b89-9ec7-80a6dcff705a-AppendLogResponseHandler: received INCONSISTENCY reply with nextIndex 0, errorCount=1, request=AppendEntriesRequest:cid=7,entriesCount=0
2024-07-10 07:23:25,231 [grpc-default-executor-3] INFO  impl.SnapshotInstallationHandler (SnapshotInstallationHandler.java:installSnapshot(92)) - 8b0090bf-277f-4b89-9ec7-80a6dcff705a@group-C5585A39A1B5: receive installSnapshot: d38ec341-43ec-4d2c-a000-6eddcfc2f96f->8b0090bf-277f-4b89-9ec7-80a6dcff705a#0-t2,notify:(t:1, i:0)
2024-07-10 07:23:25,231 [grpc-default-executor-3] INFO  impl.SnapshotInstallationHandler (SnapshotInstallationHandler.java:installSnapshotImpl(138)) - 8b0090bf-277f-4b89-9ec7-80a6dcff705a@group-C5585A39A1B5: set new configuration index: 1
configurationEntry {
  peers {
    id: "d38ec341-43ec-4d2c-a000-6eddcfc2f96f"
    address: "localhost:15003"
    startupRole: FOLLOWER
  }
}
 from snapshot
2024-07-10 07:23:25,232 [grpc-default-executor-3] INFO  server.RaftServer$Division (ServerState.java:setRaftConf(386)) - 8b0090bf-277f-4b89-9ec7-80a6dcff705a@group-C5585A39A1B5: set configuration conf: {index: 1, cur=peers:[d38ec341-43ec-4d2c-a000-6eddcfc2f96f|localhost:15003]|listeners:[], old=null}
2024-07-10 07:23:25,233 [grpc-default-executor-3] INFO  impl.SnapshotInstallationHandler (SnapshotInstallationHandler.java:installSnapshot(103)) - 8b0090bf-277f-4b89-9ec7-80a6dcff705a@group-C5585A39A1B5: reply installSnapshot: d38ec341-43ec-4d2c-a000-6eddcfc2f96f<-8b0090bf-277f-4b89-9ec7-80a6dcff705a#0:FAIL-t2,IN_PROGRESS,snapshotIndex=0
2024-07-10 07:23:25,233 [grpc-default-executor-3] INFO  server.GrpcServerProtocolService (GrpcServerProtocolService.java:onCompleted(157)) - 8b0090bf-277f-4b89-9ec7-80a6dcff705a: Completed INSTALL_SNAPSHOT, lastRequest: d38ec341-43ec-4d2c-a000-6eddcfc2f96f->8b0090bf-277f-4b89-9ec7-80a6dcff705a#0-t2,notify:(t:1, i:0)
2024-07-10 07:23:25,233 [grpc-default-executor-3] INFO  server.GrpcServerProtocolService (GrpcServerProtocolService.java:lambda$onCompleted$5(159)) - 8b0090bf-277f-4b89-9ec7-80a6dcff705a: Completed INSTALL_SNAPSHOT, lastReply: null
2024-07-10 07:23:25,234 [grpc-default-executor-0] INFO  server.GrpcLogAppender (GrpcLogAppender.java:onNext(649)) - d38ec341-43ec-4d2c-a000-6eddcfc2f96f@group-C5585A39A1B5->8b0090bf-277f-4b89-9ec7-80a6dcff705a-InstallSnapshotResponseHandler: received a reply d38ec341-43ec-4d2c-a000-6eddcfc2f96f<-8b0090bf-277f-4b89-9ec7-80a6dcff705a#0:FAIL-t2,IN_PROGRESS,snapshotIndex=0
2024-07-10 07:23:25,235 [grpc-default-executor-0] INFO  server.GrpcLogAppender (GrpcLogAppender.java:onNext(665)) - d38ec341-43ec-4d2c-a000-6eddcfc2f96f@group-C5585A39A1B5->8b0090bf-277f-4b89-9ec7-80a6dcff705a-InstallSnapshotResponseHandler: InstallSnapshot in progress.
2024-07-10 07:23:25,236 [8b0090bf-277f-4b89-9ec7-80a6dcff705a-server-thread1] INFO  server.RaftServer$Division (RaftServerImpl.java:checkInconsistentAppendEntries(1629)) - 8b0090bf-277f-4b89-9ec7-80a6dcff705a@group-C5585A39A1B5: Failed appendEntries as snapshot (0) installation is in progress
2024-07-10 07:23:25,236 [8b0090bf-277f-4b89-9ec7-80a6dcff705a-server-thread1] INFO  server.RaftServer$Division (RaftServerImpl.java:appendEntriesAsync(1584)) - 8b0090bf-277f-4b89-9ec7-80a6dcff705a@group-C5585A39A1B5: appendEntries* reply d38ec341-43ec-4d2c-a000-6eddcfc2f96f<-8b0090bf-277f-4b89-9ec7-80a6dcff705a#8:FAIL-t2,INCONSISTENCY,nextIndex=0,followerCommit=-1,matchIndex=-1
2024-07-10 07:23:25,236 [d38ec341-43ec-4d2c-a000-6eddcfc2f96f@group-C5585A39A1B5->8b0090bf-277f-4b89-9ec7-80a6dcff705a-GrpcLogAppender-LogAppenderDaemon] INFO  server.GrpcLogAppender (GrpcLogAppender.java:notifyInstallSnapshot(790)) - d38ec341-43ec-4d2c-a000-6eddcfc2f96f@group-C5585A39A1B5->8b0090bf-277f-4b89-9ec7-80a6dcff705a-GrpcLogAppender: notifyInstallSnapshot with firstAvailable=(t:1, i:0), followerNextIndex=0
2024-07-10 07:23:25,236 [d38ec341-43ec-4d2c-a000-6eddcfc2f96f@group-C5585A39A1B5->8b0090bf-277f-4b89-9ec7-80a6dcff705a-GrpcLogAppender-LogAppenderDaemon] INFO  server.GrpcLogAppender (GrpcLogAppender.java:notifyInstallSnapshot(798)) - d38ec341-43ec-4d2c-a000-6eddcfc2f96f@group-C5585A39A1B5->8b0090bf-277f-4b89-9ec7-80a6dcff705a-GrpcLogAppender: send d38ec341-43ec-4d2c-a000-6eddcfc2f96f->8b0090bf-277f-4b89-9ec7-80a6dcff705a#0-t2,notify:(t:1, i:0)
2024-07-10 07:23:25,238 [grpc-default-executor-0] WARN  server.GrpcLogAppender (GrpcLogAppender.java:onNextImpl(519)) - d38ec341-43ec-4d2c-a000-6eddcfc2f96f@group-C5585A39A1B5->8b0090bf-277f-4b89-9ec7-80a6dcff705a-AppendLogResponseHandler: received INCONSISTENCY reply with nextIndex 0, errorCount=1, request=AppendEntriesRequest:cid=8,entriesCount=0
2024-07-10 07:23:25,238 [grpc-default-executor-0] INFO  impl.SnapshotInstallationHandler (SnapshotInstallationHandler.java:installSnapshot(92)) - 8b0090bf-277f-4b89-9ec7-80a6dcff705a@group-C5585A39A1B5: receive installSnapshot: d38ec341-43ec-4d2c-a000-6eddcfc2f96f->8b0090bf-277f-4b89-9ec7-80a6dcff705a#0-t2,notify:(t:1, i:0)
2024-07-10 07:23:25,239 [grpc-default-executor-0] INFO  impl.SnapshotInstallationHandler (SnapshotInstallationHandler.java:installSnapshotImpl(138)) - 8b0090bf-277f-4b89-9ec7-80a6dcff705a@group-C5585A39A1B5: set new configuration index: 1
configurationEntry {
  peers {
    id: "d38ec341-43ec-4d2c-a000-6eddcfc2f96f"
    address: "localhost:15003"
    startupRole: FOLLOWER
  }
}
 from snapshot
2024-07-10 07:23:25,239 [grpc-default-executor-0] INFO  server.RaftServer$Division (ServerState.java:setRaftConf(386)) - 8b0090bf-277f-4b89-9ec7-80a6dcff705a@group-C5585A39A1B5: set configuration conf: {index: 1, cur=peers:[d38ec341-43ec-4d2c-a000-6eddcfc2f96f|localhost:15003]|listeners:[], old=null}
2024-07-10 07:23:25,240 [grpc-default-executor-0] INFO  impl.SnapshotInstallationHandler (SnapshotInstallationHandler.java:installSnapshot(103)) - 8b0090bf-277f-4b89-9ec7-80a6dcff705a@group-C5585A39A1B5: reply installSnapshot: d38ec341-43ec-4d2c-a000-6eddcfc2f96f<-8b0090bf-277f-4b89-9ec7-80a6dcff705a#0:FAIL-t2,IN_PROGRESS,snapshotIndex=0
2024-07-10 07:23:25,240 [grpc-default-executor-0] INFO  server.GrpcServerProtocolService (GrpcServerProtocolService.java:onCompleted(157)) - 8b0090bf-277f-4b89-9ec7-80a6dcff705a: Completed INSTALL_SNAPSHOT, lastRequest: d38ec341-43ec-4d2c-a000-6eddcfc2f96f->8b0090bf-277f-4b89-9ec7-80a6dcff705a#0-t2,notify:(t:1, i:0)
2024-07-10 07:23:25,240 [grpc-default-executor-0] INFO  server.GrpcServerProtocolService (GrpcServerProtocolService.java:lambda$onCompleted$5(159)) - 8b0090bf-277f-4b89-9ec7-80a6dcff705a: Completed INSTALL_SNAPSHOT, lastReply: null
2024-07-10 07:23:25,242 [grpc-default-executor-0] INFO  server.GrpcLogAppender (GrpcLogAppender.java:onNext(649)) - d38ec341-43ec-4d2c-a000-6eddcfc2f96f@group-C5585A39A1B5->8b0090bf-277f-4b89-9ec7-80a6dcff705a-InstallSnapshotResponseHandler: received a reply d38ec341-43ec-4d2c-a000-6eddcfc2f96f<-8b0090bf-277f-4b89-9ec7-80a6dcff705a#0:FAIL-t2,IN_PROGRESS,snapshotIndex=0
2024-07-10 07:23:25,242 [grpc-default-executor-0] INFO  server.GrpcLogAppender (GrpcLogAppender.java:onNext(665)) - d38ec341-43ec-4d2c-a000-6eddcfc2f96f@group-C5585A39A1B5->8b0090bf-277f-4b89-9ec7-80a6dcff705a-InstallSnapshotResponseHandler: InstallSnapshot in progress.
2024-07-10 07:23:25,243 [8b0090bf-277f-4b89-9ec7-80a6dcff705a-server-thread1] INFO  server.RaftServer$Division (RaftServerImpl.java:checkInconsistentAppendEntries(1629)) - 8b0090bf-277f-4b89-9ec7-80a6dcff705a@group-C5585A39A1B5: Failed appendEntries as snapshot (0) installation is in progress
2024-07-10 07:23:25,243 [8b0090bf-277f-4b89-9ec7-80a6dcff705a-server-thread1] INFO  server.RaftServer$Division (RaftServerImpl.java:appendEntriesAsync(1584)) - 8b0090bf-277f-4b89-9ec7-80a6dcff705a@group-C5585A39A1B5: appendEntries* reply d38ec341-43ec-4d2c-a000-6eddcfc2f96f<-8b0090bf-277f-4b89-9ec7-80a6dcff705a#9:FAIL-t2,INCONSISTENCY,nextIndex=0,followerCommit=-1,matchIndex=-1
2024-07-10 07:23:25,243 [d38ec341-43ec-4d2c-a000-6eddcfc2f96f@group-C5585A39A1B5->8b0090bf-277f-4b89-9ec7-80a6dcff705a-GrpcLogAppender-LogAppenderDaemon] INFO  server.GrpcLogAppender (GrpcLogAppender.java:notifyInstallSnapshot(790)) - d38ec341-43ec-4d2c-a000-6eddcfc2f96f@group-C5585A39A1B5->8b0090bf-277f-4b89-9ec7-80a6dcff705a-GrpcLogAppender: notifyInstallSnapshot with firstAvailable=(t:1, i:0), followerNextIndex=0
2024-07-10 07:23:25,243 [d38ec341-43ec-4d2c-a000-6eddcfc2f96f@group-C5585A39A1B5->8b0090bf-277f-4b89-9ec7-80a6dcff705a-GrpcLogAppender-LogAppenderDaemon] INFO  server.GrpcLogAppender (GrpcLogAppender.java:notifyInstallSnapshot(798)) - d38ec341-43ec-4d2c-a000-6eddcfc2f96f@group-C5585A39A1B5->8b0090bf-277f-4b89-9ec7-80a6dcff705a-GrpcLogAppender: send d38ec341-43ec-4d2c-a000-6eddcfc2f96f->8b0090bf-277f-4b89-9ec7-80a6dcff705a#0-t2,notify:(t:1, i:0)
2024-07-10 07:23:25,244 [grpc-default-executor-0] WARN  server.GrpcLogAppender (GrpcLogAppender.java:onNextImpl(519)) - d38ec341-43ec-4d2c-a000-6eddcfc2f96f@group-C5585A39A1B5->8b0090bf-277f-4b89-9ec7-80a6dcff705a-AppendLogResponseHandler: received INCONSISTENCY reply with nextIndex 0, errorCount=1, request=AppendEntriesRequest:cid=9,entriesCount=0
2024-07-10 07:23:25,245 [grpc-default-executor-0] INFO  impl.SnapshotInstallationHandler (SnapshotInstallationHandler.java:installSnapshot(92)) - 8b0090bf-277f-4b89-9ec7-80a6dcff705a@group-C5585A39A1B5: receive installSnapshot: d38ec341-43ec-4d2c-a000-6eddcfc2f96f->8b0090bf-277f-4b89-9ec7-80a6dcff705a#0-t2,notify:(t:1, i:0)
2024-07-10 07:23:25,246 [grpc-default-executor-0] INFO  impl.SnapshotInstallationHandler (SnapshotInstallationHandler.java:installSnapshotImpl(138)) - 8b0090bf-277f-4b89-9ec7-80a6dcff705a@group-C5585A39A1B5: set new configuration index: 1
configurationEntry {
  peers {
    id: "d38ec341-43ec-4d2c-a000-6eddcfc2f96f"
    address: "localhost:15003"
    startupRole: FOLLOWER
  }
}
 from snapshot
2024-07-10 07:23:25,246 [grpc-default-executor-0] INFO  server.RaftServer$Division (ServerState.java:setRaftConf(386)) - 8b0090bf-277f-4b89-9ec7-80a6dcff705a@group-C5585A39A1B5: set configuration conf: {index: 1, cur=peers:[d38ec341-43ec-4d2c-a000-6eddcfc2f96f|localhost:15003]|listeners:[], old=null}
2024-07-10 07:23:25,247 [grpc-default-executor-0] INFO  impl.SnapshotInstallationHandler (SnapshotInstallationHandler.java:installSnapshot(103)) - 8b0090bf-277f-4b89-9ec7-80a6dcff705a@group-C5585A39A1B5: reply installSnapshot: d38ec341-43ec-4d2c-a000-6eddcfc2f96f<-8b0090bf-277f-4b89-9ec7-80a6dcff705a#0:FAIL-t2,IN_PROGRESS,snapshotIndex=0
2024-07-10 07:23:25,247 [grpc-default-executor-0] INFO  server.GrpcServerProtocolService (GrpcServerProtocolService.java:onCompleted(157)) - 8b0090bf-277f-4b89-9ec7-80a6dcff705a: Completed INSTALL_SNAPSHOT, lastRequest: d38ec341-43ec-4d2c-a000-6eddcfc2f96f->8b0090bf-277f-4b89-9ec7-80a6dcff705a#0-t2,notify:(t:1, i:0)
2024-07-10 07:23:25,247 [grpc-default-executor-0] INFO  server.GrpcServerProtocolService (GrpcServerProtocolService.java:lambda$onCompleted$5(159)) - 8b0090bf-277f-4b89-9ec7-80a6dcff705a: Completed INSTALL_SNAPSHOT, lastReply: null
2024-07-10 07:23:25,248 [grpc-default-executor-3] INFO  server.GrpcLogAppender (GrpcLogAppender.java:onNext(649)) - d38ec341-43ec-4d2c-a000-6eddcfc2f96f@group-C5585A39A1B5->8b0090bf-277f-4b89-9ec7-80a6dcff705a-InstallSnapshotResponseHandler: received a reply d38ec341-43ec-4d2c-a000-6eddcfc2f96f<-8b0090bf-277f-4b89-9ec7-80a6dcff705a#0:FAIL-t2,IN_PROGRESS,snapshotIndex=0
2024-07-10 07:23:25,248 [grpc-default-executor-3] INFO  server.GrpcLogAppender (GrpcLogAppender.java:onNext(665)) - d38ec341-43ec-4d2c-a000-6eddcfc2f96f@group-C5585A39A1B5->8b0090bf-277f-4b89-9ec7-80a6dcff705a-InstallSnapshotResponseHandler: InstallSnapshot in progress.
2024-07-10 07:23:25,249 [d38ec341-43ec-4d2c-a000-6eddcfc2f96f@group-C5585A39A1B5->8b0090bf-277f-4b89-9ec7-80a6dcff705a-GrpcLogAppender-LogAppenderDaemon] INFO  server.GrpcLogAppender (GrpcLogAppender.java:notifyInstallSnapshot(790)) - d38ec341-43ec-4d2c-a000-6eddcfc2f96f@group-C5585A39A1B5->8b0090bf-277f-4b89-9ec7-80a6dcff705a-GrpcLogAppender: notifyInstallSnapshot with firstAvailable=(t:1, i:0), followerNextIndex=0
2024-07-10 07:23:25,249 [d38ec341-43ec-4d2c-a000-6eddcfc2f96f@group-C5585A39A1B5->8b0090bf-277f-4b89-9ec7-80a6dcff705a-GrpcLogAppender-LogAppenderDaemon] INFO  server.GrpcLogAppender (GrpcLogAppender.java:notifyInstallSnapshot(798)) - d38ec341-43ec-4d2c-a000-6eddcfc2f96f@group-C5585A39A1B5->8b0090bf-277f-4b89-9ec7-80a6dcff705a-GrpcLogAppender: send d38ec341-43ec-4d2c-a000-6eddcfc2f96f->8b0090bf-277f-4b89-9ec7-80a6dcff705a#0-t2,notify:(t:1, i:0)
2024-07-10 07:23:25,251 [grpc-default-executor-0] INFO  impl.SnapshotInstallationHandler (SnapshotInstallationHandler.java:installSnapshot(92)) - 8b0090bf-277f-4b89-9ec7-80a6dcff705a@group-C5585A39A1B5: receive installSnapshot: d38ec341-43ec-4d2c-a000-6eddcfc2f96f->8b0090bf-277f-4b89-9ec7-80a6dcff705a#0-t2,notify:(t:1, i:0)
2024-07-10 07:23:25,251 [8b0090bf-277f-4b89-9ec7-80a6dcff705a-server-thread1] INFO  server.RaftServer$Division (RaftServerImpl.java:checkInconsistentAppendEntries(1629)) - 8b0090bf-277f-4b89-9ec7-80a6dcff705a@group-C5585A39A1B5: Failed appendEntries as snapshot (0) installation is in progress
2024-07-10 07:23:25,251 [8b0090bf-277f-4b89-9ec7-80a6dcff705a-server-thread1] INFO  server.RaftServer$Division (RaftServerImpl.java:appendEntriesAsync(1584)) - 8b0090bf-277f-4b89-9ec7-80a6dcff705a@group-C5585A39A1B5: appendEntries* reply d38ec341-43ec-4d2c-a000-6eddcfc2f96f<-8b0090bf-277f-4b89-9ec7-80a6dcff705a#10:FAIL-t2,INCONSISTENCY,nextIndex=0,followerCommit=-1,matchIndex=-1
2024-07-10 07:23:25,251 [grpc-default-executor-3] WARN  server.GrpcLogAppender (GrpcLogAppender.java:onNextImpl(519)) - d38ec341-43ec-4d2c-a000-6eddcfc2f96f@group-C5585A39A1B5->8b0090bf-277f-4b89-9ec7-80a6dcff705a-AppendLogResponseHandler: received INCONSISTENCY reply with nextIndex 0, errorCount=1, request=AppendEntriesRequest:cid=10,entriesCount=0
2024-07-10 07:23:25,252 [grpc-default-executor-0] INFO  impl.SnapshotInstallationHandler (SnapshotInstallationHandler.java:installSnapshotImpl(138)) - 8b0090bf-277f-4b89-9ec7-80a6dcff705a@group-C5585A39A1B5: set new configuration index: 1
configurationEntry {
  peers {
    id: "d38ec341-43ec-4d2c-a000-6eddcfc2f96f"
    address: "localhost:15003"
    startupRole: FOLLOWER
  }
}
 from snapshot
2024-07-10 07:23:25,252 [grpc-default-executor-0] INFO  server.RaftServer$Division (ServerState.java:setRaftConf(386)) - 8b0090bf-277f-4b89-9ec7-80a6dcff705a@group-C5585A39A1B5: set configuration conf: {index: 1, cur=peers:[d38ec341-43ec-4d2c-a000-6eddcfc2f96f|localhost:15003]|listeners:[], old=null}
2024-07-10 07:23:25,253 [grpc-default-executor-0] INFO  impl.SnapshotInstallationHandler (SnapshotInstallationHandler.java:installSnapshot(103)) - 8b0090bf-277f-4b89-9ec7-80a6dcff705a@group-C5585A39A1B5: reply installSnapshot: d38ec341-43ec-4d2c-a000-6eddcfc2f96f<-8b0090bf-277f-4b89-9ec7-80a6dcff705a#0:FAIL-t2,IN_PROGRESS,snapshotIndex=0
2024-07-10 07:23:25,254 [grpc-default-executor-0] INFO  server.GrpcServerProtocolService (GrpcServerProtocolService.java:onCompleted(157)) - 8b0090bf-277f-4b89-9ec7-80a6dcff705a: Completed INSTALL_SNAPSHOT, lastRequest: d38ec341-43ec-4d2c-a000-6eddcfc2f96f->8b0090bf-277f-4b89-9ec7-80a6dcff705a#0-t2,notify:(t:1, i:0)
2024-07-10 07:23:25,254 [grpc-default-executor-0] INFO  server.GrpcServerProtocolService (GrpcServerProtocolService.java:lambda$onCompleted$5(159)) - 8b0090bf-277f-4b89-9ec7-80a6dcff705a: Completed INSTALL_SNAPSHOT, lastReply: null
2024-07-10 07:23:25,255 [grpc-default-executor-3] INFO  server.GrpcLogAppender (GrpcLogAppender.java:onNext(649)) - d38ec341-43ec-4d2c-a000-6eddcfc2f96f@group-C5585A39A1B5->8b0090bf-277f-4b89-9ec7-80a6dcff705a-InstallSnapshotResponseHandler: received a reply d38ec341-43ec-4d2c-a000-6eddcfc2f96f<-8b0090bf-277f-4b89-9ec7-80a6dcff705a#0:FAIL-t2,IN_PROGRESS,snapshotIndex=0
2024-07-10 07:23:25,255 [grpc-default-executor-3] INFO  server.GrpcLogAppender (GrpcLogAppender.java:onNext(665)) - d38ec341-43ec-4d2c-a000-6eddcfc2f96f@group-C5585A39A1B5->8b0090bf-277f-4b89-9ec7-80a6dcff705a-InstallSnapshotResponseHandler: InstallSnapshot in progress.
2024-07-10 07:23:25,256 [8b0090bf-277f-4b89-9ec7-80a6dcff705a-server-thread1] INFO  server.RaftServer$Division (RaftServerImpl.java:checkInconsistentAppendEntries(1629)) - 8b0090bf-277f-4b89-9ec7-80a6dcff705a@group-C5585A39A1B5: Failed appendEntries as snapshot (0) installation is in progress
2024-07-10 07:23:25,256 [8b0090bf-277f-4b89-9ec7-80a6dcff705a-server-thread1] INFO  server.RaftServer$Division (RaftServerImpl.java:appendEntriesAsync(1584)) - 8b0090bf-277f-4b89-9ec7-80a6dcff705a@group-C5585A39A1B5: appendEntries* reply d38ec341-43ec-4d2c-a000-6eddcfc2f96f<-8b0090bf-277f-4b89-9ec7-80a6dcff705a#11:FAIL-t2,INCONSISTENCY,nextIndex=0,followerCommit=-1,matchIndex=-1
2024-07-10 07:23:25,256 [d38ec341-43ec-4d2c-a000-6eddcfc2f96f@group-C5585A39A1B5->8b0090bf-277f-4b89-9ec7-80a6dcff705a-GrpcLogAppender-LogAppenderDaemon] INFO  server.GrpcLogAppender (GrpcLogAppender.java:notifyInstallSnapshot(790)) - d38ec341-43ec-4d2c-a000-6eddcfc2f96f@group-C5585A39A1B5->8b0090bf-277f-4b89-9ec7-80a6dcff705a-GrpcLogAppender: notifyInstallSnapshot with firstAvailable=(t:1, i:0), followerNextIndex=0
2024-07-10 07:23:25,257 [d38ec341-43ec-4d2c-a000-6eddcfc2f96f@group-C5585A39A1B5->8b0090bf-277f-4b89-9ec7-80a6dcff705a-GrpcLogAppender-LogAppenderDaemon] INFO  server.GrpcLogAppender (GrpcLogAppender.java:notifyInstallSnapshot(798)) - d38ec341-43ec-4d2c-a000-6eddcfc2f96f@group-C5585A39A1B5->8b0090bf-277f-4b89-9ec7-80a6dcff705a-GrpcLogAppender: send d38ec341-43ec-4d2c-a000-6eddcfc2f96f->8b0090bf-277f-4b89-9ec7-80a6dcff705a#0-t2,notify:(t:1, i:0)
2024-07-10 07:23:25,258 [grpc-default-executor-3] WARN  server.GrpcLogAppender (GrpcLogAppender.java:onNextImpl(519)) - d38ec341-43ec-4d2c-a000-6eddcfc2f96f@group-C5585A39A1B5->8b0090bf-277f-4b89-9ec7-80a6dcff705a-AppendLogResponseHandler: received INCONSISTENCY reply with nextIndex 0, errorCount=1, request=AppendEntriesRequest:cid=11,entriesCount=0
2024-07-10 07:23:25,258 [grpc-default-executor-3] INFO  impl.SnapshotInstallationHandler (SnapshotInstallationHandler.java:installSnapshot(92)) - 8b0090bf-277f-4b89-9ec7-80a6dcff705a@group-C5585A39A1B5: receive installSnapshot: d38ec341-43ec-4d2c-a000-6eddcfc2f96f->8b0090bf-277f-4b89-9ec7-80a6dcff705a#0-t2,notify:(t:1, i:0)
2024-07-10 07:23:25,259 [grpc-default-executor-3] INFO  impl.SnapshotInstallationHandler (SnapshotInstallationHandler.java:installSnapshotImpl(138)) - 8b0090bf-277f-4b89-9ec7-80a6dcff705a@group-C5585A39A1B5: set new configuration index: 1
configurationEntry {
  peers {
    id: "d38ec341-43ec-4d2c-a000-6eddcfc2f96f"
    address: "localhost:15003"
    startupRole: FOLLOWER
  }
}
 from snapshot
2024-07-10 07:23:25,259 [grpc-default-executor-3] INFO  server.RaftServer$Division (ServerState.java:setRaftConf(386)) - 8b0090bf-277f-4b89-9ec7-80a6dcff705a@group-C5585A39A1B5: set configuration conf: {index: 1, cur=peers:[d38ec341-43ec-4d2c-a000-6eddcfc2f96f|localhost:15003]|listeners:[], old=null}
2024-07-10 07:23:25,260 [grpc-default-executor-3] INFO  impl.SnapshotInstallationHandler (SnapshotInstallationHandler.java:installSnapshot(103)) - 8b0090bf-277f-4b89-9ec7-80a6dcff705a@group-C5585A39A1B5: reply installSnapshot: d38ec341-43ec-4d2c-a000-6eddcfc2f96f<-8b0090bf-277f-4b89-9ec7-80a6dcff705a#0:FAIL-t2,IN_PROGRESS,snapshotIndex=0
2024-07-10 07:23:25,261 [grpc-default-executor-3] INFO  server.GrpcServerProtocolService (GrpcServerProtocolService.java:onCompleted(157)) - 8b0090bf-277f-4b89-9ec7-80a6dcff705a: Completed INSTALL_SNAPSHOT, lastRequest: d38ec341-43ec-4d2c-a000-6eddcfc2f96f->8b0090bf-277f-4b89-9ec7-80a6dcff705a#0-t2,notify:(t:1, i:0)
2024-07-10 07:23:25,261 [grpc-default-executor-3] INFO  server.GrpcServerProtocolService (GrpcServerProtocolService.java:lambda$onCompleted$5(159)) - 8b0090bf-277f-4b89-9ec7-80a6dcff705a: Completed INSTALL_SNAPSHOT, lastReply: null
2024-07-10 07:23:25,262 [grpc-default-executor-0] INFO  server.GrpcLogAppender (GrpcLogAppender.java:onNext(649)) - d38ec341-43ec-4d2c-a000-6eddcfc2f96f@group-C5585A39A1B5->8b0090bf-277f-4b89-9ec7-80a6dcff705a-InstallSnapshotResponseHandler: received a reply d38ec341-43ec-4d2c-a000-6eddcfc2f96f<-8b0090bf-277f-4b89-9ec7-80a6dcff705a#0:FAIL-t2,IN_PROGRESS,snapshotIndex=0
2024-07-10 07:23:25,262 [grpc-default-executor-0] INFO  server.GrpcLogAppender (GrpcLogAppender.java:onNext(665)) - d38ec341-43ec-4d2c-a000-6eddcfc2f96f@group-C5585A39A1B5->8b0090bf-277f-4b89-9ec7-80a6dcff705a-InstallSnapshotResponseHandler: InstallSnapshot in progress.
2024-07-10 07:23:25,263 [d38ec341-43ec-4d2c-a000-6eddcfc2f96f@group-C5585A39A1B5->8b0090bf-277f-4b89-9ec7-80a6dcff705a-GrpcLogAppender-LogAppenderDaemon] INFO  server.GrpcLogAppender (GrpcLogAppender.java:notifyInstallSnapshot(790)) - d38ec341-43ec-4d2c-a000-6eddcfc2f96f@group-C5585A39A1B5->8b0090bf-277f-4b89-9ec7-80a6dcff705a-GrpcLogAppender: notifyInstallSnapshot with firstAvailable=(t:1, i:0), followerNextIndex=0
2024-07-10 07:23:25,263 [d38ec341-43ec-4d2c-a000-6eddcfc2f96f@group-C5585A39A1B5->8b0090bf-277f-4b89-9ec7-80a6dcff705a-GrpcLogAppender-LogAppenderDaemon] INFO  server.GrpcLogAppender (GrpcLogAppender.java:notifyInstallSnapshot(798)) - d38ec341-43ec-4d2c-a000-6eddcfc2f96f@group-C5585A39A1B5->8b0090bf-277f-4b89-9ec7-80a6dcff705a-GrpcLogAppender: send d38ec341-43ec-4d2c-a000-6eddcfc2f96f->8b0090bf-277f-4b89-9ec7-80a6dcff705a#0-t2,notify:(t:1, i:0)
2024-07-10 07:23:25,265 [8b0090bf-277f-4b89-9ec7-80a6dcff705a-server-thread1] INFO  server.RaftServer$Division (RaftServerImpl.java:checkInconsistentAppendEntries(1629)) - 8b0090bf-277f-4b89-9ec7-80a6dcff705a@group-C5585A39A1B5: Failed appendEntries as snapshot (0) installation is in progress
2024-07-10 07:23:25,265 [8b0090bf-277f-4b89-9ec7-80a6dcff705a-server-thread1] INFO  server.RaftServer$Division (RaftServerImpl.java:appendEntriesAsync(1584)) - 8b0090bf-277f-4b89-9ec7-80a6dcff705a@group-C5585A39A1B5: appendEntries* reply d38ec341-43ec-4d2c-a000-6eddcfc2f96f<-8b0090bf-277f-4b89-9ec7-80a6dcff705a#12:FAIL-t2,INCONSISTENCY,nextIndex=0,followerCommit=-1,matchIndex=-1
2024-07-10 07:23:25,265 [grpc-default-executor-0] INFO  impl.SnapshotInstallationHandler (SnapshotInstallationHandler.java:installSnapshot(92)) - 8b0090bf-277f-4b89-9ec7-80a6dcff705a@group-C5585A39A1B5: receive installSnapshot: d38ec341-43ec-4d2c-a000-6eddcfc2f96f->8b0090bf-277f-4b89-9ec7-80a6dcff705a#0-t2,notify:(t:1, i:0)
2024-07-10 07:23:25,266 [grpc-default-executor-3] WARN  server.GrpcLogAppender (GrpcLogAppender.java:onNextImpl(519)) - d38ec341-43ec-4d2c-a000-6eddcfc2f96f@group-C5585A39A1B5->8b0090bf-277f-4b89-9ec7-80a6dcff705a-AppendLogResponseHandler: received INCONSISTENCY reply with nextIndex 0, errorCount=1, request=AppendEntriesRequest:cid=12,entriesCount=0
2024-07-10 07:23:25,267 [grpc-default-executor-0] INFO  impl.SnapshotInstallationHandler (SnapshotInstallationHandler.java:installSnapshotImpl(138)) - 8b0090bf-277f-4b89-9ec7-80a6dcff705a@group-C5585A39A1B5: set new configuration index: 1
configurationEntry {
  peers {
    id: "d38ec341-43ec-4d2c-a000-6eddcfc2f96f"
    address: "localhost:15003"
    startupRole: FOLLOWER
  }
}
 from snapshot
2024-07-10 07:23:25,267 [grpc-default-executor-0] INFO  server.RaftServer$Division (ServerState.java:setRaftConf(386)) - 8b0090bf-277f-4b89-9ec7-80a6dcff705a@group-C5585A39A1B5: set configuration conf: {index: 1, cur=peers:[d38ec341-43ec-4d2c-a000-6eddcfc2f96f|localhost:15003]|listeners:[], old=null}
2024-07-10 07:23:25,268 [grpc-default-executor-0] INFO  impl.SnapshotInstallationHandler (SnapshotInstallationHandler.java:installSnapshot(103)) - 8b0090bf-277f-4b89-9ec7-80a6dcff705a@group-C5585A39A1B5: reply installSnapshot: d38ec341-43ec-4d2c-a000-6eddcfc2f96f<-8b0090bf-277f-4b89-9ec7-80a6dcff705a#0:FAIL-t2,IN_PROGRESS,snapshotIndex=0
2024-07-10 07:23:25,269 [grpc-default-executor-0] INFO  server.GrpcServerProtocolService (GrpcServerProtocolService.java:onCompleted(157)) - 8b0090bf-277f-4b89-9ec7-80a6dcff705a: Completed INSTALL_SNAPSHOT, lastRequest: d38ec341-43ec-4d2c-a000-6eddcfc2f96f->8b0090bf-277f-4b89-9ec7-80a6dcff705a#0-t2,notify:(t:1, i:0)
2024-07-10 07:23:25,270 [grpc-default-executor-0] INFO  server.GrpcServerProtocolService (GrpcServerProtocolService.java:lambda$onCompleted$5(159)) - 8b0090bf-277f-4b89-9ec7-80a6dcff705a: Completed INSTALL_SNAPSHOT, lastReply: null
2024-07-10 07:23:25,269 [grpc-default-executor-3] INFO  server.GrpcLogAppender (GrpcLogAppender.java:onNext(649)) - d38ec341-43ec-4d2c-a000-6eddcfc2f96f@group-C5585A39A1B5->8b0090bf-277f-4b89-9ec7-80a6dcff705a-InstallSnapshotResponseHandler: received a reply d38ec341-43ec-4d2c-a000-6eddcfc2f96f<-8b0090bf-277f-4b89-9ec7-80a6dcff705a#0:FAIL-t2,IN_PROGRESS,snapshotIndex=0
2024-07-10 07:23:25,270 [grpc-default-executor-3] INFO  server.GrpcLogAppender (GrpcLogAppender.java:onNext(665)) - d38ec341-43ec-4d2c-a000-6eddcfc2f96f@group-C5585A39A1B5->8b0090bf-277f-4b89-9ec7-80a6dcff705a-InstallSnapshotResponseHandler: InstallSnapshot in progress.
2024-07-10 07:23:25,271 [d38ec341-43ec-4d2c-a000-6eddcfc2f96f@group-C5585A39A1B5->8b0090bf-277f-4b89-9ec7-80a6dcff705a-GrpcLogAppender-LogAppenderDaemon] INFO  server.GrpcLogAppender (GrpcLogAppender.java:notifyInstallSnapshot(790)) - d38ec341-43ec-4d2c-a000-6eddcfc2f96f@group-C5585A39A1B5->8b0090bf-277f-4b89-9ec7-80a6dcff705a-GrpcLogAppender: notifyInstallSnapshot with firstAvailable=(t:1, i:0), followerNextIndex=0
2024-07-10 07:23:25,271 [d38ec341-43ec-4d2c-a000-6eddcfc2f96f@group-C5585A39A1B5->8b0090bf-277f-4b89-9ec7-80a6dcff705a-GrpcLogAppender-LogAppenderDaemon] INFO  server.GrpcLogAppender (GrpcLogAppender.java:notifyInstallSnapshot(798)) - d38ec341-43ec-4d2c-a000-6eddcfc2f96f@group-C5585A39A1B5->8b0090bf-277f-4b89-9ec7-80a6dcff705a-GrpcLogAppender: send d38ec341-43ec-4d2c-a000-6eddcfc2f96f->8b0090bf-277f-4b89-9ec7-80a6dcff705a#0-t2,notify:(t:1, i:0)
2024-07-10 07:23:25,272 [scmNode-2-SCMInstallSnapshot-0] INFO  ha.SCMHAManagerImpl (SCMHAManagerImpl.java:verifyCheckpointFromLeader(233)) - Installing checkpoint with SCMTransactionInfo 2#18
2024-07-10 07:23:25,272 [scmNode-2-SCMInstallSnapshot-0] INFO  impl.SnapshotInstallationHandler (SnapshotInstallationHandler.java:lambda$notifyStateMachineToInstallSnapshot$2(279)) - 8b0090bf-277f-4b89-9ec7-80a6dcff705a@group-C5585A39A1B5: StateMachine successfully installed snapshot index 18. Reloading the StateMachine.
2024-07-10 07:23:25,273 [8b0090bf-277f-4b89-9ec7-80a6dcff705a-server-thread1] INFO  server.RaftServer$Division (RaftServerImpl.java:checkInconsistentAppendEntries(1629)) - 8b0090bf-277f-4b89-9ec7-80a6dcff705a@group-C5585A39A1B5: Failed appendEntries as snapshot (0) installation is in progress
2024-07-10 07:23:25,273 [8b0090bf-277f-4b89-9ec7-80a6dcff705a-server-thread1] INFO  server.RaftServer$Division (RaftServerImpl.java:appendEntriesAsync(1584)) - 8b0090bf-277f-4b89-9ec7-80a6dcff705a@group-C5585A39A1B5: appendEntries* reply d38ec341-43ec-4d2c-a000-6eddcfc2f96f<-8b0090bf-277f-4b89-9ec7-80a6dcff705a#13:FAIL-t2,INCONSISTENCY,nextIndex=0,followerCommit=-1,matchIndex=-1
2024-07-10 07:23:25,274 [grpc-default-executor-3] WARN  server.GrpcLogAppender (GrpcLogAppender.java:onNextImpl(519)) - d38ec341-43ec-4d2c-a000-6eddcfc2f96f@group-C5585A39A1B5->8b0090bf-277f-4b89-9ec7-80a6dcff705a-AppendLogResponseHandler: received INCONSISTENCY reply with nextIndex 0, errorCount=1, request=AppendEntriesRequest:cid=13,entriesCount=0
2024-07-10 07:23:25,274 [grpc-default-executor-0] INFO  impl.SnapshotInstallationHandler (SnapshotInstallationHandler.java:installSnapshot(92)) - 8b0090bf-277f-4b89-9ec7-80a6dcff705a@group-C5585A39A1B5: receive installSnapshot: d38ec341-43ec-4d2c-a000-6eddcfc2f96f->8b0090bf-277f-4b89-9ec7-80a6dcff705a#0-t2,notify:(t:1, i:0)
2024-07-10 07:23:25,275 [grpc-default-executor-0] INFO  raftlog.RaftLog (RaftLogBase.java:lambda$new$0(54)) - 8b0090bf-277f-4b89-9ec7-80a6dcff705a@group-C5585A39A1B5-SegmentedRaftLog: snapshotIndex: updateIncreasingly -1 -> 18
2024-07-10 07:23:25,275 [grpc-default-executor-0] INFO  segmented.SegmentedRaftLogWorker (SegmentedRaftLogWorker.java:lambda$new$0(135)) - 8b0090bf-277f-4b89-9ec7-80a6dcff705a@group-C5585A39A1B5-SegmentedRaftLogWorker: flushIndex: setUnconditionally -1 -> 18
2024-07-10 07:23:25,275 [grpc-default-executor-0] INFO  segmented.SegmentedRaftLogWorker (SegmentedRaftLogWorker.java:lambda$new$0(135)) - 8b0090bf-277f-4b89-9ec7-80a6dcff705a@group-C5585A39A1B5-SegmentedRaftLogWorker: safeCacheEvictIndex: setUnconditionally -1 -> 18
2024-07-10 07:23:25,275 [grpc-default-executor-0] INFO  raftlog.RaftLog (RaftLogBase.java:lambda$new$0(54)) - 8b0090bf-277f-4b89-9ec7-80a6dcff705a@group-C5585A39A1B5-SegmentedRaftLog: purgeIndex: updateToMax old=-1, new=18, updated? true
2024-07-10 07:23:25,275 [grpc-default-executor-0] INFO  impl.SnapshotInstallationHandler (SnapshotInstallationHandler.java:notifyStateMachineToInstallSnapshot(323)) - 8b0090bf-277f-4b89-9ec7-80a6dcff705a@group-C5585A39A1B5: InstallSnapshot notification result: SNAPSHOT_INSTALLED, at index: (t:2, i:18)
2024-07-10 07:23:25,276 [grpc-default-executor-0] INFO  impl.SnapshotInstallationHandler (SnapshotInstallationHandler.java:installSnapshotImpl(138)) - 8b0090bf-277f-4b89-9ec7-80a6dcff705a@group-C5585A39A1B5: set new configuration index: 1
configurationEntry {
  peers {
    id: "d38ec341-43ec-4d2c-a000-6eddcfc2f96f"
    address: "localhost:15003"
    startupRole: FOLLOWER
  }
}
 from snapshot
2024-07-10 07:23:25,276 [grpc-default-executor-0] INFO  server.RaftServer$Division (ServerState.java:setRaftConf(386)) - 8b0090bf-277f-4b89-9ec7-80a6dcff705a@group-C5585A39A1B5: set configuration conf: {index: 1, cur=peers:[d38ec341-43ec-4d2c-a000-6eddcfc2f96f|localhost:15003]|listeners:[], old=null}
2024-07-10 07:23:25,277 [grpc-default-executor-0] INFO  impl.SnapshotInstallationHandler (SnapshotInstallationHandler.java:installSnapshot(103)) - 8b0090bf-277f-4b89-9ec7-80a6dcff705a@group-C5585A39A1B5: reply installSnapshot: d38ec341-43ec-4d2c-a000-6eddcfc2f96f<-8b0090bf-277f-4b89-9ec7-80a6dcff705a#0:OK-t2,SNAPSHOT_INSTALLED,snapshotIndex=18
2024-07-10 07:23:25,277 [grpc-default-executor-0] INFO  server.GrpcServerProtocolService (GrpcServerProtocolService.java:onCompleted(157)) - 8b0090bf-277f-4b89-9ec7-80a6dcff705a: Completed INSTALL_SNAPSHOT, lastRequest: d38ec341-43ec-4d2c-a000-6eddcfc2f96f->8b0090bf-277f-4b89-9ec7-80a6dcff705a#0-t2,notify:(t:1, i:0)
2024-07-10 07:23:25,277 [grpc-default-executor-0] INFO  server.GrpcServerProtocolService (GrpcServerProtocolService.java:lambda$onCompleted$5(159)) - 8b0090bf-277f-4b89-9ec7-80a6dcff705a: Completed INSTALL_SNAPSHOT, lastReply: null
2024-07-10 07:23:25,278 [grpc-default-executor-0] INFO  server.GrpcLogAppender (GrpcLogAppender.java:onNext(649)) - d38ec341-43ec-4d2c-a000-6eddcfc2f96f@group-C5585A39A1B5->8b0090bf-277f-4b89-9ec7-80a6dcff705a-InstallSnapshotResponseHandler: received a reply d38ec341-43ec-4d2c-a000-6eddcfc2f96f<-8b0090bf-277f-4b89-9ec7-80a6dcff705a#0:OK-t2,SNAPSHOT_INSTALLED,snapshotIndex=18
2024-07-10 07:23:25,279 [grpc-default-executor-0] INFO  server.GrpcLogAppender (GrpcLogAppender.java:onNext(687)) - d38ec341-43ec-4d2c-a000-6eddcfc2f96f@group-C5585A39A1B5->8b0090bf-277f-4b89-9ec7-80a6dcff705a-InstallSnapshotResponseHandler: Follower installed snapshot at index 18
2024-07-10 07:23:25,279 [grpc-default-executor-0] INFO  leader.FollowerInfo (FollowerInfoImpl.java:info(64)) - d38ec341-43ec-4d2c-a000-6eddcfc2f96f@group-C5585A39A1B5->8b0090bf-277f-4b89-9ec7-80a6dcff705a: snapshotIndex: setUnconditionally 0 -> 18
2024-07-10 07:23:25,279 [grpc-default-executor-0] INFO  leader.FollowerInfo (FollowerInfoImpl.java:info(64)) - d38ec341-43ec-4d2c-a000-6eddcfc2f96f@group-C5585A39A1B5->8b0090bf-277f-4b89-9ec7-80a6dcff705a: matchIndex: setUnconditionally -1 -> 18
2024-07-10 07:23:25,279 [grpc-default-executor-0] INFO  leader.FollowerInfo (FollowerInfoImpl.java:info(64)) - d38ec341-43ec-4d2c-a000-6eddcfc2f96f@group-C5585A39A1B5->8b0090bf-277f-4b89-9ec7-80a6dcff705a: nextIndex: setUnconditionally 0 -> 19
2024-07-10 07:23:25,279 [grpc-default-executor-0] INFO  leader.FollowerInfo (FollowerInfoImpl.java:setAttemptedToInstallSnapshot(154)) - Follower d38ec341-43ec-4d2c-a000-6eddcfc2f96f@group-C5585A39A1B5->8b0090bf-277f-4b89-9ec7-80a6dcff705a acknowledged installing snapshot
2024-07-10 07:23:25,280 [grpc-default-executor-0] INFO  server.GrpcLogAppender (GrpcLogAppender.java:increaseNextIndex(457)) - d38ec341-43ec-4d2c-a000-6eddcfc2f96f@group-C5585A39A1B5->8b0090bf-277f-4b89-9ec7-80a6dcff705a-GrpcLogAppender: updateNextIndex 19 for SNAPSHOT_INSTALLED
2024-07-10 07:23:25,280 [grpc-default-executor-0] INFO  server.GrpcLogAppender (GrpcLogAppender.java:onFollowerCatchup(621)) - d38ec341-43ec-4d2c-a000-6eddcfc2f96f@group-C5585A39A1B5->8b0090bf-277f-4b89-9ec7-80a6dcff705a-InstallSnapshotResponseHandler: Follower can catch up leader after install the snapshot, as leader's start index is 19
2024-07-10 07:23:25,327 [8b0090bf-277f-4b89-9ec7-80a6dcff705a@group-C5585A39A1B5-StateMachineUpdater] INFO  ha.SCMHAManagerImpl (SCMHAManagerImpl.java:installCheckpoint(288)) - Installing checkpoint with SCMTransactionInfo 2#18
2024-07-10 07:23:25,332 [8b0090bf-277f-4b89-9ec7-80a6dcff705a@group-C5585A39A1B5-StateMachineUpdater] INFO  ha.SCMHAManagerImpl (SCMHAManagerImpl.java:installCheckpoint(327)) - Replaced DB with checkpoint, term: 2, index: 18
2024-07-10 07:23:25,332 [8b0090bf-277f-4b89-9ec7-80a6dcff705a@group-C5585A39A1B5-StateMachineUpdater] WARN  utils.HAUtils (HAUtils.java:getMetaDir(339)) - ozone.scm.db.dirs is not configured. We recommend adding this setting. Falling back to ozone.metadata.dirs instead.
2024-07-10 07:23:25,334 [8b0090bf-277f-4b89-9ec7-80a6dcff705a@group-C5585A39A1B5-StateMachineUpdater] WARN  db.DBStoreBuilder (DBStoreBuilder.java:applyDBDefinition(171)) - ozone.scm.db.dirs is not configured. We recommend adding this setting. Falling back to ozone.metadata.dirs instead.
2024-07-10 07:23:25,358 [8b0090bf-277f-4b89-9ec7-80a6dcff705a@group-C5585A39A1B5-StateMachineUpdater] INFO  ha.SequenceIdGenerator (SequenceIdGenerator.java:reinitialize(185)) - reinitialize SequenceIdGenerator.
2024-07-10 07:23:25,360 [8b0090bf-277f-4b89-9ec7-80a6dcff705a@group-C5585A39A1B5-StateMachineUpdater] INFO  pipeline.PipelineStateManagerImpl (PipelineStateManagerImpl.java:initialize(78)) - No pipeline exists in current db
2024-07-10 07:23:25,362 [8b0090bf-277f-4b89-9ec7-80a6dcff705a@group-C5585A39A1B5-StateMachineUpdater] INFO  ha.SCMHAManagerImpl (SCMHAManagerImpl.java:installCheckpoint(342)) - Reloaded SCM state with Term: 2 and Index: 18
2024-07-10 07:23:25,364 [8b0090bf-277f-4b89-9ec7-80a6dcff705a@group-C5585A39A1B5-StateMachineUpdater] INFO  symmetric.SecretKeyStateImpl (SecretKeyStateImpl.java:updateKeysInternal(113)) - Updating keys with [SecretKey(id = 778f8783-5882-4fb8-9e2c-0b8e26535ab6, creation at: 2024-07-10T07:23:24.964Z, expire at: 2024-07-10T07:23:27.964Z), SecretKey(id = c0c1d7fb-2adb-4ddf-9e48-e51d45f11d5f, creation at: 2024-07-10T07:23:23.961Z, expire at: 2024-07-10T07:23:26.961Z), SecretKey(id = 0db6ef56-43dc-4856-8d03-91fc2f057d83, creation at: 2024-07-10T07:23:22.961Z, expire at: 2024-07-10T07:23:25.961Z)]
2024-07-10 07:23:25,364 [8b0090bf-277f-4b89-9ec7-80a6dcff705a@group-C5585A39A1B5-StateMachineUpdater] INFO  symmetric.SecretKeyStateImpl (SecretKeyStateImpl.java:updateKeysInternal(128)) - Current key updated SecretKey(id = 778f8783-5882-4fb8-9e2c-0b8e26535ab6, creation at: 2024-07-10T07:23:24.964Z, expire at: 2024-07-10T07:23:27.964Z)
2024-07-10 07:23:25,368 [8b0090bf-277f-4b89-9ec7-80a6dcff705a@group-C5585A39A1B5-StateMachineUpdater] INFO  symmetric.LocalSecretKeyStore (LocalSecretKeyStore.java:save(109)) - Saved [SecretKey(id = 778f8783-5882-4fb8-9e2c-0b8e26535ab6, creation at: 2024-07-10T07:23:24.964Z, expire at: 2024-07-10T07:23:27.964Z), SecretKey(id = c0c1d7fb-2adb-4ddf-9e48-e51d45f11d5f, creation at: 2024-07-10T07:23:23.961Z, expire at: 2024-07-10T07:23:26.961Z), SecretKey(id = 0db6ef56-43dc-4856-8d03-91fc2f057d83, creation at: 2024-07-10T07:23:22.961Z, expire at: 2024-07-10T07:23:25.961Z)] to file /home/runner/work/ozone/ozone/hadoop-ozone/integration-test/target/test-dir/MiniOzoneClusterImpl-e3afc6b0-d37c-4e66-a691-c5585a39a1b5/scmNode-2/scm/keys/secret_keys.json
2024-07-10 07:23:25,368 [8b0090bf-277f-4b89-9ec7-80a6dcff705a@group-C5585A39A1B5-StateMachineUpdater] INFO  impl.StateMachineUpdater (StateMachineUpdater.java:lambda$new$0(102)) - 8b0090bf-277f-4b89-9ec7-80a6dcff705a@group-C5585A39A1B5-StateMachineUpdater: snapshotIndex: setUnconditionally -1 -> 18
2024-07-10 07:23:25,368 [8b0090bf-277f-4b89-9ec7-80a6dcff705a@group-C5585A39A1B5-StateMachineUpdater] INFO  impl.StateMachineUpdater (StateMachineUpdater.java:lambda$new$0(102)) - 8b0090bf-277f-4b89-9ec7-80a6dcff705a@group-C5585A39A1B5-StateMachineUpdater: appliedIndex: setUnconditionally -1 -> 18
2024-07-10 07:23:26,062 [scmNode-1-SecretKeyManagerService] INFO  symmetric.SecretKeyManager (SecretKeyManager.java:checkAndRotate(125)) - SecretKey rotation is happening, new key generated SecretKey(id = d37e69df-d79b-4b07-b27c-bc89dd616af5, creation at: 2024-07-10T07:23:26.061874253Z, expire at: 2024-07-10T07:23:29.061874253Z)
2024-07-10 07:23:26,064 [d38ec341-43ec-4d2c-a000-6eddcfc2f96f@group-C5585A39A1B5-StateMachineUpdater] INFO  symmetric.SecretKeyStateImpl (SecretKeyStateImpl.java:updateKeysInternal(113)) - Updating keys with [SecretKey(id = 778f8783-5882-4fb8-9e2c-0b8e26535ab6, creation at: 2024-07-10T07:23:24.964Z, expire at: 2024-07-10T07:23:27.964Z), SecretKey(id = c0c1d7fb-2adb-4ddf-9e48-e51d45f11d5f, creation at: 2024-07-10T07:23:23.961Z, expire at: 2024-07-10T07:23:26.961Z), SecretKey(id = d37e69df-d79b-4b07-b27c-bc89dd616af5, creation at: 2024-07-10T07:23:26.061Z, expire at: 2024-07-10T07:23:29.061Z)]
2024-07-10 07:23:26,064 [d38ec341-43ec-4d2c-a000-6eddcfc2f96f@group-C5585A39A1B5-StateMachineUpdater] INFO  symmetric.SecretKeyStateImpl (SecretKeyStateImpl.java:updateKeysInternal(128)) - Current key updated SecretKey(id = d37e69df-d79b-4b07-b27c-bc89dd616af5, creation at: 2024-07-10T07:23:26.061Z, expire at: 2024-07-10T07:23:29.061Z)
2024-07-10 07:23:26,066 [d38ec341-43ec-4d2c-a000-6eddcfc2f96f@group-C5585A39A1B5-StateMachineUpdater] INFO  symmetric.LocalSecretKeyStore (LocalSecretKeyStore.java:save(109)) - Saved [SecretKey(id = d37e69df-d79b-4b07-b27c-bc89dd616af5, creation at: 2024-07-10T07:23:26.061Z, expire at: 2024-07-10T07:23:29.061Z), SecretKey(id = 778f8783-5882-4fb8-9e2c-0b8e26535ab6, creation at: 2024-07-10T07:23:24.964Z, expire at: 2024-07-10T07:23:27.964Z), SecretKey(id = c0c1d7fb-2adb-4ddf-9e48-e51d45f11d5f, creation at: 2024-07-10T07:23:23.961Z, expire at: 2024-07-10T07:23:26.961Z)] to file /home/runner/work/ozone/ozone/hadoop-ozone/integration-test/target/test-dir/MiniOzoneClusterImpl-e3afc6b0-d37c-4e66-a691-c5585a39a1b5/scmNode-1/scm/keys/secret_keys.json
2024-07-10 07:23:26,066 [d38ec341-43ec-4d2c-a000-6eddcfc2f96f@group-C5585A39A1B5-StateMachineUpdater] INFO  safemode.HealthyPipelineSafeModeRule (HealthyPipelineSafeModeRule.java:initializeRule(172)) - Refreshed total pipeline count is 0, healthy pipeline threshold count is 1
2024-07-10 07:23:26,070 [8b0090bf-277f-4b89-9ec7-80a6dcff705a-server-thread2] INFO  segmented.SegmentedRaftLogWorker (SegmentedRaftLogWorker.java:startLogSegment(433)) - 8b0090bf-277f-4b89-9ec7-80a6dcff705a@group-C5585A39A1B5-SegmentedRaftLogWorker: Starting segment from index:19
2024-07-10 07:23:26,071 [8b0090bf-277f-4b89-9ec7-80a6dcff705a@group-C5585A39A1B5-SegmentedRaftLogWorker] INFO  segmented.BufferedWriteChannel (BufferedWriteChannel.java:open(61)) - open log_inprogress_19 at position 0
2024-07-10 07:23:26,071 [8b0090bf-277f-4b89-9ec7-80a6dcff705a-server-thread2] INFO  server.RaftServer$Division (RaftServerImpl.java:appendEntriesAsync(1600)) -  FOLLOWER 8b0090bf-277f-4b89-9ec7-80a6dcff705a@group-C5585A39A1B5:t2, leader=d38ec341-43ec-4d2c-a000-6eddcfc2f96f, voted=null, raftlog=Memoized:8b0090bf-277f-4b89-9ec7-80a6dcff705a@group-C5585A39A1B5-SegmentedRaftLog:OPENED:c18:last(t:2, i:20), conf=conf: {index: 1, cur=peers:[d38ec341-43ec-4d2c-a000-6eddcfc2f96f|localhost:15003]|listeners:[], old=null} STARTING: Follower has completed install the snapshot 18.
2024-07-10 07:23:26,079 [8b0090bf-277f-4b89-9ec7-80a6dcff705a@group-C5585A39A1B5-SegmentedRaftLogWorker] INFO  segmented.SegmentedRaftLogWorker (SegmentedRaftLogWorker.java:execute(637)) - 8b0090bf-277f-4b89-9ec7-80a6dcff705a@group-C5585A39A1B5-SegmentedRaftLogWorker: created new log segment /home/runner/work/ozone/ozone/hadoop-ozone/integration-test/target/test-dir/MiniOzoneClusterImpl-e3afc6b0-d37c-4e66-a691-c5585a39a1b5/scmNode-2/scm-ha/e3afc6b0-d37c-4e66-a691-c5585a39a1b5/current/log_inprogress_19
2024-07-10 07:23:26,080 [8b0090bf-277f-4b89-9ec7-80a6dcff705a@group-C5585A39A1B5-StateMachineUpdater] INFO  symmetric.SecretKeyStateImpl (SecretKeyStateImpl.java:updateKeysInternal(113)) - Updating keys with [SecretKey(id = 778f8783-5882-4fb8-9e2c-0b8e26535ab6, creation at: 2024-07-10T07:23:24.964Z, expire at: 2024-07-10T07:23:27.964Z), SecretKey(id = c0c1d7fb-2adb-4ddf-9e48-e51d45f11d5f, creation at: 2024-07-10T07:23:23.961Z, expire at: 2024-07-10T07:23:26.961Z), SecretKey(id = d37e69df-d79b-4b07-b27c-bc89dd616af5, creation at: 2024-07-10T07:23:26.061Z, expire at: 2024-07-10T07:23:29.061Z)]
2024-07-10 07:23:26,080 [8b0090bf-277f-4b89-9ec7-80a6dcff705a@group-C5585A39A1B5-StateMachineUpdater] INFO  symmetric.SecretKeyStateImpl (SecretKeyStateImpl.java:updateKeysInternal(128)) - Current key updated SecretKey(id = d37e69df-d79b-4b07-b27c-bc89dd616af5, creation at: 2024-07-10T07:23:26.061Z, expire at: 2024-07-10T07:23:29.061Z)
2024-07-10 07:23:26,081 [8b0090bf-277f-4b89-9ec7-80a6dcff705a@group-C5585A39A1B5-StateMachineUpdater] INFO  symmetric.LocalSecretKeyStore (LocalSecretKeyStore.java:save(109)) - Saved [SecretKey(id = d37e69df-d79b-4b07-b27c-bc89dd616af5, creation at: 2024-07-10T07:23:26.061Z, expire at: 2024-07-10T07:23:29.061Z), SecretKey(id = 778f8783-5882-4fb8-9e2c-0b8e26535ab6, creation at: 2024-07-10T07:23:24.964Z, expire at: 2024-07-10T07:23:27.964Z), SecretKey(id = c0c1d7fb-2adb-4ddf-9e48-e51d45f11d5f, creation at: 2024-07-10T07:23:23.961Z, expire at: 2024-07-10T07:23:26.961Z)] to file /home/runner/work/ozone/ozone/hadoop-ozone/integration-test/target/test-dir/MiniOzoneClusterImpl-e3afc6b0-d37c-4e66-a691-c5585a39a1b5/scmNode-2/scm/keys/secret_keys.json
2024-07-10 07:23:26,083 [d38ec341-43ec-4d2c-a000-6eddcfc2f96f@group-C5585A39A1B5-LeaderStateImpl] INFO  server.RaftServer$Division (ServerState.java:setRaftConf(386)) - d38ec341-43ec-4d2c-a000-6eddcfc2f96f@group-C5585A39A1B5: set configuration conf: {index: 21, cur=peers:[8b0090bf-277f-4b89-9ec7-80a6dcff705a|localhost:15011, d38ec341-43ec-4d2c-a000-6eddcfc2f96f|localhost:15003]|listeners:[], old=peers:[d38ec341-43ec-4d2c-a000-6eddcfc2f96f|localhost:15003]|listeners:[]}
2024-07-10 07:23:26,085 [8b0090bf-277f-4b89-9ec7-80a6dcff705a-server-thread2] INFO  impl.RoleInfo (RoleInfo.java:updateAndGet(148)) - 8b0090bf-277f-4b89-9ec7-80a6dcff705a: start 8b0090bf-277f-4b89-9ec7-80a6dcff705a@group-C5585A39A1B5-FollowerState
2024-07-10 07:23:26,085 [8b0090bf-277f-4b89-9ec7-80a6dcff705a-server-thread2] INFO  server.RaftServer$Division (ServerState.java:setRaftConf(386)) - 8b0090bf-277f-4b89-9ec7-80a6dcff705a@group-C5585A39A1B5: set configuration conf: {index: 21, cur=peers:[8b0090bf-277f-4b89-9ec7-80a6dcff705a|localhost:15011, d38ec341-43ec-4d2c-a000-6eddcfc2f96f|localhost:15003]|listeners:[], old=peers:[d38ec341-43ec-4d2c-a000-6eddcfc2f96f|localhost:15003]|listeners:[]}
2024-07-10 07:23:26,086 [8b0090bf-277f-4b89-9ec7-80a6dcff705a@group-C5585A39A1B5-StateMachineUpdater] INFO  safemode.HealthyPipelineSafeModeRule (HealthyPipelineSafeModeRule.java:initializeRule(172)) - Refreshed total pipeline count is 0, healthy pipeline threshold count is 1
2024-07-10 07:23:26,086 [8b0090bf-277f-4b89-9ec7-80a6dcff705a@group-C5585A39A1B5-StateMachineUpdater] INFO  safemode.ContainerSafeModeRule (ContainerSafeModeRule.java:reInitializeRule(191)) - Refreshed one replica container threshold 0, currentThreshold 0
2024-07-10 07:23:26,087 [8b0090bf-277f-4b89-9ec7-80a6dcff705a@group-C5585A39A1B5-StateMachineUpdater] INFO  safemode.OneReplicaPipelineSafeModeRule (OneReplicaPipelineSafeModeRule.java:initializeRule(189)) - Refreshed Total pipeline count is 0, pipeline's with at least one datanode reported threshold count is 0
2024-07-10 07:23:26,087 [8b0090bf-277f-4b89-9ec7-80a6dcff705a@group-C5585A39A1B5-StateMachineUpdater] INFO  server.SCMDatanodeProtocolServer (SCMDatanodeProtocolServer.java:start(194)) - ScmDatanodeProtocol RPC server for DataNodes is listening at /0.0.0.0:15012
2024-07-10 07:23:26,088 [d38ec341-43ec-4d2c-a000-6eddcfc2f96f@group-C5585A39A1B5-LeaderStateImpl] INFO  server.RaftServer$Division (ServerState.java:setRaftConf(386)) - d38ec341-43ec-4d2c-a000-6eddcfc2f96f@group-C5585A39A1B5: set configuration conf: {index: 23, cur=peers:[8b0090bf-277f-4b89-9ec7-80a6dcff705a|localhost:15011, d38ec341-43ec-4d2c-a000-6eddcfc2f96f|localhost:15003]|listeners:[], old=null}
2024-07-10 07:23:26,088 [IPC Server Responder] INFO  ipc.Server (Server.java:run(1562)) - IPC Server Responder: starting
2024-07-10 07:23:26,089 [IPC Server listener on 15012] INFO  ipc.Server (Server.java:run(1402)) - IPC Server listener on 15012: starting
2024-07-10 07:23:26,090 [8b0090bf-277f-4b89-9ec7-80a6dcff705a-server-thread2] INFO  server.RaftServer$Division (ServerState.java:setRaftConf(386)) - 8b0090bf-277f-4b89-9ec7-80a6dcff705a@group-C5585A39A1B5: set configuration conf: {index: 23, cur=peers:[8b0090bf-277f-4b89-9ec7-80a6dcff705a|localhost:15011, d38ec341-43ec-4d2c-a000-6eddcfc2f96f|localhost:15003]|listeners:[], old=null}
2024-07-10 07:23:26,092 [IPC Server handler 0 on default port 15007] INFO  ha.SCMRatisServerImpl (SCMRatisServerImpl.java:addSCM(328)) - Successfully added new SCM: 8b0090bf-277f-4b89-9ec7-80a6dcff705a.
2024-07-10 07:23:26,094 [main] INFO  ha.SCMHAManagerImpl (SCMHAManagerImpl.java:start(140)) - Successfully added SCM scmNode-2 to group group-C5585A39A1B5:[8b0090bf-277f-4b89-9ec7-80a6dcff705a|localhost:15011, d38ec341-43ec-4d2c-a000-6eddcfc2f96f|localhost:15003]
2024-07-10 07:23:26,095 [main] INFO  ha.InterSCMGrpcService (InterSCMGrpcProtocolService.java:start(101)) - Starting SCM Grpc Service at port 15014
2024-07-10 07:23:26,095 [main] INFO  SCMHATransactionMonitor (BackgroundSCMService.java:start(65)) - Starting SCMHATransactionMonitor Service.
2024-07-10 07:23:26,097 [main] INFO  ha.SCMServiceManager (SCMServiceManager.java:register(42)) - Registering service SCMHATransactionMonitor.
2024-07-10 07:23:26,097 [main] INFO  SCMHATransactionMonitor (BackgroundSCMService.java:start(62)) - SCMHATransactionMonitor Service is already running, skip start.
2024-07-10 07:23:26,098 [main] INFO  impl.MetricsSystemImpl (MetricsSystemImpl.java:init(158)) - StorageContainerManager metrics system started (again)
2024-07-10 07:23:26,112 [main] INFO  server.SCMClientProtocolServer (SCMClientProtocolServer.java:start(204)) - RPC server for Client  is listening at /0.0.0.0:15013
2024-07-10 07:23:26,113 [IPC Server Responder] INFO  ipc.Server (Server.java:run(1562)) - IPC Server Responder: starting
2024-07-10 07:23:26,113 [IPC Server listener on 15013] INFO  ipc.Server (Server.java:run(1402)) - IPC Server listener on 15013: starting
2024-07-10 07:23:26,128 [main] INFO  server.StorageContainerManager (StorageContainerManager.java:start(1551)) - ScmBlockLocationProtocol RPC server is listening at /0.0.0.0:15015
2024-07-10 07:23:26,129 [main] INFO  server.SCMBlockProtocolServer (SCMBlockProtocolServer.java:start(167)) - RPC server for Block Protocol is listening at /0.0.0.0:15015
2024-07-10 07:23:26,129 [IPC Server Responder] INFO  ipc.Server (Server.java:run(1562)) - IPC Server Responder: starting
2024-07-10 07:23:26,129 [IPC Server listener on 15015] INFO  ipc.Server (Server.java:run(1402)) - IPC Server listener on 15015: starting
2024-07-10 07:23:26,137 [main] INFO  server.SCMSecurityProtocolServer (SCMSecurityProtocolServer.java:start(504)) - Starting RPC server for SCMSecurityProtocolServer. is listening at /0.0.0.0:15010
2024-07-10 07:23:26,138 [IPC Server Responder] INFO  ipc.Server (Server.java:run(1562)) - IPC Server Responder: starting
2024-07-10 07:23:26,139 [IPC Server listener on 15010] INFO  ipc.Server (Server.java:run(1402)) - IPC Server listener on 15010: starting
2024-07-10 07:23:26,148 [Socket Reader #1 for port 15002] INFO  ipc.Server (Server.java:saslProcess(2139)) - Auth successful for scm/fv-az1386-216.klszfsxs10seni2gsqlth152tc.dx.internal.cloudapp.net@EXAMPLE.COM (auth:KERBEROS) from fv-az1386-216.klszfsxs10seni2gsqlth152tc.dx.internal.cloudapp.net:40221 / 10.1.0.19:40221
2024-07-10 07:23:26,151 [Socket Reader #1 for port 15002] INFO  authorize.ServiceAuthorizationManager (ServiceAuthorizationManager.java:authorize(137)) - Authorization successful for scm/fv-az1386-216.klszfsxs10seni2gsqlth152tc.dx.internal.cloudapp.net@EXAMPLE.COM (auth:KERBEROS) for protocol=interface org.apache.hadoop.hdds.protocol.SCMSecurityProtocol
2024-07-10 07:23:26,161 [main] INFO  http.BaseHttpServer (BaseHttpServer.java:newHttpServer2BuilderForOzone(223)) - Starting Web-server for scm at: http://0.0.0.0:15008
2024-07-10 07:23:26,161 [main] INFO  http.BaseHttpServer (BaseHttpServer.java:<init>(110)) - Hadoop Security Enabled: true Ozone Security Enabled: true Ozone HTTP Security Enabled: false 
2024-07-10 07:23:26,163 [main] WARN  server.AuthenticationFilter (AuthenticationFilter.java:constructSecretProvider(240)) - Unable to initialize FileSignerSecretProvider, falling back to use random secrets. Reason: Could not read signature secret file: /home/runner/hadoop-http-auth-signature-secret
2024-07-10 07:23:26,164 [main] INFO  http.HttpRequestLog (HttpRequestLog.java:getRequestLog(86)) - Http request log for http.requests.scm is not defined
2024-07-10 07:23:26,165 [main] INFO  http.HttpServer2 (HttpServer2.java:addGlobalFilter(1036)) - Added global filter 'safety' (class=org.apache.hadoop.hdds.server.http.HttpServer2$QuotingInputFilter)
2024-07-10 07:23:26,166 [main] INFO  http.HttpServer2 (HttpServer2.java:addFilter(1012)) - Added filter static_user_filter (class=org.apache.hadoop.http.lib.StaticUserWebFilter$StaticUserFilter) to context scm
2024-07-10 07:23:26,166 [main] INFO  http.HttpServer2 (HttpServer2.java:addFilter(1020)) - Added filter static_user_filter (class=org.apache.hadoop.http.lib.StaticUserWebFilter$StaticUserFilter) to context logs
2024-07-10 07:23:26,166 [main] INFO  http.HttpServer2 (HttpServer2.java:addFilter(1020)) - Added filter static_user_filter (class=org.apache.hadoop.http.lib.StaticUserWebFilter$StaticUserFilter) to context static
2024-07-10 07:23:26,168 [main] INFO  http.BaseHttpServer (BaseHttpServer.java:<init>(189)) - HTTP server of scm uses base directory /home/runner/work/ozone/ozone/hadoop-ozone/integration-test/target/test-dir/MiniOzoneClusterImpl-e3afc6b0-d37c-4e66-a691-c5585a39a1b5/scmNode-2/webserver
2024-07-10 07:23:26,168 [main] INFO  http.HttpServer2 (HttpServer2.java:bindListener(1236)) - Jetty bound to port 15008
2024-07-10 07:23:26,169 [main] INFO  server.Server (Server.java:doStart(375)) - jetty-9.4.55.v20240627; built: 2024-06-27T15:05:37.765Z; git: 70015831e5195ba74da6383c4ab7c90c56bb08af; jvm 17.0.11+9
2024-07-10 07:23:26,170 [main] INFO  server.session (DefaultSessionIdManager.java:doStart(334)) - DefaultSessionIdManager workerName=node0
2024-07-10 07:23:26,170 [main] INFO  server.session (DefaultSessionIdManager.java:doStart(339)) - No SessionScavenger set, using defaults
2024-07-10 07:23:26,170 [main] INFO  server.session (HouseKeeper.java:startScavenging(132)) - node0 Scavenging every 660000ms
2024-07-10 07:23:26,171 [main] INFO  handler.ContextHandler (ContextHandler.java:doStart(921)) - Started o.e.j.s.ServletContextHandler@17eb35fa{logs,/logs,file:///home/runner/work/ozone/ozone/hadoop-ozone/integration-test/target/log,AVAILABLE}
2024-07-10 07:23:26,171 [main] INFO  handler.ContextHandler (ContextHandler.java:doStart(921)) - Started o.e.j.s.ServletContextHandler@1082883b{static,/static,file:///home/runner/work/ozone/ozone/hadoop-ozone/integration-test/target/test-classes/webapps/static,AVAILABLE}
2024-07-10 07:23:26,183 [main] INFO  handler.ContextHandler (ContextHandler.java:doStart(921)) - Started o.e.j.w.WebAppContext@67b6cb6e{scm,/,file:///home/runner/work/ozone/ozone/hadoop-ozone/integration-test/target/test-classes/webapps/scm/,AVAILABLE}{file:/home/runner/work/ozone/ozone/hadoop-ozone/integration-test/target/test-classes/webapps/scm}
2024-07-10 07:23:26,183 [main] INFO  server.AbstractConnector (AbstractConnector.java:doStart(333)) - Started ServerConnector@7f5582db{HTTP/1.1, (http/1.1)}{0.0.0.0:15008}
2024-07-10 07:23:26,184 [main] INFO  server.Server (Server.java:doStart(415)) - Started @21980ms
2024-07-10 07:23:26,184 [main] WARN  impl.MetricsSystemImpl (MetricsSystemImpl.java:register(279)) - Sink prometheus already exists!
2024-07-10 07:23:26,184 [main] INFO  http.BaseHttpServer (BaseHttpServer.java:updateConnectorAddress(354)) - HTTP server of scm listening at http://0.0.0.0:15008
2024-07-10 07:23:26,185 [main] INFO  ozone.MiniOzoneHAClusterImpl (MiniOzoneHAClusterImpl.java:createSCMService(590)) - Started SCM RPC server at /0.0.0.0:15013
2024-07-10 07:23:26,186 [main] WARN  server.ServerUtils (ServerUtils.java:getScmDbDir(143)) - ozone.scm.db.dirs is not configured. We recommend adding this setting. Falling back to ozone.metadata.dirs instead.
2024-07-10 07:23:26,186 [IPC Server handler 0 on default port 15002] INFO  client.SCMCertificateClient (DefaultCertificateClient.java:getAllRootCaCerts(973)) - scm/sub-ca has 0 Root CA certificates
2024-07-10 07:23:26,186 [IPC Server handler 0 on default port 15002] INFO  client.SCMCertificateClient (DefaultCertificateClient.java:getAllCaCerts(981)) - scm/sub-ca has 1 CA certificates
2024-07-10 07:23:26,187 [8b0090bf-277f-4b89-9ec7-80a6dcff705a-scm/sub-ca-refreshCACertificates] INFO  client.SCMCertificateClient (DefaultCertificateClient.java:getAllRootCaCerts(973)) - scm/sub-ca has 0 Root CA certificates
2024-07-10 07:23:26,187 [8b0090bf-277f-4b89-9ec7-80a6dcff705a-scm/sub-ca-refreshCACertificates] INFO  client.SCMCertificateClient (DefaultCertificateClient.java:getAllCaCerts(981)) - scm/sub-ca has 1 CA certificates
2024-07-10 07:23:26,187 [main] INFO  ha.SCMHANodeDetails (SCMHANodeDetails.java:loadSCMHAConfig(207)) - ServiceID for StorageContainerManager is TestSecretKey
2024-07-10 07:23:26,187 [main] INFO  ha.SCMHANodeDetails (SCMHANodeDetails.java:loadSCMHAConfig(218)) - ServiceID for StorageContainerManager is TestSecretKey
2024-07-10 07:23:26,188 [main] WARN  scm.ScmUtils (ScmUtils.java:logWarn(165)) - ConfigKey ozone.scm.block.client.address is deprecated, For configuring different ports for each SCM use PortConfigKey ozone.scm.block.client.port appended with serviceId and nodeId. If want to configure same port configure ozone.scm.block.client.port
2024-07-10 07:23:26,188 [main] WARN  scm.ScmUtils (ScmUtils.java:logWarn(165)) - ConfigKey ozone.scm.client.address is deprecated, For configuring different ports for each SCM use PortConfigKey ozone.scm.client.port appended with serviceId and nodeId. If want to configure same port configure ozone.scm.client.port
2024-07-10 07:23:26,188 [main] WARN  scm.ScmUtils (ScmUtils.java:logWarn(165)) - ConfigKey ozone.scm.datanode.address is deprecated, For configuring different ports for each SCM use PortConfigKey ozone.scm.datanode.port appended with serviceId and nodeId. If want to configure same port configure ozone.scm.datanode.port
2024-07-10 07:23:26,188 [main] WARN  scm.ScmUtils (ScmUtils.java:logWarn(165)) - ConfigKey ozone.scm.block.client.address is deprecated, For configuring different ports for each SCM use PortConfigKey ozone.scm.block.client.port appended with serviceId and nodeId. If want to configure same port configure ozone.scm.block.client.port
2024-07-10 07:23:26,188 [main] WARN  scm.ScmUtils (ScmUtils.java:logWarn(165)) - ConfigKey ozone.scm.client.address is deprecated, For configuring different ports for each SCM use PortConfigKey ozone.scm.client.port appended with serviceId and nodeId. If want to configure same port configure ozone.scm.client.port
2024-07-10 07:23:26,189 [main] WARN  scm.ScmUtils (ScmUtils.java:logWarn(165)) - ConfigKey ozone.scm.datanode.address is deprecated, For configuring different ports for each SCM use PortConfigKey ozone.scm.datanode.port appended with serviceId and nodeId. If want to configure same port configure ozone.scm.datanode.port
2024-07-10 07:23:26,189 [main] INFO  ha.SCMHANodeDetails (SCMHANodeDetails.java:loadSCMHAConfig(305)) - Found matching SCM address with SCMServiceId: TestSecretKey, SCMNodeId: scmNode-3, RPC Address: localhost:15019 and Ratis port: 15019
2024-07-10 07:23:26,189 [main] INFO  ha.SCMHANodeDetails (ConfUtils.java:setNodeSpecificConfigs(97)) - Setting configuration key ozone.scm.datanode.address with value of key ozone.scm.datanode.address.TestSecretKey.scmNode-3: 127.0.0.1:15020
2024-07-10 07:23:26,189 [8b0090bf-277f-4b89-9ec7-80a6dcff705a-scm/sub-ca-refreshCACertificates] INFO  client.SCMCertificateClient (SCMCertificateClient.java:run(255)) - CA certificates are not changed.
2024-07-10 07:23:26,189 [main] INFO  ha.SCMHANodeDetails (ConfUtils.java:setNodeSpecificConfigs(97)) - Setting configuration key ozone.scm.block.client.address with value of key ozone.scm.block.client.address.TestSecretKey.scmNode-3: 127.0.0.1:15023
2024-07-10 07:23:26,189 [main] INFO  ha.SCMHANodeDetails (ConfUtils.java:setNodeSpecificConfigs(97)) - Setting configuration key ozone.scm.client.address with value of key ozone.scm.client.address.TestSecretKey.scmNode-3: 127.0.0.1:15021
2024-07-10 07:23:26,190 [main] INFO  ha.SCMHANodeDetails (ConfUtils.java:setNodeSpecificConfigs(97)) - Setting configuration key ozone.scm.security.service.address with value of key ozone.scm.security.service.address.TestSecretKey.scmNode-3: 127.0.0.1:15018
2024-07-10 07:23:26,190 [main] INFO  ha.SCMHANodeDetails (ConfUtils.java:setNodeSpecificConfigs(97)) - Setting configuration key ozone.scm.ratis.port with value of key ozone.scm.ratis.port.TestSecretKey.scmNode-3: 15019
2024-07-10 07:23:26,190 [main] INFO  ha.SCMHANodeDetails (ConfUtils.java:setNodeSpecificConfigs(97)) - Setting configuration key ozone.scm.grpc.port with value of key ozone.scm.grpc.port.TestSecretKey.scmNode-3: 15022
2024-07-10 07:23:26,190 [main] INFO  ha.SCMHANodeDetails (ConfUtils.java:setNodeSpecificConfigs(97)) - Setting configuration key ozone.scm.http-address with value of key ozone.scm.http-address.TestSecretKey.scmNode-3: 127.0.0.1:15016
2024-07-10 07:23:26,190 [main] INFO  ha.SCMHANodeDetails (ConfUtils.java:setNodeSpecificConfigs(97)) - Setting configuration key ozone.scm.https-address with value of key ozone.scm.https-address.TestSecretKey.scmNode-3: 127.0.0.1:15017
2024-07-10 07:23:26,190 [main] INFO  ha.SCMHANodeDetails (ConfUtils.java:setNodeSpecificConfigs(97)) - Setting configuration key ozone.scm.address with value of key ozone.scm.address.TestSecretKey.scmNode-3: 127.0.0.1
2024-07-10 07:23:26,190 [main] WARN  scm.ScmUtils (ScmUtils.java:logWarn(165)) - ConfigKey ozone.scm.block.client.address is deprecated, For configuring different ports for each SCM use PortConfigKey ozone.scm.block.client.port appended with serviceId and nodeId. If want to configure same port configure ozone.scm.block.client.port
2024-07-10 07:23:26,190 [main] WARN  scm.ScmUtils (ScmUtils.java:logWarn(165)) - ConfigKey ozone.scm.client.address is deprecated, For configuring different ports for each SCM use PortConfigKey ozone.scm.client.port appended with serviceId and nodeId. If want to configure same port configure ozone.scm.client.port
2024-07-10 07:23:26,190 [main] WARN  scm.ScmUtils (ScmUtils.java:logWarn(165)) - ConfigKey ozone.scm.datanode.address is deprecated, For configuring different ports for each SCM use PortConfigKey ozone.scm.datanode.port appended with serviceId and nodeId. If want to configure same port configure ozone.scm.datanode.port
2024-07-10 07:23:26,190 [main] INFO  ha.SCMNodeInfo (SCMNodeInfo.java:getPort(197)) - ConfigKey ozone.scm.client.address is deprecated, For configuring different ports for each SCM use PortConfigKey ozone.scm.client.port appended with serviceId and nodeId
2024-07-10 07:23:26,191 [main] INFO  ha.SCMNodeInfo (SCMNodeInfo.java:getPort(197)) - ConfigKey ozone.scm.block.client.address is deprecated, For configuring different ports for each SCM use PortConfigKey ozone.scm.block.client.port appended with serviceId and nodeId
2024-07-10 07:23:26,191 [main] INFO  ha.SCMNodeInfo (SCMNodeInfo.java:getPort(197)) - ConfigKey ozone.scm.security.service.address is deprecated, For configuring different ports for each SCM use PortConfigKey ozone.scm.security.service.port appended with serviceId and nodeId
2024-07-10 07:23:26,191 [main] INFO  ha.SCMNodeInfo (SCMNodeInfo.java:getPort(197)) - ConfigKey ozone.scm.datanode.address is deprecated, For configuring different ports for each SCM use PortConfigKey ozone.scm.datanode.port appended with serviceId and nodeId
2024-07-10 07:23:26,191 [main] INFO  ha.SCMNodeInfo (SCMNodeInfo.java:getPort(197)) - ConfigKey ozone.scm.client.address is deprecated, For configuring different ports for each SCM use PortConfigKey ozone.scm.client.port appended with serviceId and nodeId
2024-07-10 07:23:26,191 [main] INFO  ha.SCMNodeInfo (SCMNodeInfo.java:getPort(197)) - ConfigKey ozone.scm.block.client.address is deprecated, For configuring different ports for each SCM use PortConfigKey ozone.scm.block.client.port appended with serviceId and nodeId
2024-07-10 07:23:26,191 [main] INFO  ha.SCMNodeInfo (SCMNodeInfo.java:getPort(197)) - ConfigKey ozone.scm.security.service.address is deprecated, For configuring different ports for each SCM use PortConfigKey ozone.scm.security.service.port appended with serviceId and nodeId
2024-07-10 07:23:26,191 [main] INFO  ha.SCMNodeInfo (SCMNodeInfo.java:getPort(197)) - ConfigKey ozone.scm.datanode.address is deprecated, For configuring different ports for each SCM use PortConfigKey ozone.scm.datanode.port appended with serviceId and nodeId
2024-07-10 07:23:26,191 [main] INFO  ha.SCMNodeInfo (SCMNodeInfo.java:getPort(197)) - ConfigKey ozone.scm.client.address is deprecated, For configuring different ports for each SCM use PortConfigKey ozone.scm.client.port appended with serviceId and nodeId
2024-07-10 07:23:26,191 [main] INFO  ha.SCMNodeInfo (SCMNodeInfo.java:getPort(197)) - ConfigKey ozone.scm.block.client.address is deprecated, For configuring different ports for each SCM use PortConfigKey ozone.scm.block.client.port appended with serviceId and nodeId
2024-07-10 07:23:26,192 [main] INFO  ha.SCMNodeInfo (SCMNodeInfo.java:getPort(197)) - ConfigKey ozone.scm.security.service.address is deprecated, For configuring different ports for each SCM use PortConfigKey ozone.scm.security.service.port appended with serviceId and nodeId
2024-07-10 07:23:26,192 [main] INFO  ha.SCMNodeInfo (SCMNodeInfo.java:getPort(197)) - ConfigKey ozone.scm.datanode.address is deprecated, For configuring different ports for each SCM use PortConfigKey ozone.scm.datanode.port appended with serviceId and nodeId
2024-07-10 07:23:26,194 [pool-1-thread-2] INFO  request.KdcRequest (KdcRequest.java:preauth(651)) - The preauth data is empty.
2024-07-10 07:23:26,195 [pool-1-thread-2] INFO  server.KdcHandler (KdcHandler.java:handleRecoverableException(177)) - KRB error occurred while processing request:Additional pre-authentication required
2024-07-10 07:23:26,199 [pool-1-thread-2] INFO  request.AsRequest (AsRequest.java:issueTicket(112)) - AS_REQ ISSUE: authtime 1720596206198,scm/fv-az1386-216.klszfsxs10seni2gsqlth152tc.dx.internal.cloudapp.net@EXAMPLE.COM for krbtgt/EXAMPLE.COM@EXAMPLE.COM
2024-07-10 07:23:26,200 [main] INFO  security.UserGroupInformation (UserGroupInformation.java:loginUserFromKeytab(1132)) - Login successful for user scm/fv-az1386-216.klszfsxs10seni2gsqlth152tc.dx.internal.cloudapp.net@EXAMPLE.COM using keytab file scm.keytab. Keytab auto renewal enabled : false
2024-07-10 07:23:26,200 [main] INFO  server.StorageContainerManager (StorageContainerManager.java:loginAsSCMUserIfSecurityEnabled(1069)) - SCM login successful.
2024-07-10 07:23:26,203 [main] INFO  ha.SCMNodeInfo (SCMNodeInfo.java:getPort(197)) - ConfigKey ozone.scm.client.address is deprecated, For configuring different ports for each SCM use PortConfigKey ozone.scm.client.port appended with serviceId and nodeId
2024-07-10 07:23:26,203 [main] INFO  ha.SCMNodeInfo (SCMNodeInfo.java:getPort(197)) - ConfigKey ozone.scm.block.client.address is deprecated, For configuring different ports for each SCM use PortConfigKey ozone.scm.block.client.port appended with serviceId and nodeId
2024-07-10 07:23:26,203 [main] INFO  ha.SCMNodeInfo (SCMNodeInfo.java:getPort(197)) - ConfigKey ozone.scm.security.service.address is deprecated, For configuring different ports for each SCM use PortConfigKey ozone.scm.security.service.port appended with serviceId and nodeId
2024-07-10 07:23:26,203 [main] INFO  ha.SCMNodeInfo (SCMNodeInfo.java:getPort(197)) - ConfigKey ozone.scm.datanode.address is deprecated, For configuring different ports for each SCM use PortConfigKey ozone.scm.datanode.port appended with serviceId and nodeId
2024-07-10 07:23:26,204 [main] INFO  ha.SCMNodeInfo (SCMNodeInfo.java:getPort(197)) - ConfigKey ozone.scm.client.address is deprecated, For configuring different ports for each SCM use PortConfigKey ozone.scm.client.port appended with serviceId and nodeId
2024-07-10 07:23:26,204 [main] INFO  ha.SCMNodeInfo (SCMNodeInfo.java:getPort(197)) - ConfigKey ozone.scm.block.client.address is deprecated, For configuring different ports for each SCM use PortConfigKey ozone.scm.block.client.port appended with serviceId and nodeId
2024-07-10 07:23:26,204 [main] INFO  ha.SCMNodeInfo (SCMNodeInfo.java:getPort(197)) - ConfigKey ozone.scm.security.service.address is deprecated, For configuring different ports for each SCM use PortConfigKey ozone.scm.security.service.port appended with serviceId and nodeId
2024-07-10 07:23:26,204 [main] INFO  ha.SCMNodeInfo (SCMNodeInfo.java:getPort(197)) - ConfigKey ozone.scm.datanode.address is deprecated, For configuring different ports for each SCM use PortConfigKey ozone.scm.datanode.port appended with serviceId and nodeId
2024-07-10 07:23:26,204 [main] INFO  proxy.SCMBlockLocationFailoverProxyProvider (SCMBlockLocationFailoverProxyProvider.java:<init>(115)) - Created block location fail-over proxy with 2 nodes: [nodeId=scmNode-2,nodeAddress=/127.0.0.1:15015, nodeId=scmNode-1,nodeAddress=/127.0.0.1:15007]
2024-07-10 07:23:26,214 [pool-1-thread-2] INFO  request.TgsRequest (TgsRequest.java:issueTicket(115)) - TGS_REQ ISSUE: authtime 1720596206213,scm/fv-az1386-216.klszfsxs10seni2gsqlth152tc.dx.internal.cloudapp.net for scm/fv-az1386-216.klszfsxs10seni2gsqlth152tc.dx.internal.cloudapp.net@EXAMPLE.COM
2024-07-10 07:23:26,220 [Socket Reader #1 for port 15007] INFO  ipc.Server (Server.java:saslProcess(2139)) - Auth successful for scm/fv-az1386-216.klszfsxs10seni2gsqlth152tc.dx.internal.cloudapp.net@EXAMPLE.COM (auth:KERBEROS) from fv-az1386-216.klszfsxs10seni2gsqlth152tc.dx.internal.cloudapp.net:35515 / 10.1.0.19:35515
2024-07-10 07:23:26,224 [Socket Reader #1 for port 15007] INFO  authorize.ServiceAuthorizationManager (ServiceAuthorizationManager.java:authorize(137)) - Authorization successful for scm/fv-az1386-216.klszfsxs10seni2gsqlth152tc.dx.internal.cloudapp.net@EXAMPLE.COM (auth:KERBEROS) for protocol=interface org.apache.hadoop.hdds.scm.protocol.ScmBlockLocationProtocol
2024-07-10 07:23:26,225 [main] INFO  ha.HASecurityUtils (HASecurityUtils.java:initializeSecurity(81)) - Initializing secure StorageContainerManager.
2024-07-10 07:23:26,226 [main] INFO  ha.SCMNodeInfo (SCMNodeInfo.java:getPort(197)) - ConfigKey ozone.scm.client.address is deprecated, For configuring different ports for each SCM use PortConfigKey ozone.scm.client.port appended with serviceId and nodeId
2024-07-10 07:23:26,226 [main] INFO  ha.SCMNodeInfo (SCMNodeInfo.java:getPort(197)) - ConfigKey ozone.scm.block.client.address is deprecated, For configuring different ports for each SCM use PortConfigKey ozone.scm.block.client.port appended with serviceId and nodeId
2024-07-10 07:23:26,226 [main] INFO  ha.SCMNodeInfo (SCMNodeInfo.java:getPort(197)) - ConfigKey ozone.scm.security.service.address is deprecated, For configuring different ports for each SCM use PortConfigKey ozone.scm.security.service.port appended with serviceId and nodeId
2024-07-10 07:23:26,226 [main] INFO  ha.SCMNodeInfo (SCMNodeInfo.java:getPort(197)) - ConfigKey ozone.scm.datanode.address is deprecated, For configuring different ports for each SCM use PortConfigKey ozone.scm.datanode.port appended with serviceId and nodeId
2024-07-10 07:23:26,226 [main] INFO  ha.SCMNodeInfo (SCMNodeInfo.java:getPort(197)) - ConfigKey ozone.scm.client.address is deprecated, For configuring different ports for each SCM use PortConfigKey ozone.scm.client.port appended with serviceId and nodeId
2024-07-10 07:23:26,226 [main] INFO  ha.SCMNodeInfo (SCMNodeInfo.java:getPort(197)) - ConfigKey ozone.scm.block.client.address is deprecated, For configuring different ports for each SCM use PortConfigKey ozone.scm.block.client.port appended with serviceId and nodeId
2024-07-10 07:23:26,226 [main] INFO  ha.SCMNodeInfo (SCMNodeInfo.java:getPort(197)) - ConfigKey ozone.scm.security.service.address is deprecated, For configuring different ports for each SCM use PortConfigKey ozone.scm.security.service.port appended with serviceId and nodeId
2024-07-10 07:23:26,226 [main] INFO  ha.SCMNodeInfo (SCMNodeInfo.java:getPort(197)) - ConfigKey ozone.scm.datanode.address is deprecated, For configuring different ports for each SCM use PortConfigKey ozone.scm.datanode.port appended with serviceId and nodeId
2024-07-10 07:23:26,227 [main] INFO  client.SCMCertificateClient (DefaultCertificateClient.java:updateCertSerialId(1313)) - Certificate serial ID set to null
2024-07-10 07:23:26,227 [main] ERROR client.SCMCertificateClient (DefaultCertificateClient.java:getCertPath(376)) - Default certificate serial id is not set. Can't locate the default certificate for this client.
2024-07-10 07:23:26,227 [main] INFO  client.SCMCertificateClient (DefaultCertificateClient.java:init(720)) - Certificate client init case: 0
2024-07-10 07:23:26,227 [main] INFO  client.SCMCertificateClient (DefaultCertificateClient.java:handleCase(738)) - Creating keypair for client as keypair and certificate not found.
2024-07-10 07:23:26,539 [main] INFO  client.SCMCertificateClient (SCMCertificateClient.java:recoverStateIfNeeded(284)) - Init response: GETCERT
2024-07-10 07:23:26,539 [main] INFO  client.SCMCertificateClient (SCMCertificateClient.java:getCSRBuilder(144)) - Creating csr for SCM->hostName:localhost,scmId:f259835d-d8e4-4f48-95e4-1e4b6d3ef0d5,clusterId:e3afc6b0-d37c-4e66-a691-c5585a39a1b5,subject:scm-sub@localhost
2024-07-10 07:23:26,540 [main] INFO  ozone.OzoneSecurityUtil (OzoneSecurityUtil.java:getValidInetsForCurrentHost(120)) - ip:fe80:0:0:0:20d:3aff:fe3b:2de%eth0 not returned.
2024-07-10 07:23:26,540 [main] INFO  ozone.OzoneSecurityUtil (OzoneSecurityUtil.java:getValidInetsForCurrentHost(117)) - Adding ip:10.1.0.19,host:fv-az1386-216.klszfsxs10seni2gsqlth152tc.dx.internal.cloudapp.net
2024-07-10 07:23:26,540 [main] INFO  ozone.OzoneSecurityUtil (OzoneSecurityUtil.java:getValidInetsForCurrentHost(120)) - ip:0:0:0:0:0:0:0:1%lo not returned.
2024-07-10 07:23:26,540 [main] INFO  ozone.OzoneSecurityUtil (OzoneSecurityUtil.java:getValidInetsForCurrentHost(120)) - ip:127.0.0.1 not returned.
2024-07-10 07:23:26,550 [Socket Reader #1 for port 15002] INFO  ipc.Server (Server.java:saslProcess(2139)) - Auth successful for scm/fv-az1386-216.klszfsxs10seni2gsqlth152tc.dx.internal.cloudapp.net@EXAMPLE.COM (auth:KERBEROS) from fv-az1386-216.klszfsxs10seni2gsqlth152tc.dx.internal.cloudapp.net:46371 / 10.1.0.19:46371
2024-07-10 07:23:26,553 [Socket Reader #1 for port 15002] INFO  authorize.ServiceAuthorizationManager (ServiceAuthorizationManager.java:authorize(137)) - Authorization successful for scm/fv-az1386-216.klszfsxs10seni2gsqlth152tc.dx.internal.cloudapp.net@EXAMPLE.COM (auth:KERBEROS) for protocol=interface org.apache.hadoop.hdds.protocol.SCMSecurityProtocol
2024-07-10 07:23:26,553 [IPC Server handler 1 on default port 15002] INFO  server.SCMSecurityProtocolServer (SCMSecurityProtocolServer.java:getSCMCertificate(326)) - Processing CSR for scm localhost, nodeId: f259835d-d8e4-4f48-95e4-1e4b6d3ef0d5
2024-07-10 07:23:26,558 [d38ec341-43ec-4d2c-a000-6eddcfc2f96f@group-C5585A39A1B5-StateMachineUpdater] INFO  safemode.HealthyPipelineSafeModeRule (HealthyPipelineSafeModeRule.java:initializeRule(172)) - Refreshed total pipeline count is 0, healthy pipeline threshold count is 1
2024-07-10 07:23:26,559 [IPC Server handler 1 on default port 15002] INFO  ha.SequenceIdGenerator (SequenceIdGenerator.java:getNextId(144)) - Allocate a batch for CertificateId, change lastId from 3 to 4.
2024-07-10 07:23:26,560 [8b0090bf-277f-4b89-9ec7-80a6dcff705a@group-C5585A39A1B5-StateMachineUpdater] INFO  safemode.HealthyPipelineSafeModeRule (HealthyPipelineSafeModeRule.java:initializeRule(172)) - Refreshed total pipeline count is 0, healthy pipeline threshold count is 1
2024-07-10 07:23:26,560 [8b0090bf-277f-4b89-9ec7-80a6dcff705a@group-C5585A39A1B5-StateMachineUpdater] INFO  safemode.SCMSafeModeManager (SCMSafeModeManager.java:validateSafeModeExitRules(203)) - ContainerSafeModeRule rule is successfully validated
2024-07-10 07:23:26,560 [8b0090bf-277f-4b89-9ec7-80a6dcff705a@group-C5585A39A1B5-StateMachineUpdater] INFO  safemode.SCMSafeModeManager (SCMSafeModeManager.java:validateSafeModeExitRules(203)) - AtleastOneDatanodeReportedRule rule is successfully validated
2024-07-10 07:23:26,563 [IPC Server handler 1 on default port 15002] INFO  authority.DefaultApprover (DefaultApprover.java:sign(174)) - Extensions in CSR: 2.5.29.19, 2.5.29.15, 2.5.29.17
2024-07-10 07:23:26,564 [IPC Server handler 1 on default port 15002] INFO  authority.DefaultApprover (DefaultApprover.java:sign(178)) - Extensions to add to the certificate if they present in CSR: 2.5.29.15, 2.5.29.17, 2.5.29.35, 2.5.29.37, 2.5.29.19, 1.3.6.1.5.5.7.1.12
2024-07-10 07:23:26,583 [d38ec341-43ec-4d2c-a000-6eddcfc2f96f@group-C5585A39A1B5-StateMachineUpdater] INFO  server.SCMCertStore (SCMCertStore.java:storeValidScmCertificate(101)) - Scm certificate 4 for CN=scm-sub@localhost,OU=f259835d-d8e4-4f48-95e4-1e4b6d3ef0d5,O=e3afc6b0-d37c-4e66-a691-c5585a39a1b5,SERIALNUMBER=4 is stored
2024-07-10 07:23:26,584 [d38ec341-43ec-4d2c-a000-6eddcfc2f96f@group-C5585A39A1B5-StateMachineUpdater] INFO  safemode.HealthyPipelineSafeModeRule (HealthyPipelineSafeModeRule.java:initializeRule(172)) - Refreshed total pipeline count is 0, healthy pipeline threshold count is 1
2024-07-10 07:23:26,589 [8b0090bf-277f-4b89-9ec7-80a6dcff705a@group-C5585A39A1B5-StateMachineUpdater] INFO  server.SCMCertStore (SCMCertStore.java:storeValidScmCertificate(101)) - Scm certificate 4 for CN=scm-sub@localhost,OU=f259835d-d8e4-4f48-95e4-1e4b6d3ef0d5,O=e3afc6b0-d37c-4e66-a691-c5585a39a1b5,SERIALNUMBER=4 is stored
2024-07-10 07:23:26,589 [8b0090bf-277f-4b89-9ec7-80a6dcff705a@group-C5585A39A1B5-StateMachineUpdater] INFO  safemode.HealthyPipelineSafeModeRule (HealthyPipelineSafeModeRule.java:initializeRule(172)) - Refreshed total pipeline count is 0, healthy pipeline threshold count is 1
2024-07-10 07:23:26,604 [main] INFO  utils.CertificateCodec (CertificateCodec.java:writeCertificate(253)) - Save certificate to /home/runner/work/ozone/ozone/hadoop-ozone/integration-test/target/test-dir/MiniOzoneClusterImpl-e3afc6b0-d37c-4e66-a691-c5585a39a1b5/scmNode-3/scm/sub-ca/certs/CA-1.crt
2024-07-10 07:23:26,605 [main] INFO  utils.CertificateCodec (CertificateCodec.java:writeCertificate(254)) - Certificate -----BEGIN CERTIFICATE-----
MIIEADCCAuigAwIBAgIBATANBgkqhkiG9w0BAQsFADCBhjEaMBgGA1UEAwwRc2Nt
QGZ2LWF6MTM4Ni0yMTYxLTArBgNVBAsMJGQzOGVjMzQxLTQzZWMtNGQyYy1hMDAw
LTZlZGRjZmMyZjk2ZjEtMCsGA1UECgwkZTNhZmM2YjAtZDM3Yy00ZTY2LWE2OTEt
YzU1ODVhMzlhMWI1MQowCAYDVQQFEwExMB4XDTI0MDcxMDA3MjMwN1oXDTI5MDgx
ODA3MjMwN1owgYYxGjAYBgNVBAMMEXNjbUBmdi1hejEzODYtMjE2MS0wKwYDVQQL
DCRkMzhlYzM0MS00M2VjLTRkMmMtYTAwMC02ZWRkY2ZjMmY5NmYxLTArBgNVBAoM
JGUzYWZjNmIwLWQzN2MtNGU2Ni1hNjkxLWM1NTg1YTM5YTFiNTEKMAgGA1UEBRMB
MTCCASIwDQYJKoZIhvcNAQEBBQADggEPADCCAQoCggEBAKzpRY5cNsZlta7ho5HJ
tjrZH0TtKWid9+5TmD4zBNXSTe3fDZb0lmOIMofdqYw0F6Cwx/+ohBi7oMZRjF80
ebDTDb5TJW5CnJGi4k6THV0Qa1Na0XuwhaJ/ezNMu+S3sxOXZ8vgIO98ViWt1HPm
VdCmCQ2WwMQb0uCBajpMGIZY39PUa2rlbAkDfA1a39hdpd6bjq+IxwyaLGqqsruX
j55QfTxfjpYJgbbISGV/WZypL+U9MzB5EXjES4ve5v33ALOMGrKmT04p5XvPXz3l
Yf/Bh0yV3y+Gz5Xv2imXAvWcAzkc8k29BsD19DyUSPEGj8rQlTN+MlhFF4FWsW5Y
vM8CAwEAAaN3MHUwDwYDVR0TAQH/BAUwAwEB/zAOBgNVHQ8BAf8EBAMCAQYwUgYD
VR0RBEswSYcECgEAE4JBZnYtYXoxMzg2LTIxNi5rbHN6ZnN4czEwc2VuaTJnc3Fs
dGgxNTJ0Yy5keC5pbnRlcm5hbC5jbG91ZGFwcC5uZXQwDQYJKoZIhvcNAQELBQAD
ggEBAFrYxLJV0JZNxWTuNsQfV12XAsjBOyT2TdG2oOYVkb2rvBo8mBEOGDr1HSa/
Kd47PM0PdqdRFxT5/RnSD6PJd5ziFTpxa1Gpv9KF38J5oGceGHpRdjnhc81d/u0C
sR+q3ZEqIrF4Bjj+sxATobDPhFe84FLYqcC+t1y+EG2WXqmEwM7RHRCZOW8i4FUw
3j3h0Nv/8XPOtSjjRIpgFQH61wJ56vVezePgN7rsHPUaBHXZfniIpT3kARA+qrMj
y2cpCVBrPIXnwjnJoRIUopz6qcUw//BLvLe0+ibfuIWzUe9BzUTHxhHoHF29itol
ducdHLhn6fjDeY1U+PhJT/41TlM=
-----END CERTIFICATE-----

2024-07-10 07:23:26,606 [main] INFO  utils.CertificateCodec (CertificateCodec.java:writeCertificate(253)) - Save certificate to /home/runner/work/ozone/ozone/hadoop-ozone/integration-test/target/test-dir/MiniOzoneClusterImpl-e3afc6b0-d37c-4e66-a691-c5585a39a1b5/scmNode-3/scm/sub-ca/certs/4.crt
2024-07-10 07:23:26,606 [main] INFO  utils.CertificateCodec (CertificateCodec.java:writeCertificate(254)) - Certificate -----BEGIN CERTIFICATE-----
MIIEADCCAuigAwIBAgIBBDANBgkqhkiG9w0BAQsFADCBhjEaMBgGA1UEAwwRc2Nt
QGZ2LWF6MTM4Ni0yMTYxLTArBgNVBAsMJGQzOGVjMzQxLTQzZWMtNGQyYy1hMDAw
LTZlZGRjZmMyZjk2ZjEtMCsGA1UECgwkZTNhZmM2YjAtZDM3Yy00ZTY2LWE2OTEt
YzU1ODVhMzlhMWI1MQowCAYDVQQFEwExMB4XDTI0MDcxMDA3MjMyNloXDTI5MDgx
ODA3MjMyNlowgYYxGjAYBgNVBAMMEXNjbS1zdWJAbG9jYWxob3N0MS0wKwYDVQQL
DCRmMjU5ODM1ZC1kOGU0LTRmNDgtOTVlNC0xZTRiNmQzZWYwZDUxLTArBgNVBAoM
JGUzYWZjNmIwLWQzN2MtNGU2Ni1hNjkxLWM1NTg1YTM5YTFiNTEKMAgGA1UEBRMB
NDCCASIwDQYJKoZIhvcNAQEBBQADggEPADCCAQoCggEBAKamPvj5YcimUWV33g/6
NZ+970Crr6epobr8b7aHaYGwTbRUjMnxDEfeZflXI9IVgtWcOzkiZeGxuS9pb+rc
g3LijpXmBA819oBNkWX6NptA2B+/aJAfYXHCXVntlCcZxeUBnjtXHDdpuXcTlxU3
EHN284dC4N0KlXnsqYIObMCVhc5JZ+CBbFny83sDrOjIYmlWRKzR4SkJ54+46R7L
hL8wV6AuqcXA6ebVfj+H6Rc0Ysr2PhXl0hWN6K4W3t12C44ERw44dbZEoSDNfapG
0XBEq1p7FZecckeu7c+VoszLXw/Vfaz4ckS2xDgMbi4LSG4ApPsBeebSPg3yAaoi
WEsCAwEAAaN3MHUwDgYDVR0PAQH/BAQDAgG+MFIGA1UdEQRLMEmHBAoBABOCQWZ2
LWF6MTM4Ni0yMTYua2xzemZzeHMxMHNlbmkyZ3NxbHRoMTUydGMuZHguaW50ZXJu
YWwuY2xvdWRhcHAubmV0MA8GA1UdEwEB/wQFMAMBAf8wDQYJKoZIhvcNAQELBQAD
ggEBAB1E7Oul+P/IsX6jGL7jr9iT33wKd8OFafh+B0GtB5NnoTY8s29LyqAWsvLp
7QMiw0Jr/DDLgNJG6eLQrqkAnUZY9TuWyI14zRdxCzCgfgqjbiInLW5BGOmJx0sz
Ia2hIo3Q/bcP8NEeTGSljEPqT/fSOxmimTfeAxgh3V0j3Z1N3nhQhElNxyz78L9X
shsl7A/qS52Q0h8XICbghVV1T6mUzK/mcGonV1ZoCCX1tpb/f+rF+k+ERTUvh7XW
A+9bwAQZ5kXKdJ1wNzEc8BeaJtohf84MfOae/j2VJIRaxfW+mqodsZyyYAsQdTY1
IyT5amRab2Rt9BZwgNr5EHEzSWo=
-----END CERTIFICATE-----

-----BEGIN CERTIFICATE-----
MIIEADCCAuigAwIBAgIBATANBgkqhkiG9w0BAQsFADCBhjEaMBgGA1UEAwwRc2Nt
QGZ2LWF6MTM4Ni0yMTYxLTArBgNVBAsMJGQzOGVjMzQxLTQzZWMtNGQyYy1hMDAw
LTZlZGRjZmMyZjk2ZjEtMCsGA1UECgwkZTNhZmM2YjAtZDM3Yy00ZTY2LWE2OTEt
YzU1ODVhMzlhMWI1MQowCAYDVQQFEwExMB4XDTI0MDcxMDA3MjMwN1oXDTI5MDgx
ODA3MjMwN1owgYYxGjAYBgNVBAMMEXNjbUBmdi1hejEzODYtMjE2MS0wKwYDVQQL
DCRkMzhlYzM0MS00M2VjLTRkMmMtYTAwMC02ZWRkY2ZjMmY5NmYxLTArBgNVBAoM
JGUzYWZjNmIwLWQzN2MtNGU2Ni1hNjkxLWM1NTg1YTM5YTFiNTEKMAgGA1UEBRMB
MTCCASIwDQYJKoZIhvcNAQEBBQADggEPADCCAQoCggEBAKzpRY5cNsZlta7ho5HJ
tjrZH0TtKWid9+5TmD4zBNXSTe3fDZb0lmOIMofdqYw0F6Cwx/+ohBi7oMZRjF80
ebDTDb5TJW5CnJGi4k6THV0Qa1Na0XuwhaJ/ezNMu+S3sxOXZ8vgIO98ViWt1HPm
VdCmCQ2WwMQb0uCBajpMGIZY39PUa2rlbAkDfA1a39hdpd6bjq+IxwyaLGqqsruX
j55QfTxfjpYJgbbISGV/WZypL+U9MzB5EXjES4ve5v33ALOMGrKmT04p5XvPXz3l
Yf/Bh0yV3y+Gz5Xv2imXAvWcAzkc8k29BsD19DyUSPEGj8rQlTN+MlhFF4FWsW5Y
vM8CAwEAAaN3MHUwDwYDVR0TAQH/BAUwAwEB/zAOBgNVHQ8BAf8EBAMCAQYwUgYD
VR0RBEswSYcECgEAE4JBZnYtYXoxMzg2LTIxNi5rbHN6ZnN4czEwc2VuaTJnc3Fs
dGgxNTJ0Yy5keC5pbnRlcm5hbC5jbG91ZGFwcC5uZXQwDQYJKoZIhvcNAQELBQAD
ggEBAFrYxLJV0JZNxWTuNsQfV12XAsjBOyT2TdG2oOYVkb2rvBo8mBEOGDr1HSa/
Kd47PM0PdqdRFxT5/RnSD6PJd5ziFTpxa1Gpv9KF38J5oGceGHpRdjnhc81d/u0C
sR+q3ZEqIrF4Bjj+sxATobDPhFe84FLYqcC+t1y+EG2WXqmEwM7RHRCZOW8i4FUw
3j3h0Nv/8XPOtSjjRIpgFQH61wJ56vVezePgN7rsHPUaBHXZfniIpT3kARA+qrMj
y2cpCVBrPIXnwjnJoRIUopz6qcUw//BLvLe0+ibfuIWzUe9BzUTHxhHoHF29itol
ducdHLhn6fjDeY1U+PhJT/41TlM=
-----END CERTIFICATE-----

2024-07-10 07:23:26,606 [main] INFO  utils.CertificateCodec (CertificateCodec.java:writeCertificate(253)) - Save certificate to /home/runner/work/ozone/ozone/hadoop-ozone/integration-test/target/test-dir/MiniOzoneClusterImpl-e3afc6b0-d37c-4e66-a691-c5585a39a1b5/scmNode-3/scm/sub-ca/certs/certificate.crt
2024-07-10 07:23:26,606 [main] INFO  utils.CertificateCodec (CertificateCodec.java:writeCertificate(254)) - Certificate -----BEGIN CERTIFICATE-----
MIIEADCCAuigAwIBAgIBBDANBgkqhkiG9w0BAQsFADCBhjEaMBgGA1UEAwwRc2Nt
QGZ2LWF6MTM4Ni0yMTYxLTArBgNVBAsMJGQzOGVjMzQxLTQzZWMtNGQyYy1hMDAw
LTZlZGRjZmMyZjk2ZjEtMCsGA1UECgwkZTNhZmM2YjAtZDM3Yy00ZTY2LWE2OTEt
YzU1ODVhMzlhMWI1MQowCAYDVQQFEwExMB4XDTI0MDcxMDA3MjMyNloXDTI5MDgx
ODA3MjMyNlowgYYxGjAYBgNVBAMMEXNjbS1zdWJAbG9jYWxob3N0MS0wKwYDVQQL
DCRmMjU5ODM1ZC1kOGU0LTRmNDgtOTVlNC0xZTRiNmQzZWYwZDUxLTArBgNVBAoM
JGUzYWZjNmIwLWQzN2MtNGU2Ni1hNjkxLWM1NTg1YTM5YTFiNTEKMAgGA1UEBRMB
NDCCASIwDQYJKoZIhvcNAQEBBQADggEPADCCAQoCggEBAKamPvj5YcimUWV33g/6
NZ+970Crr6epobr8b7aHaYGwTbRUjMnxDEfeZflXI9IVgtWcOzkiZeGxuS9pb+rc
g3LijpXmBA819oBNkWX6NptA2B+/aJAfYXHCXVntlCcZxeUBnjtXHDdpuXcTlxU3
EHN284dC4N0KlXnsqYIObMCVhc5JZ+CBbFny83sDrOjIYmlWRKzR4SkJ54+46R7L
hL8wV6AuqcXA6ebVfj+H6Rc0Ysr2PhXl0hWN6K4W3t12C44ERw44dbZEoSDNfapG
0XBEq1p7FZecckeu7c+VoszLXw/Vfaz4ckS2xDgMbi4LSG4ApPsBeebSPg3yAaoi
WEsCAwEAAaN3MHUwDgYDVR0PAQH/BAQDAgG+MFIGA1UdEQRLMEmHBAoBABOCQWZ2
LWF6MTM4Ni0yMTYua2xzemZzeHMxMHNlbmkyZ3NxbHRoMTUydGMuZHguaW50ZXJu
YWwuY2xvdWRhcHAubmV0MA8GA1UdEwEB/wQFMAMBAf8wDQYJKoZIhvcNAQELBQAD
ggEBAB1E7Oul+P/IsX6jGL7jr9iT33wKd8OFafh+B0GtB5NnoTY8s29LyqAWsvLp
7QMiw0Jr/DDLgNJG6eLQrqkAnUZY9TuWyI14zRdxCzCgfgqjbiInLW5BGOmJx0sz
Ia2hIo3Q/bcP8NEeTGSljEPqT/fSOxmimTfeAxgh3V0j3Z1N3nhQhElNxyz78L9X
shsl7A/qS52Q0h8XICbghVV1T6mUzK/mcGonV1ZoCCX1tpb/f+rF+k+ERTUvh7XW
A+9bwAQZ5kXKdJ1wNzEc8BeaJtohf84MfOae/j2VJIRaxfW+mqodsZyyYAsQdTY1
IyT5amRab2Rt9BZwgNr5EHEzSWo=
-----END CERTIFICATE-----

-----BEGIN CERTIFICATE-----
MIIEADCCAuigAwIBAgIBATANBgkqhkiG9w0BAQsFADCBhjEaMBgGA1UEAwwRc2Nt
QGZ2LWF6MTM4Ni0yMTYxLTArBgNVBAsMJGQzOGVjMzQxLTQzZWMtNGQyYy1hMDAw
LTZlZGRjZmMyZjk2ZjEtMCsGA1UECgwkZTNhZmM2YjAtZDM3Yy00ZTY2LWE2OTEt
YzU1ODVhMzlhMWI1MQowCAYDVQQFEwExMB4XDTI0MDcxMDA3MjMwN1oXDTI5MDgx
ODA3MjMwN1owgYYxGjAYBgNVBAMMEXNjbUBmdi1hejEzODYtMjE2MS0wKwYDVQQL
DCRkMzhlYzM0MS00M2VjLTRkMmMtYTAwMC02ZWRkY2ZjMmY5NmYxLTArBgNVBAoM
JGUzYWZjNmIwLWQzN2MtNGU2Ni1hNjkxLWM1NTg1YTM5YTFiNTEKMAgGA1UEBRMB
MTCCASIwDQYJKoZIhvcNAQEBBQADggEPADCCAQoCggEBAKzpRY5cNsZlta7ho5HJ
tjrZH0TtKWid9+5TmD4zBNXSTe3fDZb0lmOIMofdqYw0F6Cwx/+ohBi7oMZRjF80
ebDTDb5TJW5CnJGi4k6THV0Qa1Na0XuwhaJ/ezNMu+S3sxOXZ8vgIO98ViWt1HPm
VdCmCQ2WwMQb0uCBajpMGIZY39PUa2rlbAkDfA1a39hdpd6bjq+IxwyaLGqqsruX
j55QfTxfjpYJgbbISGV/WZypL+U9MzB5EXjES4ve5v33ALOMGrKmT04p5XvPXz3l
Yf/Bh0yV3y+Gz5Xv2imXAvWcAzkc8k29BsD19DyUSPEGj8rQlTN+MlhFF4FWsW5Y
vM8CAwEAAaN3MHUwDwYDVR0TAQH/BAUwAwEB/zAOBgNVHQ8BAf8EBAMCAQYwUgYD
VR0RBEswSYcECgEAE4JBZnYtYXoxMzg2LTIxNi5rbHN6ZnN4czEwc2VuaTJnc3Fs
dGgxNTJ0Yy5keC5pbnRlcm5hbC5jbG91ZGFwcC5uZXQwDQYJKoZIhvcNAQELBQAD
ggEBAFrYxLJV0JZNxWTuNsQfV12XAsjBOyT2TdG2oOYVkb2rvBo8mBEOGDr1HSa/
Kd47PM0PdqdRFxT5/RnSD6PJd5ziFTpxa1Gpv9KF38J5oGceGHpRdjnhc81d/u0C
sR+q3ZEqIrF4Bjj+sxATobDPhFe84FLYqcC+t1y+EG2WXqmEwM7RHRCZOW8i4FUw
3j3h0Nv/8XPOtSjjRIpgFQH61wJ56vVezePgN7rsHPUaBHXZfniIpT3kARA+qrMj
y2cpCVBrPIXnwjnJoRIUopz6qcUw//BLvLe0+ibfuIWzUe9BzUTHxhHoHF29itol
ducdHLhn6fjDeY1U+PhJT/41TlM=
-----END CERTIFICATE-----

2024-07-10 07:23:26,607 [main] INFO  client.SCMCertificateClient (SCMCertificateClient.java:recoverStateIfNeeded(295)) - Successfully stored SCM signed certificate.
2024-07-10 07:23:26,609 [main] INFO  server.StorageContainerManager (StorageContainerManager.java:scmBootstrap(1207)) - SCM BootStrap  is successful for ClusterID e3afc6b0-d37c-4e66-a691-c5585a39a1b5, SCMID f259835d-d8e4-4f48-95e4-1e4b6d3ef0d5
2024-07-10 07:23:26,609 [main] INFO  server.StorageContainerManager (StorageContainerManager.java:scmBootstrap(1209)) - Primary SCM Node ID d38ec341-43ec-4d2c-a000-6eddcfc2f96f
2024-07-10 07:23:26,609 [main] WARN  server.ServerUtils (ServerUtils.java:getScmDbDir(143)) - ozone.scm.db.dirs is not configured. We recommend adding this setting. Falling back to ozone.metadata.dirs instead.
2024-07-10 07:23:26,610 [main] INFO  ha.SCMHANodeDetails (SCMHANodeDetails.java:loadSCMHAConfig(207)) - ServiceID for StorageContainerManager is TestSecretKey
2024-07-10 07:23:26,610 [main] INFO  ha.SCMHANodeDetails (SCMHANodeDetails.java:loadSCMHAConfig(218)) - ServiceID for StorageContainerManager is TestSecretKey
2024-07-10 07:23:26,610 [main] WARN  scm.ScmUtils (ScmUtils.java:logWarn(165)) - ConfigKey ozone.scm.block.client.address is deprecated, For configuring different ports for each SCM use PortConfigKey ozone.scm.block.client.port appended with serviceId and nodeId. If want to configure same port configure ozone.scm.block.client.port
2024-07-10 07:23:26,610 [main] WARN  scm.ScmUtils (ScmUtils.java:logWarn(165)) - ConfigKey ozone.scm.client.address is deprecated, For configuring different ports for each SCM use PortConfigKey ozone.scm.client.port appended with serviceId and nodeId. If want to configure same port configure ozone.scm.client.port
2024-07-10 07:23:26,610 [main] WARN  scm.ScmUtils (ScmUtils.java:logWarn(165)) - ConfigKey ozone.scm.datanode.address is deprecated, For configuring different ports for each SCM use PortConfigKey ozone.scm.datanode.port appended with serviceId and nodeId. If want to configure same port configure ozone.scm.datanode.port
2024-07-10 07:23:26,611 [main] WARN  scm.ScmUtils (ScmUtils.java:logWarn(165)) - ConfigKey ozone.scm.block.client.address is deprecated, For configuring different ports for each SCM use PortConfigKey ozone.scm.block.client.port appended with serviceId and nodeId. If want to configure same port configure ozone.scm.block.client.port
2024-07-10 07:23:26,611 [main] WARN  scm.ScmUtils (ScmUtils.java:logWarn(165)) - ConfigKey ozone.scm.client.address is deprecated, For configuring different ports for each SCM use PortConfigKey ozone.scm.client.port appended with serviceId and nodeId. If want to configure same port configure ozone.scm.client.port
2024-07-10 07:23:26,611 [main] WARN  scm.ScmUtils (ScmUtils.java:logWarn(165)) - ConfigKey ozone.scm.datanode.address is deprecated, For configuring different ports for each SCM use PortConfigKey ozone.scm.datanode.port appended with serviceId and nodeId. If want to configure same port configure ozone.scm.datanode.port
2024-07-10 07:23:26,611 [main] INFO  ha.SCMHANodeDetails (SCMHANodeDetails.java:loadSCMHAConfig(305)) - Found matching SCM address with SCMServiceId: TestSecretKey, SCMNodeId: scmNode-3, RPC Address: localhost:15019 and Ratis port: 15019
2024-07-10 07:23:26,611 [main] INFO  ha.SCMHANodeDetails (ConfUtils.java:setNodeSpecificConfigs(97)) - Setting configuration key ozone.scm.datanode.address with value of key ozone.scm.datanode.address.TestSecretKey.scmNode-3: 127.0.0.1:15020
2024-07-10 07:23:26,611 [main] INFO  ha.SCMHANodeDetails (ConfUtils.java:setNodeSpecificConfigs(97)) - Setting configuration key ozone.scm.block.client.address with value of key ozone.scm.block.client.address.TestSecretKey.scmNode-3: 127.0.0.1:15023
2024-07-10 07:23:26,611 [main] INFO  ha.SCMHANodeDetails (ConfUtils.java:setNodeSpecificConfigs(97)) - Setting configuration key ozone.scm.client.address with value of key ozone.scm.client.address.TestSecretKey.scmNode-3: 127.0.0.1:15021
2024-07-10 07:23:26,612 [main] INFO  ha.SCMHANodeDetails (ConfUtils.java:setNodeSpecificConfigs(97)) - Setting configuration key ozone.scm.security.service.address with value of key ozone.scm.security.service.address.TestSecretKey.scmNode-3: 127.0.0.1:15018
2024-07-10 07:23:26,612 [main] INFO  ha.SCMHANodeDetails (ConfUtils.java:setNodeSpecificConfigs(97)) - Setting configuration key ozone.scm.ratis.port with value of key ozone.scm.ratis.port.TestSecretKey.scmNode-3: 15019
2024-07-10 07:23:26,612 [main] INFO  ha.SCMHANodeDetails (ConfUtils.java:setNodeSpecificConfigs(97)) - Setting configuration key ozone.scm.grpc.port with value of key ozone.scm.grpc.port.TestSecretKey.scmNode-3: 15022
2024-07-10 07:23:26,612 [main] INFO  ha.SCMHANodeDetails (ConfUtils.java:setNodeSpecificConfigs(97)) - Setting configuration key ozone.scm.http-address with value of key ozone.scm.http-address.TestSecretKey.scmNode-3: 127.0.0.1:15016
2024-07-10 07:23:26,612 [main] INFO  ha.SCMHANodeDetails (ConfUtils.java:setNodeSpecificConfigs(97)) - Setting configuration key ozone.scm.https-address with value of key ozone.scm.https-address.TestSecretKey.scmNode-3: 127.0.0.1:15017
2024-07-10 07:23:26,612 [main] INFO  ha.SCMHANodeDetails (ConfUtils.java:setNodeSpecificConfigs(97)) - Setting configuration key ozone.scm.address with value of key ozone.scm.address.TestSecretKey.scmNode-3: 127.0.0.1
2024-07-10 07:23:26,612 [main] WARN  scm.ScmUtils (ScmUtils.java:logWarn(165)) - ConfigKey ozone.scm.block.client.address is deprecated, For configuring different ports for each SCM use PortConfigKey ozone.scm.block.client.port appended with serviceId and nodeId. If want to configure same port configure ozone.scm.block.client.port
2024-07-10 07:23:26,612 [main] WARN  scm.ScmUtils (ScmUtils.java:logWarn(165)) - ConfigKey ozone.scm.client.address is deprecated, For configuring different ports for each SCM use PortConfigKey ozone.scm.client.port appended with serviceId and nodeId. If want to configure same port configure ozone.scm.client.port
2024-07-10 07:23:26,613 [main] WARN  scm.ScmUtils (ScmUtils.java:logWarn(165)) - ConfigKey ozone.scm.datanode.address is deprecated, For configuring different ports for each SCM use PortConfigKey ozone.scm.datanode.port appended with serviceId and nodeId. If want to configure same port configure ozone.scm.datanode.port
2024-07-10 07:23:26,613 [main] INFO  ha.SCMNodeInfo (SCMNodeInfo.java:getPort(197)) - ConfigKey ozone.scm.client.address is deprecated, For configuring different ports for each SCM use PortConfigKey ozone.scm.client.port appended with serviceId and nodeId
2024-07-10 07:23:26,614 [main] INFO  ha.SCMNodeInfo (SCMNodeInfo.java:getPort(197)) - ConfigKey ozone.scm.block.client.address is deprecated, For configuring different ports for each SCM use PortConfigKey ozone.scm.block.client.port appended with serviceId and nodeId
2024-07-10 07:23:26,614 [main] INFO  ha.SCMNodeInfo (SCMNodeInfo.java:getPort(197)) - ConfigKey ozone.scm.security.service.address is deprecated, For configuring different ports for each SCM use PortConfigKey ozone.scm.security.service.port appended with serviceId and nodeId
2024-07-10 07:23:26,614 [main] INFO  ha.SCMNodeInfo (SCMNodeInfo.java:getPort(197)) - ConfigKey ozone.scm.datanode.address is deprecated, For configuring different ports for each SCM use PortConfigKey ozone.scm.datanode.port appended with serviceId and nodeId
2024-07-10 07:23:26,614 [main] INFO  ha.SCMNodeInfo (SCMNodeInfo.java:getPort(197)) - ConfigKey ozone.scm.client.address is deprecated, For configuring different ports for each SCM use PortConfigKey ozone.scm.client.port appended with serviceId and nodeId
2024-07-10 07:23:26,614 [main] INFO  ha.SCMNodeInfo (SCMNodeInfo.java:getPort(197)) - ConfigKey ozone.scm.block.client.address is deprecated, For configuring different ports for each SCM use PortConfigKey ozone.scm.block.client.port appended with serviceId and nodeId
2024-07-10 07:23:26,614 [main] INFO  ha.SCMNodeInfo (SCMNodeInfo.java:getPort(197)) - ConfigKey ozone.scm.security.service.address is deprecated, For configuring different ports for each SCM use PortConfigKey ozone.scm.security.service.port appended with serviceId and nodeId
2024-07-10 07:23:26,614 [main] INFO  ha.SCMNodeInfo (SCMNodeInfo.java:getPort(197)) - ConfigKey ozone.scm.datanode.address is deprecated, For configuring different ports for each SCM use PortConfigKey ozone.scm.datanode.port appended with serviceId and nodeId
2024-07-10 07:23:26,614 [main] INFO  ha.SCMNodeInfo (SCMNodeInfo.java:getPort(197)) - ConfigKey ozone.scm.client.address is deprecated, For configuring different ports for each SCM use PortConfigKey ozone.scm.client.port appended with serviceId and nodeId
2024-07-10 07:23:26,615 [main] INFO  ha.SCMNodeInfo (SCMNodeInfo.java:getPort(197)) - ConfigKey ozone.scm.block.client.address is deprecated, For configuring different ports for each SCM use PortConfigKey ozone.scm.block.client.port appended with serviceId and nodeId
2024-07-10 07:23:26,615 [main] INFO  ha.SCMNodeInfo (SCMNodeInfo.java:getPort(197)) - ConfigKey ozone.scm.security.service.address is deprecated, For configuring different ports for each SCM use PortConfigKey ozone.scm.security.service.port appended with serviceId and nodeId
2024-07-10 07:23:26,615 [main] INFO  ha.SCMNodeInfo (SCMNodeInfo.java:getPort(197)) - ConfigKey ozone.scm.datanode.address is deprecated, For configuring different ports for each SCM use PortConfigKey ozone.scm.datanode.port appended with serviceId and nodeId
2024-07-10 07:23:26,617 [pool-1-thread-2] INFO  request.KdcRequest (KdcRequest.java:preauth(651)) - The preauth data is empty.
2024-07-10 07:23:26,617 [pool-1-thread-2] INFO  server.KdcHandler (KdcHandler.java:handleRecoverableException(177)) - KRB error occurred while processing request:Additional pre-authentication required
2024-07-10 07:23:26,621 [pool-1-thread-2] INFO  request.AsRequest (AsRequest.java:issueTicket(112)) - AS_REQ ISSUE: authtime 1720596206621,scm/fv-az1386-216.klszfsxs10seni2gsqlth152tc.dx.internal.cloudapp.net@EXAMPLE.COM for krbtgt/EXAMPLE.COM@EXAMPLE.COM
2024-07-10 07:23:26,623 [main] INFO  security.UserGroupInformation (UserGroupInformation.java:loginUserFromKeytab(1132)) - Login successful for user scm/fv-az1386-216.klszfsxs10seni2gsqlth152tc.dx.internal.cloudapp.net@EXAMPLE.COM using keytab file scm.keytab. Keytab auto renewal enabled : false
2024-07-10 07:23:26,623 [main] INFO  server.StorageContainerManager (StorageContainerManager.java:loginAsSCMUserIfSecurityEnabled(1069)) - SCM login successful.
2024-07-10 07:23:26,625 [main] INFO  ha.SCMNodeInfo (SCMNodeInfo.java:getPort(197)) - ConfigKey ozone.scm.client.address is deprecated, For configuring different ports for each SCM use PortConfigKey ozone.scm.client.port appended with serviceId and nodeId
2024-07-10 07:23:26,625 [main] INFO  ha.SCMNodeInfo (SCMNodeInfo.java:getPort(197)) - ConfigKey ozone.scm.block.client.address is deprecated, For configuring different ports for each SCM use PortConfigKey ozone.scm.block.client.port appended with serviceId and nodeId
2024-07-10 07:23:26,626 [main] INFO  ha.SCMNodeInfo (SCMNodeInfo.java:getPort(197)) - ConfigKey ozone.scm.security.service.address is deprecated, For configuring different ports for each SCM use PortConfigKey ozone.scm.security.service.port appended with serviceId and nodeId
2024-07-10 07:23:26,626 [main] INFO  ha.SCMNodeInfo (SCMNodeInfo.java:getPort(197)) - ConfigKey ozone.scm.datanode.address is deprecated, For configuring different ports for each SCM use PortConfigKey ozone.scm.datanode.port appended with serviceId and nodeId
2024-07-10 07:23:26,626 [main] INFO  ha.SCMNodeInfo (SCMNodeInfo.java:getPort(197)) - ConfigKey ozone.scm.client.address is deprecated, For configuring different ports for each SCM use PortConfigKey ozone.scm.client.port appended with serviceId and nodeId
2024-07-10 07:23:26,627 [main] INFO  ha.SCMNodeInfo (SCMNodeInfo.java:getPort(197)) - ConfigKey ozone.scm.block.client.address is deprecated, For configuring different ports for each SCM use PortConfigKey ozone.scm.block.client.port appended with serviceId and nodeId
2024-07-10 07:23:26,627 [main] INFO  ha.SCMNodeInfo (SCMNodeInfo.java:getPort(197)) - ConfigKey ozone.scm.security.service.address is deprecated, For configuring different ports for each SCM use PortConfigKey ozone.scm.security.service.port appended with serviceId and nodeId
2024-07-10 07:23:26,628 [main] INFO  ha.SCMNodeInfo (SCMNodeInfo.java:getPort(197)) - ConfigKey ozone.scm.datanode.address is deprecated, For configuring different ports for each SCM use PortConfigKey ozone.scm.datanode.port appended with serviceId and nodeId
2024-07-10 07:23:26,628 [main] INFO  ha.SCMNodeInfo (SCMNodeInfo.java:getPort(197)) - ConfigKey ozone.scm.client.address is deprecated, For configuring different ports for each SCM use PortConfigKey ozone.scm.client.port appended with serviceId and nodeId
2024-07-10 07:23:26,628 [main] INFO  ha.SCMNodeInfo (SCMNodeInfo.java:getPort(197)) - ConfigKey ozone.scm.block.client.address is deprecated, For configuring different ports for each SCM use PortConfigKey ozone.scm.block.client.port appended with serviceId and nodeId
2024-07-10 07:23:26,629 [main] INFO  ha.SCMNodeInfo (SCMNodeInfo.java:getPort(197)) - ConfigKey ozone.scm.security.service.address is deprecated, For configuring different ports for each SCM use PortConfigKey ozone.scm.security.service.port appended with serviceId and nodeId
2024-07-10 07:23:26,629 [main] INFO  ha.SCMNodeInfo (SCMNodeInfo.java:getPort(197)) - ConfigKey ozone.scm.datanode.address is deprecated, For configuring different ports for each SCM use PortConfigKey ozone.scm.datanode.port appended with serviceId and nodeId
2024-07-10 07:23:26,630 [main] INFO  ha.SCMNodeInfo (SCMNodeInfo.java:getPort(197)) - ConfigKey ozone.scm.client.address is deprecated, For configuring different ports for each SCM use PortConfigKey ozone.scm.client.port appended with serviceId and nodeId
2024-07-10 07:23:26,630 [main] INFO  ha.SCMNodeInfo (SCMNodeInfo.java:getPort(197)) - ConfigKey ozone.scm.block.client.address is deprecated, For configuring different ports for each SCM use PortConfigKey ozone.scm.block.client.port appended with serviceId and nodeId
2024-07-10 07:23:26,630 [main] INFO  ha.SCMNodeInfo (SCMNodeInfo.java:getPort(197)) - ConfigKey ozone.scm.security.service.address is deprecated, For configuring different ports for each SCM use PortConfigKey ozone.scm.security.service.port appended with serviceId and nodeId
2024-07-10 07:23:26,631 [main] INFO  ha.SCMNodeInfo (SCMNodeInfo.java:getPort(197)) - ConfigKey ozone.scm.datanode.address is deprecated, For configuring different ports for each SCM use PortConfigKey ozone.scm.datanode.port appended with serviceId and nodeId
2024-07-10 07:23:26,631 [main] INFO  ha.SCMNodeInfo (SCMNodeInfo.java:getPort(197)) - ConfigKey ozone.scm.client.address is deprecated, For configuring different ports for each SCM use PortConfigKey ozone.scm.client.port appended with serviceId and nodeId
2024-07-10 07:23:26,631 [main] INFO  ha.SCMNodeInfo (SCMNodeInfo.java:getPort(197)) - ConfigKey ozone.scm.block.client.address is deprecated, For configuring different ports for each SCM use PortConfigKey ozone.scm.block.client.port appended with serviceId and nodeId
2024-07-10 07:23:26,632 [main] INFO  ha.SCMNodeInfo (SCMNodeInfo.java:getPort(197)) - ConfigKey ozone.scm.security.service.address is deprecated, For configuring different ports for each SCM use PortConfigKey ozone.scm.security.service.port appended with serviceId and nodeId
2024-07-10 07:23:26,632 [main] INFO  ha.SCMNodeInfo (SCMNodeInfo.java:getPort(197)) - ConfigKey ozone.scm.datanode.address is deprecated, For configuring different ports for each SCM use PortConfigKey ozone.scm.datanode.port appended with serviceId and nodeId
2024-07-10 07:23:26,633 [main] INFO  ha.SCMNodeInfo (SCMNodeInfo.java:getPort(197)) - ConfigKey ozone.scm.client.address is deprecated, For configuring different ports for each SCM use PortConfigKey ozone.scm.client.port appended with serviceId and nodeId
2024-07-10 07:23:26,633 [main] INFO  ha.SCMNodeInfo (SCMNodeInfo.java:getPort(197)) - ConfigKey ozone.scm.block.client.address is deprecated, For configuring different ports for each SCM use PortConfigKey ozone.scm.block.client.port appended with serviceId and nodeId
2024-07-10 07:23:26,633 [main] INFO  ha.SCMNodeInfo (SCMNodeInfo.java:getPort(197)) - ConfigKey ozone.scm.security.service.address is deprecated, For configuring different ports for each SCM use PortConfigKey ozone.scm.security.service.port appended with serviceId and nodeId
2024-07-10 07:23:26,634 [main] INFO  ha.SCMNodeInfo (SCMNodeInfo.java:getPort(197)) - ConfigKey ozone.scm.datanode.address is deprecated, For configuring different ports for each SCM use PortConfigKey ozone.scm.datanode.port appended with serviceId and nodeId
2024-07-10 07:23:26,634 [main] INFO  client.SCMCertificateClient (DefaultCertificateClient.java:updateCertSerialId(1313)) - Certificate serial ID set to 4
2024-07-10 07:23:26,636 [main] INFO  client.SCMCertificateClient (DefaultCertificateClient.java:readCertificateFile(248)) - Added certificate 4 from file: /home/runner/work/ozone/ozone/hadoop-ozone/integration-test/target/test-dir/MiniOzoneClusterImpl-e3afc6b0-d37c-4e66-a691-c5585a39a1b5/scmNode-3/scm/sub-ca/certs/certificate.crt.
2024-07-10 07:23:26,637 [main] INFO  client.SCMCertificateClient (DefaultCertificateClient.java:readCertificateFile(248)) - Added certificate 4 from file: /home/runner/work/ozone/ozone/hadoop-ozone/integration-test/target/test-dir/MiniOzoneClusterImpl-e3afc6b0-d37c-4e66-a691-c5585a39a1b5/scmNode-3/scm/sub-ca/certs/4.crt.
2024-07-10 07:23:26,638 [main] INFO  client.SCMCertificateClient (DefaultCertificateClient.java:readCertificateFile(248)) - Added certificate 1 from file: /home/runner/work/ozone/ozone/hadoop-ozone/integration-test/target/test-dir/MiniOzoneClusterImpl-e3afc6b0-d37c-4e66-a691-c5585a39a1b5/scmNode-3/scm/sub-ca/certs/CA-1.crt.
2024-07-10 07:23:26,639 [main] INFO  client.SCMCertificateClient (DefaultCertificateClient.java:loadAllCertificates(197)) - CertificateRenewerService and root ca rotation polling is disabled for scm/sub-ca
2024-07-10 07:23:26,639 [main] WARN  utils.HAUtils (HAUtils.java:getMetaDir(339)) - ozone.scm.db.dirs is not configured. We recommend adding this setting. Falling back to ozone.metadata.dirs instead.
2024-07-10 07:23:26,640 [main] WARN  db.DBStoreBuilder (DBStoreBuilder.java:applyDBDefinition(171)) - ozone.scm.db.dirs is not configured. We recommend adding this setting. Falling back to ozone.metadata.dirs instead.
2024-07-10 07:23:26,724 [main] INFO  net.NodeSchemaLoader (NodeSchemaLoader.java:loadSchemaFromFile(129)) - Loading schema from [jar:file:/home/runner/work/ozone/ozone/hadoop-hdds/common/target/hdds-common-1.5.0-SNAPSHOT.jar!/network-topology-default.xml]
2024-07-10 07:23:26,724 [main] INFO  net.NodeSchemaLoader (NodeSchemaLoader.java:loadSchema(176)) - Loading network topology layer schema file
2024-07-10 07:23:26,727 [main] WARN  dropwizard3.Dm3MetricRegistriesImpl (Dm3MetricRegistriesImpl.java:addReporterRegistration(114)) - New reporters are added after registries were created. Some metrics will be missing from the reporter. Please add reporter before adding any new registry.
2024-07-10 07:23:26,727 [main] WARN  dropwizard3.Dm3MetricRegistriesImpl (Dm3MetricRegistriesImpl.java:addReporterRegistration(114)) - New reporters are added after registries were created. Some metrics will be missing from the reporter. Please add reporter before adding any new registry.
2024-07-10 07:23:26,742 [main] INFO  ha.SCMRatisServerImpl (SCMRatisServerImpl.java:<init>(99)) - starting Raft server for scm:f259835d-d8e4-4f48-95e4-1e4b6d3ef0d5
2024-07-10 07:23:26,743 [main] INFO  server.RaftServer (ConfUtils.java:logGet(46)) - raft.rpc.type = GRPC (default)
2024-07-10 07:23:26,744 [main] INFO  grpc.GrpcConfigKeys (ConfUtils.java:logFallback(53)) - raft.grpc.admin.host = null (fallback to raft.grpc.server.host)
2024-07-10 07:23:26,744 [main] INFO  grpc.GrpcConfigKeys (ConfUtils.java:logFallback(53)) - raft.grpc.admin.port = 15019 (fallback to raft.grpc.server.port)
2024-07-10 07:23:26,744 [main] INFO  grpc.GrpcConfigKeys (ConfUtils.java:logFallback(53)) - raft.grpc.client.host = null (fallback to raft.grpc.server.host)
2024-07-10 07:23:26,744 [main] INFO  grpc.GrpcConfigKeys (ConfUtils.java:logFallback(53)) - raft.grpc.client.port = 15019 (fallback to raft.grpc.server.port)
2024-07-10 07:23:26,744 [main] INFO  grpc.GrpcConfigKeys (ConfUtils.java:logGet(46)) - raft.grpc.server.host = null (default)
2024-07-10 07:23:26,744 [main] INFO  grpc.GrpcConfigKeys (ConfUtils.java:logGet(46)) - raft.grpc.server.port = 15019 (custom)
2024-07-10 07:23:26,744 [main] INFO  server.GrpcService (ConfUtils.java:logGet(46)) - raft.grpc.message.size.max = 32m (=33554432) (custom)
2024-07-10 07:23:26,745 [main] INFO  server.RaftServerConfigKeys (ConfUtils.java:logGet(46)) - raft.server.log.appender.buffer.byte-limit = 4194304 (custom)
2024-07-10 07:23:26,745 [main] INFO  server.GrpcService (ConfUtils.java:logGet(46)) - raft.grpc.flow.control.window = 1MB (=1048576) (default)
2024-07-10 07:23:26,745 [main] INFO  server.RaftServerConfigKeys (ConfUtils.java:logGet(46)) - raft.server.rpc.request.timeout = 30000ms (custom)
2024-07-10 07:23:26,745 [main] INFO  grpc.GrpcConfigKeys (ConfUtils.java:logGet(46)) - raft.grpc.server.heartbeat.channel = true (default)
2024-07-10 07:23:26,745 [main] INFO  grpc.GrpcConfigKeys (ConfUtils.java:logGet(46)) - raft.grpc.server.async.request.thread.pool.cached = true (default)
2024-07-10 07:23:26,745 [main] INFO  grpc.GrpcConfigKeys (ConfUtils.java:logGet(46)) - raft.grpc.server.async.request.thread.pool.size = 32 (default)
2024-07-10 07:23:26,746 [main] INFO  impl.DataStreamServerImpl (ConfUtils.java:logGet(46)) - raft.datastream.type = DISABLED (default)
2024-07-10 07:23:26,746 [main] INFO  server.RaftServerConfigKeys (ConfUtils.java:logGet(46)) - raft.server.sleep.deviation.threshold = 300ms (default)
2024-07-10 07:23:26,746 [main] INFO  server.RaftServerConfigKeys (ConfUtils.java:logGet(46)) - raft.server.close.threshold = 60s (default)
2024-07-10 07:23:26,747 [main] INFO  server.RaftServerConfigKeys (ConfUtils.java:logGet(46)) - raft.server.leaderelection.leader.step-down.wait-time = 10s (default)
2024-07-10 07:23:26,747 [main] INFO  server.RaftServerConfigKeys (ConfUtils.java:logGet(46)) - raft.server.storage.dir = [/home/runner/work/ozone/ozone/hadoop-ozone/integration-test/target/test-dir/MiniOzoneClusterImpl-e3afc6b0-d37c-4e66-a691-c5585a39a1b5/scmNode-3/scm-ha] (custom)
2024-07-10 07:23:26,747 [main] INFO  server.RaftServerConfigKeys (ConfUtils.java:logGet(46)) - raft.server.threadpool.proxy.cached = true (default)
2024-07-10 07:23:26,747 [main] INFO  server.RaftServerConfigKeys (ConfUtils.java:logGet(46)) - raft.server.threadpool.proxy.size = 0 (default)
2024-07-10 07:23:26,748 [main] INFO  server.RaftServer (RaftServerProxy.java:addNew(101)) - f259835d-d8e4-4f48-95e4-1e4b6d3ef0d5: addNew group-C5585A39A1B5:[] returns group-C5585A39A1B5:java.util.concurrent.CompletableFuture@20b56542[Not completed]
2024-07-10 07:23:26,748 [f259835d-d8e4-4f48-95e4-1e4b6d3ef0d5-groupManagement] INFO  server.RaftServer$Division (RaftServerImpl.java:<init>(253)) - f259835d-d8e4-4f48-95e4-1e4b6d3ef0d5: new RaftServerImpl for group-C5585A39A1B5:[] with SCMStateMachine:uninitialized
2024-07-10 07:23:26,748 [f259835d-d8e4-4f48-95e4-1e4b6d3ef0d5-groupManagement] INFO  server.RaftServerConfigKeys (ConfUtils.java:logGet(46)) - raft.server.rpc.timeout.min = 5000ms (custom)
2024-07-10 07:23:26,748 [f259835d-d8e4-4f48-95e4-1e4b6d3ef0d5-groupManagement] INFO  server.RaftServerConfigKeys (ConfUtils.java:logGet(46)) - raft.server.rpc.timeout.max = 5200ms (custom)
2024-07-10 07:23:26,748 [f259835d-d8e4-4f48-95e4-1e4b6d3ef0d5-groupManagement] INFO  server.RaftServerConfigKeys (ConfUtils.java:logGet(46)) - raft.server.rpc.sleep.time = 25ms (default)
2024-07-10 07:23:26,748 [f259835d-d8e4-4f48-95e4-1e4b6d3ef0d5-groupManagement] INFO  server.RaftServerConfigKeys (ConfUtils.java:logGet(46)) - raft.server.rpc.slowness.timeout = 120000ms (custom)
2024-07-10 07:23:26,748 [f259835d-d8e4-4f48-95e4-1e4b6d3ef0d5-groupManagement] INFO  server.RaftServerConfigKeys (ConfUtils.java:logGet(46)) - raft.server.leaderelection.leader.step-down.wait-time = 10s (default)
2024-07-10 07:23:26,749 [f259835d-d8e4-4f48-95e4-1e4b6d3ef0d5-groupManagement] INFO  server.RaftServerConfigKeys (ConfUtils.java:logGet(46)) - raft.server.leaderelection.member.majority-add = false (default)
2024-07-10 07:23:26,749 [f259835d-d8e4-4f48-95e4-1e4b6d3ef0d5-groupManagement] INFO  server.RaftServerConfigKeys (ConfUtils.java:logGet(46)) - raft.server.sleep.deviation.threshold = 300ms (default)
2024-07-10 07:23:26,749 [f259835d-d8e4-4f48-95e4-1e4b6d3ef0d5-groupManagement] INFO  server.RaftServer$Division (ServerState.java:<init>(114)) - f259835d-d8e4-4f48-95e4-1e4b6d3ef0d5@group-C5585A39A1B5: ConfigurationManager, init=conf: {index: -1, cur=peers:[]|listeners:[], old=null}, confs=<EMPTY_MAP>
2024-07-10 07:23:26,749 [f259835d-d8e4-4f48-95e4-1e4b6d3ef0d5-groupManagement] INFO  server.RaftServerConfigKeys (ConfUtils.java:logGet(46)) - raft.server.notification.no-leader.timeout = 60s (default)
2024-07-10 07:23:26,749 [f259835d-d8e4-4f48-95e4-1e4b6d3ef0d5-groupManagement] INFO  server.RaftServerConfigKeys (ConfUtils.java:logGet(46)) - raft.server.read.timeout = 10s (default)
2024-07-10 07:23:26,749 [f259835d-d8e4-4f48-95e4-1e4b6d3ef0d5-groupManagement] INFO  server.RaftServerConfigKeys (ConfUtils.java:logGet(46)) - raft.server.retrycache.expirytime = 60000ms (default)
2024-07-10 07:23:26,749 [f259835d-d8e4-4f48-95e4-1e4b6d3ef0d5-groupManagement] INFO  server.RaftServerConfigKeys (ConfUtils.java:logGet(46)) - raft.server.retrycache.statistics.expirytime = 100ms (default)
2024-07-10 07:23:26,749 [f259835d-d8e4-4f48-95e4-1e4b6d3ef0d5-groupManagement] INFO  server.RaftServerConfigKeys (ConfUtils.java:logGet(46)) - raft.server.read.option = DEFAULT (default)
2024-07-10 07:23:26,749 [f259835d-d8e4-4f48-95e4-1e4b6d3ef0d5-groupManagement] INFO  server.RaftServerConfigKeys (ConfUtils.java:logGet(46)) - raft.server.read.read-after-write-consistent.write-index-cache.expiry-time = 60s (default)
2024-07-10 07:23:26,754 [f259835d-d8e4-4f48-95e4-1e4b6d3ef0d5-groupManagement] INFO  server.RaftServerConfigKeys (ConfUtils.java:logGet(46)) - raft.server.rpc.request.timeout = 30000ms (custom)
2024-07-10 07:23:26,754 [f259835d-d8e4-4f48-95e4-1e4b6d3ef0d5-groupManagement] INFO  server.RaftServerConfigKeys (ConfUtils.java:logGet(46)) - raft.server.log.appender.install.snapshot.enabled = false (custom)
2024-07-10 07:23:26,755 [f259835d-d8e4-4f48-95e4-1e4b6d3ef0d5-groupManagement] INFO  server.RaftServerConfigKeys (ConfUtils.java:logGet(46)) - raft.server.threadpool.server.cached = true (default)
2024-07-10 07:23:26,755 [f259835d-d8e4-4f48-95e4-1e4b6d3ef0d5-groupManagement] INFO  server.RaftServerConfigKeys (ConfUtils.java:logGet(46)) - raft.server.threadpool.server.size = 0 (default)
2024-07-10 07:23:26,755 [f259835d-d8e4-4f48-95e4-1e4b6d3ef0d5-groupManagement] INFO  server.RaftServerConfigKeys (ConfUtils.java:logGet(46)) - raft.server.threadpool.client.cached = true (default)
2024-07-10 07:23:26,755 [f259835d-d8e4-4f48-95e4-1e4b6d3ef0d5-groupManagement] INFO  server.RaftServerConfigKeys (ConfUtils.java:logGet(46)) - raft.server.threadpool.client.size = 0 (default)
2024-07-10 07:23:26,755 [main] INFO  ha.SCMSnapshotProvider (SCMSnapshotProvider.java:<init>(66)) - Initializing SCM Snapshot Provider
2024-07-10 07:23:26,755 [main] WARN  server.ServerUtils (ServerUtils.java:getDefaultRatisDirectory(311)) - Storage directory for Ratis is not configured. It is a good idea to map this to an SSD disk. Falling back to ozone.metadata.dirs
2024-07-10 07:23:26,755 [main] WARN  ha.SCMHAUtils (SCMHAUtils.java:getSCMRatisSnapshotDirectory(158)) - SCM snapshot dir is not configured. Falling back to ozone.metadata.dirs config
2024-07-10 07:23:26,756 [main] INFO  upgrade.AbstractLayoutVersionManager (AbstractLayoutVersionManager.java:init(83)) - Initializing Layout version manager with metadata layout = HADOOP_PRC_PORTS_IN_DATANODEDETAILS (version = 7), software layout = HADOOP_PRC_PORTS_IN_DATANODEDETAILS (version = 7)
2024-07-10 07:23:26,758 [main] INFO  ha.SequenceIdGenerator (SequenceIdGenerator.java:upgradeToSequenceId(369)) - upgrade localId to 113750153625600000
2024-07-10 07:23:26,759 [main] INFO  ha.SequenceIdGenerator (SequenceIdGenerator.java:upgradeToSequenceId(379)) - upgrade delTxnId to 0
2024-07-10 07:23:26,760 [main] INFO  ha.SequenceIdGenerator (SequenceIdGenerator.java:upgradeToSequenceId(396)) - upgrade containerId to 0
2024-07-10 07:23:26,761 [main] INFO  ha.SequenceIdGenerator (SequenceIdGenerator.java:upgradeToCertificateSequenceId(433)) - upgrade CertificateId to 2
2024-07-10 07:23:26,762 [main] INFO  ha.SequenceIdGenerator (SequenceIdGenerator.java:<init>(240)) - Init the HA SequenceIdGenerator.
2024-07-10 07:23:26,762 [main] WARN  server.ServerUtils (ServerUtils.java:sanitizeUserArgs(79)) - ozone.scm.stale.node.interval value = 300000 is larger than max = 100000 based on the key value of ozone.scm.heartbeat.thread.interval, reset to the max value 100000.
2024-07-10 07:23:26,762 [main] WARN  server.ServerUtils (ServerUtils.java:sanitizeUserArgs(79)) - ozone.scm.stale.node.interval value = 300000 is larger than max = 100000 based on the key value of ozone.scm.heartbeat.thread.interval, reset to the max value 100000.
2024-07-10 07:23:26,762 [main] INFO  node.SCMNodeManager (SCMNodeManager.java:<init>(177)) - Entering startup safe mode.
2024-07-10 07:23:26,763 [main] INFO  algorithms.ContainerPlacementPolicyFactory (ContainerPlacementPolicyFactory.java:getPolicyInternal(86)) - Create container placement policy of type org.apache.hadoop.hdds.scm.container.placement.algorithms.SCMContainerPlacementRackAware
2024-07-10 07:23:26,764 [main] INFO  algorithms.ContainerPlacementPolicyFactory (ContainerPlacementPolicyFactory.java:getPolicyInternal(86)) - Create container placement policy of type org.apache.hadoop.hdds.scm.container.placement.algorithms.SCMContainerPlacementRackScatter
2024-07-10 07:23:26,764 [main] INFO  pipeline.PipelineStateManagerImpl (PipelineStateManagerImpl.java:initialize(78)) - No pipeline exists in current db
2024-07-10 07:23:26,764 [main] INFO  algorithms.LeaderChoosePolicyFactory (LeaderChoosePolicyFactory.java:getPolicy(57)) - Create leader choose policy of type org.apache.hadoop.hdds.scm.pipeline.leader.choose.algorithms.MinLeaderCountChoosePolicy
2024-07-10 07:23:26,765 [main] INFO  algorithms.ContainerPlacementPolicyFactory (ContainerPlacementPolicyFactory.java:getPolicyInternal(86)) - Create container placement policy of type org.apache.hadoop.hdds.scm.container.placement.algorithms.SCMContainerPlacementRackScatter
2024-07-10 07:23:26,765 [main] INFO  ha.SCMServiceManager (SCMServiceManager.java:register(42)) - Registering service BackgroundPipelineCreator.
2024-07-10 07:23:26,765 [main] INFO  pipeline.BackgroundPipelineCreator (BackgroundPipelineCreator.java:start(127)) - Starting scmNode-3-RatisPipelineUtilsThread.
2024-07-10 07:23:26,766 [main] INFO  BackgroundPipelineScrubber (BackgroundSCMService.java:start(65)) - Starting BackgroundPipelineScrubber Service.
2024-07-10 07:23:26,766 [main] INFO  ha.SCMServiceManager (SCMServiceManager.java:register(42)) - Registering service BackgroundPipelineScrubber.
2024-07-10 07:23:26,767 [main] INFO  ExpiredContainerReplicaOpScrubber (BackgroundSCMService.java:start(65)) - Starting ExpiredContainerReplicaOpScrubber Service.
2024-07-10 07:23:26,770 [main] INFO  ha.SCMServiceManager (SCMServiceManager.java:register(42)) - Registering service ExpiredContainerReplicaOpScrubber.
2024-07-10 07:23:26,771 [main] INFO  algorithms.PipelineChoosePolicyFactory (PipelineChoosePolicyFactory.java:createPipelineChoosePolicyFromClass(80)) - Create pipeline choose policy of type org.apache.hadoop.hdds.scm.pipeline.choose.algorithms.RandomPipelineChoosePolicy
2024-07-10 07:23:26,771 [main] INFO  algorithms.PipelineChoosePolicyFactory (PipelineChoosePolicyFactory.java:createPipelineChoosePolicyFromClass(80)) - Create pipeline choose policy of type org.apache.hadoop.hdds.scm.pipeline.choose.algorithms.RandomPipelineChoosePolicy
2024-07-10 07:23:26,772 [main] INFO  ha.SCMServiceManager (SCMServiceManager.java:register(42)) - Registering service SCMBlockDeletingService.
2024-07-10 07:23:26,773 [main] INFO  replication.ReplicationManager (ReplicationManager.java:start(296)) - Starting Replication Monitor Thread.
2024-07-10 07:23:26,776 [main] INFO  ha.SCMServiceManager (SCMServiceManager.java:register(42)) - Registering service ReplicationManager.
2024-07-10 07:23:26,777 [main] INFO  safemode.ContainerSafeModeRule (ContainerSafeModeRule.java:<init>(91)) - containers with one replica threshold count 0
2024-07-10 07:23:26,778 [main] INFO  safemode.HealthyPipelineSafeModeRule (HealthyPipelineSafeModeRule.java:initializeRule(176)) - Total pipeline count is 0, healthy pipeline threshold count is 1
2024-07-10 07:23:26,778 [main] INFO  safemode.OneReplicaPipelineSafeModeRule (OneReplicaPipelineSafeModeRule.java:initializeRule(193)) - Total pipeline count is 0, pipeline's with at least one datanode reported threshold count is 0
2024-07-10 07:23:26,782 [main] INFO  security.SecretKeyManagerService (SecretKeyManagerService.java:start(144)) - Scheduling rotation checker with interval PT0.1S
2024-07-10 07:23:26,785 [main] INFO  ha.SCMServiceManager (SCMServiceManager.java:register(42)) - Registering service SecretKeyManagerService.
2024-07-10 07:23:26,785 [main] INFO  authority.DefaultCAServer (DefaultCAServer.java:lambda$processVerificationStatus$0(397)) - CertificateServer validation is successful
2024-07-10 07:23:26,785 [main] INFO  ipc.CallQueueManager (CallQueueManager.java:<init>(90)) - Using callQueue: class java.util.concurrent.LinkedBlockingQueue, queueCapacity: 200, scheduler: class org.apache.hadoop.ipc.DefaultRpcScheduler, ipcBackoff: false.
2024-07-10 07:23:26,786 [main] INFO  ipc.Server (Server.java:<init>(1287)) - Listener at 0.0.0.0:15018
2024-07-10 07:23:26,786 [Socket Reader #1 for port 15018] INFO  ipc.Server (Server.java:run(1323)) - Starting Socket Reader #1 for port 15018
2024-07-10 07:23:26,792 [main] INFO  server.StorageContainerManager (StorageContainerManager.java:<init>(440)) - SCM start with adminUsers: [runner, scm]
2024-07-10 07:23:26,792 [main] INFO  ipc.CallQueueManager (CallQueueManager.java:<init>(90)) - Using callQueue: class java.util.concurrent.LinkedBlockingQueue, queueCapacity: 10000, scheduler: class org.apache.hadoop.ipc.DefaultRpcScheduler, ipcBackoff: false.
2024-07-10 07:23:26,792 [main] INFO  ipc.Server (Server.java:<init>(1287)) - Listener at 0.0.0.0:15020
2024-07-10 07:23:26,792 [Socket Reader #1 for port 15020] INFO  ipc.Server (Server.java:run(1323)) - Starting Socket Reader #1 for port 15020
2024-07-10 07:23:26,795 [main] INFO  ipc.CallQueueManager (CallQueueManager.java:<init>(90)) - Using callQueue: class java.util.concurrent.LinkedBlockingQueue, queueCapacity: 10000, scheduler: class org.apache.hadoop.ipc.DefaultRpcScheduler, ipcBackoff: false.
2024-07-10 07:23:26,795 [main] INFO  ipc.Server (Server.java:<init>(1287)) - Listener at 0.0.0.0:15023
2024-07-10 07:23:26,797 [Socket Reader #1 for port 15023] INFO  ipc.Server (Server.java:run(1323)) - Starting Socket Reader #1 for port 15023
2024-07-10 07:23:26,802 [main] INFO  ipc.CallQueueManager (CallQueueManager.java:<init>(90)) - Using callQueue: class java.util.concurrent.LinkedBlockingQueue, queueCapacity: 10000, scheduler: class org.apache.hadoop.ipc.DefaultRpcScheduler, ipcBackoff: false.
2024-07-10 07:23:26,803 [main] INFO  ipc.Server (Server.java:<init>(1287)) - Listener at 0.0.0.0:15021
2024-07-10 07:23:26,806 [Socket Reader #1 for port 15021] INFO  ipc.Server (Server.java:run(1323)) - Starting Socket Reader #1 for port 15021
2024-07-10 07:23:26,819 [main] INFO  ha.SCMServiceManager (SCMServiceManager.java:register(42)) - Registering service ContainerBalancer.
2024-07-10 07:23:26,819 [main] INFO  ha.SCMContext (SCMContext.java:updateSafeModeStatus(225)) - Update SafeModeStatus from SafeModeStatus{safeModeStatus=true, preCheckPassed=false} to SafeModeStatus{safeModeStatus=true, preCheckPassed=false}.
2024-07-10 07:23:26,820 [main] INFO  server.StorageContainerManager (StorageContainerManager.java:start(1538)) - StorageContainerLocationProtocol RPC server is listening at /0.0.0.0:15021
2024-07-10 07:23:26,820 [main] INFO  ha.SCMRatisServerImpl (SCMRatisServerImpl.java:start(192)) - starting ratis server 0.0.0.0:15019
2024-07-10 07:23:26,821 [f259835d-d8e4-4f48-95e4-1e4b6d3ef0d5-impl-thread1] INFO  server.RaftServerConfigKeys (ConfUtils.java:logGet(46)) - raft.server.storage.free-space.min = 0MB (=0) (default)
2024-07-10 07:23:26,821 [f259835d-d8e4-4f48-95e4-1e4b6d3ef0d5-impl-thread1] INFO  server.RaftServerConfigKeys (ConfUtils.java:logGet(46)) - raft.server.log.corruption.policy = EXCEPTION (default)
2024-07-10 07:23:26,821 [f259835d-d8e4-4f48-95e4-1e4b6d3ef0d5-impl-thread1] INFO  server.RaftServerConfigKeys (ConfUtils.java:logGet(46)) - raft.server.storage.dir = [/home/runner/work/ozone/ozone/hadoop-ozone/integration-test/target/test-dir/MiniOzoneClusterImpl-e3afc6b0-d37c-4e66-a691-c5585a39a1b5/scmNode-3/scm-ha] (custom)
2024-07-10 07:23:26,821 [f259835d-d8e4-4f48-95e4-1e4b6d3ef0d5-impl-thread1] INFO  storage.RaftStorageDirectory (RaftStorageDirectoryImpl.java:analyzeStorage(138)) - The storage directory /home/runner/work/ozone/ozone/hadoop-ozone/integration-test/target/test-dir/MiniOzoneClusterImpl-e3afc6b0-d37c-4e66-a691-c5585a39a1b5/scmNode-3/scm-ha/e3afc6b0-d37c-4e66-a691-c5585a39a1b5 does not exist. Creating ...
2024-07-10 07:23:26,824 [f259835d-d8e4-4f48-95e4-1e4b6d3ef0d5-impl-thread1] INFO  storage.RaftStorageDirectory (RaftStorageDirectoryImpl.java:tryLock(229)) - Lock on /home/runner/work/ozone/ozone/hadoop-ozone/integration-test/target/test-dir/MiniOzoneClusterImpl-e3afc6b0-d37c-4e66-a691-c5585a39a1b5/scmNode-3/scm-ha/e3afc6b0-d37c-4e66-a691-c5585a39a1b5/in_use.lock acquired by nodename 98666@fv-az1386-216
2024-07-10 07:23:26,825 [f259835d-d8e4-4f48-95e4-1e4b6d3ef0d5-impl-thread1] INFO  storage.RaftStorage (RaftStorageImpl.java:format(98)) - Storage directory /home/runner/work/ozone/ozone/hadoop-ozone/integration-test/target/test-dir/MiniOzoneClusterImpl-e3afc6b0-d37c-4e66-a691-c5585a39a1b5/scmNode-3/scm-ha/e3afc6b0-d37c-4e66-a691-c5585a39a1b5 has been successfully formatted.
2024-07-10 07:23:26,826 [f259835d-d8e4-4f48-95e4-1e4b6d3ef0d5-impl-thread1] INFO  server.RaftServerConfigKeys (ConfUtils.java:logGet(46)) - raft.server.log.use.memory = false (default)
2024-07-10 07:23:26,826 [f259835d-d8e4-4f48-95e4-1e4b6d3ef0d5-impl-thread1] INFO  server.RaftServerConfigKeys (ConfUtils.java:logGet(46)) - raft.server.log.purge.gap = 1000000 (custom)
2024-07-10 07:23:26,826 [f259835d-d8e4-4f48-95e4-1e4b6d3ef0d5-impl-thread1] INFO  server.RaftServerConfigKeys (ConfUtils.java:logGet(46)) - raft.server.log.appender.buffer.byte-limit = 4194304 (custom)
2024-07-10 07:23:26,826 [f259835d-d8e4-4f48-95e4-1e4b6d3ef0d5-impl-thread1] INFO  server.RaftServerConfigKeys (ConfUtils.java:logGet(46)) - raft.server.log.statemachine.data.read.timeout = 1000ms (default)
2024-07-10 07:23:26,826 [f259835d-d8e4-4f48-95e4-1e4b6d3ef0d5-impl-thread1] INFO  server.RaftServerConfigKeys (ConfUtils.java:logGet(46)) - raft.server.log.purge.preservation.log.num = 0 (default)
2024-07-10 07:23:26,828 [f259835d-d8e4-4f48-95e4-1e4b6d3ef0d5-impl-thread1] INFO  server.RaftServerConfigKeys (ConfUtils.java:logGet(46)) - raft.server.log.segment.size.max = 4194304 (custom)
2024-07-10 07:23:26,828 [f259835d-d8e4-4f48-95e4-1e4b6d3ef0d5-impl-thread1] INFO  server.RaftServerConfigKeys (ConfUtils.java:logGet(46)) - raft.server.log.segment.cache.num.max = 2 (custom)
2024-07-10 07:23:26,828 [f259835d-d8e4-4f48-95e4-1e4b6d3ef0d5-impl-thread1] INFO  server.RaftServerConfigKeys (ConfUtils.java:logGet(46)) - raft.server.log.segment.cache.size.max = 200MB (=209715200) (default)
2024-07-10 07:23:26,828 [f259835d-d8e4-4f48-95e4-1e4b6d3ef0d5-impl-thread1] INFO  server.RaftServerConfigKeys (ConfUtils.java:logGet(46)) - raft.server.log.appender.buffer.byte-limit = 4194304 (custom)
2024-07-10 07:23:26,830 [f259835d-d8e4-4f48-95e4-1e4b6d3ef0d5-impl-thread1] INFO  util.AwaitToRun (AwaitToRun.java:start(81)) - Thread[f259835d-d8e4-4f48-95e4-1e4b6d3ef0d5@group-C5585A39A1B5-cacheEviction-AwaitToRun,5,main] started
2024-07-10 07:23:26,830 [f259835d-d8e4-4f48-95e4-1e4b6d3ef0d5-impl-thread1] INFO  segmented.SegmentedRaftLogWorker (SegmentedRaftLogWorker.java:<init>(184)) - new f259835d-d8e4-4f48-95e4-1e4b6d3ef0d5@group-C5585A39A1B5-SegmentedRaftLogWorker for RaftStorageImpl:Storage Directory /home/runner/work/ozone/ozone/hadoop-ozone/integration-test/target/test-dir/MiniOzoneClusterImpl-e3afc6b0-d37c-4e66-a691-c5585a39a1b5/scmNode-3/scm-ha/e3afc6b0-d37c-4e66-a691-c5585a39a1b5
2024-07-10 07:23:26,830 [f259835d-d8e4-4f48-95e4-1e4b6d3ef0d5-impl-thread1] INFO  server.RaftServerConfigKeys (ConfUtils.java:logGet(46)) - raft.server.log.queue.byte-limit = 64MB (=67108864) (default)
2024-07-10 07:23:26,830 [f259835d-d8e4-4f48-95e4-1e4b6d3ef0d5-impl-thread1] INFO  server.RaftServerConfigKeys (ConfUtils.java:logGet(46)) - raft.server.log.queue.element-limit = 4096 (default)
2024-07-10 07:23:26,830 [f259835d-d8e4-4f48-95e4-1e4b6d3ef0d5-impl-thread1] INFO  server.RaftServerConfigKeys (ConfUtils.java:logGet(46)) - raft.server.log.segment.size.max = 4194304 (custom)
2024-07-10 07:23:26,830 [f259835d-d8e4-4f48-95e4-1e4b6d3ef0d5-impl-thread1] INFO  server.RaftServerConfigKeys (ConfUtils.java:logGet(46)) - raft.server.log.preallocated.size = 4194304 (custom)
2024-07-10 07:23:26,831 [f259835d-d8e4-4f48-95e4-1e4b6d3ef0d5-impl-thread1] INFO  server.RaftServerConfigKeys (ConfUtils.java:logGet(46)) - raft.server.log.force.sync.num = 128 (default)
2024-07-10 07:23:26,831 [f259835d-d8e4-4f48-95e4-1e4b6d3ef0d5-impl-thread1] INFO  server.RaftServerConfigKeys (ConfUtils.java:logGet(46)) - raft.server.log.statemachine.data.sync = true (default)
2024-07-10 07:23:26,831 [f259835d-d8e4-4f48-95e4-1e4b6d3ef0d5-impl-thread1] INFO  server.RaftServerConfigKeys (ConfUtils.java:logGet(46)) - raft.server.log.statemachine.data.sync.timeout = 10s (default)
2024-07-10 07:23:26,831 [f259835d-d8e4-4f48-95e4-1e4b6d3ef0d5-impl-thread1] INFO  server.RaftServerConfigKeys (ConfUtils.java:logGet(46)) - raft.server.log.statemachine.data.sync.timeout.retry = -1 (default)
2024-07-10 07:23:26,831 [f259835d-d8e4-4f48-95e4-1e4b6d3ef0d5-impl-thread1] INFO  server.RaftServerConfigKeys (ConfUtils.java:logGet(46)) - raft.server.log.write.buffer.size = 4194312 (custom)
2024-07-10 07:23:26,831 [f259835d-d8e4-4f48-95e4-1e4b6d3ef0d5-impl-thread1] INFO  server.RaftServerConfigKeys (ConfUtils.java:logGet(46)) - raft.server.log.appender.buffer.byte-limit = 4194304 (custom)
2024-07-10 07:23:26,831 [f259835d-d8e4-4f48-95e4-1e4b6d3ef0d5-impl-thread1] INFO  server.RaftServerConfigKeys (ConfUtils.java:logGet(46)) - raft.server.log.unsafe-flush.enabled = false (default)
2024-07-10 07:23:26,831 [f259835d-d8e4-4f48-95e4-1e4b6d3ef0d5-impl-thread1] INFO  server.RaftServerConfigKeys (ConfUtils.java:logGet(46)) - raft.server.log.async-flush.enabled = false (default)
2024-07-10 07:23:26,832 [f259835d-d8e4-4f48-95e4-1e4b6d3ef0d5-impl-thread1] INFO  server.RaftServerConfigKeys (ConfUtils.java:logGet(46)) - raft.server.log.statemachine.data.caching.enabled = false (default)
2024-07-10 07:23:26,832 [f259835d-d8e4-4f48-95e4-1e4b6d3ef0d5-impl-thread1] INFO  segmented.SegmentedRaftLogWorker (SegmentedRaftLogWorker.java:lambda$new$0(135)) - f259835d-d8e4-4f48-95e4-1e4b6d3ef0d5@group-C5585A39A1B5-SegmentedRaftLogWorker: flushIndex: setUnconditionally 0 -> -1
2024-07-10 07:23:26,832 [f259835d-d8e4-4f48-95e4-1e4b6d3ef0d5-impl-thread1] INFO  segmented.SegmentedRaftLogWorker (SegmentedRaftLogWorker.java:lambda$new$0(135)) - f259835d-d8e4-4f48-95e4-1e4b6d3ef0d5@group-C5585A39A1B5-SegmentedRaftLogWorker: safeCacheEvictIndex: setUnconditionally 0 -> -1
2024-07-10 07:23:26,834 [f259835d-d8e4-4f48-95e4-1e4b6d3ef0d5-impl-thread1] INFO  server.RaftServer$Division (RaftServerImpl.java:start(395)) - f259835d-d8e4-4f48-95e4-1e4b6d3ef0d5@group-C5585A39A1B5: start with initializing state, conf=conf: {index: -1, cur=peers:[]|listeners:[], old=null}
2024-07-10 07:23:26,834 [f259835d-d8e4-4f48-95e4-1e4b6d3ef0d5-impl-thread1] INFO  server.RaftServer$Division (RaftServerImpl.java:setRole(376)) - f259835d-d8e4-4f48-95e4-1e4b6d3ef0d5@group-C5585A39A1B5: changes role from      null to FOLLOWER at term 0 for start
2024-07-10 07:23:26,834 [f259835d-d8e4-4f48-95e4-1e4b6d3ef0d5-impl-thread1] INFO  util.JmxRegister (JmxRegister.java:tryRegister(44)) - Successfully registered JMX Bean with object name Ratis:service=RaftServer,group=group-C5585A39A1B5,id=f259835d-d8e4-4f48-95e4-1e4b6d3ef0d5
2024-07-10 07:23:26,834 [f259835d-d8e4-4f48-95e4-1e4b6d3ef0d5-impl-thread1] INFO  util.JmxRegister (JmxRegister.java:register(58)) - register mxBean class org.apache.ratis.server.impl.RaftServerJmxAdapter as Ratis:service=RaftServer,group=group-C5585A39A1B5,id=f259835d-d8e4-4f48-95e4-1e4b6d3ef0d5
2024-07-10 07:23:26,835 [f259835d-d8e4-4f48-95e4-1e4b6d3ef0d5-impl-thread1] INFO  server.RaftServerConfigKeys (ConfUtils.java:logGet(46)) - raft.server.snapshot.trigger-when-stop.enabled = true (default)
2024-07-10 07:23:26,835 [f259835d-d8e4-4f48-95e4-1e4b6d3ef0d5-impl-thread1] INFO  server.RaftServerConfigKeys (ConfUtils.java:logGet(46)) - raft.server.snapshot.trigger-when-remove.enabled = true (default)
2024-07-10 07:23:26,835 [f259835d-d8e4-4f48-95e4-1e4b6d3ef0d5-impl-thread1] INFO  server.RaftServerConfigKeys (ConfUtils.java:logGet(46)) - raft.server.snapshot.auto.trigger.enabled = true (custom)
2024-07-10 07:23:26,835 [f259835d-d8e4-4f48-95e4-1e4b6d3ef0d5-impl-thread1] INFO  server.RaftServerConfigKeys (ConfUtils.java:logGet(46)) - raft.server.snapshot.auto.trigger.threshold = 1000 (custom)
2024-07-10 07:23:26,835 [f259835d-d8e4-4f48-95e4-1e4b6d3ef0d5-impl-thread1] INFO  server.RaftServerConfigKeys (ConfUtils.java:logGet(46)) - raft.server.snapshot.retention.file.num = -1 (default)
2024-07-10 07:23:26,835 [f259835d-d8e4-4f48-95e4-1e4b6d3ef0d5-impl-thread1] INFO  server.RaftServerConfigKeys (ConfUtils.java:logGet(46)) - raft.server.log.purge.upto.snapshot.index = false (default)
2024-07-10 07:23:26,838 [main] INFO  server.RaftServer (RaftServerProxy.java:startImpl(408)) - f259835d-d8e4-4f48-95e4-1e4b6d3ef0d5: start RPC server
2024-07-10 07:23:26,839 [main] INFO  server.GrpcService (GrpcService.java:startImpl(302)) - f259835d-d8e4-4f48-95e4-1e4b6d3ef0d5: GrpcService started, listening on 15019
2024-07-10 07:23:26,839 [JvmPauseMonitor3] INFO  util.JvmPauseMonitor (JvmPauseMonitor.java:run(146)) - JvmPauseMonitor-f259835d-d8e4-4f48-95e4-1e4b6d3ef0d5: Started
2024-07-10 07:23:26,840 [main] INFO  ha.SCMNodeInfo (SCMNodeInfo.java:getPort(197)) - ConfigKey ozone.scm.client.address is deprecated, For configuring different ports for each SCM use PortConfigKey ozone.scm.client.port appended with serviceId and nodeId
2024-07-10 07:23:26,840 [main] INFO  ha.SCMNodeInfo (SCMNodeInfo.java:getPort(197)) - ConfigKey ozone.scm.block.client.address is deprecated, For configuring different ports for each SCM use PortConfigKey ozone.scm.block.client.port appended with serviceId and nodeId
2024-07-10 07:23:26,840 [main] INFO  ha.SCMNodeInfo (SCMNodeInfo.java:getPort(197)) - ConfigKey ozone.scm.security.service.address is deprecated, For configuring different ports for each SCM use PortConfigKey ozone.scm.security.service.port appended with serviceId and nodeId
2024-07-10 07:23:26,840 [main] INFO  ha.SCMNodeInfo (SCMNodeInfo.java:getPort(197)) - ConfigKey ozone.scm.datanode.address is deprecated, For configuring different ports for each SCM use PortConfigKey ozone.scm.datanode.port appended with serviceId and nodeId
2024-07-10 07:23:26,840 [main] INFO  ha.SCMNodeInfo (SCMNodeInfo.java:getPort(197)) - ConfigKey ozone.scm.client.address is deprecated, For configuring different ports for each SCM use PortConfigKey ozone.scm.client.port appended with serviceId and nodeId
2024-07-10 07:23:26,840 [main] INFO  ha.SCMNodeInfo (SCMNodeInfo.java:getPort(197)) - ConfigKey ozone.scm.block.client.address is deprecated, For configuring different ports for each SCM use PortConfigKey ozone.scm.block.client.port appended with serviceId and nodeId
2024-07-10 07:23:26,840 [main] INFO  ha.SCMNodeInfo (SCMNodeInfo.java:getPort(197)) - ConfigKey ozone.scm.security.service.address is deprecated, For configuring different ports for each SCM use PortConfigKey ozone.scm.security.service.port appended with serviceId and nodeId
2024-07-10 07:23:26,840 [main] INFO  ha.SCMNodeInfo (SCMNodeInfo.java:getPort(197)) - ConfigKey ozone.scm.datanode.address is deprecated, For configuring different ports for each SCM use PortConfigKey ozone.scm.datanode.port appended with serviceId and nodeId
2024-07-10 07:23:26,840 [main] INFO  proxy.SCMBlockLocationFailoverProxyProvider (SCMBlockLocationFailoverProxyProvider.java:<init>(115)) - Created block location fail-over proxy with 2 nodes: [nodeId=scmNode-2,nodeAddress=/127.0.0.1:15015, nodeId=scmNode-1,nodeAddress=/127.0.0.1:15007]
2024-07-10 07:23:26,847 [pool-1-thread-2] INFO  request.TgsRequest (TgsRequest.java:issueTicket(115)) - TGS_REQ ISSUE: authtime 1720596206847,scm/fv-az1386-216.klszfsxs10seni2gsqlth152tc.dx.internal.cloudapp.net for scm/fv-az1386-216.klszfsxs10seni2gsqlth152tc.dx.internal.cloudapp.net@EXAMPLE.COM
2024-07-10 07:23:26,853 [Socket Reader #1 for port 15007] INFO  ipc.Server (Server.java:saslProcess(2139)) - Auth successful for scm/fv-az1386-216.klszfsxs10seni2gsqlth152tc.dx.internal.cloudapp.net@EXAMPLE.COM (auth:KERBEROS) from fv-az1386-216.klszfsxs10seni2gsqlth152tc.dx.internal.cloudapp.net:39239 / 10.1.0.19:39239
2024-07-10 07:23:26,858 [Socket Reader #1 for port 15007] INFO  authorize.ServiceAuthorizationManager (ServiceAuthorizationManager.java:authorize(137)) - Authorization successful for scm/fv-az1386-216.klszfsxs10seni2gsqlth152tc.dx.internal.cloudapp.net@EXAMPLE.COM (auth:KERBEROS) for protocol=interface org.apache.hadoop.hdds.scm.protocol.ScmBlockLocationProtocol
2024-07-10 07:23:26,859 [IPC Server handler 0 on default port 15007] INFO  ha.SCMRatisServerImpl (SCMRatisServerImpl.java:addSCM(317)) - d38ec341-43ec-4d2c-a000-6eddcfc2f96f: Submitting SetConfiguration request to Ratis server with new SCM peers list: [8b0090bf-277f-4b89-9ec7-80a6dcff705a|localhost:15011, d38ec341-43ec-4d2c-a000-6eddcfc2f96f|localhost:15003, f259835d-d8e4-4f48-95e4-1e4b6d3ef0d5|localhost:15019]
2024-07-10 07:23:26,859 [IPC Server handler 0 on default port 15007] INFO  server.RaftServer$Division (RaftServerImpl.java:setConfigurationAsync(1305)) - d38ec341-43ec-4d2c-a000-6eddcfc2f96f@group-C5585A39A1B5: receive setConfiguration SetConfigurationRequest:client-18885D4E7257->d38ec341-43ec-4d2c-a000-6eddcfc2f96f@group-C5585A39A1B5, cid=10, seq=null, RW, null, SET_UNCONDITIONALLY, servers:[8b0090bf-277f-4b89-9ec7-80a6dcff705a|localhost:15011, d38ec341-43ec-4d2c-a000-6eddcfc2f96f|localhost:15003, f259835d-d8e4-4f48-95e4-1e4b6d3ef0d5|localhost:15019], listeners:[]
2024-07-10 07:23:26,859 [IPC Server handler 0 on default port 15007] INFO  server.RaftServer$Division (LeaderStateImpl.java:startSetConfiguration(488)) - d38ec341-43ec-4d2c-a000-6eddcfc2f96f@group-C5585A39A1B5-LeaderStateImpl: startSetConfiguration SetConfigurationRequest:client-18885D4E7257->d38ec341-43ec-4d2c-a000-6eddcfc2f96f@group-C5585A39A1B5, cid=10, seq=null, RW, null, SET_UNCONDITIONALLY, servers:[8b0090bf-277f-4b89-9ec7-80a6dcff705a|localhost:15011, d38ec341-43ec-4d2c-a000-6eddcfc2f96f|localhost:15003, f259835d-d8e4-4f48-95e4-1e4b6d3ef0d5|localhost:15019], listeners:[]
2024-07-10 07:23:26,860 [IPC Server handler 0 on default port 15007] INFO  server.RaftServerConfigKeys (ConfUtils.java:logGet(46)) - raft.server.log.appender.snapshot.chunk.size.max = 16MB (=16777216) (default)
2024-07-10 07:23:26,860 [IPC Server handler 0 on default port 15007] INFO  server.RaftServerConfigKeys (ConfUtils.java:logGet(46)) - raft.server.log.appender.buffer.byte-limit = 4194304 (custom)
2024-07-10 07:23:26,860 [IPC Server handler 0 on default port 15007] INFO  server.RaftServerConfigKeys (ConfUtils.java:logGet(46)) - raft.server.log.appender.buffer.element-limit = 1024 (custom)
2024-07-10 07:23:26,860 [IPC Server handler 0 on default port 15007] INFO  server.RaftServerConfigKeys (ConfUtils.java:logGet(46)) - raft.server.log.appender.wait-time.min = 0ms (custom)
2024-07-10 07:23:26,860 [IPC Server handler 0 on default port 15007] INFO  grpc.GrpcConfigKeys (ConfUtils.java:logGet(46)) - raft.grpc.server.leader.outstanding.appends.max = 8 (default)
2024-07-10 07:23:26,860 [IPC Server handler 0 on default port 15007] INFO  server.RaftServerConfigKeys (ConfUtils.java:logGet(46)) - raft.server.rpc.request.timeout = 30000ms (custom)
2024-07-10 07:23:26,860 [IPC Server handler 0 on default port 15007] INFO  grpc.GrpcConfigKeys (ConfUtils.java:logGet(46)) - raft.grpc.server.install_snapshot.request.element-limit = 8 (default)
2024-07-10 07:23:26,860 [IPC Server handler 0 on default port 15007] INFO  grpc.GrpcConfigKeys (ConfUtils.java:logGet(46)) - raft.grpc.server.install_snapshot.request.timeout = 3000ms (default)
2024-07-10 07:23:26,861 [IPC Server handler 0 on default port 15007] INFO  grpc.GrpcConfigKeys (ConfUtils.java:logGet(46)) - raft.grpc.server.log-message.batch.duration = 5s (default)
2024-07-10 07:23:26,861 [IPC Server handler 0 on default port 15007] INFO  server.RaftServerConfigKeys (ConfUtils.java:logGet(46)) - raft.server.log.appender.install.snapshot.enabled = false (custom)
2024-07-10 07:23:26,861 [IPC Server handler 0 on default port 15007] INFO  grpc.GrpcConfigKeys (ConfUtils.java:logGet(46)) - raft.grpc.server.heartbeat.channel = true (default)
2024-07-10 07:23:26,862 [d38ec341-43ec-4d2c-a000-6eddcfc2f96f@group-C5585A39A1B5->f259835d-d8e4-4f48-95e4-1e4b6d3ef0d5-GrpcLogAppender-LogAppenderDaemon] INFO  server.GrpcLogAppender (GrpcLogAppender.java:notifyInstallSnapshot(790)) - d38ec341-43ec-4d2c-a000-6eddcfc2f96f@group-C5585A39A1B5->f259835d-d8e4-4f48-95e4-1e4b6d3ef0d5-GrpcLogAppender: notifyInstallSnapshot with firstAvailable=(t:1, i:0), followerNextIndex=0
2024-07-10 07:23:26,862 [d38ec341-43ec-4d2c-a000-6eddcfc2f96f@group-C5585A39A1B5->f259835d-d8e4-4f48-95e4-1e4b6d3ef0d5-GrpcLogAppender-LogAppenderDaemon] INFO  server.GrpcLogAppender (GrpcLogAppender.java:notifyInstallSnapshot(798)) - d38ec341-43ec-4d2c-a000-6eddcfc2f96f@group-C5585A39A1B5->f259835d-d8e4-4f48-95e4-1e4b6d3ef0d5-GrpcLogAppender: send d38ec341-43ec-4d2c-a000-6eddcfc2f96f->f259835d-d8e4-4f48-95e4-1e4b6d3ef0d5#0-t2,notify:(t:1, i:0)
2024-07-10 07:23:26,862 [d38ec341-43ec-4d2c-a000-6eddcfc2f96f@group-C5585A39A1B5->f259835d-d8e4-4f48-95e4-1e4b6d3ef0d5-GrpcLogAppender-LogAppenderDaemon] INFO  server.GrpcServerProtocolClient (GrpcServerProtocolClient.java:<init>(65)) - Build channel for f259835d-d8e4-4f48-95e4-1e4b6d3ef0d5|localhost:15019
2024-07-10 07:23:26,871 [grpc-default-executor-0] INFO  impl.SnapshotInstallationHandler (SnapshotInstallationHandler.java:installSnapshot(92)) - f259835d-d8e4-4f48-95e4-1e4b6d3ef0d5@group-C5585A39A1B5: receive installSnapshot: d38ec341-43ec-4d2c-a000-6eddcfc2f96f->f259835d-d8e4-4f48-95e4-1e4b6d3ef0d5#0-t2,notify:(t:1, i:0)
2024-07-10 07:23:26,873 [grpc-default-executor-0] INFO  server.RaftServer$Division (RaftServerImpl.java:setFirstElection(549)) - f259835d-d8e4-4f48-95e4-1e4b6d3ef0d5@group-C5585A39A1B5: set firstElectionSinceStartup to false for installSnapshot
2024-07-10 07:23:26,873 [grpc-default-executor-0] INFO  ha.SCMStateMachine (SCMStateMachine.java:notifyLeaderChanged(288)) - leader changed, yet current SCM is still follower.
2024-07-10 07:23:26,873 [grpc-default-executor-0] INFO  server.RaftServer$Division (ServerState.java:setLeader(272)) - f259835d-d8e4-4f48-95e4-1e4b6d3ef0d5@group-C5585A39A1B5: change Leader from null to d38ec341-43ec-4d2c-a000-6eddcfc2f96f at term 2 for installSnapshot, leader elected after 123ms
2024-07-10 07:23:26,873 [grpc-default-executor-0] INFO  impl.SnapshotInstallationHandler (SnapshotInstallationHandler.java:notifyStateMachineToInstallSnapshot(222)) - f259835d-d8e4-4f48-95e4-1e4b6d3ef0d5@group-C5585A39A1B5: Received notification to install snapshot at index 0
2024-07-10 07:23:26,873 [grpc-default-executor-0] INFO  impl.SnapshotInstallationHandler (SnapshotInstallationHandler.java:notifyStateMachineToInstallSnapshot(256)) - f259835d-d8e4-4f48-95e4-1e4b6d3ef0d5@group-C5585A39A1B5: notifyInstallSnapshot: nextIndex is 0 but the leader's first available index is 0.
2024-07-10 07:23:26,873 [grpc-default-executor-0] INFO  ha.SCMStateMachine (SCMStateMachine.java:notifyInstallSnapshotFromLeader(241)) - Received install snapshot notification from SCM leader: localhost:15003 with term index: (t:1, i:0)
2024-07-10 07:23:26,874 [scmNode-3-SCMInstallSnapshot-0] INFO  ha.SCMHAManagerImpl (SCMHAManagerImpl.java:getDBCheckpointFromLeader(267)) - Downloading checkpoint from leader SCM scmNode-1 and reloading state from the checkpoint.
2024-07-10 07:23:26,879 [grpc-default-executor-0] INFO  impl.SnapshotInstallationHandler (SnapshotInstallationHandler.java:installSnapshotImpl(138)) - f259835d-d8e4-4f48-95e4-1e4b6d3ef0d5@group-C5585A39A1B5: set new configuration index: 23
configurationEntry {
  peers {
    id: "8b0090bf-277f-4b89-9ec7-80a6dcff705a"
    address: "localhost:15011"
    startupRole: FOLLOWER
  }
  peers {
    id: "d38ec341-43ec-4d2c-a000-6eddcfc2f96f"
    address: "localhost:15003"
    startupRole: FOLLOWER
  }
}
 from snapshot
2024-07-10 07:23:26,879 [grpc-default-executor-0] INFO  server.RaftServer$Division (ServerState.java:setRaftConf(386)) - f259835d-d8e4-4f48-95e4-1e4b6d3ef0d5@group-C5585A39A1B5: set configuration conf: {index: 23, cur=peers:[8b0090bf-277f-4b89-9ec7-80a6dcff705a|localhost:15011, d38ec341-43ec-4d2c-a000-6eddcfc2f96f|localhost:15003]|listeners:[], old=null}
2024-07-10 07:23:26,881 [grpc-default-executor-3] INFO  ha.SCMDBCheckpointProvider (SCMDBCheckpointProvider.java:writeDBCheckPointToSream(49)) - Received request to obtain SCM DB checkpoint snapshot
2024-07-10 07:23:26,882 [grpc-default-executor-0] INFO  impl.SnapshotInstallationHandler (SnapshotInstallationHandler.java:installSnapshot(103)) - f259835d-d8e4-4f48-95e4-1e4b6d3ef0d5@group-C5585A39A1B5: reply installSnapshot: d38ec341-43ec-4d2c-a000-6eddcfc2f96f<-f259835d-d8e4-4f48-95e4-1e4b6d3ef0d5#0:FAIL-t0,IN_PROGRESS,snapshotIndex=0
2024-07-10 07:23:26,883 [grpc-default-executor-2] INFO  server.GrpcLogAppender (GrpcLogAppender.java:onNext(649)) - d38ec341-43ec-4d2c-a000-6eddcfc2f96f@group-C5585A39A1B5->f259835d-d8e4-4f48-95e4-1e4b6d3ef0d5-InstallSnapshotResponseHandler: received the first reply d38ec341-43ec-4d2c-a000-6eddcfc2f96f<-f259835d-d8e4-4f48-95e4-1e4b6d3ef0d5#0:FAIL-t0,IN_PROGRESS,snapshotIndex=0
2024-07-10 07:23:26,883 [grpc-default-executor-2] INFO  server.GrpcLogAppender (GrpcLogAppender.java:onNext(665)) - d38ec341-43ec-4d2c-a000-6eddcfc2f96f@group-C5585A39A1B5->f259835d-d8e4-4f48-95e4-1e4b6d3ef0d5-InstallSnapshotResponseHandler: InstallSnapshot in progress.
2024-07-10 07:23:26,884 [grpc-default-executor-0] INFO  server.GrpcServerProtocolService (GrpcServerProtocolService.java:onCompleted(157)) - f259835d-d8e4-4f48-95e4-1e4b6d3ef0d5: Completed INSTALL_SNAPSHOT, lastRequest: d38ec341-43ec-4d2c-a000-6eddcfc2f96f->f259835d-d8e4-4f48-95e4-1e4b6d3ef0d5#0-t2,notify:(t:1, i:0)
2024-07-10 07:23:26,884 [grpc-default-executor-0] INFO  server.GrpcServerProtocolService (GrpcServerProtocolService.java:lambda$onCompleted$5(159)) - f259835d-d8e4-4f48-95e4-1e4b6d3ef0d5: Completed INSTALL_SNAPSHOT, lastReply: null
2024-07-10 07:23:26,890 [d38ec341-43ec-4d2c-a000-6eddcfc2f96f@group-C5585A39A1B5->f259835d-d8e4-4f48-95e4-1e4b6d3ef0d5-GrpcLogAppender-LogAppenderDaemon] INFO  server.GrpcLogAppender (GrpcLogAppender.java:notifyInstallSnapshot(790)) - d38ec341-43ec-4d2c-a000-6eddcfc2f96f@group-C5585A39A1B5->f259835d-d8e4-4f48-95e4-1e4b6d3ef0d5-GrpcLogAppender: notifyInstallSnapshot with firstAvailable=(t:1, i:0), followerNextIndex=0
2024-07-10 07:23:26,890 [d38ec341-43ec-4d2c-a000-6eddcfc2f96f@group-C5585A39A1B5->f259835d-d8e4-4f48-95e4-1e4b6d3ef0d5-GrpcLogAppender-LogAppenderDaemon] INFO  server.GrpcLogAppender (GrpcLogAppender.java:notifyInstallSnapshot(798)) - d38ec341-43ec-4d2c-a000-6eddcfc2f96f@group-C5585A39A1B5->f259835d-d8e4-4f48-95e4-1e4b6d3ef0d5-GrpcLogAppender: send d38ec341-43ec-4d2c-a000-6eddcfc2f96f->f259835d-d8e4-4f48-95e4-1e4b6d3ef0d5#0-t2,notify:(t:1, i:0)
2024-07-10 07:23:26,892 [grpc-default-executor-4] INFO  impl.SnapshotInstallationHandler (SnapshotInstallationHandler.java:installSnapshot(92)) - f259835d-d8e4-4f48-95e4-1e4b6d3ef0d5@group-C5585A39A1B5: receive installSnapshot: d38ec341-43ec-4d2c-a000-6eddcfc2f96f->f259835d-d8e4-4f48-95e4-1e4b6d3ef0d5#0-t2,notify:(t:1, i:0)
2024-07-10 07:23:26,893 [grpc-default-executor-4] INFO  impl.SnapshotInstallationHandler (SnapshotInstallationHandler.java:installSnapshotImpl(138)) - f259835d-d8e4-4f48-95e4-1e4b6d3ef0d5@group-C5585A39A1B5: set new configuration index: 23
configurationEntry {
  peers {
    id: "8b0090bf-277f-4b89-9ec7-80a6dcff705a"
    address: "localhost:15011"
    startupRole: FOLLOWER
  }
  peers {
    id: "d38ec341-43ec-4d2c-a000-6eddcfc2f96f"
    address: "localhost:15003"
    startupRole: FOLLOWER
  }
}
 from snapshot
2024-07-10 07:23:26,893 [grpc-default-executor-4] INFO  server.RaftServer$Division (ServerState.java:setRaftConf(386)) - f259835d-d8e4-4f48-95e4-1e4b6d3ef0d5@group-C5585A39A1B5: set configuration conf: {index: 23, cur=peers:[8b0090bf-277f-4b89-9ec7-80a6dcff705a|localhost:15011, d38ec341-43ec-4d2c-a000-6eddcfc2f96f|localhost:15003]|listeners:[], old=null}
2024-07-10 07:23:26,894 [f259835d-d8e4-4f48-95e4-1e4b6d3ef0d5-server-thread1] INFO  server.RaftServer$Division (RaftServerImpl.java:checkInconsistentAppendEntries(1629)) - f259835d-d8e4-4f48-95e4-1e4b6d3ef0d5@group-C5585A39A1B5: Failed appendEntries as snapshot (0) installation is in progress
2024-07-10 07:23:26,894 [f259835d-d8e4-4f48-95e4-1e4b6d3ef0d5-server-thread1] INFO  server.RaftServer$Division (RaftServerImpl.java:appendEntriesAsync(1584)) - f259835d-d8e4-4f48-95e4-1e4b6d3ef0d5@group-C5585A39A1B5: appendEntries* reply d38ec341-43ec-4d2c-a000-6eddcfc2f96f<-f259835d-d8e4-4f48-95e4-1e4b6d3ef0d5#0:FAIL-t2,INCONSISTENCY,nextIndex=0,followerCommit=-1,matchIndex=-1
2024-07-10 07:23:26,896 [grpc-default-executor-5] WARN  server.GrpcLogAppender (GrpcLogAppender.java:onNextImpl(519)) - d38ec341-43ec-4d2c-a000-6eddcfc2f96f@group-C5585A39A1B5->f259835d-d8e4-4f48-95e4-1e4b6d3ef0d5-AppendLogResponseHandler: received INCONSISTENCY reply with nextIndex 0, errorCount=1, request=AppendEntriesRequest:cid=0,entriesCount=0
2024-07-10 07:23:26,896 [grpc-default-executor-4] INFO  impl.SnapshotInstallationHandler (SnapshotInstallationHandler.java:installSnapshot(103)) - f259835d-d8e4-4f48-95e4-1e4b6d3ef0d5@group-C5585A39A1B5: reply installSnapshot: d38ec341-43ec-4d2c-a000-6eddcfc2f96f<-f259835d-d8e4-4f48-95e4-1e4b6d3ef0d5#0:FAIL-t2,IN_PROGRESS,snapshotIndex=0
2024-07-10 07:23:26,897 [grpc-default-executor-4] INFO  server.GrpcServerProtocolService (GrpcServerProtocolService.java:onCompleted(157)) - f259835d-d8e4-4f48-95e4-1e4b6d3ef0d5: Completed INSTALL_SNAPSHOT, lastRequest: d38ec341-43ec-4d2c-a000-6eddcfc2f96f->f259835d-d8e4-4f48-95e4-1e4b6d3ef0d5#0-t2,notify:(t:1, i:0)
2024-07-10 07:23:26,897 [grpc-default-executor-3] INFO  db.RDBCheckpointManager (RDBCheckpointManager.java:createCheckpoint(89)) - Created checkpoint in rocksDB at /home/runner/work/ozone/ozone/hadoop-ozone/integration-test/target/test-dir/MiniOzoneClusterImpl-e3afc6b0-d37c-4e66-a691-c5585a39a1b5/scmNode-1/db.checkpoints/scm.db_checkpoint_1720596206894 in 3 milliseconds
2024-07-10 07:23:26,898 [grpc-default-executor-4] INFO  server.GrpcServerProtocolService (GrpcServerProtocolService.java:lambda$onCompleted$5(159)) - f259835d-d8e4-4f48-95e4-1e4b6d3ef0d5: Completed INSTALL_SNAPSHOT, lastReply: null
2024-07-10 07:23:26,899 [grpc-default-executor-5] INFO  server.GrpcLogAppender (GrpcLogAppender.java:onNext(649)) - d38ec341-43ec-4d2c-a000-6eddcfc2f96f@group-C5585A39A1B5->f259835d-d8e4-4f48-95e4-1e4b6d3ef0d5-InstallSnapshotResponseHandler: received a reply d38ec341-43ec-4d2c-a000-6eddcfc2f96f<-f259835d-d8e4-4f48-95e4-1e4b6d3ef0d5#0:FAIL-t2,IN_PROGRESS,snapshotIndex=0
2024-07-10 07:23:26,899 [grpc-default-executor-5] INFO  server.GrpcLogAppender (GrpcLogAppender.java:onNext(665)) - d38ec341-43ec-4d2c-a000-6eddcfc2f96f@group-C5585A39A1B5->f259835d-d8e4-4f48-95e4-1e4b6d3ef0d5-InstallSnapshotResponseHandler: InstallSnapshot in progress.
2024-07-10 07:23:26,902 [d38ec341-43ec-4d2c-a000-6eddcfc2f96f@group-C5585A39A1B5->f259835d-d8e4-4f48-95e4-1e4b6d3ef0d5-GrpcLogAppender-LogAppenderDaemon] INFO  server.GrpcLogAppender (GrpcLogAppender.java:notifyInstallSnapshot(790)) - d38ec341-43ec-4d2c-a000-6eddcfc2f96f@group-C5585A39A1B5->f259835d-d8e4-4f48-95e4-1e4b6d3ef0d5-GrpcLogAppender: notifyInstallSnapshot with firstAvailable=(t:1, i:0), followerNextIndex=0
2024-07-10 07:23:26,903 [d38ec341-43ec-4d2c-a000-6eddcfc2f96f@group-C5585A39A1B5->f259835d-d8e4-4f48-95e4-1e4b6d3ef0d5-GrpcLogAppender-LogAppenderDaemon] INFO  server.GrpcLogAppender (GrpcLogAppender.java:notifyInstallSnapshot(798)) - d38ec341-43ec-4d2c-a000-6eddcfc2f96f@group-C5585A39A1B5->f259835d-d8e4-4f48-95e4-1e4b6d3ef0d5-GrpcLogAppender: send d38ec341-43ec-4d2c-a000-6eddcfc2f96f->f259835d-d8e4-4f48-95e4-1e4b6d3ef0d5#0-t2,notify:(t:1, i:0)
2024-07-10 07:23:26,903 [grpc-default-executor-3] INFO  ha.SCMGrpcOutputStream (SCMGrpcOutputStream.java:close(111)) - Sent 91648 bytes for cluster e3afc6b0-d37c-4e66-a691-c5585a39a1b5
2024-07-10 07:23:26,903 [grpc-default-executor-3] INFO  ha.SCMDBCheckpointProvider (SCMDBCheckpointProvider.java:writeDBCheckPointToSream(75)) - Time taken to write the checkpoint to response output stream: 5 milliseconds
2024-07-10 07:23:26,903 [grpc-default-executor-3] INFO  db.RocksDBCheckpoint (RocksDBCheckpoint.java:cleanupCheckpoint(78)) - Cleaning up RocksDB checkpoint at /home/runner/work/ozone/ozone/hadoop-ozone/integration-test/target/test-dir/MiniOzoneClusterImpl-e3afc6b0-d37c-4e66-a691-c5585a39a1b5/scmNode-1/db.checkpoints/scm.db_checkpoint_1720596206894
2024-07-10 07:23:26,904 [f259835d-d8e4-4f48-95e4-1e4b6d3ef0d5-server-thread1] INFO  server.RaftServer$Division (RaftServerImpl.java:checkInconsistentAppendEntries(1629)) - f259835d-d8e4-4f48-95e4-1e4b6d3ef0d5@group-C5585A39A1B5: Failed appendEntries as snapshot (0) installation is in progress
2024-07-10 07:23:26,905 [f259835d-d8e4-4f48-95e4-1e4b6d3ef0d5-server-thread1] INFO  server.RaftServer$Division (RaftServerImpl.java:appendEntriesAsync(1584)) - f259835d-d8e4-4f48-95e4-1e4b6d3ef0d5@group-C5585A39A1B5: appendEntries* reply d38ec341-43ec-4d2c-a000-6eddcfc2f96f<-f259835d-d8e4-4f48-95e4-1e4b6d3ef0d5#1:FAIL-t2,INCONSISTENCY,nextIndex=0,followerCommit=-1,matchIndex=-1
2024-07-10 07:23:26,906 [grpc-default-executor-5] WARN  server.GrpcLogAppender (GrpcLogAppender.java:onNextImpl(519)) - d38ec341-43ec-4d2c-a000-6eddcfc2f96f@group-C5585A39A1B5->f259835d-d8e4-4f48-95e4-1e4b6d3ef0d5-AppendLogResponseHandler: received INCONSISTENCY reply with nextIndex 0, errorCount=1, request=AppendEntriesRequest:cid=1,entriesCount=0
2024-07-10 07:23:26,907 [grpc-default-executor-5] INFO  impl.SnapshotInstallationHandler (SnapshotInstallationHandler.java:installSnapshot(92)) - f259835d-d8e4-4f48-95e4-1e4b6d3ef0d5@group-C5585A39A1B5: receive installSnapshot: d38ec341-43ec-4d2c-a000-6eddcfc2f96f->f259835d-d8e4-4f48-95e4-1e4b6d3ef0d5#0-t2,notify:(t:1, i:0)
2024-07-10 07:23:26,907 [grpc-default-executor-5] INFO  impl.SnapshotInstallationHandler (SnapshotInstallationHandler.java:installSnapshotImpl(138)) - f259835d-d8e4-4f48-95e4-1e4b6d3ef0d5@group-C5585A39A1B5: set new configuration index: 23
configurationEntry {
  peers {
    id: "8b0090bf-277f-4b89-9ec7-80a6dcff705a"
    address: "localhost:15011"
    startupRole: FOLLOWER
  }
  peers {
    id: "d38ec341-43ec-4d2c-a000-6eddcfc2f96f"
    address: "localhost:15003"
    startupRole: FOLLOWER
  }
}
 from snapshot
2024-07-10 07:23:26,907 [grpc-default-executor-5] INFO  server.RaftServer$Division (ServerState.java:setRaftConf(386)) - f259835d-d8e4-4f48-95e4-1e4b6d3ef0d5@group-C5585A39A1B5: set configuration conf: {index: 23, cur=peers:[8b0090bf-277f-4b89-9ec7-80a6dcff705a|localhost:15011, d38ec341-43ec-4d2c-a000-6eddcfc2f96f|localhost:15003]|listeners:[], old=null}
2024-07-10 07:23:26,909 [grpc-default-executor-5] INFO  impl.SnapshotInstallationHandler (SnapshotInstallationHandler.java:installSnapshot(103)) - f259835d-d8e4-4f48-95e4-1e4b6d3ef0d5@group-C5585A39A1B5: reply installSnapshot: d38ec341-43ec-4d2c-a000-6eddcfc2f96f<-f259835d-d8e4-4f48-95e4-1e4b6d3ef0d5#0:FAIL-t2,IN_PROGRESS,snapshotIndex=0
2024-07-10 07:23:26,909 [grpc-default-executor-5] INFO  server.GrpcServerProtocolService (GrpcServerProtocolService.java:onCompleted(157)) - f259835d-d8e4-4f48-95e4-1e4b6d3ef0d5: Completed INSTALL_SNAPSHOT, lastRequest: d38ec341-43ec-4d2c-a000-6eddcfc2f96f->f259835d-d8e4-4f48-95e4-1e4b6d3ef0d5#0-t2,notify:(t:1, i:0)
2024-07-10 07:23:26,909 [grpc-default-executor-5] INFO  server.GrpcServerProtocolService (GrpcServerProtocolService.java:lambda$onCompleted$5(159)) - f259835d-d8e4-4f48-95e4-1e4b6d3ef0d5: Completed INSTALL_SNAPSHOT, lastReply: null
2024-07-10 07:23:26,910 [grpc-default-executor-5] INFO  server.GrpcLogAppender (GrpcLogAppender.java:onNext(649)) - d38ec341-43ec-4d2c-a000-6eddcfc2f96f@group-C5585A39A1B5->f259835d-d8e4-4f48-95e4-1e4b6d3ef0d5-InstallSnapshotResponseHandler: received a reply d38ec341-43ec-4d2c-a000-6eddcfc2f96f<-f259835d-d8e4-4f48-95e4-1e4b6d3ef0d5#0:FAIL-t2,IN_PROGRESS,snapshotIndex=0
2024-07-10 07:23:26,910 [grpc-default-executor-5] INFO  server.GrpcLogAppender (GrpcLogAppender.java:onNext(665)) - d38ec341-43ec-4d2c-a000-6eddcfc2f96f@group-C5585A39A1B5->f259835d-d8e4-4f48-95e4-1e4b6d3ef0d5-InstallSnapshotResponseHandler: InstallSnapshot in progress.
2024-07-10 07:23:26,911 [f259835d-d8e4-4f48-95e4-1e4b6d3ef0d5-server-thread1] INFO  server.RaftServer$Division (RaftServerImpl.java:checkInconsistentAppendEntries(1629)) - f259835d-d8e4-4f48-95e4-1e4b6d3ef0d5@group-C5585A39A1B5: Failed appendEntries as snapshot (0) installation is in progress
2024-07-10 07:23:26,912 [f259835d-d8e4-4f48-95e4-1e4b6d3ef0d5-server-thread1] INFO  server.RaftServer$Division (RaftServerImpl.java:appendEntriesAsync(1584)) - f259835d-d8e4-4f48-95e4-1e4b6d3ef0d5@group-C5585A39A1B5: appendEntries* reply d38ec341-43ec-4d2c-a000-6eddcfc2f96f<-f259835d-d8e4-4f48-95e4-1e4b6d3ef0d5#2:FAIL-t2,INCONSISTENCY,nextIndex=0,followerCommit=-1,matchIndex=-1
2024-07-10 07:23:26,912 [d38ec341-43ec-4d2c-a000-6eddcfc2f96f@group-C5585A39A1B5->f259835d-d8e4-4f48-95e4-1e4b6d3ef0d5-GrpcLogAppender-LogAppenderDaemon] INFO  server.GrpcLogAppender (GrpcLogAppender.java:notifyInstallSnapshot(790)) - d38ec341-43ec-4d2c-a000-6eddcfc2f96f@group-C5585A39A1B5->f259835d-d8e4-4f48-95e4-1e4b6d3ef0d5-GrpcLogAppender: notifyInstallSnapshot with firstAvailable=(t:1, i:0), followerNextIndex=0
2024-07-10 07:23:26,912 [d38ec341-43ec-4d2c-a000-6eddcfc2f96f@group-C5585A39A1B5->f259835d-d8e4-4f48-95e4-1e4b6d3ef0d5-GrpcLogAppender-LogAppenderDaemon] INFO  server.GrpcLogAppender (GrpcLogAppender.java:notifyInstallSnapshot(798)) - d38ec341-43ec-4d2c-a000-6eddcfc2f96f@group-C5585A39A1B5->f259835d-d8e4-4f48-95e4-1e4b6d3ef0d5-GrpcLogAppender: send d38ec341-43ec-4d2c-a000-6eddcfc2f96f->f259835d-d8e4-4f48-95e4-1e4b6d3ef0d5#0-t2,notify:(t:1, i:0)
2024-07-10 07:23:26,912 [grpc-default-executor-5] WARN  server.GrpcLogAppender (GrpcLogAppender.java:onNextImpl(519)) - d38ec341-43ec-4d2c-a000-6eddcfc2f96f@group-C5585A39A1B5->f259835d-d8e4-4f48-95e4-1e4b6d3ef0d5-AppendLogResponseHandler: received INCONSISTENCY reply with nextIndex 0, errorCount=1, request=AppendEntriesRequest:cid=2,entriesCount=0
2024-07-10 07:23:26,914 [grpc-default-executor-4] INFO  impl.SnapshotInstallationHandler (SnapshotInstallationHandler.java:installSnapshot(92)) - f259835d-d8e4-4f48-95e4-1e4b6d3ef0d5@group-C5585A39A1B5: receive installSnapshot: d38ec341-43ec-4d2c-a000-6eddcfc2f96f->f259835d-d8e4-4f48-95e4-1e4b6d3ef0d5#0-t2,notify:(t:1, i:0)
2024-07-10 07:23:26,915 [grpc-default-executor-4] INFO  impl.SnapshotInstallationHandler (SnapshotInstallationHandler.java:installSnapshotImpl(138)) - f259835d-d8e4-4f48-95e4-1e4b6d3ef0d5@group-C5585A39A1B5: set new configuration index: 23
configurationEntry {
  peers {
    id: "8b0090bf-277f-4b89-9ec7-80a6dcff705a"
    address: "localhost:15011"
    startupRole: FOLLOWER
  }
  peers {
    id: "d38ec341-43ec-4d2c-a000-6eddcfc2f96f"
    address: "localhost:15003"
    startupRole: FOLLOWER
  }
}
 from snapshot
2024-07-10 07:23:26,915 [grpc-default-executor-4] INFO  server.RaftServer$Division (ServerState.java:setRaftConf(386)) - f259835d-d8e4-4f48-95e4-1e4b6d3ef0d5@group-C5585A39A1B5: set configuration conf: {index: 23, cur=peers:[8b0090bf-277f-4b89-9ec7-80a6dcff705a|localhost:15011, d38ec341-43ec-4d2c-a000-6eddcfc2f96f|localhost:15003]|listeners:[], old=null}
2024-07-10 07:23:26,917 [grpc-default-executor-3] INFO  ha.InterSCMGrpcClient (InterSCMGrpcClient.java:onCompleted(175)) - Checkpoint is downloaded to /home/runner/work/ozone/ozone/hadoop-ozone/integration-test/target/test-dir/MiniOzoneClusterImpl-e3afc6b0-d37c-4e66-a691-c5585a39a1b5/scmNode-3/snapshot/scm.db-scmNode-1-1720596206874.tar
2024-07-10 07:23:26,918 [grpc-default-executor-4] INFO  impl.SnapshotInstallationHandler (SnapshotInstallationHandler.java:installSnapshot(103)) - f259835d-d8e4-4f48-95e4-1e4b6d3ef0d5@group-C5585A39A1B5: reply installSnapshot: d38ec341-43ec-4d2c-a000-6eddcfc2f96f<-f259835d-d8e4-4f48-95e4-1e4b6d3ef0d5#0:FAIL-t2,IN_PROGRESS,snapshotIndex=0
2024-07-10 07:23:26,918 [grpc-default-executor-4] INFO  server.GrpcServerProtocolService (GrpcServerProtocolService.java:onCompleted(157)) - f259835d-d8e4-4f48-95e4-1e4b6d3ef0d5: Completed INSTALL_SNAPSHOT, lastRequest: d38ec341-43ec-4d2c-a000-6eddcfc2f96f->f259835d-d8e4-4f48-95e4-1e4b6d3ef0d5#0-t2,notify:(t:1, i:0)
2024-07-10 07:23:26,919 [grpc-default-executor-4] INFO  server.GrpcServerProtocolService (GrpcServerProtocolService.java:lambda$onCompleted$5(159)) - f259835d-d8e4-4f48-95e4-1e4b6d3ef0d5: Completed INSTALL_SNAPSHOT, lastReply: null
2024-07-10 07:23:26,920 [grpc-default-executor-3] INFO  server.GrpcLogAppender (GrpcLogAppender.java:onNext(649)) - d38ec341-43ec-4d2c-a000-6eddcfc2f96f@group-C5585A39A1B5->f259835d-d8e4-4f48-95e4-1e4b6d3ef0d5-InstallSnapshotResponseHandler: received a reply d38ec341-43ec-4d2c-a000-6eddcfc2f96f<-f259835d-d8e4-4f48-95e4-1e4b6d3ef0d5#0:FAIL-t2,IN_PROGRESS,snapshotIndex=0
2024-07-10 07:23:26,920 [grpc-default-executor-3] INFO  server.GrpcLogAppender (GrpcLogAppender.java:onNext(665)) - d38ec341-43ec-4d2c-a000-6eddcfc2f96f@group-C5585A39A1B5->f259835d-d8e4-4f48-95e4-1e4b6d3ef0d5-InstallSnapshotResponseHandler: InstallSnapshot in progress.
2024-07-10 07:23:26,921 [f259835d-d8e4-4f48-95e4-1e4b6d3ef0d5-server-thread1] INFO  server.RaftServer$Division (RaftServerImpl.java:checkInconsistentAppendEntries(1629)) - f259835d-d8e4-4f48-95e4-1e4b6d3ef0d5@group-C5585A39A1B5: Failed appendEntries as snapshot (0) installation is in progress
2024-07-10 07:23:26,921 [f259835d-d8e4-4f48-95e4-1e4b6d3ef0d5-server-thread1] INFO  server.RaftServer$Division (RaftServerImpl.java:appendEntriesAsync(1584)) - f259835d-d8e4-4f48-95e4-1e4b6d3ef0d5@group-C5585A39A1B5: appendEntries* reply d38ec341-43ec-4d2c-a000-6eddcfc2f96f<-f259835d-d8e4-4f48-95e4-1e4b6d3ef0d5#3:FAIL-t2,INCONSISTENCY,nextIndex=0,followerCommit=-1,matchIndex=-1
2024-07-10 07:23:26,922 [d38ec341-43ec-4d2c-a000-6eddcfc2f96f@group-C5585A39A1B5->f259835d-d8e4-4f48-95e4-1e4b6d3ef0d5-GrpcLogAppender-LogAppenderDaemon] INFO  server.GrpcLogAppender (GrpcLogAppender.java:notifyInstallSnapshot(790)) - d38ec341-43ec-4d2c-a000-6eddcfc2f96f@group-C5585A39A1B5->f259835d-d8e4-4f48-95e4-1e4b6d3ef0d5-GrpcLogAppender: notifyInstallSnapshot with firstAvailable=(t:1, i:0), followerNextIndex=0
2024-07-10 07:23:26,922 [d38ec341-43ec-4d2c-a000-6eddcfc2f96f@group-C5585A39A1B5->f259835d-d8e4-4f48-95e4-1e4b6d3ef0d5-GrpcLogAppender-LogAppenderDaemon] INFO  server.GrpcLogAppender (GrpcLogAppender.java:notifyInstallSnapshot(798)) - d38ec341-43ec-4d2c-a000-6eddcfc2f96f@group-C5585A39A1B5->f259835d-d8e4-4f48-95e4-1e4b6d3ef0d5-GrpcLogAppender: send d38ec341-43ec-4d2c-a000-6eddcfc2f96f->f259835d-d8e4-4f48-95e4-1e4b6d3ef0d5#0-t2,notify:(t:1, i:0)
2024-07-10 07:23:26,922 [grpc-default-executor-4] WARN  server.GrpcLogAppender (GrpcLogAppender.java:onNextImpl(519)) - d38ec341-43ec-4d2c-a000-6eddcfc2f96f@group-C5585A39A1B5->f259835d-d8e4-4f48-95e4-1e4b6d3ef0d5-AppendLogResponseHandler: received INCONSISTENCY reply with nextIndex 0, errorCount=1, request=AppendEntriesRequest:cid=3,entriesCount=0
2024-07-10 07:23:26,924 [grpc-default-executor-4] INFO  impl.SnapshotInstallationHandler (SnapshotInstallationHandler.java:installSnapshot(92)) - f259835d-d8e4-4f48-95e4-1e4b6d3ef0d5@group-C5585A39A1B5: receive installSnapshot: d38ec341-43ec-4d2c-a000-6eddcfc2f96f->f259835d-d8e4-4f48-95e4-1e4b6d3ef0d5#0-t2,notify:(t:1, i:0)
2024-07-10 07:23:26,926 [scmNode-3-SCMInstallSnapshot-0] INFO  ha.SCMSnapshotProvider (SCMSnapshotProvider.java:getSCMDBSnapshot(131)) - Successfully downloaded latest checkpoint from leader SCM: scmNode-1 path /home/runner/work/ozone/ozone/hadoop-ozone/integration-test/target/test-dir/MiniOzoneClusterImpl-e3afc6b0-d37c-4e66-a691-c5585a39a1b5/scmNode-3/snapshot/scm.db-scmNode-1-1720596206874
2024-07-10 07:23:26,926 [grpc-default-executor-4] INFO  impl.SnapshotInstallationHandler (SnapshotInstallationHandler.java:installSnapshotImpl(138)) - f259835d-d8e4-4f48-95e4-1e4b6d3ef0d5@group-C5585A39A1B5: set new configuration index: 23
configurationEntry {
  peers {
    id: "8b0090bf-277f-4b89-9ec7-80a6dcff705a"
    address: "localhost:15011"
    startupRole: FOLLOWER
  }
  peers {
    id: "d38ec341-43ec-4d2c-a000-6eddcfc2f96f"
    address: "localhost:15003"
    startupRole: FOLLOWER
  }
}
 from snapshot
2024-07-10 07:23:26,926 [scmNode-3-SCMInstallSnapshot-0] INFO  ha.SCMHAManagerImpl (SCMHAManagerImpl.java:downloadCheckpointFromLeader(203)) - Downloaded checkpoint from Leader scmNode-1 to the location /home/runner/work/ozone/ozone/hadoop-ozone/integration-test/target/test-dir/MiniOzoneClusterImpl-e3afc6b0-d37c-4e66-a691-c5585a39a1b5/scmNode-3/snapshot/scm.db-scmNode-1-1720596206874
2024-07-10 07:23:26,926 [scmNode-3-SCMInstallSnapshot-0] INFO  ha.SCMHAManagerImpl (SCMHAManagerImpl.java:getSecretKeysFromLeader(216)) - Getting secret keys from leader scmNode-1.
2024-07-10 07:23:26,926 [scmNode-3-SCMInstallSnapshot-0] INFO  ha.SCMNodeInfo (SCMNodeInfo.java:getPort(197)) - ConfigKey ozone.scm.client.address is deprecated, For configuring different ports for each SCM use PortConfigKey ozone.scm.client.port appended with serviceId and nodeId
2024-07-10 07:23:26,926 [scmNode-3-SCMInstallSnapshot-0] INFO  ha.SCMNodeInfo (SCMNodeInfo.java:getPort(197)) - ConfigKey ozone.scm.block.client.address is deprecated, For configuring different ports for each SCM use PortConfigKey ozone.scm.block.client.port appended with serviceId and nodeId
2024-07-10 07:23:26,926 [scmNode-3-SCMInstallSnapshot-0] INFO  ha.SCMNodeInfo (SCMNodeInfo.java:getPort(197)) - ConfigKey ozone.scm.security.service.address is deprecated, For configuring different ports for each SCM use PortConfigKey ozone.scm.security.service.port appended with serviceId and nodeId
2024-07-10 07:23:26,926 [scmNode-3-SCMInstallSnapshot-0] INFO  ha.SCMNodeInfo (SCMNodeInfo.java:getPort(197)) - ConfigKey ozone.scm.datanode.address is deprecated, For configuring different ports for each SCM use PortConfigKey ozone.scm.datanode.port appended with serviceId and nodeId
2024-07-10 07:23:26,926 [scmNode-3-SCMInstallSnapshot-0] INFO  ha.SCMNodeInfo (SCMNodeInfo.java:getPort(197)) - ConfigKey ozone.scm.client.address is deprecated, For configuring different ports for each SCM use PortConfigKey ozone.scm.client.port appended with serviceId and nodeId
2024-07-10 07:23:26,926 [scmNode-3-SCMInstallSnapshot-0] INFO  ha.SCMNodeInfo (SCMNodeInfo.java:getPort(197)) - ConfigKey ozone.scm.block.client.address is deprecated, For configuring different ports for each SCM use PortConfigKey ozone.scm.block.client.port appended with serviceId and nodeId
2024-07-10 07:23:26,927 [scmNode-3-SCMInstallSnapshot-0] INFO  ha.SCMNodeInfo (SCMNodeInfo.java:getPort(197)) - ConfigKey ozone.scm.security.service.address is deprecated, For configuring different ports for each SCM use PortConfigKey ozone.scm.security.service.port appended with serviceId and nodeId
2024-07-10 07:23:26,927 [scmNode-3-SCMInstallSnapshot-0] INFO  ha.SCMNodeInfo (SCMNodeInfo.java:getPort(197)) - ConfigKey ozone.scm.datanode.address is deprecated, For configuring different ports for each SCM use PortConfigKey ozone.scm.datanode.port appended with serviceId and nodeId
2024-07-10 07:23:26,927 [scmNode-3-SCMInstallSnapshot-0] INFO  ha.SCMNodeInfo (SCMNodeInfo.java:getPort(197)) - ConfigKey ozone.scm.client.address is deprecated, For configuring different ports for each SCM use PortConfigKey ozone.scm.client.port appended with serviceId and nodeId
2024-07-10 07:23:26,927 [scmNode-3-SCMInstallSnapshot-0] INFO  ha.SCMNodeInfo (SCMNodeInfo.java:getPort(197)) - ConfigKey ozone.scm.block.client.address is deprecated, For configuring different ports for each SCM use PortConfigKey ozone.scm.block.client.port appended with serviceId and nodeId
2024-07-10 07:23:26,927 [scmNode-3-SCMInstallSnapshot-0] INFO  ha.SCMNodeInfo (SCMNodeInfo.java:getPort(197)) - ConfigKey ozone.scm.security.service.address is deprecated, For configuring different ports for each SCM use PortConfigKey ozone.scm.security.service.port appended with serviceId and nodeId
2024-07-10 07:23:26,927 [scmNode-3-SCMInstallSnapshot-0] INFO  ha.SCMNodeInfo (SCMNodeInfo.java:getPort(197)) - ConfigKey ozone.scm.datanode.address is deprecated, For configuring different ports for each SCM use PortConfigKey ozone.scm.datanode.port appended with serviceId and nodeId
2024-07-10 07:23:26,930 [grpc-default-executor-4] INFO  server.RaftServer$Division (ServerState.java:setRaftConf(386)) - f259835d-d8e4-4f48-95e4-1e4b6d3ef0d5@group-C5585A39A1B5: set configuration conf: {index: 23, cur=peers:[8b0090bf-277f-4b89-9ec7-80a6dcff705a|localhost:15011, d38ec341-43ec-4d2c-a000-6eddcfc2f96f|localhost:15003]|listeners:[], old=null}
2024-07-10 07:23:26,932 [grpc-default-executor-4] INFO  impl.SnapshotInstallationHandler (SnapshotInstallationHandler.java:installSnapshot(103)) - f259835d-d8e4-4f48-95e4-1e4b6d3ef0d5@group-C5585A39A1B5: reply installSnapshot: d38ec341-43ec-4d2c-a000-6eddcfc2f96f<-f259835d-d8e4-4f48-95e4-1e4b6d3ef0d5#0:FAIL-t2,IN_PROGRESS,snapshotIndex=0
2024-07-10 07:23:26,932 [grpc-default-executor-4] INFO  server.GrpcServerProtocolService (GrpcServerProtocolService.java:onCompleted(157)) - f259835d-d8e4-4f48-95e4-1e4b6d3ef0d5: Completed INSTALL_SNAPSHOT, lastRequest: d38ec341-43ec-4d2c-a000-6eddcfc2f96f->f259835d-d8e4-4f48-95e4-1e4b6d3ef0d5#0-t2,notify:(t:1, i:0)
2024-07-10 07:23:26,932 [grpc-default-executor-4] INFO  server.GrpcServerProtocolService (GrpcServerProtocolService.java:lambda$onCompleted$5(159)) - f259835d-d8e4-4f48-95e4-1e4b6d3ef0d5: Completed INSTALL_SNAPSHOT, lastReply: null
2024-07-10 07:23:26,935 [grpc-default-executor-4] INFO  server.GrpcLogAppender (GrpcLogAppender.java:onNext(649)) - d38ec341-43ec-4d2c-a000-6eddcfc2f96f@group-C5585A39A1B5->f259835d-d8e4-4f48-95e4-1e4b6d3ef0d5-InstallSnapshotResponseHandler: received a reply d38ec341-43ec-4d2c-a000-6eddcfc2f96f<-f259835d-d8e4-4f48-95e4-1e4b6d3ef0d5#0:FAIL-t2,IN_PROGRESS,snapshotIndex=0
2024-07-10 07:23:26,935 [grpc-default-executor-4] INFO  server.GrpcLogAppender (GrpcLogAppender.java:onNext(665)) - d38ec341-43ec-4d2c-a000-6eddcfc2f96f@group-C5585A39A1B5->f259835d-d8e4-4f48-95e4-1e4b6d3ef0d5-InstallSnapshotResponseHandler: InstallSnapshot in progress.
2024-07-10 07:23:26,935 [Socket Reader #1 for port 15002] INFO  ipc.Server (Server.java:saslProcess(2139)) - Auth successful for scm/fv-az1386-216.klszfsxs10seni2gsqlth152tc.dx.internal.cloudapp.net@EXAMPLE.COM (auth:KERBEROS) from fv-az1386-216.klszfsxs10seni2gsqlth152tc.dx.internal.cloudapp.net:41205 / 10.1.0.19:41205
2024-07-10 07:23:26,936 [f259835d-d8e4-4f48-95e4-1e4b6d3ef0d5-server-thread1] INFO  server.RaftServer$Division (RaftServerImpl.java:checkInconsistentAppendEntries(1629)) - f259835d-d8e4-4f48-95e4-1e4b6d3ef0d5@group-C5585A39A1B5: Failed appendEntries as snapshot (0) installation is in progress
2024-07-10 07:23:26,936 [f259835d-d8e4-4f48-95e4-1e4b6d3ef0d5-server-thread1] INFO  server.RaftServer$Division (RaftServerImpl.java:appendEntriesAsync(1584)) - f259835d-d8e4-4f48-95e4-1e4b6d3ef0d5@group-C5585A39A1B5: appendEntries* reply d38ec341-43ec-4d2c-a000-6eddcfc2f96f<-f259835d-d8e4-4f48-95e4-1e4b6d3ef0d5#4:FAIL-t2,INCONSISTENCY,nextIndex=0,followerCommit=-1,matchIndex=-1
2024-07-10 07:23:26,937 [d38ec341-43ec-4d2c-a000-6eddcfc2f96f@group-C5585A39A1B5->f259835d-d8e4-4f48-95e4-1e4b6d3ef0d5-GrpcLogAppender-LogAppenderDaemon] INFO  server.GrpcLogAppender (GrpcLogAppender.java:notifyInstallSnapshot(790)) - d38ec341-43ec-4d2c-a000-6eddcfc2f96f@group-C5585A39A1B5->f259835d-d8e4-4f48-95e4-1e4b6d3ef0d5-GrpcLogAppender: notifyInstallSnapshot with firstAvailable=(t:1, i:0), followerNextIndex=0
2024-07-10 07:23:26,937 [d38ec341-43ec-4d2c-a000-6eddcfc2f96f@group-C5585A39A1B5->f259835d-d8e4-4f48-95e4-1e4b6d3ef0d5-GrpcLogAppender-LogAppenderDaemon] INFO  server.GrpcLogAppender (GrpcLogAppender.java:notifyInstallSnapshot(798)) - d38ec341-43ec-4d2c-a000-6eddcfc2f96f@group-C5585A39A1B5->f259835d-d8e4-4f48-95e4-1e4b6d3ef0d5-GrpcLogAppender: send d38ec341-43ec-4d2c-a000-6eddcfc2f96f->f259835d-d8e4-4f48-95e4-1e4b6d3ef0d5#0-t2,notify:(t:1, i:0)
2024-07-10 07:23:26,938 [grpc-default-executor-4] WARN  server.GrpcLogAppender (GrpcLogAppender.java:onNextImpl(519)) - d38ec341-43ec-4d2c-a000-6eddcfc2f96f@group-C5585A39A1B5->f259835d-d8e4-4f48-95e4-1e4b6d3ef0d5-AppendLogResponseHandler: received INCONSISTENCY reply with nextIndex 0, errorCount=1, request=AppendEntriesRequest:cid=4,entriesCount=0
2024-07-10 07:23:26,939 [grpc-default-executor-3] INFO  impl.SnapshotInstallationHandler (SnapshotInstallationHandler.java:installSnapshot(92)) - f259835d-d8e4-4f48-95e4-1e4b6d3ef0d5@group-C5585A39A1B5: receive installSnapshot: d38ec341-43ec-4d2c-a000-6eddcfc2f96f->f259835d-d8e4-4f48-95e4-1e4b6d3ef0d5#0-t2,notify:(t:1, i:0)
2024-07-10 07:23:26,940 [grpc-default-executor-3] INFO  impl.SnapshotInstallationHandler (SnapshotInstallationHandler.java:installSnapshotImpl(138)) - f259835d-d8e4-4f48-95e4-1e4b6d3ef0d5@group-C5585A39A1B5: set new configuration index: 23
configurationEntry {
  peers {
    id: "8b0090bf-277f-4b89-9ec7-80a6dcff705a"
    address: "localhost:15011"
    startupRole: FOLLOWER
  }
  peers {
    id: "d38ec341-43ec-4d2c-a000-6eddcfc2f96f"
    address: "localhost:15003"
    startupRole: FOLLOWER
  }
}
 from snapshot
2024-07-10 07:23:26,940 [grpc-default-executor-3] INFO  server.RaftServer$Division (ServerState.java:setRaftConf(386)) - f259835d-d8e4-4f48-95e4-1e4b6d3ef0d5@group-C5585A39A1B5: set configuration conf: {index: 23, cur=peers:[8b0090bf-277f-4b89-9ec7-80a6dcff705a|localhost:15011, d38ec341-43ec-4d2c-a000-6eddcfc2f96f|localhost:15003]|listeners:[], old=null}
2024-07-10 07:23:26,942 [grpc-default-executor-3] INFO  impl.SnapshotInstallationHandler (SnapshotInstallationHandler.java:installSnapshot(103)) - f259835d-d8e4-4f48-95e4-1e4b6d3ef0d5@group-C5585A39A1B5: reply installSnapshot: d38ec341-43ec-4d2c-a000-6eddcfc2f96f<-f259835d-d8e4-4f48-95e4-1e4b6d3ef0d5#0:FAIL-t2,IN_PROGRESS,snapshotIndex=0
2024-07-10 07:23:26,943 [grpc-default-executor-5] INFO  server.GrpcLogAppender (GrpcLogAppender.java:onNext(649)) - d38ec341-43ec-4d2c-a000-6eddcfc2f96f@group-C5585A39A1B5->f259835d-d8e4-4f48-95e4-1e4b6d3ef0d5-InstallSnapshotResponseHandler: received a reply d38ec341-43ec-4d2c-a000-6eddcfc2f96f<-f259835d-d8e4-4f48-95e4-1e4b6d3ef0d5#0:FAIL-t2,IN_PROGRESS,snapshotIndex=0
2024-07-10 07:23:26,943 [grpc-default-executor-5] INFO  server.GrpcLogAppender (GrpcLogAppender.java:onNext(665)) - d38ec341-43ec-4d2c-a000-6eddcfc2f96f@group-C5585A39A1B5->f259835d-d8e4-4f48-95e4-1e4b6d3ef0d5-InstallSnapshotResponseHandler: InstallSnapshot in progress.
2024-07-10 07:23:26,944 [grpc-default-executor-3] INFO  server.GrpcServerProtocolService (GrpcServerProtocolService.java:onCompleted(157)) - f259835d-d8e4-4f48-95e4-1e4b6d3ef0d5: Completed INSTALL_SNAPSHOT, lastRequest: d38ec341-43ec-4d2c-a000-6eddcfc2f96f->f259835d-d8e4-4f48-95e4-1e4b6d3ef0d5#0-t2,notify:(t:1, i:0)
2024-07-10 07:23:26,944 [grpc-default-executor-3] INFO  server.GrpcServerProtocolService (GrpcServerProtocolService.java:lambda$onCompleted$5(159)) - f259835d-d8e4-4f48-95e4-1e4b6d3ef0d5: Completed INSTALL_SNAPSHOT, lastReply: null
2024-07-10 07:23:26,945 [d38ec341-43ec-4d2c-a000-6eddcfc2f96f@group-C5585A39A1B5->f259835d-d8e4-4f48-95e4-1e4b6d3ef0d5-GrpcLogAppender-LogAppenderDaemon] INFO  server.GrpcLogAppender (GrpcLogAppender.java:notifyInstallSnapshot(790)) - d38ec341-43ec-4d2c-a000-6eddcfc2f96f@group-C5585A39A1B5->f259835d-d8e4-4f48-95e4-1e4b6d3ef0d5-GrpcLogAppender: notifyInstallSnapshot with firstAvailable=(t:1, i:0), followerNextIndex=0
2024-07-10 07:23:26,945 [d38ec341-43ec-4d2c-a000-6eddcfc2f96f@group-C5585A39A1B5->f259835d-d8e4-4f48-95e4-1e4b6d3ef0d5-GrpcLogAppender-LogAppenderDaemon] INFO  server.GrpcLogAppender (GrpcLogAppender.java:notifyInstallSnapshot(798)) - d38ec341-43ec-4d2c-a000-6eddcfc2f96f@group-C5585A39A1B5->f259835d-d8e4-4f48-95e4-1e4b6d3ef0d5-GrpcLogAppender: send d38ec341-43ec-4d2c-a000-6eddcfc2f96f->f259835d-d8e4-4f48-95e4-1e4b6d3ef0d5#0-t2,notify:(t:1, i:0)
2024-07-10 07:23:26,947 [grpc-default-executor-5] INFO  impl.SnapshotInstallationHandler (SnapshotInstallationHandler.java:installSnapshot(92)) - f259835d-d8e4-4f48-95e4-1e4b6d3ef0d5@group-C5585A39A1B5: receive installSnapshot: d38ec341-43ec-4d2c-a000-6eddcfc2f96f->f259835d-d8e4-4f48-95e4-1e4b6d3ef0d5#0-t2,notify:(t:1, i:0)
2024-07-10 07:23:26,947 [grpc-default-executor-5] INFO  impl.SnapshotInstallationHandler (SnapshotInstallationHandler.java:installSnapshotImpl(138)) - f259835d-d8e4-4f48-95e4-1e4b6d3ef0d5@group-C5585A39A1B5: set new configuration index: 23
configurationEntry {
  peers {
    id: "8b0090bf-277f-4b89-9ec7-80a6dcff705a"
    address: "localhost:15011"
    startupRole: FOLLOWER
  }
  peers {
    id: "d38ec341-43ec-4d2c-a000-6eddcfc2f96f"
    address: "localhost:15003"
    startupRole: FOLLOWER
  }
}
 from snapshot
2024-07-10 07:23:26,947 [grpc-default-executor-5] INFO  server.RaftServer$Division (ServerState.java:setRaftConf(386)) - f259835d-d8e4-4f48-95e4-1e4b6d3ef0d5@group-C5585A39A1B5: set configuration conf: {index: 23, cur=peers:[8b0090bf-277f-4b89-9ec7-80a6dcff705a|localhost:15011, d38ec341-43ec-4d2c-a000-6eddcfc2f96f|localhost:15003]|listeners:[], old=null}
2024-07-10 07:23:26,949 [f259835d-d8e4-4f48-95e4-1e4b6d3ef0d5-server-thread1] INFO  server.RaftServer$Division (RaftServerImpl.java:checkInconsistentAppendEntries(1629)) - f259835d-d8e4-4f48-95e4-1e4b6d3ef0d5@group-C5585A39A1B5: Failed appendEntries as snapshot (0) installation is in progress
2024-07-10 07:23:26,949 [f259835d-d8e4-4f48-95e4-1e4b6d3ef0d5-server-thread1] INFO  server.RaftServer$Division (RaftServerImpl.java:appendEntriesAsync(1584)) - f259835d-d8e4-4f48-95e4-1e4b6d3ef0d5@group-C5585A39A1B5: appendEntries* reply d38ec341-43ec-4d2c-a000-6eddcfc2f96f<-f259835d-d8e4-4f48-95e4-1e4b6d3ef0d5#5:FAIL-t2,INCONSISTENCY,nextIndex=0,followerCommit=-1,matchIndex=-1
2024-07-10 07:23:26,949 [grpc-default-executor-5] INFO  impl.SnapshotInstallationHandler (SnapshotInstallationHandler.java:installSnapshot(103)) - f259835d-d8e4-4f48-95e4-1e4b6d3ef0d5@group-C5585A39A1B5: reply installSnapshot: d38ec341-43ec-4d2c-a000-6eddcfc2f96f<-f259835d-d8e4-4f48-95e4-1e4b6d3ef0d5#0:FAIL-t2,IN_PROGRESS,snapshotIndex=0
2024-07-10 07:23:26,950 [Socket Reader #1 for port 15002] INFO  authorize.ServiceAuthorizationManager (ServiceAuthorizationManager.java:authorize(137)) - Authorization successful for scm/fv-az1386-216.klszfsxs10seni2gsqlth152tc.dx.internal.cloudapp.net@EXAMPLE.COM (auth:KERBEROS) for protocol=interface org.apache.hadoop.hdds.protocol.SecretKeyProtocolScm
2024-07-10 07:23:26,950 [grpc-default-executor-4] INFO  server.GrpcLogAppender (GrpcLogAppender.java:onNext(649)) - d38ec341-43ec-4d2c-a000-6eddcfc2f96f@group-C5585A39A1B5->f259835d-d8e4-4f48-95e4-1e4b6d3ef0d5-InstallSnapshotResponseHandler: received a reply d38ec341-43ec-4d2c-a000-6eddcfc2f96f<-f259835d-d8e4-4f48-95e4-1e4b6d3ef0d5#0:FAIL-t2,IN_PROGRESS,snapshotIndex=0
2024-07-10 07:23:26,950 [grpc-default-executor-4] INFO  server.GrpcLogAppender (GrpcLogAppender.java:onNext(665)) - d38ec341-43ec-4d2c-a000-6eddcfc2f96f@group-C5585A39A1B5->f259835d-d8e4-4f48-95e4-1e4b6d3ef0d5-InstallSnapshotResponseHandler: InstallSnapshot in progress.
2024-07-10 07:23:26,950 [grpc-default-executor-5] INFO  server.GrpcServerProtocolService (GrpcServerProtocolService.java:onCompleted(157)) - f259835d-d8e4-4f48-95e4-1e4b6d3ef0d5: Completed INSTALL_SNAPSHOT, lastRequest: d38ec341-43ec-4d2c-a000-6eddcfc2f96f->f259835d-d8e4-4f48-95e4-1e4b6d3ef0d5#0-t2,notify:(t:1, i:0)
2024-07-10 07:23:26,950 [grpc-default-executor-5] INFO  server.GrpcServerProtocolService (GrpcServerProtocolService.java:lambda$onCompleted$5(159)) - f259835d-d8e4-4f48-95e4-1e4b6d3ef0d5: Completed INSTALL_SNAPSHOT, lastReply: null
2024-07-10 07:23:26,951 [d38ec341-43ec-4d2c-a000-6eddcfc2f96f@group-C5585A39A1B5->f259835d-d8e4-4f48-95e4-1e4b6d3ef0d5-GrpcLogAppender-LogAppenderDaemon] INFO  server.GrpcLogAppender (GrpcLogAppender.java:notifyInstallSnapshot(790)) - d38ec341-43ec-4d2c-a000-6eddcfc2f96f@group-C5585A39A1B5->f259835d-d8e4-4f48-95e4-1e4b6d3ef0d5-GrpcLogAppender: notifyInstallSnapshot with firstAvailable=(t:1, i:0), followerNextIndex=0
2024-07-10 07:23:26,951 [d38ec341-43ec-4d2c-a000-6eddcfc2f96f@group-C5585A39A1B5->f259835d-d8e4-4f48-95e4-1e4b6d3ef0d5-GrpcLogAppender-LogAppenderDaemon] INFO  server.GrpcLogAppender (GrpcLogAppender.java:notifyInstallSnapshot(798)) - d38ec341-43ec-4d2c-a000-6eddcfc2f96f@group-C5585A39A1B5->f259835d-d8e4-4f48-95e4-1e4b6d3ef0d5-GrpcLogAppender: send d38ec341-43ec-4d2c-a000-6eddcfc2f96f->f259835d-d8e4-4f48-95e4-1e4b6d3ef0d5#0-t2,notify:(t:1, i:0)
2024-07-10 07:23:26,952 [scmNode-3-SCMInstallSnapshot-0] INFO  ha.SCMStateMachine (SCMStateMachine.java:lambda$notifyInstallSnapshotFromLeader$2(257)) - Got secret keys from leaders [SecretKey(id = d37e69df-d79b-4b07-b27c-bc89dd616af5, creation at: 2024-07-10T07:23:26.061Z, expire at: 2024-07-10T07:23:29.061Z), SecretKey(id = 778f8783-5882-4fb8-9e2c-0b8e26535ab6, creation at: 2024-07-10T07:23:24.964Z, expire at: 2024-07-10T07:23:27.964Z), SecretKey(id = c0c1d7fb-2adb-4ddf-9e48-e51d45f11d5f, creation at: 2024-07-10T07:23:23.961Z, expire at: 2024-07-10T07:23:26.961Z)]
2024-07-10 07:23:26,959 [grpc-default-executor-4] INFO  impl.SnapshotInstallationHandler (SnapshotInstallationHandler.java:installSnapshot(92)) - f259835d-d8e4-4f48-95e4-1e4b6d3ef0d5@group-C5585A39A1B5: receive installSnapshot: d38ec341-43ec-4d2c-a000-6eddcfc2f96f->f259835d-d8e4-4f48-95e4-1e4b6d3ef0d5#0-t2,notify:(t:1, i:0)
2024-07-10 07:23:26,959 [grpc-default-executor-4] INFO  impl.SnapshotInstallationHandler (SnapshotInstallationHandler.java:installSnapshotImpl(138)) - f259835d-d8e4-4f48-95e4-1e4b6d3ef0d5@group-C5585A39A1B5: set new configuration index: 23
configurationEntry {
  peers {
    id: "8b0090bf-277f-4b89-9ec7-80a6dcff705a"
    address: "localhost:15011"
    startupRole: FOLLOWER
  }
  peers {
    id: "d38ec341-43ec-4d2c-a000-6eddcfc2f96f"
    address: "localhost:15003"
    startupRole: FOLLOWER
  }
}
 from snapshot
2024-07-10 07:23:26,959 [grpc-default-executor-4] INFO  server.RaftServer$Division (ServerState.java:setRaftConf(386)) - f259835d-d8e4-4f48-95e4-1e4b6d3ef0d5@group-C5585A39A1B5: set configuration conf: {index: 23, cur=peers:[8b0090bf-277f-4b89-9ec7-80a6dcff705a|localhost:15011, d38ec341-43ec-4d2c-a000-6eddcfc2f96f|localhost:15003]|listeners:[], old=null}
2024-07-10 07:23:26,961 [grpc-default-executor-4] INFO  impl.SnapshotInstallationHandler (SnapshotInstallationHandler.java:installSnapshot(103)) - f259835d-d8e4-4f48-95e4-1e4b6d3ef0d5@group-C5585A39A1B5: reply installSnapshot: d38ec341-43ec-4d2c-a000-6eddcfc2f96f<-f259835d-d8e4-4f48-95e4-1e4b6d3ef0d5#0:FAIL-t2,IN_PROGRESS,snapshotIndex=0
2024-07-10 07:23:26,961 [grpc-default-executor-4] INFO  server.GrpcServerProtocolService (GrpcServerProtocolService.java:onCompleted(157)) - f259835d-d8e4-4f48-95e4-1e4b6d3ef0d5: Completed INSTALL_SNAPSHOT, lastRequest: d38ec341-43ec-4d2c-a000-6eddcfc2f96f->f259835d-d8e4-4f48-95e4-1e4b6d3ef0d5#0-t2,notify:(t:1, i:0)
2024-07-10 07:23:26,961 [grpc-default-executor-4] INFO  server.GrpcServerProtocolService (GrpcServerProtocolService.java:lambda$onCompleted$5(159)) - f259835d-d8e4-4f48-95e4-1e4b6d3ef0d5: Completed INSTALL_SNAPSHOT, lastReply: null
2024-07-10 07:23:26,962 [grpc-default-executor-0] INFO  server.GrpcLogAppender (GrpcLogAppender.java:onNext(649)) - d38ec341-43ec-4d2c-a000-6eddcfc2f96f@group-C5585A39A1B5->f259835d-d8e4-4f48-95e4-1e4b6d3ef0d5-InstallSnapshotResponseHandler: received a reply d38ec341-43ec-4d2c-a000-6eddcfc2f96f<-f259835d-d8e4-4f48-95e4-1e4b6d3ef0d5#0:FAIL-t2,IN_PROGRESS,snapshotIndex=0
2024-07-10 07:23:26,962 [grpc-default-executor-0] INFO  server.GrpcLogAppender (GrpcLogAppender.java:onNext(665)) - d38ec341-43ec-4d2c-a000-6eddcfc2f96f@group-C5585A39A1B5->f259835d-d8e4-4f48-95e4-1e4b6d3ef0d5-InstallSnapshotResponseHandler: InstallSnapshot in progress.
2024-07-10 07:23:26,961 [grpc-default-executor-5] WARN  server.GrpcLogAppender (GrpcLogAppender.java:onNextImpl(519)) - d38ec341-43ec-4d2c-a000-6eddcfc2f96f@group-C5585A39A1B5->f259835d-d8e4-4f48-95e4-1e4b6d3ef0d5-AppendLogResponseHandler: received INCONSISTENCY reply with nextIndex 0, errorCount=1, request=AppendEntriesRequest:cid=5,entriesCount=0
2024-07-10 07:23:26,963 [d38ec341-43ec-4d2c-a000-6eddcfc2f96f@group-C5585A39A1B5->f259835d-d8e4-4f48-95e4-1e4b6d3ef0d5-GrpcLogAppender-LogAppenderDaemon] INFO  server.GrpcLogAppender (GrpcLogAppender.java:notifyInstallSnapshot(790)) - d38ec341-43ec-4d2c-a000-6eddcfc2f96f@group-C5585A39A1B5->f259835d-d8e4-4f48-95e4-1e4b6d3ef0d5-GrpcLogAppender: notifyInstallSnapshot with firstAvailable=(t:1, i:0), followerNextIndex=0
2024-07-10 07:23:26,963 [d38ec341-43ec-4d2c-a000-6eddcfc2f96f@group-C5585A39A1B5->f259835d-d8e4-4f48-95e4-1e4b6d3ef0d5-GrpcLogAppender-LogAppenderDaemon] INFO  server.GrpcLogAppender (GrpcLogAppender.java:notifyInstallSnapshot(798)) - d38ec341-43ec-4d2c-a000-6eddcfc2f96f@group-C5585A39A1B5->f259835d-d8e4-4f48-95e4-1e4b6d3ef0d5-GrpcLogAppender: send d38ec341-43ec-4d2c-a000-6eddcfc2f96f->f259835d-d8e4-4f48-95e4-1e4b6d3ef0d5#0-t2,notify:(t:1, i:0)
2024-07-10 07:23:26,964 [f259835d-d8e4-4f48-95e4-1e4b6d3ef0d5-server-thread1] INFO  server.RaftServer$Division (RaftServerImpl.java:checkInconsistentAppendEntries(1629)) - f259835d-d8e4-4f48-95e4-1e4b6d3ef0d5@group-C5585A39A1B5: Failed appendEntries as snapshot (0) installation is in progress
2024-07-10 07:23:26,964 [grpc-default-executor-0] INFO  impl.SnapshotInstallationHandler (SnapshotInstallationHandler.java:installSnapshot(92)) - f259835d-d8e4-4f48-95e4-1e4b6d3ef0d5@group-C5585A39A1B5: receive installSnapshot: d38ec341-43ec-4d2c-a000-6eddcfc2f96f->f259835d-d8e4-4f48-95e4-1e4b6d3ef0d5#0-t2,notify:(t:1, i:0)
2024-07-10 07:23:26,964 [f259835d-d8e4-4f48-95e4-1e4b6d3ef0d5-server-thread1] INFO  server.RaftServer$Division (RaftServerImpl.java:appendEntriesAsync(1584)) - f259835d-d8e4-4f48-95e4-1e4b6d3ef0d5@group-C5585A39A1B5: appendEntries* reply d38ec341-43ec-4d2c-a000-6eddcfc2f96f<-f259835d-d8e4-4f48-95e4-1e4b6d3ef0d5#6:FAIL-t2,INCONSISTENCY,nextIndex=0,followerCommit=-1,matchIndex=-1
2024-07-10 07:23:26,965 [grpc-default-executor-0] INFO  impl.SnapshotInstallationHandler (SnapshotInstallationHandler.java:installSnapshotImpl(138)) - f259835d-d8e4-4f48-95e4-1e4b6d3ef0d5@group-C5585A39A1B5: set new configuration index: 23
configurationEntry {
  peers {
    id: "8b0090bf-277f-4b89-9ec7-80a6dcff705a"
    address: "localhost:15011"
    startupRole: FOLLOWER
  }
  peers {
    id: "d38ec341-43ec-4d2c-a000-6eddcfc2f96f"
    address: "localhost:15003"
    startupRole: FOLLOWER
  }
}
 from snapshot
2024-07-10 07:23:26,965 [grpc-default-executor-0] INFO  server.RaftServer$Division (ServerState.java:setRaftConf(386)) - f259835d-d8e4-4f48-95e4-1e4b6d3ef0d5@group-C5585A39A1B5: set configuration conf: {index: 23, cur=peers:[8b0090bf-277f-4b89-9ec7-80a6dcff705a|localhost:15011, d38ec341-43ec-4d2c-a000-6eddcfc2f96f|localhost:15003]|listeners:[], old=null}
2024-07-10 07:23:26,965 [grpc-default-executor-4] WARN  server.GrpcLogAppender (GrpcLogAppender.java:onNextImpl(519)) - d38ec341-43ec-4d2c-a000-6eddcfc2f96f@group-C5585A39A1B5->f259835d-d8e4-4f48-95e4-1e4b6d3ef0d5-AppendLogResponseHandler: received INCONSISTENCY reply with nextIndex 0, errorCount=1, request=null
2024-07-10 07:23:26,966 [f259835d-d8e4-4f48-95e4-1e4b6d3ef0d5-server-thread1] INFO  server.RaftServer$Division (RaftServerImpl.java:checkInconsistentAppendEntries(1629)) - f259835d-d8e4-4f48-95e4-1e4b6d3ef0d5@group-C5585A39A1B5: Failed appendEntries as snapshot (0) installation is in progress
2024-07-10 07:23:26,966 [f259835d-d8e4-4f48-95e4-1e4b6d3ef0d5-server-thread1] INFO  server.RaftServer$Division (RaftServerImpl.java:appendEntriesAsync(1584)) - f259835d-d8e4-4f48-95e4-1e4b6d3ef0d5@group-C5585A39A1B5: appendEntries* reply d38ec341-43ec-4d2c-a000-6eddcfc2f96f<-f259835d-d8e4-4f48-95e4-1e4b6d3ef0d5#7:FAIL-t2,INCONSISTENCY,nextIndex=0,followerCommit=-1,matchIndex=-1
2024-07-10 07:23:26,966 [grpc-default-executor-0] INFO  impl.SnapshotInstallationHandler (SnapshotInstallationHandler.java:installSnapshot(103)) - f259835d-d8e4-4f48-95e4-1e4b6d3ef0d5@group-C5585A39A1B5: reply installSnapshot: d38ec341-43ec-4d2c-a000-6eddcfc2f96f<-f259835d-d8e4-4f48-95e4-1e4b6d3ef0d5#0:FAIL-t2,IN_PROGRESS,snapshotIndex=0
2024-07-10 07:23:26,967 [grpc-default-executor-0] INFO  server.GrpcServerProtocolService (GrpcServerProtocolService.java:onCompleted(157)) - f259835d-d8e4-4f48-95e4-1e4b6d3ef0d5: Completed INSTALL_SNAPSHOT, lastRequest: d38ec341-43ec-4d2c-a000-6eddcfc2f96f->f259835d-d8e4-4f48-95e4-1e4b6d3ef0d5#0-t2,notify:(t:1, i:0)
2024-07-10 07:23:26,967 [grpc-default-executor-0] INFO  server.GrpcServerProtocolService (GrpcServerProtocolService.java:lambda$onCompleted$5(159)) - f259835d-d8e4-4f48-95e4-1e4b6d3ef0d5: Completed INSTALL_SNAPSHOT, lastReply: null
2024-07-10 07:23:26,967 [grpc-default-executor-4] WARN  server.GrpcLogAppender (GrpcLogAppender.java:onNextImpl(519)) - d38ec341-43ec-4d2c-a000-6eddcfc2f96f@group-C5585A39A1B5->f259835d-d8e4-4f48-95e4-1e4b6d3ef0d5-AppendLogResponseHandler: received INCONSISTENCY reply with nextIndex 0, errorCount=2, request=null
2024-07-10 07:23:26,968 [grpc-default-executor-5] INFO  server.GrpcLogAppender (GrpcLogAppender.java:onNext(649)) - d38ec341-43ec-4d2c-a000-6eddcfc2f96f@group-C5585A39A1B5->f259835d-d8e4-4f48-95e4-1e4b6d3ef0d5-InstallSnapshotResponseHandler: received a reply d38ec341-43ec-4d2c-a000-6eddcfc2f96f<-f259835d-d8e4-4f48-95e4-1e4b6d3ef0d5#0:FAIL-t2,IN_PROGRESS,snapshotIndex=0
2024-07-10 07:23:26,968 [grpc-default-executor-5] INFO  server.GrpcLogAppender (GrpcLogAppender.java:onNext(665)) - d38ec341-43ec-4d2c-a000-6eddcfc2f96f@group-C5585A39A1B5->f259835d-d8e4-4f48-95e4-1e4b6d3ef0d5-InstallSnapshotResponseHandler: InstallSnapshot in progress.
2024-07-10 07:23:26,969 [d38ec341-43ec-4d2c-a000-6eddcfc2f96f@group-C5585A39A1B5->f259835d-d8e4-4f48-95e4-1e4b6d3ef0d5-GrpcLogAppender-LogAppenderDaemon] INFO  server.GrpcLogAppender (GrpcLogAppender.java:notifyInstallSnapshot(790)) - d38ec341-43ec-4d2c-a000-6eddcfc2f96f@group-C5585A39A1B5->f259835d-d8e4-4f48-95e4-1e4b6d3ef0d5-GrpcLogAppender: notifyInstallSnapshot with firstAvailable=(t:1, i:0), followerNextIndex=0
2024-07-10 07:23:26,969 [d38ec341-43ec-4d2c-a000-6eddcfc2f96f@group-C5585A39A1B5->f259835d-d8e4-4f48-95e4-1e4b6d3ef0d5-GrpcLogAppender-LogAppenderDaemon] INFO  server.GrpcLogAppender (GrpcLogAppender.java:notifyInstallSnapshot(798)) - d38ec341-43ec-4d2c-a000-6eddcfc2f96f@group-C5585A39A1B5->f259835d-d8e4-4f48-95e4-1e4b6d3ef0d5-GrpcLogAppender: send d38ec341-43ec-4d2c-a000-6eddcfc2f96f->f259835d-d8e4-4f48-95e4-1e4b6d3ef0d5#0-t2,notify:(t:1, i:0)
2024-07-10 07:23:26,970 [f259835d-d8e4-4f48-95e4-1e4b6d3ef0d5-server-thread1] INFO  server.RaftServer$Division (RaftServerImpl.java:checkInconsistentAppendEntries(1629)) - f259835d-d8e4-4f48-95e4-1e4b6d3ef0d5@group-C5585A39A1B5: Failed appendEntries as snapshot (0) installation is in progress
2024-07-10 07:23:26,970 [f259835d-d8e4-4f48-95e4-1e4b6d3ef0d5-server-thread1] INFO  server.RaftServer$Division (RaftServerImpl.java:appendEntriesAsync(1584)) - f259835d-d8e4-4f48-95e4-1e4b6d3ef0d5@group-C5585A39A1B5: appendEntries* reply d38ec341-43ec-4d2c-a000-6eddcfc2f96f<-f259835d-d8e4-4f48-95e4-1e4b6d3ef0d5#8:FAIL-t2,INCONSISTENCY,nextIndex=0,followerCommit=-1,matchIndex=-1
2024-07-10 07:23:26,970 [grpc-default-executor-5] WARN  server.GrpcLogAppender (GrpcLogAppender.java:onNextImpl(519)) - d38ec341-43ec-4d2c-a000-6eddcfc2f96f@group-C5585A39A1B5->f259835d-d8e4-4f48-95e4-1e4b6d3ef0d5-AppendLogResponseHandler: received INCONSISTENCY reply with nextIndex 0, errorCount=1, request=AppendEntriesRequest:cid=8,entriesCount=0
2024-07-10 07:23:26,972 [grpc-default-executor-3] INFO  impl.SnapshotInstallationHandler (SnapshotInstallationHandler.java:installSnapshot(92)) - f259835d-d8e4-4f48-95e4-1e4b6d3ef0d5@group-C5585A39A1B5: receive installSnapshot: d38ec341-43ec-4d2c-a000-6eddcfc2f96f->f259835d-d8e4-4f48-95e4-1e4b6d3ef0d5#0-t2,notify:(t:1, i:0)
2024-07-10 07:23:26,972 [grpc-default-executor-3] INFO  impl.SnapshotInstallationHandler (SnapshotInstallationHandler.java:installSnapshotImpl(138)) - f259835d-d8e4-4f48-95e4-1e4b6d3ef0d5@group-C5585A39A1B5: set new configuration index: 23
configurationEntry {
  peers {
    id: "8b0090bf-277f-4b89-9ec7-80a6dcff705a"
    address: "localhost:15011"
    startupRole: FOLLOWER
  }
  peers {
    id: "d38ec341-43ec-4d2c-a000-6eddcfc2f96f"
    address: "localhost:15003"
    startupRole: FOLLOWER
  }
}
 from snapshot
2024-07-10 07:23:26,972 [grpc-default-executor-3] INFO  server.RaftServer$Division (ServerState.java:setRaftConf(386)) - f259835d-d8e4-4f48-95e4-1e4b6d3ef0d5@group-C5585A39A1B5: set configuration conf: {index: 23, cur=peers:[8b0090bf-277f-4b89-9ec7-80a6dcff705a|localhost:15011, d38ec341-43ec-4d2c-a000-6eddcfc2f96f|localhost:15003]|listeners:[], old=null}
2024-07-10 07:23:26,974 [grpc-default-executor-3] INFO  impl.SnapshotInstallationHandler (SnapshotInstallationHandler.java:installSnapshot(103)) - f259835d-d8e4-4f48-95e4-1e4b6d3ef0d5@group-C5585A39A1B5: reply installSnapshot: d38ec341-43ec-4d2c-a000-6eddcfc2f96f<-f259835d-d8e4-4f48-95e4-1e4b6d3ef0d5#0:FAIL-t2,IN_PROGRESS,snapshotIndex=0
2024-07-10 07:23:26,975 [grpc-default-executor-5] INFO  server.GrpcLogAppender (GrpcLogAppender.java:onNext(649)) - d38ec341-43ec-4d2c-a000-6eddcfc2f96f@group-C5585A39A1B5->f259835d-d8e4-4f48-95e4-1e4b6d3ef0d5-InstallSnapshotResponseHandler: received a reply d38ec341-43ec-4d2c-a000-6eddcfc2f96f<-f259835d-d8e4-4f48-95e4-1e4b6d3ef0d5#0:FAIL-t2,IN_PROGRESS,snapshotIndex=0
2024-07-10 07:23:26,975 [grpc-default-executor-5] INFO  server.GrpcLogAppender (GrpcLogAppender.java:onNext(665)) - d38ec341-43ec-4d2c-a000-6eddcfc2f96f@group-C5585A39A1B5->f259835d-d8e4-4f48-95e4-1e4b6d3ef0d5-InstallSnapshotResponseHandler: InstallSnapshot in progress.
2024-07-10 07:23:26,976 [grpc-default-executor-3] INFO  server.GrpcServerProtocolService (GrpcServerProtocolService.java:onCompleted(157)) - f259835d-d8e4-4f48-95e4-1e4b6d3ef0d5: Completed INSTALL_SNAPSHOT, lastRequest: d38ec341-43ec-4d2c-a000-6eddcfc2f96f->f259835d-d8e4-4f48-95e4-1e4b6d3ef0d5#0-t2,notify:(t:1, i:0)
2024-07-10 07:23:26,976 [grpc-default-executor-3] INFO  server.GrpcServerProtocolService (GrpcServerProtocolService.java:lambda$onCompleted$5(159)) - f259835d-d8e4-4f48-95e4-1e4b6d3ef0d5: Completed INSTALL_SNAPSHOT, lastReply: null
2024-07-10 07:23:26,978 [f259835d-d8e4-4f48-95e4-1e4b6d3ef0d5-server-thread1] INFO  server.RaftServer$Division (RaftServerImpl.java:checkInconsistentAppendEntries(1629)) - f259835d-d8e4-4f48-95e4-1e4b6d3ef0d5@group-C5585A39A1B5: Failed appendEntries as snapshot (0) installation is in progress
2024-07-10 07:23:26,978 [f259835d-d8e4-4f48-95e4-1e4b6d3ef0d5-server-thread1] INFO  server.RaftServer$Division (RaftServerImpl.java:appendEntriesAsync(1584)) - f259835d-d8e4-4f48-95e4-1e4b6d3ef0d5@group-C5585A39A1B5: appendEntries* reply d38ec341-43ec-4d2c-a000-6eddcfc2f96f<-f259835d-d8e4-4f48-95e4-1e4b6d3ef0d5#9:FAIL-t2,INCONSISTENCY,nextIndex=0,followerCommit=-1,matchIndex=-1
2024-07-10 07:23:26,979 [d38ec341-43ec-4d2c-a000-6eddcfc2f96f@group-C5585A39A1B5->f259835d-d8e4-4f48-95e4-1e4b6d3ef0d5-GrpcLogAppender-LogAppenderDaemon] INFO  server.GrpcLogAppender (GrpcLogAppender.java:notifyInstallSnapshot(790)) - d38ec341-43ec-4d2c-a000-6eddcfc2f96f@group-C5585A39A1B5->f259835d-d8e4-4f48-95e4-1e4b6d3ef0d5-GrpcLogAppender: notifyInstallSnapshot with firstAvailable=(t:1, i:0), followerNextIndex=0
2024-07-10 07:23:26,979 [d38ec341-43ec-4d2c-a000-6eddcfc2f96f@group-C5585A39A1B5->f259835d-d8e4-4f48-95e4-1e4b6d3ef0d5-GrpcLogAppender-LogAppenderDaemon] INFO  server.GrpcLogAppender (GrpcLogAppender.java:notifyInstallSnapshot(798)) - d38ec341-43ec-4d2c-a000-6eddcfc2f96f@group-C5585A39A1B5->f259835d-d8e4-4f48-95e4-1e4b6d3ef0d5-GrpcLogAppender: send d38ec341-43ec-4d2c-a000-6eddcfc2f96f->f259835d-d8e4-4f48-95e4-1e4b6d3ef0d5#0-t2,notify:(t:1, i:0)
2024-07-10 07:23:26,979 [grpc-default-executor-5] WARN  server.GrpcLogAppender (GrpcLogAppender.java:onNextImpl(519)) - d38ec341-43ec-4d2c-a000-6eddcfc2f96f@group-C5585A39A1B5->f259835d-d8e4-4f48-95e4-1e4b6d3ef0d5-AppendLogResponseHandler: received INCONSISTENCY reply with nextIndex 0, errorCount=1, request=AppendEntriesRequest:cid=9,entriesCount=0
2024-07-10 07:23:26,983 [grpc-default-executor-3] INFO  impl.SnapshotInstallationHandler (SnapshotInstallationHandler.java:installSnapshot(92)) - f259835d-d8e4-4f48-95e4-1e4b6d3ef0d5@group-C5585A39A1B5: receive installSnapshot: d38ec341-43ec-4d2c-a000-6eddcfc2f96f->f259835d-d8e4-4f48-95e4-1e4b6d3ef0d5#0-t2,notify:(t:1, i:0)
2024-07-10 07:23:26,983 [grpc-default-executor-3] INFO  impl.SnapshotInstallationHandler (SnapshotInstallationHandler.java:installSnapshotImpl(138)) - f259835d-d8e4-4f48-95e4-1e4b6d3ef0d5@group-C5585A39A1B5: set new configuration index: 23
configurationEntry {
  peers {
    id: "8b0090bf-277f-4b89-9ec7-80a6dcff705a"
    address: "localhost:15011"
    startupRole: FOLLOWER
  }
  peers {
    id: "d38ec341-43ec-4d2c-a000-6eddcfc2f96f"
    address: "localhost:15003"
    startupRole: FOLLOWER
  }
}
 from snapshot
2024-07-10 07:23:26,984 [grpc-default-executor-3] INFO  server.RaftServer$Division (ServerState.java:setRaftConf(386)) - f259835d-d8e4-4f48-95e4-1e4b6d3ef0d5@group-C5585A39A1B5: set configuration conf: {index: 23, cur=peers:[8b0090bf-277f-4b89-9ec7-80a6dcff705a|localhost:15011, d38ec341-43ec-4d2c-a000-6eddcfc2f96f|localhost:15003]|listeners:[], old=null}
2024-07-10 07:23:26,985 [grpc-default-executor-3] INFO  impl.SnapshotInstallationHandler (SnapshotInstallationHandler.java:installSnapshot(103)) - f259835d-d8e4-4f48-95e4-1e4b6d3ef0d5@group-C5585A39A1B5: reply installSnapshot: d38ec341-43ec-4d2c-a000-6eddcfc2f96f<-f259835d-d8e4-4f48-95e4-1e4b6d3ef0d5#0:FAIL-t2,IN_PROGRESS,snapshotIndex=0
2024-07-10 07:23:26,986 [grpc-default-executor-5] INFO  server.GrpcLogAppender (GrpcLogAppender.java:onNext(649)) - d38ec341-43ec-4d2c-a000-6eddcfc2f96f@group-C5585A39A1B5->f259835d-d8e4-4f48-95e4-1e4b6d3ef0d5-InstallSnapshotResponseHandler: received a reply d38ec341-43ec-4d2c-a000-6eddcfc2f96f<-f259835d-d8e4-4f48-95e4-1e4b6d3ef0d5#0:FAIL-t2,IN_PROGRESS,snapshotIndex=0
2024-07-10 07:23:26,986 [grpc-default-executor-5] INFO  server.GrpcLogAppender (GrpcLogAppender.java:onNext(665)) - d38ec341-43ec-4d2c-a000-6eddcfc2f96f@group-C5585A39A1B5->f259835d-d8e4-4f48-95e4-1e4b6d3ef0d5-InstallSnapshotResponseHandler: InstallSnapshot in progress.
2024-07-10 07:23:26,987 [grpc-default-executor-3] INFO  server.GrpcServerProtocolService (GrpcServerProtocolService.java:onCompleted(157)) - f259835d-d8e4-4f48-95e4-1e4b6d3ef0d5: Completed INSTALL_SNAPSHOT, lastRequest: d38ec341-43ec-4d2c-a000-6eddcfc2f96f->f259835d-d8e4-4f48-95e4-1e4b6d3ef0d5#0-t2,notify:(t:1, i:0)
2024-07-10 07:23:26,987 [grpc-default-executor-3] INFO  server.GrpcServerProtocolService (GrpcServerProtocolService.java:lambda$onCompleted$5(159)) - f259835d-d8e4-4f48-95e4-1e4b6d3ef0d5: Completed INSTALL_SNAPSHOT, lastReply: null
2024-07-10 07:23:26,989 [f259835d-d8e4-4f48-95e4-1e4b6d3ef0d5-server-thread1] INFO  server.RaftServer$Division (RaftServerImpl.java:checkInconsistentAppendEntries(1629)) - f259835d-d8e4-4f48-95e4-1e4b6d3ef0d5@group-C5585A39A1B5: Failed appendEntries as snapshot (0) installation is in progress
2024-07-10 07:23:26,989 [f259835d-d8e4-4f48-95e4-1e4b6d3ef0d5-server-thread1] INFO  server.RaftServer$Division (RaftServerImpl.java:appendEntriesAsync(1584)) - f259835d-d8e4-4f48-95e4-1e4b6d3ef0d5@group-C5585A39A1B5: appendEntries* reply d38ec341-43ec-4d2c-a000-6eddcfc2f96f<-f259835d-d8e4-4f48-95e4-1e4b6d3ef0d5#10:FAIL-t2,INCONSISTENCY,nextIndex=0,followerCommit=-1,matchIndex=-1
2024-07-10 07:23:26,990 [grpc-default-executor-5] WARN  server.GrpcLogAppender (GrpcLogAppender.java:onNextImpl(519)) - d38ec341-43ec-4d2c-a000-6eddcfc2f96f@group-C5585A39A1B5->f259835d-d8e4-4f48-95e4-1e4b6d3ef0d5-AppendLogResponseHandler: received INCONSISTENCY reply with nextIndex 0, errorCount=1, request=AppendEntriesRequest:cid=10,entriesCount=0
2024-07-10 07:23:26,990 [d38ec341-43ec-4d2c-a000-6eddcfc2f96f@group-C5585A39A1B5->f259835d-d8e4-4f48-95e4-1e4b6d3ef0d5-GrpcLogAppender-LogAppenderDaemon] INFO  server.GrpcLogAppender (GrpcLogAppender.java:notifyInstallSnapshot(790)) - d38ec341-43ec-4d2c-a000-6eddcfc2f96f@group-C5585A39A1B5->f259835d-d8e4-4f48-95e4-1e4b6d3ef0d5-GrpcLogAppender: notifyInstallSnapshot with firstAvailable=(t:1, i:0), followerNextIndex=0
2024-07-10 07:23:26,990 [d38ec341-43ec-4d2c-a000-6eddcfc2f96f@group-C5585A39A1B5->f259835d-d8e4-4f48-95e4-1e4b6d3ef0d5-GrpcLogAppender-LogAppenderDaemon] INFO  server.GrpcLogAppender (GrpcLogAppender.java:notifyInstallSnapshot(798)) - d38ec341-43ec-4d2c-a000-6eddcfc2f96f@group-C5585A39A1B5->f259835d-d8e4-4f48-95e4-1e4b6d3ef0d5-GrpcLogAppender: send d38ec341-43ec-4d2c-a000-6eddcfc2f96f->f259835d-d8e4-4f48-95e4-1e4b6d3ef0d5#0-t2,notify:(t:1, i:0)
2024-07-10 07:23:26,992 [grpc-default-executor-3] INFO  impl.SnapshotInstallationHandler (SnapshotInstallationHandler.java:installSnapshot(92)) - f259835d-d8e4-4f48-95e4-1e4b6d3ef0d5@group-C5585A39A1B5: receive installSnapshot: d38ec341-43ec-4d2c-a000-6eddcfc2f96f->f259835d-d8e4-4f48-95e4-1e4b6d3ef0d5#0-t2,notify:(t:1, i:0)
2024-07-10 07:23:26,993 [grpc-default-executor-3] INFO  impl.SnapshotInstallationHandler (SnapshotInstallationHandler.java:installSnapshotImpl(138)) - f259835d-d8e4-4f48-95e4-1e4b6d3ef0d5@group-C5585A39A1B5: set new configuration index: 23
configurationEntry {
  peers {
    id: "8b0090bf-277f-4b89-9ec7-80a6dcff705a"
    address: "localhost:15011"
    startupRole: FOLLOWER
  }
  peers {
    id: "d38ec341-43ec-4d2c-a000-6eddcfc2f96f"
    address: "localhost:15003"
    startupRole: FOLLOWER
  }
}
 from snapshot
2024-07-10 07:23:26,993 [grpc-default-executor-3] INFO  server.RaftServer$Division (ServerState.java:setRaftConf(386)) - f259835d-d8e4-4f48-95e4-1e4b6d3ef0d5@group-C5585A39A1B5: set configuration conf: {index: 23, cur=peers:[8b0090bf-277f-4b89-9ec7-80a6dcff705a|localhost:15011, d38ec341-43ec-4d2c-a000-6eddcfc2f96f|localhost:15003]|listeners:[], old=null}
2024-07-10 07:23:26,995 [grpc-default-executor-3] INFO  impl.SnapshotInstallationHandler (SnapshotInstallationHandler.java:installSnapshot(103)) - f259835d-d8e4-4f48-95e4-1e4b6d3ef0d5@group-C5585A39A1B5: reply installSnapshot: d38ec341-43ec-4d2c-a000-6eddcfc2f96f<-f259835d-d8e4-4f48-95e4-1e4b6d3ef0d5#0:FAIL-t2,IN_PROGRESS,snapshotIndex=0
2024-07-10 07:23:26,995 [grpc-default-executor-3] INFO  server.GrpcServerProtocolService (GrpcServerProtocolService.java:onCompleted(157)) - f259835d-d8e4-4f48-95e4-1e4b6d3ef0d5: Completed INSTALL_SNAPSHOT, lastRequest: d38ec341-43ec-4d2c-a000-6eddcfc2f96f->f259835d-d8e4-4f48-95e4-1e4b6d3ef0d5#0-t2,notify:(t:1, i:0)
2024-07-10 07:23:26,995 [grpc-default-executor-3] INFO  server.GrpcServerProtocolService (GrpcServerProtocolService.java:lambda$onCompleted$5(159)) - f259835d-d8e4-4f48-95e4-1e4b6d3ef0d5: Completed INSTALL_SNAPSHOT, lastReply: null
2024-07-10 07:23:26,996 [grpc-default-executor-3] INFO  server.GrpcLogAppender (GrpcLogAppender.java:onNext(649)) - d38ec341-43ec-4d2c-a000-6eddcfc2f96f@group-C5585A39A1B5->f259835d-d8e4-4f48-95e4-1e4b6d3ef0d5-InstallSnapshotResponseHandler: received a reply d38ec341-43ec-4d2c-a000-6eddcfc2f96f<-f259835d-d8e4-4f48-95e4-1e4b6d3ef0d5#0:FAIL-t2,IN_PROGRESS,snapshotIndex=0
2024-07-10 07:23:26,996 [grpc-default-executor-3] INFO  server.GrpcLogAppender (GrpcLogAppender.java:onNext(665)) - d38ec341-43ec-4d2c-a000-6eddcfc2f96f@group-C5585A39A1B5->f259835d-d8e4-4f48-95e4-1e4b6d3ef0d5-InstallSnapshotResponseHandler: InstallSnapshot in progress.
2024-07-10 07:23:26,997 [f259835d-d8e4-4f48-95e4-1e4b6d3ef0d5-server-thread1] INFO  server.RaftServer$Division (RaftServerImpl.java:checkInconsistentAppendEntries(1629)) - f259835d-d8e4-4f48-95e4-1e4b6d3ef0d5@group-C5585A39A1B5: Failed appendEntries as snapshot (0) installation is in progress
2024-07-10 07:23:26,998 [f259835d-d8e4-4f48-95e4-1e4b6d3ef0d5-server-thread1] INFO  server.RaftServer$Division (RaftServerImpl.java:appendEntriesAsync(1584)) - f259835d-d8e4-4f48-95e4-1e4b6d3ef0d5@group-C5585A39A1B5: appendEntries* reply d38ec341-43ec-4d2c-a000-6eddcfc2f96f<-f259835d-d8e4-4f48-95e4-1e4b6d3ef0d5#11:FAIL-t2,INCONSISTENCY,nextIndex=0,followerCommit=-1,matchIndex=-1
2024-07-10 07:23:26,998 [grpc-default-executor-3] WARN  server.GrpcLogAppender (GrpcLogAppender.java:onNextImpl(519)) - d38ec341-43ec-4d2c-a000-6eddcfc2f96f@group-C5585A39A1B5->f259835d-d8e4-4f48-95e4-1e4b6d3ef0d5-AppendLogResponseHandler: received INCONSISTENCY reply with nextIndex 0, errorCount=1, request=AppendEntriesRequest:cid=11,entriesCount=0
2024-07-10 07:23:26,998 [d38ec341-43ec-4d2c-a000-6eddcfc2f96f@group-C5585A39A1B5->f259835d-d8e4-4f48-95e4-1e4b6d3ef0d5-GrpcLogAppender-LogAppenderDaemon] INFO  server.GrpcLogAppender (GrpcLogAppender.java:notifyInstallSnapshot(790)) - d38ec341-43ec-4d2c-a000-6eddcfc2f96f@group-C5585A39A1B5->f259835d-d8e4-4f48-95e4-1e4b6d3ef0d5-GrpcLogAppender: notifyInstallSnapshot with firstAvailable=(t:1, i:0), followerNextIndex=0
2024-07-10 07:23:26,999 [d38ec341-43ec-4d2c-a000-6eddcfc2f96f@group-C5585A39A1B5->f259835d-d8e4-4f48-95e4-1e4b6d3ef0d5-GrpcLogAppender-LogAppenderDaemon] INFO  server.GrpcLogAppender (GrpcLogAppender.java:notifyInstallSnapshot(798)) - d38ec341-43ec-4d2c-a000-6eddcfc2f96f@group-C5585A39A1B5->f259835d-d8e4-4f48-95e4-1e4b6d3ef0d5-GrpcLogAppender: send d38ec341-43ec-4d2c-a000-6eddcfc2f96f->f259835d-d8e4-4f48-95e4-1e4b6d3ef0d5#0-t2,notify:(t:1, i:0)
2024-07-10 07:23:27,000 [grpc-default-executor-3] INFO  impl.SnapshotInstallationHandler (SnapshotInstallationHandler.java:installSnapshot(92)) - f259835d-d8e4-4f48-95e4-1e4b6d3ef0d5@group-C5585A39A1B5: receive installSnapshot: d38ec341-43ec-4d2c-a000-6eddcfc2f96f->f259835d-d8e4-4f48-95e4-1e4b6d3ef0d5#0-t2,notify:(t:1, i:0)
2024-07-10 07:23:27,001 [grpc-default-executor-3] INFO  impl.SnapshotInstallationHandler (SnapshotInstallationHandler.java:installSnapshotImpl(138)) - f259835d-d8e4-4f48-95e4-1e4b6d3ef0d5@group-C5585A39A1B5: set new configuration index: 23
configurationEntry {
  peers {
    id: "8b0090bf-277f-4b89-9ec7-80a6dcff705a"
    address: "localhost:15011"
    startupRole: FOLLOWER
  }
  peers {
    id: "d38ec341-43ec-4d2c-a000-6eddcfc2f96f"
    address: "localhost:15003"
    startupRole: FOLLOWER
  }
}
 from snapshot
2024-07-10 07:23:27,001 [grpc-default-executor-3] INFO  server.RaftServer$Division (ServerState.java:setRaftConf(386)) - f259835d-d8e4-4f48-95e4-1e4b6d3ef0d5@group-C5585A39A1B5: set configuration conf: {index: 23, cur=peers:[8b0090bf-277f-4b89-9ec7-80a6dcff705a|localhost:15011, d38ec341-43ec-4d2c-a000-6eddcfc2f96f|localhost:15003]|listeners:[], old=null}
2024-07-10 07:23:27,002 [grpc-default-executor-3] INFO  impl.SnapshotInstallationHandler (SnapshotInstallationHandler.java:installSnapshot(103)) - f259835d-d8e4-4f48-95e4-1e4b6d3ef0d5@group-C5585A39A1B5: reply installSnapshot: d38ec341-43ec-4d2c-a000-6eddcfc2f96f<-f259835d-d8e4-4f48-95e4-1e4b6d3ef0d5#0:FAIL-t2,IN_PROGRESS,snapshotIndex=0
2024-07-10 07:23:27,002 [grpc-default-executor-3] INFO  server.GrpcServerProtocolService (GrpcServerProtocolService.java:onCompleted(157)) - f259835d-d8e4-4f48-95e4-1e4b6d3ef0d5: Completed INSTALL_SNAPSHOT, lastRequest: d38ec341-43ec-4d2c-a000-6eddcfc2f96f->f259835d-d8e4-4f48-95e4-1e4b6d3ef0d5#0-t2,notify:(t:1, i:0)
2024-07-10 07:23:27,002 [grpc-default-executor-3] INFO  server.GrpcServerProtocolService (GrpcServerProtocolService.java:lambda$onCompleted$5(159)) - f259835d-d8e4-4f48-95e4-1e4b6d3ef0d5: Completed INSTALL_SNAPSHOT, lastReply: null
2024-07-10 07:23:27,003 [grpc-default-executor-4] INFO  server.GrpcLogAppender (GrpcLogAppender.java:onNext(649)) - d38ec341-43ec-4d2c-a000-6eddcfc2f96f@group-C5585A39A1B5->f259835d-d8e4-4f48-95e4-1e4b6d3ef0d5-InstallSnapshotResponseHandler: received a reply d38ec341-43ec-4d2c-a000-6eddcfc2f96f<-f259835d-d8e4-4f48-95e4-1e4b6d3ef0d5#0:FAIL-t2,IN_PROGRESS,snapshotIndex=0
2024-07-10 07:23:27,003 [grpc-default-executor-4] INFO  server.GrpcLogAppender (GrpcLogAppender.java:onNext(665)) - d38ec341-43ec-4d2c-a000-6eddcfc2f96f@group-C5585A39A1B5->f259835d-d8e4-4f48-95e4-1e4b6d3ef0d5-InstallSnapshotResponseHandler: InstallSnapshot in progress.
2024-07-10 07:23:27,004 [f259835d-d8e4-4f48-95e4-1e4b6d3ef0d5-server-thread1] INFO  server.RaftServer$Division (RaftServerImpl.java:checkInconsistentAppendEntries(1629)) - f259835d-d8e4-4f48-95e4-1e4b6d3ef0d5@group-C5585A39A1B5: Failed appendEntries as snapshot (0) installation is in progress
2024-07-10 07:23:27,004 [f259835d-d8e4-4f48-95e4-1e4b6d3ef0d5-server-thread1] INFO  server.RaftServer$Division (RaftServerImpl.java:appendEntriesAsync(1584)) - f259835d-d8e4-4f48-95e4-1e4b6d3ef0d5@group-C5585A39A1B5: appendEntries* reply d38ec341-43ec-4d2c-a000-6eddcfc2f96f<-f259835d-d8e4-4f48-95e4-1e4b6d3ef0d5#12:FAIL-t2,INCONSISTENCY,nextIndex=0,followerCommit=-1,matchIndex=-1
2024-07-10 07:23:27,005 [d38ec341-43ec-4d2c-a000-6eddcfc2f96f@group-C5585A39A1B5->f259835d-d8e4-4f48-95e4-1e4b6d3ef0d5-GrpcLogAppender-LogAppenderDaemon] INFO  server.GrpcLogAppender (GrpcLogAppender.java:notifyInstallSnapshot(790)) - d38ec341-43ec-4d2c-a000-6eddcfc2f96f@group-C5585A39A1B5->f259835d-d8e4-4f48-95e4-1e4b6d3ef0d5-GrpcLogAppender: notifyInstallSnapshot with firstAvailable=(t:1, i:0), followerNextIndex=0
2024-07-10 07:23:27,005 [d38ec341-43ec-4d2c-a000-6eddcfc2f96f@group-C5585A39A1B5->f259835d-d8e4-4f48-95e4-1e4b6d3ef0d5-GrpcLogAppender-LogAppenderDaemon] INFO  server.GrpcLogAppender (GrpcLogAppender.java:notifyInstallSnapshot(798)) - d38ec341-43ec-4d2c-a000-6eddcfc2f96f@group-C5585A39A1B5->f259835d-d8e4-4f48-95e4-1e4b6d3ef0d5-GrpcLogAppender: send d38ec341-43ec-4d2c-a000-6eddcfc2f96f->f259835d-d8e4-4f48-95e4-1e4b6d3ef0d5#0-t2,notify:(t:1, i:0)
2024-07-10 07:23:27,005 [grpc-default-executor-3] WARN  server.GrpcLogAppender (GrpcLogAppender.java:onNextImpl(519)) - d38ec341-43ec-4d2c-a000-6eddcfc2f96f@group-C5585A39A1B5->f259835d-d8e4-4f48-95e4-1e4b6d3ef0d5-AppendLogResponseHandler: received INCONSISTENCY reply with nextIndex 0, errorCount=1, request=AppendEntriesRequest:cid=12,entriesCount=0
2024-07-10 07:23:27,006 [grpc-default-executor-3] INFO  impl.SnapshotInstallationHandler (SnapshotInstallationHandler.java:installSnapshot(92)) - f259835d-d8e4-4f48-95e4-1e4b6d3ef0d5@group-C5585A39A1B5: receive installSnapshot: d38ec341-43ec-4d2c-a000-6eddcfc2f96f->f259835d-d8e4-4f48-95e4-1e4b6d3ef0d5#0-t2,notify:(t:1, i:0)
2024-07-10 07:23:27,007 [grpc-default-executor-3] INFO  impl.SnapshotInstallationHandler (SnapshotInstallationHandler.java:installSnapshotImpl(138)) - f259835d-d8e4-4f48-95e4-1e4b6d3ef0d5@group-C5585A39A1B5: set new configuration index: 23
configurationEntry {
  peers {
    id: "8b0090bf-277f-4b89-9ec7-80a6dcff705a"
    address: "localhost:15011"
    startupRole: FOLLOWER
  }
  peers {
    id: "d38ec341-43ec-4d2c-a000-6eddcfc2f96f"
    address: "localhost:15003"
    startupRole: FOLLOWER
  }
}
 from snapshot
2024-07-10 07:23:27,007 [grpc-default-executor-3] INFO  server.RaftServer$Division (ServerState.java:setRaftConf(386)) - f259835d-d8e4-4f48-95e4-1e4b6d3ef0d5@group-C5585A39A1B5: set configuration conf: {index: 23, cur=peers:[8b0090bf-277f-4b89-9ec7-80a6dcff705a|localhost:15011, d38ec341-43ec-4d2c-a000-6eddcfc2f96f|localhost:15003]|listeners:[], old=null}
2024-07-10 07:23:27,008 [grpc-default-executor-3] INFO  impl.SnapshotInstallationHandler (SnapshotInstallationHandler.java:installSnapshot(103)) - f259835d-d8e4-4f48-95e4-1e4b6d3ef0d5@group-C5585A39A1B5: reply installSnapshot: d38ec341-43ec-4d2c-a000-6eddcfc2f96f<-f259835d-d8e4-4f48-95e4-1e4b6d3ef0d5#0:FAIL-t2,IN_PROGRESS,snapshotIndex=0
2024-07-10 07:23:27,008 [grpc-default-executor-3] INFO  server.GrpcServerProtocolService (GrpcServerProtocolService.java:onCompleted(157)) - f259835d-d8e4-4f48-95e4-1e4b6d3ef0d5: Completed INSTALL_SNAPSHOT, lastRequest: d38ec341-43ec-4d2c-a000-6eddcfc2f96f->f259835d-d8e4-4f48-95e4-1e4b6d3ef0d5#0-t2,notify:(t:1, i:0)
2024-07-10 07:23:27,008 [grpc-default-executor-3] INFO  server.GrpcServerProtocolService (GrpcServerProtocolService.java:lambda$onCompleted$5(159)) - f259835d-d8e4-4f48-95e4-1e4b6d3ef0d5: Completed INSTALL_SNAPSHOT, lastReply: null
2024-07-10 07:23:27,009 [grpc-default-executor-4] INFO  server.GrpcLogAppender (GrpcLogAppender.java:onNext(649)) - d38ec341-43ec-4d2c-a000-6eddcfc2f96f@group-C5585A39A1B5->f259835d-d8e4-4f48-95e4-1e4b6d3ef0d5-InstallSnapshotResponseHandler: received a reply d38ec341-43ec-4d2c-a000-6eddcfc2f96f<-f259835d-d8e4-4f48-95e4-1e4b6d3ef0d5#0:FAIL-t2,IN_PROGRESS,snapshotIndex=0
2024-07-10 07:23:27,009 [grpc-default-executor-4] INFO  server.GrpcLogAppender (GrpcLogAppender.java:onNext(665)) - d38ec341-43ec-4d2c-a000-6eddcfc2f96f@group-C5585A39A1B5->f259835d-d8e4-4f48-95e4-1e4b6d3ef0d5-InstallSnapshotResponseHandler: InstallSnapshot in progress.
2024-07-10 07:23:27,010 [f259835d-d8e4-4f48-95e4-1e4b6d3ef0d5-server-thread1] INFO  server.RaftServer$Division (RaftServerImpl.java:checkInconsistentAppendEntries(1629)) - f259835d-d8e4-4f48-95e4-1e4b6d3ef0d5@group-C5585A39A1B5: Failed appendEntries as snapshot (0) installation is in progress
2024-07-10 07:23:27,010 [f259835d-d8e4-4f48-95e4-1e4b6d3ef0d5-server-thread1] INFO  server.RaftServer$Division (RaftServerImpl.java:appendEntriesAsync(1584)) - f259835d-d8e4-4f48-95e4-1e4b6d3ef0d5@group-C5585A39A1B5: appendEntries* reply d38ec341-43ec-4d2c-a000-6eddcfc2f96f<-f259835d-d8e4-4f48-95e4-1e4b6d3ef0d5#13:FAIL-t2,INCONSISTENCY,nextIndex=0,followerCommit=-1,matchIndex=-1
2024-07-10 07:23:27,011 [grpc-default-executor-4] WARN  server.GrpcLogAppender (GrpcLogAppender.java:onNextImpl(519)) - d38ec341-43ec-4d2c-a000-6eddcfc2f96f@group-C5585A39A1B5->f259835d-d8e4-4f48-95e4-1e4b6d3ef0d5-AppendLogResponseHandler: received INCONSISTENCY reply with nextIndex 0, errorCount=1, request=AppendEntriesRequest:cid=13,entriesCount=0
2024-07-10 07:23:27,011 [d38ec341-43ec-4d2c-a000-6eddcfc2f96f@group-C5585A39A1B5->f259835d-d8e4-4f48-95e4-1e4b6d3ef0d5-GrpcLogAppender-LogAppenderDaemon] INFO  server.GrpcLogAppender (GrpcLogAppender.java:notifyInstallSnapshot(790)) - d38ec341-43ec-4d2c-a000-6eddcfc2f96f@group-C5585A39A1B5->f259835d-d8e4-4f48-95e4-1e4b6d3ef0d5-GrpcLogAppender: notifyInstallSnapshot with firstAvailable=(t:1, i:0), followerNextIndex=0
2024-07-10 07:23:27,011 [d38ec341-43ec-4d2c-a000-6eddcfc2f96f@group-C5585A39A1B5->f259835d-d8e4-4f48-95e4-1e4b6d3ef0d5-GrpcLogAppender-LogAppenderDaemon] INFO  server.GrpcLogAppender (GrpcLogAppender.java:notifyInstallSnapshot(798)) - d38ec341-43ec-4d2c-a000-6eddcfc2f96f@group-C5585A39A1B5->f259835d-d8e4-4f48-95e4-1e4b6d3ef0d5-GrpcLogAppender: send d38ec341-43ec-4d2c-a000-6eddcfc2f96f->f259835d-d8e4-4f48-95e4-1e4b6d3ef0d5#0-t2,notify:(t:1, i:0)
2024-07-10 07:23:27,013 [grpc-default-executor-3] INFO  impl.SnapshotInstallationHandler (SnapshotInstallationHandler.java:installSnapshot(92)) - f259835d-d8e4-4f48-95e4-1e4b6d3ef0d5@group-C5585A39A1B5: receive installSnapshot: d38ec341-43ec-4d2c-a000-6eddcfc2f96f->f259835d-d8e4-4f48-95e4-1e4b6d3ef0d5#0-t2,notify:(t:1, i:0)
2024-07-10 07:23:27,013 [grpc-default-executor-3] INFO  impl.SnapshotInstallationHandler (SnapshotInstallationHandler.java:installSnapshotImpl(138)) - f259835d-d8e4-4f48-95e4-1e4b6d3ef0d5@group-C5585A39A1B5: set new configuration index: 23
configurationEntry {
  peers {
    id: "8b0090bf-277f-4b89-9ec7-80a6dcff705a"
    address: "localhost:15011"
    startupRole: FOLLOWER
  }
  peers {
    id: "d38ec341-43ec-4d2c-a000-6eddcfc2f96f"
    address: "localhost:15003"
    startupRole: FOLLOWER
  }
}
 from snapshot
2024-07-10 07:23:27,013 [grpc-default-executor-3] INFO  server.RaftServer$Division (ServerState.java:setRaftConf(386)) - f259835d-d8e4-4f48-95e4-1e4b6d3ef0d5@group-C5585A39A1B5: set configuration conf: {index: 23, cur=peers:[8b0090bf-277f-4b89-9ec7-80a6dcff705a|localhost:15011, d38ec341-43ec-4d2c-a000-6eddcfc2f96f|localhost:15003]|listeners:[], old=null}
2024-07-10 07:23:27,014 [grpc-default-executor-3] INFO  impl.SnapshotInstallationHandler (SnapshotInstallationHandler.java:installSnapshot(103)) - f259835d-d8e4-4f48-95e4-1e4b6d3ef0d5@group-C5585A39A1B5: reply installSnapshot: d38ec341-43ec-4d2c-a000-6eddcfc2f96f<-f259835d-d8e4-4f48-95e4-1e4b6d3ef0d5#0:FAIL-t2,IN_PROGRESS,snapshotIndex=0
2024-07-10 07:23:27,015 [grpc-default-executor-3] INFO  server.GrpcServerProtocolService (GrpcServerProtocolService.java:onCompleted(157)) - f259835d-d8e4-4f48-95e4-1e4b6d3ef0d5: Completed INSTALL_SNAPSHOT, lastRequest: d38ec341-43ec-4d2c-a000-6eddcfc2f96f->f259835d-d8e4-4f48-95e4-1e4b6d3ef0d5#0-t2,notify:(t:1, i:0)
2024-07-10 07:23:27,015 [grpc-default-executor-3] INFO  server.GrpcServerProtocolService (GrpcServerProtocolService.java:lambda$onCompleted$5(159)) - f259835d-d8e4-4f48-95e4-1e4b6d3ef0d5: Completed INSTALL_SNAPSHOT, lastReply: null
2024-07-10 07:23:27,015 [grpc-default-executor-3] INFO  server.GrpcLogAppender (GrpcLogAppender.java:onNext(649)) - d38ec341-43ec-4d2c-a000-6eddcfc2f96f@group-C5585A39A1B5->f259835d-d8e4-4f48-95e4-1e4b6d3ef0d5-InstallSnapshotResponseHandler: received a reply d38ec341-43ec-4d2c-a000-6eddcfc2f96f<-f259835d-d8e4-4f48-95e4-1e4b6d3ef0d5#0:FAIL-t2,IN_PROGRESS,snapshotIndex=0
2024-07-10 07:23:27,016 [grpc-default-executor-3] INFO  server.GrpcLogAppender (GrpcLogAppender.java:onNext(665)) - d38ec341-43ec-4d2c-a000-6eddcfc2f96f@group-C5585A39A1B5->f259835d-d8e4-4f48-95e4-1e4b6d3ef0d5-InstallSnapshotResponseHandler: InstallSnapshot in progress.
2024-07-10 07:23:27,016 [d38ec341-43ec-4d2c-a000-6eddcfc2f96f@group-C5585A39A1B5->f259835d-d8e4-4f48-95e4-1e4b6d3ef0d5-GrpcLogAppender-LogAppenderDaemon] INFO  server.GrpcLogAppender (GrpcLogAppender.java:notifyInstallSnapshot(790)) - d38ec341-43ec-4d2c-a000-6eddcfc2f96f@group-C5585A39A1B5->f259835d-d8e4-4f48-95e4-1e4b6d3ef0d5-GrpcLogAppender: notifyInstallSnapshot with firstAvailable=(t:1, i:0), followerNextIndex=0
2024-07-10 07:23:27,016 [d38ec341-43ec-4d2c-a000-6eddcfc2f96f@group-C5585A39A1B5->f259835d-d8e4-4f48-95e4-1e4b6d3ef0d5-GrpcLogAppender-LogAppenderDaemon] INFO  server.GrpcLogAppender (GrpcLogAppender.java:notifyInstallSnapshot(798)) - d38ec341-43ec-4d2c-a000-6eddcfc2f96f@group-C5585A39A1B5->f259835d-d8e4-4f48-95e4-1e4b6d3ef0d5-GrpcLogAppender: send d38ec341-43ec-4d2c-a000-6eddcfc2f96f->f259835d-d8e4-4f48-95e4-1e4b6d3ef0d5#0-t2,notify:(t:1, i:0)
2024-07-10 07:23:27,017 [f259835d-d8e4-4f48-95e4-1e4b6d3ef0d5-server-thread1] INFO  server.RaftServer$Division (RaftServerImpl.java:checkInconsistentAppendEntries(1629)) - f259835d-d8e4-4f48-95e4-1e4b6d3ef0d5@group-C5585A39A1B5: Failed appendEntries as snapshot (0) installation is in progress
2024-07-10 07:23:27,017 [f259835d-d8e4-4f48-95e4-1e4b6d3ef0d5-server-thread1] INFO  server.RaftServer$Division (RaftServerImpl.java:appendEntriesAsync(1584)) - f259835d-d8e4-4f48-95e4-1e4b6d3ef0d5@group-C5585A39A1B5: appendEntries* reply d38ec341-43ec-4d2c-a000-6eddcfc2f96f<-f259835d-d8e4-4f48-95e4-1e4b6d3ef0d5#14:FAIL-t2,INCONSISTENCY,nextIndex=0,followerCommit=-1,matchIndex=-1
2024-07-10 07:23:27,018 [grpc-default-executor-4] INFO  impl.SnapshotInstallationHandler (SnapshotInstallationHandler.java:installSnapshot(92)) - f259835d-d8e4-4f48-95e4-1e4b6d3ef0d5@group-C5585A39A1B5: receive installSnapshot: d38ec341-43ec-4d2c-a000-6eddcfc2f96f->f259835d-d8e4-4f48-95e4-1e4b6d3ef0d5#0-t2,notify:(t:1, i:0)
2024-07-10 07:23:27,018 [grpc-default-executor-4] INFO  impl.SnapshotInstallationHandler (SnapshotInstallationHandler.java:installSnapshotImpl(138)) - f259835d-d8e4-4f48-95e4-1e4b6d3ef0d5@group-C5585A39A1B5: set new configuration index: 23
configurationEntry {
  peers {
    id: "8b0090bf-277f-4b89-9ec7-80a6dcff705a"
    address: "localhost:15011"
    startupRole: FOLLOWER
  }
  peers {
    id: "d38ec341-43ec-4d2c-a000-6eddcfc2f96f"
    address: "localhost:15003"
    startupRole: FOLLOWER
  }
}
 from snapshot
2024-07-10 07:23:27,018 [grpc-default-executor-4] INFO  server.RaftServer$Division (ServerState.java:setRaftConf(386)) - f259835d-d8e4-4f48-95e4-1e4b6d3ef0d5@group-C5585A39A1B5: set configuration conf: {index: 23, cur=peers:[8b0090bf-277f-4b89-9ec7-80a6dcff705a|localhost:15011, d38ec341-43ec-4d2c-a000-6eddcfc2f96f|localhost:15003]|listeners:[], old=null}
2024-07-10 07:23:27,019 [grpc-default-executor-3] WARN  server.GrpcLogAppender (GrpcLogAppender.java:onNextImpl(519)) - d38ec341-43ec-4d2c-a000-6eddcfc2f96f@group-C5585A39A1B5->f259835d-d8e4-4f48-95e4-1e4b6d3ef0d5-AppendLogResponseHandler: received INCONSISTENCY reply with nextIndex 0, errorCount=1, request=AppendEntriesRequest:cid=14,entriesCount=0
2024-07-10 07:23:27,020 [grpc-default-executor-4] INFO  impl.SnapshotInstallationHandler (SnapshotInstallationHandler.java:installSnapshot(103)) - f259835d-d8e4-4f48-95e4-1e4b6d3ef0d5@group-C5585A39A1B5: reply installSnapshot: d38ec341-43ec-4d2c-a000-6eddcfc2f96f<-f259835d-d8e4-4f48-95e4-1e4b6d3ef0d5#0:FAIL-t2,IN_PROGRESS,snapshotIndex=0
2024-07-10 07:23:27,021 [grpc-default-executor-4] INFO  server.GrpcServerProtocolService (GrpcServerProtocolService.java:onCompleted(157)) - f259835d-d8e4-4f48-95e4-1e4b6d3ef0d5: Completed INSTALL_SNAPSHOT, lastRequest: d38ec341-43ec-4d2c-a000-6eddcfc2f96f->f259835d-d8e4-4f48-95e4-1e4b6d3ef0d5#0-t2,notify:(t:1, i:0)
2024-07-10 07:23:27,021 [grpc-default-executor-4] INFO  server.GrpcServerProtocolService (GrpcServerProtocolService.java:lambda$onCompleted$5(159)) - f259835d-d8e4-4f48-95e4-1e4b6d3ef0d5: Completed INSTALL_SNAPSHOT, lastReply: null
2024-07-10 07:23:27,022 [grpc-default-executor-3] INFO  server.GrpcLogAppender (GrpcLogAppender.java:onNext(649)) - d38ec341-43ec-4d2c-a000-6eddcfc2f96f@group-C5585A39A1B5->f259835d-d8e4-4f48-95e4-1e4b6d3ef0d5-InstallSnapshotResponseHandler: received a reply d38ec341-43ec-4d2c-a000-6eddcfc2f96f<-f259835d-d8e4-4f48-95e4-1e4b6d3ef0d5#0:FAIL-t2,IN_PROGRESS,snapshotIndex=0
2024-07-10 07:23:27,022 [grpc-default-executor-3] INFO  server.GrpcLogAppender (GrpcLogAppender.java:onNext(665)) - d38ec341-43ec-4d2c-a000-6eddcfc2f96f@group-C5585A39A1B5->f259835d-d8e4-4f48-95e4-1e4b6d3ef0d5-InstallSnapshotResponseHandler: InstallSnapshot in progress.
2024-07-10 07:23:27,022 [d38ec341-43ec-4d2c-a000-6eddcfc2f96f@group-C5585A39A1B5->f259835d-d8e4-4f48-95e4-1e4b6d3ef0d5-GrpcLogAppender-LogAppenderDaemon] INFO  server.GrpcLogAppender (GrpcLogAppender.java:notifyInstallSnapshot(790)) - d38ec341-43ec-4d2c-a000-6eddcfc2f96f@group-C5585A39A1B5->f259835d-d8e4-4f48-95e4-1e4b6d3ef0d5-GrpcLogAppender: notifyInstallSnapshot with firstAvailable=(t:1, i:0), followerNextIndex=0
2024-07-10 07:23:27,022 [d38ec341-43ec-4d2c-a000-6eddcfc2f96f@group-C5585A39A1B5->f259835d-d8e4-4f48-95e4-1e4b6d3ef0d5-GrpcLogAppender-LogAppenderDaemon] INFO  server.GrpcLogAppender (GrpcLogAppender.java:notifyInstallSnapshot(798)) - d38ec341-43ec-4d2c-a000-6eddcfc2f96f@group-C5585A39A1B5->f259835d-d8e4-4f48-95e4-1e4b6d3ef0d5-GrpcLogAppender: send d38ec341-43ec-4d2c-a000-6eddcfc2f96f->f259835d-d8e4-4f48-95e4-1e4b6d3ef0d5#0-t2,notify:(t:1, i:0)
2024-07-10 07:23:27,022 [f259835d-d8e4-4f48-95e4-1e4b6d3ef0d5-server-thread1] INFO  server.RaftServer$Division (RaftServerImpl.java:checkInconsistentAppendEntries(1629)) - f259835d-d8e4-4f48-95e4-1e4b6d3ef0d5@group-C5585A39A1B5: Failed appendEntries as snapshot (0) installation is in progress
2024-07-10 07:23:27,023 [f259835d-d8e4-4f48-95e4-1e4b6d3ef0d5-server-thread1] INFO  server.RaftServer$Division (RaftServerImpl.java:appendEntriesAsync(1584)) - f259835d-d8e4-4f48-95e4-1e4b6d3ef0d5@group-C5585A39A1B5: appendEntries* reply d38ec341-43ec-4d2c-a000-6eddcfc2f96f<-f259835d-d8e4-4f48-95e4-1e4b6d3ef0d5#15:FAIL-t2,INCONSISTENCY,nextIndex=0,followerCommit=-1,matchIndex=-1
2024-07-10 07:23:27,024 [grpc-default-executor-3] WARN  server.GrpcLogAppender (GrpcLogAppender.java:onNextImpl(519)) - d38ec341-43ec-4d2c-a000-6eddcfc2f96f@group-C5585A39A1B5->f259835d-d8e4-4f48-95e4-1e4b6d3ef0d5-AppendLogResponseHandler: received INCONSISTENCY reply with nextIndex 0, errorCount=1, request=AppendEntriesRequest:cid=15,entriesCount=0
2024-07-10 07:23:27,024 [grpc-default-executor-4] INFO  impl.SnapshotInstallationHandler (SnapshotInstallationHandler.java:installSnapshot(92)) - f259835d-d8e4-4f48-95e4-1e4b6d3ef0d5@group-C5585A39A1B5: receive installSnapshot: d38ec341-43ec-4d2c-a000-6eddcfc2f96f->f259835d-d8e4-4f48-95e4-1e4b6d3ef0d5#0-t2,notify:(t:1, i:0)
2024-07-10 07:23:27,025 [grpc-default-executor-4] INFO  impl.SnapshotInstallationHandler (SnapshotInstallationHandler.java:installSnapshotImpl(138)) - f259835d-d8e4-4f48-95e4-1e4b6d3ef0d5@group-C5585A39A1B5: set new configuration index: 23
configurationEntry {
  peers {
    id: "8b0090bf-277f-4b89-9ec7-80a6dcff705a"
    address: "localhost:15011"
    startupRole: FOLLOWER
  }
  peers {
    id: "d38ec341-43ec-4d2c-a000-6eddcfc2f96f"
    address: "localhost:15003"
    startupRole: FOLLOWER
  }
}
 from snapshot
2024-07-10 07:23:27,025 [grpc-default-executor-4] INFO  server.RaftServer$Division (ServerState.java:setRaftConf(386)) - f259835d-d8e4-4f48-95e4-1e4b6d3ef0d5@group-C5585A39A1B5: set configuration conf: {index: 23, cur=peers:[8b0090bf-277f-4b89-9ec7-80a6dcff705a|localhost:15011, d38ec341-43ec-4d2c-a000-6eddcfc2f96f|localhost:15003]|listeners:[], old=null}
2024-07-10 07:23:27,026 [grpc-default-executor-4] INFO  impl.SnapshotInstallationHandler (SnapshotInstallationHandler.java:installSnapshot(103)) - f259835d-d8e4-4f48-95e4-1e4b6d3ef0d5@group-C5585A39A1B5: reply installSnapshot: d38ec341-43ec-4d2c-a000-6eddcfc2f96f<-f259835d-d8e4-4f48-95e4-1e4b6d3ef0d5#0:FAIL-t2,IN_PROGRESS,snapshotIndex=0
2024-07-10 07:23:27,027 [grpc-default-executor-4] INFO  server.GrpcServerProtocolService (GrpcServerProtocolService.java:onCompleted(157)) - f259835d-d8e4-4f48-95e4-1e4b6d3ef0d5: Completed INSTALL_SNAPSHOT, lastRequest: d38ec341-43ec-4d2c-a000-6eddcfc2f96f->f259835d-d8e4-4f48-95e4-1e4b6d3ef0d5#0-t2,notify:(t:1, i:0)
2024-07-10 07:23:27,027 [grpc-default-executor-4] INFO  server.GrpcServerProtocolService (GrpcServerProtocolService.java:lambda$onCompleted$5(159)) - f259835d-d8e4-4f48-95e4-1e4b6d3ef0d5: Completed INSTALL_SNAPSHOT, lastReply: null
2024-07-10 07:23:27,031 [grpc-default-executor-4] INFO  server.GrpcLogAppender (GrpcLogAppender.java:onNext(649)) - d38ec341-43ec-4d2c-a000-6eddcfc2f96f@group-C5585A39A1B5->f259835d-d8e4-4f48-95e4-1e4b6d3ef0d5-InstallSnapshotResponseHandler: received a reply d38ec341-43ec-4d2c-a000-6eddcfc2f96f<-f259835d-d8e4-4f48-95e4-1e4b6d3ef0d5#0:FAIL-t2,IN_PROGRESS,snapshotIndex=0
2024-07-10 07:23:27,031 [grpc-default-executor-4] INFO  server.GrpcLogAppender (GrpcLogAppender.java:onNext(665)) - d38ec341-43ec-4d2c-a000-6eddcfc2f96f@group-C5585A39A1B5->f259835d-d8e4-4f48-95e4-1e4b6d3ef0d5-InstallSnapshotResponseHandler: InstallSnapshot in progress.
2024-07-10 07:23:27,032 [d38ec341-43ec-4d2c-a000-6eddcfc2f96f@group-C5585A39A1B5->f259835d-d8e4-4f48-95e4-1e4b6d3ef0d5-GrpcLogAppender-LogAppenderDaemon] INFO  server.GrpcLogAppender (GrpcLogAppender.java:notifyInstallSnapshot(790)) - d38ec341-43ec-4d2c-a000-6eddcfc2f96f@group-C5585A39A1B5->f259835d-d8e4-4f48-95e4-1e4b6d3ef0d5-GrpcLogAppender: notifyInstallSnapshot with firstAvailable=(t:1, i:0), followerNextIndex=0
2024-07-10 07:23:27,032 [d38ec341-43ec-4d2c-a000-6eddcfc2f96f@group-C5585A39A1B5->f259835d-d8e4-4f48-95e4-1e4b6d3ef0d5-GrpcLogAppender-LogAppenderDaemon] INFO  server.GrpcLogAppender (GrpcLogAppender.java:notifyInstallSnapshot(798)) - d38ec341-43ec-4d2c-a000-6eddcfc2f96f@group-C5585A39A1B5->f259835d-d8e4-4f48-95e4-1e4b6d3ef0d5-GrpcLogAppender: send d38ec341-43ec-4d2c-a000-6eddcfc2f96f->f259835d-d8e4-4f48-95e4-1e4b6d3ef0d5#0-t2,notify:(t:1, i:0)
2024-07-10 07:23:27,033 [f259835d-d8e4-4f48-95e4-1e4b6d3ef0d5-server-thread1] INFO  server.RaftServer$Division (RaftServerImpl.java:checkInconsistentAppendEntries(1629)) - f259835d-d8e4-4f48-95e4-1e4b6d3ef0d5@group-C5585A39A1B5: Failed appendEntries as snapshot (0) installation is in progress
2024-07-10 07:23:27,033 [f259835d-d8e4-4f48-95e4-1e4b6d3ef0d5-server-thread1] INFO  server.RaftServer$Division (RaftServerImpl.java:appendEntriesAsync(1584)) - f259835d-d8e4-4f48-95e4-1e4b6d3ef0d5@group-C5585A39A1B5: appendEntries* reply d38ec341-43ec-4d2c-a000-6eddcfc2f96f<-f259835d-d8e4-4f48-95e4-1e4b6d3ef0d5#16:FAIL-t2,INCONSISTENCY,nextIndex=0,followerCommit=-1,matchIndex=-1
2024-07-10 07:23:27,034 [grpc-default-executor-3] INFO  impl.SnapshotInstallationHandler (SnapshotInstallationHandler.java:installSnapshot(92)) - f259835d-d8e4-4f48-95e4-1e4b6d3ef0d5@group-C5585A39A1B5: receive installSnapshot: d38ec341-43ec-4d2c-a000-6eddcfc2f96f->f259835d-d8e4-4f48-95e4-1e4b6d3ef0d5#0-t2,notify:(t:1, i:0)
2024-07-10 07:23:27,034 [grpc-default-executor-3] INFO  impl.SnapshotInstallationHandler (SnapshotInstallationHandler.java:installSnapshotImpl(138)) - f259835d-d8e4-4f48-95e4-1e4b6d3ef0d5@group-C5585A39A1B5: set new configuration index: 23
configurationEntry {
  peers {
    id: "8b0090bf-277f-4b89-9ec7-80a6dcff705a"
    address: "localhost:15011"
    startupRole: FOLLOWER
  }
  peers {
    id: "d38ec341-43ec-4d2c-a000-6eddcfc2f96f"
    address: "localhost:15003"
    startupRole: FOLLOWER
  }
}
 from snapshot
2024-07-10 07:23:27,035 [grpc-default-executor-3] INFO  server.RaftServer$Division (ServerState.java:setRaftConf(386)) - f259835d-d8e4-4f48-95e4-1e4b6d3ef0d5@group-C5585A39A1B5: set configuration conf: {index: 23, cur=peers:[8b0090bf-277f-4b89-9ec7-80a6dcff705a|localhost:15011, d38ec341-43ec-4d2c-a000-6eddcfc2f96f|localhost:15003]|listeners:[], old=null}
2024-07-10 07:23:27,035 [grpc-default-executor-4] WARN  server.GrpcLogAppender (GrpcLogAppender.java:onNextImpl(519)) - d38ec341-43ec-4d2c-a000-6eddcfc2f96f@group-C5585A39A1B5->f259835d-d8e4-4f48-95e4-1e4b6d3ef0d5-AppendLogResponseHandler: received INCONSISTENCY reply with nextIndex 0, errorCount=1, request=AppendEntriesRequest:cid=16,entriesCount=0
2024-07-10 07:23:27,036 [grpc-default-executor-3] INFO  impl.SnapshotInstallationHandler (SnapshotInstallationHandler.java:installSnapshot(103)) - f259835d-d8e4-4f48-95e4-1e4b6d3ef0d5@group-C5585A39A1B5: reply installSnapshot: d38ec341-43ec-4d2c-a000-6eddcfc2f96f<-f259835d-d8e4-4f48-95e4-1e4b6d3ef0d5#0:FAIL-t2,IN_PROGRESS,snapshotIndex=0
2024-07-10 07:23:27,036 [grpc-default-executor-3] INFO  server.GrpcServerProtocolService (GrpcServerProtocolService.java:onCompleted(157)) - f259835d-d8e4-4f48-95e4-1e4b6d3ef0d5: Completed INSTALL_SNAPSHOT, lastRequest: d38ec341-43ec-4d2c-a000-6eddcfc2f96f->f259835d-d8e4-4f48-95e4-1e4b6d3ef0d5#0-t2,notify:(t:1, i:0)
2024-07-10 07:23:27,036 [grpc-default-executor-3] INFO  server.GrpcServerProtocolService (GrpcServerProtocolService.java:lambda$onCompleted$5(159)) - f259835d-d8e4-4f48-95e4-1e4b6d3ef0d5: Completed INSTALL_SNAPSHOT, lastReply: null
2024-07-10 07:23:27,037 [grpc-default-executor-4] INFO  server.GrpcLogAppender (GrpcLogAppender.java:onNext(649)) - d38ec341-43ec-4d2c-a000-6eddcfc2f96f@group-C5585A39A1B5->f259835d-d8e4-4f48-95e4-1e4b6d3ef0d5-InstallSnapshotResponseHandler: received a reply d38ec341-43ec-4d2c-a000-6eddcfc2f96f<-f259835d-d8e4-4f48-95e4-1e4b6d3ef0d5#0:FAIL-t2,IN_PROGRESS,snapshotIndex=0
2024-07-10 07:23:27,037 [grpc-default-executor-4] INFO  server.GrpcLogAppender (GrpcLogAppender.java:onNext(665)) - d38ec341-43ec-4d2c-a000-6eddcfc2f96f@group-C5585A39A1B5->f259835d-d8e4-4f48-95e4-1e4b6d3ef0d5-InstallSnapshotResponseHandler: InstallSnapshot in progress.
2024-07-10 07:23:27,038 [scmNode-3-SCMInstallSnapshot-0] INFO  ha.SCMHAManagerImpl (SCMHAManagerImpl.java:verifyCheckpointFromLeader(233)) - Installing checkpoint with SCMTransactionInfo 2#28
2024-07-10 07:23:27,038 [scmNode-3-SCMInstallSnapshot-0] INFO  impl.SnapshotInstallationHandler (SnapshotInstallationHandler.java:lambda$notifyStateMachineToInstallSnapshot$2(279)) - f259835d-d8e4-4f48-95e4-1e4b6d3ef0d5@group-C5585A39A1B5: StateMachine successfully installed snapshot index 28. Reloading the StateMachine.
2024-07-10 07:23:27,039 [d38ec341-43ec-4d2c-a000-6eddcfc2f96f@group-C5585A39A1B5->f259835d-d8e4-4f48-95e4-1e4b6d3ef0d5-GrpcLogAppender-LogAppenderDaemon] INFO  server.GrpcLogAppender (GrpcLogAppender.java:notifyInstallSnapshot(790)) - d38ec341-43ec-4d2c-a000-6eddcfc2f96f@group-C5585A39A1B5->f259835d-d8e4-4f48-95e4-1e4b6d3ef0d5-GrpcLogAppender: notifyInstallSnapshot with firstAvailable=(t:1, i:0), followerNextIndex=0
2024-07-10 07:23:27,039 [d38ec341-43ec-4d2c-a000-6eddcfc2f96f@group-C5585A39A1B5->f259835d-d8e4-4f48-95e4-1e4b6d3ef0d5-GrpcLogAppender-LogAppenderDaemon] INFO  server.GrpcLogAppender (GrpcLogAppender.java:notifyInstallSnapshot(798)) - d38ec341-43ec-4d2c-a000-6eddcfc2f96f@group-C5585A39A1B5->f259835d-d8e4-4f48-95e4-1e4b6d3ef0d5-GrpcLogAppender: send d38ec341-43ec-4d2c-a000-6eddcfc2f96f->f259835d-d8e4-4f48-95e4-1e4b6d3ef0d5#0-t2,notify:(t:1, i:0)
2024-07-10 07:23:27,039 [f259835d-d8e4-4f48-95e4-1e4b6d3ef0d5-server-thread1] INFO  server.RaftServer$Division (RaftServerImpl.java:checkInconsistentAppendEntries(1629)) - f259835d-d8e4-4f48-95e4-1e4b6d3ef0d5@group-C5585A39A1B5: Failed appendEntries as snapshot (0) installation is in progress
2024-07-10 07:23:27,039 [f259835d-d8e4-4f48-95e4-1e4b6d3ef0d5-server-thread1] INFO  server.RaftServer$Division (RaftServerImpl.java:appendEntriesAsync(1584)) - f259835d-d8e4-4f48-95e4-1e4b6d3ef0d5@group-C5585A39A1B5: appendEntries* reply d38ec341-43ec-4d2c-a000-6eddcfc2f96f<-f259835d-d8e4-4f48-95e4-1e4b6d3ef0d5#17:FAIL-t2,INCONSISTENCY,nextIndex=0,followerCommit=-1,matchIndex=-1
2024-07-10 07:23:27,040 [grpc-default-executor-5] WARN  server.GrpcLogAppender (GrpcLogAppender.java:onNextImpl(519)) - d38ec341-43ec-4d2c-a000-6eddcfc2f96f@group-C5585A39A1B5->f259835d-d8e4-4f48-95e4-1e4b6d3ef0d5-AppendLogResponseHandler: received INCONSISTENCY reply with nextIndex 0, errorCount=1, request=AppendEntriesRequest:cid=17,entriesCount=0
2024-07-10 07:23:27,041 [grpc-default-executor-3] INFO  impl.SnapshotInstallationHandler (SnapshotInstallationHandler.java:installSnapshot(92)) - f259835d-d8e4-4f48-95e4-1e4b6d3ef0d5@group-C5585A39A1B5: receive installSnapshot: d38ec341-43ec-4d2c-a000-6eddcfc2f96f->f259835d-d8e4-4f48-95e4-1e4b6d3ef0d5#0-t2,notify:(t:1, i:0)
2024-07-10 07:23:27,041 [grpc-default-executor-3] INFO  raftlog.RaftLog (RaftLogBase.java:lambda$new$0(54)) - f259835d-d8e4-4f48-95e4-1e4b6d3ef0d5@group-C5585A39A1B5-SegmentedRaftLog: snapshotIndex: updateIncreasingly -1 -> 28
2024-07-10 07:23:27,041 [grpc-default-executor-3] INFO  segmented.SegmentedRaftLogWorker (SegmentedRaftLogWorker.java:lambda$new$0(135)) - f259835d-d8e4-4f48-95e4-1e4b6d3ef0d5@group-C5585A39A1B5-SegmentedRaftLogWorker: flushIndex: setUnconditionally -1 -> 28
2024-07-10 07:23:27,041 [grpc-default-executor-3] INFO  segmented.SegmentedRaftLogWorker (SegmentedRaftLogWorker.java:lambda$new$0(135)) - f259835d-d8e4-4f48-95e4-1e4b6d3ef0d5@group-C5585A39A1B5-SegmentedRaftLogWorker: safeCacheEvictIndex: setUnconditionally -1 -> 28
2024-07-10 07:23:27,041 [grpc-default-executor-3] INFO  raftlog.RaftLog (RaftLogBase.java:lambda$new$0(54)) - f259835d-d8e4-4f48-95e4-1e4b6d3ef0d5@group-C5585A39A1B5-SegmentedRaftLog: purgeIndex: updateToMax old=-1, new=28, updated? true
2024-07-10 07:23:27,041 [grpc-default-executor-3] INFO  impl.SnapshotInstallationHandler (SnapshotInstallationHandler.java:notifyStateMachineToInstallSnapshot(323)) - f259835d-d8e4-4f48-95e4-1e4b6d3ef0d5@group-C5585A39A1B5: InstallSnapshot notification result: SNAPSHOT_INSTALLED, at index: (t:2, i:28)
2024-07-10 07:23:27,041 [grpc-default-executor-3] INFO  impl.SnapshotInstallationHandler (SnapshotInstallationHandler.java:installSnapshotImpl(138)) - f259835d-d8e4-4f48-95e4-1e4b6d3ef0d5@group-C5585A39A1B5: set new configuration index: 23
configurationEntry {
  peers {
    id: "8b0090bf-277f-4b89-9ec7-80a6dcff705a"
    address: "localhost:15011"
    startupRole: FOLLOWER
  }
  peers {
    id: "d38ec341-43ec-4d2c-a000-6eddcfc2f96f"
    address: "localhost:15003"
    startupRole: FOLLOWER
  }
}
 from snapshot
2024-07-10 07:23:27,042 [grpc-default-executor-3] INFO  server.RaftServer$Division (ServerState.java:setRaftConf(386)) - f259835d-d8e4-4f48-95e4-1e4b6d3ef0d5@group-C5585A39A1B5: set configuration conf: {index: 23, cur=peers:[8b0090bf-277f-4b89-9ec7-80a6dcff705a|localhost:15011, d38ec341-43ec-4d2c-a000-6eddcfc2f96f|localhost:15003]|listeners:[], old=null}
2024-07-10 07:23:27,044 [grpc-default-executor-3] INFO  impl.SnapshotInstallationHandler (SnapshotInstallationHandler.java:installSnapshot(103)) - f259835d-d8e4-4f48-95e4-1e4b6d3ef0d5@group-C5585A39A1B5: reply installSnapshot: d38ec341-43ec-4d2c-a000-6eddcfc2f96f<-f259835d-d8e4-4f48-95e4-1e4b6d3ef0d5#0:OK-t2,SNAPSHOT_INSTALLED,snapshotIndex=28
2024-07-10 07:23:27,045 [grpc-default-executor-4] INFO  server.GrpcLogAppender (GrpcLogAppender.java:onNext(649)) - d38ec341-43ec-4d2c-a000-6eddcfc2f96f@group-C5585A39A1B5->f259835d-d8e4-4f48-95e4-1e4b6d3ef0d5-InstallSnapshotResponseHandler: received a reply d38ec341-43ec-4d2c-a000-6eddcfc2f96f<-f259835d-d8e4-4f48-95e4-1e4b6d3ef0d5#0:OK-t2,SNAPSHOT_INSTALLED,snapshotIndex=28
2024-07-10 07:23:27,045 [grpc-default-executor-3] INFO  server.GrpcServerProtocolService (GrpcServerProtocolService.java:onCompleted(157)) - f259835d-d8e4-4f48-95e4-1e4b6d3ef0d5: Completed INSTALL_SNAPSHOT, lastRequest: d38ec341-43ec-4d2c-a000-6eddcfc2f96f->f259835d-d8e4-4f48-95e4-1e4b6d3ef0d5#0-t2,notify:(t:1, i:0)
2024-07-10 07:23:27,045 [grpc-default-executor-4] INFO  server.GrpcLogAppender (GrpcLogAppender.java:onNext(687)) - d38ec341-43ec-4d2c-a000-6eddcfc2f96f@group-C5585A39A1B5->f259835d-d8e4-4f48-95e4-1e4b6d3ef0d5-InstallSnapshotResponseHandler: Follower installed snapshot at index 28
2024-07-10 07:23:27,045 [grpc-default-executor-4] INFO  leader.FollowerInfo (FollowerInfoImpl.java:info(64)) - d38ec341-43ec-4d2c-a000-6eddcfc2f96f@group-C5585A39A1B5->f259835d-d8e4-4f48-95e4-1e4b6d3ef0d5: snapshotIndex: setUnconditionally 0 -> 28
2024-07-10 07:23:27,045 [grpc-default-executor-4] INFO  leader.FollowerInfo (FollowerInfoImpl.java:info(64)) - d38ec341-43ec-4d2c-a000-6eddcfc2f96f@group-C5585A39A1B5->f259835d-d8e4-4f48-95e4-1e4b6d3ef0d5: matchIndex: setUnconditionally -1 -> 28
2024-07-10 07:23:27,045 [grpc-default-executor-4] INFO  leader.FollowerInfo (FollowerInfoImpl.java:info(64)) - d38ec341-43ec-4d2c-a000-6eddcfc2f96f@group-C5585A39A1B5->f259835d-d8e4-4f48-95e4-1e4b6d3ef0d5: nextIndex: setUnconditionally 0 -> 29
2024-07-10 07:23:27,045 [grpc-default-executor-4] INFO  leader.FollowerInfo (FollowerInfoImpl.java:setAttemptedToInstallSnapshot(154)) - Follower d38ec341-43ec-4d2c-a000-6eddcfc2f96f@group-C5585A39A1B5->f259835d-d8e4-4f48-95e4-1e4b6d3ef0d5 acknowledged installing snapshot
2024-07-10 07:23:27,045 [grpc-default-executor-4] INFO  server.GrpcLogAppender (GrpcLogAppender.java:increaseNextIndex(457)) - d38ec341-43ec-4d2c-a000-6eddcfc2f96f@group-C5585A39A1B5->f259835d-d8e4-4f48-95e4-1e4b6d3ef0d5-GrpcLogAppender: updateNextIndex 29 for SNAPSHOT_INSTALLED
2024-07-10 07:23:27,045 [grpc-default-executor-4] INFO  server.GrpcLogAppender (GrpcLogAppender.java:onFollowerCatchup(621)) - d38ec341-43ec-4d2c-a000-6eddcfc2f96f@group-C5585A39A1B5->f259835d-d8e4-4f48-95e4-1e4b6d3ef0d5-InstallSnapshotResponseHandler: Follower can catch up leader after install the snapshot, as leader's start index is 29
2024-07-10 07:23:27,046 [grpc-default-executor-3] INFO  server.GrpcServerProtocolService (GrpcServerProtocolService.java:lambda$onCompleted$5(159)) - f259835d-d8e4-4f48-95e4-1e4b6d3ef0d5: Completed INSTALL_SNAPSHOT, lastReply: null
2024-07-10 07:23:27,062 [scmNode-1-SecretKeyManagerService] INFO  symmetric.SecretKeyManager (SecretKeyManager.java:checkAndRotate(125)) - SecretKey rotation is happening, new key generated SecretKey(id = 20742189-ddb6-44c8-830f-752a3bae7bdb, creation at: 2024-07-10T07:23:27.061903513Z, expire at: 2024-07-10T07:23:30.061903513Z)
2024-07-10 07:23:27,066 [f259835d-d8e4-4f48-95e4-1e4b6d3ef0d5-server-thread2] INFO  segmented.SegmentedRaftLogWorker (SegmentedRaftLogWorker.java:startLogSegment(433)) - f259835d-d8e4-4f48-95e4-1e4b6d3ef0d5@group-C5585A39A1B5-SegmentedRaftLogWorker: Starting segment from index:29
2024-07-10 07:23:27,066 [f259835d-d8e4-4f48-95e4-1e4b6d3ef0d5-server-thread2] INFO  server.RaftServer$Division (RaftServerImpl.java:appendEntriesAsync(1600)) -  FOLLOWER f259835d-d8e4-4f48-95e4-1e4b6d3ef0d5@group-C5585A39A1B5:t2, leader=d38ec341-43ec-4d2c-a000-6eddcfc2f96f, voted=null, raftlog=Memoized:f259835d-d8e4-4f48-95e4-1e4b6d3ef0d5@group-C5585A39A1B5-SegmentedRaftLog:OPENED:c28:last(t:2, i:29), conf=conf: {index: 23, cur=peers:[8b0090bf-277f-4b89-9ec7-80a6dcff705a|localhost:15011, d38ec341-43ec-4d2c-a000-6eddcfc2f96f|localhost:15003]|listeners:[], old=null} STARTING: Follower has completed install the snapshot 28.
2024-07-10 07:23:27,066 [f259835d-d8e4-4f48-95e4-1e4b6d3ef0d5@group-C5585A39A1B5-SegmentedRaftLogWorker] INFO  segmented.BufferedWriteChannel (BufferedWriteChannel.java:open(61)) - open log_inprogress_29 at position 0
2024-07-10 07:23:27,071 [d38ec341-43ec-4d2c-a000-6eddcfc2f96f@group-C5585A39A1B5-StateMachineUpdater] INFO  symmetric.SecretKeyStateImpl (SecretKeyStateImpl.java:updateKeysInternal(113)) - Updating keys with [SecretKey(id = d37e69df-d79b-4b07-b27c-bc89dd616af5, creation at: 2024-07-10T07:23:26.061Z, expire at: 2024-07-10T07:23:29.061Z), SecretKey(id = 778f8783-5882-4fb8-9e2c-0b8e26535ab6, creation at: 2024-07-10T07:23:24.964Z, expire at: 2024-07-10T07:23:27.964Z), SecretKey(id = 20742189-ddb6-44c8-830f-752a3bae7bdb, creation at: 2024-07-10T07:23:27.061Z, expire at: 2024-07-10T07:23:30.061Z)]
2024-07-10 07:23:27,071 [d38ec341-43ec-4d2c-a000-6eddcfc2f96f@group-C5585A39A1B5-StateMachineUpdater] INFO  symmetric.SecretKeyStateImpl (SecretKeyStateImpl.java:updateKeysInternal(128)) - Current key updated SecretKey(id = 20742189-ddb6-44c8-830f-752a3bae7bdb, creation at: 2024-07-10T07:23:27.061Z, expire at: 2024-07-10T07:23:30.061Z)
2024-07-10 07:23:27,072 [d38ec341-43ec-4d2c-a000-6eddcfc2f96f@group-C5585A39A1B5-StateMachineUpdater] INFO  symmetric.LocalSecretKeyStore (LocalSecretKeyStore.java:save(109)) - Saved [SecretKey(id = 20742189-ddb6-44c8-830f-752a3bae7bdb, creation at: 2024-07-10T07:23:27.061Z, expire at: 2024-07-10T07:23:30.061Z), SecretKey(id = d37e69df-d79b-4b07-b27c-bc89dd616af5, creation at: 2024-07-10T07:23:26.061Z, expire at: 2024-07-10T07:23:29.061Z), SecretKey(id = 778f8783-5882-4fb8-9e2c-0b8e26535ab6, creation at: 2024-07-10T07:23:24.964Z, expire at: 2024-07-10T07:23:27.964Z)] to file /home/runner/work/ozone/ozone/hadoop-ozone/integration-test/target/test-dir/MiniOzoneClusterImpl-e3afc6b0-d37c-4e66-a691-c5585a39a1b5/scmNode-1/scm/keys/secret_keys.json
2024-07-10 07:23:27,072 [d38ec341-43ec-4d2c-a000-6eddcfc2f96f@group-C5585A39A1B5-StateMachineUpdater] INFO  safemode.HealthyPipelineSafeModeRule (HealthyPipelineSafeModeRule.java:initializeRule(172)) - Refreshed total pipeline count is 0, healthy pipeline threshold count is 1
2024-07-10 07:23:27,075 [f259835d-d8e4-4f48-95e4-1e4b6d3ef0d5@group-C5585A39A1B5-SegmentedRaftLogWorker] INFO  segmented.SegmentedRaftLogWorker (SegmentedRaftLogWorker.java:execute(637)) - f259835d-d8e4-4f48-95e4-1e4b6d3ef0d5@group-C5585A39A1B5-SegmentedRaftLogWorker: created new log segment /home/runner/work/ozone/ozone/hadoop-ozone/integration-test/target/test-dir/MiniOzoneClusterImpl-e3afc6b0-d37c-4e66-a691-c5585a39a1b5/scmNode-3/scm-ha/e3afc6b0-d37c-4e66-a691-c5585a39a1b5/current/log_inprogress_29
2024-07-10 07:23:27,076 [8b0090bf-277f-4b89-9ec7-80a6dcff705a@group-C5585A39A1B5-StateMachineUpdater] INFO  symmetric.SecretKeyStateImpl (SecretKeyStateImpl.java:updateKeysInternal(113)) - Updating keys with [SecretKey(id = d37e69df-d79b-4b07-b27c-bc89dd616af5, creation at: 2024-07-10T07:23:26.061Z, expire at: 2024-07-10T07:23:29.061Z), SecretKey(id = 778f8783-5882-4fb8-9e2c-0b8e26535ab6, creation at: 2024-07-10T07:23:24.964Z, expire at: 2024-07-10T07:23:27.964Z), SecretKey(id = 20742189-ddb6-44c8-830f-752a3bae7bdb, creation at: 2024-07-10T07:23:27.061Z, expire at: 2024-07-10T07:23:30.061Z)]
2024-07-10 07:23:27,076 [8b0090bf-277f-4b89-9ec7-80a6dcff705a@group-C5585A39A1B5-StateMachineUpdater] INFO  symmetric.SecretKeyStateImpl (SecretKeyStateImpl.java:updateKeysInternal(128)) - Current key updated SecretKey(id = 20742189-ddb6-44c8-830f-752a3bae7bdb, creation at: 2024-07-10T07:23:27.061Z, expire at: 2024-07-10T07:23:30.061Z)
2024-07-10 07:23:27,077 [8b0090bf-277f-4b89-9ec7-80a6dcff705a@group-C5585A39A1B5-StateMachineUpdater] INFO  symmetric.LocalSecretKeyStore (LocalSecretKeyStore.java:save(109)) - Saved [SecretKey(id = 20742189-ddb6-44c8-830f-752a3bae7bdb, creation at: 2024-07-10T07:23:27.061Z, expire at: 2024-07-10T07:23:30.061Z), SecretKey(id = d37e69df-d79b-4b07-b27c-bc89dd616af5, creation at: 2024-07-10T07:23:26.061Z, expire at: 2024-07-10T07:23:29.061Z), SecretKey(id = 778f8783-5882-4fb8-9e2c-0b8e26535ab6, creation at: 2024-07-10T07:23:24.964Z, expire at: 2024-07-10T07:23:27.964Z)] to file /home/runner/work/ozone/ozone/hadoop-ozone/integration-test/target/test-dir/MiniOzoneClusterImpl-e3afc6b0-d37c-4e66-a691-c5585a39a1b5/scmNode-2/scm/keys/secret_keys.json
2024-07-10 07:23:27,077 [8b0090bf-277f-4b89-9ec7-80a6dcff705a@group-C5585A39A1B5-StateMachineUpdater] INFO  safemode.HealthyPipelineSafeModeRule (HealthyPipelineSafeModeRule.java:initializeRule(172)) - Refreshed total pipeline count is 0, healthy pipeline threshold count is 1
2024-07-10 07:23:27,079 [d38ec341-43ec-4d2c-a000-6eddcfc2f96f@group-C5585A39A1B5-LeaderStateImpl] INFO  server.RaftServer$Division (ServerState.java:setRaftConf(386)) - d38ec341-43ec-4d2c-a000-6eddcfc2f96f@group-C5585A39A1B5: set configuration conf: {index: 31, cur=peers:[8b0090bf-277f-4b89-9ec7-80a6dcff705a|localhost:15011, f259835d-d8e4-4f48-95e4-1e4b6d3ef0d5|localhost:15019, d38ec341-43ec-4d2c-a000-6eddcfc2f96f|localhost:15003]|listeners:[], old=peers:[8b0090bf-277f-4b89-9ec7-80a6dcff705a|localhost:15011, d38ec341-43ec-4d2c-a000-6eddcfc2f96f|localhost:15003]|listeners:[]}
2024-07-10 07:23:27,081 [8b0090bf-277f-4b89-9ec7-80a6dcff705a-server-thread2] INFO  server.RaftServer$Division (ServerState.java:setRaftConf(386)) - 8b0090bf-277f-4b89-9ec7-80a6dcff705a@group-C5585A39A1B5: set configuration conf: {index: 31, cur=peers:[8b0090bf-277f-4b89-9ec7-80a6dcff705a|localhost:15011, f259835d-d8e4-4f48-95e4-1e4b6d3ef0d5|localhost:15019, d38ec341-43ec-4d2c-a000-6eddcfc2f96f|localhost:15003]|listeners:[], old=peers:[8b0090bf-277f-4b89-9ec7-80a6dcff705a|localhost:15011, d38ec341-43ec-4d2c-a000-6eddcfc2f96f|localhost:15003]|listeners:[]}
2024-07-10 07:23:27,083 [f259835d-d8e4-4f48-95e4-1e4b6d3ef0d5-server-thread1] INFO  impl.RoleInfo (RoleInfo.java:updateAndGet(148)) - f259835d-d8e4-4f48-95e4-1e4b6d3ef0d5: start f259835d-d8e4-4f48-95e4-1e4b6d3ef0d5@group-C5585A39A1B5-FollowerState
2024-07-10 07:23:27,083 [f259835d-d8e4-4f48-95e4-1e4b6d3ef0d5-server-thread1] INFO  server.RaftServer$Division (ServerState.java:setRaftConf(386)) - f259835d-d8e4-4f48-95e4-1e4b6d3ef0d5@group-C5585A39A1B5: set configuration conf: {index: 31, cur=peers:[8b0090bf-277f-4b89-9ec7-80a6dcff705a|localhost:15011, f259835d-d8e4-4f48-95e4-1e4b6d3ef0d5|localhost:15019, d38ec341-43ec-4d2c-a000-6eddcfc2f96f|localhost:15003]|listeners:[], old=peers:[8b0090bf-277f-4b89-9ec7-80a6dcff705a|localhost:15011, d38ec341-43ec-4d2c-a000-6eddcfc2f96f|localhost:15003]|listeners:[]}
2024-07-10 07:23:27,084 [d38ec341-43ec-4d2c-a000-6eddcfc2f96f@group-C5585A39A1B5-LeaderStateImpl] INFO  server.RaftServer$Division (ServerState.java:setRaftConf(386)) - d38ec341-43ec-4d2c-a000-6eddcfc2f96f@group-C5585A39A1B5: set configuration conf: {index: 33, cur=peers:[8b0090bf-277f-4b89-9ec7-80a6dcff705a|localhost:15011, f259835d-d8e4-4f48-95e4-1e4b6d3ef0d5|localhost:15019, d38ec341-43ec-4d2c-a000-6eddcfc2f96f|localhost:15003]|listeners:[], old=null}
2024-07-10 07:23:27,086 [8b0090bf-277f-4b89-9ec7-80a6dcff705a-server-thread2] INFO  server.RaftServer$Division (ServerState.java:setRaftConf(386)) - 8b0090bf-277f-4b89-9ec7-80a6dcff705a@group-C5585A39A1B5: set configuration conf: {index: 33, cur=peers:[8b0090bf-277f-4b89-9ec7-80a6dcff705a|localhost:15011, f259835d-d8e4-4f48-95e4-1e4b6d3ef0d5|localhost:15019, d38ec341-43ec-4d2c-a000-6eddcfc2f96f|localhost:15003]|listeners:[], old=null}
2024-07-10 07:23:27,086 [f259835d-d8e4-4f48-95e4-1e4b6d3ef0d5-server-thread1] INFO  server.RaftServer$Division (ServerState.java:setRaftConf(386)) - f259835d-d8e4-4f48-95e4-1e4b6d3ef0d5@group-C5585A39A1B5: set configuration conf: {index: 33, cur=peers:[8b0090bf-277f-4b89-9ec7-80a6dcff705a|localhost:15011, f259835d-d8e4-4f48-95e4-1e4b6d3ef0d5|localhost:15019, d38ec341-43ec-4d2c-a000-6eddcfc2f96f|localhost:15003]|listeners:[], old=null}
2024-07-10 07:23:27,089 [IPC Server handler 0 on default port 15007] INFO  ha.SCMRatisServerImpl (SCMRatisServerImpl.java:addSCM(328)) - Successfully added new SCM: f259835d-d8e4-4f48-95e4-1e4b6d3ef0d5.
2024-07-10 07:23:27,090 [main] INFO  ha.SCMHAManagerImpl (SCMHAManagerImpl.java:start(140)) - Successfully added SCM scmNode-3 to group group-C5585A39A1B5:[8b0090bf-277f-4b89-9ec7-80a6dcff705a|localhost:15011, f259835d-d8e4-4f48-95e4-1e4b6d3ef0d5|localhost:15019, d38ec341-43ec-4d2c-a000-6eddcfc2f96f|localhost:15003]
2024-07-10 07:23:27,090 [main] INFO  ha.InterSCMGrpcService (InterSCMGrpcProtocolService.java:start(101)) - Starting SCM Grpc Service at port 15022
2024-07-10 07:23:27,090 [main] INFO  SCMHATransactionMonitor (BackgroundSCMService.java:start(65)) - Starting SCMHATransactionMonitor Service.
2024-07-10 07:23:27,095 [main] INFO  ha.SCMServiceManager (SCMServiceManager.java:register(42)) - Registering service SCMHATransactionMonitor.
2024-07-10 07:23:27,095 [main] INFO  SCMHATransactionMonitor (BackgroundSCMService.java:start(62)) - SCMHATransactionMonitor Service is already running, skip start.
2024-07-10 07:23:27,095 [main] INFO  impl.MetricsSystemImpl (MetricsSystemImpl.java:init(158)) - StorageContainerManager metrics system started (again)
2024-07-10 07:23:27,107 [main] INFO  server.SCMClientProtocolServer (SCMClientProtocolServer.java:start(204)) - RPC server for Client  is listening at /0.0.0.0:15021
2024-07-10 07:23:27,108 [IPC Server Responder] INFO  ipc.Server (Server.java:run(1562)) - IPC Server Responder: starting
2024-07-10 07:23:27,108 [IPC Server listener on 15021] INFO  ipc.Server (Server.java:run(1402)) - IPC Server listener on 15021: starting
2024-07-10 07:23:27,119 [main] INFO  server.StorageContainerManager (StorageContainerManager.java:start(1551)) - ScmBlockLocationProtocol RPC server is listening at /0.0.0.0:15023
2024-07-10 07:23:27,119 [main] INFO  server.SCMBlockProtocolServer (SCMBlockProtocolServer.java:start(167)) - RPC server for Block Protocol is listening at /0.0.0.0:15023
2024-07-10 07:23:27,120 [IPC Server Responder] INFO  ipc.Server (Server.java:run(1562)) - IPC Server Responder: starting
2024-07-10 07:23:27,121 [IPC Server listener on 15023] INFO  ipc.Server (Server.java:run(1402)) - IPC Server listener on 15023: starting
2024-07-10 07:23:27,124 [f259835d-d8e4-4f48-95e4-1e4b6d3ef0d5@group-C5585A39A1B5-StateMachineUpdater] INFO  ha.SCMHAManagerImpl (SCMHAManagerImpl.java:installCheckpoint(288)) - Installing checkpoint with SCMTransactionInfo 2#28
2024-07-10 07:23:27,132 [f259835d-d8e4-4f48-95e4-1e4b6d3ef0d5@group-C5585A39A1B5-StateMachineUpdater] INFO  ha.SCMHAManagerImpl (SCMHAManagerImpl.java:installCheckpoint(327)) - Replaced DB with checkpoint, term: 2, index: 28
2024-07-10 07:23:27,132 [f259835d-d8e4-4f48-95e4-1e4b6d3ef0d5@group-C5585A39A1B5-StateMachineUpdater] WARN  utils.HAUtils (HAUtils.java:getMetaDir(339)) - ozone.scm.db.dirs is not configured. We recommend adding this setting. Falling back to ozone.metadata.dirs instead.
2024-07-10 07:23:27,134 [f259835d-d8e4-4f48-95e4-1e4b6d3ef0d5@group-C5585A39A1B5-StateMachineUpdater] WARN  db.DBStoreBuilder (DBStoreBuilder.java:applyDBDefinition(171)) - ozone.scm.db.dirs is not configured. We recommend adding this setting. Falling back to ozone.metadata.dirs instead.
2024-07-10 07:23:27,139 [main] INFO  server.SCMSecurityProtocolServer (SCMSecurityProtocolServer.java:start(504)) - Starting RPC server for SCMSecurityProtocolServer. is listening at /0.0.0.0:15018
2024-07-10 07:23:27,140 [IPC Server Responder] INFO  ipc.Server (Server.java:run(1562)) - IPC Server Responder: starting
2024-07-10 07:23:27,140 [IPC Server listener on 15018] INFO  ipc.Server (Server.java:run(1402)) - IPC Server listener on 15018: starting
2024-07-10 07:23:27,147 [Socket Reader #1 for port 15002] INFO  ipc.Server (Server.java:saslProcess(2139)) - Auth successful for scm/fv-az1386-216.klszfsxs10seni2gsqlth152tc.dx.internal.cloudapp.net@EXAMPLE.COM (auth:KERBEROS) from fv-az1386-216.klszfsxs10seni2gsqlth152tc.dx.internal.cloudapp.net:45115 / 10.1.0.19:45115
2024-07-10 07:23:27,155 [Socket Reader #1 for port 15002] INFO  authorize.ServiceAuthorizationManager (ServiceAuthorizationManager.java:authorize(137)) - Authorization successful for scm/fv-az1386-216.klszfsxs10seni2gsqlth152tc.dx.internal.cloudapp.net@EXAMPLE.COM (auth:KERBEROS) for protocol=interface org.apache.hadoop.hdds.protocol.SCMSecurityProtocol
2024-07-10 07:23:27,165 [main] INFO  impl.DefaultInternalKdcServerImpl (DefaultInternalKdcServerImpl.java:doStop(102)) - Default Internal kdc server stopped.
2024-07-10 07:23:27,183 [f259835d-d8e4-4f48-95e4-1e4b6d3ef0d5@group-C5585A39A1B5-StateMachineUpdater] INFO  ha.SequenceIdGenerator (SequenceIdGenerator.java:reinitialize(185)) - reinitialize SequenceIdGenerator.
2024-07-10 07:23:27,184 [f259835d-d8e4-4f48-95e4-1e4b6d3ef0d5@group-C5585A39A1B5-StateMachineUpdater] INFO  pipeline.PipelineStateManagerImpl (PipelineStateManagerImpl.java:initialize(78)) - No pipeline exists in current db
2024-07-10 07:23:27,184 [f259835d-d8e4-4f48-95e4-1e4b6d3ef0d5@group-C5585A39A1B5-StateMachineUpdater] INFO  ha.SCMHAManagerImpl (SCMHAManagerImpl.java:installCheckpoint(342)) - Reloaded SCM state with Term: 2 and Index: 28
2024-07-10 07:23:27,185 [f259835d-d8e4-4f48-95e4-1e4b6d3ef0d5@group-C5585A39A1B5-StateMachineUpdater] INFO  symmetric.SecretKeyStateImpl (SecretKeyStateImpl.java:updateKeysInternal(113)) - Updating keys with [SecretKey(id = d37e69df-d79b-4b07-b27c-bc89dd616af5, creation at: 2024-07-10T07:23:26.061Z, expire at: 2024-07-10T07:23:29.061Z), SecretKey(id = 778f8783-5882-4fb8-9e2c-0b8e26535ab6, creation at: 2024-07-10T07:23:24.964Z, expire at: 2024-07-10T07:23:27.964Z), SecretKey(id = c0c1d7fb-2adb-4ddf-9e48-e51d45f11d5f, creation at: 2024-07-10T07:23:23.961Z, expire at: 2024-07-10T07:23:26.961Z)]
2024-07-10 07:23:27,185 [f259835d-d8e4-4f48-95e4-1e4b6d3ef0d5@group-C5585A39A1B5-StateMachineUpdater] INFO  symmetric.SecretKeyStateImpl (SecretKeyStateImpl.java:updateKeysInternal(128)) - Current key updated SecretKey(id = d37e69df-d79b-4b07-b27c-bc89dd616af5, creation at: 2024-07-10T07:23:26.061Z, expire at: 2024-07-10T07:23:29.061Z)
2024-07-10 07:23:27,188 [f259835d-d8e4-4f48-95e4-1e4b6d3ef0d5@group-C5585A39A1B5-StateMachineUpdater] INFO  symmetric.LocalSecretKeyStore (LocalSecretKeyStore.java:save(109)) - Saved [SecretKey(id = d37e69df-d79b-4b07-b27c-bc89dd616af5, creation at: 2024-07-10T07:23:26.061Z, expire at: 2024-07-10T07:23:29.061Z), SecretKey(id = 778f8783-5882-4fb8-9e2c-0b8e26535ab6, creation at: 2024-07-10T07:23:24.964Z, expire at: 2024-07-10T07:23:27.964Z), SecretKey(id = c0c1d7fb-2adb-4ddf-9e48-e51d45f11d5f, creation at: 2024-07-10T07:23:23.961Z, expire at: 2024-07-10T07:23:26.961Z)] to file /home/runner/work/ozone/ozone/hadoop-ozone/integration-test/target/test-dir/MiniOzoneClusterImpl-e3afc6b0-d37c-4e66-a691-c5585a39a1b5/scmNode-3/scm/keys/secret_keys.json
2024-07-10 07:23:27,188 [f259835d-d8e4-4f48-95e4-1e4b6d3ef0d5@group-C5585A39A1B5-StateMachineUpdater] INFO  impl.StateMachineUpdater (StateMachineUpdater.java:lambda$new$0(102)) - f259835d-d8e4-4f48-95e4-1e4b6d3ef0d5@group-C5585A39A1B5-StateMachineUpdater: snapshotIndex: setUnconditionally -1 -> 28
2024-07-10 07:23:27,188 [f259835d-d8e4-4f48-95e4-1e4b6d3ef0d5@group-C5585A39A1B5-StateMachineUpdater] INFO  impl.StateMachineUpdater (StateMachineUpdater.java:lambda$new$0(102)) - f259835d-d8e4-4f48-95e4-1e4b6d3ef0d5@group-C5585A39A1B5-StateMachineUpdater: appliedIndex: setUnconditionally -1 -> 28
2024-07-10 07:23:27,189 [f259835d-d8e4-4f48-95e4-1e4b6d3ef0d5@group-C5585A39A1B5-StateMachineUpdater] INFO  symmetric.SecretKeyStateImpl (SecretKeyStateImpl.java:updateKeysInternal(113)) - Updating keys with [SecretKey(id = d37e69df-d79b-4b07-b27c-bc89dd616af5, creation at: 2024-07-10T07:23:26.061Z, expire at: 2024-07-10T07:23:29.061Z), SecretKey(id = 778f8783-5882-4fb8-9e2c-0b8e26535ab6, creation at: 2024-07-10T07:23:24.964Z, expire at: 2024-07-10T07:23:27.964Z), SecretKey(id = 20742189-ddb6-44c8-830f-752a3bae7bdb, creation at: 2024-07-10T07:23:27.061Z, expire at: 2024-07-10T07:23:30.061Z)]
2024-07-10 07:23:27,189 [f259835d-d8e4-4f48-95e4-1e4b6d3ef0d5@group-C5585A39A1B5-StateMachineUpdater] INFO  symmetric.SecretKeyStateImpl (SecretKeyStateImpl.java:updateKeysInternal(128)) - Current key updated SecretKey(id = 20742189-ddb6-44c8-830f-752a3bae7bdb, creation at: 2024-07-10T07:23:27.061Z, expire at: 2024-07-10T07:23:30.061Z)
2024-07-10 07:23:27,189 [f259835d-d8e4-4f48-95e4-1e4b6d3ef0d5@group-C5585A39A1B5-StateMachineUpdater] INFO  symmetric.LocalSecretKeyStore (LocalSecretKeyStore.java:save(109)) - Saved [SecretKey(id = 20742189-ddb6-44c8-830f-752a3bae7bdb, creation at: 2024-07-10T07:23:27.061Z, expire at: 2024-07-10T07:23:30.061Z), SecretKey(id = d37e69df-d79b-4b07-b27c-bc89dd616af5, creation at: 2024-07-10T07:23:26.061Z, expire at: 2024-07-10T07:23:29.061Z), SecretKey(id = 778f8783-5882-4fb8-9e2c-0b8e26535ab6, creation at: 2024-07-10T07:23:24.964Z, expire at: 2024-07-10T07:23:27.964Z)] to file /home/runner/work/ozone/ozone/hadoop-ozone/integration-test/target/test-dir/MiniOzoneClusterImpl-e3afc6b0-d37c-4e66-a691-c5585a39a1b5/scmNode-3/scm/keys/secret_keys.json
2024-07-10 07:23:27,190 [f259835d-d8e4-4f48-95e4-1e4b6d3ef0d5@group-C5585A39A1B5-StateMachineUpdater] INFO  safemode.HealthyPipelineSafeModeRule (HealthyPipelineSafeModeRule.java:initializeRule(172)) - Refreshed total pipeline count is 0, healthy pipeline threshold count is 1
2024-07-10 07:23:27,190 [f259835d-d8e4-4f48-95e4-1e4b6d3ef0d5@group-C5585A39A1B5-StateMachineUpdater] INFO  safemode.ContainerSafeModeRule (ContainerSafeModeRule.java:reInitializeRule(191)) - Refreshed one replica container threshold 0, currentThreshold 0
2024-07-10 07:23:27,190 [f259835d-d8e4-4f48-95e4-1e4b6d3ef0d5@group-C5585A39A1B5-StateMachineUpdater] INFO  safemode.OneReplicaPipelineSafeModeRule (OneReplicaPipelineSafeModeRule.java:initializeRule(189)) - Refreshed Total pipeline count is 0, pipeline's with at least one datanode reported threshold count is 0
2024-07-10 07:23:27,190 [f259835d-d8e4-4f48-95e4-1e4b6d3ef0d5@group-C5585A39A1B5-StateMachineUpdater] INFO  server.SCMDatanodeProtocolServer (SCMDatanodeProtocolServer.java:start(194)) - ScmDatanodeProtocol RPC server for DataNodes is listening at /0.0.0.0:15020
2024-07-10 07:23:27,194 [IPC Server listener on 15020] INFO  ipc.Server (Server.java:run(1402)) - IPC Server listener on 15020: starting
2024-07-10 07:23:27,194 [IPC Server Responder] INFO  ipc.Server (Server.java:run(1562)) - IPC Server Responder: starting
2024-07-10 07:23:28,062 [scmNode-1-SecretKeyManagerService] INFO  symmetric.SecretKeyManager (SecretKeyManager.java:checkAndRotate(125)) - SecretKey rotation is happening, new key generated SecretKey(id = 151900ee-04a6-4d6f-aff8-3a9ca3146375, creation at: 2024-07-10T07:23:28.061885752Z, expire at: 2024-07-10T07:23:31.061885752Z)
2024-07-10 07:23:28,066 [d38ec341-43ec-4d2c-a000-6eddcfc2f96f@group-C5585A39A1B5-StateMachineUpdater] INFO  symmetric.SecretKeyStateImpl (SecretKeyStateImpl.java:updateKeysInternal(113)) - Updating keys with [SecretKey(id = 20742189-ddb6-44c8-830f-752a3bae7bdb, creation at: 2024-07-10T07:23:27.061Z, expire at: 2024-07-10T07:23:30.061Z), SecretKey(id = d37e69df-d79b-4b07-b27c-bc89dd616af5, creation at: 2024-07-10T07:23:26.061Z, expire at: 2024-07-10T07:23:29.061Z), SecretKey(id = 151900ee-04a6-4d6f-aff8-3a9ca3146375, creation at: 2024-07-10T07:23:28.061Z, expire at: 2024-07-10T07:23:31.061Z)]
2024-07-10 07:23:28,067 [d38ec341-43ec-4d2c-a000-6eddcfc2f96f@group-C5585A39A1B5-StateMachineUpdater] INFO  symmetric.SecretKeyStateImpl (SecretKeyStateImpl.java:updateKeysInternal(128)) - Current key updated SecretKey(id = 151900ee-04a6-4d6f-aff8-3a9ca3146375, creation at: 2024-07-10T07:23:28.061Z, expire at: 2024-07-10T07:23:31.061Z)
2024-07-10 07:23:28,067 [d38ec341-43ec-4d2c-a000-6eddcfc2f96f@group-C5585A39A1B5-StateMachineUpdater] INFO  symmetric.LocalSecretKeyStore (LocalSecretKeyStore.java:save(109)) - Saved [SecretKey(id = 151900ee-04a6-4d6f-aff8-3a9ca3146375, creation at: 2024-07-10T07:23:28.061Z, expire at: 2024-07-10T07:23:31.061Z), SecretKey(id = 20742189-ddb6-44c8-830f-752a3bae7bdb, creation at: 2024-07-10T07:23:27.061Z, expire at: 2024-07-10T07:23:30.061Z), SecretKey(id = d37e69df-d79b-4b07-b27c-bc89dd616af5, creation at: 2024-07-10T07:23:26.061Z, expire at: 2024-07-10T07:23:29.061Z)] to file /home/runner/work/ozone/ozone/hadoop-ozone/integration-test/target/test-dir/MiniOzoneClusterImpl-e3afc6b0-d37c-4e66-a691-c5585a39a1b5/scmNode-1/scm/keys/secret_keys.json
2024-07-10 07:23:28,067 [d38ec341-43ec-4d2c-a000-6eddcfc2f96f@group-C5585A39A1B5-StateMachineUpdater] INFO  safemode.HealthyPipelineSafeModeRule (HealthyPipelineSafeModeRule.java:initializeRule(172)) - Refreshed total pipeline count is 0, healthy pipeline threshold count is 1
2024-07-10 07:23:28,069 [f259835d-d8e4-4f48-95e4-1e4b6d3ef0d5@group-C5585A39A1B5-StateMachineUpdater] INFO  symmetric.SecretKeyStateImpl (SecretKeyStateImpl.java:updateKeysInternal(113)) - Updating keys with [SecretKey(id = 20742189-ddb6-44c8-830f-752a3bae7bdb, creation at: 2024-07-10T07:23:27.061Z, expire at: 2024-07-10T07:23:30.061Z), SecretKey(id = d37e69df-d79b-4b07-b27c-bc89dd616af5, creation at: 2024-07-10T07:23:26.061Z, expire at: 2024-07-10T07:23:29.061Z), SecretKey(id = 151900ee-04a6-4d6f-aff8-3a9ca3146375, creation at: 2024-07-10T07:23:28.061Z, expire at: 2024-07-10T07:23:31.061Z)]
2024-07-10 07:23:28,069 [f259835d-d8e4-4f48-95e4-1e4b6d3ef0d5@group-C5585A39A1B5-StateMachineUpdater] INFO  symmetric.SecretKeyStateImpl (SecretKeyStateImpl.java:updateKeysInternal(128)) - Current key updated SecretKey(id = 151900ee-04a6-4d6f-aff8-3a9ca3146375, creation at: 2024-07-10T07:23:28.061Z, expire at: 2024-07-10T07:23:31.061Z)
2024-07-10 07:23:28,069 [8b0090bf-277f-4b89-9ec7-80a6dcff705a@group-C5585A39A1B5-StateMachineUpdater] INFO  symmetric.SecretKeyStateImpl (SecretKeyStateImpl.java:updateKeysInternal(113)) - Updating keys with [SecretKey(id = 20742189-ddb6-44c8-830f-752a3bae7bdb, creation at: 2024-07-10T07:23:27.061Z, expire at: 2024-07-10T07:23:30.061Z), SecretKey(id = d37e69df-d79b-4b07-b27c-bc89dd616af5, creation at: 2024-07-10T07:23:26.061Z, expire at: 2024-07-10T07:23:29.061Z), SecretKey(id = 151900ee-04a6-4d6f-aff8-3a9ca3146375, creation at: 2024-07-10T07:23:28.061Z, expire at: 2024-07-10T07:23:31.061Z)]
2024-07-10 07:23:28,069 [8b0090bf-277f-4b89-9ec7-80a6dcff705a@group-C5585A39A1B5-StateMachineUpdater] INFO  symmetric.SecretKeyStateImpl (SecretKeyStateImpl.java:updateKeysInternal(128)) - Current key updated SecretKey(id = 151900ee-04a6-4d6f-aff8-3a9ca3146375, creation at: 2024-07-10T07:23:28.061Z, expire at: 2024-07-10T07:23:31.061Z)
2024-07-10 07:23:28,070 [f259835d-d8e4-4f48-95e4-1e4b6d3ef0d5@group-C5585A39A1B5-StateMachineUpdater] INFO  symmetric.LocalSecretKeyStore (LocalSecretKeyStore.java:save(109)) - Saved [SecretKey(id = 151900ee-04a6-4d6f-aff8-3a9ca3146375, creation at: 2024-07-10T07:23:28.061Z, expire at: 2024-07-10T07:23:31.061Z), SecretKey(id = 20742189-ddb6-44c8-830f-752a3bae7bdb, creation at: 2024-07-10T07:23:27.061Z, expire at: 2024-07-10T07:23:30.061Z), SecretKey(id = d37e69df-d79b-4b07-b27c-bc89dd616af5, creation at: 2024-07-10T07:23:26.061Z, expire at: 2024-07-10T07:23:29.061Z)] to file /home/runner/work/ozone/ozone/hadoop-ozone/integration-test/target/test-dir/MiniOzoneClusterImpl-e3afc6b0-d37c-4e66-a691-c5585a39a1b5/scmNode-3/scm/keys/secret_keys.json
2024-07-10 07:23:28,070 [f259835d-d8e4-4f48-95e4-1e4b6d3ef0d5@group-C5585A39A1B5-StateMachineUpdater] INFO  safemode.HealthyPipelineSafeModeRule (HealthyPipelineSafeModeRule.java:initializeRule(172)) - Refreshed total pipeline count is 0, healthy pipeline threshold count is 1
2024-07-10 07:23:28,070 [f259835d-d8e4-4f48-95e4-1e4b6d3ef0d5@group-C5585A39A1B5-StateMachineUpdater] INFO  safemode.SCMSafeModeManager (SCMSafeModeManager.java:validateSafeModeExitRules(203)) - ContainerSafeModeRule rule is successfully validated
2024-07-10 07:23:28,070 [f259835d-d8e4-4f48-95e4-1e4b6d3ef0d5@group-C5585A39A1B5-StateMachineUpdater] INFO  safemode.SCMSafeModeManager (SCMSafeModeManager.java:validateSafeModeExitRules(203)) - AtleastOneDatanodeReportedRule rule is successfully validated
2024-07-10 07:23:28,070 [8b0090bf-277f-4b89-9ec7-80a6dcff705a@group-C5585A39A1B5-StateMachineUpdater] INFO  symmetric.LocalSecretKeyStore (LocalSecretKeyStore.java:save(109)) - Saved [SecretKey(id = 151900ee-04a6-4d6f-aff8-3a9ca3146375, creation at: 2024-07-10T07:23:28.061Z, expire at: 2024-07-10T07:23:31.061Z), SecretKey(id = 20742189-ddb6-44c8-830f-752a3bae7bdb, creation at: 2024-07-10T07:23:27.061Z, expire at: 2024-07-10T07:23:30.061Z), SecretKey(id = d37e69df-d79b-4b07-b27c-bc89dd616af5, creation at: 2024-07-10T07:23:26.061Z, expire at: 2024-07-10T07:23:29.061Z)] to file /home/runner/work/ozone/ozone/hadoop-ozone/integration-test/target/test-dir/MiniOzoneClusterImpl-e3afc6b0-d37c-4e66-a691-c5585a39a1b5/scmNode-2/scm/keys/secret_keys.json
2024-07-10 07:23:28,070 [8b0090bf-277f-4b89-9ec7-80a6dcff705a@group-C5585A39A1B5-StateMachineUpdater] INFO  safemode.HealthyPipelineSafeModeRule (HealthyPipelineSafeModeRule.java:initializeRule(172)) - Refreshed total pipeline count is 0, healthy pipeline threshold count is 1
2024-07-10 07:23:28,165 [main] INFO  minikdc.MiniKdc (MiniKdc.java:stop(359)) - MiniKdc stopped.
]]></system-out>
  </testcase>
  <testcase name="testSecretKeyApiNotEnabled" classname="org.apache.hadoop.hdds.scm.TestSecretKeysApi" time="33.687"/>
  <testcase name="testSecretKeyWithoutAuthorization" classname="org.apache.hadoop.hdds.scm.TestSecretKeysApi" time="32.78"/>
  <testcase name="testSecretKeyAfterSCMFailover" classname="org.apache.hadoop.hdds.scm.TestSecretKeysApi" time="55.347"/>
</testsuite>